[I 2024-12-26 10:37:00,366] Trial 1606 finished with value: 0.01332829799503088 and parameters: {'L1_hidden_dim': 176, 'L1_layers_atom': 4, 'L1_layers_mol': 3, 'L1_dropout': 0.021509640104581673, 'L1_out_dim': 48, 'L2_hidden_dim': 208, 'L2_layers_atom': 1, 'L2_layers_mol': 3, 'L2_out_dim': 128, 'L2_dropout': 0.019634239102441615, 'L3_hidden_dim': 80, 'L3_layers_atom': 3, 'L3_layers_mol': 1, 'L3_out_dim': 128, 'L3_dropout': 0.08699609339539327, 'n_mlp_layers': 2, 'mlp_dim_0': 168, 'mlp_dim_1': 256, 'num_heads': 1, 'final_dropout': 0.09016126510167277, 'train_learning_rate': 0.00018838483429151653, 'train_lr_reduce': 0.6}. Best is trial 1073 with value: 0.009419886395335197.
[I 2024-12-26 10:37:40,187] Trial 1607 finished with value: 0.013065129518508911 and parameters: {'L1_hidden_dim': 160, 'L1_layers_atom': 1, 'L1_layers_mol': 2, 'L1_dropout': 0.1371650240007929, 'L1_out_dim': 32, 'L2_hidden_dim': 160, 'L2_layers_atom': 1, 'L2_layers_mol': 1, 'L2_out_dim': 96, 'L2_dropout': 0.03659854798510041, 'L3_hidden_dim': 96, 'L3_layers_atom': 4, 'L3_layers_mol': 2, 'L3_out_dim': 112, 'L3_dropout': 0.06456231988748903, 'n_mlp_layers': 2, 'mlp_dim_0': 240, 'mlp_dim_1': 184, 'num_heads': 2, 'final_dropout': 8.859343858751839e-05, 'train_learning_rate': 0.00037488836244187093, 'train_lr_reduce': 0.6}. Best is trial 1073 with value: 0.009419886395335197.
[I 2024-12-26 10:39:21,471] Trial 1609 finished with value: 0.019000167027115822 and parameters: {'L1_hidden_dim': 128, 'L1_layers_atom': 3, 'L1_layers_mol': 2, 'L1_dropout': 0.07052770292802088, 'L1_out_dim': 48, 'L2_hidden_dim': 176, 'L2_layers_atom': 1, 'L2_layers_mol': 3, 'L2_out_dim': 96, 'L2_dropout': 0.0830556451496107, 'L3_hidden_dim': 112, 'L3_layers_atom': 4, 'L3_layers_mol': 1, 'L3_out_dim': 128, 'L3_dropout': 0.12110134382120069, 'n_mlp_layers': 3, 'mlp_dim_0': 464, 'mlp_dim_1': 208, 'mlp_dim_2': 360, 'num_heads': 2, 'final_dropout': 0.229695168732533, 'train_learning_rate': 0.00017143061476491834, 'train_lr_reduce': 0.6}. Best is trial 1073 with value: 0.009419886395335197.
[I 2024-12-26 10:39:40,333] Trial 1608 finished with value: 0.016851656138896942 and parameters: {'L1_hidden_dim': 256, 'L1_layers_atom': 3, 'L1_layers_mol': 1, 'L1_dropout': 0.041696490585741985, 'L1_out_dim': 80, 'L2_hidden_dim': 224, 'L2_layers_atom': 2, 'L2_layers_mol': 2, 'L2_out_dim': 80, 'L2_dropout': 0.08107352306779482, 'L3_hidden_dim': 64, 'L3_layers_atom': 2, 'L3_layers_mol': 2, 'L3_out_dim': 96, 'L3_dropout': 0.1424920606752918, 'n_mlp_layers': 3, 'mlp_dim_0': 408, 'mlp_dim_1': 264, 'mlp_dim_2': 360, 'num_heads': 2, 'final_dropout': 0.09004601706240438, 'train_learning_rate': 0.0001363722203574729, 'train_lr_reduce': 0.6}. Best is trial 1073 with value: 0.009419886395335197.
[I 2024-12-26 10:40:54,787] Trial 1610 finished with value: 0.010402749292552471 and parameters: {'L1_hidden_dim': 160, 'L1_layers_atom': 2, 'L1_layers_mol': 4, 'L1_dropout': 0.010348029103694697, 'L1_out_dim': 128, 'L2_hidden_dim': 240, 'L2_layers_atom': 1, 'L2_layers_mol': 4, 'L2_out_dim': 64, 'L2_dropout': 0.012787169007268648, 'L3_hidden_dim': 80, 'L3_layers_atom': 4, 'L3_layers_mol': 2, 'L3_out_dim': 80, 'L3_dropout': 0.06314234695573884, 'n_mlp_layers': 3, 'mlp_dim_0': 144, 'mlp_dim_1': 264, 'mlp_dim_2': 352, 'num_heads': 2, 'final_dropout': 0.2085422193794925, 'train_learning_rate': 0.00035678031447199115, 'train_lr_reduce': 0.6}. Best is trial 1073 with value: 0.009419886395335197.
[I 2024-12-26 10:41:57,720] Trial 1611 finished with value: 0.0281545277684927 and parameters: {'L1_hidden_dim': 112, 'L1_layers_atom': 1, 'L1_layers_mol': 3, 'L1_dropout': 0.14636739589144643, 'L1_out_dim': 48, 'L2_hidden_dim': 144, 'L2_layers_atom': 1, 'L2_layers_mol': 1, 'L2_out_dim': 128, 'L2_dropout': 0.1611928934480887, 'L3_hidden_dim': 112, 'L3_layers_atom': 4, 'L3_layers_mol': 1, 'L3_out_dim': 80, 'L3_dropout': 0.015365200962236057, 'n_mlp_layers': 3, 'mlp_dim_0': 400, 'mlp_dim_1': 200, 'mlp_dim_2': 416, 'num_heads': 2, 'final_dropout': 0.04371963164482336, 'train_learning_rate': 0.00016431066215158682, 'train_lr_reduce': 0.6}. Best is trial 1073 with value: 0.009419886395335197.
[I 2024-12-26 10:42:56,657] Trial 1612 finished with value: 0.014655030332505703 and parameters: {'L1_hidden_dim': 96, 'L1_layers_atom': 2, 'L1_layers_mol': 3, 'L1_dropout': 0.03128620552492429, 'L1_out_dim': 96, 'L2_hidden_dim': 240, 'L2_layers_atom': 2, 'L2_layers_mol': 4, 'L2_out_dim': 112, 'L2_dropout': 0.04152029155736753, 'L3_hidden_dim': 96, 'L3_layers_atom': 4, 'L3_layers_mol': 1, 'L3_out_dim': 112, 'L3_dropout': 0.02882613858819259, 'n_mlp_layers': 3, 'mlp_dim_0': 368, 'mlp_dim_1': 248, 'mlp_dim_2': 368, 'num_heads': 2, 'final_dropout': 0.13298382613948218, 'train_learning_rate': 0.00017228697340892932, 'train_lr_reduce': 0.6}. Best is trial 1073 with value: 0.009419886395335197.
[I 2024-12-26 10:43:56,417] Trial 1613 finished with value: 0.014099681749939919 and parameters: {'L1_hidden_dim': 176, 'L1_layers_atom': 1, 'L1_layers_mol': 2, 'L1_dropout': 0.0485533426453061, 'L1_out_dim': 48, 'L2_hidden_dim': 64, 'L2_layers_atom': 1, 'L2_layers_mol': 1, 'L2_out_dim': 64, 'L2_dropout': 0.020947472954869265, 'L3_hidden_dim': 112, 'L3_layers_atom': 4, 'L3_layers_mol': 4, 'L3_out_dim': 96, 'L3_dropout': 0.20057268151449273, 'n_mlp_layers': 1, 'mlp_dim_0': 432, 'num_heads': 2, 'final_dropout': 0.29780943812097266, 'train_learning_rate': 0.000236965580214966, 'train_lr_reduce': 0.6}. Best is trial 1073 with value: 0.009419886395335197.
[I 2024-12-26 10:44:48,509] Trial 1614 finished with value: 0.011686716228723526 and parameters: {'L1_hidden_dim': 128, 'L1_layers_atom': 1, 'L1_layers_mol': 1, 'L1_dropout': 0.032929917681912044, 'L1_out_dim': 64, 'L2_hidden_dim': 144, 'L2_layers_atom': 1, 'L2_layers_mol': 2, 'L2_out_dim': 112, 'L2_dropout': 0.009425956607469758, 'L3_hidden_dim': 112, 'L3_layers_atom': 4, 'L3_layers_mol': 1, 'L3_out_dim': 80, 'L3_dropout': 0.10282768609008311, 'n_mlp_layers': 3, 'mlp_dim_0': 360, 'mlp_dim_1': 264, 'mlp_dim_2': 408, 'num_heads': 2, 'final_dropout': 0.013564100382555804, 'train_learning_rate': 0.00014841890337721585, 'train_lr_reduce': 0.6}. Best is trial 1073 with value: 0.009419886395335197.
[I 2024-12-26 10:45:14,603] Trial 1615 finished with value: 0.013521135784685612 and parameters: {'L1_hidden_dim': 80, 'L1_layers_atom': 4, 'L1_layers_mol': 1, 'L1_dropout': 0.040551329769973186, 'L1_out_dim': 48, 'L2_hidden_dim': 224, 'L2_layers_atom': 2, 'L2_layers_mol': 3, 'L2_out_dim': 128, 'L2_dropout': 0.03030982102012239, 'L3_hidden_dim': 112, 'L3_layers_atom': 3, 'L3_layers_mol': 1, 'L3_out_dim': 112, 'L3_dropout': 0.13439599875049232, 'n_mlp_layers': 2, 'mlp_dim_0': 280, 'mlp_dim_1': 192, 'num_heads': 1, 'final_dropout': 0.07775040717054467, 'train_learning_rate': 0.000495699222948802, 'train_lr_reduce': 0.6}. Best is trial 1073 with value: 0.009419886395335197.
[I 2024-12-26 10:46:20,701] Trial 1616 finished with value: 0.013750345446169376 and parameters: {'L1_hidden_dim': 112, 'L1_layers_atom': 1, 'L1_layers_mol': 1, 'L1_dropout': 0.07470244871019252, 'L1_out_dim': 80, 'L2_hidden_dim': 144, 'L2_layers_atom': 1, 'L2_layers_mol': 2, 'L2_out_dim': 112, 'L2_dropout': 0.032091183170985194, 'L3_hidden_dim': 64, 'L3_layers_atom': 4, 'L3_layers_mol': 2, 'L3_out_dim': 96, 'L3_dropout': 0.05304904698950656, 'n_mlp_layers': 3, 'mlp_dim_0': 224, 'mlp_dim_1': 264, 'mlp_dim_2': 432, 'num_heads': 2, 'final_dropout': 0.07084582526584085, 'train_learning_rate': 0.0001624926138500997, 'train_lr_reduce': 0.6}. Best is trial 1073 with value: 0.009419886395335197.
[I 2024-12-26 10:47:19,055] Trial 1618 finished with value: 0.010424759238958359 and parameters: {'L1_hidden_dim': 112, 'L1_layers_atom': 1, 'L1_layers_mol': 3, 'L1_dropout': 0.17305905736757132, 'L1_out_dim': 64, 'L2_hidden_dim': 128, 'L2_layers_atom': 1, 'L2_layers_mol': 2, 'L2_out_dim': 128, 'L2_dropout': 0.04828557349916256, 'L3_hidden_dim': 80, 'L3_layers_atom': 3, 'L3_layers_mol': 2, 'L3_out_dim': 128, 'L3_dropout': 0.028280712819109325, 'n_mlp_layers': 3, 'mlp_dim_0': 344, 'mlp_dim_1': 280, 'mlp_dim_2': 512, 'num_heads': 2, 'final_dropout': 0.034064645253047705, 'train_learning_rate': 0.0008828114936144024, 'train_lr_reduce': 0.6}. Best is trial 1073 with value: 0.009419886395335197.
[I 2024-12-26 10:47:39,544] Trial 1617 finished with value: 0.02616538479924202 and parameters: {'L1_hidden_dim': 192, 'L1_layers_atom': 3, 'L1_layers_mol': 2, 'L1_dropout': 0.07317644153061957, 'L1_out_dim': 48, 'L2_hidden_dim': 240, 'L2_layers_atom': 1, 'L2_layers_mol': 1, 'L2_out_dim': 128, 'L2_dropout': 0.0022383465611495444, 'L3_hidden_dim': 48, 'L3_layers_atom': 3, 'L3_layers_mol': 2, 'L3_out_dim': 112, 'L3_dropout': 0.035104091136472414, 'n_mlp_layers': 3, 'mlp_dim_0': 344, 'mlp_dim_1': 200, 'mlp_dim_2': 368, 'num_heads': 1, 'final_dropout': 0.194821832722618, 'train_learning_rate': 0.003153836979767537, 'train_lr_reduce': 0.6}. Best is trial 1073 with value: 0.009419886395335197.
[I 2024-12-26 10:49:42,809] Trial 1620 finished with value: 0.010704548098146915 and parameters: {'L1_hidden_dim': 224, 'L1_layers_atom': 4, 'L1_layers_mol': 3, 'L1_dropout': 0.0002614275087495265, 'L1_out_dim': 32, 'L2_hidden_dim': 224, 'L2_layers_atom': 1, 'L2_layers_mol': 2, 'L2_out_dim': 128, 'L2_dropout': 0.04818109392690017, 'L3_hidden_dim': 112, 'L3_layers_atom': 4, 'L3_layers_mol': 2, 'L3_out_dim': 112, 'L3_dropout': 0.29570776657847925, 'n_mlp_layers': 3, 'mlp_dim_0': 472, 'mlp_dim_1': 280, 'mlp_dim_2': 352, 'num_heads': 2, 'final_dropout': 0.07274484001156498, 'train_learning_rate': 0.0005016593471933316, 'train_lr_reduce': 0.6}. Best is trial 1073 with value: 0.009419886395335197.
[I 2024-12-26 10:51:12,571] Trial 1619 finished with value: 0.02123607136309147 and parameters: {'L1_hidden_dim': 80, 'L1_layers_atom': 3, 'L1_layers_mol': 3, 'L1_dropout': 0.014778197838392305, 'L1_out_dim': 64, 'L2_hidden_dim': 256, 'L2_layers_atom': 2, 'L2_layers_mol': 3, 'L2_out_dim': 96, 'L2_dropout': 0.024994073204864166, 'L3_hidden_dim': 64, 'L3_layers_atom': 3, 'L3_layers_mol': 1, 'L3_out_dim': 112, 'L3_dropout': 0.019497250900926966, 'n_mlp_layers': 3, 'mlp_dim_0': 456, 'mlp_dim_1': 232, 'mlp_dim_2': 464, 'num_heads': 2, 'final_dropout': 0.03767701287881342, 'train_learning_rate': 0.0032605656544966756, 'train_lr_reduce': 0.6}. Best is trial 1073 with value: 0.009419886395335197.
[I 2024-12-26 10:51:19,077] Trial 1621 finished with value: 0.018433010205626488 and parameters: {'L1_hidden_dim': 128, 'L1_layers_atom': 3, 'L1_layers_mol': 4, 'L1_dropout': 0.2099369024985817, 'L1_out_dim': 48, 'L2_hidden_dim': 224, 'L2_layers_atom': 3, 'L2_layers_mol': 4, 'L2_out_dim': 128, 'L2_dropout': 0.23517490475654534, 'L3_hidden_dim': 128, 'L3_layers_atom': 4, 'L3_layers_mol': 4, 'L3_out_dim': 112, 'L3_dropout': 0.012133023218371647, 'n_mlp_layers': 2, 'mlp_dim_0': 208, 'mlp_dim_1': 216, 'num_heads': 2, 'final_dropout': 0.026060572530217735, 'train_learning_rate': 0.001912997997638397, 'train_lr_reduce': 0.6}. Best is trial 1073 with value: 0.009419886395335197.
[I 2024-12-26 10:53:02,214] Trial 1622 finished with value: 0.012916467152535915 and parameters: {'L1_hidden_dim': 112, 'L1_layers_atom': 2, 'L1_layers_mol': 2, 'L1_dropout': 0.03890518592666873, 'L1_out_dim': 80, 'L2_hidden_dim': 144, 'L2_layers_atom': 1, 'L2_layers_mol': 2, 'L2_out_dim': 112, 'L2_dropout': 0.0577758898992172, 'L3_hidden_dim': 112, 'L3_layers_atom': 3, 'L3_layers_mol': 2, 'L3_out_dim': 112, 'L3_dropout': 0.03148071330356893, 'n_mlp_layers': 3, 'mlp_dim_0': 352, 'mlp_dim_1': 272, 'mlp_dim_2': 424, 'num_heads': 2, 'final_dropout': 0.028352675445238222, 'train_learning_rate': 0.00023755582416837647, 'train_lr_reduce': 0.6}. Best is trial 1073 with value: 0.009419886395335197.
[I 2024-12-26 10:54:09,205] Trial 1623 finished with value: 0.011705825105309486 and parameters: {'L1_hidden_dim': 128, 'L1_layers_atom': 4, 'L1_layers_mol': 2, 'L1_dropout': 0.07639708672578821, 'L1_out_dim': 96, 'L2_hidden_dim': 240, 'L2_layers_atom': 1, 'L2_layers_mol': 3, 'L2_out_dim': 96, 'L2_dropout': 0.0008997965991730944, 'L3_hidden_dim': 80, 'L3_layers_atom': 4, 'L3_layers_mol': 1, 'L3_out_dim': 128, 'L3_dropout': 0.07298340436891482, 'n_mlp_layers': 3, 'mlp_dim_0': 440, 'mlp_dim_1': 176, 'mlp_dim_2': 464, 'num_heads': 2, 'final_dropout': 0.10984201348954555, 'train_learning_rate': 0.0011262586700840325, 'train_lr_reduce': 0.6}. Best is trial 1073 with value: 0.009419886395335197.
[I 2024-12-26 10:54:19,675] Trial 1624 finished with value: 0.010473043657839298 and parameters: {'L1_hidden_dim': 128, 'L1_layers_atom': 3, 'L1_layers_mol': 2, 'L1_dropout': 2.086940173464183e-05, 'L1_out_dim': 32, 'L2_hidden_dim': 256, 'L2_layers_atom': 2, 'L2_layers_mol': 2, 'L2_out_dim': 112, 'L2_dropout': 0.05389774178848957, 'L3_hidden_dim': 64, 'L3_layers_atom': 3, 'L3_layers_mol': 1, 'L3_out_dim': 112, 'L3_dropout': 0.0009245536237486064, 'n_mlp_layers': 3, 'mlp_dim_0': 504, 'mlp_dim_1': 232, 'mlp_dim_2': 512, 'num_heads': 2, 'final_dropout': 0.09271606772446692, 'train_learning_rate': 0.00043374156844765735, 'train_lr_reduce': 0.6}. Best is trial 1073 with value: 0.009419886395335197.
[I 2024-12-26 10:55:42,788] Trial 1625 finished with value: 0.010838346555829048 and parameters: {'L1_hidden_dim': 128, 'L1_layers_atom': 2, 'L1_layers_mol': 3, 'L1_dropout': 0.005472959343156423, 'L1_out_dim': 64, 'L2_hidden_dim': 224, 'L2_layers_atom': 1, 'L2_layers_mol': 4, 'L2_out_dim': 128, 'L2_dropout': 0.03273953201004488, 'L3_hidden_dim': 64, 'L3_layers_atom': 4, 'L3_layers_mol': 1, 'L3_out_dim': 128, 'L3_dropout': 0.24660612217832822, 'n_mlp_layers': 3, 'mlp_dim_0': 336, 'mlp_dim_1': 272, 'mlp_dim_2': 344, 'num_heads': 2, 'final_dropout': 0.0993329757879614, 'train_learning_rate': 0.0005569737196500553, 'train_lr_reduce': 0.6}. Best is trial 1073 with value: 0.009419886395335197.
[I 2024-12-26 10:56:47,545] Trial 1626 finished with value: 0.010307135991752148 and parameters: {'L1_hidden_dim': 160, 'L1_layers_atom': 3, 'L1_layers_mol': 3, 'L1_dropout': 0.04199174068786521, 'L1_out_dim': 32, 'L2_hidden_dim': 176, 'L2_layers_atom': 1, 'L2_layers_mol': 2, 'L2_out_dim': 80, 'L2_dropout': 0.020638052288872718, 'L3_hidden_dim': 112, 'L3_layers_atom': 4, 'L3_layers_mol': 1, 'L3_out_dim': 128, 'L3_dropout': 0.13798365539294222, 'n_mlp_layers': 3, 'mlp_dim_0': 328, 'mlp_dim_1': 272, 'mlp_dim_2': 400, 'num_heads': 2, 'final_dropout': 0.26195329124484984, 'train_learning_rate': 0.0007727380829980048, 'train_lr_reduce': 0.6}. Best is trial 1073 with value: 0.009419886395335197.
[I 2024-12-26 10:56:50,144] Trial 1627 finished with value: 0.01319426391273737 and parameters: {'L1_hidden_dim': 208, 'L1_layers_atom': 4, 'L1_layers_mol': 4, 'L1_dropout': 0.03586438803173211, 'L1_out_dim': 32, 'L2_hidden_dim': 192, 'L2_layers_atom': 1, 'L2_layers_mol': 1, 'L2_out_dim': 128, 'L2_dropout': 0.04599665015421072, 'L3_hidden_dim': 64, 'L3_layers_atom': 2, 'L3_layers_mol': 1, 'L3_out_dim': 128, 'L3_dropout': 0.2510739908502679, 'n_mlp_layers': 3, 'mlp_dim_0': 472, 'mlp_dim_1': 232, 'mlp_dim_2': 464, 'num_heads': 1, 'final_dropout': 0.2003903744842511, 'train_learning_rate': 0.00017804062979840372, 'train_lr_reduce': 0.6}. Best is trial 1073 with value: 0.009419886395335197.
[I 2024-12-26 10:58:53,557] Trial 1629 finished with value: 0.013001145794987679 and parameters: {'L1_hidden_dim': 160, 'L1_layers_atom': 1, 'L1_layers_mol': 1, 'L1_dropout': 0.045286528856668826, 'L1_out_dim': 64, 'L2_hidden_dim': 208, 'L2_layers_atom': 1, 'L2_layers_mol': 1, 'L2_out_dim': 128, 'L2_dropout': 0.059375808124424626, 'L3_hidden_dim': 96, 'L3_layers_atom': 4, 'L3_layers_mol': 1, 'L3_out_dim': 128, 'L3_dropout': 0.12125969619226273, 'n_mlp_layers': 3, 'mlp_dim_0': 320, 'mlp_dim_1': 288, 'mlp_dim_2': 352, 'num_heads': 2, 'final_dropout': 0.006564902046199556, 'train_learning_rate': 0.00022331064212363652, 'train_lr_reduce': 0.6}. Best is trial 1073 with value: 0.009419886395335197.
[I 2024-12-26 10:58:54,444] Trial 1628 finished with value: 0.011213661171495914 and parameters: {'L1_hidden_dim': 128, 'L1_layers_atom': 2, 'L1_layers_mol': 1, 'L1_dropout': 0.047907022958620496, 'L1_out_dim': 64, 'L2_hidden_dim': 224, 'L2_layers_atom': 1, 'L2_layers_mol': 3, 'L2_out_dim': 112, 'L2_dropout': 0.030527071844416144, 'L3_hidden_dim': 64, 'L3_layers_atom': 4, 'L3_layers_mol': 1, 'L3_out_dim': 128, 'L3_dropout': 0.018336585676206028, 'n_mlp_layers': 3, 'mlp_dim_0': 504, 'mlp_dim_1': 192, 'mlp_dim_2': 424, 'num_heads': 2, 'final_dropout': 0.04020154851405581, 'train_learning_rate': 0.0009151632960175551, 'train_lr_reduce': 0.6}. Best is trial 1073 with value: 0.009419886395335197.
[I 2024-12-26 10:59:01,340] Trial 1630 finished with value: 0.011619489639997482 and parameters: {'L1_hidden_dim': 192, 'L1_layers_atom': 3, 'L1_layers_mol': 3, 'L1_dropout': 0.04888220284313559, 'L1_out_dim': 32, 'L2_hidden_dim': 128, 'L2_layers_atom': 1, 'L2_layers_mol': 4, 'L2_out_dim': 96, 'L2_dropout': 0.039784048477893394, 'L3_hidden_dim': 112, 'L3_layers_atom': 4, 'L3_layers_mol': 1, 'L3_out_dim': 112, 'L3_dropout': 0.2056831659429213, 'n_mlp_layers': 3, 'mlp_dim_0': 304, 'mlp_dim_1': 224, 'mlp_dim_2': 472, 'num_heads': 2, 'final_dropout': 0.05185458585669703, 'train_learning_rate': 0.00048029312452139175, 'train_lr_reduce': 0.6}. Best is trial 1073 with value: 0.009419886395335197.
[I 2024-12-26 11:01:36,757] Trial 1631 finished with value: 0.014466119930148125 and parameters: {'L1_hidden_dim': 160, 'L1_layers_atom': 2, 'L1_layers_mol': 2, 'L1_dropout': 0.025213837786523426, 'L1_out_dim': 64, 'L2_hidden_dim': 144, 'L2_layers_atom': 1, 'L2_layers_mol': 3, 'L2_out_dim': 96, 'L2_dropout': 0.10551278555821322, 'L3_hidden_dim': 64, 'L3_layers_atom': 2, 'L3_layers_mol': 2, 'L3_out_dim': 128, 'L3_dropout': 0.03435321653948878, 'n_mlp_layers': 2, 'mlp_dim_0': 440, 'mlp_dim_1': 280, 'num_heads': 2, 'final_dropout': 0.04396924399218567, 'train_learning_rate': 0.0005713378740613554, 'train_lr_reduce': 0.6}. Best is trial 1073 with value: 0.009419886395335197.
[I 2024-12-26 11:01:54,692] Trial 1633 finished with value: 0.019706638529896736 and parameters: {'L1_hidden_dim': 160, 'L1_layers_atom': 4, 'L1_layers_mol': 2, 'L1_dropout': 0.04053484399422267, 'L1_out_dim': 32, 'L2_hidden_dim': 256, 'L2_layers_atom': 1, 'L2_layers_mol': 3, 'L2_out_dim': 80, 'L2_dropout': 0.13609849930987197, 'L3_hidden_dim': 128, 'L3_layers_atom': 2, 'L3_layers_mol': 1, 'L3_out_dim': 96, 'L3_dropout': 0.05824751788663794, 'n_mlp_layers': 1, 'mlp_dim_0': 304, 'num_heads': 1, 'final_dropout': 0.07546954711593115, 'train_learning_rate': 0.0012286851164717877, 'train_lr_reduce': 0.6}. Best is trial 1073 with value: 0.009419886395335197.
[I 2024-12-26 11:01:59,369] Trial 1632 finished with value: 0.010391170158982277 and parameters: {'L1_hidden_dim': 64, 'L1_layers_atom': 2, 'L1_layers_mol': 2, 'L1_dropout': 0.02059786740748392, 'L1_out_dim': 48, 'L2_hidden_dim': 192, 'L2_layers_atom': 1, 'L2_layers_mol': 3, 'L2_out_dim': 128, 'L2_dropout': 0.031111803004816405, 'L3_hidden_dim': 96, 'L3_layers_atom': 4, 'L3_layers_mol': 1, 'L3_out_dim': 128, 'L3_dropout': 0.07954080278609142, 'n_mlp_layers': 3, 'mlp_dim_0': 472, 'mlp_dim_1': 264, 'mlp_dim_2': 400, 'num_heads': 2, 'final_dropout': 0.10295688436751846, 'train_learning_rate': 0.0004573304405079646, 'train_lr_reduce': 0.6}. Best is trial 1073 with value: 0.009419886395335197.
[I 2024-12-26 11:04:10,474] Trial 1635 finished with value: 0.016583966091275215 and parameters: {'L1_hidden_dim': 128, 'L1_layers_atom': 4, 'L1_layers_mol': 2, 'L1_dropout': 0.17106703286096497, 'L1_out_dim': 32, 'L2_hidden_dim': 160, 'L2_layers_atom': 2, 'L2_layers_mol': 4, 'L2_out_dim': 96, 'L2_dropout': 0.04157214760047456, 'L3_hidden_dim': 48, 'L3_layers_atom': 3, 'L3_layers_mol': 1, 'L3_out_dim': 112, 'L3_dropout': 0.12300049021757686, 'n_mlp_layers': 2, 'mlp_dim_0': 224, 'mlp_dim_1': 224, 'num_heads': 1, 'final_dropout': 0.04370850773654724, 'train_learning_rate': 0.0005944607227735097, 'train_lr_reduce': 0.6}. Best is trial 1073 with value: 0.009419886395335197.
[I 2024-12-26 11:04:12,365] Trial 1634 finished with value: 0.013392547145485878 and parameters: {'L1_hidden_dim': 80, 'L1_layers_atom': 1, 'L1_layers_mol': 2, 'L1_dropout': 0.13211269203568107, 'L1_out_dim': 32, 'L2_hidden_dim': 144, 'L2_layers_atom': 1, 'L2_layers_mol': 2, 'L2_out_dim': 112, 'L2_dropout': 0.05637081976599104, 'L3_hidden_dim': 128, 'L3_layers_atom': 3, 'L3_layers_mol': 1, 'L3_out_dim': 112, 'L3_dropout': 0.13968194744641166, 'n_mlp_layers': 3, 'mlp_dim_0': 472, 'mlp_dim_1': 176, 'mlp_dim_2': 480, 'num_heads': 2, 'final_dropout': 0.01567197996956811, 'train_learning_rate': 0.00019197743761603512, 'train_lr_reduce': 0.6}. Best is trial 1073 with value: 0.009419886395335197.
[I 2024-12-26 11:05:14,550] Trial 1636 finished with value: 0.013295818120241165 and parameters: {'L1_hidden_dim': 112, 'L1_layers_atom': 2, 'L1_layers_mol': 2, 'L1_dropout': 0.11171391418531554, 'L1_out_dim': 64, 'L2_hidden_dim': 160, 'L2_layers_atom': 2, 'L2_layers_mol': 2, 'L2_out_dim': 128, 'L2_dropout': 0.028359651649099312, 'L3_hidden_dim': 112, 'L3_layers_atom': 4, 'L3_layers_mol': 1, 'L3_out_dim': 96, 'L3_dropout': 0.08500173969103242, 'n_mlp_layers': 3, 'mlp_dim_0': 280, 'mlp_dim_1': 272, 'mlp_dim_2': 512, 'num_heads': 2, 'final_dropout': 0.046334788442070875, 'train_learning_rate': 0.00014495098597213385, 'train_lr_reduce': 0.6}. Best is trial 1073 with value: 0.009419886395335197.
