[I 2024-12-26 11:06:18,644] Trial 1637 finished with value: 0.016218334436416626 and parameters: {'L1_hidden_dim': 112, 'L1_layers_atom': 2, 'L1_layers_mol': 2, 'L1_dropout': 0.07717171377550883, 'L1_out_dim': 64, 'L2_hidden_dim': 160, 'L2_layers_atom': 1, 'L2_layers_mol': 2, 'L2_out_dim': 96, 'L2_dropout': 0.003163767884511247, 'L3_hidden_dim': 64, 'L3_layers_atom': 4, 'L3_layers_mol': 2, 'L3_out_dim': 64, 'L3_dropout': 0.11967260489010847, 'n_mlp_layers': 3, 'mlp_dim_0': 440, 'mlp_dim_1': 288, 'mlp_dim_2': 424, 'num_heads': 1, 'final_dropout': 0.1691373011870572, 'train_learning_rate': 0.0024124789724153167, 'train_lr_reduce': 0.6}. Best is trial 1073 with value: 0.009419886395335197.
[I 2024-12-26 11:07:04,182] Trial 1638 finished with value: 0.010980570688843727 and parameters: {'L1_hidden_dim': 128, 'L1_layers_atom': 1, 'L1_layers_mol': 3, 'L1_dropout': 0.015716619892549466, 'L1_out_dim': 48, 'L2_hidden_dim': 160, 'L2_layers_atom': 1, 'L2_layers_mol': 2, 'L2_out_dim': 112, 'L2_dropout': 0.05930166185153622, 'L3_hidden_dim': 80, 'L3_layers_atom': 4, 'L3_layers_mol': 1, 'L3_out_dim': 128, 'L3_dropout': 0.09609582739834183, 'n_mlp_layers': 3, 'mlp_dim_0': 264, 'mlp_dim_1': 176, 'mlp_dim_2': 344, 'num_heads': 2, 'final_dropout': 0.005007532766340006, 'train_learning_rate': 0.0002961068652528637, 'train_lr_reduce': 0.6}. Best is trial 1073 with value: 0.009419886395335197.
[I 2024-12-26 11:07:31,902] Trial 1639 finished with value: 0.010676170699298382 and parameters: {'L1_hidden_dim': 176, 'L1_layers_atom': 4, 'L1_layers_mol': 2, 'L1_dropout': 0.0006696132942507155, 'L1_out_dim': 32, 'L2_hidden_dim': 240, 'L2_layers_atom': 1, 'L2_layers_mol': 3, 'L2_out_dim': 112, 'L2_dropout': 0.0063094431403495875, 'L3_hidden_dim': 80, 'L3_layers_atom': 3, 'L3_layers_mol': 1, 'L3_out_dim': 128, 'L3_dropout': 0.28226554842868473, 'n_mlp_layers': 3, 'mlp_dim_0': 472, 'mlp_dim_1': 280, 'mlp_dim_2': 472, 'num_heads': 1, 'final_dropout': 0.08989167029273004, 'train_learning_rate': 0.0004547647933523302, 'train_lr_reduce': 0.6}. Best is trial 1073 with value: 0.009419886395335197.
[I 2024-12-26 11:09:08,793] Trial 1640 finished with value: 0.011657703667879105 and parameters: {'L1_hidden_dim': 160, 'L1_layers_atom': 4, 'L1_layers_mol': 3, 'L1_dropout': 0.00590559692251922, 'L1_out_dim': 32, 'L2_hidden_dim': 208, 'L2_layers_atom': 1, 'L2_layers_mol': 3, 'L2_out_dim': 80, 'L2_dropout': 0.0579326987126186, 'L3_hidden_dim': 128, 'L3_layers_atom': 4, 'L3_layers_mol': 1, 'L3_out_dim': 128, 'L3_dropout': 0.11029633670830771, 'n_mlp_layers': 2, 'mlp_dim_0': 352, 'mlp_dim_1': 232, 'num_heads': 2, 'final_dropout': 0.1729244694576494, 'train_learning_rate': 0.0005387206069464894, 'train_lr_reduce': 0.6}. Best is trial 1073 with value: 0.009419886395335197.
[I 2024-12-26 11:09:21,411] Trial 1641 finished with value: 0.011972794309258461 and parameters: {'L1_hidden_dim': 80, 'L1_layers_atom': 1, 'L1_layers_mol': 2, 'L1_dropout': 0.13644510742740454, 'L1_out_dim': 96, 'L2_hidden_dim': 176, 'L2_layers_atom': 1, 'L2_layers_mol': 2, 'L2_out_dim': 128, 'L2_dropout': 0.03545521696661354, 'L3_hidden_dim': 96, 'L3_layers_atom': 3, 'L3_layers_mol': 1, 'L3_out_dim': 80, 'L3_dropout': 0.049873615778289665, 'n_mlp_layers': 3, 'mlp_dim_0': 320, 'mlp_dim_1': 280, 'mlp_dim_2': 384, 'num_heads': 2, 'final_dropout': 0.012935436189456914, 'train_learning_rate': 0.0008682961714948784, 'train_lr_reduce': 0.6}. Best is trial 1073 with value: 0.009419886395335197.
[I 2024-12-26 11:10:14,523] Trial 1642 finished with value: 0.011687743477523327 and parameters: {'L1_hidden_dim': 144, 'L1_layers_atom': 3, 'L1_layers_mol': 2, 'L1_dropout': 0.03049274423452791, 'L1_out_dim': 80, 'L2_hidden_dim': 208, 'L2_layers_atom': 1, 'L2_layers_mol': 3, 'L2_out_dim': 96, 'L2_dropout': 0.0038913496948853286, 'L3_hidden_dim': 80, 'L3_layers_atom': 3, 'L3_layers_mol': 1, 'L3_out_dim': 112, 'L3_dropout': 0.026717847257038844, 'n_mlp_layers': 3, 'mlp_dim_0': 496, 'mlp_dim_1': 224, 'mlp_dim_2': 432, 'num_heads': 2, 'final_dropout': 0.12042481335953206, 'train_learning_rate': 0.0007266913666110458, 'train_lr_reduce': 0.6}. Best is trial 1073 with value: 0.009419886395335197.
[I 2024-12-26 11:12:36,412] Trial 1644 finished with value: 0.01333968061953783 and parameters: {'L1_hidden_dim': 176, 'L1_layers_atom': 3, 'L1_layers_mol': 4, 'L1_dropout': 0.0802202478968348, 'L1_out_dim': 48, 'L2_hidden_dim': 208, 'L2_layers_atom': 1, 'L2_layers_mol': 3, 'L2_out_dim': 128, 'L2_dropout': 0.009714055399774137, 'L3_hidden_dim': 80, 'L3_layers_atom': 4, 'L3_layers_mol': 1, 'L3_out_dim': 128, 'L3_dropout': 0.17670674260449193, 'n_mlp_layers': 3, 'mlp_dim_0': 440, 'mlp_dim_1': 232, 'mlp_dim_2': 344, 'num_heads': 2, 'final_dropout': 0.18640081818450743, 'train_learning_rate': 0.00012405644788138808, 'train_lr_reduce': 0.6}. Best is trial 1073 with value: 0.009419886395335197.
[I 2024-12-26 11:12:37,586] Trial 1643 finished with value: 0.012520704418420792 and parameters: {'L1_hidden_dim': 128, 'L1_layers_atom': 1, 'L1_layers_mol': 3, 'L1_dropout': 0.17294784283230125, 'L1_out_dim': 64, 'L2_hidden_dim': 160, 'L2_layers_atom': 1, 'L2_layers_mol': 2, 'L2_out_dim': 128, 'L2_dropout': 0.009147289119696474, 'L3_hidden_dim': 80, 'L3_layers_atom': 4, 'L3_layers_mol': 1, 'L3_out_dim': 128, 'L3_dropout': 0.057837034467443225, 'n_mlp_layers': 3, 'mlp_dim_0': 256, 'mlp_dim_1': 184, 'mlp_dim_2': 512, 'num_heads': 2, 'final_dropout': 0.022924059593582277, 'train_learning_rate': 0.00010266595134845075, 'train_lr_reduce': 0.6}. Best is trial 1073 with value: 0.009419886395335197.
[I 2024-12-26 11:12:40,012] Trial 1645 finished with value: 0.017202157527208328 and parameters: {'L1_hidden_dim': 144, 'L1_layers_atom': 4, 'L1_layers_mol': 2, 'L1_dropout': 0.05799692969431036, 'L1_out_dim': 64, 'L2_hidden_dim': 240, 'L2_layers_atom': 1, 'L2_layers_mol': 3, 'L2_out_dim': 128, 'L2_dropout': 0.02428414397335721, 'L3_hidden_dim': 112, 'L3_layers_atom': 4, 'L3_layers_mol': 1, 'L3_out_dim': 96, 'L3_dropout': 0.1884104979492631, 'n_mlp_layers': 1, 'mlp_dim_0': 120, 'num_heads': 1, 'final_dropout': 0.042890976957491486, 'train_learning_rate': 0.0010210251347421652, 'train_lr_reduce': 0.6}. Best is trial 1073 with value: 0.009419886395335197.
[I 2024-12-26 11:14:57,608] Trial 1647 finished with value: 0.012564629316329956 and parameters: {'L1_hidden_dim': 176, 'L1_layers_atom': 4, 'L1_layers_mol': 2, 'L1_dropout': 0.008095702449303643, 'L1_out_dim': 64, 'L2_hidden_dim': 240, 'L2_layers_atom': 1, 'L2_layers_mol': 3, 'L2_out_dim': 128, 'L2_dropout': 0.13135317662581045, 'L3_hidden_dim': 128, 'L3_layers_atom': 3, 'L3_layers_mol': 1, 'L3_out_dim': 112, 'L3_dropout': 0.20155850595966784, 'n_mlp_layers': 3, 'mlp_dim_0': 224, 'mlp_dim_1': 288, 'mlp_dim_2': 392, 'num_heads': 1, 'final_dropout': 0.07725054085139743, 'train_learning_rate': 0.00030849412353202936, 'train_lr_reduce': 0.6}. Best is trial 1073 with value: 0.009419886395335197.
[I 2024-12-26 11:15:20,645] Trial 1646 finished with value: 0.011826680973172188 and parameters: {'L1_hidden_dim': 96, 'L1_layers_atom': 4, 'L1_layers_mol': 4, 'L1_dropout': 0.003181585880160714, 'L1_out_dim': 32, 'L2_hidden_dim': 160, 'L2_layers_atom': 2, 'L2_layers_mol': 1, 'L2_out_dim': 128, 'L2_dropout': 0.24029029950091668, 'L3_hidden_dim': 96, 'L3_layers_atom': 4, 'L3_layers_mol': 1, 'L3_out_dim': 96, 'L3_dropout': 0.014425818863250289, 'n_mlp_layers': 3, 'mlp_dim_0': 448, 'mlp_dim_1': 288, 'mlp_dim_2': 456, 'num_heads': 2, 'final_dropout': 0.1715676834886015, 'train_learning_rate': 0.0007317563289008313, 'train_lr_reduce': 0.6}. Best is trial 1073 with value: 0.009419886395335197.
[I 2024-12-26 11:15:41,993] Trial 1648 finished with value: 0.014458829537034035 and parameters: {'L1_hidden_dim': 192, 'L1_layers_atom': 3, 'L1_layers_mol': 3, 'L1_dropout': 0.0083051612789371, 'L1_out_dim': 32, 'L2_hidden_dim': 160, 'L2_layers_atom': 1, 'L2_layers_mol': 3, 'L2_out_dim': 96, 'L2_dropout': 0.04529557329202825, 'L3_hidden_dim': 112, 'L3_layers_atom': 4, 'L3_layers_mol': 1, 'L3_out_dim': 128, 'L3_dropout': 0.13581044647181698, 'n_mlp_layers': 2, 'mlp_dim_0': 456, 'mlp_dim_1': 184, 'num_heads': 2, 'final_dropout': 0.22197600645331478, 'train_learning_rate': 0.0001718439742452363, 'train_lr_reduce': 0.6}. Best is trial 1073 with value: 0.009419886395335197.
[I 2024-12-26 11:17:45,390] Trial 1651 finished with value: 0.011794904246926308 and parameters: {'L1_hidden_dim': 80, 'L1_layers_atom': 2, 'L1_layers_mol': 1, 'L1_dropout': 0.15976559149597683, 'L1_out_dim': 48, 'L2_hidden_dim': 256, 'L2_layers_atom': 1, 'L2_layers_mol': 2, 'L2_out_dim': 128, 'L2_dropout': 0.008533640172705081, 'L3_hidden_dim': 80, 'L3_layers_atom': 4, 'L3_layers_mol': 1, 'L3_out_dim': 128, 'L3_dropout': 0.11501602114446037, 'n_mlp_layers': 3, 'mlp_dim_0': 376, 'mlp_dim_1': 288, 'mlp_dim_2': 424, 'num_heads': 2, 'final_dropout': 0.10372116297903414, 'train_learning_rate': 0.00023957064849411126, 'train_lr_reduce': 0.6}. Best is trial 1073 with value: 0.009419886395335197.
[I 2024-12-26 11:17:49,293] Trial 1649 finished with value: 0.011328442022204399 and parameters: {'L1_hidden_dim': 80, 'L1_layers_atom': 2, 'L1_layers_mol': 2, 'L1_dropout': 0.07948804259964992, 'L1_out_dim': 80, 'L2_hidden_dim': 128, 'L2_layers_atom': 1, 'L2_layers_mol': 3, 'L2_out_dim': 128, 'L2_dropout': 0.028574360159395795, 'L3_hidden_dim': 96, 'L3_layers_atom': 4, 'L3_layers_mol': 1, 'L3_out_dim': 128, 'L3_dropout': 0.051247122241152125, 'n_mlp_layers': 3, 'mlp_dim_0': 320, 'mlp_dim_1': 224, 'mlp_dim_2': 464, 'num_heads': 2, 'final_dropout': 0.003931001984625552, 'train_learning_rate': 0.00044732888592597796, 'train_lr_reduce': 0.6}. Best is trial 1073 with value: 0.009419886395335197.
[I 2024-12-26 11:18:54,930] Trial 1650 finished with value: 0.012450717389583588 and parameters: {'L1_hidden_dim': 64, 'L1_layers_atom': 3, 'L1_layers_mol': 2, 'L1_dropout': 0.005453887673573046, 'L1_out_dim': 64, 'L2_hidden_dim': 256, 'L2_layers_atom': 1, 'L2_layers_mol': 4, 'L2_out_dim': 96, 'L2_dropout': 0.05954287408160316, 'L3_hidden_dim': 80, 'L3_layers_atom': 4, 'L3_layers_mol': 1, 'L3_out_dim': 128, 'L3_dropout': 0.12342303802717247, 'n_mlp_layers': 3, 'mlp_dim_0': 344, 'mlp_dim_1': 240, 'mlp_dim_2': 512, 'num_heads': 2, 'final_dropout': 0.07518110360489755, 'train_learning_rate': 0.00018386421123650835, 'train_lr_reduce': 0.6}. Best is trial 1073 with value: 0.009419886395335197.
[I 2024-12-26 11:20:27,775] Trial 1653 finished with value: 0.012163630686700344 and parameters: {'L1_hidden_dim': 160, 'L1_layers_atom': 4, 'L1_layers_mol': 4, 'L1_dropout': 0.008935752533369958, 'L1_out_dim': 32, 'L2_hidden_dim': 192, 'L2_layers_atom': 1, 'L2_layers_mol': 1, 'L2_out_dim': 128, 'L2_dropout': 0.010158205854677842, 'L3_hidden_dim': 64, 'L3_layers_atom': 4, 'L3_layers_mol': 3, 'L3_out_dim': 112, 'L3_dropout': 0.08642353132578866, 'n_mlp_layers': 3, 'mlp_dim_0': 432, 'mlp_dim_1': 288, 'mlp_dim_2': 456, 'num_heads': 2, 'final_dropout': 0.10002741485168501, 'train_learning_rate': 0.00023757267343058869, 'train_lr_reduce': 0.6}. Best is trial 1073 with value: 0.009419886395335197.
[I 2024-12-26 11:21:02,150] Trial 1652 finished with value: 0.012082387693226337 and parameters: {'L1_hidden_dim': 128, 'L1_layers_atom': 2, 'L1_layers_mol': 2, 'L1_dropout': 0.002399670876263728, 'L1_out_dim': 48, 'L2_hidden_dim': 208, 'L2_layers_atom': 1, 'L2_layers_mol': 3, 'L2_out_dim': 80, 'L2_dropout': 0.10444450677727429, 'L3_hidden_dim': 48, 'L3_layers_atom': 3, 'L3_layers_mol': 1, 'L3_out_dim': 80, 'L3_dropout': 0.1995070307948427, 'n_mlp_layers': 2, 'mlp_dim_0': 400, 'mlp_dim_1': 272, 'num_heads': 2, 'final_dropout': 0.12316988264742293, 'train_learning_rate': 0.000356456057518778, 'train_lr_reduce': 0.6}. Best is trial 1073 with value: 0.009419886395335197.
[I 2024-12-26 11:21:52,991] Trial 1654 finished with value: 0.013507773168385029 and parameters: {'L1_hidden_dim': 208, 'L1_layers_atom': 4, 'L1_layers_mol': 1, 'L1_dropout': 0.04674702276309284, 'L1_out_dim': 32, 'L2_hidden_dim': 240, 'L2_layers_atom': 1, 'L2_layers_mol': 2, 'L2_out_dim': 112, 'L2_dropout': 0.011951770768449343, 'L3_hidden_dim': 80, 'L3_layers_atom': 1, 'L3_layers_mol': 2, 'L3_out_dim': 112, 'L3_dropout': 0.13130748512358192, 'n_mlp_layers': 3, 'mlp_dim_0': 392, 'mlp_dim_1': 176, 'mlp_dim_2': 320, 'num_heads': 2, 'final_dropout': 0.13239285965809888, 'train_learning_rate': 0.00010739868154411963, 'train_lr_reduce': 0.6}. Best is trial 1073 with value: 0.009419886395335197.
[I 2024-12-26 11:22:33,828] Trial 1655 finished with value: 0.015384593978524208 and parameters: {'L1_hidden_dim': 208, 'L1_layers_atom': 2, 'L1_layers_mol': 2, 'L1_dropout': 0.13393118372554805, 'L1_out_dim': 48, 'L2_hidden_dim': 96, 'L2_layers_atom': 1, 'L2_layers_mol': 1, 'L2_out_dim': 64, 'L2_dropout': 0.023836454467491663, 'L3_hidden_dim': 96, 'L3_layers_atom': 4, 'L3_layers_mol': 4, 'L3_out_dim': 96, 'L3_dropout': 0.17049275463554622, 'n_mlp_layers': 1, 'mlp_dim_0': 392, 'num_heads': 1, 'final_dropout': 0.29674367825520576, 'train_learning_rate': 0.0005426406502120416, 'train_lr_reduce': 0.6}. Best is trial 1073 with value: 0.009419886395335197.
[I 2024-12-26 11:23:32,635] Trial 1656 finished with value: 0.011761222966015339 and parameters: {'L1_hidden_dim': 64, 'L1_layers_atom': 3, 'L1_layers_mol': 2, 'L1_dropout': 0.001234797835523431, 'L1_out_dim': 80, 'L2_hidden_dim': 176, 'L2_layers_atom': 1, 'L2_layers_mol': 2, 'L2_out_dim': 112, 'L2_dropout': 0.09453838686118092, 'L3_hidden_dim': 64, 'L3_layers_atom': 2, 'L3_layers_mol': 1, 'L3_out_dim': 128, 'L3_dropout': 0.010281397777618037, 'n_mlp_layers': 2, 'mlp_dim_0': 416, 'mlp_dim_1': 240, 'num_heads': 2, 'final_dropout': 0.15378386757357243, 'train_learning_rate': 0.0007802267122571783, 'train_lr_reduce': 0.6}. Best is trial 1073 with value: 0.009419886395335197.
[I 2024-12-26 11:24:24,344] Trial 1657 finished with value: 0.01407624315470457 and parameters: {'L1_hidden_dim': 128, 'L1_layers_atom': 3, 'L1_layers_mol': 4, 'L1_dropout': 0.030377423848707175, 'L1_out_dim': 112, 'L2_hidden_dim': 256, 'L2_layers_atom': 1, 'L2_layers_mol': 2, 'L2_out_dim': 32, 'L2_dropout': 0.07772385584749858, 'L3_hidden_dim': 32, 'L3_layers_atom': 4, 'L3_layers_mol': 1, 'L3_out_dim': 128, 'L3_dropout': 0.11762284098292441, 'n_mlp_layers': 2, 'mlp_dim_0': 48, 'mlp_dim_1': 288, 'num_heads': 2, 'final_dropout': 0.0746239320108236, 'train_learning_rate': 0.00016111112686155617, 'train_lr_reduce': 0.6}. Best is trial 1073 with value: 0.009419886395335197.
[I 2024-12-26 11:25:27,675] Trial 1658 finished with value: 0.013402065262198448 and parameters: {'L1_hidden_dim': 80, 'L1_layers_atom': 1, 'L1_layers_mol': 1, 'L1_dropout': 0.09990970098331661, 'L1_out_dim': 64, 'L2_hidden_dim': 96, 'L2_layers_atom': 1, 'L2_layers_mol': 1, 'L2_out_dim': 128, 'L2_dropout': 0.009038867585906453, 'L3_hidden_dim': 96, 'L3_layers_atom': 4, 'L3_layers_mol': 1, 'L3_out_dim': 112, 'L3_dropout': 0.09895657814863829, 'n_mlp_layers': 3, 'mlp_dim_0': 272, 'mlp_dim_1': 184, 'mlp_dim_2': 352, 'num_heads': 2, 'final_dropout': 0.1022849680893905, 'train_learning_rate': 0.00015936337740665092, 'train_lr_reduce': 0.6}. Best is trial 1073 with value: 0.009419886395335197.
[I 2024-12-26 11:26:12,325] Trial 1659 finished with value: 0.01649060659110546 and parameters: {'L1_hidden_dim': 128, 'L1_layers_atom': 3, 'L1_layers_mol': 2, 'L1_dropout': 0.09878309185717385, 'L1_out_dim': 48, 'L2_hidden_dim': 144, 'L2_layers_atom': 3, 'L2_layers_mol': 3, 'L2_out_dim': 64, 'L2_dropout': 0.07265389459290392, 'L3_hidden_dim': 48, 'L3_layers_atom': 4, 'L3_layers_mol': 2, 'L3_out_dim': 64, 'L3_dropout': 0.05635495144403452, 'n_mlp_layers': 2, 'mlp_dim_0': 296, 'mlp_dim_1': 232, 'num_heads': 2, 'final_dropout': 0.13985159890104337, 'train_learning_rate': 0.0014509988487300402, 'train_lr_reduce': 0.6}. Best is trial 1073 with value: 0.009419886395335197.
[I 2024-12-26 11:26:13,539] Trial 1660 finished with value: 0.03806285560131073 and parameters: {'L1_hidden_dim': 64, 'L1_layers_atom': 4, 'L1_layers_mol': 2, 'L1_dropout': 0.2175179259515518, 'L1_out_dim': 128, 'L2_hidden_dim': 256, 'L2_layers_atom': 1, 'L2_layers_mol': 3, 'L2_out_dim': 96, 'L2_dropout': 0.20283469523087783, 'L3_hidden_dim': 48, 'L3_layers_atom': 3, 'L3_layers_mol': 1, 'L3_out_dim': 80, 'L3_dropout': 0.06211440892024768, 'n_mlp_layers': 3, 'mlp_dim_0': 296, 'mlp_dim_1': 240, 'mlp_dim_2': 416, 'num_heads': 1, 'final_dropout': 0.09468152711661312, 'train_learning_rate': 0.0030508189693675154, 'train_lr_reduce': 0.6}. Best is trial 1073 with value: 0.009419886395335197.
[I 2024-12-26 11:27:56,438] Trial 1661 finished with value: 0.010663262568414211 and parameters: {'L1_hidden_dim': 208, 'L1_layers_atom': 2, 'L1_layers_mol': 1, 'L1_dropout': 0.04749731506436693, 'L1_out_dim': 96, 'L2_hidden_dim': 176, 'L2_layers_atom': 1, 'L2_layers_mol': 4, 'L2_out_dim': 64, 'L2_dropout': 0.04331947497031367, 'L3_hidden_dim': 64, 'L3_layers_atom': 4, 'L3_layers_mol': 1, 'L3_out_dim': 112, 'L3_dropout': 0.10567475624690952, 'n_mlp_layers': 3, 'mlp_dim_0': 488, 'mlp_dim_1': 288, 'mlp_dim_2': 464, 'num_heads': 2, 'final_dropout': 0.001035421137246389, 'train_learning_rate': 0.0010991858049311768, 'train_lr_reduce': 0.6}. Best is trial 1073 with value: 0.009419886395335197.
[I 2024-12-26 11:28:48,099] Trial 1663 finished with value: 0.018027521669864655 and parameters: {'L1_hidden_dim': 128, 'L1_layers_atom': 3, 'L1_layers_mol': 2, 'L1_dropout': 0.02686347668982566, 'L1_out_dim': 48, 'L2_hidden_dim': 256, 'L2_layers_atom': 1, 'L2_layers_mol': 2, 'L2_out_dim': 96, 'L2_dropout': 0.012323529351701067, 'L3_hidden_dim': 80, 'L3_layers_atom': 4, 'L3_layers_mol': 1, 'L3_out_dim': 128, 'L3_dropout': 0.0865877900904252, 'n_mlp_layers': 2, 'mlp_dim_0': 200, 'mlp_dim_1': 272, 'num_heads': 2, 'final_dropout': 0.0654806944458037, 'train_learning_rate': 0.0014311975791892262, 'train_lr_reduce': 0.6}. Best is trial 1073 with value: 0.009419886395335197.
[I 2024-12-26 11:29:19,719] Trial 1662 finished with value: 0.02449685148894787 and parameters: {'L1_hidden_dim': 96, 'L1_layers_atom': 2, 'L1_layers_mol': 2, 'L1_dropout': 0.02373511112937357, 'L1_out_dim': 64, 'L2_hidden_dim': 224, 'L2_layers_atom': 2, 'L2_layers_mol': 4, 'L2_out_dim': 80, 'L2_dropout': 0.040903894338505456, 'L3_hidden_dim': 64, 'L3_layers_atom': 2, 'L3_layers_mol': 1, 'L3_out_dim': 128, 'L3_dropout': 0.10347348229684872, 'n_mlp_layers': 3, 'mlp_dim_0': 384, 'mlp_dim_1': 192, 'mlp_dim_2': 512, 'num_heads': 1, 'final_dropout': 0.10578277503441741, 'train_learning_rate': 0.00018195299878088705, 'train_lr_reduce': 0.6}. Best is trial 1073 with value: 0.009419886395335197.
[I 2024-12-26 11:30:07,152] Trial 1664 finished with value: 0.015122633427381516 and parameters: {'L1_hidden_dim': 176, 'L1_layers_atom': 4, 'L1_layers_mol': 3, 'L1_dropout': 0.07829537544946545, 'L1_out_dim': 64, 'L2_hidden_dim': 176, 'L2_layers_atom': 1, 'L2_layers_mol': 1, 'L2_out_dim': 128, 'L2_dropout': 0.07171404043065763, 'L3_hidden_dim': 80, 'L3_layers_atom': 4, 'L3_layers_mol': 3, 'L3_out_dim': 128, 'L3_dropout': 0.028430784782485053, 'n_mlp_layers': 3, 'mlp_dim_0': 504, 'mlp_dim_1': 304, 'mlp_dim_2': 392, 'num_heads': 2, 'final_dropout': 0.14209078273996642, 'train_learning_rate': 0.0012759895486728072, 'train_lr_reduce': 0.6}. Best is trial 1073 with value: 0.009419886395335197.
[I 2024-12-26 11:31:41,428] Trial 1665 finished with value: 0.012316849082708359 and parameters: {'L1_hidden_dim': 256, 'L1_layers_atom': 4, 'L1_layers_mol': 1, 'L1_dropout': 0.029910489515605015, 'L1_out_dim': 32, 'L2_hidden_dim': 208, 'L2_layers_atom': 1, 'L2_layers_mol': 3, 'L2_out_dim': 128, 'L2_dropout': 0.008915474931159009, 'L3_hidden_dim': 32, 'L3_layers_atom': 2, 'L3_layers_mol': 2, 'L3_out_dim': 64, 'L3_dropout': 0.09799978635414641, 'n_mlp_layers': 3, 'mlp_dim_0': 328, 'mlp_dim_1': 200, 'mlp_dim_2': 472, 'num_heads': 2, 'final_dropout': 0.24751826272919583, 'train_learning_rate': 0.0012315481759356559, 'train_lr_reduce': 0.6}. Best is trial 1073 with value: 0.009419886395335197.
[I 2024-12-26 11:32:31,499] Trial 1666 finished with value: 0.017185768112540245 and parameters: {'L1_hidden_dim': 144, 'L1_layers_atom': 3, 'L1_layers_mol': 2, 'L1_dropout': 0.09294143950750966, 'L1_out_dim': 80, 'L2_hidden_dim': 240, 'L2_layers_atom': 1, 'L2_layers_mol': 3, 'L2_out_dim': 64, 'L2_dropout': 0.04734488443793856, 'L3_hidden_dim': 32, 'L3_layers_atom': 4, 'L3_layers_mol': 2, 'L3_out_dim': 128, 'L3_dropout': 0.13058515588022837, 'n_mlp_layers': 3, 'mlp_dim_0': 328, 'mlp_dim_1': 240, 'mlp_dim_2': 336, 'num_heads': 2, 'final_dropout': 0.19350913198728886, 'train_learning_rate': 0.0015873851045126672, 'train_lr_reduce': 0.6}. Best is trial 1073 with value: 0.009419886395335197.
[I 2024-12-26 11:33:24,319] Trial 1667 finished with value: 0.019540026783943176 and parameters: {'L1_hidden_dim': 160, 'L1_layers_atom': 3, 'L1_layers_mol': 1, 'L1_dropout': 0.10203269321097913, 'L1_out_dim': 32, 'L2_hidden_dim': 192, 'L2_layers_atom': 1, 'L2_layers_mol': 2, 'L2_out_dim': 128, 'L2_dropout': 0.033061793145179375, 'L3_hidden_dim': 32, 'L3_layers_atom': 4, 'L3_layers_mol': 3, 'L3_out_dim': 112, 'L3_dropout': 0.054096621063989624, 'n_mlp_layers': 3, 'mlp_dim_0': 336, 'mlp_dim_1': 280, 'mlp_dim_2': 424, 'num_heads': 1, 'final_dropout': 0.24061156098249128, 'train_learning_rate': 0.002107545325116946, 'train_lr_reduce': 0.6}. Best is trial 1073 with value: 0.009419886395335197.
