[I 2024-12-25 13:51:37,935] Trial 189 finished with value: 0.08545491844415665 and parameters: {'L1_hidden_dim': 96, 'L1_layers_atom': 1, 'L1_layers_mol': 3, 'L1_dropout': 0.25869088166384807, 'L1_out_dim': 48, 'L2_hidden_dim': 192, 'L2_layers_atom': 4, 'L2_layers_mol': 1, 'L2_out_dim': 112, 'L2_dropout': 0.05715219757043096, 'L3_hidden_dim': 32, 'L3_layers_atom': 4, 'L3_layers_mol': 1, 'L3_out_dim': 128, 'L3_dropout': 0.22297208412205413, 'n_mlp_layers': 2, 'mlp_dim_0': 216, 'mlp_dim_1': 280, 'num_heads': 1, 'final_dropout': 0.10250681420812507, 'train_learning_rate': 0.0012972984048307502, 'train_lr_reduce': 0.6}. Best is trial 94 with value: 0.061345893889665604.
[I 2024-12-25 13:52:54,843] Trial 193 finished with value: 0.061954401433467865 and parameters: {'L1_hidden_dim': 64, 'L1_layers_atom': 4, 'L1_layers_mol': 3, 'L1_dropout': 0.16781195930908793, 'L1_out_dim': 64, 'L2_hidden_dim': 240, 'L2_layers_atom': 3, 'L2_layers_mol': 2, 'L2_out_dim': 128, 'L2_dropout': 0.057248343728538556, 'L3_hidden_dim': 80, 'L3_layers_atom': 3, 'L3_layers_mol': 1, 'L3_out_dim': 112, 'L3_dropout': 0.23865488878542904, 'n_mlp_layers': 3, 'mlp_dim_0': 112, 'mlp_dim_1': 504, 'mlp_dim_2': 160, 'num_heads': 1, 'final_dropout': 0.03686894990300875, 'train_learning_rate': 0.001152544648766644, 'train_lr_reduce': 0.6}. Best is trial 94 with value: 0.061345893889665604.
[I 2024-12-25 13:53:06,288] Trial 194 finished with value: 0.060631029307842255 and parameters: {'L1_hidden_dim': 64, 'L1_layers_atom': 4, 'L1_layers_mol': 4, 'L1_dropout': 0.25582903448437366, 'L1_out_dim': 112, 'L2_hidden_dim': 208, 'L2_layers_atom': 2, 'L2_layers_mol': 1, 'L2_out_dim': 112, 'L2_dropout': 0.021114271331410767, 'L3_hidden_dim': 32, 'L3_layers_atom': 2, 'L3_layers_mol': 1, 'L3_out_dim': 96, 'L3_dropout': 0.27907305059189724, 'n_mlp_layers': 3, 'mlp_dim_0': 152, 'mlp_dim_1': 488, 'mlp_dim_2': 232, 'num_heads': 1, 'final_dropout': 0.05064412657869115, 'train_learning_rate': 0.0009551888292220998, 'train_lr_reduce': 0.6}. Best is trial 194 with value: 0.060631029307842255.
[I 2024-12-25 13:54:10,155] Trial 195 finished with value: 0.0848601683974266 and parameters: {'L1_hidden_dim': 96, 'L1_layers_atom': 4, 'L1_layers_mol': 3, 'L1_dropout': 0.23282804981516128, 'L1_out_dim': 64, 'L2_hidden_dim': 224, 'L2_layers_atom': 4, 'L2_layers_mol': 3, 'L2_out_dim': 96, 'L2_dropout': 0.08058415612554885, 'L3_hidden_dim': 48, 'L3_layers_atom': 4, 'L3_layers_mol': 1, 'L3_out_dim': 128, 'L3_dropout': 0.2823150819881585, 'n_mlp_layers': 2, 'mlp_dim_0': 40, 'mlp_dim_1': 512, 'num_heads': 2, 'final_dropout': 0.12175237501225578, 'train_learning_rate': 0.00015499038313410125, 'train_lr_reduce': 0.6}. Best is trial 194 with value: 0.060631029307842255.
[I 2024-12-25 13:54:44,009] Trial 197 finished with value: 0.13075120747089386 and parameters: {'L1_hidden_dim': 112, 'L1_layers_atom': 3, 'L1_layers_mol': 2, 'L1_dropout': 0.10567952825740581, 'L1_out_dim': 96, 'L2_hidden_dim': 240, 'L2_layers_atom': 2, 'L2_layers_mol': 2, 'L2_out_dim': 112, 'L2_dropout': 0.0870404229863164, 'L3_hidden_dim': 96, 'L3_layers_atom': 4, 'L3_layers_mol': 1, 'L3_out_dim': 96, 'L3_dropout': 0.23165431428729116, 'n_mlp_layers': 3, 'mlp_dim_0': 56, 'mlp_dim_1': 512, 'mlp_dim_2': 200, 'num_heads': 1, 'final_dropout': 0.09116128081375055, 'train_learning_rate': 0.003660916748916641, 'train_lr_reduce': 0.6}. Best is trial 194 with value: 0.060631029307842255.
[I 2024-12-25 13:55:43,016] Trial 196 finished with value: 0.07134952396154404 and parameters: {'L1_hidden_dim': 80, 'L1_layers_atom': 2, 'L1_layers_mol': 4, 'L1_dropout': 0.2838437505991208, 'L1_out_dim': 32, 'L2_hidden_dim': 224, 'L2_layers_atom': 4, 'L2_layers_mol': 2, 'L2_out_dim': 128, 'L2_dropout': 0.04048278390163398, 'L3_hidden_dim': 48, 'L3_layers_atom': 4, 'L3_layers_mol': 1, 'L3_out_dim': 96, 'L3_dropout': 0.22641508238305608, 'n_mlp_layers': 2, 'mlp_dim_0': 80, 'mlp_dim_1': 512, 'num_heads': 2, 'final_dropout': 0.24830927235774836, 'train_learning_rate': 0.00011758006296613369, 'train_lr_reduce': 0.6}. Best is trial 194 with value: 0.060631029307842255.
[I 2024-12-25 13:55:43,249] Trial 198 finished with value: 0.06565608829259872 and parameters: {'L1_hidden_dim': 80, 'L1_layers_atom': 4, 'L1_layers_mol': 4, 'L1_dropout': 0.28595447010974967, 'L1_out_dim': 96, 'L2_hidden_dim': 208, 'L2_layers_atom': 2, 'L2_layers_mol': 1, 'L2_out_dim': 128, 'L2_dropout': 0.027173724220543073, 'L3_hidden_dim': 48, 'L3_layers_atom': 2, 'L3_layers_mol': 1, 'L3_out_dim': 96, 'L3_dropout': 0.22029506829170156, 'n_mlp_layers': 3, 'mlp_dim_0': 104, 'mlp_dim_1': 512, 'mlp_dim_2': 200, 'num_heads': 1, 'final_dropout': 0.11318366503928823, 'train_learning_rate': 0.000570203856053138, 'train_lr_reduce': 0.6}. Best is trial 194 with value: 0.060631029307842255.
[I 2024-12-25 13:56:44,332] Trial 201 finished with value: 0.07171934098005295 and parameters: {'L1_hidden_dim': 96, 'L1_layers_atom': 4, 'L1_layers_mol': 4, 'L1_dropout': 0.19202238976589736, 'L1_out_dim': 112, 'L2_hidden_dim': 224, 'L2_layers_atom': 1, 'L2_layers_mol': 1, 'L2_out_dim': 112, 'L2_dropout': 0.024136925829752753, 'L3_hidden_dim': 48, 'L3_layers_atom': 2, 'L3_layers_mol': 1, 'L3_out_dim': 128, 'L3_dropout': 0.18159112024024052, 'n_mlp_layers': 3, 'mlp_dim_0': 248, 'mlp_dim_1': 512, 'mlp_dim_2': 208, 'num_heads': 1, 'final_dropout': 0.11120619042502172, 'train_learning_rate': 0.001409044575558633, 'train_lr_reduce': 0.6}. Best is trial 194 with value: 0.060631029307842255.
[I 2024-12-25 13:57:00,522] Trial 199 finished with value: 0.07327435165643692 and parameters: {'L1_hidden_dim': 80, 'L1_layers_atom': 4, 'L1_layers_mol': 3, 'L1_dropout': 0.2082277221987831, 'L1_out_dim': 64, 'L2_hidden_dim': 208, 'L2_layers_atom': 4, 'L2_layers_mol': 2, 'L2_out_dim': 128, 'L2_dropout': 0.0886546947591931, 'L3_hidden_dim': 64, 'L3_layers_atom': 4, 'L3_layers_mol': 1, 'L3_out_dim': 128, 'L3_dropout': 0.2465129229881926, 'n_mlp_layers': 2, 'mlp_dim_0': 168, 'mlp_dim_1': 512, 'num_heads': 1, 'final_dropout': 0.08069763390157626, 'train_learning_rate': 0.0018582724040948238, 'train_lr_reduce': 0.6}. Best is trial 194 with value: 0.060631029307842255.
[I 2024-12-25 13:57:13,232] Trial 200 finished with value: 0.08593645691871643 and parameters: {'L1_hidden_dim': 96, 'L1_layers_atom': 4, 'L1_layers_mol': 4, 'L1_dropout': 0.15561563668377637, 'L1_out_dim': 128, 'L2_hidden_dim': 192, 'L2_layers_atom': 2, 'L2_layers_mol': 2, 'L2_out_dim': 112, 'L2_dropout': 0.017620004322047113, 'L3_hidden_dim': 32, 'L3_layers_atom': 1, 'L3_layers_mol': 1, 'L3_out_dim': 112, 'L3_dropout': 0.20915354523085844, 'n_mlp_layers': 3, 'mlp_dim_0': 112, 'mlp_dim_1': 512, 'mlp_dim_2': 200, 'num_heads': 2, 'final_dropout': 0.05933915324430576, 'train_learning_rate': 0.0019423232224572904, 'train_lr_reduce': 0.6}. Best is trial 194 with value: 0.060631029307842255.
[I 2024-12-25 13:58:46,709] Trial 204 finished with value: 0.06873005628585815 and parameters: {'L1_hidden_dim': 96, 'L1_layers_atom': 3, 'L1_layers_mol': 4, 'L1_dropout': 0.2886952494833813, 'L1_out_dim': 32, 'L2_hidden_dim': 192, 'L2_layers_atom': 4, 'L2_layers_mol': 1, 'L2_out_dim': 128, 'L2_dropout': 0.029788934649923524, 'L3_hidden_dim': 64, 'L3_layers_atom': 3, 'L3_layers_mol': 3, 'L3_out_dim': 96, 'L3_dropout': 0.10550486457048375, 'n_mlp_layers': 3, 'mlp_dim_0': 256, 'mlp_dim_1': 464, 'mlp_dim_2': 224, 'num_heads': 1, 'final_dropout': 0.05222105822710433, 'train_learning_rate': 0.0012148798924931485, 'train_lr_reduce': 0.6}. Best is trial 194 with value: 0.060631029307842255.
[I 2024-12-25 13:58:55,914] Trial 203 finished with value: 0.05814646929502487 and parameters: {'L1_hidden_dim': 64, 'L1_layers_atom': 4, 'L1_layers_mol': 4, 'L1_dropout': 0.26049347574902826, 'L1_out_dim': 112, 'L2_hidden_dim': 208, 'L2_layers_atom': 2, 'L2_layers_mol': 1, 'L2_out_dim': 128, 'L2_dropout': 0.029153696099184116, 'L3_hidden_dim': 32, 'L3_layers_atom': 2, 'L3_layers_mol': 2, 'L3_out_dim': 128, 'L3_dropout': 0.29867513320182615, 'n_mlp_layers': 2, 'mlp_dim_0': 32, 'mlp_dim_1': 464, 'num_heads': 1, 'final_dropout': 0.012640710414361503, 'train_learning_rate': 0.000692793071942513, 'train_lr_reduce': 0.6}. Best is trial 203 with value: 0.05814646929502487.
[I 2024-12-25 13:59:22,830] Trial 202 finished with value: 0.06411202996969223 and parameters: {'L1_hidden_dim': 64, 'L1_layers_atom': 4, 'L1_layers_mol': 3, 'L1_dropout': 0.26330240029154917, 'L1_out_dim': 96, 'L2_hidden_dim': 256, 'L2_layers_atom': 3, 'L2_layers_mol': 1, 'L2_out_dim': 96, 'L2_dropout': 0.05756608333886074, 'L3_hidden_dim': 64, 'L3_layers_atom': 4, 'L3_layers_mol': 1, 'L3_out_dim': 96, 'L3_dropout': 0.27141803995055824, 'n_mlp_layers': 3, 'mlp_dim_0': 128, 'mlp_dim_1': 512, 'mlp_dim_2': 168, 'num_heads': 1, 'final_dropout': 0.015372752682337176, 'train_learning_rate': 0.0009043457612525667, 'train_lr_reduce': 0.6}. Best is trial 203 with value: 0.05814646929502487.
[I 2024-12-25 14:00:31,066] Trial 205 finished with value: 0.12172417342662811 and parameters: {'L1_hidden_dim': 80, 'L1_layers_atom': 4, 'L1_layers_mol': 4, 'L1_dropout': 0.28304100687615047, 'L1_out_dim': 32, 'L2_hidden_dim': 192, 'L2_layers_atom': 4, 'L2_layers_mol': 2, 'L2_out_dim': 112, 'L2_dropout': 0.01679611016088063, 'L3_hidden_dim': 48, 'L3_layers_atom': 4, 'L3_layers_mol': 3, 'L3_out_dim': 128, 'L3_dropout': 0.2469075891186282, 'n_mlp_layers': 3, 'mlp_dim_0': 128, 'mlp_dim_1': 512, 'mlp_dim_2': 152, 'num_heads': 1, 'final_dropout': 0.030086089119660323, 'train_learning_rate': 0.006098498993794068, 'train_lr_reduce': 0.6}. Best is trial 203 with value: 0.05814646929502487.
[I 2024-12-25 14:00:31,075] Trial 206 finished with value: 0.08225496858358383 and parameters: {'L1_hidden_dim': 80, 'L1_layers_atom': 4, 'L1_layers_mol': 2, 'L1_dropout': 0.2746975247599995, 'L1_out_dim': 96, 'L2_hidden_dim': 224, 'L2_layers_atom': 1, 'L2_layers_mol': 2, 'L2_out_dim': 96, 'L2_dropout': 0.05775898636163318, 'L3_hidden_dim': 32, 'L3_layers_atom': 2, 'L3_layers_mol': 2, 'L3_out_dim': 112, 'L3_dropout': 0.2881254646330518, 'n_mlp_layers': 2, 'mlp_dim_0': 112, 'mlp_dim_1': 464, 'num_heads': 1, 'final_dropout': 0.04853172533242309, 'train_learning_rate': 0.0003853518038640518, 'train_lr_reduce': 0.6}. Best is trial 203 with value: 0.05814646929502487.
[I 2024-12-25 14:01:21,222] Trial 207 finished with value: 0.07620224356651306 and parameters: {'L1_hidden_dim': 64, 'L1_layers_atom': 3, 'L1_layers_mol': 3, 'L1_dropout': 0.2730732949293796, 'L1_out_dim': 112, 'L2_hidden_dim': 192, 'L2_layers_atom': 2, 'L2_layers_mol': 1, 'L2_out_dim': 128, 'L2_dropout': 0.0935168959365982, 'L3_hidden_dim': 48, 'L3_layers_atom': 1, 'L3_layers_mol': 1, 'L3_out_dim': 96, 'L3_dropout': 0.21411501465249205, 'n_mlp_layers': 3, 'mlp_dim_0': 48, 'mlp_dim_1': 512, 'mlp_dim_2': 160, 'num_heads': 1, 'final_dropout': 0.20358657755590076, 'train_learning_rate': 0.0004335150763123393, 'train_lr_reduce': 0.6}. Best is trial 203 with value: 0.05814646929502487.
[I 2024-12-25 14:01:59,584] Trial 208 finished with value: 0.07129593938589096 and parameters: {'L1_hidden_dim': 80, 'L1_layers_atom': 3, 'L1_layers_mol': 4, 'L1_dropout': 0.2803798873827268, 'L1_out_dim': 48, 'L2_hidden_dim': 208, 'L2_layers_atom': 1, 'L2_layers_mol': 1, 'L2_out_dim': 128, 'L2_dropout': 0.03290848767827244, 'L3_hidden_dim': 96, 'L3_layers_atom': 2, 'L3_layers_mol': 1, 'L3_out_dim': 112, 'L3_dropout': 0.1827779886406381, 'n_mlp_layers': 2, 'mlp_dim_0': 80, 'mlp_dim_1': 512, 'num_heads': 1, 'final_dropout': 0.05163005433139509, 'train_learning_rate': 0.0007562975048136472, 'train_lr_reduce': 0.6}. Best is trial 203 with value: 0.05814646929502487.
[I 2024-12-25 14:02:20,884] Trial 209 finished with value: 0.07523632794618607 and parameters: {'L1_hidden_dim': 64, 'L1_layers_atom': 4, 'L1_layers_mol': 4, 'L1_dropout': 0.208794096870165, 'L1_out_dim': 96, 'L2_hidden_dim': 192, 'L2_layers_atom': 2, 'L2_layers_mol': 2, 'L2_out_dim': 112, 'L2_dropout': 0.06824757577955762, 'L3_hidden_dim': 32, 'L3_layers_atom': 1, 'L3_layers_mol': 3, 'L3_out_dim': 128, 'L3_dropout': 0.28662422886695227, 'n_mlp_layers': 2, 'mlp_dim_0': 56, 'mlp_dim_1': 512, 'num_heads': 1, 'final_dropout': 0.08936837054523747, 'train_learning_rate': 0.0006531496091492003, 'train_lr_reduce': 0.6}. Best is trial 203 with value: 0.05814646929502487.
[I 2024-12-25 14:02:41,717] Trial 212 finished with value: 1.1533713340759277 and parameters: {'L1_hidden_dim': 64, 'L1_layers_atom': 4, 'L1_layers_mol': 3, 'L1_dropout': 0.21522389422612412, 'L1_out_dim': 80, 'L2_hidden_dim': 256, 'L2_layers_atom': 3, 'L2_layers_mol': 2, 'L2_out_dim': 128, 'L2_dropout': 0.06451345824371547, 'L3_hidden_dim': 80, 'L3_layers_atom': 3, 'L3_layers_mol': 1, 'L3_out_dim': 80, 'L3_dropout': 0.25670148187507436, 'n_mlp_layers': 3, 'mlp_dim_0': 144, 'mlp_dim_1': 464, 'mlp_dim_2': 152, 'num_heads': 1, 'final_dropout': 0.0919981561570028, 'train_learning_rate': 0.0005403621990493018, 'train_lr_reduce': 0.6}. Best is trial 203 with value: 0.05814646929502487.
[I 2024-12-25 14:03:05,291] Trial 210 finished with value: 0.07359464466571808 and parameters: {'L1_hidden_dim': 96, 'L1_layers_atom': 4, 'L1_layers_mol': 4, 'L1_dropout': 0.27306797649428993, 'L1_out_dim': 96, 'L2_hidden_dim': 208, 'L2_layers_atom': 2, 'L2_layers_mol': 2, 'L2_out_dim': 112, 'L2_dropout': 0.013971283776381793, 'L3_hidden_dim': 32, 'L3_layers_atom': 2, 'L3_layers_mol': 1, 'L3_out_dim': 48, 'L3_dropout': 0.1848706124806863, 'n_mlp_layers': 3, 'mlp_dim_0': 104, 'mlp_dim_1': 512, 'mlp_dim_2': 176, 'num_heads': 1, 'final_dropout': 0.10105168809729147, 'train_learning_rate': 0.0005728945771171178, 'train_lr_reduce': 0.6}. Best is trial 203 with value: 0.05814646929502487.
[I 2024-12-25 14:04:19,208] Trial 213 finished with value: 0.13062937557697296 and parameters: {'L1_hidden_dim': 80, 'L1_layers_atom': 4, 'L1_layers_mol': 3, 'L1_dropout': 0.2927243238894816, 'L1_out_dim': 64, 'L2_hidden_dim': 208, 'L2_layers_atom': 3, 'L2_layers_mol': 3, 'L2_out_dim': 112, 'L2_dropout': 0.10671057917817676, 'L3_hidden_dim': 32, 'L3_layers_atom': 2, 'L3_layers_mol': 2, 'L3_out_dim': 112, 'L3_dropout': 0.24276689866420953, 'n_mlp_layers': 1, 'mlp_dim_0': 360, 'num_heads': 1, 'final_dropout': 0.03930028692464407, 'train_learning_rate': 0.0021702751202348877, 'train_lr_reduce': 0.6}. Best is trial 203 with value: 0.05814646929502487.
[I 2024-12-25 14:04:23,675] Trial 211 finished with value: 0.06424694508314133 and parameters: {'L1_hidden_dim': 80, 'L1_layers_atom': 4, 'L1_layers_mol': 2, 'L1_dropout': 0.15272182187805267, 'L1_out_dim': 48, 'L2_hidden_dim': 224, 'L2_layers_atom': 3, 'L2_layers_mol': 1, 'L2_out_dim': 112, 'L2_dropout': 0.051307025198539864, 'L3_hidden_dim': 96, 'L3_layers_atom': 3, 'L3_layers_mol': 2, 'L3_out_dim': 96, 'L3_dropout': 0.24009820657678985, 'n_mlp_layers': 3, 'mlp_dim_0': 120, 'mlp_dim_1': 472, 'mlp_dim_2': 224, 'num_heads': 2, 'final_dropout': 0.022016195683173, 'train_learning_rate': 0.0006763374772721966, 'train_lr_reduce': 0.6}. Best is trial 203 with value: 0.05814646929502487.
[I 2024-12-25 14:05:38,734] Trial 216 finished with value: 0.07118277996778488 and parameters: {'L1_hidden_dim': 80, 'L1_layers_atom': 4, 'L1_layers_mol': 3, 'L1_dropout': 0.105351582576982, 'L1_out_dim': 32, 'L2_hidden_dim': 224, 'L2_layers_atom': 2, 'L2_layers_mol': 1, 'L2_out_dim': 112, 'L2_dropout': 0.052157076768699566, 'L3_hidden_dim': 96, 'L3_layers_atom': 4, 'L3_layers_mol': 2, 'L3_out_dim': 80, 'L3_dropout': 0.19380030228439682, 'n_mlp_layers': 3, 'mlp_dim_0': 152, 'mlp_dim_1': 464, 'mlp_dim_2': 232, 'num_heads': 2, 'final_dropout': 0.08039933134218555, 'train_learning_rate': 0.0012482080759181205, 'train_lr_reduce': 0.6}. Best is trial 203 with value: 0.05814646929502487.
[I 2024-12-25 14:05:39,461] Trial 214 finished with value: 0.06797321140766144 and parameters: {'L1_hidden_dim': 128, 'L1_layers_atom': 3, 'L1_layers_mol': 3, 'L1_dropout': 0.2745236327393297, 'L1_out_dim': 80, 'L2_hidden_dim': 256, 'L2_layers_atom': 4, 'L2_layers_mol': 2, 'L2_out_dim': 112, 'L2_dropout': 0.05360357181364491, 'L3_hidden_dim': 64, 'L3_layers_atom': 4, 'L3_layers_mol': 1, 'L3_out_dim': 96, 'L3_dropout': 0.27639889380247495, 'n_mlp_layers': 2, 'mlp_dim_0': 56, 'mlp_dim_1': 464, 'num_heads': 2, 'final_dropout': 0.224006299944088, 'train_learning_rate': 0.0002768663519298819, 'train_lr_reduce': 0.6}. Best is trial 203 with value: 0.05814646929502487.
[I 2024-12-25 14:06:43,324] Trial 215 finished with value: 0.07208086550235748 and parameters: {'L1_hidden_dim': 96, 'L1_layers_atom': 3, 'L1_layers_mol': 3, 'L1_dropout': 0.2836115291419249, 'L1_out_dim': 112, 'L2_hidden_dim': 256, 'L2_layers_atom': 3, 'L2_layers_mol': 2, 'L2_out_dim': 112, 'L2_dropout': 0.027150006052657327, 'L3_hidden_dim': 32, 'L3_layers_atom': 3, 'L3_layers_mol': 1, 'L3_out_dim': 128, 'L3_dropout': 0.2756561847684148, 'n_mlp_layers': 3, 'mlp_dim_0': 80, 'mlp_dim_1': 456, 'mlp_dim_2': 240, 'num_heads': 1, 'final_dropout': 0.06528065398259522, 'train_learning_rate': 0.0008156573590506314, 'train_lr_reduce': 0.6}. Best is trial 203 with value: 0.05814646929502487.
[I 2024-12-25 14:07:44,708] Trial 217 finished with value: 0.09898005425930023 and parameters: {'L1_hidden_dim': 80, 'L1_layers_atom': 4, 'L1_layers_mol': 3, 'L1_dropout': 0.22134613733173117, 'L1_out_dim': 96, 'L2_hidden_dim': 240, 'L2_layers_atom': 2, 'L2_layers_mol': 1, 'L2_out_dim': 128, 'L2_dropout': 0.007633736124909397, 'L3_hidden_dim': 80, 'L3_layers_atom': 3, 'L3_layers_mol': 2, 'L3_out_dim': 128, 'L3_dropout': 0.2089620065020702, 'n_mlp_layers': 1, 'mlp_dim_0': 80, 'num_heads': 1, 'final_dropout': 0.02671594178384816, 'train_learning_rate': 0.0034202043155248866, 'train_lr_reduce': 0.6}. Best is trial 203 with value: 0.05814646929502487.
[I 2024-12-25 14:07:47,176] Trial 218 finished with value: 0.07785983383655548 and parameters: {'L1_hidden_dim': 112, 'L1_layers_atom': 4, 'L1_layers_mol': 2, 'L1_dropout': 0.16906108403943784, 'L1_out_dim': 64, 'L2_hidden_dim': 160, 'L2_layers_atom': 3, 'L2_layers_mol': 2, 'L2_out_dim': 112, 'L2_dropout': 0.09051444001473667, 'L3_hidden_dim': 96, 'L3_layers_atom': 3, 'L3_layers_mol': 2, 'L3_out_dim': 80, 'L3_dropout': 0.2668673639422584, 'n_mlp_layers': 3, 'mlp_dim_0': 88, 'mlp_dim_1': 464, 'mlp_dim_2': 232, 'num_heads': 2, 'final_dropout': 0.06831091727397447, 'train_learning_rate': 0.00032100194055992, 'train_lr_reduce': 0.6}. Best is trial 203 with value: 0.05814646929502487.
[I 2024-12-25 14:08:03,750] Trial 219 finished with value: 0.07615941762924194 and parameters: {'L1_hidden_dim': 96, 'L1_layers_atom': 4, 'L1_layers_mol': 4, 'L1_dropout': 0.2680263436632798, 'L1_out_dim': 128, 'L2_hidden_dim': 160, 'L2_layers_atom': 2, 'L2_layers_mol': 1, 'L2_out_dim': 128, 'L2_dropout': 0.00027296596899601885, 'L3_hidden_dim': 48, 'L3_layers_atom': 3, 'L3_layers_mol': 2, 'L3_out_dim': 112, 'L3_dropout': 0.24126722673986062, 'n_mlp_layers': 3, 'mlp_dim_0': 32, 'mlp_dim_1': 464, 'mlp_dim_2': 232, 'num_heads': 1, 'final_dropout': 0.018929102998927045, 'train_learning_rate': 0.006475634366859362, 'train_lr_reduce': 0.6}. Best is trial 203 with value: 0.05814646929502487.
[I 2024-12-25 14:08:56,851] Trial 221 finished with value: 0.09354107081890106 and parameters: {'L1_hidden_dim': 128, 'L1_layers_atom': 4, 'L1_layers_mol': 2, 'L1_dropout': 0.18195971972418012, 'L1_out_dim': 48, 'L2_hidden_dim': 224, 'L2_layers_atom': 4, 'L2_layers_mol': 1, 'L2_out_dim': 96, 'L2_dropout': 0.055645378099454086, 'L3_hidden_dim': 80, 'L3_layers_atom': 3, 'L3_layers_mol': 2, 'L3_out_dim': 112, 'L3_dropout': 0.2665354817391181, 'n_mlp_layers': 3, 'mlp_dim_0': 160, 'mlp_dim_1': 464, 'mlp_dim_2': 160, 'num_heads': 2, 'final_dropout': 0.029737212221553285, 'train_learning_rate': 0.002684661197130007, 'train_lr_reduce': 0.6}. Best is trial 203 with value: 0.05814646929502487.
[I 2024-12-25 14:10:10,289] Trial 220 finished with value: 0.07119635492563248 and parameters: {'L1_hidden_dim': 176, 'L1_layers_atom': 2, 'L1_layers_mol': 3, 'L1_dropout': 0.2962615697317264, 'L1_out_dim': 96, 'L2_hidden_dim': 256, 'L2_layers_atom': 3, 'L2_layers_mol': 1, 'L2_out_dim': 112, 'L2_dropout': 0.08924898729329027, 'L3_hidden_dim': 96, 'L3_layers_atom': 4, 'L3_layers_mol': 1, 'L3_out_dim': 80, 'L3_dropout': 0.27388941300815706, 'n_mlp_layers': 2, 'mlp_dim_0': 208, 'mlp_dim_1': 512, 'num_heads': 2, 'final_dropout': 0.11988297100257803, 'train_learning_rate': 0.00023584510883295525, 'train_lr_reduce': 0.6}. Best is trial 203 with value: 0.05814646929502487.
[I 2024-12-25 14:10:30,299] Trial 224 finished with value: 1.1863431930541992 and parameters: {'L1_hidden_dim': 64, 'L1_layers_atom': 4, 'L1_layers_mol': 4, 'L1_dropout': 0.23521798740789315, 'L1_out_dim': 80, 'L2_hidden_dim': 192, 'L2_layers_atom': 3, 'L2_layers_mol': 1, 'L2_out_dim': 128, 'L2_dropout': 0.059553982684221324, 'L3_hidden_dim': 32, 'L3_layers_atom': 2, 'L3_layers_mol': 2, 'L3_out_dim': 96, 'L3_dropout': 0.2819046958778085, 'n_mlp_layers': 3, 'mlp_dim_0': 256, 'mlp_dim_1': 464, 'mlp_dim_2': 152, 'num_heads': 1, 'final_dropout': 0.005378923889429697, 'train_learning_rate': 0.0004301963754789341, 'train_lr_reduce': 0.6}. Best is trial 203 with value: 0.05814646929502487.
[I 2024-12-25 14:10:36,529] Trial 222 finished with value: 0.06630617380142212 and parameters: {'L1_hidden_dim': 64, 'L1_layers_atom': 3, 'L1_layers_mol': 4, 'L1_dropout': 0.211541836680171, 'L1_out_dim': 32, 'L2_hidden_dim': 192, 'L2_layers_atom': 4, 'L2_layers_mol': 1, 'L2_out_dim': 96, 'L2_dropout': 0.006144326225272807, 'L3_hidden_dim': 32, 'L3_layers_atom': 4, 'L3_layers_mol': 1, 'L3_out_dim': 96, 'L3_dropout': 0.15846274009660807, 'n_mlp_layers': 3, 'mlp_dim_0': 384, 'mlp_dim_1': 464, 'mlp_dim_2': 248, 'num_heads': 1, 'final_dropout': 0.16719152512168922, 'train_learning_rate': 0.0012974617270847604, 'train_lr_reduce': 0.6}. Best is trial 203 with value: 0.05814646929502487.
