[I 2024-12-19 08:21:50,497] Trial 687 finished with value: 1.142242431640625 and parameters: {'mlp_n_layers': 2, 'mlp_dim_00': 464, 'mlp_dim_01': 164, 'node_hidden_dim': 116, 'edge_hidden_dim': 126, 'depth': 2, 'rep_dropout': 0.03901613297596643, 'train_learning_rate': 0.0004306854002680027, 'train_lr_reduce': 0.6}. Best is trial 231 with value: 0.17593608796596527.
[I 2024-12-19 08:21:53,899] Trial 684 finished with value: 0.439827024936676 and parameters: {'mlp_n_layers': 4, 'mlp_dim_00': 321, 'mlp_dim_01': 384, 'mlp_dim_02': 473, 'mlp_dim_03': 217, 'node_hidden_dim': 60, 'edge_hidden_dim': 35, 'depth': 2, 'rep_dropout': 0.04817229961645023, 'train_learning_rate': 0.00962912041358902, 'train_lr_reduce': 0.6}. Best is trial 231 with value: 0.17593608796596527.
[I 2024-12-19 08:21:56,655] Trial 688 finished with value: 1.143411636352539 and parameters: {'mlp_n_layers': 3, 'mlp_dim_00': 378, 'mlp_dim_01': 354, 'mlp_dim_02': 371, 'node_hidden_dim': 68, 'edge_hidden_dim': 113, 'depth': 2, 'rep_dropout': 0.224501772019745, 'train_learning_rate': 0.0011052494026184548, 'train_lr_reduce': 0.6}. Best is trial 231 with value: 0.17593608796596527.
[I 2024-12-19 08:21:58,785] Trial 685 finished with value: 0.2597012519836426 and parameters: {'mlp_n_layers': 2, 'mlp_dim_00': 392, 'mlp_dim_01': 491, 'node_hidden_dim': 106, 'edge_hidden_dim': 52, 'depth': 2, 'rep_dropout': 0.031152780427226162, 'train_learning_rate': 0.009353161807162653, 'train_lr_reduce': 0.6}. Best is trial 231 with value: 0.17593608796596527.
[I 2024-12-19 08:22:03,109] Trial 690 finished with value: 1.1426022052764893 and parameters: {'mlp_n_layers': 2, 'mlp_dim_00': 259, 'mlp_dim_01': 428, 'node_hidden_dim': 77, 'edge_hidden_dim': 51, 'depth': 4, 'rep_dropout': 0.22670232718831326, 'train_learning_rate': 0.00019122080567767288, 'train_lr_reduce': 0.6}. Best is trial 231 with value: 0.17593608796596527.
[I 2024-12-19 08:22:18,196] Trial 689 finished with value: 0.6893340349197388 and parameters: {'mlp_n_layers': 2, 'mlp_dim_00': 430, 'mlp_dim_01': 108, 'node_hidden_dim': 127, 'edge_hidden_dim': 80, 'depth': 4, 'rep_dropout': 0.18306189425338107, 'train_learning_rate': 0.0060863499286583685, 'train_lr_reduce': 0.6}. Best is trial 231 with value: 0.17593608796596527.
[I 2024-12-19 08:22:20,994] Trial 692 finished with value: 0.24886354804039001 and parameters: {'mlp_n_layers': 3, 'mlp_dim_00': 455, 'mlp_dim_01': 339, 'mlp_dim_02': 511, 'node_hidden_dim': 96, 'edge_hidden_dim': 52, 'depth': 2, 'rep_dropout': 0.01551149930619464, 'train_learning_rate': 0.009667325218816778, 'train_lr_reduce': 0.6}. Best is trial 231 with value: 0.17593608796596527.
[I 2024-12-19 08:22:23,146] Trial 691 finished with value: 0.31099197268486023 and parameters: {'mlp_n_layers': 2, 'mlp_dim_00': 344, 'mlp_dim_01': 363, 'node_hidden_dim': 116, 'edge_hidden_dim': 62, 'depth': 2, 'rep_dropout': 0.002068479873641234, 'train_learning_rate': 0.0037586055969856687, 'train_lr_reduce': 0.6}. Best is trial 231 with value: 0.17593608796596527.
[I 2024-12-19 08:22:24,513] Trial 693 finished with value: 1.1500816345214844 and parameters: {'mlp_n_layers': 4, 'mlp_dim_00': 251, 'mlp_dim_01': 406, 'mlp_dim_02': 217, 'mlp_dim_03': 151, 'node_hidden_dim': 56, 'edge_hidden_dim': 61, 'depth': 2, 'rep_dropout': 6.539464358428816e-05, 'train_learning_rate': 0.0028362078535962456, 'train_lr_reduce': 0.6}. Best is trial 231 with value: 0.17593608796596527.
[I 2024-12-19 08:22:27,005] Trial 694 finished with value: 1.1499297618865967 and parameters: {'mlp_n_layers': 3, 'mlp_dim_00': 324, 'mlp_dim_01': 360, 'mlp_dim_02': 427, 'node_hidden_dim': 128, 'edge_hidden_dim': 104, 'depth': 3, 'rep_dropout': 0.13983081869002165, 'train_learning_rate': 0.0010146513630128666, 'train_lr_reduce': 0.6}. Best is trial 231 with value: 0.17593608796596527.
[I 2024-12-19 08:22:29,777] Trial 695 finished with value: 1.1498256921768188 and parameters: {'mlp_n_layers': 3, 'mlp_dim_00': 479, 'mlp_dim_01': 382, 'mlp_dim_02': 462, 'node_hidden_dim': 95, 'edge_hidden_dim': 62, 'depth': 3, 'rep_dropout': 0.07067823285928965, 'train_learning_rate': 0.0035522545411706494, 'train_lr_reduce': 0.6}. Best is trial 231 with value: 0.17593608796596527.
[I 2024-12-19 08:22:32,594] Trial 696 finished with value: 1.1423022747039795 and parameters: {'mlp_n_layers': 4, 'mlp_dim_00': 470, 'mlp_dim_01': 184, 'mlp_dim_02': 429, 'mlp_dim_03': 68, 'node_hidden_dim': 74, 'edge_hidden_dim': 56, 'depth': 2, 'rep_dropout': 0.10723247883599943, 'train_learning_rate': 0.00019664945268943191, 'train_lr_reduce': 0.6}. Best is trial 231 with value: 0.17593608796596527.
[I 2024-12-19 08:22:40,179] Trial 699 finished with value: 1.1427719593048096 and parameters: {'mlp_n_layers': 3, 'mlp_dim_00': 322, 'mlp_dim_01': 511, 'mlp_dim_02': 473, 'node_hidden_dim': 50, 'edge_hidden_dim': 40, 'depth': 2, 'rep_dropout': 0.07871114280181335, 'train_learning_rate': 0.00861654967125495, 'train_lr_reduce': 0.6}. Best is trial 231 with value: 0.17593608796596527.
[I 2024-12-19 08:22:48,042] Trial 700 finished with value: 1.1422945261001587 and parameters: {'mlp_n_layers': 4, 'mlp_dim_00': 392, 'mlp_dim_01': 399, 'mlp_dim_02': 512, 'mlp_dim_03': 343, 'node_hidden_dim': 43, 'edge_hidden_dim': 95, 'depth': 3, 'rep_dropout': 0.05849077742746514, 'train_learning_rate': 0.004049311164278196, 'train_lr_reduce': 0.6}. Best is trial 231 with value: 0.17593608796596527.
[I 2024-12-19 08:22:48,575] Trial 697 finished with value: 0.38789087533950806 and parameters: {'mlp_n_layers': 2, 'mlp_dim_00': 454, 'mlp_dim_01': 441, 'node_hidden_dim': 105, 'edge_hidden_dim': 42, 'depth': 2, 'rep_dropout': 0.013115749848770262, 'train_learning_rate': 0.007017760766726537, 'train_lr_reduce': 0.6}. Best is trial 231 with value: 0.17593608796596527.
[I 2024-12-19 08:22:55,717] Trial 702 finished with value: 1.1443358659744263 and parameters: {'mlp_n_layers': 3, 'mlp_dim_00': 316, 'mlp_dim_01': 242, 'mlp_dim_02': 469, 'node_hidden_dim': 111, 'edge_hidden_dim': 64, 'depth': 2, 'rep_dropout': 0.18223322489377242, 'train_learning_rate': 0.0011127919908042701, 'train_lr_reduce': 0.6}. Best is trial 231 with value: 0.17593608796596527.
[I 2024-12-19 08:22:55,990] Trial 698 finished with value: 0.6155655980110168 and parameters: {'mlp_n_layers': 4, 'mlp_dim_00': 455, 'mlp_dim_01': 387, 'mlp_dim_02': 377, 'mlp_dim_03': 243, 'node_hidden_dim': 116, 'edge_hidden_dim': 51, 'depth': 2, 'rep_dropout': 0.056171377043784256, 'train_learning_rate': 0.008159491074587563, 'train_lr_reduce': 0.6}. Best is trial 231 with value: 0.17593608796596527.
[I 2024-12-19 08:23:02,624] Trial 703 finished with value: 1.1423770189285278 and parameters: {'mlp_n_layers': 3, 'mlp_dim_00': 368, 'mlp_dim_01': 437, 'mlp_dim_02': 512, 'node_hidden_dim': 61, 'edge_hidden_dim': 53, 'depth': 3, 'rep_dropout': 0.012242940962013343, 'train_learning_rate': 0.0028087860192613093, 'train_lr_reduce': 0.6}. Best is trial 231 with value: 0.17593608796596527.
[I 2024-12-19 08:23:09,109] Trial 705 finished with value: 1.1430628299713135 and parameters: {'mlp_n_layers': 2, 'mlp_dim_00': 478, 'mlp_dim_01': 500, 'node_hidden_dim': 58, 'edge_hidden_dim': 62, 'depth': 3, 'rep_dropout': 0.09475948000047296, 'train_learning_rate': 0.0007689468068679613, 'train_lr_reduce': 0.6}. Best is trial 231 with value: 0.17593608796596527.
[I 2024-12-19 08:23:11,801] Trial 701 finished with value: 0.34046366810798645 and parameters: {'mlp_n_layers': 3, 'mlp_dim_00': 477, 'mlp_dim_01': 369, 'mlp_dim_02': 425, 'node_hidden_dim': 116, 'edge_hidden_dim': 41, 'depth': 2, 'rep_dropout': 0.061984230658871535, 'train_learning_rate': 0.004930032588478153, 'train_lr_reduce': 0.6}. Best is trial 231 with value: 0.17593608796596527.
[I 2024-12-19 08:23:15,522] Trial 706 finished with value: 1.1443705558776855 and parameters: {'mlp_n_layers': 3, 'mlp_dim_00': 344, 'mlp_dim_01': 355, 'mlp_dim_02': 422, 'node_hidden_dim': 65, 'edge_hidden_dim': 77, 'depth': 2, 'rep_dropout': 0.06739397554978455, 'train_learning_rate': 0.004366684743325237, 'train_lr_reduce': 0.6}. Best is trial 231 with value: 0.17593608796596527.
[I 2024-12-19 08:23:19,936] Trial 707 finished with value: 1.1429684162139893 and parameters: {'mlp_n_layers': 4, 'mlp_dim_00': 253, 'mlp_dim_01': 97, 'mlp_dim_02': 469, 'mlp_dim_03': 140, 'node_hidden_dim': 86, 'edge_hidden_dim': 108, 'depth': 3, 'rep_dropout': 0.07977240064507764, 'train_learning_rate': 0.0004370141783793112, 'train_lr_reduce': 0.6}. Best is trial 231 with value: 0.17593608796596527.
[I 2024-12-19 08:23:20,798] Trial 704 finished with value: 0.3338158130645752 and parameters: {'mlp_n_layers': 4, 'mlp_dim_00': 480, 'mlp_dim_01': 414, 'mlp_dim_02': 381, 'mlp_dim_03': 439, 'node_hidden_dim': 99, 'edge_hidden_dim': 90, 'depth': 2, 'rep_dropout': 0.01872807383001735, 'train_learning_rate': 0.006443655691015375, 'train_lr_reduce': 0.6}. Best is trial 231 with value: 0.17593608796596527.
[I 2024-12-19 08:23:21,890] Trial 708 finished with value: 1.1423249244689941 and parameters: {'mlp_n_layers': 4, 'mlp_dim_00': 487, 'mlp_dim_01': 286, 'mlp_dim_02': 426, 'mlp_dim_03': 276, 'node_hidden_dim': 124, 'edge_hidden_dim': 70, 'depth': 2, 'rep_dropout': 0.0025424473777468128, 'train_learning_rate': 0.0020948058175084485, 'train_lr_reduce': 0.6}. Best is trial 231 with value: 0.17593608796596527.
[I 2024-12-19 08:23:31,936] Trial 711 finished with value: 1.142232894897461 and parameters: {'mlp_n_layers': 4, 'mlp_dim_00': 375, 'mlp_dim_01': 308, 'mlp_dim_02': 364, 'mlp_dim_03': 198, 'node_hidden_dim': 59, 'edge_hidden_dim': 74, 'depth': 4, 'rep_dropout': 0.24511722683769252, 'train_learning_rate': 0.0001098737188930419, 'train_lr_reduce': 0.6}. Best is trial 231 with value: 0.17593608796596527.
[I 2024-12-19 08:23:38,644] Trial 712 finished with value: 1.142522931098938 and parameters: {'mlp_n_layers': 3, 'mlp_dim_00': 504, 'mlp_dim_01': 314, 'mlp_dim_02': 468, 'node_hidden_dim': 106, 'edge_hidden_dim': 35, 'depth': 3, 'rep_dropout': 0.039441788832123945, 'train_learning_rate': 0.00483334271850831, 'train_lr_reduce': 0.6}. Best is trial 231 with value: 0.17593608796596527.
[I 2024-12-19 08:23:41,811] Trial 709 finished with value: 0.2469591498374939 and parameters: {'mlp_n_layers': 2, 'mlp_dim_00': 460, 'mlp_dim_01': 505, 'node_hidden_dim': 123, 'edge_hidden_dim': 73, 'depth': 2, 'rep_dropout': 0.06727058417752027, 'train_learning_rate': 0.009644955002711482, 'train_lr_reduce': 0.6}. Best is trial 231 with value: 0.17593608796596527.
[I 2024-12-19 08:23:45,114] Trial 710 finished with value: 0.21440453827381134 and parameters: {'mlp_n_layers': 3, 'mlp_dim_00': 508, 'mlp_dim_01': 337, 'mlp_dim_02': 512, 'node_hidden_dim': 120, 'edge_hidden_dim': 47, 'depth': 2, 'rep_dropout': 0.006633188080201524, 'train_learning_rate': 0.007238963688889131, 'train_lr_reduce': 0.6}. Best is trial 231 with value: 0.17593608796596527.
[I 2024-12-19 08:23:47,958] Trial 714 finished with value: 1.143988847732544 and parameters: {'mlp_n_layers': 3, 'mlp_dim_00': 427, 'mlp_dim_01': 355, 'mlp_dim_02': 426, 'node_hidden_dim': 102, 'edge_hidden_dim': 58, 'depth': 2, 'rep_dropout': 0.03568986316519087, 'train_learning_rate': 0.0026328612889753348, 'train_lr_reduce': 0.6}. Best is trial 231 with value: 0.17593608796596527.
[I 2024-12-19 08:23:55,001] Trial 716 finished with value: 1.1428414583206177 and parameters: {'mlp_n_layers': 3, 'mlp_dim_00': 375, 'mlp_dim_01': 279, 'mlp_dim_02': 512, 'node_hidden_dim': 72, 'edge_hidden_dim': 37, 'depth': 4, 'rep_dropout': 0.23108067617741998, 'train_learning_rate': 0.002952732443955214, 'train_lr_reduce': 0.6}. Best is trial 231 with value: 0.17593608796596527.
[I 2024-12-19 08:23:59,316] Trial 713 finished with value: 0.17915956676006317 and parameters: {'mlp_n_layers': 2, 'mlp_dim_00': 506, 'mlp_dim_01': 393, 'node_hidden_dim': 72, 'edge_hidden_dim': 32, 'depth': 2, 'rep_dropout': 0.009223366920801803, 'train_learning_rate': 0.009747015537069945, 'train_lr_reduce': 0.6}. Best is trial 231 with value: 0.17593608796596527.
[I 2024-12-19 08:24:05,800] Trial 718 finished with value: 1.142287254333496 and parameters: {'mlp_n_layers': 3, 'mlp_dim_00': 501, 'mlp_dim_01': 506, 'mlp_dim_02': 511, 'node_hidden_dim': 108, 'edge_hidden_dim': 99, 'depth': 2, 'rep_dropout': 0.12697782442053585, 'train_learning_rate': 0.0018055792862572766, 'train_lr_reduce': 0.6}. Best is trial 231 with value: 0.17593608796596527.
[I 2024-12-19 08:24:10,163] Trial 715 finished with value: 0.4246333837509155 and parameters: {'mlp_n_layers': 4, 'mlp_dim_00': 493, 'mlp_dim_01': 333, 'mlp_dim_02': 511, 'mlp_dim_03': 391, 'node_hidden_dim': 101, 'edge_hidden_dim': 61, 'depth': 2, 'rep_dropout': 0.024268339041854176, 'train_learning_rate': 0.0037439759216843097, 'train_lr_reduce': 0.6}. Best is trial 231 with value: 0.17593608796596527.
[I 2024-12-19 08:24:11,657] Trial 719 finished with value: 1.1428331136703491 and parameters: {'mlp_n_layers': 2, 'mlp_dim_00': 498, 'mlp_dim_01': 397, 'node_hidden_dim': 50, 'edge_hidden_dim': 58, 'depth': 2, 'rep_dropout': 0.007850652660960428, 'train_learning_rate': 0.0020633802025878775, 'train_lr_reduce': 0.6}. Best is trial 231 with value: 0.17593608796596527.
[I 2024-12-19 08:24:18,058] Trial 717 finished with value: 0.5501068234443665 and parameters: {'mlp_n_layers': 3, 'mlp_dim_00': 439, 'mlp_dim_01': 453, 'mlp_dim_02': 510, 'node_hidden_dim': 110, 'edge_hidden_dim': 62, 'depth': 2, 'rep_dropout': 0.00742995631675462, 'train_learning_rate': 0.0049341910808380456, 'train_lr_reduce': 0.6}. Best is trial 231 with value: 0.17593608796596527.
[I 2024-12-19 08:24:19,079] Trial 721 finished with value: 1.1434823274612427 and parameters: {'mlp_n_layers': 3, 'mlp_dim_00': 292, 'mlp_dim_01': 471, 'mlp_dim_02': 507, 'node_hidden_dim': 116, 'edge_hidden_dim': 47, 'depth': 3, 'rep_dropout': 0.0018414549203501392, 'train_learning_rate': 0.0018384318560150069, 'train_lr_reduce': 0.6}. Best is trial 231 with value: 0.17593608796596527.
[I 2024-12-19 08:24:25,581] Trial 723 finished with value: 1.1444369554519653 and parameters: {'mlp_n_layers': 3, 'mlp_dim_00': 420, 'mlp_dim_01': 250, 'mlp_dim_02': 511, 'node_hidden_dim': 36, 'edge_hidden_dim': 68, 'depth': 4, 'rep_dropout': 0.09789675883820781, 'train_learning_rate': 0.0010000192777221422, 'train_lr_reduce': 0.6}. Best is trial 231 with value: 0.17593608796596527.
[I 2024-12-19 08:24:25,585] Trial 722 finished with value: 1.159808874130249 and parameters: {'mlp_n_layers': 3, 'mlp_dim_00': 302, 'mlp_dim_01': 88, 'mlp_dim_02': 470, 'node_hidden_dim': 67, 'edge_hidden_dim': 110, 'depth': 4, 'rep_dropout': 0.04527540259558735, 'train_learning_rate': 0.004613143911082127, 'train_lr_reduce': 0.6}. Best is trial 231 with value: 0.17593608796596527.
[I 2024-12-19 08:24:34,051] Trial 720 finished with value: 0.19488440454006195 and parameters: {'mlp_n_layers': 2, 'mlp_dim_00': 420, 'mlp_dim_01': 434, 'node_hidden_dim': 59, 'edge_hidden_dim': 39, 'depth': 2, 'rep_dropout': 0.04068661338753424, 'train_learning_rate': 0.006962034214430039, 'train_lr_reduce': 0.6}. Best is trial 231 with value: 0.17593608796596527.
[I 2024-12-19 08:24:47,642] Trial 725 finished with value: 0.3736474812030792 and parameters: {'mlp_n_layers': 3, 'mlp_dim_00': 263, 'mlp_dim_01': 297, 'mlp_dim_02': 366, 'node_hidden_dim': 67, 'edge_hidden_dim': 53, 'depth': 2, 'rep_dropout': 0.010493575370855249, 'train_learning_rate': 0.008079077042575019, 'train_lr_reduce': 0.6}. Best is trial 231 with value: 0.17593608796596527.
[I 2024-12-19 08:24:48,528] Trial 724 finished with value: 0.1670333594083786 and parameters: {'mlp_n_layers': 3, 'mlp_dim_00': 474, 'mlp_dim_01': 301, 'mlp_dim_02': 469, 'node_hidden_dim': 125, 'edge_hidden_dim': 54, 'depth': 2, 'rep_dropout': 0.007477615422778833, 'train_learning_rate': 0.009240031493497173, 'train_lr_reduce': 0.6}. Best is trial 724 with value: 0.1670333594083786.
[I 2024-12-19 08:24:59,218] Trial 726 finished with value: 0.2668823301792145 and parameters: {'mlp_n_layers': 2, 'mlp_dim_00': 451, 'mlp_dim_01': 420, 'node_hidden_dim': 65, 'edge_hidden_dim': 32, 'depth': 2, 'rep_dropout': 0.004625703013361442, 'train_learning_rate': 0.009523773620518964, 'train_lr_reduce': 0.6}. Best is trial 724 with value: 0.1670333594083786.
[I 2024-12-19 08:25:04,970] Trial 727 finished with value: 0.3790483772754669 and parameters: {'mlp_n_layers': 2, 'mlp_dim_00': 403, 'mlp_dim_01': 508, 'node_hidden_dim': 52, 'edge_hidden_dim': 32, 'depth': 2, 'rep_dropout': 0.015846582641641377, 'train_learning_rate': 0.009736574225831988, 'train_lr_reduce': 0.6}. Best is trial 724 with value: 0.1670333594083786.
[I 2024-12-19 08:25:11,421] Trial 728 finished with value: 0.5685637593269348 and parameters: {'mlp_n_layers': 3, 'mlp_dim_00': 462, 'mlp_dim_01': 394, 'mlp_dim_02': 468, 'node_hidden_dim': 118, 'edge_hidden_dim': 43, 'depth': 2, 'rep_dropout': 0.0018920330793921539, 'train_learning_rate': 0.007726422178654053, 'train_lr_reduce': 0.6}. Best is trial 724 with value: 0.1670333594083786.
[I 2024-12-19 08:25:12,075] Trial 730 finished with value: 1.1426774263381958 and parameters: {'mlp_n_layers': 2, 'mlp_dim_00': 450, 'mlp_dim_01': 459, 'node_hidden_dim': 59, 'edge_hidden_dim': 46, 'depth': 3, 'rep_dropout': 0.06423931116366474, 'train_learning_rate': 0.00419574842944387, 'train_lr_reduce': 0.6}. Best is trial 724 with value: 0.1670333594083786.
[I 2024-12-19 08:25:17,704] Trial 731 finished with value: 1.1422178745269775 and parameters: {'mlp_n_layers': 2, 'mlp_dim_00': 439, 'mlp_dim_01': 393, 'node_hidden_dim': 73, 'edge_hidden_dim': 51, 'depth': 2, 'rep_dropout': 0.042729178129733245, 'train_learning_rate': 0.0037414446374635503, 'train_lr_reduce': 0.6}. Best is trial 724 with value: 0.1670333594083786.
[I 2024-12-19 08:25:18,420] Trial 732 finished with value: 1.1448637247085571 and parameters: {'mlp_n_layers': 2, 'mlp_dim_00': 451, 'mlp_dim_01': 416, 'node_hidden_dim': 75, 'edge_hidden_dim': 34, 'depth': 3, 'rep_dropout': 0.006450869286580616, 'train_learning_rate': 0.005733279002966868, 'train_lr_reduce': 0.6}. Best is trial 724 with value: 0.1670333594083786.
[I 2024-12-19 08:25:23,287] Trial 729 finished with value: 0.3122226595878601 and parameters: {'mlp_n_layers': 3, 'mlp_dim_00': 393, 'mlp_dim_01': 322, 'mlp_dim_02': 460, 'node_hidden_dim': 117, 'edge_hidden_dim': 59, 'depth': 2, 'rep_dropout': 0.028690749849174215, 'train_learning_rate': 0.008145520386442204, 'train_lr_reduce': 0.6}. Best is trial 724 with value: 0.1670333594083786.
[I 2024-12-19 08:25:23,842] Trial 733 finished with value: 1.1426093578338623 and parameters: {'mlp_n_layers': 2, 'mlp_dim_00': 453, 'mlp_dim_01': 322, 'node_hidden_dim': 72, 'edge_hidden_dim': 49, 'depth': 3, 'rep_dropout': 0.06124229680216259, 'train_learning_rate': 0.006346558616566972, 'train_lr_reduce': 0.6}. Best is trial 724 with value: 0.1670333594083786.
[I 2024-12-19 08:25:25,924] Trial 734 finished with value: 1.142393708229065 and parameters: {'mlp_n_layers': 2, 'mlp_dim_00': 363, 'mlp_dim_01': 280, 'node_hidden_dim': 49, 'edge_hidden_dim': 45, 'depth': 3, 'rep_dropout': 0.21133385482904668, 'train_learning_rate': 0.0001359398037903705, 'train_lr_reduce': 0.6}. Best is trial 724 with value: 0.1670333594083786.
[I 2024-12-19 08:25:31,066] Trial 735 finished with value: 1.1432169675827026 and parameters: {'mlp_n_layers': 2, 'mlp_dim_00': 499, 'mlp_dim_01': 371, 'node_hidden_dim': 53, 'edge_hidden_dim': 66, 'depth': 2, 'rep_dropout': 0.05941501721427264, 'train_learning_rate': 0.005160071492242009, 'train_lr_reduce': 0.6}. Best is trial 724 with value: 0.1670333594083786.
[I 2024-12-19 08:25:46,196] Trial 736 finished with value: 0.21069616079330444 and parameters: {'mlp_n_layers': 2, 'mlp_dim_00': 488, 'mlp_dim_01': 465, 'node_hidden_dim': 82, 'edge_hidden_dim': 44, 'depth': 2, 'rep_dropout': 0.01550580941839425, 'train_learning_rate': 0.00896303311741099, 'train_lr_reduce': 0.6}. Best is trial 724 with value: 0.1670333594083786.
[I 2024-12-19 08:25:49,551] Trial 737 finished with value: 0.5103699564933777 and parameters: {'mlp_n_layers': 3, 'mlp_dim_00': 400, 'mlp_dim_01': 265, 'mlp_dim_02': 470, 'node_hidden_dim': 124, 'edge_hidden_dim': 72, 'depth': 3, 'rep_dropout': 0.004312958528678325, 'train_learning_rate': 0.006145917987098709, 'train_lr_reduce': 0.6}. Best is trial 724 with value: 0.1670333594083786.
[I 2024-12-19 08:25:55,846] Trial 740 finished with value: 1.143082857131958 and parameters: {'mlp_n_layers': 3, 'mlp_dim_00': 502, 'mlp_dim_01': 309, 'mlp_dim_02': 511, 'node_hidden_dim': 121, 'edge_hidden_dim': 44, 'depth': 2, 'rep_dropout': 0.000360693055889383, 'train_learning_rate': 0.002306382049731988, 'train_lr_reduce': 0.6}. Best is trial 724 with value: 0.1670333594083786.
[I 2024-12-19 08:25:56,273] Trial 738 finished with value: 0.44657787680625916 and parameters: {'mlp_n_layers': 2, 'mlp_dim_00': 406, 'mlp_dim_01': 410, 'node_hidden_dim': 60, 'edge_hidden_dim': 61, 'depth': 2, 'rep_dropout': 0.006596174052705362, 'train_learning_rate': 0.006021630734842082, 'train_lr_reduce': 0.6}. Best is trial 724 with value: 0.1670333594083786.
[I 2024-12-19 08:26:00,093] Trial 739 finished with value: 0.81695556640625 and parameters: {'mlp_n_layers': 3, 'mlp_dim_00': 479, 'mlp_dim_01': 223, 'mlp_dim_02': 471, 'node_hidden_dim': 126, 'edge_hidden_dim': 55, 'depth': 3, 'rep_dropout': 0.026830378505364672, 'train_learning_rate': 0.006293209859046107, 'train_lr_reduce': 0.6}. Best is trial 724 with value: 0.1670333594083786.
[I 2024-12-19 08:26:03,708] Trial 741 finished with value: 1.1426591873168945 and parameters: {'mlp_n_layers': 4, 'mlp_dim_00': 338, 'mlp_dim_01': 76, 'mlp_dim_02': 424, 'mlp_dim_03': 67, 'node_hidden_dim': 82, 'edge_hidden_dim': 57, 'depth': 3, 'rep_dropout': 0.11877611534605516, 'train_learning_rate': 0.001080591282255748, 'train_lr_reduce': 0.6}. Best is trial 724 with value: 0.1670333594083786.
