[I 2024-12-15 22:19:53,193] Trial 293 finished with value: 0.10509298741817474 and parameters: {'mlp_n_layers': 2, 'mlp_dim_00': 208, 'mlp_dim_01': 240, 'hidden_channels': 176, 'num_layers': 1, 'num_timesteps': 4, 'dropout': 0.286579579524546, 'train_learning_rate': 0.009613557291895263, 'train_lr_reduce': 0.6}. Best is trial 130 with value: 0.0812772810459137.
[I 2024-12-15 22:19:55,932] Trial 291 finished with value: 0.13387420773506165 and parameters: {'mlp_n_layers': 3, 'mlp_dim_00': 128, 'mlp_dim_01': 224, 'mlp_dim_02': 128, 'hidden_channels': 32, 'num_layers': 2, 'num_timesteps': 4, 'dropout': 0.1856721397299648, 'train_learning_rate': 0.0008056618553620467, 'train_lr_reduce': 0.6}. Best is trial 130 with value: 0.0812772810459137.
[I 2024-12-15 22:20:03,527] Trial 294 finished with value: 0.13521355390548706 and parameters: {'mlp_n_layers': 3, 'mlp_dim_00': 32, 'mlp_dim_01': 224, 'mlp_dim_02': 144, 'hidden_channels': 32, 'num_layers': 2, 'num_timesteps': 4, 'dropout': 0.1769182408469137, 'train_learning_rate': 0.004874963518456827, 'train_lr_reduce': 0.6}. Best is trial 130 with value: 0.0812772810459137.
[I 2024-12-15 22:20:08,095] Trial 295 finished with value: 0.1079355850815773 and parameters: {'mlp_n_layers': 2, 'mlp_dim_00': 96, 'mlp_dim_01': 160, 'hidden_channels': 32, 'num_layers': 3, 'num_timesteps': 2, 'dropout': 0.28567518412889065, 'train_learning_rate': 0.009282561474712644, 'train_lr_reduce': 0.6}. Best is trial 130 with value: 0.0812772810459137.
[I 2024-12-15 22:20:11,049] Trial 296 finished with value: 0.12487531453371048 and parameters: {'mlp_n_layers': 2, 'mlp_dim_00': 32, 'mlp_dim_01': 240, 'hidden_channels': 32, 'num_layers': 3, 'num_timesteps': 4, 'dropout': 0.07794301743033911, 'train_learning_rate': 0.0031901424712955165, 'train_lr_reduce': 0.6}. Best is trial 130 with value: 0.0812772810459137.
[I 2024-12-15 22:20:19,490] Trial 298 finished with value: 0.12423307448625565 and parameters: {'mlp_n_layers': 2, 'mlp_dim_00': 176, 'mlp_dim_01': 256, 'hidden_channels': 208, 'num_layers': 1, 'num_timesteps': 3, 'dropout': 0.18411278917930624, 'train_learning_rate': 0.0021811698504715297, 'train_lr_reduce': 0.6}. Best is trial 130 with value: 0.0812772810459137.
[I 2024-12-15 22:20:24,413] Trial 299 finished with value: 0.10525587201118469 and parameters: {'mlp_n_layers': 2, 'mlp_dim_00': 80, 'mlp_dim_01': 256, 'hidden_channels': 48, 'num_layers': 2, 'num_timesteps': 4, 'dropout': 0.08113268588418909, 'train_learning_rate': 0.0036803362629147917, 'train_lr_reduce': 0.6}. Best is trial 130 with value: 0.0812772810459137.
[I 2024-12-15 22:20:31,063] Trial 297 finished with value: 0.19589115679264069 and parameters: {'mlp_n_layers': 4, 'mlp_dim_00': 192, 'mlp_dim_01': 32, 'mlp_dim_02': 144, 'mlp_dim_03': 80, 'hidden_channels': 128, 'num_layers': 4, 'num_timesteps': 1, 'dropout': 0.03894482054463634, 'train_learning_rate': 0.00014878799108728908, 'train_lr_reduce': 0.6}. Best is trial 130 with value: 0.0812772810459137.
[I 2024-12-15 22:20:37,119] Trial 300 finished with value: 0.10176589339971542 and parameters: {'mlp_n_layers': 2, 'mlp_dim_00': 192, 'mlp_dim_01': 240, 'hidden_channels': 240, 'num_layers': 1, 'num_timesteps': 3, 'dropout': 0.2988927624864233, 'train_learning_rate': 0.007513881299648415, 'train_lr_reduce': 0.6}. Best is trial 130 with value: 0.0812772810459137.
[I 2024-12-15 22:20:38,596] Trial 301 finished with value: 0.11072199046611786 and parameters: {'mlp_n_layers': 2, 'mlp_dim_00': 240, 'mlp_dim_01': 208, 'hidden_channels': 128, 'num_layers': 1, 'num_timesteps': 3, 'dropout': 0.29323725005480955, 'train_learning_rate': 0.0056932826058213835, 'train_lr_reduce': 0.6}. Best is trial 130 with value: 0.0812772810459137.
[I 2024-12-15 22:20:49,424] Trial 303 finished with value: 0.1445675790309906 and parameters: {'mlp_n_layers': 3, 'mlp_dim_00': 208, 'mlp_dim_01': 176, 'mlp_dim_02': 256, 'hidden_channels': 32, 'num_layers': 1, 'num_timesteps': 1, 'dropout': 0.2941063460157941, 'train_learning_rate': 0.009127878685004509, 'train_lr_reduce': 0.6}. Best is trial 130 with value: 0.0812772810459137.
[I 2024-12-15 22:20:49,616] Trial 302 finished with value: 0.13660894334316254 and parameters: {'mlp_n_layers': 4, 'mlp_dim_00': 240, 'mlp_dim_01': 144, 'mlp_dim_02': 144, 'mlp_dim_03': 112, 'hidden_channels': 144, 'num_layers': 3, 'num_timesteps': 1, 'dropout': 0.005327219222899415, 'train_learning_rate': 0.0012091073771555456, 'train_lr_reduce': 0.6}. Best is trial 130 with value: 0.0812772810459137.
[I 2024-12-15 22:20:57,952] Trial 304 finished with value: 0.1262681782245636 and parameters: {'mlp_n_layers': 2, 'mlp_dim_00': 160, 'mlp_dim_01': 224, 'hidden_channels': 48, 'num_layers': 1, 'num_timesteps': 4, 'dropout': 0.2510935536860275, 'train_learning_rate': 0.0012636598033785027, 'train_lr_reduce': 0.6}. Best is trial 130 with value: 0.0812772810459137.
[I 2024-12-15 22:21:03,075] Trial 306 finished with value: 0.12547458708286285 and parameters: {'mlp_n_layers': 2, 'mlp_dim_00': 192, 'mlp_dim_01': 240, 'hidden_channels': 48, 'num_layers': 2, 'num_timesteps': 4, 'dropout': 0.19107597498614537, 'train_learning_rate': 0.0023321626154848, 'train_lr_reduce': 0.6}. Best is trial 130 with value: 0.0812772810459137.
[I 2024-12-15 22:21:05,594] Trial 305 finished with value: 0.11603089421987534 and parameters: {'mlp_n_layers': 2, 'mlp_dim_00': 240, 'mlp_dim_01': 240, 'hidden_channels': 144, 'num_layers': 2, 'num_timesteps': 3, 'dropout': 0.27451825057905155, 'train_learning_rate': 0.00310508922772729, 'train_lr_reduce': 0.6}. Best is trial 130 with value: 0.0812772810459137.
[I 2024-12-15 22:21:12,180] Trial 307 finished with value: 0.11246956884860992 and parameters: {'mlp_n_layers': 3, 'mlp_dim_00': 208, 'mlp_dim_01': 176, 'mlp_dim_02': 144, 'hidden_channels': 112, 'num_layers': 1, 'num_timesteps': 3, 'dropout': 0.24290966117068807, 'train_learning_rate': 0.005548932181024366, 'train_lr_reduce': 0.6}. Best is trial 130 with value: 0.0812772810459137.
[I 2024-12-15 22:21:18,744] Trial 308 finished with value: 0.12090315669775009 and parameters: {'mlp_n_layers': 2, 'mlp_dim_00': 224, 'mlp_dim_01': 192, 'hidden_channels': 224, 'num_layers': 1, 'num_timesteps': 4, 'dropout': 0.24066340898964425, 'train_learning_rate': 0.006799678082924431, 'train_lr_reduce': 0.6}. Best is trial 130 with value: 0.0812772810459137.
[I 2024-12-15 22:21:24,141] Trial 309 finished with value: 0.11873040348291397 and parameters: {'mlp_n_layers': 2, 'mlp_dim_00': 256, 'mlp_dim_01': 256, 'hidden_channels': 208, 'num_layers': 1, 'num_timesteps': 4, 'dropout': 0.2846476417406876, 'train_learning_rate': 0.0065287543474725285, 'train_lr_reduce': 0.6}. Best is trial 130 with value: 0.0812772810459137.
[I 2024-12-15 22:21:28,235] Trial 310 finished with value: 0.12378095090389252 and parameters: {'mlp_n_layers': 2, 'mlp_dim_00': 64, 'mlp_dim_01': 192, 'hidden_channels': 96, 'num_layers': 3, 'num_timesteps': 3, 'dropout': 0.06259154601208482, 'train_learning_rate': 0.006017701149002708, 'train_lr_reduce': 0.6}. Best is trial 130 with value: 0.0812772810459137.
[I 2024-12-15 22:21:31,232] Trial 311 finished with value: 0.10381484776735306 and parameters: {'mlp_n_layers': 4, 'mlp_dim_00': 240, 'mlp_dim_01': 192, 'mlp_dim_02': 128, 'mlp_dim_03': 256, 'hidden_channels': 32, 'num_layers': 1, 'num_timesteps': 1, 'dropout': 0.15296658430523102, 'train_learning_rate': 0.0072897559766460784, 'train_lr_reduce': 0.6}. Best is trial 130 with value: 0.0812772810459137.
[I 2024-12-15 22:21:36,060] Trial 312 finished with value: 0.10382253676652908 and parameters: {'mlp_n_layers': 2, 'mlp_dim_00': 240, 'mlp_dim_01': 160, 'hidden_channels': 128, 'num_layers': 1, 'num_timesteps': 3, 'dropout': 0.19172440394054924, 'train_learning_rate': 0.0046053205861139755, 'train_lr_reduce': 0.6}. Best is trial 130 with value: 0.0812772810459137.
[I 2024-12-15 22:21:43,817] Trial 313 finished with value: 0.09944701194763184 and parameters: {'mlp_n_layers': 2, 'mlp_dim_00': 192, 'mlp_dim_01': 256, 'hidden_channels': 144, 'num_layers': 1, 'num_timesteps': 1, 'dropout': 0.17543444062205332, 'train_learning_rate': 0.0042051453008697505, 'train_lr_reduce': 0.6}. Best is trial 130 with value: 0.0812772810459137.
[I 2024-12-15 22:21:48,534] Trial 315 finished with value: 0.201823428273201 and parameters: {'mlp_n_layers': 3, 'mlp_dim_00': 32, 'mlp_dim_01': 160, 'mlp_dim_02': 224, 'hidden_channels': 32, 'num_layers': 1, 'num_timesteps': 1, 'dropout': 0.2995699229194707, 'train_learning_rate': 0.0013201798662222308, 'train_lr_reduce': 0.6}. Best is trial 130 with value: 0.0812772810459137.
[I 2024-12-15 22:21:58,689] Trial 316 finished with value: 0.11165706813335419 and parameters: {'mlp_n_layers': 2, 'mlp_dim_00': 208, 'mlp_dim_01': 48, 'hidden_channels': 64, 'num_layers': 3, 'num_timesteps': 4, 'dropout': 0.2896437360493032, 'train_learning_rate': 0.003923992525834834, 'train_lr_reduce': 0.6}. Best is trial 130 with value: 0.0812772810459137.
[I 2024-12-15 22:21:58,909] Trial 317 finished with value: 0.10336150228977203 and parameters: {'mlp_n_layers': 2, 'mlp_dim_00': 256, 'mlp_dim_01': 240, 'hidden_channels': 176, 'num_layers': 1, 'num_timesteps': 3, 'dropout': 0.22048730733377253, 'train_learning_rate': 0.0034987090325277674, 'train_lr_reduce': 0.6}. Best is trial 130 with value: 0.0812772810459137.
[I 2024-12-15 22:21:59,107] Trial 314 finished with value: 0.15573382377624512 and parameters: {'mlp_n_layers': 4, 'mlp_dim_00': 112, 'mlp_dim_01': 32, 'mlp_dim_02': 144, 'mlp_dim_03': 48, 'hidden_channels': 128, 'num_layers': 4, 'num_timesteps': 3, 'dropout': 0.06688428287866607, 'train_learning_rate': 0.0002515030656813341, 'train_lr_reduce': 0.6}. Best is trial 130 with value: 0.0812772810459137.
[I 2024-12-15 22:22:07,594] Trial 318 finished with value: 0.10462390631437302 and parameters: {'mlp_n_layers': 2, 'mlp_dim_00': 32, 'mlp_dim_01': 224, 'hidden_channels': 32, 'num_layers': 1, 'num_timesteps': 4, 'dropout': 0.136351810987994, 'train_learning_rate': 0.006670808157245054, 'train_lr_reduce': 0.6}. Best is trial 130 with value: 0.0812772810459137.
[I 2024-12-15 22:22:12,646] Trial 319 finished with value: 0.09955353289842606 and parameters: {'mlp_n_layers': 2, 'mlp_dim_00': 192, 'mlp_dim_01': 96, 'hidden_channels': 48, 'num_layers': 1, 'num_timesteps': 4, 'dropout': 0.29925540702902903, 'train_learning_rate': 0.005165893536810854, 'train_lr_reduce': 0.6}. Best is trial 130 with value: 0.0812772810459137.
[I 2024-12-15 22:22:15,309] Trial 320 finished with value: 0.13277338445186615 and parameters: {'mlp_n_layers': 4, 'mlp_dim_00': 256, 'mlp_dim_01': 192, 'mlp_dim_02': 112, 'mlp_dim_03': 112, 'hidden_channels': 176, 'num_layers': 1, 'num_timesteps': 1, 'dropout': 0.2699503213132091, 'train_learning_rate': 0.0010459019691839307, 'train_lr_reduce': 0.6}. Best is trial 130 with value: 0.0812772810459137.
[I 2024-12-15 22:22:22,499] Trial 322 finished with value: 0.1001238152384758 and parameters: {'mlp_n_layers': 2, 'mlp_dim_00': 256, 'mlp_dim_01': 256, 'hidden_channels': 32, 'num_layers': 2, 'num_timesteps': 1, 'dropout': 0.26090254894237214, 'train_learning_rate': 0.007021266967312363, 'train_lr_reduce': 0.6}. Best is trial 130 with value: 0.0812772810459137.
[I 2024-12-15 22:22:28,007] Trial 321 finished with value: 0.11414744704961777 and parameters: {'mlp_n_layers': 2, 'mlp_dim_00': 80, 'mlp_dim_01': 80, 'hidden_channels': 32, 'num_layers': 2, 'num_timesteps': 2, 'dropout': 0.08054727017220606, 'train_learning_rate': 0.0010645130589565204, 'train_lr_reduce': 0.6}. Best is trial 130 with value: 0.0812772810459137.
[I 2024-12-15 22:22:32,919] Trial 323 finished with value: 0.10162133723497391 and parameters: {'mlp_n_layers': 2, 'mlp_dim_00': 64, 'mlp_dim_01': 208, 'hidden_channels': 32, 'num_layers': 3, 'num_timesteps': 4, 'dropout': 0.09923085253911205, 'train_learning_rate': 0.007085016744424846, 'train_lr_reduce': 0.6}. Best is trial 130 with value: 0.0812772810459137.
[I 2024-12-15 22:22:54,370] Trial 326 finished with value: 0.12264776229858398 and parameters: {'mlp_n_layers': 2, 'mlp_dim_00': 160, 'mlp_dim_01': 112, 'hidden_channels': 64, 'num_layers': 4, 'num_timesteps': 1, 'dropout': 0.08770339074301253, 'train_learning_rate': 0.0012625260660047216, 'train_lr_reduce': 0.6}. Best is trial 130 with value: 0.0812772810459137.
[I 2024-12-15 22:22:54,850] Trial 324 finished with value: 0.16329753398895264 and parameters: {'mlp_n_layers': 4, 'mlp_dim_00': 256, 'mlp_dim_01': 80, 'mlp_dim_02': 160, 'mlp_dim_03': 64, 'hidden_channels': 144, 'num_layers': 4, 'num_timesteps': 2, 'dropout': 0.21998345427893196, 'train_learning_rate': 0.00033918895667885693, 'train_lr_reduce': 0.6}. Best is trial 130 with value: 0.0812772810459137.
[I 2024-12-15 22:23:00,088] Trial 325 finished with value: 0.19027364253997803 and parameters: {'mlp_n_layers': 4, 'mlp_dim_00': 48, 'mlp_dim_01': 256, 'mlp_dim_02': 48, 'mlp_dim_03': 32, 'hidden_channels': 192, 'num_layers': 3, 'num_timesteps': 3, 'dropout': 0.16676374770796687, 'train_learning_rate': 0.00035681706912339293, 'train_lr_reduce': 0.6}. Best is trial 130 with value: 0.0812772810459137.
[I 2024-12-15 22:23:11,526] Trial 328 finished with value: 0.13885629177093506 and parameters: {'mlp_n_layers': 2, 'mlp_dim_00': 224, 'mlp_dim_01': 48, 'hidden_channels': 96, 'num_layers': 3, 'num_timesteps': 3, 'dropout': 0.29285364835275535, 'train_learning_rate': 0.009426203913793436, 'train_lr_reduce': 0.6}. Best is trial 130 with value: 0.0812772810459137.
[I 2024-12-15 22:23:12,986] Trial 329 finished with value: 0.13365304470062256 and parameters: {'mlp_n_layers': 2, 'mlp_dim_00': 128, 'mlp_dim_01': 208, 'hidden_channels': 32, 'num_layers': 2, 'num_timesteps': 3, 'dropout': 0.19421878987806146, 'train_learning_rate': 0.0025437805355689905, 'train_lr_reduce': 0.6}. Best is trial 130 with value: 0.0812772810459137.
[I 2024-12-15 22:23:18,647] Trial 327 finished with value: 0.13627102971076965 and parameters: {'mlp_n_layers': 3, 'mlp_dim_00': 192, 'mlp_dim_01': 48, 'mlp_dim_02': 176, 'hidden_channels': 32, 'num_layers': 2, 'num_timesteps': 4, 'dropout': 0.27622533982518666, 'train_learning_rate': 0.001002305941975204, 'train_lr_reduce': 0.6}. Best is trial 130 with value: 0.0812772810459137.
[I 2024-12-15 22:23:23,104] Trial 330 finished with value: 0.11361405998468399 and parameters: {'mlp_n_layers': 3, 'mlp_dim_00': 240, 'mlp_dim_01': 208, 'mlp_dim_02': 128, 'hidden_channels': 80, 'num_layers': 1, 'num_timesteps': 2, 'dropout': 0.25591641333966814, 'train_learning_rate': 0.005373625158232135, 'train_lr_reduce': 0.6}. Best is trial 130 with value: 0.0812772810459137.
[I 2024-12-15 22:23:24,621] Trial 331 finished with value: 0.11441463977098465 and parameters: {'mlp_n_layers': 3, 'mlp_dim_00': 176, 'mlp_dim_01': 176, 'mlp_dim_02': 224, 'hidden_channels': 128, 'num_layers': 1, 'num_timesteps': 2, 'dropout': 0.2814754330623243, 'train_learning_rate': 0.009359234855731934, 'train_lr_reduce': 0.6}. Best is trial 130 with value: 0.0812772810459137.
[I 2024-12-15 22:23:33,372] Trial 332 finished with value: 0.10519211739301682 and parameters: {'mlp_n_layers': 2, 'mlp_dim_00': 208, 'mlp_dim_01': 144, 'hidden_channels': 32, 'num_layers': 3, 'num_timesteps': 4, 'dropout': 0.12346332762821427, 'train_learning_rate': 0.0038953725440276075, 'train_lr_reduce': 0.6}. Best is trial 130 with value: 0.0812772810459137.
[I 2024-12-15 22:23:40,700] Trial 333 finished with value: 0.13082927465438843 and parameters: {'mlp_n_layers': 3, 'mlp_dim_00': 256, 'mlp_dim_01': 144, 'mlp_dim_02': 160, 'hidden_channels': 48, 'num_layers': 3, 'num_timesteps': 2, 'dropout': 0.2898381067837667, 'train_learning_rate': 0.0019277760366726061, 'train_lr_reduce': 0.6}. Best is trial 130 with value: 0.0812772810459137.
[I 2024-12-15 22:23:42,249] Trial 334 finished with value: 0.11489174515008926 and parameters: {'mlp_n_layers': 3, 'mlp_dim_00': 160, 'mlp_dim_01': 48, 'mlp_dim_02': 192, 'hidden_channels': 32, 'num_layers': 3, 'num_timesteps': 3, 'dropout': 0.10556643168678272, 'train_learning_rate': 0.0027326395459160253, 'train_lr_reduce': 0.6}. Best is trial 130 with value: 0.0812772810459137.
[I 2024-12-15 22:23:52,399] Trial 336 finished with value: 0.12340295314788818 and parameters: {'mlp_n_layers': 2, 'mlp_dim_00': 208, 'mlp_dim_01': 144, 'hidden_channels': 192, 'num_layers': 2, 'num_timesteps': 3, 'dropout': 0.012010450323307276, 'train_learning_rate': 0.0057561207907509265, 'train_lr_reduce': 0.6}. Best is trial 130 with value: 0.0812772810459137.
[I 2024-12-15 22:23:57,138] Trial 337 finished with value: 0.1032324880361557 and parameters: {'mlp_n_layers': 2, 'mlp_dim_00': 240, 'mlp_dim_01': 96, 'hidden_channels': 32, 'num_layers': 2, 'num_timesteps': 4, 'dropout': 0.2670020166765226, 'train_learning_rate': 0.0031606597165372958, 'train_lr_reduce': 0.6}. Best is trial 130 with value: 0.0812772810459137.
[I 2024-12-15 22:23:59,935] Trial 335 finished with value: 0.19654905796051025 and parameters: {'mlp_n_layers': 2, 'mlp_dim_00': 144, 'mlp_dim_01': 176, 'hidden_channels': 96, 'num_layers': 3, 'num_timesteps': 4, 'dropout': 0.23663162632232904, 'train_learning_rate': 0.0001516035903773627, 'train_lr_reduce': 0.6}. Best is trial 130 with value: 0.0812772810459137.
[I 2024-12-15 22:24:08,021] Trial 339 finished with value: 0.13340069353580475 and parameters: {'mlp_n_layers': 2, 'mlp_dim_00': 32, 'mlp_dim_01': 224, 'hidden_channels': 32, 'num_layers': 2, 'num_timesteps': 3, 'dropout': 0.06350723948064949, 'train_learning_rate': 0.00885292994532953, 'train_lr_reduce': 0.6}. Best is trial 130 with value: 0.0812772810459137.
[I 2024-12-15 22:24:15,419] Trial 338 finished with value: 0.1392461061477661 and parameters: {'mlp_n_layers': 4, 'mlp_dim_00': 240, 'mlp_dim_01': 256, 'mlp_dim_02': 112, 'mlp_dim_03': 256, 'hidden_channels': 176, 'num_layers': 2, 'num_timesteps': 3, 'dropout': 0.18068646541108435, 'train_learning_rate': 0.0006459134909940905, 'train_lr_reduce': 0.6}. Best is trial 130 with value: 0.0812772810459137.
[I 2024-12-15 22:24:25,366] Trial 341 finished with value: 0.09792962670326233 and parameters: {'mlp_n_layers': 2, 'mlp_dim_00': 160, 'mlp_dim_01': 160, 'hidden_channels': 48, 'num_layers': 3, 'num_timesteps': 3, 'dropout': 0.27789996206720224, 'train_learning_rate': 0.0044913191707581, 'train_lr_reduce': 0.6}. Best is trial 130 with value: 0.0812772810459137.
[I 2024-12-15 22:24:27,236] Trial 340 finished with value: 0.15962526202201843 and parameters: {'mlp_n_layers': 4, 'mlp_dim_00': 176, 'mlp_dim_01': 192, 'mlp_dim_02': 208, 'mlp_dim_03': 128, 'hidden_channels': 176, 'num_layers': 2, 'num_timesteps': 4, 'dropout': 0.13401467818123694, 'train_learning_rate': 0.00013352324191851807, 'train_lr_reduce': 0.6}. Best is trial 130 with value: 0.0812772810459137.
[I 2024-12-15 22:24:30,225] Trial 342 finished with value: 0.1303802877664566 and parameters: {'mlp_n_layers': 2, 'mlp_dim_00': 192, 'mlp_dim_01': 240, 'hidden_channels': 144, 'num_layers': 1, 'num_timesteps': 3, 'dropout': 0.22315410058965454, 'train_learning_rate': 0.006243454279463282, 'train_lr_reduce': 0.6}. Best is trial 130 with value: 0.0812772810459137.
[I 2024-12-15 22:24:42,201] Trial 345 finished with value: 0.09207386523485184 and parameters: {'mlp_n_layers': 2, 'mlp_dim_00': 208, 'mlp_dim_01': 192, 'hidden_channels': 96, 'num_layers': 2, 'num_timesteps': 2, 'dropout': 0.29033581671870584, 'train_learning_rate': 0.004462624894071059, 'train_lr_reduce': 0.6}. Best is trial 130 with value: 0.0812772810459137.
[I 2024-12-15 22:24:44,070] Trial 343 finished with value: 0.1456966996192932 and parameters: {'mlp_n_layers': 4, 'mlp_dim_00': 128, 'mlp_dim_01': 192, 'mlp_dim_02': 144, 'mlp_dim_03': 208, 'hidden_channels': 80, 'num_layers': 3, 'num_timesteps': 1, 'dropout': 0.009525656115654535, 'train_learning_rate': 0.004806348681815445, 'train_lr_reduce': 0.6}. Best is trial 130 with value: 0.0812772810459137.
[I 2024-12-15 22:24:54,826] Trial 344 finished with value: 0.19608189165592194 and parameters: {'mlp_n_layers': 4, 'mlp_dim_00': 64, 'mlp_dim_01': 112, 'mlp_dim_02': 96, 'mlp_dim_03': 128, 'hidden_channels': 48, 'num_layers': 3, 'num_timesteps': 4, 'dropout': 0.11375727372912149, 'train_learning_rate': 0.00022470541256692679, 'train_lr_reduce': 0.6}. Best is trial 130 with value: 0.0812772810459137.
[I 2024-12-15 22:24:56,969] Trial 346 finished with value: 0.10049334913492203 and parameters: {'mlp_n_layers': 3, 'mlp_dim_00': 192, 'mlp_dim_01': 64, 'mlp_dim_02': 176, 'hidden_channels': 64, 'num_layers': 1, 'num_timesteps': 4, 'dropout': 0.2510428083154174, 'train_learning_rate': 0.002686249616415979, 'train_lr_reduce': 0.6}. Best is trial 130 with value: 0.0812772810459137.
[I 2024-12-15 22:25:08,217] Trial 347 finished with value: 0.20584237575531006 and parameters: {'mlp_n_layers': 4, 'mlp_dim_00': 80, 'mlp_dim_01': 144, 'mlp_dim_02': 240, 'mlp_dim_03': 160, 'hidden_channels': 160, 'num_layers': 2, 'num_timesteps': 1, 'dropout': 0.2929893715050372, 'train_learning_rate': 0.00022550674875544634, 'train_lr_reduce': 0.6}. Best is trial 130 with value: 0.0812772810459137.
[I 2024-12-15 22:25:08,833] Trial 348 finished with value: 0.1294868439435959 and parameters: {'mlp_n_layers': 2, 'mlp_dim_00': 176, 'mlp_dim_01': 192, 'hidden_channels': 96, 'num_layers': 2, 'num_timesteps': 4, 'dropout': 0.18901931208635173, 'train_learning_rate': 0.0018788277985153105, 'train_lr_reduce': 0.6}. Best is trial 130 with value: 0.0812772810459137.
[I 2024-12-15 22:25:14,098] Trial 349 finished with value: 0.12481792271137238 and parameters: {'mlp_n_layers': 2, 'mlp_dim_00': 224, 'mlp_dim_01': 176, 'hidden_channels': 80, 'num_layers': 4, 'num_timesteps': 2, 'dropout': 0.003937300843596031, 'train_learning_rate': 0.002777978964495483, 'train_lr_reduce': 0.6}. Best is trial 130 with value: 0.0812772810459137.
