[I 2024-12-04 16:19:59,499] Trial 224 finished with value: 0.5152232293998781 and parameters: {'n_estimators': 1500, 'max_depth': 7, 'learning_rate': 0.044832225371867186, 'subsample': 1.0, 'colsample_bytree': 0.6542177166928318, 'min_child_weight': 1, 'gamma': 0.0016652003123052799, 'reg_alpha': 0.00033560263450693896, 'reg_lambda': 0.00789953182179446}. Best is trial 210 with value: 0.5009369835720492.
[I 2024-12-04 16:19:59,585] Trial 226 finished with value: 0.5285668666713184 and parameters: {'n_estimators': 1500, 'max_depth': 7, 'learning_rate': 0.06483423942780835, 'subsample': 1.0, 'colsample_bytree': 0.6382614524424157, 'min_child_weight': 1, 'gamma': 0.0004357017490494661, 'reg_alpha': 4.273143437567192e-05, 'reg_lambda': 0.5}. Best is trial 210 with value: 0.5009369835720492.
[I 2024-12-04 16:19:59,593] Trial 213 finished with value: 0.5106139884198138 and parameters: {'n_estimators': 1500, 'max_depth': 6, 'learning_rate': 0.05826053978554149, 'subsample': 1.0, 'colsample_bytree': 0.676246822826502, 'min_child_weight': 1, 'gamma': 0.007987239868659034, 'reg_alpha': 0.00030467440410737577, 'reg_lambda': 0.2794762572134894}. Best is trial 210 with value: 0.5009369835720492.
[I 2024-12-04 16:20:01,682] Trial 227 finished with value: 0.5237311778780677 and parameters: {'n_estimators': 1500, 'max_depth': 7, 'learning_rate': 0.06406353334576287, 'subsample': 1.0, 'colsample_bytree': 0.6387051141694687, 'min_child_weight': 1, 'gamma': 0.0004566841609531102, 'reg_alpha': 4.2673503717917695e-05, 'reg_lambda': 0.5}. Best is trial 210 with value: 0.5009369835720492.
[I 2024-12-04 16:20:02,279] Trial 223 finished with value: 0.5124095439396898 and parameters: {'n_estimators': 1500, 'max_depth': 7, 'learning_rate': 0.04484189799155878, 'subsample': 1.0, 'colsample_bytree': 0.6541396779239255, 'min_child_weight': 1, 'gamma': 0.0016595778889541702, 'reg_alpha': 0.0003340222405195007, 'reg_lambda': 0.007885293711820136}. Best is trial 210 with value: 0.5009369835720492.
[I 2024-12-04 16:20:02,916] Trial 222 finished with value: 0.5078943293774735 and parameters: {'n_estimators': 1500, 'max_depth': 7, 'learning_rate': 0.04546128437609142, 'subsample': 1.0, 'colsample_bytree': 0.6560302146890362, 'min_child_weight': 1, 'gamma': 0.001943529581878994, 'reg_alpha': 0.00040138065347121834, 'reg_lambda': 0.010590850821767497}. Best is trial 210 with value: 0.5009369835720492.
[I 2024-12-04 16:20:03,646] Trial 230 finished with value: 0.5358412210195874 and parameters: {'n_estimators': 1500, 'max_depth': 6, 'learning_rate': 0.09274256880371069, 'subsample': 1.0, 'colsample_bytree': 0.6215005844403365, 'min_child_weight': 1, 'gamma': 4.292496996369359e-05, 'reg_alpha': 2.3624741020857478e-05, 'reg_lambda': 0.5}. Best is trial 210 with value: 0.5009369835720492.
[I 2024-12-04 16:20:03,686] Trial 231 finished with value: 0.5389726945464403 and parameters: {'n_estimators': 1500, 'max_depth': 6, 'learning_rate': 0.07183540003023516, 'subsample': 1.0, 'colsample_bytree': 0.647073454712829, 'min_child_weight': 1, 'gamma': 0.0013787390793270381, 'reg_alpha': 4.561648156081976e-05, 'reg_lambda': 0.5}. Best is trial 210 with value: 0.5009369835720492.
[I 2024-12-04 16:20:04,292] Trial 229 finished with value: 0.5659457805188547 and parameters: {'n_estimators': 1500, 'max_depth': 6, 'learning_rate': 0.08782218813903951, 'subsample': 1.0, 'colsample_bytree': 0.624957454528563, 'min_child_weight': 1, 'gamma': 6.39115055665754e-05, 'reg_alpha': 2.4156475309263513e-05, 'reg_lambda': 0.5}. Best is trial 210 with value: 0.5009369835720492.
[I 2024-12-04 16:20:05,995] Trial 228 finished with value: 0.5354189280079795 and parameters: {'n_estimators': 1500, 'max_depth': 7, 'learning_rate': 0.06641454152683708, 'subsample': 1.0, 'colsample_bytree': 0.6339494969540571, 'min_child_weight': 1, 'gamma': 0.00026106692454671437, 'reg_alpha': 3.300560611410749e-05, 'reg_lambda': 0.4999999999999991}. Best is trial 210 with value: 0.5009369835720492.
[I 2024-12-04 16:20:06,839] Trial 232 finished with value: 0.5903229903881575 and parameters: {'n_estimators': 1500, 'max_depth': 12, 'learning_rate': 0.036684030963086305, 'subsample': 1.0, 'colsample_bytree': 1.0, 'min_child_weight': 5, 'gamma': 1e-05, 'reg_alpha': 1e-05, 'reg_lambda': 1e-05}. Best is trial 210 with value: 0.5009369835720492.
[I 2024-12-04 16:20:08,038] Trial 233 finished with value: 0.601790703796275 and parameters: {'n_estimators': 1500, 'max_depth': 12, 'learning_rate': 0.03138814903895326, 'subsample': 1.0, 'colsample_bytree': 1.0, 'min_child_weight': 5, 'gamma': 1e-05, 'reg_alpha': 1e-05, 'reg_lambda': 1e-05}. Best is trial 210 with value: 0.5009369835720492.
[I 2024-12-04 16:20:08,082] Trial 237 finished with value: 0.591999029995616 and parameters: {'n_estimators': 1474, 'max_depth': 12, 'learning_rate': 0.027448896047067593, 'subsample': 1.0, 'colsample_bytree': 1.0, 'min_child_weight': 5, 'gamma': 1e-05, 'reg_alpha': 1e-05, 'reg_lambda': 1e-05}. Best is trial 210 with value: 0.5009369835720492.
[I 2024-12-04 16:20:08,196] Trial 235 finished with value: 0.5999481877060644 and parameters: {'n_estimators': 1466, 'max_depth': 12, 'learning_rate': 0.026871684355093486, 'subsample': 1.0, 'colsample_bytree': 1.0, 'min_child_weight': 5, 'gamma': 1e-05, 'reg_alpha': 1e-05, 'reg_lambda': 1e-05}. Best is trial 210 with value: 0.5009369835720492.
[I 2024-12-04 16:20:08,342] Trial 239 finished with value: 0.6054052324333415 and parameters: {'n_estimators': 1328, 'max_depth': 12, 'learning_rate': 0.024686512922359564, 'subsample': 1.0, 'colsample_bytree': 1.0, 'min_child_weight': 5, 'gamma': 1e-05, 'reg_alpha': 1e-05, 'reg_lambda': 1e-05}. Best is trial 210 with value: 0.5009369835720492.
[I 2024-12-04 16:20:08,988] Trial 240 finished with value: 0.5995535064941864 and parameters: {'n_estimators': 1329, 'max_depth': 12, 'learning_rate': 0.02442911568835001, 'subsample': 1.0, 'colsample_bytree': 1.0, 'min_child_weight': 5, 'gamma': 1e-05, 'reg_alpha': 1e-05, 'reg_lambda': 1e-05}. Best is trial 210 with value: 0.5009369835720492.
[I 2024-12-04 16:20:09,557] Trial 234 finished with value: 0.5972593876873291 and parameters: {'n_estimators': 1500, 'max_depth': 12, 'learning_rate': 0.03151498846704995, 'subsample': 1.0, 'colsample_bytree': 1.0, 'min_child_weight': 5, 'gamma': 1e-05, 'reg_alpha': 1e-05, 'reg_lambda': 1e-05}. Best is trial 210 with value: 0.5009369835720492.
[I 2024-12-04 16:20:09,756] Trial 238 finished with value: 0.5936733063034959 and parameters: {'n_estimators': 1399, 'max_depth': 12, 'learning_rate': 0.029390948939073454, 'subsample': 1.0, 'colsample_bytree': 1.0, 'min_child_weight': 5, 'gamma': 1e-05, 'reg_alpha': 1e-05, 'reg_lambda': 1e-05}. Best is trial 210 with value: 0.5009369835720492.
[I 2024-12-04 16:20:10,765] Trial 236 finished with value: 0.5963380695878143 and parameters: {'n_estimators': 1474, 'max_depth': 12, 'learning_rate': 0.02744572236878828, 'subsample': 1.0, 'colsample_bytree': 1.0, 'min_child_weight': 5, 'gamma': 1e-05, 'reg_alpha': 1e-05, 'reg_lambda': 1e-05}. Best is trial 210 with value: 0.5009369835720492.
[I 2024-12-04 16:20:11,987] Trial 243 finished with value: 0.5966707437480068 and parameters: {'n_estimators': 1392, 'max_depth': 12, 'learning_rate': 0.022500890131261955, 'subsample': 1.0, 'colsample_bytree': 1.0, 'min_child_weight': 5, 'gamma': 1e-05, 'reg_alpha': 1e-05, 'reg_lambda': 1e-05}. Best is trial 210 with value: 0.5009369835720492.
[I 2024-12-04 16:20:13,079] Trial 241 finished with value: 0.5980754967996074 and parameters: {'n_estimators': 1360, 'max_depth': 12, 'learning_rate': 0.024760101645671585, 'subsample': 1.0, 'colsample_bytree': 1.0, 'min_child_weight': 5, 'gamma': 1e-05, 'reg_alpha': 1e-05, 'reg_lambda': 1e-05}. Best is trial 210 with value: 0.5009369835720492.
[I 2024-12-04 16:20:13,082] Trial 242 finished with value: 0.5991187471119311 and parameters: {'n_estimators': 1391, 'max_depth': 12, 'learning_rate': 0.022856590470265552, 'subsample': 1.0, 'colsample_bytree': 1.0, 'min_child_weight': 5, 'gamma': 1e-05, 'reg_alpha': 1e-05, 'reg_lambda': 1e-05}. Best is trial 210 with value: 0.5009369835720492.
[I 2024-12-04 16:20:13,931] Trial 244 finished with value: 0.5942575261551234 and parameters: {'n_estimators': 1189, 'max_depth': 12, 'learning_rate': 0.016963204148807202, 'subsample': 1.0, 'colsample_bytree': 1.0, 'min_child_weight': 5, 'gamma': 1e-05, 'reg_alpha': 1e-05, 'reg_lambda': 1e-05}. Best is trial 210 with value: 0.5009369835720492.
[I 2024-12-04 16:20:13,951] Trial 246 finished with value: 0.5934082600124506 and parameters: {'n_estimators': 1269, 'max_depth': 12, 'learning_rate': 0.01470940401719846, 'subsample': 1.0, 'colsample_bytree': 1.0, 'min_child_weight': 5, 'gamma': 1e-05, 'reg_alpha': 1e-05, 'reg_lambda': 1e-05}. Best is trial 210 with value: 0.5009369835720492.
[I 2024-12-04 16:20:14,130] Trial 245 finished with value: 0.5952845684829661 and parameters: {'n_estimators': 1291, 'max_depth': 12, 'learning_rate': 0.016786790384030623, 'subsample': 1.0, 'colsample_bytree': 1.0, 'min_child_weight': 5, 'gamma': 1e-05, 'reg_alpha': 1e-05, 'reg_lambda': 1e-05}. Best is trial 210 with value: 0.5009369835720492.
[I 2024-12-04 16:20:16,857] Trial 248 finished with value: 0.5966147597493432 and parameters: {'n_estimators': 1144, 'max_depth': 12, 'learning_rate': 0.010599752908142157, 'subsample': 1.0, 'colsample_bytree': 1.0, 'min_child_weight': 5, 'gamma': 1.5532429222957303e-05, 'reg_alpha': 1e-05, 'reg_lambda': 1e-05}. Best is trial 210 with value: 0.5009369835720492.
[I 2024-12-04 16:20:18,990] Trial 249 finished with value: 0.5951671403155874 and parameters: {'n_estimators': 1241, 'max_depth': 12, 'learning_rate': 0.010000000000000004, 'subsample': 1.0, 'colsample_bytree': 1.0, 'min_child_weight': 5, 'gamma': 1.680780938430937e-05, 'reg_alpha': 1e-05, 'reg_lambda': 1e-05}. Best is trial 210 with value: 0.5009369835720492.
[I 2024-12-04 16:20:19,740] Trial 250 finished with value: 0.5951671403155874 and parameters: {'n_estimators': 1241, 'max_depth': 12, 'learning_rate': 0.010000000000000004, 'subsample': 1.0, 'colsample_bytree': 1.0, 'min_child_weight': 5, 'gamma': 1.6845246935767077e-05, 'reg_alpha': 1e-05, 'reg_lambda': 1e-05}. Best is trial 210 with value: 0.5009369835720492.
[I 2024-12-04 16:20:21,343] Trial 247 finished with value: 0.594930098523245 and parameters: {'n_estimators': 1239, 'max_depth': 12, 'learning_rate': 0.010000000000000004, 'subsample': 1.0, 'colsample_bytree': 1.0, 'min_child_weight': 5, 'gamma': 1.6642575453401233e-05, 'reg_alpha': 1e-05, 'reg_lambda': 1e-05}. Best is trial 210 with value: 0.5009369835720492.
[I 2024-12-04 16:20:23,436] Trial 254 finished with value: 0.5919253612713796 and parameters: {'n_estimators': 1296, 'max_depth': 12, 'learning_rate': 0.010000000000000004, 'subsample': 1.0, 'colsample_bytree': 1.0, 'min_child_weight': 5, 'gamma': 2.178420612759961e-05, 'reg_alpha': 1e-05, 'reg_lambda': 1e-05}. Best is trial 210 with value: 0.5009369835720492.
[I 2024-12-04 16:20:25,804] Trial 251 finished with value: 0.5925829692637967 and parameters: {'n_estimators': 1337, 'max_depth': 12, 'learning_rate': 0.010000000000000004, 'subsample': 1.0, 'colsample_bytree': 1.0, 'min_child_weight': 5, 'gamma': 2.2552516180928055e-05, 'reg_alpha': 1e-05, 'reg_lambda': 1e-05}. Best is trial 210 with value: 0.5009369835720492.
[I 2024-12-04 16:20:27,345] Trial 255 finished with value: 0.5001848126028813 and parameters: {'n_estimators': 1500, 'max_depth': 11, 'learning_rate': 0.04417214708437203, 'subsample': 1.0, 'colsample_bytree': 0.7285550436457394, 'min_child_weight': 1, 'gamma': 0.021449722167626854, 'reg_alpha': 0.05471199527311517, 'reg_lambda': 0.015193180435154982}. Best is trial 255 with value: 0.5001848126028813.
[I 2024-12-04 16:20:28,271] Trial 252 finished with value: 0.5044796062319731 and parameters: {'n_estimators': 1500, 'max_depth': 11, 'learning_rate': 0.04420196563709039, 'subsample': 1.0, 'colsample_bytree': 0.7285453085329907, 'min_child_weight': 1, 'gamma': 0.021479818508120387, 'reg_alpha': 0.0546454980799278, 'reg_lambda': 0.015230080308878059}. Best is trial 255 with value: 0.5001848126028813.
[I 2024-12-04 16:20:30,505] Trial 253 finished with value: 0.5031568901788857 and parameters: {'n_estimators': 1500, 'max_depth': 11, 'learning_rate': 0.04418153374334683, 'subsample': 1.0, 'colsample_bytree': 0.7285520244918621, 'min_child_weight': 1, 'gamma': 0.021461422700290996, 'reg_alpha': 0.05467442254826016, 'reg_lambda': 0.015208533228659015}. Best is trial 255 with value: 0.5001848126028813.
[I 2024-12-04 16:20:31,335] Trial 257 finished with value: 0.5265531956369407 and parameters: {'n_estimators': 1500, 'max_depth': 12, 'learning_rate': 0.06494726101729141, 'subsample': 1.0, 'colsample_bytree': 0.5, 'min_child_weight': 1, 'gamma': 1.8230342292771353e-05, 'reg_alpha': 2.579227201445094e-05, 'reg_lambda': 1e-05}. Best is trial 255 with value: 0.5001848126028813.
[I 2024-12-04 16:20:32,491] Trial 286 finished with value: 0.4954403817650625 and parameters: {'n_estimators': 1334, 'max_depth': 7, 'learning_rate': 0.05023388469787417, 'subsample': 0.9811293488518076, 'colsample_bytree': 0.5847187897218006, 'min_child_weight': 1, 'gamma': 0.0026046598159505576, 'reg_alpha': 0.0002314729162067633, 'reg_lambda': 0.10079720924920559}. Best is trial 286 with value: 0.4954403817650625.
[I 2024-12-04 16:20:32,853] Trial 258 finished with value: 0.5254531783377504 and parameters: {'n_estimators': 1500, 'max_depth': 12, 'learning_rate': 0.06615380399776662, 'subsample': 1.0, 'colsample_bytree': 0.5, 'min_child_weight': 1, 'gamma': 1.785875353480273e-05, 'reg_alpha': 2.1049468941576666e-05, 'reg_lambda': 1e-05}. Best is trial 286 with value: 0.4954403817650625.
[I 2024-12-04 16:20:34,507] Trial 260 finished with value: 0.525040244312442 and parameters: {'n_estimators': 1500, 'max_depth': 12, 'learning_rate': 0.06557984295745442, 'subsample': 1.0, 'colsample_bytree': 0.5, 'min_child_weight': 1, 'gamma': 1.7806748840898282e-05, 'reg_alpha': 1.7801905905619496e-05, 'reg_lambda': 1e-05}. Best is trial 286 with value: 0.4954403817650625.
[I 2024-12-04 16:20:34,871] Trial 261 finished with value: 0.5303104172836277 and parameters: {'n_estimators': 1500, 'max_depth': 12, 'learning_rate': 0.0666900695820255, 'subsample': 1.0, 'colsample_bytree': 0.5, 'min_child_weight': 1, 'gamma': 1.7524702603652088e-05, 'reg_alpha': 2.2063564046323864e-05, 'reg_lambda': 1e-05}. Best is trial 286 with value: 0.4954403817650625.
[I 2024-12-04 16:20:38,321] Trial 288 finished with value: 0.49422710261415403 and parameters: {'n_estimators': 1412, 'max_depth': 6, 'learning_rate': 0.050735773427515396, 'subsample': 0.9694469996645259, 'colsample_bytree': 0.7108733068970328, 'min_child_weight': 1, 'gamma': 0.0034968241108592067, 'reg_alpha': 0.001413883327823164, 'reg_lambda': 0.08899727489493885}. Best is trial 288 with value: 0.49422710261415403.
[I 2024-12-04 16:20:38,724] Trial 259 finished with value: 0.5255825367751746 and parameters: {'n_estimators': 1500, 'max_depth': 12, 'learning_rate': 0.06661306043952409, 'subsample': 1.0, 'colsample_bytree': 0.5, 'min_child_weight': 1, 'gamma': 1.747172816974818e-05, 'reg_alpha': 2.2039116204176937e-05, 'reg_lambda': 1e-05}. Best is trial 288 with value: 0.49422710261415403.
[I 2024-12-04 16:20:38,938] Trial 289 finished with value: 0.49538346085767343 and parameters: {'n_estimators': 1427, 'max_depth': 6, 'learning_rate': 0.04263619928105832, 'subsample': 0.9944094016987214, 'colsample_bytree': 0.6581801421832734, 'min_child_weight': 1, 'gamma': 0.0027366876624791, 'reg_alpha': 4.069656070970673e-05, 'reg_lambda': 0.05977266125072459}. Best is trial 288 with value: 0.49422710261415403.
[I 2024-12-04 16:20:40,366] Trial 266 finished with value: 0.5253787885087267 and parameters: {'n_estimators': 1500, 'max_depth': 12, 'learning_rate': 0.06813450605811198, 'subsample': 1.0, 'colsample_bytree': 0.5, 'min_child_weight': 1, 'gamma': 1.747603266138254e-05, 'reg_alpha': 2.168492853868497e-05, 'reg_lambda': 1e-05}. Best is trial 288 with value: 0.49422710261415403.
[I 2024-12-04 16:20:40,460] Trial 262 finished with value: 0.52854104390045 and parameters: {'n_estimators': 1500, 'max_depth': 12, 'learning_rate': 0.06783205323847788, 'subsample': 1.0, 'colsample_bytree': 0.5, 'min_child_weight': 1, 'gamma': 1.7524850442444687e-05, 'reg_alpha': 2.0719009507393105e-05, 'reg_lambda': 1e-05}. Best is trial 288 with value: 0.49422710261415403.
[I 2024-12-04 16:20:40,746] Trial 256 finished with value: 0.5059223833046327 and parameters: {'n_estimators': 1500, 'max_depth': 12, 'learning_rate': 0.04326474354012083, 'subsample': 1.0, 'colsample_bytree': 0.7239513520056091, 'min_child_weight': 1, 'gamma': 0.01924935166705827, 'reg_alpha': 0.05129823807589956, 'reg_lambda': 0.018077486192271754}. Best is trial 288 with value: 0.49422710261415403.
[I 2024-12-04 16:20:41,352] Trial 263 finished with value: 0.529680575667869 and parameters: {'n_estimators': 1500, 'max_depth': 12, 'learning_rate': 0.06811093986144505, 'subsample': 1.0, 'colsample_bytree': 0.5, 'min_child_weight': 1, 'gamma': 1.7475220230535405e-05, 'reg_alpha': 2.1723652166790334e-05, 'reg_lambda': 1e-05}. Best is trial 288 with value: 0.49422710261415403.
[I 2024-12-04 16:20:41,482] Trial 292 finished with value: 0.5444363277275982 and parameters: {'n_estimators': 1347, 'max_depth': 11, 'learning_rate': 0.01789994687557524, 'subsample': 0.9670400812911377, 'colsample_bytree': 0.8430258413686678, 'min_child_weight': 1, 'gamma': 0.16345735704940284, 'reg_alpha': 0.032043201996757836, 'reg_lambda': 0.03234608089841627}. Best is trial 288 with value: 0.49422710261415403.
[I 2024-12-04 16:20:42,368] Trial 269 finished with value: 0.5302121514534055 and parameters: {'n_estimators': 1500, 'max_depth': 12, 'learning_rate': 0.06632415682655408, 'subsample': 1.0, 'colsample_bytree': 0.5, 'min_child_weight': 1, 'gamma': 1.7488679960729865e-05, 'reg_alpha': 1.849968899978178e-05, 'reg_lambda': 1e-05}. Best is trial 288 with value: 0.49422710261415403.
[I 2024-12-04 16:20:43,522] Trial 265 finished with value: 0.5265592459839047 and parameters: {'n_estimators': 1500, 'max_depth': 12, 'learning_rate': 0.0679461354758222, 'subsample': 1.0, 'colsample_bytree': 0.5, 'min_child_weight': 1, 'gamma': 1.7552217674851855e-05, 'reg_alpha': 2.117794352855315e-05, 'reg_lambda': 1e-05}. Best is trial 288 with value: 0.49422710261415403.
[I 2024-12-04 16:20:43,540] Trial 287 finished with value: 0.514441068967518 and parameters: {'n_estimators': 1273, 'max_depth': 12, 'learning_rate': 0.012867725250246268, 'subsample': 0.9563411157824773, 'colsample_bytree': 0.7575665117269661, 'min_child_weight': 1, 'gamma': 0.016912298686026853, 'reg_alpha': 0.0038119232568337887, 'reg_lambda': 0.18763189902120092}. Best is trial 288 with value: 0.49422710261415403.
[I 2024-12-04 16:20:43,624] Trial 267 finished with value: 0.5275382580812913 and parameters: {'n_estimators': 1500, 'max_depth': 12, 'learning_rate': 0.06824944797299234, 'subsample': 1.0, 'colsample_bytree': 0.5, 'min_child_weight': 1, 'gamma': 1.747715883055253e-05, 'reg_alpha': 2.1668786669042238e-05, 'reg_lambda': 1e-05}. Best is trial 288 with value: 0.49422710261415403.
[I 2024-12-04 16:20:43,722] Trial 268 finished with value: 0.5263481411621063 and parameters: {'n_estimators': 1500, 'max_depth': 12, 'learning_rate': 0.06803369264400559, 'subsample': 1.0, 'colsample_bytree': 0.5, 'min_child_weight': 1, 'gamma': 1.7555324877059808e-05, 'reg_alpha': 2.1486537067479235e-05, 'reg_lambda': 1e-05}. Best is trial 288 with value: 0.49422710261415403.
[I 2024-12-04 16:20:43,847] Trial 264 finished with value: 0.5253626485314453 and parameters: {'n_estimators': 1500, 'max_depth': 12, 'learning_rate': 0.06669803727610034, 'subsample': 1.0, 'colsample_bytree': 0.5, 'min_child_weight': 1, 'gamma': 1.7415837989715242e-05, 'reg_alpha': 1.9085962967862234e-05, 'reg_lambda': 1e-05}. Best is trial 288 with value: 0.49422710261415403.
[I 2024-12-04 16:20:44,310] Trial 290 finished with value: 0.5179539892697762 and parameters: {'n_estimators': 1263, 'max_depth': 9, 'learning_rate': 0.03381817881410616, 'subsample': 0.9568387757246173, 'colsample_bytree': 0.7274118155099755, 'min_child_weight': 1, 'gamma': 0.0006978504345437374, 'reg_alpha': 0.028718055846018695, 'reg_lambda': 0.0019444720426364086}. Best is trial 288 with value: 0.49422710261415403.
[I 2024-12-04 16:20:44,416] Trial 276 finished with value: 0.5287610686326967 and parameters: {'n_estimators': 1500, 'max_depth': 12, 'learning_rate': 0.06673884267414833, 'subsample': 1.0, 'colsample_bytree': 0.5, 'min_child_weight': 1, 'gamma': 1.738027773846631e-05, 'reg_alpha': 1.990697486292848e-05, 'reg_lambda': 1e-05}. Best is trial 288 with value: 0.49422710261415403.
[I 2024-12-04 16:20:45,079] Trial 271 finished with value: 0.5282859957974227 and parameters: {'n_estimators': 1500, 'max_depth': 12, 'learning_rate': 0.06615946761194479, 'subsample': 1.0, 'colsample_bytree': 0.5, 'min_child_weight': 1, 'gamma': 1.7566936079545248e-05, 'reg_alpha': 1.8128813793535868e-05, 'reg_lambda': 1e-05}. Best is trial 288 with value: 0.49422710261415403.
[I 2024-12-04 16:20:45,740] Trial 285 finished with value: 0.5309363117693201 and parameters: {'n_estimators': 1500, 'max_depth': 12, 'learning_rate': 0.06709723315577551, 'subsample': 1.0, 'colsample_bytree': 0.5, 'min_child_weight': 1, 'gamma': 1.7581111058331202e-05, 'reg_alpha': 1.5513043897436185e-05, 'reg_lambda': 1e-05}. Best is trial 288 with value: 0.49422710261415403.
[I 2024-12-04 16:20:45,759] Trial 279 finished with value: 0.5310669792446376 and parameters: {'n_estimators': 1500, 'max_depth': 12, 'learning_rate': 0.06675221378407266, 'subsample': 1.0, 'colsample_bytree': 0.5, 'min_child_weight': 1, 'gamma': 1.7368971019967687e-05, 'reg_alpha': 1.92127841270821e-05, 'reg_lambda': 1e-05}. Best is trial 288 with value: 0.49422710261415403.
