[I 2024-12-26 01:11:07,722] Trial 1408 finished with value: 0.07552332431077957 and parameters: {'L1_hidden_dim': 96, 'L1_layers_atom': 4, 'L1_layers_mol': 3, 'L1_dropout': 0.16887286431331255, 'L1_out_dim': 32, 'L2_hidden_dim': 176, 'L2_layers_atom': 3, 'L2_layers_mol': 3, 'L2_out_dim': 64, 'L2_dropout': 0.05918094556611806, 'L3_hidden_dim': 80, 'L3_layers_atom': 4, 'L3_layers_mol': 1, 'L3_out_dim': 96, 'L3_dropout': 0.25294620835782566, 'n_mlp_layers': 2, 'mlp_dim_0': 128, 'mlp_dim_1': 480, 'num_heads': 1, 'final_dropout': 0.026204231609605326, 'train_learning_rate': 0.0050655138101101125, 'train_lr_reduce': 0.6}. Best is trial 1286 with value: 0.03935658559203148.
[I 2024-12-26 01:11:25,906] Trial 1407 finished with value: 0.07150448113679886 and parameters: {'L1_hidden_dim': 96, 'L1_layers_atom': 4, 'L1_layers_mol': 2, 'L1_dropout': 0.20988194422837153, 'L1_out_dim': 64, 'L2_hidden_dim': 144, 'L2_layers_atom': 3, 'L2_layers_mol': 3, 'L2_out_dim': 64, 'L2_dropout': 0.08103535484801658, 'L3_hidden_dim': 80, 'L3_layers_atom': 4, 'L3_layers_mol': 1, 'L3_out_dim': 48, 'L3_dropout': 0.25687328051433417, 'n_mlp_layers': 2, 'mlp_dim_0': 128, 'mlp_dim_1': 416, 'num_heads': 1, 'final_dropout': 0.045127285935507466, 'train_learning_rate': 0.0008075056204673962, 'train_lr_reduce': 0.6}. Best is trial 1286 with value: 0.03935658559203148.
[I 2024-12-26 01:12:13,597] Trial 1409 finished with value: 0.07842443883419037 and parameters: {'L1_hidden_dim': 96, 'L1_layers_atom': 2, 'L1_layers_mol': 3, 'L1_dropout': 0.28333108219501896, 'L1_out_dim': 64, 'L2_hidden_dim': 160, 'L2_layers_atom': 4, 'L2_layers_mol': 2, 'L2_out_dim': 128, 'L2_dropout': 0.14711188934839547, 'L3_hidden_dim': 96, 'L3_layers_atom': 4, 'L3_layers_mol': 1, 'L3_out_dim': 96, 'L3_dropout': 0.1348845268061681, 'n_mlp_layers': 3, 'mlp_dim_0': 400, 'mlp_dim_1': 288, 'mlp_dim_2': 96, 'num_heads': 1, 'final_dropout': 0.009879332143206004, 'train_learning_rate': 0.0010826233112051036, 'train_lr_reduce': 0.6}. Best is trial 1286 with value: 0.03935658559203148.
[I 2024-12-26 01:12:33,133] Trial 1411 finished with value: 0.08630770444869995 and parameters: {'L1_hidden_dim': 112, 'L1_layers_atom': 4, 'L1_layers_mol': 1, 'L1_dropout': 0.28508374828271027, 'L1_out_dim': 128, 'L2_hidden_dim': 176, 'L2_layers_atom': 4, 'L2_layers_mol': 2, 'L2_out_dim': 64, 'L2_dropout': 0.025494410367198378, 'L3_hidden_dim': 112, 'L3_layers_atom': 1, 'L3_layers_mol': 1, 'L3_out_dim': 80, 'L3_dropout': 0.27326233630816066, 'n_mlp_layers': 2, 'mlp_dim_0': 32, 'mlp_dim_1': 264, 'num_heads': 1, 'final_dropout': 0.013042558803289653, 'train_learning_rate': 0.0023460559923530484, 'train_lr_reduce': 0.6}. Best is trial 1286 with value: 0.03935658559203148.
[I 2024-12-26 01:12:33,224] Trial 1410 finished with value: 0.07232774794101715 and parameters: {'L1_hidden_dim': 64, 'L1_layers_atom': 3, 'L1_layers_mol': 4, 'L1_dropout': 0.24247128138716115, 'L1_out_dim': 80, 'L2_hidden_dim': 240, 'L2_layers_atom': 1, 'L2_layers_mol': 1, 'L2_out_dim': 128, 'L2_dropout': 0.05507440429064845, 'L3_hidden_dim': 112, 'L3_layers_atom': 3, 'L3_layers_mol': 1, 'L3_out_dim': 32, 'L3_dropout': 0.20697775380608652, 'n_mlp_layers': 2, 'mlp_dim_0': 272, 'mlp_dim_1': 408, 'num_heads': 2, 'final_dropout': 0.17361058310538122, 'train_learning_rate': 0.0018738405541400647, 'train_lr_reduce': 0.6}. Best is trial 1286 with value: 0.03935658559203148.
[I 2024-12-26 01:13:33,913] Trial 1412 finished with value: 0.07241040468215942 and parameters: {'L1_hidden_dim': 64, 'L1_layers_atom': 1, 'L1_layers_mol': 2, 'L1_dropout': 0.20845877830773535, 'L1_out_dim': 112, 'L2_hidden_dim': 176, 'L2_layers_atom': 3, 'L2_layers_mol': 4, 'L2_out_dim': 128, 'L2_dropout': 0.13747243416870802, 'L3_hidden_dim': 128, 'L3_layers_atom': 3, 'L3_layers_mol': 1, 'L3_out_dim': 96, 'L3_dropout': 0.12199231116716254, 'n_mlp_layers': 3, 'mlp_dim_0': 336, 'mlp_dim_1': 480, 'mlp_dim_2': 152, 'num_heads': 1, 'final_dropout': 0.058450123444117694, 'train_learning_rate': 0.0018378567942000353, 'train_lr_reduce': 0.6}. Best is trial 1286 with value: 0.03935658559203148.
[I 2024-12-26 01:14:12,894] Trial 1413 finished with value: 0.09204752743244171 and parameters: {'L1_hidden_dim': 160, 'L1_layers_atom': 2, 'L1_layers_mol': 3, 'L1_dropout': 0.18653048189873783, 'L1_out_dim': 64, 'L2_hidden_dim': 256, 'L2_layers_atom': 2, 'L2_layers_mol': 4, 'L2_out_dim': 64, 'L2_dropout': 0.09337278903328745, 'L3_hidden_dim': 64, 'L3_layers_atom': 4, 'L3_layers_mol': 2, 'L3_out_dim': 80, 'L3_dropout': 0.004493854400633424, 'n_mlp_layers': 2, 'mlp_dim_0': 376, 'mlp_dim_1': 424, 'num_heads': 1, 'final_dropout': 0.02500816592651514, 'train_learning_rate': 0.001096870356889732, 'train_lr_reduce': 0.6}. Best is trial 1286 with value: 0.03935658559203148.
[I 2024-12-26 01:15:10,312] Trial 1414 finished with value: 0.08991143852472305 and parameters: {'L1_hidden_dim': 128, 'L1_layers_atom': 1, 'L1_layers_mol': 4, 'L1_dropout': 0.27095911343268175, 'L1_out_dim': 112, 'L2_hidden_dim': 224, 'L2_layers_atom': 1, 'L2_layers_mol': 3, 'L2_out_dim': 112, 'L2_dropout': 0.009660547065767532, 'L3_hidden_dim': 96, 'L3_layers_atom': 2, 'L3_layers_mol': 1, 'L3_out_dim': 128, 'L3_dropout': 0.1723612723002219, 'n_mlp_layers': 1, 'mlp_dim_0': 200, 'num_heads': 1, 'final_dropout': 0.08016067475065655, 'train_learning_rate': 0.0025926535607107082, 'train_lr_reduce': 0.6}. Best is trial 1286 with value: 0.03935658559203148.
[I 2024-12-26 01:15:24,821] Trial 1415 finished with value: 0.05998983234167099 and parameters: {'L1_hidden_dim': 64, 'L1_layers_atom': 3, 'L1_layers_mol': 3, 'L1_dropout': 0.28156153888256347, 'L1_out_dim': 112, 'L2_hidden_dim': 240, 'L2_layers_atom': 2, 'L2_layers_mol': 1, 'L2_out_dim': 112, 'L2_dropout': 0.0454714141688075, 'L3_hidden_dim': 32, 'L3_layers_atom': 4, 'L3_layers_mol': 4, 'L3_out_dim': 80, 'L3_dropout': 0.2599294753214191, 'n_mlp_layers': 2, 'mlp_dim_0': 96, 'mlp_dim_1': 512, 'num_heads': 2, 'final_dropout': 0.050744123347767386, 'train_learning_rate': 0.0007374857657472042, 'train_lr_reduce': 0.6}. Best is trial 1286 with value: 0.03935658559203148.
[I 2024-12-26 01:15:46,247] Trial 1416 finished with value: 0.07777077704668045 and parameters: {'L1_hidden_dim': 64, 'L1_layers_atom': 4, 'L1_layers_mol': 4, 'L1_dropout': 0.299811190704986, 'L1_out_dim': 64, 'L2_hidden_dim': 176, 'L2_layers_atom': 2, 'L2_layers_mol': 1, 'L2_out_dim': 112, 'L2_dropout': 0.11067897782566678, 'L3_hidden_dim': 128, 'L3_layers_atom': 2, 'L3_layers_mol': 1, 'L3_out_dim': 80, 'L3_dropout': 0.2595106404406208, 'n_mlp_layers': 2, 'mlp_dim_0': 336, 'mlp_dim_1': 296, 'num_heads': 2, 'final_dropout': 0.013492007362753619, 'train_learning_rate': 0.003431646203476378, 'train_lr_reduce': 0.6}. Best is trial 1286 with value: 0.03935658559203148.
[I 2024-12-26 01:16:13,343] Trial 1417 finished with value: 0.08893787115812302 and parameters: {'L1_hidden_dim': 80, 'L1_layers_atom': 4, 'L1_layers_mol': 2, 'L1_dropout': 0.2472478859093045, 'L1_out_dim': 128, 'L2_hidden_dim': 224, 'L2_layers_atom': 3, 'L2_layers_mol': 1, 'L2_out_dim': 64, 'L2_dropout': 0.004540478256005262, 'L3_hidden_dim': 96, 'L3_layers_atom': 3, 'L3_layers_mol': 1, 'L3_out_dim': 96, 'L3_dropout': 0.2861327683521006, 'n_mlp_layers': 2, 'mlp_dim_0': 64, 'mlp_dim_1': 400, 'num_heads': 1, 'final_dropout': 0.040762221414143304, 'train_learning_rate': 0.002083656099565554, 'train_lr_reduce': 0.6}. Best is trial 1286 with value: 0.03935658559203148.
[I 2024-12-26 01:16:38,252] Trial 1418 finished with value: 0.059642545878887177 and parameters: {'L1_hidden_dim': 64, 'L1_layers_atom': 2, 'L1_layers_mol': 4, 'L1_dropout': 0.29028999287901663, 'L1_out_dim': 80, 'L2_hidden_dim': 256, 'L2_layers_atom': 1, 'L2_layers_mol': 1, 'L2_out_dim': 128, 'L2_dropout': 0.013055500442980627, 'L3_hidden_dim': 64, 'L3_layers_atom': 3, 'L3_layers_mol': 1, 'L3_out_dim': 32, 'L3_dropout': 0.28741100047450613, 'n_mlp_layers': 2, 'mlp_dim_0': 136, 'mlp_dim_1': 240, 'num_heads': 1, 'final_dropout': 0.053611668460690674, 'train_learning_rate': 0.0020735890619851326, 'train_lr_reduce': 0.6}. Best is trial 1286 with value: 0.03935658559203148.
[I 2024-12-26 01:17:01,585] Trial 1421 finished with value: 1.2102981805801392 and parameters: {'L1_hidden_dim': 64, 'L1_layers_atom': 3, 'L1_layers_mol': 1, 'L1_dropout': 0.24149187188930515, 'L1_out_dim': 112, 'L2_hidden_dim': 176, 'L2_layers_atom': 4, 'L2_layers_mol': 1, 'L2_out_dim': 64, 'L2_dropout': 0.0327495258429621, 'L3_hidden_dim': 96, 'L3_layers_atom': 4, 'L3_layers_mol': 1, 'L3_out_dim': 96, 'L3_dropout': 0.1796419180358218, 'n_mlp_layers': 2, 'mlp_dim_0': 32, 'mlp_dim_1': 288, 'num_heads': 1, 'final_dropout': 0.008084405490697697, 'train_learning_rate': 0.00031622554998028305, 'train_lr_reduce': 0.6}. Best is trial 1286 with value: 0.03935658559203148.
[I 2024-12-26 01:17:49,303] Trial 1420 finished with value: 0.0827530100941658 and parameters: {'L1_hidden_dim': 128, 'L1_layers_atom': 3, 'L1_layers_mol': 4, 'L1_dropout': 0.19246802146129013, 'L1_out_dim': 48, 'L2_hidden_dim': 224, 'L2_layers_atom': 3, 'L2_layers_mol': 3, 'L2_out_dim': 32, 'L2_dropout': 0.03172987383968916, 'L3_hidden_dim': 64, 'L3_layers_atom': 3, 'L3_layers_mol': 1, 'L3_out_dim': 64, 'L3_dropout': 0.00594161779148036, 'n_mlp_layers': 2, 'mlp_dim_0': 232, 'mlp_dim_1': 512, 'num_heads': 1, 'final_dropout': 0.05479959474464326, 'train_learning_rate': 0.003932868265478561, 'train_lr_reduce': 0.6}. Best is trial 1286 with value: 0.03935658559203148.
[I 2024-12-26 01:17:49,481] Trial 1419 finished with value: 0.061267510056495667 and parameters: {'L1_hidden_dim': 96, 'L1_layers_atom': 4, 'L1_layers_mol': 3, 'L1_dropout': 0.15549777893176073, 'L1_out_dim': 32, 'L2_hidden_dim': 192, 'L2_layers_atom': 3, 'L2_layers_mol': 3, 'L2_out_dim': 64, 'L2_dropout': 0.07493350832879056, 'L3_hidden_dim': 96, 'L3_layers_atom': 4, 'L3_layers_mol': 1, 'L3_out_dim': 32, 'L3_dropout': 0.25608312908547, 'n_mlp_layers': 2, 'mlp_dim_0': 136, 'mlp_dim_1': 440, 'num_heads': 2, 'final_dropout': 0.06885450641524041, 'train_learning_rate': 0.0012629666034354341, 'train_lr_reduce': 0.6}. Best is trial 1286 with value: 0.03935658559203148.
[I 2024-12-26 01:18:26,653] Trial 1422 finished with value: 0.07007107138633728 and parameters: {'L1_hidden_dim': 64, 'L1_layers_atom': 1, 'L1_layers_mol': 2, 'L1_dropout': 0.25035678730337624, 'L1_out_dim': 128, 'L2_hidden_dim': 240, 'L2_layers_atom': 3, 'L2_layers_mol': 2, 'L2_out_dim': 112, 'L2_dropout': 0.1596371349506614, 'L3_hidden_dim': 80, 'L3_layers_atom': 4, 'L3_layers_mol': 1, 'L3_out_dim': 112, 'L3_dropout': 0.28606624878496434, 'n_mlp_layers': 2, 'mlp_dim_0': 120, 'mlp_dim_1': 400, 'num_heads': 2, 'final_dropout': 0.007220321347831387, 'train_learning_rate': 0.0006961902622339112, 'train_lr_reduce': 0.6}. Best is trial 1286 with value: 0.03935658559203148.
[I 2024-12-26 01:19:15,293] Trial 1423 finished with value: 0.07362574338912964 and parameters: {'L1_hidden_dim': 64, 'L1_layers_atom': 3, 'L1_layers_mol': 1, 'L1_dropout': 0.2985537670618894, 'L1_out_dim': 128, 'L2_hidden_dim': 192, 'L2_layers_atom': 4, 'L2_layers_mol': 1, 'L2_out_dim': 64, 'L2_dropout': 0.034214724810158484, 'L3_hidden_dim': 80, 'L3_layers_atom': 4, 'L3_layers_mol': 2, 'L3_out_dim': 112, 'L3_dropout': 0.25768401284333026, 'n_mlp_layers': 3, 'mlp_dim_0': 152, 'mlp_dim_1': 320, 'mlp_dim_2': 200, 'num_heads': 1, 'final_dropout': 0.11886523733338239, 'train_learning_rate': 0.0011065885635313706, 'train_lr_reduce': 0.6}. Best is trial 1286 with value: 0.03935658559203148.
[I 2024-12-26 01:19:28,310] Trial 1425 finished with value: 0.07809501886367798 and parameters: {'L1_hidden_dim': 80, 'L1_layers_atom': 3, 'L1_layers_mol': 2, 'L1_dropout': 0.273419974305113, 'L1_out_dim': 80, 'L2_hidden_dim': 224, 'L2_layers_atom': 1, 'L2_layers_mol': 2, 'L2_out_dim': 32, 'L2_dropout': 0.053425982591553414, 'L3_hidden_dim': 48, 'L3_layers_atom': 4, 'L3_layers_mol': 3, 'L3_out_dim': 48, 'L3_dropout': 0.07378797151092456, 'n_mlp_layers': 3, 'mlp_dim_0': 264, 'mlp_dim_1': 352, 'mlp_dim_2': 112, 'num_heads': 1, 'final_dropout': 0.174790978298518, 'train_learning_rate': 0.0011418357770499443, 'train_lr_reduce': 0.6}. Best is trial 1286 with value: 0.03935658559203148.
[I 2024-12-26 01:19:35,052] Trial 1424 finished with value: 0.12878470122814178 and parameters: {'L1_hidden_dim': 80, 'L1_layers_atom': 1, 'L1_layers_mol': 3, 'L1_dropout': 0.10387463798681743, 'L1_out_dim': 64, 'L2_hidden_dim': 192, 'L2_layers_atom': 4, 'L2_layers_mol': 4, 'L2_out_dim': 128, 'L2_dropout': 0.13155363832885547, 'L3_hidden_dim': 112, 'L3_layers_atom': 3, 'L3_layers_mol': 1, 'L3_out_dim': 128, 'L3_dropout': 0.12987320734025357, 'n_mlp_layers': 3, 'mlp_dim_0': 464, 'mlp_dim_1': 440, 'mlp_dim_2': 96, 'num_heads': 1, 'final_dropout': 0.06095433228338538, 'train_learning_rate': 0.007829494489123076, 'train_lr_reduce': 0.6}. Best is trial 1286 with value: 0.03935658559203148.
[I 2024-12-26 01:20:45,469] Trial 1428 finished with value: 0.07174156606197357 and parameters: {'L1_hidden_dim': 112, 'L1_layers_atom': 4, 'L1_layers_mol': 3, 'L1_dropout': 0.18370367063830392, 'L1_out_dim': 80, 'L2_hidden_dim': 240, 'L2_layers_atom': 2, 'L2_layers_mol': 4, 'L2_out_dim': 48, 'L2_dropout': 0.007250807921462654, 'L3_hidden_dim': 80, 'L3_layers_atom': 2, 'L3_layers_mol': 1, 'L3_out_dim': 128, 'L3_dropout': 0.0011631027869996417, 'n_mlp_layers': 3, 'mlp_dim_0': 288, 'mlp_dim_1': 248, 'mlp_dim_2': 88, 'num_heads': 1, 'final_dropout': 0.13726629990462116, 'train_learning_rate': 0.002154725985506281, 'train_lr_reduce': 0.6}. Best is trial 1286 with value: 0.03935658559203148.
[I 2024-12-26 01:20:46,283] Trial 1426 finished with value: 0.08665615320205688 and parameters: {'L1_hidden_dim': 112, 'L1_layers_atom': 3, 'L1_layers_mol': 3, 'L1_dropout': 0.1843407462461712, 'L1_out_dim': 32, 'L2_hidden_dim': 160, 'L2_layers_atom': 4, 'L2_layers_mol': 4, 'L2_out_dim': 80, 'L2_dropout': 0.051085359623535095, 'L3_hidden_dim': 112, 'L3_layers_atom': 4, 'L3_layers_mol': 1, 'L3_out_dim': 48, 'L3_dropout': 0.2896393659601957, 'n_mlp_layers': 2, 'mlp_dim_0': 72, 'mlp_dim_1': 384, 'num_heads': 1, 'final_dropout': 0.005627061822334304, 'train_learning_rate': 0.001886708295917689, 'train_lr_reduce': 0.6}. Best is trial 1286 with value: 0.03935658559203148.
[I 2024-12-26 01:21:06,250] Trial 1427 finished with value: 0.11329934746026993 and parameters: {'L1_hidden_dim': 160, 'L1_layers_atom': 4, 'L1_layers_mol': 2, 'L1_dropout': 0.2152305177897296, 'L1_out_dim': 48, 'L2_hidden_dim': 144, 'L2_layers_atom': 2, 'L2_layers_mol': 1, 'L2_out_dim': 128, 'L2_dropout': 0.02665550302621747, 'L3_hidden_dim': 128, 'L3_layers_atom': 4, 'L3_layers_mol': 2, 'L3_out_dim': 32, 'L3_dropout': 0.2467751226992601, 'n_mlp_layers': 1, 'mlp_dim_0': 248, 'num_heads': 2, 'final_dropout': 0.1507857752717301, 'train_learning_rate': 0.0003094998628041739, 'train_lr_reduce': 0.6}. Best is trial 1286 with value: 0.03935658559203148.
[I 2024-12-26 01:22:29,760] Trial 1430 finished with value: 0.07575143873691559 and parameters: {'L1_hidden_dim': 80, 'L1_layers_atom': 4, 'L1_layers_mol': 4, 'L1_dropout': 0.2650810007861936, 'L1_out_dim': 64, 'L2_hidden_dim': 176, 'L2_layers_atom': 1, 'L2_layers_mol': 1, 'L2_out_dim': 112, 'L2_dropout': 0.05923771351195974, 'L3_hidden_dim': 64, 'L3_layers_atom': 3, 'L3_layers_mol': 1, 'L3_out_dim': 32, 'L3_dropout': 0.2718487495763099, 'n_mlp_layers': 3, 'mlp_dim_0': 216, 'mlp_dim_1': 296, 'mlp_dim_2': 160, 'num_heads': 2, 'final_dropout': 0.14765328485120496, 'train_learning_rate': 0.003052459676628845, 'train_lr_reduce': 0.6}. Best is trial 1286 with value: 0.03935658559203148.
[I 2024-12-26 01:22:39,546] Trial 1431 finished with value: 0.09041474014520645 and parameters: {'L1_hidden_dim': 64, 'L1_layers_atom': 1, 'L1_layers_mol': 1, 'L1_dropout': 0.2330311589084605, 'L1_out_dim': 80, 'L2_hidden_dim': 176, 'L2_layers_atom': 4, 'L2_layers_mol': 3, 'L2_out_dim': 128, 'L2_dropout': 0.1211945571734371, 'L3_hidden_dim': 128, 'L3_layers_atom': 4, 'L3_layers_mol': 1, 'L3_out_dim': 112, 'L3_dropout': 0.12898677900943023, 'n_mlp_layers': 3, 'mlp_dim_0': 512, 'mlp_dim_1': 400, 'mlp_dim_2': 88, 'num_heads': 1, 'final_dropout': 0.011185740577373489, 'train_learning_rate': 0.0021778119660522794, 'train_lr_reduce': 0.6}. Best is trial 1286 with value: 0.03935658559203148.
[I 2024-12-26 01:23:05,735] Trial 1429 finished with value: 0.10297106206417084 and parameters: {'L1_hidden_dim': 80, 'L1_layers_atom': 3, 'L1_layers_mol': 2, 'L1_dropout': 0.2890159034052276, 'L1_out_dim': 96, 'L2_hidden_dim': 240, 'L2_layers_atom': 1, 'L2_layers_mol': 4, 'L2_out_dim': 48, 'L2_dropout': 0.05227656773323735, 'L3_hidden_dim': 48, 'L3_layers_atom': 4, 'L3_layers_mol': 2, 'L3_out_dim': 128, 'L3_dropout': 0.0001100869301755153, 'n_mlp_layers': 2, 'mlp_dim_0': 312, 'mlp_dim_1': 472, 'num_heads': 1, 'final_dropout': 0.1971955729652336, 'train_learning_rate': 0.0037621424736883403, 'train_lr_reduce': 0.6}. Best is trial 1286 with value: 0.03935658559203148.
[I 2024-12-26 01:23:48,621] Trial 1433 finished with value: 0.059813790023326874 and parameters: {'L1_hidden_dim': 64, 'L1_layers_atom': 3, 'L1_layers_mol': 4, 'L1_dropout': 0.29894073350510175, 'L1_out_dim': 80, 'L2_hidden_dim': 160, 'L2_layers_atom': 1, 'L2_layers_mol': 2, 'L2_out_dim': 112, 'L2_dropout': 0.0026530392952349036, 'L3_hidden_dim': 112, 'L3_layers_atom': 4, 'L3_layers_mol': 1, 'L3_out_dim': 32, 'L3_dropout': 0.2962373620674345, 'n_mlp_layers': 3, 'mlp_dim_0': 144, 'mlp_dim_1': 448, 'mlp_dim_2': 80, 'num_heads': 2, 'final_dropout': 0.058307395883180485, 'train_learning_rate': 0.002131646226455644, 'train_lr_reduce': 0.6}. Best is trial 1286 with value: 0.03935658559203148.
[I 2024-12-26 01:23:58,067] Trial 1432 finished with value: 0.06617004424333572 and parameters: {'L1_hidden_dim': 80, 'L1_layers_atom': 4, 'L1_layers_mol': 2, 'L1_dropout': 0.29367035548355835, 'L1_out_dim': 128, 'L2_hidden_dim': 224, 'L2_layers_atom': 4, 'L2_layers_mol': 1, 'L2_out_dim': 96, 'L2_dropout': 0.03247447695177845, 'L3_hidden_dim': 48, 'L3_layers_atom': 2, 'L3_layers_mol': 1, 'L3_out_dim': 96, 'L3_dropout': 0.2756468405510992, 'n_mlp_layers': 3, 'mlp_dim_0': 72, 'mlp_dim_1': 336, 'mlp_dim_2': 152, 'num_heads': 1, 'final_dropout': 0.07075051328485, 'train_learning_rate': 0.0012442674585885721, 'train_lr_reduce': 0.6}. Best is trial 1286 with value: 0.03935658559203148.
[I 2024-12-26 01:24:30,095] Trial 1434 finished with value: 0.06908474117517471 and parameters: {'L1_hidden_dim': 64, 'L1_layers_atom': 4, 'L1_layers_mol': 2, 'L1_dropout': 0.2544002892512346, 'L1_out_dim': 112, 'L2_hidden_dim': 192, 'L2_layers_atom': 4, 'L2_layers_mol': 1, 'L2_out_dim': 80, 'L2_dropout': 0.01714312404934305, 'L3_hidden_dim': 80, 'L3_layers_atom': 4, 'L3_layers_mol': 1, 'L3_out_dim': 112, 'L3_dropout': 0.2943721811969881, 'n_mlp_layers': 3, 'mlp_dim_0': 64, 'mlp_dim_1': 296, 'mlp_dim_2': 128, 'num_heads': 1, 'final_dropout': 0.02406601723798524, 'train_learning_rate': 0.001756057446862218, 'train_lr_reduce': 0.6}. Best is trial 1286 with value: 0.03935658559203148.
[I 2024-12-26 01:26:11,597] Trial 1437 finished with value: 0.08931249380111694 and parameters: {'L1_hidden_dim': 96, 'L1_layers_atom': 4, 'L1_layers_mol': 2, 'L1_dropout': 0.25078637399001247, 'L1_out_dim': 64, 'L2_hidden_dim': 128, 'L2_layers_atom': 2, 'L2_layers_mol': 2, 'L2_out_dim': 80, 'L2_dropout': 0.1442378652773901, 'L3_hidden_dim': 128, 'L3_layers_atom': 4, 'L3_layers_mol': 1, 'L3_out_dim': 48, 'L3_dropout': 0.23186903921710267, 'n_mlp_layers': 3, 'mlp_dim_0': 176, 'mlp_dim_1': 352, 'mlp_dim_2': 80, 'num_heads': 1, 'final_dropout': 0.10014682296095076, 'train_learning_rate': 0.0005768900823734179, 'train_lr_reduce': 0.6}. Best is trial 1286 with value: 0.03935658559203148.
[I 2024-12-26 01:26:27,775] Trial 1436 finished with value: 0.052410393953323364 and parameters: {'L1_hidden_dim': 64, 'L1_layers_atom': 2, 'L1_layers_mol': 3, 'L1_dropout': 0.29294894667493915, 'L1_out_dim': 80, 'L2_hidden_dim': 160, 'L2_layers_atom': 2, 'L2_layers_mol': 2, 'L2_out_dim': 112, 'L2_dropout': 0.01077655665062692, 'L3_hidden_dim': 112, 'L3_layers_atom': 3, 'L3_layers_mol': 1, 'L3_out_dim': 112, 'L3_dropout': 0.16014438756656132, 'n_mlp_layers': 2, 'mlp_dim_0': 240, 'mlp_dim_1': 512, 'num_heads': 1, 'final_dropout': 0.11009004409875009, 'train_learning_rate': 0.0028141473579713612, 'train_lr_reduce': 0.6}. Best is trial 1286 with value: 0.03935658559203148.
[I 2024-12-26 01:26:50,093] Trial 1435 finished with value: 0.7094876170158386 and parameters: {'L1_hidden_dim': 112, 'L1_layers_atom': 1, 'L1_layers_mol': 2, 'L1_dropout': 0.21887974800591076, 'L1_out_dim': 80, 'L2_hidden_dim': 208, 'L2_layers_atom': 1, 'L2_layers_mol': 1, 'L2_out_dim': 96, 'L2_dropout': 0.007008511242275001, 'L3_hidden_dim': 112, 'L3_layers_atom': 4, 'L3_layers_mol': 2, 'L3_out_dim': 48, 'L3_dropout': 0.2626392042796676, 'n_mlp_layers': 1, 'mlp_dim_0': 112, 'num_heads': 2, 'final_dropout': 0.1985202088850847, 'train_learning_rate': 0.006843405995999627, 'train_lr_reduce': 0.6}. Best is trial 1286 with value: 0.03935658559203148.
[I 2024-12-26 01:27:08,242] Trial 1439 finished with value: 0.530581533908844 and parameters: {'L1_hidden_dim': 64, 'L1_layers_atom': 1, 'L1_layers_mol': 3, 'L1_dropout': 0.21714685614494564, 'L1_out_dim': 96, 'L2_hidden_dim': 208, 'L2_layers_atom': 4, 'L2_layers_mol': 4, 'L2_out_dim': 96, 'L2_dropout': 0.0037211553716281626, 'L3_hidden_dim': 128, 'L3_layers_atom': 4, 'L3_layers_mol': 1, 'L3_out_dim': 128, 'L3_dropout': 0.1409994525978669, 'n_mlp_layers': 3, 'mlp_dim_0': 376, 'mlp_dim_1': 512, 'mlp_dim_2': 80, 'num_heads': 1, 'final_dropout': 0.032774025972027096, 'train_learning_rate': 0.0021138917352727014, 'train_lr_reduce': 0.6}. Best is trial 1286 with value: 0.03935658559203148.
