[I 2024-12-26 10:05:28,697] Trial 2378 finished with value: 0.08906403928995132 and parameters: {'L1_hidden_dim': 64, 'L1_layers_atom': 2, 'L1_layers_mol': 1, 'L1_dropout': 0.26226990743156103, 'L1_out_dim': 128, 'L2_hidden_dim': 240, 'L2_layers_atom': 1, 'L2_layers_mol': 4, 'L2_out_dim': 112, 'L2_dropout': 0.009025264964137155, 'L3_hidden_dim': 112, 'L3_layers_atom': 4, 'L3_layers_mol': 2, 'L3_out_dim': 112, 'L3_dropout': 0.08627198588290232, 'n_mlp_layers': 3, 'mlp_dim_0': 112, 'mlp_dim_1': 480, 'mlp_dim_2': 216, 'num_heads': 1, 'final_dropout': 0.0395493733741374, 'train_learning_rate': 0.000791350672626581, 'train_lr_reduce': 0.6}. Best is trial 1286 with value: 0.03935658559203148.
[I 2024-12-26 10:05:44,857] Trial 2380 finished with value: 0.09458336234092712 and parameters: {'L1_hidden_dim': 112, 'L1_layers_atom': 1, 'L1_layers_mol': 3, 'L1_dropout': 0.22678489410310318, 'L1_out_dim': 112, 'L2_hidden_dim': 176, 'L2_layers_atom': 4, 'L2_layers_mol': 4, 'L2_out_dim': 80, 'L2_dropout': 0.10721550477343669, 'L3_hidden_dim': 96, 'L3_layers_atom': 2, 'L3_layers_mol': 2, 'L3_out_dim': 128, 'L3_dropout': 0.11777419989923218, 'n_mlp_layers': 3, 'mlp_dim_0': 344, 'mlp_dim_1': 336, 'mlp_dim_2': 200, 'num_heads': 2, 'final_dropout': 0.05201948897650471, 'train_learning_rate': 0.0016612941841115875, 'train_lr_reduce': 0.6}. Best is trial 1286 with value: 0.03935658559203148.
[I 2024-12-26 10:05:52,291] Trial 2379 finished with value: 0.0734487771987915 and parameters: {'L1_hidden_dim': 64, 'L1_layers_atom': 2, 'L1_layers_mol': 2, 'L1_dropout': 0.2840387063708918, 'L1_out_dim': 112, 'L2_hidden_dim': 240, 'L2_layers_atom': 2, 'L2_layers_mol': 3, 'L2_out_dim': 112, 'L2_dropout': 0.051911794533273645, 'L3_hidden_dim': 80, 'L3_layers_atom': 3, 'L3_layers_mol': 1, 'L3_out_dim': 112, 'L3_dropout': 0.20795805664723427, 'n_mlp_layers': 2, 'mlp_dim_0': 112, 'mlp_dim_1': 416, 'num_heads': 2, 'final_dropout': 0.0821040020677063, 'train_learning_rate': 0.002009800670582753, 'train_lr_reduce': 0.6}. Best is trial 1286 with value: 0.03935658559203148.
[I 2024-12-26 10:06:14,107] Trial 2383 finished with value: 1.1364423036575317 and parameters: {'L1_hidden_dim': 112, 'L1_layers_atom': 4, 'L1_layers_mol': 4, 'L1_dropout': 0.022508171113270053, 'L1_out_dim': 32, 'L2_hidden_dim': 64, 'L2_layers_atom': 1, 'L2_layers_mol': 2, 'L2_out_dim': 64, 'L2_dropout': 0.12671633994676293, 'L3_hidden_dim': 128, 'L3_layers_atom': 1, 'L3_layers_mol': 1, 'L3_out_dim': 64, 'L3_dropout': 0.06411148810279323, 'n_mlp_layers': 2, 'mlp_dim_0': 376, 'mlp_dim_1': 472, 'num_heads': 2, 'final_dropout': 0.08405651988104189, 'train_learning_rate': 0.0003604471065369885, 'train_lr_reduce': 0.6}. Best is trial 1286 with value: 0.03935658559203148.
[I 2024-12-26 10:06:31,857] Trial 2381 finished with value: 0.10045177489519119 and parameters: {'L1_hidden_dim': 176, 'L1_layers_atom': 3, 'L1_layers_mol': 3, 'L1_dropout': 0.12196244961419198, 'L1_out_dim': 80, 'L2_hidden_dim': 112, 'L2_layers_atom': 4, 'L2_layers_mol': 3, 'L2_out_dim': 48, 'L2_dropout': 0.0808237348391729, 'L3_hidden_dim': 64, 'L3_layers_atom': 1, 'L3_layers_mol': 3, 'L3_out_dim': 128, 'L3_dropout': 0.2767952271129582, 'n_mlp_layers': 2, 'mlp_dim_0': 40, 'mlp_dim_1': 448, 'num_heads': 2, 'final_dropout': 0.14203742617634543, 'train_learning_rate': 0.006812369800901655, 'train_lr_reduce': 0.6}. Best is trial 1286 with value: 0.03935658559203148.
[I 2024-12-26 10:07:24,398] Trial 2382 finished with value: 0.30236291885375977 and parameters: {'L1_hidden_dim': 240, 'L1_layers_atom': 1, 'L1_layers_mol': 4, 'L1_dropout': 0.16862789472453116, 'L1_out_dim': 32, 'L2_hidden_dim': 256, 'L2_layers_atom': 3, 'L2_layers_mol': 2, 'L2_out_dim': 80, 'L2_dropout': 0.2967557051359854, 'L3_hidden_dim': 32, 'L3_layers_atom': 3, 'L3_layers_mol': 4, 'L3_out_dim': 32, 'L3_dropout': 0.13440142312585537, 'n_mlp_layers': 2, 'mlp_dim_0': 368, 'mlp_dim_1': 368, 'num_heads': 1, 'final_dropout': 0.10563850334891924, 'train_learning_rate': 0.0001419326587578634, 'train_lr_reduce': 0.6}. Best is trial 1286 with value: 0.03935658559203148.
[I 2024-12-26 10:07:28,571] Trial 2384 finished with value: 0.0985262468457222 and parameters: {'L1_hidden_dim': 208, 'L1_layers_atom': 1, 'L1_layers_mol': 3, 'L1_dropout': 0.2360695281276143, 'L1_out_dim': 48, 'L2_hidden_dim': 80, 'L2_layers_atom': 2, 'L2_layers_mol': 2, 'L2_out_dim': 32, 'L2_dropout': 0.04673650659878334, 'L3_hidden_dim': 80, 'L3_layers_atom': 4, 'L3_layers_mol': 3, 'L3_out_dim': 128, 'L3_dropout': 0.23523012699430546, 'n_mlp_layers': 3, 'mlp_dim_0': 208, 'mlp_dim_1': 416, 'mlp_dim_2': 264, 'num_heads': 2, 'final_dropout': 0.006869989381287855, 'train_learning_rate': 0.0028625528755361934, 'train_lr_reduce': 0.6}. Best is trial 1286 with value: 0.03935658559203148.
[I 2024-12-26 10:07:44,565] Trial 2385 finished with value: 0.08202368766069412 and parameters: {'L1_hidden_dim': 64, 'L1_layers_atom': 3, 'L1_layers_mol': 4, 'L1_dropout': 0.26704650442165945, 'L1_out_dim': 48, 'L2_hidden_dim': 176, 'L2_layers_atom': 1, 'L2_layers_mol': 3, 'L2_out_dim': 32, 'L2_dropout': 0.010077790647637072, 'L3_hidden_dim': 128, 'L3_layers_atom': 3, 'L3_layers_mol': 1, 'L3_out_dim': 32, 'L3_dropout': 0.16417465892787403, 'n_mlp_layers': 2, 'mlp_dim_0': 240, 'mlp_dim_1': 512, 'num_heads': 1, 'final_dropout': 0.016909625089310314, 'train_learning_rate': 0.00158644677093143, 'train_lr_reduce': 0.6}. Best is trial 1286 with value: 0.03935658559203148.
[I 2024-12-26 10:08:21,078] Trial 2386 finished with value: 0.11124606430530548 and parameters: {'L1_hidden_dim': 112, 'L1_layers_atom': 2, 'L1_layers_mol': 1, 'L1_dropout': 0.048574576914028514, 'L1_out_dim': 112, 'L2_hidden_dim': 256, 'L2_layers_atom': 4, 'L2_layers_mol': 1, 'L2_out_dim': 80, 'L2_dropout': 0.20689031067632302, 'L3_hidden_dim': 128, 'L3_layers_atom': 2, 'L3_layers_mol': 3, 'L3_out_dim': 32, 'L3_dropout': 0.06664257041781894, 'n_mlp_layers': 2, 'mlp_dim_0': 80, 'mlp_dim_1': 280, 'num_heads': 1, 'final_dropout': 0.24668759808417506, 'train_learning_rate': 0.0012973173781695396, 'train_lr_reduce': 0.6}. Best is trial 1286 with value: 0.03935658559203148.
[I 2024-12-26 10:09:25,907] Trial 2388 finished with value: 0.11195364594459534 and parameters: {'L1_hidden_dim': 64, 'L1_layers_atom': 2, 'L1_layers_mol': 3, 'L1_dropout': 0.26987542003340836, 'L1_out_dim': 80, 'L2_hidden_dim': 256, 'L2_layers_atom': 2, 'L2_layers_mol': 3, 'L2_out_dim': 128, 'L2_dropout': 0.0053397247037200255, 'L3_hidden_dim': 128, 'L3_layers_atom': 3, 'L3_layers_mol': 1, 'L3_out_dim': 128, 'L3_dropout': 0.16248644919094607, 'n_mlp_layers': 2, 'mlp_dim_0': 272, 'mlp_dim_1': 360, 'num_heads': 1, 'final_dropout': 0.17107396865312088, 'train_learning_rate': 0.003904073861458924, 'train_lr_reduce': 0.6}. Best is trial 1286 with value: 0.03935658559203148.
[I 2024-12-26 10:09:33,831] Trial 2389 finished with value: 0.07516162097454071 and parameters: {'L1_hidden_dim': 96, 'L1_layers_atom': 4, 'L1_layers_mol': 3, 'L1_dropout': 0.28547873597378054, 'L1_out_dim': 96, 'L2_hidden_dim': 192, 'L2_layers_atom': 2, 'L2_layers_mol': 1, 'L2_out_dim': 96, 'L2_dropout': 0.0071871357573520984, 'L3_hidden_dim': 112, 'L3_layers_atom': 4, 'L3_layers_mol': 2, 'L3_out_dim': 80, 'L3_dropout': 0.26723845965247595, 'n_mlp_layers': 2, 'mlp_dim_0': 200, 'mlp_dim_1': 440, 'num_heads': 2, 'final_dropout': 0.05237901945293724, 'train_learning_rate': 0.0012865945144855352, 'train_lr_reduce': 0.6}. Best is trial 1286 with value: 0.03935658559203148.
[I 2024-12-26 10:10:05,222] Trial 2387 finished with value: 0.09476298838853836 and parameters: {'L1_hidden_dim': 160, 'L1_layers_atom': 4, 'L1_layers_mol': 4, 'L1_dropout': 0.27376548987269617, 'L1_out_dim': 128, 'L2_hidden_dim': 256, 'L2_layers_atom': 1, 'L2_layers_mol': 1, 'L2_out_dim': 128, 'L2_dropout': 0.010429791755414246, 'L3_hidden_dim': 112, 'L3_layers_atom': 4, 'L3_layers_mol': 1, 'L3_out_dim': 80, 'L3_dropout': 0.28795563155686027, 'n_mlp_layers': 1, 'mlp_dim_0': 240, 'num_heads': 2, 'final_dropout': 0.029772337273625667, 'train_learning_rate': 0.0009471433210132945, 'train_lr_reduce': 0.6}. Best is trial 1286 with value: 0.03935658559203148.
[I 2024-12-26 10:10:57,008] Trial 2390 finished with value: 0.0932091772556305 and parameters: {'L1_hidden_dim': 208, 'L1_layers_atom': 1, 'L1_layers_mol': 4, 'L1_dropout': 0.09009732015422937, 'L1_out_dim': 64, 'L2_hidden_dim': 64, 'L2_layers_atom': 3, 'L2_layers_mol': 4, 'L2_out_dim': 96, 'L2_dropout': 0.26214571822971167, 'L3_hidden_dim': 64, 'L3_layers_atom': 1, 'L3_layers_mol': 1, 'L3_out_dim': 48, 'L3_dropout': 0.11968954432755737, 'n_mlp_layers': 1, 'mlp_dim_0': 184, 'num_heads': 2, 'final_dropout': 0.2744391061187346, 'train_learning_rate': 0.0070858965829758615, 'train_lr_reduce': 0.6}. Best is trial 1286 with value: 0.03935658559203148.
[I 2024-12-26 10:11:13,594] Trial 2391 finished with value: 0.07798305153846741 and parameters: {'L1_hidden_dim': 64, 'L1_layers_atom': 4, 'L1_layers_mol': 4, 'L1_dropout': 0.22560604174413676, 'L1_out_dim': 80, 'L2_hidden_dim': 256, 'L2_layers_atom': 2, 'L2_layers_mol': 4, 'L2_out_dim': 48, 'L2_dropout': 0.15142249037387662, 'L3_hidden_dim': 80, 'L3_layers_atom': 4, 'L3_layers_mol': 3, 'L3_out_dim': 48, 'L3_dropout': 0.01758874038345883, 'n_mlp_layers': 3, 'mlp_dim_0': 240, 'mlp_dim_1': 312, 'mlp_dim_2': 200, 'num_heads': 1, 'final_dropout': 0.14933265050907027, 'train_learning_rate': 0.0007582458473431666, 'train_lr_reduce': 0.6}. Best is trial 1286 with value: 0.03935658559203148.
[I 2024-12-26 10:12:02,161] Trial 2392 finished with value: 0.13448558747768402 and parameters: {'L1_hidden_dim': 80, 'L1_layers_atom': 4, 'L1_layers_mol': 1, 'L1_dropout': 0.23319887345797904, 'L1_out_dim': 96, 'L2_hidden_dim': 80, 'L2_layers_atom': 2, 'L2_layers_mol': 3, 'L2_out_dim': 128, 'L2_dropout': 0.11122224856682703, 'L3_hidden_dim': 112, 'L3_layers_atom': 3, 'L3_layers_mol': 1, 'L3_out_dim': 80, 'L3_dropout': 0.26359637005246467, 'n_mlp_layers': 3, 'mlp_dim_0': 472, 'mlp_dim_1': 392, 'mlp_dim_2': 192, 'num_heads': 1, 'final_dropout': 0.05453350639416188, 'train_learning_rate': 0.0003013428069175172, 'train_lr_reduce': 0.6}. Best is trial 1286 with value: 0.03935658559203148.
[I 2024-12-26 10:12:19,923] Trial 2394 finished with value: 0.08939183503389359 and parameters: {'L1_hidden_dim': 112, 'L1_layers_atom': 3, 'L1_layers_mol': 2, 'L1_dropout': 0.2779928693310521, 'L1_out_dim': 48, 'L2_hidden_dim': 256, 'L2_layers_atom': 1, 'L2_layers_mol': 3, 'L2_out_dim': 32, 'L2_dropout': 0.14763919478733115, 'L3_hidden_dim': 64, 'L3_layers_atom': 4, 'L3_layers_mol': 3, 'L3_out_dim': 80, 'L3_dropout': 0.05913176198383385, 'n_mlp_layers': 3, 'mlp_dim_0': 240, 'mlp_dim_1': 480, 'mlp_dim_2': 264, 'num_heads': 1, 'final_dropout': 0.08664852035027366, 'train_learning_rate': 0.002414140921470903, 'train_lr_reduce': 0.6}. Best is trial 1286 with value: 0.03935658559203148.
[I 2024-12-26 10:13:05,916] Trial 2393 finished with value: 0.06351126730442047 and parameters: {'L1_hidden_dim': 96, 'L1_layers_atom': 4, 'L1_layers_mol': 1, 'L1_dropout': 0.29012688722285274, 'L1_out_dim': 128, 'L2_hidden_dim': 256, 'L2_layers_atom': 4, 'L2_layers_mol': 2, 'L2_out_dim': 48, 'L2_dropout': 0.014132603192194266, 'L3_hidden_dim': 80, 'L3_layers_atom': 3, 'L3_layers_mol': 1, 'L3_out_dim': 80, 'L3_dropout': 0.29598075912760596, 'n_mlp_layers': 3, 'mlp_dim_0': 120, 'mlp_dim_1': 232, 'mlp_dim_2': 320, 'num_heads': 1, 'final_dropout': 0.04955238941458458, 'train_learning_rate': 0.00046988548832837043, 'train_lr_reduce': 0.6}. Best is trial 1286 with value: 0.03935658559203148.
[I 2024-12-26 10:13:32,037] Trial 2396 finished with value: 0.10007445514202118 and parameters: {'L1_hidden_dim': 224, 'L1_layers_atom': 2, 'L1_layers_mol': 1, 'L1_dropout': 0.29730457974732805, 'L1_out_dim': 64, 'L2_hidden_dim': 160, 'L2_layers_atom': 3, 'L2_layers_mol': 1, 'L2_out_dim': 80, 'L2_dropout': 0.1450882612631841, 'L3_hidden_dim': 96, 'L3_layers_atom': 1, 'L3_layers_mol': 1, 'L3_out_dim': 128, 'L3_dropout': 0.15629077081269951, 'n_mlp_layers': 2, 'mlp_dim_0': 248, 'mlp_dim_1': 344, 'num_heads': 1, 'final_dropout': 0.2523221244865403, 'train_learning_rate': 0.0009685011734402828, 'train_lr_reduce': 0.6}. Best is trial 1286 with value: 0.03935658559203148.
[I 2024-12-26 10:14:18,780] Trial 2398 finished with value: 0.10525774210691452 and parameters: {'L1_hidden_dim': 80, 'L1_layers_atom': 2, 'L1_layers_mol': 2, 'L1_dropout': 0.23635144113254886, 'L1_out_dim': 128, 'L2_hidden_dim': 176, 'L2_layers_atom': 1, 'L2_layers_mol': 4, 'L2_out_dim': 96, 'L2_dropout': 0.017870270759072847, 'L3_hidden_dim': 80, 'L3_layers_atom': 2, 'L3_layers_mol': 2, 'L3_out_dim': 112, 'L3_dropout': 0.2019717314569184, 'n_mlp_layers': 2, 'mlp_dim_0': 56, 'mlp_dim_1': 512, 'num_heads': 1, 'final_dropout': 0.09574703433705899, 'train_learning_rate': 0.0015342442877568695, 'train_lr_reduce': 0.6}. Best is trial 1286 with value: 0.03935658559203148.
[I 2024-12-26 10:14:27,775] Trial 2395 finished with value: 0.40123382210731506 and parameters: {'L1_hidden_dim': 160, 'L1_layers_atom': 3, 'L1_layers_mol': 2, 'L1_dropout': 0.048166576755168514, 'L1_out_dim': 128, 'L2_hidden_dim': 208, 'L2_layers_atom': 3, 'L2_layers_mol': 4, 'L2_out_dim': 64, 'L2_dropout': 0.2199727374020709, 'L3_hidden_dim': 112, 'L3_layers_atom': 3, 'L3_layers_mol': 2, 'L3_out_dim': 48, 'L3_dropout': 0.2854244930612813, 'n_mlp_layers': 2, 'mlp_dim_0': 416, 'mlp_dim_1': 416, 'num_heads': 2, 'final_dropout': 0.024680429569924278, 'train_learning_rate': 0.00014855602794832176, 'train_lr_reduce': 0.6}. Best is trial 1286 with value: 0.03935658559203148.
[I 2024-12-26 10:14:52,151] Trial 2397 finished with value: 0.08860944956541061 and parameters: {'L1_hidden_dim': 96, 'L1_layers_atom': 3, 'L1_layers_mol': 1, 'L1_dropout': 0.298799280097307, 'L1_out_dim': 32, 'L2_hidden_dim': 64, 'L2_layers_atom': 2, 'L2_layers_mol': 4, 'L2_out_dim': 32, 'L2_dropout': 0.0674686027860353, 'L3_hidden_dim': 32, 'L3_layers_atom': 4, 'L3_layers_mol': 3, 'L3_out_dim': 32, 'L3_dropout': 0.22742021737149107, 'n_mlp_layers': 3, 'mlp_dim_0': 216, 'mlp_dim_1': 448, 'mlp_dim_2': 160, 'num_heads': 2, 'final_dropout': 0.2672820969639834, 'train_learning_rate': 0.007653505269810051, 'train_lr_reduce': 0.6}. Best is trial 1286 with value: 0.03935658559203148.
[I 2024-12-26 10:15:29,467] Trial 2399 finished with value: 0.06912852823734283 and parameters: {'L1_hidden_dim': 80, 'L1_layers_atom': 4, 'L1_layers_mol': 4, 'L1_dropout': 0.279877329881819, 'L1_out_dim': 96, 'L2_hidden_dim': 208, 'L2_layers_atom': 2, 'L2_layers_mol': 1, 'L2_out_dim': 128, 'L2_dropout': 0.06488306054983722, 'L3_hidden_dim': 112, 'L3_layers_atom': 3, 'L3_layers_mol': 1, 'L3_out_dim': 64, 'L3_dropout': 0.16187627048391623, 'n_mlp_layers': 2, 'mlp_dim_0': 72, 'mlp_dim_1': 384, 'num_heads': 2, 'final_dropout': 0.010645174871099256, 'train_learning_rate': 0.0009610294411572589, 'train_lr_reduce': 0.6}. Best is trial 1286 with value: 0.03935658559203148.
[I 2024-12-26 10:15:45,416] Trial 2400 finished with value: 0.13895779848098755 and parameters: {'L1_hidden_dim': 112, 'L1_layers_atom': 4, 'L1_layers_mol': 4, 'L1_dropout': 0.23405970800935796, 'L1_out_dim': 48, 'L2_hidden_dim': 144, 'L2_layers_atom': 3, 'L2_layers_mol': 4, 'L2_out_dim': 48, 'L2_dropout': 0.04845706844883143, 'L3_hidden_dim': 128, 'L3_layers_atom': 4, 'L3_layers_mol': 1, 'L3_out_dim': 64, 'L3_dropout': 0.13465221050863807, 'n_mlp_layers': 3, 'mlp_dim_0': 272, 'mlp_dim_1': 280, 'mlp_dim_2': 208, 'num_heads': 1, 'final_dropout': 0.05248120964685635, 'train_learning_rate': 0.009323883452157537, 'train_lr_reduce': 0.6}. Best is trial 1286 with value: 0.03935658559203148.
[I 2024-12-26 10:16:20,252] Trial 2401 finished with value: 0.10437170416116714 and parameters: {'L1_hidden_dim': 176, 'L1_layers_atom': 2, 'L1_layers_mol': 2, 'L1_dropout': 0.08996637742230729, 'L1_out_dim': 32, 'L2_hidden_dim': 112, 'L2_layers_atom': 2, 'L2_layers_mol': 1, 'L2_out_dim': 32, 'L2_dropout': 0.11777566946793366, 'L3_hidden_dim': 48, 'L3_layers_atom': 4, 'L3_layers_mol': 3, 'L3_out_dim': 96, 'L3_dropout': 0.18588680295955223, 'n_mlp_layers': 2, 'mlp_dim_0': 504, 'mlp_dim_1': 480, 'num_heads': 2, 'final_dropout': 0.09945478701149392, 'train_learning_rate': 0.0014953407704811233, 'train_lr_reduce': 0.6}. Best is trial 1286 with value: 0.03935658559203148.
[I 2024-12-26 10:16:56,368] Trial 2402 finished with value: 0.07270728051662445 and parameters: {'L1_hidden_dim': 64, 'L1_layers_atom': 4, 'L1_layers_mol': 1, 'L1_dropout': 0.20045670616268577, 'L1_out_dim': 80, 'L2_hidden_dim': 208, 'L2_layers_atom': 2, 'L2_layers_mol': 3, 'L2_out_dim': 128, 'L2_dropout': 0.0015400253880529023, 'L3_hidden_dim': 112, 'L3_layers_atom': 4, 'L3_layers_mol': 1, 'L3_out_dim': 80, 'L3_dropout': 0.027342997355047673, 'n_mlp_layers': 2, 'mlp_dim_0': 264, 'mlp_dim_1': 328, 'num_heads': 2, 'final_dropout': 0.13025806557896863, 'train_learning_rate': 0.0017284513922913886, 'train_lr_reduce': 0.6}. Best is trial 1286 with value: 0.03935658559203148.
[I 2024-12-26 10:17:52,225] Trial 2403 finished with value: 0.07039307802915573 and parameters: {'L1_hidden_dim': 176, 'L1_layers_atom': 3, 'L1_layers_mol': 4, 'L1_dropout': 0.28339454670060776, 'L1_out_dim': 128, 'L2_hidden_dim': 96, 'L2_layers_atom': 3, 'L2_layers_mol': 4, 'L2_out_dim': 32, 'L2_dropout': 0.2514427283803858, 'L3_hidden_dim': 128, 'L3_layers_atom': 3, 'L3_layers_mol': 1, 'L3_out_dim': 64, 'L3_dropout': 0.1393757114171597, 'n_mlp_layers': 2, 'mlp_dim_0': 496, 'mlp_dim_1': 424, 'num_heads': 1, 'final_dropout': 0.19476543144933453, 'train_learning_rate': 0.003431747476842228, 'train_lr_reduce': 0.6}. Best is trial 1286 with value: 0.03935658559203148.
[I 2024-12-26 10:18:00,191] Trial 2404 finished with value: 0.3633365333080292 and parameters: {'L1_hidden_dim': 128, 'L1_layers_atom': 1, 'L1_layers_mol': 3, 'L1_dropout': 0.2414120931573896, 'L1_out_dim': 112, 'L2_hidden_dim': 80, 'L2_layers_atom': 2, 'L2_layers_mol': 2, 'L2_out_dim': 48, 'L2_dropout': 0.18467102257312198, 'L3_hidden_dim': 32, 'L3_layers_atom': 3, 'L3_layers_mol': 3, 'L3_out_dim': 32, 'L3_dropout': 0.11547237288246298, 'n_mlp_layers': 2, 'mlp_dim_0': 368, 'mlp_dim_1': 456, 'num_heads': 1, 'final_dropout': 0.2743578015907725, 'train_learning_rate': 0.00017047348204516464, 'train_lr_reduce': 0.6}. Best is trial 1286 with value: 0.03935658559203148.
[I 2024-12-26 10:18:08,157] Trial 2405 finished with value: 0.1326623409986496 and parameters: {'L1_hidden_dim': 64, 'L1_layers_atom': 4, 'L1_layers_mol': 3, 'L1_dropout': 0.24236292791033667, 'L1_out_dim': 96, 'L2_hidden_dim': 176, 'L2_layers_atom': 2, 'L2_layers_mol': 3, 'L2_out_dim': 128, 'L2_dropout': 0.01673560515396326, 'L3_hidden_dim': 128, 'L3_layers_atom': 3, 'L3_layers_mol': 1, 'L3_out_dim': 80, 'L3_dropout': 0.10044922244479221, 'n_mlp_layers': 2, 'mlp_dim_0': 248, 'mlp_dim_1': 376, 'num_heads': 2, 'final_dropout': 0.17645310730211, 'train_learning_rate': 0.007617919868584705, 'train_lr_reduce': 0.6}. Best is trial 1286 with value: 0.03935658559203148.
[I 2024-12-26 10:19:28,449] Trial 2407 finished with value: 0.08989662677049637 and parameters: {'L1_hidden_dim': 96, 'L1_layers_atom': 4, 'L1_layers_mol': 4, 'L1_dropout': 0.2939070498348074, 'L1_out_dim': 112, 'L2_hidden_dim': 144, 'L2_layers_atom': 3, 'L2_layers_mol': 4, 'L2_out_dim': 64, 'L2_dropout': 0.04872906209347139, 'L3_hidden_dim': 128, 'L3_layers_atom': 3, 'L3_layers_mol': 1, 'L3_out_dim': 32, 'L3_dropout': 0.2520676843419661, 'n_mlp_layers': 3, 'mlp_dim_0': 352, 'mlp_dim_1': 160, 'mlp_dim_2': 384, 'num_heads': 2, 'final_dropout': 0.06213693237782778, 'train_learning_rate': 0.003721170068309754, 'train_lr_reduce': 0.6}. Best is trial 1286 with value: 0.03935658559203148.
[I 2024-12-26 10:19:29,629] Trial 2408 finished with value: 0.08614293485879898 and parameters: {'L1_hidden_dim': 64, 'L1_layers_atom': 2, 'L1_layers_mol': 3, 'L1_dropout': 0.20085432988604884, 'L1_out_dim': 80, 'L2_hidden_dim': 176, 'L2_layers_atom': 4, 'L2_layers_mol': 4, 'L2_out_dim': 128, 'L2_dropout': 0.14146505031650103, 'L3_hidden_dim': 96, 'L3_layers_atom': 3, 'L3_layers_mol': 1, 'L3_out_dim': 128, 'L3_dropout': 0.09849539051187042, 'n_mlp_layers': 3, 'mlp_dim_0': 488, 'mlp_dim_1': 480, 'mlp_dim_2': 176, 'num_heads': 2, 'final_dropout': 0.003967935173498818, 'train_learning_rate': 0.0016953215265830533, 'train_lr_reduce': 0.6}. Best is trial 1286 with value: 0.03935658559203148.
[I 2024-12-26 10:19:35,251] Trial 2406 finished with value: 0.08445730805397034 and parameters: {'L1_hidden_dim': 128, 'L1_layers_atom': 3, 'L1_layers_mol': 3, 'L1_dropout': 0.14615952709859198, 'L1_out_dim': 80, 'L2_hidden_dim': 144, 'L2_layers_atom': 3, 'L2_layers_mol': 4, 'L2_out_dim': 48, 'L2_dropout': 0.0017953181206474822, 'L3_hidden_dim': 80, 'L3_layers_atom': 4, 'L3_layers_mol': 1, 'L3_out_dim': 48, 'L3_dropout': 0.2367901669081512, 'n_mlp_layers': 2, 'mlp_dim_0': 80, 'mlp_dim_1': 336, 'num_heads': 1, 'final_dropout': 0.04006337113583039, 'train_learning_rate': 0.001576593583410771, 'train_lr_reduce': 0.6}. Best is trial 1286 with value: 0.03935658559203148.
[I 2024-12-26 10:20:33,583] Trial 2410 finished with value: 0.11588387191295624 and parameters: {'L1_hidden_dim': 240, 'L1_layers_atom': 3, 'L1_layers_mol': 3, 'L1_dropout': 0.032396508196201726, 'L1_out_dim': 128, 'L2_hidden_dim': 160, 'L2_layers_atom': 2, 'L2_layers_mol': 4, 'L2_out_dim': 112, 'L2_dropout': 0.15702883730952402, 'L3_hidden_dim': 32, 'L3_layers_atom': 2, 'L3_layers_mol': 1, 'L3_out_dim': 128, 'L3_dropout': 0.13200950090941876, 'n_mlp_layers': 2, 'mlp_dim_0': 128, 'mlp_dim_1': 256, 'num_heads': 1, 'final_dropout': 0.015448574856372466, 'train_learning_rate': 0.003615499165315616, 'train_lr_reduce': 0.6}. Best is trial 1286 with value: 0.03935658559203148.
