[I 2024-12-19 21:09:35,629] Trial 1815 finished with value: 0.21478956937789917 and parameters: {'mlp_n_layers': 3, 'mlp_dim_00': 455, 'mlp_dim_01': 286, 'mlp_dim_02': 476, 'node_hidden_dim': 85, 'edge_hidden_dim': 68, 'depth': 1, 'rep_dropout': 0.10898788481564065, 'train_learning_rate': 0.0007497781155845939, 'train_lr_reduce': 0.6}. Best is trial 122 with value: 0.09548358619213104.
[I 2024-12-19 21:09:37,459] Trial 1818 finished with value: 1.6775944232940674 and parameters: {'mlp_n_layers': 4, 'mlp_dim_00': 393, 'mlp_dim_01': 448, 'mlp_dim_02': 439, 'mlp_dim_03': 511, 'node_hidden_dim': 42, 'edge_hidden_dim': 98, 'depth': 1, 'rep_dropout': 0.10057140524614042, 'train_learning_rate': 0.00017970064937152577, 'train_lr_reduce': 0.6}. Best is trial 122 with value: 0.09548358619213104.
[I 2024-12-19 21:10:01,632] Trial 1816 finished with value: 0.12719736993312836 and parameters: {'mlp_n_layers': 3, 'mlp_dim_00': 402, 'mlp_dim_01': 403, 'mlp_dim_02': 276, 'node_hidden_dim': 103, 'edge_hidden_dim': 48, 'depth': 1, 'rep_dropout': 0.10507355396374433, 'train_learning_rate': 0.001040624376504823, 'train_lr_reduce': 0.6}. Best is trial 122 with value: 0.09548358619213104.
[I 2024-12-19 21:10:07,667] Trial 1821 finished with value: 1.6870050430297852 and parameters: {'mlp_n_layers': 3, 'mlp_dim_00': 73, 'mlp_dim_01': 361, 'mlp_dim_02': 391, 'node_hidden_dim': 110, 'edge_hidden_dim': 59, 'depth': 2, 'rep_dropout': 0.0754613221627505, 'train_learning_rate': 0.00014523660697402996, 'train_lr_reduce': 0.6}. Best is trial 122 with value: 0.09548358619213104.
[I 2024-12-19 21:10:10,236] Trial 1820 finished with value: 0.1320643126964569 and parameters: {'mlp_n_layers': 3, 'mlp_dim_00': 441, 'mlp_dim_01': 304, 'mlp_dim_02': 236, 'node_hidden_dim': 103, 'edge_hidden_dim': 65, 'depth': 1, 'rep_dropout': 0.0879262929625604, 'train_learning_rate': 0.0014267401135842504, 'train_lr_reduce': 0.6}. Best is trial 122 with value: 0.09548358619213104.
[I 2024-12-19 21:10:13,152] Trial 1822 finished with value: 1.6776950359344482 and parameters: {'mlp_n_layers': 4, 'mlp_dim_00': 509, 'mlp_dim_01': 510, 'mlp_dim_02': 477, 'mlp_dim_03': 336, 'node_hidden_dim': 65, 'edge_hidden_dim': 40, 'depth': 1, 'rep_dropout': 0.10644046212398994, 'train_learning_rate': 0.00019465415559024267, 'train_lr_reduce': 0.6}. Best is trial 122 with value: 0.09548358619213104.
[I 2024-12-19 21:10:21,258] Trial 1819 finished with value: 0.13528411090373993 and parameters: {'mlp_n_layers': 4, 'mlp_dim_00': 168, 'mlp_dim_01': 487, 'mlp_dim_02': 314, 'mlp_dim_03': 425, 'node_hidden_dim': 83, 'edge_hidden_dim': 47, 'depth': 2, 'rep_dropout': 0.10883337866304738, 'train_learning_rate': 0.0011471077032522334, 'train_lr_reduce': 0.6}. Best is trial 122 with value: 0.09548358619213104.
[I 2024-12-19 21:10:24,388] Trial 1824 finished with value: 1.3055472373962402 and parameters: {'mlp_n_layers': 4, 'mlp_dim_00': 267, 'mlp_dim_01': 245, 'mlp_dim_02': 406, 'mlp_dim_03': 443, 'node_hidden_dim': 63, 'edge_hidden_dim': 84, 'depth': 2, 'rep_dropout': 0.091585124039708, 'train_learning_rate': 0.0007183261628296123, 'train_lr_reduce': 0.6}. Best is trial 122 with value: 0.09548358619213104.
[I 2024-12-19 21:10:55,083] Trial 1826 finished with value: 0.2337488830089569 and parameters: {'mlp_n_layers': 3, 'mlp_dim_00': 246, 'mlp_dim_01': 344, 'mlp_dim_02': 512, 'node_hidden_dim': 48, 'edge_hidden_dim': 127, 'depth': 1, 'rep_dropout': 0.14492621421234173, 'train_learning_rate': 0.0034459108256368934, 'train_lr_reduce': 0.6}. Best is trial 122 with value: 0.09548358619213104.
[I 2024-12-19 21:10:55,177] Trial 1823 finished with value: 0.1167120561003685 and parameters: {'mlp_n_layers': 3, 'mlp_dim_00': 319, 'mlp_dim_01': 442, 'mlp_dim_02': 347, 'node_hidden_dim': 81, 'edge_hidden_dim': 69, 'depth': 1, 'rep_dropout': 0.0905364579803403, 'train_learning_rate': 0.0008847167772012699, 'train_lr_reduce': 0.6}. Best is trial 122 with value: 0.09548358619213104.
[I 2024-12-19 21:11:01,059] Trial 1828 finished with value: 1.64506995677948 and parameters: {'mlp_n_layers': 4, 'mlp_dim_00': 287, 'mlp_dim_01': 396, 'mlp_dim_02': 356, 'mlp_dim_03': 482, 'node_hidden_dim': 85, 'edge_hidden_dim': 33, 'depth': 1, 'rep_dropout': 0.06948137077697843, 'train_learning_rate': 0.0011992089238789807, 'train_lr_reduce': 0.6}. Best is trial 122 with value: 0.09548358619213104.
[I 2024-12-19 21:11:04,393] Trial 1825 finished with value: 0.09962881356477737 and parameters: {'mlp_n_layers': 4, 'mlp_dim_00': 347, 'mlp_dim_01': 414, 'mlp_dim_02': 442, 'mlp_dim_03': 375, 'node_hidden_dim': 56, 'edge_hidden_dim': 73, 'depth': 1, 'rep_dropout': 0.11644601969910824, 'train_learning_rate': 0.0005223529601584414, 'train_lr_reduce': 0.6}. Best is trial 122 with value: 0.09548358619213104.
[I 2024-12-19 21:11:09,626] Trial 1830 finished with value: 1.6893736124038696 and parameters: {'mlp_n_layers': 3, 'mlp_dim_00': 172, 'mlp_dim_01': 420, 'mlp_dim_02': 456, 'node_hidden_dim': 123, 'edge_hidden_dim': 124, 'depth': 2, 'rep_dropout': 0.10345989403149426, 'train_learning_rate': 0.0001522453639115592, 'train_lr_reduce': 0.6}. Best is trial 122 with value: 0.09548358619213104.
[I 2024-12-19 21:11:26,433] Trial 1827 finished with value: 0.40254631638526917 and parameters: {'mlp_n_layers': 1, 'mlp_dim_00': 118, 'node_hidden_dim': 33, 'edge_hidden_dim': 72, 'depth': 1, 'rep_dropout': 0.14925818589165016, 'train_learning_rate': 0.0007749230200044995, 'train_lr_reduce': 0.6}. Best is trial 122 with value: 0.09548358619213104.
[I 2024-12-19 21:11:32,861] Trial 1832 finished with value: 1.6795183420181274 and parameters: {'mlp_n_layers': 4, 'mlp_dim_00': 337, 'mlp_dim_01': 430, 'mlp_dim_02': 454, 'mlp_dim_03': 388, 'node_hidden_dim': 57, 'edge_hidden_dim': 85, 'depth': 2, 'rep_dropout': 0.12939297673851521, 'train_learning_rate': 0.00022331759567990257, 'train_lr_reduce': 0.6}. Best is trial 122 with value: 0.09548358619213104.
[I 2024-12-19 21:11:44,449] Trial 1829 finished with value: 0.09845150262117386 and parameters: {'mlp_n_layers': 4, 'mlp_dim_00': 374, 'mlp_dim_01': 283, 'mlp_dim_02': 310, 'mlp_dim_03': 446, 'node_hidden_dim': 83, 'edge_hidden_dim': 73, 'depth': 1, 'rep_dropout': 0.08710064854307728, 'train_learning_rate': 0.0010784944895999645, 'train_lr_reduce': 0.6}. Best is trial 122 with value: 0.09548358619213104.
[I 2024-12-19 21:11:50,818] Trial 1833 finished with value: 1.6820682287216187 and parameters: {'mlp_n_layers': 4, 'mlp_dim_00': 414, 'mlp_dim_01': 442, 'mlp_dim_02': 476, 'mlp_dim_03': 385, 'node_hidden_dim': 51, 'edge_hidden_dim': 73, 'depth': 1, 'rep_dropout': 0.10566607597083529, 'train_learning_rate': 0.0002551018622834201, 'train_lr_reduce': 0.6}. Best is trial 122 with value: 0.09548358619213104.
[I 2024-12-19 21:11:54,656] Trial 1831 finished with value: 0.1515706181526184 and parameters: {'mlp_n_layers': 4, 'mlp_dim_00': 489, 'mlp_dim_01': 423, 'mlp_dim_02': 470, 'mlp_dim_03': 382, 'node_hidden_dim': 70, 'edge_hidden_dim': 57, 'depth': 1, 'rep_dropout': 0.14216833475483914, 'train_learning_rate': 0.0005864338659688251, 'train_lr_reduce': 0.6}. Best is trial 122 with value: 0.09548358619213104.
[I 2024-12-19 21:12:05,397] Trial 1836 finished with value: 1.4032833576202393 and parameters: {'mlp_n_layers': 4, 'mlp_dim_00': 112, 'mlp_dim_01': 233, 'mlp_dim_02': 272, 'mlp_dim_03': 437, 'node_hidden_dim': 123, 'edge_hidden_dim': 76, 'depth': 4, 'rep_dropout': 0.07119068322533725, 'train_learning_rate': 0.0013456426817104045, 'train_lr_reduce': 0.6}. Best is trial 122 with value: 0.09548358619213104.
[I 2024-12-19 21:12:10,579] Trial 1837 finished with value: 1.6731812953948975 and parameters: {'mlp_n_layers': 4, 'mlp_dim_00': 308, 'mlp_dim_01': 251, 'mlp_dim_02': 273, 'mlp_dim_03': 441, 'node_hidden_dim': 58, 'edge_hidden_dim': 71, 'depth': 1, 'rep_dropout': 0.13284643041912556, 'train_learning_rate': 0.0002802239803960477, 'train_lr_reduce': 0.6}. Best is trial 122 with value: 0.09548358619213104.
[I 2024-12-19 21:12:12,863] Trial 1834 finished with value: 0.13746428489685059 and parameters: {'mlp_n_layers': 4, 'mlp_dim_00': 330, 'mlp_dim_01': 221, 'mlp_dim_02': 307, 'mlp_dim_03': 443, 'node_hidden_dim': 90, 'edge_hidden_dim': 76, 'depth': 1, 'rep_dropout': 0.11156602643729559, 'train_learning_rate': 0.0010845903038597597, 'train_lr_reduce': 0.6}. Best is trial 122 with value: 0.09548358619213104.
[I 2024-12-19 21:12:16,129] Trial 1838 finished with value: 1.5887233018875122 and parameters: {'mlp_n_layers': 1, 'mlp_dim_00': 237, 'node_hidden_dim': 87, 'edge_hidden_dim': 83, 'depth': 4, 'rep_dropout': 0.013647076967744122, 'train_learning_rate': 0.0009153354201172246, 'train_lr_reduce': 0.6}. Best is trial 122 with value: 0.09548358619213104.
[I 2024-12-19 21:12:17,549] Trial 1839 finished with value: 1.6830936670303345 and parameters: {'mlp_n_layers': 4, 'mlp_dim_00': 495, 'mlp_dim_01': 273, 'mlp_dim_02': 285, 'mlp_dim_03': 436, 'node_hidden_dim': 72, 'edge_hidden_dim': 91, 'depth': 1, 'rep_dropout': 0.14982404662098278, 'train_learning_rate': 0.0002516973448596423, 'train_lr_reduce': 0.6}. Best is trial 122 with value: 0.09548358619213104.
[I 2024-12-19 21:12:21,384] Trial 1840 finished with value: 1.6816818714141846 and parameters: {'mlp_n_layers': 3, 'mlp_dim_00': 187, 'mlp_dim_01': 256, 'mlp_dim_02': 285, 'node_hidden_dim': 32, 'edge_hidden_dim': 64, 'depth': 4, 'rep_dropout': 0.019168923593615828, 'train_learning_rate': 0.0001502812150731297, 'train_lr_reduce': 0.6}. Best is trial 122 with value: 0.09548358619213104.
[I 2024-12-19 21:12:37,260] Trial 1835 finished with value: 0.335156112909317 and parameters: {'mlp_n_layers': 3, 'mlp_dim_00': 349, 'mlp_dim_01': 226, 'mlp_dim_02': 280, 'node_hidden_dim': 53, 'edge_hidden_dim': 67, 'depth': 1, 'rep_dropout': 0.1199954418623166, 'train_learning_rate': 0.00027896625338268697, 'train_lr_reduce': 0.6}. Best is trial 122 with value: 0.09548358619213104.
[I 2024-12-19 21:12:44,634] Trial 1842 finished with value: 0.22117666900157928 and parameters: {'mlp_n_layers': 3, 'mlp_dim_00': 409, 'mlp_dim_01': 285, 'mlp_dim_02': 290, 'node_hidden_dim': 83, 'edge_hidden_dim': 74, 'depth': 1, 'rep_dropout': 0.0702033372882433, 'train_learning_rate': 0.0008476761587384469, 'train_lr_reduce': 0.6}. Best is trial 122 with value: 0.09548358619213104.
[I 2024-12-19 21:12:45,445] Trial 1841 finished with value: 0.12767294049263 and parameters: {'mlp_n_layers': 4, 'mlp_dim_00': 319, 'mlp_dim_01': 202, 'mlp_dim_02': 246, 'mlp_dim_03': 448, 'node_hidden_dim': 70, 'edge_hidden_dim': 84, 'depth': 1, 'rep_dropout': 0.09784517009142156, 'train_learning_rate': 0.0009972247980980723, 'train_lr_reduce': 0.6}. Best is trial 122 with value: 0.09548358619213104.
[I 2024-12-19 21:12:50,874] Trial 1844 finished with value: 1.6192846298217773 and parameters: {'mlp_n_layers': 1, 'mlp_dim_00': 368, 'node_hidden_dim': 111, 'edge_hidden_dim': 48, 'depth': 1, 'rep_dropout': 0.04304129486379746, 'train_learning_rate': 0.0004670507020926499, 'train_lr_reduce': 0.6}. Best is trial 122 with value: 0.09548358619213104.
[I 2024-12-19 21:12:56,611] Trial 1846 finished with value: 1.6804927587509155 and parameters: {'mlp_n_layers': 4, 'mlp_dim_00': 275, 'mlp_dim_01': 266, 'mlp_dim_02': 299, 'mlp_dim_03': 477, 'node_hidden_dim': 44, 'edge_hidden_dim': 57, 'depth': 2, 'rep_dropout': 0.1412867990002895, 'train_learning_rate': 0.0001362266283540111, 'train_lr_reduce': 0.6}. Best is trial 122 with value: 0.09548358619213104.
[I 2024-12-19 21:13:23,742] Trial 1843 finished with value: 0.10157379508018494 and parameters: {'mlp_n_layers': 4, 'mlp_dim_00': 235, 'mlp_dim_01': 295, 'mlp_dim_02': 311, 'mlp_dim_03': 449, 'node_hidden_dim': 87, 'edge_hidden_dim': 42, 'depth': 1, 'rep_dropout': 0.09006101258888452, 'train_learning_rate': 0.0008703420872176081, 'train_lr_reduce': 0.6}. Best is trial 122 with value: 0.09548358619213104.
[I 2024-12-19 21:13:31,469] Trial 1845 finished with value: 0.10412625968456268 and parameters: {'mlp_n_layers': 4, 'mlp_dim_00': 356, 'mlp_dim_01': 253, 'mlp_dim_02': 323, 'mlp_dim_03': 421, 'node_hidden_dim': 71, 'edge_hidden_dim': 62, 'depth': 1, 'rep_dropout': 0.08741837843375345, 'train_learning_rate': 0.00047855954294084656, 'train_lr_reduce': 0.6}. Best is trial 122 with value: 0.09548358619213104.
[I 2024-12-19 21:13:41,399] Trial 1847 finished with value: 0.12224561721086502 and parameters: {'mlp_n_layers': 4, 'mlp_dim_00': 506, 'mlp_dim_01': 277, 'mlp_dim_02': 217, 'mlp_dim_03': 420, 'node_hidden_dim': 103, 'edge_hidden_dim': 71, 'depth': 1, 'rep_dropout': 0.14233191727779357, 'train_learning_rate': 0.0005333754941383634, 'train_lr_reduce': 0.6}. Best is trial 122 with value: 0.09548358619213104.
[I 2024-12-19 21:13:45,164] Trial 1848 finished with value: 0.3257818818092346 and parameters: {'mlp_n_layers': 3, 'mlp_dim_00': 84, 'mlp_dim_01': 250, 'mlp_dim_02': 258, 'node_hidden_dim': 112, 'edge_hidden_dim': 40, 'depth': 1, 'rep_dropout': 0.009023660567497413, 'train_learning_rate': 0.0050916507116127935, 'train_lr_reduce': 0.6}. Best is trial 122 with value: 0.09548358619213104.
[I 2024-12-19 21:13:50,805] Trial 1851 finished with value: 1.6822550296783447 and parameters: {'mlp_n_layers': 4, 'mlp_dim_00': 294, 'mlp_dim_01': 267, 'mlp_dim_02': 296, 'mlp_dim_03': 427, 'node_hidden_dim': 56, 'edge_hidden_dim': 63, 'depth': 1, 'rep_dropout': 0.10520360988585872, 'train_learning_rate': 0.00034472795481784916, 'train_lr_reduce': 0.6}. Best is trial 122 with value: 0.09548358619213104.
[I 2024-12-19 21:14:15,762] Trial 1850 finished with value: 0.14721232652664185 and parameters: {'mlp_n_layers': 4, 'mlp_dim_00': 290, 'mlp_dim_01': 286, 'mlp_dim_02': 280, 'mlp_dim_03': 482, 'node_hidden_dim': 65, 'edge_hidden_dim': 94, 'depth': 1, 'rep_dropout': 0.1267159442900684, 'train_learning_rate': 0.0009971879336688, 'train_lr_reduce': 0.6}. Best is trial 122 with value: 0.09548358619213104.
[I 2024-12-19 21:14:17,732] Trial 1849 finished with value: 0.11607808619737625 and parameters: {'mlp_n_layers': 4, 'mlp_dim_00': 394, 'mlp_dim_01': 262, 'mlp_dim_02': 317, 'mlp_dim_03': 468, 'node_hidden_dim': 74, 'edge_hidden_dim': 79, 'depth': 1, 'rep_dropout': 0.08627716692060428, 'train_learning_rate': 0.000593100458776198, 'train_lr_reduce': 0.6}. Best is trial 122 with value: 0.09548358619213104.
[I 2024-12-19 21:14:36,341] Trial 1852 finished with value: 0.1290157288312912 and parameters: {'mlp_n_layers': 4, 'mlp_dim_00': 309, 'mlp_dim_01': 184, 'mlp_dim_02': 318, 'mlp_dim_03': 478, 'node_hidden_dim': 93, 'edge_hidden_dim': 78, 'depth': 2, 'rep_dropout': 0.09576575948113719, 'train_learning_rate': 0.002888200264114738, 'train_lr_reduce': 0.6}. Best is trial 122 with value: 0.09548358619213104.
[I 2024-12-19 21:14:36,699] Trial 1854 finished with value: 0.32971957325935364 and parameters: {'mlp_n_layers': 4, 'mlp_dim_00': 361, 'mlp_dim_01': 287, 'mlp_dim_02': 311, 'mlp_dim_03': 414, 'node_hidden_dim': 96, 'edge_hidden_dim': 74, 'depth': 1, 'rep_dropout': 0.09984922258582561, 'train_learning_rate': 0.0015868766485943636, 'train_lr_reduce': 0.6}. Best is trial 122 with value: 0.09548358619213104.
[I 2024-12-19 21:14:41,543] Trial 1856 finished with value: 1.6590358018875122 and parameters: {'mlp_n_layers': 3, 'mlp_dim_00': 352, 'mlp_dim_01': 392, 'mlp_dim_02': 228, 'node_hidden_dim': 49, 'edge_hidden_dim': 86, 'depth': 1, 'rep_dropout': 0.11871799539390121, 'train_learning_rate': 0.0017638278241158844, 'train_lr_reduce': 0.6}. Best is trial 122 with value: 0.09548358619213104.
[I 2024-12-19 21:14:41,630] Trial 1853 finished with value: 0.17668834328651428 and parameters: {'mlp_n_layers': 4, 'mlp_dim_00': 302, 'mlp_dim_01': 301, 'mlp_dim_02': 321, 'mlp_dim_03': 512, 'node_hidden_dim': 61, 'edge_hidden_dim': 54, 'depth': 1, 'rep_dropout': 0.10462417418837335, 'train_learning_rate': 0.0009930173463229492, 'train_lr_reduce': 0.6}. Best is trial 122 with value: 0.09548358619213104.
[I 2024-12-19 21:14:41,854] Trial 1855 finished with value: 1.6845391988754272 and parameters: {'mlp_n_layers': 1, 'mlp_dim_00': 306, 'node_hidden_dim': 38, 'edge_hidden_dim': 65, 'depth': 4, 'rep_dropout': 0.1491036664740616, 'train_learning_rate': 0.00012701546185905332, 'train_lr_reduce': 0.6}. Best is trial 122 with value: 0.09548358619213104.
[I 2024-12-19 21:15:02,484] Trial 1858 finished with value: 0.4149729609489441 and parameters: {'mlp_n_layers': 4, 'mlp_dim_00': 329, 'mlp_dim_01': 292, 'mlp_dim_02': 339, 'mlp_dim_03': 408, 'node_hidden_dim': 89, 'edge_hidden_dim': 101, 'depth': 1, 'rep_dropout': 0.05945453233611682, 'train_learning_rate': 0.0009240742361201039, 'train_lr_reduce': 0.6}. Best is trial 122 with value: 0.09548358619213104.
[I 2024-12-19 21:15:12,391] Trial 1859 finished with value: 0.1340983659029007 and parameters: {'mlp_n_layers': 4, 'mlp_dim_00': 399, 'mlp_dim_01': 486, 'mlp_dim_02': 246, 'mlp_dim_03': 471, 'node_hidden_dim': 79, 'edge_hidden_dim': 78, 'depth': 1, 'rep_dropout': 0.08296882831035413, 'train_learning_rate': 0.0014092533052970744, 'train_lr_reduce': 0.6}. Best is trial 122 with value: 0.09548358619213104.
[I 2024-12-19 21:15:24,800] Trial 1861 finished with value: 1.2788326740264893 and parameters: {'mlp_n_layers': 4, 'mlp_dim_00': 275, 'mlp_dim_01': 512, 'mlp_dim_02': 181, 'mlp_dim_03': 481, 'node_hidden_dim': 71, 'edge_hidden_dim': 69, 'depth': 2, 'rep_dropout': 0.08368510970587682, 'train_learning_rate': 0.0007264911470540132, 'train_lr_reduce': 0.6}. Best is trial 122 with value: 0.09548358619213104.
[I 2024-12-19 21:15:28,530] Trial 1857 finished with value: 0.13345083594322205 and parameters: {'mlp_n_layers': 4, 'mlp_dim_00': 309, 'mlp_dim_01': 229, 'mlp_dim_02': 315, 'mlp_dim_03': 448, 'node_hidden_dim': 54, 'edge_hidden_dim': 76, 'depth': 1, 'rep_dropout': 0.10252976512190395, 'train_learning_rate': 0.0003084117797533228, 'train_lr_reduce': 0.6}. Best is trial 122 with value: 0.09548358619213104.
[I 2024-12-19 21:15:37,856] Trial 1860 finished with value: 0.10377843677997589 and parameters: {'mlp_n_layers': 4, 'mlp_dim_00': 356, 'mlp_dim_01': 386, 'mlp_dim_02': 333, 'mlp_dim_03': 431, 'node_hidden_dim': 59, 'edge_hidden_dim': 67, 'depth': 1, 'rep_dropout': 0.0941947207385322, 'train_learning_rate': 0.0009403834934093295, 'train_lr_reduce': 0.6}. Best is trial 122 with value: 0.09548358619213104.
[I 2024-12-19 21:15:54,223] Trial 1862 finished with value: 0.1714407503604889 and parameters: {'mlp_n_layers': 4, 'mlp_dim_00': 300, 'mlp_dim_01': 305, 'mlp_dim_02': 137, 'mlp_dim_03': 451, 'node_hidden_dim': 75, 'edge_hidden_dim': 64, 'depth': 1, 'rep_dropout': 0.06323448013513543, 'train_learning_rate': 0.0019414008850509004, 'train_lr_reduce': 0.6}. Best is trial 122 with value: 0.09548358619213104.
[I 2024-12-19 21:15:56,214] Trial 1864 finished with value: 0.2764144837856293 and parameters: {'mlp_n_layers': 4, 'mlp_dim_00': 123, 'mlp_dim_01': 512, 'mlp_dim_02': 281, 'mlp_dim_03': 408, 'node_hidden_dim': 106, 'edge_hidden_dim': 77, 'depth': 1, 'rep_dropout': 0.07753510645375997, 'train_learning_rate': 0.0009801194167610903, 'train_lr_reduce': 0.6}. Best is trial 122 with value: 0.09548358619213104.
[I 2024-12-19 21:15:59,551] Trial 1865 finished with value: 1.6744372844696045 and parameters: {'mlp_n_layers': 3, 'mlp_dim_00': 307, 'mlp_dim_01': 393, 'mlp_dim_02': 346, 'node_hidden_dim': 73, 'edge_hidden_dim': 62, 'depth': 2, 'rep_dropout': 0.11039013547818712, 'train_learning_rate': 0.0001599714073029415, 'train_lr_reduce': 0.6}. Best is trial 122 with value: 0.09548358619213104.
[I 2024-12-19 21:16:01,587] Trial 1863 finished with value: 0.2686954736709595 and parameters: {'mlp_n_layers': 3, 'mlp_dim_00': 428, 'mlp_dim_01': 80, 'mlp_dim_02': 330, 'node_hidden_dim': 93, 'edge_hidden_dim': 61, 'depth': 1, 'rep_dropout': 0.11643732144728913, 'train_learning_rate': 0.0025595998514251804, 'train_lr_reduce': 0.6}. Best is trial 122 with value: 0.09548358619213104.
[I 2024-12-19 21:16:04,346] Trial 1867 finished with value: 1.6668944358825684 and parameters: {'mlp_n_layers': 4, 'mlp_dim_00': 356, 'mlp_dim_01': 244, 'mlp_dim_02': 306, 'mlp_dim_03': 399, 'node_hidden_dim': 43, 'edge_hidden_dim': 69, 'depth': 1, 'rep_dropout': 0.1146727708730303, 'train_learning_rate': 0.0001700191601273836, 'train_lr_reduce': 0.6}. Best is trial 122 with value: 0.09548358619213104.
[I 2024-12-19 21:16:09,868] Trial 1869 finished with value: 1.6147912740707397 and parameters: {'mlp_n_layers': 1, 'mlp_dim_00': 383, 'node_hidden_dim': 110, 'edge_hidden_dim': 71, 'depth': 3, 'rep_dropout': 0.11291744720657476, 'train_learning_rate': 0.0007822654356723086, 'train_lr_reduce': 0.6}. Best is trial 122 with value: 0.09548358619213104.
[I 2024-12-19 21:16:15,179] Trial 1870 finished with value: 1.6646486520767212 and parameters: {'mlp_n_layers': 3, 'mlp_dim_00': 291, 'mlp_dim_01': 512, 'mlp_dim_02': 360, 'node_hidden_dim': 71, 'edge_hidden_dim': 63, 'depth': 2, 'rep_dropout': 0.13394189273407642, 'train_learning_rate': 0.0005494186026742237, 'train_lr_reduce': 0.6}. Best is trial 122 with value: 0.09548358619213104.
[I 2024-12-19 21:16:21,047] Trial 1871 finished with value: 1.6742160320281982 and parameters: {'mlp_n_layers': 4, 'mlp_dim_00': 335, 'mlp_dim_01': 275, 'mlp_dim_02': 254, 'mlp_dim_03': 445, 'node_hidden_dim': 61, 'edge_hidden_dim': 69, 'depth': 2, 'rep_dropout': 0.11711893385725815, 'train_learning_rate': 0.0004682492110128402, 'train_lr_reduce': 0.6}. Best is trial 122 with value: 0.09548358619213104.
[I 2024-12-19 21:16:26,570] Trial 1872 finished with value: 1.667441964149475 and parameters: {'mlp_n_layers': 3, 'mlp_dim_00': 183, 'mlp_dim_01': 461, 'mlp_dim_02': 293, 'node_hidden_dim': 74, 'edge_hidden_dim': 38, 'depth': 1, 'rep_dropout': 0.007094552588050959, 'train_learning_rate': 0.00010534193371666782, 'train_lr_reduce': 0.6}. Best is trial 122 with value: 0.09548358619213104.
