[I 2024-12-20 00:00:26,071] Trial 495 finished with value: 0.3854144215583801 and parameters: {'mlp_n_layers': 3, 'mlp_dim_00': 352, 'mlp_dim_01': 342, 'mlp_dim_02': 256, 'node_hidden_dim': 119, 'edge_hidden_dim': 78, 'depth': 1, 'rep_dropout': 0.049095729160177626, 'train_learning_rate': 0.0015593776136428638, 'train_lr_reduce': 0.6}. Best is trial 269 with value: 0.32603323459625244.
[I 2024-12-20 00:00:27,935] Trial 500 finished with value: 1.562126874923706 and parameters: {'mlp_n_layers': 2, 'mlp_dim_00': 202, 'mlp_dim_01': 426, 'node_hidden_dim': 128, 'edge_hidden_dim': 114, 'depth': 4, 'rep_dropout': 0.11057181591362886, 'train_learning_rate': 0.0001073248316454579, 'train_lr_reduce': 0.6}. Best is trial 269 with value: 0.32603323459625244.
[I 2024-12-20 00:00:29,562] Trial 501 finished with value: 1.375126838684082 and parameters: {'mlp_n_layers': 2, 'mlp_dim_00': 455, 'mlp_dim_01': 467, 'node_hidden_dim': 124, 'edge_hidden_dim': 72, 'depth': 2, 'rep_dropout': 0.09949187515581276, 'train_learning_rate': 0.002802000066320094, 'train_lr_reduce': 0.6}. Best is trial 269 with value: 0.32603323459625244.
[I 2024-12-20 00:00:31,704] Trial 502 finished with value: 1.5643268823623657 and parameters: {'mlp_n_layers': 3, 'mlp_dim_00': 363, 'mlp_dim_01': 338, 'mlp_dim_02': 115, 'node_hidden_dim': 107, 'edge_hidden_dim': 32, 'depth': 1, 'rep_dropout': 0.001281076032206932, 'train_learning_rate': 0.0008258261052787768, 'train_lr_reduce': 0.6}. Best is trial 269 with value: 0.32603323459625244.
[I 2024-12-20 00:00:33,843] Trial 503 finished with value: 1.563611626625061 and parameters: {'mlp_n_layers': 2, 'mlp_dim_00': 407, 'mlp_dim_01': 389, 'node_hidden_dim': 33, 'edge_hidden_dim': 51, 'depth': 4, 'rep_dropout': 0.10736812581927008, 'train_learning_rate': 0.00018239476452649143, 'train_lr_reduce': 0.6}. Best is trial 269 with value: 0.32603323459625244.
[I 2024-12-20 00:00:35,267] Trial 504 finished with value: 1.5093284845352173 and parameters: {'mlp_n_layers': 3, 'mlp_dim_00': 222, 'mlp_dim_01': 275, 'mlp_dim_02': 310, 'node_hidden_dim': 58, 'edge_hidden_dim': 89, 'depth': 2, 'rep_dropout': 0.14511556717193208, 'train_learning_rate': 0.0012850110105153956, 'train_lr_reduce': 0.6}. Best is trial 269 with value: 0.32603323459625244.
[I 2024-12-20 00:00:38,259] Trial 499 finished with value: 0.4034697711467743 and parameters: {'mlp_n_layers': 4, 'mlp_dim_00': 259, 'mlp_dim_01': 283, 'mlp_dim_02': 262, 'mlp_dim_03': 390, 'node_hidden_dim': 37, 'edge_hidden_dim': 51, 'depth': 1, 'rep_dropout': 0.010403812564430613, 'train_learning_rate': 0.0033488897546203465, 'train_lr_reduce': 0.6}. Best is trial 269 with value: 0.32603323459625244.
[I 2024-12-20 00:00:41,977] Trial 507 finished with value: 1.324136734008789 and parameters: {'mlp_n_layers': 3, 'mlp_dim_00': 364, 'mlp_dim_01': 410, 'mlp_dim_02': 239, 'node_hidden_dim': 125, 'edge_hidden_dim': 70, 'depth': 2, 'rep_dropout': 0.05324375085082631, 'train_learning_rate': 0.004294519119741979, 'train_lr_reduce': 0.6}. Best is trial 269 with value: 0.32603323459625244.
[I 2024-12-20 00:00:52,095] Trial 506 finished with value: 0.4058877229690552 and parameters: {'mlp_n_layers': 3, 'mlp_dim_00': 394, 'mlp_dim_01': 367, 'mlp_dim_02': 176, 'node_hidden_dim': 101, 'edge_hidden_dim': 74, 'depth': 1, 'rep_dropout': 0.07300921857661996, 'train_learning_rate': 0.0024563680467835766, 'train_lr_reduce': 0.6}. Best is trial 269 with value: 0.32603323459625244.
[I 2024-12-20 00:00:56,557] Trial 509 finished with value: 1.3007566928863525 and parameters: {'mlp_n_layers': 2, 'mlp_dim_00': 435, 'mlp_dim_01': 331, 'node_hidden_dim': 118, 'edge_hidden_dim': 56, 'depth': 1, 'rep_dropout': 0.06582638058055028, 'train_learning_rate': 0.0023383392302483495, 'train_lr_reduce': 0.6}. Best is trial 269 with value: 0.32603323459625244.
[I 2024-12-20 00:01:00,937] Trial 508 finished with value: 0.4189745783805847 and parameters: {'mlp_n_layers': 3, 'mlp_dim_00': 287, 'mlp_dim_01': 259, 'mlp_dim_02': 285, 'node_hidden_dim': 70, 'edge_hidden_dim': 55, 'depth': 1, 'rep_dropout': 0.009376683197621088, 'train_learning_rate': 0.00234783520717032, 'train_lr_reduce': 0.6}. Best is trial 269 with value: 0.32603323459625244.
[I 2024-12-20 00:01:13,331] Trial 505 finished with value: 0.5824262499809265 and parameters: {'mlp_n_layers': 4, 'mlp_dim_00': 462, 'mlp_dim_01': 310, 'mlp_dim_02': 365, 'mlp_dim_03': 281, 'node_hidden_dim': 93, 'edge_hidden_dim': 110, 'depth': 2, 'rep_dropout': 0.133091559283189, 'train_learning_rate': 0.0009544417976669858, 'train_lr_reduce': 0.6}. Best is trial 269 with value: 0.32603323459625244.
[I 2024-12-20 00:01:19,466] Trial 510 finished with value: 0.3659904897212982 and parameters: {'mlp_n_layers': 3, 'mlp_dim_00': 494, 'mlp_dim_01': 364, 'mlp_dim_02': 214, 'node_hidden_dim': 118, 'edge_hidden_dim': 48, 'depth': 1, 'rep_dropout': 0.03069052146376894, 'train_learning_rate': 0.0009502594827188286, 'train_lr_reduce': 0.6}. Best is trial 269 with value: 0.32603323459625244.
[I 2024-12-20 00:01:27,788] Trial 513 finished with value: 0.4298318028450012 and parameters: {'mlp_n_layers': 4, 'mlp_dim_00': 351, 'mlp_dim_01': 316, 'mlp_dim_02': 254, 'mlp_dim_03': 204, 'node_hidden_dim': 102, 'edge_hidden_dim': 71, 'depth': 1, 'rep_dropout': 0.04115068576264755, 'train_learning_rate': 0.0026287959802790903, 'train_lr_reduce': 0.6}. Best is trial 269 with value: 0.32603323459625244.
[I 2024-12-20 00:01:29,993] Trial 512 finished with value: 0.35782796144485474 and parameters: {'mlp_n_layers': 3, 'mlp_dim_00': 356, 'mlp_dim_01': 415, 'mlp_dim_02': 317, 'node_hidden_dim': 122, 'edge_hidden_dim': 51, 'depth': 1, 'rep_dropout': 0.041099413884079, 'train_learning_rate': 0.0019486305895028294, 'train_lr_reduce': 0.6}. Best is trial 269 with value: 0.32603323459625244.
[I 2024-12-20 00:01:32,553] Trial 511 finished with value: 0.4541139602661133 and parameters: {'mlp_n_layers': 3, 'mlp_dim_00': 420, 'mlp_dim_01': 269, 'mlp_dim_02': 145, 'node_hidden_dim': 89, 'edge_hidden_dim': 54, 'depth': 1, 'rep_dropout': 0.057826563026820724, 'train_learning_rate': 0.0035973205310742633, 'train_lr_reduce': 0.6}. Best is trial 269 with value: 0.32603323459625244.
[I 2024-12-20 00:01:33,406] Trial 515 finished with value: 1.3210645914077759 and parameters: {'mlp_n_layers': 4, 'mlp_dim_00': 503, 'mlp_dim_01': 184, 'mlp_dim_02': 282, 'mlp_dim_03': 257, 'node_hidden_dim': 89, 'edge_hidden_dim': 37, 'depth': 1, 'rep_dropout': 0.07131546859455004, 'train_learning_rate': 0.005559775048095968, 'train_lr_reduce': 0.6}. Best is trial 269 with value: 0.32603323459625244.
[I 2024-12-20 00:01:40,856] Trial 514 finished with value: 0.41803333163261414 and parameters: {'mlp_n_layers': 4, 'mlp_dim_00': 399, 'mlp_dim_01': 234, 'mlp_dim_02': 198, 'mlp_dim_03': 310, 'node_hidden_dim': 84, 'edge_hidden_dim': 60, 'depth': 1, 'rep_dropout': 0.05185050987295959, 'train_learning_rate': 0.0021842870823067027, 'train_lr_reduce': 0.6}. Best is trial 269 with value: 0.32603323459625244.
[I 2024-12-20 00:01:50,051] Trial 516 finished with value: 0.3159935176372528 and parameters: {'mlp_n_layers': 4, 'mlp_dim_00': 362, 'mlp_dim_01': 369, 'mlp_dim_02': 374, 'mlp_dim_03': 368, 'node_hidden_dim': 122, 'edge_hidden_dim': 41, 'depth': 1, 'rep_dropout': 0.009408706402102859, 'train_learning_rate': 0.0013195716626044178, 'train_lr_reduce': 0.6}. Best is trial 516 with value: 0.3159935176372528.
[I 2024-12-20 00:01:50,057] Trial 517 finished with value: 0.3669373691082001 and parameters: {'mlp_n_layers': 4, 'mlp_dim_00': 320, 'mlp_dim_01': 453, 'mlp_dim_02': 230, 'mlp_dim_03': 245, 'node_hidden_dim': 106, 'edge_hidden_dim': 81, 'depth': 1, 'rep_dropout': 0.0279240972317682, 'train_learning_rate': 0.0010770838357004766, 'train_lr_reduce': 0.6}. Best is trial 516 with value: 0.3159935176372528.
[I 2024-12-20 00:01:53,469] Trial 520 finished with value: 1.4276645183563232 and parameters: {'mlp_n_layers': 3, 'mlp_dim_00': 354, 'mlp_dim_01': 374, 'mlp_dim_02': 396, 'node_hidden_dim': 122, 'edge_hidden_dim': 57, 'depth': 1, 'rep_dropout': 0.025991630522723158, 'train_learning_rate': 0.002253628551627894, 'train_lr_reduce': 0.6}. Best is trial 516 with value: 0.3159935176372528.
[I 2024-12-20 00:01:53,693] Trial 518 finished with value: 0.3951621353626251 and parameters: {'mlp_n_layers': 4, 'mlp_dim_00': 293, 'mlp_dim_01': 307, 'mlp_dim_02': 309, 'mlp_dim_03': 306, 'node_hidden_dim': 102, 'edge_hidden_dim': 57, 'depth': 1, 'rep_dropout': 0.03858233102126821, 'train_learning_rate': 0.0010304260905421255, 'train_lr_reduce': 0.6}. Best is trial 516 with value: 0.3159935176372528.
[I 2024-12-20 00:01:54,223] Trial 519 finished with value: 1.3255813121795654 and parameters: {'mlp_n_layers': 4, 'mlp_dim_00': 200, 'mlp_dim_01': 381, 'mlp_dim_02': 350, 'mlp_dim_03': 392, 'node_hidden_dim': 39, 'edge_hidden_dim': 50, 'depth': 1, 'rep_dropout': 0.056335470434002194, 'train_learning_rate': 0.009386478018319721, 'train_lr_reduce': 0.6}. Best is trial 516 with value: 0.3159935176372528.
[I 2024-12-20 00:01:56,758] Trial 521 finished with value: 1.5263619422912598 and parameters: {'mlp_n_layers': 4, 'mlp_dim_00': 310, 'mlp_dim_01': 374, 'mlp_dim_02': 409, 'mlp_dim_03': 387, 'node_hidden_dim': 120, 'edge_hidden_dim': 50, 'depth': 2, 'rep_dropout': 0.02878421440805075, 'train_learning_rate': 0.0012170572708539635, 'train_lr_reduce': 0.6}. Best is trial 516 with value: 0.3159935176372528.
[I 2024-12-20 00:01:57,484] Trial 523 finished with value: 1.4734280109405518 and parameters: {'mlp_n_layers': 3, 'mlp_dim_00': 402, 'mlp_dim_01': 362, 'mlp_dim_02': 377, 'node_hidden_dim': 127, 'edge_hidden_dim': 61, 'depth': 1, 'rep_dropout': 0.04855835387824936, 'train_learning_rate': 0.00118159176527946, 'train_lr_reduce': 0.6}. Best is trial 516 with value: 0.3159935176372528.
[I 2024-12-20 00:01:58,724] Trial 522 finished with value: 1.5718001127243042 and parameters: {'mlp_n_layers': 4, 'mlp_dim_00': 71, 'mlp_dim_01': 419, 'mlp_dim_02': 384, 'mlp_dim_03': 200, 'node_hidden_dim': 76, 'edge_hidden_dim': 111, 'depth': 4, 'rep_dropout': 0.014812930761534143, 'train_learning_rate': 0.00021716197103055854, 'train_lr_reduce': 0.6}. Best is trial 516 with value: 0.3159935176372528.
[I 2024-12-20 00:02:01,652] Trial 525 finished with value: 1.5704671144485474 and parameters: {'mlp_n_layers': 4, 'mlp_dim_00': 293, 'mlp_dim_01': 409, 'mlp_dim_02': 160, 'mlp_dim_03': 119, 'node_hidden_dim': 124, 'edge_hidden_dim': 36, 'depth': 2, 'rep_dropout': 0.006570947166749804, 'train_learning_rate': 0.0004519772307789553, 'train_lr_reduce': 0.6}. Best is trial 516 with value: 0.3159935176372528.
[I 2024-12-20 00:02:03,667] Trial 526 finished with value: 1.5801482200622559 and parameters: {'mlp_n_layers': 1, 'mlp_dim_00': 428, 'node_hidden_dim': 42, 'edge_hidden_dim': 117, 'depth': 3, 'rep_dropout': 0.044673425612559395, 'train_learning_rate': 0.00012041808190566885, 'train_lr_reduce': 0.6}. Best is trial 516 with value: 0.3159935176372528.
[I 2024-12-20 00:02:13,274] Trial 528 finished with value: 1.3583799600601196 and parameters: {'mlp_n_layers': 4, 'mlp_dim_00': 242, 'mlp_dim_01': 394, 'mlp_dim_02': 183, 'mlp_dim_03': 272, 'node_hidden_dim': 97, 'edge_hidden_dim': 54, 'depth': 2, 'rep_dropout': 0.011407381199538429, 'train_learning_rate': 0.0010944134512574921, 'train_lr_reduce': 0.6}. Best is trial 516 with value: 0.3159935176372528.
[I 2024-12-20 00:02:14,944] Trial 527 finished with value: 0.3965201675891876 and parameters: {'mlp_n_layers': 4, 'mlp_dim_00': 317, 'mlp_dim_01': 344, 'mlp_dim_02': 362, 'mlp_dim_03': 235, 'node_hidden_dim': 65, 'edge_hidden_dim': 41, 'depth': 1, 'rep_dropout': 0.0035245881938619234, 'train_learning_rate': 0.002744021905727683, 'train_lr_reduce': 0.6}. Best is trial 516 with value: 0.3159935176372528.
[I 2024-12-20 00:02:17,692] Trial 529 finished with value: 1.570719838142395 and parameters: {'mlp_n_layers': 4, 'mlp_dim_00': 258, 'mlp_dim_01': 343, 'mlp_dim_02': 207, 'mlp_dim_03': 333, 'node_hidden_dim': 112, 'edge_hidden_dim': 43, 'depth': 1, 'rep_dropout': 0.05979399987692305, 'train_learning_rate': 0.00034082684480364844, 'train_lr_reduce': 0.6}. Best is trial 516 with value: 0.3159935176372528.
[I 2024-12-20 00:02:20,394] Trial 530 finished with value: 1.3975969552993774 and parameters: {'mlp_n_layers': 3, 'mlp_dim_00': 112, 'mlp_dim_01': 473, 'mlp_dim_02': 345, 'node_hidden_dim': 54, 'edge_hidden_dim': 58, 'depth': 4, 'rep_dropout': 0.12031439570569963, 'train_learning_rate': 0.009681298328275653, 'train_lr_reduce': 0.6}. Best is trial 516 with value: 0.3159935176372528.
[I 2024-12-20 00:02:22,376] Trial 531 finished with value: 1.2883118391036987 and parameters: {'mlp_n_layers': 2, 'mlp_dim_00': 363, 'mlp_dim_01': 416, 'node_hidden_dim': 102, 'edge_hidden_dim': 110, 'depth': 2, 'rep_dropout': 0.14423829199312407, 'train_learning_rate': 0.008338333896240488, 'train_lr_reduce': 0.6}. Best is trial 516 with value: 0.3159935176372528.
[I 2024-12-20 00:02:24,317] Trial 524 finished with value: 0.3372925817966461 and parameters: {'mlp_n_layers': 4, 'mlp_dim_00': 324, 'mlp_dim_01': 356, 'mlp_dim_02': 376, 'mlp_dim_03': 376, 'node_hidden_dim': 121, 'edge_hidden_dim': 42, 'depth': 1, 'rep_dropout': 0.006950414435787677, 'train_learning_rate': 0.0010961757986331327, 'train_lr_reduce': 0.6}. Best is trial 516 with value: 0.3159935176372528.
[I 2024-12-20 00:02:24,440] Trial 532 finished with value: 1.2839494943618774 and parameters: {'mlp_n_layers': 4, 'mlp_dim_00': 313, 'mlp_dim_01': 351, 'mlp_dim_02': 242, 'mlp_dim_03': 204, 'node_hidden_dim': 71, 'edge_hidden_dim': 70, 'depth': 3, 'rep_dropout': 0.12274947969956498, 'train_learning_rate': 0.009679903761948975, 'train_lr_reduce': 0.6}. Best is trial 516 with value: 0.3159935176372528.
[I 2024-12-20 00:02:25,454] Trial 533 finished with value: 1.5505768060684204 and parameters: {'mlp_n_layers': 4, 'mlp_dim_00': 282, 'mlp_dim_01': 398, 'mlp_dim_02': 188, 'mlp_dim_03': 409, 'node_hidden_dim': 77, 'edge_hidden_dim': 48, 'depth': 1, 'rep_dropout': 0.017945935220711372, 'train_learning_rate': 0.0012685475729005261, 'train_lr_reduce': 0.6}. Best is trial 516 with value: 0.3159935176372528.
[I 2024-12-20 00:02:28,972] Trial 535 finished with value: 1.5791558027267456 and parameters: {'mlp_n_layers': 4, 'mlp_dim_00': 304, 'mlp_dim_01': 366, 'mlp_dim_02': 393, 'mlp_dim_03': 392, 'node_hidden_dim': 54, 'edge_hidden_dim': 123, 'depth': 4, 'rep_dropout': 0.04168237297665297, 'train_learning_rate': 0.0001741933204775385, 'train_lr_reduce': 0.6}. Best is trial 516 with value: 0.3159935176372528.
[I 2024-12-20 00:02:32,628] Trial 536 finished with value: 1.3514182567596436 and parameters: {'mlp_n_layers': 4, 'mlp_dim_00': 364, 'mlp_dim_01': 359, 'mlp_dim_02': 374, 'mlp_dim_03': 369, 'node_hidden_dim': 119, 'edge_hidden_dim': 54, 'depth': 2, 'rep_dropout': 0.04847998703919222, 'train_learning_rate': 0.0031320207418187754, 'train_lr_reduce': 0.6}. Best is trial 516 with value: 0.3159935176372528.
[I 2024-12-20 00:02:37,264] Trial 538 finished with value: 1.4897575378417969 and parameters: {'mlp_n_layers': 3, 'mlp_dim_00': 364, 'mlp_dim_01': 348, 'mlp_dim_02': 381, 'node_hidden_dim': 123, 'edge_hidden_dim': 32, 'depth': 2, 'rep_dropout': 0.04054309931349383, 'train_learning_rate': 0.0011729979892825598, 'train_lr_reduce': 0.6}. Best is trial 516 with value: 0.3159935176372528.
[I 2024-12-20 00:02:47,624] Trial 537 finished with value: 0.4245835542678833 and parameters: {'mlp_n_layers': 2, 'mlp_dim_00': 233, 'mlp_dim_01': 407, 'node_hidden_dim': 103, 'edge_hidden_dim': 37, 'depth': 1, 'rep_dropout': 0.06629343554274708, 'train_learning_rate': 0.0004755703248784448, 'train_lr_reduce': 0.6}. Best is trial 516 with value: 0.3159935176372528.
[I 2024-12-20 00:02:54,721] Trial 540 finished with value: 1.5824183225631714 and parameters: {'mlp_n_layers': 4, 'mlp_dim_00': 330, 'mlp_dim_01': 435, 'mlp_dim_02': 354, 'mlp_dim_03': 426, 'node_hidden_dim': 76, 'edge_hidden_dim': 69, 'depth': 1, 'rep_dropout': 0.0978240221337718, 'train_learning_rate': 0.0003773537837831255, 'train_lr_reduce': 0.6}. Best is trial 516 with value: 0.3159935176372528.
[I 2024-12-20 00:02:57,760] Trial 534 finished with value: 0.38947322964668274 and parameters: {'mlp_n_layers': 4, 'mlp_dim_00': 277, 'mlp_dim_01': 381, 'mlp_dim_02': 419, 'mlp_dim_03': 385, 'node_hidden_dim': 124, 'edge_hidden_dim': 66, 'depth': 1, 'rep_dropout': 0.030494840481863125, 'train_learning_rate': 0.0005224516853796257, 'train_lr_reduce': 0.6}. Best is trial 516 with value: 0.3159935176372528.
[I 2024-12-20 00:02:59,709] Trial 541 finished with value: 1.5489832162857056 and parameters: {'mlp_n_layers': 4, 'mlp_dim_00': 309, 'mlp_dim_01': 344, 'mlp_dim_02': 420, 'mlp_dim_03': 360, 'node_hidden_dim': 120, 'edge_hidden_dim': 64, 'depth': 1, 'rep_dropout': 0.025078493270430074, 'train_learning_rate': 0.0010812421941769393, 'train_lr_reduce': 0.6}. Best is trial 516 with value: 0.3159935176372528.
[I 2024-12-20 00:02:59,966] Trial 539 finished with value: 0.3734970688819885 and parameters: {'mlp_n_layers': 4, 'mlp_dim_00': 341, 'mlp_dim_01': 383, 'mlp_dim_02': 375, 'mlp_dim_03': 367, 'node_hidden_dim': 122, 'edge_hidden_dim': 38, 'depth': 1, 'rep_dropout': 0.01622333224995524, 'train_learning_rate': 0.000618322332499219, 'train_lr_reduce': 0.6}. Best is trial 516 with value: 0.3159935176372528.
[I 2024-12-20 00:03:01,522] Trial 542 finished with value: 1.5351837873458862 and parameters: {'mlp_n_layers': 4, 'mlp_dim_00': 337, 'mlp_dim_01': 388, 'mlp_dim_02': 123, 'mlp_dim_03': 352, 'node_hidden_dim': 114, 'edge_hidden_dim': 33, 'depth': 1, 'rep_dropout': 0.006091476464431389, 'train_learning_rate': 0.0012245632688972319, 'train_lr_reduce': 0.6}. Best is trial 516 with value: 0.3159935176372528.
[I 2024-12-20 00:03:14,234] Trial 545 finished with value: 0.434553325176239 and parameters: {'mlp_n_layers': 4, 'mlp_dim_00': 275, 'mlp_dim_01': 183, 'mlp_dim_02': 135, 'mlp_dim_03': 338, 'node_hidden_dim': 115, 'edge_hidden_dim': 37, 'depth': 1, 'rep_dropout': 0.0018194973312220305, 'train_learning_rate': 0.001100183182030049, 'train_lr_reduce': 0.6}. Best is trial 516 with value: 0.3159935176372528.
[I 2024-12-20 00:03:17,568] Trial 544 finished with value: 0.30370381474494934 and parameters: {'mlp_n_layers': 4, 'mlp_dim_00': 429, 'mlp_dim_01': 371, 'mlp_dim_02': 347, 'mlp_dim_03': 424, 'node_hidden_dim': 116, 'edge_hidden_dim': 52, 'depth': 1, 'rep_dropout': 0.004477444571433236, 'train_learning_rate': 0.001660082583784067, 'train_lr_reduce': 0.6}. Best is trial 544 with value: 0.30370381474494934.
[I 2024-12-20 00:03:22,962] Trial 543 finished with value: 0.34667402505874634 and parameters: {'mlp_n_layers': 3, 'mlp_dim_00': 307, 'mlp_dim_01': 332, 'mlp_dim_02': 350, 'node_hidden_dim': 124, 'edge_hidden_dim': 35, 'depth': 1, 'rep_dropout': 0.0021825488231794242, 'train_learning_rate': 0.0016283747603375999, 'train_lr_reduce': 0.6}. Best is trial 544 with value: 0.30370381474494934.
[I 2024-12-20 00:03:27,094] Trial 548 finished with value: 1.5742040872573853 and parameters: {'mlp_n_layers': 3, 'mlp_dim_00': 279, 'mlp_dim_01': 365, 'mlp_dim_02': 371, 'node_hidden_dim': 111, 'edge_hidden_dim': 84, 'depth': 4, 'rep_dropout': 0.06581344134835754, 'train_learning_rate': 0.00012114598771352136, 'train_lr_reduce': 0.6}. Best is trial 544 with value: 0.30370381474494934.
[I 2024-12-20 00:03:29,060] Trial 546 finished with value: 0.36521413922309875 and parameters: {'mlp_n_layers': 4, 'mlp_dim_00': 334, 'mlp_dim_01': 429, 'mlp_dim_02': 172, 'mlp_dim_03': 340, 'node_hidden_dim': 110, 'edge_hidden_dim': 53, 'depth': 1, 'rep_dropout': 0.011574309710594026, 'train_learning_rate': 0.002184572345396327, 'train_lr_reduce': 0.6}. Best is trial 544 with value: 0.30370381474494934.
[I 2024-12-20 00:03:30,470] Trial 549 finished with value: 1.30692458152771 and parameters: {'mlp_n_layers': 1, 'mlp_dim_00': 271, 'node_hidden_dim': 39, 'edge_hidden_dim': 72, 'depth': 1, 'rep_dropout': 0.012439365596190827, 'train_learning_rate': 0.003714346052177766, 'train_lr_reduce': 0.6}. Best is trial 544 with value: 0.30370381474494934.
[I 2024-12-20 00:03:32,470] Trial 550 finished with value: 1.455505132675171 and parameters: {'mlp_n_layers': 3, 'mlp_dim_00': 429, 'mlp_dim_01': 363, 'mlp_dim_02': 376, 'node_hidden_dim': 125, 'edge_hidden_dim': 82, 'depth': 1, 'rep_dropout': 0.02560335693041381, 'train_learning_rate': 0.0032016867295773387, 'train_lr_reduce': 0.6}. Best is trial 544 with value: 0.30370381474494934.
[I 2024-12-20 00:03:36,239] Trial 551 finished with value: 1.2402302026748657 and parameters: {'mlp_n_layers': 4, 'mlp_dim_00': 496, 'mlp_dim_01': 367, 'mlp_dim_02': 356, 'mlp_dim_03': 451, 'node_hidden_dim': 125, 'edge_hidden_dim': 61, 'depth': 1, 'rep_dropout': 0.02347251270544207, 'train_learning_rate': 0.0020094027294876257, 'train_lr_reduce': 0.6}. Best is trial 544 with value: 0.30370381474494934.
[I 2024-12-20 00:03:37,167] Trial 552 finished with value: 1.58528733253479 and parameters: {'mlp_n_layers': 4, 'mlp_dim_00': 208, 'mlp_dim_01': 344, 'mlp_dim_02': 374, 'mlp_dim_03': 424, 'node_hidden_dim': 70, 'edge_hidden_dim': 74, 'depth': 4, 'rep_dropout': 0.10425602546731835, 'train_learning_rate': 0.00014512829615842887, 'train_lr_reduce': 0.6}. Best is trial 544 with value: 0.30370381474494934.
[I 2024-12-20 00:03:39,515] Trial 553 finished with value: 1.5289151668548584 and parameters: {'mlp_n_layers': 2, 'mlp_dim_00': 277, 'mlp_dim_01': 418, 'node_hidden_dim': 128, 'edge_hidden_dim': 123, 'depth': 1, 'rep_dropout': 0.1490005640877911, 'train_learning_rate': 0.0003527982835299652, 'train_lr_reduce': 0.6}. Best is trial 544 with value: 0.30370381474494934.
