[I 2024-12-25 19:52:18,383] Trial 798 finished with value: 0.06794008612632751 and parameters: {'L1_hidden_dim': 64, 'L1_layers_atom': 4, 'L1_layers_mol': 3, 'L1_dropout': 0.27002115185562386, 'L1_out_dim': 112, 'L2_hidden_dim': 160, 'L2_layers_atom': 4, 'L2_layers_mol': 3, 'L2_out_dim': 112, 'L2_dropout': 0.061059480997665845, 'L3_hidden_dim': 48, 'L3_layers_atom': 2, 'L3_layers_mol': 2, 'L3_out_dim': 32, 'L3_dropout': 0.20557782802525443, 'n_mlp_layers': 2, 'mlp_dim_0': 112, 'mlp_dim_1': 400, 'num_heads': 2, 'final_dropout': 0.056209922908992266, 'train_learning_rate': 0.001218293416700665, 'train_lr_reduce': 0.6}. Best is trial 613 with value: 0.045173268765211105.
[I 2024-12-25 19:53:30,795] Trial 801 finished with value: 0.0902627557516098 and parameters: {'L1_hidden_dim': 64, 'L1_layers_atom': 3, 'L1_layers_mol': 4, 'L1_dropout': 0.2843271316403996, 'L1_out_dim': 128, 'L2_hidden_dim': 208, 'L2_layers_atom': 2, 'L2_layers_mol': 1, 'L2_out_dim': 128, 'L2_dropout': 0.025005472918007976, 'L3_hidden_dim': 112, 'L3_layers_atom': 3, 'L3_layers_mol': 2, 'L3_out_dim': 48, 'L3_dropout': 0.21772960678176861, 'n_mlp_layers': 2, 'mlp_dim_0': 136, 'mlp_dim_1': 256, 'num_heads': 2, 'final_dropout': 0.03782336041340348, 'train_learning_rate': 0.004993212395308619, 'train_lr_reduce': 0.6}. Best is trial 613 with value: 0.045173268765211105.
[I 2024-12-25 19:53:52,812] Trial 802 finished with value: 0.06126655638217926 and parameters: {'L1_hidden_dim': 112, 'L1_layers_atom': 3, 'L1_layers_mol': 2, 'L1_dropout': 0.28677797471707744, 'L1_out_dim': 96, 'L2_hidden_dim': 256, 'L2_layers_atom': 1, 'L2_layers_mol': 4, 'L2_out_dim': 80, 'L2_dropout': 0.060420142406896075, 'L3_hidden_dim': 64, 'L3_layers_atom': 4, 'L3_layers_mol': 2, 'L3_out_dim': 80, 'L3_dropout': 0.026487037834412423, 'n_mlp_layers': 2, 'mlp_dim_0': 248, 'mlp_dim_1': 408, 'num_heads': 1, 'final_dropout': 0.18287371943848807, 'train_learning_rate': 0.002526088323913362, 'train_lr_reduce': 0.6}. Best is trial 613 with value: 0.045173268765211105.
[I 2024-12-25 19:54:52,509] Trial 804 finished with value: 0.06765419989824295 and parameters: {'L1_hidden_dim': 112, 'L1_layers_atom': 3, 'L1_layers_mol': 4, 'L1_dropout': 0.29484758571197345, 'L1_out_dim': 112, 'L2_hidden_dim': 112, 'L2_layers_atom': 1, 'L2_layers_mol': 1, 'L2_out_dim': 80, 'L2_dropout': 0.04498177409880117, 'L3_hidden_dim': 128, 'L3_layers_atom': 3, 'L3_layers_mol': 1, 'L3_out_dim': 32, 'L3_dropout': 0.2977724464681682, 'n_mlp_layers': 2, 'mlp_dim_0': 152, 'mlp_dim_1': 408, 'num_heads': 2, 'final_dropout': 0.1145247555151877, 'train_learning_rate': 0.0017940682687840825, 'train_lr_reduce': 0.6}. Best is trial 613 with value: 0.045173268765211105.
[I 2024-12-25 19:55:08,088] Trial 803 finished with value: 0.07762987166643143 and parameters: {'L1_hidden_dim': 80, 'L1_layers_atom': 4, 'L1_layers_mol': 4, 'L1_dropout': 0.2083916356814022, 'L1_out_dim': 96, 'L2_hidden_dim': 256, 'L2_layers_atom': 3, 'L2_layers_mol': 3, 'L2_out_dim': 96, 'L2_dropout': 0.07109548548815443, 'L3_hidden_dim': 112, 'L3_layers_atom': 2, 'L3_layers_mol': 1, 'L3_out_dim': 112, 'L3_dropout': 0.003169168062374694, 'n_mlp_layers': 3, 'mlp_dim_0': 328, 'mlp_dim_1': 344, 'mlp_dim_2': 88, 'num_heads': 1, 'final_dropout': 0.06994633102705584, 'train_learning_rate': 0.0014137338308641493, 'train_lr_reduce': 0.6}. Best is trial 613 with value: 0.045173268765211105.
[I 2024-12-25 19:56:21,366] Trial 805 finished with value: 0.08322084695100784 and parameters: {'L1_hidden_dim': 176, 'L1_layers_atom': 3, 'L1_layers_mol': 2, 'L1_dropout': 0.24528648632684302, 'L1_out_dim': 80, 'L2_hidden_dim': 240, 'L2_layers_atom': 1, 'L2_layers_mol': 4, 'L2_out_dim': 64, 'L2_dropout': 0.04092851722137528, 'L3_hidden_dim': 64, 'L3_layers_atom': 4, 'L3_layers_mol': 3, 'L3_out_dim': 128, 'L3_dropout': 0.0011699356686663484, 'n_mlp_layers': 2, 'mlp_dim_0': 392, 'mlp_dim_1': 392, 'num_heads': 1, 'final_dropout': 0.14745229400816245, 'train_learning_rate': 0.003388484717086426, 'train_lr_reduce': 0.6}. Best is trial 613 with value: 0.045173268765211105.
[I 2024-12-25 19:56:37,313] Trial 806 finished with value: 0.07319997996091843 and parameters: {'L1_hidden_dim': 112, 'L1_layers_atom': 4, 'L1_layers_mol': 2, 'L1_dropout': 0.2983686187821602, 'L1_out_dim': 96, 'L2_hidden_dim': 128, 'L2_layers_atom': 2, 'L2_layers_mol': 1, 'L2_out_dim': 80, 'L2_dropout': 0.12258964349509302, 'L3_hidden_dim': 80, 'L3_layers_atom': 3, 'L3_layers_mol': 1, 'L3_out_dim': 32, 'L3_dropout': 0.24678119183186129, 'n_mlp_layers': 3, 'mlp_dim_0': 64, 'mlp_dim_1': 392, 'mlp_dim_2': 32, 'num_heads': 2, 'final_dropout': 0.050612482647529516, 'train_learning_rate': 0.00022941842743067807, 'train_lr_reduce': 0.6}. Best is trial 613 with value: 0.045173268765211105.
[I 2024-12-25 19:56:51,532] Trial 807 finished with value: 0.12434957921504974 and parameters: {'L1_hidden_dim': 144, 'L1_layers_atom': 3, 'L1_layers_mol': 2, 'L1_dropout': 0.23978000957783802, 'L1_out_dim': 112, 'L2_hidden_dim': 256, 'L2_layers_atom': 1, 'L2_layers_mol': 4, 'L2_out_dim': 80, 'L2_dropout': 0.15538428310372593, 'L3_hidden_dim': 64, 'L3_layers_atom': 4, 'L3_layers_mol': 2, 'L3_out_dim': 96, 'L3_dropout': 0.08376003580157104, 'n_mlp_layers': 1, 'mlp_dim_0': 232, 'num_heads': 1, 'final_dropout': 0.24339559863825308, 'train_learning_rate': 0.005650713531679517, 'train_lr_reduce': 0.6}. Best is trial 613 with value: 0.045173268765211105.
[I 2024-12-25 19:57:14,804] Trial 810 finished with value: 1.1593573093414307 and parameters: {'L1_hidden_dim': 112, 'L1_layers_atom': 4, 'L1_layers_mol': 4, 'L1_dropout': 0.25985750526467694, 'L1_out_dim': 80, 'L2_hidden_dim': 160, 'L2_layers_atom': 4, 'L2_layers_mol': 2, 'L2_out_dim': 112, 'L2_dropout': 0.045368824748827044, 'L3_hidden_dim': 80, 'L3_layers_atom': 3, 'L3_layers_mol': 1, 'L3_out_dim': 32, 'L3_dropout': 0.24691138261419987, 'n_mlp_layers': 2, 'mlp_dim_0': 144, 'mlp_dim_1': 408, 'num_heads': 2, 'final_dropout': 0.14454124249905786, 'train_learning_rate': 0.00044843596468590517, 'train_lr_reduce': 0.6}. Best is trial 613 with value: 0.045173268765211105.
[I 2024-12-25 19:57:49,628] Trial 809 finished with value: 0.0928967297077179 and parameters: {'L1_hidden_dim': 64, 'L1_layers_atom': 4, 'L1_layers_mol': 3, 'L1_dropout': 0.25454056292651245, 'L1_out_dim': 128, 'L2_hidden_dim': 144, 'L2_layers_atom': 1, 'L2_layers_mol': 2, 'L2_out_dim': 96, 'L2_dropout': 0.028261867829579713, 'L3_hidden_dim': 64, 'L3_layers_atom': 3, 'L3_layers_mol': 3, 'L3_out_dim': 32, 'L3_dropout': 0.29008656944551464, 'n_mlp_layers': 2, 'mlp_dim_0': 120, 'mlp_dim_1': 360, 'num_heads': 2, 'final_dropout': 0.1567425539091262, 'train_learning_rate': 0.007202440653394679, 'train_lr_reduce': 0.6}. Best is trial 613 with value: 0.045173268765211105.
[I 2024-12-25 19:57:53,971] Trial 808 finished with value: 0.07166432589292526 and parameters: {'L1_hidden_dim': 112, 'L1_layers_atom': 3, 'L1_layers_mol': 1, 'L1_dropout': 0.24505347328061539, 'L1_out_dim': 96, 'L2_hidden_dim': 208, 'L2_layers_atom': 1, 'L2_layers_mol': 4, 'L2_out_dim': 80, 'L2_dropout': 0.05003575214117821, 'L3_hidden_dim': 64, 'L3_layers_atom': 4, 'L3_layers_mol': 2, 'L3_out_dim': 80, 'L3_dropout': 0.059543637056631626, 'n_mlp_layers': 2, 'mlp_dim_0': 280, 'mlp_dim_1': 400, 'num_heads': 1, 'final_dropout': 0.27985009728563726, 'train_learning_rate': 0.0009221747632247457, 'train_lr_reduce': 0.6}. Best is trial 613 with value: 0.045173268765211105.
[I 2024-12-25 19:58:03,970] Trial 811 finished with value: 0.08105023205280304 and parameters: {'L1_hidden_dim': 80, 'L1_layers_atom': 2, 'L1_layers_mol': 2, 'L1_dropout': 0.25724561247106964, 'L1_out_dim': 128, 'L2_hidden_dim': 192, 'L2_layers_atom': 1, 'L2_layers_mol': 4, 'L2_out_dim': 96, 'L2_dropout': 0.1301628054673888, 'L3_hidden_dim': 64, 'L3_layers_atom': 4, 'L3_layers_mol': 3, 'L3_out_dim': 112, 'L3_dropout': 0.184489247792438, 'n_mlp_layers': 3, 'mlp_dim_0': 64, 'mlp_dim_1': 336, 'mlp_dim_2': 248, 'num_heads': 1, 'final_dropout': 0.005836284418197904, 'train_learning_rate': 0.0020579183473480823, 'train_lr_reduce': 0.6}. Best is trial 613 with value: 0.045173268765211105.
[I 2024-12-25 19:59:07,498] Trial 813 finished with value: 0.07481109350919724 and parameters: {'L1_hidden_dim': 64, 'L1_layers_atom': 3, 'L1_layers_mol': 3, 'L1_dropout': 0.21154420635814247, 'L1_out_dim': 80, 'L2_hidden_dim': 192, 'L2_layers_atom': 1, 'L2_layers_mol': 3, 'L2_out_dim': 80, 'L2_dropout': 0.0617023492662343, 'L3_hidden_dim': 64, 'L3_layers_atom': 4, 'L3_layers_mol': 3, 'L3_out_dim': 128, 'L3_dropout': 0.021388611408811244, 'n_mlp_layers': 1, 'mlp_dim_0': 392, 'num_heads': 1, 'final_dropout': 0.19881513708958581, 'train_learning_rate': 0.0044571193568599945, 'train_lr_reduce': 0.6}. Best is trial 613 with value: 0.045173268765211105.
[I 2024-12-25 19:59:28,844] Trial 814 finished with value: 0.07729597389698029 and parameters: {'L1_hidden_dim': 96, 'L1_layers_atom': 3, 'L1_layers_mol': 3, 'L1_dropout': 0.29657005213146415, 'L1_out_dim': 128, 'L2_hidden_dim': 176, 'L2_layers_atom': 2, 'L2_layers_mol': 1, 'L2_out_dim': 80, 'L2_dropout': 0.026465745862873685, 'L3_hidden_dim': 128, 'L3_layers_atom': 3, 'L3_layers_mol': 1, 'L3_out_dim': 32, 'L3_dropout': 0.25567819492298505, 'n_mlp_layers': 1, 'mlp_dim_0': 64, 'num_heads': 2, 'final_dropout': 0.015431315745007342, 'train_learning_rate': 0.001586051142616243, 'train_lr_reduce': 0.6}. Best is trial 613 with value: 0.045173268765211105.
[I 2024-12-25 19:59:53,402] Trial 812 finished with value: 0.0691685900092125 and parameters: {'L1_hidden_dim': 144, 'L1_layers_atom': 3, 'L1_layers_mol': 3, 'L1_dropout': 0.26026654040009223, 'L1_out_dim': 64, 'L2_hidden_dim': 240, 'L2_layers_atom': 1, 'L2_layers_mol': 4, 'L2_out_dim': 96, 'L2_dropout': 0.062420316852981564, 'L3_hidden_dim': 64, 'L3_layers_atom': 4, 'L3_layers_mol': 3, 'L3_out_dim': 128, 'L3_dropout': 0.028445801071635104, 'n_mlp_layers': 2, 'mlp_dim_0': 176, 'mlp_dim_1': 408, 'num_heads': 1, 'final_dropout': 0.25268111905751484, 'train_learning_rate': 0.0025978075316547724, 'train_lr_reduce': 0.6}. Best is trial 613 with value: 0.045173268765211105.
[I 2024-12-25 20:00:18,907] Trial 815 finished with value: 0.09291931241750717 and parameters: {'L1_hidden_dim': 80, 'L1_layers_atom': 4, 'L1_layers_mol': 1, 'L1_dropout': 0.2782749075814265, 'L1_out_dim': 80, 'L2_hidden_dim': 208, 'L2_layers_atom': 2, 'L2_layers_mol': 2, 'L2_out_dim': 32, 'L2_dropout': 0.05073662357049845, 'L3_hidden_dim': 48, 'L3_layers_atom': 4, 'L3_layers_mol': 4, 'L3_out_dim': 96, 'L3_dropout': 0.0144550922673929, 'n_mlp_layers': 3, 'mlp_dim_0': 312, 'mlp_dim_1': 288, 'mlp_dim_2': 176, 'num_heads': 1, 'final_dropout': 0.27330914882057, 'train_learning_rate': 0.0035890405752553355, 'train_lr_reduce': 0.6}. Best is trial 613 with value: 0.045173268765211105.
[I 2024-12-25 20:01:01,968] Trial 817 finished with value: 0.07936209440231323 and parameters: {'L1_hidden_dim': 80, 'L1_layers_atom': 4, 'L1_layers_mol': 2, 'L1_dropout': 0.2995955157738831, 'L1_out_dim': 128, 'L2_hidden_dim': 208, 'L2_layers_atom': 3, 'L2_layers_mol': 2, 'L2_out_dim': 80, 'L2_dropout': 0.05607971812623837, 'L3_hidden_dim': 80, 'L3_layers_atom': 4, 'L3_layers_mol': 1, 'L3_out_dim': 48, 'L3_dropout': 0.27922676636633603, 'n_mlp_layers': 3, 'mlp_dim_0': 168, 'mlp_dim_1': 352, 'mlp_dim_2': 112, 'num_heads': 2, 'final_dropout': 0.007187766759629307, 'train_learning_rate': 0.0023929274149776902, 'train_lr_reduce': 0.6}. Best is trial 613 with value: 0.045173268765211105.
[I 2024-12-25 20:01:20,818] Trial 816 finished with value: 0.0653485655784607 and parameters: {'L1_hidden_dim': 64, 'L1_layers_atom': 4, 'L1_layers_mol': 4, 'L1_dropout': 0.27986964444160745, 'L1_out_dim': 128, 'L2_hidden_dim': 176, 'L2_layers_atom': 3, 'L2_layers_mol': 2, 'L2_out_dim': 96, 'L2_dropout': 0.06881845332964785, 'L3_hidden_dim': 80, 'L3_layers_atom': 2, 'L3_layers_mol': 1, 'L3_out_dim': 32, 'L3_dropout': 0.26396561080638564, 'n_mlp_layers': 2, 'mlp_dim_0': 48, 'mlp_dim_1': 408, 'num_heads': 2, 'final_dropout': 0.08779717267980451, 'train_learning_rate': 0.0005772944587580898, 'train_lr_reduce': 0.6}. Best is trial 613 with value: 0.045173268765211105.
[I 2024-12-25 20:01:34,574] Trial 818 finished with value: 0.07828208059072495 and parameters: {'L1_hidden_dim': 80, 'L1_layers_atom': 3, 'L1_layers_mol': 2, 'L1_dropout': 0.2954506576656554, 'L1_out_dim': 64, 'L2_hidden_dim': 224, 'L2_layers_atom': 1, 'L2_layers_mol': 4, 'L2_out_dim': 80, 'L2_dropout': 0.005666427381314301, 'L3_hidden_dim': 80, 'L3_layers_atom': 4, 'L3_layers_mol': 3, 'L3_out_dim': 80, 'L3_dropout': 0.0055855602754315455, 'n_mlp_layers': 2, 'mlp_dim_0': 272, 'mlp_dim_1': 408, 'num_heads': 1, 'final_dropout': 0.1985741763582352, 'train_learning_rate': 0.002149456316167231, 'train_lr_reduce': 0.6}. Best is trial 613 with value: 0.045173268765211105.
[I 2024-12-25 20:03:30,911] Trial 819 finished with value: 0.12034370005130768 and parameters: {'L1_hidden_dim': 64, 'L1_layers_atom': 1, 'L1_layers_mol': 3, 'L1_dropout': 0.29129698220397554, 'L1_out_dim': 112, 'L2_hidden_dim': 176, 'L2_layers_atom': 1, 'L2_layers_mol': 4, 'L2_out_dim': 112, 'L2_dropout': 0.02268414572682235, 'L3_hidden_dim': 80, 'L3_layers_atom': 4, 'L3_layers_mol': 2, 'L3_out_dim': 112, 'L3_dropout': 0.10842354622847958, 'n_mlp_layers': 3, 'mlp_dim_0': 120, 'mlp_dim_1': 352, 'mlp_dim_2': 80, 'num_heads': 2, 'final_dropout': 0.08145216939499103, 'train_learning_rate': 0.0072931775841740916, 'train_lr_reduce': 0.6}. Best is trial 613 with value: 0.045173268765211105.
[I 2024-12-25 20:03:45,802] Trial 821 finished with value: 0.08241149038076401 and parameters: {'L1_hidden_dim': 64, 'L1_layers_atom': 4, 'L1_layers_mol': 3, 'L1_dropout': 0.24959921389499468, 'L1_out_dim': 128, 'L2_hidden_dim': 160, 'L2_layers_atom': 2, 'L2_layers_mol': 1, 'L2_out_dim': 96, 'L2_dropout': 0.05823813837730193, 'L3_hidden_dim': 80, 'L3_layers_atom': 3, 'L3_layers_mol': 1, 'L3_out_dim': 64, 'L3_dropout': 0.29201314944732076, 'n_mlp_layers': 2, 'mlp_dim_0': 40, 'mlp_dim_1': 416, 'num_heads': 2, 'final_dropout': 0.08240305772695442, 'train_learning_rate': 0.005663167855652085, 'train_lr_reduce': 0.6}. Best is trial 613 with value: 0.045173268765211105.
[I 2024-12-25 20:03:48,432] Trial 820 finished with value: 0.06716594845056534 and parameters: {'L1_hidden_dim': 128, 'L1_layers_atom': 4, 'L1_layers_mol': 3, 'L1_dropout': 0.2837937263656276, 'L1_out_dim': 128, 'L2_hidden_dim': 176, 'L2_layers_atom': 4, 'L2_layers_mol': 1, 'L2_out_dim': 64, 'L2_dropout': 0.0034801860640072332, 'L3_hidden_dim': 80, 'L3_layers_atom': 3, 'L3_layers_mol': 1, 'L3_out_dim': 32, 'L3_dropout': 0.2719371743583198, 'n_mlp_layers': 3, 'mlp_dim_0': 64, 'mlp_dim_1': 272, 'mlp_dim_2': 136, 'num_heads': 2, 'final_dropout': 0.0446204087477204, 'train_learning_rate': 0.0006153908379251757, 'train_lr_reduce': 0.6}. Best is trial 613 with value: 0.045173268765211105.
[I 2024-12-25 20:04:37,787] Trial 822 finished with value: 0.08435752242803574 and parameters: {'L1_hidden_dim': 112, 'L1_layers_atom': 4, 'L1_layers_mol': 2, 'L1_dropout': 0.2970445076956758, 'L1_out_dim': 112, 'L2_hidden_dim': 224, 'L2_layers_atom': 1, 'L2_layers_mol': 3, 'L2_out_dim': 96, 'L2_dropout': 0.05594412407350647, 'L3_hidden_dim': 96, 'L3_layers_atom': 4, 'L3_layers_mol': 2, 'L3_out_dim': 80, 'L3_dropout': 0.05382128030981767, 'n_mlp_layers': 3, 'mlp_dim_0': 160, 'mlp_dim_1': 416, 'mlp_dim_2': 192, 'num_heads': 1, 'final_dropout': 0.16952959443558918, 'train_learning_rate': 0.001149827564201631, 'train_lr_reduce': 0.6}. Best is trial 613 with value: 0.045173268765211105.
[I 2024-12-25 20:05:14,813] Trial 823 finished with value: 0.07296266406774521 and parameters: {'L1_hidden_dim': 112, 'L1_layers_atom': 3, 'L1_layers_mol': 3, 'L1_dropout': 0.2860128484528513, 'L1_out_dim': 80, 'L2_hidden_dim': 256, 'L2_layers_atom': 2, 'L2_layers_mol': 4, 'L2_out_dim': 32, 'L2_dropout': 0.0010861833166751211, 'L3_hidden_dim': 96, 'L3_layers_atom': 4, 'L3_layers_mol': 3, 'L3_out_dim': 112, 'L3_dropout': 0.007435857339684547, 'n_mlp_layers': 3, 'mlp_dim_0': 304, 'mlp_dim_1': 352, 'mlp_dim_2': 72, 'num_heads': 1, 'final_dropout': 0.17132167639269297, 'train_learning_rate': 0.0030507238691233887, 'train_lr_reduce': 0.6}. Best is trial 613 with value: 0.045173268765211105.
[I 2024-12-25 20:05:50,854] Trial 825 finished with value: 0.08800990879535675 and parameters: {'L1_hidden_dim': 64, 'L1_layers_atom': 1, 'L1_layers_mol': 2, 'L1_dropout': 0.28964796131265513, 'L1_out_dim': 112, 'L2_hidden_dim': 208, 'L2_layers_atom': 1, 'L2_layers_mol': 3, 'L2_out_dim': 128, 'L2_dropout': 0.02817022273955859, 'L3_hidden_dim': 80, 'L3_layers_atom': 4, 'L3_layers_mol': 1, 'L3_out_dim': 128, 'L3_dropout': 0.18583649076772607, 'n_mlp_layers': 3, 'mlp_dim_0': 88, 'mlp_dim_1': 416, 'mlp_dim_2': 128, 'num_heads': 1, 'final_dropout': 0.09254159391361744, 'train_learning_rate': 0.0008346115644044418, 'train_lr_reduce': 0.6}. Best is trial 613 with value: 0.045173268765211105.
[I 2024-12-25 20:06:53,515] Trial 826 finished with value: 0.0691421777009964 and parameters: {'L1_hidden_dim': 128, 'L1_layers_atom': 2, 'L1_layers_mol': 3, 'L1_dropout': 0.25428783059700644, 'L1_out_dim': 128, 'L2_hidden_dim': 192, 'L2_layers_atom': 1, 'L2_layers_mol': 2, 'L2_out_dim': 112, 'L2_dropout': 0.007694101761519457, 'L3_hidden_dim': 64, 'L3_layers_atom': 4, 'L3_layers_mol': 2, 'L3_out_dim': 112, 'L3_dropout': 0.07895318644685476, 'n_mlp_layers': 1, 'mlp_dim_0': 32, 'num_heads': 1, 'final_dropout': 0.04552229780088931, 'train_learning_rate': 0.002552457491411651, 'train_lr_reduce': 0.6}. Best is trial 613 with value: 0.045173268765211105.
[I 2024-12-25 20:07:01,320] Trial 824 finished with value: 0.5246176719665527 and parameters: {'L1_hidden_dim': 144, 'L1_layers_atom': 3, 'L1_layers_mol': 3, 'L1_dropout': 0.25093571050095886, 'L1_out_dim': 112, 'L2_hidden_dim': 224, 'L2_layers_atom': 2, 'L2_layers_mol': 4, 'L2_out_dim': 96, 'L2_dropout': 0.06331310475756922, 'L3_hidden_dim': 64, 'L3_layers_atom': 3, 'L3_layers_mol': 2, 'L3_out_dim': 64, 'L3_dropout': 0.05522073926407391, 'n_mlp_layers': 1, 'mlp_dim_0': 216, 'num_heads': 1, 'final_dropout': 0.1012408712674648, 'train_learning_rate': 0.0037316848014760247, 'train_lr_reduce': 0.6}. Best is trial 613 with value: 0.045173268765211105.
[I 2024-12-25 20:07:38,605] Trial 827 finished with value: 0.0743790939450264 and parameters: {'L1_hidden_dim': 96, 'L1_layers_atom': 3, 'L1_layers_mol': 2, 'L1_dropout': 0.2919907320584157, 'L1_out_dim': 80, 'L2_hidden_dim': 240, 'L2_layers_atom': 2, 'L2_layers_mol': 3, 'L2_out_dim': 80, 'L2_dropout': 0.13636848838734303, 'L3_hidden_dim': 32, 'L3_layers_atom': 3, 'L3_layers_mol': 2, 'L3_out_dim': 80, 'L3_dropout': 0.038208468225643034, 'n_mlp_layers': 3, 'mlp_dim_0': 168, 'mlp_dim_1': 304, 'mlp_dim_2': 80, 'num_heads': 1, 'final_dropout': 0.21259296359178625, 'train_learning_rate': 0.0044711683897767675, 'train_lr_reduce': 0.6}. Best is trial 613 with value: 0.045173268765211105.
[I 2024-12-25 20:09:01,957] Trial 829 finished with value: 0.07477281987667084 and parameters: {'L1_hidden_dim': 176, 'L1_layers_atom': 3, 'L1_layers_mol': 2, 'L1_dropout': 0.27696807329985906, 'L1_out_dim': 64, 'L2_hidden_dim': 256, 'L2_layers_atom': 1, 'L2_layers_mol': 4, 'L2_out_dim': 32, 'L2_dropout': 0.13226972321472127, 'L3_hidden_dim': 64, 'L3_layers_atom': 4, 'L3_layers_mol': 1, 'L3_out_dim': 96, 'L3_dropout': 0.05135706955766332, 'n_mlp_layers': 2, 'mlp_dim_0': 288, 'mlp_dim_1': 368, 'num_heads': 1, 'final_dropout': 0.19648570576100693, 'train_learning_rate': 0.001610952425874506, 'train_lr_reduce': 0.6}. Best is trial 613 with value: 0.045173268765211105.
[I 2024-12-25 20:09:17,749] Trial 828 finished with value: 0.09190621972084045 and parameters: {'L1_hidden_dim': 64, 'L1_layers_atom': 4, 'L1_layers_mol': 2, 'L1_dropout': 0.27339049790724773, 'L1_out_dim': 128, 'L2_hidden_dim': 176, 'L2_layers_atom': 4, 'L2_layers_mol': 3, 'L2_out_dim': 80, 'L2_dropout': 0.003717683611948991, 'L3_hidden_dim': 64, 'L3_layers_atom': 4, 'L3_layers_mol': 1, 'L3_out_dim': 48, 'L3_dropout': 0.2732362592011925, 'n_mlp_layers': 2, 'mlp_dim_0': 48, 'mlp_dim_1': 216, 'num_heads': 2, 'final_dropout': 0.14526049983599476, 'train_learning_rate': 0.0009628400896059819, 'train_lr_reduce': 0.6}. Best is trial 613 with value: 0.045173268765211105.
[I 2024-12-25 20:09:53,855] Trial 830 finished with value: 0.10780966281890869 and parameters: {'L1_hidden_dim': 96, 'L1_layers_atom': 3, 'L1_layers_mol': 2, 'L1_dropout': 0.21153496220388163, 'L1_out_dim': 64, 'L2_hidden_dim': 224, 'L2_layers_atom': 2, 'L2_layers_mol': 4, 'L2_out_dim': 80, 'L2_dropout': 0.13402115564573477, 'L3_hidden_dim': 64, 'L3_layers_atom': 4, 'L3_layers_mol': 3, 'L3_out_dim': 96, 'L3_dropout': 0.14565856450771655, 'n_mlp_layers': 2, 'mlp_dim_0': 288, 'mlp_dim_1': 408, 'num_heads': 1, 'final_dropout': 0.14857648388979727, 'train_learning_rate': 0.009151168644850376, 'train_lr_reduce': 0.6}. Best is trial 613 with value: 0.045173268765211105.
[I 2024-12-25 20:10:13,480] Trial 833 finished with value: 1.1435531377792358 and parameters: {'L1_hidden_dim': 64, 'L1_layers_atom': 4, 'L1_layers_mol': 4, 'L1_dropout': 0.2721887231170792, 'L1_out_dim': 128, 'L2_hidden_dim': 192, 'L2_layers_atom': 4, 'L2_layers_mol': 1, 'L2_out_dim': 128, 'L2_dropout': 0.042697084889622997, 'L3_hidden_dim': 48, 'L3_layers_atom': 3, 'L3_layers_mol': 1, 'L3_out_dim': 80, 'L3_dropout': 0.246726675322846, 'n_mlp_layers': 3, 'mlp_dim_0': 48, 'mlp_dim_1': 416, 'mlp_dim_2': 184, 'num_heads': 1, 'final_dropout': 0.05816887344287852, 'train_learning_rate': 0.0010424097719173742, 'train_lr_reduce': 0.6}. Best is trial 613 with value: 0.045173268765211105.
