[I 2024-12-15 16:26:51,613] Trial 1326 finished with value: 0.23194339871406555 and parameters: {'mlp_n_layers': 4, 'mlp_dim_00': 128, 'mlp_dim_01': 192, 'mlp_dim_02': 224, 'mlp_dim_03': 176, 'hidden_channels': 224, 'num_layers': 1, 'num_timesteps': 4, 'dropout': 0.009740043420979424, 'train_learning_rate': 0.004556481938126228, 'train_lr_reduce': 0.6}. Best is trial 632 with value: 0.13978464901447296.
[I 2024-12-15 16:26:54,983] Trial 1327 finished with value: 0.2513112425804138 and parameters: {'mlp_n_layers': 4, 'mlp_dim_00': 112, 'mlp_dim_01': 176, 'mlp_dim_02': 256, 'mlp_dim_03': 192, 'hidden_channels': 224, 'num_layers': 2, 'num_timesteps': 4, 'dropout': 0.05730873380509993, 'train_learning_rate': 0.002191153602386856, 'train_lr_reduce': 0.6}. Best is trial 632 with value: 0.13978464901447296.
[I 2024-12-15 16:26:59,053] Trial 1329 finished with value: 0.23447322845458984 and parameters: {'mlp_n_layers': 3, 'mlp_dim_00': 128, 'mlp_dim_01': 96, 'mlp_dim_02': 240, 'hidden_channels': 32, 'num_layers': 4, 'num_timesteps': 1, 'dropout': 0.1192301384144002, 'train_learning_rate': 0.007814782628923949, 'train_lr_reduce': 0.6}. Best is trial 632 with value: 0.13978464901447296.
[I 2024-12-15 16:27:00,078] Trial 1328 finished with value: 0.19707472622394562 and parameters: {'mlp_n_layers': 4, 'mlp_dim_00': 64, 'mlp_dim_01': 256, 'mlp_dim_02': 240, 'mlp_dim_03': 192, 'hidden_channels': 224, 'num_layers': 2, 'num_timesteps': 3, 'dropout': 0.003926081552884964, 'train_learning_rate': 0.003590670700748556, 'train_lr_reduce': 0.6}. Best is trial 632 with value: 0.13978464901447296.
[I 2024-12-15 16:27:02,474] Trial 1331 finished with value: 1.501407265663147 and parameters: {'mlp_n_layers': 4, 'mlp_dim_00': 224, 'mlp_dim_01': 128, 'mlp_dim_02': 224, 'mlp_dim_03': 176, 'hidden_channels': 32, 'num_layers': 2, 'num_timesteps': 4, 'dropout': 0.0734341961847282, 'train_learning_rate': 0.00018310461270727442, 'train_lr_reduce': 0.6}. Best is trial 632 with value: 0.13978464901447296.
[I 2024-12-15 16:27:04,290] Trial 1330 finished with value: 0.19781126081943512 and parameters: {'mlp_n_layers': 4, 'mlp_dim_00': 80, 'mlp_dim_01': 192, 'mlp_dim_02': 240, 'mlp_dim_03': 208, 'hidden_channels': 256, 'num_layers': 1, 'num_timesteps': 3, 'dropout': 0.014366284146703118, 'train_learning_rate': 0.005473907899953245, 'train_lr_reduce': 0.6}. Best is trial 632 with value: 0.13978464901447296.
[I 2024-12-15 16:27:14,561] Trial 1332 finished with value: 0.19301457703113556 and parameters: {'mlp_n_layers': 4, 'mlp_dim_00': 96, 'mlp_dim_01': 176, 'mlp_dim_02': 256, 'mlp_dim_03': 176, 'hidden_channels': 240, 'num_layers': 1, 'num_timesteps': 4, 'dropout': 0.003563312866821088, 'train_learning_rate': 0.0009559777105337504, 'train_lr_reduce': 0.6}. Best is trial 632 with value: 0.13978464901447296.
[I 2024-12-15 16:27:15,967] Trial 1334 finished with value: 0.17091208696365356 and parameters: {'mlp_n_layers': 4, 'mlp_dim_00': 128, 'mlp_dim_01': 176, 'mlp_dim_02': 240, 'mlp_dim_03': 192, 'hidden_channels': 224, 'num_layers': 1, 'num_timesteps': 3, 'dropout': 0.01884346925522603, 'train_learning_rate': 0.0026969194297227763, 'train_lr_reduce': 0.6}. Best is trial 632 with value: 0.13978464901447296.
[I 2024-12-15 16:27:17,609] Trial 1333 finished with value: 0.27744385600090027 and parameters: {'mlp_n_layers': 3, 'mlp_dim_00': 256, 'mlp_dim_01': 256, 'mlp_dim_02': 224, 'hidden_channels': 208, 'num_layers': 4, 'num_timesteps': 4, 'dropout': 0.2813195998772104, 'train_learning_rate': 0.00041111077951785333, 'train_lr_reduce': 0.6}. Best is trial 632 with value: 0.13978464901447296.
[I 2024-12-15 16:27:25,266] Trial 1336 finished with value: 0.1857675164937973 and parameters: {'mlp_n_layers': 4, 'mlp_dim_00': 128, 'mlp_dim_01': 176, 'mlp_dim_02': 224, 'mlp_dim_03': 224, 'hidden_channels': 208, 'num_layers': 1, 'num_timesteps': 4, 'dropout': 0.010082931784670103, 'train_learning_rate': 0.0018301418559675392, 'train_lr_reduce': 0.6}. Best is trial 632 with value: 0.13978464901447296.
[I 2024-12-15 16:27:25,785] Trial 1337 finished with value: 0.21790897846221924 and parameters: {'mlp_n_layers': 2, 'mlp_dim_00': 240, 'mlp_dim_01': 256, 'hidden_channels': 192, 'num_layers': 4, 'num_timesteps': 1, 'dropout': 0.18141925217812147, 'train_learning_rate': 0.0010584308620954208, 'train_lr_reduce': 0.6}. Best is trial 632 with value: 0.13978464901447296.
[I 2024-12-15 16:27:26,428] Trial 1335 finished with value: 0.19262202084064484 and parameters: {'mlp_n_layers': 4, 'mlp_dim_00': 144, 'mlp_dim_01': 208, 'mlp_dim_02': 256, 'mlp_dim_03': 176, 'hidden_channels': 224, 'num_layers': 1, 'num_timesteps': 3, 'dropout': 0.018688224387909517, 'train_learning_rate': 0.001248820974224711, 'train_lr_reduce': 0.6}. Best is trial 632 with value: 0.13978464901447296.
[I 2024-12-15 16:27:34,177] Trial 1338 finished with value: 0.20975695550441742 and parameters: {'mlp_n_layers': 4, 'mlp_dim_00': 64, 'mlp_dim_01': 224, 'mlp_dim_02': 240, 'mlp_dim_03': 192, 'hidden_channels': 224, 'num_layers': 1, 'num_timesteps': 3, 'dropout': 0.0013299141231052965, 'train_learning_rate': 0.001998432081126872, 'train_lr_reduce': 0.6}. Best is trial 632 with value: 0.13978464901447296.
[I 2024-12-15 16:27:35,037] Trial 1339 finished with value: 0.2363308072090149 and parameters: {'mlp_n_layers': 3, 'mlp_dim_00': 176, 'mlp_dim_01': 48, 'mlp_dim_02': 224, 'hidden_channels': 64, 'num_layers': 2, 'num_timesteps': 1, 'dropout': 0.005696992730573114, 'train_learning_rate': 0.004230528837936645, 'train_lr_reduce': 0.6}. Best is trial 632 with value: 0.13978464901447296.
[I 2024-12-15 16:27:37,687] Trial 1340 finished with value: 0.2202858179807663 and parameters: {'mlp_n_layers': 4, 'mlp_dim_00': 160, 'mlp_dim_01': 192, 'mlp_dim_02': 256, 'mlp_dim_03': 176, 'hidden_channels': 256, 'num_layers': 2, 'num_timesteps': 3, 'dropout': 0.03787788733071664, 'train_learning_rate': 0.0034717483284274113, 'train_lr_reduce': 0.6}. Best is trial 632 with value: 0.13978464901447296.
[I 2024-12-15 16:27:45,545] Trial 1341 finished with value: 0.20367009937763214 and parameters: {'mlp_n_layers': 3, 'mlp_dim_00': 48, 'mlp_dim_01': 144, 'mlp_dim_02': 240, 'hidden_channels': 256, 'num_layers': 2, 'num_timesteps': 4, 'dropout': 0.055397959312314934, 'train_learning_rate': 0.0024791893449127825, 'train_lr_reduce': 0.6}. Best is trial 632 with value: 0.13978464901447296.
[I 2024-12-15 16:27:47,054] Trial 1343 finished with value: 0.21822723746299744 and parameters: {'mlp_n_layers': 4, 'mlp_dim_00': 144, 'mlp_dim_01': 256, 'mlp_dim_02': 256, 'mlp_dim_03': 208, 'hidden_channels': 208, 'num_layers': 2, 'num_timesteps': 3, 'dropout': 0.01734764512453719, 'train_learning_rate': 0.001466115962145622, 'train_lr_reduce': 0.6}. Best is trial 632 with value: 0.13978464901447296.
[I 2024-12-15 16:27:48,848] Trial 1342 finished with value: 0.18143302202224731 and parameters: {'mlp_n_layers': 3, 'mlp_dim_00': 96, 'mlp_dim_01': 208, 'mlp_dim_02': 224, 'hidden_channels': 256, 'num_layers': 1, 'num_timesteps': 4, 'dropout': 0.01711381009495211, 'train_learning_rate': 0.0027483160187119697, 'train_lr_reduce': 0.6}. Best is trial 632 with value: 0.13978464901447296.
[I 2024-12-15 16:28:00,552] Trial 1344 finished with value: 0.1739214062690735 and parameters: {'mlp_n_layers': 4, 'mlp_dim_00': 144, 'mlp_dim_01': 160, 'mlp_dim_02': 224, 'mlp_dim_03': 176, 'hidden_channels': 192, 'num_layers': 1, 'num_timesteps': 4, 'dropout': 0.04865488543648695, 'train_learning_rate': 0.001629077123463286, 'train_lr_reduce': 0.6}. Best is trial 632 with value: 0.13978464901447296.
[I 2024-12-15 16:28:07,527] Trial 1346 finished with value: 0.23647935688495636 and parameters: {'mlp_n_layers': 3, 'mlp_dim_00': 208, 'mlp_dim_01': 176, 'mlp_dim_02': 256, 'hidden_channels': 256, 'num_layers': 1, 'num_timesteps': 1, 'dropout': 0.015055254560392776, 'train_learning_rate': 0.006018321203854494, 'train_lr_reduce': 0.6}. Best is trial 632 with value: 0.13978464901447296.
[I 2024-12-15 16:28:13,909] Trial 1345 finished with value: 0.2741166353225708 and parameters: {'mlp_n_layers': 2, 'mlp_dim_00': 48, 'mlp_dim_01': 160, 'hidden_channels': 80, 'num_layers': 3, 'num_timesteps': 3, 'dropout': 0.019818703444492325, 'train_learning_rate': 0.00041713520421167677, 'train_lr_reduce': 0.6}. Best is trial 632 with value: 0.13978464901447296.
[I 2024-12-15 16:28:15,080] Trial 1347 finished with value: 0.20343682169914246 and parameters: {'mlp_n_layers': 4, 'mlp_dim_00': 144, 'mlp_dim_01': 160, 'mlp_dim_02': 224, 'mlp_dim_03': 160, 'hidden_channels': 208, 'num_layers': 2, 'num_timesteps': 4, 'dropout': 0.0041895170372952635, 'train_learning_rate': 0.0010718874268565272, 'train_lr_reduce': 0.6}. Best is trial 632 with value: 0.13978464901447296.
[I 2024-12-15 16:28:21,887] Trial 1349 finished with value: 0.21470941603183746 and parameters: {'mlp_n_layers': 4, 'mlp_dim_00': 128, 'mlp_dim_01': 240, 'mlp_dim_02': 224, 'mlp_dim_03': 176, 'hidden_channels': 176, 'num_layers': 1, 'num_timesteps': 3, 'dropout': 0.03090775125623235, 'train_learning_rate': 0.0038956498190369365, 'train_lr_reduce': 0.6}. Best is trial 632 with value: 0.13978464901447296.
[I 2024-12-15 16:28:24,320] Trial 1348 finished with value: 0.21367307007312775 and parameters: {'mlp_n_layers': 4, 'mlp_dim_00': 48, 'mlp_dim_01': 96, 'mlp_dim_02': 240, 'mlp_dim_03': 208, 'hidden_channels': 192, 'num_layers': 1, 'num_timesteps': 1, 'dropout': 0.25752706721168483, 'train_learning_rate': 0.0001939255414968933, 'train_lr_reduce': 0.6}. Best is trial 632 with value: 0.13978464901447296.
[I 2024-12-15 16:28:27,864] Trial 1350 finished with value: 0.1592894345521927 and parameters: {'mlp_n_layers': 2, 'mlp_dim_00': 32, 'mlp_dim_01': 208, 'hidden_channels': 240, 'num_layers': 1, 'num_timesteps': 4, 'dropout': 0.007248174582746677, 'train_learning_rate': 0.0021875042417971577, 'train_lr_reduce': 0.6}. Best is trial 632 with value: 0.13978464901447296.
[I 2024-12-15 16:28:31,032] Trial 1351 finished with value: 0.1802651584148407 and parameters: {'mlp_n_layers': 4, 'mlp_dim_00': 112, 'mlp_dim_01': 192, 'mlp_dim_02': 256, 'mlp_dim_03': 160, 'hidden_channels': 176, 'num_layers': 1, 'num_timesteps': 4, 'dropout': 0.04598978841646315, 'train_learning_rate': 0.003049332183324968, 'train_lr_reduce': 0.6}. Best is trial 632 with value: 0.13978464901447296.
[I 2024-12-15 16:28:33,537] Trial 1352 finished with value: 0.19353152811527252 and parameters: {'mlp_n_layers': 4, 'mlp_dim_00': 128, 'mlp_dim_01': 240, 'mlp_dim_02': 224, 'mlp_dim_03': 192, 'hidden_channels': 224, 'num_layers': 1, 'num_timesteps': 4, 'dropout': 0.008690994247924423, 'train_learning_rate': 0.0009740704688373136, 'train_lr_reduce': 0.6}. Best is trial 632 with value: 0.13978464901447296.
[I 2024-12-15 16:28:38,245] Trial 1354 finished with value: 0.2272041141986847 and parameters: {'mlp_n_layers': 4, 'mlp_dim_00': 112, 'mlp_dim_01': 176, 'mlp_dim_02': 224, 'mlp_dim_03': 160, 'hidden_channels': 256, 'num_layers': 1, 'num_timesteps': 4, 'dropout': 0.03410236277423977, 'train_learning_rate': 0.004081810694797106, 'train_lr_reduce': 0.6}. Best is trial 632 with value: 0.13978464901447296.
[I 2024-12-15 16:28:42,781] Trial 1355 finished with value: 0.23697596788406372 and parameters: {'mlp_n_layers': 4, 'mlp_dim_00': 144, 'mlp_dim_01': 208, 'mlp_dim_02': 240, 'mlp_dim_03': 192, 'hidden_channels': 208, 'num_layers': 2, 'num_timesteps': 4, 'dropout': 0.009237267123640185, 'train_learning_rate': 0.001954912844348842, 'train_lr_reduce': 0.6}. Best is trial 632 with value: 0.13978464901447296.
[I 2024-12-15 16:28:45,597] Trial 1353 finished with value: 0.30121079087257385 and parameters: {'mlp_n_layers': 3, 'mlp_dim_00': 80, 'mlp_dim_01': 160, 'mlp_dim_02': 256, 'hidden_channels': 96, 'num_layers': 2, 'num_timesteps': 2, 'dropout': 0.282477210921002, 'train_learning_rate': 0.00017846579211591365, 'train_lr_reduce': 0.6}. Best is trial 632 with value: 0.13978464901447296.
[I 2024-12-15 16:28:47,300] Trial 1356 finished with value: 0.20793560147285461 and parameters: {'mlp_n_layers': 4, 'mlp_dim_00': 112, 'mlp_dim_01': 240, 'mlp_dim_02': 256, 'mlp_dim_03': 240, 'hidden_channels': 192, 'num_layers': 1, 'num_timesteps': 4, 'dropout': 0.03250187042419099, 'train_learning_rate': 0.0021608918080645643, 'train_lr_reduce': 0.6}. Best is trial 632 with value: 0.13978464901447296.
[I 2024-12-15 16:28:53,870] Trial 1357 finished with value: 0.14228160679340363 and parameters: {'mlp_n_layers': 4, 'mlp_dim_00': 48, 'mlp_dim_01': 192, 'mlp_dim_02': 224, 'mlp_dim_03': 160, 'hidden_channels': 208, 'num_layers': 1, 'num_timesteps': 4, 'dropout': 0.017364693035022548, 'train_learning_rate': 0.0025779191368050774, 'train_lr_reduce': 0.6}. Best is trial 632 with value: 0.13978464901447296.
[I 2024-12-15 16:28:55,392] Trial 1358 finished with value: 0.21032214164733887 and parameters: {'mlp_n_layers': 3, 'mlp_dim_00': 128, 'mlp_dim_01': 256, 'mlp_dim_02': 240, 'hidden_channels': 176, 'num_layers': 1, 'num_timesteps': 4, 'dropout': 0.06393536742573103, 'train_learning_rate': 0.004023103807547743, 'train_lr_reduce': 0.6}. Best is trial 632 with value: 0.13978464901447296.
[I 2024-12-15 16:28:58,318] Trial 1359 finished with value: 0.19145841896533966 and parameters: {'mlp_n_layers': 4, 'mlp_dim_00': 144, 'mlp_dim_01': 176, 'mlp_dim_02': 224, 'mlp_dim_03': 176, 'hidden_channels': 208, 'num_layers': 1, 'num_timesteps': 3, 'dropout': 0.00032337705881803954, 'train_learning_rate': 0.004508060677995478, 'train_lr_reduce': 0.6}. Best is trial 632 with value: 0.13978464901447296.
[I 2024-12-15 16:29:02,825] Trial 1361 finished with value: 0.20340362191200256 and parameters: {'mlp_n_layers': 4, 'mlp_dim_00': 32, 'mlp_dim_01': 192, 'mlp_dim_02': 224, 'mlp_dim_03': 160, 'hidden_channels': 192, 'num_layers': 1, 'num_timesteps': 4, 'dropout': 0.028904068669135426, 'train_learning_rate': 0.002438424063031818, 'train_lr_reduce': 0.6}. Best is trial 632 with value: 0.13978464901447296.
[I 2024-12-15 16:29:06,238] Trial 1360 finished with value: 0.17369306087493896 and parameters: {'mlp_n_layers': 4, 'mlp_dim_00': 96, 'mlp_dim_01': 208, 'mlp_dim_02': 224, 'mlp_dim_03': 160, 'hidden_channels': 256, 'num_layers': 1, 'num_timesteps': 3, 'dropout': 0.012565788049242792, 'train_learning_rate': 0.0017428747732142961, 'train_lr_reduce': 0.6}. Best is trial 632 with value: 0.13978464901447296.
[I 2024-12-15 16:29:08,876] Trial 1362 finished with value: 0.18675076961517334 and parameters: {'mlp_n_layers': 4, 'mlp_dim_00': 48, 'mlp_dim_01': 192, 'mlp_dim_02': 224, 'mlp_dim_03': 160, 'hidden_channels': 224, 'num_layers': 1, 'num_timesteps': 4, 'dropout': 0.08234197457546244, 'train_learning_rate': 0.007509160164764894, 'train_lr_reduce': 0.6}. Best is trial 632 with value: 0.13978464901447296.
[I 2024-12-15 16:29:15,323] Trial 1363 finished with value: 0.18910443782806396 and parameters: {'mlp_n_layers': 4, 'mlp_dim_00': 176, 'mlp_dim_01': 112, 'mlp_dim_02': 224, 'mlp_dim_03': 208, 'hidden_channels': 224, 'num_layers': 1, 'num_timesteps': 4, 'dropout': 0.0082965110257486, 'train_learning_rate': 0.0013566929815909937, 'train_lr_reduce': 0.6}. Best is trial 632 with value: 0.13978464901447296.
[I 2024-12-15 16:29:16,689] Trial 1365 finished with value: 0.23218798637390137 and parameters: {'mlp_n_layers': 4, 'mlp_dim_00': 32, 'mlp_dim_01': 160, 'mlp_dim_02': 256, 'mlp_dim_03': 160, 'hidden_channels': 192, 'num_layers': 2, 'num_timesteps': 4, 'dropout': 0.04145255005224237, 'train_learning_rate': 0.00347445442633857, 'train_lr_reduce': 0.6}. Best is trial 632 with value: 0.13978464901447296.
[I 2024-12-15 16:29:17,835] Trial 1364 finished with value: 0.16890180110931396 and parameters: {'mlp_n_layers': 4, 'mlp_dim_00': 96, 'mlp_dim_01': 160, 'mlp_dim_02': 224, 'mlp_dim_03': 160, 'hidden_channels': 208, 'num_layers': 1, 'num_timesteps': 4, 'dropout': 0.07433881011007454, 'train_learning_rate': 0.002761108583743537, 'train_lr_reduce': 0.6}. Best is trial 632 with value: 0.13978464901447296.
[I 2024-12-15 16:29:26,828] Trial 1368 finished with value: 0.19060032069683075 and parameters: {'mlp_n_layers': 4, 'mlp_dim_00': 128, 'mlp_dim_01': 224, 'mlp_dim_02': 240, 'mlp_dim_03': 160, 'hidden_channels': 224, 'num_layers': 1, 'num_timesteps': 3, 'dropout': 0.023785187604218525, 'train_learning_rate': 0.0030770088032940303, 'train_lr_reduce': 0.6}. Best is trial 632 with value: 0.13978464901447296.
[I 2024-12-15 16:29:29,123] Trial 1367 finished with value: 0.17512351274490356 and parameters: {'mlp_n_layers': 4, 'mlp_dim_00': 128, 'mlp_dim_01': 128, 'mlp_dim_02': 256, 'mlp_dim_03': 160, 'hidden_channels': 96, 'num_layers': 1, 'num_timesteps': 4, 'dropout': 0.011411556136164168, 'train_learning_rate': 0.0027828804264293, 'train_lr_reduce': 0.6}. Best is trial 632 with value: 0.13978464901447296.
[I 2024-12-15 16:29:30,564] Trial 1366 finished with value: 0.1715477854013443 and parameters: {'mlp_n_layers': 4, 'mlp_dim_00': 32, 'mlp_dim_01': 192, 'mlp_dim_02': 224, 'mlp_dim_03': 176, 'hidden_channels': 240, 'num_layers': 1, 'num_timesteps': 4, 'dropout': 0.01431267067642292, 'train_learning_rate': 0.0022509868277937255, 'train_lr_reduce': 0.6}. Best is trial 632 with value: 0.13978464901447296.
[I 2024-12-15 16:29:36,752] Trial 1370 finished with value: 0.22618389129638672 and parameters: {'mlp_n_layers': 3, 'mlp_dim_00': 64, 'mlp_dim_01': 112, 'mlp_dim_02': 224, 'hidden_channels': 224, 'num_layers': 4, 'num_timesteps': 2, 'dropout': 0.12892708622535215, 'train_learning_rate': 0.0022731415315303655, 'train_lr_reduce': 0.6}. Best is trial 632 with value: 0.13978464901447296.
[I 2024-12-15 16:29:37,216] Trial 1369 finished with value: 0.15797732770442963 and parameters: {'mlp_n_layers': 4, 'mlp_dim_00': 80, 'mlp_dim_01': 240, 'mlp_dim_02': 224, 'mlp_dim_03': 192, 'hidden_channels': 192, 'num_layers': 1, 'num_timesteps': 2, 'dropout': 0.017789931481069617, 'train_learning_rate': 0.0033066405055942345, 'train_lr_reduce': 0.6}. Best is trial 632 with value: 0.13978464901447296.
[I 2024-12-15 16:29:44,001] Trial 1371 finished with value: 0.18310528993606567 and parameters: {'mlp_n_layers': 3, 'mlp_dim_00': 48, 'mlp_dim_01': 224, 'mlp_dim_02': 256, 'hidden_channels': 176, 'num_layers': 1, 'num_timesteps': 4, 'dropout': 0.0004142890024636005, 'train_learning_rate': 0.0058111857009608804, 'train_lr_reduce': 0.6}. Best is trial 632 with value: 0.13978464901447296.
[I 2024-12-15 16:29:45,958] Trial 1372 finished with value: 0.1763058602809906 and parameters: {'mlp_n_layers': 3, 'mlp_dim_00': 160, 'mlp_dim_01': 256, 'mlp_dim_02': 224, 'hidden_channels': 176, 'num_layers': 1, 'num_timesteps': 4, 'dropout': 0.08854229531931922, 'train_learning_rate': 0.0010757053636620375, 'train_lr_reduce': 0.6}. Best is trial 632 with value: 0.13978464901447296.
[I 2024-12-15 16:29:51,935] Trial 1373 finished with value: 0.22963353991508484 and parameters: {'mlp_n_layers': 2, 'mlp_dim_00': 144, 'mlp_dim_01': 144, 'hidden_channels': 224, 'num_layers': 3, 'num_timesteps': 4, 'dropout': 0.16994165666192024, 'train_learning_rate': 0.0003979513431984035, 'train_lr_reduce': 0.6}. Best is trial 632 with value: 0.13978464901447296.
[I 2024-12-15 16:29:52,905] Trial 1374 finished with value: 0.23782825469970703 and parameters: {'mlp_n_layers': 4, 'mlp_dim_00': 224, 'mlp_dim_01': 48, 'mlp_dim_02': 256, 'mlp_dim_03': 160, 'hidden_channels': 256, 'num_layers': 3, 'num_timesteps': 4, 'dropout': 0.23957135493441478, 'train_learning_rate': 0.001718868415440011, 'train_lr_reduce': 0.6}. Best is trial 632 with value: 0.13978464901447296.
[I 2024-12-15 16:29:55,230] Trial 1376 finished with value: 1.249501347541809 and parameters: {'mlp_n_layers': 3, 'mlp_dim_00': 256, 'mlp_dim_01': 176, 'mlp_dim_02': 224, 'hidden_channels': 208, 'num_layers': 2, 'num_timesteps': 4, 'dropout': 0.08718324673823216, 'train_learning_rate': 0.0032057031727522707, 'train_lr_reduce': 0.6}. Best is trial 632 with value: 0.13978464901447296.
[I 2024-12-15 16:29:59,377] Trial 1377 finished with value: 0.25051963329315186 and parameters: {'mlp_n_layers': 4, 'mlp_dim_00': 96, 'mlp_dim_01': 192, 'mlp_dim_02': 256, 'mlp_dim_03': 192, 'hidden_channels': 224, 'num_layers': 1, 'num_timesteps': 3, 'dropout': 0.04748875504059484, 'train_learning_rate': 0.003032318658098825, 'train_lr_reduce': 0.6}. Best is trial 632 with value: 0.13978464901447296.
[I 2024-12-15 16:29:59,535] Trial 1375 finished with value: 0.16965270042419434 and parameters: {'mlp_n_layers': 4, 'mlp_dim_00': 112, 'mlp_dim_01': 256, 'mlp_dim_02': 224, 'mlp_dim_03': 224, 'hidden_channels': 176, 'num_layers': 1, 'num_timesteps': 3, 'dropout': 0.018813898693971643, 'train_learning_rate': 0.0025354759640851053, 'train_lr_reduce': 0.6}. Best is trial 632 with value: 0.13978464901447296.
[I 2024-12-15 16:30:09,369] Trial 1378 finished with value: 0.22282688319683075 and parameters: {'mlp_n_layers': 4, 'mlp_dim_00': 112, 'mlp_dim_01': 256, 'mlp_dim_02': 240, 'mlp_dim_03': 160, 'hidden_channels': 240, 'num_layers': 2, 'num_timesteps': 4, 'dropout': 0.05784097603936763, 'train_learning_rate': 0.006026062203251483, 'train_lr_reduce': 0.6}. Best is trial 632 with value: 0.13978464901447296.
[I 2024-12-15 16:30:10,365] Trial 1379 finished with value: 0.16015492379665375 and parameters: {'mlp_n_layers': 3, 'mlp_dim_00': 96, 'mlp_dim_01': 112, 'mlp_dim_02': 224, 'hidden_channels': 240, 'num_layers': 1, 'num_timesteps': 4, 'dropout': 0.0437691579682306, 'train_learning_rate': 0.0028446855985762554, 'train_lr_reduce': 0.6}. Best is trial 632 with value: 0.13978464901447296.
[I 2024-12-15 16:30:13,471] Trial 1380 finished with value: 0.20305469632148743 and parameters: {'mlp_n_layers': 3, 'mlp_dim_00': 240, 'mlp_dim_01': 96, 'mlp_dim_02': 256, 'hidden_channels': 176, 'num_layers': 1, 'num_timesteps': 3, 'dropout': 0.008019937603690248, 'train_learning_rate': 0.0010260046071062722, 'train_lr_reduce': 0.6}. Best is trial 632 with value: 0.13978464901447296.
