[I 2024-12-19 08:18:14,633] Trial 630 finished with value: 1.1423219442367554 and parameters: {'mlp_n_layers': 2, 'mlp_dim_00': 463, 'mlp_dim_01': 73, 'node_hidden_dim': 41, 'edge_hidden_dim': 50, 'depth': 2, 'rep_dropout': 0.23220967324542124, 'train_learning_rate': 0.0002961842582972909, 'train_lr_reduce': 0.6}. Best is trial 231 with value: 0.17593608796596527.
[I 2024-12-19 08:18:17,124] Trial 627 finished with value: 0.21790215373039246 and parameters: {'mlp_n_layers': 2, 'mlp_dim_00': 440, 'mlp_dim_01': 482, 'node_hidden_dim': 108, 'edge_hidden_dim': 43, 'depth': 2, 'rep_dropout': 0.002027996858036049, 'train_learning_rate': 0.0054036055775038725, 'train_lr_reduce': 0.6}. Best is trial 231 with value: 0.17593608796596527.
[I 2024-12-19 08:18:22,494] Trial 631 finished with value: 1.1425880193710327 and parameters: {'mlp_n_layers': 2, 'mlp_dim_00': 424, 'mlp_dim_01': 77, 'node_hidden_dim': 41, 'edge_hidden_dim': 76, 'depth': 4, 'rep_dropout': 0.15776376909002188, 'train_learning_rate': 0.00037338035713277835, 'train_lr_reduce': 0.6}. Best is trial 231 with value: 0.17593608796596527.
[I 2024-12-19 08:18:25,504] Trial 629 finished with value: 0.23395273089408875 and parameters: {'mlp_n_layers': 2, 'mlp_dim_00': 410, 'mlp_dim_01': 375, 'node_hidden_dim': 121, 'edge_hidden_dim': 56, 'depth': 2, 'rep_dropout': 0.024720650019442014, 'train_learning_rate': 0.004211997215817631, 'train_lr_reduce': 0.6}. Best is trial 231 with value: 0.17593608796596527.
[I 2024-12-19 08:18:29,922] Trial 633 finished with value: 1.13534414768219 and parameters: {'mlp_n_layers': 3, 'mlp_dim_00': 500, 'mlp_dim_01': 433, 'mlp_dim_02': 451, 'node_hidden_dim': 90, 'edge_hidden_dim': 51, 'depth': 2, 'rep_dropout': 0.03905446677908447, 'train_learning_rate': 0.009871850678785965, 'train_lr_reduce': 0.6}. Best is trial 231 with value: 0.17593608796596527.
[I 2024-12-19 08:18:31,758] Trial 634 finished with value: 1.1486608982086182 and parameters: {'mlp_n_layers': 2, 'mlp_dim_00': 395, 'mlp_dim_01': 389, 'node_hidden_dim': 123, 'edge_hidden_dim': 38, 'depth': 2, 'rep_dropout': 0.025092281450933868, 'train_learning_rate': 0.006525142275492976, 'train_lr_reduce': 0.6}. Best is trial 231 with value: 0.17593608796596527.
[I 2024-12-19 08:18:36,101] Trial 635 finished with value: 1.142708659172058 and parameters: {'mlp_n_layers': 2, 'mlp_dim_00': 442, 'mlp_dim_01': 360, 'node_hidden_dim': 125, 'edge_hidden_dim': 44, 'depth': 2, 'rep_dropout': 0.019191159672093058, 'train_learning_rate': 0.0017021724154415512, 'train_lr_reduce': 0.6}. Best is trial 231 with value: 0.17593608796596527.
[I 2024-12-19 08:18:36,934] Trial 632 finished with value: 0.24680395424365997 and parameters: {'mlp_n_layers': 2, 'mlp_dim_00': 448, 'mlp_dim_01': 468, 'node_hidden_dim': 107, 'edge_hidden_dim': 55, 'depth': 2, 'rep_dropout': 0.0031444819361825804, 'train_learning_rate': 0.005124744862810862, 'train_lr_reduce': 0.6}. Best is trial 231 with value: 0.17593608796596527.
[I 2024-12-19 08:18:38,481] Trial 636 finished with value: 1.1477971076965332 and parameters: {'mlp_n_layers': 3, 'mlp_dim_00': 481, 'mlp_dim_01': 505, 'mlp_dim_02': 468, 'node_hidden_dim': 128, 'edge_hidden_dim': 64, 'depth': 2, 'rep_dropout': 0.01965343444413323, 'train_learning_rate': 0.0014818518249966263, 'train_lr_reduce': 0.6}. Best is trial 231 with value: 0.17593608796596527.
[I 2024-12-19 08:18:43,687] Trial 638 finished with value: 1.1426870822906494 and parameters: {'mlp_n_layers': 4, 'mlp_dim_00': 251, 'mlp_dim_01': 404, 'mlp_dim_02': 470, 'mlp_dim_03': 427, 'node_hidden_dim': 41, 'edge_hidden_dim': 107, 'depth': 2, 'rep_dropout': 0.24148634158635304, 'train_learning_rate': 0.00028690073368075193, 'train_lr_reduce': 0.6}. Best is trial 231 with value: 0.17593608796596527.
[I 2024-12-19 08:18:49,471] Trial 640 finished with value: 1.1480333805084229 and parameters: {'mlp_n_layers': 2, 'mlp_dim_00': 443, 'mlp_dim_01': 426, 'node_hidden_dim': 94, 'edge_hidden_dim': 51, 'depth': 2, 'rep_dropout': 0.002251468272547498, 'train_learning_rate': 0.0030429722452943253, 'train_lr_reduce': 0.6}. Best is trial 231 with value: 0.17593608796596527.
[I 2024-12-19 08:18:50,482] Trial 637 finished with value: 0.42581069469451904 and parameters: {'mlp_n_layers': 2, 'mlp_dim_00': 372, 'mlp_dim_01': 335, 'node_hidden_dim': 102, 'edge_hidden_dim': 32, 'depth': 2, 'rep_dropout': 0.0008833110707591792, 'train_learning_rate': 0.0071805351806061395, 'train_lr_reduce': 0.6}. Best is trial 231 with value: 0.17593608796596527.
[I 2024-12-19 08:18:56,968] Trial 642 finished with value: 1.1519832611083984 and parameters: {'mlp_n_layers': 2, 'mlp_dim_00': 390, 'mlp_dim_01': 510, 'node_hidden_dim': 110, 'edge_hidden_dim': 46, 'depth': 3, 'rep_dropout': 0.011314526297189516, 'train_learning_rate': 0.00506051947037784, 'train_lr_reduce': 0.6}. Best is trial 231 with value: 0.17593608796596527.
[I 2024-12-19 08:19:02,129] Trial 639 finished with value: 0.25948843359947205 and parameters: {'mlp_n_layers': 2, 'mlp_dim_00': 296, 'mlp_dim_01': 367, 'node_hidden_dim': 115, 'edge_hidden_dim': 63, 'depth': 2, 'rep_dropout': 0.05395421802214574, 'train_learning_rate': 0.004981304937413994, 'train_lr_reduce': 0.6}. Best is trial 231 with value: 0.17593608796596527.
[I 2024-12-19 08:19:09,070] Trial 643 finished with value: 0.6448544263839722 and parameters: {'mlp_n_layers': 3, 'mlp_dim_00': 425, 'mlp_dim_01': 321, 'mlp_dim_02': 395, 'node_hidden_dim': 98, 'edge_hidden_dim': 56, 'depth': 2, 'rep_dropout': 0.05598878830182661, 'train_learning_rate': 0.008734453697908161, 'train_lr_reduce': 0.6}. Best is trial 231 with value: 0.17593608796596527.
[I 2024-12-19 08:19:09,076] Trial 641 finished with value: 0.24507497251033783 and parameters: {'mlp_n_layers': 2, 'mlp_dim_00': 382, 'mlp_dim_01': 502, 'node_hidden_dim': 110, 'edge_hidden_dim': 43, 'depth': 2, 'rep_dropout': 0.03764164886270402, 'train_learning_rate': 0.005439621143804927, 'train_lr_reduce': 0.6}. Best is trial 231 with value: 0.17593608796596527.
[I 2024-12-19 08:19:09,876] Trial 644 finished with value: 1.1425482034683228 and parameters: {'mlp_n_layers': 2, 'mlp_dim_00': 506, 'mlp_dim_01': 375, 'node_hidden_dim': 62, 'edge_hidden_dim': 92, 'depth': 4, 'rep_dropout': 0.2039661503817322, 'train_learning_rate': 0.0013497863837134516, 'train_lr_reduce': 0.6}. Best is trial 231 with value: 0.17593608796596527.
[I 2024-12-19 08:19:14,764] Trial 646 finished with value: 1.1534688472747803 and parameters: {'mlp_n_layers': 3, 'mlp_dim_00': 311, 'mlp_dim_01': 261, 'mlp_dim_02': 468, 'node_hidden_dim': 67, 'edge_hidden_dim': 72, 'depth': 3, 'rep_dropout': 0.007266712563846394, 'train_learning_rate': 0.004996463297424693, 'train_lr_reduce': 0.6}. Best is trial 231 with value: 0.17593608796596527.
[I 2024-12-19 08:19:15,414] Trial 645 finished with value: 1.144720196723938 and parameters: {'mlp_n_layers': 2, 'mlp_dim_00': 325, 'mlp_dim_01': 207, 'node_hidden_dim': 70, 'edge_hidden_dim': 49, 'depth': 2, 'rep_dropout': 0.07188114297497164, 'train_learning_rate': 0.009543398602971303, 'train_lr_reduce': 0.6}. Best is trial 231 with value: 0.17593608796596527.
[I 2024-12-19 08:19:20,693] Trial 648 finished with value: 1.1424517631530762 and parameters: {'mlp_n_layers': 2, 'mlp_dim_00': 314, 'mlp_dim_01': 505, 'node_hidden_dim': 100, 'edge_hidden_dim': 60, 'depth': 2, 'rep_dropout': 0.045650835477258095, 'train_learning_rate': 0.0010343760655015667, 'train_lr_reduce': 0.6}. Best is trial 231 with value: 0.17593608796596527.
[I 2024-12-19 08:19:22,254] Trial 649 finished with value: 1.1456774473190308 and parameters: {'mlp_n_layers': 3, 'mlp_dim_00': 343, 'mlp_dim_01': 410, 'mlp_dim_02': 421, 'node_hidden_dim': 95, 'edge_hidden_dim': 57, 'depth': 2, 'rep_dropout': 0.015288212244649057, 'train_learning_rate': 0.005486921141621349, 'train_lr_reduce': 0.6}. Best is trial 231 with value: 0.17593608796596527.
[I 2024-12-19 08:19:25,982] Trial 650 finished with value: 1.1478149890899658 and parameters: {'mlp_n_layers': 2, 'mlp_dim_00': 465, 'mlp_dim_01': 331, 'node_hidden_dim': 65, 'edge_hidden_dim': 45, 'depth': 2, 'rep_dropout': 0.10899027401457272, 'train_learning_rate': 0.002871449263594158, 'train_lr_reduce': 0.6}. Best is trial 231 with value: 0.17593608796596527.
[I 2024-12-19 08:19:29,155] Trial 651 finished with value: 1.142266869544983 and parameters: {'mlp_n_layers': 2, 'mlp_dim_00': 285, 'mlp_dim_01': 243, 'node_hidden_dim': 125, 'edge_hidden_dim': 52, 'depth': 4, 'rep_dropout': 0.0963398770458621, 'train_learning_rate': 0.0004116619265150672, 'train_lr_reduce': 0.6}. Best is trial 231 with value: 0.17593608796596527.
[I 2024-12-19 08:19:32,631] Trial 647 finished with value: 0.5006837248802185 and parameters: {'mlp_n_layers': 4, 'mlp_dim_00': 277, 'mlp_dim_01': 367, 'mlp_dim_02': 510, 'mlp_dim_03': 208, 'node_hidden_dim': 114, 'edge_hidden_dim': 94, 'depth': 2, 'rep_dropout': 0.23399225035234145, 'train_learning_rate': 0.0032102858238339522, 'train_lr_reduce': 0.6}. Best is trial 231 with value: 0.17593608796596527.
[I 2024-12-19 08:19:40,612] Trial 654 finished with value: 1.142697811126709 and parameters: {'mlp_n_layers': 4, 'mlp_dim_00': 434, 'mlp_dim_01': 417, 'mlp_dim_02': 402, 'mlp_dim_03': 107, 'node_hidden_dim': 74, 'edge_hidden_dim': 44, 'depth': 2, 'rep_dropout': 0.06974186469053331, 'train_learning_rate': 0.0071858136543444745, 'train_lr_reduce': 0.6}. Best is trial 231 with value: 0.17593608796596527.
[I 2024-12-19 08:19:46,858] Trial 652 finished with value: 0.23124909400939941 and parameters: {'mlp_n_layers': 3, 'mlp_dim_00': 493, 'mlp_dim_01': 369, 'mlp_dim_02': 471, 'node_hidden_dim': 116, 'edge_hidden_dim': 46, 'depth': 2, 'rep_dropout': 0.06518173512171457, 'train_learning_rate': 0.006652300044402876, 'train_lr_reduce': 0.6}. Best is trial 231 with value: 0.17593608796596527.
[I 2024-12-19 08:19:52,654] Trial 653 finished with value: 0.40213847160339355 and parameters: {'mlp_n_layers': 2, 'mlp_dim_00': 473, 'mlp_dim_01': 507, 'node_hidden_dim': 109, 'edge_hidden_dim': 40, 'depth': 3, 'rep_dropout': 0.0037025934372150217, 'train_learning_rate': 0.009645858749984864, 'train_lr_reduce': 0.6}. Best is trial 231 with value: 0.17593608796596527.
[I 2024-12-19 08:20:00,692] Trial 657 finished with value: 1.1327301263809204 and parameters: {'mlp_n_layers': 3, 'mlp_dim_00': 424, 'mlp_dim_01': 485, 'mlp_dim_02': 427, 'node_hidden_dim': 120, 'edge_hidden_dim': 55, 'depth': 2, 'rep_dropout': 0.03238795441831654, 'train_learning_rate': 0.009633563125242444, 'train_lr_reduce': 0.6}. Best is trial 231 with value: 0.17593608796596527.
[I 2024-12-19 08:20:05,048] Trial 655 finished with value: 0.44429948925971985 and parameters: {'mlp_n_layers': 2, 'mlp_dim_00': 452, 'mlp_dim_01': 369, 'node_hidden_dim': 104, 'edge_hidden_dim': 59, 'depth': 2, 'rep_dropout': 0.029548238288332643, 'train_learning_rate': 0.005811887840721891, 'train_lr_reduce': 0.6}. Best is trial 231 with value: 0.17593608796596527.
[I 2024-12-19 08:20:08,444] Trial 656 finished with value: 0.28165656328201294 and parameters: {'mlp_n_layers': 3, 'mlp_dim_00': 480, 'mlp_dim_01': 385, 'mlp_dim_02': 415, 'node_hidden_dim': 121, 'edge_hidden_dim': 37, 'depth': 2, 'rep_dropout': 0.11664963821276311, 'train_learning_rate': 0.0037621525410972763, 'train_lr_reduce': 0.6}. Best is trial 231 with value: 0.17593608796596527.
[I 2024-12-19 08:20:14,116] Trial 659 finished with value: 1.1593115329742432 and parameters: {'mlp_n_layers': 4, 'mlp_dim_00': 169, 'mlp_dim_01': 394, 'mlp_dim_02': 389, 'mlp_dim_03': 267, 'node_hidden_dim': 115, 'edge_hidden_dim': 102, 'depth': 4, 'rep_dropout': 0.13974959443504498, 'train_learning_rate': 0.0028552292170383885, 'train_lr_reduce': 0.6}. Best is trial 231 with value: 0.17593608796596527.
[I 2024-12-19 08:20:20,699] Trial 661 finished with value: 1.1434998512268066 and parameters: {'mlp_n_layers': 2, 'mlp_dim_00': 302, 'mlp_dim_01': 397, 'node_hidden_dim': 59, 'edge_hidden_dim': 65, 'depth': 2, 'rep_dropout': 0.0012212060337504858, 'train_learning_rate': 0.0037029678843405627, 'train_lr_reduce': 0.6}. Best is trial 231 with value: 0.17593608796596527.
[I 2024-12-19 08:20:21,986] Trial 658 finished with value: 0.5647433996200562 and parameters: {'mlp_n_layers': 3, 'mlp_dim_00': 315, 'mlp_dim_01': 402, 'mlp_dim_02': 454, 'node_hidden_dim': 79, 'edge_hidden_dim': 49, 'depth': 2, 'rep_dropout': 0.022601814362531836, 'train_learning_rate': 0.008562030477857247, 'train_lr_reduce': 0.6}. Best is trial 231 with value: 0.17593608796596527.
[I 2024-12-19 08:20:25,444] Trial 660 finished with value: 0.6875902414321899 and parameters: {'mlp_n_layers': 4, 'mlp_dim_00': 509, 'mlp_dim_01': 323, 'mlp_dim_02': 460, 'mlp_dim_03': 377, 'node_hidden_dim': 111, 'edge_hidden_dim': 79, 'depth': 2, 'rep_dropout': 0.04269903982280455, 'train_learning_rate': 0.007433006011550823, 'train_lr_reduce': 0.6}. Best is trial 231 with value: 0.17593608796596527.
[I 2024-12-19 08:20:27,499] Trial 663 finished with value: 1.1424036026000977 and parameters: {'mlp_n_layers': 2, 'mlp_dim_00': 327, 'mlp_dim_01': 419, 'node_hidden_dim': 106, 'edge_hidden_dim': 55, 'depth': 2, 'rep_dropout': 0.0030950761729871164, 'train_learning_rate': 0.0036970691321419062, 'train_lr_reduce': 0.6}. Best is trial 231 with value: 0.17593608796596527.
[I 2024-12-19 08:20:31,463] Trial 664 finished with value: 1.148499846458435 and parameters: {'mlp_n_layers': 3, 'mlp_dim_00': 409, 'mlp_dim_01': 412, 'mlp_dim_02': 453, 'node_hidden_dim': 110, 'edge_hidden_dim': 65, 'depth': 2, 'rep_dropout': 0.0005541502011475949, 'train_learning_rate': 0.002520743193672983, 'train_lr_reduce': 0.6}. Best is trial 231 with value: 0.17593608796596527.
[I 2024-12-19 08:20:35,358] Trial 665 finished with value: 1.1419057846069336 and parameters: {'mlp_n_layers': 3, 'mlp_dim_00': 436, 'mlp_dim_01': 261, 'mlp_dim_02': 464, 'node_hidden_dim': 34, 'edge_hidden_dim': 111, 'depth': 2, 'rep_dropout': 0.17926738918964738, 'train_learning_rate': 0.00015298295553047928, 'train_lr_reduce': 0.6}. Best is trial 231 with value: 0.17593608796596527.
[I 2024-12-19 08:20:41,516] Trial 666 finished with value: 0.9589532017707825 and parameters: {'mlp_n_layers': 3, 'mlp_dim_00': 451, 'mlp_dim_01': 367, 'mlp_dim_02': 380, 'node_hidden_dim': 107, 'edge_hidden_dim': 57, 'depth': 3, 'rep_dropout': 0.0033393006911131198, 'train_learning_rate': 0.007779071533419109, 'train_lr_reduce': 0.6}. Best is trial 231 with value: 0.17593608796596527.
[I 2024-12-19 08:20:43,979] Trial 662 finished with value: 0.5584088563919067 and parameters: {'mlp_n_layers': 4, 'mlp_dim_00': 511, 'mlp_dim_01': 447, 'mlp_dim_02': 414, 'mlp_dim_03': 75, 'node_hidden_dim': 87, 'edge_hidden_dim': 59, 'depth': 2, 'rep_dropout': 0.026140452775003285, 'train_learning_rate': 0.004505452446727448, 'train_lr_reduce': 0.6}. Best is trial 231 with value: 0.17593608796596527.
[I 2024-12-19 08:20:48,317] Trial 668 finished with value: 1.1438640356063843 and parameters: {'mlp_n_layers': 3, 'mlp_dim_00': 78, 'mlp_dim_01': 324, 'mlp_dim_02': 394, 'node_hidden_dim': 39, 'edge_hidden_dim': 123, 'depth': 3, 'rep_dropout': 0.23212162274983417, 'train_learning_rate': 0.0008202080521038865, 'train_lr_reduce': 0.6}. Best is trial 231 with value: 0.17593608796596527.
[I 2024-12-19 08:20:52,578] Trial 669 finished with value: 1.1422003507614136 and parameters: {'mlp_n_layers': 3, 'mlp_dim_00': 466, 'mlp_dim_01': 371, 'mlp_dim_02': 472, 'node_hidden_dim': 67, 'edge_hidden_dim': 110, 'depth': 4, 'rep_dropout': 0.06062168690346281, 'train_learning_rate': 0.00014486539291315518, 'train_lr_reduce': 0.6}. Best is trial 231 with value: 0.17593608796596527.
[I 2024-12-19 08:20:54,408] Trial 670 finished with value: 1.147916555404663 and parameters: {'mlp_n_layers': 2, 'mlp_dim_00': 408, 'mlp_dim_01': 370, 'node_hidden_dim': 126, 'edge_hidden_dim': 51, 'depth': 3, 'rep_dropout': 0.09064966837335443, 'train_learning_rate': 0.002387365417616278, 'train_lr_reduce': 0.6}. Best is trial 231 with value: 0.17593608796596527.
[I 2024-12-19 08:20:57,531] Trial 667 finished with value: 0.3466426134109497 and parameters: {'mlp_n_layers': 3, 'mlp_dim_00': 508, 'mlp_dim_01': 422, 'mlp_dim_02': 466, 'node_hidden_dim': 92, 'edge_hidden_dim': 76, 'depth': 2, 'rep_dropout': 0.004290251771812313, 'train_learning_rate': 0.005183134035578526, 'train_lr_reduce': 0.6}. Best is trial 231 with value: 0.17593608796596527.
[I 2024-12-19 08:20:59,379] Trial 671 finished with value: 1.1430078744888306 and parameters: {'mlp_n_layers': 2, 'mlp_dim_00': 478, 'mlp_dim_01': 328, 'node_hidden_dim': 125, 'edge_hidden_dim': 59, 'depth': 2, 'rep_dropout': 0.018083297967410972, 'train_learning_rate': 0.0030099909967999405, 'train_lr_reduce': 0.6}. Best is trial 231 with value: 0.17593608796596527.
[I 2024-12-19 08:21:01,883] Trial 672 finished with value: 1.1423476934432983 and parameters: {'mlp_n_layers': 4, 'mlp_dim_00': 201, 'mlp_dim_01': 353, 'mlp_dim_02': 416, 'mlp_dim_03': 167, 'node_hidden_dim': 64, 'edge_hidden_dim': 64, 'depth': 3, 'rep_dropout': 0.11683143012945847, 'train_learning_rate': 0.00047791110804538825, 'train_lr_reduce': 0.6}. Best is trial 231 with value: 0.17593608796596527.
[I 2024-12-19 08:21:05,293] Trial 673 finished with value: 1.1423671245574951 and parameters: {'mlp_n_layers': 3, 'mlp_dim_00': 393, 'mlp_dim_01': 96, 'mlp_dim_02': 464, 'node_hidden_dim': 42, 'edge_hidden_dim': 79, 'depth': 2, 'rep_dropout': 0.14503035241321285, 'train_learning_rate': 0.00016194662708655718, 'train_lr_reduce': 0.6}. Best is trial 231 with value: 0.17593608796596527.
[I 2024-12-19 08:21:06,104] Trial 674 finished with value: 1.148126244544983 and parameters: {'mlp_n_layers': 4, 'mlp_dim_00': 290, 'mlp_dim_01': 280, 'mlp_dim_02': 512, 'mlp_dim_03': 311, 'node_hidden_dim': 98, 'edge_hidden_dim': 110, 'depth': 2, 'rep_dropout': 0.05631967243034863, 'train_learning_rate': 0.009370470219497294, 'train_lr_reduce': 0.6}. Best is trial 231 with value: 0.17593608796596527.
[I 2024-12-19 08:21:07,677] Trial 675 finished with value: 1.1426053047180176 and parameters: {'mlp_n_layers': 4, 'mlp_dim_00': 377, 'mlp_dim_01': 207, 'mlp_dim_02': 430, 'mlp_dim_03': 442, 'node_hidden_dim': 54, 'edge_hidden_dim': 62, 'depth': 2, 'rep_dropout': 0.21940432962219206, 'train_learning_rate': 0.006766717309270859, 'train_lr_reduce': 0.6}. Best is trial 231 with value: 0.17593608796596527.
[I 2024-12-19 08:21:11,343] Trial 676 finished with value: 1.1440445184707642 and parameters: {'mlp_n_layers': 2, 'mlp_dim_00': 403, 'mlp_dim_01': 436, 'node_hidden_dim': 126, 'edge_hidden_dim': 54, 'depth': 2, 'rep_dropout': 0.05787097839503001, 'train_learning_rate': 0.0029023202890893027, 'train_lr_reduce': 0.6}. Best is trial 231 with value: 0.17593608796596527.
[I 2024-12-19 08:21:13,600] Trial 678 finished with value: 1.1421270370483398 and parameters: {'mlp_n_layers': 2, 'mlp_dim_00': 425, 'mlp_dim_01': 88, 'node_hidden_dim': 121, 'edge_hidden_dim': 107, 'depth': 3, 'rep_dropout': 0.13604346256899114, 'train_learning_rate': 0.00017275269614050839, 'train_lr_reduce': 0.6}. Best is trial 231 with value: 0.17593608796596527.
[I 2024-12-19 08:21:13,620] Trial 677 finished with value: 1.1421327590942383 and parameters: {'mlp_n_layers': 2, 'mlp_dim_00': 110, 'mlp_dim_01': 388, 'node_hidden_dim': 42, 'edge_hidden_dim': 95, 'depth': 4, 'rep_dropout': 0.028858921691371664, 'train_learning_rate': 0.001382950646458124, 'train_lr_reduce': 0.6}. Best is trial 231 with value: 0.17593608796596527.
[I 2024-12-19 08:21:24,731] Trial 680 finished with value: 0.8030568361282349 and parameters: {'mlp_n_layers': 3, 'mlp_dim_00': 467, 'mlp_dim_01': 381, 'mlp_dim_02': 372, 'node_hidden_dim': 103, 'edge_hidden_dim': 35, 'depth': 2, 'rep_dropout': 0.0430442223124837, 'train_learning_rate': 0.006850884355024622, 'train_lr_reduce': 0.6}. Best is trial 231 with value: 0.17593608796596527.
[I 2024-12-19 08:21:31,945] Trial 682 finished with value: 1.1420111656188965 and parameters: {'mlp_n_layers': 3, 'mlp_dim_00': 372, 'mlp_dim_01': 380, 'mlp_dim_02': 470, 'node_hidden_dim': 128, 'edge_hidden_dim': 89, 'depth': 4, 'rep_dropout': 0.03505395411384302, 'train_learning_rate': 0.0003857062783607042, 'train_lr_reduce': 0.6}. Best is trial 231 with value: 0.17593608796596527.
[I 2024-12-19 08:21:32,806] Trial 679 finished with value: 0.6001660823822021 and parameters: {'mlp_n_layers': 2, 'mlp_dim_00': 413, 'mlp_dim_01': 509, 'node_hidden_dim': 116, 'edge_hidden_dim': 48, 'depth': 2, 'rep_dropout': 0.016384154492442758, 'train_learning_rate': 0.006905552364956335, 'train_lr_reduce': 0.6}. Best is trial 231 with value: 0.17593608796596527.
[I 2024-12-19 08:21:35,438] Trial 681 finished with value: 0.574768602848053 and parameters: {'mlp_n_layers': 3, 'mlp_dim_00': 227, 'mlp_dim_01': 314, 'mlp_dim_02': 467, 'node_hidden_dim': 46, 'edge_hidden_dim': 79, 'depth': 2, 'rep_dropout': 0.018487050550964477, 'train_learning_rate': 0.008033379659275633, 'train_lr_reduce': 0.6}. Best is trial 231 with value: 0.17593608796596527.
[I 2024-12-19 08:21:38,216] Trial 683 finished with value: 1.1474690437316895 and parameters: {'mlp_n_layers': 3, 'mlp_dim_00': 410, 'mlp_dim_01': 321, 'mlp_dim_02': 413, 'node_hidden_dim': 92, 'edge_hidden_dim': 32, 'depth': 2, 'rep_dropout': 0.00427969510332624, 'train_learning_rate': 0.004394464216999362, 'train_lr_reduce': 0.6}. Best is trial 231 with value: 0.17593608796596527.
[I 2024-12-19 08:21:43,890] Trial 686 finished with value: 1.1434969902038574 and parameters: {'mlp_n_layers': 2, 'mlp_dim_00': 304, 'mlp_dim_01': 369, 'node_hidden_dim': 127, 'edge_hidden_dim': 104, 'depth': 2, 'rep_dropout': 0.044048513819133606, 'train_learning_rate': 0.0003104973833671715, 'train_lr_reduce': 0.6}. Best is trial 231 with value: 0.17593608796596527.
