[I 2024-12-15 23:02:22,945] Trial 756 finished with value: 0.1391647458076477 and parameters: {'mlp_n_layers': 3, 'mlp_dim_00': 160, 'mlp_dim_01': 80, 'mlp_dim_02': 224, 'hidden_channels': 176, 'num_layers': 2, 'num_timesteps': 4, 'dropout': 0.18037649248713442, 'train_learning_rate': 0.00023633339444798304, 'train_lr_reduce': 0.6}. Best is trial 130 with value: 0.0812772810459137.
[I 2024-12-15 23:02:23,217] Trial 758 finished with value: 0.08850036561489105 and parameters: {'mlp_n_layers': 2, 'mlp_dim_00': 192, 'mlp_dim_01': 208, 'hidden_channels': 48, 'num_layers': 3, 'num_timesteps': 3, 'dropout': 0.19046183701597028, 'train_learning_rate': 0.008421488274273154, 'train_lr_reduce': 0.6}. Best is trial 130 with value: 0.0812772810459137.
[I 2024-12-15 23:02:29,977] Trial 759 finished with value: 0.11857656389474869 and parameters: {'mlp_n_layers': 2, 'mlp_dim_00': 240, 'mlp_dim_01': 64, 'hidden_channels': 80, 'num_layers': 3, 'num_timesteps': 2, 'dropout': 0.2955287948659544, 'train_learning_rate': 0.007408554446392606, 'train_lr_reduce': 0.6}. Best is trial 130 with value: 0.0812772810459137.
[I 2024-12-15 23:02:32,056] Trial 760 finished with value: 0.09481928497552872 and parameters: {'mlp_n_layers': 2, 'mlp_dim_00': 256, 'mlp_dim_01': 176, 'hidden_channels': 64, 'num_layers': 2, 'num_timesteps': 2, 'dropout': 0.16661809810454514, 'train_learning_rate': 0.008837430428371191, 'train_lr_reduce': 0.6}. Best is trial 130 with value: 0.0812772810459137.
[I 2024-12-15 23:02:37,188] Trial 761 finished with value: 0.11133578419685364 and parameters: {'mlp_n_layers': 2, 'mlp_dim_00': 192, 'mlp_dim_01': 192, 'hidden_channels': 64, 'num_layers': 3, 'num_timesteps': 3, 'dropout': 0.18557828001899643, 'train_learning_rate': 0.004396502425064164, 'train_lr_reduce': 0.6}. Best is trial 130 with value: 0.0812772810459137.
[I 2024-12-15 23:02:38,896] Trial 762 finished with value: 0.09570322185754776 and parameters: {'mlp_n_layers': 2, 'mlp_dim_00': 192, 'mlp_dim_01': 128, 'hidden_channels': 32, 'num_layers': 2, 'num_timesteps': 3, 'dropout': 0.15260590629097953, 'train_learning_rate': 0.006932617298248281, 'train_lr_reduce': 0.6}. Best is trial 130 with value: 0.0812772810459137.
[I 2024-12-15 23:02:42,809] Trial 763 finished with value: 0.10124269872903824 and parameters: {'mlp_n_layers': 2, 'mlp_dim_00': 224, 'mlp_dim_01': 64, 'hidden_channels': 32, 'num_layers': 1, 'num_timesteps': 4, 'dropout': 0.29247515436277255, 'train_learning_rate': 0.004367349378672619, 'train_lr_reduce': 0.6}. Best is trial 130 with value: 0.0812772810459137.
[I 2024-12-15 23:03:04,461] Trial 764 finished with value: 0.1079871878027916 and parameters: {'mlp_n_layers': 3, 'mlp_dim_00': 256, 'mlp_dim_01': 32, 'mlp_dim_02': 192, 'hidden_channels': 64, 'num_layers': 4, 'num_timesteps': 4, 'dropout': 0.08032357479110747, 'train_learning_rate': 0.0020969539576648826, 'train_lr_reduce': 0.6}. Best is trial 130 with value: 0.0812772810459137.
[I 2024-12-15 23:03:06,761] Trial 765 finished with value: 0.3142884373664856 and parameters: {'mlp_n_layers': 2, 'mlp_dim_00': 32, 'mlp_dim_01': 144, 'hidden_channels': 48, 'num_layers': 2, 'num_timesteps': 2, 'dropout': 0.15913829118594444, 'train_learning_rate': 0.0001629325488182149, 'train_lr_reduce': 0.6}. Best is trial 130 with value: 0.0812772810459137.
[I 2024-12-15 23:03:08,870] Trial 766 finished with value: 0.17425458133220673 and parameters: {'mlp_n_layers': 3, 'mlp_dim_00': 176, 'mlp_dim_01': 48, 'mlp_dim_02': 192, 'hidden_channels': 144, 'num_layers': 4, 'num_timesteps': 3, 'dropout': 0.06511495771807287, 'train_learning_rate': 0.0044458865828423426, 'train_lr_reduce': 0.6}. Best is trial 130 with value: 0.0812772810459137.
[I 2024-12-15 23:03:16,693] Trial 768 finished with value: 0.10785045474767685 and parameters: {'mlp_n_layers': 2, 'mlp_dim_00': 224, 'mlp_dim_01': 144, 'hidden_channels': 32, 'num_layers': 2, 'num_timesteps': 3, 'dropout': 0.21096895537183222, 'train_learning_rate': 0.006421275362086127, 'train_lr_reduce': 0.6}. Best is trial 130 with value: 0.0812772810459137.
[I 2024-12-15 23:03:21,121] Trial 769 finished with value: 0.11578686535358429 and parameters: {'mlp_n_layers': 2, 'mlp_dim_00': 208, 'mlp_dim_01': 240, 'hidden_channels': 48, 'num_layers': 2, 'num_timesteps': 4, 'dropout': 0.1910746167486651, 'train_learning_rate': 0.007253434459366419, 'train_lr_reduce': 0.6}. Best is trial 130 with value: 0.0812772810459137.
[I 2024-12-15 23:03:25,573] Trial 767 finished with value: 0.1370457112789154 and parameters: {'mlp_n_layers': 3, 'mlp_dim_00': 240, 'mlp_dim_01': 48, 'mlp_dim_02': 176, 'hidden_channels': 144, 'num_layers': 4, 'num_timesteps': 4, 'dropout': 0.06738532877966082, 'train_learning_rate': 0.004772354177834638, 'train_lr_reduce': 0.6}. Best is trial 130 with value: 0.0812772810459137.
[I 2024-12-15 23:03:32,678] Trial 770 finished with value: 0.13854943215847015 and parameters: {'mlp_n_layers': 4, 'mlp_dim_00': 128, 'mlp_dim_01': 32, 'mlp_dim_02': 224, 'mlp_dim_03': 160, 'hidden_channels': 80, 'num_layers': 1, 'num_timesteps': 4, 'dropout': 0.013995961909034849, 'train_learning_rate': 0.0011711625062110723, 'train_lr_reduce': 0.6}. Best is trial 130 with value: 0.0812772810459137.
[I 2024-12-15 23:03:44,133] Trial 772 finished with value: 0.12947672605514526 and parameters: {'mlp_n_layers': 3, 'mlp_dim_00': 208, 'mlp_dim_01': 64, 'mlp_dim_02': 208, 'hidden_channels': 32, 'num_layers': 1, 'num_timesteps': 1, 'dropout': 0.09620778405666325, 'train_learning_rate': 0.001101623802880702, 'train_lr_reduce': 0.6}. Best is trial 130 with value: 0.0812772810459137.
[I 2024-12-15 23:03:45,635] Trial 773 finished with value: 0.10634930431842804 and parameters: {'mlp_n_layers': 2, 'mlp_dim_00': 240, 'mlp_dim_01': 160, 'hidden_channels': 32, 'num_layers': 2, 'num_timesteps': 3, 'dropout': 0.1394942774430421, 'train_learning_rate': 0.005738779769034887, 'train_lr_reduce': 0.6}. Best is trial 130 with value: 0.0812772810459137.
[I 2024-12-15 23:03:52,035] Trial 771 finished with value: 0.1724933683872223 and parameters: {'mlp_n_layers': 4, 'mlp_dim_00': 208, 'mlp_dim_01': 80, 'mlp_dim_02': 176, 'mlp_dim_03': 192, 'hidden_channels': 128, 'num_layers': 4, 'num_timesteps': 4, 'dropout': 0.026210167822735123, 'train_learning_rate': 0.00014525015923956528, 'train_lr_reduce': 0.6}. Best is trial 130 with value: 0.0812772810459137.
[I 2024-12-15 23:03:54,812] Trial 775 finished with value: 0.1137193962931633 and parameters: {'mlp_n_layers': 2, 'mlp_dim_00': 192, 'mlp_dim_01': 208, 'hidden_channels': 112, 'num_layers': 1, 'num_timesteps': 2, 'dropout': 0.2121808900844902, 'train_learning_rate': 0.0026444926224123777, 'train_lr_reduce': 0.6}. Best is trial 130 with value: 0.0812772810459137.
[I 2024-12-15 23:03:56,953] Trial 774 finished with value: 0.10099063068628311 and parameters: {'mlp_n_layers': 2, 'mlp_dim_00': 176, 'mlp_dim_01': 176, 'hidden_channels': 96, 'num_layers': 1, 'num_timesteps': 2, 'dropout': 0.24004189405157372, 'train_learning_rate': 0.00655314765873631, 'train_lr_reduce': 0.6}. Best is trial 130 with value: 0.0812772810459137.
[I 2024-12-15 23:04:08,202] Trial 778 finished with value: 0.1149372011423111 and parameters: {'mlp_n_layers': 3, 'mlp_dim_00': 160, 'mlp_dim_01': 144, 'mlp_dim_02': 240, 'hidden_channels': 128, 'num_layers': 2, 'num_timesteps': 2, 'dropout': 0.2391359332232842, 'train_learning_rate': 0.002411944522237107, 'train_lr_reduce': 0.6}. Best is trial 130 with value: 0.0812772810459137.
[I 2024-12-15 23:04:11,888] Trial 776 finished with value: 0.12489378452301025 and parameters: {'mlp_n_layers': 4, 'mlp_dim_00': 256, 'mlp_dim_01': 144, 'mlp_dim_02': 160, 'mlp_dim_03': 64, 'hidden_channels': 48, 'num_layers': 1, 'num_timesteps': 2, 'dropout': 0.2427435912913134, 'train_learning_rate': 0.0007769889626487571, 'train_lr_reduce': 0.6}. Best is trial 130 with value: 0.0812772810459137.
[I 2024-12-15 23:04:16,194] Trial 777 finished with value: 0.11626696586608887 and parameters: {'mlp_n_layers': 2, 'mlp_dim_00': 224, 'mlp_dim_01': 176, 'hidden_channels': 48, 'num_layers': 2, 'num_timesteps': 3, 'dropout': 0.14925156592012934, 'train_learning_rate': 0.008337591183591135, 'train_lr_reduce': 0.6}. Best is trial 130 with value: 0.0812772810459137.
[I 2024-12-15 23:04:23,342] Trial 779 finished with value: 0.10614760220050812 and parameters: {'mlp_n_layers': 2, 'mlp_dim_00': 256, 'mlp_dim_01': 176, 'hidden_channels': 80, 'num_layers': 3, 'num_timesteps': 3, 'dropout': 0.2239606019487681, 'train_learning_rate': 0.004741076781427684, 'train_lr_reduce': 0.6}. Best is trial 130 with value: 0.0812772810459137.
[I 2024-12-15 23:04:34,402] Trial 781 finished with value: 0.2147766500711441 and parameters: {'mlp_n_layers': 3, 'mlp_dim_00': 176, 'mlp_dim_01': 208, 'mlp_dim_02': 64, 'hidden_channels': 160, 'num_layers': 1, 'num_timesteps': 2, 'dropout': 0.2519802378714416, 'train_learning_rate': 0.006560491811905725, 'train_lr_reduce': 0.6}. Best is trial 130 with value: 0.0812772810459137.
[I 2024-12-15 23:04:34,840] Trial 780 finished with value: 0.10324566811323166 and parameters: {'mlp_n_layers': 2, 'mlp_dim_00': 256, 'mlp_dim_01': 64, 'hidden_channels': 96, 'num_layers': 2, 'num_timesteps': 3, 'dropout': 0.2663353306481189, 'train_learning_rate': 0.009835864764245975, 'train_lr_reduce': 0.6}. Best is trial 130 with value: 0.0812772810459137.
[I 2024-12-15 23:04:37,975] Trial 782 finished with value: 0.12242844700813293 and parameters: {'mlp_n_layers': 2, 'mlp_dim_00': 96, 'mlp_dim_01': 192, 'hidden_channels': 48, 'num_layers': 3, 'num_timesteps': 3, 'dropout': 0.07373317788046718, 'train_learning_rate': 0.003549625963751314, 'train_lr_reduce': 0.6}. Best is trial 130 with value: 0.0812772810459137.
[I 2024-12-15 23:04:49,461] Trial 783 finished with value: 0.11813674867153168 and parameters: {'mlp_n_layers': 3, 'mlp_dim_00': 192, 'mlp_dim_01': 240, 'mlp_dim_02': 176, 'hidden_channels': 80, 'num_layers': 1, 'num_timesteps': 2, 'dropout': 0.22885324076849992, 'train_learning_rate': 0.008621931904738816, 'train_lr_reduce': 0.6}. Best is trial 130 with value: 0.0812772810459137.
[I 2024-12-15 23:04:53,521] Trial 785 finished with value: 0.09103094041347504 and parameters: {'mlp_n_layers': 2, 'mlp_dim_00': 256, 'mlp_dim_01': 208, 'hidden_channels': 32, 'num_layers': 3, 'num_timesteps': 3, 'dropout': 0.21350557442155702, 'train_learning_rate': 0.00508670405617571, 'train_lr_reduce': 0.6}. Best is trial 130 with value: 0.0812772810459137.
[I 2024-12-15 23:04:56,389] Trial 784 finished with value: 0.11857815086841583 and parameters: {'mlp_n_layers': 3, 'mlp_dim_00': 208, 'mlp_dim_01': 192, 'mlp_dim_02': 160, 'hidden_channels': 96, 'num_layers': 2, 'num_timesteps': 2, 'dropout': 0.2680405370268869, 'train_learning_rate': 0.008681635307193483, 'train_lr_reduce': 0.6}. Best is trial 130 with value: 0.0812772810459137.
[I 2024-12-15 23:05:11,510] Trial 787 finished with value: 0.11343494057655334 and parameters: {'mlp_n_layers': 2, 'mlp_dim_00': 64, 'mlp_dim_01': 208, 'hidden_channels': 48, 'num_layers': 2, 'num_timesteps': 4, 'dropout': 0.07690751154943787, 'train_learning_rate': 0.0030937010368875854, 'train_lr_reduce': 0.6}. Best is trial 130 with value: 0.0812772810459137.
[I 2024-12-15 23:05:19,211] Trial 786 finished with value: 0.20736072957515717 and parameters: {'mlp_n_layers': 4, 'mlp_dim_00': 80, 'mlp_dim_01': 64, 'mlp_dim_02': 96, 'mlp_dim_03': 144, 'hidden_channels': 192, 'num_layers': 3, 'num_timesteps': 3, 'dropout': 0.19020848544252977, 'train_learning_rate': 0.00015264202851513676, 'train_lr_reduce': 0.6}. Best is trial 130 with value: 0.0812772810459137.
[I 2024-12-15 23:05:20,037] Trial 788 finished with value: 0.16695167124271393 and parameters: {'mlp_n_layers': 2, 'mlp_dim_00': 192, 'mlp_dim_01': 240, 'hidden_channels': 96, 'num_layers': 4, 'num_timesteps': 2, 'dropout': 0.16300553966580406, 'train_learning_rate': 0.00973682669900156, 'train_lr_reduce': 0.6}. Best is trial 130 with value: 0.0812772810459137.
[I 2024-12-15 23:05:23,222] Trial 789 finished with value: 0.10358069837093353 and parameters: {'mlp_n_layers': 2, 'mlp_dim_00': 256, 'mlp_dim_01': 208, 'hidden_channels': 48, 'num_layers': 3, 'num_timesteps': 2, 'dropout': 0.20990724328062013, 'train_learning_rate': 0.004563288661047858, 'train_lr_reduce': 0.6}. Best is trial 130 with value: 0.0812772810459137.
[I 2024-12-15 23:05:31,226] Trial 791 finished with value: 0.1271837204694748 and parameters: {'mlp_n_layers': 2, 'mlp_dim_00': 224, 'mlp_dim_01': 96, 'hidden_channels': 80, 'num_layers': 3, 'num_timesteps': 3, 'dropout': 0.2696091793745698, 'train_learning_rate': 0.0063428863684298785, 'train_lr_reduce': 0.6}. Best is trial 130 with value: 0.0812772810459137.
[I 2024-12-15 23:05:37,414] Trial 792 finished with value: 0.09710460901260376 and parameters: {'mlp_n_layers': 2, 'mlp_dim_00': 224, 'mlp_dim_01': 176, 'hidden_channels': 32, 'num_layers': 3, 'num_timesteps': 3, 'dropout': 0.18721320379916753, 'train_learning_rate': 0.008550723936016235, 'train_lr_reduce': 0.6}. Best is trial 130 with value: 0.0812772810459137.
[I 2024-12-15 23:05:40,259] Trial 790 finished with value: 0.17346841096878052 and parameters: {'mlp_n_layers': 4, 'mlp_dim_00': 128, 'mlp_dim_01': 208, 'mlp_dim_02': 208, 'mlp_dim_03': 256, 'hidden_channels': 32, 'num_layers': 1, 'num_timesteps': 2, 'dropout': 0.08890799852869496, 'train_learning_rate': 0.00017407505214489836, 'train_lr_reduce': 0.6}. Best is trial 130 with value: 0.0812772810459137.
[I 2024-12-15 23:05:44,350] Trial 793 finished with value: 0.11703681945800781 and parameters: {'mlp_n_layers': 2, 'mlp_dim_00': 256, 'mlp_dim_01': 240, 'hidden_channels': 48, 'num_layers': 3, 'num_timesteps': 4, 'dropout': 0.2359213340418129, 'train_learning_rate': 0.006491961094957629, 'train_lr_reduce': 0.6}. Best is trial 130 with value: 0.0812772810459137.
[I 2024-12-15 23:05:56,711] Trial 795 finished with value: 0.18368855118751526 and parameters: {'mlp_n_layers': 3, 'mlp_dim_00': 48, 'mlp_dim_01': 112, 'mlp_dim_02': 32, 'hidden_channels': 240, 'num_layers': 3, 'num_timesteps': 1, 'dropout': 0.05408395380182275, 'train_learning_rate': 0.008117438130220832, 'train_lr_reduce': 0.6}. Best is trial 130 with value: 0.0812772810459137.
[I 2024-12-15 23:05:59,664] Trial 794 finished with value: 0.11863820999860764 and parameters: {'mlp_n_layers': 4, 'mlp_dim_00': 224, 'mlp_dim_01': 176, 'mlp_dim_02': 256, 'mlp_dim_03': 224, 'hidden_channels': 80, 'num_layers': 2, 'num_timesteps': 4, 'dropout': 0.019684049741162113, 'train_learning_rate': 0.0004720708366233138, 'train_lr_reduce': 0.6}. Best is trial 130 with value: 0.0812772810459137.
[I 2024-12-15 23:06:04,495] Trial 796 finished with value: 0.11085239052772522 and parameters: {'mlp_n_layers': 2, 'mlp_dim_00': 240, 'mlp_dim_01': 208, 'hidden_channels': 48, 'num_layers': 3, 'num_timesteps': 4, 'dropout': 0.15661738751880924, 'train_learning_rate': 0.0034427209124232284, 'train_lr_reduce': 0.6}. Best is trial 130 with value: 0.0812772810459137.
[I 2024-12-15 23:06:11,740] Trial 798 finished with value: 0.09511003643274307 and parameters: {'mlp_n_layers': 3, 'mlp_dim_00': 240, 'mlp_dim_01': 208, 'mlp_dim_02': 208, 'hidden_channels': 32, 'num_layers': 1, 'num_timesteps': 2, 'dropout': 0.24852745564298245, 'train_learning_rate': 0.005860279475395474, 'train_lr_reduce': 0.6}. Best is trial 130 with value: 0.0812772810459137.
[I 2024-12-15 23:06:13,501] Trial 797 finished with value: 0.13960716128349304 and parameters: {'mlp_n_layers': 2, 'mlp_dim_00': 80, 'mlp_dim_01': 240, 'hidden_channels': 256, 'num_layers': 3, 'num_timesteps': 1, 'dropout': 0.0028764911868295606, 'train_learning_rate': 0.0005383932069999603, 'train_lr_reduce': 0.6}. Best is trial 130 with value: 0.0812772810459137.
[I 2024-12-15 23:06:19,184] Trial 799 finished with value: 0.11179029941558838 and parameters: {'mlp_n_layers': 2, 'mlp_dim_00': 192, 'mlp_dim_01': 208, 'hidden_channels': 64, 'num_layers': 3, 'num_timesteps': 4, 'dropout': 0.22371682971566922, 'train_learning_rate': 0.004088441570101529, 'train_lr_reduce': 0.6}. Best is trial 130 with value: 0.0812772810459137.
[I 2024-12-15 23:06:22,839] Trial 800 finished with value: 0.12338973581790924 and parameters: {'mlp_n_layers': 2, 'mlp_dim_00': 144, 'mlp_dim_01': 176, 'hidden_channels': 224, 'num_layers': 2, 'num_timesteps': 2, 'dropout': 0.0791078709445511, 'train_learning_rate': 0.00182621120890739, 'train_lr_reduce': 0.6}. Best is trial 130 with value: 0.0812772810459137.
[I 2024-12-15 23:06:25,451] Trial 801 finished with value: 0.12353000044822693 and parameters: {'mlp_n_layers': 2, 'mlp_dim_00': 48, 'mlp_dim_01': 160, 'hidden_channels': 32, 'num_layers': 2, 'num_timesteps': 4, 'dropout': 0.06802990003012509, 'train_learning_rate': 0.00560545009418887, 'train_lr_reduce': 0.6}. Best is trial 130 with value: 0.0812772810459137.
[I 2024-12-15 23:06:31,702] Trial 802 finished with value: 0.12148012220859528 and parameters: {'mlp_n_layers': 2, 'mlp_dim_00': 224, 'mlp_dim_01': 256, 'hidden_channels': 48, 'num_layers': 3, 'num_timesteps': 3, 'dropout': 0.20556785435556132, 'train_learning_rate': 0.00512968252782958, 'train_lr_reduce': 0.6}. Best is trial 130 with value: 0.0812772810459137.
[I 2024-12-15 23:06:43,326] Trial 803 finished with value: 0.12060585618019104 and parameters: {'mlp_n_layers': 2, 'mlp_dim_00': 224, 'mlp_dim_01': 112, 'hidden_channels': 208, 'num_layers': 3, 'num_timesteps': 1, 'dropout': 0.29852062235656746, 'train_learning_rate': 0.009189640106547787, 'train_lr_reduce': 0.6}. Best is trial 130 with value: 0.0812772810459137.
[I 2024-12-15 23:06:43,439] Trial 804 finished with value: 0.13613593578338623 and parameters: {'mlp_n_layers': 2, 'mlp_dim_00': 208, 'mlp_dim_01': 208, 'hidden_channels': 112, 'num_layers': 4, 'num_timesteps': 4, 'dropout': 0.11171107081477918, 'train_learning_rate': 0.008718828991500609, 'train_lr_reduce': 0.6}. Best is trial 130 with value: 0.0812772810459137.
[I 2024-12-15 23:06:44,138] Trial 805 finished with value: 0.11380313336849213 and parameters: {'mlp_n_layers': 2, 'mlp_dim_00': 176, 'mlp_dim_01': 240, 'hidden_channels': 32, 'num_layers': 3, 'num_timesteps': 3, 'dropout': 0.21954120002688, 'train_learning_rate': 0.006258777383992529, 'train_lr_reduce': 0.6}. Best is trial 130 with value: 0.0812772810459137.
[I 2024-12-15 23:07:01,246] Trial 808 finished with value: 0.16921117901802063 and parameters: {'mlp_n_layers': 4, 'mlp_dim_00': 64, 'mlp_dim_01': 112, 'mlp_dim_02': 192, 'mlp_dim_03': 256, 'hidden_channels': 160, 'num_layers': 1, 'num_timesteps': 4, 'dropout': 0.19382718273547903, 'train_learning_rate': 0.0006521742745640162, 'train_lr_reduce': 0.6}. Best is trial 130 with value: 0.0812772810459137.
[I 2024-12-15 23:07:10,527] Trial 806 finished with value: 0.12572509050369263 and parameters: {'mlp_n_layers': 2, 'mlp_dim_00': 256, 'mlp_dim_01': 128, 'hidden_channels': 192, 'num_layers': 3, 'num_timesteps': 2, 'dropout': 0.23167802202887045, 'train_learning_rate': 0.007304734422158715, 'train_lr_reduce': 0.6}. Best is trial 130 with value: 0.0812772810459137.
[I 2024-12-15 23:07:16,076] Trial 807 finished with value: 0.19535945355892181 and parameters: {'mlp_n_layers': 2, 'mlp_dim_00': 240, 'mlp_dim_01': 80, 'hidden_channels': 96, 'num_layers': 4, 'num_timesteps': 4, 'dropout': 0.17039656359119898, 'train_learning_rate': 0.00015752191172135652, 'train_lr_reduce': 0.6}. Best is trial 130 with value: 0.0812772810459137.
[I 2024-12-15 23:07:18,038] Trial 810 finished with value: 0.656898021697998 and parameters: {'mlp_n_layers': 4, 'mlp_dim_00': 256, 'mlp_dim_01': 240, 'mlp_dim_02': 224, 'mlp_dim_03': 224, 'hidden_channels': 112, 'num_layers': 3, 'num_timesteps': 1, 'dropout': 0.056680879734167564, 'train_learning_rate': 0.006150145913419038, 'train_lr_reduce': 0.6}. Best is trial 130 with value: 0.0812772810459137.
[I 2024-12-15 23:07:21,924] Trial 809 finished with value: 0.13999289274215698 and parameters: {'mlp_n_layers': 4, 'mlp_dim_00': 176, 'mlp_dim_01': 176, 'mlp_dim_02': 176, 'mlp_dim_03': 208, 'hidden_channels': 192, 'num_layers': 4, 'num_timesteps': 3, 'dropout': 0.28576608599002884, 'train_learning_rate': 0.00282624236234744, 'train_lr_reduce': 0.6}. Best is trial 130 with value: 0.0812772810459137.
[I 2024-12-15 23:07:26,910] Trial 811 finished with value: 0.11090663075447083 and parameters: {'mlp_n_layers': 2, 'mlp_dim_00': 208, 'mlp_dim_01': 192, 'hidden_channels': 80, 'num_layers': 1, 'num_timesteps': 2, 'dropout': 0.28769111316802615, 'train_learning_rate': 0.001971947326286016, 'train_lr_reduce': 0.6}. Best is trial 130 with value: 0.0812772810459137.
[I 2024-12-15 23:07:29,167] Trial 812 finished with value: 0.10866539925336838 and parameters: {'mlp_n_layers': 2, 'mlp_dim_00': 208, 'mlp_dim_01': 96, 'hidden_channels': 64, 'num_layers': 1, 'num_timesteps': 4, 'dropout': 0.17847426296159313, 'train_learning_rate': 0.004599764387522356, 'train_lr_reduce': 0.6}. Best is trial 130 with value: 0.0812772810459137.
[I 2024-12-15 23:07:32,085] Trial 813 finished with value: 0.10362245887517929 and parameters: {'mlp_n_layers': 2, 'mlp_dim_00': 144, 'mlp_dim_01': 176, 'hidden_channels': 64, 'num_layers': 2, 'num_timesteps': 3, 'dropout': 0.20384281771470628, 'train_learning_rate': 0.006511632057245896, 'train_lr_reduce': 0.6}. Best is trial 130 with value: 0.0812772810459137.
[I 2024-12-15 23:07:39,529] Trial 814 finished with value: 0.11160390079021454 and parameters: {'mlp_n_layers': 2, 'mlp_dim_00': 256, 'mlp_dim_01': 176, 'hidden_channels': 64, 'num_layers': 2, 'num_timesteps': 4, 'dropout': 0.20199113689339415, 'train_learning_rate': 0.007943759400237489, 'train_lr_reduce': 0.6}. Best is trial 130 with value: 0.0812772810459137.
