[I 2024-12-19 20:27:39,259] Trial 1430 finished with value: 0.1275128424167633 and parameters: {'mlp_n_layers': 3, 'mlp_dim_00': 225, 'mlp_dim_01': 242, 'mlp_dim_02': 468, 'node_hidden_dim': 100, 'edge_hidden_dim': 80, 'depth': 1, 'rep_dropout': 0.12690972422490257, 'train_learning_rate': 0.000954293511449254, 'train_lr_reduce': 0.6}. Best is trial 122 with value: 0.09548358619213104.
[I 2024-12-19 20:27:39,275] Trial 1431 finished with value: 0.18699641525745392 and parameters: {'mlp_n_layers': 3, 'mlp_dim_00': 454, 'mlp_dim_01': 354, 'mlp_dim_02': 214, 'node_hidden_dim': 77, 'edge_hidden_dim': 48, 'depth': 1, 'rep_dropout': 0.12003410048029874, 'train_learning_rate': 0.0006932471864015002, 'train_lr_reduce': 0.6}. Best is trial 122 with value: 0.09548358619213104.
[I 2024-12-19 20:27:44,616] Trial 1434 finished with value: 1.6781877279281616 and parameters: {'mlp_n_layers': 4, 'mlp_dim_00': 487, 'mlp_dim_01': 402, 'mlp_dim_02': 420, 'mlp_dim_03': 376, 'node_hidden_dim': 87, 'edge_hidden_dim': 55, 'depth': 1, 'rep_dropout': 0.09834675591785531, 'train_learning_rate': 0.00029097427096924243, 'train_lr_reduce': 0.6}. Best is trial 122 with value: 0.09548358619213104.
[I 2024-12-19 20:27:44,873] Trial 1435 finished with value: 1.681198239326477 and parameters: {'mlp_n_layers': 4, 'mlp_dim_00': 492, 'mlp_dim_01': 363, 'mlp_dim_02': 512, 'mlp_dim_03': 352, 'node_hidden_dim': 62, 'edge_hidden_dim': 54, 'depth': 2, 'rep_dropout': 0.0754996728063029, 'train_learning_rate': 0.00043786206053464475, 'train_lr_reduce': 0.6}. Best is trial 122 with value: 0.09548358619213104.
[I 2024-12-19 20:27:50,115] Trial 1436 finished with value: 1.625903606414795 and parameters: {'mlp_n_layers': 1, 'mlp_dim_00': 196, 'node_hidden_dim': 97, 'edge_hidden_dim': 51, 'depth': 4, 'rep_dropout': 0.08066049681547086, 'train_learning_rate': 0.003589249848168359, 'train_lr_reduce': 0.6}. Best is trial 122 with value: 0.09548358619213104.
[I 2024-12-19 20:27:55,129] Trial 1433 finished with value: 0.10552921891212463 and parameters: {'mlp_n_layers': 4, 'mlp_dim_00': 184, 'mlp_dim_01': 293, 'mlp_dim_02': 509, 'mlp_dim_03': 478, 'node_hidden_dim': 82, 'edge_hidden_dim': 61, 'depth': 1, 'rep_dropout': 0.10394555247396728, 'train_learning_rate': 0.0006270886875224161, 'train_lr_reduce': 0.6}. Best is trial 122 with value: 0.09548358619213104.
[I 2024-12-19 20:28:09,933] Trial 1437 finished with value: 0.31777217984199524 and parameters: {'mlp_n_layers': 4, 'mlp_dim_00': 255, 'mlp_dim_01': 321, 'mlp_dim_02': 443, 'mlp_dim_03': 438, 'node_hidden_dim': 125, 'edge_hidden_dim': 52, 'depth': 1, 'rep_dropout': 0.11601645215384504, 'train_learning_rate': 0.0031441992106023033, 'train_lr_reduce': 0.6}. Best is trial 122 with value: 0.09548358619213104.
[I 2024-12-19 20:28:15,991] Trial 1440 finished with value: 1.6477056741714478 and parameters: {'mlp_n_layers': 4, 'mlp_dim_00': 405, 'mlp_dim_01': 407, 'mlp_dim_02': 469, 'mlp_dim_03': 442, 'node_hidden_dim': 46, 'edge_hidden_dim': 47, 'depth': 2, 'rep_dropout': 0.07705809920950728, 'train_learning_rate': 0.004049466719454359, 'train_lr_reduce': 0.6}. Best is trial 122 with value: 0.09548358619213104.
[I 2024-12-19 20:28:37,572] Trial 1438 finished with value: 0.10514842718839645 and parameters: {'mlp_n_layers': 4, 'mlp_dim_00': 97, 'mlp_dim_01': 387, 'mlp_dim_02': 473, 'mlp_dim_03': 480, 'node_hidden_dim': 96, 'edge_hidden_dim': 67, 'depth': 1, 'rep_dropout': 0.11395132545118561, 'train_learning_rate': 0.00037276301972456543, 'train_lr_reduce': 0.6}. Best is trial 122 with value: 0.09548358619213104.
[I 2024-12-19 20:28:42,909] Trial 1442 finished with value: 1.6682548522949219 and parameters: {'mlp_n_layers': 2, 'mlp_dim_00': 410, 'mlp_dim_01': 258, 'node_hidden_dim': 61, 'edge_hidden_dim': 68, 'depth': 3, 'rep_dropout': 0.004631950512125851, 'train_learning_rate': 0.0004118621194505714, 'train_lr_reduce': 0.6}. Best is trial 122 with value: 0.09548358619213104.
[I 2024-12-19 20:28:44,585] Trial 1439 finished with value: 0.3722694218158722 and parameters: {'mlp_n_layers': 4, 'mlp_dim_00': 200, 'mlp_dim_01': 291, 'mlp_dim_02': 411, 'mlp_dim_03': 404, 'node_hidden_dim': 79, 'edge_hidden_dim': 61, 'depth': 1, 'rep_dropout': 0.0832454528448967, 'train_learning_rate': 0.00021837701381678624, 'train_lr_reduce': 0.6}. Best is trial 122 with value: 0.09548358619213104.
[I 2024-12-19 20:28:49,407] Trial 1444 finished with value: 1.6793886423110962 and parameters: {'mlp_n_layers': 4, 'mlp_dim_00': 196, 'mlp_dim_01': 320, 'mlp_dim_02': 424, 'mlp_dim_03': 511, 'node_hidden_dim': 106, 'edge_hidden_dim': 68, 'depth': 1, 'rep_dropout': 0.11095996260816758, 'train_learning_rate': 0.0004346227077936483, 'train_lr_reduce': 0.6}. Best is trial 122 with value: 0.09548358619213104.
[I 2024-12-19 20:28:51,091] Trial 1443 finished with value: 1.5375372171401978 and parameters: {'mlp_n_layers': 1, 'mlp_dim_00': 340, 'node_hidden_dim': 78, 'edge_hidden_dim': 34, 'depth': 3, 'rep_dropout': 0.09355311831249585, 'train_learning_rate': 0.009199837008361161, 'train_lr_reduce': 0.6}. Best is trial 122 with value: 0.09548358619213104.
[I 2024-12-19 20:28:55,045] Trial 1445 finished with value: 1.6811684370040894 and parameters: {'mlp_n_layers': 4, 'mlp_dim_00': 179, 'mlp_dim_01': 404, 'mlp_dim_02': 512, 'mlp_dim_03': 352, 'node_hidden_dim': 76, 'edge_hidden_dim': 54, 'depth': 2, 'rep_dropout': 0.11514056478335148, 'train_learning_rate': 0.00040340317408823367, 'train_lr_reduce': 0.6}. Best is trial 122 with value: 0.09548358619213104.
[I 2024-12-19 20:28:57,457] Trial 1441 finished with value: 0.11186590045690536 and parameters: {'mlp_n_layers': 4, 'mlp_dim_00': 211, 'mlp_dim_01': 355, 'mlp_dim_02': 414, 'mlp_dim_03': 482, 'node_hidden_dim': 84, 'edge_hidden_dim': 57, 'depth': 1, 'rep_dropout': 0.09533728009239105, 'train_learning_rate': 0.001462497221462814, 'train_lr_reduce': 0.6}. Best is trial 122 with value: 0.09548358619213104.
[I 2024-12-19 20:29:22,973] Trial 1448 finished with value: 0.19896836578845978 and parameters: {'mlp_n_layers': 3, 'mlp_dim_00': 485, 'mlp_dim_01': 326, 'mlp_dim_02': 219, 'node_hidden_dim': 95, 'edge_hidden_dim': 56, 'depth': 1, 'rep_dropout': 0.1141039377505798, 'train_learning_rate': 0.0006785712694566121, 'train_lr_reduce': 0.6}. Best is trial 122 with value: 0.09548358619213104.
[I 2024-12-19 20:29:29,815] Trial 1449 finished with value: 1.6785271167755127 and parameters: {'mlp_n_layers': 4, 'mlp_dim_00': 499, 'mlp_dim_01': 383, 'mlp_dim_02': 512, 'mlp_dim_03': 443, 'node_hidden_dim': 80, 'edge_hidden_dim': 49, 'depth': 1, 'rep_dropout': 0.11118520515668391, 'train_learning_rate': 0.00045688555463116275, 'train_lr_reduce': 0.6}. Best is trial 122 with value: 0.09548358619213104.
[I 2024-12-19 20:29:35,213] Trial 1446 finished with value: 0.12799055874347687 and parameters: {'mlp_n_layers': 4, 'mlp_dim_00': 258, 'mlp_dim_01': 354, 'mlp_dim_02': 473, 'mlp_dim_03': 404, 'node_hidden_dim': 104, 'edge_hidden_dim': 71, 'depth': 1, 'rep_dropout': 0.09452790475165836, 'train_learning_rate': 0.000877785584627549, 'train_lr_reduce': 0.6}. Best is trial 122 with value: 0.09548358619213104.
[I 2024-12-19 20:29:35,630] Trial 1450 finished with value: 1.6449356079101562 and parameters: {'mlp_n_layers': 4, 'mlp_dim_00': 313, 'mlp_dim_01': 429, 'mlp_dim_02': 437, 'mlp_dim_03': 478, 'node_hidden_dim': 80, 'edge_hidden_dim': 45, 'depth': 1, 'rep_dropout': 0.10184196638456822, 'train_learning_rate': 0.0013361272240421755, 'train_lr_reduce': 0.6}. Best is trial 122 with value: 0.09548358619213104.
[I 2024-12-19 20:29:40,263] Trial 1451 finished with value: 1.6806128025054932 and parameters: {'mlp_n_layers': 4, 'mlp_dim_00': 309, 'mlp_dim_01': 293, 'mlp_dim_02': 408, 'mlp_dim_03': 393, 'node_hidden_dim': 83, 'edge_hidden_dim': 85, 'depth': 2, 'rep_dropout': 0.09066447384288506, 'train_learning_rate': 0.0003696526435117571, 'train_lr_reduce': 0.6}. Best is trial 122 with value: 0.09548358619213104.
[I 2024-12-19 20:29:41,112] Trial 1452 finished with value: 1.606351613998413 and parameters: {'mlp_n_layers': 1, 'mlp_dim_00': 169, 'node_hidden_dim': 107, 'edge_hidden_dim': 116, 'depth': 4, 'rep_dropout': 0.05060059738561249, 'train_learning_rate': 0.007698848225191951, 'train_lr_reduce': 0.6}. Best is trial 122 with value: 0.09548358619213104.
[I 2024-12-19 20:29:43,564] Trial 1447 finished with value: 0.31120985746383667 and parameters: {'mlp_n_layers': 4, 'mlp_dim_00': 177, 'mlp_dim_01': 421, 'mlp_dim_02': 384, 'mlp_dim_03': 445, 'node_hidden_dim': 55, 'edge_hidden_dim': 72, 'depth': 2, 'rep_dropout': 0.09043884193585851, 'train_learning_rate': 0.0004769349216349569, 'train_lr_reduce': 0.6}. Best is trial 122 with value: 0.09548358619213104.
[I 2024-12-19 20:29:44,764] Trial 1453 finished with value: 1.6863209009170532 and parameters: {'mlp_n_layers': 4, 'mlp_dim_00': 501, 'mlp_dim_01': 360, 'mlp_dim_02': 380, 'mlp_dim_03': 479, 'node_hidden_dim': 46, 'edge_hidden_dim': 64, 'depth': 1, 'rep_dropout': 0.11093688603738507, 'train_learning_rate': 0.00020156626444373135, 'train_lr_reduce': 0.6}. Best is trial 122 with value: 0.09548358619213104.
[I 2024-12-19 20:29:45,647] Trial 1454 finished with value: 1.6748160123825073 and parameters: {'mlp_n_layers': 4, 'mlp_dim_00': 512, 'mlp_dim_01': 408, 'mlp_dim_02': 460, 'mlp_dim_03': 346, 'node_hidden_dim': 78, 'edge_hidden_dim': 51, 'depth': 1, 'rep_dropout': 0.0735728667370863, 'train_learning_rate': 0.00016570969088038287, 'train_lr_reduce': 0.6}. Best is trial 122 with value: 0.09548358619213104.
[I 2024-12-19 20:29:50,147] Trial 1456 finished with value: 1.6677473783493042 and parameters: {'mlp_n_layers': 4, 'mlp_dim_00': 382, 'mlp_dim_01': 256, 'mlp_dim_02': 398, 'mlp_dim_03': 438, 'node_hidden_dim': 71, 'edge_hidden_dim': 40, 'depth': 2, 'rep_dropout': 0.04811681590312968, 'train_learning_rate': 0.0016843505907354003, 'train_lr_reduce': 0.6}. Best is trial 122 with value: 0.09548358619213104.
[I 2024-12-19 20:29:55,701] Trial 1458 finished with value: 1.654025673866272 and parameters: {'mlp_n_layers': 3, 'mlp_dim_00': 460, 'mlp_dim_01': 371, 'mlp_dim_02': 470, 'node_hidden_dim': 78, 'edge_hidden_dim': 42, 'depth': 1, 'rep_dropout': 0.09903189882842442, 'train_learning_rate': 0.0008930164878492682, 'train_lr_reduce': 0.6}. Best is trial 122 with value: 0.09548358619213104.
[I 2024-12-19 20:30:01,892] Trial 1459 finished with value: 1.686747431755066 and parameters: {'mlp_n_layers': 4, 'mlp_dim_00': 107, 'mlp_dim_01': 398, 'mlp_dim_02': 189, 'mlp_dim_03': 406, 'node_hidden_dim': 56, 'edge_hidden_dim': 86, 'depth': 3, 'rep_dropout': 0.005125880220302914, 'train_learning_rate': 0.00015617113400298637, 'train_lr_reduce': 0.6}. Best is trial 122 with value: 0.09548358619213104.
[I 2024-12-19 20:30:04,752] Trial 1457 finished with value: 1.233347773551941 and parameters: {'mlp_n_layers': 4, 'mlp_dim_00': 200, 'mlp_dim_01': 434, 'mlp_dim_02': 364, 'mlp_dim_03': 511, 'node_hidden_dim': 90, 'edge_hidden_dim': 78, 'depth': 2, 'rep_dropout': 0.13791089961258607, 'train_learning_rate': 0.0003265483300653971, 'train_lr_reduce': 0.6}. Best is trial 122 with value: 0.09548358619213104.
[I 2024-12-19 20:30:07,455] Trial 1460 finished with value: 1.6805548667907715 and parameters: {'mlp_n_layers': 4, 'mlp_dim_00': 464, 'mlp_dim_01': 308, 'mlp_dim_02': 442, 'mlp_dim_03': 442, 'node_hidden_dim': 63, 'edge_hidden_dim': 44, 'depth': 1, 'rep_dropout': 0.0746155294960699, 'train_learning_rate': 0.00040424598607888203, 'train_lr_reduce': 0.6}. Best is trial 122 with value: 0.09548358619213104.
[I 2024-12-19 20:30:09,511] Trial 1461 finished with value: 1.6842379570007324 and parameters: {'mlp_n_layers': 3, 'mlp_dim_00': 242, 'mlp_dim_01': 441, 'mlp_dim_02': 365, 'node_hidden_dim': 109, 'edge_hidden_dim': 76, 'depth': 2, 'rep_dropout': 0.009999308116021857, 'train_learning_rate': 0.00013857414569973207, 'train_lr_reduce': 0.6}. Best is trial 122 with value: 0.09548358619213104.
[I 2024-12-19 20:30:14,497] Trial 1463 finished with value: 1.655625343322754 and parameters: {'mlp_n_layers': 3, 'mlp_dim_00': 453, 'mlp_dim_01': 397, 'mlp_dim_02': 272, 'node_hidden_dim': 70, 'edge_hidden_dim': 58, 'depth': 1, 'rep_dropout': 0.07709380155114207, 'train_learning_rate': 0.0008537718553482305, 'train_lr_reduce': 0.6}. Best is trial 122 with value: 0.09548358619213104.
[I 2024-12-19 20:30:23,127] Trial 1455 finished with value: 0.21861441433429718 and parameters: {'mlp_n_layers': 3, 'mlp_dim_00': 165, 'mlp_dim_01': 326, 'mlp_dim_02': 511, 'node_hidden_dim': 102, 'edge_hidden_dim': 57, 'depth': 2, 'rep_dropout': 0.11615233897866986, 'train_learning_rate': 0.0015959677992130998, 'train_lr_reduce': 0.6}. Best is trial 122 with value: 0.09548358619213104.
[I 2024-12-19 20:30:50,263] Trial 1462 finished with value: 0.1111583262681961 and parameters: {'mlp_n_layers': 4, 'mlp_dim_00': 317, 'mlp_dim_01': 348, 'mlp_dim_02': 397, 'mlp_dim_03': 512, 'node_hidden_dim': 81, 'edge_hidden_dim': 55, 'depth': 1, 'rep_dropout': 0.1050241136278922, 'train_learning_rate': 0.000727775252284058, 'train_lr_reduce': 0.6}. Best is trial 122 with value: 0.09548358619213104.
[I 2024-12-19 20:30:54,973] Trial 1466 finished with value: 1.6314159631729126 and parameters: {'mlp_n_layers': 3, 'mlp_dim_00': 491, 'mlp_dim_01': 356, 'mlp_dim_02': 405, 'node_hidden_dim': 104, 'edge_hidden_dim': 56, 'depth': 1, 'rep_dropout': 0.1253323885449759, 'train_learning_rate': 0.0008916315841573424, 'train_lr_reduce': 0.6}. Best is trial 122 with value: 0.09548358619213104.
[I 2024-12-19 20:30:56,261] Trial 1464 finished with value: 0.1617441326379776 and parameters: {'mlp_n_layers': 3, 'mlp_dim_00': 282, 'mlp_dim_01': 438, 'mlp_dim_02': 351, 'node_hidden_dim': 47, 'edge_hidden_dim': 100, 'depth': 1, 'rep_dropout': 0.02135726897088592, 'train_learning_rate': 0.000500561346955504, 'train_lr_reduce': 0.6}. Best is trial 122 with value: 0.09548358619213104.
[I 2024-12-19 20:30:59,557] Trial 1467 finished with value: 1.5582008361816406 and parameters: {'mlp_n_layers': 1, 'mlp_dim_00': 91, 'node_hidden_dim': 89, 'edge_hidden_dim': 55, 'depth': 2, 'rep_dropout': 0.13076574923982204, 'train_learning_rate': 0.003874714066511485, 'train_lr_reduce': 0.6}. Best is trial 122 with value: 0.09548358619213104.
[I 2024-12-19 20:31:03,469] Trial 1465 finished with value: 0.10176122933626175 and parameters: {'mlp_n_layers': 4, 'mlp_dim_00': 404, 'mlp_dim_01': 267, 'mlp_dim_02': 469, 'mlp_dim_03': 403, 'node_hidden_dim': 80, 'edge_hidden_dim': 41, 'depth': 1, 'rep_dropout': 0.08801690592752236, 'train_learning_rate': 0.001035333593697472, 'train_lr_reduce': 0.6}. Best is trial 122 with value: 0.09548358619213104.
[I 2024-12-19 20:31:09,105] Trial 1470 finished with value: 1.6295779943466187 and parameters: {'mlp_n_layers': 4, 'mlp_dim_00': 506, 'mlp_dim_01': 385, 'mlp_dim_02': 353, 'mlp_dim_03': 472, 'node_hidden_dim': 77, 'edge_hidden_dim': 33, 'depth': 1, 'rep_dropout': 0.07413672707107574, 'train_learning_rate': 0.002066967226028365, 'train_lr_reduce': 0.6}. Best is trial 122 with value: 0.09548358619213104.
[I 2024-12-19 20:31:41,267] Trial 1469 finished with value: 0.10042140632867813 and parameters: {'mlp_n_layers': 4, 'mlp_dim_00': 207, 'mlp_dim_01': 432, 'mlp_dim_02': 442, 'mlp_dim_03': 346, 'node_hidden_dim': 70, 'edge_hidden_dim': 72, 'depth': 1, 'rep_dropout': 0.11326595880982182, 'train_learning_rate': 0.0005899750189272501, 'train_lr_reduce': 0.6}. Best is trial 122 with value: 0.09548358619213104.
[I 2024-12-19 20:31:47,632] Trial 1468 finished with value: 0.6872023344039917 and parameters: {'mlp_n_layers': 3, 'mlp_dim_00': 422, 'mlp_dim_01': 307, 'mlp_dim_02': 325, 'node_hidden_dim': 98, 'edge_hidden_dim': 57, 'depth': 2, 'rep_dropout': 0.10107102276558123, 'train_learning_rate': 0.0004233573329030516, 'train_lr_reduce': 0.6}. Best is trial 122 with value: 0.09548358619213104.
[I 2024-12-19 20:31:52,670] Trial 1471 finished with value: 0.12089048326015472 and parameters: {'mlp_n_layers': 3, 'mlp_dim_00': 494, 'mlp_dim_01': 336, 'mlp_dim_02': 396, 'node_hidden_dim': 91, 'edge_hidden_dim': 67, 'depth': 1, 'rep_dropout': 0.06711078223992867, 'train_learning_rate': 0.0005916827830746854, 'train_lr_reduce': 0.6}. Best is trial 122 with value: 0.09548358619213104.
[I 2024-12-19 20:31:52,750] Trial 1473 finished with value: 1.672340989112854 and parameters: {'mlp_n_layers': 4, 'mlp_dim_00': 153, 'mlp_dim_01': 442, 'mlp_dim_02': 463, 'mlp_dim_03': 327, 'node_hidden_dim': 43, 'edge_hidden_dim': 83, 'depth': 1, 'rep_dropout': 0.1214214746953794, 'train_learning_rate': 0.0002744855031224364, 'train_lr_reduce': 0.6}. Best is trial 122 with value: 0.09548358619213104.
[I 2024-12-19 20:32:26,896] Trial 1472 finished with value: 0.09871913492679596 and parameters: {'mlp_n_layers': 4, 'mlp_dim_00': 353, 'mlp_dim_01': 445, 'mlp_dim_02': 448, 'mlp_dim_03': 335, 'node_hidden_dim': 67, 'edge_hidden_dim': 70, 'depth': 1, 'rep_dropout': 0.10076694641108615, 'train_learning_rate': 0.0003123601269753003, 'train_lr_reduce': 0.6}. Best is trial 122 with value: 0.09548358619213104.
[I 2024-12-19 20:32:40,091] Trial 1474 finished with value: 0.13500793278217316 and parameters: {'mlp_n_layers': 3, 'mlp_dim_00': 200, 'mlp_dim_01': 443, 'mlp_dim_02': 471, 'node_hidden_dim': 51, 'edge_hidden_dim': 60, 'depth': 1, 'rep_dropout': 0.10885377493083837, 'train_learning_rate': 0.0007003113892029248, 'train_lr_reduce': 0.6}. Best is trial 122 with value: 0.09548358619213104.
[I 2024-12-19 20:32:43,281] Trial 1475 finished with value: 0.14550215005874634 and parameters: {'mlp_n_layers': 4, 'mlp_dim_00': 201, 'mlp_dim_01': 433, 'mlp_dim_02': 468, 'mlp_dim_03': 328, 'node_hidden_dim': 84, 'edge_hidden_dim': 111, 'depth': 1, 'rep_dropout': 0.008039598885735827, 'train_learning_rate': 0.0006605160522334012, 'train_lr_reduce': 0.6}. Best is trial 122 with value: 0.09548358619213104.
[I 2024-12-19 20:32:46,014] Trial 1477 finished with value: 1.6546553373336792 and parameters: {'mlp_n_layers': 2, 'mlp_dim_00': 279, 'mlp_dim_01': 451, 'node_hidden_dim': 53, 'edge_hidden_dim': 109, 'depth': 4, 'rep_dropout': 0.023153249400762112, 'train_learning_rate': 0.00037736373931980863, 'train_lr_reduce': 0.6}. Best is trial 122 with value: 0.09548358619213104.
[I 2024-12-19 20:32:49,973] Trial 1478 finished with value: 1.683937430381775 and parameters: {'mlp_n_layers': 3, 'mlp_dim_00': 274, 'mlp_dim_01': 452, 'mlp_dim_02': 456, 'node_hidden_dim': 55, 'edge_hidden_dim': 78, 'depth': 1, 'rep_dropout': 0.09179175462408866, 'train_learning_rate': 0.00018238108821708225, 'train_lr_reduce': 0.6}. Best is trial 122 with value: 0.09548358619213104.
[I 2024-12-19 20:32:51,247] Trial 1479 finished with value: 1.6796514987945557 and parameters: {'mlp_n_layers': 4, 'mlp_dim_00': 341, 'mlp_dim_01': 476, 'mlp_dim_02': 440, 'mlp_dim_03': 321, 'node_hidden_dim': 69, 'edge_hidden_dim': 57, 'depth': 1, 'rep_dropout': 0.08094988596049642, 'train_learning_rate': 0.00030616591461394806, 'train_lr_reduce': 0.6}. Best is trial 122 with value: 0.09548358619213104.
[I 2024-12-19 20:32:57,123] Trial 1480 finished with value: 1.678209662437439 and parameters: {'mlp_n_layers': 4, 'mlp_dim_00': 356, 'mlp_dim_01': 446, 'mlp_dim_02': 510, 'mlp_dim_03': 325, 'node_hidden_dim': 47, 'edge_hidden_dim': 61, 'depth': 1, 'rep_dropout': 0.11097179623771253, 'train_learning_rate': 0.0004332021143008812, 'train_lr_reduce': 0.6}. Best is trial 122 with value: 0.09548358619213104.
[I 2024-12-19 20:32:59,011] Trial 1481 finished with value: 1.6661460399627686 and parameters: {'mlp_n_layers': 4, 'mlp_dim_00': 466, 'mlp_dim_01': 477, 'mlp_dim_02': 475, 'mlp_dim_03': 347, 'node_hidden_dim': 84, 'edge_hidden_dim': 57, 'depth': 2, 'rep_dropout': 0.08763379032566687, 'train_learning_rate': 0.0013137873000792757, 'train_lr_reduce': 0.6}. Best is trial 122 with value: 0.09548358619213104.
[I 2024-12-19 20:33:05,762] Trial 1483 finished with value: 1.6872566938400269 and parameters: {'mlp_n_layers': 4, 'mlp_dim_00': 306, 'mlp_dim_01': 448, 'mlp_dim_02': 437, 'mlp_dim_03': 323, 'node_hidden_dim': 44, 'edge_hidden_dim': 86, 'depth': 1, 'rep_dropout': 0.10175806816959644, 'train_learning_rate': 0.00013500247514259723, 'train_lr_reduce': 0.6}. Best is trial 122 with value: 0.09548358619213104.
[I 2024-12-19 20:33:10,999] Trial 1484 finished with value: 1.6256059408187866 and parameters: {'mlp_n_layers': 3, 'mlp_dim_00': 511, 'mlp_dim_01': 448, 'mlp_dim_02': 511, 'node_hidden_dim': 81, 'edge_hidden_dim': 65, 'depth': 1, 'rep_dropout': 0.10978705063860665, 'train_learning_rate': 0.0015329382726118823, 'train_lr_reduce': 0.6}. Best is trial 122 with value: 0.09548358619213104.
[I 2024-12-19 20:33:12,707] Trial 1476 finished with value: 0.10609813034534454 and parameters: {'mlp_n_layers': 4, 'mlp_dim_00': 451, 'mlp_dim_01': 444, 'mlp_dim_02': 470, 'mlp_dim_03': 336, 'node_hidden_dim': 77, 'edge_hidden_dim': 36, 'depth': 1, 'rep_dropout': 0.0983699840924623, 'train_learning_rate': 0.0017287307615113446, 'train_lr_reduce': 0.6}. Best is trial 122 with value: 0.09548358619213104.
[I 2024-12-19 20:33:16,475] Trial 1485 finished with value: 1.6726477146148682 and parameters: {'mlp_n_layers': 3, 'mlp_dim_00': 343, 'mlp_dim_01': 444, 'mlp_dim_02': 470, 'node_hidden_dim': 77, 'edge_hidden_dim': 79, 'depth': 2, 'rep_dropout': 0.09770209953565656, 'train_learning_rate': 0.0003895512021180953, 'train_lr_reduce': 0.6}. Best is trial 122 with value: 0.09548358619213104.
[I 2024-12-19 20:33:18,251] Trial 1486 finished with value: 1.6781469583511353 and parameters: {'mlp_n_layers': 4, 'mlp_dim_00': 458, 'mlp_dim_01': 463, 'mlp_dim_02': 438, 'mlp_dim_03': 355, 'node_hidden_dim': 82, 'edge_hidden_dim': 55, 'depth': 1, 'rep_dropout': 0.11932926459436155, 'train_learning_rate': 0.000226631156688889, 'train_lr_reduce': 0.6}. Best is trial 122 with value: 0.09548358619213104.
