[I 2024-12-24 17:49:25,500] Trial 385 finished with value: 0.024456175044178963 and parameters: {'L1_hidden_dim': 240, 'L1_layers_atom': 1, 'L1_layers_mol': 3, 'L1_dropout': 0.01747951341301586, 'L1_out_dim': 64, 'L2_hidden_dim': 240, 'L2_layers_atom': 4, 'L2_layers_mol': 3, 'L2_out_dim': 64, 'L2_dropout': 0.05889481567782738, 'L3_hidden_dim': 96, 'L3_layers_atom': 2, 'L3_layers_mol': 4, 'L3_out_dim': 128, 'L3_dropout': 0.19820809721639387, 'n_mlp_layers': 2, 'mlp_dim_0': 512, 'mlp_dim_1': 264, 'num_heads': 1, 'final_dropout': 0.046750555789228, 'train_learning_rate': 0.0019145939267574568, 'train_lr_reduce': 0.6}. Best is trial 236 with value: 0.009785382077097893.
[I 2024-12-24 17:50:18,883] Trial 384 finished with value: 0.012087241746485233 and parameters: {'L1_hidden_dim': 208, 'L1_layers_atom': 2, 'L1_layers_mol': 2, 'L1_dropout': 0.10121877824486832, 'L1_out_dim': 96, 'L2_hidden_dim': 224, 'L2_layers_atom': 4, 'L2_layers_mol': 1, 'L2_out_dim': 112, 'L2_dropout': 0.08050005105782637, 'L3_hidden_dim': 128, 'L3_layers_atom': 3, 'L3_layers_mol': 4, 'L3_out_dim': 32, 'L3_dropout': 0.1937797751375622, 'n_mlp_layers': 3, 'mlp_dim_0': 392, 'mlp_dim_1': 280, 'mlp_dim_2': 40, 'num_heads': 1, 'final_dropout': 0.13653631546640377, 'train_learning_rate': 0.0007666161562409951, 'train_lr_reduce': 0.6}. Best is trial 236 with value: 0.009785382077097893.
[I 2024-12-24 17:51:13,272] Trial 386 finished with value: 0.01011112704873085 and parameters: {'L1_hidden_dim': 144, 'L1_layers_atom': 1, 'L1_layers_mol': 3, 'L1_dropout': 0.015041492645274039, 'L1_out_dim': 96, 'L2_hidden_dim': 144, 'L2_layers_atom': 4, 'L2_layers_mol': 1, 'L2_out_dim': 112, 'L2_dropout': 0.007819852155932566, 'L3_hidden_dim': 80, 'L3_layers_atom': 3, 'L3_layers_mol': 3, 'L3_out_dim': 64, 'L3_dropout': 0.21616894633179815, 'n_mlp_layers': 2, 'mlp_dim_0': 488, 'mlp_dim_1': 240, 'num_heads': 1, 'final_dropout': 0.08064433375878147, 'train_learning_rate': 0.00023193471688508959, 'train_lr_reduce': 0.6}. Best is trial 236 with value: 0.009785382077097893.
[I 2024-12-24 17:51:50,758] Trial 387 finished with value: 0.013188550248742104 and parameters: {'L1_hidden_dim': 176, 'L1_layers_atom': 2, 'L1_layers_mol': 2, 'L1_dropout': 0.09279414675799105, 'L1_out_dim': 96, 'L2_hidden_dim': 176, 'L2_layers_atom': 4, 'L2_layers_mol': 1, 'L2_out_dim': 128, 'L2_dropout': 0.024703068822869014, 'L3_hidden_dim': 128, 'L3_layers_atom': 2, 'L3_layers_mol': 3, 'L3_out_dim': 32, 'L3_dropout': 0.25910614400409104, 'n_mlp_layers': 3, 'mlp_dim_0': 344, 'mlp_dim_1': 216, 'mlp_dim_2': 72, 'num_heads': 1, 'final_dropout': 0.031812645444023166, 'train_learning_rate': 0.00011002120849854953, 'train_lr_reduce': 0.6}. Best is trial 236 with value: 0.009785382077097893.
[I 2024-12-24 17:52:40,942] Trial 388 finished with value: 0.010920042172074318 and parameters: {'L1_hidden_dim': 224, 'L1_layers_atom': 4, 'L1_layers_mol': 2, 'L1_dropout': 0.006970200992003947, 'L1_out_dim': 64, 'L2_hidden_dim': 96, 'L2_layers_atom': 4, 'L2_layers_mol': 3, 'L2_out_dim': 112, 'L2_dropout': 0.059474262572086864, 'L3_hidden_dim': 80, 'L3_layers_atom': 3, 'L3_layers_mol': 3, 'L3_out_dim': 64, 'L3_dropout': 0.16310235642694265, 'n_mlp_layers': 1, 'mlp_dim_0': 256, 'num_heads': 2, 'final_dropout': 0.11065807921823337, 'train_learning_rate': 0.0014691685769205106, 'train_lr_reduce': 0.6}. Best is trial 236 with value: 0.009785382077097893.
[I 2024-12-24 17:53:01,302] Trial 390 finished with value: 0.08615382015705109 and parameters: {'L1_hidden_dim': 208, 'L1_layers_atom': 3, 'L1_layers_mol': 3, 'L1_dropout': 0.0100452797815438, 'L1_out_dim': 64, 'L2_hidden_dim': 96, 'L2_layers_atom': 3, 'L2_layers_mol': 3, 'L2_out_dim': 112, 'L2_dropout': 0.060338215350526275, 'L3_hidden_dim': 128, 'L3_layers_atom': 4, 'L3_layers_mol': 2, 'L3_out_dim': 80, 'L3_dropout': 0.24452377997601044, 'n_mlp_layers': 1, 'mlp_dim_0': 432, 'num_heads': 2, 'final_dropout': 0.049632230155056065, 'train_learning_rate': 0.0009136552548944315, 'train_lr_reduce': 0.6}. Best is trial 236 with value: 0.009785382077097893.
[I 2024-12-24 17:53:33,225] Trial 389 finished with value: 0.013495068997144699 and parameters: {'L1_hidden_dim': 256, 'L1_layers_atom': 1, 'L1_layers_mol': 1, 'L1_dropout': 0.07258204034613037, 'L1_out_dim': 128, 'L2_hidden_dim': 208, 'L2_layers_atom': 4, 'L2_layers_mol': 1, 'L2_out_dim': 128, 'L2_dropout': 0.02889521269730761, 'L3_hidden_dim': 96, 'L3_layers_atom': 1, 'L3_layers_mol': 4, 'L3_out_dim': 48, 'L3_dropout': 0.1677942925901661, 'n_mlp_layers': 3, 'mlp_dim_0': 328, 'mlp_dim_1': 248, 'mlp_dim_2': 408, 'num_heads': 1, 'final_dropout': 0.17852291279248056, 'train_learning_rate': 0.00011644718092407698, 'train_lr_reduce': 0.6}. Best is trial 236 with value: 0.009785382077097893.
[I 2024-12-24 17:55:03,469] Trial 391 finished with value: 0.011142518371343613 and parameters: {'L1_hidden_dim': 208, 'L1_layers_atom': 2, 'L1_layers_mol': 1, 'L1_dropout': 0.010516087693296438, 'L1_out_dim': 32, 'L2_hidden_dim': 144, 'L2_layers_atom': 4, 'L2_layers_mol': 1, 'L2_out_dim': 96, 'L2_dropout': 0.025671264595004968, 'L3_hidden_dim': 128, 'L3_layers_atom': 4, 'L3_layers_mol': 2, 'L3_out_dim': 112, 'L3_dropout': 0.26061272844848843, 'n_mlp_layers': 1, 'mlp_dim_0': 304, 'num_heads': 2, 'final_dropout': 0.04148120620672607, 'train_learning_rate': 0.0013569030563372441, 'train_lr_reduce': 0.6}. Best is trial 236 with value: 0.009785382077097893.
[I 2024-12-24 17:55:49,914] Trial 393 finished with value: 0.012659854255616665 and parameters: {'L1_hidden_dim': 240, 'L1_layers_atom': 4, 'L1_layers_mol': 1, 'L1_dropout': 0.08979403851861867, 'L1_out_dim': 48, 'L2_hidden_dim': 144, 'L2_layers_atom': 4, 'L2_layers_mol': 1, 'L2_out_dim': 112, 'L2_dropout': 0.1131679033350734, 'L3_hidden_dim': 128, 'L3_layers_atom': 2, 'L3_layers_mol': 4, 'L3_out_dim': 96, 'L3_dropout': 0.2949140111392249, 'n_mlp_layers': 3, 'mlp_dim_0': 416, 'mlp_dim_1': 256, 'mlp_dim_2': 56, 'num_heads': 2, 'final_dropout': 0.03337482523149537, 'train_learning_rate': 0.000869051749934086, 'train_lr_reduce': 0.6}. Best is trial 236 with value: 0.009785382077097893.
[I 2024-12-24 17:56:07,811] Trial 392 finished with value: 0.011270606890320778 and parameters: {'L1_hidden_dim': 208, 'L1_layers_atom': 4, 'L1_layers_mol': 1, 'L1_dropout': 0.018355958204013787, 'L1_out_dim': 48, 'L2_hidden_dim': 80, 'L2_layers_atom': 4, 'L2_layers_mol': 1, 'L2_out_dim': 80, 'L2_dropout': 0.04387445638194735, 'L3_hidden_dim': 80, 'L3_layers_atom': 4, 'L3_layers_mol': 3, 'L3_out_dim': 96, 'L3_dropout': 0.2847982677092852, 'n_mlp_layers': 2, 'mlp_dim_0': 432, 'mlp_dim_1': 272, 'num_heads': 2, 'final_dropout': 0.026056473788440795, 'train_learning_rate': 0.0008496774469396504, 'train_lr_reduce': 0.6}. Best is trial 236 with value: 0.009785382077097893.
[I 2024-12-24 17:57:35,767] Trial 395 finished with value: 0.01159548107534647 and parameters: {'L1_hidden_dim': 96, 'L1_layers_atom': 1, 'L1_layers_mol': 4, 'L1_dropout': 0.004120849557354145, 'L1_out_dim': 128, 'L2_hidden_dim': 176, 'L2_layers_atom': 4, 'L2_layers_mol': 2, 'L2_out_dim': 80, 'L2_dropout': 0.046097205723876614, 'L3_hidden_dim': 64, 'L3_layers_atom': 1, 'L3_layers_mol': 2, 'L3_out_dim': 96, 'L3_dropout': 0.2495154095244061, 'n_mlp_layers': 3, 'mlp_dim_0': 352, 'mlp_dim_1': 232, 'mlp_dim_2': 32, 'num_heads': 1, 'final_dropout': 0.1950373724362083, 'train_learning_rate': 0.00038768099310606993, 'train_lr_reduce': 0.6}. Best is trial 236 with value: 0.009785382077097893.
[I 2024-12-24 17:57:49,088] Trial 394 finished with value: 0.019611969590187073 and parameters: {'L1_hidden_dim': 80, 'L1_layers_atom': 2, 'L1_layers_mol': 2, 'L1_dropout': 0.026545549179190914, 'L1_out_dim': 80, 'L2_hidden_dim': 112, 'L2_layers_atom': 4, 'L2_layers_mol': 1, 'L2_out_dim': 96, 'L2_dropout': 0.06419500463490346, 'L3_hidden_dim': 96, 'L3_layers_atom': 3, 'L3_layers_mol': 3, 'L3_out_dim': 32, 'L3_dropout': 0.11141606435793361, 'n_mlp_layers': 1, 'mlp_dim_0': 472, 'num_heads': 1, 'final_dropout': 0.07949161458972417, 'train_learning_rate': 0.00011654811692414219, 'train_lr_reduce': 0.6}. Best is trial 236 with value: 0.009785382077097893.
[I 2024-12-24 17:58:01,767] Trial 396 finished with value: 0.015585631132125854 and parameters: {'L1_hidden_dim': 256, 'L1_layers_atom': 3, 'L1_layers_mol': 3, 'L1_dropout': 0.17899375007932425, 'L1_out_dim': 96, 'L2_hidden_dim': 192, 'L2_layers_atom': 4, 'L2_layers_mol': 1, 'L2_out_dim': 96, 'L2_dropout': 0.07741546088522974, 'L3_hidden_dim': 128, 'L3_layers_atom': 2, 'L3_layers_mol': 3, 'L3_out_dim': 48, 'L3_dropout': 0.22845377408122736, 'n_mlp_layers': 3, 'mlp_dim_0': 392, 'mlp_dim_1': 288, 'mlp_dim_2': 96, 'num_heads': 1, 'final_dropout': 0.15250772495842496, 'train_learning_rate': 0.00019042043564340295, 'train_lr_reduce': 0.6}. Best is trial 236 with value: 0.009785382077097893.
[I 2024-12-24 18:00:34,431] Trial 398 finished with value: 0.014264455065131187 and parameters: {'L1_hidden_dim': 112, 'L1_layers_atom': 1, 'L1_layers_mol': 4, 'L1_dropout': 0.11035503204262354, 'L1_out_dim': 112, 'L2_hidden_dim': 128, 'L2_layers_atom': 4, 'L2_layers_mol': 1, 'L2_out_dim': 128, 'L2_dropout': 0.013561362109967272, 'L3_hidden_dim': 80, 'L3_layers_atom': 3, 'L3_layers_mol': 3, 'L3_out_dim': 80, 'L3_dropout': 0.25806608101271666, 'n_mlp_layers': 2, 'mlp_dim_0': 512, 'mlp_dim_1': 224, 'num_heads': 1, 'final_dropout': 0.08235710547644966, 'train_learning_rate': 0.00016319503377796812, 'train_lr_reduce': 0.6}. Best is trial 236 with value: 0.009785382077097893.
[I 2024-12-24 18:01:35,270] Trial 397 finished with value: 0.04047251120209694 and parameters: {'L1_hidden_dim': 240, 'L1_layers_atom': 2, 'L1_layers_mol': 3, 'L1_dropout': 0.06655244306668297, 'L1_out_dim': 128, 'L2_hidden_dim': 208, 'L2_layers_atom': 4, 'L2_layers_mol': 2, 'L2_out_dim': 128, 'L2_dropout': 0.11347667030965407, 'L3_hidden_dim': 112, 'L3_layers_atom': 2, 'L3_layers_mol': 1, 'L3_out_dim': 32, 'L3_dropout': 0.1692151475078157, 'n_mlp_layers': 1, 'mlp_dim_0': 408, 'num_heads': 1, 'final_dropout': 0.1366576737131834, 'train_learning_rate': 0.00961205274330943, 'train_lr_reduce': 0.6}. Best is trial 236 with value: 0.009785382077097893.
[I 2024-12-24 18:02:19,400] Trial 399 finished with value: 0.011956660076975822 and parameters: {'L1_hidden_dim': 256, 'L1_layers_atom': 4, 'L1_layers_mol': 1, 'L1_dropout': 0.030627443139481517, 'L1_out_dim': 48, 'L2_hidden_dim': 144, 'L2_layers_atom': 4, 'L2_layers_mol': 2, 'L2_out_dim': 64, 'L2_dropout': 0.19914404421325926, 'L3_hidden_dim': 96, 'L3_layers_atom': 3, 'L3_layers_mol': 3, 'L3_out_dim': 64, 'L3_dropout': 0.2728869217397759, 'n_mlp_layers': 1, 'mlp_dim_0': 408, 'num_heads': 2, 'final_dropout': 0.003103332465006714, 'train_learning_rate': 0.0008986186830393086, 'train_lr_reduce': 0.6}. Best is trial 236 with value: 0.009785382077097893.
[I 2024-12-24 18:03:25,124] Trial 400 finished with value: 0.020254097878932953 and parameters: {'L1_hidden_dim': 144, 'L1_layers_atom': 2, 'L1_layers_mol': 3, 'L1_dropout': 0.04329163567905989, 'L1_out_dim': 96, 'L2_hidden_dim': 80, 'L2_layers_atom': 4, 'L2_layers_mol': 1, 'L2_out_dim': 112, 'L2_dropout': 0.052134499465417775, 'L3_hidden_dim': 64, 'L3_layers_atom': 3, 'L3_layers_mol': 2, 'L3_out_dim': 32, 'L3_dropout': 0.23844112221326158, 'n_mlp_layers': 3, 'mlp_dim_0': 504, 'mlp_dim_1': 224, 'mlp_dim_2': 408, 'num_heads': 1, 'final_dropout': 0.11983666631701531, 'train_learning_rate': 0.00010586254938640137, 'train_lr_reduce': 0.6}. Best is trial 236 with value: 0.009785382077097893.
[I 2024-12-24 18:03:32,850] Trial 401 finished with value: 0.010841705836355686 and parameters: {'L1_hidden_dim': 112, 'L1_layers_atom': 1, 'L1_layers_mol': 4, 'L1_dropout': 0.0008020879490897512, 'L1_out_dim': 112, 'L2_hidden_dim': 144, 'L2_layers_atom': 4, 'L2_layers_mol': 1, 'L2_out_dim': 80, 'L2_dropout': 0.03486568054931078, 'L3_hidden_dim': 128, 'L3_layers_atom': 1, 'L3_layers_mol': 2, 'L3_out_dim': 96, 'L3_dropout': 0.1920612345632398, 'n_mlp_layers': 3, 'mlp_dim_0': 432, 'mlp_dim_1': 224, 'mlp_dim_2': 112, 'num_heads': 1, 'final_dropout': 0.28743767787821584, 'train_learning_rate': 0.0010786334101876036, 'train_lr_reduce': 0.6}. Best is trial 236 with value: 0.009785382077097893.
[I 2024-12-24 18:04:02,884] Trial 402 finished with value: 0.011719960719347 and parameters: {'L1_hidden_dim': 144, 'L1_layers_atom': 1, 'L1_layers_mol': 3, 'L1_dropout': 0.025443688302009902, 'L1_out_dim': 80, 'L2_hidden_dim': 112, 'L2_layers_atom': 4, 'L2_layers_mol': 1, 'L2_out_dim': 112, 'L2_dropout': 0.05435277093227654, 'L3_hidden_dim': 112, 'L3_layers_atom': 4, 'L3_layers_mol': 2, 'L3_out_dim': 48, 'L3_dropout': 0.21404092107135061, 'n_mlp_layers': 3, 'mlp_dim_0': 480, 'mlp_dim_1': 272, 'mlp_dim_2': 176, 'num_heads': 1, 'final_dropout': 0.19498177129944894, 'train_learning_rate': 0.0010180736228418586, 'train_lr_reduce': 0.6}. Best is trial 236 with value: 0.009785382077097893.
[I 2024-12-24 18:05:05,476] Trial 403 finished with value: 0.012120610103011131 and parameters: {'L1_hidden_dim': 240, 'L1_layers_atom': 2, 'L1_layers_mol': 3, 'L1_dropout': 0.001985042810444827, 'L1_out_dim': 96, 'L2_hidden_dim': 240, 'L2_layers_atom': 4, 'L2_layers_mol': 1, 'L2_out_dim': 48, 'L2_dropout': 0.17148249619314132, 'L3_hidden_dim': 128, 'L3_layers_atom': 1, 'L3_layers_mol': 4, 'L3_out_dim': 80, 'L3_dropout': 0.2331565243365973, 'n_mlp_layers': 2, 'mlp_dim_0': 440, 'mlp_dim_1': 240, 'num_heads': 1, 'final_dropout': 0.0977777248230628, 'train_learning_rate': 0.001678992149088494, 'train_lr_reduce': 0.6}. Best is trial 236 with value: 0.009785382077097893.
[I 2024-12-24 18:05:10,760] Trial 404 finished with value: 0.014201763086020947 and parameters: {'L1_hidden_dim': 208, 'L1_layers_atom': 2, 'L1_layers_mol': 4, 'L1_dropout': 0.015729727818780317, 'L1_out_dim': 64, 'L2_hidden_dim': 256, 'L2_layers_atom': 2, 'L2_layers_mol': 1, 'L2_out_dim': 32, 'L2_dropout': 0.07927890454496948, 'L3_hidden_dim': 96, 'L3_layers_atom': 2, 'L3_layers_mol': 4, 'L3_out_dim': 80, 'L3_dropout': 0.22314001915159368, 'n_mlp_layers': 3, 'mlp_dim_0': 448, 'mlp_dim_1': 216, 'mlp_dim_2': 88, 'num_heads': 1, 'final_dropout': 0.14488054361208716, 'train_learning_rate': 0.005193756192934052, 'train_lr_reduce': 0.6}. Best is trial 236 with value: 0.009785382077097893.
[I 2024-12-24 18:06:37,773] Trial 405 finished with value: 0.011766999959945679 and parameters: {'L1_hidden_dim': 64, 'L1_layers_atom': 2, 'L1_layers_mol': 2, 'L1_dropout': 0.01935123853145982, 'L1_out_dim': 80, 'L2_hidden_dim': 112, 'L2_layers_atom': 3, 'L2_layers_mol': 2, 'L2_out_dim': 32, 'L2_dropout': 0.06519246304169538, 'L3_hidden_dim': 64, 'L3_layers_atom': 1, 'L3_layers_mol': 1, 'L3_out_dim': 112, 'L3_dropout': 0.29665176568317875, 'n_mlp_layers': 3, 'mlp_dim_0': 280, 'mlp_dim_1': 224, 'mlp_dim_2': 80, 'num_heads': 2, 'final_dropout': 0.18652112942783797, 'train_learning_rate': 0.0006636914091005349, 'train_lr_reduce': 0.6}. Best is trial 236 with value: 0.009785382077097893.
[I 2024-12-24 18:06:52,137] Trial 407 finished with value: 0.012396060861647129 and parameters: {'L1_hidden_dim': 112, 'L1_layers_atom': 1, 'L1_layers_mol': 4, 'L1_dropout': 0.003836113839066508, 'L1_out_dim': 80, 'L2_hidden_dim': 128, 'L2_layers_atom': 3, 'L2_layers_mol': 1, 'L2_out_dim': 96, 'L2_dropout': 0.03432773026415423, 'L3_hidden_dim': 128, 'L3_layers_atom': 1, 'L3_layers_mol': 2, 'L3_out_dim': 112, 'L3_dropout': 0.03690707403545351, 'n_mlp_layers': 3, 'mlp_dim_0': 384, 'mlp_dim_1': 224, 'mlp_dim_2': 32, 'num_heads': 1, 'final_dropout': 0.25120489703706433, 'train_learning_rate': 0.0014144287256289783, 'train_lr_reduce': 0.6}. Best is trial 236 with value: 0.009785382077097893.
[I 2024-12-24 18:08:58,673] Trial 406 finished with value: 0.011298143304884434 and parameters: {'L1_hidden_dim': 160, 'L1_layers_atom': 3, 'L1_layers_mol': 4, 'L1_dropout': 0.029953571775301745, 'L1_out_dim': 128, 'L2_hidden_dim': 160, 'L2_layers_atom': 3, 'L2_layers_mol': 1, 'L2_out_dim': 80, 'L2_dropout': 0.07107459077774646, 'L3_hidden_dim': 96, 'L3_layers_atom': 2, 'L3_layers_mol': 3, 'L3_out_dim': 48, 'L3_dropout': 0.21766960288259385, 'n_mlp_layers': 3, 'mlp_dim_0': 448, 'mlp_dim_1': 280, 'mlp_dim_2': 96, 'num_heads': 1, 'final_dropout': 0.1718415976558989, 'train_learning_rate': 0.00033763113232051443, 'train_lr_reduce': 0.6}. Best is trial 236 with value: 0.009785382077097893.
[I 2024-12-24 18:09:09,243] Trial 408 finished with value: 0.01208891998976469 and parameters: {'L1_hidden_dim': 256, 'L1_layers_atom': 4, 'L1_layers_mol': 2, 'L1_dropout': 0.1212892893772752, 'L1_out_dim': 32, 'L2_hidden_dim': 176, 'L2_layers_atom': 4, 'L2_layers_mol': 1, 'L2_out_dim': 112, 'L2_dropout': 0.12961380108949203, 'L3_hidden_dim': 128, 'L3_layers_atom': 4, 'L3_layers_mol': 2, 'L3_out_dim': 112, 'L3_dropout': 0.24656242714881904, 'n_mlp_layers': 2, 'mlp_dim_0': 488, 'mlp_dim_1': 208, 'num_heads': 2, 'final_dropout': 0.018052049504805892, 'train_learning_rate': 0.0003213191262853099, 'train_lr_reduce': 0.6}. Best is trial 236 with value: 0.009785382077097893.
[I 2024-12-24 18:09:48,779] Trial 409 finished with value: 0.011135219596326351 and parameters: {'L1_hidden_dim': 256, 'L1_layers_atom': 3, 'L1_layers_mol': 1, 'L1_dropout': 0.021583080184155872, 'L1_out_dim': 32, 'L2_hidden_dim': 96, 'L2_layers_atom': 3, 'L2_layers_mol': 1, 'L2_out_dim': 96, 'L2_dropout': 0.04206481926029947, 'L3_hidden_dim': 128, 'L3_layers_atom': 2, 'L3_layers_mol': 2, 'L3_out_dim': 80, 'L3_dropout': 0.27626766336087455, 'n_mlp_layers': 2, 'mlp_dim_0': 360, 'mlp_dim_1': 304, 'num_heads': 2, 'final_dropout': 0.06304523931700926, 'train_learning_rate': 0.00027836517991344686, 'train_lr_reduce': 0.6}. Best is trial 236 with value: 0.009785382077097893.
[I 2024-12-24 18:10:28,514] Trial 411 finished with value: 0.012770800851285458 and parameters: {'L1_hidden_dim': 176, 'L1_layers_atom': 1, 'L1_layers_mol': 4, 'L1_dropout': 0.01126054855122106, 'L1_out_dim': 128, 'L2_hidden_dim': 112, 'L2_layers_atom': 3, 'L2_layers_mol': 2, 'L2_out_dim': 80, 'L2_dropout': 0.09424928344836807, 'L3_hidden_dim': 112, 'L3_layers_atom': 1, 'L3_layers_mol': 2, 'L3_out_dim': 112, 'L3_dropout': 0.20937056314030172, 'n_mlp_layers': 3, 'mlp_dim_0': 232, 'mlp_dim_1': 200, 'mlp_dim_2': 96, 'num_heads': 1, 'final_dropout': 0.2860516844770352, 'train_learning_rate': 0.0010596508770298332, 'train_lr_reduce': 0.6}. Best is trial 236 with value: 0.009785382077097893.
[I 2024-12-24 18:10:56,782] Trial 410 finished with value: 0.022164206951856613 and parameters: {'L1_hidden_dim': 64, 'L1_layers_atom': 1, 'L1_layers_mol': 4, 'L1_dropout': 0.04190666290521304, 'L1_out_dim': 128, 'L2_hidden_dim': 64, 'L2_layers_atom': 2, 'L2_layers_mol': 3, 'L2_out_dim': 64, 'L2_dropout': 0.03496959646402584, 'L3_hidden_dim': 48, 'L3_layers_atom': 1, 'L3_layers_mol': 1, 'L3_out_dim': 112, 'L3_dropout': 0.2674146019200127, 'n_mlp_layers': 2, 'mlp_dim_0': 408, 'mlp_dim_1': 216, 'num_heads': 2, 'final_dropout': 0.24293172164608656, 'train_learning_rate': 0.0004376838633063242, 'train_lr_reduce': 0.6}. Best is trial 236 with value: 0.009785382077097893.
[I 2024-12-24 18:11:32,150] Trial 414 finished with value: 0.12205499410629272 and parameters: {'L1_hidden_dim': 160, 'L1_layers_atom': 2, 'L1_layers_mol': 4, 'L1_dropout': 0.04309713409606857, 'L1_out_dim': 112, 'L2_hidden_dim': 176, 'L2_layers_atom': 4, 'L2_layers_mol': 1, 'L2_out_dim': 64, 'L2_dropout': 0.02866153188532164, 'L3_hidden_dim': 112, 'L3_layers_atom': 1, 'L3_layers_mol': 2, 'L3_out_dim': 96, 'L3_dropout': 0.17576187454259692, 'n_mlp_layers': 3, 'mlp_dim_0': 376, 'mlp_dim_1': 208, 'mlp_dim_2': 240, 'num_heads': 1, 'final_dropout': 0.2631748814136529, 'train_learning_rate': 0.0014983475416131087, 'train_lr_reduce': 0.6}. Best is trial 236 with value: 0.009785382077097893.
[I 2024-12-24 18:11:51,251] Trial 412 finished with value: 0.011397939175367355 and parameters: {'L1_hidden_dim': 176, 'L1_layers_atom': 1, 'L1_layers_mol': 3, 'L1_dropout': 0.02358978720195206, 'L1_out_dim': 128, 'L2_hidden_dim': 112, 'L2_layers_atom': 3, 'L2_layers_mol': 1, 'L2_out_dim': 112, 'L2_dropout': 0.012906150886754824, 'L3_hidden_dim': 96, 'L3_layers_atom': 2, 'L3_layers_mol': 4, 'L3_out_dim': 96, 'L3_dropout': 0.15411218144027844, 'n_mlp_layers': 2, 'mlp_dim_0': 368, 'mlp_dim_1': 32, 'num_heads': 1, 'final_dropout': 0.07082938680400179, 'train_learning_rate': 0.0003094779361100896, 'train_lr_reduce': 0.6}. Best is trial 236 with value: 0.009785382077097893.
[I 2024-12-24 18:11:54,141] Trial 413 finished with value: 0.012146356515586376 and parameters: {'L1_hidden_dim': 224, 'L1_layers_atom': 2, 'L1_layers_mol': 4, 'L1_dropout': 0.00975220018186951, 'L1_out_dim': 64, 'L2_hidden_dim': 144, 'L2_layers_atom': 3, 'L2_layers_mol': 3, 'L2_out_dim': 64, 'L2_dropout': 0.2176662791433195, 'L3_hidden_dim': 48, 'L3_layers_atom': 2, 'L3_layers_mol': 1, 'L3_out_dim': 112, 'L3_dropout': 0.11358075782418134, 'n_mlp_layers': 3, 'mlp_dim_0': 40, 'mlp_dim_1': 288, 'mlp_dim_2': 120, 'num_heads': 2, 'final_dropout': 0.21821595245617267, 'train_learning_rate': 0.004924852440491022, 'train_lr_reduce': 0.6}. Best is trial 236 with value: 0.009785382077097893.
[I 2024-12-24 18:13:18,348] Trial 415 finished with value: 0.012267091311514378 and parameters: {'L1_hidden_dim': 80, 'L1_layers_atom': 3, 'L1_layers_mol': 1, 'L1_dropout': 0.014221514381832575, 'L1_out_dim': 32, 'L2_hidden_dim': 160, 'L2_layers_atom': 4, 'L2_layers_mol': 1, 'L2_out_dim': 80, 'L2_dropout': 0.01276725808696206, 'L3_hidden_dim': 128, 'L3_layers_atom': 4, 'L3_layers_mol': 1, 'L3_out_dim': 128, 'L3_dropout': 0.24429555216547272, 'n_mlp_layers': 3, 'mlp_dim_0': 472, 'mlp_dim_1': 192, 'mlp_dim_2': 256, 'num_heads': 2, 'final_dropout': 0.1174385604582915, 'train_learning_rate': 0.0061070103494316325, 'train_lr_reduce': 0.6}. Best is trial 236 with value: 0.009785382077097893.
