[I 2024-12-19 23:41:41,744] Trial 111 finished with value: 1.3481065034866333 and parameters: {'mlp_n_layers': 4, 'mlp_dim_00': 509, 'mlp_dim_01': 153, 'mlp_dim_02': 167, 'mlp_dim_03': 452, 'node_hidden_dim': 32, 'edge_hidden_dim': 63, 'depth': 2, 'rep_dropout': 0.01502574792140455, 'train_learning_rate': 0.0017451779443379404, 'train_lr_reduce': 0.6}. Best is trial 87 with value: 0.35034599900245667.
[I 2024-12-19 23:41:44,792] Trial 114 finished with value: 1.289844036102295 and parameters: {'mlp_n_layers': 4, 'mlp_dim_00': 379, 'mlp_dim_01': 170, 'mlp_dim_02': 240, 'mlp_dim_03': 346, 'node_hidden_dim': 84, 'edge_hidden_dim': 57, 'depth': 2, 'rep_dropout': 0.02022872831675382, 'train_learning_rate': 0.0065299985992575745, 'train_lr_reduce': 0.6}. Best is trial 87 with value: 0.35034599900245667.
[I 2024-12-19 23:41:45,117] Trial 115 finished with value: 1.5317946672439575 and parameters: {'mlp_n_layers': 4, 'mlp_dim_00': 282, 'mlp_dim_01': 212, 'mlp_dim_02': 248, 'mlp_dim_03': 510, 'node_hidden_dim': 95, 'edge_hidden_dim': 82, 'depth': 1, 'rep_dropout': 0.08480884763329535, 'train_learning_rate': 0.0011240732503044967, 'train_lr_reduce': 0.6}. Best is trial 87 with value: 0.35034599900245667.
[I 2024-12-19 23:41:48,352] Trial 117 finished with value: 1.4293526411056519 and parameters: {'mlp_n_layers': 3, 'mlp_dim_00': 485, 'mlp_dim_01': 164, 'mlp_dim_02': 295, 'node_hidden_dim': 59, 'edge_hidden_dim': 65, 'depth': 1, 'rep_dropout': 0.00021027330585983786, 'train_learning_rate': 0.002474788973355294, 'train_lr_reduce': 0.6}. Best is trial 87 with value: 0.35034599900245667.
[I 2024-12-19 23:42:01,810] Trial 116 finished with value: 0.4022272229194641 and parameters: {'mlp_n_layers': 3, 'mlp_dim_00': 246, 'mlp_dim_01': 134, 'mlp_dim_02': 245, 'node_hidden_dim': 111, 'edge_hidden_dim': 58, 'depth': 1, 'rep_dropout': 0.059356912127970805, 'train_learning_rate': 0.003067430187068143, 'train_lr_reduce': 0.6}. Best is trial 87 with value: 0.35034599900245667.
[I 2024-12-19 23:42:02,071] Trial 113 finished with value: 0.39046910405158997 and parameters: {'mlp_n_layers': 2, 'mlp_dim_00': 170, 'mlp_dim_01': 197, 'node_hidden_dim': 90, 'edge_hidden_dim': 64, 'depth': 1, 'rep_dropout': 0.03831901010695509, 'train_learning_rate': 0.000994215302363424, 'train_lr_reduce': 0.6}. Best is trial 87 with value: 0.35034599900245667.
[I 2024-12-19 23:42:03,001] Trial 118 finished with value: 0.39539363980293274 and parameters: {'mlp_n_layers': 3, 'mlp_dim_00': 197, 'mlp_dim_01': 469, 'mlp_dim_02': 196, 'node_hidden_dim': 89, 'edge_hidden_dim': 61, 'depth': 1, 'rep_dropout': 0.09809096114163449, 'train_learning_rate': 0.0008679912948258044, 'train_lr_reduce': 0.6}. Best is trial 87 with value: 0.35034599900245667.
[I 2024-12-19 23:42:04,737] Trial 119 finished with value: 1.4403787851333618 and parameters: {'mlp_n_layers': 4, 'mlp_dim_00': 487, 'mlp_dim_01': 302, 'mlp_dim_02': 387, 'mlp_dim_03': 405, 'node_hidden_dim': 63, 'edge_hidden_dim': 58, 'depth': 1, 'rep_dropout': 0.014342255239535995, 'train_learning_rate': 0.005610556276610645, 'train_lr_reduce': 0.6}. Best is trial 87 with value: 0.35034599900245667.
[I 2024-12-19 23:42:06,251] Trial 121 finished with value: 1.5600500106811523 and parameters: {'mlp_n_layers': 3, 'mlp_dim_00': 195, 'mlp_dim_01': 126, 'mlp_dim_02': 200, 'node_hidden_dim': 39, 'edge_hidden_dim': 120, 'depth': 2, 'rep_dropout': 0.08910530309246285, 'train_learning_rate': 0.0001685912166189791, 'train_lr_reduce': 0.6}. Best is trial 87 with value: 0.35034599900245667.
[I 2024-12-19 23:42:11,375] Trial 123 finished with value: 1.560814619064331 and parameters: {'mlp_n_layers': 3, 'mlp_dim_00': 177, 'mlp_dim_01': 92, 'mlp_dim_02': 369, 'node_hidden_dim': 111, 'edge_hidden_dim': 51, 'depth': 4, 'rep_dropout': 0.040737301410753976, 'train_learning_rate': 0.0008680735575014153, 'train_lr_reduce': 0.6}. Best is trial 87 with value: 0.35034599900245667.
[I 2024-12-19 23:42:15,849] Trial 124 finished with value: 1.570425033569336 and parameters: {'mlp_n_layers': 3, 'mlp_dim_00': 359, 'mlp_dim_01': 91, 'mlp_dim_02': 353, 'node_hidden_dim': 101, 'edge_hidden_dim': 62, 'depth': 1, 'rep_dropout': 0.0709652006274255, 'train_learning_rate': 0.0005805917013797622, 'train_lr_reduce': 0.6}. Best is trial 87 with value: 0.35034599900245667.
[I 2024-12-19 23:42:16,452] Trial 120 finished with value: 0.35504305362701416 and parameters: {'mlp_n_layers': 4, 'mlp_dim_00': 489, 'mlp_dim_01': 213, 'mlp_dim_02': 272, 'mlp_dim_03': 346, 'node_hidden_dim': 51, 'edge_hidden_dim': 54, 'depth': 1, 'rep_dropout': 0.003879699662869095, 'train_learning_rate': 0.005264048711447394, 'train_lr_reduce': 0.6}. Best is trial 87 with value: 0.35034599900245667.
[I 2024-12-19 23:42:19,364] Trial 125 finished with value: 1.3177309036254883 and parameters: {'mlp_n_layers': 3, 'mlp_dim_00': 304, 'mlp_dim_01': 128, 'mlp_dim_02': 265, 'node_hidden_dim': 44, 'edge_hidden_dim': 67, 'depth': 1, 'rep_dropout': 0.0762163221556274, 'train_learning_rate': 0.0040700466750764885, 'train_lr_reduce': 0.6}. Best is trial 87 with value: 0.35034599900245667.
[I 2024-12-19 23:42:20,312] Trial 126 finished with value: 1.2858848571777344 and parameters: {'mlp_n_layers': 4, 'mlp_dim_00': 363, 'mlp_dim_01': 237, 'mlp_dim_02': 269, 'mlp_dim_03': 339, 'node_hidden_dim': 49, 'edge_hidden_dim': 60, 'depth': 2, 'rep_dropout': 3.5040111258268294e-05, 'train_learning_rate': 0.007378127856509188, 'train_lr_reduce': 0.6}. Best is trial 87 with value: 0.35034599900245667.
[I 2024-12-19 23:42:25,628] Trial 122 finished with value: 0.34963202476501465 and parameters: {'mlp_n_layers': 4, 'mlp_dim_00': 297, 'mlp_dim_01': 167, 'mlp_dim_02': 319, 'mlp_dim_03': 423, 'node_hidden_dim': 126, 'edge_hidden_dim': 48, 'depth': 1, 'rep_dropout': 0.05294524341921876, 'train_learning_rate': 0.0005575339528565446, 'train_lr_reduce': 0.6}. Best is trial 122 with value: 0.34963202476501465.
[I 2024-12-19 23:42:35,022] Trial 127 finished with value: 0.3899170756340027 and parameters: {'mlp_n_layers': 3, 'mlp_dim_00': 241, 'mlp_dim_01': 232, 'mlp_dim_02': 255, 'node_hidden_dim': 117, 'edge_hidden_dim': 58, 'depth': 1, 'rep_dropout': 0.10128449497550306, 'train_learning_rate': 0.0004414686699218051, 'train_lr_reduce': 0.6}. Best is trial 122 with value: 0.34963202476501465.
[I 2024-12-19 23:42:40,197] Trial 130 finished with value: 1.3290878534317017 and parameters: {'mlp_n_layers': 1, 'mlp_dim_00': 223, 'node_hidden_dim': 124, 'edge_hidden_dim': 116, 'depth': 3, 'rep_dropout': 0.1170702523234188, 'train_learning_rate': 0.0024852976635484315, 'train_lr_reduce': 0.6}. Best is trial 122 with value: 0.34963202476501465.
[I 2024-12-19 23:42:42,720] Trial 128 finished with value: 0.429175466299057 and parameters: {'mlp_n_layers': 4, 'mlp_dim_00': 364, 'mlp_dim_01': 210, 'mlp_dim_02': 218, 'mlp_dim_03': 346, 'node_hidden_dim': 128, 'edge_hidden_dim': 82, 'depth': 2, 'rep_dropout': 0.0061147650502025915, 'train_learning_rate': 0.0036453918923205833, 'train_lr_reduce': 0.6}. Best is trial 122 with value: 0.34963202476501465.
[I 2024-12-19 23:42:44,009] Trial 131 finished with value: 1.5575499534606934 and parameters: {'mlp_n_layers': 4, 'mlp_dim_00': 254, 'mlp_dim_01': 170, 'mlp_dim_02': 320, 'mlp_dim_03': 386, 'node_hidden_dim': 121, 'edge_hidden_dim': 36, 'depth': 1, 'rep_dropout': 0.04067868819008602, 'train_learning_rate': 0.0008637300255347808, 'train_lr_reduce': 0.6}. Best is trial 122 with value: 0.34963202476501465.
[I 2024-12-19 23:42:50,641] Trial 129 finished with value: 0.36244308948516846 and parameters: {'mlp_n_layers': 4, 'mlp_dim_00': 471, 'mlp_dim_01': 171, 'mlp_dim_02': 320, 'mlp_dim_03': 424, 'node_hidden_dim': 54, 'edge_hidden_dim': 60, 'depth': 1, 'rep_dropout': 0.007884432616646867, 'train_learning_rate': 0.0028748581775688616, 'train_lr_reduce': 0.6}. Best is trial 122 with value: 0.34963202476501465.
[I 2024-12-19 23:43:04,817] Trial 134 finished with value: 0.40826502442359924 and parameters: {'mlp_n_layers': 4, 'mlp_dim_00': 496, 'mlp_dim_01': 146, 'mlp_dim_02': 334, 'mlp_dim_03': 434, 'node_hidden_dim': 47, 'edge_hidden_dim': 77, 'depth': 1, 'rep_dropout': 0.0023875416085403778, 'train_learning_rate': 0.00270493867709324, 'train_lr_reduce': 0.6}. Best is trial 122 with value: 0.34963202476501465.
[I 2024-12-19 23:43:05,335] Trial 133 finished with value: 0.36636343598365784 and parameters: {'mlp_n_layers': 4, 'mlp_dim_00': 287, 'mlp_dim_01': 212, 'mlp_dim_02': 289, 'mlp_dim_03': 328, 'node_hidden_dim': 109, 'edge_hidden_dim': 61, 'depth': 1, 'rep_dropout': 0.05303116877961245, 'train_learning_rate': 0.0007457824067395567, 'train_lr_reduce': 0.6}. Best is trial 122 with value: 0.34963202476501465.
[I 2024-12-19 23:43:09,094] Trial 135 finished with value: 1.572879433631897 and parameters: {'mlp_n_layers': 4, 'mlp_dim_00': 325, 'mlp_dim_01': 260, 'mlp_dim_02': 316, 'mlp_dim_03': 350, 'node_hidden_dim': 122, 'edge_hidden_dim': 46, 'depth': 1, 'rep_dropout': 0.04671553070691861, 'train_learning_rate': 0.0004129219371741681, 'train_lr_reduce': 0.6}. Best is trial 122 with value: 0.34963202476501465.
[I 2024-12-19 23:43:09,237] Trial 136 finished with value: 1.573263168334961 and parameters: {'mlp_n_layers': 4, 'mlp_dim_00': 277, 'mlp_dim_01': 186, 'mlp_dim_02': 301, 'mlp_dim_03': 404, 'node_hidden_dim': 113, 'edge_hidden_dim': 72, 'depth': 1, 'rep_dropout': 0.009304530382652255, 'train_learning_rate': 0.0004080016449736679, 'train_lr_reduce': 0.6}. Best is trial 122 with value: 0.34963202476501465.
[I 2024-12-19 23:43:13,874] Trial 138 finished with value: 1.5578175783157349 and parameters: {'mlp_n_layers': 4, 'mlp_dim_00': 479, 'mlp_dim_01': 153, 'mlp_dim_02': 322, 'mlp_dim_03': 429, 'node_hidden_dim': 49, 'edge_hidden_dim': 57, 'depth': 1, 'rep_dropout': 0.012930226931608339, 'train_learning_rate': 0.0019509989568937665, 'train_lr_reduce': 0.6}. Best is trial 122 with value: 0.34963202476501465.
[I 2024-12-19 23:43:20,617] Trial 137 finished with value: 0.5217609405517578 and parameters: {'mlp_n_layers': 4, 'mlp_dim_00': 505, 'mlp_dim_01': 208, 'mlp_dim_02': 385, 'mlp_dim_03': 331, 'node_hidden_dim': 47, 'edge_hidden_dim': 54, 'depth': 1, 'rep_dropout': 0.01380242214814163, 'train_learning_rate': 0.004719823499285205, 'train_lr_reduce': 0.6}. Best is trial 122 with value: 0.34963202476501465.
[I 2024-12-19 23:43:22,870] Trial 139 finished with value: 0.578261137008667 and parameters: {'mlp_n_layers': 4, 'mlp_dim_00': 145, 'mlp_dim_01': 224, 'mlp_dim_02': 269, 'mlp_dim_03': 318, 'node_hidden_dim': 96, 'edge_hidden_dim': 83, 'depth': 1, 'rep_dropout': 0.03107973341521534, 'train_learning_rate': 0.005178386380080571, 'train_lr_reduce': 0.6}. Best is trial 122 with value: 0.34963202476501465.
[I 2024-12-19 23:43:23,739] Trial 132 finished with value: 0.4006350636482239 and parameters: {'mlp_n_layers': 4, 'mlp_dim_00': 405, 'mlp_dim_01': 170, 'mlp_dim_02': 308, 'mlp_dim_03': 424, 'node_hidden_dim': 79, 'edge_hidden_dim': 79, 'depth': 1, 'rep_dropout': 0.03374849329775574, 'train_learning_rate': 0.0016760883492844, 'train_lr_reduce': 0.6}. Best is trial 122 with value: 0.34963202476501465.
[I 2024-12-19 23:43:27,290] Trial 142 finished with value: 1.4896128177642822 and parameters: {'mlp_n_layers': 4, 'mlp_dim_00': 370, 'mlp_dim_01': 262, 'mlp_dim_02': 292, 'mlp_dim_03': 339, 'node_hidden_dim': 58, 'edge_hidden_dim': 67, 'depth': 1, 'rep_dropout': 0.0011569586137471465, 'train_learning_rate': 0.0021519521736246276, 'train_lr_reduce': 0.6}. Best is trial 122 with value: 0.34963202476501465.
[I 2024-12-19 23:43:28,836] Trial 141 finished with value: 1.427712082862854 and parameters: {'mlp_n_layers': 4, 'mlp_dim_00': 261, 'mlp_dim_01': 168, 'mlp_dim_02': 127, 'mlp_dim_03': 422, 'node_hidden_dim': 127, 'edge_hidden_dim': 71, 'depth': 2, 'rep_dropout': 0.05228813232044691, 'train_learning_rate': 0.0009198981427231538, 'train_lr_reduce': 0.6}. Best is trial 122 with value: 0.34963202476501465.
[I 2024-12-19 23:43:31,260] Trial 140 finished with value: 0.3832193911075592 and parameters: {'mlp_n_layers': 3, 'mlp_dim_00': 466, 'mlp_dim_01': 156, 'mlp_dim_02': 414, 'node_hidden_dim': 78, 'edge_hidden_dim': 32, 'depth': 1, 'rep_dropout': 0.019544077359521878, 'train_learning_rate': 0.0032961075643349173, 'train_lr_reduce': 0.6}. Best is trial 122 with value: 0.34963202476501465.
[I 2024-12-19 23:43:32,495] Trial 144 finished with value: 1.557647466659546 and parameters: {'mlp_n_layers': 3, 'mlp_dim_00': 87, 'mlp_dim_01': 194, 'mlp_dim_02': 309, 'node_hidden_dim': 47, 'edge_hidden_dim': 71, 'depth': 3, 'rep_dropout': 0.017465311994043775, 'train_learning_rate': 0.0008909952775978261, 'train_lr_reduce': 0.6}. Best is trial 122 with value: 0.34963202476501465.
[I 2024-12-19 23:43:34,603] Trial 145 finished with value: 1.5616298913955688 and parameters: {'mlp_n_layers': 3, 'mlp_dim_00': 388, 'mlp_dim_01': 150, 'mlp_dim_02': 276, 'node_hidden_dim': 71, 'edge_hidden_dim': 49, 'depth': 1, 'rep_dropout': 0.029493288653133665, 'train_learning_rate': 0.0013256872655220896, 'train_lr_reduce': 0.6}. Best is trial 122 with value: 0.34963202476501465.
[I 2024-12-19 23:43:35,571] Trial 146 finished with value: 1.528062343597412 and parameters: {'mlp_n_layers': 1, 'mlp_dim_00': 478, 'node_hidden_dim': 90, 'edge_hidden_dim': 34, 'depth': 1, 'rep_dropout': 0.043011237699754595, 'train_learning_rate': 0.0002238739788094865, 'train_lr_reduce': 0.6}. Best is trial 122 with value: 0.34963202476501465.
[I 2024-12-19 23:43:39,854] Trial 147 finished with value: 1.1663366556167603 and parameters: {'mlp_n_layers': 4, 'mlp_dim_00': 301, 'mlp_dim_01': 205, 'mlp_dim_02': 361, 'mlp_dim_03': 412, 'node_hidden_dim': 125, 'edge_hidden_dim': 50, 'depth': 1, 'rep_dropout': 0.06899403646717892, 'train_learning_rate': 0.0017792387609581867, 'train_lr_reduce': 0.6}. Best is trial 122 with value: 0.34963202476501465.
[I 2024-12-19 23:43:42,188] Trial 143 finished with value: 0.4295768439769745 and parameters: {'mlp_n_layers': 3, 'mlp_dim_00': 278, 'mlp_dim_01': 196, 'mlp_dim_02': 320, 'node_hidden_dim': 105, 'edge_hidden_dim': 61, 'depth': 1, 'rep_dropout': 0.0015860363630063445, 'train_learning_rate': 0.0020128363807303176, 'train_lr_reduce': 0.6}. Best is trial 122 with value: 0.34963202476501465.
[I 2024-12-19 23:43:43,097] Trial 149 finished with value: 1.4294002056121826 and parameters: {'mlp_n_layers': 3, 'mlp_dim_00': 326, 'mlp_dim_01': 210, 'mlp_dim_02': 203, 'node_hidden_dim': 68, 'edge_hidden_dim': 33, 'depth': 1, 'rep_dropout': 0.07245640277587805, 'train_learning_rate': 0.007018158898100019, 'train_lr_reduce': 0.6}. Best is trial 122 with value: 0.34963202476501465.
[I 2024-12-19 23:43:46,734] Trial 150 finished with value: 1.5730396509170532 and parameters: {'mlp_n_layers': 4, 'mlp_dim_00': 502, 'mlp_dim_01': 145, 'mlp_dim_02': 468, 'mlp_dim_03': 462, 'node_hidden_dim': 118, 'edge_hidden_dim': 104, 'depth': 2, 'rep_dropout': 0.04139287676121261, 'train_learning_rate': 0.00016647758505005747, 'train_lr_reduce': 0.6}. Best is trial 122 with value: 0.34963202476501465.
[I 2024-12-19 23:43:50,536] Trial 152 finished with value: 1.5358185768127441 and parameters: {'mlp_n_layers': 4, 'mlp_dim_00': 303, 'mlp_dim_01': 137, 'mlp_dim_02': 246, 'mlp_dim_03': 377, 'node_hidden_dim': 112, 'edge_hidden_dim': 65, 'depth': 1, 'rep_dropout': 0.07364069275968561, 'train_learning_rate': 0.00025420170974021805, 'train_lr_reduce': 0.6}. Best is trial 122 with value: 0.34963202476501465.
[I 2024-12-19 23:43:52,292] Trial 151 finished with value: 0.3723233640193939 and parameters: {'mlp_n_layers': 3, 'mlp_dim_00': 307, 'mlp_dim_01': 204, 'mlp_dim_02': 331, 'node_hidden_dim': 96, 'edge_hidden_dim': 36, 'depth': 1, 'rep_dropout': 0.018402406154100222, 'train_learning_rate': 0.007987852694269208, 'train_lr_reduce': 0.6}. Best is trial 122 with value: 0.34963202476501465.
[I 2024-12-19 23:43:52,413] Trial 148 finished with value: 0.41260185837745667 and parameters: {'mlp_n_layers': 4, 'mlp_dim_00': 370, 'mlp_dim_01': 141, 'mlp_dim_02': 277, 'mlp_dim_03': 308, 'node_hidden_dim': 116, 'edge_hidden_dim': 79, 'depth': 2, 'rep_dropout': 0.10413542404054031, 'train_learning_rate': 0.001983926097915497, 'train_lr_reduce': 0.6}. Best is trial 122 with value: 0.34963202476501465.
[I 2024-12-19 23:43:58,423] Trial 154 finished with value: 1.5780054330825806 and parameters: {'mlp_n_layers': 3, 'mlp_dim_00': 203, 'mlp_dim_01': 232, 'mlp_dim_02': 341, 'node_hidden_dim': 102, 'edge_hidden_dim': 33, 'depth': 2, 'rep_dropout': 0.1064988790796368, 'train_learning_rate': 0.0004906030933743467, 'train_lr_reduce': 0.6}. Best is trial 122 with value: 0.34963202476501465.
[I 2024-12-19 23:44:07,591] Trial 155 finished with value: 0.4298592805862427 and parameters: {'mlp_n_layers': 3, 'mlp_dim_00': 301, 'mlp_dim_01': 195, 'mlp_dim_02': 353, 'node_hidden_dim': 82, 'edge_hidden_dim': 39, 'depth': 1, 'rep_dropout': 0.019775152724978602, 'train_learning_rate': 0.007576212217128258, 'train_lr_reduce': 0.6}. Best is trial 122 with value: 0.34963202476501465.
[I 2024-12-19 23:44:08,352] Trial 156 finished with value: 0.41817963123321533 and parameters: {'mlp_n_layers': 3, 'mlp_dim_00': 267, 'mlp_dim_01': 186, 'mlp_dim_02': 323, 'node_hidden_dim': 110, 'edge_hidden_dim': 32, 'depth': 1, 'rep_dropout': 0.04309008061198638, 'train_learning_rate': 0.007701591783921012, 'train_lr_reduce': 0.6}. Best is trial 122 with value: 0.34963202476501465.
[I 2024-12-19 23:44:11,486] Trial 158 finished with value: 1.4743638038635254 and parameters: {'mlp_n_layers': 3, 'mlp_dim_00': 417, 'mlp_dim_01': 169, 'mlp_dim_02': 299, 'node_hidden_dim': 100, 'edge_hidden_dim': 39, 'depth': 1, 'rep_dropout': 0.017397841564804985, 'train_learning_rate': 0.0065818886002691965, 'train_lr_reduce': 0.6}. Best is trial 122 with value: 0.34963202476501465.
[I 2024-12-19 23:44:11,757] Trial 157 finished with value: 1.2995550632476807 and parameters: {'mlp_n_layers': 4, 'mlp_dim_00': 216, 'mlp_dim_01': 254, 'mlp_dim_02': 392, 'mlp_dim_03': 379, 'node_hidden_dim': 106, 'edge_hidden_dim': 121, 'depth': 4, 'rep_dropout': 0.03217997465898325, 'train_learning_rate': 0.00971916408615533, 'train_lr_reduce': 0.6}. Best is trial 122 with value: 0.34963202476501465.
[I 2024-12-19 23:44:13,024] Trial 153 finished with value: 0.3884032666683197 and parameters: {'mlp_n_layers': 4, 'mlp_dim_00': 259, 'mlp_dim_01': 215, 'mlp_dim_02': 223, 'mlp_dim_03': 278, 'node_hidden_dim': 75, 'edge_hidden_dim': 62, 'depth': 1, 'rep_dropout': 0.05459894486805776, 'train_learning_rate': 0.0007156353860656866, 'train_lr_reduce': 0.6}. Best is trial 122 with value: 0.34963202476501465.
[I 2024-12-19 23:44:17,160] Trial 161 finished with value: 1.5790441036224365 and parameters: {'mlp_n_layers': 4, 'mlp_dim_00': 324, 'mlp_dim_01': 214, 'mlp_dim_02': 277, 'mlp_dim_03': 454, 'node_hidden_dim': 126, 'edge_hidden_dim': 37, 'depth': 2, 'rep_dropout': 0.11347331368986134, 'train_learning_rate': 0.000618115705843593, 'train_lr_reduce': 0.6}. Best is trial 122 with value: 0.34963202476501465.
[I 2024-12-19 23:44:24,350] Trial 160 finished with value: 0.36873742938041687 and parameters: {'mlp_n_layers': 4, 'mlp_dim_00': 333, 'mlp_dim_01': 111, 'mlp_dim_02': 367, 'mlp_dim_03': 283, 'node_hidden_dim': 96, 'edge_hidden_dim': 44, 'depth': 1, 'rep_dropout': 0.01865532952387869, 'train_learning_rate': 0.007401895329312143, 'train_lr_reduce': 0.6}. Best is trial 122 with value: 0.34963202476501465.
[I 2024-12-19 23:44:25,399] Trial 159 finished with value: 0.3612648546695709 and parameters: {'mlp_n_layers': 4, 'mlp_dim_00': 353, 'mlp_dim_01': 172, 'mlp_dim_02': 292, 'mlp_dim_03': 180, 'node_hidden_dim': 105, 'edge_hidden_dim': 37, 'depth': 1, 'rep_dropout': 0.010849239131769677, 'train_learning_rate': 0.0019338783715465247, 'train_lr_reduce': 0.6}. Best is trial 122 with value: 0.34963202476501465.
[I 2024-12-19 23:44:26,516] Trial 162 finished with value: 1.3744511604309082 and parameters: {'mlp_n_layers': 4, 'mlp_dim_00': 251, 'mlp_dim_01': 160, 'mlp_dim_02': 426, 'mlp_dim_03': 333, 'node_hidden_dim': 46, 'edge_hidden_dim': 128, 'depth': 4, 'rep_dropout': 0.10874514608802566, 'train_learning_rate': 0.0009383987902700626, 'train_lr_reduce': 0.6}. Best is trial 122 with value: 0.34963202476501465.
[I 2024-12-19 23:44:27,698] Trial 163 finished with value: 1.2825028896331787 and parameters: {'mlp_n_layers': 4, 'mlp_dim_00': 364, 'mlp_dim_01': 75, 'mlp_dim_02': 368, 'mlp_dim_03': 280, 'node_hidden_dim': 89, 'edge_hidden_dim': 112, 'depth': 1, 'rep_dropout': 0.12235985538130295, 'train_learning_rate': 0.006815374356985833, 'train_lr_reduce': 0.6}. Best is trial 122 with value: 0.34963202476501465.
[I 2024-12-19 23:44:28,384] Trial 164 finished with value: 1.3246854543685913 and parameters: {'mlp_n_layers': 4, 'mlp_dim_00': 361, 'mlp_dim_01': 106, 'mlp_dim_02': 358, 'mlp_dim_03': 154, 'node_hidden_dim': 104, 'edge_hidden_dim': 46, 'depth': 1, 'rep_dropout': 0.021473791837042108, 'train_learning_rate': 0.004401772576125607, 'train_lr_reduce': 0.6}. Best is trial 122 with value: 0.34963202476501465.
[I 2024-12-19 23:44:30,692] Trial 165 finished with value: 1.5623414516448975 and parameters: {'mlp_n_layers': 4, 'mlp_dim_00': 460, 'mlp_dim_01': 116, 'mlp_dim_02': 392, 'mlp_dim_03': 208, 'node_hidden_dim': 60, 'edge_hidden_dim': 92, 'depth': 4, 'rep_dropout': 0.02895138894088853, 'train_learning_rate': 0.0004040443714433477, 'train_lr_reduce': 0.6}. Best is trial 122 with value: 0.34963202476501465.
[I 2024-12-19 23:44:34,068] Trial 168 finished with value: 1.2891649007797241 and parameters: {'mlp_n_layers': 4, 'mlp_dim_00': 409, 'mlp_dim_01': 154, 'mlp_dim_02': 329, 'mlp_dim_03': 251, 'node_hidden_dim': 51, 'edge_hidden_dim': 35, 'depth': 1, 'rep_dropout': 0.017274914029054136, 'train_learning_rate': 0.008885241306865833, 'train_lr_reduce': 0.6}. Best is trial 122 with value: 0.34963202476501465.
