[I 2024-12-26 10:08:42,599] Trial 1576 finished with value: 0.022164298221468925 and parameters: {'L1_hidden_dim': 176, 'L1_layers_atom': 4, 'L1_layers_mol': 3, 'L1_dropout': 0.14618059861440644, 'L1_out_dim': 32, 'L2_hidden_dim': 208, 'L2_layers_atom': 1, 'L2_layers_mol': 1, 'L2_out_dim': 128, 'L2_dropout': 0.015073017075656895, 'L3_hidden_dim': 96, 'L3_layers_atom': 4, 'L3_layers_mol': 2, 'L3_out_dim': 112, 'L3_dropout': 0.06841176954008789, 'n_mlp_layers': 2, 'mlp_dim_0': 360, 'mlp_dim_1': 272, 'num_heads': 1, 'final_dropout': 0.11649930240124823, 'train_learning_rate': 0.0018662154029891658, 'train_lr_reduce': 0.6}. Best is trial 1073 with value: 0.009419886395335197.
[I 2024-12-26 10:09:37,000] Trial 1574 finished with value: 0.009569583460688591 and parameters: {'L1_hidden_dim': 128, 'L1_layers_atom': 2, 'L1_layers_mol': 2, 'L1_dropout': 0.029790911048781715, 'L1_out_dim': 80, 'L2_hidden_dim': 208, 'L2_layers_atom': 1, 'L2_layers_mol': 3, 'L2_out_dim': 96, 'L2_dropout': 0.03115351429963644, 'L3_hidden_dim': 64, 'L3_layers_atom': 3, 'L3_layers_mol': 1, 'L3_out_dim': 128, 'L3_dropout': 0.04710428328377694, 'n_mlp_layers': 3, 'mlp_dim_0': 472, 'mlp_dim_1': 216, 'mlp_dim_2': 464, 'num_heads': 2, 'final_dropout': 0.11014602137566655, 'train_learning_rate': 0.0008301665481443399, 'train_lr_reduce': 0.6}. Best is trial 1073 with value: 0.009419886395335197.
[I 2024-12-26 10:11:04,181] Trial 1577 finished with value: 0.014564543962478638 and parameters: {'L1_hidden_dim': 112, 'L1_layers_atom': 2, 'L1_layers_mol': 3, 'L1_dropout': 0.09033022000168014, 'L1_out_dim': 32, 'L2_hidden_dim': 240, 'L2_layers_atom': 1, 'L2_layers_mol': 2, 'L2_out_dim': 48, 'L2_dropout': 0.1216525901886032, 'L3_hidden_dim': 48, 'L3_layers_atom': 4, 'L3_layers_mol': 2, 'L3_out_dim': 80, 'L3_dropout': 0.27151365350327544, 'n_mlp_layers': 3, 'mlp_dim_0': 320, 'mlp_dim_1': 296, 'mlp_dim_2': 512, 'num_heads': 2, 'final_dropout': 0.12180268590562932, 'train_learning_rate': 0.00027932282119664165, 'train_lr_reduce': 0.6}. Best is trial 1073 with value: 0.009419886395335197.
[I 2024-12-26 10:11:34,669] Trial 1578 finished with value: 0.010767539031803608 and parameters: {'L1_hidden_dim': 112, 'L1_layers_atom': 3, 'L1_layers_mol': 2, 'L1_dropout': 0.028322136182671702, 'L1_out_dim': 32, 'L2_hidden_dim': 208, 'L2_layers_atom': 1, 'L2_layers_mol': 3, 'L2_out_dim': 96, 'L2_dropout': 0.02231868219061171, 'L3_hidden_dim': 128, 'L3_layers_atom': 2, 'L3_layers_mol': 2, 'L3_out_dim': 128, 'L3_dropout': 0.06929460272623847, 'n_mlp_layers': 3, 'mlp_dim_0': 400, 'mlp_dim_1': 256, 'mlp_dim_2': 512, 'num_heads': 2, 'final_dropout': 0.04161936632215731, 'train_learning_rate': 0.0005033785575123357, 'train_lr_reduce': 0.6}. Best is trial 1073 with value: 0.009419886395335197.
[I 2024-12-26 10:12:27,895] Trial 1579 finished with value: 0.016170741990208626 and parameters: {'L1_hidden_dim': 160, 'L1_layers_atom': 4, 'L1_layers_mol': 4, 'L1_dropout': 0.04879373199177921, 'L1_out_dim': 48, 'L2_hidden_dim': 208, 'L2_layers_atom': 2, 'L2_layers_mol': 3, 'L2_out_dim': 112, 'L2_dropout': 0.11250860813528533, 'L3_hidden_dim': 96, 'L3_layers_atom': 1, 'L3_layers_mol': 1, 'L3_out_dim': 128, 'L3_dropout': 0.1325055092910846, 'n_mlp_layers': 1, 'mlp_dim_0': 360, 'num_heads': 1, 'final_dropout': 0.0005431064303673058, 'train_learning_rate': 0.0010344064550448305, 'train_lr_reduce': 0.6}. Best is trial 1073 with value: 0.009419886395335197.
[I 2024-12-26 10:13:29,072] Trial 1581 finished with value: 0.022539185360074043 and parameters: {'L1_hidden_dim': 176, 'L1_layers_atom': 1, 'L1_layers_mol': 2, 'L1_dropout': 0.01684108821391811, 'L1_out_dim': 32, 'L2_hidden_dim': 192, 'L2_layers_atom': 1, 'L2_layers_mol': 1, 'L2_out_dim': 112, 'L2_dropout': 0.13239681148198487, 'L3_hidden_dim': 64, 'L3_layers_atom': 2, 'L3_layers_mol': 3, 'L3_out_dim': 80, 'L3_dropout': 0.2958778871669246, 'n_mlp_layers': 1, 'mlp_dim_0': 168, 'num_heads': 1, 'final_dropout': 0.17735274111896077, 'train_learning_rate': 0.004142163651767441, 'train_lr_reduce': 0.6}. Best is trial 1073 with value: 0.009419886395335197.
[I 2024-12-26 10:13:32,922] Trial 1580 finished with value: 0.01102827861905098 and parameters: {'L1_hidden_dim': 192, 'L1_layers_atom': 1, 'L1_layers_mol': 1, 'L1_dropout': 0.09556793697991879, 'L1_out_dim': 128, 'L2_hidden_dim': 208, 'L2_layers_atom': 1, 'L2_layers_mol': 4, 'L2_out_dim': 96, 'L2_dropout': 0.022168482528817545, 'L3_hidden_dim': 80, 'L3_layers_atom': 4, 'L3_layers_mol': 1, 'L3_out_dim': 96, 'L3_dropout': 0.17872583467884817, 'n_mlp_layers': 3, 'mlp_dim_0': 344, 'mlp_dim_1': 248, 'mlp_dim_2': 472, 'num_heads': 2, 'final_dropout': 0.047850609696826, 'train_learning_rate': 0.0003196059966553971, 'train_lr_reduce': 0.6}. Best is trial 1073 with value: 0.009419886395335197.
[I 2024-12-26 10:14:48,908] Trial 1582 finished with value: 0.016838451847434044 and parameters: {'L1_hidden_dim': 112, 'L1_layers_atom': 3, 'L1_layers_mol': 4, 'L1_dropout': 0.03220021948259217, 'L1_out_dim': 96, 'L2_hidden_dim': 256, 'L2_layers_atom': 1, 'L2_layers_mol': 4, 'L2_out_dim': 48, 'L2_dropout': 0.0471492805200234, 'L3_hidden_dim': 32, 'L3_layers_atom': 4, 'L3_layers_mol': 2, 'L3_out_dim': 96, 'L3_dropout': 0.12369029784642868, 'n_mlp_layers': 3, 'mlp_dim_0': 200, 'mlp_dim_1': 208, 'mlp_dim_2': 464, 'num_heads': 1, 'final_dropout': 0.09726684407307744, 'train_learning_rate': 0.00024958850569682645, 'train_lr_reduce': 0.6}. Best is trial 1073 with value: 0.009419886395335197.
[I 2024-12-26 10:16:04,914] Trial 1584 finished with value: 0.012185069732367992 and parameters: {'L1_hidden_dim': 176, 'L1_layers_atom': 3, 'L1_layers_mol': 2, 'L1_dropout': 0.051475776510777886, 'L1_out_dim': 48, 'L2_hidden_dim': 256, 'L2_layers_atom': 1, 'L2_layers_mol': 4, 'L2_out_dim': 128, 'L2_dropout': 0.027828017388675214, 'L3_hidden_dim': 80, 'L3_layers_atom': 2, 'L3_layers_mol': 1, 'L3_out_dim': 128, 'L3_dropout': 0.007837425096346051, 'n_mlp_layers': 3, 'mlp_dim_0': 480, 'mlp_dim_1': 208, 'mlp_dim_2': 472, 'num_heads': 1, 'final_dropout': 0.11476030818945956, 'train_learning_rate': 0.0008757450507599715, 'train_lr_reduce': 0.6}. Best is trial 1073 with value: 0.009419886395335197.
[I 2024-12-26 10:16:29,244] Trial 1583 finished with value: 0.011963334865868092 and parameters: {'L1_hidden_dim': 112, 'L1_layers_atom': 4, 'L1_layers_mol': 3, 'L1_dropout': 0.020184193933361957, 'L1_out_dim': 64, 'L2_hidden_dim': 208, 'L2_layers_atom': 1, 'L2_layers_mol': 4, 'L2_out_dim': 128, 'L2_dropout': 0.0338230338800825, 'L3_hidden_dim': 96, 'L3_layers_atom': 3, 'L3_layers_mol': 2, 'L3_out_dim': 128, 'L3_dropout': 0.13863065893554133, 'n_mlp_layers': 2, 'mlp_dim_0': 280, 'mlp_dim_1': 240, 'num_heads': 1, 'final_dropout': 0.06147214962840816, 'train_learning_rate': 0.00031528488582225337, 'train_lr_reduce': 0.6}. Best is trial 1073 with value: 0.009419886395335197.
[I 2024-12-26 10:17:39,712] Trial 1585 finished with value: 0.014691147953271866 and parameters: {'L1_hidden_dim': 96, 'L1_layers_atom': 3, 'L1_layers_mol': 2, 'L1_dropout': 0.15105992706400023, 'L1_out_dim': 48, 'L2_hidden_dim': 224, 'L2_layers_atom': 2, 'L2_layers_mol': 3, 'L2_out_dim': 96, 'L2_dropout': 0.06379857323178827, 'L3_hidden_dim': 96, 'L3_layers_atom': 4, 'L3_layers_mol': 2, 'L3_out_dim': 128, 'L3_dropout': 0.01602342470620713, 'n_mlp_layers': 3, 'mlp_dim_0': 424, 'mlp_dim_1': 232, 'mlp_dim_2': 472, 'num_heads': 2, 'final_dropout': 0.11143715605706117, 'train_learning_rate': 0.000263120092595327, 'train_lr_reduce': 0.6}. Best is trial 1073 with value: 0.009419886395335197.
[I 2024-12-26 10:18:11,879] Trial 1586 finished with value: 0.010475301183760166 and parameters: {'L1_hidden_dim': 240, 'L1_layers_atom': 2, 'L1_layers_mol': 4, 'L1_dropout': 0.015379213799689637, 'L1_out_dim': 32, 'L2_hidden_dim': 192, 'L2_layers_atom': 1, 'L2_layers_mol': 3, 'L2_out_dim': 64, 'L2_dropout': 0.0324423784921212, 'L3_hidden_dim': 112, 'L3_layers_atom': 4, 'L3_layers_mol': 1, 'L3_out_dim': 96, 'L3_dropout': 0.1213227421272204, 'n_mlp_layers': 3, 'mlp_dim_0': 416, 'mlp_dim_1': 232, 'mlp_dim_2': 512, 'num_heads': 2, 'final_dropout': 0.15307348853886074, 'train_learning_rate': 0.0006884544751661696, 'train_lr_reduce': 0.6}. Best is trial 1073 with value: 0.009419886395335197.
[I 2024-12-26 10:18:56,200] Trial 1587 finished with value: 0.011912386864423752 and parameters: {'L1_hidden_dim': 192, 'L1_layers_atom': 1, 'L1_layers_mol': 2, 'L1_dropout': 0.051201576600732684, 'L1_out_dim': 64, 'L2_hidden_dim': 208, 'L2_layers_atom': 1, 'L2_layers_mol': 4, 'L2_out_dim': 80, 'L2_dropout': 0.02185025221952335, 'L3_hidden_dim': 48, 'L3_layers_atom': 3, 'L3_layers_mol': 2, 'L3_out_dim': 112, 'L3_dropout': 0.01717048560215094, 'n_mlp_layers': 2, 'mlp_dim_0': 384, 'mlp_dim_1': 200, 'num_heads': 2, 'final_dropout': 0.14580824572139187, 'train_learning_rate': 0.000610351945405577, 'train_lr_reduce': 0.6}. Best is trial 1073 with value: 0.009419886395335197.
[I 2024-12-26 10:20:12,965] Trial 1588 finished with value: 0.010849383659660816 and parameters: {'L1_hidden_dim': 96, 'L1_layers_atom': 3, 'L1_layers_mol': 3, 'L1_dropout': 0.015417385305294348, 'L1_out_dim': 64, 'L2_hidden_dim': 224, 'L2_layers_atom': 1, 'L2_layers_mol': 4, 'L2_out_dim': 64, 'L2_dropout': 0.08535862000335229, 'L3_hidden_dim': 48, 'L3_layers_atom': 4, 'L3_layers_mol': 2, 'L3_out_dim': 80, 'L3_dropout': 0.09600135020783895, 'n_mlp_layers': 3, 'mlp_dim_0': 440, 'mlp_dim_1': 216, 'mlp_dim_2': 512, 'num_heads': 2, 'final_dropout': 0.19037222587720085, 'train_learning_rate': 0.001327062027872375, 'train_lr_reduce': 0.6}. Best is trial 1073 with value: 0.009419886395335197.
[I 2024-12-26 10:20:51,857] Trial 1589 finished with value: 0.01197965256869793 and parameters: {'L1_hidden_dim': 160, 'L1_layers_atom': 2, 'L1_layers_mol': 2, 'L1_dropout': 0.03538699804035778, 'L1_out_dim': 96, 'L2_hidden_dim': 240, 'L2_layers_atom': 1, 'L2_layers_mol': 3, 'L2_out_dim': 96, 'L2_dropout': 0.045215829915075494, 'L3_hidden_dim': 64, 'L3_layers_atom': 3, 'L3_layers_mol': 1, 'L3_out_dim': 128, 'L3_dropout': 0.05677264289591586, 'n_mlp_layers': 3, 'mlp_dim_0': 456, 'mlp_dim_1': 192, 'mlp_dim_2': 424, 'num_heads': 2, 'final_dropout': 0.09904471101139811, 'train_learning_rate': 0.0007074198723462343, 'train_lr_reduce': 0.6}. Best is trial 1073 with value: 0.009419886395335197.
[I 2024-12-26 10:21:35,100] Trial 1590 finished with value: 0.0149000259116292 and parameters: {'L1_hidden_dim': 144, 'L1_layers_atom': 4, 'L1_layers_mol': 3, 'L1_dropout': 0.032520589664013486, 'L1_out_dim': 32, 'L2_hidden_dim': 192, 'L2_layers_atom': 1, 'L2_layers_mol': 3, 'L2_out_dim': 128, 'L2_dropout': 0.07929956637885152, 'L3_hidden_dim': 96, 'L3_layers_atom': 4, 'L3_layers_mol': 1, 'L3_out_dim': 112, 'L3_dropout': 0.060645519348871205, 'n_mlp_layers': 3, 'mlp_dim_0': 352, 'mlp_dim_1': 216, 'mlp_dim_2': 392, 'num_heads': 2, 'final_dropout': 0.20216633750909674, 'train_learning_rate': 0.0002086695966672451, 'train_lr_reduce': 0.6}. Best is trial 1073 with value: 0.009419886395335197.
[I 2024-12-26 10:22:07,790] Trial 1591 finished with value: 0.014462582767009735 and parameters: {'L1_hidden_dim': 256, 'L1_layers_atom': 2, 'L1_layers_mol': 1, 'L1_dropout': 0.22805078205660917, 'L1_out_dim': 96, 'L2_hidden_dim': 256, 'L2_layers_atom': 2, 'L2_layers_mol': 3, 'L2_out_dim': 112, 'L2_dropout': 0.09026037998587784, 'L3_hidden_dim': 80, 'L3_layers_atom': 2, 'L3_layers_mol': 2, 'L3_out_dim': 64, 'L3_dropout': 0.07914499652030363, 'n_mlp_layers': 3, 'mlp_dim_0': 192, 'mlp_dim_1': 256, 'mlp_dim_2': 464, 'num_heads': 2, 'final_dropout': 0.15423846887116605, 'train_learning_rate': 0.0008045710393417198, 'train_lr_reduce': 0.6}. Best is trial 1073 with value: 0.009419886395335197.
[I 2024-12-26 10:23:35,916] Trial 1592 finished with value: 0.010845369659364223 and parameters: {'L1_hidden_dim': 192, 'L1_layers_atom': 4, 'L1_layers_mol': 1, 'L1_dropout': 0.013279894458105995, 'L1_out_dim': 48, 'L2_hidden_dim': 160, 'L2_layers_atom': 1, 'L2_layers_mol': 3, 'L2_out_dim': 128, 'L2_dropout': 0.0030420032986355205, 'L3_hidden_dim': 112, 'L3_layers_atom': 4, 'L3_layers_mol': 2, 'L3_out_dim': 112, 'L3_dropout': 0.062220878463123616, 'n_mlp_layers': 2, 'mlp_dim_0': 184, 'mlp_dim_1': 208, 'num_heads': 1, 'final_dropout': 0.057046470993738996, 'train_learning_rate': 0.0010958130528068543, 'train_lr_reduce': 0.6}. Best is trial 1073 with value: 0.009419886395335197.
[I 2024-12-26 10:24:13,550] Trial 1593 finished with value: 0.01192591991275549 and parameters: {'L1_hidden_dim': 208, 'L1_layers_atom': 4, 'L1_layers_mol': 3, 'L1_dropout': 0.0358543041759532, 'L1_out_dim': 32, 'L2_hidden_dim': 192, 'L2_layers_atom': 2, 'L2_layers_mol': 3, 'L2_out_dim': 64, 'L2_dropout': 0.0017862847201919052, 'L3_hidden_dim': 96, 'L3_layers_atom': 3, 'L3_layers_mol': 1, 'L3_out_dim': 128, 'L3_dropout': 0.10424930854556072, 'n_mlp_layers': 3, 'mlp_dim_0': 272, 'mlp_dim_1': 264, 'mlp_dim_2': 464, 'num_heads': 2, 'final_dropout': 0.19157915546574183, 'train_learning_rate': 0.00013624378178292925, 'train_lr_reduce': 0.6}. Best is trial 1073 with value: 0.009419886395335197.
[I 2024-12-26 10:26:10,840] Trial 1594 finished with value: 0.015642045065760612 and parameters: {'L1_hidden_dim': 144, 'L1_layers_atom': 1, 'L1_layers_mol': 2, 'L1_dropout': 0.02035705220167879, 'L1_out_dim': 96, 'L2_hidden_dim': 208, 'L2_layers_atom': 1, 'L2_layers_mol': 4, 'L2_out_dim': 96, 'L2_dropout': 0.10524390006782415, 'L3_hidden_dim': 80, 'L3_layers_atom': 2, 'L3_layers_mol': 1, 'L3_out_dim': 80, 'L3_dropout': 0.15861931295796533, 'n_mlp_layers': 3, 'mlp_dim_0': 456, 'mlp_dim_1': 264, 'mlp_dim_2': 384, 'num_heads': 2, 'final_dropout': 0.023774537050250823, 'train_learning_rate': 0.00013472741493137906, 'train_lr_reduce': 0.6}. Best is trial 1073 with value: 0.009419886395335197.
[I 2024-12-26 10:26:48,579] Trial 1596 finished with value: 0.010567150078713894 and parameters: {'L1_hidden_dim': 128, 'L1_layers_atom': 3, 'L1_layers_mol': 2, 'L1_dropout': 0.0012895237327267628, 'L1_out_dim': 48, 'L2_hidden_dim': 192, 'L2_layers_atom': 1, 'L2_layers_mol': 3, 'L2_out_dim': 96, 'L2_dropout': 0.07195324287497752, 'L3_hidden_dim': 80, 'L3_layers_atom': 3, 'L3_layers_mol': 1, 'L3_out_dim': 112, 'L3_dropout': 0.033003795067229086, 'n_mlp_layers': 3, 'mlp_dim_0': 312, 'mlp_dim_1': 200, 'mlp_dim_2': 512, 'num_heads': 2, 'final_dropout': 0.10731988487699509, 'train_learning_rate': 0.0007878407375950164, 'train_lr_reduce': 0.6}. Best is trial 1073 with value: 0.009419886395335197.
[I 2024-12-26 10:27:04,443] Trial 1595 finished with value: 0.01608358509838581 and parameters: {'L1_hidden_dim': 96, 'L1_layers_atom': 2, 'L1_layers_mol': 2, 'L1_dropout': 0.006257379240453005, 'L1_out_dim': 64, 'L2_hidden_dim': 224, 'L2_layers_atom': 2, 'L2_layers_mol': 2, 'L2_out_dim': 96, 'L2_dropout': 0.04665901068433364, 'L3_hidden_dim': 48, 'L3_layers_atom': 4, 'L3_layers_mol': 1, 'L3_out_dim': 96, 'L3_dropout': 0.1851237223630847, 'n_mlp_layers': 3, 'mlp_dim_0': 440, 'mlp_dim_1': 232, 'mlp_dim_2': 512, 'num_heads': 2, 'final_dropout': 0.1997206844169957, 'train_learning_rate': 0.0024185287771053177, 'train_lr_reduce': 0.6}. Best is trial 1073 with value: 0.009419886395335197.
[I 2024-12-26 10:28:28,999] Trial 1597 finished with value: 0.010937627404928207 and parameters: {'L1_hidden_dim': 96, 'L1_layers_atom': 2, 'L1_layers_mol': 2, 'L1_dropout': 0.02934797036391538, 'L1_out_dim': 80, 'L2_hidden_dim': 192, 'L2_layers_atom': 1, 'L2_layers_mol': 2, 'L2_out_dim': 64, 'L2_dropout': 0.00908023493430881, 'L3_hidden_dim': 64, 'L3_layers_atom': 3, 'L3_layers_mol': 1, 'L3_out_dim': 128, 'L3_dropout': 0.09796368247190992, 'n_mlp_layers': 3, 'mlp_dim_0': 344, 'mlp_dim_1': 200, 'mlp_dim_2': 440, 'num_heads': 2, 'final_dropout': 0.11038991544603009, 'train_learning_rate': 0.0012685471763224088, 'train_lr_reduce': 0.6}. Best is trial 1073 with value: 0.009419886395335197.
[I 2024-12-26 10:29:42,549] Trial 1598 finished with value: 0.00982316117733717 and parameters: {'L1_hidden_dim': 112, 'L1_layers_atom': 1, 'L1_layers_mol': 2, 'L1_dropout': 0.09193616832557017, 'L1_out_dim': 64, 'L2_hidden_dim': 160, 'L2_layers_atom': 1, 'L2_layers_mol': 2, 'L2_out_dim': 128, 'L2_dropout': 0.003344820971496087, 'L3_hidden_dim': 96, 'L3_layers_atom': 4, 'L3_layers_mol': 1, 'L3_out_dim': 112, 'L3_dropout': 0.05929379103463865, 'n_mlp_layers': 3, 'mlp_dim_0': 312, 'mlp_dim_1': 256, 'mlp_dim_2': 360, 'num_heads': 2, 'final_dropout': 0.0022077857871349305, 'train_learning_rate': 0.00025051470991638313, 'train_lr_reduce': 0.6}. Best is trial 1073 with value: 0.009419886395335197.
[I 2024-12-26 10:31:11,208] Trial 1600 finished with value: 0.011337446048855782 and parameters: {'L1_hidden_dim': 96, 'L1_layers_atom': 1, 'L1_layers_mol': 3, 'L1_dropout': 0.0686798688794205, 'L1_out_dim': 112, 'L2_hidden_dim': 240, 'L2_layers_atom': 1, 'L2_layers_mol': 4, 'L2_out_dim': 112, 'L2_dropout': 0.04578803167376534, 'L3_hidden_dim': 128, 'L3_layers_atom': 4, 'L3_layers_mol': 2, 'L3_out_dim': 112, 'L3_dropout': 0.06156807038903887, 'n_mlp_layers': 3, 'mlp_dim_0': 296, 'mlp_dim_1': 200, 'mlp_dim_2': 440, 'num_heads': 2, 'final_dropout': 0.15702715119057867, 'train_learning_rate': 0.00024534291317797373, 'train_lr_reduce': 0.6}. Best is trial 1073 with value: 0.009419886395335197.
[I 2024-12-26 10:31:21,563] Trial 1599 finished with value: 0.013112949207425117 and parameters: {'L1_hidden_dim': 160, 'L1_layers_atom': 4, 'L1_layers_mol': 3, 'L1_dropout': 0.04660308847949192, 'L1_out_dim': 48, 'L2_hidden_dim': 128, 'L2_layers_atom': 1, 'L2_layers_mol': 2, 'L2_out_dim': 112, 'L2_dropout': 0.018047672568837665, 'L3_hidden_dim': 80, 'L3_layers_atom': 4, 'L3_layers_mol': 3, 'L3_out_dim': 128, 'L3_dropout': 0.060742874399666566, 'n_mlp_layers': 3, 'mlp_dim_0': 400, 'mlp_dim_1': 280, 'mlp_dim_2': 376, 'num_heads': 2, 'final_dropout': 0.024446359751781208, 'train_learning_rate': 0.0023330971551889343, 'train_lr_reduce': 0.6}. Best is trial 1073 with value: 0.009419886395335197.
[I 2024-12-26 10:32:26,512] Trial 1601 finished with value: 0.011097247712314129 and parameters: {'L1_hidden_dim': 112, 'L1_layers_atom': 1, 'L1_layers_mol': 2, 'L1_dropout': 0.10408442119822978, 'L1_out_dim': 48, 'L2_hidden_dim': 224, 'L2_layers_atom': 1, 'L2_layers_mol': 2, 'L2_out_dim': 96, 'L2_dropout': 0.038567874665453916, 'L3_hidden_dim': 96, 'L3_layers_atom': 4, 'L3_layers_mol': 1, 'L3_out_dim': 112, 'L3_dropout': 0.023711795575460687, 'n_mlp_layers': 3, 'mlp_dim_0': 336, 'mlp_dim_1': 240, 'mlp_dim_2': 344, 'num_heads': 2, 'final_dropout': 0.06698801865170334, 'train_learning_rate': 0.00030280909621361153, 'train_lr_reduce': 0.6}. Best is trial 1073 with value: 0.009419886395335197.
[I 2024-12-26 10:33:39,156] Trial 1603 finished with value: 0.011788164265453815 and parameters: {'L1_hidden_dim': 144, 'L1_layers_atom': 2, 'L1_layers_mol': 4, 'L1_dropout': 0.038496539814003326, 'L1_out_dim': 96, 'L2_hidden_dim': 256, 'L2_layers_atom': 1, 'L2_layers_mol': 3, 'L2_out_dim': 112, 'L2_dropout': 0.008870506049064489, 'L3_hidden_dim': 64, 'L3_layers_atom': 3, 'L3_layers_mol': 1, 'L3_out_dim': 112, 'L3_dropout': 0.05691738684905803, 'n_mlp_layers': 3, 'mlp_dim_0': 128, 'mlp_dim_1': 248, 'mlp_dim_2': 360, 'num_heads': 2, 'final_dropout': 0.2609928646259817, 'train_learning_rate': 0.00060303519143294, 'train_lr_reduce': 0.6}. Best is trial 1073 with value: 0.009419886395335197.
[I 2024-12-26 10:34:31,863] Trial 1602 finished with value: 0.013624250888824463 and parameters: {'L1_hidden_dim': 96, 'L1_layers_atom': 3, 'L1_layers_mol': 3, 'L1_dropout': 0.07893587791734129, 'L1_out_dim': 80, 'L2_hidden_dim': 144, 'L2_layers_atom': 1, 'L2_layers_mol': 2, 'L2_out_dim': 128, 'L2_dropout': 0.0070692626964985635, 'L3_hidden_dim': 96, 'L3_layers_atom': 4, 'L3_layers_mol': 2, 'L3_out_dim': 80, 'L3_dropout': 0.08809847524066083, 'n_mlp_layers': 3, 'mlp_dim_0': 320, 'mlp_dim_1': 248, 'mlp_dim_2': 368, 'num_heads': 2, 'final_dropout': 0.005893874917200823, 'train_learning_rate': 0.00010461824186964418, 'train_lr_reduce': 0.6}. Best is trial 1073 with value: 0.009419886395335197.
[I 2024-12-26 10:35:29,429] Trial 1605 finished with value: 0.01576732099056244 and parameters: {'L1_hidden_dim': 128, 'L1_layers_atom': 1, 'L1_layers_mol': 2, 'L1_dropout': 0.11859671643429782, 'L1_out_dim': 128, 'L2_hidden_dim': 80, 'L2_layers_atom': 3, 'L2_layers_mol': 3, 'L2_out_dim': 128, 'L2_dropout': 0.27724421338333305, 'L3_hidden_dim': 48, 'L3_layers_atom': 2, 'L3_layers_mol': 2, 'L3_out_dim': 96, 'L3_dropout': 0.08089686632268571, 'n_mlp_layers': 3, 'mlp_dim_0': 496, 'mlp_dim_1': 216, 'mlp_dim_2': 376, 'num_heads': 1, 'final_dropout': 0.29134871190968814, 'train_learning_rate': 0.004328118845196512, 'train_lr_reduce': 0.6}. Best is trial 1073 with value: 0.009419886395335197.
[I 2024-12-26 10:36:29,668] Trial 1604 finished with value: 0.012841958552598953 and parameters: {'L1_hidden_dim': 128, 'L1_layers_atom': 1, 'L1_layers_mol': 3, 'L1_dropout': 0.03900918269454916, 'L1_out_dim': 80, 'L2_hidden_dim': 160, 'L2_layers_atom': 1, 'L2_layers_mol': 1, 'L2_out_dim': 128, 'L2_dropout': 0.01967660540893122, 'L3_hidden_dim': 80, 'L3_layers_atom': 4, 'L3_layers_mol': 1, 'L3_out_dim': 112, 'L3_dropout': 0.07406641085792749, 'n_mlp_layers': 3, 'mlp_dim_0': 232, 'mlp_dim_1': 256, 'mlp_dim_2': 400, 'num_heads': 2, 'final_dropout': 0.1353236648429863, 'train_learning_rate': 0.00014442716401086671, 'train_lr_reduce': 0.6}. Best is trial 1073 with value: 0.009419886395335197.
