[I 2024-12-15 23:23:25,039] Trial 989 finished with value: 0.10391562432050705 and parameters: {'mlp_n_layers': 2, 'mlp_dim_00': 208, 'mlp_dim_01': 48, 'hidden_channels': 80, 'num_layers': 4, 'num_timesteps': 4, 'dropout': 0.00045575997691232883, 'train_learning_rate': 0.009958727013944, 'train_lr_reduce': 0.6}. Best is trial 130 with value: 0.0812772810459137.
[I 2024-12-15 23:23:34,392] Trial 990 finished with value: 0.11559931933879852 and parameters: {'mlp_n_layers': 2, 'mlp_dim_00': 176, 'mlp_dim_01': 192, 'hidden_channels': 96, 'num_layers': 3, 'num_timesteps': 2, 'dropout': 0.26211750395456773, 'train_learning_rate': 0.004809782472307085, 'train_lr_reduce': 0.6}. Best is trial 130 with value: 0.0812772810459137.
[I 2024-12-15 23:23:36,456] Trial 992 finished with value: 0.11541654914617538 and parameters: {'mlp_n_layers': 2, 'mlp_dim_00': 192, 'mlp_dim_01': 80, 'hidden_channels': 32, 'num_layers': 3, 'num_timesteps': 3, 'dropout': 0.22975331707085198, 'train_learning_rate': 0.003545551926402722, 'train_lr_reduce': 0.6}. Best is trial 130 with value: 0.0812772810459137.
[I 2024-12-15 23:23:37,653] Trial 991 finished with value: 0.10615451633930206 and parameters: {'mlp_n_layers': 3, 'mlp_dim_00': 96, 'mlp_dim_01': 224, 'mlp_dim_02': 144, 'hidden_channels': 32, 'num_layers': 2, 'num_timesteps': 4, 'dropout': 0.10366118393433893, 'train_learning_rate': 0.002275300942660666, 'train_lr_reduce': 0.6}. Best is trial 130 with value: 0.0812772810459137.
[I 2024-12-15 23:23:48,563] Trial 993 finished with value: 0.11772170662879944 and parameters: {'mlp_n_layers': 2, 'mlp_dim_00': 112, 'mlp_dim_01': 96, 'hidden_channels': 80, 'num_layers': 3, 'num_timesteps': 4, 'dropout': 0.1609185400907023, 'train_learning_rate': 0.004503427483761693, 'train_lr_reduce': 0.6}. Best is trial 130 with value: 0.0812772810459137.
[I 2024-12-15 23:23:55,778] Trial 994 finished with value: 0.12235423922538757 and parameters: {'mlp_n_layers': 2, 'mlp_dim_00': 224, 'mlp_dim_01': 192, 'hidden_channels': 64, 'num_layers': 3, 'num_timesteps': 3, 'dropout': 0.2544103605855554, 'train_learning_rate': 0.009051718552507198, 'train_lr_reduce': 0.6}. Best is trial 130 with value: 0.0812772810459137.
[I 2024-12-15 23:24:04,136] Trial 996 finished with value: 0.18119783699512482 and parameters: {'mlp_n_layers': 4, 'mlp_dim_00': 32, 'mlp_dim_01': 96, 'mlp_dim_02': 208, 'mlp_dim_03': 160, 'hidden_channels': 240, 'num_layers': 2, 'num_timesteps': 1, 'dropout': 0.17504149113564438, 'train_learning_rate': 0.0013033213046647306, 'train_lr_reduce': 0.6}. Best is trial 130 with value: 0.0812772810459137.
[I 2024-12-15 23:24:04,872] Trial 995 finished with value: 0.13880719244480133 and parameters: {'mlp_n_layers': 3, 'mlp_dim_00': 208, 'mlp_dim_01': 176, 'mlp_dim_02': 112, 'hidden_channels': 176, 'num_layers': 4, 'num_timesteps': 1, 'dropout': 0.048145499602963826, 'train_learning_rate': 0.0003695221489628462, 'train_lr_reduce': 0.6}. Best is trial 130 with value: 0.0812772810459137.
[I 2024-12-15 23:24:09,044] Trial 997 finished with value: 0.12901590764522552 and parameters: {'mlp_n_layers': 2, 'mlp_dim_00': 112, 'mlp_dim_01': 176, 'hidden_channels': 64, 'num_layers': 2, 'num_timesteps': 4, 'dropout': 0.1546204761697736, 'train_learning_rate': 0.00496037656057132, 'train_lr_reduce': 0.6}. Best is trial 130 with value: 0.0812772810459137.
[I 2024-12-15 23:24:15,858] Trial 998 finished with value: 0.0903899222612381 and parameters: {'mlp_n_layers': 3, 'mlp_dim_00': 240, 'mlp_dim_01': 208, 'mlp_dim_02': 144, 'hidden_channels': 32, 'num_layers': 2, 'num_timesteps': 3, 'dropout': 0.2754924803535853, 'train_learning_rate': 0.0098276999222533, 'train_lr_reduce': 0.6}. Best is trial 130 with value: 0.0812772810459137.
[I 2024-12-15 23:24:19,900] Trial 999 finished with value: 0.1268998384475708 and parameters: {'mlp_n_layers': 2, 'mlp_dim_00': 96, 'mlp_dim_01': 64, 'hidden_channels': 48, 'num_layers': 3, 'num_timesteps': 2, 'dropout': 0.2505506413175199, 'train_learning_rate': 0.009148953444940747, 'train_lr_reduce': 0.6}. Best is trial 130 with value: 0.0812772810459137.
[I 2024-12-15 23:24:24,864] Trial 1000 finished with value: 0.12589772045612335 and parameters: {'mlp_n_layers': 2, 'mlp_dim_00': 96, 'mlp_dim_01': 96, 'hidden_channels': 96, 'num_layers': 3, 'num_timesteps': 3, 'dropout': 0.2692113812170949, 'train_learning_rate': 0.0022658060902348816, 'train_lr_reduce': 0.6}. Best is trial 130 with value: 0.0812772810459137.
[I 2024-12-15 23:24:31,685] Trial 1001 finished with value: 0.11681914329528809 and parameters: {'mlp_n_layers': 2, 'mlp_dim_00': 160, 'mlp_dim_01': 192, 'hidden_channels': 32, 'num_layers': 3, 'num_timesteps': 3, 'dropout': 0.14982444539063086, 'train_learning_rate': 0.0042064728206170025, 'train_lr_reduce': 0.6}. Best is trial 130 with value: 0.0812772810459137.
[I 2024-12-15 23:24:31,904] Trial 1002 finished with value: 0.12256636470556259 and parameters: {'mlp_n_layers': 2, 'mlp_dim_00': 176, 'mlp_dim_01': 64, 'hidden_channels': 64, 'num_layers': 3, 'num_timesteps': 3, 'dropout': 0.20077689161374557, 'train_learning_rate': 0.004200824977511911, 'train_lr_reduce': 0.6}. Best is trial 130 with value: 0.0812772810459137.
[I 2024-12-15 23:24:39,351] Trial 1003 finished with value: 0.12540914118289948 and parameters: {'mlp_n_layers': 4, 'mlp_dim_00': 240, 'mlp_dim_01': 256, 'mlp_dim_02': 144, 'mlp_dim_03': 256, 'hidden_channels': 64, 'num_layers': 3, 'num_timesteps': 3, 'dropout': 0.2706088192777616, 'train_learning_rate': 0.003677801354222911, 'train_lr_reduce': 0.6}. Best is trial 130 with value: 0.0812772810459137.
[I 2024-12-15 23:24:45,786] Trial 1004 finished with value: 0.10356093943119049 and parameters: {'mlp_n_layers': 2, 'mlp_dim_00': 240, 'mlp_dim_01': 224, 'hidden_channels': 32, 'num_layers': 3, 'num_timesteps': 3, 'dropout': 0.24044390619243858, 'train_learning_rate': 0.005092519760993489, 'train_lr_reduce': 0.6}. Best is trial 130 with value: 0.0812772810459137.
[I 2024-12-15 23:24:48,988] Trial 1005 finished with value: 0.09941139817237854 and parameters: {'mlp_n_layers': 2, 'mlp_dim_00': 224, 'mlp_dim_01': 208, 'hidden_channels': 48, 'num_layers': 2, 'num_timesteps': 3, 'dropout': 0.29053978792955854, 'train_learning_rate': 0.00943050078403082, 'train_lr_reduce': 0.6}. Best is trial 130 with value: 0.0812772810459137.
[I 2024-12-15 23:24:59,303] Trial 1007 finished with value: 0.10300269722938538 and parameters: {'mlp_n_layers': 3, 'mlp_dim_00': 208, 'mlp_dim_01': 208, 'mlp_dim_02': 128, 'hidden_channels': 64, 'num_layers': 1, 'num_timesteps': 4, 'dropout': 0.28773205436153415, 'train_learning_rate': 0.0073634945484512436, 'train_lr_reduce': 0.6}. Best is trial 130 with value: 0.0812772810459137.
[I 2024-12-15 23:25:02,845] Trial 1006 finished with value: 0.12851525843143463 and parameters: {'mlp_n_layers': 2, 'mlp_dim_00': 256, 'mlp_dim_01': 96, 'hidden_channels': 96, 'num_layers': 3, 'num_timesteps': 1, 'dropout': 0.11621339653152982, 'train_learning_rate': 0.00026130903487324225, 'train_lr_reduce': 0.6}. Best is trial 130 with value: 0.0812772810459137.
[I 2024-12-15 23:25:13,050] Trial 1008 finished with value: 0.1349632441997528 and parameters: {'mlp_n_layers': 2, 'mlp_dim_00': 128, 'mlp_dim_01': 144, 'hidden_channels': 128, 'num_layers': 3, 'num_timesteps': 2, 'dropout': 0.10336456528374648, 'train_learning_rate': 0.0002648383645859997, 'train_lr_reduce': 0.6}. Best is trial 130 with value: 0.0812772810459137.
[I 2024-12-15 23:25:15,840] Trial 1010 finished with value: 0.09740786254405975 and parameters: {'mlp_n_layers': 3, 'mlp_dim_00': 240, 'mlp_dim_01': 192, 'mlp_dim_02': 144, 'hidden_channels': 48, 'num_layers': 2, 'num_timesteps': 3, 'dropout': 0.22944006862360217, 'train_learning_rate': 0.008499045245971445, 'train_lr_reduce': 0.6}. Best is trial 130 with value: 0.0812772810459137.
[I 2024-12-15 23:25:18,818] Trial 1009 finished with value: 0.12243745476007462 and parameters: {'mlp_n_layers': 2, 'mlp_dim_00': 128, 'mlp_dim_01': 80, 'hidden_channels': 48, 'num_layers': 3, 'num_timesteps': 3, 'dropout': 0.23035109057305128, 'train_learning_rate': 0.008100070647286633, 'train_lr_reduce': 0.6}. Best is trial 130 with value: 0.0812772810459137.
[I 2024-12-15 23:25:26,456] Trial 1012 finished with value: 0.12731382250785828 and parameters: {'mlp_n_layers': 2, 'mlp_dim_00': 128, 'mlp_dim_01': 96, 'hidden_channels': 96, 'num_layers': 2, 'num_timesteps': 3, 'dropout': 0.17992987754415138, 'train_learning_rate': 0.007408956044843536, 'train_lr_reduce': 0.6}. Best is trial 130 with value: 0.0812772810459137.
[I 2024-12-15 23:25:30,654] Trial 1011 finished with value: 0.10851448029279709 and parameters: {'mlp_n_layers': 3, 'mlp_dim_00': 240, 'mlp_dim_01': 256, 'mlp_dim_02': 128, 'hidden_channels': 32, 'num_layers': 2, 'num_timesteps': 3, 'dropout': 0.29418185368819755, 'train_learning_rate': 0.004965567968474826, 'train_lr_reduce': 0.6}. Best is trial 130 with value: 0.0812772810459137.
[I 2024-12-15 23:25:32,532] Trial 1013 finished with value: 0.08391483128070831 and parameters: {'mlp_n_layers': 2, 'mlp_dim_00': 128, 'mlp_dim_01': 256, 'hidden_channels': 32, 'num_layers': 2, 'num_timesteps': 4, 'dropout': 0.06411868311545896, 'train_learning_rate': 0.00882205923582056, 'train_lr_reduce': 0.6}. Best is trial 130 with value: 0.0812772810459137.
[I 2024-12-15 23:25:37,483] Trial 1014 finished with value: 0.11818380653858185 and parameters: {'mlp_n_layers': 2, 'mlp_dim_00': 144, 'mlp_dim_01': 112, 'hidden_channels': 64, 'num_layers': 2, 'num_timesteps': 3, 'dropout': 0.18798827994280534, 'train_learning_rate': 0.0026074887966285737, 'train_lr_reduce': 0.6}. Best is trial 130 with value: 0.0812772810459137.
[I 2024-12-15 23:25:43,412] Trial 1016 finished with value: 0.11274803429841995 and parameters: {'mlp_n_layers': 2, 'mlp_dim_00': 144, 'mlp_dim_01': 256, 'hidden_channels': 32, 'num_layers': 2, 'num_timesteps': 3, 'dropout': 0.11195065386710097, 'train_learning_rate': 0.007780034766467858, 'train_lr_reduce': 0.6}. Best is trial 130 with value: 0.0812772810459137.
[I 2024-12-15 23:25:47,057] Trial 1015 finished with value: 0.134527325630188 and parameters: {'mlp_n_layers': 4, 'mlp_dim_00': 208, 'mlp_dim_01': 240, 'mlp_dim_02': 144, 'mlp_dim_03': 64, 'hidden_channels': 64, 'num_layers': 2, 'num_timesteps': 4, 'dropout': 0.2898720480578261, 'train_learning_rate': 0.008617433115848144, 'train_lr_reduce': 0.6}. Best is trial 130 with value: 0.0812772810459137.
[I 2024-12-15 23:25:48,345] Trial 1017 finished with value: 0.11242319643497467 and parameters: {'mlp_n_layers': 2, 'mlp_dim_00': 176, 'mlp_dim_01': 240, 'hidden_channels': 32, 'num_layers': 2, 'num_timesteps': 4, 'dropout': 0.03775071646750707, 'train_learning_rate': 0.006902845809208291, 'train_lr_reduce': 0.6}. Best is trial 130 with value: 0.0812772810459137.
[I 2024-12-15 23:25:54,885] Trial 1018 finished with value: 0.1010371744632721 and parameters: {'mlp_n_layers': 2, 'mlp_dim_00': 96, 'mlp_dim_01': 176, 'hidden_channels': 48, 'num_layers': 2, 'num_timesteps': 3, 'dropout': 0.022806239776612496, 'train_learning_rate': 0.007835058919960912, 'train_lr_reduce': 0.6}. Best is trial 130 with value: 0.0812772810459137.
[I 2024-12-15 23:26:03,196] Trial 1019 finished with value: 0.13032418489456177 and parameters: {'mlp_n_layers': 4, 'mlp_dim_00': 112, 'mlp_dim_01': 80, 'mlp_dim_02': 112, 'mlp_dim_03': 192, 'hidden_channels': 96, 'num_layers': 2, 'num_timesteps': 2, 'dropout': 0.029067602853359673, 'train_learning_rate': 0.0011643668300651128, 'train_lr_reduce': 0.6}. Best is trial 130 with value: 0.0812772810459137.
[I 2024-12-15 23:26:11,345] Trial 1021 finished with value: 0.09868740290403366 and parameters: {'mlp_n_layers': 3, 'mlp_dim_00': 208, 'mlp_dim_01': 208, 'mlp_dim_02': 112, 'hidden_channels': 48, 'num_layers': 1, 'num_timesteps': 3, 'dropout': 0.28572851833765556, 'train_learning_rate': 0.009498403697593657, 'train_lr_reduce': 0.6}. Best is trial 130 with value: 0.0812772810459137.
[I 2024-12-15 23:26:13,890] Trial 1022 finished with value: 0.09940020740032196 and parameters: {'mlp_n_layers': 3, 'mlp_dim_00': 224, 'mlp_dim_01': 224, 'mlp_dim_02': 144, 'hidden_channels': 32, 'num_layers': 2, 'num_timesteps': 2, 'dropout': 0.2621149943768389, 'train_learning_rate': 0.009782282871516564, 'train_lr_reduce': 0.6}. Best is trial 130 with value: 0.0812772810459137.
[I 2024-12-15 23:26:14,933] Trial 1020 finished with value: 0.1993771195411682 and parameters: {'mlp_n_layers': 3, 'mlp_dim_00': 144, 'mlp_dim_01': 48, 'mlp_dim_02': 144, 'hidden_channels': 96, 'num_layers': 4, 'num_timesteps': 1, 'dropout': 0.1570578530134097, 'train_learning_rate': 0.00017634357801847637, 'train_lr_reduce': 0.6}. Best is trial 130 with value: 0.0812772810459137.
[I 2024-12-15 23:26:22,744] Trial 1023 finished with value: 0.1239977777004242 and parameters: {'mlp_n_layers': 2, 'mlp_dim_00': 112, 'mlp_dim_01': 224, 'hidden_channels': 64, 'num_layers': 1, 'num_timesteps': 4, 'dropout': 0.06554154039830237, 'train_learning_rate': 0.005524215761634509, 'train_lr_reduce': 0.6}. Best is trial 130 with value: 0.0812772810459137.
[I 2024-12-15 23:26:40,025] Trial 1025 finished with value: 0.11619885265827179 and parameters: {'mlp_n_layers': 4, 'mlp_dim_00': 224, 'mlp_dim_01': 160, 'mlp_dim_02': 128, 'mlp_dim_03': 112, 'hidden_channels': 64, 'num_layers': 1, 'num_timesteps': 1, 'dropout': 0.10648885881393957, 'train_learning_rate': 0.003312587620746971, 'train_lr_reduce': 0.6}. Best is trial 130 with value: 0.0812772810459137.
[I 2024-12-15 23:26:45,630] Trial 1026 finished with value: 0.09897509962320328 and parameters: {'mlp_n_layers': 2, 'mlp_dim_00': 128, 'mlp_dim_01': 128, 'hidden_channels': 32, 'num_layers': 3, 'num_timesteps': 3, 'dropout': 0.17999988236174747, 'train_learning_rate': 0.004869935908022702, 'train_lr_reduce': 0.6}. Best is trial 130 with value: 0.0812772810459137.
[I 2024-12-15 23:26:47,762] Trial 1024 finished with value: 0.14800934493541718 and parameters: {'mlp_n_layers': 4, 'mlp_dim_00': 192, 'mlp_dim_01': 48, 'mlp_dim_02': 80, 'mlp_dim_03': 32, 'hidden_channels': 256, 'num_layers': 4, 'num_timesteps': 2, 'dropout': 0.08494572458328009, 'train_learning_rate': 0.0002365944006573269, 'train_lr_reduce': 0.6}. Best is trial 130 with value: 0.0812772810459137.
[I 2024-12-15 23:26:56,877] Trial 1028 finished with value: 0.11735305935144424 and parameters: {'mlp_n_layers': 2, 'mlp_dim_00': 160, 'mlp_dim_01': 256, 'hidden_channels': 48, 'num_layers': 2, 'num_timesteps': 4, 'dropout': 0.0654914556922728, 'train_learning_rate': 0.0059079742769315175, 'train_lr_reduce': 0.6}. Best is trial 130 with value: 0.0812772810459137.
[I 2024-12-15 23:26:58,229] Trial 1029 finished with value: 0.11931011080741882 and parameters: {'mlp_n_layers': 2, 'mlp_dim_00': 96, 'mlp_dim_01': 256, 'hidden_channels': 32, 'num_layers': 2, 'num_timesteps': 4, 'dropout': 0.03164888945022167, 'train_learning_rate': 0.007259957833966223, 'train_lr_reduce': 0.6}. Best is trial 130 with value: 0.0812772810459137.
[I 2024-12-15 23:27:00,849] Trial 1027 finished with value: 0.1275123506784439 and parameters: {'mlp_n_layers': 3, 'mlp_dim_00': 160, 'mlp_dim_01': 96, 'mlp_dim_02': 144, 'hidden_channels': 80, 'num_layers': 4, 'num_timesteps': 3, 'dropout': 0.005835825848694666, 'train_learning_rate': 0.006150293737152411, 'train_lr_reduce': 0.6}. Best is trial 130 with value: 0.0812772810459137.
[I 2024-12-15 23:27:08,076] Trial 1031 finished with value: 0.11588308215141296 and parameters: {'mlp_n_layers': 2, 'mlp_dim_00': 112, 'mlp_dim_01': 240, 'hidden_channels': 48, 'num_layers': 2, 'num_timesteps': 4, 'dropout': 0.08937298186619745, 'train_learning_rate': 0.006480496992238515, 'train_lr_reduce': 0.6}. Best is trial 130 with value: 0.0812772810459137.
[I 2024-12-15 23:27:11,520] Trial 1030 finished with value: 0.11019587516784668 and parameters: {'mlp_n_layers': 3, 'mlp_dim_00': 240, 'mlp_dim_01': 224, 'mlp_dim_02': 160, 'hidden_channels': 80, 'num_layers': 2, 'num_timesteps': 3, 'dropout': 0.25381175625983754, 'train_learning_rate': 0.004155545848918933, 'train_lr_reduce': 0.6}. Best is trial 130 with value: 0.0812772810459137.
[I 2024-12-15 23:27:13,756] Trial 1032 finished with value: 0.10919133573770523 and parameters: {'mlp_n_layers': 2, 'mlp_dim_00': 192, 'mlp_dim_01': 128, 'hidden_channels': 64, 'num_layers': 1, 'num_timesteps': 4, 'dropout': 0.24367982023926835, 'train_learning_rate': 0.0012264447948039264, 'train_lr_reduce': 0.6}. Best is trial 130 with value: 0.0812772810459137.
[I 2024-12-15 23:27:17,610] Trial 1033 finished with value: 0.10599059611558914 and parameters: {'mlp_n_layers': 2, 'mlp_dim_00': 176, 'mlp_dim_01': 96, 'hidden_channels': 32, 'num_layers': 1, 'num_timesteps': 4, 'dropout': 0.21065762154323242, 'train_learning_rate': 0.0034030596320030705, 'train_lr_reduce': 0.6}. Best is trial 130 with value: 0.0812772810459137.
[I 2024-12-15 23:27:23,091] Trial 1034 finished with value: 0.11014878749847412 and parameters: {'mlp_n_layers': 2, 'mlp_dim_00': 240, 'mlp_dim_01': 96, 'hidden_channels': 80, 'num_layers': 1, 'num_timesteps': 4, 'dropout': 0.28467862950296247, 'train_learning_rate': 0.0025523488364910733, 'train_lr_reduce': 0.6}. Best is trial 130 with value: 0.0812772810459137.
[I 2024-12-15 23:27:25,619] Trial 1035 finished with value: 0.09019151329994202 and parameters: {'mlp_n_layers': 2, 'mlp_dim_00': 128, 'mlp_dim_01': 224, 'hidden_channels': 32, 'num_layers': 2, 'num_timesteps': 4, 'dropout': 0.10810528476697531, 'train_learning_rate': 0.008726927134509767, 'train_lr_reduce': 0.6}. Best is trial 130 with value: 0.0812772810459137.
[I 2024-12-15 23:27:33,939] Trial 1036 finished with value: 0.12147296220064163 and parameters: {'mlp_n_layers': 2, 'mlp_dim_00': 256, 'mlp_dim_01': 128, 'hidden_channels': 96, 'num_layers': 1, 'num_timesteps': 3, 'dropout': 0.16538863704472434, 'train_learning_rate': 0.009855518082809728, 'train_lr_reduce': 0.6}. Best is trial 130 with value: 0.0812772810459137.
[I 2024-12-15 23:27:46,206] Trial 1038 finished with value: 0.10444673150777817 and parameters: {'mlp_n_layers': 2, 'mlp_dim_00': 160, 'mlp_dim_01': 80, 'hidden_channels': 160, 'num_layers': 3, 'num_timesteps': 1, 'dropout': 0.23713215114644892, 'train_learning_rate': 0.009947376831564266, 'train_lr_reduce': 0.6}. Best is trial 130 with value: 0.0812772810459137.
[I 2024-12-15 23:27:48,653] Trial 1037 finished with value: 0.13186942040920258 and parameters: {'mlp_n_layers': 3, 'mlp_dim_00': 64, 'mlp_dim_01': 240, 'mlp_dim_02': 96, 'hidden_channels': 48, 'num_layers': 2, 'num_timesteps': 1, 'dropout': 0.11088637561232507, 'train_learning_rate': 0.0004999161189803433, 'train_lr_reduce': 0.6}. Best is trial 130 with value: 0.0812772810459137.
[I 2024-12-15 23:27:50,739] Trial 1039 finished with value: 0.12378181517124176 and parameters: {'mlp_n_layers': 3, 'mlp_dim_00': 160, 'mlp_dim_01': 240, 'mlp_dim_02': 160, 'hidden_channels': 32, 'num_layers': 2, 'num_timesteps': 4, 'dropout': 0.10621100081422716, 'train_learning_rate': 0.004134826400419751, 'train_lr_reduce': 0.6}. Best is trial 130 with value: 0.0812772810459137.
[I 2024-12-15 23:28:00,707] Trial 1040 finished with value: 0.10503962635993958 and parameters: {'mlp_n_layers': 2, 'mlp_dim_00': 192, 'mlp_dim_01': 112, 'hidden_channels': 32, 'num_layers': 2, 'num_timesteps': 3, 'dropout': 0.17645503117636713, 'train_learning_rate': 0.0014969577288277166, 'train_lr_reduce': 0.6}. Best is trial 130 with value: 0.0812772810459137.
[I 2024-12-15 23:28:02,640] Trial 1041 finished with value: 0.12391731888055801 and parameters: {'mlp_n_layers': 2, 'mlp_dim_00': 160, 'mlp_dim_01': 224, 'hidden_channels': 48, 'num_layers': 2, 'num_timesteps': 4, 'dropout': 0.11770943787617949, 'train_learning_rate': 0.005457839055418967, 'train_lr_reduce': 0.6}. Best is trial 130 with value: 0.0812772810459137.
[I 2024-12-15 23:28:07,299] Trial 1043 finished with value: 0.39872297644615173 and parameters: {'mlp_n_layers': 3, 'mlp_dim_00': 128, 'mlp_dim_01': 240, 'mlp_dim_02': 160, 'hidden_channels': 64, 'num_layers': 2, 'num_timesteps': 4, 'dropout': 0.13541587483273623, 'train_learning_rate': 0.009290533622755302, 'train_lr_reduce': 0.6}. Best is trial 130 with value: 0.0812772810459137.
[I 2024-12-15 23:28:07,427] Trial 1042 finished with value: 0.11296804994344711 and parameters: {'mlp_n_layers': 2, 'mlp_dim_00': 160, 'mlp_dim_01': 160, 'hidden_channels': 48, 'num_layers': 1, 'num_timesteps': 4, 'dropout': 0.14142133176710764, 'train_learning_rate': 0.00905378997211239, 'train_lr_reduce': 0.6}. Best is trial 130 with value: 0.0812772810459137.
[I 2024-12-15 23:28:12,856] Trial 1044 finished with value: 0.11508309841156006 and parameters: {'mlp_n_layers': 4, 'mlp_dim_00': 176, 'mlp_dim_01': 64, 'mlp_dim_02': 176, 'mlp_dim_03': 208, 'hidden_channels': 32, 'num_layers': 1, 'num_timesteps': 1, 'dropout': 0.1909002541848852, 'train_learning_rate': 0.005551630566269958, 'train_lr_reduce': 0.6}. Best is trial 130 with value: 0.0812772810459137.
[I 2024-12-15 23:28:18,862] Trial 1045 finished with value: 0.10054144263267517 and parameters: {'mlp_n_layers': 2, 'mlp_dim_00': 176, 'mlp_dim_01': 224, 'hidden_channels': 32, 'num_layers': 2, 'num_timesteps': 3, 'dropout': 0.015998877791694677, 'train_learning_rate': 0.00961928208626538, 'train_lr_reduce': 0.6}. Best is trial 130 with value: 0.0812772810459137.
[I 2024-12-15 23:28:23,346] Trial 1046 finished with value: 0.10273153334856033 and parameters: {'mlp_n_layers': 2, 'mlp_dim_00': 128, 'mlp_dim_01': 160, 'hidden_channels': 48, 'num_layers': 2, 'num_timesteps': 4, 'dropout': 0.1308809346311311, 'train_learning_rate': 0.00939239020273849, 'train_lr_reduce': 0.6}. Best is trial 130 with value: 0.0812772810459137.
