[I 2024-12-19 07:57:44,042] Trial 665 finished with value: 1.5368458032608032 and parameters: {'mlp_n_layers': 4, 'mlp_dim_00': 504, 'mlp_dim_01': 176, 'mlp_dim_02': 371, 'mlp_dim_03': 217, 'node_hidden_dim': 46, 'edge_hidden_dim': 101, 'depth': 2, 'rep_dropout': 0.0706706983864282, 'train_learning_rate': 0.0001908554888573794, 'train_lr_reduce': 0.6}. Best is trial 156 with value: 0.33254924416542053.
[I 2024-12-19 07:57:47,755] Trial 666 finished with value: 1.413307785987854 and parameters: {'mlp_n_layers': 4, 'mlp_dim_00': 512, 'mlp_dim_01': 340, 'mlp_dim_02': 275, 'mlp_dim_03': 223, 'node_hidden_dim': 101, 'edge_hidden_dim': 99, 'depth': 2, 'rep_dropout': 0.011820066082315908, 'train_learning_rate': 0.003106378819827974, 'train_lr_reduce': 0.6}. Best is trial 156 with value: 0.33254924416542053.
[I 2024-12-19 07:57:48,977] Trial 667 finished with value: 1.4197686910629272 and parameters: {'mlp_n_layers': 4, 'mlp_dim_00': 476, 'mlp_dim_01': 297, 'mlp_dim_02': 310, 'mlp_dim_03': 159, 'node_hidden_dim': 99, 'edge_hidden_dim': 128, 'depth': 2, 'rep_dropout': 0.09693392783887603, 'train_learning_rate': 0.0024360825246719465, 'train_lr_reduce': 0.6}. Best is trial 156 with value: 0.33254924416542053.
[I 2024-12-19 07:57:52,003] Trial 663 finished with value: 0.8604623675346375 and parameters: {'mlp_n_layers': 3, 'mlp_dim_00': 249, 'mlp_dim_01': 181, 'mlp_dim_02': 315, 'node_hidden_dim': 110, 'edge_hidden_dim': 46, 'depth': 2, 'rep_dropout': 0.05050103528134624, 'train_learning_rate': 0.009726926139723154, 'train_lr_reduce': 0.6}. Best is trial 156 with value: 0.33254924416542053.
[I 2024-12-19 07:57:52,411] Trial 668 finished with value: 1.3456776142120361 and parameters: {'mlp_n_layers': 3, 'mlp_dim_00': 190, 'mlp_dim_01': 197, 'mlp_dim_02': 354, 'node_hidden_dim': 111, 'edge_hidden_dim': 54, 'depth': 2, 'rep_dropout': 0.005522330786230431, 'train_learning_rate': 0.003648931001532523, 'train_lr_reduce': 0.6}. Best is trial 156 with value: 0.33254924416542053.
[I 2024-12-19 07:57:58,657] Trial 670 finished with value: 1.3105723857879639 and parameters: {'mlp_n_layers': 4, 'mlp_dim_00': 486, 'mlp_dim_01': 384, 'mlp_dim_02': 473, 'mlp_dim_03': 242, 'node_hidden_dim': 105, 'edge_hidden_dim': 101, 'depth': 2, 'rep_dropout': 0.17967687894453083, 'train_learning_rate': 0.0026253824245727093, 'train_lr_reduce': 0.6}. Best is trial 156 with value: 0.33254924416542053.
[I 2024-12-19 07:57:58,909] Trial 671 finished with value: 1.5490087270736694 and parameters: {'mlp_n_layers': 2, 'mlp_dim_00': 244, 'mlp_dim_01': 227, 'node_hidden_dim': 43, 'edge_hidden_dim': 100, 'depth': 4, 'rep_dropout': 0.11195722952941782, 'train_learning_rate': 0.0004047152825444711, 'train_lr_reduce': 0.6}. Best is trial 156 with value: 0.33254924416542053.
[I 2024-12-19 07:58:03,044] Trial 672 finished with value: 1.5276429653167725 and parameters: {'mlp_n_layers': 4, 'mlp_dim_00': 239, 'mlp_dim_01': 166, 'mlp_dim_02': 274, 'mlp_dim_03': 172, 'node_hidden_dim': 41, 'edge_hidden_dim': 55, 'depth': 2, 'rep_dropout': 0.13372718078135884, 'train_learning_rate': 0.002805505983675203, 'train_lr_reduce': 0.6}. Best is trial 156 with value: 0.33254924416542053.
[I 2024-12-19 07:58:03,764] Trial 673 finished with value: 1.3832803964614868 and parameters: {'mlp_n_layers': 4, 'mlp_dim_00': 508, 'mlp_dim_01': 461, 'mlp_dim_02': 512, 'mlp_dim_03': 236, 'node_hidden_dim': 91, 'edge_hidden_dim': 97, 'depth': 2, 'rep_dropout': 0.14294861661328684, 'train_learning_rate': 0.00746965277871225, 'train_lr_reduce': 0.6}. Best is trial 156 with value: 0.33254924416542053.
[I 2024-12-19 07:58:04,556] Trial 669 finished with value: 0.40020886063575745 and parameters: {'mlp_n_layers': 4, 'mlp_dim_00': 499, 'mlp_dim_01': 347, 'mlp_dim_02': 264, 'mlp_dim_03': 64, 'node_hidden_dim': 125, 'edge_hidden_dim': 82, 'depth': 2, 'rep_dropout': 0.13126645760086872, 'train_learning_rate': 0.0038875742683656318, 'train_lr_reduce': 0.6}. Best is trial 156 with value: 0.33254924416542053.
[I 2024-12-19 07:58:08,768] Trial 676 finished with value: 1.4897469282150269 and parameters: {'mlp_n_layers': 4, 'mlp_dim_00': 427, 'mlp_dim_01': 318, 'mlp_dim_02': 245, 'mlp_dim_03': 64, 'node_hidden_dim': 104, 'edge_hidden_dim': 77, 'depth': 2, 'rep_dropout': 0.0654709182953629, 'train_learning_rate': 0.0021222548440025203, 'train_lr_reduce': 0.6}. Best is trial 156 with value: 0.33254924416542053.
[I 2024-12-19 07:58:09,211] Trial 675 finished with value: 1.569275975227356 and parameters: {'mlp_n_layers': 4, 'mlp_dim_00': 304, 'mlp_dim_01': 150, 'mlp_dim_02': 433, 'mlp_dim_03': 79, 'node_hidden_dim': 122, 'edge_hidden_dim': 123, 'depth': 4, 'rep_dropout': 0.24711272198793235, 'train_learning_rate': 0.00042261411955178593, 'train_lr_reduce': 0.6}. Best is trial 156 with value: 0.33254924416542053.
[I 2024-12-19 07:58:13,760] Trial 678 finished with value: 1.4218907356262207 and parameters: {'mlp_n_layers': 4, 'mlp_dim_00': 437, 'mlp_dim_01': 338, 'mlp_dim_02': 262, 'mlp_dim_03': 91, 'node_hidden_dim': 126, 'edge_hidden_dim': 55, 'depth': 2, 'rep_dropout': 0.18869554987272238, 'train_learning_rate': 0.004226069231465654, 'train_lr_reduce': 0.6}. Best is trial 156 with value: 0.33254924416542053.
[I 2024-12-19 07:58:16,034] Trial 677 finished with value: 1.4025020599365234 and parameters: {'mlp_n_layers': 3, 'mlp_dim_00': 261, 'mlp_dim_01': 160, 'mlp_dim_02': 246, 'node_hidden_dim': 117, 'edge_hidden_dim': 59, 'depth': 2, 'rep_dropout': 0.034566267388170265, 'train_learning_rate': 0.0027923413898495574, 'train_lr_reduce': 0.6}. Best is trial 156 with value: 0.33254924416542053.
[I 2024-12-19 07:58:17,972] Trial 679 finished with value: 1.466663122177124 and parameters: {'mlp_n_layers': 4, 'mlp_dim_00': 459, 'mlp_dim_01': 382, 'mlp_dim_02': 249, 'mlp_dim_03': 102, 'node_hidden_dim': 120, 'edge_hidden_dim': 84, 'depth': 2, 'rep_dropout': 0.17822173187998397, 'train_learning_rate': 0.0043968703219253915, 'train_lr_reduce': 0.6}. Best is trial 156 with value: 0.33254924416542053.
[I 2024-12-19 07:58:18,802] Trial 674 finished with value: 0.3517201244831085 and parameters: {'mlp_n_layers': 3, 'mlp_dim_00': 154, 'mlp_dim_01': 92, 'mlp_dim_02': 334, 'node_hidden_dim': 127, 'edge_hidden_dim': 89, 'depth': 2, 'rep_dropout': 0.006746034365240249, 'train_learning_rate': 0.004478008245540838, 'train_lr_reduce': 0.6}. Best is trial 156 with value: 0.33254924416542053.
[I 2024-12-19 07:58:20,211] Trial 680 finished with value: 1.3617945909500122 and parameters: {'mlp_n_layers': 4, 'mlp_dim_00': 475, 'mlp_dim_01': 376, 'mlp_dim_02': 237, 'mlp_dim_03': 84, 'node_hidden_dim': 125, 'edge_hidden_dim': 65, 'depth': 2, 'rep_dropout': 0.13857015809955464, 'train_learning_rate': 0.00448922796903578, 'train_lr_reduce': 0.6}. Best is trial 156 with value: 0.33254924416542053.
[I 2024-12-19 07:58:22,150] Trial 681 finished with value: 1.282738208770752 and parameters: {'mlp_n_layers': 3, 'mlp_dim_00': 366, 'mlp_dim_01': 193, 'mlp_dim_02': 276, 'node_hidden_dim': 123, 'edge_hidden_dim': 37, 'depth': 2, 'rep_dropout': 0.12383571618400964, 'train_learning_rate': 0.004787353905511107, 'train_lr_reduce': 0.6}. Best is trial 156 with value: 0.33254924416542053.
[I 2024-12-19 07:58:23,726] Trial 682 finished with value: 1.4284508228302002 and parameters: {'mlp_n_layers': 4, 'mlp_dim_00': 119, 'mlp_dim_01': 203, 'mlp_dim_02': 373, 'mlp_dim_03': 81, 'node_hidden_dim': 96, 'edge_hidden_dim': 77, 'depth': 2, 'rep_dropout': 0.013294941821624912, 'train_learning_rate': 0.005938622692858422, 'train_lr_reduce': 0.6}. Best is trial 156 with value: 0.33254924416542053.
[I 2024-12-19 07:58:26,356] Trial 684 finished with value: 1.5314544439315796 and parameters: {'mlp_n_layers': 3, 'mlp_dim_00': 106, 'mlp_dim_01': 83, 'mlp_dim_02': 367, 'node_hidden_dim': 123, 'edge_hidden_dim': 95, 'depth': 2, 'rep_dropout': 0.00011845623717103137, 'train_learning_rate': 0.0035908571225250372, 'train_lr_reduce': 0.6}. Best is trial 156 with value: 0.33254924416542053.
[I 2024-12-19 07:58:28,285] Trial 685 finished with value: 1.5071470737457275 and parameters: {'mlp_n_layers': 4, 'mlp_dim_00': 503, 'mlp_dim_01': 228, 'mlp_dim_02': 464, 'mlp_dim_03': 81, 'node_hidden_dim': 109, 'edge_hidden_dim': 77, 'depth': 2, 'rep_dropout': 0.1700850625370099, 'train_learning_rate': 0.002122078365799809, 'train_lr_reduce': 0.6}. Best is trial 156 with value: 0.33254924416542053.
[I 2024-12-19 07:58:30,707] Trial 686 finished with value: 1.4151742458343506 and parameters: {'mlp_n_layers': 3, 'mlp_dim_00': 271, 'mlp_dim_01': 266, 'mlp_dim_02': 326, 'node_hidden_dim': 125, 'edge_hidden_dim': 44, 'depth': 2, 'rep_dropout': 0.012178184739636874, 'train_learning_rate': 0.0027071568863329645, 'train_lr_reduce': 0.6}. Best is trial 156 with value: 0.33254924416542053.
[I 2024-12-19 07:58:33,488] Trial 683 finished with value: 0.46124640107154846 and parameters: {'mlp_n_layers': 3, 'mlp_dim_00': 186, 'mlp_dim_01': 137, 'mlp_dim_02': 358, 'node_hidden_dim': 121, 'edge_hidden_dim': 90, 'depth': 2, 'rep_dropout': 0.03215166037290216, 'train_learning_rate': 0.0023557580109902403, 'train_lr_reduce': 0.6}. Best is trial 156 with value: 0.33254924416542053.
[I 2024-12-19 07:58:35,176] Trial 688 finished with value: 1.4569957256317139 and parameters: {'mlp_n_layers': 3, 'mlp_dim_00': 463, 'mlp_dim_01': 410, 'mlp_dim_02': 429, 'node_hidden_dim': 120, 'edge_hidden_dim': 123, 'depth': 2, 'rep_dropout': 0.16505322068205286, 'train_learning_rate': 0.005227084261639689, 'train_lr_reduce': 0.6}. Best is trial 156 with value: 0.33254924416542053.
[I 2024-12-19 07:58:43,253] Trial 687 finished with value: 0.40259039402008057 and parameters: {'mlp_n_layers': 4, 'mlp_dim_00': 497, 'mlp_dim_01': 322, 'mlp_dim_02': 512, 'mlp_dim_03': 72, 'node_hidden_dim': 125, 'edge_hidden_dim': 77, 'depth': 2, 'rep_dropout': 0.13298313927375036, 'train_learning_rate': 0.0021748094232471355, 'train_lr_reduce': 0.6}. Best is trial 156 with value: 0.33254924416542053.
[I 2024-12-19 07:58:43,386] Trial 689 finished with value: 0.5074074864387512 and parameters: {'mlp_n_layers': 4, 'mlp_dim_00': 403, 'mlp_dim_01': 132, 'mlp_dim_02': 394, 'mlp_dim_03': 66, 'node_hidden_dim': 122, 'edge_hidden_dim': 51, 'depth': 2, 'rep_dropout': 0.11445492614500638, 'train_learning_rate': 0.004540036979543316, 'train_lr_reduce': 0.6}. Best is trial 156 with value: 0.33254924416542053.
[I 2024-12-19 07:58:43,647] Trial 690 finished with value: 1.3084298372268677 and parameters: {'mlp_n_layers': 4, 'mlp_dim_00': 510, 'mlp_dim_01': 286, 'mlp_dim_02': 339, 'mlp_dim_03': 157, 'node_hidden_dim': 87, 'edge_hidden_dim': 99, 'depth': 2, 'rep_dropout': 0.09525659977223128, 'train_learning_rate': 0.00163592071082778, 'train_lr_reduce': 0.6}. Best is trial 156 with value: 0.33254924416542053.
[I 2024-12-19 07:58:47,565] Trial 692 finished with value: 1.4516334533691406 and parameters: {'mlp_n_layers': 3, 'mlp_dim_00': 167, 'mlp_dim_01': 179, 'mlp_dim_02': 461, 'node_hidden_dim': 125, 'edge_hidden_dim': 73, 'depth': 3, 'rep_dropout': 0.045108164560437175, 'train_learning_rate': 0.005032344044409388, 'train_lr_reduce': 0.6}. Best is trial 156 with value: 0.33254924416542053.
[I 2024-12-19 07:58:48,675] Trial 693 finished with value: 1.4472488164901733 and parameters: {'mlp_n_layers': 3, 'mlp_dim_00': 233, 'mlp_dim_01': 167, 'mlp_dim_02': 102, 'node_hidden_dim': 125, 'edge_hidden_dim': 105, 'depth': 3, 'rep_dropout': 0.02950446129951468, 'train_learning_rate': 0.007813265207788635, 'train_lr_reduce': 0.6}. Best is trial 156 with value: 0.33254924416542053.
[I 2024-12-19 07:58:51,944] Trial 694 finished with value: 1.4926477670669556 and parameters: {'mlp_n_layers': 4, 'mlp_dim_00': 371, 'mlp_dim_01': 337, 'mlp_dim_02': 323, 'mlp_dim_03': 68, 'node_hidden_dim': 113, 'edge_hidden_dim': 84, 'depth': 3, 'rep_dropout': 0.1322030329786733, 'train_learning_rate': 0.0012278861635298594, 'train_lr_reduce': 0.6}. Best is trial 156 with value: 0.33254924416542053.
[I 2024-12-19 07:58:52,864] Trial 695 finished with value: 1.2920387983322144 and parameters: {'mlp_n_layers': 4, 'mlp_dim_00': 487, 'mlp_dim_01': 326, 'mlp_dim_02': 402, 'mlp_dim_03': 98, 'node_hidden_dim': 128, 'edge_hidden_dim': 80, 'depth': 2, 'rep_dropout': 0.0732344798010289, 'train_learning_rate': 0.0037413067311768155, 'train_lr_reduce': 0.6}. Best is trial 156 with value: 0.33254924416542053.
[I 2024-12-19 07:58:57,264] Trial 696 finished with value: 1.5175451040267944 and parameters: {'mlp_n_layers': 3, 'mlp_dim_00': 197, 'mlp_dim_01': 404, 'mlp_dim_02': 510, 'node_hidden_dim': 125, 'edge_hidden_dim': 43, 'depth': 2, 'rep_dropout': 0.06929885073813573, 'train_learning_rate': 0.007305719763720087, 'train_lr_reduce': 0.6}. Best is trial 156 with value: 0.33254924416542053.
[I 2024-12-19 07:58:58,897] Trial 691 finished with value: 0.47758108377456665 and parameters: {'mlp_n_layers': 4, 'mlp_dim_00': 511, 'mlp_dim_01': 337, 'mlp_dim_02': 149, 'mlp_dim_03': 79, 'node_hidden_dim': 118, 'edge_hidden_dim': 85, 'depth': 2, 'rep_dropout': 0.15956616160339723, 'train_learning_rate': 0.0009037853844984825, 'train_lr_reduce': 0.6}. Best is trial 156 with value: 0.33254924416542053.
[I 2024-12-19 07:59:00,640] Trial 697 finished with value: 1.4013744592666626 and parameters: {'mlp_n_layers': 4, 'mlp_dim_00': 457, 'mlp_dim_01': 80, 'mlp_dim_02': 223, 'mlp_dim_03': 67, 'node_hidden_dim': 128, 'edge_hidden_dim': 52, 'depth': 3, 'rep_dropout': 0.15734284426285008, 'train_learning_rate': 0.002914955966082344, 'train_lr_reduce': 0.6}. Best is trial 156 with value: 0.33254924416542053.
[I 2024-12-19 07:59:01,509] Trial 698 finished with value: 1.4724198579788208 and parameters: {'mlp_n_layers': 4, 'mlp_dim_00': 481, 'mlp_dim_01': 325, 'mlp_dim_02': 146, 'mlp_dim_03': 69, 'node_hidden_dim': 117, 'edge_hidden_dim': 81, 'depth': 2, 'rep_dropout': 0.13160980038867834, 'train_learning_rate': 0.0023614599193666048, 'train_lr_reduce': 0.6}. Best is trial 156 with value: 0.33254924416542053.
[I 2024-12-19 07:59:04,014] Trial 699 finished with value: 1.566579818725586 and parameters: {'mlp_n_layers': 2, 'mlp_dim_00': 169, 'mlp_dim_01': 267, 'node_hidden_dim': 107, 'edge_hidden_dim': 38, 'depth': 2, 'rep_dropout': 0.15987761762150587, 'train_learning_rate': 0.00037089056012817314, 'train_lr_reduce': 0.6}. Best is trial 156 with value: 0.33254924416542053.
[I 2024-12-19 07:59:05,543] Trial 701 finished with value: 1.4029711484909058 and parameters: {'mlp_n_layers': 3, 'mlp_dim_00': 175, 'mlp_dim_01': 96, 'mlp_dim_02': 318, 'node_hidden_dim': 127, 'edge_hidden_dim': 91, 'depth': 2, 'rep_dropout': 0.009798462440664688, 'train_learning_rate': 0.004211460542316922, 'train_lr_reduce': 0.6}. Best is trial 156 with value: 0.33254924416542053.
[I 2024-12-19 07:59:05,920] Trial 700 finished with value: 1.543742299079895 and parameters: {'mlp_n_layers': 4, 'mlp_dim_00': 444, 'mlp_dim_01': 398, 'mlp_dim_02': 66, 'mlp_dim_03': 66, 'node_hidden_dim': 118, 'edge_hidden_dim': 80, 'depth': 3, 'rep_dropout': 0.16122620393719925, 'train_learning_rate': 0.002119194546005399, 'train_lr_reduce': 0.6}. Best is trial 156 with value: 0.33254924416542053.
[I 2024-12-19 07:59:08,470] Trial 702 finished with value: 1.4821423292160034 and parameters: {'mlp_n_layers': 4, 'mlp_dim_00': 505, 'mlp_dim_01': 204, 'mlp_dim_02': 147, 'mlp_dim_03': 65, 'node_hidden_dim': 121, 'edge_hidden_dim': 94, 'depth': 2, 'rep_dropout': 0.052820252867039175, 'train_learning_rate': 0.004599340713656326, 'train_lr_reduce': 0.6}. Best is trial 156 with value: 0.33254924416542053.
[I 2024-12-19 07:59:10,246] Trial 704 finished with value: 1.4050530195236206 and parameters: {'mlp_n_layers': 3, 'mlp_dim_00': 259, 'mlp_dim_01': 152, 'mlp_dim_02': 112, 'node_hidden_dim': 126, 'edge_hidden_dim': 36, 'depth': 3, 'rep_dropout': 0.00628416478119171, 'train_learning_rate': 0.0038131355015411277, 'train_lr_reduce': 0.6}. Best is trial 156 with value: 0.33254924416542053.
[I 2024-12-19 07:59:11,742] Trial 703 finished with value: 1.3454996347427368 and parameters: {'mlp_n_layers': 4, 'mlp_dim_00': 473, 'mlp_dim_01': 406, 'mlp_dim_02': 227, 'mlp_dim_03': 127, 'node_hidden_dim': 113, 'edge_hidden_dim': 86, 'depth': 2, 'rep_dropout': 0.1269300340349951, 'train_learning_rate': 0.004039008546455584, 'train_lr_reduce': 0.6}. Best is trial 156 with value: 0.33254924416542053.
[I 2024-12-19 07:59:13,198] Trial 705 finished with value: 1.567239761352539 and parameters: {'mlp_n_layers': 2, 'mlp_dim_00': 249, 'mlp_dim_01': 101, 'node_hidden_dim': 76, 'edge_hidden_dim': 121, 'depth': 4, 'rep_dropout': 0.17850731808785744, 'train_learning_rate': 0.00011855754087017769, 'train_lr_reduce': 0.6}. Best is trial 156 with value: 0.33254924416542053.
[I 2024-12-19 07:59:14,644] Trial 706 finished with value: 1.5000882148742676 and parameters: {'mlp_n_layers': 4, 'mlp_dim_00': 504, 'mlp_dim_01': 438, 'mlp_dim_02': 284, 'mlp_dim_03': 138, 'node_hidden_dim': 120, 'edge_hidden_dim': 74, 'depth': 2, 'rep_dropout': 0.09362243663836647, 'train_learning_rate': 0.0017958537161271708, 'train_lr_reduce': 0.6}. Best is trial 156 with value: 0.33254924416542053.
[I 2024-12-19 07:59:18,330] Trial 708 finished with value: 1.3332363367080688 and parameters: {'mlp_n_layers': 3, 'mlp_dim_00': 199, 'mlp_dim_01': 265, 'mlp_dim_02': 457, 'node_hidden_dim': 122, 'edge_hidden_dim': 59, 'depth': 2, 'rep_dropout': 0.03479373218118927, 'train_learning_rate': 0.008247550559210004, 'train_lr_reduce': 0.6}. Best is trial 156 with value: 0.33254924416542053.
[I 2024-12-19 07:59:19,229] Trial 709 finished with value: 1.4645464420318604 and parameters: {'mlp_n_layers': 4, 'mlp_dim_00': 468, 'mlp_dim_01': 412, 'mlp_dim_02': 167, 'mlp_dim_03': 113, 'node_hidden_dim': 128, 'edge_hidden_dim': 114, 'depth': 2, 'rep_dropout': 0.1366656259424742, 'train_learning_rate': 0.001993005552083398, 'train_lr_reduce': 0.6}. Best is trial 156 with value: 0.33254924416542053.
[I 2024-12-19 07:59:23,963] Trial 711 finished with value: 1.5091089010238647 and parameters: {'mlp_n_layers': 4, 'mlp_dim_00': 406, 'mlp_dim_01': 94, 'mlp_dim_02': 238, 'mlp_dim_03': 128, 'node_hidden_dim': 125, 'edge_hidden_dim': 47, 'depth': 2, 'rep_dropout': 0.1558250166516487, 'train_learning_rate': 0.002169768082107071, 'train_lr_reduce': 0.6}. Best is trial 156 with value: 0.33254924416542053.
[I 2024-12-19 07:59:25,858] Trial 707 finished with value: 0.4367150664329529 and parameters: {'mlp_n_layers': 4, 'mlp_dim_00': 484, 'mlp_dim_01': 370, 'mlp_dim_02': 356, 'mlp_dim_03': 64, 'node_hidden_dim': 121, 'edge_hidden_dim': 57, 'depth': 2, 'rep_dropout': 0.15031481290896018, 'train_learning_rate': 0.0011795814467945188, 'train_lr_reduce': 0.6}. Best is trial 156 with value: 0.33254924416542053.
[I 2024-12-19 07:59:28,424] Trial 712 finished with value: 1.284208059310913 and parameters: {'mlp_n_layers': 3, 'mlp_dim_00': 459, 'mlp_dim_01': 453, 'mlp_dim_02': 411, 'node_hidden_dim': 107, 'edge_hidden_dim': 104, 'depth': 2, 'rep_dropout': 0.24208647427245455, 'train_learning_rate': 0.0037294763263085117, 'train_lr_reduce': 0.6}. Best is trial 156 with value: 0.33254924416542053.
[I 2024-12-19 07:59:30,375] Trial 713 finished with value: 1.3899896144866943 and parameters: {'mlp_n_layers': 4, 'mlp_dim_00': 122, 'mlp_dim_01': 82, 'mlp_dim_02': 297, 'mlp_dim_03': 273, 'node_hidden_dim': 122, 'edge_hidden_dim': 66, 'depth': 3, 'rep_dropout': 0.004746355765761188, 'train_learning_rate': 0.002888744761841586, 'train_lr_reduce': 0.6}. Best is trial 156 with value: 0.33254924416542053.
[I 2024-12-19 07:59:34,570] Trial 710 finished with value: 0.45239612460136414 and parameters: {'mlp_n_layers': 4, 'mlp_dim_00': 436, 'mlp_dim_01': 137, 'mlp_dim_02': 101, 'mlp_dim_03': 120, 'node_hidden_dim': 128, 'edge_hidden_dim': 48, 'depth': 2, 'rep_dropout': 0.04934059450651326, 'train_learning_rate': 0.0041529598022237045, 'train_lr_reduce': 0.6}. Best is trial 156 with value: 0.33254924416542053.
[I 2024-12-19 07:59:39,522] Trial 716 finished with value: 1.4346379041671753 and parameters: {'mlp_n_layers': 4, 'mlp_dim_00': 283, 'mlp_dim_01': 81, 'mlp_dim_02': 511, 'mlp_dim_03': 65, 'node_hidden_dim': 102, 'edge_hidden_dim': 98, 'depth': 2, 'rep_dropout': 0.1124793793214498, 'train_learning_rate': 0.009098425592804901, 'train_lr_reduce': 0.6}. Best is trial 156 with value: 0.33254924416542053.
[I 2024-12-19 07:59:41,209] Trial 715 finished with value: 0.4902234673500061 and parameters: {'mlp_n_layers': 4, 'mlp_dim_00': 495, 'mlp_dim_01': 80, 'mlp_dim_02': 99, 'mlp_dim_03': 124, 'node_hidden_dim': 124, 'edge_hidden_dim': 53, 'depth': 3, 'rep_dropout': 0.1881841452159539, 'train_learning_rate': 0.008737036723004446, 'train_lr_reduce': 0.6}. Best is trial 156 with value: 0.33254924416542053.
[I 2024-12-19 07:59:43,354] Trial 714 finished with value: 0.4268963634967804 and parameters: {'mlp_n_layers': 3, 'mlp_dim_00': 283, 'mlp_dim_01': 91, 'mlp_dim_02': 213, 'node_hidden_dim': 128, 'edge_hidden_dim': 39, 'depth': 2, 'rep_dropout': 0.00047916469783143567, 'train_learning_rate': 0.0038120536620777144, 'train_lr_reduce': 0.6}. Best is trial 156 with value: 0.33254924416542053.
[I 2024-12-19 07:59:45,597] Trial 718 finished with value: 1.41983962059021 and parameters: {'mlp_n_layers': 3, 'mlp_dim_00': 506, 'mlp_dim_01': 375, 'mlp_dim_02': 267, 'node_hidden_dim': 112, 'edge_hidden_dim': 127, 'depth': 3, 'rep_dropout': 0.14740222303048214, 'train_learning_rate': 0.007646292789774209, 'train_lr_reduce': 0.6}. Best is trial 156 with value: 0.33254924416542053.
[I 2024-12-19 07:59:47,955] Trial 719 finished with value: 1.5546302795410156 and parameters: {'mlp_n_layers': 4, 'mlp_dim_00': 379, 'mlp_dim_01': 175, 'mlp_dim_02': 205, 'mlp_dim_03': 64, 'node_hidden_dim': 106, 'edge_hidden_dim': 73, 'depth': 3, 'rep_dropout': 0.12953894109080635, 'train_learning_rate': 0.001706640979134128, 'train_lr_reduce': 0.6}. Best is trial 156 with value: 0.33254924416542053.
