[I 2024-12-24 18:58:08,299] Trial 479 finished with value: 0.01226496510207653 and parameters: {'L1_hidden_dim': 256, 'L1_layers_atom': 4, 'L1_layers_mol': 4, 'L1_dropout': 0.08347845459299985, 'L1_out_dim': 64, 'L2_hidden_dim': 96, 'L2_layers_atom': 3, 'L2_layers_mol': 1, 'L2_out_dim': 48, 'L2_dropout': 0.09290592381333601, 'L3_hidden_dim': 128, 'L3_layers_atom': 1, 'L3_layers_mol': 3, 'L3_out_dim': 64, 'L3_dropout': 0.28982846756677216, 'n_mlp_layers': 1, 'mlp_dim_0': 272, 'num_heads': 2, 'final_dropout': 0.24169949044206962, 'train_learning_rate': 0.000262182516286714, 'train_lr_reduce': 0.6}. Best is trial 236 with value: 0.009785382077097893.
[I 2024-12-24 18:58:43,484] Trial 481 finished with value: 0.01168796606361866 and parameters: {'L1_hidden_dim': 240, 'L1_layers_atom': 4, 'L1_layers_mol': 4, 'L1_dropout': 0.04528585239555337, 'L1_out_dim': 96, 'L2_hidden_dim': 192, 'L2_layers_atom': 2, 'L2_layers_mol': 3, 'L2_out_dim': 32, 'L2_dropout': 0.09047062371907008, 'L3_hidden_dim': 112, 'L3_layers_atom': 2, 'L3_layers_mol': 4, 'L3_out_dim': 112, 'L3_dropout': 0.14102285004600112, 'n_mlp_layers': 2, 'mlp_dim_0': 168, 'mlp_dim_1': 80, 'num_heads': 1, 'final_dropout': 0.2488078066150522, 'train_learning_rate': 0.001301266783192624, 'train_lr_reduce': 0.6}. Best is trial 236 with value: 0.009785382077097893.
[I 2024-12-24 19:00:48,329] Trial 482 finished with value: 0.014028613455593586 and parameters: {'L1_hidden_dim': 240, 'L1_layers_atom': 3, 'L1_layers_mol': 3, 'L1_dropout': 0.05521233771191997, 'L1_out_dim': 80, 'L2_hidden_dim': 160, 'L2_layers_atom': 2, 'L2_layers_mol': 1, 'L2_out_dim': 48, 'L2_dropout': 0.09588728915688538, 'L3_hidden_dim': 80, 'L3_layers_atom': 2, 'L3_layers_mol': 4, 'L3_out_dim': 48, 'L3_dropout': 0.20322429664399813, 'n_mlp_layers': 1, 'mlp_dim_0': 192, 'num_heads': 2, 'final_dropout': 0.2673670396975829, 'train_learning_rate': 0.0001560808599939036, 'train_lr_reduce': 0.6}. Best is trial 236 with value: 0.009785382077097893.
[I 2024-12-24 19:01:03,264] Trial 483 finished with value: 0.015111049637198448 and parameters: {'L1_hidden_dim': 240, 'L1_layers_atom': 4, 'L1_layers_mol': 4, 'L1_dropout': 0.06408545692995124, 'L1_out_dim': 80, 'L2_hidden_dim': 192, 'L2_layers_atom': 2, 'L2_layers_mol': 2, 'L2_out_dim': 48, 'L2_dropout': 0.11223290634637184, 'L3_hidden_dim': 96, 'L3_layers_atom': 3, 'L3_layers_mol': 4, 'L3_out_dim': 112, 'L3_dropout': 0.2364816290645665, 'n_mlp_layers': 2, 'mlp_dim_0': 136, 'mlp_dim_1': 88, 'num_heads': 2, 'final_dropout': 0.1977536185795269, 'train_learning_rate': 0.0001592216133538412, 'train_lr_reduce': 0.6}. Best is trial 236 with value: 0.009785382077097893.
[I 2024-12-24 19:01:16,021] Trial 484 finished with value: 0.011040306650102139 and parameters: {'L1_hidden_dim': 64, 'L1_layers_atom': 1, 'L1_layers_mol': 3, 'L1_dropout': 0.015264713584913343, 'L1_out_dim': 32, 'L2_hidden_dim': 192, 'L2_layers_atom': 4, 'L2_layers_mol': 1, 'L2_out_dim': 96, 'L2_dropout': 0.05159394625685274, 'L3_hidden_dim': 112, 'L3_layers_atom': 4, 'L3_layers_mol': 1, 'L3_out_dim': 96, 'L3_dropout': 0.16762158483123288, 'n_mlp_layers': 3, 'mlp_dim_0': 400, 'mlp_dim_1': 80, 'mlp_dim_2': 448, 'num_heads': 2, 'final_dropout': 0.1028138276473739, 'train_learning_rate': 0.002497733489430846, 'train_lr_reduce': 0.6}. Best is trial 236 with value: 0.009785382077097893.
[I 2024-12-24 19:03:26,061] Trial 485 finished with value: 0.010775505565106869 and parameters: {'L1_hidden_dim': 256, 'L1_layers_atom': 4, 'L1_layers_mol': 4, 'L1_dropout': 0.030180308058655608, 'L1_out_dim': 64, 'L2_hidden_dim': 176, 'L2_layers_atom': 4, 'L2_layers_mol': 1, 'L2_out_dim': 64, 'L2_dropout': 0.10823527253552957, 'L3_hidden_dim': 112, 'L3_layers_atom': 2, 'L3_layers_mol': 4, 'L3_out_dim': 64, 'L3_dropout': 0.17873821664752954, 'n_mlp_layers': 1, 'mlp_dim_0': 240, 'num_heads': 2, 'final_dropout': 0.25256361387763016, 'train_learning_rate': 0.000665097376486123, 'train_lr_reduce': 0.6}. Best is trial 236 with value: 0.009785382077097893.
[I 2024-12-24 19:03:55,001] Trial 486 finished with value: 0.012312694452702999 and parameters: {'L1_hidden_dim': 176, 'L1_layers_atom': 4, 'L1_layers_mol': 4, 'L1_dropout': 0.012009833312045706, 'L1_out_dim': 112, 'L2_hidden_dim': 160, 'L2_layers_atom': 1, 'L2_layers_mol': 3, 'L2_out_dim': 32, 'L2_dropout': 0.18158401646180397, 'L3_hidden_dim': 64, 'L3_layers_atom': 3, 'L3_layers_mol': 3, 'L3_out_dim': 128, 'L3_dropout': 0.20598469997314045, 'n_mlp_layers': 3, 'mlp_dim_0': 112, 'mlp_dim_1': 32, 'mlp_dim_2': 376, 'num_heads': 2, 'final_dropout': 0.1800217024484184, 'train_learning_rate': 0.0040398737425896, 'train_lr_reduce': 0.6}. Best is trial 236 with value: 0.009785382077097893.
[I 2024-12-24 19:04:09,420] Trial 487 finished with value: 0.01130608282983303 and parameters: {'L1_hidden_dim': 224, 'L1_layers_atom': 4, 'L1_layers_mol': 3, 'L1_dropout': 0.10831981189405296, 'L1_out_dim': 32, 'L2_hidden_dim': 256, 'L2_layers_atom': 4, 'L2_layers_mol': 1, 'L2_out_dim': 80, 'L2_dropout': 0.05134364360938971, 'L3_hidden_dim': 112, 'L3_layers_atom': 2, 'L3_layers_mol': 3, 'L3_out_dim': 48, 'L3_dropout': 0.2952754163128783, 'n_mlp_layers': 2, 'mlp_dim_0': 488, 'mlp_dim_1': 120, 'num_heads': 2, 'final_dropout': 0.01987397381950755, 'train_learning_rate': 0.00028094736539656785, 'train_lr_reduce': 0.6}. Best is trial 236 with value: 0.009785382077097893.
[I 2024-12-24 19:05:17,791] Trial 488 finished with value: 0.014665982685983181 and parameters: {'L1_hidden_dim': 96, 'L1_layers_atom': 4, 'L1_layers_mol': 4, 'L1_dropout': 0.07070973656747323, 'L1_out_dim': 64, 'L2_hidden_dim': 192, 'L2_layers_atom': 4, 'L2_layers_mol': 3, 'L2_out_dim': 48, 'L2_dropout': 0.013981734026952698, 'L3_hidden_dim': 96, 'L3_layers_atom': 3, 'L3_layers_mol': 1, 'L3_out_dim': 80, 'L3_dropout': 0.2941216612369245, 'n_mlp_layers': 3, 'mlp_dim_0': 304, 'mlp_dim_1': 112, 'mlp_dim_2': 416, 'num_heads': 2, 'final_dropout': 0.17292274558019602, 'train_learning_rate': 0.005383008587289062, 'train_lr_reduce': 0.6}. Best is trial 236 with value: 0.009785382077097893.
[I 2024-12-24 19:06:13,518] Trial 490 finished with value: 0.011770660988986492 and parameters: {'L1_hidden_dim': 240, 'L1_layers_atom': 3, 'L1_layers_mol': 3, 'L1_dropout': 0.039556324519242535, 'L1_out_dim': 112, 'L2_hidden_dim': 160, 'L2_layers_atom': 3, 'L2_layers_mol': 2, 'L2_out_dim': 48, 'L2_dropout': 0.24971129514991125, 'L3_hidden_dim': 80, 'L3_layers_atom': 4, 'L3_layers_mol': 3, 'L3_out_dim': 112, 'L3_dropout': 0.2836776139136007, 'n_mlp_layers': 3, 'mlp_dim_0': 72, 'mlp_dim_1': 32, 'mlp_dim_2': 304, 'num_heads': 2, 'final_dropout': 0.24272369768097615, 'train_learning_rate': 0.0016569047657464463, 'train_lr_reduce': 0.6}. Best is trial 236 with value: 0.009785382077097893.
[I 2024-12-24 19:06:43,403] Trial 489 finished with value: 0.010836046189069748 and parameters: {'L1_hidden_dim': 256, 'L1_layers_atom': 3, 'L1_layers_mol': 4, 'L1_dropout': 0.07562456584610888, 'L1_out_dim': 48, 'L2_hidden_dim': 176, 'L2_layers_atom': 2, 'L2_layers_mol': 1, 'L2_out_dim': 80, 'L2_dropout': 0.11480758920561772, 'L3_hidden_dim': 96, 'L3_layers_atom': 4, 'L3_layers_mol': 4, 'L3_out_dim': 64, 'L3_dropout': 0.2501957019462596, 'n_mlp_layers': 1, 'mlp_dim_0': 216, 'num_heads': 2, 'final_dropout': 0.2094787553200545, 'train_learning_rate': 0.00047548885284099144, 'train_lr_reduce': 0.6}. Best is trial 236 with value: 0.009785382077097893.
[I 2024-12-24 19:07:17,322] Trial 491 finished with value: 0.011705269105732441 and parameters: {'L1_hidden_dim': 80, 'L1_layers_atom': 1, 'L1_layers_mol': 4, 'L1_dropout': 0.046755153865651995, 'L1_out_dim': 96, 'L2_hidden_dim': 144, 'L2_layers_atom': 4, 'L2_layers_mol': 1, 'L2_out_dim': 80, 'L2_dropout': 0.014984703263345923, 'L3_hidden_dim': 80, 'L3_layers_atom': 3, 'L3_layers_mol': 2, 'L3_out_dim': 64, 'L3_dropout': 0.29816262338627164, 'n_mlp_layers': 3, 'mlp_dim_0': 456, 'mlp_dim_1': 120, 'mlp_dim_2': 464, 'num_heads': 1, 'final_dropout': 0.11550790500069824, 'train_learning_rate': 0.0008860729483893301, 'train_lr_reduce': 0.6}. Best is trial 236 with value: 0.009785382077097893.
[I 2024-12-24 19:08:52,636] Trial 493 finished with value: 0.012167843990027905 and parameters: {'L1_hidden_dim': 224, 'L1_layers_atom': 4, 'L1_layers_mol': 4, 'L1_dropout': 0.13398299439212866, 'L1_out_dim': 80, 'L2_hidden_dim': 144, 'L2_layers_atom': 2, 'L2_layers_mol': 1, 'L2_out_dim': 48, 'L2_dropout': 0.02846360651007139, 'L3_hidden_dim': 80, 'L3_layers_atom': 3, 'L3_layers_mol': 3, 'L3_out_dim': 96, 'L3_dropout': 0.2586669712352692, 'n_mlp_layers': 3, 'mlp_dim_0': 96, 'mlp_dim_1': 120, 'mlp_dim_2': 360, 'num_heads': 1, 'final_dropout': 0.22733905463328233, 'train_learning_rate': 0.0010167375574032782, 'train_lr_reduce': 0.6}. Best is trial 236 with value: 0.009785382077097893.
[I 2024-12-24 19:08:56,879] Trial 492 finished with value: 0.015817517414689064 and parameters: {'L1_hidden_dim': 240, 'L1_layers_atom': 4, 'L1_layers_mol': 1, 'L1_dropout': 0.02300895844137751, 'L1_out_dim': 32, 'L2_hidden_dim': 80, 'L2_layers_atom': 4, 'L2_layers_mol': 1, 'L2_out_dim': 64, 'L2_dropout': 0.20538750477076806, 'L3_hidden_dim': 112, 'L3_layers_atom': 4, 'L3_layers_mol': 2, 'L3_out_dim': 112, 'L3_dropout': 0.27195194915775167, 'n_mlp_layers': 2, 'mlp_dim_0': 296, 'mlp_dim_1': 80, 'num_heads': 2, 'final_dropout': 0.033267766349474794, 'train_learning_rate': 0.0001893403122359697, 'train_lr_reduce': 0.6}. Best is trial 236 with value: 0.009785382077097893.
[I 2024-12-24 19:10:44,871] Trial 495 finished with value: 0.011547446250915527 and parameters: {'L1_hidden_dim': 208, 'L1_layers_atom': 2, 'L1_layers_mol': 4, 'L1_dropout': 0.035659822452864205, 'L1_out_dim': 32, 'L2_hidden_dim': 144, 'L2_layers_atom': 3, 'L2_layers_mol': 2, 'L2_out_dim': 32, 'L2_dropout': 0.002378487698319904, 'L3_hidden_dim': 80, 'L3_layers_atom': 2, 'L3_layers_mol': 4, 'L3_out_dim': 128, 'L3_dropout': 0.29213129947550176, 'n_mlp_layers': 2, 'mlp_dim_0': 408, 'mlp_dim_1': 136, 'num_heads': 1, 'final_dropout': 0.08963616192143731, 'train_learning_rate': 0.002851187582580291, 'train_lr_reduce': 0.6}. Best is trial 236 with value: 0.009785382077097893.
[I 2024-12-24 19:11:19,582] Trial 494 finished with value: 0.012355754151940346 and parameters: {'L1_hidden_dim': 144, 'L1_layers_atom': 4, 'L1_layers_mol': 3, 'L1_dropout': 0.08080000637330931, 'L1_out_dim': 32, 'L2_hidden_dim': 192, 'L2_layers_atom': 3, 'L2_layers_mol': 1, 'L2_out_dim': 112, 'L2_dropout': 0.03701606324939563, 'L3_hidden_dim': 112, 'L3_layers_atom': 3, 'L3_layers_mol': 3, 'L3_out_dim': 64, 'L3_dropout': 0.25125495849517276, 'n_mlp_layers': 2, 'mlp_dim_0': 368, 'mlp_dim_1': 32, 'num_heads': 2, 'final_dropout': 0.15446752173720113, 'train_learning_rate': 0.00024010031996501722, 'train_lr_reduce': 0.6}. Best is trial 236 with value: 0.009785382077097893.
[I 2024-12-24 19:11:36,048] Trial 496 finished with value: 0.01045102346688509 and parameters: {'L1_hidden_dim': 240, 'L1_layers_atom': 4, 'L1_layers_mol': 4, 'L1_dropout': 0.05091994138592849, 'L1_out_dim': 80, 'L2_hidden_dim': 192, 'L2_layers_atom': 4, 'L2_layers_mol': 3, 'L2_out_dim': 48, 'L2_dropout': 0.07565785783640132, 'L3_hidden_dim': 128, 'L3_layers_atom': 3, 'L3_layers_mol': 3, 'L3_out_dim': 128, 'L3_dropout': 0.25706576522169516, 'n_mlp_layers': 2, 'mlp_dim_0': 112, 'mlp_dim_1': 96, 'num_heads': 2, 'final_dropout': 0.2767587164725594, 'train_learning_rate': 0.0007278394102970204, 'train_lr_reduce': 0.6}. Best is trial 236 with value: 0.009785382077097893.
[I 2024-12-24 19:11:58,864] Trial 497 finished with value: 0.036715373396873474 and parameters: {'L1_hidden_dim': 192, 'L1_layers_atom': 4, 'L1_layers_mol': 2, 'L1_dropout': 0.0647892047145071, 'L1_out_dim': 32, 'L2_hidden_dim': 208, 'L2_layers_atom': 4, 'L2_layers_mol': 1, 'L2_out_dim': 112, 'L2_dropout': 0.11685813828942772, 'L3_hidden_dim': 112, 'L3_layers_atom': 4, 'L3_layers_mol': 3, 'L3_out_dim': 64, 'L3_dropout': 0.282639327285131, 'n_mlp_layers': 1, 'mlp_dim_0': 424, 'num_heads': 2, 'final_dropout': 0.05179478987817333, 'train_learning_rate': 0.0009178214673443219, 'train_lr_reduce': 0.6}. Best is trial 236 with value: 0.009785382077097893.
[I 2024-12-24 19:13:08,170] Trial 498 finished with value: 0.012316335923969746 and parameters: {'L1_hidden_dim': 224, 'L1_layers_atom': 1, 'L1_layers_mol': 3, 'L1_dropout': 0.06191989057740334, 'L1_out_dim': 64, 'L2_hidden_dim': 208, 'L2_layers_atom': 3, 'L2_layers_mol': 2, 'L2_out_dim': 32, 'L2_dropout': 0.014144751251271223, 'L3_hidden_dim': 128, 'L3_layers_atom': 1, 'L3_layers_mol': 4, 'L3_out_dim': 128, 'L3_dropout': 0.27877786258458465, 'n_mlp_layers': 2, 'mlp_dim_0': 480, 'mlp_dim_1': 176, 'num_heads': 1, 'final_dropout': 0.04240499834124466, 'train_learning_rate': 0.002045622079786094, 'train_lr_reduce': 0.6}. Best is trial 236 with value: 0.009785382077097893.
[I 2024-12-24 19:13:56,325] Trial 499 finished with value: 0.010912846773862839 and parameters: {'L1_hidden_dim': 240, 'L1_layers_atom': 4, 'L1_layers_mol': 4, 'L1_dropout': 0.00016851624858980202, 'L1_out_dim': 80, 'L2_hidden_dim': 144, 'L2_layers_atom': 4, 'L2_layers_mol': 2, 'L2_out_dim': 32, 'L2_dropout': 0.05913331101133748, 'L3_hidden_dim': 96, 'L3_layers_atom': 4, 'L3_layers_mol': 4, 'L3_out_dim': 96, 'L3_dropout': 0.2403746529581252, 'n_mlp_layers': 2, 'mlp_dim_0': 144, 'mlp_dim_1': 80, 'num_heads': 2, 'final_dropout': 0.2245563565026267, 'train_learning_rate': 0.0009977999589464094, 'train_lr_reduce': 0.6}. Best is trial 236 with value: 0.009785382077097893.
[I 2024-12-24 19:14:40,310] Trial 500 finished with value: 0.013717753812670708 and parameters: {'L1_hidden_dim': 256, 'L1_layers_atom': 4, 'L1_layers_mol': 4, 'L1_dropout': 0.04274493215798495, 'L1_out_dim': 80, 'L2_hidden_dim': 144, 'L2_layers_atom': 2, 'L2_layers_mol': 4, 'L2_out_dim': 48, 'L2_dropout': 0.17041281325260704, 'L3_hidden_dim': 96, 'L3_layers_atom': 3, 'L3_layers_mol': 3, 'L3_out_dim': 96, 'L3_dropout': 0.2747328268113841, 'n_mlp_layers': 3, 'mlp_dim_0': 200, 'mlp_dim_1': 80, 'mlp_dim_2': 400, 'num_heads': 2, 'final_dropout': 0.2533496868554147, 'train_learning_rate': 0.005335255741114712, 'train_lr_reduce': 0.6}. Best is trial 236 with value: 0.009785382077097893.
[I 2024-12-24 19:15:27,799] Trial 501 finished with value: 0.010999619029462337 and parameters: {'L1_hidden_dim': 144, 'L1_layers_atom': 4, 'L1_layers_mol': 4, 'L1_dropout': 0.03565575270494786, 'L1_out_dim': 96, 'L2_hidden_dim': 256, 'L2_layers_atom': 4, 'L2_layers_mol': 4, 'L2_out_dim': 48, 'L2_dropout': 0.01871030397086596, 'L3_hidden_dim': 96, 'L3_layers_atom': 4, 'L3_layers_mol': 4, 'L3_out_dim': 128, 'L3_dropout': 0.29574398872554697, 'n_mlp_layers': 2, 'mlp_dim_0': 120, 'mlp_dim_1': 32, 'num_heads': 2, 'final_dropout': 0.2929771746736518, 'train_learning_rate': 0.0015232113848815138, 'train_lr_reduce': 0.6}. Best is trial 236 with value: 0.009785382077097893.
[I 2024-12-24 19:16:27,346] Trial 502 finished with value: 0.010993837378919125 and parameters: {'L1_hidden_dim': 96, 'L1_layers_atom': 1, 'L1_layers_mol': 3, 'L1_dropout': 0.06034793934573986, 'L1_out_dim': 32, 'L2_hidden_dim': 96, 'L2_layers_atom': 3, 'L2_layers_mol': 1, 'L2_out_dim': 48, 'L2_dropout': 0.02397127830625457, 'L3_hidden_dim': 96, 'L3_layers_atom': 4, 'L3_layers_mol': 1, 'L3_out_dim': 128, 'L3_dropout': 0.25648374972612953, 'n_mlp_layers': 3, 'mlp_dim_0': 384, 'mlp_dim_1': 72, 'mlp_dim_2': 320, 'num_heads': 2, 'final_dropout': 0.19898239281120222, 'train_learning_rate': 0.0037079571031132137, 'train_lr_reduce': 0.6}. Best is trial 236 with value: 0.009785382077097893.
[I 2024-12-24 19:17:21,651] Trial 503 finished with value: 0.011364293284714222 and parameters: {'L1_hidden_dim': 240, 'L1_layers_atom': 3, 'L1_layers_mol': 3, 'L1_dropout': 0.07247444875297428, 'L1_out_dim': 64, 'L2_hidden_dim': 192, 'L2_layers_atom': 4, 'L2_layers_mol': 3, 'L2_out_dim': 48, 'L2_dropout': 0.06140798853821807, 'L3_hidden_dim': 128, 'L3_layers_atom': 2, 'L3_layers_mol': 3, 'L3_out_dim': 96, 'L3_dropout': 0.27060590317236866, 'n_mlp_layers': 2, 'mlp_dim_0': 224, 'mlp_dim_1': 104, 'num_heads': 2, 'final_dropout': 0.2833932932678073, 'train_learning_rate': 0.0004284491841731661, 'train_lr_reduce': 0.6}. Best is trial 236 with value: 0.009785382077097893.
[I 2024-12-24 19:18:41,190] Trial 504 finished with value: 0.011876611039042473 and parameters: {'L1_hidden_dim': 112, 'L1_layers_atom': 4, 'L1_layers_mol': 4, 'L1_dropout': 0.044690950863563, 'L1_out_dim': 64, 'L2_hidden_dim': 224, 'L2_layers_atom': 4, 'L2_layers_mol': 1, 'L2_out_dim': 64, 'L2_dropout': 0.07055923558330153, 'L3_hidden_dim': 112, 'L3_layers_atom': 2, 'L3_layers_mol': 1, 'L3_out_dim': 96, 'L3_dropout': 0.2962088555942271, 'n_mlp_layers': 3, 'mlp_dim_0': 440, 'mlp_dim_1': 168, 'mlp_dim_2': 504, 'num_heads': 2, 'final_dropout': 0.10498181513519253, 'train_learning_rate': 0.00255114085722962, 'train_lr_reduce': 0.6}. Best is trial 236 with value: 0.009785382077097893.
[I 2024-12-24 19:19:30,080] Trial 505 finished with value: 0.0119428476318717 and parameters: {'L1_hidden_dim': 208, 'L1_layers_atom': 4, 'L1_layers_mol': 4, 'L1_dropout': 0.07776073660178892, 'L1_out_dim': 80, 'L2_hidden_dim': 208, 'L2_layers_atom': 3, 'L2_layers_mol': 3, 'L2_out_dim': 96, 'L2_dropout': 0.038711510991387435, 'L3_hidden_dim': 128, 'L3_layers_atom': 4, 'L3_layers_mol': 3, 'L3_out_dim': 128, 'L3_dropout': 0.21614617816186135, 'n_mlp_layers': 2, 'mlp_dim_0': 40, 'mlp_dim_1': 80, 'num_heads': 2, 'final_dropout': 0.2746599843693455, 'train_learning_rate': 0.0003647837142895058, 'train_lr_reduce': 0.6}. Best is trial 236 with value: 0.009785382077097893.
[I 2024-12-24 19:19:34,856] Trial 506 finished with value: 0.014064512215554714 and parameters: {'L1_hidden_dim': 80, 'L1_layers_atom': 3, 'L1_layers_mol': 4, 'L1_dropout': 0.009626736430141926, 'L1_out_dim': 112, 'L2_hidden_dim': 80, 'L2_layers_atom': 2, 'L2_layers_mol': 4, 'L2_out_dim': 48, 'L2_dropout': 0.058146579436946406, 'L3_hidden_dim': 32, 'L3_layers_atom': 3, 'L3_layers_mol': 1, 'L3_out_dim': 112, 'L3_dropout': 0.2626248681706694, 'n_mlp_layers': 2, 'mlp_dim_0': 352, 'mlp_dim_1': 128, 'num_heads': 2, 'final_dropout': 0.15669795332925057, 'train_learning_rate': 0.0010631047832048589, 'train_lr_reduce': 0.6}. Best is trial 236 with value: 0.009785382077097893.
[I 2024-12-24 19:21:14,685] Trial 507 finished with value: 0.026336433365941048 and parameters: {'L1_hidden_dim': 144, 'L1_layers_atom': 3, 'L1_layers_mol': 2, 'L1_dropout': 0.05407542163247845, 'L1_out_dim': 32, 'L2_hidden_dim': 160, 'L2_layers_atom': 4, 'L2_layers_mol': 3, 'L2_out_dim': 128, 'L2_dropout': 0.18900443067778896, 'L3_hidden_dim': 80, 'L3_layers_atom': 2, 'L3_layers_mol': 2, 'L3_out_dim': 64, 'L3_dropout': 0.28639250232635977, 'n_mlp_layers': 2, 'mlp_dim_0': 440, 'mlp_dim_1': 208, 'num_heads': 2, 'final_dropout': 0.07371859397744264, 'train_learning_rate': 0.0006689232902832232, 'train_lr_reduce': 0.6}. Best is trial 236 with value: 0.009785382077097893.
[I 2024-12-24 19:21:23,462] Trial 508 finished with value: 0.011276253499090672 and parameters: {'L1_hidden_dim': 128, 'L1_layers_atom': 4, 'L1_layers_mol': 4, 'L1_dropout': 0.04065065646595287, 'L1_out_dim': 32, 'L2_hidden_dim': 160, 'L2_layers_atom': 4, 'L2_layers_mol': 1, 'L2_out_dim': 80, 'L2_dropout': 0.042605601175274406, 'L3_hidden_dim': 96, 'L3_layers_atom': 3, 'L3_layers_mol': 2, 'L3_out_dim': 112, 'L3_dropout': 0.2185458229972384, 'n_mlp_layers': 3, 'mlp_dim_0': 336, 'mlp_dim_1': 32, 'mlp_dim_2': 432, 'num_heads': 2, 'final_dropout': 0.02068424864817684, 'train_learning_rate': 0.001600369162651825, 'train_lr_reduce': 0.6}. Best is trial 236 with value: 0.009785382077097893.
[I 2024-12-24 19:23:05,474] Trial 509 finished with value: 0.014926783740520477 and parameters: {'L1_hidden_dim': 80, 'L1_layers_atom': 1, 'L1_layers_mol': 1, 'L1_dropout': 0.009926288589294332, 'L1_out_dim': 32, 'L2_hidden_dim': 128, 'L2_layers_atom': 4, 'L2_layers_mol': 1, 'L2_out_dim': 96, 'L2_dropout': 0.03191836893173259, 'L3_hidden_dim': 96, 'L3_layers_atom': 4, 'L3_layers_mol': 1, 'L3_out_dim': 96, 'L3_dropout': 0.18243725354494184, 'n_mlp_layers': 3, 'mlp_dim_0': 480, 'mlp_dim_1': 120, 'mlp_dim_2': 272, 'num_heads': 2, 'final_dropout': 0.16616228427491905, 'train_learning_rate': 0.007474533611234294, 'train_lr_reduce': 0.6}. Best is trial 236 with value: 0.009785382077097893.
[I 2024-12-24 19:23:21,366] Trial 510 finished with value: 0.019106632098555565 and parameters: {'L1_hidden_dim': 224, 'L1_layers_atom': 4, 'L1_layers_mol': 3, 'L1_dropout': 0.059820769293840885, 'L1_out_dim': 96, 'L2_hidden_dim': 240, 'L2_layers_atom': 4, 'L2_layers_mol': 4, 'L2_out_dim': 64, 'L2_dropout': 0.0991915897602163, 'L3_hidden_dim': 112, 'L3_layers_atom': 3, 'L3_layers_mol': 3, 'L3_out_dim': 112, 'L3_dropout': 0.2362173619757232, 'n_mlp_layers': 2, 'mlp_dim_0': 152, 'mlp_dim_1': 176, 'num_heads': 1, 'final_dropout': 0.2522787513968973, 'train_learning_rate': 0.0005635405563268217, 'train_lr_reduce': 0.6}. Best is trial 236 with value: 0.009785382077097893.
[I 2024-12-24 19:24:22,124] Trial 511 finished with value: 0.01097565982490778 and parameters: {'L1_hidden_dim': 256, 'L1_layers_atom': 4, 'L1_layers_mol': 3, 'L1_dropout': 0.035647761277758906, 'L1_out_dim': 80, 'L2_hidden_dim': 144, 'L2_layers_atom': 3, 'L2_layers_mol': 2, 'L2_out_dim': 64, 'L2_dropout': 0.15453422094855654, 'L3_hidden_dim': 80, 'L3_layers_atom': 1, 'L3_layers_mol': 4, 'L3_out_dim': 80, 'L3_dropout': 0.2911167199841464, 'n_mlp_layers': 1, 'mlp_dim_0': 176, 'num_heads': 2, 'final_dropout': 0.20556634112486472, 'train_learning_rate': 0.0008232990751074504, 'train_lr_reduce': 0.6}. Best is trial 236 with value: 0.009785382077097893.
