[I 2024-12-19 08:11:49,315] Trial 1055 finished with value: 1.2843456268310547 and parameters: {'mlp_n_layers': 4, 'mlp_dim_00': 472, 'mlp_dim_01': 193, 'mlp_dim_02': 371, 'mlp_dim_03': 175, 'node_hidden_dim': 125, 'edge_hidden_dim': 60, 'depth': 3, 'rep_dropout': 0.14159505321031865, 'train_learning_rate': 0.00809710963807285, 'train_lr_reduce': 0.6}. Best is trial 156 with value: 0.33254924416542053.
[I 2024-12-19 08:11:53,281] Trial 1057 finished with value: 1.3117271661758423 and parameters: {'mlp_n_layers': 2, 'mlp_dim_00': 510, 'mlp_dim_01': 161, 'node_hidden_dim': 98, 'edge_hidden_dim': 45, 'depth': 2, 'rep_dropout': 0.19022470804295843, 'train_learning_rate': 0.004156712182587145, 'train_lr_reduce': 0.6}. Best is trial 156 with value: 0.33254924416542053.
[I 2024-12-19 08:11:53,359] Trial 1056 finished with value: 1.581260323524475 and parameters: {'mlp_n_layers': 2, 'mlp_dim_00': 169, 'mlp_dim_01': 433, 'node_hidden_dim': 97, 'edge_hidden_dim': 100, 'depth': 2, 'rep_dropout': 0.01658268703953719, 'train_learning_rate': 0.00018997100227895956, 'train_lr_reduce': 0.6}. Best is trial 156 with value: 0.33254924416542053.
[I 2024-12-19 08:11:58,171] Trial 1054 finished with value: 0.40157127380371094 and parameters: {'mlp_n_layers': 3, 'mlp_dim_00': 300, 'mlp_dim_01': 71, 'mlp_dim_02': 326, 'node_hidden_dim': 126, 'edge_hidden_dim': 57, 'depth': 2, 'rep_dropout': 0.03791421093788997, 'train_learning_rate': 0.0054765221758251575, 'train_lr_reduce': 0.6}. Best is trial 156 with value: 0.33254924416542053.
[I 2024-12-19 08:12:01,623] Trial 1059 finished with value: 0.8481007814407349 and parameters: {'mlp_n_layers': 2, 'mlp_dim_00': 330, 'mlp_dim_01': 104, 'node_hidden_dim': 71, 'edge_hidden_dim': 76, 'depth': 2, 'rep_dropout': 0.11032133207109215, 'train_learning_rate': 0.008715852200050033, 'train_lr_reduce': 0.6}. Best is trial 156 with value: 0.33254924416542053.
[I 2024-12-19 08:12:02,614] Trial 1060 finished with value: 1.3694487810134888 and parameters: {'mlp_n_layers': 4, 'mlp_dim_00': 312, 'mlp_dim_01': 72, 'mlp_dim_02': 415, 'mlp_dim_03': 223, 'node_hidden_dim': 66, 'edge_hidden_dim': 47, 'depth': 2, 'rep_dropout': 0.048071770219972956, 'train_learning_rate': 0.00513686854595726, 'train_lr_reduce': 0.6}. Best is trial 156 with value: 0.33254924416542053.
[I 2024-12-19 08:12:06,210] Trial 1061 finished with value: 1.2946743965148926 and parameters: {'mlp_n_layers': 2, 'mlp_dim_00': 482, 'mlp_dim_01': 86, 'node_hidden_dim': 79, 'edge_hidden_dim': 88, 'depth': 3, 'rep_dropout': 0.1277157808760864, 'train_learning_rate': 0.004911186883106005, 'train_lr_reduce': 0.6}. Best is trial 156 with value: 0.33254924416542053.
[I 2024-12-19 08:12:07,386] Trial 1058 finished with value: 0.483925461769104 and parameters: {'mlp_n_layers': 3, 'mlp_dim_00': 481, 'mlp_dim_01': 164, 'mlp_dim_02': 319, 'node_hidden_dim': 95, 'edge_hidden_dim': 58, 'depth': 2, 'rep_dropout': 0.05974221866660491, 'train_learning_rate': 0.0027176208991107893, 'train_lr_reduce': 0.6}. Best is trial 156 with value: 0.33254924416542053.
[I 2024-12-19 08:12:07,925] Trial 1062 finished with value: 1.3465147018432617 and parameters: {'mlp_n_layers': 4, 'mlp_dim_00': 408, 'mlp_dim_01': 219, 'mlp_dim_02': 323, 'mlp_dim_03': 163, 'node_hidden_dim': 85, 'edge_hidden_dim': 51, 'depth': 2, 'rep_dropout': 0.1451291755243584, 'train_learning_rate': 0.004669464898613474, 'train_lr_reduce': 0.6}. Best is trial 156 with value: 0.33254924416542053.
[I 2024-12-19 08:12:10,614] Trial 1063 finished with value: 1.3965764045715332 and parameters: {'mlp_n_layers': 2, 'mlp_dim_00': 493, 'mlp_dim_01': 116, 'node_hidden_dim': 82, 'edge_hidden_dim': 57, 'depth': 2, 'rep_dropout': 0.10819438907797242, 'train_learning_rate': 0.0055877816799442285, 'train_lr_reduce': 0.6}. Best is trial 156 with value: 0.33254924416542053.
[I 2024-12-19 08:12:12,468] Trial 1065 finished with value: 1.3406941890716553 and parameters: {'mlp_n_layers': 3, 'mlp_dim_00': 392, 'mlp_dim_01': 65, 'mlp_dim_02': 374, 'node_hidden_dim': 69, 'edge_hidden_dim': 90, 'depth': 2, 'rep_dropout': 0.1645696723232296, 'train_learning_rate': 0.005139999729985788, 'train_lr_reduce': 0.6}. Best is trial 156 with value: 0.33254924416542053.
[I 2024-12-19 08:12:14,661] Trial 1066 finished with value: 1.2833404541015625 and parameters: {'mlp_n_layers': 2, 'mlp_dim_00': 435, 'mlp_dim_01': 120, 'node_hidden_dim': 61, 'edge_hidden_dim': 68, 'depth': 2, 'rep_dropout': 0.15476165122358235, 'train_learning_rate': 0.0034701565128960354, 'train_lr_reduce': 0.6}. Best is trial 156 with value: 0.33254924416542053.
[I 2024-12-19 08:12:19,416] Trial 1068 finished with value: 1.2999799251556396 and parameters: {'mlp_n_layers': 2, 'mlp_dim_00': 396, 'mlp_dim_01': 81, 'node_hidden_dim': 107, 'edge_hidden_dim': 58, 'depth': 2, 'rep_dropout': 0.11640395940721349, 'train_learning_rate': 0.006583580228232574, 'train_lr_reduce': 0.6}. Best is trial 156 with value: 0.33254924416542053.
[I 2024-12-19 08:12:21,123] Trial 1064 finished with value: 0.45814916491508484 and parameters: {'mlp_n_layers': 4, 'mlp_dim_00': 179, 'mlp_dim_01': 65, 'mlp_dim_02': 353, 'mlp_dim_03': 260, 'node_hidden_dim': 34, 'edge_hidden_dim': 92, 'depth': 2, 'rep_dropout': 0.129501410790655, 'train_learning_rate': 0.003656969046106383, 'train_lr_reduce': 0.6}. Best is trial 156 with value: 0.33254924416542053.
[I 2024-12-19 08:12:23,338] Trial 1069 finished with value: 1.5370793342590332 and parameters: {'mlp_n_layers': 2, 'mlp_dim_00': 452, 'mlp_dim_01': 98, 'node_hidden_dim': 40, 'edge_hidden_dim': 122, 'depth': 2, 'rep_dropout': 0.15979589665825217, 'train_learning_rate': 0.0005695294484166514, 'train_lr_reduce': 0.6}. Best is trial 156 with value: 0.33254924416542053.
[I 2024-12-19 08:12:25,511] Trial 1070 finished with value: 1.3250126838684082 and parameters: {'mlp_n_layers': 2, 'mlp_dim_00': 413, 'mlp_dim_01': 126, 'node_hidden_dim': 75, 'edge_hidden_dim': 54, 'depth': 3, 'rep_dropout': 0.2022867268851504, 'train_learning_rate': 0.0027061244374219397, 'train_lr_reduce': 0.6}. Best is trial 156 with value: 0.33254924416542053.
[I 2024-12-19 08:12:27,976] Trial 1071 finished with value: 1.2840549945831299 and parameters: {'mlp_n_layers': 3, 'mlp_dim_00': 116, 'mlp_dim_01': 85, 'mlp_dim_02': 265, 'node_hidden_dim': 117, 'edge_hidden_dim': 123, 'depth': 2, 'rep_dropout': 0.020095655308657312, 'train_learning_rate': 0.005885152226126821, 'train_lr_reduce': 0.6}. Best is trial 156 with value: 0.33254924416542053.
[I 2024-12-19 08:12:29,102] Trial 1067 finished with value: 0.5315931439399719 and parameters: {'mlp_n_layers': 4, 'mlp_dim_00': 246, 'mlp_dim_01': 326, 'mlp_dim_02': 315, 'mlp_dim_03': 182, 'node_hidden_dim': 94, 'edge_hidden_dim': 60, 'depth': 3, 'rep_dropout': 0.06277584585662159, 'train_learning_rate': 0.006158251032054678, 'train_lr_reduce': 0.6}. Best is trial 156 with value: 0.33254924416542053.
[I 2024-12-19 08:12:30,849] Trial 1072 finished with value: 1.5714478492736816 and parameters: {'mlp_n_layers': 4, 'mlp_dim_00': 489, 'mlp_dim_01': 391, 'mlp_dim_02': 419, 'mlp_dim_03': 227, 'node_hidden_dim': 112, 'edge_hidden_dim': 122, 'depth': 4, 'rep_dropout': 0.020883040530915997, 'train_learning_rate': 0.00025978276508467217, 'train_lr_reduce': 0.6}. Best is trial 156 with value: 0.33254924416542053.
[I 2024-12-19 08:12:32,745] Trial 1073 finished with value: 1.3419914245605469 and parameters: {'mlp_n_layers': 2, 'mlp_dim_00': 333, 'mlp_dim_01': 308, 'node_hidden_dim': 89, 'edge_hidden_dim': 87, 'depth': 2, 'rep_dropout': 0.12896147511361775, 'train_learning_rate': 0.009160636989159428, 'train_lr_reduce': 0.6}. Best is trial 156 with value: 0.33254924416542053.
[I 2024-12-19 08:12:34,211] Trial 1074 finished with value: 1.4366079568862915 and parameters: {'mlp_n_layers': 4, 'mlp_dim_00': 413, 'mlp_dim_01': 119, 'mlp_dim_02': 326, 'mlp_dim_03': 162, 'node_hidden_dim': 123, 'edge_hidden_dim': 54, 'depth': 3, 'rep_dropout': 0.15759161471070066, 'train_learning_rate': 0.005019668662597936, 'train_lr_reduce': 0.6}. Best is trial 156 with value: 0.33254924416542053.
[I 2024-12-19 08:12:34,841] Trial 1075 finished with value: 1.4365853071212769 and parameters: {'mlp_n_layers': 4, 'mlp_dim_00': 375, 'mlp_dim_01': 214, 'mlp_dim_02': 369, 'mlp_dim_03': 242, 'node_hidden_dim': 69, 'edge_hidden_dim': 79, 'depth': 2, 'rep_dropout': 0.07626088138755144, 'train_learning_rate': 0.0028508005531233866, 'train_lr_reduce': 0.6}. Best is trial 156 with value: 0.33254924416542053.
[I 2024-12-19 08:12:40,071] Trial 1078 finished with value: 1.2905523777008057 and parameters: {'mlp_n_layers': 2, 'mlp_dim_00': 320, 'mlp_dim_01': 494, 'node_hidden_dim': 78, 'edge_hidden_dim': 120, 'depth': 4, 'rep_dropout': 0.09015619605960187, 'train_learning_rate': 0.003771250646075292, 'train_lr_reduce': 0.6}. Best is trial 156 with value: 0.33254924416542053.
[I 2024-12-19 08:12:45,314] Trial 1079 finished with value: 1.5041781663894653 and parameters: {'mlp_n_layers': 3, 'mlp_dim_00': 418, 'mlp_dim_01': 114, 'mlp_dim_02': 312, 'node_hidden_dim': 79, 'edge_hidden_dim': 52, 'depth': 2, 'rep_dropout': 0.10071895719937549, 'train_learning_rate': 0.0039589820871249745, 'train_lr_reduce': 0.6}. Best is trial 156 with value: 0.33254924416542053.
[I 2024-12-19 08:12:45,517] Trial 1076 finished with value: 1.257307529449463 and parameters: {'mlp_n_layers': 2, 'mlp_dim_00': 112, 'mlp_dim_01': 99, 'node_hidden_dim': 100, 'edge_hidden_dim': 93, 'depth': 2, 'rep_dropout': 0.0006383769431971354, 'train_learning_rate': 0.002865280944658335, 'train_lr_reduce': 0.6}. Best is trial 156 with value: 0.33254924416542053.
[I 2024-12-19 08:12:51,575] Trial 1077 finished with value: 0.386554092168808 and parameters: {'mlp_n_layers': 4, 'mlp_dim_00': 77, 'mlp_dim_01': 406, 'mlp_dim_02': 270, 'mlp_dim_03': 200, 'node_hidden_dim': 103, 'edge_hidden_dim': 88, 'depth': 2, 'rep_dropout': 0.0653530436308443, 'train_learning_rate': 0.003976359371805584, 'train_lr_reduce': 0.6}. Best is trial 156 with value: 0.33254924416542053.
[I 2024-12-19 08:12:51,618] Trial 1081 finished with value: 1.3691754341125488 and parameters: {'mlp_n_layers': 3, 'mlp_dim_00': 435, 'mlp_dim_01': 334, 'mlp_dim_02': 271, 'node_hidden_dim': 84, 'edge_hidden_dim': 69, 'depth': 4, 'rep_dropout': 0.24509176994767776, 'train_learning_rate': 0.004085341216148059, 'train_lr_reduce': 0.6}. Best is trial 156 with value: 0.33254924416542053.
[I 2024-12-19 08:12:55,357] Trial 1080 finished with value: 1.390835165977478 and parameters: {'mlp_n_layers': 3, 'mlp_dim_00': 376, 'mlp_dim_01': 78, 'mlp_dim_02': 358, 'node_hidden_dim': 68, 'edge_hidden_dim': 68, 'depth': 2, 'rep_dropout': 0.062179175670053516, 'train_learning_rate': 0.0023795804949454853, 'train_lr_reduce': 0.6}. Best is trial 156 with value: 0.33254924416542053.
[I 2024-12-19 08:12:56,321] Trial 1083 finished with value: 1.3805367946624756 and parameters: {'mlp_n_layers': 3, 'mlp_dim_00': 451, 'mlp_dim_01': 64, 'mlp_dim_02': 318, 'node_hidden_dim': 88, 'edge_hidden_dim': 53, 'depth': 2, 'rep_dropout': 0.11623571212676578, 'train_learning_rate': 0.009541550048577277, 'train_lr_reduce': 0.6}. Best is trial 156 with value: 0.33254924416542053.
[I 2024-12-19 08:12:56,535] Trial 1082 finished with value: 1.351188063621521 and parameters: {'mlp_n_layers': 3, 'mlp_dim_00': 85, 'mlp_dim_01': 363, 'mlp_dim_02': 391, 'node_hidden_dim': 104, 'edge_hidden_dim': 92, 'depth': 2, 'rep_dropout': 0.08585505900534462, 'train_learning_rate': 0.0024999034925650876, 'train_lr_reduce': 0.6}. Best is trial 156 with value: 0.33254924416542053.
[I 2024-12-19 08:13:02,766] Trial 1084 finished with value: 1.3374961614608765 and parameters: {'mlp_n_layers': 4, 'mlp_dim_00': 441, 'mlp_dim_01': 76, 'mlp_dim_02': 293, 'mlp_dim_03': 171, 'node_hidden_dim': 73, 'edge_hidden_dim': 75, 'depth': 2, 'rep_dropout': 0.07955247257199548, 'train_learning_rate': 0.003667758971125483, 'train_lr_reduce': 0.6}. Best is trial 156 with value: 0.33254924416542053.
[I 2024-12-19 08:13:03,226] Trial 1085 finished with value: 1.362597107887268 and parameters: {'mlp_n_layers': 4, 'mlp_dim_00': 191, 'mlp_dim_01': 343, 'mlp_dim_02': 343, 'mlp_dim_03': 180, 'node_hidden_dim': 111, 'edge_hidden_dim': 93, 'depth': 2, 'rep_dropout': 0.010393463039299194, 'train_learning_rate': 0.0016739220638113403, 'train_lr_reduce': 0.6}. Best is trial 156 with value: 0.33254924416542053.
[I 2024-12-19 08:13:04,458] Trial 1086 finished with value: 1.457138180732727 and parameters: {'mlp_n_layers': 3, 'mlp_dim_00': 170, 'mlp_dim_01': 73, 'mlp_dim_02': 287, 'node_hidden_dim': 118, 'edge_hidden_dim': 106, 'depth': 2, 'rep_dropout': 0.05021480174908856, 'train_learning_rate': 0.0032822184903724483, 'train_lr_reduce': 0.6}. Best is trial 156 with value: 0.33254924416542053.
[I 2024-12-19 08:13:08,006] Trial 1087 finished with value: 1.2835432291030884 and parameters: {'mlp_n_layers': 3, 'mlp_dim_00': 323, 'mlp_dim_01': 186, 'mlp_dim_02': 414, 'node_hidden_dim': 93, 'edge_hidden_dim': 64, 'depth': 3, 'rep_dropout': 0.1882383190309825, 'train_learning_rate': 0.006513313780327138, 'train_lr_reduce': 0.6}. Best is trial 156 with value: 0.33254924416542053.
[I 2024-12-19 08:13:08,790] Trial 1088 finished with value: 1.3851369619369507 and parameters: {'mlp_n_layers': 2, 'mlp_dim_00': 445, 'mlp_dim_01': 70, 'node_hidden_dim': 91, 'edge_hidden_dim': 66, 'depth': 3, 'rep_dropout': 0.15870580959594852, 'train_learning_rate': 0.006116250923064164, 'train_lr_reduce': 0.6}. Best is trial 156 with value: 0.33254924416542053.
[I 2024-12-19 08:13:12,915] Trial 1089 finished with value: 1.379374384880066 and parameters: {'mlp_n_layers': 4, 'mlp_dim_00': 72, 'mlp_dim_01': 315, 'mlp_dim_02': 352, 'mlp_dim_03': 194, 'node_hidden_dim': 122, 'edge_hidden_dim': 69, 'depth': 2, 'rep_dropout': 0.07717073143609085, 'train_learning_rate': 0.0019556762055159224, 'train_lr_reduce': 0.6}. Best is trial 156 with value: 0.33254924416542053.
[I 2024-12-19 08:13:15,059] Trial 1090 finished with value: 1.3930851221084595 and parameters: {'mlp_n_layers': 4, 'mlp_dim_00': 77, 'mlp_dim_01': 311, 'mlp_dim_02': 257, 'mlp_dim_03': 162, 'node_hidden_dim': 71, 'edge_hidden_dim': 99, 'depth': 2, 'rep_dropout': 0.10733323329528074, 'train_learning_rate': 0.002383875645055215, 'train_lr_reduce': 0.6}. Best is trial 156 with value: 0.33254924416542053.
[I 2024-12-19 08:13:16,884] Trial 1091 finished with value: 1.2550554275512695 and parameters: {'mlp_n_layers': 4, 'mlp_dim_00': 94, 'mlp_dim_01': 402, 'mlp_dim_02': 299, 'mlp_dim_03': 192, 'node_hidden_dim': 101, 'edge_hidden_dim': 89, 'depth': 2, 'rep_dropout': 0.11174863007964643, 'train_learning_rate': 0.0072952121665876574, 'train_lr_reduce': 0.6}. Best is trial 156 with value: 0.33254924416542053.
[I 2024-12-19 08:13:21,066] Trial 1094 finished with value: 1.3342868089675903 and parameters: {'mlp_n_layers': 3, 'mlp_dim_00': 405, 'mlp_dim_01': 93, 'mlp_dim_02': 262, 'node_hidden_dim': 35, 'edge_hidden_dim': 96, 'depth': 3, 'rep_dropout': 0.13009598054051244, 'train_learning_rate': 0.008852616923922236, 'train_lr_reduce': 0.6}. Best is trial 156 with value: 0.33254924416542053.
[I 2024-12-19 08:13:22,313] Trial 1092 finished with value: 0.514292299747467 and parameters: {'mlp_n_layers': 4, 'mlp_dim_00': 495, 'mlp_dim_01': 284, 'mlp_dim_02': 367, 'mlp_dim_03': 156, 'node_hidden_dim': 126, 'edge_hidden_dim': 107, 'depth': 2, 'rep_dropout': 0.1468627347018274, 'train_learning_rate': 0.006569310903799764, 'train_lr_reduce': 0.6}. Best is trial 156 with value: 0.33254924416542053.
[I 2024-12-19 08:13:23,350] Trial 1093 finished with value: 1.378235101699829 and parameters: {'mlp_n_layers': 4, 'mlp_dim_00': 129, 'mlp_dim_01': 400, 'mlp_dim_02': 321, 'mlp_dim_03': 201, 'node_hidden_dim': 104, 'edge_hidden_dim': 108, 'depth': 3, 'rep_dropout': 0.061276370499411134, 'train_learning_rate': 0.0020063130450696572, 'train_lr_reduce': 0.6}. Best is trial 156 with value: 0.33254924416542053.
[I 2024-12-19 08:13:25,448] Trial 1095 finished with value: 1.5018597841262817 and parameters: {'mlp_n_layers': 2, 'mlp_dim_00': 460, 'mlp_dim_01': 85, 'node_hidden_dim': 78, 'edge_hidden_dim': 48, 'depth': 2, 'rep_dropout': 0.17954974477364535, 'train_learning_rate': 0.002211372336812226, 'train_lr_reduce': 0.6}. Best is trial 156 with value: 0.33254924416542053.
[I 2024-12-19 08:13:27,316] Trial 1097 finished with value: 1.4731694459915161 and parameters: {'mlp_n_layers': 3, 'mlp_dim_00': 390, 'mlp_dim_01': 66, 'mlp_dim_02': 425, 'node_hidden_dim': 40, 'edge_hidden_dim': 87, 'depth': 2, 'rep_dropout': 0.1398431499127833, 'train_learning_rate': 0.002761215712762767, 'train_lr_reduce': 0.6}. Best is trial 156 with value: 0.33254924416542053.
[I 2024-12-19 08:13:31,241] Trial 1099 finished with value: 1.5231984853744507 and parameters: {'mlp_n_layers': 2, 'mlp_dim_00': 296, 'mlp_dim_01': 488, 'node_hidden_dim': 87, 'edge_hidden_dim': 65, 'depth': 3, 'rep_dropout': 0.04195276088094435, 'train_learning_rate': 0.00042843779590255425, 'train_lr_reduce': 0.6}. Best is trial 156 with value: 0.33254924416542053.
[I 2024-12-19 08:13:31,739] Trial 1098 finished with value: 1.2612416744232178 and parameters: {'mlp_n_layers': 3, 'mlp_dim_00': 172, 'mlp_dim_01': 378, 'mlp_dim_02': 250, 'node_hidden_dim': 118, 'edge_hidden_dim': 78, 'depth': 2, 'rep_dropout': 0.049400132035062695, 'train_learning_rate': 0.005451496133525177, 'train_lr_reduce': 0.6}. Best is trial 156 with value: 0.33254924416542053.
[I 2024-12-19 08:13:36,167] Trial 1100 finished with value: 1.3985034227371216 and parameters: {'mlp_n_layers': 4, 'mlp_dim_00': 201, 'mlp_dim_01': 98, 'mlp_dim_02': 376, 'mlp_dim_03': 199, 'node_hidden_dim': 128, 'edge_hidden_dim': 70, 'depth': 2, 'rep_dropout': 0.002185446069845375, 'train_learning_rate': 0.009644600623698317, 'train_lr_reduce': 0.6}. Best is trial 156 with value: 0.33254924416542053.
[I 2024-12-19 08:13:36,885] Trial 1101 finished with value: 1.4691897630691528 and parameters: {'mlp_n_layers': 3, 'mlp_dim_00': 94, 'mlp_dim_01': 415, 'mlp_dim_02': 312, 'node_hidden_dim': 100, 'edge_hidden_dim': 65, 'depth': 3, 'rep_dropout': 0.0383143096573176, 'train_learning_rate': 0.004852839280992432, 'train_lr_reduce': 0.6}. Best is trial 156 with value: 0.33254924416542053.
[I 2024-12-19 08:13:37,713] Trial 1096 finished with value: 0.43979617953300476 and parameters: {'mlp_n_layers': 4, 'mlp_dim_00': 129, 'mlp_dim_01': 468, 'mlp_dim_02': 330, 'mlp_dim_03': 149, 'node_hidden_dim': 102, 'edge_hidden_dim': 102, 'depth': 2, 'rep_dropout': 0.018015219557121764, 'train_learning_rate': 0.004925295674083141, 'train_lr_reduce': 0.6}. Best is trial 156 with value: 0.33254924416542053.
[I 2024-12-19 08:13:40,636] Trial 1102 finished with value: 1.3927494287490845 and parameters: {'mlp_n_layers': 3, 'mlp_dim_00': 324, 'mlp_dim_01': 116, 'mlp_dim_02': 364, 'node_hidden_dim': 70, 'edge_hidden_dim': 53, 'depth': 2, 'rep_dropout': 0.16664943061126408, 'train_learning_rate': 0.004233649138718868, 'train_lr_reduce': 0.6}. Best is trial 156 with value: 0.33254924416542053.
[I 2024-12-19 08:13:41,220] Trial 1103 finished with value: 1.2913169860839844 and parameters: {'mlp_n_layers': 2, 'mlp_dim_00': 236, 'mlp_dim_01': 72, 'node_hidden_dim': 127, 'edge_hidden_dim': 36, 'depth': 3, 'rep_dropout': 0.023835432169513768, 'train_learning_rate': 0.007960181274582211, 'train_lr_reduce': 0.6}. Best is trial 156 with value: 0.33254924416542053.
[I 2024-12-19 08:13:42,318] Trial 1104 finished with value: 1.3742176294326782 and parameters: {'mlp_n_layers': 3, 'mlp_dim_00': 419, 'mlp_dim_01': 143, 'mlp_dim_02': 266, 'node_hidden_dim': 82, 'edge_hidden_dim': 83, 'depth': 2, 'rep_dropout': 0.13625523609083257, 'train_learning_rate': 0.004444674398982464, 'train_lr_reduce': 0.6}. Best is trial 156 with value: 0.33254924416542053.
[I 2024-12-19 08:13:44,625] Trial 1105 finished with value: 1.2990127801895142 and parameters: {'mlp_n_layers': 4, 'mlp_dim_00': 94, 'mlp_dim_01': 360, 'mlp_dim_02': 311, 'mlp_dim_03': 142, 'node_hidden_dim': 115, 'edge_hidden_dim': 79, 'depth': 2, 'rep_dropout': 0.08666970208505331, 'train_learning_rate': 0.006851634447022275, 'train_lr_reduce': 0.6}. Best is trial 156 with value: 0.33254924416542053.
[I 2024-12-19 08:13:46,951] Trial 1107 finished with value: 1.5491865873336792 and parameters: {'mlp_n_layers': 2, 'mlp_dim_00': 130, 'mlp_dim_01': 340, 'node_hidden_dim': 36, 'edge_hidden_dim': 60, 'depth': 3, 'rep_dropout': 0.07572836732679311, 'train_learning_rate': 0.0012042461257011831, 'train_lr_reduce': 0.6}. Best is trial 156 with value: 0.33254924416542053.
[I 2024-12-19 08:13:49,246] Trial 1106 finished with value: 1.3207330703735352 and parameters: {'mlp_n_layers': 4, 'mlp_dim_00': 87, 'mlp_dim_01': 331, 'mlp_dim_02': 401, 'mlp_dim_03': 215, 'node_hidden_dim': 98, 'edge_hidden_dim': 80, 'depth': 2, 'rep_dropout': 0.06574745262331716, 'train_learning_rate': 0.001956553791930691, 'train_lr_reduce': 0.6}. Best is trial 156 with value: 0.33254924416542053.
[I 2024-12-19 08:13:51,598] Trial 1109 finished with value: 1.3686777353286743 and parameters: {'mlp_n_layers': 3, 'mlp_dim_00': 509, 'mlp_dim_01': 473, 'mlp_dim_02': 270, 'node_hidden_dim': 102, 'edge_hidden_dim': 99, 'depth': 3, 'rep_dropout': 0.1842706700063374, 'train_learning_rate': 0.0018880396459329196, 'train_lr_reduce': 0.6}. Best is trial 156 with value: 0.33254924416542053.
[I 2024-12-19 08:13:52,497] Trial 1108 finished with value: 1.3216075897216797 and parameters: {'mlp_n_layers': 4, 'mlp_dim_00': 86, 'mlp_dim_01': 510, 'mlp_dim_02': 331, 'mlp_dim_03': 142, 'node_hidden_dim': 99, 'edge_hidden_dim': 77, 'depth': 2, 'rep_dropout': 0.01131295784294492, 'train_learning_rate': 0.0028189715664554736, 'train_lr_reduce': 0.6}. Best is trial 156 with value: 0.33254924416542053.
