[I 2024-12-19 08:08:10,251] Trial 943 finished with value: 1.3771722316741943 and parameters: {'mlp_n_layers': 3, 'mlp_dim_00': 493, 'mlp_dim_01': 72, 'mlp_dim_02': 360, 'node_hidden_dim': 50, 'edge_hidden_dim': 99, 'depth': 2, 'rep_dropout': 0.13864631956855766, 'train_learning_rate': 0.0034216002725642276, 'train_lr_reduce': 0.6}. Best is trial 156 with value: 0.33254924416542053.
[I 2024-12-19 08:08:10,372] Trial 941 finished with value: 0.7396851778030396 and parameters: {'mlp_n_layers': 3, 'mlp_dim_00': 353, 'mlp_dim_01': 94, 'mlp_dim_02': 389, 'node_hidden_dim': 103, 'edge_hidden_dim': 72, 'depth': 2, 'rep_dropout': 0.12344937450644768, 'train_learning_rate': 0.004871279289993409, 'train_lr_reduce': 0.6}. Best is trial 156 with value: 0.33254924416542053.
[I 2024-12-19 08:08:13,317] Trial 944 finished with value: 1.5231739282608032 and parameters: {'mlp_n_layers': 4, 'mlp_dim_00': 318, 'mlp_dim_01': 92, 'mlp_dim_02': 367, 'mlp_dim_03': 128, 'node_hidden_dim': 89, 'edge_hidden_dim': 73, 'depth': 2, 'rep_dropout': 0.06968952719856714, 'train_learning_rate': 0.0022358103778590665, 'train_lr_reduce': 0.6}. Best is trial 156 with value: 0.33254924416542053.
[I 2024-12-19 08:08:14,484] Trial 945 finished with value: 1.4928737878799438 and parameters: {'mlp_n_layers': 3, 'mlp_dim_00': 348, 'mlp_dim_01': 78, 'mlp_dim_02': 387, 'node_hidden_dim': 79, 'edge_hidden_dim': 91, 'depth': 2, 'rep_dropout': 0.11197416529209696, 'train_learning_rate': 0.0027618139032739063, 'train_lr_reduce': 0.6}. Best is trial 156 with value: 0.33254924416542053.
[I 2024-12-19 08:08:14,617] Trial 946 finished with value: 1.530988335609436 and parameters: {'mlp_n_layers': 4, 'mlp_dim_00': 451, 'mlp_dim_01': 77, 'mlp_dim_02': 360, 'mlp_dim_03': 147, 'node_hidden_dim': 95, 'edge_hidden_dim': 40, 'depth': 2, 'rep_dropout': 0.09625041421170627, 'train_learning_rate': 0.0014981653544462173, 'train_lr_reduce': 0.6}. Best is trial 156 with value: 0.33254924416542053.
[I 2024-12-19 08:08:17,320] Trial 947 finished with value: 1.2879705429077148 and parameters: {'mlp_n_layers': 3, 'mlp_dim_00': 439, 'mlp_dim_01': 219, 'mlp_dim_02': 374, 'node_hidden_dim': 59, 'edge_hidden_dim': 102, 'depth': 2, 'rep_dropout': 0.07153683540177141, 'train_learning_rate': 0.004125128015102627, 'train_lr_reduce': 0.6}. Best is trial 156 with value: 0.33254924416542053.
[I 2024-12-19 08:08:18,746] Trial 948 finished with value: 1.3512609004974365 and parameters: {'mlp_n_layers': 3, 'mlp_dim_00': 451, 'mlp_dim_01': 95, 'mlp_dim_02': 341, 'node_hidden_dim': 57, 'edge_hidden_dim': 79, 'depth': 3, 'rep_dropout': 0.10064556243558012, 'train_learning_rate': 0.005123560767332742, 'train_lr_reduce': 0.6}. Best is trial 156 with value: 0.33254924416542053.
[I 2024-12-19 08:08:18,883] Trial 949 finished with value: 1.3161771297454834 and parameters: {'mlp_n_layers': 3, 'mlp_dim_00': 497, 'mlp_dim_01': 84, 'mlp_dim_02': 327, 'node_hidden_dim': 53, 'edge_hidden_dim': 67, 'depth': 2, 'rep_dropout': 0.1026139756024164, 'train_learning_rate': 0.007868811874954383, 'train_lr_reduce': 0.6}. Best is trial 156 with value: 0.33254924416542053.
[I 2024-12-19 08:08:21,577] Trial 950 finished with value: 1.3531807661056519 and parameters: {'mlp_n_layers': 3, 'mlp_dim_00': 350, 'mlp_dim_01': 153, 'mlp_dim_02': 325, 'node_hidden_dim': 62, 'edge_hidden_dim': 98, 'depth': 2, 'rep_dropout': 0.1058079650200783, 'train_learning_rate': 0.0047873207820526, 'train_lr_reduce': 0.6}. Best is trial 156 with value: 0.33254924416542053.
[I 2024-12-19 08:08:23,689] Trial 951 finished with value: 1.5682168006896973 and parameters: {'mlp_n_layers': 3, 'mlp_dim_00': 430, 'mlp_dim_01': 157, 'mlp_dim_02': 379, 'node_hidden_dim': 83, 'edge_hidden_dim': 64, 'depth': 3, 'rep_dropout': 0.12166828436679418, 'train_learning_rate': 0.0008029088689478734, 'train_lr_reduce': 0.6}. Best is trial 156 with value: 0.33254924416542053.
[I 2024-12-19 08:08:23,952] Trial 952 finished with value: 1.2919425964355469 and parameters: {'mlp_n_layers': 4, 'mlp_dim_00': 457, 'mlp_dim_01': 88, 'mlp_dim_02': 311, 'mlp_dim_03': 141, 'node_hidden_dim': 69, 'edge_hidden_dim': 59, 'depth': 3, 'rep_dropout': 0.054953875548193816, 'train_learning_rate': 0.007239224340858801, 'train_lr_reduce': 0.6}. Best is trial 156 with value: 0.33254924416542053.
[I 2024-12-19 08:08:28,142] Trial 953 finished with value: 1.4233722686767578 and parameters: {'mlp_n_layers': 3, 'mlp_dim_00': 504, 'mlp_dim_01': 98, 'mlp_dim_02': 317, 'node_hidden_dim': 64, 'edge_hidden_dim': 98, 'depth': 2, 'rep_dropout': 0.04474238483905083, 'train_learning_rate': 0.002975791985088263, 'train_lr_reduce': 0.6}. Best is trial 156 with value: 0.33254924416542053.
[I 2024-12-19 08:08:28,225] Trial 955 finished with value: 1.3614832162857056 and parameters: {'mlp_n_layers': 2, 'mlp_dim_00': 466, 'mlp_dim_01': 164, 'node_hidden_dim': 57, 'edge_hidden_dim': 99, 'depth': 3, 'rep_dropout': 0.15257644444713522, 'train_learning_rate': 0.0087579593646392, 'train_lr_reduce': 0.6}. Best is trial 156 with value: 0.33254924416542053.
[I 2024-12-19 08:08:33,766] Trial 957 finished with value: 1.5207242965698242 and parameters: {'mlp_n_layers': 4, 'mlp_dim_00': 389, 'mlp_dim_01': 97, 'mlp_dim_02': 301, 'mlp_dim_03': 446, 'node_hidden_dim': 79, 'edge_hidden_dim': 45, 'depth': 3, 'rep_dropout': 0.10042789908392136, 'train_learning_rate': 0.004673858763639986, 'train_lr_reduce': 0.6}. Best is trial 156 with value: 0.33254924416542053.
[I 2024-12-19 08:08:37,964] Trial 954 finished with value: 0.4002092480659485 and parameters: {'mlp_n_layers': 4, 'mlp_dim_00': 482, 'mlp_dim_01': 132, 'mlp_dim_02': 370, 'mlp_dim_03': 143, 'node_hidden_dim': 91, 'edge_hidden_dim': 73, 'depth': 2, 'rep_dropout': 0.12320516438106886, 'train_learning_rate': 0.003173588678811194, 'train_lr_reduce': 0.6}. Best is trial 156 with value: 0.33254924416542053.
[I 2024-12-19 08:08:38,490] Trial 958 finished with value: 1.3261820077896118 and parameters: {'mlp_n_layers': 3, 'mlp_dim_00': 425, 'mlp_dim_01': 145, 'mlp_dim_02': 303, 'node_hidden_dim': 61, 'edge_hidden_dim': 90, 'depth': 2, 'rep_dropout': 0.11969680181595363, 'train_learning_rate': 0.00886321973806654, 'train_lr_reduce': 0.6}. Best is trial 156 with value: 0.33254924416542053.
[I 2024-12-19 08:08:41,947] Trial 956 finished with value: 0.4231451451778412 and parameters: {'mlp_n_layers': 3, 'mlp_dim_00': 496, 'mlp_dim_01': 106, 'mlp_dim_02': 299, 'node_hidden_dim': 99, 'edge_hidden_dim': 50, 'depth': 2, 'rep_dropout': 0.11462946232415833, 'train_learning_rate': 0.0031345496754997797, 'train_lr_reduce': 0.6}. Best is trial 156 with value: 0.33254924416542053.
[I 2024-12-19 08:08:42,243] Trial 959 finished with value: 1.485404372215271 and parameters: {'mlp_n_layers': 4, 'mlp_dim_00': 468, 'mlp_dim_01': 104, 'mlp_dim_02': 350, 'mlp_dim_03': 148, 'node_hidden_dim': 73, 'edge_hidden_dim': 76, 'depth': 2, 'rep_dropout': 0.1388179106393586, 'train_learning_rate': 0.0024041061976572253, 'train_lr_reduce': 0.6}. Best is trial 156 with value: 0.33254924416542053.
[I 2024-12-19 08:08:42,822] Trial 960 finished with value: 1.4259049892425537 and parameters: {'mlp_n_layers': 3, 'mlp_dim_00': 482, 'mlp_dim_01': 84, 'mlp_dim_02': 398, 'node_hidden_dim': 77, 'edge_hidden_dim': 97, 'depth': 2, 'rep_dropout': 0.0765823354631633, 'train_learning_rate': 0.004906743305512423, 'train_lr_reduce': 0.6}. Best is trial 156 with value: 0.33254924416542053.
[I 2024-12-19 08:08:46,194] Trial 961 finished with value: 1.395133137702942 and parameters: {'mlp_n_layers': 4, 'mlp_dim_00': 387, 'mlp_dim_01': 119, 'mlp_dim_02': 374, 'mlp_dim_03': 154, 'node_hidden_dim': 56, 'edge_hidden_dim': 86, 'depth': 2, 'rep_dropout': 0.10250895887007125, 'train_learning_rate': 0.004597029296742132, 'train_lr_reduce': 0.6}. Best is trial 156 with value: 0.33254924416542053.
[I 2024-12-19 08:08:47,149] Trial 963 finished with value: 1.453062891960144 and parameters: {'mlp_n_layers': 3, 'mlp_dim_00': 507, 'mlp_dim_01': 130, 'mlp_dim_02': 383, 'node_hidden_dim': 77, 'edge_hidden_dim': 80, 'depth': 2, 'rep_dropout': 0.10879408534381206, 'train_learning_rate': 0.0025450369976337474, 'train_lr_reduce': 0.6}. Best is trial 156 with value: 0.33254924416542053.
[I 2024-12-19 08:08:50,238] Trial 964 finished with value: 1.2838979959487915 and parameters: {'mlp_n_layers': 3, 'mlp_dim_00': 496, 'mlp_dim_01': 150, 'mlp_dim_02': 368, 'node_hidden_dim': 95, 'edge_hidden_dim': 86, 'depth': 2, 'rep_dropout': 0.11550035785879359, 'train_learning_rate': 0.009134062581992258, 'train_lr_reduce': 0.6}. Best is trial 156 with value: 0.33254924416542053.
[I 2024-12-19 08:08:51,372] Trial 965 finished with value: 1.3163233995437622 and parameters: {'mlp_n_layers': 3, 'mlp_dim_00': 512, 'mlp_dim_01': 73, 'mlp_dim_02': 353, 'node_hidden_dim': 70, 'edge_hidden_dim': 61, 'depth': 2, 'rep_dropout': 0.11878132793993498, 'train_learning_rate': 0.0036838813349073475, 'train_lr_reduce': 0.6}. Best is trial 156 with value: 0.33254924416542053.
[I 2024-12-19 08:08:54,886] Trial 966 finished with value: 1.5382190942764282 and parameters: {'mlp_n_layers': 4, 'mlp_dim_00': 447, 'mlp_dim_01': 218, 'mlp_dim_02': 384, 'mlp_dim_03': 160, 'node_hidden_dim': 79, 'edge_hidden_dim': 86, 'depth': 2, 'rep_dropout': 0.15406424492809948, 'train_learning_rate': 0.003854088040727682, 'train_lr_reduce': 0.6}. Best is trial 156 with value: 0.33254924416542053.
[I 2024-12-19 08:08:56,393] Trial 967 finished with value: 1.4794203042984009 and parameters: {'mlp_n_layers': 2, 'mlp_dim_00': 481, 'mlp_dim_01': 255, 'node_hidden_dim': 70, 'edge_hidden_dim': 40, 'depth': 3, 'rep_dropout': 0.24764979235143386, 'train_learning_rate': 0.0017304958398265285, 'train_lr_reduce': 0.6}. Best is trial 156 with value: 0.33254924416542053.
[I 2024-12-19 08:08:56,681] Trial 962 finished with value: 0.5461976528167725 and parameters: {'mlp_n_layers': 4, 'mlp_dim_00': 107, 'mlp_dim_01': 81, 'mlp_dim_02': 397, 'mlp_dim_03': 142, 'node_hidden_dim': 125, 'edge_hidden_dim': 98, 'depth': 2, 'rep_dropout': 0.05645054530106374, 'train_learning_rate': 0.004062481412257289, 'train_lr_reduce': 0.6}. Best is trial 156 with value: 0.33254924416542053.
[I 2024-12-19 08:08:59,662] Trial 968 finished with value: 1.339339256286621 and parameters: {'mlp_n_layers': 3, 'mlp_dim_00': 495, 'mlp_dim_01': 155, 'mlp_dim_02': 343, 'node_hidden_dim': 83, 'edge_hidden_dim': 71, 'depth': 3, 'rep_dropout': 0.05913990884052775, 'train_learning_rate': 0.005932895925020604, 'train_lr_reduce': 0.6}. Best is trial 156 with value: 0.33254924416542053.
[I 2024-12-19 08:09:00,849] Trial 970 finished with value: 1.4152615070343018 and parameters: {'mlp_n_layers': 3, 'mlp_dim_00': 492, 'mlp_dim_01': 126, 'mlp_dim_02': 391, 'node_hidden_dim': 96, 'edge_hidden_dim': 76, 'depth': 2, 'rep_dropout': 0.16957840900802984, 'train_learning_rate': 0.004447678559305836, 'train_lr_reduce': 0.6}. Best is trial 156 with value: 0.33254924416542053.
[I 2024-12-19 08:09:04,373] Trial 971 finished with value: 1.3733781576156616 and parameters: {'mlp_n_layers': 3, 'mlp_dim_00': 401, 'mlp_dim_01': 95, 'mlp_dim_02': 305, 'node_hidden_dim': 72, 'edge_hidden_dim': 69, 'depth': 2, 'rep_dropout': 0.1134658884630522, 'train_learning_rate': 0.007775722110690984, 'train_lr_reduce': 0.6}. Best is trial 156 with value: 0.33254924416542053.
[I 2024-12-19 08:09:08,687] Trial 973 finished with value: 1.2829350233078003 and parameters: {'mlp_n_layers': 3, 'mlp_dim_00': 347, 'mlp_dim_01': 80, 'mlp_dim_02': 294, 'node_hidden_dim': 66, 'edge_hidden_dim': 97, 'depth': 3, 'rep_dropout': 0.11272829343512958, 'train_learning_rate': 0.005704885656538159, 'train_lr_reduce': 0.6}. Best is trial 156 with value: 0.33254924416542053.
[I 2024-12-19 08:09:10,751] Trial 969 finished with value: 0.39530378580093384 and parameters: {'mlp_n_layers': 3, 'mlp_dim_00': 371, 'mlp_dim_01': 202, 'mlp_dim_02': 345, 'node_hidden_dim': 75, 'edge_hidden_dim': 68, 'depth': 2, 'rep_dropout': 0.15915457069082647, 'train_learning_rate': 0.005379703293572865, 'train_lr_reduce': 0.6}. Best is trial 156 with value: 0.33254924416542053.
[I 2024-12-19 08:09:13,049] Trial 974 finished with value: 1.2847273349761963 and parameters: {'mlp_n_layers': 3, 'mlp_dim_00': 498, 'mlp_dim_01': 169, 'mlp_dim_02': 397, 'node_hidden_dim': 85, 'edge_hidden_dim': 60, 'depth': 2, 'rep_dropout': 0.15307190555709382, 'train_learning_rate': 0.008880495483265586, 'train_lr_reduce': 0.6}. Best is trial 156 with value: 0.33254924416542053.
[I 2024-12-19 08:09:15,786] Trial 972 finished with value: 0.3969620168209076 and parameters: {'mlp_n_layers': 4, 'mlp_dim_00': 429, 'mlp_dim_01': 197, 'mlp_dim_02': 341, 'mlp_dim_03': 141, 'node_hidden_dim': 96, 'edge_hidden_dim': 55, 'depth': 2, 'rep_dropout': 0.14508246085598958, 'train_learning_rate': 0.0028751230111136476, 'train_lr_reduce': 0.6}. Best is trial 156 with value: 0.33254924416542053.
[I 2024-12-19 08:09:16,064] Trial 975 finished with value: 1.4360073804855347 and parameters: {'mlp_n_layers': 3, 'mlp_dim_00': 488, 'mlp_dim_01': 65, 'mlp_dim_02': 329, 'node_hidden_dim': 89, 'edge_hidden_dim': 110, 'depth': 2, 'rep_dropout': 0.16130315820231583, 'train_learning_rate': 0.0036256218444420275, 'train_lr_reduce': 0.6}. Best is trial 156 with value: 0.33254924416542053.
[I 2024-12-19 08:09:17,492] Trial 976 finished with value: 1.416251540184021 and parameters: {'mlp_n_layers': 4, 'mlp_dim_00': 325, 'mlp_dim_01': 140, 'mlp_dim_02': 293, 'mlp_dim_03': 394, 'node_hidden_dim': 72, 'edge_hidden_dim': 59, 'depth': 2, 'rep_dropout': 0.10104471177958708, 'train_learning_rate': 0.0030109221508529353, 'train_lr_reduce': 0.6}. Best is trial 156 with value: 0.33254924416542053.
[I 2024-12-19 08:09:19,999] Trial 977 finished with value: 1.2864576578140259 and parameters: {'mlp_n_layers': 3, 'mlp_dim_00': 393, 'mlp_dim_01': 197, 'mlp_dim_02': 349, 'node_hidden_dim': 70, 'edge_hidden_dim': 64, 'depth': 2, 'rep_dropout': 0.19284677400500227, 'train_learning_rate': 0.0033131376078347993, 'train_lr_reduce': 0.6}. Best is trial 156 with value: 0.33254924416542053.
[I 2024-12-19 08:09:20,088] Trial 978 finished with value: 1.4217513799667358 and parameters: {'mlp_n_layers': 2, 'mlp_dim_00': 360, 'mlp_dim_01': 194, 'node_hidden_dim': 50, 'edge_hidden_dim': 55, 'depth': 2, 'rep_dropout': 0.1477006096263688, 'train_learning_rate': 0.005878044828506863, 'train_lr_reduce': 0.6}. Best is trial 156 with value: 0.33254924416542053.
[I 2024-12-19 08:09:21,764] Trial 979 finished with value: 1.4593778848648071 and parameters: {'mlp_n_layers': 3, 'mlp_dim_00': 293, 'mlp_dim_01': 269, 'mlp_dim_02': 345, 'node_hidden_dim': 59, 'edge_hidden_dim': 54, 'depth': 2, 'rep_dropout': 0.18422733797695234, 'train_learning_rate': 0.003212017429673352, 'train_lr_reduce': 0.6}. Best is trial 156 with value: 0.33254924416542053.
[I 2024-12-19 08:09:24,746] Trial 980 finished with value: 1.4236973524093628 and parameters: {'mlp_n_layers': 4, 'mlp_dim_00': 461, 'mlp_dim_01': 124, 'mlp_dim_02': 347, 'mlp_dim_03': 161, 'node_hidden_dim': 87, 'edge_hidden_dim': 37, 'depth': 2, 'rep_dropout': 0.021818334059125824, 'train_learning_rate': 0.007277985725914715, 'train_lr_reduce': 0.6}. Best is trial 156 with value: 0.33254924416542053.
[I 2024-12-19 08:09:25,960] Trial 982 finished with value: 1.3083752393722534 and parameters: {'mlp_n_layers': 4, 'mlp_dim_00': 393, 'mlp_dim_01': 210, 'mlp_dim_02': 340, 'mlp_dim_03': 160, 'node_hidden_dim': 71, 'edge_hidden_dim': 61, 'depth': 2, 'rep_dropout': 0.17997304112860615, 'train_learning_rate': 0.006837031203701168, 'train_lr_reduce': 0.6}. Best is trial 156 with value: 0.33254924416542053.
[I 2024-12-19 08:09:29,168] Trial 983 finished with value: 1.2844717502593994 and parameters: {'mlp_n_layers': 3, 'mlp_dim_00': 457, 'mlp_dim_01': 79, 'mlp_dim_02': 328, 'node_hidden_dim': 34, 'edge_hidden_dim': 114, 'depth': 3, 'rep_dropout': 0.05126993218353862, 'train_learning_rate': 0.005890307191540595, 'train_lr_reduce': 0.6}. Best is trial 156 with value: 0.33254924416542053.
[I 2024-12-19 08:09:30,544] Trial 984 finished with value: 1.5688282251358032 and parameters: {'mlp_n_layers': 4, 'mlp_dim_00': 432, 'mlp_dim_01': 359, 'mlp_dim_02': 344, 'mlp_dim_03': 327, 'node_hidden_dim': 36, 'edge_hidden_dim': 55, 'depth': 3, 'rep_dropout': 0.1672212893608065, 'train_learning_rate': 0.00022804735199261582, 'train_lr_reduce': 0.6}. Best is trial 156 with value: 0.33254924416542053.
[I 2024-12-19 08:09:33,926] Trial 985 finished with value: 1.313841462135315 and parameters: {'mlp_n_layers': 4, 'mlp_dim_00': 511, 'mlp_dim_01': 148, 'mlp_dim_02': 326, 'mlp_dim_03': 169, 'node_hidden_dim': 101, 'edge_hidden_dim': 72, 'depth': 2, 'rep_dropout': 0.0794514115191435, 'train_learning_rate': 0.00778579383568081, 'train_lr_reduce': 0.6}. Best is trial 156 with value: 0.33254924416542053.
[I 2024-12-19 08:09:34,926] Trial 986 finished with value: 1.380826711654663 and parameters: {'mlp_n_layers': 4, 'mlp_dim_00': 411, 'mlp_dim_01': 176, 'mlp_dim_02': 394, 'mlp_dim_03': 169, 'node_hidden_dim': 92, 'edge_hidden_dim': 65, 'depth': 2, 'rep_dropout': 0.11158987499180073, 'train_learning_rate': 0.003420496779397329, 'train_lr_reduce': 0.6}. Best is trial 156 with value: 0.33254924416542053.
[I 2024-12-19 08:09:34,952] Trial 981 finished with value: 0.39186930656433105 and parameters: {'mlp_n_layers': 3, 'mlp_dim_00': 412, 'mlp_dim_01': 216, 'mlp_dim_02': 345, 'node_hidden_dim': 89, 'edge_hidden_dim': 67, 'depth': 2, 'rep_dropout': 0.1318030601911431, 'train_learning_rate': 0.0037209426060173557, 'train_lr_reduce': 0.6}. Best is trial 156 with value: 0.33254924416542053.
[I 2024-12-19 08:09:38,293] Trial 987 finished with value: 1.4737526178359985 and parameters: {'mlp_n_layers': 4, 'mlp_dim_00': 454, 'mlp_dim_01': 223, 'mlp_dim_02': 314, 'mlp_dim_03': 313, 'node_hidden_dim': 82, 'edge_hidden_dim': 37, 'depth': 2, 'rep_dropout': 0.17027054847392165, 'train_learning_rate': 0.0030561012947767025, 'train_lr_reduce': 0.6}. Best is trial 156 with value: 0.33254924416542053.
[I 2024-12-19 08:09:39,566] Trial 988 finished with value: 1.3611717224121094 and parameters: {'mlp_n_layers': 3, 'mlp_dim_00': 380, 'mlp_dim_01': 197, 'mlp_dim_02': 343, 'node_hidden_dim': 84, 'edge_hidden_dim': 87, 'depth': 2, 'rep_dropout': 0.2121564234380563, 'train_learning_rate': 0.0037221663561514884, 'train_lr_reduce': 0.6}. Best is trial 156 with value: 0.33254924416542053.
[I 2024-12-19 08:09:39,905] Trial 989 finished with value: 1.4905763864517212 and parameters: {'mlp_n_layers': 3, 'mlp_dim_00': 409, 'mlp_dim_01': 260, 'mlp_dim_02': 353, 'node_hidden_dim': 80, 'edge_hidden_dim': 48, 'depth': 2, 'rep_dropout': 0.1370013380875767, 'train_learning_rate': 0.0013558900261314516, 'train_lr_reduce': 0.6}. Best is trial 156 with value: 0.33254924416542053.
[I 2024-12-19 08:09:43,828] Trial 991 finished with value: 1.552803635597229 and parameters: {'mlp_n_layers': 3, 'mlp_dim_00': 356, 'mlp_dim_01': 117, 'mlp_dim_02': 366, 'node_hidden_dim': 37, 'edge_hidden_dim': 76, 'depth': 3, 'rep_dropout': 0.12538584360457092, 'train_learning_rate': 0.0008936943173517973, 'train_lr_reduce': 0.6}. Best is trial 156 with value: 0.33254924416542053.
[I 2024-12-19 08:09:44,415] Trial 992 finished with value: 1.4969730377197266 and parameters: {'mlp_n_layers': 3, 'mlp_dim_00': 374, 'mlp_dim_01': 247, 'mlp_dim_02': 331, 'node_hidden_dim': 85, 'edge_hidden_dim': 76, 'depth': 2, 'rep_dropout': 0.1349103952962038, 'train_learning_rate': 0.0014997139632562276, 'train_lr_reduce': 0.6}. Best is trial 156 with value: 0.33254924416542053.
[I 2024-12-19 08:09:47,671] Trial 993 finished with value: 1.3020095825195312 and parameters: {'mlp_n_layers': 2, 'mlp_dim_00': 441, 'mlp_dim_01': 104, 'node_hidden_dim': 85, 'edge_hidden_dim': 95, 'depth': 2, 'rep_dropout': 0.14679239724026263, 'train_learning_rate': 0.0043840209539356, 'train_lr_reduce': 0.6}. Best is trial 156 with value: 0.33254924416542053.
[I 2024-12-19 08:09:52,181] Trial 995 finished with value: 1.2922837734222412 and parameters: {'mlp_n_layers': 3, 'mlp_dim_00': 328, 'mlp_dim_01': 184, 'mlp_dim_02': 332, 'node_hidden_dim': 88, 'edge_hidden_dim': 92, 'depth': 2, 'rep_dropout': 0.1372492114121967, 'train_learning_rate': 0.0052408079685702545, 'train_lr_reduce': 0.6}. Best is trial 156 with value: 0.33254924416542053.
[I 2024-12-19 08:09:52,846] Trial 990 finished with value: 0.516998827457428 and parameters: {'mlp_n_layers': 3, 'mlp_dim_00': 347, 'mlp_dim_01': 225, 'mlp_dim_02': 368, 'node_hidden_dim': 90, 'edge_hidden_dim': 56, 'depth': 2, 'rep_dropout': 0.17894770309172525, 'train_learning_rate': 0.0024024458668681233, 'train_lr_reduce': 0.6}. Best is trial 156 with value: 0.33254924416542053.
[I 2024-12-19 08:09:54,884] Trial 994 finished with value: 1.309673547744751 and parameters: {'mlp_n_layers': 4, 'mlp_dim_00': 472, 'mlp_dim_01': 160, 'mlp_dim_02': 398, 'mlp_dim_03': 147, 'node_hidden_dim': 85, 'edge_hidden_dim': 64, 'depth': 2, 'rep_dropout': 0.21830863803719674, 'train_learning_rate': 0.0013238391078277162, 'train_lr_reduce': 0.6}. Best is trial 156 with value: 0.33254924416542053.
[I 2024-12-19 08:09:56,968] Trial 996 finished with value: 1.3078351020812988 and parameters: {'mlp_n_layers': 3, 'mlp_dim_00': 446, 'mlp_dim_01': 127, 'mlp_dim_02': 310, 'node_hidden_dim': 122, 'edge_hidden_dim': 107, 'depth': 4, 'rep_dropout': 0.24779653005858618, 'train_learning_rate': 0.00507676202306872, 'train_lr_reduce': 0.6}. Best is trial 156 with value: 0.33254924416542053.
[I 2024-12-19 08:10:01,099] Trial 999 finished with value: 1.457085132598877 and parameters: {'mlp_n_layers': 3, 'mlp_dim_00': 428, 'mlp_dim_01': 79, 'mlp_dim_02': 380, 'node_hidden_dim': 105, 'edge_hidden_dim': 59, 'depth': 2, 'rep_dropout': 0.1794242651498924, 'train_learning_rate': 0.002088067270246012, 'train_lr_reduce': 0.6}. Best is trial 156 with value: 0.33254924416542053.
