[I 2024-12-26 14:38:26,401] Trial 1886 finished with value: 0.014031922444701195 and parameters: {'L1_hidden_dim': 112, 'L1_layers_atom': 1, 'L1_layers_mol': 3, 'L1_dropout': 0.23249675644621462, 'L1_out_dim': 64, 'L2_hidden_dim': 176, 'L2_layers_atom': 1, 'L2_layers_mol': 4, 'L2_out_dim': 128, 'L2_dropout': 0.036246217051779994, 'L3_hidden_dim': 48, 'L3_layers_atom': 4, 'L3_layers_mol': 1, 'L3_out_dim': 128, 'L3_dropout': 0.13147698943412164, 'n_mlp_layers': 3, 'mlp_dim_0': 480, 'mlp_dim_1': 144, 'mlp_dim_2': 472, 'num_heads': 2, 'final_dropout': 0.15325939316386158, 'train_learning_rate': 0.0018461362083483771, 'train_lr_reduce': 0.6}. Best is trial 1073 with value: 0.009419886395335197.
[I 2024-12-26 14:38:36,152] Trial 1885 finished with value: 0.010890641249716282 and parameters: {'L1_hidden_dim': 144, 'L1_layers_atom': 4, 'L1_layers_mol': 3, 'L1_dropout': 0.0047364687085287675, 'L1_out_dim': 80, 'L2_hidden_dim': 256, 'L2_layers_atom': 1, 'L2_layers_mol': 4, 'L2_out_dim': 64, 'L2_dropout': 0.021056943401383813, 'L3_hidden_dim': 32, 'L3_layers_atom': 3, 'L3_layers_mol': 1, 'L3_out_dim': 96, 'L3_dropout': 0.17012429365788123, 'n_mlp_layers': 3, 'mlp_dim_0': 88, 'mlp_dim_1': 288, 'mlp_dim_2': 400, 'num_heads': 2, 'final_dropout': 0.2635011957923306, 'train_learning_rate': 0.0003290085945753802, 'train_lr_reduce': 0.6}. Best is trial 1073 with value: 0.009419886395335197.
[I 2024-12-26 14:39:14,264] Trial 1887 finished with value: 0.02315649203956127 and parameters: {'L1_hidden_dim': 64, 'L1_layers_atom': 1, 'L1_layers_mol': 2, 'L1_dropout': 0.09102230217280168, 'L1_out_dim': 64, 'L2_hidden_dim': 128, 'L2_layers_atom': 1, 'L2_layers_mol': 2, 'L2_out_dim': 112, 'L2_dropout': 0.05008074810905393, 'L3_hidden_dim': 96, 'L3_layers_atom': 4, 'L3_layers_mol': 1, 'L3_out_dim': 112, 'L3_dropout': 0.0202587470253425, 'n_mlp_layers': 2, 'mlp_dim_0': 384, 'mlp_dim_1': 512, 'num_heads': 1, 'final_dropout': 0.0012079451523403788, 'train_learning_rate': 0.00024145162557602862, 'train_lr_reduce': 0.6}. Best is trial 1073 with value: 0.009419886395335197.
[I 2024-12-26 14:40:52,349] Trial 1889 finished with value: 0.01738419570028782 and parameters: {'L1_hidden_dim': 96, 'L1_layers_atom': 1, 'L1_layers_mol': 1, 'L1_dropout': 0.15781155081137666, 'L1_out_dim': 64, 'L2_hidden_dim': 208, 'L2_layers_atom': 1, 'L2_layers_mol': 2, 'L2_out_dim': 112, 'L2_dropout': 0.08086568917904122, 'L3_hidden_dim': 128, 'L3_layers_atom': 2, 'L3_layers_mol': 4, 'L3_out_dim': 48, 'L3_dropout': 0.05306053820229695, 'n_mlp_layers': 2, 'mlp_dim_0': 136, 'mlp_dim_1': 336, 'num_heads': 1, 'final_dropout': 0.08399625410299852, 'train_learning_rate': 0.0003989524570985066, 'train_lr_reduce': 0.6}. Best is trial 1073 with value: 0.009419886395335197.
[I 2024-12-26 14:40:57,159] Trial 1890 finished with value: 0.01911611668765545 and parameters: {'L1_hidden_dim': 112, 'L1_layers_atom': 2, 'L1_layers_mol': 3, 'L1_dropout': 0.08801772086730528, 'L1_out_dim': 64, 'L2_hidden_dim': 160, 'L2_layers_atom': 4, 'L2_layers_mol': 3, 'L2_out_dim': 112, 'L2_dropout': 0.16377278783012844, 'L3_hidden_dim': 80, 'L3_layers_atom': 3, 'L3_layers_mol': 4, 'L3_out_dim': 96, 'L3_dropout': 0.06330608558280328, 'n_mlp_layers': 3, 'mlp_dim_0': 264, 'mlp_dim_1': 272, 'mlp_dim_2': 72, 'num_heads': 1, 'final_dropout': 0.04058300229919898, 'train_learning_rate': 0.0021258890177290744, 'train_lr_reduce': 0.6}. Best is trial 1073 with value: 0.009419886395335197.
[I 2024-12-26 14:40:58,898] Trial 1888 finished with value: 0.011040416546165943 and parameters: {'L1_hidden_dim': 64, 'L1_layers_atom': 4, 'L1_layers_mol': 2, 'L1_dropout': 0.05254556571933679, 'L1_out_dim': 80, 'L2_hidden_dim': 256, 'L2_layers_atom': 1, 'L2_layers_mol': 4, 'L2_out_dim': 128, 'L2_dropout': 0.05010697001369049, 'L3_hidden_dim': 96, 'L3_layers_atom': 3, 'L3_layers_mol': 1, 'L3_out_dim': 112, 'L3_dropout': 0.08594079243203219, 'n_mlp_layers': 3, 'mlp_dim_0': 280, 'mlp_dim_1': 208, 'mlp_dim_2': 360, 'num_heads': 2, 'final_dropout': 0.22555135144913457, 'train_learning_rate': 0.0008640078155990108, 'train_lr_reduce': 0.6}. Best is trial 1073 with value: 0.009419886395335197.
[I 2024-12-26 14:42:50,640] Trial 1892 finished with value: 0.016601312905550003 and parameters: {'L1_hidden_dim': 144, 'L1_layers_atom': 4, 'L1_layers_mol': 1, 'L1_dropout': 0.05901192930917441, 'L1_out_dim': 48, 'L2_hidden_dim': 192, 'L2_layers_atom': 2, 'L2_layers_mol': 1, 'L2_out_dim': 128, 'L2_dropout': 0.09618924651237781, 'L3_hidden_dim': 48, 'L3_layers_atom': 4, 'L3_layers_mol': 2, 'L3_out_dim': 80, 'L3_dropout': 0.10925156185953534, 'n_mlp_layers': 2, 'mlp_dim_0': 448, 'mlp_dim_1': 344, 'num_heads': 1, 'final_dropout': 0.10586856617165812, 'train_learning_rate': 0.0003637112073316849, 'train_lr_reduce': 0.6}. Best is trial 1073 with value: 0.009419886395335197.
[I 2024-12-26 14:42:56,805] Trial 1893 finished with value: 0.015193644911050797 and parameters: {'L1_hidden_dim': 208, 'L1_layers_atom': 3, 'L1_layers_mol': 4, 'L1_dropout': 0.06024453064619736, 'L1_out_dim': 64, 'L2_hidden_dim': 240, 'L2_layers_atom': 1, 'L2_layers_mol': 4, 'L2_out_dim': 64, 'L2_dropout': 0.058572790927517944, 'L3_hidden_dim': 80, 'L3_layers_atom': 2, 'L3_layers_mol': 1, 'L3_out_dim': 112, 'L3_dropout': 0.08760184823726275, 'n_mlp_layers': 3, 'mlp_dim_0': 168, 'mlp_dim_1': 296, 'mlp_dim_2': 432, 'num_heads': 1, 'final_dropout': 0.24238638298585277, 'train_learning_rate': 0.0003775615792563894, 'train_lr_reduce': 0.6}. Best is trial 1073 with value: 0.009419886395335197.
[I 2024-12-26 14:43:34,174] Trial 1891 finished with value: 0.025494813919067383 and parameters: {'L1_hidden_dim': 144, 'L1_layers_atom': 1, 'L1_layers_mol': 1, 'L1_dropout': 0.13810797078903445, 'L1_out_dim': 112, 'L2_hidden_dim': 80, 'L2_layers_atom': 2, 'L2_layers_mol': 2, 'L2_out_dim': 128, 'L2_dropout': 0.08090318018807705, 'L3_hidden_dim': 96, 'L3_layers_atom': 3, 'L3_layers_mol': 2, 'L3_out_dim': 48, 'L3_dropout': 0.18428261364818782, 'n_mlp_layers': 1, 'mlp_dim_0': 368, 'num_heads': 2, 'final_dropout': 0.22267254513158577, 'train_learning_rate': 0.0007276027460568636, 'train_lr_reduce': 0.6}. Best is trial 1073 with value: 0.009419886395335197.
[I 2024-12-26 14:45:35,681] Trial 1894 finished with value: 0.01762867160141468 and parameters: {'L1_hidden_dim': 128, 'L1_layers_atom': 2, 'L1_layers_mol': 2, 'L1_dropout': 0.05167381544354972, 'L1_out_dim': 80, 'L2_hidden_dim': 192, 'L2_layers_atom': 1, 'L2_layers_mol': 3, 'L2_out_dim': 80, 'L2_dropout': 0.06523841736883482, 'L3_hidden_dim': 48, 'L3_layers_atom': 3, 'L3_layers_mol': 2, 'L3_out_dim': 128, 'L3_dropout': 0.03726851905446182, 'n_mlp_layers': 3, 'mlp_dim_0': 512, 'mlp_dim_1': 512, 'mlp_dim_2': 464, 'num_heads': 2, 'final_dropout': 0.09888251487840374, 'train_learning_rate': 0.0021687088080803016, 'train_lr_reduce': 0.6}. Best is trial 1073 with value: 0.009419886395335197.
[I 2024-12-26 14:45:41,750] Trial 1895 finished with value: 0.012759963981807232 and parameters: {'L1_hidden_dim': 96, 'L1_layers_atom': 1, 'L1_layers_mol': 2, 'L1_dropout': 0.031140424104343322, 'L1_out_dim': 32, 'L2_hidden_dim': 176, 'L2_layers_atom': 1, 'L2_layers_mol': 4, 'L2_out_dim': 80, 'L2_dropout': 0.000659773624911271, 'L3_hidden_dim': 64, 'L3_layers_atom': 4, 'L3_layers_mol': 2, 'L3_out_dim': 112, 'L3_dropout': 0.06133100065521792, 'n_mlp_layers': 3, 'mlp_dim_0': 472, 'mlp_dim_1': 248, 'mlp_dim_2': 112, 'num_heads': 2, 'final_dropout': 0.1468018905360735, 'train_learning_rate': 0.002700861985994891, 'train_lr_reduce': 0.6}. Best is trial 1073 with value: 0.009419886395335197.
[I 2024-12-26 14:45:45,586] Trial 1896 finished with value: 0.012903332710266113 and parameters: {'L1_hidden_dim': 64, 'L1_layers_atom': 1, 'L1_layers_mol': 2, 'L1_dropout': 0.0662022382934809, 'L1_out_dim': 48, 'L2_hidden_dim': 176, 'L2_layers_atom': 1, 'L2_layers_mol': 1, 'L2_out_dim': 96, 'L2_dropout': 0.05343595120760882, 'L3_hidden_dim': 112, 'L3_layers_atom': 4, 'L3_layers_mol': 1, 'L3_out_dim': 112, 'L3_dropout': 0.03967799754653596, 'n_mlp_layers': 3, 'mlp_dim_0': 296, 'mlp_dim_1': 192, 'mlp_dim_2': 472, 'num_heads': 2, 'final_dropout': 0.014492097732044672, 'train_learning_rate': 0.0018565249748778564, 'train_lr_reduce': 0.6}. Best is trial 1073 with value: 0.009419886395335197.
[I 2024-12-26 14:47:48,692] Trial 1899 finished with value: 0.3714183568954468 and parameters: {'L1_hidden_dim': 80, 'L1_layers_atom': 1, 'L1_layers_mol': 3, 'L1_dropout': 0.12615249101105505, 'L1_out_dim': 112, 'L2_hidden_dim': 80, 'L2_layers_atom': 2, 'L2_layers_mol': 4, 'L2_out_dim': 48, 'L2_dropout': 0.16367780400948823, 'L3_hidden_dim': 96, 'L3_layers_atom': 4, 'L3_layers_mol': 3, 'L3_out_dim': 64, 'L3_dropout': 0.015331602519895265, 'n_mlp_layers': 2, 'mlp_dim_0': 184, 'mlp_dim_1': 248, 'num_heads': 2, 'final_dropout': 0.10872687206151013, 'train_learning_rate': 0.00013238117548371287, 'train_lr_reduce': 0.6}. Best is trial 1073 with value: 0.009419886395335197.
[I 2024-12-26 14:47:54,201] Trial 1897 finished with value: 0.013228417374193668 and parameters: {'L1_hidden_dim': 176, 'L1_layers_atom': 3, 'L1_layers_mol': 4, 'L1_dropout': 0.0918385838211583, 'L1_out_dim': 96, 'L2_hidden_dim': 256, 'L2_layers_atom': 1, 'L2_layers_mol': 4, 'L2_out_dim': 64, 'L2_dropout': 0.06910964968502165, 'L3_hidden_dim': 96, 'L3_layers_atom': 1, 'L3_layers_mol': 1, 'L3_out_dim': 80, 'L3_dropout': 0.11933039394976383, 'n_mlp_layers': 3, 'mlp_dim_0': 80, 'mlp_dim_1': 344, 'mlp_dim_2': 400, 'num_heads': 2, 'final_dropout': 0.19428458379779862, 'train_learning_rate': 0.0003868761912600509, 'train_lr_reduce': 0.6}. Best is trial 1073 with value: 0.009419886395335197.
[I 2024-12-26 14:48:07,962] Trial 1898 finished with value: 0.019410718232393265 and parameters: {'L1_hidden_dim': 112, 'L1_layers_atom': 2, 'L1_layers_mol': 1, 'L1_dropout': 0.24429231662335685, 'L1_out_dim': 64, 'L2_hidden_dim': 208, 'L2_layers_atom': 1, 'L2_layers_mol': 3, 'L2_out_dim': 128, 'L2_dropout': 0.04148925529972773, 'L3_hidden_dim': 128, 'L3_layers_atom': 4, 'L3_layers_mol': 2, 'L3_out_dim': 128, 'L3_dropout': 0.08232005533535128, 'n_mlp_layers': 3, 'mlp_dim_0': 416, 'mlp_dim_1': 296, 'mlp_dim_2': 120, 'num_heads': 2, 'final_dropout': 0.038309929432097725, 'train_learning_rate': 0.0001249861670514285, 'train_lr_reduce': 0.6}. Best is trial 1073 with value: 0.009419886395335197.
[I 2024-12-26 14:50:34,798] Trial 1900 finished with value: 0.011985862627625465 and parameters: {'L1_hidden_dim': 64, 'L1_layers_atom': 1, 'L1_layers_mol': 1, 'L1_dropout': 0.06130111835465632, 'L1_out_dim': 48, 'L2_hidden_dim': 224, 'L2_layers_atom': 1, 'L2_layers_mol': 3, 'L2_out_dim': 128, 'L2_dropout': 0.03433166690046148, 'L3_hidden_dim': 128, 'L3_layers_atom': 4, 'L3_layers_mol': 1, 'L3_out_dim': 128, 'L3_dropout': 0.08405639050817756, 'n_mlp_layers': 3, 'mlp_dim_0': 256, 'mlp_dim_1': 344, 'mlp_dim_2': 472, 'num_heads': 2, 'final_dropout': 0.012720273091868017, 'train_learning_rate': 0.0003315741532361654, 'train_lr_reduce': 0.6}. Best is trial 1073 with value: 0.009419886395335197.
[I 2024-12-26 14:50:46,245] Trial 1902 finished with value: 0.013904845342040062 and parameters: {'L1_hidden_dim': 144, 'L1_layers_atom': 2, 'L1_layers_mol': 1, 'L1_dropout': 0.07110417116080374, 'L1_out_dim': 128, 'L2_hidden_dim': 224, 'L2_layers_atom': 1, 'L2_layers_mol': 4, 'L2_out_dim': 64, 'L2_dropout': 0.04088594826365472, 'L3_hidden_dim': 96, 'L3_layers_atom': 4, 'L3_layers_mol': 1, 'L3_out_dim': 80, 'L3_dropout': 0.024154192689908413, 'n_mlp_layers': 3, 'mlp_dim_0': 320, 'mlp_dim_1': 256, 'mlp_dim_2': 360, 'num_heads': 2, 'final_dropout': 0.1362420873269881, 'train_learning_rate': 0.0002182438287270393, 'train_lr_reduce': 0.6}. Best is trial 1073 with value: 0.009419886395335197.
[I 2024-12-26 14:51:05,625] Trial 1901 finished with value: 0.01041373424232006 and parameters: {'L1_hidden_dim': 128, 'L1_layers_atom': 4, 'L1_layers_mol': 4, 'L1_dropout': 0.01712255902313864, 'L1_out_dim': 96, 'L2_hidden_dim': 256, 'L2_layers_atom': 1, 'L2_layers_mol': 3, 'L2_out_dim': 80, 'L2_dropout': 0.018667856230313407, 'L3_hidden_dim': 32, 'L3_layers_atom': 4, 'L3_layers_mol': 1, 'L3_out_dim': 96, 'L3_dropout': 0.08889545568111114, 'n_mlp_layers': 3, 'mlp_dim_0': 152, 'mlp_dim_1': 160, 'mlp_dim_2': 432, 'num_heads': 2, 'final_dropout': 0.13436274141716445, 'train_learning_rate': 0.00021989761839164097, 'train_lr_reduce': 0.6}. Best is trial 1073 with value: 0.009419886395335197.
[I 2024-12-26 14:52:27,465] Trial 1904 finished with value: 0.19037264585494995 and parameters: {'L1_hidden_dim': 144, 'L1_layers_atom': 3, 'L1_layers_mol': 2, 'L1_dropout': 0.22103357009629523, 'L1_out_dim': 80, 'L2_hidden_dim': 80, 'L2_layers_atom': 3, 'L2_layers_mol': 4, 'L2_out_dim': 48, 'L2_dropout': 0.12138857725301344, 'L3_hidden_dim': 48, 'L3_layers_atom': 3, 'L3_layers_mol': 2, 'L3_out_dim': 80, 'L3_dropout': 0.2447160074956184, 'n_mlp_layers': 1, 'mlp_dim_0': 272, 'num_heads': 1, 'final_dropout': 0.16064221875021215, 'train_learning_rate': 0.0002908056281100596, 'train_lr_reduce': 0.6}. Best is trial 1073 with value: 0.009419886395335197.
[I 2024-12-26 14:53:09,137] Trial 1903 finished with value: 0.01780461147427559 and parameters: {'L1_hidden_dim': 96, 'L1_layers_atom': 3, 'L1_layers_mol': 4, 'L1_dropout': 0.03234603670079948, 'L1_out_dim': 96, 'L2_hidden_dim': 240, 'L2_layers_atom': 1, 'L2_layers_mol': 4, 'L2_out_dim': 64, 'L2_dropout': 0.10220819947356562, 'L3_hidden_dim': 48, 'L3_layers_atom': 4, 'L3_layers_mol': 2, 'L3_out_dim': 128, 'L3_dropout': 0.051784995702798736, 'n_mlp_layers': 3, 'mlp_dim_0': 56, 'mlp_dim_1': 512, 'mlp_dim_2': 432, 'num_heads': 2, 'final_dropout': 0.06885385859444974, 'train_learning_rate': 0.0004577779686719284, 'train_lr_reduce': 0.6}. Best is trial 1073 with value: 0.009419886395335197.
[I 2024-12-26 14:54:34,874] Trial 1905 finished with value: 0.012445293366909027 and parameters: {'L1_hidden_dim': 256, 'L1_layers_atom': 3, 'L1_layers_mol': 1, 'L1_dropout': 0.026136823029216126, 'L1_out_dim': 80, 'L2_hidden_dim': 240, 'L2_layers_atom': 1, 'L2_layers_mol': 1, 'L2_out_dim': 96, 'L2_dropout': 0.004897383515300479, 'L3_hidden_dim': 48, 'L3_layers_atom': 2, 'L3_layers_mol': 3, 'L3_out_dim': 32, 'L3_dropout': 0.12749372516456736, 'n_mlp_layers': 3, 'mlp_dim_0': 496, 'mlp_dim_1': 296, 'mlp_dim_2': 64, 'num_heads': 1, 'final_dropout': 0.12052723336163845, 'train_learning_rate': 0.00011472513440115288, 'train_lr_reduce': 0.6}. Best is trial 1073 with value: 0.009419886395335197.
[I 2024-12-26 14:55:33,999] Trial 1907 finished with value: 0.011125302873551846 and parameters: {'L1_hidden_dim': 144, 'L1_layers_atom': 3, 'L1_layers_mol': 3, 'L1_dropout': 0.012600462068211268, 'L1_out_dim': 32, 'L2_hidden_dim': 192, 'L2_layers_atom': 1, 'L2_layers_mol': 3, 'L2_out_dim': 96, 'L2_dropout': 0.026469093202279352, 'L3_hidden_dim': 80, 'L3_layers_atom': 4, 'L3_layers_mol': 1, 'L3_out_dim': 128, 'L3_dropout': 0.1518721300148496, 'n_mlp_layers': 3, 'mlp_dim_0': 320, 'mlp_dim_1': 344, 'mlp_dim_2': 400, 'num_heads': 2, 'final_dropout': 0.14432589744093502, 'train_learning_rate': 0.001281544230075148, 'train_lr_reduce': 0.6}. Best is trial 1073 with value: 0.009419886395335197.
[I 2024-12-26 14:55:58,096] Trial 1906 finished with value: 0.023828482255339622 and parameters: {'L1_hidden_dim': 112, 'L1_layers_atom': 3, 'L1_layers_mol': 4, 'L1_dropout': 0.055816670882127065, 'L1_out_dim': 128, 'L2_hidden_dim': 224, 'L2_layers_atom': 1, 'L2_layers_mol': 4, 'L2_out_dim': 48, 'L2_dropout': 0.0930505875339471, 'L3_hidden_dim': 48, 'L3_layers_atom': 4, 'L3_layers_mol': 1, 'L3_out_dim': 128, 'L3_dropout': 0.07898049103433825, 'n_mlp_layers': 2, 'mlp_dim_0': 176, 'mlp_dim_1': 208, 'num_heads': 2, 'final_dropout': 0.07445277044312185, 'train_learning_rate': 0.00020439398120599767, 'train_lr_reduce': 0.6}. Best is trial 1073 with value: 0.009419886395335197.
[I 2024-12-26 14:56:37,004] Trial 1908 finished with value: 0.017874546349048615 and parameters: {'L1_hidden_dim': 160, 'L1_layers_atom': 3, 'L1_layers_mol': 3, 'L1_dropout': 0.14359561660961695, 'L1_out_dim': 96, 'L2_hidden_dim': 208, 'L2_layers_atom': 1, 'L2_layers_mol': 1, 'L2_out_dim': 80, 'L2_dropout': 0.24810484387769788, 'L3_hidden_dim': 96, 'L3_layers_atom': 2, 'L3_layers_mol': 2, 'L3_out_dim': 64, 'L3_dropout': 0.004346491573150646, 'n_mlp_layers': 3, 'mlp_dim_0': 272, 'mlp_dim_1': 280, 'mlp_dim_2': 72, 'num_heads': 1, 'final_dropout': 0.028008828035503933, 'train_learning_rate': 0.004515197002623987, 'train_lr_reduce': 0.6}. Best is trial 1073 with value: 0.009419886395335197.
[I 2024-12-26 14:57:41,974] Trial 1909 finished with value: 0.017408305779099464 and parameters: {'L1_hidden_dim': 176, 'L1_layers_atom': 1, 'L1_layers_mol': 2, 'L1_dropout': 0.17305714495893254, 'L1_out_dim': 48, 'L2_hidden_dim': 128, 'L2_layers_atom': 1, 'L2_layers_mol': 1, 'L2_out_dim': 48, 'L2_dropout': 0.037821779984143544, 'L3_hidden_dim': 112, 'L3_layers_atom': 4, 'L3_layers_mol': 4, 'L3_out_dim': 96, 'L3_dropout': 0.05107018298957444, 'n_mlp_layers': 1, 'mlp_dim_0': 512, 'num_heads': 2, 'final_dropout': 0.23845965491149831, 'train_learning_rate': 0.0007481446144454967, 'train_lr_reduce': 0.6}. Best is trial 1073 with value: 0.009419886395335197.
[I 2024-12-26 14:57:53,966] Trial 1910 finished with value: 0.010560349561274052 and parameters: {'L1_hidden_dim': 112, 'L1_layers_atom': 4, 'L1_layers_mol': 2, 'L1_dropout': 0.08815824688442203, 'L1_out_dim': 48, 'L2_hidden_dim': 176, 'L2_layers_atom': 1, 'L2_layers_mol': 1, 'L2_out_dim': 48, 'L2_dropout': 0.00461194491111086, 'L3_hidden_dim': 80, 'L3_layers_atom': 1, 'L3_layers_mol': 1, 'L3_out_dim': 48, 'L3_dropout': 0.2659993428161765, 'n_mlp_layers': 3, 'mlp_dim_0': 480, 'mlp_dim_1': 312, 'mlp_dim_2': 480, 'num_heads': 2, 'final_dropout': 0.2970950484774241, 'train_learning_rate': 0.0008691977916648332, 'train_lr_reduce': 0.6}. Best is trial 1073 with value: 0.009419886395335197.
[I 2024-12-26 14:59:00,062] Trial 1911 finished with value: 0.014677921310067177 and parameters: {'L1_hidden_dim': 64, 'L1_layers_atom': 3, 'L1_layers_mol': 2, 'L1_dropout': 0.19302545665470877, 'L1_out_dim': 64, 'L2_hidden_dim': 192, 'L2_layers_atom': 1, 'L2_layers_mol': 3, 'L2_out_dim': 128, 'L2_dropout': 0.0506341105106844, 'L3_hidden_dim': 80, 'L3_layers_atom': 4, 'L3_layers_mol': 2, 'L3_out_dim': 128, 'L3_dropout': 0.06114829123542265, 'n_mlp_layers': 2, 'mlp_dim_0': 296, 'mlp_dim_1': 216, 'num_heads': 2, 'final_dropout': 0.16044047648950144, 'train_learning_rate': 0.0002986713801133946, 'train_lr_reduce': 0.6}. Best is trial 1073 with value: 0.009419886395335197.
[I 2024-12-26 15:00:44,649] Trial 1912 finished with value: 0.014884519390761852 and parameters: {'L1_hidden_dim': 208, 'L1_layers_atom': 2, 'L1_layers_mol': 1, 'L1_dropout': 0.013285830131050697, 'L1_out_dim': 80, 'L2_hidden_dim': 176, 'L2_layers_atom': 1, 'L2_layers_mol': 4, 'L2_out_dim': 64, 'L2_dropout': 0.076171321596745, 'L3_hidden_dim': 128, 'L3_layers_atom': 4, 'L3_layers_mol': 1, 'L3_out_dim': 64, 'L3_dropout': 0.028468098386694687, 'n_mlp_layers': 2, 'mlp_dim_0': 248, 'mlp_dim_1': 144, 'num_heads': 2, 'final_dropout': 0.08209365334593897, 'train_learning_rate': 0.00028455554553036576, 'train_lr_reduce': 0.6}. Best is trial 1073 with value: 0.009419886395335197.
[I 2024-12-26 15:00:54,977] Trial 1914 finished with value: 0.011529902927577496 and parameters: {'L1_hidden_dim': 192, 'L1_layers_atom': 4, 'L1_layers_mol': 3, 'L1_dropout': 0.001901222387627459, 'L1_out_dim': 48, 'L2_hidden_dim': 240, 'L2_layers_atom': 1, 'L2_layers_mol': 1, 'L2_out_dim': 96, 'L2_dropout': 0.07349528762811824, 'L3_hidden_dim': 64, 'L3_layers_atom': 4, 'L3_layers_mol': 1, 'L3_out_dim': 112, 'L3_dropout': 0.11825973804596904, 'n_mlp_layers': 3, 'mlp_dim_0': 264, 'mlp_dim_1': 344, 'mlp_dim_2': 472, 'num_heads': 1, 'final_dropout': 0.0295319349428787, 'train_learning_rate': 0.00046542047002432103, 'train_lr_reduce': 0.6}. Best is trial 1073 with value: 0.009419886395335197.
[I 2024-12-26 15:01:31,230] Trial 1913 finished with value: 0.012377867475152016 and parameters: {'L1_hidden_dim': 192, 'L1_layers_atom': 3, 'L1_layers_mol': 1, 'L1_dropout': 0.03895608992082518, 'L1_out_dim': 128, 'L2_hidden_dim': 176, 'L2_layers_atom': 1, 'L2_layers_mol': 3, 'L2_out_dim': 48, 'L2_dropout': 0.006818644428659885, 'L3_hidden_dim': 64, 'L3_layers_atom': 4, 'L3_layers_mol': 2, 'L3_out_dim': 96, 'L3_dropout': 0.03190761269561049, 'n_mlp_layers': 3, 'mlp_dim_0': 472, 'mlp_dim_1': 264, 'mlp_dim_2': 352, 'num_heads': 2, 'final_dropout': 0.05604930671250151, 'train_learning_rate': 0.00014552805792095988, 'train_lr_reduce': 0.6}. Best is trial 1073 with value: 0.009419886395335197.
[I 2024-12-26 15:02:52,830] Trial 1915 finished with value: 0.011676802299916744 and parameters: {'L1_hidden_dim': 192, 'L1_layers_atom': 2, 'L1_layers_mol': 1, 'L1_dropout': 0.03464500882342632, 'L1_out_dim': 80, 'L2_hidden_dim': 192, 'L2_layers_atom': 1, 'L2_layers_mol': 4, 'L2_out_dim': 96, 'L2_dropout': 0.01791754631096315, 'L3_hidden_dim': 96, 'L3_layers_atom': 4, 'L3_layers_mol': 1, 'L3_out_dim': 64, 'L3_dropout': 0.012114482696789962, 'n_mlp_layers': 3, 'mlp_dim_0': 384, 'mlp_dim_1': 312, 'mlp_dim_2': 112, 'num_heads': 2, 'final_dropout': 0.136922353968154, 'train_learning_rate': 0.0009513201405459205, 'train_lr_reduce': 0.6}. Best is trial 1073 with value: 0.009419886395335197.
