[I 2024-12-24 18:13:41,457] Trial 417 finished with value: 0.009825201705098152 and parameters: {'L1_hidden_dim': 256, 'L1_layers_atom': 2, 'L1_layers_mol': 4, 'L1_dropout': 0.018682552212401372, 'L1_out_dim': 96, 'L2_hidden_dim': 176, 'L2_layers_atom': 3, 'L2_layers_mol': 4, 'L2_out_dim': 32, 'L2_dropout': 0.07308716450238883, 'L3_hidden_dim': 64, 'L3_layers_atom': 4, 'L3_layers_mol': 2, 'L3_out_dim': 128, 'L3_dropout': 0.2191065150589883, 'n_mlp_layers': 3, 'mlp_dim_0': 120, 'mlp_dim_1': 32, 'mlp_dim_2': 136, 'num_heads': 2, 'final_dropout': 0.18914606417731866, 'train_learning_rate': 0.007596859226277167, 'train_lr_reduce': 0.6}. Best is trial 236 with value: 0.009785382077097893.
[I 2024-12-24 18:14:18,385] Trial 416 finished with value: 0.011721509508788586 and parameters: {'L1_hidden_dim': 208, 'L1_layers_atom': 3, 'L1_layers_mol': 2, 'L1_dropout': 0.007794926382589402, 'L1_out_dim': 80, 'L2_hidden_dim': 80, 'L2_layers_atom': 4, 'L2_layers_mol': 2, 'L2_out_dim': 128, 'L2_dropout': 0.07830387641352901, 'L3_hidden_dim': 80, 'L3_layers_atom': 4, 'L3_layers_mol': 3, 'L3_out_dim': 112, 'L3_dropout': 0.25719043546371945, 'n_mlp_layers': 2, 'mlp_dim_0': 248, 'mlp_dim_1': 272, 'num_heads': 2, 'final_dropout': 0.08307723262030577, 'train_learning_rate': 0.0021853130315029447, 'train_lr_reduce': 0.6}. Best is trial 236 with value: 0.009785382077097893.
[I 2024-12-24 18:15:24,685] Trial 418 finished with value: 0.010682353749871254 and parameters: {'L1_hidden_dim': 128, 'L1_layers_atom': 4, 'L1_layers_mol': 4, 'L1_dropout': 0.008923489410065738, 'L1_out_dim': 32, 'L2_hidden_dim': 160, 'L2_layers_atom': 4, 'L2_layers_mol': 2, 'L2_out_dim': 32, 'L2_dropout': 0.0007773944661708387, 'L3_hidden_dim': 112, 'L3_layers_atom': 3, 'L3_layers_mol': 1, 'L3_out_dim': 96, 'L3_dropout': 0.2896396799646036, 'n_mlp_layers': 3, 'mlp_dim_0': 368, 'mlp_dim_1': 192, 'mlp_dim_2': 448, 'num_heads': 2, 'final_dropout': 0.12531633978816623, 'train_learning_rate': 0.0033177020503617045, 'train_lr_reduce': 0.6}. Best is trial 236 with value: 0.009785382077097893.
[I 2024-12-24 18:15:57,518] Trial 420 finished with value: 0.01188219990581274 and parameters: {'L1_hidden_dim': 192, 'L1_layers_atom': 1, 'L1_layers_mol': 4, 'L1_dropout': 0.047361966120926066, 'L1_out_dim': 64, 'L2_hidden_dim': 160, 'L2_layers_atom': 3, 'L2_layers_mol': 4, 'L2_out_dim': 80, 'L2_dropout': 0.10265292186706104, 'L3_hidden_dim': 48, 'L3_layers_atom': 4, 'L3_layers_mol': 2, 'L3_out_dim': 112, 'L3_dropout': 0.23174824959345242, 'n_mlp_layers': 2, 'mlp_dim_0': 232, 'mlp_dim_1': 32, 'num_heads': 2, 'final_dropout': 0.16426498138983286, 'train_learning_rate': 0.004548503343871156, 'train_lr_reduce': 0.6}. Best is trial 236 with value: 0.009785382077097893.
[I 2024-12-24 18:16:03,372] Trial 419 finished with value: 0.011675238609313965 and parameters: {'L1_hidden_dim': 128, 'L1_layers_atom': 2, 'L1_layers_mol': 4, 'L1_dropout': 0.001879095624421995, 'L1_out_dim': 112, 'L2_hidden_dim': 192, 'L2_layers_atom': 3, 'L2_layers_mol': 2, 'L2_out_dim': 128, 'L2_dropout': 0.015390381624171254, 'L3_hidden_dim': 64, 'L3_layers_atom': 2, 'L3_layers_mol': 3, 'L3_out_dim': 64, 'L3_dropout': 0.19970295359573673, 'n_mlp_layers': 3, 'mlp_dim_0': 496, 'mlp_dim_1': 32, 'mlp_dim_2': 160, 'num_heads': 1, 'final_dropout': 0.1808807599958426, 'train_learning_rate': 0.0002207213003762489, 'train_lr_reduce': 0.6}. Best is trial 236 with value: 0.009785382077097893.
[I 2024-12-24 18:17:04,779] Trial 421 finished with value: 0.033182162791490555 and parameters: {'L1_hidden_dim': 160, 'L1_layers_atom': 4, 'L1_layers_mol': 4, 'L1_dropout': 0.08164345532242698, 'L1_out_dim': 64, 'L2_hidden_dim': 144, 'L2_layers_atom': 4, 'L2_layers_mol': 2, 'L2_out_dim': 32, 'L2_dropout': 0.016833468681586892, 'L3_hidden_dim': 128, 'L3_layers_atom': 3, 'L3_layers_mol': 1, 'L3_out_dim': 96, 'L3_dropout': 0.26407295263667835, 'n_mlp_layers': 3, 'mlp_dim_0': 168, 'mlp_dim_1': 32, 'mlp_dim_2': 456, 'num_heads': 2, 'final_dropout': 0.14874088452651268, 'train_learning_rate': 0.005406256977016221, 'train_lr_reduce': 0.6}. Best is trial 236 with value: 0.009785382077097893.
[I 2024-12-24 18:17:45,627] Trial 422 finished with value: 0.01832263357937336 and parameters: {'L1_hidden_dim': 240, 'L1_layers_atom': 1, 'L1_layers_mol': 4, 'L1_dropout': 0.04218161579388219, 'L1_out_dim': 96, 'L2_hidden_dim': 176, 'L2_layers_atom': 4, 'L2_layers_mol': 2, 'L2_out_dim': 48, 'L2_dropout': 0.01542047846494362, 'L3_hidden_dim': 64, 'L3_layers_atom': 3, 'L3_layers_mol': 3, 'L3_out_dim': 128, 'L3_dropout': 0.2767848164838658, 'n_mlp_layers': 2, 'mlp_dim_0': 240, 'mlp_dim_1': 176, 'num_heads': 2, 'final_dropout': 0.10881511029792011, 'train_learning_rate': 0.006774840170723844, 'train_lr_reduce': 0.6}. Best is trial 236 with value: 0.009785382077097893.
[I 2024-12-24 18:18:33,330] Trial 423 finished with value: 0.010359511710703373 and parameters: {'L1_hidden_dim': 112, 'L1_layers_atom': 4, 'L1_layers_mol': 4, 'L1_dropout': 0.018502380621763917, 'L1_out_dim': 32, 'L2_hidden_dim': 176, 'L2_layers_atom': 4, 'L2_layers_mol': 1, 'L2_out_dim': 48, 'L2_dropout': 0.05250559558937498, 'L3_hidden_dim': 96, 'L3_layers_atom': 3, 'L3_layers_mol': 1, 'L3_out_dim': 96, 'L3_dropout': 0.26856902224604196, 'n_mlp_layers': 3, 'mlp_dim_0': 368, 'mlp_dim_1': 184, 'mlp_dim_2': 376, 'num_heads': 2, 'final_dropout': 0.07898565242568077, 'train_learning_rate': 0.0018833314720552129, 'train_lr_reduce': 0.6}. Best is trial 236 with value: 0.009785382077097893.
[I 2024-12-24 18:19:14,717] Trial 424 finished with value: 0.010549313388764858 and parameters: {'L1_hidden_dim': 128, 'L1_layers_atom': 3, 'L1_layers_mol': 3, 'L1_dropout': 0.07557904347204517, 'L1_out_dim': 32, 'L2_hidden_dim': 144, 'L2_layers_atom': 4, 'L2_layers_mol': 1, 'L2_out_dim': 80, 'L2_dropout': 0.013429357707153033, 'L3_hidden_dim': 112, 'L3_layers_atom': 4, 'L3_layers_mol': 2, 'L3_out_dim': 96, 'L3_dropout': 0.25553047819898833, 'n_mlp_layers': 1, 'mlp_dim_0': 224, 'num_heads': 2, 'final_dropout': 0.12093018328739868, 'train_learning_rate': 0.0010510247948429976, 'train_lr_reduce': 0.6}. Best is trial 236 with value: 0.009785382077097893.
[I 2024-12-24 18:19:33,266] Trial 426 finished with value: 0.236097052693367 and parameters: {'L1_hidden_dim': 144, 'L1_layers_atom': 4, 'L1_layers_mol': 4, 'L1_dropout': 0.021455629140341194, 'L1_out_dim': 48, 'L2_hidden_dim': 176, 'L2_layers_atom': 4, 'L2_layers_mol': 3, 'L2_out_dim': 48, 'L2_dropout': 0.02428052540782008, 'L3_hidden_dim': 128, 'L3_layers_atom': 3, 'L3_layers_mol': 1, 'L3_out_dim': 64, 'L3_dropout': 0.264984421014024, 'n_mlp_layers': 3, 'mlp_dim_0': 448, 'mlp_dim_1': 184, 'mlp_dim_2': 464, 'num_heads': 2, 'final_dropout': 0.06984231366447571, 'train_learning_rate': 0.00341229284068713, 'train_lr_reduce': 0.6}. Best is trial 236 with value: 0.009785382077097893.
[I 2024-12-24 18:20:34,086] Trial 425 finished with value: 0.01084622647613287 and parameters: {'L1_hidden_dim': 144, 'L1_layers_atom': 3, 'L1_layers_mol': 2, 'L1_dropout': 0.022582242765902233, 'L1_out_dim': 32, 'L2_hidden_dim': 192, 'L2_layers_atom': 4, 'L2_layers_mol': 3, 'L2_out_dim': 48, 'L2_dropout': 0.06519294495962877, 'L3_hidden_dim': 128, 'L3_layers_atom': 4, 'L3_layers_mol': 3, 'L3_out_dim': 112, 'L3_dropout': 0.268992273212099, 'n_mlp_layers': 1, 'mlp_dim_0': 312, 'num_heads': 2, 'final_dropout': 0.05395599059119469, 'train_learning_rate': 0.0010989559140915062, 'train_lr_reduce': 0.6}. Best is trial 236 with value: 0.009785382077097893.
[I 2024-12-24 18:20:55,363] Trial 427 finished with value: 0.012394005432724953 and parameters: {'L1_hidden_dim': 240, 'L1_layers_atom': 2, 'L1_layers_mol': 4, 'L1_dropout': 0.02163776403862439, 'L1_out_dim': 112, 'L2_hidden_dim': 192, 'L2_layers_atom': 3, 'L2_layers_mol': 4, 'L2_out_dim': 48, 'L2_dropout': 0.1851393970997924, 'L3_hidden_dim': 96, 'L3_layers_atom': 3, 'L3_layers_mol': 2, 'L3_out_dim': 112, 'L3_dropout': 0.19179844769272394, 'n_mlp_layers': 2, 'mlp_dim_0': 176, 'mlp_dim_1': 168, 'num_heads': 2, 'final_dropout': 0.11296038354386721, 'train_learning_rate': 0.006376490768797173, 'train_lr_reduce': 0.6}. Best is trial 236 with value: 0.009785382077097893.
[I 2024-12-24 18:21:55,340] Trial 428 finished with value: 0.01336645521223545 and parameters: {'L1_hidden_dim': 144, 'L1_layers_atom': 1, 'L1_layers_mol': 1, 'L1_dropout': 0.03814077400378603, 'L1_out_dim': 96, 'L2_hidden_dim': 144, 'L2_layers_atom': 4, 'L2_layers_mol': 1, 'L2_out_dim': 80, 'L2_dropout': 0.01490965416507238, 'L3_hidden_dim': 64, 'L3_layers_atom': 2, 'L3_layers_mol': 3, 'L3_out_dim': 80, 'L3_dropout': 0.27719704153193436, 'n_mlp_layers': 1, 'mlp_dim_0': 352, 'num_heads': 1, 'final_dropout': 0.09138303240844656, 'train_learning_rate': 0.00015273037275676386, 'train_lr_reduce': 0.6}. Best is trial 236 with value: 0.009785382077097893.
[I 2024-12-24 18:22:14,893] Trial 429 finished with value: 0.010601579211652279 and parameters: {'L1_hidden_dim': 224, 'L1_layers_atom': 3, 'L1_layers_mol': 4, 'L1_dropout': 0.03572488567203023, 'L1_out_dim': 96, 'L2_hidden_dim': 192, 'L2_layers_atom': 2, 'L2_layers_mol': 3, 'L2_out_dim': 32, 'L2_dropout': 0.10018543810009274, 'L3_hidden_dim': 48, 'L3_layers_atom': 3, 'L3_layers_mol': 3, 'L3_out_dim': 112, 'L3_dropout': 0.23093026067871542, 'n_mlp_layers': 3, 'mlp_dim_0': 40, 'mlp_dim_1': 184, 'mlp_dim_2': 384, 'num_heads': 2, 'final_dropout': 0.1786489501536054, 'train_learning_rate': 0.001600295745186433, 'train_lr_reduce': 0.6}. Best is trial 236 with value: 0.009785382077097893.
[I 2024-12-24 18:22:40,152] Trial 430 finished with value: 0.012198217213153839 and parameters: {'L1_hidden_dim': 240, 'L1_layers_atom': 2, 'L1_layers_mol': 4, 'L1_dropout': 0.051140453780216553, 'L1_out_dim': 112, 'L2_hidden_dim': 192, 'L2_layers_atom': 3, 'L2_layers_mol': 4, 'L2_out_dim': 32, 'L2_dropout': 0.10708733023588074, 'L3_hidden_dim': 64, 'L3_layers_atom': 4, 'L3_layers_mol': 3, 'L3_out_dim': 128, 'L3_dropout': 0.29015290659663373, 'n_mlp_layers': 3, 'mlp_dim_0': 224, 'mlp_dim_1': 32, 'mlp_dim_2': 384, 'num_heads': 2, 'final_dropout': 0.19252978459890688, 'train_learning_rate': 0.00762459198681607, 'train_lr_reduce': 0.6}. Best is trial 236 with value: 0.009785382077097893.
[I 2024-12-24 18:23:55,793] Trial 432 finished with value: 0.011017587035894394 and parameters: {'L1_hidden_dim': 256, 'L1_layers_atom': 3, 'L1_layers_mol': 3, 'L1_dropout': 0.01740606450888531, 'L1_out_dim': 112, 'L2_hidden_dim': 224, 'L2_layers_atom': 1, 'L2_layers_mol': 2, 'L2_out_dim': 64, 'L2_dropout': 0.05284300239725172, 'L3_hidden_dim': 32, 'L3_layers_atom': 3, 'L3_layers_mol': 3, 'L3_out_dim': 128, 'L3_dropout': 0.24056873293029774, 'n_mlp_layers': 3, 'mlp_dim_0': 88, 'mlp_dim_1': 72, 'mlp_dim_2': 448, 'num_heads': 2, 'final_dropout': 0.17700416834335217, 'train_learning_rate': 0.0020152914272959497, 'train_lr_reduce': 0.6}. Best is trial 236 with value: 0.009785382077097893.
[I 2024-12-24 18:23:56,532] Trial 433 finished with value: 0.014525821432471275 and parameters: {'L1_hidden_dim': 208, 'L1_layers_atom': 3, 'L1_layers_mol': 3, 'L1_dropout': 0.082930368296348, 'L1_out_dim': 96, 'L2_hidden_dim': 160, 'L2_layers_atom': 1, 'L2_layers_mol': 4, 'L2_out_dim': 48, 'L2_dropout': 0.1291053934844462, 'L3_hidden_dim': 80, 'L3_layers_atom': 3, 'L3_layers_mol': 4, 'L3_out_dim': 128, 'L3_dropout': 0.2149790812808353, 'n_mlp_layers': 3, 'mlp_dim_0': 48, 'mlp_dim_1': 184, 'mlp_dim_2': 376, 'num_heads': 2, 'final_dropout': 0.0686076482219703, 'train_learning_rate': 0.0026968774201565036, 'train_lr_reduce': 0.6}. Best is trial 236 with value: 0.009785382077097893.
[I 2024-12-24 18:24:18,759] Trial 431 finished with value: 0.01273693609982729 and parameters: {'L1_hidden_dim': 192, 'L1_layers_atom': 3, 'L1_layers_mol': 3, 'L1_dropout': 0.030775904295006942, 'L1_out_dim': 96, 'L2_hidden_dim': 208, 'L2_layers_atom': 3, 'L2_layers_mol': 3, 'L2_out_dim': 48, 'L2_dropout': 0.03278818476857552, 'L3_hidden_dim': 48, 'L3_layers_atom': 3, 'L3_layers_mol': 1, 'L3_out_dim': 96, 'L3_dropout': 0.1903546479473193, 'n_mlp_layers': 3, 'mlp_dim_0': 88, 'mlp_dim_1': 160, 'mlp_dim_2': 448, 'num_heads': 2, 'final_dropout': 0.21736978381650368, 'train_learning_rate': 0.008519559036456148, 'train_lr_reduce': 0.6}. Best is trial 236 with value: 0.009785382077097893.
[I 2024-12-24 18:25:55,257] Trial 436 finished with value: 0.011704142205417156 and parameters: {'L1_hidden_dim': 240, 'L1_layers_atom': 2, 'L1_layers_mol': 3, 'L1_dropout': 0.04493224565788113, 'L1_out_dim': 96, 'L2_hidden_dim': 144, 'L2_layers_atom': 4, 'L2_layers_mol': 4, 'L2_out_dim': 64, 'L2_dropout': 0.06340091706830078, 'L3_hidden_dim': 48, 'L3_layers_atom': 4, 'L3_layers_mol': 2, 'L3_out_dim': 128, 'L3_dropout': 0.16565956061463571, 'n_mlp_layers': 3, 'mlp_dim_0': 80, 'mlp_dim_1': 88, 'mlp_dim_2': 376, 'num_heads': 2, 'final_dropout': 0.18307387797714803, 'train_learning_rate': 0.002111743256245777, 'train_lr_reduce': 0.6}. Best is trial 236 with value: 0.009785382077097893.
[I 2024-12-24 18:26:10,487] Trial 435 finished with value: 0.012031381949782372 and parameters: {'L1_hidden_dim': 144, 'L1_layers_atom': 3, 'L1_layers_mol': 4, 'L1_dropout': 0.06118615181533828, 'L1_out_dim': 32, 'L2_hidden_dim': 144, 'L2_layers_atom': 4, 'L2_layers_mol': 1, 'L2_out_dim': 96, 'L2_dropout': 0.015340995991883167, 'L3_hidden_dim': 96, 'L3_layers_atom': 4, 'L3_layers_mol': 3, 'L3_out_dim': 112, 'L3_dropout': 0.18073078682288746, 'n_mlp_layers': 1, 'mlp_dim_0': 64, 'num_heads': 2, 'final_dropout': 0.13796465640406258, 'train_learning_rate': 0.0003914798249769038, 'train_lr_reduce': 0.6}. Best is trial 236 with value: 0.009785382077097893.
[I 2024-12-24 18:26:32,460] Trial 434 finished with value: 0.011260774917900562 and parameters: {'L1_hidden_dim': 176, 'L1_layers_atom': 3, 'L1_layers_mol': 4, 'L1_dropout': 0.012780908614049978, 'L1_out_dim': 80, 'L2_hidden_dim': 192, 'L2_layers_atom': 3, 'L2_layers_mol': 4, 'L2_out_dim': 32, 'L2_dropout': 0.09061699871025276, 'L3_hidden_dim': 48, 'L3_layers_atom': 2, 'L3_layers_mol': 3, 'L3_out_dim': 112, 'L3_dropout': 0.2592922408055569, 'n_mlp_layers': 3, 'mlp_dim_0': 128, 'mlp_dim_1': 168, 'mlp_dim_2': 360, 'num_heads': 2, 'final_dropout': 0.10054514265657659, 'train_learning_rate': 0.0008869539882461592, 'train_lr_reduce': 0.6}. Best is trial 236 with value: 0.009785382077097893.
[I 2024-12-24 18:28:03,865] Trial 438 finished with value: 0.01171931903809309 and parameters: {'L1_hidden_dim': 240, 'L1_layers_atom': 1, 'L1_layers_mol': 4, 'L1_dropout': 0.05740161620830806, 'L1_out_dim': 96, 'L2_hidden_dim': 256, 'L2_layers_atom': 4, 'L2_layers_mol': 1, 'L2_out_dim': 128, 'L2_dropout': 0.07120412194378474, 'L3_hidden_dim': 80, 'L3_layers_atom': 1, 'L3_layers_mol': 2, 'L3_out_dim': 32, 'L3_dropout': 0.14774587209650109, 'n_mlp_layers': 2, 'mlp_dim_0': 296, 'mlp_dim_1': 176, 'num_heads': 1, 'final_dropout': 0.1992929020263589, 'train_learning_rate': 0.0009353516088356943, 'train_lr_reduce': 0.6}. Best is trial 236 with value: 0.009785382077097893.
[I 2024-12-24 18:28:05,504] Trial 437 finished with value: 0.012399940751492977 and parameters: {'L1_hidden_dim': 240, 'L1_layers_atom': 2, 'L1_layers_mol': 3, 'L1_dropout': 0.04879436962379286, 'L1_out_dim': 112, 'L2_hidden_dim': 144, 'L2_layers_atom': 2, 'L2_layers_mol': 3, 'L2_out_dim': 32, 'L2_dropout': 0.1037232896449961, 'L3_hidden_dim': 48, 'L3_layers_atom': 3, 'L3_layers_mol': 3, 'L3_out_dim': 64, 'L3_dropout': 0.22424476184803332, 'n_mlp_layers': 3, 'mlp_dim_0': 96, 'mlp_dim_1': 32, 'mlp_dim_2': 368, 'num_heads': 2, 'final_dropout': 0.18962140445171663, 'train_learning_rate': 0.001024056449164431, 'train_lr_reduce': 0.6}. Best is trial 236 with value: 0.009785382077097893.
[I 2024-12-24 18:28:55,317] Trial 439 finished with value: 0.016873562708497047 and parameters: {'L1_hidden_dim': 192, 'L1_layers_atom': 3, 'L1_layers_mol': 4, 'L1_dropout': 0.058713310895730855, 'L1_out_dim': 112, 'L2_hidden_dim': 176, 'L2_layers_atom': 1, 'L2_layers_mol': 4, 'L2_out_dim': 32, 'L2_dropout': 0.17513857498685925, 'L3_hidden_dim': 48, 'L3_layers_atom': 3, 'L3_layers_mol': 3, 'L3_out_dim': 112, 'L3_dropout': 0.29373196634076654, 'n_mlp_layers': 2, 'mlp_dim_0': 80, 'mlp_dim_1': 80, 'num_heads': 2, 'final_dropout': 0.2617309850099818, 'train_learning_rate': 0.00041958109604519565, 'train_lr_reduce': 0.6}. Best is trial 236 with value: 0.009785382077097893.
[I 2024-12-24 18:29:38,981] Trial 441 finished with value: 0.012855622917413712 and parameters: {'L1_hidden_dim': 144, 'L1_layers_atom': 1, 'L1_layers_mol': 2, 'L1_dropout': 0.0767357718781193, 'L1_out_dim': 96, 'L2_hidden_dim': 176, 'L2_layers_atom': 3, 'L2_layers_mol': 1, 'L2_out_dim': 128, 'L2_dropout': 0.008269011817155314, 'L3_hidden_dim': 64, 'L3_layers_atom': 4, 'L3_layers_mol': 3, 'L3_out_dim': 48, 'L3_dropout': 0.23232588931986647, 'n_mlp_layers': 1, 'mlp_dim_0': 472, 'num_heads': 1, 'final_dropout': 0.07745381133096868, 'train_learning_rate': 0.0005120047173744885, 'train_lr_reduce': 0.6}. Best is trial 236 with value: 0.009785382077097893.
[I 2024-12-24 18:30:03,984] Trial 440 finished with value: 0.012689192779362202 and parameters: {'L1_hidden_dim': 256, 'L1_layers_atom': 2, 'L1_layers_mol': 4, 'L1_dropout': 0.047591209084421354, 'L1_out_dim': 80, 'L2_hidden_dim': 176, 'L2_layers_atom': 3, 'L2_layers_mol': 4, 'L2_out_dim': 32, 'L2_dropout': 0.01224090474495041, 'L3_hidden_dim': 48, 'L3_layers_atom': 4, 'L3_layers_mol': 2, 'L3_out_dim': 80, 'L3_dropout': 0.2316796229954009, 'n_mlp_layers': 3, 'mlp_dim_0': 32, 'mlp_dim_1': 168, 'mlp_dim_2': 400, 'num_heads': 2, 'final_dropout': 0.1831504842369763, 'train_learning_rate': 0.002647683929401961, 'train_lr_reduce': 0.6}. Best is trial 236 with value: 0.009785382077097893.
[I 2024-12-24 18:30:58,406] Trial 442 finished with value: 0.011197286657989025 and parameters: {'L1_hidden_dim': 64, 'L1_layers_atom': 4, 'L1_layers_mol': 3, 'L1_dropout': 0.061340950751918644, 'L1_out_dim': 48, 'L2_hidden_dim': 208, 'L2_layers_atom': 4, 'L2_layers_mol': 1, 'L2_out_dim': 64, 'L2_dropout': 0.03919866588360113, 'L3_hidden_dim': 112, 'L3_layers_atom': 3, 'L3_layers_mol': 1, 'L3_out_dim': 64, 'L3_dropout': 0.19466842980567706, 'n_mlp_layers': 3, 'mlp_dim_0': 376, 'mlp_dim_1': 88, 'mlp_dim_2': 360, 'num_heads': 2, 'final_dropout': 0.08921867059661626, 'train_learning_rate': 0.001060107046072161, 'train_lr_reduce': 0.6}. Best is trial 236 with value: 0.009785382077097893.
[I 2024-12-24 18:31:25,271] Trial 443 finished with value: 0.010598969645798206 and parameters: {'L1_hidden_dim': 192, 'L1_layers_atom': 4, 'L1_layers_mol': 4, 'L1_dropout': 0.0013375019920828582, 'L1_out_dim': 112, 'L2_hidden_dim': 144, 'L2_layers_atom': 2, 'L2_layers_mol': 3, 'L2_out_dim': 32, 'L2_dropout': 0.18056878458555217, 'L3_hidden_dim': 64, 'L3_layers_atom': 3, 'L3_layers_mol': 3, 'L3_out_dim': 128, 'L3_dropout': 0.25418945078905075, 'n_mlp_layers': 3, 'mlp_dim_0': 64, 'mlp_dim_1': 176, 'mlp_dim_2': 416, 'num_heads': 2, 'final_dropout': 0.2438631906213825, 'train_learning_rate': 0.003087989777620294, 'train_lr_reduce': 0.6}. Best is trial 236 with value: 0.009785382077097893.
[I 2024-12-24 18:32:30,000] Trial 445 finished with value: 0.012054048478603363 and parameters: {'L1_hidden_dim': 256, 'L1_layers_atom': 1, 'L1_layers_mol': 3, 'L1_dropout': 0.004644372035271717, 'L1_out_dim': 80, 'L2_hidden_dim': 176, 'L2_layers_atom': 3, 'L2_layers_mol': 3, 'L2_out_dim': 48, 'L2_dropout': 0.05113002890805586, 'L3_hidden_dim': 96, 'L3_layers_atom': 4, 'L3_layers_mol': 2, 'L3_out_dim': 128, 'L3_dropout': 0.21392241110342475, 'n_mlp_layers': 2, 'mlp_dim_0': 104, 'mlp_dim_1': 72, 'num_heads': 2, 'final_dropout': 0.20173589424541225, 'train_learning_rate': 0.009815757192562084, 'train_lr_reduce': 0.6}. Best is trial 236 with value: 0.009785382077097893.
[I 2024-12-24 18:32:36,964] Trial 444 finished with value: 0.010987561196088791 and parameters: {'L1_hidden_dim': 96, 'L1_layers_atom': 3, 'L1_layers_mol': 4, 'L1_dropout': 0.008413696634026083, 'L1_out_dim': 48, 'L2_hidden_dim': 144, 'L2_layers_atom': 4, 'L2_layers_mol': 1, 'L2_out_dim': 48, 'L2_dropout': 0.03636981201084882, 'L3_hidden_dim': 80, 'L3_layers_atom': 3, 'L3_layers_mol': 2, 'L3_out_dim': 80, 'L3_dropout': 0.296832844694576, 'n_mlp_layers': 3, 'mlp_dim_0': 456, 'mlp_dim_1': 128, 'mlp_dim_2': 352, 'num_heads': 2, 'final_dropout': 0.012048700271506549, 'train_learning_rate': 0.0010668550267133087, 'train_lr_reduce': 0.6}. Best is trial 236 with value: 0.009785382077097893.
[I 2024-12-24 18:33:15,594] Trial 447 finished with value: 0.05062646046280861 and parameters: {'L1_hidden_dim': 128, 'L1_layers_atom': 4, 'L1_layers_mol': 4, 'L1_dropout': 0.026318421146109553, 'L1_out_dim': 128, 'L2_hidden_dim': 80, 'L2_layers_atom': 2, 'L2_layers_mol': 3, 'L2_out_dim': 32, 'L2_dropout': 0.1636344804071812, 'L3_hidden_dim': 48, 'L3_layers_atom': 3, 'L3_layers_mol': 4, 'L3_out_dim': 128, 'L3_dropout': 0.28976861928608966, 'n_mlp_layers': 3, 'mlp_dim_0': 32, 'mlp_dim_1': 136, 'mlp_dim_2': 432, 'num_heads': 2, 'final_dropout': 0.24605929005407343, 'train_learning_rate': 0.0021341405869767446, 'train_lr_reduce': 0.6}. Best is trial 236 with value: 0.009785382077097893.
[I 2024-12-24 18:33:53,718] Trial 446 finished with value: 0.011043290607631207 and parameters: {'L1_hidden_dim': 208, 'L1_layers_atom': 4, 'L1_layers_mol': 4, 'L1_dropout': 0.020754612485129338, 'L1_out_dim': 96, 'L2_hidden_dim': 160, 'L2_layers_atom': 2, 'L2_layers_mol': 3, 'L2_out_dim': 48, 'L2_dropout': 0.11944108493494549, 'L3_hidden_dim': 32, 'L3_layers_atom': 4, 'L3_layers_mol': 2, 'L3_out_dim': 112, 'L3_dropout': 0.2502663288674837, 'n_mlp_layers': 3, 'mlp_dim_0': 112, 'mlp_dim_1': 152, 'mlp_dim_2': 448, 'num_heads': 2, 'final_dropout': 0.15639702930453947, 'train_learning_rate': 0.002008340418554327, 'train_lr_reduce': 0.6}. Best is trial 236 with value: 0.009785382077097893.
