[I 2024-12-19 19:17:51,046] Trial 824 finished with value: 0.10823136568069458 and parameters: {'mlp_n_layers': 4, 'mlp_dim_00': 412, 'mlp_dim_01': 512, 'mlp_dim_02': 364, 'mlp_dim_03': 365, 'node_hidden_dim': 63, 'edge_hidden_dim': 51, 'depth': 1, 'rep_dropout': 0.049335391539708034, 'train_learning_rate': 0.0012526173204837302, 'train_lr_reduce': 0.6}. Best is trial 122 with value: 0.09548358619213104.
[I 2024-12-19 19:17:57,081] Trial 829 finished with value: 1.6667598485946655 and parameters: {'mlp_n_layers': 2, 'mlp_dim_00': 220, 'mlp_dim_01': 472, 'node_hidden_dim': 43, 'edge_hidden_dim': 37, 'depth': 3, 'rep_dropout': 0.13706282437242226, 'train_learning_rate': 0.0006233778213027256, 'train_lr_reduce': 0.6}. Best is trial 122 with value: 0.09548358619213104.
[I 2024-12-19 19:18:01,587] Trial 830 finished with value: 1.6217336654663086 and parameters: {'mlp_n_layers': 1, 'mlp_dim_00': 236, 'node_hidden_dim': 128, 'edge_hidden_dim': 65, 'depth': 1, 'rep_dropout': 0.0222023784831702, 'train_learning_rate': 0.00031497951277922057, 'train_lr_reduce': 0.6}. Best is trial 122 with value: 0.09548358619213104.
[I 2024-12-19 19:18:04,697] Trial 828 finished with value: 0.2579224407672882 and parameters: {'mlp_n_layers': 2, 'mlp_dim_00': 380, 'mlp_dim_01': 437, 'node_hidden_dim': 111, 'edge_hidden_dim': 54, 'depth': 1, 'rep_dropout': 0.09026680206338167, 'train_learning_rate': 0.0013624014603027116, 'train_lr_reduce': 0.6}. Best is trial 122 with value: 0.09548358619213104.
[I 2024-12-19 19:18:06,431] Trial 831 finished with value: 1.6733657121658325 and parameters: {'mlp_n_layers': 4, 'mlp_dim_00': 394, 'mlp_dim_01': 512, 'mlp_dim_02': 115, 'mlp_dim_03': 467, 'node_hidden_dim': 100, 'edge_hidden_dim': 51, 'depth': 1, 'rep_dropout': 0.11232580208096744, 'train_learning_rate': 0.00029938768565258644, 'train_lr_reduce': 0.6}. Best is trial 122 with value: 0.09548358619213104.
[I 2024-12-19 19:18:13,993] Trial 826 finished with value: 0.7820529341697693 and parameters: {'mlp_n_layers': 4, 'mlp_dim_00': 449, 'mlp_dim_01': 468, 'mlp_dim_02': 388, 'mlp_dim_03': 415, 'node_hidden_dim': 79, 'edge_hidden_dim': 98, 'depth': 1, 'rep_dropout': 0.1242989224398891, 'train_learning_rate': 0.00021604281224857415, 'train_lr_reduce': 0.6}. Best is trial 122 with value: 0.09548358619213104.
[I 2024-12-19 19:18:18,552] Trial 834 finished with value: 1.678465485572815 and parameters: {'mlp_n_layers': 3, 'mlp_dim_00': 403, 'mlp_dim_01': 472, 'mlp_dim_02': 468, 'node_hidden_dim': 103, 'edge_hidden_dim': 44, 'depth': 1, 'rep_dropout': 0.06602070067790806, 'train_learning_rate': 0.00028188950086499484, 'train_lr_reduce': 0.6}. Best is trial 122 with value: 0.09548358619213104.
[I 2024-12-19 19:18:33,151] Trial 833 finished with value: 0.1254899650812149 and parameters: {'mlp_n_layers': 4, 'mlp_dim_00': 270, 'mlp_dim_01': 433, 'mlp_dim_02': 320, 'mlp_dim_03': 511, 'node_hidden_dim': 109, 'edge_hidden_dim': 71, 'depth': 1, 'rep_dropout': 0.12110869164462199, 'train_learning_rate': 0.0010471589106184006, 'train_lr_reduce': 0.6}. Best is trial 122 with value: 0.09548358619213104.
[I 2024-12-19 19:18:38,349] Trial 836 finished with value: 1.6811707019805908 and parameters: {'mlp_n_layers': 3, 'mlp_dim_00': 190, 'mlp_dim_01': 393, 'mlp_dim_02': 342, 'node_hidden_dim': 38, 'edge_hidden_dim': 111, 'depth': 2, 'rep_dropout': 0.0577288468870717, 'train_learning_rate': 0.00016413532815430992, 'train_lr_reduce': 0.6}. Best is trial 122 with value: 0.09548358619213104.
[I 2024-12-19 19:18:43,446] Trial 837 finished with value: 1.6711859703063965 and parameters: {'mlp_n_layers': 4, 'mlp_dim_00': 488, 'mlp_dim_01': 439, 'mlp_dim_02': 375, 'mlp_dim_03': 468, 'node_hidden_dim': 61, 'edge_hidden_dim': 44, 'depth': 2, 'rep_dropout': 0.12244431081228709, 'train_learning_rate': 0.0012060023884481283, 'train_lr_reduce': 0.6}. Best is trial 122 with value: 0.09548358619213104.
[I 2024-12-19 19:18:43,766] Trial 832 finished with value: 0.1042984127998352 and parameters: {'mlp_n_layers': 4, 'mlp_dim_00': 434, 'mlp_dim_01': 362, 'mlp_dim_02': 378, 'mlp_dim_03': 370, 'node_hidden_dim': 69, 'edge_hidden_dim': 64, 'depth': 1, 'rep_dropout': 0.11667101198865916, 'train_learning_rate': 0.0025121053043582683, 'train_lr_reduce': 0.6}. Best is trial 122 with value: 0.09548358619213104.
[I 2024-12-19 19:18:48,420] Trial 838 finished with value: 1.6158113479614258 and parameters: {'mlp_n_layers': 3, 'mlp_dim_00': 482, 'mlp_dim_01': 510, 'mlp_dim_02': 319, 'node_hidden_dim': 32, 'edge_hidden_dim': 46, 'depth': 1, 'rep_dropout': 0.07893544907092162, 'train_learning_rate': 0.002061200373097672, 'train_lr_reduce': 0.6}. Best is trial 122 with value: 0.09548358619213104.
[I 2024-12-19 19:18:48,427] Trial 839 finished with value: 1.6842790842056274 and parameters: {'mlp_n_layers': 4, 'mlp_dim_00': 436, 'mlp_dim_01': 476, 'mlp_dim_02': 320, 'mlp_dim_03': 401, 'node_hidden_dim': 116, 'edge_hidden_dim': 51, 'depth': 1, 'rep_dropout': 0.05262061360723312, 'train_learning_rate': 0.0003660696393009742, 'train_lr_reduce': 0.6}. Best is trial 122 with value: 0.09548358619213104.
[I 2024-12-19 19:18:52,717] Trial 841 finished with value: 1.63798987865448 and parameters: {'mlp_n_layers': 1, 'mlp_dim_00': 504, 'node_hidden_dim': 33, 'edge_hidden_dim': 45, 'depth': 3, 'rep_dropout': 0.009792620531713425, 'train_learning_rate': 0.0005017526941420162, 'train_lr_reduce': 0.6}. Best is trial 122 with value: 0.09548358619213104.
[I 2024-12-19 19:18:52,940] Trial 840 finished with value: 1.6727319955825806 and parameters: {'mlp_n_layers': 4, 'mlp_dim_00': 476, 'mlp_dim_01': 512, 'mlp_dim_02': 121, 'mlp_dim_03': 465, 'node_hidden_dim': 40, 'edge_hidden_dim': 58, 'depth': 1, 'rep_dropout': 0.11048454247076436, 'train_learning_rate': 0.0012216652239381333, 'train_lr_reduce': 0.6}. Best is trial 122 with value: 0.09548358619213104.
[I 2024-12-19 19:18:57,276] Trial 842 finished with value: 1.578251600265503 and parameters: {'mlp_n_layers': 2, 'mlp_dim_00': 258, 'mlp_dim_01': 408, 'node_hidden_dim': 62, 'edge_hidden_dim': 37, 'depth': 4, 'rep_dropout': 0.05006259614139137, 'train_learning_rate': 0.0015653067282890719, 'train_lr_reduce': 0.6}. Best is trial 122 with value: 0.09548358619213104.
[I 2024-12-19 19:18:57,934] Trial 835 finished with value: 0.1126568466424942 and parameters: {'mlp_n_layers': 4, 'mlp_dim_00': 326, 'mlp_dim_01': 471, 'mlp_dim_02': 415, 'mlp_dim_03': 431, 'node_hidden_dim': 94, 'edge_hidden_dim': 63, 'depth': 1, 'rep_dropout': 0.11345608049572581, 'train_learning_rate': 0.00040348305306305276, 'train_lr_reduce': 0.6}. Best is trial 122 with value: 0.09548358619213104.
[I 2024-12-19 19:19:04,467] Trial 845 finished with value: 1.6353154182434082 and parameters: {'mlp_n_layers': 1, 'mlp_dim_00': 481, 'node_hidden_dim': 43, 'edge_hidden_dim': 71, 'depth': 3, 'rep_dropout': 0.0893048035404633, 'train_learning_rate': 0.0006303753853639665, 'train_lr_reduce': 0.6}. Best is trial 122 with value: 0.09548358619213104.
[I 2024-12-19 19:19:43,336] Trial 843 finished with value: 0.48386263847351074 and parameters: {'mlp_n_layers': 4, 'mlp_dim_00': 393, 'mlp_dim_01': 436, 'mlp_dim_02': 420, 'mlp_dim_03': 342, 'node_hidden_dim': 103, 'edge_hidden_dim': 73, 'depth': 1, 'rep_dropout': 0.11806762697375517, 'train_learning_rate': 0.0004374087934192411, 'train_lr_reduce': 0.6}. Best is trial 122 with value: 0.09548358619213104.
[I 2024-12-19 19:19:47,419] Trial 844 finished with value: 0.10715586692094803 and parameters: {'mlp_n_layers': 4, 'mlp_dim_00': 466, 'mlp_dim_01': 476, 'mlp_dim_02': 368, 'mlp_dim_03': 432, 'node_hidden_dim': 104, 'edge_hidden_dim': 58, 'depth': 1, 'rep_dropout': 0.14965550256379498, 'train_learning_rate': 0.0006807245036762624, 'train_lr_reduce': 0.6}. Best is trial 122 with value: 0.09548358619213104.
[I 2024-12-19 19:19:55,156] Trial 846 finished with value: 0.12505675852298737 and parameters: {'mlp_n_layers': 4, 'mlp_dim_00': 337, 'mlp_dim_01': 438, 'mlp_dim_02': 461, 'mlp_dim_03': 509, 'node_hidden_dim': 117, 'edge_hidden_dim': 89, 'depth': 1, 'rep_dropout': 0.08756681257109022, 'train_learning_rate': 0.00032663424233862136, 'train_lr_reduce': 0.6}. Best is trial 122 with value: 0.09548358619213104.
[I 2024-12-19 19:19:56,415] Trial 848 finished with value: 1.6130417585372925 and parameters: {'mlp_n_layers': 3, 'mlp_dim_00': 293, 'mlp_dim_01': 370, 'mlp_dim_02': 372, 'node_hidden_dim': 85, 'edge_hidden_dim': 124, 'depth': 3, 'rep_dropout': 0.09037399541588492, 'train_learning_rate': 0.00411928972189952, 'train_lr_reduce': 0.6}. Best is trial 122 with value: 0.09548358619213104.
[I 2024-12-19 19:20:01,493] Trial 850 finished with value: 1.628485918045044 and parameters: {'mlp_n_layers': 4, 'mlp_dim_00': 500, 'mlp_dim_01': 409, 'mlp_dim_02': 317, 'mlp_dim_03': 472, 'node_hidden_dim': 63, 'edge_hidden_dim': 32, 'depth': 1, 'rep_dropout': 0.10790657165998543, 'train_learning_rate': 0.0016765850112287432, 'train_lr_reduce': 0.6}. Best is trial 122 with value: 0.09548358619213104.
[I 2024-12-19 19:20:06,577] Trial 851 finished with value: 1.577807903289795 and parameters: {'mlp_n_layers': 2, 'mlp_dim_00': 233, 'mlp_dim_01': 476, 'node_hidden_dim': 105, 'edge_hidden_dim': 114, 'depth': 1, 'rep_dropout': 0.09575110234342905, 'train_learning_rate': 0.0010589891506035862, 'train_lr_reduce': 0.6}. Best is trial 122 with value: 0.09548358619213104.
[I 2024-12-19 19:20:26,086] Trial 847 finished with value: 0.13546308875083923 and parameters: {'mlp_n_layers': 4, 'mlp_dim_00': 293, 'mlp_dim_01': 512, 'mlp_dim_02': 151, 'mlp_dim_03': 386, 'node_hidden_dim': 110, 'edge_hidden_dim': 67, 'depth': 2, 'rep_dropout': 0.10109688152482971, 'train_learning_rate': 0.0005007603927446369, 'train_lr_reduce': 0.6}. Best is trial 122 with value: 0.09548358619213104.
[I 2024-12-19 19:20:36,527] Trial 852 finished with value: 0.13611233234405518 and parameters: {'mlp_n_layers': 4, 'mlp_dim_00': 475, 'mlp_dim_01': 434, 'mlp_dim_02': 475, 'mlp_dim_03': 430, 'node_hidden_dim': 85, 'edge_hidden_dim': 64, 'depth': 1, 'rep_dropout': 0.12994829585284198, 'train_learning_rate': 0.0007652287154650639, 'train_lr_reduce': 0.6}. Best is trial 122 with value: 0.09548358619213104.
[I 2024-12-19 19:20:41,450] Trial 849 finished with value: 0.1283644288778305 and parameters: {'mlp_n_layers': 3, 'mlp_dim_00': 258, 'mlp_dim_01': 468, 'mlp_dim_02': 414, 'node_hidden_dim': 121, 'edge_hidden_dim': 85, 'depth': 1, 'rep_dropout': 0.09569031147556266, 'train_learning_rate': 0.0004109076301489953, 'train_lr_reduce': 0.6}. Best is trial 122 with value: 0.09548358619213104.
[I 2024-12-19 19:20:47,484] Trial 855 finished with value: 1.6667295694351196 and parameters: {'mlp_n_layers': 4, 'mlp_dim_00': 460, 'mlp_dim_01': 510, 'mlp_dim_02': 401, 'mlp_dim_03': 349, 'node_hidden_dim': 40, 'edge_hidden_dim': 36, 'depth': 1, 'rep_dropout': 0.09703356280676197, 'train_learning_rate': 0.0019966775167007114, 'train_lr_reduce': 0.6}. Best is trial 122 with value: 0.09548358619213104.
[I 2024-12-19 19:20:55,209] Trial 854 finished with value: 0.3206506073474884 and parameters: {'mlp_n_layers': 4, 'mlp_dim_00': 377, 'mlp_dim_01': 438, 'mlp_dim_02': 102, 'mlp_dim_03': 413, 'node_hidden_dim': 121, 'edge_hidden_dim': 70, 'depth': 1, 'rep_dropout': 0.10194323297783749, 'train_learning_rate': 0.0006040574834611237, 'train_lr_reduce': 0.6}. Best is trial 122 with value: 0.09548358619213104.
[I 2024-12-19 19:21:01,791] Trial 857 finished with value: 1.6722815036773682 and parameters: {'mlp_n_layers': 4, 'mlp_dim_00': 448, 'mlp_dim_01': 472, 'mlp_dim_02': 179, 'mlp_dim_03': 207, 'node_hidden_dim': 124, 'edge_hidden_dim': 51, 'depth': 2, 'rep_dropout': 0.07838818638228301, 'train_learning_rate': 0.00032442504113825376, 'train_lr_reduce': 0.6}. Best is trial 122 with value: 0.09548358619213104.
[I 2024-12-19 19:21:12,301] Trial 853 finished with value: 0.13368719816207886 and parameters: {'mlp_n_layers': 4, 'mlp_dim_00': 361, 'mlp_dim_01': 474, 'mlp_dim_02': 357, 'mlp_dim_03': 475, 'node_hidden_dim': 80, 'edge_hidden_dim': 89, 'depth': 1, 'rep_dropout': 0.1374651092464867, 'train_learning_rate': 0.000557157764629396, 'train_lr_reduce': 0.6}. Best is trial 122 with value: 0.09548358619213104.
[I 2024-12-19 19:21:18,440] Trial 858 finished with value: 0.3449544310569763 and parameters: {'mlp_n_layers': 3, 'mlp_dim_00': 380, 'mlp_dim_01': 421, 'mlp_dim_02': 359, 'node_hidden_dim': 124, 'edge_hidden_dim': 53, 'depth': 1, 'rep_dropout': 0.07461716283919925, 'train_learning_rate': 0.000977391091434987, 'train_lr_reduce': 0.6}. Best is trial 122 with value: 0.09548358619213104.
[I 2024-12-19 19:21:24,112] Trial 860 finished with value: 1.6809574365615845 and parameters: {'mlp_n_layers': 4, 'mlp_dim_00': 365, 'mlp_dim_01': 464, 'mlp_dim_02': 347, 'mlp_dim_03': 467, 'node_hidden_dim': 73, 'edge_hidden_dim': 59, 'depth': 1, 'rep_dropout': 0.1390104754555168, 'train_learning_rate': 0.0002501460096932318, 'train_lr_reduce': 0.6}. Best is trial 122 with value: 0.09548358619213104.
[I 2024-12-19 19:21:26,595] Trial 856 finished with value: 0.128798246383667 and parameters: {'mlp_n_layers': 4, 'mlp_dim_00': 363, 'mlp_dim_01': 365, 'mlp_dim_02': 312, 'mlp_dim_03': 509, 'node_hidden_dim': 94, 'edge_hidden_dim': 77, 'depth': 2, 'rep_dropout': 0.13627620172917893, 'train_learning_rate': 0.0012127548860512763, 'train_lr_reduce': 0.6}. Best is trial 122 with value: 0.09548358619213104.
[I 2024-12-19 19:21:29,836] Trial 861 finished with value: 1.6685535907745361 and parameters: {'mlp_n_layers': 2, 'mlp_dim_00': 218, 'mlp_dim_01': 401, 'node_hidden_dim': 75, 'edge_hidden_dim': 57, 'depth': 4, 'rep_dropout': 0.14979071636554261, 'train_learning_rate': 0.00040808949020874056, 'train_lr_reduce': 0.6}. Best is trial 122 with value: 0.09548358619213104.
[I 2024-12-19 19:21:32,556] Trial 862 finished with value: 1.6709290742874146 and parameters: {'mlp_n_layers': 2, 'mlp_dim_00': 209, 'mlp_dim_01': 475, 'node_hidden_dim': 106, 'edge_hidden_dim': 104, 'depth': 2, 'rep_dropout': 0.1389687421341267, 'train_learning_rate': 0.0002616646618093002, 'train_lr_reduce': 0.6}. Best is trial 122 with value: 0.09548358619213104.
[I 2024-12-19 19:21:49,197] Trial 863 finished with value: 0.2582811713218689 and parameters: {'mlp_n_layers': 4, 'mlp_dim_00': 507, 'mlp_dim_01': 437, 'mlp_dim_02': 412, 'mlp_dim_03': 379, 'node_hidden_dim': 91, 'edge_hidden_dim': 61, 'depth': 1, 'rep_dropout': 0.09851678496034712, 'train_learning_rate': 0.0012011682023175976, 'train_lr_reduce': 0.6}. Best is trial 122 with value: 0.09548358619213104.
[I 2024-12-19 19:21:54,897] Trial 865 finished with value: 1.6539316177368164 and parameters: {'mlp_n_layers': 4, 'mlp_dim_00': 450, 'mlp_dim_01': 351, 'mlp_dim_02': 141, 'mlp_dim_03': 472, 'node_hidden_dim': 98, 'edge_hidden_dim': 82, 'depth': 1, 'rep_dropout': 0.13815739287849438, 'train_learning_rate': 0.0002762283970191788, 'train_lr_reduce': 0.6}. Best is trial 122 with value: 0.09548358619213104.
[I 2024-12-19 19:21:58,150] Trial 859 finished with value: 0.14272068440914154 and parameters: {'mlp_n_layers': 4, 'mlp_dim_00': 352, 'mlp_dim_01': 512, 'mlp_dim_02': 473, 'mlp_dim_03': 435, 'node_hidden_dim': 63, 'edge_hidden_dim': 33, 'depth': 1, 'rep_dropout': 0.07186395711230736, 'train_learning_rate': 0.0005636960800060253, 'train_lr_reduce': 0.6}. Best is trial 122 with value: 0.09548358619213104.
[I 2024-12-19 19:21:58,939] Trial 864 finished with value: 0.2737346589565277 and parameters: {'mlp_n_layers': 4, 'mlp_dim_00': 404, 'mlp_dim_01': 512, 'mlp_dim_02': 305, 'mlp_dim_03': 432, 'node_hidden_dim': 108, 'edge_hidden_dim': 46, 'depth': 1, 'rep_dropout': 0.10578778479778693, 'train_learning_rate': 0.0008004067573335087, 'train_lr_reduce': 0.6}. Best is trial 122 with value: 0.09548358619213104.
[I 2024-12-19 19:22:03,381] Trial 867 finished with value: 1.6712861061096191 and parameters: {'mlp_n_layers': 3, 'mlp_dim_00': 297, 'mlp_dim_01': 394, 'mlp_dim_02': 435, 'node_hidden_dim': 106, 'edge_hidden_dim': 105, 'depth': 3, 'rep_dropout': 0.0313241888339908, 'train_learning_rate': 0.00013857969102272805, 'train_lr_reduce': 0.6}. Best is trial 122 with value: 0.09548358619213104.
[I 2024-12-19 19:22:08,649] Trial 869 finished with value: 1.67933988571167 and parameters: {'mlp_n_layers': 4, 'mlp_dim_00': 458, 'mlp_dim_01': 474, 'mlp_dim_02': 356, 'mlp_dim_03': 391, 'node_hidden_dim': 82, 'edge_hidden_dim': 73, 'depth': 1, 'rep_dropout': 0.12936398481054295, 'train_learning_rate': 0.00034841912035134037, 'train_lr_reduce': 0.6}. Best is trial 122 with value: 0.09548358619213104.
[I 2024-12-19 19:22:24,021] Trial 868 finished with value: 0.19208824634552002 and parameters: {'mlp_n_layers': 4, 'mlp_dim_00': 410, 'mlp_dim_01': 437, 'mlp_dim_02': 304, 'mlp_dim_03': 317, 'node_hidden_dim': 64, 'edge_hidden_dim': 45, 'depth': 1, 'rep_dropout': 0.14994650506621748, 'train_learning_rate': 0.0014757284336553043, 'train_lr_reduce': 0.6}. Best is trial 122 with value: 0.09548358619213104.
[I 2024-12-19 19:22:38,985] Trial 866 finished with value: 0.10917719453573227 and parameters: {'mlp_n_layers': 4, 'mlp_dim_00': 404, 'mlp_dim_01': 473, 'mlp_dim_02': 364, 'mlp_dim_03': 510, 'node_hidden_dim': 83, 'edge_hidden_dim': 32, 'depth': 1, 'rep_dropout': 0.05813145487467835, 'train_learning_rate': 0.0007577110165306729, 'train_lr_reduce': 0.6}. Best is trial 122 with value: 0.09548358619213104.
[I 2024-12-19 19:22:45,001] Trial 872 finished with value: 1.5841388702392578 and parameters: {'mlp_n_layers': 4, 'mlp_dim_00': 507, 'mlp_dim_01': 474, 'mlp_dim_02': 511, 'mlp_dim_03': 401, 'node_hidden_dim': 76, 'edge_hidden_dim': 99, 'depth': 4, 'rep_dropout': 0.04140984183911881, 'train_learning_rate': 0.007962326016294204, 'train_lr_reduce': 0.6}. Best is trial 122 with value: 0.09548358619213104.
[I 2024-12-19 19:22:48,905] Trial 870 finished with value: 0.10501180589199066 and parameters: {'mlp_n_layers': 4, 'mlp_dim_00': 503, 'mlp_dim_01': 476, 'mlp_dim_02': 98, 'mlp_dim_03': 436, 'node_hidden_dim': 66, 'edge_hidden_dim': 42, 'depth': 1, 'rep_dropout': 0.11078491387404839, 'train_learning_rate': 0.0009371661191709273, 'train_lr_reduce': 0.6}. Best is trial 122 with value: 0.09548358619213104.
[I 2024-12-19 19:22:54,981] Trial 874 finished with value: 1.6140456199645996 and parameters: {'mlp_n_layers': 4, 'mlp_dim_00': 333, 'mlp_dim_01': 511, 'mlp_dim_02': 330, 'mlp_dim_03': 436, 'node_hidden_dim': 77, 'edge_hidden_dim': 57, 'depth': 2, 'rep_dropout': 0.1487683311764454, 'train_learning_rate': 0.0020527937224722897, 'train_lr_reduce': 0.6}. Best is trial 122 with value: 0.09548358619213104.
[I 2024-12-19 19:23:00,685] Trial 875 finished with value: 1.6835410594940186 and parameters: {'mlp_n_layers': 4, 'mlp_dim_00': 94, 'mlp_dim_01': 441, 'mlp_dim_02': 440, 'mlp_dim_03': 368, 'node_hidden_dim': 80, 'edge_hidden_dim': 50, 'depth': 3, 'rep_dropout': 0.08523137228010412, 'train_learning_rate': 0.0002815825076105765, 'train_lr_reduce': 0.6}. Best is trial 122 with value: 0.09548358619213104.
[I 2024-12-19 19:23:04,069] Trial 871 finished with value: 0.10423391312360764 and parameters: {'mlp_n_layers': 4, 'mlp_dim_00': 493, 'mlp_dim_01': 427, 'mlp_dim_02': 389, 'mlp_dim_03': 469, 'node_hidden_dim': 82, 'edge_hidden_dim': 58, 'depth': 1, 'rep_dropout': 0.12707510399753938, 'train_learning_rate': 0.0011400368926772842, 'train_lr_reduce': 0.6}. Best is trial 122 with value: 0.09548358619213104.
[I 2024-12-19 19:23:07,832] Trial 873 finished with value: 0.18570883572101593 and parameters: {'mlp_n_layers': 4, 'mlp_dim_00': 507, 'mlp_dim_01': 391, 'mlp_dim_02': 173, 'mlp_dim_03': 512, 'node_hidden_dim': 61, 'edge_hidden_dim': 33, 'depth': 1, 'rep_dropout': 0.06915730435402848, 'train_learning_rate': 0.0012272777174258283, 'train_lr_reduce': 0.6}. Best is trial 122 with value: 0.09548358619213104.
[I 2024-12-19 19:23:13,565] Trial 878 finished with value: 1.6295959949493408 and parameters: {'mlp_n_layers': 4, 'mlp_dim_00': 442, 'mlp_dim_01': 512, 'mlp_dim_02': 465, 'mlp_dim_03': 331, 'node_hidden_dim': 62, 'edge_hidden_dim': 58, 'depth': 1, 'rep_dropout': 0.14999141618623055, 'train_learning_rate': 0.0017740699038909936, 'train_lr_reduce': 0.6}. Best is trial 122 with value: 0.09548358619213104.
[I 2024-12-19 19:23:25,221] Trial 877 finished with value: 0.2742987871170044 and parameters: {'mlp_n_layers': 4, 'mlp_dim_00': 490, 'mlp_dim_01': 434, 'mlp_dim_02': 302, 'mlp_dim_03': 432, 'node_hidden_dim': 70, 'edge_hidden_dim': 45, 'depth': 1, 'rep_dropout': 0.07591695441477461, 'train_learning_rate': 0.001345166809616996, 'train_lr_reduce': 0.6}. Best is trial 122 with value: 0.09548358619213104.
[I 2024-12-19 19:23:39,455] Trial 880 finished with value: 0.4425266981124878 and parameters: {'mlp_n_layers': 3, 'mlp_dim_00': 376, 'mlp_dim_01': 397, 'mlp_dim_02': 402, 'node_hidden_dim': 85, 'edge_hidden_dim': 64, 'depth': 1, 'rep_dropout': 0.06750712549765508, 'train_learning_rate': 0.0029675219310855315, 'train_lr_reduce': 0.6}. Best is trial 122 with value: 0.09548358619213104.
[I 2024-12-19 19:23:43,349] Trial 876 finished with value: 0.21871119737625122 and parameters: {'mlp_n_layers': 4, 'mlp_dim_00': 498, 'mlp_dim_01': 476, 'mlp_dim_02': 375, 'mlp_dim_03': 472, 'node_hidden_dim': 86, 'edge_hidden_dim': 52, 'depth': 1, 'rep_dropout': 0.0987710953564609, 'train_learning_rate': 0.0027350352386985555, 'train_lr_reduce': 0.6}. Best is trial 122 with value: 0.09548358619213104.
[I 2024-12-19 19:23:48,617] Trial 882 finished with value: 1.6757463216781616 and parameters: {'mlp_n_layers': 3, 'mlp_dim_00': 512, 'mlp_dim_01': 449, 'mlp_dim_02': 104, 'node_hidden_dim': 78, 'edge_hidden_dim': 65, 'depth': 1, 'rep_dropout': 0.10088366734515589, 'train_learning_rate': 0.0005757245257903816, 'train_lr_reduce': 0.6}. Best is trial 122 with value: 0.09548358619213104.
