[I 2024-12-26 21:32:50,433] Trial 2385 finished with value: 0.012572841718792915 and parameters: {'L1_hidden_dim': 96, 'L1_layers_atom': 4, 'L1_layers_mol': 1, 'L1_dropout': 0.02073739463306218, 'L1_out_dim': 64, 'L2_hidden_dim': 256, 'L2_layers_atom': 1, 'L2_layers_mol': 2, 'L2_out_dim': 48, 'L2_dropout': 0.10186702218167865, 'L3_hidden_dim': 80, 'L3_layers_atom': 1, 'L3_layers_mol': 1, 'L3_out_dim': 32, 'L3_dropout': 0.2332738967446663, 'n_mlp_layers': 3, 'mlp_dim_0': 480, 'mlp_dim_1': 304, 'mlp_dim_2': 480, 'num_heads': 2, 'final_dropout': 0.28752538930333443, 'train_learning_rate': 0.00031006862914738777, 'train_lr_reduce': 0.6}. Best is trial 2183 with value: 0.009310361929237843.
[I 2024-12-26 21:33:09,002] Trial 2386 finished with value: 0.021396446973085403 and parameters: {'L1_hidden_dim': 208, 'L1_layers_atom': 4, 'L1_layers_mol': 4, 'L1_dropout': 0.2402677403037709, 'L1_out_dim': 112, 'L2_hidden_dim': 64, 'L2_layers_atom': 4, 'L2_layers_mol': 1, 'L2_out_dim': 112, 'L2_dropout': 0.02160298254795437, 'L3_hidden_dim': 112, 'L3_layers_atom': 1, 'L3_layers_mol': 2, 'L3_out_dim': 96, 'L3_dropout': 0.23823507803239913, 'n_mlp_layers': 3, 'mlp_dim_0': 344, 'mlp_dim_1': 264, 'mlp_dim_2': 400, 'num_heads': 2, 'final_dropout': 0.1566240094152802, 'train_learning_rate': 0.0002533744714799723, 'train_lr_reduce': 0.6}. Best is trial 2183 with value: 0.009310361929237843.
[I 2024-12-26 21:33:23,644] Trial 2387 finished with value: 0.020250704139471054 and parameters: {'L1_hidden_dim': 64, 'L1_layers_atom': 1, 'L1_layers_mol': 2, 'L1_dropout': 0.1733851382193448, 'L1_out_dim': 80, 'L2_hidden_dim': 240, 'L2_layers_atom': 3, 'L2_layers_mol': 1, 'L2_out_dim': 64, 'L2_dropout': 0.06091079508592552, 'L3_hidden_dim': 64, 'L3_layers_atom': 4, 'L3_layers_mol': 1, 'L3_out_dim': 64, 'L3_dropout': 0.19897069515811827, 'n_mlp_layers': 3, 'mlp_dim_0': 208, 'mlp_dim_1': 360, 'mlp_dim_2': 448, 'num_heads': 1, 'final_dropout': 0.18912422023655126, 'train_learning_rate': 0.0001152530261101431, 'train_lr_reduce': 0.6}. Best is trial 2183 with value: 0.009310361929237843.
[I 2024-12-26 21:35:42,702] Trial 2390 finished with value: 0.01226706150919199 and parameters: {'L1_hidden_dim': 128, 'L1_layers_atom': 1, 'L1_layers_mol': 3, 'L1_dropout': 0.17866790476699546, 'L1_out_dim': 112, 'L2_hidden_dim': 160, 'L2_layers_atom': 1, 'L2_layers_mol': 2, 'L2_out_dim': 112, 'L2_dropout': 0.02327880391986702, 'L3_hidden_dim': 64, 'L3_layers_atom': 4, 'L3_layers_mol': 1, 'L3_out_dim': 112, 'L3_dropout': 0.19119850416869272, 'n_mlp_layers': 2, 'mlp_dim_0': 488, 'mlp_dim_1': 184, 'num_heads': 1, 'final_dropout': 0.1412499709126406, 'train_learning_rate': 0.0010490926987161656, 'train_lr_reduce': 0.6}. Best is trial 2183 with value: 0.009310361929237843.
[I 2024-12-26 21:36:05,116] Trial 2389 finished with value: 0.011333033442497253 and parameters: {'L1_hidden_dim': 176, 'L1_layers_atom': 2, 'L1_layers_mol': 2, 'L1_dropout': 0.01322643901609851, 'L1_out_dim': 32, 'L2_hidden_dim': 160, 'L2_layers_atom': 1, 'L2_layers_mol': 3, 'L2_out_dim': 112, 'L2_dropout': 0.06992444513301978, 'L3_hidden_dim': 96, 'L3_layers_atom': 3, 'L3_layers_mol': 1, 'L3_out_dim': 96, 'L3_dropout': 0.16922943343783164, 'n_mlp_layers': 3, 'mlp_dim_0': 368, 'mlp_dim_1': 312, 'mlp_dim_2': 328, 'num_heads': 2, 'final_dropout': 0.17096620134803903, 'train_learning_rate': 0.00024980042661981787, 'train_lr_reduce': 0.6}. Best is trial 2183 with value: 0.009310361929237843.
[I 2024-12-26 21:36:31,119] Trial 2388 finished with value: 0.011369938962161541 and parameters: {'L1_hidden_dim': 112, 'L1_layers_atom': 2, 'L1_layers_mol': 3, 'L1_dropout': 0.1451680358331034, 'L1_out_dim': 80, 'L2_hidden_dim': 176, 'L2_layers_atom': 1, 'L2_layers_mol': 4, 'L2_out_dim': 112, 'L2_dropout': 0.010035422871767542, 'L3_hidden_dim': 48, 'L3_layers_atom': 4, 'L3_layers_mol': 1, 'L3_out_dim': 112, 'L3_dropout': 0.06464062175205842, 'n_mlp_layers': 3, 'mlp_dim_0': 504, 'mlp_dim_1': 432, 'mlp_dim_2': 472, 'num_heads': 2, 'final_dropout': 0.08091032329924225, 'train_learning_rate': 0.0002507044099925811, 'train_lr_reduce': 0.6}. Best is trial 2183 with value: 0.009310361929237843.
[I 2024-12-26 21:37:13,902] Trial 2391 finished with value: 0.07320873439311981 and parameters: {'L1_hidden_dim': 144, 'L1_layers_atom': 1, 'L1_layers_mol': 1, 'L1_dropout': 0.16989751745142245, 'L1_out_dim': 64, 'L2_hidden_dim': 256, 'L2_layers_atom': 1, 'L2_layers_mol': 2, 'L2_out_dim': 48, 'L2_dropout': 0.28061571408695174, 'L3_hidden_dim': 32, 'L3_layers_atom': 3, 'L3_layers_mol': 1, 'L3_out_dim': 112, 'L3_dropout': 0.23143804830729534, 'n_mlp_layers': 1, 'mlp_dim_0': 416, 'num_heads': 2, 'final_dropout': 0.17475610807210798, 'train_learning_rate': 0.00742130453827591, 'train_lr_reduce': 0.6}. Best is trial 2183 with value: 0.009310361929237843.
[I 2024-12-26 21:38:31,328] Trial 2393 finished with value: 0.026714524254202843 and parameters: {'L1_hidden_dim': 80, 'L1_layers_atom': 1, 'L1_layers_mol': 2, 'L1_dropout': 0.2462448821709042, 'L1_out_dim': 112, 'L2_hidden_dim': 112, 'L2_layers_atom': 1, 'L2_layers_mol': 2, 'L2_out_dim': 128, 'L2_dropout': 0.05565727145749597, 'L3_hidden_dim': 80, 'L3_layers_atom': 4, 'L3_layers_mol': 1, 'L3_out_dim': 112, 'L3_dropout': 0.13256685282690897, 'n_mlp_layers': 3, 'mlp_dim_0': 432, 'mlp_dim_1': 472, 'mlp_dim_2': 512, 'num_heads': 1, 'final_dropout': 0.11357091295848219, 'train_learning_rate': 0.00021497648674994826, 'train_lr_reduce': 0.6}. Best is trial 2183 with value: 0.009310361929237843.
[I 2024-12-26 21:40:04,266] Trial 2394 finished with value: 0.011698526330292225 and parameters: {'L1_hidden_dim': 176, 'L1_layers_atom': 2, 'L1_layers_mol': 1, 'L1_dropout': 0.21702692512249838, 'L1_out_dim': 48, 'L2_hidden_dim': 224, 'L2_layers_atom': 1, 'L2_layers_mol': 4, 'L2_out_dim': 64, 'L2_dropout': 0.015346132466037221, 'L3_hidden_dim': 48, 'L3_layers_atom': 2, 'L3_layers_mol': 4, 'L3_out_dim': 96, 'L3_dropout': 0.08069714158480083, 'n_mlp_layers': 3, 'mlp_dim_0': 496, 'mlp_dim_1': 240, 'mlp_dim_2': 400, 'num_heads': 2, 'final_dropout': 0.02696491702806421, 'train_learning_rate': 0.00016140969554116565, 'train_lr_reduce': 0.6}. Best is trial 2183 with value: 0.009310361929237843.
[I 2024-12-26 21:40:25,853] Trial 2392 finished with value: 0.022686567157506943 and parameters: {'L1_hidden_dim': 256, 'L1_layers_atom': 4, 'L1_layers_mol': 3, 'L1_dropout': 0.25767460274912285, 'L1_out_dim': 48, 'L2_hidden_dim': 160, 'L2_layers_atom': 2, 'L2_layers_mol': 2, 'L2_out_dim': 64, 'L2_dropout': 0.03812542899372191, 'L3_hidden_dim': 80, 'L3_layers_atom': 1, 'L3_layers_mol': 4, 'L3_out_dim': 96, 'L3_dropout': 0.2955117345363193, 'n_mlp_layers': 1, 'mlp_dim_0': 176, 'num_heads': 2, 'final_dropout': 0.26074543729203614, 'train_learning_rate': 0.002353180565132437, 'train_lr_reduce': 0.6}. Best is trial 2183 with value: 0.009310361929237843.
[I 2024-12-26 21:40:49,150] Trial 2395 finished with value: 0.019870605319738388 and parameters: {'L1_hidden_dim': 208, 'L1_layers_atom': 2, 'L1_layers_mol': 3, 'L1_dropout': 0.0018528354647364131, 'L1_out_dim': 48, 'L2_hidden_dim': 64, 'L2_layers_atom': 2, 'L2_layers_mol': 2, 'L2_out_dim': 80, 'L2_dropout': 0.16580366234872448, 'L3_hidden_dim': 112, 'L3_layers_atom': 4, 'L3_layers_mol': 1, 'L3_out_dim': 48, 'L3_dropout': 0.17939670369297822, 'n_mlp_layers': 2, 'mlp_dim_0': 112, 'mlp_dim_1': 360, 'num_heads': 1, 'final_dropout': 0.07431388220417084, 'train_learning_rate': 0.007953859104357757, 'train_lr_reduce': 0.6}. Best is trial 2183 with value: 0.009310361929237843.
[I 2024-12-26 21:43:07,702] Trial 2396 finished with value: 0.016987940296530724 and parameters: {'L1_hidden_dim': 96, 'L1_layers_atom': 1, 'L1_layers_mol': 3, 'L1_dropout': 0.0965452695640752, 'L1_out_dim': 64, 'L2_hidden_dim': 96, 'L2_layers_atom': 2, 'L2_layers_mol': 2, 'L2_out_dim': 128, 'L2_dropout': 0.0826767297324166, 'L3_hidden_dim': 80, 'L3_layers_atom': 4, 'L3_layers_mol': 1, 'L3_out_dim': 80, 'L3_dropout': 0.11621554983670712, 'n_mlp_layers': 3, 'mlp_dim_0': 296, 'mlp_dim_1': 280, 'mlp_dim_2': 432, 'num_heads': 2, 'final_dropout': 0.03370945821730185, 'train_learning_rate': 0.0004204384013830097, 'train_lr_reduce': 0.6}. Best is trial 2183 with value: 0.009310361929237843.
[I 2024-12-26 21:43:09,186] Trial 2398 finished with value: 0.016830267384648323 and parameters: {'L1_hidden_dim': 80, 'L1_layers_atom': 2, 'L1_layers_mol': 4, 'L1_dropout': 0.09718567969032164, 'L1_out_dim': 64, 'L2_hidden_dim': 128, 'L2_layers_atom': 4, 'L2_layers_mol': 3, 'L2_out_dim': 48, 'L2_dropout': 0.12937298814838566, 'L3_hidden_dim': 64, 'L3_layers_atom': 4, 'L3_layers_mol': 4, 'L3_out_dim': 64, 'L3_dropout': 0.19533921398480764, 'n_mlp_layers': 1, 'mlp_dim_0': 96, 'num_heads': 2, 'final_dropout': 0.11139402091618772, 'train_learning_rate': 0.0016175731745875833, 'train_lr_reduce': 0.6}. Best is trial 2183 with value: 0.009310361929237843.
[I 2024-12-26 21:43:14,663] Trial 2397 finished with value: 0.011649650521576405 and parameters: {'L1_hidden_dim': 80, 'L1_layers_atom': 4, 'L1_layers_mol': 1, 'L1_dropout': 0.004769168284886623, 'L1_out_dim': 64, 'L2_hidden_dim': 160, 'L2_layers_atom': 1, 'L2_layers_mol': 2, 'L2_out_dim': 48, 'L2_dropout': 0.006428165012943812, 'L3_hidden_dim': 48, 'L3_layers_atom': 1, 'L3_layers_mol': 1, 'L3_out_dim': 48, 'L3_dropout': 0.29184314578394205, 'n_mlp_layers': 3, 'mlp_dim_0': 384, 'mlp_dim_1': 400, 'mlp_dim_2': 456, 'num_heads': 2, 'final_dropout': 0.2867261632974341, 'train_learning_rate': 0.0015890570317854136, 'train_lr_reduce': 0.6}. Best is trial 2183 with value: 0.009310361929237843.
[I 2024-12-26 21:45:05,982] Trial 2399 finished with value: 0.029726849868893623 and parameters: {'L1_hidden_dim': 160, 'L1_layers_atom': 2, 'L1_layers_mol': 1, 'L1_dropout': 0.09895373932007706, 'L1_out_dim': 80, 'L2_hidden_dim': 96, 'L2_layers_atom': 4, 'L2_layers_mol': 2, 'L2_out_dim': 64, 'L2_dropout': 0.2677868895282163, 'L3_hidden_dim': 112, 'L3_layers_atom': 4, 'L3_layers_mol': 1, 'L3_out_dim': 112, 'L3_dropout': 0.19567533023181602, 'n_mlp_layers': 2, 'mlp_dim_0': 512, 'mlp_dim_1': 480, 'num_heads': 1, 'final_dropout': 0.025723990542351957, 'train_learning_rate': 0.009221880437536264, 'train_lr_reduce': 0.6}. Best is trial 2183 with value: 0.009310361929237843.
[I 2024-12-26 21:45:41,662] Trial 2400 finished with value: 0.02963903918862343 and parameters: {'L1_hidden_dim': 80, 'L1_layers_atom': 1, 'L1_layers_mol': 2, 'L1_dropout': 0.09390575790678836, 'L1_out_dim': 96, 'L2_hidden_dim': 240, 'L2_layers_atom': 2, 'L2_layers_mol': 4, 'L2_out_dim': 48, 'L2_dropout': 0.14910193854838563, 'L3_hidden_dim': 64, 'L3_layers_atom': 3, 'L3_layers_mol': 4, 'L3_out_dim': 96, 'L3_dropout': 0.14978785011729193, 'n_mlp_layers': 1, 'mlp_dim_0': 344, 'num_heads': 2, 'final_dropout': 0.2832423682958902, 'train_learning_rate': 0.001036985916567426, 'train_lr_reduce': 0.6}. Best is trial 2183 with value: 0.009310361929237843.
[I 2024-12-26 21:45:46,919] Trial 2401 finished with value: 0.01099382434040308 and parameters: {'L1_hidden_dim': 112, 'L1_layers_atom': 1, 'L1_layers_mol': 2, 'L1_dropout': 0.06763389819934229, 'L1_out_dim': 80, 'L2_hidden_dim': 240, 'L2_layers_atom': 1, 'L2_layers_mol': 4, 'L2_out_dim': 128, 'L2_dropout': 0.02288314481290471, 'L3_hidden_dim': 96, 'L3_layers_atom': 4, 'L3_layers_mol': 1, 'L3_out_dim': 112, 'L3_dropout': 0.0972231742527668, 'n_mlp_layers': 3, 'mlp_dim_0': 464, 'mlp_dim_1': 512, 'mlp_dim_2': 376, 'num_heads': 2, 'final_dropout': 0.14530112551532842, 'train_learning_rate': 0.0006110009473694298, 'train_lr_reduce': 0.6}. Best is trial 2183 with value: 0.009310361929237843.
[I 2024-12-26 21:48:16,228] Trial 2402 finished with value: 0.016973085701465607 and parameters: {'L1_hidden_dim': 144, 'L1_layers_atom': 1, 'L1_layers_mol': 2, 'L1_dropout': 0.14030777302537895, 'L1_out_dim': 80, 'L2_hidden_dim': 128, 'L2_layers_atom': 1, 'L2_layers_mol': 2, 'L2_out_dim': 112, 'L2_dropout': 0.05999273305825408, 'L3_hidden_dim': 112, 'L3_layers_atom': 4, 'L3_layers_mol': 1, 'L3_out_dim': 128, 'L3_dropout': 0.04294285069837249, 'n_mlp_layers': 3, 'mlp_dim_0': 360, 'mlp_dim_1': 320, 'mlp_dim_2': 512, 'num_heads': 2, 'final_dropout': 0.030941100438521746, 'train_learning_rate': 0.00016903600444627686, 'train_lr_reduce': 0.6}. Best is trial 2183 with value: 0.009310361929237843.
[I 2024-12-26 21:48:38,060] Trial 2403 finished with value: 0.09876161068677902 and parameters: {'L1_hidden_dim': 160, 'L1_layers_atom': 4, 'L1_layers_mol': 3, 'L1_dropout': 0.11582070363995181, 'L1_out_dim': 128, 'L2_hidden_dim': 112, 'L2_layers_atom': 4, 'L2_layers_mol': 3, 'L2_out_dim': 48, 'L2_dropout': 0.11494004096105964, 'L3_hidden_dim': 32, 'L3_layers_atom': 3, 'L3_layers_mol': 4, 'L3_out_dim': 32, 'L3_dropout': 0.07298187458568686, 'n_mlp_layers': 3, 'mlp_dim_0': 408, 'mlp_dim_1': 240, 'mlp_dim_2': 440, 'num_heads': 2, 'final_dropout': 0.056137932041814914, 'train_learning_rate': 0.00015699755259728784, 'train_lr_reduce': 0.6}. Best is trial 2183 with value: 0.009310361929237843.
[I 2024-12-26 21:50:03,750] Trial 2404 finished with value: 0.011230941861867905 and parameters: {'L1_hidden_dim': 160, 'L1_layers_atom': 3, 'L1_layers_mol': 4, 'L1_dropout': 0.02210523913375772, 'L1_out_dim': 96, 'L2_hidden_dim': 240, 'L2_layers_atom': 1, 'L2_layers_mol': 4, 'L2_out_dim': 112, 'L2_dropout': 0.01989824704100382, 'L3_hidden_dim': 32, 'L3_layers_atom': 4, 'L3_layers_mol': 2, 'L3_out_dim': 112, 'L3_dropout': 0.11867729479616117, 'n_mlp_layers': 3, 'mlp_dim_0': 176, 'mlp_dim_1': 440, 'mlp_dim_2': 480, 'num_heads': 2, 'final_dropout': 0.25167114628488213, 'train_learning_rate': 0.0003799388978972234, 'train_lr_reduce': 0.6}. Best is trial 2183 with value: 0.009310361929237843.
[I 2024-12-26 21:50:04,510] Trial 2406 finished with value: 0.03291471302509308 and parameters: {'L1_hidden_dim': 160, 'L1_layers_atom': 4, 'L1_layers_mol': 1, 'L1_dropout': 0.050889122384667244, 'L1_out_dim': 32, 'L2_hidden_dim': 240, 'L2_layers_atom': 1, 'L2_layers_mol': 1, 'L2_out_dim': 128, 'L2_dropout': 0.03999321164677979, 'L3_hidden_dim': 48, 'L3_layers_atom': 3, 'L3_layers_mol': 4, 'L3_out_dim': 96, 'L3_dropout': 0.04942365688007539, 'n_mlp_layers': 2, 'mlp_dim_0': 304, 'mlp_dim_1': 280, 'num_heads': 1, 'final_dropout': 0.2028307052770868, 'train_learning_rate': 0.00211899925139085, 'train_lr_reduce': 0.6}. Best is trial 2183 with value: 0.009310361929237843.
[I 2024-12-26 21:50:26,704] Trial 2405 finished with value: 0.03611864522099495 and parameters: {'L1_hidden_dim': 240, 'L1_layers_atom': 3, 'L1_layers_mol': 2, 'L1_dropout': 0.2855617082651445, 'L1_out_dim': 80, 'L2_hidden_dim': 176, 'L2_layers_atom': 1, 'L2_layers_mol': 1, 'L2_out_dim': 128, 'L2_dropout': 0.010519420316608019, 'L3_hidden_dim': 128, 'L3_layers_atom': 2, 'L3_layers_mol': 3, 'L3_out_dim': 32, 'L3_dropout': 0.004682861481985656, 'n_mlp_layers': 1, 'mlp_dim_0': 56, 'num_heads': 1, 'final_dropout': 0.2781700713843803, 'train_learning_rate': 0.006341370147203056, 'train_lr_reduce': 0.6}. Best is trial 2183 with value: 0.009310361929237843.
[I 2024-12-26 21:50:52,768] Trial 2408 finished with value: 0.43618887662887573 and parameters: {'L1_hidden_dim': 112, 'L1_layers_atom': 1, 'L1_layers_mol': 2, 'L1_dropout': 0.013895251480443183, 'L1_out_dim': 80, 'L2_hidden_dim': 208, 'L2_layers_atom': 4, 'L2_layers_mol': 4, 'L2_out_dim': 32, 'L2_dropout': 0.07612096490123806, 'L3_hidden_dim': 48, 'L3_layers_atom': 2, 'L3_layers_mol': 4, 'L3_out_dim': 64, 'L3_dropout': 0.17815651212521177, 'n_mlp_layers': 2, 'mlp_dim_0': 488, 'mlp_dim_1': 336, 'num_heads': 1, 'final_dropout': 0.21783047649563508, 'train_learning_rate': 0.00368094469821185, 'train_lr_reduce': 0.6}. Best is trial 2183 with value: 0.009310361929237843.
[I 2024-12-26 21:52:20,898] Trial 2409 finished with value: 0.053126100450754166 and parameters: {'L1_hidden_dim': 112, 'L1_layers_atom': 4, 'L1_layers_mol': 2, 'L1_dropout': 0.1607424535481448, 'L1_out_dim': 96, 'L2_hidden_dim': 224, 'L2_layers_atom': 4, 'L2_layers_mol': 4, 'L2_out_dim': 96, 'L2_dropout': 0.29250564600254686, 'L3_hidden_dim': 96, 'L3_layers_atom': 3, 'L3_layers_mol': 1, 'L3_out_dim': 128, 'L3_dropout': 0.003069964384195545, 'n_mlp_layers': 2, 'mlp_dim_0': 408, 'mlp_dim_1': 216, 'num_heads': 1, 'final_dropout': 0.20186479477913966, 'train_learning_rate': 0.0009251145739282285, 'train_lr_reduce': 0.6}. Best is trial 2183 with value: 0.009310361929237843.
[I 2024-12-26 21:52:24,138] Trial 2407 finished with value: 0.014953574165701866 and parameters: {'L1_hidden_dim': 112, 'L1_layers_atom': 2, 'L1_layers_mol': 1, 'L1_dropout': 0.037355731915472715, 'L1_out_dim': 128, 'L2_hidden_dim': 192, 'L2_layers_atom': 1, 'L2_layers_mol': 4, 'L2_out_dim': 96, 'L2_dropout': 0.12171291644029542, 'L3_hidden_dim': 96, 'L3_layers_atom': 4, 'L3_layers_mol': 1, 'L3_out_dim': 64, 'L3_dropout': 0.1076837845170902, 'n_mlp_layers': 3, 'mlp_dim_0': 496, 'mlp_dim_1': 176, 'mlp_dim_2': 400, 'num_heads': 2, 'final_dropout': 0.09357004294982195, 'train_learning_rate': 0.0019231963360889781, 'train_lr_reduce': 0.6}. Best is trial 2183 with value: 0.009310361929237843.
[I 2024-12-26 21:52:47,481] Trial 2410 finished with value: 0.013773862272500992 and parameters: {'L1_hidden_dim': 112, 'L1_layers_atom': 3, 'L1_layers_mol': 2, 'L1_dropout': 0.08328094355087222, 'L1_out_dim': 64, 'L2_hidden_dim': 208, 'L2_layers_atom': 1, 'L2_layers_mol': 4, 'L2_out_dim': 128, 'L2_dropout': 0.07355905435777302, 'L3_hidden_dim': 96, 'L3_layers_atom': 4, 'L3_layers_mol': 1, 'L3_out_dim': 112, 'L3_dropout': 0.12028983671145757, 'n_mlp_layers': 3, 'mlp_dim_0': 464, 'mlp_dim_1': 392, 'mlp_dim_2': 336, 'num_heads': 2, 'final_dropout': 0.09095525843577631, 'train_learning_rate': 0.0010440372902642743, 'train_lr_reduce': 0.6}. Best is trial 2183 with value: 0.009310361929237843.
[I 2024-12-26 21:54:55,632] Trial 2411 finished with value: 0.015005822293460369 and parameters: {'L1_hidden_dim': 96, 'L1_layers_atom': 2, 'L1_layers_mol': 2, 'L1_dropout': 0.00012761246690645364, 'L1_out_dim': 80, 'L2_hidden_dim': 176, 'L2_layers_atom': 1, 'L2_layers_mol': 3, 'L2_out_dim': 64, 'L2_dropout': 0.08956670498412461, 'L3_hidden_dim': 48, 'L3_layers_atom': 3, 'L3_layers_mol': 1, 'L3_out_dim': 128, 'L3_dropout': 0.004757102266010373, 'n_mlp_layers': 2, 'mlp_dim_0': 504, 'mlp_dim_1': 432, 'num_heads': 2, 'final_dropout': 0.08461255596440481, 'train_learning_rate': 0.0002995957909643189, 'train_lr_reduce': 0.6}. Best is trial 2183 with value: 0.009310361929237843.
[I 2024-12-26 21:55:45,142] Trial 2412 finished with value: 0.02197989821434021 and parameters: {'L1_hidden_dim': 240, 'L1_layers_atom': 4, 'L1_layers_mol': 3, 'L1_dropout': 0.052225527472044286, 'L1_out_dim': 96, 'L2_hidden_dim': 64, 'L2_layers_atom': 3, 'L2_layers_mol': 2, 'L2_out_dim': 64, 'L2_dropout': 0.10526775446582687, 'L3_hidden_dim': 32, 'L3_layers_atom': 2, 'L3_layers_mol': 2, 'L3_out_dim': 96, 'L3_dropout': 0.20769526087053855, 'n_mlp_layers': 1, 'mlp_dim_0': 456, 'num_heads': 2, 'final_dropout': 0.257702175324547, 'train_learning_rate': 0.00764603976455561, 'train_lr_reduce': 0.6}. Best is trial 2183 with value: 0.009310361929237843.
[I 2024-12-26 21:55:47,299] Trial 2413 finished with value: 0.016495000571012497 and parameters: {'L1_hidden_dim': 256, 'L1_layers_atom': 1, 'L1_layers_mol': 3, 'L1_dropout': 0.22139278221490247, 'L1_out_dim': 48, 'L2_hidden_dim': 256, 'L2_layers_atom': 4, 'L2_layers_mol': 2, 'L2_out_dim': 96, 'L2_dropout': 0.005117066173557894, 'L3_hidden_dim': 128, 'L3_layers_atom': 4, 'L3_layers_mol': 2, 'L3_out_dim': 64, 'L3_dropout': 0.13009453152774209, 'n_mlp_layers': 3, 'mlp_dim_0': 328, 'mlp_dim_1': 280, 'mlp_dim_2': 440, 'num_heads': 2, 'final_dropout': 0.07187253280847652, 'train_learning_rate': 0.0019808696062276086, 'train_lr_reduce': 0.6}. Best is trial 2183 with value: 0.009310361929237843.
[I 2024-12-26 21:57:19,516] Trial 2414 finished with value: 0.013778505846858025 and parameters: {'L1_hidden_dim': 128, 'L1_layers_atom': 2, 'L1_layers_mol': 2, 'L1_dropout': 0.01761971605171412, 'L1_out_dim': 96, 'L2_hidden_dim': 240, 'L2_layers_atom': 1, 'L2_layers_mol': 4, 'L2_out_dim': 112, 'L2_dropout': 0.013322775433414698, 'L3_hidden_dim': 96, 'L3_layers_atom': 2, 'L3_layers_mol': 2, 'L3_out_dim': 128, 'L3_dropout': 0.06267380520637118, 'n_mlp_layers': 2, 'mlp_dim_0': 456, 'mlp_dim_1': 344, 'num_heads': 2, 'final_dropout': 0.11848214721797001, 'train_learning_rate': 0.0015714868330148292, 'train_lr_reduce': 0.6}. Best is trial 2183 with value: 0.009310361929237843.
[I 2024-12-26 21:58:20,071] Trial 2416 finished with value: 0.034147556871175766 and parameters: {'L1_hidden_dim': 192, 'L1_layers_atom': 2, 'L1_layers_mol': 3, 'L1_dropout': 0.2461323392669193, 'L1_out_dim': 96, 'L2_hidden_dim': 112, 'L2_layers_atom': 2, 'L2_layers_mol': 3, 'L2_out_dim': 80, 'L2_dropout': 0.2353438398447167, 'L3_hidden_dim': 48, 'L3_layers_atom': 1, 'L3_layers_mol': 2, 'L3_out_dim': 32, 'L3_dropout': 0.10941556214601883, 'n_mlp_layers': 2, 'mlp_dim_0': 288, 'mlp_dim_1': 248, 'num_heads': 2, 'final_dropout': 0.28078103995114695, 'train_learning_rate': 0.007962871084351376, 'train_lr_reduce': 0.6}. Best is trial 2183 with value: 0.009310361929237843.
[I 2024-12-26 21:58:37,388] Trial 2415 finished with value: 0.015249378979206085 and parameters: {'L1_hidden_dim': 224, 'L1_layers_atom': 2, 'L1_layers_mol': 1, 'L1_dropout': 0.013261820516653585, 'L1_out_dim': 32, 'L2_hidden_dim': 240, 'L2_layers_atom': 1, 'L2_layers_mol': 3, 'L2_out_dim': 128, 'L2_dropout': 0.08405924756297417, 'L3_hidden_dim': 32, 'L3_layers_atom': 2, 'L3_layers_mol': 2, 'L3_out_dim': 80, 'L3_dropout': 0.08884351375397609, 'n_mlp_layers': 3, 'mlp_dim_0': 424, 'mlp_dim_1': 472, 'mlp_dim_2': 480, 'num_heads': 2, 'final_dropout': 0.13992415193929447, 'train_learning_rate': 0.000146890102768355, 'train_lr_reduce': 0.6}. Best is trial 2183 with value: 0.009310361929237843.
