[I 2024-12-26 20:14:24,032] Trial 2291 finished with value: 0.02016802877187729 and parameters: {'L1_hidden_dim': 64, 'L1_layers_atom': 3, 'L1_layers_mol': 4, 'L1_dropout': 0.022557608481045932, 'L1_out_dim': 48, 'L2_hidden_dim': 256, 'L2_layers_atom': 4, 'L2_layers_mol': 2, 'L2_out_dim': 64, 'L2_dropout': 0.23346117379507814, 'L3_hidden_dim': 128, 'L3_layers_atom': 4, 'L3_layers_mol': 1, 'L3_out_dim': 112, 'L3_dropout': 0.2907495193063165, 'n_mlp_layers': 1, 'mlp_dim_0': 312, 'num_heads': 1, 'final_dropout': 0.25966805608970556, 'train_learning_rate': 0.008995240307347135, 'train_lr_reduce': 0.6}. Best is trial 2183 with value: 0.009310361929237843.
[I 2024-12-26 20:15:07,617] Trial 2293 finished with value: 0.011468500830233097 and parameters: {'L1_hidden_dim': 80, 'L1_layers_atom': 1, 'L1_layers_mol': 4, 'L1_dropout': 0.1573058383074835, 'L1_out_dim': 128, 'L2_hidden_dim': 176, 'L2_layers_atom': 1, 'L2_layers_mol': 1, 'L2_out_dim': 128, 'L2_dropout': 0.041315693732408794, 'L3_hidden_dim': 64, 'L3_layers_atom': 3, 'L3_layers_mol': 1, 'L3_out_dim': 80, 'L3_dropout': 0.12047414553802757, 'n_mlp_layers': 3, 'mlp_dim_0': 480, 'mlp_dim_1': 304, 'mlp_dim_2': 392, 'num_heads': 1, 'final_dropout': 0.15034851505132668, 'train_learning_rate': 0.001102571962867107, 'train_lr_reduce': 0.6}. Best is trial 2183 with value: 0.009310361929237843.
[I 2024-12-26 20:15:14,153] Trial 2292 finished with value: 0.020551294088363647 and parameters: {'L1_hidden_dim': 64, 'L1_layers_atom': 4, 'L1_layers_mol': 2, 'L1_dropout': 0.041257614011378306, 'L1_out_dim': 32, 'L2_hidden_dim': 192, 'L2_layers_atom': 1, 'L2_layers_mol': 4, 'L2_out_dim': 128, 'L2_dropout': 0.003435037790790761, 'L3_hidden_dim': 80, 'L3_layers_atom': 3, 'L3_layers_mol': 1, 'L3_out_dim': 128, 'L3_dropout': 0.010435769552505258, 'n_mlp_layers': 3, 'mlp_dim_0': 496, 'mlp_dim_1': 256, 'mlp_dim_2': 328, 'num_heads': 2, 'final_dropout': 0.03001031746144736, 'train_learning_rate': 0.002608757120041854, 'train_lr_reduce': 0.6}. Best is trial 2183 with value: 0.009310361929237843.
[I 2024-12-26 20:17:12,647] Trial 2295 finished with value: 0.11577358841896057 and parameters: {'L1_hidden_dim': 208, 'L1_layers_atom': 4, 'L1_layers_mol': 4, 'L1_dropout': 0.29995785755576154, 'L1_out_dim': 64, 'L2_hidden_dim': 112, 'L2_layers_atom': 4, 'L2_layers_mol': 2, 'L2_out_dim': 128, 'L2_dropout': 0.2896454253646026, 'L3_hidden_dim': 64, 'L3_layers_atom': 3, 'L3_layers_mol': 3, 'L3_out_dim': 96, 'L3_dropout': 0.22063261765852266, 'n_mlp_layers': 2, 'mlp_dim_0': 448, 'mlp_dim_1': 208, 'num_heads': 2, 'final_dropout': 0.2603474670116288, 'train_learning_rate': 0.00043934672784843735, 'train_lr_reduce': 0.6}. Best is trial 2183 with value: 0.009310361929237843.
[I 2024-12-26 20:17:47,818] Trial 2294 finished with value: 0.013946125283837318 and parameters: {'L1_hidden_dim': 96, 'L1_layers_atom': 4, 'L1_layers_mol': 1, 'L1_dropout': 0.007038660420760397, 'L1_out_dim': 64, 'L2_hidden_dim': 208, 'L2_layers_atom': 1, 'L2_layers_mol': 2, 'L2_out_dim': 48, 'L2_dropout': 0.08485160031479883, 'L3_hidden_dim': 80, 'L3_layers_atom': 2, 'L3_layers_mol': 1, 'L3_out_dim': 48, 'L3_dropout': 0.29939315747945316, 'n_mlp_layers': 3, 'mlp_dim_0': 472, 'mlp_dim_1': 360, 'mlp_dim_2': 512, 'num_heads': 2, 'final_dropout': 0.17880827604365923, 'train_learning_rate': 0.00023976528227344902, 'train_lr_reduce': 0.6}. Best is trial 2183 with value: 0.009310361929237843.
[I 2024-12-26 20:19:06,634] Trial 2296 finished with value: 0.015117183327674866 and parameters: {'L1_hidden_dim': 224, 'L1_layers_atom': 3, 'L1_layers_mol': 4, 'L1_dropout': 0.05718462568567606, 'L1_out_dim': 64, 'L2_hidden_dim': 96, 'L2_layers_atom': 4, 'L2_layers_mol': 4, 'L2_out_dim': 96, 'L2_dropout': 0.15902705863461014, 'L3_hidden_dim': 112, 'L3_layers_atom': 1, 'L3_layers_mol': 2, 'L3_out_dim': 128, 'L3_dropout': 0.259251595811059, 'n_mlp_layers': 2, 'mlp_dim_0': 80, 'mlp_dim_1': 448, 'num_heads': 2, 'final_dropout': 0.0005036054589872552, 'train_learning_rate': 0.0035557107105083584, 'train_lr_reduce': 0.6}. Best is trial 2183 with value: 0.009310361929237843.
[I 2024-12-26 20:19:24,588] Trial 2297 finished with value: 0.011991000734269619 and parameters: {'L1_hidden_dim': 144, 'L1_layers_atom': 2, 'L1_layers_mol': 2, 'L1_dropout': 0.10676687358722613, 'L1_out_dim': 64, 'L2_hidden_dim': 256, 'L2_layers_atom': 1, 'L2_layers_mol': 3, 'L2_out_dim': 128, 'L2_dropout': 0.060250394493485994, 'L3_hidden_dim': 96, 'L3_layers_atom': 4, 'L3_layers_mol': 2, 'L3_out_dim': 112, 'L3_dropout': 0.10880684554767081, 'n_mlp_layers': 3, 'mlp_dim_0': 512, 'mlp_dim_1': 400, 'mlp_dim_2': 448, 'num_heads': 2, 'final_dropout': 0.10802835312906058, 'train_learning_rate': 0.00037385988378960366, 'train_lr_reduce': 0.6}. Best is trial 2183 with value: 0.009310361929237843.
[I 2024-12-26 20:20:03,368] Trial 2298 finished with value: 0.01097827684134245 and parameters: {'L1_hidden_dim': 80, 'L1_layers_atom': 1, 'L1_layers_mol': 1, 'L1_dropout': 0.24171068729378448, 'L1_out_dim': 128, 'L2_hidden_dim': 208, 'L2_layers_atom': 1, 'L2_layers_mol': 2, 'L2_out_dim': 128, 'L2_dropout': 0.003149348477168388, 'L3_hidden_dim': 96, 'L3_layers_atom': 4, 'L3_layers_mol': 1, 'L3_out_dim': 96, 'L3_dropout': 0.07414682308939984, 'n_mlp_layers': 3, 'mlp_dim_0': 504, 'mlp_dim_1': 264, 'mlp_dim_2': 400, 'num_heads': 1, 'final_dropout': 0.09987356106650466, 'train_learning_rate': 0.0009298310338181655, 'train_lr_reduce': 0.6}. Best is trial 2183 with value: 0.009310361929237843.
[I 2024-12-26 20:20:52,808] Trial 2299 finished with value: 0.02984938956797123 and parameters: {'L1_hidden_dim': 96, 'L1_layers_atom': 3, 'L1_layers_mol': 1, 'L1_dropout': 0.29846358696333425, 'L1_out_dim': 128, 'L2_hidden_dim': 64, 'L2_layers_atom': 4, 'L2_layers_mol': 1, 'L2_out_dim': 48, 'L2_dropout': 0.14184898532236484, 'L3_hidden_dim': 32, 'L3_layers_atom': 1, 'L3_layers_mol': 4, 'L3_out_dim': 80, 'L3_dropout': 0.059607270938945786, 'n_mlp_layers': 1, 'mlp_dim_0': 136, 'num_heads': 1, 'final_dropout': 0.22326361381164084, 'train_learning_rate': 0.007294544247153965, 'train_lr_reduce': 0.6}. Best is trial 2183 with value: 0.009310361929237843.
[I 2024-12-26 20:22:04,136] Trial 2300 finished with value: 0.010515152476727962 and parameters: {'L1_hidden_dim': 96, 'L1_layers_atom': 1, 'L1_layers_mol': 2, 'L1_dropout': 0.1584123820300109, 'L1_out_dim': 64, 'L2_hidden_dim': 176, 'L2_layers_atom': 1, 'L2_layers_mol': 3, 'L2_out_dim': 112, 'L2_dropout': 0.009952889972943293, 'L3_hidden_dim': 80, 'L3_layers_atom': 4, 'L3_layers_mol': 2, 'L3_out_dim': 128, 'L3_dropout': 0.011164234591844707, 'n_mlp_layers': 3, 'mlp_dim_0': 432, 'mlp_dim_1': 328, 'mlp_dim_2': 472, 'num_heads': 1, 'final_dropout': 0.021111770399359055, 'train_learning_rate': 0.0009043813937042967, 'train_lr_reduce': 0.6}. Best is trial 2183 with value: 0.009310361929237843.
[I 2024-12-26 20:22:17,090] Trial 2301 finished with value: 0.011553767137229443 and parameters: {'L1_hidden_dim': 144, 'L1_layers_atom': 1, 'L1_layers_mol': 1, 'L1_dropout': 0.16387157873539596, 'L1_out_dim': 96, 'L2_hidden_dim': 144, 'L2_layers_atom': 1, 'L2_layers_mol': 2, 'L2_out_dim': 96, 'L2_dropout': 0.04669312632391236, 'L3_hidden_dim': 80, 'L3_layers_atom': 4, 'L3_layers_mol': 1, 'L3_out_dim': 128, 'L3_dropout': 0.091717188792419, 'n_mlp_layers': 3, 'mlp_dim_0': 504, 'mlp_dim_1': 480, 'mlp_dim_2': 408, 'num_heads': 1, 'final_dropout': 0.06840725505516766, 'train_learning_rate': 0.0004580028416021862, 'train_lr_reduce': 0.6}. Best is trial 2183 with value: 0.009310361929237843.
[I 2024-12-26 20:24:25,289] Trial 2302 finished with value: 0.03824891149997711 and parameters: {'L1_hidden_dim': 80, 'L1_layers_atom': 4, 'L1_layers_mol': 4, 'L1_dropout': 0.19292282409795083, 'L1_out_dim': 48, 'L2_hidden_dim': 96, 'L2_layers_atom': 1, 'L2_layers_mol': 4, 'L2_out_dim': 80, 'L2_dropout': 0.013826226703225697, 'L3_hidden_dim': 96, 'L3_layers_atom': 1, 'L3_layers_mol': 3, 'L3_out_dim': 48, 'L3_dropout': 0.02460596556533498, 'n_mlp_layers': 3, 'mlp_dim_0': 144, 'mlp_dim_1': 296, 'mlp_dim_2': 472, 'num_heads': 1, 'final_dropout': 0.08144470287765888, 'train_learning_rate': 0.00018027094950817324, 'train_lr_reduce': 0.6}. Best is trial 2183 with value: 0.009310361929237843.
[I 2024-12-26 20:24:38,380] Trial 2303 finished with value: 0.011978201568126678 and parameters: {'L1_hidden_dim': 240, 'L1_layers_atom': 1, 'L1_layers_mol': 3, 'L1_dropout': 0.04354827255119327, 'L1_out_dim': 80, 'L2_hidden_dim': 192, 'L2_layers_atom': 2, 'L2_layers_mol': 2, 'L2_out_dim': 80, 'L2_dropout': 0.004195406204285074, 'L3_hidden_dim': 128, 'L3_layers_atom': 1, 'L3_layers_mol': 2, 'L3_out_dim': 48, 'L3_dropout': 0.244149918543403, 'n_mlp_layers': 1, 'mlp_dim_0': 184, 'num_heads': 1, 'final_dropout': 0.07599376257371619, 'train_learning_rate': 0.00015070851630081885, 'train_lr_reduce': 0.6}. Best is trial 2183 with value: 0.009310361929237843.
[I 2024-12-26 20:25:05,894] Trial 2304 finished with value: 0.012890050187706947 and parameters: {'L1_hidden_dim': 192, 'L1_layers_atom': 3, 'L1_layers_mol': 4, 'L1_dropout': 0.04248494417970673, 'L1_out_dim': 80, 'L2_hidden_dim': 128, 'L2_layers_atom': 2, 'L2_layers_mol': 3, 'L2_out_dim': 32, 'L2_dropout': 0.05998469993834184, 'L3_hidden_dim': 64, 'L3_layers_atom': 1, 'L3_layers_mol': 4, 'L3_out_dim': 32, 'L3_dropout': 0.2115393184721353, 'n_mlp_layers': 2, 'mlp_dim_0': 416, 'mlp_dim_1': 432, 'num_heads': 2, 'final_dropout': 0.04474167150448875, 'train_learning_rate': 0.00024585183069875984, 'train_lr_reduce': 0.6}. Best is trial 2183 with value: 0.009310361929237843.
[I 2024-12-26 20:26:25,886] Trial 2306 finished with value: 0.036526527255773544 and parameters: {'L1_hidden_dim': 112, 'L1_layers_atom': 1, 'L1_layers_mol': 1, 'L1_dropout': 0.24223079920931928, 'L1_out_dim': 48, 'L2_hidden_dim': 80, 'L2_layers_atom': 3, 'L2_layers_mol': 1, 'L2_out_dim': 32, 'L2_dropout': 0.11240378097943995, 'L3_hidden_dim': 64, 'L3_layers_atom': 3, 'L3_layers_mol': 2, 'L3_out_dim': 128, 'L3_dropout': 0.2674515665466617, 'n_mlp_layers': 3, 'mlp_dim_0': 256, 'mlp_dim_1': 240, 'mlp_dim_2': 432, 'num_heads': 1, 'final_dropout': 0.06648570488850747, 'train_learning_rate': 0.00013309358013004785, 'train_lr_reduce': 0.6}. Best is trial 2183 with value: 0.009310361929237843.
[I 2024-12-26 20:27:38,254] Trial 2307 finished with value: 0.12864123284816742 and parameters: {'L1_hidden_dim': 80, 'L1_layers_atom': 2, 'L1_layers_mol': 4, 'L1_dropout': 0.15079566021575888, 'L1_out_dim': 112, 'L2_hidden_dim': 144, 'L2_layers_atom': 1, 'L2_layers_mol': 4, 'L2_out_dim': 32, 'L2_dropout': 0.2812418789984308, 'L3_hidden_dim': 64, 'L3_layers_atom': 2, 'L3_layers_mol': 4, 'L3_out_dim': 112, 'L3_dropout': 0.035582417124058546, 'n_mlp_layers': 1, 'mlp_dim_0': 192, 'num_heads': 1, 'final_dropout': 0.17685248137118792, 'train_learning_rate': 0.0005116860647861897, 'train_lr_reduce': 0.6}. Best is trial 2183 with value: 0.009310361929237843.
[I 2024-12-26 20:28:23,142] Trial 2305 finished with value: 0.01619410701096058 and parameters: {'L1_hidden_dim': 64, 'L1_layers_atom': 2, 'L1_layers_mol': 1, 'L1_dropout': 0.07768445900799648, 'L1_out_dim': 80, 'L2_hidden_dim': 96, 'L2_layers_atom': 4, 'L2_layers_mol': 3, 'L2_out_dim': 64, 'L2_dropout': 0.21919741691538078, 'L3_hidden_dim': 128, 'L3_layers_atom': 1, 'L3_layers_mol': 2, 'L3_out_dim': 112, 'L3_dropout': 0.2929957530192539, 'n_mlp_layers': 3, 'mlp_dim_0': 352, 'mlp_dim_1': 368, 'mlp_dim_2': 352, 'num_heads': 2, 'final_dropout': 0.06605569151690106, 'train_learning_rate': 0.00212454263683129, 'train_lr_reduce': 0.6}. Best is trial 2183 with value: 0.009310361929237843.
[I 2024-12-26 20:28:53,522] Trial 2308 finished with value: 0.010980279184877872 and parameters: {'L1_hidden_dim': 208, 'L1_layers_atom': 3, 'L1_layers_mol': 4, 'L1_dropout': 0.00792448155941208, 'L1_out_dim': 64, 'L2_hidden_dim': 256, 'L2_layers_atom': 1, 'L2_layers_mol': 2, 'L2_out_dim': 112, 'L2_dropout': 0.003733083174139888, 'L3_hidden_dim': 112, 'L3_layers_atom': 3, 'L3_layers_mol': 2, 'L3_out_dim': 128, 'L3_dropout': 0.2681766610689986, 'n_mlp_layers': 3, 'mlp_dim_0': 456, 'mlp_dim_1': 208, 'mlp_dim_2': 480, 'num_heads': 1, 'final_dropout': 0.11391652321384485, 'train_learning_rate': 0.00040114338979131486, 'train_lr_reduce': 0.6}. Best is trial 2183 with value: 0.009310361929237843.
[I 2024-12-26 20:30:19,863] Trial 2309 finished with value: 0.012188543565571308 and parameters: {'L1_hidden_dim': 144, 'L1_layers_atom': 2, 'L1_layers_mol': 1, 'L1_dropout': 0.09798900371940293, 'L1_out_dim': 128, 'L2_hidden_dim': 224, 'L2_layers_atom': 1, 'L2_layers_mol': 4, 'L2_out_dim': 96, 'L2_dropout': 0.007781705574153846, 'L3_hidden_dim': 96, 'L3_layers_atom': 4, 'L3_layers_mol': 1, 'L3_out_dim': 128, 'L3_dropout': 0.08135439045568776, 'n_mlp_layers': 2, 'mlp_dim_0': 512, 'mlp_dim_1': 512, 'num_heads': 2, 'final_dropout': 0.003923813263822138, 'train_learning_rate': 0.0005821209775810405, 'train_lr_reduce': 0.6}. Best is trial 2183 with value: 0.009310361929237843.
[I 2024-12-26 20:30:31,012] Trial 2310 finished with value: 0.010342677123844624 and parameters: {'L1_hidden_dim': 160, 'L1_layers_atom': 4, 'L1_layers_mol': 1, 'L1_dropout': 0.009040454232000283, 'L1_out_dim': 80, 'L2_hidden_dim': 144, 'L2_layers_atom': 1, 'L2_layers_mol': 1, 'L2_out_dim': 112, 'L2_dropout': 0.05546255078718373, 'L3_hidden_dim': 64, 'L3_layers_atom': 4, 'L3_layers_mol': 1, 'L3_out_dim': 112, 'L3_dropout': 0.10483239092111206, 'n_mlp_layers': 3, 'mlp_dim_0': 336, 'mlp_dim_1': 320, 'mlp_dim_2': 512, 'num_heads': 1, 'final_dropout': 0.1099983712718878, 'train_learning_rate': 0.0008445237578683393, 'train_lr_reduce': 0.6}. Best is trial 2183 with value: 0.009310361929237843.
[I 2024-12-26 20:31:02,126] Trial 2311 finished with value: 0.013495264574885368 and parameters: {'L1_hidden_dim': 192, 'L1_layers_atom': 1, 'L1_layers_mol': 1, 'L1_dropout': 0.0251047580486617, 'L1_out_dim': 96, 'L2_hidden_dim': 192, 'L2_layers_atom': 2, 'L2_layers_mol': 4, 'L2_out_dim': 80, 'L2_dropout': 0.06653453070268595, 'L3_hidden_dim': 32, 'L3_layers_atom': 4, 'L3_layers_mol': 1, 'L3_out_dim': 96, 'L3_dropout': 0.060158682725153706, 'n_mlp_layers': 3, 'mlp_dim_0': 272, 'mlp_dim_1': 280, 'mlp_dim_2': 432, 'num_heads': 2, 'final_dropout': 0.06930168849832807, 'train_learning_rate': 0.0005360028828453678, 'train_lr_reduce': 0.6}. Best is trial 2183 with value: 0.009310361929237843.
[I 2024-12-26 20:32:44,677] Trial 2313 finished with value: 0.03971773013472557 and parameters: {'L1_hidden_dim': 160, 'L1_layers_atom': 4, 'L1_layers_mol': 2, 'L1_dropout': 0.088305894657106, 'L1_out_dim': 112, 'L2_hidden_dim': 64, 'L2_layers_atom': 1, 'L2_layers_mol': 4, 'L2_out_dim': 32, 'L2_dropout': 0.12665735868700803, 'L3_hidden_dim': 96, 'L3_layers_atom': 1, 'L3_layers_mol': 1, 'L3_out_dim': 112, 'L3_dropout': 0.004973802215426759, 'n_mlp_layers': 3, 'mlp_dim_0': 184, 'mlp_dim_1': 400, 'mlp_dim_2': 448, 'num_heads': 1, 'final_dropout': 0.20422945006737647, 'train_learning_rate': 0.00026005057706806174, 'train_lr_reduce': 0.6}. Best is trial 2183 with value: 0.009310361929237843.
[I 2024-12-26 20:32:54,986] Trial 2314 finished with value: 0.021480176597833633 and parameters: {'L1_hidden_dim': 240, 'L1_layers_atom': 4, 'L1_layers_mol': 2, 'L1_dropout': 0.21352218515327565, 'L1_out_dim': 32, 'L2_hidden_dim': 144, 'L2_layers_atom': 2, 'L2_layers_mol': 1, 'L2_out_dim': 128, 'L2_dropout': 0.1603086603739148, 'L3_hidden_dim': 32, 'L3_layers_atom': 3, 'L3_layers_mol': 2, 'L3_out_dim': 80, 'L3_dropout': 0.2383770301624411, 'n_mlp_layers': 2, 'mlp_dim_0': 168, 'mlp_dim_1': 352, 'num_heads': 1, 'final_dropout': 0.0513723207300561, 'train_learning_rate': 0.001177412649819031, 'train_lr_reduce': 0.6}. Best is trial 2183 with value: 0.009310361929237843.
[I 2024-12-26 20:33:17,396] Trial 2312 finished with value: 0.016394736245274544 and parameters: {'L1_hidden_dim': 80, 'L1_layers_atom': 2, 'L1_layers_mol': 4, 'L1_dropout': 0.07587336226322548, 'L1_out_dim': 128, 'L2_hidden_dim': 256, 'L2_layers_atom': 2, 'L2_layers_mol': 4, 'L2_out_dim': 80, 'L2_dropout': 0.05198518156114285, 'L3_hidden_dim': 48, 'L3_layers_atom': 4, 'L3_layers_mol': 2, 'L3_out_dim': 128, 'L3_dropout': 0.10965686020289202, 'n_mlp_layers': 3, 'mlp_dim_0': 144, 'mlp_dim_1': 472, 'mlp_dim_2': 376, 'num_heads': 2, 'final_dropout': 0.11299706768974899, 'train_learning_rate': 0.00010074651396268208, 'train_lr_reduce': 0.6}. Best is trial 2183 with value: 0.009310361929237843.
[I 2024-12-26 20:35:10,661] Trial 2315 finished with value: 0.012368029914796352 and parameters: {'L1_hidden_dim': 64, 'L1_layers_atom': 3, 'L1_layers_mol': 2, 'L1_dropout': 0.05336340653850155, 'L1_out_dim': 32, 'L2_hidden_dim': 256, 'L2_layers_atom': 1, 'L2_layers_mol': 4, 'L2_out_dim': 128, 'L2_dropout': 0.06268445106985202, 'L3_hidden_dim': 96, 'L3_layers_atom': 3, 'L3_layers_mol': 1, 'L3_out_dim': 128, 'L3_dropout': 0.07006945407965057, 'n_mlp_layers': 2, 'mlp_dim_0': 440, 'mlp_dim_1': 248, 'num_heads': 2, 'final_dropout': 0.04114991966062034, 'train_learning_rate': 0.00039458940529133986, 'train_lr_reduce': 0.6}. Best is trial 2183 with value: 0.009310361929237843.
[I 2024-12-26 20:35:42,711] Trial 2317 finished with value: 0.012601079419255257 and parameters: {'L1_hidden_dim': 80, 'L1_layers_atom': 1, 'L1_layers_mol': 1, 'L1_dropout': 0.009621799766454914, 'L1_out_dim': 96, 'L2_hidden_dim': 208, 'L2_layers_atom': 2, 'L2_layers_mol': 4, 'L2_out_dim': 80, 'L2_dropout': 0.07380471379778028, 'L3_hidden_dim': 64, 'L3_layers_atom': 3, 'L3_layers_mol': 1, 'L3_out_dim': 80, 'L3_dropout': 0.124447175273163, 'n_mlp_layers': 3, 'mlp_dim_0': 496, 'mlp_dim_1': 192, 'mlp_dim_2': 408, 'num_heads': 2, 'final_dropout': 0.004096068056658202, 'train_learning_rate': 0.0010521046757085294, 'train_lr_reduce': 0.6}. Best is trial 2183 with value: 0.009310361929237843.
[I 2024-12-26 20:35:45,517] Trial 2316 finished with value: 0.011980860494077206 and parameters: {'L1_hidden_dim': 176, 'L1_layers_atom': 1, 'L1_layers_mol': 1, 'L1_dropout': 0.04449359029969127, 'L1_out_dim': 128, 'L2_hidden_dim': 176, 'L2_layers_atom': 1, 'L2_layers_mol': 4, 'L2_out_dim': 80, 'L2_dropout': 0.05861642503658443, 'L3_hidden_dim': 48, 'L3_layers_atom': 4, 'L3_layers_mol': 1, 'L3_out_dim': 32, 'L3_dropout': 0.015443291252981092, 'n_mlp_layers': 3, 'mlp_dim_0': 216, 'mlp_dim_1': 440, 'mlp_dim_2': 312, 'num_heads': 2, 'final_dropout': 0.01997456159863916, 'train_learning_rate': 0.0004772685939389698, 'train_lr_reduce': 0.6}. Best is trial 2183 with value: 0.009310361929237843.
[I 2024-12-26 20:37:15,711] Trial 2318 finished with value: 0.015847867354750633 and parameters: {'L1_hidden_dim': 176, 'L1_layers_atom': 2, 'L1_layers_mol': 2, 'L1_dropout': 0.24088031781816355, 'L1_out_dim': 80, 'L2_hidden_dim': 144, 'L2_layers_atom': 1, 'L2_layers_mol': 1, 'L2_out_dim': 128, 'L2_dropout': 0.03001134190190839, 'L3_hidden_dim': 80, 'L3_layers_atom': 3, 'L3_layers_mol': 2, 'L3_out_dim': 128, 'L3_dropout': 0.14782832150811853, 'n_mlp_layers': 3, 'mlp_dim_0': 480, 'mlp_dim_1': 288, 'mlp_dim_2': 512, 'num_heads': 1, 'final_dropout': 0.14054033604707, 'train_learning_rate': 0.00034750944487203046, 'train_lr_reduce': 0.6}. Best is trial 2183 with value: 0.009310361929237843.
[I 2024-12-26 20:37:38,593] Trial 2319 finished with value: 0.020545559003949165 and parameters: {'L1_hidden_dim': 208, 'L1_layers_atom': 3, 'L1_layers_mol': 2, 'L1_dropout': 0.2704132095429074, 'L1_out_dim': 32, 'L2_hidden_dim': 160, 'L2_layers_atom': 3, 'L2_layers_mol': 1, 'L2_out_dim': 64, 'L2_dropout': 0.13316176380713513, 'L3_hidden_dim': 128, 'L3_layers_atom': 1, 'L3_layers_mol': 4, 'L3_out_dim': 64, 'L3_dropout': 0.12753000620745536, 'n_mlp_layers': 1, 'mlp_dim_0': 56, 'num_heads': 1, 'final_dropout': 0.12030719480773311, 'train_learning_rate': 0.00204939677672305, 'train_lr_reduce': 0.6}. Best is trial 2183 with value: 0.009310361929237843.
[I 2024-12-26 20:38:18,867] Trial 2320 finished with value: 0.010633150115609169 and parameters: {'L1_hidden_dim': 224, 'L1_layers_atom': 2, 'L1_layers_mol': 2, 'L1_dropout': 0.008053602018579669, 'L1_out_dim': 128, 'L2_hidden_dim': 160, 'L2_layers_atom': 1, 'L2_layers_mol': 4, 'L2_out_dim': 80, 'L2_dropout': 0.05218858836012311, 'L3_hidden_dim': 80, 'L3_layers_atom': 2, 'L3_layers_mol': 1, 'L3_out_dim': 80, 'L3_dropout': 0.06321005225091578, 'n_mlp_layers': 3, 'mlp_dim_0': 256, 'mlp_dim_1': 328, 'mlp_dim_2': 472, 'num_heads': 2, 'final_dropout': 0.12443802284105385, 'train_learning_rate': 0.00046705949159845734, 'train_lr_reduce': 0.6}. Best is trial 2183 with value: 0.009310361929237843.
[I 2024-12-26 20:39:40,600] Trial 2321 finished with value: 0.038496918976306915 and parameters: {'L1_hidden_dim': 96, 'L1_layers_atom': 3, 'L1_layers_mol': 1, 'L1_dropout': 0.29712069281380765, 'L1_out_dim': 128, 'L2_hidden_dim': 256, 'L2_layers_atom': 4, 'L2_layers_mol': 1, 'L2_out_dim': 48, 'L2_dropout': 0.0774697964265843, 'L3_hidden_dim': 80, 'L3_layers_atom': 2, 'L3_layers_mol': 3, 'L3_out_dim': 48, 'L3_dropout': 0.055859908394964616, 'n_mlp_layers': 3, 'mlp_dim_0': 472, 'mlp_dim_1': 464, 'mlp_dim_2': 376, 'num_heads': 1, 'final_dropout': 0.2437437636198564, 'train_learning_rate': 0.007912660947833751, 'train_lr_reduce': 0.6}. Best is trial 2183 with value: 0.009310361929237843.
