[I 2024-12-26 07:52:26,709] Trial 2122 finished with value: 0.0743573009967804 and parameters: {'L1_hidden_dim': 96, 'L1_layers_atom': 2, 'L1_layers_mol': 2, 'L1_dropout': 0.21681672051637385, 'L1_out_dim': 128, 'L2_hidden_dim': 256, 'L2_layers_atom': 1, 'L2_layers_mol': 2, 'L2_out_dim': 80, 'L2_dropout': 0.054764234462986325, 'L3_hidden_dim': 64, 'L3_layers_atom': 3, 'L3_layers_mol': 4, 'L3_out_dim': 96, 'L3_dropout': 0.2529793787732177, 'n_mlp_layers': 2, 'mlp_dim_0': 48, 'mlp_dim_1': 416, 'num_heads': 1, 'final_dropout': 0.17040522950559556, 'train_learning_rate': 0.0006025735064069454, 'train_lr_reduce': 0.6}. Best is trial 1286 with value: 0.03935658559203148.
[I 2024-12-26 07:53:26,771] Trial 2123 finished with value: 0.0582197904586792 and parameters: {'L1_hidden_dim': 64, 'L1_layers_atom': 3, 'L1_layers_mol': 3, 'L1_dropout': 0.2607385637701827, 'L1_out_dim': 96, 'L2_hidden_dim': 176, 'L2_layers_atom': 3, 'L2_layers_mol': 2, 'L2_out_dim': 128, 'L2_dropout': 0.04830946040952721, 'L3_hidden_dim': 128, 'L3_layers_atom': 3, 'L3_layers_mol': 1, 'L3_out_dim': 96, 'L3_dropout': 0.08337916250587946, 'n_mlp_layers': 3, 'mlp_dim_0': 272, 'mlp_dim_1': 248, 'mlp_dim_2': 144, 'num_heads': 1, 'final_dropout': 0.18094946780809, 'train_learning_rate': 0.0025458234752594403, 'train_lr_reduce': 0.6}. Best is trial 1286 with value: 0.03935658559203148.
[I 2024-12-26 07:53:57,584] Trial 2125 finished with value: 0.0795908272266388 and parameters: {'L1_hidden_dim': 80, 'L1_layers_atom': 3, 'L1_layers_mol': 2, 'L1_dropout': 0.08196418574271896, 'L1_out_dim': 128, 'L2_hidden_dim': 208, 'L2_layers_atom': 1, 'L2_layers_mol': 4, 'L2_out_dim': 128, 'L2_dropout': 0.13448888084281957, 'L3_hidden_dim': 128, 'L3_layers_atom': 3, 'L3_layers_mol': 1, 'L3_out_dim': 64, 'L3_dropout': 0.039403912043976544, 'n_mlp_layers': 2, 'mlp_dim_0': 472, 'mlp_dim_1': 352, 'num_heads': 2, 'final_dropout': 0.2647039049662765, 'train_learning_rate': 0.00045427975383442325, 'train_lr_reduce': 0.6}. Best is trial 1286 with value: 0.03935658559203148.
[I 2024-12-26 07:54:09,356] Trial 2124 finished with value: 0.10556986927986145 and parameters: {'L1_hidden_dim': 64, 'L1_layers_atom': 1, 'L1_layers_mol': 2, 'L1_dropout': 0.18912914831297728, 'L1_out_dim': 128, 'L2_hidden_dim': 192, 'L2_layers_atom': 1, 'L2_layers_mol': 3, 'L2_out_dim': 112, 'L2_dropout': 0.24279954406436155, 'L3_hidden_dim': 32, 'L3_layers_atom': 2, 'L3_layers_mol': 4, 'L3_out_dim': 64, 'L3_dropout': 0.05704003037847674, 'n_mlp_layers': 2, 'mlp_dim_0': 464, 'mlp_dim_1': 512, 'num_heads': 2, 'final_dropout': 0.07681490832382992, 'train_learning_rate': 0.0030659333897143965, 'train_lr_reduce': 0.6}. Best is trial 1286 with value: 0.03935658559203148.
[I 2024-12-26 07:54:59,123] Trial 2126 finished with value: 0.06504224240779877 and parameters: {'L1_hidden_dim': 80, 'L1_layers_atom': 2, 'L1_layers_mol': 2, 'L1_dropout': 0.27508250481876784, 'L1_out_dim': 112, 'L2_hidden_dim': 224, 'L2_layers_atom': 1, 'L2_layers_mol': 3, 'L2_out_dim': 32, 'L2_dropout': 0.05716519000697072, 'L3_hidden_dim': 64, 'L3_layers_atom': 3, 'L3_layers_mol': 2, 'L3_out_dim': 80, 'L3_dropout': 0.16207564397938223, 'n_mlp_layers': 2, 'mlp_dim_0': 136, 'mlp_dim_1': 440, 'num_heads': 1, 'final_dropout': 0.2125056936027853, 'train_learning_rate': 0.0015992504961162334, 'train_lr_reduce': 0.6}. Best is trial 1286 with value: 0.03935658559203148.
[I 2024-12-26 07:55:03,401] Trial 2128 finished with value: 0.09719698131084442 and parameters: {'L1_hidden_dim': 144, 'L1_layers_atom': 3, 'L1_layers_mol': 4, 'L1_dropout': 0.05962179504157861, 'L1_out_dim': 32, 'L2_hidden_dim': 208, 'L2_layers_atom': 1, 'L2_layers_mol': 3, 'L2_out_dim': 80, 'L2_dropout': 0.2879495550394351, 'L3_hidden_dim': 128, 'L3_layers_atom': 2, 'L3_layers_mol': 3, 'L3_out_dim': 128, 'L3_dropout': 0.2124608916434112, 'n_mlp_layers': 2, 'mlp_dim_0': 144, 'mlp_dim_1': 320, 'num_heads': 1, 'final_dropout': 0.22946242384904397, 'train_learning_rate': 0.0016473716517400772, 'train_lr_reduce': 0.6}. Best is trial 1286 with value: 0.03935658559203148.
[I 2024-12-26 07:55:42,267] Trial 2127 finished with value: 0.14087490737438202 and parameters: {'L1_hidden_dim': 176, 'L1_layers_atom': 3, 'L1_layers_mol': 2, 'L1_dropout': 0.28357157789667686, 'L1_out_dim': 128, 'L2_hidden_dim': 144, 'L2_layers_atom': 3, 'L2_layers_mol': 2, 'L2_out_dim': 128, 'L2_dropout': 0.20839035920150947, 'L3_hidden_dim': 80, 'L3_layers_atom': 1, 'L3_layers_mol': 2, 'L3_out_dim': 128, 'L3_dropout': 0.09907716407226297, 'n_mlp_layers': 2, 'mlp_dim_0': 448, 'mlp_dim_1': 384, 'num_heads': 1, 'final_dropout': 0.14869636309172923, 'train_learning_rate': 0.0005007653105336294, 'train_lr_reduce': 0.6}. Best is trial 1286 with value: 0.03935658559203148.
[I 2024-12-26 07:56:34,083] Trial 2130 finished with value: 0.10718095302581787 and parameters: {'L1_hidden_dim': 64, 'L1_layers_atom': 3, 'L1_layers_mol': 3, 'L1_dropout': 0.2526359134432828, 'L1_out_dim': 80, 'L2_hidden_dim': 128, 'L2_layers_atom': 2, 'L2_layers_mol': 2, 'L2_out_dim': 80, 'L2_dropout': 0.0004734644923016767, 'L3_hidden_dim': 80, 'L3_layers_atom': 2, 'L3_layers_mol': 1, 'L3_out_dim': 128, 'L3_dropout': 0.12330300836885477, 'n_mlp_layers': 2, 'mlp_dim_0': 304, 'mlp_dim_1': 472, 'num_heads': 1, 'final_dropout': 0.06224169774638408, 'train_learning_rate': 0.0065258835553972236, 'train_lr_reduce': 0.6}. Best is trial 1286 with value: 0.03935658559203148.
[I 2024-12-26 07:56:45,503] Trial 2131 finished with value: 0.08187510073184967 and parameters: {'L1_hidden_dim': 96, 'L1_layers_atom': 4, 'L1_layers_mol': 2, 'L1_dropout': 0.27968342251867906, 'L1_out_dim': 64, 'L2_hidden_dim': 64, 'L2_layers_atom': 1, 'L2_layers_mol': 2, 'L2_out_dim': 112, 'L2_dropout': 0.00413796182679967, 'L3_hidden_dim': 112, 'L3_layers_atom': 3, 'L3_layers_mol': 1, 'L3_out_dim': 128, 'L3_dropout': 0.18804255116495766, 'n_mlp_layers': 1, 'mlp_dim_0': 224, 'num_heads': 1, 'final_dropout': 0.07854399633862263, 'train_learning_rate': 0.006372322432860591, 'train_lr_reduce': 0.6}. Best is trial 1286 with value: 0.03935658559203148.
[I 2024-12-26 07:56:49,710] Trial 2129 finished with value: 0.10603605955839157 and parameters: {'L1_hidden_dim': 192, 'L1_layers_atom': 3, 'L1_layers_mol': 3, 'L1_dropout': 0.023502446519473863, 'L1_out_dim': 96, 'L2_hidden_dim': 64, 'L2_layers_atom': 1, 'L2_layers_mol': 3, 'L2_out_dim': 32, 'L2_dropout': 0.1138705408098683, 'L3_hidden_dim': 112, 'L3_layers_atom': 3, 'L3_layers_mol': 3, 'L3_out_dim': 48, 'L3_dropout': 0.22899188122586173, 'n_mlp_layers': 1, 'mlp_dim_0': 304, 'num_heads': 2, 'final_dropout': 0.1561957247766546, 'train_learning_rate': 0.006001860321280113, 'train_lr_reduce': 0.6}. Best is trial 1286 with value: 0.03935658559203148.
[I 2024-12-26 07:57:59,424] Trial 2133 finished with value: 0.0829525887966156 and parameters: {'L1_hidden_dim': 64, 'L1_layers_atom': 1, 'L1_layers_mol': 2, 'L1_dropout': 0.17181812316299372, 'L1_out_dim': 112, 'L2_hidden_dim': 208, 'L2_layers_atom': 1, 'L2_layers_mol': 3, 'L2_out_dim': 64, 'L2_dropout': 0.012185102070749524, 'L3_hidden_dim': 64, 'L3_layers_atom': 4, 'L3_layers_mol': 3, 'L3_out_dim': 112, 'L3_dropout': 0.22223544263356398, 'n_mlp_layers': 2, 'mlp_dim_0': 96, 'mlp_dim_1': 416, 'num_heads': 1, 'final_dropout': 0.17522995032177022, 'train_learning_rate': 0.0015657129675880766, 'train_lr_reduce': 0.6}. Best is trial 1286 with value: 0.03935658559203148.
[I 2024-12-26 07:58:10,879] Trial 2134 finished with value: 0.1004527136683464 and parameters: {'L1_hidden_dim': 256, 'L1_layers_atom': 2, 'L1_layers_mol': 1, 'L1_dropout': 0.20409362621552155, 'L1_out_dim': 80, 'L2_hidden_dim': 128, 'L2_layers_atom': 1, 'L2_layers_mol': 3, 'L2_out_dim': 32, 'L2_dropout': 0.10329712282315082, 'L3_hidden_dim': 48, 'L3_layers_atom': 3, 'L3_layers_mol': 2, 'L3_out_dim': 128, 'L3_dropout': 0.23515717986549892, 'n_mlp_layers': 1, 'mlp_dim_0': 32, 'num_heads': 2, 'final_dropout': 0.16114454839097683, 'train_learning_rate': 0.0009172606281550124, 'train_lr_reduce': 0.6}. Best is trial 1286 with value: 0.03935658559203148.
[I 2024-12-26 07:58:58,440] Trial 2132 finished with value: 0.08512602001428604 and parameters: {'L1_hidden_dim': 64, 'L1_layers_atom': 4, 'L1_layers_mol': 1, 'L1_dropout': 0.28033353860071897, 'L1_out_dim': 128, 'L2_hidden_dim': 224, 'L2_layers_atom': 4, 'L2_layers_mol': 1, 'L2_out_dim': 48, 'L2_dropout': 0.02538219522645213, 'L3_hidden_dim': 64, 'L3_layers_atom': 2, 'L3_layers_mol': 2, 'L3_out_dim': 112, 'L3_dropout': 0.2621128757012117, 'n_mlp_layers': 3, 'mlp_dim_0': 144, 'mlp_dim_1': 288, 'mlp_dim_2': 72, 'num_heads': 1, 'final_dropout': 0.021806320156133104, 'train_learning_rate': 0.0003681568282253306, 'train_lr_reduce': 0.6}. Best is trial 1286 with value: 0.03935658559203148.
[I 2024-12-26 07:59:14,368] Trial 2135 finished with value: 0.05957220494747162 and parameters: {'L1_hidden_dim': 64, 'L1_layers_atom': 2, 'L1_layers_mol': 4, 'L1_dropout': 0.29551100404088354, 'L1_out_dim': 96, 'L2_hidden_dim': 128, 'L2_layers_atom': 2, 'L2_layers_mol': 3, 'L2_out_dim': 128, 'L2_dropout': 0.012051747910730807, 'L3_hidden_dim': 112, 'L3_layers_atom': 3, 'L3_layers_mol': 1, 'L3_out_dim': 112, 'L3_dropout': 0.15325553634751773, 'n_mlp_layers': 2, 'mlp_dim_0': 248, 'mlp_dim_1': 88, 'num_heads': 1, 'final_dropout': 0.10723308807871643, 'train_learning_rate': 0.0025753880868017464, 'train_lr_reduce': 0.6}. Best is trial 1286 with value: 0.03935658559203148.
[I 2024-12-26 08:00:25,969] Trial 2136 finished with value: 0.06994961947202682 and parameters: {'L1_hidden_dim': 64, 'L1_layers_atom': 4, 'L1_layers_mol': 2, 'L1_dropout': 0.21439906972572298, 'L1_out_dim': 32, 'L2_hidden_dim': 144, 'L2_layers_atom': 2, 'L2_layers_mol': 3, 'L2_out_dim': 80, 'L2_dropout': 0.03224551674403616, 'L3_hidden_dim': 80, 'L3_layers_atom': 4, 'L3_layers_mol': 1, 'L3_out_dim': 32, 'L3_dropout': 0.2048273953988084, 'n_mlp_layers': 2, 'mlp_dim_0': 216, 'mlp_dim_1': 448, 'num_heads': 1, 'final_dropout': 0.02540123933428445, 'train_learning_rate': 0.0029768544250215645, 'train_lr_reduce': 0.6}. Best is trial 1286 with value: 0.03935658559203148.
[I 2024-12-26 08:01:01,701] Trial 2137 finished with value: 0.48777270317077637 and parameters: {'L1_hidden_dim': 64, 'L1_layers_atom': 2, 'L1_layers_mol': 4, 'L1_dropout': 0.037403276136141514, 'L1_out_dim': 112, 'L2_hidden_dim': 176, 'L2_layers_atom': 3, 'L2_layers_mol': 3, 'L2_out_dim': 64, 'L2_dropout': 0.27143457900977724, 'L3_hidden_dim': 48, 'L3_layers_atom': 1, 'L3_layers_mol': 2, 'L3_out_dim': 80, 'L3_dropout': 0.08923497535583066, 'n_mlp_layers': 1, 'mlp_dim_0': 416, 'num_heads': 1, 'final_dropout': 0.2919932396924931, 'train_learning_rate': 0.0003443971626140227, 'train_lr_reduce': 0.6}. Best is trial 1286 with value: 0.03935658559203148.
[I 2024-12-26 08:01:23,295] Trial 2139 finished with value: 0.09386146068572998 and parameters: {'L1_hidden_dim': 112, 'L1_layers_atom': 3, 'L1_layers_mol': 3, 'L1_dropout': 0.2429084070949806, 'L1_out_dim': 128, 'L2_hidden_dim': 112, 'L2_layers_atom': 1, 'L2_layers_mol': 3, 'L2_out_dim': 112, 'L2_dropout': 0.23578420851404266, 'L3_hidden_dim': 128, 'L3_layers_atom': 1, 'L3_layers_mol': 1, 'L3_out_dim': 112, 'L3_dropout': 0.21815134209826959, 'n_mlp_layers': 3, 'mlp_dim_0': 392, 'mlp_dim_1': 512, 'mlp_dim_2': 200, 'num_heads': 1, 'final_dropout': 0.0701718644571977, 'train_learning_rate': 0.0012838048785230377, 'train_lr_reduce': 0.6}. Best is trial 1286 with value: 0.03935658559203148.
[I 2024-12-26 08:02:09,893] Trial 2138 finished with value: 0.08107930421829224 and parameters: {'L1_hidden_dim': 256, 'L1_layers_atom': 3, 'L1_layers_mol': 2, 'L1_dropout': 0.24709874159552567, 'L1_out_dim': 32, 'L2_hidden_dim': 176, 'L2_layers_atom': 3, 'L2_layers_mol': 1, 'L2_out_dim': 128, 'L2_dropout': 0.16055375649559842, 'L3_hidden_dim': 112, 'L3_layers_atom': 3, 'L3_layers_mol': 3, 'L3_out_dim': 80, 'L3_dropout': 0.014393183870532344, 'n_mlp_layers': 3, 'mlp_dim_0': 232, 'mlp_dim_1': 368, 'mlp_dim_2': 32, 'num_heads': 1, 'final_dropout': 0.21697523318809156, 'train_learning_rate': 0.005536404243810538, 'train_lr_reduce': 0.6}. Best is trial 1286 with value: 0.03935658559203148.
[I 2024-12-26 08:02:13,627] Trial 2140 finished with value: 0.10216942429542542 and parameters: {'L1_hidden_dim': 224, 'L1_layers_atom': 3, 'L1_layers_mol': 4, 'L1_dropout': 0.26169391042609097, 'L1_out_dim': 32, 'L2_hidden_dim': 128, 'L2_layers_atom': 3, 'L2_layers_mol': 2, 'L2_out_dim': 80, 'L2_dropout': 0.1433961886032811, 'L3_hidden_dim': 80, 'L3_layers_atom': 1, 'L3_layers_mol': 3, 'L3_out_dim': 32, 'L3_dropout': 0.17658230893267446, 'n_mlp_layers': 2, 'mlp_dim_0': 504, 'mlp_dim_1': 408, 'num_heads': 2, 'final_dropout': 0.048480477958333865, 'train_learning_rate': 0.002069588258661153, 'train_lr_reduce': 0.6}. Best is trial 1286 with value: 0.03935658559203148.
[I 2024-12-26 08:02:42,845] Trial 2141 finished with value: 0.08526018261909485 and parameters: {'L1_hidden_dim': 96, 'L1_layers_atom': 2, 'L1_layers_mol': 2, 'L1_dropout': 0.2759426175736526, 'L1_out_dim': 128, 'L2_hidden_dim': 192, 'L2_layers_atom': 3, 'L2_layers_mol': 3, 'L2_out_dim': 128, 'L2_dropout': 0.012433367250792735, 'L3_hidden_dim': 96, 'L3_layers_atom': 3, 'L3_layers_mol': 1, 'L3_out_dim': 128, 'L3_dropout': 0.1716353451099706, 'n_mlp_layers': 2, 'mlp_dim_0': 72, 'mlp_dim_1': 248, 'num_heads': 1, 'final_dropout': 0.11171539259762255, 'train_learning_rate': 0.005508351666242922, 'train_lr_reduce': 0.6}. Best is trial 1286 with value: 0.03935658559203148.
[I 2024-12-26 08:03:40,057] Trial 2143 finished with value: 0.06317534297704697 and parameters: {'L1_hidden_dim': 96, 'L1_layers_atom': 4, 'L1_layers_mol': 1, 'L1_dropout': 0.2692082927062145, 'L1_out_dim': 96, 'L2_hidden_dim': 224, 'L2_layers_atom': 3, 'L2_layers_mol': 2, 'L2_out_dim': 32, 'L2_dropout': 0.0601192162715733, 'L3_hidden_dim': 64, 'L3_layers_atom': 4, 'L3_layers_mol': 4, 'L3_out_dim': 96, 'L3_dropout': 0.012559206625808027, 'n_mlp_layers': 3, 'mlp_dim_0': 280, 'mlp_dim_1': 336, 'mlp_dim_2': 112, 'num_heads': 1, 'final_dropout': 0.02571364949070569, 'train_learning_rate': 0.00301108753392483, 'train_lr_reduce': 0.6}. Best is trial 1286 with value: 0.03935658559203148.
[I 2024-12-26 08:03:56,692] Trial 2142 finished with value: 0.0736524760723114 and parameters: {'L1_hidden_dim': 80, 'L1_layers_atom': 3, 'L1_layers_mol': 3, 'L1_dropout': 0.15542192851894457, 'L1_out_dim': 128, 'L2_hidden_dim': 208, 'L2_layers_atom': 2, 'L2_layers_mol': 1, 'L2_out_dim': 112, 'L2_dropout': 0.06281099799267631, 'L3_hidden_dim': 112, 'L3_layers_atom': 3, 'L3_layers_mol': 4, 'L3_out_dim': 96, 'L3_dropout': 0.17489054529682757, 'n_mlp_layers': 1, 'mlp_dim_0': 88, 'num_heads': 2, 'final_dropout': 0.029160066954715087, 'train_learning_rate': 0.004511875667552558, 'train_lr_reduce': 0.6}. Best is trial 1286 with value: 0.03935658559203148.
[I 2024-12-26 08:04:02,484] Trial 2144 finished with value: 0.05862456560134888 and parameters: {'L1_hidden_dim': 64, 'L1_layers_atom': 3, 'L1_layers_mol': 4, 'L1_dropout': 0.22290955673500676, 'L1_out_dim': 112, 'L2_hidden_dim': 176, 'L2_layers_atom': 1, 'L2_layers_mol': 1, 'L2_out_dim': 64, 'L2_dropout': 0.023240597462845923, 'L3_hidden_dim': 96, 'L3_layers_atom': 4, 'L3_layers_mol': 1, 'L3_out_dim': 64, 'L3_dropout': 0.23754264462801822, 'n_mlp_layers': 2, 'mlp_dim_0': 224, 'mlp_dim_1': 480, 'num_heads': 1, 'final_dropout': 0.15277746682072008, 'train_learning_rate': 0.00110871238303785, 'train_lr_reduce': 0.6}. Best is trial 1286 with value: 0.03935658559203148.
[I 2024-12-26 08:04:16,129] Trial 2146 finished with value: 0.8493332266807556 and parameters: {'L1_hidden_dim': 64, 'L1_layers_atom': 3, 'L1_layers_mol': 4, 'L1_dropout': 0.29152595185652186, 'L1_out_dim': 80, 'L2_hidden_dim': 256, 'L2_layers_atom': 1, 'L2_layers_mol': 2, 'L2_out_dim': 96, 'L2_dropout': 0.049859322928024925, 'L3_hidden_dim': 112, 'L3_layers_atom': 3, 'L3_layers_mol': 1, 'L3_out_dim': 64, 'L3_dropout': 0.12229235799352818, 'n_mlp_layers': 2, 'mlp_dim_0': 424, 'mlp_dim_1': 376, 'num_heads': 2, 'final_dropout': 0.1715284119119109, 'train_learning_rate': 0.0038969485252715657, 'train_lr_reduce': 0.6}. Best is trial 1286 with value: 0.03935658559203148.
[I 2024-12-26 08:04:22,066] Trial 2147 finished with value: 0.9211888313293457 and parameters: {'L1_hidden_dim': 64, 'L1_layers_atom': 2, 'L1_layers_mol': 2, 'L1_dropout': 0.19889947753787632, 'L1_out_dim': 128, 'L2_hidden_dim': 192, 'L2_layers_atom': 1, 'L2_layers_mol': 2, 'L2_out_dim': 80, 'L2_dropout': 0.06768478895035626, 'L3_hidden_dim': 80, 'L3_layers_atom': 3, 'L3_layers_mol': 4, 'L3_out_dim': 96, 'L3_dropout': 0.18815763375824732, 'n_mlp_layers': 1, 'mlp_dim_0': 192, 'num_heads': 2, 'final_dropout': 0.16292931016877013, 'train_learning_rate': 0.0042845311609668885, 'train_lr_reduce': 0.6}. Best is trial 1286 with value: 0.03935658559203148.
[I 2024-12-26 08:05:11,719] Trial 2145 finished with value: 0.06567349284887314 and parameters: {'L1_hidden_dim': 80, 'L1_layers_atom': 2, 'L1_layers_mol': 2, 'L1_dropout': 0.23043227394939694, 'L1_out_dim': 128, 'L2_hidden_dim': 128, 'L2_layers_atom': 1, 'L2_layers_mol': 3, 'L2_out_dim': 48, 'L2_dropout': 0.0008515960268476834, 'L3_hidden_dim': 64, 'L3_layers_atom': 3, 'L3_layers_mol': 3, 'L3_out_dim': 96, 'L3_dropout': 0.2505780581075332, 'n_mlp_layers': 2, 'mlp_dim_0': 144, 'mlp_dim_1': 440, 'num_heads': 1, 'final_dropout': 0.0961953113350364, 'train_learning_rate': 0.0011271778633237515, 'train_lr_reduce': 0.6}. Best is trial 1286 with value: 0.03935658559203148.
[I 2024-12-26 08:05:22,766] Trial 2148 finished with value: 0.08533573150634766 and parameters: {'L1_hidden_dim': 112, 'L1_layers_atom': 1, 'L1_layers_mol': 4, 'L1_dropout': 0.2882744695843299, 'L1_out_dim': 112, 'L2_hidden_dim': 240, 'L2_layers_atom': 1, 'L2_layers_mol': 3, 'L2_out_dim': 112, 'L2_dropout': 0.10657302385591183, 'L3_hidden_dim': 96, 'L3_layers_atom': 4, 'L3_layers_mol': 2, 'L3_out_dim': 80, 'L3_dropout': 0.23979938753015118, 'n_mlp_layers': 3, 'mlp_dim_0': 144, 'mlp_dim_1': 280, 'mlp_dim_2': 72, 'num_heads': 1, 'final_dropout': 0.045563133618353645, 'train_learning_rate': 0.0008071330282023076, 'train_lr_reduce': 0.6}. Best is trial 1286 with value: 0.03935658559203148.
[I 2024-12-26 08:06:37,556] Trial 2149 finished with value: 0.08649912476539612 and parameters: {'L1_hidden_dim': 112, 'L1_layers_atom': 3, 'L1_layers_mol': 3, 'L1_dropout': 0.19485897059237003, 'L1_out_dim': 96, 'L2_hidden_dim': 208, 'L2_layers_atom': 2, 'L2_layers_mol': 1, 'L2_out_dim': 128, 'L2_dropout': 0.02340584736765977, 'L3_hidden_dim': 96, 'L3_layers_atom': 4, 'L3_layers_mol': 3, 'L3_out_dim': 112, 'L3_dropout': 0.2804132686813594, 'n_mlp_layers': 3, 'mlp_dim_0': 104, 'mlp_dim_1': 472, 'mlp_dim_2': 152, 'num_heads': 2, 'final_dropout': 0.0005561663702780342, 'train_learning_rate': 0.004266722816191263, 'train_lr_reduce': 0.6}. Best is trial 1286 with value: 0.03935658559203148.
[I 2024-12-26 08:06:59,852] Trial 2151 finished with value: 0.11488015204668045 and parameters: {'L1_hidden_dim': 80, 'L1_layers_atom': 2, 'L1_layers_mol': 3, 'L1_dropout': 0.00026300472355303417, 'L1_out_dim': 64, 'L2_hidden_dim': 192, 'L2_layers_atom': 4, 'L2_layers_mol': 2, 'L2_out_dim': 32, 'L2_dropout': 0.28621533503734986, 'L3_hidden_dim': 32, 'L3_layers_atom': 4, 'L3_layers_mol': 4, 'L3_out_dim': 128, 'L3_dropout': 0.06474197810589438, 'n_mlp_layers': 3, 'mlp_dim_0': 280, 'mlp_dim_1': 408, 'mlp_dim_2': 112, 'num_heads': 2, 'final_dropout': 0.0018271722988000283, 'train_learning_rate': 0.004593869167452408, 'train_lr_reduce': 0.6}. Best is trial 1286 with value: 0.03935658559203148.
[I 2024-12-26 08:07:18,842] Trial 2153 finished with value: 1.1727144718170166 and parameters: {'L1_hidden_dim': 80, 'L1_layers_atom': 4, 'L1_layers_mol': 3, 'L1_dropout': 0.2281594353106, 'L1_out_dim': 48, 'L2_hidden_dim': 112, 'L2_layers_atom': 3, 'L2_layers_mol': 4, 'L2_out_dim': 48, 'L2_dropout': 0.07796991057268642, 'L3_hidden_dim': 80, 'L3_layers_atom': 3, 'L3_layers_mol': 2, 'L3_out_dim': 96, 'L3_dropout': 0.05272053082894054, 'n_mlp_layers': 3, 'mlp_dim_0': 512, 'mlp_dim_1': 208, 'mlp_dim_2': 328, 'num_heads': 1, 'final_dropout': 0.1097773628810906, 'train_learning_rate': 0.0006080188196979924, 'train_lr_reduce': 0.6}. Best is trial 1286 with value: 0.03935658559203148.
[I 2024-12-26 08:07:22,355] Trial 2150 finished with value: 0.0734385997056961 and parameters: {'L1_hidden_dim': 128, 'L1_layers_atom': 2, 'L1_layers_mol': 3, 'L1_dropout': 0.21356848166759426, 'L1_out_dim': 80, 'L2_hidden_dim': 128, 'L2_layers_atom': 3, 'L2_layers_mol': 1, 'L2_out_dim': 112, 'L2_dropout': 0.03940040337571517, 'L3_hidden_dim': 128, 'L3_layers_atom': 3, 'L3_layers_mol': 1, 'L3_out_dim': 128, 'L3_dropout': 0.07503863584867104, 'n_mlp_layers': 1, 'mlp_dim_0': 376, 'num_heads': 1, 'final_dropout': 0.04497199239263214, 'train_learning_rate': 0.0013850195877483803, 'train_lr_reduce': 0.6}. Best is trial 1286 with value: 0.03935658559203148.
[I 2024-12-26 08:07:53,141] Trial 2152 finished with value: 0.07617729157209396 and parameters: {'L1_hidden_dim': 160, 'L1_layers_atom': 4, 'L1_layers_mol': 4, 'L1_dropout': 0.27752074580475705, 'L1_out_dim': 32, 'L2_hidden_dim': 176, 'L2_layers_atom': 1, 'L2_layers_mol': 1, 'L2_out_dim': 80, 'L2_dropout': 0.04440845243817078, 'L3_hidden_dim': 128, 'L3_layers_atom': 3, 'L3_layers_mol': 1, 'L3_out_dim': 48, 'L3_dropout': 0.25934457313217146, 'n_mlp_layers': 3, 'mlp_dim_0': 160, 'mlp_dim_1': 336, 'mlp_dim_2': 72, 'num_heads': 1, 'final_dropout': 0.10399799715255173, 'train_learning_rate': 0.0002822982707899132, 'train_lr_reduce': 0.6}. Best is trial 1286 with value: 0.03935658559203148.
