[I 2024-12-04 16:21:04,524] Trial 323 finished with value: 0.5183173626735501 and parameters: {'n_estimators': 1343, 'max_depth': 5, 'learning_rate': 0.04900781710426153, 'subsample': 0.9743083187402455, 'colsample_bytree': 0.6601575034313605, 'min_child_weight': 1, 'gamma': 0.003888210159244245, 'reg_alpha': 0.00015693769230941217, 'reg_lambda': 0.012484295043744134}. Best is trial 295 with value: 0.4805887163326403.
[W 2024-12-04 16:21:06,567] Trial 316 failed with parameters: {} because of the following error: StorageInternalError('An exception is raised during the commit. This typically happens due to invalid data in the commit, e.g. exceeding max length. ').
Traceback (most recent call last):
  File "/zhome/b1/0/88900/miniconda3/envs/critprops/lib/python3.9/site-packages/sqlalchemy/engine/base.py", line 1967, in _exec_single_context
    self.dialect.do_execute(
  File "/zhome/b1/0/88900/miniconda3/envs/critprops/lib/python3.9/site-packages/sqlalchemy/engine/default.py", line 941, in do_execute
    cursor.execute(statement, parameters)
sqlite3.OperationalError: database is locked

The above exception was the direct cause of the following exception:

Traceback (most recent call last):
  File "/zhome/b1/0/88900/miniconda3/envs/critprops/lib/python3.9/site-packages/optuna/storages/_rdb/storage.py", line 80, in _create_scoped_session
    yield session
  File "/zhome/b1/0/88900/miniconda3/envs/critprops/lib/python3.9/site-packages/optuna/storages/_rdb/storage.py", line 734, in set_trial_system_attr
    self._set_trial_attr_without_commit(
  File "/zhome/b1/0/88900/miniconda3/envs/critprops/lib/python3.9/site-packages/optuna/storages/_rdb/storage.py", line 769, in _set_trial_attr_without_commit
    session.execute(sqlite_upsert_stmt)
  File "/zhome/b1/0/88900/miniconda3/envs/critprops/lib/python3.9/site-packages/sqlalchemy/orm/session.py", line 2362, in execute
    return self._execute_internal(
  File "/zhome/b1/0/88900/miniconda3/envs/critprops/lib/python3.9/site-packages/sqlalchemy/orm/session.py", line 2247, in _execute_internal
    result: Result[Any] = compile_state_cls.orm_execute_statement(
  File "/zhome/b1/0/88900/miniconda3/envs/critprops/lib/python3.9/site-packages/sqlalchemy/orm/bulk_persistence.py", line 1294, in orm_execute_statement
    result = conn.execute(
  File "/zhome/b1/0/88900/miniconda3/envs/critprops/lib/python3.9/site-packages/sqlalchemy/engine/base.py", line 1418, in execute
    return meth(
  File "/zhome/b1/0/88900/miniconda3/envs/critprops/lib/python3.9/site-packages/sqlalchemy/sql/elements.py", line 515, in _execute_on_connection
    return connection._execute_clauseelement(
  File "/zhome/b1/0/88900/miniconda3/envs/critprops/lib/python3.9/site-packages/sqlalchemy/engine/base.py", line 1640, in _execute_clauseelement
    ret = self._execute_context(
  File "/zhome/b1/0/88900/miniconda3/envs/critprops/lib/python3.9/site-packages/sqlalchemy/engine/base.py", line 1846, in _execute_context
    return self._exec_single_context(
  File "/zhome/b1/0/88900/miniconda3/envs/critprops/lib/python3.9/site-packages/sqlalchemy/engine/base.py", line 1986, in _exec_single_context
    self._handle_dbapi_exception(
  File "/zhome/b1/0/88900/miniconda3/envs/critprops/lib/python3.9/site-packages/sqlalchemy/engine/base.py", line 2355, in _handle_dbapi_exception
    raise sqlalchemy_exception.with_traceback(exc_info[2]) from e
  File "/zhome/b1/0/88900/miniconda3/envs/critprops/lib/python3.9/site-packages/sqlalchemy/engine/base.py", line 1967, in _exec_single_context
    self.dialect.do_execute(
  File "/zhome/b1/0/88900/miniconda3/envs/critprops/lib/python3.9/site-packages/sqlalchemy/engine/default.py", line 941, in do_execute
    cursor.execute(statement, parameters)
sqlalchemy.exc.OperationalError: (sqlite3.OperationalError) database is locked
[SQL: INSERT INTO trial_system_attributes (trial_id, "key", value_json) VALUES (?, ?, ?) ON CONFLICT (trial_id, "key") DO UPDATE SET value_json = excluded.value_json]
[parameters: (317, 'cma:popsize', '10')]
(Background on this error at: https://sqlalche.me/e/20/e3q8)

The above exception was the direct cause of the following exception:

Traceback (most recent call last):
  File "/zhome/b1/0/88900/miniconda3/envs/critprops/lib/python3.9/site-packages/optuna/study/_optimize.py", line 197, in _run_trial
    value_or_values = func(trial)
  File "/zhome/b1/0/88900/Documents/fair_gc/src/optims.py", line 242, in objective
    params = {
  File "/zhome/b1/0/88900/Documents/fair_gc/src/optims.py", line 243, in <dictcomp>
    name: suggest_fn(trial, name)
  File "/zhome/b1/0/88900/Documents/fair_gc/src/optims.py", line 164, in <lambda>
    return lambda trial, name: trial.suggest_int(
  File "/zhome/b1/0/88900/miniconda3/envs/critprops/lib/python3.9/site-packages/optuna/_convert_positional_args.py", line 83, in converter_wrapper
    return func(**kwargs)  # type: ignore[call-arg]
  File "/zhome/b1/0/88900/miniconda3/envs/critprops/lib/python3.9/site-packages/optuna/trial/_trial.py", line 324, in suggest_int
    suggested_value = int(self._suggest(name, distribution))
  File "/zhome/b1/0/88900/miniconda3/envs/critprops/lib/python3.9/site-packages/optuna/trial/_trial.py", line 627, in _suggest
    elif self._is_relative_param(name, distribution):
  File "/zhome/b1/0/88900/miniconda3/envs/critprops/lib/python3.9/site-packages/optuna/trial/_trial.py", line 659, in _is_relative_param
    if name not in self.relative_params:
  File "/zhome/b1/0/88900/miniconda3/envs/critprops/lib/python3.9/site-packages/optuna/trial/_trial.py", line 71, in relative_params
    self._relative_params = self.study.sampler.sample_relative(
  File "/zhome/b1/0/88900/.cache/optunahub/api.github.com/optuna/optunahub-registry/main/package/samplers/auto_sampler/_sampler.py", line 202, in sample_relative
    return self._sampler.sample_relative(study, trial, search_space)
  File "/zhome/b1/0/88900/miniconda3/envs/critprops/lib/python3.9/site-packages/optuna/samplers/_cmaes.py", line 505, in sample_relative
    study._storage.set_trial_system_attr(trial._trial_id, popsize_attr_key, popsize)
  File "/zhome/b1/0/88900/miniconda3/envs/critprops/lib/python3.9/site-packages/optuna/storages/_cached_storage.py", line 198, in set_trial_system_attr
    self._backend.set_trial_system_attr(trial_id, key=key, value=value)
  File "/zhome/b1/0/88900/miniconda3/envs/critprops/lib/python3.9/site-packages/optuna/storages/_rdb/storage.py", line 734, in set_trial_system_attr
    self._set_trial_attr_without_commit(
  File "/zhome/b1/0/88900/miniconda3/envs/critprops/lib/python3.9/contextlib.py", line 137, in __exit__
    self.gen.throw(typ, value, traceback)
  File "/zhome/b1/0/88900/miniconda3/envs/critprops/lib/python3.9/site-packages/optuna/storages/_rdb/storage.py", line 98, in _create_scoped_session
    raise optuna.exceptions.StorageInternalError(message) from e
optuna.exceptions.StorageInternalError: An exception is raised during the commit. This typically happens due to invalid data in the commit, e.g. exceeding max length. 
[W 2024-12-04 16:21:06,594] Trial 316 failed with value None.
[I 2024-12-04 16:21:06,785] Trial 328 finished with value: 0.5214280975055482 and parameters: {'n_estimators': 1368, 'max_depth': 6, 'learning_rate': 0.05816729363736266, 'subsample': 0.9740616209926798, 'colsample_bytree': 0.6245738215508974, 'min_child_weight': 1, 'gamma': 0.0012473563510716121, 'reg_alpha': 0.0004281439048034919, 'reg_lambda': 0.01686220232905077}. Best is trial 295 with value: 0.4805887163326403.
[I 2024-12-04 16:21:06,789] Trial 320 finished with value: 0.4996651038450518 and parameters: {'n_estimators': 1309, 'max_depth': 7, 'learning_rate': 0.0970193789457071, 'subsample': 0.9658304118250596, 'colsample_bytree': 0.6386900852136719, 'min_child_weight': 1, 'gamma': 0.004318784258784086, 'reg_alpha': 0.001955888526037173, 'reg_lambda': 0.27250285736231544}. Best is trial 295 with value: 0.4805887163326403.
[I 2024-12-04 16:21:06,791] Trial 331 finished with value: 0.6897932073218931 and parameters: {'n_estimators': 1379, 'max_depth': 4, 'learning_rate': 0.06315133315854426, 'subsample': 0.9974783660015603, 'colsample_bytree': 0.7320902970201361, 'min_child_weight': 2, 'gamma': 0.0010213983099447955, 'reg_alpha': 0.002682008712995702, 'reg_lambda': 0.23416913336287312}. Best is trial 295 with value: 0.4805887163326403.
[I 2024-12-04 16:21:06,887] Trial 319 finished with value: 0.667708725150488 and parameters: {'n_estimators': 1225, 'max_depth': 9, 'learning_rate': 0.029098896324357807, 'subsample': 0.9144916314501361, 'colsample_bytree': 0.5455230859088118, 'min_child_weight': 2, 'gamma': 0.0008160762023660512, 'reg_alpha': 0.00012961614735358635, 'reg_lambda': 0.019273547852129837}. Best is trial 295 with value: 0.4805887163326403.
[I 2024-12-04 16:21:07,971] Trial 329 finished with value: 0.5110717777662848 and parameters: {'n_estimators': 1259, 'max_depth': 6, 'learning_rate': 0.0867236685957476, 'subsample': 0.957849760652251, 'colsample_bytree': 0.7861162541213315, 'min_child_weight': 1, 'gamma': 0.021049249820467738, 'reg_alpha': 0.00032707112858179545, 'reg_lambda': 0.01778406225595443}. Best is trial 295 with value: 0.4805887163326403.
[I 2024-12-04 16:21:08,136] Trial 337 finished with value: 0.5586305060665026 and parameters: {'n_estimators': 1251, 'max_depth': 3, 'learning_rate': 0.07654219252549499, 'subsample': 0.8865429546239894, 'colsample_bytree': 0.6210150398228167, 'min_child_weight': 1, 'gamma': 3.971745492869058e-05, 'reg_alpha': 2.2659504685850475e-05, 'reg_lambda': 0.005175230472796621}. Best is trial 295 with value: 0.4805887163326403.
[I 2024-12-04 16:21:08,293] Trial 339 finished with value: 0.5116919173864578 and parameters: {'n_estimators': 1391, 'max_depth': 8, 'learning_rate': 0.03488747397912505, 'subsample': 0.9608426310207103, 'colsample_bytree': 0.718165596636769, 'min_child_weight': 1, 'gamma': 0.10308614155151759, 'reg_alpha': 2.6632012103495467e-05, 'reg_lambda': 0.012862497724911671}. Best is trial 295 with value: 0.4805887163326403.
[I 2024-12-04 16:21:08,318] Trial 322 finished with value: 0.5072902199119228 and parameters: {'n_estimators': 1351, 'max_depth': 9, 'learning_rate': 0.03957764244251822, 'subsample': 0.9938269187866358, 'colsample_bytree': 0.6398100650988112, 'min_child_weight': 1, 'gamma': 0.0005187414169118916, 'reg_alpha': 1.624230401543231e-05, 'reg_lambda': 0.09473429752894787}. Best is trial 295 with value: 0.4805887163326403.
[I 2024-12-04 16:21:08,923] Trial 327 finished with value: 0.5004770944693262 and parameters: {'n_estimators': 1310, 'max_depth': 8, 'learning_rate': 0.03784000091569947, 'subsample': 0.948651897672721, 'colsample_bytree': 0.5999061886714713, 'min_child_weight': 1, 'gamma': 0.032682308209764144, 'reg_alpha': 1.2802918807423915e-05, 'reg_lambda': 0.0401143427545506}. Best is trial 295 with value: 0.4805887163326403.
[I 2024-12-04 16:21:09,003] Trial 336 finished with value: 0.5287049861388956 and parameters: {'n_estimators': 1319, 'max_depth': 6, 'learning_rate': 0.023109747758598392, 'subsample': 0.986164599475875, 'colsample_bytree': 0.7935114557303229, 'min_child_weight': 1, 'gamma': 0.08345061387534976, 'reg_alpha': 8.039820032034038e-05, 'reg_lambda': 0.13967046170477873}. Best is trial 295 with value: 0.4805887163326403.
[I 2024-12-04 16:21:09,060] Trial 330 finished with value: 0.5259195526126009 and parameters: {'n_estimators': 1411, 'max_depth': 10, 'learning_rate': 0.02193565571580491, 'subsample': 0.9761621316250693, 'colsample_bytree': 0.7216681743367024, 'min_child_weight': 1, 'gamma': 0.1311368144350977, 'reg_alpha': 0.037853421965133985, 'reg_lambda': 0.10169640866677943}. Best is trial 295 with value: 0.4805887163326403.
[I 2024-12-04 16:21:09,392] Trial 334 finished with value: 0.5696724006032627 and parameters: {'n_estimators': 1308, 'max_depth': 3, 'learning_rate': 0.035168217124973054, 'subsample': 0.9933821826824307, 'colsample_bytree': 0.7402006128099781, 'min_child_weight': 1, 'gamma': 0.3369903085198982, 'reg_alpha': 4.1498214285526e-05, 'reg_lambda': 0.017410878804147142}. Best is trial 295 with value: 0.4805887163326403.
[I 2024-12-04 16:21:10,069] Trial 332 finished with value: 0.5157269054305945 and parameters: {'n_estimators': 1425, 'max_depth': 8, 'learning_rate': 0.025602309505371342, 'subsample': 0.9541520918571187, 'colsample_bytree': 0.757434128731737, 'min_child_weight': 1, 'gamma': 0.11140651942001104, 'reg_alpha': 0.0005935302805726212, 'reg_lambda': 0.10119612864812667}. Best is trial 295 with value: 0.4805887163326403.
[I 2024-12-04 16:21:10,187] Trial 347 finished with value: 0.49895251999608525 and parameters: {'n_estimators': 1305, 'max_depth': 7, 'learning_rate': 0.02521833000260492, 'subsample': 0.9612924641665492, 'colsample_bytree': 0.6764963483867383, 'min_child_weight': 1, 'gamma': 0.06352877109098028, 'reg_alpha': 2.180442783717924e-05, 'reg_lambda': 0.12998713905542536}. Best is trial 295 with value: 0.4805887163326403.
[I 2024-12-04 16:21:10,780] Trial 325 finished with value: 0.5046050850057896 and parameters: {'n_estimators': 1343, 'max_depth': 5, 'learning_rate': 0.04962130053757082, 'subsample': 0.9430576860887656, 'colsample_bytree': 0.5995511476290551, 'min_child_weight': 1, 'gamma': 0.0009934415817022002, 'reg_alpha': 6.266385869866279e-05, 'reg_lambda': 0.017737594580392122}. Best is trial 295 with value: 0.4805887163326403.
[I 2024-12-04 16:21:11,457] Trial 343 finished with value: 0.5092506125140419 and parameters: {'n_estimators': 1309, 'max_depth': 6, 'learning_rate': 0.08666186517357077, 'subsample': 0.9985897380979296, 'colsample_bytree': 0.7163341653864912, 'min_child_weight': 1, 'gamma': 0.026254091919465736, 'reg_alpha': 0.00014514133145026337, 'reg_lambda': 0.0102355391385947}. Best is trial 295 with value: 0.4805887163326403.
[I 2024-12-04 16:21:11,750] Trial 338 finished with value: 0.5125472601221942 and parameters: {'n_estimators': 1358, 'max_depth': 5, 'learning_rate': 0.047406783528601316, 'subsample': 0.96822104359235, 'colsample_bytree': 0.6402886143051421, 'min_child_weight': 1, 'gamma': 0.0036793853295816626, 'reg_alpha': 2.0393744663955264e-05, 'reg_lambda': 0.008171530464280676}. Best is trial 295 with value: 0.4805887163326403.
[I 2024-12-04 16:21:12,102] Trial 340 finished with value: 0.4975529013478823 and parameters: {'n_estimators': 1225, 'max_depth': 6, 'learning_rate': 0.0495734627123899, 'subsample': 0.9253386019633206, 'colsample_bytree': 0.6721225214207711, 'min_child_weight': 1, 'gamma': 0.0005313289254595986, 'reg_alpha': 1.7039329940578948e-05, 'reg_lambda': 0.07282060738782087}. Best is trial 295 with value: 0.4805887163326403.
[I 2024-12-04 16:21:12,155] Trial 348 finished with value: 0.5034218710513026 and parameters: {'n_estimators': 1307, 'max_depth': 8, 'learning_rate': 0.043507683917410334, 'subsample': 0.9842767523385897, 'colsample_bytree': 0.6144542464559877, 'min_child_weight': 1, 'gamma': 0.02340310548243683, 'reg_alpha': 8.018543129146525e-05, 'reg_lambda': 0.05680726843841297}. Best is trial 295 with value: 0.4805887163326403.
[I 2024-12-04 16:21:13,012] Trial 341 finished with value: 0.5099556080078431 and parameters: {'n_estimators': 1400, 'max_depth': 8, 'learning_rate': 0.029429957945219732, 'subsample': 0.9170933525972738, 'colsample_bytree': 0.6815417888936044, 'min_child_weight': 1, 'gamma': 0.03294779914483406, 'reg_alpha': 6.202126385329247e-05, 'reg_lambda': 0.2130985465272473}. Best is trial 295 with value: 0.4805887163326403.
[I 2024-12-04 16:21:13,156] Trial 353 finished with value: 0.50394120935811 and parameters: {'n_estimators': 1439, 'max_depth': 7, 'learning_rate': 0.0745634741095876, 'subsample': 0.9870742375906135, 'colsample_bytree': 0.6921383258752075, 'min_child_weight': 1, 'gamma': 0.03977141751352028, 'reg_alpha': 0.008447151977584257, 'reg_lambda': 0.21099311355895167}. Best is trial 295 with value: 0.4805887163326403.
[I 2024-12-04 16:21:13,322] Trial 350 finished with value: 0.5025605938760979 and parameters: {'n_estimators': 1295, 'max_depth': 9, 'learning_rate': 0.019128700163510932, 'subsample': 0.9467618301248786, 'colsample_bytree': 0.5767474335231735, 'min_child_weight': 1, 'gamma': 0.0005479431912121156, 'reg_alpha': 2.45943408048609e-05, 'reg_lambda': 0.06790695616861006}. Best is trial 295 with value: 0.4805887163326403.
[I 2024-12-04 16:21:13,373] Trial 335 finished with value: 0.5295258884868382 and parameters: {'n_estimators': 1381, 'max_depth': 3, 'learning_rate': 0.0713320680409096, 'subsample': 0.9711660775599398, 'colsample_bytree': 0.6734439389483853, 'min_child_weight': 1, 'gamma': 0.02180201014927526, 'reg_alpha': 5.3079554903661945e-05, 'reg_lambda': 0.1256281037571671}. Best is trial 295 with value: 0.4805887163326403.
[I 2024-12-04 16:21:13,633] Trial 349 finished with value: 0.5005454612474813 and parameters: {'n_estimators': 1409, 'max_depth': 8, 'learning_rate': 0.040576662038261754, 'subsample': 0.9883600516780493, 'colsample_bytree': 0.6662742678776907, 'min_child_weight': 1, 'gamma': 0.013837096597854532, 'reg_alpha': 2.218890342207215e-05, 'reg_lambda': 0.4689947956537973}. Best is trial 295 with value: 0.4805887163326403.
[I 2024-12-04 16:21:13,646] Trial 351 finished with value: 0.49903993404393615 and parameters: {'n_estimators': 1445, 'max_depth': 5, 'learning_rate': 0.030544487568764277, 'subsample': 0.9825323897247142, 'colsample_bytree': 0.5656656245020287, 'min_child_weight': 1, 'gamma': 0.006194562521399017, 'reg_alpha': 4.355385253326448e-05, 'reg_lambda': 0.06771562186022334}. Best is trial 295 with value: 0.4805887163326403.
[I 2024-12-04 16:21:13,713] Trial 344 finished with value: 0.4995491135922159 and parameters: {'n_estimators': 1466, 'max_depth': 8, 'learning_rate': 0.02210763198360282, 'subsample': 0.9678986887085951, 'colsample_bytree': 0.6388252213412985, 'min_child_weight': 1, 'gamma': 0.011953673287908827, 'reg_alpha': 4.281484285754872e-05, 'reg_lambda': 0.20342399564154406}. Best is trial 295 with value: 0.4805887163326403.
[I 2024-12-04 16:21:13,936] Trial 342 finished with value: 0.5034571931037185 and parameters: {'n_estimators': 1386, 'max_depth': 10, 'learning_rate': 0.022902540825521844, 'subsample': 0.9886669403921344, 'colsample_bytree': 0.6471575816274457, 'min_child_weight': 1, 'gamma': 0.05623804923472001, 'reg_alpha': 5.855169767208537e-05, 'reg_lambda': 0.06385744486838672}. Best is trial 295 with value: 0.4805887163326403.
[I 2024-12-04 16:21:13,972] Trial 352 finished with value: 0.49601777194504787 and parameters: {'n_estimators': 1462, 'max_depth': 6, 'learning_rate': 0.0527543441059735, 'subsample': 0.9948678047952546, 'colsample_bytree': 0.5951131533546489, 'min_child_weight': 1, 'gamma': 0.008281473090425479, 'reg_alpha': 7.790366209445427e-05, 'reg_lambda': 0.06712752938198809}. Best is trial 295 with value: 0.4805887163326403.
[I 2024-12-04 16:21:14,118] Trial 333 finished with value: 0.5186719020164617 and parameters: {'n_estimators': 1179, 'max_depth': 10, 'learning_rate': 0.015975395002675138, 'subsample': 0.8868663951672215, 'colsample_bytree': 0.5843323137943114, 'min_child_weight': 1, 'gamma': 0.0014081976911379177, 'reg_alpha': 6.919823786633893e-05, 'reg_lambda': 0.012061958043456873}. Best is trial 295 with value: 0.4805887163326403.
[I 2024-12-04 16:21:14,150] Trial 345 finished with value: 0.5346783003697595 and parameters: {'n_estimators': 1330, 'max_depth': 4, 'learning_rate': 0.0790782526027308, 'subsample': 0.9954494262048713, 'colsample_bytree': 0.7020643733606916, 'min_child_weight': 1, 'gamma': 0.009926339884305467, 'reg_alpha': 0.00042527174490045476, 'reg_lambda': 0.02840897815250651}. Best is trial 295 with value: 0.4805887163326403.
