Seed set to 42
[I 2024-12-15 15:49:36,796] Using an existing study with name 'Omega_afp' instead of creating a new one.
[I 2024-12-15 15:49:49,339] Trial 717 finished with value: 0.20345984399318695 and parameters: {'mlp_n_layers': 3, 'mlp_dim_00': 128, 'mlp_dim_01': 208, 'mlp_dim_02': 176, 'hidden_channels': 192, 'num_layers': 2, 'num_timesteps': 1, 'dropout': 0.07250989906559722, 'train_learning_rate': 0.0067742327764939115, 'train_lr_reduce': 0.6}. Best is trial 632 with value: 0.13978464901447296.
[I 2024-12-15 15:49:52,359] Trial 718 finished with value: 0.24431541562080383 and parameters: {'mlp_n_layers': 4, 'mlp_dim_00': 208, 'mlp_dim_01': 240, 'mlp_dim_02': 176, 'mlp_dim_03': 128, 'hidden_channels': 240, 'num_layers': 1, 'num_timesteps': 2, 'dropout': 0.034602938909848134, 'train_learning_rate': 0.0030655412578303983, 'train_lr_reduce': 0.6}. Best is trial 632 with value: 0.13978464901447296.
[I 2024-12-15 15:49:54,341] Trial 719 finished with value: 0.16589325666427612 and parameters: {'mlp_n_layers': 4, 'mlp_dim_00': 112, 'mlp_dim_01': 224, 'mlp_dim_02': 160, 'mlp_dim_03': 128, 'hidden_channels': 208, 'num_layers': 1, 'num_timesteps': 3, 'dropout': 0.06950237527399784, 'train_learning_rate': 0.002274135915465321, 'train_lr_reduce': 0.6}. Best is trial 632 with value: 0.13978464901447296.
[I 2024-12-15 15:49:57,696] Trial 720 finished with value: 0.23509062826633453 and parameters: {'mlp_n_layers': 3, 'mlp_dim_00': 224, 'mlp_dim_01': 256, 'mlp_dim_02': 144, 'hidden_channels': 256, 'num_layers': 2, 'num_timesteps': 3, 'dropout': 0.04382670050327785, 'train_learning_rate': 0.0019155950655889615, 'train_lr_reduce': 0.6}. Best is trial 632 with value: 0.13978464901447296.
[I 2024-12-15 15:50:04,036] Trial 723 finished with value: 0.21690182387828827 and parameters: {'mlp_n_layers': 3, 'mlp_dim_00': 144, 'mlp_dim_01': 192, 'mlp_dim_02': 160, 'hidden_channels': 176, 'num_layers': 2, 'num_timesteps': 2, 'dropout': 0.005125921720746621, 'train_learning_rate': 0.006862881208694811, 'train_lr_reduce': 0.6}. Best is trial 632 with value: 0.13978464901447296.
[I 2024-12-15 15:50:07,156] Trial 722 finished with value: 0.1776847541332245 and parameters: {'mlp_n_layers': 4, 'mlp_dim_00': 192, 'mlp_dim_01': 96, 'mlp_dim_02': 192, 'mlp_dim_03': 160, 'hidden_channels': 176, 'num_layers': 1, 'num_timesteps': 2, 'dropout': 0.04674776110410228, 'train_learning_rate': 0.008447413737696795, 'train_lr_reduce': 0.6}. Best is trial 632 with value: 0.13978464901447296.
[I 2024-12-15 15:50:08,120] Trial 721 finished with value: 0.16355887055397034 and parameters: {'mlp_n_layers': 4, 'mlp_dim_00': 192, 'mlp_dim_01': 240, 'mlp_dim_02': 176, 'mlp_dim_03': 112, 'hidden_channels': 208, 'num_layers': 1, 'num_timesteps': 3, 'dropout': 0.010104656729860027, 'train_learning_rate': 0.002282714757722342, 'train_lr_reduce': 0.6}. Best is trial 632 with value: 0.13978464901447296.
[I 2024-12-15 15:50:12,077] Trial 726 finished with value: 1.3182703256607056 and parameters: {'mlp_n_layers': 3, 'mlp_dim_00': 224, 'mlp_dim_01': 256, 'mlp_dim_02': 192, 'hidden_channels': 128, 'num_layers': 4, 'num_timesteps': 2, 'dropout': 0.1878004787383209, 'train_learning_rate': 0.005535629034188171, 'train_lr_reduce': 0.6}. Best is trial 632 with value: 0.13978464901447296.
[I 2024-12-15 15:50:16,426] Trial 725 finished with value: 0.21466676890850067 and parameters: {'mlp_n_layers': 4, 'mlp_dim_00': 224, 'mlp_dim_01': 240, 'mlp_dim_02': 144, 'mlp_dim_03': 112, 'hidden_channels': 240, 'num_layers': 2, 'num_timesteps': 3, 'dropout': 0.008541970601153581, 'train_learning_rate': 0.0014965381386291014, 'train_lr_reduce': 0.6}. Best is trial 632 with value: 0.13978464901447296.
[I 2024-12-15 15:50:17,961] Trial 724 finished with value: 0.2398512065410614 and parameters: {'mlp_n_layers': 2, 'mlp_dim_00': 48, 'mlp_dim_01': 144, 'hidden_channels': 240, 'num_layers': 3, 'num_timesteps': 1, 'dropout': 0.20492525751800164, 'train_learning_rate': 0.00016890201931891023, 'train_lr_reduce': 0.6}. Best is trial 632 with value: 0.13978464901447296.
[I 2024-12-15 15:50:23,506] Trial 727 finished with value: 0.2248479574918747 and parameters: {'mlp_n_layers': 3, 'mlp_dim_00': 112, 'mlp_dim_01': 144, 'mlp_dim_02': 176, 'hidden_channels': 240, 'num_layers': 1, 'num_timesteps': 4, 'dropout': 0.00725497413053361, 'train_learning_rate': 0.004509080951392922, 'train_lr_reduce': 0.6}. Best is trial 632 with value: 0.13978464901447296.
[I 2024-12-15 15:50:24,909] Trial 729 finished with value: 0.23632389307022095 and parameters: {'mlp_n_layers': 2, 'mlp_dim_00': 48, 'mlp_dim_01': 32, 'hidden_channels': 64, 'num_layers': 4, 'num_timesteps': 1, 'dropout': 0.19199462367155334, 'train_learning_rate': 0.003822903362032439, 'train_lr_reduce': 0.6}. Best is trial 632 with value: 0.13978464901447296.
[I 2024-12-15 15:50:26,298] Trial 728 finished with value: 0.25898849964141846 and parameters: {'mlp_n_layers': 4, 'mlp_dim_00': 144, 'mlp_dim_01': 192, 'mlp_dim_02': 144, 'mlp_dim_03': 112, 'hidden_channels': 32, 'num_layers': 3, 'num_timesteps': 4, 'dropout': 0.29379885186038446, 'train_learning_rate': 0.004244420688313375, 'train_lr_reduce': 0.6}. Best is trial 632 with value: 0.13978464901447296.
[I 2024-12-15 15:50:31,713] Trial 730 finished with value: 0.20500607788562775 and parameters: {'mlp_n_layers': 2, 'mlp_dim_00': 208, 'mlp_dim_01': 224, 'hidden_channels': 96, 'num_layers': 1, 'num_timesteps': 4, 'dropout': 0.005530757186521115, 'train_learning_rate': 0.0019871281098960826, 'train_lr_reduce': 0.6}. Best is trial 632 with value: 0.13978464901447296.
[I 2024-12-15 15:50:32,577] Trial 731 finished with value: 0.22743675112724304 and parameters: {'mlp_n_layers': 4, 'mlp_dim_00': 176, 'mlp_dim_01': 128, 'mlp_dim_02': 192, 'mlp_dim_03': 112, 'hidden_channels': 208, 'num_layers': 2, 'num_timesteps': 2, 'dropout': 0.015534311414535956, 'train_learning_rate': 0.004933930923244777, 'train_lr_reduce': 0.6}. Best is trial 632 with value: 0.13978464901447296.
[I 2024-12-15 15:50:33,902] Trial 732 finished with value: 0.20747420191764832 and parameters: {'mlp_n_layers': 4, 'mlp_dim_00': 176, 'mlp_dim_01': 192, 'mlp_dim_02': 160, 'mlp_dim_03': 112, 'hidden_channels': 208, 'num_layers': 1, 'num_timesteps': 3, 'dropout': 0.0028722097144695986, 'train_learning_rate': 0.002636547532760914, 'train_lr_reduce': 0.6}. Best is trial 632 with value: 0.13978464901447296.
[I 2024-12-15 15:50:41,598] Trial 733 finished with value: 0.19403797388076782 and parameters: {'mlp_n_layers': 4, 'mlp_dim_00': 208, 'mlp_dim_01': 224, 'mlp_dim_02': 176, 'mlp_dim_03': 128, 'hidden_channels': 256, 'num_layers': 1, 'num_timesteps': 3, 'dropout': 0.05099885011289567, 'train_learning_rate': 0.004184873723437972, 'train_lr_reduce': 0.6}. Best is trial 632 with value: 0.13978464901447296.
[I 2024-12-15 15:50:43,798] Trial 734 finished with value: 0.22310733795166016 and parameters: {'mlp_n_layers': 2, 'mlp_dim_00': 256, 'mlp_dim_01': 256, 'hidden_channels': 32, 'num_layers': 3, 'num_timesteps': 3, 'dropout': 0.13079633254914583, 'train_learning_rate': 0.0017168075601841314, 'train_lr_reduce': 0.6}. Best is trial 632 with value: 0.13978464901447296.
[I 2024-12-15 15:50:44,631] Trial 735 finished with value: 0.15587098896503448 and parameters: {'mlp_n_layers': 4, 'mlp_dim_00': 208, 'mlp_dim_01': 240, 'mlp_dim_02': 144, 'mlp_dim_03': 112, 'hidden_channels': 256, 'num_layers': 1, 'num_timesteps': 3, 'dropout': 0.03449157274199931, 'train_learning_rate': 0.002313110330814609, 'train_lr_reduce': 0.6}. Best is trial 632 with value: 0.13978464901447296.
[I 2024-12-15 15:50:51,903] Trial 738 finished with value: 0.2103746235370636 and parameters: {'mlp_n_layers': 4, 'mlp_dim_00': 176, 'mlp_dim_01': 224, 'mlp_dim_02': 144, 'mlp_dim_03': 112, 'hidden_channels': 256, 'num_layers': 2, 'num_timesteps': 2, 'dropout': 0.038829189117691405, 'train_learning_rate': 0.0017878623560645057, 'train_lr_reduce': 0.6}. Best is trial 632 with value: 0.13978464901447296.
[I 2024-12-15 15:50:53,583] Trial 736 finished with value: 0.1897585242986679 and parameters: {'mlp_n_layers': 4, 'mlp_dim_00': 112, 'mlp_dim_01': 208, 'mlp_dim_02': 192, 'mlp_dim_03': 96, 'hidden_channels': 192, 'num_layers': 1, 'num_timesteps': 3, 'dropout': 0.025750812292292473, 'train_learning_rate': 0.0018813278047288605, 'train_lr_reduce': 0.6}. Best is trial 632 with value: 0.13978464901447296.
[I 2024-12-15 15:50:53,587] Trial 737 finished with value: 0.1951054185628891 and parameters: {'mlp_n_layers': 4, 'mlp_dim_00': 208, 'mlp_dim_01': 192, 'mlp_dim_02': 128, 'mlp_dim_03': 144, 'hidden_channels': 208, 'num_layers': 1, 'num_timesteps': 3, 'dropout': 0.0005823519314111861, 'train_learning_rate': 0.001805765883538589, 'train_lr_reduce': 0.6}. Best is trial 632 with value: 0.13978464901447296.
[I 2024-12-15 15:51:02,622] Trial 739 finished with value: 0.2197035253047943 and parameters: {'mlp_n_layers': 3, 'mlp_dim_00': 176, 'mlp_dim_01': 240, 'mlp_dim_02': 144, 'hidden_channels': 192, 'num_layers': 1, 'num_timesteps': 2, 'dropout': 0.023751789327940146, 'train_learning_rate': 0.0034297392678508203, 'train_lr_reduce': 0.6}. Best is trial 632 with value: 0.13978464901447296.
[I 2024-12-15 15:51:05,069] Trial 741 finished with value: 0.18152910470962524 and parameters: {'mlp_n_layers': 4, 'mlp_dim_00': 192, 'mlp_dim_01': 192, 'mlp_dim_02': 160, 'mlp_dim_03': 112, 'hidden_channels': 240, 'num_layers': 1, 'num_timesteps': 3, 'dropout': 0.004665789141393744, 'train_learning_rate': 0.0020391698597306347, 'train_lr_reduce': 0.6}. Best is trial 632 with value: 0.13978464901447296.
[I 2024-12-15 15:51:06,163] Trial 740 finished with value: 0.16367202997207642 and parameters: {'mlp_n_layers': 3, 'mlp_dim_00': 160, 'mlp_dim_01': 208, 'mlp_dim_02': 144, 'hidden_channels': 240, 'num_layers': 1, 'num_timesteps': 3, 'dropout': 0.06210673927506279, 'train_learning_rate': 0.0018686964500988158, 'train_lr_reduce': 0.6}. Best is trial 632 with value: 0.13978464901447296.
[I 2024-12-15 15:51:13,963] Trial 743 finished with value: 0.2030205875635147 and parameters: {'mlp_n_layers': 4, 'mlp_dim_00': 160, 'mlp_dim_01': 48, 'mlp_dim_02': 160, 'mlp_dim_03': 96, 'hidden_channels': 176, 'num_layers': 1, 'num_timesteps': 1, 'dropout': 0.03327437738594953, 'train_learning_rate': 0.0010597304052149337, 'train_lr_reduce': 0.6}. Best is trial 632 with value: 0.13978464901447296.
[I 2024-12-15 15:51:13,978] Trial 744 finished with value: 0.19355981051921844 and parameters: {'mlp_n_layers': 4, 'mlp_dim_00': 208, 'mlp_dim_01': 256, 'mlp_dim_02': 128, 'mlp_dim_03': 128, 'hidden_channels': 208, 'num_layers': 1, 'num_timesteps': 3, 'dropout': 0.06178127066783419, 'train_learning_rate': 0.002109264284516633, 'train_lr_reduce': 0.6}. Best is trial 632 with value: 0.13978464901447296.
[I 2024-12-15 15:51:16,386] Trial 742 finished with value: 0.18610906600952148 and parameters: {'mlp_n_layers': 4, 'mlp_dim_00': 240, 'mlp_dim_01': 256, 'mlp_dim_02': 128, 'mlp_dim_03': 128, 'hidden_channels': 240, 'num_layers': 1, 'num_timesteps': 4, 'dropout': 0.04121763404802381, 'train_learning_rate': 0.0007316903321989758, 'train_lr_reduce': 0.6}. Best is trial 632 with value: 0.13978464901447296.
[I 2024-12-15 15:51:22,572] Trial 746 finished with value: 0.17086513340473175 and parameters: {'mlp_n_layers': 4, 'mlp_dim_00': 240, 'mlp_dim_01': 208, 'mlp_dim_02': 144, 'mlp_dim_03': 160, 'hidden_channels': 256, 'num_layers': 1, 'num_timesteps': 3, 'dropout': 0.07842832974741992, 'train_learning_rate': 0.0017481659320198047, 'train_lr_reduce': 0.6}. Best is trial 632 with value: 0.13978464901447296.
[I 2024-12-15 15:51:30,682] Trial 748 finished with value: 0.19666549563407898 and parameters: {'mlp_n_layers': 3, 'mlp_dim_00': 256, 'mlp_dim_01': 208, 'mlp_dim_02': 128, 'hidden_channels': 192, 'num_layers': 1, 'num_timesteps': 3, 'dropout': 0.05075263598043779, 'train_learning_rate': 0.0015232641905954004, 'train_lr_reduce': 0.6}. Best is trial 632 with value: 0.13978464901447296.
[I 2024-12-15 15:51:30,753] Trial 745 finished with value: 0.1761447638273239 and parameters: {'mlp_n_layers': 4, 'mlp_dim_00': 112, 'mlp_dim_01': 240, 'mlp_dim_02': 144, 'mlp_dim_03': 96, 'hidden_channels': 240, 'num_layers': 1, 'num_timesteps': 4, 'dropout': 0.00300388114917732, 'train_learning_rate': 0.0029733479097764485, 'train_lr_reduce': 0.6}. Best is trial 632 with value: 0.13978464901447296.
[I 2024-12-15 15:51:31,804] Trial 747 finished with value: 0.1920531541109085 and parameters: {'mlp_n_layers': 3, 'mlp_dim_00': 64, 'mlp_dim_01': 192, 'mlp_dim_02': 144, 'hidden_channels': 256, 'num_layers': 1, 'num_timesteps': 3, 'dropout': 0.05114659845991974, 'train_learning_rate': 0.0007318347938767028, 'train_lr_reduce': 0.6}. Best is trial 632 with value: 0.13978464901447296.
[I 2024-12-15 15:51:40,672] Trial 749 finished with value: 0.21751128137111664 and parameters: {'mlp_n_layers': 3, 'mlp_dim_00': 160, 'mlp_dim_01': 192, 'mlp_dim_02': 160, 'hidden_channels': 256, 'num_layers': 2, 'num_timesteps': 3, 'dropout': 0.055385466295106725, 'train_learning_rate': 0.0010448241861564056, 'train_lr_reduce': 0.6}. Best is trial 632 with value: 0.13978464901447296.
[I 2024-12-15 15:51:44,060] Trial 750 finished with value: 0.26245206594467163 and parameters: {'mlp_n_layers': 3, 'mlp_dim_00': 48, 'mlp_dim_01': 64, 'mlp_dim_02': 160, 'hidden_channels': 208, 'num_layers': 4, 'num_timesteps': 3, 'dropout': 0.01442939421058842, 'train_learning_rate': 0.00033358481415819615, 'train_lr_reduce': 0.6}. Best is trial 632 with value: 0.13978464901447296.
[I 2024-12-15 15:51:44,361] Trial 751 finished with value: 0.22925883531570435 and parameters: {'mlp_n_layers': 2, 'mlp_dim_00': 128, 'mlp_dim_01': 256, 'hidden_channels': 144, 'num_layers': 4, 'num_timesteps': 4, 'dropout': 0.07689452154114605, 'train_learning_rate': 0.000723834963895789, 'train_lr_reduce': 0.6}. Best is trial 632 with value: 0.13978464901447296.
[I 2024-12-15 15:51:52,380] Trial 752 finished with value: 0.1688653975725174 and parameters: {'mlp_n_layers': 4, 'mlp_dim_00': 48, 'mlp_dim_01': 224, 'mlp_dim_02': 128, 'mlp_dim_03': 128, 'hidden_channels': 144, 'num_layers': 1, 'num_timesteps': 2, 'dropout': 0.035573797542326646, 'train_learning_rate': 0.0029625523571669334, 'train_lr_reduce': 0.6}. Best is trial 632 with value: 0.13978464901447296.
[I 2024-12-15 15:51:52,604] Trial 753 finished with value: 0.18611304461956024 and parameters: {'mlp_n_layers': 3, 'mlp_dim_00': 160, 'mlp_dim_01': 224, 'mlp_dim_02': 160, 'hidden_channels': 256, 'num_layers': 1, 'num_timesteps': 4, 'dropout': 0.09681872406600883, 'train_learning_rate': 0.0011632605121688192, 'train_lr_reduce': 0.6}. Best is trial 632 with value: 0.13978464901447296.
[I 2024-12-15 15:51:52,641] Trial 754 finished with value: 0.19307510554790497 and parameters: {'mlp_n_layers': 4, 'mlp_dim_00': 128, 'mlp_dim_01': 128, 'mlp_dim_02': 144, 'mlp_dim_03': 96, 'hidden_channels': 160, 'num_layers': 1, 'num_timesteps': 2, 'dropout': 0.007615620994418548, 'train_learning_rate': 0.0009864879695411005, 'train_lr_reduce': 0.6}. Best is trial 632 with value: 0.13978464901447296.
[I 2024-12-15 15:51:59,840] Trial 755 finished with value: 0.18915797770023346 and parameters: {'mlp_n_layers': 4, 'mlp_dim_00': 176, 'mlp_dim_01': 224, 'mlp_dim_02': 176, 'mlp_dim_03': 112, 'hidden_channels': 208, 'num_layers': 1, 'num_timesteps': 2, 'dropout': 0.015433021938939556, 'train_learning_rate': 0.0019087951645631353, 'train_lr_reduce': 0.6}. Best is trial 632 with value: 0.13978464901447296.
[I 2024-12-15 15:52:01,077] Trial 756 finished with value: 0.18586820363998413 and parameters: {'mlp_n_layers': 3, 'mlp_dim_00': 160, 'mlp_dim_01': 176, 'mlp_dim_02': 176, 'hidden_channels': 224, 'num_layers': 1, 'num_timesteps': 3, 'dropout': 0.020218532525579758, 'train_learning_rate': 0.0013495933646044632, 'train_lr_reduce': 0.6}. Best is trial 632 with value: 0.13978464901447296.
[I 2024-12-15 15:52:02,132] Trial 757 finished with value: 0.1780419945716858 and parameters: {'mlp_n_layers': 4, 'mlp_dim_00': 176, 'mlp_dim_01': 240, 'mlp_dim_02': 144, 'mlp_dim_03': 96, 'hidden_channels': 208, 'num_layers': 1, 'num_timesteps': 3, 'dropout': 0.005702335760971209, 'train_learning_rate': 0.0033982631525388282, 'train_lr_reduce': 0.6}. Best is trial 632 with value: 0.13978464901447296.
[I 2024-12-15 15:52:07,460] Trial 758 finished with value: 0.2248348891735077 and parameters: {'mlp_n_layers': 3, 'mlp_dim_00': 128, 'mlp_dim_01': 256, 'mlp_dim_02': 128, 'hidden_channels': 256, 'num_layers': 2, 'num_timesteps': 3, 'dropout': 0.1344714265593065, 'train_learning_rate': 0.002400064405624511, 'train_lr_reduce': 0.6}. Best is trial 632 with value: 0.13978464901447296.
[I 2024-12-15 15:52:12,533] Trial 759 finished with value: 0.236069917678833 and parameters: {'mlp_n_layers': 3, 'mlp_dim_00': 160, 'mlp_dim_01': 224, 'mlp_dim_02': 160, 'hidden_channels': 208, 'num_layers': 1, 'num_timesteps': 3, 'dropout': 0.07333957688572572, 'train_learning_rate': 0.008213975922210561, 'train_lr_reduce': 0.6}. Best is trial 632 with value: 0.13978464901447296.
[I 2024-12-15 15:52:13,979] Trial 760 finished with value: 0.1956927329301834 and parameters: {'mlp_n_layers': 4, 'mlp_dim_00': 240, 'mlp_dim_01': 240, 'mlp_dim_02': 192, 'mlp_dim_03': 144, 'hidden_channels': 240, 'num_layers': 2, 'num_timesteps': 3, 'dropout': 0.029416210242005435, 'train_learning_rate': 0.007434550551406463, 'train_lr_reduce': 0.6}. Best is trial 632 with value: 0.13978464901447296.
[I 2024-12-15 15:52:16,643] Trial 761 finished with value: 0.22764042019844055 and parameters: {'mlp_n_layers': 4, 'mlp_dim_00': 160, 'mlp_dim_01': 144, 'mlp_dim_02': 128, 'mlp_dim_03': 128, 'hidden_channels': 256, 'num_layers': 1, 'num_timesteps': 4, 'dropout': 0.017580050145301413, 'train_learning_rate': 0.0037429367989869917, 'train_lr_reduce': 0.6}. Best is trial 632 with value: 0.13978464901447296.
[I 2024-12-15 15:52:20,817] Trial 762 finished with value: 0.19847679138183594 and parameters: {'mlp_n_layers': 3, 'mlp_dim_00': 192, 'mlp_dim_01': 224, 'mlp_dim_02': 160, 'hidden_channels': 240, 'num_layers': 1, 'num_timesteps': 3, 'dropout': 0.03799927040855356, 'train_learning_rate': 0.0013808253089468677, 'train_lr_reduce': 0.6}. Best is trial 632 with value: 0.13978464901447296.
[I 2024-12-15 15:52:24,576] Trial 763 finished with value: 0.1488730013370514 and parameters: {'mlp_n_layers': 3, 'mlp_dim_00': 176, 'mlp_dim_01': 192, 'mlp_dim_02': 192, 'hidden_channels': 240, 'num_layers': 1, 'num_timesteps': 2, 'dropout': 0.024212818312320486, 'train_learning_rate': 0.004356815979397058, 'train_lr_reduce': 0.6}. Best is trial 632 with value: 0.13978464901447296.
[I 2024-12-15 15:52:31,922] Trial 764 finished with value: 0.1695982664823532 and parameters: {'mlp_n_layers': 4, 'mlp_dim_00': 192, 'mlp_dim_01': 208, 'mlp_dim_02': 160, 'mlp_dim_03': 96, 'hidden_channels': 256, 'num_layers': 1, 'num_timesteps': 3, 'dropout': 0.041031537410601546, 'train_learning_rate': 0.0011689935540027876, 'train_lr_reduce': 0.6}. Best is trial 632 with value: 0.13978464901447296.
[I 2024-12-15 15:52:32,062] Trial 765 finished with value: 0.23906032741069794 and parameters: {'mlp_n_layers': 3, 'mlp_dim_00': 32, 'mlp_dim_01': 240, 'mlp_dim_02': 192, 'hidden_channels': 256, 'num_layers': 3, 'num_timesteps': 1, 'dropout': 0.06395764420544238, 'train_learning_rate': 0.00037041292375179167, 'train_lr_reduce': 0.6}. Best is trial 632 with value: 0.13978464901447296.
[I 2024-12-15 15:52:36,776] Trial 766 finished with value: 0.1502874344587326 and parameters: {'mlp_n_layers': 3, 'mlp_dim_00': 208, 'mlp_dim_01': 208, 'mlp_dim_02': 176, 'hidden_channels': 256, 'num_layers': 1, 'num_timesteps': 3, 'dropout': 0.08282982028714048, 'train_learning_rate': 0.004850745680374401, 'train_lr_reduce': 0.6}. Best is trial 632 with value: 0.13978464901447296.
[I 2024-12-15 15:52:38,597] Trial 767 finished with value: 0.19918985664844513 and parameters: {'mlp_n_layers': 2, 'mlp_dim_00': 208, 'mlp_dim_01': 128, 'hidden_channels': 240, 'num_layers': 1, 'num_timesteps': 2, 'dropout': 0.029196108514105097, 'train_learning_rate': 0.006124883739181723, 'train_lr_reduce': 0.6}. Best is trial 632 with value: 0.13978464901447296.
[I 2024-12-15 15:52:45,025] Trial 769 finished with value: 0.23545724153518677 and parameters: {'mlp_n_layers': 3, 'mlp_dim_00': 224, 'mlp_dim_01': 208, 'mlp_dim_02': 160, 'hidden_channels': 240, 'num_layers': 2, 'num_timesteps': 1, 'dropout': 0.019966676405262396, 'train_learning_rate': 0.0061135468135696145, 'train_lr_reduce': 0.6}. Best is trial 632 with value: 0.13978464901447296.
[I 2024-12-15 15:52:46,247] Trial 768 finished with value: 0.4008096754550934 and parameters: {'mlp_n_layers': 3, 'mlp_dim_00': 32, 'mlp_dim_01': 240, 'mlp_dim_02': 176, 'hidden_channels': 160, 'num_layers': 4, 'num_timesteps': 3, 'dropout': 0.2794411304102166, 'train_learning_rate': 0.00036178274082263246, 'train_lr_reduce': 0.6}. Best is trial 632 with value: 0.13978464901447296.
[I 2024-12-15 15:52:47,004] Trial 770 finished with value: 0.23336182534694672 and parameters: {'mlp_n_layers': 3, 'mlp_dim_00': 176, 'mlp_dim_01': 128, 'mlp_dim_02': 144, 'hidden_channels': 256, 'num_layers': 2, 'num_timesteps': 1, 'dropout': 0.29821863787615227, 'train_learning_rate': 0.0023936638642468276, 'train_lr_reduce': 0.6}. Best is trial 632 with value: 0.13978464901447296.
[I 2024-12-15 15:53:01,204] Trial 771 finished with value: 0.2000095397233963 and parameters: {'mlp_n_layers': 3, 'mlp_dim_00': 144, 'mlp_dim_01': 240, 'mlp_dim_02': 176, 'hidden_channels': 256, 'num_layers': 1, 'num_timesteps': 3, 'dropout': 0.011295735313632413, 'train_learning_rate': 0.0023595843309722896, 'train_lr_reduce': 0.6}. Best is trial 632 with value: 0.13978464901447296.
