[I 2024-12-26 07:03:12,122] Trial 2026 finished with value: 0.06479823589324951 and parameters: {'L1_hidden_dim': 64, 'L1_layers_atom': 2, 'L1_layers_mol': 2, 'L1_dropout': 0.28860422339552033, 'L1_out_dim': 112, 'L2_hidden_dim': 240, 'L2_layers_atom': 2, 'L2_layers_mol': 2, 'L2_out_dim': 80, 'L2_dropout': 0.022605657398092026, 'L3_hidden_dim': 48, 'L3_layers_atom': 3, 'L3_layers_mol': 3, 'L3_out_dim': 128, 'L3_dropout': 0.14640863071866453, 'n_mlp_layers': 3, 'mlp_dim_0': 144, 'mlp_dim_1': 280, 'mlp_dim_2': 216, 'num_heads': 1, 'final_dropout': 0.06191208966421985, 'train_learning_rate': 0.002296029810845362, 'train_lr_reduce': 0.6}. Best is trial 1286 with value: 0.03935658559203148.
[I 2024-12-26 07:04:11,281] Trial 2027 finished with value: 0.1092638149857521 and parameters: {'L1_hidden_dim': 224, 'L1_layers_atom': 1, 'L1_layers_mol': 4, 'L1_dropout': 0.10867471900909145, 'L1_out_dim': 64, 'L2_hidden_dim': 160, 'L2_layers_atom': 4, 'L2_layers_mol': 2, 'L2_out_dim': 112, 'L2_dropout': 0.23970910347575586, 'L3_hidden_dim': 80, 'L3_layers_atom': 3, 'L3_layers_mol': 4, 'L3_out_dim': 128, 'L3_dropout': 0.07006453512016728, 'n_mlp_layers': 3, 'mlp_dim_0': 64, 'mlp_dim_1': 424, 'mlp_dim_2': 152, 'num_heads': 2, 'final_dropout': 0.1084212309959037, 'train_learning_rate': 0.0015481841513272584, 'train_lr_reduce': 0.6}. Best is trial 1286 with value: 0.03935658559203148.
[I 2024-12-26 07:04:19,083] Trial 2028 finished with value: 0.08394641429185867 and parameters: {'L1_hidden_dim': 64, 'L1_layers_atom': 1, 'L1_layers_mol': 2, 'L1_dropout': 0.2748845779975965, 'L1_out_dim': 64, 'L2_hidden_dim': 224, 'L2_layers_atom': 3, 'L2_layers_mol': 4, 'L2_out_dim': 128, 'L2_dropout': 0.008437715599601936, 'L3_hidden_dim': 80, 'L3_layers_atom': 3, 'L3_layers_mol': 1, 'L3_out_dim': 112, 'L3_dropout': 0.07868237463740266, 'n_mlp_layers': 3, 'mlp_dim_0': 376, 'mlp_dim_1': 336, 'mlp_dim_2': 72, 'num_heads': 1, 'final_dropout': 0.06465425634402654, 'train_learning_rate': 0.0019193951055517945, 'train_lr_reduce': 0.6}. Best is trial 1286 with value: 0.03935658559203148.
[I 2024-12-26 07:05:12,970] Trial 2029 finished with value: 0.09566760063171387 and parameters: {'L1_hidden_dim': 128, 'L1_layers_atom': 2, 'L1_layers_mol': 1, 'L1_dropout': 0.1499952503904347, 'L1_out_dim': 80, 'L2_hidden_dim': 224, 'L2_layers_atom': 4, 'L2_layers_mol': 4, 'L2_out_dim': 96, 'L2_dropout': 0.21344637375074302, 'L3_hidden_dim': 112, 'L3_layers_atom': 2, 'L3_layers_mol': 1, 'L3_out_dim': 128, 'L3_dropout': 0.12331970119357577, 'n_mlp_layers': 3, 'mlp_dim_0': 352, 'mlp_dim_1': 456, 'mlp_dim_2': 112, 'num_heads': 2, 'final_dropout': 0.0827754303513885, 'train_learning_rate': 0.00036051781150244074, 'train_lr_reduce': 0.6}. Best is trial 1286 with value: 0.03935658559203148.
[I 2024-12-26 07:05:21,784] Trial 2031 finished with value: 0.17821720242500305 and parameters: {'L1_hidden_dim': 112, 'L1_layers_atom': 4, 'L1_layers_mol': 4, 'L1_dropout': 0.18758666776007923, 'L1_out_dim': 64, 'L2_hidden_dim': 224, 'L2_layers_atom': 3, 'L2_layers_mol': 2, 'L2_out_dim': 32, 'L2_dropout': 0.04985610710205623, 'L3_hidden_dim': 80, 'L3_layers_atom': 4, 'L3_layers_mol': 2, 'L3_out_dim': 112, 'L3_dropout': 0.01473772639864586, 'n_mlp_layers': 3, 'mlp_dim_0': 320, 'mlp_dim_1': 408, 'mlp_dim_2': 112, 'num_heads': 1, 'final_dropout': 0.0796392012378525, 'train_learning_rate': 0.0067579380923768525, 'train_lr_reduce': 0.6}. Best is trial 1286 with value: 0.03935658559203148.
[I 2024-12-26 07:05:31,086] Trial 2030 finished with value: 0.0812818631529808 and parameters: {'L1_hidden_dim': 64, 'L1_layers_atom': 4, 'L1_layers_mol': 4, 'L1_dropout': 0.18229788706201877, 'L1_out_dim': 48, 'L2_hidden_dim': 208, 'L2_layers_atom': 3, 'L2_layers_mol': 2, 'L2_out_dim': 32, 'L2_dropout': 0.14788230309829628, 'L3_hidden_dim': 48, 'L3_layers_atom': 3, 'L3_layers_mol': 3, 'L3_out_dim': 96, 'L3_dropout': 0.06678320765467445, 'n_mlp_layers': 3, 'mlp_dim_0': 384, 'mlp_dim_1': 480, 'mlp_dim_2': 32, 'num_heads': 1, 'final_dropout': 0.1460941389022114, 'train_learning_rate': 0.0017687802006743304, 'train_lr_reduce': 0.6}. Best is trial 1286 with value: 0.03935658559203148.
[I 2024-12-26 07:06:31,183] Trial 2032 finished with value: 0.07317206263542175 and parameters: {'L1_hidden_dim': 80, 'L1_layers_atom': 3, 'L1_layers_mol': 4, 'L1_dropout': 0.2893176811223359, 'L1_out_dim': 80, 'L2_hidden_dim': 192, 'L2_layers_atom': 1, 'L2_layers_mol': 2, 'L2_out_dim': 128, 'L2_dropout': 0.10430251230323598, 'L3_hidden_dim': 112, 'L3_layers_atom': 4, 'L3_layers_mol': 1, 'L3_out_dim': 96, 'L3_dropout': 0.20404528467411398, 'n_mlp_layers': 2, 'mlp_dim_0': 160, 'mlp_dim_1': 512, 'num_heads': 2, 'final_dropout': 0.15196885538680555, 'train_learning_rate': 0.0008581934860516312, 'train_lr_reduce': 0.6}. Best is trial 1286 with value: 0.03935658559203148.
[I 2024-12-26 07:06:41,980] Trial 2033 finished with value: 0.08559131622314453 and parameters: {'L1_hidden_dim': 192, 'L1_layers_atom': 3, 'L1_layers_mol': 2, 'L1_dropout': 0.2775245708529219, 'L1_out_dim': 96, 'L2_hidden_dim': 240, 'L2_layers_atom': 3, 'L2_layers_mol': 1, 'L2_out_dim': 80, 'L2_dropout': 0.25926338065475935, 'L3_hidden_dim': 128, 'L3_layers_atom': 1, 'L3_layers_mol': 3, 'L3_out_dim': 80, 'L3_dropout': 0.1528789785161201, 'n_mlp_layers': 1, 'mlp_dim_0': 136, 'num_heads': 1, 'final_dropout': 0.05590664448286266, 'train_learning_rate': 0.0015230599620583783, 'train_lr_reduce': 0.6}. Best is trial 1286 with value: 0.03935658559203148.
[I 2024-12-26 07:07:26,416] Trial 2034 finished with value: 0.1979101598262787 and parameters: {'L1_hidden_dim': 128, 'L1_layers_atom': 3, 'L1_layers_mol': 4, 'L1_dropout': 0.2557239662541055, 'L1_out_dim': 80, 'L2_hidden_dim': 192, 'L2_layers_atom': 1, 'L2_layers_mol': 1, 'L2_out_dim': 80, 'L2_dropout': 0.11695421254562381, 'L3_hidden_dim': 64, 'L3_layers_atom': 4, 'L3_layers_mol': 1, 'L3_out_dim': 96, 'L3_dropout': 0.21215949584586666, 'n_mlp_layers': 2, 'mlp_dim_0': 320, 'mlp_dim_1': 352, 'num_heads': 1, 'final_dropout': 0.06485857523555046, 'train_learning_rate': 0.006594326384075609, 'train_lr_reduce': 0.6}. Best is trial 1286 with value: 0.03935658559203148.
[I 2024-12-26 07:08:00,126] Trial 2036 finished with value: 0.0688830018043518 and parameters: {'L1_hidden_dim': 64, 'L1_layers_atom': 4, 'L1_layers_mol': 4, 'L1_dropout': 0.22880051907388999, 'L1_out_dim': 64, 'L2_hidden_dim': 160, 'L2_layers_atom': 2, 'L2_layers_mol': 1, 'L2_out_dim': 96, 'L2_dropout': 0.11851013049224332, 'L3_hidden_dim': 96, 'L3_layers_atom': 4, 'L3_layers_mol': 2, 'L3_out_dim': 64, 'L3_dropout': 0.2631533925171512, 'n_mlp_layers': 1, 'mlp_dim_0': 240, 'num_heads': 1, 'final_dropout': 0.12379654264898426, 'train_learning_rate': 0.0026532899915883176, 'train_lr_reduce': 0.6}. Best is trial 1286 with value: 0.03935658559203148.
[I 2024-12-26 07:08:07,673] Trial 2035 finished with value: 0.07907760143280029 and parameters: {'L1_hidden_dim': 80, 'L1_layers_atom': 1, 'L1_layers_mol': 2, 'L1_dropout': 0.15834450990737498, 'L1_out_dim': 96, 'L2_hidden_dim': 240, 'L2_layers_atom': 1, 'L2_layers_mol': 3, 'L2_out_dim': 96, 'L2_dropout': 0.1346226474819612, 'L3_hidden_dim': 32, 'L3_layers_atom': 4, 'L3_layers_mol': 3, 'L3_out_dim': 96, 'L3_dropout': 0.2057187019532017, 'n_mlp_layers': 2, 'mlp_dim_0': 120, 'mlp_dim_1': 416, 'num_heads': 1, 'final_dropout': 0.08543688719758825, 'train_learning_rate': 0.0010127081369187797, 'train_lr_reduce': 0.6}. Best is trial 1286 with value: 0.03935658559203148.
[I 2024-12-26 07:09:07,089] Trial 2037 finished with value: 0.07445397973060608 and parameters: {'L1_hidden_dim': 80, 'L1_layers_atom': 1, 'L1_layers_mol': 1, 'L1_dropout': 0.16272070612976358, 'L1_out_dim': 112, 'L2_hidden_dim': 256, 'L2_layers_atom': 1, 'L2_layers_mol': 2, 'L2_out_dim': 80, 'L2_dropout': 0.04002761745300716, 'L3_hidden_dim': 48, 'L3_layers_atom': 2, 'L3_layers_mol': 2, 'L3_out_dim': 128, 'L3_dropout': 0.29705949104072066, 'n_mlp_layers': 2, 'mlp_dim_0': 160, 'mlp_dim_1': 296, 'num_heads': 1, 'final_dropout': 0.12401062851273399, 'train_learning_rate': 0.001389709205984269, 'train_lr_reduce': 0.6}. Best is trial 1286 with value: 0.03935658559203148.
[I 2024-12-26 07:09:26,104] Trial 2039 finished with value: 0.1258959025144577 and parameters: {'L1_hidden_dim': 80, 'L1_layers_atom': 4, 'L1_layers_mol': 2, 'L1_dropout': 0.2737147924093352, 'L1_out_dim': 112, 'L2_hidden_dim': 192, 'L2_layers_atom': 3, 'L2_layers_mol': 3, 'L2_out_dim': 128, 'L2_dropout': 0.05258713791165898, 'L3_hidden_dim': 80, 'L3_layers_atom': 3, 'L3_layers_mol': 1, 'L3_out_dim': 80, 'L3_dropout': 0.1212987553455824, 'n_mlp_layers': 3, 'mlp_dim_0': 312, 'mlp_dim_1': 472, 'mlp_dim_2': 176, 'num_heads': 2, 'final_dropout': 0.1845579061125918, 'train_learning_rate': 0.004307239041511006, 'train_lr_reduce': 0.6}. Best is trial 1286 with value: 0.03935658559203148.
[I 2024-12-26 07:09:56,875] Trial 2038 finished with value: 0.06707745790481567 and parameters: {'L1_hidden_dim': 64, 'L1_layers_atom': 4, 'L1_layers_mol': 4, 'L1_dropout': 0.27403840859176176, 'L1_out_dim': 48, 'L2_hidden_dim': 160, 'L2_layers_atom': 2, 'L2_layers_mol': 2, 'L2_out_dim': 112, 'L2_dropout': 0.1330625643804666, 'L3_hidden_dim': 128, 'L3_layers_atom': 4, 'L3_layers_mol': 1, 'L3_out_dim': 64, 'L3_dropout': 0.22948406553547485, 'n_mlp_layers': 2, 'mlp_dim_0': 368, 'mlp_dim_1': 248, 'num_heads': 2, 'final_dropout': 0.09447560977614164, 'train_learning_rate': 0.000675769505206509, 'train_lr_reduce': 0.6}. Best is trial 1286 with value: 0.03935658559203148.
[I 2024-12-26 07:10:10,660] Trial 2040 finished with value: 0.0982227474451065 and parameters: {'L1_hidden_dim': 128, 'L1_layers_atom': 3, 'L1_layers_mol': 4, 'L1_dropout': 0.2755217937554502, 'L1_out_dim': 80, 'L2_hidden_dim': 256, 'L2_layers_atom': 3, 'L2_layers_mol': 2, 'L2_out_dim': 48, 'L2_dropout': 0.03869945591479772, 'L3_hidden_dim': 64, 'L3_layers_atom': 4, 'L3_layers_mol': 3, 'L3_out_dim': 32, 'L3_dropout': 0.015335229402357379, 'n_mlp_layers': 3, 'mlp_dim_0': 280, 'mlp_dim_1': 376, 'mlp_dim_2': 88, 'num_heads': 1, 'final_dropout': 0.06487575176553045, 'train_learning_rate': 0.0030828348905010037, 'train_lr_reduce': 0.6}. Best is trial 1286 with value: 0.03935658559203148.
[I 2024-12-26 07:10:47,272] Trial 2041 finished with value: 0.08446032553911209 and parameters: {'L1_hidden_dim': 80, 'L1_layers_atom': 1, 'L1_layers_mol': 1, 'L1_dropout': 0.17639317868764662, 'L1_out_dim': 112, 'L2_hidden_dim': 240, 'L2_layers_atom': 2, 'L2_layers_mol': 4, 'L2_out_dim': 80, 'L2_dropout': 0.06283466333169832, 'L3_hidden_dim': 80, 'L3_layers_atom': 3, 'L3_layers_mol': 4, 'L3_out_dim': 96, 'L3_dropout': 0.15151503059280208, 'n_mlp_layers': 1, 'mlp_dim_0': 200, 'num_heads': 1, 'final_dropout': 0.13999964272136606, 'train_learning_rate': 0.0009326754906641079, 'train_lr_reduce': 0.6}. Best is trial 1286 with value: 0.03935658559203148.
[I 2024-12-26 07:11:13,255] Trial 2044 finished with value: 0.6411327719688416 and parameters: {'L1_hidden_dim': 96, 'L1_layers_atom': 1, 'L1_layers_mol': 1, 'L1_dropout': 0.2534359668983718, 'L1_out_dim': 80, 'L2_hidden_dim': 144, 'L2_layers_atom': 4, 'L2_layers_mol': 3, 'L2_out_dim': 112, 'L2_dropout': 0.019758120617556506, 'L3_hidden_dim': 112, 'L3_layers_atom': 3, 'L3_layers_mol': 1, 'L3_out_dim': 128, 'L3_dropout': 0.10636571746752123, 'n_mlp_layers': 3, 'mlp_dim_0': 264, 'mlp_dim_1': 328, 'mlp_dim_2': 272, 'num_heads': 1, 'final_dropout': 0.06827161691615974, 'train_learning_rate': 0.005529021054667116, 'train_lr_reduce': 0.6}. Best is trial 1286 with value: 0.03935658559203148.
[I 2024-12-26 07:11:19,028] Trial 2043 finished with value: 0.06869937479496002 and parameters: {'L1_hidden_dim': 80, 'L1_layers_atom': 4, 'L1_layers_mol': 4, 'L1_dropout': 0.2936271274334959, 'L1_out_dim': 96, 'L2_hidden_dim': 160, 'L2_layers_atom': 1, 'L2_layers_mol': 1, 'L2_out_dim': 112, 'L2_dropout': 0.05577540225375312, 'L3_hidden_dim': 128, 'L3_layers_atom': 3, 'L3_layers_mol': 1, 'L3_out_dim': 48, 'L3_dropout': 0.20687204514008659, 'n_mlp_layers': 2, 'mlp_dim_0': 208, 'mlp_dim_1': 440, 'num_heads': 2, 'final_dropout': 0.18212262933157625, 'train_learning_rate': 0.0010694183244547015, 'train_lr_reduce': 0.6}. Best is trial 1286 with value: 0.03935658559203148.
[I 2024-12-26 07:11:34,464] Trial 2042 finished with value: 0.08137305080890656 and parameters: {'L1_hidden_dim': 256, 'L1_layers_atom': 4, 'L1_layers_mol': 4, 'L1_dropout': 0.23805151017674775, 'L1_out_dim': 96, 'L2_hidden_dim': 144, 'L2_layers_atom': 3, 'L2_layers_mol': 3, 'L2_out_dim': 96, 'L2_dropout': 0.17632303823311235, 'L3_hidden_dim': 32, 'L3_layers_atom': 2, 'L3_layers_mol': 3, 'L3_out_dim': 48, 'L3_dropout': 0.17152000760769737, 'n_mlp_layers': 1, 'mlp_dim_0': 72, 'num_heads': 1, 'final_dropout': 0.1987923528349567, 'train_learning_rate': 0.008243781713904727, 'train_lr_reduce': 0.6}. Best is trial 1286 with value: 0.03935658559203148.
[I 2024-12-26 07:12:21,447] Trial 2045 finished with value: 0.07911355793476105 and parameters: {'L1_hidden_dim': 128, 'L1_layers_atom': 1, 'L1_layers_mol': 1, 'L1_dropout': 0.25291583880209006, 'L1_out_dim': 64, 'L2_hidden_dim': 208, 'L2_layers_atom': 4, 'L2_layers_mol': 4, 'L2_out_dim': 80, 'L2_dropout': 0.06282104352119786, 'L3_hidden_dim': 128, 'L3_layers_atom': 3, 'L3_layers_mol': 2, 'L3_out_dim': 112, 'L3_dropout': 0.20698728206401987, 'n_mlp_layers': 3, 'mlp_dim_0': 312, 'mlp_dim_1': 400, 'mlp_dim_2': 72, 'num_heads': 1, 'final_dropout': 0.13139172807686328, 'train_learning_rate': 0.002154721544665242, 'train_lr_reduce': 0.6}. Best is trial 1286 with value: 0.03935658559203148.
[I 2024-12-26 07:12:28,790] Trial 2046 finished with value: 0.08141683042049408 and parameters: {'L1_hidden_dim': 128, 'L1_layers_atom': 4, 'L1_layers_mol': 4, 'L1_dropout': 0.2527548178973232, 'L1_out_dim': 80, 'L2_hidden_dim': 144, 'L2_layers_atom': 1, 'L2_layers_mol': 1, 'L2_out_dim': 128, 'L2_dropout': 0.02839678280137865, 'L3_hidden_dim': 128, 'L3_layers_atom': 3, 'L3_layers_mol': 1, 'L3_out_dim': 96, 'L3_dropout': 0.25925800990611547, 'n_mlp_layers': 2, 'mlp_dim_0': 128, 'mlp_dim_1': 480, 'num_heads': 2, 'final_dropout': 0.08373406363943856, 'train_learning_rate': 0.0027144888312577685, 'train_lr_reduce': 0.6}. Best is trial 1286 with value: 0.03935658559203148.
[I 2024-12-26 07:13:04,027] Trial 2047 finished with value: 0.08107498288154602 and parameters: {'L1_hidden_dim': 64, 'L1_layers_atom': 4, 'L1_layers_mol': 2, 'L1_dropout': 0.21162014211149507, 'L1_out_dim': 64, 'L2_hidden_dim': 256, 'L2_layers_atom': 1, 'L2_layers_mol': 3, 'L2_out_dim': 32, 'L2_dropout': 0.049382492544449735, 'L3_hidden_dim': 64, 'L3_layers_atom': 4, 'L3_layers_mol': 4, 'L3_out_dim': 128, 'L3_dropout': 0.05252759954413865, 'n_mlp_layers': 3, 'mlp_dim_0': 408, 'mlp_dim_1': 440, 'mlp_dim_2': 144, 'num_heads': 1, 'final_dropout': 0.10430346970996414, 'train_learning_rate': 0.0056090448346355105, 'train_lr_reduce': 0.6}. Best is trial 1286 with value: 0.03935658559203148.
[I 2024-12-26 07:13:27,759] Trial 2049 finished with value: 0.09281416237354279 and parameters: {'L1_hidden_dim': 96, 'L1_layers_atom': 4, 'L1_layers_mol': 4, 'L1_dropout': 0.22177392091573758, 'L1_out_dim': 80, 'L2_hidden_dim': 192, 'L2_layers_atom': 1, 'L2_layers_mol': 1, 'L2_out_dim': 64, 'L2_dropout': 0.2164846042370584, 'L3_hidden_dim': 112, 'L3_layers_atom': 4, 'L3_layers_mol': 2, 'L3_out_dim': 80, 'L3_dropout': 0.1462803117093631, 'n_mlp_layers': 2, 'mlp_dim_0': 264, 'mlp_dim_1': 288, 'num_heads': 1, 'final_dropout': 0.10469746056798097, 'train_learning_rate': 0.002482517986247907, 'train_lr_reduce': 0.6}. Best is trial 1286 with value: 0.03935658559203148.
[I 2024-12-26 07:13:29,705] Trial 2048 finished with value: 0.07512780278921127 and parameters: {'L1_hidden_dim': 64, 'L1_layers_atom': 3, 'L1_layers_mol': 2, 'L1_dropout': 0.2611803024836678, 'L1_out_dim': 112, 'L2_hidden_dim': 224, 'L2_layers_atom': 1, 'L2_layers_mol': 4, 'L2_out_dim': 64, 'L2_dropout': 0.06251999947490261, 'L3_hidden_dim': 64, 'L3_layers_atom': 3, 'L3_layers_mol': 4, 'L3_out_dim': 96, 'L3_dropout': 0.2695268980380696, 'n_mlp_layers': 3, 'mlp_dim_0': 240, 'mlp_dim_1': 368, 'mlp_dim_2': 72, 'num_heads': 1, 'final_dropout': 0.053171215164303606, 'train_learning_rate': 0.002148518770954031, 'train_lr_reduce': 0.6}. Best is trial 1286 with value: 0.03935658559203148.
[I 2024-12-26 07:14:07,723] Trial 2050 finished with value: 0.08512401580810547 and parameters: {'L1_hidden_dim': 96, 'L1_layers_atom': 1, 'L1_layers_mol': 2, 'L1_dropout': 0.21241480702180593, 'L1_out_dim': 48, 'L2_hidden_dim': 176, 'L2_layers_atom': 3, 'L2_layers_mol': 3, 'L2_out_dim': 128, 'L2_dropout': 0.1015733140189193, 'L3_hidden_dim': 80, 'L3_layers_atom': 2, 'L3_layers_mol': 1, 'L3_out_dim': 112, 'L3_dropout': 0.10080725299484093, 'n_mlp_layers': 3, 'mlp_dim_0': 480, 'mlp_dim_1': 472, 'mlp_dim_2': 120, 'num_heads': 1, 'final_dropout': 0.03433368990281134, 'train_learning_rate': 0.002444534505988491, 'train_lr_reduce': 0.6}. Best is trial 1286 with value: 0.03935658559203148.
[I 2024-12-26 07:14:47,104] Trial 2052 finished with value: 0.07252030074596405 and parameters: {'L1_hidden_dim': 80, 'L1_layers_atom': 4, 'L1_layers_mol': 3, 'L1_dropout': 0.2944105081670884, 'L1_out_dim': 32, 'L2_hidden_dim': 208, 'L2_layers_atom': 3, 'L2_layers_mol': 2, 'L2_out_dim': 80, 'L2_dropout': 0.031931572599088964, 'L3_hidden_dim': 112, 'L3_layers_atom': 4, 'L3_layers_mol': 1, 'L3_out_dim': 48, 'L3_dropout': 0.21211004953746743, 'n_mlp_layers': 3, 'mlp_dim_0': 224, 'mlp_dim_1': 408, 'mlp_dim_2': 32, 'num_heads': 1, 'final_dropout': 0.0805226776863902, 'train_learning_rate': 0.0009047448553868306, 'train_lr_reduce': 0.6}. Best is trial 1286 with value: 0.03935658559203148.
[I 2024-12-26 07:15:04,740] Trial 2051 finished with value: 0.0714244470000267 and parameters: {'L1_hidden_dim': 112, 'L1_layers_atom': 2, 'L1_layers_mol': 1, 'L1_dropout': 0.292914926674292, 'L1_out_dim': 96, 'L2_hidden_dim': 256, 'L2_layers_atom': 2, 'L2_layers_mol': 2, 'L2_out_dim': 32, 'L2_dropout': 0.12494965844429157, 'L3_hidden_dim': 32, 'L3_layers_atom': 4, 'L3_layers_mol': 2, 'L3_out_dim': 112, 'L3_dropout': 0.0017274055201358315, 'n_mlp_layers': 3, 'mlp_dim_0': 344, 'mlp_dim_1': 512, 'mlp_dim_2': 200, 'num_heads': 1, 'final_dropout': 0.11137469778969704, 'train_learning_rate': 0.0008880709925486111, 'train_lr_reduce': 0.6}. Best is trial 1286 with value: 0.03935658559203148.
[I 2024-12-26 07:16:19,204] Trial 2053 finished with value: 0.12306259572505951 and parameters: {'L1_hidden_dim': 80, 'L1_layers_atom': 3, 'L1_layers_mol': 3, 'L1_dropout': 0.2492978625492484, 'L1_out_dim': 32, 'L2_hidden_dim': 192, 'L2_layers_atom': 4, 'L2_layers_mol': 4, 'L2_out_dim': 48, 'L2_dropout': 0.05285985715993499, 'L3_hidden_dim': 32, 'L3_layers_atom': 4, 'L3_layers_mol': 3, 'L3_out_dim': 96, 'L3_dropout': 0.037074955187031126, 'n_mlp_layers': 3, 'mlp_dim_0': 512, 'mlp_dim_1': 336, 'mlp_dim_2': 152, 'num_heads': 1, 'final_dropout': 0.08606160447215003, 'train_learning_rate': 0.0026355308774917746, 'train_lr_reduce': 0.6}. Best is trial 1286 with value: 0.03935658559203148.
[I 2024-12-26 07:16:23,702] Trial 2054 finished with value: 0.09935422986745834 and parameters: {'L1_hidden_dim': 80, 'L1_layers_atom': 3, 'L1_layers_mol': 1, 'L1_dropout': 0.23389928676793628, 'L1_out_dim': 112, 'L2_hidden_dim': 128, 'L2_layers_atom': 2, 'L2_layers_mol': 3, 'L2_out_dim': 112, 'L2_dropout': 0.09940412825538862, 'L3_hidden_dim': 128, 'L3_layers_atom': 2, 'L3_layers_mol': 2, 'L3_out_dim': 96, 'L3_dropout': 0.22422403463315935, 'n_mlp_layers': 3, 'mlp_dim_0': 208, 'mlp_dim_1': 208, 'mlp_dim_2': 112, 'num_heads': 1, 'final_dropout': 0.17278891061832252, 'train_learning_rate': 0.0010427924743460814, 'train_lr_reduce': 0.6}. Best is trial 1286 with value: 0.03935658559203148.
[I 2024-12-26 07:16:35,632] Trial 2055 finished with value: 0.0686352550983429 and parameters: {'L1_hidden_dim': 64, 'L1_layers_atom': 1, 'L1_layers_mol': 3, 'L1_dropout': 0.17349243187918262, 'L1_out_dim': 48, 'L2_hidden_dim': 224, 'L2_layers_atom': 4, 'L2_layers_mol': 3, 'L2_out_dim': 128, 'L2_dropout': 0.052575059642302656, 'L3_hidden_dim': 112, 'L3_layers_atom': 3, 'L3_layers_mol': 1, 'L3_out_dim': 112, 'L3_dropout': 0.11422851682795718, 'n_mlp_layers': 3, 'mlp_dim_0': 360, 'mlp_dim_1': 424, 'mlp_dim_2': 72, 'num_heads': 1, 'final_dropout': 0.0377384294524495, 'train_learning_rate': 0.0011063574343234807, 'train_lr_reduce': 0.6}. Best is trial 1286 with value: 0.03935658559203148.
[I 2024-12-26 07:17:32,479] Trial 2056 finished with value: 0.07425837963819504 and parameters: {'L1_hidden_dim': 80, 'L1_layers_atom': 4, 'L1_layers_mol': 4, 'L1_dropout': 0.20454535810086374, 'L1_out_dim': 64, 'L2_hidden_dim': 192, 'L2_layers_atom': 2, 'L2_layers_mol': 4, 'L2_out_dim': 96, 'L2_dropout': 0.03967423784552757, 'L3_hidden_dim': 128, 'L3_layers_atom': 4, 'L3_layers_mol': 1, 'L3_out_dim': 48, 'L3_dropout': 0.2767072934056583, 'n_mlp_layers': 2, 'mlp_dim_0': 136, 'mlp_dim_1': 368, 'num_heads': 1, 'final_dropout': 0.004907921071010794, 'train_learning_rate': 0.0022658408357136717, 'train_lr_reduce': 0.6}. Best is trial 1286 with value: 0.03935658559203148.
[I 2024-12-26 07:17:38,406] Trial 2057 finished with value: 0.06634780019521713 and parameters: {'L1_hidden_dim': 64, 'L1_layers_atom': 2, 'L1_layers_mol': 2, 'L1_dropout': 0.21885089866998175, 'L1_out_dim': 112, 'L2_hidden_dim': 176, 'L2_layers_atom': 1, 'L2_layers_mol': 2, 'L2_out_dim': 128, 'L2_dropout': 0.10331998858336942, 'L3_hidden_dim': 112, 'L3_layers_atom': 2, 'L3_layers_mol': 1, 'L3_out_dim': 32, 'L3_dropout': 0.19109701529673861, 'n_mlp_layers': 3, 'mlp_dim_0': 448, 'mlp_dim_1': 480, 'mlp_dim_2': 72, 'num_heads': 1, 'final_dropout': 0.17526547877662993, 'train_learning_rate': 0.0013460197083376214, 'train_lr_reduce': 0.6}. Best is trial 1286 with value: 0.03935658559203148.
