[I 2024-12-19 20:12:56,298] Trial 1322 finished with value: 1.6850568056106567 and parameters: {'mlp_n_layers': 4, 'mlp_dim_00': 279, 'mlp_dim_01': 362, 'mlp_dim_02': 377, 'mlp_dim_03': 461, 'node_hidden_dim': 93, 'edge_hidden_dim': 62, 'depth': 2, 'rep_dropout': 0.12602375108651537, 'train_learning_rate': 0.0001746033920260464, 'train_lr_reduce': 0.6}. Best is trial 122 with value: 0.09548358619213104.
[I 2024-12-19 20:13:29,144] Trial 1321 finished with value: 0.1924714744091034 and parameters: {'mlp_n_layers': 4, 'mlp_dim_00': 194, 'mlp_dim_01': 357, 'mlp_dim_02': 386, 'mlp_dim_03': 449, 'node_hidden_dim': 83, 'edge_hidden_dim': 123, 'depth': 4, 'rep_dropout': 0.043529109123698055, 'train_learning_rate': 0.005157460312954821, 'train_lr_reduce': 0.6}. Best is trial 122 with value: 0.09548358619213104.
[I 2024-12-19 20:13:30,694] Trial 1324 finished with value: 0.20151329040527344 and parameters: {'mlp_n_layers': 4, 'mlp_dim_00': 132, 'mlp_dim_01': 336, 'mlp_dim_02': 373, 'mlp_dim_03': 439, 'node_hidden_dim': 82, 'edge_hidden_dim': 82, 'depth': 2, 'rep_dropout': 0.11885384849594234, 'train_learning_rate': 0.001198850330980779, 'train_lr_reduce': 0.6}. Best is trial 122 with value: 0.09548358619213104.
[I 2024-12-19 20:13:33,624] Trial 1325 finished with value: 1.6650937795639038 and parameters: {'mlp_n_layers': 4, 'mlp_dim_00': 143, 'mlp_dim_01': 382, 'mlp_dim_02': 418, 'mlp_dim_03': 465, 'node_hidden_dim': 102, 'edge_hidden_dim': 82, 'depth': 1, 'rep_dropout': 0.12269477394270834, 'train_learning_rate': 0.00040166972603228687, 'train_lr_reduce': 0.6}. Best is trial 122 with value: 0.09548358619213104.
[I 2024-12-19 20:13:41,544] Trial 1323 finished with value: 0.1691659539937973 and parameters: {'mlp_n_layers': 4, 'mlp_dim_00': 188, 'mlp_dim_01': 382, 'mlp_dim_02': 435, 'mlp_dim_03': 469, 'node_hidden_dim': 100, 'edge_hidden_dim': 32, 'depth': 1, 'rep_dropout': 0.08604571715249323, 'train_learning_rate': 0.0006986195245366234, 'train_lr_reduce': 0.6}. Best is trial 122 with value: 0.09548358619213104.
[I 2024-12-19 20:14:04,723] Trial 1328 finished with value: 0.26286575198173523 and parameters: {'mlp_n_layers': 3, 'mlp_dim_00': 198, 'mlp_dim_01': 391, 'mlp_dim_02': 388, 'node_hidden_dim': 102, 'edge_hidden_dim': 59, 'depth': 1, 'rep_dropout': 0.08050973132555475, 'train_learning_rate': 0.0016865870459375225, 'train_lr_reduce': 0.6}. Best is trial 122 with value: 0.09548358619213104.
[I 2024-12-19 20:14:09,858] Trial 1329 finished with value: 1.6731666326522827 and parameters: {'mlp_n_layers': 3, 'mlp_dim_00': 108, 'mlp_dim_01': 331, 'mlp_dim_02': 363, 'node_hidden_dim': 67, 'edge_hidden_dim': 75, 'depth': 1, 'rep_dropout': 0.07373459142841654, 'train_learning_rate': 0.00032760325951606656, 'train_lr_reduce': 0.6}. Best is trial 122 with value: 0.09548358619213104.
[I 2024-12-19 20:14:11,698] Trial 1326 finished with value: 0.11707309633493423 and parameters: {'mlp_n_layers': 4, 'mlp_dim_00': 202, 'mlp_dim_01': 340, 'mlp_dim_02': 371, 'mlp_dim_03': 476, 'node_hidden_dim': 101, 'edge_hidden_dim': 64, 'depth': 1, 'rep_dropout': 0.09785565595703029, 'train_learning_rate': 0.001595720881102603, 'train_lr_reduce': 0.6}. Best is trial 122 with value: 0.09548358619213104.
[I 2024-12-19 20:14:17,577] Trial 1330 finished with value: 1.635791540145874 and parameters: {'mlp_n_layers': 4, 'mlp_dim_00': 343, 'mlp_dim_01': 363, 'mlp_dim_02': 424, 'mlp_dim_03': 473, 'node_hidden_dim': 33, 'edge_hidden_dim': 74, 'depth': 3, 'rep_dropout': 0.08110775937093712, 'train_learning_rate': 0.008870878423343529, 'train_lr_reduce': 0.6}. Best is trial 122 with value: 0.09548358619213104.
[I 2024-12-19 20:14:21,070] Trial 1327 finished with value: 0.1272427886724472 and parameters: {'mlp_n_layers': 4, 'mlp_dim_00': 384, 'mlp_dim_01': 375, 'mlp_dim_02': 467, 'mlp_dim_03': 429, 'node_hidden_dim': 82, 'edge_hidden_dim': 65, 'depth': 1, 'rep_dropout': 0.14943535404336933, 'train_learning_rate': 0.0005994209968436193, 'train_lr_reduce': 0.6}. Best is trial 122 with value: 0.09548358619213104.
[I 2024-12-19 20:14:22,858] Trial 1332 finished with value: 1.5565705299377441 and parameters: {'mlp_n_layers': 1, 'mlp_dim_00': 142, 'node_hidden_dim': 91, 'edge_hidden_dim': 77, 'depth': 1, 'rep_dropout': 0.05592716829129718, 'train_learning_rate': 0.00502131304477345, 'train_lr_reduce': 0.6}. Best is trial 122 with value: 0.09548358619213104.
[I 2024-12-19 20:14:27,189] Trial 1333 finished with value: 1.6754977703094482 and parameters: {'mlp_n_layers': 4, 'mlp_dim_00': 188, 'mlp_dim_01': 382, 'mlp_dim_02': 470, 'mlp_dim_03': 473, 'node_hidden_dim': 79, 'edge_hidden_dim': 58, 'depth': 1, 'rep_dropout': 0.12890341883740308, 'train_learning_rate': 0.00016171009301321117, 'train_lr_reduce': 0.6}. Best is trial 122 with value: 0.09548358619213104.
[I 2024-12-19 20:14:59,170] Trial 1331 finished with value: 0.12020773440599442 and parameters: {'mlp_n_layers': 4, 'mlp_dim_00': 232, 'mlp_dim_01': 300, 'mlp_dim_02': 365, 'mlp_dim_03': 435, 'node_hidden_dim': 83, 'edge_hidden_dim': 72, 'depth': 1, 'rep_dropout': 0.07988803258330276, 'train_learning_rate': 0.0009071827836738154, 'train_lr_reduce': 0.6}. Best is trial 122 with value: 0.09548358619213104.
[I 2024-12-19 20:15:09,888] Trial 1334 finished with value: 0.1419246792793274 and parameters: {'mlp_n_layers': 3, 'mlp_dim_00': 197, 'mlp_dim_01': 355, 'mlp_dim_02': 512, 'node_hidden_dim': 95, 'edge_hidden_dim': 87, 'depth': 1, 'rep_dropout': 0.11240309445027057, 'train_learning_rate': 0.00041799482527232886, 'train_lr_reduce': 0.6}. Best is trial 122 with value: 0.09548358619213104.
[I 2024-12-19 20:15:13,914] Trial 1335 finished with value: 0.10778334736824036 and parameters: {'mlp_n_layers': 4, 'mlp_dim_00': 215, 'mlp_dim_01': 393, 'mlp_dim_02': 420, 'mlp_dim_03': 427, 'node_hidden_dim': 69, 'edge_hidden_dim': 44, 'depth': 1, 'rep_dropout': 0.1310970653286718, 'train_learning_rate': 0.0004968479768904394, 'train_lr_reduce': 0.6}. Best is trial 122 with value: 0.09548358619213104.
[I 2024-12-19 20:15:14,444] Trial 1337 finished with value: 1.67756986618042 and parameters: {'mlp_n_layers': 4, 'mlp_dim_00': 257, 'mlp_dim_01': 393, 'mlp_dim_02': 361, 'mlp_dim_03': 469, 'node_hidden_dim': 70, 'edge_hidden_dim': 72, 'depth': 2, 'rep_dropout': 0.12932883757806052, 'train_learning_rate': 0.0004945334177578987, 'train_lr_reduce': 0.6}. Best is trial 122 with value: 0.09548358619213104.
[I 2024-12-19 20:15:18,400] Trial 1338 finished with value: 1.659432291984558 and parameters: {'mlp_n_layers': 4, 'mlp_dim_00': 402, 'mlp_dim_01': 400, 'mlp_dim_02': 427, 'mlp_dim_03': 475, 'node_hidden_dim': 86, 'edge_hidden_dim': 88, 'depth': 1, 'rep_dropout': 0.14799154262266068, 'train_learning_rate': 0.0006867092753497434, 'train_lr_reduce': 0.6}. Best is trial 122 with value: 0.09548358619213104.
[I 2024-12-19 20:15:19,128] Trial 1336 finished with value: 0.2274439036846161 and parameters: {'mlp_n_layers': 3, 'mlp_dim_00': 116, 'mlp_dim_01': 322, 'mlp_dim_02': 356, 'node_hidden_dim': 84, 'edge_hidden_dim': 49, 'depth': 1, 'rep_dropout': 0.08922965985762284, 'train_learning_rate': 0.000574835032262004, 'train_lr_reduce': 0.6}. Best is trial 122 with value: 0.09548358619213104.
[I 2024-12-19 20:15:34,599] Trial 1339 finished with value: 0.31589075922966003 and parameters: {'mlp_n_layers': 3, 'mlp_dim_00': 419, 'mlp_dim_01': 288, 'mlp_dim_02': 395, 'node_hidden_dim': 101, 'edge_hidden_dim': 73, 'depth': 1, 'rep_dropout': 0.1470635185290954, 'train_learning_rate': 0.0014559769388770814, 'train_lr_reduce': 0.6}. Best is trial 122 with value: 0.09548358619213104.
[I 2024-12-19 20:15:37,520] Trial 1341 finished with value: 0.3125295042991638 and parameters: {'mlp_n_layers': 4, 'mlp_dim_00': 172, 'mlp_dim_01': 401, 'mlp_dim_02': 477, 'mlp_dim_03': 422, 'node_hidden_dim': 84, 'edge_hidden_dim': 60, 'depth': 1, 'rep_dropout': 0.10406661430869829, 'train_learning_rate': 0.0010323981953672336, 'train_lr_reduce': 0.6}. Best is trial 122 with value: 0.09548358619213104.
[I 2024-12-19 20:16:02,669] Trial 1340 finished with value: 0.1301712989807129 and parameters: {'mlp_n_layers': 3, 'mlp_dim_00': 115, 'mlp_dim_01': 347, 'mlp_dim_02': 346, 'node_hidden_dim': 86, 'edge_hidden_dim': 62, 'depth': 1, 'rep_dropout': 0.12063300313904247, 'train_learning_rate': 0.00044862916091764686, 'train_lr_reduce': 0.6}. Best is trial 122 with value: 0.09548358619213104.
[I 2024-12-19 20:16:13,752] Trial 1344 finished with value: 1.2769405841827393 and parameters: {'mlp_n_layers': 3, 'mlp_dim_00': 424, 'mlp_dim_01': 403, 'mlp_dim_02': 466, 'node_hidden_dim': 91, 'edge_hidden_dim': 83, 'depth': 2, 'rep_dropout': 0.11236030329269961, 'train_learning_rate': 0.0010042367297876005, 'train_lr_reduce': 0.6}. Best is trial 122 with value: 0.09548358619213104.
[I 2024-12-19 20:16:16,169] Trial 1342 finished with value: 0.1265690177679062 and parameters: {'mlp_n_layers': 3, 'mlp_dim_00': 286, 'mlp_dim_01': 250, 'mlp_dim_02': 349, 'node_hidden_dim': 112, 'edge_hidden_dim': 63, 'depth': 1, 'rep_dropout': 0.09728854719374291, 'train_learning_rate': 0.0010548356849544884, 'train_lr_reduce': 0.6}. Best is trial 122 with value: 0.09548358619213104.
[I 2024-12-19 20:16:17,981] Trial 1343 finished with value: 0.10798562318086624 and parameters: {'mlp_n_layers': 4, 'mlp_dim_00': 248, 'mlp_dim_01': 320, 'mlp_dim_02': 393, 'mlp_dim_03': 511, 'node_hidden_dim': 99, 'edge_hidden_dim': 57, 'depth': 1, 'rep_dropout': 0.08951360390451682, 'train_learning_rate': 0.0010907172114914955, 'train_lr_reduce': 0.6}. Best is trial 122 with value: 0.09548358619213104.
[I 2024-12-19 20:16:21,179] Trial 1346 finished with value: 1.6514644622802734 and parameters: {'mlp_n_layers': 4, 'mlp_dim_00': 485, 'mlp_dim_01': 399, 'mlp_dim_02': 421, 'mlp_dim_03': 286, 'node_hidden_dim': 80, 'edge_hidden_dim': 47, 'depth': 2, 'rep_dropout': 0.11637935801257245, 'train_learning_rate': 0.0020971784299952346, 'train_lr_reduce': 0.6}. Best is trial 122 with value: 0.09548358619213104.
[I 2024-12-19 20:16:58,501] Trial 1347 finished with value: 0.11763880401849747 and parameters: {'mlp_n_layers': 4, 'mlp_dim_00': 209, 'mlp_dim_01': 347, 'mlp_dim_02': 386, 'mlp_dim_03': 437, 'node_hidden_dim': 97, 'edge_hidden_dim': 62, 'depth': 1, 'rep_dropout': 0.11391117850794928, 'train_learning_rate': 0.0010178133208837217, 'train_lr_reduce': 0.6}. Best is trial 122 with value: 0.09548358619213104.
[I 2024-12-19 20:16:59,776] Trial 1345 finished with value: 0.14788967370986938 and parameters: {'mlp_n_layers': 3, 'mlp_dim_00': 297, 'mlp_dim_01': 354, 'mlp_dim_02': 349, 'node_hidden_dim': 75, 'edge_hidden_dim': 68, 'depth': 1, 'rep_dropout': 0.11424944483073335, 'train_learning_rate': 0.0003855017663914029, 'train_lr_reduce': 0.6}. Best is trial 122 with value: 0.09548358619213104.
[I 2024-12-19 20:17:02,406] Trial 1348 finished with value: 0.11060503125190735 and parameters: {'mlp_n_layers': 4, 'mlp_dim_00': 282, 'mlp_dim_01': 413, 'mlp_dim_02': 342, 'mlp_dim_03': 470, 'node_hidden_dim': 97, 'edge_hidden_dim': 66, 'depth': 1, 'rep_dropout': 0.08989695508382949, 'train_learning_rate': 0.0004348863097336236, 'train_lr_reduce': 0.6}. Best is trial 122 with value: 0.09548358619213104.
[I 2024-12-19 20:17:42,468] Trial 1349 finished with value: 0.09878566116094589 and parameters: {'mlp_n_layers': 4, 'mlp_dim_00': 243, 'mlp_dim_01': 298, 'mlp_dim_02': 449, 'mlp_dim_03': 480, 'node_hidden_dim': 73, 'edge_hidden_dim': 71, 'depth': 1, 'rep_dropout': 0.10450978320524877, 'train_learning_rate': 0.0008518361898766411, 'train_lr_reduce': 0.6}. Best is trial 122 with value: 0.09548358619213104.
[I 2024-12-19 20:17:48,355] Trial 1351 finished with value: 0.111074298620224 and parameters: {'mlp_n_layers': 4, 'mlp_dim_00': 299, 'mlp_dim_01': 369, 'mlp_dim_02': 384, 'mlp_dim_03': 421, 'node_hidden_dim': 90, 'edge_hidden_dim': 60, 'depth': 1, 'rep_dropout': 0.0919723586716836, 'train_learning_rate': 0.0006194114268208392, 'train_lr_reduce': 0.6}. Best is trial 122 with value: 0.09548358619213104.
[I 2024-12-19 20:17:50,961] Trial 1350 finished with value: 0.23242682218551636 and parameters: {'mlp_n_layers': 4, 'mlp_dim_00': 440, 'mlp_dim_01': 430, 'mlp_dim_02': 329, 'mlp_dim_03': 415, 'node_hidden_dim': 77, 'edge_hidden_dim': 60, 'depth': 1, 'rep_dropout': 0.1396260389636958, 'train_learning_rate': 0.0002819413849998251, 'train_lr_reduce': 0.6}. Best is trial 122 with value: 0.09548358619213104.
[I 2024-12-19 20:18:05,324] Trial 1354 finished with value: 1.6896682977676392 and parameters: {'mlp_n_layers': 4, 'mlp_dim_00': 356, 'mlp_dim_01': 273, 'mlp_dim_02': 472, 'mlp_dim_03': 402, 'node_hidden_dim': 62, 'edge_hidden_dim': 56, 'depth': 2, 'rep_dropout': 0.08340192114467311, 'train_learning_rate': 0.00011146147260720025, 'train_lr_reduce': 0.6}. Best is trial 122 with value: 0.09548358619213104.
[I 2024-12-19 20:18:11,836] Trial 1355 finished with value: 1.6519410610198975 and parameters: {'mlp_n_layers': 1, 'mlp_dim_00': 425, 'node_hidden_dim': 120, 'edge_hidden_dim': 120, 'depth': 4, 'rep_dropout': 0.08536003493659822, 'train_learning_rate': 0.00013424209777612313, 'train_lr_reduce': 0.6}. Best is trial 122 with value: 0.09548358619213104.
[I 2024-12-19 20:18:27,234] Trial 1352 finished with value: 0.13653011620044708 and parameters: {'mlp_n_layers': 4, 'mlp_dim_00': 271, 'mlp_dim_01': 283, 'mlp_dim_02': 460, 'mlp_dim_03': 435, 'node_hidden_dim': 78, 'edge_hidden_dim': 72, 'depth': 1, 'rep_dropout': 0.09276482662942052, 'train_learning_rate': 0.0029778533971908908, 'train_lr_reduce': 0.6}. Best is trial 122 with value: 0.09548358619213104.
[I 2024-12-19 20:18:31,810] Trial 1353 finished with value: 0.10502737015485764 and parameters: {'mlp_n_layers': 4, 'mlp_dim_00': 265, 'mlp_dim_01': 244, 'mlp_dim_02': 449, 'mlp_dim_03': 434, 'node_hidden_dim': 60, 'edge_hidden_dim': 59, 'depth': 1, 'rep_dropout': 0.08999855252506735, 'train_learning_rate': 0.0008320764082494418, 'train_lr_reduce': 0.6}. Best is trial 122 with value: 0.09548358619213104.
[I 2024-12-19 20:18:32,926] Trial 1356 finished with value: 0.2301139235496521 and parameters: {'mlp_n_layers': 4, 'mlp_dim_00': 246, 'mlp_dim_01': 293, 'mlp_dim_02': 453, 'mlp_dim_03': 454, 'node_hidden_dim': 62, 'edge_hidden_dim': 78, 'depth': 1, 'rep_dropout': 0.12881249911588566, 'train_learning_rate': 0.002151238894219392, 'train_lr_reduce': 0.6}. Best is trial 122 with value: 0.09548358619213104.
[I 2024-12-19 20:18:32,929] Trial 1357 finished with value: 1.67581045627594 and parameters: {'mlp_n_layers': 4, 'mlp_dim_00': 198, 'mlp_dim_01': 293, 'mlp_dim_02': 444, 'mlp_dim_03': 276, 'node_hidden_dim': 76, 'edge_hidden_dim': 87, 'depth': 1, 'rep_dropout': 0.08824969548320517, 'train_learning_rate': 0.00019079460893823728, 'train_lr_reduce': 0.6}. Best is trial 122 with value: 0.09548358619213104.
[I 2024-12-19 20:18:36,930] Trial 1358 finished with value: 1.669564127922058 and parameters: {'mlp_n_layers': 4, 'mlp_dim_00': 267, 'mlp_dim_01': 264, 'mlp_dim_02': 448, 'mlp_dim_03': 443, 'node_hidden_dim': 86, 'edge_hidden_dim': 57, 'depth': 2, 'rep_dropout': 0.08654754908636472, 'train_learning_rate': 0.0010988100523483457, 'train_lr_reduce': 0.6}. Best is trial 122 with value: 0.09548358619213104.
[I 2024-12-19 20:18:38,988] Trial 1359 finished with value: 1.6401326656341553 and parameters: {'mlp_n_layers': 4, 'mlp_dim_00': 289, 'mlp_dim_01': 305, 'mlp_dim_02': 478, 'mlp_dim_03': 402, 'node_hidden_dim': 67, 'edge_hidden_dim': 38, 'depth': 4, 'rep_dropout': 0.055468642964791905, 'train_learning_rate': 0.005733378580706155, 'train_lr_reduce': 0.6}. Best is trial 122 with value: 0.09548358619213104.
[I 2024-12-19 20:18:42,288] Trial 1361 finished with value: 1.6813493967056274 and parameters: {'mlp_n_layers': 4, 'mlp_dim_00': 266, 'mlp_dim_01': 314, 'mlp_dim_02': 434, 'mlp_dim_03': 477, 'node_hidden_dim': 68, 'edge_hidden_dim': 60, 'depth': 1, 'rep_dropout': 0.13125487856667836, 'train_learning_rate': 0.0004099454371068526, 'train_lr_reduce': 0.6}. Best is trial 122 with value: 0.09548358619213104.
[I 2024-12-19 20:18:43,700] Trial 1362 finished with value: 1.6613731384277344 and parameters: {'mlp_n_layers': 4, 'mlp_dim_00': 168, 'mlp_dim_01': 239, 'mlp_dim_02': 473, 'mlp_dim_03': 466, 'node_hidden_dim': 75, 'edge_hidden_dim': 82, 'depth': 1, 'rep_dropout': 0.06352693913526661, 'train_learning_rate': 0.0007674025667828365, 'train_lr_reduce': 0.6}. Best is trial 122 with value: 0.09548358619213104.
[I 2024-12-19 20:19:11,943] Trial 1364 finished with value: 0.16039299964904785 and parameters: {'mlp_n_layers': 4, 'mlp_dim_00': 243, 'mlp_dim_01': 311, 'mlp_dim_02': 440, 'mlp_dim_03': 314, 'node_hidden_dim': 72, 'edge_hidden_dim': 74, 'depth': 1, 'rep_dropout': 0.09405493299481879, 'train_learning_rate': 0.0008228381470957203, 'train_lr_reduce': 0.6}. Best is trial 122 with value: 0.09548358619213104.
[I 2024-12-19 20:19:15,537] Trial 1360 finished with value: 0.12338458746671677 and parameters: {'mlp_n_layers': 3, 'mlp_dim_00': 139, 'mlp_dim_01': 296, 'mlp_dim_02': 474, 'node_hidden_dim': 89, 'edge_hidden_dim': 71, 'depth': 1, 'rep_dropout': 0.0991266477029565, 'train_learning_rate': 0.0009060894969113254, 'train_lr_reduce': 0.6}. Best is trial 122 with value: 0.09548358619213104.
[I 2024-12-19 20:19:16,869] Trial 1365 finished with value: 1.5841535329818726 and parameters: {'mlp_n_layers': 2, 'mlp_dim_00': 502, 'mlp_dim_01': 326, 'node_hidden_dim': 99, 'edge_hidden_dim': 65, 'depth': 1, 'rep_dropout': 0.14221437030101433, 'train_learning_rate': 0.0011407323145299806, 'train_lr_reduce': 0.6}. Best is trial 122 with value: 0.09548358619213104.
[I 2024-12-19 20:19:21,737] Trial 1367 finished with value: 1.6825838088989258 and parameters: {'mlp_n_layers': 4, 'mlp_dim_00': 207, 'mlp_dim_01': 320, 'mlp_dim_02': 420, 'mlp_dim_03': 471, 'node_hidden_dim': 81, 'edge_hidden_dim': 65, 'depth': 1, 'rep_dropout': 0.12849553678740716, 'train_learning_rate': 0.0004658260182642423, 'train_lr_reduce': 0.6}. Best is trial 122 with value: 0.09548358619213104.
[I 2024-12-19 20:19:23,160] Trial 1363 finished with value: 0.09907015413045883 and parameters: {'mlp_n_layers': 4, 'mlp_dim_00': 177, 'mlp_dim_01': 282, 'mlp_dim_02': 511, 'mlp_dim_03': 400, 'node_hidden_dim': 92, 'edge_hidden_dim': 66, 'depth': 1, 'rep_dropout': 0.11863245262505177, 'train_learning_rate': 0.000760491862506344, 'train_lr_reduce': 0.6}. Best is trial 122 with value: 0.09548358619213104.
[I 2024-12-19 20:19:26,800] Trial 1368 finished with value: 1.6704816818237305 and parameters: {'mlp_n_layers': 2, 'mlp_dim_00': 221, 'mlp_dim_01': 269, 'node_hidden_dim': 83, 'edge_hidden_dim': 52, 'depth': 2, 'rep_dropout': 0.147208337207403, 'train_learning_rate': 0.00012304079565800938, 'train_lr_reduce': 0.6}. Best is trial 122 with value: 0.09548358619213104.
[I 2024-12-19 20:19:28,169] Trial 1369 finished with value: 1.6763489246368408 and parameters: {'mlp_n_layers': 4, 'mlp_dim_00': 83, 'mlp_dim_01': 276, 'mlp_dim_02': 509, 'mlp_dim_03': 392, 'node_hidden_dim': 93, 'edge_hidden_dim': 82, 'depth': 1, 'rep_dropout': 0.08394033741147361, 'train_learning_rate': 0.00040839579011055287, 'train_lr_reduce': 0.6}. Best is trial 122 with value: 0.09548358619213104.
[I 2024-12-19 20:19:49,467] Trial 1370 finished with value: 0.17192935943603516 and parameters: {'mlp_n_layers': 4, 'mlp_dim_00': 136, 'mlp_dim_01': 238, 'mlp_dim_02': 477, 'mlp_dim_03': 395, 'node_hidden_dim': 86, 'edge_hidden_dim': 73, 'depth': 1, 'rep_dropout': 0.13664927180053563, 'train_learning_rate': 0.000557699263575121, 'train_lr_reduce': 0.6}. Best is trial 122 with value: 0.09548358619213104.
[I 2024-12-19 20:19:51,772] Trial 1366 finished with value: 0.11895638704299927 and parameters: {'mlp_n_layers': 4, 'mlp_dim_00': 242, 'mlp_dim_01': 240, 'mlp_dim_02': 432, 'mlp_dim_03': 442, 'node_hidden_dim': 78, 'edge_hidden_dim': 80, 'depth': 2, 'rep_dropout': 0.10919973787463419, 'train_learning_rate': 0.000925090735144687, 'train_lr_reduce': 0.6}. Best is trial 122 with value: 0.09548358619213104.
[I 2024-12-19 20:19:58,156] Trial 1371 finished with value: 0.13573744893074036 and parameters: {'mlp_n_layers': 3, 'mlp_dim_00': 119, 'mlp_dim_01': 263, 'mlp_dim_02': 426, 'node_hidden_dim': 72, 'edge_hidden_dim': 65, 'depth': 1, 'rep_dropout': 0.09394947522059849, 'train_learning_rate': 0.002981799341018321, 'train_lr_reduce': 0.6}. Best is trial 122 with value: 0.09548358619213104.
[I 2024-12-19 20:20:05,185] Trial 1373 finished with value: 1.2372369766235352 and parameters: {'mlp_n_layers': 4, 'mlp_dim_00': 199, 'mlp_dim_01': 254, 'mlp_dim_02': 512, 'mlp_dim_03': 424, 'node_hidden_dim': 93, 'edge_hidden_dim': 73, 'depth': 2, 'rep_dropout': 0.11447270240113912, 'train_learning_rate': 0.000723779988432984, 'train_lr_reduce': 0.6}. Best is trial 122 with value: 0.09548358619213104.
[I 2024-12-19 20:20:12,343] Trial 1375 finished with value: 1.6847704648971558 and parameters: {'mlp_n_layers': 4, 'mlp_dim_00': 221, 'mlp_dim_01': 291, 'mlp_dim_02': 472, 'mlp_dim_03': 386, 'node_hidden_dim': 67, 'edge_hidden_dim': 88, 'depth': 2, 'rep_dropout': 0.11043081632524149, 'train_learning_rate': 0.00025789166944440844, 'train_lr_reduce': 0.6}. Best is trial 122 with value: 0.09548358619213104.
[I 2024-12-19 20:20:17,989] Trial 1374 finished with value: 1.2054872512817383 and parameters: {'mlp_n_layers': 4, 'mlp_dim_00': 454, 'mlp_dim_01': 265, 'mlp_dim_02': 441, 'mlp_dim_03': 398, 'node_hidden_dim': 83, 'edge_hidden_dim': 32, 'depth': 2, 'rep_dropout': 0.09634902885805907, 'train_learning_rate': 0.0005172222253296494, 'train_lr_reduce': 0.6}. Best is trial 122 with value: 0.09548358619213104.
[I 2024-12-19 20:20:32,537] Trial 1372 finished with value: 0.13124679028987885 and parameters: {'mlp_n_layers': 4, 'mlp_dim_00': 190, 'mlp_dim_01': 269, 'mlp_dim_02': 473, 'mlp_dim_03': 395, 'node_hidden_dim': 71, 'edge_hidden_dim': 64, 'depth': 1, 'rep_dropout': 0.12987647049073922, 'train_learning_rate': 0.0007230619478973515, 'train_lr_reduce': 0.6}. Best is trial 122 with value: 0.09548358619213104.
