[I 2024-12-26 22:28:59,237] Trial 2449 finished with value: 0.011297068558633327 and parameters: {'L1_hidden_dim': 112, 'L1_layers_atom': 1, 'L1_layers_mol': 1, 'L1_dropout': 0.003243000163157605, 'L1_out_dim': 128, 'L2_hidden_dim': 192, 'L2_layers_atom': 2, 'L2_layers_mol': 3, 'L2_out_dim': 96, 'L2_dropout': 0.05528857587462245, 'L3_hidden_dim': 48, 'L3_layers_atom': 4, 'L3_layers_mol': 2, 'L3_out_dim': 80, 'L3_dropout': 0.02542936659626897, 'n_mlp_layers': 3, 'mlp_dim_0': 432, 'mlp_dim_1': 400, 'mlp_dim_2': 328, 'num_heads': 2, 'final_dropout': 0.13829562004491328, 'train_learning_rate': 0.00034303366107543725, 'train_lr_reduce': 0.6}. Best is trial 2183 with value: 0.009310361929237843.
[I 2024-12-26 22:29:18,779] Trial 2451 finished with value: 0.030706914141774178 and parameters: {'L1_hidden_dim': 160, 'L1_layers_atom': 2, 'L1_layers_mol': 3, 'L1_dropout': 0.1618440859380415, 'L1_out_dim': 64, 'L2_hidden_dim': 96, 'L2_layers_atom': 4, 'L2_layers_mol': 2, 'L2_out_dim': 128, 'L2_dropout': 0.2714457713621722, 'L3_hidden_dim': 32, 'L3_layers_atom': 2, 'L3_layers_mol': 1, 'L3_out_dim': 32, 'L3_dropout': 0.17519191765873066, 'n_mlp_layers': 3, 'mlp_dim_0': 72, 'mlp_dim_1': 376, 'mlp_dim_2': 368, 'num_heads': 2, 'final_dropout': 0.21290473951754824, 'train_learning_rate': 0.0013767003192120355, 'train_lr_reduce': 0.6}. Best is trial 2183 with value: 0.009310361929237843.
[I 2024-12-26 22:29:20,871] Trial 2450 finished with value: 0.010897415690124035 and parameters: {'L1_hidden_dim': 96, 'L1_layers_atom': 2, 'L1_layers_mol': 1, 'L1_dropout': 0.03869153156959993, 'L1_out_dim': 64, 'L2_hidden_dim': 256, 'L2_layers_atom': 1, 'L2_layers_mol': 2, 'L2_out_dim': 112, 'L2_dropout': 0.0036308639878946045, 'L3_hidden_dim': 80, 'L3_layers_atom': 2, 'L3_layers_mol': 1, 'L3_out_dim': 112, 'L3_dropout': 0.13228250601416544, 'n_mlp_layers': 3, 'mlp_dim_0': 424, 'mlp_dim_1': 464, 'mlp_dim_2': 344, 'num_heads': 2, 'final_dropout': 0.019639507639458723, 'train_learning_rate': 0.0006849865888605941, 'train_lr_reduce': 0.6}. Best is trial 2183 with value: 0.009310361929237843.
[I 2024-12-26 22:31:22,614] Trial 2452 finished with value: 0.03993530943989754 and parameters: {'L1_hidden_dim': 64, 'L1_layers_atom': 2, 'L1_layers_mol': 1, 'L1_dropout': 0.2636035365304493, 'L1_out_dim': 80, 'L2_hidden_dim': 64, 'L2_layers_atom': 1, 'L2_layers_mol': 3, 'L2_out_dim': 32, 'L2_dropout': 0.22048961769155484, 'L3_hidden_dim': 112, 'L3_layers_atom': 4, 'L3_layers_mol': 4, 'L3_out_dim': 32, 'L3_dropout': 0.23343223960704618, 'n_mlp_layers': 1, 'mlp_dim_0': 312, 'num_heads': 1, 'final_dropout': 0.05469324685457337, 'train_learning_rate': 0.0031400169111352343, 'train_lr_reduce': 0.6}. Best is trial 2183 with value: 0.009310361929237843.
[I 2024-12-26 22:31:33,498] Trial 2454 finished with value: 0.012861044146120548 and parameters: {'L1_hidden_dim': 64, 'L1_layers_atom': 1, 'L1_layers_mol': 1, 'L1_dropout': 0.046351044416366796, 'L1_out_dim': 80, 'L2_hidden_dim': 160, 'L2_layers_atom': 3, 'L2_layers_mol': 2, 'L2_out_dim': 96, 'L2_dropout': 0.003881355035006046, 'L3_hidden_dim': 112, 'L3_layers_atom': 4, 'L3_layers_mol': 1, 'L3_out_dim': 112, 'L3_dropout': 0.12147049737191498, 'n_mlp_layers': 3, 'mlp_dim_0': 272, 'mlp_dim_1': 384, 'mlp_dim_2': 344, 'num_heads': 2, 'final_dropout': 0.035999697069078254, 'train_learning_rate': 0.0007745264444646073, 'train_lr_reduce': 0.6}. Best is trial 2183 with value: 0.009310361929237843.
[I 2024-12-26 22:32:57,479] Trial 2453 finished with value: 0.010545487515628338 and parameters: {'L1_hidden_dim': 144, 'L1_layers_atom': 3, 'L1_layers_mol': 1, 'L1_dropout': 0.04643799052483783, 'L1_out_dim': 128, 'L2_hidden_dim': 208, 'L2_layers_atom': 1, 'L2_layers_mol': 3, 'L2_out_dim': 80, 'L2_dropout': 0.017265117710540685, 'L3_hidden_dim': 64, 'L3_layers_atom': 4, 'L3_layers_mol': 1, 'L3_out_dim': 64, 'L3_dropout': 0.002149890749513668, 'n_mlp_layers': 3, 'mlp_dim_0': 424, 'mlp_dim_1': 440, 'mlp_dim_2': 152, 'num_heads': 2, 'final_dropout': 0.042940766007410584, 'train_learning_rate': 0.0007138846164362453, 'train_lr_reduce': 0.6}. Best is trial 2183 with value: 0.009310361929237843.
[I 2024-12-26 22:34:04,931] Trial 2455 finished with value: 0.01816062070429325 and parameters: {'L1_hidden_dim': 112, 'L1_layers_atom': 3, 'L1_layers_mol': 4, 'L1_dropout': 0.23752505549949887, 'L1_out_dim': 64, 'L2_hidden_dim': 176, 'L2_layers_atom': 4, 'L2_layers_mol': 1, 'L2_out_dim': 112, 'L2_dropout': 0.027700052634154843, 'L3_hidden_dim': 32, 'L3_layers_atom': 3, 'L3_layers_mol': 1, 'L3_out_dim': 32, 'L3_dropout': 0.024507189960430692, 'n_mlp_layers': 1, 'mlp_dim_0': 152, 'num_heads': 1, 'final_dropout': 0.133973069761274, 'train_learning_rate': 0.0013353016404773527, 'train_lr_reduce': 0.6}. Best is trial 2183 with value: 0.009310361929237843.
[I 2024-12-26 22:34:24,472] Trial 2456 finished with value: 0.015378909185528755 and parameters: {'L1_hidden_dim': 240, 'L1_layers_atom': 2, 'L1_layers_mol': 2, 'L1_dropout': 0.08853669906896142, 'L1_out_dim': 32, 'L2_hidden_dim': 128, 'L2_layers_atom': 4, 'L2_layers_mol': 1, 'L2_out_dim': 48, 'L2_dropout': 0.07847753122885456, 'L3_hidden_dim': 48, 'L3_layers_atom': 4, 'L3_layers_mol': 1, 'L3_out_dim': 80, 'L3_dropout': 0.27559363202236015, 'n_mlp_layers': 2, 'mlp_dim_0': 320, 'mlp_dim_1': 464, 'num_heads': 1, 'final_dropout': 0.21456287804033278, 'train_learning_rate': 0.0011669847100522796, 'train_lr_reduce': 0.6}. Best is trial 2183 with value: 0.009310361929237843.
[I 2024-12-26 22:35:52,300] Trial 2457 finished with value: 0.009616279043257236 and parameters: {'L1_hidden_dim': 80, 'L1_layers_atom': 3, 'L1_layers_mol': 1, 'L1_dropout': 0.02189070668790807, 'L1_out_dim': 48, 'L2_hidden_dim': 192, 'L2_layers_atom': 1, 'L2_layers_mol': 2, 'L2_out_dim': 128, 'L2_dropout': 0.02144850118307003, 'L3_hidden_dim': 112, 'L3_layers_atom': 3, 'L3_layers_mol': 1, 'L3_out_dim': 128, 'L3_dropout': 0.003575901010843749, 'n_mlp_layers': 3, 'mlp_dim_0': 376, 'mlp_dim_1': 416, 'mlp_dim_2': 296, 'num_heads': 2, 'final_dropout': 0.0730601473192481, 'train_learning_rate': 0.0002574971409970533, 'train_lr_reduce': 0.6}. Best is trial 2183 with value: 0.009310361929237843.
[I 2024-12-26 22:36:13,424] Trial 2458 finished with value: 0.012844388373196125 and parameters: {'L1_hidden_dim': 176, 'L1_layers_atom': 3, 'L1_layers_mol': 1, 'L1_dropout': 0.06490197046866283, 'L1_out_dim': 48, 'L2_hidden_dim': 240, 'L2_layers_atom': 1, 'L2_layers_mol': 2, 'L2_out_dim': 128, 'L2_dropout': 0.029149045393313793, 'L3_hidden_dim': 64, 'L3_layers_atom': 3, 'L3_layers_mol': 2, 'L3_out_dim': 128, 'L3_dropout': 0.11871370778475306, 'n_mlp_layers': 3, 'mlp_dim_0': 312, 'mlp_dim_1': 480, 'mlp_dim_2': 360, 'num_heads': 1, 'final_dropout': 0.18682830079963963, 'train_learning_rate': 0.00035684045321017103, 'train_lr_reduce': 0.6}. Best is trial 2183 with value: 0.009310361929237843.
[I 2024-12-26 22:36:43,601] Trial 2459 finished with value: 0.012419922277331352 and parameters: {'L1_hidden_dim': 176, 'L1_layers_atom': 1, 'L1_layers_mol': 1, 'L1_dropout': 0.005190866844457319, 'L1_out_dim': 112, 'L2_hidden_dim': 176, 'L2_layers_atom': 1, 'L2_layers_mol': 2, 'L2_out_dim': 112, 'L2_dropout': 0.045817883663046795, 'L3_hidden_dim': 32, 'L3_layers_atom': 4, 'L3_layers_mol': 1, 'L3_out_dim': 64, 'L3_dropout': 0.039402438916883706, 'n_mlp_layers': 3, 'mlp_dim_0': 392, 'mlp_dim_1': 384, 'mlp_dim_2': 152, 'num_heads': 2, 'final_dropout': 0.08019781167653557, 'train_learning_rate': 0.0008039228916924407, 'train_lr_reduce': 0.6}. Best is trial 2183 with value: 0.009310361929237843.
[I 2024-12-26 22:38:25,487] Trial 2460 finished with value: 0.020720966160297394 and parameters: {'L1_hidden_dim': 96, 'L1_layers_atom': 3, 'L1_layers_mol': 1, 'L1_dropout': 0.08693097422832156, 'L1_out_dim': 64, 'L2_hidden_dim': 176, 'L2_layers_atom': 3, 'L2_layers_mol': 2, 'L2_out_dim': 112, 'L2_dropout': 0.14370240875090792, 'L3_hidden_dim': 112, 'L3_layers_atom': 2, 'L3_layers_mol': 1, 'L3_out_dim': 128, 'L3_dropout': 0.049912117753097555, 'n_mlp_layers': 2, 'mlp_dim_0': 288, 'mlp_dim_1': 424, 'num_heads': 2, 'final_dropout': 0.0870190436286051, 'train_learning_rate': 0.0002314265887766015, 'train_lr_reduce': 0.6}. Best is trial 2183 with value: 0.009310361929237843.
[I 2024-12-26 22:38:44,104] Trial 2462 finished with value: 0.017697719857096672 and parameters: {'L1_hidden_dim': 80, 'L1_layers_atom': 3, 'L1_layers_mol': 4, 'L1_dropout': 0.16118111548540162, 'L1_out_dim': 64, 'L2_hidden_dim': 176, 'L2_layers_atom': 3, 'L2_layers_mol': 3, 'L2_out_dim': 80, 'L2_dropout': 0.17787391210766798, 'L3_hidden_dim': 32, 'L3_layers_atom': 1, 'L3_layers_mol': 1, 'L3_out_dim': 32, 'L3_dropout': 0.12365756200674853, 'n_mlp_layers': 3, 'mlp_dim_0': 288, 'mlp_dim_1': 424, 'mlp_dim_2': 296, 'num_heads': 1, 'final_dropout': 0.24597051618684548, 'train_learning_rate': 0.00209146072319319, 'train_lr_reduce': 0.6}. Best is trial 2183 with value: 0.009310361929237843.
[I 2024-12-26 22:38:53,967] Trial 2461 finished with value: 0.015481516718864441 and parameters: {'L1_hidden_dim': 160, 'L1_layers_atom': 2, 'L1_layers_mol': 2, 'L1_dropout': 0.0724450594347569, 'L1_out_dim': 32, 'L2_hidden_dim': 176, 'L2_layers_atom': 2, 'L2_layers_mol': 2, 'L2_out_dim': 128, 'L2_dropout': 0.07308975922192687, 'L3_hidden_dim': 112, 'L3_layers_atom': 2, 'L3_layers_mol': 1, 'L3_out_dim': 128, 'L3_dropout': 0.03264461187221438, 'n_mlp_layers': 3, 'mlp_dim_0': 392, 'mlp_dim_1': 400, 'mlp_dim_2': 272, 'num_heads': 2, 'final_dropout': 0.08788764130602708, 'train_learning_rate': 0.00015919244052923687, 'train_lr_reduce': 0.6}. Best is trial 2183 with value: 0.009310361929237843.
[I 2024-12-26 22:41:32,777] Trial 2465 finished with value: 0.013188431970775127 and parameters: {'L1_hidden_dim': 96, 'L1_layers_atom': 3, 'L1_layers_mol': 2, 'L1_dropout': 0.0002727805541530518, 'L1_out_dim': 32, 'L2_hidden_dim': 208, 'L2_layers_atom': 1, 'L2_layers_mol': 4, 'L2_out_dim': 96, 'L2_dropout': 0.016084191859499188, 'L3_hidden_dim': 64, 'L3_layers_atom': 4, 'L3_layers_mol': 1, 'L3_out_dim': 96, 'L3_dropout': 0.055112498390075274, 'n_mlp_layers': 2, 'mlp_dim_0': 416, 'mlp_dim_1': 416, 'num_heads': 2, 'final_dropout': 0.049850964539000106, 'train_learning_rate': 0.0018607707798221165, 'train_lr_reduce': 0.6}. Best is trial 2183 with value: 0.009310361929237843.
[I 2024-12-26 22:41:47,372] Trial 2464 finished with value: 0.01138472929596901 and parameters: {'L1_hidden_dim': 96, 'L1_layers_atom': 4, 'L1_layers_mol': 1, 'L1_dropout': 0.12996921115045995, 'L1_out_dim': 64, 'L2_hidden_dim': 192, 'L2_layers_atom': 2, 'L2_layers_mol': 2, 'L2_out_dim': 128, 'L2_dropout': 0.022990432949888947, 'L3_hidden_dim': 112, 'L3_layers_atom': 3, 'L3_layers_mol': 1, 'L3_out_dim': 112, 'L3_dropout': 0.025925699829137498, 'n_mlp_layers': 3, 'mlp_dim_0': 192, 'mlp_dim_1': 416, 'mlp_dim_2': 288, 'num_heads': 2, 'final_dropout': 0.07250470834402585, 'train_learning_rate': 0.0003120879844300565, 'train_lr_reduce': 0.6}. Best is trial 2183 with value: 0.009310361929237843.
[I 2024-12-26 22:42:57,865] Trial 2463 finished with value: 0.013868526555597782 and parameters: {'L1_hidden_dim': 128, 'L1_layers_atom': 2, 'L1_layers_mol': 2, 'L1_dropout': 0.03615233137546866, 'L1_out_dim': 96, 'L2_hidden_dim': 176, 'L2_layers_atom': 1, 'L2_layers_mol': 3, 'L2_out_dim': 112, 'L2_dropout': 0.01851571797446068, 'L3_hidden_dim': 48, 'L3_layers_atom': 4, 'L3_layers_mol': 1, 'L3_out_dim': 128, 'L3_dropout': 0.03669811793815263, 'n_mlp_layers': 3, 'mlp_dim_0': 360, 'mlp_dim_1': 440, 'mlp_dim_2': 296, 'num_heads': 2, 'final_dropout': 0.13800081138789502, 'train_learning_rate': 0.00011504328951450459, 'train_lr_reduce': 0.6}. Best is trial 2183 with value: 0.009310361929237843.
[I 2024-12-26 22:43:26,716] Trial 2467 finished with value: 0.05473306030035019 and parameters: {'L1_hidden_dim': 240, 'L1_layers_atom': 2, 'L1_layers_mol': 2, 'L1_dropout': 0.015398445893931911, 'L1_out_dim': 128, 'L2_hidden_dim': 176, 'L2_layers_atom': 3, 'L2_layers_mol': 3, 'L2_out_dim': 64, 'L2_dropout': 0.22393524897241923, 'L3_hidden_dim': 80, 'L3_layers_atom': 2, 'L3_layers_mol': 4, 'L3_out_dim': 112, 'L3_dropout': 0.20656488686235927, 'n_mlp_layers': 3, 'mlp_dim_0': 160, 'mlp_dim_1': 440, 'mlp_dim_2': 280, 'num_heads': 1, 'final_dropout': 0.07041999857670075, 'train_learning_rate': 0.006663787818223101, 'train_lr_reduce': 0.6}. Best is trial 2183 with value: 0.009310361929237843.
[I 2024-12-26 22:43:57,570] Trial 2466 finished with value: 0.04393666237592697 and parameters: {'L1_hidden_dim': 256, 'L1_layers_atom': 2, 'L1_layers_mol': 1, 'L1_dropout': 0.17864744821115036, 'L1_out_dim': 96, 'L2_hidden_dim': 160, 'L2_layers_atom': 2, 'L2_layers_mol': 4, 'L2_out_dim': 64, 'L2_dropout': 0.26933457244654285, 'L3_hidden_dim': 128, 'L3_layers_atom': 4, 'L3_layers_mol': 3, 'L3_out_dim': 112, 'L3_dropout': 0.23778638968658228, 'n_mlp_layers': 3, 'mlp_dim_0': 32, 'mlp_dim_1': 408, 'mlp_dim_2': 312, 'num_heads': 2, 'final_dropout': 0.02908829794880334, 'train_learning_rate': 0.0004058124287396582, 'train_lr_reduce': 0.6}. Best is trial 2183 with value: 0.009310361929237843.
[I 2024-12-26 22:45:14,580] Trial 2468 finished with value: 0.02117440663278103 and parameters: {'L1_hidden_dim': 64, 'L1_layers_atom': 1, 'L1_layers_mol': 2, 'L1_dropout': 0.17223824403350496, 'L1_out_dim': 128, 'L2_hidden_dim': 160, 'L2_layers_atom': 2, 'L2_layers_mol': 3, 'L2_out_dim': 112, 'L2_dropout': 0.007145926026888495, 'L3_hidden_dim': 64, 'L3_layers_atom': 4, 'L3_layers_mol': 2, 'L3_out_dim': 96, 'L3_dropout': 0.14874114954608714, 'n_mlp_layers': 3, 'mlp_dim_0': 496, 'mlp_dim_1': 432, 'mlp_dim_2': 328, 'num_heads': 1, 'final_dropout': 0.1276129183448697, 'train_learning_rate': 0.00014569965885610466, 'train_lr_reduce': 0.6}. Best is trial 2183 with value: 0.009310361929237843.
[I 2024-12-26 22:46:36,395] Trial 2469 finished with value: 0.015962699428200722 and parameters: {'L1_hidden_dim': 112, 'L1_layers_atom': 4, 'L1_layers_mol': 4, 'L1_dropout': 0.010486183697869482, 'L1_out_dim': 128, 'L2_hidden_dim': 224, 'L2_layers_atom': 1, 'L2_layers_mol': 4, 'L2_out_dim': 32, 'L2_dropout': 0.05816014388657062, 'L3_hidden_dim': 32, 'L3_layers_atom': 4, 'L3_layers_mol': 1, 'L3_out_dim': 112, 'L3_dropout': 0.01906353925125858, 'n_mlp_layers': 3, 'mlp_dim_0': 112, 'mlp_dim_1': 400, 'mlp_dim_2': 296, 'num_heads': 2, 'final_dropout': 0.1615811970182962, 'train_learning_rate': 0.0001448620071001204, 'train_lr_reduce': 0.6}. Best is trial 2183 with value: 0.009310361929237843.
[I 2024-12-26 22:47:19,306] Trial 2470 finished with value: 0.010266756638884544 and parameters: {'L1_hidden_dim': 112, 'L1_layers_atom': 3, 'L1_layers_mol': 2, 'L1_dropout': 0.019594984307894837, 'L1_out_dim': 32, 'L2_hidden_dim': 256, 'L2_layers_atom': 1, 'L2_layers_mol': 2, 'L2_out_dim': 112, 'L2_dropout': 0.011892846736053186, 'L3_hidden_dim': 96, 'L3_layers_atom': 3, 'L3_layers_mol': 1, 'L3_out_dim': 128, 'L3_dropout': 0.08178872690327675, 'n_mlp_layers': 3, 'mlp_dim_0': 392, 'mlp_dim_1': 432, 'mlp_dim_2': 280, 'num_heads': 2, 'final_dropout': 0.04171976869723348, 'train_learning_rate': 0.00016613066392872448, 'train_lr_reduce': 0.6}. Best is trial 2183 with value: 0.009310361929237843.
[I 2024-12-26 22:48:03,303] Trial 2471 finished with value: 0.015709951519966125 and parameters: {'L1_hidden_dim': 144, 'L1_layers_atom': 1, 'L1_layers_mol': 2, 'L1_dropout': 0.00620423946409312, 'L1_out_dim': 128, 'L2_hidden_dim': 192, 'L2_layers_atom': 1, 'L2_layers_mol': 3, 'L2_out_dim': 80, 'L2_dropout': 0.05251159399043434, 'L3_hidden_dim': 48, 'L3_layers_atom': 4, 'L3_layers_mol': 1, 'L3_out_dim': 64, 'L3_dropout': 0.08269922120363174, 'n_mlp_layers': 2, 'mlp_dim_0': 480, 'mlp_dim_1': 472, 'num_heads': 2, 'final_dropout': 0.10221630780754554, 'train_learning_rate': 0.0006597325018219704, 'train_lr_reduce': 0.6}. Best is trial 2183 with value: 0.009310361929237843.
[I 2024-12-26 22:49:30,150] Trial 2472 finished with value: 0.015619412064552307 and parameters: {'L1_hidden_dim': 112, 'L1_layers_atom': 3, 'L1_layers_mol': 1, 'L1_dropout': 0.041662646513959394, 'L1_out_dim': 64, 'L2_hidden_dim': 144, 'L2_layers_atom': 1, 'L2_layers_mol': 2, 'L2_out_dim': 128, 'L2_dropout': 0.08534417477029693, 'L3_hidden_dim': 80, 'L3_layers_atom': 3, 'L3_layers_mol': 1, 'L3_out_dim': 128, 'L3_dropout': 0.027675230859429613, 'n_mlp_layers': 2, 'mlp_dim_0': 440, 'mlp_dim_1': 440, 'num_heads': 2, 'final_dropout': 0.05389271306717934, 'train_learning_rate': 0.0005199437481714621, 'train_lr_reduce': 0.6}. Best is trial 2183 with value: 0.009310361929237843.
[I 2024-12-26 22:50:19,928] Trial 2473 finished with value: 0.012087726965546608 and parameters: {'L1_hidden_dim': 80, 'L1_layers_atom': 3, 'L1_layers_mol': 1, 'L1_dropout': 0.03631516073568412, 'L1_out_dim': 64, 'L2_hidden_dim': 144, 'L2_layers_atom': 2, 'L2_layers_mol': 2, 'L2_out_dim': 128, 'L2_dropout': 0.03341118335070966, 'L3_hidden_dim': 128, 'L3_layers_atom': 3, 'L3_layers_mol': 2, 'L3_out_dim': 128, 'L3_dropout': 0.0450580600264847, 'n_mlp_layers': 3, 'mlp_dim_0': 432, 'mlp_dim_1': 400, 'mlp_dim_2': 288, 'num_heads': 2, 'final_dropout': 0.03954677444883257, 'train_learning_rate': 0.0002465104074464211, 'train_lr_reduce': 0.6}. Best is trial 2183 with value: 0.009310361929237843.
[I 2024-12-26 22:51:03,711] Trial 2474 finished with value: 0.013034929521381855 and parameters: {'L1_hidden_dim': 224, 'L1_layers_atom': 1, 'L1_layers_mol': 3, 'L1_dropout': 0.12587061868411417, 'L1_out_dim': 32, 'L2_hidden_dim': 80, 'L2_layers_atom': 1, 'L2_layers_mol': 1, 'L2_out_dim': 80, 'L2_dropout': 0.001672238615858742, 'L3_hidden_dim': 112, 'L3_layers_atom': 4, 'L3_layers_mol': 4, 'L3_out_dim': 96, 'L3_dropout': 0.19010738265277657, 'n_mlp_layers': 1, 'mlp_dim_0': 472, 'num_heads': 2, 'final_dropout': 0.23978349857753994, 'train_learning_rate': 0.0002534628794592821, 'train_lr_reduce': 0.6}. Best is trial 2183 with value: 0.009310361929237843.
[I 2024-12-26 22:51:46,860] Trial 2475 finished with value: 0.1384643167257309 and parameters: {'L1_hidden_dim': 192, 'L1_layers_atom': 2, 'L1_layers_mol': 3, 'L1_dropout': 0.22901590042753142, 'L1_out_dim': 64, 'L2_hidden_dim': 96, 'L2_layers_atom': 4, 'L2_layers_mol': 4, 'L2_out_dim': 96, 'L2_dropout': 0.10886005103377558, 'L3_hidden_dim': 48, 'L3_layers_atom': 1, 'L3_layers_mol': 2, 'L3_out_dim': 48, 'L3_dropout': 0.22652359037376452, 'n_mlp_layers': 1, 'mlp_dim_0': 352, 'num_heads': 2, 'final_dropout': 0.27743422476074836, 'train_learning_rate': 0.00010335700131482736, 'train_lr_reduce': 0.6}. Best is trial 2183 with value: 0.009310361929237843.
[I 2024-12-26 22:52:44,601] Trial 2476 finished with value: 0.018488645553588867 and parameters: {'L1_hidden_dim': 160, 'L1_layers_atom': 3, 'L1_layers_mol': 2, 'L1_dropout': 0.0987195117171778, 'L1_out_dim': 96, 'L2_hidden_dim': 144, 'L2_layers_atom': 4, 'L2_layers_mol': 1, 'L2_out_dim': 48, 'L2_dropout': 0.2986401219133487, 'L3_hidden_dim': 80, 'L3_layers_atom': 1, 'L3_layers_mol': 1, 'L3_out_dim': 64, 'L3_dropout': 0.03011606254731168, 'n_mlp_layers': 3, 'mlp_dim_0': 480, 'mlp_dim_1': 472, 'mlp_dim_2': 288, 'num_heads': 1, 'final_dropout': 0.18892729408780964, 'train_learning_rate': 0.0013069287235565124, 'train_lr_reduce': 0.6}. Best is trial 2183 with value: 0.009310361929237843.
[I 2024-12-26 22:53:39,600] Trial 2477 finished with value: 0.03685211017727852 and parameters: {'L1_hidden_dim': 224, 'L1_layers_atom': 4, 'L1_layers_mol': 2, 'L1_dropout': 0.2087093605796556, 'L1_out_dim': 48, 'L2_hidden_dim': 96, 'L2_layers_atom': 3, 'L2_layers_mol': 3, 'L2_out_dim': 128, 'L2_dropout': 0.25583654595546523, 'L3_hidden_dim': 96, 'L3_layers_atom': 2, 'L3_layers_mol': 3, 'L3_out_dim': 48, 'L3_dropout': 0.19818103594220163, 'n_mlp_layers': 1, 'mlp_dim_0': 184, 'num_heads': 2, 'final_dropout': 0.01305720480894082, 'train_learning_rate': 0.003403609999296561, 'train_lr_reduce': 0.6}. Best is trial 2183 with value: 0.009310361929237843.
[I 2024-12-26 22:55:04,944] Trial 2478 finished with value: 0.016107967123389244 and parameters: {'L1_hidden_dim': 112, 'L1_layers_atom': 1, 'L1_layers_mol': 3, 'L1_dropout': 0.10800829947704507, 'L1_out_dim': 112, 'L2_hidden_dim': 112, 'L2_layers_atom': 1, 'L2_layers_mol': 2, 'L2_out_dim': 96, 'L2_dropout': 0.04652971364129716, 'L3_hidden_dim': 80, 'L3_layers_atom': 4, 'L3_layers_mol': 3, 'L3_out_dim': 112, 'L3_dropout': 0.07387323424205589, 'n_mlp_layers': 3, 'mlp_dim_0': 504, 'mlp_dim_1': 408, 'mlp_dim_2': 288, 'num_heads': 1, 'final_dropout': 0.09475247553335421, 'train_learning_rate': 0.002360494791525249, 'train_lr_reduce': 0.6}. Best is trial 2183 with value: 0.009310361929237843.
[I 2024-12-26 22:55:38,552] Trial 2479 finished with value: 0.011116056703031063 and parameters: {'L1_hidden_dim': 64, 'L1_layers_atom': 2, 'L1_layers_mol': 2, 'L1_dropout': 0.007404941139456809, 'L1_out_dim': 48, 'L2_hidden_dim': 240, 'L2_layers_atom': 1, 'L2_layers_mol': 4, 'L2_out_dim': 96, 'L2_dropout': 0.032482388263519346, 'L3_hidden_dim': 80, 'L3_layers_atom': 2, 'L3_layers_mol': 1, 'L3_out_dim': 112, 'L3_dropout': 0.056609342203422286, 'n_mlp_layers': 3, 'mlp_dim_0': 512, 'mlp_dim_1': 464, 'mlp_dim_2': 320, 'num_heads': 2, 'final_dropout': 0.011241790626826897, 'train_learning_rate': 0.00021551769234755828, 'train_lr_reduce': 0.6}. Best is trial 2183 with value: 0.009310361929237843.
