[I 2024-12-19 22:11:07,148] Trial 2108 finished with value: 0.19135743379592896 and parameters: {'mlp_n_layers': 1, 'mlp_dim_00': 411, 'node_hidden_dim': 61, 'edge_hidden_dim': 45, 'depth': 2, 'rep_dropout': 0.002026951402465796, 'train_learning_rate': 0.009310059076283322, 'train_lr_reduce': 0.6}. Best is trial 1909 with value: 0.10777772963047028.
[I 2024-12-19 22:11:08,392] Trial 2109 finished with value: 0.13296903669834137 and parameters: {'mlp_n_layers': 1, 'mlp_dim_00': 453, 'node_hidden_dim': 32, 'edge_hidden_dim': 74, 'depth': 1, 'rep_dropout': 0.03972279120109807, 'train_learning_rate': 0.004195234501662417, 'train_lr_reduce': 0.6}. Best is trial 1909 with value: 0.10777772963047028.
[I 2024-12-19 22:11:12,563] Trial 2110 finished with value: 0.12568461894989014 and parameters: {'mlp_n_layers': 2, 'mlp_dim_00': 491, 'mlp_dim_01': 162, 'node_hidden_dim': 42, 'edge_hidden_dim': 61, 'depth': 1, 'rep_dropout': 0.001853799740715917, 'train_learning_rate': 0.003111371850819368, 'train_lr_reduce': 0.6}. Best is trial 1909 with value: 0.10777772963047028.
[I 2024-12-19 22:11:13,715] Trial 2111 finished with value: 1.1422408819198608 and parameters: {'mlp_n_layers': 4, 'mlp_dim_00': 490, 'mlp_dim_01': 211, 'mlp_dim_02': 231, 'mlp_dim_03': 294, 'node_hidden_dim': 73, 'edge_hidden_dim': 108, 'depth': 3, 'rep_dropout': 0.11873425396439444, 'train_learning_rate': 0.00086136643837925, 'train_lr_reduce': 0.6}. Best is trial 1909 with value: 0.10777772963047028.
[I 2024-12-19 22:11:19,636] Trial 2114 finished with value: 1.1423923969268799 and parameters: {'mlp_n_layers': 2, 'mlp_dim_00': 257, 'mlp_dim_01': 99, 'node_hidden_dim': 42, 'edge_hidden_dim': 55, 'depth': 2, 'rep_dropout': 0.02246513080397187, 'train_learning_rate': 0.0037092115771579968, 'train_lr_reduce': 0.6}. Best is trial 1909 with value: 0.10777772963047028.
[I 2024-12-19 22:11:20,753] Trial 2113 finished with value: 1.1420034170150757 and parameters: {'mlp_n_layers': 3, 'mlp_dim_00': 364, 'mlp_dim_01': 114, 'mlp_dim_02': 148, 'node_hidden_dim': 104, 'edge_hidden_dim': 53, 'depth': 4, 'rep_dropout': 0.10845370565845469, 'train_learning_rate': 0.00015985176870274075, 'train_lr_reduce': 0.6}. Best is trial 1909 with value: 0.10777772963047028.
[I 2024-12-19 22:11:24,592] Trial 2115 finished with value: 1.1421468257904053 and parameters: {'mlp_n_layers': 2, 'mlp_dim_00': 101, 'mlp_dim_01': 153, 'node_hidden_dim': 67, 'edge_hidden_dim': 123, 'depth': 1, 'rep_dropout': 0.03921048090673926, 'train_learning_rate': 0.0007416801235447978, 'train_lr_reduce': 0.6}. Best is trial 1909 with value: 0.10777772963047028.
[I 2024-12-19 22:11:30,561] Trial 2117 finished with value: 1.1456739902496338 and parameters: {'mlp_n_layers': 1, 'mlp_dim_00': 512, 'node_hidden_dim': 32, 'edge_hidden_dim': 77, 'depth': 2, 'rep_dropout': 0.02888211921303583, 'train_learning_rate': 0.0011006688893738258, 'train_lr_reduce': 0.6}. Best is trial 1909 with value: 0.10777772963047028.
[I 2024-12-19 22:11:48,057] Trial 2112 finished with value: 0.12086177617311478 and parameters: {'mlp_n_layers': 1, 'mlp_dim_00': 405, 'node_hidden_dim': 41, 'edge_hidden_dim': 74, 'depth': 1, 'rep_dropout': 0.029306063406487712, 'train_learning_rate': 0.0040386887048836076, 'train_lr_reduce': 0.6}. Best is trial 1909 with value: 0.10777772963047028.
[I 2024-12-19 22:12:01,825] Trial 2116 finished with value: 0.1524415761232376 and parameters: {'mlp_n_layers': 1, 'mlp_dim_00': 507, 'node_hidden_dim': 38, 'edge_hidden_dim': 80, 'depth': 1, 'rep_dropout': 0.013833296869496838, 'train_learning_rate': 0.0019603468183869385, 'train_lr_reduce': 0.6}. Best is trial 1909 with value: 0.10777772963047028.
[I 2024-12-19 22:12:04,137] Trial 2118 finished with value: 0.19596005976200104 and parameters: {'mlp_n_layers': 2, 'mlp_dim_00': 323, 'mlp_dim_01': 176, 'node_hidden_dim': 52, 'edge_hidden_dim': 52, 'depth': 1, 'rep_dropout': 0.0003163765491181435, 'train_learning_rate': 0.006310520786424561, 'train_lr_reduce': 0.6}. Best is trial 1909 with value: 0.10777772963047028.
[I 2024-12-19 22:12:08,137] Trial 2120 finished with value: 1.142523169517517 and parameters: {'mlp_n_layers': 2, 'mlp_dim_00': 203, 'mlp_dim_01': 223, 'node_hidden_dim': 112, 'edge_hidden_dim': 37, 'depth': 4, 'rep_dropout': 0.009708171677363958, 'train_learning_rate': 0.0006213300611088505, 'train_lr_reduce': 0.6}. Best is trial 1909 with value: 0.10777772963047028.
[I 2024-12-19 22:12:09,953] Trial 2121 finished with value: 1.146036148071289 and parameters: {'mlp_n_layers': 2, 'mlp_dim_00': 506, 'mlp_dim_01': 67, 'node_hidden_dim': 49, 'edge_hidden_dim': 77, 'depth': 2, 'rep_dropout': 0.006915442768278977, 'train_learning_rate': 0.0033860711851364006, 'train_lr_reduce': 0.6}. Best is trial 1909 with value: 0.10777772963047028.
[I 2024-12-19 22:12:16,640] Trial 2123 finished with value: 1.1420072317123413 and parameters: {'mlp_n_layers': 2, 'mlp_dim_00': 433, 'mlp_dim_01': 136, 'node_hidden_dim': 48, 'edge_hidden_dim': 102, 'depth': 4, 'rep_dropout': 0.04101002076726031, 'train_learning_rate': 0.008574195972847662, 'train_lr_reduce': 0.6}. Best is trial 1909 with value: 0.10777772963047028.
[I 2024-12-19 22:12:28,294] Trial 2119 finished with value: 0.11238490790128708 and parameters: {'mlp_n_layers': 1, 'mlp_dim_00': 450, 'node_hidden_dim': 38, 'edge_hidden_dim': 75, 'depth': 1, 'rep_dropout': 0.02823757459811499, 'train_learning_rate': 0.003618377224266491, 'train_lr_reduce': 0.6}. Best is trial 1909 with value: 0.10777772963047028.
[I 2024-12-19 22:12:30,893] Trial 2122 finished with value: 0.3526086211204529 and parameters: {'mlp_n_layers': 1, 'mlp_dim_00': 428, 'node_hidden_dim': 33, 'edge_hidden_dim': 88, 'depth': 2, 'rep_dropout': 0.024323002465678062, 'train_learning_rate': 0.003792814995714935, 'train_lr_reduce': 0.6}. Best is trial 1909 with value: 0.10777772963047028.
[I 2024-12-19 22:12:33,156] Trial 2125 finished with value: 1.1430071592330933 and parameters: {'mlp_n_layers': 1, 'mlp_dim_00': 493, 'node_hidden_dim': 38, 'edge_hidden_dim': 76, 'depth': 1, 'rep_dropout': 0.001566065914542838, 'train_learning_rate': 0.00505856665179687, 'train_lr_reduce': 0.6}. Best is trial 1909 with value: 0.10777772963047028.
[I 2024-12-19 22:12:35,880] Trial 2126 finished with value: 1.142549753189087 and parameters: {'mlp_n_layers': 1, 'mlp_dim_00': 392, 'node_hidden_dim': 35, 'edge_hidden_dim': 72, 'depth': 2, 'rep_dropout': 0.02503533187052298, 'train_learning_rate': 0.007689543793744759, 'train_lr_reduce': 0.6}. Best is trial 1909 with value: 0.10777772963047028.
[I 2024-12-19 22:12:53,192] Trial 2128 finished with value: 0.6071217060089111 and parameters: {'mlp_n_layers': 1, 'mlp_dim_00': 464, 'node_hidden_dim': 68, 'edge_hidden_dim': 87, 'depth': 1, 'rep_dropout': 0.044946784786511956, 'train_learning_rate': 0.006893523137319015, 'train_lr_reduce': 0.6}. Best is trial 1909 with value: 0.10777772963047028.
[I 2024-12-19 22:13:04,121] Trial 2124 finished with value: 0.13281305134296417 and parameters: {'mlp_n_layers': 2, 'mlp_dim_00': 478, 'mlp_dim_01': 102, 'node_hidden_dim': 40, 'edge_hidden_dim': 78, 'depth': 1, 'rep_dropout': 0.000514108691934051, 'train_learning_rate': 0.0038268543891420174, 'train_lr_reduce': 0.6}. Best is trial 1909 with value: 0.10777772963047028.
[I 2024-12-19 22:13:09,939] Trial 2130 finished with value: 1.1462920904159546 and parameters: {'mlp_n_layers': 2, 'mlp_dim_00': 447, 'mlp_dim_01': 144, 'node_hidden_dim': 44, 'edge_hidden_dim': 91, 'depth': 4, 'rep_dropout': 0.13932131466777686, 'train_learning_rate': 0.009126095919664894, 'train_lr_reduce': 0.6}. Best is trial 1909 with value: 0.10777772963047028.
[I 2024-12-19 22:13:10,538] Trial 2127 finished with value: 0.15955528616905212 and parameters: {'mlp_n_layers': 1, 'mlp_dim_00': 418, 'node_hidden_dim': 42, 'edge_hidden_dim': 80, 'depth': 1, 'rep_dropout': 0.04229401418679965, 'train_learning_rate': 0.002403412524538896, 'train_lr_reduce': 0.6}. Best is trial 1909 with value: 0.10777772963047028.
[I 2024-12-19 22:13:26,423] Trial 2129 finished with value: 0.17620337009429932 and parameters: {'mlp_n_layers': 1, 'mlp_dim_00': 464, 'node_hidden_dim': 36, 'edge_hidden_dim': 81, 'depth': 1, 'rep_dropout': 0.02528369187332017, 'train_learning_rate': 0.0037372210311483883, 'train_lr_reduce': 0.6}. Best is trial 1909 with value: 0.10777772963047028.
[I 2024-12-19 22:13:29,164] Trial 2131 finished with value: 0.2146289348602295 and parameters: {'mlp_n_layers': 2, 'mlp_dim_00': 454, 'mlp_dim_01': 181, 'node_hidden_dim': 33, 'edge_hidden_dim': 72, 'depth': 1, 'rep_dropout': 0.05330506938405374, 'train_learning_rate': 0.0032144235348176794, 'train_lr_reduce': 0.6}. Best is trial 1909 with value: 0.10777772963047028.
[I 2024-12-19 22:13:34,391] Trial 2134 finished with value: 1.1438472270965576 and parameters: {'mlp_n_layers': 3, 'mlp_dim_00': 200, 'mlp_dim_01': 209, 'mlp_dim_02': 393, 'node_hidden_dim': 122, 'edge_hidden_dim': 55, 'depth': 1, 'rep_dropout': 0.14200563749649076, 'train_learning_rate': 0.0008408012834294382, 'train_lr_reduce': 0.6}. Best is trial 1909 with value: 0.10777772963047028.
[I 2024-12-19 22:13:40,409] Trial 2135 finished with value: 1.141427993774414 and parameters: {'mlp_n_layers': 1, 'mlp_dim_00': 316, 'node_hidden_dim': 98, 'edge_hidden_dim': 122, 'depth': 4, 'rep_dropout': 0.04596131625880533, 'train_learning_rate': 0.00012345508314664762, 'train_lr_reduce': 0.6}. Best is trial 1909 with value: 0.10777772963047028.
[I 2024-12-19 22:13:45,656] Trial 2136 finished with value: 1.1425132751464844 and parameters: {'mlp_n_layers': 1, 'mlp_dim_00': 428, 'node_hidden_dim': 124, 'edge_hidden_dim': 42, 'depth': 2, 'rep_dropout': 0.0032632979057505146, 'train_learning_rate': 0.00017261362809101055, 'train_lr_reduce': 0.6}. Best is trial 1909 with value: 0.10777772963047028.
[I 2024-12-19 22:13:50,729] Trial 2133 finished with value: 0.19603639841079712 and parameters: {'mlp_n_layers': 2, 'mlp_dim_00': 512, 'mlp_dim_01': 109, 'node_hidden_dim': 51, 'edge_hidden_dim': 79, 'depth': 1, 'rep_dropout': 0.00023358825818433764, 'train_learning_rate': 0.0024595825953532, 'train_lr_reduce': 0.6}. Best is trial 1909 with value: 0.10777772963047028.
[I 2024-12-19 22:13:51,080] Trial 2132 finished with value: 0.2995537221431732 and parameters: {'mlp_n_layers': 1, 'mlp_dim_00': 450, 'node_hidden_dim': 45, 'edge_hidden_dim': 62, 'depth': 1, 'rep_dropout': 0.01804472995740669, 'train_learning_rate': 0.007312413508513536, 'train_lr_reduce': 0.6}. Best is trial 1909 with value: 0.10777772963047028.
[I 2024-12-19 22:14:09,337] Trial 2138 finished with value: 0.28791216015815735 and parameters: {'mlp_n_layers': 1, 'mlp_dim_00': 400, 'node_hidden_dim': 42, 'edge_hidden_dim': 86, 'depth': 1, 'rep_dropout': 0.04436397647055823, 'train_learning_rate': 0.008064608783644471, 'train_lr_reduce': 0.6}. Best is trial 1909 with value: 0.10777772963047028.
[I 2024-12-19 22:14:11,927] Trial 2137 finished with value: 0.1689150333404541 and parameters: {'mlp_n_layers': 1, 'mlp_dim_00': 500, 'node_hidden_dim': 44, 'edge_hidden_dim': 61, 'depth': 1, 'rep_dropout': 0.010488636794650761, 'train_learning_rate': 0.0023664970449198647, 'train_lr_reduce': 0.6}. Best is trial 1909 with value: 0.10777772963047028.
[I 2024-12-19 22:14:15,340] Trial 2140 finished with value: 1.142951250076294 and parameters: {'mlp_n_layers': 1, 'mlp_dim_00': 496, 'node_hidden_dim': 35, 'edge_hidden_dim': 81, 'depth': 2, 'rep_dropout': 0.030628360233853763, 'train_learning_rate': 0.008179420031852486, 'train_lr_reduce': 0.6}. Best is trial 1909 with value: 0.10777772963047028.
[I 2024-12-19 22:14:19,701] Trial 2139 finished with value: 0.23915128409862518 and parameters: {'mlp_n_layers': 1, 'mlp_dim_00': 295, 'node_hidden_dim': 125, 'edge_hidden_dim': 33, 'depth': 1, 'rep_dropout': 0.08887806923602284, 'train_learning_rate': 0.004730306744875221, 'train_lr_reduce': 0.6}. Best is trial 1909 with value: 0.10777772963047028.
[I 2024-12-19 22:14:43,009] Trial 2141 finished with value: 0.22457151114940643 and parameters: {'mlp_n_layers': 1, 'mlp_dim_00': 419, 'node_hidden_dim': 39, 'edge_hidden_dim': 58, 'depth': 1, 'rep_dropout': 0.0010039282005953713, 'train_learning_rate': 0.009872120150092954, 'train_lr_reduce': 0.6}. Best is trial 1909 with value: 0.10777772963047028.
[I 2024-12-19 22:14:56,900] Trial 2142 finished with value: 0.13591891527175903 and parameters: {'mlp_n_layers': 2, 'mlp_dim_00': 489, 'mlp_dim_01': 142, 'node_hidden_dim': 33, 'edge_hidden_dim': 73, 'depth': 1, 'rep_dropout': 0.042427947234532505, 'train_learning_rate': 0.002880267708936048, 'train_lr_reduce': 0.6}. Best is trial 1909 with value: 0.10777772963047028.
[I 2024-12-19 22:14:59,026] Trial 2143 finished with value: 0.196027934551239 and parameters: {'mlp_n_layers': 1, 'mlp_dim_00': 485, 'node_hidden_dim': 45, 'edge_hidden_dim': 91, 'depth': 1, 'rep_dropout': 0.0464431424257381, 'train_learning_rate': 0.005059679555518644, 'train_lr_reduce': 0.6}. Best is trial 1909 with value: 0.10777772963047028.
[I 2024-12-19 22:15:19,981] Trial 2144 finished with value: 0.17560265958309174 and parameters: {'mlp_n_layers': 1, 'mlp_dim_00': 474, 'node_hidden_dim': 55, 'edge_hidden_dim': 56, 'depth': 1, 'rep_dropout': 0.0004383796806183768, 'train_learning_rate': 0.004192725619095317, 'train_lr_reduce': 0.6}. Best is trial 1909 with value: 0.10777772963047028.
[I 2024-12-19 22:15:34,812] Trial 2145 finished with value: 0.12960882484912872 and parameters: {'mlp_n_layers': 1, 'mlp_dim_00': 384, 'node_hidden_dim': 32, 'edge_hidden_dim': 75, 'depth': 1, 'rep_dropout': 0.027248584992642575, 'train_learning_rate': 0.0033023728538314166, 'train_lr_reduce': 0.6}. Best is trial 1909 with value: 0.10777772963047028.
[I 2024-12-19 22:15:36,405] Trial 2147 finished with value: 0.24887482821941376 and parameters: {'mlp_n_layers': 2, 'mlp_dim_00': 500, 'mlp_dim_01': 64, 'node_hidden_dim': 48, 'edge_hidden_dim': 63, 'depth': 1, 'rep_dropout': 0.005777522913812088, 'train_learning_rate': 0.006466847815683731, 'train_lr_reduce': 0.6}. Best is trial 1909 with value: 0.10777772963047028.
[I 2024-12-19 22:15:40,917] Trial 2146 finished with value: 0.14506570994853973 and parameters: {'mlp_n_layers': 2, 'mlp_dim_00': 440, 'mlp_dim_01': 97, 'node_hidden_dim': 53, 'edge_hidden_dim': 70, 'depth': 1, 'rep_dropout': 0.0025156384359357837, 'train_learning_rate': 0.002134274899141376, 'train_lr_reduce': 0.6}. Best is trial 1909 with value: 0.10777772963047028.
[I 2024-12-19 22:15:41,463] Trial 2148 finished with value: 1.1421209573745728 and parameters: {'mlp_n_layers': 2, 'mlp_dim_00': 99, 'mlp_dim_01': 169, 'node_hidden_dim': 40, 'edge_hidden_dim': 54, 'depth': 4, 'rep_dropout': 0.14638149986352705, 'train_learning_rate': 0.0005045931334317955, 'train_lr_reduce': 0.6}. Best is trial 1909 with value: 0.10777772963047028.
[I 2024-12-19 22:16:06,553] Trial 2149 finished with value: 0.28149643540382385 and parameters: {'mlp_n_layers': 1, 'mlp_dim_00': 466, 'node_hidden_dim': 40, 'edge_hidden_dim': 76, 'depth': 1, 'rep_dropout': 0.02580578761432007, 'train_learning_rate': 0.004663979842123226, 'train_lr_reduce': 0.6}. Best is trial 1909 with value: 0.10777772963047028.
[I 2024-12-19 22:16:11,620] Trial 2152 finished with value: 1.142074465751648 and parameters: {'mlp_n_layers': 1, 'mlp_dim_00': 509, 'node_hidden_dim': 32, 'edge_hidden_dim': 59, 'depth': 1, 'rep_dropout': 0.02875720376777426, 'train_learning_rate': 0.0020218213389245807, 'train_lr_reduce': 0.6}. Best is trial 1909 with value: 0.10777772963047028.
[I 2024-12-19 22:16:12,728] Trial 2151 finished with value: 0.2603878378868103 and parameters: {'mlp_n_layers': 1, 'mlp_dim_00': 408, 'node_hidden_dim': 33, 'edge_hidden_dim': 69, 'depth': 1, 'rep_dropout': 0.02262732511683537, 'train_learning_rate': 0.008724580647034444, 'train_lr_reduce': 0.6}. Best is trial 1909 with value: 0.10777772963047028.
[I 2024-12-19 22:16:20,319] Trial 2150 finished with value: 0.16825361549854279 and parameters: {'mlp_n_layers': 1, 'mlp_dim_00': 423, 'node_hidden_dim': 32, 'edge_hidden_dim': 81, 'depth': 1, 'rep_dropout': 0.002704360242095135, 'train_learning_rate': 0.0052878443290750215, 'train_lr_reduce': 0.6}. Best is trial 1909 with value: 0.10777772963047028.
[I 2024-12-19 22:16:26,705] Trial 2155 finished with value: 1.1423546075820923 and parameters: {'mlp_n_layers': 4, 'mlp_dim_00': 275, 'mlp_dim_01': 134, 'mlp_dim_02': 275, 'mlp_dim_03': 238, 'node_hidden_dim': 119, 'edge_hidden_dim': 127, 'depth': 2, 'rep_dropout': 0.14880720677384385, 'train_learning_rate': 0.0029828069433080998, 'train_lr_reduce': 0.6}. Best is trial 1909 with value: 0.10777772963047028.
[I 2024-12-19 22:16:50,675] Trial 2153 finished with value: 0.19200198352336884 and parameters: {'mlp_n_layers': 1, 'mlp_dim_00': 497, 'node_hidden_dim': 45, 'edge_hidden_dim': 79, 'depth': 1, 'rep_dropout': 0.001489092663147072, 'train_learning_rate': 0.009490551215633778, 'train_lr_reduce': 0.6}. Best is trial 1909 with value: 0.10777772963047028.
[I 2024-12-19 22:16:55,828] Trial 2157 finished with value: 1.1419153213500977 and parameters: {'mlp_n_layers': 2, 'mlp_dim_00': 450, 'mlp_dim_01': 229, 'node_hidden_dim': 46, 'edge_hidden_dim': 80, 'depth': 1, 'rep_dropout': 0.03580502580322239, 'train_learning_rate': 0.0016522882398435125, 'train_lr_reduce': 0.6}. Best is trial 1909 with value: 0.10777772963047028.
[I 2024-12-19 22:16:55,973] Trial 2154 finished with value: 0.25808799266815186 and parameters: {'mlp_n_layers': 1, 'mlp_dim_00': 439, 'node_hidden_dim': 59, 'edge_hidden_dim': 86, 'depth': 2, 'rep_dropout': 0.011056101772035112, 'train_learning_rate': 0.002182443297499137, 'train_lr_reduce': 0.6}. Best is trial 1909 with value: 0.10777772963047028.
[I 2024-12-19 22:17:06,033] Trial 2156 finished with value: 0.1483553647994995 and parameters: {'mlp_n_layers': 1, 'mlp_dim_00': 419, 'node_hidden_dim': 33, 'edge_hidden_dim': 65, 'depth': 1, 'rep_dropout': 0.040515015884313915, 'train_learning_rate': 0.004903444733258376, 'train_lr_reduce': 0.6}. Best is trial 1909 with value: 0.10777772963047028.
[I 2024-12-19 22:17:06,151] Trial 2158 finished with value: 0.43606287240982056 and parameters: {'mlp_n_layers': 1, 'mlp_dim_00': 425, 'node_hidden_dim': 52, 'edge_hidden_dim': 99, 'depth': 1, 'rep_dropout': 0.04743072106442173, 'train_learning_rate': 0.0035548167665059773, 'train_lr_reduce': 0.6}. Best is trial 1909 with value: 0.10777772963047028.
[I 2024-12-19 22:17:34,500] Trial 2159 finished with value: 0.16072896122932434 and parameters: {'mlp_n_layers': 1, 'mlp_dim_00': 495, 'node_hidden_dim': 33, 'edge_hidden_dim': 61, 'depth': 2, 'rep_dropout': 0.04282309140840179, 'train_learning_rate': 0.003744304987468397, 'train_lr_reduce': 0.6}. Best is trial 1909 with value: 0.10777772963047028.
[I 2024-12-19 22:17:39,092] Trial 2161 finished with value: 0.338389128446579 and parameters: {'mlp_n_layers': 1, 'mlp_dim_00': 422, 'node_hidden_dim': 32, 'edge_hidden_dim': 90, 'depth': 2, 'rep_dropout': 0.001382706765316967, 'train_learning_rate': 0.0038946883175142713, 'train_lr_reduce': 0.6}. Best is trial 1909 with value: 0.10777772963047028.
[I 2024-12-19 22:17:41,411] Trial 2160 finished with value: 0.14420819282531738 and parameters: {'mlp_n_layers': 1, 'mlp_dim_00': 464, 'node_hidden_dim': 51, 'edge_hidden_dim': 79, 'depth': 1, 'rep_dropout': 0.0023925359030903606, 'train_learning_rate': 0.002683301737408961, 'train_lr_reduce': 0.6}. Best is trial 1909 with value: 0.10777772963047028.
[I 2024-12-19 22:18:00,295] Trial 2162 finished with value: 0.21674394607543945 and parameters: {'mlp_n_layers': 1, 'mlp_dim_00': 490, 'node_hidden_dim': 51, 'edge_hidden_dim': 63, 'depth': 1, 'rep_dropout': 0.029363786855987582, 'train_learning_rate': 0.003727024963382536, 'train_lr_reduce': 0.6}. Best is trial 1909 with value: 0.10777772963047028.
[I 2024-12-19 22:18:19,034] Trial 2163 finished with value: 0.26103025674819946 and parameters: {'mlp_n_layers': 2, 'mlp_dim_00': 468, 'mlp_dim_01': 102, 'node_hidden_dim': 78, 'edge_hidden_dim': 104, 'depth': 1, 'rep_dropout': 0.0030975001634956094, 'train_learning_rate': 0.009085527043344376, 'train_lr_reduce': 0.6}. Best is trial 1909 with value: 0.10777772963047028.
[I 2024-12-19 22:18:33,663] Trial 2164 finished with value: 0.2620498836040497 and parameters: {'mlp_n_layers': 1, 'mlp_dim_00': 223, 'node_hidden_dim': 92, 'edge_hidden_dim': 98, 'depth': 2, 'rep_dropout': 0.12223823730845829, 'train_learning_rate': 0.004013486660188744, 'train_lr_reduce': 0.6}. Best is trial 1909 with value: 0.10777772963047028.
[I 2024-12-19 22:18:45,814] Trial 2165 finished with value: 0.1289989948272705 and parameters: {'mlp_n_layers': 1, 'mlp_dim_00': 434, 'node_hidden_dim': 57, 'edge_hidden_dim': 74, 'depth': 1, 'rep_dropout': 0.025575758313727583, 'train_learning_rate': 0.002574065397982198, 'train_lr_reduce': 0.6}. Best is trial 1909 with value: 0.10777772963047028.
[I 2024-12-19 22:18:55,835] Trial 2168 finished with value: 1.1442619562149048 and parameters: {'mlp_n_layers': 2, 'mlp_dim_00': 508, 'mlp_dim_01': 174, 'node_hidden_dim': 126, 'edge_hidden_dim': 104, 'depth': 3, 'rep_dropout': 0.14882262870347976, 'train_learning_rate': 0.0075526013349630486, 'train_lr_reduce': 0.6}. Best is trial 1909 with value: 0.10777772963047028.
[I 2024-12-19 22:18:59,581] Trial 2166 finished with value: 0.11979051679372787 and parameters: {'mlp_n_layers': 1, 'mlp_dim_00': 494, 'node_hidden_dim': 34, 'edge_hidden_dim': 64, 'depth': 1, 'rep_dropout': 0.008531950382569028, 'train_learning_rate': 0.0026944830833928292, 'train_lr_reduce': 0.6}. Best is trial 1909 with value: 0.10777772963047028.
[I 2024-12-19 22:19:04,682] Trial 2167 finished with value: 0.2815086245536804 and parameters: {'mlp_n_layers': 1, 'mlp_dim_00': 453, 'node_hidden_dim': 36, 'edge_hidden_dim': 63, 'depth': 2, 'rep_dropout': 0.006447660903960187, 'train_learning_rate': 0.0065095248810641245, 'train_lr_reduce': 0.6}. Best is trial 1909 with value: 0.10777772963047028.
