[I 2024-12-19 17:48:45,872] Trial 56 finished with value: 1.6707488298416138 and parameters: {'mlp_n_layers': 3, 'mlp_dim_00': 343, 'mlp_dim_01': 272, 'mlp_dim_02': 394, 'node_hidden_dim': 116, 'edge_hidden_dim': 32, 'depth': 3, 'rep_dropout': 0.014061994833885077, 'train_learning_rate': 0.00033610681348677325, 'train_lr_reduce': 0.6}. Best is trial 40 with value: 0.1087476834654808.
[I 2024-12-19 17:48:50,014] Trial 58 finished with value: 1.6241264343261719 and parameters: {'mlp_n_layers': 4, 'mlp_dim_00': 380, 'mlp_dim_01': 425, 'mlp_dim_02': 395, 'mlp_dim_03': 238, 'node_hidden_dim': 120, 'edge_hidden_dim': 40, 'depth': 2, 'rep_dropout': 0.021158932736689257, 'train_learning_rate': 0.0016392388885045942, 'train_lr_reduce': 0.6}. Best is trial 40 with value: 0.1087476834654808.
[I 2024-12-19 17:48:54,493] Trial 60 finished with value: 1.6701161861419678 and parameters: {'mlp_n_layers': 3, 'mlp_dim_00': 81, 'mlp_dim_01': 180, 'mlp_dim_02': 419, 'node_hidden_dim': 56, 'edge_hidden_dim': 55, 'depth': 1, 'rep_dropout': 0.0742856241308821, 'train_learning_rate': 0.0005409846082129662, 'train_lr_reduce': 0.6}. Best is trial 40 with value: 0.1087476834654808.
[I 2024-12-19 17:48:56,642] Trial 59 finished with value: 1.2133148908615112 and parameters: {'mlp_n_layers': 4, 'mlp_dim_00': 479, 'mlp_dim_01': 421, 'mlp_dim_02': 405, 'mlp_dim_03': 247, 'node_hidden_dim': 111, 'edge_hidden_dim': 35, 'depth': 2, 'rep_dropout': 0.005938531189435472, 'train_learning_rate': 0.002867501761865596, 'train_lr_reduce': 0.6}. Best is trial 40 with value: 0.1087476834654808.
[I 2024-12-19 17:49:06,413] Trial 61 finished with value: 1.3106756210327148 and parameters: {'mlp_n_layers': 4, 'mlp_dim_00': 301, 'mlp_dim_01': 460, 'mlp_dim_02': 417, 'mlp_dim_03': 252, 'node_hidden_dim': 111, 'edge_hidden_dim': 72, 'depth': 3, 'rep_dropout': 0.009449790915221423, 'train_learning_rate': 0.0011240728247524216, 'train_lr_reduce': 0.6}. Best is trial 40 with value: 0.1087476834654808.
[I 2024-12-19 17:49:23,326] Trial 55 finished with value: 0.11962158977985382 and parameters: {'mlp_n_layers': 4, 'mlp_dim_00': 401, 'mlp_dim_01': 162, 'mlp_dim_02': 377, 'mlp_dim_03': 281, 'node_hidden_dim': 127, 'edge_hidden_dim': 71, 'depth': 1, 'rep_dropout': 0.0036642338055148166, 'train_learning_rate': 0.00042978731208011874, 'train_lr_reduce': 0.6}. Best is trial 40 with value: 0.1087476834654808.
[I 2024-12-19 17:49:28,537] Trial 64 finished with value: 1.67819082736969 and parameters: {'mlp_n_layers': 4, 'mlp_dim_00': 466, 'mlp_dim_01': 132, 'mlp_dim_02': 366, 'mlp_dim_03': 276, 'node_hidden_dim': 115, 'edge_hidden_dim': 64, 'depth': 1, 'rep_dropout': 0.006643409114926559, 'train_learning_rate': 0.00032888348763585826, 'train_lr_reduce': 0.6}. Best is trial 40 with value: 0.1087476834654808.
[I 2024-12-19 17:49:40,786] Trial 63 finished with value: 0.16554099321365356 and parameters: {'mlp_n_layers': 4, 'mlp_dim_00': 365, 'mlp_dim_01': 460, 'mlp_dim_02': 293, 'mlp_dim_03': 340, 'node_hidden_dim': 123, 'edge_hidden_dim': 78, 'depth': 3, 'rep_dropout': 0.022482705763741416, 'train_learning_rate': 0.003497270408230731, 'train_lr_reduce': 0.6}. Best is trial 40 with value: 0.1087476834654808.
[I 2024-12-19 17:49:42,277] Trial 65 finished with value: 1.2251355648040771 and parameters: {'mlp_n_layers': 4, 'mlp_dim_00': 379, 'mlp_dim_01': 252, 'mlp_dim_02': 376, 'mlp_dim_03': 271, 'node_hidden_dim': 94, 'edge_hidden_dim': 45, 'depth': 2, 'rep_dropout': 0.020179701691367534, 'train_learning_rate': 0.0011975287296620279, 'train_lr_reduce': 0.6}. Best is trial 40 with value: 0.1087476834654808.
[I 2024-12-19 17:49:43,976] Trial 62 finished with value: 0.13543614745140076 and parameters: {'mlp_n_layers': 4, 'mlp_dim_00': 320, 'mlp_dim_01': 298, 'mlp_dim_02': 360, 'mlp_dim_03': 265, 'node_hidden_dim': 117, 'edge_hidden_dim': 59, 'depth': 2, 'rep_dropout': 0.07076914805392498, 'train_learning_rate': 0.000534113681257213, 'train_lr_reduce': 0.6}. Best is trial 40 with value: 0.1087476834654808.
[I 2024-12-19 17:49:48,764] Trial 68 finished with value: 1.671736240386963 and parameters: {'mlp_n_layers': 4, 'mlp_dim_00': 391, 'mlp_dim_01': 307, 'mlp_dim_02': 342, 'mlp_dim_03': 219, 'node_hidden_dim': 120, 'edge_hidden_dim': 85, 'depth': 2, 'rep_dropout': 0.019119880314906086, 'train_learning_rate': 0.00010999274496454228, 'train_lr_reduce': 0.6}. Best is trial 40 with value: 0.1087476834654808.
[I 2024-12-19 17:49:52,126] Trial 66 finished with value: 1.2781356573104858 and parameters: {'mlp_n_layers': 4, 'mlp_dim_00': 309, 'mlp_dim_01': 309, 'mlp_dim_02': 425, 'mlp_dim_03': 269, 'node_hidden_dim': 99, 'edge_hidden_dim': 42, 'depth': 3, 'rep_dropout': 0.029397736215870232, 'train_learning_rate': 0.0007025065138107306, 'train_lr_reduce': 0.6}. Best is trial 40 with value: 0.1087476834654808.
[I 2024-12-19 17:49:56,099] Trial 67 finished with value: 1.2563542127609253 and parameters: {'mlp_n_layers': 4, 'mlp_dim_00': 373, 'mlp_dim_01': 120, 'mlp_dim_02': 429, 'mlp_dim_03': 256, 'node_hidden_dim': 123, 'edge_hidden_dim': 68, 'depth': 2, 'rep_dropout': 0.017883687615637467, 'train_learning_rate': 0.00039320333424779064, 'train_lr_reduce': 0.6}. Best is trial 40 with value: 0.1087476834654808.
[I 2024-12-19 17:49:57,151] Trial 70 finished with value: 1.685463547706604 and parameters: {'mlp_n_layers': 4, 'mlp_dim_00': 272, 'mlp_dim_01': 307, 'mlp_dim_02': 442, 'mlp_dim_03': 228, 'node_hidden_dim': 100, 'edge_hidden_dim': 42, 'depth': 1, 'rep_dropout': 0.07311559688351331, 'train_learning_rate': 0.0001268998842592433, 'train_lr_reduce': 0.6}. Best is trial 40 with value: 0.1087476834654808.
[I 2024-12-19 17:50:00,482] Trial 69 finished with value: 1.324060320854187 and parameters: {'mlp_n_layers': 4, 'mlp_dim_00': 336, 'mlp_dim_01': 322, 'mlp_dim_02': 342, 'mlp_dim_03': 241, 'node_hidden_dim': 112, 'edge_hidden_dim': 75, 'depth': 3, 'rep_dropout': 0.10196718710176936, 'train_learning_rate': 0.0006906167765377258, 'train_lr_reduce': 0.6}. Best is trial 40 with value: 0.1087476834654808.
[I 2024-12-19 17:50:00,836] Trial 71 finished with value: 1.6703565120697021 and parameters: {'mlp_n_layers': 3, 'mlp_dim_00': 426, 'mlp_dim_01': 269, 'mlp_dim_02': 120, 'node_hidden_dim': 119, 'edge_hidden_dim': 64, 'depth': 2, 'rep_dropout': 0.10450408352026325, 'train_learning_rate': 0.00022698842056106342, 'train_lr_reduce': 0.6}. Best is trial 40 with value: 0.1087476834654808.
[I 2024-12-19 17:50:01,548] Trial 72 finished with value: 1.6562312841415405 and parameters: {'mlp_n_layers': 3, 'mlp_dim_00': 250, 'mlp_dim_01': 294, 'mlp_dim_02': 348, 'node_hidden_dim': 104, 'edge_hidden_dim': 47, 'depth': 2, 'rep_dropout': 0.08123891818222678, 'train_learning_rate': 0.000931305102319635, 'train_lr_reduce': 0.6}. Best is trial 40 with value: 0.1087476834654808.
[I 2024-12-19 17:50:24,772] Trial 75 finished with value: 0.16497065126895905 and parameters: {'mlp_n_layers': 4, 'mlp_dim_00': 281, 'mlp_dim_01': 199, 'mlp_dim_02': 439, 'mlp_dim_03': 300, 'node_hidden_dim': 121, 'edge_hidden_dim': 47, 'depth': 1, 'rep_dropout': 0.009525298456885, 'train_learning_rate': 0.001093432436323311, 'train_lr_reduce': 0.6}. Best is trial 40 with value: 0.1087476834654808.
[I 2024-12-19 17:50:41,118] Trial 73 finished with value: 0.13587631285190582 and parameters: {'mlp_n_layers': 3, 'mlp_dim_00': 172, 'mlp_dim_01': 67, 'mlp_dim_02': 356, 'node_hidden_dim': 60, 'edge_hidden_dim': 60, 'depth': 1, 'rep_dropout': 0.05530953865892686, 'train_learning_rate': 0.002030280457334689, 'train_lr_reduce': 0.6}. Best is trial 40 with value: 0.1087476834654808.
[I 2024-12-19 17:50:46,046] Trial 74 finished with value: 0.19592449069023132 and parameters: {'mlp_n_layers': 4, 'mlp_dim_00': 260, 'mlp_dim_01': 351, 'mlp_dim_02': 371, 'mlp_dim_03': 275, 'node_hidden_dim': 127, 'edge_hidden_dim': 62, 'depth': 2, 'rep_dropout': 0.0590368377072671, 'train_learning_rate': 0.0006099350185773558, 'train_lr_reduce': 0.6}. Best is trial 40 with value: 0.1087476834654808.
[I 2024-12-19 17:50:50,068] Trial 76 finished with value: 0.1814645677804947 and parameters: {'mlp_n_layers': 4, 'mlp_dim_00': 449, 'mlp_dim_01': 375, 'mlp_dim_02': 446, 'mlp_dim_03': 293, 'node_hidden_dim': 103, 'edge_hidden_dim': 56, 'depth': 1, 'rep_dropout': 0.03632298183435433, 'train_learning_rate': 0.0005794295319324085, 'train_lr_reduce': 0.6}. Best is trial 40 with value: 0.1087476834654808.
[I 2024-12-19 17:51:03,728] Trial 77 finished with value: 0.37489888072013855 and parameters: {'mlp_n_layers': 2, 'mlp_dim_00': 155, 'mlp_dim_01': 66, 'node_hidden_dim': 63, 'edge_hidden_dim': 59, 'depth': 1, 'rep_dropout': 0.09387682233344283, 'train_learning_rate': 0.0027291633873128686, 'train_lr_reduce': 0.6}. Best is trial 40 with value: 0.1087476834654808.
[I 2024-12-19 17:51:07,991] Trial 78 finished with value: 0.3700748085975647 and parameters: {'mlp_n_layers': 4, 'mlp_dim_00': 379, 'mlp_dim_01': 114, 'mlp_dim_02': 339, 'mlp_dim_03': 189, 'node_hidden_dim': 123, 'edge_hidden_dim': 90, 'depth': 1, 'rep_dropout': 0.007463363642394458, 'train_learning_rate': 0.0007419698425093443, 'train_lr_reduce': 0.6}. Best is trial 40 with value: 0.1087476834654808.
[I 2024-12-19 17:51:11,675] Trial 79 finished with value: 0.22885218262672424 and parameters: {'mlp_n_layers': 3, 'mlp_dim_00': 189, 'mlp_dim_01': 64, 'mlp_dim_02': 352, 'node_hidden_dim': 54, 'edge_hidden_dim': 60, 'depth': 2, 'rep_dropout': 0.06975859105508565, 'train_learning_rate': 0.0014303974210008417, 'train_lr_reduce': 0.6}. Best is trial 40 with value: 0.1087476834654808.
[I 2024-12-19 17:51:18,590] Trial 81 finished with value: 1.296416997909546 and parameters: {'mlp_n_layers': 4, 'mlp_dim_00': 243, 'mlp_dim_01': 133, 'mlp_dim_02': 503, 'mlp_dim_03': 284, 'node_hidden_dim': 109, 'edge_hidden_dim': 87, 'depth': 2, 'rep_dropout': 0.08544869968383274, 'train_learning_rate': 0.0006128727416405774, 'train_lr_reduce': 0.6}. Best is trial 40 with value: 0.1087476834654808.
[I 2024-12-19 17:51:43,740] Trial 82 finished with value: 0.18963073194026947 and parameters: {'mlp_n_layers': 3, 'mlp_dim_00': 210, 'mlp_dim_01': 121, 'mlp_dim_02': 454, 'node_hidden_dim': 52, 'edge_hidden_dim': 61, 'depth': 1, 'rep_dropout': 0.03464447599426916, 'train_learning_rate': 0.0014032581460286728, 'train_lr_reduce': 0.6}. Best is trial 40 with value: 0.1087476834654808.
[I 2024-12-19 17:51:43,871] Trial 80 finished with value: 0.10389900952577591 and parameters: {'mlp_n_layers': 4, 'mlp_dim_00': 421, 'mlp_dim_01': 245, 'mlp_dim_02': 333, 'mlp_dim_03': 226, 'node_hidden_dim': 113, 'edge_hidden_dim': 55, 'depth': 1, 'rep_dropout': 0.08799840266926243, 'train_learning_rate': 0.0008495756437693888, 'train_lr_reduce': 0.6}. Best is trial 80 with value: 0.10389900952577591.
[I 2024-12-19 17:51:48,087] Trial 84 finished with value: 1.6370153427124023 and parameters: {'mlp_n_layers': 2, 'mlp_dim_00': 173, 'mlp_dim_01': 86, 'node_hidden_dim': 90, 'edge_hidden_dim': 66, 'depth': 1, 'rep_dropout': 0.050500165136294496, 'train_learning_rate': 0.0010435670449877, 'train_lr_reduce': 0.6}. Best is trial 80 with value: 0.10389900952577591.
[I 2024-12-19 17:51:53,218] Trial 86 finished with value: 1.6831862926483154 and parameters: {'mlp_n_layers': 4, 'mlp_dim_00': 394, 'mlp_dim_01': 237, 'mlp_dim_02': 337, 'mlp_dim_03': 214, 'node_hidden_dim': 91, 'edge_hidden_dim': 71, 'depth': 1, 'rep_dropout': 0.09455219920397516, 'train_learning_rate': 0.0004127683410793234, 'train_lr_reduce': 0.6}. Best is trial 80 with value: 0.10389900952577591.
[I 2024-12-19 17:52:02,990] Trial 85 finished with value: 0.36665651202201843 and parameters: {'mlp_n_layers': 4, 'mlp_dim_00': 442, 'mlp_dim_01': 475, 'mlp_dim_02': 317, 'mlp_dim_03': 177, 'node_hidden_dim': 125, 'edge_hidden_dim': 104, 'depth': 1, 'rep_dropout': 0.01426938410501014, 'train_learning_rate': 0.000694305704867271, 'train_lr_reduce': 0.6}. Best is trial 80 with value: 0.10389900952577591.
[I 2024-12-19 17:52:06,505] Trial 83 finished with value: 0.9143747091293335 and parameters: {'mlp_n_layers': 4, 'mlp_dim_00': 309, 'mlp_dim_01': 332, 'mlp_dim_02': 373, 'mlp_dim_03': 303, 'node_hidden_dim': 123, 'edge_hidden_dim': 41, 'depth': 3, 'rep_dropout': 0.06052920645171507, 'train_learning_rate': 0.0006791018341654891, 'train_lr_reduce': 0.6}. Best is trial 80 with value: 0.10389900952577591.
[I 2024-12-19 17:52:08,417] Trial 88 finished with value: 1.6768780946731567 and parameters: {'mlp_n_layers': 3, 'mlp_dim_00': 405, 'mlp_dim_01': 404, 'mlp_dim_02': 327, 'node_hidden_dim': 32, 'edge_hidden_dim': 127, 'depth': 3, 'rep_dropout': 0.027321880723505887, 'train_learning_rate': 0.0007624379897505443, 'train_lr_reduce': 0.6}. Best is trial 80 with value: 0.10389900952577591.
[I 2024-12-19 17:52:10,242] Trial 87 finished with value: 0.3956918716430664 and parameters: {'mlp_n_layers': 4, 'mlp_dim_00': 94, 'mlp_dim_01': 66, 'mlp_dim_02': 342, 'mlp_dim_03': 208, 'node_hidden_dim': 76, 'edge_hidden_dim': 65, 'depth': 1, 'rep_dropout': 0.06475689312906255, 'train_learning_rate': 0.0015535561167841251, 'train_lr_reduce': 0.6}. Best is trial 80 with value: 0.10389900952577591.
[I 2024-12-19 17:52:15,627] Trial 91 finished with value: 1.642893671989441 and parameters: {'mlp_n_layers': 4, 'mlp_dim_00': 172, 'mlp_dim_01': 274, 'mlp_dim_02': 451, 'mlp_dim_03': 245, 'node_hidden_dim': 39, 'edge_hidden_dim': 39, 'depth': 2, 'rep_dropout': 4.084794989905188e-05, 'train_learning_rate': 0.0077460786805265145, 'train_lr_reduce': 0.6}. Best is trial 80 with value: 0.10389900952577591.
[I 2024-12-19 17:52:42,441] Trial 90 finished with value: 0.11808541417121887 and parameters: {'mlp_n_layers': 3, 'mlp_dim_00': 478, 'mlp_dim_01': 303, 'mlp_dim_02': 375, 'node_hidden_dim': 106, 'edge_hidden_dim': 61, 'depth': 1, 'rep_dropout': 0.1332104681182563, 'train_learning_rate': 0.0009473975999923373, 'train_lr_reduce': 0.6}. Best is trial 80 with value: 0.10389900952577591.
[I 2024-12-19 17:52:44,346] Trial 92 finished with value: 0.19553521275520325 and parameters: {'mlp_n_layers': 4, 'mlp_dim_00': 382, 'mlp_dim_01': 261, 'mlp_dim_02': 315, 'mlp_dim_03': 264, 'node_hidden_dim': 119, 'edge_hidden_dim': 38, 'depth': 1, 'rep_dropout': 0.10177530935391724, 'train_learning_rate': 0.0010370595495322401, 'train_lr_reduce': 0.6}. Best is trial 80 with value: 0.10389900952577591.
[I 2024-12-19 17:52:50,419] Trial 89 finished with value: 0.14579765498638153 and parameters: {'mlp_n_layers': 4, 'mlp_dim_00': 505, 'mlp_dim_01': 195, 'mlp_dim_02': 508, 'mlp_dim_03': 224, 'node_hidden_dim': 102, 'edge_hidden_dim': 61, 'depth': 2, 'rep_dropout': 0.09623659611999591, 'train_learning_rate': 0.0009746848182382693, 'train_lr_reduce': 0.6}. Best is trial 80 with value: 0.10389900952577591.
[I 2024-12-19 17:52:50,490] Trial 94 finished with value: 1.677114725112915 and parameters: {'mlp_n_layers': 4, 'mlp_dim_00': 221, 'mlp_dim_01': 402, 'mlp_dim_02': 380, 'mlp_dim_03': 143, 'node_hidden_dim': 120, 'edge_hidden_dim': 33, 'depth': 4, 'rep_dropout': 0.00108163545595822, 'train_learning_rate': 0.0003598178000955241, 'train_lr_reduce': 0.6}. Best is trial 80 with value: 0.10389900952577591.
[I 2024-12-19 17:52:56,030] Trial 96 finished with value: 1.6576772928237915 and parameters: {'mlp_n_layers': 2, 'mlp_dim_00': 480, 'mlp_dim_01': 382, 'node_hidden_dim': 123, 'edge_hidden_dim': 85, 'depth': 1, 'rep_dropout': 0.1359902676147268, 'train_learning_rate': 0.0003186270962795781, 'train_lr_reduce': 0.6}. Best is trial 80 with value: 0.10389900952577591.
[I 2024-12-19 17:53:20,815] Trial 93 finished with value: 0.141495943069458 and parameters: {'mlp_n_layers': 2, 'mlp_dim_00': 477, 'mlp_dim_01': 283, 'node_hidden_dim': 110, 'edge_hidden_dim': 56, 'depth': 1, 'rep_dropout': 0.11623275069224451, 'train_learning_rate': 0.001677721073406013, 'train_lr_reduce': 0.6}. Best is trial 80 with value: 0.10389900952577591.
[I 2024-12-19 17:53:25,160] Trial 98 finished with value: 1.6592549085617065 and parameters: {'mlp_n_layers': 2, 'mlp_dim_00': 365, 'mlp_dim_01': 118, 'node_hidden_dim': 78, 'edge_hidden_dim': 83, 'depth': 2, 'rep_dropout': 0.14980850627563178, 'train_learning_rate': 0.000488556294020554, 'train_lr_reduce': 0.6}. Best is trial 80 with value: 0.10389900952577591.
[I 2024-12-19 17:53:26,213] Trial 97 finished with value: 0.10837794095277786 and parameters: {'mlp_n_layers': 3, 'mlp_dim_00': 507, 'mlp_dim_01': 265, 'mlp_dim_02': 376, 'node_hidden_dim': 117, 'edge_hidden_dim': 71, 'depth': 1, 'rep_dropout': 0.003554598475501966, 'train_learning_rate': 0.0009835954193853202, 'train_lr_reduce': 0.6}. Best is trial 80 with value: 0.10389900952577591.
[I 2024-12-19 17:53:27,970] Trial 95 finished with value: 0.09997481852769852 and parameters: {'mlp_n_layers': 3, 'mlp_dim_00': 483, 'mlp_dim_01': 380, 'mlp_dim_02': 377, 'node_hidden_dim': 99, 'edge_hidden_dim': 57, 'depth': 1, 'rep_dropout': 0.14278336235368955, 'train_learning_rate': 0.0007776888444907973, 'train_lr_reduce': 0.6}. Best is trial 95 with value: 0.09997481852769852.
[I 2024-12-19 17:53:49,010] Trial 99 finished with value: 0.17993099987506866 and parameters: {'mlp_n_layers': 4, 'mlp_dim_00': 100, 'mlp_dim_01': 235, 'mlp_dim_02': 384, 'mlp_dim_03': 295, 'node_hidden_dim': 62, 'edge_hidden_dim': 50, 'depth': 1, 'rep_dropout': 0.04393843621031106, 'train_learning_rate': 0.0023878215519156968, 'train_lr_reduce': 0.6}. Best is trial 95 with value: 0.09997481852769852.
[I 2024-12-19 17:54:08,071] Trial 101 finished with value: 0.11620945483446121 and parameters: {'mlp_n_layers': 3, 'mlp_dim_00': 490, 'mlp_dim_01': 342, 'mlp_dim_02': 415, 'node_hidden_dim': 97, 'edge_hidden_dim': 69, 'depth': 1, 'rep_dropout': 0.10451011186622078, 'train_learning_rate': 0.0008982812819405345, 'train_lr_reduce': 0.6}. Best is trial 95 with value: 0.09997481852769852.
[I 2024-12-19 17:54:08,847] Trial 100 finished with value: 0.1709074079990387 and parameters: {'mlp_n_layers': 3, 'mlp_dim_00': 436, 'mlp_dim_01': 268, 'mlp_dim_02': 423, 'node_hidden_dim': 112, 'edge_hidden_dim': 59, 'depth': 1, 'rep_dropout': 0.013834090434999925, 'train_learning_rate': 0.0012569904860598431, 'train_lr_reduce': 0.6}. Best is trial 95 with value: 0.09997481852769852.
[I 2024-12-19 17:54:32,926] Trial 104 finished with value: 0.2125605195760727 and parameters: {'mlp_n_layers': 3, 'mlp_dim_00': 424, 'mlp_dim_01': 433, 'mlp_dim_02': 396, 'node_hidden_dim': 108, 'edge_hidden_dim': 56, 'depth': 1, 'rep_dropout': 0.11964521429795189, 'train_learning_rate': 0.0018158591996279548, 'train_lr_reduce': 0.6}. Best is trial 95 with value: 0.09997481852769852.
[I 2024-12-19 17:54:33,359] Trial 102 finished with value: 0.13423451781272888 and parameters: {'mlp_n_layers': 3, 'mlp_dim_00': 474, 'mlp_dim_01': 339, 'mlp_dim_02': 468, 'node_hidden_dim': 118, 'edge_hidden_dim': 47, 'depth': 1, 'rep_dropout': 0.14372856828053618, 'train_learning_rate': 0.0005963501550951221, 'train_lr_reduce': 0.6}. Best is trial 95 with value: 0.09997481852769852.
[I 2024-12-19 17:54:36,791] Trial 105 finished with value: 1.6398597955703735 and parameters: {'mlp_n_layers': 2, 'mlp_dim_00': 484, 'mlp_dim_01': 223, 'node_hidden_dim': 100, 'edge_hidden_dim': 69, 'depth': 1, 'rep_dropout': 0.021723399962037124, 'train_learning_rate': 0.0004428157615149963, 'train_lr_reduce': 0.6}. Best is trial 95 with value: 0.09997481852769852.
[I 2024-12-19 17:54:37,894] Trial 106 finished with value: 1.5760782957077026 and parameters: {'mlp_n_layers': 2, 'mlp_dim_00': 464, 'mlp_dim_01': 317, 'node_hidden_dim': 96, 'edge_hidden_dim': 87, 'depth': 2, 'rep_dropout': 0.14922906304672415, 'train_learning_rate': 0.0013420740942868305, 'train_lr_reduce': 0.6}. Best is trial 95 with value: 0.09997481852769852.
[I 2024-12-19 17:54:42,021] Trial 108 finished with value: 1.6634814739227295 and parameters: {'mlp_n_layers': 3, 'mlp_dim_00': 438, 'mlp_dim_01': 369, 'mlp_dim_02': 510, 'node_hidden_dim': 52, 'edge_hidden_dim': 56, 'depth': 1, 'rep_dropout': 0.09547031668102388, 'train_learning_rate': 0.0004924351328352871, 'train_lr_reduce': 0.6}. Best is trial 95 with value: 0.09997481852769852.
[I 2024-12-19 17:54:44,680] Trial 103 finished with value: 0.10264761000871658 and parameters: {'mlp_n_layers': 4, 'mlp_dim_00': 421, 'mlp_dim_01': 454, 'mlp_dim_02': 408, 'mlp_dim_03': 364, 'node_hidden_dim': 76, 'edge_hidden_dim': 64, 'depth': 1, 'rep_dropout': 0.145013143356188, 'train_learning_rate': 0.001848306587954977, 'train_lr_reduce': 0.6}. Best is trial 95 with value: 0.09997481852769852.
[I 2024-12-19 17:54:49,305] Trial 110 finished with value: 1.6466424465179443 and parameters: {'mlp_n_layers': 2, 'mlp_dim_00': 490, 'mlp_dim_01': 362, 'node_hidden_dim': 69, 'edge_hidden_dim': 53, 'depth': 1, 'rep_dropout': 0.14964234781377805, 'train_learning_rate': 0.0008144251186717943, 'train_lr_reduce': 0.6}. Best is trial 95 with value: 0.09997481852769852.
[I 2024-12-19 17:54:54,149] Trial 111 finished with value: 1.6119204759597778 and parameters: {'mlp_n_layers': 3, 'mlp_dim_00': 358, 'mlp_dim_01': 438, 'mlp_dim_02': 391, 'node_hidden_dim': 50, 'edge_hidden_dim': 61, 'depth': 2, 'rep_dropout': 0.11796444808377654, 'train_learning_rate': 0.0041231606110360515, 'train_lr_reduce': 0.6}. Best is trial 95 with value: 0.09997481852769852.
[I 2024-12-19 17:54:56,742] Trial 109 finished with value: 1.2225874662399292 and parameters: {'mlp_n_layers': 4, 'mlp_dim_00': 439, 'mlp_dim_01': 326, 'mlp_dim_02': 402, 'mlp_dim_03': 458, 'node_hidden_dim': 93, 'edge_hidden_dim': 59, 'depth': 2, 'rep_dropout': 0.14092513343716961, 'train_learning_rate': 0.0005442827031994628, 'train_lr_reduce': 0.6}. Best is trial 95 with value: 0.09997481852769852.
