[I 2024-12-04 18:14:52,192] Trial 2324 finished with value: 0.3144911003491716 and parameters: {'n_estimators': 908, 'max_depth': 6, 'learning_rate': 0.0751472958024561, 'subsample': 0.7692133990396917, 'colsample_bytree': 0.7172257840250488, 'min_child_weight': 2, 'gamma': 0.000873862064146895, 'reg_alpha': 0.00017022036747864092, 'reg_lambda': 0.013333731337895961}. Best is trial 1319 with value: 0.30197738672869706.
[I 2024-12-04 18:14:53,823] Trial 2325 finished with value: 0.3115138497813062 and parameters: {'n_estimators': 910, 'max_depth': 6, 'learning_rate': 0.07517112909413207, 'subsample': 0.7686901053607674, 'colsample_bytree': 0.717573299450937, 'min_child_weight': 2, 'gamma': 0.000844801901196979, 'reg_alpha': 0.00016493667369390613, 'reg_lambda': 0.013344578510156885}. Best is trial 1319 with value: 0.30197738672869706.
[I 2024-12-04 18:14:55,306] Trial 2326 finished with value: 0.30576664250870245 and parameters: {'n_estimators': 910, 'max_depth': 6, 'learning_rate': 0.07497420131632793, 'subsample': 0.7690222843539677, 'colsample_bytree': 0.7173930608530206, 'min_child_weight': 2, 'gamma': 0.0008728911841624936, 'reg_alpha': 0.00016540591894216963, 'reg_lambda': 0.013249715339359947}. Best is trial 1319 with value: 0.30197738672869706.
[I 2024-12-04 18:14:56,892] Trial 2327 finished with value: 0.31018668291526563 and parameters: {'n_estimators': 908, 'max_depth': 6, 'learning_rate': 0.0751367027184366, 'subsample': 0.7693790510532077, 'colsample_bytree': 0.7175999783647685, 'min_child_weight': 2, 'gamma': 0.0008892130087675035, 'reg_alpha': 0.00017361555298261799, 'reg_lambda': 0.013429060782868703}. Best is trial 1319 with value: 0.30197738672869706.
[I 2024-12-04 18:14:58,346] Trial 2328 finished with value: 0.31303884843748125 and parameters: {'n_estimators': 909, 'max_depth': 6, 'learning_rate': 0.07507512544063982, 'subsample': 0.7690748116704648, 'colsample_bytree': 0.7173605275806756, 'min_child_weight': 2, 'gamma': 0.000872285785837213, 'reg_alpha': 0.00016682666844574978, 'reg_lambda': 0.013121990187985301}. Best is trial 1319 with value: 0.30197738672869706.
[I 2024-12-04 18:14:59,885] Trial 2329 finished with value: 0.3104490251397898 and parameters: {'n_estimators': 910, 'max_depth': 6, 'learning_rate': 0.07511121293472164, 'subsample': 0.7690187588246438, 'colsample_bytree': 0.717486635998783, 'min_child_weight': 2, 'gamma': 0.0008701420025789729, 'reg_alpha': 0.00017316410937724937, 'reg_lambda': 0.013287404167400789}. Best is trial 1319 with value: 0.30197738672869706.
[I 2024-12-04 18:15:01,485] Trial 2330 finished with value: 0.3127557327201619 and parameters: {'n_estimators': 909, 'max_depth': 6, 'learning_rate': 0.07499689205140257, 'subsample': 0.7690774818440991, 'colsample_bytree': 0.717572111287275, 'min_child_weight': 2, 'gamma': 0.0008750041006450545, 'reg_alpha': 0.00017402077407875166, 'reg_lambda': 0.013175229195098451}. Best is trial 1319 with value: 0.30197738672869706.
[I 2024-12-04 18:15:03,002] Trial 2331 finished with value: 0.3135250424456555 and parameters: {'n_estimators': 909, 'max_depth': 6, 'learning_rate': 0.07514474493084985, 'subsample': 0.7692057033808133, 'colsample_bytree': 0.7174697120220921, 'min_child_weight': 2, 'gamma': 0.0008858990686929554, 'reg_alpha': 0.00017381200727172895, 'reg_lambda': 0.013360755894573043}. Best is trial 1319 with value: 0.30197738672869706.
[I 2024-12-04 18:15:04,812] Trial 2332 finished with value: 0.3132743810815528 and parameters: {'n_estimators': 911, 'max_depth': 6, 'learning_rate': 0.07509906181601447, 'subsample': 0.7688762166176224, 'colsample_bytree': 0.7176627141955875, 'min_child_weight': 2, 'gamma': 0.0008543310919220925, 'reg_alpha': 0.0001619445347495376, 'reg_lambda': 0.013397278859556218}. Best is trial 1319 with value: 0.30197738672869706.
[I 2024-12-04 18:15:06,288] Trial 2333 finished with value: 0.3079200900252374 and parameters: {'n_estimators': 909, 'max_depth': 6, 'learning_rate': 0.07505900961505077, 'subsample': 0.7692638496900619, 'colsample_bytree': 0.7173556142722559, 'min_child_weight': 2, 'gamma': 0.0008804887971642551, 'reg_alpha': 0.0001707185134772542, 'reg_lambda': 0.01312919369282439}. Best is trial 1319 with value: 0.30197738672869706.
[I 2024-12-04 18:15:07,871] Trial 2334 finished with value: 0.3126522988017169 and parameters: {'n_estimators': 908, 'max_depth': 6, 'learning_rate': 0.07506560008970375, 'subsample': 0.769193209805756, 'colsample_bytree': 0.7172139402593511, 'min_child_weight': 2, 'gamma': 0.0008972300309770153, 'reg_alpha': 0.00017415349699001568, 'reg_lambda': 0.012944296227203134}. Best is trial 1319 with value: 0.30197738672869706.
[I 2024-12-04 18:15:09,681] Trial 2335 finished with value: 0.3120972369788524 and parameters: {'n_estimators': 910, 'max_depth': 6, 'learning_rate': 0.07515573668679619, 'subsample': 0.7691470148358275, 'colsample_bytree': 0.7174369936793987, 'min_child_weight': 2, 'gamma': 0.0008819293334547106, 'reg_alpha': 0.00016157087068090903, 'reg_lambda': 0.013471541911032106}. Best is trial 1319 with value: 0.30197738672869706.
[I 2024-12-04 18:15:11,183] Trial 2336 finished with value: 0.30814136089370203 and parameters: {'n_estimators': 909, 'max_depth': 6, 'learning_rate': 0.07526074696554001, 'subsample': 0.7690418737910094, 'colsample_bytree': 0.71776267510888, 'min_child_weight': 2, 'gamma': 0.0008654215692556443, 'reg_alpha': 0.00016865300255949913, 'reg_lambda': 0.013571091872748759}. Best is trial 1319 with value: 0.30197738672869706.
[I 2024-12-04 18:15:12,702] Trial 2337 finished with value: 0.31083976967730426 and parameters: {'n_estimators': 909, 'max_depth': 6, 'learning_rate': 0.07518879766578275, 'subsample': 0.7690140481804506, 'colsample_bytree': 0.7178496883453962, 'min_child_weight': 2, 'gamma': 0.000864386577909096, 'reg_alpha': 0.00016885907502820678, 'reg_lambda': 0.013640443735205282}. Best is trial 1319 with value: 0.30197738672869706.
[I 2024-12-04 18:15:14,167] Trial 2338 finished with value: 0.3124093410049281 and parameters: {'n_estimators': 909, 'max_depth': 6, 'learning_rate': 0.07522265881856433, 'subsample': 0.769208099943933, 'colsample_bytree': 0.7177135616132106, 'min_child_weight': 2, 'gamma': 0.0008824219510859234, 'reg_alpha': 0.0001736693960076621, 'reg_lambda': 0.013509667309985903}. Best is trial 1319 with value: 0.30197738672869706.
[I 2024-12-04 18:15:15,706] Trial 2339 finished with value: 0.3121227710677076 and parameters: {'n_estimators': 909, 'max_depth': 6, 'learning_rate': 0.07521518243984249, 'subsample': 0.7691235043942205, 'colsample_bytree': 0.7175958098552074, 'min_child_weight': 2, 'gamma': 0.0008674213963578451, 'reg_alpha': 0.0001676806847012417, 'reg_lambda': 0.013401890257072733}. Best is trial 1319 with value: 0.30197738672869706.
[I 2024-12-04 18:15:17,286] Trial 2340 finished with value: 0.3144851831192812 and parameters: {'n_estimators': 909, 'max_depth': 6, 'learning_rate': 0.07509135440519016, 'subsample': 0.769022908700089, 'colsample_bytree': 0.7171900181149802, 'min_child_weight': 2, 'gamma': 0.0008718588090636935, 'reg_alpha': 0.00017114127796166836, 'reg_lambda': 0.013436872488104972}. Best is trial 1319 with value: 0.30197738672869706.
[I 2024-12-04 18:15:18,747] Trial 2341 finished with value: 0.3096742761096318 and parameters: {'n_estimators': 909, 'max_depth': 6, 'learning_rate': 0.07507010195808406, 'subsample': 0.7690879395657502, 'colsample_bytree': 0.7174957692854722, 'min_child_weight': 2, 'gamma': 0.0008836897413301082, 'reg_alpha': 0.00017391804169432644, 'reg_lambda': 0.013604155024755104}. Best is trial 1319 with value: 0.30197738672869706.
[I 2024-12-04 18:15:20,207] Trial 2342 finished with value: 0.3129878518227525 and parameters: {'n_estimators': 910, 'max_depth': 6, 'learning_rate': 0.07511689005159869, 'subsample': 0.7690636330401053, 'colsample_bytree': 0.717429894740291, 'min_child_weight': 2, 'gamma': 0.0008571703694043464, 'reg_alpha': 0.0001618600982959416, 'reg_lambda': 0.013416704248424836}. Best is trial 1319 with value: 0.30197738672869706.
[I 2024-12-04 18:15:21,683] Trial 2343 finished with value: 0.30862345372661637 and parameters: {'n_estimators': 910, 'max_depth': 6, 'learning_rate': 0.07513892657647997, 'subsample': 0.7689140042118278, 'colsample_bytree': 0.7174881961701401, 'min_child_weight': 2, 'gamma': 0.0008593724563065264, 'reg_alpha': 0.00016158342882988843, 'reg_lambda': 0.013811685546680722}. Best is trial 1319 with value: 0.30197738672869706.
[I 2024-12-04 18:15:23,148] Trial 2344 finished with value: 0.30863317486264497 and parameters: {'n_estimators': 911, 'max_depth': 6, 'learning_rate': 0.07516083790205456, 'subsample': 0.7690722555581267, 'colsample_bytree': 0.7174973902733737, 'min_child_weight': 2, 'gamma': 0.0008599567112945672, 'reg_alpha': 0.00016275198465530089, 'reg_lambda': 0.01311479534704111}. Best is trial 1319 with value: 0.30197738672869706.
[I 2024-12-04 18:15:24,740] Trial 2345 finished with value: 0.3103078709197692 and parameters: {'n_estimators': 909, 'max_depth': 6, 'learning_rate': 0.07506685847772511, 'subsample': 0.7691822710741096, 'colsample_bytree': 0.717542673798502, 'min_child_weight': 2, 'gamma': 0.000883367865340029, 'reg_alpha': 0.00017286723501241068, 'reg_lambda': 0.013336044139793697}. Best is trial 1319 with value: 0.30197738672869706.
[I 2024-12-04 18:15:26,202] Trial 2346 finished with value: 0.312057611168141 and parameters: {'n_estimators': 909, 'max_depth': 6, 'learning_rate': 0.07521441089233384, 'subsample': 0.7691350994447245, 'colsample_bytree': 0.7177596195709594, 'min_child_weight': 2, 'gamma': 0.0008729172526247773, 'reg_alpha': 0.00017157431618287398, 'reg_lambda': 0.013604537946913268}. Best is trial 1319 with value: 0.30197738672869706.
[I 2024-12-04 18:15:27,669] Trial 2347 finished with value: 0.31128153271903014 and parameters: {'n_estimators': 910, 'max_depth': 6, 'learning_rate': 0.07529923392356323, 'subsample': 0.7689540493039109, 'colsample_bytree': 0.7171221078818962, 'min_child_weight': 2, 'gamma': 0.0008807451021351052, 'reg_alpha': 0.00017412215817830162, 'reg_lambda': 0.013379744953562363}. Best is trial 1319 with value: 0.30197738672869706.
[I 2024-12-04 18:15:29,268] Trial 2348 finished with value: 0.3126129367109032 and parameters: {'n_estimators': 909, 'max_depth': 6, 'learning_rate': 0.07515264649169333, 'subsample': 0.7690790960900943, 'colsample_bytree': 0.7176620311854309, 'min_child_weight': 2, 'gamma': 0.0008771439303268204, 'reg_alpha': 0.00017112030058850523, 'reg_lambda': 0.013534423401406127}. Best is trial 1319 with value: 0.30197738672869706.
[I 2024-12-04 18:15:30,824] Trial 2349 finished with value: 0.3155724209562485 and parameters: {'n_estimators': 913, 'max_depth': 6, 'learning_rate': 0.07491918079520046, 'subsample': 0.768699795045224, 'colsample_bytree': 0.7174595797661066, 'min_child_weight': 2, 'gamma': 0.0008298141067754355, 'reg_alpha': 0.00015117453650837165, 'reg_lambda': 0.012781410759114906}. Best is trial 1319 with value: 0.30197738672869706.
[I 2024-12-04 18:15:32,304] Trial 2350 finished with value: 0.31208236630381847 and parameters: {'n_estimators': 910, 'max_depth': 6, 'learning_rate': 0.07491128767680127, 'subsample': 0.769462492345871, 'colsample_bytree': 0.717100915322405, 'min_child_weight': 2, 'gamma': 0.0008607735312144073, 'reg_alpha': 0.00015755960110780184, 'reg_lambda': 0.012951578616336312}. Best is trial 1319 with value: 0.30197738672869706.
[I 2024-12-04 18:15:33,780] Trial 2351 finished with value: 0.31103717253910834 and parameters: {'n_estimators': 910, 'max_depth': 6, 'learning_rate': 0.075143343660992, 'subsample': 0.769178897107588, 'colsample_bytree': 0.7174557963444084, 'min_child_weight': 2, 'gamma': 0.0008656188742563731, 'reg_alpha': 0.0001647116787411785, 'reg_lambda': 0.013139138291091045}. Best is trial 1319 with value: 0.30197738672869706.
[I 2024-12-04 18:15:35,384] Trial 2352 finished with value: 0.3169204050917818 and parameters: {'n_estimators': 912, 'max_depth': 6, 'learning_rate': 0.0749579099344262, 'subsample': 0.7688849152300385, 'colsample_bytree': 0.7172136531554156, 'min_child_weight': 2, 'gamma': 0.0008722202284553659, 'reg_alpha': 0.00016733936713990324, 'reg_lambda': 0.013192013081888826}. Best is trial 1319 with value: 0.30197738672869706.
[I 2024-12-04 18:15:36,855] Trial 2353 finished with value: 0.31193341006941044 and parameters: {'n_estimators': 910, 'max_depth': 6, 'learning_rate': 0.07507093446650315, 'subsample': 0.7692025915697953, 'colsample_bytree': 0.7178600393169445, 'min_child_weight': 2, 'gamma': 0.0008558566053372701, 'reg_alpha': 0.00016725297259835217, 'reg_lambda': 0.013716905115706678}. Best is trial 1319 with value: 0.30197738672869706.
[I 2024-12-04 18:15:38,332] Trial 2354 finished with value: 0.3121708577923063 and parameters: {'n_estimators': 910, 'max_depth': 6, 'learning_rate': 0.07510428754412277, 'subsample': 0.7690011602097002, 'colsample_bytree': 0.7173913516985043, 'min_child_weight': 2, 'gamma': 0.0008603924458015696, 'reg_alpha': 0.00016593895476619373, 'reg_lambda': 0.013595812118525799}. Best is trial 1319 with value: 0.30197738672869706.
[I 2024-12-04 18:15:39,859] Trial 2355 finished with value: 0.31267663323534745 and parameters: {'n_estimators': 911, 'max_depth': 6, 'learning_rate': 0.0751101903367012, 'subsample': 0.7688489438907955, 'colsample_bytree': 0.7171545523026803, 'min_child_weight': 2, 'gamma': 0.0008472494519619416, 'reg_alpha': 0.00016650352844172625, 'reg_lambda': 0.013461203973901475}. Best is trial 1319 with value: 0.30197738672869706.
[I 2024-12-04 18:15:41,311] Trial 2356 finished with value: 0.31501489552042833 and parameters: {'n_estimators': 909, 'max_depth': 6, 'learning_rate': 0.0751151496497965, 'subsample': 0.7691347206712235, 'colsample_bytree': 0.7179370715592959, 'min_child_weight': 2, 'gamma': 0.0008880574269606782, 'reg_alpha': 0.00016660159573676938, 'reg_lambda': 0.014035002057306928}. Best is trial 1319 with value: 0.30197738672869706.
[I 2024-12-04 18:15:42,759] Trial 2357 finished with value: 0.3105987057783731 and parameters: {'n_estimators': 911, 'max_depth': 6, 'learning_rate': 0.07518841002939719, 'subsample': 0.769021830353766, 'colsample_bytree': 0.7176093326936646, 'min_child_weight': 2, 'gamma': 0.0008614330647187201, 'reg_alpha': 0.00016504288676316806, 'reg_lambda': 0.013917820534195052}. Best is trial 1319 with value: 0.30197738672869706.
[I 2024-12-04 18:15:44,432] Trial 2358 finished with value: 0.3181056423422729 and parameters: {'n_estimators': 911, 'max_depth': 6, 'learning_rate': 0.07515984475058965, 'subsample': 0.7689554934585002, 'colsample_bytree': 0.7172915810883941, 'min_child_weight': 2, 'gamma': 0.0008665546093009287, 'reg_alpha': 0.00016692932404953383, 'reg_lambda': 0.013644551582495551}. Best is trial 1319 with value: 0.30197738672869706.
[I 2024-12-04 18:15:45,957] Trial 2359 finished with value: 0.3119281537125043 and parameters: {'n_estimators': 910, 'max_depth': 6, 'learning_rate': 0.07491923477881912, 'subsample': 0.7692374514720473, 'colsample_bytree': 0.7178190610082306, 'min_child_weight': 2, 'gamma': 0.0008581717096273832, 'reg_alpha': 0.00016152515542553405, 'reg_lambda': 0.013430865371043344}. Best is trial 1319 with value: 0.30197738672869706.
[I 2024-12-04 18:15:47,394] Trial 2360 finished with value: 0.30588673840461045 and parameters: {'n_estimators': 911, 'max_depth': 6, 'learning_rate': 0.07508200924181031, 'subsample': 0.769153083531946, 'colsample_bytree': 0.7178361473436434, 'min_child_weight': 2, 'gamma': 0.0008617200606870001, 'reg_alpha': 0.0001686685592803863, 'reg_lambda': 0.01370222725816752}. Best is trial 1319 with value: 0.30197738672869706.
[I 2024-12-04 18:15:48,837] Trial 2361 finished with value: 0.3145499338284332 and parameters: {'n_estimators': 912, 'max_depth': 6, 'learning_rate': 0.07498455377492998, 'subsample': 0.7695646937789931, 'colsample_bytree': 0.7173781916769338, 'min_child_weight': 2, 'gamma': 0.0008362145476664114, 'reg_alpha': 0.00015752834753318573, 'reg_lambda': 0.013115421554429414}. Best is trial 1319 with value: 0.30197738672869706.
[I 2024-12-04 18:15:50,280] Trial 2362 finished with value: 0.30645587622904197 and parameters: {'n_estimators': 911, 'max_depth': 6, 'learning_rate': 0.07511086694162507, 'subsample': 0.7692447063767857, 'colsample_bytree': 0.7173575650809237, 'min_child_weight': 2, 'gamma': 0.0008835246064599182, 'reg_alpha': 0.00016832912474772581, 'reg_lambda': 0.013334539312605902}. Best is trial 1319 with value: 0.30197738672869706.
[I 2024-12-04 18:15:51,723] Trial 2363 finished with value: 0.3118038777504315 and parameters: {'n_estimators': 911, 'max_depth': 6, 'learning_rate': 0.07530140380286265, 'subsample': 0.7692732787749337, 'colsample_bytree': 0.717761402862687, 'min_child_weight': 2, 'gamma': 0.0008599534940440727, 'reg_alpha': 0.00016316767611273706, 'reg_lambda': 0.013591525146769793}. Best is trial 1319 with value: 0.30197738672869706.
[I 2024-12-04 18:15:53,319] Trial 2364 finished with value: 0.30829185508156254 and parameters: {'n_estimators': 911, 'max_depth': 6, 'learning_rate': 0.07496013952414395, 'subsample': 0.7693036462638494, 'colsample_bytree': 0.717165774728145, 'min_child_weight': 2, 'gamma': 0.0008523966723306093, 'reg_alpha': 0.00016562235782594613, 'reg_lambda': 0.013055773769185522}. Best is trial 1319 with value: 0.30197738672869706.
[I 2024-12-04 18:15:54,853] Trial 2365 finished with value: 0.3203328852889022 and parameters: {'n_estimators': 910, 'max_depth': 6, 'learning_rate': 0.07552395780225843, 'subsample': 0.7692171661667125, 'colsample_bytree': 0.7183859263188935, 'min_child_weight': 2, 'gamma': 0.0008798507694089075, 'reg_alpha': 0.00017883668436138072, 'reg_lambda': 0.01445719011870459}. Best is trial 1319 with value: 0.30197738672869706.
[I 2024-12-04 18:15:56,330] Trial 2366 finished with value: 0.31270618248749027 and parameters: {'n_estimators': 908, 'max_depth': 6, 'learning_rate': 0.0751531956314263, 'subsample': 0.7694162064665634, 'colsample_bytree': 0.7174029303114087, 'min_child_weight': 2, 'gamma': 0.0008700403534366116, 'reg_alpha': 0.00017742688403071612, 'reg_lambda': 0.013389599653367163}. Best is trial 1319 with value: 0.30197738672869706.
[I 2024-12-04 18:15:57,809] Trial 2367 finished with value: 0.31634601902948284 and parameters: {'n_estimators': 910, 'max_depth': 6, 'learning_rate': 0.07517032698212321, 'subsample': 0.7694718429677393, 'colsample_bytree': 0.7177106660648318, 'min_child_weight': 2, 'gamma': 0.0008738747571524645, 'reg_alpha': 0.00016781182750700852, 'reg_lambda': 0.01348679973544119}. Best is trial 1319 with value: 0.30197738672869706.
[I 2024-12-04 18:15:59,282] Trial 2368 finished with value: 0.3145319707625325 and parameters: {'n_estimators': 911, 'max_depth': 6, 'learning_rate': 0.07496373158247048, 'subsample': 0.7689495093601857, 'colsample_bytree': 0.71762708920597, 'min_child_weight': 2, 'gamma': 0.000860179703012361, 'reg_alpha': 0.0001615328978395536, 'reg_lambda': 0.013206362878923785}. Best is trial 1319 with value: 0.30197738672869706.
[I 2024-12-04 18:16:00,833] Trial 2369 finished with value: 0.3096007105263849 and parameters: {'n_estimators': 912, 'max_depth': 6, 'learning_rate': 0.0750034233730876, 'subsample': 0.7688627444879442, 'colsample_bytree': 0.7177231060271864, 'min_child_weight': 2, 'gamma': 0.0008202235346563135, 'reg_alpha': 0.00016015653214966873, 'reg_lambda': 0.012605891233295693}. Best is trial 1319 with value: 0.30197738672869706.
[I 2024-12-04 18:16:02,359] Trial 2370 finished with value: 0.3147964525540534 and parameters: {'n_estimators': 910, 'max_depth': 6, 'learning_rate': 0.07474746018488831, 'subsample': 0.7692678057481791, 'colsample_bytree': 0.7183613065879424, 'min_child_weight': 2, 'gamma': 0.0008706466497931341, 'reg_alpha': 0.00015936574499009112, 'reg_lambda': 0.012903184004871908}. Best is trial 1319 with value: 0.30197738672869706.
[I 2024-12-04 18:16:04,191] Trial 2371 finished with value: 0.3135115992942475 and parameters: {'n_estimators': 908, 'max_depth': 6, 'learning_rate': 0.07530908364545714, 'subsample': 0.7690472322768854, 'colsample_bytree': 0.7184745070499066, 'min_child_weight': 2, 'gamma': 0.0008914146081576034, 'reg_alpha': 0.0001800189614311761, 'reg_lambda': 0.013857171512007835}. Best is trial 1319 with value: 0.30197738672869706.
[I 2024-12-04 18:16:05,695] Trial 2372 finished with value: 0.3135743388018246 and parameters: {'n_estimators': 912, 'max_depth': 6, 'learning_rate': 0.07508902798934187, 'subsample': 0.7691308629358443, 'colsample_bytree': 0.7176414718411218, 'min_child_weight': 2, 'gamma': 0.000843374026170252, 'reg_alpha': 0.00016277781633857236, 'reg_lambda': 0.013774250811772304}. Best is trial 1319 with value: 0.30197738672869706.
[I 2024-12-04 18:16:07,155] Trial 2373 finished with value: 0.3155022862234223 and parameters: {'n_estimators': 909, 'max_depth': 6, 'learning_rate': 0.07538030885895924, 'subsample': 0.7692919934097631, 'colsample_bytree': 0.7173803830779365, 'min_child_weight': 2, 'gamma': 0.0008872219463075141, 'reg_alpha': 0.00017130324619495985, 'reg_lambda': 0.014199204207407511}. Best is trial 1319 with value: 0.30197738672869706.
[I 2024-12-04 18:16:08,750] Trial 2374 finished with value: 0.3115069150868706 and parameters: {'n_estimators': 912, 'max_depth': 6, 'learning_rate': 0.07505085581788576, 'subsample': 0.7691964431811881, 'colsample_bytree': 0.7175255947829209, 'min_child_weight': 2, 'gamma': 0.0008672998879588742, 'reg_alpha': 0.00016497677191374552, 'reg_lambda': 0.01303081329685404}. Best is trial 1319 with value: 0.30197738672869706.
