[I 2024-12-19 08:26:09,359] Trial 744 finished with value: 1.1493494510650635 and parameters: {'mlp_n_layers': 2, 'mlp_dim_00': 484, 'mlp_dim_01': 472, 'node_hidden_dim': 62, 'edge_hidden_dim': 51, 'depth': 2, 'rep_dropout': 0.06255192088495165, 'train_learning_rate': 0.005233206457621286, 'train_lr_reduce': 0.6}. Best is trial 724 with value: 0.1670333594083786.
[I 2024-12-19 08:26:10,187] Trial 743 finished with value: 1.1419700384140015 and parameters: {'mlp_n_layers': 2, 'mlp_dim_00': 88, 'mlp_dim_01': 90, 'node_hidden_dim': 55, 'edge_hidden_dim': 64, 'depth': 4, 'rep_dropout': 0.22894214923584402, 'train_learning_rate': 0.00010307035564957477, 'train_lr_reduce': 0.6}. Best is trial 724 with value: 0.1670333594083786.
[I 2024-12-19 08:26:12,921] Trial 742 finished with value: 0.5393160581588745 and parameters: {'mlp_n_layers': 2, 'mlp_dim_00': 477, 'mlp_dim_01': 379, 'node_hidden_dim': 74, 'edge_hidden_dim': 43, 'depth': 2, 'rep_dropout': 0.0565036837805236, 'train_learning_rate': 0.008826511614993567, 'train_lr_reduce': 0.6}. Best is trial 724 with value: 0.1670333594083786.
[I 2024-12-19 08:26:19,647] Trial 746 finished with value: 1.142167329788208 and parameters: {'mlp_n_layers': 2, 'mlp_dim_00': 137, 'mlp_dim_01': 404, 'node_hidden_dim': 45, 'edge_hidden_dim': 54, 'depth': 2, 'rep_dropout': 0.01925912960742876, 'train_learning_rate': 0.00010465907712906854, 'train_lr_reduce': 0.6}. Best is trial 724 with value: 0.1670333594083786.
[I 2024-12-19 08:26:20,808] Trial 747 finished with value: 1.1429916620254517 and parameters: {'mlp_n_layers': 4, 'mlp_dim_00': 161, 'mlp_dim_01': 476, 'mlp_dim_02': 469, 'mlp_dim_03': 178, 'node_hidden_dim': 33, 'edge_hidden_dim': 79, 'depth': 2, 'rep_dropout': 0.21055538138407529, 'train_learning_rate': 0.0021483281805100393, 'train_lr_reduce': 0.6}. Best is trial 724 with value: 0.1670333594083786.
[I 2024-12-19 08:26:28,372] Trial 745 finished with value: 0.7471721172332764 and parameters: {'mlp_n_layers': 3, 'mlp_dim_00': 497, 'mlp_dim_01': 347, 'mlp_dim_02': 433, 'node_hidden_dim': 124, 'edge_hidden_dim': 59, 'depth': 2, 'rep_dropout': 0.017364679007739844, 'train_learning_rate': 0.009203690582631775, 'train_lr_reduce': 0.6}. Best is trial 724 with value: 0.1670333594083786.
[I 2024-12-19 08:26:35,394] Trial 750 finished with value: 1.142981767654419 and parameters: {'mlp_n_layers': 3, 'mlp_dim_00': 446, 'mlp_dim_01': 390, 'mlp_dim_02': 473, 'node_hidden_dim': 46, 'edge_hidden_dim': 51, 'depth': 2, 'rep_dropout': 0.06228092097967871, 'train_learning_rate': 0.009146898486481956, 'train_lr_reduce': 0.6}. Best is trial 724 with value: 0.1670333594083786.
[I 2024-12-19 08:26:42,117] Trial 748 finished with value: 0.22547945380210876 and parameters: {'mlp_n_layers': 3, 'mlp_dim_00': 508, 'mlp_dim_01': 405, 'mlp_dim_02': 465, 'node_hidden_dim': 75, 'edge_hidden_dim': 34, 'depth': 2, 'rep_dropout': 0.007063615310291918, 'train_learning_rate': 0.007373710690566734, 'train_lr_reduce': 0.6}. Best is trial 724 with value: 0.1670333594083786.
[I 2024-12-19 08:26:44,315] Trial 751 finished with value: 1.1423203945159912 and parameters: {'mlp_n_layers': 4, 'mlp_dim_00': 445, 'mlp_dim_01': 362, 'mlp_dim_02': 511, 'mlp_dim_03': 285, 'node_hidden_dim': 119, 'edge_hidden_dim': 51, 'depth': 3, 'rep_dropout': 0.24196680129363904, 'train_learning_rate': 0.00014936044960138706, 'train_lr_reduce': 0.6}. Best is trial 724 with value: 0.1670333594083786.
[I 2024-12-19 08:26:45,885] Trial 749 finished with value: 0.3901241719722748 and parameters: {'mlp_n_layers': 3, 'mlp_dim_00': 483, 'mlp_dim_01': 291, 'mlp_dim_02': 405, 'node_hidden_dim': 111, 'edge_hidden_dim': 43, 'depth': 2, 'rep_dropout': 0.025793951746064133, 'train_learning_rate': 0.009176054324755881, 'train_lr_reduce': 0.6}. Best is trial 724 with value: 0.1670333594083786.
[I 2024-12-19 08:26:49,424] Trial 752 finished with value: 1.1430943012237549 and parameters: {'mlp_n_layers': 2, 'mlp_dim_00': 490, 'mlp_dim_01': 415, 'node_hidden_dim': 81, 'edge_hidden_dim': 50, 'depth': 2, 'rep_dropout': 0.0791381115822448, 'train_learning_rate': 0.008314396362780908, 'train_lr_reduce': 0.6}. Best is trial 724 with value: 0.1670333594083786.
[I 2024-12-19 08:26:55,366] Trial 755 finished with value: 1.1460864543914795 and parameters: {'mlp_n_layers': 2, 'mlp_dim_00': 485, 'mlp_dim_01': 396, 'node_hidden_dim': 41, 'edge_hidden_dim': 36, 'depth': 2, 'rep_dropout': 0.029021501982569354, 'train_learning_rate': 0.004758623136188398, 'train_lr_reduce': 0.6}. Best is trial 724 with value: 0.1670333594083786.
[I 2024-12-19 08:26:57,889] Trial 754 finished with value: 0.7085113525390625 and parameters: {'mlp_n_layers': 3, 'mlp_dim_00': 506, 'mlp_dim_01': 317, 'mlp_dim_02': 469, 'node_hidden_dim': 118, 'edge_hidden_dim': 34, 'depth': 2, 'rep_dropout': 0.012355701473836744, 'train_learning_rate': 0.007212594560842939, 'train_lr_reduce': 0.6}. Best is trial 724 with value: 0.1670333594083786.
[I 2024-12-19 08:27:02,174] Trial 756 finished with value: 1.1444306373596191 and parameters: {'mlp_n_layers': 2, 'mlp_dim_00': 478, 'mlp_dim_01': 455, 'node_hidden_dim': 57, 'edge_hidden_dim': 48, 'depth': 2, 'rep_dropout': 0.018789253870659828, 'train_learning_rate': 0.009075046142930983, 'train_lr_reduce': 0.6}. Best is trial 724 with value: 0.1670333594083786.
[I 2024-12-19 08:27:05,238] Trial 753 finished with value: 0.25370460748672485 and parameters: {'mlp_n_layers': 3, 'mlp_dim_00': 457, 'mlp_dim_01': 332, 'mlp_dim_02': 424, 'node_hidden_dim': 81, 'edge_hidden_dim': 64, 'depth': 2, 'rep_dropout': 0.07007510080026083, 'train_learning_rate': 0.009421367893059876, 'train_lr_reduce': 0.6}. Best is trial 724 with value: 0.1670333594083786.
[I 2024-12-19 08:27:06,412] Trial 757 finished with value: 1.142237663269043 and parameters: {'mlp_n_layers': 3, 'mlp_dim_00': 486, 'mlp_dim_01': 122, 'mlp_dim_02': 379, 'node_hidden_dim': 96, 'edge_hidden_dim': 110, 'depth': 2, 'rep_dropout': 0.22726265297584033, 'train_learning_rate': 0.00017553455702782475, 'train_lr_reduce': 0.6}. Best is trial 724 with value: 0.1670333594083786.
[I 2024-12-19 08:27:08,491] Trial 758 finished with value: 1.1430296897888184 and parameters: {'mlp_n_layers': 2, 'mlp_dim_00': 420, 'mlp_dim_01': 214, 'node_hidden_dim': 72, 'edge_hidden_dim': 67, 'depth': 3, 'rep_dropout': 0.21465682887049956, 'train_learning_rate': 0.0012039135840424115, 'train_lr_reduce': 0.6}. Best is trial 724 with value: 0.1670333594083786.
[I 2024-12-19 08:27:10,882] Trial 759 finished with value: 1.1475783586502075 and parameters: {'mlp_n_layers': 2, 'mlp_dim_00': 442, 'mlp_dim_01': 500, 'node_hidden_dim': 85, 'edge_hidden_dim': 50, 'depth': 2, 'rep_dropout': 0.023722878849999646, 'train_learning_rate': 0.0035020137488775134, 'train_lr_reduce': 0.6}. Best is trial 724 with value: 0.1670333594083786.
[I 2024-12-19 08:27:15,736] Trial 760 finished with value: 1.1496562957763672 and parameters: {'mlp_n_layers': 2, 'mlp_dim_00': 456, 'mlp_dim_01': 469, 'node_hidden_dim': 48, 'edge_hidden_dim': 42, 'depth': 4, 'rep_dropout': 0.19510467466065626, 'train_learning_rate': 0.0015627374176476348, 'train_lr_reduce': 0.6}. Best is trial 724 with value: 0.1670333594083786.
[I 2024-12-19 08:27:17,230] Trial 762 finished with value: 1.1454296112060547 and parameters: {'mlp_n_layers': 3, 'mlp_dim_00': 414, 'mlp_dim_01': 220, 'mlp_dim_02': 428, 'node_hidden_dim': 122, 'edge_hidden_dim': 62, 'depth': 2, 'rep_dropout': 0.06396153233077984, 'train_learning_rate': 0.003037490336090024, 'train_lr_reduce': 0.6}. Best is trial 724 with value: 0.1670333594083786.
[I 2024-12-19 08:27:30,756] Trial 761 finished with value: 0.2222284972667694 and parameters: {'mlp_n_layers': 2, 'mlp_dim_00': 503, 'mlp_dim_01': 375, 'node_hidden_dim': 69, 'edge_hidden_dim': 36, 'depth': 2, 'rep_dropout': 0.05668930032207013, 'train_learning_rate': 0.008583732311635662, 'train_lr_reduce': 0.6}. Best is trial 724 with value: 0.1670333594083786.
[I 2024-12-19 08:27:37,587] Trial 765 finished with value: 1.144292950630188 and parameters: {'mlp_n_layers': 2, 'mlp_dim_00': 508, 'mlp_dim_01': 352, 'node_hidden_dim': 78, 'edge_hidden_dim': 41, 'depth': 2, 'rep_dropout': 0.06408087311675183, 'train_learning_rate': 0.0049936421183304725, 'train_lr_reduce': 0.6}. Best is trial 724 with value: 0.1670333594083786.
[I 2024-12-19 08:27:38,273] Trial 764 finished with value: 0.2986021935939789 and parameters: {'mlp_n_layers': 2, 'mlp_dim_00': 511, 'mlp_dim_01': 401, 'node_hidden_dim': 66, 'edge_hidden_dim': 45, 'depth': 2, 'rep_dropout': 0.013957865438938516, 'train_learning_rate': 0.006753819848330432, 'train_lr_reduce': 0.6}. Best is trial 724 with value: 0.1670333594083786.
[I 2024-12-19 08:27:42,440] Trial 763 finished with value: 0.4737657904624939 and parameters: {'mlp_n_layers': 2, 'mlp_dim_00': 500, 'mlp_dim_01': 316, 'node_hidden_dim': 111, 'edge_hidden_dim': 57, 'depth': 3, 'rep_dropout': 0.005719082759969644, 'train_learning_rate': 0.008401919598421386, 'train_lr_reduce': 0.6}. Best is trial 724 with value: 0.1670333594083786.
[I 2024-12-19 08:27:54,198] Trial 766 finished with value: 0.4782373905181885 and parameters: {'mlp_n_layers': 2, 'mlp_dim_00': 459, 'mlp_dim_01': 426, 'node_hidden_dim': 96, 'edge_hidden_dim': 35, 'depth': 2, 'rep_dropout': 0.013433849424811628, 'train_learning_rate': 0.008009015206286217, 'train_lr_reduce': 0.6}. Best is trial 724 with value: 0.1670333594083786.
[I 2024-12-19 08:28:00,089] Trial 767 finished with value: 0.29841434955596924 and parameters: {'mlp_n_layers': 2, 'mlp_dim_00': 429, 'mlp_dim_01': 474, 'node_hidden_dim': 70, 'edge_hidden_dim': 36, 'depth': 2, 'rep_dropout': 0.052527368399125, 'train_learning_rate': 0.007366755722272163, 'train_lr_reduce': 0.6}. Best is trial 724 with value: 0.1670333594083786.
[I 2024-12-19 08:28:01,168] Trial 769 finished with value: 1.1493688821792603 and parameters: {'mlp_n_layers': 4, 'mlp_dim_00': 87, 'mlp_dim_01': 461, 'mlp_dim_02': 507, 'mlp_dim_03': 463, 'node_hidden_dim': 84, 'edge_hidden_dim': 59, 'depth': 2, 'rep_dropout': 0.1869981543543573, 'train_learning_rate': 0.003400832950569695, 'train_lr_reduce': 0.6}. Best is trial 724 with value: 0.1670333594083786.
[I 2024-12-19 08:28:06,842] Trial 768 finished with value: 0.21828889846801758 and parameters: {'mlp_n_layers': 2, 'mlp_dim_00': 460, 'mlp_dim_01': 504, 'node_hidden_dim': 91, 'edge_hidden_dim': 41, 'depth': 2, 'rep_dropout': 0.004972757186932467, 'train_learning_rate': 0.007319617642589855, 'train_lr_reduce': 0.6}. Best is trial 724 with value: 0.1670333594083786.
[I 2024-12-19 08:28:07,411] Trial 771 finished with value: 1.1478692293167114 and parameters: {'mlp_n_layers': 3, 'mlp_dim_00': 465, 'mlp_dim_01': 315, 'mlp_dim_02': 242, 'node_hidden_dim': 57, 'edge_hidden_dim': 32, 'depth': 2, 'rep_dropout': 0.03498161076010685, 'train_learning_rate': 0.006763322076431691, 'train_lr_reduce': 0.6}. Best is trial 724 with value: 0.1670333594083786.
[I 2024-12-19 08:28:22,278] Trial 770 finished with value: 0.5976371169090271 and parameters: {'mlp_n_layers': 3, 'mlp_dim_00': 275, 'mlp_dim_01': 320, 'mlp_dim_02': 511, 'node_hidden_dim': 76, 'edge_hidden_dim': 33, 'depth': 2, 'rep_dropout': 0.0425513628286169, 'train_learning_rate': 0.008858296921257669, 'train_lr_reduce': 0.6}. Best is trial 724 with value: 0.1670333594083786.
[I 2024-12-19 08:28:30,342] Trial 773 finished with value: 0.20913958549499512 and parameters: {'mlp_n_layers': 3, 'mlp_dim_00': 469, 'mlp_dim_01': 318, 'mlp_dim_02': 505, 'node_hidden_dim': 125, 'edge_hidden_dim': 70, 'depth': 2, 'rep_dropout': 0.019851364001081572, 'train_learning_rate': 0.008027609348169729, 'train_lr_reduce': 0.6}. Best is trial 724 with value: 0.1670333594083786.
[I 2024-12-19 08:28:31,832] Trial 774 finished with value: 1.1419353485107422 and parameters: {'mlp_n_layers': 4, 'mlp_dim_00': 173, 'mlp_dim_01': 234, 'mlp_dim_02': 511, 'mlp_dim_03': 135, 'node_hidden_dim': 101, 'edge_hidden_dim': 88, 'depth': 3, 'rep_dropout': 0.07789091143571476, 'train_learning_rate': 0.00012518475306142992, 'train_lr_reduce': 0.6}. Best is trial 724 with value: 0.1670333594083786.
[I 2024-12-19 08:28:32,465] Trial 772 finished with value: 0.38743922114372253 and parameters: {'mlp_n_layers': 2, 'mlp_dim_00': 385, 'mlp_dim_01': 394, 'node_hidden_dim': 71, 'edge_hidden_dim': 49, 'depth': 2, 'rep_dropout': 0.07107195441671588, 'train_learning_rate': 0.007568210943259156, 'train_lr_reduce': 0.6}. Best is trial 724 with value: 0.1670333594083786.
[I 2024-12-19 08:28:38,726] Trial 776 finished with value: 1.1436666250228882 and parameters: {'mlp_n_layers': 4, 'mlp_dim_00': 196, 'mlp_dim_01': 248, 'mlp_dim_02': 512, 'mlp_dim_03': 356, 'node_hidden_dim': 90, 'edge_hidden_dim': 47, 'depth': 4, 'rep_dropout': 0.14169652820127487, 'train_learning_rate': 0.0011334758535900924, 'train_lr_reduce': 0.6}. Best is trial 724 with value: 0.1670333594083786.
[I 2024-12-19 08:28:39,554] Trial 777 finished with value: 1.1502676010131836 and parameters: {'mlp_n_layers': 3, 'mlp_dim_00': 489, 'mlp_dim_01': 341, 'mlp_dim_02': 469, 'node_hidden_dim': 128, 'edge_hidden_dim': 70, 'depth': 2, 'rep_dropout': 0.026504845069865238, 'train_learning_rate': 0.003050303704128426, 'train_lr_reduce': 0.6}. Best is trial 724 with value: 0.1670333594083786.
[I 2024-12-19 08:28:41,458] Trial 775 finished with value: 1.14164137840271 and parameters: {'mlp_n_layers': 3, 'mlp_dim_00': 430, 'mlp_dim_01': 242, 'mlp_dim_02': 475, 'node_hidden_dim': 127, 'edge_hidden_dim': 70, 'depth': 2, 'rep_dropout': 0.04540138132971624, 'train_learning_rate': 0.009698394231264389, 'train_lr_reduce': 0.6}. Best is trial 724 with value: 0.1670333594083786.
[I 2024-12-19 08:28:46,477] Trial 779 finished with value: 1.142831802368164 and parameters: {'mlp_n_layers': 2, 'mlp_dim_00': 481, 'mlp_dim_01': 388, 'node_hidden_dim': 60, 'edge_hidden_dim': 37, 'depth': 2, 'rep_dropout': 0.0974336579344475, 'train_learning_rate': 0.0053103753875019775, 'train_lr_reduce': 0.6}. Best is trial 724 with value: 0.1670333594083786.
[I 2024-12-19 08:29:00,295] Trial 778 finished with value: 0.20514026284217834 and parameters: {'mlp_n_layers': 2, 'mlp_dim_00': 413, 'mlp_dim_01': 511, 'node_hidden_dim': 80, 'edge_hidden_dim': 46, 'depth': 2, 'rep_dropout': 0.0290097329650987, 'train_learning_rate': 0.00862360764439143, 'train_lr_reduce': 0.6}. Best is trial 724 with value: 0.1670333594083786.
[I 2024-12-19 08:29:03,433] Trial 780 finished with value: 0.3203184902667999 and parameters: {'mlp_n_layers': 2, 'mlp_dim_00': 467, 'mlp_dim_01': 290, 'node_hidden_dim': 115, 'edge_hidden_dim': 77, 'depth': 2, 'rep_dropout': 0.01658407518973843, 'train_learning_rate': 0.007309939254369297, 'train_lr_reduce': 0.6}. Best is trial 724 with value: 0.1670333594083786.
[I 2024-12-19 08:29:11,174] Trial 783 finished with value: 1.145670771598816 and parameters: {'mlp_n_layers': 2, 'mlp_dim_00': 441, 'mlp_dim_01': 464, 'node_hidden_dim': 71, 'edge_hidden_dim': 54, 'depth': 2, 'rep_dropout': 0.050540096097690744, 'train_learning_rate': 0.0058841922132743555, 'train_lr_reduce': 0.6}. Best is trial 724 with value: 0.1670333594083786.
[I 2024-12-19 08:29:15,824] Trial 781 finished with value: 0.5506202578544617 and parameters: {'mlp_n_layers': 2, 'mlp_dim_00': 460, 'mlp_dim_01': 65, 'node_hidden_dim': 87, 'edge_hidden_dim': 68, 'depth': 4, 'rep_dropout': 0.04881712182970416, 'train_learning_rate': 0.005298285477585596, 'train_lr_reduce': 0.6}. Best is trial 724 with value: 0.1670333594083786.
[I 2024-12-19 08:29:20,864] Trial 782 finished with value: 0.24513058364391327 and parameters: {'mlp_n_layers': 2, 'mlp_dim_00': 406, 'mlp_dim_01': 502, 'node_hidden_dim': 93, 'edge_hidden_dim': 65, 'depth': 2, 'rep_dropout': 0.02478154933282872, 'train_learning_rate': 0.006831925159819459, 'train_lr_reduce': 0.6}. Best is trial 724 with value: 0.1670333594083786.
[I 2024-12-19 08:29:28,131] Trial 786 finished with value: 1.1451213359832764 and parameters: {'mlp_n_layers': 3, 'mlp_dim_00': 363, 'mlp_dim_01': 318, 'mlp_dim_02': 469, 'node_hidden_dim': 97, 'edge_hidden_dim': 86, 'depth': 2, 'rep_dropout': 0.02728765838338587, 'train_learning_rate': 0.0058186813186704225, 'train_lr_reduce': 0.6}. Best is trial 724 with value: 0.1670333594083786.
[I 2024-12-19 08:29:33,945] Trial 784 finished with value: 0.3339747488498688 and parameters: {'mlp_n_layers': 3, 'mlp_dim_00': 413, 'mlp_dim_01': 201, 'mlp_dim_02': 511, 'node_hidden_dim': 118, 'edge_hidden_dim': 46, 'depth': 2, 'rep_dropout': 0.009411266461913018, 'train_learning_rate': 0.0057759439062061374, 'train_lr_reduce': 0.6}. Best is trial 724 with value: 0.1670333594083786.
[I 2024-12-19 08:29:35,814] Trial 785 finished with value: 0.48096394538879395 and parameters: {'mlp_n_layers': 2, 'mlp_dim_00': 495, 'mlp_dim_01': 455, 'node_hidden_dim': 85, 'edge_hidden_dim': 71, 'depth': 2, 'rep_dropout': 0.01596702880962669, 'train_learning_rate': 0.006165003357943304, 'train_lr_reduce': 0.6}. Best is trial 724 with value: 0.1670333594083786.
[I 2024-12-19 08:29:37,111] Trial 787 finished with value: 1.1433368921279907 and parameters: {'mlp_n_layers': 2, 'mlp_dim_00': 456, 'mlp_dim_01': 374, 'node_hidden_dim': 100, 'edge_hidden_dim': 116, 'depth': 4, 'rep_dropout': 0.1174637190857889, 'train_learning_rate': 0.008145069640958132, 'train_lr_reduce': 0.6}. Best is trial 724 with value: 0.1670333594083786.
[I 2024-12-19 08:29:57,322] Trial 788 finished with value: 0.2460263967514038 and parameters: {'mlp_n_layers': 2, 'mlp_dim_00': 438, 'mlp_dim_01': 492, 'node_hidden_dim': 88, 'edge_hidden_dim': 39, 'depth': 2, 'rep_dropout': 0.05265639735914314, 'train_learning_rate': 0.006651843612838706, 'train_lr_reduce': 0.6}. Best is trial 724 with value: 0.1670333594083786.
[I 2024-12-19 08:29:59,394] Trial 790 finished with value: 0.5778619647026062 and parameters: {'mlp_n_layers': 3, 'mlp_dim_00': 400, 'mlp_dim_01': 265, 'mlp_dim_02': 465, 'node_hidden_dim': 119, 'edge_hidden_dim': 53, 'depth': 2, 'rep_dropout': 0.01490019870902297, 'train_learning_rate': 0.00890216403399797, 'train_lr_reduce': 0.6}. Best is trial 724 with value: 0.1670333594083786.
[I 2024-12-19 08:30:00,409] Trial 789 finished with value: 0.609283447265625 and parameters: {'mlp_n_layers': 2, 'mlp_dim_00': 425, 'mlp_dim_01': 438, 'node_hidden_dim': 83, 'edge_hidden_dim': 34, 'depth': 2, 'rep_dropout': 0.02165013526127909, 'train_learning_rate': 0.004435857340229283, 'train_lr_reduce': 0.6}. Best is trial 724 with value: 0.1670333594083786.
[I 2024-12-19 08:30:03,785] Trial 791 finished with value: 1.142492651939392 and parameters: {'mlp_n_layers': 2, 'mlp_dim_00': 503, 'mlp_dim_01': 466, 'node_hidden_dim': 89, 'edge_hidden_dim': 40, 'depth': 2, 'rep_dropout': 0.024886216462735478, 'train_learning_rate': 0.0033880727605314397, 'train_lr_reduce': 0.6}. Best is trial 724 with value: 0.1670333594083786.
[I 2024-12-19 08:30:10,828] Trial 794 finished with value: 1.1480835676193237 and parameters: {'mlp_n_layers': 4, 'mlp_dim_00': 384, 'mlp_dim_01': 385, 'mlp_dim_02': 467, 'mlp_dim_03': 127, 'node_hidden_dim': 119, 'edge_hidden_dim': 99, 'depth': 2, 'rep_dropout': 0.007941138274745518, 'train_learning_rate': 0.0018671953910694675, 'train_lr_reduce': 0.6}. Best is trial 724 with value: 0.1670333594083786.
[I 2024-12-19 08:30:11,701] Trial 793 finished with value: 1.142092227935791 and parameters: {'mlp_n_layers': 4, 'mlp_dim_00': 387, 'mlp_dim_01': 268, 'mlp_dim_02': 510, 'mlp_dim_03': 239, 'node_hidden_dim': 35, 'edge_hidden_dim': 46, 'depth': 2, 'rep_dropout': 0.010269041476581947, 'train_learning_rate': 0.00010159693569373661, 'train_lr_reduce': 0.6}. Best is trial 724 with value: 0.1670333594083786.
[I 2024-12-19 08:30:21,556] Trial 792 finished with value: 0.19449374079704285 and parameters: {'mlp_n_layers': 3, 'mlp_dim_00': 509, 'mlp_dim_01': 283, 'mlp_dim_02': 469, 'node_hidden_dim': 123, 'edge_hidden_dim': 60, 'depth': 2, 'rep_dropout': 0.03185303943709955, 'train_learning_rate': 0.005710855301073618, 'train_lr_reduce': 0.6}. Best is trial 724 with value: 0.1670333594083786.
[I 2024-12-19 08:30:28,510] Trial 797 finished with value: 1.142321228981018 and parameters: {'mlp_n_layers': 3, 'mlp_dim_00': 253, 'mlp_dim_01': 223, 'mlp_dim_02': 444, 'node_hidden_dim': 34, 'edge_hidden_dim': 78, 'depth': 2, 'rep_dropout': 0.23393838861882435, 'train_learning_rate': 0.00039625496961480784, 'train_lr_reduce': 0.6}. Best is trial 724 with value: 0.1670333594083786.
[I 2024-12-19 08:30:33,753] Trial 795 finished with value: 0.6168182492256165 and parameters: {'mlp_n_layers': 4, 'mlp_dim_00': 452, 'mlp_dim_01': 376, 'mlp_dim_02': 466, 'mlp_dim_03': 325, 'node_hidden_dim': 99, 'edge_hidden_dim': 54, 'depth': 2, 'rep_dropout': 0.008773633733813287, 'train_learning_rate': 0.009715162740188504, 'train_lr_reduce': 0.6}. Best is trial 724 with value: 0.1670333594083786.
[I 2024-12-19 08:30:36,554] Trial 796 finished with value: 0.20631109178066254 and parameters: {'mlp_n_layers': 2, 'mlp_dim_00': 462, 'mlp_dim_01': 471, 'node_hidden_dim': 80, 'edge_hidden_dim': 41, 'depth': 2, 'rep_dropout': 0.03441616045775596, 'train_learning_rate': 0.008614127259201456, 'train_lr_reduce': 0.6}. Best is trial 724 with value: 0.1670333594083786.
[I 2024-12-19 08:30:49,374] Trial 798 finished with value: 0.29215481877326965 and parameters: {'mlp_n_layers': 3, 'mlp_dim_00': 502, 'mlp_dim_01': 150, 'mlp_dim_02': 443, 'node_hidden_dim': 116, 'edge_hidden_dim': 68, 'depth': 2, 'rep_dropout': 0.024330471637435104, 'train_learning_rate': 0.00788472207047471, 'train_lr_reduce': 0.6}. Best is trial 724 with value: 0.1670333594083786.
[I 2024-12-19 08:30:55,922] Trial 799 finished with value: 0.31947195529937744 and parameters: {'mlp_n_layers': 3, 'mlp_dim_00': 496, 'mlp_dim_01': 219, 'mlp_dim_02': 444, 'node_hidden_dim': 128, 'edge_hidden_dim': 49, 'depth': 2, 'rep_dropout': 0.0069151837433931, 'train_learning_rate': 0.009567683499278685, 'train_lr_reduce': 0.6}. Best is trial 724 with value: 0.1670333594083786.
