[I 2024-12-20 00:49:56,005] Trial 1378 finished with value: 0.341399610042572 and parameters: {'mlp_n_layers': 4, 'mlp_dim_00': 155, 'mlp_dim_01': 191, 'mlp_dim_02': 385, 'mlp_dim_03': 256, 'node_hidden_dim': 109, 'edge_hidden_dim': 53, 'depth': 1, 'rep_dropout': 0.03852309732371409, 'train_learning_rate': 0.001363786468417616, 'train_lr_reduce': 0.6}. Best is trial 558 with value: 0.30280801653862.
[I 2024-12-20 00:49:57,563] Trial 1386 finished with value: 0.5997174978256226 and parameters: {'mlp_n_layers': 3, 'mlp_dim_00': 156, 'mlp_dim_01': 366, 'mlp_dim_02': 512, 'node_hidden_dim': 99, 'edge_hidden_dim': 40, 'depth': 1, 'rep_dropout': 0.002424354975444607, 'train_learning_rate': 0.002829160348730659, 'train_lr_reduce': 0.6}. Best is trial 558 with value: 0.30280801653862.
[I 2024-12-20 00:49:57,654] Trial 1384 finished with value: 0.4020904004573822 and parameters: {'mlp_n_layers': 4, 'mlp_dim_00': 135, 'mlp_dim_01': 384, 'mlp_dim_02': 496, 'mlp_dim_03': 365, 'node_hidden_dim': 92, 'edge_hidden_dim': 53, 'depth': 1, 'rep_dropout': 0.03773702431315874, 'train_learning_rate': 0.002485752451367869, 'train_lr_reduce': 0.6}. Best is trial 558 with value: 0.30280801653862.
[I 2024-12-20 00:50:03,100] Trial 1388 finished with value: 1.366182565689087 and parameters: {'mlp_n_layers': 1, 'mlp_dim_00': 501, 'node_hidden_dim': 84, 'edge_hidden_dim': 107, 'depth': 3, 'rep_dropout': 0.028845096481233824, 'train_learning_rate': 0.003166127520990928, 'train_lr_reduce': 0.6}. Best is trial 558 with value: 0.30280801653862.
[I 2024-12-20 00:50:06,964] Trial 1390 finished with value: 1.5173403024673462 and parameters: {'mlp_n_layers': 4, 'mlp_dim_00': 100, 'mlp_dim_01': 360, 'mlp_dim_02': 448, 'mlp_dim_03': 325, 'node_hidden_dim': 98, 'edge_hidden_dim': 49, 'depth': 1, 'rep_dropout': 0.03995175589148672, 'train_learning_rate': 0.0013041724515304384, 'train_lr_reduce': 0.6}. Best is trial 558 with value: 0.30280801653862.
[I 2024-12-20 00:50:07,791] Trial 1389 finished with value: 0.4754582643508911 and parameters: {'mlp_n_layers': 4, 'mlp_dim_00': 202, 'mlp_dim_01': 409, 'mlp_dim_02': 449, 'mlp_dim_03': 365, 'node_hidden_dim': 120, 'edge_hidden_dim': 40, 'depth': 1, 'rep_dropout': 0.0046232649397939495, 'train_learning_rate': 0.003415187509611538, 'train_lr_reduce': 0.6}. Best is trial 558 with value: 0.30280801653862.
[I 2024-12-20 00:50:09,874] Trial 1387 finished with value: 0.382606565952301 and parameters: {'mlp_n_layers': 4, 'mlp_dim_00': 118, 'mlp_dim_01': 393, 'mlp_dim_02': 451, 'mlp_dim_03': 321, 'node_hidden_dim': 111, 'edge_hidden_dim': 32, 'depth': 1, 'rep_dropout': 0.04640434179242879, 'train_learning_rate': 0.0022189869896711307, 'train_lr_reduce': 0.6}. Best is trial 558 with value: 0.30280801653862.
[I 2024-12-20 00:50:10,620] Trial 1391 finished with value: 1.5384602546691895 and parameters: {'mlp_n_layers': 3, 'mlp_dim_00': 313, 'mlp_dim_01': 359, 'mlp_dim_02': 437, 'node_hidden_dim': 84, 'edge_hidden_dim': 125, 'depth': 2, 'rep_dropout': 0.010712363732935576, 'train_learning_rate': 0.0004934157182884179, 'train_lr_reduce': 0.6}. Best is trial 558 with value: 0.30280801653862.
[I 2024-12-20 00:50:13,882] Trial 1393 finished with value: 1.3708406686782837 and parameters: {'mlp_n_layers': 4, 'mlp_dim_00': 152, 'mlp_dim_01': 360, 'mlp_dim_02': 476, 'mlp_dim_03': 322, 'node_hidden_dim': 111, 'edge_hidden_dim': 46, 'depth': 2, 'rep_dropout': 0.02306730678465662, 'train_learning_rate': 0.003233693351476156, 'train_lr_reduce': 0.6}. Best is trial 558 with value: 0.30280801653862.
[I 2024-12-20 00:50:15,417] Trial 1394 finished with value: 1.5383341312408447 and parameters: {'mlp_n_layers': 3, 'mlp_dim_00': 84, 'mlp_dim_01': 403, 'mlp_dim_02': 443, 'node_hidden_dim': 122, 'edge_hidden_dim': 49, 'depth': 4, 'rep_dropout': 0.009743402896241246, 'train_learning_rate': 0.0019085819359571281, 'train_lr_reduce': 0.6}. Best is trial 558 with value: 0.30280801653862.
[I 2024-12-20 00:50:20,204] Trial 1396 finished with value: 1.5349572896957397 and parameters: {'mlp_n_layers': 4, 'mlp_dim_00': 309, 'mlp_dim_01': 437, 'mlp_dim_02': 461, 'mlp_dim_03': 289, 'node_hidden_dim': 117, 'edge_hidden_dim': 39, 'depth': 2, 'rep_dropout': 0.03589216915022177, 'train_learning_rate': 0.005938037536374425, 'train_lr_reduce': 0.6}. Best is trial 558 with value: 0.30280801653862.
[I 2024-12-20 00:50:25,488] Trial 1392 finished with value: 0.35003700852394104 and parameters: {'mlp_n_layers': 4, 'mlp_dim_00': 174, 'mlp_dim_01': 409, 'mlp_dim_02': 440, 'mlp_dim_03': 372, 'node_hidden_dim': 98, 'edge_hidden_dim': 42, 'depth': 1, 'rep_dropout': 0.02709723998598383, 'train_learning_rate': 0.0025784753724608484, 'train_lr_reduce': 0.6}. Best is trial 558 with value: 0.30280801653862.
[I 2024-12-20 00:50:28,485] Trial 1395 finished with value: 0.3738795518875122 and parameters: {'mlp_n_layers': 4, 'mlp_dim_00': 124, 'mlp_dim_01': 356, 'mlp_dim_02': 426, 'mlp_dim_03': 371, 'node_hidden_dim': 119, 'edge_hidden_dim': 41, 'depth': 1, 'rep_dropout': 0.025845524650462214, 'train_learning_rate': 0.0022972780981926713, 'train_lr_reduce': 0.6}. Best is trial 558 with value: 0.30280801653862.
[I 2024-12-20 00:50:32,660] Trial 1399 finished with value: 1.5314973592758179 and parameters: {'mlp_n_layers': 4, 'mlp_dim_00': 143, 'mlp_dim_01': 479, 'mlp_dim_02': 434, 'mlp_dim_03': 373, 'node_hidden_dim': 84, 'edge_hidden_dim': 35, 'depth': 1, 'rep_dropout': 0.007396806067756778, 'train_learning_rate': 0.0008829773683358658, 'train_lr_reduce': 0.6}. Best is trial 558 with value: 0.30280801653862.
[I 2024-12-20 00:50:35,491] Trial 1397 finished with value: 0.42814984917640686 and parameters: {'mlp_n_layers': 4, 'mlp_dim_00': 344, 'mlp_dim_01': 403, 'mlp_dim_02': 435, 'mlp_dim_03': 327, 'node_hidden_dim': 106, 'edge_hidden_dim': 53, 'depth': 1, 'rep_dropout': 0.019867815240544748, 'train_learning_rate': 0.003184882306061676, 'train_lr_reduce': 0.6}. Best is trial 558 with value: 0.30280801653862.
[I 2024-12-20 00:50:42,127] Trial 1398 finished with value: 0.3882458806037903 and parameters: {'mlp_n_layers': 3, 'mlp_dim_00': 68, 'mlp_dim_01': 369, 'mlp_dim_02': 429, 'node_hidden_dim': 85, 'edge_hidden_dim': 55, 'depth': 1, 'rep_dropout': 0.0012477036574387017, 'train_learning_rate': 0.002962772255074921, 'train_lr_reduce': 0.6}. Best is trial 558 with value: 0.30280801653862.
[I 2024-12-20 00:50:44,483] Trial 1401 finished with value: 1.3508220911026 and parameters: {'mlp_n_layers': 4, 'mlp_dim_00': 390, 'mlp_dim_01': 418, 'mlp_dim_02': 425, 'mlp_dim_03': 311, 'node_hidden_dim': 91, 'edge_hidden_dim': 45, 'depth': 4, 'rep_dropout': 0.03181384165235999, 'train_learning_rate': 0.0009884919310528372, 'train_lr_reduce': 0.6}. Best is trial 558 with value: 0.30280801653862.
[I 2024-12-20 00:50:47,371] Trial 1402 finished with value: 1.5644817352294922 and parameters: {'mlp_n_layers': 2, 'mlp_dim_00': 108, 'mlp_dim_01': 386, 'node_hidden_dim': 41, 'edge_hidden_dim': 78, 'depth': 4, 'rep_dropout': 0.032372001213064674, 'train_learning_rate': 0.00012174437717774226, 'train_lr_reduce': 0.6}. Best is trial 558 with value: 0.30280801653862.
[I 2024-12-20 00:50:51,281] Trial 1404 finished with value: 1.5097166299819946 and parameters: {'mlp_n_layers': 4, 'mlp_dim_00': 483, 'mlp_dim_01': 459, 'mlp_dim_02': 416, 'mlp_dim_03': 344, 'node_hidden_dim': 108, 'edge_hidden_dim': 48, 'depth': 1, 'rep_dropout': 0.022431538981289266, 'train_learning_rate': 0.0010016716091759898, 'train_lr_reduce': 0.6}. Best is trial 558 with value: 0.30280801653862.
[I 2024-12-20 00:50:51,943] Trial 1400 finished with value: 0.3125936686992645 and parameters: {'mlp_n_layers': 4, 'mlp_dim_00': 199, 'mlp_dim_01': 356, 'mlp_dim_02': 488, 'mlp_dim_03': 273, 'node_hidden_dim': 104, 'edge_hidden_dim': 35, 'depth': 1, 'rep_dropout': 0.02236075782151519, 'train_learning_rate': 0.0020195009428431204, 'train_lr_reduce': 0.6}. Best is trial 558 with value: 0.30280801653862.
[I 2024-12-20 00:50:55,012] Trial 1405 finished with value: 1.4071966409683228 and parameters: {'mlp_n_layers': 4, 'mlp_dim_00': 252, 'mlp_dim_01': 350, 'mlp_dim_02': 511, 'mlp_dim_03': 260, 'node_hidden_dim': 108, 'edge_hidden_dim': 34, 'depth': 1, 'rep_dropout': 0.053940784018422214, 'train_learning_rate': 0.003156437899289161, 'train_lr_reduce': 0.6}. Best is trial 558 with value: 0.30280801653862.
[I 2024-12-20 00:50:58,412] Trial 1403 finished with value: 0.3786889612674713 and parameters: {'mlp_n_layers': 4, 'mlp_dim_00': 184, 'mlp_dim_01': 357, 'mlp_dim_02': 471, 'mlp_dim_03': 384, 'node_hidden_dim': 86, 'edge_hidden_dim': 33, 'depth': 1, 'rep_dropout': 0.00696304079755776, 'train_learning_rate': 0.002629022999188244, 'train_lr_reduce': 0.6}. Best is trial 558 with value: 0.30280801653862.
[I 2024-12-20 00:51:08,319] Trial 1406 finished with value: 0.3330284059047699 and parameters: {'mlp_n_layers': 4, 'mlp_dim_00': 211, 'mlp_dim_01': 349, 'mlp_dim_02': 480, 'mlp_dim_03': 270, 'node_hidden_dim': 97, 'edge_hidden_dim': 44, 'depth': 1, 'rep_dropout': 0.017807490131134023, 'train_learning_rate': 0.002082676987924447, 'train_lr_reduce': 0.6}. Best is trial 558 with value: 0.30280801653862.
[I 2024-12-20 00:51:12,827] Trial 1409 finished with value: 1.5356422662734985 and parameters: {'mlp_n_layers': 3, 'mlp_dim_00': 192, 'mlp_dim_01': 347, 'mlp_dim_02': 470, 'node_hidden_dim': 89, 'edge_hidden_dim': 34, 'depth': 2, 'rep_dropout': 0.0315196792650244, 'train_learning_rate': 0.001565627338988186, 'train_lr_reduce': 0.6}. Best is trial 558 with value: 0.30280801653862.
[I 2024-12-20 00:51:20,418] Trial 1407 finished with value: 0.3472803235054016 and parameters: {'mlp_n_layers': 4, 'mlp_dim_00': 148, 'mlp_dim_01': 337, 'mlp_dim_02': 491, 'mlp_dim_03': 326, 'node_hidden_dim': 114, 'edge_hidden_dim': 35, 'depth': 1, 'rep_dropout': 0.027363855664272144, 'train_learning_rate': 0.0014735795567970258, 'train_lr_reduce': 0.6}. Best is trial 558 with value: 0.30280801653862.
[I 2024-12-20 00:51:23,740] Trial 1408 finished with value: 0.3618202805519104 and parameters: {'mlp_n_layers': 4, 'mlp_dim_00': 129, 'mlp_dim_01': 344, 'mlp_dim_02': 508, 'mlp_dim_03': 511, 'node_hidden_dim': 111, 'edge_hidden_dim': 52, 'depth': 1, 'rep_dropout': 0.014021681275174225, 'train_learning_rate': 0.0013080209689315383, 'train_lr_reduce': 0.6}. Best is trial 558 with value: 0.30280801653862.
[I 2024-12-20 00:51:25,496] Trial 1411 finished with value: 1.2865091562271118 and parameters: {'mlp_n_layers': 4, 'mlp_dim_00': 246, 'mlp_dim_01': 352, 'mlp_dim_02': 501, 'mlp_dim_03': 284, 'node_hidden_dim': 111, 'edge_hidden_dim': 65, 'depth': 2, 'rep_dropout': 0.04676867823704385, 'train_learning_rate': 0.006617416430732961, 'train_lr_reduce': 0.6}. Best is trial 558 with value: 0.30280801653862.
[I 2024-12-20 00:51:26,818] Trial 1412 finished with value: 1.4526174068450928 and parameters: {'mlp_n_layers': 1, 'mlp_dim_00': 181, 'node_hidden_dim': 45, 'edge_hidden_dim': 62, 'depth': 1, 'rep_dropout': 0.028944112618927487, 'train_learning_rate': 0.0010078512170530486, 'train_lr_reduce': 0.6}. Best is trial 558 with value: 0.30280801653862.
[I 2024-12-20 00:51:26,903] Trial 1410 finished with value: 0.4282361567020416 and parameters: {'mlp_n_layers': 4, 'mlp_dim_00': 417, 'mlp_dim_01': 337, 'mlp_dim_02': 493, 'mlp_dim_03': 391, 'node_hidden_dim': 128, 'edge_hidden_dim': 33, 'depth': 1, 'rep_dropout': 0.030664146621978354, 'train_learning_rate': 0.004137042132932789, 'train_lr_reduce': 0.6}. Best is trial 558 with value: 0.30280801653862.
[I 2024-12-20 00:51:31,124] Trial 1415 finished with value: 1.5812101364135742 and parameters: {'mlp_n_layers': 3, 'mlp_dim_00': 500, 'mlp_dim_01': 345, 'mlp_dim_02': 480, 'node_hidden_dim': 41, 'edge_hidden_dim': 49, 'depth': 2, 'rep_dropout': 0.02430673405398842, 'train_learning_rate': 0.00013139454674859354, 'train_lr_reduce': 0.6}. Best is trial 558 with value: 0.30280801653862.
[I 2024-12-20 00:51:43,416] Trial 1413 finished with value: 0.36219099164009094 and parameters: {'mlp_n_layers': 3, 'mlp_dim_00': 247, 'mlp_dim_01': 353, 'mlp_dim_02': 474, 'node_hidden_dim': 104, 'edge_hidden_dim': 127, 'depth': 1, 'rep_dropout': 0.06315364563894424, 'train_learning_rate': 0.002058712070212458, 'train_lr_reduce': 0.6}. Best is trial 558 with value: 0.30280801653862.
[I 2024-12-20 00:51:47,298] Trial 1417 finished with value: 1.4676889181137085 and parameters: {'mlp_n_layers': 3, 'mlp_dim_00': 149, 'mlp_dim_01': 389, 'mlp_dim_02': 512, 'node_hidden_dim': 94, 'edge_hidden_dim': 40, 'depth': 1, 'rep_dropout': 0.05341959110065549, 'train_learning_rate': 0.0011280177197360375, 'train_lr_reduce': 0.6}. Best is trial 558 with value: 0.30280801653862.
[I 2024-12-20 00:51:51,356] Trial 1418 finished with value: 1.4987025260925293 and parameters: {'mlp_n_layers': 4, 'mlp_dim_00': 231, 'mlp_dim_01': 339, 'mlp_dim_02': 469, 'mlp_dim_03': 467, 'node_hidden_dim': 115, 'edge_hidden_dim': 37, 'depth': 2, 'rep_dropout': 0.02748911772798061, 'train_learning_rate': 0.001537050665758597, 'train_lr_reduce': 0.6}. Best is trial 558 with value: 0.30280801653862.
[I 2024-12-20 00:51:52,993] Trial 1414 finished with value: 0.4542808532714844 and parameters: {'mlp_n_layers': 4, 'mlp_dim_00': 168, 'mlp_dim_01': 352, 'mlp_dim_02': 510, 'mlp_dim_03': 353, 'node_hidden_dim': 114, 'edge_hidden_dim': 36, 'depth': 1, 'rep_dropout': 0.011120942684324772, 'train_learning_rate': 0.004321394222938913, 'train_lr_reduce': 0.6}. Best is trial 558 with value: 0.30280801653862.
[I 2024-12-20 00:51:53,366] Trial 1416 finished with value: 0.34225839376449585 and parameters: {'mlp_n_layers': 4, 'mlp_dim_00': 110, 'mlp_dim_01': 373, 'mlp_dim_02': 463, 'mlp_dim_03': 299, 'node_hidden_dim': 99, 'edge_hidden_dim': 36, 'depth': 1, 'rep_dropout': 0.01718293964501396, 'train_learning_rate': 0.0011490890280437937, 'train_lr_reduce': 0.6}. Best is trial 558 with value: 0.30280801653862.
[I 2024-12-20 00:51:57,776] Trial 1420 finished with value: 1.2822506427764893 and parameters: {'mlp_n_layers': 2, 'mlp_dim_00': 440, 'mlp_dim_01': 379, 'node_hidden_dim': 61, 'edge_hidden_dim': 42, 'depth': 3, 'rep_dropout': 0.029228830218449138, 'train_learning_rate': 0.009957240933194387, 'train_lr_reduce': 0.6}. Best is trial 558 with value: 0.30280801653862.
[I 2024-12-20 00:51:59,758] Trial 1419 finished with value: 1.370619535446167 and parameters: {'mlp_n_layers': 2, 'mlp_dim_00': 70, 'mlp_dim_01': 123, 'node_hidden_dim': 116, 'edge_hidden_dim': 109, 'depth': 4, 'rep_dropout': 0.14919424222384714, 'train_learning_rate': 0.0005972189642174285, 'train_lr_reduce': 0.6}. Best is trial 558 with value: 0.30280801653862.
[I 2024-12-20 00:52:04,148] Trial 1423 finished with value: 1.5593090057373047 and parameters: {'mlp_n_layers': 4, 'mlp_dim_00': 130, 'mlp_dim_01': 381, 'mlp_dim_02': 449, 'mlp_dim_03': 310, 'node_hidden_dim': 128, 'edge_hidden_dim': 34, 'depth': 2, 'rep_dropout': 0.004779335842324713, 'train_learning_rate': 0.0019188503327555648, 'train_lr_reduce': 0.6}. Best is trial 558 with value: 0.30280801653862.
[I 2024-12-20 00:52:08,052] Trial 1424 finished with value: 1.285015344619751 and parameters: {'mlp_n_layers': 4, 'mlp_dim_00': 123, 'mlp_dim_01': 386, 'mlp_dim_02': 430, 'mlp_dim_03': 364, 'node_hidden_dim': 107, 'edge_hidden_dim': 38, 'depth': 2, 'rep_dropout': 0.028120143740411552, 'train_learning_rate': 0.004843981328187117, 'train_lr_reduce': 0.6}. Best is trial 558 with value: 0.30280801653862.
[I 2024-12-20 00:52:08,642] Trial 1421 finished with value: 0.3154047429561615 and parameters: {'mlp_n_layers': 4, 'mlp_dim_00': 198, 'mlp_dim_01': 338, 'mlp_dim_02': 449, 'mlp_dim_03': 255, 'node_hidden_dim': 114, 'edge_hidden_dim': 32, 'depth': 1, 'rep_dropout': 0.019750458575313504, 'train_learning_rate': 0.0011066317765688284, 'train_lr_reduce': 0.6}. Best is trial 558 with value: 0.30280801653862.
[I 2024-12-20 00:52:10,628] Trial 1422 finished with value: 0.4771250784397125 and parameters: {'mlp_n_layers': 4, 'mlp_dim_00': 140, 'mlp_dim_01': 135, 'mlp_dim_02': 472, 'mlp_dim_03': 390, 'node_hidden_dim': 84, 'edge_hidden_dim': 32, 'depth': 1, 'rep_dropout': 0.05990747535559758, 'train_learning_rate': 0.004637340088742369, 'train_lr_reduce': 0.6}. Best is trial 558 with value: 0.30280801653862.
[I 2024-12-20 00:52:12,156] Trial 1425 finished with value: 1.4603487253189087 and parameters: {'mlp_n_layers': 4, 'mlp_dim_00': 68, 'mlp_dim_01': 331, 'mlp_dim_02': 464, 'mlp_dim_03': 240, 'node_hidden_dim': 94, 'edge_hidden_dim': 33, 'depth': 1, 'rep_dropout': 0.010788374622691548, 'train_learning_rate': 0.0020457739567327766, 'train_lr_reduce': 0.6}. Best is trial 558 with value: 0.30280801653862.
[I 2024-12-20 00:52:22,337] Trial 1426 finished with value: 0.38162073493003845 and parameters: {'mlp_n_layers': 4, 'mlp_dim_00': 151, 'mlp_dim_01': 321, 'mlp_dim_02': 474, 'mlp_dim_03': 235, 'node_hidden_dim': 111, 'edge_hidden_dim': 38, 'depth': 1, 'rep_dropout': 0.0012774729449725915, 'train_learning_rate': 0.001418331077299822, 'train_lr_reduce': 0.6}. Best is trial 558 with value: 0.30280801653862.
[I 2024-12-20 00:52:26,717] Trial 1429 finished with value: 1.3701024055480957 and parameters: {'mlp_n_layers': 4, 'mlp_dim_00': 136, 'mlp_dim_01': 333, 'mlp_dim_02': 509, 'mlp_dim_03': 243, 'node_hidden_dim': 119, 'edge_hidden_dim': 33, 'depth': 1, 'rep_dropout': 0.025059100217965424, 'train_learning_rate': 0.0034759664629232263, 'train_lr_reduce': 0.6}. Best is trial 558 with value: 0.30280801653862.
[I 2024-12-20 00:52:28,457] Trial 1427 finished with value: 0.3757063150405884 and parameters: {'mlp_n_layers': 4, 'mlp_dim_00': 168, 'mlp_dim_01': 329, 'mlp_dim_02': 458, 'mlp_dim_03': 250, 'node_hidden_dim': 105, 'edge_hidden_dim': 37, 'depth': 1, 'rep_dropout': 0.04237808594575797, 'train_learning_rate': 0.0015514984376373277, 'train_lr_reduce': 0.6}. Best is trial 558 with value: 0.30280801653862.
[I 2024-12-20 00:52:32,340] Trial 1431 finished with value: 1.5643415451049805 and parameters: {'mlp_n_layers': 3, 'mlp_dim_00': 151, 'mlp_dim_01': 345, 'mlp_dim_02': 434, 'node_hidden_dim': 110, 'edge_hidden_dim': 32, 'depth': 1, 'rep_dropout': 0.04214640875434743, 'train_learning_rate': 0.0005738094692586415, 'train_lr_reduce': 0.6}. Best is trial 558 with value: 0.30280801653862.
[I 2024-12-20 00:52:33,815] Trial 1428 finished with value: 0.3380960524082184 and parameters: {'mlp_n_layers': 4, 'mlp_dim_00': 174, 'mlp_dim_01': 329, 'mlp_dim_02': 467, 'mlp_dim_03': 249, 'node_hidden_dim': 103, 'edge_hidden_dim': 35, 'depth': 1, 'rep_dropout': 0.044686752222272044, 'train_learning_rate': 0.002319292762226947, 'train_lr_reduce': 0.6}. Best is trial 558 with value: 0.30280801653862.
[I 2024-12-20 00:52:35,986] Trial 1430 finished with value: 0.42170193791389465 and parameters: {'mlp_n_layers': 4, 'mlp_dim_00': 209, 'mlp_dim_01': 492, 'mlp_dim_02': 445, 'mlp_dim_03': 276, 'node_hidden_dim': 97, 'edge_hidden_dim': 38, 'depth': 1, 'rep_dropout': 0.005867728151536831, 'train_learning_rate': 0.0037133109189689175, 'train_lr_reduce': 0.6}. Best is trial 558 with value: 0.30280801653862.
[I 2024-12-20 00:52:36,049] Trial 1432 finished with value: 1.2947406768798828 and parameters: {'mlp_n_layers': 4, 'mlp_dim_00': 157, 'mlp_dim_01': 333, 'mlp_dim_02': 450, 'mlp_dim_03': 240, 'node_hidden_dim': 104, 'edge_hidden_dim': 53, 'depth': 1, 'rep_dropout': 0.04030474607642316, 'train_learning_rate': 0.005570489092681486, 'train_lr_reduce': 0.6}. Best is trial 558 with value: 0.30280801653862.
[I 2024-12-20 00:52:39,768] Trial 1434 finished with value: 1.4140468835830688 and parameters: {'mlp_n_layers': 1, 'mlp_dim_00': 355, 'node_hidden_dim': 127, 'edge_hidden_dim': 102, 'depth': 1, 'rep_dropout': 0.06328387610280216, 'train_learning_rate': 0.0010192717237652654, 'train_lr_reduce': 0.6}. Best is trial 558 with value: 0.30280801653862.
[I 2024-12-20 00:52:41,526] Trial 1433 finished with value: 1.341797113418579 and parameters: {'mlp_n_layers': 3, 'mlp_dim_00': 82, 'mlp_dim_01': 168, 'mlp_dim_02': 431, 'node_hidden_dim': 88, 'edge_hidden_dim': 32, 'depth': 4, 'rep_dropout': 0.12740428265249312, 'train_learning_rate': 0.003459798001785024, 'train_lr_reduce': 0.6}. Best is trial 558 with value: 0.30280801653862.
[I 2024-12-20 00:52:44,518] Trial 1436 finished with value: 1.5812969207763672 and parameters: {'mlp_n_layers': 4, 'mlp_dim_00': 173, 'mlp_dim_01': 512, 'mlp_dim_02': 424, 'mlp_dim_03': 229, 'node_hidden_dim': 109, 'edge_hidden_dim': 37, 'depth': 1, 'rep_dropout': 0.048980035287207874, 'train_learning_rate': 0.0005084154777412423, 'train_lr_reduce': 0.6}. Best is trial 558 with value: 0.30280801653862.
[I 2024-12-20 00:52:49,131] Trial 1438 finished with value: 1.5099650621414185 and parameters: {'mlp_n_layers': 1, 'mlp_dim_00': 303, 'node_hidden_dim': 67, 'edge_hidden_dim': 124, 'depth': 4, 'rep_dropout': 0.03401649996973367, 'train_learning_rate': 0.0003135556691094148, 'train_lr_reduce': 0.6}. Best is trial 558 with value: 0.30280801653862.
[I 2024-12-20 00:52:56,691] Trial 1437 finished with value: 0.43244850635528564 and parameters: {'mlp_n_layers': 4, 'mlp_dim_00': 293, 'mlp_dim_01': 363, 'mlp_dim_02': 437, 'mlp_dim_03': 275, 'node_hidden_dim': 95, 'edge_hidden_dim': 32, 'depth': 1, 'rep_dropout': 0.03129284473837151, 'train_learning_rate': 0.002229407345284344, 'train_lr_reduce': 0.6}. Best is trial 558 with value: 0.30280801653862.
[I 2024-12-20 00:53:04,550] Trial 1439 finished with value: 0.41991689801216125 and parameters: {'mlp_n_layers': 4, 'mlp_dim_00': 92, 'mlp_dim_01': 317, 'mlp_dim_02': 486, 'mlp_dim_03': 292, 'node_hidden_dim': 112, 'edge_hidden_dim': 43, 'depth': 1, 'rep_dropout': 0.02003552606656663, 'train_learning_rate': 0.0025739313114172004, 'train_lr_reduce': 0.6}. Best is trial 558 with value: 0.30280801653862.
