[I 2024-12-19 21:44:41,887] Trial 2088 finished with value: 0.14608794450759888 and parameters: {'mlp_n_layers': 3, 'mlp_dim_00': 318, 'mlp_dim_01': 512, 'mlp_dim_02': 360, 'node_hidden_dim': 106, 'edge_hidden_dim': 54, 'depth': 1, 'rep_dropout': 0.07731440543322816, 'train_learning_rate': 0.0005179429182162208, 'train_lr_reduce': 0.6}. Best is trial 122 with value: 0.09548358619213104.
[I 2024-12-19 21:44:53,700] Trial 2092 finished with value: 0.24085396528244019 and parameters: {'mlp_n_layers': 4, 'mlp_dim_00': 267, 'mlp_dim_01': 289, 'mlp_dim_02': 341, 'mlp_dim_03': 336, 'node_hidden_dim': 71, 'edge_hidden_dim': 46, 'depth': 1, 'rep_dropout': 0.055499486337025374, 'train_learning_rate': 0.0006401866902339225, 'train_lr_reduce': 0.6}. Best is trial 122 with value: 0.09548358619213104.
[I 2024-12-19 21:45:07,924] Trial 2094 finished with value: 1.2598042488098145 and parameters: {'mlp_n_layers': 4, 'mlp_dim_00': 256, 'mlp_dim_01': 446, 'mlp_dim_02': 323, 'mlp_dim_03': 275, 'node_hidden_dim': 95, 'edge_hidden_dim': 57, 'depth': 2, 'rep_dropout': 0.06026336101858465, 'train_learning_rate': 0.0004693001514496504, 'train_lr_reduce': 0.6}. Best is trial 122 with value: 0.09548358619213104.
[I 2024-12-19 21:45:10,087] Trial 2095 finished with value: 1.263059139251709 and parameters: {'mlp_n_layers': 4, 'mlp_dim_00': 432, 'mlp_dim_01': 381, 'mlp_dim_02': 387, 'mlp_dim_03': 349, 'node_hidden_dim': 84, 'edge_hidden_dim': 88, 'depth': 2, 'rep_dropout': 0.10135657070481847, 'train_learning_rate': 0.0004464166773244015, 'train_lr_reduce': 0.6}. Best is trial 122 with value: 0.09548358619213104.
[I 2024-12-19 21:45:12,719] Trial 2096 finished with value: 1.5923733711242676 and parameters: {'mlp_n_layers': 3, 'mlp_dim_00': 216, 'mlp_dim_01': 346, 'mlp_dim_02': 294, 'node_hidden_dim': 77, 'edge_hidden_dim': 73, 'depth': 1, 'rep_dropout': 0.0661512754618437, 'train_learning_rate': 0.0015602629926079396, 'train_lr_reduce': 0.6}. Best is trial 122 with value: 0.09548358619213104.
[I 2024-12-19 21:45:15,603] Trial 2097 finished with value: 1.6769760847091675 and parameters: {'mlp_n_layers': 4, 'mlp_dim_00': 311, 'mlp_dim_01': 267, 'mlp_dim_02': 352, 'mlp_dim_03': 342, 'node_hidden_dim': 102, 'edge_hidden_dim': 57, 'depth': 2, 'rep_dropout': 0.11228473517623005, 'train_learning_rate': 0.0006086169205862296, 'train_lr_reduce': 0.6}. Best is trial 122 with value: 0.09548358619213104.
[I 2024-12-19 21:45:22,490] Trial 2093 finished with value: 0.13300493359565735 and parameters: {'mlp_n_layers': 3, 'mlp_dim_00': 254, 'mlp_dim_01': 512, 'mlp_dim_02': 383, 'node_hidden_dim': 107, 'edge_hidden_dim': 48, 'depth': 1, 'rep_dropout': 0.09940787085744403, 'train_learning_rate': 0.0008662352871186974, 'train_lr_reduce': 0.6}. Best is trial 122 with value: 0.09548358619213104.
[I 2024-12-19 21:45:59,757] Trial 2100 finished with value: 0.12234703451395035 and parameters: {'mlp_n_layers': 4, 'mlp_dim_00': 298, 'mlp_dim_01': 318, 'mlp_dim_02': 331, 'mlp_dim_03': 226, 'node_hidden_dim': 83, 'edge_hidden_dim': 52, 'depth': 1, 'rep_dropout': 0.0887531408185129, 'train_learning_rate': 0.0006607190226199083, 'train_lr_reduce': 0.6}. Best is trial 122 with value: 0.09548358619213104.
[I 2024-12-19 21:46:00,125] Trial 2098 finished with value: 0.12718799710273743 and parameters: {'mlp_n_layers': 3, 'mlp_dim_00': 279, 'mlp_dim_01': 418, 'mlp_dim_02': 384, 'node_hidden_dim': 93, 'edge_hidden_dim': 62, 'depth': 1, 'rep_dropout': 0.07250791649950597, 'train_learning_rate': 0.0006999331076353455, 'train_lr_reduce': 0.6}. Best is trial 122 with value: 0.09548358619213104.
[I 2024-12-19 21:46:01,790] Trial 2099 finished with value: 0.16102156043052673 and parameters: {'mlp_n_layers': 4, 'mlp_dim_00': 328, 'mlp_dim_01': 457, 'mlp_dim_02': 415, 'mlp_dim_03': 299, 'node_hidden_dim': 87, 'edge_hidden_dim': 85, 'depth': 2, 'rep_dropout': 0.08113683902522448, 'train_learning_rate': 0.0007604645350632908, 'train_lr_reduce': 0.6}. Best is trial 122 with value: 0.09548358619213104.
[I 2024-12-19 21:46:05,070] Trial 2102 finished with value: 1.6770384311676025 and parameters: {'mlp_n_layers': 3, 'mlp_dim_00': 295, 'mlp_dim_01': 361, 'mlp_dim_02': 354, 'node_hidden_dim': 45, 'edge_hidden_dim': 55, 'depth': 1, 'rep_dropout': 0.12504072176773204, 'train_learning_rate': 0.00024922177688727564, 'train_lr_reduce': 0.6}. Best is trial 122 with value: 0.09548358619213104.
[I 2024-12-19 21:46:12,405] Trial 2104 finished with value: 1.6874639987945557 and parameters: {'mlp_n_layers': 3, 'mlp_dim_00': 253, 'mlp_dim_01': 409, 'mlp_dim_02': 296, 'node_hidden_dim': 117, 'edge_hidden_dim': 113, 'depth': 4, 'rep_dropout': 0.13386484108664326, 'train_learning_rate': 0.00014035715451505702, 'train_lr_reduce': 0.6}. Best is trial 122 with value: 0.09548358619213104.
[I 2024-12-19 21:46:27,641] Trial 2101 finished with value: 0.23178653419017792 and parameters: {'mlp_n_layers': 1, 'mlp_dim_00': 369, 'node_hidden_dim': 123, 'edge_hidden_dim': 80, 'depth': 1, 'rep_dropout': 0.07617627855904437, 'train_learning_rate': 0.0034195045825888976, 'train_lr_reduce': 0.6}. Best is trial 122 with value: 0.09548358619213104.
[I 2024-12-19 21:46:51,604] Trial 2103 finished with value: 0.22391243278980255 and parameters: {'mlp_n_layers': 4, 'mlp_dim_00': 306, 'mlp_dim_01': 473, 'mlp_dim_02': 442, 'mlp_dim_03': 360, 'node_hidden_dim': 86, 'edge_hidden_dim': 50, 'depth': 1, 'rep_dropout': 0.06565029407548503, 'train_learning_rate': 0.00025197723899681086, 'train_lr_reduce': 0.6}. Best is trial 122 with value: 0.09548358619213104.
[I 2024-12-19 21:46:57,205] Trial 2105 finished with value: 0.1250750571489334 and parameters: {'mlp_n_layers': 4, 'mlp_dim_00': 258, 'mlp_dim_01': 300, 'mlp_dim_02': 414, 'mlp_dim_03': 371, 'node_hidden_dim': 75, 'edge_hidden_dim': 58, 'depth': 1, 'rep_dropout': 0.07631941016658633, 'train_learning_rate': 0.0010005510269911807, 'train_lr_reduce': 0.6}. Best is trial 122 with value: 0.09548358619213104.
[I 2024-12-19 21:46:57,210] Trial 2107 finished with value: 1.6058201789855957 and parameters: {'mlp_n_layers': 3, 'mlp_dim_00': 418, 'mlp_dim_01': 376, 'mlp_dim_02': 477, 'node_hidden_dim': 88, 'edge_hidden_dim': 52, 'depth': 2, 'rep_dropout': 0.07980153394800311, 'train_learning_rate': 0.001848067324273673, 'train_lr_reduce': 0.6}. Best is trial 122 with value: 0.09548358619213104.
[I 2024-12-19 21:47:02,730] Trial 2109 finished with value: 1.682436466217041 and parameters: {'mlp_n_layers': 4, 'mlp_dim_00': 327, 'mlp_dim_01': 250, 'mlp_dim_02': 336, 'mlp_dim_03': 293, 'node_hidden_dim': 90, 'edge_hidden_dim': 53, 'depth': 1, 'rep_dropout': 0.09672714499607368, 'train_learning_rate': 0.00036008468366343033, 'train_lr_reduce': 0.6}. Best is trial 122 with value: 0.09548358619213104.
[I 2024-12-19 21:47:06,685] Trial 2106 finished with value: 0.11687099933624268 and parameters: {'mlp_n_layers': 3, 'mlp_dim_00': 225, 'mlp_dim_01': 476, 'mlp_dim_02': 379, 'node_hidden_dim': 85, 'edge_hidden_dim': 63, 'depth': 1, 'rep_dropout': 0.12710190263602175, 'train_learning_rate': 0.0010103944223365457, 'train_lr_reduce': 0.6}. Best is trial 122 with value: 0.09548358619213104.
[I 2024-12-19 21:47:14,481] Trial 2111 finished with value: 1.6883846521377563 and parameters: {'mlp_n_layers': 3, 'mlp_dim_00': 284, 'mlp_dim_01': 70, 'mlp_dim_02': 398, 'node_hidden_dim': 35, 'edge_hidden_dim': 68, 'depth': 2, 'rep_dropout': 0.08108043413922905, 'train_learning_rate': 0.00015636997409283198, 'train_lr_reduce': 0.6}. Best is trial 122 with value: 0.09548358619213104.
[I 2024-12-19 21:47:20,244] Trial 2112 finished with value: 1.6829428672790527 and parameters: {'mlp_n_layers': 4, 'mlp_dim_00': 387, 'mlp_dim_01': 326, 'mlp_dim_02': 484, 'mlp_dim_03': 370, 'node_hidden_dim': 73, 'edge_hidden_dim': 76, 'depth': 1, 'rep_dropout': 0.10700506064253577, 'train_learning_rate': 0.00027164417683480085, 'train_lr_reduce': 0.6}. Best is trial 122 with value: 0.09548358619213104.
[I 2024-12-19 21:47:25,971] Trial 2110 finished with value: 0.2012721300125122 and parameters: {'mlp_n_layers': 4, 'mlp_dim_00': 341, 'mlp_dim_01': 456, 'mlp_dim_02': 444, 'mlp_dim_03': 345, 'node_hidden_dim': 103, 'edge_hidden_dim': 35, 'depth': 1, 'rep_dropout': 0.08612785003073208, 'train_learning_rate': 0.000973086480174863, 'train_lr_reduce': 0.6}. Best is trial 122 with value: 0.09548358619213104.
[I 2024-12-19 21:47:26,158] Trial 2113 finished with value: 1.673590064048767 and parameters: {'mlp_n_layers': 4, 'mlp_dim_00': 81, 'mlp_dim_01': 419, 'mlp_dim_02': 379, 'mlp_dim_03': 387, 'node_hidden_dim': 65, 'edge_hidden_dim': 67, 'depth': 1, 'rep_dropout': 0.10615307284351783, 'train_learning_rate': 0.00023057830752252147, 'train_lr_reduce': 0.6}. Best is trial 122 with value: 0.09548358619213104.
[I 2024-12-19 21:47:32,412] Trial 2114 finished with value: 1.6725122928619385 and parameters: {'mlp_n_layers': 4, 'mlp_dim_00': 398, 'mlp_dim_01': 298, 'mlp_dim_02': 311, 'mlp_dim_03': 325, 'node_hidden_dim': 94, 'edge_hidden_dim': 96, 'depth': 1, 'rep_dropout': 0.1238941192021282, 'train_learning_rate': 0.00028147618581348847, 'train_lr_reduce': 0.6}. Best is trial 122 with value: 0.09548358619213104.
[I 2024-12-19 21:47:38,279] Trial 2108 finished with value: 0.12281794846057892 and parameters: {'mlp_n_layers': 4, 'mlp_dim_00': 199, 'mlp_dim_01': 252, 'mlp_dim_02': 336, 'mlp_dim_03': 294, 'node_hidden_dim': 92, 'edge_hidden_dim': 85, 'depth': 1, 'rep_dropout': 0.13034146225507315, 'train_learning_rate': 0.000900872003220813, 'train_lr_reduce': 0.6}. Best is trial 122 with value: 0.09548358619213104.
[I 2024-12-19 21:47:48,324] Trial 2116 finished with value: 1.2862250804901123 and parameters: {'mlp_n_layers': 4, 'mlp_dim_00': 202, 'mlp_dim_01': 383, 'mlp_dim_02': 510, 'mlp_dim_03': 378, 'node_hidden_dim': 101, 'edge_hidden_dim': 52, 'depth': 2, 'rep_dropout': 0.09020429251464027, 'train_learning_rate': 0.0007016631563266558, 'train_lr_reduce': 0.6}. Best is trial 122 with value: 0.09548358619213104.
[I 2024-12-19 21:48:14,767] Trial 2117 finished with value: 0.18168047070503235 and parameters: {'mlp_n_layers': 4, 'mlp_dim_00': 235, 'mlp_dim_01': 346, 'mlp_dim_02': 511, 'mlp_dim_03': 388, 'node_hidden_dim': 104, 'edge_hidden_dim': 64, 'depth': 1, 'rep_dropout': 0.07008774437286763, 'train_learning_rate': 0.0005219372255325067, 'train_lr_reduce': 0.6}. Best is trial 122 with value: 0.09548358619213104.
[I 2024-12-19 21:48:17,860] Trial 2115 finished with value: 0.6717602610588074 and parameters: {'mlp_n_layers': 3, 'mlp_dim_00': 415, 'mlp_dim_01': 480, 'mlp_dim_02': 426, 'node_hidden_dim': 49, 'edge_hidden_dim': 82, 'depth': 2, 'rep_dropout': 0.10622235638392824, 'train_learning_rate': 0.0006983470276441687, 'train_lr_reduce': 0.6}. Best is trial 122 with value: 0.09548358619213104.
[I 2024-12-19 21:48:24,906] Trial 2120 finished with value: 1.6886897087097168 and parameters: {'mlp_n_layers': 4, 'mlp_dim_00': 472, 'mlp_dim_01': 480, 'mlp_dim_02': 450, 'mlp_dim_03': 345, 'node_hidden_dim': 60, 'edge_hidden_dim': 51, 'depth': 2, 'rep_dropout': 0.08901957807240066, 'train_learning_rate': 0.0001450306504751507, 'train_lr_reduce': 0.6}. Best is trial 122 with value: 0.09548358619213104.
[I 2024-12-19 21:48:30,671] Trial 2121 finished with value: 1.6848499774932861 and parameters: {'mlp_n_layers': 4, 'mlp_dim_00': 332, 'mlp_dim_01': 286, 'mlp_dim_02': 411, 'mlp_dim_03': 397, 'node_hidden_dim': 92, 'edge_hidden_dim': 47, 'depth': 1, 'rep_dropout': 0.11903141948146188, 'train_learning_rate': 0.0002960548280975114, 'train_lr_reduce': 0.6}. Best is trial 122 with value: 0.09548358619213104.
[I 2024-12-19 21:48:37,459] Trial 2122 finished with value: 1.6777102947235107 and parameters: {'mlp_n_layers': 4, 'mlp_dim_00': 504, 'mlp_dim_01': 341, 'mlp_dim_02': 358, 'mlp_dim_03': 324, 'node_hidden_dim': 69, 'edge_hidden_dim': 71, 'depth': 1, 'rep_dropout': 0.1427792239549342, 'train_learning_rate': 0.0001721389420543898, 'train_lr_reduce': 0.6}. Best is trial 122 with value: 0.09548358619213104.
[I 2024-12-19 21:48:38,240] Trial 2118 finished with value: 0.12078868597745895 and parameters: {'mlp_n_layers': 3, 'mlp_dim_00': 301, 'mlp_dim_01': 439, 'mlp_dim_02': 284, 'node_hidden_dim': 83, 'edge_hidden_dim': 61, 'depth': 1, 'rep_dropout': 0.112192281340241, 'train_learning_rate': 0.00025500014559576636, 'train_lr_reduce': 0.6}. Best is trial 122 with value: 0.09548358619213104.
[I 2024-12-19 21:48:45,196] Trial 2124 finished with value: 1.5588589906692505 and parameters: {'mlp_n_layers': 2, 'mlp_dim_00': 217, 'mlp_dim_01': 483, 'node_hidden_dim': 95, 'edge_hidden_dim': 65, 'depth': 4, 'rep_dropout': 0.016207839622165834, 'train_learning_rate': 0.00958045338663411, 'train_lr_reduce': 0.6}. Best is trial 122 with value: 0.09548358619213104.
[I 2024-12-19 21:48:51,312] Trial 2125 finished with value: 1.6702585220336914 and parameters: {'mlp_n_layers': 2, 'mlp_dim_00': 477, 'mlp_dim_01': 318, 'node_hidden_dim': 85, 'edge_hidden_dim': 56, 'depth': 2, 'rep_dropout': 0.07564724121611029, 'train_learning_rate': 0.0003252635086792701, 'train_lr_reduce': 0.6}. Best is trial 122 with value: 0.09548358619213104.
[I 2024-12-19 21:48:56,669] Trial 2126 finished with value: 1.6759111881256104 and parameters: {'mlp_n_layers': 4, 'mlp_dim_00': 257, 'mlp_dim_01': 368, 'mlp_dim_02': 382, 'mlp_dim_03': 357, 'node_hidden_dim': 95, 'edge_hidden_dim': 48, 'depth': 1, 'rep_dropout': 0.09640847772100039, 'train_learning_rate': 0.0004314544889004121, 'train_lr_reduce': 0.6}. Best is trial 122 with value: 0.09548358619213104.
[I 2024-12-19 21:48:57,458] Trial 2119 finished with value: 0.10856257379055023 and parameters: {'mlp_n_layers': 4, 'mlp_dim_00': 317, 'mlp_dim_01': 404, 'mlp_dim_02': 355, 'mlp_dim_03': 250, 'node_hidden_dim': 87, 'edge_hidden_dim': 55, 'depth': 1, 'rep_dropout': 0.12217621166928325, 'train_learning_rate': 0.0008888305145906125, 'train_lr_reduce': 0.6}. Best is trial 122 with value: 0.09548358619213104.
[I 2024-12-19 21:49:15,717] Trial 2123 finished with value: 0.1395907998085022 and parameters: {'mlp_n_layers': 4, 'mlp_dim_00': 422, 'mlp_dim_01': 450, 'mlp_dim_02': 311, 'mlp_dim_03': 403, 'node_hidden_dim': 58, 'edge_hidden_dim': 47, 'depth': 1, 'rep_dropout': 0.09689380565181059, 'train_learning_rate': 0.002498938687685894, 'train_lr_reduce': 0.6}. Best is trial 122 with value: 0.09548358619213104.
[I 2024-12-19 21:49:20,186] Trial 2128 finished with value: 0.22007641196250916 and parameters: {'mlp_n_layers': 4, 'mlp_dim_00': 375, 'mlp_dim_01': 199, 'mlp_dim_02': 473, 'mlp_dim_03': 409, 'node_hidden_dim': 94, 'edge_hidden_dim': 62, 'depth': 1, 'rep_dropout': 0.06697366547264445, 'train_learning_rate': 0.0011652382060027462, 'train_lr_reduce': 0.6}. Best is trial 122 with value: 0.09548358619213104.
[I 2024-12-19 21:49:20,286] Trial 2129 finished with value: 1.6144211292266846 and parameters: {'mlp_n_layers': 3, 'mlp_dim_00': 314, 'mlp_dim_01': 511, 'mlp_dim_02': 340, 'node_hidden_dim': 66, 'edge_hidden_dim': 83, 'depth': 1, 'rep_dropout': 0.0591454593717661, 'train_learning_rate': 0.001334825726596266, 'train_lr_reduce': 0.6}. Best is trial 122 with value: 0.09548358619213104.
[I 2024-12-19 21:49:25,078] Trial 2131 finished with value: 1.643396258354187 and parameters: {'mlp_n_layers': 3, 'mlp_dim_00': 388, 'mlp_dim_01': 272, 'mlp_dim_02': 393, 'node_hidden_dim': 52, 'edge_hidden_dim': 79, 'depth': 1, 'rep_dropout': 0.14133127605230905, 'train_learning_rate': 0.0008866072691522628, 'train_lr_reduce': 0.6}. Best is trial 122 with value: 0.09548358619213104.
[I 2024-12-19 21:49:30,948] Trial 2132 finished with value: 1.6797751188278198 and parameters: {'mlp_n_layers': 3, 'mlp_dim_00': 377, 'mlp_dim_01': 391, 'mlp_dim_02': 295, 'node_hidden_dim': 48, 'edge_hidden_dim': 53, 'depth': 2, 'rep_dropout': 0.12098539763802772, 'train_learning_rate': 0.00031934259622752646, 'train_lr_reduce': 0.6}. Best is trial 122 with value: 0.09548358619213104.
[I 2024-12-19 21:49:37,527] Trial 2133 finished with value: 1.6701598167419434 and parameters: {'mlp_n_layers': 3, 'mlp_dim_00': 320, 'mlp_dim_01': 448, 'mlp_dim_02': 446, 'node_hidden_dim': 36, 'edge_hidden_dim': 85, 'depth': 1, 'rep_dropout': 0.11336772041511811, 'train_learning_rate': 0.0001776868807254338, 'train_lr_reduce': 0.6}. Best is trial 122 with value: 0.09548358619213104.
[I 2024-12-19 21:49:42,833] Trial 2127 finished with value: 0.1489686667919159 and parameters: {'mlp_n_layers': 4, 'mlp_dim_00': 297, 'mlp_dim_01': 419, 'mlp_dim_02': 436, 'mlp_dim_03': 390, 'node_hidden_dim': 75, 'edge_hidden_dim': 34, 'depth': 1, 'rep_dropout': 0.09754434570296683, 'train_learning_rate': 0.0004934274461575189, 'train_lr_reduce': 0.6}. Best is trial 122 with value: 0.09548358619213104.
[I 2024-12-19 21:49:43,728] Trial 2134 finished with value: 1.6690475940704346 and parameters: {'mlp_n_layers': 4, 'mlp_dim_00': 369, 'mlp_dim_01': 315, 'mlp_dim_02': 362, 'mlp_dim_03': 342, 'node_hidden_dim': 43, 'edge_hidden_dim': 80, 'depth': 3, 'rep_dropout': 0.00018004375390179295, 'train_learning_rate': 0.0001017673638826535, 'train_lr_reduce': 0.6}. Best is trial 122 with value: 0.09548358619213104.
[I 2024-12-19 21:49:48,802] Trial 2136 finished with value: 1.6028553247451782 and parameters: {'mlp_n_layers': 3, 'mlp_dim_00': 326, 'mlp_dim_01': 451, 'mlp_dim_02': 415, 'node_hidden_dim': 74, 'edge_hidden_dim': 33, 'depth': 1, 'rep_dropout': 0.0984851075152083, 'train_learning_rate': 0.0017519235754526017, 'train_lr_reduce': 0.6}. Best is trial 122 with value: 0.09548358619213104.
[I 2024-12-19 21:49:54,305] Trial 2137 finished with value: 1.6737152338027954 and parameters: {'mlp_n_layers': 4, 'mlp_dim_00': 413, 'mlp_dim_01': 421, 'mlp_dim_02': 479, 'mlp_dim_03': 372, 'node_hidden_dim': 67, 'edge_hidden_dim': 41, 'depth': 1, 'rep_dropout': 0.06795390613615343, 'train_learning_rate': 0.0001678660677733462, 'train_lr_reduce': 0.6}. Best is trial 122 with value: 0.09548358619213104.
[I 2024-12-19 21:50:04,273] Trial 2130 finished with value: 0.11441347002983093 and parameters: {'mlp_n_layers': 4, 'mlp_dim_00': 235, 'mlp_dim_01': 511, 'mlp_dim_02': 511, 'mlp_dim_03': 277, 'node_hidden_dim': 92, 'edge_hidden_dim': 54, 'depth': 1, 'rep_dropout': 0.10540957053200167, 'train_learning_rate': 0.0006420320483786698, 'train_lr_reduce': 0.6}. Best is trial 122 with value: 0.09548358619213104.
[I 2024-12-19 21:50:10,143] Trial 2139 finished with value: 1.6837269067764282 and parameters: {'mlp_n_layers': 4, 'mlp_dim_00': 377, 'mlp_dim_01': 512, 'mlp_dim_02': 286, 'mlp_dim_03': 320, 'node_hidden_dim': 71, 'edge_hidden_dim': 71, 'depth': 1, 'rep_dropout': 0.11095483358325728, 'train_learning_rate': 0.0003774410418934321, 'train_lr_reduce': 0.6}. Best is trial 122 with value: 0.09548358619213104.
[I 2024-12-19 21:50:16,151] Trial 2140 finished with value: 1.6791080236434937 and parameters: {'mlp_n_layers': 3, 'mlp_dim_00': 390, 'mlp_dim_01': 281, 'mlp_dim_02': 448, 'node_hidden_dim': 104, 'edge_hidden_dim': 80, 'depth': 1, 'rep_dropout': 0.1452935069044169, 'train_learning_rate': 0.00012553317123513452, 'train_lr_reduce': 0.6}. Best is trial 122 with value: 0.09548358619213104.
[I 2024-12-19 21:50:17,764] Trial 2138 finished with value: 0.2132456749677658 and parameters: {'mlp_n_layers': 4, 'mlp_dim_00': 370, 'mlp_dim_01': 337, 'mlp_dim_02': 380, 'mlp_dim_03': 417, 'node_hidden_dim': 91, 'edge_hidden_dim': 49, 'depth': 2, 'rep_dropout': 0.09240475741409061, 'train_learning_rate': 0.0005560235181650088, 'train_lr_reduce': 0.6}. Best is trial 122 with value: 0.09548358619213104.
[I 2024-12-19 21:50:21,561] Trial 2141 finished with value: 1.617911696434021 and parameters: {'mlp_n_layers': 1, 'mlp_dim_00': 489, 'node_hidden_dim': 68, 'edge_hidden_dim': 44, 'depth': 3, 'rep_dropout': 0.07344325170936258, 'train_learning_rate': 0.000714356013216836, 'train_lr_reduce': 0.6}. Best is trial 122 with value: 0.09548358619213104.
[I 2024-12-19 21:50:24,605] Trial 2135 finished with value: 0.2381591647863388 and parameters: {'mlp_n_layers': 3, 'mlp_dim_00': 477, 'mlp_dim_01': 366, 'mlp_dim_02': 324, 'node_hidden_dim': 47, 'edge_hidden_dim': 79, 'depth': 2, 'rep_dropout': 0.1402976368151005, 'train_learning_rate': 0.0016239156408700205, 'train_lr_reduce': 0.6}. Best is trial 122 with value: 0.09548358619213104.
[I 2024-12-19 21:50:36,793] Trial 2142 finished with value: 1.2558916807174683 and parameters: {'mlp_n_layers': 4, 'mlp_dim_00': 406, 'mlp_dim_01': 392, 'mlp_dim_02': 337, 'mlp_dim_03': 219, 'node_hidden_dim': 59, 'edge_hidden_dim': 76, 'depth': 2, 'rep_dropout': 0.13900578853756812, 'train_learning_rate': 0.0003715335092868134, 'train_lr_reduce': 0.6}. Best is trial 122 with value: 0.09548358619213104.
[I 2024-12-19 21:50:49,062] Trial 2143 finished with value: 0.2611995339393616 and parameters: {'mlp_n_layers': 4, 'mlp_dim_00': 501, 'mlp_dim_01': 482, 'mlp_dim_02': 404, 'mlp_dim_03': 410, 'node_hidden_dim': 48, 'edge_hidden_dim': 51, 'depth': 1, 'rep_dropout': 0.11615279337562659, 'train_learning_rate': 0.001671911922559417, 'train_lr_reduce': 0.6}. Best is trial 122 with value: 0.09548358619213104.
[I 2024-12-19 21:51:12,270] Trial 2144 finished with value: 0.18971461057662964 and parameters: {'mlp_n_layers': 4, 'mlp_dim_00': 188, 'mlp_dim_01': 347, 'mlp_dim_02': 478, 'mlp_dim_03': 361, 'node_hidden_dim': 71, 'edge_hidden_dim': 77, 'depth': 2, 'rep_dropout': 0.09404529170482172, 'train_learning_rate': 0.0011820083033808782, 'train_lr_reduce': 0.6}. Best is trial 122 with value: 0.09548358619213104.
[I 2024-12-19 21:51:18,050] Trial 2147 finished with value: 1.606449007987976 and parameters: {'mlp_n_layers': 4, 'mlp_dim_00': 450, 'mlp_dim_01': 227, 'mlp_dim_02': 512, 'mlp_dim_03': 422, 'node_hidden_dim': 84, 'edge_hidden_dim': 37, 'depth': 2, 'rep_dropout': 0.07563520051933262, 'train_learning_rate': 0.00173913824827273, 'train_lr_reduce': 0.6}. Best is trial 122 with value: 0.09548358619213104.
