[I 2024-12-26 20:39:44,889] Trial 2322 finished with value: 0.013961018063127995 and parameters: {'L1_hidden_dim': 240, 'L1_layers_atom': 3, 'L1_layers_mol': 2, 'L1_dropout': 0.03797437936467957, 'L1_out_dim': 80, 'L2_hidden_dim': 208, 'L2_layers_atom': 1, 'L2_layers_mol': 4, 'L2_out_dim': 112, 'L2_dropout': 0.11317543732135502, 'L3_hidden_dim': 96, 'L3_layers_atom': 4, 'L3_layers_mol': 1, 'L3_out_dim': 80, 'L3_dropout': 0.059136432099883146, 'n_mlp_layers': 3, 'mlp_dim_0': 456, 'mlp_dim_1': 384, 'mlp_dim_2': 440, 'num_heads': 2, 'final_dropout': 0.0046134091311295575, 'train_learning_rate': 0.00020977341002195417, 'train_lr_reduce': 0.6}. Best is trial 2183 with value: 0.009310361929237843.
[I 2024-12-26 20:40:19,304] Trial 2323 finished with value: 0.014538578689098358 and parameters: {'L1_hidden_dim': 256, 'L1_layers_atom': 1, 'L1_layers_mol': 1, 'L1_dropout': 0.17781889544970514, 'L1_out_dim': 32, 'L2_hidden_dim': 96, 'L2_layers_atom': 1, 'L2_layers_mol': 1, 'L2_out_dim': 80, 'L2_dropout': 0.06008507639947547, 'L3_hidden_dim': 96, 'L3_layers_atom': 4, 'L3_layers_mol': 4, 'L3_out_dim': 96, 'L3_dropout': 0.28461113294189666, 'n_mlp_layers': 1, 'mlp_dim_0': 424, 'num_heads': 2, 'final_dropout': 0.18187219789625728, 'train_learning_rate': 0.0009927727222483413, 'train_lr_reduce': 0.6}. Best is trial 2183 with value: 0.009310361929237843.
[I 2024-12-26 20:41:21,378] Trial 2325 finished with value: 0.0451880507171154 and parameters: {'L1_hidden_dim': 224, 'L1_layers_atom': 4, 'L1_layers_mol': 4, 'L1_dropout': 0.2319282125003122, 'L1_out_dim': 96, 'L2_hidden_dim': 208, 'L2_layers_atom': 2, 'L2_layers_mol': 2, 'L2_out_dim': 96, 'L2_dropout': 0.14717382565519724, 'L3_hidden_dim': 64, 'L3_layers_atom': 2, 'L3_layers_mol': 4, 'L3_out_dim': 64, 'L3_dropout': 0.18418550890868907, 'n_mlp_layers': 1, 'mlp_dim_0': 480, 'num_heads': 1, 'final_dropout': 0.11283432224618153, 'train_learning_rate': 0.0026371344692942503, 'train_lr_reduce': 0.6}. Best is trial 2183 with value: 0.009310361929237843.
[I 2024-12-26 20:42:08,683] Trial 2324 finished with value: 0.016705404967069626 and parameters: {'L1_hidden_dim': 160, 'L1_layers_atom': 2, 'L1_layers_mol': 2, 'L1_dropout': 0.17627891995675415, 'L1_out_dim': 112, 'L2_hidden_dim': 128, 'L2_layers_atom': 1, 'L2_layers_mol': 2, 'L2_out_dim': 128, 'L2_dropout': 0.09412420160480034, 'L3_hidden_dim': 96, 'L3_layers_atom': 4, 'L3_layers_mol': 1, 'L3_out_dim': 112, 'L3_dropout': 0.11572214140084659, 'n_mlp_layers': 3, 'mlp_dim_0': 392, 'mlp_dim_1': 240, 'mlp_dim_2': 408, 'num_heads': 1, 'final_dropout': 0.19084902647822083, 'train_learning_rate': 0.0005956975552942532, 'train_lr_reduce': 0.6}. Best is trial 2183 with value: 0.009310361929237843.
[I 2024-12-26 20:43:13,745] Trial 2326 finished with value: 0.012982278130948544 and parameters: {'L1_hidden_dim': 240, 'L1_layers_atom': 4, 'L1_layers_mol': 3, 'L1_dropout': 0.0425640548506244, 'L1_out_dim': 32, 'L2_hidden_dim': 224, 'L2_layers_atom': 1, 'L2_layers_mol': 3, 'L2_out_dim': 96, 'L2_dropout': 0.07107639552826428, 'L3_hidden_dim': 64, 'L3_layers_atom': 3, 'L3_layers_mol': 3, 'L3_out_dim': 128, 'L3_dropout': 0.27220268860033925, 'n_mlp_layers': 3, 'mlp_dim_0': 480, 'mlp_dim_1': 288, 'mlp_dim_2': 472, 'num_heads': 1, 'final_dropout': 0.09046016137215718, 'train_learning_rate': 0.0004538605727738383, 'train_lr_reduce': 0.6}. Best is trial 2183 with value: 0.009310361929237843.
[I 2024-12-26 20:43:40,142] Trial 2329 finished with value: 0.9798645973205566 and parameters: {'L1_hidden_dim': 96, 'L1_layers_atom': 4, 'L1_layers_mol': 3, 'L1_dropout': 0.2767739277960535, 'L1_out_dim': 80, 'L2_hidden_dim': 224, 'L2_layers_atom': 3, 'L2_layers_mol': 3, 'L2_out_dim': 128, 'L2_dropout': 0.23989327154109688, 'L3_hidden_dim': 64, 'L3_layers_atom': 3, 'L3_layers_mol': 1, 'L3_out_dim': 32, 'L3_dropout': 0.0025736032623105976, 'n_mlp_layers': 2, 'mlp_dim_0': 288, 'mlp_dim_1': 216, 'num_heads': 1, 'final_dropout': 0.011331541208386586, 'train_learning_rate': 0.00021333033443267862, 'train_lr_reduce': 0.6}. Best is trial 2183 with value: 0.009310361929237843.
[I 2024-12-26 20:43:40,810] Trial 2327 finished with value: 0.015266717411577702 and parameters: {'L1_hidden_dim': 240, 'L1_layers_atom': 2, 'L1_layers_mol': 1, 'L1_dropout': 0.0018535333476887605, 'L1_out_dim': 48, 'L2_hidden_dim': 256, 'L2_layers_atom': 3, 'L2_layers_mol': 2, 'L2_out_dim': 112, 'L2_dropout': 0.11683998246014823, 'L3_hidden_dim': 80, 'L3_layers_atom': 2, 'L3_layers_mol': 1, 'L3_out_dim': 80, 'L3_dropout': 0.1329434507901173, 'n_mlp_layers': 2, 'mlp_dim_0': 432, 'mlp_dim_1': 440, 'num_heads': 2, 'final_dropout': 0.18017139085670902, 'train_learning_rate': 0.00016284178989637535, 'train_lr_reduce': 0.6}. Best is trial 2183 with value: 0.009310361929237843.
[I 2024-12-26 20:44:20,062] Trial 2328 finished with value: 0.014035806059837341 and parameters: {'L1_hidden_dim': 192, 'L1_layers_atom': 2, 'L1_layers_mol': 2, 'L1_dropout': 0.061660548800811565, 'L1_out_dim': 112, 'L2_hidden_dim': 208, 'L2_layers_atom': 1, 'L2_layers_mol': 4, 'L2_out_dim': 64, 'L2_dropout': 0.07366591174129943, 'L3_hidden_dim': 80, 'L3_layers_atom': 4, 'L3_layers_mol': 1, 'L3_out_dim': 112, 'L3_dropout': 0.014563974270833724, 'n_mlp_layers': 3, 'mlp_dim_0': 512, 'mlp_dim_1': 344, 'mlp_dim_2': 328, 'num_heads': 2, 'final_dropout': 0.02363311138051239, 'train_learning_rate': 0.00027897839743811083, 'train_lr_reduce': 0.6}. Best is trial 2183 with value: 0.009310361929237843.
[I 2024-12-26 20:46:06,976] Trial 2331 finished with value: 0.014141605235636234 and parameters: {'L1_hidden_dim': 64, 'L1_layers_atom': 4, 'L1_layers_mol': 2, 'L1_dropout': 0.11645424216083092, 'L1_out_dim': 48, 'L2_hidden_dim': 64, 'L2_layers_atom': 2, 'L2_layers_mol': 3, 'L2_out_dim': 96, 'L2_dropout': 0.01137377126429634, 'L3_hidden_dim': 112, 'L3_layers_atom': 2, 'L3_layers_mol': 4, 'L3_out_dim': 96, 'L3_dropout': 0.10840365649861533, 'n_mlp_layers': 2, 'mlp_dim_0': 136, 'mlp_dim_1': 400, 'num_heads': 1, 'final_dropout': 0.08665540361956499, 'train_learning_rate': 0.0015130789921435556, 'train_lr_reduce': 0.6}. Best is trial 2183 with value: 0.009310361929237843.
[I 2024-12-26 20:46:13,532] Trial 2330 finished with value: 0.031306348741054535 and parameters: {'L1_hidden_dim': 208, 'L1_layers_atom': 4, 'L1_layers_mol': 1, 'L1_dropout': 0.05686536346294427, 'L1_out_dim': 32, 'L2_hidden_dim': 80, 'L2_layers_atom': 4, 'L2_layers_mol': 4, 'L2_out_dim': 32, 'L2_dropout': 0.0326945186845531, 'L3_hidden_dim': 32, 'L3_layers_atom': 3, 'L3_layers_mol': 3, 'L3_out_dim': 112, 'L3_dropout': 0.24706179196821476, 'n_mlp_layers': 1, 'mlp_dim_0': 224, 'num_heads': 1, 'final_dropout': 0.2778610986494475, 'train_learning_rate': 0.00018275252048848058, 'train_lr_reduce': 0.6}. Best is trial 2183 with value: 0.009310361929237843.
[I 2024-12-26 20:46:19,510] Trial 2332 finished with value: 0.035283349454402924 and parameters: {'L1_hidden_dim': 224, 'L1_layers_atom': 4, 'L1_layers_mol': 4, 'L1_dropout': 0.19002118879107488, 'L1_out_dim': 80, 'L2_hidden_dim': 256, 'L2_layers_atom': 3, 'L2_layers_mol': 4, 'L2_out_dim': 112, 'L2_dropout': 0.18420078322895722, 'L3_hidden_dim': 32, 'L3_layers_atom': 4, 'L3_layers_mol': 2, 'L3_out_dim': 48, 'L3_dropout': 0.23642017012433597, 'n_mlp_layers': 1, 'mlp_dim_0': 488, 'num_heads': 1, 'final_dropout': 0.11576728059691185, 'train_learning_rate': 0.0006656474797190991, 'train_lr_reduce': 0.6}. Best is trial 2183 with value: 0.009310361929237843.
[I 2024-12-26 20:48:42,950] Trial 2335 finished with value: 0.01202339120209217 and parameters: {'L1_hidden_dim': 208, 'L1_layers_atom': 2, 'L1_layers_mol': 4, 'L1_dropout': 0.03848257526273742, 'L1_out_dim': 64, 'L2_hidden_dim': 192, 'L2_layers_atom': 1, 'L2_layers_mol': 4, 'L2_out_dim': 96, 'L2_dropout': 0.05690960069094214, 'L3_hidden_dim': 48, 'L3_layers_atom': 4, 'L3_layers_mol': 1, 'L3_out_dim': 80, 'L3_dropout': 0.14644791279943875, 'n_mlp_layers': 3, 'mlp_dim_0': 144, 'mlp_dim_1': 312, 'mlp_dim_2': 472, 'num_heads': 2, 'final_dropout': 0.2552445779562436, 'train_learning_rate': 0.0009030818259088834, 'train_lr_reduce': 0.6}. Best is trial 2183 with value: 0.009310361929237843.
[I 2024-12-26 20:48:46,689] Trial 2334 finished with value: 0.015345611609518528 and parameters: {'L1_hidden_dim': 176, 'L1_layers_atom': 4, 'L1_layers_mol': 1, 'L1_dropout': 0.11937766408735881, 'L1_out_dim': 32, 'L2_hidden_dim': 224, 'L2_layers_atom': 1, 'L2_layers_mol': 2, 'L2_out_dim': 112, 'L2_dropout': 8.978564943499037e-05, 'L3_hidden_dim': 32, 'L3_layers_atom': 3, 'L3_layers_mol': 2, 'L3_out_dim': 96, 'L3_dropout': 0.08976431446471181, 'n_mlp_layers': 3, 'mlp_dim_0': 464, 'mlp_dim_1': 256, 'mlp_dim_2': 368, 'num_heads': 1, 'final_dropout': 0.24353850796193885, 'train_learning_rate': 0.001440556285612675, 'train_lr_reduce': 0.6}. Best is trial 2183 with value: 0.009310361929237843.
[I 2024-12-26 20:48:48,217] Trial 2333 finished with value: 0.014986385591328144 and parameters: {'L1_hidden_dim': 160, 'L1_layers_atom': 1, 'L1_layers_mol': 2, 'L1_dropout': 0.2763624196811273, 'L1_out_dim': 96, 'L2_hidden_dim': 192, 'L2_layers_atom': 1, 'L2_layers_mol': 2, 'L2_out_dim': 112, 'L2_dropout': 0.028200775967080732, 'L3_hidden_dim': 64, 'L3_layers_atom': 4, 'L3_layers_mol': 1, 'L3_out_dim': 128, 'L3_dropout': 0.022683036189842548, 'n_mlp_layers': 3, 'mlp_dim_0': 504, 'mlp_dim_1': 512, 'mlp_dim_2': 440, 'num_heads': 2, 'final_dropout': 0.054421756944432395, 'train_learning_rate': 0.0011921591921986016, 'train_lr_reduce': 0.6}. Best is trial 2183 with value: 0.009310361929237843.
[I 2024-12-26 20:51:06,507] Trial 2337 finished with value: 0.01435910165309906 and parameters: {'L1_hidden_dim': 208, 'L1_layers_atom': 4, 'L1_layers_mol': 2, 'L1_dropout': 0.05775239493482745, 'L1_out_dim': 32, 'L2_hidden_dim': 208, 'L2_layers_atom': 4, 'L2_layers_mol': 1, 'L2_out_dim': 64, 'L2_dropout': 0.2825570200613646, 'L3_hidden_dim': 96, 'L3_layers_atom': 4, 'L3_layers_mol': 2, 'L3_out_dim': 48, 'L3_dropout': 0.008724281470431083, 'n_mlp_layers': 3, 'mlp_dim_0': 432, 'mlp_dim_1': 192, 'mlp_dim_2': 480, 'num_heads': 1, 'final_dropout': 0.23808370087013733, 'train_learning_rate': 0.0017473424704899983, 'train_lr_reduce': 0.6}. Best is trial 2183 with value: 0.009310361929237843.
[I 2024-12-26 20:51:28,123] Trial 2336 finished with value: 0.010116658173501492 and parameters: {'L1_hidden_dim': 112, 'L1_layers_atom': 4, 'L1_layers_mol': 1, 'L1_dropout': 0.009383133898947078, 'L1_out_dim': 32, 'L2_hidden_dim': 208, 'L2_layers_atom': 2, 'L2_layers_mol': 3, 'L2_out_dim': 96, 'L2_dropout': 0.003002466894655182, 'L3_hidden_dim': 96, 'L3_layers_atom': 3, 'L3_layers_mol': 2, 'L3_out_dim': 128, 'L3_dropout': 0.08585570519490128, 'n_mlp_layers': 3, 'mlp_dim_0': 248, 'mlp_dim_1': 472, 'mlp_dim_2': 416, 'num_heads': 2, 'final_dropout': 0.1725919529874584, 'train_learning_rate': 0.00038665546008776196, 'train_lr_reduce': 0.6}. Best is trial 2183 with value: 0.009310361929237843.
[I 2024-12-26 20:51:28,440] Trial 2338 finished with value: 0.013579688966274261 and parameters: {'L1_hidden_dim': 96, 'L1_layers_atom': 1, 'L1_layers_mol': 2, 'L1_dropout': 0.0736050685407049, 'L1_out_dim': 112, 'L2_hidden_dim': 96, 'L2_layers_atom': 2, 'L2_layers_mol': 2, 'L2_out_dim': 112, 'L2_dropout': 0.03386145072042543, 'L3_hidden_dim': 80, 'L3_layers_atom': 1, 'L3_layers_mol': 1, 'L3_out_dim': 64, 'L3_dropout': 0.2838893679744956, 'n_mlp_layers': 2, 'mlp_dim_0': 208, 'mlp_dim_1': 368, 'num_heads': 1, 'final_dropout': 0.0047686366653145185, 'train_learning_rate': 0.0036512401840407484, 'train_lr_reduce': 0.6}. Best is trial 2183 with value: 0.009310361929237843.
[I 2024-12-26 20:53:55,982] Trial 2339 finished with value: 0.01119134109467268 and parameters: {'L1_hidden_dim': 192, 'L1_layers_atom': 4, 'L1_layers_mol': 4, 'L1_dropout': 0.003990036394688822, 'L1_out_dim': 48, 'L2_hidden_dim': 160, 'L2_layers_atom': 1, 'L2_layers_mol': 3, 'L2_out_dim': 112, 'L2_dropout': 0.004871671237125837, 'L3_hidden_dim': 96, 'L3_layers_atom': 3, 'L3_layers_mol': 1, 'L3_out_dim': 96, 'L3_dropout': 0.17339424602625855, 'n_mlp_layers': 3, 'mlp_dim_0': 352, 'mlp_dim_1': 280, 'mlp_dim_2': 432, 'num_heads': 2, 'final_dropout': 0.23878233980634, 'train_learning_rate': 0.0003914370578577977, 'train_lr_reduce': 0.6}. Best is trial 2183 with value: 0.009310361929237843.
[I 2024-12-26 20:54:02,629] Trial 2341 finished with value: 0.010044261813163757 and parameters: {'L1_hidden_dim': 192, 'L1_layers_atom': 3, 'L1_layers_mol': 1, 'L1_dropout': 0.003529462916667713, 'L1_out_dim': 128, 'L2_hidden_dim': 192, 'L2_layers_atom': 1, 'L2_layers_mol': 4, 'L2_out_dim': 96, 'L2_dropout': 0.006937259149747012, 'L3_hidden_dim': 112, 'L3_layers_atom': 3, 'L3_layers_mol': 1, 'L3_out_dim': 48, 'L3_dropout': 0.03426708178279067, 'n_mlp_layers': 2, 'mlp_dim_0': 504, 'mlp_dim_1': 432, 'num_heads': 2, 'final_dropout': 0.026167108050473613, 'train_learning_rate': 0.00034579650544741547, 'train_lr_reduce': 0.6}. Best is trial 2183 with value: 0.009310361929237843.
[I 2024-12-26 20:54:26,421] Trial 2340 finished with value: 0.01108730211853981 and parameters: {'L1_hidden_dim': 96, 'L1_layers_atom': 4, 'L1_layers_mol': 1, 'L1_dropout': 0.03592141051668895, 'L1_out_dim': 80, 'L2_hidden_dim': 224, 'L2_layers_atom': 1, 'L2_layers_mol': 4, 'L2_out_dim': 128, 'L2_dropout': 0.015448362777461113, 'L3_hidden_dim': 64, 'L3_layers_atom': 3, 'L3_layers_mol': 2, 'L3_out_dim': 128, 'L3_dropout': 0.06513463396102188, 'n_mlp_layers': 3, 'mlp_dim_0': 384, 'mlp_dim_1': 440, 'mlp_dim_2': 384, 'num_heads': 2, 'final_dropout': 0.21934530322077256, 'train_learning_rate': 0.00035058493501547404, 'train_lr_reduce': 0.6}. Best is trial 2183 with value: 0.009310361929237843.
[I 2024-12-26 20:56:14,490] Trial 2343 finished with value: 0.010971163399517536 and parameters: {'L1_hidden_dim': 128, 'L1_layers_atom': 4, 'L1_layers_mol': 4, 'L1_dropout': 0.013880911242010562, 'L1_out_dim': 80, 'L2_hidden_dim': 224, 'L2_layers_atom': 1, 'L2_layers_mol': 4, 'L2_out_dim': 96, 'L2_dropout': 0.015784581366027367, 'L3_hidden_dim': 80, 'L3_layers_atom': 4, 'L3_layers_mol': 1, 'L3_out_dim': 112, 'L3_dropout': 0.20224078787932187, 'n_mlp_layers': 3, 'mlp_dim_0': 152, 'mlp_dim_1': 248, 'mlp_dim_2': 432, 'num_heads': 2, 'final_dropout': 0.27244169355112224, 'train_learning_rate': 0.0006514498369892682, 'train_lr_reduce': 0.6}. Best is trial 2183 with value: 0.009310361929237843.
[I 2024-12-26 20:56:32,191] Trial 2342 finished with value: 0.028645070269703865 and parameters: {'L1_hidden_dim': 64, 'L1_layers_atom': 3, 'L1_layers_mol': 4, 'L1_dropout': 0.04922036996340852, 'L1_out_dim': 112, 'L2_hidden_dim': 256, 'L2_layers_atom': 1, 'L2_layers_mol': 4, 'L2_out_dim': 64, 'L2_dropout': 0.12211975360573253, 'L3_hidden_dim': 64, 'L3_layers_atom': 4, 'L3_layers_mol': 1, 'L3_out_dim': 128, 'L3_dropout': 0.03350077302372926, 'n_mlp_layers': 3, 'mlp_dim_0': 104, 'mlp_dim_1': 320, 'mlp_dim_2': 480, 'num_heads': 2, 'final_dropout': 0.1502022350305397, 'train_learning_rate': 0.0001875913341863383, 'train_lr_reduce': 0.6}. Best is trial 2183 with value: 0.009310361929237843.
[I 2024-12-26 20:56:55,703] Trial 2344 finished with value: 0.014015831984579563 and parameters: {'L1_hidden_dim': 96, 'L1_layers_atom': 4, 'L1_layers_mol': 1, 'L1_dropout': 0.026867963375425616, 'L1_out_dim': 112, 'L2_hidden_dim': 208, 'L2_layers_atom': 2, 'L2_layers_mol': 2, 'L2_out_dim': 64, 'L2_dropout': 0.05772357548887129, 'L3_hidden_dim': 64, 'L3_layers_atom': 1, 'L3_layers_mol': 1, 'L3_out_dim': 64, 'L3_dropout': 0.2704036385843297, 'n_mlp_layers': 3, 'mlp_dim_0': 424, 'mlp_dim_1': 392, 'mlp_dim_2': 512, 'num_heads': 2, 'final_dropout': 0.13487798575284893, 'train_learning_rate': 0.0014298257351666249, 'train_lr_reduce': 0.6}. Best is trial 2183 with value: 0.009310361929237843.
[I 2024-12-26 20:58:16,839] Trial 2345 finished with value: 0.02104800008237362 and parameters: {'L1_hidden_dim': 64, 'L1_layers_atom': 3, 'L1_layers_mol': 2, 'L1_dropout': 0.012859827936838585, 'L1_out_dim': 80, 'L2_hidden_dim': 176, 'L2_layers_atom': 1, 'L2_layers_mol': 4, 'L2_out_dim': 128, 'L2_dropout': 0.00047597924234993663, 'L3_hidden_dim': 128, 'L3_layers_atom': 4, 'L3_layers_mol': 2, 'L3_out_dim': 128, 'L3_dropout': 0.05823378574441794, 'n_mlp_layers': 2, 'mlp_dim_0': 488, 'mlp_dim_1': 472, 'num_heads': 2, 'final_dropout': 0.03562981383016143, 'train_learning_rate': 0.0018896457928885074, 'train_lr_reduce': 0.6}. Best is trial 2183 with value: 0.009310361929237843.
[I 2024-12-26 20:58:54,081] Trial 2346 finished with value: 0.012614729814231396 and parameters: {'L1_hidden_dim': 112, 'L1_layers_atom': 1, 'L1_layers_mol': 3, 'L1_dropout': 0.10026571498083157, 'L1_out_dim': 48, 'L2_hidden_dim': 256, 'L2_layers_atom': 1, 'L2_layers_mol': 4, 'L2_out_dim': 128, 'L2_dropout': 0.02700408748761257, 'L3_hidden_dim': 64, 'L3_layers_atom': 4, 'L3_layers_mol': 1, 'L3_out_dim': 128, 'L3_dropout': 0.06739806504901254, 'n_mlp_layers': 3, 'mlp_dim_0': 392, 'mlp_dim_1': 288, 'mlp_dim_2': 320, 'num_heads': 2, 'final_dropout': 0.05170473287484005, 'train_learning_rate': 0.00026452860060080275, 'train_lr_reduce': 0.6}. Best is trial 2183 with value: 0.009310361929237843.
[I 2024-12-26 20:59:12,989] Trial 2347 finished with value: 0.022213473916053772 and parameters: {'L1_hidden_dim': 208, 'L1_layers_atom': 1, 'L1_layers_mol': 2, 'L1_dropout': 0.25586064840629774, 'L1_out_dim': 32, 'L2_hidden_dim': 112, 'L2_layers_atom': 1, 'L2_layers_mol': 1, 'L2_out_dim': 80, 'L2_dropout': 0.0661749092864028, 'L3_hidden_dim': 112, 'L3_layers_atom': 3, 'L3_layers_mol': 4, 'L3_out_dim': 80, 'L3_dropout': 0.23532210126418124, 'n_mlp_layers': 1, 'mlp_dim_0': 392, 'num_heads': 2, 'final_dropout': 0.2882057623222764, 'train_learning_rate': 0.00022606339997834442, 'train_lr_reduce': 0.6}. Best is trial 2183 with value: 0.009310361929237843.
[I 2024-12-26 21:00:19,149] Trial 2348 finished with value: 0.03365558758378029 and parameters: {'L1_hidden_dim': 176, 'L1_layers_atom': 3, 'L1_layers_mol': 1, 'L1_dropout': 0.2868065913530285, 'L1_out_dim': 112, 'L2_hidden_dim': 128, 'L2_layers_atom': 1, 'L2_layers_mol': 1, 'L2_out_dim': 96, 'L2_dropout': 0.1015804194355347, 'L3_hidden_dim': 128, 'L3_layers_atom': 4, 'L3_layers_mol': 4, 'L3_out_dim': 96, 'L3_dropout': 0.2367856683674393, 'n_mlp_layers': 1, 'mlp_dim_0': 472, 'num_heads': 1, 'final_dropout': 0.164115211518824, 'train_learning_rate': 0.0009512690302459665, 'train_lr_reduce': 0.6}. Best is trial 2183 with value: 0.009310361929237843.
[I 2024-12-26 21:01:50,833] Trial 2350 finished with value: 0.012013842351734638 and parameters: {'L1_hidden_dim': 208, 'L1_layers_atom': 3, 'L1_layers_mol': 1, 'L1_dropout': 0.025537952593805154, 'L1_out_dim': 96, 'L2_hidden_dim': 208, 'L2_layers_atom': 1, 'L2_layers_mol': 4, 'L2_out_dim': 64, 'L2_dropout': 0.016113550553753672, 'L3_hidden_dim': 96, 'L3_layers_atom': 3, 'L3_layers_mol': 1, 'L3_out_dim': 128, 'L3_dropout': 0.042232506693984075, 'n_mlp_layers': 3, 'mlp_dim_0': 272, 'mlp_dim_1': 200, 'mlp_dim_2': 448, 'num_heads': 1, 'final_dropout': 0.04018365509139055, 'train_learning_rate': 0.00017817002206377646, 'train_lr_reduce': 0.6}. Best is trial 2183 with value: 0.009310361929237843.
[I 2024-12-26 21:02:19,295] Trial 2351 finished with value: 0.01527160033583641 and parameters: {'L1_hidden_dim': 112, 'L1_layers_atom': 1, 'L1_layers_mol': 2, 'L1_dropout': 0.21633255772176052, 'L1_out_dim': 96, 'L2_hidden_dim': 176, 'L2_layers_atom': 1, 'L2_layers_mol': 2, 'L2_out_dim': 128, 'L2_dropout': 0.05453653297135912, 'L3_hidden_dim': 128, 'L3_layers_atom': 4, 'L3_layers_mol': 2, 'L3_out_dim': 96, 'L3_dropout': 0.21861715024955664, 'n_mlp_layers': 3, 'mlp_dim_0': 512, 'mlp_dim_1': 240, 'mlp_dim_2': 512, 'num_heads': 1, 'final_dropout': 0.10632449573116995, 'train_learning_rate': 0.0009204730452448069, 'train_lr_reduce': 0.6}. Best is trial 2183 with value: 0.009310361929237843.
[I 2024-12-26 21:02:32,212] Trial 2349 finished with value: 0.012564676813781261 and parameters: {'L1_hidden_dim': 240, 'L1_layers_atom': 3, 'L1_layers_mol': 1, 'L1_dropout': 0.010731286100589415, 'L1_out_dim': 80, 'L2_hidden_dim': 224, 'L2_layers_atom': 2, 'L2_layers_mol': 2, 'L2_out_dim': 112, 'L2_dropout': 0.0420923696527959, 'L3_hidden_dim': 64, 'L3_layers_atom': 1, 'L3_layers_mol': 2, 'L3_out_dim': 64, 'L3_dropout': 0.1328905878711218, 'n_mlp_layers': 3, 'mlp_dim_0': 432, 'mlp_dim_1': 352, 'mlp_dim_2': 400, 'num_heads': 2, 'final_dropout': 0.18244758599972755, 'train_learning_rate': 0.0001643977128348196, 'train_lr_reduce': 0.6}. Best is trial 2183 with value: 0.009310361929237843.
[I 2024-12-26 21:04:20,199] Trial 2352 finished with value: 0.014337742701172829 and parameters: {'L1_hidden_dim': 160, 'L1_layers_atom': 2, 'L1_layers_mol': 2, 'L1_dropout': 0.11644827409334911, 'L1_out_dim': 64, 'L2_hidden_dim': 176, 'L2_layers_atom': 1, 'L2_layers_mol': 3, 'L2_out_dim': 128, 'L2_dropout': 0.0751985797228301, 'L3_hidden_dim': 96, 'L3_layers_atom': 4, 'L3_layers_mol': 1, 'L3_out_dim': 128, 'L3_dropout': 0.11625602256861714, 'n_mlp_layers': 3, 'mlp_dim_0': 304, 'mlp_dim_1': 320, 'mlp_dim_2': 352, 'num_heads': 2, 'final_dropout': 0.0490299622688048, 'train_learning_rate': 0.0004257086228403631, 'train_lr_reduce': 0.6}. Best is trial 2183 with value: 0.009310361929237843.
[I 2024-12-26 21:04:56,922] Trial 2353 finished with value: 0.011954057961702347 and parameters: {'L1_hidden_dim': 80, 'L1_layers_atom': 3, 'L1_layers_mol': 2, 'L1_dropout': 0.014344181177647132, 'L1_out_dim': 32, 'L2_hidden_dim': 240, 'L2_layers_atom': 1, 'L2_layers_mol': 2, 'L2_out_dim': 112, 'L2_dropout': 0.01515379452272096, 'L3_hidden_dim': 112, 'L3_layers_atom': 2, 'L3_layers_mol': 1, 'L3_out_dim': 128, 'L3_dropout': 0.08711081736794894, 'n_mlp_layers': 2, 'mlp_dim_0': 400, 'mlp_dim_1': 512, 'num_heads': 2, 'final_dropout': 0.09458362965698436, 'train_learning_rate': 0.0010127410469755321, 'train_lr_reduce': 0.6}. Best is trial 2183 with value: 0.009310361929237843.
