[I 2024-12-24 15:18:06,676] Trial 158 finished with value: 0.01970462128520012 and parameters: {'L1_hidden_dim': 112, 'L1_layers_atom': 1, 'L1_layers_mol': 4, 'L1_dropout': 0.0036039057855682594, 'L1_out_dim': 112, 'L2_hidden_dim': 96, 'L2_layers_atom': 4, 'L2_layers_mol': 4, 'L2_out_dim': 64, 'L2_dropout': 0.20765182636067145, 'L3_hidden_dim': 128, 'L3_layers_atom': 3, 'L3_layers_mol': 1, 'L3_out_dim': 96, 'L3_dropout': 0.21312797825517332, 'n_mlp_layers': 3, 'mlp_dim_0': 480, 'mlp_dim_1': 144, 'mlp_dim_2': 224, 'num_heads': 2, 'final_dropout': 0.05125556075717153, 'train_learning_rate': 0.001166910215845201, 'train_lr_reduce': 0.6}. Best is trial 127 with value: 0.010723394341766834.
[I 2024-12-24 15:18:24,532] Trial 161 finished with value: 0.011482722125947475 and parameters: {'L1_hidden_dim': 64, 'L1_layers_atom': 2, 'L1_layers_mol': 3, 'L1_dropout': 0.04760477575217911, 'L1_out_dim': 112, 'L2_hidden_dim': 144, 'L2_layers_atom': 2, 'L2_layers_mol': 2, 'L2_out_dim': 80, 'L2_dropout': 0.19876167047790347, 'L3_hidden_dim': 128, 'L3_layers_atom': 4, 'L3_layers_mol': 1, 'L3_out_dim': 128, 'L3_dropout': 0.2655187953688914, 'n_mlp_layers': 3, 'mlp_dim_0': 488, 'mlp_dim_1': 112, 'mlp_dim_2': 264, 'num_heads': 2, 'final_dropout': 0.01648803558982922, 'train_learning_rate': 0.00289387094382917, 'train_lr_reduce': 0.6}. Best is trial 127 with value: 0.010723394341766834.
[I 2024-12-24 15:19:14,208] Trial 162 finished with value: 0.010640937834978104 and parameters: {'L1_hidden_dim': 80, 'L1_layers_atom': 2, 'L1_layers_mol': 3, 'L1_dropout': 0.008686134674566734, 'L1_out_dim': 112, 'L2_hidden_dim': 80, 'L2_layers_atom': 3, 'L2_layers_mol': 2, 'L2_out_dim': 32, 'L2_dropout': 0.02467811189493809, 'L3_hidden_dim': 80, 'L3_layers_atom': 2, 'L3_layers_mol': 1, 'L3_out_dim': 112, 'L3_dropout': 0.296604882945689, 'n_mlp_layers': 3, 'mlp_dim_0': 280, 'mlp_dim_1': 160, 'mlp_dim_2': 192, 'num_heads': 2, 'final_dropout': 0.16661675153151065, 'train_learning_rate': 0.0011987923642252111, 'train_lr_reduce': 0.6}. Best is trial 162 with value: 0.010640937834978104.
[I 2024-12-24 15:19:22,754] Trial 163 finished with value: 0.012057295069098473 and parameters: {'L1_hidden_dim': 128, 'L1_layers_atom': 1, 'L1_layers_mol': 3, 'L1_dropout': 0.08885687783886435, 'L1_out_dim': 80, 'L2_hidden_dim': 160, 'L2_layers_atom': 4, 'L2_layers_mol': 1, 'L2_out_dim': 48, 'L2_dropout': 0.024032511431603704, 'L3_hidden_dim': 128, 'L3_layers_atom': 1, 'L3_layers_mol': 1, 'L3_out_dim': 128, 'L3_dropout': 0.27174807537873497, 'n_mlp_layers': 2, 'mlp_dim_0': 224, 'mlp_dim_1': 80, 'num_heads': 1, 'final_dropout': 0.10506918775988992, 'train_learning_rate': 0.001349314083242402, 'train_lr_reduce': 0.6}. Best is trial 162 with value: 0.010640937834978104.
[I 2024-12-24 15:20:07,791] Trial 164 finished with value: 0.015516932122409344 and parameters: {'L1_hidden_dim': 96, 'L1_layers_atom': 3, 'L1_layers_mol': 4, 'L1_dropout': 0.01977792868782684, 'L1_out_dim': 80, 'L2_hidden_dim': 224, 'L2_layers_atom': 4, 'L2_layers_mol': 1, 'L2_out_dim': 32, 'L2_dropout': 0.18832259540366864, 'L3_hidden_dim': 128, 'L3_layers_atom': 1, 'L3_layers_mol': 1, 'L3_out_dim': 128, 'L3_dropout': 0.24752601257552378, 'n_mlp_layers': 1, 'mlp_dim_0': 168, 'num_heads': 1, 'final_dropout': 0.16280307567887187, 'train_learning_rate': 0.0025550370270781596, 'train_lr_reduce': 0.6}. Best is trial 162 with value: 0.010640937834978104.
[I 2024-12-24 15:21:39,255] Trial 166 finished with value: 0.012951478362083435 and parameters: {'L1_hidden_dim': 96, 'L1_layers_atom': 4, 'L1_layers_mol': 3, 'L1_dropout': 0.15869193767733025, 'L1_out_dim': 128, 'L2_hidden_dim': 144, 'L2_layers_atom': 3, 'L2_layers_mol': 1, 'L2_out_dim': 32, 'L2_dropout': 0.11122291418138763, 'L3_hidden_dim': 80, 'L3_layers_atom': 1, 'L3_layers_mol': 1, 'L3_out_dim': 128, 'L3_dropout': 0.12143654751673683, 'n_mlp_layers': 3, 'mlp_dim_0': 144, 'mlp_dim_1': 152, 'mlp_dim_2': 192, 'num_heads': 2, 'final_dropout': 0.15651814263656302, 'train_learning_rate': 0.0002405126015154771, 'train_lr_reduce': 0.6}. Best is trial 162 with value: 0.010640937834978104.
[I 2024-12-24 15:21:42,827] Trial 165 finished with value: 0.012317659333348274 and parameters: {'L1_hidden_dim': 64, 'L1_layers_atom': 1, 'L1_layers_mol': 2, 'L1_dropout': 0.0554148505234358, 'L1_out_dim': 112, 'L2_hidden_dim': 160, 'L2_layers_atom': 4, 'L2_layers_mol': 1, 'L2_out_dim': 80, 'L2_dropout': 0.0460179728663873, 'L3_hidden_dim': 80, 'L3_layers_atom': 2, 'L3_layers_mol': 1, 'L3_out_dim': 128, 'L3_dropout': 0.2348581507170892, 'n_mlp_layers': 3, 'mlp_dim_0': 256, 'mlp_dim_1': 168, 'mlp_dim_2': 176, 'num_heads': 2, 'final_dropout': 0.28169392102129864, 'train_learning_rate': 0.0002470646907139182, 'train_lr_reduce': 0.6}. Best is trial 162 with value: 0.010640937834978104.
[I 2024-12-24 15:22:05,875] Trial 167 finished with value: 0.013468895107507706 and parameters: {'L1_hidden_dim': 64, 'L1_layers_atom': 2, 'L1_layers_mol': 2, 'L1_dropout': 0.013936620853018705, 'L1_out_dim': 112, 'L2_hidden_dim': 64, 'L2_layers_atom': 3, 'L2_layers_mol': 3, 'L2_out_dim': 48, 'L2_dropout': 0.07136946274301312, 'L3_hidden_dim': 48, 'L3_layers_atom': 4, 'L3_layers_mol': 2, 'L3_out_dim': 96, 'L3_dropout': 0.26624146383749914, 'n_mlp_layers': 3, 'mlp_dim_0': 328, 'mlp_dim_1': 144, 'mlp_dim_2': 200, 'num_heads': 2, 'final_dropout': 0.10319522952658328, 'train_learning_rate': 0.0015388825123217192, 'train_lr_reduce': 0.6}. Best is trial 162 with value: 0.010640937834978104.
[I 2024-12-24 15:23:28,096] Trial 168 finished with value: 0.0124959796667099 and parameters: {'L1_hidden_dim': 112, 'L1_layers_atom': 2, 'L1_layers_mol': 4, 'L1_dropout': 0.0474344164002665, 'L1_out_dim': 64, 'L2_hidden_dim': 192, 'L2_layers_atom': 4, 'L2_layers_mol': 3, 'L2_out_dim': 32, 'L2_dropout': 0.22018307294993278, 'L3_hidden_dim': 80, 'L3_layers_atom': 4, 'L3_layers_mol': 1, 'L3_out_dim': 128, 'L3_dropout': 0.20367887103375654, 'n_mlp_layers': 3, 'mlp_dim_0': 480, 'mlp_dim_1': 160, 'mlp_dim_2': 248, 'num_heads': 2, 'final_dropout': 0.0387857731632366, 'train_learning_rate': 0.002902013058471229, 'train_lr_reduce': 0.6}. Best is trial 162 with value: 0.010640937834978104.
[I 2024-12-24 15:23:53,204] Trial 169 finished with value: 0.010650219395756721 and parameters: {'L1_hidden_dim': 112, 'L1_layers_atom': 2, 'L1_layers_mol': 3, 'L1_dropout': 0.015280320148449912, 'L1_out_dim': 48, 'L2_hidden_dim': 96, 'L2_layers_atom': 3, 'L2_layers_mol': 2, 'L2_out_dim': 64, 'L2_dropout': 0.1183242178778073, 'L3_hidden_dim': 128, 'L3_layers_atom': 4, 'L3_layers_mol': 1, 'L3_out_dim': 112, 'L3_dropout': 0.27707616116428796, 'n_mlp_layers': 3, 'mlp_dim_0': 496, 'mlp_dim_1': 96, 'mlp_dim_2': 168, 'num_heads': 2, 'final_dropout': 0.1610407055152941, 'train_learning_rate': 0.0015570806149073464, 'train_lr_reduce': 0.6}. Best is trial 162 with value: 0.010640937834978104.
[I 2024-12-24 15:24:04,540] Trial 170 finished with value: 0.011269413866102695 and parameters: {'L1_hidden_dim': 112, 'L1_layers_atom': 2, 'L1_layers_mol': 3, 'L1_dropout': 0.044406028908142596, 'L1_out_dim': 112, 'L2_hidden_dim': 64, 'L2_layers_atom': 3, 'L2_layers_mol': 1, 'L2_out_dim': 32, 'L2_dropout': 0.011203055559716936, 'L3_hidden_dim': 80, 'L3_layers_atom': 2, 'L3_layers_mol': 1, 'L3_out_dim': 96, 'L3_dropout': 0.26021618516490524, 'n_mlp_layers': 3, 'mlp_dim_0': 272, 'mlp_dim_1': 96, 'mlp_dim_2': 272, 'num_heads': 2, 'final_dropout': 0.1643535253796594, 'train_learning_rate': 0.0017085281596041979, 'train_lr_reduce': 0.6}. Best is trial 162 with value: 0.010640937834978104.
[I 2024-12-24 15:25:48,543] Trial 172 finished with value: 0.011850649490952492 and parameters: {'L1_hidden_dim': 64, 'L1_layers_atom': 3, 'L1_layers_mol': 3, 'L1_dropout': 0.006148562472704839, 'L1_out_dim': 64, 'L2_hidden_dim': 112, 'L2_layers_atom': 2, 'L2_layers_mol': 2, 'L2_out_dim': 48, 'L2_dropout': 0.05940340046987411, 'L3_hidden_dim': 128, 'L3_layers_atom': 4, 'L3_layers_mol': 1, 'L3_out_dim': 96, 'L3_dropout': 0.21487098194098353, 'n_mlp_layers': 3, 'mlp_dim_0': 368, 'mlp_dim_1': 72, 'mlp_dim_2': 160, 'num_heads': 2, 'final_dropout': 0.18655902718366627, 'train_learning_rate': 0.0014008028692490868, 'train_lr_reduce': 0.6}. Best is trial 162 with value: 0.010640937834978104.
[I 2024-12-24 15:26:02,036] Trial 171 finished with value: 0.014206836931407452 and parameters: {'L1_hidden_dim': 112, 'L1_layers_atom': 4, 'L1_layers_mol': 4, 'L1_dropout': 0.022044735896590853, 'L1_out_dim': 112, 'L2_hidden_dim': 64, 'L2_layers_atom': 4, 'L2_layers_mol': 1, 'L2_out_dim': 32, 'L2_dropout': 0.09854741078485732, 'L3_hidden_dim': 128, 'L3_layers_atom': 1, 'L3_layers_mol': 1, 'L3_out_dim': 128, 'L3_dropout': 0.1224174548323812, 'n_mlp_layers': 2, 'mlp_dim_0': 40, 'mlp_dim_1': 176, 'num_heads': 2, 'final_dropout': 0.15981744767904205, 'train_learning_rate': 0.00012234369363762639, 'train_lr_reduce': 0.6}. Best is trial 162 with value: 0.010640937834978104.
[I 2024-12-24 15:26:02,463] Trial 173 finished with value: 0.011257649399340153 and parameters: {'L1_hidden_dim': 96, 'L1_layers_atom': 2, 'L1_layers_mol': 4, 'L1_dropout': 0.04938496606157811, 'L1_out_dim': 112, 'L2_hidden_dim': 144, 'L2_layers_atom': 3, 'L2_layers_mol': 3, 'L2_out_dim': 64, 'L2_dropout': 0.0840852698442687, 'L3_hidden_dim': 80, 'L3_layers_atom': 3, 'L3_layers_mol': 1, 'L3_out_dim': 112, 'L3_dropout': 0.2686843010667471, 'n_mlp_layers': 3, 'mlp_dim_0': 192, 'mlp_dim_1': 80, 'mlp_dim_2': 280, 'num_heads': 2, 'final_dropout': 0.22160901275642833, 'train_learning_rate': 0.0014006406841452954, 'train_lr_reduce': 0.6}. Best is trial 162 with value: 0.010640937834978104.
[I 2024-12-24 15:27:12,829] Trial 174 finished with value: 0.011124920099973679 and parameters: {'L1_hidden_dim': 64, 'L1_layers_atom': 1, 'L1_layers_mol': 4, 'L1_dropout': 0.07181286686261809, 'L1_out_dim': 112, 'L2_hidden_dim': 64, 'L2_layers_atom': 4, 'L2_layers_mol': 1, 'L2_out_dim': 48, 'L2_dropout': 0.021929266973193688, 'L3_hidden_dim': 48, 'L3_layers_atom': 2, 'L3_layers_mol': 2, 'L3_out_dim': 96, 'L3_dropout': 0.263479948198225, 'n_mlp_layers': 3, 'mlp_dim_0': 440, 'mlp_dim_1': 96, 'mlp_dim_2': 192, 'num_heads': 1, 'final_dropout': 0.24147824906729576, 'train_learning_rate': 0.0008434730019309167, 'train_lr_reduce': 0.6}. Best is trial 162 with value: 0.010640937834978104.
[I 2024-12-24 15:27:34,196] Trial 176 finished with value: 0.012095545418560505 and parameters: {'L1_hidden_dim': 128, 'L1_layers_atom': 1, 'L1_layers_mol': 3, 'L1_dropout': 0.02919915558308738, 'L1_out_dim': 64, 'L2_hidden_dim': 80, 'L2_layers_atom': 4, 'L2_layers_mol': 2, 'L2_out_dim': 48, 'L2_dropout': 0.014112776757689103, 'L3_hidden_dim': 64, 'L3_layers_atom': 1, 'L3_layers_mol': 1, 'L3_out_dim': 80, 'L3_dropout': 0.21135153685212496, 'n_mlp_layers': 3, 'mlp_dim_0': 200, 'mlp_dim_1': 72, 'mlp_dim_2': 304, 'num_heads': 2, 'final_dropout': 0.17587177276068347, 'train_learning_rate': 0.0012831735407673767, 'train_lr_reduce': 0.6}. Best is trial 162 with value: 0.010640937834978104.
[I 2024-12-24 15:27:39,770] Trial 175 finished with value: 0.011164623312652111 and parameters: {'L1_hidden_dim': 112, 'L1_layers_atom': 1, 'L1_layers_mol': 4, 'L1_dropout': 0.01834457360045037, 'L1_out_dim': 48, 'L2_hidden_dim': 96, 'L2_layers_atom': 2, 'L2_layers_mol': 4, 'L2_out_dim': 80, 'L2_dropout': 0.09024585082034703, 'L3_hidden_dim': 128, 'L3_layers_atom': 4, 'L3_layers_mol': 1, 'L3_out_dim': 128, 'L3_dropout': 0.2811510301604805, 'n_mlp_layers': 3, 'mlp_dim_0': 440, 'mlp_dim_1': 64, 'mlp_dim_2': 304, 'num_heads': 2, 'final_dropout': 0.049242388334433784, 'train_learning_rate': 0.0009380530038854097, 'train_lr_reduce': 0.6}. Best is trial 162 with value: 0.010640937834978104.
[I 2024-12-24 15:29:09,794] Trial 179 finished with value: 0.012234154157340527 and parameters: {'L1_hidden_dim': 96, 'L1_layers_atom': 1, 'L1_layers_mol': 3, 'L1_dropout': 0.12618142482362352, 'L1_out_dim': 112, 'L2_hidden_dim': 96, 'L2_layers_atom': 4, 'L2_layers_mol': 1, 'L2_out_dim': 48, 'L2_dropout': 0.010985316878571525, 'L3_hidden_dim': 32, 'L3_layers_atom': 1, 'L3_layers_mol': 3, 'L3_out_dim': 112, 'L3_dropout': 0.24119188918638773, 'n_mlp_layers': 3, 'mlp_dim_0': 352, 'mlp_dim_1': 32, 'mlp_dim_2': 296, 'num_heads': 1, 'final_dropout': 0.19734621191979906, 'train_learning_rate': 0.0006549169930775998, 'train_lr_reduce': 0.6}. Best is trial 162 with value: 0.010640937834978104.
[I 2024-12-24 15:29:14,059] Trial 177 finished with value: 0.010727946646511555 and parameters: {'L1_hidden_dim': 96, 'L1_layers_atom': 3, 'L1_layers_mol': 4, 'L1_dropout': 0.005680820102837776, 'L1_out_dim': 112, 'L2_hidden_dim': 64, 'L2_layers_atom': 2, 'L2_layers_mol': 3, 'L2_out_dim': 32, 'L2_dropout': 0.02188726833364453, 'L3_hidden_dim': 48, 'L3_layers_atom': 2, 'L3_layers_mol': 1, 'L3_out_dim': 112, 'L3_dropout': 0.25169809789358627, 'n_mlp_layers': 2, 'mlp_dim_0': 400, 'mlp_dim_1': 88, 'num_heads': 2, 'final_dropout': 0.19329158237406605, 'train_learning_rate': 0.0012627928449622568, 'train_lr_reduce': 0.6}. Best is trial 162 with value: 0.010640937834978104.
[I 2024-12-24 15:29:16,552] Trial 178 finished with value: 0.012375731021165848 and parameters: {'L1_hidden_dim': 112, 'L1_layers_atom': 1, 'L1_layers_mol': 4, 'L1_dropout': 0.06537379174214078, 'L1_out_dim': 112, 'L2_hidden_dim': 64, 'L2_layers_atom': 4, 'L2_layers_mol': 1, 'L2_out_dim': 48, 'L2_dropout': 0.04754119021354307, 'L3_hidden_dim': 48, 'L3_layers_atom': 2, 'L3_layers_mol': 3, 'L3_out_dim': 64, 'L3_dropout': 0.2117733521252282, 'n_mlp_layers': 2, 'mlp_dim_0': 464, 'mlp_dim_1': 104, 'num_heads': 2, 'final_dropout': 0.28789011434150996, 'train_learning_rate': 0.00033156902139435464, 'train_lr_reduce': 0.6}. Best is trial 162 with value: 0.010640937834978104.
[I 2024-12-24 15:29:58,825] Trial 180 finished with value: 0.044369835406541824 and parameters: {'L1_hidden_dim': 144, 'L1_layers_atom': 1, 'L1_layers_mol': 4, 'L1_dropout': 0.04960447161184087, 'L1_out_dim': 48, 'L2_hidden_dim': 80, 'L2_layers_atom': 2, 'L2_layers_mol': 4, 'L2_out_dim': 32, 'L2_dropout': 0.11978334166116668, 'L3_hidden_dim': 112, 'L3_layers_atom': 4, 'L3_layers_mol': 3, 'L3_out_dim': 128, 'L3_dropout': 0.22633361194268062, 'n_mlp_layers': 3, 'mlp_dim_0': 440, 'mlp_dim_1': 32, 'mlp_dim_2': 272, 'num_heads': 2, 'final_dropout': 0.027724483375218895, 'train_learning_rate': 0.0016465119237052156, 'train_lr_reduce': 0.6}. Best is trial 162 with value: 0.010640937834978104.
[I 2024-12-24 15:31:27,167] Trial 181 finished with value: 0.011977147310972214 and parameters: {'L1_hidden_dim': 64, 'L1_layers_atom': 3, 'L1_layers_mol': 4, 'L1_dropout': 0.06911451583247027, 'L1_out_dim': 96, 'L2_hidden_dim': 112, 'L2_layers_atom': 4, 'L2_layers_mol': 3, 'L2_out_dim': 80, 'L2_dropout': 0.11005880644518912, 'L3_hidden_dim': 112, 'L3_layers_atom': 4, 'L3_layers_mol': 1, 'L3_out_dim': 128, 'L3_dropout': 0.2710591387677193, 'n_mlp_layers': 2, 'mlp_dim_0': 408, 'mlp_dim_1': 96, 'num_heads': 2, 'final_dropout': 0.0666971573263008, 'train_learning_rate': 0.0011146773866926767, 'train_lr_reduce': 0.6}. Best is trial 162 with value: 0.010640937834978104.
[I 2024-12-24 15:31:36,068] Trial 182 finished with value: 0.013123569078743458 and parameters: {'L1_hidden_dim': 112, 'L1_layers_atom': 3, 'L1_layers_mol': 4, 'L1_dropout': 0.1052455799040026, 'L1_out_dim': 64, 'L2_hidden_dim': 80, 'L2_layers_atom': 2, 'L2_layers_mol': 3, 'L2_out_dim': 32, 'L2_dropout': 0.015244633934645587, 'L3_hidden_dim': 32, 'L3_layers_atom': 3, 'L3_layers_mol': 1, 'L3_out_dim': 128, 'L3_dropout': 0.2716293498503153, 'n_mlp_layers': 1, 'mlp_dim_0': 400, 'num_heads': 2, 'final_dropout': 0.1525400866743175, 'train_learning_rate': 0.0015495571505495416, 'train_lr_reduce': 0.6}. Best is trial 162 with value: 0.010640937834978104.
[I 2024-12-24 15:32:32,556] Trial 183 finished with value: 0.014286824502050877 and parameters: {'L1_hidden_dim': 160, 'L1_layers_atom': 3, 'L1_layers_mol': 4, 'L1_dropout': 0.021095123142657355, 'L1_out_dim': 128, 'L2_hidden_dim': 96, 'L2_layers_atom': 2, 'L2_layers_mol': 3, 'L2_out_dim': 32, 'L2_dropout': 0.060582126371447984, 'L3_hidden_dim': 32, 'L3_layers_atom': 2, 'L3_layers_mol': 1, 'L3_out_dim': 128, 'L3_dropout': 0.16901536712180404, 'n_mlp_layers': 1, 'mlp_dim_0': 456, 'num_heads': 2, 'final_dropout': 0.13532742864507505, 'train_learning_rate': 0.0005032350084239842, 'train_lr_reduce': 0.6}. Best is trial 162 with value: 0.010640937834978104.
[I 2024-12-24 15:33:12,884] Trial 185 finished with value: 0.011877329088747501 and parameters: {'L1_hidden_dim': 112, 'L1_layers_atom': 3, 'L1_layers_mol': 2, 'L1_dropout': 0.08088161999063959, 'L1_out_dim': 32, 'L2_hidden_dim': 64, 'L2_layers_atom': 3, 'L2_layers_mol': 2, 'L2_out_dim': 80, 'L2_dropout': 0.2131402337023457, 'L3_hidden_dim': 128, 'L3_layers_atom': 3, 'L3_layers_mol': 1, 'L3_out_dim': 96, 'L3_dropout': 0.2467246300569637, 'n_mlp_layers': 3, 'mlp_dim_0': 440, 'mlp_dim_1': 88, 'mlp_dim_2': 296, 'num_heads': 2, 'final_dropout': 0.2647217713519164, 'train_learning_rate': 0.0030685491627887207, 'train_lr_reduce': 0.6}. Best is trial 162 with value: 0.010640937834978104.
[I 2024-12-24 15:34:00,764] Trial 186 finished with value: 0.011137316934764385 and parameters: {'L1_hidden_dim': 144, 'L1_layers_atom': 2, 'L1_layers_mol': 4, 'L1_dropout': 0.05883208616479691, 'L1_out_dim': 112, 'L2_hidden_dim': 80, 'L2_layers_atom': 3, 'L2_layers_mol': 3, 'L2_out_dim': 64, 'L2_dropout': 0.13444110241192306, 'L3_hidden_dim': 80, 'L3_layers_atom': 2, 'L3_layers_mol': 1, 'L3_out_dim': 112, 'L3_dropout': 0.2962352589388111, 'n_mlp_layers': 3, 'mlp_dim_0': 152, 'mlp_dim_1': 80, 'mlp_dim_2': 232, 'num_heads': 2, 'final_dropout': 0.26630087920075146, 'train_learning_rate': 0.003014720130453778, 'train_lr_reduce': 0.6}. Best is trial 162 with value: 0.010640937834978104.
[I 2024-12-24 15:34:19,422] Trial 184 finished with value: 0.019148658961057663 and parameters: {'L1_hidden_dim': 96, 'L1_layers_atom': 1, 'L1_layers_mol': 4, 'L1_dropout': 0.03918892056416148, 'L1_out_dim': 48, 'L2_hidden_dim': 112, 'L2_layers_atom': 1, 'L2_layers_mol': 4, 'L2_out_dim': 112, 'L2_dropout': 0.11556276341496483, 'L3_hidden_dim': 128, 'L3_layers_atom': 4, 'L3_layers_mol': 2, 'L3_out_dim': 128, 'L3_dropout': 0.2650808841329233, 'n_mlp_layers': 2, 'mlp_dim_0': 472, 'mlp_dim_1': 80, 'num_heads': 2, 'final_dropout': 0.03951885777737853, 'train_learning_rate': 0.00019453853968021972, 'train_lr_reduce': 0.6}. Best is trial 162 with value: 0.010640937834978104.
[I 2024-12-24 15:34:53,330] Trial 187 finished with value: 0.011364420875906944 and parameters: {'L1_hidden_dim': 112, 'L1_layers_atom': 2, 'L1_layers_mol': 4, 'L1_dropout': 0.020648343760289914, 'L1_out_dim': 112, 'L2_hidden_dim': 64, 'L2_layers_atom': 2, 'L2_layers_mol': 3, 'L2_out_dim': 48, 'L2_dropout': 0.02377904294009566, 'L3_hidden_dim': 32, 'L3_layers_atom': 3, 'L3_layers_mol': 1, 'L3_out_dim': 96, 'L3_dropout': 0.22697290999850228, 'n_mlp_layers': 3, 'mlp_dim_0': 424, 'mlp_dim_1': 136, 'mlp_dim_2': 208, 'num_heads': 1, 'final_dropout': 0.20206318999725661, 'train_learning_rate': 0.0012579929954980274, 'train_lr_reduce': 0.6}. Best is trial 162 with value: 0.010640937834978104.
[I 2024-12-24 15:35:32,078] Trial 188 finished with value: 0.025999294593930244 and parameters: {'L1_hidden_dim': 64, 'L1_layers_atom': 1, 'L1_layers_mol': 4, 'L1_dropout': 0.1733780853186484, 'L1_out_dim': 96, 'L2_hidden_dim': 64, 'L2_layers_atom': 4, 'L2_layers_mol': 1, 'L2_out_dim': 48, 'L2_dropout': 0.057342956916184594, 'L3_hidden_dim': 64, 'L3_layers_atom': 3, 'L3_layers_mol': 1, 'L3_out_dim': 80, 'L3_dropout': 0.24993068061215, 'n_mlp_layers': 3, 'mlp_dim_0': 312, 'mlp_dim_1': 80, 'mlp_dim_2': 200, 'num_heads': 1, 'final_dropout': 0.18923835956353582, 'train_learning_rate': 0.00018871131549055232, 'train_lr_reduce': 0.6}. Best is trial 162 with value: 0.010640937834978104.
[I 2024-12-24 15:36:00,318] Trial 189 finished with value: 0.01071319542825222 and parameters: {'L1_hidden_dim': 80, 'L1_layers_atom': 2, 'L1_layers_mol': 3, 'L1_dropout': 0.016452409104633265, 'L1_out_dim': 32, 'L2_hidden_dim': 112, 'L2_layers_atom': 4, 'L2_layers_mol': 1, 'L2_out_dim': 64, 'L2_dropout': 0.020183104448091474, 'L3_hidden_dim': 112, 'L3_layers_atom': 4, 'L3_layers_mol': 1, 'L3_out_dim': 128, 'L3_dropout': 0.27844045081282287, 'n_mlp_layers': 3, 'mlp_dim_0': 480, 'mlp_dim_1': 160, 'mlp_dim_2': 208, 'num_heads': 2, 'final_dropout': 0.16934594741437448, 'train_learning_rate': 0.002193323924281159, 'train_lr_reduce': 0.6}. Best is trial 162 with value: 0.010640937834978104.
[I 2024-12-24 15:36:55,935] Trial 190 finished with value: 0.02029183693230152 and parameters: {'L1_hidden_dim': 96, 'L1_layers_atom': 1, 'L1_layers_mol': 4, 'L1_dropout': 0.062237980289722813, 'L1_out_dim': 48, 'L2_hidden_dim': 64, 'L2_layers_atom': 2, 'L2_layers_mol': 4, 'L2_out_dim': 80, 'L2_dropout': 0.08448228003634616, 'L3_hidden_dim': 128, 'L3_layers_atom': 4, 'L3_layers_mol': 1, 'L3_out_dim': 128, 'L3_dropout': 0.27457097008605397, 'n_mlp_layers': 3, 'mlp_dim_0': 416, 'mlp_dim_1': 432, 'mlp_dim_2': 224, 'num_heads': 2, 'final_dropout': 0.02080343646484344, 'train_learning_rate': 0.0010534959864536059, 'train_lr_reduce': 0.6}. Best is trial 162 with value: 0.010640937834978104.
[I 2024-12-24 15:36:57,446] Trial 191 finished with value: 0.013742819428443909 and parameters: {'L1_hidden_dim': 160, 'L1_layers_atom': 2, 'L1_layers_mol': 4, 'L1_dropout': 0.03564262786060515, 'L1_out_dim': 128, 'L2_hidden_dim': 80, 'L2_layers_atom': 4, 'L2_layers_mol': 3, 'L2_out_dim': 32, 'L2_dropout': 0.13470534109846458, 'L3_hidden_dim': 96, 'L3_layers_atom': 2, 'L3_layers_mol': 1, 'L3_out_dim': 112, 'L3_dropout': 0.28391952264774295, 'n_mlp_layers': 3, 'mlp_dim_0': 264, 'mlp_dim_1': 72, 'mlp_dim_2': 184, 'num_heads': 2, 'final_dropout': 0.22576839418905628, 'train_learning_rate': 0.008519588369933889, 'train_lr_reduce': 0.6}. Best is trial 162 with value: 0.010640937834978104.
