[I 2024-12-19 21:16:35,734] Trial 1868 finished with value: 0.10994024574756622 and parameters: {'mlp_n_layers': 4, 'mlp_dim_00': 184, 'mlp_dim_01': 407, 'mlp_dim_02': 337, 'mlp_dim_03': 512, 'node_hidden_dim': 54, 'edge_hidden_dim': 82, 'depth': 1, 'rep_dropout': 0.1444840756975768, 'train_learning_rate': 0.0007524938037365801, 'train_lr_reduce': 0.6}. Best is trial 122 with value: 0.09548358619213104.
[I 2024-12-19 21:16:41,116] Trial 1874 finished with value: 1.633652687072754 and parameters: {'mlp_n_layers': 2, 'mlp_dim_00': 510, 'mlp_dim_01': 368, 'node_hidden_dim': 110, 'edge_hidden_dim': 37, 'depth': 1, 'rep_dropout': 0.14138063923175356, 'train_learning_rate': 0.00044595265843747436, 'train_lr_reduce': 0.6}. Best is trial 122 with value: 0.09548358619213104.
[I 2024-12-19 21:16:42,057] Trial 1866 finished with value: 0.25294485688209534 and parameters: {'mlp_n_layers': 4, 'mlp_dim_00': 261, 'mlp_dim_01': 310, 'mlp_dim_02': 357, 'mlp_dim_03': 478, 'node_hidden_dim': 53, 'edge_hidden_dim': 80, 'depth': 1, 'rep_dropout': 0.10603036594729653, 'train_learning_rate': 0.0006677697143484444, 'train_lr_reduce': 0.6}. Best is trial 122 with value: 0.09548358619213104.
[I 2024-12-19 21:16:46,392] Trial 1875 finished with value: 1.669764757156372 and parameters: {'mlp_n_layers': 4, 'mlp_dim_00': 350, 'mlp_dim_01': 473, 'mlp_dim_02': 368, 'mlp_dim_03': 451, 'node_hidden_dim': 51, 'edge_hidden_dim': 78, 'depth': 1, 'rep_dropout': 0.10234808848128875, 'train_learning_rate': 0.0004556494989551692, 'train_lr_reduce': 0.6}. Best is trial 122 with value: 0.09548358619213104.
[I 2024-12-19 21:16:48,489] Trial 1873 finished with value: 0.3231131136417389 and parameters: {'mlp_n_layers': 4, 'mlp_dim_00': 366, 'mlp_dim_01': 322, 'mlp_dim_02': 425, 'mlp_dim_03': 415, 'node_hidden_dim': 87, 'edge_hidden_dim': 38, 'depth': 1, 'rep_dropout': 0.09809538260730338, 'train_learning_rate': 0.00206807252445942, 'train_lr_reduce': 0.6}. Best is trial 122 with value: 0.09548358619213104.
[I 2024-12-19 21:16:53,630] Trial 1878 finished with value: 1.6009693145751953 and parameters: {'mlp_n_layers': 3, 'mlp_dim_00': 319, 'mlp_dim_01': 309, 'mlp_dim_02': 424, 'node_hidden_dim': 94, 'edge_hidden_dim': 74, 'depth': 2, 'rep_dropout': 0.09763662990982447, 'train_learning_rate': 0.0016130248167524456, 'train_lr_reduce': 0.6}. Best is trial 122 with value: 0.09548358619213104.
[I 2024-12-19 21:16:55,560] Trial 1877 finished with value: 1.3878709077835083 and parameters: {'mlp_n_layers': 2, 'mlp_dim_00': 418, 'mlp_dim_01': 368, 'node_hidden_dim': 48, 'edge_hidden_dim': 53, 'depth': 4, 'rep_dropout': 0.00026400177248261936, 'train_learning_rate': 0.0032718356598730263, 'train_lr_reduce': 0.6}. Best is trial 122 with value: 0.09548358619213104.
[I 2024-12-19 21:17:00,279] Trial 1879 finished with value: 1.5340310335159302 and parameters: {'mlp_n_layers': 1, 'mlp_dim_00': 345, 'node_hidden_dim': 52, 'edge_hidden_dim': 110, 'depth': 2, 'rep_dropout': 0.04182378313589201, 'train_learning_rate': 0.0064529206928161205, 'train_lr_reduce': 0.6}. Best is trial 122 with value: 0.09548358619213104.
[I 2024-12-19 21:17:00,474] Trial 1880 finished with value: 1.609591007232666 and parameters: {'mlp_n_layers': 4, 'mlp_dim_00': 404, 'mlp_dim_01': 480, 'mlp_dim_02': 373, 'mlp_dim_03': 405, 'node_hidden_dim': 50, 'edge_hidden_dim': 76, 'depth': 1, 'rep_dropout': 0.0295216819994175, 'train_learning_rate': 0.001792460249453239, 'train_lr_reduce': 0.6}. Best is trial 122 with value: 0.09548358619213104.
[I 2024-12-19 21:17:03,140] Trial 1876 finished with value: 0.279885470867157 and parameters: {'mlp_n_layers': 4, 'mlp_dim_00': 344, 'mlp_dim_01': 409, 'mlp_dim_02': 331, 'mlp_dim_03': 478, 'node_hidden_dim': 68, 'edge_hidden_dim': 77, 'depth': 1, 'rep_dropout': 0.10147690691697438, 'train_learning_rate': 0.000886370992160426, 'train_lr_reduce': 0.6}. Best is trial 122 with value: 0.09548358619213104.
[I 2024-12-19 21:17:22,808] Trial 1882 finished with value: 0.3844071626663208 and parameters: {'mlp_n_layers': 4, 'mlp_dim_00': 321, 'mlp_dim_01': 409, 'mlp_dim_02': 413, 'mlp_dim_03': 486, 'node_hidden_dim': 88, 'edge_hidden_dim': 59, 'depth': 2, 'rep_dropout': 0.07251599037036252, 'train_learning_rate': 0.0024188751485027947, 'train_lr_reduce': 0.6}. Best is trial 122 with value: 0.09548358619213104.
[I 2024-12-19 21:17:28,385] Trial 1884 finished with value: 1.6742393970489502 and parameters: {'mlp_n_layers': 4, 'mlp_dim_00': 295, 'mlp_dim_01': 333, 'mlp_dim_02': 379, 'mlp_dim_03': 510, 'node_hidden_dim': 49, 'edge_hidden_dim': 90, 'depth': 1, 'rep_dropout': 0.14349671790603208, 'train_learning_rate': 0.00044687456619829153, 'train_lr_reduce': 0.6}. Best is trial 122 with value: 0.09548358619213104.
[I 2024-12-19 21:17:30,336] Trial 1881 finished with value: 0.13470804691314697 and parameters: {'mlp_n_layers': 4, 'mlp_dim_00': 356, 'mlp_dim_01': 448, 'mlp_dim_02': 309, 'mlp_dim_03': 447, 'node_hidden_dim': 93, 'edge_hidden_dim': 84, 'depth': 1, 'rep_dropout': 0.08613976119088376, 'train_learning_rate': 0.0010067844048901597, 'train_lr_reduce': 0.6}. Best is trial 122 with value: 0.09548358619213104.
[I 2024-12-19 21:17:37,992] Trial 1886 finished with value: 1.561077356338501 and parameters: {'mlp_n_layers': 4, 'mlp_dim_00': 114, 'mlp_dim_01': 449, 'mlp_dim_02': 512, 'mlp_dim_03': 446, 'node_hidden_dim': 94, 'edge_hidden_dim': 110, 'depth': 3, 'rep_dropout': 0.012483482893296594, 'train_learning_rate': 0.008506185197509227, 'train_lr_reduce': 0.6}. Best is trial 122 with value: 0.09548358619213104.
[I 2024-12-19 21:17:42,966] Trial 1887 finished with value: 1.5633493661880493 and parameters: {'mlp_n_layers': 2, 'mlp_dim_00': 465, 'mlp_dim_01': 320, 'node_hidden_dim': 91, 'edge_hidden_dim': 71, 'depth': 1, 'rep_dropout': 0.11532794378068713, 'train_learning_rate': 0.0013528712222983868, 'train_lr_reduce': 0.6}. Best is trial 122 with value: 0.09548358619213104.
[I 2024-12-19 21:17:45,927] Trial 1883 finished with value: 0.1278081238269806 and parameters: {'mlp_n_layers': 4, 'mlp_dim_00': 349, 'mlp_dim_01': 279, 'mlp_dim_02': 346, 'mlp_dim_03': 405, 'node_hidden_dim': 47, 'edge_hidden_dim': 67, 'depth': 1, 'rep_dropout': 0.11651523780226496, 'train_learning_rate': 0.0010380121273078381, 'train_lr_reduce': 0.6}. Best is trial 122 with value: 0.09548358619213104.
[I 2024-12-19 21:17:51,890] Trial 1889 finished with value: 1.5566208362579346 and parameters: {'mlp_n_layers': 1, 'mlp_dim_00': 495, 'node_hidden_dim': 43, 'edge_hidden_dim': 64, 'depth': 4, 'rep_dropout': 0.14215973928692138, 'train_learning_rate': 0.0014994767366337865, 'train_lr_reduce': 0.6}. Best is trial 122 with value: 0.09548358619213104.
[I 2024-12-19 21:17:53,962] Trial 1888 finished with value: 1.5982476472854614 and parameters: {'mlp_n_layers': 4, 'mlp_dim_00': 144, 'mlp_dim_01': 209, 'mlp_dim_02': 272, 'mlp_dim_03': 395, 'node_hidden_dim': 92, 'edge_hidden_dim': 56, 'depth': 4, 'rep_dropout': 0.05173832505059615, 'train_learning_rate': 0.009113903444201047, 'train_lr_reduce': 0.6}. Best is trial 122 with value: 0.09548358619213104.
[I 2024-12-19 21:17:58,349] Trial 1890 finished with value: 1.6679774522781372 and parameters: {'mlp_n_layers': 4, 'mlp_dim_00': 290, 'mlp_dim_01': 363, 'mlp_dim_02': 432, 'mlp_dim_03': 479, 'node_hidden_dim': 37, 'edge_hidden_dim': 70, 'depth': 1, 'rep_dropout': 0.10191655650931218, 'train_learning_rate': 0.0008886065625184758, 'train_lr_reduce': 0.6}. Best is trial 122 with value: 0.09548358619213104.
[I 2024-12-19 21:18:11,531] Trial 1885 finished with value: 0.10949099808931351 and parameters: {'mlp_n_layers': 3, 'mlp_dim_00': 353, 'mlp_dim_01': 378, 'mlp_dim_02': 164, 'node_hidden_dim': 96, 'edge_hidden_dim': 33, 'depth': 1, 'rep_dropout': 0.10171542108735122, 'train_learning_rate': 0.001590491328993314, 'train_lr_reduce': 0.6}. Best is trial 122 with value: 0.09548358619213104.
[I 2024-12-19 21:18:16,129] Trial 1893 finished with value: 1.6500375270843506 and parameters: {'mlp_n_layers': 3, 'mlp_dim_00': 403, 'mlp_dim_01': 483, 'mlp_dim_02': 314, 'node_hidden_dim': 90, 'edge_hidden_dim': 68, 'depth': 2, 'rep_dropout': 0.08744363781614437, 'train_learning_rate': 0.0008011600135901707, 'train_lr_reduce': 0.6}. Best is trial 122 with value: 0.09548358619213104.
[I 2024-12-19 21:18:16,586] Trial 1891 finished with value: 0.20703865587711334 and parameters: {'mlp_n_layers': 4, 'mlp_dim_00': 206, 'mlp_dim_01': 409, 'mlp_dim_02': 341, 'mlp_dim_03': 445, 'node_hidden_dim': 93, 'edge_hidden_dim': 68, 'depth': 1, 'rep_dropout': 0.08998518139609274, 'train_learning_rate': 0.0006305720617540305, 'train_lr_reduce': 0.6}. Best is trial 122 with value: 0.09548358619213104.
[I 2024-12-19 21:18:21,172] Trial 1894 finished with value: 1.5996040105819702 and parameters: {'mlp_n_layers': 3, 'mlp_dim_00': 419, 'mlp_dim_01': 303, 'mlp_dim_02': 447, 'node_hidden_dim': 103, 'edge_hidden_dim': 114, 'depth': 2, 'rep_dropout': 0.06119034064240734, 'train_learning_rate': 0.0011882469120665332, 'train_lr_reduce': 0.6}. Best is trial 122 with value: 0.09548358619213104.
[I 2024-12-19 21:18:38,433] Trial 1892 finished with value: 0.1152443215250969 and parameters: {'mlp_n_layers': 3, 'mlp_dim_00': 339, 'mlp_dim_01': 263, 'mlp_dim_02': 398, 'node_hidden_dim': 72, 'edge_hidden_dim': 72, 'depth': 1, 'rep_dropout': 0.09416220714967641, 'train_learning_rate': 0.0028220057793553566, 'train_lr_reduce': 0.6}. Best is trial 122 with value: 0.09548358619213104.
[I 2024-12-19 21:18:53,887] Trial 1895 finished with value: 0.1297818124294281 and parameters: {'mlp_n_layers': 4, 'mlp_dim_00': 439, 'mlp_dim_01': 445, 'mlp_dim_02': 383, 'mlp_dim_03': 405, 'node_hidden_dim': 47, 'edge_hidden_dim': 86, 'depth': 1, 'rep_dropout': 0.12983255362000767, 'train_learning_rate': 0.000648470886963778, 'train_lr_reduce': 0.6}. Best is trial 122 with value: 0.09548358619213104.
[I 2024-12-19 21:19:06,501] Trial 1896 finished with value: 0.20554518699645996 and parameters: {'mlp_n_layers': 4, 'mlp_dim_00': 363, 'mlp_dim_01': 347, 'mlp_dim_02': 363, 'mlp_dim_03': 512, 'node_hidden_dim': 56, 'edge_hidden_dim': 66, 'depth': 1, 'rep_dropout': 0.116610144520396, 'train_learning_rate': 0.0007137555582563237, 'train_lr_reduce': 0.6}. Best is trial 122 with value: 0.09548358619213104.
[I 2024-12-19 21:19:11,700] Trial 1899 finished with value: 1.6729587316513062 and parameters: {'mlp_n_layers': 3, 'mlp_dim_00': 444, 'mlp_dim_01': 419, 'mlp_dim_02': 437, 'node_hidden_dim': 76, 'edge_hidden_dim': 45, 'depth': 2, 'rep_dropout': 0.12026003099605471, 'train_learning_rate': 0.00035990669554564957, 'train_lr_reduce': 0.6}. Best is trial 122 with value: 0.09548358619213104.
[I 2024-12-19 21:19:13,798] Trial 1898 finished with value: 0.2856600880622864 and parameters: {'mlp_n_layers': 4, 'mlp_dim_00': 419, 'mlp_dim_01': 392, 'mlp_dim_02': 126, 'mlp_dim_03': 475, 'node_hidden_dim': 87, 'edge_hidden_dim': 80, 'depth': 1, 'rep_dropout': 0.09356587088770285, 'train_learning_rate': 0.0025914901458097663, 'train_lr_reduce': 0.6}. Best is trial 122 with value: 0.09548358619213104.
[I 2024-12-19 21:19:16,381] Trial 1897 finished with value: 0.14008015394210815 and parameters: {'mlp_n_layers': 4, 'mlp_dim_00': 418, 'mlp_dim_01': 484, 'mlp_dim_02': 212, 'mlp_dim_03': 444, 'node_hidden_dim': 89, 'edge_hidden_dim': 67, 'depth': 2, 'rep_dropout': 0.07982068727335663, 'train_learning_rate': 0.0014046793058382784, 'train_lr_reduce': 0.6}. Best is trial 122 with value: 0.09548358619213104.
[I 2024-12-19 21:19:18,430] Trial 1901 finished with value: 1.6790759563446045 and parameters: {'mlp_n_layers': 4, 'mlp_dim_00': 373, 'mlp_dim_01': 338, 'mlp_dim_02': 343, 'mlp_dim_03': 440, 'node_hidden_dim': 93, 'edge_hidden_dim': 113, 'depth': 1, 'rep_dropout': 0.13818072087678726, 'train_learning_rate': 0.00033175048580262877, 'train_lr_reduce': 0.6}. Best is trial 122 with value: 0.09548358619213104.
[I 2024-12-19 21:19:23,507] Trial 1903 finished with value: 1.6549996137619019 and parameters: {'mlp_n_layers': 4, 'mlp_dim_00': 509, 'mlp_dim_01': 447, 'mlp_dim_02': 413, 'mlp_dim_03': 396, 'node_hidden_dim': 54, 'edge_hidden_dim': 57, 'depth': 1, 'rep_dropout': 0.11672753264096344, 'train_learning_rate': 0.003459443600374717, 'train_lr_reduce': 0.6}. Best is trial 122 with value: 0.09548358619213104.
[I 2024-12-19 21:20:02,003] Trial 1902 finished with value: 0.11280285567045212 and parameters: {'mlp_n_layers': 4, 'mlp_dim_00': 237, 'mlp_dim_01': 478, 'mlp_dim_02': 512, 'mlp_dim_03': 478, 'node_hidden_dim': 89, 'edge_hidden_dim': 59, 'depth': 2, 'rep_dropout': 0.11554711874865924, 'train_learning_rate': 0.0005739694311557862, 'train_lr_reduce': 0.6}. Best is trial 122 with value: 0.09548358619213104.
[I 2024-12-19 21:20:02,676] Trial 1900 finished with value: 0.265623539686203 and parameters: {'mlp_n_layers': 4, 'mlp_dim_00': 240, 'mlp_dim_01': 277, 'mlp_dim_02': 301, 'mlp_dim_03': 391, 'node_hidden_dim': 110, 'edge_hidden_dim': 58, 'depth': 2, 'rep_dropout': 0.14818086874804975, 'train_learning_rate': 0.0009816856003278971, 'train_lr_reduce': 0.6}. Best is trial 122 with value: 0.09548358619213104.
[I 2024-12-19 21:20:08,080] Trial 1906 finished with value: 1.6702487468719482 and parameters: {'mlp_n_layers': 3, 'mlp_dim_00': 274, 'mlp_dim_01': 239, 'mlp_dim_02': 441, 'node_hidden_dim': 33, 'edge_hidden_dim': 85, 'depth': 1, 'rep_dropout': 0.07314693390656177, 'train_learning_rate': 0.00041267748993827774, 'train_lr_reduce': 0.6}. Best is trial 122 with value: 0.09548358619213104.
[I 2024-12-19 21:20:10,594] Trial 1904 finished with value: 1.238903284072876 and parameters: {'mlp_n_layers': 4, 'mlp_dim_00': 362, 'mlp_dim_01': 377, 'mlp_dim_02': 380, 'mlp_dim_03': 512, 'node_hidden_dim': 37, 'edge_hidden_dim': 80, 'depth': 1, 'rep_dropout': 0.11442974399258636, 'train_learning_rate': 0.0004392505347142849, 'train_lr_reduce': 0.6}. Best is trial 122 with value: 0.09548358619213104.
[I 2024-12-19 21:20:52,082] Trial 1905 finished with value: 0.12362721562385559 and parameters: {'mlp_n_layers': 4, 'mlp_dim_00': 315, 'mlp_dim_01': 310, 'mlp_dim_02': 256, 'mlp_dim_03': 445, 'node_hidden_dim': 92, 'edge_hidden_dim': 120, 'depth': 3, 'rep_dropout': 0.1461876435065882, 'train_learning_rate': 0.0014526708789219748, 'train_lr_reduce': 0.6}. Best is trial 122 with value: 0.09548358619213104.
[I 2024-12-19 21:20:56,887] Trial 1907 finished with value: 0.1252989023923874 and parameters: {'mlp_n_layers': 4, 'mlp_dim_00': 461, 'mlp_dim_01': 512, 'mlp_dim_02': 335, 'mlp_dim_03': 411, 'node_hidden_dim': 75, 'edge_hidden_dim': 81, 'depth': 1, 'rep_dropout': 0.05648025913466151, 'train_learning_rate': 0.0006552088096109584, 'train_lr_reduce': 0.6}. Best is trial 122 with value: 0.09548358619213104.
[I 2024-12-19 21:20:56,892] Trial 1908 finished with value: 0.10579080134630203 and parameters: {'mlp_n_layers': 4, 'mlp_dim_00': 290, 'mlp_dim_01': 413, 'mlp_dim_02': 479, 'mlp_dim_03': 477, 'node_hidden_dim': 90, 'edge_hidden_dim': 71, 'depth': 1, 'rep_dropout': 0.06267530998327564, 'train_learning_rate': 0.0009014148917667372, 'train_lr_reduce': 0.6}. Best is trial 122 with value: 0.09548358619213104.
[I 2024-12-19 21:20:57,705] Trial 1909 finished with value: 1.683762550354004 and parameters: {'mlp_n_layers': 4, 'mlp_dim_00': 392, 'mlp_dim_01': 345, 'mlp_dim_02': 391, 'mlp_dim_03': 375, 'node_hidden_dim': 66, 'edge_hidden_dim': 79, 'depth': 1, 'rep_dropout': 0.11415136757660971, 'train_learning_rate': 0.0003338689177795607, 'train_lr_reduce': 0.6}. Best is trial 122 with value: 0.09548358619213104.
[I 2024-12-19 21:21:02,848] Trial 1911 finished with value: 1.6823357343673706 and parameters: {'mlp_n_layers': 4, 'mlp_dim_00': 115, 'mlp_dim_01': 450, 'mlp_dim_02': 444, 'mlp_dim_03': 444, 'node_hidden_dim': 32, 'edge_hidden_dim': 112, 'depth': 1, 'rep_dropout': 0.14873738539067127, 'train_learning_rate': 0.00017946085664316642, 'train_lr_reduce': 0.6}. Best is trial 122 with value: 0.09548358619213104.
[I 2024-12-19 21:21:18,321] Trial 1910 finished with value: 0.21188469231128693 and parameters: {'mlp_n_layers': 4, 'mlp_dim_00': 130, 'mlp_dim_01': 480, 'mlp_dim_02': 293, 'mlp_dim_03': 417, 'node_hidden_dim': 103, 'edge_hidden_dim': 86, 'depth': 1, 'rep_dropout': 0.1153377407369002, 'train_learning_rate': 0.0013214086432147174, 'train_lr_reduce': 0.6}. Best is trial 122 with value: 0.09548358619213104.
[I 2024-12-19 21:21:23,859] Trial 1912 finished with value: 0.184492826461792 and parameters: {'mlp_n_layers': 4, 'mlp_dim_00': 91, 'mlp_dim_01': 287, 'mlp_dim_02': 343, 'mlp_dim_03': 473, 'node_hidden_dim': 111, 'edge_hidden_dim': 81, 'depth': 1, 'rep_dropout': 0.13194392123231208, 'train_learning_rate': 0.00086351052202888, 'train_lr_reduce': 0.6}. Best is trial 122 with value: 0.09548358619213104.
[I 2024-12-19 21:21:29,258] Trial 1915 finished with value: 1.649632215499878 and parameters: {'mlp_n_layers': 1, 'mlp_dim_00': 503, 'node_hidden_dim': 40, 'edge_hidden_dim': 45, 'depth': 2, 'rep_dropout': 0.10146077138909983, 'train_learning_rate': 0.00037221730095823386, 'train_lr_reduce': 0.6}. Best is trial 122 with value: 0.09548358619213104.
[I 2024-12-19 21:21:36,023] Trial 1916 finished with value: 1.6859824657440186 and parameters: {'mlp_n_layers': 4, 'mlp_dim_00': 357, 'mlp_dim_01': 416, 'mlp_dim_02': 477, 'mlp_dim_03': 437, 'node_hidden_dim': 84, 'edge_hidden_dim': 51, 'depth': 2, 'rep_dropout': 0.08708520260354488, 'train_learning_rate': 0.00016427979136700245, 'train_lr_reduce': 0.6}. Best is trial 122 with value: 0.09548358619213104.
[I 2024-12-19 21:21:52,123] Trial 1913 finished with value: 0.18013443052768707 and parameters: {'mlp_n_layers': 4, 'mlp_dim_00': 447, 'mlp_dim_01': 380, 'mlp_dim_02': 408, 'mlp_dim_03': 477, 'node_hidden_dim': 93, 'edge_hidden_dim': 73, 'depth': 1, 'rep_dropout': 0.09622414469131066, 'train_learning_rate': 0.0006402003222361405, 'train_lr_reduce': 0.6}. Best is trial 122 with value: 0.09548358619213104.
[I 2024-12-19 21:21:57,986] Trial 1917 finished with value: 0.1900198608636856 and parameters: {'mlp_n_layers': 4, 'mlp_dim_00': 315, 'mlp_dim_01': 360, 'mlp_dim_02': 311, 'mlp_dim_03': 197, 'node_hidden_dim': 90, 'edge_hidden_dim': 54, 'depth': 1, 'rep_dropout': 0.08498759445413827, 'train_learning_rate': 0.001495855629736554, 'train_lr_reduce': 0.6}. Best is trial 122 with value: 0.09548358619213104.
[I 2024-12-19 21:22:03,996] Trial 1919 finished with value: 1.6770397424697876 and parameters: {'mlp_n_layers': 4, 'mlp_dim_00': 378, 'mlp_dim_01': 253, 'mlp_dim_02': 436, 'mlp_dim_03': 512, 'node_hidden_dim': 98, 'edge_hidden_dim': 83, 'depth': 2, 'rep_dropout': 0.14983079848450404, 'train_learning_rate': 0.0004268091237657275, 'train_lr_reduce': 0.6}. Best is trial 122 with value: 0.09548358619213104.
[I 2024-12-19 21:22:10,135] Trial 1914 finished with value: 0.18935821950435638 and parameters: {'mlp_n_layers': 4, 'mlp_dim_00': 274, 'mlp_dim_01': 321, 'mlp_dim_02': 368, 'mlp_dim_03': 380, 'node_hidden_dim': 83, 'edge_hidden_dim': 44, 'depth': 1, 'rep_dropout': 0.13574143270997335, 'train_learning_rate': 0.0003245140662282571, 'train_lr_reduce': 0.6}. Best is trial 122 with value: 0.09548358619213104.
[I 2024-12-19 21:22:12,148] Trial 1918 finished with value: 1.31721830368042 and parameters: {'mlp_n_layers': 2, 'mlp_dim_00': 229, 'mlp_dim_01': 480, 'node_hidden_dim': 61, 'edge_hidden_dim': 67, 'depth': 3, 'rep_dropout': 0.03832259080500111, 'train_learning_rate': 0.0004310166845100417, 'train_lr_reduce': 0.6}. Best is trial 122 with value: 0.09548358619213104.
[I 2024-12-19 21:22:16,499] Trial 1921 finished with value: 1.6824811697006226 and parameters: {'mlp_n_layers': 4, 'mlp_dim_00': 348, 'mlp_dim_01': 453, 'mlp_dim_02': 365, 'mlp_dim_03': 380, 'node_hidden_dim': 81, 'edge_hidden_dim': 33, 'depth': 1, 'rep_dropout': 0.10722571485042823, 'train_learning_rate': 0.0003646340549989037, 'train_lr_reduce': 0.6}. Best is trial 122 with value: 0.09548358619213104.
[I 2024-12-19 21:22:22,626] Trial 1923 finished with value: 1.6418741941452026 and parameters: {'mlp_n_layers': 4, 'mlp_dim_00': 160, 'mlp_dim_01': 380, 'mlp_dim_02': 404, 'mlp_dim_03': 451, 'node_hidden_dim': 73, 'edge_hidden_dim': 63, 'depth': 1, 'rep_dropout': 0.12122288770277168, 'train_learning_rate': 0.0012188178327776262, 'train_lr_reduce': 0.6}. Best is trial 122 with value: 0.09548358619213104.
[I 2024-12-19 21:22:28,397] Trial 1924 finished with value: 1.5766396522521973 and parameters: {'mlp_n_layers': 3, 'mlp_dim_00': 399, 'mlp_dim_01': 512, 'mlp_dim_02': 329, 'node_hidden_dim': 36, 'edge_hidden_dim': 51, 'depth': 1, 'rep_dropout': 0.10880458353936663, 'train_learning_rate': 0.0018950632524601424, 'train_lr_reduce': 0.6}. Best is trial 122 with value: 0.09548358619213104.
[I 2024-12-19 21:22:37,879] Trial 1925 finished with value: 1.5771844387054443 and parameters: {'mlp_n_layers': 3, 'mlp_dim_00': 411, 'mlp_dim_01': 422, 'mlp_dim_02': 262, 'node_hidden_dim': 124, 'edge_hidden_dim': 73, 'depth': 4, 'rep_dropout': 0.09842326396158599, 'train_learning_rate': 0.0018840757272412473, 'train_lr_reduce': 0.6}. Best is trial 122 with value: 0.09548358619213104.
[I 2024-12-19 21:22:44,127] Trial 1926 finished with value: 1.6684045791625977 and parameters: {'mlp_n_layers': 3, 'mlp_dim_00': 467, 'mlp_dim_01': 347, 'mlp_dim_02': 480, 'node_hidden_dim': 84, 'edge_hidden_dim': 36, 'depth': 4, 'rep_dropout': 0.007034348507615612, 'train_learning_rate': 0.0003289464378896631, 'train_lr_reduce': 0.6}. Best is trial 122 with value: 0.09548358619213104.
[I 2024-12-19 21:22:50,149] Trial 1927 finished with value: 1.6603388786315918 and parameters: {'mlp_n_layers': 4, 'mlp_dim_00': 311, 'mlp_dim_01': 282, 'mlp_dim_02': 373, 'mlp_dim_03': 376, 'node_hidden_dim': 71, 'edge_hidden_dim': 84, 'depth': 2, 'rep_dropout': 0.09082348418994635, 'train_learning_rate': 0.0001291577077265529, 'train_lr_reduce': 0.6}. Best is trial 122 with value: 0.09548358619213104.
