[I 2024-12-19 07:56:36,083] Trial 344 finished with value: 1.1451654434204102 and parameters: {'mlp_n_layers': 3, 'mlp_dim_00': 475, 'mlp_dim_01': 229, 'mlp_dim_02': 455, 'node_hidden_dim': 83, 'edge_hidden_dim': 35, 'depth': 3, 'rep_dropout': 0.01574105288366346, 'train_learning_rate': 0.006447119855698278, 'train_lr_reduce': 0.6}. Best is trial 231 with value: 0.17593608796596527.
[I 2024-12-19 07:56:38,215] Trial 345 finished with value: 1.1424232721328735 and parameters: {'mlp_n_layers': 2, 'mlp_dim_00': 494, 'mlp_dim_01': 508, 'node_hidden_dim': 105, 'edge_hidden_dim': 33, 'depth': 3, 'rep_dropout': 0.0629503347678026, 'train_learning_rate': 0.006365686581904637, 'train_lr_reduce': 0.6}. Best is trial 231 with value: 0.17593608796596527.
[I 2024-12-19 07:56:42,122] Trial 346 finished with value: 1.1445027589797974 and parameters: {'mlp_n_layers': 3, 'mlp_dim_00': 487, 'mlp_dim_01': 395, 'mlp_dim_02': 446, 'node_hidden_dim': 86, 'edge_hidden_dim': 55, 'depth': 2, 'rep_dropout': 0.03978472694976242, 'train_learning_rate': 0.002696984101858402, 'train_lr_reduce': 0.6}. Best is trial 231 with value: 0.17593608796596527.
[I 2024-12-19 07:56:43,649] Trial 342 finished with value: 0.3145880103111267 and parameters: {'mlp_n_layers': 3, 'mlp_dim_00': 353, 'mlp_dim_01': 435, 'mlp_dim_02': 286, 'node_hidden_dim': 105, 'edge_hidden_dim': 34, 'depth': 2, 'rep_dropout': 0.020964896265384416, 'train_learning_rate': 0.009107429275546312, 'train_lr_reduce': 0.6}. Best is trial 231 with value: 0.17593608796596527.
[I 2024-12-19 07:56:45,052] Trial 347 finished with value: 1.142256736755371 and parameters: {'mlp_n_layers': 3, 'mlp_dim_00': 204, 'mlp_dim_01': 490, 'mlp_dim_02': 450, 'node_hidden_dim': 42, 'edge_hidden_dim': 54, 'depth': 2, 'rep_dropout': 0.20085334786294395, 'train_learning_rate': 0.00016014557536435254, 'train_lr_reduce': 0.6}. Best is trial 231 with value: 0.17593608796596527.
[I 2024-12-19 07:56:50,158] Trial 349 finished with value: 1.151421308517456 and parameters: {'mlp_n_layers': 3, 'mlp_dim_00': 393, 'mlp_dim_01': 248, 'mlp_dim_02': 404, 'node_hidden_dim': 66, 'edge_hidden_dim': 45, 'depth': 2, 'rep_dropout': 0.0988814888386019, 'train_learning_rate': 0.0035971776646092643, 'train_lr_reduce': 0.6}. Best is trial 231 with value: 0.17593608796596527.
[I 2024-12-19 07:56:57,495] Trial 351 finished with value: 1.1422500610351562 and parameters: {'mlp_n_layers': 3, 'mlp_dim_00': 308, 'mlp_dim_01': 354, 'mlp_dim_02': 462, 'node_hidden_dim': 40, 'edge_hidden_dim': 117, 'depth': 3, 'rep_dropout': 0.12523983168980365, 'train_learning_rate': 0.001322381841232819, 'train_lr_reduce': 0.6}. Best is trial 231 with value: 0.17593608796596527.
[I 2024-12-19 07:57:03,264] Trial 348 finished with value: 0.18753869831562042 and parameters: {'mlp_n_layers': 3, 'mlp_dim_00': 477, 'mlp_dim_01': 370, 'mlp_dim_02': 458, 'node_hidden_dim': 94, 'edge_hidden_dim': 33, 'depth': 2, 'rep_dropout': 0.00697581127611805, 'train_learning_rate': 0.006142666340408533, 'train_lr_reduce': 0.6}. Best is trial 231 with value: 0.17593608796596527.
[I 2024-12-19 07:57:05,690] Trial 350 finished with value: 0.41756752133369446 and parameters: {'mlp_n_layers': 2, 'mlp_dim_00': 485, 'mlp_dim_01': 449, 'node_hidden_dim': 115, 'edge_hidden_dim': 47, 'depth': 2, 'rep_dropout': 0.04074573843641789, 'train_learning_rate': 0.004727320439461658, 'train_lr_reduce': 0.6}. Best is trial 231 with value: 0.17593608796596527.
[I 2024-12-19 07:57:09,879] Trial 353 finished with value: 1.1426881551742554 and parameters: {'mlp_n_layers': 3, 'mlp_dim_00': 281, 'mlp_dim_01': 472, 'mlp_dim_02': 467, 'node_hidden_dim': 87, 'edge_hidden_dim': 95, 'depth': 2, 'rep_dropout': 0.10234198745183601, 'train_learning_rate': 0.002721579529168229, 'train_lr_reduce': 0.6}. Best is trial 231 with value: 0.17593608796596527.
[I 2024-12-19 07:57:13,463] Trial 354 finished with value: 1.1461730003356934 and parameters: {'mlp_n_layers': 4, 'mlp_dim_00': 147, 'mlp_dim_01': 176, 'mlp_dim_02': 455, 'mlp_dim_03': 422, 'node_hidden_dim': 89, 'edge_hidden_dim': 102, 'depth': 4, 'rep_dropout': 0.19336154104111422, 'train_learning_rate': 0.006599817860674525, 'train_lr_reduce': 0.6}. Best is trial 231 with value: 0.17593608796596527.
[I 2024-12-19 07:57:18,983] Trial 355 finished with value: 1.1422159671783447 and parameters: {'mlp_n_layers': 4, 'mlp_dim_00': 500, 'mlp_dim_01': 324, 'mlp_dim_02': 470, 'mlp_dim_03': 190, 'node_hidden_dim': 46, 'edge_hidden_dim': 88, 'depth': 3, 'rep_dropout': 0.15701411640490828, 'train_learning_rate': 0.00012491596317420103, 'train_lr_reduce': 0.6}. Best is trial 231 with value: 0.17593608796596527.
[I 2024-12-19 07:57:20,341] Trial 356 finished with value: 1.1422299146652222 and parameters: {'mlp_n_layers': 2, 'mlp_dim_00': 214, 'mlp_dim_01': 457, 'node_hidden_dim': 46, 'edge_hidden_dim': 119, 'depth': 4, 'rep_dropout': 0.03474269201769506, 'train_learning_rate': 0.00016903810198877196, 'train_lr_reduce': 0.6}. Best is trial 231 with value: 0.17593608796596527.
[I 2024-12-19 07:57:20,781] Trial 352 finished with value: 0.31755760312080383 and parameters: {'mlp_n_layers': 2, 'mlp_dim_00': 368, 'mlp_dim_01': 153, 'node_hidden_dim': 104, 'edge_hidden_dim': 58, 'depth': 2, 'rep_dropout': 0.0022215275245139722, 'train_learning_rate': 0.009094191028957652, 'train_lr_reduce': 0.6}. Best is trial 231 with value: 0.17593608796596527.
[I 2024-12-19 07:57:26,119] Trial 358 finished with value: 1.1424130201339722 and parameters: {'mlp_n_layers': 3, 'mlp_dim_00': 421, 'mlp_dim_01': 199, 'mlp_dim_02': 402, 'node_hidden_dim': 37, 'edge_hidden_dim': 126, 'depth': 2, 'rep_dropout': 0.05195147632990038, 'train_learning_rate': 0.0010299092173479123, 'train_lr_reduce': 0.6}. Best is trial 231 with value: 0.17593608796596527.
[I 2024-12-19 07:57:31,782] Trial 360 finished with value: 1.1513922214508057 and parameters: {'mlp_n_layers': 3, 'mlp_dim_00': 451, 'mlp_dim_01': 413, 'mlp_dim_02': 403, 'node_hidden_dim': 93, 'edge_hidden_dim': 37, 'depth': 2, 'rep_dropout': 0.0974290187050413, 'train_learning_rate': 0.0037988911889867945, 'train_lr_reduce': 0.6}. Best is trial 231 with value: 0.17593608796596527.
[I 2024-12-19 07:57:37,742] Trial 357 finished with value: 0.5978351831436157 and parameters: {'mlp_n_layers': 2, 'mlp_dim_00': 477, 'mlp_dim_01': 458, 'node_hidden_dim': 81, 'edge_hidden_dim': 60, 'depth': 2, 'rep_dropout': 0.03429963662359497, 'train_learning_rate': 0.003726187470607104, 'train_lr_reduce': 0.6}. Best is trial 231 with value: 0.17593608796596527.
[I 2024-12-19 07:57:45,093] Trial 359 finished with value: 0.25918087363243103 and parameters: {'mlp_n_layers': 3, 'mlp_dim_00': 398, 'mlp_dim_01': 328, 'mlp_dim_02': 469, 'node_hidden_dim': 90, 'edge_hidden_dim': 36, 'depth': 2, 'rep_dropout': 0.03760313616236009, 'train_learning_rate': 0.006417182110605143, 'train_lr_reduce': 0.6}. Best is trial 231 with value: 0.17593608796596527.
[I 2024-12-19 07:57:53,964] Trial 361 finished with value: 0.5135631561279297 and parameters: {'mlp_n_layers': 3, 'mlp_dim_00': 321, 'mlp_dim_01': 446, 'mlp_dim_02': 474, 'node_hidden_dim': 108, 'edge_hidden_dim': 72, 'depth': 2, 'rep_dropout': 0.10503783957181803, 'train_learning_rate': 0.005911528489806457, 'train_lr_reduce': 0.6}. Best is trial 231 with value: 0.17593608796596527.
[I 2024-12-19 07:58:01,427] Trial 362 finished with value: 0.20619511604309082 and parameters: {'mlp_n_layers': 3, 'mlp_dim_00': 489, 'mlp_dim_01': 376, 'mlp_dim_02': 512, 'node_hidden_dim': 103, 'edge_hidden_dim': 47, 'depth': 2, 'rep_dropout': 0.02728117175698134, 'train_learning_rate': 0.007988782202690106, 'train_lr_reduce': 0.6}. Best is trial 231 with value: 0.17593608796596527.
[I 2024-12-19 07:58:13,358] Trial 363 finished with value: 0.5566809177398682 and parameters: {'mlp_n_layers': 3, 'mlp_dim_00': 303, 'mlp_dim_01': 494, 'mlp_dim_02': 463, 'node_hidden_dim': 82, 'edge_hidden_dim': 81, 'depth': 3, 'rep_dropout': 0.010164808243346778, 'train_learning_rate': 0.009999687061415274, 'train_lr_reduce': 0.6}. Best is trial 231 with value: 0.17593608796596527.
[I 2024-12-19 07:58:15,843] Trial 365 finished with value: 0.6841147541999817 and parameters: {'mlp_n_layers': 2, 'mlp_dim_00': 488, 'mlp_dim_01': 423, 'node_hidden_dim': 94, 'edge_hidden_dim': 40, 'depth': 2, 'rep_dropout': 0.031776015002925095, 'train_learning_rate': 0.009864662006916098, 'train_lr_reduce': 0.6}. Best is trial 231 with value: 0.17593608796596527.
[I 2024-12-19 07:58:16,844] Trial 364 finished with value: 0.3128587603569031 and parameters: {'mlp_n_layers': 3, 'mlp_dim_00': 297, 'mlp_dim_01': 434, 'mlp_dim_02': 461, 'node_hidden_dim': 108, 'edge_hidden_dim': 55, 'depth': 2, 'rep_dropout': 0.03148336045369862, 'train_learning_rate': 0.0049118426081972266, 'train_lr_reduce': 0.6}. Best is trial 231 with value: 0.17593608796596527.
[I 2024-12-19 07:58:19,674] Trial 366 finished with value: 1.1556411981582642 and parameters: {'mlp_n_layers': 3, 'mlp_dim_00': 414, 'mlp_dim_01': 362, 'mlp_dim_02': 511, 'node_hidden_dim': 101, 'edge_hidden_dim': 39, 'depth': 2, 'rep_dropout': 0.015338092760783451, 'train_learning_rate': 0.0038019248158938854, 'train_lr_reduce': 0.6}. Best is trial 231 with value: 0.17593608796596527.
[I 2024-12-19 07:58:21,684] Trial 367 finished with value: 1.146787166595459 and parameters: {'mlp_n_layers': 2, 'mlp_dim_00': 493, 'mlp_dim_01': 494, 'node_hidden_dim': 102, 'edge_hidden_dim': 37, 'depth': 2, 'rep_dropout': 0.03719202148684182, 'train_learning_rate': 0.0020609347848530076, 'train_lr_reduce': 0.6}. Best is trial 231 with value: 0.17593608796596527.
[I 2024-12-19 07:58:24,017] Trial 368 finished with value: 1.154890537261963 and parameters: {'mlp_n_layers': 4, 'mlp_dim_00': 411, 'mlp_dim_01': 353, 'mlp_dim_02': 410, 'mlp_dim_03': 433, 'node_hidden_dim': 102, 'edge_hidden_dim': 46, 'depth': 3, 'rep_dropout': 0.04338996786582859, 'train_learning_rate': 0.006314364499661774, 'train_lr_reduce': 0.6}. Best is trial 231 with value: 0.17593608796596527.
[I 2024-12-19 07:58:27,038] Trial 370 finished with value: 1.142423391342163 and parameters: {'mlp_n_layers': 3, 'mlp_dim_00': 478, 'mlp_dim_01': 319, 'mlp_dim_02': 332, 'node_hidden_dim': 95, 'edge_hidden_dim': 32, 'depth': 2, 'rep_dropout': 0.015654040990351295, 'train_learning_rate': 0.004014489496057028, 'train_lr_reduce': 0.6}. Best is trial 231 with value: 0.17593608796596527.
[I 2024-12-19 07:58:27,356] Trial 369 finished with value: 1.142228603363037 and parameters: {'mlp_n_layers': 3, 'mlp_dim_00': 321, 'mlp_dim_01': 254, 'mlp_dim_02': 458, 'node_hidden_dim': 62, 'edge_hidden_dim': 100, 'depth': 4, 'rep_dropout': 0.2267834346814918, 'train_learning_rate': 0.0005675283231122768, 'train_lr_reduce': 0.6}. Best is trial 231 with value: 0.17593608796596527.
[I 2024-12-19 07:58:33,671] Trial 372 finished with value: 1.147968053817749 and parameters: {'mlp_n_layers': 3, 'mlp_dim_00': 467, 'mlp_dim_01': 318, 'mlp_dim_02': 468, 'node_hidden_dim': 86, 'edge_hidden_dim': 61, 'depth': 4, 'rep_dropout': 0.1543495825222415, 'train_learning_rate': 0.00122397781846053, 'train_lr_reduce': 0.6}. Best is trial 231 with value: 0.17593608796596527.
[I 2024-12-19 07:58:44,588] Trial 374 finished with value: 0.7896989583969116 and parameters: {'mlp_n_layers': 2, 'mlp_dim_00': 214, 'mlp_dim_01': 79, 'node_hidden_dim': 42, 'edge_hidden_dim': 86, 'depth': 2, 'rep_dropout': 0.17364850370829396, 'train_learning_rate': 0.009236540323902368, 'train_lr_reduce': 0.6}. Best is trial 231 with value: 0.17593608796596527.
[I 2024-12-19 07:58:44,591] Trial 371 finished with value: 0.44056016206741333 and parameters: {'mlp_n_layers': 3, 'mlp_dim_00': 488, 'mlp_dim_01': 383, 'mlp_dim_02': 417, 'node_hidden_dim': 101, 'edge_hidden_dim': 35, 'depth': 2, 'rep_dropout': 0.0017595483918889654, 'train_learning_rate': 0.0053454797329639606, 'train_lr_reduce': 0.6}. Best is trial 231 with value: 0.17593608796596527.
[I 2024-12-19 07:58:50,134] Trial 373 finished with value: 0.3295525312423706 and parameters: {'mlp_n_layers': 3, 'mlp_dim_00': 500, 'mlp_dim_01': 483, 'mlp_dim_02': 375, 'node_hidden_dim': 108, 'edge_hidden_dim': 33, 'depth': 2, 'rep_dropout': 0.03263582747039523, 'train_learning_rate': 0.008097268779159195, 'train_lr_reduce': 0.6}. Best is trial 231 with value: 0.17593608796596527.
[I 2024-12-19 07:58:50,584] Trial 376 finished with value: 1.1426498889923096 and parameters: {'mlp_n_layers': 3, 'mlp_dim_00': 381, 'mlp_dim_01': 440, 'mlp_dim_02': 509, 'node_hidden_dim': 56, 'edge_hidden_dim': 33, 'depth': 2, 'rep_dropout': 0.06497372041784705, 'train_learning_rate': 0.004473756894775891, 'train_lr_reduce': 0.6}. Best is trial 231 with value: 0.17593608796596527.
[I 2024-12-19 07:58:50,825] Trial 375 finished with value: 1.1431872844696045 and parameters: {'mlp_n_layers': 2, 'mlp_dim_00': 336, 'mlp_dim_01': 411, 'node_hidden_dim': 76, 'edge_hidden_dim': 55, 'depth': 2, 'rep_dropout': 0.130332815836423, 'train_learning_rate': 0.005261514422242207, 'train_lr_reduce': 0.6}. Best is trial 231 with value: 0.17593608796596527.
[I 2024-12-19 07:58:57,849] Trial 378 finished with value: 1.1421829462051392 and parameters: {'mlp_n_layers': 4, 'mlp_dim_00': 446, 'mlp_dim_01': 124, 'mlp_dim_02': 512, 'mlp_dim_03': 188, 'node_hidden_dim': 66, 'edge_hidden_dim': 109, 'depth': 4, 'rep_dropout': 0.15796413940386184, 'train_learning_rate': 0.006124405991028088, 'train_lr_reduce': 0.6}. Best is trial 231 with value: 0.17593608796596527.
[I 2024-12-19 07:58:57,899] Trial 379 finished with value: 1.1424858570098877 and parameters: {'mlp_n_layers': 2, 'mlp_dim_00': 102, 'mlp_dim_01': 450, 'node_hidden_dim': 35, 'edge_hidden_dim': 101, 'depth': 4, 'rep_dropout': 0.20178647873595087, 'train_learning_rate': 0.0005954636286994065, 'train_lr_reduce': 0.6}. Best is trial 231 with value: 0.17593608796596527.
[I 2024-12-19 07:59:13,901] Trial 377 finished with value: 0.5034843683242798 and parameters: {'mlp_n_layers': 3, 'mlp_dim_00': 339, 'mlp_dim_01': 122, 'mlp_dim_02': 400, 'node_hidden_dim': 62, 'edge_hidden_dim': 73, 'depth': 2, 'rep_dropout': 0.12437773588403647, 'train_learning_rate': 0.006165124720332402, 'train_lr_reduce': 0.6}. Best is trial 231 with value: 0.17593608796596527.
[I 2024-12-19 07:59:18,324] Trial 380 finished with value: 0.202963724732399 and parameters: {'mlp_n_layers': 3, 'mlp_dim_00': 493, 'mlp_dim_01': 410, 'mlp_dim_02': 340, 'node_hidden_dim': 90, 'edge_hidden_dim': 71, 'depth': 2, 'rep_dropout': 0.004928439830299806, 'train_learning_rate': 0.005558380937332011, 'train_lr_reduce': 0.6}. Best is trial 231 with value: 0.17593608796596527.
[I 2024-12-19 07:59:20,066] Trial 381 finished with value: 0.6296163201332092 and parameters: {'mlp_n_layers': 3, 'mlp_dim_00': 367, 'mlp_dim_01': 280, 'mlp_dim_02': 453, 'node_hidden_dim': 86, 'edge_hidden_dim': 47, 'depth': 2, 'rep_dropout': 0.018493040128876505, 'train_learning_rate': 0.006882808146014975, 'train_lr_reduce': 0.6}. Best is trial 231 with value: 0.17593608796596527.
[I 2024-12-19 07:59:20,913] Trial 382 finished with value: 1.1433298587799072 and parameters: {'mlp_n_layers': 2, 'mlp_dim_00': 433, 'mlp_dim_01': 126, 'node_hidden_dim': 32, 'edge_hidden_dim': 59, 'depth': 2, 'rep_dropout': 0.13029096265289467, 'train_learning_rate': 0.002027599640266677, 'train_lr_reduce': 0.6}. Best is trial 231 with value: 0.17593608796596527.
[I 2024-12-19 07:59:26,260] Trial 383 finished with value: 1.1420706510543823 and parameters: {'mlp_n_layers': 4, 'mlp_dim_00': 353, 'mlp_dim_01': 340, 'mlp_dim_02': 314, 'mlp_dim_03': 438, 'node_hidden_dim': 106, 'edge_hidden_dim': 110, 'depth': 2, 'rep_dropout': 0.16043976920283196, 'train_learning_rate': 0.00017934158354458404, 'train_lr_reduce': 0.6}. Best is trial 231 with value: 0.17593608796596527.
[I 2024-12-19 07:59:34,679] Trial 384 finished with value: 0.5139702558517456 and parameters: {'mlp_n_layers': 3, 'mlp_dim_00': 463, 'mlp_dim_01': 409, 'mlp_dim_02': 341, 'node_hidden_dim': 79, 'edge_hidden_dim': 55, 'depth': 2, 'rep_dropout': 0.028572502801716484, 'train_learning_rate': 0.007773506405705828, 'train_lr_reduce': 0.6}. Best is trial 231 with value: 0.17593608796596527.
[I 2024-12-19 07:59:41,160] Trial 387 finished with value: 1.144344449043274 and parameters: {'mlp_n_layers': 3, 'mlp_dim_00': 470, 'mlp_dim_01': 352, 'mlp_dim_02': 261, 'node_hidden_dim': 83, 'edge_hidden_dim': 63, 'depth': 2, 'rep_dropout': 0.0009865752812015577, 'train_learning_rate': 0.002363430926827959, 'train_lr_reduce': 0.6}. Best is trial 231 with value: 0.17593608796596527.
[I 2024-12-19 07:59:44,806] Trial 385 finished with value: 0.31269004940986633 and parameters: {'mlp_n_layers': 3, 'mlp_dim_00': 347, 'mlp_dim_01': 453, 'mlp_dim_02': 317, 'node_hidden_dim': 100, 'edge_hidden_dim': 42, 'depth': 2, 'rep_dropout': 0.10705605642362709, 'train_learning_rate': 0.005535052806114534, 'train_lr_reduce': 0.6}. Best is trial 231 with value: 0.17593608796596527.
[I 2024-12-19 07:59:46,423] Trial 386 finished with value: 0.5353979468345642 and parameters: {'mlp_n_layers': 4, 'mlp_dim_00': 363, 'mlp_dim_01': 379, 'mlp_dim_02': 361, 'mlp_dim_03': 512, 'node_hidden_dim': 89, 'edge_hidden_dim': 62, 'depth': 2, 'rep_dropout': 0.0720415003546189, 'train_learning_rate': 0.0051183900110042405, 'train_lr_reduce': 0.6}. Best is trial 231 with value: 0.17593608796596527.
[I 2024-12-19 07:59:47,249] Trial 388 finished with value: 1.1425286531448364 and parameters: {'mlp_n_layers': 2, 'mlp_dim_00': 145, 'mlp_dim_01': 223, 'node_hidden_dim': 35, 'edge_hidden_dim': 102, 'depth': 2, 'rep_dropout': 0.1281495503406504, 'train_learning_rate': 0.009098590665475104, 'train_lr_reduce': 0.6}. Best is trial 231 with value: 0.17593608796596527.
[I 2024-12-19 07:59:50,483] Trial 389 finished with value: 1.1500577926635742 and parameters: {'mlp_n_layers': 2, 'mlp_dim_00': 482, 'mlp_dim_01': 489, 'node_hidden_dim': 109, 'edge_hidden_dim': 55, 'depth': 2, 'rep_dropout': 0.10882981590316902, 'train_learning_rate': 0.004145791392351195, 'train_lr_reduce': 0.6}. Best is trial 231 with value: 0.17593608796596527.
[I 2024-12-19 07:59:52,240] Trial 390 finished with value: 1.1460871696472168 and parameters: {'mlp_n_layers': 3, 'mlp_dim_00': 511, 'mlp_dim_01': 460, 'mlp_dim_02': 397, 'node_hidden_dim': 89, 'edge_hidden_dim': 66, 'depth': 2, 'rep_dropout': 0.0001511887913349299, 'train_learning_rate': 0.007064255712383494, 'train_lr_reduce': 0.6}. Best is trial 231 with value: 0.17593608796596527.
[I 2024-12-19 07:59:57,369] Trial 392 finished with value: 1.1548895835876465 and parameters: {'mlp_n_layers': 2, 'mlp_dim_00': 109, 'mlp_dim_01': 80, 'node_hidden_dim': 99, 'edge_hidden_dim': 58, 'depth': 3, 'rep_dropout': 0.028340403370439266, 'train_learning_rate': 0.007514989245169153, 'train_lr_reduce': 0.6}. Best is trial 231 with value: 0.17593608796596527.
[I 2024-12-19 08:00:08,620] Trial 391 finished with value: 0.2868248224258423 and parameters: {'mlp_n_layers': 2, 'mlp_dim_00': 382, 'mlp_dim_01': 224, 'node_hidden_dim': 70, 'edge_hidden_dim': 35, 'depth': 2, 'rep_dropout': 0.012996826572081472, 'train_learning_rate': 0.004956212480752767, 'train_lr_reduce': 0.6}. Best is trial 231 with value: 0.17593608796596527.
[I 2024-12-19 08:00:12,914] Trial 393 finished with value: 0.513371467590332 and parameters: {'mlp_n_layers': 3, 'mlp_dim_00': 394, 'mlp_dim_01': 426, 'mlp_dim_02': 341, 'node_hidden_dim': 108, 'edge_hidden_dim': 58, 'depth': 2, 'rep_dropout': 0.06722604297370084, 'train_learning_rate': 0.008742032061740833, 'train_lr_reduce': 0.6}. Best is trial 231 with value: 0.17593608796596527.
[I 2024-12-19 08:00:19,729] Trial 396 finished with value: 1.1553168296813965 and parameters: {'mlp_n_layers': 3, 'mlp_dim_00': 509, 'mlp_dim_01': 463, 'mlp_dim_02': 413, 'node_hidden_dim': 64, 'edge_hidden_dim': 74, 'depth': 3, 'rep_dropout': 0.0022361425463623135, 'train_learning_rate': 0.003970753313310802, 'train_lr_reduce': 0.6}. Best is trial 231 with value: 0.17593608796596527.
[I 2024-12-19 08:00:20,127] Trial 394 finished with value: 0.2645341753959656 and parameters: {'mlp_n_layers': 3, 'mlp_dim_00': 292, 'mlp_dim_01': 402, 'mlp_dim_02': 449, 'node_hidden_dim': 67, 'edge_hidden_dim': 36, 'depth': 2, 'rep_dropout': 0.04161774325575519, 'train_learning_rate': 0.0052626108525473695, 'train_lr_reduce': 0.6}. Best is trial 231 with value: 0.17593608796596527.
[I 2024-12-19 08:00:26,801] Trial 397 finished with value: 1.142347812652588 and parameters: {'mlp_n_layers': 4, 'mlp_dim_00': 482, 'mlp_dim_01': 77, 'mlp_dim_02': 472, 'mlp_dim_03': 152, 'node_hidden_dim': 38, 'edge_hidden_dim': 79, 'depth': 4, 'rep_dropout': 0.2112574082176534, 'train_learning_rate': 0.001036753617981484, 'train_lr_reduce': 0.6}. Best is trial 231 with value: 0.17593608796596527.
[I 2024-12-19 08:00:27,350] Trial 398 finished with value: 1.142991304397583 and parameters: {'mlp_n_layers': 4, 'mlp_dim_00': 464, 'mlp_dim_01': 334, 'mlp_dim_02': 457, 'mlp_dim_03': 181, 'node_hidden_dim': 80, 'edge_hidden_dim': 35, 'depth': 2, 'rep_dropout': 0.0019904153272552547, 'train_learning_rate': 0.0061368194021558, 'train_lr_reduce': 0.6}. Best is trial 231 with value: 0.17593608796596527.
[I 2024-12-19 08:00:29,976] Trial 395 finished with value: 0.46587133407592773 and parameters: {'mlp_n_layers': 2, 'mlp_dim_00': 90, 'mlp_dim_01': 277, 'node_hidden_dim': 70, 'edge_hidden_dim': 64, 'depth': 2, 'rep_dropout': 0.1198931919080127, 'train_learning_rate': 0.00984922137769832, 'train_lr_reduce': 0.6}. Best is trial 231 with value: 0.17593608796596527.
[I 2024-12-19 08:00:32,383] Trial 399 finished with value: 1.1558247804641724 and parameters: {'mlp_n_layers': 3, 'mlp_dim_00': 327, 'mlp_dim_01': 394, 'mlp_dim_02': 464, 'node_hidden_dim': 87, 'edge_hidden_dim': 33, 'depth': 2, 'rep_dropout': 0.026402431487296745, 'train_learning_rate': 0.005095204304386849, 'train_lr_reduce': 0.6}. Best is trial 231 with value: 0.17593608796596527.
