[I 2024-12-25 02:15:05,681] Trial 1027 finished with value: 0.011487424373626709 and parameters: {'L1_hidden_dim': 144, 'L1_layers_atom': 1, 'L1_layers_mol': 3, 'L1_dropout': 0.04583247853701067, 'L1_out_dim': 112, 'L2_hidden_dim': 80, 'L2_layers_atom': 4, 'L2_layers_mol': 1, 'L2_out_dim': 96, 'L2_dropout': 0.014652138537628884, 'L3_hidden_dim': 96, 'L3_layers_atom': 4, 'L3_layers_mol': 3, 'L3_out_dim': 64, 'L3_dropout': 0.19185032081029746, 'n_mlp_layers': 2, 'mlp_dim_0': 424, 'mlp_dim_1': 32, 'num_heads': 2, 'final_dropout': 0.06422150057602288, 'train_learning_rate': 0.000164752888019246, 'train_lr_reduce': 0.6}. Best is trial 570 with value: 0.00952998548746109.
[I 2024-12-25 02:16:00,014] Trial 1028 finished with value: 0.010400914587080479 and parameters: {'L1_hidden_dim': 256, 'L1_layers_atom': 4, 'L1_layers_mol': 3, 'L1_dropout': 0.010656647954837175, 'L1_out_dim': 48, 'L2_hidden_dim': 224, 'L2_layers_atom': 4, 'L2_layers_mol': 2, 'L2_out_dim': 32, 'L2_dropout': 0.09941949381996971, 'L3_hidden_dim': 112, 'L3_layers_atom': 4, 'L3_layers_mol': 4, 'L3_out_dim': 128, 'L3_dropout': 0.26916636167276375, 'n_mlp_layers': 3, 'mlp_dim_0': 304, 'mlp_dim_1': 320, 'mlp_dim_2': 224, 'num_heads': 2, 'final_dropout': 0.05690410632526514, 'train_learning_rate': 0.0019050111650625464, 'train_lr_reduce': 0.6}. Best is trial 570 with value: 0.00952998548746109.
[I 2024-12-25 02:16:02,689] Trial 1029 finished with value: 0.012144317850470543 and parameters: {'L1_hidden_dim': 160, 'L1_layers_atom': 4, 'L1_layers_mol': 4, 'L1_dropout': 0.03595577270829017, 'L1_out_dim': 32, 'L2_hidden_dim': 192, 'L2_layers_atom': 2, 'L2_layers_mol': 1, 'L2_out_dim': 32, 'L2_dropout': 0.0978806254143378, 'L3_hidden_dim': 48, 'L3_layers_atom': 4, 'L3_layers_mol': 1, 'L3_out_dim': 128, 'L3_dropout': 0.2859335192066939, 'n_mlp_layers': 1, 'mlp_dim_0': 296, 'num_heads': 2, 'final_dropout': 0.011030150060514325, 'train_learning_rate': 0.0018803920802796437, 'train_lr_reduce': 0.6}. Best is trial 570 with value: 0.00952998548746109.
[I 2024-12-25 02:17:16,353] Trial 1030 finished with value: 0.012819785624742508 and parameters: {'L1_hidden_dim': 192, 'L1_layers_atom': 3, 'L1_layers_mol': 4, 'L1_dropout': 0.01316576172635176, 'L1_out_dim': 32, 'L2_hidden_dim': 208, 'L2_layers_atom': 3, 'L2_layers_mol': 1, 'L2_out_dim': 32, 'L2_dropout': 0.14773212853427775, 'L3_hidden_dim': 48, 'L3_layers_atom': 4, 'L3_layers_mol': 1, 'L3_out_dim': 96, 'L3_dropout': 0.22705312345327638, 'n_mlp_layers': 1, 'mlp_dim_0': 376, 'num_heads': 2, 'final_dropout': 0.03994792070183148, 'train_learning_rate': 0.0009798280777959382, 'train_lr_reduce': 0.6}. Best is trial 570 with value: 0.00952998548746109.
[I 2024-12-25 02:17:43,925] Trial 1031 finished with value: 0.011450204066932201 and parameters: {'L1_hidden_dim': 176, 'L1_layers_atom': 1, 'L1_layers_mol': 3, 'L1_dropout': 0.03380337158453531, 'L1_out_dim': 112, 'L2_hidden_dim': 144, 'L2_layers_atom': 3, 'L2_layers_mol': 1, 'L2_out_dim': 112, 'L2_dropout': 0.026330854047665192, 'L3_hidden_dim': 112, 'L3_layers_atom': 4, 'L3_layers_mol': 3, 'L3_out_dim': 64, 'L3_dropout': 0.17536823427697087, 'n_mlp_layers': 2, 'mlp_dim_0': 480, 'mlp_dim_1': 376, 'num_heads': 1, 'final_dropout': 0.1172883822498509, 'train_learning_rate': 0.00045098556298023496, 'train_lr_reduce': 0.6}. Best is trial 570 with value: 0.00952998548746109.
[I 2024-12-25 02:17:54,750] Trial 1032 finished with value: 0.012014796957373619 and parameters: {'L1_hidden_dim': 208, 'L1_layers_atom': 4, 'L1_layers_mol': 4, 'L1_dropout': 0.005875887074000034, 'L1_out_dim': 48, 'L2_hidden_dim': 192, 'L2_layers_atom': 3, 'L2_layers_mol': 1, 'L2_out_dim': 64, 'L2_dropout': 0.10870534447281964, 'L3_hidden_dim': 112, 'L3_layers_atom': 2, 'L3_layers_mol': 4, 'L3_out_dim': 112, 'L3_dropout': 0.21391088666380684, 'n_mlp_layers': 2, 'mlp_dim_0': 264, 'mlp_dim_1': 448, 'num_heads': 2, 'final_dropout': 0.07313725908225707, 'train_learning_rate': 0.0013766351311627456, 'train_lr_reduce': 0.6}. Best is trial 570 with value: 0.00952998548746109.
[I 2024-12-25 02:18:28,816] Trial 1033 finished with value: 0.012957282364368439 and parameters: {'L1_hidden_dim': 256, 'L1_layers_atom': 1, 'L1_layers_mol': 4, 'L1_dropout': 0.06734595602132959, 'L1_out_dim': 80, 'L2_hidden_dim': 240, 'L2_layers_atom': 2, 'L2_layers_mol': 4, 'L2_out_dim': 64, 'L2_dropout': 0.09501415394617677, 'L3_hidden_dim': 80, 'L3_layers_atom': 4, 'L3_layers_mol': 3, 'L3_out_dim': 128, 'L3_dropout': 0.15955104927957564, 'n_mlp_layers': 3, 'mlp_dim_0': 104, 'mlp_dim_1': 240, 'mlp_dim_2': 112, 'num_heads': 2, 'final_dropout': 0.14074104426290895, 'train_learning_rate': 0.009298323649294275, 'train_lr_reduce': 0.6}. Best is trial 570 with value: 0.00952998548746109.
[I 2024-12-25 02:19:15,277] Trial 1035 finished with value: 0.01324649341404438 and parameters: {'L1_hidden_dim': 96, 'L1_layers_atom': 1, 'L1_layers_mol': 1, 'L1_dropout': 0.07391460800495973, 'L1_out_dim': 80, 'L2_hidden_dim': 192, 'L2_layers_atom': 4, 'L2_layers_mol': 1, 'L2_out_dim': 48, 'L2_dropout': 0.024730083514435734, 'L3_hidden_dim': 112, 'L3_layers_atom': 3, 'L3_layers_mol': 1, 'L3_out_dim': 128, 'L3_dropout': 0.13651971239592708, 'n_mlp_layers': 3, 'mlp_dim_0': 448, 'mlp_dim_1': 336, 'mlp_dim_2': 72, 'num_heads': 2, 'final_dropout': 0.22957976321571782, 'train_learning_rate': 0.004162043995154361, 'train_lr_reduce': 0.6}. Best is trial 570 with value: 0.00952998548746109.
[I 2024-12-25 02:20:14,348] Trial 1034 finished with value: 0.016435375437140465 and parameters: {'L1_hidden_dim': 224, 'L1_layers_atom': 3, 'L1_layers_mol': 4, 'L1_dropout': 0.09028671429382737, 'L1_out_dim': 80, 'L2_hidden_dim': 112, 'L2_layers_atom': 3, 'L2_layers_mol': 4, 'L2_out_dim': 64, 'L2_dropout': 0.25574957499617057, 'L3_hidden_dim': 64, 'L3_layers_atom': 4, 'L3_layers_mol': 1, 'L3_out_dim': 96, 'L3_dropout': 0.13934140249046315, 'n_mlp_layers': 3, 'mlp_dim_0': 192, 'mlp_dim_1': 288, 'mlp_dim_2': 184, 'num_heads': 1, 'final_dropout': 0.2822851571227749, 'train_learning_rate': 0.006775693267616266, 'train_lr_reduce': 0.6}. Best is trial 570 with value: 0.00952998548746109.
[I 2024-12-25 02:20:22,512] Trial 1036 finished with value: 0.019143320620059967 and parameters: {'L1_hidden_dim': 112, 'L1_layers_atom': 3, 'L1_layers_mol': 2, 'L1_dropout': 0.07616436308481268, 'L1_out_dim': 64, 'L2_hidden_dim': 112, 'L2_layers_atom': 4, 'L2_layers_mol': 1, 'L2_out_dim': 128, 'L2_dropout': 0.0989762985408425, 'L3_hidden_dim': 96, 'L3_layers_atom': 4, 'L3_layers_mol': 2, 'L3_out_dim': 128, 'L3_dropout': 0.295479797718806, 'n_mlp_layers': 1, 'mlp_dim_0': 176, 'num_heads': 1, 'final_dropout': 0.14970452874446394, 'train_learning_rate': 0.00023734449770948957, 'train_lr_reduce': 0.6}. Best is trial 570 with value: 0.00952998548746109.
[I 2024-12-25 02:21:20,222] Trial 1037 finished with value: 0.01056004036217928 and parameters: {'L1_hidden_dim': 176, 'L1_layers_atom': 3, 'L1_layers_mol': 4, 'L1_dropout': 0.012844317200852792, 'L1_out_dim': 32, 'L2_hidden_dim': 208, 'L2_layers_atom': 3, 'L2_layers_mol': 1, 'L2_out_dim': 48, 'L2_dropout': 0.13477125200534676, 'L3_hidden_dim': 48, 'L3_layers_atom': 3, 'L3_layers_mol': 1, 'L3_out_dim': 128, 'L3_dropout': 0.29047893813171977, 'n_mlp_layers': 1, 'mlp_dim_0': 344, 'num_heads': 1, 'final_dropout': 0.06539185791815118, 'train_learning_rate': 0.0006709192631722624, 'train_lr_reduce': 0.6}. Best is trial 570 with value: 0.00952998548746109.
[I 2024-12-25 02:22:43,860] Trial 1039 finished with value: 0.010108685120940208 and parameters: {'L1_hidden_dim': 192, 'L1_layers_atom': 2, 'L1_layers_mol': 4, 'L1_dropout': 0.04680024937019081, 'L1_out_dim': 64, 'L2_hidden_dim': 240, 'L2_layers_atom': 3, 'L2_layers_mol': 1, 'L2_out_dim': 32, 'L2_dropout': 0.02393081068236544, 'L3_hidden_dim': 48, 'L3_layers_atom': 2, 'L3_layers_mol': 3, 'L3_out_dim': 64, 'L3_dropout': 0.27871176723156427, 'n_mlp_layers': 1, 'mlp_dim_0': 352, 'num_heads': 2, 'final_dropout': 0.07153405900170122, 'train_learning_rate': 0.0005788515384975302, 'train_lr_reduce': 0.6}. Best is trial 570 with value: 0.00952998548746109.
[I 2024-12-25 02:23:22,209] Trial 1038 finished with value: 0.01097183022648096 and parameters: {'L1_hidden_dim': 224, 'L1_layers_atom': 3, 'L1_layers_mol': 4, 'L1_dropout': 0.024538788722375443, 'L1_out_dim': 48, 'L2_hidden_dim': 160, 'L2_layers_atom': 4, 'L2_layers_mol': 1, 'L2_out_dim': 32, 'L2_dropout': 0.03251299673798649, 'L3_hidden_dim': 80, 'L3_layers_atom': 4, 'L3_layers_mol': 1, 'L3_out_dim': 128, 'L3_dropout': 0.2978068795214146, 'n_mlp_layers': 1, 'mlp_dim_0': 192, 'num_heads': 2, 'final_dropout': 0.1662832181198634, 'train_learning_rate': 0.0007917379854127847, 'train_lr_reduce': 0.6}. Best is trial 570 with value: 0.00952998548746109.
[I 2024-12-25 02:24:01,458] Trial 1040 finished with value: 0.014007463119924068 and parameters: {'L1_hidden_dim': 96, 'L1_layers_atom': 1, 'L1_layers_mol': 2, 'L1_dropout': 0.05079499527429605, 'L1_out_dim': 96, 'L2_hidden_dim': 144, 'L2_layers_atom': 4, 'L2_layers_mol': 1, 'L2_out_dim': 112, 'L2_dropout': 0.03682449449764514, 'L3_hidden_dim': 80, 'L3_layers_atom': 2, 'L3_layers_mol': 3, 'L3_out_dim': 48, 'L3_dropout': 0.1943081647464318, 'n_mlp_layers': 2, 'mlp_dim_0': 384, 'mlp_dim_1': 296, 'num_heads': 1, 'final_dropout': 0.22283625676246177, 'train_learning_rate': 0.0002582636279323137, 'train_lr_reduce': 0.6}. Best is trial 570 with value: 0.00952998548746109.
[I 2024-12-25 02:25:33,088] Trial 1041 finished with value: 0.01160916406661272 and parameters: {'L1_hidden_dim': 224, 'L1_layers_atom': 2, 'L1_layers_mol': 3, 'L1_dropout': 0.07482641327964823, 'L1_out_dim': 48, 'L2_hidden_dim': 240, 'L2_layers_atom': 2, 'L2_layers_mol': 1, 'L2_out_dim': 32, 'L2_dropout': 0.04421237013112695, 'L3_hidden_dim': 80, 'L3_layers_atom': 2, 'L3_layers_mol': 3, 'L3_out_dim': 48, 'L3_dropout': 0.29024276929175913, 'n_mlp_layers': 1, 'mlp_dim_0': 464, 'num_heads': 2, 'final_dropout': 0.04361239048346211, 'train_learning_rate': 0.0011149892165780919, 'train_lr_reduce': 0.6}. Best is trial 570 with value: 0.00952998548746109.
[I 2024-12-25 02:25:35,076] Trial 1042 finished with value: 0.011737828142940998 and parameters: {'L1_hidden_dim': 256, 'L1_layers_atom': 4, 'L1_layers_mol': 4, 'L1_dropout': 0.012336315611427904, 'L1_out_dim': 32, 'L2_hidden_dim': 176, 'L2_layers_atom': 3, 'L2_layers_mol': 1, 'L2_out_dim': 32, 'L2_dropout': 0.2005585237025001, 'L3_hidden_dim': 128, 'L3_layers_atom': 4, 'L3_layers_mol': 3, 'L3_out_dim': 128, 'L3_dropout': 0.2980989129670784, 'n_mlp_layers': 3, 'mlp_dim_0': 312, 'mlp_dim_1': 40, 'mlp_dim_2': 32, 'num_heads': 2, 'final_dropout': 0.0752093690229707, 'train_learning_rate': 0.0017621619576023565, 'train_lr_reduce': 0.6}. Best is trial 570 with value: 0.00952998548746109.
[I 2024-12-25 02:28:01,301] Trial 1043 finished with value: 0.010539988987147808 and parameters: {'L1_hidden_dim': 256, 'L1_layers_atom': 2, 'L1_layers_mol': 4, 'L1_dropout': 0.059395388260877244, 'L1_out_dim': 48, 'L2_hidden_dim': 176, 'L2_layers_atom': 4, 'L2_layers_mol': 1, 'L2_out_dim': 48, 'L2_dropout': 0.014376846487877529, 'L3_hidden_dim': 64, 'L3_layers_atom': 2, 'L3_layers_mol': 2, 'L3_out_dim': 64, 'L3_dropout': 0.26990768887312405, 'n_mlp_layers': 1, 'mlp_dim_0': 472, 'num_heads': 2, 'final_dropout': 0.07888095947347545, 'train_learning_rate': 0.000465552165766664, 'train_lr_reduce': 0.6}. Best is trial 570 with value: 0.00952998548746109.
[I 2024-12-25 02:28:38,464] Trial 1045 finished with value: 0.011923091486096382 and parameters: {'L1_hidden_dim': 176, 'L1_layers_atom': 4, 'L1_layers_mol': 4, 'L1_dropout': 0.021579556139373252, 'L1_out_dim': 48, 'L2_hidden_dim': 256, 'L2_layers_atom': 3, 'L2_layers_mol': 1, 'L2_out_dim': 32, 'L2_dropout': 0.03664651956162165, 'L3_hidden_dim': 80, 'L3_layers_atom': 3, 'L3_layers_mol': 1, 'L3_out_dim': 96, 'L3_dropout': 0.23345502755442316, 'n_mlp_layers': 1, 'mlp_dim_0': 328, 'num_heads': 2, 'final_dropout': 0.053102833635445844, 'train_learning_rate': 0.0002503830223963153, 'train_lr_reduce': 0.6}. Best is trial 570 with value: 0.00952998548746109.
[I 2024-12-25 02:28:55,936] Trial 1044 finished with value: 0.01421890128403902 and parameters: {'L1_hidden_dim': 128, 'L1_layers_atom': 3, 'L1_layers_mol': 4, 'L1_dropout': 0.008378255865141584, 'L1_out_dim': 80, 'L2_hidden_dim': 224, 'L2_layers_atom': 4, 'L2_layers_mol': 1, 'L2_out_dim': 32, 'L2_dropout': 0.07543136808736818, 'L3_hidden_dim': 48, 'L3_layers_atom': 2, 'L3_layers_mol': 3, 'L3_out_dim': 80, 'L3_dropout': 0.22199636510847381, 'n_mlp_layers': 1, 'mlp_dim_0': 376, 'num_heads': 2, 'final_dropout': 0.13015707452461456, 'train_learning_rate': 0.0002206975218902859, 'train_lr_reduce': 0.6}. Best is trial 570 with value: 0.00952998548746109.
[I 2024-12-25 02:30:26,216] Trial 1048 finished with value: 0.01213570311665535 and parameters: {'L1_hidden_dim': 256, 'L1_layers_atom': 2, 'L1_layers_mol': 4, 'L1_dropout': 0.032556871997917215, 'L1_out_dim': 96, 'L2_hidden_dim': 160, 'L2_layers_atom': 2, 'L2_layers_mol': 4, 'L2_out_dim': 48, 'L2_dropout': 0.07312759031864875, 'L3_hidden_dim': 64, 'L3_layers_atom': 3, 'L3_layers_mol': 3, 'L3_out_dim': 128, 'L3_dropout': 0.19773603920038008, 'n_mlp_layers': 3, 'mlp_dim_0': 112, 'mlp_dim_1': 32, 'mlp_dim_2': 160, 'num_heads': 2, 'final_dropout': 0.24856035442438057, 'train_learning_rate': 0.006663636001805124, 'train_lr_reduce': 0.6}. Best is trial 570 with value: 0.00952998548746109.
[I 2024-12-25 02:30:55,438] Trial 1047 finished with value: 0.00961130578070879 and parameters: {'L1_hidden_dim': 208, 'L1_layers_atom': 2, 'L1_layers_mol': 4, 'L1_dropout': 0.022016103119099753, 'L1_out_dim': 80, 'L2_hidden_dim': 208, 'L2_layers_atom': 4, 'L2_layers_mol': 1, 'L2_out_dim': 32, 'L2_dropout': 0.06632976709091354, 'L3_hidden_dim': 80, 'L3_layers_atom': 1, 'L3_layers_mol': 4, 'L3_out_dim': 80, 'L3_dropout': 0.2455823783209536, 'n_mlp_layers': 1, 'mlp_dim_0': 440, 'num_heads': 2, 'final_dropout': 0.03923382488645878, 'train_learning_rate': 0.0009419893737789449, 'train_lr_reduce': 0.6}. Best is trial 570 with value: 0.00952998548746109.
[I 2024-12-25 02:31:28,841] Trial 1046 finished with value: 0.0109595637768507 and parameters: {'L1_hidden_dim': 144, 'L1_layers_atom': 2, 'L1_layers_mol': 3, 'L1_dropout': 0.02401759043034025, 'L1_out_dim': 64, 'L2_hidden_dim': 224, 'L2_layers_atom': 2, 'L2_layers_mol': 2, 'L2_out_dim': 32, 'L2_dropout': 0.14411163757540252, 'L3_hidden_dim': 32, 'L3_layers_atom': 4, 'L3_layers_mol': 1, 'L3_out_dim': 112, 'L3_dropout': 0.2919046112202698, 'n_mlp_layers': 1, 'mlp_dim_0': 432, 'num_heads': 2, 'final_dropout': 0.1367113610347775, 'train_learning_rate': 0.0005177342494410038, 'train_lr_reduce': 0.6}. Best is trial 570 with value: 0.00952998548746109.
[I 2024-12-25 02:33:37,268] Trial 1050 finished with value: 0.011329930275678635 and parameters: {'L1_hidden_dim': 208, 'L1_layers_atom': 2, 'L1_layers_mol': 4, 'L1_dropout': 0.04654148571216231, 'L1_out_dim': 96, 'L2_hidden_dim': 256, 'L2_layers_atom': 2, 'L2_layers_mol': 2, 'L2_out_dim': 32, 'L2_dropout': 0.028317105941309456, 'L3_hidden_dim': 48, 'L3_layers_atom': 2, 'L3_layers_mol': 3, 'L3_out_dim': 64, 'L3_dropout': 0.2576982749077414, 'n_mlp_layers': 1, 'mlp_dim_0': 96, 'num_heads': 2, 'final_dropout': 0.1779772705464223, 'train_learning_rate': 0.0005673295657186863, 'train_lr_reduce': 0.6}. Best is trial 570 with value: 0.00952998548746109.
[I 2024-12-25 02:33:49,397] Trial 1049 finished with value: 0.011390922591090202 and parameters: {'L1_hidden_dim': 176, 'L1_layers_atom': 3, 'L1_layers_mol': 4, 'L1_dropout': 0.038951210238271236, 'L1_out_dim': 48, 'L2_hidden_dim': 256, 'L2_layers_atom': 3, 'L2_layers_mol': 2, 'L2_out_dim': 48, 'L2_dropout': 0.015990721803355777, 'L3_hidden_dim': 32, 'L3_layers_atom': 2, 'L3_layers_mol': 3, 'L3_out_dim': 80, 'L3_dropout': 0.25947250301718083, 'n_mlp_layers': 1, 'mlp_dim_0': 456, 'num_heads': 2, 'final_dropout': 0.02503887890790961, 'train_learning_rate': 0.00026083254320357783, 'train_lr_reduce': 0.6}. Best is trial 570 with value: 0.00952998548746109.
[I 2024-12-25 02:34:25,459] Trial 1051 finished with value: 0.011568278074264526 and parameters: {'L1_hidden_dim': 160, 'L1_layers_atom': 3, 'L1_layers_mol': 4, 'L1_dropout': 0.0766878302985951, 'L1_out_dim': 48, 'L2_hidden_dim': 256, 'L2_layers_atom': 3, 'L2_layers_mol': 2, 'L2_out_dim': 48, 'L2_dropout': 0.027181381066849877, 'L3_hidden_dim': 48, 'L3_layers_atom': 4, 'L3_layers_mol': 2, 'L3_out_dim': 112, 'L3_dropout': 0.26649821251876415, 'n_mlp_layers': 1, 'mlp_dim_0': 320, 'num_heads': 2, 'final_dropout': 0.10099566100608803, 'train_learning_rate': 0.0004442518738731459, 'train_lr_reduce': 0.6}. Best is trial 570 with value: 0.00952998548746109.
[I 2024-12-25 02:36:14,286] Trial 1052 finished with value: 0.012623672373592854 and parameters: {'L1_hidden_dim': 144, 'L1_layers_atom': 2, 'L1_layers_mol': 4, 'L1_dropout': 0.0950367270163675, 'L1_out_dim': 96, 'L2_hidden_dim': 192, 'L2_layers_atom': 4, 'L2_layers_mol': 1, 'L2_out_dim': 32, 'L2_dropout': 0.0035055211174149226, 'L3_hidden_dim': 80, 'L3_layers_atom': 1, 'L3_layers_mol': 4, 'L3_out_dim': 64, 'L3_dropout': 0.2539546817121305, 'n_mlp_layers': 2, 'mlp_dim_0': 464, 'mlp_dim_1': 32, 'num_heads': 2, 'final_dropout': 0.06364907032669942, 'train_learning_rate': 0.0014317484534923984, 'train_lr_reduce': 0.6}. Best is trial 570 with value: 0.00952998548746109.
[I 2024-12-25 02:36:36,294] Trial 1053 finished with value: 0.011248134076595306 and parameters: {'L1_hidden_dim': 208, 'L1_layers_atom': 2, 'L1_layers_mol': 3, 'L1_dropout': 0.0648647860601884, 'L1_out_dim': 48, 'L2_hidden_dim': 224, 'L2_layers_atom': 4, 'L2_layers_mol': 1, 'L2_out_dim': 32, 'L2_dropout': 0.1556504073975542, 'L3_hidden_dim': 64, 'L3_layers_atom': 1, 'L3_layers_mol': 4, 'L3_out_dim': 112, 'L3_dropout': 0.2512461171323179, 'n_mlp_layers': 1, 'mlp_dim_0': 248, 'num_heads': 2, 'final_dropout': 0.04842713142331371, 'train_learning_rate': 0.00140189151875512, 'train_lr_reduce': 0.6}. Best is trial 570 with value: 0.00952998548746109.
[I 2024-12-25 02:36:59,889] Trial 1054 finished with value: 0.013775809668004513 and parameters: {'L1_hidden_dim': 224, 'L1_layers_atom': 3, 'L1_layers_mol': 4, 'L1_dropout': 0.0872650516827239, 'L1_out_dim': 80, 'L2_hidden_dim': 224, 'L2_layers_atom': 3, 'L2_layers_mol': 1, 'L2_out_dim': 32, 'L2_dropout': 0.03565367026212098, 'L3_hidden_dim': 96, 'L3_layers_atom': 2, 'L3_layers_mol': 4, 'L3_out_dim': 96, 'L3_dropout': 0.18975004702488968, 'n_mlp_layers': 1, 'mlp_dim_0': 432, 'num_heads': 2, 'final_dropout': 0.10736641283298937, 'train_learning_rate': 0.001302559357047, 'train_lr_reduce': 0.6}. Best is trial 570 with value: 0.00952998548746109.
[I 2024-12-25 02:38:20,303] Trial 1057 finished with value: 0.0117383087053895 and parameters: {'L1_hidden_dim': 256, 'L1_layers_atom': 2, 'L1_layers_mol': 3, 'L1_dropout': 0.06737284672515745, 'L1_out_dim': 80, 'L2_hidden_dim': 144, 'L2_layers_atom': 4, 'L2_layers_mol': 4, 'L2_out_dim': 32, 'L2_dropout': 0.07939954161632247, 'L3_hidden_dim': 80, 'L3_layers_atom': 4, 'L3_layers_mol': 3, 'L3_out_dim': 128, 'L3_dropout': 0.18888193934948452, 'n_mlp_layers': 3, 'mlp_dim_0': 288, 'mlp_dim_1': 32, 'mlp_dim_2': 64, 'num_heads': 1, 'final_dropout': 0.1209069392155204, 'train_learning_rate': 0.006558418337685365, 'train_lr_reduce': 0.6}. Best is trial 570 with value: 0.00952998548746109.
[I 2024-12-25 02:38:48,598] Trial 1055 finished with value: 0.010670668445527554 and parameters: {'L1_hidden_dim': 240, 'L1_layers_atom': 2, 'L1_layers_mol': 4, 'L1_dropout': 0.048224958101928464, 'L1_out_dim': 64, 'L2_hidden_dim': 256, 'L2_layers_atom': 2, 'L2_layers_mol': 1, 'L2_out_dim': 32, 'L2_dropout': 0.08341058229726314, 'L3_hidden_dim': 32, 'L3_layers_atom': 1, 'L3_layers_mol': 4, 'L3_out_dim': 64, 'L3_dropout': 0.2712808892216562, 'n_mlp_layers': 2, 'mlp_dim_0': 328, 'mlp_dim_1': 48, 'num_heads': 2, 'final_dropout': 0.10816671031510391, 'train_learning_rate': 0.0008689337260541563, 'train_lr_reduce': 0.6}. Best is trial 570 with value: 0.00952998548746109.
[I 2024-12-25 02:39:03,328] Trial 1056 finished with value: 0.01088724099099636 and parameters: {'L1_hidden_dim': 176, 'L1_layers_atom': 1, 'L1_layers_mol': 4, 'L1_dropout': 0.1332488195647043, 'L1_out_dim': 80, 'L2_hidden_dim': 224, 'L2_layers_atom': 3, 'L2_layers_mol': 1, 'L2_out_dim': 80, 'L2_dropout': 0.026155908843212592, 'L3_hidden_dim': 64, 'L3_layers_atom': 2, 'L3_layers_mol': 4, 'L3_out_dim': 80, 'L3_dropout': 0.25855757921979394, 'n_mlp_layers': 1, 'mlp_dim_0': 208, 'num_heads': 2, 'final_dropout': 0.11349233602043735, 'train_learning_rate': 0.0005579018927622556, 'train_lr_reduce': 0.6}. Best is trial 570 with value: 0.00952998548746109.
[I 2024-12-25 02:40:49,734] Trial 1058 finished with value: 0.010730672627687454 and parameters: {'L1_hidden_dim': 240, 'L1_layers_atom': 1, 'L1_layers_mol': 4, 'L1_dropout': 0.012778831559370438, 'L1_out_dim': 112, 'L2_hidden_dim': 224, 'L2_layers_atom': 4, 'L2_layers_mol': 2, 'L2_out_dim': 32, 'L2_dropout': 0.08365368851296202, 'L3_hidden_dim': 80, 'L3_layers_atom': 1, 'L3_layers_mol': 4, 'L3_out_dim': 32, 'L3_dropout': 0.21081380766211433, 'n_mlp_layers': 2, 'mlp_dim_0': 416, 'mlp_dim_1': 32, 'num_heads': 2, 'final_dropout': 0.08298759335229952, 'train_learning_rate': 0.0010946332504040176, 'train_lr_reduce': 0.6}. Best is trial 570 with value: 0.00952998548746109.
