[I 2024-12-04 17:31:09,941] Trial 580 finished with value: 0.3174371137054995 and parameters: {'n_estimators': 761, 'max_depth': 6, 'learning_rate': 0.0904392526891678, 'subsample': 0.7614582459902424, 'colsample_bytree': 0.74452940273569, 'min_child_weight': 2, 'gamma': 0.00029269167533270315, 'reg_alpha': 0.00031895242362374373, 'reg_lambda': 0.014645649620807935}. Best is trial 435 with value: 0.31178151468232856.
[I 2024-12-04 17:31:11,524] Trial 581 finished with value: 0.3202248172741916 and parameters: {'n_estimators': 892, 'max_depth': 6, 'learning_rate': 0.08328857645205158, 'subsample': 0.7447356545659257, 'colsample_bytree': 0.7058513560351234, 'min_child_weight': 2, 'gamma': 0.0014728357512255978, 'reg_alpha': 0.0003438576555084521, 'reg_lambda': 0.03481006774151938}. Best is trial 435 with value: 0.31178151468232856.
[I 2024-12-04 17:31:12,958] Trial 582 finished with value: 0.32039528440508513 and parameters: {'n_estimators': 1010, 'max_depth': 5, 'learning_rate': 0.08591303866270673, 'subsample': 0.7766933371436877, 'colsample_bytree': 0.7631028259894074, 'min_child_weight': 2, 'gamma': 0.0006162053549866902, 'reg_alpha': 0.00012954127718389048, 'reg_lambda': 0.41126865251739625}. Best is trial 435 with value: 0.31178151468232856.
[I 2024-12-04 17:31:14,498] Trial 583 finished with value: 0.31968416623278045 and parameters: {'n_estimators': 1032, 'max_depth': 6, 'learning_rate': 0.08479227048955758, 'subsample': 0.7631403128339208, 'colsample_bytree': 0.6739226808761145, 'min_child_weight': 2, 'gamma': 0.0027498811225826906, 'reg_alpha': 8.064323396929273e-05, 'reg_lambda': 0.06609839200446602}. Best is trial 435 with value: 0.31178151468232856.
[I 2024-12-04 17:31:15,988] Trial 584 finished with value: 0.32262518244916155 and parameters: {'n_estimators': 812, 'max_depth': 6, 'learning_rate': 0.07817991879951396, 'subsample': 0.7353630472751643, 'colsample_bytree': 0.6835634208604394, 'min_child_weight': 2, 'gamma': 0.0016939449990116366, 'reg_alpha': 7.061119146311468e-05, 'reg_lambda': 0.0666523351450188}. Best is trial 435 with value: 0.31178151468232856.
[I 2024-12-04 17:31:17,519] Trial 585 finished with value: 0.3228831030611908 and parameters: {'n_estimators': 897, 'max_depth': 6, 'learning_rate': 0.07931325702534894, 'subsample': 0.7577925202765082, 'colsample_bytree': 0.7014861739867058, 'min_child_weight': 2, 'gamma': 0.002191964367165094, 'reg_alpha': 6.0779526385606756e-05, 'reg_lambda': 0.04038869335731626}. Best is trial 435 with value: 0.31178151468232856.
[I 2024-12-04 17:31:18,999] Trial 586 finished with value: 0.32570165573778104 and parameters: {'n_estimators': 843, 'max_depth': 6, 'learning_rate': 0.09313300500251336, 'subsample': 0.7970011840730812, 'colsample_bytree': 0.7287348229050441, 'min_child_weight': 2, 'gamma': 0.0005493675893043818, 'reg_alpha': 9.200828655051894e-05, 'reg_lambda': 0.1817959731777006}. Best is trial 435 with value: 0.31178151468232856.
[I 2024-12-04 17:31:20,551] Trial 587 finished with value: 0.31921261169208187 and parameters: {'n_estimators': 1024, 'max_depth': 6, 'learning_rate': 0.09920006489630197, 'subsample': 0.7485537038576995, 'colsample_bytree': 0.690215409183942, 'min_child_weight': 2, 'gamma': 0.0010161395918196082, 'reg_alpha': 0.0001228994660068445, 'reg_lambda': 0.297974941541705}. Best is trial 435 with value: 0.31178151468232856.
[I 2024-12-04 17:31:22,004] Trial 588 finished with value: 0.3254355219865561 and parameters: {'n_estimators': 767, 'max_depth': 7, 'learning_rate': 0.07691605099898305, 'subsample': 0.7496026032575698, 'colsample_bytree': 0.7133023559586331, 'min_child_weight': 2, 'gamma': 0.00041596845839887594, 'reg_alpha': 0.0003540423139722564, 'reg_lambda': 0.04950322586796289}. Best is trial 435 with value: 0.31178151468232856.
[I 2024-12-04 17:31:23,647] Trial 589 finished with value: 0.32445735924247304 and parameters: {'n_estimators': 921, 'max_depth': 5, 'learning_rate': 0.06955854939191289, 'subsample': 0.7630815876603061, 'colsample_bytree': 0.683428302624921, 'min_child_weight': 2, 'gamma': 0.0015078020227584355, 'reg_alpha': 0.00012055203516390423, 'reg_lambda': 0.05943497019686684}. Best is trial 435 with value: 0.31178151468232856.
[I 2024-12-04 17:31:25,102] Trial 590 finished with value: 0.32070147108821184 and parameters: {'n_estimators': 873, 'max_depth': 6, 'learning_rate': 0.06811136395033586, 'subsample': 0.7402562811519552, 'colsample_bytree': 0.7807012713828687, 'min_child_weight': 2, 'gamma': 0.0029164546207704604, 'reg_alpha': 0.00033610006155721856, 'reg_lambda': 0.11489226160882438}. Best is trial 435 with value: 0.31178151468232856.
[I 2024-12-04 17:31:26,657] Trial 591 finished with value: 0.33733890062515104 and parameters: {'n_estimators': 886, 'max_depth': 7, 'learning_rate': 0.08411340116010374, 'subsample': 0.7739260409426008, 'colsample_bytree': 0.762642899280839, 'min_child_weight': 2, 'gamma': 0.00032942211470884204, 'reg_alpha': 0.00014584654737962157, 'reg_lambda': 0.02241432281745344}. Best is trial 435 with value: 0.31178151468232856.
[I 2024-12-04 17:31:28,307] Trial 592 finished with value: 0.33532632299213716 and parameters: {'n_estimators': 946, 'max_depth': 7, 'learning_rate': 0.07741672034708265, 'subsample': 0.7698185954447079, 'colsample_bytree': 0.7390774561574988, 'min_child_weight': 2, 'gamma': 0.0003774843036456519, 'reg_alpha': 0.000145698357958475, 'reg_lambda': 0.04358324773351025}. Best is trial 435 with value: 0.31178151468232856.
[I 2024-12-04 17:31:31,046] Trial 593 finished with value: 0.32916657566612706 and parameters: {'n_estimators': 888, 'max_depth': 5, 'learning_rate': 0.08847201707100655, 'subsample': 0.743599223894837, 'colsample_bytree': 0.7021279243837827, 'min_child_weight': 2, 'gamma': 0.00046524726293513304, 'reg_alpha': 0.00016793353915873612, 'reg_lambda': 0.04132635452468511}. Best is trial 435 with value: 0.31178151468232856.
[I 2024-12-04 17:31:32,849] Trial 594 finished with value: 0.32555825800278876 and parameters: {'n_estimators': 810, 'max_depth': 7, 'learning_rate': 0.09047718167608766, 'subsample': 0.7650713815028143, 'colsample_bytree': 0.6998956464286923, 'min_child_weight': 2, 'gamma': 0.0005299105974653495, 'reg_alpha': 0.0004771259950428205, 'reg_lambda': 0.022678267664409887}. Best is trial 435 with value: 0.31178151468232856.
[I 2024-12-04 17:31:34,697] Trial 595 finished with value: 0.3160923946981113 and parameters: {'n_estimators': 932, 'max_depth': 6, 'learning_rate': 0.09148914201985957, 'subsample': 0.7541790746712518, 'colsample_bytree': 0.7340290343248783, 'min_child_weight': 2, 'gamma': 0.00047034341211207864, 'reg_alpha': 0.0001708407215676858, 'reg_lambda': 0.10228000072392077}. Best is trial 435 with value: 0.31178151468232856.
[I 2024-12-04 17:31:36,397] Trial 596 finished with value: 0.3256480223152602 and parameters: {'n_estimators': 1081, 'max_depth': 7, 'learning_rate': 0.07722186687372475, 'subsample': 0.7745680845475171, 'colsample_bytree': 0.66506977855192, 'min_child_weight': 2, 'gamma': 9.286572466807126e-05, 'reg_alpha': 6.054931719816532e-05, 'reg_lambda': 0.03780005730090156}. Best is trial 435 with value: 0.31178151468232856.
[I 2024-12-04 17:31:38,053] Trial 597 finished with value: 0.3271896615397665 and parameters: {'n_estimators': 909, 'max_depth': 5, 'learning_rate': 0.07258540638608083, 'subsample': 0.7673394497670604, 'colsample_bytree': 0.7103495669596929, 'min_child_weight': 2, 'gamma': 0.0005985906168493145, 'reg_alpha': 8.937936247907037e-05, 'reg_lambda': 0.0784562780286374}. Best is trial 435 with value: 0.31178151468232856.
[I 2024-12-04 17:31:39,550] Trial 598 finished with value: 0.31238226840525246 and parameters: {'n_estimators': 903, 'max_depth': 6, 'learning_rate': 0.07355347972860417, 'subsample': 0.7491208230888614, 'colsample_bytree': 0.7082372101337062, 'min_child_weight': 2, 'gamma': 0.0011762494544363133, 'reg_alpha': 0.00010539629913961144, 'reg_lambda': 0.041706708637695586}. Best is trial 435 with value: 0.31178151468232856.
[I 2024-12-04 17:31:41,185] Trial 599 finished with value: 0.33116173825432316 and parameters: {'n_estimators': 840, 'max_depth': 7, 'learning_rate': 0.06915901331668868, 'subsample': 0.7465501178767424, 'colsample_bytree': 0.7265401250414634, 'min_child_weight': 2, 'gamma': 0.0022308797360236494, 'reg_alpha': 4.957762162558015e-05, 'reg_lambda': 0.07328673964699177}. Best is trial 435 with value: 0.31178151468232856.
[I 2024-12-04 17:31:42,622] Trial 600 finished with value: 0.3114966706287257 and parameters: {'n_estimators': 769, 'max_depth': 6, 'learning_rate': 0.07044130646866174, 'subsample': 0.7632667644044999, 'colsample_bytree': 0.7062745088367006, 'min_child_weight': 2, 'gamma': 0.001487323427398866, 'reg_alpha': 0.00013754338327142166, 'reg_lambda': 0.019387944881134486}. Best is trial 600 with value: 0.3114966706287257.
[I 2024-12-04 17:31:44,083] Trial 601 finished with value: 0.3185776168376609 and parameters: {'n_estimators': 970, 'max_depth': 5, 'learning_rate': 0.06711722620159642, 'subsample': 0.7556876398212692, 'colsample_bytree': 0.6935908564150629, 'min_child_weight': 2, 'gamma': 0.0007851791545711765, 'reg_alpha': 1.5201077921725036e-05, 'reg_lambda': 0.0606024407062056}. Best is trial 600 with value: 0.3114966706287257.
[I 2024-12-04 17:31:45,756] Trial 602 finished with value: 0.32262301466526055 and parameters: {'n_estimators': 881, 'max_depth': 7, 'learning_rate': 0.07097393535222246, 'subsample': 0.7354495085775243, 'colsample_bytree': 0.7294756668048519, 'min_child_weight': 2, 'gamma': 0.002762169290145394, 'reg_alpha': 0.0001906696073604871, 'reg_lambda': 0.08969576432424649}. Best is trial 600 with value: 0.3114966706287257.
[I 2024-12-04 17:31:47,285] Trial 603 finished with value: 0.32350935129137215 and parameters: {'n_estimators': 940, 'max_depth': 6, 'learning_rate': 0.07045103935086537, 'subsample': 0.774202641845889, 'colsample_bytree': 0.7353771089422633, 'min_child_weight': 2, 'gamma': 0.0006234197162929182, 'reg_alpha': 0.0003933453657646996, 'reg_lambda': 0.029933756713210496}. Best is trial 600 with value: 0.3114966706287257.
[I 2024-12-04 17:31:48,816] Trial 604 finished with value: 0.320132420783963 and parameters: {'n_estimators': 848, 'max_depth': 7, 'learning_rate': 0.08318810655848512, 'subsample': 0.7281797169542191, 'colsample_bytree': 0.7516649731199807, 'min_child_weight': 2, 'gamma': 0.001557842302131093, 'reg_alpha': 0.0002955664306339632, 'reg_lambda': 0.08123677637321595}. Best is trial 600 with value: 0.3114966706287257.
[I 2024-12-04 17:31:50,300] Trial 605 finished with value: 0.32501227421741335 and parameters: {'n_estimators': 848, 'max_depth': 6, 'learning_rate': 0.09850674069995999, 'subsample': 0.7542524289695828, 'colsample_bytree': 0.6996164254479194, 'min_child_weight': 2, 'gamma': 0.0011667541356510972, 'reg_alpha': 0.0005069288854453682, 'reg_lambda': 0.004009203238571386}. Best is trial 600 with value: 0.3114966706287257.
[I 2024-12-04 17:31:51,775] Trial 606 finished with value: 0.3262986790499369 and parameters: {'n_estimators': 818, 'max_depth': 7, 'learning_rate': 0.0770691609807664, 'subsample': 0.7630361624835732, 'colsample_bytree': 0.7394335240108418, 'min_child_weight': 2, 'gamma': 0.002863581912740157, 'reg_alpha': 0.00014955552083800939, 'reg_lambda': 0.02003183261195563}. Best is trial 600 with value: 0.3114966706287257.
[I 2024-12-04 17:31:53,296] Trial 607 finished with value: 0.3223285041561008 and parameters: {'n_estimators': 897, 'max_depth': 6, 'learning_rate': 0.06638941148551857, 'subsample': 0.7462224060566539, 'colsample_bytree': 0.7342696395210787, 'min_child_weight': 2, 'gamma': 0.0009446529459897985, 'reg_alpha': 0.00023527229364320122, 'reg_lambda': 0.05463907320197302}. Best is trial 600 with value: 0.3114966706287257.
[I 2024-12-04 17:31:54,846] Trial 608 finished with value: 0.3213147827323422 and parameters: {'n_estimators': 935, 'max_depth': 6, 'learning_rate': 0.07072535046038528, 'subsample': 0.7591443423213118, 'colsample_bytree': 0.744594556941643, 'min_child_weight': 2, 'gamma': 0.0014716052005241899, 'reg_alpha': 4.092852182431534e-05, 'reg_lambda': 0.18431847215677558}. Best is trial 600 with value: 0.3114966706287257.
[I 2024-12-04 17:31:56,345] Trial 609 finished with value: 0.31974174264932403 and parameters: {'n_estimators': 828, 'max_depth': 5, 'learning_rate': 0.07343922523679437, 'subsample': 0.7431528833979757, 'colsample_bytree': 0.7232802292176088, 'min_child_weight': 2, 'gamma': 0.0018417326034934633, 'reg_alpha': 0.00010978389196470834, 'reg_lambda': 0.05050200410957731}. Best is trial 600 with value: 0.3114966706287257.
[I 2024-12-04 17:31:57,842] Trial 610 finished with value: 0.3184112398593113 and parameters: {'n_estimators': 896, 'max_depth': 6, 'learning_rate': 0.07772742487484673, 'subsample': 0.7556931160022734, 'colsample_bytree': 0.723016556980825, 'min_child_weight': 2, 'gamma': 0.0010943752119496714, 'reg_alpha': 0.0001593685775499441, 'reg_lambda': 0.015614194129854965}. Best is trial 600 with value: 0.3114966706287257.
[I 2024-12-04 17:31:59,329] Trial 611 finished with value: 0.33105810370461813 and parameters: {'n_estimators': 807, 'max_depth': 7, 'learning_rate': 0.07969370599140793, 'subsample': 0.7722820573816628, 'colsample_bytree': 0.6964545187852865, 'min_child_weight': 2, 'gamma': 0.0015883598014518054, 'reg_alpha': 7.630829479353907e-05, 'reg_lambda': 0.024626315046839466}. Best is trial 600 with value: 0.3114966706287257.
[I 2024-12-04 17:32:00,778] Trial 612 finished with value: 0.32336315998478404 and parameters: {'n_estimators': 839, 'max_depth': 6, 'learning_rate': 0.06533693083704012, 'subsample': 0.7473620668436953, 'colsample_bytree': 0.6996622382461959, 'min_child_weight': 2, 'gamma': 0.0008961037421290967, 'reg_alpha': 7.301005858538419e-05, 'reg_lambda': 0.026850898522565895}. Best is trial 600 with value: 0.3114966706287257.
[I 2024-12-04 17:32:02,208] Trial 613 finished with value: 0.32393132343027164 and parameters: {'n_estimators': 787, 'max_depth': 6, 'learning_rate': 0.06405080313111801, 'subsample': 0.7733988162328961, 'colsample_bytree': 0.7178857782577001, 'min_child_weight': 2, 'gamma': 0.0013183160182133073, 'reg_alpha': 3.979314831066534e-05, 'reg_lambda': 0.03311144253435728}. Best is trial 600 with value: 0.3114966706287257.
[I 2024-12-04 17:32:03,751] Trial 614 finished with value: 0.31132273879154554 and parameters: {'n_estimators': 962, 'max_depth': 6, 'learning_rate': 0.07097699121942477, 'subsample': 0.7574357954748691, 'colsample_bytree': 0.7256168615237881, 'min_child_weight': 2, 'gamma': 0.0006888238544859605, 'reg_alpha': 5.132965190640825e-05, 'reg_lambda': 0.05723286432253832}. Best is trial 614 with value: 0.31132273879154554.
[I 2024-12-04 17:32:05,166] Trial 615 finished with value: 0.327780435885293 and parameters: {'n_estimators': 720, 'max_depth': 7, 'learning_rate': 0.0788887570898315, 'subsample': 0.7506558132502036, 'colsample_bytree': 0.7576204766196485, 'min_child_weight': 2, 'gamma': 0.000584995392976557, 'reg_alpha': 0.0002678320963496475, 'reg_lambda': 0.03506546445887757}. Best is trial 614 with value: 0.31132273879154554.
[I 2024-12-04 17:32:06,864] Trial 616 finished with value: 0.3163978247017061 and parameters: {'n_estimators': 927, 'max_depth': 6, 'learning_rate': 0.06748177124439525, 'subsample': 0.7601068837354379, 'colsample_bytree': 0.734647746640495, 'min_child_weight': 2, 'gamma': 0.0017640546008259657, 'reg_alpha': 5.8560371440387246e-05, 'reg_lambda': 0.028581880377487014}. Best is trial 614 with value: 0.31132273879154554.
[I 2024-12-04 17:32:09,239] Trial 617 finished with value: 0.31915986739441315 and parameters: {'n_estimators': 795, 'max_depth': 6, 'learning_rate': 0.06473226092689173, 'subsample': 0.7816266209935091, 'colsample_bytree': 0.7272022672227845, 'min_child_weight': 2, 'gamma': 0.0013730952546963367, 'reg_alpha': 0.00029104996491675873, 'reg_lambda': 0.01048727271616722}. Best is trial 614 with value: 0.31132273879154554.
[I 2024-12-04 17:32:11,316] Trial 618 finished with value: 0.31944711803885895 and parameters: {'n_estimators': 808, 'max_depth': 6, 'learning_rate': 0.06218327707158976, 'subsample': 0.7604503031417693, 'colsample_bytree': 0.7158500268669269, 'min_child_weight': 2, 'gamma': 0.0023713342210612783, 'reg_alpha': 5.600143828160665e-05, 'reg_lambda': 0.008765150418862564}. Best is trial 614 with value: 0.31132273879154554.
[I 2024-12-04 17:32:13,230] Trial 619 finished with value: 0.3229092469288672 and parameters: {'n_estimators': 1023, 'max_depth': 6, 'learning_rate': 0.07555430114236064, 'subsample': 0.7419688745869123, 'colsample_bytree': 0.730942954371628, 'min_child_weight': 2, 'gamma': 0.0010562758984095733, 'reg_alpha': 0.0001473651574302723, 'reg_lambda': 0.04650325201452399}. Best is trial 614 with value: 0.31132273879154554.
[I 2024-12-04 17:32:15,170] Trial 620 finished with value: 0.3271799531337537 and parameters: {'n_estimators': 932, 'max_depth': 8, 'learning_rate': 0.06682498679497702, 'subsample': 0.758651202751743, 'colsample_bytree': 0.7203640156551001, 'min_child_weight': 2, 'gamma': 0.0006842179587672885, 'reg_alpha': 0.00010233449717214303, 'reg_lambda': 0.016170549313144697}. Best is trial 614 with value: 0.31132273879154554.
[I 2024-12-04 17:32:16,907] Trial 621 finished with value: 0.31453594530074147 and parameters: {'n_estimators': 890, 'max_depth': 6, 'learning_rate': 0.06991588457534557, 'subsample': 0.769410442890881, 'colsample_bytree': 0.7015627990600597, 'min_child_weight': 2, 'gamma': 0.000646144849714266, 'reg_alpha': 5.073291529773403e-05, 'reg_lambda': 0.05775676005320414}. Best is trial 614 with value: 0.31132273879154554.
[I 2024-12-04 17:32:18,959] Trial 622 finished with value: 0.3207718964606221 and parameters: {'n_estimators': 892, 'max_depth': 7, 'learning_rate': 0.062023968383349545, 'subsample': 0.749854852010891, 'colsample_bytree': 0.740481738260962, 'min_child_weight': 2, 'gamma': 0.001523905912119232, 'reg_alpha': 7.084791383334788e-05, 'reg_lambda': 0.037714457368215826}. Best is trial 614 with value: 0.31132273879154554.
[I 2024-12-04 17:32:20,791] Trial 623 finished with value: 0.3250091450191946 and parameters: {'n_estimators': 1013, 'max_depth': 5, 'learning_rate': 0.07192194979312774, 'subsample': 0.7814490708792091, 'colsample_bytree': 0.7146822109414077, 'min_child_weight': 2, 'gamma': 0.0005710366874789497, 'reg_alpha': 4.3420913777389334e-05, 'reg_lambda': 0.03925356933354542}. Best is trial 614 with value: 0.31132273879154554.
[I 2024-12-04 17:32:22,222] Trial 624 finished with value: 0.31851596555385864 and parameters: {'n_estimators': 1024, 'max_depth': 5, 'learning_rate': 0.08202745715365563, 'subsample': 0.7527456174434207, 'colsample_bytree': 0.7244909348983695, 'min_child_weight': 2, 'gamma': 0.0010560224905133495, 'reg_alpha': 7.559851541098721e-05, 'reg_lambda': 0.10029930330522961}. Best is trial 614 with value: 0.31132273879154554.
[I 2024-12-04 17:32:23,697] Trial 625 finished with value: 0.3218519396581407 and parameters: {'n_estimators': 879, 'max_depth': 6, 'learning_rate': 0.07218449552271906, 'subsample': 0.7512264224258206, 'colsample_bytree': 0.7353990619071766, 'min_child_weight': 2, 'gamma': 0.0012844824848706542, 'reg_alpha': 0.00041269272809460803, 'reg_lambda': 0.013275251852987602}. Best is trial 614 with value: 0.31132273879154554.
[I 2024-12-04 17:32:25,171] Trial 626 finished with value: 0.31480411428268396 and parameters: {'n_estimators': 867, 'max_depth': 6, 'learning_rate': 0.07490217787823178, 'subsample': 0.764988077002398, 'colsample_bytree': 0.7201399221405436, 'min_child_weight': 2, 'gamma': 0.0003985392771258765, 'reg_alpha': 0.00010480297515941675, 'reg_lambda': 0.06315810928782742}. Best is trial 614 with value: 0.31132273879154554.
[I 2024-12-04 17:32:26,572] Trial 627 finished with value: 0.3189492827208976 and parameters: {'n_estimators': 862, 'max_depth': 6, 'learning_rate': 0.06533772435092235, 'subsample': 0.7517228817615899, 'colsample_bytree': 0.7181180166636549, 'min_child_weight': 2, 'gamma': 0.0023336212295149215, 'reg_alpha': 2.889906798565364e-05, 'reg_lambda': 0.04436668317155918}. Best is trial 614 with value: 0.31132273879154554.
[I 2024-12-04 17:32:27,954] Trial 628 finished with value: 0.31575477872444097 and parameters: {'n_estimators': 815, 'max_depth': 6, 'learning_rate': 0.06751915518926241, 'subsample': 0.7604690522912939, 'colsample_bytree': 0.7378651981712573, 'min_child_weight': 2, 'gamma': 0.0015227700561571322, 'reg_alpha': 0.00023962958557485962, 'reg_lambda': 0.01347660679881646}. Best is trial 614 with value: 0.31132273879154554.
[I 2024-12-04 17:32:29,595] Trial 629 finished with value: 0.3228129534921337 and parameters: {'n_estimators': 883, 'max_depth': 7, 'learning_rate': 0.06421796781517762, 'subsample': 0.757216496734652, 'colsample_bytree': 0.7118234806947521, 'min_child_weight': 2, 'gamma': 0.0014017940766385445, 'reg_alpha': 0.0002663360536691644, 'reg_lambda': 0.06909096943656202}. Best is trial 614 with value: 0.31132273879154554.
[I 2024-12-04 17:32:31,020] Trial 630 finished with value: 0.3241392766294595 and parameters: {'n_estimators': 886, 'max_depth': 6, 'learning_rate': 0.0613532112127307, 'subsample': 0.7615638396314033, 'colsample_bytree': 0.7001239305584078, 'min_child_weight': 2, 'gamma': 0.0011857791412998428, 'reg_alpha': 0.0001982621124793986, 'reg_lambda': 0.025222225468469004}. Best is trial 614 with value: 0.31132273879154554.
[I 2024-12-04 17:32:32,458] Trial 631 finished with value: 0.31004697599538283 and parameters: {'n_estimators': 884, 'max_depth': 6, 'learning_rate': 0.07754163008618212, 'subsample': 0.7654294144973841, 'colsample_bytree': 0.7174266418790373, 'min_child_weight': 2, 'gamma': 0.0007328554694235613, 'reg_alpha': 6.447471559161901e-05, 'reg_lambda': 0.024237618253174477}. Best is trial 631 with value: 0.31004697599538283.
