[I 2024-12-19 08:13:53,450] Trial 1110 finished with value: 1.28482186794281 and parameters: {'mlp_n_layers': 3, 'mlp_dim_00': 431, 'mlp_dim_01': 306, 'mlp_dim_02': 238, 'node_hidden_dim': 53, 'edge_hidden_dim': 100, 'depth': 2, 'rep_dropout': 0.248813734292622, 'train_learning_rate': 0.00595013831241826, 'train_lr_reduce': 0.6}. Best is trial 156 with value: 0.33254924416542053.
[I 2024-12-19 08:13:55,739] Trial 1111 finished with value: 1.3537964820861816 and parameters: {'mlp_n_layers': 2, 'mlp_dim_00': 135, 'mlp_dim_01': 65, 'node_hidden_dim': 101, 'edge_hidden_dim': 58, 'depth': 2, 'rep_dropout': 0.01435714013889236, 'train_learning_rate': 0.00925924630251901, 'train_lr_reduce': 0.6}. Best is trial 156 with value: 0.33254924416542053.
[I 2024-12-19 08:13:56,874] Trial 1112 finished with value: 1.4307163953781128 and parameters: {'mlp_n_layers': 2, 'mlp_dim_00': 421, 'mlp_dim_01': 76, 'node_hidden_dim': 80, 'edge_hidden_dim': 63, 'depth': 2, 'rep_dropout': 0.1476391989088751, 'train_learning_rate': 0.004121233436858091, 'train_lr_reduce': 0.6}. Best is trial 156 with value: 0.33254924416542053.
[I 2024-12-19 08:13:57,742] Trial 1113 finished with value: 1.3702281713485718 and parameters: {'mlp_n_layers': 3, 'mlp_dim_00': 454, 'mlp_dim_01': 209, 'mlp_dim_02': 354, 'node_hidden_dim': 88, 'edge_hidden_dim': 60, 'depth': 2, 'rep_dropout': 0.10354756478226476, 'train_learning_rate': 0.005859759520168872, 'train_lr_reduce': 0.6}. Best is trial 156 with value: 0.33254924416542053.
[I 2024-12-19 08:14:00,715] Trial 1114 finished with value: 1.448627233505249 and parameters: {'mlp_n_layers': 4, 'mlp_dim_00': 501, 'mlp_dim_01': 131, 'mlp_dim_02': 295, 'mlp_dim_03': 200, 'node_hidden_dim': 122, 'edge_hidden_dim': 38, 'depth': 3, 'rep_dropout': 0.10793311642880088, 'train_learning_rate': 0.005671579492334631, 'train_lr_reduce': 0.6}. Best is trial 156 with value: 0.33254924416542053.
[I 2024-12-19 08:14:02,108] Trial 1115 finished with value: 1.5622700452804565 and parameters: {'mlp_n_layers': 4, 'mlp_dim_00': 279, 'mlp_dim_01': 497, 'mlp_dim_02': 341, 'mlp_dim_03': 145, 'node_hidden_dim': 66, 'edge_hidden_dim': 107, 'depth': 4, 'rep_dropout': 0.05533981066111421, 'train_learning_rate': 0.0004182698522241039, 'train_lr_reduce': 0.6}. Best is trial 156 with value: 0.33254924416542053.
[I 2024-12-19 08:14:05,379] Trial 1117 finished with value: 1.2949804067611694 and parameters: {'mlp_n_layers': 4, 'mlp_dim_00': 203, 'mlp_dim_01': 287, 'mlp_dim_02': 244, 'mlp_dim_03': 151, 'node_hidden_dim': 104, 'edge_hidden_dim': 65, 'depth': 2, 'rep_dropout': 0.08791161287515299, 'train_learning_rate': 0.008882821777368667, 'train_lr_reduce': 0.6}. Best is trial 156 with value: 0.33254924416542053.
[I 2024-12-19 08:14:06,122] Trial 1116 finished with value: 1.4043258428573608 and parameters: {'mlp_n_layers': 4, 'mlp_dim_00': 74, 'mlp_dim_01': 478, 'mlp_dim_02': 419, 'mlp_dim_03': 219, 'node_hidden_dim': 118, 'edge_hidden_dim': 97, 'depth': 2, 'rep_dropout': 0.05411892913019771, 'train_learning_rate': 0.002043342368196949, 'train_lr_reduce': 0.6}. Best is trial 156 with value: 0.33254924416542053.
[I 2024-12-19 08:14:06,281] Trial 1118 finished with value: 1.4389482736587524 and parameters: {'mlp_n_layers': 3, 'mlp_dim_00': 310, 'mlp_dim_01': 260, 'mlp_dim_02': 303, 'node_hidden_dim': 108, 'edge_hidden_dim': 45, 'depth': 2, 'rep_dropout': 0.09834179026981868, 'train_learning_rate': 0.0036219022345397906, 'train_lr_reduce': 0.6}. Best is trial 156 with value: 0.33254924416542053.
[I 2024-12-19 08:14:10,196] Trial 1119 finished with value: 1.3609741926193237 and parameters: {'mlp_n_layers': 3, 'mlp_dim_00': 92, 'mlp_dim_01': 342, 'mlp_dim_02': 380, 'node_hidden_dim': 80, 'edge_hidden_dim': 82, 'depth': 2, 'rep_dropout': 0.052015951684282746, 'train_learning_rate': 0.008146024788614903, 'train_lr_reduce': 0.6}. Best is trial 156 with value: 0.33254924416542053.
[I 2024-12-19 08:14:10,529] Trial 1120 finished with value: 1.4407051801681519 and parameters: {'mlp_n_layers': 4, 'mlp_dim_00': 76, 'mlp_dim_01': 394, 'mlp_dim_02': 334, 'mlp_dim_03': 203, 'node_hidden_dim': 91, 'edge_hidden_dim': 73, 'depth': 2, 'rep_dropout': 0.01467580812839197, 'train_learning_rate': 0.004331484285332324, 'train_lr_reduce': 0.6}. Best is trial 156 with value: 0.33254924416542053.
[I 2024-12-19 08:14:11,967] Trial 1121 finished with value: 1.569452166557312 and parameters: {'mlp_n_layers': 4, 'mlp_dim_00': 317, 'mlp_dim_01': 109, 'mlp_dim_02': 293, 'mlp_dim_03': 142, 'node_hidden_dim': 38, 'edge_hidden_dim': 96, 'depth': 3, 'rep_dropout': 0.030663763074644468, 'train_learning_rate': 0.00023722033644810642, 'train_lr_reduce': 0.6}. Best is trial 156 with value: 0.33254924416542053.
[I 2024-12-19 08:14:15,075] Trial 1122 finished with value: 1.3268520832061768 and parameters: {'mlp_n_layers': 3, 'mlp_dim_00': 301, 'mlp_dim_01': 234, 'mlp_dim_02': 383, 'node_hidden_dim': 126, 'edge_hidden_dim': 47, 'depth': 2, 'rep_dropout': 0.050181043861278245, 'train_learning_rate': 0.006382536025636154, 'train_lr_reduce': 0.6}. Best is trial 156 with value: 0.33254924416542053.
[I 2024-12-19 08:14:23,010] Trial 1123 finished with value: 1.3710471391677856 and parameters: {'mlp_n_layers': 4, 'mlp_dim_00': 384, 'mlp_dim_01': 390, 'mlp_dim_02': 238, 'mlp_dim_03': 211, 'node_hidden_dim': 102, 'edge_hidden_dim': 48, 'depth': 4, 'rep_dropout': 0.23705021899481385, 'train_learning_rate': 0.001028345643640671, 'train_lr_reduce': 0.6}. Best is trial 156 with value: 0.33254924416542053.
[I 2024-12-19 08:14:26,420] Trial 1124 finished with value: 0.5668428540229797 and parameters: {'mlp_n_layers': 4, 'mlp_dim_00': 191, 'mlp_dim_01': 463, 'mlp_dim_02': 347, 'mlp_dim_03': 145, 'node_hidden_dim': 87, 'edge_hidden_dim': 123, 'depth': 2, 'rep_dropout': 0.10679170182296804, 'train_learning_rate': 0.0048322573228971565, 'train_lr_reduce': 0.6}. Best is trial 156 with value: 0.33254924416542053.
[I 2024-12-19 08:14:29,399] Trial 1125 finished with value: 1.418375849723816 and parameters: {'mlp_n_layers': 3, 'mlp_dim_00': 69, 'mlp_dim_01': 248, 'mlp_dim_02': 277, 'node_hidden_dim': 67, 'edge_hidden_dim': 58, 'depth': 3, 'rep_dropout': 0.17262837774484566, 'train_learning_rate': 0.0006878447547626281, 'train_lr_reduce': 0.6}. Best is trial 156 with value: 0.33254924416542053.
[I 2024-12-19 08:14:31,157] Trial 1127 finished with value: 1.3167263269424438 and parameters: {'mlp_n_layers': 4, 'mlp_dim_00': 504, 'mlp_dim_01': 163, 'mlp_dim_02': 430, 'mlp_dim_03': 177, 'node_hidden_dim': 122, 'edge_hidden_dim': 121, 'depth': 2, 'rep_dropout': 0.08983086716718658, 'train_learning_rate': 0.007433015371182993, 'train_lr_reduce': 0.6}. Best is trial 156 with value: 0.33254924416542053.
[I 2024-12-19 08:14:31,437] Trial 1126 finished with value: 1.2097586393356323 and parameters: {'mlp_n_layers': 4, 'mlp_dim_00': 65, 'mlp_dim_01': 372, 'mlp_dim_02': 327, 'mlp_dim_03': 224, 'node_hidden_dim': 116, 'edge_hidden_dim': 104, 'depth': 3, 'rep_dropout': 0.04744645646723791, 'train_learning_rate': 0.004208096849261587, 'train_lr_reduce': 0.6}. Best is trial 156 with value: 0.33254924416542053.
[I 2024-12-19 08:14:41,707] Trial 1130 finished with value: 1.357846975326538 and parameters: {'mlp_n_layers': 4, 'mlp_dim_00': 426, 'mlp_dim_01': 79, 'mlp_dim_02': 379, 'mlp_dim_03': 236, 'node_hidden_dim': 76, 'edge_hidden_dim': 62, 'depth': 2, 'rep_dropout': 0.09710924773609118, 'train_learning_rate': 0.0009521021135864344, 'train_lr_reduce': 0.6}. Best is trial 156 with value: 0.33254924416542053.
[I 2024-12-19 08:14:43,680] Trial 1128 finished with value: 0.42525187134742737 and parameters: {'mlp_n_layers': 2, 'mlp_dim_00': 285, 'mlp_dim_01': 72, 'node_hidden_dim': 120, 'edge_hidden_dim': 39, 'depth': 2, 'rep_dropout': 0.07888341211383623, 'train_learning_rate': 0.005225303991484936, 'train_lr_reduce': 0.6}. Best is trial 156 with value: 0.33254924416542053.
[I 2024-12-19 08:14:45,540] Trial 1129 finished with value: 0.40776270627975464 and parameters: {'mlp_n_layers': 4, 'mlp_dim_00': 247, 'mlp_dim_01': 419, 'mlp_dim_02': 227, 'mlp_dim_03': 130, 'node_hidden_dim': 128, 'edge_hidden_dim': 80, 'depth': 2, 'rep_dropout': 0.10663568202321314, 'train_learning_rate': 0.007053623488859023, 'train_lr_reduce': 0.6}. Best is trial 156 with value: 0.33254924416542053.
[I 2024-12-19 08:14:45,866] Trial 1131 finished with value: 1.3593628406524658 and parameters: {'mlp_n_layers': 2, 'mlp_dim_00': 347, 'mlp_dim_01': 121, 'node_hidden_dim': 51, 'edge_hidden_dim': 98, 'depth': 2, 'rep_dropout': 0.147894940323528, 'train_learning_rate': 0.004761571963551277, 'train_lr_reduce': 0.6}. Best is trial 156 with value: 0.33254924416542053.
[I 2024-12-19 08:14:50,480] Trial 1134 finished with value: 1.2841265201568604 and parameters: {'mlp_n_layers': 3, 'mlp_dim_00': 510, 'mlp_dim_01': 461, 'mlp_dim_02': 261, 'node_hidden_dim': 106, 'edge_hidden_dim': 99, 'depth': 2, 'rep_dropout': 0.20997772139843332, 'train_learning_rate': 0.009274163603816013, 'train_lr_reduce': 0.6}. Best is trial 156 with value: 0.33254924416542053.
[I 2024-12-19 08:14:51,329] Trial 1132 finished with value: 1.3808743953704834 and parameters: {'mlp_n_layers': 4, 'mlp_dim_00': 121, 'mlp_dim_01': 501, 'mlp_dim_02': 300, 'mlp_dim_03': 182, 'node_hidden_dim': 103, 'edge_hidden_dim': 68, 'depth': 2, 'rep_dropout': 0.22817432396333256, 'train_learning_rate': 0.0012712135995529585, 'train_lr_reduce': 0.6}. Best is trial 156 with value: 0.33254924416542053.
[I 2024-12-19 08:14:51,820] Trial 1133 finished with value: 1.5631157159805298 and parameters: {'mlp_n_layers': 4, 'mlp_dim_00': 340, 'mlp_dim_01': 280, 'mlp_dim_02': 341, 'mlp_dim_03': 115, 'node_hidden_dim': 62, 'edge_hidden_dim': 81, 'depth': 2, 'rep_dropout': 0.14059478159979769, 'train_learning_rate': 0.000183445726188193, 'train_lr_reduce': 0.6}. Best is trial 156 with value: 0.33254924416542053.
[I 2024-12-19 08:14:55,767] Trial 1137 finished with value: 1.400326132774353 and parameters: {'mlp_n_layers': 3, 'mlp_dim_00': 434, 'mlp_dim_01': 77, 'mlp_dim_02': 423, 'node_hidden_dim': 35, 'edge_hidden_dim': 97, 'depth': 2, 'rep_dropout': 0.0771531061639776, 'train_learning_rate': 0.0032996344362052755, 'train_lr_reduce': 0.6}. Best is trial 156 with value: 0.33254924416542053.
[I 2024-12-19 08:14:56,629] Trial 1135 finished with value: 1.4044185876846313 and parameters: {'mlp_n_layers': 4, 'mlp_dim_00': 150, 'mlp_dim_01': 341, 'mlp_dim_02': 300, 'mlp_dim_03': 239, 'node_hidden_dim': 78, 'edge_hidden_dim': 93, 'depth': 2, 'rep_dropout': 0.05210945562214131, 'train_learning_rate': 0.0035594968621756725, 'train_lr_reduce': 0.6}. Best is trial 156 with value: 0.33254924416542053.
[I 2024-12-19 08:14:59,131] Trial 1136 finished with value: 1.3664822578430176 and parameters: {'mlp_n_layers': 3, 'mlp_dim_00': 150, 'mlp_dim_01': 69, 'mlp_dim_02': 368, 'node_hidden_dim': 116, 'edge_hidden_dim': 42, 'depth': 2, 'rep_dropout': 0.06517990777191246, 'train_learning_rate': 0.009387262725785292, 'train_lr_reduce': 0.6}. Best is trial 156 with value: 0.33254924416542053.
[I 2024-12-19 08:15:00,436] Trial 1138 finished with value: 1.5667765140533447 and parameters: {'mlp_n_layers': 4, 'mlp_dim_00': 106, 'mlp_dim_01': 316, 'mlp_dim_02': 232, 'mlp_dim_03': 122, 'node_hidden_dim': 128, 'edge_hidden_dim': 71, 'depth': 4, 'rep_dropout': 0.10833531768852964, 'train_learning_rate': 0.0003353886877596524, 'train_lr_reduce': 0.6}. Best is trial 156 with value: 0.33254924416542053.
[I 2024-12-19 08:15:01,297] Trial 1139 finished with value: 1.5016992092132568 and parameters: {'mlp_n_layers': 3, 'mlp_dim_00': 291, 'mlp_dim_01': 197, 'mlp_dim_02': 330, 'node_hidden_dim': 51, 'edge_hidden_dim': 98, 'depth': 2, 'rep_dropout': 0.21170556009649394, 'train_learning_rate': 0.0018895401235862427, 'train_lr_reduce': 0.6}. Best is trial 156 with value: 0.33254924416542053.
[I 2024-12-19 08:15:03,797] Trial 1140 finished with value: 1.456878662109375 and parameters: {'mlp_n_layers': 3, 'mlp_dim_00': 295, 'mlp_dim_01': 224, 'mlp_dim_02': 276, 'node_hidden_dim': 86, 'edge_hidden_dim': 59, 'depth': 2, 'rep_dropout': 0.13690406598241317, 'train_learning_rate': 0.005418769226706641, 'train_lr_reduce': 0.6}. Best is trial 156 with value: 0.33254924416542053.
[I 2024-12-19 08:15:06,890] Trial 1142 finished with value: 1.468247413635254 and parameters: {'mlp_n_layers': 4, 'mlp_dim_00': 209, 'mlp_dim_01': 303, 'mlp_dim_02': 306, 'mlp_dim_03': 156, 'node_hidden_dim': 104, 'edge_hidden_dim': 88, 'depth': 2, 'rep_dropout': 0.11757390239353577, 'train_learning_rate': 0.005425055600683848, 'train_lr_reduce': 0.6}. Best is trial 156 with value: 0.33254924416542053.
[I 2024-12-19 08:15:11,381] Trial 1143 finished with value: 1.3468772172927856 and parameters: {'mlp_n_layers': 4, 'mlp_dim_00': 469, 'mlp_dim_01': 77, 'mlp_dim_02': 229, 'mlp_dim_03': 226, 'node_hidden_dim': 87, 'edge_hidden_dim': 73, 'depth': 3, 'rep_dropout': 0.04090210728693955, 'train_learning_rate': 0.0013798933376068315, 'train_lr_reduce': 0.6}. Best is trial 156 with value: 0.33254924416542053.
[I 2024-12-19 08:15:11,413] Trial 1144 finished with value: 1.5683526992797852 and parameters: {'mlp_n_layers': 3, 'mlp_dim_00': 491, 'mlp_dim_01': 392, 'mlp_dim_02': 398, 'node_hidden_dim': 50, 'edge_hidden_dim': 118, 'depth': 4, 'rep_dropout': 0.16180766147048478, 'train_learning_rate': 0.00032337191608155136, 'train_lr_reduce': 0.6}. Best is trial 156 with value: 0.33254924416542053.
[I 2024-12-19 08:15:13,991] Trial 1141 finished with value: 0.3982546031475067 and parameters: {'mlp_n_layers': 4, 'mlp_dim_00': 385, 'mlp_dim_01': 198, 'mlp_dim_02': 361, 'mlp_dim_03': 188, 'node_hidden_dim': 104, 'edge_hidden_dim': 64, 'depth': 2, 'rep_dropout': 0.2183902733985676, 'train_learning_rate': 0.0035299577805615514, 'train_lr_reduce': 0.6}. Best is trial 156 with value: 0.33254924416542053.
[I 2024-12-19 08:15:16,061] Trial 1146 finished with value: 1.3794680833816528 and parameters: {'mlp_n_layers': 4, 'mlp_dim_00': 307, 'mlp_dim_01': 78, 'mlp_dim_02': 333, 'mlp_dim_03': 466, 'node_hidden_dim': 62, 'edge_hidden_dim': 74, 'depth': 2, 'rep_dropout': 0.17777136555098708, 'train_learning_rate': 0.003629932734017712, 'train_lr_reduce': 0.6}. Best is trial 156 with value: 0.33254924416542053.
[I 2024-12-19 08:15:16,193] Trial 1145 finished with value: 1.435249924659729 and parameters: {'mlp_n_layers': 4, 'mlp_dim_00': 133, 'mlp_dim_01': 81, 'mlp_dim_02': 328, 'mlp_dim_03': 126, 'node_hidden_dim': 118, 'edge_hidden_dim': 81, 'depth': 2, 'rep_dropout': 0.025226482426248156, 'train_learning_rate': 0.00403978551045956, 'train_lr_reduce': 0.6}. Best is trial 156 with value: 0.33254924416542053.
[I 2024-12-19 08:15:18,663] Trial 1147 finished with value: 1.4083763360977173 and parameters: {'mlp_n_layers': 4, 'mlp_dim_00': 86, 'mlp_dim_01': 434, 'mlp_dim_02': 281, 'mlp_dim_03': 188, 'node_hidden_dim': 92, 'edge_hidden_dim': 100, 'depth': 2, 'rep_dropout': 0.08659316260176224, 'train_learning_rate': 0.002867050357103635, 'train_lr_reduce': 0.6}. Best is trial 156 with value: 0.33254924416542053.
[I 2024-12-19 08:15:20,268] Trial 1148 finished with value: 1.4909645318984985 and parameters: {'mlp_n_layers': 4, 'mlp_dim_00': 190, 'mlp_dim_01': 65, 'mlp_dim_02': 428, 'mlp_dim_03': 249, 'node_hidden_dim': 56, 'edge_hidden_dim': 75, 'depth': 2, 'rep_dropout': 0.16624066719068673, 'train_learning_rate': 0.0018050236320791431, 'train_lr_reduce': 0.6}. Best is trial 156 with value: 0.33254924416542053.
[I 2024-12-19 08:15:21,670] Trial 1149 finished with value: 1.5785821676254272 and parameters: {'mlp_n_layers': 3, 'mlp_dim_00': 255, 'mlp_dim_01': 465, 'mlp_dim_02': 263, 'node_hidden_dim': 66, 'edge_hidden_dim': 54, 'depth': 3, 'rep_dropout': 0.18340126639454418, 'train_learning_rate': 0.00036367104415755346, 'train_lr_reduce': 0.6}. Best is trial 156 with value: 0.33254924416542053.
[I 2024-12-19 08:15:29,999] Trial 1152 finished with value: 1.2714273929595947 and parameters: {'mlp_n_layers': 3, 'mlp_dim_00': 477, 'mlp_dim_01': 83, 'mlp_dim_02': 297, 'node_hidden_dim': 82, 'edge_hidden_dim': 60, 'depth': 2, 'rep_dropout': 0.18847604403519422, 'train_learning_rate': 0.003009061777970011, 'train_lr_reduce': 0.6}. Best is trial 156 with value: 0.33254924416542053.
[I 2024-12-19 08:15:30,068] Trial 1151 finished with value: 0.656227171421051 and parameters: {'mlp_n_layers': 4, 'mlp_dim_00': 194, 'mlp_dim_01': 67, 'mlp_dim_02': 222, 'mlp_dim_03': 116, 'node_hidden_dim': 115, 'edge_hidden_dim': 95, 'depth': 2, 'rep_dropout': 0.05789784068425119, 'train_learning_rate': 0.009320906224072696, 'train_lr_reduce': 0.6}. Best is trial 156 with value: 0.33254924416542053.
[I 2024-12-19 08:15:32,091] Trial 1150 finished with value: 0.663781464099884 and parameters: {'mlp_n_layers': 3, 'mlp_dim_00': 410, 'mlp_dim_01': 176, 'mlp_dim_02': 373, 'node_hidden_dim': 95, 'edge_hidden_dim': 51, 'depth': 2, 'rep_dropout': 0.12264164439694399, 'train_learning_rate': 0.002587192160441092, 'train_lr_reduce': 0.6}. Best is trial 156 with value: 0.33254924416542053.
[I 2024-12-19 08:15:34,592] Trial 1154 finished with value: 1.2830919027328491 and parameters: {'mlp_n_layers': 4, 'mlp_dim_00': 497, 'mlp_dim_01': 496, 'mlp_dim_02': 361, 'mlp_dim_03': 175, 'node_hidden_dim': 102, 'edge_hidden_dim': 80, 'depth': 2, 'rep_dropout': 0.06750289112576521, 'train_learning_rate': 0.0050534629519382685, 'train_lr_reduce': 0.6}. Best is trial 156 with value: 0.33254924416542053.
[I 2024-12-19 08:15:36,348] Trial 1155 finished with value: 1.4814366102218628 and parameters: {'mlp_n_layers': 2, 'mlp_dim_00': 430, 'mlp_dim_01': 76, 'node_hidden_dim': 109, 'edge_hidden_dim': 67, 'depth': 2, 'rep_dropout': 0.16534427075136493, 'train_learning_rate': 0.0023015727365930843, 'train_lr_reduce': 0.6}. Best is trial 156 with value: 0.33254924416542053.
[I 2024-12-19 08:15:39,112] Trial 1156 finished with value: 1.2813574075698853 and parameters: {'mlp_n_layers': 3, 'mlp_dim_00': 498, 'mlp_dim_01': 64, 'mlp_dim_02': 306, 'node_hidden_dim': 103, 'edge_hidden_dim': 59, 'depth': 2, 'rep_dropout': 0.09216566442305832, 'train_learning_rate': 0.007996832838764283, 'train_lr_reduce': 0.6}. Best is trial 156 with value: 0.33254924416542053.
[I 2024-12-19 08:15:41,277] Trial 1157 finished with value: 1.4866664409637451 and parameters: {'mlp_n_layers': 4, 'mlp_dim_00': 477, 'mlp_dim_01': 81, 'mlp_dim_02': 253, 'mlp_dim_03': 237, 'node_hidden_dim': 73, 'edge_hidden_dim': 66, 'depth': 2, 'rep_dropout': 0.04647214325934276, 'train_learning_rate': 0.0060445234710832015, 'train_lr_reduce': 0.6}. Best is trial 156 with value: 0.33254924416542053.
[I 2024-12-19 08:15:44,100] Trial 1158 finished with value: 1.5803245306015015 and parameters: {'mlp_n_layers': 3, 'mlp_dim_00': 314, 'mlp_dim_01': 481, 'mlp_dim_02': 395, 'node_hidden_dim': 111, 'edge_hidden_dim': 54, 'depth': 4, 'rep_dropout': 0.10712550438704527, 'train_learning_rate': 0.00021573361533890075, 'train_lr_reduce': 0.6}. Best is trial 156 with value: 0.33254924416542053.
[I 2024-12-19 08:15:45,449] Trial 1159 finished with value: 1.3425766229629517 and parameters: {'mlp_n_layers': 2, 'mlp_dim_00': 497, 'mlp_dim_01': 152, 'node_hidden_dim': 91, 'edge_hidden_dim': 78, 'depth': 2, 'rep_dropout': 0.12596625650286808, 'train_learning_rate': 0.005239260462863208, 'train_lr_reduce': 0.6}. Best is trial 156 with value: 0.33254924416542053.
[I 2024-12-19 08:15:45,883] Trial 1153 finished with value: 0.44076046347618103 and parameters: {'mlp_n_layers': 3, 'mlp_dim_00': 467, 'mlp_dim_01': 70, 'mlp_dim_02': 347, 'node_hidden_dim': 94, 'edge_hidden_dim': 94, 'depth': 2, 'rep_dropout': 0.09859720973773435, 'train_learning_rate': 0.0038400701643629344, 'train_lr_reduce': 0.6}. Best is trial 156 with value: 0.33254924416542053.
[I 2024-12-19 08:15:49,794] Trial 1161 finished with value: 1.3587243556976318 and parameters: {'mlp_n_layers': 2, 'mlp_dim_00': 457, 'mlp_dim_01': 322, 'node_hidden_dim': 113, 'edge_hidden_dim': 103, 'depth': 2, 'rep_dropout': 0.14771273428991882, 'train_learning_rate': 0.009727810872204005, 'train_lr_reduce': 0.6}. Best is trial 156 with value: 0.33254924416542053.
[I 2024-12-19 08:15:50,256] Trial 1162 finished with value: 1.3617359399795532 and parameters: {'mlp_n_layers': 3, 'mlp_dim_00': 408, 'mlp_dim_01': 240, 'mlp_dim_02': 318, 'node_hidden_dim': 128, 'edge_hidden_dim': 51, 'depth': 2, 'rep_dropout': 0.018660391110113094, 'train_learning_rate': 0.003392710558682656, 'train_lr_reduce': 0.6}. Best is trial 156 with value: 0.33254924416542053.
[I 2024-12-19 08:15:52,508] Trial 1160 finished with value: 1.378825068473816 and parameters: {'mlp_n_layers': 4, 'mlp_dim_00': 193, 'mlp_dim_01': 432, 'mlp_dim_02': 445, 'mlp_dim_03': 117, 'node_hidden_dim': 104, 'edge_hidden_dim': 83, 'depth': 2, 'rep_dropout': 0.05253617579013417, 'train_learning_rate': 0.0019191325537359562, 'train_lr_reduce': 0.6}. Best is trial 156 with value: 0.33254924416542053.
[I 2024-12-19 08:15:54,498] Trial 1163 finished with value: 1.4825000762939453 and parameters: {'mlp_n_layers': 4, 'mlp_dim_00': 321, 'mlp_dim_01': 113, 'mlp_dim_02': 219, 'mlp_dim_03': 178, 'node_hidden_dim': 127, 'edge_hidden_dim': 44, 'depth': 3, 'rep_dropout': 0.0736016022439715, 'train_learning_rate': 0.005240778321864695, 'train_lr_reduce': 0.6}. Best is trial 156 with value: 0.33254924416542053.
[I 2024-12-19 08:15:54,502] Trial 1164 finished with value: 1.325024127960205 and parameters: {'mlp_n_layers': 4, 'mlp_dim_00': 452, 'mlp_dim_01': 114, 'mlp_dim_02': 271, 'mlp_dim_03': 257, 'node_hidden_dim': 61, 'edge_hidden_dim': 109, 'depth': 2, 'rep_dropout': 0.14332072899897022, 'train_learning_rate': 0.006354095448502568, 'train_lr_reduce': 0.6}. Best is trial 156 with value: 0.33254924416542053.
