[I 2024-12-25 03:07:11,740] Trial 1091 finished with value: 0.011645873077213764 and parameters: {'L1_hidden_dim': 240, 'L1_layers_atom': 4, 'L1_layers_mol': 2, 'L1_dropout': 0.018462565914101354, 'L1_out_dim': 80, 'L2_hidden_dim': 128, 'L2_layers_atom': 4, 'L2_layers_mol': 2, 'L2_out_dim': 48, 'L2_dropout': 0.00507503475258661, 'L3_hidden_dim': 96, 'L3_layers_atom': 2, 'L3_layers_mol': 1, 'L3_out_dim': 128, 'L3_dropout': 0.2843384763100942, 'n_mlp_layers': 1, 'mlp_dim_0': 368, 'num_heads': 1, 'final_dropout': 0.016055977114854302, 'train_learning_rate': 0.00040564510472062025, 'train_lr_reduce': 0.6}. Best is trial 570 with value: 0.00952998548746109.
[I 2024-12-25 03:07:40,134] Trial 1092 finished with value: 0.017510876059532166 and parameters: {'L1_hidden_dim': 160, 'L1_layers_atom': 2, 'L1_layers_mol': 4, 'L1_dropout': 0.02286656828314267, 'L1_out_dim': 64, 'L2_hidden_dim': 224, 'L2_layers_atom': 2, 'L2_layers_mol': 2, 'L2_out_dim': 32, 'L2_dropout': 0.115172461343676, 'L3_hidden_dim': 64, 'L3_layers_atom': 2, 'L3_layers_mol': 2, 'L3_out_dim': 64, 'L3_dropout': 0.2999541090407057, 'n_mlp_layers': 1, 'mlp_dim_0': 344, 'num_heads': 1, 'final_dropout': 0.05811772340839025, 'train_learning_rate': 0.002308945074349213, 'train_lr_reduce': 0.6}. Best is trial 570 with value: 0.00952998548746109.
[I 2024-12-25 03:07:54,625] Trial 1093 finished with value: 0.011514675803482533 and parameters: {'L1_hidden_dim': 160, 'L1_layers_atom': 1, 'L1_layers_mol': 4, 'L1_dropout': 0.0388648620285611, 'L1_out_dim': 80, 'L2_hidden_dim': 240, 'L2_layers_atom': 3, 'L2_layers_mol': 1, 'L2_out_dim': 48, 'L2_dropout': 0.017471537296512893, 'L3_hidden_dim': 48, 'L3_layers_atom': 1, 'L3_layers_mol': 1, 'L3_out_dim': 80, 'L3_dropout': 0.2544287986781976, 'n_mlp_layers': 1, 'mlp_dim_0': 320, 'num_heads': 2, 'final_dropout': 0.08155244831896083, 'train_learning_rate': 0.0006067271971330818, 'train_lr_reduce': 0.6}. Best is trial 570 with value: 0.00952998548746109.
[I 2024-12-25 03:09:31,510] Trial 1094 finished with value: 0.011729993857443333 and parameters: {'L1_hidden_dim': 128, 'L1_layers_atom': 1, 'L1_layers_mol': 4, 'L1_dropout': 0.08345580763396868, 'L1_out_dim': 32, 'L2_hidden_dim': 224, 'L2_layers_atom': 3, 'L2_layers_mol': 1, 'L2_out_dim': 80, 'L2_dropout': 0.1136332659744769, 'L3_hidden_dim': 32, 'L3_layers_atom': 2, 'L3_layers_mol': 3, 'L3_out_dim': 64, 'L3_dropout': 0.277357253233665, 'n_mlp_layers': 1, 'mlp_dim_0': 240, 'num_heads': 2, 'final_dropout': 0.0713107453078693, 'train_learning_rate': 0.0009640247203567327, 'train_lr_reduce': 0.6}. Best is trial 570 with value: 0.00952998548746109.
[I 2024-12-25 03:10:12,561] Trial 1096 finished with value: 0.010737193748354912 and parameters: {'L1_hidden_dim': 224, 'L1_layers_atom': 1, 'L1_layers_mol': 4, 'L1_dropout': 0.0001723269011236878, 'L1_out_dim': 48, 'L2_hidden_dim': 160, 'L2_layers_atom': 3, 'L2_layers_mol': 2, 'L2_out_dim': 64, 'L2_dropout': 0.12606684774230967, 'L3_hidden_dim': 48, 'L3_layers_atom': 2, 'L3_layers_mol': 2, 'L3_out_dim': 80, 'L3_dropout': 0.2519930170860206, 'n_mlp_layers': 1, 'mlp_dim_0': 440, 'num_heads': 2, 'final_dropout': 0.05005480250269277, 'train_learning_rate': 0.0008687106849215898, 'train_lr_reduce': 0.6}. Best is trial 570 with value: 0.00952998548746109.
[I 2024-12-25 03:11:08,244] Trial 1095 finished with value: 0.011220156215131283 and parameters: {'L1_hidden_dim': 176, 'L1_layers_atom': 3, 'L1_layers_mol': 4, 'L1_dropout': 0.019357946981232402, 'L1_out_dim': 32, 'L2_hidden_dim': 192, 'L2_layers_atom': 3, 'L2_layers_mol': 2, 'L2_out_dim': 64, 'L2_dropout': 0.08171732634449028, 'L3_hidden_dim': 32, 'L3_layers_atom': 2, 'L3_layers_mol': 1, 'L3_out_dim': 32, 'L3_dropout': 0.18489060932742368, 'n_mlp_layers': 1, 'mlp_dim_0': 480, 'num_heads': 2, 'final_dropout': 0.12395780541718672, 'train_learning_rate': 0.0005769730306528178, 'train_lr_reduce': 0.6}. Best is trial 570 with value: 0.00952998548746109.
[I 2024-12-25 03:12:04,493] Trial 1097 finished with value: 0.011069556698203087 and parameters: {'L1_hidden_dim': 240, 'L1_layers_atom': 4, 'L1_layers_mol': 4, 'L1_dropout': 0.04131331876460373, 'L1_out_dim': 32, 'L2_hidden_dim': 128, 'L2_layers_atom': 4, 'L2_layers_mol': 1, 'L2_out_dim': 48, 'L2_dropout': 0.12256795455000796, 'L3_hidden_dim': 32, 'L3_layers_atom': 3, 'L3_layers_mol': 1, 'L3_out_dim': 128, 'L3_dropout': 0.28376267013407597, 'n_mlp_layers': 1, 'mlp_dim_0': 352, 'num_heads': 2, 'final_dropout': 0.14985882908713347, 'train_learning_rate': 0.0007675964540460112, 'train_lr_reduce': 0.6}. Best is trial 570 with value: 0.00952998548746109.
[I 2024-12-25 03:12:32,697] Trial 1098 finished with value: 0.010688630864024162 and parameters: {'L1_hidden_dim': 208, 'L1_layers_atom': 3, 'L1_layers_mol': 3, 'L1_dropout': 0.030890121603716417, 'L1_out_dim': 80, 'L2_hidden_dim': 160, 'L2_layers_atom': 4, 'L2_layers_mol': 1, 'L2_out_dim': 48, 'L2_dropout': 0.1094334927716482, 'L3_hidden_dim': 96, 'L3_layers_atom': 3, 'L3_layers_mol': 1, 'L3_out_dim': 112, 'L3_dropout': 0.23672868400980734, 'n_mlp_layers': 1, 'mlp_dim_0': 264, 'num_heads': 1, 'final_dropout': 0.024656161071462773, 'train_learning_rate': 0.00038684457230671483, 'train_lr_reduce': 0.6}. Best is trial 570 with value: 0.00952998548746109.
[I 2024-12-25 03:14:44,614] Trial 1100 finished with value: 0.010604037903249264 and parameters: {'L1_hidden_dim': 160, 'L1_layers_atom': 3, 'L1_layers_mol': 3, 'L1_dropout': 0.045527923476021935, 'L1_out_dim': 48, 'L2_hidden_dim': 256, 'L2_layers_atom': 4, 'L2_layers_mol': 2, 'L2_out_dim': 48, 'L2_dropout': 0.011205383695508367, 'L3_hidden_dim': 48, 'L3_layers_atom': 2, 'L3_layers_mol': 3, 'L3_out_dim': 48, 'L3_dropout': 0.27564037308819983, 'n_mlp_layers': 1, 'mlp_dim_0': 320, 'num_heads': 2, 'final_dropout': 0.1184743171818777, 'train_learning_rate': 0.0009126632484652755, 'train_lr_reduce': 0.6}. Best is trial 570 with value: 0.00952998548746109.
[I 2024-12-25 03:14:53,495] Trial 1099 finished with value: 0.011808598414063454 and parameters: {'L1_hidden_dim': 176, 'L1_layers_atom': 2, 'L1_layers_mol': 3, 'L1_dropout': 0.0007614239714009829, 'L1_out_dim': 96, 'L2_hidden_dim': 112, 'L2_layers_atom': 4, 'L2_layers_mol': 1, 'L2_out_dim': 112, 'L2_dropout': 0.035650544842101596, 'L3_hidden_dim': 96, 'L3_layers_atom': 2, 'L3_layers_mol': 3, 'L3_out_dim': 64, 'L3_dropout': 0.2806264780719665, 'n_mlp_layers': 2, 'mlp_dim_0': 432, 'mlp_dim_1': 80, 'num_heads': 1, 'final_dropout': 0.1327743142339407, 'train_learning_rate': 0.00013155577228743956, 'train_lr_reduce': 0.6}. Best is trial 570 with value: 0.00952998548746109.
[I 2024-12-25 03:16:41,697] Trial 1103 finished with value: 0.011814980767667294 and parameters: {'L1_hidden_dim': 192, 'L1_layers_atom': 1, 'L1_layers_mol': 4, 'L1_dropout': 0.05323914112077011, 'L1_out_dim': 48, 'L2_hidden_dim': 256, 'L2_layers_atom': 3, 'L2_layers_mol': 2, 'L2_out_dim': 32, 'L2_dropout': 0.007329820826428624, 'L3_hidden_dim': 48, 'L3_layers_atom': 2, 'L3_layers_mol': 3, 'L3_out_dim': 80, 'L3_dropout': 0.2338921766276571, 'n_mlp_layers': 2, 'mlp_dim_0': 312, 'mlp_dim_1': 80, 'num_heads': 2, 'final_dropout': 0.08263340685649978, 'train_learning_rate': 0.0026491478796161175, 'train_lr_reduce': 0.6}. Best is trial 570 with value: 0.00952998548746109.
[I 2024-12-25 03:16:42,247] Trial 1101 finished with value: 0.01141203660517931 and parameters: {'L1_hidden_dim': 144, 'L1_layers_atom': 2, 'L1_layers_mol': 4, 'L1_dropout': 0.037895455451409064, 'L1_out_dim': 48, 'L2_hidden_dim': 240, 'L2_layers_atom': 3, 'L2_layers_mol': 1, 'L2_out_dim': 32, 'L2_dropout': 0.12034722760539246, 'L3_hidden_dim': 32, 'L3_layers_atom': 4, 'L3_layers_mol': 2, 'L3_out_dim': 128, 'L3_dropout': 0.2521690702196475, 'n_mlp_layers': 1, 'mlp_dim_0': 400, 'num_heads': 2, 'final_dropout': 0.06156153732277809, 'train_learning_rate': 0.0014161781211015135, 'train_lr_reduce': 0.6}. Best is trial 570 with value: 0.00952998548746109.
[I 2024-12-25 03:17:30,816] Trial 1102 finished with value: 0.012107661925256252 and parameters: {'L1_hidden_dim': 208, 'L1_layers_atom': 2, 'L1_layers_mol': 4, 'L1_dropout': 0.10656223410209775, 'L1_out_dim': 64, 'L2_hidden_dim': 224, 'L2_layers_atom': 3, 'L2_layers_mol': 1, 'L2_out_dim': 48, 'L2_dropout': 0.03098379114721764, 'L3_hidden_dim': 64, 'L3_layers_atom': 1, 'L3_layers_mol': 3, 'L3_out_dim': 64, 'L3_dropout': 0.21619740886188116, 'n_mlp_layers': 1, 'mlp_dim_0': 232, 'num_heads': 2, 'final_dropout': 0.11566018370655501, 'train_learning_rate': 0.00022308074696476572, 'train_lr_reduce': 0.6}. Best is trial 570 with value: 0.00952998548746109.
[I 2024-12-25 03:18:33,197] Trial 1105 finished with value: 0.010637253522872925 and parameters: {'L1_hidden_dim': 256, 'L1_layers_atom': 3, 'L1_layers_mol': 3, 'L1_dropout': 0.037461531256967426, 'L1_out_dim': 48, 'L2_hidden_dim': 144, 'L2_layers_atom': 2, 'L2_layers_mol': 1, 'L2_out_dim': 48, 'L2_dropout': 0.002403434623956008, 'L3_hidden_dim': 80, 'L3_layers_atom': 3, 'L3_layers_mol': 2, 'L3_out_dim': 112, 'L3_dropout': 0.2725735386446524, 'n_mlp_layers': 1, 'mlp_dim_0': 272, 'num_heads': 1, 'final_dropout': 0.03305878564938597, 'train_learning_rate': 0.0006237432375911472, 'train_lr_reduce': 0.6}. Best is trial 570 with value: 0.00952998548746109.
[I 2024-12-25 03:18:48,871] Trial 1104 finished with value: 0.011373125948011875 and parameters: {'L1_hidden_dim': 192, 'L1_layers_atom': 2, 'L1_layers_mol': 3, 'L1_dropout': 0.0023220492310420324, 'L1_out_dim': 64, 'L2_hidden_dim': 192, 'L2_layers_atom': 2, 'L2_layers_mol': 1, 'L2_out_dim': 32, 'L2_dropout': 0.08271567743563302, 'L3_hidden_dim': 48, 'L3_layers_atom': 2, 'L3_layers_mol': 4, 'L3_out_dim': 64, 'L3_dropout': 0.2861693361330643, 'n_mlp_layers': 1, 'mlp_dim_0': 272, 'num_heads': 2, 'final_dropout': 0.04303043687910679, 'train_learning_rate': 0.0003584714232924169, 'train_lr_reduce': 0.6}. Best is trial 570 with value: 0.00952998548746109.
[I 2024-12-25 03:19:06,913] Trial 1106 finished with value: 0.012235455214977264 and parameters: {'L1_hidden_dim': 208, 'L1_layers_atom': 1, 'L1_layers_mol': 4, 'L1_dropout': 0.010498868109997759, 'L1_out_dim': 128, 'L2_hidden_dim': 112, 'L2_layers_atom': 3, 'L2_layers_mol': 1, 'L2_out_dim': 64, 'L2_dropout': 0.17449351869238733, 'L3_hidden_dim': 112, 'L3_layers_atom': 3, 'L3_layers_mol': 3, 'L3_out_dim': 112, 'L3_dropout': 0.25423726006922576, 'n_mlp_layers': 1, 'mlp_dim_0': 216, 'num_heads': 1, 'final_dropout': 0.09480857715828221, 'train_learning_rate': 0.002214934061057328, 'train_lr_reduce': 0.6}. Best is trial 570 with value: 0.00952998548746109.
[I 2024-12-25 03:20:30,759] Trial 1108 finished with value: 0.012556375935673714 and parameters: {'L1_hidden_dim': 240, 'L1_layers_atom': 3, 'L1_layers_mol': 2, 'L1_dropout': 0.05247455516311712, 'L1_out_dim': 32, 'L2_hidden_dim': 112, 'L2_layers_atom': 4, 'L2_layers_mol': 1, 'L2_out_dim': 32, 'L2_dropout': 0.06961904552718116, 'L3_hidden_dim': 96, 'L3_layers_atom': 4, 'L3_layers_mol': 1, 'L3_out_dim': 128, 'L3_dropout': 0.2551589271061992, 'n_mlp_layers': 1, 'mlp_dim_0': 152, 'num_heads': 1, 'final_dropout': 0.03055615352967679, 'train_learning_rate': 0.0004946259218697296, 'train_lr_reduce': 0.6}. Best is trial 570 with value: 0.00952998548746109.
[I 2024-12-25 03:20:34,331] Trial 1107 finished with value: 0.011053741909563541 and parameters: {'L1_hidden_dim': 224, 'L1_layers_atom': 3, 'L1_layers_mol': 3, 'L1_dropout': 0.01964999772730383, 'L1_out_dim': 64, 'L2_hidden_dim': 160, 'L2_layers_atom': 4, 'L2_layers_mol': 3, 'L2_out_dim': 32, 'L2_dropout': 0.06853741058592894, 'L3_hidden_dim': 96, 'L3_layers_atom': 4, 'L3_layers_mol': 1, 'L3_out_dim': 112, 'L3_dropout': 0.29659909497917486, 'n_mlp_layers': 2, 'mlp_dim_0': 256, 'mlp_dim_1': 72, 'num_heads': 1, 'final_dropout': 0.048600770950195334, 'train_learning_rate': 0.0008332902051211737, 'train_lr_reduce': 0.6}. Best is trial 570 with value: 0.00952998548746109.
[I 2024-12-25 03:21:10,191] Trial 1109 finished with value: 0.012713950127363205 and parameters: {'L1_hidden_dim': 256, 'L1_layers_atom': 2, 'L1_layers_mol': 4, 'L1_dropout': 0.02661665753222999, 'L1_out_dim': 96, 'L2_hidden_dim': 128, 'L2_layers_atom': 3, 'L2_layers_mol': 4, 'L2_out_dim': 32, 'L2_dropout': 0.08361386159556851, 'L3_hidden_dim': 32, 'L3_layers_atom': 4, 'L3_layers_mol': 2, 'L3_out_dim': 128, 'L3_dropout': 0.2853662120456367, 'n_mlp_layers': 3, 'mlp_dim_0': 144, 'mlp_dim_1': 440, 'mlp_dim_2': 32, 'num_heads': 2, 'final_dropout': 0.19140523517048175, 'train_learning_rate': 0.005041278257454948, 'train_lr_reduce': 0.6}. Best is trial 570 with value: 0.00952998548746109.
[I 2024-12-25 03:23:04,088] Trial 1110 finished with value: 0.011526159942150116 and parameters: {'L1_hidden_dim': 160, 'L1_layers_atom': 3, 'L1_layers_mol': 4, 'L1_dropout': 0.012843851087382093, 'L1_out_dim': 96, 'L2_hidden_dim': 208, 'L2_layers_atom': 2, 'L2_layers_mol': 2, 'L2_out_dim': 32, 'L2_dropout': 0.0037256678997305837, 'L3_hidden_dim': 64, 'L3_layers_atom': 2, 'L3_layers_mol': 4, 'L3_out_dim': 80, 'L3_dropout': 0.2900573188212966, 'n_mlp_layers': 1, 'mlp_dim_0': 432, 'num_heads': 2, 'final_dropout': 0.1701056865351912, 'train_learning_rate': 0.00040774044841302657, 'train_lr_reduce': 0.6}. Best is trial 570 with value: 0.00952998548746109.
[I 2024-12-25 03:23:19,170] Trial 1111 finished with value: 0.010922104120254517 and parameters: {'L1_hidden_dim': 240, 'L1_layers_atom': 3, 'L1_layers_mol': 4, 'L1_dropout': 0.011077867187781094, 'L1_out_dim': 48, 'L2_hidden_dim': 96, 'L2_layers_atom': 4, 'L2_layers_mol': 1, 'L2_out_dim': 48, 'L2_dropout': 0.016791625290508778, 'L3_hidden_dim': 80, 'L3_layers_atom': 4, 'L3_layers_mol': 1, 'L3_out_dim': 128, 'L3_dropout': 0.29146539260251264, 'n_mlp_layers': 1, 'mlp_dim_0': 384, 'num_heads': 2, 'final_dropout': 0.10736758042000083, 'train_learning_rate': 0.0007078838747845929, 'train_lr_reduce': 0.6}. Best is trial 570 with value: 0.00952998548746109.
[I 2024-12-25 03:23:53,354] Trial 1112 finished with value: 0.010277221910655499 and parameters: {'L1_hidden_dim': 240, 'L1_layers_atom': 2, 'L1_layers_mol': 4, 'L1_dropout': 0.037326941016892434, 'L1_out_dim': 48, 'L2_hidden_dim': 128, 'L2_layers_atom': 4, 'L2_layers_mol': 1, 'L2_out_dim': 80, 'L2_dropout': 0.00031779854401566, 'L3_hidden_dim': 96, 'L3_layers_atom': 4, 'L3_layers_mol': 2, 'L3_out_dim': 112, 'L3_dropout': 0.22832816535721598, 'n_mlp_layers': 1, 'mlp_dim_0': 296, 'num_heads': 1, 'final_dropout': 0.019940224575265512, 'train_learning_rate': 0.00025575611307218654, 'train_lr_reduce': 0.6}. Best is trial 570 with value: 0.00952998548746109.
[I 2024-12-25 03:25:47,336] Trial 1114 finished with value: 0.011641692370176315 and parameters: {'L1_hidden_dim': 208, 'L1_layers_atom': 3, 'L1_layers_mol': 4, 'L1_dropout': 0.10527384755991974, 'L1_out_dim': 64, 'L2_hidden_dim': 224, 'L2_layers_atom': 3, 'L2_layers_mol': 1, 'L2_out_dim': 48, 'L2_dropout': 0.04018134878527241, 'L3_hidden_dim': 48, 'L3_layers_atom': 2, 'L3_layers_mol': 4, 'L3_out_dim': 64, 'L3_dropout': 0.28779287526023023, 'n_mlp_layers': 1, 'mlp_dim_0': 272, 'num_heads': 2, 'final_dropout': 0.10659493760886402, 'train_learning_rate': 0.0009890051533588131, 'train_lr_reduce': 0.6}. Best is trial 570 with value: 0.00952998548746109.
[I 2024-12-25 03:27:01,696] Trial 1113 finished with value: 0.013139295391738415 and parameters: {'L1_hidden_dim': 176, 'L1_layers_atom': 2, 'L1_layers_mol': 4, 'L1_dropout': 0.01331769904910738, 'L1_out_dim': 80, 'L2_hidden_dim': 176, 'L2_layers_atom': 3, 'L2_layers_mol': 1, 'L2_out_dim': 64, 'L2_dropout': 0.13217319945118639, 'L3_hidden_dim': 32, 'L3_layers_atom': 3, 'L3_layers_mol': 2, 'L3_out_dim': 64, 'L3_dropout': 0.24469201909359273, 'n_mlp_layers': 1, 'mlp_dim_0': 336, 'num_heads': 2, 'final_dropout': 0.09259255715581352, 'train_learning_rate': 0.0002634441376587609, 'train_lr_reduce': 0.6}. Best is trial 570 with value: 0.00952998548746109.
[I 2024-12-25 03:27:36,412] Trial 1115 finished with value: 0.010547220706939697 and parameters: {'L1_hidden_dim': 224, 'L1_layers_atom': 2, 'L1_layers_mol': 4, 'L1_dropout': 0.05310679393684101, 'L1_out_dim': 96, 'L2_hidden_dim': 256, 'L2_layers_atom': 4, 'L2_layers_mol': 1, 'L2_out_dim': 32, 'L2_dropout': 0.014606648973743358, 'L3_hidden_dim': 48, 'L3_layers_atom': 1, 'L3_layers_mol': 3, 'L3_out_dim': 32, 'L3_dropout': 0.29858166319742163, 'n_mlp_layers': 1, 'mlp_dim_0': 312, 'num_heads': 2, 'final_dropout': 0.15096404886367348, 'train_learning_rate': 0.0001992262214085897, 'train_lr_reduce': 0.6}. Best is trial 570 with value: 0.00952998548746109.
[I 2024-12-25 03:28:15,955] Trial 1116 finished with value: 0.011884219013154507 and parameters: {'L1_hidden_dim': 240, 'L1_layers_atom': 4, 'L1_layers_mol': 3, 'L1_dropout': 0.038813317348711684, 'L1_out_dim': 48, 'L2_hidden_dim': 176, 'L2_layers_atom': 4, 'L2_layers_mol': 1, 'L2_out_dim': 80, 'L2_dropout': 0.16440627093055674, 'L3_hidden_dim': 80, 'L3_layers_atom': 4, 'L3_layers_mol': 2, 'L3_out_dim': 128, 'L3_dropout': 0.10949764219097483, 'n_mlp_layers': 3, 'mlp_dim_0': 256, 'mlp_dim_1': 32, 'mlp_dim_2': 184, 'num_heads': 2, 'final_dropout': 0.20826626596734546, 'train_learning_rate': 0.0007748659330410053, 'train_lr_reduce': 0.6}. Best is trial 570 with value: 0.00952998548746109.
[I 2024-12-25 03:29:12,746] Trial 1119 finished with value: 0.061127450317144394 and parameters: {'L1_hidden_dim': 208, 'L1_layers_atom': 4, 'L1_layers_mol': 2, 'L1_dropout': 0.03447449292401966, 'L1_out_dim': 48, 'L2_hidden_dim': 144, 'L2_layers_atom': 4, 'L2_layers_mol': 2, 'L2_out_dim': 112, 'L2_dropout': 0.08913964405610092, 'L3_hidden_dim': 96, 'L3_layers_atom': 3, 'L3_layers_mol': 4, 'L3_out_dim': 96, 'L3_dropout': 0.29213215264269654, 'n_mlp_layers': 2, 'mlp_dim_0': 288, 'mlp_dim_1': 464, 'num_heads': 2, 'final_dropout': 0.11091110190647935, 'train_learning_rate': 0.0011390893001345195, 'train_lr_reduce': 0.6}. Best is trial 570 with value: 0.00952998548746109.
[I 2024-12-25 03:29:42,829] Trial 1117 finished with value: 0.017356183379888535 and parameters: {'L1_hidden_dim': 160, 'L1_layers_atom': 2, 'L1_layers_mol': 3, 'L1_dropout': 0.053815824349821476, 'L1_out_dim': 80, 'L2_hidden_dim': 240, 'L2_layers_atom': 3, 'L2_layers_mol': 1, 'L2_out_dim': 64, 'L2_dropout': 0.0802753781161048, 'L3_hidden_dim': 48, 'L3_layers_atom': 2, 'L3_layers_mol': 2, 'L3_out_dim': 80, 'L3_dropout': 0.21364682257229198, 'n_mlp_layers': 1, 'mlp_dim_0': 336, 'num_heads': 2, 'final_dropout': 0.10331383208559161, 'train_learning_rate': 0.0028098979724121335, 'train_lr_reduce': 0.6}. Best is trial 570 with value: 0.00952998548746109.
[I 2024-12-25 03:29:50,787] Trial 1118 finished with value: 0.010756890289485455 and parameters: {'L1_hidden_dim': 176, 'L1_layers_atom': 2, 'L1_layers_mol': 4, 'L1_dropout': 0.03547392674734462, 'L1_out_dim': 32, 'L2_hidden_dim': 240, 'L2_layers_atom': 3, 'L2_layers_mol': 1, 'L2_out_dim': 32, 'L2_dropout': 0.07764450702283864, 'L3_hidden_dim': 64, 'L3_layers_atom': 3, 'L3_layers_mol': 2, 'L3_out_dim': 32, 'L3_dropout': 0.23500525842300496, 'n_mlp_layers': 2, 'mlp_dim_0': 288, 'mlp_dim_1': 64, 'num_heads': 2, 'final_dropout': 0.11675370720428965, 'train_learning_rate': 0.0005111862254692234, 'train_lr_reduce': 0.6}. Best is trial 570 with value: 0.00952998548746109.
[I 2024-12-25 03:31:42,096] Trial 1120 finished with value: 0.01117992214858532 and parameters: {'L1_hidden_dim': 240, 'L1_layers_atom': 3, 'L1_layers_mol': 3, 'L1_dropout': 0.034644582371506416, 'L1_out_dim': 64, 'L2_hidden_dim': 128, 'L2_layers_atom': 4, 'L2_layers_mol': 1, 'L2_out_dim': 48, 'L2_dropout': 0.0547432202961399, 'L3_hidden_dim': 128, 'L3_layers_atom': 4, 'L3_layers_mol': 1, 'L3_out_dim': 128, 'L3_dropout': 0.17208048295535483, 'n_mlp_layers': 1, 'mlp_dim_0': 240, 'num_heads': 1, 'final_dropout': 0.03406925686679317, 'train_learning_rate': 0.0011416985786944773, 'train_lr_reduce': 0.6}. Best is trial 570 with value: 0.00952998548746109.
[I 2024-12-25 03:31:49,522] Trial 1121 finished with value: 0.018077638000249863 and parameters: {'L1_hidden_dim': 256, 'L1_layers_atom': 3, 'L1_layers_mol': 3, 'L1_dropout': 0.06005972784600162, 'L1_out_dim': 48, 'L2_hidden_dim': 96, 'L2_layers_atom': 3, 'L2_layers_mol': 2, 'L2_out_dim': 64, 'L2_dropout': 0.15501084083247457, 'L3_hidden_dim': 128, 'L3_layers_atom': 4, 'L3_layers_mol': 3, 'L3_out_dim': 112, 'L3_dropout': 0.12978392450793372, 'n_mlp_layers': 1, 'mlp_dim_0': 288, 'num_heads': 2, 'final_dropout': 0.22610777563338041, 'train_learning_rate': 0.004407426571810309, 'train_lr_reduce': 0.6}. Best is trial 570 with value: 0.00952998548746109.
[I 2024-12-25 03:32:38,206] Trial 1122 finished with value: 0.012371057644486427 and parameters: {'L1_hidden_dim': 224, 'L1_layers_atom': 2, 'L1_layers_mol': 4, 'L1_dropout': 0.00034751989892996705, 'L1_out_dim': 48, 'L2_hidden_dim': 240, 'L2_layers_atom': 2, 'L2_layers_mol': 1, 'L2_out_dim': 64, 'L2_dropout': 0.14034309377183854, 'L3_hidden_dim': 32, 'L3_layers_atom': 2, 'L3_layers_mol': 1, 'L3_out_dim': 64, 'L3_dropout': 0.17985520503625424, 'n_mlp_layers': 1, 'mlp_dim_0': 256, 'num_heads': 2, 'final_dropout': 0.04038192225581973, 'train_learning_rate': 0.0011780012703156743, 'train_lr_reduce': 0.6}. Best is trial 570 with value: 0.00952998548746109.
[I 2024-12-25 03:33:24,914] Trial 1124 finished with value: 0.011008904315531254 and parameters: {'L1_hidden_dim': 224, 'L1_layers_atom': 3, 'L1_layers_mol': 3, 'L1_dropout': 0.0009998889735769907, 'L1_out_dim': 48, 'L2_hidden_dim': 64, 'L2_layers_atom': 4, 'L2_layers_mol': 1, 'L2_out_dim': 96, 'L2_dropout': 0.028984407981410047, 'L3_hidden_dim': 96, 'L3_layers_atom': 4, 'L3_layers_mol': 1, 'L3_out_dim': 128, 'L3_dropout': 0.20594351373895403, 'n_mlp_layers': 1, 'mlp_dim_0': 64, 'num_heads': 1, 'final_dropout': 0.1040386871387703, 'train_learning_rate': 0.001248519969896083, 'train_lr_reduce': 0.6}. Best is trial 570 with value: 0.00952998548746109.
