[I 2024-12-04 14:52:18,024] Trial 95 finished with value: 0.5444477655981036 and parameters: {'n_estimators': 1204, 'max_depth': 6, 'learning_rate': 0.08048227001955542, 'subsample': 0.8383634737692189, 'colsample_bytree': 0.6385789258356647, 'min_child_weight': 1, 'gamma': 0.014987591486510438, 'reg_alpha': 0.0061780419589999155, 'reg_lambda': 0.0002728588860938107}. Best is trial 66 with value: 0.5108689214846374.
[W 2024-12-04 14:52:18,215] Trial 82 failed with parameters: {'n_estimators': 1204, 'max_depth': 6, 'learning_rate': 0.08103596539506308, 'subsample': 0.8382349983786929, 'colsample_bytree': 0.6385495576182725} because of the following error: StorageInternalError('An exception is raised during the commit. This typically happens due to invalid data in the commit, e.g. exceeding max length. ').
Traceback (most recent call last):
  File "/zhome/b1/0/88900/miniconda3/envs/critprops/lib/python3.9/site-packages/sqlalchemy/engine/base.py", line 1967, in _exec_single_context
    self.dialect.do_execute(
  File "/zhome/b1/0/88900/miniconda3/envs/critprops/lib/python3.9/site-packages/sqlalchemy/engine/default.py", line 941, in do_execute
    cursor.execute(statement, parameters)
sqlite3.OperationalError: database is locked

The above exception was the direct cause of the following exception:

Traceback (most recent call last):
  File "/zhome/b1/0/88900/miniconda3/envs/critprops/lib/python3.9/site-packages/optuna/storages/_rdb/storage.py", line 81, in _create_scoped_session
    session.commit()
  File "/zhome/b1/0/88900/miniconda3/envs/critprops/lib/python3.9/site-packages/sqlalchemy/orm/session.py", line 2028, in commit
    trans.commit(_to_root=True)
  File "<string>", line 2, in commit
  File "/zhome/b1/0/88900/miniconda3/envs/critprops/lib/python3.9/site-packages/sqlalchemy/orm/state_changes.py", line 139, in _go
    ret_value = fn(self, *arg, **kw)
  File "/zhome/b1/0/88900/miniconda3/envs/critprops/lib/python3.9/site-packages/sqlalchemy/orm/session.py", line 1313, in commit
    self._prepare_impl()
  File "<string>", line 2, in _prepare_impl
  File "/zhome/b1/0/88900/miniconda3/envs/critprops/lib/python3.9/site-packages/sqlalchemy/orm/state_changes.py", line 139, in _go
    ret_value = fn(self, *arg, **kw)
  File "/zhome/b1/0/88900/miniconda3/envs/critprops/lib/python3.9/site-packages/sqlalchemy/orm/session.py", line 1288, in _prepare_impl
    self.session.flush()
  File "/zhome/b1/0/88900/miniconda3/envs/critprops/lib/python3.9/site-packages/sqlalchemy/orm/session.py", line 4352, in flush
    self._flush(objects)
  File "/zhome/b1/0/88900/miniconda3/envs/critprops/lib/python3.9/site-packages/sqlalchemy/orm/session.py", line 4488, in _flush
    transaction.rollback(_capture_exception=True)
  File "/zhome/b1/0/88900/miniconda3/envs/critprops/lib/python3.9/site-packages/sqlalchemy/util/langhelpers.py", line 146, in __exit__
    raise exc_value.with_traceback(exc_tb)
  File "/zhome/b1/0/88900/miniconda3/envs/critprops/lib/python3.9/site-packages/sqlalchemy/orm/session.py", line 4448, in _flush
    flush_context.execute()
  File "/zhome/b1/0/88900/miniconda3/envs/critprops/lib/python3.9/site-packages/sqlalchemy/orm/unitofwork.py", line 466, in execute
    rec.execute(self)
  File "/zhome/b1/0/88900/miniconda3/envs/critprops/lib/python3.9/site-packages/sqlalchemy/orm/unitofwork.py", line 642, in execute
    util.preloaded.orm_persistence.save_obj(
  File "/zhome/b1/0/88900/miniconda3/envs/critprops/lib/python3.9/site-packages/sqlalchemy/orm/persistence.py", line 93, in save_obj
    _emit_insert_statements(
  File "/zhome/b1/0/88900/miniconda3/envs/critprops/lib/python3.9/site-packages/sqlalchemy/orm/persistence.py", line 1233, in _emit_insert_statements
    result = connection.execute(
  File "/zhome/b1/0/88900/miniconda3/envs/critprops/lib/python3.9/site-packages/sqlalchemy/engine/base.py", line 1418, in execute
    return meth(
  File "/zhome/b1/0/88900/miniconda3/envs/critprops/lib/python3.9/site-packages/sqlalchemy/sql/elements.py", line 515, in _execute_on_connection
    return connection._execute_clauseelement(
  File "/zhome/b1/0/88900/miniconda3/envs/critprops/lib/python3.9/site-packages/sqlalchemy/engine/base.py", line 1640, in _execute_clauseelement
    ret = self._execute_context(
  File "/zhome/b1/0/88900/miniconda3/envs/critprops/lib/python3.9/site-packages/sqlalchemy/engine/base.py", line 1846, in _execute_context
    return self._exec_single_context(
  File "/zhome/b1/0/88900/miniconda3/envs/critprops/lib/python3.9/site-packages/sqlalchemy/engine/base.py", line 1986, in _exec_single_context
    self._handle_dbapi_exception(
  File "/zhome/b1/0/88900/miniconda3/envs/critprops/lib/python3.9/site-packages/sqlalchemy/engine/base.py", line 2355, in _handle_dbapi_exception
    raise sqlalchemy_exception.with_traceback(exc_info[2]) from e
  File "/zhome/b1/0/88900/miniconda3/envs/critprops/lib/python3.9/site-packages/sqlalchemy/engine/base.py", line 1967, in _exec_single_context
    self.dialect.do_execute(
  File "/zhome/b1/0/88900/miniconda3/envs/critprops/lib/python3.9/site-packages/sqlalchemy/engine/default.py", line 941, in do_execute
    cursor.execute(statement, parameters)
sqlalchemy.exc.OperationalError: (sqlite3.OperationalError) database is locked
[SQL: INSERT INTO trial_params (trial_id, param_name, param_value, distribution_json) VALUES (?, ?, ?, ?)]
[parameters: (83, 'min_child_weight', 1.0, '{"name": "IntDistribution", "attributes": {"log": false, "step": 1, "low": 1, "high": 5}}')]
(Background on this error at: https://sqlalche.me/e/20/e3q8)

The above exception was the direct cause of the following exception:

Traceback (most recent call last):
  File "/zhome/b1/0/88900/miniconda3/envs/critprops/lib/python3.9/site-packages/optuna/study/_optimize.py", line 197, in _run_trial
    value_or_values = func(trial)
  File "/zhome/b1/0/88900/Documents/fair_gc/src/optims.py", line 242, in objective
    params = {
  File "/zhome/b1/0/88900/Documents/fair_gc/src/optims.py", line 243, in <dictcomp>
    name: suggest_fn(trial, name)
  File "/zhome/b1/0/88900/Documents/fair_gc/src/optims.py", line 164, in <lambda>
    return lambda trial, name: trial.suggest_int(
  File "/zhome/b1/0/88900/miniconda3/envs/critprops/lib/python3.9/site-packages/optuna/_convert_positional_args.py", line 83, in converter_wrapper
    return func(**kwargs)  # type: ignore[call-arg]
  File "/zhome/b1/0/88900/miniconda3/envs/critprops/lib/python3.9/site-packages/optuna/trial/_trial.py", line 324, in suggest_int
    suggested_value = int(self._suggest(name, distribution))
  File "/zhome/b1/0/88900/miniconda3/envs/critprops/lib/python3.9/site-packages/optuna/trial/_trial.py", line 637, in _suggest
    storage.set_trial_param(trial_id, name, param_value_in_internal_repr, distribution)
  File "/zhome/b1/0/88900/miniconda3/envs/critprops/lib/python3.9/site-packages/optuna/storages/_cached_storage.py", line 171, in set_trial_param
    self._backend.set_trial_param(trial_id, param_name, param_value_internal, distribution)
  File "/zhome/b1/0/88900/miniconda3/envs/critprops/lib/python3.9/site-packages/optuna/storages/_rdb/storage.py", line 585, in set_trial_param
    self._set_trial_param_without_commit(
  File "/zhome/b1/0/88900/miniconda3/envs/critprops/lib/python3.9/contextlib.py", line 126, in __exit__
    next(self.gen)
  File "/zhome/b1/0/88900/miniconda3/envs/critprops/lib/python3.9/site-packages/optuna/storages/_rdb/storage.py", line 98, in _create_scoped_session
    raise optuna.exceptions.StorageInternalError(message) from e
optuna.exceptions.StorageInternalError: An exception is raised during the commit. This typically happens due to invalid data in the commit, e.g. exceeding max length. 
[W 2024-12-04 14:52:18,234] Trial 82 failed with value None.
[I 2024-12-04 14:52:18,852] Trial 85 finished with value: 0.5460748866288836 and parameters: {'n_estimators': 1204, 'max_depth': 6, 'learning_rate': 0.08093590869294437, 'subsample': 0.8379395524238756, 'colsample_bytree': 0.638343966158958, 'min_child_weight': 1, 'gamma': 0.014863652098612037, 'reg_alpha': 0.006152343542565313, 'reg_lambda': 0.0002744328045185123}. Best is trial 66 with value: 0.5108689214846374.
[I 2024-12-04 14:52:18,986] Trial 96 finished with value: 0.5240602682043941 and parameters: {'n_estimators': 1470, 'max_depth': 6, 'learning_rate': 0.06620909472515754, 'subsample': 0.8670025939241872, 'colsample_bytree': 0.6318123679052245, 'min_child_weight': 1, 'gamma': 0.017273697034983975, 'reg_alpha': 0.00189324178933664, 'reg_lambda': 0.00026821485144183605}. Best is trial 66 with value: 0.5108689214846374.
[I 2024-12-04 14:52:19,042] Trial 74 finished with value: 0.5438203873683911 and parameters: {'n_estimators': 1204, 'max_depth': 6, 'learning_rate': 0.08095572722147051, 'subsample': 0.8382581234299136, 'colsample_bytree': 0.6386257891350483, 'min_child_weight': 1, 'gamma': 0.014945881662097501, 'reg_alpha': 0.006143990926163261, 'reg_lambda': 0.0002760605698742718}. Best is trial 66 with value: 0.5108689214846374.
[W 2024-12-04 14:52:19,126] Trial 87 failed with parameters: {'n_estimators': 1204, 'max_depth': 6, 'learning_rate': 0.08088276895759484, 'subsample': 0.8383687713316385, 'colsample_bytree': 0.6386454274617995, 'min_child_weight': 1} because of the following error: StorageInternalError('An exception is raised during the commit. This typically happens due to invalid data in the commit, e.g. exceeding max length. ').
Traceback (most recent call last):
  File "/zhome/b1/0/88900/miniconda3/envs/critprops/lib/python3.9/site-packages/sqlalchemy/engine/base.py", line 1967, in _exec_single_context
    self.dialect.do_execute(
  File "/zhome/b1/0/88900/miniconda3/envs/critprops/lib/python3.9/site-packages/sqlalchemy/engine/default.py", line 941, in do_execute
    cursor.execute(statement, parameters)
sqlite3.OperationalError: database is locked

The above exception was the direct cause of the following exception:

Traceback (most recent call last):
  File "/zhome/b1/0/88900/miniconda3/envs/critprops/lib/python3.9/site-packages/optuna/storages/_rdb/storage.py", line 81, in _create_scoped_session
    session.commit()
  File "/zhome/b1/0/88900/miniconda3/envs/critprops/lib/python3.9/site-packages/sqlalchemy/orm/session.py", line 2028, in commit
    trans.commit(_to_root=True)
  File "<string>", line 2, in commit
  File "/zhome/b1/0/88900/miniconda3/envs/critprops/lib/python3.9/site-packages/sqlalchemy/orm/state_changes.py", line 139, in _go
    ret_value = fn(self, *arg, **kw)
  File "/zhome/b1/0/88900/miniconda3/envs/critprops/lib/python3.9/site-packages/sqlalchemy/orm/session.py", line 1313, in commit
    self._prepare_impl()
  File "<string>", line 2, in _prepare_impl
  File "/zhome/b1/0/88900/miniconda3/envs/critprops/lib/python3.9/site-packages/sqlalchemy/orm/state_changes.py", line 139, in _go
    ret_value = fn(self, *arg, **kw)
  File "/zhome/b1/0/88900/miniconda3/envs/critprops/lib/python3.9/site-packages/sqlalchemy/orm/session.py", line 1288, in _prepare_impl
    self.session.flush()
  File "/zhome/b1/0/88900/miniconda3/envs/critprops/lib/python3.9/site-packages/sqlalchemy/orm/session.py", line 4352, in flush
    self._flush(objects)
  File "/zhome/b1/0/88900/miniconda3/envs/critprops/lib/python3.9/site-packages/sqlalchemy/orm/session.py", line 4488, in _flush
    transaction.rollback(_capture_exception=True)
  File "/zhome/b1/0/88900/miniconda3/envs/critprops/lib/python3.9/site-packages/sqlalchemy/util/langhelpers.py", line 146, in __exit__
    raise exc_value.with_traceback(exc_tb)
  File "/zhome/b1/0/88900/miniconda3/envs/critprops/lib/python3.9/site-packages/sqlalchemy/orm/session.py", line 4448, in _flush
    flush_context.execute()
  File "/zhome/b1/0/88900/miniconda3/envs/critprops/lib/python3.9/site-packages/sqlalchemy/orm/unitofwork.py", line 466, in execute
    rec.execute(self)
  File "/zhome/b1/0/88900/miniconda3/envs/critprops/lib/python3.9/site-packages/sqlalchemy/orm/unitofwork.py", line 642, in execute
    util.preloaded.orm_persistence.save_obj(
  File "/zhome/b1/0/88900/miniconda3/envs/critprops/lib/python3.9/site-packages/sqlalchemy/orm/persistence.py", line 93, in save_obj
    _emit_insert_statements(
  File "/zhome/b1/0/88900/miniconda3/envs/critprops/lib/python3.9/site-packages/sqlalchemy/orm/persistence.py", line 1233, in _emit_insert_statements
    result = connection.execute(
  File "/zhome/b1/0/88900/miniconda3/envs/critprops/lib/python3.9/site-packages/sqlalchemy/engine/base.py", line 1418, in execute
    return meth(
  File "/zhome/b1/0/88900/miniconda3/envs/critprops/lib/python3.9/site-packages/sqlalchemy/sql/elements.py", line 515, in _execute_on_connection
    return connection._execute_clauseelement(
  File "/zhome/b1/0/88900/miniconda3/envs/critprops/lib/python3.9/site-packages/sqlalchemy/engine/base.py", line 1640, in _execute_clauseelement
    ret = self._execute_context(
  File "/zhome/b1/0/88900/miniconda3/envs/critprops/lib/python3.9/site-packages/sqlalchemy/engine/base.py", line 1846, in _execute_context
    return self._exec_single_context(
  File "/zhome/b1/0/88900/miniconda3/envs/critprops/lib/python3.9/site-packages/sqlalchemy/engine/base.py", line 1986, in _exec_single_context
    self._handle_dbapi_exception(
  File "/zhome/b1/0/88900/miniconda3/envs/critprops/lib/python3.9/site-packages/sqlalchemy/engine/base.py", line 2355, in _handle_dbapi_exception
    raise sqlalchemy_exception.with_traceback(exc_info[2]) from e
  File "/zhome/b1/0/88900/miniconda3/envs/critprops/lib/python3.9/site-packages/sqlalchemy/engine/base.py", line 1967, in _exec_single_context
    self.dialect.do_execute(
  File "/zhome/b1/0/88900/miniconda3/envs/critprops/lib/python3.9/site-packages/sqlalchemy/engine/default.py", line 941, in do_execute
    cursor.execute(statement, parameters)
sqlalchemy.exc.OperationalError: (sqlite3.OperationalError) database is locked
[SQL: INSERT INTO trial_params (trial_id, param_name, param_value, distribution_json) VALUES (?, ?, ?, ?)]
[parameters: (88, 'gamma', 0.014982427637281897, '{"name": "FloatDistribution", "attributes": {"step": null, "low": 1e-05, "high": 0.5, "log": true}}')]
(Background on this error at: https://sqlalche.me/e/20/e3q8)

The above exception was the direct cause of the following exception:

Traceback (most recent call last):
  File "/zhome/b1/0/88900/miniconda3/envs/critprops/lib/python3.9/site-packages/optuna/study/_optimize.py", line 197, in _run_trial
    value_or_values = func(trial)
  File "/zhome/b1/0/88900/Documents/fair_gc/src/optims.py", line 242, in objective
    params = {
  File "/zhome/b1/0/88900/Documents/fair_gc/src/optims.py", line 243, in <dictcomp>
    name: suggest_fn(trial, name)
  File "/zhome/b1/0/88900/Documents/fair_gc/src/optims.py", line 157, in <lambda>
    return lambda trial, name: trial.suggest_float(
  File "/zhome/b1/0/88900/miniconda3/envs/critprops/lib/python3.9/site-packages/optuna/trial/_trial.py", line 161, in suggest_float
    suggested_value = self._suggest(name, distribution)
  File "/zhome/b1/0/88900/miniconda3/envs/critprops/lib/python3.9/site-packages/optuna/trial/_trial.py", line 637, in _suggest
    storage.set_trial_param(trial_id, name, param_value_in_internal_repr, distribution)
  File "/zhome/b1/0/88900/miniconda3/envs/critprops/lib/python3.9/site-packages/optuna/storages/_cached_storage.py", line 171, in set_trial_param
    self._backend.set_trial_param(trial_id, param_name, param_value_internal, distribution)
  File "/zhome/b1/0/88900/miniconda3/envs/critprops/lib/python3.9/site-packages/optuna/storages/_rdb/storage.py", line 585, in set_trial_param
    self._set_trial_param_without_commit(
  File "/zhome/b1/0/88900/miniconda3/envs/critprops/lib/python3.9/contextlib.py", line 126, in __exit__
    next(self.gen)
  File "/zhome/b1/0/88900/miniconda3/envs/critprops/lib/python3.9/site-packages/optuna/storages/_rdb/storage.py", line 98, in _create_scoped_session
    raise optuna.exceptions.StorageInternalError(message) from e
optuna.exceptions.StorageInternalError: An exception is raised during the commit. This typically happens due to invalid data in the commit, e.g. exceeding max length. 
[W 2024-12-04 14:52:19,130] Trial 87 failed with value None.
[I 2024-12-04 14:52:19,507] Trial 88 finished with value: 0.5400330148702871 and parameters: {'n_estimators': 1204, 'max_depth': 6, 'learning_rate': 0.08089346630484727, 'subsample': 0.8380620794943726, 'colsample_bytree': 0.6384414188746727, 'min_child_weight': 1, 'gamma': 0.014953307768201494, 'reg_alpha': 0.0061321721026849655, 'reg_lambda': 0.0002727016136016322}. Best is trial 66 with value: 0.5108689214846374.
[I 2024-12-04 14:52:19,587] Trial 90 finished with value: 0.5417107769915919 and parameters: {'n_estimators': 1204, 'max_depth': 6, 'learning_rate': 0.08100551166506113, 'subsample': 0.838210384186981, 'colsample_bytree': 0.6385709558106402, 'min_child_weight': 1, 'gamma': 0.014900594307262423, 'reg_alpha': 0.006149809200124589, 'reg_lambda': 0.0002753170618511291}. Best is trial 66 with value: 0.5108689214846374.
[I 2024-12-04 14:52:19,874] Trial 93 finished with value: 0.5475272997686781 and parameters: {'n_estimators': 1204, 'max_depth': 6, 'learning_rate': 0.08089503522577164, 'subsample': 0.8383779700018126, 'colsample_bytree': 0.6386269084278526, 'min_child_weight': 1, 'gamma': 0.014968112776824492, 'reg_alpha': 0.006126772958842007, 'reg_lambda': 0.00027667763504264805}. Best is trial 66 with value: 0.5108689214846374.
[I 2024-12-04 14:52:21,159] Trial 91 finished with value: 0.5419674191275907 and parameters: {'n_estimators': 1204, 'max_depth': 6, 'learning_rate': 0.08101150844131676, 'subsample': 0.8382128882050031, 'colsample_bytree': 0.6385659744110732, 'min_child_weight': 1, 'gamma': 0.014896955482618606, 'reg_alpha': 0.006148633801233649, 'reg_lambda': 0.0002752481424128301}. Best is trial 66 with value: 0.5108689214846374.
[I 2024-12-04 14:52:21,515] Trial 100 finished with value: 0.506446217183912 and parameters: {'n_estimators': 1500, 'max_depth': 8, 'learning_rate': 0.02639348087190382, 'subsample': 0.9708272157528812, 'colsample_bytree': 0.6397778562137394, 'min_child_weight': 1, 'gamma': 0.02046775311208712, 'reg_alpha': 0.00032309599925866124, 'reg_lambda': 0.0048338271568277216}. Best is trial 100 with value: 0.506446217183912.
[I 2024-12-04 14:52:21,724] Trial 97 finished with value: 0.5096208480030228 and parameters: {'n_estimators': 1500, 'max_depth': 8, 'learning_rate': 0.028852813688786404, 'subsample': 0.9175131915744748, 'colsample_bytree': 0.6244468311744377, 'min_child_weight': 1, 'gamma': 0.021362124043285424, 'reg_alpha': 0.0004344649460160456, 'reg_lambda': 0.008164104278110372}. Best is trial 100 with value: 0.506446217183912.
[I 2024-12-04 14:52:21,840] Trial 86 finished with value: 0.5424384794315431 and parameters: {'n_estimators': 1204, 'max_depth': 6, 'learning_rate': 0.08088497753071777, 'subsample': 0.8380316870429674, 'colsample_bytree': 0.6384630478129902, 'min_child_weight': 1, 'gamma': 0.014962764633439905, 'reg_alpha': 0.0061323272816947196, 'reg_lambda': 0.0002729267095767354}. Best is trial 100 with value: 0.506446217183912.
[I 2024-12-04 14:52:21,884] Trial 102 finished with value: 0.520300402509042 and parameters: {'n_estimators': 1500, 'max_depth': 9, 'learning_rate': 0.011312630196780018, 'subsample': 1.0, 'colsample_bytree': 0.6752234300140938, 'min_child_weight': 1, 'gamma': 0.010017201273962923, 'reg_alpha': 0.0008352593283901423, 'reg_lambda': 0.2647390344644798}. Best is trial 99 with value: 0.5032747006412913.
[I 2024-12-04 14:52:21,894] Trial 99 finished with value: 0.5032747006412913 and parameters: {'n_estimators': 1500, 'max_depth': 8, 'learning_rate': 0.026593264486094833, 'subsample': 0.9593317900578658, 'colsample_bytree': 0.637378014898295, 'min_child_weight': 1, 'gamma': 0.02092795544092011, 'reg_alpha': 0.0003344439141946121, 'reg_lambda': 0.006353352094085346}. Best is trial 99 with value: 0.5032747006412913.
[I 2024-12-04 14:52:21,993] Trial 101 finished with value: 0.5009639384899539 and parameters: {'n_estimators': 1500, 'max_depth': 8, 'learning_rate': 0.022997874465214858, 'subsample': 0.9948841494929199, 'colsample_bytree': 0.6533921628580807, 'min_child_weight': 1, 'gamma': 0.0160167382131862, 'reg_alpha': 0.0003272279205422096, 'reg_lambda': 0.017740671935282636}. Best is trial 101 with value: 0.5009639384899539.
[I 2024-12-04 14:52:22,146] Trial 98 finished with value: 0.5021244672585622 and parameters: {'n_estimators': 1500, 'max_depth': 8, 'learning_rate': 0.027387996336445137, 'subsample': 0.9582345569207932, 'colsample_bytree': 0.6407032138259958, 'min_child_weight': 1, 'gamma': 0.021901456884221352, 'reg_alpha': 0.0004523583936505282, 'reg_lambda': 0.0069287744718926824}. Best is trial 101 with value: 0.5009639384899539.
[I 2024-12-04 14:52:22,378] Trial 103 finished with value: 0.521232900252791 and parameters: {'n_estimators': 1500, 'max_depth': 9, 'learning_rate': 0.011325951879134882, 'subsample': 1.0, 'colsample_bytree': 0.6753434520211866, 'min_child_weight': 1, 'gamma': 0.010011471502436257, 'reg_alpha': 0.0008437453718694654, 'reg_lambda': 0.2645740934132581}. Best is trial 101 with value: 0.5009639384899539.
[I 2024-12-04 14:52:24,075] Trial 104 finished with value: 0.5129520955146557 and parameters: {'n_estimators': 1500, 'max_depth': 9, 'learning_rate': 0.013204804909881247, 'subsample': 1.0, 'colsample_bytree': 0.6683776663942522, 'min_child_weight': 1, 'gamma': 0.009050678581567058, 'reg_alpha': 0.0004848020395686258, 'reg_lambda': 0.08500201651693957}. Best is trial 101 with value: 0.5009639384899539.
