[I 2024-12-26 04:21:28,105] Trial 1707 finished with value: 0.08076576888561249 and parameters: {'L1_hidden_dim': 64, 'L1_layers_atom': 1, 'L1_layers_mol': 2, 'L1_dropout': 0.25371961757564626, 'L1_out_dim': 64, 'L2_hidden_dim': 192, 'L2_layers_atom': 3, 'L2_layers_mol': 3, 'L2_out_dim': 128, 'L2_dropout': 0.058397360508808255, 'L3_hidden_dim': 96, 'L3_layers_atom': 3, 'L3_layers_mol': 2, 'L3_out_dim': 128, 'L3_dropout': 0.14817651886903188, 'n_mlp_layers': 3, 'mlp_dim_0': 408, 'mlp_dim_1': 432, 'mlp_dim_2': 32, 'num_heads': 1, 'final_dropout': 0.025568438883194385, 'train_learning_rate': 0.001150256395178426, 'train_lr_reduce': 0.6}. Best is trial 1286 with value: 0.03935658559203148.
[I 2024-12-26 04:22:18,265] Trial 1709 finished with value: 0.09618336707353592 and parameters: {'L1_hidden_dim': 80, 'L1_layers_atom': 4, 'L1_layers_mol': 2, 'L1_dropout': 0.13698259362976414, 'L1_out_dim': 80, 'L2_hidden_dim': 208, 'L2_layers_atom': 2, 'L2_layers_mol': 4, 'L2_out_dim': 80, 'L2_dropout': 0.10945708667138665, 'L3_hidden_dim': 80, 'L3_layers_atom': 4, 'L3_layers_mol': 1, 'L3_out_dim': 80, 'L3_dropout': 0.29586568491226417, 'n_mlp_layers': 2, 'mlp_dim_0': 48, 'mlp_dim_1': 224, 'num_heads': 1, 'final_dropout': 0.04084023062771317, 'train_learning_rate': 0.0031081175191700933, 'train_lr_reduce': 0.6}. Best is trial 1286 with value: 0.03935658559203148.
[I 2024-12-26 04:22:21,931] Trial 1705 finished with value: 0.09153686463832855 and parameters: {'L1_hidden_dim': 128, 'L1_layers_atom': 4, 'L1_layers_mol': 2, 'L1_dropout': 0.25488626148659965, 'L1_out_dim': 80, 'L2_hidden_dim': 160, 'L2_layers_atom': 3, 'L2_layers_mol': 4, 'L2_out_dim': 128, 'L2_dropout': 0.012753749311278324, 'L3_hidden_dim': 112, 'L3_layers_atom': 4, 'L3_layers_mol': 1, 'L3_out_dim': 48, 'L3_dropout': 0.0965371065273773, 'n_mlp_layers': 2, 'mlp_dim_0': 328, 'mlp_dim_1': 400, 'num_heads': 2, 'final_dropout': 0.05203724537174753, 'train_learning_rate': 0.00418926024630046, 'train_lr_reduce': 0.6}. Best is trial 1286 with value: 0.03935658559203148.
[I 2024-12-26 04:22:24,529] Trial 1708 finished with value: 0.09811219573020935 and parameters: {'L1_hidden_dim': 80, 'L1_layers_atom': 4, 'L1_layers_mol': 4, 'L1_dropout': 0.2883122632409244, 'L1_out_dim': 32, 'L2_hidden_dim': 256, 'L2_layers_atom': 1, 'L2_layers_mol': 3, 'L2_out_dim': 128, 'L2_dropout': 0.01581067019268732, 'L3_hidden_dim': 112, 'L3_layers_atom': 2, 'L3_layers_mol': 2, 'L3_out_dim': 96, 'L3_dropout': 0.12041090555025653, 'n_mlp_layers': 1, 'mlp_dim_0': 200, 'num_heads': 2, 'final_dropout': 0.2075270349249578, 'train_learning_rate': 0.0017081632822999206, 'train_lr_reduce': 0.6}. Best is trial 1286 with value: 0.03935658559203148.
[I 2024-12-26 04:22:43,960] Trial 1712 finished with value: 1.134948968887329 and parameters: {'L1_hidden_dim': 112, 'L1_layers_atom': 4, 'L1_layers_mol': 4, 'L1_dropout': 0.08741441173191743, 'L1_out_dim': 128, 'L2_hidden_dim': 128, 'L2_layers_atom': 4, 'L2_layers_mol': 1, 'L2_out_dim': 128, 'L2_dropout': 0.2567427497829588, 'L3_hidden_dim': 96, 'L3_layers_atom': 3, 'L3_layers_mol': 1, 'L3_out_dim': 80, 'L3_dropout': 0.2893591222327711, 'n_mlp_layers': 1, 'mlp_dim_0': 336, 'num_heads': 1, 'final_dropout': 0.29851805293355965, 'train_learning_rate': 0.00019802343663412718, 'train_lr_reduce': 0.6}. Best is trial 1286 with value: 0.03935658559203148.
[I 2024-12-26 04:23:31,277] Trial 1711 finished with value: 0.0707915797829628 and parameters: {'L1_hidden_dim': 80, 'L1_layers_atom': 4, 'L1_layers_mol': 2, 'L1_dropout': 0.22815071665626444, 'L1_out_dim': 80, 'L2_hidden_dim': 144, 'L2_layers_atom': 2, 'L2_layers_mol': 2, 'L2_out_dim': 128, 'L2_dropout': 0.01413500475096037, 'L3_hidden_dim': 128, 'L3_layers_atom': 4, 'L3_layers_mol': 2, 'L3_out_dim': 32, 'L3_dropout': 0.28096640040110166, 'n_mlp_layers': 3, 'mlp_dim_0': 32, 'mlp_dim_1': 432, 'mlp_dim_2': 408, 'num_heads': 1, 'final_dropout': 0.06617038938806842, 'train_learning_rate': 0.002122032713379642, 'train_lr_reduce': 0.6}. Best is trial 1286 with value: 0.03935658559203148.
[I 2024-12-26 04:23:56,241] Trial 1710 finished with value: 0.0764482170343399 and parameters: {'L1_hidden_dim': 64, 'L1_layers_atom': 2, 'L1_layers_mol': 2, 'L1_dropout': 0.2221852404856124, 'L1_out_dim': 80, 'L2_hidden_dim': 192, 'L2_layers_atom': 4, 'L2_layers_mol': 4, 'L2_out_dim': 112, 'L2_dropout': 0.0054781009370591174, 'L3_hidden_dim': 112, 'L3_layers_atom': 2, 'L3_layers_mol': 1, 'L3_out_dim': 112, 'L3_dropout': 0.19138570057806642, 'n_mlp_layers': 3, 'mlp_dim_0': 232, 'mlp_dim_1': 360, 'mlp_dim_2': 72, 'num_heads': 1, 'final_dropout': 0.03401304311625996, 'train_learning_rate': 0.002106256470749178, 'train_lr_reduce': 0.6}. Best is trial 1286 with value: 0.03935658559203148.
[I 2024-12-26 04:24:35,662] Trial 1713 finished with value: 0.07892826944589615 and parameters: {'L1_hidden_dim': 80, 'L1_layers_atom': 4, 'L1_layers_mol': 3, 'L1_dropout': 0.28380342478645376, 'L1_out_dim': 96, 'L2_hidden_dim': 240, 'L2_layers_atom': 1, 'L2_layers_mol': 4, 'L2_out_dim': 112, 'L2_dropout': 0.054833946579380746, 'L3_hidden_dim': 128, 'L3_layers_atom': 4, 'L3_layers_mol': 1, 'L3_out_dim': 112, 'L3_dropout': 0.061541677699401956, 'n_mlp_layers': 2, 'mlp_dim_0': 296, 'mlp_dim_1': 376, 'num_heads': 2, 'final_dropout': 0.08920611090799979, 'train_learning_rate': 0.0020123610112654016, 'train_lr_reduce': 0.6}. Best is trial 1286 with value: 0.03935658559203148.
[I 2024-12-26 04:24:45,292] Trial 1714 finished with value: 0.10158327221870422 and parameters: {'L1_hidden_dim': 80, 'L1_layers_atom': 4, 'L1_layers_mol': 4, 'L1_dropout': 0.27111192860159855, 'L1_out_dim': 48, 'L2_hidden_dim': 112, 'L2_layers_atom': 2, 'L2_layers_mol': 3, 'L2_out_dim': 112, 'L2_dropout': 0.09567941242155786, 'L3_hidden_dim': 128, 'L3_layers_atom': 3, 'L3_layers_mol': 2, 'L3_out_dim': 32, 'L3_dropout': 0.1992659125486168, 'n_mlp_layers': 3, 'mlp_dim_0': 144, 'mlp_dim_1': 432, 'mlp_dim_2': 64, 'num_heads': 1, 'final_dropout': 0.028197434075620774, 'train_learning_rate': 0.002829841236883051, 'train_lr_reduce': 0.6}. Best is trial 1286 with value: 0.03935658559203148.
[I 2024-12-26 04:25:40,840] Trial 1716 finished with value: 0.06760143488645554 and parameters: {'L1_hidden_dim': 64, 'L1_layers_atom': 4, 'L1_layers_mol': 3, 'L1_dropout': 0.2342106397727275, 'L1_out_dim': 80, 'L2_hidden_dim': 128, 'L2_layers_atom': 2, 'L2_layers_mol': 2, 'L2_out_dim': 96, 'L2_dropout': 0.0009470543998033217, 'L3_hidden_dim': 128, 'L3_layers_atom': 4, 'L3_layers_mol': 1, 'L3_out_dim': 32, 'L3_dropout': 0.2525567338504654, 'n_mlp_layers': 3, 'mlp_dim_0': 272, 'mlp_dim_1': 400, 'mlp_dim_2': 72, 'num_heads': 1, 'final_dropout': 0.03718508559428887, 'train_learning_rate': 0.0032450838502587915, 'train_lr_reduce': 0.6}. Best is trial 1286 with value: 0.03935658559203148.
[I 2024-12-26 04:25:43,039] Trial 1717 finished with value: 0.06505325436592102 and parameters: {'L1_hidden_dim': 64, 'L1_layers_atom': 4, 'L1_layers_mol': 3, 'L1_dropout': 0.2647404935992379, 'L1_out_dim': 80, 'L2_hidden_dim': 160, 'L2_layers_atom': 3, 'L2_layers_mol': 2, 'L2_out_dim': 48, 'L2_dropout': 0.04886569066851991, 'L3_hidden_dim': 128, 'L3_layers_atom': 4, 'L3_layers_mol': 1, 'L3_out_dim': 32, 'L3_dropout': 0.19587800926133236, 'n_mlp_layers': 3, 'mlp_dim_0': 176, 'mlp_dim_1': 448, 'mlp_dim_2': 32, 'num_heads': 1, 'final_dropout': 0.059853810877200965, 'train_learning_rate': 0.002565473892895138, 'train_lr_reduce': 0.6}. Best is trial 1286 with value: 0.03935658559203148.
[I 2024-12-26 04:25:53,027] Trial 1715 finished with value: 0.06766734272241592 and parameters: {'L1_hidden_dim': 80, 'L1_layers_atom': 4, 'L1_layers_mol': 4, 'L1_dropout': 0.24634704937500831, 'L1_out_dim': 80, 'L2_hidden_dim': 176, 'L2_layers_atom': 1, 'L2_layers_mol': 1, 'L2_out_dim': 112, 'L2_dropout': 0.1427287111337709, 'L3_hidden_dim': 112, 'L3_layers_atom': 4, 'L3_layers_mol': 1, 'L3_out_dim': 80, 'L3_dropout': 0.25805871175241124, 'n_mlp_layers': 2, 'mlp_dim_0': 352, 'mlp_dim_1': 344, 'num_heads': 2, 'final_dropout': 0.1470876023732413, 'train_learning_rate': 0.001403035121068073, 'train_lr_reduce': 0.6}. Best is trial 1286 with value: 0.03935658559203148.
[I 2024-12-26 04:27:00,185] Trial 1718 finished with value: 0.0844680443406105 and parameters: {'L1_hidden_dim': 192, 'L1_layers_atom': 2, 'L1_layers_mol': 1, 'L1_dropout': 0.1448897842056842, 'L1_out_dim': 112, 'L2_hidden_dim': 192, 'L2_layers_atom': 4, 'L2_layers_mol': 1, 'L2_out_dim': 96, 'L2_dropout': 0.1967987536728282, 'L3_hidden_dim': 128, 'L3_layers_atom': 3, 'L3_layers_mol': 3, 'L3_out_dim': 128, 'L3_dropout': 0.17403746138620516, 'n_mlp_layers': 3, 'mlp_dim_0': 112, 'mlp_dim_1': 320, 'mlp_dim_2': 64, 'num_heads': 2, 'final_dropout': 0.1376844811784252, 'train_learning_rate': 0.0038724206832429545, 'train_lr_reduce': 0.6}. Best is trial 1286 with value: 0.03935658559203148.
[I 2024-12-26 04:28:02,090] Trial 1719 finished with value: 0.10549961030483246 and parameters: {'L1_hidden_dim': 64, 'L1_layers_atom': 4, 'L1_layers_mol': 4, 'L1_dropout': 0.28603027783031065, 'L1_out_dim': 96, 'L2_hidden_dim': 256, 'L2_layers_atom': 1, 'L2_layers_mol': 3, 'L2_out_dim': 128, 'L2_dropout': 0.06355253873797939, 'L3_hidden_dim': 112, 'L3_layers_atom': 3, 'L3_layers_mol': 1, 'L3_out_dim': 112, 'L3_dropout': 0.02704366372973023, 'n_mlp_layers': 2, 'mlp_dim_0': 384, 'mlp_dim_1': 392, 'num_heads': 2, 'final_dropout': 0.22867730464761432, 'train_learning_rate': 0.009424988871410044, 'train_lr_reduce': 0.6}. Best is trial 1286 with value: 0.03935658559203148.
[I 2024-12-26 04:28:18,719] Trial 1721 finished with value: 0.05310171842575073 and parameters: {'L1_hidden_dim': 64, 'L1_layers_atom': 4, 'L1_layers_mol': 4, 'L1_dropout': 0.2302896070475866, 'L1_out_dim': 80, 'L2_hidden_dim': 176, 'L2_layers_atom': 1, 'L2_layers_mol': 1, 'L2_out_dim': 96, 'L2_dropout': 0.030654264507163395, 'L3_hidden_dim': 112, 'L3_layers_atom': 4, 'L3_layers_mol': 1, 'L3_out_dim': 80, 'L3_dropout': 0.1919715380639465, 'n_mlp_layers': 2, 'mlp_dim_0': 256, 'mlp_dim_1': 448, 'num_heads': 1, 'final_dropout': 0.13148973887767604, 'train_learning_rate': 0.002335762739563682, 'train_lr_reduce': 0.6}. Best is trial 1286 with value: 0.03935658559203148.
[I 2024-12-26 04:28:54,509] Trial 1720 finished with value: 0.1072065532207489 and parameters: {'L1_hidden_dim': 256, 'L1_layers_atom': 4, 'L1_layers_mol': 1, 'L1_dropout': 0.16072261179419492, 'L1_out_dim': 32, 'L2_hidden_dim': 256, 'L2_layers_atom': 2, 'L2_layers_mol': 2, 'L2_out_dim': 48, 'L2_dropout': 0.2023982761729989, 'L3_hidden_dim': 128, 'L3_layers_atom': 2, 'L3_layers_mol': 4, 'L3_out_dim': 64, 'L3_dropout': 0.2541861907064896, 'n_mlp_layers': 1, 'mlp_dim_0': 328, 'num_heads': 1, 'final_dropout': 0.048318868490767164, 'train_learning_rate': 0.002297539483877601, 'train_lr_reduce': 0.6}. Best is trial 1286 with value: 0.03935658559203148.
[I 2024-12-26 04:29:23,468] Trial 1722 finished with value: 0.09088192880153656 and parameters: {'L1_hidden_dim': 112, 'L1_layers_atom': 4, 'L1_layers_mol': 3, 'L1_dropout': 0.2808116322258697, 'L1_out_dim': 48, 'L2_hidden_dim': 112, 'L2_layers_atom': 2, 'L2_layers_mol': 2, 'L2_out_dim': 64, 'L2_dropout': 0.022062521174614, 'L3_hidden_dim': 112, 'L3_layers_atom': 3, 'L3_layers_mol': 2, 'L3_out_dim': 32, 'L3_dropout': 0.21033845549801639, 'n_mlp_layers': 3, 'mlp_dim_0': 216, 'mlp_dim_1': 368, 'mlp_dim_2': 256, 'num_heads': 1, 'final_dropout': 0.13756799299514522, 'train_learning_rate': 0.0012495731292438052, 'train_lr_reduce': 0.6}. Best is trial 1286 with value: 0.03935658559203148.
[I 2024-12-26 04:30:13,313] Trial 1723 finished with value: 0.09369489550590515 and parameters: {'L1_hidden_dim': 80, 'L1_layers_atom': 4, 'L1_layers_mol': 3, 'L1_dropout': 0.20376251874901602, 'L1_out_dim': 64, 'L2_hidden_dim': 176, 'L2_layers_atom': 3, 'L2_layers_mol': 4, 'L2_out_dim': 32, 'L2_dropout': 0.10229907891211605, 'L3_hidden_dim': 112, 'L3_layers_atom': 4, 'L3_layers_mol': 2, 'L3_out_dim': 80, 'L3_dropout': 0.25530577347036715, 'n_mlp_layers': 2, 'mlp_dim_0': 272, 'mlp_dim_1': 424, 'num_heads': 1, 'final_dropout': 0.01529996177968498, 'train_learning_rate': 0.00455428049413214, 'train_lr_reduce': 0.6}. Best is trial 1286 with value: 0.03935658559203148.
[I 2024-12-26 04:30:25,906] Trial 1725 finished with value: 0.06243336945772171 and parameters: {'L1_hidden_dim': 80, 'L1_layers_atom': 4, 'L1_layers_mol': 3, 'L1_dropout': 0.20958324319094218, 'L1_out_dim': 96, 'L2_hidden_dim': 160, 'L2_layers_atom': 1, 'L2_layers_mol': 1, 'L2_out_dim': 80, 'L2_dropout': 0.037853915986443366, 'L3_hidden_dim': 128, 'L3_layers_atom': 4, 'L3_layers_mol': 2, 'L3_out_dim': 96, 'L3_dropout': 0.17087901374802525, 'n_mlp_layers': 2, 'mlp_dim_0': 192, 'mlp_dim_1': 400, 'num_heads': 1, 'final_dropout': 0.20950560178188546, 'train_learning_rate': 0.0017839317485344557, 'train_lr_reduce': 0.6}. Best is trial 1286 with value: 0.03935658559203148.
[I 2024-12-26 04:30:41,860] Trial 1724 finished with value: 0.06779015809297562 and parameters: {'L1_hidden_dim': 80, 'L1_layers_atom': 3, 'L1_layers_mol': 4, 'L1_dropout': 0.18905411825356536, 'L1_out_dim': 80, 'L2_hidden_dim': 176, 'L2_layers_atom': 2, 'L2_layers_mol': 2, 'L2_out_dim': 80, 'L2_dropout': 0.04778103828566072, 'L3_hidden_dim': 112, 'L3_layers_atom': 3, 'L3_layers_mol': 1, 'L3_out_dim': 80, 'L3_dropout': 0.22851155521505814, 'n_mlp_layers': 2, 'mlp_dim_0': 272, 'mlp_dim_1': 328, 'num_heads': 1, 'final_dropout': 0.08325853432840685, 'train_learning_rate': 0.0017375041901822996, 'train_lr_reduce': 0.6}. Best is trial 1286 with value: 0.03935658559203148.
[I 2024-12-26 04:31:27,497] Trial 1727 finished with value: 0.07729005813598633 and parameters: {'L1_hidden_dim': 80, 'L1_layers_atom': 4, 'L1_layers_mol': 1, 'L1_dropout': 0.253312497416774, 'L1_out_dim': 128, 'L2_hidden_dim': 208, 'L2_layers_atom': 4, 'L2_layers_mol': 1, 'L2_out_dim': 64, 'L2_dropout': 0.002735298453940571, 'L3_hidden_dim': 64, 'L3_layers_atom': 3, 'L3_layers_mol': 1, 'L3_out_dim': 96, 'L3_dropout': 0.2755987385145901, 'n_mlp_layers': 3, 'mlp_dim_0': 96, 'mlp_dim_1': 376, 'mlp_dim_2': 32, 'num_heads': 1, 'final_dropout': 0.06303567015464272, 'train_learning_rate': 0.001239431343770784, 'train_lr_reduce': 0.6}. Best is trial 1286 with value: 0.03935658559203148.
[I 2024-12-26 04:32:14,440] Trial 1728 finished with value: 0.059850774705410004 and parameters: {'L1_hidden_dim': 80, 'L1_layers_atom': 2, 'L1_layers_mol': 3, 'L1_dropout': 0.2662246465206361, 'L1_out_dim': 64, 'L2_hidden_dim': 192, 'L2_layers_atom': 3, 'L2_layers_mol': 2, 'L2_out_dim': 64, 'L2_dropout': 0.011851587236061924, 'L3_hidden_dim': 128, 'L3_layers_atom': 2, 'L3_layers_mol': 1, 'L3_out_dim': 112, 'L3_dropout': 0.20953192593394898, 'n_mlp_layers': 2, 'mlp_dim_0': 320, 'mlp_dim_1': 224, 'num_heads': 1, 'final_dropout': 0.11164344070390973, 'train_learning_rate': 0.0018624526446693076, 'train_lr_reduce': 0.6}. Best is trial 1286 with value: 0.03935658559203148.
[I 2024-12-26 04:32:15,830] Trial 1726 finished with value: 0.09652184695005417 and parameters: {'L1_hidden_dim': 128, 'L1_layers_atom': 3, 'L1_layers_mol': 1, 'L1_dropout': 0.2978802127277428, 'L1_out_dim': 112, 'L2_hidden_dim': 112, 'L2_layers_atom': 1, 'L2_layers_mol': 3, 'L2_out_dim': 128, 'L2_dropout': 0.09298337016048012, 'L3_hidden_dim': 96, 'L3_layers_atom': 1, 'L3_layers_mol': 1, 'L3_out_dim': 96, 'L3_dropout': 0.1986349730845008, 'n_mlp_layers': 3, 'mlp_dim_0': 392, 'mlp_dim_1': 440, 'mlp_dim_2': 352, 'num_heads': 1, 'final_dropout': 0.17583144398916786, 'train_learning_rate': 0.0065370446514123074, 'train_lr_reduce': 0.6}. Best is trial 1286 with value: 0.03935658559203148.
[I 2024-12-26 04:32:37,835] Trial 1729 finished with value: 0.10130538046360016 and parameters: {'L1_hidden_dim': 112, 'L1_layers_atom': 3, 'L1_layers_mol': 4, 'L1_dropout': 0.18744694015245889, 'L1_out_dim': 64, 'L2_hidden_dim': 208, 'L2_layers_atom': 2, 'L2_layers_mol': 1, 'L2_out_dim': 112, 'L2_dropout': 0.004662264444275657, 'L3_hidden_dim': 112, 'L3_layers_atom': 4, 'L3_layers_mol': 3, 'L3_out_dim': 96, 'L3_dropout': 0.25343391324330183, 'n_mlp_layers': 1, 'mlp_dim_0': 144, 'num_heads': 2, 'final_dropout': 0.11594205157629175, 'train_learning_rate': 0.005119107826147552, 'train_lr_reduce': 0.6}. Best is trial 1286 with value: 0.03935658559203148.
[I 2024-12-26 04:33:40,063] Trial 1730 finished with value: 0.07073577493429184 and parameters: {'L1_hidden_dim': 112, 'L1_layers_atom': 1, 'L1_layers_mol': 3, 'L1_dropout': 0.26275707244349417, 'L1_out_dim': 112, 'L2_hidden_dim': 208, 'L2_layers_atom': 1, 'L2_layers_mol': 4, 'L2_out_dim': 96, 'L2_dropout': 0.028143129194992858, 'L3_hidden_dim': 96, 'L3_layers_atom': 4, 'L3_layers_mol': 1, 'L3_out_dim': 112, 'L3_dropout': 0.2766096073841906, 'n_mlp_layers': 3, 'mlp_dim_0': 232, 'mlp_dim_1': 320, 'mlp_dim_2': 32, 'num_heads': 1, 'final_dropout': 0.09255476708874667, 'train_learning_rate': 0.002418104386016512, 'train_lr_reduce': 0.6}. Best is trial 1286 with value: 0.03935658559203148.
[I 2024-12-26 04:34:30,263] Trial 1731 finished with value: 0.06191444396972656 and parameters: {'L1_hidden_dim': 96, 'L1_layers_atom': 4, 'L1_layers_mol': 3, 'L1_dropout': 0.24100413591845166, 'L1_out_dim': 96, 'L2_hidden_dim': 240, 'L2_layers_atom': 2, 'L2_layers_mol': 2, 'L2_out_dim': 128, 'L2_dropout': 0.030329236189389826, 'L3_hidden_dim': 128, 'L3_layers_atom': 4, 'L3_layers_mol': 1, 'L3_out_dim': 96, 'L3_dropout': 0.06450128340263346, 'n_mlp_layers': 1, 'mlp_dim_0': 144, 'num_heads': 2, 'final_dropout': 0.101257891744616, 'train_learning_rate': 0.002537632671327867, 'train_lr_reduce': 0.6}. Best is trial 1286 with value: 0.03935658559203148.
[I 2024-12-26 04:34:48,479] Trial 1732 finished with value: 0.15276189148426056 and parameters: {'L1_hidden_dim': 112, 'L1_layers_atom': 3, 'L1_layers_mol': 4, 'L1_dropout': 0.20284837533429978, 'L1_out_dim': 128, 'L2_hidden_dim': 224, 'L2_layers_atom': 2, 'L2_layers_mol': 1, 'L2_out_dim': 96, 'L2_dropout': 0.013637672395844125, 'L3_hidden_dim': 128, 'L3_layers_atom': 4, 'L3_layers_mol': 2, 'L3_out_dim': 96, 'L3_dropout': 0.2492357705165169, 'n_mlp_layers': 2, 'mlp_dim_0': 264, 'mlp_dim_1': 432, 'num_heads': 2, 'final_dropout': 0.06114868398009743, 'train_learning_rate': 0.004214953270424687, 'train_lr_reduce': 0.6}. Best is trial 1286 with value: 0.03935658559203148.
[I 2024-12-26 04:35:18,472] Trial 1733 finished with value: 0.08023260533809662 and parameters: {'L1_hidden_dim': 64, 'L1_layers_atom': 4, 'L1_layers_mol': 4, 'L1_dropout': 0.17403432247711392, 'L1_out_dim': 96, 'L2_hidden_dim': 176, 'L2_layers_atom': 1, 'L2_layers_mol': 1, 'L2_out_dim': 112, 'L2_dropout': 0.01276623134608583, 'L3_hidden_dim': 112, 'L3_layers_atom': 4, 'L3_layers_mol': 1, 'L3_out_dim': 64, 'L3_dropout': 0.16780272448492262, 'n_mlp_layers': 2, 'mlp_dim_0': 400, 'mlp_dim_1': 472, 'num_heads': 1, 'final_dropout': 0.048633602275608395, 'train_learning_rate': 0.005665963808867948, 'train_lr_reduce': 0.6}. Best is trial 1286 with value: 0.03935658559203148.
[I 2024-12-26 04:36:00,777] Trial 1734 finished with value: 0.07111670076847076 and parameters: {'L1_hidden_dim': 64, 'L1_layers_atom': 4, 'L1_layers_mol': 3, 'L1_dropout': 0.20688426274187166, 'L1_out_dim': 48, 'L2_hidden_dim': 160, 'L2_layers_atom': 1, 'L2_layers_mol': 2, 'L2_out_dim': 48, 'L2_dropout': 0.06333464475592156, 'L3_hidden_dim': 112, 'L3_layers_atom': 4, 'L3_layers_mol': 1, 'L3_out_dim': 32, 'L3_dropout': 0.23784045402704584, 'n_mlp_layers': 3, 'mlp_dim_0': 384, 'mlp_dim_1': 384, 'mlp_dim_2': 32, 'num_heads': 1, 'final_dropout': 0.021848573248899897, 'train_learning_rate': 0.0010359995724326283, 'train_lr_reduce': 0.6}. Best is trial 1286 with value: 0.03935658559203148.
[I 2024-12-26 04:36:22,166] Trial 1735 finished with value: 0.08231101930141449 and parameters: {'L1_hidden_dim': 96, 'L1_layers_atom': 2, 'L1_layers_mol': 3, 'L1_dropout': 0.2547638451650334, 'L1_out_dim': 80, 'L2_hidden_dim': 144, 'L2_layers_atom': 2, 'L2_layers_mol': 1, 'L2_out_dim': 112, 'L2_dropout': 0.0011400856779537338, 'L3_hidden_dim': 112, 'L3_layers_atom': 2, 'L3_layers_mol': 2, 'L3_out_dim': 128, 'L3_dropout': 0.19919214896394968, 'n_mlp_layers': 1, 'mlp_dim_0': 264, 'num_heads': 1, 'final_dropout': 0.10858482592467696, 'train_learning_rate': 0.0015814490000772268, 'train_lr_reduce': 0.6}. Best is trial 1286 with value: 0.03935658559203148.
[I 2024-12-26 04:36:44,278] Trial 1736 finished with value: 0.06247083842754364 and parameters: {'L1_hidden_dim': 112, 'L1_layers_atom': 4, 'L1_layers_mol': 3, 'L1_dropout': 0.2468061320614992, 'L1_out_dim': 80, 'L2_hidden_dim': 256, 'L2_layers_atom': 1, 'L2_layers_mol': 2, 'L2_out_dim': 128, 'L2_dropout': 0.013881429415134556, 'L3_hidden_dim': 112, 'L3_layers_atom': 3, 'L3_layers_mol': 1, 'L3_out_dim': 112, 'L3_dropout': 0.10001229624155128, 'n_mlp_layers': 2, 'mlp_dim_0': 312, 'mlp_dim_1': 336, 'num_heads': 2, 'final_dropout': 0.18877297136400775, 'train_learning_rate': 0.0011062356420514024, 'train_lr_reduce': 0.6}. Best is trial 1286 with value: 0.03935658559203148.
[I 2024-12-26 04:37:44,139] Trial 1738 finished with value: 0.08601617068052292 and parameters: {'L1_hidden_dim': 64, 'L1_layers_atom': 2, 'L1_layers_mol': 4, 'L1_dropout': 0.23843522317428717, 'L1_out_dim': 64, 'L2_hidden_dim': 192, 'L2_layers_atom': 3, 'L2_layers_mol': 3, 'L2_out_dim': 128, 'L2_dropout': 0.047903022021895725, 'L3_hidden_dim': 112, 'L3_layers_atom': 3, 'L3_layers_mol': 2, 'L3_out_dim': 64, 'L3_dropout': 0.024224849297623703, 'n_mlp_layers': 2, 'mlp_dim_0': 256, 'mlp_dim_1': 392, 'num_heads': 2, 'final_dropout': 0.17806644773191968, 'train_learning_rate': 0.004232742437526944, 'train_lr_reduce': 0.6}. Best is trial 1286 with value: 0.03935658559203148.
