[I 2024-12-19 20:26:24,715] Trial 1324 finished with value: 0.1361960768699646 and parameters: {'mlp_n_layers': 1, 'mlp_dim_00': 297, 'node_hidden_dim': 33, 'edge_hidden_dim': 84, 'depth': 1, 'rep_dropout': 0.030899324929634688, 'train_learning_rate': 0.002517787708222599, 'train_lr_reduce': 0.6}. Best is trial 673 with value: 0.11172225326299667.
[I 2024-12-19 20:26:37,256] Trial 1327 finished with value: 0.16335560381412506 and parameters: {'mlp_n_layers': 1, 'mlp_dim_00': 420, 'node_hidden_dim': 32, 'edge_hidden_dim': 35, 'depth': 1, 'rep_dropout': 0.03345840013921139, 'train_learning_rate': 0.0026230975095686403, 'train_lr_reduce': 0.6}. Best is trial 673 with value: 0.11172225326299667.
[I 2024-12-19 20:27:05,290] Trial 1328 finished with value: 0.1257827877998352 and parameters: {'mlp_n_layers': 1, 'mlp_dim_00': 512, 'node_hidden_dim': 50, 'edge_hidden_dim': 55, 'depth': 1, 'rep_dropout': 0.035371179043220194, 'train_learning_rate': 0.0028067834238848727, 'train_lr_reduce': 0.6}. Best is trial 673 with value: 0.11172225326299667.
[I 2024-12-19 20:27:09,515] Trial 1329 finished with value: 0.21809732913970947 and parameters: {'mlp_n_layers': 1, 'mlp_dim_00': 290, 'node_hidden_dim': 49, 'edge_hidden_dim': 61, 'depth': 1, 'rep_dropout': 0.030761108201160466, 'train_learning_rate': 0.004768793547123257, 'train_lr_reduce': 0.6}. Best is trial 673 with value: 0.11172225326299667.
[I 2024-12-19 20:27:11,482] Trial 1331 finished with value: 1.1421889066696167 and parameters: {'mlp_n_layers': 3, 'mlp_dim_00': 318, 'mlp_dim_01': 511, 'mlp_dim_02': 395, 'node_hidden_dim': 99, 'edge_hidden_dim': 128, 'depth': 3, 'rep_dropout': 0.009038540071293857, 'train_learning_rate': 0.0005716464674796551, 'train_lr_reduce': 0.6}. Best is trial 673 with value: 0.11172225326299667.
[I 2024-12-19 20:27:15,546] Trial 1332 finished with value: 1.1471889019012451 and parameters: {'mlp_n_layers': 1, 'mlp_dim_00': 426, 'node_hidden_dim': 37, 'edge_hidden_dim': 52, 'depth': 2, 'rep_dropout': 0.01786798407266821, 'train_learning_rate': 0.002349560289144998, 'train_lr_reduce': 0.6}. Best is trial 673 with value: 0.11172225326299667.
[I 2024-12-19 20:27:19,446] Trial 1330 finished with value: 0.14804816246032715 and parameters: {'mlp_n_layers': 1, 'mlp_dim_00': 342, 'node_hidden_dim': 49, 'edge_hidden_dim': 55, 'depth': 1, 'rep_dropout': 0.02225550657590443, 'train_learning_rate': 0.0019450883059490825, 'train_lr_reduce': 0.6}. Best is trial 673 with value: 0.11172225326299667.
[I 2024-12-19 20:27:23,648] Trial 1334 finished with value: 1.1420005559921265 and parameters: {'mlp_n_layers': 4, 'mlp_dim_00': 363, 'mlp_dim_01': 394, 'mlp_dim_02': 111, 'mlp_dim_03': 64, 'node_hidden_dim': 115, 'edge_hidden_dim': 32, 'depth': 4, 'rep_dropout': 0.14899569880388075, 'train_learning_rate': 0.0004728759861460836, 'train_lr_reduce': 0.6}. Best is trial 673 with value: 0.11172225326299667.
[I 2024-12-19 20:27:24,210] Trial 1335 finished with value: 1.1428321599960327 and parameters: {'mlp_n_layers': 2, 'mlp_dim_00': 329, 'mlp_dim_01': 440, 'node_hidden_dim': 32, 'edge_hidden_dim': 56, 'depth': 1, 'rep_dropout': 0.053486978010235, 'train_learning_rate': 0.00188857948063983, 'train_lr_reduce': 0.6}. Best is trial 673 with value: 0.11172225326299667.
[I 2024-12-19 20:27:45,690] Trial 1333 finished with value: 0.16131913661956787 and parameters: {'mlp_n_layers': 1, 'mlp_dim_00': 411, 'node_hidden_dim': 36, 'edge_hidden_dim': 55, 'depth': 1, 'rep_dropout': 0.0020420947321442974, 'train_learning_rate': 0.004012048576444301, 'train_lr_reduce': 0.6}. Best is trial 673 with value: 0.11172225326299667.
[I 2024-12-19 20:28:10,151] Trial 1337 finished with value: 0.19265906512737274 and parameters: {'mlp_n_layers': 2, 'mlp_dim_00': 329, 'mlp_dim_01': 330, 'node_hidden_dim': 58, 'edge_hidden_dim': 61, 'depth': 1, 'rep_dropout': 0.011090703155127436, 'train_learning_rate': 0.003305781784134475, 'train_lr_reduce': 0.6}. Best is trial 673 with value: 0.11172225326299667.
[I 2024-12-19 20:28:11,714] Trial 1336 finished with value: 0.1301567405462265 and parameters: {'mlp_n_layers': 1, 'mlp_dim_00': 480, 'node_hidden_dim': 33, 'edge_hidden_dim': 53, 'depth': 1, 'rep_dropout': 0.0027473036390148714, 'train_learning_rate': 0.0034287282304234726, 'train_lr_reduce': 0.6}. Best is trial 673 with value: 0.11172225326299667.
[I 2024-12-19 20:28:15,267] Trial 1339 finished with value: 1.1427303552627563 and parameters: {'mlp_n_layers': 1, 'mlp_dim_00': 255, 'node_hidden_dim': 52, 'edge_hidden_dim': 118, 'depth': 2, 'rep_dropout': 0.03583764355348635, 'train_learning_rate': 0.00025818328978656415, 'train_lr_reduce': 0.6}. Best is trial 673 with value: 0.11172225326299667.
[I 2024-12-19 20:28:16,698] Trial 1340 finished with value: 1.1424802541732788 and parameters: {'mlp_n_layers': 1, 'mlp_dim_00': 312, 'node_hidden_dim': 33, 'edge_hidden_dim': 47, 'depth': 2, 'rep_dropout': 0.012562449143065488, 'train_learning_rate': 0.0011065506904689784, 'train_lr_reduce': 0.6}. Best is trial 673 with value: 0.11172225326299667.
[I 2024-12-19 20:28:31,465] Trial 1338 finished with value: 0.13999043405056 and parameters: {'mlp_n_layers': 1, 'mlp_dim_00': 384, 'node_hidden_dim': 52, 'edge_hidden_dim': 57, 'depth': 1, 'rep_dropout': 0.03484333549287541, 'train_learning_rate': 0.0020818725486806532, 'train_lr_reduce': 0.6}. Best is trial 673 with value: 0.11172225326299667.
[I 2024-12-19 20:28:52,412] Trial 1341 finished with value: 0.17972996830940247 and parameters: {'mlp_n_layers': 1, 'mlp_dim_00': 358, 'node_hidden_dim': 35, 'edge_hidden_dim': 54, 'depth': 1, 'rep_dropout': 0.02789174010319999, 'train_learning_rate': 0.003989827950680686, 'train_lr_reduce': 0.6}. Best is trial 673 with value: 0.11172225326299667.
[I 2024-12-19 20:29:00,080] Trial 1342 finished with value: 0.18852731585502625 and parameters: {'mlp_n_layers': 4, 'mlp_dim_00': 399, 'mlp_dim_01': 475, 'mlp_dim_02': 166, 'mlp_dim_03': 504, 'node_hidden_dim': 128, 'edge_hidden_dim': 102, 'depth': 2, 'rep_dropout': 0.12852289073970516, 'train_learning_rate': 0.005225356280109814, 'train_lr_reduce': 0.6}. Best is trial 673 with value: 0.11172225326299667.
[I 2024-12-19 20:29:15,264] Trial 1343 finished with value: 0.1707761436700821 and parameters: {'mlp_n_layers': 2, 'mlp_dim_00': 418, 'mlp_dim_01': 384, 'node_hidden_dim': 55, 'edge_hidden_dim': 71, 'depth': 1, 'rep_dropout': 0.012736762932694804, 'train_learning_rate': 0.009249546054238798, 'train_lr_reduce': 0.6}. Best is trial 673 with value: 0.11172225326299667.
[I 2024-12-19 20:29:15,358] Trial 1344 finished with value: 0.19505849480628967 and parameters: {'mlp_n_layers': 1, 'mlp_dim_00': 508, 'node_hidden_dim': 32, 'edge_hidden_dim': 53, 'depth': 1, 'rep_dropout': 0.015208831594934462, 'train_learning_rate': 0.0065048791896324485, 'train_lr_reduce': 0.6}. Best is trial 673 with value: 0.11172225326299667.
[I 2024-12-19 20:29:33,225] Trial 1345 finished with value: 0.16967254877090454 and parameters: {'mlp_n_layers': 3, 'mlp_dim_00': 389, 'mlp_dim_01': 436, 'mlp_dim_02': 283, 'node_hidden_dim': 59, 'edge_hidden_dim': 56, 'depth': 2, 'rep_dropout': 0.03416250263621331, 'train_learning_rate': 0.009131639857019437, 'train_lr_reduce': 0.6}. Best is trial 673 with value: 0.11172225326299667.
[I 2024-12-19 20:29:39,721] Trial 1348 finished with value: 1.1459494829177856 and parameters: {'mlp_n_layers': 1, 'mlp_dim_00': 368, 'node_hidden_dim': 49, 'edge_hidden_dim': 51, 'depth': 2, 'rep_dropout': 0.024285809684783034, 'train_learning_rate': 0.0031324967215457427, 'train_lr_reduce': 0.6}. Best is trial 673 with value: 0.11172225326299667.
[I 2024-12-19 20:29:58,370] Trial 1347 finished with value: 0.13926862180233002 and parameters: {'mlp_n_layers': 1, 'mlp_dim_00': 417, 'node_hidden_dim': 48, 'edge_hidden_dim': 82, 'depth': 1, 'rep_dropout': 0.06208683359576911, 'train_learning_rate': 0.0015317085664166572, 'train_lr_reduce': 0.6}. Best is trial 673 with value: 0.11172225326299667.
[I 2024-12-19 20:29:58,756] Trial 1346 finished with value: 0.1567286252975464 and parameters: {'mlp_n_layers': 3, 'mlp_dim_00': 396, 'mlp_dim_01': 467, 'mlp_dim_02': 510, 'node_hidden_dim': 55, 'edge_hidden_dim': 66, 'depth': 1, 'rep_dropout': 0.061773309446964075, 'train_learning_rate': 0.004505852749034893, 'train_lr_reduce': 0.6}. Best is trial 673 with value: 0.11172225326299667.
[I 2024-12-19 20:30:06,553] Trial 1351 finished with value: 1.1419979333877563 and parameters: {'mlp_n_layers': 4, 'mlp_dim_00': 320, 'mlp_dim_01': 397, 'mlp_dim_02': 418, 'mlp_dim_03': 398, 'node_hidden_dim': 85, 'edge_hidden_dim': 74, 'depth': 1, 'rep_dropout': 0.050733145257213175, 'train_learning_rate': 0.00010108706033383593, 'train_lr_reduce': 0.6}. Best is trial 673 with value: 0.11172225326299667.
[I 2024-12-19 20:30:22,743] Trial 1349 finished with value: 0.14079509675502777 and parameters: {'mlp_n_layers': 1, 'mlp_dim_00': 507, 'node_hidden_dim': 32, 'edge_hidden_dim': 50, 'depth': 1, 'rep_dropout': 0.05839587133485733, 'train_learning_rate': 0.007964674756866292, 'train_lr_reduce': 0.6}. Best is trial 673 with value: 0.11172225326299667.
[I 2024-12-19 20:30:39,299] Trial 1350 finished with value: 0.12456655502319336 and parameters: {'mlp_n_layers': 1, 'mlp_dim_00': 476, 'node_hidden_dim': 33, 'edge_hidden_dim': 66, 'depth': 1, 'rep_dropout': 0.043819479312174864, 'train_learning_rate': 0.0029777919866377446, 'train_lr_reduce': 0.6}. Best is trial 673 with value: 0.11172225326299667.
[I 2024-12-19 20:30:47,867] Trial 1352 finished with value: 0.15640096366405487 and parameters: {'mlp_n_layers': 1, 'mlp_dim_00': 451, 'node_hidden_dim': 32, 'edge_hidden_dim': 46, 'depth': 1, 'rep_dropout': 0.00585257819505094, 'train_learning_rate': 0.0021599658845671017, 'train_lr_reduce': 0.6}. Best is trial 673 with value: 0.11172225326299667.
[I 2024-12-19 20:31:07,911] Trial 1353 finished with value: 0.21120305359363556 and parameters: {'mlp_n_layers': 2, 'mlp_dim_00': 401, 'mlp_dim_01': 301, 'node_hidden_dim': 60, 'edge_hidden_dim': 55, 'depth': 1, 'rep_dropout': 0.036915112661541544, 'train_learning_rate': 0.005785129352910455, 'train_lr_reduce': 0.6}. Best is trial 673 with value: 0.11172225326299667.
[I 2024-12-19 20:31:22,075] Trial 1354 finished with value: 0.13825878500938416 and parameters: {'mlp_n_layers': 1, 'mlp_dim_00': 288, 'node_hidden_dim': 52, 'edge_hidden_dim': 64, 'depth': 1, 'rep_dropout': 0.03402303327820498, 'train_learning_rate': 0.0024981374149786986, 'train_lr_reduce': 0.6}. Best is trial 673 with value: 0.11172225326299667.
[I 2024-12-19 20:31:28,961] Trial 1357 finished with value: 1.141643762588501 and parameters: {'mlp_n_layers': 4, 'mlp_dim_00': 108, 'mlp_dim_01': 472, 'mlp_dim_02': 345, 'mlp_dim_03': 137, 'node_hidden_dim': 56, 'edge_hidden_dim': 88, 'depth': 3, 'rep_dropout': 0.11414212210561833, 'train_learning_rate': 0.004933604561078528, 'train_lr_reduce': 0.6}. Best is trial 673 with value: 0.11172225326299667.
[I 2024-12-19 20:31:31,687] Trial 1355 finished with value: 0.18464429676532745 and parameters: {'mlp_n_layers': 1, 'mlp_dim_00': 161, 'node_hidden_dim': 121, 'edge_hidden_dim': 48, 'depth': 1, 'rep_dropout': 0.13507720420920438, 'train_learning_rate': 0.001188759706253865, 'train_lr_reduce': 0.6}. Best is trial 673 with value: 0.11172225326299667.
[I 2024-12-19 20:31:33,913] Trial 1358 finished with value: 1.1425106525421143 and parameters: {'mlp_n_layers': 2, 'mlp_dim_00': 470, 'mlp_dim_01': 365, 'node_hidden_dim': 33, 'edge_hidden_dim': 32, 'depth': 1, 'rep_dropout': 0.049461799705777944, 'train_learning_rate': 0.005814954397635503, 'train_lr_reduce': 0.6}. Best is trial 673 with value: 0.11172225326299667.
[I 2024-12-19 20:31:53,113] Trial 1360 finished with value: 0.5659869909286499 and parameters: {'mlp_n_layers': 1, 'mlp_dim_00': 308, 'node_hidden_dim': 33, 'edge_hidden_dim': 59, 'depth': 2, 'rep_dropout': 0.02035175559543491, 'train_learning_rate': 0.006496435023129697, 'train_lr_reduce': 0.6}. Best is trial 673 with value: 0.11172225326299667.
[I 2024-12-19 20:31:53,834] Trial 1356 finished with value: 0.1705007553100586 and parameters: {'mlp_n_layers': 1, 'mlp_dim_00': 405, 'node_hidden_dim': 32, 'edge_hidden_dim': 34, 'depth': 2, 'rep_dropout': 0.01746466410251681, 'train_learning_rate': 0.005901613544971731, 'train_lr_reduce': 0.6}. Best is trial 673 with value: 0.11172225326299667.
[I 2024-12-19 20:32:16,298] Trial 1359 finished with value: 0.1339104026556015 and parameters: {'mlp_n_layers': 1, 'mlp_dim_00': 512, 'node_hidden_dim': 37, 'edge_hidden_dim': 37, 'depth': 2, 'rep_dropout': 0.01648637468570118, 'train_learning_rate': 0.0037586195564754993, 'train_lr_reduce': 0.6}. Best is trial 673 with value: 0.11172225326299667.
[I 2024-12-19 20:32:21,652] Trial 1361 finished with value: 0.19001071155071259 and parameters: {'mlp_n_layers': 1, 'mlp_dim_00': 401, 'node_hidden_dim': 46, 'edge_hidden_dim': 45, 'depth': 1, 'rep_dropout': 0.04521063398836182, 'train_learning_rate': 0.0031543479727957676, 'train_lr_reduce': 0.6}. Best is trial 673 with value: 0.11172225326299667.
[I 2024-12-19 20:32:27,583] Trial 1364 finished with value: 1.146957278251648 and parameters: {'mlp_n_layers': 2, 'mlp_dim_00': 511, 'mlp_dim_01': 475, 'node_hidden_dim': 61, 'edge_hidden_dim': 50, 'depth': 2, 'rep_dropout': 0.05542114305973453, 'train_learning_rate': 0.004100952751275217, 'train_lr_reduce': 0.6}. Best is trial 673 with value: 0.11172225326299667.
[I 2024-12-19 20:32:38,424] Trial 1365 finished with value: 1.1423068046569824 and parameters: {'mlp_n_layers': 4, 'mlp_dim_00': 104, 'mlp_dim_01': 509, 'mlp_dim_02': 108, 'mlp_dim_03': 315, 'node_hidden_dim': 70, 'edge_hidden_dim': 125, 'depth': 4, 'rep_dropout': 0.09626163168604929, 'train_learning_rate': 0.00016009952940159475, 'train_lr_reduce': 0.6}. Best is trial 673 with value: 0.11172225326299667.
[I 2024-12-19 20:32:42,693] Trial 1362 finished with value: 0.21785350143909454 and parameters: {'mlp_n_layers': 3, 'mlp_dim_00': 466, 'mlp_dim_01': 430, 'mlp_dim_02': 196, 'node_hidden_dim': 127, 'edge_hidden_dim': 74, 'depth': 1, 'rep_dropout': 0.07970685616114229, 'train_learning_rate': 0.0018585151584574221, 'train_lr_reduce': 0.6}. Best is trial 673 with value: 0.11172225326299667.
[I 2024-12-19 20:33:03,568] Trial 1366 finished with value: 0.22128529846668243 and parameters: {'mlp_n_layers': 1, 'mlp_dim_00': 451, 'node_hidden_dim': 37, 'edge_hidden_dim': 78, 'depth': 1, 'rep_dropout': 0.027643294509742157, 'train_learning_rate': 0.009221224086218711, 'train_lr_reduce': 0.6}. Best is trial 673 with value: 0.11172225326299667.
[I 2024-12-19 20:33:06,058] Trial 1363 finished with value: 0.2861648499965668 and parameters: {'mlp_n_layers': 1, 'mlp_dim_00': 416, 'node_hidden_dim': 32, 'edge_hidden_dim': 61, 'depth': 1, 'rep_dropout': 0.005543216831403226, 'train_learning_rate': 0.0052391394395962425, 'train_lr_reduce': 0.6}. Best is trial 673 with value: 0.11172225326299667.
[I 2024-12-19 20:33:08,409] Trial 1368 finished with value: 1.1441774368286133 and parameters: {'mlp_n_layers': 1, 'mlp_dim_00': 95, 'node_hidden_dim': 68, 'edge_hidden_dim': 72, 'depth': 1, 'rep_dropout': 0.007223047233124835, 'train_learning_rate': 0.0005474449835175901, 'train_lr_reduce': 0.6}. Best is trial 673 with value: 0.11172225326299667.
[I 2024-12-19 20:33:11,757] Trial 1369 finished with value: 1.1416007280349731 and parameters: {'mlp_n_layers': 1, 'mlp_dim_00': 426, 'node_hidden_dim': 114, 'edge_hidden_dim': 51, 'depth': 3, 'rep_dropout': 0.07752488013875163, 'train_learning_rate': 0.00011103204586498258, 'train_lr_reduce': 0.6}. Best is trial 673 with value: 0.11172225326299667.
[I 2024-12-19 20:33:13,789] Trial 1370 finished with value: 1.1428110599517822 and parameters: {'mlp_n_layers': 1, 'mlp_dim_00': 425, 'node_hidden_dim': 35, 'edge_hidden_dim': 58, 'depth': 1, 'rep_dropout': 0.03962840391042324, 'train_learning_rate': 0.002151635050807495, 'train_lr_reduce': 0.6}. Best is trial 673 with value: 0.11172225326299667.
[I 2024-12-19 20:33:16,795] Trial 1371 finished with value: 1.1447676420211792 and parameters: {'mlp_n_layers': 2, 'mlp_dim_00': 425, 'mlp_dim_01': 312, 'node_hidden_dim': 33, 'edge_hidden_dim': 74, 'depth': 1, 'rep_dropout': 0.05166620855435325, 'train_learning_rate': 0.0035718794991304336, 'train_lr_reduce': 0.6}. Best is trial 673 with value: 0.11172225326299667.
[I 2024-12-19 20:33:20,404] Trial 1372 finished with value: 1.1443403959274292 and parameters: {'mlp_n_layers': 4, 'mlp_dim_00': 497, 'mlp_dim_01': 389, 'mlp_dim_02': 249, 'mlp_dim_03': 259, 'node_hidden_dim': 95, 'edge_hidden_dim': 128, 'depth': 4, 'rep_dropout': 0.12376277957020203, 'train_learning_rate': 0.0014347855168862274, 'train_lr_reduce': 0.6}. Best is trial 673 with value: 0.11172225326299667.
[I 2024-12-19 20:33:27,918] Trial 1374 finished with value: 1.1422868967056274 and parameters: {'mlp_n_layers': 3, 'mlp_dim_00': 190, 'mlp_dim_01': 415, 'mlp_dim_02': 65, 'node_hidden_dim': 65, 'edge_hidden_dim': 69, 'depth': 4, 'rep_dropout': 0.039112760935992384, 'train_learning_rate': 0.0001743621687382748, 'train_lr_reduce': 0.6}. Best is trial 673 with value: 0.11172225326299667.
[I 2024-12-19 20:33:29,908] Trial 1367 finished with value: 0.13455712795257568 and parameters: {'mlp_n_layers': 1, 'mlp_dim_00': 480, 'node_hidden_dim': 67, 'edge_hidden_dim': 60, 'depth': 1, 'rep_dropout': 0.030079611667789632, 'train_learning_rate': 0.004319924408458628, 'train_lr_reduce': 0.6}. Best is trial 673 with value: 0.11172225326299667.
[I 2024-12-19 20:33:58,100] Trial 1373 finished with value: 0.13012708723545074 and parameters: {'mlp_n_layers': 1, 'mlp_dim_00': 410, 'node_hidden_dim': 33, 'edge_hidden_dim': 63, 'depth': 1, 'rep_dropout': 0.04798490265591152, 'train_learning_rate': 0.00410350808616063, 'train_lr_reduce': 0.6}. Best is trial 673 with value: 0.11172225326299667.
[I 2024-12-19 20:34:09,843] Trial 1375 finished with value: 0.12778393924236298 and parameters: {'mlp_n_layers': 2, 'mlp_dim_00': 441, 'mlp_dim_01': 349, 'node_hidden_dim': 50, 'edge_hidden_dim': 69, 'depth': 1, 'rep_dropout': 0.0237469303946069, 'train_learning_rate': 0.003802039081287353, 'train_lr_reduce': 0.6}. Best is trial 673 with value: 0.11172225326299667.
[I 2024-12-19 20:34:13,397] Trial 1376 finished with value: 0.12149038165807724 and parameters: {'mlp_n_layers': 1, 'mlp_dim_00': 411, 'node_hidden_dim': 32, 'edge_hidden_dim': 64, 'depth': 1, 'rep_dropout': 0.0413944806762976, 'train_learning_rate': 0.0030640782252572205, 'train_lr_reduce': 0.6}. Best is trial 673 with value: 0.11172225326299667.
[I 2024-12-19 20:34:39,396] Trial 1379 finished with value: 0.28666648268699646 and parameters: {'mlp_n_layers': 3, 'mlp_dim_00': 450, 'mlp_dim_01': 470, 'mlp_dim_02': 424, 'node_hidden_dim': 78, 'edge_hidden_dim': 78, 'depth': 2, 'rep_dropout': 0.009206369582126037, 'train_learning_rate': 0.008363005956173926, 'train_lr_reduce': 0.6}. Best is trial 673 with value: 0.11172225326299667.
[I 2024-12-19 20:34:41,256] Trial 1377 finished with value: 0.15203046798706055 and parameters: {'mlp_n_layers': 2, 'mlp_dim_00': 313, 'mlp_dim_01': 441, 'node_hidden_dim': 32, 'edge_hidden_dim': 33, 'depth': 1, 'rep_dropout': 0.005887938959062221, 'train_learning_rate': 0.003977187805989003, 'train_lr_reduce': 0.6}. Best is trial 673 with value: 0.11172225326299667.
[I 2024-12-19 20:34:53,155] Trial 1378 finished with value: 0.1251492202281952 and parameters: {'mlp_n_layers': 1, 'mlp_dim_00': 272, 'node_hidden_dim': 49, 'edge_hidden_dim': 107, 'depth': 1, 'rep_dropout': 0.050637901638068236, 'train_learning_rate': 0.003983177636220981, 'train_lr_reduce': 0.6}. Best is trial 673 with value: 0.11172225326299667.
[I 2024-12-19 20:34:59,085] Trial 1382 finished with value: 1.1427183151245117 and parameters: {'mlp_n_layers': 1, 'mlp_dim_00': 423, 'node_hidden_dim': 38, 'edge_hidden_dim': 76, 'depth': 1, 'rep_dropout': 0.04874106325486345, 'train_learning_rate': 0.0014255056781907677, 'train_lr_reduce': 0.6}. Best is trial 673 with value: 0.11172225326299667.
[I 2024-12-19 20:35:20,668] Trial 1381 finished with value: 0.14946961402893066 and parameters: {'mlp_n_layers': 1, 'mlp_dim_00': 362, 'node_hidden_dim': 53, 'edge_hidden_dim': 68, 'depth': 1, 'rep_dropout': 0.03070796683727557, 'train_learning_rate': 0.002034884909924265, 'train_lr_reduce': 0.6}. Best is trial 673 with value: 0.11172225326299667.
[I 2024-12-19 20:35:23,146] Trial 1380 finished with value: 0.18564727902412415 and parameters: {'mlp_n_layers': 1, 'mlp_dim_00': 413, 'node_hidden_dim': 58, 'edge_hidden_dim': 53, 'depth': 1, 'rep_dropout': 0.05904383486887166, 'train_learning_rate': 0.004669047066011047, 'train_lr_reduce': 0.6}. Best is trial 673 with value: 0.11172225326299667.
[I 2024-12-19 20:35:30,036] Trial 1385 finished with value: 1.1445138454437256 and parameters: {'mlp_n_layers': 2, 'mlp_dim_00': 490, 'mlp_dim_01': 383, 'node_hidden_dim': 41, 'edge_hidden_dim': 80, 'depth': 4, 'rep_dropout': 0.10810229733103205, 'train_learning_rate': 0.0007281054193600652, 'train_lr_reduce': 0.6}. Best is trial 673 with value: 0.11172225326299667.
[I 2024-12-19 20:35:41,343] Trial 1383 finished with value: 0.13904741406440735 and parameters: {'mlp_n_layers': 1, 'mlp_dim_00': 339, 'node_hidden_dim': 34, 'edge_hidden_dim': 57, 'depth': 1, 'rep_dropout': 0.027661901996709416, 'train_learning_rate': 0.0028257574229057897, 'train_lr_reduce': 0.6}. Best is trial 673 with value: 0.11172225326299667.
[I 2024-12-19 20:36:05,109] Trial 1384 finished with value: 0.24141013622283936 and parameters: {'mlp_n_layers': 1, 'mlp_dim_00': 110, 'node_hidden_dim': 74, 'edge_hidden_dim': 113, 'depth': 3, 'rep_dropout': 0.015071366292632019, 'train_learning_rate': 0.00569754021506153, 'train_lr_reduce': 0.6}. Best is trial 673 with value: 0.11172225326299667.
