[I 2024-12-19 23:58:09,390] Trial 442 finished with value: 1.3524795770645142 and parameters: {'mlp_n_layers': 4, 'mlp_dim_00': 274, 'mlp_dim_01': 271, 'mlp_dim_02': 335, 'mlp_dim_03': 302, 'node_hidden_dim': 93, 'edge_hidden_dim': 77, 'depth': 1, 'rep_dropout': 0.00012384791489263025, 'train_learning_rate': 0.0008803443180312108, 'train_lr_reduce': 0.6}. Best is trial 269 with value: 0.32603323459625244.
[I 2024-12-19 23:58:13,341] Trial 446 finished with value: 1.4880434274673462 and parameters: {'mlp_n_layers': 1, 'mlp_dim_00': 253, 'node_hidden_dim': 63, 'edge_hidden_dim': 92, 'depth': 2, 'rep_dropout': 0.007910668564876891, 'train_learning_rate': 0.0006162165470648034, 'train_lr_reduce': 0.6}. Best is trial 269 with value: 0.32603323459625244.
[I 2024-12-19 23:58:17,357] Trial 447 finished with value: 1.5096840858459473 and parameters: {'mlp_n_layers': 4, 'mlp_dim_00': 237, 'mlp_dim_01': 393, 'mlp_dim_02': 250, 'mlp_dim_03': 345, 'node_hidden_dim': 69, 'edge_hidden_dim': 42, 'depth': 2, 'rep_dropout': 0.01926693597115557, 'train_learning_rate': 0.001621622184848503, 'train_lr_reduce': 0.6}. Best is trial 269 with value: 0.32603323459625244.
[I 2024-12-19 23:58:20,486] Trial 444 finished with value: 0.37473994493484497 and parameters: {'mlp_n_layers': 4, 'mlp_dim_00': 310, 'mlp_dim_01': 247, 'mlp_dim_02': 264, 'mlp_dim_03': 350, 'node_hidden_dim': 93, 'edge_hidden_dim': 58, 'depth': 1, 'rep_dropout': 0.0224137797394725, 'train_learning_rate': 0.0011175794030185704, 'train_lr_reduce': 0.6}. Best is trial 269 with value: 0.32603323459625244.
[I 2024-12-19 23:58:22,715] Trial 448 finished with value: 1.1716992855072021 and parameters: {'mlp_n_layers': 4, 'mlp_dim_00': 257, 'mlp_dim_01': 259, 'mlp_dim_02': 299, 'mlp_dim_03': 282, 'node_hidden_dim': 109, 'edge_hidden_dim': 56, 'depth': 1, 'rep_dropout': 0.04698362781693976, 'train_learning_rate': 0.002645033375296801, 'train_lr_reduce': 0.6}. Best is trial 269 with value: 0.32603323459625244.
[I 2024-12-19 23:58:22,937] Trial 445 finished with value: 0.3932611346244812 and parameters: {'mlp_n_layers': 4, 'mlp_dim_00': 199, 'mlp_dim_01': 314, 'mlp_dim_02': 322, 'mlp_dim_03': 291, 'node_hidden_dim': 60, 'edge_hidden_dim': 58, 'depth': 1, 'rep_dropout': 0.039145502630894, 'train_learning_rate': 0.002292636449958881, 'train_lr_reduce': 0.6}. Best is trial 269 with value: 0.32603323459625244.
[I 2024-12-19 23:58:23,646] Trial 449 finished with value: 1.5647611618041992 and parameters: {'mlp_n_layers': 3, 'mlp_dim_00': 303, 'mlp_dim_01': 355, 'mlp_dim_02': 233, 'node_hidden_dim': 66, 'edge_hidden_dim': 86, 'depth': 3, 'rep_dropout': 0.005700512735807239, 'train_learning_rate': 0.0004811103211621698, 'train_lr_reduce': 0.6}. Best is trial 269 with value: 0.32603323459625244.
[I 2024-12-19 23:58:25,908] Trial 450 finished with value: 1.3719254732131958 and parameters: {'mlp_n_layers': 4, 'mlp_dim_00': 211, 'mlp_dim_01': 423, 'mlp_dim_02': 262, 'mlp_dim_03': 357, 'node_hidden_dim': 56, 'edge_hidden_dim': 76, 'depth': 1, 'rep_dropout': 0.004713440860882891, 'train_learning_rate': 0.0032560663388744634, 'train_lr_reduce': 0.6}. Best is trial 269 with value: 0.32603323459625244.
[I 2024-12-19 23:58:26,019] Trial 451 finished with value: 1.5610250234603882 and parameters: {'mlp_n_layers': 1, 'mlp_dim_00': 67, 'node_hidden_dim': 55, 'edge_hidden_dim': 39, 'depth': 4, 'rep_dropout': 0.04862507673395501, 'train_learning_rate': 0.0003409095063867119, 'train_lr_reduce': 0.6}. Best is trial 269 with value: 0.32603323459625244.
[I 2024-12-19 23:58:26,995] Trial 452 finished with value: 1.5813795328140259 and parameters: {'mlp_n_layers': 4, 'mlp_dim_00': 413, 'mlp_dim_01': 311, 'mlp_dim_02': 337, 'mlp_dim_03': 277, 'node_hidden_dim': 123, 'edge_hidden_dim': 36, 'depth': 1, 'rep_dropout': 0.0023154511533511847, 'train_learning_rate': 0.000373678316852059, 'train_lr_reduce': 0.6}. Best is trial 269 with value: 0.32603323459625244.
[I 2024-12-19 23:58:29,843] Trial 453 finished with value: 1.5756961107254028 and parameters: {'mlp_n_layers': 3, 'mlp_dim_00': 383, 'mlp_dim_01': 216, 'mlp_dim_02': 228, 'node_hidden_dim': 34, 'edge_hidden_dim': 113, 'depth': 3, 'rep_dropout': 0.0747050391356631, 'train_learning_rate': 0.0003490391610533641, 'train_lr_reduce': 0.6}. Best is trial 269 with value: 0.32603323459625244.
[I 2024-12-19 23:58:30,249] Trial 455 finished with value: 1.5363788604736328 and parameters: {'mlp_n_layers': 4, 'mlp_dim_00': 269, 'mlp_dim_01': 273, 'mlp_dim_02': 229, 'mlp_dim_03': 352, 'node_hidden_dim': 77, 'edge_hidden_dim': 32, 'depth': 1, 'rep_dropout': 0.000143987137138962, 'train_learning_rate': 0.007314520067643514, 'train_lr_reduce': 0.6}. Best is trial 269 with value: 0.32603323459625244.
[I 2024-12-19 23:58:34,107] Trial 457 finished with value: 1.5640980005264282 and parameters: {'mlp_n_layers': 4, 'mlp_dim_00': 262, 'mlp_dim_01': 223, 'mlp_dim_02': 211, 'mlp_dim_03': 371, 'node_hidden_dim': 90, 'edge_hidden_dim': 33, 'depth': 1, 'rep_dropout': 0.02139146943331044, 'train_learning_rate': 0.0006185653605731783, 'train_lr_reduce': 0.6}. Best is trial 269 with value: 0.32603323459625244.
[I 2024-12-19 23:58:35,192] Trial 454 finished with value: 0.3936561048030853 and parameters: {'mlp_n_layers': 4, 'mlp_dim_00': 244, 'mlp_dim_01': 372, 'mlp_dim_02': 299, 'mlp_dim_03': 283, 'node_hidden_dim': 72, 'edge_hidden_dim': 56, 'depth': 1, 'rep_dropout': 0.04782852835270439, 'train_learning_rate': 0.003048975087824469, 'train_lr_reduce': 0.6}. Best is trial 269 with value: 0.32603323459625244.
[I 2024-12-19 23:58:38,770] Trial 459 finished with value: 1.5525494813919067 and parameters: {'mlp_n_layers': 4, 'mlp_dim_00': 386, 'mlp_dim_01': 289, 'mlp_dim_02': 235, 'mlp_dim_03': 309, 'node_hidden_dim': 72, 'edge_hidden_dim': 61, 'depth': 1, 'rep_dropout': 0.06189954810487726, 'train_learning_rate': 0.00012471105786986058, 'train_lr_reduce': 0.6}. Best is trial 269 with value: 0.32603323459625244.
[I 2024-12-19 23:58:46,002] Trial 458 finished with value: 0.398989200592041 and parameters: {'mlp_n_layers': 4, 'mlp_dim_00': 364, 'mlp_dim_01': 384, 'mlp_dim_02': 280, 'mlp_dim_03': 251, 'node_hidden_dim': 111, 'edge_hidden_dim': 54, 'depth': 1, 'rep_dropout': 0.00292158933578699, 'train_learning_rate': 0.0010604818201732484, 'train_lr_reduce': 0.6}. Best is trial 269 with value: 0.32603323459625244.
[I 2024-12-19 23:58:49,409] Trial 461 finished with value: 1.5633199214935303 and parameters: {'mlp_n_layers': 3, 'mlp_dim_00': 242, 'mlp_dim_01': 357, 'mlp_dim_02': 271, 'node_hidden_dim': 85, 'edge_hidden_dim': 68, 'depth': 2, 'rep_dropout': 0.02642231992844842, 'train_learning_rate': 0.0005654003613312432, 'train_lr_reduce': 0.6}. Best is trial 269 with value: 0.32603323459625244.
[I 2024-12-19 23:58:50,530] Trial 456 finished with value: 0.408878356218338 and parameters: {'mlp_n_layers': 4, 'mlp_dim_00': 298, 'mlp_dim_01': 326, 'mlp_dim_02': 279, 'mlp_dim_03': 263, 'node_hidden_dim': 123, 'edge_hidden_dim': 33, 'depth': 1, 'rep_dropout': 0.020834830240430653, 'train_learning_rate': 0.0024074867211511795, 'train_lr_reduce': 0.6}. Best is trial 269 with value: 0.32603323459625244.
[I 2024-12-19 23:58:52,618] Trial 462 finished with value: 1.290211796760559 and parameters: {'mlp_n_layers': 1, 'mlp_dim_00': 150, 'node_hidden_dim': 81, 'edge_hidden_dim': 52, 'depth': 4, 'rep_dropout': 0.13424305648329066, 'train_learning_rate': 0.0027076316015766967, 'train_lr_reduce': 0.6}. Best is trial 269 with value: 0.32603323459625244.
[I 2024-12-19 23:58:53,334] Trial 460 finished with value: 0.34674888849258423 and parameters: {'mlp_n_layers': 4, 'mlp_dim_00': 261, 'mlp_dim_01': 451, 'mlp_dim_02': 337, 'mlp_dim_03': 247, 'node_hidden_dim': 69, 'edge_hidden_dim': 47, 'depth': 1, 'rep_dropout': 0.011481321928219247, 'train_learning_rate': 0.002132190172935873, 'train_lr_reduce': 0.6}. Best is trial 269 with value: 0.32603323459625244.
[I 2024-12-19 23:58:57,116] Trial 465 finished with value: 1.352608561515808 and parameters: {'mlp_n_layers': 4, 'mlp_dim_00': 252, 'mlp_dim_01': 496, 'mlp_dim_02': 335, 'mlp_dim_03': 249, 'node_hidden_dim': 73, 'edge_hidden_dim': 35, 'depth': 2, 'rep_dropout': 0.0526831441896839, 'train_learning_rate': 0.008392388498895842, 'train_lr_reduce': 0.6}. Best is trial 269 with value: 0.32603323459625244.
[I 2024-12-19 23:58:59,596] Trial 463 finished with value: 0.45660051703453064 and parameters: {'mlp_n_layers': 3, 'mlp_dim_00': 349, 'mlp_dim_01': 201, 'mlp_dim_02': 208, 'node_hidden_dim': 103, 'edge_hidden_dim': 47, 'depth': 1, 'rep_dropout': 0.00328742757348267, 'train_learning_rate': 0.0019257301108762703, 'train_lr_reduce': 0.6}. Best is trial 269 with value: 0.32603323459625244.
[I 2024-12-19 23:59:00,253] Trial 466 finished with value: 1.2857755422592163 and parameters: {'mlp_n_layers': 1, 'mlp_dim_00': 220, 'node_hidden_dim': 126, 'edge_hidden_dim': 63, 'depth': 4, 'rep_dropout': 0.008816642059037982, 'train_learning_rate': 0.0011277654036274416, 'train_lr_reduce': 0.6}. Best is trial 269 with value: 0.32603323459625244.
[I 2024-12-19 23:59:00,311] Trial 464 finished with value: 0.48179107904434204 and parameters: {'mlp_n_layers': 3, 'mlp_dim_00': 87, 'mlp_dim_01': 248, 'mlp_dim_02': 301, 'node_hidden_dim': 80, 'edge_hidden_dim': 76, 'depth': 1, 'rep_dropout': 0.11315411363474506, 'train_learning_rate': 0.004429305012124713, 'train_lr_reduce': 0.6}. Best is trial 269 with value: 0.32603323459625244.
[I 2024-12-19 23:59:02,674] Trial 467 finished with value: 1.5482267141342163 and parameters: {'mlp_n_layers': 3, 'mlp_dim_00': 322, 'mlp_dim_01': 449, 'mlp_dim_02': 346, 'node_hidden_dim': 125, 'edge_hidden_dim': 42, 'depth': 1, 'rep_dropout': 0.009240885832725417, 'train_learning_rate': 0.0008441340571572177, 'train_lr_reduce': 0.6}. Best is trial 269 with value: 0.32603323459625244.
[I 2024-12-19 23:59:07,096] Trial 470 finished with value: 1.284231424331665 and parameters: {'mlp_n_layers': 3, 'mlp_dim_00': 182, 'mlp_dim_01': 435, 'mlp_dim_02': 353, 'node_hidden_dim': 67, 'edge_hidden_dim': 32, 'depth': 1, 'rep_dropout': 0.022605781296380432, 'train_learning_rate': 0.007762570879355532, 'train_lr_reduce': 0.6}. Best is trial 269 with value: 0.32603323459625244.
[I 2024-12-19 23:59:11,514] Trial 468 finished with value: 0.42622771859169006 and parameters: {'mlp_n_layers': 4, 'mlp_dim_00': 253, 'mlp_dim_01': 438, 'mlp_dim_02': 335, 'mlp_dim_03': 219, 'node_hidden_dim': 71, 'edge_hidden_dim': 62, 'depth': 1, 'rep_dropout': 0.018471155016929242, 'train_learning_rate': 0.0017139221467118706, 'train_lr_reduce': 0.6}. Best is trial 269 with value: 0.32603323459625244.
[I 2024-12-19 23:59:15,896] Trial 472 finished with value: 1.314971685409546 and parameters: {'mlp_n_layers': 3, 'mlp_dim_00': 297, 'mlp_dim_01': 418, 'mlp_dim_02': 332, 'node_hidden_dim': 112, 'edge_hidden_dim': 107, 'depth': 4, 'rep_dropout': 0.13835767953262604, 'train_learning_rate': 0.0042285902921201995, 'train_lr_reduce': 0.6}. Best is trial 269 with value: 0.32603323459625244.
[I 2024-12-19 23:59:17,691] Trial 469 finished with value: 0.3734036087989807 and parameters: {'mlp_n_layers': 4, 'mlp_dim_00': 397, 'mlp_dim_01': 480, 'mlp_dim_02': 363, 'mlp_dim_03': 245, 'node_hidden_dim': 80, 'edge_hidden_dim': 52, 'depth': 1, 'rep_dropout': 0.10123304907844916, 'train_learning_rate': 0.0016531792425770872, 'train_lr_reduce': 0.6}. Best is trial 269 with value: 0.32603323459625244.
[I 2024-12-19 23:59:19,661] Trial 473 finished with value: 1.547734260559082 and parameters: {'mlp_n_layers': 3, 'mlp_dim_00': 282, 'mlp_dim_01': 437, 'mlp_dim_02': 205, 'node_hidden_dim': 70, 'edge_hidden_dim': 46, 'depth': 1, 'rep_dropout': 0.036014494442417895, 'train_learning_rate': 0.0008825272915759597, 'train_lr_reduce': 0.6}. Best is trial 269 with value: 0.32603323459625244.
[I 2024-12-19 23:59:20,940] Trial 474 finished with value: 1.4746928215026855 and parameters: {'mlp_n_layers': 2, 'mlp_dim_00': 503, 'mlp_dim_01': 397, 'node_hidden_dim': 65, 'edge_hidden_dim': 119, 'depth': 3, 'rep_dropout': 0.08014293806314565, 'train_learning_rate': 0.0005513076415931024, 'train_lr_reduce': 0.6}. Best is trial 269 with value: 0.32603323459625244.
[I 2024-12-19 23:59:21,335] Trial 471 finished with value: 0.3736550509929657 and parameters: {'mlp_n_layers': 4, 'mlp_dim_00': 486, 'mlp_dim_01': 472, 'mlp_dim_02': 190, 'mlp_dim_03': 143, 'node_hidden_dim': 90, 'edge_hidden_dim': 60, 'depth': 1, 'rep_dropout': 0.07508542774571554, 'train_learning_rate': 0.0019743796550089343, 'train_lr_reduce': 0.6}. Best is trial 269 with value: 0.32603323459625244.
[I 2024-12-19 23:59:22,779] Trial 475 finished with value: 1.5316303968429565 and parameters: {'mlp_n_layers': 3, 'mlp_dim_00': 154, 'mlp_dim_01': 343, 'mlp_dim_02': 304, 'node_hidden_dim': 52, 'edge_hidden_dim': 40, 'depth': 1, 'rep_dropout': 0.0009954582162994136, 'train_learning_rate': 0.0024839936929927477, 'train_lr_reduce': 0.6}. Best is trial 269 with value: 0.32603323459625244.
[I 2024-12-19 23:59:24,390] Trial 476 finished with value: 1.5677696466445923 and parameters: {'mlp_n_layers': 4, 'mlp_dim_00': 408, 'mlp_dim_01': 400, 'mlp_dim_02': 251, 'mlp_dim_03': 244, 'node_hidden_dim': 106, 'edge_hidden_dim': 33, 'depth': 2, 'rep_dropout': 0.002115067603005569, 'train_learning_rate': 0.0007276019784740994, 'train_lr_reduce': 0.6}. Best is trial 269 with value: 0.32603323459625244.
[I 2024-12-19 23:59:26,339] Trial 478 finished with value: 1.427459955215454 and parameters: {'mlp_n_layers': 3, 'mlp_dim_00': 316, 'mlp_dim_01': 375, 'mlp_dim_02': 227, 'node_hidden_dim': 65, 'edge_hidden_dim': 54, 'depth': 2, 'rep_dropout': 0.012524895516799917, 'train_learning_rate': 0.002374537510491408, 'train_lr_reduce': 0.6}. Best is trial 269 with value: 0.32603323459625244.
[I 2024-12-19 23:59:33,365] Trial 477 finished with value: 0.4312814176082611 and parameters: {'mlp_n_layers': 4, 'mlp_dim_00': 360, 'mlp_dim_01': 314, 'mlp_dim_02': 157, 'mlp_dim_03': 264, 'node_hidden_dim': 108, 'edge_hidden_dim': 61, 'depth': 1, 'rep_dropout': 0.03444708602903758, 'train_learning_rate': 0.0015191124902021356, 'train_lr_reduce': 0.6}. Best is trial 269 with value: 0.32603323459625244.
[I 2024-12-19 23:59:35,208] Trial 480 finished with value: 1.3260527849197388 and parameters: {'mlp_n_layers': 4, 'mlp_dim_00': 469, 'mlp_dim_01': 318, 'mlp_dim_02': 193, 'mlp_dim_03': 269, 'node_hidden_dim': 77, 'edge_hidden_dim': 74, 'depth': 1, 'rep_dropout': 0.056298624618759896, 'train_learning_rate': 0.0006263973518929276, 'train_lr_reduce': 0.6}. Best is trial 269 with value: 0.32603323459625244.
[I 2024-12-19 23:59:39,432] Trial 479 finished with value: 0.374858021736145 and parameters: {'mlp_n_layers': 4, 'mlp_dim_00': 296, 'mlp_dim_01': 440, 'mlp_dim_02': 299, 'mlp_dim_03': 189, 'node_hidden_dim': 66, 'edge_hidden_dim': 32, 'depth': 1, 'rep_dropout': 0.0419904804893935, 'train_learning_rate': 0.0030957854792636585, 'train_lr_reduce': 0.6}. Best is trial 269 with value: 0.32603323459625244.
[I 2024-12-19 23:59:43,520] Trial 483 finished with value: 1.5488017797470093 and parameters: {'mlp_n_layers': 4, 'mlp_dim_00': 75, 'mlp_dim_01': 395, 'mlp_dim_02': 304, 'mlp_dim_03': 291, 'node_hidden_dim': 90, 'edge_hidden_dim': 97, 'depth': 3, 'rep_dropout': 0.07377706031581567, 'train_learning_rate': 0.00043310473708713007, 'train_lr_reduce': 0.6}. Best is trial 269 with value: 0.32603323459625244.
[I 2024-12-19 23:59:47,678] Trial 484 finished with value: 1.499685287475586 and parameters: {'mlp_n_layers': 4, 'mlp_dim_00': 388, 'mlp_dim_01': 348, 'mlp_dim_02': 349, 'mlp_dim_03': 239, 'node_hidden_dim': 43, 'edge_hidden_dim': 40, 'depth': 4, 'rep_dropout': 0.10067622741915527, 'train_learning_rate': 0.0022995821482111036, 'train_lr_reduce': 0.6}. Best is trial 269 with value: 0.32603323459625244.
[I 2024-12-19 23:59:48,291] Trial 481 finished with value: 0.4000910818576813 and parameters: {'mlp_n_layers': 4, 'mlp_dim_00': 258, 'mlp_dim_01': 376, 'mlp_dim_02': 91, 'mlp_dim_03': 223, 'node_hidden_dim': 103, 'edge_hidden_dim': 51, 'depth': 1, 'rep_dropout': 0.010583836004429425, 'train_learning_rate': 0.0015546972746211583, 'train_lr_reduce': 0.6}. Best is trial 269 with value: 0.32603323459625244.
[I 2024-12-19 23:59:51,274] Trial 485 finished with value: 1.4355101585388184 and parameters: {'mlp_n_layers': 3, 'mlp_dim_00': 495, 'mlp_dim_01': 287, 'mlp_dim_02': 254, 'node_hidden_dim': 104, 'edge_hidden_dim': 85, 'depth': 1, 'rep_dropout': 0.034350147757089416, 'train_learning_rate': 0.0014190250868599302, 'train_lr_reduce': 0.6}. Best is trial 269 with value: 0.32603323459625244.
[I 2024-12-19 23:59:52,990] Trial 482 finished with value: 0.3478330969810486 and parameters: {'mlp_n_layers': 3, 'mlp_dim_00': 380, 'mlp_dim_01': 298, 'mlp_dim_02': 250, 'node_hidden_dim': 127, 'edge_hidden_dim': 69, 'depth': 1, 'rep_dropout': 0.03863924898546346, 'train_learning_rate': 0.0019147294412692323, 'train_lr_reduce': 0.6}. Best is trial 269 with value: 0.32603323459625244.
[I 2024-12-19 23:59:54,737] Trial 487 finished with value: 1.5022318363189697 and parameters: {'mlp_n_layers': 2, 'mlp_dim_00': 288, 'mlp_dim_01': 347, 'node_hidden_dim': 114, 'edge_hidden_dim': 55, 'depth': 1, 'rep_dropout': 0.10881051780895254, 'train_learning_rate': 0.0008658676120159435, 'train_lr_reduce': 0.6}. Best is trial 269 with value: 0.32603323459625244.
[I 2024-12-19 23:59:58,122] Trial 489 finished with value: 1.554247498512268 and parameters: {'mlp_n_layers': 4, 'mlp_dim_00': 180, 'mlp_dim_01': 312, 'mlp_dim_02': 220, 'mlp_dim_03': 315, 'node_hidden_dim': 72, 'edge_hidden_dim': 49, 'depth': 1, 'rep_dropout': 0.012141039752542809, 'train_learning_rate': 0.0009726149658971118, 'train_lr_reduce': 0.6}. Best is trial 269 with value: 0.32603323459625244.
[I 2024-12-20 00:00:00,362] Trial 486 finished with value: 0.36767297983169556 and parameters: {'mlp_n_layers': 4, 'mlp_dim_00': 170, 'mlp_dim_01': 448, 'mlp_dim_02': 197, 'mlp_dim_03': 177, 'node_hidden_dim': 61, 'edge_hidden_dim': 58, 'depth': 1, 'rep_dropout': 0.005424281948265014, 'train_learning_rate': 0.00311681388050652, 'train_lr_reduce': 0.6}. Best is trial 269 with value: 0.32603323459625244.
[I 2024-12-20 00:00:04,461] Trial 491 finished with value: 1.5539205074310303 and parameters: {'mlp_n_layers': 4, 'mlp_dim_00': 399, 'mlp_dim_01': 407, 'mlp_dim_02': 246, 'mlp_dim_03': 313, 'node_hidden_dim': 99, 'edge_hidden_dim': 69, 'depth': 2, 'rep_dropout': 0.000613213180474418, 'train_learning_rate': 0.0016531304124142263, 'train_lr_reduce': 0.6}. Best is trial 269 with value: 0.32603323459625244.
[I 2024-12-20 00:00:05,674] Trial 488 finished with value: 0.37700358033180237 and parameters: {'mlp_n_layers': 3, 'mlp_dim_00': 287, 'mlp_dim_01': 314, 'mlp_dim_02': 227, 'node_hidden_dim': 107, 'edge_hidden_dim': 65, 'depth': 1, 'rep_dropout': 0.03715063131295908, 'train_learning_rate': 0.0017716314771318038, 'train_lr_reduce': 0.6}. Best is trial 269 with value: 0.32603323459625244.
[I 2024-12-20 00:00:09,383] Trial 492 finished with value: 1.4703774452209473 and parameters: {'mlp_n_layers': 4, 'mlp_dim_00': 185, 'mlp_dim_01': 319, 'mlp_dim_02': 178, 'mlp_dim_03': 380, 'node_hidden_dim': 124, 'edge_hidden_dim': 78, 'depth': 4, 'rep_dropout': 0.02587140787969204, 'train_learning_rate': 0.005880198067626581, 'train_lr_reduce': 0.6}. Best is trial 269 with value: 0.32603323459625244.
[I 2024-12-20 00:00:09,581] Trial 493 finished with value: 1.2821439504623413 and parameters: {'mlp_n_layers': 2, 'mlp_dim_00': 372, 'mlp_dim_01': 292, 'node_hidden_dim': 126, 'edge_hidden_dim': 72, 'depth': 1, 'rep_dropout': 0.012841755678060635, 'train_learning_rate': 0.00398924497179774, 'train_lr_reduce': 0.6}. Best is trial 269 with value: 0.32603323459625244.
[I 2024-12-20 00:00:13,418] Trial 494 finished with value: 1.5603138208389282 and parameters: {'mlp_n_layers': 3, 'mlp_dim_00': 496, 'mlp_dim_01': 388, 'mlp_dim_02': 252, 'node_hidden_dim': 78, 'edge_hidden_dim': 47, 'depth': 2, 'rep_dropout': 0.009572473966048906, 'train_learning_rate': 0.0008815591358914979, 'train_lr_reduce': 0.6}. Best is trial 269 with value: 0.32603323459625244.
[I 2024-12-20 00:00:13,777] Trial 490 finished with value: 0.3560466468334198 and parameters: {'mlp_n_layers': 3, 'mlp_dim_00': 355, 'mlp_dim_01': 348, 'mlp_dim_02': 148, 'node_hidden_dim': 110, 'edge_hidden_dim': 76, 'depth': 1, 'rep_dropout': 0.006846102651469843, 'train_learning_rate': 0.0008160097512428534, 'train_lr_reduce': 0.6}. Best is trial 269 with value: 0.32603323459625244.
[I 2024-12-20 00:00:18,533] Trial 497 finished with value: 1.580906629562378 and parameters: {'mlp_n_layers': 4, 'mlp_dim_00': 250, 'mlp_dim_01': 386, 'mlp_dim_02': 281, 'mlp_dim_03': 312, 'node_hidden_dim': 123, 'edge_hidden_dim': 55, 'depth': 2, 'rep_dropout': 0.029650899381574114, 'train_learning_rate': 0.00036466198895145367, 'train_lr_reduce': 0.6}. Best is trial 269 with value: 0.32603323459625244.
[I 2024-12-20 00:00:22,748] Trial 498 finished with value: 1.4926351308822632 and parameters: {'mlp_n_layers': 4, 'mlp_dim_00': 69, 'mlp_dim_01': 355, 'mlp_dim_02': 210, 'mlp_dim_03': 169, 'node_hidden_dim': 118, 'edge_hidden_dim': 43, 'depth': 3, 'rep_dropout': 0.06314688728693049, 'train_learning_rate': 0.00285983727960948, 'train_lr_reduce': 0.6}. Best is trial 269 with value: 0.32603323459625244.
[I 2024-12-20 00:00:24,525] Trial 496 finished with value: 0.40927213430404663 and parameters: {'mlp_n_layers': 3, 'mlp_dim_00': 310, 'mlp_dim_01': 285, 'mlp_dim_02': 203, 'node_hidden_dim': 123, 'edge_hidden_dim': 54, 'depth': 1, 'rep_dropout': 0.05478504970483282, 'train_learning_rate': 0.0012497192612122563, 'train_lr_reduce': 0.6}. Best is trial 269 with value: 0.32603323459625244.
