[I 2024-12-26 00:39:34,875] Trial 1344 finished with value: 0.08813067525625229 and parameters: {'L1_hidden_dim': 112, 'L1_layers_atom': 4, 'L1_layers_mol': 2, 'L1_dropout': 0.1705539933922055, 'L1_out_dim': 48, 'L2_hidden_dim': 144, 'L2_layers_atom': 1, 'L2_layers_mol': 2, 'L2_out_dim': 96, 'L2_dropout': 0.09113603160326281, 'L3_hidden_dim': 128, 'L3_layers_atom': 4, 'L3_layers_mol': 1, 'L3_out_dim': 48, 'L3_dropout': 0.26427128785661924, 'n_mlp_layers': 3, 'mlp_dim_0': 328, 'mlp_dim_1': 320, 'mlp_dim_2': 40, 'num_heads': 1, 'final_dropout': 0.09055921090684235, 'train_learning_rate': 0.0021146805445678655, 'train_lr_reduce': 0.6}. Best is trial 1286 with value: 0.03935658559203148.
[I 2024-12-26 00:39:46,052] Trial 1342 finished with value: 0.06475144624710083 and parameters: {'L1_hidden_dim': 64, 'L1_layers_atom': 3, 'L1_layers_mol': 2, 'L1_dropout': 0.2054146710719319, 'L1_out_dim': 112, 'L2_hidden_dim': 160, 'L2_layers_atom': 2, 'L2_layers_mol': 1, 'L2_out_dim': 112, 'L2_dropout': 0.08482118420263252, 'L3_hidden_dim': 32, 'L3_layers_atom': 4, 'L3_layers_mol': 4, 'L3_out_dim': 112, 'L3_dropout': 0.2851125169909431, 'n_mlp_layers': 1, 'mlp_dim_0': 88, 'num_heads': 2, 'final_dropout': 0.043281628520788526, 'train_learning_rate': 0.00039504937617433795, 'train_lr_reduce': 0.6}. Best is trial 1286 with value: 0.03935658559203148.
[I 2024-12-26 00:40:09,177] Trial 1345 finished with value: 0.07716695964336395 and parameters: {'L1_hidden_dim': 64, 'L1_layers_atom': 3, 'L1_layers_mol': 2, 'L1_dropout': 0.1721668165633014, 'L1_out_dim': 48, 'L2_hidden_dim': 96, 'L2_layers_atom': 1, 'L2_layers_mol': 2, 'L2_out_dim': 96, 'L2_dropout': 0.06800407031524427, 'L3_hidden_dim': 96, 'L3_layers_atom': 4, 'L3_layers_mol': 1, 'L3_out_dim': 32, 'L3_dropout': 0.23699841246636766, 'n_mlp_layers': 3, 'mlp_dim_0': 40, 'mlp_dim_1': 312, 'mlp_dim_2': 72, 'num_heads': 1, 'final_dropout': 0.045730617097554827, 'train_learning_rate': 0.006499548885059791, 'train_lr_reduce': 0.6}. Best is trial 1286 with value: 0.03935658559203148.
[I 2024-12-26 00:41:13,161] Trial 1348 finished with value: 0.07343306392431259 and parameters: {'L1_hidden_dim': 80, 'L1_layers_atom': 4, 'L1_layers_mol': 1, 'L1_dropout': 0.240527278991363, 'L1_out_dim': 48, 'L2_hidden_dim': 144, 'L2_layers_atom': 2, 'L2_layers_mol': 3, 'L2_out_dim': 96, 'L2_dropout': 0.06467000937690853, 'L3_hidden_dim': 128, 'L3_layers_atom': 3, 'L3_layers_mol': 1, 'L3_out_dim': 32, 'L3_dropout': 0.22293193820409163, 'n_mlp_layers': 3, 'mlp_dim_0': 80, 'mlp_dim_1': 328, 'mlp_dim_2': 32, 'num_heads': 1, 'final_dropout': 0.061124692677254004, 'train_learning_rate': 0.003256752660255461, 'train_lr_reduce': 0.6}. Best is trial 1286 with value: 0.03935658559203148.
[I 2024-12-26 00:41:13,304] Trial 1346 finished with value: 0.09076628088951111 and parameters: {'L1_hidden_dim': 64, 'L1_layers_atom': 1, 'L1_layers_mol': 4, 'L1_dropout': 0.2881688513587108, 'L1_out_dim': 80, 'L2_hidden_dim': 176, 'L2_layers_atom': 1, 'L2_layers_mol': 4, 'L2_out_dim': 128, 'L2_dropout': 0.04181160224167142, 'L3_hidden_dim': 112, 'L3_layers_atom': 4, 'L3_layers_mol': 1, 'L3_out_dim': 112, 'L3_dropout': 0.27565503167355465, 'n_mlp_layers': 3, 'mlp_dim_0': 216, 'mlp_dim_1': 344, 'mlp_dim_2': 32, 'num_heads': 1, 'final_dropout': 0.03510945250837038, 'train_learning_rate': 0.0006049944238746349, 'train_lr_reduce': 0.6}. Best is trial 1286 with value: 0.03935658559203148.
[I 2024-12-26 00:41:44,021] Trial 1347 finished with value: 0.07244459539651871 and parameters: {'L1_hidden_dim': 128, 'L1_layers_atom': 4, 'L1_layers_mol': 4, 'L1_dropout': 0.28699432914171136, 'L1_out_dim': 128, 'L2_hidden_dim': 192, 'L2_layers_atom': 2, 'L2_layers_mol': 2, 'L2_out_dim': 112, 'L2_dropout': 0.012090852443527873, 'L3_hidden_dim': 32, 'L3_layers_atom': 2, 'L3_layers_mol': 2, 'L3_out_dim': 128, 'L3_dropout': 0.2921030008290656, 'n_mlp_layers': 2, 'mlp_dim_0': 32, 'mlp_dim_1': 288, 'num_heads': 1, 'final_dropout': 0.0009068804106445102, 'train_learning_rate': 0.0002493135475589951, 'train_lr_reduce': 0.6}. Best is trial 1286 with value: 0.03935658559203148.
[I 2024-12-26 00:42:38,843] Trial 1349 finished with value: 0.07375095039606094 and parameters: {'L1_hidden_dim': 80, 'L1_layers_atom': 4, 'L1_layers_mol': 3, 'L1_dropout': 0.2677594056414111, 'L1_out_dim': 80, 'L2_hidden_dim': 160, 'L2_layers_atom': 2, 'L2_layers_mol': 1, 'L2_out_dim': 128, 'L2_dropout': 0.02473616196455649, 'L3_hidden_dim': 64, 'L3_layers_atom': 2, 'L3_layers_mol': 1, 'L3_out_dim': 48, 'L3_dropout': 0.19659176390664976, 'n_mlp_layers': 2, 'mlp_dim_0': 160, 'mlp_dim_1': 344, 'num_heads': 2, 'final_dropout': 0.0004304311118073015, 'train_learning_rate': 0.002147201618520503, 'train_lr_reduce': 0.6}. Best is trial 1286 with value: 0.03935658559203148.
[I 2024-12-26 00:42:42,661] Trial 1350 finished with value: 0.09610964357852936 and parameters: {'L1_hidden_dim': 96, 'L1_layers_atom': 4, 'L1_layers_mol': 3, 'L1_dropout': 0.2688093508337613, 'L1_out_dim': 80, 'L2_hidden_dim': 160, 'L2_layers_atom': 1, 'L2_layers_mol': 1, 'L2_out_dim': 112, 'L2_dropout': 0.033517387253207756, 'L3_hidden_dim': 64, 'L3_layers_atom': 4, 'L3_layers_mol': 3, 'L3_out_dim': 64, 'L3_dropout': 0.28466556435328616, 'n_mlp_layers': 1, 'mlp_dim_0': 136, 'num_heads': 2, 'final_dropout': 0.032635512454825925, 'train_learning_rate': 0.0032579067995250877, 'train_lr_reduce': 0.6}. Best is trial 1286 with value: 0.03935658559203148.
[I 2024-12-26 00:43:24,925] Trial 1351 finished with value: 0.1010429635643959 and parameters: {'L1_hidden_dim': 96, 'L1_layers_atom': 4, 'L1_layers_mol': 3, 'L1_dropout': 0.20930210288056958, 'L1_out_dim': 64, 'L2_hidden_dim': 128, 'L2_layers_atom': 2, 'L2_layers_mol': 2, 'L2_out_dim': 112, 'L2_dropout': 0.004955529233106187, 'L3_hidden_dim': 112, 'L3_layers_atom': 4, 'L3_layers_mol': 1, 'L3_out_dim': 64, 'L3_dropout': 0.2929470413589011, 'n_mlp_layers': 3, 'mlp_dim_0': 176, 'mlp_dim_1': 288, 'mlp_dim_2': 32, 'num_heads': 1, 'final_dropout': 0.14421306014497873, 'train_learning_rate': 0.0050216511287990645, 'train_lr_reduce': 0.6}. Best is trial 1286 with value: 0.03935658559203148.
[I 2024-12-26 00:44:23,791] Trial 1353 finished with value: 0.0880221351981163 and parameters: {'L1_hidden_dim': 80, 'L1_layers_atom': 4, 'L1_layers_mol': 2, 'L1_dropout': 0.17576755632813051, 'L1_out_dim': 96, 'L2_hidden_dim': 144, 'L2_layers_atom': 1, 'L2_layers_mol': 3, 'L2_out_dim': 96, 'L2_dropout': 0.14471255762297203, 'L3_hidden_dim': 112, 'L3_layers_atom': 4, 'L3_layers_mol': 1, 'L3_out_dim': 48, 'L3_dropout': 0.22932162975346285, 'n_mlp_layers': 3, 'mlp_dim_0': 176, 'mlp_dim_1': 280, 'mlp_dim_2': 32, 'num_heads': 1, 'final_dropout': 0.04768931412844652, 'train_learning_rate': 0.0008502198231780119, 'train_lr_reduce': 0.6}. Best is trial 1286 with value: 0.03935658559203148.
[I 2024-12-26 00:44:43,473] Trial 1352 finished with value: 0.1404648721218109 and parameters: {'L1_hidden_dim': 64, 'L1_layers_atom': 4, 'L1_layers_mol': 2, 'L1_dropout': 0.27522694018028565, 'L1_out_dim': 64, 'L2_hidden_dim': 128, 'L2_layers_atom': 2, 'L2_layers_mol': 2, 'L2_out_dim': 128, 'L2_dropout': 0.13355352691808797, 'L3_hidden_dim': 112, 'L3_layers_atom': 4, 'L3_layers_mol': 1, 'L3_out_dim': 32, 'L3_dropout': 0.2373611304303969, 'n_mlp_layers': 3, 'mlp_dim_0': 288, 'mlp_dim_1': 352, 'mlp_dim_2': 80, 'num_heads': 1, 'final_dropout': 0.038313321211525114, 'train_learning_rate': 0.008337919974972144, 'train_lr_reduce': 0.6}. Best is trial 1286 with value: 0.03935658559203148.
[I 2024-12-26 00:44:58,151] Trial 1354 finished with value: 0.06950169801712036 and parameters: {'L1_hidden_dim': 64, 'L1_layers_atom': 4, 'L1_layers_mol': 3, 'L1_dropout': 0.2518537376526141, 'L1_out_dim': 32, 'L2_hidden_dim': 224, 'L2_layers_atom': 3, 'L2_layers_mol': 4, 'L2_out_dim': 48, 'L2_dropout': 0.003761480359541866, 'L3_hidden_dim': 32, 'L3_layers_atom': 3, 'L3_layers_mol': 2, 'L3_out_dim': 64, 'L3_dropout': 0.11115418836460417, 'n_mlp_layers': 3, 'mlp_dim_0': 512, 'mlp_dim_1': 352, 'mlp_dim_2': 88, 'num_heads': 1, 'final_dropout': 0.21266690803339328, 'train_learning_rate': 0.0015647076410410608, 'train_lr_reduce': 0.6}. Best is trial 1286 with value: 0.03935658559203148.
[I 2024-12-26 00:45:50,009] Trial 1356 finished with value: 0.06752680242061615 and parameters: {'L1_hidden_dim': 64, 'L1_layers_atom': 1, 'L1_layers_mol': 1, 'L1_dropout': 0.2554998702005689, 'L1_out_dim': 112, 'L2_hidden_dim': 240, 'L2_layers_atom': 4, 'L2_layers_mol': 4, 'L2_out_dim': 96, 'L2_dropout': 0.07951705967861278, 'L3_hidden_dim': 96, 'L3_layers_atom': 3, 'L3_layers_mol': 1, 'L3_out_dim': 128, 'L3_dropout': 0.11644991951337742, 'n_mlp_layers': 3, 'mlp_dim_0': 312, 'mlp_dim_1': 320, 'mlp_dim_2': 32, 'num_heads': 1, 'final_dropout': 0.08193262099952912, 'train_learning_rate': 0.0014861033295371525, 'train_lr_reduce': 0.6}. Best is trial 1286 with value: 0.03935658559203148.
[I 2024-12-26 00:45:56,969] Trial 1355 finished with value: 0.08841603249311447 and parameters: {'L1_hidden_dim': 96, 'L1_layers_atom': 2, 'L1_layers_mol': 3, 'L1_dropout': 0.11301503531623719, 'L1_out_dim': 48, 'L2_hidden_dim': 176, 'L2_layers_atom': 4, 'L2_layers_mol': 4, 'L2_out_dim': 48, 'L2_dropout': 0.006745024603203257, 'L3_hidden_dim': 96, 'L3_layers_atom': 4, 'L3_layers_mol': 1, 'L3_out_dim': 48, 'L3_dropout': 0.23775822084449785, 'n_mlp_layers': 2, 'mlp_dim_0': 128, 'mlp_dim_1': 240, 'num_heads': 1, 'final_dropout': 0.05510708137875589, 'train_learning_rate': 0.007549430862036607, 'train_lr_reduce': 0.6}. Best is trial 1286 with value: 0.03935658559203148.
[I 2024-12-26 00:46:44,605] Trial 1357 finished with value: 0.08418715000152588 and parameters: {'L1_hidden_dim': 80, 'L1_layers_atom': 4, 'L1_layers_mol': 1, 'L1_dropout': 0.24309426500797265, 'L1_out_dim': 80, 'L2_hidden_dim': 128, 'L2_layers_atom': 2, 'L2_layers_mol': 2, 'L2_out_dim': 96, 'L2_dropout': 0.043887502374619004, 'L3_hidden_dim': 112, 'L3_layers_atom': 4, 'L3_layers_mol': 1, 'L3_out_dim': 32, 'L3_dropout': 0.2679925527332888, 'n_mlp_layers': 3, 'mlp_dim_0': 120, 'mlp_dim_1': 360, 'mlp_dim_2': 88, 'num_heads': 1, 'final_dropout': 0.14882932973994772, 'train_learning_rate': 0.0017377631048492638, 'train_lr_reduce': 0.6}. Best is trial 1286 with value: 0.03935658559203148.
[I 2024-12-26 00:46:50,332] Trial 1358 finished with value: 0.0872097909450531 and parameters: {'L1_hidden_dim': 96, 'L1_layers_atom': 4, 'L1_layers_mol': 4, 'L1_dropout': 0.22308215126823908, 'L1_out_dim': 80, 'L2_hidden_dim': 240, 'L2_layers_atom': 3, 'L2_layers_mol': 4, 'L2_out_dim': 32, 'L2_dropout': 0.09496684576140087, 'L3_hidden_dim': 80, 'L3_layers_atom': 4, 'L3_layers_mol': 2, 'L3_out_dim': 96, 'L3_dropout': 0.08584935509030456, 'n_mlp_layers': 3, 'mlp_dim_0': 208, 'mlp_dim_1': 312, 'mlp_dim_2': 80, 'num_heads': 1, 'final_dropout': 0.11536942128536347, 'train_learning_rate': 0.0020054703894357394, 'train_lr_reduce': 0.6}. Best is trial 1286 with value: 0.03935658559203148.
[I 2024-12-26 00:47:03,494] Trial 1360 finished with value: 0.9378746747970581 and parameters: {'L1_hidden_dim': 64, 'L1_layers_atom': 4, 'L1_layers_mol': 3, 'L1_dropout': 0.14593096624327886, 'L1_out_dim': 48, 'L2_hidden_dim': 128, 'L2_layers_atom': 3, 'L2_layers_mol': 4, 'L2_out_dim': 80, 'L2_dropout': 0.08017199937734878, 'L3_hidden_dim': 112, 'L3_layers_atom': 4, 'L3_layers_mol': 1, 'L3_out_dim': 32, 'L3_dropout': 0.2801881498019988, 'n_mlp_layers': 2, 'mlp_dim_0': 216, 'mlp_dim_1': 264, 'num_heads': 1, 'final_dropout': 0.11671650163323738, 'train_learning_rate': 0.002572033394617151, 'train_lr_reduce': 0.6}. Best is trial 1286 with value: 0.03935658559203148.
[I 2024-12-26 00:47:08,987] Trial 1359 finished with value: 0.13213585317134857 and parameters: {'L1_hidden_dim': 96, 'L1_layers_atom': 4, 'L1_layers_mol': 3, 'L1_dropout': 0.11757732504361568, 'L1_out_dim': 64, 'L2_hidden_dim': 176, 'L2_layers_atom': 4, 'L2_layers_mol': 3, 'L2_out_dim': 48, 'L2_dropout': 0.02482294242651993, 'L3_hidden_dim': 112, 'L3_layers_atom': 4, 'L3_layers_mol': 1, 'L3_out_dim': 48, 'L3_dropout': 0.2920411499221791, 'n_mlp_layers': 3, 'mlp_dim_0': 192, 'mlp_dim_1': 368, 'mlp_dim_2': 88, 'num_heads': 1, 'final_dropout': 0.06450706535263252, 'train_learning_rate': 0.0019016550413265385, 'train_lr_reduce': 0.6}. Best is trial 1286 with value: 0.03935658559203148.
[I 2024-12-26 00:47:25,962] Trial 1362 finished with value: 1.1527490615844727 and parameters: {'L1_hidden_dim': 96, 'L1_layers_atom': 4, 'L1_layers_mol': 4, 'L1_dropout': 0.1963604476206998, 'L1_out_dim': 64, 'L2_hidden_dim': 128, 'L2_layers_atom': 3, 'L2_layers_mol': 4, 'L2_out_dim': 80, 'L2_dropout': 0.06446095517485262, 'L3_hidden_dim': 96, 'L3_layers_atom': 4, 'L3_layers_mol': 1, 'L3_out_dim': 48, 'L3_dropout': 0.20925909183941505, 'n_mlp_layers': 2, 'mlp_dim_0': 144, 'mlp_dim_1': 360, 'num_heads': 1, 'final_dropout': 0.05048667405408348, 'train_learning_rate': 0.00019740775455335085, 'train_lr_reduce': 0.6}. Best is trial 1286 with value: 0.03935658559203148.
[I 2024-12-26 00:48:34,263] Trial 1363 finished with value: 0.08391910791397095 and parameters: {'L1_hidden_dim': 176, 'L1_layers_atom': 3, 'L1_layers_mol': 3, 'L1_dropout': 0.15018961228436423, 'L1_out_dim': 32, 'L2_hidden_dim': 208, 'L2_layers_atom': 3, 'L2_layers_mol': 4, 'L2_out_dim': 64, 'L2_dropout': 0.10140590862112443, 'L3_hidden_dim': 128, 'L3_layers_atom': 4, 'L3_layers_mol': 2, 'L3_out_dim': 48, 'L3_dropout': 0.1912845930518728, 'n_mlp_layers': 2, 'mlp_dim_0': 72, 'mlp_dim_1': 360, 'num_heads': 1, 'final_dropout': 0.021268156422659567, 'train_learning_rate': 0.001396760791468086, 'train_lr_reduce': 0.6}. Best is trial 1286 with value: 0.03935658559203148.
[I 2024-12-26 00:48:51,665] Trial 1361 finished with value: 0.08453687280416489 and parameters: {'L1_hidden_dim': 64, 'L1_layers_atom': 3, 'L1_layers_mol': 2, 'L1_dropout': 0.04915467714376834, 'L1_out_dim': 32, 'L2_hidden_dim': 144, 'L2_layers_atom': 3, 'L2_layers_mol': 4, 'L2_out_dim': 48, 'L2_dropout': 0.020793818821191638, 'L3_hidden_dim': 64, 'L3_layers_atom': 3, 'L3_layers_mol': 1, 'L3_out_dim': 48, 'L3_dropout': 0.23681270597074233, 'n_mlp_layers': 2, 'mlp_dim_0': 112, 'mlp_dim_1': 304, 'num_heads': 1, 'final_dropout': 0.05848211190136157, 'train_learning_rate': 0.0012227232109985298, 'train_lr_reduce': 0.6}. Best is trial 1286 with value: 0.03935658559203148.
[I 2024-12-26 00:49:00,716] Trial 1364 finished with value: 0.08186318725347519 and parameters: {'L1_hidden_dim': 80, 'L1_layers_atom': 4, 'L1_layers_mol': 3, 'L1_dropout': 0.11766385436727814, 'L1_out_dim': 64, 'L2_hidden_dim': 192, 'L2_layers_atom': 3, 'L2_layers_mol': 4, 'L2_out_dim': 64, 'L2_dropout': 0.025940774001162435, 'L3_hidden_dim': 96, 'L3_layers_atom': 4, 'L3_layers_mol': 2, 'L3_out_dim': 32, 'L3_dropout': 0.26972854399577945, 'n_mlp_layers': 2, 'mlp_dim_0': 176, 'mlp_dim_1': 512, 'num_heads': 1, 'final_dropout': 0.02888426064063286, 'train_learning_rate': 0.00478946415613867, 'train_lr_reduce': 0.6}. Best is trial 1286 with value: 0.03935658559203148.
[I 2024-12-26 00:50:09,222] Trial 1365 finished with value: 0.07319777458906174 and parameters: {'L1_hidden_dim': 144, 'L1_layers_atom': 4, 'L1_layers_mol': 4, 'L1_dropout': 0.27490760173164625, 'L1_out_dim': 112, 'L2_hidden_dim': 160, 'L2_layers_atom': 2, 'L2_layers_mol': 1, 'L2_out_dim': 128, 'L2_dropout': 0.031592973402524024, 'L3_hidden_dim': 80, 'L3_layers_atom': 3, 'L3_layers_mol': 1, 'L3_out_dim': 48, 'L3_dropout': 0.2799558702573123, 'n_mlp_layers': 2, 'mlp_dim_0': 272, 'mlp_dim_1': 240, 'num_heads': 2, 'final_dropout': 0.10480879146763045, 'train_learning_rate': 0.0028541563775935507, 'train_lr_reduce': 0.6}. Best is trial 1286 with value: 0.03935658559203148.
[I 2024-12-26 00:51:01,319] Trial 1367 finished with value: 0.12003254145383835 and parameters: {'L1_hidden_dim': 96, 'L1_layers_atom': 3, 'L1_layers_mol': 4, 'L1_dropout': 0.24064843376761272, 'L1_out_dim': 48, 'L2_hidden_dim': 160, 'L2_layers_atom': 1, 'L2_layers_mol': 1, 'L2_out_dim': 128, 'L2_dropout': 0.015730601304330103, 'L3_hidden_dim': 80, 'L3_layers_atom': 3, 'L3_layers_mol': 1, 'L3_out_dim': 64, 'L3_dropout': 0.1444945344984662, 'n_mlp_layers': 2, 'mlp_dim_0': 192, 'mlp_dim_1': 368, 'num_heads': 2, 'final_dropout': 0.12344282009332336, 'train_learning_rate': 0.0073852531278364286, 'train_lr_reduce': 0.6}. Best is trial 1286 with value: 0.03935658559203148.
[I 2024-12-26 00:51:13,045] Trial 1366 finished with value: 0.08018410950899124 and parameters: {'L1_hidden_dim': 96, 'L1_layers_atom': 3, 'L1_layers_mol': 2, 'L1_dropout': 0.23909345295342893, 'L1_out_dim': 48, 'L2_hidden_dim': 240, 'L2_layers_atom': 1, 'L2_layers_mol': 3, 'L2_out_dim': 48, 'L2_dropout': 0.08261976081064364, 'L3_hidden_dim': 48, 'L3_layers_atom': 3, 'L3_layers_mol': 3, 'L3_out_dim': 128, 'L3_dropout': 0.04992724285641967, 'n_mlp_layers': 2, 'mlp_dim_0': 240, 'mlp_dim_1': 304, 'num_heads': 1, 'final_dropout': 0.18988917512501902, 'train_learning_rate': 0.004566686718432213, 'train_lr_reduce': 0.6}. Best is trial 1286 with value: 0.03935658559203148.
[I 2024-12-26 00:51:32,459] Trial 1368 finished with value: 0.08036734163761139 and parameters: {'L1_hidden_dim': 144, 'L1_layers_atom': 2, 'L1_layers_mol': 3, 'L1_dropout': 0.2932975295044007, 'L1_out_dim': 80, 'L2_hidden_dim': 112, 'L2_layers_atom': 2, 'L2_layers_mol': 2, 'L2_out_dim': 112, 'L2_dropout': 0.05499962788589695, 'L3_hidden_dim': 112, 'L3_layers_atom': 4, 'L3_layers_mol': 1, 'L3_out_dim': 32, 'L3_dropout': 0.24882884172567218, 'n_mlp_layers': 2, 'mlp_dim_0': 40, 'mlp_dim_1': 296, 'num_heads': 2, 'final_dropout': 0.13473749473812194, 'train_learning_rate': 0.0007742068866596573, 'train_lr_reduce': 0.6}. Best is trial 1286 with value: 0.03935658559203148.
[I 2024-12-26 00:52:35,717] Trial 1369 finished with value: 0.14572976529598236 and parameters: {'L1_hidden_dim': 256, 'L1_layers_atom': 2, 'L1_layers_mol': 2, 'L1_dropout': 0.010066439345463946, 'L1_out_dim': 64, 'L2_hidden_dim': 96, 'L2_layers_atom': 3, 'L2_layers_mol': 1, 'L2_out_dim': 128, 'L2_dropout': 0.15449934376588942, 'L3_hidden_dim': 64, 'L3_layers_atom': 4, 'L3_layers_mol': 2, 'L3_out_dim': 112, 'L3_dropout': 0.12583449231785526, 'n_mlp_layers': 3, 'mlp_dim_0': 152, 'mlp_dim_1': 512, 'mlp_dim_2': 72, 'num_heads': 1, 'final_dropout': 0.19912241307564665, 'train_learning_rate': 0.00046511702091219876, 'train_lr_reduce': 0.6}. Best is trial 1286 with value: 0.03935658559203148.
[I 2024-12-26 00:53:20,295] Trial 1371 finished with value: 0.07487484067678452 and parameters: {'L1_hidden_dim': 64, 'L1_layers_atom': 3, 'L1_layers_mol': 4, 'L1_dropout': 0.2714078048889376, 'L1_out_dim': 80, 'L2_hidden_dim': 176, 'L2_layers_atom': 2, 'L2_layers_mol': 2, 'L2_out_dim': 112, 'L2_dropout': 0.044595052879698616, 'L3_hidden_dim': 96, 'L3_layers_atom': 3, 'L3_layers_mol': 1, 'L3_out_dim': 48, 'L3_dropout': 0.11546209749954027, 'n_mlp_layers': 1, 'mlp_dim_0': 344, 'num_heads': 2, 'final_dropout': 0.09002902801349458, 'train_learning_rate': 0.002484017656259078, 'train_lr_reduce': 0.6}. Best is trial 1286 with value: 0.03935658559203148.
[I 2024-12-26 00:53:49,487] Trial 1372 finished with value: 0.10581618547439575 and parameters: {'L1_hidden_dim': 64, 'L1_layers_atom': 4, 'L1_layers_mol': 4, 'L1_dropout': 0.2948774576827365, 'L1_out_dim': 96, 'L2_hidden_dim': 112, 'L2_layers_atom': 1, 'L2_layers_mol': 1, 'L2_out_dim': 128, 'L2_dropout': 0.0737712942777681, 'L3_hidden_dim': 96, 'L3_layers_atom': 3, 'L3_layers_mol': 1, 'L3_out_dim': 64, 'L3_dropout': 0.21323086686424453, 'n_mlp_layers': 2, 'mlp_dim_0': 144, 'mlp_dim_1': 320, 'num_heads': 1, 'final_dropout': 0.09485909058012018, 'train_learning_rate': 0.009291903013927079, 'train_lr_reduce': 0.6}. Best is trial 1286 with value: 0.03935658559203148.
[I 2024-12-26 00:54:15,083] Trial 1370 finished with value: 0.10925278812646866 and parameters: {'L1_hidden_dim': 96, 'L1_layers_atom': 4, 'L1_layers_mol': 3, 'L1_dropout': 0.2593881128081357, 'L1_out_dim': 48, 'L2_hidden_dim': 256, 'L2_layers_atom': 1, 'L2_layers_mol': 4, 'L2_out_dim': 80, 'L2_dropout': 0.08552631541961422, 'L3_hidden_dim': 80, 'L3_layers_atom': 4, 'L3_layers_mol': 4, 'L3_out_dim': 112, 'L3_dropout': 0.08760771791184477, 'n_mlp_layers': 2, 'mlp_dim_0': 424, 'mlp_dim_1': 360, 'num_heads': 1, 'final_dropout': 0.08430951230914543, 'train_learning_rate': 0.00529366371388838, 'train_lr_reduce': 0.6}. Best is trial 1286 with value: 0.03935658559203148.
[I 2024-12-26 00:54:39,843] Trial 1373 finished with value: 0.07755733281373978 and parameters: {'L1_hidden_dim': 112, 'L1_layers_atom': 1, 'L1_layers_mol': 1, 'L1_dropout': 0.17824093295600657, 'L1_out_dim': 112, 'L2_hidden_dim': 128, 'L2_layers_atom': 4, 'L2_layers_mol': 4, 'L2_out_dim': 128, 'L2_dropout': 0.07450183203189929, 'L3_hidden_dim': 112, 'L3_layers_atom': 2, 'L3_layers_mol': 1, 'L3_out_dim': 128, 'L3_dropout': 0.044575087824207466, 'n_mlp_layers': 3, 'mlp_dim_0': 336, 'mlp_dim_1': 264, 'mlp_dim_2': 32, 'num_heads': 1, 'final_dropout': 0.04877350031308624, 'train_learning_rate': 0.0004223986579238143, 'train_lr_reduce': 0.6}. Best is trial 1286 with value: 0.03935658559203148.
[I 2024-12-26 00:55:58,802] Trial 1375 finished with value: 0.07724545896053314 and parameters: {'L1_hidden_dim': 80, 'L1_layers_atom': 4, 'L1_layers_mol': 4, 'L1_dropout': 0.2783527098212127, 'L1_out_dim': 112, 'L2_hidden_dim': 144, 'L2_layers_atom': 1, 'L2_layers_mol': 1, 'L2_out_dim': 128, 'L2_dropout': 0.07989340877053774, 'L3_hidden_dim': 112, 'L3_layers_atom': 4, 'L3_layers_mol': 1, 'L3_out_dim': 32, 'L3_dropout': 0.2405300490987594, 'n_mlp_layers': 2, 'mlp_dim_0': 192, 'mlp_dim_1': 384, 'num_heads': 2, 'final_dropout': 0.03208832308332936, 'train_learning_rate': 0.005553696165302728, 'train_lr_reduce': 0.6}. Best is trial 1286 with value: 0.03935658559203148.
