[I 2024-12-25 12:56:46,384] Trial 98 finished with value: 0.07146254926919937 and parameters: {'L1_hidden_dim': 80, 'L1_layers_atom': 4, 'L1_layers_mol': 2, 'L1_dropout': 0.16107498674114465, 'L1_out_dim': 48, 'L2_hidden_dim': 256, 'L2_layers_atom': 2, 'L2_layers_mol': 1, 'L2_out_dim': 96, 'L2_dropout': 0.04331490383831718, 'L3_hidden_dim': 80, 'L3_layers_atom': 3, 'L3_layers_mol': 3, 'L3_out_dim': 48, 'L3_dropout': 0.06516816246515364, 'n_mlp_layers': 3, 'mlp_dim_0': 416, 'mlp_dim_1': 512, 'mlp_dim_2': 400, 'num_heads': 1, 'final_dropout': 0.23264522908393326, 'train_learning_rate': 0.00020223176261607192, 'train_lr_reduce': 0.6}. Best is trial 94 with value: 0.061345893889665604.
[I 2024-12-25 12:57:15,821] Trial 96 finished with value: 0.06798042356967926 and parameters: {'L1_hidden_dim': 80, 'L1_layers_atom': 1, 'L1_layers_mol': 3, 'L1_dropout': 0.265282453598408, 'L1_out_dim': 32, 'L2_hidden_dim': 112, 'L2_layers_atom': 1, 'L2_layers_mol': 2, 'L2_out_dim': 128, 'L2_dropout': 0.005339807534435036, 'L3_hidden_dim': 48, 'L3_layers_atom': 4, 'L3_layers_mol': 2, 'L3_out_dim': 128, 'L3_dropout': 0.27065715369601995, 'n_mlp_layers': 2, 'mlp_dim_0': 168, 'mlp_dim_1': 480, 'num_heads': 1, 'final_dropout': 0.047117331980003244, 'train_learning_rate': 0.00015492838429239858, 'train_lr_reduce': 0.6}. Best is trial 94 with value: 0.061345893889665604.
[I 2024-12-25 12:57:18,414] Trial 97 finished with value: 0.08057940751314163 and parameters: {'L1_hidden_dim': 64, 'L1_layers_atom': 1, 'L1_layers_mol': 2, 'L1_dropout': 0.18059092196462045, 'L1_out_dim': 64, 'L2_hidden_dim': 96, 'L2_layers_atom': 2, 'L2_layers_mol': 1, 'L2_out_dim': 112, 'L2_dropout': 0.007267588555961457, 'L3_hidden_dim': 64, 'L3_layers_atom': 4, 'L3_layers_mol': 1, 'L3_out_dim': 80, 'L3_dropout': 0.10978241272098474, 'n_mlp_layers': 1, 'mlp_dim_0': 448, 'num_heads': 1, 'final_dropout': 0.2713275019032179, 'train_learning_rate': 0.0001363074327066567, 'train_lr_reduce': 0.6}. Best is trial 94 with value: 0.061345893889665604.
[I 2024-12-25 12:58:49,471] Trial 99 finished with value: 0.07803347706794739 and parameters: {'L1_hidden_dim': 64, 'L1_layers_atom': 2, 'L1_layers_mol': 2, 'L1_dropout': 0.2757146543011569, 'L1_out_dim': 64, 'L2_hidden_dim': 112, 'L2_layers_atom': 2, 'L2_layers_mol': 2, 'L2_out_dim': 128, 'L2_dropout': 0.12572762298526619, 'L3_hidden_dim': 112, 'L3_layers_atom': 3, 'L3_layers_mol': 1, 'L3_out_dim': 96, 'L3_dropout': 0.26586272054301463, 'n_mlp_layers': 2, 'mlp_dim_0': 72, 'mlp_dim_1': 360, 'num_heads': 1, 'final_dropout': 0.15987049733000197, 'train_learning_rate': 0.0003385635360490383, 'train_lr_reduce': 0.6}. Best is trial 94 with value: 0.061345893889665604.
[I 2024-12-25 12:58:52,905] Trial 101 finished with value: 0.06859155744314194 and parameters: {'L1_hidden_dim': 80, 'L1_layers_atom': 2, 'L1_layers_mol': 4, 'L1_dropout': 0.2409664752927761, 'L1_out_dim': 32, 'L2_hidden_dim': 192, 'L2_layers_atom': 1, 'L2_layers_mol': 3, 'L2_out_dim': 112, 'L2_dropout': 0.014367495463726218, 'L3_hidden_dim': 48, 'L3_layers_atom': 4, 'L3_layers_mol': 2, 'L3_out_dim': 128, 'L3_dropout': 0.19755491973202435, 'n_mlp_layers': 1, 'mlp_dim_0': 200, 'num_heads': 1, 'final_dropout': 0.08021567511189198, 'train_learning_rate': 0.00024236427048494045, 'train_lr_reduce': 0.6}. Best is trial 94 with value: 0.061345893889665604.
[I 2024-12-25 12:59:42,730] Trial 100 finished with value: 0.07974014431238174 and parameters: {'L1_hidden_dim': 80, 'L1_layers_atom': 1, 'L1_layers_mol': 4, 'L1_dropout': 0.26197657750405756, 'L1_out_dim': 48, 'L2_hidden_dim': 160, 'L2_layers_atom': 2, 'L2_layers_mol': 1, 'L2_out_dim': 96, 'L2_dropout': 0.051940334256615026, 'L3_hidden_dim': 32, 'L3_layers_atom': 3, 'L3_layers_mol': 1, 'L3_out_dim': 112, 'L3_dropout': 0.27322651870602177, 'n_mlp_layers': 3, 'mlp_dim_0': 168, 'mlp_dim_1': 432, 'mlp_dim_2': 112, 'num_heads': 1, 'final_dropout': 0.08115647412608983, 'train_learning_rate': 0.00014748500185459123, 'train_lr_reduce': 0.6}. Best is trial 94 with value: 0.061345893889665604.
[I 2024-12-25 13:00:24,629] Trial 103 finished with value: 0.08703561127185822 and parameters: {'L1_hidden_dim': 80, 'L1_layers_atom': 3, 'L1_layers_mol': 4, 'L1_dropout': 0.25011281734960794, 'L1_out_dim': 64, 'L2_hidden_dim': 240, 'L2_layers_atom': 1, 'L2_layers_mol': 4, 'L2_out_dim': 112, 'L2_dropout': 0.0028018682663714534, 'L3_hidden_dim': 64, 'L3_layers_atom': 3, 'L3_layers_mol': 1, 'L3_out_dim': 112, 'L3_dropout': 0.19123623462098768, 'n_mlp_layers': 1, 'mlp_dim_0': 208, 'num_heads': 1, 'final_dropout': 0.042074262220233985, 'train_learning_rate': 0.0007622486910397374, 'train_lr_reduce': 0.6}. Best is trial 94 with value: 0.061345893889665604.
[I 2024-12-25 13:00:33,289] Trial 102 finished with value: 0.08690369874238968 and parameters: {'L1_hidden_dim': 144, 'L1_layers_atom': 2, 'L1_layers_mol': 1, 'L1_dropout': 0.13950474364043458, 'L1_out_dim': 64, 'L2_hidden_dim': 112, 'L2_layers_atom': 1, 'L2_layers_mol': 2, 'L2_out_dim': 128, 'L2_dropout': 0.041995742671278036, 'L3_hidden_dim': 64, 'L3_layers_atom': 3, 'L3_layers_mol': 2, 'L3_out_dim': 96, 'L3_dropout': 0.11674438185078215, 'n_mlp_layers': 3, 'mlp_dim_0': 376, 'mlp_dim_1': 512, 'mlp_dim_2': 136, 'num_heads': 1, 'final_dropout': 0.27547570355638124, 'train_learning_rate': 0.00026053970457297815, 'train_lr_reduce': 0.6}. Best is trial 94 with value: 0.061345893889665604.
[I 2024-12-25 13:01:21,647] Trial 104 finished with value: 0.07336527854204178 and parameters: {'L1_hidden_dim': 96, 'L1_layers_atom': 1, 'L1_layers_mol': 2, 'L1_dropout': 0.2552863737189013, 'L1_out_dim': 64, 'L2_hidden_dim': 176, 'L2_layers_atom': 1, 'L2_layers_mol': 1, 'L2_out_dim': 112, 'L2_dropout': 0.0011036541770276602, 'L3_hidden_dim': 32, 'L3_layers_atom': 4, 'L3_layers_mol': 1, 'L3_out_dim': 112, 'L3_dropout': 0.17187755494547824, 'n_mlp_layers': 1, 'mlp_dim_0': 176, 'num_heads': 1, 'final_dropout': 0.025715094510708924, 'train_learning_rate': 0.0008975087167175897, 'train_lr_reduce': 0.6}. Best is trial 94 with value: 0.061345893889665604.
[I 2024-12-25 13:01:48,469] Trial 105 finished with value: 0.06735534965991974 and parameters: {'L1_hidden_dim': 80, 'L1_layers_atom': 1, 'L1_layers_mol': 3, 'L1_dropout': 0.299335626951576, 'L1_out_dim': 48, 'L2_hidden_dim': 192, 'L2_layers_atom': 2, 'L2_layers_mol': 1, 'L2_out_dim': 112, 'L2_dropout': 0.01876886193370829, 'L3_hidden_dim': 48, 'L3_layers_atom': 4, 'L3_layers_mol': 1, 'L3_out_dim': 128, 'L3_dropout': 0.27655601761020393, 'n_mlp_layers': 2, 'mlp_dim_0': 232, 'mlp_dim_1': 464, 'num_heads': 1, 'final_dropout': 0.06318988439340363, 'train_learning_rate': 0.0004310525276840451, 'train_lr_reduce': 0.6}. Best is trial 94 with value: 0.061345893889665604.
[I 2024-12-25 13:02:30,180] Trial 106 finished with value: 0.07637540251016617 and parameters: {'L1_hidden_dim': 96, 'L1_layers_atom': 2, 'L1_layers_mol': 4, 'L1_dropout': 0.24766123685775857, 'L1_out_dim': 64, 'L2_hidden_dim': 176, 'L2_layers_atom': 1, 'L2_layers_mol': 2, 'L2_out_dim': 112, 'L2_dropout': 0.03475009090603745, 'L3_hidden_dim': 48, 'L3_layers_atom': 4, 'L3_layers_mol': 3, 'L3_out_dim': 112, 'L3_dropout': 0.11262068534178844, 'n_mlp_layers': 1, 'mlp_dim_0': 272, 'num_heads': 1, 'final_dropout': 0.10251356599199238, 'train_learning_rate': 0.0003892880635480285, 'train_lr_reduce': 0.6}. Best is trial 94 with value: 0.061345893889665604.
[I 2024-12-25 13:02:53,827] Trial 107 finished with value: 0.08438403904438019 and parameters: {'L1_hidden_dim': 64, 'L1_layers_atom': 1, 'L1_layers_mol': 3, 'L1_dropout': 0.20840858041051308, 'L1_out_dim': 48, 'L2_hidden_dim': 80, 'L2_layers_atom': 1, 'L2_layers_mol': 1, 'L2_out_dim': 128, 'L2_dropout': 0.10509468470046306, 'L3_hidden_dim': 64, 'L3_layers_atom': 3, 'L3_layers_mol': 3, 'L3_out_dim': 128, 'L3_dropout': 0.24675017796522739, 'n_mlp_layers': 2, 'mlp_dim_0': 72, 'mlp_dim_1': 432, 'num_heads': 1, 'final_dropout': 0.029708125238569316, 'train_learning_rate': 0.0002900899691542316, 'train_lr_reduce': 0.6}. Best is trial 94 with value: 0.061345893889665604.
[I 2024-12-25 13:03:20,455] Trial 108 finished with value: 0.0855497345328331 and parameters: {'L1_hidden_dim': 128, 'L1_layers_atom': 2, 'L1_layers_mol': 4, 'L1_dropout': 0.19232315166458666, 'L1_out_dim': 32, 'L2_hidden_dim': 176, 'L2_layers_atom': 1, 'L2_layers_mol': 3, 'L2_out_dim': 64, 'L2_dropout': 0.02703648875892288, 'L3_hidden_dim': 48, 'L3_layers_atom': 2, 'L3_layers_mol': 2, 'L3_out_dim': 128, 'L3_dropout': 0.2748531398418098, 'n_mlp_layers': 1, 'mlp_dim_0': 160, 'num_heads': 1, 'final_dropout': 0.057143443870095206, 'train_learning_rate': 0.0003240431963518261, 'train_lr_reduce': 0.6}. Best is trial 94 with value: 0.061345893889665604.
[I 2024-12-25 13:04:27,832] Trial 110 finished with value: 0.07016265392303467 and parameters: {'L1_hidden_dim': 96, 'L1_layers_atom': 2, 'L1_layers_mol': 2, 'L1_dropout': 0.25367283638380816, 'L1_out_dim': 64, 'L2_hidden_dim': 192, 'L2_layers_atom': 1, 'L2_layers_mol': 1, 'L2_out_dim': 128, 'L2_dropout': 0.04672473070855974, 'L3_hidden_dim': 80, 'L3_layers_atom': 4, 'L3_layers_mol': 1, 'L3_out_dim': 112, 'L3_dropout': 0.24444844269329977, 'n_mlp_layers': 3, 'mlp_dim_0': 248, 'mlp_dim_1': 480, 'mlp_dim_2': 56, 'num_heads': 1, 'final_dropout': 0.00773224695815657, 'train_learning_rate': 0.00021365544525486194, 'train_lr_reduce': 0.6}. Best is trial 94 with value: 0.061345893889665604.
[I 2024-12-25 13:05:36,368] Trial 111 finished with value: 0.0974956825375557 and parameters: {'L1_hidden_dim': 176, 'L1_layers_atom': 2, 'L1_layers_mol': 3, 'L1_dropout': 0.24939888523044937, 'L1_out_dim': 48, 'L2_hidden_dim': 80, 'L2_layers_atom': 1, 'L2_layers_mol': 1, 'L2_out_dim': 128, 'L2_dropout': 0.008423805652941827, 'L3_hidden_dim': 48, 'L3_layers_atom': 4, 'L3_layers_mol': 2, 'L3_out_dim': 128, 'L3_dropout': 0.2275261743551111, 'n_mlp_layers': 2, 'mlp_dim_0': 192, 'mlp_dim_1': 464, 'num_heads': 1, 'final_dropout': 0.10342803364768355, 'train_learning_rate': 0.00013716817849126676, 'train_lr_reduce': 0.6}. Best is trial 94 with value: 0.061345893889665604.
[I 2024-12-25 13:06:13,587] Trial 112 finished with value: 0.07283511012792587 and parameters: {'L1_hidden_dim': 128, 'L1_layers_atom': 1, 'L1_layers_mol': 3, 'L1_dropout': 0.2667584088357976, 'L1_out_dim': 64, 'L2_hidden_dim': 208, 'L2_layers_atom': 2, 'L2_layers_mol': 1, 'L2_out_dim': 112, 'L2_dropout': 0.0655073802149744, 'L3_hidden_dim': 80, 'L3_layers_atom': 3, 'L3_layers_mol': 2, 'L3_out_dim': 128, 'L3_dropout': 0.27075127320949827, 'n_mlp_layers': 1, 'mlp_dim_0': 240, 'num_heads': 1, 'final_dropout': 0.0410400748097223, 'train_learning_rate': 0.00020454109085383406, 'train_lr_reduce': 0.6}. Best is trial 94 with value: 0.061345893889665604.
[I 2024-12-25 13:06:51,092] Trial 109 finished with value: 0.12331905215978622 and parameters: {'L1_hidden_dim': 80, 'L1_layers_atom': 1, 'L1_layers_mol': 4, 'L1_dropout': 0.29766743513507893, 'L1_out_dim': 64, 'L2_hidden_dim': 112, 'L2_layers_atom': 2, 'L2_layers_mol': 1, 'L2_out_dim': 128, 'L2_dropout': 0.0495792186230758, 'L3_hidden_dim': 32, 'L3_layers_atom': 4, 'L3_layers_mol': 1, 'L3_out_dim': 112, 'L3_dropout': 0.2910992130791307, 'n_mlp_layers': 1, 'mlp_dim_0': 296, 'num_heads': 1, 'final_dropout': 0.09573275506132445, 'train_learning_rate': 0.00015559330810542408, 'train_lr_reduce': 0.6}. Best is trial 94 with value: 0.061345893889665604.
[I 2024-12-25 13:07:35,227] Trial 114 finished with value: 0.08014523983001709 and parameters: {'L1_hidden_dim': 128, 'L1_layers_atom': 2, 'L1_layers_mol': 2, 'L1_dropout': 0.26634756711737406, 'L1_out_dim': 48, 'L2_hidden_dim': 208, 'L2_layers_atom': 1, 'L2_layers_mol': 1, 'L2_out_dim': 128, 'L2_dropout': 0.0313905262635566, 'L3_hidden_dim': 96, 'L3_layers_atom': 4, 'L3_layers_mol': 1, 'L3_out_dim': 80, 'L3_dropout': 0.1601994011506715, 'n_mlp_layers': 3, 'mlp_dim_0': 264, 'mlp_dim_1': 472, 'mlp_dim_2': 56, 'num_heads': 1, 'final_dropout': 0.04485167690143414, 'train_learning_rate': 0.0002941228932705855, 'train_lr_reduce': 0.6}. Best is trial 94 with value: 0.061345893889665604.
[I 2024-12-25 13:08:13,400] Trial 115 finished with value: 0.06693226844072342 and parameters: {'L1_hidden_dim': 80, 'L1_layers_atom': 1, 'L1_layers_mol': 2, 'L1_dropout': 0.28412531085321563, 'L1_out_dim': 48, 'L2_hidden_dim': 240, 'L2_layers_atom': 3, 'L2_layers_mol': 1, 'L2_out_dim': 112, 'L2_dropout': 0.07137942257529722, 'L3_hidden_dim': 48, 'L3_layers_atom': 3, 'L3_layers_mol': 1, 'L3_out_dim': 128, 'L3_dropout': 0.2698228536399104, 'n_mlp_layers': 2, 'mlp_dim_0': 120, 'mlp_dim_1': 504, 'num_heads': 1, 'final_dropout': 0.05998509281845423, 'train_learning_rate': 0.0009150357395334875, 'train_lr_reduce': 0.6}. Best is trial 94 with value: 0.061345893889665604.
[I 2024-12-25 13:09:08,719] Trial 113 finished with value: 0.08596053719520569 and parameters: {'L1_hidden_dim': 80, 'L1_layers_atom': 1, 'L1_layers_mol': 3, 'L1_dropout': 0.2800960547878991, 'L1_out_dim': 32, 'L2_hidden_dim': 192, 'L2_layers_atom': 1, 'L2_layers_mol': 1, 'L2_out_dim': 112, 'L2_dropout': 0.006985864491409942, 'L3_hidden_dim': 48, 'L3_layers_atom': 3, 'L3_layers_mol': 1, 'L3_out_dim': 128, 'L3_dropout': 0.2966132561024245, 'n_mlp_layers': 2, 'mlp_dim_0': 200, 'mlp_dim_1': 456, 'num_heads': 1, 'final_dropout': 0.0015031585114150027, 'train_learning_rate': 0.00010488929151124742, 'train_lr_reduce': 0.6}. Best is trial 94 with value: 0.061345893889665604.
[I 2024-12-25 13:09:36,073] Trial 116 finished with value: 0.074320949614048 and parameters: {'L1_hidden_dim': 80, 'L1_layers_atom': 1, 'L1_layers_mol': 3, 'L1_dropout': 0.17953317575305142, 'L1_out_dim': 32, 'L2_hidden_dim': 224, 'L2_layers_atom': 1, 'L2_layers_mol': 2, 'L2_out_dim': 112, 'L2_dropout': 0.05573116084582248, 'L3_hidden_dim': 48, 'L3_layers_atom': 4, 'L3_layers_mol': 2, 'L3_out_dim': 128, 'L3_dropout': 0.15563378924040408, 'n_mlp_layers': 1, 'mlp_dim_0': 160, 'num_heads': 2, 'final_dropout': 0.12278223846321333, 'train_learning_rate': 0.0001333321790451437, 'train_lr_reduce': 0.6}. Best is trial 94 with value: 0.061345893889665604.
[I 2024-12-25 13:10:13,302] Trial 117 finished with value: 0.22801372408866882 and parameters: {'L1_hidden_dim': 80, 'L1_layers_atom': 1, 'L1_layers_mol': 3, 'L1_dropout': 0.21334941364107385, 'L1_out_dim': 48, 'L2_hidden_dim': 176, 'L2_layers_atom': 1, 'L2_layers_mol': 4, 'L2_out_dim': 128, 'L2_dropout': 0.13689539477808133, 'L3_hidden_dim': 64, 'L3_layers_atom': 4, 'L3_layers_mol': 3, 'L3_out_dim': 128, 'L3_dropout': 0.2713689116117377, 'n_mlp_layers': 2, 'mlp_dim_0': 296, 'mlp_dim_1': 504, 'num_heads': 1, 'final_dropout': 0.0967480513324089, 'train_learning_rate': 0.00011233833127752342, 'train_lr_reduce': 0.6}. Best is trial 94 with value: 0.061345893889665604.
[I 2024-12-25 13:10:35,877] Trial 119 finished with value: 0.10163724422454834 and parameters: {'L1_hidden_dim': 96, 'L1_layers_atom': 1, 'L1_layers_mol': 3, 'L1_dropout': 0.1986676237036929, 'L1_out_dim': 48, 'L2_hidden_dim': 256, 'L2_layers_atom': 3, 'L2_layers_mol': 1, 'L2_out_dim': 80, 'L2_dropout': 0.06421104351948233, 'L3_hidden_dim': 48, 'L3_layers_atom': 3, 'L3_layers_mol': 1, 'L3_out_dim': 128, 'L3_dropout': 0.22401803553694632, 'n_mlp_layers': 1, 'mlp_dim_0': 72, 'num_heads': 1, 'final_dropout': 0.06305008029692452, 'train_learning_rate': 0.0024777408582428457, 'train_lr_reduce': 0.6}. Best is trial 94 with value: 0.061345893889665604.
[I 2024-12-25 13:10:55,684] Trial 121 finished with value: 1.1573842763900757 and parameters: {'L1_hidden_dim': 112, 'L1_layers_atom': 4, 'L1_layers_mol': 4, 'L1_dropout': 0.29708024855333004, 'L1_out_dim': 32, 'L2_hidden_dim': 176, 'L2_layers_atom': 1, 'L2_layers_mol': 3, 'L2_out_dim': 96, 'L2_dropout': 0.006298937664609122, 'L3_hidden_dim': 32, 'L3_layers_atom': 4, 'L3_layers_mol': 1, 'L3_out_dim': 128, 'L3_dropout': 0.10671026214243247, 'n_mlp_layers': 2, 'mlp_dim_0': 312, 'mlp_dim_1': 432, 'num_heads': 1, 'final_dropout': 0.08810468168461306, 'train_learning_rate': 0.00013716097061228853, 'train_lr_reduce': 0.6}. Best is trial 94 with value: 0.061345893889665604.
[I 2024-12-25 13:11:05,116] Trial 118 finished with value: 0.0713682696223259 and parameters: {'L1_hidden_dim': 80, 'L1_layers_atom': 2, 'L1_layers_mol': 1, 'L1_dropout': 0.28241921364229833, 'L1_out_dim': 80, 'L2_hidden_dim': 256, 'L2_layers_atom': 4, 'L2_layers_mol': 1, 'L2_out_dim': 96, 'L2_dropout': 0.0779525463577162, 'L3_hidden_dim': 32, 'L3_layers_atom': 3, 'L3_layers_mol': 1, 'L3_out_dim': 128, 'L3_dropout': 0.2844273082168159, 'n_mlp_layers': 2, 'mlp_dim_0': 208, 'mlp_dim_1': 504, 'num_heads': 1, 'final_dropout': 0.060525169660197255, 'train_learning_rate': 0.0007777878223014857, 'train_lr_reduce': 0.6}. Best is trial 94 with value: 0.061345893889665604.
[I 2024-12-25 13:12:19,874] Trial 120 finished with value: 0.0940246433019638 and parameters: {'L1_hidden_dim': 96, 'L1_layers_atom': 1, 'L1_layers_mol': 2, 'L1_dropout': 0.2699086654446114, 'L1_out_dim': 32, 'L2_hidden_dim': 256, 'L2_layers_atom': 2, 'L2_layers_mol': 1, 'L2_out_dim': 128, 'L2_dropout': 0.06948796256956975, 'L3_hidden_dim': 32, 'L3_layers_atom': 4, 'L3_layers_mol': 2, 'L3_out_dim': 128, 'L3_dropout': 0.28185031509191394, 'n_mlp_layers': 2, 'mlp_dim_0': 280, 'mlp_dim_1': 512, 'num_heads': 1, 'final_dropout': 0.0410377188045362, 'train_learning_rate': 0.0020637329553026217, 'train_lr_reduce': 0.6}. Best is trial 94 with value: 0.061345893889665604.
[I 2024-12-25 13:12:32,609] Trial 122 finished with value: 0.07473230361938477 and parameters: {'L1_hidden_dim': 80, 'L1_layers_atom': 1, 'L1_layers_mol': 1, 'L1_dropout': 0.17892964197042333, 'L1_out_dim': 32, 'L2_hidden_dim': 224, 'L2_layers_atom': 1, 'L2_layers_mol': 2, 'L2_out_dim': 80, 'L2_dropout': 0.013360083971591247, 'L3_hidden_dim': 32, 'L3_layers_atom': 4, 'L3_layers_mol': 3, 'L3_out_dim': 32, 'L3_dropout': 0.03215978349147616, 'n_mlp_layers': 3, 'mlp_dim_0': 352, 'mlp_dim_1': 448, 'mlp_dim_2': 448, 'num_heads': 1, 'final_dropout': 0.1706558500042814, 'train_learning_rate': 0.0002822384585112941, 'train_lr_reduce': 0.6}. Best is trial 94 with value: 0.061345893889665604.
[I 2024-12-25 13:12:41,054] Trial 123 finished with value: 0.07747332006692886 and parameters: {'L1_hidden_dim': 64, 'L1_layers_atom': 2, 'L1_layers_mol': 1, 'L1_dropout': 0.17260571731094743, 'L1_out_dim': 48, 'L2_hidden_dim': 160, 'L2_layers_atom': 1, 'L2_layers_mol': 2, 'L2_out_dim': 112, 'L2_dropout': 0.021827371401197997, 'L3_hidden_dim': 80, 'L3_layers_atom': 4, 'L3_layers_mol': 3, 'L3_out_dim': 80, 'L3_dropout': 0.12847934899492686, 'n_mlp_layers': 2, 'mlp_dim_0': 512, 'mlp_dim_1': 504, 'num_heads': 1, 'final_dropout': 0.21629112540504045, 'train_learning_rate': 0.000766295854151649, 'train_lr_reduce': 0.6}. Best is trial 94 with value: 0.061345893889665604.
[I 2024-12-25 13:13:51,287] Trial 124 finished with value: 0.11520353704690933 and parameters: {'L1_hidden_dim': 80, 'L1_layers_atom': 1, 'L1_layers_mol': 3, 'L1_dropout': 0.2988168358968853, 'L1_out_dim': 32, 'L2_hidden_dim': 144, 'L2_layers_atom': 1, 'L2_layers_mol': 4, 'L2_out_dim': 128, 'L2_dropout': 0.06417466146207361, 'L3_hidden_dim': 64, 'L3_layers_atom': 4, 'L3_layers_mol': 1, 'L3_out_dim': 112, 'L3_dropout': 0.27057728174490486, 'n_mlp_layers': 2, 'mlp_dim_0': 48, 'mlp_dim_1': 464, 'num_heads': 1, 'final_dropout': 0.026132358892619133, 'train_learning_rate': 0.00014276239591169842, 'train_lr_reduce': 0.6}. Best is trial 94 with value: 0.061345893889665604.
[I 2024-12-25 13:13:53,248] Trial 126 finished with value: 0.09951748698949814 and parameters: {'L1_hidden_dim': 112, 'L1_layers_atom': 1, 'L1_layers_mol': 1, 'L1_dropout': 0.023749521391114026, 'L1_out_dim': 32, 'L2_hidden_dim': 240, 'L2_layers_atom': 1, 'L2_layers_mol': 2, 'L2_out_dim': 96, 'L2_dropout': 0.12795922894513184, 'L3_hidden_dim': 64, 'L3_layers_atom': 4, 'L3_layers_mol': 2, 'L3_out_dim': 48, 'L3_dropout': 0.08900218364262312, 'n_mlp_layers': 3, 'mlp_dim_0': 408, 'mlp_dim_1': 104, 'mlp_dim_2': 96, 'num_heads': 1, 'final_dropout': 0.20971388469934316, 'train_learning_rate': 0.00047326295143664487, 'train_lr_reduce': 0.6}. Best is trial 94 with value: 0.061345893889665604.
[I 2024-12-25 13:14:09,186] Trial 125 finished with value: 0.07385829836130142 and parameters: {'L1_hidden_dim': 96, 'L1_layers_atom': 3, 'L1_layers_mol': 2, 'L1_dropout': 0.25859383740449077, 'L1_out_dim': 112, 'L2_hidden_dim': 224, 'L2_layers_atom': 1, 'L2_layers_mol': 1, 'L2_out_dim': 128, 'L2_dropout': 0.003802553530589829, 'L3_hidden_dim': 96, 'L3_layers_atom': 4, 'L3_layers_mol': 1, 'L3_out_dim': 128, 'L3_dropout': 0.1922417435263034, 'n_mlp_layers': 3, 'mlp_dim_0': 224, 'mlp_dim_1': 448, 'mlp_dim_2': 32, 'num_heads': 2, 'final_dropout': 0.018710737001291684, 'train_learning_rate': 0.0004180347886206033, 'train_lr_reduce': 0.6}. Best is trial 94 with value: 0.061345893889665604.
[I 2024-12-25 13:15:28,902] Trial 127 finished with value: 0.09161833673715591 and parameters: {'L1_hidden_dim': 96, 'L1_layers_atom': 2, 'L1_layers_mol': 2, 'L1_dropout': 0.03433766899919502, 'L1_out_dim': 64, 'L2_hidden_dim': 128, 'L2_layers_atom': 1, 'L2_layers_mol': 1, 'L2_out_dim': 128, 'L2_dropout': 0.014625441106913176, 'L3_hidden_dim': 96, 'L3_layers_atom': 4, 'L3_layers_mol': 1, 'L3_out_dim': 80, 'L3_dropout': 0.28741316972291625, 'n_mlp_layers': 3, 'mlp_dim_0': 344, 'mlp_dim_1': 512, 'mlp_dim_2': 32, 'num_heads': 1, 'final_dropout': 0.1497280215025869, 'train_learning_rate': 0.0009025096663554062, 'train_lr_reduce': 0.6}. Best is trial 94 with value: 0.061345893889665604.
