[I 2024-12-20 01:33:32,278] Trial 2155 finished with value: 1.5836772918701172 and parameters: {'mlp_n_layers': 4, 'mlp_dim_00': 435, 'mlp_dim_01': 371, 'mlp_dim_02': 479, 'mlp_dim_03': 125, 'node_hidden_dim': 117, 'edge_hidden_dim': 63, 'depth': 1, 'rep_dropout': 0.008253162775495943, 'train_learning_rate': 0.0002719756262928878, 'train_lr_reduce': 0.6}. Best is trial 558 with value: 0.30280801653862.
[I 2024-12-20 01:33:35,296] Trial 2156 finished with value: 1.5573586225509644 and parameters: {'mlp_n_layers': 4, 'mlp_dim_00': 199, 'mlp_dim_01': 78, 'mlp_dim_02': 421, 'mlp_dim_03': 389, 'node_hidden_dim': 99, 'edge_hidden_dim': 32, 'depth': 1, 'rep_dropout': 0.022026600891391118, 'train_learning_rate': 0.0007217666817943869, 'train_lr_reduce': 0.6}. Best is trial 558 with value: 0.30280801653862.
[I 2024-12-20 01:33:36,467] Trial 2157 finished with value: 1.5682357549667358 and parameters: {'mlp_n_layers': 3, 'mlp_dim_00': 172, 'mlp_dim_01': 337, 'mlp_dim_02': 378, 'node_hidden_dim': 90, 'edge_hidden_dim': 45, 'depth': 1, 'rep_dropout': 0.002170815127288197, 'train_learning_rate': 0.0009979106183642958, 'train_lr_reduce': 0.6}. Best is trial 558 with value: 0.30280801653862.
[I 2024-12-20 01:33:39,363] Trial 2158 finished with value: 1.400884747505188 and parameters: {'mlp_n_layers': 3, 'mlp_dim_00': 73, 'mlp_dim_01': 293, 'mlp_dim_02': 455, 'node_hidden_dim': 98, 'edge_hidden_dim': 37, 'depth': 2, 'rep_dropout': 0.045497707561429984, 'train_learning_rate': 0.0024014448629093433, 'train_lr_reduce': 0.6}. Best is trial 558 with value: 0.30280801653862.
[I 2024-12-20 01:33:43,118] Trial 2154 finished with value: 0.3519747257232666 and parameters: {'mlp_n_layers': 4, 'mlp_dim_00': 84, 'mlp_dim_01': 341, 'mlp_dim_02': 386, 'mlp_dim_03': 91, 'node_hidden_dim': 110, 'edge_hidden_dim': 34, 'depth': 1, 'rep_dropout': 0.026404484096530588, 'train_learning_rate': 0.0009782576956629866, 'train_lr_reduce': 0.6}. Best is trial 558 with value: 0.30280801653862.
[I 2024-12-20 01:33:43,266] Trial 2160 finished with value: 1.520390510559082 and parameters: {'mlp_n_layers': 4, 'mlp_dim_00': 142, 'mlp_dim_01': 330, 'mlp_dim_02': 364, 'mlp_dim_03': 67, 'node_hidden_dim': 100, 'edge_hidden_dim': 35, 'depth': 1, 'rep_dropout': 0.016330332269927784, 'train_learning_rate': 0.0012581635930891412, 'train_lr_reduce': 0.6}. Best is trial 558 with value: 0.30280801653862.
[I 2024-12-20 01:33:46,867] Trial 2161 finished with value: 1.5102691650390625 and parameters: {'mlp_n_layers': 3, 'mlp_dim_00': 146, 'mlp_dim_01': 381, 'mlp_dim_02': 452, 'node_hidden_dim': 105, 'edge_hidden_dim': 32, 'depth': 1, 'rep_dropout': 0.02896605119799509, 'train_learning_rate': 0.0010641026349761003, 'train_lr_reduce': 0.6}. Best is trial 558 with value: 0.30280801653862.
[I 2024-12-20 01:34:00,685] Trial 2159 finished with value: 0.32449039816856384 and parameters: {'mlp_n_layers': 4, 'mlp_dim_00': 105, 'mlp_dim_01': 405, 'mlp_dim_02': 412, 'mlp_dim_03': 100, 'node_hidden_dim': 122, 'edge_hidden_dim': 33, 'depth': 1, 'rep_dropout': 0.012609465883354917, 'train_learning_rate': 0.0009656661345294878, 'train_lr_reduce': 0.6}. Best is trial 558 with value: 0.30280801653862.
[I 2024-12-20 01:34:05,403] Trial 2164 finished with value: 1.5586477518081665 and parameters: {'mlp_n_layers': 4, 'mlp_dim_00': 185, 'mlp_dim_01': 352, 'mlp_dim_02': 464, 'mlp_dim_03': 380, 'node_hidden_dim': 107, 'edge_hidden_dim': 32, 'depth': 1, 'rep_dropout': 0.03461023345652631, 'train_learning_rate': 0.0008529754411363215, 'train_lr_reduce': 0.6}. Best is trial 558 with value: 0.30280801653862.
[I 2024-12-20 01:34:06,964] Trial 2162 finished with value: 0.42012032866477966 and parameters: {'mlp_n_layers': 4, 'mlp_dim_00': 403, 'mlp_dim_01': 136, 'mlp_dim_02': 409, 'mlp_dim_03': 511, 'node_hidden_dim': 127, 'edge_hidden_dim': 47, 'depth': 1, 'rep_dropout': 0.006484239100487201, 'train_learning_rate': 0.00297950869710708, 'train_lr_reduce': 0.6}. Best is trial 558 with value: 0.30280801653862.
[I 2024-12-20 01:34:09,085] Trial 2165 finished with value: 1.4647407531738281 and parameters: {'mlp_n_layers': 4, 'mlp_dim_00': 136, 'mlp_dim_01': 324, 'mlp_dim_02': 419, 'mlp_dim_03': 391, 'node_hidden_dim': 90, 'edge_hidden_dim': 49, 'depth': 1, 'rep_dropout': 0.03801381158948097, 'train_learning_rate': 0.0020850922789480376, 'train_lr_reduce': 0.6}. Best is trial 558 with value: 0.30280801653862.
[I 2024-12-20 01:34:10,979] Trial 2163 finished with value: 0.3318668007850647 and parameters: {'mlp_n_layers': 4, 'mlp_dim_00': 430, 'mlp_dim_01': 301, 'mlp_dim_02': 365, 'mlp_dim_03': 176, 'node_hidden_dim': 103, 'edge_hidden_dim': 61, 'depth': 1, 'rep_dropout': 0.028948933132874034, 'train_learning_rate': 0.0017464807855187164, 'train_lr_reduce': 0.6}. Best is trial 558 with value: 0.30280801653862.
[I 2024-12-20 01:34:15,389] Trial 2168 finished with value: 1.3788400888442993 and parameters: {'mlp_n_layers': 3, 'mlp_dim_00': 369, 'mlp_dim_01': 411, 'mlp_dim_02': 354, 'node_hidden_dim': 36, 'edge_hidden_dim': 71, 'depth': 1, 'rep_dropout': 0.13100503757098989, 'train_learning_rate': 0.004777649258083278, 'train_lr_reduce': 0.6}. Best is trial 558 with value: 0.30280801653862.
[I 2024-12-20 01:34:20,384] Trial 2169 finished with value: 1.5738749504089355 and parameters: {'mlp_n_layers': 1, 'mlp_dim_00': 297, 'node_hidden_dim': 53, 'edge_hidden_dim': 110, 'depth': 4, 'rep_dropout': 0.07169892038714983, 'train_learning_rate': 0.0001108584379601, 'train_lr_reduce': 0.6}. Best is trial 558 with value: 0.30280801653862.
[I 2024-12-20 01:34:22,746] Trial 2166 finished with value: 0.3631298840045929 and parameters: {'mlp_n_layers': 4, 'mlp_dim_00': 376, 'mlp_dim_01': 377, 'mlp_dim_02': 381, 'mlp_dim_03': 134, 'node_hidden_dim': 85, 'edge_hidden_dim': 51, 'depth': 1, 'rep_dropout': 0.006675910197712975, 'train_learning_rate': 0.0038133828869328073, 'train_lr_reduce': 0.6}. Best is trial 558 with value: 0.30280801653862.
[I 2024-12-20 01:34:24,276] Trial 2170 finished with value: 1.5185441970825195 and parameters: {'mlp_n_layers': 4, 'mlp_dim_00': 75, 'mlp_dim_01': 340, 'mlp_dim_02': 422, 'mlp_dim_03': 421, 'node_hidden_dim': 114, 'edge_hidden_dim': 53, 'depth': 1, 'rep_dropout': 0.013194441503726086, 'train_learning_rate': 0.0010351594320848429, 'train_lr_reduce': 0.6}. Best is trial 558 with value: 0.30280801653862.
[I 2024-12-20 01:34:26,553] Trial 2167 finished with value: 0.32818809151649475 and parameters: {'mlp_n_layers': 4, 'mlp_dim_00': 421, 'mlp_dim_01': 293, 'mlp_dim_02': 473, 'mlp_dim_03': 367, 'node_hidden_dim': 104, 'edge_hidden_dim': 40, 'depth': 1, 'rep_dropout': 0.007112683959299442, 'train_learning_rate': 0.0013522047001523537, 'train_lr_reduce': 0.6}. Best is trial 558 with value: 0.30280801653862.
[I 2024-12-20 01:34:28,452] Trial 2172 finished with value: 1.4811543226242065 and parameters: {'mlp_n_layers': 4, 'mlp_dim_00': 456, 'mlp_dim_01': 299, 'mlp_dim_02': 438, 'mlp_dim_03': 402, 'node_hidden_dim': 112, 'edge_hidden_dim': 34, 'depth': 1, 'rep_dropout': 0.00489755799607076, 'train_learning_rate': 0.0015339161044542289, 'train_lr_reduce': 0.6}. Best is trial 558 with value: 0.30280801653862.
[I 2024-12-20 01:34:31,220] Trial 2173 finished with value: 1.544857382774353 and parameters: {'mlp_n_layers': 3, 'mlp_dim_00': 170, 'mlp_dim_01': 329, 'mlp_dim_02': 361, 'node_hidden_dim': 112, 'edge_hidden_dim': 33, 'depth': 2, 'rep_dropout': 0.033903514344472245, 'train_learning_rate': 0.0010663138537931119, 'train_lr_reduce': 0.6}. Best is trial 558 with value: 0.30280801653862.
[I 2024-12-20 01:34:32,879] Trial 2174 finished with value: 1.5594455003738403 and parameters: {'mlp_n_layers': 4, 'mlp_dim_00': 362, 'mlp_dim_01': 406, 'mlp_dim_02': 483, 'mlp_dim_03': 361, 'node_hidden_dim': 93, 'edge_hidden_dim': 38, 'depth': 2, 'rep_dropout': 0.004159358874013001, 'train_learning_rate': 0.0010091282433377286, 'train_lr_reduce': 0.6}. Best is trial 558 with value: 0.30280801653862.
[I 2024-12-20 01:34:34,952] Trial 2175 finished with value: 1.4661394357681274 and parameters: {'mlp_n_layers': 4, 'mlp_dim_00': 89, 'mlp_dim_01': 363, 'mlp_dim_02': 405, 'mlp_dim_03': 181, 'node_hidden_dim': 90, 'edge_hidden_dim': 41, 'depth': 1, 'rep_dropout': 0.09786944423663362, 'train_learning_rate': 0.0024605193896831243, 'train_lr_reduce': 0.6}. Best is trial 558 with value: 0.30280801653862.
[I 2024-12-20 01:34:35,074] Trial 2171 finished with value: 0.4812626242637634 and parameters: {'mlp_n_layers': 4, 'mlp_dim_00': 95, 'mlp_dim_01': 363, 'mlp_dim_02': 389, 'mlp_dim_03': 111, 'node_hidden_dim': 108, 'edge_hidden_dim': 33, 'depth': 1, 'rep_dropout': 0.006163389930105949, 'train_learning_rate': 0.0014814713014130775, 'train_lr_reduce': 0.6}. Best is trial 558 with value: 0.30280801653862.
[I 2024-12-20 01:34:39,277] Trial 2178 finished with value: 1.4746204614639282 and parameters: {'mlp_n_layers': 3, 'mlp_dim_00': 167, 'mlp_dim_01': 327, 'mlp_dim_02': 367, 'node_hidden_dim': 34, 'edge_hidden_dim': 106, 'depth': 1, 'rep_dropout': 0.00791635442856678, 'train_learning_rate': 0.0011889395582381642, 'train_lr_reduce': 0.6}. Best is trial 558 with value: 0.30280801653862.
[I 2024-12-20 01:34:43,505] Trial 2176 finished with value: 0.4306046664714813 and parameters: {'mlp_n_layers': 4, 'mlp_dim_00': 197, 'mlp_dim_01': 290, 'mlp_dim_02': 511, 'mlp_dim_03': 96, 'node_hidden_dim': 102, 'edge_hidden_dim': 53, 'depth': 1, 'rep_dropout': 0.03278749991608365, 'train_learning_rate': 0.0017408812372768912, 'train_lr_reduce': 0.6}. Best is trial 558 with value: 0.30280801653862.
[I 2024-12-20 01:34:53,570] Trial 2177 finished with value: 0.3823988437652588 and parameters: {'mlp_n_layers': 4, 'mlp_dim_00': 129, 'mlp_dim_01': 143, 'mlp_dim_02': 449, 'mlp_dim_03': 404, 'node_hidden_dim': 101, 'edge_hidden_dim': 34, 'depth': 1, 'rep_dropout': 0.004442668069288955, 'train_learning_rate': 0.001860983071679293, 'train_lr_reduce': 0.6}. Best is trial 558 with value: 0.30280801653862.
[I 2024-12-20 01:34:57,691] Trial 2181 finished with value: 1.4495881795883179 and parameters: {'mlp_n_layers': 4, 'mlp_dim_00': 493, 'mlp_dim_01': 360, 'mlp_dim_02': 450, 'mlp_dim_03': 64, 'node_hidden_dim': 99, 'edge_hidden_dim': 34, 'depth': 2, 'rep_dropout': 0.007816034876369093, 'train_learning_rate': 0.0029874803058286582, 'train_lr_reduce': 0.6}. Best is trial 558 with value: 0.30280801653862.
[I 2024-12-20 01:34:58,982] Trial 2179 finished with value: 0.3820382356643677 and parameters: {'mlp_n_layers': 3, 'mlp_dim_00': 88, 'mlp_dim_01': 381, 'mlp_dim_02': 406, 'node_hidden_dim': 104, 'edge_hidden_dim': 63, 'depth': 1, 'rep_dropout': 0.005585908530465044, 'train_learning_rate': 0.0006963742884789734, 'train_lr_reduce': 0.6}. Best is trial 558 with value: 0.30280801653862.
[I 2024-12-20 01:35:01,790] Trial 2180 finished with value: 0.33491402864456177 and parameters: {'mlp_n_layers': 3, 'mlp_dim_00': 444, 'mlp_dim_01': 333, 'mlp_dim_02': 347, 'node_hidden_dim': 93, 'edge_hidden_dim': 56, 'depth': 1, 'rep_dropout': 0.02045481923756774, 'train_learning_rate': 0.001203898113986479, 'train_lr_reduce': 0.6}. Best is trial 558 with value: 0.30280801653862.
[I 2024-12-20 01:35:05,445] Trial 2183 finished with value: 0.9300941824913025 and parameters: {'mlp_n_layers': 3, 'mlp_dim_00': 82, 'mlp_dim_01': 406, 'mlp_dim_02': 437, 'node_hidden_dim': 102, 'edge_hidden_dim': 63, 'depth': 1, 'rep_dropout': 0.056432893578280977, 'train_learning_rate': 0.006525984570659662, 'train_lr_reduce': 0.6}. Best is trial 558 with value: 0.30280801653862.
[I 2024-12-20 01:35:06,643] Trial 2184 finished with value: 1.4009734392166138 and parameters: {'mlp_n_layers': 4, 'mlp_dim_00': 499, 'mlp_dim_01': 338, 'mlp_dim_02': 512, 'mlp_dim_03': 357, 'node_hidden_dim': 101, 'edge_hidden_dim': 32, 'depth': 1, 'rep_dropout': 0.00987511265978817, 'train_learning_rate': 0.003559983735789632, 'train_lr_reduce': 0.6}. Best is trial 558 with value: 0.30280801653862.
[I 2024-12-20 01:35:11,642] Trial 2185 finished with value: 1.569717526435852 and parameters: {'mlp_n_layers': 3, 'mlp_dim_00': 400, 'mlp_dim_01': 373, 'mlp_dim_02': 347, 'node_hidden_dim': 75, 'edge_hidden_dim': 61, 'depth': 2, 'rep_dropout': 0.12952197742915064, 'train_learning_rate': 0.00043443104385393073, 'train_lr_reduce': 0.6}. Best is trial 558 with value: 0.30280801653862.
[I 2024-12-20 01:35:12,673] Trial 2182 finished with value: 0.4564472436904907 and parameters: {'mlp_n_layers': 4, 'mlp_dim_00': 108, 'mlp_dim_01': 302, 'mlp_dim_02': 394, 'mlp_dim_03': 138, 'node_hidden_dim': 96, 'edge_hidden_dim': 32, 'depth': 1, 'rep_dropout': 0.04137043176630551, 'train_learning_rate': 0.006356600277452274, 'train_lr_reduce': 0.6}. Best is trial 558 with value: 0.30280801653862.
[I 2024-12-20 01:35:22,679] Trial 2186 finished with value: 0.3773626387119293 and parameters: {'mlp_n_layers': 4, 'mlp_dim_00': 146, 'mlp_dim_01': 289, 'mlp_dim_02': 391, 'mlp_dim_03': 511, 'node_hidden_dim': 78, 'edge_hidden_dim': 44, 'depth': 1, 'rep_dropout': 0.06558696971572688, 'train_learning_rate': 0.0018902934275029822, 'train_lr_reduce': 0.6}. Best is trial 558 with value: 0.30280801653862.
[I 2024-12-20 01:35:26,530] Trial 2189 finished with value: 1.5519659519195557 and parameters: {'mlp_n_layers': 4, 'mlp_dim_00': 398, 'mlp_dim_01': 410, 'mlp_dim_02': 358, 'mlp_dim_03': 424, 'node_hidden_dim': 124, 'edge_hidden_dim': 54, 'depth': 1, 'rep_dropout': 0.0031465930921507857, 'train_learning_rate': 0.0006213246714659068, 'train_lr_reduce': 0.6}. Best is trial 558 with value: 0.30280801653862.
[I 2024-12-20 01:35:26,814] Trial 2187 finished with value: 0.364014595746994 and parameters: {'mlp_n_layers': 4, 'mlp_dim_00': 158, 'mlp_dim_01': 335, 'mlp_dim_02': 425, 'mlp_dim_03': 360, 'node_hidden_dim': 108, 'edge_hidden_dim': 45, 'depth': 1, 'rep_dropout': 0.04477004043388337, 'train_learning_rate': 0.00218310894858542, 'train_lr_reduce': 0.6}. Best is trial 558 with value: 0.30280801653862.
[I 2024-12-20 01:35:29,011] Trial 2188 finished with value: 0.37503811717033386 and parameters: {'mlp_n_layers': 3, 'mlp_dim_00': 170, 'mlp_dim_01': 373, 'mlp_dim_02': 457, 'node_hidden_dim': 101, 'edge_hidden_dim': 51, 'depth': 1, 'rep_dropout': 0.025999902814691903, 'train_learning_rate': 0.001578110768984396, 'train_lr_reduce': 0.6}. Best is trial 558 with value: 0.30280801653862.
[I 2024-12-20 01:35:31,377] Trial 2191 finished with value: 1.5611965656280518 and parameters: {'mlp_n_layers': 4, 'mlp_dim_00': 472, 'mlp_dim_01': 153, 'mlp_dim_02': 466, 'mlp_dim_03': 194, 'node_hidden_dim': 60, 'edge_hidden_dim': 49, 'depth': 4, 'rep_dropout': 0.037089384925902726, 'train_learning_rate': 0.00010328445943840618, 'train_lr_reduce': 0.6}. Best is trial 558 with value: 0.30280801653862.
[I 2024-12-20 01:35:33,458] Trial 2192 finished with value: 1.3428198099136353 and parameters: {'mlp_n_layers': 3, 'mlp_dim_00': 201, 'mlp_dim_01': 335, 'mlp_dim_02': 344, 'node_hidden_dim': 59, 'edge_hidden_dim': 105, 'depth': 1, 'rep_dropout': 0.10642266584974847, 'train_learning_rate': 0.004736038447790165, 'train_lr_reduce': 0.6}. Best is trial 558 with value: 0.30280801653862.
[I 2024-12-20 01:35:35,769] Trial 2193 finished with value: 1.566709280014038 and parameters: {'mlp_n_layers': 4, 'mlp_dim_00': 192, 'mlp_dim_01': 374, 'mlp_dim_02': 388, 'mlp_dim_03': 411, 'node_hidden_dim': 103, 'edge_hidden_dim': 44, 'depth': 2, 'rep_dropout': 0.05419555833189081, 'train_learning_rate': 0.0002309245403092046, 'train_lr_reduce': 0.6}. Best is trial 558 with value: 0.30280801653862.
[I 2024-12-20 01:35:37,337] Trial 2194 finished with value: 1.4690488576889038 and parameters: {'mlp_n_layers': 4, 'mlp_dim_00': 417, 'mlp_dim_01': 290, 'mlp_dim_02': 428, 'mlp_dim_03': 355, 'node_hidden_dim': 124, 'edge_hidden_dim': 32, 'depth': 1, 'rep_dropout': 0.00592265896605396, 'train_learning_rate': 0.004554877393099713, 'train_lr_reduce': 0.6}. Best is trial 558 with value: 0.30280801653862.
[I 2024-12-20 01:35:39,727] Trial 2195 finished with value: 1.352857232093811 and parameters: {'mlp_n_layers': 4, 'mlp_dim_00': 431, 'mlp_dim_01': 330, 'mlp_dim_02': 482, 'mlp_dim_03': 470, 'node_hidden_dim': 97, 'edge_hidden_dim': 32, 'depth': 1, 'rep_dropout': 0.0024418219674278573, 'train_learning_rate': 0.003669056597204835, 'train_lr_reduce': 0.6}. Best is trial 558 with value: 0.30280801653862.
[I 2024-12-20 01:35:41,696] Trial 2196 finished with value: 1.5332105159759521 and parameters: {'mlp_n_layers': 3, 'mlp_dim_00': 252, 'mlp_dim_01': 412, 'mlp_dim_02': 383, 'node_hidden_dim': 37, 'edge_hidden_dim': 124, 'depth': 3, 'rep_dropout': 0.12113759654268202, 'train_learning_rate': 0.0010682272449236481, 'train_lr_reduce': 0.6}. Best is trial 558 with value: 0.30280801653862.
[I 2024-12-20 01:35:45,787] Trial 2198 finished with value: 1.4973894357681274 and parameters: {'mlp_n_layers': 4, 'mlp_dim_00': 509, 'mlp_dim_01': 289, 'mlp_dim_02': 431, 'mlp_dim_03': 383, 'node_hidden_dim': 105, 'edge_hidden_dim': 59, 'depth': 2, 'rep_dropout': 0.0581288740871122, 'train_learning_rate': 0.0013441778545216357, 'train_lr_reduce': 0.6}. Best is trial 558 with value: 0.30280801653862.
[I 2024-12-20 01:35:45,789] Trial 2197 finished with value: 1.2575392723083496 and parameters: {'mlp_n_layers': 4, 'mlp_dim_00': 374, 'mlp_dim_01': 356, 'mlp_dim_02': 341, 'mlp_dim_03': 105, 'node_hidden_dim': 123, 'edge_hidden_dim': 33, 'depth': 1, 'rep_dropout': 0.025638632931934878, 'train_learning_rate': 0.0024056749270525927, 'train_lr_reduce': 0.6}. Best is trial 558 with value: 0.30280801653862.
[I 2024-12-20 01:36:00,602] Trial 2190 finished with value: 0.36745500564575195 and parameters: {'mlp_n_layers': 4, 'mlp_dim_00': 366, 'mlp_dim_01': 298, 'mlp_dim_02': 405, 'mlp_dim_03': 143, 'node_hidden_dim': 105, 'edge_hidden_dim': 46, 'depth': 1, 'rep_dropout': 0.024952253458388148, 'train_learning_rate': 0.001242589824164912, 'train_lr_reduce': 0.6}. Best is trial 558 with value: 0.30280801653862.
[I 2024-12-20 01:36:05,011] Trial 2201 finished with value: 1.292737364768982 and parameters: {'mlp_n_layers': 3, 'mlp_dim_00': 410, 'mlp_dim_01': 373, 'mlp_dim_02': 480, 'node_hidden_dim': 100, 'edge_hidden_dim': 44, 'depth': 1, 'rep_dropout': 0.04434620682914268, 'train_learning_rate': 0.005210351617266815, 'train_lr_reduce': 0.6}. Best is trial 558 with value: 0.30280801653862.
[I 2024-12-20 01:36:07,483] Trial 2199 finished with value: 0.35873904824256897 and parameters: {'mlp_n_layers': 4, 'mlp_dim_00': 162, 'mlp_dim_01': 101, 'mlp_dim_02': 390, 'mlp_dim_03': 67, 'node_hidden_dim': 127, 'edge_hidden_dim': 32, 'depth': 1, 'rep_dropout': 0.03447375728479869, 'train_learning_rate': 0.0016625824539614929, 'train_lr_reduce': 0.6}. Best is trial 558 with value: 0.30280801653862.
[I 2024-12-20 01:36:09,943] Trial 2202 finished with value: 1.536950707435608 and parameters: {'mlp_n_layers': 3, 'mlp_dim_00': 85, 'mlp_dim_01': 327, 'mlp_dim_02': 435, 'node_hidden_dim': 95, 'edge_hidden_dim': 32, 'depth': 1, 'rep_dropout': 0.014657546927375021, 'train_learning_rate': 0.0008438179916718855, 'train_lr_reduce': 0.6}. Best is trial 558 with value: 0.30280801653862.
[I 2024-12-20 01:36:11,811] Trial 2203 finished with value: 1.5482147932052612 and parameters: {'mlp_n_layers': 1, 'mlp_dim_00': 500, 'node_hidden_dim': 84, 'edge_hidden_dim': 53, 'depth': 4, 'rep_dropout': 0.049771765189280684, 'train_learning_rate': 0.00013301463489188335, 'train_lr_reduce': 0.6}. Best is trial 558 with value: 0.30280801653862.
[I 2024-12-20 01:36:22,111] Trial 2200 finished with value: 0.40713784098625183 and parameters: {'mlp_n_layers': 4, 'mlp_dim_00': 145, 'mlp_dim_01': 326, 'mlp_dim_02': 390, 'mlp_dim_03': 440, 'node_hidden_dim': 121, 'edge_hidden_dim': 50, 'depth': 1, 'rep_dropout': 0.07517604490267474, 'train_learning_rate': 0.0018889207305008468, 'train_lr_reduce': 0.6}. Best is trial 558 with value: 0.30280801653862.
[I 2024-12-20 01:36:33,641] Trial 2204 finished with value: 0.34037795662879944 and parameters: {'mlp_n_layers': 4, 'mlp_dim_00': 417, 'mlp_dim_01': 412, 'mlp_dim_02': 338, 'mlp_dim_03': 340, 'node_hidden_dim': 98, 'edge_hidden_dim': 41, 'depth': 1, 'rep_dropout': 0.036039595475105046, 'train_learning_rate': 0.001540189571847827, 'train_lr_reduce': 0.6}. Best is trial 558 with value: 0.30280801653862.
[I 2024-12-20 01:36:38,332] Trial 2207 finished with value: 1.5715690851211548 and parameters: {'mlp_n_layers': 4, 'mlp_dim_00': 106, 'mlp_dim_01': 362, 'mlp_dim_02': 471, 'mlp_dim_03': 461, 'node_hidden_dim': 89, 'edge_hidden_dim': 66, 'depth': 3, 'rep_dropout': 0.14708404073888381, 'train_learning_rate': 0.00031947309629296787, 'train_lr_reduce': 0.6}. Best is trial 558 with value: 0.30280801653862.
[I 2024-12-20 01:36:42,742] Trial 2206 finished with value: 0.34466537833213806 and parameters: {'mlp_n_layers': 4, 'mlp_dim_00': 146, 'mlp_dim_01': 354, 'mlp_dim_02': 369, 'mlp_dim_03': 64, 'node_hidden_dim': 113, 'edge_hidden_dim': 52, 'depth': 1, 'rep_dropout': 0.02341844058092498, 'train_learning_rate': 0.0015421487168461622, 'train_lr_reduce': 0.6}. Best is trial 558 with value: 0.30280801653862.
[I 2024-12-20 01:36:45,412] Trial 2205 finished with value: 0.4178701937198639 and parameters: {'mlp_n_layers': 4, 'mlp_dim_00': 92, 'mlp_dim_01': 285, 'mlp_dim_02': 421, 'mlp_dim_03': 408, 'node_hidden_dim': 110, 'edge_hidden_dim': 33, 'depth': 1, 'rep_dropout': 0.02680942338588952, 'train_learning_rate': 0.003724700641329313, 'train_lr_reduce': 0.6}. Best is trial 558 with value: 0.30280801653862.
[I 2024-12-20 01:36:46,898] Trial 2209 finished with value: 1.4324783086776733 and parameters: {'mlp_n_layers': 4, 'mlp_dim_00': 145, 'mlp_dim_01': 396, 'mlp_dim_02': 416, 'mlp_dim_03': 360, 'node_hidden_dim': 92, 'edge_hidden_dim': 46, 'depth': 2, 'rep_dropout': 0.02777659366874716, 'train_learning_rate': 0.0032090866957593433, 'train_lr_reduce': 0.6}. Best is trial 558 with value: 0.30280801653862.
