[I 2024-12-25 18:20:22,579] Trial 639 finished with value: 0.06502715498209 and parameters: {'L1_hidden_dim': 96, 'L1_layers_atom': 3, 'L1_layers_mol': 1, 'L1_dropout': 0.15503116254206153, 'L1_out_dim': 32, 'L2_hidden_dim': 128, 'L2_layers_atom': 2, 'L2_layers_mol': 1, 'L2_out_dim': 112, 'L2_dropout': 0.00112482612584398, 'L3_hidden_dim': 64, 'L3_layers_atom': 4, 'L3_layers_mol': 1, 'L3_out_dim': 64, 'L3_dropout': 0.029788637270448615, 'n_mlp_layers': 2, 'mlp_dim_0': 496, 'mlp_dim_1': 216, 'num_heads': 1, 'final_dropout': 0.0848950704246882, 'train_learning_rate': 0.00044511051745415887, 'train_lr_reduce': 0.6}. Best is trial 613 with value: 0.045173268765211105.
[I 2024-12-25 18:20:28,963] Trial 642 finished with value: 0.47368744015693665 and parameters: {'L1_hidden_dim': 128, 'L1_layers_atom': 2, 'L1_layers_mol': 2, 'L1_dropout': 0.1869691229764507, 'L1_out_dim': 96, 'L2_hidden_dim': 224, 'L2_layers_atom': 4, 'L2_layers_mol': 4, 'L2_out_dim': 128, 'L2_dropout': 0.042136306603711836, 'L3_hidden_dim': 96, 'L3_layers_atom': 2, 'L3_layers_mol': 1, 'L3_out_dim': 112, 'L3_dropout': 0.12892372682483277, 'n_mlp_layers': 3, 'mlp_dim_0': 480, 'mlp_dim_1': 280, 'mlp_dim_2': 128, 'num_heads': 1, 'final_dropout': 0.017608844398411656, 'train_learning_rate': 0.0023038740036084473, 'train_lr_reduce': 0.6}. Best is trial 613 with value: 0.045173268765211105.
[I 2024-12-25 18:21:06,477] Trial 641 finished with value: 0.07138118892908096 and parameters: {'L1_hidden_dim': 80, 'L1_layers_atom': 2, 'L1_layers_mol': 2, 'L1_dropout': 0.26055310440322016, 'L1_out_dim': 128, 'L2_hidden_dim': 208, 'L2_layers_atom': 1, 'L2_layers_mol': 4, 'L2_out_dim': 128, 'L2_dropout': 0.10044727122800978, 'L3_hidden_dim': 112, 'L3_layers_atom': 3, 'L3_layers_mol': 1, 'L3_out_dim': 96, 'L3_dropout': 0.08703824950106889, 'n_mlp_layers': 1, 'mlp_dim_0': 216, 'num_heads': 1, 'final_dropout': 0.14287740374622207, 'train_learning_rate': 0.0004245886354089996, 'train_lr_reduce': 0.6}. Best is trial 613 with value: 0.045173268765211105.
[I 2024-12-25 18:21:44,394] Trial 644 finished with value: 0.06374096870422363 and parameters: {'L1_hidden_dim': 96, 'L1_layers_atom': 4, 'L1_layers_mol': 3, 'L1_dropout': 0.10808601764589419, 'L1_out_dim': 96, 'L2_hidden_dim': 240, 'L2_layers_atom': 2, 'L2_layers_mol': 4, 'L2_out_dim': 96, 'L2_dropout': 0.03676810497861918, 'L3_hidden_dim': 96, 'L3_layers_atom': 3, 'L3_layers_mol': 2, 'L3_out_dim': 96, 'L3_dropout': 0.065251835968441, 'n_mlp_layers': 3, 'mlp_dim_0': 368, 'mlp_dim_1': 280, 'mlp_dim_2': 96, 'num_heads': 1, 'final_dropout': 0.1978473207436901, 'train_learning_rate': 0.002167955887023408, 'train_lr_reduce': 0.6}. Best is trial 613 with value: 0.045173268765211105.
[I 2024-12-25 18:22:45,023] Trial 643 finished with value: 0.08011949062347412 and parameters: {'L1_hidden_dim': 80, 'L1_layers_atom': 2, 'L1_layers_mol': 4, 'L1_dropout': 0.2604244624991221, 'L1_out_dim': 128, 'L2_hidden_dim': 128, 'L2_layers_atom': 1, 'L2_layers_mol': 4, 'L2_out_dim': 80, 'L2_dropout': 0.058327951010452364, 'L3_hidden_dim': 112, 'L3_layers_atom': 3, 'L3_layers_mol': 1, 'L3_out_dim': 112, 'L3_dropout': 0.2508462510416837, 'n_mlp_layers': 1, 'mlp_dim_0': 200, 'num_heads': 2, 'final_dropout': 0.08467135601378444, 'train_learning_rate': 0.0011273312484723257, 'train_lr_reduce': 0.6}. Best is trial 613 with value: 0.045173268765211105.
[I 2024-12-25 18:23:02,066] Trial 646 finished with value: 0.08902687579393387 and parameters: {'L1_hidden_dim': 96, 'L1_layers_atom': 2, 'L1_layers_mol': 2, 'L1_dropout': 0.24737671777711234, 'L1_out_dim': 96, 'L2_hidden_dim': 224, 'L2_layers_atom': 3, 'L2_layers_mol': 3, 'L2_out_dim': 112, 'L2_dropout': 0.06749113152652263, 'L3_hidden_dim': 96, 'L3_layers_atom': 2, 'L3_layers_mol': 1, 'L3_out_dim': 64, 'L3_dropout': 0.020314783553594104, 'n_mlp_layers': 3, 'mlp_dim_0': 384, 'mlp_dim_1': 512, 'mlp_dim_2': 72, 'num_heads': 1, 'final_dropout': 0.06383772952242621, 'train_learning_rate': 0.001678773974784448, 'train_lr_reduce': 0.6}. Best is trial 613 with value: 0.045173268765211105.
[I 2024-12-25 18:23:25,165] Trial 645 finished with value: 0.10480179637670517 and parameters: {'L1_hidden_dim': 96, 'L1_layers_atom': 1, 'L1_layers_mol': 2, 'L1_dropout': 0.21034660913554917, 'L1_out_dim': 112, 'L2_hidden_dim': 224, 'L2_layers_atom': 4, 'L2_layers_mol': 4, 'L2_out_dim': 96, 'L2_dropout': 0.11310014904367666, 'L3_hidden_dim': 64, 'L3_layers_atom': 2, 'L3_layers_mol': 1, 'L3_out_dim': 128, 'L3_dropout': 0.06830741849033521, 'n_mlp_layers': 3, 'mlp_dim_0': 328, 'mlp_dim_1': 232, 'mlp_dim_2': 152, 'num_heads': 1, 'final_dropout': 0.002882348103926055, 'train_learning_rate': 0.0037871628345435703, 'train_lr_reduce': 0.6}. Best is trial 613 with value: 0.045173268765211105.
[I 2024-12-25 18:24:44,495] Trial 648 finished with value: 0.08864568918943405 and parameters: {'L1_hidden_dim': 80, 'L1_layers_atom': 4, 'L1_layers_mol': 3, 'L1_dropout': 0.26420618523772677, 'L1_out_dim': 112, 'L2_hidden_dim': 192, 'L2_layers_atom': 3, 'L2_layers_mol': 3, 'L2_out_dim': 112, 'L2_dropout': 0.04009428633873745, 'L3_hidden_dim': 128, 'L3_layers_atom': 1, 'L3_layers_mol': 2, 'L3_out_dim': 96, 'L3_dropout': 0.045590927104172306, 'n_mlp_layers': 3, 'mlp_dim_0': 312, 'mlp_dim_1': 512, 'mlp_dim_2': 32, 'num_heads': 1, 'final_dropout': 0.14221781256461044, 'train_learning_rate': 0.0007247615761958846, 'train_lr_reduce': 0.6}. Best is trial 613 with value: 0.045173268765211105.
[I 2024-12-25 18:24:57,407] Trial 647 finished with value: 0.06604230403900146 and parameters: {'L1_hidden_dim': 64, 'L1_layers_atom': 2, 'L1_layers_mol': 3, 'L1_dropout': 0.15319987910543664, 'L1_out_dim': 128, 'L2_hidden_dim': 224, 'L2_layers_atom': 3, 'L2_layers_mol': 1, 'L2_out_dim': 96, 'L2_dropout': 0.07188900165408585, 'L3_hidden_dim': 32, 'L3_layers_atom': 4, 'L3_layers_mol': 1, 'L3_out_dim': 112, 'L3_dropout': 0.2771676590531379, 'n_mlp_layers': 3, 'mlp_dim_0': 152, 'mlp_dim_1': 296, 'mlp_dim_2': 136, 'num_heads': 2, 'final_dropout': 0.0322867963758479, 'train_learning_rate': 0.0007725062888551482, 'train_lr_reduce': 0.6}. Best is trial 613 with value: 0.045173268765211105.
[I 2024-12-25 18:25:02,981] Trial 649 finished with value: 0.11130288988351822 and parameters: {'L1_hidden_dim': 96, 'L1_layers_atom': 4, 'L1_layers_mol': 4, 'L1_dropout': 0.22529416453123313, 'L1_out_dim': 96, 'L2_hidden_dim': 208, 'L2_layers_atom': 2, 'L2_layers_mol': 4, 'L2_out_dim': 32, 'L2_dropout': 0.0919419581980241, 'L3_hidden_dim': 64, 'L3_layers_atom': 3, 'L3_layers_mol': 4, 'L3_out_dim': 128, 'L3_dropout': 0.03601294078953837, 'n_mlp_layers': 3, 'mlp_dim_0': 440, 'mlp_dim_1': 320, 'mlp_dim_2': 168, 'num_heads': 1, 'final_dropout': 0.12362093228090869, 'train_learning_rate': 0.0039927369633218955, 'train_lr_reduce': 0.6}. Best is trial 613 with value: 0.045173268765211105.
[I 2024-12-25 18:25:56,962] Trial 650 finished with value: 0.11682938784360886 and parameters: {'L1_hidden_dim': 112, 'L1_layers_atom': 1, 'L1_layers_mol': 3, 'L1_dropout': 0.24550589140920548, 'L1_out_dim': 96, 'L2_hidden_dim': 256, 'L2_layers_atom': 1, 'L2_layers_mol': 2, 'L2_out_dim': 128, 'L2_dropout': 0.08739392538600696, 'L3_hidden_dim': 80, 'L3_layers_atom': 3, 'L3_layers_mol': 2, 'L3_out_dim': 128, 'L3_dropout': 0.2242993248401225, 'n_mlp_layers': 2, 'mlp_dim_0': 200, 'mlp_dim_1': 472, 'num_heads': 1, 'final_dropout': 0.09515711499043089, 'train_learning_rate': 0.0073799665769977325, 'train_lr_reduce': 0.6}. Best is trial 613 with value: 0.045173268765211105.
[I 2024-12-25 18:26:05,599] Trial 651 finished with value: 0.07332133501768112 and parameters: {'L1_hidden_dim': 64, 'L1_layers_atom': 4, 'L1_layers_mol': 2, 'L1_dropout': 0.15886472330487209, 'L1_out_dim': 112, 'L2_hidden_dim': 256, 'L2_layers_atom': 3, 'L2_layers_mol': 4, 'L2_out_dim': 128, 'L2_dropout': 0.057779936429274356, 'L3_hidden_dim': 80, 'L3_layers_atom': 1, 'L3_layers_mol': 1, 'L3_out_dim': 128, 'L3_dropout': 0.10259441827251434, 'n_mlp_layers': 3, 'mlp_dim_0': 360, 'mlp_dim_1': 464, 'mlp_dim_2': 96, 'num_heads': 1, 'final_dropout': 0.13858323513091872, 'train_learning_rate': 0.0017130552461922647, 'train_lr_reduce': 0.6}. Best is trial 613 with value: 0.045173268765211105.
[I 2024-12-25 18:26:43,906] Trial 652 finished with value: 0.06588925421237946 and parameters: {'L1_hidden_dim': 144, 'L1_layers_atom': 1, 'L1_layers_mol': 4, 'L1_dropout': 0.2992409929200392, 'L1_out_dim': 80, 'L2_hidden_dim': 208, 'L2_layers_atom': 1, 'L2_layers_mol': 2, 'L2_out_dim': 128, 'L2_dropout': 0.0377526746773609, 'L3_hidden_dim': 48, 'L3_layers_atom': 4, 'L3_layers_mol': 1, 'L3_out_dim': 128, 'L3_dropout': 0.2473055686463147, 'n_mlp_layers': 2, 'mlp_dim_0': 56, 'mlp_dim_1': 464, 'num_heads': 1, 'final_dropout': 0.021065197581136962, 'train_learning_rate': 0.00016790842969826612, 'train_lr_reduce': 0.6}. Best is trial 613 with value: 0.045173268765211105.
[I 2024-12-25 18:27:59,043] Trial 653 finished with value: 0.07840711623430252 and parameters: {'L1_hidden_dim': 144, 'L1_layers_atom': 2, 'L1_layers_mol': 3, 'L1_dropout': 0.29206915539666045, 'L1_out_dim': 48, 'L2_hidden_dim': 160, 'L2_layers_atom': 1, 'L2_layers_mol': 1, 'L2_out_dim': 128, 'L2_dropout': 0.04938166556797908, 'L3_hidden_dim': 48, 'L3_layers_atom': 4, 'L3_layers_mol': 2, 'L3_out_dim': 112, 'L3_dropout': 0.2950182189788085, 'n_mlp_layers': 1, 'mlp_dim_0': 312, 'num_heads': 2, 'final_dropout': 0.06292636541659086, 'train_learning_rate': 0.00010011011928525874, 'train_lr_reduce': 0.6}. Best is trial 613 with value: 0.045173268765211105.
[I 2024-12-25 18:28:20,531] Trial 655 finished with value: 0.08015493303537369 and parameters: {'L1_hidden_dim': 80, 'L1_layers_atom': 3, 'L1_layers_mol': 3, 'L1_dropout': 0.11042074240566974, 'L1_out_dim': 80, 'L2_hidden_dim': 176, 'L2_layers_atom': 2, 'L2_layers_mol': 3, 'L2_out_dim': 96, 'L2_dropout': 0.04705621297380864, 'L3_hidden_dim': 128, 'L3_layers_atom': 3, 'L3_layers_mol': 1, 'L3_out_dim': 112, 'L3_dropout': 0.027373455069833297, 'n_mlp_layers': 3, 'mlp_dim_0': 328, 'mlp_dim_1': 184, 'mlp_dim_2': 120, 'num_heads': 2, 'final_dropout': 0.13348768488110846, 'train_learning_rate': 0.0006575078045646653, 'train_lr_reduce': 0.6}. Best is trial 613 with value: 0.045173268765211105.
[I 2024-12-25 18:28:39,029] Trial 654 finished with value: 0.0723680779337883 and parameters: {'L1_hidden_dim': 80, 'L1_layers_atom': 2, 'L1_layers_mol': 3, 'L1_dropout': 0.29870436425038444, 'L1_out_dim': 128, 'L2_hidden_dim': 96, 'L2_layers_atom': 3, 'L2_layers_mol': 1, 'L2_out_dim': 128, 'L2_dropout': 0.013504188024985795, 'L3_hidden_dim': 32, 'L3_layers_atom': 4, 'L3_layers_mol': 3, 'L3_out_dim': 112, 'L3_dropout': 0.29594464613788873, 'n_mlp_layers': 2, 'mlp_dim_0': 168, 'mlp_dim_1': 512, 'num_heads': 2, 'final_dropout': 0.007531780164727289, 'train_learning_rate': 0.0002161556062282314, 'train_lr_reduce': 0.6}. Best is trial 613 with value: 0.045173268765211105.
[I 2024-12-25 18:29:36,321] Trial 656 finished with value: 0.07096485793590546 and parameters: {'L1_hidden_dim': 80, 'L1_layers_atom': 4, 'L1_layers_mol': 4, 'L1_dropout': 0.17719726243344888, 'L1_out_dim': 128, 'L2_hidden_dim': 240, 'L2_layers_atom': 2, 'L2_layers_mol': 3, 'L2_out_dim': 112, 'L2_dropout': 0.006485741217811557, 'L3_hidden_dim': 96, 'L3_layers_atom': 1, 'L3_layers_mol': 1, 'L3_out_dim': 80, 'L3_dropout': 0.030946131659510375, 'n_mlp_layers': 3, 'mlp_dim_0': 256, 'mlp_dim_1': 272, 'mlp_dim_2': 160, 'num_heads': 1, 'final_dropout': 0.12608015043154913, 'train_learning_rate': 0.0004161128787277927, 'train_lr_reduce': 0.6}. Best is trial 613 with value: 0.045173268765211105.
[I 2024-12-25 18:30:21,204] Trial 657 finished with value: 0.07033892720937729 and parameters: {'L1_hidden_dim': 64, 'L1_layers_atom': 2, 'L1_layers_mol': 1, 'L1_dropout': 0.21102332895391318, 'L1_out_dim': 128, 'L2_hidden_dim': 192, 'L2_layers_atom': 4, 'L2_layers_mol': 4, 'L2_out_dim': 128, 'L2_dropout': 0.05134980113419233, 'L3_hidden_dim': 128, 'L3_layers_atom': 2, 'L3_layers_mol': 1, 'L3_out_dim': 80, 'L3_dropout': 0.09355801198779083, 'n_mlp_layers': 2, 'mlp_dim_0': 376, 'mlp_dim_1': 328, 'num_heads': 2, 'final_dropout': 0.03462986009993295, 'train_learning_rate': 0.0028118408169473695, 'train_lr_reduce': 0.6}. Best is trial 613 with value: 0.045173268765211105.
[I 2024-12-25 18:30:49,466] Trial 658 finished with value: 0.07260972261428833 and parameters: {'L1_hidden_dim': 64, 'L1_layers_atom': 1, 'L1_layers_mol': 4, 'L1_dropout': 0.23108865565488526, 'L1_out_dim': 64, 'L2_hidden_dim': 160, 'L2_layers_atom': 1, 'L2_layers_mol': 1, 'L2_out_dim': 112, 'L2_dropout': 0.03470162896606353, 'L3_hidden_dim': 32, 'L3_layers_atom': 4, 'L3_layers_mol': 1, 'L3_out_dim': 128, 'L3_dropout': 0.22509595836924035, 'n_mlp_layers': 2, 'mlp_dim_0': 248, 'mlp_dim_1': 472, 'num_heads': 1, 'final_dropout': 0.02327875228223067, 'train_learning_rate': 0.00023594794748965737, 'train_lr_reduce': 0.6}. Best is trial 613 with value: 0.045173268765211105.
[I 2024-12-25 18:31:33,848] Trial 659 finished with value: 0.09255726635456085 and parameters: {'L1_hidden_dim': 96, 'L1_layers_atom': 3, 'L1_layers_mol': 2, 'L1_dropout': 0.2627371742107176, 'L1_out_dim': 64, 'L2_hidden_dim': 256, 'L2_layers_atom': 3, 'L2_layers_mol': 3, 'L2_out_dim': 32, 'L2_dropout': 0.06369502694264864, 'L3_hidden_dim': 48, 'L3_layers_atom': 4, 'L3_layers_mol': 3, 'L3_out_dim': 112, 'L3_dropout': 0.020111327144994997, 'n_mlp_layers': 3, 'mlp_dim_0': 376, 'mlp_dim_1': 464, 'mlp_dim_2': 88, 'num_heads': 1, 'final_dropout': 0.16573203071217474, 'train_learning_rate': 0.0038293747240179168, 'train_lr_reduce': 0.6}. Best is trial 613 with value: 0.045173268765211105.
[I 2024-12-25 18:32:04,447] Trial 660 finished with value: 0.09148480743169785 and parameters: {'L1_hidden_dim': 128, 'L1_layers_atom': 3, 'L1_layers_mol': 3, 'L1_dropout': 0.19642048307244037, 'L1_out_dim': 112, 'L2_hidden_dim': 240, 'L2_layers_atom': 1, 'L2_layers_mol': 4, 'L2_out_dim': 80, 'L2_dropout': 0.009729505024702566, 'L3_hidden_dim': 128, 'L3_layers_atom': 2, 'L3_layers_mol': 1, 'L3_out_dim': 128, 'L3_dropout': 0.0068924747711702344, 'n_mlp_layers': 3, 'mlp_dim_0': 328, 'mlp_dim_1': 512, 'mlp_dim_2': 168, 'num_heads': 1, 'final_dropout': 0.13933276606487308, 'train_learning_rate': 0.0006881087842239983, 'train_lr_reduce': 0.6}. Best is trial 613 with value: 0.045173268765211105.
[I 2024-12-25 18:32:17,148] Trial 661 finished with value: 0.08979113399982452 and parameters: {'L1_hidden_dim': 80, 'L1_layers_atom': 4, 'L1_layers_mol': 3, 'L1_dropout': 0.09617588326616879, 'L1_out_dim': 96, 'L2_hidden_dim': 240, 'L2_layers_atom': 1, 'L2_layers_mol': 4, 'L2_out_dim': 48, 'L2_dropout': 0.0854674290427148, 'L3_hidden_dim': 64, 'L3_layers_atom': 2, 'L3_layers_mol': 1, 'L3_out_dim': 112, 'L3_dropout': 0.04033034149378062, 'n_mlp_layers': 3, 'mlp_dim_0': 312, 'mlp_dim_1': 448, 'mlp_dim_2': 80, 'num_heads': 1, 'final_dropout': 0.1008462214828084, 'train_learning_rate': 0.00034038893795617796, 'train_lr_reduce': 0.6}. Best is trial 613 with value: 0.045173268765211105.
[I 2024-12-25 18:32:35,238] Trial 662 finished with value: 0.07617615163326263 and parameters: {'L1_hidden_dim': 112, 'L1_layers_atom': 2, 'L1_layers_mol': 3, 'L1_dropout': 0.13841835021858812, 'L1_out_dim': 128, 'L2_hidden_dim': 224, 'L2_layers_atom': 1, 'L2_layers_mol': 3, 'L2_out_dim': 64, 'L2_dropout': 0.1365014179959329, 'L3_hidden_dim': 128, 'L3_layers_atom': 2, 'L3_layers_mol': 2, 'L3_out_dim': 96, 'L3_dropout': 0.1448710959985747, 'n_mlp_layers': 3, 'mlp_dim_0': 264, 'mlp_dim_1': 328, 'mlp_dim_2': 120, 'num_heads': 1, 'final_dropout': 0.1466421991925556, 'train_learning_rate': 0.0015572250417456848, 'train_lr_reduce': 0.6}. Best is trial 613 with value: 0.045173268765211105.
[I 2024-12-25 18:33:40,052] Trial 664 finished with value: 0.0524875782430172 and parameters: {'L1_hidden_dim': 64, 'L1_layers_atom': 2, 'L1_layers_mol': 2, 'L1_dropout': 0.276385847135052, 'L1_out_dim': 128, 'L2_hidden_dim': 224, 'L2_layers_atom': 1, 'L2_layers_mol': 3, 'L2_out_dim': 112, 'L2_dropout': 0.00482400632091318, 'L3_hidden_dim': 80, 'L3_layers_atom': 3, 'L3_layers_mol': 2, 'L3_out_dim': 112, 'L3_dropout': 0.1715087659728473, 'n_mlp_layers': 2, 'mlp_dim_0': 48, 'mlp_dim_1': 512, 'num_heads': 1, 'final_dropout': 0.10051397951529424, 'train_learning_rate': 0.001881773699767989, 'train_lr_reduce': 0.6}. Best is trial 613 with value: 0.045173268765211105.
[I 2024-12-25 18:34:16,131] Trial 663 finished with value: 0.06386584043502808 and parameters: {'L1_hidden_dim': 128, 'L1_layers_atom': 3, 'L1_layers_mol': 3, 'L1_dropout': 0.20014560960822492, 'L1_out_dim': 48, 'L2_hidden_dim': 256, 'L2_layers_atom': 4, 'L2_layers_mol': 2, 'L2_out_dim': 96, 'L2_dropout': 0.02154963040953573, 'L3_hidden_dim': 32, 'L3_layers_atom': 4, 'L3_layers_mol': 2, 'L3_out_dim': 96, 'L3_dropout': 0.22396081376508736, 'n_mlp_layers': 2, 'mlp_dim_0': 40, 'mlp_dim_1': 432, 'num_heads': 2, 'final_dropout': 0.20633686636038623, 'train_learning_rate': 0.0001585105255904286, 'train_lr_reduce': 0.6}. Best is trial 613 with value: 0.045173268765211105.
[I 2024-12-25 18:34:30,101] Trial 665 finished with value: 0.06963194161653519 and parameters: {'L1_hidden_dim': 64, 'L1_layers_atom': 3, 'L1_layers_mol': 2, 'L1_dropout': 0.19098158816750954, 'L1_out_dim': 112, 'L2_hidden_dim': 224, 'L2_layers_atom': 4, 'L2_layers_mol': 3, 'L2_out_dim': 112, 'L2_dropout': 0.048810046501160706, 'L3_hidden_dim': 96, 'L3_layers_atom': 3, 'L3_layers_mol': 1, 'L3_out_dim': 96, 'L3_dropout': 0.0444354324698695, 'n_mlp_layers': 3, 'mlp_dim_0': 160, 'mlp_dim_1': 248, 'mlp_dim_2': 400, 'num_heads': 1, 'final_dropout': 0.12732423308193086, 'train_learning_rate': 0.0012331442160420695, 'train_lr_reduce': 0.6}. Best is trial 613 with value: 0.045173268765211105.
[I 2024-12-25 18:34:50,203] Trial 666 finished with value: 0.08841871470212936 and parameters: {'L1_hidden_dim': 144, 'L1_layers_atom': 3, 'L1_layers_mol': 2, 'L1_dropout': 0.2895992784536975, 'L1_out_dim': 112, 'L2_hidden_dim': 208, 'L2_layers_atom': 1, 'L2_layers_mol': 3, 'L2_out_dim': 80, 'L2_dropout': 0.017401408144544377, 'L3_hidden_dim': 48, 'L3_layers_atom': 2, 'L3_layers_mol': 2, 'L3_out_dim': 112, 'L3_dropout': 0.18120709506291235, 'n_mlp_layers': 1, 'mlp_dim_0': 64, 'num_heads': 1, 'final_dropout': 0.11998886892179869, 'train_learning_rate': 0.0019062016701914515, 'train_lr_reduce': 0.6}. Best is trial 613 with value: 0.045173268765211105.
[I 2024-12-25 18:36:14,018] Trial 668 finished with value: 0.0673551931977272 and parameters: {'L1_hidden_dim': 96, 'L1_layers_atom': 4, 'L1_layers_mol': 4, 'L1_dropout': 0.17442098082230267, 'L1_out_dim': 64, 'L2_hidden_dim': 208, 'L2_layers_atom': 2, 'L2_layers_mol': 4, 'L2_out_dim': 128, 'L2_dropout': 0.10940663217023747, 'L3_hidden_dim': 128, 'L3_layers_atom': 4, 'L3_layers_mol': 1, 'L3_out_dim': 128, 'L3_dropout': 0.2174563201626807, 'n_mlp_layers': 3, 'mlp_dim_0': 328, 'mlp_dim_1': 472, 'mlp_dim_2': 32, 'num_heads': 1, 'final_dropout': 0.16198434485503876, 'train_learning_rate': 0.0007480956374355715, 'train_lr_reduce': 0.6}. Best is trial 613 with value: 0.045173268765211105.
[I 2024-12-25 18:36:18,341] Trial 669 finished with value: 0.07548091560602188 and parameters: {'L1_hidden_dim': 80, 'L1_layers_atom': 2, 'L1_layers_mol': 3, 'L1_dropout': 0.24057278680998745, 'L1_out_dim': 128, 'L2_hidden_dim': 224, 'L2_layers_atom': 2, 'L2_layers_mol': 4, 'L2_out_dim': 112, 'L2_dropout': 0.02812632343392103, 'L3_hidden_dim': 112, 'L3_layers_atom': 3, 'L3_layers_mol': 1, 'L3_out_dim': 128, 'L3_dropout': 0.2426710616011404, 'n_mlp_layers': 2, 'mlp_dim_0': 48, 'mlp_dim_1': 512, 'num_heads': 1, 'final_dropout': 0.10402106429519836, 'train_learning_rate': 0.0011297406478249258, 'train_lr_reduce': 0.6}. Best is trial 613 with value: 0.045173268765211105.
[I 2024-12-25 18:37:13,649] Trial 667 finished with value: 0.08521551638841629 and parameters: {'L1_hidden_dim': 64, 'L1_layers_atom': 3, 'L1_layers_mol': 2, 'L1_dropout': 0.21948943792835152, 'L1_out_dim': 128, 'L2_hidden_dim': 240, 'L2_layers_atom': 1, 'L2_layers_mol': 3, 'L2_out_dim': 128, 'L2_dropout': 0.010990142160979448, 'L3_hidden_dim': 80, 'L3_layers_atom': 4, 'L3_layers_mol': 2, 'L3_out_dim': 128, 'L3_dropout': 0.19830513634628646, 'n_mlp_layers': 2, 'mlp_dim_0': 64, 'mlp_dim_1': 512, 'num_heads': 1, 'final_dropout': 0.08519939090493553, 'train_learning_rate': 0.004794738487072104, 'train_lr_reduce': 0.6}. Best is trial 613 with value: 0.045173268765211105.
[I 2024-12-25 18:37:57,616] Trial 670 finished with value: 0.06408468633890152 and parameters: {'L1_hidden_dim': 80, 'L1_layers_atom': 3, 'L1_layers_mol': 3, 'L1_dropout': 0.21984978663780558, 'L1_out_dim': 80, 'L2_hidden_dim': 208, 'L2_layers_atom': 2, 'L2_layers_mol': 4, 'L2_out_dim': 128, 'L2_dropout': 0.018173915541341016, 'L3_hidden_dim': 128, 'L3_layers_atom': 4, 'L3_layers_mol': 1, 'L3_out_dim': 128, 'L3_dropout': 0.1980169330920123, 'n_mlp_layers': 3, 'mlp_dim_0': 352, 'mlp_dim_1': 424, 'mlp_dim_2': 72, 'num_heads': 1, 'final_dropout': 0.07470273858792181, 'train_learning_rate': 0.0018897127666351302, 'train_lr_reduce': 0.6}. Best is trial 613 with value: 0.045173268765211105.
[I 2024-12-25 18:38:05,223] Trial 671 finished with value: 0.08882420510053635 and parameters: {'L1_hidden_dim': 176, 'L1_layers_atom': 2, 'L1_layers_mol': 3, 'L1_dropout': 0.13807101654276113, 'L1_out_dim': 64, 'L2_hidden_dim': 224, 'L2_layers_atom': 3, 'L2_layers_mol': 2, 'L2_out_dim': 128, 'L2_dropout': 0.014245910899893853, 'L3_hidden_dim': 112, 'L3_layers_atom': 1, 'L3_layers_mol': 1, 'L3_out_dim': 128, 'L3_dropout': 0.2533110772367249, 'n_mlp_layers': 3, 'mlp_dim_0': 264, 'mlp_dim_1': 328, 'mlp_dim_2': 72, 'num_heads': 1, 'final_dropout': 0.21432573473126787, 'train_learning_rate': 0.0007207544704167538, 'train_lr_reduce': 0.6}. Best is trial 613 with value: 0.045173268765211105.
