[I 2024-12-25 21:20:32,393] Trial 959 finished with value: 0.0656101182103157 and parameters: {'L1_hidden_dim': 96, 'L1_layers_atom': 3, 'L1_layers_mol': 2, 'L1_dropout': 0.21488165291952782, 'L1_out_dim': 112, 'L2_hidden_dim': 208, 'L2_layers_atom': 3, 'L2_layers_mol': 2, 'L2_out_dim': 96, 'L2_dropout': 0.015031947699515949, 'L3_hidden_dim': 80, 'L3_layers_atom': 2, 'L3_layers_mol': 1, 'L3_out_dim': 96, 'L3_dropout': 0.299409309238922, 'n_mlp_layers': 2, 'mlp_dim_0': 272, 'mlp_dim_1': 256, 'num_heads': 1, 'final_dropout': 0.002355139397184035, 'train_learning_rate': 0.0005251635739765008, 'train_lr_reduce': 0.6}. Best is trial 613 with value: 0.045173268765211105.
[I 2024-12-25 21:20:42,872] Trial 961 finished with value: 0.0705883577466011 and parameters: {'L1_hidden_dim': 80, 'L1_layers_atom': 4, 'L1_layers_mol': 4, 'L1_dropout': 0.18020504243102362, 'L1_out_dim': 128, 'L2_hidden_dim': 208, 'L2_layers_atom': 2, 'L2_layers_mol': 1, 'L2_out_dim': 112, 'L2_dropout': 0.002272620363077793, 'L3_hidden_dim': 48, 'L3_layers_atom': 2, 'L3_layers_mol': 1, 'L3_out_dim': 96, 'L3_dropout': 0.24944846726366848, 'n_mlp_layers': 3, 'mlp_dim_0': 232, 'mlp_dim_1': 384, 'mlp_dim_2': 512, 'num_heads': 1, 'final_dropout': 0.010287346389745086, 'train_learning_rate': 0.0016674402729896648, 'train_lr_reduce': 0.6}. Best is trial 613 with value: 0.045173268765211105.
[I 2024-12-25 21:22:32,306] Trial 963 finished with value: 0.06593676656484604 and parameters: {'L1_hidden_dim': 64, 'L1_layers_atom': 3, 'L1_layers_mol': 3, 'L1_dropout': 0.2669530539471971, 'L1_out_dim': 96, 'L2_hidden_dim': 176, 'L2_layers_atom': 2, 'L2_layers_mol': 1, 'L2_out_dim': 128, 'L2_dropout': 0.055111222304488616, 'L3_hidden_dim': 32, 'L3_layers_atom': 1, 'L3_layers_mol': 3, 'L3_out_dim': 128, 'L3_dropout': 0.29178915803656746, 'n_mlp_layers': 2, 'mlp_dim_0': 128, 'mlp_dim_1': 288, 'num_heads': 1, 'final_dropout': 0.01846564625924151, 'train_learning_rate': 0.0008282437646210837, 'train_lr_reduce': 0.6}. Best is trial 613 with value: 0.045173268765211105.
[I 2024-12-25 21:22:32,308] Trial 962 finished with value: 0.11354520916938782 and parameters: {'L1_hidden_dim': 144, 'L1_layers_atom': 2, 'L1_layers_mol': 1, 'L1_dropout': 0.23611851271355777, 'L1_out_dim': 80, 'L2_hidden_dim': 240, 'L2_layers_atom': 3, 'L2_layers_mol': 2, 'L2_out_dim': 96, 'L2_dropout': 0.06211918325598534, 'L3_hidden_dim': 64, 'L3_layers_atom': 3, 'L3_layers_mol': 1, 'L3_out_dim': 80, 'L3_dropout': 0.2418726759677277, 'n_mlp_layers': 2, 'mlp_dim_0': 336, 'mlp_dim_1': 400, 'num_heads': 1, 'final_dropout': 0.017704966136023362, 'train_learning_rate': 0.0022861363583449707, 'train_lr_reduce': 0.6}. Best is trial 613 with value: 0.045173268765211105.
[I 2024-12-25 21:22:38,746] Trial 964 finished with value: 0.1110529750585556 and parameters: {'L1_hidden_dim': 64, 'L1_layers_atom': 4, 'L1_layers_mol': 2, 'L1_dropout': 0.2844504269191726, 'L1_out_dim': 64, 'L2_hidden_dim': 224, 'L2_layers_atom': 3, 'L2_layers_mol': 3, 'L2_out_dim': 32, 'L2_dropout': 0.06263425791269793, 'L3_hidden_dim': 48, 'L3_layers_atom': 4, 'L3_layers_mol': 2, 'L3_out_dim': 96, 'L3_dropout': 0.04066728628187387, 'n_mlp_layers': 3, 'mlp_dim_0': 504, 'mlp_dim_1': 336, 'mlp_dim_2': 96, 'num_heads': 1, 'final_dropout': 0.1932151219338596, 'train_learning_rate': 0.00023388486537953999, 'train_lr_reduce': 0.6}. Best is trial 613 with value: 0.045173268765211105.
[I 2024-12-25 21:23:40,648] Trial 967 finished with value: 0.09038718789815903 and parameters: {'L1_hidden_dim': 80, 'L1_layers_atom': 2, 'L1_layers_mol': 3, 'L1_dropout': 0.28170935038806433, 'L1_out_dim': 112, 'L2_hidden_dim': 176, 'L2_layers_atom': 1, 'L2_layers_mol': 3, 'L2_out_dim': 96, 'L2_dropout': 0.006099767649057816, 'L3_hidden_dim': 80, 'L3_layers_atom': 2, 'L3_layers_mol': 3, 'L3_out_dim': 128, 'L3_dropout': 0.16134194898371387, 'n_mlp_layers': 2, 'mlp_dim_0': 32, 'mlp_dim_1': 392, 'num_heads': 1, 'final_dropout': 0.12014940034367509, 'train_learning_rate': 0.004300577870648157, 'train_lr_reduce': 0.6}. Best is trial 613 with value: 0.045173268765211105.
[I 2024-12-25 21:24:40,557] Trial 968 finished with value: 0.09839852154254913 and parameters: {'L1_hidden_dim': 112, 'L1_layers_atom': 4, 'L1_layers_mol': 2, 'L1_dropout': 0.13180133620023063, 'L1_out_dim': 96, 'L2_hidden_dim': 224, 'L2_layers_atom': 3, 'L2_layers_mol': 3, 'L2_out_dim': 96, 'L2_dropout': 0.01318620628514099, 'L3_hidden_dim': 96, 'L3_layers_atom': 2, 'L3_layers_mol': 2, 'L3_out_dim': 80, 'L3_dropout': 0.015309601071546919, 'n_mlp_layers': 3, 'mlp_dim_0': 120, 'mlp_dim_1': 424, 'mlp_dim_2': 152, 'num_heads': 1, 'final_dropout': 0.18342790715410634, 'train_learning_rate': 0.004074166673110142, 'train_lr_reduce': 0.6}. Best is trial 613 with value: 0.045173268765211105.
[I 2024-12-25 21:24:48,364] Trial 965 finished with value: 0.070135697722435 and parameters: {'L1_hidden_dim': 64, 'L1_layers_atom': 4, 'L1_layers_mol': 3, 'L1_dropout': 0.28113676554877, 'L1_out_dim': 112, 'L2_hidden_dim': 240, 'L2_layers_atom': 3, 'L2_layers_mol': 2, 'L2_out_dim': 128, 'L2_dropout': 0.06769160392162542, 'L3_hidden_dim': 64, 'L3_layers_atom': 4, 'L3_layers_mol': 2, 'L3_out_dim': 128, 'L3_dropout': 0.2936326343670133, 'n_mlp_layers': 1, 'mlp_dim_0': 56, 'num_heads': 2, 'final_dropout': 0.0010325991902853417, 'train_learning_rate': 0.0005403813107647757, 'train_lr_reduce': 0.6}. Best is trial 613 with value: 0.045173268765211105.
[I 2024-12-25 21:25:03,151] Trial 966 finished with value: 0.06313618272542953 and parameters: {'L1_hidden_dim': 112, 'L1_layers_atom': 4, 'L1_layers_mol': 3, 'L1_dropout': 0.24680775021522192, 'L1_out_dim': 128, 'L2_hidden_dim': 256, 'L2_layers_atom': 3, 'L2_layers_mol': 2, 'L2_out_dim': 128, 'L2_dropout': 0.08189983631424017, 'L3_hidden_dim': 48, 'L3_layers_atom': 4, 'L3_layers_mol': 3, 'L3_out_dim': 112, 'L3_dropout': 0.27760220418901665, 'n_mlp_layers': 2, 'mlp_dim_0': 64, 'mlp_dim_1': 464, 'num_heads': 2, 'final_dropout': 0.05128178358260907, 'train_learning_rate': 0.00024022615406685957, 'train_lr_reduce': 0.6}. Best is trial 613 with value: 0.045173268765211105.
[I 2024-12-25 21:26:05,283] Trial 970 finished with value: 0.07260830700397491 and parameters: {'L1_hidden_dim': 112, 'L1_layers_atom': 4, 'L1_layers_mol': 3, 'L1_dropout': 0.24680397804926635, 'L1_out_dim': 64, 'L2_hidden_dim': 208, 'L2_layers_atom': 1, 'L2_layers_mol': 1, 'L2_out_dim': 112, 'L2_dropout': 0.03508659183040967, 'L3_hidden_dim': 48, 'L3_layers_atom': 4, 'L3_layers_mol': 4, 'L3_out_dim': 48, 'L3_dropout': 0.2919577612885189, 'n_mlp_layers': 2, 'mlp_dim_0': 80, 'mlp_dim_1': 336, 'num_heads': 2, 'final_dropout': 0.014085214470826404, 'train_learning_rate': 0.0008398658508723555, 'train_lr_reduce': 0.6}. Best is trial 613 with value: 0.045173268765211105.
[I 2024-12-25 21:26:27,956] Trial 971 finished with value: 0.07275571674108505 and parameters: {'L1_hidden_dim': 64, 'L1_layers_atom': 2, 'L1_layers_mol': 1, 'L1_dropout': 0.14139524943148302, 'L1_out_dim': 112, 'L2_hidden_dim': 240, 'L2_layers_atom': 4, 'L2_layers_mol': 4, 'L2_out_dim': 128, 'L2_dropout': 0.09882995439155394, 'L3_hidden_dim': 112, 'L3_layers_atom': 2, 'L3_layers_mol': 1, 'L3_out_dim': 128, 'L3_dropout': 0.04378764761175765, 'n_mlp_layers': 2, 'mlp_dim_0': 456, 'mlp_dim_1': 240, 'num_heads': 1, 'final_dropout': 0.03564011366377019, 'train_learning_rate': 0.003102997465914749, 'train_lr_reduce': 0.6}. Best is trial 613 with value: 0.045173268765211105.
[I 2024-12-25 21:26:45,712] Trial 969 finished with value: 0.07112772762775421 and parameters: {'L1_hidden_dim': 96, 'L1_layers_atom': 3, 'L1_layers_mol': 2, 'L1_dropout': 0.2953403193505782, 'L1_out_dim': 128, 'L2_hidden_dim': 144, 'L2_layers_atom': 4, 'L2_layers_mol': 1, 'L2_out_dim': 80, 'L2_dropout': 0.06736244691970249, 'L3_hidden_dim': 64, 'L3_layers_atom': 2, 'L3_layers_mol': 1, 'L3_out_dim': 80, 'L3_dropout': 0.21147402167043425, 'n_mlp_layers': 3, 'mlp_dim_0': 96, 'mlp_dim_1': 456, 'mlp_dim_2': 104, 'num_heads': 2, 'final_dropout': 0.05955606432306451, 'train_learning_rate': 0.0011152771939947287, 'train_lr_reduce': 0.6}. Best is trial 613 with value: 0.045173268765211105.
[I 2024-12-25 21:27:35,894] Trial 972 finished with value: 0.07187329232692719 and parameters: {'L1_hidden_dim': 96, 'L1_layers_atom': 3, 'L1_layers_mol': 3, 'L1_dropout': 0.2751114080775388, 'L1_out_dim': 96, 'L2_hidden_dim': 208, 'L2_layers_atom': 1, 'L2_layers_mol': 3, 'L2_out_dim': 128, 'L2_dropout': 0.08025811505289196, 'L3_hidden_dim': 112, 'L3_layers_atom': 4, 'L3_layers_mol': 1, 'L3_out_dim': 112, 'L3_dropout': 0.21206010667134356, 'n_mlp_layers': 2, 'mlp_dim_0': 168, 'mlp_dim_1': 384, 'num_heads': 1, 'final_dropout': 0.1753398084585657, 'train_learning_rate': 0.0031622830726100726, 'train_lr_reduce': 0.6}. Best is trial 613 with value: 0.045173268765211105.
[I 2024-12-25 21:27:49,193] Trial 973 finished with value: 0.068375363945961 and parameters: {'L1_hidden_dim': 96, 'L1_layers_atom': 2, 'L1_layers_mol': 1, 'L1_dropout': 0.17401936340461815, 'L1_out_dim': 96, 'L2_hidden_dim': 256, 'L2_layers_atom': 3, 'L2_layers_mol': 1, 'L2_out_dim': 128, 'L2_dropout': 0.02237111936967901, 'L3_hidden_dim': 64, 'L3_layers_atom': 2, 'L3_layers_mol': 1, 'L3_out_dim': 96, 'L3_dropout': 0.22858323690568763, 'n_mlp_layers': 2, 'mlp_dim_0': 112, 'mlp_dim_1': 184, 'num_heads': 1, 'final_dropout': 0.03880869799169173, 'train_learning_rate': 0.0007643877247730019, 'train_lr_reduce': 0.6}. Best is trial 613 with value: 0.045173268765211105.
[I 2024-12-25 21:28:24,361] Trial 974 finished with value: 0.07193992286920547 and parameters: {'L1_hidden_dim': 96, 'L1_layers_atom': 3, 'L1_layers_mol': 3, 'L1_dropout': 0.281007191456847, 'L1_out_dim': 96, 'L2_hidden_dim': 160, 'L2_layers_atom': 2, 'L2_layers_mol': 1, 'L2_out_dim': 128, 'L2_dropout': 0.04781154525603024, 'L3_hidden_dim': 64, 'L3_layers_atom': 4, 'L3_layers_mol': 3, 'L3_out_dim': 48, 'L3_dropout': 0.2961223511194923, 'n_mlp_layers': 1, 'mlp_dim_0': 40, 'num_heads': 2, 'final_dropout': 0.15613493031939346, 'train_learning_rate': 0.0005603925855288568, 'train_lr_reduce': 0.6}. Best is trial 613 with value: 0.045173268765211105.
[I 2024-12-25 21:29:23,622] Trial 975 finished with value: 0.15896910429000854 and parameters: {'L1_hidden_dim': 96, 'L1_layers_atom': 3, 'L1_layers_mol': 2, 'L1_dropout': 0.1942999830335407, 'L1_out_dim': 32, 'L2_hidden_dim': 256, 'L2_layers_atom': 3, 'L2_layers_mol': 3, 'L2_out_dim': 64, 'L2_dropout': 0.08411455251492167, 'L3_hidden_dim': 64, 'L3_layers_atom': 3, 'L3_layers_mol': 2, 'L3_out_dim': 128, 'L3_dropout': 0.017676628020288833, 'n_mlp_layers': 2, 'mlp_dim_0': 496, 'mlp_dim_1': 296, 'num_heads': 1, 'final_dropout': 0.10451030497684292, 'train_learning_rate': 0.00017750632494845073, 'train_lr_reduce': 0.6}. Best is trial 613 with value: 0.045173268765211105.
[I 2024-12-25 21:30:01,639] Trial 977 finished with value: 0.07564723491668701 and parameters: {'L1_hidden_dim': 112, 'L1_layers_atom': 2, 'L1_layers_mol': 3, 'L1_dropout': 0.18368113546307285, 'L1_out_dim': 112, 'L2_hidden_dim': 224, 'L2_layers_atom': 1, 'L2_layers_mol': 4, 'L2_out_dim': 128, 'L2_dropout': 0.03960334648416964, 'L3_hidden_dim': 112, 'L3_layers_atom': 3, 'L3_layers_mol': 1, 'L3_out_dim': 128, 'L3_dropout': 0.12854084499591195, 'n_mlp_layers': 2, 'mlp_dim_0': 248, 'mlp_dim_1': 464, 'num_heads': 1, 'final_dropout': 0.13195807891261738, 'train_learning_rate': 0.00087837326854929, 'train_lr_reduce': 0.6}. Best is trial 613 with value: 0.045173268765211105.
[I 2024-12-25 21:30:03,132] Trial 976 finished with value: 0.07753738015890121 and parameters: {'L1_hidden_dim': 64, 'L1_layers_atom': 3, 'L1_layers_mol': 2, 'L1_dropout': 0.2605962016926406, 'L1_out_dim': 96, 'L2_hidden_dim': 240, 'L2_layers_atom': 1, 'L2_layers_mol': 4, 'L2_out_dim': 48, 'L2_dropout': 0.1445779296842526, 'L3_hidden_dim': 48, 'L3_layers_atom': 4, 'L3_layers_mol': 4, 'L3_out_dim': 128, 'L3_dropout': 0.001400787757342651, 'n_mlp_layers': 2, 'mlp_dim_0': 448, 'mlp_dim_1': 432, 'num_heads': 1, 'final_dropout': 0.11258425925265476, 'train_learning_rate': 0.003182562147489281, 'train_lr_reduce': 0.6}. Best is trial 613 with value: 0.045173268765211105.
[I 2024-12-25 21:31:13,808] Trial 979 finished with value: 0.061439841985702515 and parameters: {'L1_hidden_dim': 112, 'L1_layers_atom': 2, 'L1_layers_mol': 3, 'L1_dropout': 0.2911654194115898, 'L1_out_dim': 112, 'L2_hidden_dim': 128, 'L2_layers_atom': 1, 'L2_layers_mol': 2, 'L2_out_dim': 128, 'L2_dropout': 0.03400210800649899, 'L3_hidden_dim': 96, 'L3_layers_atom': 2, 'L3_layers_mol': 1, 'L3_out_dim': 128, 'L3_dropout': 0.18107977339818992, 'n_mlp_layers': 2, 'mlp_dim_0': 240, 'mlp_dim_1': 392, 'num_heads': 1, 'final_dropout': 0.036649108310034234, 'train_learning_rate': 0.0017523100684930448, 'train_lr_reduce': 0.6}. Best is trial 613 with value: 0.045173268765211105.
[I 2024-12-25 21:32:05,043] Trial 980 finished with value: 0.07328533381223679 and parameters: {'L1_hidden_dim': 80, 'L1_layers_atom': 4, 'L1_layers_mol': 3, 'L1_dropout': 0.2858293452709788, 'L1_out_dim': 96, 'L2_hidden_dim': 144, 'L2_layers_atom': 4, 'L2_layers_mol': 2, 'L2_out_dim': 96, 'L2_dropout': 0.03331266265155224, 'L3_hidden_dim': 48, 'L3_layers_atom': 2, 'L3_layers_mol': 1, 'L3_out_dim': 64, 'L3_dropout': 0.28030170024949896, 'n_mlp_layers': 2, 'mlp_dim_0': 112, 'mlp_dim_1': 456, 'num_heads': 2, 'final_dropout': 0.04941070762258565, 'train_learning_rate': 0.0013173063111556254, 'train_lr_reduce': 0.6}. Best is trial 613 with value: 0.045173268765211105.
[I 2024-12-25 21:32:22,344] Trial 978 finished with value: 0.06560360640287399 and parameters: {'L1_hidden_dim': 64, 'L1_layers_atom': 3, 'L1_layers_mol': 1, 'L1_dropout': 0.21376677323649745, 'L1_out_dim': 112, 'L2_hidden_dim': 224, 'L2_layers_atom': 4, 'L2_layers_mol': 1, 'L2_out_dim': 112, 'L2_dropout': 0.06386189716668436, 'L3_hidden_dim': 48, 'L3_layers_atom': 2, 'L3_layers_mol': 2, 'L3_out_dim': 80, 'L3_dropout': 0.2725857050770779, 'n_mlp_layers': 2, 'mlp_dim_0': 224, 'mlp_dim_1': 336, 'num_heads': 2, 'final_dropout': 0.11520680470527242, 'train_learning_rate': 0.0003550702645573393, 'train_lr_reduce': 0.6}. Best is trial 613 with value: 0.045173268765211105.
[I 2024-12-25 21:32:38,165] Trial 981 finished with value: 0.07232347130775452 and parameters: {'L1_hidden_dim': 80, 'L1_layers_atom': 2, 'L1_layers_mol': 1, 'L1_dropout': 0.24724430772265257, 'L1_out_dim': 112, 'L2_hidden_dim': 160, 'L2_layers_atom': 1, 'L2_layers_mol': 2, 'L2_out_dim': 112, 'L2_dropout': 0.00025852547698100494, 'L3_hidden_dim': 96, 'L3_layers_atom': 3, 'L3_layers_mol': 2, 'L3_out_dim': 96, 'L3_dropout': 0.11571419406676667, 'n_mlp_layers': 1, 'mlp_dim_0': 48, 'num_heads': 1, 'final_dropout': 0.11609748474858299, 'train_learning_rate': 0.0014819340102186667, 'train_lr_reduce': 0.6}. Best is trial 613 with value: 0.045173268765211105.
[I 2024-12-25 21:33:20,877] Trial 982 finished with value: 0.07713163644075394 and parameters: {'L1_hidden_dim': 64, 'L1_layers_atom': 2, 'L1_layers_mol': 2, 'L1_dropout': 0.1828257299796747, 'L1_out_dim': 96, 'L2_hidden_dim': 224, 'L2_layers_atom': 3, 'L2_layers_mol': 4, 'L2_out_dim': 96, 'L2_dropout': 0.037302782915257585, 'L3_hidden_dim': 112, 'L3_layers_atom': 2, 'L3_layers_mol': 1, 'L3_out_dim': 96, 'L3_dropout': 0.05769604198338156, 'n_mlp_layers': 3, 'mlp_dim_0': 328, 'mlp_dim_1': 120, 'mlp_dim_2': 88, 'num_heads': 1, 'final_dropout': 0.02350875083056526, 'train_learning_rate': 0.0036948882262897715, 'train_lr_reduce': 0.6}. Best is trial 613 with value: 0.045173268765211105.
[I 2024-12-25 21:34:02,322] Trial 984 finished with value: 0.09496725350618362 and parameters: {'L1_hidden_dim': 80, 'L1_layers_atom': 4, 'L1_layers_mol': 4, 'L1_dropout': 0.23891438573436635, 'L1_out_dim': 128, 'L2_hidden_dim': 224, 'L2_layers_atom': 3, 'L2_layers_mol': 3, 'L2_out_dim': 128, 'L2_dropout': 0.07003718113773721, 'L3_hidden_dim': 128, 'L3_layers_atom': 2, 'L3_layers_mol': 1, 'L3_out_dim': 112, 'L3_dropout': 0.022881027542101324, 'n_mlp_layers': 2, 'mlp_dim_0': 176, 'mlp_dim_1': 392, 'num_heads': 2, 'final_dropout': 0.09508952135586674, 'train_learning_rate': 0.002016785981173578, 'train_lr_reduce': 0.6}. Best is trial 613 with value: 0.045173268765211105.
[I 2024-12-25 21:34:12,066] Trial 983 finished with value: 0.06134930998086929 and parameters: {'L1_hidden_dim': 80, 'L1_layers_atom': 3, 'L1_layers_mol': 2, 'L1_dropout': 0.2594062467003375, 'L1_out_dim': 96, 'L2_hidden_dim': 240, 'L2_layers_atom': 4, 'L2_layers_mol': 1, 'L2_out_dim': 96, 'L2_dropout': 0.04605882032412404, 'L3_hidden_dim': 48, 'L3_layers_atom': 3, 'L3_layers_mol': 1, 'L3_out_dim': 64, 'L3_dropout': 0.28461242477390974, 'n_mlp_layers': 2, 'mlp_dim_0': 216, 'mlp_dim_1': 272, 'num_heads': 1, 'final_dropout': 0.05789434928351722, 'train_learning_rate': 0.000543275667167099, 'train_lr_reduce': 0.6}. Best is trial 613 with value: 0.045173268765211105.
[I 2024-12-25 21:35:41,087] Trial 987 finished with value: 0.08554673939943314 and parameters: {'L1_hidden_dim': 64, 'L1_layers_atom': 1, 'L1_layers_mol': 1, 'L1_dropout': 0.18183652804448985, 'L1_out_dim': 128, 'L2_hidden_dim': 256, 'L2_layers_atom': 2, 'L2_layers_mol': 2, 'L2_out_dim': 128, 'L2_dropout': 0.061589089924612275, 'L3_hidden_dim': 80, 'L3_layers_atom': 3, 'L3_layers_mol': 2, 'L3_out_dim': 112, 'L3_dropout': 0.05334030915781934, 'n_mlp_layers': 2, 'mlp_dim_0': 32, 'mlp_dim_1': 416, 'num_heads': 2, 'final_dropout': 0.14137026576495032, 'train_learning_rate': 0.00554743286036843, 'train_lr_reduce': 0.6}. Best is trial 613 with value: 0.045173268765211105.
[I 2024-12-25 21:35:42,643] Trial 986 finished with value: 0.07388166338205338 and parameters: {'L1_hidden_dim': 64, 'L1_layers_atom': 3, 'L1_layers_mol': 3, 'L1_dropout': 0.22447570654225293, 'L1_out_dim': 128, 'L2_hidden_dim': 224, 'L2_layers_atom': 2, 'L2_layers_mol': 3, 'L2_out_dim': 112, 'L2_dropout': 0.12169463235592166, 'L3_hidden_dim': 112, 'L3_layers_atom': 2, 'L3_layers_mol': 1, 'L3_out_dim': 80, 'L3_dropout': 0.007050717694278492, 'n_mlp_layers': 3, 'mlp_dim_0': 288, 'mlp_dim_1': 344, 'mlp_dim_2': 224, 'num_heads': 2, 'final_dropout': 0.09166434937688005, 'train_learning_rate': 0.0004064460523946081, 'train_lr_reduce': 0.6}. Best is trial 613 with value: 0.045173268765211105.
[I 2024-12-25 21:36:00,989] Trial 988 finished with value: 1.2193270921707153 and parameters: {'L1_hidden_dim': 64, 'L1_layers_atom': 4, 'L1_layers_mol': 4, 'L1_dropout': 0.22454792748778094, 'L1_out_dim': 112, 'L2_hidden_dim': 208, 'L2_layers_atom': 3, 'L2_layers_mol': 1, 'L2_out_dim': 96, 'L2_dropout': 0.009824814223809635, 'L3_hidden_dim': 48, 'L3_layers_atom': 1, 'L3_layers_mol': 2, 'L3_out_dim': 128, 'L3_dropout': 0.28577974565278924, 'n_mlp_layers': 2, 'mlp_dim_0': 32, 'mlp_dim_1': 464, 'num_heads': 1, 'final_dropout': 0.026105973379112482, 'train_learning_rate': 0.0007758382770553843, 'train_lr_reduce': 0.6}. Best is trial 613 with value: 0.045173268765211105.
[I 2024-12-25 21:36:50,903] Trial 985 finished with value: 0.07056419551372528 and parameters: {'L1_hidden_dim': 80, 'L1_layers_atom': 4, 'L1_layers_mol': 4, 'L1_dropout': 0.2674283676427789, 'L1_out_dim': 112, 'L2_hidden_dim': 144, 'L2_layers_atom': 3, 'L2_layers_mol': 2, 'L2_out_dim': 128, 'L2_dropout': 0.045506815143875015, 'L3_hidden_dim': 48, 'L3_layers_atom': 2, 'L3_layers_mol': 3, 'L3_out_dim': 128, 'L3_dropout': 0.2764404888161285, 'n_mlp_layers': 2, 'mlp_dim_0': 72, 'mlp_dim_1': 464, 'num_heads': 1, 'final_dropout': 0.07169046810904958, 'train_learning_rate': 0.00023123140977131815, 'train_lr_reduce': 0.6}. Best is trial 613 with value: 0.045173268765211105.
[I 2024-12-25 21:37:10,244] Trial 990 finished with value: 0.13791868090629578 and parameters: {'L1_hidden_dim': 96, 'L1_layers_atom': 4, 'L1_layers_mol': 1, 'L1_dropout': 0.017660878540315783, 'L1_out_dim': 64, 'L2_hidden_dim': 240, 'L2_layers_atom': 3, 'L2_layers_mol': 3, 'L2_out_dim': 128, 'L2_dropout': 0.014364936269654328, 'L3_hidden_dim': 128, 'L3_layers_atom': 2, 'L3_layers_mol': 1, 'L3_out_dim': 80, 'L3_dropout': 0.04163144908989767, 'n_mlp_layers': 3, 'mlp_dim_0': 248, 'mlp_dim_1': 288, 'mlp_dim_2': 160, 'num_heads': 1, 'final_dropout': 0.257457428431059, 'train_learning_rate': 0.005315635628031104, 'train_lr_reduce': 0.6}. Best is trial 613 with value: 0.045173268765211105.
[I 2024-12-25 21:38:31,981] Trial 989 finished with value: 0.09594929218292236 and parameters: {'L1_hidden_dim': 112, 'L1_layers_atom': 3, 'L1_layers_mol': 2, 'L1_dropout': 0.2977477627656026, 'L1_out_dim': 64, 'L2_hidden_dim': 192, 'L2_layers_atom': 1, 'L2_layers_mol': 4, 'L2_out_dim': 48, 'L2_dropout': 0.03772888365619398, 'L3_hidden_dim': 80, 'L3_layers_atom': 4, 'L3_layers_mol': 3, 'L3_out_dim': 112, 'L3_dropout': 0.1510835911598601, 'n_mlp_layers': 1, 'mlp_dim_0': 272, 'num_heads': 1, 'final_dropout': 0.15774520804567524, 'train_learning_rate': 0.0034500854660045027, 'train_lr_reduce': 0.6}. Best is trial 613 with value: 0.045173268765211105.
[I 2024-12-25 21:38:53,299] Trial 991 finished with value: 0.07964188605546951 and parameters: {'L1_hidden_dim': 144, 'L1_layers_atom': 4, 'L1_layers_mol': 2, 'L1_dropout': 0.24313099608494415, 'L1_out_dim': 64, 'L2_hidden_dim': 224, 'L2_layers_atom': 2, 'L2_layers_mol': 3, 'L2_out_dim': 32, 'L2_dropout': 0.048362447630476646, 'L3_hidden_dim': 48, 'L3_layers_atom': 3, 'L3_layers_mol': 3, 'L3_out_dim': 112, 'L3_dropout': 0.03331615323186662, 'n_mlp_layers': 3, 'mlp_dim_0': 416, 'mlp_dim_1': 360, 'mlp_dim_2': 88, 'num_heads': 1, 'final_dropout': 0.07875442731495128, 'train_learning_rate': 0.00024832051305277345, 'train_lr_reduce': 0.6}. Best is trial 613 with value: 0.045173268765211105.
