[I 2024-12-26 09:15:11,919] Trial 2284 finished with value: 0.8703803420066833 and parameters: {'L1_hidden_dim': 64, 'L1_layers_atom': 3, 'L1_layers_mol': 3, 'L1_dropout': 0.24124949492480777, 'L1_out_dim': 64, 'L2_hidden_dim': 144, 'L2_layers_atom': 2, 'L2_layers_mol': 2, 'L2_out_dim': 112, 'L2_dropout': 0.04431586414941315, 'L3_hidden_dim': 128, 'L3_layers_atom': 2, 'L3_layers_mol': 1, 'L3_out_dim': 112, 'L3_dropout': 0.13318282417119703, 'n_mlp_layers': 1, 'mlp_dim_0': 392, 'num_heads': 1, 'final_dropout': 0.08907117268078228, 'train_learning_rate': 0.002498078653814424, 'train_lr_reduce': 0.6}. Best is trial 1286 with value: 0.03935658559203148.
[I 2024-12-26 09:15:33,290] Trial 2285 finished with value: 1.1449846029281616 and parameters: {'L1_hidden_dim': 64, 'L1_layers_atom': 2, 'L1_layers_mol': 3, 'L1_dropout': 0.07182114552574838, 'L1_out_dim': 48, 'L2_hidden_dim': 128, 'L2_layers_atom': 4, 'L2_layers_mol': 1, 'L2_out_dim': 112, 'L2_dropout': 0.02951259934012146, 'L3_hidden_dim': 64, 'L3_layers_atom': 1, 'L3_layers_mol': 2, 'L3_out_dim': 64, 'L3_dropout': 0.10922425138510738, 'n_mlp_layers': 2, 'mlp_dim_0': 328, 'mlp_dim_1': 512, 'num_heads': 2, 'final_dropout': 0.13077752924476818, 'train_learning_rate': 0.00016923061474133168, 'train_lr_reduce': 0.6}. Best is trial 1286 with value: 0.03935658559203148.
[I 2024-12-26 09:15:35,098] Trial 2282 finished with value: 0.12559954822063446 and parameters: {'L1_hidden_dim': 176, 'L1_layers_atom': 1, 'L1_layers_mol': 3, 'L1_dropout': 0.024096054653120424, 'L1_out_dim': 48, 'L2_hidden_dim': 144, 'L2_layers_atom': 1, 'L2_layers_mol': 1, 'L2_out_dim': 64, 'L2_dropout': 0.2648868993465535, 'L3_hidden_dim': 64, 'L3_layers_atom': 2, 'L3_layers_mol': 4, 'L3_out_dim': 32, 'L3_dropout': 0.036223975809983475, 'n_mlp_layers': 3, 'mlp_dim_0': 152, 'mlp_dim_1': 336, 'mlp_dim_2': 80, 'num_heads': 1, 'final_dropout': 0.14996554525577055, 'train_learning_rate': 0.0002779429034668195, 'train_lr_reduce': 0.6}. Best is trial 1286 with value: 0.03935658559203148.
[I 2024-12-26 09:15:53,763] Trial 2286 finished with value: 0.8951561450958252 and parameters: {'L1_hidden_dim': 80, 'L1_layers_atom': 1, 'L1_layers_mol': 3, 'L1_dropout': 0.19595219225602625, 'L1_out_dim': 96, 'L2_hidden_dim': 256, 'L2_layers_atom': 4, 'L2_layers_mol': 3, 'L2_out_dim': 128, 'L2_dropout': 0.0663699992629821, 'L3_hidden_dim': 112, 'L3_layers_atom': 2, 'L3_layers_mol': 1, 'L3_out_dim': 112, 'L3_dropout': 0.15218976042015145, 'n_mlp_layers': 2, 'mlp_dim_0': 496, 'mlp_dim_1': 408, 'num_heads': 2, 'final_dropout': 0.046429817841017636, 'train_learning_rate': 0.002715763994253805, 'train_lr_reduce': 0.6}. Best is trial 1286 with value: 0.03935658559203148.
[I 2024-12-26 09:16:27,676] Trial 2283 finished with value: 0.08894763141870499 and parameters: {'L1_hidden_dim': 176, 'L1_layers_atom': 4, 'L1_layers_mol': 4, 'L1_dropout': 0.26527958852394734, 'L1_out_dim': 80, 'L2_hidden_dim': 192, 'L2_layers_atom': 1, 'L2_layers_mol': 2, 'L2_out_dim': 128, 'L2_dropout': 0.050102334168775436, 'L3_hidden_dim': 96, 'L3_layers_atom': 4, 'L3_layers_mol': 2, 'L3_out_dim': 80, 'L3_dropout': 0.27973406367455256, 'n_mlp_layers': 2, 'mlp_dim_0': 88, 'mlp_dim_1': 440, 'num_heads': 2, 'final_dropout': 0.01781429190362611, 'train_learning_rate': 0.007112611304698513, 'train_lr_reduce': 0.6}. Best is trial 1286 with value: 0.03935658559203148.
[I 2024-12-26 09:17:03,191] Trial 2287 finished with value: 0.11099167168140411 and parameters: {'L1_hidden_dim': 256, 'L1_layers_atom': 2, 'L1_layers_mol': 3, 'L1_dropout': 0.13515559565022484, 'L1_out_dim': 32, 'L2_hidden_dim': 80, 'L2_layers_atom': 2, 'L2_layers_mol': 1, 'L2_out_dim': 80, 'L2_dropout': 0.21267255514213212, 'L3_hidden_dim': 80, 'L3_layers_atom': 1, 'L3_layers_mol': 4, 'L3_out_dim': 128, 'L3_dropout': 0.29229751576932783, 'n_mlp_layers': 1, 'mlp_dim_0': 232, 'num_heads': 2, 'final_dropout': 0.21153922983349763, 'train_learning_rate': 0.0006526218729401745, 'train_lr_reduce': 0.6}. Best is trial 1286 with value: 0.03935658559203148.
[I 2024-12-26 09:17:22,323] Trial 2288 finished with value: 0.08132731169462204 and parameters: {'L1_hidden_dim': 112, 'L1_layers_atom': 3, 'L1_layers_mol': 2, 'L1_dropout': 0.2545535113534115, 'L1_out_dim': 64, 'L2_hidden_dim': 192, 'L2_layers_atom': 2, 'L2_layers_mol': 3, 'L2_out_dim': 32, 'L2_dropout': 0.0595725641352239, 'L3_hidden_dim': 48, 'L3_layers_atom': 4, 'L3_layers_mol': 1, 'L3_out_dim': 80, 'L3_dropout': 0.004686594960984513, 'n_mlp_layers': 3, 'mlp_dim_0': 312, 'mlp_dim_1': 480, 'mlp_dim_2': 336, 'num_heads': 1, 'final_dropout': 0.19535221787659063, 'train_learning_rate': 0.0014398994405677267, 'train_lr_reduce': 0.6}. Best is trial 1286 with value: 0.03935658559203148.
[I 2024-12-26 09:17:36,160] Trial 2289 finished with value: 0.08840234577655792 and parameters: {'L1_hidden_dim': 80, 'L1_layers_atom': 3, 'L1_layers_mol': 2, 'L1_dropout': 0.24371738809536916, 'L1_out_dim': 80, 'L2_hidden_dim': 240, 'L2_layers_atom': 2, 'L2_layers_mol': 4, 'L2_out_dim': 112, 'L2_dropout': 0.001062661788757485, 'L3_hidden_dim': 128, 'L3_layers_atom': 3, 'L3_layers_mol': 1, 'L3_out_dim': 80, 'L3_dropout': 0.10048552485646865, 'n_mlp_layers': 2, 'mlp_dim_0': 192, 'mlp_dim_1': 368, 'num_heads': 2, 'final_dropout': 0.17297493790339535, 'train_learning_rate': 0.003543736676866464, 'train_lr_reduce': 0.6}. Best is trial 1286 with value: 0.03935658559203148.
[I 2024-12-26 09:18:53,925] Trial 2290 finished with value: 0.07749270647764206 and parameters: {'L1_hidden_dim': 64, 'L1_layers_atom': 2, 'L1_layers_mol': 3, 'L1_dropout': 0.22108478138422472, 'L1_out_dim': 48, 'L2_hidden_dim': 224, 'L2_layers_atom': 3, 'L2_layers_mol': 4, 'L2_out_dim': 80, 'L2_dropout': 0.05678170410853396, 'L3_hidden_dim': 80, 'L3_layers_atom': 4, 'L3_layers_mol': 2, 'L3_out_dim': 48, 'L3_dropout': 0.2983230334336217, 'n_mlp_layers': 2, 'mlp_dim_0': 248, 'mlp_dim_1': 240, 'num_heads': 1, 'final_dropout': 0.08693216636281484, 'train_learning_rate': 0.0023790020863780604, 'train_lr_reduce': 0.6}. Best is trial 1286 with value: 0.03935658559203148.
[I 2024-12-26 09:19:08,899] Trial 2291 finished with value: 0.09547976404428482 and parameters: {'L1_hidden_dim': 208, 'L1_layers_atom': 3, 'L1_layers_mol': 1, 'L1_dropout': 0.04886010911618453, 'L1_out_dim': 112, 'L2_hidden_dim': 192, 'L2_layers_atom': 1, 'L2_layers_mol': 1, 'L2_out_dim': 64, 'L2_dropout': 0.2517609312518704, 'L3_hidden_dim': 128, 'L3_layers_atom': 3, 'L3_layers_mol': 3, 'L3_out_dim': 32, 'L3_dropout': 0.28243590400366314, 'n_mlp_layers': 2, 'mlp_dim_0': 96, 'mlp_dim_1': 304, 'num_heads': 2, 'final_dropout': 0.26876207520415457, 'train_learning_rate': 0.009792809126439128, 'train_lr_reduce': 0.6}. Best is trial 1286 with value: 0.03935658559203148.
[I 2024-12-26 09:19:39,728] Trial 2292 finished with value: 0.09417269378900528 and parameters: {'L1_hidden_dim': 256, 'L1_layers_atom': 1, 'L1_layers_mol': 4, 'L1_dropout': 0.1691146820150062, 'L1_out_dim': 64, 'L2_hidden_dim': 208, 'L2_layers_atom': 3, 'L2_layers_mol': 2, 'L2_out_dim': 48, 'L2_dropout': 0.026733127198387358, 'L3_hidden_dim': 128, 'L3_layers_atom': 4, 'L3_layers_mol': 4, 'L3_out_dim': 32, 'L3_dropout': 0.03338669170918562, 'n_mlp_layers': 2, 'mlp_dim_0': 240, 'mlp_dim_1': 472, 'num_heads': 1, 'final_dropout': 0.10890638965778379, 'train_learning_rate': 0.00016155753028478025, 'train_lr_reduce': 0.6}. Best is trial 1286 with value: 0.03935658559203148.
[I 2024-12-26 09:20:57,600] Trial 2293 finished with value: 0.057741887867450714 and parameters: {'L1_hidden_dim': 80, 'L1_layers_atom': 3, 'L1_layers_mol': 4, 'L1_dropout': 0.22269935902130522, 'L1_out_dim': 64, 'L2_hidden_dim': 256, 'L2_layers_atom': 3, 'L2_layers_mol': 1, 'L2_out_dim': 32, 'L2_dropout': 0.13577240319001432, 'L3_hidden_dim': 80, 'L3_layers_atom': 4, 'L3_layers_mol': 2, 'L3_out_dim': 48, 'L3_dropout': 0.002986268503598618, 'n_mlp_layers': 2, 'mlp_dim_0': 240, 'mlp_dim_1': 408, 'num_heads': 1, 'final_dropout': 0.22504959828088078, 'train_learning_rate': 0.002751460319032408, 'train_lr_reduce': 0.6}. Best is trial 1286 with value: 0.03935658559203148.
[I 2024-12-26 09:21:03,379] Trial 2294 finished with value: 0.06881530582904816 and parameters: {'L1_hidden_dim': 80, 'L1_layers_atom': 2, 'L1_layers_mol': 3, 'L1_dropout': 0.16811376524332758, 'L1_out_dim': 112, 'L2_hidden_dim': 224, 'L2_layers_atom': 4, 'L2_layers_mol': 4, 'L2_out_dim': 96, 'L2_dropout': 0.036584726301632994, 'L3_hidden_dim': 112, 'L3_layers_atom': 2, 'L3_layers_mol': 1, 'L3_out_dim': 96, 'L3_dropout': 0.17167732200485267, 'n_mlp_layers': 3, 'mlp_dim_0': 448, 'mlp_dim_1': 344, 'mlp_dim_2': 200, 'num_heads': 2, 'final_dropout': 0.04653790745943577, 'train_learning_rate': 0.0004991349900226761, 'train_lr_reduce': 0.6}. Best is trial 1286 with value: 0.03935658559203148.
[I 2024-12-26 09:21:17,813] Trial 2295 finished with value: 0.08985000103712082 and parameters: {'L1_hidden_dim': 240, 'L1_layers_atom': 4, 'L1_layers_mol': 2, 'L1_dropout': 0.04801208551566963, 'L1_out_dim': 32, 'L2_hidden_dim': 96, 'L2_layers_atom': 2, 'L2_layers_mol': 2, 'L2_out_dim': 48, 'L2_dropout': 0.0991183729580667, 'L3_hidden_dim': 32, 'L3_layers_atom': 1, 'L3_layers_mol': 4, 'L3_out_dim': 48, 'L3_dropout': 0.09433767927124846, 'n_mlp_layers': 1, 'mlp_dim_0': 320, 'num_heads': 2, 'final_dropout': 0.15487226199234758, 'train_learning_rate': 0.0027792635754317636, 'train_lr_reduce': 0.6}. Best is trial 1286 with value: 0.03935658559203148.
[I 2024-12-26 09:21:37,425] Trial 2298 finished with value: 1.1640738248825073 and parameters: {'L1_hidden_dim': 64, 'L1_layers_atom': 4, 'L1_layers_mol': 1, 'L1_dropout': 0.2845904872568958, 'L1_out_dim': 112, 'L2_hidden_dim': 208, 'L2_layers_atom': 4, 'L2_layers_mol': 1, 'L2_out_dim': 64, 'L2_dropout': 0.028541437344473043, 'L3_hidden_dim': 112, 'L3_layers_atom': 3, 'L3_layers_mol': 1, 'L3_out_dim': 96, 'L3_dropout': 0.29352648747725907, 'n_mlp_layers': 3, 'mlp_dim_0': 40, 'mlp_dim_1': 416, 'mlp_dim_2': 136, 'num_heads': 1, 'final_dropout': 0.0990054103035372, 'train_learning_rate': 0.00039638614291172096, 'train_lr_reduce': 0.6}. Best is trial 1286 with value: 0.03935658559203148.
[I 2024-12-26 09:22:40,379] Trial 2299 finished with value: 0.10679278522729874 and parameters: {'L1_hidden_dim': 96, 'L1_layers_atom': 2, 'L1_layers_mol': 3, 'L1_dropout': 0.007385001494007226, 'L1_out_dim': 128, 'L2_hidden_dim': 208, 'L2_layers_atom': 2, 'L2_layers_mol': 2, 'L2_out_dim': 64, 'L2_dropout': 0.21809969295416387, 'L3_hidden_dim': 112, 'L3_layers_atom': 2, 'L3_layers_mol': 2, 'L3_out_dim': 32, 'L3_dropout': 0.1856777005075371, 'n_mlp_layers': 3, 'mlp_dim_0': 504, 'mlp_dim_1': 512, 'mlp_dim_2': 72, 'num_heads': 2, 'final_dropout': 0.10926260595876647, 'train_learning_rate': 0.001950186822309363, 'train_lr_reduce': 0.6}. Best is trial 1286 with value: 0.03935658559203148.
[I 2024-12-26 09:22:49,737] Trial 2297 finished with value: 0.11724308878183365 and parameters: {'L1_hidden_dim': 80, 'L1_layers_atom': 2, 'L1_layers_mol': 4, 'L1_dropout': 0.09075327369765887, 'L1_out_dim': 32, 'L2_hidden_dim': 128, 'L2_layers_atom': 1, 'L2_layers_mol': 3, 'L2_out_dim': 112, 'L2_dropout': 0.2929841029606644, 'L3_hidden_dim': 48, 'L3_layers_atom': 4, 'L3_layers_mol': 4, 'L3_out_dim': 64, 'L3_dropout': 0.2170239966664632, 'n_mlp_layers': 3, 'mlp_dim_0': 280, 'mlp_dim_1': 376, 'mlp_dim_2': 32, 'num_heads': 1, 'final_dropout': 0.22796325649664473, 'train_learning_rate': 0.004766312517515522, 'train_lr_reduce': 0.6}. Best is trial 1286 with value: 0.03935658559203148.
[I 2024-12-26 09:22:56,543] Trial 2296 finished with value: 0.08576878160238266 and parameters: {'L1_hidden_dim': 80, 'L1_layers_atom': 2, 'L1_layers_mol': 4, 'L1_dropout': 0.17120213383391603, 'L1_out_dim': 96, 'L2_hidden_dim': 208, 'L2_layers_atom': 1, 'L2_layers_mol': 1, 'L2_out_dim': 112, 'L2_dropout': 0.009174162619735983, 'L3_hidden_dim': 112, 'L3_layers_atom': 2, 'L3_layers_mol': 1, 'L3_out_dim': 64, 'L3_dropout': 0.1739721349323283, 'n_mlp_layers': 2, 'mlp_dim_0': 416, 'mlp_dim_1': 448, 'num_heads': 2, 'final_dropout': 0.14618878136749422, 'train_learning_rate': 0.0021722403739605515, 'train_lr_reduce': 0.6}. Best is trial 1286 with value: 0.03935658559203148.
[I 2024-12-26 09:23:56,382] Trial 2302 finished with value: 0.0727153792977333 and parameters: {'L1_hidden_dim': 64, 'L1_layers_atom': 4, 'L1_layers_mol': 1, 'L1_dropout': 0.29661290630052595, 'L1_out_dim': 96, 'L2_hidden_dim': 208, 'L2_layers_atom': 3, 'L2_layers_mol': 1, 'L2_out_dim': 80, 'L2_dropout': 0.002666226340078739, 'L3_hidden_dim': 80, 'L3_layers_atom': 4, 'L3_layers_mol': 1, 'L3_out_dim': 80, 'L3_dropout': 0.26039768777132305, 'n_mlp_layers': 3, 'mlp_dim_0': 56, 'mlp_dim_1': 344, 'mlp_dim_2': 32, 'num_heads': 1, 'final_dropout': 0.004704335066566985, 'train_learning_rate': 0.001743327671481579, 'train_lr_reduce': 0.6}. Best is trial 1286 with value: 0.03935658559203148.
[I 2024-12-26 09:24:07,197] Trial 2300 finished with value: 0.09644046425819397 and parameters: {'L1_hidden_dim': 112, 'L1_layers_atom': 3, 'L1_layers_mol': 3, 'L1_dropout': 0.2398014745658652, 'L1_out_dim': 96, 'L2_hidden_dim': 240, 'L2_layers_atom': 1, 'L2_layers_mol': 2, 'L2_out_dim': 128, 'L2_dropout': 0.02218635080933761, 'L3_hidden_dim': 112, 'L3_layers_atom': 3, 'L3_layers_mol': 1, 'L3_out_dim': 112, 'L3_dropout': 0.2818999159135803, 'n_mlp_layers': 2, 'mlp_dim_0': 112, 'mlp_dim_1': 296, 'num_heads': 2, 'final_dropout': 0.12546865098288384, 'train_learning_rate': 0.0038122697923650287, 'train_lr_reduce': 0.6}. Best is trial 1286 with value: 0.03935658559203148.
[I 2024-12-26 09:25:17,109] Trial 2301 finished with value: 0.0683896541595459 and parameters: {'L1_hidden_dim': 224, 'L1_layers_atom': 1, 'L1_layers_mol': 1, 'L1_dropout': 0.21915650300135248, 'L1_out_dim': 32, 'L2_hidden_dim': 192, 'L2_layers_atom': 4, 'L2_layers_mol': 1, 'L2_out_dim': 32, 'L2_dropout': 0.004270321053837983, 'L3_hidden_dim': 48, 'L3_layers_atom': 3, 'L3_layers_mol': 3, 'L3_out_dim': 48, 'L3_dropout': 0.19547735774164826, 'n_mlp_layers': 3, 'mlp_dim_0': 368, 'mlp_dim_1': 472, 'mlp_dim_2': 152, 'num_heads': 2, 'final_dropout': 0.22252286229717572, 'train_learning_rate': 0.00010198237500453441, 'train_lr_reduce': 0.6}. Best is trial 1286 with value: 0.03935658559203148.
[I 2024-12-26 09:25:22,899] Trial 2303 finished with value: 0.084224633872509 and parameters: {'L1_hidden_dim': 80, 'L1_layers_atom': 2, 'L1_layers_mol': 3, 'L1_dropout': 0.18329737529798196, 'L1_out_dim': 80, 'L2_hidden_dim': 144, 'L2_layers_atom': 2, 'L2_layers_mol': 2, 'L2_out_dim': 96, 'L2_dropout': 0.08679735810257212, 'L3_hidden_dim': 128, 'L3_layers_atom': 3, 'L3_layers_mol': 1, 'L3_out_dim': 128, 'L3_dropout': 0.03736215786692111, 'n_mlp_layers': 2, 'mlp_dim_0': 288, 'mlp_dim_1': 440, 'num_heads': 1, 'final_dropout': 0.09097720006671178, 'train_learning_rate': 0.0006394918138402159, 'train_lr_reduce': 0.6}. Best is trial 1286 with value: 0.03935658559203148.
[I 2024-12-26 09:25:40,059] Trial 2304 finished with value: 0.09645005315542221 and parameters: {'L1_hidden_dim': 240, 'L1_layers_atom': 3, 'L1_layers_mol': 2, 'L1_dropout': 0.22099372388423766, 'L1_out_dim': 64, 'L2_hidden_dim': 192, 'L2_layers_atom': 1, 'L2_layers_mol': 2, 'L2_out_dim': 80, 'L2_dropout': 0.1088049416120639, 'L3_hidden_dim': 48, 'L3_layers_atom': 4, 'L3_layers_mol': 3, 'L3_out_dim': 64, 'L3_dropout': 0.2252112408165854, 'n_mlp_layers': 3, 'mlp_dim_0': 384, 'mlp_dim_1': 384, 'mlp_dim_2': 104, 'num_heads': 1, 'final_dropout': 0.11275047136071312, 'train_learning_rate': 0.00036549358497323467, 'train_lr_reduce': 0.6}. Best is trial 1286 with value: 0.03935658559203148.
[I 2024-12-26 09:26:48,277] Trial 2306 finished with value: 0.11434425413608551 and parameters: {'L1_hidden_dim': 160, 'L1_layers_atom': 3, 'L1_layers_mol': 4, 'L1_dropout': 0.22669158219622634, 'L1_out_dim': 80, 'L2_hidden_dim': 192, 'L2_layers_atom': 2, 'L2_layers_mol': 1, 'L2_out_dim': 96, 'L2_dropout': 0.029790066541609504, 'L3_hidden_dim': 128, 'L3_layers_atom': 3, 'L3_layers_mol': 2, 'L3_out_dim': 128, 'L3_dropout': 0.2892333326722755, 'n_mlp_layers': 2, 'mlp_dim_0': 280, 'mlp_dim_1': 184, 'num_heads': 2, 'final_dropout': 0.035497960674773774, 'train_learning_rate': 0.0037744212214867374, 'train_lr_reduce': 0.6}. Best is trial 1286 with value: 0.03935658559203148.
[I 2024-12-26 09:26:50,010] Trial 2305 finished with value: 0.11179008334875107 and parameters: {'L1_hidden_dim': 192, 'L1_layers_atom': 4, 'L1_layers_mol': 1, 'L1_dropout': 0.19558606791041838, 'L1_out_dim': 128, 'L2_hidden_dim': 144, 'L2_layers_atom': 1, 'L2_layers_mol': 4, 'L2_out_dim': 32, 'L2_dropout': 0.13040672883436144, 'L3_hidden_dim': 32, 'L3_layers_atom': 3, 'L3_layers_mol': 4, 'L3_out_dim': 64, 'L3_dropout': 0.19184840579053206, 'n_mlp_layers': 1, 'mlp_dim_0': 408, 'num_heads': 2, 'final_dropout': 0.08776992676849232, 'train_learning_rate': 0.0008523691730650847, 'train_lr_reduce': 0.6}. Best is trial 1286 with value: 0.03935658559203148.
[I 2024-12-26 09:27:04,706] Trial 2307 finished with value: 0.09001915901899338 and parameters: {'L1_hidden_dim': 224, 'L1_layers_atom': 3, 'L1_layers_mol': 2, 'L1_dropout': 0.2218156675299372, 'L1_out_dim': 48, 'L2_hidden_dim': 192, 'L2_layers_atom': 2, 'L2_layers_mol': 1, 'L2_out_dim': 64, 'L2_dropout': 0.09134162139404492, 'L3_hidden_dim': 64, 'L3_layers_atom': 4, 'L3_layers_mol': 4, 'L3_out_dim': 112, 'L3_dropout': 0.16287729269118567, 'n_mlp_layers': 1, 'mlp_dim_0': 216, 'num_heads': 1, 'final_dropout': 0.1781539595767125, 'train_learning_rate': 0.00017519493896414715, 'train_lr_reduce': 0.6}. Best is trial 1286 with value: 0.03935658559203148.
[I 2024-12-26 09:28:01,607] Trial 2310 finished with value: 0.13458320498466492 and parameters: {'L1_hidden_dim': 256, 'L1_layers_atom': 3, 'L1_layers_mol': 2, 'L1_dropout': 0.18738569285418666, 'L1_out_dim': 80, 'L2_hidden_dim': 256, 'L2_layers_atom': 3, 'L2_layers_mol': 1, 'L2_out_dim': 64, 'L2_dropout': 0.07068021357616469, 'L3_hidden_dim': 128, 'L3_layers_atom': 1, 'L3_layers_mol': 3, 'L3_out_dim': 48, 'L3_dropout': 0.20258657291926568, 'n_mlp_layers': 3, 'mlp_dim_0': 104, 'mlp_dim_1': 440, 'mlp_dim_2': 104, 'num_heads': 1, 'final_dropout': 0.03655458769677747, 'train_learning_rate': 0.005511789043186792, 'train_lr_reduce': 0.6}. Best is trial 1286 with value: 0.03935658559203148.
[I 2024-12-26 09:28:20,725] Trial 2308 finished with value: 0.09858474135398865 and parameters: {'L1_hidden_dim': 256, 'L1_layers_atom': 1, 'L1_layers_mol': 3, 'L1_dropout': 0.14057493201220583, 'L1_out_dim': 96, 'L2_hidden_dim': 240, 'L2_layers_atom': 1, 'L2_layers_mol': 1, 'L2_out_dim': 80, 'L2_dropout': 0.21430513721911942, 'L3_hidden_dim': 80, 'L3_layers_atom': 1, 'L3_layers_mol': 4, 'L3_out_dim': 128, 'L3_dropout': 0.1411336867272488, 'n_mlp_layers': 1, 'mlp_dim_0': 152, 'num_heads': 2, 'final_dropout': 0.2147690383013262, 'train_learning_rate': 0.00033500177464593586, 'train_lr_reduce': 0.6}. Best is trial 1286 with value: 0.03935658559203148.
[I 2024-12-26 09:28:33,005] Trial 2309 finished with value: 0.07029668241739273 and parameters: {'L1_hidden_dim': 64, 'L1_layers_atom': 4, 'L1_layers_mol': 4, 'L1_dropout': 0.2792784425048972, 'L1_out_dim': 80, 'L2_hidden_dim': 192, 'L2_layers_atom': 1, 'L2_layers_mol': 2, 'L2_out_dim': 112, 'L2_dropout': 0.01218249854064861, 'L3_hidden_dim': 112, 'L3_layers_atom': 4, 'L3_layers_mol': 2, 'L3_out_dim': 112, 'L3_dropout': 0.20581046806568598, 'n_mlp_layers': 2, 'mlp_dim_0': 336, 'mlp_dim_1': 264, 'num_heads': 1, 'final_dropout': 0.19341966167568764, 'train_learning_rate': 0.001047143018947285, 'train_lr_reduce': 0.6}. Best is trial 1286 with value: 0.03935658559203148.
[I 2024-12-26 09:29:20,170] Trial 2311 finished with value: 0.6150032877922058 and parameters: {'L1_hidden_dim': 96, 'L1_layers_atom': 2, 'L1_layers_mol': 4, 'L1_dropout': 0.14082046929517472, 'L1_out_dim': 96, 'L2_hidden_dim': 64, 'L2_layers_atom': 4, 'L2_layers_mol': 3, 'L2_out_dim': 32, 'L2_dropout': 0.295495521159827, 'L3_hidden_dim': 112, 'L3_layers_atom': 4, 'L3_layers_mol': 1, 'L3_out_dim': 48, 'L3_dropout': 0.016477005037431963, 'n_mlp_layers': 3, 'mlp_dim_0': 160, 'mlp_dim_1': 512, 'mlp_dim_2': 192, 'num_heads': 1, 'final_dropout': 0.229861277363683, 'train_learning_rate': 0.001086344712440771, 'train_lr_reduce': 0.6}. Best is trial 1286 with value: 0.03935658559203148.
[I 2024-12-26 09:29:24,173] Trial 2312 finished with value: 0.07128045707941055 and parameters: {'L1_hidden_dim': 64, 'L1_layers_atom': 3, 'L1_layers_mol': 4, 'L1_dropout': 0.28585801811359735, 'L1_out_dim': 32, 'L2_hidden_dim': 160, 'L2_layers_atom': 2, 'L2_layers_mol': 2, 'L2_out_dim': 64, 'L2_dropout': 0.12428050557267846, 'L3_hidden_dim': 128, 'L3_layers_atom': 4, 'L3_layers_mol': 2, 'L3_out_dim': 48, 'L3_dropout': 0.1478741205894233, 'n_mlp_layers': 3, 'mlp_dim_0': 208, 'mlp_dim_1': 336, 'mlp_dim_2': 64, 'num_heads': 1, 'final_dropout': 0.059876226961266196, 'train_learning_rate': 0.00220199308129419, 'train_lr_reduce': 0.6}. Best is trial 1286 with value: 0.03935658559203148.
[I 2024-12-26 09:29:56,080] Trial 2313 finished with value: 0.06777423620223999 and parameters: {'L1_hidden_dim': 80, 'L1_layers_atom': 4, 'L1_layers_mol': 4, 'L1_dropout': 0.20584701800638447, 'L1_out_dim': 80, 'L2_hidden_dim': 176, 'L2_layers_atom': 1, 'L2_layers_mol': 2, 'L2_out_dim': 128, 'L2_dropout': 0.052332818438866543, 'L3_hidden_dim': 80, 'L3_layers_atom': 3, 'L3_layers_mol': 1, 'L3_out_dim': 64, 'L3_dropout': 0.225629419508596, 'n_mlp_layers': 2, 'mlp_dim_0': 192, 'mlp_dim_1': 400, 'num_heads': 2, 'final_dropout': 0.04479366578372451, 'train_learning_rate': 0.001163827736437811, 'train_lr_reduce': 0.6}. Best is trial 1286 with value: 0.03935658559203148.
