[I 2024-12-04 16:18:03,658] Using an existing study with name 'Omega_xgb' instead of creating a new one.
[I 2024-12-04 16:18:10,581] Trial 116 finished with value: 0.5179676655980904 and parameters: {'n_estimators': 1500, 'max_depth': 12, 'learning_rate': 0.055445757076351854, 'subsample': 1.0, 'colsample_bytree': 0.6483477484843952, 'min_child_weight': 1, 'gamma': 0.001710905361619338, 'reg_alpha': 6.476614212020904e-05, 'reg_lambda': 0.011883071524657491}. Best is trial 101 with value: 0.5009639384899539.
[I 2024-12-04 16:18:13,772] Trial 119 finished with value: 0.5189559091886304 and parameters: {'n_estimators': 1500, 'max_depth': 12, 'learning_rate': 0.05545329877785735, 'subsample': 1.0, 'colsample_bytree': 0.6483304886062027, 'min_child_weight': 1, 'gamma': 0.0017157290999038155, 'reg_alpha': 6.494180622533325e-05, 'reg_lambda': 0.01188545017136429}. Best is trial 101 with value: 0.5009639384899539.
[I 2024-12-04 16:18:18,363] Trial 118 finished with value: 0.5141305841026692 and parameters: {'n_estimators': 1500, 'max_depth': 12, 'learning_rate': 0.05542423089951586, 'subsample': 1.0, 'colsample_bytree': 0.6483667163611903, 'min_child_weight': 1, 'gamma': 0.001711054547018768, 'reg_alpha': 6.47008763181945e-05, 'reg_lambda': 0.011841252676641852}. Best is trial 101 with value: 0.5009639384899539.
[I 2024-12-04 16:18:27,263] Trial 139 finished with value: 0.5155517409860514 and parameters: {'n_estimators': 1500, 'max_depth': 12, 'learning_rate': 0.05544104214526639, 'subsample': 1.0, 'colsample_bytree': 0.6483928356044291, 'min_child_weight': 1, 'gamma': 0.0017060807110566717, 'reg_alpha': 6.550760676062424e-05, 'reg_lambda': 0.011894762737499221}. Best is trial 101 with value: 0.5009639384899539.
[I 2024-12-04 16:18:28,467] Trial 132 finished with value: 0.5157551546472229 and parameters: {'n_estimators': 1500, 'max_depth': 12, 'learning_rate': 0.05544295168526056, 'subsample': 1.0, 'colsample_bytree': 0.6483489973114334, 'min_child_weight': 1, 'gamma': 0.0017105940008539967, 'reg_alpha': 6.470507432101363e-05, 'reg_lambda': 0.011886667718617577}. Best is trial 101 with value: 0.5009639384899539.
[I 2024-12-04 16:18:29,724] Trial 111 finished with value: 0.5198964619868988 and parameters: {'n_estimators': 1500, 'max_depth': 12, 'learning_rate': 0.05544604636425597, 'subsample': 1.0, 'colsample_bytree': 0.6483459248792283, 'min_child_weight': 1, 'gamma': 0.0017106623888277, 'reg_alpha': 6.474235894025249e-05, 'reg_lambda': 0.01188166383817875}. Best is trial 101 with value: 0.5009639384899539.
[I 2024-12-04 16:18:30,169] Trial 130 finished with value: 0.5178883173853082 and parameters: {'n_estimators': 1500, 'max_depth': 12, 'learning_rate': 0.055448372399436015, 'subsample': 1.0, 'colsample_bytree': 0.6484317402603288, 'min_child_weight': 1, 'gamma': 0.0017185141464324534, 'reg_alpha': 6.458140102537939e-05, 'reg_lambda': 0.011852529454474204}. Best is trial 101 with value: 0.5009639384899539.
[I 2024-12-04 16:18:30,281] Trial 115 finished with value: 0.5153822603980086 and parameters: {'n_estimators': 1500, 'max_depth': 12, 'learning_rate': 0.05544508043414602, 'subsample': 1.0, 'colsample_bytree': 0.6483018936167295, 'min_child_weight': 1, 'gamma': 0.0017004002793919771, 'reg_alpha': 6.481111152198837e-05, 'reg_lambda': 0.011815484134985834}. Best is trial 101 with value: 0.5009639384899539.
[I 2024-12-04 16:18:30,869] Trial 137 finished with value: 0.5201627147903587 and parameters: {'n_estimators': 1500, 'max_depth': 12, 'learning_rate': 0.05546866314238666, 'subsample': 1.0, 'colsample_bytree': 0.6483037941321838, 'min_child_weight': 1, 'gamma': 0.0017128174899673748, 'reg_alpha': 6.475972149707914e-05, 'reg_lambda': 0.012034850109639058}. Best is trial 101 with value: 0.5009639384899539.
[I 2024-12-04 16:18:30,927] Trial 126 finished with value: 0.5160261446636871 and parameters: {'n_estimators': 1500, 'max_depth': 12, 'learning_rate': 0.05543329265895138, 'subsample': 1.0, 'colsample_bytree': 0.6483118193231285, 'min_child_weight': 1, 'gamma': 0.0017055534731726684, 'reg_alpha': 6.462920854039041e-05, 'reg_lambda': 0.011836081246776453}. Best is trial 101 with value: 0.5009639384899539.
[I 2024-12-04 16:18:32,121] Trial 133 finished with value: 0.5143857467177425 and parameters: {'n_estimators': 1500, 'max_depth': 12, 'learning_rate': 0.05542838292078001, 'subsample': 1.0, 'colsample_bytree': 0.6483243708995701, 'min_child_weight': 1, 'gamma': 0.0017107502136648098, 'reg_alpha': 6.470194623753561e-05, 'reg_lambda': 0.01189884845838583}. Best is trial 101 with value: 0.5009639384899539.
[I 2024-12-04 16:18:33,347] Trial 136 finished with value: 0.5171825786245047 and parameters: {'n_estimators': 1500, 'max_depth': 12, 'learning_rate': 0.055447387015545316, 'subsample': 1.0, 'colsample_bytree': 0.6483427897648942, 'min_child_weight': 1, 'gamma': 0.0017114780872047842, 'reg_alpha': 6.467501628720868e-05, 'reg_lambda': 0.011920989159458216}. Best is trial 101 with value: 0.5009639384899539.
[I 2024-12-04 16:18:33,805] Trial 134 finished with value: 0.515492135272939 and parameters: {'n_estimators': 1500, 'max_depth': 12, 'learning_rate': 0.05540524662811916, 'subsample': 1.0, 'colsample_bytree': 0.6483179005729747, 'min_child_weight': 1, 'gamma': 0.0017076993828635078, 'reg_alpha': 6.464234594649265e-05, 'reg_lambda': 0.011868875327900694}. Best is trial 101 with value: 0.5009639384899539.
[I 2024-12-04 16:18:34,709] Trial 125 finished with value: 0.5164360233437449 and parameters: {'n_estimators': 1500, 'max_depth': 12, 'learning_rate': 0.055462261016113366, 'subsample': 1.0, 'colsample_bytree': 0.6483375777337996, 'min_child_weight': 1, 'gamma': 0.0017110047895868184, 'reg_alpha': 6.471562004337791e-05, 'reg_lambda': 0.011953609044078899}. Best is trial 101 with value: 0.5009639384899539.
[I 2024-12-04 16:18:35,004] Trial 114 finished with value: 0.5136083677548642 and parameters: {'n_estimators': 1500, 'max_depth': 12, 'learning_rate': 0.05543277295566794, 'subsample': 1.0, 'colsample_bytree': 0.6482520909462779, 'min_child_weight': 1, 'gamma': 0.0017079500099129335, 'reg_alpha': 6.467785469241326e-05, 'reg_lambda': 0.011907117103207144}. Best is trial 101 with value: 0.5009639384899539.
[I 2024-12-04 16:18:35,505] Trial 138 finished with value: 0.5156123329036986 and parameters: {'n_estimators': 1500, 'max_depth': 12, 'learning_rate': 0.055455680680722076, 'subsample': 1.0, 'colsample_bytree': 0.6482913418570495, 'min_child_weight': 1, 'gamma': 0.0017064821402260953, 'reg_alpha': 6.501565419673841e-05, 'reg_lambda': 0.011799096447960808}. Best is trial 101 with value: 0.5009639384899539.
[I 2024-12-04 16:18:35,548] Trial 110 finished with value: 0.5129820963436209 and parameters: {'n_estimators': 1500, 'max_depth': 12, 'learning_rate': 0.05539211511044563, 'subsample': 1.0, 'colsample_bytree': 0.6483056314305095, 'min_child_weight': 1, 'gamma': 0.0017055008910245699, 'reg_alpha': 6.458729523561506e-05, 'reg_lambda': 0.011834684581423768}. Best is trial 101 with value: 0.5009639384899539.
[I 2024-12-04 16:18:36,080] Trial 135 finished with value: 0.5453001065035772 and parameters: {'n_estimators': 1500, 'max_depth': 12, 'learning_rate': 0.01070799466365921, 'subsample': 0.8501568274138793, 'colsample_bytree': 0.7043606320077338, 'min_child_weight': 1, 'gamma': 0.4999999999999991, 'reg_alpha': 0.0052429957185577145, 'reg_lambda': 0.04500631084874558}. Best is trial 101 with value: 0.5009639384899539.
[I 2024-12-04 16:18:37,278] Trial 127 finished with value: 0.5198964657701003 and parameters: {'n_estimators': 1500, 'max_depth': 12, 'learning_rate': 0.05544604537866108, 'subsample': 1.0, 'colsample_bytree': 0.6483460789021309, 'min_child_weight': 1, 'gamma': 0.001710669782358957, 'reg_alpha': 6.47435009000191e-05, 'reg_lambda': 0.011881637727555754}. Best is trial 101 with value: 0.5009639384899539.
[I 2024-12-04 16:18:37,670] Trial 120 finished with value: 0.5155517409860514 and parameters: {'n_estimators': 1500, 'max_depth': 12, 'learning_rate': 0.05544104214526639, 'subsample': 1.0, 'colsample_bytree': 0.6483928356044291, 'min_child_weight': 1, 'gamma': 0.0017060807110566717, 'reg_alpha': 6.550760676062424e-05, 'reg_lambda': 0.011894762737499221}. Best is trial 101 with value: 0.5009639384899539.
[I 2024-12-04 16:18:37,828] Trial 131 finished with value: 0.5144904962120974 and parameters: {'n_estimators': 1500, 'max_depth': 12, 'learning_rate': 0.055422523953537674, 'subsample': 1.0, 'colsample_bytree': 0.648337158146245, 'min_child_weight': 1, 'gamma': 0.0017121514092173534, 'reg_alpha': 6.485973265327767e-05, 'reg_lambda': 0.011906591123723761}. Best is trial 101 with value: 0.5009639384899539.
[I 2024-12-04 16:18:37,876] Trial 129 finished with value: 0.5118528533394593 and parameters: {'n_estimators': 1500, 'max_depth': 12, 'learning_rate': 0.05539148839738285, 'subsample': 1.0, 'colsample_bytree': 0.6483015401025808, 'min_child_weight': 1, 'gamma': 0.0017049066545170638, 'reg_alpha': 6.46206452000371e-05, 'reg_lambda': 0.011842311065130316}. Best is trial 101 with value: 0.5009639384899539.
[I 2024-12-04 16:18:38,074] Trial 117 finished with value: 0.5194754985548435 and parameters: {'n_estimators': 1500, 'max_depth': 12, 'learning_rate': 0.05544856326438088, 'subsample': 1.0, 'colsample_bytree': 0.648355239634405, 'min_child_weight': 1, 'gamma': 0.0017096021578114596, 'reg_alpha': 6.484815817547104e-05, 'reg_lambda': 0.01181571669554894}. Best is trial 101 with value: 0.5009639384899539.
[I 2024-12-04 16:18:38,138] Trial 113 finished with value: 0.5184980705190483 and parameters: {'n_estimators': 1500, 'max_depth': 12, 'learning_rate': 0.05545341957163587, 'subsample': 1.0, 'colsample_bytree': 0.6484195390104395, 'min_child_weight': 1, 'gamma': 0.0017065735343799967, 'reg_alpha': 6.531796941915278e-05, 'reg_lambda': 0.011861774161548445}. Best is trial 101 with value: 0.5009639384899539.
[I 2024-12-04 16:18:38,714] Trial 140 finished with value: 0.5458147012732905 and parameters: {'n_estimators': 1500, 'max_depth': 12, 'learning_rate': 0.010710868278405561, 'subsample': 0.8501723891237306, 'colsample_bytree': 0.7043595667609401, 'min_child_weight': 1, 'gamma': 0.4999999999999991, 'reg_alpha': 0.005271745052586218, 'reg_lambda': 0.045075270604034025}. Best is trial 101 with value: 0.5009639384899539.
[I 2024-12-04 16:18:39,822] Trial 123 finished with value: 0.5455914194605644 and parameters: {'n_estimators': 1500, 'max_depth': 12, 'learning_rate': 0.01074152960155511, 'subsample': 0.8503437364068048, 'colsample_bytree': 0.7044412421676686, 'min_child_weight': 1, 'gamma': 0.4999999999999991, 'reg_alpha': 0.005259594298015572, 'reg_lambda': 0.04511051333040123}. Best is trial 101 with value: 0.5009639384899539.
[I 2024-12-04 16:18:39,941] Trial 112 finished with value: 0.5162227722760874 and parameters: {'n_estimators': 1500, 'max_depth': 12, 'learning_rate': 0.05544375370654937, 'subsample': 1.0, 'colsample_bytree': 0.64836098761785, 'min_child_weight': 1, 'gamma': 0.0017082446137481897, 'reg_alpha': 6.49397695234249e-05, 'reg_lambda': 0.011927976163638795}. Best is trial 101 with value: 0.5009639384899539.
[I 2024-12-04 16:18:40,499] Trial 122 finished with value: 0.5138667774325317 and parameters: {'n_estimators': 1500, 'max_depth': 12, 'learning_rate': 0.055425260744040535, 'subsample': 1.0, 'colsample_bytree': 0.648305818804273, 'min_child_weight': 1, 'gamma': 0.0017010662130873813, 'reg_alpha': 6.492711355152312e-05, 'reg_lambda': 0.011808079934207759}. Best is trial 101 with value: 0.5009639384899539.
[I 2024-12-04 16:18:40,642] Trial 142 finished with value: 0.5457075383355531 and parameters: {'n_estimators': 1500, 'max_depth': 12, 'learning_rate': 0.010706015520144014, 'subsample': 0.8501015576133693, 'colsample_bytree': 0.7043084301041542, 'min_child_weight': 1, 'gamma': 0.5, 'reg_alpha': 0.005276867205533832, 'reg_lambda': 0.0451818482302914}. Best is trial 101 with value: 0.5009639384899539.
[I 2024-12-04 16:18:41,031] Trial 121 finished with value: 0.5162016091585785 and parameters: {'n_estimators': 1500, 'max_depth': 12, 'learning_rate': 0.05541608033376993, 'subsample': 1.0, 'colsample_bytree': 0.6484318788794466, 'min_child_weight': 1, 'gamma': 0.0017132373591213438, 'reg_alpha': 6.482292045157735e-05, 'reg_lambda': 0.011907350815218848}. Best is trial 101 with value: 0.5009639384899539.
[I 2024-12-04 16:18:41,215] Trial 143 finished with value: 0.5415478258455102 and parameters: {'n_estimators': 1500, 'max_depth': 12, 'learning_rate': 0.01033373991523946, 'subsample': 0.8467361364823686, 'colsample_bytree': 0.7022498124095968, 'min_child_weight': 1, 'gamma': 0.5, 'reg_alpha': 0.005348948036510331, 'reg_lambda': 0.053135521970920606}. Best is trial 101 with value: 0.5009639384899539.
[I 2024-12-04 16:18:41,434] Trial 128 finished with value: 0.5180975908681325 and parameters: {'n_estimators': 1500, 'max_depth': 12, 'learning_rate': 0.055454894507820277, 'subsample': 1.0, 'colsample_bytree': 0.648290503382902, 'min_child_weight': 1, 'gamma': 0.0017086794956828453, 'reg_alpha': 6.488088956892203e-05, 'reg_lambda': 0.011901477047100836}. Best is trial 101 with value: 0.5009639384899539.
[I 2024-12-04 16:18:41,964] Trial 141 finished with value: 0.5451134273822139 and parameters: {'n_estimators': 1500, 'max_depth': 12, 'learning_rate': 0.010714751382039266, 'subsample': 0.8502209698750164, 'colsample_bytree': 0.7043611880748814, 'min_child_weight': 1, 'gamma': 0.4999999999999991, 'reg_alpha': 0.005265942768754918, 'reg_lambda': 0.04516016960622342}. Best is trial 101 with value: 0.5009639384899539.
[I 2024-12-04 16:18:43,044] Trial 124 finished with value: 0.5163093614588791 and parameters: {'n_estimators': 1500, 'max_depth': 12, 'learning_rate': 0.055460814869013865, 'subsample': 1.0, 'colsample_bytree': 0.6483553136983476, 'min_child_weight': 1, 'gamma': 0.0017112612111046302, 'reg_alpha': 6.478808069775851e-05, 'reg_lambda': 0.011889832784249623}. Best is trial 101 with value: 0.5009639384899539.
[I 2024-12-04 16:18:43,816] Trial 144 finished with value: 0.5428328732198361 and parameters: {'n_estimators': 1500, 'max_depth': 12, 'learning_rate': 0.010600942327796133, 'subsample': 0.848898476684224, 'colsample_bytree': 0.7042723512178541, 'min_child_weight': 1, 'gamma': 0.5, 'reg_alpha': 0.005185288984374055, 'reg_lambda': 0.04834126864099665}. Best is trial 101 with value: 0.5009639384899539.
[I 2024-12-04 16:18:44,161] Trial 145 finished with value: 0.5415916310520906 and parameters: {'n_estimators': 1500, 'max_depth': 12, 'learning_rate': 0.010447657758828251, 'subsample': 0.847268782996502, 'colsample_bytree': 0.7041899969549261, 'min_child_weight': 1, 'gamma': 0.5, 'reg_alpha': 0.005101803714135727, 'reg_lambda': 0.05500646986133402}. Best is trial 101 with value: 0.5009639384899539.
[I 2024-12-04 16:18:45,409] Trial 147 finished with value: 0.5452801645437232 and parameters: {'n_estimators': 1500, 'max_depth': 12, 'learning_rate': 0.010000000000000004, 'subsample': 0.8430077898079282, 'colsample_bytree': 0.7020556577580831, 'min_child_weight': 1, 'gamma': 0.4999999999999991, 'reg_alpha': 0.005229165636609637, 'reg_lambda': 0.06465059936609369}. Best is trial 101 with value: 0.5009639384899539.
[I 2024-12-04 16:18:45,443] Trial 146 finished with value: 0.5423841862426294 and parameters: {'n_estimators': 1500, 'max_depth': 12, 'learning_rate': 0.010456667585508301, 'subsample': 0.847255073637794, 'colsample_bytree': 0.7043318822665359, 'min_child_weight': 1, 'gamma': 0.5, 'reg_alpha': 0.00510849011418285, 'reg_lambda': 0.05416515304606898}. Best is trial 101 with value: 0.5009639384899539.
[I 2024-12-04 16:18:50,839] Trial 149 finished with value: 0.5468628023035296 and parameters: {'n_estimators': 1500, 'max_depth': 12, 'learning_rate': 0.010000000000000004, 'subsample': 0.8421044771511113, 'colsample_bytree': 0.7020094483071507, 'min_child_weight': 1, 'gamma': 0.5, 'reg_alpha': 0.005147008825919979, 'reg_lambda': 0.07217542472161013}. Best is trial 101 with value: 0.5009639384899539.
[I 2024-12-04 16:18:51,293] Trial 150 finished with value: 0.5486899743256224 and parameters: {'n_estimators': 1500, 'max_depth': 12, 'learning_rate': 0.010000000000000004, 'subsample': 0.8416582922520235, 'colsample_bytree': 0.7021617038751514, 'min_child_weight': 1, 'gamma': 0.5, 'reg_alpha': 0.005050119670972971, 'reg_lambda': 0.07555701603946607}. Best is trial 101 with value: 0.5009639384899539.
[I 2024-12-04 16:18:55,501] Trial 148 finished with value: 0.5461242130458157 and parameters: {'n_estimators': 1500, 'max_depth': 12, 'learning_rate': 0.010000000000000004, 'subsample': 0.8425522159045984, 'colsample_bytree': 0.7021611176224501, 'min_child_weight': 1, 'gamma': 0.5, 'reg_alpha': 0.0051611984191174826, 'reg_lambda': 0.06843515404988006}. Best is trial 101 with value: 0.5009639384899539.
[I 2024-12-04 16:18:56,157] Trial 151 finished with value: 0.5469595139821999 and parameters: {'n_estimators': 1500, 'max_depth': 12, 'learning_rate': 0.010000000000000004, 'subsample': 0.8409733543742366, 'colsample_bytree': 0.7021673035091496, 'min_child_weight': 1, 'gamma': 0.4999999999999991, 'reg_alpha': 0.00503430281653524, 'reg_lambda': 0.08100291852245098}. Best is trial 101 with value: 0.5009639384899539.
[I 2024-12-04 16:18:56,696] Trial 152 finished with value: 0.5131026918291315 and parameters: {'n_estimators': 1500, 'max_depth': 12, 'learning_rate': 0.010000000000000004, 'subsample': 0.9823343861750069, 'colsample_bytree': 0.5, 'min_child_weight': 1, 'gamma': 3.0236519257411046e-05, 'reg_alpha': 1e-05, 'reg_lambda': 0.4999999999999991}. Best is trial 101 with value: 0.5009639384899539.
[I 2024-12-04 16:18:57,653] Trial 153 finished with value: 0.5473843154834092 and parameters: {'n_estimators': 1500, 'max_depth': 12, 'learning_rate': 0.010000000000000004, 'subsample': 0.8409440844469573, 'colsample_bytree': 0.7021348450643095, 'min_child_weight': 1, 'gamma': 0.4999999999999991, 'reg_alpha': 0.005048445742014765, 'reg_lambda': 0.08123097387978585}. Best is trial 101 with value: 0.5009639384899539.
[I 2024-12-04 16:19:00,509] Trial 162 finished with value: 0.5126593444957704 and parameters: {'n_estimators': 1500, 'max_depth': 12, 'learning_rate': 0.010000000000000004, 'subsample': 0.9881971167198608, 'colsample_bytree': 0.5, 'min_child_weight': 1, 'gamma': 4.366161189111403e-05, 'reg_alpha': 1e-05, 'reg_lambda': 0.5}. Best is trial 101 with value: 0.5009639384899539.
[I 2024-12-04 16:19:00,746] Trial 154 finished with value: 0.5127130483399059 and parameters: {'n_estimators': 1500, 'max_depth': 12, 'learning_rate': 0.010000000000000004, 'subsample': 0.9846486566608585, 'colsample_bytree': 0.5, 'min_child_weight': 1, 'gamma': 2.926369837070201e-05, 'reg_alpha': 1e-05, 'reg_lambda': 0.5}. Best is trial 101 with value: 0.5009639384899539.
[I 2024-12-04 16:19:02,107] Trial 156 finished with value: 0.5129310166443577 and parameters: {'n_estimators': 1500, 'max_depth': 12, 'learning_rate': 0.010000000000000004, 'subsample': 0.9846262972638402, 'colsample_bytree': 0.5, 'min_child_weight': 1, 'gamma': 2.951727138631675e-05, 'reg_alpha': 1e-05, 'reg_lambda': 0.5}. Best is trial 101 with value: 0.5009639384899539.
[I 2024-12-04 16:19:05,035] Trial 157 finished with value: 0.5126668274213771 and parameters: {'n_estimators': 1500, 'max_depth': 12, 'learning_rate': 0.010000000000000004, 'subsample': 0.9841591260906399, 'colsample_bytree': 0.5, 'min_child_weight': 1, 'gamma': 2.888607001610242e-05, 'reg_alpha': 1e-05, 'reg_lambda': 0.5}. Best is trial 101 with value: 0.5009639384899539.
[I 2024-12-04 16:19:05,803] Trial 155 finished with value: 0.51307972596194 and parameters: {'n_estimators': 1500, 'max_depth': 12, 'learning_rate': 0.010000000000000004, 'subsample': 0.9848518096129033, 'colsample_bytree': 0.5, 'min_child_weight': 1, 'gamma': 2.91375771320198e-05, 'reg_alpha': 1e-05, 'reg_lambda': 0.5}. Best is trial 101 with value: 0.5009639384899539.
[I 2024-12-04 16:19:06,604] Trial 164 finished with value: 0.5134519075536306 and parameters: {'n_estimators': 1500, 'max_depth': 12, 'learning_rate': 0.010000000000000004, 'subsample': 0.983352714805308, 'colsample_bytree': 0.5, 'min_child_weight': 1, 'gamma': 2.9055259782757967e-05, 'reg_alpha': 1e-05, 'reg_lambda': 0.5}. Best is trial 101 with value: 0.5009639384899539.
[I 2024-12-04 16:19:08,031] Trial 158 finished with value: 0.5131252118072536 and parameters: {'n_estimators': 1500, 'max_depth': 12, 'learning_rate': 0.010000000000000004, 'subsample': 0.9842495251339992, 'colsample_bytree': 0.5, 'min_child_weight': 1, 'gamma': 2.971908773926887e-05, 'reg_alpha': 1e-05, 'reg_lambda': 0.4999999999999991}. Best is trial 101 with value: 0.5009639384899539.
[I 2024-12-04 16:19:08,031] Trial 165 finished with value: 0.5105992329187503 and parameters: {'n_estimators': 1500, 'max_depth': 12, 'learning_rate': 0.010000000000000004, 'subsample': 0.9880263016113247, 'colsample_bytree': 0.5, 'min_child_weight': 1, 'gamma': 4.377059133971524e-05, 'reg_alpha': 1e-05, 'reg_lambda': 0.5}. Best is trial 101 with value: 0.5009639384899539.
[I 2024-12-04 16:19:08,661] Trial 159 finished with value: 0.512075883628097 and parameters: {'n_estimators': 1500, 'max_depth': 12, 'learning_rate': 0.010000000000000004, 'subsample': 0.9880572835688777, 'colsample_bytree': 0.5, 'min_child_weight': 1, 'gamma': 4.329703955292138e-05, 'reg_alpha': 1e-05, 'reg_lambda': 0.5}. Best is trial 101 with value: 0.5009639384899539.
[I 2024-12-04 16:19:10,597] Trial 172 finished with value: 0.5125762809117818 and parameters: {'n_estimators': 1500, 'max_depth': 12, 'learning_rate': 0.010000000000000004, 'subsample': 0.9878370999614949, 'colsample_bytree': 0.5, 'min_child_weight': 1, 'gamma': 4.984587076292199e-05, 'reg_alpha': 1e-05, 'reg_lambda': 0.5}. Best is trial 101 with value: 0.5009639384899539.
