[I 2024-12-19 08:13:46,012] Trial 573 finished with value: 1.144238829612732 and parameters: {'mlp_n_layers': 2, 'mlp_dim_00': 448, 'mlp_dim_01': 508, 'node_hidden_dim': 104, 'edge_hidden_dim': 84, 'depth': 3, 'rep_dropout': 0.09282422320963093, 'train_learning_rate': 0.004341354409862534, 'train_lr_reduce': 0.6}. Best is trial 231 with value: 0.17593608796596527.
[I 2024-12-19 08:13:46,077] Trial 570 finished with value: 0.3012876510620117 and parameters: {'mlp_n_layers': 2, 'mlp_dim_00': 356, 'mlp_dim_01': 512, 'node_hidden_dim': 114, 'edge_hidden_dim': 68, 'depth': 2, 'rep_dropout': 0.017645488216522773, 'train_learning_rate': 0.00601809304807267, 'train_lr_reduce': 0.6}. Best is trial 231 with value: 0.17593608796596527.
[I 2024-12-19 08:13:52,219] Trial 575 finished with value: 1.1426435708999634 and parameters: {'mlp_n_layers': 4, 'mlp_dim_00': 304, 'mlp_dim_01': 410, 'mlp_dim_02': 461, 'mlp_dim_03': 184, 'node_hidden_dim': 44, 'edge_hidden_dim': 42, 'depth': 2, 'rep_dropout': 0.17850735886828312, 'train_learning_rate': 0.001591121915521455, 'train_lr_reduce': 0.6}. Best is trial 231 with value: 0.17593608796596527.
[I 2024-12-19 08:13:53,316] Trial 574 finished with value: 1.1443392038345337 and parameters: {'mlp_n_layers': 4, 'mlp_dim_00': 419, 'mlp_dim_01': 357, 'mlp_dim_02': 437, 'mlp_dim_03': 300, 'node_hidden_dim': 110, 'edge_hidden_dim': 69, 'depth': 3, 'rep_dropout': 0.0040953924352941755, 'train_learning_rate': 0.0068546971346790326, 'train_lr_reduce': 0.6}. Best is trial 231 with value: 0.17593608796596527.
[I 2024-12-19 08:13:57,817] Trial 572 finished with value: 0.24080097675323486 and parameters: {'mlp_n_layers': 2, 'mlp_dim_00': 233, 'mlp_dim_01': 383, 'node_hidden_dim': 81, 'edge_hidden_dim': 33, 'depth': 2, 'rep_dropout': 0.07143609872831931, 'train_learning_rate': 0.009591617206708456, 'train_lr_reduce': 0.6}. Best is trial 231 with value: 0.17593608796596527.
[I 2024-12-19 08:13:59,489] Trial 577 finished with value: 1.144458293914795 and parameters: {'mlp_n_layers': 4, 'mlp_dim_00': 266, 'mlp_dim_01': 414, 'mlp_dim_02': 463, 'mlp_dim_03': 68, 'node_hidden_dim': 102, 'edge_hidden_dim': 54, 'depth': 2, 'rep_dropout': 0.12582575073273178, 'train_learning_rate': 0.007998598059134833, 'train_lr_reduce': 0.6}. Best is trial 231 with value: 0.17593608796596527.
[I 2024-12-19 08:14:14,700] Trial 576 finished with value: 0.2941017746925354 and parameters: {'mlp_n_layers': 2, 'mlp_dim_00': 473, 'mlp_dim_01': 413, 'node_hidden_dim': 119, 'edge_hidden_dim': 48, 'depth': 2, 'rep_dropout': 0.026249317744755668, 'train_learning_rate': 0.008518406453688305, 'train_lr_reduce': 0.6}. Best is trial 231 with value: 0.17593608796596527.
[I 2024-12-19 08:14:17,856] Trial 579 finished with value: 0.3752308785915375 and parameters: {'mlp_n_layers': 2, 'mlp_dim_00': 209, 'mlp_dim_01': 404, 'node_hidden_dim': 79, 'edge_hidden_dim': 52, 'depth': 2, 'rep_dropout': 0.054784184292736515, 'train_learning_rate': 0.005969176300472293, 'train_lr_reduce': 0.6}. Best is trial 231 with value: 0.17593608796596527.
[I 2024-12-19 08:14:19,866] Trial 578 finished with value: 0.3596642017364502 and parameters: {'mlp_n_layers': 2, 'mlp_dim_00': 478, 'mlp_dim_01': 496, 'node_hidden_dim': 100, 'edge_hidden_dim': 71, 'depth': 2, 'rep_dropout': 0.030285435328112453, 'train_learning_rate': 0.008385654726109543, 'train_lr_reduce': 0.6}. Best is trial 231 with value: 0.17593608796596527.
[I 2024-12-19 08:14:27,310] Trial 580 finished with value: 0.8842833042144775 and parameters: {'mlp_n_layers': 2, 'mlp_dim_00': 487, 'mlp_dim_01': 509, 'node_hidden_dim': 127, 'edge_hidden_dim': 76, 'depth': 3, 'rep_dropout': 0.00123470162182851, 'train_learning_rate': 0.008276412842289907, 'train_lr_reduce': 0.6}. Best is trial 231 with value: 0.17593608796596527.
[I 2024-12-19 08:14:36,949] Trial 581 finished with value: 0.27049052715301514 and parameters: {'mlp_n_layers': 2, 'mlp_dim_00': 291, 'mlp_dim_01': 381, 'node_hidden_dim': 89, 'edge_hidden_dim': 34, 'depth': 2, 'rep_dropout': 0.036167643416065286, 'train_learning_rate': 0.008406277259554258, 'train_lr_reduce': 0.6}. Best is trial 231 with value: 0.17593608796596527.
[I 2024-12-19 08:14:40,063] Trial 582 finished with value: 0.2756347954273224 and parameters: {'mlp_n_layers': 2, 'mlp_dim_00': 299, 'mlp_dim_01': 333, 'node_hidden_dim': 67, 'edge_hidden_dim': 54, 'depth': 2, 'rep_dropout': 0.08247239212437757, 'train_learning_rate': 0.0063866805455153695, 'train_lr_reduce': 0.6}. Best is trial 231 with value: 0.17593608796596527.
[I 2024-12-19 08:14:41,044] Trial 583 finished with value: 1.0438987016677856 and parameters: {'mlp_n_layers': 3, 'mlp_dim_00': 154, 'mlp_dim_01': 380, 'mlp_dim_02': 432, 'node_hidden_dim': 88, 'edge_hidden_dim': 60, 'depth': 3, 'rep_dropout': 0.11930899891898211, 'train_learning_rate': 0.005960288167513389, 'train_lr_reduce': 0.6}. Best is trial 231 with value: 0.17593608796596527.
[I 2024-12-19 08:14:42,527] Trial 584 finished with value: 1.149122953414917 and parameters: {'mlp_n_layers': 3, 'mlp_dim_00': 395, 'mlp_dim_01': 220, 'mlp_dim_02': 468, 'node_hidden_dim': 85, 'edge_hidden_dim': 42, 'depth': 2, 'rep_dropout': 0.010631537155649774, 'train_learning_rate': 0.002385405005449889, 'train_lr_reduce': 0.6}. Best is trial 231 with value: 0.17593608796596527.
[I 2024-12-19 08:14:46,754] Trial 585 finished with value: 1.1424789428710938 and parameters: {'mlp_n_layers': 4, 'mlp_dim_00': 150, 'mlp_dim_01': 343, 'mlp_dim_02': 510, 'mlp_dim_03': 376, 'node_hidden_dim': 46, 'edge_hidden_dim': 124, 'depth': 2, 'rep_dropout': 0.026718792371337757, 'train_learning_rate': 0.009320278717971382, 'train_lr_reduce': 0.6}. Best is trial 231 with value: 0.17593608796596527.
[I 2024-12-19 08:14:47,439] Trial 586 finished with value: 1.142694354057312 and parameters: {'mlp_n_layers': 2, 'mlp_dim_00': 357, 'mlp_dim_01': 508, 'node_hidden_dim': 107, 'edge_hidden_dim': 77, 'depth': 3, 'rep_dropout': 0.006120932206250346, 'train_learning_rate': 0.0031192083855447767, 'train_lr_reduce': 0.6}. Best is trial 231 with value: 0.17593608796596527.
[I 2024-12-19 08:14:48,869] Trial 587 finished with value: 1.1433039903640747 and parameters: {'mlp_n_layers': 2, 'mlp_dim_00': 215, 'mlp_dim_01': 414, 'node_hidden_dim': 74, 'edge_hidden_dim': 45, 'depth': 3, 'rep_dropout': 0.06996544263504183, 'train_learning_rate': 0.008169655404774942, 'train_lr_reduce': 0.6}. Best is trial 231 with value: 0.17593608796596527.
[I 2024-12-19 08:14:54,699] Trial 588 finished with value: 1.1424226760864258 and parameters: {'mlp_n_layers': 4, 'mlp_dim_00': 81, 'mlp_dim_01': 397, 'mlp_dim_02': 416, 'mlp_dim_03': 140, 'node_hidden_dim': 43, 'edge_hidden_dim': 82, 'depth': 4, 'rep_dropout': 0.11095703181811005, 'train_learning_rate': 0.0047916142908125715, 'train_lr_reduce': 0.6}. Best is trial 231 with value: 0.17593608796596527.
[I 2024-12-19 08:14:55,247] Trial 589 finished with value: 1.1419191360473633 and parameters: {'mlp_n_layers': 3, 'mlp_dim_00': 152, 'mlp_dim_01': 367, 'mlp_dim_02': 511, 'node_hidden_dim': 71, 'edge_hidden_dim': 124, 'depth': 3, 'rep_dropout': 0.013146082098444062, 'train_learning_rate': 0.0001892585496564111, 'train_lr_reduce': 0.6}. Best is trial 231 with value: 0.17593608796596527.
[I 2024-12-19 08:15:00,455] Trial 591 finished with value: 1.1424829959869385 and parameters: {'mlp_n_layers': 2, 'mlp_dim_00': 459, 'mlp_dim_01': 436, 'node_hidden_dim': 43, 'edge_hidden_dim': 32, 'depth': 2, 'rep_dropout': 0.1628314648810886, 'train_learning_rate': 0.0029018369873590904, 'train_lr_reduce': 0.6}. Best is trial 231 with value: 0.17593608796596527.
[I 2024-12-19 08:15:01,513] Trial 592 finished with value: 1.1429378986358643 and parameters: {'mlp_n_layers': 3, 'mlp_dim_00': 222, 'mlp_dim_01': 506, 'mlp_dim_02': 423, 'node_hidden_dim': 114, 'edge_hidden_dim': 56, 'depth': 2, 'rep_dropout': 0.14073883596116027, 'train_learning_rate': 0.002481578428076394, 'train_lr_reduce': 0.6}. Best is trial 231 with value: 0.17593608796596527.
[I 2024-12-19 08:15:07,706] Trial 590 finished with value: 0.2707456052303314 and parameters: {'mlp_n_layers': 2, 'mlp_dim_00': 201, 'mlp_dim_01': 405, 'node_hidden_dim': 88, 'edge_hidden_dim': 33, 'depth': 2, 'rep_dropout': 0.1302965099993615, 'train_learning_rate': 0.005399332132440592, 'train_lr_reduce': 0.6}. Best is trial 231 with value: 0.17593608796596527.
[I 2024-12-19 08:15:09,550] Trial 594 finished with value: 1.1423245668411255 and parameters: {'mlp_n_layers': 4, 'mlp_dim_00': 147, 'mlp_dim_01': 283, 'mlp_dim_02': 461, 'mlp_dim_03': 238, 'node_hidden_dim': 60, 'edge_hidden_dim': 89, 'depth': 3, 'rep_dropout': 0.23034122181503677, 'train_learning_rate': 0.0029752849883985127, 'train_lr_reduce': 0.6}. Best is trial 231 with value: 0.17593608796596527.
[I 2024-12-19 08:15:16,778] Trial 596 finished with value: 1.1442208290100098 and parameters: {'mlp_n_layers': 2, 'mlp_dim_00': 487, 'mlp_dim_01': 464, 'node_hidden_dim': 119, 'edge_hidden_dim': 59, 'depth': 3, 'rep_dropout': 0.027288183838445473, 'train_learning_rate': 0.0019487571782276522, 'train_lr_reduce': 0.6}. Best is trial 231 with value: 0.17593608796596527.
[I 2024-12-19 08:15:22,949] Trial 593 finished with value: 0.2979072034358978 and parameters: {'mlp_n_layers': 3, 'mlp_dim_00': 451, 'mlp_dim_01': 491, 'mlp_dim_02': 511, 'node_hidden_dim': 101, 'edge_hidden_dim': 78, 'depth': 2, 'rep_dropout': 0.015166685693859788, 'train_learning_rate': 0.0067390406723876264, 'train_lr_reduce': 0.6}. Best is trial 231 with value: 0.17593608796596527.
[I 2024-12-19 08:15:23,583] Trial 597 finished with value: 1.1440255641937256 and parameters: {'mlp_n_layers': 2, 'mlp_dim_00': 373, 'mlp_dim_01': 300, 'node_hidden_dim': 83, 'edge_hidden_dim': 50, 'depth': 2, 'rep_dropout': 0.018021162677474337, 'train_learning_rate': 0.0037388310762680402, 'train_lr_reduce': 0.6}. Best is trial 231 with value: 0.17593608796596527.
[I 2024-12-19 08:15:28,489] Trial 595 finished with value: 0.20885808765888214 and parameters: {'mlp_n_layers': 3, 'mlp_dim_00': 472, 'mlp_dim_01': 360, 'mlp_dim_02': 421, 'node_hidden_dim': 96, 'edge_hidden_dim': 53, 'depth': 2, 'rep_dropout': 0.024092243028738067, 'train_learning_rate': 0.007768223247168122, 'train_lr_reduce': 0.6}. Best is trial 231 with value: 0.17593608796596527.
[I 2024-12-19 08:15:29,526] Trial 598 finished with value: 1.1437640190124512 and parameters: {'mlp_n_layers': 2, 'mlp_dim_00': 275, 'mlp_dim_01': 365, 'node_hidden_dim': 62, 'edge_hidden_dim': 33, 'depth': 2, 'rep_dropout': 0.05326281343832718, 'train_learning_rate': 0.009432003751175783, 'train_lr_reduce': 0.6}. Best is trial 231 with value: 0.17593608796596527.
[I 2024-12-19 08:15:35,348] Trial 600 finished with value: 1.142170786857605 and parameters: {'mlp_n_layers': 3, 'mlp_dim_00': 401, 'mlp_dim_01': 387, 'mlp_dim_02': 398, 'node_hidden_dim': 93, 'edge_hidden_dim': 49, 'depth': 3, 'rep_dropout': 0.028454432337603405, 'train_learning_rate': 0.008984936467810426, 'train_lr_reduce': 0.6}. Best is trial 231 with value: 0.17593608796596527.
[I 2024-12-19 08:15:46,874] Trial 599 finished with value: 0.21289220452308655 and parameters: {'mlp_n_layers': 3, 'mlp_dim_00': 468, 'mlp_dim_01': 348, 'mlp_dim_02': 455, 'node_hidden_dim': 103, 'edge_hidden_dim': 54, 'depth': 2, 'rep_dropout': 0.00963395053071147, 'train_learning_rate': 0.00676547878472619, 'train_lr_reduce': 0.6}. Best is trial 231 with value: 0.17593608796596527.
[I 2024-12-19 08:15:50,746] Trial 601 finished with value: 0.5629851818084717 and parameters: {'mlp_n_layers': 2, 'mlp_dim_00': 205, 'mlp_dim_01': 243, 'node_hidden_dim': 80, 'edge_hidden_dim': 109, 'depth': 2, 'rep_dropout': 0.239046227617788, 'train_learning_rate': 0.0015252113565105804, 'train_lr_reduce': 0.6}. Best is trial 231 with value: 0.17593608796596527.
[I 2024-12-19 08:15:56,034] Trial 602 finished with value: 0.22512638568878174 and parameters: {'mlp_n_layers': 3, 'mlp_dim_00': 309, 'mlp_dim_01': 376, 'mlp_dim_02': 403, 'node_hidden_dim': 73, 'edge_hidden_dim': 62, 'depth': 2, 'rep_dropout': 0.006663409305291675, 'train_learning_rate': 0.00846470474405295, 'train_lr_reduce': 0.6}. Best is trial 231 with value: 0.17593608796596527.
[I 2024-12-19 08:15:58,648] Trial 603 finished with value: 0.8385083079338074 and parameters: {'mlp_n_layers': 3, 'mlp_dim_00': 432, 'mlp_dim_01': 386, 'mlp_dim_02': 424, 'node_hidden_dim': 91, 'edge_hidden_dim': 70, 'depth': 2, 'rep_dropout': 0.0037506326133455985, 'train_learning_rate': 0.008614229442586666, 'train_lr_reduce': 0.6}. Best is trial 231 with value: 0.17593608796596527.
[I 2024-12-19 08:16:13,150] Trial 604 finished with value: 0.26389482617378235 and parameters: {'mlp_n_layers': 3, 'mlp_dim_00': 427, 'mlp_dim_01': 304, 'mlp_dim_02': 409, 'node_hidden_dim': 120, 'edge_hidden_dim': 38, 'depth': 2, 'rep_dropout': 0.02293477503633319, 'train_learning_rate': 0.005087269795711524, 'train_lr_reduce': 0.6}. Best is trial 231 with value: 0.17593608796596527.
[I 2024-12-19 08:16:17,074] Trial 605 finished with value: 0.6172902584075928 and parameters: {'mlp_n_layers': 3, 'mlp_dim_00': 475, 'mlp_dim_01': 348, 'mlp_dim_02': 415, 'node_hidden_dim': 102, 'edge_hidden_dim': 62, 'depth': 2, 'rep_dropout': 0.012145648749555073, 'train_learning_rate': 0.0071687958432511256, 'train_lr_reduce': 0.6}. Best is trial 231 with value: 0.17593608796596527.
[I 2024-12-19 08:16:23,233] Trial 606 finished with value: 0.6317726969718933 and parameters: {'mlp_n_layers': 3, 'mlp_dim_00': 242, 'mlp_dim_01': 343, 'mlp_dim_02': 419, 'node_hidden_dim': 79, 'edge_hidden_dim': 67, 'depth': 2, 'rep_dropout': 0.019320137873466803, 'train_learning_rate': 0.007827378099317855, 'train_lr_reduce': 0.6}. Best is trial 231 with value: 0.17593608796596527.
[I 2024-12-19 08:16:28,217] Trial 607 finished with value: 0.620510995388031 and parameters: {'mlp_n_layers': 2, 'mlp_dim_00': 462, 'mlp_dim_01': 487, 'node_hidden_dim': 121, 'edge_hidden_dim': 62, 'depth': 2, 'rep_dropout': 0.02274973997506559, 'train_learning_rate': 0.006703176290784306, 'train_lr_reduce': 0.6}. Best is trial 231 with value: 0.17593608796596527.
[I 2024-12-19 08:16:30,076] Trial 609 finished with value: 1.1444299221038818 and parameters: {'mlp_n_layers': 2, 'mlp_dim_00': 403, 'mlp_dim_01': 356, 'node_hidden_dim': 104, 'edge_hidden_dim': 73, 'depth': 2, 'rep_dropout': 0.05948955619866305, 'train_learning_rate': 0.0025021672633513117, 'train_lr_reduce': 0.6}. Best is trial 231 with value: 0.17593608796596527.
[I 2024-12-19 08:16:40,048] Trial 608 finished with value: 0.43770989775657654 and parameters: {'mlp_n_layers': 4, 'mlp_dim_00': 478, 'mlp_dim_01': 164, 'mlp_dim_02': 414, 'mlp_dim_03': 311, 'node_hidden_dim': 118, 'edge_hidden_dim': 101, 'depth': 2, 'rep_dropout': 0.01772464768020994, 'train_learning_rate': 0.0037918390110696586, 'train_lr_reduce': 0.6}. Best is trial 231 with value: 0.17593608796596527.
[I 2024-12-19 08:16:50,588] Trial 610 finished with value: 0.26335811614990234 and parameters: {'mlp_n_layers': 2, 'mlp_dim_00': 428, 'mlp_dim_01': 246, 'node_hidden_dim': 72, 'edge_hidden_dim': 34, 'depth': 2, 'rep_dropout': 0.049310899329304186, 'train_learning_rate': 0.006156642631452743, 'train_lr_reduce': 0.6}. Best is trial 231 with value: 0.17593608796596527.
[I 2024-12-19 08:16:54,691] Trial 611 finished with value: 0.3005380630493164 and parameters: {'mlp_n_layers': 3, 'mlp_dim_00': 305, 'mlp_dim_01': 433, 'mlp_dim_02': 430, 'node_hidden_dim': 88, 'edge_hidden_dim': 40, 'depth': 2, 'rep_dropout': 0.01962889022512395, 'train_learning_rate': 0.007710615325986358, 'train_lr_reduce': 0.6}. Best is trial 231 with value: 0.17593608796596527.
[I 2024-12-19 08:17:00,328] Trial 612 finished with value: 0.2958201467990875 and parameters: {'mlp_n_layers': 3, 'mlp_dim_00': 304, 'mlp_dim_01': 401, 'mlp_dim_02': 442, 'node_hidden_dim': 60, 'edge_hidden_dim': 59, 'depth': 2, 'rep_dropout': 0.009670201370042502, 'train_learning_rate': 0.00918846926456067, 'train_lr_reduce': 0.6}. Best is trial 231 with value: 0.17593608796596527.
[I 2024-12-19 08:17:03,559] Trial 614 finished with value: 1.1423876285552979 and parameters: {'mlp_n_layers': 4, 'mlp_dim_00': 171, 'mlp_dim_01': 495, 'mlp_dim_02': 449, 'mlp_dim_03': 162, 'node_hidden_dim': 119, 'edge_hidden_dim': 40, 'depth': 3, 'rep_dropout': 0.21512552626820894, 'train_learning_rate': 0.00015909263576065576, 'train_lr_reduce': 0.6}. Best is trial 231 with value: 0.17593608796596527.
[I 2024-12-19 08:17:04,060] Trial 613 finished with value: 0.47457394003868103 and parameters: {'mlp_n_layers': 2, 'mlp_dim_00': 436, 'mlp_dim_01': 512, 'node_hidden_dim': 98, 'edge_hidden_dim': 53, 'depth': 2, 'rep_dropout': 0.0755616481152062, 'train_learning_rate': 0.009635464906234969, 'train_lr_reduce': 0.6}. Best is trial 231 with value: 0.17593608796596527.
[I 2024-12-19 08:17:11,454] Trial 617 finished with value: 1.1436235904693604 and parameters: {'mlp_n_layers': 2, 'mlp_dim_00': 417, 'mlp_dim_01': 279, 'node_hidden_dim': 36, 'edge_hidden_dim': 119, 'depth': 4, 'rep_dropout': 0.0044754291385412925, 'train_learning_rate': 0.0007330288751124418, 'train_lr_reduce': 0.6}. Best is trial 231 with value: 0.17593608796596527.
[I 2024-12-19 08:17:20,189] Trial 615 finished with value: 0.26823028922080994 and parameters: {'mlp_n_layers': 3, 'mlp_dim_00': 351, 'mlp_dim_01': 317, 'mlp_dim_02': 419, 'node_hidden_dim': 77, 'edge_hidden_dim': 57, 'depth': 2, 'rep_dropout': 0.006921174646479384, 'train_learning_rate': 0.004259810005559628, 'train_lr_reduce': 0.6}. Best is trial 231 with value: 0.17593608796596527.
[I 2024-12-19 08:17:23,374] Trial 618 finished with value: 0.5360789895057678 and parameters: {'mlp_n_layers': 3, 'mlp_dim_00': 434, 'mlp_dim_01': 493, 'mlp_dim_02': 462, 'node_hidden_dim': 125, 'edge_hidden_dim': 46, 'depth': 2, 'rep_dropout': 0.05684227856505503, 'train_learning_rate': 0.005511903870060488, 'train_lr_reduce': 0.6}. Best is trial 231 with value: 0.17593608796596527.
[I 2024-12-19 08:17:26,291] Trial 619 finished with value: 1.1421363353729248 and parameters: {'mlp_n_layers': 4, 'mlp_dim_00': 338, 'mlp_dim_01': 110, 'mlp_dim_02': 400, 'mlp_dim_03': 360, 'node_hidden_dim': 43, 'edge_hidden_dim': 88, 'depth': 2, 'rep_dropout': 0.0812353306463584, 'train_learning_rate': 0.001344469643354904, 'train_lr_reduce': 0.6}. Best is trial 231 with value: 0.17593608796596527.
[I 2024-12-19 08:17:27,221] Trial 616 finished with value: 0.35491353273391724 and parameters: {'mlp_n_layers': 4, 'mlp_dim_00': 296, 'mlp_dim_01': 307, 'mlp_dim_02': 459, 'mlp_dim_03': 216, 'node_hidden_dim': 76, 'edge_hidden_dim': 64, 'depth': 2, 'rep_dropout': 0.017343241937917694, 'train_learning_rate': 0.007769468471985533, 'train_lr_reduce': 0.6}. Best is trial 231 with value: 0.17593608796596527.
[I 2024-12-19 08:17:29,548] Trial 620 finished with value: 1.1424447298049927 and parameters: {'mlp_n_layers': 3, 'mlp_dim_00': 471, 'mlp_dim_01': 397, 'mlp_dim_02': 460, 'node_hidden_dim': 99, 'edge_hidden_dim': 45, 'depth': 2, 'rep_dropout': 0.04499232860731116, 'train_learning_rate': 0.006371672957340524, 'train_lr_reduce': 0.6}. Best is trial 231 with value: 0.17593608796596527.
[I 2024-12-19 08:17:32,908] Trial 621 finished with value: 1.142120122909546 and parameters: {'mlp_n_layers': 3, 'mlp_dim_00': 254, 'mlp_dim_01': 100, 'mlp_dim_02': 460, 'node_hidden_dim': 87, 'edge_hidden_dim': 97, 'depth': 3, 'rep_dropout': 0.2198616676802079, 'train_learning_rate': 0.0003235465554181995, 'train_lr_reduce': 0.6}. Best is trial 231 with value: 0.17593608796596527.
[I 2024-12-19 08:17:35,532] Trial 623 finished with value: 1.1430127620697021 and parameters: {'mlp_n_layers': 2, 'mlp_dim_00': 340, 'mlp_dim_01': 356, 'node_hidden_dim': 33, 'edge_hidden_dim': 65, 'depth': 3, 'rep_dropout': 0.24521438194352976, 'train_learning_rate': 0.0009407558688964648, 'train_lr_reduce': 0.6}. Best is trial 231 with value: 0.17593608796596527.
[I 2024-12-19 08:17:52,770] Trial 622 finished with value: 0.3988647758960724 and parameters: {'mlp_n_layers': 3, 'mlp_dim_00': 512, 'mlp_dim_01': 318, 'mlp_dim_02': 404, 'node_hidden_dim': 87, 'edge_hidden_dim': 49, 'depth': 2, 'rep_dropout': 0.022156469689303678, 'train_learning_rate': 0.0064057407733030735, 'train_lr_reduce': 0.6}. Best is trial 231 with value: 0.17593608796596527.
[I 2024-12-19 08:17:56,319] Trial 624 finished with value: 0.2633732259273529 and parameters: {'mlp_n_layers': 2, 'mlp_dim_00': 445, 'mlp_dim_01': 389, 'node_hidden_dim': 92, 'edge_hidden_dim': 49, 'depth': 2, 'rep_dropout': 0.02233681090679865, 'train_learning_rate': 0.005374766349272343, 'train_lr_reduce': 0.6}. Best is trial 231 with value: 0.17593608796596527.
[I 2024-12-19 08:18:01,237] Trial 625 finished with value: 0.3329281210899353 and parameters: {'mlp_n_layers': 2, 'mlp_dim_00': 453, 'mlp_dim_01': 318, 'node_hidden_dim': 113, 'edge_hidden_dim': 65, 'depth': 3, 'rep_dropout': 0.07477180273829889, 'train_learning_rate': 0.009108017141317001, 'train_lr_reduce': 0.6}. Best is trial 231 with value: 0.17593608796596527.
[I 2024-12-19 08:18:02,021] Trial 626 finished with value: 1.1420578956604004 and parameters: {'mlp_n_layers': 4, 'mlp_dim_00': 384, 'mlp_dim_01': 212, 'mlp_dim_02': 464, 'mlp_dim_03': 279, 'node_hidden_dim': 102, 'edge_hidden_dim': 90, 'depth': 4, 'rep_dropout': 0.1168351944040424, 'train_learning_rate': 0.00047563116835742616, 'train_lr_reduce': 0.6}. Best is trial 231 with value: 0.17593608796596527.
[I 2024-12-19 08:18:07,819] Trial 628 finished with value: 1.1420232057571411 and parameters: {'mlp_n_layers': 4, 'mlp_dim_00': 235, 'mlp_dim_01': 467, 'mlp_dim_02': 409, 'mlp_dim_03': 128, 'node_hidden_dim': 55, 'edge_hidden_dim': 34, 'depth': 2, 'rep_dropout': 0.04565177432403632, 'train_learning_rate': 0.006226192707381471, 'train_lr_reduce': 0.6}. Best is trial 231 with value: 0.17593608796596527.
