[I 2024-12-20 01:15:15,427] Trial 1823 finished with value: 0.42929956316947937 and parameters: {'mlp_n_layers': 4, 'mlp_dim_00': 487, 'mlp_dim_01': 320, 'mlp_dim_02': 371, 'mlp_dim_03': 471, 'node_hidden_dim': 125, 'edge_hidden_dim': 35, 'depth': 1, 'rep_dropout': 0.020919444794579977, 'train_learning_rate': 0.0012400525574949208, 'train_lr_reduce': 0.6}. Best is trial 558 with value: 0.30280801653862.
[I 2024-12-20 01:15:16,609] Trial 1826 finished with value: 1.5205334424972534 and parameters: {'mlp_n_layers': 3, 'mlp_dim_00': 206, 'mlp_dim_01': 319, 'mlp_dim_02': 426, 'node_hidden_dim': 93, 'edge_hidden_dim': 33, 'depth': 1, 'rep_dropout': 0.04332619266621499, 'train_learning_rate': 0.0013506286772390734, 'train_lr_reduce': 0.6}. Best is trial 558 with value: 0.30280801653862.
[I 2024-12-20 01:15:22,712] Trial 1828 finished with value: 1.521334171295166 and parameters: {'mlp_n_layers': 4, 'mlp_dim_00': 421, 'mlp_dim_01': 349, 'mlp_dim_02': 385, 'mlp_dim_03': 510, 'node_hidden_dim': 128, 'edge_hidden_dim': 42, 'depth': 2, 'rep_dropout': 0.027337419359254225, 'train_learning_rate': 0.0012339947072593151, 'train_lr_reduce': 0.6}. Best is trial 558 with value: 0.30280801653862.
[I 2024-12-20 01:15:23,074] Trial 1824 finished with value: 0.3836140036582947 and parameters: {'mlp_n_layers': 3, 'mlp_dim_00': 374, 'mlp_dim_01': 368, 'mlp_dim_02': 396, 'node_hidden_dim': 100, 'edge_hidden_dim': 55, 'depth': 1, 'rep_dropout': 0.004217068925292056, 'train_learning_rate': 0.0015690362635661609, 'train_lr_reduce': 0.6}. Best is trial 558 with value: 0.30280801653862.
[I 2024-12-20 01:15:25,124] Trial 1827 finished with value: 1.313658595085144 and parameters: {'mlp_n_layers': 4, 'mlp_dim_00': 212, 'mlp_dim_01': 273, 'mlp_dim_02': 353, 'mlp_dim_03': 194, 'node_hidden_dim': 106, 'edge_hidden_dim': 38, 'depth': 2, 'rep_dropout': 0.03397309899923946, 'train_learning_rate': 0.0012716497465271486, 'train_lr_reduce': 0.6}. Best is trial 558 with value: 0.30280801653862.
[I 2024-12-20 01:15:26,995] Trial 1830 finished with value: 1.5482980012893677 and parameters: {'mlp_n_layers': 4, 'mlp_dim_00': 121, 'mlp_dim_01': 350, 'mlp_dim_02': 308, 'mlp_dim_03': 434, 'node_hidden_dim': 110, 'edge_hidden_dim': 50, 'depth': 1, 'rep_dropout': 0.026215174689307206, 'train_learning_rate': 0.0019638370701801906, 'train_lr_reduce': 0.6}. Best is trial 558 with value: 0.30280801653862.
[I 2024-12-20 01:15:29,122] Trial 1831 finished with value: 1.5558834075927734 and parameters: {'mlp_n_layers': 4, 'mlp_dim_00': 441, 'mlp_dim_01': 305, 'mlp_dim_02': 396, 'mlp_dim_03': 372, 'node_hidden_dim': 103, 'edge_hidden_dim': 46, 'depth': 1, 'rep_dropout': 0.029052122913274442, 'train_learning_rate': 0.0010130603300845269, 'train_lr_reduce': 0.6}. Best is trial 558 with value: 0.30280801653862.
[I 2024-12-20 01:15:30,873] Trial 1832 finished with value: 1.5342857837677002 and parameters: {'mlp_n_layers': 3, 'mlp_dim_00': 402, 'mlp_dim_01': 228, 'mlp_dim_02': 343, 'node_hidden_dim': 76, 'edge_hidden_dim': 32, 'depth': 1, 'rep_dropout': 0.04209879342252898, 'train_learning_rate': 0.001723711142638614, 'train_lr_reduce': 0.6}. Best is trial 558 with value: 0.30280801653862.
[I 2024-12-20 01:15:33,666] Trial 1833 finished with value: 1.5113976001739502 and parameters: {'mlp_n_layers': 4, 'mlp_dim_00': 510, 'mlp_dim_01': 106, 'mlp_dim_02': 436, 'mlp_dim_03': 422, 'node_hidden_dim': 125, 'edge_hidden_dim': 49, 'depth': 1, 'rep_dropout': 0.0029737708939791205, 'train_learning_rate': 0.000969070279003582, 'train_lr_reduce': 0.6}. Best is trial 558 with value: 0.30280801653862.
[I 2024-12-20 01:15:46,183] Trial 1834 finished with value: 0.3828275799751282 and parameters: {'mlp_n_layers': 4, 'mlp_dim_00': 430, 'mlp_dim_01': 367, 'mlp_dim_02': 389, 'mlp_dim_03': 146, 'node_hidden_dim': 102, 'edge_hidden_dim': 59, 'depth': 1, 'rep_dropout': 0.001056760981031928, 'train_learning_rate': 0.006470613754241525, 'train_lr_reduce': 0.6}. Best is trial 558 with value: 0.30280801653862.
[I 2024-12-20 01:15:47,015] Trial 1829 finished with value: 0.42215633392333984 and parameters: {'mlp_n_layers': 4, 'mlp_dim_00': 143, 'mlp_dim_01': 406, 'mlp_dim_02': 436, 'mlp_dim_03': 379, 'node_hidden_dim': 100, 'edge_hidden_dim': 59, 'depth': 2, 'rep_dropout': 0.017357099927992753, 'train_learning_rate': 0.0021328591528964385, 'train_lr_reduce': 0.6}. Best is trial 558 with value: 0.30280801653862.
[I 2024-12-20 01:16:00,178] Trial 1837 finished with value: 0.41720810532569885 and parameters: {'mlp_n_layers': 4, 'mlp_dim_00': 247, 'mlp_dim_01': 390, 'mlp_dim_02': 441, 'mlp_dim_03': 409, 'node_hidden_dim': 99, 'edge_hidden_dim': 54, 'depth': 1, 'rep_dropout': 0.07609444349713487, 'train_learning_rate': 0.0021216346703190133, 'train_lr_reduce': 0.6}. Best is trial 558 with value: 0.30280801653862.
[I 2024-12-20 01:16:05,038] Trial 1838 finished with value: 1.5770750045776367 and parameters: {'mlp_n_layers': 4, 'mlp_dim_00': 492, 'mlp_dim_01': 343, 'mlp_dim_02': 365, 'mlp_dim_03': 462, 'node_hidden_dim': 91, 'edge_hidden_dim': 40, 'depth': 2, 'rep_dropout': 0.017632606262926558, 'train_learning_rate': 0.001052229719764335, 'train_lr_reduce': 0.6}. Best is trial 558 with value: 0.30280801653862.
[I 2024-12-20 01:16:09,485] Trial 1839 finished with value: 1.5475503206253052 and parameters: {'mlp_n_layers': 4, 'mlp_dim_00': 166, 'mlp_dim_01': 406, 'mlp_dim_02': 409, 'mlp_dim_03': 369, 'node_hidden_dim': 83, 'edge_hidden_dim': 41, 'depth': 2, 'rep_dropout': 0.07376400181537615, 'train_learning_rate': 0.001106811263562328, 'train_lr_reduce': 0.6}. Best is trial 558 with value: 0.30280801653862.
[I 2024-12-20 01:16:10,467] Trial 1836 finished with value: 0.34314215183258057 and parameters: {'mlp_n_layers': 4, 'mlp_dim_00': 427, 'mlp_dim_01': 315, 'mlp_dim_02': 337, 'mlp_dim_03': 372, 'node_hidden_dim': 117, 'edge_hidden_dim': 32, 'depth': 1, 'rep_dropout': 0.017998362506446403, 'train_learning_rate': 0.00215604414448347, 'train_lr_reduce': 0.6}. Best is trial 558 with value: 0.30280801653862.
[I 2024-12-20 01:16:10,781] Trial 1835 finished with value: 0.39491719007492065 and parameters: {'mlp_n_layers': 4, 'mlp_dim_00': 480, 'mlp_dim_01': 282, 'mlp_dim_02': 284, 'mlp_dim_03': 470, 'node_hidden_dim': 112, 'edge_hidden_dim': 52, 'depth': 1, 'rep_dropout': 0.014597744941354676, 'train_learning_rate': 0.0024780053986269393, 'train_lr_reduce': 0.6}. Best is trial 558 with value: 0.30280801653862.
[I 2024-12-20 01:16:26,148] Trial 1842 finished with value: 0.37127211689949036 and parameters: {'mlp_n_layers': 3, 'mlp_dim_00': 227, 'mlp_dim_01': 371, 'mlp_dim_02': 378, 'node_hidden_dim': 99, 'edge_hidden_dim': 35, 'depth': 1, 'rep_dropout': 0.052500820985571475, 'train_learning_rate': 0.00897272778666678, 'train_lr_reduce': 0.6}. Best is trial 558 with value: 0.30280801653862.
[I 2024-12-20 01:16:28,919] Trial 1840 finished with value: 0.49798107147216797 and parameters: {'mlp_n_layers': 2, 'mlp_dim_00': 134, 'mlp_dim_01': 280, 'node_hidden_dim': 91, 'edge_hidden_dim': 38, 'depth': 1, 'rep_dropout': 0.039187474609096745, 'train_learning_rate': 0.001979525160077699, 'train_lr_reduce': 0.6}. Best is trial 558 with value: 0.30280801653862.
[I 2024-12-20 01:16:31,170] Trial 1841 finished with value: 0.34161922335624695 and parameters: {'mlp_n_layers': 4, 'mlp_dim_00': 208, 'mlp_dim_01': 327, 'mlp_dim_02': 318, 'mlp_dim_03': 424, 'node_hidden_dim': 112, 'edge_hidden_dim': 43, 'depth': 1, 'rep_dropout': 0.03898455678098771, 'train_learning_rate': 0.0009039199372339789, 'train_lr_reduce': 0.6}. Best is trial 558 with value: 0.30280801653862.
[I 2024-12-20 01:16:35,632] Trial 1845 finished with value: 1.5733163356781006 and parameters: {'mlp_n_layers': 4, 'mlp_dim_00': 511, 'mlp_dim_01': 364, 'mlp_dim_02': 286, 'mlp_dim_03': 375, 'node_hidden_dim': 119, 'edge_hidden_dim': 48, 'depth': 2, 'rep_dropout': 0.04245448107885085, 'train_learning_rate': 0.0004614371114696548, 'train_lr_reduce': 0.6}. Best is trial 558 with value: 0.30280801653862.
[I 2024-12-20 01:16:37,260] Trial 1844 finished with value: 1.272154688835144 and parameters: {'mlp_n_layers': 4, 'mlp_dim_00': 153, 'mlp_dim_01': 320, 'mlp_dim_02': 357, 'mlp_dim_03': 471, 'node_hidden_dim': 106, 'edge_hidden_dim': 35, 'depth': 2, 'rep_dropout': 0.03181860995052727, 'train_learning_rate': 0.002188510785261398, 'train_lr_reduce': 0.6}. Best is trial 558 with value: 0.30280801653862.
[I 2024-12-20 01:16:38,760] Trial 1843 finished with value: 0.39958953857421875 and parameters: {'mlp_n_layers': 4, 'mlp_dim_00': 320, 'mlp_dim_01': 260, 'mlp_dim_02': 438, 'mlp_dim_03': 110, 'node_hidden_dim': 116, 'edge_hidden_dim': 37, 'depth': 1, 'rep_dropout': 0.027584553225389344, 'train_learning_rate': 0.0024345959301832116, 'train_lr_reduce': 0.6}. Best is trial 558 with value: 0.30280801653862.
[I 2024-12-20 01:16:41,962] Trial 1847 finished with value: 1.5506919622421265 and parameters: {'mlp_n_layers': 4, 'mlp_dim_00': 183, 'mlp_dim_01': 401, 'mlp_dim_02': 328, 'mlp_dim_03': 371, 'node_hidden_dim': 36, 'edge_hidden_dim': 54, 'depth': 3, 'rep_dropout': 0.06762356755432708, 'train_learning_rate': 0.0018959737062162856, 'train_lr_reduce': 0.6}. Best is trial 558 with value: 0.30280801653862.
[I 2024-12-20 01:16:42,963] Trial 1848 finished with value: 1.5277352333068848 and parameters: {'mlp_n_layers': 3, 'mlp_dim_00': 409, 'mlp_dim_01': 297, 'mlp_dim_02': 439, 'node_hidden_dim': 104, 'edge_hidden_dim': 37, 'depth': 1, 'rep_dropout': 0.02030040759840367, 'train_learning_rate': 0.001221291549117892, 'train_lr_reduce': 0.6}. Best is trial 558 with value: 0.30280801653862.
[I 2024-12-20 01:16:45,915] Trial 1849 finished with value: 1.4725066423416138 and parameters: {'mlp_n_layers': 4, 'mlp_dim_00': 462, 'mlp_dim_01': 345, 'mlp_dim_02': 389, 'mlp_dim_03': 426, 'node_hidden_dim': 91, 'edge_hidden_dim': 53, 'depth': 1, 'rep_dropout': 0.0031698293813163998, 'train_learning_rate': 0.0016623646003626276, 'train_lr_reduce': 0.6}. Best is trial 558 with value: 0.30280801653862.
[I 2024-12-20 01:16:55,058] Trial 1846 finished with value: 0.3175574243068695 and parameters: {'mlp_n_layers': 4, 'mlp_dim_00': 466, 'mlp_dim_01': 233, 'mlp_dim_02': 403, 'mlp_dim_03': 509, 'node_hidden_dim': 111, 'edge_hidden_dim': 35, 'depth': 1, 'rep_dropout': 0.026557780487880843, 'train_learning_rate': 0.002072942209998017, 'train_lr_reduce': 0.6}. Best is trial 558 with value: 0.30280801653862.
[I 2024-12-20 01:16:57,264] Trial 1850 finished with value: 0.34645870327949524 and parameters: {'mlp_n_layers': 4, 'mlp_dim_00': 83, 'mlp_dim_01': 313, 'mlp_dim_02': 359, 'mlp_dim_03': 370, 'node_hidden_dim': 102, 'edge_hidden_dim': 32, 'depth': 1, 'rep_dropout': 0.034733425033844745, 'train_learning_rate': 0.0025115547941308536, 'train_lr_reduce': 0.6}. Best is trial 558 with value: 0.30280801653862.
[I 2024-12-20 01:17:01,064] Trial 1853 finished with value: 1.4688220024108887 and parameters: {'mlp_n_layers': 2, 'mlp_dim_00': 249, 'mlp_dim_01': 233, 'node_hidden_dim': 35, 'edge_hidden_dim': 87, 'depth': 2, 'rep_dropout': 0.012347212029118135, 'train_learning_rate': 0.0010816685887724325, 'train_lr_reduce': 0.6}. Best is trial 558 with value: 0.30280801653862.
[I 2024-12-20 01:17:05,087] Trial 1854 finished with value: 1.5695345401763916 and parameters: {'mlp_n_layers': 4, 'mlp_dim_00': 430, 'mlp_dim_01': 228, 'mlp_dim_02': 442, 'mlp_dim_03': 511, 'node_hidden_dim': 92, 'edge_hidden_dim': 60, 'depth': 1, 'rep_dropout': 0.004391318846657303, 'train_learning_rate': 0.00040448140475464906, 'train_lr_reduce': 0.6}. Best is trial 558 with value: 0.30280801653862.
[I 2024-12-20 01:17:05,424] Trial 1851 finished with value: 0.3761672377586365 and parameters: {'mlp_n_layers': 4, 'mlp_dim_00': 117, 'mlp_dim_01': 366, 'mlp_dim_02': 412, 'mlp_dim_03': 200, 'node_hidden_dim': 120, 'edge_hidden_dim': 51, 'depth': 1, 'rep_dropout': 0.015973947956418072, 'train_learning_rate': 0.0010845795985551137, 'train_lr_reduce': 0.6}. Best is trial 558 with value: 0.30280801653862.
[I 2024-12-20 01:17:08,338] Trial 1855 finished with value: 1.514129400253296 and parameters: {'mlp_n_layers': 1, 'mlp_dim_00': 319, 'node_hidden_dim': 36, 'edge_hidden_dim': 124, 'depth': 1, 'rep_dropout': 0.14865297527507998, 'train_learning_rate': 0.00028448376683397976, 'train_lr_reduce': 0.6}. Best is trial 558 with value: 0.30280801653862.
[I 2024-12-20 01:17:08,395] Trial 1852 finished with value: 0.3358710706233978 and parameters: {'mlp_n_layers': 4, 'mlp_dim_00': 205, 'mlp_dim_01': 217, 'mlp_dim_02': 443, 'mlp_dim_03': 505, 'node_hidden_dim': 95, 'edge_hidden_dim': 57, 'depth': 1, 'rep_dropout': 0.02620026755144207, 'train_learning_rate': 0.0035991907055613168, 'train_lr_reduce': 0.6}. Best is trial 558 with value: 0.30280801653862.
[I 2024-12-20 01:17:09,371] Trial 1856 finished with value: 1.4896070957183838 and parameters: {'mlp_n_layers': 1, 'mlp_dim_00': 113, 'node_hidden_dim': 125, 'edge_hidden_dim': 48, 'depth': 1, 'rep_dropout': 0.13388175323933363, 'train_learning_rate': 0.006917844560462545, 'train_lr_reduce': 0.6}. Best is trial 558 with value: 0.30280801653862.
[I 2024-12-20 01:17:12,158] Trial 1857 finished with value: 1.3439688682556152 and parameters: {'mlp_n_layers': 4, 'mlp_dim_00': 453, 'mlp_dim_01': 212, 'mlp_dim_02': 447, 'mlp_dim_03': 478, 'node_hidden_dim': 114, 'edge_hidden_dim': 38, 'depth': 1, 'rep_dropout': 0.0404430183897827, 'train_learning_rate': 0.003456098586700403, 'train_lr_reduce': 0.6}. Best is trial 558 with value: 0.30280801653862.
[I 2024-12-20 01:17:12,524] Trial 1858 finished with value: 1.477004885673523 and parameters: {'mlp_n_layers': 4, 'mlp_dim_00': 435, 'mlp_dim_01': 203, 'mlp_dim_02': 417, 'mlp_dim_03': 511, 'node_hidden_dim': 114, 'edge_hidden_dim': 32, 'depth': 2, 'rep_dropout': 0.036056609376878726, 'train_learning_rate': 0.0017032937827603874, 'train_lr_reduce': 0.6}. Best is trial 558 with value: 0.30280801653862.
[I 2024-12-20 01:17:13,668] Trial 1859 finished with value: 1.5796360969543457 and parameters: {'mlp_n_layers': 4, 'mlp_dim_00': 501, 'mlp_dim_01': 221, 'mlp_dim_02': 421, 'mlp_dim_03': 140, 'node_hidden_dim': 86, 'edge_hidden_dim': 45, 'depth': 1, 'rep_dropout': 0.05785308682510943, 'train_learning_rate': 0.0006608074018300534, 'train_lr_reduce': 0.6}. Best is trial 558 with value: 0.30280801653862.
[I 2024-12-20 01:17:15,866] Trial 1860 finished with value: 1.4958847761154175 and parameters: {'mlp_n_layers': 4, 'mlp_dim_00': 495, 'mlp_dim_01': 230, 'mlp_dim_02': 443, 'mlp_dim_03': 366, 'node_hidden_dim': 91, 'edge_hidden_dim': 33, 'depth': 1, 'rep_dropout': 0.054336546396814144, 'train_learning_rate': 0.001904420353240254, 'train_lr_reduce': 0.6}. Best is trial 558 with value: 0.30280801653862.
[I 2024-12-20 01:17:16,761] Trial 1861 finished with value: 1.5051437616348267 and parameters: {'mlp_n_layers': 4, 'mlp_dim_00': 322, 'mlp_dim_01': 205, 'mlp_dim_02': 402, 'mlp_dim_03': 506, 'node_hidden_dim': 127, 'edge_hidden_dim': 126, 'depth': 4, 'rep_dropout': 0.1231401215330612, 'train_learning_rate': 0.001283138104825921, 'train_lr_reduce': 0.6}. Best is trial 558 with value: 0.30280801653862.
[I 2024-12-20 01:17:18,885] Trial 1862 finished with value: 1.3066431283950806 and parameters: {'mlp_n_layers': 1, 'mlp_dim_00': 148, 'node_hidden_dim': 90, 'edge_hidden_dim': 72, 'depth': 4, 'rep_dropout': 0.023526685311736607, 'train_learning_rate': 0.009933000065111774, 'train_lr_reduce': 0.6}. Best is trial 558 with value: 0.30280801653862.
[I 2024-12-20 01:17:19,738] Trial 1863 finished with value: 1.550615906715393 and parameters: {'mlp_n_layers': 4, 'mlp_dim_00': 87, 'mlp_dim_01': 251, 'mlp_dim_02': 401, 'mlp_dim_03': 369, 'node_hidden_dim': 120, 'edge_hidden_dim': 33, 'depth': 2, 'rep_dropout': 0.07015461018171606, 'train_learning_rate': 0.0003927324089920355, 'train_lr_reduce': 0.6}. Best is trial 558 with value: 0.30280801653862.
[I 2024-12-20 01:17:20,561] Trial 1864 finished with value: 1.3787599802017212 and parameters: {'mlp_n_layers': 1, 'mlp_dim_00': 459, 'node_hidden_dim': 64, 'edge_hidden_dim': 66, 'depth': 4, 'rep_dropout': 0.011424397353460292, 'train_learning_rate': 0.0009181645193544313, 'train_lr_reduce': 0.6}. Best is trial 558 with value: 0.30280801653862.
[I 2024-12-20 01:17:22,787] Trial 1865 finished with value: 1.5415300130844116 and parameters: {'mlp_n_layers': 4, 'mlp_dim_00': 236, 'mlp_dim_01': 218, 'mlp_dim_02': 446, 'mlp_dim_03': 412, 'node_hidden_dim': 99, 'edge_hidden_dim': 36, 'depth': 1, 'rep_dropout': 0.02421256837340252, 'train_learning_rate': 0.000978535613068043, 'train_lr_reduce': 0.6}. Best is trial 558 with value: 0.30280801653862.
[I 2024-12-20 01:17:23,820] Trial 1866 finished with value: 1.443677544593811 and parameters: {'mlp_n_layers': 4, 'mlp_dim_00': 196, 'mlp_dim_01': 236, 'mlp_dim_02': 424, 'mlp_dim_03': 103, 'node_hidden_dim': 103, 'edge_hidden_dim': 41, 'depth': 2, 'rep_dropout': 0.02287040021715384, 'train_learning_rate': 0.009202162959431168, 'train_lr_reduce': 0.6}. Best is trial 558 with value: 0.30280801653862.
[I 2024-12-20 01:17:26,879] Trial 1868 finished with value: 1.3467508554458618 and parameters: {'mlp_n_layers': 3, 'mlp_dim_00': 117, 'mlp_dim_01': 221, 'mlp_dim_02': 452, 'node_hidden_dim': 98, 'edge_hidden_dim': 49, 'depth': 2, 'rep_dropout': 0.05545863795548761, 'train_learning_rate': 0.003222682950672501, 'train_lr_reduce': 0.6}. Best is trial 558 with value: 0.30280801653862.
[I 2024-12-20 01:17:31,625] Trial 1867 finished with value: 0.41546064615249634 and parameters: {'mlp_n_layers': 3, 'mlp_dim_00': 384, 'mlp_dim_01': 233, 'mlp_dim_02': 399, 'node_hidden_dim': 109, 'edge_hidden_dim': 56, 'depth': 1, 'rep_dropout': 0.034033358298364666, 'train_learning_rate': 0.0021846241439572567, 'train_lr_reduce': 0.6}. Best is trial 558 with value: 0.30280801653862.
[I 2024-12-20 01:17:35,975] Trial 1871 finished with value: 1.2906861305236816 and parameters: {'mlp_n_layers': 1, 'mlp_dim_00': 448, 'node_hidden_dim': 43, 'edge_hidden_dim': 48, 'depth': 3, 'rep_dropout': 0.11360509736863943, 'train_learning_rate': 0.009427799070624262, 'train_lr_reduce': 0.6}. Best is trial 558 with value: 0.30280801653862.
[I 2024-12-20 01:17:41,690] Trial 1869 finished with value: 0.3597947657108307 and parameters: {'mlp_n_layers': 4, 'mlp_dim_00': 385, 'mlp_dim_01': 120, 'mlp_dim_02': 404, 'mlp_dim_03': 368, 'node_hidden_dim': 111, 'edge_hidden_dim': 32, 'depth': 1, 'rep_dropout': 0.0264699038185032, 'train_learning_rate': 0.000902650675975976, 'train_lr_reduce': 0.6}. Best is trial 558 with value: 0.30280801653862.
[I 2024-12-20 01:17:44,575] Trial 1870 finished with value: 0.39874765276908875 and parameters: {'mlp_n_layers': 4, 'mlp_dim_00': 265, 'mlp_dim_01': 236, 'mlp_dim_02': 274, 'mlp_dim_03': 506, 'node_hidden_dim': 109, 'edge_hidden_dim': 45, 'depth': 1, 'rep_dropout': 0.044691205328855996, 'train_learning_rate': 0.0010715154411936763, 'train_lr_reduce': 0.6}. Best is trial 558 with value: 0.30280801653862.
[I 2024-12-20 01:17:48,955] Trial 1874 finished with value: 1.5470530986785889 and parameters: {'mlp_n_layers': 2, 'mlp_dim_00': 387, 'mlp_dim_01': 411, 'node_hidden_dim': 55, 'edge_hidden_dim': 68, 'depth': 2, 'rep_dropout': 0.008756510570002374, 'train_learning_rate': 0.0003422415220910637, 'train_lr_reduce': 0.6}. Best is trial 558 with value: 0.30280801653862.
[I 2024-12-20 01:17:49,894] Trial 1872 finished with value: 0.5486976504325867 and parameters: {'mlp_n_layers': 4, 'mlp_dim_00': 392, 'mlp_dim_01': 64, 'mlp_dim_02': 391, 'mlp_dim_03': 414, 'node_hidden_dim': 99, 'edge_hidden_dim': 34, 'depth': 1, 'rep_dropout': 0.026786440391358454, 'train_learning_rate': 0.0027554095008519236, 'train_lr_reduce': 0.6}. Best is trial 558 with value: 0.30280801653862.
[I 2024-12-20 01:17:54,007] Trial 1875 finished with value: 1.5459336042404175 and parameters: {'mlp_n_layers': 4, 'mlp_dim_00': 87, 'mlp_dim_01': 253, 'mlp_dim_02': 404, 'mlp_dim_03': 467, 'node_hidden_dim': 92, 'edge_hidden_dim': 34, 'depth': 1, 'rep_dropout': 0.05214544651708006, 'train_learning_rate': 0.001992024910337613, 'train_lr_reduce': 0.6}. Best is trial 558 with value: 0.30280801653862.
[I 2024-12-20 01:17:54,304] Trial 1876 finished with value: 1.5580658912658691 and parameters: {'mlp_n_layers': 4, 'mlp_dim_00': 196, 'mlp_dim_01': 255, 'mlp_dim_02': 443, 'mlp_dim_03': 509, 'node_hidden_dim': 105, 'edge_hidden_dim': 53, 'depth': 1, 'rep_dropout': 0.03981458248559332, 'train_learning_rate': 0.0006476411413603539, 'train_lr_reduce': 0.6}. Best is trial 558 with value: 0.30280801653862.
[I 2024-12-20 01:17:59,826] Trial 1878 finished with value: 1.576621413230896 and parameters: {'mlp_n_layers': 4, 'mlp_dim_00': 149, 'mlp_dim_01': 216, 'mlp_dim_02': 412, 'mlp_dim_03': 202, 'node_hidden_dim': 126, 'edge_hidden_dim': 38, 'depth': 2, 'rep_dropout': 0.020098846553555122, 'train_learning_rate': 0.00043305440543638313, 'train_lr_reduce': 0.6}. Best is trial 558 with value: 0.30280801653862.
[I 2024-12-20 01:18:03,515] Trial 1873 finished with value: 0.3516073226928711 and parameters: {'mlp_n_layers': 4, 'mlp_dim_00': 73, 'mlp_dim_01': 398, 'mlp_dim_02': 451, 'mlp_dim_03': 175, 'node_hidden_dim': 122, 'edge_hidden_dim': 53, 'depth': 1, 'rep_dropout': 0.002831424922236623, 'train_learning_rate': 0.0014381524585559001, 'train_lr_reduce': 0.6}. Best is trial 558 with value: 0.30280801653862.
[I 2024-12-20 01:18:05,044] Trial 1877 finished with value: 0.43921011686325073 and parameters: {'mlp_n_layers': 4, 'mlp_dim_00': 512, 'mlp_dim_01': 409, 'mlp_dim_02': 387, 'mlp_dim_03': 114, 'node_hidden_dim': 101, 'edge_hidden_dim': 44, 'depth': 1, 'rep_dropout': 0.029241423768845, 'train_learning_rate': 0.00425540087484696, 'train_lr_reduce': 0.6}. Best is trial 558 with value: 0.30280801653862.
