[I 2024-12-15 17:28:07,096] Trial 2325 finished with value: 0.22939878702163696 and parameters: {'mlp_n_layers': 4, 'mlp_dim_00': 208, 'mlp_dim_01': 176, 'mlp_dim_02': 64, 'mlp_dim_03': 128, 'hidden_channels': 256, 'num_layers': 3, 'num_timesteps': 2, 'dropout': 0.08514657103907676, 'train_learning_rate': 0.0003662455363099702, 'train_lr_reduce': 0.6}. Best is trial 2056 with value: 0.13246719539165497.
[I 2024-12-15 17:28:12,217] Trial 2328 finished with value: 0.18645067512989044 and parameters: {'mlp_n_layers': 3, 'mlp_dim_00': 128, 'mlp_dim_01': 128, 'mlp_dim_02': 32, 'hidden_channels': 192, 'num_layers': 1, 'num_timesteps': 4, 'dropout': 0.028616791725206505, 'train_learning_rate': 0.0020564003677621444, 'train_lr_reduce': 0.6}. Best is trial 2056 with value: 0.13246719539165497.
[I 2024-12-15 17:28:17,485] Trial 2327 finished with value: 0.1660500168800354 and parameters: {'mlp_n_layers': 3, 'mlp_dim_00': 96, 'mlp_dim_01': 80, 'mlp_dim_02': 32, 'hidden_channels': 176, 'num_layers': 1, 'num_timesteps': 4, 'dropout': 0.0057539407785251965, 'train_learning_rate': 0.002840147095782936, 'train_lr_reduce': 0.6}. Best is trial 2056 with value: 0.13246719539165497.
[I 2024-12-15 17:28:22,562] Trial 2329 finished with value: 0.19737286865711212 and parameters: {'mlp_n_layers': 3, 'mlp_dim_00': 96, 'mlp_dim_01': 160, 'mlp_dim_02': 32, 'hidden_channels': 240, 'num_layers': 1, 'num_timesteps': 4, 'dropout': 0.008346924887581379, 'train_learning_rate': 0.002495310069816468, 'train_lr_reduce': 0.6}. Best is trial 2056 with value: 0.13246719539165497.
[I 2024-12-15 17:28:26,610] Trial 2330 finished with value: 0.1637434959411621 and parameters: {'mlp_n_layers': 3, 'mlp_dim_00': 128, 'mlp_dim_01': 112, 'mlp_dim_02': 32, 'hidden_channels': 224, 'num_layers': 1, 'num_timesteps': 4, 'dropout': 0.06512152159873273, 'train_learning_rate': 0.0024402348407963096, 'train_lr_reduce': 0.6}. Best is trial 2056 with value: 0.13246719539165497.
[I 2024-12-15 17:28:32,180] Trial 2332 finished with value: 0.1907464861869812 and parameters: {'mlp_n_layers': 4, 'mlp_dim_00': 32, 'mlp_dim_01': 144, 'mlp_dim_02': 64, 'mlp_dim_03': 128, 'hidden_channels': 192, 'num_layers': 1, 'num_timesteps': 4, 'dropout': 0.05809650174206393, 'train_learning_rate': 0.0020982013585781664, 'train_lr_reduce': 0.6}. Best is trial 2056 with value: 0.13246719539165497.
[I 2024-12-15 17:28:34,656] Trial 2333 finished with value: 0.22894811630249023 and parameters: {'mlp_n_layers': 4, 'mlp_dim_00': 48, 'mlp_dim_01': 80, 'mlp_dim_02': 32, 'mlp_dim_03': 32, 'hidden_channels': 256, 'num_layers': 2, 'num_timesteps': 4, 'dropout': 0.05276897469289824, 'train_learning_rate': 0.0020772988513872892, 'train_lr_reduce': 0.6}. Best is trial 2056 with value: 0.13246719539165497.
[I 2024-12-15 17:28:39,162] Trial 2331 finished with value: 0.33926862478256226 and parameters: {'mlp_n_layers': 4, 'mlp_dim_00': 208, 'mlp_dim_01': 192, 'mlp_dim_02': 32, 'mlp_dim_03': 128, 'hidden_channels': 192, 'num_layers': 4, 'num_timesteps': 4, 'dropout': 0.14956197605119873, 'train_learning_rate': 0.00020508775941885358, 'train_lr_reduce': 0.6}. Best is trial 2056 with value: 0.13246719539165497.
[I 2024-12-15 17:28:40,514] Trial 2335 finished with value: 0.230083629488945 and parameters: {'mlp_n_layers': 2, 'mlp_dim_00': 112, 'mlp_dim_01': 160, 'hidden_channels': 176, 'num_layers': 1, 'num_timesteps': 4, 'dropout': 0.01157976532448361, 'train_learning_rate': 0.0058296776768423314, 'train_lr_reduce': 0.6}. Best is trial 2056 with value: 0.13246719539165497.
[I 2024-12-15 17:28:40,640] Trial 2334 finished with value: 0.22495600581169128 and parameters: {'mlp_n_layers': 3, 'mlp_dim_00': 80, 'mlp_dim_01': 112, 'mlp_dim_02': 48, 'hidden_channels': 224, 'num_layers': 1, 'num_timesteps': 4, 'dropout': 0.021423166626348685, 'train_learning_rate': 0.002930263617702008, 'train_lr_reduce': 0.6}. Best is trial 2056 with value: 0.13246719539165497.
[I 2024-12-15 17:28:47,941] Trial 2338 finished with value: 0.2210170477628708 and parameters: {'mlp_n_layers': 2, 'mlp_dim_00': 112, 'mlp_dim_01': 160, 'hidden_channels': 208, 'num_layers': 2, 'num_timesteps': 4, 'dropout': 0.03347887803251912, 'train_learning_rate': 0.0038395588969475517, 'train_lr_reduce': 0.6}. Best is trial 2056 with value: 0.13246719539165497.
[I 2024-12-15 17:28:48,732] Trial 2336 finished with value: 0.22242170572280884 and parameters: {'mlp_n_layers': 4, 'mlp_dim_00': 112, 'mlp_dim_01': 144, 'mlp_dim_02': 32, 'mlp_dim_03': 128, 'hidden_channels': 224, 'num_layers': 2, 'num_timesteps': 3, 'dropout': 0.04078080453404936, 'train_learning_rate': 0.009056167761364184, 'train_lr_reduce': 0.6}. Best is trial 2056 with value: 0.13246719539165497.
[I 2024-12-15 17:29:00,232] Trial 2337 finished with value: 0.23210746049880981 and parameters: {'mlp_n_layers': 2, 'mlp_dim_00': 224, 'mlp_dim_01': 96, 'hidden_channels': 128, 'num_layers': 2, 'num_timesteps': 4, 'dropout': 0.07053839100106576, 'train_learning_rate': 0.00012882593326190856, 'train_lr_reduce': 0.6}. Best is trial 2056 with value: 0.13246719539165497.
[I 2024-12-15 17:29:01,079] Trial 2340 finished with value: 0.1853952705860138 and parameters: {'mlp_n_layers': 3, 'mlp_dim_00': 80, 'mlp_dim_01': 208, 'mlp_dim_02': 32, 'hidden_channels': 144, 'num_layers': 1, 'num_timesteps': 4, 'dropout': 0.08303042507998579, 'train_learning_rate': 0.002829211658826647, 'train_lr_reduce': 0.6}. Best is trial 2056 with value: 0.13246719539165497.
[I 2024-12-15 17:29:02,282] Trial 2339 finished with value: 0.19554437696933746 and parameters: {'mlp_n_layers': 2, 'mlp_dim_00': 48, 'mlp_dim_01': 160, 'hidden_channels': 192, 'num_layers': 1, 'num_timesteps': 4, 'dropout': 0.016147021222547263, 'train_learning_rate': 0.0028644199539311125, 'train_lr_reduce': 0.6}. Best is trial 2056 with value: 0.13246719539165497.
[I 2024-12-15 17:29:09,387] Trial 2342 finished with value: 0.21562092006206512 and parameters: {'mlp_n_layers': 4, 'mlp_dim_00': 32, 'mlp_dim_01': 208, 'mlp_dim_02': 32, 'mlp_dim_03': 144, 'hidden_channels': 208, 'num_layers': 2, 'num_timesteps': 4, 'dropout': 0.006666099104403523, 'train_learning_rate': 0.008693356740798124, 'train_lr_reduce': 0.6}. Best is trial 2056 with value: 0.13246719539165497.
[I 2024-12-15 17:29:09,391] Trial 2341 finished with value: 0.21755436062812805 and parameters: {'mlp_n_layers': 2, 'mlp_dim_00': 96, 'mlp_dim_01': 208, 'hidden_channels': 208, 'num_layers': 2, 'num_timesteps': 3, 'dropout': 0.12919953688543773, 'train_learning_rate': 0.001283661951002463, 'train_lr_reduce': 0.6}. Best is trial 2056 with value: 0.13246719539165497.
[I 2024-12-15 17:29:11,200] Trial 2343 finished with value: 0.20773965120315552 and parameters: {'mlp_n_layers': 3, 'mlp_dim_00': 96, 'mlp_dim_01': 176, 'mlp_dim_02': 32, 'hidden_channels': 176, 'num_layers': 2, 'num_timesteps': 4, 'dropout': 0.02546793975885342, 'train_learning_rate': 0.004809960996656368, 'train_lr_reduce': 0.6}. Best is trial 2056 with value: 0.13246719539165497.
[I 2024-12-15 17:29:18,054] Trial 2344 finished with value: 0.19622863829135895 and parameters: {'mlp_n_layers': 3, 'mlp_dim_00': 32, 'mlp_dim_01': 144, 'mlp_dim_02': 32, 'hidden_channels': 208, 'num_layers': 1, 'num_timesteps': 4, 'dropout': 0.04397855742641607, 'train_learning_rate': 0.004068941058917655, 'train_lr_reduce': 0.6}. Best is trial 2056 with value: 0.13246719539165497.
[I 2024-12-15 17:29:19,478] Trial 2345 finished with value: 0.21691016852855682 and parameters: {'mlp_n_layers': 3, 'mlp_dim_00': 96, 'mlp_dim_01': 128, 'mlp_dim_02': 32, 'hidden_channels': 176, 'num_layers': 2, 'num_timesteps': 3, 'dropout': 0.009308659186465063, 'train_learning_rate': 0.0018297888590881844, 'train_lr_reduce': 0.6}. Best is trial 2056 with value: 0.13246719539165497.
[I 2024-12-15 17:29:22,115] Trial 2346 finished with value: 0.22868363559246063 and parameters: {'mlp_n_layers': 3, 'mlp_dim_00': 64, 'mlp_dim_01': 192, 'mlp_dim_02': 32, 'hidden_channels': 224, 'num_layers': 1, 'num_timesteps': 3, 'dropout': 0.058690134231096064, 'train_learning_rate': 0.002776848205566583, 'train_lr_reduce': 0.6}. Best is trial 2056 with value: 0.13246719539165497.
[I 2024-12-15 17:29:22,682] Trial 2348 finished with value: 1.4600392580032349 and parameters: {'mlp_n_layers': 4, 'mlp_dim_00': 144, 'mlp_dim_01': 144, 'mlp_dim_02': 32, 'mlp_dim_03': 32, 'hidden_channels': 64, 'num_layers': 2, 'num_timesteps': 2, 'dropout': 0.2571434638236149, 'train_learning_rate': 0.00010088848635460249, 'train_lr_reduce': 0.6}. Best is trial 2056 with value: 0.13246719539165497.
[I 2024-12-15 17:29:29,890] Trial 2347 finished with value: 0.2064773589372635 and parameters: {'mlp_n_layers': 3, 'mlp_dim_00': 48, 'mlp_dim_01': 176, 'mlp_dim_02': 32, 'hidden_channels': 160, 'num_layers': 1, 'num_timesteps': 4, 'dropout': 0.016999875920973805, 'train_learning_rate': 0.004106872191781674, 'train_lr_reduce': 0.6}. Best is trial 2056 with value: 0.13246719539165497.
[I 2024-12-15 17:29:31,351] Trial 2349 finished with value: 0.20401136577129364 and parameters: {'mlp_n_layers': 3, 'mlp_dim_00': 112, 'mlp_dim_01': 160, 'mlp_dim_02': 48, 'hidden_channels': 256, 'num_layers': 1, 'num_timesteps': 4, 'dropout': 0.014465168189808149, 'train_learning_rate': 0.006532630156742245, 'train_lr_reduce': 0.6}. Best is trial 2056 with value: 0.13246719539165497.
[I 2024-12-15 17:29:35,287] Trial 2352 finished with value: 1.124904990196228 and parameters: {'mlp_n_layers': 3, 'mlp_dim_00': 96, 'mlp_dim_01': 144, 'mlp_dim_02': 48, 'hidden_channels': 256, 'num_layers': 1, 'num_timesteps': 4, 'dropout': 0.08624982223574519, 'train_learning_rate': 0.005025828330313139, 'train_lr_reduce': 0.6}. Best is trial 2056 with value: 0.13246719539165497.
[I 2024-12-15 17:29:38,514] Trial 2350 finished with value: 0.17141969501972198 and parameters: {'mlp_n_layers': 4, 'mlp_dim_00': 32, 'mlp_dim_01': 192, 'mlp_dim_02': 32, 'mlp_dim_03': 144, 'hidden_channels': 208, 'num_layers': 1, 'num_timesteps': 3, 'dropout': 0.05119293456390456, 'train_learning_rate': 0.0036964711419433553, 'train_lr_reduce': 0.6}. Best is trial 2056 with value: 0.13246719539165497.
[I 2024-12-15 17:29:43,405] Trial 2351 finished with value: 0.1835016906261444 and parameters: {'mlp_n_layers': 4, 'mlp_dim_00': 80, 'mlp_dim_01': 160, 'mlp_dim_02': 48, 'mlp_dim_03': 128, 'hidden_channels': 256, 'num_layers': 1, 'num_timesteps': 3, 'dropout': 0.0531483632437031, 'train_learning_rate': 0.0034990002706893363, 'train_lr_reduce': 0.6}. Best is trial 2056 with value: 0.13246719539165497.
[I 2024-12-15 17:29:47,122] Trial 2354 finished with value: 0.19550059735774994 and parameters: {'mlp_n_layers': 4, 'mlp_dim_00': 96, 'mlp_dim_01': 96, 'mlp_dim_02': 32, 'mlp_dim_03': 32, 'hidden_channels': 256, 'num_layers': 1, 'num_timesteps': 3, 'dropout': 0.09993007765088309, 'train_learning_rate': 0.002692780128683955, 'train_lr_reduce': 0.6}. Best is trial 2056 with value: 0.13246719539165497.
[I 2024-12-15 17:29:48,515] Trial 2353 finished with value: 0.1827401965856552 and parameters: {'mlp_n_layers': 4, 'mlp_dim_00': 48, 'mlp_dim_01': 192, 'mlp_dim_02': 48, 'mlp_dim_03': 144, 'hidden_channels': 208, 'num_layers': 1, 'num_timesteps': 4, 'dropout': 0.010028161406213562, 'train_learning_rate': 0.0018527723197056087, 'train_lr_reduce': 0.6}. Best is trial 2056 with value: 0.13246719539165497.
[I 2024-12-15 17:29:53,574] Trial 2355 finished with value: 0.21133872866630554 and parameters: {'mlp_n_layers': 3, 'mlp_dim_00': 96, 'mlp_dim_01': 160, 'mlp_dim_02': 48, 'hidden_channels': 224, 'num_layers': 1, 'num_timesteps': 3, 'dropout': 0.03796172178951783, 'train_learning_rate': 0.007896694933671773, 'train_lr_reduce': 0.6}. Best is trial 2056 with value: 0.13246719539165497.
[I 2024-12-15 17:29:56,348] Trial 2356 finished with value: 0.19170226156711578 and parameters: {'mlp_n_layers': 4, 'mlp_dim_00': 32, 'mlp_dim_01': 144, 'mlp_dim_02': 48, 'mlp_dim_03': 112, 'hidden_channels': 256, 'num_layers': 1, 'num_timesteps': 4, 'dropout': 0.0581786526822954, 'train_learning_rate': 0.0034059018998841557, 'train_lr_reduce': 0.6}. Best is trial 2056 with value: 0.13246719539165497.
[I 2024-12-15 17:29:57,256] Trial 2357 finished with value: 0.24035035073757172 and parameters: {'mlp_n_layers': 4, 'mlp_dim_00': 240, 'mlp_dim_01': 112, 'mlp_dim_02': 32, 'mlp_dim_03': 128, 'hidden_channels': 128, 'num_layers': 3, 'num_timesteps': 2, 'dropout': 0.22500118778931127, 'train_learning_rate': 0.004903882824713286, 'train_lr_reduce': 0.6}. Best is trial 2056 with value: 0.13246719539165497.
[I 2024-12-15 17:30:02,774] Trial 2359 finished with value: 0.23291628062725067 and parameters: {'mlp_n_layers': 4, 'mlp_dim_00': 96, 'mlp_dim_01': 160, 'mlp_dim_02': 48, 'mlp_dim_03': 112, 'hidden_channels': 208, 'num_layers': 1, 'num_timesteps': 4, 'dropout': 0.037932131152766405, 'train_learning_rate': 0.006725213543157266, 'train_lr_reduce': 0.6}. Best is trial 2056 with value: 0.13246719539165497.
[I 2024-12-15 17:30:02,863] Trial 2358 finished with value: 0.2039855569601059 and parameters: {'mlp_n_layers': 4, 'mlp_dim_00': 128, 'mlp_dim_01': 128, 'mlp_dim_02': 48, 'mlp_dim_03': 32, 'hidden_channels': 224, 'num_layers': 2, 'num_timesteps': 4, 'dropout': 0.00037326387614776586, 'train_learning_rate': 0.0068668821364101665, 'train_lr_reduce': 0.6}. Best is trial 2056 with value: 0.13246719539165497.
[I 2024-12-15 17:30:10,544] Trial 2361 finished with value: 0.20661860704421997 and parameters: {'mlp_n_layers': 3, 'mlp_dim_00': 80, 'mlp_dim_01': 160, 'mlp_dim_02': 64, 'hidden_channels': 192, 'num_layers': 1, 'num_timesteps': 3, 'dropout': 2.6191047010159932e-05, 'train_learning_rate': 0.005523725433992998, 'train_lr_reduce': 0.6}. Best is trial 2056 with value: 0.13246719539165497.
[I 2024-12-15 17:30:10,958] Trial 2360 finished with value: 0.16167132556438446 and parameters: {'mlp_n_layers': 3, 'mlp_dim_00': 64, 'mlp_dim_01': 176, 'mlp_dim_02': 48, 'hidden_channels': 192, 'num_layers': 1, 'num_timesteps': 4, 'dropout': 0.0015087308740694022, 'train_learning_rate': 0.005064569833660807, 'train_lr_reduce': 0.6}. Best is trial 2056 with value: 0.13246719539165497.
[I 2024-12-15 17:30:17,489] Trial 2363 finished with value: 0.18027964234352112 and parameters: {'mlp_n_layers': 3, 'mlp_dim_00': 80, 'mlp_dim_01': 192, 'mlp_dim_02': 48, 'hidden_channels': 240, 'num_layers': 1, 'num_timesteps': 4, 'dropout': 0.007252877097262004, 'train_learning_rate': 0.003331794709880177, 'train_lr_reduce': 0.6}. Best is trial 2056 with value: 0.13246719539165497.
[I 2024-12-15 17:30:20,820] Trial 2362 finished with value: 0.17143869400024414 and parameters: {'mlp_n_layers': 3, 'mlp_dim_00': 256, 'mlp_dim_01': 240, 'mlp_dim_02': 32, 'hidden_channels': 256, 'num_layers': 2, 'num_timesteps': 4, 'dropout': 0.0022066459440805153, 'train_learning_rate': 0.0015083516669307307, 'train_lr_reduce': 0.6}. Best is trial 2056 with value: 0.13246719539165497.
[I 2024-12-15 17:30:21,310] Trial 2364 finished with value: 0.21887977421283722 and parameters: {'mlp_n_layers': 3, 'mlp_dim_00': 80, 'mlp_dim_01': 176, 'mlp_dim_02': 32, 'hidden_channels': 176, 'num_layers': 2, 'num_timesteps': 4, 'dropout': 0.096485786336693, 'train_learning_rate': 0.0013066989848369566, 'train_lr_reduce': 0.6}. Best is trial 2056 with value: 0.13246719539165497.
[I 2024-12-15 17:30:27,441] Trial 2367 finished with value: 0.27964016795158386 and parameters: {'mlp_n_layers': 4, 'mlp_dim_00': 80, 'mlp_dim_01': 112, 'mlp_dim_02': 128, 'mlp_dim_03': 48, 'hidden_channels': 240, 'num_layers': 1, 'num_timesteps': 4, 'dropout': 0.01557205047638639, 'train_learning_rate': 0.005802814381088377, 'train_lr_reduce': 0.6}. Best is trial 2056 with value: 0.13246719539165497.
[I 2024-12-15 17:30:29,836] Trial 2365 finished with value: 0.18646301329135895 and parameters: {'mlp_n_layers': 2, 'mlp_dim_00': 96, 'mlp_dim_01': 224, 'hidden_channels': 192, 'num_layers': 1, 'num_timesteps': 3, 'dropout': 0.057759582600263364, 'train_learning_rate': 0.002544839549376528, 'train_lr_reduce': 0.6}. Best is trial 2056 with value: 0.13246719539165497.
[I 2024-12-15 17:30:31,691] Trial 2366 finished with value: 0.16000263392925262 and parameters: {'mlp_n_layers': 4, 'mlp_dim_00': 32, 'mlp_dim_01': 224, 'mlp_dim_02': 64, 'mlp_dim_03': 144, 'hidden_channels': 192, 'num_layers': 1, 'num_timesteps': 4, 'dropout': 0.11747354132887719, 'train_learning_rate': 0.0019676496869454425, 'train_lr_reduce': 0.6}. Best is trial 2056 with value: 0.13246719539165497.
[I 2024-12-15 17:30:40,199] Trial 2369 finished with value: 0.1790907084941864 and parameters: {'mlp_n_layers': 4, 'mlp_dim_00': 80, 'mlp_dim_01': 80, 'mlp_dim_02': 32, 'mlp_dim_03': 112, 'hidden_channels': 208, 'num_layers': 1, 'num_timesteps': 4, 'dropout': 0.05248725964560569, 'train_learning_rate': 0.002217927004089155, 'train_lr_reduce': 0.6}. Best is trial 2056 with value: 0.13246719539165497.
[I 2024-12-15 17:30:42,964] Trial 2370 finished with value: 0.1954517364501953 and parameters: {'mlp_n_layers': 3, 'mlp_dim_00': 80, 'mlp_dim_01': 160, 'mlp_dim_02': 64, 'hidden_channels': 224, 'num_layers': 1, 'num_timesteps': 4, 'dropout': 0.01412736774492226, 'train_learning_rate': 0.002372228347277622, 'train_lr_reduce': 0.6}. Best is trial 2056 with value: 0.13246719539165497.
[I 2024-12-15 17:30:46,937] Trial 2368 finished with value: 0.23825688660144806 and parameters: {'mlp_n_layers': 2, 'mlp_dim_00': 144, 'mlp_dim_01': 80, 'hidden_channels': 224, 'num_layers': 2, 'num_timesteps': 2, 'dropout': 0.08464326082275794, 'train_learning_rate': 0.00010480138330236867, 'train_lr_reduce': 0.6}. Best is trial 2056 with value: 0.13246719539165497.
[I 2024-12-15 17:30:49,458] Trial 2371 finished with value: 0.21471764147281647 and parameters: {'mlp_n_layers': 3, 'mlp_dim_00': 48, 'mlp_dim_01': 144, 'mlp_dim_02': 48, 'hidden_channels': 240, 'num_layers': 2, 'num_timesteps': 4, 'dropout': 0.033861485447769284, 'train_learning_rate': 0.007211298417856274, 'train_lr_reduce': 0.6}. Best is trial 2056 with value: 0.13246719539165497.
[I 2024-12-15 17:30:50,012] Trial 2372 finished with value: 0.24363835155963898 and parameters: {'mlp_n_layers': 4, 'mlp_dim_00': 176, 'mlp_dim_01': 144, 'mlp_dim_02': 64, 'mlp_dim_03': 48, 'hidden_channels': 224, 'num_layers': 1, 'num_timesteps': 4, 'dropout': 0.010008093203030042, 'train_learning_rate': 0.009346518681389296, 'train_lr_reduce': 0.6}. Best is trial 2056 with value: 0.13246719539165497.
[I 2024-12-15 17:30:54,947] Trial 2373 finished with value: 0.24122145771980286 and parameters: {'mlp_n_layers': 4, 'mlp_dim_00': 96, 'mlp_dim_01': 160, 'mlp_dim_02': 48, 'mlp_dim_03': 144, 'hidden_channels': 256, 'num_layers': 2, 'num_timesteps': 4, 'dropout': 0.0001297749042903449, 'train_learning_rate': 0.004633850632888425, 'train_lr_reduce': 0.6}. Best is trial 2056 with value: 0.13246719539165497.
[I 2024-12-15 17:30:58,598] Trial 2375 finished with value: 0.22500906884670258 and parameters: {'mlp_n_layers': 3, 'mlp_dim_00': 32, 'mlp_dim_01': 240, 'mlp_dim_02': 128, 'hidden_channels': 192, 'num_layers': 1, 'num_timesteps': 4, 'dropout': 0.06884771510654586, 'train_learning_rate': 0.007400947446488421, 'train_lr_reduce': 0.6}. Best is trial 2056 with value: 0.13246719539165497.
[I 2024-12-15 17:30:59,889] Trial 2374 finished with value: 0.16395361721515656 and parameters: {'mlp_n_layers': 3, 'mlp_dim_00': 64, 'mlp_dim_01': 160, 'mlp_dim_02': 64, 'hidden_channels': 192, 'num_layers': 1, 'num_timesteps': 4, 'dropout': 0.015089246328633735, 'train_learning_rate': 0.0027748688290950936, 'train_lr_reduce': 0.6}. Best is trial 2056 with value: 0.13246719539165497.
[I 2024-12-15 17:31:06,822] Trial 2376 finished with value: 0.24815508723258972 and parameters: {'mlp_n_layers': 2, 'mlp_dim_00': 128, 'mlp_dim_01': 64, 'hidden_channels': 192, 'num_layers': 1, 'num_timesteps': 1, 'dropout': 0.057935675220305946, 'train_learning_rate': 0.0005796905010191988, 'train_lr_reduce': 0.6}. Best is trial 2056 with value: 0.13246719539165497.
[I 2024-12-15 17:31:09,446] Trial 2378 finished with value: 0.18486033380031586 and parameters: {'mlp_n_layers': 3, 'mlp_dim_00': 80, 'mlp_dim_01': 160, 'mlp_dim_02': 64, 'hidden_channels': 176, 'num_layers': 2, 'num_timesteps': 4, 'dropout': 0.00017812494520009136, 'train_learning_rate': 0.005191883521499312, 'train_lr_reduce': 0.6}. Best is trial 2056 with value: 0.13246719539165497.
[I 2024-12-15 17:31:14,268] Trial 2377 finished with value: 0.14883774518966675 and parameters: {'mlp_n_layers': 4, 'mlp_dim_00': 112, 'mlp_dim_01': 160, 'mlp_dim_02': 32, 'mlp_dim_03': 112, 'hidden_channels': 192, 'num_layers': 1, 'num_timesteps': 4, 'dropout': 0.07170804261075459, 'train_learning_rate': 0.003787906544927411, 'train_lr_reduce': 0.6}. Best is trial 2056 with value: 0.13246719539165497.
[I 2024-12-15 17:31:23,513] Trial 2379 finished with value: 0.243377685546875 and parameters: {'mlp_n_layers': 4, 'mlp_dim_00': 112, 'mlp_dim_01': 128, 'mlp_dim_02': 128, 'mlp_dim_03': 64, 'hidden_channels': 240, 'num_layers': 1, 'num_timesteps': 3, 'dropout': 0.0019114462331619548, 'train_learning_rate': 0.005871926226537655, 'train_lr_reduce': 0.6}. Best is trial 2056 with value: 0.13246719539165497.
[I 2024-12-15 17:31:23,566] Trial 2381 finished with value: 0.1490219086408615 and parameters: {'mlp_n_layers': 2, 'mlp_dim_00': 32, 'mlp_dim_01': 112, 'hidden_channels': 240, 'num_layers': 1, 'num_timesteps': 4, 'dropout': 0.017880132896738836, 'train_learning_rate': 0.0043499209550624625, 'train_lr_reduce': 0.6}. Best is trial 2056 with value: 0.13246719539165497.
[I 2024-12-15 17:31:28,167] Trial 2380 finished with value: 0.21253859996795654 and parameters: {'mlp_n_layers': 2, 'mlp_dim_00': 128, 'mlp_dim_01': 32, 'hidden_channels': 144, 'num_layers': 1, 'num_timesteps': 4, 'dropout': 0.011157910335456767, 'train_learning_rate': 0.000145902989441809, 'train_lr_reduce': 0.6}. Best is trial 2056 with value: 0.13246719539165497.
