[I 2024-12-26 16:23:05,525] Trial 2010 finished with value: 0.02338116429746151 and parameters: {'L1_hidden_dim': 96, 'L1_layers_atom': 3, 'L1_layers_mol': 1, 'L1_dropout': 0.0687478088188334, 'L1_out_dim': 64, 'L2_hidden_dim': 256, 'L2_layers_atom': 2, 'L2_layers_mol': 4, 'L2_out_dim': 112, 'L2_dropout': 0.07979027180995933, 'L3_hidden_dim': 80, 'L3_layers_atom': 2, 'L3_layers_mol': 1, 'L3_out_dim': 128, 'L3_dropout': 0.006876583137244124, 'n_mlp_layers': 3, 'mlp_dim_0': 472, 'mlp_dim_1': 232, 'mlp_dim_2': 512, 'num_heads': 2, 'final_dropout': 0.0620544516813529, 'train_learning_rate': 0.00015322577896989892, 'train_lr_reduce': 0.6}. Best is trial 1073 with value: 0.009419886395335197.
[I 2024-12-26 16:24:47,582] Trial 2012 finished with value: 0.011885651387274265 and parameters: {'L1_hidden_dim': 64, 'L1_layers_atom': 3, 'L1_layers_mol': 3, 'L1_dropout': 0.017917488121495195, 'L1_out_dim': 32, 'L2_hidden_dim': 240, 'L2_layers_atom': 1, 'L2_layers_mol': 3, 'L2_out_dim': 128, 'L2_dropout': 0.05012990435938099, 'L3_hidden_dim': 96, 'L3_layers_atom': 2, 'L3_layers_mol': 2, 'L3_out_dim': 128, 'L3_dropout': 0.0405815768367295, 'n_mlp_layers': 3, 'mlp_dim_0': 512, 'mlp_dim_1': 368, 'mlp_dim_2': 344, 'num_heads': 2, 'final_dropout': 0.013592646053394022, 'train_learning_rate': 0.00015278051451860834, 'train_lr_reduce': 0.6}. Best is trial 1073 with value: 0.009419886395335197.
[I 2024-12-26 16:24:54,911] Trial 2014 finished with value: 0.09248773753643036 and parameters: {'L1_hidden_dim': 176, 'L1_layers_atom': 1, 'L1_layers_mol': 4, 'L1_dropout': 0.2629357379530789, 'L1_out_dim': 128, 'L2_hidden_dim': 64, 'L2_layers_atom': 3, 'L2_layers_mol': 1, 'L2_out_dim': 96, 'L2_dropout': 0.27471508867847233, 'L3_hidden_dim': 128, 'L3_layers_atom': 4, 'L3_layers_mol': 1, 'L3_out_dim': 80, 'L3_dropout': 0.23643263718622465, 'n_mlp_layers': 2, 'mlp_dim_0': 448, 'mlp_dim_1': 184, 'num_heads': 1, 'final_dropout': 0.18801175078266333, 'train_learning_rate': 0.0001348870131031024, 'train_lr_reduce': 0.6}. Best is trial 1073 with value: 0.009419886395335197.
[I 2024-12-26 16:25:16,590] Trial 2013 finished with value: 0.016662534326314926 and parameters: {'L1_hidden_dim': 256, 'L1_layers_atom': 2, 'L1_layers_mol': 2, 'L1_dropout': 0.15427355705296814, 'L1_out_dim': 64, 'L2_hidden_dim': 128, 'L2_layers_atom': 1, 'L2_layers_mol': 1, 'L2_out_dim': 80, 'L2_dropout': 0.013214014194382779, 'L3_hidden_dim': 112, 'L3_layers_atom': 4, 'L3_layers_mol': 4, 'L3_out_dim': 112, 'L3_dropout': 0.2039292359307734, 'n_mlp_layers': 1, 'mlp_dim_0': 384, 'num_heads': 2, 'final_dropout': 0.2966102628472581, 'train_learning_rate': 0.00015259858841775562, 'train_lr_reduce': 0.6}. Best is trial 1073 with value: 0.009419886395335197.
[I 2024-12-26 16:26:56,677] Trial 2015 finished with value: 0.01163011509925127 and parameters: {'L1_hidden_dim': 176, 'L1_layers_atom': 3, 'L1_layers_mol': 4, 'L1_dropout': 0.03871930891122865, 'L1_out_dim': 96, 'L2_hidden_dim': 208, 'L2_layers_atom': 2, 'L2_layers_mol': 4, 'L2_out_dim': 64, 'L2_dropout': 0.07928144757980336, 'L3_hidden_dim': 80, 'L3_layers_atom': 2, 'L3_layers_mol': 1, 'L3_out_dim': 112, 'L3_dropout': 0.05460923924767147, 'n_mlp_layers': 2, 'mlp_dim_0': 184, 'mlp_dim_1': 272, 'num_heads': 2, 'final_dropout': 0.20421905896398823, 'train_learning_rate': 0.0006824362032749032, 'train_lr_reduce': 0.6}. Best is trial 1073 with value: 0.009419886395335197.
[I 2024-12-26 16:27:02,012] Trial 2016 finished with value: 0.013945316895842552 and parameters: {'L1_hidden_dim': 144, 'L1_layers_atom': 4, 'L1_layers_mol': 4, 'L1_dropout': 0.1210579270642429, 'L1_out_dim': 32, 'L2_hidden_dim': 112, 'L2_layers_atom': 1, 'L2_layers_mol': 1, 'L2_out_dim': 128, 'L2_dropout': 0.012155323602673386, 'L3_hidden_dim': 112, 'L3_layers_atom': 4, 'L3_layers_mol': 2, 'L3_out_dim': 128, 'L3_dropout': 0.04826405040174633, 'n_mlp_layers': 3, 'mlp_dim_0': 480, 'mlp_dim_1': 480, 'mlp_dim_2': 440, 'num_heads': 2, 'final_dropout': 0.10943416447454127, 'train_learning_rate': 0.0011425239361090977, 'train_lr_reduce': 0.6}. Best is trial 1073 with value: 0.009419886395335197.
[I 2024-12-26 16:28:01,803] Trial 2017 finished with value: 0.016141165047883987 and parameters: {'L1_hidden_dim': 80, 'L1_layers_atom': 4, 'L1_layers_mol': 4, 'L1_dropout': 0.1261608006836154, 'L1_out_dim': 96, 'L2_hidden_dim': 96, 'L2_layers_atom': 4, 'L2_layers_mol': 1, 'L2_out_dim': 128, 'L2_dropout': 0.04960207153880532, 'L3_hidden_dim': 96, 'L3_layers_atom': 2, 'L3_layers_mol': 3, 'L3_out_dim': 96, 'L3_dropout': 0.1733940457755776, 'n_mlp_layers': 1, 'mlp_dim_0': 40, 'num_heads': 1, 'final_dropout': 0.005521315407108096, 'train_learning_rate': 0.0038788352026123585, 'train_lr_reduce': 0.6}. Best is trial 1073 with value: 0.009419886395335197.
[I 2024-12-26 16:29:16,898] Trial 2018 finished with value: 0.0123148113489151 and parameters: {'L1_hidden_dim': 192, 'L1_layers_atom': 2, 'L1_layers_mol': 2, 'L1_dropout': 0.020078979306848148, 'L1_out_dim': 48, 'L2_hidden_dim': 208, 'L2_layers_atom': 1, 'L2_layers_mol': 3, 'L2_out_dim': 64, 'L2_dropout': 0.08751506337288688, 'L3_hidden_dim': 112, 'L3_layers_atom': 4, 'L3_layers_mol': 1, 'L3_out_dim': 128, 'L3_dropout': 0.21453415699963319, 'n_mlp_layers': 3, 'mlp_dim_0': 400, 'mlp_dim_1': 320, 'mlp_dim_2': 72, 'num_heads': 2, 'final_dropout': 0.10264314438337313, 'train_learning_rate': 0.0004237141035909487, 'train_lr_reduce': 0.6}. Best is trial 1073 with value: 0.009419886395335197.
[I 2024-12-26 16:29:45,691] Trial 2019 finished with value: 0.012586589902639389 and parameters: {'L1_hidden_dim': 224, 'L1_layers_atom': 2, 'L1_layers_mol': 1, 'L1_dropout': 0.010804248502007441, 'L1_out_dim': 64, 'L2_hidden_dim': 240, 'L2_layers_atom': 1, 'L2_layers_mol': 2, 'L2_out_dim': 112, 'L2_dropout': 0.0012934219014105498, 'L3_hidden_dim': 80, 'L3_layers_atom': 3, 'L3_layers_mol': 2, 'L3_out_dim': 80, 'L3_dropout': 0.17519493689816243, 'n_mlp_layers': 3, 'mlp_dim_0': 432, 'mlp_dim_1': 368, 'mlp_dim_2': 376, 'num_heads': 2, 'final_dropout': 0.1310566709009952, 'train_learning_rate': 0.00011368895103278173, 'train_lr_reduce': 0.6}. Best is trial 1073 with value: 0.009419886395335197.
[I 2024-12-26 16:30:42,408] Trial 2020 finished with value: 0.010699339210987091 and parameters: {'L1_hidden_dim': 160, 'L1_layers_atom': 1, 'L1_layers_mol': 2, 'L1_dropout': 0.05693079638501822, 'L1_out_dim': 64, 'L2_hidden_dim': 176, 'L2_layers_atom': 1, 'L2_layers_mol': 4, 'L2_out_dim': 128, 'L2_dropout': 0.00024194514713549642, 'L3_hidden_dim': 64, 'L3_layers_atom': 4, 'L3_layers_mol': 2, 'L3_out_dim': 128, 'L3_dropout': 0.12790893834963435, 'n_mlp_layers': 3, 'mlp_dim_0': 400, 'mlp_dim_1': 240, 'mlp_dim_2': 32, 'num_heads': 2, 'final_dropout': 0.16315487592759995, 'train_learning_rate': 0.00040991472535362357, 'train_lr_reduce': 0.6}. Best is trial 1073 with value: 0.009419886395335197.
[I 2024-12-26 16:31:49,198] Trial 2021 finished with value: 0.011900766752660275 and parameters: {'L1_hidden_dim': 192, 'L1_layers_atom': 4, 'L1_layers_mol': 3, 'L1_dropout': 0.007795384862221998, 'L1_out_dim': 64, 'L2_hidden_dim': 128, 'L2_layers_atom': 1, 'L2_layers_mol': 2, 'L2_out_dim': 128, 'L2_dropout': 0.058907177508652694, 'L3_hidden_dim': 128, 'L3_layers_atom': 4, 'L3_layers_mol': 3, 'L3_out_dim': 112, 'L3_dropout': 0.015431992409939733, 'n_mlp_layers': 3, 'mlp_dim_0': 240, 'mlp_dim_1': 512, 'mlp_dim_2': 472, 'num_heads': 2, 'final_dropout': 0.1781072297762895, 'train_learning_rate': 0.0003817193752257446, 'train_lr_reduce': 0.6}. Best is trial 1073 with value: 0.009419886395335197.
[I 2024-12-26 16:32:44,419] Trial 2022 finished with value: 0.01315933745354414 and parameters: {'L1_hidden_dim': 80, 'L1_layers_atom': 1, 'L1_layers_mol': 1, 'L1_dropout': 0.12528361404450947, 'L1_out_dim': 96, 'L2_hidden_dim': 176, 'L2_layers_atom': 2, 'L2_layers_mol': 4, 'L2_out_dim': 96, 'L2_dropout': 0.0033827124671660797, 'L3_hidden_dim': 48, 'L3_layers_atom': 4, 'L3_layers_mol': 1, 'L3_out_dim': 128, 'L3_dropout': 0.025084851207344272, 'n_mlp_layers': 3, 'mlp_dim_0': 384, 'mlp_dim_1': 320, 'mlp_dim_2': 104, 'num_heads': 2, 'final_dropout': 0.14779893036613007, 'train_learning_rate': 0.0013502273222623174, 'train_lr_reduce': 0.6}. Best is trial 1073 with value: 0.009419886395335197.
[I 2024-12-26 16:33:02,779] Trial 2023 finished with value: 0.012874518521130085 and parameters: {'L1_hidden_dim': 176, 'L1_layers_atom': 3, 'L1_layers_mol': 4, 'L1_dropout': 0.027106953951843343, 'L1_out_dim': 80, 'L2_hidden_dim': 144, 'L2_layers_atom': 1, 'L2_layers_mol': 4, 'L2_out_dim': 80, 'L2_dropout': 0.09298562262812736, 'L3_hidden_dim': 64, 'L3_layers_atom': 1, 'L3_layers_mol': 2, 'L3_out_dim': 80, 'L3_dropout': 0.0864570015219764, 'n_mlp_layers': 3, 'mlp_dim_0': 160, 'mlp_dim_1': 144, 'mlp_dim_2': 432, 'num_heads': 2, 'final_dropout': 0.16833263033825763, 'train_learning_rate': 0.0015768564144605854, 'train_lr_reduce': 0.6}. Best is trial 1073 with value: 0.009419886395335197.
[I 2024-12-26 16:34:12,088] Trial 2024 finished with value: 0.011354533024132252 and parameters: {'L1_hidden_dim': 160, 'L1_layers_atom': 4, 'L1_layers_mol': 4, 'L1_dropout': 0.01590835607537934, 'L1_out_dim': 64, 'L2_hidden_dim': 160, 'L2_layers_atom': 2, 'L2_layers_mol': 1, 'L2_out_dim': 128, 'L2_dropout': 0.026603216019293417, 'L3_hidden_dim': 80, 'L3_layers_atom': 3, 'L3_layers_mol': 2, 'L3_out_dim': 128, 'L3_dropout': 0.09276106207649862, 'n_mlp_layers': 3, 'mlp_dim_0': 496, 'mlp_dim_1': 480, 'mlp_dim_2': 328, 'num_heads': 2, 'final_dropout': 0.059434312428875175, 'train_learning_rate': 0.0011506476458943804, 'train_lr_reduce': 0.6}. Best is trial 1073 with value: 0.009419886395335197.
[I 2024-12-26 16:34:37,213] Trial 2025 finished with value: 0.04425264522433281 and parameters: {'L1_hidden_dim': 112, 'L1_layers_atom': 2, 'L1_layers_mol': 2, 'L1_dropout': 0.2611349449182991, 'L1_out_dim': 128, 'L2_hidden_dim': 80, 'L2_layers_atom': 4, 'L2_layers_mol': 3, 'L2_out_dim': 112, 'L2_dropout': 0.05717029576288704, 'L3_hidden_dim': 48, 'L3_layers_atom': 3, 'L3_layers_mol': 2, 'L3_out_dim': 96, 'L3_dropout': 0.21059487164204274, 'n_mlp_layers': 1, 'mlp_dim_0': 192, 'num_heads': 2, 'final_dropout': 0.039238044008415365, 'train_learning_rate': 0.008862120287140412, 'train_lr_reduce': 0.6}. Best is trial 1073 with value: 0.009419886395335197.
[I 2024-12-26 16:35:08,283] Trial 2026 finished with value: 0.01601780764758587 and parameters: {'L1_hidden_dim': 80, 'L1_layers_atom': 3, 'L1_layers_mol': 2, 'L1_dropout': 0.06630573984390364, 'L1_out_dim': 48, 'L2_hidden_dim': 224, 'L2_layers_atom': 1, 'L2_layers_mol': 3, 'L2_out_dim': 112, 'L2_dropout': 0.1277110716515475, 'L3_hidden_dim': 96, 'L3_layers_atom': 3, 'L3_layers_mol': 1, 'L3_out_dim': 128, 'L3_dropout': 0.04677487341383399, 'n_mlp_layers': 3, 'mlp_dim_0': 400, 'mlp_dim_1': 272, 'mlp_dim_2': 392, 'num_heads': 2, 'final_dropout': 0.09779260899385754, 'train_learning_rate': 0.0003331823031630452, 'train_lr_reduce': 0.6}. Best is trial 1073 with value: 0.009419886395335197.
[I 2024-12-26 16:36:22,599] Trial 2027 finished with value: 0.03603113442659378 and parameters: {'L1_hidden_dim': 64, 'L1_layers_atom': 2, 'L1_layers_mol': 3, 'L1_dropout': 0.2543676647139596, 'L1_out_dim': 128, 'L2_hidden_dim': 240, 'L2_layers_atom': 2, 'L2_layers_mol': 4, 'L2_out_dim': 128, 'L2_dropout': 0.017738685905103968, 'L3_hidden_dim': 32, 'L3_layers_atom': 1, 'L3_layers_mol': 3, 'L3_out_dim': 48, 'L3_dropout': 0.27536883551937374, 'n_mlp_layers': 3, 'mlp_dim_0': 280, 'mlp_dim_1': 368, 'mlp_dim_2': 512, 'num_heads': 2, 'final_dropout': 0.15138990886344852, 'train_learning_rate': 0.0017344026497494553, 'train_lr_reduce': 0.6}. Best is trial 1073 with value: 0.009419886395335197.
[I 2024-12-26 16:36:37,593] Trial 2028 finished with value: 0.022105956450104713 and parameters: {'L1_hidden_dim': 128, 'L1_layers_atom': 4, 'L1_layers_mol': 1, 'L1_dropout': 0.0239297296233755, 'L1_out_dim': 96, 'L2_hidden_dim': 96, 'L2_layers_atom': 1, 'L2_layers_mol': 3, 'L2_out_dim': 128, 'L2_dropout': 0.11950307012890996, 'L3_hidden_dim': 80, 'L3_layers_atom': 2, 'L3_layers_mol': 1, 'L3_out_dim': 128, 'L3_dropout': 0.2178687055903185, 'n_mlp_layers': 1, 'mlp_dim_0': 456, 'num_heads': 1, 'final_dropout': 0.19511012007910833, 'train_learning_rate': 0.0010478194365660853, 'train_lr_reduce': 0.6}. Best is trial 1073 with value: 0.009419886395335197.
[I 2024-12-26 16:38:25,837] Trial 2030 finished with value: 0.014729906804859638 and parameters: {'L1_hidden_dim': 176, 'L1_layers_atom': 4, 'L1_layers_mol': 4, 'L1_dropout': 0.15932242032230243, 'L1_out_dim': 80, 'L2_hidden_dim': 192, 'L2_layers_atom': 1, 'L2_layers_mol': 3, 'L2_out_dim': 96, 'L2_dropout': 0.08193181157586109, 'L3_hidden_dim': 64, 'L3_layers_atom': 3, 'L3_layers_mol': 1, 'L3_out_dim': 128, 'L3_dropout': 0.11877745820288814, 'n_mlp_layers': 3, 'mlp_dim_0': 80, 'mlp_dim_1': 320, 'mlp_dim_2': 64, 'num_heads': 2, 'final_dropout': 0.2990774797228263, 'train_learning_rate': 0.00068021441245235, 'train_lr_reduce': 0.6}. Best is trial 1073 with value: 0.009419886395335197.
[I 2024-12-26 16:38:26,830] Trial 2029 finished with value: 0.026252679526805878 and parameters: {'L1_hidden_dim': 112, 'L1_layers_atom': 2, 'L1_layers_mol': 2, 'L1_dropout': 0.13693549299202715, 'L1_out_dim': 96, 'L2_hidden_dim': 192, 'L2_layers_atom': 2, 'L2_layers_mol': 4, 'L2_out_dim': 80, 'L2_dropout': 0.08138808152651159, 'L3_hidden_dim': 64, 'L3_layers_atom': 4, 'L3_layers_mol': 1, 'L3_out_dim': 128, 'L3_dropout': 0.03504229828083848, 'n_mlp_layers': 3, 'mlp_dim_0': 408, 'mlp_dim_1': 216, 'mlp_dim_2': 472, 'num_heads': 2, 'final_dropout': 0.11297745552085804, 'train_learning_rate': 0.00012742742078699582, 'train_lr_reduce': 0.6}. Best is trial 1073 with value: 0.009419886395335197.
[I 2024-12-26 16:39:38,390] Trial 2031 finished with value: 0.011605354025959969 and parameters: {'L1_hidden_dim': 128, 'L1_layers_atom': 3, 'L1_layers_mol': 2, 'L1_dropout': 0.05222540636031127, 'L1_out_dim': 96, 'L2_hidden_dim': 208, 'L2_layers_atom': 1, 'L2_layers_mol': 4, 'L2_out_dim': 128, 'L2_dropout': 0.040648448970785483, 'L3_hidden_dim': 112, 'L3_layers_atom': 4, 'L3_layers_mol': 1, 'L3_out_dim': 128, 'L3_dropout': 0.10895884362515582, 'n_mlp_layers': 3, 'mlp_dim_0': 464, 'mlp_dim_1': 280, 'mlp_dim_2': 136, 'num_heads': 2, 'final_dropout': 0.12437971334797664, 'train_learning_rate': 0.00013371833609983696, 'train_lr_reduce': 0.6}. Best is trial 1073 with value: 0.009419886395335197.
[I 2024-12-26 16:40:45,659] Trial 2032 finished with value: 0.01265463512390852 and parameters: {'L1_hidden_dim': 80, 'L1_layers_atom': 1, 'L1_layers_mol': 2, 'L1_dropout': 0.10776225288787718, 'L1_out_dim': 48, 'L2_hidden_dim': 96, 'L2_layers_atom': 1, 'L2_layers_mol': 2, 'L2_out_dim': 128, 'L2_dropout': 0.0098423895768396, 'L3_hidden_dim': 112, 'L3_layers_atom': 4, 'L3_layers_mol': 2, 'L3_out_dim': 112, 'L3_dropout': 0.023088705699249333, 'n_mlp_layers': 3, 'mlp_dim_0': 256, 'mlp_dim_1': 368, 'mlp_dim_2': 432, 'num_heads': 2, 'final_dropout': 0.014692751322202293, 'train_learning_rate': 0.00020454633618842213, 'train_lr_reduce': 0.6}. Best is trial 1073 with value: 0.009419886395335197.
[I 2024-12-26 16:41:32,820] Trial 2033 finished with value: 0.011419345624744892 and parameters: {'L1_hidden_dim': 128, 'L1_layers_atom': 1, 'L1_layers_mol': 2, 'L1_dropout': 0.1140095143806309, 'L1_out_dim': 64, 'L2_hidden_dim': 160, 'L2_layers_atom': 1, 'L2_layers_mol': 2, 'L2_out_dim': 112, 'L2_dropout': 0.009611928037232747, 'L3_hidden_dim': 80, 'L3_layers_atom': 3, 'L3_layers_mol': 2, 'L3_out_dim': 96, 'L3_dropout': 0.14847486183728775, 'n_mlp_layers': 3, 'mlp_dim_0': 336, 'mlp_dim_1': 176, 'mlp_dim_2': 384, 'num_heads': 2, 'final_dropout': 0.02128213240328292, 'train_learning_rate': 0.00016466674423948585, 'train_lr_reduce': 0.6}. Best is trial 1073 with value: 0.009419886395335197.
[I 2024-12-26 16:43:16,779] Trial 2035 finished with value: 0.010788008570671082 and parameters: {'L1_hidden_dim': 144, 'L1_layers_atom': 4, 'L1_layers_mol': 1, 'L1_dropout': 0.002479754356246238, 'L1_out_dim': 48, 'L2_hidden_dim': 192, 'L2_layers_atom': 2, 'L2_layers_mol': 1, 'L2_out_dim': 128, 'L2_dropout': 0.04147508104915316, 'L3_hidden_dim': 64, 'L3_layers_atom': 3, 'L3_layers_mol': 2, 'L3_out_dim': 112, 'L3_dropout': 0.0030851163682536487, 'n_mlp_layers': 3, 'mlp_dim_0': 392, 'mlp_dim_1': 256, 'mlp_dim_2': 464, 'num_heads': 1, 'final_dropout': 0.20580679248324182, 'train_learning_rate': 0.0006714451813229747, 'train_lr_reduce': 0.6}. Best is trial 1073 with value: 0.009419886395335197.
[I 2024-12-26 16:43:50,284] Trial 2034 finished with value: 0.013760912232100964 and parameters: {'L1_hidden_dim': 64, 'L1_layers_atom': 4, 'L1_layers_mol': 2, 'L1_dropout': 0.030167073430238375, 'L1_out_dim': 32, 'L2_hidden_dim': 256, 'L2_layers_atom': 1, 'L2_layers_mol': 4, 'L2_out_dim': 128, 'L2_dropout': 0.04981178967594481, 'L3_hidden_dim': 48, 'L3_layers_atom': 3, 'L3_layers_mol': 2, 'L3_out_dim': 112, 'L3_dropout': 0.11572736441634938, 'n_mlp_layers': 2, 'mlp_dim_0': 464, 'mlp_dim_1': 472, 'num_heads': 2, 'final_dropout': 0.02607970889838443, 'train_learning_rate': 0.00029981609502854987, 'train_lr_reduce': 0.6}. Best is trial 1073 with value: 0.009419886395335197.
[I 2024-12-26 16:43:58,311] Trial 2036 finished with value: 0.01251941453665495 and parameters: {'L1_hidden_dim': 176, 'L1_layers_atom': 2, 'L1_layers_mol': 1, 'L1_dropout': 7.541618884011371e-05, 'L1_out_dim': 128, 'L2_hidden_dim': 96, 'L2_layers_atom': 1, 'L2_layers_mol': 4, 'L2_out_dim': 64, 'L2_dropout': 0.028105617207076668, 'L3_hidden_dim': 48, 'L3_layers_atom': 4, 'L3_layers_mol': 1, 'L3_out_dim': 96, 'L3_dropout': 0.007404921577028316, 'n_mlp_layers': 3, 'mlp_dim_0': 336, 'mlp_dim_1': 224, 'mlp_dim_2': 104, 'num_heads': 2, 'final_dropout': 0.017934335078235407, 'train_learning_rate': 0.00027173474977382645, 'train_lr_reduce': 0.6}. Best is trial 1073 with value: 0.009419886395335197.
[I 2024-12-26 16:45:47,749] Trial 2037 finished with value: 0.030595824122428894 and parameters: {'L1_hidden_dim': 64, 'L1_layers_atom': 2, 'L1_layers_mol': 1, 'L1_dropout': 0.27712062991399966, 'L1_out_dim': 112, 'L2_hidden_dim': 112, 'L2_layers_atom': 4, 'L2_layers_mol': 2, 'L2_out_dim': 32, 'L2_dropout': 0.08578296487548596, 'L3_hidden_dim': 48, 'L3_layers_atom': 1, 'L3_layers_mol': 1, 'L3_out_dim': 96, 'L3_dropout': 0.25211197258458584, 'n_mlp_layers': 3, 'mlp_dim_0': 208, 'mlp_dim_1': 328, 'mlp_dim_2': 512, 'num_heads': 2, 'final_dropout': 0.034017381758758264, 'train_learning_rate': 0.00034061751852790685, 'train_lr_reduce': 0.6}. Best is trial 1073 with value: 0.009419886395335197.
[I 2024-12-26 16:45:52,711] Trial 2038 finished with value: 0.017437538132071495 and parameters: {'L1_hidden_dim': 176, 'L1_layers_atom': 1, 'L1_layers_mol': 4, 'L1_dropout': 0.23941314277666745, 'L1_out_dim': 64, 'L2_hidden_dim': 192, 'L2_layers_atom': 3, 'L2_layers_mol': 1, 'L2_out_dim': 96, 'L2_dropout': 0.2242898277071232, 'L3_hidden_dim': 32, 'L3_layers_atom': 1, 'L3_layers_mol': 1, 'L3_out_dim': 80, 'L3_dropout': 0.12060581432024435, 'n_mlp_layers': 2, 'mlp_dim_0': 328, 'mlp_dim_1': 288, 'num_heads': 1, 'final_dropout': 0.19193277263052302, 'train_learning_rate': 0.004296724404607597, 'train_lr_reduce': 0.6}. Best is trial 1073 with value: 0.009419886395335197.
[I 2024-12-26 16:45:52,714] Trial 2039 finished with value: 0.011231993325054646 and parameters: {'L1_hidden_dim': 176, 'L1_layers_atom': 1, 'L1_layers_mol': 1, 'L1_dropout': 0.17920975616591311, 'L1_out_dim': 96, 'L2_hidden_dim': 192, 'L2_layers_atom': 1, 'L2_layers_mol': 2, 'L2_out_dim': 128, 'L2_dropout': 0.01842803309988794, 'L3_hidden_dim': 96, 'L3_layers_atom': 4, 'L3_layers_mol': 2, 'L3_out_dim': 128, 'L3_dropout': 0.029267318823450218, 'n_mlp_layers': 3, 'mlp_dim_0': 256, 'mlp_dim_1': 368, 'mlp_dim_2': 432, 'num_heads': 2, 'final_dropout': 0.007841912968766167, 'train_learning_rate': 0.0005089490851155109, 'train_lr_reduce': 0.6}. Best is trial 1073 with value: 0.009419886395335197.
[I 2024-12-26 16:48:07,996] Trial 2041 finished with value: 0.015709614381194115 and parameters: {'L1_hidden_dim': 112, 'L1_layers_atom': 1, 'L1_layers_mol': 3, 'L1_dropout': 0.011971838890737524, 'L1_out_dim': 80, 'L2_hidden_dim': 112, 'L2_layers_atom': 3, 'L2_layers_mol': 3, 'L2_out_dim': 96, 'L2_dropout': 0.24163463527481305, 'L3_hidden_dim': 80, 'L3_layers_atom': 2, 'L3_layers_mol': 4, 'L3_out_dim': 112, 'L3_dropout': 0.2365421458674651, 'n_mlp_layers': 2, 'mlp_dim_0': 456, 'mlp_dim_1': 128, 'num_heads': 1, 'final_dropout': 0.10311208647825892, 'train_learning_rate': 0.0015574470939318536, 'train_lr_reduce': 0.6}. Best is trial 1073 with value: 0.009419886395335197.
[I 2024-12-26 16:48:14,639] Trial 2042 finished with value: 0.012324539944529533 and parameters: {'L1_hidden_dim': 256, 'L1_layers_atom': 4, 'L1_layers_mol': 3, 'L1_dropout': 0.06656977177289859, 'L1_out_dim': 32, 'L2_hidden_dim': 224, 'L2_layers_atom': 1, 'L2_layers_mol': 1, 'L2_out_dim': 96, 'L2_dropout': 0.0012871437601063565, 'L3_hidden_dim': 80, 'L3_layers_atom': 2, 'L3_layers_mol': 2, 'L3_out_dim': 112, 'L3_dropout': 0.22382354065499294, 'n_mlp_layers': 3, 'mlp_dim_0': 488, 'mlp_dim_1': 240, 'mlp_dim_2': 32, 'num_heads': 1, 'final_dropout': 0.07145195756494895, 'train_learning_rate': 0.00022982499140886402, 'train_lr_reduce': 0.6}. Best is trial 1073 with value: 0.009419886395335197.
