[I 2024-12-19 08:31:02,685] Trial 802 finished with value: 1.1444976329803467 and parameters: {'mlp_n_layers': 3, 'mlp_dim_00': 90, 'mlp_dim_01': 355, 'mlp_dim_02': 457, 'node_hidden_dim': 119, 'edge_hidden_dim': 79, 'depth': 2, 'rep_dropout': 0.1957704326843184, 'train_learning_rate': 0.0013133985340619842, 'train_lr_reduce': 0.6}. Best is trial 724 with value: 0.1670333594083786.
[I 2024-12-19 08:31:04,504] Trial 800 finished with value: 1.0169340372085571 and parameters: {'mlp_n_layers': 2, 'mlp_dim_00': 234, 'mlp_dim_01': 138, 'node_hidden_dim': 113, 'edge_hidden_dim': 119, 'depth': 3, 'rep_dropout': 0.16139190355191635, 'train_learning_rate': 0.006630844743937403, 'train_lr_reduce': 0.6}. Best is trial 724 with value: 0.1670333594083786.
[I 2024-12-19 08:31:09,137] Trial 803 finished with value: 1.1430405378341675 and parameters: {'mlp_n_layers': 2, 'mlp_dim_00': 471, 'mlp_dim_01': 450, 'node_hidden_dim': 81, 'edge_hidden_dim': 32, 'depth': 2, 'rep_dropout': 0.028567784080604824, 'train_learning_rate': 0.008155787621049328, 'train_lr_reduce': 0.6}. Best is trial 724 with value: 0.1670333594083786.
[I 2024-12-19 08:31:11,611] Trial 801 finished with value: 0.39009857177734375 and parameters: {'mlp_n_layers': 4, 'mlp_dim_00': 505, 'mlp_dim_01': 381, 'mlp_dim_02': 444, 'mlp_dim_03': 204, 'node_hidden_dim': 128, 'edge_hidden_dim': 41, 'depth': 2, 'rep_dropout': 0.011742150489401242, 'train_learning_rate': 0.0048997827902421, 'train_lr_reduce': 0.6}. Best is trial 724 with value: 0.1670333594083786.
[I 2024-12-19 08:31:12,182] Trial 804 finished with value: 1.1418936252593994 and parameters: {'mlp_n_layers': 2, 'mlp_dim_00': 505, 'mlp_dim_01': 307, 'node_hidden_dim': 82, 'edge_hidden_dim': 33, 'depth': 2, 'rep_dropout': 0.040549311528619375, 'train_learning_rate': 0.00834707409318407, 'train_lr_reduce': 0.6}. Best is trial 724 with value: 0.1670333594083786.
[I 2024-12-19 08:31:18,562] Trial 806 finished with value: 1.1440104246139526 and parameters: {'mlp_n_layers': 2, 'mlp_dim_00': 368, 'mlp_dim_01': 441, 'node_hidden_dim': 128, 'edge_hidden_dim': 86, 'depth': 4, 'rep_dropout': 0.19748939883310435, 'train_learning_rate': 0.0005361539231076707, 'train_lr_reduce': 0.6}. Best is trial 724 with value: 0.1670333594083786.
[I 2024-12-19 08:31:20,570] Trial 807 finished with value: 1.1412556171417236 and parameters: {'mlp_n_layers': 2, 'mlp_dim_00': 500, 'mlp_dim_01': 486, 'node_hidden_dim': 77, 'edge_hidden_dim': 49, 'depth': 2, 'rep_dropout': 0.030037577957977967, 'train_learning_rate': 0.009128880415679597, 'train_lr_reduce': 0.6}. Best is trial 724 with value: 0.1670333594083786.
[I 2024-12-19 08:31:28,327] Trial 808 finished with value: 1.142221212387085 and parameters: {'mlp_n_layers': 4, 'mlp_dim_00': 114, 'mlp_dim_01': 91, 'mlp_dim_02': 189, 'mlp_dim_03': 67, 'node_hidden_dim': 57, 'edge_hidden_dim': 98, 'depth': 2, 'rep_dropout': 0.1436232777754275, 'train_learning_rate': 0.00013100988084857056, 'train_lr_reduce': 0.6}. Best is trial 724 with value: 0.1670333594083786.
[I 2024-12-19 08:31:29,297] Trial 809 finished with value: 1.1445878744125366 and parameters: {'mlp_n_layers': 2, 'mlp_dim_00': 76, 'mlp_dim_01': 380, 'node_hidden_dim': 48, 'edge_hidden_dim': 33, 'depth': 4, 'rep_dropout': 0.21978044545047953, 'train_learning_rate': 0.002635474664225715, 'train_lr_reduce': 0.6}. Best is trial 724 with value: 0.1670333594083786.
[I 2024-12-19 08:31:31,825] Trial 805 finished with value: 0.5167877674102783 and parameters: {'mlp_n_layers': 4, 'mlp_dim_00': 504, 'mlp_dim_01': 290, 'mlp_dim_02': 466, 'mlp_dim_03': 273, 'node_hidden_dim': 119, 'edge_hidden_dim': 57, 'depth': 2, 'rep_dropout': 0.024740711867546252, 'train_learning_rate': 0.007607550208551651, 'train_lr_reduce': 0.6}. Best is trial 724 with value: 0.1670333594083786.
[I 2024-12-19 08:31:34,989] Trial 810 finished with value: 1.1424753665924072 and parameters: {'mlp_n_layers': 3, 'mlp_dim_00': 512, 'mlp_dim_01': 236, 'mlp_dim_02': 433, 'node_hidden_dim': 99, 'edge_hidden_dim': 50, 'depth': 2, 'rep_dropout': 0.021495144934211355, 'train_learning_rate': 0.0026823374604957244, 'train_lr_reduce': 0.6}. Best is trial 724 with value: 0.1670333594083786.
[I 2024-12-19 08:31:49,410] Trial 812 finished with value: 0.3994944095611572 and parameters: {'mlp_n_layers': 3, 'mlp_dim_00': 437, 'mlp_dim_01': 382, 'mlp_dim_02': 468, 'node_hidden_dim': 128, 'edge_hidden_dim': 71, 'depth': 2, 'rep_dropout': 0.015646268241342562, 'train_learning_rate': 0.005224090831776652, 'train_lr_reduce': 0.6}. Best is trial 724 with value: 0.1670333594083786.
[I 2024-12-19 08:31:53,801] Trial 811 finished with value: 0.5582897067070007 and parameters: {'mlp_n_layers': 2, 'mlp_dim_00': 391, 'mlp_dim_01': 451, 'node_hidden_dim': 80, 'edge_hidden_dim': 59, 'depth': 2, 'rep_dropout': 0.03568076885375436, 'train_learning_rate': 0.009934480674104205, 'train_lr_reduce': 0.6}. Best is trial 724 with value: 0.1670333594083786.
[I 2024-12-19 08:31:55,887] Trial 814 finished with value: 1.1436687707901 and parameters: {'mlp_n_layers': 2, 'mlp_dim_00': 447, 'mlp_dim_01': 500, 'node_hidden_dim': 60, 'edge_hidden_dim': 42, 'depth': 2, 'rep_dropout': 0.02042313516749649, 'train_learning_rate': 0.0028076982583904453, 'train_lr_reduce': 0.6}. Best is trial 724 with value: 0.1670333594083786.
[I 2024-12-19 08:31:57,345] Trial 813 finished with value: 0.3500889241695404 and parameters: {'mlp_n_layers': 2, 'mlp_dim_00': 473, 'mlp_dim_01': 473, 'node_hidden_dim': 89, 'edge_hidden_dim': 37, 'depth': 2, 'rep_dropout': 0.00753442438247596, 'train_learning_rate': 0.005129958322670577, 'train_lr_reduce': 0.6}. Best is trial 724 with value: 0.1670333594083786.
[I 2024-12-19 08:32:01,096] Trial 815 finished with value: 1.145465612411499 and parameters: {'mlp_n_layers': 3, 'mlp_dim_00': 472, 'mlp_dim_01': 300, 'mlp_dim_02': 465, 'node_hidden_dim': 112, 'edge_hidden_dim': 59, 'depth': 2, 'rep_dropout': 0.07464404960983911, 'train_learning_rate': 0.004733984087121931, 'train_lr_reduce': 0.6}. Best is trial 724 with value: 0.1670333594083786.
[I 2024-12-19 08:32:02,018] Trial 816 finished with value: 1.1444655656814575 and parameters: {'mlp_n_layers': 3, 'mlp_dim_00': 459, 'mlp_dim_01': 255, 'mlp_dim_02': 423, 'node_hidden_dim': 118, 'edge_hidden_dim': 69, 'depth': 2, 'rep_dropout': 0.041963722613748825, 'train_learning_rate': 0.0030697865984407715, 'train_lr_reduce': 0.6}. Best is trial 724 with value: 0.1670333594083786.
[I 2024-12-19 08:32:03,152] Trial 817 finished with value: 1.142388939857483 and parameters: {'mlp_n_layers': 2, 'mlp_dim_00': 363, 'mlp_dim_01': 466, 'node_hidden_dim': 71, 'edge_hidden_dim': 33, 'depth': 2, 'rep_dropout': 0.0030214388108610983, 'train_learning_rate': 0.005208230655177783, 'train_lr_reduce': 0.6}. Best is trial 724 with value: 0.1670333594083786.
[I 2024-12-19 08:32:24,901] Trial 819 finished with value: 0.25738224387168884 and parameters: {'mlp_n_layers': 2, 'mlp_dim_00': 433, 'mlp_dim_01': 399, 'node_hidden_dim': 87, 'edge_hidden_dim': 40, 'depth': 2, 'rep_dropout': 0.01518950678802806, 'train_learning_rate': 0.007841612738438633, 'train_lr_reduce': 0.6}. Best is trial 724 with value: 0.1670333594083786.
[I 2024-12-19 08:32:24,960] Trial 820 finished with value: 0.16963882744312286 and parameters: {'mlp_n_layers': 2, 'mlp_dim_00': 495, 'mlp_dim_01': 268, 'node_hidden_dim': 119, 'edge_hidden_dim': 60, 'depth': 2, 'rep_dropout': 0.050717076720798705, 'train_learning_rate': 0.008241774425579228, 'train_lr_reduce': 0.6}. Best is trial 724 with value: 0.1670333594083786.
[I 2024-12-19 08:32:26,989] Trial 818 finished with value: 0.3918263912200928 and parameters: {'mlp_n_layers': 2, 'mlp_dim_00': 339, 'mlp_dim_01': 442, 'node_hidden_dim': 43, 'edge_hidden_dim': 58, 'depth': 2, 'rep_dropout': 0.07645692489350094, 'train_learning_rate': 0.007561671744653755, 'train_lr_reduce': 0.6}. Best is trial 724 with value: 0.1670333594083786.
[I 2024-12-19 08:32:47,530] Trial 823 finished with value: 0.43309175968170166 and parameters: {'mlp_n_layers': 2, 'mlp_dim_00': 509, 'mlp_dim_01': 256, 'node_hidden_dim': 126, 'edge_hidden_dim': 55, 'depth': 2, 'rep_dropout': 0.012464217938098982, 'train_learning_rate': 0.00871200905056324, 'train_lr_reduce': 0.6}. Best is trial 724 with value: 0.1670333594083786.
[I 2024-12-19 08:32:49,218] Trial 822 finished with value: 0.2653442621231079 and parameters: {'mlp_n_layers': 3, 'mlp_dim_00': 478, 'mlp_dim_01': 347, 'mlp_dim_02': 467, 'node_hidden_dim': 110, 'edge_hidden_dim': 64, 'depth': 2, 'rep_dropout': 0.0005284096639502052, 'train_learning_rate': 0.007771037421361946, 'train_lr_reduce': 0.6}. Best is trial 724 with value: 0.1670333594083786.
[I 2024-12-19 08:32:49,763] Trial 821 finished with value: 0.2921586334705353 and parameters: {'mlp_n_layers': 3, 'mlp_dim_00': 506, 'mlp_dim_01': 241, 'mlp_dim_02': 512, 'node_hidden_dim': 113, 'edge_hidden_dim': 76, 'depth': 2, 'rep_dropout': 0.008456737030715157, 'train_learning_rate': 0.005121306438447049, 'train_lr_reduce': 0.6}. Best is trial 724 with value: 0.1670333594083786.
[I 2024-12-19 08:32:56,253] Trial 826 finished with value: 1.145510196685791 and parameters: {'mlp_n_layers': 2, 'mlp_dim_00': 501, 'mlp_dim_01': 486, 'node_hidden_dim': 125, 'edge_hidden_dim': 58, 'depth': 2, 'rep_dropout': 0.03390881121795281, 'train_learning_rate': 0.0041083313092489275, 'train_lr_reduce': 0.6}. Best is trial 724 with value: 0.1670333594083786.
[I 2024-12-19 08:33:10,950] Trial 825 finished with value: 0.2208171784877777 and parameters: {'mlp_n_layers': 2, 'mlp_dim_00': 504, 'mlp_dim_01': 358, 'node_hidden_dim': 125, 'edge_hidden_dim': 70, 'depth': 2, 'rep_dropout': 0.10922636371216646, 'train_learning_rate': 0.004739668836015037, 'train_lr_reduce': 0.6}. Best is trial 724 with value: 0.1670333594083786.
[I 2024-12-19 08:33:13,191] Trial 824 finished with value: 0.632500410079956 and parameters: {'mlp_n_layers': 2, 'mlp_dim_00': 472, 'mlp_dim_01': 244, 'node_hidden_dim': 126, 'edge_hidden_dim': 87, 'depth': 2, 'rep_dropout': 0.05267751048832131, 'train_learning_rate': 0.00634628683801204, 'train_lr_reduce': 0.6}. Best is trial 724 with value: 0.1670333594083786.
[I 2024-12-19 08:33:16,656] Trial 828 finished with value: 1.1426442861557007 and parameters: {'mlp_n_layers': 3, 'mlp_dim_00': 496, 'mlp_dim_01': 298, 'mlp_dim_02': 470, 'node_hidden_dim': 108, 'edge_hidden_dim': 63, 'depth': 2, 'rep_dropout': 0.015455283210394848, 'train_learning_rate': 0.005118518403939755, 'train_lr_reduce': 0.6}. Best is trial 724 with value: 0.1670333594083786.
[I 2024-12-19 08:33:21,029] Trial 827 finished with value: 0.3060559928417206 and parameters: {'mlp_n_layers': 3, 'mlp_dim_00': 504, 'mlp_dim_01': 287, 'mlp_dim_02': 431, 'node_hidden_dim': 93, 'edge_hidden_dim': 56, 'depth': 3, 'rep_dropout': 0.03240528566377972, 'train_learning_rate': 0.007081117045862752, 'train_lr_reduce': 0.6}. Best is trial 724 with value: 0.1670333594083786.
[I 2024-12-19 08:33:21,940] Trial 829 finished with value: 1.1430087089538574 and parameters: {'mlp_n_layers': 4, 'mlp_dim_00': 288, 'mlp_dim_01': 104, 'mlp_dim_02': 472, 'mlp_dim_03': 508, 'node_hidden_dim': 110, 'edge_hidden_dim': 64, 'depth': 4, 'rep_dropout': 0.15955253360425226, 'train_learning_rate': 0.008770447428147084, 'train_lr_reduce': 0.6}. Best is trial 724 with value: 0.1670333594083786.
[I 2024-12-19 08:33:38,303] Trial 830 finished with value: 0.34487855434417725 and parameters: {'mlp_n_layers': 2, 'mlp_dim_00': 377, 'mlp_dim_01': 196, 'node_hidden_dim': 127, 'edge_hidden_dim': 55, 'depth': 2, 'rep_dropout': 0.06856945800258002, 'train_learning_rate': 0.004381662610565886, 'train_lr_reduce': 0.6}. Best is trial 724 with value: 0.1670333594083786.
[I 2024-12-19 08:33:43,766] Trial 831 finished with value: 0.31491294503211975 and parameters: {'mlp_n_layers': 2, 'mlp_dim_00': 433, 'mlp_dim_01': 479, 'node_hidden_dim': 122, 'edge_hidden_dim': 39, 'depth': 2, 'rep_dropout': 0.021520736396587525, 'train_learning_rate': 0.009112391334202451, 'train_lr_reduce': 0.6}. Best is trial 724 with value: 0.1670333594083786.
[I 2024-12-19 08:33:48,169] Trial 832 finished with value: 0.2168702632188797 and parameters: {'mlp_n_layers': 2, 'mlp_dim_00': 493, 'mlp_dim_01': 280, 'node_hidden_dim': 118, 'edge_hidden_dim': 63, 'depth': 2, 'rep_dropout': 0.04516412227060108, 'train_learning_rate': 0.006410634263369509, 'train_lr_reduce': 0.6}. Best is trial 724 with value: 0.1670333594083786.
[I 2024-12-19 08:34:01,852] Trial 833 finished with value: 0.40198150277137756 and parameters: {'mlp_n_layers': 3, 'mlp_dim_00': 509, 'mlp_dim_01': 374, 'mlp_dim_02': 275, 'node_hidden_dim': 93, 'edge_hidden_dim': 67, 'depth': 2, 'rep_dropout': 0.03796021525932984, 'train_learning_rate': 0.0059420678434143155, 'train_lr_reduce': 0.6}. Best is trial 724 with value: 0.1670333594083786.
[I 2024-12-19 08:34:07,134] Trial 835 finished with value: 0.6192397475242615 and parameters: {'mlp_n_layers': 2, 'mlp_dim_00': 503, 'mlp_dim_01': 330, 'node_hidden_dim': 120, 'edge_hidden_dim': 54, 'depth': 2, 'rep_dropout': 0.08785038602471126, 'train_learning_rate': 0.007398468647391296, 'train_lr_reduce': 0.6}. Best is trial 724 with value: 0.1670333594083786.
[I 2024-12-19 08:34:07,643] Trial 836 finished with value: 1.1425689458847046 and parameters: {'mlp_n_layers': 2, 'mlp_dim_00': 499, 'mlp_dim_01': 257, 'node_hidden_dim': 118, 'edge_hidden_dim': 84, 'depth': 2, 'rep_dropout': 0.11153228572838308, 'train_learning_rate': 0.003318542531234297, 'train_lr_reduce': 0.6}. Best is trial 724 with value: 0.1670333594083786.
[I 2024-12-19 08:34:07,973] Trial 834 finished with value: 0.2802274227142334 and parameters: {'mlp_n_layers': 3, 'mlp_dim_00': 511, 'mlp_dim_01': 331, 'mlp_dim_02': 421, 'node_hidden_dim': 125, 'edge_hidden_dim': 65, 'depth': 2, 'rep_dropout': 0.008312685257817863, 'train_learning_rate': 0.008856071597370306, 'train_lr_reduce': 0.6}. Best is trial 724 with value: 0.1670333594083786.
[I 2024-12-19 08:34:14,581] Trial 837 finished with value: 1.144325852394104 and parameters: {'mlp_n_layers': 4, 'mlp_dim_00': 329, 'mlp_dim_01': 199, 'mlp_dim_02': 472, 'mlp_dim_03': 187, 'node_hidden_dim': 97, 'edge_hidden_dim': 115, 'depth': 2, 'rep_dropout': 0.1909190791294625, 'train_learning_rate': 0.0018646167522783283, 'train_lr_reduce': 0.6}. Best is trial 724 with value: 0.1670333594083786.
[I 2024-12-19 08:34:17,645] Trial 839 finished with value: 1.142316222190857 and parameters: {'mlp_n_layers': 4, 'mlp_dim_00': 198, 'mlp_dim_01': 232, 'mlp_dim_02': 427, 'mlp_dim_03': 115, 'node_hidden_dim': 110, 'edge_hidden_dim': 32, 'depth': 2, 'rep_dropout': 0.11541066012685447, 'train_learning_rate': 0.00013344569350910024, 'train_lr_reduce': 0.6}. Best is trial 724 with value: 0.1670333594083786.
[I 2024-12-19 08:34:18,007] Trial 838 finished with value: 0.7519811391830444 and parameters: {'mlp_n_layers': 3, 'mlp_dim_00': 467, 'mlp_dim_01': 299, 'mlp_dim_02': 510, 'node_hidden_dim': 128, 'edge_hidden_dim': 63, 'depth': 2, 'rep_dropout': 0.0786112239127185, 'train_learning_rate': 0.007795508200727042, 'train_lr_reduce': 0.6}. Best is trial 724 with value: 0.1670333594083786.
[I 2024-12-19 08:34:24,141] Trial 842 finished with value: 1.1429884433746338 and parameters: {'mlp_n_layers': 2, 'mlp_dim_00': 500, 'mlp_dim_01': 480, 'node_hidden_dim': 74, 'edge_hidden_dim': 55, 'depth': 3, 'rep_dropout': 0.03809739750659696, 'train_learning_rate': 0.006515020828566867, 'train_lr_reduce': 0.6}. Best is trial 724 with value: 0.1670333594083786.
[I 2024-12-19 08:34:25,096] Trial 840 finished with value: 0.8955624103546143 and parameters: {'mlp_n_layers': 2, 'mlp_dim_00': 508, 'mlp_dim_01': 238, 'node_hidden_dim': 125, 'edge_hidden_dim': 64, 'depth': 2, 'rep_dropout': 0.05524004688304317, 'train_learning_rate': 0.007185326633655956, 'train_lr_reduce': 0.6}. Best is trial 724 with value: 0.1670333594083786.
[I 2024-12-19 08:34:40,925] Trial 841 finished with value: 0.2938515841960907 and parameters: {'mlp_n_layers': 2, 'mlp_dim_00': 411, 'mlp_dim_01': 264, 'node_hidden_dim': 119, 'edge_hidden_dim': 65, 'depth': 2, 'rep_dropout': 0.037629154634052475, 'train_learning_rate': 0.005681665580031406, 'train_lr_reduce': 0.6}. Best is trial 724 with value: 0.1670333594083786.
[I 2024-12-19 08:34:46,249] Trial 843 finished with value: 0.24480783939361572 and parameters: {'mlp_n_layers': 3, 'mlp_dim_00': 427, 'mlp_dim_01': 276, 'mlp_dim_02': 511, 'node_hidden_dim': 122, 'edge_hidden_dim': 76, 'depth': 2, 'rep_dropout': 0.02727180194260379, 'train_learning_rate': 0.005832144306064518, 'train_lr_reduce': 0.6}. Best is trial 724 with value: 0.1670333594083786.
[I 2024-12-19 08:34:52,155] Trial 844 finished with value: 0.45907479524612427 and parameters: {'mlp_n_layers': 3, 'mlp_dim_00': 507, 'mlp_dim_01': 336, 'mlp_dim_02': 431, 'node_hidden_dim': 116, 'edge_hidden_dim': 73, 'depth': 3, 'rep_dropout': 0.07317367404605372, 'train_learning_rate': 0.008175061800691847, 'train_lr_reduce': 0.6}. Best is trial 724 with value: 0.1670333594083786.
[I 2024-12-19 08:35:04,630] Trial 845 finished with value: 0.44902488589286804 and parameters: {'mlp_n_layers': 2, 'mlp_dim_00': 463, 'mlp_dim_01': 294, 'node_hidden_dim': 105, 'edge_hidden_dim': 59, 'depth': 2, 'rep_dropout': 0.060221401977948744, 'train_learning_rate': 0.006721319990525789, 'train_lr_reduce': 0.6}. Best is trial 724 with value: 0.1670333594083786.
[I 2024-12-19 08:35:08,345] Trial 846 finished with value: 0.2470143735408783 and parameters: {'mlp_n_layers': 3, 'mlp_dim_00': 511, 'mlp_dim_01': 342, 'mlp_dim_02': 471, 'node_hidden_dim': 88, 'edge_hidden_dim': 50, 'depth': 2, 'rep_dropout': 0.0010513230156419806, 'train_learning_rate': 0.006438055894903533, 'train_lr_reduce': 0.6}. Best is trial 724 with value: 0.1670333594083786.
[I 2024-12-19 08:35:11,233] Trial 848 finished with value: 1.1424057483673096 and parameters: {'mlp_n_layers': 2, 'mlp_dim_00': 440, 'mlp_dim_01': 211, 'node_hidden_dim': 106, 'edge_hidden_dim': 67, 'depth': 2, 'rep_dropout': 0.06876539370337126, 'train_learning_rate': 0.0035897572544033663, 'train_lr_reduce': 0.6}. Best is trial 724 with value: 0.1670333594083786.
[I 2024-12-19 08:35:14,667] Trial 849 finished with value: 1.1424577236175537 and parameters: {'mlp_n_layers': 2, 'mlp_dim_00': 189, 'mlp_dim_01': 68, 'node_hidden_dim': 72, 'edge_hidden_dim': 117, 'depth': 3, 'rep_dropout': 0.16489356717427428, 'train_learning_rate': 0.0012265534959148507, 'train_lr_reduce': 0.6}. Best is trial 724 with value: 0.1670333594083786.
[I 2024-12-19 08:35:17,184] Trial 847 finished with value: 0.2919102907180786 and parameters: {'mlp_n_layers': 3, 'mlp_dim_00': 479, 'mlp_dim_01': 242, 'mlp_dim_02': 425, 'node_hidden_dim': 118, 'edge_hidden_dim': 50, 'depth': 2, 'rep_dropout': 0.07012308969109983, 'train_learning_rate': 0.00483192795584553, 'train_lr_reduce': 0.6}. Best is trial 724 with value: 0.1670333594083786.
[I 2024-12-19 08:35:21,995] Trial 851 finished with value: 1.1420729160308838 and parameters: {'mlp_n_layers': 3, 'mlp_dim_00': 119, 'mlp_dim_01': 507, 'mlp_dim_02': 475, 'node_hidden_dim': 86, 'edge_hidden_dim': 52, 'depth': 4, 'rep_dropout': 0.2443860697768819, 'train_learning_rate': 0.0007560193494473385, 'train_lr_reduce': 0.6}. Best is trial 724 with value: 0.1670333594083786.
[I 2024-12-19 08:35:24,686] Trial 852 finished with value: 1.1429064273834229 and parameters: {'mlp_n_layers': 2, 'mlp_dim_00': 190, 'mlp_dim_01': 154, 'node_hidden_dim': 32, 'edge_hidden_dim': 120, 'depth': 4, 'rep_dropout': 0.029734691635161542, 'train_learning_rate': 0.0011840380726363601, 'train_lr_reduce': 0.6}. Best is trial 724 with value: 0.1670333594083786.
[I 2024-12-19 08:35:29,289] Trial 853 finished with value: 1.1447553634643555 and parameters: {'mlp_n_layers': 3, 'mlp_dim_00': 277, 'mlp_dim_01': 485, 'mlp_dim_02': 472, 'node_hidden_dim': 100, 'edge_hidden_dim': 120, 'depth': 4, 'rep_dropout': 0.05196524417368481, 'train_learning_rate': 0.0009063283476773809, 'train_lr_reduce': 0.6}. Best is trial 724 with value: 0.1670333594083786.
[I 2024-12-19 08:35:32,021] Trial 854 finished with value: 1.1429880857467651 and parameters: {'mlp_n_layers': 2, 'mlp_dim_00': 147, 'mlp_dim_01': 441, 'node_hidden_dim': 64, 'edge_hidden_dim': 71, 'depth': 2, 'rep_dropout': 0.21443558496520426, 'train_learning_rate': 0.0006006050526877345, 'train_lr_reduce': 0.6}. Best is trial 724 with value: 0.1670333594083786.
[I 2024-12-19 08:35:34,341] Trial 850 finished with value: 0.338998943567276 and parameters: {'mlp_n_layers': 2, 'mlp_dim_00': 510, 'mlp_dim_01': 379, 'node_hidden_dim': 84, 'edge_hidden_dim': 109, 'depth': 2, 'rep_dropout': 0.011355458282348822, 'train_learning_rate': 0.003495438126173048, 'train_lr_reduce': 0.6}. Best is trial 724 with value: 0.1670333594083786.
[I 2024-12-19 08:35:40,539] Trial 857 finished with value: 1.1437386274337769 and parameters: {'mlp_n_layers': 3, 'mlp_dim_00': 473, 'mlp_dim_01': 383, 'mlp_dim_02': 318, 'node_hidden_dim': 107, 'edge_hidden_dim': 95, 'depth': 3, 'rep_dropout': 0.008421000827520455, 'train_learning_rate': 0.0038063459600630113, 'train_lr_reduce': 0.6}. Best is trial 724 with value: 0.1670333594083786.
[I 2024-12-19 08:35:41,290] Trial 856 finished with value: 1.143105387687683 and parameters: {'mlp_n_layers': 3, 'mlp_dim_00': 488, 'mlp_dim_01': 269, 'mlp_dim_02': 482, 'node_hidden_dim': 126, 'edge_hidden_dim': 41, 'depth': 4, 'rep_dropout': 0.01955752631208099, 'train_learning_rate': 0.0004772432338452182, 'train_lr_reduce': 0.6}. Best is trial 724 with value: 0.1670333594083786.
[I 2024-12-19 08:35:48,469] Trial 859 finished with value: 1.1451542377471924 and parameters: {'mlp_n_layers': 2, 'mlp_dim_00': 475, 'mlp_dim_01': 502, 'node_hidden_dim': 103, 'edge_hidden_dim': 86, 'depth': 2, 'rep_dropout': 0.07970863887369237, 'train_learning_rate': 0.001783605667659263, 'train_lr_reduce': 0.6}. Best is trial 724 with value: 0.1670333594083786.
