[I 2024-12-26 07:24:15,846] Trial 1389 finished with value: 0.013861753046512604 and parameters: {'L1_hidden_dim': 112, 'L1_layers_atom': 2, 'L1_layers_mol': 2, 'L1_dropout': 0.05139580166577265, 'L1_out_dim': 48, 'L2_hidden_dim': 208, 'L2_layers_atom': 1, 'L2_layers_mol': 3, 'L2_out_dim': 112, 'L2_dropout': 0.007545848262843633, 'L3_hidden_dim': 80, 'L3_layers_atom': 4, 'L3_layers_mol': 1, 'L3_out_dim': 128, 'L3_dropout': 0.1533178014322952, 'n_mlp_layers': 3, 'mlp_dim_0': 504, 'mlp_dim_1': 512, 'mlp_dim_2': 288, 'num_heads': 1, 'final_dropout': 0.13467350403667894, 'train_learning_rate': 0.00011518817485718232, 'train_lr_reduce': 0.6}. Best is trial 1073 with value: 0.009419886395335197.
[I 2024-12-26 07:24:38,920] Trial 1390 finished with value: 0.01401488110423088 and parameters: {'L1_hidden_dim': 112, 'L1_layers_atom': 2, 'L1_layers_mol': 3, 'L1_dropout': 0.03933184790444344, 'L1_out_dim': 112, 'L2_hidden_dim': 240, 'L2_layers_atom': 1, 'L2_layers_mol': 3, 'L2_out_dim': 96, 'L2_dropout': 0.047369734004206035, 'L3_hidden_dim': 64, 'L3_layers_atom': 4, 'L3_layers_mol': 1, 'L3_out_dim': 128, 'L3_dropout': 0.15765630601696773, 'n_mlp_layers': 2, 'mlp_dim_0': 296, 'mlp_dim_1': 368, 'num_heads': 2, 'final_dropout': 0.2183458040016898, 'train_learning_rate': 0.0001949307297256402, 'train_lr_reduce': 0.6}. Best is trial 1073 with value: 0.009419886395335197.
[I 2024-12-26 07:25:17,640] Trial 1391 finished with value: 0.011869394220411777 and parameters: {'L1_hidden_dim': 128, 'L1_layers_atom': 2, 'L1_layers_mol': 1, 'L1_dropout': 0.03694103426534831, 'L1_out_dim': 96, 'L2_hidden_dim': 240, 'L2_layers_atom': 1, 'L2_layers_mol': 4, 'L2_out_dim': 112, 'L2_dropout': 0.013163483164446254, 'L3_hidden_dim': 32, 'L3_layers_atom': 4, 'L3_layers_mol': 1, 'L3_out_dim': 112, 'L3_dropout': 0.08305869204216741, 'n_mlp_layers': 2, 'mlp_dim_0': 400, 'mlp_dim_1': 440, 'num_heads': 2, 'final_dropout': 0.08329424168403249, 'train_learning_rate': 0.00018837857426699632, 'train_lr_reduce': 0.6}. Best is trial 1073 with value: 0.009419886395335197.
[I 2024-12-26 07:26:58,352] Trial 1392 finished with value: 0.01025416050106287 and parameters: {'L1_hidden_dim': 80, 'L1_layers_atom': 3, 'L1_layers_mol': 3, 'L1_dropout': 0.004335542741273603, 'L1_out_dim': 96, 'L2_hidden_dim': 240, 'L2_layers_atom': 1, 'L2_layers_mol': 4, 'L2_out_dim': 128, 'L2_dropout': 0.006474076990879804, 'L3_hidden_dim': 80, 'L3_layers_atom': 3, 'L3_layers_mol': 2, 'L3_out_dim': 128, 'L3_dropout': 0.08847933430160614, 'n_mlp_layers': 3, 'mlp_dim_0': 464, 'mlp_dim_1': 400, 'mlp_dim_2': 440, 'num_heads': 2, 'final_dropout': 0.027581346106478125, 'train_learning_rate': 0.0004214392785384164, 'train_lr_reduce': 0.6}. Best is trial 1073 with value: 0.009419886395335197.
[I 2024-12-26 07:27:34,546] Trial 1393 finished with value: 0.014018411748111248 and parameters: {'L1_hidden_dim': 96, 'L1_layers_atom': 2, 'L1_layers_mol': 4, 'L1_dropout': 0.044918927247860334, 'L1_out_dim': 112, 'L2_hidden_dim': 192, 'L2_layers_atom': 1, 'L2_layers_mol': 4, 'L2_out_dim': 96, 'L2_dropout': 0.04953562215117058, 'L3_hidden_dim': 80, 'L3_layers_atom': 4, 'L3_layers_mol': 1, 'L3_out_dim': 112, 'L3_dropout': 0.05543382083396068, 'n_mlp_layers': 3, 'mlp_dim_0': 312, 'mlp_dim_1': 472, 'mlp_dim_2': 376, 'num_heads': 2, 'final_dropout': 0.07282588746290947, 'train_learning_rate': 0.00017461458125414827, 'train_lr_reduce': 0.6}. Best is trial 1073 with value: 0.009419886395335197.
[I 2024-12-26 07:28:10,301] Trial 1394 finished with value: 0.010237148031592369 and parameters: {'L1_hidden_dim': 64, 'L1_layers_atom': 2, 'L1_layers_mol': 3, 'L1_dropout': 0.06483146870187999, 'L1_out_dim': 112, 'L2_hidden_dim': 192, 'L2_layers_atom': 1, 'L2_layers_mol': 4, 'L2_out_dim': 112, 'L2_dropout': 0.032803769372075006, 'L3_hidden_dim': 112, 'L3_layers_atom': 4, 'L3_layers_mol': 1, 'L3_out_dim': 128, 'L3_dropout': 0.011058019443515386, 'n_mlp_layers': 3, 'mlp_dim_0': 280, 'mlp_dim_1': 360, 'mlp_dim_2': 336, 'num_heads': 2, 'final_dropout': 0.04754581596929396, 'train_learning_rate': 0.00040907217019287966, 'train_lr_reduce': 0.6}. Best is trial 1073 with value: 0.009419886395335197.
[I 2024-12-26 07:29:06,683] Trial 1395 finished with value: 0.0116912005469203 and parameters: {'L1_hidden_dim': 112, 'L1_layers_atom': 4, 'L1_layers_mol': 3, 'L1_dropout': 0.043140327714813305, 'L1_out_dim': 96, 'L2_hidden_dim': 240, 'L2_layers_atom': 1, 'L2_layers_mol': 4, 'L2_out_dim': 112, 'L2_dropout': 0.043151233967302756, 'L3_hidden_dim': 64, 'L3_layers_atom': 3, 'L3_layers_mol': 2, 'L3_out_dim': 112, 'L3_dropout': 0.03327117150676456, 'n_mlp_layers': 3, 'mlp_dim_0': 424, 'mlp_dim_1': 368, 'mlp_dim_2': 480, 'num_heads': 2, 'final_dropout': 0.02536105045056369, 'train_learning_rate': 0.00044493470637550883, 'train_lr_reduce': 0.6}. Best is trial 1073 with value: 0.009419886395335197.
[I 2024-12-26 07:30:20,923] Trial 1396 finished with value: 0.013250096701085567 and parameters: {'L1_hidden_dim': 96, 'L1_layers_atom': 2, 'L1_layers_mol': 2, 'L1_dropout': 0.06588997011916536, 'L1_out_dim': 80, 'L2_hidden_dim': 208, 'L2_layers_atom': 1, 'L2_layers_mol': 4, 'L2_out_dim': 112, 'L2_dropout': 0.02446487866802282, 'L3_hidden_dim': 80, 'L3_layers_atom': 4, 'L3_layers_mol': 1, 'L3_out_dim': 128, 'L3_dropout': 0.0011413034203148764, 'n_mlp_layers': 3, 'mlp_dim_0': 352, 'mlp_dim_1': 376, 'mlp_dim_2': 448, 'num_heads': 2, 'final_dropout': 0.0764874188412898, 'train_learning_rate': 0.001502169616632795, 'train_lr_reduce': 0.6}. Best is trial 1073 with value: 0.009419886395335197.
[I 2024-12-26 07:31:11,417] Trial 1397 finished with value: 0.01028733141720295 and parameters: {'L1_hidden_dim': 80, 'L1_layers_atom': 4, 'L1_layers_mol': 3, 'L1_dropout': 0.03517581834899399, 'L1_out_dim': 32, 'L2_hidden_dim': 192, 'L2_layers_atom': 2, 'L2_layers_mol': 4, 'L2_out_dim': 128, 'L2_dropout': 0.023906816931565163, 'L3_hidden_dim': 80, 'L3_layers_atom': 3, 'L3_layers_mol': 2, 'L3_out_dim': 128, 'L3_dropout': 0.03802592111268126, 'n_mlp_layers': 3, 'mlp_dim_0': 424, 'mlp_dim_1': 360, 'mlp_dim_2': 440, 'num_heads': 2, 'final_dropout': 0.11101212153323317, 'train_learning_rate': 0.0005815928810750083, 'train_lr_reduce': 0.6}. Best is trial 1073 with value: 0.009419886395335197.
[I 2024-12-26 07:32:08,216] Trial 1398 finished with value: 0.01290302537381649 and parameters: {'L1_hidden_dim': 160, 'L1_layers_atom': 4, 'L1_layers_mol': 3, 'L1_dropout': 0.009997858059882398, 'L1_out_dim': 48, 'L2_hidden_dim': 256, 'L2_layers_atom': 2, 'L2_layers_mol': 4, 'L2_out_dim': 48, 'L2_dropout': 0.07564878777781382, 'L3_hidden_dim': 80, 'L3_layers_atom': 2, 'L3_layers_mol': 1, 'L3_out_dim': 48, 'L3_dropout': 0.23045364626615, 'n_mlp_layers': 2, 'mlp_dim_0': 224, 'mlp_dim_1': 344, 'num_heads': 2, 'final_dropout': 0.0321413957237868, 'train_learning_rate': 0.0002758501811966963, 'train_lr_reduce': 0.6}. Best is trial 1073 with value: 0.009419886395335197.
[I 2024-12-26 07:32:42,314] Trial 1399 finished with value: 0.012313052080571651 and parameters: {'L1_hidden_dim': 96, 'L1_layers_atom': 3, 'L1_layers_mol': 4, 'L1_dropout': 0.009303691758435947, 'L1_out_dim': 96, 'L2_hidden_dim': 256, 'L2_layers_atom': 1, 'L2_layers_mol': 4, 'L2_out_dim': 112, 'L2_dropout': 0.0738182644834784, 'L3_hidden_dim': 96, 'L3_layers_atom': 3, 'L3_layers_mol': 2, 'L3_out_dim': 112, 'L3_dropout': 0.14863923684097563, 'n_mlp_layers': 3, 'mlp_dim_0': 376, 'mlp_dim_1': 368, 'mlp_dim_2': 448, 'num_heads': 2, 'final_dropout': 0.049636497085103384, 'train_learning_rate': 0.0009577560060962146, 'train_lr_reduce': 0.6}. Best is trial 1073 with value: 0.009419886395335197.
[I 2024-12-26 07:33:56,032] Trial 1400 finished with value: 0.011806957423686981 and parameters: {'L1_hidden_dim': 128, 'L1_layers_atom': 3, 'L1_layers_mol': 4, 'L1_dropout': 0.045759996707921295, 'L1_out_dim': 128, 'L2_hidden_dim': 256, 'L2_layers_atom': 1, 'L2_layers_mol': 4, 'L2_out_dim': 64, 'L2_dropout': 0.07872021301193152, 'L3_hidden_dim': 32, 'L3_layers_atom': 3, 'L3_layers_mol': 1, 'L3_out_dim': 128, 'L3_dropout': 0.08670328980682343, 'n_mlp_layers': 3, 'mlp_dim_0': 88, 'mlp_dim_1': 352, 'mlp_dim_2': 432, 'num_heads': 2, 'final_dropout': 0.19596280990490467, 'train_learning_rate': 0.00022587990037580417, 'train_lr_reduce': 0.6}. Best is trial 1073 with value: 0.009419886395335197.
[I 2024-12-26 07:34:19,922] Trial 1401 finished with value: 0.012197678908705711 and parameters: {'L1_hidden_dim': 112, 'L1_layers_atom': 2, 'L1_layers_mol': 3, 'L1_dropout': 0.06446397813020804, 'L1_out_dim': 112, 'L2_hidden_dim': 144, 'L2_layers_atom': 1, 'L2_layers_mol': 4, 'L2_out_dim': 128, 'L2_dropout': 0.04336360705165464, 'L3_hidden_dim': 128, 'L3_layers_atom': 4, 'L3_layers_mol': 1, 'L3_out_dim': 112, 'L3_dropout': 0.05743469770160526, 'n_mlp_layers': 3, 'mlp_dim_0': 304, 'mlp_dim_1': 352, 'mlp_dim_2': 408, 'num_heads': 2, 'final_dropout': 0.04369621986635988, 'train_learning_rate': 0.00044428793023842836, 'train_lr_reduce': 0.6}. Best is trial 1073 with value: 0.009419886395335197.
[I 2024-12-26 07:34:59,849] Trial 1402 finished with value: 0.011982784606516361 and parameters: {'L1_hidden_dim': 144, 'L1_layers_atom': 1, 'L1_layers_mol': 4, 'L1_dropout': 0.01666958188101913, 'L1_out_dim': 128, 'L2_hidden_dim': 256, 'L2_layers_atom': 1, 'L2_layers_mol': 4, 'L2_out_dim': 96, 'L2_dropout': 0.025878938793753758, 'L3_hidden_dim': 80, 'L3_layers_atom': 4, 'L3_layers_mol': 1, 'L3_out_dim': 128, 'L3_dropout': 0.08363805595982783, 'n_mlp_layers': 3, 'mlp_dim_0': 304, 'mlp_dim_1': 376, 'mlp_dim_2': 384, 'num_heads': 2, 'final_dropout': 0.00845180835887005, 'train_learning_rate': 0.0011090096479878164, 'train_lr_reduce': 0.6}. Best is trial 1073 with value: 0.009419886395335197.
[I 2024-12-26 07:36:43,256] Trial 1403 finished with value: 0.01302479486912489 and parameters: {'L1_hidden_dim': 64, 'L1_layers_atom': 3, 'L1_layers_mol': 3, 'L1_dropout': 0.030594340696099603, 'L1_out_dim': 96, 'L2_hidden_dim': 208, 'L2_layers_atom': 1, 'L2_layers_mol': 3, 'L2_out_dim': 112, 'L2_dropout': 0.05301914995434395, 'L3_hidden_dim': 96, 'L3_layers_atom': 2, 'L3_layers_mol': 3, 'L3_out_dim': 128, 'L3_dropout': 0.0892462290741662, 'n_mlp_layers': 3, 'mlp_dim_0': 344, 'mlp_dim_1': 336, 'mlp_dim_2': 480, 'num_heads': 2, 'final_dropout': 0.11301359686516663, 'train_learning_rate': 0.00025033609902132986, 'train_lr_reduce': 0.6}. Best is trial 1073 with value: 0.009419886395335197.
[I 2024-12-26 07:36:47,706] Trial 1404 finished with value: 0.009885157458484173 and parameters: {'L1_hidden_dim': 96, 'L1_layers_atom': 2, 'L1_layers_mol': 2, 'L1_dropout': 0.1158711629436969, 'L1_out_dim': 48, 'L2_hidden_dim': 208, 'L2_layers_atom': 1, 'L2_layers_mol': 3, 'L2_out_dim': 128, 'L2_dropout': 0.025436569075397108, 'L3_hidden_dim': 96, 'L3_layers_atom': 4, 'L3_layers_mol': 1, 'L3_out_dim': 128, 'L3_dropout': 0.059118511420558156, 'n_mlp_layers': 3, 'mlp_dim_0': 328, 'mlp_dim_1': 384, 'mlp_dim_2': 504, 'num_heads': 2, 'final_dropout': 0.10044150195835184, 'train_learning_rate': 0.00034504358146791983, 'train_lr_reduce': 0.6}. Best is trial 1073 with value: 0.009419886395335197.
[I 2024-12-26 07:37:24,806] Trial 1405 finished with value: 0.011839170008897781 and parameters: {'L1_hidden_dim': 144, 'L1_layers_atom': 1, 'L1_layers_mol': 4, 'L1_dropout': 0.013669120379895594, 'L1_out_dim': 112, 'L2_hidden_dim': 160, 'L2_layers_atom': 2, 'L2_layers_mol': 3, 'L2_out_dim': 96, 'L2_dropout': 0.09729001772628244, 'L3_hidden_dim': 112, 'L3_layers_atom': 4, 'L3_layers_mol': 1, 'L3_out_dim': 112, 'L3_dropout': 0.11210225860012651, 'n_mlp_layers': 3, 'mlp_dim_0': 344, 'mlp_dim_1': 328, 'mlp_dim_2': 416, 'num_heads': 2, 'final_dropout': 0.13605865244751447, 'train_learning_rate': 0.0008151498289110298, 'train_lr_reduce': 0.6}. Best is trial 1073 with value: 0.009419886395335197.
[I 2024-12-26 07:39:01,093] Trial 1407 finished with value: 0.011554449796676636 and parameters: {'L1_hidden_dim': 80, 'L1_layers_atom': 3, 'L1_layers_mol': 2, 'L1_dropout': 0.13228737370209714, 'L1_out_dim': 32, 'L2_hidden_dim': 208, 'L2_layers_atom': 1, 'L2_layers_mol': 3, 'L2_out_dim': 128, 'L2_dropout': 0.058028215263021196, 'L3_hidden_dim': 128, 'L3_layers_atom': 3, 'L3_layers_mol': 2, 'L3_out_dim': 96, 'L3_dropout': 0.15514229758733575, 'n_mlp_layers': 3, 'mlp_dim_0': 360, 'mlp_dim_1': 392, 'mlp_dim_2': 504, 'num_heads': 2, 'final_dropout': 0.1051272700748809, 'train_learning_rate': 0.0004574272138719081, 'train_lr_reduce': 0.6}. Best is trial 1073 with value: 0.009419886395335197.
[I 2024-12-26 07:39:52,339] Trial 1406 finished with value: 0.010137539356946945 and parameters: {'L1_hidden_dim': 144, 'L1_layers_atom': 3, 'L1_layers_mol': 4, 'L1_dropout': 0.029347962708836405, 'L1_out_dim': 112, 'L2_hidden_dim': 224, 'L2_layers_atom': 1, 'L2_layers_mol': 4, 'L2_out_dim': 128, 'L2_dropout': 0.003238731646168722, 'L3_hidden_dim': 64, 'L3_layers_atom': 3, 'L3_layers_mol': 1, 'L3_out_dim': 128, 'L3_dropout': 0.09170861049683986, 'n_mlp_layers': 3, 'mlp_dim_0': 352, 'mlp_dim_1': 368, 'mlp_dim_2': 464, 'num_heads': 1, 'final_dropout': 0.03641576887712994, 'train_learning_rate': 0.0004890557383719722, 'train_lr_reduce': 0.6}. Best is trial 1073 with value: 0.009419886395335197.
[I 2024-12-26 07:40:09,206] Trial 1408 finished with value: 0.012978726997971535 and parameters: {'L1_hidden_dim': 64, 'L1_layers_atom': 2, 'L1_layers_mol': 2, 'L1_dropout': 0.2318876678767948, 'L1_out_dim': 32, 'L2_hidden_dim': 192, 'L2_layers_atom': 1, 'L2_layers_mol': 4, 'L2_out_dim': 128, 'L2_dropout': 0.04246394472395153, 'L3_hidden_dim': 96, 'L3_layers_atom': 4, 'L3_layers_mol': 1, 'L3_out_dim': 128, 'L3_dropout': 0.03401303870344678, 'n_mlp_layers': 3, 'mlp_dim_0': 128, 'mlp_dim_1': 376, 'mlp_dim_2': 504, 'num_heads': 1, 'final_dropout': 0.07402212348699042, 'train_learning_rate': 0.00044495357132972853, 'train_lr_reduce': 0.6}. Best is trial 1073 with value: 0.009419886395335197.
[I 2024-12-26 07:41:00,462] Trial 1409 finished with value: 0.011846828274428844 and parameters: {'L1_hidden_dim': 80, 'L1_layers_atom': 2, 'L1_layers_mol': 2, 'L1_dropout': 0.005082431590620693, 'L1_out_dim': 128, 'L2_hidden_dim': 240, 'L2_layers_atom': 2, 'L2_layers_mol': 4, 'L2_out_dim': 128, 'L2_dropout': 0.0052272225728658885, 'L3_hidden_dim': 96, 'L3_layers_atom': 4, 'L3_layers_mol': 3, 'L3_out_dim': 128, 'L3_dropout': 0.06375627141664687, 'n_mlp_layers': 3, 'mlp_dim_0': 456, 'mlp_dim_1': 392, 'mlp_dim_2': 448, 'num_heads': 1, 'final_dropout': 0.008474793115550494, 'train_learning_rate': 0.0009009086989518705, 'train_lr_reduce': 0.6}. Best is trial 1073 with value: 0.009419886395335197.
[I 2024-12-26 07:42:23,684] Trial 1411 finished with value: 0.0163151565939188 and parameters: {'L1_hidden_dim': 64, 'L1_layers_atom': 2, 'L1_layers_mol': 3, 'L1_dropout': 0.22360959237569367, 'L1_out_dim': 96, 'L2_hidden_dim': 144, 'L2_layers_atom': 2, 'L2_layers_mol': 4, 'L2_out_dim': 96, 'L2_dropout': 0.08464500253982706, 'L3_hidden_dim': 96, 'L3_layers_atom': 4, 'L3_layers_mol': 1, 'L3_out_dim': 128, 'L3_dropout': 0.05826857719729949, 'n_mlp_layers': 3, 'mlp_dim_0': 224, 'mlp_dim_1': 376, 'mlp_dim_2': 480, 'num_heads': 2, 'final_dropout': 0.10835692261062697, 'train_learning_rate': 0.0005329689091797685, 'train_lr_reduce': 0.6}. Best is trial 1073 with value: 0.009419886395335197.
[I 2024-12-26 07:42:29,084] Trial 1410 finished with value: 0.015540514141321182 and parameters: {'L1_hidden_dim': 176, 'L1_layers_atom': 4, 'L1_layers_mol': 3, 'L1_dropout': 0.09532136798907212, 'L1_out_dim': 96, 'L2_hidden_dim': 128, 'L2_layers_atom': 2, 'L2_layers_mol': 1, 'L2_out_dim': 32, 'L2_dropout': 0.28451044431556205, 'L3_hidden_dim': 32, 'L3_layers_atom': 2, 'L3_layers_mol': 3, 'L3_out_dim': 32, 'L3_dropout': 0.00572474661289607, 'n_mlp_layers': 2, 'mlp_dim_0': 112, 'mlp_dim_1': 384, 'num_heads': 2, 'final_dropout': 0.04304755709366287, 'train_learning_rate': 0.001611188494399462, 'train_lr_reduce': 0.6}. Best is trial 1073 with value: 0.009419886395335197.
[I 2024-12-26 07:43:14,293] Trial 1412 finished with value: 0.012995608150959015 and parameters: {'L1_hidden_dim': 176, 'L1_layers_atom': 3, 'L1_layers_mol': 3, 'L1_dropout': 0.05020289361854749, 'L1_out_dim': 128, 'L2_hidden_dim': 176, 'L2_layers_atom': 1, 'L2_layers_mol': 4, 'L2_out_dim': 128, 'L2_dropout': 0.08309161208757078, 'L3_hidden_dim': 32, 'L3_layers_atom': 3, 'L3_layers_mol': 2, 'L3_out_dim': 128, 'L3_dropout': 0.09832768370950228, 'n_mlp_layers': 3, 'mlp_dim_0': 264, 'mlp_dim_1': 384, 'mlp_dim_2': 488, 'num_heads': 1, 'final_dropout': 0.07615258842706793, 'train_learning_rate': 0.0006127235326913089, 'train_lr_reduce': 0.6}. Best is trial 1073 with value: 0.009419886395335197.
[I 2024-12-26 07:44:29,569] Trial 1414 finished with value: 0.014639100059866905 and parameters: {'L1_hidden_dim': 144, 'L1_layers_atom': 3, 'L1_layers_mol': 4, 'L1_dropout': 0.0053820416337748275, 'L1_out_dim': 112, 'L2_hidden_dim': 256, 'L2_layers_atom': 1, 'L2_layers_mol': 3, 'L2_out_dim': 112, 'L2_dropout': 0.0834952060707399, 'L3_hidden_dim': 64, 'L3_layers_atom': 4, 'L3_layers_mol': 1, 'L3_out_dim': 128, 'L3_dropout': 0.010836629287606522, 'n_mlp_layers': 2, 'mlp_dim_0': 256, 'mlp_dim_1': 392, 'num_heads': 1, 'final_dropout': 0.11393723615897078, 'train_learning_rate': 0.0015157763163975552, 'train_lr_reduce': 0.6}. Best is trial 1073 with value: 0.009419886395335197.
[I 2024-12-26 07:46:16,151] Trial 1413 finished with value: 0.012753663584589958 and parameters: {'L1_hidden_dim': 112, 'L1_layers_atom': 4, 'L1_layers_mol': 4, 'L1_dropout': 0.01694137320773447, 'L1_out_dim': 128, 'L2_hidden_dim': 224, 'L2_layers_atom': 1, 'L2_layers_mol': 4, 'L2_out_dim': 128, 'L2_dropout': 0.004958133638565529, 'L3_hidden_dim': 64, 'L3_layers_atom': 2, 'L3_layers_mol': 1, 'L3_out_dim': 112, 'L3_dropout': 0.08828262995134385, 'n_mlp_layers': 3, 'mlp_dim_0': 480, 'mlp_dim_1': 376, 'mlp_dim_2': 392, 'num_heads': 1, 'final_dropout': 0.048328040661510085, 'train_learning_rate': 0.00019342626760660944, 'train_lr_reduce': 0.6}. Best is trial 1073 with value: 0.009419886395335197.
[I 2024-12-26 07:46:16,359] Trial 1415 finished with value: 0.015832444652915 and parameters: {'L1_hidden_dim': 192, 'L1_layers_atom': 2, 'L1_layers_mol': 4, 'L1_dropout': 0.006219026848136609, 'L1_out_dim': 128, 'L2_hidden_dim': 240, 'L2_layers_atom': 2, 'L2_layers_mol': 4, 'L2_out_dim': 128, 'L2_dropout': 0.03392634980112127, 'L3_hidden_dim': 32, 'L3_layers_atom': 3, 'L3_layers_mol': 1, 'L3_out_dim': 128, 'L3_dropout': 0.1723881717836229, 'n_mlp_layers': 2, 'mlp_dim_0': 424, 'mlp_dim_1': 392, 'num_heads': 1, 'final_dropout': 0.030375720216609253, 'train_learning_rate': 0.0003871536769225854, 'train_lr_reduce': 0.6}. Best is trial 1073 with value: 0.009419886395335197.
[I 2024-12-26 07:46:34,354] Trial 1416 finished with value: 0.011735143139958382 and parameters: {'L1_hidden_dim': 144, 'L1_layers_atom': 3, 'L1_layers_mol': 4, 'L1_dropout': 0.016147046404447772, 'L1_out_dim': 96, 'L2_hidden_dim': 176, 'L2_layers_atom': 1, 'L2_layers_mol': 4, 'L2_out_dim': 112, 'L2_dropout': 0.057430945186956336, 'L3_hidden_dim': 48, 'L3_layers_atom': 3, 'L3_layers_mol': 2, 'L3_out_dim': 96, 'L3_dropout': 0.07413456399847183, 'n_mlp_layers': 3, 'mlp_dim_0': 432, 'mlp_dim_1': 392, 'mlp_dim_2': 496, 'num_heads': 1, 'final_dropout': 0.013664379840951129, 'train_learning_rate': 0.0007158326699455893, 'train_lr_reduce': 0.6}. Best is trial 1073 with value: 0.009419886395335197.
[I 2024-12-26 07:48:36,491] Trial 1418 finished with value: 0.01246713101863861 and parameters: {'L1_hidden_dim': 96, 'L1_layers_atom': 1, 'L1_layers_mol': 2, 'L1_dropout': 0.006360970216456393, 'L1_out_dim': 32, 'L2_hidden_dim': 208, 'L2_layers_atom': 1, 'L2_layers_mol': 4, 'L2_out_dim': 112, 'L2_dropout': 0.027504488188231365, 'L3_hidden_dim': 112, 'L3_layers_atom': 4, 'L3_layers_mol': 2, 'L3_out_dim': 96, 'L3_dropout': 0.11507714620554173, 'n_mlp_layers': 3, 'mlp_dim_0': 176, 'mlp_dim_1': 384, 'mlp_dim_2': 496, 'num_heads': 2, 'final_dropout': 0.04629207221640264, 'train_learning_rate': 0.0013213132126618295, 'train_lr_reduce': 0.6}. Best is trial 1073 with value: 0.009419886395335197.
[I 2024-12-26 07:49:10,302] Trial 1417 finished with value: 0.01086406596004963 and parameters: {'L1_hidden_dim': 96, 'L1_layers_atom': 2, 'L1_layers_mol': 2, 'L1_dropout': 0.1649266293608343, 'L1_out_dim': 32, 'L2_hidden_dim': 192, 'L2_layers_atom': 1, 'L2_layers_mol': 2, 'L2_out_dim': 112, 'L2_dropout': 0.028226574923770377, 'L3_hidden_dim': 112, 'L3_layers_atom': 4, 'L3_layers_mol': 1, 'L3_out_dim': 128, 'L3_dropout': 0.08170246204708961, 'n_mlp_layers': 3, 'mlp_dim_0': 336, 'mlp_dim_1': 360, 'mlp_dim_2': 512, 'num_heads': 2, 'final_dropout': 0.18747183211772844, 'train_learning_rate': 0.000256847566655225, 'train_lr_reduce': 0.6}. Best is trial 1073 with value: 0.009419886395335197.
[I 2024-12-26 07:49:44,865] Trial 1419 finished with value: 0.015649249777197838 and parameters: {'L1_hidden_dim': 144, 'L1_layers_atom': 3, 'L1_layers_mol': 4, 'L1_dropout': 0.010110700638258203, 'L1_out_dim': 128, 'L2_hidden_dim': 224, 'L2_layers_atom': 2, 'L2_layers_mol': 4, 'L2_out_dim': 112, 'L2_dropout': 0.06561851354445954, 'L3_hidden_dim': 80, 'L3_layers_atom': 2, 'L3_layers_mol': 1, 'L3_out_dim': 96, 'L3_dropout': 0.1101106379408617, 'n_mlp_layers': 2, 'mlp_dim_0': 304, 'mlp_dim_1': 400, 'num_heads': 1, 'final_dropout': 0.022297428172723732, 'train_learning_rate': 0.0007074629354365573, 'train_lr_reduce': 0.6}. Best is trial 1073 with value: 0.009419886395335197.
