[I 2024-12-15 22:40:42,743] Trial 526 finished with value: 0.11851786822080612 and parameters: {'mlp_n_layers': 3, 'mlp_dim_00': 240, 'mlp_dim_01': 192, 'mlp_dim_02': 96, 'hidden_channels': 48, 'num_layers': 1, 'num_timesteps': 2, 'dropout': 0.17367111684705205, 'train_learning_rate': 0.009283864984422152, 'train_lr_reduce': 0.6}. Best is trial 130 with value: 0.0812772810459137.
[I 2024-12-15 22:40:42,859] Trial 524 finished with value: 0.13119818270206451 and parameters: {'mlp_n_layers': 2, 'mlp_dim_00': 192, 'mlp_dim_01': 240, 'hidden_channels': 32, 'num_layers': 3, 'num_timesteps': 4, 'dropout': 0.11866395444427753, 'train_learning_rate': 0.001492755836874718, 'train_lr_reduce': 0.6}. Best is trial 130 with value: 0.0812772810459137.
[I 2024-12-15 22:40:50,816] Trial 527 finished with value: 0.11474210768938065 and parameters: {'mlp_n_layers': 3, 'mlp_dim_00': 240, 'mlp_dim_01': 208, 'mlp_dim_02': 96, 'hidden_channels': 32, 'num_layers': 1, 'num_timesteps': 1, 'dropout': 0.24300432619277357, 'train_learning_rate': 0.00997933257165384, 'train_lr_reduce': 0.6}. Best is trial 130 with value: 0.0812772810459137.
[I 2024-12-15 22:40:55,398] Trial 529 finished with value: 0.2101844698190689 and parameters: {'mlp_n_layers': 4, 'mlp_dim_00': 96, 'mlp_dim_01': 64, 'mlp_dim_02': 112, 'mlp_dim_03': 224, 'hidden_channels': 240, 'num_layers': 2, 'num_timesteps': 2, 'dropout': 0.21576018337989833, 'train_learning_rate': 0.008630305440495966, 'train_lr_reduce': 0.6}. Best is trial 130 with value: 0.0812772810459137.
[I 2024-12-15 22:40:58,948] Trial 528 finished with value: 0.11076679080724716 and parameters: {'mlp_n_layers': 2, 'mlp_dim_00': 80, 'mlp_dim_01': 128, 'hidden_channels': 64, 'num_layers': 4, 'num_timesteps': 3, 'dropout': 0.25925166024492624, 'train_learning_rate': 0.002235955993399212, 'train_lr_reduce': 0.6}. Best is trial 130 with value: 0.0812772810459137.
[I 2024-12-15 22:41:00,075] Trial 530 finished with value: 0.11955046653747559 and parameters: {'mlp_n_layers': 3, 'mlp_dim_00': 240, 'mlp_dim_01': 176, 'mlp_dim_02': 80, 'hidden_channels': 64, 'num_layers': 1, 'num_timesteps': 3, 'dropout': 0.21962195207670782, 'train_learning_rate': 0.006255351385391921, 'train_lr_reduce': 0.6}. Best is trial 130 with value: 0.0812772810459137.
[I 2024-12-15 22:41:07,420] Trial 531 finished with value: 0.11801460385322571 and parameters: {'mlp_n_layers': 2, 'mlp_dim_00': 64, 'mlp_dim_01': 208, 'hidden_channels': 48, 'num_layers': 4, 'num_timesteps': 2, 'dropout': 0.2591702048810102, 'train_learning_rate': 0.004655859961473699, 'train_lr_reduce': 0.6}. Best is trial 130 with value: 0.0812772810459137.
[I 2024-12-15 22:41:17,728] Trial 532 finished with value: 0.13258035480976105 and parameters: {'mlp_n_layers': 4, 'mlp_dim_00': 256, 'mlp_dim_01': 256, 'mlp_dim_02': 128, 'mlp_dim_03': 128, 'hidden_channels': 80, 'num_layers': 1, 'num_timesteps': 4, 'dropout': 0.12892947331602675, 'train_learning_rate': 0.00033663663361098076, 'train_lr_reduce': 0.6}. Best is trial 130 with value: 0.0812772810459137.
[I 2024-12-15 22:41:19,042] Trial 534 finished with value: 0.1056724488735199 and parameters: {'mlp_n_layers': 3, 'mlp_dim_00': 240, 'mlp_dim_01': 208, 'mlp_dim_02': 112, 'hidden_channels': 48, 'num_layers': 1, 'num_timesteps': 2, 'dropout': 0.22685167556144265, 'train_learning_rate': 0.008269159401961474, 'train_lr_reduce': 0.6}. Best is trial 130 with value: 0.0812772810459137.
[I 2024-12-15 22:41:26,412] Trial 533 finished with value: 0.10488003492355347 and parameters: {'mlp_n_layers': 2, 'mlp_dim_00': 112, 'mlp_dim_01': 160, 'hidden_channels': 32, 'num_layers': 4, 'num_timesteps': 4, 'dropout': 0.27306880757706425, 'train_learning_rate': 0.0033900505781424895, 'train_lr_reduce': 0.6}. Best is trial 130 with value: 0.0812772810459137.
[I 2024-12-15 22:41:34,682] Trial 535 finished with value: 0.13180886209011078 and parameters: {'mlp_n_layers': 2, 'mlp_dim_00': 112, 'mlp_dim_01': 176, 'hidden_channels': 112, 'num_layers': 4, 'num_timesteps': 3, 'dropout': 0.22167391832468006, 'train_learning_rate': 0.0023708195493997125, 'train_lr_reduce': 0.6}. Best is trial 130 with value: 0.0812772810459137.
[I 2024-12-15 22:41:42,290] Trial 536 finished with value: 0.08993769437074661 and parameters: {'mlp_n_layers': 2, 'mlp_dim_00': 80, 'mlp_dim_01': 80, 'hidden_channels': 32, 'num_layers': 4, 'num_timesteps': 3, 'dropout': 0.237687848320105, 'train_learning_rate': 0.005495810901877073, 'train_lr_reduce': 0.6}. Best is trial 130 with value: 0.0812772810459137.
[I 2024-12-15 22:41:47,027] Trial 538 finished with value: 0.1063714399933815 and parameters: {'mlp_n_layers': 3, 'mlp_dim_00': 224, 'mlp_dim_01': 192, 'mlp_dim_02': 128, 'hidden_channels': 80, 'num_layers': 1, 'num_timesteps': 2, 'dropout': 0.23939619746241897, 'train_learning_rate': 0.002044638582171067, 'train_lr_reduce': 0.6}. Best is trial 130 with value: 0.0812772810459137.
[I 2024-12-15 22:41:52,837] Trial 537 finished with value: 0.2007218450307846 and parameters: {'mlp_n_layers': 2, 'mlp_dim_00': 208, 'mlp_dim_01': 80, 'hidden_channels': 64, 'num_layers': 2, 'num_timesteps': 4, 'dropout': 0.044185962869302584, 'train_learning_rate': 0.00012529362315911473, 'train_lr_reduce': 0.6}. Best is trial 130 with value: 0.0812772810459137.
[I 2024-12-15 22:42:02,253] Trial 540 finished with value: 0.14796020090579987 and parameters: {'mlp_n_layers': 4, 'mlp_dim_00': 208, 'mlp_dim_01': 64, 'mlp_dim_02': 128, 'mlp_dim_03': 32, 'hidden_channels': 224, 'num_layers': 1, 'num_timesteps': 1, 'dropout': 0.2875917637407021, 'train_learning_rate': 0.0015566131988434197, 'train_lr_reduce': 0.6}. Best is trial 130 with value: 0.0812772810459137.
[I 2024-12-15 22:42:04,712] Trial 539 finished with value: 0.13492785394191742 and parameters: {'mlp_n_layers': 2, 'mlp_dim_00': 48, 'mlp_dim_01': 128, 'hidden_channels': 32, 'num_layers': 4, 'num_timesteps': 3, 'dropout': 0.2174794064284735, 'train_learning_rate': 0.002017962298732473, 'train_lr_reduce': 0.6}. Best is trial 130 with value: 0.0812772810459137.
[I 2024-12-15 22:42:12,308] Trial 541 finished with value: 0.12651467323303223 and parameters: {'mlp_n_layers': 2, 'mlp_dim_00': 96, 'mlp_dim_01': 64, 'hidden_channels': 64, 'num_layers': 4, 'num_timesteps': 2, 'dropout': 0.27175344158467296, 'train_learning_rate': 0.0030652576547194705, 'train_lr_reduce': 0.6}. Best is trial 130 with value: 0.0812772810459137.
[I 2024-12-15 22:42:14,460] Trial 542 finished with value: 0.11654040217399597 and parameters: {'mlp_n_layers': 2, 'mlp_dim_00': 128, 'mlp_dim_01': 96, 'hidden_channels': 48, 'num_layers': 4, 'num_timesteps': 3, 'dropout': 0.24384319597673854, 'train_learning_rate': 0.007281400266267501, 'train_lr_reduce': 0.6}. Best is trial 130 with value: 0.0812772810459137.
[I 2024-12-15 22:42:23,274] Trial 544 finished with value: 0.12871062755584717 and parameters: {'mlp_n_layers': 3, 'mlp_dim_00': 240, 'mlp_dim_01': 240, 'mlp_dim_02': 128, 'hidden_channels': 32, 'num_layers': 1, 'num_timesteps': 2, 'dropout': 0.21513043110719812, 'train_learning_rate': 0.006411002487292723, 'train_lr_reduce': 0.6}. Best is trial 130 with value: 0.0812772810459137.
[I 2024-12-15 22:42:28,838] Trial 543 finished with value: 0.1415446400642395 and parameters: {'mlp_n_layers': 3, 'mlp_dim_00': 144, 'mlp_dim_01': 128, 'mlp_dim_02': 80, 'hidden_channels': 32, 'num_layers': 4, 'num_timesteps': 4, 'dropout': 0.24194191065012624, 'train_learning_rate': 0.005705141638327721, 'train_lr_reduce': 0.6}. Best is trial 130 with value: 0.0812772810459137.
[I 2024-12-15 22:42:37,490] Trial 545 finished with value: 0.11646529287099838 and parameters: {'mlp_n_layers': 2, 'mlp_dim_00': 224, 'mlp_dim_01': 32, 'hidden_channels': 192, 'num_layers': 2, 'num_timesteps': 2, 'dropout': 0.20414767194100364, 'train_learning_rate': 0.0007821727657224397, 'train_lr_reduce': 0.6}. Best is trial 130 with value: 0.0812772810459137.
[I 2024-12-15 22:42:41,197] Trial 546 finished with value: 0.11460407078266144 and parameters: {'mlp_n_layers': 2, 'mlp_dim_00': 32, 'mlp_dim_01': 48, 'hidden_channels': 64, 'num_layers': 4, 'num_timesteps': 3, 'dropout': 0.23970317248762044, 'train_learning_rate': 0.006487265222097409, 'train_lr_reduce': 0.6}. Best is trial 130 with value: 0.0812772810459137.
[I 2024-12-15 22:42:52,586] Trial 549 finished with value: 0.10635340213775635 and parameters: {'mlp_n_layers': 2, 'mlp_dim_00': 144, 'mlp_dim_01': 192, 'hidden_channels': 64, 'num_layers': 1, 'num_timesteps': 4, 'dropout': 0.20740609802521454, 'train_learning_rate': 0.004446097461583761, 'train_lr_reduce': 0.6}. Best is trial 130 with value: 0.0812772810459137.
[I 2024-12-15 22:42:56,713] Trial 547 finished with value: 0.1677730530500412 and parameters: {'mlp_n_layers': 2, 'mlp_dim_00': 80, 'mlp_dim_01': 128, 'hidden_channels': 176, 'num_layers': 1, 'num_timesteps': 3, 'dropout': 0.29598355674409466, 'train_learning_rate': 0.00010238027015511672, 'train_lr_reduce': 0.6}. Best is trial 130 with value: 0.0812772810459137.
[I 2024-12-15 22:43:02,667] Trial 548 finished with value: 0.13328047096729279 and parameters: {'mlp_n_layers': 4, 'mlp_dim_00': 160, 'mlp_dim_01': 112, 'mlp_dim_02': 96, 'mlp_dim_03': 80, 'hidden_channels': 96, 'num_layers': 3, 'num_timesteps': 1, 'dropout': 0.11079251563236123, 'train_learning_rate': 0.0008743287941400615, 'train_lr_reduce': 0.6}. Best is trial 130 with value: 0.0812772810459137.
[I 2024-12-15 22:43:11,325] Trial 550 finished with value: 0.12998421490192413 and parameters: {'mlp_n_layers': 3, 'mlp_dim_00': 192, 'mlp_dim_01': 240, 'mlp_dim_02': 160, 'hidden_channels': 112, 'num_layers': 2, 'num_timesteps': 2, 'dropout': 0.2672715213744724, 'train_learning_rate': 0.0026975149350588427, 'train_lr_reduce': 0.6}. Best is trial 130 with value: 0.0812772810459137.
[I 2024-12-15 22:43:20,774] Trial 551 finished with value: 0.1045195683836937 and parameters: {'mlp_n_layers': 4, 'mlp_dim_00': 240, 'mlp_dim_01': 96, 'mlp_dim_02': 128, 'mlp_dim_03': 176, 'hidden_channels': 224, 'num_layers': 1, 'num_timesteps': 3, 'dropout': 0.13098568595146104, 'train_learning_rate': 0.007016487113439877, 'train_lr_reduce': 0.6}. Best is trial 130 with value: 0.0812772810459137.
[I 2024-12-15 22:43:25,951] Trial 552 finished with value: 0.14152783155441284 and parameters: {'mlp_n_layers': 3, 'mlp_dim_00': 208, 'mlp_dim_01': 144, 'mlp_dim_02': 144, 'hidden_channels': 96, 'num_layers': 1, 'num_timesteps': 2, 'dropout': 0.13810440818701755, 'train_learning_rate': 0.0001558481207666625, 'train_lr_reduce': 0.6}. Best is trial 130 with value: 0.0812772810459137.
[I 2024-12-15 22:43:27,024] Trial 553 finished with value: 0.15528985857963562 and parameters: {'mlp_n_layers': 2, 'mlp_dim_00': 224, 'mlp_dim_01': 32, 'hidden_channels': 112, 'num_layers': 3, 'num_timesteps': 4, 'dropout': 0.2964761995111829, 'train_learning_rate': 0.00792205015962731, 'train_lr_reduce': 0.6}. Best is trial 130 with value: 0.0812772810459137.
[I 2024-12-15 22:43:37,375] Trial 554 finished with value: 0.10769904404878616 and parameters: {'mlp_n_layers': 2, 'mlp_dim_00': 96, 'mlp_dim_01': 160, 'hidden_channels': 48, 'num_layers': 4, 'num_timesteps': 3, 'dropout': 0.2852289631622883, 'train_learning_rate': 0.008023709115554419, 'train_lr_reduce': 0.6}. Best is trial 130 with value: 0.0812772810459137.
[I 2024-12-15 22:43:42,988] Trial 555 finished with value: 0.1052512675523758 and parameters: {'mlp_n_layers': 2, 'mlp_dim_00': 96, 'mlp_dim_01': 192, 'hidden_channels': 32, 'num_layers': 4, 'num_timesteps': 3, 'dropout': 0.18653228130549765, 'train_learning_rate': 0.0070915460018975045, 'train_lr_reduce': 0.6}. Best is trial 130 with value: 0.0812772810459137.
[I 2024-12-15 22:43:48,865] Trial 556 finished with value: 0.20797963440418243 and parameters: {'mlp_n_layers': 4, 'mlp_dim_00': 192, 'mlp_dim_01': 32, 'mlp_dim_02': 208, 'mlp_dim_03': 256, 'hidden_channels': 160, 'num_layers': 4, 'num_timesteps': 4, 'dropout': 0.23139148235832507, 'train_learning_rate': 0.0011017778535347311, 'train_lr_reduce': 0.6}. Best is trial 130 with value: 0.0812772810459137.
[I 2024-12-15 22:43:52,093] Trial 557 finished with value: 0.12928235530853271 and parameters: {'mlp_n_layers': 3, 'mlp_dim_00': 224, 'mlp_dim_01': 176, 'mlp_dim_02': 112, 'hidden_channels': 32, 'num_layers': 1, 'num_timesteps': 3, 'dropout': 0.2847649987358926, 'train_learning_rate': 0.007489416131621569, 'train_lr_reduce': 0.6}. Best is trial 130 with value: 0.0812772810459137.
[I 2024-12-15 22:43:58,795] Trial 558 finished with value: 0.1063481867313385 and parameters: {'mlp_n_layers': 2, 'mlp_dim_00': 96, 'mlp_dim_01': 64, 'hidden_channels': 32, 'num_layers': 4, 'num_timesteps': 3, 'dropout': 0.19822783580613684, 'train_learning_rate': 0.006046487818789358, 'train_lr_reduce': 0.6}. Best is trial 130 with value: 0.0812772810459137.
[I 2024-12-15 22:44:09,359] Trial 559 finished with value: 0.1374048888683319 and parameters: {'mlp_n_layers': 4, 'mlp_dim_00': 176, 'mlp_dim_01': 240, 'mlp_dim_02': 160, 'mlp_dim_03': 144, 'hidden_channels': 176, 'num_layers': 1, 'num_timesteps': 2, 'dropout': 0.26406321177778513, 'train_learning_rate': 0.008208030581580691, 'train_lr_reduce': 0.6}. Best is trial 130 with value: 0.0812772810459137.
[I 2024-12-15 22:44:10,782] Trial 561 finished with value: 0.11687082052230835 and parameters: {'mlp_n_layers': 4, 'mlp_dim_00': 192, 'mlp_dim_01': 224, 'mlp_dim_02': 96, 'mlp_dim_03': 224, 'hidden_channels': 48, 'num_layers': 1, 'num_timesteps': 3, 'dropout': 0.2914194259985793, 'train_learning_rate': 0.004451079077831105, 'train_lr_reduce': 0.6}. Best is trial 130 with value: 0.0812772810459137.
[I 2024-12-15 22:44:15,620] Trial 560 finished with value: 0.11260752379894257 and parameters: {'mlp_n_layers': 2, 'mlp_dim_00': 48, 'mlp_dim_01': 224, 'hidden_channels': 32, 'num_layers': 3, 'num_timesteps': 4, 'dropout': 0.16631871060049297, 'train_learning_rate': 0.00947938669920164, 'train_lr_reduce': 0.6}. Best is trial 130 with value: 0.0812772810459137.
[I 2024-12-15 22:44:21,037] Trial 562 finished with value: 0.1196763813495636 and parameters: {'mlp_n_layers': 3, 'mlp_dim_00': 160, 'mlp_dim_01': 160, 'mlp_dim_02': 144, 'hidden_channels': 96, 'num_layers': 1, 'num_timesteps': 2, 'dropout': 0.29683649445656746, 'train_learning_rate': 0.006444015916733594, 'train_lr_reduce': 0.6}. Best is trial 130 with value: 0.0812772810459137.
[I 2024-12-15 22:44:23,762] Trial 563 finished with value: 0.1292237639427185 and parameters: {'mlp_n_layers': 2, 'mlp_dim_00': 144, 'mlp_dim_01': 208, 'hidden_channels': 48, 'num_layers': 2, 'num_timesteps': 4, 'dropout': 0.04832582213808215, 'train_learning_rate': 0.002624851053073835, 'train_lr_reduce': 0.6}. Best is trial 130 with value: 0.0812772810459137.
[I 2024-12-15 22:44:24,774] Trial 564 finished with value: 0.1461969017982483 and parameters: {'mlp_n_layers': 3, 'mlp_dim_00': 256, 'mlp_dim_01': 32, 'mlp_dim_02': 224, 'hidden_channels': 48, 'num_layers': 2, 'num_timesteps': 3, 'dropout': 0.2925971164506447, 'train_learning_rate': 0.0058421782325478655, 'train_lr_reduce': 0.6}. Best is trial 130 with value: 0.0812772810459137.
[I 2024-12-15 22:44:37,993] Trial 567 finished with value: 0.11273486912250519 and parameters: {'mlp_n_layers': 2, 'mlp_dim_00': 160, 'mlp_dim_01': 208, 'hidden_channels': 144, 'num_layers': 3, 'num_timesteps': 2, 'dropout': 0.16513827540654666, 'train_learning_rate': 0.005519267604995746, 'train_lr_reduce': 0.6}. Best is trial 130 with value: 0.0812772810459137.
[I 2024-12-15 22:44:41,827] Trial 566 finished with value: 0.1352369785308838 and parameters: {'mlp_n_layers': 2, 'mlp_dim_00': 80, 'mlp_dim_01': 64, 'hidden_channels': 96, 'num_layers': 4, 'num_timesteps': 4, 'dropout': 0.28581247270661314, 'train_learning_rate': 0.005743478947168338, 'train_lr_reduce': 0.6}. Best is trial 130 with value: 0.0812772810459137.
[I 2024-12-15 22:44:46,920] Trial 565 finished with value: 0.10968369990587234 and parameters: {'mlp_n_layers': 2, 'mlp_dim_00': 144, 'mlp_dim_01': 144, 'hidden_channels': 32, 'num_layers': 4, 'num_timesteps': 3, 'dropout': 0.2749054923081262, 'train_learning_rate': 0.000886633210123083, 'train_lr_reduce': 0.6}. Best is trial 130 with value: 0.0812772810459137.
[I 2024-12-15 22:44:49,305] Trial 568 finished with value: 0.110362209379673 and parameters: {'mlp_n_layers': 3, 'mlp_dim_00': 256, 'mlp_dim_01': 256, 'mlp_dim_02': 176, 'hidden_channels': 112, 'num_layers': 1, 'num_timesteps': 2, 'dropout': 0.23688107597295302, 'train_learning_rate': 0.009984263844841404, 'train_lr_reduce': 0.6}. Best is trial 130 with value: 0.0812772810459137.
[I 2024-12-15 22:44:59,152] Trial 569 finished with value: 0.09093330055475235 and parameters: {'mlp_n_layers': 2, 'mlp_dim_00': 176, 'mlp_dim_01': 128, 'hidden_channels': 32, 'num_layers': 3, 'num_timesteps': 3, 'dropout': 0.21726954853390018, 'train_learning_rate': 0.0028901584719583013, 'train_lr_reduce': 0.6}. Best is trial 130 with value: 0.0812772810459137.
[I 2024-12-15 22:45:00,828] Trial 571 finished with value: 0.0929422602057457 and parameters: {'mlp_n_layers': 4, 'mlp_dim_00': 256, 'mlp_dim_01': 192, 'mlp_dim_02': 128, 'mlp_dim_03': 96, 'hidden_channels': 32, 'num_layers': 1, 'num_timesteps': 2, 'dropout': 0.23514932781456857, 'train_learning_rate': 0.0018196186529132396, 'train_lr_reduce': 0.6}. Best is trial 130 with value: 0.0812772810459137.
[I 2024-12-15 22:45:12,688] Trial 573 finished with value: 0.12284548580646515 and parameters: {'mlp_n_layers': 2, 'mlp_dim_00': 192, 'mlp_dim_01': 256, 'hidden_channels': 80, 'num_layers': 1, 'num_timesteps': 4, 'dropout': 0.13236068165517664, 'train_learning_rate': 0.002378664399399977, 'train_lr_reduce': 0.6}. Best is trial 130 with value: 0.0812772810459137.
[I 2024-12-15 22:45:15,538] Trial 570 finished with value: 0.25341570377349854 and parameters: {'mlp_n_layers': 3, 'mlp_dim_00': 224, 'mlp_dim_01': 48, 'mlp_dim_02': 64, 'hidden_channels': 160, 'num_layers': 3, 'num_timesteps': 1, 'dropout': 0.286071929627379, 'train_learning_rate': 0.00010309452951049543, 'train_lr_reduce': 0.6}. Best is trial 130 with value: 0.0812772810459137.
[I 2024-12-15 22:45:17,101] Trial 572 finished with value: 0.11970887333154678 and parameters: {'mlp_n_layers': 2, 'mlp_dim_00': 192, 'mlp_dim_01': 160, 'hidden_channels': 32, 'num_layers': 3, 'num_timesteps': 3, 'dropout': 0.22495119035396463, 'train_learning_rate': 0.0022890692860089196, 'train_lr_reduce': 0.6}. Best is trial 130 with value: 0.0812772810459137.
[I 2024-12-15 22:45:27,093] Trial 574 finished with value: 0.1067948192358017 and parameters: {'mlp_n_layers': 4, 'mlp_dim_00': 128, 'mlp_dim_01': 160, 'mlp_dim_02': 192, 'mlp_dim_03': 96, 'hidden_channels': 32, 'num_layers': 3, 'num_timesteps': 1, 'dropout': 0.2114121373041185, 'train_learning_rate': 0.002783784842737281, 'train_lr_reduce': 0.6}. Best is trial 130 with value: 0.0812772810459137.
[I 2024-12-15 22:45:27,903] Trial 575 finished with value: 0.10176405310630798 and parameters: {'mlp_n_layers': 2, 'mlp_dim_00': 176, 'mlp_dim_01': 224, 'hidden_channels': 64, 'num_layers': 2, 'num_timesteps': 4, 'dropout': 0.2725177243254516, 'train_learning_rate': 0.0030847588793311955, 'train_lr_reduce': 0.6}. Best is trial 130 with value: 0.0812772810459137.
[I 2024-12-15 22:45:30,114] Trial 576 finished with value: 0.09363461285829544 and parameters: {'mlp_n_layers': 2, 'mlp_dim_00': 256, 'mlp_dim_01': 176, 'hidden_channels': 224, 'num_layers': 3, 'num_timesteps': 1, 'dropout': 0.2915051167771452, 'train_learning_rate': 0.006908791957150249, 'train_lr_reduce': 0.6}. Best is trial 130 with value: 0.0812772810459137.
[I 2024-12-15 22:45:42,681] Trial 577 finished with value: 0.10903067886829376 and parameters: {'mlp_n_layers': 2, 'mlp_dim_00': 80, 'mlp_dim_01': 128, 'hidden_channels': 64, 'num_layers': 4, 'num_timesteps': 3, 'dropout': 0.1789176047149857, 'train_learning_rate': 0.004845147910804766, 'train_lr_reduce': 0.6}. Best is trial 130 with value: 0.0812772810459137.
[I 2024-12-15 22:45:43,910] Trial 579 finished with value: 0.1287243515253067 and parameters: {'mlp_n_layers': 2, 'mlp_dim_00': 208, 'mlp_dim_01': 176, 'hidden_channels': 208, 'num_layers': 2, 'num_timesteps': 1, 'dropout': 0.2771099516404363, 'train_learning_rate': 0.006240131930682377, 'train_lr_reduce': 0.6}. Best is trial 130 with value: 0.0812772810459137.
[I 2024-12-15 22:45:49,358] Trial 578 finished with value: 0.11451703310012817 and parameters: {'mlp_n_layers': 4, 'mlp_dim_00': 256, 'mlp_dim_01': 176, 'mlp_dim_02': 112, 'mlp_dim_03': 64, 'hidden_channels': 48, 'num_layers': 1, 'num_timesteps': 2, 'dropout': 0.1699814339515925, 'train_learning_rate': 0.0008196728613711642, 'train_lr_reduce': 0.6}. Best is trial 130 with value: 0.0812772810459137.
[I 2024-12-15 22:46:00,756] Trial 580 finished with value: 0.16651342809200287 and parameters: {'mlp_n_layers': 3, 'mlp_dim_00': 256, 'mlp_dim_01': 144, 'mlp_dim_02': 160, 'hidden_channels': 240, 'num_layers': 3, 'num_timesteps': 1, 'dropout': 0.2647472033855082, 'train_learning_rate': 0.0062358344861439974, 'train_lr_reduce': 0.6}. Best is trial 130 with value: 0.0812772810459137.
[I 2024-12-15 22:46:05,072] Trial 582 finished with value: 0.12016431242227554 and parameters: {'mlp_n_layers': 2, 'mlp_dim_00': 224, 'mlp_dim_01': 128, 'hidden_channels': 256, 'num_layers': 3, 'num_timesteps': 2, 'dropout': 0.21980345820359765, 'train_learning_rate': 0.007192025865126037, 'train_lr_reduce': 0.6}. Best is trial 130 with value: 0.0812772810459137.
[I 2024-12-15 22:46:07,415] Trial 581 finished with value: 0.12585854530334473 and parameters: {'mlp_n_layers': 3, 'mlp_dim_00': 112, 'mlp_dim_01': 80, 'mlp_dim_02': 256, 'hidden_channels': 32, 'num_layers': 4, 'num_timesteps': 3, 'dropout': 0.23566254027838685, 'train_learning_rate': 0.0017127377028364307, 'train_lr_reduce': 0.6}. Best is trial 130 with value: 0.0812772810459137.
