Seed set to 42
[I 2024-12-19 07:34:59,713] A new study created in RDB with name: megnet_Pc_megnet
[I 2024-12-19 07:35:12,796] Trial 0 finished with value: 1.1420457363128662 and parameters: {'mlp_n_layers': 2, 'mlp_dim_00': 325, 'mlp_dim_01': 207, 'node_hidden_dim': 103, 'edge_hidden_dim': 91, 'depth': 4, 'rep_dropout': 0.16659110816384268, 'train_learning_rate': 0.00021886192777558104, 'train_lr_reduce': 0.6}. Best is trial 0 with value: 1.1420457363128662.
[I 2024-12-19 07:35:12,811] Trial 2 finished with value: 1.1425361633300781 and parameters: {'mlp_n_layers': 2, 'mlp_dim_00': 280, 'mlp_dim_01': 116, 'node_hidden_dim': 81, 'edge_hidden_dim': 98, 'depth': 2, 'rep_dropout': 0.23663874791732162, 'train_learning_rate': 0.00020508109134153104, 'train_lr_reduce': 0.6}. Best is trial 0 with value: 1.1420457363128662.
[I 2024-12-19 07:35:13,345] Trial 1 finished with value: 1.142114520072937 and parameters: {'mlp_n_layers': 4, 'mlp_dim_00': 317, 'mlp_dim_01': 154, 'mlp_dim_02': 228, 'mlp_dim_03': 316, 'node_hidden_dim': 45, 'edge_hidden_dim': 55, 'depth': 2, 'rep_dropout': 0.1743539215228664, 'train_learning_rate': 0.0005016464570499538, 'train_lr_reduce': 0.6}. Best is trial 0 with value: 1.1420457363128662.
[I 2024-12-19 07:35:19,612] Trial 3 finished with value: 1.1457613706588745 and parameters: {'mlp_n_layers': 3, 'mlp_dim_00': 105, 'mlp_dim_01': 201, 'mlp_dim_02': 83, 'node_hidden_dim': 111, 'edge_hidden_dim': 114, 'depth': 4, 'rep_dropout': 0.005587900279090979, 'train_learning_rate': 0.008498940897091632, 'train_lr_reduce': 0.6}. Best is trial 0 with value: 1.1420457363128662.
[I 2024-12-19 07:35:20,393] Trial 5 finished with value: 1.1425707340240479 and parameters: {'mlp_n_layers': 3, 'mlp_dim_00': 156, 'mlp_dim_01': 86, 'mlp_dim_02': 368, 'node_hidden_dim': 89, 'edge_hidden_dim': 128, 'depth': 4, 'rep_dropout': 0.19700999677389738, 'train_learning_rate': 0.0003359993044756223, 'train_lr_reduce': 0.6}. Best is trial 0 with value: 1.1420457363128662.
[I 2024-12-19 07:35:20,405] Trial 4 finished with value: 1.1455695629119873 and parameters: {'mlp_n_layers': 4, 'mlp_dim_00': 375, 'mlp_dim_01': 364, 'mlp_dim_02': 146, 'mlp_dim_03': 509, 'node_hidden_dim': 101, 'edge_hidden_dim': 121, 'depth': 3, 'rep_dropout': 0.1835317680876869, 'train_learning_rate': 0.001324561161645197, 'train_lr_reduce': 0.6}. Best is trial 0 with value: 1.1420457363128662.
[I 2024-12-19 07:35:25,774] Trial 6 finished with value: 1.142067313194275 and parameters: {'mlp_n_layers': 2, 'mlp_dim_00': 103, 'mlp_dim_01': 135, 'node_hidden_dim': 70, 'edge_hidden_dim': 49, 'depth': 4, 'rep_dropout': 0.1109896093038103, 'train_learning_rate': 0.0002898935986022151, 'train_lr_reduce': 0.6}. Best is trial 0 with value: 1.1420457363128662.
[I 2024-12-19 07:35:26,494] Trial 7 finished with value: 1.1504267454147339 and parameters: {'mlp_n_layers': 3, 'mlp_dim_00': 84, 'mlp_dim_01': 350, 'mlp_dim_02': 329, 'node_hidden_dim': 35, 'edge_hidden_dim': 78, 'depth': 4, 'rep_dropout': 0.06588469021121202, 'train_learning_rate': 0.0012896423773490085, 'train_lr_reduce': 0.6}. Best is trial 0 with value: 1.1420457363128662.
[I 2024-12-19 07:35:27,527] Trial 8 finished with value: 1.142098069190979 and parameters: {'mlp_n_layers': 2, 'mlp_dim_00': 76, 'mlp_dim_01': 415, 'node_hidden_dim': 99, 'edge_hidden_dim': 33, 'depth': 4, 'rep_dropout': 0.1397288894007018, 'train_learning_rate': 0.000820717234846567, 'train_lr_reduce': 0.6}. Best is trial 0 with value: 1.1420457363128662.
[I 2024-12-19 07:35:31,940] Trial 9 finished with value: 1.1560906171798706 and parameters: {'mlp_n_layers': 2, 'mlp_dim_00': 388, 'mlp_dim_01': 398, 'node_hidden_dim': 41, 'edge_hidden_dim': 62, 'depth': 3, 'rep_dropout': 0.03626966080250965, 'train_learning_rate': 0.006760187618407139, 'train_lr_reduce': 0.6}. Best is trial 0 with value: 1.1420457363128662.
[I 2024-12-19 07:35:32,151] Trial 10 finished with value: 1.1441444158554077 and parameters: {'mlp_n_layers': 3, 'mlp_dim_00': 160, 'mlp_dim_01': 486, 'mlp_dim_02': 350, 'node_hidden_dim': 49, 'edge_hidden_dim': 89, 'depth': 2, 'rep_dropout': 0.1476469590460846, 'train_learning_rate': 0.0018118532649141633, 'train_lr_reduce': 0.6}. Best is trial 0 with value: 1.1420457363128662.
[I 2024-12-19 07:35:34,804] Trial 11 finished with value: 1.142263412475586 and parameters: {'mlp_n_layers': 2, 'mlp_dim_00': 166, 'mlp_dim_01': 81, 'node_hidden_dim': 120, 'edge_hidden_dim': 50, 'depth': 3, 'rep_dropout': 0.054548558498326266, 'train_learning_rate': 0.0003283208208427869, 'train_lr_reduce': 0.6}. Best is trial 0 with value: 1.1420457363128662.
[I 2024-12-19 07:35:39,016] Trial 13 finished with value: 1.1421147584915161 and parameters: {'mlp_n_layers': 2, 'mlp_dim_00': 433, 'mlp_dim_01': 168, 'node_hidden_dim': 89, 'edge_hidden_dim': 90, 'depth': 4, 'rep_dropout': 0.11251370809032189, 'train_learning_rate': 0.0002828400373238681, 'train_lr_reduce': 0.6}. Best is trial 0 with value: 1.1420457363128662.
[I 2024-12-19 07:35:41,476] Trial 12 finished with value: 1.1422005891799927 and parameters: {'mlp_n_layers': 2, 'mlp_dim_00': 136, 'mlp_dim_01': 140, 'node_hidden_dim': 64, 'edge_hidden_dim': 40, 'depth': 4, 'rep_dropout': 0.08834148087418534, 'train_learning_rate': 0.00011283909112397704, 'train_lr_reduce': 0.6}. Best is trial 0 with value: 1.1420457363128662.
[I 2024-12-19 07:35:42,293] Trial 14 finished with value: 1.1418743133544922 and parameters: {'mlp_n_layers': 2, 'mlp_dim_00': 109, 'mlp_dim_01': 79, 'node_hidden_dim': 63, 'edge_hidden_dim': 54, 'depth': 4, 'rep_dropout': 0.16342897523717603, 'train_learning_rate': 0.0010118554993625245, 'train_lr_reduce': 0.6}. Best is trial 14 with value: 1.1418743133544922.
[I 2024-12-19 07:35:47,068] Trial 16 finished with value: 1.1417821645736694 and parameters: {'mlp_n_layers': 2, 'mlp_dim_00': 164, 'mlp_dim_01': 263, 'node_hidden_dim': 65, 'edge_hidden_dim': 38, 'depth': 3, 'rep_dropout': 0.07747680509344095, 'train_learning_rate': 0.001439377662178119, 'train_lr_reduce': 0.6}. Best is trial 16 with value: 1.1417821645736694.
[I 2024-12-19 07:35:47,163] Trial 15 finished with value: 1.142250418663025 and parameters: {'mlp_n_layers': 2, 'mlp_dim_00': 274, 'mlp_dim_01': 272, 'node_hidden_dim': 117, 'edge_hidden_dim': 87, 'depth': 4, 'rep_dropout': 0.22258104985274071, 'train_learning_rate': 0.00011833004567549838, 'train_lr_reduce': 0.6}. Best is trial 16 with value: 1.1417821645736694.
[I 2024-12-19 07:35:51,010] Trial 17 finished with value: 1.166121244430542 and parameters: {'mlp_n_layers': 2, 'mlp_dim_00': 134, 'mlp_dim_01': 124, 'node_hidden_dim': 49, 'edge_hidden_dim': 94, 'depth': 4, 'rep_dropout': 0.11654388807065598, 'train_learning_rate': 0.002888071467996112, 'train_lr_reduce': 0.6}. Best is trial 16 with value: 1.1417821645736694.
[I 2024-12-19 07:35:52,527] Trial 18 finished with value: 1.1420717239379883 and parameters: {'mlp_n_layers': 2, 'mlp_dim_00': 227, 'mlp_dim_01': 162, 'node_hidden_dim': 50, 'edge_hidden_dim': 61, 'depth': 4, 'rep_dropout': 0.20257523662499086, 'train_learning_rate': 0.0009892019256089312, 'train_lr_reduce': 0.6}. Best is trial 16 with value: 1.1417821645736694.
[I 2024-12-19 07:35:52,926] Trial 19 finished with value: 1.1449673175811768 and parameters: {'mlp_n_layers': 2, 'mlp_dim_00': 131, 'mlp_dim_01': 138, 'node_hidden_dim': 85, 'edge_hidden_dim': 33, 'depth': 4, 'rep_dropout': 0.20773980733610437, 'train_learning_rate': 0.004125761837800097, 'train_lr_reduce': 0.6}. Best is trial 16 with value: 1.1417821645736694.
[I 2024-12-19 07:35:57,316] Trial 20 finished with value: 1.1442079544067383 and parameters: {'mlp_n_layers': 2, 'mlp_dim_00': 194, 'mlp_dim_01': 206, 'node_hidden_dim': 46, 'edge_hidden_dim': 32, 'depth': 3, 'rep_dropout': 0.09485591811939546, 'train_learning_rate': 0.0022449633938984113, 'train_lr_reduce': 0.6}. Best is trial 16 with value: 1.1417821645736694.
[I 2024-12-19 07:35:57,834] Trial 21 finished with value: 1.145043969154358 and parameters: {'mlp_n_layers': 3, 'mlp_dim_00': 89, 'mlp_dim_01': 382, 'mlp_dim_02': 470, 'node_hidden_dim': 85, 'edge_hidden_dim': 57, 'depth': 2, 'rep_dropout': 0.08987806829663977, 'train_learning_rate': 0.0011802321158521402, 'train_lr_reduce': 0.6}. Best is trial 16 with value: 1.1417821645736694.
[I 2024-12-19 07:36:00,083] Trial 22 finished with value: 1.142231822013855 and parameters: {'mlp_n_layers': 3, 'mlp_dim_00': 346, 'mlp_dim_01': 143, 'mlp_dim_02': 493, 'node_hidden_dim': 66, 'edge_hidden_dim': 45, 'depth': 3, 'rep_dropout': 0.016430176154000428, 'train_learning_rate': 0.0002551970345903717, 'train_lr_reduce': 0.6}. Best is trial 16 with value: 1.1417821645736694.
[I 2024-12-19 07:36:03,092] Trial 24 finished with value: 1.143202781677246 and parameters: {'mlp_n_layers': 2, 'mlp_dim_00': 76, 'mlp_dim_01': 341, 'node_hidden_dim': 78, 'edge_hidden_dim': 49, 'depth': 3, 'rep_dropout': 0.04045956410684464, 'train_learning_rate': 0.001432163584539646, 'train_lr_reduce': 0.6}. Best is trial 16 with value: 1.1417821645736694.
[I 2024-12-19 07:36:04,004] Trial 23 finished with value: 1.1423373222351074 and parameters: {'mlp_n_layers': 2, 'mlp_dim_00': 143, 'mlp_dim_01': 218, 'node_hidden_dim': 58, 'edge_hidden_dim': 56, 'depth': 2, 'rep_dropout': 0.05475804545916835, 'train_learning_rate': 0.00036834649726400257, 'train_lr_reduce': 0.6}. Best is trial 16 with value: 1.1417821645736694.
[I 2024-12-19 07:36:06,295] Trial 25 finished with value: 1.1473650932312012 and parameters: {'mlp_n_layers': 2, 'mlp_dim_00': 239, 'mlp_dim_01': 321, 'node_hidden_dim': 90, 'edge_hidden_dim': 107, 'depth': 4, 'rep_dropout': 0.14233629320405922, 'train_learning_rate': 0.0009748977645290841, 'train_lr_reduce': 0.6}. Best is trial 16 with value: 1.1417821645736694.
[I 2024-12-19 07:36:08,847] Trial 26 finished with value: 1.1422147750854492 and parameters: {'mlp_n_layers': 3, 'mlp_dim_00': 274, 'mlp_dim_01': 226, 'mlp_dim_02': 228, 'node_hidden_dim': 88, 'edge_hidden_dim': 48, 'depth': 3, 'rep_dropout': 0.10024833100083301, 'train_learning_rate': 0.005617828360151161, 'train_lr_reduce': 0.6}. Best is trial 16 with value: 1.1417821645736694.
[I 2024-12-19 07:36:11,595] Trial 27 finished with value: 1.141886591911316 and parameters: {'mlp_n_layers': 2, 'mlp_dim_00': 64, 'mlp_dim_01': 107, 'node_hidden_dim': 93, 'edge_hidden_dim': 81, 'depth': 4, 'rep_dropout': 0.20204101325924112, 'train_learning_rate': 0.0009061852541129047, 'train_lr_reduce': 0.6}. Best is trial 16 with value: 1.1417821645736694.
[I 2024-12-19 07:36:14,911] Trial 29 finished with value: 1.142279863357544 and parameters: {'mlp_n_layers': 3, 'mlp_dim_00': 246, 'mlp_dim_01': 220, 'mlp_dim_02': 268, 'node_hidden_dim': 121, 'edge_hidden_dim': 85, 'depth': 4, 'rep_dropout': 0.15147442285045418, 'train_learning_rate': 0.000993773921675071, 'train_lr_reduce': 0.6}. Best is trial 16 with value: 1.1417821645736694.
[I 2024-12-19 07:36:15,905] Trial 28 finished with value: 1.1420942544937134 and parameters: {'mlp_n_layers': 3, 'mlp_dim_00': 433, 'mlp_dim_01': 91, 'mlp_dim_02': 95, 'node_hidden_dim': 121, 'edge_hidden_dim': 104, 'depth': 4, 'rep_dropout': 0.1979997729268454, 'train_learning_rate': 0.00015036292854794125, 'train_lr_reduce': 0.6}. Best is trial 16 with value: 1.1417821645736694.
[I 2024-12-19 07:36:18,628] Trial 30 finished with value: 1.1420834064483643 and parameters: {'mlp_n_layers': 2, 'mlp_dim_00': 81, 'mlp_dim_01': 98, 'node_hidden_dim': 57, 'edge_hidden_dim': 75, 'depth': 3, 'rep_dropout': 0.16456600495808915, 'train_learning_rate': 0.0008377696714483095, 'train_lr_reduce': 0.6}. Best is trial 16 with value: 1.1417821645736694.
[I 2024-12-19 07:36:21,157] Trial 31 finished with value: 1.1442476511001587 and parameters: {'mlp_n_layers': 2, 'mlp_dim_00': 258, 'mlp_dim_01': 83, 'node_hidden_dim': 113, 'edge_hidden_dim': 96, 'depth': 4, 'rep_dropout': 0.23342542181323953, 'train_learning_rate': 0.0015922030542348373, 'train_lr_reduce': 0.6}. Best is trial 16 with value: 1.1417821645736694.
[I 2024-12-19 07:36:21,957] Trial 32 finished with value: 1.1431103944778442 and parameters: {'mlp_n_layers': 2, 'mlp_dim_00': 271, 'mlp_dim_01': 336, 'node_hidden_dim': 66, 'edge_hidden_dim': 63, 'depth': 4, 'rep_dropout': 0.09632234691163066, 'train_learning_rate': 0.0007086133586858067, 'train_lr_reduce': 0.6}. Best is trial 16 with value: 1.1417821645736694.
[I 2024-12-19 07:36:25,730] Trial 33 finished with value: 1.1424325704574585 and parameters: {'mlp_n_layers': 3, 'mlp_dim_00': 85, 'mlp_dim_01': 139, 'mlp_dim_02': 418, 'node_hidden_dim': 80, 'edge_hidden_dim': 79, 'depth': 4, 'rep_dropout': 0.14671971870132922, 'train_learning_rate': 0.0012266109129991894, 'train_lr_reduce': 0.6}. Best is trial 16 with value: 1.1417821645736694.
[I 2024-12-19 07:36:26,303] Trial 34 finished with value: 1.1424639225006104 and parameters: {'mlp_n_layers': 2, 'mlp_dim_00': 232, 'mlp_dim_01': 334, 'node_hidden_dim': 70, 'edge_hidden_dim': 38, 'depth': 2, 'rep_dropout': 0.1414745174374032, 'train_learning_rate': 0.0008905852876351622, 'train_lr_reduce': 0.6}. Best is trial 16 with value: 1.1417821645736694.
[I 2024-12-19 07:36:28,683] Trial 35 finished with value: 1.1422418355941772 and parameters: {'mlp_n_layers': 2, 'mlp_dim_00': 184, 'mlp_dim_01': 144, 'node_hidden_dim': 91, 'edge_hidden_dim': 77, 'depth': 4, 'rep_dropout': 0.17691109539324357, 'train_learning_rate': 0.0004013851429708345, 'train_lr_reduce': 0.6}. Best is trial 16 with value: 1.1417821645736694.
[I 2024-12-19 07:36:31,989] Trial 37 finished with value: 1.1433786153793335 and parameters: {'mlp_n_layers': 3, 'mlp_dim_00': 127, 'mlp_dim_01': 64, 'mlp_dim_02': 508, 'node_hidden_dim': 63, 'edge_hidden_dim': 57, 'depth': 4, 'rep_dropout': 0.1377990714990084, 'train_learning_rate': 0.0023533187147807646, 'train_lr_reduce': 0.6}. Best is trial 16 with value: 1.1417821645736694.
[I 2024-12-19 07:36:32,728] Trial 36 finished with value: 1.142562985420227 and parameters: {'mlp_n_layers': 2, 'mlp_dim_00': 87, 'mlp_dim_01': 124, 'node_hidden_dim': 97, 'edge_hidden_dim': 65, 'depth': 4, 'rep_dropout': 0.16609950679076366, 'train_learning_rate': 0.0017893930176566617, 'train_lr_reduce': 0.6}. Best is trial 16 with value: 1.1417821645736694.
[I 2024-12-19 07:36:34,888] Trial 38 finished with value: 1.1420952081680298 and parameters: {'mlp_n_layers': 2, 'mlp_dim_00': 110, 'mlp_dim_01': 200, 'node_hidden_dim': 62, 'edge_hidden_dim': 40, 'depth': 4, 'rep_dropout': 0.17281663277954012, 'train_learning_rate': 0.0006991990639919641, 'train_lr_reduce': 0.6}. Best is trial 16 with value: 1.1417821645736694.
[I 2024-12-19 07:36:37,419] Trial 39 finished with value: 1.142368197441101 and parameters: {'mlp_n_layers': 2, 'mlp_dim_00': 227, 'mlp_dim_01': 296, 'node_hidden_dim': 81, 'edge_hidden_dim': 33, 'depth': 3, 'rep_dropout': 0.042982566132603754, 'train_learning_rate': 0.0017633556912637878, 'train_lr_reduce': 0.6}. Best is trial 16 with value: 1.1417821645736694.
[I 2024-12-19 07:36:39,756] Trial 40 finished with value: 1.1423908472061157 and parameters: {'mlp_n_layers': 2, 'mlp_dim_00': 69, 'mlp_dim_01': 121, 'node_hidden_dim': 104, 'edge_hidden_dim': 97, 'depth': 4, 'rep_dropout': 0.20113954810128984, 'train_learning_rate': 0.0011614407783853149, 'train_lr_reduce': 0.6}. Best is trial 16 with value: 1.1417821645736694.
[I 2024-12-19 07:36:41,052] Trial 41 finished with value: 1.1466295719146729 and parameters: {'mlp_n_layers': 2, 'mlp_dim_00': 106, 'mlp_dim_01': 85, 'node_hidden_dim': 62, 'edge_hidden_dim': 83, 'depth': 4, 'rep_dropout': 0.24755748861770238, 'train_learning_rate': 0.0017352395465738857, 'train_lr_reduce': 0.6}. Best is trial 16 with value: 1.1417821645736694.
[I 2024-12-19 07:36:44,213] Trial 42 finished with value: 1.1424027681350708 and parameters: {'mlp_n_layers': 2, 'mlp_dim_00': 89, 'mlp_dim_01': 111, 'node_hidden_dim': 91, 'edge_hidden_dim': 73, 'depth': 4, 'rep_dropout': 0.2378072590019955, 'train_learning_rate': 0.0003508403113873159, 'train_lr_reduce': 0.6}. Best is trial 16 with value: 1.1417821645736694.
[I 2024-12-19 07:36:47,201] Trial 43 finished with value: 1.1418904066085815 and parameters: {'mlp_n_layers': 2, 'mlp_dim_00': 193, 'mlp_dim_01': 148, 'node_hidden_dim': 65, 'edge_hidden_dim': 49, 'depth': 4, 'rep_dropout': 0.12650344364248597, 'train_learning_rate': 0.0004408914406644627, 'train_lr_reduce': 0.6}. Best is trial 16 with value: 1.1417821645736694.
[I 2024-12-19 07:36:47,205] Trial 44 finished with value: 1.1424846649169922 and parameters: {'mlp_n_layers': 2, 'mlp_dim_00': 326, 'mlp_dim_01': 117, 'node_hidden_dim': 120, 'edge_hidden_dim': 67, 'depth': 3, 'rep_dropout': 0.17705008130536254, 'train_learning_rate': 0.0002759161975301954, 'train_lr_reduce': 0.6}. Best is trial 16 with value: 1.1417821645736694.
[I 2024-12-19 07:36:50,456] Trial 45 finished with value: 1.1420694589614868 and parameters: {'mlp_n_layers': 2, 'mlp_dim_00': 119, 'mlp_dim_01': 91, 'node_hidden_dim': 83, 'edge_hidden_dim': 59, 'depth': 3, 'rep_dropout': 0.056274489084354506, 'train_learning_rate': 0.0004991621523061755, 'train_lr_reduce': 0.6}. Best is trial 16 with value: 1.1417821645736694.
[I 2024-12-19 07:36:53,545] Trial 47 finished with value: 1.1420519351959229 and parameters: {'mlp_n_layers': 2, 'mlp_dim_00': 162, 'mlp_dim_01': 85, 'node_hidden_dim': 39, 'edge_hidden_dim': 46, 'depth': 4, 'rep_dropout': 0.17172039833294794, 'train_learning_rate': 0.0008334910911860138, 'train_lr_reduce': 0.6}. Best is trial 16 with value: 1.1417821645736694.
[I 2024-12-19 07:36:56,191] Trial 48 finished with value: 1.143165946006775 and parameters: {'mlp_n_layers': 2, 'mlp_dim_00': 303, 'mlp_dim_01': 100, 'node_hidden_dim': 83, 'edge_hidden_dim': 42, 'depth': 4, 'rep_dropout': 0.15195381171679095, 'train_learning_rate': 0.001085606971299745, 'train_lr_reduce': 0.6}. Best is trial 16 with value: 1.1417821645736694.
[I 2024-12-19 07:36:56,381] Trial 46 finished with value: 1.1420179605484009 and parameters: {'mlp_n_layers': 3, 'mlp_dim_00': 267, 'mlp_dim_01': 87, 'mlp_dim_02': 165, 'node_hidden_dim': 55, 'edge_hidden_dim': 62, 'depth': 4, 'rep_dropout': 0.1492487278658217, 'train_learning_rate': 0.0002080747602752037, 'train_lr_reduce': 0.6}. Best is trial 16 with value: 1.1417821645736694.
[I 2024-12-19 07:36:59,853] Trial 49 finished with value: 1.142278790473938 and parameters: {'mlp_n_layers': 2, 'mlp_dim_00': 158, 'mlp_dim_01': 256, 'node_hidden_dim': 51, 'edge_hidden_dim': 32, 'depth': 4, 'rep_dropout': 0.052670604299893654, 'train_learning_rate': 0.0007716018570021414, 'train_lr_reduce': 0.6}. Best is trial 16 with value: 1.1417821645736694.
[I 2024-12-19 07:37:06,205] Trial 50 finished with value: 1.1419575214385986 and parameters: {'mlp_n_layers': 4, 'mlp_dim_00': 190, 'mlp_dim_01': 82, 'mlp_dim_02': 179, 'mlp_dim_03': 67, 'node_hidden_dim': 60, 'edge_hidden_dim': 46, 'depth': 4, 'rep_dropout': 0.14466822800490528, 'train_learning_rate': 0.0001713711042298775, 'train_lr_reduce': 0.6}. Best is trial 16 with value: 1.1417821645736694.
[I 2024-12-19 07:37:06,761] Trial 52 finished with value: 1.1421693563461304 and parameters: {'mlp_n_layers': 3, 'mlp_dim_00': 386, 'mlp_dim_01': 141, 'mlp_dim_02': 215, 'node_hidden_dim': 45, 'edge_hidden_dim': 89, 'depth': 4, 'rep_dropout': 0.0957496871862088, 'train_learning_rate': 0.00032869477909124555, 'train_lr_reduce': 0.6}. Best is trial 16 with value: 1.1417821645736694.
[I 2024-12-19 07:37:06,999] Trial 51 finished with value: 1.1419349908828735 and parameters: {'mlp_n_layers': 3, 'mlp_dim_00': 269, 'mlp_dim_01': 118, 'mlp_dim_02': 67, 'node_hidden_dim': 61, 'edge_hidden_dim': 69, 'depth': 4, 'rep_dropout': 0.1633482723085571, 'train_learning_rate': 0.00017259449605981758, 'train_lr_reduce': 0.6}. Best is trial 16 with value: 1.1417821645736694.
[I 2024-12-19 07:37:16,618] Trial 53 finished with value: 1.1419285535812378 and parameters: {'mlp_n_layers': 4, 'mlp_dim_00': 147, 'mlp_dim_01': 244, 'mlp_dim_02': 167, 'mlp_dim_03': 65, 'node_hidden_dim': 44, 'edge_hidden_dim': 57, 'depth': 4, 'rep_dropout': 0.20008173336501142, 'train_learning_rate': 0.0001815701774442783, 'train_lr_reduce': 0.6}. Best is trial 16 with value: 1.1417821645736694.
[I 2024-12-19 07:37:19,317] Trial 54 finished with value: 1.1418588161468506 and parameters: {'mlp_n_layers': 4, 'mlp_dim_00': 114, 'mlp_dim_01': 99, 'mlp_dim_02': 80, 'mlp_dim_03': 187, 'node_hidden_dim': 51, 'edge_hidden_dim': 59, 'depth': 4, 'rep_dropout': 0.06620597811941005, 'train_learning_rate': 0.00013612103683227443, 'train_lr_reduce': 0.6}. Best is trial 16 with value: 1.1417821645736694.
[I 2024-12-19 07:37:23,145] Trial 56 finished with value: 1.1426591873168945 and parameters: {'mlp_n_layers': 4, 'mlp_dim_00': 138, 'mlp_dim_01': 287, 'mlp_dim_02': 154, 'mlp_dim_03': 224, 'node_hidden_dim': 42, 'edge_hidden_dim': 47, 'depth': 4, 'rep_dropout': 0.2429175610756817, 'train_learning_rate': 0.0007097194810521312, 'train_lr_reduce': 0.6}. Best is trial 16 with value: 1.1417821645736694.
[I 2024-12-19 07:37:25,471] Trial 55 finished with value: 1.1414035558700562 and parameters: {'mlp_n_layers': 4, 'mlp_dim_00': 100, 'mlp_dim_01': 92, 'mlp_dim_02': 67, 'mlp_dim_03': 70, 'node_hidden_dim': 52, 'edge_hidden_dim': 34, 'depth': 4, 'rep_dropout': 0.11867735528566756, 'train_learning_rate': 0.0001079178121049788, 'train_lr_reduce': 0.6}. Best is trial 55 with value: 1.1414035558700562.
[I 2024-12-19 07:37:27,090] Trial 57 finished with value: 1.142372488975525 and parameters: {'mlp_n_layers': 4, 'mlp_dim_00': 66, 'mlp_dim_01': 188, 'mlp_dim_02': 152, 'mlp_dim_03': 196, 'node_hidden_dim': 65, 'edge_hidden_dim': 83, 'depth': 4, 'rep_dropout': 0.0907286864127106, 'train_learning_rate': 0.0004057641007290213, 'train_lr_reduce': 0.6}. Best is trial 55 with value: 1.1414035558700562.
