[I 2024-12-19 07:40:17,416] Trial 166 finished with value: 1.3985915184020996 and parameters: {'mlp_n_layers': 4, 'mlp_dim_00': 446, 'mlp_dim_01': 209, 'mlp_dim_02': 354, 'mlp_dim_03': 297, 'node_hidden_dim': 127, 'edge_hidden_dim': 33, 'depth': 2, 'rep_dropout': 0.05155745397508997, 'train_learning_rate': 0.0028408488987693844, 'train_lr_reduce': 0.6}. Best is trial 156 with value: 0.33254924416542053.
[I 2024-12-19 07:40:20,580] Trial 168 finished with value: 1.3368453979492188 and parameters: {'mlp_n_layers': 3, 'mlp_dim_00': 458, 'mlp_dim_01': 371, 'mlp_dim_02': 304, 'node_hidden_dim': 116, 'edge_hidden_dim': 69, 'depth': 2, 'rep_dropout': 0.18612013995555687, 'train_learning_rate': 0.0038618937284116395, 'train_lr_reduce': 0.6}. Best is trial 156 with value: 0.33254924416542053.
[I 2024-12-19 07:40:21,332] Trial 170 finished with value: 1.2894278764724731 and parameters: {'mlp_n_layers': 3, 'mlp_dim_00': 465, 'mlp_dim_01': 316, 'mlp_dim_02': 307, 'node_hidden_dim': 109, 'edge_hidden_dim': 71, 'depth': 2, 'rep_dropout': 0.09494072250468999, 'train_learning_rate': 0.00472807159775864, 'train_lr_reduce': 0.6}. Best is trial 156 with value: 0.33254924416542053.
[I 2024-12-19 07:40:24,493] Trial 171 finished with value: 1.4777523279190063 and parameters: {'mlp_n_layers': 3, 'mlp_dim_00': 362, 'mlp_dim_01': 186, 'mlp_dim_02': 222, 'node_hidden_dim': 120, 'edge_hidden_dim': 118, 'depth': 2, 'rep_dropout': 0.2048860995978947, 'train_learning_rate': 0.0020110925640219597, 'train_lr_reduce': 0.6}. Best is trial 156 with value: 0.33254924416542053.
[I 2024-12-19 07:40:25,495] Trial 172 finished with value: 1.3933889865875244 and parameters: {'mlp_n_layers': 4, 'mlp_dim_00': 249, 'mlp_dim_01': 135, 'mlp_dim_02': 248, 'mlp_dim_03': 250, 'node_hidden_dim': 123, 'edge_hidden_dim': 60, 'depth': 2, 'rep_dropout': 0.11052456379762822, 'train_learning_rate': 0.003895287012638631, 'train_lr_reduce': 0.6}. Best is trial 156 with value: 0.33254924416542053.
[I 2024-12-19 07:40:28,716] Trial 173 finished with value: 1.2833855152130127 and parameters: {'mlp_n_layers': 2, 'mlp_dim_00': 312, 'mlp_dim_01': 183, 'node_hidden_dim': 117, 'edge_hidden_dim': 75, 'depth': 2, 'rep_dropout': 0.0052170792027438915, 'train_learning_rate': 0.003301826910065263, 'train_lr_reduce': 0.6}. Best is trial 156 with value: 0.33254924416542053.
[I 2024-12-19 07:40:30,235] Trial 174 finished with value: 1.3132575750350952 and parameters: {'mlp_n_layers': 3, 'mlp_dim_00': 485, 'mlp_dim_01': 381, 'mlp_dim_02': 292, 'node_hidden_dim': 127, 'edge_hidden_dim': 106, 'depth': 2, 'rep_dropout': 0.15338469768159402, 'train_learning_rate': 0.006488786607354649, 'train_lr_reduce': 0.6}. Best is trial 156 with value: 0.33254924416542053.
[I 2024-12-19 07:40:30,723] Trial 169 finished with value: 0.4282156527042389 and parameters: {'mlp_n_layers': 4, 'mlp_dim_00': 280, 'mlp_dim_01': 105, 'mlp_dim_02': 398, 'mlp_dim_03': 271, 'node_hidden_dim': 116, 'edge_hidden_dim': 65, 'depth': 2, 'rep_dropout': 0.0301672474134125, 'train_learning_rate': 0.0033375571290848037, 'train_lr_reduce': 0.6}. Best is trial 156 with value: 0.33254924416542053.
[I 2024-12-19 07:40:32,872] Trial 175 finished with value: 1.301781177520752 and parameters: {'mlp_n_layers': 2, 'mlp_dim_00': 333, 'mlp_dim_01': 136, 'node_hidden_dim': 127, 'edge_hidden_dim': 86, 'depth': 2, 'rep_dropout': 0.035640873305821774, 'train_learning_rate': 0.005130950359927097, 'train_lr_reduce': 0.6}. Best is trial 156 with value: 0.33254924416542053.
[I 2024-12-19 07:40:34,593] Trial 176 finished with value: 1.5603673458099365 and parameters: {'mlp_n_layers': 4, 'mlp_dim_00': 497, 'mlp_dim_01': 106, 'mlp_dim_02': 444, 'mlp_dim_03': 310, 'node_hidden_dim': 126, 'edge_hidden_dim': 34, 'depth': 2, 'rep_dropout': 0.17718399574640853, 'train_learning_rate': 0.001404655242757911, 'train_lr_reduce': 0.6}. Best is trial 156 with value: 0.33254924416542053.
[I 2024-12-19 07:40:37,786] Trial 178 finished with value: 1.333078384399414 and parameters: {'mlp_n_layers': 3, 'mlp_dim_00': 510, 'mlp_dim_01': 331, 'mlp_dim_02': 393, 'node_hidden_dim': 114, 'edge_hidden_dim': 124, 'depth': 3, 'rep_dropout': 0.021794065012567934, 'train_learning_rate': 0.006119166753982549, 'train_lr_reduce': 0.6}. Best is trial 156 with value: 0.33254924416542053.
[I 2024-12-19 07:40:38,594] Trial 177 finished with value: 1.351589560508728 and parameters: {'mlp_n_layers': 4, 'mlp_dim_00': 237, 'mlp_dim_01': 74, 'mlp_dim_02': 465, 'mlp_dim_03': 283, 'node_hidden_dim': 115, 'edge_hidden_dim': 63, 'depth': 2, 'rep_dropout': 0.02135931995579306, 'train_learning_rate': 0.001561654938282821, 'train_lr_reduce': 0.6}. Best is trial 156 with value: 0.33254924416542053.
[I 2024-12-19 07:40:38,629] Trial 179 finished with value: 1.5182081460952759 and parameters: {'mlp_n_layers': 2, 'mlp_dim_00': 275, 'mlp_dim_01': 271, 'node_hidden_dim': 104, 'edge_hidden_dim': 93, 'depth': 2, 'rep_dropout': 0.008704205780257181, 'train_learning_rate': 0.0010006553517106227, 'train_lr_reduce': 0.6}. Best is trial 156 with value: 0.33254924416542053.
[I 2024-12-19 07:40:41,998] Trial 180 finished with value: 1.289129614830017 and parameters: {'mlp_n_layers': 4, 'mlp_dim_00': 386, 'mlp_dim_01': 287, 'mlp_dim_02': 389, 'mlp_dim_03': 256, 'node_hidden_dim': 109, 'edge_hidden_dim': 63, 'depth': 2, 'rep_dropout': 0.001879003899658722, 'train_learning_rate': 0.008623782889875956, 'train_lr_reduce': 0.6}. Best is trial 156 with value: 0.33254924416542053.
[I 2024-12-19 07:40:42,455] Trial 181 finished with value: 1.3806982040405273 and parameters: {'mlp_n_layers': 4, 'mlp_dim_00': 392, 'mlp_dim_01': 157, 'mlp_dim_02': 396, 'mlp_dim_03': 329, 'node_hidden_dim': 124, 'edge_hidden_dim': 73, 'depth': 2, 'rep_dropout': 0.029432476954687682, 'train_learning_rate': 0.003201509132787583, 'train_lr_reduce': 0.6}. Best is trial 156 with value: 0.33254924416542053.
[I 2024-12-19 07:40:46,289] Trial 184 finished with value: 1.4274994134902954 and parameters: {'mlp_n_layers': 2, 'mlp_dim_00': 212, 'mlp_dim_01': 267, 'node_hidden_dim': 113, 'edge_hidden_dim': 57, 'depth': 2, 'rep_dropout': 0.004040660639754354, 'train_learning_rate': 0.004204118849522196, 'train_lr_reduce': 0.6}. Best is trial 156 with value: 0.33254924416542053.
[I 2024-12-19 07:40:48,724] Trial 183 finished with value: 1.3194087743759155 and parameters: {'mlp_n_layers': 3, 'mlp_dim_00': 411, 'mlp_dim_01': 325, 'mlp_dim_02': 344, 'node_hidden_dim': 96, 'edge_hidden_dim': 126, 'depth': 4, 'rep_dropout': 0.06240847928495971, 'train_learning_rate': 0.0069242858990634145, 'train_lr_reduce': 0.6}. Best is trial 156 with value: 0.33254924416542053.
[I 2024-12-19 07:40:51,033] Trial 185 finished with value: 1.2995315790176392 and parameters: {'mlp_n_layers': 3, 'mlp_dim_00': 449, 'mlp_dim_01': 232, 'mlp_dim_02': 250, 'node_hidden_dim': 120, 'edge_hidden_dim': 86, 'depth': 3, 'rep_dropout': 0.0031261076998773214, 'train_learning_rate': 0.009076137768676289, 'train_lr_reduce': 0.6}. Best is trial 156 with value: 0.33254924416542053.
[I 2024-12-19 07:40:52,223] Trial 182 finished with value: 0.4125420153141022 and parameters: {'mlp_n_layers': 4, 'mlp_dim_00': 406, 'mlp_dim_01': 114, 'mlp_dim_02': 206, 'mlp_dim_03': 232, 'node_hidden_dim': 128, 'edge_hidden_dim': 51, 'depth': 2, 'rep_dropout': 0.11357938628389512, 'train_learning_rate': 0.0033194220732039614, 'train_lr_reduce': 0.6}. Best is trial 156 with value: 0.33254924416542053.
[I 2024-12-19 07:40:52,829] Trial 186 finished with value: 1.3463726043701172 and parameters: {'mlp_n_layers': 2, 'mlp_dim_00': 328, 'mlp_dim_01': 230, 'node_hidden_dim': 124, 'edge_hidden_dim': 68, 'depth': 2, 'rep_dropout': 0.05712914200845712, 'train_learning_rate': 0.00153754716729128, 'train_lr_reduce': 0.6}. Best is trial 156 with value: 0.33254924416542053.
[I 2024-12-19 07:40:55,347] Trial 187 finished with value: 1.4715498685836792 and parameters: {'mlp_n_layers': 3, 'mlp_dim_00': 453, 'mlp_dim_01': 316, 'mlp_dim_02': 313, 'node_hidden_dim': 122, 'edge_hidden_dim': 71, 'depth': 2, 'rep_dropout': 0.1301147415693107, 'train_learning_rate': 0.0013175876174501124, 'train_lr_reduce': 0.6}. Best is trial 156 with value: 0.33254924416542053.
[I 2024-12-19 07:40:56,167] Trial 188 finished with value: 1.4747369289398193 and parameters: {'mlp_n_layers': 4, 'mlp_dim_00': 302, 'mlp_dim_01': 174, 'mlp_dim_02': 180, 'mlp_dim_03': 236, 'node_hidden_dim': 106, 'edge_hidden_dim': 41, 'depth': 2, 'rep_dropout': 0.030619902770939577, 'train_learning_rate': 0.0021899740560345684, 'train_lr_reduce': 0.6}. Best is trial 156 with value: 0.33254924416542053.
[I 2024-12-19 07:40:56,744] Trial 189 finished with value: 1.3242214918136597 and parameters: {'mlp_n_layers': 2, 'mlp_dim_00': 309, 'mlp_dim_01': 133, 'node_hidden_dim': 109, 'edge_hidden_dim': 60, 'depth': 2, 'rep_dropout': 0.028749328686172616, 'train_learning_rate': 0.0019210849066541207, 'train_lr_reduce': 0.6}. Best is trial 156 with value: 0.33254924416542053.
[I 2024-12-19 07:40:59,422] Trial 190 finished with value: 1.3777443170547485 and parameters: {'mlp_n_layers': 4, 'mlp_dim_00': 326, 'mlp_dim_01': 118, 'mlp_dim_02': 203, 'mlp_dim_03': 236, 'node_hidden_dim': 127, 'edge_hidden_dim': 47, 'depth': 2, 'rep_dropout': 0.018520082784431714, 'train_learning_rate': 0.00409108794236488, 'train_lr_reduce': 0.6}. Best is trial 156 with value: 0.33254924416542053.
[I 2024-12-19 07:41:00,278] Trial 191 finished with value: 1.4131131172180176 and parameters: {'mlp_n_layers': 4, 'mlp_dim_00': 419, 'mlp_dim_01': 175, 'mlp_dim_02': 209, 'mlp_dim_03': 245, 'node_hidden_dim': 123, 'edge_hidden_dim': 58, 'depth': 2, 'rep_dropout': 0.08980677021584747, 'train_learning_rate': 0.009278815159740992, 'train_lr_reduce': 0.6}. Best is trial 156 with value: 0.33254924416542053.
[I 2024-12-19 07:41:01,878] Trial 192 finished with value: 1.5853320360183716 and parameters: {'mlp_n_layers': 3, 'mlp_dim_00': 386, 'mlp_dim_01': 90, 'mlp_dim_02': 204, 'node_hidden_dim': 84, 'edge_hidden_dim': 42, 'depth': 2, 'rep_dropout': 0.08490936701561191, 'train_learning_rate': 0.0001841669028687812, 'train_lr_reduce': 0.6}. Best is trial 156 with value: 0.33254924416542053.
[I 2024-12-19 07:41:02,964] Trial 193 finished with value: 1.309801697731018 and parameters: {'mlp_n_layers': 2, 'mlp_dim_00': 342, 'mlp_dim_01': 178, 'node_hidden_dim': 118, 'edge_hidden_dim': 74, 'depth': 2, 'rep_dropout': 0.005529735174254037, 'train_learning_rate': 0.0027944175602020137, 'train_lr_reduce': 0.6}. Best is trial 156 with value: 0.33254924416542053.
[I 2024-12-19 07:41:04,075] Trial 194 finished with value: 1.3927726745605469 and parameters: {'mlp_n_layers': 3, 'mlp_dim_00': 469, 'mlp_dim_01': 291, 'mlp_dim_02': 246, 'node_hidden_dim': 114, 'edge_hidden_dim': 127, 'depth': 2, 'rep_dropout': 0.15771357285530402, 'train_learning_rate': 0.0020303224131841806, 'train_lr_reduce': 0.6}. Best is trial 156 with value: 0.33254924416542053.
[I 2024-12-19 07:41:07,027] Trial 196 finished with value: 1.5500487089157104 and parameters: {'mlp_n_layers': 4, 'mlp_dim_00': 66, 'mlp_dim_01': 162, 'mlp_dim_02': 379, 'mlp_dim_03': 301, 'node_hidden_dim': 67, 'edge_hidden_dim': 128, 'depth': 2, 'rep_dropout': 0.21067236321111152, 'train_learning_rate': 0.0013940625268140236, 'train_lr_reduce': 0.6}. Best is trial 156 with value: 0.33254924416542053.
[I 2024-12-19 07:41:08,285] Trial 197 finished with value: 1.3935366868972778 and parameters: {'mlp_n_layers': 3, 'mlp_dim_00': 277, 'mlp_dim_01': 316, 'mlp_dim_02': 289, 'node_hidden_dim': 105, 'edge_hidden_dim': 93, 'depth': 2, 'rep_dropout': 0.03225107060804529, 'train_learning_rate': 0.008326689046682035, 'train_lr_reduce': 0.6}. Best is trial 156 with value: 0.33254924416542053.
[I 2024-12-19 07:41:09,395] Trial 195 finished with value: 1.3883880376815796 and parameters: {'mlp_n_layers': 4, 'mlp_dim_00': 392, 'mlp_dim_01': 78, 'mlp_dim_02': 249, 'mlp_dim_03': 222, 'node_hidden_dim': 120, 'edge_hidden_dim': 62, 'depth': 2, 'rep_dropout': 0.09271125427388312, 'train_learning_rate': 0.003177711108486598, 'train_lr_reduce': 0.6}. Best is trial 156 with value: 0.33254924416542053.
[I 2024-12-19 07:41:12,138] Trial 199 finished with value: 1.5201973915100098 and parameters: {'mlp_n_layers': 4, 'mlp_dim_00': 422, 'mlp_dim_01': 107, 'mlp_dim_02': 286, 'mlp_dim_03': 200, 'node_hidden_dim': 126, 'edge_hidden_dim': 52, 'depth': 2, 'rep_dropout': 0.12858249244046863, 'train_learning_rate': 0.002668993878021742, 'train_lr_reduce': 0.6}. Best is trial 156 with value: 0.33254924416542053.
[I 2024-12-19 07:41:13,722] Trial 200 finished with value: 1.3859889507293701 and parameters: {'mlp_n_layers': 4, 'mlp_dim_00': 272, 'mlp_dim_01': 101, 'mlp_dim_02': 173, 'mlp_dim_03': 287, 'node_hidden_dim': 119, 'edge_hidden_dim': 75, 'depth': 3, 'rep_dropout': 0.0407958672632039, 'train_learning_rate': 0.004112266743133675, 'train_lr_reduce': 0.6}. Best is trial 156 with value: 0.33254924416542053.
[I 2024-12-19 07:41:16,633] Trial 201 finished with value: 1.5659786462783813 and parameters: {'mlp_n_layers': 2, 'mlp_dim_00': 262, 'mlp_dim_01': 441, 'node_hidden_dim': 32, 'edge_hidden_dim': 88, 'depth': 3, 'rep_dropout': 0.06963381094556477, 'train_learning_rate': 0.00033203751815636025, 'train_lr_reduce': 0.6}. Best is trial 156 with value: 0.33254924416542053.
[I 2024-12-19 07:41:17,955] Trial 202 finished with value: 1.4017243385314941 and parameters: {'mlp_n_layers': 3, 'mlp_dim_00': 416, 'mlp_dim_01': 432, 'mlp_dim_02': 232, 'node_hidden_dim': 100, 'edge_hidden_dim': 82, 'depth': 3, 'rep_dropout': 0.014632437947440196, 'train_learning_rate': 0.0026068810404088452, 'train_lr_reduce': 0.6}. Best is trial 156 with value: 0.33254924416542053.
[I 2024-12-19 07:41:19,916] Trial 198 finished with value: 0.3436712324619293 and parameters: {'mlp_n_layers': 4, 'mlp_dim_00': 495, 'mlp_dim_01': 443, 'mlp_dim_02': 223, 'mlp_dim_03': 223, 'node_hidden_dim': 101, 'edge_hidden_dim': 94, 'depth': 2, 'rep_dropout': 0.10205893709004082, 'train_learning_rate': 0.006525998519232594, 'train_lr_reduce': 0.6}. Best is trial 156 with value: 0.33254924416542053.
[I 2024-12-19 07:41:21,154] Trial 203 finished with value: 1.3874528408050537 and parameters: {'mlp_n_layers': 4, 'mlp_dim_00': 407, 'mlp_dim_01': 145, 'mlp_dim_02': 286, 'mlp_dim_03': 175, 'node_hidden_dim': 125, 'edge_hidden_dim': 40, 'depth': 3, 'rep_dropout': 0.11668431714036834, 'train_learning_rate': 0.002873690620400105, 'train_lr_reduce': 0.6}. Best is trial 156 with value: 0.33254924416542053.
[I 2024-12-19 07:41:21,953] Trial 204 finished with value: 1.3204470872879028 and parameters: {'mlp_n_layers': 3, 'mlp_dim_00': 510, 'mlp_dim_01': 385, 'mlp_dim_02': 267, 'node_hidden_dim': 123, 'edge_hidden_dim': 77, 'depth': 2, 'rep_dropout': 0.1009584197558485, 'train_learning_rate': 0.006596434544895241, 'train_lr_reduce': 0.6}. Best is trial 156 with value: 0.33254924416542053.
[I 2024-12-19 07:41:23,838] Trial 205 finished with value: 1.526650309562683 and parameters: {'mlp_n_layers': 2, 'mlp_dim_00': 425, 'mlp_dim_01': 215, 'node_hidden_dim': 35, 'edge_hidden_dim': 86, 'depth': 2, 'rep_dropout': 0.19716921110844804, 'train_learning_rate': 0.0010642411600982225, 'train_lr_reduce': 0.6}. Best is trial 156 with value: 0.33254924416542053.
[I 2024-12-19 07:41:26,439] Trial 207 finished with value: 1.4614543914794922 and parameters: {'mlp_n_layers': 4, 'mlp_dim_00': 428, 'mlp_dim_01': 415, 'mlp_dim_02': 224, 'mlp_dim_03': 224, 'node_hidden_dim': 97, 'edge_hidden_dim': 93, 'depth': 2, 'rep_dropout': 0.12170621610423615, 'train_learning_rate': 0.003886883497683859, 'train_lr_reduce': 0.6}. Best is trial 156 with value: 0.33254924416542053.
[I 2024-12-19 07:41:27,647] Trial 206 finished with value: 1.4274636507034302 and parameters: {'mlp_n_layers': 4, 'mlp_dim_00': 461, 'mlp_dim_01': 357, 'mlp_dim_02': 196, 'mlp_dim_03': 231, 'node_hidden_dim': 112, 'edge_hidden_dim': 84, 'depth': 2, 'rep_dropout': 0.15405664691295207, 'train_learning_rate': 0.002597912854294618, 'train_lr_reduce': 0.6}. Best is trial 156 with value: 0.33254924416542053.
[I 2024-12-19 07:41:28,497] Trial 208 finished with value: 1.5119913816452026 and parameters: {'mlp_n_layers': 2, 'mlp_dim_00': 313, 'mlp_dim_01': 271, 'node_hidden_dim': 41, 'edge_hidden_dim': 119, 'depth': 4, 'rep_dropout': 0.23419885996814233, 'train_learning_rate': 0.0010569759551971457, 'train_lr_reduce': 0.6}. Best is trial 156 with value: 0.33254924416542053.
[I 2024-12-19 07:41:30,719] Trial 209 finished with value: 1.4720436334609985 and parameters: {'mlp_n_layers': 4, 'mlp_dim_00': 460, 'mlp_dim_01': 510, 'mlp_dim_02': 228, 'mlp_dim_03': 198, 'node_hidden_dim': 109, 'edge_hidden_dim': 89, 'depth': 2, 'rep_dropout': 0.07951159365458069, 'train_learning_rate': 0.0032918384844945647, 'train_lr_reduce': 0.6}. Best is trial 156 with value: 0.33254924416542053.
[I 2024-12-19 07:41:32,608] Trial 211 finished with value: 1.292578101158142 and parameters: {'mlp_n_layers': 4, 'mlp_dim_00': 438, 'mlp_dim_01': 330, 'mlp_dim_02': 244, 'mlp_dim_03': 266, 'node_hidden_dim': 119, 'edge_hidden_dim': 104, 'depth': 2, 'rep_dropout': 0.08470734218094138, 'train_learning_rate': 0.008398421069453951, 'train_lr_reduce': 0.6}. Best is trial 156 with value: 0.33254924416542053.
[I 2024-12-19 07:41:34,933] Trial 212 finished with value: 1.339028000831604 and parameters: {'mlp_n_layers': 4, 'mlp_dim_00': 488, 'mlp_dim_01': 311, 'mlp_dim_02': 345, 'mlp_dim_03': 175, 'node_hidden_dim': 98, 'edge_hidden_dim': 112, 'depth': 3, 'rep_dropout': 0.026060000143885122, 'train_learning_rate': 0.008362817671734942, 'train_lr_reduce': 0.6}. Best is trial 156 with value: 0.33254924416542053.
[I 2024-12-19 07:41:35,292] Trial 210 finished with value: 1.3516842126846313 and parameters: {'mlp_n_layers': 4, 'mlp_dim_00': 102, 'mlp_dim_01': 189, 'mlp_dim_02': 197, 'mlp_dim_03': 258, 'node_hidden_dim': 107, 'edge_hidden_dim': 127, 'depth': 3, 'rep_dropout': 0.23509740498812415, 'train_learning_rate': 0.001565772086734998, 'train_lr_reduce': 0.6}. Best is trial 156 with value: 0.33254924416542053.
[I 2024-12-19 07:41:37,092] Trial 213 finished with value: 1.3177759647369385 and parameters: {'mlp_n_layers': 4, 'mlp_dim_00': 454, 'mlp_dim_01': 446, 'mlp_dim_02': 276, 'mlp_dim_03': 205, 'node_hidden_dim': 75, 'edge_hidden_dim': 114, 'depth': 3, 'rep_dropout': 0.11020125183031625, 'train_learning_rate': 0.005676780159277323, 'train_lr_reduce': 0.6}. Best is trial 156 with value: 0.33254924416542053.
[I 2024-12-19 07:41:39,255] Trial 214 finished with value: 1.5172163248062134 and parameters: {'mlp_n_layers': 3, 'mlp_dim_00': 506, 'mlp_dim_01': 281, 'mlp_dim_02': 283, 'node_hidden_dim': 120, 'edge_hidden_dim': 108, 'depth': 2, 'rep_dropout': 0.12749982904123125, 'train_learning_rate': 0.0014955017360240616, 'train_lr_reduce': 0.6}. Best is trial 156 with value: 0.33254924416542053.
[I 2024-12-19 07:41:39,370] Trial 215 finished with value: 1.3965612649917603 and parameters: {'mlp_n_layers': 3, 'mlp_dim_00': 342, 'mlp_dim_01': 243, 'mlp_dim_02': 251, 'node_hidden_dim': 119, 'edge_hidden_dim': 85, 'depth': 2, 'rep_dropout': 0.18131004767542586, 'train_learning_rate': 0.00316487547057154, 'train_lr_reduce': 0.6}. Best is trial 156 with value: 0.33254924416542053.
[I 2024-12-19 07:41:42,382] Trial 216 finished with value: 1.5742803812026978 and parameters: {'mlp_n_layers': 4, 'mlp_dim_00': 326, 'mlp_dim_01': 395, 'mlp_dim_02': 321, 'mlp_dim_03': 285, 'node_hidden_dim': 105, 'edge_hidden_dim': 106, 'depth': 2, 'rep_dropout': 0.2337592031769207, 'train_learning_rate': 0.00014734521077719776, 'train_lr_reduce': 0.6}. Best is trial 156 with value: 0.33254924416542053.
[I 2024-12-19 07:41:46,660] Trial 219 finished with value: 1.3055657148361206 and parameters: {'mlp_n_layers': 4, 'mlp_dim_00': 430, 'mlp_dim_01': 98, 'mlp_dim_02': 399, 'mlp_dim_03': 360, 'node_hidden_dim': 97, 'edge_hidden_dim': 95, 'depth': 2, 'rep_dropout': 0.13182164314518177, 'train_learning_rate': 0.00585834533553494, 'train_lr_reduce': 0.6}. Best is trial 156 with value: 0.33254924416542053.
[I 2024-12-19 07:41:48,516] Trial 217 finished with value: 1.574755311012268 and parameters: {'mlp_n_layers': 3, 'mlp_dim_00': 365, 'mlp_dim_01': 427, 'mlp_dim_02': 229, 'node_hidden_dim': 41, 'edge_hidden_dim': 40, 'depth': 2, 'rep_dropout': 0.16660689439292964, 'train_learning_rate': 0.0005250715216164061, 'train_lr_reduce': 0.6}. Best is trial 156 with value: 0.33254924416542053.
[I 2024-12-19 07:41:51,561] Trial 220 finished with value: 1.2896801233291626 and parameters: {'mlp_n_layers': 3, 'mlp_dim_00': 504, 'mlp_dim_01': 510, 'mlp_dim_02': 173, 'node_hidden_dim': 98, 'edge_hidden_dim': 115, 'depth': 2, 'rep_dropout': 0.16798422040315583, 'train_learning_rate': 0.007534857734288815, 'train_lr_reduce': 0.6}. Best is trial 156 with value: 0.33254924416542053.
[I 2024-12-19 07:41:53,735] Trial 221 finished with value: 1.2860099077224731 and parameters: {'mlp_n_layers': 3, 'mlp_dim_00': 348, 'mlp_dim_01': 316, 'mlp_dim_02': 311, 'node_hidden_dim': 112, 'edge_hidden_dim': 93, 'depth': 4, 'rep_dropout': 0.015563384679846033, 'train_learning_rate': 0.008729206877761558, 'train_lr_reduce': 0.6}. Best is trial 156 with value: 0.33254924416542053.
[I 2024-12-19 07:41:53,987] Trial 218 finished with value: 0.8321117758750916 and parameters: {'mlp_n_layers': 4, 'mlp_dim_00': 166, 'mlp_dim_01': 329, 'mlp_dim_02': 256, 'mlp_dim_03': 146, 'node_hidden_dim': 67, 'edge_hidden_dim': 128, 'depth': 2, 'rep_dropout': 0.24203190198363156, 'train_learning_rate': 0.0016436562240996133, 'train_lr_reduce': 0.6}. Best is trial 156 with value: 0.33254924416542053.
