[I 2024-12-15 17:07:22,973] Trial 1994 finished with value: 0.20338086783885956 and parameters: {'mlp_n_layers': 4, 'mlp_dim_00': 32, 'mlp_dim_01': 192, 'mlp_dim_02': 64, 'mlp_dim_03': 128, 'hidden_channels': 192, 'num_layers': 1, 'num_timesteps': 3, 'dropout': 0.0003238401623132242, 'train_learning_rate': 0.004786497238940188, 'train_lr_reduce': 0.6}. Best is trial 632 with value: 0.13978464901447296.
[I 2024-12-15 17:07:26,808] Trial 1996 finished with value: 0.14436593651771545 and parameters: {'mlp_n_layers': 4, 'mlp_dim_00': 32, 'mlp_dim_01': 192, 'mlp_dim_02': 96, 'mlp_dim_03': 112, 'hidden_channels': 208, 'num_layers': 1, 'num_timesteps': 3, 'dropout': 0.007377125659591234, 'train_learning_rate': 0.004286970007973457, 'train_lr_reduce': 0.6}. Best is trial 632 with value: 0.13978464901447296.
[I 2024-12-15 17:07:30,799] Trial 1997 finished with value: 0.20292623341083527 and parameters: {'mlp_n_layers': 4, 'mlp_dim_00': 32, 'mlp_dim_01': 80, 'mlp_dim_02': 80, 'mlp_dim_03': 128, 'hidden_channels': 176, 'num_layers': 1, 'num_timesteps': 4, 'dropout': 0.05932045797980283, 'train_learning_rate': 0.006566350025577521, 'train_lr_reduce': 0.6}. Best is trial 632 with value: 0.13978464901447296.
[I 2024-12-15 17:07:32,096] Trial 1998 finished with value: 0.22147217392921448 and parameters: {'mlp_n_layers': 4, 'mlp_dim_00': 48, 'mlp_dim_01': 208, 'mlp_dim_02': 96, 'mlp_dim_03': 112, 'hidden_channels': 160, 'num_layers': 2, 'num_timesteps': 4, 'dropout': 0.03803240425246321, 'train_learning_rate': 0.0024365225413979343, 'train_lr_reduce': 0.6}. Best is trial 632 with value: 0.13978464901447296.
[I 2024-12-15 17:07:36,230] Trial 1999 finished with value: 0.18876034021377563 and parameters: {'mlp_n_layers': 2, 'mlp_dim_00': 128, 'mlp_dim_01': 240, 'hidden_channels': 128, 'num_layers': 1, 'num_timesteps': 3, 'dropout': 0.10676039190782892, 'train_learning_rate': 0.00488312397889023, 'train_lr_reduce': 0.6}. Best is trial 632 with value: 0.13978464901447296.
[I 2024-12-15 17:07:41,737] Trial 2001 finished with value: 0.24789677560329437 and parameters: {'mlp_n_layers': 4, 'mlp_dim_00': 32, 'mlp_dim_01': 176, 'mlp_dim_02': 80, 'mlp_dim_03': 112, 'hidden_channels': 176, 'num_layers': 1, 'num_timesteps': 3, 'dropout': 0.0031697074069918195, 'train_learning_rate': 0.0026776945322674393, 'train_lr_reduce': 0.6}. Best is trial 632 with value: 0.13978464901447296.
[I 2024-12-15 17:07:44,183] Trial 2000 finished with value: 0.15009824931621552 and parameters: {'mlp_n_layers': 4, 'mlp_dim_00': 32, 'mlp_dim_01': 192, 'mlp_dim_02': 96, 'mlp_dim_03': 128, 'hidden_channels': 224, 'num_layers': 1, 'num_timesteps': 2, 'dropout': 0.01757509107420878, 'train_learning_rate': 0.0035118247222489535, 'train_lr_reduce': 0.6}. Best is trial 632 with value: 0.13978464901447296.
[I 2024-12-15 17:07:51,613] Trial 2002 finished with value: 0.19243192672729492 and parameters: {'mlp_n_layers': 4, 'mlp_dim_00': 48, 'mlp_dim_01': 112, 'mlp_dim_02': 64, 'mlp_dim_03': 128, 'hidden_channels': 240, 'num_layers': 1, 'num_timesteps': 3, 'dropout': 0.0706241043396793, 'train_learning_rate': 0.0033995490151979427, 'train_lr_reduce': 0.6}. Best is trial 632 with value: 0.13978464901447296.
[I 2024-12-15 17:07:55,574] Trial 2003 finished with value: 0.215218648314476 and parameters: {'mlp_n_layers': 4, 'mlp_dim_00': 48, 'mlp_dim_01': 224, 'mlp_dim_02': 96, 'mlp_dim_03': 112, 'hidden_channels': 176, 'num_layers': 2, 'num_timesteps': 3, 'dropout': 0.00620176089498844, 'train_learning_rate': 0.006327448783541895, 'train_lr_reduce': 0.6}. Best is trial 632 with value: 0.13978464901447296.
[I 2024-12-15 17:08:03,657] Trial 2004 finished with value: 0.1809951215982437 and parameters: {'mlp_n_layers': 4, 'mlp_dim_00': 48, 'mlp_dim_01': 240, 'mlp_dim_02': 64, 'mlp_dim_03': 128, 'hidden_channels': 224, 'num_layers': 1, 'num_timesteps': 3, 'dropout': 0.03553483931727233, 'train_learning_rate': 0.006099194124141432, 'train_lr_reduce': 0.6}. Best is trial 632 with value: 0.13978464901447296.
[I 2024-12-15 17:08:11,850] Trial 2006 finished with value: 0.2635551691055298 and parameters: {'mlp_n_layers': 3, 'mlp_dim_00': 192, 'mlp_dim_01': 80, 'mlp_dim_02': 80, 'hidden_channels': 144, 'num_layers': 3, 'num_timesteps': 1, 'dropout': 0.16905157258803272, 'train_learning_rate': 0.0038507601664181084, 'train_lr_reduce': 0.6}. Best is trial 632 with value: 0.13978464901447296.
[I 2024-12-15 17:08:15,765] Trial 2007 finished with value: 0.15212023258209229 and parameters: {'mlp_n_layers': 4, 'mlp_dim_00': 64, 'mlp_dim_01': 192, 'mlp_dim_02': 64, 'mlp_dim_03': 112, 'hidden_channels': 208, 'num_layers': 1, 'num_timesteps': 4, 'dropout': 0.020990062765226036, 'train_learning_rate': 0.005152459031677257, 'train_lr_reduce': 0.6}. Best is trial 632 with value: 0.13978464901447296.
[I 2024-12-15 17:08:19,789] Trial 2005 finished with value: 0.5860013961791992 and parameters: {'mlp_n_layers': 2, 'mlp_dim_00': 144, 'mlp_dim_01': 160, 'hidden_channels': 208, 'num_layers': 4, 'num_timesteps': 2, 'dropout': 0.2538576095007243, 'train_learning_rate': 0.00012535667905552698, 'train_lr_reduce': 0.6}. Best is trial 632 with value: 0.13978464901447296.
[I 2024-12-15 17:08:20,234] Trial 2008 finished with value: 0.21151171624660492 and parameters: {'mlp_n_layers': 4, 'mlp_dim_00': 32, 'mlp_dim_01': 144, 'mlp_dim_02': 96, 'mlp_dim_03': 128, 'hidden_channels': 240, 'num_layers': 1, 'num_timesteps': 3, 'dropout': 0.004541494379452386, 'train_learning_rate': 0.0030814194604012906, 'train_lr_reduce': 0.6}. Best is trial 632 with value: 0.13978464901447296.
[I 2024-12-15 17:08:23,152] Trial 2009 finished with value: 0.1865951120853424 and parameters: {'mlp_n_layers': 2, 'mlp_dim_00': 96, 'mlp_dim_01': 224, 'hidden_channels': 144, 'num_layers': 2, 'num_timesteps': 4, 'dropout': 0.004059283952226891, 'train_learning_rate': 0.008456907661226677, 'train_lr_reduce': 0.6}. Best is trial 632 with value: 0.13978464901447296.
[I 2024-12-15 17:08:30,266] Trial 2012 finished with value: 0.2339787483215332 and parameters: {'mlp_n_layers': 4, 'mlp_dim_00': 208, 'mlp_dim_01': 80, 'mlp_dim_02': 96, 'mlp_dim_03': 112, 'hidden_channels': 192, 'num_layers': 4, 'num_timesteps': 1, 'dropout': 0.06748158831223562, 'train_learning_rate': 0.0038964155236293377, 'train_lr_reduce': 0.6}. Best is trial 632 with value: 0.13978464901447296.
[I 2024-12-15 17:08:31,006] Trial 2010 finished with value: 0.2496882528066635 and parameters: {'mlp_n_layers': 4, 'mlp_dim_00': 224, 'mlp_dim_01': 64, 'mlp_dim_02': 80, 'mlp_dim_03': 128, 'hidden_channels': 64, 'num_layers': 4, 'num_timesteps': 4, 'dropout': 0.018228102862750728, 'train_learning_rate': 0.0031355930505830017, 'train_lr_reduce': 0.6}. Best is trial 632 with value: 0.13978464901447296.
[I 2024-12-15 17:08:32,304] Trial 2011 finished with value: 0.21102873980998993 and parameters: {'mlp_n_layers': 4, 'mlp_dim_00': 64, 'mlp_dim_01': 192, 'mlp_dim_02': 48, 'mlp_dim_03': 112, 'hidden_channels': 208, 'num_layers': 1, 'num_timesteps': 4, 'dropout': 0.0005482553395658799, 'train_learning_rate': 0.0033275183827976146, 'train_lr_reduce': 0.6}. Best is trial 632 with value: 0.13978464901447296.
[I 2024-12-15 17:08:42,476] Trial 2013 finished with value: 0.18950557708740234 and parameters: {'mlp_n_layers': 2, 'mlp_dim_00': 128, 'mlp_dim_01': 144, 'hidden_channels': 192, 'num_layers': 4, 'num_timesteps': 3, 'dropout': 0.13369060730940618, 'train_learning_rate': 0.008642508789227349, 'train_lr_reduce': 0.6}. Best is trial 632 with value: 0.13978464901447296.
[I 2024-12-15 17:08:44,071] Trial 2015 finished with value: 0.2423805147409439 and parameters: {'mlp_n_layers': 4, 'mlp_dim_00': 208, 'mlp_dim_01': 48, 'mlp_dim_02': 80, 'mlp_dim_03': 112, 'hidden_channels': 160, 'num_layers': 3, 'num_timesteps': 1, 'dropout': 0.027400816707535247, 'train_learning_rate': 0.000751274366972618, 'train_lr_reduce': 0.6}. Best is trial 632 with value: 0.13978464901447296.
[I 2024-12-15 17:08:47,412] Trial 2014 finished with value: 0.27458471059799194 and parameters: {'mlp_n_layers': 4, 'mlp_dim_00': 240, 'mlp_dim_01': 96, 'mlp_dim_02': 64, 'mlp_dim_03': 128, 'hidden_channels': 240, 'num_layers': 4, 'num_timesteps': 4, 'dropout': 0.04406979132710444, 'train_learning_rate': 0.00025127848575260195, 'train_lr_reduce': 0.6}. Best is trial 632 with value: 0.13978464901447296.
[I 2024-12-15 17:08:50,932] Trial 2018 finished with value: 1.100066900253296 and parameters: {'mlp_n_layers': 4, 'mlp_dim_00': 48, 'mlp_dim_01': 144, 'mlp_dim_02': 96, 'mlp_dim_03': 112, 'hidden_channels': 176, 'num_layers': 1, 'num_timesteps': 3, 'dropout': 0.01474758208274437, 'train_learning_rate': 0.006072304116809672, 'train_lr_reduce': 0.6}. Best is trial 632 with value: 0.13978464901447296.
[I 2024-12-15 17:08:54,821] Trial 2016 finished with value: 0.24168650805950165 and parameters: {'mlp_n_layers': 4, 'mlp_dim_00': 80, 'mlp_dim_01': 176, 'mlp_dim_02': 48, 'mlp_dim_03': 128, 'hidden_channels': 208, 'num_layers': 2, 'num_timesteps': 3, 'dropout': 0.09393103106804285, 'train_learning_rate': 0.0026435696232176105, 'train_lr_reduce': 0.6}. Best is trial 632 with value: 0.13978464901447296.
[I 2024-12-15 17:08:54,868] Trial 2017 finished with value: 0.23019368946552277 and parameters: {'mlp_n_layers': 4, 'mlp_dim_00': 32, 'mlp_dim_01': 192, 'mlp_dim_02': 80, 'mlp_dim_03': 128, 'hidden_channels': 176, 'num_layers': 2, 'num_timesteps': 3, 'dropout': 0.06164187982388451, 'train_learning_rate': 0.00535145521798974, 'train_lr_reduce': 0.6}. Best is trial 632 with value: 0.13978464901447296.
[I 2024-12-15 17:08:59,898] Trial 2019 finished with value: 0.17706188559532166 and parameters: {'mlp_n_layers': 4, 'mlp_dim_00': 48, 'mlp_dim_01': 224, 'mlp_dim_02': 64, 'mlp_dim_03': 112, 'hidden_channels': 240, 'num_layers': 1, 'num_timesteps': 3, 'dropout': 0.02228458935019468, 'train_learning_rate': 0.0019182130305024254, 'train_lr_reduce': 0.6}. Best is trial 632 with value: 0.13978464901447296.
[I 2024-12-15 17:09:04,706] Trial 2021 finished with value: 0.18878810107707977 and parameters: {'mlp_n_layers': 4, 'mlp_dim_00': 48, 'mlp_dim_01': 160, 'mlp_dim_02': 64, 'mlp_dim_03': 128, 'hidden_channels': 240, 'num_layers': 1, 'num_timesteps': 2, 'dropout': 0.024858797065303563, 'train_learning_rate': 0.006394550726967244, 'train_lr_reduce': 0.6}. Best is trial 632 with value: 0.13978464901447296.
[I 2024-12-15 17:09:05,958] Trial 2020 finished with value: 0.15771083533763885 and parameters: {'mlp_n_layers': 4, 'mlp_dim_00': 96, 'mlp_dim_01': 208, 'mlp_dim_02': 96, 'mlp_dim_03': 96, 'hidden_channels': 160, 'num_layers': 1, 'num_timesteps': 3, 'dropout': 0.004137513494745957, 'train_learning_rate': 0.003988281449094087, 'train_lr_reduce': 0.6}. Best is trial 632 with value: 0.13978464901447296.
[I 2024-12-15 17:09:08,667] Trial 2023 finished with value: 0.8628055453300476 and parameters: {'mlp_n_layers': 4, 'mlp_dim_00': 48, 'mlp_dim_01': 112, 'mlp_dim_02': 32, 'mlp_dim_03': 128, 'hidden_channels': 256, 'num_layers': 1, 'num_timesteps': 3, 'dropout': 0.02037063277313681, 'train_learning_rate': 0.006814224911622419, 'train_lr_reduce': 0.6}. Best is trial 632 with value: 0.13978464901447296.
[I 2024-12-15 17:09:12,954] Trial 2024 finished with value: 0.23046724498271942 and parameters: {'mlp_n_layers': 4, 'mlp_dim_00': 64, 'mlp_dim_01': 144, 'mlp_dim_02': 96, 'mlp_dim_03': 112, 'hidden_channels': 256, 'num_layers': 1, 'num_timesteps': 3, 'dropout': 0.045266913913182646, 'train_learning_rate': 0.005165163617380496, 'train_lr_reduce': 0.6}. Best is trial 632 with value: 0.13978464901447296.
[I 2024-12-15 17:09:13,882] Trial 2022 finished with value: 0.15836496651172638 and parameters: {'mlp_n_layers': 4, 'mlp_dim_00': 32, 'mlp_dim_01': 208, 'mlp_dim_02': 80, 'mlp_dim_03': 96, 'hidden_channels': 240, 'num_layers': 1, 'num_timesteps': 3, 'dropout': 0.011538998540517528, 'train_learning_rate': 0.0033618565758428967, 'train_lr_reduce': 0.6}. Best is trial 632 with value: 0.13978464901447296.
[I 2024-12-15 17:09:23,494] Trial 2027 finished with value: 0.2277669906616211 and parameters: {'mlp_n_layers': 4, 'mlp_dim_00': 32, 'mlp_dim_01': 160, 'mlp_dim_02': 80, 'mlp_dim_03': 96, 'hidden_channels': 224, 'num_layers': 2, 'num_timesteps': 4, 'dropout': 0.001952174270051699, 'train_learning_rate': 0.0011946915502503474, 'train_lr_reduce': 0.6}. Best is trial 632 with value: 0.13978464901447296.
[I 2024-12-15 17:09:24,065] Trial 2025 finished with value: 0.15055105090141296 and parameters: {'mlp_n_layers': 4, 'mlp_dim_00': 64, 'mlp_dim_01': 144, 'mlp_dim_02': 64, 'mlp_dim_03': 128, 'hidden_channels': 224, 'num_layers': 1, 'num_timesteps': 3, 'dropout': 0.06983602919617615, 'train_learning_rate': 0.001959309191479454, 'train_lr_reduce': 0.6}. Best is trial 632 with value: 0.13978464901447296.
[I 2024-12-15 17:09:31,106] Trial 2028 finished with value: 0.21762096881866455 and parameters: {'mlp_n_layers': 4, 'mlp_dim_00': 32, 'mlp_dim_01': 192, 'mlp_dim_02': 96, 'mlp_dim_03': 96, 'hidden_channels': 240, 'num_layers': 2, 'num_timesteps': 2, 'dropout': 0.01642569242731491, 'train_learning_rate': 0.0019736955843382416, 'train_lr_reduce': 0.6}. Best is trial 632 with value: 0.13978464901447296.
[I 2024-12-15 17:09:32,430] Trial 2029 finished with value: 0.2323058694601059 and parameters: {'mlp_n_layers': 4, 'mlp_dim_00': 48, 'mlp_dim_01': 144, 'mlp_dim_02': 64, 'mlp_dim_03': 128, 'hidden_channels': 160, 'num_layers': 1, 'num_timesteps': 2, 'dropout': 0.03919945815117615, 'train_learning_rate': 0.008298376025045873, 'train_lr_reduce': 0.6}. Best is trial 632 with value: 0.13978464901447296.
[I 2024-12-15 17:09:33,656] Trial 2026 finished with value: 0.43428269028663635 and parameters: {'mlp_n_layers': 3, 'mlp_dim_00': 240, 'mlp_dim_01': 192, 'mlp_dim_02': 48, 'hidden_channels': 32, 'num_layers': 1, 'num_timesteps': 4, 'dropout': 0.2904665189292188, 'train_learning_rate': 0.00019955672463438086, 'train_lr_reduce': 0.6}. Best is trial 632 with value: 0.13978464901447296.
[I 2024-12-15 17:09:39,486] Trial 2032 finished with value: 0.2266777902841568 and parameters: {'mlp_n_layers': 4, 'mlp_dim_00': 80, 'mlp_dim_01': 176, 'mlp_dim_02': 96, 'mlp_dim_03': 128, 'hidden_channels': 224, 'num_layers': 1, 'num_timesteps': 3, 'dropout': 0.027129068225355706, 'train_learning_rate': 0.0034109056311261063, 'train_lr_reduce': 0.6}. Best is trial 632 with value: 0.13978464901447296.
[I 2024-12-15 17:09:41,687] Trial 2030 finished with value: 0.2082584947347641 and parameters: {'mlp_n_layers': 4, 'mlp_dim_00': 32, 'mlp_dim_01': 192, 'mlp_dim_02': 80, 'mlp_dim_03': 96, 'hidden_channels': 208, 'num_layers': 1, 'num_timesteps': 3, 'dropout': 0.0069229851324715975, 'train_learning_rate': 0.004905100436116386, 'train_lr_reduce': 0.6}. Best is trial 632 with value: 0.13978464901447296.
[I 2024-12-15 17:09:44,131] Trial 2031 finished with value: 0.2307155728340149 and parameters: {'mlp_n_layers': 3, 'mlp_dim_00': 96, 'mlp_dim_01': 208, 'mlp_dim_02': 48, 'hidden_channels': 160, 'num_layers': 2, 'num_timesteps': 4, 'dropout': 0.24322953299243605, 'train_learning_rate': 0.0013304912546962676, 'train_lr_reduce': 0.6}. Best is trial 632 with value: 0.13978464901447296.
[I 2024-12-15 17:09:49,300] Trial 2033 finished with value: 0.16490161418914795 and parameters: {'mlp_n_layers': 4, 'mlp_dim_00': 32, 'mlp_dim_01': 192, 'mlp_dim_02': 64, 'mlp_dim_03': 112, 'hidden_channels': 256, 'num_layers': 1, 'num_timesteps': 3, 'dropout': 0.04202884080014775, 'train_learning_rate': 0.003289333858340635, 'train_lr_reduce': 0.6}. Best is trial 632 with value: 0.13978464901447296.
[I 2024-12-15 17:09:59,060] Trial 2035 finished with value: 0.2100399285554886 and parameters: {'mlp_n_layers': 4, 'mlp_dim_00': 96, 'mlp_dim_01': 128, 'mlp_dim_02': 48, 'mlp_dim_03': 96, 'hidden_channels': 224, 'num_layers': 1, 'num_timesteps': 3, 'dropout': 0.03057016277448123, 'train_learning_rate': 0.00273136953445332, 'train_lr_reduce': 0.6}. Best is trial 632 with value: 0.13978464901447296.
[I 2024-12-15 17:10:02,191] Trial 2034 finished with value: 0.38383209705352783 and parameters: {'mlp_n_layers': 3, 'mlp_dim_00': 144, 'mlp_dim_01': 64, 'mlp_dim_02': 80, 'hidden_channels': 128, 'num_layers': 2, 'num_timesteps': 1, 'dropout': 0.19166751003198343, 'train_learning_rate': 0.00010035096489948494, 'train_lr_reduce': 0.6}. Best is trial 632 with value: 0.13978464901447296.
[I 2024-12-15 17:10:08,118] Trial 2036 finished with value: 0.20977099239826202 and parameters: {'mlp_n_layers': 3, 'mlp_dim_00': 144, 'mlp_dim_01': 96, 'mlp_dim_02': 96, 'hidden_channels': 240, 'num_layers': 2, 'num_timesteps': 4, 'dropout': 0.23376721343488324, 'train_learning_rate': 0.00014909583293510053, 'train_lr_reduce': 0.6}. Best is trial 632 with value: 0.13978464901447296.
[I 2024-12-15 17:10:12,605] Trial 2038 finished with value: 0.24912530183792114 and parameters: {'mlp_n_layers': 2, 'mlp_dim_00': 80, 'mlp_dim_01': 224, 'hidden_channels': 96, 'num_layers': 3, 'num_timesteps': 1, 'dropout': 0.2315961522064212, 'train_learning_rate': 0.0007236901305888267, 'train_lr_reduce': 0.6}. Best is trial 632 with value: 0.13978464901447296.
[I 2024-12-15 17:10:12,628] Trial 2037 finished with value: 0.16118066012859344 and parameters: {'mlp_n_layers': 4, 'mlp_dim_00': 80, 'mlp_dim_01': 144, 'mlp_dim_02': 64, 'mlp_dim_03': 128, 'hidden_channels': 208, 'num_layers': 1, 'num_timesteps': 3, 'dropout': 0.0035797308881350674, 'train_learning_rate': 0.001536555821379489, 'train_lr_reduce': 0.6}. Best is trial 632 with value: 0.13978464901447296.
[I 2024-12-15 17:10:17,204] Trial 2039 finished with value: 0.17884744703769684 and parameters: {'mlp_n_layers': 4, 'mlp_dim_00': 32, 'mlp_dim_01': 160, 'mlp_dim_02': 96, 'mlp_dim_03': 128, 'hidden_channels': 224, 'num_layers': 2, 'num_timesteps': 3, 'dropout': 0.02675951097402843, 'train_learning_rate': 0.005840708822399639, 'train_lr_reduce': 0.6}. Best is trial 632 with value: 0.13978464901447296.
[I 2024-12-15 17:10:20,829] Trial 2040 finished with value: 0.2291022390127182 and parameters: {'mlp_n_layers': 4, 'mlp_dim_00': 160, 'mlp_dim_01': 160, 'mlp_dim_02': 80, 'mlp_dim_03': 96, 'hidden_channels': 128, 'num_layers': 4, 'num_timesteps': 4, 'dropout': 0.013248784001761715, 'train_learning_rate': 0.004715765168892099, 'train_lr_reduce': 0.6}. Best is trial 632 with value: 0.13978464901447296.
[I 2024-12-15 17:10:22,338] Trial 2041 finished with value: 0.17668086290359497 and parameters: {'mlp_n_layers': 4, 'mlp_dim_00': 64, 'mlp_dim_01': 208, 'mlp_dim_02': 32, 'mlp_dim_03': 144, 'hidden_channels': 176, 'num_layers': 1, 'num_timesteps': 3, 'dropout': 0.004205319676600239, 'train_learning_rate': 0.006743782588577993, 'train_lr_reduce': 0.6}. Best is trial 632 with value: 0.13978464901447296.
[I 2024-12-15 17:10:31,154] Trial 2042 finished with value: 0.14326000213623047 and parameters: {'mlp_n_layers': 4, 'mlp_dim_00': 48, 'mlp_dim_01': 160, 'mlp_dim_02': 64, 'mlp_dim_03': 96, 'hidden_channels': 224, 'num_layers': 1, 'num_timesteps': 4, 'dropout': 0.010110513852095243, 'train_learning_rate': 0.003513203723393357, 'train_lr_reduce': 0.6}. Best is trial 632 with value: 0.13978464901447296.
[I 2024-12-15 17:10:34,061] Trial 2044 finished with value: 0.1800643652677536 and parameters: {'mlp_n_layers': 4, 'mlp_dim_00': 32, 'mlp_dim_01': 176, 'mlp_dim_02': 96, 'mlp_dim_03': 128, 'hidden_channels': 208, 'num_layers': 1, 'num_timesteps': 3, 'dropout': 0.09160910763968205, 'train_learning_rate': 0.004207330626843911, 'train_lr_reduce': 0.6}. Best is trial 632 with value: 0.13978464901447296.
[I 2024-12-15 17:10:34,110] Trial 2043 finished with value: 0.16635870933532715 and parameters: {'mlp_n_layers': 3, 'mlp_dim_00': 48, 'mlp_dim_01': 176, 'mlp_dim_02': 80, 'hidden_channels': 256, 'num_layers': 1, 'num_timesteps': 2, 'dropout': 0.0007893117865441679, 'train_learning_rate': 0.0024933725129997345, 'train_lr_reduce': 0.6}. Best is trial 632 with value: 0.13978464901447296.
[I 2024-12-15 17:10:40,382] Trial 2045 finished with value: 0.20282228291034698 and parameters: {'mlp_n_layers': 4, 'mlp_dim_00': 64, 'mlp_dim_01': 176, 'mlp_dim_02': 48, 'mlp_dim_03': 112, 'hidden_channels': 192, 'num_layers': 1, 'num_timesteps': 4, 'dropout': 0.04645433666050183, 'train_learning_rate': 0.004070856294904305, 'train_lr_reduce': 0.6}. Best is trial 632 with value: 0.13978464901447296.
[I 2024-12-15 17:10:44,753] Trial 2047 finished with value: 0.17937497794628143 and parameters: {'mlp_n_layers': 4, 'mlp_dim_00': 32, 'mlp_dim_01': 176, 'mlp_dim_02': 80, 'mlp_dim_03': 96, 'hidden_channels': 176, 'num_layers': 1, 'num_timesteps': 4, 'dropout': 0.010651419042119087, 'train_learning_rate': 0.00178480252125083, 'train_lr_reduce': 0.6}. Best is trial 632 with value: 0.13978464901447296.
[I 2024-12-15 17:10:46,660] Trial 2046 finished with value: 0.1885530948638916 and parameters: {'mlp_n_layers': 3, 'mlp_dim_00': 32, 'mlp_dim_01': 208, 'mlp_dim_02': 32, 'hidden_channels': 176, 'num_layers': 1, 'num_timesteps': 3, 'dropout': 0.026264662118200735, 'train_learning_rate': 0.004839833689278476, 'train_lr_reduce': 0.6}. Best is trial 632 with value: 0.13978464901447296.
[I 2024-12-15 17:10:52,340] Trial 2048 finished with value: 0.24804046750068665 and parameters: {'mlp_n_layers': 2, 'mlp_dim_00': 112, 'mlp_dim_01': 240, 'hidden_channels': 112, 'num_layers': 3, 'num_timesteps': 3, 'dropout': 0.27688790460738893, 'train_learning_rate': 0.0005337765896277627, 'train_lr_reduce': 0.6}. Best is trial 632 with value: 0.13978464901447296.
[I 2024-12-15 17:10:52,408] Trial 2049 finished with value: 0.23129341006278992 and parameters: {'mlp_n_layers': 4, 'mlp_dim_00': 32, 'mlp_dim_01': 112, 'mlp_dim_02': 48, 'mlp_dim_03': 96, 'hidden_channels': 176, 'num_layers': 2, 'num_timesteps': 4, 'dropout': 0.006084484246563481, 'train_learning_rate': 0.0034647840414529112, 'train_lr_reduce': 0.6}. Best is trial 632 with value: 0.13978464901447296.
