[I 2024-12-24 22:22:10,079] Trial 739 finished with value: 0.011692482978105545 and parameters: {'L1_hidden_dim': 208, 'L1_layers_atom': 3, 'L1_layers_mol': 4, 'L1_dropout': 0.03644898749791738, 'L1_out_dim': 48, 'L2_hidden_dim': 224, 'L2_layers_atom': 4, 'L2_layers_mol': 2, 'L2_out_dim': 32, 'L2_dropout': 0.2583254845948487, 'L3_hidden_dim': 96, 'L3_layers_atom': 4, 'L3_layers_mol': 4, 'L3_out_dim': 128, 'L3_dropout': 0.15737850403707343, 'n_mlp_layers': 3, 'mlp_dim_0': 336, 'mlp_dim_1': 312, 'mlp_dim_2': 120, 'num_heads': 2, 'final_dropout': 0.08082872085990922, 'train_learning_rate': 0.002185630732691719, 'train_lr_reduce': 0.6}. Best is trial 570 with value: 0.00952998548746109.
[I 2024-12-24 22:22:39,417] Trial 738 finished with value: 0.01104667503386736 and parameters: {'L1_hidden_dim': 208, 'L1_layers_atom': 4, 'L1_layers_mol': 1, 'L1_dropout': 0.0056234056415384835, 'L1_out_dim': 32, 'L2_hidden_dim': 144, 'L2_layers_atom': 4, 'L2_layers_mol': 1, 'L2_out_dim': 96, 'L2_dropout': 0.1316517556463956, 'L3_hidden_dim': 112, 'L3_layers_atom': 2, 'L3_layers_mol': 3, 'L3_out_dim': 80, 'L3_dropout': 0.26040937475265014, 'n_mlp_layers': 2, 'mlp_dim_0': 344, 'mlp_dim_1': 312, 'num_heads': 2, 'final_dropout': 0.09518376496110892, 'train_learning_rate': 0.00040615228385287687, 'train_lr_reduce': 0.6}. Best is trial 570 with value: 0.00952998548746109.
[I 2024-12-24 22:25:01,872] Trial 741 finished with value: 0.012876387685537338 and parameters: {'L1_hidden_dim': 256, 'L1_layers_atom': 4, 'L1_layers_mol': 3, 'L1_dropout': 0.012702423285916196, 'L1_out_dim': 64, 'L2_hidden_dim': 224, 'L2_layers_atom': 4, 'L2_layers_mol': 2, 'L2_out_dim': 80, 'L2_dropout': 0.09608306412187256, 'L3_hidden_dim': 96, 'L3_layers_atom': 3, 'L3_layers_mol': 4, 'L3_out_dim': 128, 'L3_dropout': 0.11776083188173721, 'n_mlp_layers': 3, 'mlp_dim_0': 160, 'mlp_dim_1': 328, 'mlp_dim_2': 80, 'num_heads': 2, 'final_dropout': 0.05020166658714696, 'train_learning_rate': 0.0009465124431211959, 'train_lr_reduce': 0.6}. Best is trial 570 with value: 0.00952998548746109.
[I 2024-12-24 22:25:15,372] Trial 742 finished with value: 0.009748414158821106 and parameters: {'L1_hidden_dim': 256, 'L1_layers_atom': 4, 'L1_layers_mol': 3, 'L1_dropout': 0.00019858188115313654, 'L1_out_dim': 32, 'L2_hidden_dim': 192, 'L2_layers_atom': 4, 'L2_layers_mol': 1, 'L2_out_dim': 32, 'L2_dropout': 0.21848479798067844, 'L3_hidden_dim': 128, 'L3_layers_atom': 4, 'L3_layers_mol': 3, 'L3_out_dim': 128, 'L3_dropout': 0.23104429194700055, 'n_mlp_layers': 3, 'mlp_dim_0': 304, 'mlp_dim_1': 296, 'mlp_dim_2': 144, 'num_heads': 2, 'final_dropout': 0.01906681046019451, 'train_learning_rate': 0.0007428377689236473, 'train_lr_reduce': 0.6}. Best is trial 570 with value: 0.00952998548746109.
[I 2024-12-24 22:26:08,122] Trial 743 finished with value: 0.011304318904876709 and parameters: {'L1_hidden_dim': 240, 'L1_layers_atom': 4, 'L1_layers_mol': 2, 'L1_dropout': 0.08470383182298238, 'L1_out_dim': 48, 'L2_hidden_dim': 176, 'L2_layers_atom': 3, 'L2_layers_mol': 1, 'L2_out_dim': 64, 'L2_dropout': 0.11234517860462317, 'L3_hidden_dim': 112, 'L3_layers_atom': 3, 'L3_layers_mol': 2, 'L3_out_dim': 96, 'L3_dropout': 0.26501514693849304, 'n_mlp_layers': 3, 'mlp_dim_0': 168, 'mlp_dim_1': 288, 'mlp_dim_2': 136, 'num_heads': 2, 'final_dropout': 0.12222255980297574, 'train_learning_rate': 0.0011823188146163307, 'train_lr_reduce': 0.6}. Best is trial 570 with value: 0.00952998548746109.
[I 2024-12-24 22:27:28,115] Trial 744 finished with value: 0.012816790491342545 and parameters: {'L1_hidden_dim': 192, 'L1_layers_atom': 4, 'L1_layers_mol': 4, 'L1_dropout': 0.024470182884131463, 'L1_out_dim': 64, 'L2_hidden_dim': 160, 'L2_layers_atom': 2, 'L2_layers_mol': 1, 'L2_out_dim': 64, 'L2_dropout': 0.17216181115924883, 'L3_hidden_dim': 80, 'L3_layers_atom': 3, 'L3_layers_mol': 3, 'L3_out_dim': 64, 'L3_dropout': 0.16363285804999167, 'n_mlp_layers': 1, 'mlp_dim_0': 208, 'num_heads': 2, 'final_dropout': 0.1806009768376837, 'train_learning_rate': 0.002190799072857135, 'train_lr_reduce': 0.6}. Best is trial 570 with value: 0.00952998548746109.
[I 2024-12-24 22:27:51,835] Trial 745 finished with value: 0.013335450552403927 and parameters: {'L1_hidden_dim': 240, 'L1_layers_atom': 3, 'L1_layers_mol': 2, 'L1_dropout': 0.08110274769385094, 'L1_out_dim': 48, 'L2_hidden_dim': 144, 'L2_layers_atom': 4, 'L2_layers_mol': 1, 'L2_out_dim': 48, 'L2_dropout': 0.2754874693686085, 'L3_hidden_dim': 128, 'L3_layers_atom': 4, 'L3_layers_mol': 2, 'L3_out_dim': 128, 'L3_dropout': 0.21709788032625674, 'n_mlp_layers': 3, 'mlp_dim_0': 360, 'mlp_dim_1': 304, 'mlp_dim_2': 144, 'num_heads': 2, 'final_dropout': 0.018245629767290494, 'train_learning_rate': 0.001401424149303934, 'train_lr_reduce': 0.6}. Best is trial 570 with value: 0.00952998548746109.
[I 2024-12-24 22:28:22,706] Trial 746 finished with value: 0.011545371264219284 and parameters: {'L1_hidden_dim': 240, 'L1_layers_atom': 4, 'L1_layers_mol': 2, 'L1_dropout': 0.08335206122937452, 'L1_out_dim': 32, 'L2_hidden_dim': 256, 'L2_layers_atom': 4, 'L2_layers_mol': 1, 'L2_out_dim': 80, 'L2_dropout': 0.15876157424979026, 'L3_hidden_dim': 96, 'L3_layers_atom': 4, 'L3_layers_mol': 3, 'L3_out_dim': 112, 'L3_dropout': 0.18981461632120292, 'n_mlp_layers': 3, 'mlp_dim_0': 264, 'mlp_dim_1': 296, 'mlp_dim_2': 144, 'num_heads': 2, 'final_dropout': 0.07956802402449087, 'train_learning_rate': 0.0005909783841910556, 'train_lr_reduce': 0.6}. Best is trial 570 with value: 0.00952998548746109.
[I 2024-12-24 22:31:07,677] Trial 749 finished with value: 0.010388452559709549 and parameters: {'L1_hidden_dim': 240, 'L1_layers_atom': 4, 'L1_layers_mol': 4, 'L1_dropout': 0.04592299517598896, 'L1_out_dim': 32, 'L2_hidden_dim': 208, 'L2_layers_atom': 4, 'L2_layers_mol': 2, 'L2_out_dim': 32, 'L2_dropout': 0.24105439053000088, 'L3_hidden_dim': 128, 'L3_layers_atom': 4, 'L3_layers_mol': 4, 'L3_out_dim': 128, 'L3_dropout': 0.23319484451397537, 'n_mlp_layers': 3, 'mlp_dim_0': 368, 'mlp_dim_1': 352, 'mlp_dim_2': 144, 'num_heads': 2, 'final_dropout': 0.03433640238764128, 'train_learning_rate': 0.0006918783013594131, 'train_lr_reduce': 0.6}. Best is trial 570 with value: 0.00952998548746109.
[I 2024-12-24 22:31:10,047] Trial 747 finished with value: 0.01081786211580038 and parameters: {'L1_hidden_dim': 224, 'L1_layers_atom': 3, 'L1_layers_mol': 3, 'L1_dropout': 0.021848334935439147, 'L1_out_dim': 32, 'L2_hidden_dim': 112, 'L2_layers_atom': 4, 'L2_layers_mol': 1, 'L2_out_dim': 112, 'L2_dropout': 0.09813375633934046, 'L3_hidden_dim': 80, 'L3_layers_atom': 2, 'L3_layers_mol': 4, 'L3_out_dim': 80, 'L3_dropout': 0.2917912567520115, 'n_mlp_layers': 2, 'mlp_dim_0': 344, 'mlp_dim_1': 368, 'num_heads': 2, 'final_dropout': 0.04258201928890497, 'train_learning_rate': 0.00038127996180882626, 'train_lr_reduce': 0.6}. Best is trial 570 with value: 0.00952998548746109.
[I 2024-12-24 22:32:14,213] Trial 748 finished with value: 0.011715667322278023 and parameters: {'L1_hidden_dim': 256, 'L1_layers_atom': 4, 'L1_layers_mol': 2, 'L1_dropout': 0.0407966773516923, 'L1_out_dim': 48, 'L2_hidden_dim': 208, 'L2_layers_atom': 3, 'L2_layers_mol': 1, 'L2_out_dim': 32, 'L2_dropout': 0.23745628122638518, 'L3_hidden_dim': 112, 'L3_layers_atom': 3, 'L3_layers_mol': 3, 'L3_out_dim': 128, 'L3_dropout': 0.20725790734294736, 'n_mlp_layers': 3, 'mlp_dim_0': 384, 'mlp_dim_1': 288, 'mlp_dim_2': 88, 'num_heads': 2, 'final_dropout': 0.0016482547639445067, 'train_learning_rate': 0.0003455780055912572, 'train_lr_reduce': 0.6}. Best is trial 570 with value: 0.00952998548746109.
[I 2024-12-24 22:34:09,236] Trial 751 finished with value: 0.011137048713862896 and parameters: {'L1_hidden_dim': 256, 'L1_layers_atom': 3, 'L1_layers_mol': 3, 'L1_dropout': 0.016098108811765457, 'L1_out_dim': 32, 'L2_hidden_dim': 160, 'L2_layers_atom': 3, 'L2_layers_mol': 2, 'L2_out_dim': 32, 'L2_dropout': 0.22761746820122294, 'L3_hidden_dim': 128, 'L3_layers_atom': 4, 'L3_layers_mol': 4, 'L3_out_dim': 112, 'L3_dropout': 0.1980465423186387, 'n_mlp_layers': 3, 'mlp_dim_0': 504, 'mlp_dim_1': 336, 'mlp_dim_2': 152, 'num_heads': 2, 'final_dropout': 0.039231435573472626, 'train_learning_rate': 0.0005511465828249333, 'train_lr_reduce': 0.6}. Best is trial 570 with value: 0.00952998548746109.
[I 2024-12-24 22:34:09,371] Trial 750 finished with value: 0.013134137727320194 and parameters: {'L1_hidden_dim': 240, 'L1_layers_atom': 4, 'L1_layers_mol': 4, 'L1_dropout': 0.1161041265062611, 'L1_out_dim': 32, 'L2_hidden_dim': 224, 'L2_layers_atom': 4, 'L2_layers_mol': 1, 'L2_out_dim': 48, 'L2_dropout': 0.1850879596066099, 'L3_hidden_dim': 96, 'L3_layers_atom': 4, 'L3_layers_mol': 3, 'L3_out_dim': 128, 'L3_dropout': 0.21901499177613798, 'n_mlp_layers': 3, 'mlp_dim_0': 400, 'mlp_dim_1': 392, 'mlp_dim_2': 136, 'num_heads': 2, 'final_dropout': 0.046974205101085735, 'train_learning_rate': 0.00017800786944500993, 'train_lr_reduce': 0.6}. Best is trial 570 with value: 0.00952998548746109.
[I 2024-12-24 22:34:38,920] Trial 752 finished with value: 0.011309057474136353 and parameters: {'L1_hidden_dim': 224, 'L1_layers_atom': 4, 'L1_layers_mol': 3, 'L1_dropout': 0.08634519310901738, 'L1_out_dim': 32, 'L2_hidden_dim': 208, 'L2_layers_atom': 4, 'L2_layers_mol': 1, 'L2_out_dim': 32, 'L2_dropout': 0.17202975727676525, 'L3_hidden_dim': 112, 'L3_layers_atom': 4, 'L3_layers_mol': 4, 'L3_out_dim': 128, 'L3_dropout': 0.1323728307725307, 'n_mlp_layers': 3, 'mlp_dim_0': 120, 'mlp_dim_1': 392, 'mlp_dim_2': 144, 'num_heads': 1, 'final_dropout': 0.08025242462243519, 'train_learning_rate': 0.0008475207307658987, 'train_lr_reduce': 0.6}. Best is trial 570 with value: 0.00952998548746109.
[I 2024-12-24 22:36:12,662] Trial 753 finished with value: 0.010918366722762585 and parameters: {'L1_hidden_dim': 224, 'L1_layers_atom': 4, 'L1_layers_mol': 4, 'L1_dropout': 0.03181500226291608, 'L1_out_dim': 48, 'L2_hidden_dim': 176, 'L2_layers_atom': 4, 'L2_layers_mol': 1, 'L2_out_dim': 48, 'L2_dropout': 0.24470959656300906, 'L3_hidden_dim': 128, 'L3_layers_atom': 4, 'L3_layers_mol': 4, 'L3_out_dim': 96, 'L3_dropout': 0.2637238638227291, 'n_mlp_layers': 3, 'mlp_dim_0': 328, 'mlp_dim_1': 360, 'mlp_dim_2': 144, 'num_heads': 1, 'final_dropout': 0.0003984817968852722, 'train_learning_rate': 0.001222411553451921, 'train_lr_reduce': 0.6}. Best is trial 570 with value: 0.00952998548746109.
[I 2024-12-24 22:36:52,550] Trial 754 finished with value: 0.010185758583247662 and parameters: {'L1_hidden_dim': 192, 'L1_layers_atom': 3, 'L1_layers_mol': 4, 'L1_dropout': 0.002212768319802416, 'L1_out_dim': 32, 'L2_hidden_dim': 208, 'L2_layers_atom': 4, 'L2_layers_mol': 1, 'L2_out_dim': 48, 'L2_dropout': 0.20518337682923948, 'L3_hidden_dim': 96, 'L3_layers_atom': 4, 'L3_layers_mol': 3, 'L3_out_dim': 128, 'L3_dropout': 0.19694126741017792, 'n_mlp_layers': 3, 'mlp_dim_0': 232, 'mlp_dim_1': 336, 'mlp_dim_2': 88, 'num_heads': 2, 'final_dropout': 0.056174325553730135, 'train_learning_rate': 0.0006821734436803021, 'train_lr_reduce': 0.6}. Best is trial 570 with value: 0.00952998548746109.
[I 2024-12-24 22:37:12,127] Trial 755 finished with value: 0.010389244183897972 and parameters: {'L1_hidden_dim': 208, 'L1_layers_atom': 4, 'L1_layers_mol': 4, 'L1_dropout': 0.03682880547748309, 'L1_out_dim': 48, 'L2_hidden_dim': 224, 'L2_layers_atom': 4, 'L2_layers_mol': 2, 'L2_out_dim': 48, 'L2_dropout': 0.17858655379062194, 'L3_hidden_dim': 128, 'L3_layers_atom': 4, 'L3_layers_mol': 4, 'L3_out_dim': 128, 'L3_dropout': 0.2711550460957611, 'n_mlp_layers': 3, 'mlp_dim_0': 328, 'mlp_dim_1': 352, 'mlp_dim_2': 168, 'num_heads': 2, 'final_dropout': 0.07988141480400163, 'train_learning_rate': 0.0004847339081521101, 'train_lr_reduce': 0.6}. Best is trial 570 with value: 0.00952998548746109.
[I 2024-12-24 22:38:23,567] Trial 756 finished with value: 0.011529890820384026 and parameters: {'L1_hidden_dim': 96, 'L1_layers_atom': 1, 'L1_layers_mol': 3, 'L1_dropout': 0.0024939302779152153, 'L1_out_dim': 64, 'L2_hidden_dim': 224, 'L2_layers_atom': 4, 'L2_layers_mol': 1, 'L2_out_dim': 96, 'L2_dropout': 0.014849491886211133, 'L3_hidden_dim': 80, 'L3_layers_atom': 4, 'L3_layers_mol': 3, 'L3_out_dim': 64, 'L3_dropout': 0.2613865951185481, 'n_mlp_layers': 2, 'mlp_dim_0': 512, 'mlp_dim_1': 280, 'num_heads': 1, 'final_dropout': 0.22130463189698593, 'train_learning_rate': 0.00018386679396193329, 'train_lr_reduce': 0.6}. Best is trial 570 with value: 0.00952998548746109.
[I 2024-12-24 22:39:01,175] Trial 758 finished with value: 0.019000472500920296 and parameters: {'L1_hidden_dim': 240, 'L1_layers_atom': 1, 'L1_layers_mol': 4, 'L1_dropout': 0.015016475993542024, 'L1_out_dim': 80, 'L2_hidden_dim': 112, 'L2_layers_atom': 3, 'L2_layers_mol': 1, 'L2_out_dim': 32, 'L2_dropout': 0.11659765444192906, 'L3_hidden_dim': 128, 'L3_layers_atom': 4, 'L3_layers_mol': 1, 'L3_out_dim': 128, 'L3_dropout': 0.2682451325595345, 'n_mlp_layers': 1, 'mlp_dim_0': 472, 'num_heads': 1, 'final_dropout': 0.25382254648195146, 'train_learning_rate': 0.007393227743845391, 'train_lr_reduce': 0.6}. Best is trial 570 with value: 0.00952998548746109.
[I 2024-12-24 22:39:23,069] Trial 757 finished with value: 0.011001833714544773 and parameters: {'L1_hidden_dim': 128, 'L1_layers_atom': 3, 'L1_layers_mol': 4, 'L1_dropout': 0.01597724596646093, 'L1_out_dim': 48, 'L2_hidden_dim': 160, 'L2_layers_atom': 4, 'L2_layers_mol': 3, 'L2_out_dim': 80, 'L2_dropout': 0.2316675052889745, 'L3_hidden_dim': 96, 'L3_layers_atom': 4, 'L3_layers_mol': 3, 'L3_out_dim': 112, 'L3_dropout': 0.1871743878209356, 'n_mlp_layers': 3, 'mlp_dim_0': 128, 'mlp_dim_1': 336, 'mlp_dim_2': 80, 'num_heads': 2, 'final_dropout': 0.003159873189836085, 'train_learning_rate': 0.00047450543087580423, 'train_lr_reduce': 0.6}. Best is trial 570 with value: 0.00952998548746109.
[I 2024-12-24 22:40:38,351] Trial 761 finished with value: 0.031713392585515976 and parameters: {'L1_hidden_dim': 256, 'L1_layers_atom': 4, 'L1_layers_mol': 3, 'L1_dropout': 0.02668739634534516, 'L1_out_dim': 48, 'L2_hidden_dim': 192, 'L2_layers_atom': 4, 'L2_layers_mol': 2, 'L2_out_dim': 48, 'L2_dropout': 0.22936680121086336, 'L3_hidden_dim': 128, 'L3_layers_atom': 4, 'L3_layers_mol': 2, 'L3_out_dim': 128, 'L3_dropout': 0.24167763420395938, 'n_mlp_layers': 3, 'mlp_dim_0': 224, 'mlp_dim_1': 336, 'mlp_dim_2': 80, 'num_heads': 2, 'final_dropout': 0.03898252683147454, 'train_learning_rate': 0.0011639812767775138, 'train_lr_reduce': 0.6}. Best is trial 570 with value: 0.00952998548746109.
[I 2024-12-24 22:40:42,907] Trial 759 finished with value: 0.012690741568803787 and parameters: {'L1_hidden_dim': 112, 'L1_layers_atom': 3, 'L1_layers_mol': 2, 'L1_dropout': 0.007872873320813246, 'L1_out_dim': 32, 'L2_hidden_dim': 64, 'L2_layers_atom': 4, 'L2_layers_mol': 1, 'L2_out_dim': 128, 'L2_dropout': 0.12579451997413224, 'L3_hidden_dim': 80, 'L3_layers_atom': 4, 'L3_layers_mol': 1, 'L3_out_dim': 128, 'L3_dropout': 0.2823602642494965, 'n_mlp_layers': 1, 'mlp_dim_0': 104, 'num_heads': 1, 'final_dropout': 0.027440734046942375, 'train_learning_rate': 0.0009672586502146064, 'train_lr_reduce': 0.6}. Best is trial 570 with value: 0.00952998548746109.
[I 2024-12-24 22:41:56,414] Trial 760 finished with value: 0.011235225014388561 and parameters: {'L1_hidden_dim': 256, 'L1_layers_atom': 4, 'L1_layers_mol': 2, 'L1_dropout': 0.07341356987784668, 'L1_out_dim': 64, 'L2_hidden_dim': 208, 'L2_layers_atom': 4, 'L2_layers_mol': 1, 'L2_out_dim': 80, 'L2_dropout': 0.12704715081187248, 'L3_hidden_dim': 128, 'L3_layers_atom': 4, 'L3_layers_mol': 2, 'L3_out_dim': 128, 'L3_dropout': 0.21868650750785437, 'n_mlp_layers': 3, 'mlp_dim_0': 120, 'mlp_dim_1': 392, 'mlp_dim_2': 72, 'num_heads': 2, 'final_dropout': 0.11519882873843565, 'train_learning_rate': 0.0004760289382612663, 'train_lr_reduce': 0.6}. Best is trial 570 with value: 0.00952998548746109.
[I 2024-12-24 22:43:51,322] Trial 763 finished with value: 0.010799753479659557 and parameters: {'L1_hidden_dim': 256, 'L1_layers_atom': 3, 'L1_layers_mol': 2, 'L1_dropout': 0.029546121473280958, 'L1_out_dim': 48, 'L2_hidden_dim': 224, 'L2_layers_atom': 4, 'L2_layers_mol': 1, 'L2_out_dim': 32, 'L2_dropout': 0.16347343366455888, 'L3_hidden_dim': 128, 'L3_layers_atom': 4, 'L3_layers_mol': 4, 'L3_out_dim': 112, 'L3_dropout': 0.272060245663632, 'n_mlp_layers': 3, 'mlp_dim_0': 328, 'mlp_dim_1': 296, 'mlp_dim_2': 96, 'num_heads': 2, 'final_dropout': 0.11871129830380989, 'train_learning_rate': 0.0011504803148503857, 'train_lr_reduce': 0.6}. Best is trial 570 with value: 0.00952998548746109.
[I 2024-12-24 22:43:57,709] Trial 762 finished with value: 0.011203399859368801 and parameters: {'L1_hidden_dim': 176, 'L1_layers_atom': 2, 'L1_layers_mol': 4, 'L1_dropout': 0.11146842599425426, 'L1_out_dim': 48, 'L2_hidden_dim': 224, 'L2_layers_atom': 3, 'L2_layers_mol': 1, 'L2_out_dim': 48, 'L2_dropout': 0.19578232372342577, 'L3_hidden_dim': 64, 'L3_layers_atom': 4, 'L3_layers_mol': 4, 'L3_out_dim': 128, 'L3_dropout': 0.2535148586158712, 'n_mlp_layers': 2, 'mlp_dim_0': 272, 'mlp_dim_1': 336, 'num_heads': 2, 'final_dropout': 0.07796125854067776, 'train_learning_rate': 0.0003632490694504227, 'train_lr_reduce': 0.6}. Best is trial 570 with value: 0.00952998548746109.
[I 2024-12-24 22:44:32,764] Trial 765 finished with value: 0.1301189363002777 and parameters: {'L1_hidden_dim': 192, 'L1_layers_atom': 2, 'L1_layers_mol': 4, 'L1_dropout': 0.04899077896748306, 'L1_out_dim': 80, 'L2_hidden_dim': 96, 'L2_layers_atom': 4, 'L2_layers_mol': 1, 'L2_out_dim': 32, 'L2_dropout': 0.07377893137967445, 'L3_hidden_dim': 128, 'L3_layers_atom': 2, 'L3_layers_mol': 1, 'L3_out_dim': 112, 'L3_dropout': 0.18148022092869645, 'n_mlp_layers': 1, 'mlp_dim_0': 512, 'num_heads': 1, 'final_dropout': 0.2495640063459393, 'train_learning_rate': 0.0008835200642424028, 'train_lr_reduce': 0.6}. Best is trial 570 with value: 0.00952998548746109.
[I 2024-12-24 22:45:36,911] Trial 764 finished with value: 0.011142484843730927 and parameters: {'L1_hidden_dim': 224, 'L1_layers_atom': 4, 'L1_layers_mol': 2, 'L1_dropout': 0.05595842236004303, 'L1_out_dim': 32, 'L2_hidden_dim': 208, 'L2_layers_atom': 4, 'L2_layers_mol': 2, 'L2_out_dim': 96, 'L2_dropout': 0.0612446208161535, 'L3_hidden_dim': 128, 'L3_layers_atom': 4, 'L3_layers_mol': 4, 'L3_out_dim': 128, 'L3_dropout': 0.2955536530920625, 'n_mlp_layers': 3, 'mlp_dim_0': 296, 'mlp_dim_1': 376, 'mlp_dim_2': 104, 'num_heads': 2, 'final_dropout': 0.07953804719600914, 'train_learning_rate': 0.0005739347438843797, 'train_lr_reduce': 0.6}. Best is trial 570 with value: 0.00952998548746109.
[I 2024-12-24 22:47:54,449] Trial 766 finished with value: 0.01202017068862915 and parameters: {'L1_hidden_dim': 224, 'L1_layers_atom': 4, 'L1_layers_mol': 3, 'L1_dropout': 0.0012326045513661912, 'L1_out_dim': 32, 'L2_hidden_dim': 208, 'L2_layers_atom': 4, 'L2_layers_mol': 1, 'L2_out_dim': 48, 'L2_dropout': 0.12481807288544831, 'L3_hidden_dim': 128, 'L3_layers_atom': 3, 'L3_layers_mol': 4, 'L3_out_dim': 128, 'L3_dropout': 0.1077687085187239, 'n_mlp_layers': 3, 'mlp_dim_0': 384, 'mlp_dim_1': 296, 'mlp_dim_2': 32, 'num_heads': 2, 'final_dropout': 0.07397742808274835, 'train_learning_rate': 0.0003353886527318081, 'train_lr_reduce': 0.6}. Best is trial 570 with value: 0.00952998548746109.
[I 2024-12-24 22:48:01,695] Trial 767 finished with value: 0.011248238384723663 and parameters: {'L1_hidden_dim': 240, 'L1_layers_atom': 2, 'L1_layers_mol': 4, 'L1_dropout': 0.09152501113273041, 'L1_out_dim': 32, 'L2_hidden_dim': 208, 'L2_layers_atom': 4, 'L2_layers_mol': 2, 'L2_out_dim': 64, 'L2_dropout': 0.23872948734334437, 'L3_hidden_dim': 112, 'L3_layers_atom': 4, 'L3_layers_mol': 3, 'L3_out_dim': 96, 'L3_dropout': 0.18730915205935678, 'n_mlp_layers': 3, 'mlp_dim_0': 144, 'mlp_dim_1': 344, 'mlp_dim_2': 128, 'num_heads': 2, 'final_dropout': 0.025560816435383642, 'train_learning_rate': 0.0003684891627827209, 'train_lr_reduce': 0.6}. Best is trial 570 with value: 0.00952998548746109.
[I 2024-12-24 22:48:09,863] Trial 768 finished with value: 0.01093396544456482 and parameters: {'L1_hidden_dim': 192, 'L1_layers_atom': 2, 'L1_layers_mol': 4, 'L1_dropout': 0.00127701263497147, 'L1_out_dim': 48, 'L2_hidden_dim': 192, 'L2_layers_atom': 4, 'L2_layers_mol': 1, 'L2_out_dim': 64, 'L2_dropout': 0.20835024604969402, 'L3_hidden_dim': 96, 'L3_layers_atom': 4, 'L3_layers_mol': 3, 'L3_out_dim': 128, 'L3_dropout': 0.18555335573730986, 'n_mlp_layers': 3, 'mlp_dim_0': 104, 'mlp_dim_1': 288, 'mlp_dim_2': 128, 'num_heads': 2, 'final_dropout': 0.14687053854979423, 'train_learning_rate': 0.001193932762382511, 'train_lr_reduce': 0.6}. Best is trial 570 with value: 0.00952998548746109.
[I 2024-12-24 22:48:16,407] Trial 769 finished with value: 0.696489155292511 and parameters: {'L1_hidden_dim': 256, 'L1_layers_atom': 2, 'L1_layers_mol': 4, 'L1_dropout': 0.025571241409150656, 'L1_out_dim': 96, 'L2_hidden_dim': 208, 'L2_layers_atom': 3, 'L2_layers_mol': 4, 'L2_out_dim': 32, 'L2_dropout': 0.08893541719667103, 'L3_hidden_dim': 48, 'L3_layers_atom': 4, 'L3_layers_mol': 1, 'L3_out_dim': 128, 'L3_dropout': 0.15443187808572195, 'n_mlp_layers': 3, 'mlp_dim_0': 40, 'mlp_dim_1': 440, 'mlp_dim_2': 88, 'num_heads': 2, 'final_dropout': 0.2361727832261985, 'train_learning_rate': 0.005717693426541541, 'train_lr_reduce': 0.6}. Best is trial 570 with value: 0.00952998548746109.
[I 2024-12-24 22:50:33,529] Trial 771 finished with value: 0.010800101794302464 and parameters: {'L1_hidden_dim': 256, 'L1_layers_atom': 4, 'L1_layers_mol': 4, 'L1_dropout': 0.048727201741063646, 'L1_out_dim': 48, 'L2_hidden_dim': 240, 'L2_layers_atom': 3, 'L2_layers_mol': 1, 'L2_out_dim': 32, 'L2_dropout': 0.24396856492143532, 'L3_hidden_dim': 128, 'L3_layers_atom': 4, 'L3_layers_mol': 4, 'L3_out_dim': 128, 'L3_dropout': 0.23519618699398115, 'n_mlp_layers': 3, 'mlp_dim_0': 392, 'mlp_dim_1': 368, 'mlp_dim_2': 152, 'num_heads': 2, 'final_dropout': 0.004637019875174633, 'train_learning_rate': 0.0011503445480392828, 'train_lr_reduce': 0.6}. Best is trial 570 with value: 0.00952998548746109.
