[I 2024-12-25 15:04:09,352] Trial 321 finished with value: 1.1755850315093994 and parameters: {'L1_hidden_dim': 64, 'L1_layers_atom': 2, 'L1_layers_mol': 4, 'L1_dropout': 0.1900658560046247, 'L1_out_dim': 112, 'L2_hidden_dim': 208, 'L2_layers_atom': 3, 'L2_layers_mol': 3, 'L2_out_dim': 112, 'L2_dropout': 0.00746354520590712, 'L3_hidden_dim': 128, 'L3_layers_atom': 3, 'L3_layers_mol': 2, 'L3_out_dim': 128, 'L3_dropout': 0.09513646736258194, 'n_mlp_layers': 3, 'mlp_dim_0': 264, 'mlp_dim_1': 456, 'mlp_dim_2': 248, 'num_heads': 1, 'final_dropout': 0.036051506110421766, 'train_learning_rate': 0.0008291255631306793, 'train_lr_reduce': 0.6}. Best is trial 316 with value: 0.057405441999435425.
[I 2024-12-25 15:04:48,081] Trial 320 finished with value: 0.07243426889181137 and parameters: {'L1_hidden_dim': 64, 'L1_layers_atom': 4, 'L1_layers_mol': 2, 'L1_dropout': 0.223057984305725, 'L1_out_dim': 112, 'L2_hidden_dim': 176, 'L2_layers_atom': 4, 'L2_layers_mol': 1, 'L2_out_dim': 96, 'L2_dropout': 0.03133931676439544, 'L3_hidden_dim': 48, 'L3_layers_atom': 3, 'L3_layers_mol': 1, 'L3_out_dim': 80, 'L3_dropout': 0.2536748589471183, 'n_mlp_layers': 3, 'mlp_dim_0': 72, 'mlp_dim_1': 456, 'mlp_dim_2': 160, 'num_heads': 1, 'final_dropout': 0.04053285534545012, 'train_learning_rate': 0.002786282562242244, 'train_lr_reduce': 0.6}. Best is trial 316 with value: 0.057405441999435425.
[I 2024-12-25 15:05:25,699] Trial 323 finished with value: 0.06406271457672119 and parameters: {'L1_hidden_dim': 64, 'L1_layers_atom': 2, 'L1_layers_mol': 1, 'L1_dropout': 0.2236735557062398, 'L1_out_dim': 32, 'L2_hidden_dim': 160, 'L2_layers_atom': 1, 'L2_layers_mol': 1, 'L2_out_dim': 128, 'L2_dropout': 0.05624522944587964, 'L3_hidden_dim': 112, 'L3_layers_atom': 3, 'L3_layers_mol': 1, 'L3_out_dim': 80, 'L3_dropout': 0.05788938091799893, 'n_mlp_layers': 2, 'mlp_dim_0': 424, 'mlp_dim_1': 464, 'num_heads': 1, 'final_dropout': 0.0463025410454824, 'train_learning_rate': 0.0004961627842188124, 'train_lr_reduce': 0.6}. Best is trial 316 with value: 0.057405441999435425.
[I 2024-12-25 15:05:27,772] Trial 322 finished with value: 0.0802038386464119 and parameters: {'L1_hidden_dim': 64, 'L1_layers_atom': 2, 'L1_layers_mol': 1, 'L1_dropout': 0.14340147220642635, 'L1_out_dim': 32, 'L2_hidden_dim': 112, 'L2_layers_atom': 2, 'L2_layers_mol': 1, 'L2_out_dim': 128, 'L2_dropout': 0.08485602027076117, 'L3_hidden_dim': 64, 'L3_layers_atom': 3, 'L3_layers_mol': 2, 'L3_out_dim': 64, 'L3_dropout': 0.06142542290825537, 'n_mlp_layers': 1, 'mlp_dim_0': 304, 'num_heads': 1, 'final_dropout': 0.04450531953471355, 'train_learning_rate': 0.0005950917070384309, 'train_lr_reduce': 0.6}. Best is trial 316 with value: 0.057405441999435425.
[I 2024-12-25 15:05:52,960] Trial 324 finished with value: 0.11106319725513458 and parameters: {'L1_hidden_dim': 96, 'L1_layers_atom': 3, 'L1_layers_mol': 2, 'L1_dropout': 0.2091388450309819, 'L1_out_dim': 128, 'L2_hidden_dim': 208, 'L2_layers_atom': 2, 'L2_layers_mol': 2, 'L2_out_dim': 128, 'L2_dropout': 0.0069815592139577075, 'L3_hidden_dim': 96, 'L3_layers_atom': 3, 'L3_layers_mol': 1, 'L3_out_dim': 128, 'L3_dropout': 0.1845155355313326, 'n_mlp_layers': 3, 'mlp_dim_0': 248, 'mlp_dim_1': 512, 'mlp_dim_2': 160, 'num_heads': 1, 'final_dropout': 0.2106670069999625, 'train_learning_rate': 0.0030190373938471984, 'train_lr_reduce': 0.6}. Best is trial 316 with value: 0.057405441999435425.
[I 2024-12-25 15:06:46,602] Trial 326 finished with value: 0.08930836617946625 and parameters: {'L1_hidden_dim': 64, 'L1_layers_atom': 1, 'L1_layers_mol': 1, 'L1_dropout': 0.2223746567462252, 'L1_out_dim': 32, 'L2_hidden_dim': 144, 'L2_layers_atom': 1, 'L2_layers_mol': 2, 'L2_out_dim': 128, 'L2_dropout': 0.047030072397655595, 'L3_hidden_dim': 112, 'L3_layers_atom': 3, 'L3_layers_mol': 1, 'L3_out_dim': 80, 'L3_dropout': 0.1304233438009917, 'n_mlp_layers': 3, 'mlp_dim_0': 456, 'mlp_dim_1': 464, 'mlp_dim_2': 64, 'num_heads': 1, 'final_dropout': 0.008499189533264638, 'train_learning_rate': 0.0005001633853304667, 'train_lr_reduce': 0.6}. Best is trial 316 with value: 0.057405441999435425.
[I 2024-12-25 15:07:33,630] Trial 325 finished with value: 0.06510597467422485 and parameters: {'L1_hidden_dim': 96, 'L1_layers_atom': 2, 'L1_layers_mol': 1, 'L1_dropout': 0.14931291342227174, 'L1_out_dim': 48, 'L2_hidden_dim': 112, 'L2_layers_atom': 2, 'L2_layers_mol': 1, 'L2_out_dim': 128, 'L2_dropout': 0.06324792832784584, 'L3_hidden_dim': 96, 'L3_layers_atom': 4, 'L3_layers_mol': 1, 'L3_out_dim': 64, 'L3_dropout': 0.021099583999755575, 'n_mlp_layers': 2, 'mlp_dim_0': 408, 'mlp_dim_1': 456, 'num_heads': 1, 'final_dropout': 0.08555162593014694, 'train_learning_rate': 0.00014814653215821155, 'train_lr_reduce': 0.6}. Best is trial 316 with value: 0.057405441999435425.
[I 2024-12-25 15:08:06,837] Trial 327 finished with value: 0.06346874684095383 and parameters: {'L1_hidden_dim': 96, 'L1_layers_atom': 4, 'L1_layers_mol': 4, 'L1_dropout': 0.2795716995279042, 'L1_out_dim': 64, 'L2_hidden_dim': 256, 'L2_layers_atom': 3, 'L2_layers_mol': 1, 'L2_out_dim': 80, 'L2_dropout': 0.10069456563376383, 'L3_hidden_dim': 64, 'L3_layers_atom': 4, 'L3_layers_mol': 2, 'L3_out_dim': 128, 'L3_dropout': 0.003669201447057867, 'n_mlp_layers': 3, 'mlp_dim_0': 208, 'mlp_dim_1': 464, 'mlp_dim_2': 112, 'num_heads': 1, 'final_dropout': 0.1305508731274244, 'train_learning_rate': 0.0005892481530511592, 'train_lr_reduce': 0.6}. Best is trial 316 with value: 0.057405441999435425.
[I 2024-12-25 15:09:23,269] Trial 329 finished with value: 0.08881951868534088 and parameters: {'L1_hidden_dim': 80, 'L1_layers_atom': 3, 'L1_layers_mol': 1, 'L1_dropout': 0.2533004899110431, 'L1_out_dim': 48, 'L2_hidden_dim': 96, 'L2_layers_atom': 1, 'L2_layers_mol': 1, 'L2_out_dim': 128, 'L2_dropout': 0.09680416533468504, 'L3_hidden_dim': 128, 'L3_layers_atom': 3, 'L3_layers_mol': 2, 'L3_out_dim': 64, 'L3_dropout': 0.09728602064671305, 'n_mlp_layers': 2, 'mlp_dim_0': 480, 'mlp_dim_1': 432, 'num_heads': 1, 'final_dropout': 0.08644768676262982, 'train_learning_rate': 0.00044678647083308326, 'train_lr_reduce': 0.6}. Best is trial 316 with value: 0.057405441999435425.
[I 2024-12-25 15:09:48,812] Trial 330 finished with value: 0.0612228699028492 and parameters: {'L1_hidden_dim': 64, 'L1_layers_atom': 3, 'L1_layers_mol': 3, 'L1_dropout': 0.2503407879335555, 'L1_out_dim': 96, 'L2_hidden_dim': 256, 'L2_layers_atom': 3, 'L2_layers_mol': 3, 'L2_out_dim': 48, 'L2_dropout': 0.07356234636726708, 'L3_hidden_dim': 64, 'L3_layers_atom': 4, 'L3_layers_mol': 2, 'L3_out_dim': 112, 'L3_dropout': 0.04666361849532896, 'n_mlp_layers': 3, 'mlp_dim_0': 360, 'mlp_dim_1': 448, 'mlp_dim_2': 48, 'num_heads': 1, 'final_dropout': 0.17155467205968689, 'train_learning_rate': 0.0014830260000786581, 'train_lr_reduce': 0.6}. Best is trial 316 with value: 0.057405441999435425.
[I 2024-12-25 15:09:54,852] Trial 328 finished with value: 0.08541709929704666 and parameters: {'L1_hidden_dim': 80, 'L1_layers_atom': 3, 'L1_layers_mol': 2, 'L1_dropout': 0.2135109622596899, 'L1_out_dim': 64, 'L2_hidden_dim': 192, 'L2_layers_atom': 2, 'L2_layers_mol': 2, 'L2_out_dim': 128, 'L2_dropout': 0.005709348071442192, 'L3_hidden_dim': 32, 'L3_layers_atom': 3, 'L3_layers_mol': 1, 'L3_out_dim': 128, 'L3_dropout': 0.21703303011013753, 'n_mlp_layers': 1, 'mlp_dim_0': 80, 'num_heads': 2, 'final_dropout': 0.024847475984237973, 'train_learning_rate': 0.0002104808830966971, 'train_lr_reduce': 0.6}. Best is trial 316 with value: 0.057405441999435425.
[I 2024-12-25 15:11:21,166] Trial 331 finished with value: 0.09921612590551376 and parameters: {'L1_hidden_dim': 112, 'L1_layers_atom': 4, 'L1_layers_mol': 4, 'L1_dropout': 0.2911306393254706, 'L1_out_dim': 64, 'L2_hidden_dim': 224, 'L2_layers_atom': 2, 'L2_layers_mol': 2, 'L2_out_dim': 64, 'L2_dropout': 0.1506350481363823, 'L3_hidden_dim': 80, 'L3_layers_atom': 3, 'L3_layers_mol': 2, 'L3_out_dim': 112, 'L3_dropout': 0.018728083346698423, 'n_mlp_layers': 3, 'mlp_dim_0': 240, 'mlp_dim_1': 448, 'mlp_dim_2': 112, 'num_heads': 1, 'final_dropout': 0.0931711245890881, 'train_learning_rate': 0.00021294443716613992, 'train_lr_reduce': 0.6}. Best is trial 316 with value: 0.057405441999435425.
[I 2024-12-25 15:11:22,628] Trial 332 finished with value: 0.04597867280244827 and parameters: {'L1_hidden_dim': 80, 'L1_layers_atom': 4, 'L1_layers_mol': 4, 'L1_dropout': 0.25831441193869775, 'L1_out_dim': 80, 'L2_hidden_dim': 256, 'L2_layers_atom': 3, 'L2_layers_mol': 3, 'L2_out_dim': 32, 'L2_dropout': 0.057512938775638955, 'L3_hidden_dim': 64, 'L3_layers_atom': 4, 'L3_layers_mol': 2, 'L3_out_dim': 80, 'L3_dropout': 0.017739984582873486, 'n_mlp_layers': 3, 'mlp_dim_0': 304, 'mlp_dim_1': 456, 'mlp_dim_2': 72, 'num_heads': 1, 'final_dropout': 0.1201486406895621, 'train_learning_rate': 0.003288932135857501, 'train_lr_reduce': 0.6}. Best is trial 332 with value: 0.04597867280244827.
[I 2024-12-25 15:11:25,765] Trial 333 finished with value: 0.07382212579250336 and parameters: {'L1_hidden_dim': 80, 'L1_layers_atom': 2, 'L1_layers_mol': 3, 'L1_dropout': 0.21111694894073163, 'L1_out_dim': 112, 'L2_hidden_dim': 160, 'L2_layers_atom': 3, 'L2_layers_mol': 4, 'L2_out_dim': 48, 'L2_dropout': 0.03931251491971951, 'L3_hidden_dim': 80, 'L3_layers_atom': 4, 'L3_layers_mol': 3, 'L3_out_dim': 112, 'L3_dropout': 0.018339807289813, 'n_mlp_layers': 3, 'mlp_dim_0': 408, 'mlp_dim_1': 464, 'mlp_dim_2': 56, 'num_heads': 1, 'final_dropout': 0.15218781169008155, 'train_learning_rate': 0.0021557266824527906, 'train_lr_reduce': 0.6}. Best is trial 332 with value: 0.04597867280244827.
[I 2024-12-25 15:12:52,901] Trial 336 finished with value: 0.07885648310184479 and parameters: {'L1_hidden_dim': 112, 'L1_layers_atom': 3, 'L1_layers_mol': 2, 'L1_dropout': 0.23066700367983844, 'L1_out_dim': 96, 'L2_hidden_dim': 256, 'L2_layers_atom': 2, 'L2_layers_mol': 3, 'L2_out_dim': 64, 'L2_dropout': 0.15125914804712293, 'L3_hidden_dim': 64, 'L3_layers_atom': 4, 'L3_layers_mol': 3, 'L3_out_dim': 128, 'L3_dropout': 0.03803762109398014, 'n_mlp_layers': 3, 'mlp_dim_0': 416, 'mlp_dim_1': 472, 'mlp_dim_2': 48, 'num_heads': 1, 'final_dropout': 0.19863494419272493, 'train_learning_rate': 0.0004668943950008089, 'train_lr_reduce': 0.6}. Best is trial 332 with value: 0.04597867280244827.
[I 2024-12-25 15:13:17,217] Trial 335 finished with value: 0.08165997266769409 and parameters: {'L1_hidden_dim': 144, 'L1_layers_atom': 4, 'L1_layers_mol': 4, 'L1_dropout': 0.2297166139321936, 'L1_out_dim': 96, 'L2_hidden_dim': 256, 'L2_layers_atom': 3, 'L2_layers_mol': 2, 'L2_out_dim': 32, 'L2_dropout': 0.033598320726326764, 'L3_hidden_dim': 64, 'L3_layers_atom': 4, 'L3_layers_mol': 3, 'L3_out_dim': 80, 'L3_dropout': 0.10641234526649458, 'n_mlp_layers': 3, 'mlp_dim_0': 208, 'mlp_dim_1': 472, 'mlp_dim_2': 32, 'num_heads': 1, 'final_dropout': 0.136484194316777, 'train_learning_rate': 0.0018787000854949042, 'train_lr_reduce': 0.6}. Best is trial 332 with value: 0.04597867280244827.
[I 2024-12-25 15:13:23,513] Trial 334 finished with value: 0.07765927165746689 and parameters: {'L1_hidden_dim': 80, 'L1_layers_atom': 2, 'L1_layers_mol': 2, 'L1_dropout': 0.2914895136278605, 'L1_out_dim': 64, 'L2_hidden_dim': 256, 'L2_layers_atom': 3, 'L2_layers_mol': 1, 'L2_out_dim': 112, 'L2_dropout': 0.00037338668662977026, 'L3_hidden_dim': 112, 'L3_layers_atom': 3, 'L3_layers_mol': 1, 'L3_out_dim': 112, 'L3_dropout': 0.26371167832295944, 'n_mlp_layers': 2, 'mlp_dim_0': 168, 'mlp_dim_1': 464, 'num_heads': 1, 'final_dropout': 0.2784561083500956, 'train_learning_rate': 0.0020414646307500037, 'train_lr_reduce': 0.6}. Best is trial 332 with value: 0.04597867280244827.
[I 2024-12-25 15:14:23,694] Trial 337 finished with value: 0.08508513867855072 and parameters: {'L1_hidden_dim': 64, 'L1_layers_atom': 3, 'L1_layers_mol': 4, 'L1_dropout': 0.21614147272124168, 'L1_out_dim': 80, 'L2_hidden_dim': 256, 'L2_layers_atom': 3, 'L2_layers_mol': 3, 'L2_out_dim': 48, 'L2_dropout': 0.010177088569822232, 'L3_hidden_dim': 32, 'L3_layers_atom': 4, 'L3_layers_mol': 1, 'L3_out_dim': 64, 'L3_dropout': 0.019292884534052656, 'n_mlp_layers': 3, 'mlp_dim_0': 336, 'mlp_dim_1': 472, 'mlp_dim_2': 48, 'num_heads': 1, 'final_dropout': 0.14033917234523974, 'train_learning_rate': 0.0023672456953410474, 'train_lr_reduce': 0.6}. Best is trial 332 with value: 0.04597867280244827.
[I 2024-12-25 15:14:52,133] Trial 339 finished with value: 0.07487821578979492 and parameters: {'L1_hidden_dim': 64, 'L1_layers_atom': 2, 'L1_layers_mol': 1, 'L1_dropout': 0.2414290713720052, 'L1_out_dim': 48, 'L2_hidden_dim': 208, 'L2_layers_atom': 1, 'L2_layers_mol': 1, 'L2_out_dim': 128, 'L2_dropout': 0.09871299765352554, 'L3_hidden_dim': 128, 'L3_layers_atom': 3, 'L3_layers_mol': 2, 'L3_out_dim': 80, 'L3_dropout': 0.06158719763835725, 'n_mlp_layers': 2, 'mlp_dim_0': 368, 'mlp_dim_1': 512, 'num_heads': 2, 'final_dropout': 0.035030933114504045, 'train_learning_rate': 0.00031652449082312714, 'train_lr_reduce': 0.6}. Best is trial 332 with value: 0.04597867280244827.
[I 2024-12-25 15:14:53,092] Trial 338 finished with value: 0.0800785943865776 and parameters: {'L1_hidden_dim': 112, 'L1_layers_atom': 3, 'L1_layers_mol': 4, 'L1_dropout': 0.22510146229660977, 'L1_out_dim': 64, 'L2_hidden_dim': 256, 'L2_layers_atom': 3, 'L2_layers_mol': 3, 'L2_out_dim': 48, 'L2_dropout': 0.12762180145024024, 'L3_hidden_dim': 80, 'L3_layers_atom': 3, 'L3_layers_mol': 2, 'L3_out_dim': 96, 'L3_dropout': 0.06307161332762323, 'n_mlp_layers': 3, 'mlp_dim_0': 440, 'mlp_dim_1': 472, 'mlp_dim_2': 88, 'num_heads': 2, 'final_dropout': 0.12209846782019765, 'train_learning_rate': 0.0007836561771591117, 'train_lr_reduce': 0.6}. Best is trial 332 with value: 0.04597867280244827.
[I 2024-12-25 15:16:31,984] Trial 340 finished with value: 0.07116483151912689 and parameters: {'L1_hidden_dim': 96, 'L1_layers_atom': 4, 'L1_layers_mol': 3, 'L1_dropout': 0.13085324603629794, 'L1_out_dim': 48, 'L2_hidden_dim': 224, 'L2_layers_atom': 3, 'L2_layers_mol': 2, 'L2_out_dim': 128, 'L2_dropout': 0.059622842537291665, 'L3_hidden_dim': 112, 'L3_layers_atom': 1, 'L3_layers_mol': 2, 'L3_out_dim': 112, 'L3_dropout': 0.28478565500873904, 'n_mlp_layers': 3, 'mlp_dim_0': 256, 'mlp_dim_1': 456, 'mlp_dim_2': 88, 'num_heads': 2, 'final_dropout': 0.05597730644600061, 'train_learning_rate': 0.0007534835614209875, 'train_lr_reduce': 0.6}. Best is trial 332 with value: 0.04597867280244827.
[I 2024-12-25 15:16:47,620] Trial 341 finished with value: 0.07185693830251694 and parameters: {'L1_hidden_dim': 64, 'L1_layers_atom': 3, 'L1_layers_mol': 1, 'L1_dropout': 0.09312948118270016, 'L1_out_dim': 64, 'L2_hidden_dim': 240, 'L2_layers_atom': 2, 'L2_layers_mol': 3, 'L2_out_dim': 112, 'L2_dropout': 0.0018474947980417836, 'L3_hidden_dim': 128, 'L3_layers_atom': 3, 'L3_layers_mol': 3, 'L3_out_dim': 112, 'L3_dropout': 0.11385581974789974, 'n_mlp_layers': 2, 'mlp_dim_0': 120, 'mlp_dim_1': 512, 'num_heads': 2, 'final_dropout': 0.054787124876981064, 'train_learning_rate': 0.00028697646534493184, 'train_lr_reduce': 0.6}. Best is trial 332 with value: 0.04597867280244827.
[I 2024-12-25 15:17:18,786] Trial 342 finished with value: 0.07797349989414215 and parameters: {'L1_hidden_dim': 64, 'L1_layers_atom': 3, 'L1_layers_mol': 4, 'L1_dropout': 0.14653529398079979, 'L1_out_dim': 80, 'L2_hidden_dim': 256, 'L2_layers_atom': 3, 'L2_layers_mol': 3, 'L2_out_dim': 48, 'L2_dropout': 0.12197875870680432, 'L3_hidden_dim': 64, 'L3_layers_atom': 4, 'L3_layers_mol': 1, 'L3_out_dim': 128, 'L3_dropout': 0.09553378088899248, 'n_mlp_layers': 3, 'mlp_dim_0': 376, 'mlp_dim_1': 456, 'mlp_dim_2': 64, 'num_heads': 1, 'final_dropout': 0.14754187688298281, 'train_learning_rate': 0.0011121916001085267, 'train_lr_reduce': 0.6}. Best is trial 332 with value: 0.04597867280244827.
[I 2024-12-25 15:17:48,015] Trial 343 finished with value: 0.07584159821271896 and parameters: {'L1_hidden_dim': 64, 'L1_layers_atom': 3, 'L1_layers_mol': 3, 'L1_dropout': 0.2692629109395193, 'L1_out_dim': 128, 'L2_hidden_dim': 224, 'L2_layers_atom': 3, 'L2_layers_mol': 1, 'L2_out_dim': 96, 'L2_dropout': 0.03800939292168595, 'L3_hidden_dim': 96, 'L3_layers_atom': 3, 'L3_layers_mol': 1, 'L3_out_dim': 64, 'L3_dropout': 0.19521639670426383, 'n_mlp_layers': 2, 'mlp_dim_0': 56, 'mlp_dim_1': 464, 'num_heads': 1, 'final_dropout': 0.03083239286040158, 'train_learning_rate': 0.001288836848979754, 'train_lr_reduce': 0.6}. Best is trial 332 with value: 0.04597867280244827.
[I 2024-12-25 15:18:49,295] Trial 345 finished with value: 0.0914958193898201 and parameters: {'L1_hidden_dim': 96, 'L1_layers_atom': 4, 'L1_layers_mol': 4, 'L1_dropout': 0.2728505877607848, 'L1_out_dim': 64, 'L2_hidden_dim': 240, 'L2_layers_atom': 3, 'L2_layers_mol': 3, 'L2_out_dim': 32, 'L2_dropout': 0.0715683401836806, 'L3_hidden_dim': 80, 'L3_layers_atom': 4, 'L3_layers_mol': 2, 'L3_out_dim': 64, 'L3_dropout': 0.07976375728200868, 'n_mlp_layers': 3, 'mlp_dim_0': 304, 'mlp_dim_1': 416, 'mlp_dim_2': 96, 'num_heads': 1, 'final_dropout': 0.1690726279495024, 'train_learning_rate': 0.00499454873366924, 'train_lr_reduce': 0.6}. Best is trial 332 with value: 0.04597867280244827.
[I 2024-12-25 15:18:53,836] Trial 346 finished with value: 0.07041986286640167 and parameters: {'L1_hidden_dim': 80, 'L1_layers_atom': 1, 'L1_layers_mol': 3, 'L1_dropout': 0.20748926468801354, 'L1_out_dim': 96, 'L2_hidden_dim': 208, 'L2_layers_atom': 2, 'L2_layers_mol': 1, 'L2_out_dim': 32, 'L2_dropout': 0.11436302394964713, 'L3_hidden_dim': 64, 'L3_layers_atom': 4, 'L3_layers_mol': 1, 'L3_out_dim': 80, 'L3_dropout': 0.2673914284503725, 'n_mlp_layers': 3, 'mlp_dim_0': 480, 'mlp_dim_1': 464, 'mlp_dim_2': 32, 'num_heads': 1, 'final_dropout': 0.013729016747719928, 'train_learning_rate': 0.0014377831439016742, 'train_lr_reduce': 0.6}. Best is trial 332 with value: 0.04597867280244827.
[I 2024-12-25 15:19:52,724] Trial 344 finished with value: 0.07484110444784164 and parameters: {'L1_hidden_dim': 64, 'L1_layers_atom': 2, 'L1_layers_mol': 2, 'L1_dropout': 0.2268910622938051, 'L1_out_dim': 80, 'L2_hidden_dim': 144, 'L2_layers_atom': 1, 'L2_layers_mol': 1, 'L2_out_dim': 128, 'L2_dropout': 0.03615390456465025, 'L3_hidden_dim': 96, 'L3_layers_atom': 4, 'L3_layers_mol': 1, 'L3_out_dim': 80, 'L3_dropout': 0.13633596326887304, 'n_mlp_layers': 2, 'mlp_dim_0': 392, 'mlp_dim_1': 512, 'num_heads': 1, 'final_dropout': 0.14866942581386758, 'train_learning_rate': 0.00011767008928054486, 'train_lr_reduce': 0.6}. Best is trial 332 with value: 0.04597867280244827.
[I 2024-12-25 15:20:09,288] Trial 347 finished with value: 0.07161083817481995 and parameters: {'L1_hidden_dim': 80, 'L1_layers_atom': 4, 'L1_layers_mol': 3, 'L1_dropout': 0.18212657720553965, 'L1_out_dim': 64, 'L2_hidden_dim': 256, 'L2_layers_atom': 2, 'L2_layers_mol': 1, 'L2_out_dim': 96, 'L2_dropout': 0.14416168582926495, 'L3_hidden_dim': 112, 'L3_layers_atom': 4, 'L3_layers_mol': 3, 'L3_out_dim': 128, 'L3_dropout': 0.010361544713526821, 'n_mlp_layers': 3, 'mlp_dim_0': 224, 'mlp_dim_1': 512, 'mlp_dim_2': 136, 'num_heads': 1, 'final_dropout': 0.1819044867521139, 'train_learning_rate': 0.0004920075917078046, 'train_lr_reduce': 0.6}. Best is trial 332 with value: 0.04597867280244827.
[I 2024-12-25 15:20:26,017] Trial 348 finished with value: 0.061584681272506714 and parameters: {'L1_hidden_dim': 144, 'L1_layers_atom': 2, 'L1_layers_mol': 2, 'L1_dropout': 0.22939127764807776, 'L1_out_dim': 96, 'L2_hidden_dim': 256, 'L2_layers_atom': 3, 'L2_layers_mol': 2, 'L2_out_dim': 64, 'L2_dropout': 0.04817766309637724, 'L3_hidden_dim': 48, 'L3_layers_atom': 4, 'L3_layers_mol': 1, 'L3_out_dim': 96, 'L3_dropout': 0.0903722515329109, 'n_mlp_layers': 3, 'mlp_dim_0': 432, 'mlp_dim_1': 424, 'mlp_dim_2': 152, 'num_heads': 1, 'final_dropout': 0.20770621467148995, 'train_learning_rate': 0.001643289734980985, 'train_lr_reduce': 0.6}. Best is trial 332 with value: 0.04597867280244827.
[I 2024-12-25 15:20:28,101] Trial 350 finished with value: 1.1570961475372314 and parameters: {'L1_hidden_dim': 80, 'L1_layers_atom': 3, 'L1_layers_mol': 4, 'L1_dropout': 0.2759094995968455, 'L1_out_dim': 80, 'L2_hidden_dim': 256, 'L2_layers_atom': 3, 'L2_layers_mol': 1, 'L2_out_dim': 80, 'L2_dropout': 0.10890941105860152, 'L3_hidden_dim': 80, 'L3_layers_atom': 3, 'L3_layers_mol': 2, 'L3_out_dim': 128, 'L3_dropout': 0.016029209098630693, 'n_mlp_layers': 3, 'mlp_dim_0': 136, 'mlp_dim_1': 464, 'mlp_dim_2': 184, 'num_heads': 1, 'final_dropout': 0.15759117469159695, 'train_learning_rate': 0.0005079056613099102, 'train_lr_reduce': 0.6}. Best is trial 332 with value: 0.04597867280244827.
[I 2024-12-25 15:21:48,209] Trial 349 finished with value: 0.07182810455560684 and parameters: {'L1_hidden_dim': 96, 'L1_layers_atom': 4, 'L1_layers_mol': 3, 'L1_dropout': 0.24753073872275055, 'L1_out_dim': 32, 'L2_hidden_dim': 224, 'L2_layers_atom': 4, 'L2_layers_mol': 1, 'L2_out_dim': 80, 'L2_dropout': 0.13844329919254844, 'L3_hidden_dim': 32, 'L3_layers_atom': 4, 'L3_layers_mol': 3, 'L3_out_dim': 112, 'L3_dropout': 0.032367520985311135, 'n_mlp_layers': 3, 'mlp_dim_0': 136, 'mlp_dim_1': 464, 'mlp_dim_2': 104, 'num_heads': 1, 'final_dropout': 0.16402594963448142, 'train_learning_rate': 0.0007542822605659425, 'train_lr_reduce': 0.6}. Best is trial 332 with value: 0.04597867280244827.
[I 2024-12-25 15:23:21,221] Trial 352 finished with value: 0.12082663923501968 and parameters: {'L1_hidden_dim': 80, 'L1_layers_atom': 2, 'L1_layers_mol': 3, 'L1_dropout': 0.2622273141449774, 'L1_out_dim': 80, 'L2_hidden_dim': 240, 'L2_layers_atom': 3, 'L2_layers_mol': 2, 'L2_out_dim': 128, 'L2_dropout': 0.05609583309464167, 'L3_hidden_dim': 112, 'L3_layers_atom': 2, 'L3_layers_mol': 1, 'L3_out_dim': 112, 'L3_dropout': 0.2192541800232581, 'n_mlp_layers': 3, 'mlp_dim_0': 376, 'mlp_dim_1': 408, 'mlp_dim_2': 144, 'num_heads': 1, 'final_dropout': 0.22229779607093433, 'train_learning_rate': 0.005719067883647296, 'train_lr_reduce': 0.6}. Best is trial 332 with value: 0.04597867280244827.
