[I 2024-12-19 22:23:20,848] Trial 2420 finished with value: 0.10963565856218338 and parameters: {'mlp_n_layers': 4, 'mlp_dim_00': 319, 'mlp_dim_01': 305, 'mlp_dim_02': 367, 'mlp_dim_03': 511, 'node_hidden_dim': 96, 'edge_hidden_dim': 84, 'depth': 1, 'rep_dropout': 0.10724943164919659, 'train_learning_rate': 0.0004966407839174484, 'train_lr_reduce': 0.6}. Best is trial 2419 with value: 0.09536632895469666.
[I 2024-12-19 22:23:22,220] Trial 2422 finished with value: 1.595357060432434 and parameters: {'mlp_n_layers': 3, 'mlp_dim_00': 280, 'mlp_dim_01': 361, 'mlp_dim_02': 296, 'node_hidden_dim': 86, 'edge_hidden_dim': 92, 'depth': 1, 'rep_dropout': 0.11946774676723294, 'train_learning_rate': 0.0059836291163059985, 'train_lr_reduce': 0.6}. Best is trial 2419 with value: 0.09536632895469666.
[I 2024-12-19 22:23:26,178] Trial 2423 finished with value: 1.5738375186920166 and parameters: {'mlp_n_layers': 4, 'mlp_dim_00': 336, 'mlp_dim_01': 363, 'mlp_dim_02': 300, 'mlp_dim_03': 491, 'node_hidden_dim': 84, 'edge_hidden_dim': 88, 'depth': 1, 'rep_dropout': 0.14072649700743212, 'train_learning_rate': 0.002449103956333375, 'train_lr_reduce': 0.6}. Best is trial 2419 with value: 0.09536632895469666.
[I 2024-12-19 22:23:27,084] Trial 2424 finished with value: 1.595799207687378 and parameters: {'mlp_n_layers': 3, 'mlp_dim_00': 281, 'mlp_dim_01': 365, 'mlp_dim_02': 262, 'node_hidden_dim': 76, 'edge_hidden_dim': 86, 'depth': 2, 'rep_dropout': 0.11868340420075814, 'train_learning_rate': 0.0020115339962484087, 'train_lr_reduce': 0.6}. Best is trial 2419 with value: 0.09536632895469666.
[I 2024-12-19 22:23:42,757] Trial 2425 finished with value: 0.47837287187576294 and parameters: {'mlp_n_layers': 4, 'mlp_dim_00': 365, 'mlp_dim_01': 365, 'mlp_dim_02': 313, 'mlp_dim_03': 489, 'node_hidden_dim': 79, 'edge_hidden_dim': 57, 'depth': 1, 'rep_dropout': 0.13222827371468276, 'train_learning_rate': 0.003088038578962232, 'train_lr_reduce': 0.6}. Best is trial 2419 with value: 0.09536632895469666.
[I 2024-12-19 22:23:50,973] Trial 2426 finished with value: 0.4204769432544708 and parameters: {'mlp_n_layers': 4, 'mlp_dim_00': 367, 'mlp_dim_01': 365, 'mlp_dim_02': 313, 'mlp_dim_03': 510, 'node_hidden_dim': 116, 'edge_hidden_dim': 93, 'depth': 1, 'rep_dropout': 0.13286612503174752, 'train_learning_rate': 0.007673420863810497, 'train_lr_reduce': 0.6}. Best is trial 2419 with value: 0.09536632895469666.
[I 2024-12-19 22:23:57,674] Trial 2421 finished with value: 0.12504054605960846 and parameters: {'mlp_n_layers': 4, 'mlp_dim_00': 378, 'mlp_dim_01': 333, 'mlp_dim_02': 286, 'mlp_dim_03': 505, 'node_hidden_dim': 87, 'edge_hidden_dim': 55, 'depth': 1, 'rep_dropout': 0.12508899853596372, 'train_learning_rate': 0.0002750052456457664, 'train_lr_reduce': 0.6}. Best is trial 2419 with value: 0.09536632895469666.
[I 2024-12-19 22:24:02,017] Trial 2428 finished with value: 1.2150952816009521 and parameters: {'mlp_n_layers': 4, 'mlp_dim_00': 356, 'mlp_dim_01': 345, 'mlp_dim_02': 316, 'mlp_dim_03': 476, 'node_hidden_dim': 79, 'edge_hidden_dim': 50, 'depth': 2, 'rep_dropout': 0.1158587143536318, 'train_learning_rate': 0.004120374540381549, 'train_lr_reduce': 0.6}. Best is trial 2419 with value: 0.09536632895469666.
[I 2024-12-19 22:24:03,774] Trial 2429 finished with value: 1.5797063112258911 and parameters: {'mlp_n_layers': 4, 'mlp_dim_00': 346, 'mlp_dim_01': 378, 'mlp_dim_02': 316, 'mlp_dim_03': 512, 'node_hidden_dim': 99, 'edge_hidden_dim': 60, 'depth': 2, 'rep_dropout': 0.01776422158154227, 'train_learning_rate': 0.0017428482697413761, 'train_lr_reduce': 0.6}. Best is trial 2419 with value: 0.09536632895469666.
[I 2024-12-19 22:24:25,985] Trial 2427 finished with value: 0.15877452492713928 and parameters: {'mlp_n_layers': 4, 'mlp_dim_00': 389, 'mlp_dim_01': 371, 'mlp_dim_02': 263, 'mlp_dim_03': 477, 'node_hidden_dim': 99, 'edge_hidden_dim': 67, 'depth': 1, 'rep_dropout': 0.12492249286352698, 'train_learning_rate': 0.002389092501592341, 'train_lr_reduce': 0.6}. Best is trial 2419 with value: 0.09536632895469666.
[I 2024-12-19 22:24:28,759] Trial 2430 finished with value: 0.18144382536411285 and parameters: {'mlp_n_layers': 4, 'mlp_dim_00': 383, 'mlp_dim_01': 346, 'mlp_dim_02': 285, 'mlp_dim_03': 475, 'node_hidden_dim': 65, 'edge_hidden_dim': 92, 'depth': 1, 'rep_dropout': 0.09796386750769454, 'train_learning_rate': 0.002415220254386268, 'train_lr_reduce': 0.6}. Best is trial 2419 with value: 0.09536632895469666.
[I 2024-12-19 22:24:35,341] Trial 2432 finished with value: 1.1317156553268433 and parameters: {'mlp_n_layers': 3, 'mlp_dim_00': 359, 'mlp_dim_01': 342, 'mlp_dim_02': 323, 'node_hidden_dim': 89, 'edge_hidden_dim': 79, 'depth': 1, 'rep_dropout': 0.14597053637859622, 'train_learning_rate': 0.0036954395254134324, 'train_lr_reduce': 0.6}. Best is trial 2419 with value: 0.09536632895469666.
[I 2024-12-19 22:24:40,450] Trial 2434 finished with value: 1.6547973155975342 and parameters: {'mlp_n_layers': 3, 'mlp_dim_00': 252, 'mlp_dim_01': 374, 'mlp_dim_02': 293, 'node_hidden_dim': 71, 'edge_hidden_dim': 69, 'depth': 2, 'rep_dropout': 0.10828936329619976, 'train_learning_rate': 0.0006665975088580156, 'train_lr_reduce': 0.6}. Best is trial 2419 with value: 0.09536632895469666.
[I 2024-12-19 22:24:44,753] Trial 2431 finished with value: 0.11323655396699905 and parameters: {'mlp_n_layers': 4, 'mlp_dim_00': 328, 'mlp_dim_01': 381, 'mlp_dim_02': 320, 'mlp_dim_03': 512, 'node_hidden_dim': 81, 'edge_hidden_dim': 73, 'depth': 1, 'rep_dropout': 0.08413731656380702, 'train_learning_rate': 0.0014119216514053789, 'train_lr_reduce': 0.6}. Best is trial 2419 with value: 0.09536632895469666.
[I 2024-12-19 22:24:45,961] Trial 2435 finished with value: 1.660038709640503 and parameters: {'mlp_n_layers': 1, 'mlp_dim_00': 127, 'node_hidden_dim': 59, 'edge_hidden_dim': 81, 'depth': 4, 'rep_dropout': 0.11753412194108659, 'train_learning_rate': 0.00018282008026955035, 'train_lr_reduce': 0.6}. Best is trial 2419 with value: 0.09536632895469666.
[I 2024-12-19 22:24:51,303] Trial 2437 finished with value: 1.5674443244934082 and parameters: {'mlp_n_layers': 3, 'mlp_dim_00': 304, 'mlp_dim_01': 374, 'mlp_dim_02': 338, 'node_hidden_dim': 94, 'edge_hidden_dim': 50, 'depth': 1, 'rep_dropout': 0.08139798232660644, 'train_learning_rate': 0.0047227699694235275, 'train_lr_reduce': 0.6}. Best is trial 2419 with value: 0.09536632895469666.
[I 2024-12-19 22:24:55,615] Trial 2433 finished with value: 0.13057197630405426 and parameters: {'mlp_n_layers': 4, 'mlp_dim_00': 344, 'mlp_dim_01': 344, 'mlp_dim_02': 326, 'mlp_dim_03': 473, 'node_hidden_dim': 86, 'edge_hidden_dim': 72, 'depth': 1, 'rep_dropout': 0.08666744734639814, 'train_learning_rate': 0.001007147809690224, 'train_lr_reduce': 0.6}. Best is trial 2419 with value: 0.09536632895469666.
[I 2024-12-19 22:25:29,189] Trial 2436 finished with value: 0.136893630027771 and parameters: {'mlp_n_layers': 3, 'mlp_dim_00': 464, 'mlp_dim_01': 343, 'mlp_dim_02': 253, 'node_hidden_dim': 96, 'edge_hidden_dim': 57, 'depth': 2, 'rep_dropout': 0.11284606031936588, 'train_learning_rate': 0.0007911752332321818, 'train_lr_reduce': 0.6}. Best is trial 2419 with value: 0.09536632895469666.
[I 2024-12-19 22:25:35,790] Trial 2438 finished with value: 0.13414417207241058 and parameters: {'mlp_n_layers': 4, 'mlp_dim_00': 294, 'mlp_dim_01': 387, 'mlp_dim_02': 335, 'mlp_dim_03': 477, 'node_hidden_dim': 89, 'edge_hidden_dim': 82, 'depth': 1, 'rep_dropout': 0.1249252660469283, 'train_learning_rate': 0.003821218379236536, 'train_lr_reduce': 0.6}. Best is trial 2419 with value: 0.09536632895469666.
[I 2024-12-19 22:25:40,972] Trial 2441 finished with value: 1.556570053100586 and parameters: {'mlp_n_layers': 4, 'mlp_dim_00': 201, 'mlp_dim_01': 341, 'mlp_dim_02': 347, 'mlp_dim_03': 475, 'node_hidden_dim': 57, 'edge_hidden_dim': 58, 'depth': 1, 'rep_dropout': 0.14357429007438657, 'train_learning_rate': 0.00584839157464547, 'train_lr_reduce': 0.6}. Best is trial 2419 with value: 0.09536632895469666.
[I 2024-12-19 22:25:42,302] Trial 2440 finished with value: 0.38567277789115906 and parameters: {'mlp_n_layers': 4, 'mlp_dim_00': 294, 'mlp_dim_01': 323, 'mlp_dim_02': 284, 'mlp_dim_03': 473, 'node_hidden_dim': 92, 'edge_hidden_dim': 70, 'depth': 1, 'rep_dropout': 0.09800955337982387, 'train_learning_rate': 0.00597121974998709, 'train_lr_reduce': 0.6}. Best is trial 2419 with value: 0.09536632895469666.
[I 2024-12-19 22:25:47,316] Trial 2439 finished with value: 0.2585217356681824 and parameters: {'mlp_n_layers': 4, 'mlp_dim_00': 277, 'mlp_dim_01': 385, 'mlp_dim_02': 328, 'mlp_dim_03': 477, 'node_hidden_dim': 48, 'edge_hidden_dim': 33, 'depth': 2, 'rep_dropout': 0.149392085420715, 'train_learning_rate': 0.0006595725443739002, 'train_lr_reduce': 0.6}. Best is trial 2419 with value: 0.09536632895469666.
[I 2024-12-19 22:25:57,122] Trial 2442 finished with value: 0.345640629529953 and parameters: {'mlp_n_layers': 4, 'mlp_dim_00': 280, 'mlp_dim_01': 383, 'mlp_dim_02': 288, 'mlp_dim_03': 458, 'node_hidden_dim': 77, 'edge_hidden_dim': 59, 'depth': 1, 'rep_dropout': 0.13487981272984984, 'train_learning_rate': 0.003938497945689416, 'train_lr_reduce': 0.6}. Best is trial 2419 with value: 0.09536632895469666.
[I 2024-12-19 22:26:02,674] Trial 2445 finished with value: 1.6534831523895264 and parameters: {'mlp_n_layers': 4, 'mlp_dim_00': 243, 'mlp_dim_01': 348, 'mlp_dim_02': 340, 'mlp_dim_03': 511, 'node_hidden_dim': 96, 'edge_hidden_dim': 64, 'depth': 2, 'rep_dropout': 0.07640575782539881, 'train_learning_rate': 0.0009015451305398477, 'train_lr_reduce': 0.6}. Best is trial 2419 with value: 0.09536632895469666.
[I 2024-12-19 22:26:13,243] Trial 2443 finished with value: 0.19370174407958984 and parameters: {'mlp_n_layers': 2, 'mlp_dim_00': 500, 'mlp_dim_01': 327, 'node_hidden_dim': 114, 'edge_hidden_dim': 105, 'depth': 2, 'rep_dropout': 0.11643589464278706, 'train_learning_rate': 0.001995649191862402, 'train_lr_reduce': 0.6}. Best is trial 2419 with value: 0.09536632895469666.
[I 2024-12-19 22:26:22,122] Trial 2447 finished with value: 1.1566673517227173 and parameters: {'mlp_n_layers': 3, 'mlp_dim_00': 307, 'mlp_dim_01': 329, 'mlp_dim_02': 349, 'node_hidden_dim': 75, 'edge_hidden_dim': 72, 'depth': 1, 'rep_dropout': 0.12895636215774156, 'train_learning_rate': 0.003986641897076365, 'train_lr_reduce': 0.6}. Best is trial 2419 with value: 0.09536632895469666.
[I 2024-12-19 22:26:28,341] Trial 2444 finished with value: 0.1054823026061058 and parameters: {'mlp_n_layers': 3, 'mlp_dim_00': 335, 'mlp_dim_01': 391, 'mlp_dim_02': 343, 'node_hidden_dim': 87, 'edge_hidden_dim': 58, 'depth': 1, 'rep_dropout': 0.07419159951635912, 'train_learning_rate': 0.0015663794985242546, 'train_lr_reduce': 0.6}. Best is trial 2419 with value: 0.09536632895469666.
[I 2024-12-19 22:26:48,050] Trial 2446 finished with value: 0.15034429728984833 and parameters: {'mlp_n_layers': 3, 'mlp_dim_00': 330, 'mlp_dim_01': 398, 'mlp_dim_02': 310, 'node_hidden_dim': 101, 'edge_hidden_dim': 80, 'depth': 1, 'rep_dropout': 0.11871590152568492, 'train_learning_rate': 0.0030203666409046137, 'train_lr_reduce': 0.6}. Best is trial 2419 with value: 0.09536632895469666.
[I 2024-12-19 22:26:51,114] Trial 2449 finished with value: 0.4832089841365814 and parameters: {'mlp_n_layers': 4, 'mlp_dim_00': 355, 'mlp_dim_01': 346, 'mlp_dim_02': 333, 'mlp_dim_03': 456, 'node_hidden_dim': 32, 'edge_hidden_dim': 45, 'depth': 1, 'rep_dropout': 0.14956605534397807, 'train_learning_rate': 0.0004884438062139816, 'train_lr_reduce': 0.6}. Best is trial 2419 with value: 0.09536632895469666.
[I 2024-12-19 22:26:54,709] Trial 2450 finished with value: 1.5802044868469238 and parameters: {'mlp_n_layers': 4, 'mlp_dim_00': 394, 'mlp_dim_01': 300, 'mlp_dim_02': 300, 'mlp_dim_03': 463, 'node_hidden_dim': 78, 'edge_hidden_dim': 85, 'depth': 1, 'rep_dropout': 0.08801156007860804, 'train_learning_rate': 0.0093246805755608, 'train_lr_reduce': 0.6}. Best is trial 2419 with value: 0.09536632895469666.
[I 2024-12-19 22:27:06,385] Trial 2448 finished with value: 0.11991007626056671 and parameters: {'mlp_n_layers': 4, 'mlp_dim_00': 281, 'mlp_dim_01': 390, 'mlp_dim_02': 275, 'mlp_dim_03': 480, 'node_hidden_dim': 79, 'edge_hidden_dim': 75, 'depth': 1, 'rep_dropout': 0.08431611647479427, 'train_learning_rate': 0.0007026994266409879, 'train_lr_reduce': 0.6}. Best is trial 2419 with value: 0.09536632895469666.
[I 2024-12-19 22:27:11,600] Trial 2451 finished with value: 0.31213027238845825 and parameters: {'mlp_n_layers': 4, 'mlp_dim_00': 372, 'mlp_dim_01': 393, 'mlp_dim_02': 348, 'mlp_dim_03': 458, 'node_hidden_dim': 80, 'edge_hidden_dim': 70, 'depth': 1, 'rep_dropout': 0.08265509590188265, 'train_learning_rate': 0.001249794136639837, 'train_lr_reduce': 0.6}. Best is trial 2419 with value: 0.09536632895469666.
[I 2024-12-19 22:27:26,884] Trial 2453 finished with value: 0.2963419258594513 and parameters: {'mlp_n_layers': 4, 'mlp_dim_00': 334, 'mlp_dim_01': 352, 'mlp_dim_02': 250, 'mlp_dim_03': 512, 'node_hidden_dim': 105, 'edge_hidden_dim': 41, 'depth': 1, 'rep_dropout': 0.07484778373145194, 'train_learning_rate': 0.002663074487864403, 'train_lr_reduce': 0.6}. Best is trial 2419 with value: 0.09536632895469666.
[I 2024-12-19 22:27:29,737] Trial 2452 finished with value: 0.1411292999982834 and parameters: {'mlp_n_layers': 1, 'mlp_dim_00': 302, 'node_hidden_dim': 120, 'edge_hidden_dim': 103, 'depth': 1, 'rep_dropout': 0.07238163826844346, 'train_learning_rate': 0.0006086121172925685, 'train_lr_reduce': 0.6}. Best is trial 2419 with value: 0.09536632895469666.
[I 2024-12-19 22:27:35,115] Trial 2456 finished with value: 1.6199781894683838 and parameters: {'mlp_n_layers': 3, 'mlp_dim_00': 502, 'mlp_dim_01': 361, 'mlp_dim_02': 305, 'node_hidden_dim': 111, 'edge_hidden_dim': 126, 'depth': 1, 'rep_dropout': 0.12646149724078748, 'train_learning_rate': 0.003892657900848991, 'train_lr_reduce': 0.6}. Best is trial 2419 with value: 0.09536632895469666.
[I 2024-12-19 22:27:41,113] Trial 2455 finished with value: 0.48164990544319153 and parameters: {'mlp_n_layers': 4, 'mlp_dim_00': 316, 'mlp_dim_01': 402, 'mlp_dim_02': 361, 'mlp_dim_03': 457, 'node_hidden_dim': 76, 'edge_hidden_dim': 80, 'depth': 1, 'rep_dropout': 0.11496846927318968, 'train_learning_rate': 0.0037516837752756397, 'train_lr_reduce': 0.6}. Best is trial 2419 with value: 0.09536632895469666.
[I 2024-12-19 22:27:48,712] Trial 2458 finished with value: 1.663575291633606 and parameters: {'mlp_n_layers': 1, 'mlp_dim_00': 506, 'node_hidden_dim': 93, 'edge_hidden_dim': 35, 'depth': 2, 'rep_dropout': 0.03502506629892607, 'train_learning_rate': 0.00020109199720403162, 'train_lr_reduce': 0.6}. Best is trial 2419 with value: 0.09536632895469666.
[I 2024-12-19 22:27:52,635] Trial 2457 finished with value: 0.418872207403183 and parameters: {'mlp_n_layers': 4, 'mlp_dim_00': 231, 'mlp_dim_01': 308, 'mlp_dim_02': 131, 'mlp_dim_03': 485, 'node_hidden_dim': 100, 'edge_hidden_dim': 66, 'depth': 1, 'rep_dropout': 0.1260736887580346, 'train_learning_rate': 0.002596515014666016, 'train_lr_reduce': 0.6}. Best is trial 2419 with value: 0.09536632895469666.
[I 2024-12-19 22:27:55,213] Trial 2454 finished with value: 0.16940510272979736 and parameters: {'mlp_n_layers': 4, 'mlp_dim_00': 383, 'mlp_dim_01': 313, 'mlp_dim_02': 351, 'mlp_dim_03': 450, 'node_hidden_dim': 77, 'edge_hidden_dim': 37, 'depth': 1, 'rep_dropout': 0.14299606217283453, 'train_learning_rate': 0.0012009640778818669, 'train_lr_reduce': 0.6}. Best is trial 2419 with value: 0.09536632895469666.
[I 2024-12-19 22:27:59,452] Trial 2460 finished with value: 1.6049041748046875 and parameters: {'mlp_n_layers': 2, 'mlp_dim_00': 466, 'mlp_dim_01': 251, 'node_hidden_dim': 81, 'edge_hidden_dim': 73, 'depth': 4, 'rep_dropout': 0.07003211268963942, 'train_learning_rate': 0.0008205646723523382, 'train_lr_reduce': 0.6}. Best is trial 2419 with value: 0.09536632895469666.
[I 2024-12-19 22:28:05,101] Trial 2461 finished with value: 1.1747997999191284 and parameters: {'mlp_n_layers': 4, 'mlp_dim_00': 339, 'mlp_dim_01': 350, 'mlp_dim_02': 335, 'mlp_dim_03': 451, 'node_hidden_dim': 109, 'edge_hidden_dim': 52, 'depth': 2, 'rep_dropout': 0.12411572090036196, 'train_learning_rate': 0.0024215437018879613, 'train_lr_reduce': 0.6}. Best is trial 2419 with value: 0.09536632895469666.
[I 2024-12-19 22:28:06,509] Trial 2462 finished with value: 1.5930813550949097 and parameters: {'mlp_n_layers': 4, 'mlp_dim_00': 299, 'mlp_dim_01': 294, 'mlp_dim_02': 363, 'mlp_dim_03': 486, 'node_hidden_dim': 97, 'edge_hidden_dim': 84, 'depth': 2, 'rep_dropout': 0.1231985716561181, 'train_learning_rate': 0.003754287279080413, 'train_lr_reduce': 0.6}. Best is trial 2419 with value: 0.09536632895469666.
[I 2024-12-19 22:28:30,862] Trial 2464 finished with value: 0.3233981728553772 and parameters: {'mlp_n_layers': 4, 'mlp_dim_00': 355, 'mlp_dim_01': 321, 'mlp_dim_02': 266, 'mlp_dim_03': 509, 'node_hidden_dim': 86, 'edge_hidden_dim': 56, 'depth': 1, 'rep_dropout': 0.10688743415156526, 'train_learning_rate': 0.005149815730504264, 'train_lr_reduce': 0.6}. Best is trial 2419 with value: 0.09536632895469666.
[I 2024-12-19 22:28:34,216] Trial 2459 finished with value: 0.099294014275074 and parameters: {'mlp_n_layers': 4, 'mlp_dim_00': 472, 'mlp_dim_01': 423, 'mlp_dim_02': 309, 'mlp_dim_03': 451, 'node_hidden_dim': 99, 'edge_hidden_dim': 88, 'depth': 1, 'rep_dropout': 0.1014498691152609, 'train_learning_rate': 0.001298744743492379, 'train_lr_reduce': 0.6}. Best is trial 2419 with value: 0.09536632895469666.
[I 2024-12-19 22:28:54,318] Trial 2465 finished with value: 0.21244646608829498 and parameters: {'mlp_n_layers': 3, 'mlp_dim_00': 431, 'mlp_dim_01': 414, 'mlp_dim_02': 307, 'node_hidden_dim': 118, 'edge_hidden_dim': 50, 'depth': 1, 'rep_dropout': 0.1004360038020976, 'train_learning_rate': 0.0005587872521270007, 'train_lr_reduce': 0.6}. Best is trial 2419 with value: 0.09536632895469666.
[I 2024-12-19 22:28:56,582] Trial 2463 finished with value: 0.5041738152503967 and parameters: {'mlp_n_layers': 4, 'mlp_dim_00': 345, 'mlp_dim_01': 391, 'mlp_dim_02': 363, 'mlp_dim_03': 447, 'node_hidden_dim': 76, 'edge_hidden_dim': 67, 'depth': 2, 'rep_dropout': 0.08782981550345552, 'train_learning_rate': 0.0009795229335531244, 'train_lr_reduce': 0.6}. Best is trial 2419 with value: 0.09536632895469666.
[I 2024-12-19 22:29:01,821] Trial 2468 finished with value: 1.6455445289611816 and parameters: {'mlp_n_layers': 4, 'mlp_dim_00': 234, 'mlp_dim_01': 430, 'mlp_dim_02': 247, 'mlp_dim_03': 435, 'node_hidden_dim': 105, 'edge_hidden_dim': 73, 'depth': 2, 'rep_dropout': 0.11663504383221422, 'train_learning_rate': 0.0023333713228561957, 'train_lr_reduce': 0.6}. Best is trial 2419 with value: 0.09536632895469666.
[I 2024-12-19 22:29:03,125] Trial 2467 finished with value: 1.1575514078140259 and parameters: {'mlp_n_layers': 4, 'mlp_dim_00': 290, 'mlp_dim_01': 438, 'mlp_dim_02': 283, 'mlp_dim_03': 441, 'node_hidden_dim': 92, 'edge_hidden_dim': 99, 'depth': 1, 'rep_dropout': 0.10180376649656754, 'train_learning_rate': 0.00409412354129271, 'train_lr_reduce': 0.6}. Best is trial 2419 with value: 0.09536632895469666.
[I 2024-12-19 22:29:06,740] Trial 2466 finished with value: 0.12124615162611008 and parameters: {'mlp_n_layers': 4, 'mlp_dim_00': 367, 'mlp_dim_01': 421, 'mlp_dim_02': 275, 'mlp_dim_03': 441, 'node_hidden_dim': 99, 'edge_hidden_dim': 91, 'depth': 1, 'rep_dropout': 0.11632900133570177, 'train_learning_rate': 0.0007648032569081226, 'train_lr_reduce': 0.6}. Best is trial 2419 with value: 0.09536632895469666.
[I 2024-12-19 22:29:07,044] Trial 2469 finished with value: 1.678208351135254 and parameters: {'mlp_n_layers': 4, 'mlp_dim_00': 339, 'mlp_dim_01': 433, 'mlp_dim_02': 289, 'mlp_dim_03': 441, 'node_hidden_dim': 35, 'edge_hidden_dim': 75, 'depth': 4, 'rep_dropout': 0.10074344176018299, 'train_learning_rate': 0.00012979823936691285, 'train_lr_reduce': 0.6}. Best is trial 2419 with value: 0.09536632895469666.
[I 2024-12-19 22:29:27,856] Trial 2472 finished with value: 0.3413901925086975 and parameters: {'mlp_n_layers': 4, 'mlp_dim_00': 476, 'mlp_dim_01': 432, 'mlp_dim_02': 261, 'mlp_dim_03': 439, 'node_hidden_dim': 122, 'edge_hidden_dim': 111, 'depth': 1, 'rep_dropout': 0.09114737349050729, 'train_learning_rate': 0.0036932084556758203, 'train_lr_reduce': 0.6}. Best is trial 2419 with value: 0.09536632895469666.
[I 2024-12-19 22:29:30,016] Trial 2471 finished with value: 0.2865232825279236 and parameters: {'mlp_n_layers': 4, 'mlp_dim_00': 319, 'mlp_dim_01': 435, 'mlp_dim_02': 297, 'mlp_dim_03': 442, 'node_hidden_dim': 94, 'edge_hidden_dim': 66, 'depth': 2, 'rep_dropout': 0.07677125055750515, 'train_learning_rate': 0.0012506243064582705, 'train_lr_reduce': 0.6}. Best is trial 2419 with value: 0.09536632895469666.
[I 2024-12-19 22:29:37,351] Trial 2474 finished with value: 1.6184799671173096 and parameters: {'mlp_n_layers': 4, 'mlp_dim_00': 371, 'mlp_dim_01': 451, 'mlp_dim_02': 259, 'mlp_dim_03': 445, 'node_hidden_dim': 83, 'edge_hidden_dim': 75, 'depth': 2, 'rep_dropout': 0.1127918247132569, 'train_learning_rate': 0.0036555868180356927, 'train_lr_reduce': 0.6}. Best is trial 2419 with value: 0.09536632895469666.
[I 2024-12-19 22:29:45,519] Trial 2470 finished with value: 0.09976449608802795 and parameters: {'mlp_n_layers': 4, 'mlp_dim_00': 318, 'mlp_dim_01': 437, 'mlp_dim_02': 304, 'mlp_dim_03': 435, 'node_hidden_dim': 72, 'edge_hidden_dim': 41, 'depth': 1, 'rep_dropout': 0.07722507442473524, 'train_learning_rate': 0.0010806260312001892, 'train_lr_reduce': 0.6}. Best is trial 2419 with value: 0.09536632895469666.
[I 2024-12-19 22:29:46,234] Trial 2473 finished with value: 0.29687148332595825 and parameters: {'mlp_n_layers': 4, 'mlp_dim_00': 348, 'mlp_dim_01': 429, 'mlp_dim_02': 302, 'mlp_dim_03': 449, 'node_hidden_dim': 106, 'edge_hidden_dim': 75, 'depth': 1, 'rep_dropout': 0.10459807103282767, 'train_learning_rate': 0.001037477658879211, 'train_lr_reduce': 0.6}. Best is trial 2419 with value: 0.09536632895469666.
