[I 2024-12-19 22:42:06,554] Trial 2348 finished with value: 0.1534329354763031 and parameters: {'mlp_n_layers': 1, 'mlp_dim_00': 496, 'node_hidden_dim': 32, 'edge_hidden_dim': 48, 'depth': 1, 'rep_dropout': 0.018930304526701316, 'train_learning_rate': 0.004978428423844146, 'train_lr_reduce': 0.6}. Best is trial 1909 with value: 0.10777772963047028.
[I 2024-12-19 22:42:06,716] Trial 2347 finished with value: 0.1932898461818695 and parameters: {'mlp_n_layers': 2, 'mlp_dim_00': 460, 'mlp_dim_01': 133, 'node_hidden_dim': 61, 'edge_hidden_dim': 74, 'depth': 1, 'rep_dropout': 0.0013790382063778193, 'train_learning_rate': 0.006829149168305235, 'train_lr_reduce': 0.6}. Best is trial 1909 with value: 0.10777772963047028.
[I 2024-12-19 22:42:07,556] Trial 2349 finished with value: 1.1457570791244507 and parameters: {'mlp_n_layers': 2, 'mlp_dim_00': 164, 'mlp_dim_01': 229, 'node_hidden_dim': 66, 'edge_hidden_dim': 117, 'depth': 4, 'rep_dropout': 0.1423550121839189, 'train_learning_rate': 0.0012972011014349355, 'train_lr_reduce': 0.6}. Best is trial 1909 with value: 0.10777772963047028.
[I 2024-12-19 22:42:13,355] Trial 2352 finished with value: 1.1427439451217651 and parameters: {'mlp_n_layers': 1, 'mlp_dim_00': 473, 'node_hidden_dim': 32, 'edge_hidden_dim': 41, 'depth': 2, 'rep_dropout': 0.032845878290941696, 'train_learning_rate': 0.004728274672186242, 'train_lr_reduce': 0.6}. Best is trial 1909 with value: 0.10777772963047028.
[I 2024-12-19 22:42:24,084] Trial 2351 finished with value: 0.2782498598098755 and parameters: {'mlp_n_layers': 1, 'mlp_dim_00': 418, 'node_hidden_dim': 34, 'edge_hidden_dim': 61, 'depth': 1, 'rep_dropout': 0.000532201612423365, 'train_learning_rate': 0.0047660631445875365, 'train_lr_reduce': 0.6}. Best is trial 1909 with value: 0.10777772963047028.
[I 2024-12-19 22:42:26,110] Trial 2350 finished with value: 0.2094401866197586 and parameters: {'mlp_n_layers': 2, 'mlp_dim_00': 390, 'mlp_dim_01': 65, 'node_hidden_dim': 61, 'edge_hidden_dim': 33, 'depth': 1, 'rep_dropout': 0.02089800403694236, 'train_learning_rate': 0.007337831110064041, 'train_lr_reduce': 0.6}. Best is trial 1909 with value: 0.10777772963047028.
[I 2024-12-19 22:42:32,284] Trial 2355 finished with value: 1.1425487995147705 and parameters: {'mlp_n_layers': 2, 'mlp_dim_00': 321, 'mlp_dim_01': 162, 'node_hidden_dim': 122, 'edge_hidden_dim': 105, 'depth': 4, 'rep_dropout': 0.04428758402625228, 'train_learning_rate': 0.003209280034578897, 'train_lr_reduce': 0.6}. Best is trial 1909 with value: 0.10777772963047028.
[I 2024-12-19 22:42:57,519] Trial 2353 finished with value: 0.13717536628246307 and parameters: {'mlp_n_layers': 1, 'mlp_dim_00': 508, 'node_hidden_dim': 52, 'edge_hidden_dim': 78, 'depth': 1, 'rep_dropout': 0.03425225398733571, 'train_learning_rate': 0.003305601598341696, 'train_lr_reduce': 0.6}. Best is trial 1909 with value: 0.10777772963047028.
[I 2024-12-19 22:43:03,821] Trial 2357 finished with value: 1.1445014476776123 and parameters: {'mlp_n_layers': 2, 'mlp_dim_00': 279, 'mlp_dim_01': 108, 'node_hidden_dim': 34, 'edge_hidden_dim': 60, 'depth': 2, 'rep_dropout': 0.001539119425361021, 'train_learning_rate': 0.0024787919801976307, 'train_lr_reduce': 0.6}. Best is trial 1909 with value: 0.10777772963047028.
[I 2024-12-19 22:43:09,307] Trial 2354 finished with value: 0.19633057713508606 and parameters: {'mlp_n_layers': 1, 'mlp_dim_00': 412, 'node_hidden_dim': 34, 'edge_hidden_dim': 66, 'depth': 2, 'rep_dropout': 0.03119827997808617, 'train_learning_rate': 0.0035092217141660586, 'train_lr_reduce': 0.6}. Best is trial 1909 with value: 0.10777772963047028.
[I 2024-12-19 22:43:17,002] Trial 2356 finished with value: 0.14013342559337616 and parameters: {'mlp_n_layers': 1, 'mlp_dim_00': 480, 'node_hidden_dim': 53, 'edge_hidden_dim': 47, 'depth': 1, 'rep_dropout': 0.023646955844203427, 'train_learning_rate': 0.0026599839849611655, 'train_lr_reduce': 0.6}. Best is trial 1909 with value: 0.10777772963047028.
[I 2024-12-19 22:43:23,071] Trial 2360 finished with value: 1.1420862674713135 and parameters: {'mlp_n_layers': 3, 'mlp_dim_00': 69, 'mlp_dim_01': 126, 'mlp_dim_02': 64, 'node_hidden_dim': 32, 'edge_hidden_dim': 107, 'depth': 3, 'rep_dropout': 0.09235506598378583, 'train_learning_rate': 0.0008648937300836995, 'train_lr_reduce': 0.6}. Best is trial 1909 with value: 0.10777772963047028.
[I 2024-12-19 22:43:29,356] Trial 2359 finished with value: 0.273611456155777 and parameters: {'mlp_n_layers': 1, 'mlp_dim_00': 434, 'node_hidden_dim': 54, 'edge_hidden_dim': 93, 'depth': 1, 'rep_dropout': 0.0073349319655150215, 'train_learning_rate': 0.006369596983233424, 'train_lr_reduce': 0.6}. Best is trial 1909 with value: 0.10777772963047028.
[I 2024-12-19 22:43:47,791] Trial 2358 finished with value: 0.16129811108112335 and parameters: {'mlp_n_layers': 2, 'mlp_dim_00': 511, 'mlp_dim_01': 165, 'node_hidden_dim': 33, 'edge_hidden_dim': 69, 'depth': 1, 'rep_dropout': 0.023081698293561027, 'train_learning_rate': 0.003070545588019342, 'train_lr_reduce': 0.6}. Best is trial 1909 with value: 0.10777772963047028.
[I 2024-12-19 22:43:53,147] Trial 2363 finished with value: 1.1440972089767456 and parameters: {'mlp_n_layers': 1, 'mlp_dim_00': 406, 'node_hidden_dim': 51, 'edge_hidden_dim': 86, 'depth': 2, 'rep_dropout': 0.005201291247073739, 'train_learning_rate': 0.006898772941160943, 'train_lr_reduce': 0.6}. Best is trial 1909 with value: 0.10777772963047028.
[I 2024-12-19 22:44:00,090] Trial 2364 finished with value: 1.1428502798080444 and parameters: {'mlp_n_layers': 4, 'mlp_dim_00': 342, 'mlp_dim_01': 198, 'mlp_dim_02': 419, 'mlp_dim_03': 330, 'node_hidden_dim': 37, 'edge_hidden_dim': 70, 'depth': 4, 'rep_dropout': 0.04978000853177697, 'train_learning_rate': 0.0010035909940348676, 'train_lr_reduce': 0.6}. Best is trial 1909 with value: 0.10777772963047028.
[I 2024-12-19 22:44:02,368] Trial 2361 finished with value: 0.14929285645484924 and parameters: {'mlp_n_layers': 1, 'mlp_dim_00': 426, 'node_hidden_dim': 33, 'edge_hidden_dim': 83, 'depth': 1, 'rep_dropout': 0.010411154659756327, 'train_learning_rate': 0.002087571054984751, 'train_lr_reduce': 0.6}. Best is trial 1909 with value: 0.10777772963047028.
[I 2024-12-19 22:44:08,835] Trial 2362 finished with value: 0.13954630494117737 and parameters: {'mlp_n_layers': 1, 'mlp_dim_00': 434, 'node_hidden_dim': 32, 'edge_hidden_dim': 36, 'depth': 1, 'rep_dropout': 0.02257290628666651, 'train_learning_rate': 0.002338149094690241, 'train_lr_reduce': 0.6}. Best is trial 1909 with value: 0.10777772963047028.
[I 2024-12-19 22:44:14,259] Trial 2367 finished with value: 1.1434965133666992 and parameters: {'mlp_n_layers': 3, 'mlp_dim_00': 346, 'mlp_dim_01': 246, 'mlp_dim_02': 270, 'node_hidden_dim': 106, 'edge_hidden_dim': 54, 'depth': 1, 'rep_dropout': 0.09693312469251424, 'train_learning_rate': 0.0007179105332385134, 'train_lr_reduce': 0.6}. Best is trial 1909 with value: 0.10777772963047028.
[I 2024-12-19 22:44:21,297] Trial 2366 finished with value: 0.26156967878341675 and parameters: {'mlp_n_layers': 4, 'mlp_dim_00': 320, 'mlp_dim_01': 153, 'mlp_dim_02': 512, 'mlp_dim_03': 141, 'node_hidden_dim': 32, 'edge_hidden_dim': 103, 'depth': 1, 'rep_dropout': 0.11549502494816204, 'train_learning_rate': 0.007244297234450999, 'train_lr_reduce': 0.6}. Best is trial 1909 with value: 0.10777772963047028.
[I 2024-12-19 22:44:41,209] Trial 2365 finished with value: 0.2315615564584732 and parameters: {'mlp_n_layers': 2, 'mlp_dim_00': 427, 'mlp_dim_01': 102, 'node_hidden_dim': 33, 'edge_hidden_dim': 36, 'depth': 1, 'rep_dropout': 0.0026281035424655496, 'train_learning_rate': 0.003361762875213376, 'train_lr_reduce': 0.6}. Best is trial 1909 with value: 0.10777772963047028.
[I 2024-12-19 22:44:50,472] Trial 2369 finished with value: 0.18650205433368683 and parameters: {'mlp_n_layers': 2, 'mlp_dim_00': 512, 'mlp_dim_01': 107, 'node_hidden_dim': 32, 'edge_hidden_dim': 57, 'depth': 1, 'rep_dropout': 0.030133918409593095, 'train_learning_rate': 0.009557083351276254, 'train_lr_reduce': 0.6}. Best is trial 1909 with value: 0.10777772963047028.
[I 2024-12-19 22:44:54,267] Trial 2368 finished with value: 0.14503462612628937 and parameters: {'mlp_n_layers': 1, 'mlp_dim_00': 400, 'node_hidden_dim': 32, 'edge_hidden_dim': 77, 'depth': 1, 'rep_dropout': 0.05138747583596599, 'train_learning_rate': 0.0017769015123633297, 'train_lr_reduce': 0.6}. Best is trial 1909 with value: 0.10777772963047028.
[I 2024-12-19 22:44:56,179] Trial 2371 finished with value: 1.1420550346374512 and parameters: {'mlp_n_layers': 1, 'mlp_dim_00': 495, 'node_hidden_dim': 46, 'edge_hidden_dim': 63, 'depth': 2, 'rep_dropout': 0.04016198202508994, 'train_learning_rate': 0.0020627366100899845, 'train_lr_reduce': 0.6}. Best is trial 1909 with value: 0.10777772963047028.
[I 2024-12-19 22:44:59,714] Trial 2372 finished with value: 1.1434277296066284 and parameters: {'mlp_n_layers': 1, 'mlp_dim_00': 497, 'node_hidden_dim': 33, 'edge_hidden_dim': 58, 'depth': 2, 'rep_dropout': 0.054124768616203356, 'train_learning_rate': 0.0030908301855455474, 'train_lr_reduce': 0.6}. Best is trial 1909 with value: 0.10777772963047028.
[I 2024-12-19 22:45:24,396] Trial 2370 finished with value: 0.1807049661874771 and parameters: {'mlp_n_layers': 2, 'mlp_dim_00': 322, 'mlp_dim_01': 189, 'node_hidden_dim': 43, 'edge_hidden_dim': 60, 'depth': 1, 'rep_dropout': 0.0030196095539950403, 'train_learning_rate': 0.0030749663983510238, 'train_lr_reduce': 0.6}. Best is trial 1909 with value: 0.10777772963047028.
[I 2024-12-19 22:45:29,410] Trial 2373 finished with value: 0.16997820138931274 and parameters: {'mlp_n_layers': 2, 'mlp_dim_00': 505, 'mlp_dim_01': 65, 'node_hidden_dim': 47, 'edge_hidden_dim': 52, 'depth': 1, 'rep_dropout': 0.03092160538541177, 'train_learning_rate': 0.0051637801321927764, 'train_lr_reduce': 0.6}. Best is trial 1909 with value: 0.10777772963047028.
[I 2024-12-19 22:45:30,213] Trial 2375 finished with value: 1.1418582201004028 and parameters: {'mlp_n_layers': 2, 'mlp_dim_00': 442, 'mlp_dim_01': 141, 'node_hidden_dim': 59, 'edge_hidden_dim': 45, 'depth': 3, 'rep_dropout': 0.0957485608517831, 'train_learning_rate': 0.000519579850763798, 'train_lr_reduce': 0.6}. Best is trial 1909 with value: 0.10777772963047028.
[I 2024-12-19 22:45:41,260] Trial 2374 finished with value: 0.15461258590221405 and parameters: {'mlp_n_layers': 1, 'mlp_dim_00': 262, 'node_hidden_dim': 98, 'edge_hidden_dim': 87, 'depth': 1, 'rep_dropout': 0.019218010550069387, 'train_learning_rate': 0.0012805905269580645, 'train_lr_reduce': 0.6}. Best is trial 1909 with value: 0.10777772963047028.
[I 2024-12-19 22:45:51,303] Trial 2376 finished with value: 0.25817593932151794 and parameters: {'mlp_n_layers': 1, 'mlp_dim_00': 446, 'node_hidden_dim': 48, 'edge_hidden_dim': 66, 'depth': 1, 'rep_dropout': 0.06270692896927355, 'train_learning_rate': 0.004288000052018817, 'train_lr_reduce': 0.6}. Best is trial 1909 with value: 0.10777772963047028.
[I 2024-12-19 22:46:13,531] Trial 2377 finished with value: 0.16799728572368622 and parameters: {'mlp_n_layers': 1, 'mlp_dim_00': 447, 'node_hidden_dim': 41, 'edge_hidden_dim': 68, 'depth': 1, 'rep_dropout': 0.03962879821932054, 'train_learning_rate': 0.004490366260786156, 'train_lr_reduce': 0.6}. Best is trial 1909 with value: 0.10777772963047028.
[I 2024-12-19 22:46:20,213] Trial 2378 finished with value: 0.1310628354549408 and parameters: {'mlp_n_layers': 1, 'mlp_dim_00': 407, 'node_hidden_dim': 51, 'edge_hidden_dim': 70, 'depth': 1, 'rep_dropout': 0.05398371766106211, 'train_learning_rate': 0.0027986196153842917, 'train_lr_reduce': 0.6}. Best is trial 1909 with value: 0.10777772963047028.
[I 2024-12-19 22:46:30,276] Trial 2379 finished with value: 0.13688847422599792 and parameters: {'mlp_n_layers': 3, 'mlp_dim_00': 344, 'mlp_dim_01': 135, 'mlp_dim_02': 125, 'node_hidden_dim': 45, 'edge_hidden_dim': 65, 'depth': 1, 'rep_dropout': 0.03275728895499763, 'train_learning_rate': 0.0026198466344169867, 'train_lr_reduce': 0.6}. Best is trial 1909 with value: 0.10777772963047028.
[I 2024-12-19 22:46:44,179] Trial 2381 finished with value: 0.21359941363334656 and parameters: {'mlp_n_layers': 1, 'mlp_dim_00': 503, 'node_hidden_dim': 39, 'edge_hidden_dim': 43, 'depth': 1, 'rep_dropout': 0.05971862999818919, 'train_learning_rate': 0.005023145571072947, 'train_lr_reduce': 0.6}. Best is trial 1909 with value: 0.10777772963047028.
[I 2024-12-19 22:46:53,968] Trial 2382 finished with value: 0.17731735110282898 and parameters: {'mlp_n_layers': 1, 'mlp_dim_00': 438, 'node_hidden_dim': 51, 'edge_hidden_dim': 63, 'depth': 1, 'rep_dropout': 0.03902787502443121, 'train_learning_rate': 0.001938909899031917, 'train_lr_reduce': 0.6}. Best is trial 1909 with value: 0.10777772963047028.
[I 2024-12-19 22:46:54,940] Trial 2383 finished with value: 0.5431287884712219 and parameters: {'mlp_n_layers': 1, 'mlp_dim_00': 462, 'node_hidden_dim': 52, 'edge_hidden_dim': 55, 'depth': 1, 'rep_dropout': 0.007604676896551782, 'train_learning_rate': 0.004487620970856885, 'train_lr_reduce': 0.6}. Best is trial 1909 with value: 0.10777772963047028.
[I 2024-12-19 22:46:55,522] Trial 2380 finished with value: 0.4093703627586365 and parameters: {'mlp_n_layers': 1, 'mlp_dim_00': 427, 'node_hidden_dim': 32, 'edge_hidden_dim': 72, 'depth': 2, 'rep_dropout': 0.07223107586325567, 'train_learning_rate': 0.006114780295292778, 'train_lr_reduce': 0.6}. Best is trial 1909 with value: 0.10777772963047028.
[I 2024-12-19 22:47:00,628] Trial 2385 finished with value: 1.142648696899414 and parameters: {'mlp_n_layers': 3, 'mlp_dim_00': 299, 'mlp_dim_01': 181, 'mlp_dim_02': 301, 'node_hidden_dim': 87, 'edge_hidden_dim': 98, 'depth': 2, 'rep_dropout': 0.1361521335756813, 'train_learning_rate': 0.0006232948683908738, 'train_lr_reduce': 0.6}. Best is trial 1909 with value: 0.10777772963047028.
[I 2024-12-19 22:47:06,366] Trial 2386 finished with value: 0.7235211133956909 and parameters: {'mlp_n_layers': 1, 'mlp_dim_00': 349, 'node_hidden_dim': 49, 'edge_hidden_dim': 52, 'depth': 1, 'rep_dropout': 6.872942856465123e-05, 'train_learning_rate': 0.00877719861100749, 'train_lr_reduce': 0.6}. Best is trial 1909 with value: 0.10777772963047028.
[I 2024-12-19 22:47:11,169] Trial 2384 finished with value: 0.5381578803062439 and parameters: {'mlp_n_layers': 1, 'mlp_dim_00': 440, 'node_hidden_dim': 56, 'edge_hidden_dim': 34, 'depth': 2, 'rep_dropout': 0.05539190553513042, 'train_learning_rate': 0.003486471257290423, 'train_lr_reduce': 0.6}. Best is trial 1909 with value: 0.10777772963047028.
[I 2024-12-19 22:47:11,499] Trial 2388 finished with value: 1.1455434560775757 and parameters: {'mlp_n_layers': 2, 'mlp_dim_00': 458, 'mlp_dim_01': 103, 'node_hidden_dim': 52, 'edge_hidden_dim': 73, 'depth': 1, 'rep_dropout': 0.0319373348823123, 'train_learning_rate': 0.003198148040012635, 'train_lr_reduce': 0.6}. Best is trial 1909 with value: 0.10777772963047028.
[I 2024-12-19 22:47:37,150] Trial 2387 finished with value: 0.15574322640895844 and parameters: {'mlp_n_layers': 1, 'mlp_dim_00': 503, 'node_hidden_dim': 52, 'edge_hidden_dim': 54, 'depth': 1, 'rep_dropout': 0.0013056322070384549, 'train_learning_rate': 0.0035607627908827806, 'train_lr_reduce': 0.6}. Best is trial 1909 with value: 0.10777772963047028.
[I 2024-12-19 22:47:42,150] Trial 2391 finished with value: 1.142569899559021 and parameters: {'mlp_n_layers': 2, 'mlp_dim_00': 510, 'mlp_dim_01': 219, 'node_hidden_dim': 33, 'edge_hidden_dim': 32, 'depth': 1, 'rep_dropout': 0.03610410147519789, 'train_learning_rate': 0.003502776310073493, 'train_lr_reduce': 0.6}. Best is trial 1909 with value: 0.10777772963047028.
[I 2024-12-19 22:47:45,840] Trial 2390 finished with value: 0.15719884634017944 and parameters: {'mlp_n_layers': 1, 'mlp_dim_00': 509, 'node_hidden_dim': 48, 'edge_hidden_dim': 53, 'depth': 1, 'rep_dropout': 0.04016383769129045, 'train_learning_rate': 0.005872243289445618, 'train_lr_reduce': 0.6}. Best is trial 1909 with value: 0.10777772963047028.
[I 2024-12-19 22:47:55,729] Trial 2389 finished with value: 0.15370172262191772 and parameters: {'mlp_n_layers': 1, 'mlp_dim_00': 383, 'node_hidden_dim': 38, 'edge_hidden_dim': 77, 'depth': 1, 'rep_dropout': 0.002078648132255399, 'train_learning_rate': 0.003387624102809443, 'train_lr_reduce': 0.6}. Best is trial 1909 with value: 0.10777772963047028.
[I 2024-12-19 22:48:01,660] Trial 2394 finished with value: 1.143144130706787 and parameters: {'mlp_n_layers': 4, 'mlp_dim_00': 192, 'mlp_dim_01': 158, 'mlp_dim_02': 228, 'mlp_dim_03': 436, 'node_hidden_dim': 58, 'edge_hidden_dim': 34, 'depth': 1, 'rep_dropout': 0.06474367816698152, 'train_learning_rate': 0.0009327278092360937, 'train_lr_reduce': 0.6}. Best is trial 1909 with value: 0.10777772963047028.
[I 2024-12-19 22:48:06,427] Trial 2395 finished with value: 1.144789695739746 and parameters: {'mlp_n_layers': 1, 'mlp_dim_00': 434, 'node_hidden_dim': 48, 'edge_hidden_dim': 52, 'depth': 1, 'rep_dropout': 0.00188842866280527, 'train_learning_rate': 0.0016435940445021443, 'train_lr_reduce': 0.6}. Best is trial 1909 with value: 0.10777772963047028.
[I 2024-12-19 22:48:15,356] Trial 2396 finished with value: 0.5557456612586975 and parameters: {'mlp_n_layers': 1, 'mlp_dim_00': 457, 'node_hidden_dim': 36, 'edge_hidden_dim': 68, 'depth': 1, 'rep_dropout': 0.000467622882038745, 'train_learning_rate': 0.007987904962427872, 'train_lr_reduce': 0.6}. Best is trial 1909 with value: 0.10777772963047028.
[I 2024-12-19 22:48:24,637] Trial 2392 finished with value: 0.14457844197750092 and parameters: {'mlp_n_layers': 1, 'mlp_dim_00': 456, 'node_hidden_dim': 32, 'edge_hidden_dim': 45, 'depth': 1, 'rep_dropout': 0.01130761737138157, 'train_learning_rate': 0.0026160394906431096, 'train_lr_reduce': 0.6}. Best is trial 1909 with value: 0.10777772963047028.
[I 2024-12-19 22:48:31,161] Trial 2393 finished with value: 0.23791199922561646 and parameters: {'mlp_n_layers': 1, 'mlp_dim_00': 433, 'node_hidden_dim': 52, 'edge_hidden_dim': 68, 'depth': 2, 'rep_dropout': 0.003187219109663325, 'train_learning_rate': 0.00632201222522683, 'train_lr_reduce': 0.6}. Best is trial 1909 with value: 0.10777772963047028.
[I 2024-12-19 22:48:51,440] Trial 2397 finished with value: 0.20851130783557892 and parameters: {'mlp_n_layers': 1, 'mlp_dim_00': 511, 'node_hidden_dim': 41, 'edge_hidden_dim': 41, 'depth': 1, 'rep_dropout': 0.040944975750699455, 'train_learning_rate': 0.0063390927272876495, 'train_lr_reduce': 0.6}. Best is trial 1909 with value: 0.10777772963047028.
[I 2024-12-19 22:48:56,973] Trial 2400 finished with value: 1.1456201076507568 and parameters: {'mlp_n_layers': 1, 'mlp_dim_00': 495, 'node_hidden_dim': 45, 'edge_hidden_dim': 52, 'depth': 2, 'rep_dropout': 0.0394238101542765, 'train_learning_rate': 0.0018365248831167676, 'train_lr_reduce': 0.6}. Best is trial 1909 with value: 0.10777772963047028.
[I 2024-12-19 22:49:04,642] Trial 2398 finished with value: 0.16128602623939514 and parameters: {'mlp_n_layers': 1, 'mlp_dim_00': 416, 'node_hidden_dim': 32, 'edge_hidden_dim': 72, 'depth': 1, 'rep_dropout': 0.007301220480402248, 'train_learning_rate': 0.0019134872126682302, 'train_lr_reduce': 0.6}. Best is trial 1909 with value: 0.10777772963047028.
[I 2024-12-19 22:49:11,666] Trial 2399 finished with value: 0.21253368258476257 and parameters: {'mlp_n_layers': 1, 'mlp_dim_00': 431, 'node_hidden_dim': 33, 'edge_hidden_dim': 77, 'depth': 1, 'rep_dropout': 0.04422298800835736, 'train_learning_rate': 0.0036467806907467416, 'train_lr_reduce': 0.6}. Best is trial 1909 with value: 0.10777772963047028.
[I 2024-12-19 22:49:17,038] Trial 2403 finished with value: 1.143019437789917 and parameters: {'mlp_n_layers': 2, 'mlp_dim_00': 404, 'mlp_dim_01': 134, 'node_hidden_dim': 54, 'edge_hidden_dim': 55, 'depth': 2, 'rep_dropout': 0.03959567971163697, 'train_learning_rate': 0.0023067533149446666, 'train_lr_reduce': 0.6}. Best is trial 1909 with value: 0.10777772963047028.
[I 2024-12-19 22:49:35,029] Trial 2401 finished with value: 0.1510637104511261 and parameters: {'mlp_n_layers': 1, 'mlp_dim_00': 449, 'node_hidden_dim': 48, 'edge_hidden_dim': 52, 'depth': 1, 'rep_dropout': 0.033330322459033015, 'train_learning_rate': 0.0033800639440809666, 'train_lr_reduce': 0.6}. Best is trial 1909 with value: 0.10777772963047028.
[I 2024-12-19 22:49:37,269] Trial 2404 finished with value: 0.20828843116760254 and parameters: {'mlp_n_layers': 1, 'mlp_dim_00': 510, 'node_hidden_dim': 36, 'edge_hidden_dim': 52, 'depth': 1, 'rep_dropout': 0.02029459209606182, 'train_learning_rate': 0.002094674512250318, 'train_lr_reduce': 0.6}. Best is trial 1909 with value: 0.10777772963047028.
[I 2024-12-19 22:49:44,778] Trial 2402 finished with value: 0.1747831106185913 and parameters: {'mlp_n_layers': 2, 'mlp_dim_00': 435, 'mlp_dim_01': 100, 'node_hidden_dim': 36, 'edge_hidden_dim': 60, 'depth': 1, 'rep_dropout': 0.0011144130175463826, 'train_learning_rate': 0.004224539062461715, 'train_lr_reduce': 0.6}. Best is trial 1909 with value: 0.10777772963047028.
[I 2024-12-19 22:49:51,103] Trial 2407 finished with value: 1.1576119661331177 and parameters: {'mlp_n_layers': 2, 'mlp_dim_00': 386, 'mlp_dim_01': 66, 'node_hidden_dim': 57, 'edge_hidden_dim': 94, 'depth': 2, 'rep_dropout': 0.03136820682489283, 'train_learning_rate': 0.0013206301256476595, 'train_lr_reduce': 0.6}. Best is trial 1909 with value: 0.10777772963047028.
[I 2024-12-19 22:49:56,629] Trial 2408 finished with value: 1.146336555480957 and parameters: {'mlp_n_layers': 2, 'mlp_dim_00': 289, 'mlp_dim_01': 171, 'node_hidden_dim': 82, 'edge_hidden_dim': 87, 'depth': 2, 'rep_dropout': 0.016448993425527317, 'train_learning_rate': 0.004702443568595706, 'train_lr_reduce': 0.6}. Best is trial 1909 with value: 0.10777772963047028.
