[I 2024-12-19 08:51:42,262] Trial 2191 finished with value: 1.3474602699279785 and parameters: {'mlp_n_layers': 4, 'mlp_dim_00': 223, 'mlp_dim_01': 113, 'mlp_dim_02': 303, 'mlp_dim_03': 285, 'node_hidden_dim': 85, 'edge_hidden_dim': 99, 'depth': 2, 'rep_dropout': 0.1812187645030257, 'train_learning_rate': 0.005474219979437532, 'train_lr_reduce': 0.6}. Best is trial 1483 with value: 0.2768918573856354.
[I 2024-12-19 08:51:44,657] Trial 2192 finished with value: 1.5406337976455688 and parameters: {'mlp_n_layers': 4, 'mlp_dim_00': 194, 'mlp_dim_01': 73, 'mlp_dim_02': 400, 'mlp_dim_03': 143, 'node_hidden_dim': 61, 'edge_hidden_dim': 84, 'depth': 2, 'rep_dropout': 0.18798604573333869, 'train_learning_rate': 0.004869962520798723, 'train_lr_reduce': 0.6}. Best is trial 1483 with value: 0.2768918573856354.
[I 2024-12-19 08:51:47,747] Trial 2194 finished with value: 1.401149868965149 and parameters: {'mlp_n_layers': 2, 'mlp_dim_00': 311, 'mlp_dim_01': 174, 'node_hidden_dim': 104, 'edge_hidden_dim': 59, 'depth': 2, 'rep_dropout': 0.023718419302699724, 'train_learning_rate': 0.009616771368968014, 'train_lr_reduce': 0.6}. Best is trial 1483 with value: 0.2768918573856354.
[I 2024-12-19 08:51:49,770] Trial 2195 finished with value: 1.2833651304244995 and parameters: {'mlp_n_layers': 2, 'mlp_dim_00': 374, 'mlp_dim_01': 87, 'node_hidden_dim': 108, 'edge_hidden_dim': 67, 'depth': 3, 'rep_dropout': 0.07802724960421789, 'train_learning_rate': 0.009299756479037307, 'train_lr_reduce': 0.6}. Best is trial 1483 with value: 0.2768918573856354.
[I 2024-12-19 08:51:55,022] Trial 2197 finished with value: 1.3400228023529053 and parameters: {'mlp_n_layers': 2, 'mlp_dim_00': 216, 'mlp_dim_01': 175, 'node_hidden_dim': 109, 'edge_hidden_dim': 38, 'depth': 4, 'rep_dropout': 0.06674017624609092, 'train_learning_rate': 0.009024157863009419, 'train_lr_reduce': 0.6}. Best is trial 1483 with value: 0.2768918573856354.
[I 2024-12-19 08:51:55,609] Trial 2193 finished with value: 0.41694366931915283 and parameters: {'mlp_n_layers': 2, 'mlp_dim_00': 161, 'mlp_dim_01': 87, 'node_hidden_dim': 124, 'edge_hidden_dim': 80, 'depth': 3, 'rep_dropout': 0.07623918097416565, 'train_learning_rate': 0.008503018274037183, 'train_lr_reduce': 0.6}. Best is trial 1483 with value: 0.2768918573856354.
[I 2024-12-19 08:52:00,196] Trial 2198 finished with value: 1.294802188873291 and parameters: {'mlp_n_layers': 4, 'mlp_dim_00': 509, 'mlp_dim_01': 393, 'mlp_dim_02': 479, 'mlp_dim_03': 113, 'node_hidden_dim': 94, 'edge_hidden_dim': 86, 'depth': 2, 'rep_dropout': 0.16470815713499887, 'train_learning_rate': 0.008572531274235958, 'train_lr_reduce': 0.6}. Best is trial 1483 with value: 0.2768918573856354.
[I 2024-12-19 08:52:00,551] Trial 2199 finished with value: 1.3011213541030884 and parameters: {'mlp_n_layers': 2, 'mlp_dim_00': 275, 'mlp_dim_01': 283, 'node_hidden_dim': 92, 'edge_hidden_dim': 67, 'depth': 3, 'rep_dropout': 0.11190036385407287, 'train_learning_rate': 0.0037823599654040496, 'train_lr_reduce': 0.6}. Best is trial 1483 with value: 0.2768918573856354.
[I 2024-12-19 08:52:04,022] Trial 2196 finished with value: 0.5828598141670227 and parameters: {'mlp_n_layers': 4, 'mlp_dim_00': 223, 'mlp_dim_01': 173, 'mlp_dim_02': 325, 'mlp_dim_03': 226, 'node_hidden_dim': 101, 'edge_hidden_dim': 55, 'depth': 2, 'rep_dropout': 0.08638847400273716, 'train_learning_rate': 0.009535591434460285, 'train_lr_reduce': 0.6}. Best is trial 1483 with value: 0.2768918573856354.
[I 2024-12-19 08:52:07,105] Trial 2201 finished with value: 1.3160490989685059 and parameters: {'mlp_n_layers': 3, 'mlp_dim_00': 408, 'mlp_dim_01': 65, 'mlp_dim_02': 282, 'node_hidden_dim': 52, 'edge_hidden_dim': 79, 'depth': 3, 'rep_dropout': 0.15211394666225475, 'train_learning_rate': 0.004373552326320904, 'train_lr_reduce': 0.6}. Best is trial 1483 with value: 0.2768918573856354.
[I 2024-12-19 08:52:08,539] Trial 2200 finished with value: 1.3682197332382202 and parameters: {'mlp_n_layers': 4, 'mlp_dim_00': 278, 'mlp_dim_01': 444, 'mlp_dim_02': 350, 'mlp_dim_03': 181, 'node_hidden_dim': 105, 'edge_hidden_dim': 53, 'depth': 2, 'rep_dropout': 0.007488969472068484, 'train_learning_rate': 0.002518219285325818, 'train_lr_reduce': 0.6}. Best is trial 1483 with value: 0.2768918573856354.
[I 2024-12-19 08:52:08,543] Trial 2202 finished with value: 1.2828933000564575 and parameters: {'mlp_n_layers': 3, 'mlp_dim_00': 399, 'mlp_dim_01': 109, 'mlp_dim_02': 436, 'node_hidden_dim': 49, 'edge_hidden_dim': 78, 'depth': 2, 'rep_dropout': 0.11664747308553838, 'train_learning_rate': 0.005294655610875481, 'train_lr_reduce': 0.6}. Best is trial 1483 with value: 0.2768918573856354.
[I 2024-12-19 08:52:12,938] Trial 2203 finished with value: 1.5745339393615723 and parameters: {'mlp_n_layers': 2, 'mlp_dim_00': 186, 'mlp_dim_01': 233, 'node_hidden_dim': 71, 'edge_hidden_dim': 116, 'depth': 4, 'rep_dropout': 0.10934560041802398, 'train_learning_rate': 0.00014424006315302777, 'train_lr_reduce': 0.6}. Best is trial 1483 with value: 0.2768918573856354.
[I 2024-12-19 08:52:13,328] Trial 2204 finished with value: 1.3148142099380493 and parameters: {'mlp_n_layers': 2, 'mlp_dim_00': 448, 'mlp_dim_01': 186, 'node_hidden_dim': 105, 'edge_hidden_dim': 72, 'depth': 2, 'rep_dropout': 0.07270788851243266, 'train_learning_rate': 0.008760808416326737, 'train_lr_reduce': 0.6}. Best is trial 1483 with value: 0.2768918573856354.
[I 2024-12-19 08:52:14,273] Trial 2205 finished with value: 1.5662351846694946 and parameters: {'mlp_n_layers': 4, 'mlp_dim_00': 93, 'mlp_dim_01': 217, 'mlp_dim_02': 231, 'mlp_dim_03': 141, 'node_hidden_dim': 81, 'edge_hidden_dim': 36, 'depth': 2, 'rep_dropout': 0.06734501276979993, 'train_learning_rate': 0.00010434037158180567, 'train_lr_reduce': 0.6}. Best is trial 1483 with value: 0.2768918573856354.
[I 2024-12-19 08:52:18,566] Trial 2206 finished with value: 1.3673043251037598 and parameters: {'mlp_n_layers': 2, 'mlp_dim_00': 157, 'mlp_dim_01': 81, 'node_hidden_dim': 125, 'edge_hidden_dim': 86, 'depth': 4, 'rep_dropout': 0.010133192923760586, 'train_learning_rate': 0.009945165089955417, 'train_lr_reduce': 0.6}. Best is trial 1483 with value: 0.2768918573856354.
[I 2024-12-19 08:52:19,169] Trial 2208 finished with value: 1.548089623451233 and parameters: {'mlp_n_layers': 4, 'mlp_dim_00': 441, 'mlp_dim_01': 267, 'mlp_dim_02': 380, 'mlp_dim_03': 257, 'node_hidden_dim': 41, 'edge_hidden_dim': 105, 'depth': 4, 'rep_dropout': 0.0022947882753621973, 'train_learning_rate': 0.0003742092666810119, 'train_lr_reduce': 0.6}. Best is trial 1483 with value: 0.2768918573856354.
[I 2024-12-19 08:52:20,147] Trial 2207 finished with value: 1.5742379426956177 and parameters: {'mlp_n_layers': 2, 'mlp_dim_00': 401, 'mlp_dim_01': 411, 'node_hidden_dim': 47, 'edge_hidden_dim': 44, 'depth': 4, 'rep_dropout': 0.19501416328462082, 'train_learning_rate': 0.00015217237870674286, 'train_lr_reduce': 0.6}. Best is trial 1483 with value: 0.2768918573856354.
[I 2024-12-19 08:52:23,788] Trial 2209 finished with value: 1.4334157705307007 and parameters: {'mlp_n_layers': 2, 'mlp_dim_00': 231, 'mlp_dim_01': 260, 'node_hidden_dim': 66, 'edge_hidden_dim': 49, 'depth': 2, 'rep_dropout': 0.1659784409485482, 'train_learning_rate': 0.007763057530285748, 'train_lr_reduce': 0.6}. Best is trial 1483 with value: 0.2768918573856354.
[I 2024-12-19 08:52:26,864] Trial 2211 finished with value: 1.1751961708068848 and parameters: {'mlp_n_layers': 3, 'mlp_dim_00': 138, 'mlp_dim_01': 291, 'mlp_dim_02': 280, 'node_hidden_dim': 112, 'edge_hidden_dim': 56, 'depth': 3, 'rep_dropout': 0.08083099834659427, 'train_learning_rate': 0.00996087181615635, 'train_lr_reduce': 0.6}. Best is trial 1483 with value: 0.2768918573856354.
[I 2024-12-19 08:52:28,267] Trial 2212 finished with value: 1.2955876588821411 and parameters: {'mlp_n_layers': 2, 'mlp_dim_00': 296, 'mlp_dim_01': 225, 'node_hidden_dim': 107, 'edge_hidden_dim': 40, 'depth': 3, 'rep_dropout': 0.008237550457879899, 'train_learning_rate': 0.002999229767386787, 'train_lr_reduce': 0.6}. Best is trial 1483 with value: 0.2768918573856354.
[I 2024-12-19 08:52:33,843] Trial 2210 finished with value: 0.41459256410598755 and parameters: {'mlp_n_layers': 2, 'mlp_dim_00': 183, 'mlp_dim_01': 189, 'node_hidden_dim': 94, 'edge_hidden_dim': 73, 'depth': 2, 'rep_dropout': 0.07897656009753179, 'train_learning_rate': 0.00468538765111142, 'train_lr_reduce': 0.6}. Best is trial 1483 with value: 0.2768918573856354.
[I 2024-12-19 08:52:34,038] Trial 2213 finished with value: 1.4306235313415527 and parameters: {'mlp_n_layers': 4, 'mlp_dim_00': 65, 'mlp_dim_01': 85, 'mlp_dim_02': 411, 'mlp_dim_03': 108, 'node_hidden_dim': 115, 'edge_hidden_dim': 57, 'depth': 4, 'rep_dropout': 0.23863420893140996, 'train_learning_rate': 0.004930934064245164, 'train_lr_reduce': 0.6}. Best is trial 1483 with value: 0.2768918573856354.
[I 2024-12-19 08:52:38,357] Trial 2215 finished with value: 1.3103716373443604 and parameters: {'mlp_n_layers': 2, 'mlp_dim_00': 311, 'mlp_dim_01': 291, 'node_hidden_dim': 91, 'edge_hidden_dim': 91, 'depth': 2, 'rep_dropout': 0.041520636456221824, 'train_learning_rate': 0.003471367017201438, 'train_lr_reduce': 0.6}. Best is trial 1483 with value: 0.2768918573856354.
[I 2024-12-19 08:52:38,628] Trial 2216 finished with value: 1.3801414966583252 and parameters: {'mlp_n_layers': 2, 'mlp_dim_00': 254, 'mlp_dim_01': 240, 'node_hidden_dim': 110, 'edge_hidden_dim': 43, 'depth': 2, 'rep_dropout': 0.0019148584866400808, 'train_learning_rate': 0.004497690900555623, 'train_lr_reduce': 0.6}. Best is trial 1483 with value: 0.2768918573856354.
[I 2024-12-19 08:52:43,323] Trial 2214 finished with value: 0.43805423378944397 and parameters: {'mlp_n_layers': 2, 'mlp_dim_00': 271, 'mlp_dim_01': 173, 'node_hidden_dim': 106, 'edge_hidden_dim': 40, 'depth': 2, 'rep_dropout': 0.08905293011989403, 'train_learning_rate': 0.008651183816493173, 'train_lr_reduce': 0.6}. Best is trial 1483 with value: 0.2768918573856354.
[I 2024-12-19 08:52:43,782] Trial 2218 finished with value: 1.3790843486785889 and parameters: {'mlp_n_layers': 2, 'mlp_dim_00': 230, 'mlp_dim_01': 277, 'node_hidden_dim': 106, 'edge_hidden_dim': 53, 'depth': 2, 'rep_dropout': 0.03269519473050711, 'train_learning_rate': 0.00646945162786173, 'train_lr_reduce': 0.6}. Best is trial 1483 with value: 0.2768918573856354.
[I 2024-12-19 08:52:50,060] Trial 2220 finished with value: 1.5626188516616821 and parameters: {'mlp_n_layers': 3, 'mlp_dim_00': 283, 'mlp_dim_01': 327, 'mlp_dim_02': 344, 'node_hidden_dim': 106, 'edge_hidden_dim': 121, 'depth': 2, 'rep_dropout': 0.10535721865983277, 'train_learning_rate': 0.00010292176401700309, 'train_lr_reduce': 0.6}. Best is trial 1483 with value: 0.2768918573856354.
[I 2024-12-19 08:52:50,432] Trial 2219 finished with value: 1.4965108633041382 and parameters: {'mlp_n_layers': 2, 'mlp_dim_00': 104, 'mlp_dim_01': 270, 'node_hidden_dim': 108, 'edge_hidden_dim': 110, 'depth': 3, 'rep_dropout': 0.0029080378563841403, 'train_learning_rate': 0.008580164543472655, 'train_lr_reduce': 0.6}. Best is trial 1483 with value: 0.2768918573856354.
[I 2024-12-19 08:52:57,305] Trial 2217 finished with value: 0.3114052414894104 and parameters: {'mlp_n_layers': 2, 'mlp_dim_00': 241, 'mlp_dim_01': 279, 'node_hidden_dim': 116, 'edge_hidden_dim': 62, 'depth': 2, 'rep_dropout': 0.02923610167369471, 'train_learning_rate': 0.009194896011110149, 'train_lr_reduce': 0.6}. Best is trial 1483 with value: 0.2768918573856354.
[I 2024-12-19 08:52:58,851] Trial 2222 finished with value: 1.3884201049804688 and parameters: {'mlp_n_layers': 3, 'mlp_dim_00': 296, 'mlp_dim_01': 125, 'mlp_dim_02': 470, 'node_hidden_dim': 85, 'edge_hidden_dim': 124, 'depth': 2, 'rep_dropout': 0.041855351782556026, 'train_learning_rate': 0.0028107470337587776, 'train_lr_reduce': 0.6}. Best is trial 1483 with value: 0.2768918573856354.
[I 2024-12-19 08:53:04,836] Trial 2221 finished with value: 0.3943610191345215 and parameters: {'mlp_n_layers': 2, 'mlp_dim_00': 179, 'mlp_dim_01': 494, 'node_hidden_dim': 111, 'edge_hidden_dim': 120, 'depth': 2, 'rep_dropout': 0.077457160493677, 'train_learning_rate': 0.005074632408049746, 'train_lr_reduce': 0.6}. Best is trial 1483 with value: 0.2768918573856354.
[I 2024-12-19 08:53:05,845] Trial 2224 finished with value: 1.3039615154266357 and parameters: {'mlp_n_layers': 2, 'mlp_dim_00': 224, 'mlp_dim_01': 372, 'node_hidden_dim': 127, 'edge_hidden_dim': 77, 'depth': 2, 'rep_dropout': 0.06517096050282543, 'train_learning_rate': 0.009365155878838523, 'train_lr_reduce': 0.6}. Best is trial 1483 with value: 0.2768918573856354.
[I 2024-12-19 08:53:09,457] Trial 2225 finished with value: 1.4175053834915161 and parameters: {'mlp_n_layers': 2, 'mlp_dim_00': 253, 'mlp_dim_01': 232, 'node_hidden_dim': 125, 'edge_hidden_dim': 55, 'depth': 2, 'rep_dropout': 0.03922417689974578, 'train_learning_rate': 0.007805383697169171, 'train_lr_reduce': 0.6}. Best is trial 1483 with value: 0.2768918573856354.
[I 2024-12-19 08:53:11,103] Trial 2226 finished with value: 1.5277385711669922 and parameters: {'mlp_n_layers': 2, 'mlp_dim_00': 435, 'mlp_dim_01': 250, 'node_hidden_dim': 112, 'edge_hidden_dim': 79, 'depth': 4, 'rep_dropout': 0.22265888551928895, 'train_learning_rate': 0.0002526237224566181, 'train_lr_reduce': 0.6}. Best is trial 1483 with value: 0.2768918573856354.
[I 2024-12-19 08:53:14,386] Trial 2223 finished with value: 0.5362048745155334 and parameters: {'mlp_n_layers': 2, 'mlp_dim_00': 349, 'mlp_dim_01': 343, 'node_hidden_dim': 124, 'edge_hidden_dim': 77, 'depth': 2, 'rep_dropout': 0.07304674126440087, 'train_learning_rate': 0.008402843935135422, 'train_lr_reduce': 0.6}. Best is trial 1483 with value: 0.2768918573856354.
[I 2024-12-19 08:53:15,723] Trial 2228 finished with value: 1.379014015197754 and parameters: {'mlp_n_layers': 2, 'mlp_dim_00': 127, 'mlp_dim_01': 313, 'node_hidden_dim': 99, 'edge_hidden_dim': 92, 'depth': 2, 'rep_dropout': 0.17442891379217523, 'train_learning_rate': 0.004376973690398561, 'train_lr_reduce': 0.6}. Best is trial 1483 with value: 0.2768918573856354.
[I 2024-12-19 08:53:19,204] Trial 2229 finished with value: 1.3472853899002075 and parameters: {'mlp_n_layers': 2, 'mlp_dim_00': 222, 'mlp_dim_01': 347, 'node_hidden_dim': 123, 'edge_hidden_dim': 61, 'depth': 2, 'rep_dropout': 0.009657551229239308, 'train_learning_rate': 0.004834666008639904, 'train_lr_reduce': 0.6}. Best is trial 1483 with value: 0.2768918573856354.
[I 2024-12-19 08:53:20,149] Trial 2227 finished with value: 0.43778446316719055 and parameters: {'mlp_n_layers': 2, 'mlp_dim_00': 181, 'mlp_dim_01': 376, 'node_hidden_dim': 100, 'edge_hidden_dim': 56, 'depth': 2, 'rep_dropout': 0.0811960010984919, 'train_learning_rate': 0.009414396897075718, 'train_lr_reduce': 0.6}. Best is trial 1483 with value: 0.2768918573856354.
[I 2024-12-19 08:53:20,214] Trial 2230 finished with value: 1.299521565437317 and parameters: {'mlp_n_layers': 2, 'mlp_dim_00': 215, 'mlp_dim_01': 169, 'node_hidden_dim': 107, 'edge_hidden_dim': 98, 'depth': 2, 'rep_dropout': 0.003510373382325137, 'train_learning_rate': 0.009378687694352928, 'train_lr_reduce': 0.6}. Best is trial 1483 with value: 0.2768918573856354.
[I 2024-12-19 08:53:24,183] Trial 2231 finished with value: 1.5139572620391846 and parameters: {'mlp_n_layers': 2, 'mlp_dim_00': 135, 'mlp_dim_01': 168, 'node_hidden_dim': 112, 'edge_hidden_dim': 56, 'depth': 3, 'rep_dropout': 0.0004925341103274028, 'train_learning_rate': 0.0026214260151295886, 'train_lr_reduce': 0.6}. Best is trial 1483 with value: 0.2768918573856354.
[I 2024-12-19 08:53:24,364] Trial 2233 finished with value: 1.3431757688522339 and parameters: {'mlp_n_layers': 2, 'mlp_dim_00': 142, 'mlp_dim_01': 325, 'node_hidden_dim': 95, 'edge_hidden_dim': 67, 'depth': 2, 'rep_dropout': 0.04463388281848548, 'train_learning_rate': 0.00773366637135716, 'train_lr_reduce': 0.6}. Best is trial 1483 with value: 0.2768918573856354.
[I 2024-12-19 08:53:25,783] Trial 2232 finished with value: 1.2834551334381104 and parameters: {'mlp_n_layers': 2, 'mlp_dim_00': 246, 'mlp_dim_01': 400, 'node_hidden_dim': 98, 'edge_hidden_dim': 85, 'depth': 3, 'rep_dropout': 0.057719590119799304, 'train_learning_rate': 0.009968011926341117, 'train_lr_reduce': 0.6}. Best is trial 1483 with value: 0.2768918573856354.
[I 2024-12-19 08:53:28,684] Trial 2234 finished with value: 1.2829978466033936 and parameters: {'mlp_n_layers': 2, 'mlp_dim_00': 188, 'mlp_dim_01': 242, 'node_hidden_dim': 106, 'edge_hidden_dim': 77, 'depth': 2, 'rep_dropout': 0.01591058177237858, 'train_learning_rate': 0.004617750018293637, 'train_lr_reduce': 0.6}. Best is trial 1483 with value: 0.2768918573856354.
[I 2024-12-19 08:53:29,070] Trial 2235 finished with value: 1.3199669122695923 and parameters: {'mlp_n_layers': 2, 'mlp_dim_00': 201, 'mlp_dim_01': 244, 'node_hidden_dim': 62, 'edge_hidden_dim': 65, 'depth': 2, 'rep_dropout': 0.018612040966531462, 'train_learning_rate': 0.007648713469246548, 'train_lr_reduce': 0.6}. Best is trial 1483 with value: 0.2768918573856354.
[I 2024-12-19 08:53:33,005] Trial 2237 finished with value: 1.378156304359436 and parameters: {'mlp_n_layers': 2, 'mlp_dim_00': 219, 'mlp_dim_01': 152, 'node_hidden_dim': 125, 'edge_hidden_dim': 32, 'depth': 2, 'rep_dropout': 0.06604297413498898, 'train_learning_rate': 0.0026894657702102778, 'train_lr_reduce': 0.6}. Best is trial 1483 with value: 0.2768918573856354.
[I 2024-12-19 08:53:33,721] Trial 2238 finished with value: 1.3182497024536133 and parameters: {'mlp_n_layers': 3, 'mlp_dim_00': 307, 'mlp_dim_01': 149, 'mlp_dim_02': 371, 'node_hidden_dim': 65, 'edge_hidden_dim': 80, 'depth': 2, 'rep_dropout': 0.12146695233845525, 'train_learning_rate': 0.007674466616444194, 'train_lr_reduce': 0.6}. Best is trial 1483 with value: 0.2768918573856354.
[I 2024-12-19 08:53:38,327] Trial 2239 finished with value: 1.4452426433563232 and parameters: {'mlp_n_layers': 4, 'mlp_dim_00': 292, 'mlp_dim_01': 410, 'mlp_dim_02': 512, 'mlp_dim_03': 199, 'node_hidden_dim': 128, 'edge_hidden_dim': 69, 'depth': 3, 'rep_dropout': 0.09078806686054887, 'train_learning_rate': 0.0027072734076573654, 'train_lr_reduce': 0.6}. Best is trial 1483 with value: 0.2768918573856354.
[I 2024-12-19 08:53:38,394] Trial 2240 finished with value: 1.5197726488113403 and parameters: {'mlp_n_layers': 3, 'mlp_dim_00': 86, 'mlp_dim_01': 487, 'mlp_dim_02': 241, 'node_hidden_dim': 55, 'edge_hidden_dim': 68, 'depth': 3, 'rep_dropout': 0.09379128246215285, 'train_learning_rate': 0.0010764750459744388, 'train_lr_reduce': 0.6}. Best is trial 1483 with value: 0.2768918573856354.
[I 2024-12-19 08:53:42,367] Trial 2236 finished with value: 1.4172641038894653 and parameters: {'mlp_n_layers': 3, 'mlp_dim_00': 126, 'mlp_dim_01': 68, 'mlp_dim_02': 315, 'node_hidden_dim': 90, 'edge_hidden_dim': 55, 'depth': 4, 'rep_dropout': 0.23921346136491464, 'train_learning_rate': 0.0006088796371654027, 'train_lr_reduce': 0.6}. Best is trial 1483 with value: 0.2768918573856354.
[I 2024-12-19 08:53:43,529] Trial 2241 finished with value: 1.3393064737319946 and parameters: {'mlp_n_layers': 2, 'mlp_dim_00': 277, 'mlp_dim_01': 348, 'node_hidden_dim': 110, 'edge_hidden_dim': 51, 'depth': 2, 'rep_dropout': 0.08149619172519668, 'train_learning_rate': 0.00957815556049138, 'train_lr_reduce': 0.6}. Best is trial 1483 with value: 0.2768918573856354.
[I 2024-12-19 08:53:48,026] Trial 2244 finished with value: 1.3228479623794556 and parameters: {'mlp_n_layers': 2, 'mlp_dim_00': 279, 'mlp_dim_01': 288, 'node_hidden_dim': 128, 'edge_hidden_dim': 63, 'depth': 2, 'rep_dropout': 0.03081005469749057, 'train_learning_rate': 0.0035272714785829144, 'train_lr_reduce': 0.6}. Best is trial 1483 with value: 0.2768918573856354.
[I 2024-12-19 08:53:49,991] Trial 2243 finished with value: 1.20479154586792 and parameters: {'mlp_n_layers': 3, 'mlp_dim_00': 303, 'mlp_dim_01': 73, 'mlp_dim_02': 436, 'node_hidden_dim': 100, 'edge_hidden_dim': 34, 'depth': 2, 'rep_dropout': 0.12628061802607574, 'train_learning_rate': 0.002321281912734334, 'train_lr_reduce': 0.6}. Best is trial 1483 with value: 0.2768918573856354.
[I 2024-12-19 08:53:53,004] Trial 2245 finished with value: 1.458803415298462 and parameters: {'mlp_n_layers': 2, 'mlp_dim_00': 204, 'mlp_dim_01': 264, 'node_hidden_dim': 117, 'edge_hidden_dim': 50, 'depth': 3, 'rep_dropout': 0.05500727046378126, 'train_learning_rate': 0.004968823534842365, 'train_lr_reduce': 0.6}. Best is trial 1483 with value: 0.2768918573856354.
[I 2024-12-19 08:53:53,632] Trial 2242 finished with value: 1.115051507949829 and parameters: {'mlp_n_layers': 2, 'mlp_dim_00': 129, 'mlp_dim_01': 120, 'node_hidden_dim': 105, 'edge_hidden_dim': 37, 'depth': 3, 'rep_dropout': 0.05826655613193549, 'train_learning_rate': 0.007976103263577079, 'train_lr_reduce': 0.6}. Best is trial 1483 with value: 0.2768918573856354.
[I 2024-12-19 08:53:55,253] Trial 2246 finished with value: 1.2859938144683838 and parameters: {'mlp_n_layers': 2, 'mlp_dim_00': 494, 'mlp_dim_01': 451, 'node_hidden_dim': 102, 'edge_hidden_dim': 114, 'depth': 2, 'rep_dropout': 0.09103763283610357, 'train_learning_rate': 0.00900341784514054, 'train_lr_reduce': 0.6}. Best is trial 1483 with value: 0.2768918573856354.
[I 2024-12-19 08:53:57,811] Trial 2248 finished with value: 1.326357364654541 and parameters: {'mlp_n_layers': 3, 'mlp_dim_00': 152, 'mlp_dim_01': 132, 'mlp_dim_02': 301, 'node_hidden_dim': 112, 'edge_hidden_dim': 106, 'depth': 2, 'rep_dropout': 0.0081780748148634, 'train_learning_rate': 0.003883817519299668, 'train_lr_reduce': 0.6}. Best is trial 1483 with value: 0.2768918573856354.
[I 2024-12-19 08:53:59,557] Trial 2249 finished with value: 1.3793601989746094 and parameters: {'mlp_n_layers': 2, 'mlp_dim_00': 115, 'mlp_dim_01': 214, 'node_hidden_dim': 97, 'edge_hidden_dim': 67, 'depth': 2, 'rep_dropout': 0.05492512440611561, 'train_learning_rate': 0.005346142981558684, 'train_lr_reduce': 0.6}. Best is trial 1483 with value: 0.2768918573856354.
