[I 2024-12-19 08:19:41,604] Trial 1278 finished with value: 1.3681710958480835 and parameters: {'mlp_n_layers': 3, 'mlp_dim_00': 445, 'mlp_dim_01': 81, 'mlp_dim_02': 265, 'node_hidden_dim': 89, 'edge_hidden_dim': 128, 'depth': 2, 'rep_dropout': 0.04119801482088166, 'train_learning_rate': 0.005377513386010522, 'train_lr_reduce': 0.6}. Best is trial 1170 with value: 0.3284205496311188.
[I 2024-12-19 08:19:43,458] Trial 1279 finished with value: 1.5090986490249634 and parameters: {'mlp_n_layers': 3, 'mlp_dim_00': 492, 'mlp_dim_01': 491, 'mlp_dim_02': 298, 'node_hidden_dim': 82, 'edge_hidden_dim': 108, 'depth': 2, 'rep_dropout': 0.07828373409448616, 'train_learning_rate': 0.002901616432975845, 'train_lr_reduce': 0.6}. Best is trial 1170 with value: 0.3284205496311188.
[I 2024-12-19 08:19:44,849] Trial 1280 finished with value: 1.4481360912322998 and parameters: {'mlp_n_layers': 2, 'mlp_dim_00': 477, 'mlp_dim_01': 74, 'node_hidden_dim': 79, 'edge_hidden_dim': 72, 'depth': 2, 'rep_dropout': 0.06567504201467943, 'train_learning_rate': 0.0014757218912825783, 'train_lr_reduce': 0.6}. Best is trial 1170 with value: 0.3284205496311188.
[I 2024-12-19 08:19:46,380] Trial 1281 finished with value: 1.5180933475494385 and parameters: {'mlp_n_layers': 4, 'mlp_dim_00': 500, 'mlp_dim_01': 158, 'mlp_dim_02': 205, 'mlp_dim_03': 114, 'node_hidden_dim': 127, 'edge_hidden_dim': 40, 'depth': 3, 'rep_dropout': 0.173129109476658, 'train_learning_rate': 0.005016257815340677, 'train_lr_reduce': 0.6}. Best is trial 1170 with value: 0.3284205496311188.
[I 2024-12-19 08:19:48,364] Trial 1282 finished with value: 1.5194770097732544 and parameters: {'mlp_n_layers': 3, 'mlp_dim_00': 480, 'mlp_dim_01': 468, 'mlp_dim_02': 372, 'node_hidden_dim': 112, 'edge_hidden_dim': 123, 'depth': 2, 'rep_dropout': 0.06138971237551809, 'train_learning_rate': 0.0015213529804804238, 'train_lr_reduce': 0.6}. Best is trial 1170 with value: 0.3284205496311188.
[I 2024-12-19 08:19:49,151] Trial 1283 finished with value: 1.5485668182373047 and parameters: {'mlp_n_layers': 2, 'mlp_dim_00': 365, 'mlp_dim_01': 216, 'node_hidden_dim': 62, 'edge_hidden_dim': 37, 'depth': 4, 'rep_dropout': 0.03233376280357125, 'train_learning_rate': 0.00012481376648197434, 'train_lr_reduce': 0.6}. Best is trial 1170 with value: 0.3284205496311188.
[I 2024-12-19 08:19:51,145] Trial 1284 finished with value: 1.5853439569473267 and parameters: {'mlp_n_layers': 2, 'mlp_dim_00': 252, 'mlp_dim_01': 317, 'node_hidden_dim': 62, 'edge_hidden_dim': 76, 'depth': 3, 'rep_dropout': 0.018671336719966375, 'train_learning_rate': 0.00010671729057644045, 'train_lr_reduce': 0.6}. Best is trial 1170 with value: 0.3284205496311188.
[I 2024-12-19 08:19:53,007] Trial 1285 finished with value: 1.347658634185791 and parameters: {'mlp_n_layers': 3, 'mlp_dim_00': 500, 'mlp_dim_01': 507, 'mlp_dim_02': 482, 'node_hidden_dim': 110, 'edge_hidden_dim': 119, 'depth': 2, 'rep_dropout': 0.09051301656295088, 'train_learning_rate': 0.005990700983250166, 'train_lr_reduce': 0.6}. Best is trial 1170 with value: 0.3284205496311188.
[I 2024-12-19 08:19:55,471] Trial 1287 finished with value: 1.331107497215271 and parameters: {'mlp_n_layers': 3, 'mlp_dim_00': 202, 'mlp_dim_01': 170, 'mlp_dim_02': 321, 'node_hidden_dim': 59, 'edge_hidden_dim': 93, 'depth': 2, 'rep_dropout': 0.05261061597906745, 'train_learning_rate': 0.0034890789673788494, 'train_lr_reduce': 0.6}. Best is trial 1170 with value: 0.3284205496311188.
[I 2024-12-19 08:19:55,977] Trial 1286 finished with value: 1.4160503149032593 and parameters: {'mlp_n_layers': 3, 'mlp_dim_00': 328, 'mlp_dim_01': 102, 'mlp_dim_02': 509, 'node_hidden_dim': 74, 'edge_hidden_dim': 100, 'depth': 3, 'rep_dropout': 0.041638720239696295, 'train_learning_rate': 0.0028343592402389193, 'train_lr_reduce': 0.6}. Best is trial 1170 with value: 0.3284205496311188.
[I 2024-12-19 08:20:00,459] Trial 1289 finished with value: 1.392987608909607 and parameters: {'mlp_n_layers': 3, 'mlp_dim_00': 484, 'mlp_dim_01': 445, 'mlp_dim_02': 279, 'node_hidden_dim': 127, 'edge_hidden_dim': 92, 'depth': 2, 'rep_dropout': 0.06381538379781125, 'train_learning_rate': 0.006831737700168131, 'train_lr_reduce': 0.6}. Best is trial 1170 with value: 0.3284205496311188.
[I 2024-12-19 08:20:00,728] Trial 1290 finished with value: 1.4775853157043457 and parameters: {'mlp_n_layers': 3, 'mlp_dim_00': 342, 'mlp_dim_01': 71, 'mlp_dim_02': 353, 'node_hidden_dim': 61, 'edge_hidden_dim': 123, 'depth': 3, 'rep_dropout': 0.027757520940700935, 'train_learning_rate': 0.0073738816797847394, 'train_lr_reduce': 0.6}. Best is trial 1170 with value: 0.3284205496311188.
[I 2024-12-19 08:20:04,666] Trial 1291 finished with value: 1.5143077373504639 and parameters: {'mlp_n_layers': 3, 'mlp_dim_00': 505, 'mlp_dim_01': 299, 'mlp_dim_02': 249, 'node_hidden_dim': 34, 'edge_hidden_dim': 127, 'depth': 2, 'rep_dropout': 0.18209635137765018, 'train_learning_rate': 0.0011863447484336685, 'train_lr_reduce': 0.6}. Best is trial 1170 with value: 0.3284205496311188.
[I 2024-12-19 08:20:04,977] Trial 1292 finished with value: 1.333262324333191 and parameters: {'mlp_n_layers': 3, 'mlp_dim_00': 437, 'mlp_dim_01': 117, 'mlp_dim_02': 392, 'node_hidden_dim': 61, 'edge_hidden_dim': 87, 'depth': 2, 'rep_dropout': 0.10917635453853025, 'train_learning_rate': 0.004308871747316159, 'train_lr_reduce': 0.6}. Best is trial 1170 with value: 0.3284205496311188.
[I 2024-12-19 08:20:08,124] Trial 1288 finished with value: 0.45573514699935913 and parameters: {'mlp_n_layers': 4, 'mlp_dim_00': 66, 'mlp_dim_01': 357, 'mlp_dim_02': 421, 'mlp_dim_03': 116, 'node_hidden_dim': 126, 'edge_hidden_dim': 92, 'depth': 2, 'rep_dropout': 0.1110729313789448, 'train_learning_rate': 0.0023939946863011314, 'train_lr_reduce': 0.6}. Best is trial 1170 with value: 0.3284205496311188.
[I 2024-12-19 08:20:09,464] Trial 1293 finished with value: 1.5448651313781738 and parameters: {'mlp_n_layers': 3, 'mlp_dim_00': 488, 'mlp_dim_01': 391, 'mlp_dim_02': 323, 'node_hidden_dim': 102, 'edge_hidden_dim': 90, 'depth': 2, 'rep_dropout': 0.041909618700492896, 'train_learning_rate': 0.002131828699330663, 'train_lr_reduce': 0.6}. Best is trial 1170 with value: 0.3284205496311188.
[I 2024-12-19 08:20:12,594] Trial 1295 finished with value: 1.3887754678726196 and parameters: {'mlp_n_layers': 2, 'mlp_dim_00': 436, 'mlp_dim_01': 84, 'node_hidden_dim': 104, 'edge_hidden_dim': 47, 'depth': 3, 'rep_dropout': 0.10783157205761068, 'train_learning_rate': 0.002397409556777823, 'train_lr_reduce': 0.6}. Best is trial 1170 with value: 0.3284205496311188.
[I 2024-12-19 08:20:15,720] Trial 1296 finished with value: 1.5830528736114502 and parameters: {'mlp_n_layers': 4, 'mlp_dim_00': 83, 'mlp_dim_01': 203, 'mlp_dim_02': 265, 'mlp_dim_03': 97, 'node_hidden_dim': 36, 'edge_hidden_dim': 116, 'depth': 4, 'rep_dropout': 0.14267172198612707, 'train_learning_rate': 0.0001598347304818424, 'train_lr_reduce': 0.6}. Best is trial 1170 with value: 0.3284205496311188.
[I 2024-12-19 08:20:17,876] Trial 1297 finished with value: 1.3764185905456543 and parameters: {'mlp_n_layers': 3, 'mlp_dim_00': 444, 'mlp_dim_01': 72, 'mlp_dim_02': 344, 'node_hidden_dim': 93, 'edge_hidden_dim': 88, 'depth': 2, 'rep_dropout': 0.01601413201421205, 'train_learning_rate': 0.00793126954430596, 'train_lr_reduce': 0.6}. Best is trial 1170 with value: 0.3284205496311188.
[I 2024-12-19 08:20:19,103] Trial 1294 finished with value: 0.6043686270713806 and parameters: {'mlp_n_layers': 3, 'mlp_dim_00': 365, 'mlp_dim_01': 210, 'mlp_dim_02': 200, 'node_hidden_dim': 79, 'edge_hidden_dim': 66, 'depth': 2, 'rep_dropout': 0.1768975431850901, 'train_learning_rate': 0.004056505349933579, 'train_lr_reduce': 0.6}. Best is trial 1170 with value: 0.3284205496311188.
[I 2024-12-19 08:20:20,204] Trial 1298 finished with value: 1.398144006729126 and parameters: {'mlp_n_layers': 4, 'mlp_dim_00': 433, 'mlp_dim_01': 441, 'mlp_dim_02': 292, 'mlp_dim_03': 505, 'node_hidden_dim': 101, 'edge_hidden_dim': 100, 'depth': 2, 'rep_dropout': 0.04629810261572083, 'train_learning_rate': 0.007234013599974983, 'train_lr_reduce': 0.6}. Best is trial 1170 with value: 0.3284205496311188.
[I 2024-12-19 08:20:22,790] Trial 1299 finished with value: 1.3620158433914185 and parameters: {'mlp_n_layers': 3, 'mlp_dim_00': 298, 'mlp_dim_01': 104, 'mlp_dim_02': 511, 'node_hidden_dim': 122, 'edge_hidden_dim': 39, 'depth': 2, 'rep_dropout': 0.08844357470511391, 'train_learning_rate': 0.004509967762591223, 'train_lr_reduce': 0.6}. Best is trial 1170 with value: 0.3284205496311188.
[I 2024-12-19 08:20:23,401] Trial 1300 finished with value: 1.3328036069869995 and parameters: {'mlp_n_layers': 3, 'mlp_dim_00': 435, 'mlp_dim_01': 163, 'mlp_dim_02': 441, 'node_hidden_dim': 44, 'edge_hidden_dim': 125, 'depth': 4, 'rep_dropout': 0.2126229722242506, 'train_learning_rate': 0.004288167862391198, 'train_lr_reduce': 0.6}. Best is trial 1170 with value: 0.3284205496311188.
[I 2024-12-19 08:20:25,079] Trial 1301 finished with value: 1.297289252281189 and parameters: {'mlp_n_layers': 2, 'mlp_dim_00': 255, 'mlp_dim_01': 444, 'node_hidden_dim': 87, 'edge_hidden_dim': 126, 'depth': 2, 'rep_dropout': 0.12084779304857853, 'train_learning_rate': 0.009068327968575637, 'train_lr_reduce': 0.6}. Best is trial 1170 with value: 0.3284205496311188.
[I 2024-12-19 08:20:27,335] Trial 1303 finished with value: 1.5593518018722534 and parameters: {'mlp_n_layers': 3, 'mlp_dim_00': 269, 'mlp_dim_01': 449, 'mlp_dim_02': 214, 'node_hidden_dim': 58, 'edge_hidden_dim': 89, 'depth': 2, 'rep_dropout': 0.17745323801456253, 'train_learning_rate': 0.00010107708710663279, 'train_lr_reduce': 0.6}. Best is trial 1170 with value: 0.3284205496311188.
[I 2024-12-19 08:20:27,338] Trial 1302 finished with value: 1.4586435556411743 and parameters: {'mlp_n_layers': 4, 'mlp_dim_00': 103, 'mlp_dim_01': 419, 'mlp_dim_02': 389, 'mlp_dim_03': 105, 'node_hidden_dim': 125, 'edge_hidden_dim': 88, 'depth': 2, 'rep_dropout': 0.18038861147881807, 'train_learning_rate': 0.006035201288427159, 'train_lr_reduce': 0.6}. Best is trial 1170 with value: 0.3284205496311188.
[I 2024-12-19 08:20:31,069] Trial 1304 finished with value: 1.3173938989639282 and parameters: {'mlp_n_layers': 2, 'mlp_dim_00': 202, 'mlp_dim_01': 460, 'node_hidden_dim': 113, 'edge_hidden_dim': 97, 'depth': 2, 'rep_dropout': 0.006444318785743017, 'train_learning_rate': 0.008966424914198072, 'train_lr_reduce': 0.6}. Best is trial 1170 with value: 0.3284205496311188.
[I 2024-12-19 08:20:32,104] Trial 1305 finished with value: 1.2832351922988892 and parameters: {'mlp_n_layers': 3, 'mlp_dim_00': 475, 'mlp_dim_01': 488, 'mlp_dim_02': 336, 'node_hidden_dim': 91, 'edge_hidden_dim': 100, 'depth': 3, 'rep_dropout': 0.06177773357691145, 'train_learning_rate': 0.006792199512165962, 'train_lr_reduce': 0.6}. Best is trial 1170 with value: 0.3284205496311188.
[I 2024-12-19 08:20:34,372] Trial 1306 finished with value: 1.5890804529190063 and parameters: {'mlp_n_layers': 3, 'mlp_dim_00': 140, 'mlp_dim_01': 133, 'mlp_dim_02': 290, 'node_hidden_dim': 125, 'edge_hidden_dim': 86, 'depth': 4, 'rep_dropout': 0.2158925011906328, 'train_learning_rate': 0.00011129190592113278, 'train_lr_reduce': 0.6}. Best is trial 1170 with value: 0.3284205496311188.
[I 2024-12-19 08:20:37,532] Trial 1308 finished with value: 1.379504680633545 and parameters: {'mlp_n_layers': 4, 'mlp_dim_00': 412, 'mlp_dim_01': 468, 'mlp_dim_02': 471, 'mlp_dim_03': 159, 'node_hidden_dim': 96, 'edge_hidden_dim': 95, 'depth': 3, 'rep_dropout': 0.12809925629702135, 'train_learning_rate': 0.00939142095129015, 'train_lr_reduce': 0.6}. Best is trial 1170 with value: 0.3284205496311188.
[I 2024-12-19 08:20:39,056] Trial 1309 finished with value: 1.29824697971344 and parameters: {'mlp_n_layers': 3, 'mlp_dim_00': 486, 'mlp_dim_01': 490, 'mlp_dim_02': 247, 'node_hidden_dim': 54, 'edge_hidden_dim': 73, 'depth': 2, 'rep_dropout': 0.13639780180846633, 'train_learning_rate': 0.0033322086255662747, 'train_lr_reduce': 0.6}. Best is trial 1170 with value: 0.3284205496311188.
[I 2024-12-19 08:20:42,277] Trial 1310 finished with value: 1.5792526006698608 and parameters: {'mlp_n_layers': 4, 'mlp_dim_00': 110, 'mlp_dim_01': 378, 'mlp_dim_02': 314, 'mlp_dim_03': 155, 'node_hidden_dim': 121, 'edge_hidden_dim': 35, 'depth': 2, 'rep_dropout': 0.07926898372511222, 'train_learning_rate': 0.0004291934342557657, 'train_lr_reduce': 0.6}. Best is trial 1170 with value: 0.3284205496311188.
[I 2024-12-19 08:20:43,945] Trial 1311 finished with value: 1.2935034036636353 and parameters: {'mlp_n_layers': 4, 'mlp_dim_00': 247, 'mlp_dim_01': 116, 'mlp_dim_02': 409, 'mlp_dim_03': 110, 'node_hidden_dim': 65, 'edge_hidden_dim': 61, 'depth': 2, 'rep_dropout': 0.16630943744606713, 'train_learning_rate': 0.008149923846385958, 'train_lr_reduce': 0.6}. Best is trial 1170 with value: 0.3284205496311188.
[I 2024-12-19 08:20:47,027] Trial 1307 finished with value: 0.4065336585044861 and parameters: {'mlp_n_layers': 4, 'mlp_dim_00': 508, 'mlp_dim_01': 64, 'mlp_dim_02': 364, 'mlp_dim_03': 103, 'node_hidden_dim': 122, 'edge_hidden_dim': 85, 'depth': 3, 'rep_dropout': 0.12313078922013491, 'train_learning_rate': 0.003345749036882399, 'train_lr_reduce': 0.6}. Best is trial 1170 with value: 0.3284205496311188.
[I 2024-12-19 08:20:48,758] Trial 1313 finished with value: 1.3689591884613037 and parameters: {'mlp_n_layers': 4, 'mlp_dim_00': 222, 'mlp_dim_01': 123, 'mlp_dim_02': 200, 'mlp_dim_03': 154, 'node_hidden_dim': 68, 'edge_hidden_dim': 113, 'depth': 2, 'rep_dropout': 0.012705655723114969, 'train_learning_rate': 0.005530757900310954, 'train_lr_reduce': 0.6}. Best is trial 1170 with value: 0.3284205496311188.
[I 2024-12-19 08:20:52,876] Trial 1314 finished with value: 1.5676525831222534 and parameters: {'mlp_n_layers': 3, 'mlp_dim_00': 348, 'mlp_dim_01': 402, 'mlp_dim_02': 301, 'node_hidden_dim': 84, 'edge_hidden_dim': 65, 'depth': 2, 'rep_dropout': 0.08591717734018882, 'train_learning_rate': 0.00010483635623284487, 'train_lr_reduce': 0.6}. Best is trial 1170 with value: 0.3284205496311188.
[I 2024-12-19 08:20:53,926] Trial 1315 finished with value: 1.2850723266601562 and parameters: {'mlp_n_layers': 3, 'mlp_dim_00': 507, 'mlp_dim_01': 495, 'mlp_dim_02': 245, 'node_hidden_dim': 112, 'edge_hidden_dim': 99, 'depth': 2, 'rep_dropout': 0.06326177414410714, 'train_learning_rate': 0.006057708014823333, 'train_lr_reduce': 0.6}. Best is trial 1170 with value: 0.3284205496311188.
[I 2024-12-19 08:20:56,678] Trial 1312 finished with value: 0.6074625849723816 and parameters: {'mlp_n_layers': 3, 'mlp_dim_00': 348, 'mlp_dim_01': 145, 'mlp_dim_02': 351, 'node_hidden_dim': 120, 'edge_hidden_dim': 34, 'depth': 2, 'rep_dropout': 0.024063334406256062, 'train_learning_rate': 0.00800927722057365, 'train_lr_reduce': 0.6}. Best is trial 1170 with value: 0.3284205496311188.
[I 2024-12-19 08:20:57,749] Trial 1316 finished with value: 1.534916877746582 and parameters: {'mlp_n_layers': 4, 'mlp_dim_00': 97, 'mlp_dim_01': 141, 'mlp_dim_02': 378, 'mlp_dim_03': 104, 'node_hidden_dim': 103, 'edge_hidden_dim': 32, 'depth': 3, 'rep_dropout': 0.19977792760933552, 'train_learning_rate': 0.001938168760573475, 'train_lr_reduce': 0.6}. Best is trial 1170 with value: 0.3284205496311188.
[I 2024-12-19 08:20:58,954] Trial 1317 finished with value: 1.535688042640686 and parameters: {'mlp_n_layers': 4, 'mlp_dim_00': 478, 'mlp_dim_01': 72, 'mlp_dim_02': 472, 'mlp_dim_03': 440, 'node_hidden_dim': 49, 'edge_hidden_dim': 66, 'depth': 3, 'rep_dropout': 0.14067345998287017, 'train_learning_rate': 0.0023322620060466782, 'train_lr_reduce': 0.6}. Best is trial 1170 with value: 0.3284205496311188.
[I 2024-12-19 08:21:00,861] Trial 1318 finished with value: 1.3129874467849731 and parameters: {'mlp_n_layers': 2, 'mlp_dim_00': 373, 'mlp_dim_01': 66, 'node_hidden_dim': 94, 'edge_hidden_dim': 65, 'depth': 2, 'rep_dropout': 0.13657293491565342, 'train_learning_rate': 0.003727658757165362, 'train_lr_reduce': 0.6}. Best is trial 1170 with value: 0.3284205496311188.
[I 2024-12-19 08:21:02,623] Trial 1319 finished with value: 1.5027000904083252 and parameters: {'mlp_n_layers': 4, 'mlp_dim_00': 512, 'mlp_dim_01': 191, 'mlp_dim_02': 278, 'mlp_dim_03': 164, 'node_hidden_dim': 92, 'edge_hidden_dim': 54, 'depth': 2, 'rep_dropout': 0.051852150560781476, 'train_learning_rate': 0.004855378128080312, 'train_lr_reduce': 0.6}. Best is trial 1170 with value: 0.3284205496311188.
[I 2024-12-19 08:21:03,673] Trial 1320 finished with value: 1.2985398769378662 and parameters: {'mlp_n_layers': 3, 'mlp_dim_00': 90, 'mlp_dim_01': 403, 'mlp_dim_02': 328, 'node_hidden_dim': 100, 'edge_hidden_dim': 91, 'depth': 2, 'rep_dropout': 0.1092604676569097, 'train_learning_rate': 0.009223848416482092, 'train_lr_reduce': 0.6}. Best is trial 1170 with value: 0.3284205496311188.
[I 2024-12-19 08:21:05,405] Trial 1321 finished with value: 1.2855775356292725 and parameters: {'mlp_n_layers': 4, 'mlp_dim_00': 81, 'mlp_dim_01': 509, 'mlp_dim_02': 435, 'mlp_dim_03': 97, 'node_hidden_dim': 115, 'edge_hidden_dim': 89, 'depth': 2, 'rep_dropout': 0.1247430493949163, 'train_learning_rate': 0.00932236939178304, 'train_lr_reduce': 0.6}. Best is trial 1170 with value: 0.3284205496311188.
[I 2024-12-19 08:21:07,721] Trial 1322 finished with value: 1.3239763975143433 and parameters: {'mlp_n_layers': 4, 'mlp_dim_00': 252, 'mlp_dim_01': 322, 'mlp_dim_02': 350, 'mlp_dim_03': 64, 'node_hidden_dim': 94, 'edge_hidden_dim': 71, 'depth': 2, 'rep_dropout': 0.04841234780574444, 'train_learning_rate': 0.00938770377329749, 'train_lr_reduce': 0.6}. Best is trial 1170 with value: 0.3284205496311188.
[I 2024-12-19 08:21:10,952] Trial 1324 finished with value: 1.5702663660049438 and parameters: {'mlp_n_layers': 4, 'mlp_dim_00': 97, 'mlp_dim_01': 499, 'mlp_dim_02': 254, 'mlp_dim_03': 190, 'node_hidden_dim': 79, 'edge_hidden_dim': 61, 'depth': 3, 'rep_dropout': 0.17731807974373098, 'train_learning_rate': 0.0002603450393703485, 'train_lr_reduce': 0.6}. Best is trial 1170 with value: 0.3284205496311188.
[I 2024-12-19 08:21:11,231] Trial 1323 finished with value: 1.2575641870498657 and parameters: {'mlp_n_layers': 4, 'mlp_dim_00': 268, 'mlp_dim_01': 205, 'mlp_dim_02': 511, 'mlp_dim_03': 178, 'node_hidden_dim': 49, 'edge_hidden_dim': 81, 'depth': 3, 'rep_dropout': 0.18068518083215013, 'train_learning_rate': 0.009585361716493655, 'train_lr_reduce': 0.6}. Best is trial 1170 with value: 0.3284205496311188.
[I 2024-12-19 08:21:12,282] Trial 1325 finished with value: 1.284877896308899 and parameters: {'mlp_n_layers': 3, 'mlp_dim_00': 471, 'mlp_dim_01': 359, 'mlp_dim_02': 298, 'node_hidden_dim': 118, 'edge_hidden_dim': 104, 'depth': 2, 'rep_dropout': 0.2060289040697778, 'train_learning_rate': 0.007944617820008252, 'train_lr_reduce': 0.6}. Best is trial 1170 with value: 0.3284205496311188.
[I 2024-12-19 08:21:15,548] Trial 1327 finished with value: 1.3010008335113525 and parameters: {'mlp_n_layers': 2, 'mlp_dim_00': 303, 'mlp_dim_01': 324, 'node_hidden_dim': 72, 'edge_hidden_dim': 61, 'depth': 2, 'rep_dropout': 0.1515092235556839, 'train_learning_rate': 0.0025088141565620743, 'train_lr_reduce': 0.6}. Best is trial 1170 with value: 0.3284205496311188.
[I 2024-12-19 08:21:16,349] Trial 1328 finished with value: 1.4445703029632568 and parameters: {'mlp_n_layers': 4, 'mlp_dim_00': 168, 'mlp_dim_01': 314, 'mlp_dim_02': 196, 'mlp_dim_03': 145, 'node_hidden_dim': 121, 'edge_hidden_dim': 66, 'depth': 2, 'rep_dropout': 0.0864528078204482, 'train_learning_rate': 0.009515141335683746, 'train_lr_reduce': 0.6}. Best is trial 1170 with value: 0.3284205496311188.
[I 2024-12-19 08:21:19,061] Trial 1326 finished with value: 1.3861331939697266 and parameters: {'mlp_n_layers': 3, 'mlp_dim_00': 318, 'mlp_dim_01': 82, 'mlp_dim_02': 401, 'node_hidden_dim': 65, 'edge_hidden_dim': 118, 'depth': 2, 'rep_dropout': 0.017941001472087204, 'train_learning_rate': 0.0026910922951821153, 'train_lr_reduce': 0.6}. Best is trial 1170 with value: 0.3284205496311188.
[I 2024-12-19 08:21:19,998] Trial 1329 finished with value: 1.3207404613494873 and parameters: {'mlp_n_layers': 4, 'mlp_dim_00': 419, 'mlp_dim_01': 72, 'mlp_dim_02': 327, 'mlp_dim_03': 104, 'node_hidden_dim': 83, 'edge_hidden_dim': 107, 'depth': 2, 'rep_dropout': 0.023422447875817327, 'train_learning_rate': 0.00621079168590174, 'train_lr_reduce': 0.6}. Best is trial 1170 with value: 0.3284205496311188.
[I 2024-12-19 08:21:20,760] Trial 1330 finished with value: 1.5169438123703003 and parameters: {'mlp_n_layers': 3, 'mlp_dim_00': 251, 'mlp_dim_01': 171, 'mlp_dim_02': 372, 'node_hidden_dim': 122, 'edge_hidden_dim': 33, 'depth': 2, 'rep_dropout': 0.05794478616232493, 'train_learning_rate': 0.0032509861531047853, 'train_lr_reduce': 0.6}. Best is trial 1170 with value: 0.3284205496311188.
[I 2024-12-19 08:21:25,358] Trial 1332 finished with value: 1.5668179988861084 and parameters: {'mlp_n_layers': 2, 'mlp_dim_00': 265, 'mlp_dim_01': 280, 'node_hidden_dim': 99, 'edge_hidden_dim': 83, 'depth': 3, 'rep_dropout': 0.18764731292689438, 'train_learning_rate': 0.0001092976349253511, 'train_lr_reduce': 0.6}. Best is trial 1170 with value: 0.3284205496311188.
[I 2024-12-19 08:21:27,298] Trial 1331 finished with value: 1.3418794870376587 and parameters: {'mlp_n_layers': 3, 'mlp_dim_00': 285, 'mlp_dim_01': 91, 'mlp_dim_02': 240, 'node_hidden_dim': 87, 'edge_hidden_dim': 101, 'depth': 2, 'rep_dropout': 0.033095542052118974, 'train_learning_rate': 0.0028215584229767435, 'train_lr_reduce': 0.6}. Best is trial 1170 with value: 0.3284205496311188.
[I 2024-12-19 08:21:28,695] Trial 1333 finished with value: 1.3384815454483032 and parameters: {'mlp_n_layers': 4, 'mlp_dim_00': 298, 'mlp_dim_01': 413, 'mlp_dim_02': 290, 'mlp_dim_03': 206, 'node_hidden_dim': 37, 'edge_hidden_dim': 65, 'depth': 2, 'rep_dropout': 0.09987173635113669, 'train_learning_rate': 0.0018019517530836375, 'train_lr_reduce': 0.6}. Best is trial 1170 with value: 0.3284205496311188.
