[I 2024-12-19 07:48:04,725] Trial 228 finished with value: 0.2724333107471466 and parameters: {'mlp_n_layers': 3, 'mlp_dim_00': 287, 'mlp_dim_01': 279, 'mlp_dim_02': 441, 'node_hidden_dim': 109, 'edge_hidden_dim': 35, 'depth': 2, 'rep_dropout': 0.031956800759586665, 'train_learning_rate': 0.00522080245883032, 'train_lr_reduce': 0.6}. Best is trial 225 with value: 0.22508707642555237.
[I 2024-12-19 07:48:07,888] Trial 230 finished with value: 0.9477106928825378 and parameters: {'mlp_n_layers': 3, 'mlp_dim_00': 332, 'mlp_dim_01': 349, 'mlp_dim_02': 509, 'node_hidden_dim': 110, 'edge_hidden_dim': 58, 'depth': 3, 'rep_dropout': 0.017031036112163528, 'train_learning_rate': 0.009426806212457872, 'train_lr_reduce': 0.6}. Best is trial 225 with value: 0.22508707642555237.
[I 2024-12-19 07:48:13,922] Trial 232 finished with value: 1.0698494911193848 and parameters: {'mlp_n_layers': 4, 'mlp_dim_00': 262, 'mlp_dim_01': 237, 'mlp_dim_02': 405, 'mlp_dim_03': 503, 'node_hidden_dim': 125, 'edge_hidden_dim': 38, 'depth': 2, 'rep_dropout': 0.052592539951247574, 'train_learning_rate': 0.009753730675397513, 'train_lr_reduce': 0.6}. Best is trial 225 with value: 0.22508707642555237.
[I 2024-12-19 07:48:15,183] Trial 231 finished with value: 0.17593608796596527 and parameters: {'mlp_n_layers': 3, 'mlp_dim_00': 380, 'mlp_dim_01': 371, 'mlp_dim_02': 443, 'node_hidden_dim': 105, 'edge_hidden_dim': 35, 'depth': 2, 'rep_dropout': 0.040111690031163494, 'train_learning_rate': 0.006389143303571745, 'train_lr_reduce': 0.6}. Best is trial 231 with value: 0.17593608796596527.
[I 2024-12-19 07:48:19,576] Trial 234 finished with value: 1.1527531147003174 and parameters: {'mlp_n_layers': 4, 'mlp_dim_00': 219, 'mlp_dim_01': 398, 'mlp_dim_02': 452, 'mlp_dim_03': 511, 'node_hidden_dim': 122, 'edge_hidden_dim': 60, 'depth': 2, 'rep_dropout': 0.03540534002330824, 'train_learning_rate': 0.0023284822237251953, 'train_lr_reduce': 0.6}. Best is trial 231 with value: 0.17593608796596527.
[I 2024-12-19 07:48:25,588] Trial 236 finished with value: 1.143255352973938 and parameters: {'mlp_n_layers': 3, 'mlp_dim_00': 293, 'mlp_dim_01': 411, 'mlp_dim_02': 407, 'node_hidden_dim': 89, 'edge_hidden_dim': 37, 'depth': 2, 'rep_dropout': 0.031119651472928007, 'train_learning_rate': 0.0031396011252371055, 'train_lr_reduce': 0.6}. Best is trial 231 with value: 0.17593608796596527.
[I 2024-12-19 07:48:31,897] Trial 233 finished with value: 0.5856600403785706 and parameters: {'mlp_n_layers': 2, 'mlp_dim_00': 74, 'mlp_dim_01': 72, 'node_hidden_dim': 52, 'edge_hidden_dim': 88, 'depth': 3, 'rep_dropout': 0.21677948195239885, 'train_learning_rate': 0.006948496707077005, 'train_lr_reduce': 0.6}. Best is trial 231 with value: 0.17593608796596527.
[I 2024-12-19 07:48:34,457] Trial 235 finished with value: 0.4346314072608948 and parameters: {'mlp_n_layers': 3, 'mlp_dim_00': 328, 'mlp_dim_01': 298, 'mlp_dim_02': 451, 'node_hidden_dim': 96, 'edge_hidden_dim': 36, 'depth': 2, 'rep_dropout': 0.021458006902097884, 'train_learning_rate': 0.006979882510817905, 'train_lr_reduce': 0.6}. Best is trial 231 with value: 0.17593608796596527.
[I 2024-12-19 07:48:48,840] Trial 237 finished with value: 0.3515126705169678 and parameters: {'mlp_n_layers': 4, 'mlp_dim_00': 342, 'mlp_dim_01': 314, 'mlp_dim_02': 511, 'mlp_dim_03': 281, 'node_hidden_dim': 103, 'edge_hidden_dim': 41, 'depth': 2, 'rep_dropout': 8.269935447809129e-05, 'train_learning_rate': 0.0031174887423676655, 'train_lr_reduce': 0.6}. Best is trial 231 with value: 0.17593608796596527.
[I 2024-12-19 07:48:53,212] Trial 239 finished with value: 0.4869530200958252 and parameters: {'mlp_n_layers': 3, 'mlp_dim_00': 414, 'mlp_dim_01': 364, 'mlp_dim_02': 455, 'node_hidden_dim': 113, 'edge_hidden_dim': 37, 'depth': 2, 'rep_dropout': 0.06754968282443252, 'train_learning_rate': 0.005089781621526517, 'train_lr_reduce': 0.6}. Best is trial 231 with value: 0.17593608796596527.
[I 2024-12-19 07:48:54,439] Trial 240 finished with value: 1.1456060409545898 and parameters: {'mlp_n_layers': 2, 'mlp_dim_00': 98, 'mlp_dim_01': 178, 'node_hidden_dim': 50, 'edge_hidden_dim': 62, 'depth': 2, 'rep_dropout': 0.20132340624625464, 'train_learning_rate': 0.006310423415141758, 'train_lr_reduce': 0.6}. Best is trial 231 with value: 0.17593608796596527.
[I 2024-12-19 07:48:55,654] Trial 238 finished with value: 0.5390204191207886 and parameters: {'mlp_n_layers': 2, 'mlp_dim_00': 352, 'mlp_dim_01': 419, 'node_hidden_dim': 107, 'edge_hidden_dim': 40, 'depth': 2, 'rep_dropout': 0.043559886629207095, 'train_learning_rate': 0.0061851356934382465, 'train_lr_reduce': 0.6}. Best is trial 231 with value: 0.17593608796596527.
[I 2024-12-19 07:48:58,671] Trial 241 finished with value: 1.1423736810684204 and parameters: {'mlp_n_layers': 3, 'mlp_dim_00': 347, 'mlp_dim_01': 107, 'mlp_dim_02': 510, 'node_hidden_dim': 95, 'edge_hidden_dim': 43, 'depth': 2, 'rep_dropout': 0.061103120188988676, 'train_learning_rate': 0.003755409752595174, 'train_lr_reduce': 0.6}. Best is trial 231 with value: 0.17593608796596527.
[I 2024-12-19 07:49:00,371] Trial 242 finished with value: 1.1421480178833008 and parameters: {'mlp_n_layers': 4, 'mlp_dim_00': 375, 'mlp_dim_01': 279, 'mlp_dim_02': 498, 'mlp_dim_03': 254, 'node_hidden_dim': 106, 'edge_hidden_dim': 36, 'depth': 2, 'rep_dropout': 0.008366555341768684, 'train_learning_rate': 0.003104102725550724, 'train_lr_reduce': 0.6}. Best is trial 231 with value: 0.17593608796596527.
[I 2024-12-19 07:49:04,455] Trial 244 finished with value: 1.1428263187408447 and parameters: {'mlp_n_layers': 4, 'mlp_dim_00': 419, 'mlp_dim_01': 359, 'mlp_dim_02': 453, 'mlp_dim_03': 277, 'node_hidden_dim': 97, 'edge_hidden_dim': 70, 'depth': 2, 'rep_dropout': 0.012582630265685525, 'train_learning_rate': 0.0008348302532395195, 'train_lr_reduce': 0.6}. Best is trial 231 with value: 0.17593608796596527.
[I 2024-12-19 07:49:07,037] Trial 243 finished with value: 0.8505774140357971 and parameters: {'mlp_n_layers': 3, 'mlp_dim_00': 391, 'mlp_dim_01': 372, 'mlp_dim_02': 456, 'node_hidden_dim': 114, 'edge_hidden_dim': 39, 'depth': 2, 'rep_dropout': 0.03336059711745474, 'train_learning_rate': 0.007295924752085185, 'train_lr_reduce': 0.6}. Best is trial 231 with value: 0.17593608796596527.
[I 2024-12-19 07:49:10,459] Trial 246 finished with value: 1.1420823335647583 and parameters: {'mlp_n_layers': 2, 'mlp_dim_00': 79, 'mlp_dim_01': 262, 'node_hidden_dim': 88, 'edge_hidden_dim': 71, 'depth': 2, 'rep_dropout': 0.02897352736024085, 'train_learning_rate': 0.002987673561935573, 'train_lr_reduce': 0.6}. Best is trial 231 with value: 0.17593608796596527.
[I 2024-12-19 07:49:14,906] Trial 247 finished with value: 1.1447995901107788 and parameters: {'mlp_n_layers': 3, 'mlp_dim_00': 368, 'mlp_dim_01': 413, 'mlp_dim_02': 442, 'node_hidden_dim': 89, 'edge_hidden_dim': 34, 'depth': 3, 'rep_dropout': 0.05977193266103793, 'train_learning_rate': 0.009464985753036686, 'train_lr_reduce': 0.6}. Best is trial 231 with value: 0.17593608796596527.
[I 2024-12-19 07:49:21,775] Trial 245 finished with value: 0.3088395595550537 and parameters: {'mlp_n_layers': 3, 'mlp_dim_00': 279, 'mlp_dim_01': 176, 'mlp_dim_02': 509, 'node_hidden_dim': 116, 'edge_hidden_dim': 34, 'depth': 2, 'rep_dropout': 0.007423994058638226, 'train_learning_rate': 0.0062321488596630975, 'train_lr_reduce': 0.6}. Best is trial 231 with value: 0.17593608796596527.
[I 2024-12-19 07:49:21,997] Trial 249 finished with value: 1.1457767486572266 and parameters: {'mlp_n_layers': 4, 'mlp_dim_00': 251, 'mlp_dim_01': 291, 'mlp_dim_02': 436, 'mlp_dim_03': 240, 'node_hidden_dim': 99, 'edge_hidden_dim': 56, 'depth': 2, 'rep_dropout': 0.005019463369339496, 'train_learning_rate': 0.002485313171436199, 'train_lr_reduce': 0.6}. Best is trial 231 with value: 0.17593608796596527.
[I 2024-12-19 07:49:29,767] Trial 248 finished with value: 0.5464673638343811 and parameters: {'mlp_n_layers': 2, 'mlp_dim_00': 362, 'mlp_dim_01': 68, 'node_hidden_dim': 66, 'edge_hidden_dim': 64, 'depth': 2, 'rep_dropout': 0.15908186825693585, 'train_learning_rate': 0.007512261842584015, 'train_lr_reduce': 0.6}. Best is trial 231 with value: 0.17593608796596527.
[I 2024-12-19 07:49:42,289] Trial 250 finished with value: 0.22205017507076263 and parameters: {'mlp_n_layers': 3, 'mlp_dim_00': 379, 'mlp_dim_01': 329, 'mlp_dim_02': 506, 'node_hidden_dim': 84, 'edge_hidden_dim': 40, 'depth': 2, 'rep_dropout': 0.025809761911631913, 'train_learning_rate': 0.008154412277474671, 'train_lr_reduce': 0.6}. Best is trial 231 with value: 0.17593608796596527.
[I 2024-12-19 07:49:46,624] Trial 251 finished with value: 0.4456343650817871 and parameters: {'mlp_n_layers': 3, 'mlp_dim_00': 305, 'mlp_dim_01': 178, 'mlp_dim_02': 509, 'node_hidden_dim': 106, 'edge_hidden_dim': 41, 'depth': 3, 'rep_dropout': 0.030080448449330766, 'train_learning_rate': 0.00987433549047503, 'train_lr_reduce': 0.6}. Best is trial 231 with value: 0.17593608796596527.
[I 2024-12-19 07:49:48,116] Trial 253 finished with value: 1.1516565084457397 and parameters: {'mlp_n_layers': 3, 'mlp_dim_00': 234, 'mlp_dim_01': 124, 'mlp_dim_02': 508, 'node_hidden_dim': 105, 'edge_hidden_dim': 41, 'depth': 2, 'rep_dropout': 0.008710297071667573, 'train_learning_rate': 0.004226254872101376, 'train_lr_reduce': 0.6}. Best is trial 231 with value: 0.17593608796596527.
[I 2024-12-19 07:49:48,843] Trial 252 finished with value: 0.35581839084625244 and parameters: {'mlp_n_layers': 3, 'mlp_dim_00': 299, 'mlp_dim_01': 298, 'mlp_dim_02': 510, 'node_hidden_dim': 93, 'edge_hidden_dim': 39, 'depth': 2, 'rep_dropout': 0.08543431494813598, 'train_learning_rate': 0.005515075157700905, 'train_lr_reduce': 0.6}. Best is trial 231 with value: 0.17593608796596527.
[I 2024-12-19 07:49:54,156] Trial 256 finished with value: 1.148259162902832 and parameters: {'mlp_n_layers': 3, 'mlp_dim_00': 301, 'mlp_dim_01': 304, 'mlp_dim_02': 502, 'node_hidden_dim': 82, 'edge_hidden_dim': 66, 'depth': 2, 'rep_dropout': 0.099547144741726, 'train_learning_rate': 0.0035091346770475965, 'train_lr_reduce': 0.6}. Best is trial 231 with value: 0.17593608796596527.
[I 2024-12-19 07:49:54,494] Trial 254 finished with value: 1.14236581325531 and parameters: {'mlp_n_layers': 4, 'mlp_dim_00': 346, 'mlp_dim_01': 485, 'mlp_dim_02': 512, 'mlp_dim_03': 308, 'node_hidden_dim': 87, 'edge_hidden_dim': 38, 'depth': 2, 'rep_dropout': 0.008525097697042214, 'train_learning_rate': 0.008082598263145207, 'train_lr_reduce': 0.6}. Best is trial 231 with value: 0.17593608796596527.
[I 2024-12-19 07:50:08,779] Trial 255 finished with value: 0.46379366517066956 and parameters: {'mlp_n_layers': 3, 'mlp_dim_00': 304, 'mlp_dim_01': 297, 'mlp_dim_02': 457, 'node_hidden_dim': 92, 'edge_hidden_dim': 43, 'depth': 2, 'rep_dropout': 0.001665421211016812, 'train_learning_rate': 0.005418470837263196, 'train_lr_reduce': 0.6}. Best is trial 231 with value: 0.17593608796596527.
[I 2024-12-19 07:50:14,082] Trial 257 finished with value: 0.4567892253398895 and parameters: {'mlp_n_layers': 3, 'mlp_dim_00': 394, 'mlp_dim_01': 384, 'mlp_dim_02': 510, 'node_hidden_dim': 71, 'edge_hidden_dim': 49, 'depth': 2, 'rep_dropout': 0.006977667054106098, 'train_learning_rate': 0.007060934039100886, 'train_lr_reduce': 0.6}. Best is trial 231 with value: 0.17593608796596527.
[I 2024-12-19 07:50:17,543] Trial 258 finished with value: 0.6441373229026794 and parameters: {'mlp_n_layers': 2, 'mlp_dim_00': 114, 'mlp_dim_01': 348, 'node_hidden_dim': 66, 'edge_hidden_dim': 73, 'depth': 2, 'rep_dropout': 0.03812020153501691, 'train_learning_rate': 0.00892870987757667, 'train_lr_reduce': 0.6}. Best is trial 231 with value: 0.17593608796596527.
[I 2024-12-19 07:50:24,152] Trial 261 finished with value: 1.1443828344345093 and parameters: {'mlp_n_layers': 3, 'mlp_dim_00': 276, 'mlp_dim_01': 189, 'mlp_dim_02': 497, 'node_hidden_dim': 128, 'edge_hidden_dim': 40, 'depth': 2, 'rep_dropout': 0.005076538942991744, 'train_learning_rate': 0.0026286829929067167, 'train_lr_reduce': 0.6}. Best is trial 231 with value: 0.17593608796596527.
[I 2024-12-19 07:50:29,505] Trial 259 finished with value: 0.7060312628746033 and parameters: {'mlp_n_layers': 3, 'mlp_dim_00': 430, 'mlp_dim_01': 297, 'mlp_dim_02': 512, 'node_hidden_dim': 97, 'edge_hidden_dim': 59, 'depth': 2, 'rep_dropout': 0.0849362977752426, 'train_learning_rate': 0.007211751285169913, 'train_lr_reduce': 0.6}. Best is trial 231 with value: 0.17593608796596527.
[I 2024-12-19 07:50:33,563] Trial 260 finished with value: 0.31445667147636414 and parameters: {'mlp_n_layers': 2, 'mlp_dim_00': 240, 'mlp_dim_01': 92, 'node_hidden_dim': 39, 'edge_hidden_dim': 68, 'depth': 2, 'rep_dropout': 0.12310028379492766, 'train_learning_rate': 0.006338996946642997, 'train_lr_reduce': 0.6}. Best is trial 231 with value: 0.17593608796596527.
[I 2024-12-19 07:50:35,388] Trial 263 finished with value: 1.145105004310608 and parameters: {'mlp_n_layers': 2, 'mlp_dim_00': 64, 'mlp_dim_01': 124, 'node_hidden_dim': 59, 'edge_hidden_dim': 76, 'depth': 2, 'rep_dropout': 0.12566265023959047, 'train_learning_rate': 0.006369890868364176, 'train_lr_reduce': 0.6}. Best is trial 231 with value: 0.17593608796596527.
[I 2024-12-19 07:50:40,062] Trial 264 finished with value: 1.1425796747207642 and parameters: {'mlp_n_layers': 4, 'mlp_dim_00': 274, 'mlp_dim_01': 313, 'mlp_dim_02': 512, 'mlp_dim_03': 211, 'node_hidden_dim': 109, 'edge_hidden_dim': 64, 'depth': 2, 'rep_dropout': 0.02011790791865347, 'train_learning_rate': 0.00888139716292582, 'train_lr_reduce': 0.6}. Best is trial 231 with value: 0.17593608796596527.
[I 2024-12-19 07:50:41,314] Trial 265 finished with value: 1.1450831890106201 and parameters: {'mlp_n_layers': 3, 'mlp_dim_00': 271, 'mlp_dim_01': 110, 'mlp_dim_02': 511, 'node_hidden_dim': 41, 'edge_hidden_dim': 43, 'depth': 2, 'rep_dropout': 0.12465030250587054, 'train_learning_rate': 0.0023764297644390613, 'train_lr_reduce': 0.6}. Best is trial 231 with value: 0.17593608796596527.
[I 2024-12-19 07:50:45,682] Trial 262 finished with value: 0.37739166617393494 and parameters: {'mlp_n_layers': 3, 'mlp_dim_00': 396, 'mlp_dim_01': 461, 'mlp_dim_02': 452, 'node_hidden_dim': 87, 'edge_hidden_dim': 35, 'depth': 2, 'rep_dropout': 0.03362511888204233, 'train_learning_rate': 0.009832176256524725, 'train_lr_reduce': 0.6}. Best is trial 231 with value: 0.17593608796596527.
[I 2024-12-19 07:50:47,308] Trial 267 finished with value: 1.1431750059127808 and parameters: {'mlp_n_layers': 3, 'mlp_dim_00': 203, 'mlp_dim_01': 78, 'mlp_dim_02': 512, 'node_hidden_dim': 86, 'edge_hidden_dim': 73, 'depth': 2, 'rep_dropout': 0.1452211435359169, 'train_learning_rate': 0.0037489895806426025, 'train_lr_reduce': 0.6}. Best is trial 231 with value: 0.17593608796596527.
[I 2024-12-19 07:51:00,216] Trial 266 finished with value: 0.2738763093948364 and parameters: {'mlp_n_layers': 2, 'mlp_dim_00': 231, 'mlp_dim_01': 84, 'node_hidden_dim': 41, 'edge_hidden_dim': 85, 'depth': 2, 'rep_dropout': 0.1596816043554648, 'train_learning_rate': 0.009748590282943366, 'train_lr_reduce': 0.6}. Best is trial 231 with value: 0.17593608796596527.
[I 2024-12-19 07:51:05,732] Trial 270 finished with value: 1.1460046768188477 and parameters: {'mlp_n_layers': 2, 'mlp_dim_00': 326, 'mlp_dim_01': 154, 'node_hidden_dim': 39, 'edge_hidden_dim': 95, 'depth': 2, 'rep_dropout': 0.2038572068952867, 'train_learning_rate': 0.0035811433351230207, 'train_lr_reduce': 0.6}. Best is trial 231 with value: 0.17593608796596527.
[I 2024-12-19 07:51:08,696] Trial 268 finished with value: 0.22180622816085815 and parameters: {'mlp_n_layers': 2, 'mlp_dim_00': 383, 'mlp_dim_01': 266, 'node_hidden_dim': 77, 'edge_hidden_dim': 38, 'depth': 2, 'rep_dropout': 0.04034043298358998, 'train_learning_rate': 0.006698762702159652, 'train_lr_reduce': 0.6}. Best is trial 231 with value: 0.17593608796596527.
[I 2024-12-19 07:51:09,109] Trial 269 finished with value: 0.22541643679141998 and parameters: {'mlp_n_layers': 3, 'mlp_dim_00': 318, 'mlp_dim_01': 451, 'mlp_dim_02': 396, 'node_hidden_dim': 109, 'edge_hidden_dim': 53, 'depth': 2, 'rep_dropout': 0.02139892873457459, 'train_learning_rate': 0.00572042633215622, 'train_lr_reduce': 0.6}. Best is trial 231 with value: 0.17593608796596527.
[I 2024-12-19 07:51:11,583] Trial 271 finished with value: 1.142900824546814 and parameters: {'mlp_n_layers': 2, 'mlp_dim_00': 256, 'mlp_dim_01': 69, 'node_hidden_dim': 106, 'edge_hidden_dim': 77, 'depth': 2, 'rep_dropout': 0.17361056914576764, 'train_learning_rate': 0.0061177206597347825, 'train_lr_reduce': 0.6}. Best is trial 231 with value: 0.17593608796596527.
[I 2024-12-19 07:51:14,616] Trial 272 finished with value: 1.1421942710876465 and parameters: {'mlp_n_layers': 2, 'mlp_dim_00': 248, 'mlp_dim_01': 88, 'node_hidden_dim': 46, 'edge_hidden_dim': 86, 'depth': 2, 'rep_dropout': 0.12806149461968985, 'train_learning_rate': 0.00418404856665061, 'train_lr_reduce': 0.6}. Best is trial 231 with value: 0.17593608796596527.
[I 2024-12-19 07:51:17,054] Trial 274 finished with value: 1.1437326669692993 and parameters: {'mlp_n_layers': 2, 'mlp_dim_00': 337, 'mlp_dim_01': 288, 'node_hidden_dim': 79, 'edge_hidden_dim': 38, 'depth': 3, 'rep_dropout': 0.08729170331630512, 'train_learning_rate': 0.0035465073114400027, 'train_lr_reduce': 0.6}. Best is trial 231 with value: 0.17593608796596527.
[I 2024-12-19 07:51:29,596] Trial 273 finished with value: 0.3324492871761322 and parameters: {'mlp_n_layers': 2, 'mlp_dim_00': 453, 'mlp_dim_01': 287, 'node_hidden_dim': 86, 'edge_hidden_dim': 46, 'depth': 2, 'rep_dropout': 0.03596935612567798, 'train_learning_rate': 0.007945176055844728, 'train_lr_reduce': 0.6}. Best is trial 231 with value: 0.17593608796596527.
[I 2024-12-19 07:51:36,817] Trial 276 finished with value: 0.25300291180610657 and parameters: {'mlp_n_layers': 3, 'mlp_dim_00': 354, 'mlp_dim_01': 267, 'mlp_dim_02': 371, 'node_hidden_dim': 68, 'edge_hidden_dim': 39, 'depth': 2, 'rep_dropout': 0.08329770116275023, 'train_learning_rate': 0.006344532000435637, 'train_lr_reduce': 0.6}. Best is trial 231 with value: 0.17593608796596527.
[I 2024-12-19 07:51:36,832] Trial 275 finished with value: 0.5610758066177368 and parameters: {'mlp_n_layers': 2, 'mlp_dim_00': 278, 'mlp_dim_01': 100, 'node_hidden_dim': 36, 'edge_hidden_dim': 84, 'depth': 2, 'rep_dropout': 0.12788806443868123, 'train_learning_rate': 0.008220054364973497, 'train_lr_reduce': 0.6}. Best is trial 231 with value: 0.17593608796596527.
[I 2024-12-19 07:51:42,677] Trial 278 finished with value: 1.151964783668518 and parameters: {'mlp_n_layers': 3, 'mlp_dim_00': 302, 'mlp_dim_01': 505, 'mlp_dim_02': 315, 'node_hidden_dim': 123, 'edge_hidden_dim': 74, 'depth': 3, 'rep_dropout': 0.04071045854827851, 'train_learning_rate': 0.003166873702011864, 'train_lr_reduce': 0.6}. Best is trial 231 with value: 0.17593608796596527.
[I 2024-12-19 07:51:42,917] Trial 279 finished with value: 1.1423503160476685 and parameters: {'mlp_n_layers': 3, 'mlp_dim_00': 479, 'mlp_dim_01': 282, 'mlp_dim_02': 347, 'node_hidden_dim': 66, 'edge_hidden_dim': 34, 'depth': 2, 'rep_dropout': 0.09061669929397062, 'train_learning_rate': 0.009429983546388701, 'train_lr_reduce': 0.6}. Best is trial 231 with value: 0.17593608796596527.
[I 2024-12-19 07:51:48,007] Trial 280 finished with value: 1.1426968574523926 and parameters: {'mlp_n_layers': 2, 'mlp_dim_00': 436, 'mlp_dim_01': 154, 'node_hidden_dim': 70, 'edge_hidden_dim': 49, 'depth': 2, 'rep_dropout': 0.019992382049816227, 'train_learning_rate': 0.004175871528342012, 'train_lr_reduce': 0.6}. Best is trial 231 with value: 0.17593608796596527.
[I 2024-12-19 07:51:49,978] Trial 281 finished with value: 1.142492413520813 and parameters: {'mlp_n_layers': 2, 'mlp_dim_00': 230, 'mlp_dim_01': 81, 'node_hidden_dim': 47, 'edge_hidden_dim': 62, 'depth': 3, 'rep_dropout': 0.12343442554601994, 'train_learning_rate': 0.004901238879169108, 'train_lr_reduce': 0.6}. Best is trial 231 with value: 0.17593608796596527.
[I 2024-12-19 07:51:50,100] Trial 277 finished with value: 0.28685125708580017 and parameters: {'mlp_n_layers': 2, 'mlp_dim_00': 425, 'mlp_dim_01': 222, 'node_hidden_dim': 101, 'edge_hidden_dim': 58, 'depth': 2, 'rep_dropout': 0.0026822389420139703, 'train_learning_rate': 0.004474013772751756, 'train_lr_reduce': 0.6}. Best is trial 231 with value: 0.17593608796596527.
[I 2024-12-19 07:51:56,230] Trial 283 finished with value: 1.145910382270813 and parameters: {'mlp_n_layers': 2, 'mlp_dim_00': 504, 'mlp_dim_01': 183, 'node_hidden_dim': 108, 'edge_hidden_dim': 32, 'depth': 2, 'rep_dropout': 0.07332420616893204, 'train_learning_rate': 0.0029353379827320803, 'train_lr_reduce': 0.6}. Best is trial 231 with value: 0.17593608796596527.
[I 2024-12-19 07:52:03,017] Trial 282 finished with value: 0.7969035506248474 and parameters: {'mlp_n_layers': 2, 'mlp_dim_00': 505, 'mlp_dim_01': 272, 'node_hidden_dim': 80, 'edge_hidden_dim': 57, 'depth': 2, 'rep_dropout': 0.026649072394713584, 'train_learning_rate': 0.006483649988181344, 'train_lr_reduce': 0.6}. Best is trial 231 with value: 0.17593608796596527.
[I 2024-12-19 07:52:11,897] Trial 284 finished with value: 0.29625973105430603 and parameters: {'mlp_n_layers': 4, 'mlp_dim_00': 231, 'mlp_dim_01': 408, 'mlp_dim_02': 368, 'mlp_dim_03': 345, 'node_hidden_dim': 112, 'edge_hidden_dim': 42, 'depth': 2, 'rep_dropout': 0.0009873774377576498, 'train_learning_rate': 0.004635680517453546, 'train_lr_reduce': 0.6}. Best is trial 231 with value: 0.17593608796596527.
[I 2024-12-19 07:52:20,067] Trial 285 finished with value: 0.4913133978843689 and parameters: {'mlp_n_layers': 2, 'mlp_dim_00': 263, 'mlp_dim_01': 81, 'node_hidden_dim': 52, 'edge_hidden_dim': 81, 'depth': 2, 'rep_dropout': 0.23807674158649372, 'train_learning_rate': 0.008591430942407864, 'train_lr_reduce': 0.6}. Best is trial 231 with value: 0.17593608796596527.
