[I 2024-12-19 08:46:08,008] Trial 2020 finished with value: 1.2826783657073975 and parameters: {'mlp_n_layers': 2, 'mlp_dim_00': 194, 'mlp_dim_01': 121, 'node_hidden_dim': 106, 'edge_hidden_dim': 37, 'depth': 3, 'rep_dropout': 0.020303064015604638, 'train_learning_rate': 0.006335647013761683, 'train_lr_reduce': 0.6}. Best is trial 1483 with value: 0.2768918573856354.
[I 2024-12-19 08:46:09,149] Trial 2021 finished with value: 1.5366941690444946 and parameters: {'mlp_n_layers': 3, 'mlp_dim_00': 228, 'mlp_dim_01': 269, 'mlp_dim_02': 283, 'node_hidden_dim': 107, 'edge_hidden_dim': 48, 'depth': 4, 'rep_dropout': 0.12046172812205042, 'train_learning_rate': 0.0011167904396798313, 'train_lr_reduce': 0.6}. Best is trial 1483 with value: 0.2768918573856354.
[I 2024-12-19 08:46:10,817] Trial 2022 finished with value: 1.5111395120620728 and parameters: {'mlp_n_layers': 3, 'mlp_dim_00': 289, 'mlp_dim_01': 315, 'mlp_dim_02': 344, 'node_hidden_dim': 95, 'edge_hidden_dim': 114, 'depth': 3, 'rep_dropout': 0.2314227030051227, 'train_learning_rate': 0.0001306275673172002, 'train_lr_reduce': 0.6}. Best is trial 1483 with value: 0.2768918573856354.
[I 2024-12-19 08:46:12,535] Trial 2023 finished with value: 1.321526288986206 and parameters: {'mlp_n_layers': 2, 'mlp_dim_00': 271, 'mlp_dim_01': 122, 'node_hidden_dim': 101, 'edge_hidden_dim': 56, 'depth': 2, 'rep_dropout': 0.001119593369649551, 'train_learning_rate': 0.003962385844774259, 'train_lr_reduce': 0.6}. Best is trial 1483 with value: 0.2768918573856354.
[I 2024-12-19 08:46:13,969] Trial 2024 finished with value: 1.3087927103042603 and parameters: {'mlp_n_layers': 2, 'mlp_dim_00': 371, 'mlp_dim_01': 186, 'node_hidden_dim': 109, 'edge_hidden_dim': 43, 'depth': 3, 'rep_dropout': 0.09032404938201546, 'train_learning_rate': 0.007849627811477501, 'train_lr_reduce': 0.6}. Best is trial 1483 with value: 0.2768918573856354.
[I 2024-12-19 08:46:15,188] Trial 2025 finished with value: 1.4163023233413696 and parameters: {'mlp_n_layers': 3, 'mlp_dim_00': 317, 'mlp_dim_01': 464, 'mlp_dim_02': 429, 'node_hidden_dim': 128, 'edge_hidden_dim': 60, 'depth': 2, 'rep_dropout': 0.09898746559039527, 'train_learning_rate': 0.0017010882853681875, 'train_lr_reduce': 0.6}. Best is trial 1483 with value: 0.2768918573856354.
[I 2024-12-19 08:46:17,160] Trial 2026 finished with value: 1.4266384840011597 and parameters: {'mlp_n_layers': 2, 'mlp_dim_00': 294, 'mlp_dim_01': 160, 'node_hidden_dim': 114, 'edge_hidden_dim': 32, 'depth': 2, 'rep_dropout': 0.0963628179061545, 'train_learning_rate': 0.007271684482916979, 'train_lr_reduce': 0.6}. Best is trial 1483 with value: 0.2768918573856354.
[I 2024-12-19 08:46:19,028] Trial 2027 finished with value: 1.3440622091293335 and parameters: {'mlp_n_layers': 4, 'mlp_dim_00': 510, 'mlp_dim_01': 460, 'mlp_dim_02': 369, 'mlp_dim_03': 276, 'node_hidden_dim': 115, 'edge_hidden_dim': 85, 'depth': 2, 'rep_dropout': 0.10345499109960378, 'train_learning_rate': 0.008485576671611685, 'train_lr_reduce': 0.6}. Best is trial 1483 with value: 0.2768918573856354.
[I 2024-12-19 08:46:19,556] Trial 2028 finished with value: 1.486467719078064 and parameters: {'mlp_n_layers': 4, 'mlp_dim_00': 319, 'mlp_dim_01': 436, 'mlp_dim_02': 280, 'mlp_dim_03': 141, 'node_hidden_dim': 113, 'edge_hidden_dim': 72, 'depth': 2, 'rep_dropout': 0.04850304146761692, 'train_learning_rate': 0.002591278940620481, 'train_lr_reduce': 0.6}. Best is trial 1483 with value: 0.2768918573856354.
[I 2024-12-19 08:46:22,013] Trial 2029 finished with value: 1.2837311029434204 and parameters: {'mlp_n_layers': 2, 'mlp_dim_00': 87, 'mlp_dim_01': 290, 'node_hidden_dim': 92, 'edge_hidden_dim': 69, 'depth': 2, 'rep_dropout': 0.10508588999232626, 'train_learning_rate': 0.00815245843557967, 'train_lr_reduce': 0.6}. Best is trial 1483 with value: 0.2768918573856354.
[I 2024-12-19 08:46:24,174] Trial 2031 finished with value: 1.4254029989242554 and parameters: {'mlp_n_layers': 3, 'mlp_dim_00': 217, 'mlp_dim_01': 147, 'mlp_dim_02': 328, 'node_hidden_dim': 53, 'edge_hidden_dim': 81, 'depth': 2, 'rep_dropout': 0.1488734499598398, 'train_learning_rate': 0.0031061262875528937, 'train_lr_reduce': 0.6}. Best is trial 1483 with value: 0.2768918573856354.
[I 2024-12-19 08:46:24,819] Trial 2030 finished with value: 1.5710221529006958 and parameters: {'mlp_n_layers': 3, 'mlp_dim_00': 184, 'mlp_dim_01': 240, 'mlp_dim_02': 404, 'node_hidden_dim': 106, 'edge_hidden_dim': 76, 'depth': 4, 'rep_dropout': 0.08420181258374443, 'train_learning_rate': 0.0001291064411405252, 'train_lr_reduce': 0.6}. Best is trial 1483 with value: 0.2768918573856354.
[I 2024-12-19 08:46:26,510] Trial 2032 finished with value: 1.4966316223144531 and parameters: {'mlp_n_layers': 3, 'mlp_dim_00': 498, 'mlp_dim_01': 330, 'mlp_dim_02': 466, 'node_hidden_dim': 120, 'edge_hidden_dim': 106, 'depth': 2, 'rep_dropout': 0.1770600082338797, 'train_learning_rate': 0.001905766543664238, 'train_lr_reduce': 0.6}. Best is trial 1483 with value: 0.2768918573856354.
[I 2024-12-19 08:46:28,496] Trial 2033 finished with value: 1.3047940731048584 and parameters: {'mlp_n_layers': 2, 'mlp_dim_00': 253, 'mlp_dim_01': 375, 'node_hidden_dim': 90, 'edge_hidden_dim': 127, 'depth': 2, 'rep_dropout': 0.05852588658616745, 'train_learning_rate': 0.003000915976681144, 'train_lr_reduce': 0.6}. Best is trial 1483 with value: 0.2768918573856354.
[I 2024-12-19 08:46:29,173] Trial 2034 finished with value: 1.3267217874526978 and parameters: {'mlp_n_layers': 2, 'mlp_dim_00': 335, 'mlp_dim_01': 108, 'node_hidden_dim': 83, 'edge_hidden_dim': 44, 'depth': 2, 'rep_dropout': 0.08885340296054416, 'train_learning_rate': 0.009227953431628967, 'train_lr_reduce': 0.6}. Best is trial 1483 with value: 0.2768918573856354.
[I 2024-12-19 08:46:30,802] Trial 2035 finished with value: 1.4094632863998413 and parameters: {'mlp_n_layers': 2, 'mlp_dim_00': 280, 'mlp_dim_01': 206, 'node_hidden_dim': 53, 'edge_hidden_dim': 34, 'depth': 2, 'rep_dropout': 0.00011827965738378521, 'train_learning_rate': 0.0014108015567414164, 'train_lr_reduce': 0.6}. Best is trial 1483 with value: 0.2768918573856354.
[I 2024-12-19 08:46:32,987] Trial 2036 finished with value: 1.392691731452942 and parameters: {'mlp_n_layers': 2, 'mlp_dim_00': 211, 'mlp_dim_01': 183, 'node_hidden_dim': 97, 'edge_hidden_dim': 43, 'depth': 2, 'rep_dropout': 0.07319161265576893, 'train_learning_rate': 0.007770668107520107, 'train_lr_reduce': 0.6}. Best is trial 1483 with value: 0.2768918573856354.
[I 2024-12-19 08:46:34,358] Trial 2037 finished with value: 1.3025879859924316 and parameters: {'mlp_n_layers': 3, 'mlp_dim_00': 340, 'mlp_dim_01': 505, 'mlp_dim_02': 270, 'node_hidden_dim': 96, 'edge_hidden_dim': 84, 'depth': 4, 'rep_dropout': 0.2435587077462383, 'train_learning_rate': 0.0027717877161257632, 'train_lr_reduce': 0.6}. Best is trial 1483 with value: 0.2768918573856354.
[I 2024-12-19 08:46:36,417] Trial 2038 finished with value: 1.310804843902588 and parameters: {'mlp_n_layers': 3, 'mlp_dim_00': 335, 'mlp_dim_01': 118, 'mlp_dim_02': 346, 'node_hidden_dim': 74, 'edge_hidden_dim': 98, 'depth': 2, 'rep_dropout': 0.007962296127966357, 'train_learning_rate': 0.009341193658701315, 'train_lr_reduce': 0.6}. Best is trial 1483 with value: 0.2768918573856354.
[I 2024-12-19 08:46:38,449] Trial 2039 finished with value: 1.3104116916656494 and parameters: {'mlp_n_layers': 4, 'mlp_dim_00': 216, 'mlp_dim_01': 425, 'mlp_dim_02': 470, 'mlp_dim_03': 191, 'node_hidden_dim': 88, 'edge_hidden_dim': 72, 'depth': 3, 'rep_dropout': 0.10436906780507996, 'train_learning_rate': 0.00954400645618717, 'train_lr_reduce': 0.6}. Best is trial 1483 with value: 0.2768918573856354.
[I 2024-12-19 08:46:40,449] Trial 2040 finished with value: 1.4344459772109985 and parameters: {'mlp_n_layers': 2, 'mlp_dim_00': 277, 'mlp_dim_01': 503, 'node_hidden_dim': 96, 'edge_hidden_dim': 117, 'depth': 2, 'rep_dropout': 0.011236054802319304, 'train_learning_rate': 0.007168619382815248, 'train_lr_reduce': 0.6}. Best is trial 1483 with value: 0.2768918573856354.
[I 2024-12-19 08:46:40,794] Trial 2041 finished with value: 1.382788062095642 and parameters: {'mlp_n_layers': 3, 'mlp_dim_00': 180, 'mlp_dim_01': 88, 'mlp_dim_02': 405, 'node_hidden_dim': 128, 'edge_hidden_dim': 90, 'depth': 2, 'rep_dropout': 0.06807353561710804, 'train_learning_rate': 0.002623918386465862, 'train_lr_reduce': 0.6}. Best is trial 1483 with value: 0.2768918573856354.
[I 2024-12-19 08:46:43,208] Trial 2042 finished with value: 1.3062126636505127 and parameters: {'mlp_n_layers': 3, 'mlp_dim_00': 330, 'mlp_dim_01': 236, 'mlp_dim_02': 307, 'node_hidden_dim': 72, 'edge_hidden_dim': 115, 'depth': 2, 'rep_dropout': 0.09080360853459296, 'train_learning_rate': 0.009728568388271804, 'train_lr_reduce': 0.6}. Best is trial 1483 with value: 0.2768918573856354.
[I 2024-12-19 08:46:45,293] Trial 2043 finished with value: 1.515647530555725 and parameters: {'mlp_n_layers': 2, 'mlp_dim_00': 314, 'mlp_dim_01': 125, 'node_hidden_dim': 128, 'edge_hidden_dim': 33, 'depth': 2, 'rep_dropout': 0.08659493566897912, 'train_learning_rate': 0.001623500422526417, 'train_lr_reduce': 0.6}. Best is trial 1483 with value: 0.2768918573856354.
[I 2024-12-19 08:46:47,339] Trial 2045 finished with value: 1.2843860387802124 and parameters: {'mlp_n_layers': 3, 'mlp_dim_00': 426, 'mlp_dim_01': 403, 'mlp_dim_02': 366, 'node_hidden_dim': 107, 'edge_hidden_dim': 97, 'depth': 2, 'rep_dropout': 0.14273362712764104, 'train_learning_rate': 0.0038758037756609185, 'train_lr_reduce': 0.6}. Best is trial 1483 with value: 0.2768918573856354.
[I 2024-12-19 08:46:47,642] Trial 2044 finished with value: 1.3657375574111938 and parameters: {'mlp_n_layers': 2, 'mlp_dim_00': 108, 'mlp_dim_01': 390, 'node_hidden_dim': 68, 'edge_hidden_dim': 111, 'depth': 4, 'rep_dropout': 0.21408289037307188, 'train_learning_rate': 0.0048482572469905425, 'train_lr_reduce': 0.6}. Best is trial 1483 with value: 0.2768918573856354.
[I 2024-12-19 08:46:51,725] Trial 2047 finished with value: 1.284556269645691 and parameters: {'mlp_n_layers': 3, 'mlp_dim_00': 148, 'mlp_dim_01': 209, 'mlp_dim_02': 437, 'node_hidden_dim': 88, 'edge_hidden_dim': 67, 'depth': 2, 'rep_dropout': 0.041890670961560204, 'train_learning_rate': 0.008691553745903345, 'train_lr_reduce': 0.6}. Best is trial 1483 with value: 0.2768918573856354.
[I 2024-12-19 08:46:55,979] Trial 2049 finished with value: 1.5580589771270752 and parameters: {'mlp_n_layers': 2, 'mlp_dim_00': 68, 'mlp_dim_01': 486, 'node_hidden_dim': 86, 'edge_hidden_dim': 116, 'depth': 2, 'rep_dropout': 0.09661638107705674, 'train_learning_rate': 0.00012187165460278769, 'train_lr_reduce': 0.6}. Best is trial 1483 with value: 0.2768918573856354.
[I 2024-12-19 08:46:59,982] Trial 2048 finished with value: 0.3924563229084015 and parameters: {'mlp_n_layers': 3, 'mlp_dim_00': 402, 'mlp_dim_01': 419, 'mlp_dim_02': 267, 'node_hidden_dim': 128, 'edge_hidden_dim': 48, 'depth': 2, 'rep_dropout': 0.037805666823832185, 'train_learning_rate': 0.005155423758195717, 'train_lr_reduce': 0.6}. Best is trial 1483 with value: 0.2768918573856354.
[I 2024-12-19 08:47:00,070] Trial 2046 finished with value: 0.43173351883888245 and parameters: {'mlp_n_layers': 2, 'mlp_dim_00': 87, 'mlp_dim_01': 222, 'node_hidden_dim': 112, 'edge_hidden_dim': 94, 'depth': 2, 'rep_dropout': 0.0022722836034921733, 'train_learning_rate': 0.00731030400972561, 'train_lr_reduce': 0.6}. Best is trial 1483 with value: 0.2768918573856354.
[I 2024-12-19 08:47:00,993] Trial 2050 finished with value: 1.3045868873596191 and parameters: {'mlp_n_layers': 2, 'mlp_dim_00': 307, 'mlp_dim_01': 202, 'node_hidden_dim': 113, 'edge_hidden_dim': 78, 'depth': 3, 'rep_dropout': 0.07123932479013459, 'train_learning_rate': 0.009582383081495689, 'train_lr_reduce': 0.6}. Best is trial 1483 with value: 0.2768918573856354.
[I 2024-12-19 08:47:04,933] Trial 2051 finished with value: 1.298106074333191 and parameters: {'mlp_n_layers': 2, 'mlp_dim_00': 143, 'mlp_dim_01': 207, 'node_hidden_dim': 108, 'edge_hidden_dim': 42, 'depth': 2, 'rep_dropout': 0.06948811793684936, 'train_learning_rate': 0.009285201535251553, 'train_lr_reduce': 0.6}. Best is trial 1483 with value: 0.2768918573856354.
[I 2024-12-19 08:47:05,245] Trial 2052 finished with value: 1.300539255142212 and parameters: {'mlp_n_layers': 2, 'mlp_dim_00': 511, 'mlp_dim_01': 472, 'node_hidden_dim': 105, 'edge_hidden_dim': 97, 'depth': 2, 'rep_dropout': 0.0745899451849502, 'train_learning_rate': 0.0028448141740126344, 'train_lr_reduce': 0.6}. Best is trial 1483 with value: 0.2768918573856354.
[I 2024-12-19 08:47:05,556] Trial 2053 finished with value: 1.341808795928955 and parameters: {'mlp_n_layers': 4, 'mlp_dim_00': 346, 'mlp_dim_01': 71, 'mlp_dim_02': 321, 'mlp_dim_03': 67, 'node_hidden_dim': 67, 'edge_hidden_dim': 124, 'depth': 2, 'rep_dropout': 0.018107192304139073, 'train_learning_rate': 0.008056652011967638, 'train_lr_reduce': 0.6}. Best is trial 1483 with value: 0.2768918573856354.
[I 2024-12-19 08:47:10,116] Trial 2054 finished with value: 1.3534570932388306 and parameters: {'mlp_n_layers': 2, 'mlp_dim_00': 175, 'mlp_dim_01': 159, 'node_hidden_dim': 88, 'edge_hidden_dim': 97, 'depth': 2, 'rep_dropout': 0.014116063983790245, 'train_learning_rate': 0.00366595078302343, 'train_lr_reduce': 0.6}. Best is trial 1483 with value: 0.2768918573856354.
[I 2024-12-19 08:47:16,218] Trial 2057 finished with value: 1.569435715675354 and parameters: {'mlp_n_layers': 3, 'mlp_dim_00': 147, 'mlp_dim_01': 130, 'mlp_dim_02': 481, 'node_hidden_dim': 46, 'edge_hidden_dim': 90, 'depth': 3, 'rep_dropout': 0.22293881196656773, 'train_learning_rate': 0.0001642805687982473, 'train_lr_reduce': 0.6}. Best is trial 1483 with value: 0.2768918573856354.
[I 2024-12-19 08:47:18,373] Trial 2056 finished with value: 0.4050087034702301 and parameters: {'mlp_n_layers': 3, 'mlp_dim_00': 231, 'mlp_dim_01': 155, 'mlp_dim_02': 389, 'node_hidden_dim': 125, 'edge_hidden_dim': 38, 'depth': 2, 'rep_dropout': 0.01944906397858541, 'train_learning_rate': 0.008558843326137757, 'train_lr_reduce': 0.6}. Best is trial 1483 with value: 0.2768918573856354.
[I 2024-12-19 08:47:20,823] Trial 2058 finished with value: 1.3085212707519531 and parameters: {'mlp_n_layers': 3, 'mlp_dim_00': 101, 'mlp_dim_01': 498, 'mlp_dim_02': 307, 'node_hidden_dim': 115, 'edge_hidden_dim': 126, 'depth': 2, 'rep_dropout': 0.11885863530155719, 'train_learning_rate': 0.009909915370867791, 'train_lr_reduce': 0.6}. Best is trial 1483 with value: 0.2768918573856354.
[I 2024-12-19 08:47:21,095] Trial 2055 finished with value: 0.4380429685115814 and parameters: {'mlp_n_layers': 2, 'mlp_dim_00': 317, 'mlp_dim_01': 113, 'node_hidden_dim': 106, 'edge_hidden_dim': 47, 'depth': 2, 'rep_dropout': 0.06247119296129082, 'train_learning_rate': 0.008389126848508786, 'train_lr_reduce': 0.6}. Best is trial 1483 with value: 0.2768918573856354.
[I 2024-12-19 08:47:22,869] Trial 2059 finished with value: 1.5266386270523071 and parameters: {'mlp_n_layers': 2, 'mlp_dim_00': 431, 'mlp_dim_01': 380, 'node_hidden_dim': 75, 'edge_hidden_dim': 47, 'depth': 2, 'rep_dropout': 0.13758883636404243, 'train_learning_rate': 0.00033760307445897193, 'train_lr_reduce': 0.6}. Best is trial 1483 with value: 0.2768918573856354.
[I 2024-12-19 08:47:24,861] Trial 2060 finished with value: 1.2847923040390015 and parameters: {'mlp_n_layers': 2, 'mlp_dim_00': 201, 'mlp_dim_01': 164, 'node_hidden_dim': 91, 'edge_hidden_dim': 96, 'depth': 2, 'rep_dropout': 0.022917492172445868, 'train_learning_rate': 0.008095000107420135, 'train_lr_reduce': 0.6}. Best is trial 1483 with value: 0.2768918573856354.
[I 2024-12-19 08:47:25,725] Trial 2061 finished with value: 1.5824679136276245 and parameters: {'mlp_n_layers': 2, 'mlp_dim_00': 347, 'mlp_dim_01': 447, 'node_hidden_dim': 45, 'edge_hidden_dim': 92, 'depth': 3, 'rep_dropout': 0.19029368258534754, 'train_learning_rate': 0.00019827263424087498, 'train_lr_reduce': 0.6}. Best is trial 1483 with value: 0.2768918573856354.
[I 2024-12-19 08:47:29,784] Trial 2063 finished with value: 1.5721895694732666 and parameters: {'mlp_n_layers': 3, 'mlp_dim_00': 374, 'mlp_dim_01': 333, 'mlp_dim_02': 440, 'node_hidden_dim': 78, 'edge_hidden_dim': 61, 'depth': 4, 'rep_dropout': 0.16253470269109302, 'train_learning_rate': 0.0004174836570021802, 'train_lr_reduce': 0.6}. Best is trial 1483 with value: 0.2768918573856354.
[I 2024-12-19 08:47:30,338] Trial 2062 finished with value: 0.7786762714385986 and parameters: {'mlp_n_layers': 2, 'mlp_dim_00': 91, 'mlp_dim_01': 168, 'node_hidden_dim': 119, 'edge_hidden_dim': 59, 'depth': 2, 'rep_dropout': 0.0505117276860549, 'train_learning_rate': 0.009169429089165926, 'train_lr_reduce': 0.6}. Best is trial 1483 with value: 0.2768918573856354.
[I 2024-12-19 08:47:35,156] Trial 2065 finished with value: 1.5499227046966553 and parameters: {'mlp_n_layers': 3, 'mlp_dim_00': 284, 'mlp_dim_01': 162, 'mlp_dim_02': 269, 'node_hidden_dim': 32, 'edge_hidden_dim': 79, 'depth': 3, 'rep_dropout': 0.17274985688113945, 'train_learning_rate': 0.0025403787316417375, 'train_lr_reduce': 0.6}. Best is trial 1483 with value: 0.2768918573856354.
[I 2024-12-19 08:47:36,642] Trial 2066 finished with value: 1.4977575540542603 and parameters: {'mlp_n_layers': 4, 'mlp_dim_00': 498, 'mlp_dim_01': 410, 'mlp_dim_02': 335, 'mlp_dim_03': 121, 'node_hidden_dim': 102, 'edge_hidden_dim': 103, 'depth': 2, 'rep_dropout': 0.12756057114715733, 'train_learning_rate': 0.009440252275786813, 'train_lr_reduce': 0.6}. Best is trial 1483 with value: 0.2768918573856354.
[I 2024-12-19 08:47:40,765] Trial 2067 finished with value: 1.57002854347229 and parameters: {'mlp_n_layers': 3, 'mlp_dim_00': 167, 'mlp_dim_01': 208, 'mlp_dim_02': 475, 'node_hidden_dim': 78, 'edge_hidden_dim': 33, 'depth': 2, 'rep_dropout': 0.10164627806875229, 'train_learning_rate': 0.000394116906329739, 'train_lr_reduce': 0.6}. Best is trial 1483 with value: 0.2768918573856354.
[I 2024-12-19 08:47:41,624] Trial 2068 finished with value: 1.3880155086517334 and parameters: {'mlp_n_layers': 2, 'mlp_dim_00': 326, 'mlp_dim_01': 195, 'node_hidden_dim': 110, 'edge_hidden_dim': 44, 'depth': 2, 'rep_dropout': 0.05786305884430412, 'train_learning_rate': 0.009533854049424476, 'train_lr_reduce': 0.6}. Best is trial 1483 with value: 0.2768918573856354.
[I 2024-12-19 08:47:42,972] Trial 2064 finished with value: 0.5569450259208679 and parameters: {'mlp_n_layers': 4, 'mlp_dim_00': 213, 'mlp_dim_01': 467, 'mlp_dim_02': 361, 'mlp_dim_03': 308, 'node_hidden_dim': 106, 'edge_hidden_dim': 59, 'depth': 2, 'rep_dropout': 0.01936076176454154, 'train_learning_rate': 0.00438401067555762, 'train_lr_reduce': 0.6}. Best is trial 1483 with value: 0.2768918573856354.
[I 2024-12-19 08:47:47,084] Trial 2069 finished with value: 1.4762669801712036 and parameters: {'mlp_n_layers': 3, 'mlp_dim_00': 192, 'mlp_dim_01': 301, 'mlp_dim_02': 409, 'node_hidden_dim': 94, 'edge_hidden_dim': 106, 'depth': 2, 'rep_dropout': 0.02042101432973947, 'train_learning_rate': 0.007959234052458904, 'train_lr_reduce': 0.6}. Best is trial 1483 with value: 0.2768918573856354.
[I 2024-12-19 08:47:48,240] Trial 2070 finished with value: 1.4897066354751587 and parameters: {'mlp_n_layers': 4, 'mlp_dim_00': 156, 'mlp_dim_01': 268, 'mlp_dim_02': 303, 'mlp_dim_03': 463, 'node_hidden_dim': 99, 'edge_hidden_dim': 64, 'depth': 2, 'rep_dropout': 0.06786863492735631, 'train_learning_rate': 0.0029312553040927412, 'train_lr_reduce': 0.6}. Best is trial 1483 with value: 0.2768918573856354.
[I 2024-12-19 08:47:49,754] Trial 2071 finished with value: 1.4480223655700684 and parameters: {'mlp_n_layers': 2, 'mlp_dim_00': 159, 'mlp_dim_01': 218, 'node_hidden_dim': 113, 'edge_hidden_dim': 39, 'depth': 2, 'rep_dropout': 0.02632874953369938, 'train_learning_rate': 0.00652787384891313, 'train_lr_reduce': 0.6}. Best is trial 1483 with value: 0.2768918573856354.
[I 2024-12-19 08:47:53,311] Trial 2073 finished with value: 1.3905994892120361 and parameters: {'mlp_n_layers': 2, 'mlp_dim_00': 210, 'mlp_dim_01': 456, 'node_hidden_dim': 105, 'edge_hidden_dim': 127, 'depth': 2, 'rep_dropout': 0.05134717841266827, 'train_learning_rate': 0.005371555148434673, 'train_lr_reduce': 0.6}. Best is trial 1483 with value: 0.2768918573856354.
[I 2024-12-19 08:47:58,672] Trial 2074 finished with value: 0.8619278073310852 and parameters: {'mlp_n_layers': 2, 'mlp_dim_00': 226, 'mlp_dim_01': 150, 'node_hidden_dim': 122, 'edge_hidden_dim': 56, 'depth': 3, 'rep_dropout': 0.04714681426599769, 'train_learning_rate': 0.009047141238795766, 'train_lr_reduce': 0.6}. Best is trial 1483 with value: 0.2768918573856354.
[I 2024-12-19 08:47:58,959] Trial 2075 finished with value: 1.4365686178207397 and parameters: {'mlp_n_layers': 3, 'mlp_dim_00': 479, 'mlp_dim_01': 363, 'mlp_dim_02': 357, 'node_hidden_dim': 114, 'edge_hidden_dim': 101, 'depth': 2, 'rep_dropout': 0.1382962845159677, 'train_learning_rate': 0.009661007430967237, 'train_lr_reduce': 0.6}. Best is trial 1483 with value: 0.2768918573856354.
[I 2024-12-19 08:48:03,986] Trial 2072 finished with value: 0.5084278583526611 and parameters: {'mlp_n_layers': 2, 'mlp_dim_00': 206, 'mlp_dim_01': 157, 'node_hidden_dim': 117, 'edge_hidden_dim': 62, 'depth': 2, 'rep_dropout': 0.019748702232923764, 'train_learning_rate': 0.0033195352384652534, 'train_lr_reduce': 0.6}. Best is trial 1483 with value: 0.2768918573856354.
[I 2024-12-19 08:48:04,197] Trial 2076 finished with value: 1.458188772201538 and parameters: {'mlp_n_layers': 3, 'mlp_dim_00': 511, 'mlp_dim_01': 423, 'mlp_dim_02': 262, 'node_hidden_dim': 118, 'edge_hidden_dim': 126, 'depth': 2, 'rep_dropout': 0.077346339520842, 'train_learning_rate': 0.005119996385599949, 'train_lr_reduce': 0.6}. Best is trial 1483 with value: 0.2768918573856354.
