[I 2024-12-19 22:02:13,277] Trial 2047 finished with value: 0.11631925404071808 and parameters: {'mlp_n_layers': 1, 'mlp_dim_00': 465, 'node_hidden_dim': 34, 'edge_hidden_dim': 67, 'depth': 1, 'rep_dropout': 0.014041468742890143, 'train_learning_rate': 0.004381035221514745, 'train_lr_reduce': 0.6}. Best is trial 1909 with value: 0.10777772963047028.
[I 2024-12-19 22:02:13,874] Trial 2049 finished with value: 1.142249584197998 and parameters: {'mlp_n_layers': 1, 'mlp_dim_00': 371, 'node_hidden_dim': 47, 'edge_hidden_dim': 59, 'depth': 1, 'rep_dropout': 0.02083232782702573, 'train_learning_rate': 0.0016731771948107787, 'train_lr_reduce': 0.6}. Best is trial 1909 with value: 0.10777772963047028.
[I 2024-12-19 22:02:19,057] Trial 2051 finished with value: 1.1429473161697388 and parameters: {'mlp_n_layers': 1, 'mlp_dim_00': 452, 'node_hidden_dim': 104, 'edge_hidden_dim': 105, 'depth': 4, 'rep_dropout': 0.09172302530873674, 'train_learning_rate': 0.00012576427597272777, 'train_lr_reduce': 0.6}. Best is trial 1909 with value: 0.10777772963047028.
[I 2024-12-19 22:02:28,298] Trial 2053 finished with value: 1.1415964365005493 and parameters: {'mlp_n_layers': 4, 'mlp_dim_00': 338, 'mlp_dim_01': 109, 'mlp_dim_02': 263, 'mlp_dim_03': 180, 'node_hidden_dim': 84, 'edge_hidden_dim': 80, 'depth': 2, 'rep_dropout': 0.0977075242851356, 'train_learning_rate': 0.00010698473463525605, 'train_lr_reduce': 0.6}. Best is trial 1909 with value: 0.10777772963047028.
[I 2024-12-19 22:02:33,022] Trial 2054 finished with value: 1.1483689546585083 and parameters: {'mlp_n_layers': 1, 'mlp_dim_00': 507, 'node_hidden_dim': 40, 'edge_hidden_dim': 73, 'depth': 2, 'rep_dropout': 0.0181356695772038, 'train_learning_rate': 0.003610150540860193, 'train_lr_reduce': 0.6}. Best is trial 1909 with value: 0.10777772963047028.
[I 2024-12-19 22:02:41,851] Trial 2050 finished with value: 0.1464458405971527 and parameters: {'mlp_n_layers': 3, 'mlp_dim_00': 508, 'mlp_dim_01': 144, 'mlp_dim_02': 118, 'node_hidden_dim': 38, 'edge_hidden_dim': 78, 'depth': 1, 'rep_dropout': 0.0028032540618133485, 'train_learning_rate': 0.007667371227837142, 'train_lr_reduce': 0.6}. Best is trial 1909 with value: 0.10777772963047028.
[I 2024-12-19 22:02:52,674] Trial 2052 finished with value: 0.2676808834075928 and parameters: {'mlp_n_layers': 2, 'mlp_dim_00': 400, 'mlp_dim_01': 178, 'node_hidden_dim': 52, 'edge_hidden_dim': 51, 'depth': 1, 'rep_dropout': 0.0011614894404948783, 'train_learning_rate': 0.0026420226437183694, 'train_lr_reduce': 0.6}. Best is trial 1909 with value: 0.10777772963047028.
[I 2024-12-19 22:03:00,343] Trial 2057 finished with value: 1.1517257690429688 and parameters: {'mlp_n_layers': 1, 'mlp_dim_00': 511, 'node_hidden_dim': 44, 'edge_hidden_dim': 46, 'depth': 2, 'rep_dropout': 0.001896593450793061, 'train_learning_rate': 0.003218339468262389, 'train_lr_reduce': 0.6}. Best is trial 1909 with value: 0.10777772963047028.
[I 2024-12-19 22:03:16,108] Trial 2055 finished with value: 0.17506881058216095 and parameters: {'mlp_n_layers': 1, 'mlp_dim_00': 509, 'node_hidden_dim': 53, 'edge_hidden_dim': 83, 'depth': 1, 'rep_dropout': 0.024783341124093337, 'train_learning_rate': 0.0036806582714496603, 'train_lr_reduce': 0.6}. Best is trial 1909 with value: 0.10777772963047028.
[I 2024-12-19 22:03:25,690] Trial 2056 finished with value: 0.14200280606746674 and parameters: {'mlp_n_layers': 1, 'mlp_dim_00': 454, 'node_hidden_dim': 32, 'edge_hidden_dim': 60, 'depth': 1, 'rep_dropout': 0.0049350493949114095, 'train_learning_rate': 0.0025397711423552584, 'train_lr_reduce': 0.6}. Best is trial 1909 with value: 0.10777772963047028.
[I 2024-12-19 22:03:45,023] Trial 2058 finished with value: 0.11981014162302017 and parameters: {'mlp_n_layers': 3, 'mlp_dim_00': 488, 'mlp_dim_01': 144, 'mlp_dim_02': 410, 'node_hidden_dim': 41, 'edge_hidden_dim': 71, 'depth': 1, 'rep_dropout': 0.0012469325974573944, 'train_learning_rate': 0.0019672956960385094, 'train_lr_reduce': 0.6}. Best is trial 1909 with value: 0.10777772963047028.
[I 2024-12-19 22:03:45,682] Trial 2060 finished with value: 0.2454371154308319 and parameters: {'mlp_n_layers': 2, 'mlp_dim_00': 467, 'mlp_dim_01': 101, 'node_hidden_dim': 54, 'edge_hidden_dim': 69, 'depth': 1, 'rep_dropout': 0.015925974565573896, 'train_learning_rate': 0.001594054529311584, 'train_lr_reduce': 0.6}. Best is trial 1909 with value: 0.10777772963047028.
[I 2024-12-19 22:03:54,875] Trial 2059 finished with value: 0.19849659502506256 and parameters: {'mlp_n_layers': 1, 'mlp_dim_00': 445, 'node_hidden_dim': 58, 'edge_hidden_dim': 55, 'depth': 1, 'rep_dropout': 0.001143369762696779, 'train_learning_rate': 0.004571238642363728, 'train_lr_reduce': 0.6}. Best is trial 1909 with value: 0.10777772963047028.
[I 2024-12-19 22:04:22,803] Trial 2063 finished with value: 0.2554294466972351 and parameters: {'mlp_n_layers': 1, 'mlp_dim_00': 398, 'node_hidden_dim': 41, 'edge_hidden_dim': 79, 'depth': 1, 'rep_dropout': 0.01600966212855557, 'train_learning_rate': 0.009538299660283139, 'train_lr_reduce': 0.6}. Best is trial 1909 with value: 0.10777772963047028.
[I 2024-12-19 22:04:24,831] Trial 2061 finished with value: 0.1997295767068863 and parameters: {'mlp_n_layers': 1, 'mlp_dim_00': 340, 'node_hidden_dim': 55, 'edge_hidden_dim': 49, 'depth': 1, 'rep_dropout': 0.0039911275548259306, 'train_learning_rate': 0.004681951807804462, 'train_lr_reduce': 0.6}. Best is trial 1909 with value: 0.10777772963047028.
[I 2024-12-19 22:04:27,000] Trial 2062 finished with value: 0.1120375394821167 and parameters: {'mlp_n_layers': 1, 'mlp_dim_00': 489, 'node_hidden_dim': 36, 'edge_hidden_dim': 70, 'depth': 1, 'rep_dropout': 0.006980103349619874, 'train_learning_rate': 0.004609217895974449, 'train_lr_reduce': 0.6}. Best is trial 1909 with value: 0.10777772963047028.
[I 2024-12-19 22:04:29,112] Trial 2064 finished with value: 1.1420449018478394 and parameters: {'mlp_n_layers': 4, 'mlp_dim_00': 90, 'mlp_dim_01': 193, 'mlp_dim_02': 319, 'mlp_dim_03': 458, 'node_hidden_dim': 53, 'edge_hidden_dim': 71, 'depth': 1, 'rep_dropout': 0.08127760185456227, 'train_learning_rate': 0.00025290428778859165, 'train_lr_reduce': 0.6}. Best is trial 1909 with value: 0.10777772963047028.
[I 2024-12-19 22:04:30,810] Trial 2065 finished with value: 1.1467766761779785 and parameters: {'mlp_n_layers': 1, 'mlp_dim_00': 361, 'node_hidden_dim': 35, 'edge_hidden_dim': 55, 'depth': 2, 'rep_dropout': 0.001185632872136003, 'train_learning_rate': 0.0018972473868187215, 'train_lr_reduce': 0.6}. Best is trial 1909 with value: 0.10777772963047028.
[I 2024-12-19 22:04:37,715] Trial 2068 finished with value: 1.142137050628662 and parameters: {'mlp_n_layers': 4, 'mlp_dim_00': 304, 'mlp_dim_01': 67, 'mlp_dim_02': 190, 'mlp_dim_03': 387, 'node_hidden_dim': 115, 'edge_hidden_dim': 122, 'depth': 1, 'rep_dropout': 0.03924266966274566, 'train_learning_rate': 0.0003734481551984277, 'train_lr_reduce': 0.6}. Best is trial 1909 with value: 0.10777772963047028.
[I 2024-12-19 22:04:44,448] Trial 2067 finished with value: 0.2530902326107025 and parameters: {'mlp_n_layers': 1, 'mlp_dim_00': 488, 'node_hidden_dim': 50, 'edge_hidden_dim': 76, 'depth': 1, 'rep_dropout': 0.02981254499836737, 'train_learning_rate': 0.00661823753788709, 'train_lr_reduce': 0.6}. Best is trial 1909 with value: 0.10777772963047028.
[I 2024-12-19 22:05:09,361] Trial 2066 finished with value: 0.13437893986701965 and parameters: {'mlp_n_layers': 1, 'mlp_dim_00': 498, 'node_hidden_dim': 46, 'edge_hidden_dim': 76, 'depth': 1, 'rep_dropout': 0.007124137706336365, 'train_learning_rate': 0.005290893312195743, 'train_lr_reduce': 0.6}. Best is trial 1909 with value: 0.10777772963047028.
[I 2024-12-19 22:05:14,735] Trial 2071 finished with value: 1.1457170248031616 and parameters: {'mlp_n_layers': 2, 'mlp_dim_00': 484, 'mlp_dim_01': 191, 'node_hidden_dim': 49, 'edge_hidden_dim': 61, 'depth': 2, 'rep_dropout': 0.004557426770318469, 'train_learning_rate': 0.003325076402206777, 'train_lr_reduce': 0.6}. Best is trial 1909 with value: 0.10777772963047028.
[I 2024-12-19 22:05:22,411] Trial 2069 finished with value: 0.15415090322494507 and parameters: {'mlp_n_layers': 2, 'mlp_dim_00': 501, 'mlp_dim_01': 147, 'node_hidden_dim': 70, 'edge_hidden_dim': 84, 'depth': 1, 'rep_dropout': 0.024504403348149312, 'train_learning_rate': 0.001652188392160017, 'train_lr_reduce': 0.6}. Best is trial 1909 with value: 0.10777772963047028.
[I 2024-12-19 22:05:25,295] Trial 2070 finished with value: 0.1446465104818344 and parameters: {'mlp_n_layers': 1, 'mlp_dim_00': 422, 'node_hidden_dim': 32, 'edge_hidden_dim': 73, 'depth': 1, 'rep_dropout': 0.013661211429592571, 'train_learning_rate': 0.005143759983129322, 'train_lr_reduce': 0.6}. Best is trial 1909 with value: 0.10777772963047028.
[I 2024-12-19 22:05:58,294] Trial 2072 finished with value: 0.3451957106590271 and parameters: {'mlp_n_layers': 2, 'mlp_dim_00': 407, 'mlp_dim_01': 117, 'node_hidden_dim': 55, 'edge_hidden_dim': 65, 'depth': 1, 'rep_dropout': 0.03353080745378165, 'train_learning_rate': 0.00429762821297103, 'train_lr_reduce': 0.6}. Best is trial 1909 with value: 0.10777772963047028.
[I 2024-12-19 22:06:01,250] Trial 2073 finished with value: 0.2632107138633728 and parameters: {'mlp_n_layers': 1, 'mlp_dim_00': 415, 'node_hidden_dim': 40, 'edge_hidden_dim': 79, 'depth': 2, 'rep_dropout': 0.02930846994274907, 'train_learning_rate': 0.005587316866996062, 'train_lr_reduce': 0.6}. Best is trial 1909 with value: 0.10777772963047028.
[I 2024-12-19 22:06:04,172] Trial 2075 finished with value: 1.1458251476287842 and parameters: {'mlp_n_layers': 1, 'mlp_dim_00': 209, 'node_hidden_dim': 91, 'edge_hidden_dim': 83, 'depth': 4, 'rep_dropout': 0.00799536286732995, 'train_learning_rate': 0.00810026717842784, 'train_lr_reduce': 0.6}. Best is trial 1909 with value: 0.10777772963047028.
[I 2024-12-19 22:06:04,874] Trial 2074 finished with value: 0.1257804036140442 and parameters: {'mlp_n_layers': 2, 'mlp_dim_00': 512, 'mlp_dim_01': 149, 'node_hidden_dim': 41, 'edge_hidden_dim': 67, 'depth': 1, 'rep_dropout': 0.008260315291526411, 'train_learning_rate': 0.00297887440162226, 'train_lr_reduce': 0.6}. Best is trial 1909 with value: 0.10777772963047028.
[I 2024-12-19 22:06:10,231] Trial 2077 finished with value: 1.1419113874435425 and parameters: {'mlp_n_layers': 2, 'mlp_dim_00': 511, 'mlp_dim_01': 187, 'node_hidden_dim': 46, 'edge_hidden_dim': 77, 'depth': 1, 'rep_dropout': 0.003222451262197403, 'train_learning_rate': 0.001447824660403057, 'train_lr_reduce': 0.6}. Best is trial 1909 with value: 0.10777772963047028.
[I 2024-12-19 22:06:14,535] Trial 2078 finished with value: 1.1421433687210083 and parameters: {'mlp_n_layers': 4, 'mlp_dim_00': 321, 'mlp_dim_01': 64, 'mlp_dim_02': 462, 'mlp_dim_03': 116, 'node_hidden_dim': 50, 'edge_hidden_dim': 119, 'depth': 4, 'rep_dropout': 0.10456304730836484, 'train_learning_rate': 0.00012458870576791966, 'train_lr_reduce': 0.6}. Best is trial 1909 with value: 0.10777772963047028.
[I 2024-12-19 22:06:26,693] Trial 2076 finished with value: 0.28149211406707764 and parameters: {'mlp_n_layers': 3, 'mlp_dim_00': 497, 'mlp_dim_01': 98, 'mlp_dim_02': 65, 'node_hidden_dim': 60, 'edge_hidden_dim': 80, 'depth': 1, 'rep_dropout': 0.010828984708864266, 'train_learning_rate': 0.004743683407035477, 'train_lr_reduce': 0.6}. Best is trial 1909 with value: 0.10777772963047028.
[I 2024-12-19 22:06:32,963] Trial 2081 finished with value: 1.1423577070236206 and parameters: {'mlp_n_layers': 2, 'mlp_dim_00': 505, 'mlp_dim_01': 110, 'node_hidden_dim': 103, 'edge_hidden_dim': 77, 'depth': 4, 'rep_dropout': 0.09027104016131873, 'train_learning_rate': 0.00023892824086460453, 'train_lr_reduce': 0.6}. Best is trial 1909 with value: 0.10777772963047028.
[I 2024-12-19 22:06:39,708] Trial 2080 finished with value: 0.17721153795719147 and parameters: {'mlp_n_layers': 2, 'mlp_dim_00': 492, 'mlp_dim_01': 139, 'node_hidden_dim': 38, 'edge_hidden_dim': 68, 'depth': 1, 'rep_dropout': 0.00877302921543267, 'train_learning_rate': 0.004602044914677975, 'train_lr_reduce': 0.6}. Best is trial 1909 with value: 0.10777772963047028.
[I 2024-12-19 22:06:46,456] Trial 2083 finished with value: 1.1420722007751465 and parameters: {'mlp_n_layers': 2, 'mlp_dim_00': 438, 'mlp_dim_01': 217, 'node_hidden_dim': 39, 'edge_hidden_dim': 33, 'depth': 3, 'rep_dropout': 0.14733231261163693, 'train_learning_rate': 0.00010377194379617056, 'train_lr_reduce': 0.6}. Best is trial 1909 with value: 0.10777772963047028.
[I 2024-12-19 22:06:52,109] Trial 2079 finished with value: 0.17545650899410248 and parameters: {'mlp_n_layers': 1, 'mlp_dim_00': 478, 'node_hidden_dim': 35, 'edge_hidden_dim': 51, 'depth': 1, 'rep_dropout': 0.0026058989212971156, 'train_learning_rate': 0.004714730249785112, 'train_lr_reduce': 0.6}. Best is trial 1909 with value: 0.10777772963047028.
[I 2024-12-19 22:07:17,132] Trial 2082 finished with value: 0.1259971708059311 and parameters: {'mlp_n_layers': 1, 'mlp_dim_00': 421, 'node_hidden_dim': 37, 'edge_hidden_dim': 93, 'depth': 1, 'rep_dropout': 0.015092979030817669, 'train_learning_rate': 0.003961537300602535, 'train_lr_reduce': 0.6}. Best is trial 1909 with value: 0.10777772963047028.
[I 2024-12-19 22:07:28,078] Trial 2084 finished with value: 0.14875084161758423 and parameters: {'mlp_n_layers': 1, 'mlp_dim_00': 467, 'node_hidden_dim': 33, 'edge_hidden_dim': 78, 'depth': 1, 'rep_dropout': 0.010177625339931686, 'train_learning_rate': 0.004113646679012618, 'train_lr_reduce': 0.6}. Best is trial 1909 with value: 0.10777772963047028.
[I 2024-12-19 22:07:32,999] Trial 2085 finished with value: 0.15494370460510254 and parameters: {'mlp_n_layers': 2, 'mlp_dim_00': 510, 'mlp_dim_01': 157, 'node_hidden_dim': 32, 'edge_hidden_dim': 77, 'depth': 1, 'rep_dropout': 0.013177518522389993, 'train_learning_rate': 0.004158279533282082, 'train_lr_reduce': 0.6}. Best is trial 1909 with value: 0.10777772963047028.
[I 2024-12-19 22:08:01,120] Trial 2086 finished with value: 0.12882199883460999 and parameters: {'mlp_n_layers': 1, 'mlp_dim_00': 503, 'node_hidden_dim': 52, 'edge_hidden_dim': 69, 'depth': 1, 'rep_dropout': 0.0023925234012866763, 'train_learning_rate': 0.002453094943587426, 'train_lr_reduce': 0.6}. Best is trial 1909 with value: 0.10777772963047028.
[I 2024-12-19 22:08:11,583] Trial 2087 finished with value: 0.1413215547800064 and parameters: {'mlp_n_layers': 1, 'mlp_dim_00': 408, 'node_hidden_dim': 34, 'edge_hidden_dim': 65, 'depth': 1, 'rep_dropout': 0.017891252323399734, 'train_learning_rate': 0.0039824442040673, 'train_lr_reduce': 0.6}. Best is trial 1909 with value: 0.10777772963047028.
[I 2024-12-19 22:08:17,022] Trial 2090 finished with value: 1.144761085510254 and parameters: {'mlp_n_layers': 2, 'mlp_dim_00': 310, 'mlp_dim_01': 103, 'node_hidden_dim': 120, 'edge_hidden_dim': 70, 'depth': 4, 'rep_dropout': 0.08980508296054565, 'train_learning_rate': 0.002908226480528269, 'train_lr_reduce': 0.6}. Best is trial 1909 with value: 0.10777772963047028.
[I 2024-12-19 22:08:17,707] Trial 2088 finished with value: 0.13041085004806519 and parameters: {'mlp_n_layers': 1, 'mlp_dim_00': 434, 'node_hidden_dim': 46, 'edge_hidden_dim': 76, 'depth': 1, 'rep_dropout': 0.0011380984051760086, 'train_learning_rate': 0.0035806637060812993, 'train_lr_reduce': 0.6}. Best is trial 1909 with value: 0.10777772963047028.
[I 2024-12-19 22:08:23,359] Trial 2092 finished with value: 1.1440434455871582 and parameters: {'mlp_n_layers': 4, 'mlp_dim_00': 309, 'mlp_dim_01': 193, 'mlp_dim_02': 348, 'mlp_dim_03': 509, 'node_hidden_dim': 122, 'edge_hidden_dim': 90, 'depth': 1, 'rep_dropout': 0.036791580123592696, 'train_learning_rate': 0.0010981629750451227, 'train_lr_reduce': 0.6}. Best is trial 1909 with value: 0.10777772963047028.
[I 2024-12-19 22:08:34,453] Trial 2091 finished with value: 0.2798572778701782 and parameters: {'mlp_n_layers': 1, 'mlp_dim_00': 504, 'node_hidden_dim': 32, 'edge_hidden_dim': 61, 'depth': 1, 'rep_dropout': 0.0275691215675897, 'train_learning_rate': 0.008124234709134955, 'train_lr_reduce': 0.6}. Best is trial 1909 with value: 0.10777772963047028.
[I 2024-12-19 22:08:35,289] Trial 2093 finished with value: 0.3287178874015808 and parameters: {'mlp_n_layers': 2, 'mlp_dim_00': 431, 'mlp_dim_01': 132, 'node_hidden_dim': 51, 'edge_hidden_dim': 64, 'depth': 1, 'rep_dropout': 0.004318906748973067, 'train_learning_rate': 0.006243904077107482, 'train_lr_reduce': 0.6}. Best is trial 1909 with value: 0.10777772963047028.
[I 2024-12-19 22:08:41,901] Trial 2089 finished with value: 0.12510070204734802 and parameters: {'mlp_n_layers': 1, 'mlp_dim_00': 510, 'node_hidden_dim': 39, 'edge_hidden_dim': 61, 'depth': 1, 'rep_dropout': 0.010103927994813751, 'train_learning_rate': 0.004803114406676537, 'train_lr_reduce': 0.6}. Best is trial 1909 with value: 0.10777772963047028.
[I 2024-12-19 22:08:47,547] Trial 2096 finished with value: 1.1446645259857178 and parameters: {'mlp_n_layers': 2, 'mlp_dim_00': 463, 'mlp_dim_01': 182, 'node_hidden_dim': 49, 'edge_hidden_dim': 73, 'depth': 2, 'rep_dropout': 0.020543594180674012, 'train_learning_rate': 0.0029045399903965233, 'train_lr_reduce': 0.6}. Best is trial 1909 with value: 0.10777772963047028.
[I 2024-12-19 22:09:02,362] Trial 2095 finished with value: 0.5822381973266602 and parameters: {'mlp_n_layers': 2, 'mlp_dim_00': 498, 'mlp_dim_01': 64, 'node_hidden_dim': 48, 'edge_hidden_dim': 80, 'depth': 1, 'rep_dropout': 0.0010300720803468506, 'train_learning_rate': 0.008724121208069677, 'train_lr_reduce': 0.6}. Best is trial 1909 with value: 0.10777772963047028.
[I 2024-12-19 22:09:04,727] Trial 2097 finished with value: 0.48629647493362427 and parameters: {'mlp_n_layers': 1, 'mlp_dim_00': 119, 'node_hidden_dim': 116, 'edge_hidden_dim': 123, 'depth': 1, 'rep_dropout': 0.08506895450618457, 'train_learning_rate': 0.00928920084132524, 'train_lr_reduce': 0.6}. Best is trial 1909 with value: 0.10777772963047028.
[I 2024-12-19 22:09:06,631] Trial 2094 finished with value: 0.15648013353347778 and parameters: {'mlp_n_layers': 1, 'mlp_dim_00': 501, 'node_hidden_dim': 55, 'edge_hidden_dim': 77, 'depth': 1, 'rep_dropout': 0.04927058437172415, 'train_learning_rate': 0.002359246055925232, 'train_lr_reduce': 0.6}. Best is trial 1909 with value: 0.10777772963047028.
[I 2024-12-19 22:09:07,887] Trial 2098 finished with value: 1.1423571109771729 and parameters: {'mlp_n_layers': 2, 'mlp_dim_00': 506, 'mlp_dim_01': 147, 'node_hidden_dim': 37, 'edge_hidden_dim': 68, 'depth': 1, 'rep_dropout': 0.02581224564323798, 'train_learning_rate': 0.0016509498197497148, 'train_lr_reduce': 0.6}. Best is trial 1909 with value: 0.10777772963047028.
[I 2024-12-19 22:09:11,255] Trial 2100 finished with value: 1.1440645456314087 and parameters: {'mlp_n_layers': 1, 'mlp_dim_00': 414, 'node_hidden_dim': 80, 'edge_hidden_dim': 101, 'depth': 1, 'rep_dropout': 0.02444283701024725, 'train_learning_rate': 0.000224567319449065, 'train_lr_reduce': 0.6}. Best is trial 1909 with value: 0.10777772963047028.
[I 2024-12-19 22:09:16,126] Trial 2102 finished with value: 1.153016209602356 and parameters: {'mlp_n_layers': 1, 'mlp_dim_00': 512, 'node_hidden_dim': 38, 'edge_hidden_dim': 54, 'depth': 2, 'rep_dropout': 0.006896359314586532, 'train_learning_rate': 0.0049621408699705985, 'train_lr_reduce': 0.6}. Best is trial 1909 with value: 0.10777772963047028.
[I 2024-12-19 22:09:46,855] Trial 2099 finished with value: 0.21721883118152618 and parameters: {'mlp_n_layers': 1, 'mlp_dim_00': 506, 'node_hidden_dim': 39, 'edge_hidden_dim': 75, 'depth': 1, 'rep_dropout': 0.03363431149115703, 'train_learning_rate': 0.0051594001995589125, 'train_lr_reduce': 0.6}. Best is trial 1909 with value: 0.10777772963047028.
[I 2024-12-19 22:09:47,296] Trial 2101 finished with value: 0.13754111528396606 and parameters: {'mlp_n_layers': 1, 'mlp_dim_00': 428, 'node_hidden_dim': 36, 'edge_hidden_dim': 74, 'depth': 1, 'rep_dropout': 0.006410479809132289, 'train_learning_rate': 0.0022659673362774805, 'train_lr_reduce': 0.6}. Best is trial 1909 with value: 0.10777772963047028.
[I 2024-12-19 22:09:56,822] Trial 2103 finished with value: 0.16127213835716248 and parameters: {'mlp_n_layers': 2, 'mlp_dim_00': 510, 'mlp_dim_01': 109, 'node_hidden_dim': 59, 'edge_hidden_dim': 89, 'depth': 1, 'rep_dropout': 0.01944213357859189, 'train_learning_rate': 0.0037634259696642343, 'train_lr_reduce': 0.6}. Best is trial 1909 with value: 0.10777772963047028.
[I 2024-12-19 22:10:11,369] Trial 2104 finished with value: 0.334217369556427 and parameters: {'mlp_n_layers': 1, 'mlp_dim_00': 493, 'node_hidden_dim': 53, 'edge_hidden_dim': 57, 'depth': 1, 'rep_dropout': 0.012171415341650699, 'train_learning_rate': 0.009832531078724178, 'train_lr_reduce': 0.6}. Best is trial 1909 with value: 0.10777772963047028.
[I 2024-12-19 22:10:25,507] Trial 2106 finished with value: 0.24537770450115204 and parameters: {'mlp_n_layers': 1, 'mlp_dim_00': 471, 'node_hidden_dim': 38, 'edge_hidden_dim': 86, 'depth': 1, 'rep_dropout': 0.019547196570653864, 'train_learning_rate': 0.006961705764335212, 'train_lr_reduce': 0.6}. Best is trial 1909 with value: 0.10777772963047028.
[I 2024-12-19 22:10:26,218] Trial 2105 finished with value: 0.13444340229034424 and parameters: {'mlp_n_layers': 1, 'mlp_dim_00': 497, 'node_hidden_dim': 32, 'edge_hidden_dim': 58, 'depth': 1, 'rep_dropout': 0.03713717959350385, 'train_learning_rate': 0.004594342633187411, 'train_lr_reduce': 0.6}. Best is trial 1909 with value: 0.10777772963047028.
[I 2024-12-19 22:10:28,356] Trial 2107 finished with value: 0.6018505692481995 and parameters: {'mlp_n_layers': 1, 'mlp_dim_00': 378, 'node_hidden_dim': 37, 'edge_hidden_dim': 56, 'depth': 2, 'rep_dropout': 0.018034232194291948, 'train_learning_rate': 0.007337629622180184, 'train_lr_reduce': 0.6}. Best is trial 1909 with value: 0.10777772963047028.
