[I 2024-12-20 01:02:56,707] Trial 1605 finished with value: 1.5247058868408203 and parameters: {'mlp_n_layers': 2, 'mlp_dim_00': 249, 'mlp_dim_01': 309, 'node_hidden_dim': 76, 'edge_hidden_dim': 32, 'depth': 1, 'rep_dropout': 0.026059880959958585, 'train_learning_rate': 0.0011346744961689527, 'train_lr_reduce': 0.6}. Best is trial 558 with value: 0.30280801653862.
[I 2024-12-20 01:03:02,186] Trial 1607 finished with value: 1.5177875757217407 and parameters: {'mlp_n_layers': 3, 'mlp_dim_00': 201, 'mlp_dim_01': 300, 'mlp_dim_02': 439, 'node_hidden_dim': 79, 'edge_hidden_dim': 50, 'depth': 1, 'rep_dropout': 0.04281708031721366, 'train_learning_rate': 0.0013227537934641653, 'train_lr_reduce': 0.6}. Best is trial 558 with value: 0.30280801653862.
[I 2024-12-20 01:03:07,665] Trial 1608 finished with value: 1.4167139530181885 and parameters: {'mlp_n_layers': 3, 'mlp_dim_00': 111, 'mlp_dim_01': 354, 'mlp_dim_02': 481, 'node_hidden_dim': 84, 'edge_hidden_dim': 40, 'depth': 2, 'rep_dropout': 0.031206683522751598, 'train_learning_rate': 0.002266130872072953, 'train_lr_reduce': 0.6}. Best is trial 558 with value: 0.30280801653862.
[I 2024-12-20 01:03:12,152] Trial 1609 finished with value: 1.5175528526306152 and parameters: {'mlp_n_layers': 3, 'mlp_dim_00': 287, 'mlp_dim_01': 316, 'mlp_dim_02': 434, 'node_hidden_dim': 85, 'edge_hidden_dim': 42, 'depth': 1, 'rep_dropout': 0.06840384587285749, 'train_learning_rate': 0.0011058584999203602, 'train_lr_reduce': 0.6}. Best is trial 558 with value: 0.30280801653862.
[I 2024-12-20 01:03:15,797] Trial 1606 finished with value: 0.3953000009059906 and parameters: {'mlp_n_layers': 3, 'mlp_dim_00': 87, 'mlp_dim_01': 360, 'mlp_dim_02': 475, 'node_hidden_dim': 97, 'edge_hidden_dim': 41, 'depth': 1, 'rep_dropout': 0.02766716137316106, 'train_learning_rate': 0.0015991097126631115, 'train_lr_reduce': 0.6}. Best is trial 558 with value: 0.30280801653862.
[I 2024-12-20 01:03:15,968] Trial 1610 finished with value: 1.5271310806274414 and parameters: {'mlp_n_layers': 3, 'mlp_dim_00': 95, 'mlp_dim_01': 375, 'mlp_dim_02': 440, 'node_hidden_dim': 70, 'edge_hidden_dim': 35, 'depth': 1, 'rep_dropout': 0.045144472215209994, 'train_learning_rate': 0.002005487427571871, 'train_lr_reduce': 0.6}. Best is trial 558 with value: 0.30280801653862.
[I 2024-12-20 01:03:19,237] Trial 1600 finished with value: 0.4732525050640106 and parameters: {'mlp_n_layers': 3, 'mlp_dim_00': 110, 'mlp_dim_01': 333, 'mlp_dim_02': 445, 'node_hidden_dim': 111, 'edge_hidden_dim': 49, 'depth': 1, 'rep_dropout': 0.04850822728520329, 'train_learning_rate': 0.002701544960832407, 'train_lr_reduce': 0.6}. Best is trial 558 with value: 0.30280801653862.
[I 2024-12-20 01:03:20,564] Trial 1612 finished with value: 1.564491868019104 and parameters: {'mlp_n_layers': 4, 'mlp_dim_00': 86, 'mlp_dim_01': 385, 'mlp_dim_02': 480, 'mlp_dim_03': 408, 'node_hidden_dim': 123, 'edge_hidden_dim': 52, 'depth': 2, 'rep_dropout': 0.00891308388915326, 'train_learning_rate': 0.0007546426744939034, 'train_lr_reduce': 0.6}. Best is trial 558 with value: 0.30280801653862.
[I 2024-12-20 01:03:22,877] Trial 1611 finished with value: 1.58017897605896 and parameters: {'mlp_n_layers': 2, 'mlp_dim_00': 106, 'mlp_dim_01': 336, 'node_hidden_dim': 60, 'edge_hidden_dim': 45, 'depth': 2, 'rep_dropout': 0.08393473531076004, 'train_learning_rate': 0.0004834257522645425, 'train_lr_reduce': 0.6}. Best is trial 558 with value: 0.30280801653862.
[I 2024-12-20 01:03:23,140] Trial 1613 finished with value: 1.475212574005127 and parameters: {'mlp_n_layers': 3, 'mlp_dim_00': 97, 'mlp_dim_01': 294, 'mlp_dim_02': 420, 'node_hidden_dim': 79, 'edge_hidden_dim': 38, 'depth': 1, 'rep_dropout': 0.04847500417722294, 'train_learning_rate': 0.0013974200654813156, 'train_lr_reduce': 0.6}. Best is trial 558 with value: 0.30280801653862.
[I 2024-12-20 01:03:24,517] Trial 1614 finished with value: 1.5460840463638306 and parameters: {'mlp_n_layers': 3, 'mlp_dim_00': 111, 'mlp_dim_01': 346, 'mlp_dim_02': 443, 'node_hidden_dim': 98, 'edge_hidden_dim': 35, 'depth': 1, 'rep_dropout': 0.040036825791672184, 'train_learning_rate': 0.0012070750686361818, 'train_lr_reduce': 0.6}. Best is trial 558 with value: 0.30280801653862.
[I 2024-12-20 01:03:26,415] Trial 1615 finished with value: 1.4981173276901245 and parameters: {'mlp_n_layers': 3, 'mlp_dim_00': 154, 'mlp_dim_01': 394, 'mlp_dim_02': 412, 'node_hidden_dim': 87, 'edge_hidden_dim': 32, 'depth': 2, 'rep_dropout': 0.05405248744285332, 'train_learning_rate': 0.0015737365720746468, 'train_lr_reduce': 0.6}. Best is trial 558 with value: 0.30280801653862.
[I 2024-12-20 01:03:28,201] Trial 1617 finished with value: 1.4756708145141602 and parameters: {'mlp_n_layers': 3, 'mlp_dim_00': 215, 'mlp_dim_01': 356, 'mlp_dim_02': 424, 'node_hidden_dim': 105, 'edge_hidden_dim': 42, 'depth': 1, 'rep_dropout': 0.05889702641828707, 'train_learning_rate': 0.0016088621395909481, 'train_lr_reduce': 0.6}. Best is trial 558 with value: 0.30280801653862.
[I 2024-12-20 01:03:32,125] Trial 1619 finished with value: 1.445684790611267 and parameters: {'mlp_n_layers': 3, 'mlp_dim_00': 90, 'mlp_dim_01': 406, 'mlp_dim_02': 410, 'node_hidden_dim': 86, 'edge_hidden_dim': 47, 'depth': 1, 'rep_dropout': 0.07969143867544942, 'train_learning_rate': 0.0019260499699766608, 'train_lr_reduce': 0.6}. Best is trial 558 with value: 0.30280801653862.
[I 2024-12-20 01:03:42,429] Trial 1618 finished with value: 0.33277225494384766 and parameters: {'mlp_n_layers': 4, 'mlp_dim_00': 429, 'mlp_dim_01': 321, 'mlp_dim_02': 467, 'mlp_dim_03': 461, 'node_hidden_dim': 128, 'edge_hidden_dim': 56, 'depth': 1, 'rep_dropout': 0.0006649425330485582, 'train_learning_rate': 0.0022486016026308383, 'train_lr_reduce': 0.6}. Best is trial 558 with value: 0.30280801653862.
[I 2024-12-20 01:03:44,316] Trial 1616 finished with value: 0.37258416414260864 and parameters: {'mlp_n_layers': 4, 'mlp_dim_00': 85, 'mlp_dim_01': 301, 'mlp_dim_02': 482, 'mlp_dim_03': 113, 'node_hidden_dim': 110, 'edge_hidden_dim': 34, 'depth': 1, 'rep_dropout': 0.00865159715459439, 'train_learning_rate': 0.0015834858469617268, 'train_lr_reduce': 0.6}. Best is trial 558 with value: 0.30280801653862.
[I 2024-12-20 01:03:47,299] Trial 1620 finished with value: 0.3638579547405243 and parameters: {'mlp_n_layers': 4, 'mlp_dim_00': 86, 'mlp_dim_01': 364, 'mlp_dim_02': 451, 'mlp_dim_03': 423, 'node_hidden_dim': 124, 'edge_hidden_dim': 46, 'depth': 1, 'rep_dropout': 0.07780130583494561, 'train_learning_rate': 0.0012252506794122138, 'train_lr_reduce': 0.6}. Best is trial 558 with value: 0.30280801653862.
[I 2024-12-20 01:03:47,715] Trial 1622 finished with value: 1.4715569019317627 and parameters: {'mlp_n_layers': 3, 'mlp_dim_00': 143, 'mlp_dim_01': 439, 'mlp_dim_02': 480, 'node_hidden_dim': 92, 'edge_hidden_dim': 38, 'depth': 1, 'rep_dropout': 0.023893699556047983, 'train_learning_rate': 0.0011221889066707947, 'train_lr_reduce': 0.6}. Best is trial 558 with value: 0.30280801653862.
[I 2024-12-20 01:03:51,687] Trial 1624 finished with value: 1.5570582151412964 and parameters: {'mlp_n_layers': 4, 'mlp_dim_00': 218, 'mlp_dim_01': 387, 'mlp_dim_02': 455, 'mlp_dim_03': 430, 'node_hidden_dim': 86, 'edge_hidden_dim': 37, 'depth': 1, 'rep_dropout': 0.0459221801554855, 'train_learning_rate': 0.0007473482036535926, 'train_lr_reduce': 0.6}. Best is trial 558 with value: 0.30280801653862.
[I 2024-12-20 01:03:55,530] Trial 1625 finished with value: 1.3599354028701782 and parameters: {'mlp_n_layers': 3, 'mlp_dim_00': 130, 'mlp_dim_01': 291, 'mlp_dim_02': 397, 'node_hidden_dim': 86, 'edge_hidden_dim': 43, 'depth': 1, 'rep_dropout': 0.015632916096698875, 'train_learning_rate': 0.004320839821323909, 'train_lr_reduce': 0.6}. Best is trial 558 with value: 0.30280801653862.
[I 2024-12-20 01:03:59,402] Trial 1621 finished with value: 0.36190059781074524 and parameters: {'mlp_n_layers': 4, 'mlp_dim_00': 119, 'mlp_dim_01': 286, 'mlp_dim_02': 405, 'mlp_dim_03': 379, 'node_hidden_dim': 101, 'edge_hidden_dim': 34, 'depth': 1, 'rep_dropout': 0.06192600119527493, 'train_learning_rate': 0.0028708678866266406, 'train_lr_reduce': 0.6}. Best is trial 558 with value: 0.30280801653862.
[I 2024-12-20 01:03:59,978] Trial 1626 finished with value: 1.5321860313415527 and parameters: {'mlp_n_layers': 3, 'mlp_dim_00': 176, 'mlp_dim_01': 325, 'mlp_dim_02': 444, 'node_hidden_dim': 104, 'edge_hidden_dim': 60, 'depth': 2, 'rep_dropout': 0.04503352936090314, 'train_learning_rate': 0.0022942499358307535, 'train_lr_reduce': 0.6}. Best is trial 558 with value: 0.30280801653862.
[I 2024-12-20 01:04:04,249] Trial 1628 finished with value: 1.5100617408752441 and parameters: {'mlp_n_layers': 4, 'mlp_dim_00': 146, 'mlp_dim_01': 374, 'mlp_dim_02': 488, 'mlp_dim_03': 383, 'node_hidden_dim': 120, 'edge_hidden_dim': 54, 'depth': 2, 'rep_dropout': 0.039555595790550395, 'train_learning_rate': 0.0016600396763923005, 'train_lr_reduce': 0.6}. Best is trial 558 with value: 0.30280801653862.
[I 2024-12-20 01:04:13,056] Trial 1627 finished with value: 0.4049184024333954 and parameters: {'mlp_n_layers': 4, 'mlp_dim_00': 394, 'mlp_dim_01': 409, 'mlp_dim_02': 408, 'mlp_dim_03': 99, 'node_hidden_dim': 95, 'edge_hidden_dim': 47, 'depth': 1, 'rep_dropout': 0.004980205655628077, 'train_learning_rate': 0.0017516665455704586, 'train_lr_reduce': 0.6}. Best is trial 558 with value: 0.30280801653862.
[I 2024-12-20 01:04:16,058] Trial 1623 finished with value: 0.31720471382141113 and parameters: {'mlp_n_layers': 4, 'mlp_dim_00': 451, 'mlp_dim_01': 343, 'mlp_dim_02': 416, 'mlp_dim_03': 304, 'node_hidden_dim': 111, 'edge_hidden_dim': 32, 'depth': 1, 'rep_dropout': 0.003616924750026392, 'train_learning_rate': 0.002123909004963911, 'train_lr_reduce': 0.6}. Best is trial 558 with value: 0.30280801653862.
[I 2024-12-20 01:04:18,188] Trial 1630 finished with value: 1.5836181640625 and parameters: {'mlp_n_layers': 4, 'mlp_dim_00': 113, 'mlp_dim_01': 331, 'mlp_dim_02': 509, 'mlp_dim_03': 310, 'node_hidden_dim': 100, 'edge_hidden_dim': 35, 'depth': 1, 'rep_dropout': 0.00461374263045005, 'train_learning_rate': 0.00020638469263140782, 'train_lr_reduce': 0.6}. Best is trial 558 with value: 0.30280801653862.
[I 2024-12-20 01:04:20,875] Trial 1629 finished with value: 0.41762152314186096 and parameters: {'mlp_n_layers': 3, 'mlp_dim_00': 153, 'mlp_dim_01': 460, 'mlp_dim_02': 403, 'node_hidden_dim': 89, 'edge_hidden_dim': 46, 'depth': 1, 'rep_dropout': 0.02813933904971462, 'train_learning_rate': 0.0018421157908777293, 'train_lr_reduce': 0.6}. Best is trial 558 with value: 0.30280801653862.
[I 2024-12-20 01:04:22,858] Trial 1632 finished with value: 1.4649372100830078 and parameters: {'mlp_n_layers': 1, 'mlp_dim_00': 84, 'node_hidden_dim': 79, 'edge_hidden_dim': 85, 'depth': 3, 'rep_dropout': 0.02738970297438674, 'train_learning_rate': 0.0008150737556891969, 'train_lr_reduce': 0.6}. Best is trial 558 with value: 0.30280801653862.
[I 2024-12-20 01:04:40,424] Trial 1631 finished with value: 0.3045021891593933 and parameters: {'mlp_n_layers': 4, 'mlp_dim_00': 466, 'mlp_dim_01': 278, 'mlp_dim_02': 390, 'mlp_dim_03': 375, 'node_hidden_dim': 109, 'edge_hidden_dim': 39, 'depth': 1, 'rep_dropout': 0.044029968934414555, 'train_learning_rate': 0.002015115283678496, 'train_lr_reduce': 0.6}. Best is trial 558 with value: 0.30280801653862.
[I 2024-12-20 01:04:42,722] Trial 1634 finished with value: 0.4114122688770294 and parameters: {'mlp_n_layers': 4, 'mlp_dim_00': 391, 'mlp_dim_01': 324, 'mlp_dim_02': 392, 'mlp_dim_03': 349, 'node_hidden_dim': 96, 'edge_hidden_dim': 37, 'depth': 1, 'rep_dropout': 0.03192735306804994, 'train_learning_rate': 0.0015892258668391065, 'train_lr_reduce': 0.6}. Best is trial 558 with value: 0.30280801653862.
[I 2024-12-20 01:04:44,862] Trial 1635 finished with value: 1.309182047843933 and parameters: {'mlp_n_layers': 4, 'mlp_dim_00': 494, 'mlp_dim_01': 284, 'mlp_dim_02': 374, 'mlp_dim_03': 399, 'node_hidden_dim': 115, 'edge_hidden_dim': 44, 'depth': 1, 'rep_dropout': 0.030069743421818285, 'train_learning_rate': 0.003965001193031862, 'train_lr_reduce': 0.6}. Best is trial 558 with value: 0.30280801653862.
[I 2024-12-20 01:04:58,341] Trial 1633 finished with value: 0.41175270080566406 and parameters: {'mlp_n_layers': 4, 'mlp_dim_00': 441, 'mlp_dim_01': 300, 'mlp_dim_02': 384, 'mlp_dim_03': 314, 'node_hidden_dim': 124, 'edge_hidden_dim': 37, 'depth': 1, 'rep_dropout': 0.005948366673847272, 'train_learning_rate': 0.0024759138771983384, 'train_lr_reduce': 0.6}. Best is trial 558 with value: 0.30280801653862.
[I 2024-12-20 01:05:02,029] Trial 1637 finished with value: 0.382039874792099 and parameters: {'mlp_n_layers': 4, 'mlp_dim_00': 493, 'mlp_dim_01': 259, 'mlp_dim_02': 377, 'mlp_dim_03': 428, 'node_hidden_dim': 101, 'edge_hidden_dim': 52, 'depth': 1, 'rep_dropout': 0.025782217724163788, 'train_learning_rate': 0.001617001897048107, 'train_lr_reduce': 0.6}. Best is trial 558 with value: 0.30280801653862.
[I 2024-12-20 01:05:02,331] Trial 1636 finished with value: 0.34518009424209595 and parameters: {'mlp_n_layers': 4, 'mlp_dim_00': 491, 'mlp_dim_01': 291, 'mlp_dim_02': 375, 'mlp_dim_03': 392, 'node_hidden_dim': 113, 'edge_hidden_dim': 45, 'depth': 1, 'rep_dropout': 0.01207666177965886, 'train_learning_rate': 0.0008744324208824696, 'train_lr_reduce': 0.6}. Best is trial 558 with value: 0.30280801653862.
[I 2024-12-20 01:05:06,543] Trial 1640 finished with value: 1.306764006614685 and parameters: {'mlp_n_layers': 4, 'mlp_dim_00': 502, 'mlp_dim_01': 265, 'mlp_dim_02': 392, 'mlp_dim_03': 382, 'node_hidden_dim': 118, 'edge_hidden_dim': 33, 'depth': 1, 'rep_dropout': 0.0006534207321226003, 'train_learning_rate': 0.005194419484166152, 'train_lr_reduce': 0.6}. Best is trial 558 with value: 0.30280801653862.
[I 2024-12-20 01:05:07,511] Trial 1638 finished with value: 1.346242904663086 and parameters: {'mlp_n_layers': 4, 'mlp_dim_00': 169, 'mlp_dim_01': 278, 'mlp_dim_02': 374, 'mlp_dim_03': 389, 'node_hidden_dim': 119, 'edge_hidden_dim': 33, 'depth': 2, 'rep_dropout': 0.04188770433493601, 'train_learning_rate': 0.000768574590292324, 'train_lr_reduce': 0.6}. Best is trial 558 with value: 0.30280801653862.
[I 2024-12-20 01:05:11,979] Trial 1642 finished with value: 1.4787280559539795 and parameters: {'mlp_n_layers': 4, 'mlp_dim_00': 432, 'mlp_dim_01': 273, 'mlp_dim_02': 393, 'mlp_dim_03': 379, 'node_hidden_dim': 92, 'edge_hidden_dim': 33, 'depth': 1, 'rep_dropout': 0.02720929629547618, 'train_learning_rate': 0.005039019216736699, 'train_lr_reduce': 0.6}. Best is trial 558 with value: 0.30280801653862.
[I 2024-12-20 01:05:23,072] Trial 1639 finished with value: 0.353173166513443 and parameters: {'mlp_n_layers': 4, 'mlp_dim_00': 449, 'mlp_dim_01': 266, 'mlp_dim_02': 385, 'mlp_dim_03': 412, 'node_hidden_dim': 111, 'edge_hidden_dim': 46, 'depth': 1, 'rep_dropout': 0.04808748027598226, 'train_learning_rate': 0.0017883660388105576, 'train_lr_reduce': 0.6}. Best is trial 558 with value: 0.30280801653862.
[I 2024-12-20 01:05:30,936] Trial 1643 finished with value: 0.3121281564235687 and parameters: {'mlp_n_layers': 4, 'mlp_dim_00': 498, 'mlp_dim_01': 295, 'mlp_dim_02': 379, 'mlp_dim_03': 415, 'node_hidden_dim': 115, 'edge_hidden_dim': 33, 'depth': 1, 'rep_dropout': 0.0046878116533817845, 'train_learning_rate': 0.001094101583688499, 'train_lr_reduce': 0.6}. Best is trial 558 with value: 0.30280801653862.
[I 2024-12-20 01:05:32,172] Trial 1641 finished with value: 0.3569128215312958 and parameters: {'mlp_n_layers': 4, 'mlp_dim_00': 425, 'mlp_dim_01': 288, 'mlp_dim_02': 364, 'mlp_dim_03': 445, 'node_hidden_dim': 103, 'edge_hidden_dim': 34, 'depth': 1, 'rep_dropout': 0.010427160912180098, 'train_learning_rate': 0.002254917662554677, 'train_lr_reduce': 0.6}. Best is trial 558 with value: 0.30280801653862.
[I 2024-12-20 01:05:34,932] Trial 1645 finished with value: 1.5112473964691162 and parameters: {'mlp_n_layers': 4, 'mlp_dim_00': 472, 'mlp_dim_01': 260, 'mlp_dim_02': 363, 'mlp_dim_03': 444, 'node_hidden_dim': 117, 'edge_hidden_dim': 40, 'depth': 1, 'rep_dropout': 0.03267312792267056, 'train_learning_rate': 0.0011280225509345864, 'train_lr_reduce': 0.6}. Best is trial 558 with value: 0.30280801653862.
[I 2024-12-20 01:05:38,971] Trial 1647 finished with value: 1.5286450386047363 and parameters: {'mlp_n_layers': 3, 'mlp_dim_00': 468, 'mlp_dim_01': 288, 'mlp_dim_02': 362, 'node_hidden_dim': 115, 'edge_hidden_dim': 34, 'depth': 2, 'rep_dropout': 0.03332455226535491, 'train_learning_rate': 0.0007335113612210222, 'train_lr_reduce': 0.6}. Best is trial 558 with value: 0.30280801653862.
[I 2024-12-20 01:05:39,789] Trial 1644 finished with value: 0.35754910111427307 and parameters: {'mlp_n_layers': 3, 'mlp_dim_00': 392, 'mlp_dim_01': 264, 'mlp_dim_02': 403, 'node_hidden_dim': 106, 'edge_hidden_dim': 33, 'depth': 1, 'rep_dropout': 0.006623022794254449, 'train_learning_rate': 0.0022665379840150915, 'train_lr_reduce': 0.6}. Best is trial 558 with value: 0.30280801653862.
[I 2024-12-20 01:05:42,440] Trial 1648 finished with value: 1.39340078830719 and parameters: {'mlp_n_layers': 3, 'mlp_dim_00': 501, 'mlp_dim_01': 292, 'mlp_dim_02': 359, 'node_hidden_dim': 113, 'edge_hidden_dim': 40, 'depth': 1, 'rep_dropout': 0.031667608218902, 'train_learning_rate': 0.0019738708043233835, 'train_lr_reduce': 0.6}. Best is trial 558 with value: 0.30280801653862.
[I 2024-12-20 01:05:43,480] Trial 1649 finished with value: 1.32924222946167 and parameters: {'mlp_n_layers': 3, 'mlp_dim_00': 87, 'mlp_dim_01': 297, 'mlp_dim_02': 377, 'node_hidden_dim': 83, 'edge_hidden_dim': 35, 'depth': 1, 'rep_dropout': 0.041565319297000976, 'train_learning_rate': 0.006324935835330269, 'train_lr_reduce': 0.6}. Best is trial 558 with value: 0.30280801653862.
[I 2024-12-20 01:06:05,136] Trial 1650 finished with value: 0.3276447355747223 and parameters: {'mlp_n_layers': 4, 'mlp_dim_00': 495, 'mlp_dim_01': 263, 'mlp_dim_02': 355, 'mlp_dim_03': 431, 'node_hidden_dim': 116, 'edge_hidden_dim': 34, 'depth': 1, 'rep_dropout': 0.050186379072843824, 'train_learning_rate': 0.0010583839999577795, 'train_lr_reduce': 0.6}. Best is trial 558 with value: 0.30280801653862.
[I 2024-12-20 01:06:09,819] Trial 1652 finished with value: 1.3914666175842285 and parameters: {'mlp_n_layers': 4, 'mlp_dim_00': 491, 'mlp_dim_01': 305, 'mlp_dim_02': 388, 'mlp_dim_03': 419, 'node_hidden_dim': 79, 'edge_hidden_dim': 37, 'depth': 1, 'rep_dropout': 0.04257092720807927, 'train_learning_rate': 0.002795340605748518, 'train_lr_reduce': 0.6}. Best is trial 558 with value: 0.30280801653862.
[I 2024-12-20 01:06:10,153] Trial 1646 finished with value: 0.4079945683479309 and parameters: {'mlp_n_layers': 4, 'mlp_dim_00': 391, 'mlp_dim_01': 276, 'mlp_dim_02': 358, 'mlp_dim_03': 447, 'node_hidden_dim': 110, 'edge_hidden_dim': 40, 'depth': 1, 'rep_dropout': 0.04998048775987793, 'train_learning_rate': 0.0017674716666016353, 'train_lr_reduce': 0.6}. Best is trial 558 with value: 0.30280801653862.
[I 2024-12-20 01:06:13,727] Trial 1651 finished with value: 0.32088032364845276 and parameters: {'mlp_n_layers': 4, 'mlp_dim_00': 511, 'mlp_dim_01': 301, 'mlp_dim_02': 370, 'mlp_dim_03': 485, 'node_hidden_dim': 126, 'edge_hidden_dim': 39, 'depth': 1, 'rep_dropout': 0.017213330317655377, 'train_learning_rate': 0.0014501007625247933, 'train_lr_reduce': 0.6}. Best is trial 558 with value: 0.30280801653862.
[I 2024-12-20 01:06:13,778] Trial 1654 finished with value: 1.5462745428085327 and parameters: {'mlp_n_layers': 4, 'mlp_dim_00': 469, 'mlp_dim_01': 298, 'mlp_dim_02': 366, 'mlp_dim_03': 416, 'node_hidden_dim': 109, 'edge_hidden_dim': 39, 'depth': 1, 'rep_dropout': 0.008446362207367306, 'train_learning_rate': 0.0008732636686241633, 'train_lr_reduce': 0.6}. Best is trial 558 with value: 0.30280801653862.
[I 2024-12-20 01:06:18,446] Trial 1655 finished with value: 1.567834496498108 and parameters: {'mlp_n_layers': 4, 'mlp_dim_00': 471, 'mlp_dim_01': 263, 'mlp_dim_02': 349, 'mlp_dim_03': 493, 'node_hidden_dim': 100, 'edge_hidden_dim': 54, 'depth': 2, 'rep_dropout': 0.001360022343903625, 'train_learning_rate': 0.0008411730370560769, 'train_lr_reduce': 0.6}. Best is trial 558 with value: 0.30280801653862.
[I 2024-12-20 01:06:18,617] Trial 1656 finished with value: 1.5472627878189087 and parameters: {'mlp_n_layers': 2, 'mlp_dim_00': 75, 'mlp_dim_01': 266, 'node_hidden_dim': 45, 'edge_hidden_dim': 110, 'depth': 2, 'rep_dropout': 0.10425725895717822, 'train_learning_rate': 0.0010231645439154695, 'train_lr_reduce': 0.6}. Best is trial 558 with value: 0.30280801653862.
[I 2024-12-20 01:06:22,550] Trial 1658 finished with value: 1.5355517864227295 and parameters: {'mlp_n_layers': 4, 'mlp_dim_00': 496, 'mlp_dim_01': 283, 'mlp_dim_02': 340, 'mlp_dim_03': 507, 'node_hidden_dim': 120, 'edge_hidden_dim': 38, 'depth': 1, 'rep_dropout': 0.024394617117501058, 'train_learning_rate': 0.0014091272079936256, 'train_lr_reduce': 0.6}. Best is trial 558 with value: 0.30280801653862.
[I 2024-12-20 01:06:22,736] Trial 1657 finished with value: 1.5772062540054321 and parameters: {'mlp_n_layers': 4, 'mlp_dim_00': 484, 'mlp_dim_01': 292, 'mlp_dim_02': 344, 'mlp_dim_03': 485, 'node_hidden_dim': 105, 'edge_hidden_dim': 42, 'depth': 1, 'rep_dropout': 0.03784146303033415, 'train_learning_rate': 0.00043685018444567983, 'train_lr_reduce': 0.6}. Best is trial 558 with value: 0.30280801653862.
[I 2024-12-20 01:06:26,269] Trial 1653 finished with value: 0.40014445781707764 and parameters: {'mlp_n_layers': 2, 'mlp_dim_00': 130, 'mlp_dim_01': 259, 'node_hidden_dim': 90, 'edge_hidden_dim': 35, 'depth': 1, 'rep_dropout': 0.01582891036696099, 'train_learning_rate': 0.0030077473209916975, 'train_lr_reduce': 0.6}. Best is trial 558 with value: 0.30280801653862.
