[I 2024-12-19 07:59:48,429] Trial 717 finished with value: 1.3650226593017578 and parameters: {'mlp_n_layers': 4, 'mlp_dim_00': 510, 'mlp_dim_01': 358, 'mlp_dim_02': 138, 'mlp_dim_03': 286, 'node_hidden_dim': 125, 'edge_hidden_dim': 81, 'depth': 2, 'rep_dropout': 0.11845633070217522, 'train_learning_rate': 0.0025956704422169523, 'train_lr_reduce': 0.6}. Best is trial 156 with value: 0.33254924416542053.
[I 2024-12-19 07:59:49,843] Trial 720 finished with value: 1.4184937477111816 and parameters: {'mlp_n_layers': 3, 'mlp_dim_00': 98, 'mlp_dim_01': 85, 'mlp_dim_02': 214, 'node_hidden_dim': 126, 'edge_hidden_dim': 71, 'depth': 2, 'rep_dropout': 0.03745843410256738, 'train_learning_rate': 0.00390844059539244, 'train_lr_reduce': 0.6}. Best is trial 156 with value: 0.33254924416542053.
[I 2024-12-19 07:59:52,668] Trial 722 finished with value: 1.368187427520752 and parameters: {'mlp_n_layers': 2, 'mlp_dim_00': 167, 'mlp_dim_01': 170, 'node_hidden_dim': 116, 'edge_hidden_dim': 33, 'depth': 2, 'rep_dropout': 0.07413841005554019, 'train_learning_rate': 0.00538868432378512, 'train_lr_reduce': 0.6}. Best is trial 156 with value: 0.33254924416542053.
[I 2024-12-19 07:59:57,756] Trial 723 finished with value: 1.3493906259536743 and parameters: {'mlp_n_layers': 2, 'mlp_dim_00': 125, 'mlp_dim_01': 241, 'node_hidden_dim': 115, 'edge_hidden_dim': 74, 'depth': 2, 'rep_dropout': 0.0036912973088323673, 'train_learning_rate': 0.001797151102646856, 'train_lr_reduce': 0.6}. Best is trial 156 with value: 0.33254924416542053.
[I 2024-12-19 07:59:58,277] Trial 724 finished with value: 1.3033168315887451 and parameters: {'mlp_n_layers': 3, 'mlp_dim_00': 509, 'mlp_dim_01': 426, 'mlp_dim_02': 200, 'node_hidden_dim': 118, 'edge_hidden_dim': 111, 'depth': 2, 'rep_dropout': 0.1373588404191981, 'train_learning_rate': 0.006764608583128723, 'train_lr_reduce': 0.6}. Best is trial 156 with value: 0.33254924416542053.
[I 2024-12-19 08:00:01,579] Trial 721 finished with value: 0.3799281716346741 and parameters: {'mlp_n_layers': 3, 'mlp_dim_00': 294, 'mlp_dim_01': 142, 'mlp_dim_02': 221, 'node_hidden_dim': 126, 'edge_hidden_dim': 58, 'depth': 2, 'rep_dropout': 0.014598396912842267, 'train_learning_rate': 0.007167187321660645, 'train_lr_reduce': 0.6}. Best is trial 156 with value: 0.33254924416542053.
[I 2024-12-19 08:00:02,844] Trial 726 finished with value: 1.3734643459320068 and parameters: {'mlp_n_layers': 3, 'mlp_dim_00': 242, 'mlp_dim_01': 140, 'mlp_dim_02': 231, 'node_hidden_dim': 113, 'edge_hidden_dim': 71, 'depth': 4, 'rep_dropout': 0.1866330377563137, 'train_learning_rate': 0.003067874758940367, 'train_lr_reduce': 0.6}. Best is trial 156 with value: 0.33254924416542053.
[I 2024-12-19 08:00:05,403] Trial 725 finished with value: 1.31116783618927 and parameters: {'mlp_n_layers': 4, 'mlp_dim_00': 78, 'mlp_dim_01': 116, 'mlp_dim_02': 177, 'mlp_dim_03': 152, 'node_hidden_dim': 80, 'edge_hidden_dim': 99, 'depth': 2, 'rep_dropout': 0.18249827824939877, 'train_learning_rate': 0.0020537796445470997, 'train_lr_reduce': 0.6}. Best is trial 156 with value: 0.33254924416542053.
[I 2024-12-19 08:00:05,965] Trial 727 finished with value: 1.4233977794647217 and parameters: {'mlp_n_layers': 3, 'mlp_dim_00': 124, 'mlp_dim_01': 130, 'mlp_dim_02': 244, 'node_hidden_dim': 117, 'edge_hidden_dim': 48, 'depth': 2, 'rep_dropout': 0.018777763422096458, 'train_learning_rate': 0.006417014171898185, 'train_lr_reduce': 0.6}. Best is trial 156 with value: 0.33254924416542053.
[I 2024-12-19 08:00:08,075] Trial 728 finished with value: 1.4255950450897217 and parameters: {'mlp_n_layers': 2, 'mlp_dim_00': 354, 'mlp_dim_01': 234, 'node_hidden_dim': 126, 'edge_hidden_dim': 63, 'depth': 2, 'rep_dropout': 0.003965789890940022, 'train_learning_rate': 0.007680758011430326, 'train_lr_reduce': 0.6}. Best is trial 156 with value: 0.33254924416542053.
[I 2024-12-19 08:00:13,232] Trial 729 finished with value: 1.340558648109436 and parameters: {'mlp_n_layers': 4, 'mlp_dim_00': 108, 'mlp_dim_01': 96, 'mlp_dim_02': 250, 'mlp_dim_03': 175, 'node_hidden_dim': 104, 'edge_hidden_dim': 64, 'depth': 2, 'rep_dropout': 0.0015958293025953498, 'train_learning_rate': 0.002235789872347442, 'train_lr_reduce': 0.6}. Best is trial 156 with value: 0.33254924416542053.
[I 2024-12-19 08:00:21,148] Trial 730 finished with value: 0.4340628981590271 and parameters: {'mlp_n_layers': 2, 'mlp_dim_00': 212, 'mlp_dim_01': 198, 'node_hidden_dim': 123, 'edge_hidden_dim': 67, 'depth': 3, 'rep_dropout': 0.006635484305761805, 'train_learning_rate': 0.004354845729868216, 'train_lr_reduce': 0.6}. Best is trial 156 with value: 0.33254924416542053.
[I 2024-12-19 08:00:23,813] Trial 731 finished with value: 0.516880214214325 and parameters: {'mlp_n_layers': 4, 'mlp_dim_00': 493, 'mlp_dim_01': 341, 'mlp_dim_02': 179, 'mlp_dim_03': 122, 'node_hidden_dim': 125, 'edge_hidden_dim': 74, 'depth': 3, 'rep_dropout': 0.13866213097419572, 'train_learning_rate': 0.0068995979235494265, 'train_lr_reduce': 0.6}. Best is trial 156 with value: 0.33254924416542053.
[I 2024-12-19 08:00:28,009] Trial 732 finished with value: 0.4701862335205078 and parameters: {'mlp_n_layers': 3, 'mlp_dim_00': 324, 'mlp_dim_01': 168, 'mlp_dim_02': 266, 'node_hidden_dim': 115, 'edge_hidden_dim': 71, 'depth': 3, 'rep_dropout': 0.038731955097862716, 'train_learning_rate': 0.008804871345975466, 'train_lr_reduce': 0.6}. Best is trial 156 with value: 0.33254924416542053.
[I 2024-12-19 08:00:28,971] Trial 734 finished with value: 1.5795009136199951 and parameters: {'mlp_n_layers': 2, 'mlp_dim_00': 265, 'mlp_dim_01': 138, 'node_hidden_dim': 32, 'edge_hidden_dim': 97, 'depth': 4, 'rep_dropout': 0.03516924491477422, 'train_learning_rate': 0.0001025644315764163, 'train_lr_reduce': 0.6}. Best is trial 156 with value: 0.33254924416542053.
[I 2024-12-19 08:00:31,911] Trial 733 finished with value: 1.4306930303573608 and parameters: {'mlp_n_layers': 4, 'mlp_dim_00': 391, 'mlp_dim_01': 313, 'mlp_dim_02': 216, 'mlp_dim_03': 116, 'node_hidden_dim': 126, 'edge_hidden_dim': 64, 'depth': 2, 'rep_dropout': 0.14191921286571557, 'train_learning_rate': 0.0009842357708881554, 'train_lr_reduce': 0.6}. Best is trial 156 with value: 0.33254924416542053.
[I 2024-12-19 08:00:32,401] Trial 735 finished with value: 1.5017796754837036 and parameters: {'mlp_n_layers': 2, 'mlp_dim_00': 160, 'mlp_dim_01': 386, 'node_hidden_dim': 80, 'edge_hidden_dim': 105, 'depth': 4, 'rep_dropout': 0.14477647076012856, 'train_learning_rate': 0.0010872207806455372, 'train_lr_reduce': 0.6}. Best is trial 156 with value: 0.33254924416542053.
[I 2024-12-19 08:00:34,034] Trial 736 finished with value: 1.5575083494186401 and parameters: {'mlp_n_layers': 2, 'mlp_dim_00': 78, 'mlp_dim_01': 243, 'node_hidden_dim': 77, 'edge_hidden_dim': 59, 'depth': 4, 'rep_dropout': 0.06370192797882833, 'train_learning_rate': 0.000849873137599755, 'train_lr_reduce': 0.6}. Best is trial 156 with value: 0.33254924416542053.
[I 2024-12-19 08:00:36,202] Trial 737 finished with value: 1.58242928981781 and parameters: {'mlp_n_layers': 4, 'mlp_dim_00': 182, 'mlp_dim_01': 370, 'mlp_dim_02': 126, 'mlp_dim_03': 192, 'node_hidden_dim': 35, 'edge_hidden_dim': 74, 'depth': 4, 'rep_dropout': 0.06129222665010289, 'train_learning_rate': 0.0005653571187280663, 'train_lr_reduce': 0.6}. Best is trial 156 with value: 0.33254924416542053.
[I 2024-12-19 08:00:36,234] Trial 738 finished with value: 1.4605170488357544 and parameters: {'mlp_n_layers': 3, 'mlp_dim_00': 273, 'mlp_dim_01': 215, 'mlp_dim_02': 163, 'node_hidden_dim': 126, 'edge_hidden_dim': 61, 'depth': 2, 'rep_dropout': 0.06092155110946416, 'train_learning_rate': 0.008090409139392352, 'train_lr_reduce': 0.6}. Best is trial 156 with value: 0.33254924416542053.
[I 2024-12-19 08:00:38,225] Trial 739 finished with value: 1.2983131408691406 and parameters: {'mlp_n_layers': 3, 'mlp_dim_00': 503, 'mlp_dim_01': 300, 'mlp_dim_02': 282, 'node_hidden_dim': 128, 'edge_hidden_dim': 127, 'depth': 2, 'rep_dropout': 0.0771511200468953, 'train_learning_rate': 0.004378280940654791, 'train_lr_reduce': 0.6}. Best is trial 156 with value: 0.33254924416542053.
[I 2024-12-19 08:00:42,603] Trial 742 finished with value: 1.3819770812988281 and parameters: {'mlp_n_layers': 4, 'mlp_dim_00': 428, 'mlp_dim_01': 190, 'mlp_dim_02': 154, 'mlp_dim_03': 123, 'node_hidden_dim': 39, 'edge_hidden_dim': 105, 'depth': 3, 'rep_dropout': 0.1808543428632443, 'train_learning_rate': 0.007917631638306841, 'train_lr_reduce': 0.6}. Best is trial 156 with value: 0.33254924416542053.
[I 2024-12-19 08:00:42,670] Trial 740 finished with value: 0.9108026623725891 and parameters: {'mlp_n_layers': 3, 'mlp_dim_00': 219, 'mlp_dim_01': 89, 'mlp_dim_02': 217, 'node_hidden_dim': 127, 'edge_hidden_dim': 100, 'depth': 2, 'rep_dropout': 0.05699553277678111, 'train_learning_rate': 0.0073167404645688655, 'train_lr_reduce': 0.6}. Best is trial 156 with value: 0.33254924416542053.
[I 2024-12-19 08:00:47,443] Trial 744 finished with value: 1.5735183954238892 and parameters: {'mlp_n_layers': 3, 'mlp_dim_00': 409, 'mlp_dim_01': 314, 'mlp_dim_02': 113, 'node_hidden_dim': 49, 'edge_hidden_dim': 82, 'depth': 3, 'rep_dropout': 0.05958863633128275, 'train_learning_rate': 0.00046764662474871067, 'train_lr_reduce': 0.6}. Best is trial 156 with value: 0.33254924416542053.
[I 2024-12-19 08:00:47,977] Trial 743 finished with value: 1.5582094192504883 and parameters: {'mlp_n_layers': 4, 'mlp_dim_00': 233, 'mlp_dim_01': 153, 'mlp_dim_02': 293, 'mlp_dim_03': 446, 'node_hidden_dim': 86, 'edge_hidden_dim': 58, 'depth': 4, 'rep_dropout': 0.2042177694305854, 'train_learning_rate': 0.0007876030346907349, 'train_lr_reduce': 0.6}. Best is trial 156 with value: 0.33254924416542053.
[I 2024-12-19 08:00:48,048] Trial 741 finished with value: 0.7754805684089661 and parameters: {'mlp_n_layers': 4, 'mlp_dim_00': 476, 'mlp_dim_01': 245, 'mlp_dim_02': 65, 'mlp_dim_03': 192, 'node_hidden_dim': 127, 'edge_hidden_dim': 104, 'depth': 2, 'rep_dropout': 0.11919787459145302, 'train_learning_rate': 0.0029999270699510522, 'train_lr_reduce': 0.6}. Best is trial 156 with value: 0.33254924416542053.
[I 2024-12-19 08:00:52,745] Trial 745 finished with value: 1.4607083797454834 and parameters: {'mlp_n_layers': 4, 'mlp_dim_00': 224, 'mlp_dim_01': 175, 'mlp_dim_02': 251, 'mlp_dim_03': 197, 'node_hidden_dim': 35, 'edge_hidden_dim': 88, 'depth': 2, 'rep_dropout': 0.12691767320581993, 'train_learning_rate': 0.008988877345942222, 'train_lr_reduce': 0.6}. Best is trial 156 with value: 0.33254924416542053.
[I 2024-12-19 08:00:56,867] Trial 746 finished with value: 1.339348316192627 and parameters: {'mlp_n_layers': 4, 'mlp_dim_00': 262, 'mlp_dim_01': 94, 'mlp_dim_02': 107, 'mlp_dim_03': 112, 'node_hidden_dim': 55, 'edge_hidden_dim': 60, 'depth': 3, 'rep_dropout': 0.15971809904313192, 'train_learning_rate': 0.002426482441018331, 'train_lr_reduce': 0.6}. Best is trial 156 with value: 0.33254924416542053.
[I 2024-12-19 08:00:56,970] Trial 748 finished with value: 1.504235863685608 and parameters: {'mlp_n_layers': 2, 'mlp_dim_00': 200, 'mlp_dim_01': 149, 'node_hidden_dim': 121, 'edge_hidden_dim': 70, 'depth': 2, 'rep_dropout': 0.08832036418057077, 'train_learning_rate': 0.002327198103912445, 'train_lr_reduce': 0.6}. Best is trial 156 with value: 0.33254924416542053.
[I 2024-12-19 08:00:57,919] Trial 747 finished with value: 1.4133853912353516 and parameters: {'mlp_n_layers': 4, 'mlp_dim_00': 245, 'mlp_dim_01': 266, 'mlp_dim_02': 205, 'mlp_dim_03': 70, 'node_hidden_dim': 50, 'edge_hidden_dim': 111, 'depth': 2, 'rep_dropout': 0.05307002093739277, 'train_learning_rate': 0.0012623462730363786, 'train_lr_reduce': 0.6}. Best is trial 156 with value: 0.33254924416542053.
[I 2024-12-19 08:01:01,232] Trial 749 finished with value: 1.4473148584365845 and parameters: {'mlp_n_layers': 3, 'mlp_dim_00': 383, 'mlp_dim_01': 124, 'mlp_dim_02': 162, 'node_hidden_dim': 113, 'edge_hidden_dim': 56, 'depth': 2, 'rep_dropout': 0.001970492780961588, 'train_learning_rate': 0.008825310346369384, 'train_lr_reduce': 0.6}. Best is trial 156 with value: 0.33254924416542053.
[I 2024-12-19 08:01:01,567] Trial 750 finished with value: 1.4428036212921143 and parameters: {'mlp_n_layers': 3, 'mlp_dim_00': 266, 'mlp_dim_01': 66, 'mlp_dim_02': 292, 'node_hidden_dim': 115, 'edge_hidden_dim': 85, 'depth': 3, 'rep_dropout': 0.014695521516594954, 'train_learning_rate': 0.007333752773626683, 'train_lr_reduce': 0.6}. Best is trial 156 with value: 0.33254924416542053.
[I 2024-12-19 08:01:02,161] Trial 751 finished with value: 1.5094079971313477 and parameters: {'mlp_n_layers': 4, 'mlp_dim_00': 426, 'mlp_dim_01': 152, 'mlp_dim_02': 105, 'mlp_dim_03': 66, 'node_hidden_dim': 127, 'edge_hidden_dim': 48, 'depth': 3, 'rep_dropout': 0.09548008520353236, 'train_learning_rate': 0.006256306112349531, 'train_lr_reduce': 0.6}. Best is trial 156 with value: 0.33254924416542053.
[I 2024-12-19 08:01:05,968] Trial 753 finished with value: 1.4631441831588745 and parameters: {'mlp_n_layers': 2, 'mlp_dim_00': 490, 'mlp_dim_01': 124, 'node_hidden_dim': 40, 'edge_hidden_dim': 72, 'depth': 3, 'rep_dropout': 0.01717931918973692, 'train_learning_rate': 0.0023026057854225583, 'train_lr_reduce': 0.6}. Best is trial 156 with value: 0.33254924416542053.
[I 2024-12-19 08:01:06,270] Trial 754 finished with value: 1.3427753448486328 and parameters: {'mlp_n_layers': 4, 'mlp_dim_00': 307, 'mlp_dim_01': 139, 'mlp_dim_02': 244, 'mlp_dim_03': 226, 'node_hidden_dim': 128, 'edge_hidden_dim': 39, 'depth': 2, 'rep_dropout': 0.04107706881365917, 'train_learning_rate': 0.008291472747803839, 'train_lr_reduce': 0.6}. Best is trial 156 with value: 0.33254924416542053.
[I 2024-12-19 08:01:10,971] Trial 756 finished with value: 1.5333055257797241 and parameters: {'mlp_n_layers': 4, 'mlp_dim_00': 477, 'mlp_dim_01': 320, 'mlp_dim_02': 306, 'mlp_dim_03': 194, 'node_hidden_dim': 128, 'edge_hidden_dim': 51, 'depth': 3, 'rep_dropout': 0.06962401657167565, 'train_learning_rate': 0.0030016624878204984, 'train_lr_reduce': 0.6}. Best is trial 156 with value: 0.33254924416542053.
[I 2024-12-19 08:01:11,034] Trial 755 finished with value: 1.4764103889465332 and parameters: {'mlp_n_layers': 3, 'mlp_dim_00': 302, 'mlp_dim_01': 150, 'mlp_dim_02': 161, 'node_hidden_dim': 128, 'edge_hidden_dim': 55, 'depth': 2, 'rep_dropout': 0.011730831513519988, 'train_learning_rate': 0.007257980114214722, 'train_lr_reduce': 0.6}. Best is trial 156 with value: 0.33254924416542053.
[I 2024-12-19 08:01:14,621] Trial 752 finished with value: 0.36205679178237915 and parameters: {'mlp_n_layers': 3, 'mlp_dim_00': 214, 'mlp_dim_01': 113, 'mlp_dim_02': 512, 'node_hidden_dim': 126, 'edge_hidden_dim': 65, 'depth': 2, 'rep_dropout': 0.06235777889289955, 'train_learning_rate': 0.004912876841144808, 'train_lr_reduce': 0.6}. Best is trial 156 with value: 0.33254924416542053.
[I 2024-12-19 08:01:20,082] Trial 759 finished with value: 1.429364800453186 and parameters: {'mlp_n_layers': 4, 'mlp_dim_00': 341, 'mlp_dim_01': 308, 'mlp_dim_02': 500, 'mlp_dim_03': 218, 'node_hidden_dim': 87, 'edge_hidden_dim': 60, 'depth': 2, 'rep_dropout': 0.10251818105713056, 'train_learning_rate': 0.008702443499519064, 'train_lr_reduce': 0.6}. Best is trial 156 with value: 0.33254924416542053.
[I 2024-12-19 08:01:23,072] Trial 758 finished with value: 0.47152894735336304 and parameters: {'mlp_n_layers': 3, 'mlp_dim_00': 119, 'mlp_dim_01': 93, 'mlp_dim_02': 238, 'node_hidden_dim': 128, 'edge_hidden_dim': 87, 'depth': 2, 'rep_dropout': 0.04124866812942139, 'train_learning_rate': 0.009174844552666818, 'train_lr_reduce': 0.6}. Best is trial 156 with value: 0.33254924416542053.
[I 2024-12-19 08:01:24,472] Trial 760 finished with value: 1.329058289527893 and parameters: {'mlp_n_layers': 3, 'mlp_dim_00': 226, 'mlp_dim_01': 208, 'mlp_dim_02': 484, 'node_hidden_dim': 128, 'edge_hidden_dim': 82, 'depth': 2, 'rep_dropout': 0.022513899749939205, 'train_learning_rate': 0.003727476126416268, 'train_lr_reduce': 0.6}. Best is trial 156 with value: 0.33254924416542053.
[I 2024-12-19 08:01:24,739] Trial 757 finished with value: 0.45597395300865173 and parameters: {'mlp_n_layers': 4, 'mlp_dim_00': 460, 'mlp_dim_01': 233, 'mlp_dim_02': 97, 'mlp_dim_03': 151, 'node_hidden_dim': 117, 'edge_hidden_dim': 60, 'depth': 2, 'rep_dropout': 0.10455755807819302, 'train_learning_rate': 0.0038558457206715564, 'train_lr_reduce': 0.6}. Best is trial 156 with value: 0.33254924416542053.
[I 2024-12-19 08:01:27,638] Trial 761 finished with value: 1.4525734186172485 and parameters: {'mlp_n_layers': 3, 'mlp_dim_00': 114, 'mlp_dim_01': 377, 'mlp_dim_02': 463, 'node_hidden_dim': 78, 'edge_hidden_dim': 111, 'depth': 3, 'rep_dropout': 0.028631854718051686, 'train_learning_rate': 0.0014087765396666953, 'train_lr_reduce': 0.6}. Best is trial 156 with value: 0.33254924416542053.
[I 2024-12-19 08:01:31,212] Trial 763 finished with value: 1.441079020500183 and parameters: {'mlp_n_layers': 3, 'mlp_dim_00': 162, 'mlp_dim_01': 71, 'mlp_dim_02': 488, 'node_hidden_dim': 100, 'edge_hidden_dim': 92, 'depth': 3, 'rep_dropout': 0.05999321823591297, 'train_learning_rate': 0.0029836978967381893, 'train_lr_reduce': 0.6}. Best is trial 156 with value: 0.33254924416542053.
[I 2024-12-19 08:01:31,989] Trial 764 finished with value: 1.4077637195587158 and parameters: {'mlp_n_layers': 2, 'mlp_dim_00': 240, 'mlp_dim_01': 115, 'node_hidden_dim': 65, 'edge_hidden_dim': 114, 'depth': 4, 'rep_dropout': 0.21771623127931347, 'train_learning_rate': 0.005090452500756501, 'train_lr_reduce': 0.6}. Best is trial 156 with value: 0.33254924416542053.
[I 2024-12-19 08:01:32,731] Trial 762 finished with value: 1.2847357988357544 and parameters: {'mlp_n_layers': 4, 'mlp_dim_00': 139, 'mlp_dim_01': 76, 'mlp_dim_02': 501, 'mlp_dim_03': 257, 'node_hidden_dim': 125, 'edge_hidden_dim': 59, 'depth': 2, 'rep_dropout': 0.037878894362872645, 'train_learning_rate': 0.004367160698234338, 'train_lr_reduce': 0.6}. Best is trial 156 with value: 0.33254924416542053.
[I 2024-12-19 08:01:35,201] Trial 765 finished with value: 1.3999735116958618 and parameters: {'mlp_n_layers': 3, 'mlp_dim_00': 188, 'mlp_dim_01': 71, 'mlp_dim_02': 480, 'node_hidden_dim': 115, 'edge_hidden_dim': 76, 'depth': 2, 'rep_dropout': 0.09815609364454433, 'train_learning_rate': 0.0032994716301017334, 'train_lr_reduce': 0.6}. Best is trial 156 with value: 0.33254924416542053.
[I 2024-12-19 08:01:36,596] Trial 767 finished with value: 1.3418042659759521 and parameters: {'mlp_n_layers': 3, 'mlp_dim_00': 93, 'mlp_dim_01': 489, 'mlp_dim_02': 499, 'node_hidden_dim': 55, 'edge_hidden_dim': 39, 'depth': 2, 'rep_dropout': 0.07242798114448469, 'train_learning_rate': 0.006292347559737966, 'train_lr_reduce': 0.6}. Best is trial 156 with value: 0.33254924416542053.
[I 2024-12-19 08:01:39,493] Trial 768 finished with value: 1.3758492469787598 and parameters: {'mlp_n_layers': 4, 'mlp_dim_00': 369, 'mlp_dim_01': 245, 'mlp_dim_02': 503, 'mlp_dim_03': 112, 'node_hidden_dim': 126, 'edge_hidden_dim': 40, 'depth': 3, 'rep_dropout': 0.137157855051435, 'train_learning_rate': 0.004612926262310752, 'train_lr_reduce': 0.6}. Best is trial 156 with value: 0.33254924416542053.
[I 2024-12-19 08:01:41,370] Trial 769 finished with value: 1.5867236852645874 and parameters: {'mlp_n_layers': 4, 'mlp_dim_00': 201, 'mlp_dim_01': 394, 'mlp_dim_02': 506, 'mlp_dim_03': 234, 'node_hidden_dim': 71, 'edge_hidden_dim': 35, 'depth': 3, 'rep_dropout': 0.02163897862920916, 'train_learning_rate': 0.00021206936815511832, 'train_lr_reduce': 0.6}. Best is trial 156 with value: 0.33254924416542053.
[I 2024-12-19 08:01:43,752] Trial 766 finished with value: 0.7288922667503357 and parameters: {'mlp_n_layers': 4, 'mlp_dim_00': 222, 'mlp_dim_01': 184, 'mlp_dim_02': 510, 'mlp_dim_03': 155, 'node_hidden_dim': 66, 'edge_hidden_dim': 96, 'depth': 2, 'rep_dropout': 0.18831107201573385, 'train_learning_rate': 0.00796671268170623, 'train_lr_reduce': 0.6}. Best is trial 156 with value: 0.33254924416542053.
[I 2024-12-19 08:01:46,511] Trial 770 finished with value: 1.4593052864074707 and parameters: {'mlp_n_layers': 4, 'mlp_dim_00': 328, 'mlp_dim_01': 75, 'mlp_dim_02': 466, 'mlp_dim_03': 67, 'node_hidden_dim': 126, 'edge_hidden_dim': 77, 'depth': 2, 'rep_dropout': 0.10948134213641172, 'train_learning_rate': 0.0029559802447719098, 'train_lr_reduce': 0.6}. Best is trial 156 with value: 0.33254924416542053.
[I 2024-12-19 08:01:46,775] Trial 771 finished with value: 1.32496178150177 and parameters: {'mlp_n_layers': 4, 'mlp_dim_00': 470, 'mlp_dim_01': 463, 'mlp_dim_02': 461, 'mlp_dim_03': 190, 'node_hidden_dim': 117, 'edge_hidden_dim': 111, 'depth': 2, 'rep_dropout': 0.004571010645526313, 'train_learning_rate': 0.008916985754532291, 'train_lr_reduce': 0.6}. Best is trial 156 with value: 0.33254924416542053.
[I 2024-12-19 08:01:50,616] Trial 773 finished with value: 1.5773530006408691 and parameters: {'mlp_n_layers': 3, 'mlp_dim_00': 479, 'mlp_dim_01': 456, 'mlp_dim_02': 66, 'node_hidden_dim': 61, 'edge_hidden_dim': 41, 'depth': 4, 'rep_dropout': 0.11646952486588513, 'train_learning_rate': 0.00018963928907759917, 'train_lr_reduce': 0.6}. Best is trial 156 with value: 0.33254924416542053.
[I 2024-12-19 08:01:51,176] Trial 774 finished with value: 1.4179694652557373 and parameters: {'mlp_n_layers': 4, 'mlp_dim_00': 511, 'mlp_dim_01': 304, 'mlp_dim_02': 512, 'mlp_dim_03': 285, 'node_hidden_dim': 123, 'edge_hidden_dim': 64, 'depth': 2, 'rep_dropout': 0.175629086121023, 'train_learning_rate': 0.0038719516499010165, 'train_lr_reduce': 0.6}. Best is trial 156 with value: 0.33254924416542053.
[I 2024-12-19 08:01:55,362] Trial 775 finished with value: 1.4443844556808472 and parameters: {'mlp_n_layers': 4, 'mlp_dim_00': 294, 'mlp_dim_01': 98, 'mlp_dim_02': 135, 'mlp_dim_03': 224, 'node_hidden_dim': 124, 'edge_hidden_dim': 124, 'depth': 3, 'rep_dropout': 0.04822983440560507, 'train_learning_rate': 0.004261649200812632, 'train_lr_reduce': 0.6}. Best is trial 156 with value: 0.33254924416542053.
