[I 2024-12-25 02:41:00,389] Trial 1060 finished with value: 0.013452677056193352 and parameters: {'L1_hidden_dim': 80, 'L1_layers_atom': 2, 'L1_layers_mol': 3, 'L1_dropout': 0.04565603787191665, 'L1_out_dim': 32, 'L2_hidden_dim': 176, 'L2_layers_atom': 4, 'L2_layers_mol': 1, 'L2_out_dim': 96, 'L2_dropout': 0.005972262235785652, 'L3_hidden_dim': 112, 'L3_layers_atom': 4, 'L3_layers_mol': 2, 'L3_out_dim': 96, 'L3_dropout': 0.25424009084710747, 'n_mlp_layers': 3, 'mlp_dim_0': 496, 'mlp_dim_1': 32, 'mlp_dim_2': 104, 'num_heads': 2, 'final_dropout': 0.17187238429665577, 'train_learning_rate': 0.006771155182232588, 'train_lr_reduce': 0.6}. Best is trial 570 with value: 0.00952998548746109.
[I 2024-12-25 02:41:41,437] Trial 1061 finished with value: 0.2376680076122284 and parameters: {'L1_hidden_dim': 176, 'L1_layers_atom': 4, 'L1_layers_mol': 4, 'L1_dropout': 0.08887171161918889, 'L1_out_dim': 32, 'L2_hidden_dim': 64, 'L2_layers_atom': 4, 'L2_layers_mol': 1, 'L2_out_dim': 32, 'L2_dropout': 0.011300228700455273, 'L3_hidden_dim': 128, 'L3_layers_atom': 4, 'L3_layers_mol': 1, 'L3_out_dim': 112, 'L3_dropout': 0.2045435891086271, 'n_mlp_layers': 2, 'mlp_dim_0': 352, 'mlp_dim_1': 64, 'num_heads': 2, 'final_dropout': 0.07634951707518384, 'train_learning_rate': 0.0006815267267262436, 'train_lr_reduce': 0.6}. Best is trial 570 with value: 0.00952998548746109.
[I 2024-12-25 02:41:43,646] Trial 1059 finished with value: 0.01089499518275261 and parameters: {'L1_hidden_dim': 208, 'L1_layers_atom': 3, 'L1_layers_mol': 4, 'L1_dropout': 0.010990905516357011, 'L1_out_dim': 64, 'L2_hidden_dim': 176, 'L2_layers_atom': 4, 'L2_layers_mol': 1, 'L2_out_dim': 32, 'L2_dropout': 0.12046862743612763, 'L3_hidden_dim': 96, 'L3_layers_atom': 2, 'L3_layers_mol': 4, 'L3_out_dim': 80, 'L3_dropout': 0.2880817582855708, 'n_mlp_layers': 1, 'mlp_dim_0': 408, 'num_heads': 2, 'final_dropout': 0.1406542434880661, 'train_learning_rate': 0.00040393117122821266, 'train_lr_reduce': 0.6}. Best is trial 570 with value: 0.00952998548746109.
[I 2024-12-25 02:43:32,147] Trial 1063 finished with value: 0.01277980674058199 and parameters: {'L1_hidden_dim': 192, 'L1_layers_atom': 2, 'L1_layers_mol': 4, 'L1_dropout': 0.025418701510925543, 'L1_out_dim': 64, 'L2_hidden_dim': 208, 'L2_layers_atom': 4, 'L2_layers_mol': 1, 'L2_out_dim': 32, 'L2_dropout': 0.06791441751697111, 'L3_hidden_dim': 96, 'L3_layers_atom': 1, 'L3_layers_mol': 3, 'L3_out_dim': 80, 'L3_dropout': 0.29278789615241896, 'n_mlp_layers': 1, 'mlp_dim_0': 480, 'num_heads': 2, 'final_dropout': 0.026457033326262785, 'train_learning_rate': 0.002133140289439762, 'train_lr_reduce': 0.6}. Best is trial 570 with value: 0.00952998548746109.
[I 2024-12-25 02:43:39,698] Trial 1062 finished with value: 0.01062835194170475 and parameters: {'L1_hidden_dim': 224, 'L1_layers_atom': 1, 'L1_layers_mol': 4, 'L1_dropout': 0.023479732496866013, 'L1_out_dim': 80, 'L2_hidden_dim': 192, 'L2_layers_atom': 3, 'L2_layers_mol': 2, 'L2_out_dim': 48, 'L2_dropout': 0.009369081026219103, 'L3_hidden_dim': 48, 'L3_layers_atom': 2, 'L3_layers_mol': 4, 'L3_out_dim': 64, 'L3_dropout': 0.2937264547048079, 'n_mlp_layers': 2, 'mlp_dim_0': 328, 'mlp_dim_1': 216, 'num_heads': 2, 'final_dropout': 0.010062283868887786, 'train_learning_rate': 0.0003862845548264206, 'train_lr_reduce': 0.6}. Best is trial 570 with value: 0.00952998548746109.
[I 2024-12-25 02:44:00,714] Trial 1064 finished with value: 0.013590495102107525 and parameters: {'L1_hidden_dim': 192, 'L1_layers_atom': 1, 'L1_layers_mol': 4, 'L1_dropout': 0.051956900494439906, 'L1_out_dim': 48, 'L2_hidden_dim': 240, 'L2_layers_atom': 3, 'L2_layers_mol': 1, 'L2_out_dim': 64, 'L2_dropout': 0.1468644097940003, 'L3_hidden_dim': 80, 'L3_layers_atom': 1, 'L3_layers_mol': 4, 'L3_out_dim': 80, 'L3_dropout': 0.23902225842500227, 'n_mlp_layers': 1, 'mlp_dim_0': 464, 'num_heads': 2, 'final_dropout': 0.10145852318689805, 'train_learning_rate': 0.0007687578028161931, 'train_lr_reduce': 0.6}. Best is trial 570 with value: 0.00952998548746109.
[I 2024-12-25 02:44:53,716] Trial 1066 finished with value: 0.011942260898649693 and parameters: {'L1_hidden_dim': 160, 'L1_layers_atom': 2, 'L1_layers_mol': 3, 'L1_dropout': 0.005725141823231114, 'L1_out_dim': 32, 'L2_hidden_dim': 208, 'L2_layers_atom': 3, 'L2_layers_mol': 2, 'L2_out_dim': 32, 'L2_dropout': 0.017787739812451644, 'L3_hidden_dim': 32, 'L3_layers_atom': 4, 'L3_layers_mol': 1, 'L3_out_dim': 128, 'L3_dropout': 0.2763849800856487, 'n_mlp_layers': 1, 'mlp_dim_0': 248, 'num_heads': 1, 'final_dropout': 0.07715743194782523, 'train_learning_rate': 0.0026322707933234013, 'train_lr_reduce': 0.6}. Best is trial 570 with value: 0.00952998548746109.
[I 2024-12-25 02:45:34,083] Trial 1065 finished with value: 0.011424711905419827 and parameters: {'L1_hidden_dim': 192, 'L1_layers_atom': 3, 'L1_layers_mol': 4, 'L1_dropout': 0.04787072626878944, 'L1_out_dim': 32, 'L2_hidden_dim': 96, 'L2_layers_atom': 3, 'L2_layers_mol': 1, 'L2_out_dim': 48, 'L2_dropout': 0.02550796180258554, 'L3_hidden_dim': 112, 'L3_layers_atom': 3, 'L3_layers_mol': 1, 'L3_out_dim': 128, 'L3_dropout': 0.2641590366514128, 'n_mlp_layers': 1, 'mlp_dim_0': 512, 'num_heads': 2, 'final_dropout': 0.16748677405612886, 'train_learning_rate': 0.0013711535607299522, 'train_lr_reduce': 0.6}. Best is trial 570 with value: 0.00952998548746109.
[I 2024-12-25 02:46:13,177] Trial 1067 finished with value: 0.011642095632851124 and parameters: {'L1_hidden_dim': 64, 'L1_layers_atom': 3, 'L1_layers_mol': 3, 'L1_dropout': 0.17587447557171387, 'L1_out_dim': 48, 'L2_hidden_dim': 176, 'L2_layers_atom': 4, 'L2_layers_mol': 4, 'L2_out_dim': 96, 'L2_dropout': 0.28841616030726275, 'L3_hidden_dim': 64, 'L3_layers_atom': 1, 'L3_layers_mol': 1, 'L3_out_dim': 96, 'L3_dropout': 0.03374679697978822, 'n_mlp_layers': 3, 'mlp_dim_0': 272, 'mlp_dim_1': 64, 'mlp_dim_2': 112, 'num_heads': 1, 'final_dropout': 0.26997087686888727, 'train_learning_rate': 0.001073728662658353, 'train_lr_reduce': 0.6}. Best is trial 570 with value: 0.00952998548746109.
[I 2024-12-25 02:47:14,352] Trial 1068 finished with value: 0.01280003972351551 and parameters: {'L1_hidden_dim': 224, 'L1_layers_atom': 3, 'L1_layers_mol': 2, 'L1_dropout': 0.08151935842761993, 'L1_out_dim': 112, 'L2_hidden_dim': 192, 'L2_layers_atom': 3, 'L2_layers_mol': 1, 'L2_out_dim': 32, 'L2_dropout': 0.054404094941076175, 'L3_hidden_dim': 80, 'L3_layers_atom': 2, 'L3_layers_mol': 4, 'L3_out_dim': 80, 'L3_dropout': 0.2588133490955569, 'n_mlp_layers': 1, 'mlp_dim_0': 488, 'num_heads': 2, 'final_dropout': 0.02807364016386875, 'train_learning_rate': 0.0004060610631666583, 'train_lr_reduce': 0.6}. Best is trial 570 with value: 0.00952998548746109.
[I 2024-12-25 02:48:01,871] Trial 1069 finished with value: 0.0120239881798625 and parameters: {'L1_hidden_dim': 160, 'L1_layers_atom': 2, 'L1_layers_mol': 4, 'L1_dropout': 0.10966319521397229, 'L1_out_dim': 32, 'L2_hidden_dim': 224, 'L2_layers_atom': 3, 'L2_layers_mol': 1, 'L2_out_dim': 32, 'L2_dropout': 0.003378750652274373, 'L3_hidden_dim': 64, 'L3_layers_atom': 1, 'L3_layers_mol': 1, 'L3_out_dim': 48, 'L3_dropout': 0.2744568038145346, 'n_mlp_layers': 1, 'mlp_dim_0': 304, 'num_heads': 2, 'final_dropout': 0.08497907765662517, 'train_learning_rate': 0.0003945144354207765, 'train_lr_reduce': 0.6}. Best is trial 570 with value: 0.00952998548746109.
[I 2024-12-25 02:48:56,057] Trial 1070 finished with value: 0.01120069995522499 and parameters: {'L1_hidden_dim': 192, 'L1_layers_atom': 4, 'L1_layers_mol': 3, 'L1_dropout': 0.061408560332344514, 'L1_out_dim': 48, 'L2_hidden_dim': 224, 'L2_layers_atom': 3, 'L2_layers_mol': 1, 'L2_out_dim': 80, 'L2_dropout': 0.08875933018753057, 'L3_hidden_dim': 112, 'L3_layers_atom': 3, 'L3_layers_mol': 3, 'L3_out_dim': 128, 'L3_dropout': 0.16430388775324628, 'n_mlp_layers': 3, 'mlp_dim_0': 280, 'mlp_dim_1': 232, 'mlp_dim_2': 72, 'num_heads': 2, 'final_dropout': 0.23162320102688694, 'train_learning_rate': 0.0010226557064769433, 'train_lr_reduce': 0.6}. Best is trial 570 with value: 0.00952998548746109.
[I 2024-12-25 02:49:28,035] Trial 1071 finished with value: 0.010829106904566288 and parameters: {'L1_hidden_dim': 256, 'L1_layers_atom': 3, 'L1_layers_mol': 4, 'L1_dropout': 0.04752161835456914, 'L1_out_dim': 32, 'L2_hidden_dim': 176, 'L2_layers_atom': 4, 'L2_layers_mol': 1, 'L2_out_dim': 48, 'L2_dropout': 0.022801301491190536, 'L3_hidden_dim': 128, 'L3_layers_atom': 4, 'L3_layers_mol': 1, 'L3_out_dim': 96, 'L3_dropout': 0.25069787021267964, 'n_mlp_layers': 1, 'mlp_dim_0': 336, 'num_heads': 1, 'final_dropout': 0.09133338184849159, 'train_learning_rate': 0.0006826622106331802, 'train_lr_reduce': 0.6}. Best is trial 570 with value: 0.00952998548746109.
[I 2024-12-25 02:50:39,419] Trial 1072 finished with value: 0.012247721664607525 and parameters: {'L1_hidden_dim': 208, 'L1_layers_atom': 2, 'L1_layers_mol': 4, 'L1_dropout': 0.03455128615594398, 'L1_out_dim': 64, 'L2_hidden_dim': 224, 'L2_layers_atom': 3, 'L2_layers_mol': 2, 'L2_out_dim': 32, 'L2_dropout': 0.0531377136981496, 'L3_hidden_dim': 80, 'L3_layers_atom': 1, 'L3_layers_mol': 3, 'L3_out_dim': 64, 'L3_dropout': 0.26092278688057124, 'n_mlp_layers': 1, 'mlp_dim_0': 456, 'num_heads': 2, 'final_dropout': 0.07082185509404444, 'train_learning_rate': 0.0002659877881769494, 'train_lr_reduce': 0.6}. Best is trial 570 with value: 0.00952998548746109.
[I 2024-12-25 02:51:46,357] Trial 1074 finished with value: 0.01423391979187727 and parameters: {'L1_hidden_dim': 192, 'L1_layers_atom': 2, 'L1_layers_mol': 4, 'L1_dropout': 0.10132657925631047, 'L1_out_dim': 80, 'L2_hidden_dim': 224, 'L2_layers_atom': 3, 'L2_layers_mol': 4, 'L2_out_dim': 80, 'L2_dropout': 0.15754930806087084, 'L3_hidden_dim': 48, 'L3_layers_atom': 3, 'L3_layers_mol': 1, 'L3_out_dim': 64, 'L3_dropout': 0.28082614253034643, 'n_mlp_layers': 3, 'mlp_dim_0': 192, 'mlp_dim_1': 416, 'mlp_dim_2': 120, 'num_heads': 2, 'final_dropout': 0.24812258577010363, 'train_learning_rate': 0.005297195804090491, 'train_lr_reduce': 0.6}. Best is trial 570 with value: 0.00952998548746109.
[I 2024-12-25 02:52:10,298] Trial 1073 finished with value: 0.010527756996452808 and parameters: {'L1_hidden_dim': 192, 'L1_layers_atom': 2, 'L1_layers_mol': 4, 'L1_dropout': 0.05485275787994898, 'L1_out_dim': 48, 'L2_hidden_dim': 208, 'L2_layers_atom': 3, 'L2_layers_mol': 2, 'L2_out_dim': 32, 'L2_dropout': 0.07939866617278812, 'L3_hidden_dim': 48, 'L3_layers_atom': 2, 'L3_layers_mol': 4, 'L3_out_dim': 64, 'L3_dropout': 0.18430012491549713, 'n_mlp_layers': 1, 'mlp_dim_0': 280, 'num_heads': 2, 'final_dropout': 0.07616783417202576, 'train_learning_rate': 0.0008556147131051464, 'train_lr_reduce': 0.6}. Best is trial 570 with value: 0.00952998548746109.
[I 2024-12-25 02:54:13,967] Trial 1075 finished with value: 0.011192359030246735 and parameters: {'L1_hidden_dim': 192, 'L1_layers_atom': 2, 'L1_layers_mol': 3, 'L1_dropout': 0.012961150198822498, 'L1_out_dim': 80, 'L2_hidden_dim': 192, 'L2_layers_atom': 4, 'L2_layers_mol': 1, 'L2_out_dim': 32, 'L2_dropout': 0.05231707225390401, 'L3_hidden_dim': 48, 'L3_layers_atom': 1, 'L3_layers_mol': 4, 'L3_out_dim': 80, 'L3_dropout': 0.20001689295832348, 'n_mlp_layers': 1, 'mlp_dim_0': 400, 'num_heads': 2, 'final_dropout': 0.10547176225228748, 'train_learning_rate': 0.00031121495269317503, 'train_lr_reduce': 0.6}. Best is trial 570 with value: 0.00952998548746109.
[I 2024-12-25 02:54:27,859] Trial 1077 finished with value: 0.015790410339832306 and parameters: {'L1_hidden_dim': 176, 'L1_layers_atom': 3, 'L1_layers_mol': 4, 'L1_dropout': 0.019831356037731902, 'L1_out_dim': 32, 'L2_hidden_dim': 128, 'L2_layers_atom': 4, 'L2_layers_mol': 1, 'L2_out_dim': 32, 'L2_dropout': 0.09326341924470989, 'L3_hidden_dim': 128, 'L3_layers_atom': 4, 'L3_layers_mol': 1, 'L3_out_dim': 128, 'L3_dropout': 0.15015298072755567, 'n_mlp_layers': 1, 'mlp_dim_0': 336, 'num_heads': 1, 'final_dropout': 0.09635359014170927, 'train_learning_rate': 0.00023642790596324154, 'train_lr_reduce': 0.6}. Best is trial 570 with value: 0.00952998548746109.
[I 2024-12-25 02:55:09,093] Trial 1076 finished with value: 0.011782288551330566 and parameters: {'L1_hidden_dim': 96, 'L1_layers_atom': 1, 'L1_layers_mol': 3, 'L1_dropout': 0.007613152219516525, 'L1_out_dim': 112, 'L2_hidden_dim': 144, 'L2_layers_atom': 4, 'L2_layers_mol': 1, 'L2_out_dim': 128, 'L2_dropout': 0.017432772187363353, 'L3_hidden_dim': 80, 'L3_layers_atom': 2, 'L3_layers_mol': 3, 'L3_out_dim': 48, 'L3_dropout': 0.1945588865632027, 'n_mlp_layers': 2, 'mlp_dim_0': 480, 'mlp_dim_1': 32, 'num_heads': 2, 'final_dropout': 0.10517130083969407, 'train_learning_rate': 0.0001271818737815252, 'train_lr_reduce': 0.6}. Best is trial 570 with value: 0.00952998548746109.
[I 2024-12-25 02:56:28,062] Trial 1078 finished with value: 0.01623394899070263 and parameters: {'L1_hidden_dim': 96, 'L1_layers_atom': 1, 'L1_layers_mol': 4, 'L1_dropout': 0.03895142637426554, 'L1_out_dim': 64, 'L2_hidden_dim': 112, 'L2_layers_atom': 4, 'L2_layers_mol': 3, 'L2_out_dim': 96, 'L2_dropout': 0.04521652939893388, 'L3_hidden_dim': 80, 'L3_layers_atom': 4, 'L3_layers_mol': 3, 'L3_out_dim': 48, 'L3_dropout': 0.17770104365659753, 'n_mlp_layers': 3, 'mlp_dim_0': 488, 'mlp_dim_1': 232, 'mlp_dim_2': 120, 'num_heads': 1, 'final_dropout': 0.091847347111333, 'train_learning_rate': 0.0003477370939552335, 'train_lr_reduce': 0.6}. Best is trial 570 with value: 0.00952998548746109.
[I 2024-12-25 02:56:35,986] Trial 1079 finished with value: 0.010123291984200478 and parameters: {'L1_hidden_dim': 256, 'L1_layers_atom': 3, 'L1_layers_mol': 3, 'L1_dropout': 0.02014980577664879, 'L1_out_dim': 64, 'L2_hidden_dim': 144, 'L2_layers_atom': 4, 'L2_layers_mol': 1, 'L2_out_dim': 48, 'L2_dropout': 0.023571462634711004, 'L3_hidden_dim': 96, 'L3_layers_atom': 4, 'L3_layers_mol': 1, 'L3_out_dim': 128, 'L3_dropout': 0.26960297229695884, 'n_mlp_layers': 1, 'mlp_dim_0': 336, 'num_heads': 1, 'final_dropout': 0.0032526019728739003, 'train_learning_rate': 0.0005497908087141583, 'train_lr_reduce': 0.6}. Best is trial 570 with value: 0.00952998548746109.
[I 2024-12-25 02:58:36,241] Trial 1080 finished with value: 0.01359843835234642 and parameters: {'L1_hidden_dim': 128, 'L1_layers_atom': 3, 'L1_layers_mol': 4, 'L1_dropout': 0.004488476712558426, 'L1_out_dim': 32, 'L2_hidden_dim': 128, 'L2_layers_atom': 4, 'L2_layers_mol': 1, 'L2_out_dim': 80, 'L2_dropout': 0.13317852962085192, 'L3_hidden_dim': 48, 'L3_layers_atom': 4, 'L3_layers_mol': 1, 'L3_out_dim': 128, 'L3_dropout': 0.2721658881242796, 'n_mlp_layers': 1, 'mlp_dim_0': 384, 'num_heads': 2, 'final_dropout': 0.12317671865498715, 'train_learning_rate': 0.00022466166535340393, 'train_lr_reduce': 0.6}. Best is trial 570 with value: 0.00952998548746109.
[I 2024-12-25 02:58:46,109] Trial 1081 finished with value: 0.01220852043479681 and parameters: {'L1_hidden_dim': 256, 'L1_layers_atom': 2, 'L1_layers_mol': 4, 'L1_dropout': 0.042202251014631056, 'L1_out_dim': 128, 'L2_hidden_dim': 176, 'L2_layers_atom': 4, 'L2_layers_mol': 4, 'L2_out_dim': 32, 'L2_dropout': 0.08026256660505586, 'L3_hidden_dim': 80, 'L3_layers_atom': 3, 'L3_layers_mol': 2, 'L3_out_dim': 128, 'L3_dropout': 0.17870351043207852, 'n_mlp_layers': 3, 'mlp_dim_0': 152, 'mlp_dim_1': 72, 'mlp_dim_2': 64, 'num_heads': 2, 'final_dropout': 0.1684800447775005, 'train_learning_rate': 0.0057471129116278405, 'train_lr_reduce': 0.6}. Best is trial 570 with value: 0.00952998548746109.
[I 2024-12-25 03:00:03,701] Trial 1082 finished with value: 0.010502119548618793 and parameters: {'L1_hidden_dim': 208, 'L1_layers_atom': 2, 'L1_layers_mol': 4, 'L1_dropout': 0.05565302235317815, 'L1_out_dim': 96, 'L2_hidden_dim': 192, 'L2_layers_atom': 4, 'L2_layers_mol': 1, 'L2_out_dim': 32, 'L2_dropout': 0.08845145099435281, 'L3_hidden_dim': 96, 'L3_layers_atom': 1, 'L3_layers_mol': 4, 'L3_out_dim': 80, 'L3_dropout': 0.24763751358891783, 'n_mlp_layers': 1, 'mlp_dim_0': 360, 'num_heads': 2, 'final_dropout': 0.07060703306184253, 'train_learning_rate': 0.0004514864695653189, 'train_lr_reduce': 0.6}. Best is trial 570 with value: 0.00952998548746109.
[I 2024-12-25 03:01:09,120] Trial 1083 finished with value: 0.011360744014382362 and parameters: {'L1_hidden_dim': 256, 'L1_layers_atom': 3, 'L1_layers_mol': 4, 'L1_dropout': 0.04010513115184271, 'L1_out_dim': 80, 'L2_hidden_dim': 144, 'L2_layers_atom': 3, 'L2_layers_mol': 1, 'L2_out_dim': 32, 'L2_dropout': 0.06361174956192696, 'L3_hidden_dim': 96, 'L3_layers_atom': 4, 'L3_layers_mol': 1, 'L3_out_dim': 128, 'L3_dropout': 0.28959529217224955, 'n_mlp_layers': 1, 'mlp_dim_0': 288, 'num_heads': 1, 'final_dropout': 0.09337285770819143, 'train_learning_rate': 0.00036805300291826884, 'train_lr_reduce': 0.6}. Best is trial 570 with value: 0.00952998548746109.
[I 2024-12-25 03:01:29,949] Trial 1084 finished with value: 0.010264543816447258 and parameters: {'L1_hidden_dim': 192, 'L1_layers_atom': 2, 'L1_layers_mol': 4, 'L1_dropout': 0.003809479730949729, 'L1_out_dim': 64, 'L2_hidden_dim': 224, 'L2_layers_atom': 3, 'L2_layers_mol': 1, 'L2_out_dim': 48, 'L2_dropout': 0.08867807624201673, 'L3_hidden_dim': 48, 'L3_layers_atom': 2, 'L3_layers_mol': 2, 'L3_out_dim': 64, 'L3_dropout': 0.2736961505761686, 'n_mlp_layers': 1, 'mlp_dim_0': 336, 'num_heads': 2, 'final_dropout': 0.07258990169824892, 'train_learning_rate': 0.0006914280498445533, 'train_lr_reduce': 0.6}. Best is trial 570 with value: 0.00952998548746109.
[I 2024-12-25 03:02:30,022] Trial 1086 finished with value: 0.017197418957948685 and parameters: {'L1_hidden_dim': 256, 'L1_layers_atom': 3, 'L1_layers_mol': 3, 'L1_dropout': 0.009704153445631315, 'L1_out_dim': 48, 'L2_hidden_dim': 240, 'L2_layers_atom': 4, 'L2_layers_mol': 1, 'L2_out_dim': 32, 'L2_dropout': 0.22420478675070707, 'L3_hidden_dim': 112, 'L3_layers_atom': 4, 'L3_layers_mol': 3, 'L3_out_dim': 96, 'L3_dropout': 0.282544897265628, 'n_mlp_layers': 3, 'mlp_dim_0': 240, 'mlp_dim_1': 32, 'mlp_dim_2': 144, 'num_heads': 2, 'final_dropout': 0.009760435540864948, 'train_learning_rate': 0.0008248628225400916, 'train_lr_reduce': 0.6}. Best is trial 570 with value: 0.00952998548746109.
[I 2024-12-25 03:03:09,985] Trial 1085 finished with value: 0.011161231435835361 and parameters: {'L1_hidden_dim': 224, 'L1_layers_atom': 2, 'L1_layers_mol': 4, 'L1_dropout': 0.1716298364449838, 'L1_out_dim': 80, 'L2_hidden_dim': 224, 'L2_layers_atom': 3, 'L2_layers_mol': 1, 'L2_out_dim': 32, 'L2_dropout': 0.014094929470065635, 'L3_hidden_dim': 64, 'L3_layers_atom': 3, 'L3_layers_mol': 3, 'L3_out_dim': 80, 'L3_dropout': 0.23036694968304758, 'n_mlp_layers': 1, 'mlp_dim_0': 384, 'num_heads': 2, 'final_dropout': 0.12881304512479058, 'train_learning_rate': 0.00034011872171098534, 'train_lr_reduce': 0.6}. Best is trial 570 with value: 0.00952998548746109.
[I 2024-12-25 03:03:29,987] Trial 1087 finished with value: 0.01259580347687006 and parameters: {'L1_hidden_dim': 208, 'L1_layers_atom': 3, 'L1_layers_mol': 3, 'L1_dropout': 0.030979598881542184, 'L1_out_dim': 64, 'L2_hidden_dim': 240, 'L2_layers_atom': 2, 'L2_layers_mol': 1, 'L2_out_dim': 48, 'L2_dropout': 0.040749433142347344, 'L3_hidden_dim': 32, 'L3_layers_atom': 3, 'L3_layers_mol': 2, 'L3_out_dim': 64, 'L3_dropout': 0.2445554142919273, 'n_mlp_layers': 1, 'mlp_dim_0': 296, 'num_heads': 1, 'final_dropout': 0.07381825343746495, 'train_learning_rate': 0.0003414092151047273, 'train_lr_reduce': 0.6}. Best is trial 570 with value: 0.00952998548746109.
[I 2024-12-25 03:04:58,744] Trial 1088 finished with value: 0.011176551692187786 and parameters: {'L1_hidden_dim': 240, 'L1_layers_atom': 3, 'L1_layers_mol': 1, 'L1_dropout': 0.02273852262820919, 'L1_out_dim': 80, 'L2_hidden_dim': 144, 'L2_layers_atom': 4, 'L2_layers_mol': 1, 'L2_out_dim': 48, 'L2_dropout': 0.0115422984900952, 'L3_hidden_dim': 80, 'L3_layers_atom': 4, 'L3_layers_mol': 1, 'L3_out_dim': 128, 'L3_dropout': 0.26882283567663995, 'n_mlp_layers': 2, 'mlp_dim_0': 408, 'mlp_dim_1': 32, 'num_heads': 1, 'final_dropout': 0.0750723956280179, 'train_learning_rate': 0.0008664995062622062, 'train_lr_reduce': 0.6}. Best is trial 570 with value: 0.00952998548746109.
[I 2024-12-25 03:05:35,895] Trial 1089 finished with value: 0.0115258963778615 and parameters: {'L1_hidden_dim': 224, 'L1_layers_atom': 3, 'L1_layers_mol': 4, 'L1_dropout': 0.04217822869609392, 'L1_out_dim': 64, 'L2_hidden_dim': 256, 'L2_layers_atom': 3, 'L2_layers_mol': 2, 'L2_out_dim': 64, 'L2_dropout': 0.01818086569895351, 'L3_hidden_dim': 80, 'L3_layers_atom': 2, 'L3_layers_mol': 1, 'L3_out_dim': 48, 'L3_dropout': 0.27772644694489024, 'n_mlp_layers': 2, 'mlp_dim_0': 160, 'mlp_dim_1': 72, 'num_heads': 2, 'final_dropout': 0.09074384312820909, 'train_learning_rate': 0.0008858882762772187, 'train_lr_reduce': 0.6}. Best is trial 570 with value: 0.00952998548746109.
[I 2024-12-25 03:05:57,861] Trial 1090 finished with value: 0.011219938285648823 and parameters: {'L1_hidden_dim': 240, 'L1_layers_atom': 4, 'L1_layers_mol': 2, 'L1_dropout': 0.007350776941288171, 'L1_out_dim': 64, 'L2_hidden_dim': 144, 'L2_layers_atom': 3, 'L2_layers_mol': 1, 'L2_out_dim': 80, 'L2_dropout': 0.15404487688572704, 'L3_hidden_dim': 80, 'L3_layers_atom': 1, 'L3_layers_mol': 4, 'L3_out_dim': 80, 'L3_dropout': 0.2979792816998489, 'n_mlp_layers': 1, 'mlp_dim_0': 496, 'num_heads': 2, 'final_dropout': 0.13060198145519336, 'train_learning_rate': 0.00039090594994377575, 'train_lr_reduce': 0.6}. Best is trial 570 with value: 0.00952998548746109.
