[I 2024-12-26 05:57:49,880] Trial 1296 finished with value: 0.01154096145182848 and parameters: {'L1_hidden_dim': 192, 'L1_layers_atom': 4, 'L1_layers_mol': 4, 'L1_dropout': 0.06325803770896565, 'L1_out_dim': 64, 'L2_hidden_dim': 160, 'L2_layers_atom': 1, 'L2_layers_mol': 1, 'L2_out_dim': 128, 'L2_dropout': 0.15113151494340055, 'L3_hidden_dim': 80, 'L3_layers_atom': 4, 'L3_layers_mol': 1, 'L3_out_dim': 96, 'L3_dropout': 0.06896603230529916, 'n_mlp_layers': 3, 'mlp_dim_0': 448, 'mlp_dim_1': 464, 'mlp_dim_2': 288, 'num_heads': 2, 'final_dropout': 0.055290898808153625, 'train_learning_rate': 0.0006246029230816749, 'train_lr_reduce': 0.6}. Best is trial 1073 with value: 0.009419886395335197.
[I 2024-12-26 05:58:41,974] Trial 1297 finished with value: 0.018919214606285095 and parameters: {'L1_hidden_dim': 112, 'L1_layers_atom': 3, 'L1_layers_mol': 4, 'L1_dropout': 0.023417803528233257, 'L1_out_dim': 112, 'L2_hidden_dim': 192, 'L2_layers_atom': 1, 'L2_layers_mol': 4, 'L2_out_dim': 32, 'L2_dropout': 0.07989823382681588, 'L3_hidden_dim': 32, 'L3_layers_atom': 3, 'L3_layers_mol': 1, 'L3_out_dim': 128, 'L3_dropout': 0.10783818213316554, 'n_mlp_layers': 3, 'mlp_dim_0': 40, 'mlp_dim_1': 432, 'mlp_dim_2': 264, 'num_heads': 1, 'final_dropout': 0.22317933821065838, 'train_learning_rate': 0.00026133608182774627, 'train_lr_reduce': 0.6}. Best is trial 1073 with value: 0.009419886395335197.
[I 2024-12-26 06:00:07,501] Trial 1298 finished with value: 0.010589816607534885 and parameters: {'L1_hidden_dim': 192, 'L1_layers_atom': 4, 'L1_layers_mol': 4, 'L1_dropout': 0.020687566155107077, 'L1_out_dim': 112, 'L2_hidden_dim': 224, 'L2_layers_atom': 1, 'L2_layers_mol': 4, 'L2_out_dim': 64, 'L2_dropout': 0.0003132704894959759, 'L3_hidden_dim': 48, 'L3_layers_atom': 4, 'L3_layers_mol': 1, 'L3_out_dim': 128, 'L3_dropout': 0.07939508616143733, 'n_mlp_layers': 3, 'mlp_dim_0': 240, 'mlp_dim_1': 392, 'mlp_dim_2': 264, 'num_heads': 2, 'final_dropout': 0.1699256107002025, 'train_learning_rate': 0.000507027385938474, 'train_lr_reduce': 0.6}. Best is trial 1073 with value: 0.009419886395335197.
[I 2024-12-26 06:00:58,314] Trial 1299 finished with value: 0.010409869253635406 and parameters: {'L1_hidden_dim': 112, 'L1_layers_atom': 2, 'L1_layers_mol': 4, 'L1_dropout': 0.11249210258945776, 'L1_out_dim': 128, 'L2_hidden_dim': 224, 'L2_layers_atom': 1, 'L2_layers_mol': 2, 'L2_out_dim': 80, 'L2_dropout': 0.08179711846355109, 'L3_hidden_dim': 112, 'L3_layers_atom': 4, 'L3_layers_mol': 2, 'L3_out_dim': 128, 'L3_dropout': 0.09630050944963, 'n_mlp_layers': 2, 'mlp_dim_0': 392, 'mlp_dim_1': 480, 'num_heads': 2, 'final_dropout': 0.17141776881838294, 'train_learning_rate': 0.00032386193208690884, 'train_lr_reduce': 0.6}. Best is trial 1073 with value: 0.009419886395335197.
[I 2024-12-26 06:01:21,941] Trial 1300 finished with value: 0.014098750427365303 and parameters: {'L1_hidden_dim': 112, 'L1_layers_atom': 2, 'L1_layers_mol': 4, 'L1_dropout': 0.01641944222374654, 'L1_out_dim': 112, 'L2_hidden_dim': 240, 'L2_layers_atom': 2, 'L2_layers_mol': 4, 'L2_out_dim': 64, 'L2_dropout': 0.05544531877931075, 'L3_hidden_dim': 32, 'L3_layers_atom': 4, 'L3_layers_mol': 1, 'L3_out_dim': 96, 'L3_dropout': 0.05206940515153491, 'n_mlp_layers': 2, 'mlp_dim_0': 48, 'mlp_dim_1': 384, 'num_heads': 2, 'final_dropout': 0.1001405161552871, 'train_learning_rate': 0.0003012542386066972, 'train_lr_reduce': 0.6}. Best is trial 1073 with value: 0.009419886395335197.
[I 2024-12-26 06:02:50,430] Trial 1301 finished with value: 0.010096333920955658 and parameters: {'L1_hidden_dim': 80, 'L1_layers_atom': 2, 'L1_layers_mol': 3, 'L1_dropout': 0.04669555308088177, 'L1_out_dim': 96, 'L2_hidden_dim': 224, 'L2_layers_atom': 1, 'L2_layers_mol': 4, 'L2_out_dim': 128, 'L2_dropout': 0.010808270193664257, 'L3_hidden_dim': 112, 'L3_layers_atom': 4, 'L3_layers_mol': 1, 'L3_out_dim': 128, 'L3_dropout': 0.0008762873150993944, 'n_mlp_layers': 3, 'mlp_dim_0': 312, 'mlp_dim_1': 448, 'mlp_dim_2': 312, 'num_heads': 2, 'final_dropout': 0.09038588710418914, 'train_learning_rate': 0.00022515135316673185, 'train_lr_reduce': 0.6}. Best is trial 1073 with value: 0.009419886395335197.
[I 2024-12-26 06:03:06,008] Trial 1302 finished with value: 0.019822506234049797 and parameters: {'L1_hidden_dim': 176, 'L1_layers_atom': 2, 'L1_layers_mol': 4, 'L1_dropout': 0.12615761166712613, 'L1_out_dim': 96, 'L2_hidden_dim': 224, 'L2_layers_atom': 2, 'L2_layers_mol': 3, 'L2_out_dim': 96, 'L2_dropout': 0.1448879565471947, 'L3_hidden_dim': 112, 'L3_layers_atom': 3, 'L3_layers_mol': 2, 'L3_out_dim': 112, 'L3_dropout': 0.15838123788515007, 'n_mlp_layers': 2, 'mlp_dim_0': 272, 'mlp_dim_1': 512, 'num_heads': 1, 'final_dropout': 0.06947064434987656, 'train_learning_rate': 0.0006041520335541608, 'train_lr_reduce': 0.6}. Best is trial 1073 with value: 0.009419886395335197.
[I 2024-12-26 06:04:21,988] Trial 1303 finished with value: 0.014037624932825565 and parameters: {'L1_hidden_dim': 96, 'L1_layers_atom': 4, 'L1_layers_mol': 4, 'L1_dropout': 0.03463006731198199, 'L1_out_dim': 80, 'L2_hidden_dim': 240, 'L2_layers_atom': 2, 'L2_layers_mol': 4, 'L2_out_dim': 96, 'L2_dropout': 0.020501508706503482, 'L3_hidden_dim': 48, 'L3_layers_atom': 4, 'L3_layers_mol': 1, 'L3_out_dim': 128, 'L3_dropout': 0.052418340850580336, 'n_mlp_layers': 3, 'mlp_dim_0': 32, 'mlp_dim_1': 512, 'mlp_dim_2': 248, 'num_heads': 2, 'final_dropout': 0.09957762702383566, 'train_learning_rate': 0.0001995297060288043, 'train_lr_reduce': 0.6}. Best is trial 1073 with value: 0.009419886395335197.
[I 2024-12-26 06:05:12,256] Trial 1304 finished with value: 0.02263386733829975 and parameters: {'L1_hidden_dim': 96, 'L1_layers_atom': 2, 'L1_layers_mol': 4, 'L1_dropout': 0.0460713869362599, 'L1_out_dim': 96, 'L2_hidden_dim': 176, 'L2_layers_atom': 2, 'L2_layers_mol': 4, 'L2_out_dim': 128, 'L2_dropout': 0.0588101649513955, 'L3_hidden_dim': 128, 'L3_layers_atom': 4, 'L3_layers_mol': 1, 'L3_out_dim': 128, 'L3_dropout': 0.012220606415446889, 'n_mlp_layers': 3, 'mlp_dim_0': 240, 'mlp_dim_1': 472, 'mlp_dim_2': 376, 'num_heads': 1, 'final_dropout': 0.015645097104612454, 'train_learning_rate': 0.0004006535975164471, 'train_lr_reduce': 0.6}. Best is trial 1073 with value: 0.009419886395335197.
[I 2024-12-26 06:06:05,675] Trial 1305 finished with value: 0.010275439359247684 and parameters: {'L1_hidden_dim': 112, 'L1_layers_atom': 3, 'L1_layers_mol': 4, 'L1_dropout': 0.09258963590617639, 'L1_out_dim': 96, 'L2_hidden_dim': 224, 'L2_layers_atom': 1, 'L2_layers_mol': 3, 'L2_out_dim': 112, 'L2_dropout': 0.02550901120211214, 'L3_hidden_dim': 112, 'L3_layers_atom': 4, 'L3_layers_mol': 1, 'L3_out_dim': 128, 'L3_dropout': 0.09417433151582609, 'n_mlp_layers': 3, 'mlp_dim_0': 120, 'mlp_dim_1': 456, 'mlp_dim_2': 336, 'num_heads': 2, 'final_dropout': 0.0636369353762115, 'train_learning_rate': 0.0003001823492948952, 'train_lr_reduce': 0.6}. Best is trial 1073 with value: 0.009419886395335197.
[I 2024-12-26 06:07:05,950] Trial 1306 finished with value: 0.011630606837570667 and parameters: {'L1_hidden_dim': 80, 'L1_layers_atom': 2, 'L1_layers_mol': 4, 'L1_dropout': 0.11751628448331061, 'L1_out_dim': 96, 'L2_hidden_dim': 240, 'L2_layers_atom': 1, 'L2_layers_mol': 4, 'L2_out_dim': 128, 'L2_dropout': 0.0003395086100921041, 'L3_hidden_dim': 112, 'L3_layers_atom': 4, 'L3_layers_mol': 2, 'L3_out_dim': 128, 'L3_dropout': 0.02708967972232703, 'n_mlp_layers': 2, 'mlp_dim_0': 400, 'mlp_dim_1': 472, 'num_heads': 2, 'final_dropout': 0.21047069998232476, 'train_learning_rate': 0.0001448833359474568, 'train_lr_reduce': 0.6}. Best is trial 1073 with value: 0.009419886395335197.
[I 2024-12-26 06:08:25,897] Trial 1307 finished with value: 0.013078715652227402 and parameters: {'L1_hidden_dim': 112, 'L1_layers_atom': 3, 'L1_layers_mol': 2, 'L1_dropout': 0.10478172136638571, 'L1_out_dim': 96, 'L2_hidden_dim': 240, 'L2_layers_atom': 2, 'L2_layers_mol': 4, 'L2_out_dim': 128, 'L2_dropout': 0.08107241763643391, 'L3_hidden_dim': 64, 'L3_layers_atom': 4, 'L3_layers_mol': 1, 'L3_out_dim': 128, 'L3_dropout': 0.018476160210189087, 'n_mlp_layers': 3, 'mlp_dim_0': 240, 'mlp_dim_1': 472, 'mlp_dim_2': 336, 'num_heads': 2, 'final_dropout': 0.05586150771961236, 'train_learning_rate': 0.0012736119544417956, 'train_lr_reduce': 0.6}. Best is trial 1073 with value: 0.009419886395335197.
[I 2024-12-26 06:08:43,103] Trial 1308 finished with value: 0.009929824620485306 and parameters: {'L1_hidden_dim': 80, 'L1_layers_atom': 3, 'L1_layers_mol': 2, 'L1_dropout': 0.02212232148016843, 'L1_out_dim': 64, 'L2_hidden_dim': 224, 'L2_layers_atom': 1, 'L2_layers_mol': 4, 'L2_out_dim': 128, 'L2_dropout': 0.01501604877213858, 'L3_hidden_dim': 96, 'L3_layers_atom': 4, 'L3_layers_mol': 1, 'L3_out_dim': 128, 'L3_dropout': 0.03447033125631443, 'n_mlp_layers': 3, 'mlp_dim_0': 448, 'mlp_dim_1': 480, 'mlp_dim_2': 368, 'num_heads': 2, 'final_dropout': 0.06691295635830066, 'train_learning_rate': 0.0005034073198874364, 'train_lr_reduce': 0.6}. Best is trial 1073 with value: 0.009419886395335197.
[I 2024-12-26 06:10:02,737] Trial 1309 finished with value: 0.013178467750549316 and parameters: {'L1_hidden_dim': 144, 'L1_layers_atom': 3, 'L1_layers_mol': 4, 'L1_dropout': 0.05999434041910601, 'L1_out_dim': 96, 'L2_hidden_dim': 256, 'L2_layers_atom': 2, 'L2_layers_mol': 2, 'L2_out_dim': 64, 'L2_dropout': 0.04701316122233126, 'L3_hidden_dim': 64, 'L3_layers_atom': 4, 'L3_layers_mol': 2, 'L3_out_dim': 128, 'L3_dropout': 0.14637562495125572, 'n_mlp_layers': 3, 'mlp_dim_0': 192, 'mlp_dim_1': 512, 'mlp_dim_2': 320, 'num_heads': 2, 'final_dropout': 0.014913287230553546, 'train_learning_rate': 0.0001286885368136777, 'train_lr_reduce': 0.6}. Best is trial 1073 with value: 0.009419886395335197.
[I 2024-12-26 06:11:16,308] Trial 1311 finished with value: 0.009923391975462437 and parameters: {'L1_hidden_dim': 112, 'L1_layers_atom': 2, 'L1_layers_mol': 2, 'L1_dropout': 0.04603719668430353, 'L1_out_dim': 80, 'L2_hidden_dim': 208, 'L2_layers_atom': 1, 'L2_layers_mol': 4, 'L2_out_dim': 128, 'L2_dropout': 0.008575055347475992, 'L3_hidden_dim': 80, 'L3_layers_atom': 4, 'L3_layers_mol': 1, 'L3_out_dim': 128, 'L3_dropout': 0.09517250314998921, 'n_mlp_layers': 3, 'mlp_dim_0': 448, 'mlp_dim_1': 432, 'mlp_dim_2': 392, 'num_heads': 2, 'final_dropout': 0.10543178085753385, 'train_learning_rate': 0.0002289084716174584, 'train_lr_reduce': 0.6}. Best is trial 1073 with value: 0.009419886395335197.
[I 2024-12-26 06:11:31,569] Trial 1310 finished with value: 0.02193216048181057 and parameters: {'L1_hidden_dim': 112, 'L1_layers_atom': 2, 'L1_layers_mol': 4, 'L1_dropout': 0.048354682279861214, 'L1_out_dim': 64, 'L2_hidden_dim': 160, 'L2_layers_atom': 1, 'L2_layers_mol': 3, 'L2_out_dim': 112, 'L2_dropout': 0.06579356042870227, 'L3_hidden_dim': 112, 'L3_layers_atom': 4, 'L3_layers_mol': 2, 'L3_out_dim': 128, 'L3_dropout': 0.11712059427174487, 'n_mlp_layers': 3, 'mlp_dim_0': 312, 'mlp_dim_1': 464, 'mlp_dim_2': 400, 'num_heads': 2, 'final_dropout': 0.0806635014236308, 'train_learning_rate': 0.00011776694604608081, 'train_lr_reduce': 0.6}. Best is trial 1073 with value: 0.009419886395335197.
[I 2024-12-26 06:12:55,021] Trial 1312 finished with value: 0.011387252248823643 and parameters: {'L1_hidden_dim': 128, 'L1_layers_atom': 3, 'L1_layers_mol': 3, 'L1_dropout': 0.09235703033526173, 'L1_out_dim': 96, 'L2_hidden_dim': 240, 'L2_layers_atom': 1, 'L2_layers_mol': 2, 'L2_out_dim': 96, 'L2_dropout': 0.03659867382384535, 'L3_hidden_dim': 112, 'L3_layers_atom': 4, 'L3_layers_mol': 1, 'L3_out_dim': 112, 'L3_dropout': 0.13798482742138493, 'n_mlp_layers': 3, 'mlp_dim_0': 72, 'mlp_dim_1': 472, 'mlp_dim_2': 384, 'num_heads': 2, 'final_dropout': 0.1128639653434578, 'train_learning_rate': 0.0001665205848789024, 'train_lr_reduce': 0.6}. Best is trial 1073 with value: 0.009419886395335197.
[I 2024-12-26 06:12:55,556] Trial 1313 finished with value: 0.02055257372558117 and parameters: {'L1_hidden_dim': 96, 'L1_layers_atom': 4, 'L1_layers_mol': 1, 'L1_dropout': 0.053323672134679714, 'L1_out_dim': 32, 'L2_hidden_dim': 256, 'L2_layers_atom': 1, 'L2_layers_mol': 4, 'L2_out_dim': 112, 'L2_dropout': 0.013920489536566726, 'L3_hidden_dim': 96, 'L3_layers_atom': 3, 'L3_layers_mol': 2, 'L3_out_dim': 112, 'L3_dropout': 0.04772656434616696, 'n_mlp_layers': 3, 'mlp_dim_0': 464, 'mlp_dim_1': 464, 'mlp_dim_2': 424, 'num_heads': 2, 'final_dropout': 0.11219978983835328, 'train_learning_rate': 0.0013753114927567399, 'train_lr_reduce': 0.6}. Best is trial 1073 with value: 0.009419886395335197.
[I 2024-12-26 06:13:50,678] Trial 1314 finished with value: 0.011911023408174515 and parameters: {'L1_hidden_dim': 112, 'L1_layers_atom': 1, 'L1_layers_mol': 2, 'L1_dropout': 0.054680665951383996, 'L1_out_dim': 80, 'L2_hidden_dim': 224, 'L2_layers_atom': 1, 'L2_layers_mol': 4, 'L2_out_dim': 128, 'L2_dropout': 0.026992360225564435, 'L3_hidden_dim': 112, 'L3_layers_atom': 3, 'L3_layers_mol': 1, 'L3_out_dim': 128, 'L3_dropout': 0.023581485868310756, 'n_mlp_layers': 3, 'mlp_dim_0': 296, 'mlp_dim_1': 448, 'mlp_dim_2': 336, 'num_heads': 2, 'final_dropout': 0.05780721973423209, 'train_learning_rate': 0.00018616916506288404, 'train_lr_reduce': 0.6}. Best is trial 1073 with value: 0.009419886395335197.
[I 2024-12-26 06:15:44,851] Trial 1316 finished with value: 0.010624038055539131 and parameters: {'L1_hidden_dim': 64, 'L1_layers_atom': 2, 'L1_layers_mol': 3, 'L1_dropout': 0.043314177211002884, 'L1_out_dim': 112, 'L2_hidden_dim': 224, 'L2_layers_atom': 1, 'L2_layers_mol': 4, 'L2_out_dim': 128, 'L2_dropout': 0.09446809763722906, 'L3_hidden_dim': 96, 'L3_layers_atom': 4, 'L3_layers_mol': 1, 'L3_out_dim': 112, 'L3_dropout': 0.07413057934398136, 'n_mlp_layers': 3, 'mlp_dim_0': 328, 'mlp_dim_1': 440, 'mlp_dim_2': 376, 'num_heads': 2, 'final_dropout': 0.09295313983153895, 'train_learning_rate': 0.0007345923861263536, 'train_lr_reduce': 0.6}. Best is trial 1073 with value: 0.009419886395335197.
[I 2024-12-26 06:16:21,011] Trial 1317 finished with value: 0.010919006541371346 and parameters: {'L1_hidden_dim': 128, 'L1_layers_atom': 2, 'L1_layers_mol': 3, 'L1_dropout': 0.16391014985951918, 'L1_out_dim': 80, 'L2_hidden_dim': 256, 'L2_layers_atom': 1, 'L2_layers_mol': 4, 'L2_out_dim': 112, 'L2_dropout': 0.0034678506944115263, 'L3_hidden_dim': 48, 'L3_layers_atom': 4, 'L3_layers_mol': 2, 'L3_out_dim': 128, 'L3_dropout': 0.10150438748900284, 'n_mlp_layers': 3, 'mlp_dim_0': 416, 'mlp_dim_1': 440, 'mlp_dim_2': 464, 'num_heads': 2, 'final_dropout': 0.11407654826950106, 'train_learning_rate': 0.0005109673288542124, 'train_lr_reduce': 0.6}. Best is trial 1073 with value: 0.009419886395335197.
[I 2024-12-26 06:17:16,977] Trial 1315 finished with value: 0.012221422046422958 and parameters: {'L1_hidden_dim': 160, 'L1_layers_atom': 3, 'L1_layers_mol': 4, 'L1_dropout': 0.1122297929609524, 'L1_out_dim': 112, 'L2_hidden_dim': 176, 'L2_layers_atom': 1, 'L2_layers_mol': 3, 'L2_out_dim': 128, 'L2_dropout': 0.013669152493685362, 'L3_hidden_dim': 96, 'L3_layers_atom': 4, 'L3_layers_mol': 2, 'L3_out_dim': 128, 'L3_dropout': 0.07522024357322962, 'n_mlp_layers': 3, 'mlp_dim_0': 56, 'mlp_dim_1': 448, 'mlp_dim_2': 400, 'num_heads': 2, 'final_dropout': 0.08269927257369547, 'train_learning_rate': 0.00019560436536639598, 'train_lr_reduce': 0.6}. Best is trial 1073 with value: 0.009419886395335197.
[I 2024-12-26 06:17:46,573] Trial 1318 finished with value: 0.015099329873919487 and parameters: {'L1_hidden_dim': 112, 'L1_layers_atom': 3, 'L1_layers_mol': 1, 'L1_dropout': 0.14768810073862984, 'L1_out_dim': 80, 'L2_hidden_dim': 224, 'L2_layers_atom': 1, 'L2_layers_mol': 4, 'L2_out_dim': 96, 'L2_dropout': 0.057247677633970234, 'L3_hidden_dim': 128, 'L3_layers_atom': 4, 'L3_layers_mol': 1, 'L3_out_dim': 128, 'L3_dropout': 0.05447925479163908, 'n_mlp_layers': 3, 'mlp_dim_0': 440, 'mlp_dim_1': 472, 'mlp_dim_2': 424, 'num_heads': 2, 'final_dropout': 0.024614570501973985, 'train_learning_rate': 0.0006890285629404934, 'train_lr_reduce': 0.6}. Best is trial 1073 with value: 0.009419886395335197.
[I 2024-12-26 06:18:56,255] Trial 1319 finished with value: 0.015955321490764618 and parameters: {'L1_hidden_dim': 128, 'L1_layers_atom': 3, 'L1_layers_mol': 1, 'L1_dropout': 0.07663900382867932, 'L1_out_dim': 96, 'L2_hidden_dim': 192, 'L2_layers_atom': 2, 'L2_layers_mol': 4, 'L2_out_dim': 128, 'L2_dropout': 0.06194118125332741, 'L3_hidden_dim': 80, 'L3_layers_atom': 4, 'L3_layers_mol': 1, 'L3_out_dim': 112, 'L3_dropout': 0.016475267488614484, 'n_mlp_layers': 3, 'mlp_dim_0': 464, 'mlp_dim_1': 432, 'mlp_dim_2': 376, 'num_heads': 2, 'final_dropout': 0.10030572270926445, 'train_learning_rate': 0.00015684082203330449, 'train_lr_reduce': 0.6}. Best is trial 1073 with value: 0.009419886395335197.
[I 2024-12-26 06:20:08,064] Trial 1320 finished with value: 0.012052896432578564 and parameters: {'L1_hidden_dim': 80, 'L1_layers_atom': 4, 'L1_layers_mol': 4, 'L1_dropout': 0.12944959244063467, 'L1_out_dim': 112, 'L2_hidden_dim': 208, 'L2_layers_atom': 1, 'L2_layers_mol': 4, 'L2_out_dim': 128, 'L2_dropout': 0.00804485424612461, 'L3_hidden_dim': 128, 'L3_layers_atom': 3, 'L3_layers_mol': 1, 'L3_out_dim': 112, 'L3_dropout': 0.11388453084326934, 'n_mlp_layers': 3, 'mlp_dim_0': 136, 'mlp_dim_1': 448, 'mlp_dim_2': 368, 'num_heads': 2, 'final_dropout': 0.034354828241924665, 'train_learning_rate': 0.0010560017781551278, 'train_lr_reduce': 0.6}. Best is trial 1073 with value: 0.009419886395335197.
[I 2024-12-26 06:20:19,803] Trial 1321 finished with value: 0.014960684813559055 and parameters: {'L1_hidden_dim': 96, 'L1_layers_atom': 1, 'L1_layers_mol': 3, 'L1_dropout': 0.01675270629611786, 'L1_out_dim': 128, 'L2_hidden_dim': 224, 'L2_layers_atom': 1, 'L2_layers_mol': 3, 'L2_out_dim': 96, 'L2_dropout': 0.036772753110999284, 'L3_hidden_dim': 96, 'L3_layers_atom': 4, 'L3_layers_mol': 1, 'L3_out_dim': 112, 'L3_dropout': 0.09471519914383586, 'n_mlp_layers': 3, 'mlp_dim_0': 288, 'mlp_dim_1': 440, 'mlp_dim_2': 400, 'num_heads': 1, 'final_dropout': 0.1080548179394918, 'train_learning_rate': 0.00018154256241506686, 'train_lr_reduce': 0.6}. Best is trial 1073 with value: 0.009419886395335197.
[I 2024-12-26 06:21:12,322] Trial 1322 finished with value: 0.01307283528149128 and parameters: {'L1_hidden_dim': 96, 'L1_layers_atom': 3, 'L1_layers_mol': 3, 'L1_dropout': 0.056463380206644674, 'L1_out_dim': 112, 'L2_hidden_dim': 208, 'L2_layers_atom': 2, 'L2_layers_mol': 3, 'L2_out_dim': 96, 'L2_dropout': 0.02266602330348766, 'L3_hidden_dim': 128, 'L3_layers_atom': 4, 'L3_layers_mol': 1, 'L3_out_dim': 96, 'L3_dropout': 0.07165176611093127, 'n_mlp_layers': 3, 'mlp_dim_0': 408, 'mlp_dim_1': 480, 'mlp_dim_2': 376, 'num_heads': 2, 'final_dropout': 0.18316932227173788, 'train_learning_rate': 0.0007252925876663934, 'train_lr_reduce': 0.6}. Best is trial 1073 with value: 0.009419886395335197.
[I 2024-12-26 06:23:10,546] Trial 1323 finished with value: 0.012461990118026733 and parameters: {'L1_hidden_dim': 112, 'L1_layers_atom': 3, 'L1_layers_mol': 3, 'L1_dropout': 0.03069336865971685, 'L1_out_dim': 96, 'L2_hidden_dim': 224, 'L2_layers_atom': 1, 'L2_layers_mol': 4, 'L2_out_dim': 112, 'L2_dropout': 0.02215969941172214, 'L3_hidden_dim': 128, 'L3_layers_atom': 3, 'L3_layers_mol': 1, 'L3_out_dim': 128, 'L3_dropout': 0.009867070066163794, 'n_mlp_layers': 3, 'mlp_dim_0': 216, 'mlp_dim_1': 440, 'mlp_dim_2': 440, 'num_heads': 2, 'final_dropout': 0.08434588309695916, 'train_learning_rate': 0.0001325565081288985, 'train_lr_reduce': 0.6}. Best is trial 1073 with value: 0.009419886395335197.
[I 2024-12-26 06:23:16,140] Trial 1324 finished with value: 0.009843445383012295 and parameters: {'L1_hidden_dim': 96, 'L1_layers_atom': 3, 'L1_layers_mol': 2, 'L1_dropout': 0.02146535083846956, 'L1_out_dim': 48, 'L2_hidden_dim': 208, 'L2_layers_atom': 1, 'L2_layers_mol': 4, 'L2_out_dim': 128, 'L2_dropout': 0.0023244501103546616, 'L3_hidden_dim': 96, 'L3_layers_atom': 4, 'L3_layers_mol': 1, 'L3_out_dim': 128, 'L3_dropout': 0.0673095766946453, 'n_mlp_layers': 3, 'mlp_dim_0': 360, 'mlp_dim_1': 480, 'mlp_dim_2': 368, 'num_heads': 2, 'final_dropout': 0.10517290625122439, 'train_learning_rate': 0.0008427466016826466, 'train_lr_reduce': 0.6}. Best is trial 1073 with value: 0.009419886395335197.
[I 2024-12-26 06:24:21,811] Trial 1325 finished with value: 0.011348916217684746 and parameters: {'L1_hidden_dim': 144, 'L1_layers_atom': 2, 'L1_layers_mol': 3, 'L1_dropout': 0.0012480937137531456, 'L1_out_dim': 64, 'L2_hidden_dim': 192, 'L2_layers_atom': 1, 'L2_layers_mol': 4, 'L2_out_dim': 128, 'L2_dropout': 0.0023454318250853293, 'L3_hidden_dim': 80, 'L3_layers_atom': 4, 'L3_layers_mol': 2, 'L3_out_dim': 128, 'L3_dropout': 0.05666112169079802, 'n_mlp_layers': 3, 'mlp_dim_0': 424, 'mlp_dim_1': 448, 'mlp_dim_2': 360, 'num_heads': 2, 'final_dropout': 0.06948786571503324, 'train_learning_rate': 0.00013555586952665932, 'train_lr_reduce': 0.6}. Best is trial 1073 with value: 0.009419886395335197.
[I 2024-12-26 06:25:24,774] Trial 1327 finished with value: 0.010778727009892464 and parameters: {'L1_hidden_dim': 80, 'L1_layers_atom': 1, 'L1_layers_mol': 4, 'L1_dropout': 0.0029661564052329194, 'L1_out_dim': 128, 'L2_hidden_dim': 256, 'L2_layers_atom': 1, 'L2_layers_mol': 3, 'L2_out_dim': 96, 'L2_dropout': 0.06539874534378515, 'L3_hidden_dim': 96, 'L3_layers_atom': 4, 'L3_layers_mol': 2, 'L3_out_dim': 96, 'L3_dropout': 0.11216824035591101, 'n_mlp_layers': 3, 'mlp_dim_0': 320, 'mlp_dim_1': 496, 'mlp_dim_2': 416, 'num_heads': 2, 'final_dropout': 0.12585107970249124, 'train_learning_rate': 0.0006837734248603997, 'train_lr_reduce': 0.6}. Best is trial 1073 with value: 0.009419886395335197.
