[I 2024-12-20 01:09:18,708] Trial 1716 finished with value: 1.578500747680664 and parameters: {'mlp_n_layers': 4, 'mlp_dim_00': 69, 'mlp_dim_01': 326, 'mlp_dim_02': 394, 'mlp_dim_03': 438, 'node_hidden_dim': 83, 'edge_hidden_dim': 58, 'depth': 1, 'rep_dropout': 0.028203736915029896, 'train_learning_rate': 0.0005970890632198297, 'train_lr_reduce': 0.6}. Best is trial 558 with value: 0.30280801653862.
[I 2024-12-20 01:09:30,384] Trial 1715 finished with value: 0.3592268228530884 and parameters: {'mlp_n_layers': 4, 'mlp_dim_00': 476, 'mlp_dim_01': 305, 'mlp_dim_02': 323, 'mlp_dim_03': 431, 'node_hidden_dim': 127, 'edge_hidden_dim': 58, 'depth': 1, 'rep_dropout': 0.027474086864979992, 'train_learning_rate': 0.0009413122818646564, 'train_lr_reduce': 0.6}. Best is trial 558 with value: 0.30280801653862.
[I 2024-12-20 01:09:31,179] Trial 1712 finished with value: 0.4764501750469208 and parameters: {'mlp_n_layers': 4, 'mlp_dim_00': 356, 'mlp_dim_01': 341, 'mlp_dim_02': 404, 'mlp_dim_03': 463, 'node_hidden_dim': 126, 'edge_hidden_dim': 37, 'depth': 1, 'rep_dropout': 0.035561038839606214, 'train_learning_rate': 0.005079749455242686, 'train_lr_reduce': 0.6}. Best is trial 558 with value: 0.30280801653862.
[I 2024-12-20 01:09:33,455] Trial 1717 finished with value: 0.41036951541900635 and parameters: {'mlp_n_layers': 4, 'mlp_dim_00': 170, 'mlp_dim_01': 246, 'mlp_dim_02': 366, 'mlp_dim_03': 416, 'node_hidden_dim': 123, 'edge_hidden_dim': 62, 'depth': 1, 'rep_dropout': 0.034607195104965675, 'train_learning_rate': 0.0021813048753281223, 'train_lr_reduce': 0.6}. Best is trial 558 with value: 0.30280801653862.
[I 2024-12-20 01:09:34,840] Trial 1718 finished with value: 1.513877272605896 and parameters: {'mlp_n_layers': 1, 'mlp_dim_00': 78, 'node_hidden_dim': 116, 'edge_hidden_dim': 67, 'depth': 4, 'rep_dropout': 0.09479855997945726, 'train_learning_rate': 0.00011781639036852742, 'train_lr_reduce': 0.6}. Best is trial 558 with value: 0.30280801653862.
[I 2024-12-20 01:09:34,934] Trial 1719 finished with value: 1.5326775312423706 and parameters: {'mlp_n_layers': 4, 'mlp_dim_00': 502, 'mlp_dim_01': 289, 'mlp_dim_02': 410, 'mlp_dim_03': 409, 'node_hidden_dim': 110, 'edge_hidden_dim': 32, 'depth': 1, 'rep_dropout': 0.03410703908658534, 'train_learning_rate': 0.000941053985697075, 'train_lr_reduce': 0.6}. Best is trial 558 with value: 0.30280801653862.
[I 2024-12-20 01:09:39,116] Trial 1721 finished with value: 1.5588024854660034 and parameters: {'mlp_n_layers': 4, 'mlp_dim_00': 450, 'mlp_dim_01': 290, 'mlp_dim_02': 408, 'mlp_dim_03': 482, 'node_hidden_dim': 108, 'edge_hidden_dim': 37, 'depth': 1, 'rep_dropout': 0.0815107230454256, 'train_learning_rate': 0.001366252044514749, 'train_lr_reduce': 0.6}. Best is trial 558 with value: 0.30280801653862.
[I 2024-12-20 01:09:43,825] Trial 1723 finished with value: 1.5482957363128662 and parameters: {'mlp_n_layers': 3, 'mlp_dim_00': 116, 'mlp_dim_01': 345, 'mlp_dim_02': 405, 'node_hidden_dim': 71, 'edge_hidden_dim': 36, 'depth': 1, 'rep_dropout': 0.023427983467157364, 'train_learning_rate': 0.0009959070235592414, 'train_lr_reduce': 0.6}. Best is trial 558 with value: 0.30280801653862.
[I 2024-12-20 01:09:49,099] Trial 1724 finished with value: 1.5802454948425293 and parameters: {'mlp_n_layers': 4, 'mlp_dim_00': 135, 'mlp_dim_01': 293, 'mlp_dim_02': 332, 'mlp_dim_03': 410, 'node_hidden_dim': 124, 'edge_hidden_dim': 93, 'depth': 1, 'rep_dropout': 0.10371548311723444, 'train_learning_rate': 0.00031106738175852263, 'train_lr_reduce': 0.6}. Best is trial 558 with value: 0.30280801653862.
[I 2024-12-20 01:09:49,861] Trial 1720 finished with value: 0.3476785123348236 and parameters: {'mlp_n_layers': 4, 'mlp_dim_00': 441, 'mlp_dim_01': 337, 'mlp_dim_02': 333, 'mlp_dim_03': 461, 'node_hidden_dim': 117, 'edge_hidden_dim': 33, 'depth': 1, 'rep_dropout': 0.05084727559985594, 'train_learning_rate': 0.001613312990474355, 'train_lr_reduce': 0.6}. Best is trial 558 with value: 0.30280801653862.
[I 2024-12-20 01:09:53,478] Trial 1725 finished with value: 1.5688743591308594 and parameters: {'mlp_n_layers': 4, 'mlp_dim_00': 462, 'mlp_dim_01': 256, 'mlp_dim_02': 370, 'mlp_dim_03': 151, 'node_hidden_dim': 100, 'edge_hidden_dim': 33, 'depth': 1, 'rep_dropout': 0.0014601247600094305, 'train_learning_rate': 0.0011455394545747037, 'train_lr_reduce': 0.6}. Best is trial 558 with value: 0.30280801653862.
[I 2024-12-20 01:09:54,583] Trial 1722 finished with value: 0.34289252758026123 and parameters: {'mlp_n_layers': 4, 'mlp_dim_00': 401, 'mlp_dim_01': 343, 'mlp_dim_02': 361, 'mlp_dim_03': 404, 'node_hidden_dim': 109, 'edge_hidden_dim': 47, 'depth': 1, 'rep_dropout': 0.04473963651798805, 'train_learning_rate': 0.000665836667560548, 'train_lr_reduce': 0.6}. Best is trial 558 with value: 0.30280801653862.
[I 2024-12-20 01:09:58,225] Trial 1727 finished with value: 1.5167286396026611 and parameters: {'mlp_n_layers': 2, 'mlp_dim_00': 512, 'mlp_dim_01': 305, 'node_hidden_dim': 49, 'edge_hidden_dim': 90, 'depth': 3, 'rep_dropout': 0.009870538934933629, 'train_learning_rate': 0.0021787406322958318, 'train_lr_reduce': 0.6}. Best is trial 558 with value: 0.30280801653862.
[I 2024-12-20 01:10:03,171] Trial 1729 finished with value: 1.4962177276611328 and parameters: {'mlp_n_layers': 3, 'mlp_dim_00': 495, 'mlp_dim_01': 266, 'mlp_dim_02': 366, 'node_hidden_dim': 121, 'edge_hidden_dim': 55, 'depth': 2, 'rep_dropout': 0.013945378044709536, 'train_learning_rate': 0.00083377237216583, 'train_lr_reduce': 0.6}. Best is trial 558 with value: 0.30280801653862.
[I 2024-12-20 01:10:06,912] Trial 1728 finished with value: 0.4510968029499054 and parameters: {'mlp_n_layers': 4, 'mlp_dim_00': 493, 'mlp_dim_01': 348, 'mlp_dim_02': 326, 'mlp_dim_03': 101, 'node_hidden_dim': 123, 'edge_hidden_dim': 51, 'depth': 1, 'rep_dropout': 0.04167182795326401, 'train_learning_rate': 0.0031787292776350195, 'train_lr_reduce': 0.6}. Best is trial 558 with value: 0.30280801653862.
[I 2024-12-20 01:10:06,967] Trial 1730 finished with value: 1.5805211067199707 and parameters: {'mlp_n_layers': 4, 'mlp_dim_00': 323, 'mlp_dim_01': 303, 'mlp_dim_02': 409, 'mlp_dim_03': 464, 'node_hidden_dim': 95, 'edge_hidden_dim': 32, 'depth': 1, 'rep_dropout': 0.022942705253830936, 'train_learning_rate': 0.00040365919914901586, 'train_lr_reduce': 0.6}. Best is trial 558 with value: 0.30280801653862.
[I 2024-12-20 01:10:07,918] Trial 1726 finished with value: 0.37985578179359436 and parameters: {'mlp_n_layers': 4, 'mlp_dim_00': 484, 'mlp_dim_01': 340, 'mlp_dim_02': 406, 'mlp_dim_03': 411, 'node_hidden_dim': 106, 'edge_hidden_dim': 32, 'depth': 1, 'rep_dropout': 0.04481135552613036, 'train_learning_rate': 0.0014440136903005087, 'train_lr_reduce': 0.6}. Best is trial 558 with value: 0.30280801653862.
[I 2024-12-20 01:10:11,043] Trial 1732 finished with value: 1.5682077407836914 and parameters: {'mlp_n_layers': 4, 'mlp_dim_00': 122, 'mlp_dim_01': 350, 'mlp_dim_02': 319, 'mlp_dim_03': 412, 'node_hidden_dim': 109, 'edge_hidden_dim': 49, 'depth': 1, 'rep_dropout': 0.02254880431435909, 'train_learning_rate': 0.0005844020213310667, 'train_lr_reduce': 0.6}. Best is trial 558 with value: 0.30280801653862.
[I 2024-12-20 01:10:12,038] Trial 1733 finished with value: 1.566063642501831 and parameters: {'mlp_n_layers': 1, 'mlp_dim_00': 160, 'node_hidden_dim': 106, 'edge_hidden_dim': 56, 'depth': 2, 'rep_dropout': 0.09396337554668983, 'train_learning_rate': 0.00015805106809958002, 'train_lr_reduce': 0.6}. Best is trial 558 with value: 0.30280801653862.
[I 2024-12-20 01:10:21,062] Trial 1731 finished with value: 0.4566619098186493 and parameters: {'mlp_n_layers': 3, 'mlp_dim_00': 192, 'mlp_dim_01': 243, 'mlp_dim_02': 370, 'node_hidden_dim': 110, 'edge_hidden_dim': 32, 'depth': 2, 'rep_dropout': 0.023305563949852115, 'train_learning_rate': 0.002412381735923567, 'train_lr_reduce': 0.6}. Best is trial 558 with value: 0.30280801653862.
[I 2024-12-20 01:10:25,084] Trial 1736 finished with value: 1.5484727621078491 and parameters: {'mlp_n_layers': 2, 'mlp_dim_00': 102, 'mlp_dim_01': 240, 'node_hidden_dim': 89, 'edge_hidden_dim': 77, 'depth': 1, 'rep_dropout': 0.1036722122642268, 'train_learning_rate': 0.0007464930581267403, 'train_lr_reduce': 0.6}. Best is trial 558 with value: 0.30280801653862.
[I 2024-12-20 01:10:27,719] Trial 1735 finished with value: 0.40247440338134766 and parameters: {'mlp_n_layers': 4, 'mlp_dim_00': 96, 'mlp_dim_01': 352, 'mlp_dim_02': 367, 'mlp_dim_03': 406, 'node_hidden_dim': 97, 'edge_hidden_dim': 54, 'depth': 1, 'rep_dropout': 0.035867832607469806, 'train_learning_rate': 0.002058972052179643, 'train_lr_reduce': 0.6}. Best is trial 558 with value: 0.30280801653862.
[I 2024-12-20 01:10:28,964] Trial 1734 finished with value: 0.3737978935241699 and parameters: {'mlp_n_layers': 4, 'mlp_dim_00': 404, 'mlp_dim_01': 316, 'mlp_dim_02': 414, 'mlp_dim_03': 73, 'node_hidden_dim': 87, 'edge_hidden_dim': 33, 'depth': 1, 'rep_dropout': 0.060448628096876296, 'train_learning_rate': 0.0013287927737040497, 'train_lr_reduce': 0.6}. Best is trial 558 with value: 0.30280801653862.
[I 2024-12-20 01:10:33,700] Trial 1739 finished with value: 1.552483081817627 and parameters: {'mlp_n_layers': 3, 'mlp_dim_00': 261, 'mlp_dim_01': 307, 'mlp_dim_02': 368, 'node_hidden_dim': 100, 'edge_hidden_dim': 34, 'depth': 1, 'rep_dropout': 0.06085089475800791, 'train_learning_rate': 0.0011366322726198465, 'train_lr_reduce': 0.6}. Best is trial 558 with value: 0.30280801653862.
[I 2024-12-20 01:10:42,584] Trial 1737 finished with value: 0.33139848709106445 and parameters: {'mlp_n_layers': 3, 'mlp_dim_00': 203, 'mlp_dim_01': 286, 'mlp_dim_02': 409, 'node_hidden_dim': 118, 'edge_hidden_dim': 33, 'depth': 1, 'rep_dropout': 0.05942350140404899, 'train_learning_rate': 0.0014724014327264251, 'train_lr_reduce': 0.6}. Best is trial 558 with value: 0.30280801653862.
[I 2024-12-20 01:10:46,793] Trial 1741 finished with value: 1.5151156187057495 and parameters: {'mlp_n_layers': 4, 'mlp_dim_00': 161, 'mlp_dim_01': 285, 'mlp_dim_02': 353, 'mlp_dim_03': 65, 'node_hidden_dim': 127, 'edge_hidden_dim': 32, 'depth': 1, 'rep_dropout': 0.04841733329663493, 'train_learning_rate': 0.0007082631214640173, 'train_lr_reduce': 0.6}. Best is trial 558 with value: 0.30280801653862.
[I 2024-12-20 01:10:49,074] Trial 1740 finished with value: 0.4133594334125519 and parameters: {'mlp_n_layers': 4, 'mlp_dim_00': 395, 'mlp_dim_01': 355, 'mlp_dim_02': 414, 'mlp_dim_03': 456, 'node_hidden_dim': 115, 'edge_hidden_dim': 42, 'depth': 1, 'rep_dropout': 0.035472454245540824, 'train_learning_rate': 0.0028387427353570205, 'train_lr_reduce': 0.6}. Best is trial 558 with value: 0.30280801653862.
[I 2024-12-20 01:10:50,951] Trial 1742 finished with value: 1.3372529745101929 and parameters: {'mlp_n_layers': 3, 'mlp_dim_00': 465, 'mlp_dim_01': 321, 'mlp_dim_02': 316, 'node_hidden_dim': 109, 'edge_hidden_dim': 33, 'depth': 1, 'rep_dropout': 0.03734036159848313, 'train_learning_rate': 0.00487586520024027, 'train_lr_reduce': 0.6}. Best is trial 558 with value: 0.30280801653862.
[I 2024-12-20 01:10:53,014] Trial 1743 finished with value: 1.5692390203475952 and parameters: {'mlp_n_layers': 1, 'mlp_dim_00': 222, 'node_hidden_dim': 112, 'edge_hidden_dim': 52, 'depth': 1, 'rep_dropout': 0.009078797494960086, 'train_learning_rate': 0.00012684472304513286, 'train_lr_reduce': 0.6}. Best is trial 558 with value: 0.30280801653862.
[I 2024-12-20 01:10:55,214] Trial 1744 finished with value: 1.3305844068527222 and parameters: {'mlp_n_layers': 3, 'mlp_dim_00': 332, 'mlp_dim_01': 357, 'mlp_dim_02': 416, 'node_hidden_dim': 32, 'edge_hidden_dim': 37, 'depth': 3, 'rep_dropout': 0.07848954003121537, 'train_learning_rate': 0.003319416821760514, 'train_lr_reduce': 0.6}. Best is trial 558 with value: 0.30280801653862.
[I 2024-12-20 01:11:00,270] Trial 1738 finished with value: 0.31323400139808655 and parameters: {'mlp_n_layers': 4, 'mlp_dim_00': 476, 'mlp_dim_01': 351, 'mlp_dim_02': 313, 'mlp_dim_03': 512, 'node_hidden_dim': 106, 'edge_hidden_dim': 35, 'depth': 1, 'rep_dropout': 0.03465482713878773, 'train_learning_rate': 0.0017988765065927064, 'train_lr_reduce': 0.6}. Best is trial 558 with value: 0.30280801653862.
[I 2024-12-20 01:11:11,417] Trial 1745 finished with value: 0.362423300743103 and parameters: {'mlp_n_layers': 4, 'mlp_dim_00': 174, 'mlp_dim_01': 276, 'mlp_dim_02': 385, 'mlp_dim_03': 399, 'node_hidden_dim': 128, 'edge_hidden_dim': 32, 'depth': 1, 'rep_dropout': 0.043469371143390376, 'train_learning_rate': 0.0013408090879892638, 'train_lr_reduce': 0.6}. Best is trial 558 with value: 0.30280801653862.
[I 2024-12-20 01:11:15,370] Trial 1746 finished with value: 0.38369521498680115 and parameters: {'mlp_n_layers': 4, 'mlp_dim_00': 295, 'mlp_dim_01': 318, 'mlp_dim_02': 356, 'mlp_dim_03': 456, 'node_hidden_dim': 128, 'edge_hidden_dim': 117, 'depth': 2, 'rep_dropout': 0.14695778148088734, 'train_learning_rate': 0.003409157681542034, 'train_lr_reduce': 0.6}. Best is trial 558 with value: 0.30280801653862.
[I 2024-12-20 01:11:27,976] Trial 1748 finished with value: 0.3685077130794525 and parameters: {'mlp_n_layers': 4, 'mlp_dim_00': 497, 'mlp_dim_01': 386, 'mlp_dim_02': 296, 'mlp_dim_03': 470, 'node_hidden_dim': 113, 'edge_hidden_dim': 39, 'depth': 1, 'rep_dropout': 0.02508223539996126, 'train_learning_rate': 0.0025047788879862896, 'train_lr_reduce': 0.6}. Best is trial 558 with value: 0.30280801653862.
[I 2024-12-20 01:11:31,870] Trial 1747 finished with value: 0.3714413046836853 and parameters: {'mlp_n_layers': 4, 'mlp_dim_00': 467, 'mlp_dim_01': 365, 'mlp_dim_02': 308, 'mlp_dim_03': 467, 'node_hidden_dim': 111, 'edge_hidden_dim': 56, 'depth': 1, 'rep_dropout': 0.04986368920064402, 'train_learning_rate': 0.001591469250875833, 'train_lr_reduce': 0.6}. Best is trial 558 with value: 0.30280801653862.
[I 2024-12-20 01:11:32,301] Trial 1750 finished with value: 1.4058594703674316 and parameters: {'mlp_n_layers': 4, 'mlp_dim_00': 502, 'mlp_dim_01': 360, 'mlp_dim_02': 302, 'mlp_dim_03': 511, 'node_hidden_dim': 127, 'edge_hidden_dim': 56, 'depth': 1, 'rep_dropout': 0.0303488020701118, 'train_learning_rate': 0.001596645480133798, 'train_lr_reduce': 0.6}. Best is trial 558 with value: 0.30280801653862.
[I 2024-12-20 01:11:34,970] Trial 1749 finished with value: 0.38593530654907227 and parameters: {'mlp_n_layers': 4, 'mlp_dim_00': 489, 'mlp_dim_01': 360, 'mlp_dim_02': 302, 'mlp_dim_03': 496, 'node_hidden_dim': 119, 'edge_hidden_dim': 32, 'depth': 1, 'rep_dropout': 0.03952524338012289, 'train_learning_rate': 0.0016156356106713655, 'train_lr_reduce': 0.6}. Best is trial 558 with value: 0.30280801653862.
[I 2024-12-20 01:11:35,810] Trial 1751 finished with value: 1.502347469329834 and parameters: {'mlp_n_layers': 4, 'mlp_dim_00': 492, 'mlp_dim_01': 371, 'mlp_dim_02': 318, 'mlp_dim_03': 484, 'node_hidden_dim': 115, 'edge_hidden_dim': 44, 'depth': 2, 'rep_dropout': 0.041150780884169125, 'train_learning_rate': 0.0017801709786600638, 'train_lr_reduce': 0.6}. Best is trial 558 with value: 0.30280801653862.
[I 2024-12-20 01:11:36,429] Trial 1752 finished with value: 1.5842987298965454 and parameters: {'mlp_n_layers': 3, 'mlp_dim_00': 148, 'mlp_dim_01': 365, 'mlp_dim_02': 296, 'node_hidden_dim': 107, 'edge_hidden_dim': 44, 'depth': 4, 'rep_dropout': 0.11427581453671604, 'train_learning_rate': 0.00042991712006020016, 'train_lr_reduce': 0.6}. Best is trial 558 with value: 0.30280801653862.
[I 2024-12-20 01:11:39,734] Trial 1753 finished with value: 1.58059561252594 and parameters: {'mlp_n_layers': 2, 'mlp_dim_00': 494, 'mlp_dim_01': 356, 'node_hidden_dim': 53, 'edge_hidden_dim': 83, 'depth': 1, 'rep_dropout': 0.10726692477288902, 'train_learning_rate': 0.00014751387061052315, 'train_lr_reduce': 0.6}. Best is trial 558 with value: 0.30280801653862.
[I 2024-12-20 01:11:44,239] Trial 1756 finished with value: 1.5793694257736206 and parameters: {'mlp_n_layers': 4, 'mlp_dim_00': 187, 'mlp_dim_01': 351, 'mlp_dim_02': 319, 'mlp_dim_03': 492, 'node_hidden_dim': 89, 'edge_hidden_dim': 35, 'depth': 2, 'rep_dropout': 0.03320423819380216, 'train_learning_rate': 0.00047513031405520566, 'train_lr_reduce': 0.6}. Best is trial 558 with value: 0.30280801653862.
[I 2024-12-20 01:11:44,287] Trial 1755 finished with value: 0.5923864841461182 and parameters: {'mlp_n_layers': 4, 'mlp_dim_00': 469, 'mlp_dim_01': 367, 'mlp_dim_02': 313, 'mlp_dim_03': 494, 'node_hidden_dim': 93, 'edge_hidden_dim': 33, 'depth': 1, 'rep_dropout': 0.03271924994146664, 'train_learning_rate': 0.0031226224978297325, 'train_lr_reduce': 0.6}. Best is trial 558 with value: 0.30280801653862.
[I 2024-12-20 01:11:45,323] Trial 1754 finished with value: 0.4397120475769043 and parameters: {'mlp_n_layers': 4, 'mlp_dim_00': 73, 'mlp_dim_01': 356, 'mlp_dim_02': 302, 'mlp_dim_03': 507, 'node_hidden_dim': 109, 'edge_hidden_dim': 50, 'depth': 1, 'rep_dropout': 0.06230089569734661, 'train_learning_rate': 0.001979076894575787, 'train_lr_reduce': 0.6}. Best is trial 558 with value: 0.30280801653862.
[I 2024-12-20 01:11:47,673] Trial 1758 finished with value: 1.4487141370773315 and parameters: {'mlp_n_layers': 3, 'mlp_dim_00': 70, 'mlp_dim_01': 371, 'mlp_dim_02': 323, 'node_hidden_dim': 105, 'edge_hidden_dim': 34, 'depth': 1, 'rep_dropout': 0.049038542451530595, 'train_learning_rate': 0.001545168694413587, 'train_lr_reduce': 0.6}. Best is trial 558 with value: 0.30280801653862.
[I 2024-12-20 01:11:47,737] Trial 1757 finished with value: 1.4944971799850464 and parameters: {'mlp_n_layers': 1, 'mlp_dim_00': 283, 'node_hidden_dim': 93, 'edge_hidden_dim': 94, 'depth': 1, 'rep_dropout': 0.025446803842722236, 'train_learning_rate': 0.0004298784514966733, 'train_lr_reduce': 0.6}. Best is trial 558 with value: 0.30280801653862.
[I 2024-12-20 01:11:48,816] Trial 1759 finished with value: 1.473434329032898 and parameters: {'mlp_n_layers': 1, 'mlp_dim_00': 484, 'node_hidden_dim': 76, 'edge_hidden_dim': 112, 'depth': 1, 'rep_dropout': 0.1257667026912455, 'train_learning_rate': 0.0005997596161165295, 'train_lr_reduce': 0.6}. Best is trial 558 with value: 0.30280801653862.
[I 2024-12-20 01:11:51,194] Trial 1760 finished with value: 1.4971483945846558 and parameters: {'mlp_n_layers': 3, 'mlp_dim_00': 293, 'mlp_dim_01': 343, 'mlp_dim_02': 316, 'node_hidden_dim': 112, 'edge_hidden_dim': 35, 'depth': 1, 'rep_dropout': 0.03590309490643362, 'train_learning_rate': 0.0009782370097714697, 'train_lr_reduce': 0.6}. Best is trial 558 with value: 0.30280801653862.
[I 2024-12-20 01:11:51,263] Trial 1761 finished with value: 1.3703157901763916 and parameters: {'mlp_n_layers': 4, 'mlp_dim_00': 388, 'mlp_dim_01': 378, 'mlp_dim_02': 343, 'mlp_dim_03': 506, 'node_hidden_dim': 110, 'edge_hidden_dim': 37, 'depth': 1, 'rep_dropout': 0.037719220327826014, 'train_learning_rate': 0.0037189366795838193, 'train_lr_reduce': 0.6}. Best is trial 558 with value: 0.30280801653862.
[I 2024-12-20 01:11:52,594] Trial 1762 finished with value: 1.5516654253005981 and parameters: {'mlp_n_layers': 4, 'mlp_dim_00': 392, 'mlp_dim_01': 331, 'mlp_dim_02': 326, 'mlp_dim_03': 503, 'node_hidden_dim': 97, 'edge_hidden_dim': 37, 'depth': 2, 'rep_dropout': 0.039852049547734324, 'train_learning_rate': 0.0008710449043075301, 'train_lr_reduce': 0.6}. Best is trial 558 with value: 0.30280801653862.
[I 2024-12-20 01:11:55,438] Trial 1764 finished with value: 1.5741015672683716 and parameters: {'mlp_n_layers': 4, 'mlp_dim_00': 280, 'mlp_dim_01': 370, 'mlp_dim_02': 413, 'mlp_dim_03': 495, 'node_hidden_dim': 89, 'edge_hidden_dim': 37, 'depth': 1, 'rep_dropout': 0.07644099010204478, 'train_learning_rate': 0.0005164906258711094, 'train_lr_reduce': 0.6}. Best is trial 558 with value: 0.30280801653862.
[I 2024-12-20 01:12:00,049] Trial 1766 finished with value: 1.4857338666915894 and parameters: {'mlp_n_layers': 3, 'mlp_dim_00': 65, 'mlp_dim_01': 374, 'mlp_dim_02': 304, 'node_hidden_dim': 85, 'edge_hidden_dim': 35, 'depth': 1, 'rep_dropout': 0.0417261442932061, 'train_learning_rate': 0.0018420331840779639, 'train_lr_reduce': 0.6}. Best is trial 558 with value: 0.30280801653862.
[I 2024-12-20 01:12:10,394] Trial 1765 finished with value: 0.33829566836357117 and parameters: {'mlp_n_layers': 4, 'mlp_dim_00': 412, 'mlp_dim_01': 330, 'mlp_dim_02': 344, 'mlp_dim_03': 507, 'node_hidden_dim': 120, 'edge_hidden_dim': 35, 'depth': 1, 'rep_dropout': 0.056937936092020316, 'train_learning_rate': 0.0012624239058206313, 'train_lr_reduce': 0.6}. Best is trial 558 with value: 0.30280801653862.
[I 2024-12-20 01:12:19,241] Trial 1767 finished with value: 0.37875646352767944 and parameters: {'mlp_n_layers': 4, 'mlp_dim_00': 472, 'mlp_dim_01': 378, 'mlp_dim_02': 419, 'mlp_dim_03': 479, 'node_hidden_dim': 100, 'edge_hidden_dim': 51, 'depth': 1, 'rep_dropout': 0.04238776921494828, 'train_learning_rate': 0.0008644479506615243, 'train_lr_reduce': 0.6}. Best is trial 558 with value: 0.30280801653862.
[I 2024-12-20 01:12:23,115] Trial 1763 finished with value: 0.341925710439682 and parameters: {'mlp_n_layers': 3, 'mlp_dim_00': 503, 'mlp_dim_01': 339, 'mlp_dim_02': 417, 'node_hidden_dim': 101, 'edge_hidden_dim': 41, 'depth': 1, 'rep_dropout': 0.04711864537694667, 'train_learning_rate': 0.001551188283949225, 'train_lr_reduce': 0.6}. Best is trial 558 with value: 0.30280801653862.
[I 2024-12-20 01:12:25,375] Trial 1769 finished with value: 1.2191380262374878 and parameters: {'mlp_n_layers': 4, 'mlp_dim_00': 494, 'mlp_dim_01': 334, 'mlp_dim_02': 419, 'mlp_dim_03': 470, 'node_hidden_dim': 127, 'edge_hidden_dim': 41, 'depth': 1, 'rep_dropout': 0.022297725443926192, 'train_learning_rate': 0.0020939554225331675, 'train_lr_reduce': 0.6}. Best is trial 558 with value: 0.30280801653862.
