[I 2024-12-16 00:46:22,832] Trial 1921 finished with value: 0.09891830384731293 and parameters: {'mlp_n_layers': 2, 'mlp_dim_00': 256, 'mlp_dim_01': 176, 'hidden_channels': 32, 'num_layers': 1, 'num_timesteps': 4, 'dropout': 0.2857791207117852, 'train_learning_rate': 0.00954733954240773, 'train_lr_reduce': 0.6}. Best is trial 130 with value: 0.0812772810459137.
[I 2024-12-16 00:46:27,573] Trial 1923 finished with value: 0.10061143338680267 and parameters: {'mlp_n_layers': 2, 'mlp_dim_00': 240, 'mlp_dim_01': 176, 'hidden_channels': 64, 'num_layers': 1, 'num_timesteps': 3, 'dropout': 0.2741998739824399, 'train_learning_rate': 0.00941910546914693, 'train_lr_reduce': 0.6}. Best is trial 130 with value: 0.0812772810459137.
[I 2024-12-16 00:46:28,592] Trial 1922 finished with value: 0.1470378190279007 and parameters: {'mlp_n_layers': 2, 'mlp_dim_00': 176, 'mlp_dim_01': 224, 'hidden_channels': 128, 'num_layers': 2, 'num_timesteps': 4, 'dropout': 0.2811666930237875, 'train_learning_rate': 0.008199959979765808, 'train_lr_reduce': 0.6}. Best is trial 130 with value: 0.0812772810459137.
[I 2024-12-16 00:46:31,993] Trial 1924 finished with value: 0.1075279712677002 and parameters: {'mlp_n_layers': 2, 'mlp_dim_00': 224, 'mlp_dim_01': 160, 'hidden_channels': 32, 'num_layers': 1, 'num_timesteps': 3, 'dropout': 0.19807780678563522, 'train_learning_rate': 0.00681109246540386, 'train_lr_reduce': 0.6}. Best is trial 130 with value: 0.0812772810459137.
[I 2024-12-16 00:46:36,401] Trial 1925 finished with value: 0.1101207584142685 and parameters: {'mlp_n_layers': 2, 'mlp_dim_00': 240, 'mlp_dim_01': 192, 'hidden_channels': 64, 'num_layers': 1, 'num_timesteps': 3, 'dropout': 0.27691721342899844, 'train_learning_rate': 0.007181212353404674, 'train_lr_reduce': 0.6}. Best is trial 130 with value: 0.0812772810459137.
[I 2024-12-16 00:46:41,628] Trial 1926 finished with value: 0.11757592856884003 and parameters: {'mlp_n_layers': 2, 'mlp_dim_00': 256, 'mlp_dim_01': 256, 'hidden_channels': 48, 'num_layers': 1, 'num_timesteps': 2, 'dropout': 0.2793670914937148, 'train_learning_rate': 0.00208782061543634, 'train_lr_reduce': 0.6}. Best is trial 130 with value: 0.0812772810459137.
[I 2024-12-16 00:46:44,745] Trial 1927 finished with value: 0.09735344350337982 and parameters: {'mlp_n_layers': 2, 'mlp_dim_00': 240, 'mlp_dim_01': 144, 'hidden_channels': 32, 'num_layers': 2, 'num_timesteps': 2, 'dropout': 0.21447929400246538, 'train_learning_rate': 0.009480993222506598, 'train_lr_reduce': 0.6}. Best is trial 130 with value: 0.0812772810459137.
[I 2024-12-16 00:46:46,226] Trial 1928 finished with value: 0.08834163844585419 and parameters: {'mlp_n_layers': 2, 'mlp_dim_00': 256, 'mlp_dim_01': 208, 'hidden_channels': 48, 'num_layers': 1, 'num_timesteps': 2, 'dropout': 0.22188822602864525, 'train_learning_rate': 0.008531180933878389, 'train_lr_reduce': 0.6}. Best is trial 130 with value: 0.0812772810459137.
[I 2024-12-16 00:46:53,572] Trial 1929 finished with value: 0.1140725314617157 and parameters: {'mlp_n_layers': 2, 'mlp_dim_00': 256, 'mlp_dim_01': 160, 'hidden_channels': 48, 'num_layers': 1, 'num_timesteps': 3, 'dropout': 0.25954368551829876, 'train_learning_rate': 0.0037228964147362925, 'train_lr_reduce': 0.6}. Best is trial 130 with value: 0.0812772810459137.
[I 2024-12-16 00:46:56,355] Trial 1931 finished with value: 0.10765358060598373 and parameters: {'mlp_n_layers': 2, 'mlp_dim_00': 240, 'mlp_dim_01': 240, 'hidden_channels': 32, 'num_layers': 1, 'num_timesteps': 1, 'dropout': 0.26188075724115045, 'train_learning_rate': 0.008485372762003968, 'train_lr_reduce': 0.6}. Best is trial 130 with value: 0.0812772810459137.
[I 2024-12-16 00:46:58,143] Trial 1930 finished with value: 0.10794243961572647 and parameters: {'mlp_n_layers': 2, 'mlp_dim_00': 208, 'mlp_dim_01': 160, 'hidden_channels': 144, 'num_layers': 3, 'num_timesteps': 3, 'dropout': 0.277919543494396, 'train_learning_rate': 0.006255319152684096, 'train_lr_reduce': 0.6}. Best is trial 130 with value: 0.0812772810459137.
[I 2024-12-16 00:47:06,462] Trial 1933 finished with value: 0.09771431982517242 and parameters: {'mlp_n_layers': 2, 'mlp_dim_00': 240, 'mlp_dim_01': 208, 'hidden_channels': 80, 'num_layers': 1, 'num_timesteps': 2, 'dropout': 0.2868941795325512, 'train_learning_rate': 0.008114602863705219, 'train_lr_reduce': 0.6}. Best is trial 130 with value: 0.0812772810459137.
[I 2024-12-16 00:47:06,926] Trial 1934 finished with value: 0.11561605334281921 and parameters: {'mlp_n_layers': 2, 'mlp_dim_00': 256, 'mlp_dim_01': 192, 'hidden_channels': 80, 'num_layers': 1, 'num_timesteps': 1, 'dropout': 0.28933333336635014, 'train_learning_rate': 0.006682566311638953, 'train_lr_reduce': 0.6}. Best is trial 130 with value: 0.0812772810459137.
[I 2024-12-16 00:47:09,538] Trial 1932 finished with value: 0.09543614089488983 and parameters: {'mlp_n_layers': 2, 'mlp_dim_00': 176, 'mlp_dim_01': 192, 'hidden_channels': 64, 'num_layers': 2, 'num_timesteps': 3, 'dropout': 0.22632899292275677, 'train_learning_rate': 0.009668505466743355, 'train_lr_reduce': 0.6}. Best is trial 130 with value: 0.0812772810459137.
[I 2024-12-16 00:47:18,908] Trial 1935 finished with value: 0.11459515988826752 and parameters: {'mlp_n_layers': 2, 'mlp_dim_00': 208, 'mlp_dim_01': 160, 'hidden_channels': 96, 'num_layers': 1, 'num_timesteps': 4, 'dropout': 0.17091138258745325, 'train_learning_rate': 0.004797550084410585, 'train_lr_reduce': 0.6}. Best is trial 130 with value: 0.0812772810459137.
[I 2024-12-16 00:47:22,451] Trial 1936 finished with value: 0.10331379622220993 and parameters: {'mlp_n_layers': 2, 'mlp_dim_00': 224, 'mlp_dim_01': 208, 'hidden_channels': 64, 'num_layers': 1, 'num_timesteps': 2, 'dropout': 0.22612493245259377, 'train_learning_rate': 0.009626915257003469, 'train_lr_reduce': 0.6}. Best is trial 130 with value: 0.0812772810459137.
[I 2024-12-16 00:47:30,305] Trial 1938 finished with value: 0.10281821340322495 and parameters: {'mlp_n_layers': 2, 'mlp_dim_00': 256, 'mlp_dim_01': 160, 'hidden_channels': 96, 'num_layers': 1, 'num_timesteps': 3, 'dropout': 0.24372147324481389, 'train_learning_rate': 0.005795849445396237, 'train_lr_reduce': 0.6}. Best is trial 130 with value: 0.0812772810459137.
[I 2024-12-16 00:47:37,479] Trial 1937 finished with value: 0.18916788697242737 and parameters: {'mlp_n_layers': 2, 'mlp_dim_00': 32, 'mlp_dim_01': 176, 'hidden_channels': 128, 'num_layers': 3, 'num_timesteps': 1, 'dropout': 0.07274728740549699, 'train_learning_rate': 0.00015456809864793197, 'train_lr_reduce': 0.6}. Best is trial 130 with value: 0.0812772810459137.
[I 2024-12-16 00:47:38,584] Trial 1939 finished with value: 0.09234314411878586 and parameters: {'mlp_n_layers': 2, 'mlp_dim_00': 256, 'mlp_dim_01': 176, 'hidden_channels': 32, 'num_layers': 1, 'num_timesteps': 2, 'dropout': 0.20944133881644433, 'train_learning_rate': 0.006744334379876995, 'train_lr_reduce': 0.6}. Best is trial 130 with value: 0.0812772810459137.
[I 2024-12-16 00:47:54,680] Trial 1941 finished with value: 0.09024801105260849 and parameters: {'mlp_n_layers': 2, 'mlp_dim_00': 256, 'mlp_dim_01': 144, 'hidden_channels': 112, 'num_layers': 2, 'num_timesteps': 4, 'dropout': 0.29668598946406677, 'train_learning_rate': 0.0066366419553286855, 'train_lr_reduce': 0.6}. Best is trial 130 with value: 0.0812772810459137.
[I 2024-12-16 00:47:56,926] Trial 1940 finished with value: 0.18919095396995544 and parameters: {'mlp_n_layers': 4, 'mlp_dim_00': 240, 'mlp_dim_01': 32, 'mlp_dim_02': 256, 'mlp_dim_03': 80, 'hidden_channels': 112, 'num_layers': 2, 'num_timesteps': 2, 'dropout': 0.22464521642213664, 'train_learning_rate': 0.00018491798093534054, 'train_lr_reduce': 0.6}. Best is trial 130 with value: 0.0812772810459137.
[I 2024-12-16 00:47:57,701] Trial 1942 finished with value: 0.10124874860048294 and parameters: {'mlp_n_layers': 3, 'mlp_dim_00': 144, 'mlp_dim_01': 176, 'mlp_dim_02': 256, 'hidden_channels': 112, 'num_layers': 3, 'num_timesteps': 3, 'dropout': 0.2100365696079335, 'train_learning_rate': 0.009360530081430906, 'train_lr_reduce': 0.6}. Best is trial 130 with value: 0.0812772810459137.
[I 2024-12-16 00:48:07,879] Trial 1943 finished with value: 0.10252954810857773 and parameters: {'mlp_n_layers': 2, 'mlp_dim_00': 224, 'mlp_dim_01': 208, 'hidden_channels': 32, 'num_layers': 2, 'num_timesteps': 3, 'dropout': 0.25537372244903994, 'train_learning_rate': 0.007427736980929091, 'train_lr_reduce': 0.6}. Best is trial 130 with value: 0.0812772810459137.
[I 2024-12-16 00:48:09,005] Trial 1944 finished with value: 0.14708194136619568 and parameters: {'mlp_n_layers': 2, 'mlp_dim_00': 144, 'mlp_dim_01': 256, 'hidden_channels': 80, 'num_layers': 3, 'num_timesteps': 3, 'dropout': 0.032695237660750776, 'train_learning_rate': 0.007627435825035869, 'train_lr_reduce': 0.6}. Best is trial 130 with value: 0.0812772810459137.
[I 2024-12-16 00:48:16,440] Trial 1946 finished with value: 0.11498349159955978 and parameters: {'mlp_n_layers': 2, 'mlp_dim_00': 224, 'mlp_dim_01': 240, 'hidden_channels': 32, 'num_layers': 1, 'num_timesteps': 2, 'dropout': 0.17172353033408105, 'train_learning_rate': 0.006080324961404368, 'train_lr_reduce': 0.6}. Best is trial 130 with value: 0.0812772810459137.
[I 2024-12-16 00:48:18,259] Trial 1947 finished with value: 0.11379029601812363 and parameters: {'mlp_n_layers': 2, 'mlp_dim_00': 256, 'mlp_dim_01': 192, 'hidden_channels': 48, 'num_layers': 1, 'num_timesteps': 2, 'dropout': 0.24041374255817746, 'train_learning_rate': 0.008817206372028463, 'train_lr_reduce': 0.6}. Best is trial 130 with value: 0.0812772810459137.
[I 2024-12-16 00:48:21,587] Trial 1945 finished with value: 0.10510079562664032 and parameters: {'mlp_n_layers': 2, 'mlp_dim_00': 192, 'mlp_dim_01': 128, 'hidden_channels': 144, 'num_layers': 2, 'num_timesteps': 3, 'dropout': 0.20986789064657738, 'train_learning_rate': 0.009075061333694822, 'train_lr_reduce': 0.6}. Best is trial 130 with value: 0.0812772810459137.
[I 2024-12-16 00:48:41,686] Trial 1949 finished with value: 0.1171405091881752 and parameters: {'mlp_n_layers': 3, 'mlp_dim_00': 176, 'mlp_dim_01': 240, 'mlp_dim_02': 256, 'hidden_channels': 48, 'num_layers': 1, 'num_timesteps': 3, 'dropout': 0.06654795552811431, 'train_learning_rate': 0.000344966369888303, 'train_lr_reduce': 0.6}. Best is trial 130 with value: 0.0812772810459137.
[I 2024-12-16 00:48:44,089] Trial 1948 finished with value: 0.20855644345283508 and parameters: {'mlp_n_layers': 4, 'mlp_dim_00': 112, 'mlp_dim_01': 208, 'mlp_dim_02': 240, 'mlp_dim_03': 224, 'hidden_channels': 32, 'num_layers': 4, 'num_timesteps': 1, 'dropout': 0.24460378489604123, 'train_learning_rate': 0.0002085776181357317, 'train_lr_reduce': 0.6}. Best is trial 130 with value: 0.0812772810459137.
[I 2024-12-16 00:48:44,091] Trial 1950 finished with value: 0.12052129209041595 and parameters: {'mlp_n_layers': 4, 'mlp_dim_00': 256, 'mlp_dim_01': 96, 'mlp_dim_02': 240, 'mlp_dim_03': 128, 'hidden_channels': 32, 'num_layers': 2, 'num_timesteps': 1, 'dropout': 0.08037245398891067, 'train_learning_rate': 0.00039163835239527467, 'train_lr_reduce': 0.6}. Best is trial 130 with value: 0.0812772810459137.
[I 2024-12-16 00:48:55,870] Trial 1952 finished with value: 0.10113450139760971 and parameters: {'mlp_n_layers': 2, 'mlp_dim_00': 256, 'mlp_dim_01': 176, 'hidden_channels': 96, 'num_layers': 1, 'num_timesteps': 2, 'dropout': 0.18139136243842938, 'train_learning_rate': 0.007840703746390301, 'train_lr_reduce': 0.6}. Best is trial 130 with value: 0.0812772810459137.
[I 2024-12-16 00:48:59,920] Trial 1953 finished with value: 0.09424866735935211 and parameters: {'mlp_n_layers': 2, 'mlp_dim_00': 224, 'mlp_dim_01': 176, 'hidden_channels': 112, 'num_layers': 2, 'num_timesteps': 3, 'dropout': 0.2140525263270237, 'train_learning_rate': 0.00457627322423959, 'train_lr_reduce': 0.6}. Best is trial 130 with value: 0.0812772810459137.
[I 2024-12-16 00:49:05,868] Trial 1954 finished with value: 0.12274037301540375 and parameters: {'mlp_n_layers': 2, 'mlp_dim_00': 160, 'mlp_dim_01': 192, 'hidden_channels': 64, 'num_layers': 1, 'num_timesteps': 3, 'dropout': 0.16566733120360788, 'train_learning_rate': 0.009132961453459433, 'train_lr_reduce': 0.6}. Best is trial 130 with value: 0.0812772810459137.
[I 2024-12-16 00:49:11,092] Trial 1951 finished with value: 0.28060582280158997 and parameters: {'mlp_n_layers': 2, 'mlp_dim_00': 80, 'mlp_dim_01': 48, 'hidden_channels': 144, 'num_layers': 3, 'num_timesteps': 4, 'dropout': 0.20412391338284352, 'train_learning_rate': 0.00012611308355590868, 'train_lr_reduce': 0.6}. Best is trial 130 with value: 0.0812772810459137.
[I 2024-12-16 00:49:11,273] Trial 1955 finished with value: 0.12144827842712402 and parameters: {'mlp_n_layers': 2, 'mlp_dim_00': 256, 'mlp_dim_01': 176, 'hidden_channels': 32, 'num_layers': 1, 'num_timesteps': 3, 'dropout': 0.27752188119054433, 'train_learning_rate': 0.009298829903577707, 'train_lr_reduce': 0.6}. Best is trial 130 with value: 0.0812772810459137.
[I 2024-12-16 00:49:19,002] Trial 1956 finished with value: 0.09335886687040329 and parameters: {'mlp_n_layers': 2, 'mlp_dim_00': 256, 'mlp_dim_01': 208, 'hidden_channels': 32, 'num_layers': 2, 'num_timesteps': 2, 'dropout': 0.223140397515478, 'train_learning_rate': 0.004650426354397098, 'train_lr_reduce': 0.6}. Best is trial 130 with value: 0.0812772810459137.
[I 2024-12-16 00:49:30,008] Trial 1957 finished with value: 0.12591730058193207 and parameters: {'mlp_n_layers': 4, 'mlp_dim_00': 160, 'mlp_dim_01': 224, 'mlp_dim_02': 256, 'mlp_dim_03': 192, 'hidden_channels': 192, 'num_layers': 4, 'num_timesteps': 2, 'dropout': 0.18068539148722595, 'train_learning_rate': 0.0015989988993023493, 'train_lr_reduce': 0.6}. Best is trial 130 with value: 0.0812772810459137.
[I 2024-12-16 00:49:32,185] Trial 1959 finished with value: 0.10730428248643875 and parameters: {'mlp_n_layers': 2, 'mlp_dim_00': 256, 'mlp_dim_01': 144, 'hidden_channels': 96, 'num_layers': 1, 'num_timesteps': 3, 'dropout': 0.2894734711640799, 'train_learning_rate': 0.002156916429669517, 'train_lr_reduce': 0.6}. Best is trial 130 with value: 0.0812772810459137.
[I 2024-12-16 00:49:34,087] Trial 1958 finished with value: 0.12711882591247559 and parameters: {'mlp_n_layers': 3, 'mlp_dim_00': 208, 'mlp_dim_01': 176, 'mlp_dim_02': 240, 'hidden_channels': 112, 'num_layers': 2, 'num_timesteps': 4, 'dropout': 0.21246186797047192, 'train_learning_rate': 0.006255358419332929, 'train_lr_reduce': 0.6}. Best is trial 130 with value: 0.0812772810459137.
[I 2024-12-16 00:49:44,620] Trial 1960 finished with value: 0.09380313009023666 and parameters: {'mlp_n_layers': 2, 'mlp_dim_00': 208, 'mlp_dim_01': 176, 'hidden_channels': 80, 'num_layers': 2, 'num_timesteps': 2, 'dropout': 0.20288220130353254, 'train_learning_rate': 0.008286198399722016, 'train_lr_reduce': 0.6}. Best is trial 130 with value: 0.0812772810459137.
[I 2024-12-16 00:49:46,063] Trial 1961 finished with value: 0.11704057455062866 and parameters: {'mlp_n_layers': 2, 'mlp_dim_00': 192, 'mlp_dim_01': 176, 'hidden_channels': 64, 'num_layers': 2, 'num_timesteps': 3, 'dropout': 0.2033498362752987, 'train_learning_rate': 0.009677253671422857, 'train_lr_reduce': 0.6}. Best is trial 130 with value: 0.0812772810459137.
[I 2024-12-16 00:49:47,934] Trial 1962 finished with value: 0.15848961472511292 and parameters: {'mlp_n_layers': 4, 'mlp_dim_00': 176, 'mlp_dim_01': 128, 'mlp_dim_02': 224, 'mlp_dim_03': 64, 'hidden_channels': 128, 'num_layers': 4, 'num_timesteps': 1, 'dropout': 0.020599095335367135, 'train_learning_rate': 0.002856219075306163, 'train_lr_reduce': 0.6}. Best is trial 130 with value: 0.0812772810459137.
[I 2024-12-16 00:49:58,363] Trial 1963 finished with value: 0.10714167356491089 and parameters: {'mlp_n_layers': 3, 'mlp_dim_00': 32, 'mlp_dim_01': 224, 'mlp_dim_02': 224, 'hidden_channels': 64, 'num_layers': 3, 'num_timesteps': 4, 'dropout': 0.025003312529599406, 'train_learning_rate': 0.005591253929653732, 'train_lr_reduce': 0.6}. Best is trial 130 with value: 0.0812772810459137.
[I 2024-12-16 00:49:59,598] Trial 1965 finished with value: 0.10447882115840912 and parameters: {'mlp_n_layers': 2, 'mlp_dim_00': 192, 'mlp_dim_01': 176, 'hidden_channels': 112, 'num_layers': 2, 'num_timesteps': 4, 'dropout': 0.23142899247821014, 'train_learning_rate': 0.008071012189440865, 'train_lr_reduce': 0.6}. Best is trial 130 with value: 0.0812772810459137.
[I 2024-12-16 00:50:00,815] Trial 1964 finished with value: 0.12483441084623337 and parameters: {'mlp_n_layers': 3, 'mlp_dim_00': 192, 'mlp_dim_01': 32, 'mlp_dim_02': 256, 'hidden_channels': 128, 'num_layers': 4, 'num_timesteps': 2, 'dropout': 0.2911644752129271, 'train_learning_rate': 0.0040029747950209825, 'train_lr_reduce': 0.6}. Best is trial 130 with value: 0.0812772810459137.
[I 2024-12-16 00:50:10,846] Trial 1967 finished with value: 0.10226017236709595 and parameters: {'mlp_n_layers': 2, 'mlp_dim_00': 256, 'mlp_dim_01': 224, 'hidden_channels': 64, 'num_layers': 1, 'num_timesteps': 3, 'dropout': 0.29081856824105334, 'train_learning_rate': 0.009948903695234046, 'train_lr_reduce': 0.6}. Best is trial 130 with value: 0.0812772810459137.
[I 2024-12-16 00:50:11,841] Trial 1966 finished with value: 0.0851970762014389 and parameters: {'mlp_n_layers': 2, 'mlp_dim_00': 176, 'mlp_dim_01': 160, 'hidden_channels': 80, 'num_layers': 1, 'num_timesteps': 4, 'dropout': 0.21906108833838195, 'train_learning_rate': 0.009903144771732144, 'train_lr_reduce': 0.6}. Best is trial 130 with value: 0.0812772810459137.
[I 2024-12-16 00:50:11,897] Trial 1968 finished with value: 0.09390194714069366 and parameters: {'mlp_n_layers': 2, 'mlp_dim_00': 256, 'mlp_dim_01': 144, 'hidden_channels': 48, 'num_layers': 1, 'num_timesteps': 2, 'dropout': 0.2582080332318615, 'train_learning_rate': 0.00615875466129833, 'train_lr_reduce': 0.6}. Best is trial 130 with value: 0.0812772810459137.
[I 2024-12-16 00:50:24,503] Trial 1969 finished with value: 0.12306630611419678 and parameters: {'mlp_n_layers': 3, 'mlp_dim_00': 256, 'mlp_dim_01': 176, 'mlp_dim_02': 224, 'hidden_channels': 80, 'num_layers': 2, 'num_timesteps': 4, 'dropout': 0.17413014828122608, 'train_learning_rate': 0.004512806860171089, 'train_lr_reduce': 0.6}. Best is trial 130 with value: 0.0812772810459137.
[I 2024-12-16 00:50:25,260] Trial 1971 finished with value: 0.10063216090202332 and parameters: {'mlp_n_layers': 3, 'mlp_dim_00': 160, 'mlp_dim_01': 160, 'mlp_dim_02': 256, 'hidden_channels': 96, 'num_layers': 1, 'num_timesteps': 4, 'dropout': 0.28370127552561303, 'train_learning_rate': 0.0040608275549141246, 'train_lr_reduce': 0.6}. Best is trial 130 with value: 0.0812772810459137.
[I 2024-12-16 00:50:25,582] Trial 1970 finished with value: 0.10080699622631073 and parameters: {'mlp_n_layers': 3, 'mlp_dim_00': 208, 'mlp_dim_01': 176, 'mlp_dim_02': 240, 'hidden_channels': 32, 'num_layers': 1, 'num_timesteps': 4, 'dropout': 0.2072633860783228, 'train_learning_rate': 0.007126317726791053, 'train_lr_reduce': 0.6}. Best is trial 130 with value: 0.0812772810459137.
[I 2024-12-16 00:50:38,240] Trial 1974 finished with value: 0.10887935012578964 and parameters: {'mlp_n_layers': 3, 'mlp_dim_00': 256, 'mlp_dim_01': 80, 'mlp_dim_02': 224, 'hidden_channels': 32, 'num_layers': 1, 'num_timesteps': 3, 'dropout': 0.28080599570909703, 'train_learning_rate': 0.00747245972511568, 'train_lr_reduce': 0.6}. Best is trial 130 with value: 0.0812772810459137.
[I 2024-12-16 00:50:39,994] Trial 1972 finished with value: 0.12759217619895935 and parameters: {'mlp_n_layers': 3, 'mlp_dim_00': 256, 'mlp_dim_01': 128, 'mlp_dim_02': 224, 'hidden_channels': 144, 'num_layers': 1, 'num_timesteps': 2, 'dropout': 0.1161623576734874, 'train_learning_rate': 0.0006604132165998436, 'train_lr_reduce': 0.6}. Best is trial 130 with value: 0.0812772810459137.
[I 2024-12-16 00:50:53,737] Trial 1976 finished with value: 0.09323614090681076 and parameters: {'mlp_n_layers': 2, 'mlp_dim_00': 192, 'mlp_dim_01': 128, 'hidden_channels': 48, 'num_layers': 2, 'num_timesteps': 3, 'dropout': 0.21546149853507454, 'train_learning_rate': 0.009636938719010843, 'train_lr_reduce': 0.6}. Best is trial 130 with value: 0.0812772810459137.
[I 2024-12-16 00:50:53,911] Trial 1973 finished with value: 0.1410093456506729 and parameters: {'mlp_n_layers': 3, 'mlp_dim_00': 112, 'mlp_dim_01': 160, 'mlp_dim_02': 224, 'hidden_channels': 96, 'num_layers': 4, 'num_timesteps': 3, 'dropout': 0.16556172571766453, 'train_learning_rate': 0.0004906156820899522, 'train_lr_reduce': 0.6}. Best is trial 130 with value: 0.0812772810459137.
[I 2024-12-16 00:50:59,733] Trial 1975 finished with value: 0.09275815635919571 and parameters: {'mlp_n_layers': 2, 'mlp_dim_00': 208, 'mlp_dim_01': 160, 'hidden_channels': 112, 'num_layers': 3, 'num_timesteps': 3, 'dropout': 0.20171255307758174, 'train_learning_rate': 0.008079775689419958, 'train_lr_reduce': 0.6}. Best is trial 130 with value: 0.0812772810459137.
[I 2024-12-16 00:51:06,036] Trial 1977 finished with value: 0.11363276839256287 and parameters: {'mlp_n_layers': 2, 'mlp_dim_00': 160, 'mlp_dim_01': 160, 'hidden_channels': 96, 'num_layers': 1, 'num_timesteps': 4, 'dropout': 0.19185588769256384, 'train_learning_rate': 0.005623376920473702, 'train_lr_reduce': 0.6}. Best is trial 130 with value: 0.0812772810459137.
[I 2024-12-16 00:51:12,888] Trial 1979 finished with value: 0.12542793154716492 and parameters: {'mlp_n_layers': 2, 'mlp_dim_00': 256, 'mlp_dim_01': 176, 'hidden_channels': 80, 'num_layers': 1, 'num_timesteps': 3, 'dropout': 0.2880770448785016, 'train_learning_rate': 0.007559010542612592, 'train_lr_reduce': 0.6}. Best is trial 130 with value: 0.0812772810459137.
[I 2024-12-16 00:51:14,480] Trial 1980 finished with value: 0.10633861273527145 and parameters: {'mlp_n_layers': 2, 'mlp_dim_00': 144, 'mlp_dim_01': 208, 'hidden_channels': 32, 'num_layers': 1, 'num_timesteps': 3, 'dropout': 0.237543578561265, 'train_learning_rate': 0.009888364864028429, 'train_lr_reduce': 0.6}. Best is trial 130 with value: 0.0812772810459137.
