[I 2024-12-26 08:08:39,927] Trial 2154 finished with value: 0.07159700989723206 and parameters: {'L1_hidden_dim': 64, 'L1_layers_atom': 3, 'L1_layers_mol': 2, 'L1_dropout': 0.2608536696707846, 'L1_out_dim': 128, 'L2_hidden_dim': 160, 'L2_layers_atom': 2, 'L2_layers_mol': 3, 'L2_out_dim': 128, 'L2_dropout': 0.12861566805520858, 'L3_hidden_dim': 128, 'L3_layers_atom': 2, 'L3_layers_mol': 1, 'L3_out_dim': 96, 'L3_dropout': 0.26668102478626404, 'n_mlp_layers': 3, 'mlp_dim_0': 264, 'mlp_dim_1': 448, 'mlp_dim_2': 32, 'num_heads': 1, 'final_dropout': 0.1590583179399861, 'train_learning_rate': 0.002141645276354528, 'train_lr_reduce': 0.6}. Best is trial 1286 with value: 0.03935658559203148.
[I 2024-12-26 08:09:01,450] Trial 2155 finished with value: 0.07031478732824326 and parameters: {'L1_hidden_dim': 112, 'L1_layers_atom': 2, 'L1_layers_mol': 3, 'L1_dropout': 0.144155810636059, 'L1_out_dim': 64, 'L2_hidden_dim': 192, 'L2_layers_atom': 2, 'L2_layers_mol': 2, 'L2_out_dim': 96, 'L2_dropout': 0.05349105667871163, 'L3_hidden_dim': 128, 'L3_layers_atom': 3, 'L3_layers_mol': 1, 'L3_out_dim': 96, 'L3_dropout': 0.11478087546937482, 'n_mlp_layers': 2, 'mlp_dim_0': 368, 'mlp_dim_1': 512, 'num_heads': 1, 'final_dropout': 0.11018443062513897, 'train_learning_rate': 0.0007813740072935189, 'train_lr_reduce': 0.6}. Best is trial 1286 with value: 0.03935658559203148.
[I 2024-12-26 08:09:12,480] Trial 2156 finished with value: 0.09228041023015976 and parameters: {'L1_hidden_dim': 256, 'L1_layers_atom': 3, 'L1_layers_mol': 1, 'L1_dropout': 0.1917100287723468, 'L1_out_dim': 80, 'L2_hidden_dim': 128, 'L2_layers_atom': 1, 'L2_layers_mol': 2, 'L2_out_dim': 112, 'L2_dropout': 0.10244821979909799, 'L3_hidden_dim': 128, 'L3_layers_atom': 1, 'L3_layers_mol': 3, 'L3_out_dim': 48, 'L3_dropout': 0.11671921652329192, 'n_mlp_layers': 2, 'mlp_dim_0': 64, 'mlp_dim_1': 304, 'num_heads': 2, 'final_dropout': 0.26724324990714604, 'train_learning_rate': 0.0006626509641861026, 'train_lr_reduce': 0.6}. Best is trial 1286 with value: 0.03935658559203148.
[I 2024-12-26 08:10:42,941] Trial 2159 finished with value: 0.11413130909204483 and parameters: {'L1_hidden_dim': 240, 'L1_layers_atom': 1, 'L1_layers_mol': 4, 'L1_dropout': 0.28185374631926646, 'L1_out_dim': 48, 'L2_hidden_dim': 208, 'L2_layers_atom': 4, 'L2_layers_mol': 3, 'L2_out_dim': 96, 'L2_dropout': 0.22595859343825858, 'L3_hidden_dim': 80, 'L3_layers_atom': 1, 'L3_layers_mol': 4, 'L3_out_dim': 32, 'L3_dropout': 0.009867169825243799, 'n_mlp_layers': 1, 'mlp_dim_0': 160, 'num_heads': 2, 'final_dropout': 0.02088046698273069, 'train_learning_rate': 0.0012439292106796304, 'train_lr_reduce': 0.6}. Best is trial 1286 with value: 0.03935658559203148.
[I 2024-12-26 08:10:50,963] Trial 2158 finished with value: 0.08846499025821686 and parameters: {'L1_hidden_dim': 240, 'L1_layers_atom': 4, 'L1_layers_mol': 1, 'L1_dropout': 0.08711241895263283, 'L1_out_dim': 64, 'L2_hidden_dim': 240, 'L2_layers_atom': 3, 'L2_layers_mol': 3, 'L2_out_dim': 128, 'L2_dropout': 0.031228101526241364, 'L3_hidden_dim': 96, 'L3_layers_atom': 3, 'L3_layers_mol': 1, 'L3_out_dim': 128, 'L3_dropout': 0.16242672627498878, 'n_mlp_layers': 2, 'mlp_dim_0': 320, 'mlp_dim_1': 416, 'num_heads': 1, 'final_dropout': 0.07290902708473254, 'train_learning_rate': 0.00022042136821971716, 'train_lr_reduce': 0.6}. Best is trial 1286 with value: 0.03935658559203148.
[I 2024-12-26 08:11:08,916] Trial 2157 finished with value: 0.1455538421869278 and parameters: {'L1_hidden_dim': 64, 'L1_layers_atom': 4, 'L1_layers_mol': 3, 'L1_dropout': 0.16536358857108208, 'L1_out_dim': 64, 'L2_hidden_dim': 208, 'L2_layers_atom': 1, 'L2_layers_mol': 2, 'L2_out_dim': 96, 'L2_dropout': 0.004819199834746442, 'L3_hidden_dim': 128, 'L3_layers_atom': 4, 'L3_layers_mol': 1, 'L3_out_dim': 96, 'L3_dropout': 0.24176236750217656, 'n_mlp_layers': 2, 'mlp_dim_0': 328, 'mlp_dim_1': 376, 'num_heads': 1, 'final_dropout': 0.21410199193496748, 'train_learning_rate': 0.005168739282961917, 'train_lr_reduce': 0.6}. Best is trial 1286 with value: 0.03935658559203148.
[I 2024-12-26 08:11:10,809] Trial 2161 finished with value: 1.0696955919265747 and parameters: {'L1_hidden_dim': 128, 'L1_layers_atom': 3, 'L1_layers_mol': 4, 'L1_dropout': 0.04347804206275807, 'L1_out_dim': 96, 'L2_hidden_dim': 96, 'L2_layers_atom': 3, 'L2_layers_mol': 4, 'L2_out_dim': 48, 'L2_dropout': 0.010153963493578999, 'L3_hidden_dim': 48, 'L3_layers_atom': 2, 'L3_layers_mol': 4, 'L3_out_dim': 96, 'L3_dropout': 0.03610646045472318, 'n_mlp_layers': 1, 'mlp_dim_0': 352, 'num_heads': 1, 'final_dropout': 0.08369865419320413, 'train_learning_rate': 0.00015265009336838366, 'train_lr_reduce': 0.6}. Best is trial 1286 with value: 0.03935658559203148.
[I 2024-12-26 08:11:29,323] Trial 2163 finished with value: 0.8009944558143616 and parameters: {'L1_hidden_dim': 160, 'L1_layers_atom': 3, 'L1_layers_mol': 4, 'L1_dropout': 0.227014031972758, 'L1_out_dim': 32, 'L2_hidden_dim': 208, 'L2_layers_atom': 1, 'L2_layers_mol': 4, 'L2_out_dim': 80, 'L2_dropout': 0.08891806136229806, 'L3_hidden_dim': 96, 'L3_layers_atom': 1, 'L3_layers_mol': 4, 'L3_out_dim': 32, 'L3_dropout': 0.2926271375200804, 'n_mlp_layers': 1, 'mlp_dim_0': 72, 'num_heads': 1, 'final_dropout': 0.01872793432528408, 'train_learning_rate': 0.007728744739431051, 'train_lr_reduce': 0.6}. Best is trial 1286 with value: 0.03935658559203148.
[I 2024-12-26 08:12:21,758] Trial 2160 finished with value: 0.10106926411390305 and parameters: {'L1_hidden_dim': 96, 'L1_layers_atom': 3, 'L1_layers_mol': 3, 'L1_dropout': 0.23661004175841494, 'L1_out_dim': 64, 'L2_hidden_dim': 224, 'L2_layers_atom': 2, 'L2_layers_mol': 4, 'L2_out_dim': 64, 'L2_dropout': 0.0742946276504069, 'L3_hidden_dim': 64, 'L3_layers_atom': 4, 'L3_layers_mol': 3, 'L3_out_dim': 64, 'L3_dropout': 0.08510582810111525, 'n_mlp_layers': 3, 'mlp_dim_0': 280, 'mlp_dim_1': 464, 'mlp_dim_2': 160, 'num_heads': 1, 'final_dropout': 0.07255177273431594, 'train_learning_rate': 0.005270571733071909, 'train_lr_reduce': 0.6}. Best is trial 1286 with value: 0.03935658559203148.
[I 2024-12-26 08:12:25,580] Trial 2164 finished with value: 0.10797952115535736 and parameters: {'L1_hidden_dim': 208, 'L1_layers_atom': 1, 'L1_layers_mol': 4, 'L1_dropout': 0.16017359851662744, 'L1_out_dim': 32, 'L2_hidden_dim': 240, 'L2_layers_atom': 2, 'L2_layers_mol': 1, 'L2_out_dim': 32, 'L2_dropout': 0.10653553562872337, 'L3_hidden_dim': 32, 'L3_layers_atom': 3, 'L3_layers_mol': 2, 'L3_out_dim': 96, 'L3_dropout': 0.1267460357192378, 'n_mlp_layers': 3, 'mlp_dim_0': 88, 'mlp_dim_1': 480, 'mlp_dim_2': 104, 'num_heads': 2, 'final_dropout': 0.10001336163957605, 'train_learning_rate': 0.0032897792865597144, 'train_lr_reduce': 0.6}. Best is trial 1286 with value: 0.03935658559203148.
[I 2024-12-26 08:12:52,076] Trial 2162 finished with value: 0.15299716591835022 and parameters: {'L1_hidden_dim': 256, 'L1_layers_atom': 1, 'L1_layers_mol': 2, 'L1_dropout': 0.07625138913809398, 'L1_out_dim': 32, 'L2_hidden_dim': 112, 'L2_layers_atom': 1, 'L2_layers_mol': 4, 'L2_out_dim': 128, 'L2_dropout': 0.1539809479592933, 'L3_hidden_dim': 128, 'L3_layers_atom': 2, 'L3_layers_mol': 1, 'L3_out_dim': 32, 'L3_dropout': 0.25249475744294547, 'n_mlp_layers': 2, 'mlp_dim_0': 328, 'mlp_dim_1': 336, 'num_heads': 1, 'final_dropout': 0.07563244968359546, 'train_learning_rate': 0.0010908652298572867, 'train_lr_reduce': 0.6}. Best is trial 1286 with value: 0.03935658559203148.
[I 2024-12-26 08:13:53,233] Trial 2165 finished with value: 0.07689368724822998 and parameters: {'L1_hidden_dim': 64, 'L1_layers_atom': 3, 'L1_layers_mol': 2, 'L1_dropout': 0.20740239029659507, 'L1_out_dim': 96, 'L2_hidden_dim': 176, 'L2_layers_atom': 1, 'L2_layers_mol': 3, 'L2_out_dim': 128, 'L2_dropout': 0.06265033078392668, 'L3_hidden_dim': 128, 'L3_layers_atom': 3, 'L3_layers_mol': 2, 'L3_out_dim': 96, 'L3_dropout': 0.028664413097790754, 'n_mlp_layers': 2, 'mlp_dim_0': 280, 'mlp_dim_1': 376, 'num_heads': 2, 'final_dropout': 0.17301064490128523, 'train_learning_rate': 0.0007993266172973792, 'train_lr_reduce': 0.6}. Best is trial 1286 with value: 0.03935658559203148.
[I 2024-12-26 08:14:15,414] Trial 2166 finished with value: 0.2890053987503052 and parameters: {'L1_hidden_dim': 176, 'L1_layers_atom': 3, 'L1_layers_mol': 2, 'L1_dropout': 0.27472741422027763, 'L1_out_dim': 128, 'L2_hidden_dim': 144, 'L2_layers_atom': 4, 'L2_layers_mol': 2, 'L2_out_dim': 128, 'L2_dropout': 0.16661863711322947, 'L3_hidden_dim': 112, 'L3_layers_atom': 3, 'L3_layers_mol': 1, 'L3_out_dim': 128, 'L3_dropout': 0.19906035311890732, 'n_mlp_layers': 1, 'mlp_dim_0': 104, 'num_heads': 2, 'final_dropout': 0.2888153925233268, 'train_learning_rate': 0.00035175709907126, 'train_lr_reduce': 0.6}. Best is trial 1286 with value: 0.03935658559203148.
[I 2024-12-26 08:14:35,258] Trial 2167 finished with value: 0.0798974558711052 and parameters: {'L1_hidden_dim': 112, 'L1_layers_atom': 3, 'L1_layers_mol': 4, 'L1_dropout': 0.18633554429720434, 'L1_out_dim': 32, 'L2_hidden_dim': 176, 'L2_layers_atom': 2, 'L2_layers_mol': 3, 'L2_out_dim': 32, 'L2_dropout': 0.06922601418433127, 'L3_hidden_dim': 64, 'L3_layers_atom': 3, 'L3_layers_mol': 3, 'L3_out_dim': 80, 'L3_dropout': 0.012660722554069768, 'n_mlp_layers': 3, 'mlp_dim_0': 488, 'mlp_dim_1': 432, 'mlp_dim_2': 232, 'num_heads': 1, 'final_dropout': 0.1998981967711149, 'train_learning_rate': 0.0042348291076991776, 'train_lr_reduce': 0.6}. Best is trial 1286 with value: 0.03935658559203148.
[I 2024-12-26 08:15:46,164] Trial 2169 finished with value: 0.11157142370939255 and parameters: {'L1_hidden_dim': 176, 'L1_layers_atom': 2, 'L1_layers_mol': 2, 'L1_dropout': 0.17161983225968505, 'L1_out_dim': 32, 'L2_hidden_dim': 192, 'L2_layers_atom': 2, 'L2_layers_mol': 2, 'L2_out_dim': 128, 'L2_dropout': 0.299907903178229, 'L3_hidden_dim': 96, 'L3_layers_atom': 3, 'L3_layers_mol': 1, 'L3_out_dim': 96, 'L3_dropout': 0.22512670767180118, 'n_mlp_layers': 2, 'mlp_dim_0': 256, 'mlp_dim_1': 408, 'num_heads': 1, 'final_dropout': 0.024619562153467722, 'train_learning_rate': 0.0007196560408883706, 'train_lr_reduce': 0.6}. Best is trial 1286 with value: 0.03935658559203148.
[I 2024-12-26 08:15:55,002] Trial 2170 finished with value: 0.08974365890026093 and parameters: {'L1_hidden_dim': 224, 'L1_layers_atom': 4, 'L1_layers_mol': 4, 'L1_dropout': 0.2728249189854861, 'L1_out_dim': 48, 'L2_hidden_dim': 64, 'L2_layers_atom': 1, 'L2_layers_mol': 2, 'L2_out_dim': 80, 'L2_dropout': 0.1403316992704312, 'L3_hidden_dim': 112, 'L3_layers_atom': 1, 'L3_layers_mol': 2, 'L3_out_dim': 80, 'L3_dropout': 0.05727500691787675, 'n_mlp_layers': 3, 'mlp_dim_0': 32, 'mlp_dim_1': 480, 'mlp_dim_2': 80, 'num_heads': 2, 'final_dropout': 0.04789564415572364, 'train_learning_rate': 0.0038409033629554588, 'train_lr_reduce': 0.6}. Best is trial 1286 with value: 0.03935658559203148.
[I 2024-12-26 08:15:56,673] Trial 2168 finished with value: 0.07679583132266998 and parameters: {'L1_hidden_dim': 64, 'L1_layers_atom': 4, 'L1_layers_mol': 4, 'L1_dropout': 0.2239962108807292, 'L1_out_dim': 48, 'L2_hidden_dim': 256, 'L2_layers_atom': 1, 'L2_layers_mol': 3, 'L2_out_dim': 112, 'L2_dropout': 0.022657955386271685, 'L3_hidden_dim': 80, 'L3_layers_atom': 2, 'L3_layers_mol': 1, 'L3_out_dim': 64, 'L3_dropout': 0.12462775775637339, 'n_mlp_layers': 2, 'mlp_dim_0': 272, 'mlp_dim_1': 280, 'num_heads': 2, 'final_dropout': 0.2493082287974666, 'train_learning_rate': 0.003812025164984637, 'train_lr_reduce': 0.6}. Best is trial 1286 with value: 0.03935658559203148.
[I 2024-12-26 08:16:44,925] Trial 2171 finished with value: 0.08198448270559311 and parameters: {'L1_hidden_dim': 96, 'L1_layers_atom': 4, 'L1_layers_mol': 3, 'L1_dropout': 0.19432793080911265, 'L1_out_dim': 128, 'L2_hidden_dim': 144, 'L2_layers_atom': 1, 'L2_layers_mol': 1, 'L2_out_dim': 128, 'L2_dropout': 0.11381110554351226, 'L3_hidden_dim': 80, 'L3_layers_atom': 4, 'L3_layers_mol': 1, 'L3_out_dim': 80, 'L3_dropout': 0.2604451508037659, 'n_mlp_layers': 2, 'mlp_dim_0': 72, 'mlp_dim_1': 352, 'num_heads': 2, 'final_dropout': 0.031767267811834615, 'train_learning_rate': 0.0016505350142280465, 'train_lr_reduce': 0.6}. Best is trial 1286 with value: 0.03935658559203148.
[I 2024-12-26 08:17:07,984] Trial 2173 finished with value: 0.09136443585157394 and parameters: {'L1_hidden_dim': 192, 'L1_layers_atom': 2, 'L1_layers_mol': 3, 'L1_dropout': 0.2338688872421874, 'L1_out_dim': 64, 'L2_hidden_dim': 208, 'L2_layers_atom': 2, 'L2_layers_mol': 2, 'L2_out_dim': 112, 'L2_dropout': 0.05790016871947845, 'L3_hidden_dim': 112, 'L3_layers_atom': 2, 'L3_layers_mol': 1, 'L3_out_dim': 128, 'L3_dropout': 0.0797392119714618, 'n_mlp_layers': 3, 'mlp_dim_0': 288, 'mlp_dim_1': 440, 'mlp_dim_2': 144, 'num_heads': 1, 'final_dropout': 0.08240051060501949, 'train_learning_rate': 0.001722019562750556, 'train_lr_reduce': 0.6}. Best is trial 1286 with value: 0.03935658559203148.
[I 2024-12-26 08:17:32,228] Trial 2172 finished with value: 0.1041034609079361 and parameters: {'L1_hidden_dim': 256, 'L1_layers_atom': 4, 'L1_layers_mol': 3, 'L1_dropout': 0.24753539341908745, 'L1_out_dim': 32, 'L2_hidden_dim': 208, 'L2_layers_atom': 4, 'L2_layers_mol': 2, 'L2_out_dim': 48, 'L2_dropout': 0.015447797762542403, 'L3_hidden_dim': 32, 'L3_layers_atom': 3, 'L3_layers_mol': 2, 'L3_out_dim': 64, 'L3_dropout': 0.23102104249802502, 'n_mlp_layers': 1, 'mlp_dim_0': 256, 'num_heads': 2, 'final_dropout': 0.10585142613571287, 'train_learning_rate': 0.005456470792183804, 'train_lr_reduce': 0.6}. Best is trial 1286 with value: 0.03935658559203148.
[I 2024-12-26 08:18:07,318] Trial 2174 finished with value: 0.08252935856580734 and parameters: {'L1_hidden_dim': 144, 'L1_layers_atom': 4, 'L1_layers_mol': 4, 'L1_dropout': 0.25921879187126384, 'L1_out_dim': 96, 'L2_hidden_dim': 192, 'L2_layers_atom': 3, 'L2_layers_mol': 2, 'L2_out_dim': 96, 'L2_dropout': 0.019396966211416088, 'L3_hidden_dim': 96, 'L3_layers_atom': 4, 'L3_layers_mol': 1, 'L3_out_dim': 80, 'L3_dropout': 0.01976446489406583, 'n_mlp_layers': 2, 'mlp_dim_0': 120, 'mlp_dim_1': 512, 'num_heads': 2, 'final_dropout': 0.20077213809346023, 'train_learning_rate': 0.003843387798121136, 'train_lr_reduce': 0.6}. Best is trial 1286 with value: 0.03935658559203148.
[I 2024-12-26 08:18:22,196] Trial 2175 finished with value: 0.08958826214075089 and parameters: {'L1_hidden_dim': 80, 'L1_layers_atom': 3, 'L1_layers_mol': 4, 'L1_dropout': 0.2845153755242499, 'L1_out_dim': 48, 'L2_hidden_dim': 192, 'L2_layers_atom': 2, 'L2_layers_mol': 1, 'L2_out_dim': 96, 'L2_dropout': 0.015550268084503709, 'L3_hidden_dim': 128, 'L3_layers_atom': 2, 'L3_layers_mol': 2, 'L3_out_dim': 112, 'L3_dropout': 0.0855767078670972, 'n_mlp_layers': 3, 'mlp_dim_0': 208, 'mlp_dim_1': 328, 'mlp_dim_2': 104, 'num_heads': 1, 'final_dropout': 0.038325411002193076, 'train_learning_rate': 0.0013853000700418006, 'train_lr_reduce': 0.6}. Best is trial 1286 with value: 0.03935658559203148.
[I 2024-12-26 08:19:11,578] Trial 2177 finished with value: 0.10079342871904373 and parameters: {'L1_hidden_dim': 144, 'L1_layers_atom': 3, 'L1_layers_mol': 2, 'L1_dropout': 0.037988564418370036, 'L1_out_dim': 80, 'L2_hidden_dim': 256, 'L2_layers_atom': 4, 'L2_layers_mol': 4, 'L2_out_dim': 48, 'L2_dropout': 0.22960961568108051, 'L3_hidden_dim': 32, 'L3_layers_atom': 4, 'L3_layers_mol': 4, 'L3_out_dim': 64, 'L3_dropout': 0.14740422584157575, 'n_mlp_layers': 3, 'mlp_dim_0': 128, 'mlp_dim_1': 376, 'mlp_dim_2': 32, 'num_heads': 2, 'final_dropout': 0.1454179511989421, 'train_learning_rate': 0.001661194702816404, 'train_lr_reduce': 0.6}. Best is trial 1286 with value: 0.03935658559203148.
[I 2024-12-26 08:19:14,493] Trial 2176 finished with value: 0.06765588372945786 and parameters: {'L1_hidden_dim': 80, 'L1_layers_atom': 4, 'L1_layers_mol': 4, 'L1_dropout': 0.2927062054606844, 'L1_out_dim': 64, 'L2_hidden_dim': 128, 'L2_layers_atom': 2, 'L2_layers_mol': 1, 'L2_out_dim': 96, 'L2_dropout': 0.01366406957948665, 'L3_hidden_dim': 96, 'L3_layers_atom': 4, 'L3_layers_mol': 1, 'L3_out_dim': 96, 'L3_dropout': 0.22330254070010183, 'n_mlp_layers': 2, 'mlp_dim_0': 272, 'mlp_dim_1': 240, 'num_heads': 1, 'final_dropout': 0.08425721916206474, 'train_learning_rate': 0.0005700125971490822, 'train_lr_reduce': 0.6}. Best is trial 1286 with value: 0.03935658559203148.
[I 2024-12-26 08:19:32,095] Trial 2178 finished with value: 0.11629216372966766 and parameters: {'L1_hidden_dim': 112, 'L1_layers_atom': 4, 'L1_layers_mol': 3, 'L1_dropout': 0.11575055466912328, 'L1_out_dim': 64, 'L2_hidden_dim': 240, 'L2_layers_atom': 3, 'L2_layers_mol': 4, 'L2_out_dim': 32, 'L2_dropout': 0.07652719358230567, 'L3_hidden_dim': 32, 'L3_layers_atom': 3, 'L3_layers_mol': 3, 'L3_out_dim': 112, 'L3_dropout': 0.0003412425333467555, 'n_mlp_layers': 3, 'mlp_dim_0': 464, 'mlp_dim_1': 440, 'mlp_dim_2': 280, 'num_heads': 1, 'final_dropout': 0.12602212395999318, 'train_learning_rate': 0.0027815760318147253, 'train_lr_reduce': 0.6}. Best is trial 1286 with value: 0.03935658559203148.
[I 2024-12-26 08:20:33,408] Trial 2180 finished with value: 0.07105743139982224 and parameters: {'L1_hidden_dim': 64, 'L1_layers_atom': 4, 'L1_layers_mol': 4, 'L1_dropout': 0.19648224737521297, 'L1_out_dim': 80, 'L2_hidden_dim': 224, 'L2_layers_atom': 1, 'L2_layers_mol': 1, 'L2_out_dim': 64, 'L2_dropout': 0.06522827024932362, 'L3_hidden_dim': 112, 'L3_layers_atom': 3, 'L3_layers_mol': 2, 'L3_out_dim': 80, 'L3_dropout': 0.23426832421017801, 'n_mlp_layers': 3, 'mlp_dim_0': 232, 'mlp_dim_1': 408, 'mlp_dim_2': 200, 'num_heads': 1, 'final_dropout': 0.05378288419709705, 'train_learning_rate': 0.0019855841511797773, 'train_lr_reduce': 0.6}. Best is trial 1286 with value: 0.03935658559203148.
[I 2024-12-26 08:20:41,320] Trial 2181 finished with value: 0.07234005630016327 and parameters: {'L1_hidden_dim': 80, 'L1_layers_atom': 4, 'L1_layers_mol': 4, 'L1_dropout': 0.2392511291144831, 'L1_out_dim': 80, 'L2_hidden_dim': 176, 'L2_layers_atom': 2, 'L2_layers_mol': 4, 'L2_out_dim': 48, 'L2_dropout': 0.020627643477249637, 'L3_hidden_dim': 96, 'L3_layers_atom': 4, 'L3_layers_mol': 2, 'L3_out_dim': 48, 'L3_dropout': 0.2962586732570711, 'n_mlp_layers': 2, 'mlp_dim_0': 88, 'mlp_dim_1': 464, 'num_heads': 1, 'final_dropout': 0.08279874354021421, 'train_learning_rate': 0.0017624544301748308, 'train_lr_reduce': 0.6}. Best is trial 1286 with value: 0.03935658559203148.
[I 2024-12-26 08:20:42,015] Trial 2179 finished with value: 0.0763409435749054 and parameters: {'L1_hidden_dim': 80, 'L1_layers_atom': 4, 'L1_layers_mol': 2, 'L1_dropout': 0.28250864624816996, 'L1_out_dim': 128, 'L2_hidden_dim': 128, 'L2_layers_atom': 2, 'L2_layers_mol': 4, 'L2_out_dim': 112, 'L2_dropout': 0.06017698631316544, 'L3_hidden_dim': 128, 'L3_layers_atom': 2, 'L3_layers_mol': 1, 'L3_out_dim': 112, 'L3_dropout': 0.21151114454668807, 'n_mlp_layers': 2, 'mlp_dim_0': 416, 'mlp_dim_1': 296, 'num_heads': 1, 'final_dropout': 0.03679261844466988, 'train_learning_rate': 0.0017464967473976088, 'train_lr_reduce': 0.6}. Best is trial 1286 with value: 0.03935658559203148.
[I 2024-12-26 08:21:47,888] Trial 2184 finished with value: 0.10260668396949768 and parameters: {'L1_hidden_dim': 128, 'L1_layers_atom': 4, 'L1_layers_mol': 1, 'L1_dropout': 0.2637102126491146, 'L1_out_dim': 128, 'L2_hidden_dim': 192, 'L2_layers_atom': 4, 'L2_layers_mol': 1, 'L2_out_dim': 80, 'L2_dropout': 0.0018697801286564923, 'L3_hidden_dim': 96, 'L3_layers_atom': 4, 'L3_layers_mol': 2, 'L3_out_dim': 96, 'L3_dropout': 0.2677797978143813, 'n_mlp_layers': 3, 'mlp_dim_0': 48, 'mlp_dim_1': 512, 'mlp_dim_2': 72, 'num_heads': 1, 'final_dropout': 0.005426320670136903, 'train_learning_rate': 0.0028285868473552416, 'train_lr_reduce': 0.6}. Best is trial 1286 with value: 0.03935658559203148.
[I 2024-12-26 08:22:02,994] Trial 2183 finished with value: 0.09962202608585358 and parameters: {'L1_hidden_dim': 208, 'L1_layers_atom': 2, 'L1_layers_mol': 4, 'L1_dropout': 0.06555902434188357, 'L1_out_dim': 80, 'L2_hidden_dim': 96, 'L2_layers_atom': 2, 'L2_layers_mol': 3, 'L2_out_dim': 32, 'L2_dropout': 0.16496014232704398, 'L3_hidden_dim': 48, 'L3_layers_atom': 2, 'L3_layers_mol': 3, 'L3_out_dim': 32, 'L3_dropout': 0.17082691752873116, 'n_mlp_layers': 1, 'mlp_dim_0': 136, 'num_heads': 1, 'final_dropout': 0.2035404667654698, 'train_learning_rate': 0.0013851383170278796, 'train_lr_reduce': 0.6}. Best is trial 1286 with value: 0.03935658559203148.
[I 2024-12-26 08:22:43,101] Trial 2182 finished with value: 0.1589415967464447 and parameters: {'L1_hidden_dim': 160, 'L1_layers_atom': 2, 'L1_layers_mol': 3, 'L1_dropout': 0.20512364316291973, 'L1_out_dim': 96, 'L2_hidden_dim': 240, 'L2_layers_atom': 2, 'L2_layers_mol': 3, 'L2_out_dim': 80, 'L2_dropout': 0.23675302413986363, 'L3_hidden_dim': 48, 'L3_layers_atom': 2, 'L3_layers_mol': 3, 'L3_out_dim': 80, 'L3_dropout': 0.00659350385215926, 'n_mlp_layers': 2, 'mlp_dim_0': 160, 'mlp_dim_1': 392, 'num_heads': 2, 'final_dropout': 0.0425903162672842, 'train_learning_rate': 0.00034479961508915346, 'train_lr_reduce': 0.6}. Best is trial 1286 with value: 0.03935658559203148.
[I 2024-12-26 08:23:32,407] Trial 2186 finished with value: 0.1279521882534027 and parameters: {'L1_hidden_dim': 64, 'L1_layers_atom': 2, 'L1_layers_mol': 2, 'L1_dropout': 0.2664506671137283, 'L1_out_dim': 128, 'L2_hidden_dim': 240, 'L2_layers_atom': 1, 'L2_layers_mol': 3, 'L2_out_dim': 80, 'L2_dropout': 0.01692082267049051, 'L3_hidden_dim': 96, 'L3_layers_atom': 3, 'L3_layers_mol': 3, 'L3_out_dim': 96, 'L3_dropout': 0.26292275251045805, 'n_mlp_layers': 2, 'mlp_dim_0': 208, 'mlp_dim_1': 440, 'num_heads': 1, 'final_dropout': 0.20855359932145168, 'train_learning_rate': 0.005513691961810869, 'train_lr_reduce': 0.6}. Best is trial 1286 with value: 0.03935658559203148.
