[I 2024-12-19 17:55:14,834] Trial 107 finished with value: 0.13693678379058838 and parameters: {'mlp_n_layers': 3, 'mlp_dim_00': 346, 'mlp_dim_01': 231, 'mlp_dim_02': 406, 'node_hidden_dim': 96, 'edge_hidden_dim': 61, 'depth': 1, 'rep_dropout': 0.11878294466383287, 'train_learning_rate': 0.0010405871142902165, 'train_lr_reduce': 0.6}. Best is trial 95 with value: 0.09997481852769852.
[I 2024-12-19 17:55:30,754] Trial 114 finished with value: 0.3791191875934601 and parameters: {'mlp_n_layers': 4, 'mlp_dim_00': 359, 'mlp_dim_01': 406, 'mlp_dim_02': 388, 'mlp_dim_03': 368, 'node_hidden_dim': 66, 'edge_hidden_dim': 72, 'depth': 1, 'rep_dropout': 0.1339265974498826, 'train_learning_rate': 0.005784066617942935, 'train_lr_reduce': 0.6}. Best is trial 95 with value: 0.09997481852769852.
[I 2024-12-19 17:55:32,330] Trial 112 finished with value: 0.11027618497610092 and parameters: {'mlp_n_layers': 4, 'mlp_dim_00': 480, 'mlp_dim_01': 411, 'mlp_dim_02': 410, 'mlp_dim_03': 413, 'node_hidden_dim': 91, 'edge_hidden_dim': 74, 'depth': 1, 'rep_dropout': 0.11456404697604439, 'train_learning_rate': 0.0017894015559379221, 'train_lr_reduce': 0.6}. Best is trial 95 with value: 0.09997481852769852.
[I 2024-12-19 17:55:34,053] Trial 113 finished with value: 0.13137206435203552 and parameters: {'mlp_n_layers': 3, 'mlp_dim_00': 510, 'mlp_dim_01': 263, 'mlp_dim_02': 440, 'node_hidden_dim': 105, 'edge_hidden_dim': 96, 'depth': 1, 'rep_dropout': 0.09059857813755096, 'train_learning_rate': 0.0010447673573993695, 'train_lr_reduce': 0.6}. Best is trial 95 with value: 0.09997481852769852.
[I 2024-12-19 17:55:37,269] Trial 116 finished with value: 1.5693135261535645 and parameters: {'mlp_n_layers': 3, 'mlp_dim_00': 494, 'mlp_dim_01': 441, 'mlp_dim_02': 388, 'node_hidden_dim': 87, 'edge_hidden_dim': 65, 'depth': 1, 'rep_dropout': 0.10999434794002279, 'train_learning_rate': 0.004942268453147272, 'train_lr_reduce': 0.6}. Best is trial 95 with value: 0.09997481852769852.
[I 2024-12-19 17:55:51,338] Trial 117 finished with value: 0.4316074252128601 and parameters: {'mlp_n_layers': 4, 'mlp_dim_00': 427, 'mlp_dim_01': 458, 'mlp_dim_02': 389, 'mlp_dim_03': 398, 'node_hidden_dim': 108, 'edge_hidden_dim': 85, 'depth': 1, 'rep_dropout': 0.13303721547872366, 'train_learning_rate': 0.0006866853965207692, 'train_lr_reduce': 0.6}. Best is trial 95 with value: 0.09997481852769852.
[I 2024-12-19 17:56:05,276] Trial 118 finished with value: 0.21766144037246704 and parameters: {'mlp_n_layers': 4, 'mlp_dim_00': 493, 'mlp_dim_01': 481, 'mlp_dim_02': 392, 'mlp_dim_03': 447, 'node_hidden_dim': 64, 'edge_hidden_dim': 68, 'depth': 1, 'rep_dropout': 0.1285185338535335, 'train_learning_rate': 0.0007784152481486479, 'train_lr_reduce': 0.6}. Best is trial 95 with value: 0.09997481852769852.
[I 2024-12-19 17:56:13,519] Trial 115 finished with value: 0.1266574263572693 and parameters: {'mlp_n_layers': 3, 'mlp_dim_00': 488, 'mlp_dim_01': 351, 'mlp_dim_02': 445, 'node_hidden_dim': 109, 'edge_hidden_dim': 70, 'depth': 1, 'rep_dropout': 0.0987410902715603, 'train_learning_rate': 0.0005768542885476154, 'train_lr_reduce': 0.6}. Best is trial 95 with value: 0.09997481852769852.
[I 2024-12-19 17:56:36,231] Trial 119 finished with value: 0.11837609112262726 and parameters: {'mlp_n_layers': 4, 'mlp_dim_00': 464, 'mlp_dim_01': 304, 'mlp_dim_02': 382, 'mlp_dim_03': 392, 'node_hidden_dim': 94, 'edge_hidden_dim': 61, 'depth': 1, 'rep_dropout': 0.10302421697654016, 'train_learning_rate': 0.0015167051845423826, 'train_lr_reduce': 0.6}. Best is trial 95 with value: 0.09997481852769852.
[I 2024-12-19 17:56:43,798] Trial 120 finished with value: 0.12027083337306976 and parameters: {'mlp_n_layers': 3, 'mlp_dim_00': 511, 'mlp_dim_01': 267, 'mlp_dim_02': 413, 'node_hidden_dim': 97, 'edge_hidden_dim': 102, 'depth': 1, 'rep_dropout': 0.009845737525610045, 'train_learning_rate': 0.001072793792251545, 'train_lr_reduce': 0.6}. Best is trial 95 with value: 0.09997481852769852.
[I 2024-12-19 17:56:51,371] Trial 121 finished with value: 0.14466671645641327 and parameters: {'mlp_n_layers': 3, 'mlp_dim_00': 487, 'mlp_dim_01': 392, 'mlp_dim_02': 442, 'node_hidden_dim': 114, 'edge_hidden_dim': 85, 'depth': 2, 'rep_dropout': 0.08189857020298927, 'train_learning_rate': 0.00040645690423255724, 'train_lr_reduce': 0.6}. Best is trial 95 with value: 0.09997481852769852.
[I 2024-12-19 17:57:04,378] Trial 123 finished with value: 0.3000766932964325 and parameters: {'mlp_n_layers': 4, 'mlp_dim_00': 446, 'mlp_dim_01': 263, 'mlp_dim_02': 415, 'mlp_dim_03': 406, 'node_hidden_dim': 109, 'edge_hidden_dim': 87, 'depth': 1, 'rep_dropout': 0.024828591877583833, 'train_learning_rate': 0.0017558987758287564, 'train_lr_reduce': 0.6}. Best is trial 95 with value: 0.09997481852769852.
[I 2024-12-19 17:57:05,112] Trial 124 finished with value: 1.270473837852478 and parameters: {'mlp_n_layers': 4, 'mlp_dim_00': 451, 'mlp_dim_01': 262, 'mlp_dim_02': 412, 'mlp_dim_03': 395, 'node_hidden_dim': 60, 'edge_hidden_dim': 99, 'depth': 2, 'rep_dropout': 0.010094926497609001, 'train_learning_rate': 0.0007062686888078455, 'train_lr_reduce': 0.6}. Best is trial 95 with value: 0.09997481852769852.
[I 2024-12-19 17:57:18,585] Trial 122 finished with value: 0.09548358619213104 and parameters: {'mlp_n_layers': 4, 'mlp_dim_00': 500, 'mlp_dim_01': 375, 'mlp_dim_02': 373, 'mlp_dim_03': 428, 'node_hidden_dim': 82, 'edge_hidden_dim': 51, 'depth': 1, 'rep_dropout': 0.10923116915229059, 'train_learning_rate': 0.0011816999118183312, 'train_lr_reduce': 0.6}. Best is trial 122 with value: 0.09548358619213104.
[I 2024-12-19 17:57:42,892] Trial 125 finished with value: 0.27565887570381165 and parameters: {'mlp_n_layers': 2, 'mlp_dim_00': 429, 'mlp_dim_01': 279, 'node_hidden_dim': 102, 'edge_hidden_dim': 105, 'depth': 2, 'rep_dropout': 0.0177848847226409, 'train_learning_rate': 0.002482447314689428, 'train_lr_reduce': 0.6}. Best is trial 122 with value: 0.09548358619213104.
[I 2024-12-19 17:57:46,923] Trial 126 finished with value: 0.1291939616203308 and parameters: {'mlp_n_layers': 3, 'mlp_dim_00': 459, 'mlp_dim_01': 217, 'mlp_dim_02': 409, 'node_hidden_dim': 118, 'edge_hidden_dim': 114, 'depth': 1, 'rep_dropout': 0.016575744757255265, 'train_learning_rate': 0.001353641924913892, 'train_lr_reduce': 0.6}. Best is trial 122 with value: 0.09548358619213104.
[I 2024-12-19 17:57:57,896] Trial 129 finished with value: 1.267185091972351 and parameters: {'mlp_n_layers': 4, 'mlp_dim_00': 377, 'mlp_dim_01': 414, 'mlp_dim_02': 365, 'mlp_dim_03': 497, 'node_hidden_dim': 84, 'edge_hidden_dim': 75, 'depth': 2, 'rep_dropout': 0.11355581893283967, 'train_learning_rate': 0.0016202531665069028, 'train_lr_reduce': 0.6}. Best is trial 122 with value: 0.09548358619213104.
[I 2024-12-19 17:57:59,109] Trial 127 finished with value: 0.1281379908323288 and parameters: {'mlp_n_layers': 4, 'mlp_dim_00': 433, 'mlp_dim_01': 439, 'mlp_dim_02': 332, 'mlp_dim_03': 454, 'node_hidden_dim': 70, 'edge_hidden_dim': 110, 'depth': 1, 'rep_dropout': 0.09805466796335524, 'train_learning_rate': 0.0037740115127037005, 'train_lr_reduce': 0.6}. Best is trial 122 with value: 0.09548358619213104.
[I 2024-12-19 17:58:04,286] Trial 131 finished with value: 1.5565298795700073 and parameters: {'mlp_n_layers': 4, 'mlp_dim_00': 462, 'mlp_dim_01': 312, 'mlp_dim_02': 370, 'mlp_dim_03': 406, 'node_hidden_dim': 73, 'edge_hidden_dim': 49, 'depth': 2, 'rep_dropout': 0.08018688178019213, 'train_learning_rate': 0.004004457751064163, 'train_lr_reduce': 0.6}. Best is trial 122 with value: 0.09548358619213104.
[I 2024-12-19 17:58:23,071] Trial 132 finished with value: 0.3389528691768646 and parameters: {'mlp_n_layers': 4, 'mlp_dim_00': 447, 'mlp_dim_01': 272, 'mlp_dim_02': 370, 'mlp_dim_03': 419, 'node_hidden_dim': 91, 'edge_hidden_dim': 70, 'depth': 1, 'rep_dropout': 0.12294351063543142, 'train_learning_rate': 0.003142707309609984, 'train_lr_reduce': 0.6}. Best is trial 122 with value: 0.09548358619213104.
[I 2024-12-19 17:58:29,295] Trial 128 finished with value: 0.21861325204372406 and parameters: {'mlp_n_layers': 4, 'mlp_dim_00': 481, 'mlp_dim_01': 355, 'mlp_dim_02': 348, 'mlp_dim_03': 420, 'node_hidden_dim': 69, 'edge_hidden_dim': 39, 'depth': 1, 'rep_dropout': 0.12022006212404095, 'train_learning_rate': 0.0007910328908147705, 'train_lr_reduce': 0.6}. Best is trial 122 with value: 0.09548358619213104.
[I 2024-12-19 17:58:34,702] Trial 134 finished with value: 1.6718435287475586 and parameters: {'mlp_n_layers': 4, 'mlp_dim_00': 361, 'mlp_dim_01': 202, 'mlp_dim_02': 419, 'mlp_dim_03': 369, 'node_hidden_dim': 115, 'edge_hidden_dim': 76, 'depth': 1, 'rep_dropout': 0.010248630068240719, 'train_learning_rate': 0.00016011311974176628, 'train_lr_reduce': 0.6}. Best is trial 122 with value: 0.09548358619213104.
[I 2024-12-19 17:58:42,109] Trial 130 finished with value: 0.14953085780143738 and parameters: {'mlp_n_layers': 4, 'mlp_dim_00': 474, 'mlp_dim_01': 368, 'mlp_dim_02': 379, 'mlp_dim_03': 397, 'node_hidden_dim': 96, 'edge_hidden_dim': 68, 'depth': 1, 'rep_dropout': 0.09158365323908944, 'train_learning_rate': 0.0011849431187990888, 'train_lr_reduce': 0.6}. Best is trial 122 with value: 0.09548358619213104.
[I 2024-12-19 17:58:46,906] Trial 136 finished with value: 1.6477488279342651 and parameters: {'mlp_n_layers': 3, 'mlp_dim_00': 504, 'mlp_dim_01': 413, 'mlp_dim_02': 422, 'node_hidden_dim': 92, 'edge_hidden_dim': 48, 'depth': 2, 'rep_dropout': 0.0920007762779625, 'train_learning_rate': 0.0007248570936529339, 'train_lr_reduce': 0.6}. Best is trial 122 with value: 0.09548358619213104.
[I 2024-12-19 17:58:55,349] Trial 137 finished with value: 1.345435619354248 and parameters: {'mlp_n_layers': 3, 'mlp_dim_00': 503, 'mlp_dim_01': 456, 'mlp_dim_02': 305, 'node_hidden_dim': 121, 'edge_hidden_dim': 75, 'depth': 2, 'rep_dropout': 0.0070113018920942, 'train_learning_rate': 0.001123038850666961, 'train_lr_reduce': 0.6}. Best is trial 122 with value: 0.09548358619213104.
[I 2024-12-19 17:59:06,449] Trial 133 finished with value: 0.18015459179878235 and parameters: {'mlp_n_layers': 3, 'mlp_dim_00': 458, 'mlp_dim_01': 328, 'mlp_dim_02': 431, 'node_hidden_dim': 87, 'edge_hidden_dim': 107, 'depth': 1, 'rep_dropout': 0.017204930282127606, 'train_learning_rate': 0.0005345544367613128, 'train_lr_reduce': 0.6}. Best is trial 122 with value: 0.09548358619213104.
[I 2024-12-19 17:59:15,242] Trial 135 finished with value: 0.12298821657896042 and parameters: {'mlp_n_layers': 4, 'mlp_dim_00': 483, 'mlp_dim_01': 472, 'mlp_dim_02': 71, 'mlp_dim_03': 368, 'node_hidden_dim': 83, 'edge_hidden_dim': 43, 'depth': 1, 'rep_dropout': 0.12977046061899886, 'train_learning_rate': 0.0023771601043074556, 'train_lr_reduce': 0.6}. Best is trial 122 with value: 0.09548358619213104.
[I 2024-12-19 17:59:33,368] Trial 139 finished with value: 0.1712828427553177 and parameters: {'mlp_n_layers': 3, 'mlp_dim_00': 467, 'mlp_dim_01': 244, 'mlp_dim_02': 436, 'node_hidden_dim': 98, 'edge_hidden_dim': 44, 'depth': 1, 'rep_dropout': 0.1486404378559899, 'train_learning_rate': 0.0017701276087738222, 'train_lr_reduce': 0.6}. Best is trial 122 with value: 0.09548358619213104.
[I 2024-12-19 17:59:34,701] Trial 140 finished with value: 0.34806329011917114 and parameters: {'mlp_n_layers': 3, 'mlp_dim_00': 509, 'mlp_dim_01': 303, 'mlp_dim_02': 146, 'node_hidden_dim': 119, 'edge_hidden_dim': 82, 'depth': 1, 'rep_dropout': 0.01098210277836136, 'train_learning_rate': 0.0010818230360041539, 'train_lr_reduce': 0.6}. Best is trial 122 with value: 0.09548358619213104.
[I 2024-12-19 17:59:35,341] Trial 138 finished with value: 0.1943819224834442 and parameters: {'mlp_n_layers': 4, 'mlp_dim_00': 370, 'mlp_dim_01': 192, 'mlp_dim_02': 371, 'mlp_dim_03': 367, 'node_hidden_dim': 119, 'edge_hidden_dim': 63, 'depth': 1, 'rep_dropout': 0.08854401358560153, 'train_learning_rate': 0.001425051032249422, 'train_lr_reduce': 0.6}. Best is trial 122 with value: 0.09548358619213104.
[I 2024-12-19 17:59:38,655] Trial 142 finished with value: 1.5703126192092896 and parameters: {'mlp_n_layers': 3, 'mlp_dim_00': 491, 'mlp_dim_01': 428, 'mlp_dim_02': 79, 'node_hidden_dim': 71, 'edge_hidden_dim': 36, 'depth': 1, 'rep_dropout': 0.1075043815092577, 'train_learning_rate': 0.0036662123312035397, 'train_lr_reduce': 0.6}. Best is trial 122 with value: 0.09548358619213104.
[I 2024-12-19 17:59:50,511] Trial 143 finished with value: 0.377259761095047 and parameters: {'mlp_n_layers': 4, 'mlp_dim_00': 399, 'mlp_dim_01': 459, 'mlp_dim_02': 363, 'mlp_dim_03': 366, 'node_hidden_dim': 97, 'edge_hidden_dim': 49, 'depth': 1, 'rep_dropout': 0.13259079141483202, 'train_learning_rate': 0.0023783506009907728, 'train_lr_reduce': 0.6}. Best is trial 122 with value: 0.09548358619213104.
[I 2024-12-19 17:59:54,483] Trial 145 finished with value: 1.5645731687545776 and parameters: {'mlp_n_layers': 2, 'mlp_dim_00': 504, 'mlp_dim_01': 400, 'node_hidden_dim': 78, 'edge_hidden_dim': 68, 'depth': 1, 'rep_dropout': 0.06807684807272284, 'train_learning_rate': 0.0010717926544235679, 'train_lr_reduce': 0.6}. Best is trial 122 with value: 0.09548358619213104.
[I 2024-12-19 18:00:00,158] Trial 141 finished with value: 0.1604042649269104 and parameters: {'mlp_n_layers': 4, 'mlp_dim_00': 314, 'mlp_dim_01': 427, 'mlp_dim_02': 115, 'mlp_dim_03': 382, 'node_hidden_dim': 91, 'edge_hidden_dim': 49, 'depth': 1, 'rep_dropout': 0.0982472968297017, 'train_learning_rate': 0.0025319235399167577, 'train_lr_reduce': 0.6}. Best is trial 122 with value: 0.09548358619213104.
[I 2024-12-19 18:00:05,353] Trial 147 finished with value: 1.578391432762146 and parameters: {'mlp_n_layers': 3, 'mlp_dim_00': 507, 'mlp_dim_01': 491, 'mlp_dim_02': 70, 'node_hidden_dim': 93, 'edge_hidden_dim': 47, 'depth': 2, 'rep_dropout': 0.14669775751377884, 'train_learning_rate': 0.003004367358860607, 'train_lr_reduce': 0.6}. Best is trial 122 with value: 0.09548358619213104.
[I 2024-12-19 18:00:18,232] Trial 146 finished with value: 0.14378122985363007 and parameters: {'mlp_n_layers': 4, 'mlp_dim_00': 492, 'mlp_dim_01': 325, 'mlp_dim_02': 398, 'mlp_dim_03': 369, 'node_hidden_dim': 78, 'edge_hidden_dim': 57, 'depth': 1, 'rep_dropout': 0.07996254436464716, 'train_learning_rate': 0.0015026330822026457, 'train_lr_reduce': 0.6}. Best is trial 122 with value: 0.09548358619213104.
[I 2024-12-19 18:00:20,803] Trial 144 finished with value: 0.11444277316331863 and parameters: {'mlp_n_layers': 3, 'mlp_dim_00': 510, 'mlp_dim_01': 205, 'mlp_dim_02': 82, 'node_hidden_dim': 77, 'edge_hidden_dim': 85, 'depth': 1, 'rep_dropout': 0.04995980226160371, 'train_learning_rate': 0.0011523222751902826, 'train_lr_reduce': 0.6}. Best is trial 122 with value: 0.09548358619213104.
[I 2024-12-19 18:00:22,909] Trial 149 finished with value: 1.6382757425308228 and parameters: {'mlp_n_layers': 1, 'mlp_dim_00': 163, 'node_hidden_dim': 109, 'edge_hidden_dim': 44, 'depth': 3, 'rep_dropout': 0.07961306189238176, 'train_learning_rate': 0.00013053886928374492, 'train_lr_reduce': 0.6}. Best is trial 122 with value: 0.09548358619213104.
[I 2024-12-19 18:00:46,481] Trial 148 finished with value: 0.11750762164592743 and parameters: {'mlp_n_layers': 4, 'mlp_dim_00': 484, 'mlp_dim_01': 470, 'mlp_dim_02': 448, 'mlp_dim_03': 452, 'node_hidden_dim': 85, 'edge_hidden_dim': 46, 'depth': 1, 'rep_dropout': 0.11580243516834476, 'train_learning_rate': 0.0011542064883201272, 'train_lr_reduce': 0.6}. Best is trial 122 with value: 0.09548358619213104.
[I 2024-12-19 18:00:51,593] Trial 152 finished with value: 1.6801183223724365 and parameters: {'mlp_n_layers': 3, 'mlp_dim_00': 145, 'mlp_dim_01': 167, 'mlp_dim_02': 323, 'node_hidden_dim': 37, 'edge_hidden_dim': 72, 'depth': 1, 'rep_dropout': 0.046431667653908604, 'train_learning_rate': 0.000577868734554161, 'train_lr_reduce': 0.6}. Best is trial 122 with value: 0.09548358619213104.
[I 2024-12-19 18:00:56,274] Trial 153 finished with value: 1.6671186685562134 and parameters: {'mlp_n_layers': 3, 'mlp_dim_00': 487, 'mlp_dim_01': 161, 'mlp_dim_02': 441, 'node_hidden_dim': 87, 'edge_hidden_dim': 66, 'depth': 1, 'rep_dropout': 0.14018343420306376, 'train_learning_rate': 0.0003611897003250865, 'train_lr_reduce': 0.6}. Best is trial 122 with value: 0.09548358619213104.
[I 2024-12-19 18:00:58,815] Trial 150 finished with value: 0.11481096595525742 and parameters: {'mlp_n_layers': 4, 'mlp_dim_00': 272, 'mlp_dim_01': 427, 'mlp_dim_02': 96, 'mlp_dim_03': 368, 'node_hidden_dim': 67, 'edge_hidden_dim': 81, 'depth': 1, 'rep_dropout': 0.1351180808804503, 'train_learning_rate': 0.0006236926327897053, 'train_lr_reduce': 0.6}. Best is trial 122 with value: 0.09548358619213104.
[I 2024-12-19 18:01:01,248] Trial 151 finished with value: 0.11503667384386063 and parameters: {'mlp_n_layers': 3, 'mlp_dim_00': 358, 'mlp_dim_01': 348, 'mlp_dim_02': 71, 'node_hidden_dim': 81, 'edge_hidden_dim': 91, 'depth': 1, 'rep_dropout': 0.07343218205657207, 'train_learning_rate': 0.0013722173331244599, 'train_lr_reduce': 0.6}. Best is trial 122 with value: 0.09548358619213104.
[I 2024-12-19 18:01:03,768] Trial 155 finished with value: 1.6824146509170532 and parameters: {'mlp_n_layers': 4, 'mlp_dim_00': 307, 'mlp_dim_01': 369, 'mlp_dim_02': 202, 'mlp_dim_03': 478, 'node_hidden_dim': 50, 'edge_hidden_dim': 89, 'depth': 2, 'rep_dropout': 0.14535005634367054, 'train_learning_rate': 0.0003351072249877093, 'train_lr_reduce': 0.6}. Best is trial 122 with value: 0.09548358619213104.
[I 2024-12-19 18:01:27,172] Trial 157 finished with value: 0.34182053804397583 and parameters: {'mlp_n_layers': 4, 'mlp_dim_00': 199, 'mlp_dim_01': 363, 'mlp_dim_02': 69, 'mlp_dim_03': 441, 'node_hidden_dim': 69, 'edge_hidden_dim': 88, 'depth': 2, 'rep_dropout': 0.145405144999489, 'train_learning_rate': 0.00222070435840422, 'train_lr_reduce': 0.6}. Best is trial 122 with value: 0.09548358619213104.
[I 2024-12-19 18:01:29,226] Trial 154 finished with value: 0.1071237176656723 and parameters: {'mlp_n_layers': 4, 'mlp_dim_00': 496, 'mlp_dim_01': 484, 'mlp_dim_02': 80, 'mlp_dim_03': 511, 'node_hidden_dim': 92, 'edge_hidden_dim': 44, 'depth': 1, 'rep_dropout': 0.11119101200558686, 'train_learning_rate': 0.0010177155492949927, 'train_lr_reduce': 0.6}. Best is trial 122 with value: 0.09548358619213104.
[I 2024-12-19 18:01:29,350] Trial 156 finished with value: 0.12841811776161194 and parameters: {'mlp_n_layers': 3, 'mlp_dim_00': 342, 'mlp_dim_01': 361, 'mlp_dim_02': 142, 'node_hidden_dim': 84, 'edge_hidden_dim': 95, 'depth': 1, 'rep_dropout': 0.10847897420973629, 'train_learning_rate': 0.0010677920293424687, 'train_lr_reduce': 0.6}. Best is trial 122 with value: 0.09548358619213104.
[I 2024-12-19 18:01:47,395] Trial 158 finished with value: 0.2727408707141876 and parameters: {'mlp_n_layers': 3, 'mlp_dim_00': 296, 'mlp_dim_01': 364, 'mlp_dim_02': 139, 'node_hidden_dim': 74, 'edge_hidden_dim': 89, 'depth': 1, 'rep_dropout': 0.04163524945941505, 'train_learning_rate': 0.0017130808730515734, 'train_lr_reduce': 0.6}. Best is trial 122 with value: 0.09548358619213104.
[I 2024-12-19 18:01:51,719] Trial 161 finished with value: 1.6712511777877808 and parameters: {'mlp_n_layers': 3, 'mlp_dim_00': 301, 'mlp_dim_01': 509, 'mlp_dim_02': 105, 'node_hidden_dim': 57, 'edge_hidden_dim': 85, 'depth': 1, 'rep_dropout': 0.11284158468219355, 'train_learning_rate': 0.00036638307185410515, 'train_lr_reduce': 0.6}. Best is trial 122 with value: 0.09548358619213104.
[I 2024-12-19 18:02:07,351] Trial 159 finished with value: 0.10748814791440964 and parameters: {'mlp_n_layers': 4, 'mlp_dim_00': 176, 'mlp_dim_01': 499, 'mlp_dim_02': 68, 'mlp_dim_03': 507, 'node_hidden_dim': 40, 'edge_hidden_dim': 62, 'depth': 1, 'rep_dropout': 0.1262233002396923, 'train_learning_rate': 0.0013678676312371722, 'train_lr_reduce': 0.6}. Best is trial 122 with value: 0.09548358619213104.
[I 2024-12-19 18:02:08,084] Trial 160 finished with value: 0.12842366099357605 and parameters: {'mlp_n_layers': 4, 'mlp_dim_00': 275, 'mlp_dim_01': 512, 'mlp_dim_02': 106, 'mlp_dim_03': 509, 'node_hidden_dim': 57, 'edge_hidden_dim': 65, 'depth': 1, 'rep_dropout': 0.1300172640064499, 'train_learning_rate': 0.0008114387168150535, 'train_lr_reduce': 0.6}. Best is trial 122 with value: 0.09548358619213104.
[I 2024-12-19 18:02:08,457] Trial 162 finished with value: 0.26147937774658203 and parameters: {'mlp_n_layers': 4, 'mlp_dim_00': 476, 'mlp_dim_01': 369, 'mlp_dim_02': 67, 'mlp_dim_03': 512, 'node_hidden_dim': 87, 'edge_hidden_dim': 63, 'depth': 1, 'rep_dropout': 0.1127681753567429, 'train_learning_rate': 0.0009128911354541748, 'train_lr_reduce': 0.6}. Best is trial 122 with value: 0.09548358619213104.
[I 2024-12-19 18:02:14,105] Trial 164 finished with value: 1.6815694570541382 and parameters: {'mlp_n_layers': 4, 'mlp_dim_00': 136, 'mlp_dim_01': 498, 'mlp_dim_02': 68, 'mlp_dim_03': 511, 'node_hidden_dim': 61, 'edge_hidden_dim': 76, 'depth': 1, 'rep_dropout': 0.1387269710437087, 'train_learning_rate': 0.00024904692371967573, 'train_lr_reduce': 0.6}. Best is trial 122 with value: 0.09548358619213104.
[I 2024-12-19 18:02:32,784] Trial 163 finished with value: 0.1478908658027649 and parameters: {'mlp_n_layers': 4, 'mlp_dim_00': 197, 'mlp_dim_01': 511, 'mlp_dim_02': 71, 'mlp_dim_03': 510, 'node_hidden_dim': 36, 'edge_hidden_dim': 65, 'depth': 1, 'rep_dropout': 0.13013320322707506, 'train_learning_rate': 0.0028646957962585855, 'train_lr_reduce': 0.6}. Best is trial 122 with value: 0.09548358619213104.
[I 2024-12-19 18:02:37,896] Trial 167 finished with value: 1.565367579460144 and parameters: {'mlp_n_layers': 2, 'mlp_dim_00': 424, 'mlp_dim_01': 394, 'node_hidden_dim': 64, 'edge_hidden_dim': 101, 'depth': 2, 'rep_dropout': 0.07062239715416306, 'train_learning_rate': 0.0045434243268210085, 'train_lr_reduce': 0.6}. Best is trial 122 with value: 0.09548358619213104.
