[I 2024-12-16 00:16:46,043] Trial 1567 finished with value: 0.22731700539588928 and parameters: {'mlp_n_layers': 2, 'mlp_dim_00': 96, 'mlp_dim_01': 256, 'hidden_channels': 96, 'num_layers': 4, 'num_timesteps': 3, 'dropout': 0.13017727428202208, 'train_learning_rate': 0.0001270036439374988, 'train_lr_reduce': 0.6}. Best is trial 130 with value: 0.0812772810459137.
[I 2024-12-16 00:16:52,393] Trial 1570 finished with value: 0.1063699945807457 and parameters: {'mlp_n_layers': 3, 'mlp_dim_00': 240, 'mlp_dim_01': 240, 'mlp_dim_02': 160, 'hidden_channels': 48, 'num_layers': 1, 'num_timesteps': 1, 'dropout': 0.2431575465763704, 'train_learning_rate': 0.00724123960541071, 'train_lr_reduce': 0.6}. Best is trial 130 with value: 0.0812772810459137.
[I 2024-12-16 00:17:02,211] Trial 1572 finished with value: 0.13498078286647797 and parameters: {'mlp_n_layers': 3, 'mlp_dim_00': 64, 'mlp_dim_01': 144, 'mlp_dim_02': 144, 'hidden_channels': 64, 'num_layers': 2, 'num_timesteps': 2, 'dropout': 0.2736061455441045, 'train_learning_rate': 0.006332670927494202, 'train_lr_reduce': 0.6}. Best is trial 130 with value: 0.0812772810459137.
[I 2024-12-16 00:17:03,090] Trial 1571 finished with value: 0.1484127640724182 and parameters: {'mlp_n_layers': 4, 'mlp_dim_00': 144, 'mlp_dim_01': 208, 'mlp_dim_02': 176, 'mlp_dim_03': 160, 'hidden_channels': 256, 'num_layers': 3, 'num_timesteps': 2, 'dropout': 0.022432169285183656, 'train_learning_rate': 0.00026734450961036723, 'train_lr_reduce': 0.6}. Best is trial 130 with value: 0.0812772810459137.
[I 2024-12-16 00:17:15,052] Trial 1575 finished with value: 0.12626518309116364 and parameters: {'mlp_n_layers': 3, 'mlp_dim_00': 240, 'mlp_dim_01': 256, 'mlp_dim_02': 192, 'hidden_channels': 96, 'num_layers': 1, 'num_timesteps': 1, 'dropout': 0.2073749362137591, 'train_learning_rate': 0.003029689873595468, 'train_lr_reduce': 0.6}. Best is trial 130 with value: 0.0812772810459137.
[I 2024-12-16 00:17:15,548] Trial 1574 finished with value: 0.1454094648361206 and parameters: {'mlp_n_layers': 2, 'mlp_dim_00': 256, 'mlp_dim_01': 160, 'hidden_channels': 64, 'num_layers': 2, 'num_timesteps': 3, 'dropout': 0.23936259649913474, 'train_learning_rate': 0.008779274720149893, 'train_lr_reduce': 0.6}. Best is trial 130 with value: 0.0812772810459137.
[I 2024-12-16 00:17:24,982] Trial 1573 finished with value: 0.23376493155956268 and parameters: {'mlp_n_layers': 4, 'mlp_dim_00': 128, 'mlp_dim_01': 112, 'mlp_dim_02': 224, 'mlp_dim_03': 224, 'hidden_channels': 128, 'num_layers': 3, 'num_timesteps': 4, 'dropout': 0.22633095474967302, 'train_learning_rate': 0.00016126346849902728, 'train_lr_reduce': 0.6}. Best is trial 130 with value: 0.0812772810459137.
[I 2024-12-16 00:17:27,152] Trial 1576 finished with value: 0.134927436709404 and parameters: {'mlp_n_layers': 3, 'mlp_dim_00': 176, 'mlp_dim_01': 256, 'mlp_dim_02': 144, 'hidden_channels': 112, 'num_layers': 2, 'num_timesteps': 1, 'dropout': 0.27535099712374905, 'train_learning_rate': 0.009014611583663429, 'train_lr_reduce': 0.6}. Best is trial 130 with value: 0.0812772810459137.
[I 2024-12-16 00:17:31,063] Trial 1577 finished with value: 0.11165114492177963 and parameters: {'mlp_n_layers': 2, 'mlp_dim_00': 176, 'mlp_dim_01': 224, 'hidden_channels': 80, 'num_layers': 1, 'num_timesteps': 4, 'dropout': 0.13802406409010498, 'train_learning_rate': 0.009830833656454421, 'train_lr_reduce': 0.6}. Best is trial 130 with value: 0.0812772810459137.
[I 2024-12-16 00:17:41,431] Trial 1578 finished with value: 0.11153804510831833 and parameters: {'mlp_n_layers': 2, 'mlp_dim_00': 112, 'mlp_dim_01': 160, 'hidden_channels': 48, 'num_layers': 2, 'num_timesteps': 4, 'dropout': 0.056829440786278454, 'train_learning_rate': 0.009456883114596444, 'train_lr_reduce': 0.6}. Best is trial 130 with value: 0.0812772810459137.
[I 2024-12-16 00:17:45,241] Trial 1580 finished with value: 0.11595842242240906 and parameters: {'mlp_n_layers': 2, 'mlp_dim_00': 144, 'mlp_dim_01': 256, 'hidden_channels': 144, 'num_layers': 1, 'num_timesteps': 2, 'dropout': 0.1715618959556069, 'train_learning_rate': 0.008124645866597585, 'train_lr_reduce': 0.6}. Best is trial 130 with value: 0.0812772810459137.
[I 2024-12-16 00:17:55,503] Trial 1579 finished with value: 0.32244938611984253 and parameters: {'mlp_n_layers': 2, 'mlp_dim_00': 96, 'mlp_dim_01': 112, 'hidden_channels': 80, 'num_layers': 3, 'num_timesteps': 1, 'dropout': 0.29140816659648916, 'train_learning_rate': 0.00017835957468953514, 'train_lr_reduce': 0.6}. Best is trial 130 with value: 0.0812772810459137.
[I 2024-12-16 00:18:02,630] Trial 1581 finished with value: 0.1323409527540207 and parameters: {'mlp_n_layers': 4, 'mlp_dim_00': 240, 'mlp_dim_01': 256, 'mlp_dim_02': 176, 'mlp_dim_03': 32, 'hidden_channels': 112, 'num_layers': 1, 'num_timesteps': 2, 'dropout': 0.029130986326533034, 'train_learning_rate': 0.0007019825052979176, 'train_lr_reduce': 0.6}. Best is trial 130 with value: 0.0812772810459137.
[I 2024-12-16 00:18:07,080] Trial 1582 finished with value: 0.1093728244304657 and parameters: {'mlp_n_layers': 3, 'mlp_dim_00': 144, 'mlp_dim_01': 176, 'mlp_dim_02': 128, 'hidden_channels': 32, 'num_layers': 1, 'num_timesteps': 2, 'dropout': 0.27756223897933474, 'train_learning_rate': 0.009090074550307586, 'train_lr_reduce': 0.6}. Best is trial 130 with value: 0.0812772810459137.
[I 2024-12-16 00:18:10,098] Trial 1583 finished with value: 0.13051407039165497 and parameters: {'mlp_n_layers': 2, 'mlp_dim_00': 32, 'mlp_dim_01': 256, 'hidden_channels': 32, 'num_layers': 3, 'num_timesteps': 3, 'dropout': 0.19526985621965226, 'train_learning_rate': 0.008546893108865973, 'train_lr_reduce': 0.6}. Best is trial 130 with value: 0.0812772810459137.
[I 2024-12-16 00:18:12,292] Trial 1584 finished with value: 0.11979109793901443 and parameters: {'mlp_n_layers': 2, 'mlp_dim_00': 240, 'mlp_dim_01': 256, 'hidden_channels': 48, 'num_layers': 1, 'num_timesteps': 3, 'dropout': 0.2988994822429134, 'train_learning_rate': 0.00948747075051901, 'train_lr_reduce': 0.6}. Best is trial 130 with value: 0.0812772810459137.
[I 2024-12-16 00:18:19,599] Trial 1586 finished with value: 0.10817860066890717 and parameters: {'mlp_n_layers': 2, 'mlp_dim_00': 224, 'mlp_dim_01': 192, 'hidden_channels': 32, 'num_layers': 2, 'num_timesteps': 2, 'dropout': 0.19876455223836634, 'train_learning_rate': 0.009306725251408748, 'train_lr_reduce': 0.6}. Best is trial 130 with value: 0.0812772810459137.
[I 2024-12-16 00:18:23,634] Trial 1585 finished with value: 0.11454135179519653 and parameters: {'mlp_n_layers': 2, 'mlp_dim_00': 192, 'mlp_dim_01': 96, 'hidden_channels': 32, 'num_layers': 4, 'num_timesteps': 3, 'dropout': 0.17817696792488533, 'train_learning_rate': 0.0038378391486216705, 'train_lr_reduce': 0.6}. Best is trial 130 with value: 0.0812772810459137.
[I 2024-12-16 00:18:29,239] Trial 1587 finished with value: 0.11298354715108871 and parameters: {'mlp_n_layers': 4, 'mlp_dim_00': 240, 'mlp_dim_01': 112, 'mlp_dim_02': 160, 'mlp_dim_03': 128, 'hidden_channels': 240, 'num_layers': 2, 'num_timesteps': 4, 'dropout': 0.2398095784260566, 'train_learning_rate': 0.0032577000256959333, 'train_lr_reduce': 0.6}. Best is trial 130 with value: 0.0812772810459137.
[I 2024-12-16 00:18:36,869] Trial 1589 finished with value: 0.12481357902288437 and parameters: {'mlp_n_layers': 2, 'mlp_dim_00': 64, 'mlp_dim_01': 256, 'hidden_channels': 32, 'num_layers': 2, 'num_timesteps': 3, 'dropout': 0.08685092307391415, 'train_learning_rate': 0.0052126185188228116, 'train_lr_reduce': 0.6}. Best is trial 130 with value: 0.0812772810459137.
[I 2024-12-16 00:18:39,004] Trial 1588 finished with value: 0.1116880476474762 and parameters: {'mlp_n_layers': 3, 'mlp_dim_00': 64, 'mlp_dim_01': 160, 'mlp_dim_02': 144, 'hidden_channels': 48, 'num_layers': 2, 'num_timesteps': 1, 'dropout': 0.1726276483151195, 'train_learning_rate': 0.009783437473682688, 'train_lr_reduce': 0.6}. Best is trial 130 with value: 0.0812772810459137.
[I 2024-12-16 00:18:53,147] Trial 1590 finished with value: 0.16018472611904144 and parameters: {'mlp_n_layers': 2, 'mlp_dim_00': 32, 'mlp_dim_01': 32, 'hidden_channels': 256, 'num_layers': 2, 'num_timesteps': 1, 'dropout': 0.014170210504816094, 'train_learning_rate': 0.006532812542588702, 'train_lr_reduce': 0.6}. Best is trial 130 with value: 0.0812772810459137.
[I 2024-12-16 00:18:55,086] Trial 1591 finished with value: 0.11971656233072281 and parameters: {'mlp_n_layers': 3, 'mlp_dim_00': 224, 'mlp_dim_01': 192, 'mlp_dim_02': 192, 'hidden_channels': 48, 'num_layers': 2, 'num_timesteps': 3, 'dropout': 0.2533001461777285, 'train_learning_rate': 0.009710609142823163, 'train_lr_reduce': 0.6}. Best is trial 130 with value: 0.0812772810459137.
[I 2024-12-16 00:19:02,077] Trial 1592 finished with value: 0.11546602845191956 and parameters: {'mlp_n_layers': 2, 'mlp_dim_00': 32, 'mlp_dim_01': 224, 'hidden_channels': 64, 'num_layers': 3, 'num_timesteps': 4, 'dropout': 0.12811573769945894, 'train_learning_rate': 0.009982132613179678, 'train_lr_reduce': 0.6}. Best is trial 130 with value: 0.0812772810459137.
[I 2024-12-16 00:19:05,315] Trial 1594 finished with value: 0.10802005231380463 and parameters: {'mlp_n_layers': 2, 'mlp_dim_00': 128, 'mlp_dim_01': 240, 'hidden_channels': 80, 'num_layers': 2, 'num_timesteps': 4, 'dropout': 0.02033766602407184, 'train_learning_rate': 0.006859023805072328, 'train_lr_reduce': 0.6}. Best is trial 130 with value: 0.0812772810459137.
[I 2024-12-16 00:19:05,479] Trial 1593 finished with value: 0.10729824751615524 and parameters: {'mlp_n_layers': 2, 'mlp_dim_00': 96, 'mlp_dim_01': 192, 'hidden_channels': 80, 'num_layers': 2, 'num_timesteps': 4, 'dropout': 0.039411194243174796, 'train_learning_rate': 0.0038102457564270415, 'train_lr_reduce': 0.6}. Best is trial 130 with value: 0.0812772810459137.
[I 2024-12-16 00:19:16,458] Trial 1595 finished with value: 0.10744673013687134 and parameters: {'mlp_n_layers': 2, 'mlp_dim_00': 112, 'mlp_dim_01': 240, 'hidden_channels': 64, 'num_layers': 2, 'num_timesteps': 4, 'dropout': 0.18197269998065818, 'train_learning_rate': 0.0035495468724158754, 'train_lr_reduce': 0.6}. Best is trial 130 with value: 0.0812772810459137.
[I 2024-12-16 00:19:20,506] Trial 1596 finished with value: 0.12759608030319214 and parameters: {'mlp_n_layers': 2, 'mlp_dim_00': 80, 'mlp_dim_01': 64, 'hidden_channels': 32, 'num_layers': 1, 'num_timesteps': 1, 'dropout': 0.18546404611771694, 'train_learning_rate': 0.0022031946563463955, 'train_lr_reduce': 0.6}. Best is trial 130 with value: 0.0812772810459137.
[I 2024-12-16 00:19:28,383] Trial 1597 finished with value: 0.1289665549993515 and parameters: {'mlp_n_layers': 2, 'mlp_dim_00': 64, 'mlp_dim_01': 48, 'hidden_channels': 176, 'num_layers': 2, 'num_timesteps': 4, 'dropout': 0.2484803444309563, 'train_learning_rate': 0.0010605519133211028, 'train_lr_reduce': 0.6}. Best is trial 130 with value: 0.0812772810459137.
[I 2024-12-16 00:19:31,742] Trial 1598 finished with value: 0.14861829578876495 and parameters: {'mlp_n_layers': 3, 'mlp_dim_00': 176, 'mlp_dim_01': 96, 'mlp_dim_02': 240, 'hidden_channels': 128, 'num_layers': 3, 'num_timesteps': 3, 'dropout': 0.2996178905044564, 'train_learning_rate': 0.009657127055988082, 'train_lr_reduce': 0.6}. Best is trial 130 with value: 0.0812772810459137.
[I 2024-12-16 00:19:35,399] Trial 1599 finished with value: 0.10744551569223404 and parameters: {'mlp_n_layers': 2, 'mlp_dim_00': 48, 'mlp_dim_01': 32, 'hidden_channels': 32, 'num_layers': 4, 'num_timesteps': 2, 'dropout': 0.2327420328789079, 'train_learning_rate': 0.008242135714916998, 'train_lr_reduce': 0.6}. Best is trial 130 with value: 0.0812772810459137.
[I 2024-12-16 00:19:40,106] Trial 1600 finished with value: 0.11744542419910431 and parameters: {'mlp_n_layers': 3, 'mlp_dim_00': 240, 'mlp_dim_01': 208, 'mlp_dim_02': 128, 'hidden_channels': 32, 'num_layers': 1, 'num_timesteps': 3, 'dropout': 0.292552072743918, 'train_learning_rate': 0.004021860072319398, 'train_lr_reduce': 0.6}. Best is trial 130 with value: 0.0812772810459137.
[I 2024-12-16 00:19:54,596] Trial 1603 finished with value: 0.104280024766922 and parameters: {'mlp_n_layers': 2, 'mlp_dim_00': 112, 'mlp_dim_01': 160, 'hidden_channels': 32, 'num_layers': 1, 'num_timesteps': 3, 'dropout': 0.20733720251396417, 'train_learning_rate': 0.0028206465414379496, 'train_lr_reduce': 0.6}. Best is trial 130 with value: 0.0812772810459137.
[I 2024-12-16 00:19:55,387] Trial 1601 finished with value: 0.11066154390573502 and parameters: {'mlp_n_layers': 3, 'mlp_dim_00': 224, 'mlp_dim_01': 224, 'mlp_dim_02': 176, 'hidden_channels': 32, 'num_layers': 2, 'num_timesteps': 4, 'dropout': 0.17903626582922538, 'train_learning_rate': 0.009195492438989157, 'train_lr_reduce': 0.6}. Best is trial 130 with value: 0.0812772810459137.
[I 2024-12-16 00:19:57,106] Trial 1602 finished with value: 0.12370096892118454 and parameters: {'mlp_n_layers': 2, 'mlp_dim_00': 96, 'mlp_dim_01': 32, 'hidden_channels': 256, 'num_layers': 4, 'num_timesteps': 3, 'dropout': 0.1423482832863067, 'train_learning_rate': 0.0011378321867743359, 'train_lr_reduce': 0.6}. Best is trial 130 with value: 0.0812772810459137.
[I 2024-12-16 00:20:06,495] Trial 1604 finished with value: 0.11262641847133636 and parameters: {'mlp_n_layers': 2, 'mlp_dim_00': 160, 'mlp_dim_01': 240, 'hidden_channels': 32, 'num_layers': 1, 'num_timesteps': 4, 'dropout': 0.22724824030878432, 'train_learning_rate': 0.004378071902672169, 'train_lr_reduce': 0.6}. Best is trial 130 with value: 0.0812772810459137.
[I 2024-12-16 00:20:06,789] Trial 1605 finished with value: 0.14852777123451233 and parameters: {'mlp_n_layers': 3, 'mlp_dim_00': 96, 'mlp_dim_01': 144, 'mlp_dim_02': 160, 'hidden_channels': 48, 'num_layers': 1, 'num_timesteps': 2, 'dropout': 0.2294009282584719, 'train_learning_rate': 0.009774548748617542, 'train_lr_reduce': 0.6}. Best is trial 130 with value: 0.0812772810459137.
[I 2024-12-16 00:20:11,493] Trial 1606 finished with value: 0.1397237330675125 and parameters: {'mlp_n_layers': 3, 'mlp_dim_00': 80, 'mlp_dim_01': 48, 'mlp_dim_02': 208, 'hidden_channels': 32, 'num_layers': 4, 'num_timesteps': 3, 'dropout': 0.1233461800708615, 'train_learning_rate': 0.0034289825441983666, 'train_lr_reduce': 0.6}. Best is trial 130 with value: 0.0812772810459137.
[I 2024-12-16 00:20:16,241] Trial 1608 finished with value: 0.10134250670671463 and parameters: {'mlp_n_layers': 2, 'mlp_dim_00': 112, 'mlp_dim_01': 208, 'hidden_channels': 32, 'num_layers': 2, 'num_timesteps': 4, 'dropout': 0.14343199764436987, 'train_learning_rate': 0.009259044615093586, 'train_lr_reduce': 0.6}. Best is trial 130 with value: 0.0812772810459137.
[I 2024-12-16 00:20:17,992] Trial 1607 finished with value: 0.11289727687835693 and parameters: {'mlp_n_layers': 3, 'mlp_dim_00': 224, 'mlp_dim_01': 240, 'mlp_dim_02': 112, 'hidden_channels': 96, 'num_layers': 1, 'num_timesteps': 3, 'dropout': 0.29134719437887524, 'train_learning_rate': 0.009164682317446552, 'train_lr_reduce': 0.6}. Best is trial 130 with value: 0.0812772810459137.
[I 2024-12-16 00:20:25,548] Trial 1610 finished with value: 0.09748096764087677 and parameters: {'mlp_n_layers': 3, 'mlp_dim_00': 208, 'mlp_dim_01': 256, 'mlp_dim_02': 128, 'hidden_channels': 144, 'num_layers': 1, 'num_timesteps': 2, 'dropout': 0.24480004274470232, 'train_learning_rate': 0.004982721059008773, 'train_lr_reduce': 0.6}. Best is trial 130 with value: 0.0812772810459137.
[I 2024-12-16 00:20:27,493] Trial 1611 finished with value: 0.09564239531755447 and parameters: {'mlp_n_layers': 3, 'mlp_dim_00': 96, 'mlp_dim_01': 192, 'mlp_dim_02': 160, 'hidden_channels': 32, 'num_layers': 1, 'num_timesteps': 3, 'dropout': 0.23461604505309996, 'train_learning_rate': 0.008254354197082531, 'train_lr_reduce': 0.6}. Best is trial 130 with value: 0.0812772810459137.
[I 2024-12-16 00:20:28,239] Trial 1609 finished with value: 0.10540588945150375 and parameters: {'mlp_n_layers': 2, 'mlp_dim_00': 144, 'mlp_dim_01': 96, 'hidden_channels': 32, 'num_layers': 3, 'num_timesteps': 2, 'dropout': 0.22909762671027337, 'train_learning_rate': 0.0025916067179306266, 'train_lr_reduce': 0.6}. Best is trial 130 with value: 0.0812772810459137.
[I 2024-12-16 00:20:43,605] Trial 1613 finished with value: 0.08314638584852219 and parameters: {'mlp_n_layers': 2, 'mlp_dim_00': 144, 'mlp_dim_01': 240, 'hidden_channels': 32, 'num_layers': 2, 'num_timesteps': 3, 'dropout': 0.06782754375163104, 'train_learning_rate': 0.007289176027125363, 'train_lr_reduce': 0.6}. Best is trial 130 with value: 0.0812772810459137.
[I 2024-12-16 00:20:45,401] Trial 1614 finished with value: 0.12176069617271423 and parameters: {'mlp_n_layers': 3, 'mlp_dim_00': 256, 'mlp_dim_01': 224, 'mlp_dim_02': 144, 'hidden_channels': 48, 'num_layers': 3, 'num_timesteps': 2, 'dropout': 0.29478847584013895, 'train_learning_rate': 0.004900625498655188, 'train_lr_reduce': 0.6}. Best is trial 130 with value: 0.0812772810459137.
[I 2024-12-16 00:20:55,381] Trial 1612 finished with value: 0.18285955488681793 and parameters: {'mlp_n_layers': 4, 'mlp_dim_00': 128, 'mlp_dim_01': 128, 'mlp_dim_02': 192, 'mlp_dim_03': 64, 'hidden_channels': 112, 'num_layers': 3, 'num_timesteps': 4, 'dropout': 0.05627921188805589, 'train_learning_rate': 0.00013185435789382036, 'train_lr_reduce': 0.6}. Best is trial 130 with value: 0.0812772810459137.
[I 2024-12-16 00:20:56,293] Trial 1615 finished with value: 0.10041196644306183 and parameters: {'mlp_n_layers': 2, 'mlp_dim_00': 128, 'mlp_dim_01': 240, 'hidden_channels': 32, 'num_layers': 1, 'num_timesteps': 3, 'dropout': 0.07257568125834059, 'train_learning_rate': 0.002508164130545024, 'train_lr_reduce': 0.6}. Best is trial 130 with value: 0.0812772810459137.
[I 2024-12-16 00:21:02,121] Trial 1616 finished with value: 0.15539653599262238 and parameters: {'mlp_n_layers': 2, 'mlp_dim_00': 32, 'mlp_dim_01': 256, 'hidden_channels': 224, 'num_layers': 4, 'num_timesteps': 2, 'dropout': 0.2669871137910266, 'train_learning_rate': 0.0029271432493037904, 'train_lr_reduce': 0.6}. Best is trial 130 with value: 0.0812772810459137.
[I 2024-12-16 00:21:06,372] Trial 1618 finished with value: 0.12073376029729843 and parameters: {'mlp_n_layers': 2, 'mlp_dim_00': 144, 'mlp_dim_01': 96, 'hidden_channels': 32, 'num_layers': 2, 'num_timesteps': 2, 'dropout': 0.1758725381237501, 'train_learning_rate': 0.006975697445126166, 'train_lr_reduce': 0.6}. Best is trial 130 with value: 0.0812772810459137.
[I 2024-12-16 00:21:07,035] Trial 1617 finished with value: 0.13233670592308044 and parameters: {'mlp_n_layers': 2, 'mlp_dim_00': 192, 'mlp_dim_01': 80, 'hidden_channels': 112, 'num_layers': 1, 'num_timesteps': 1, 'dropout': 0.01021153234037353, 'train_learning_rate': 0.002456908866429078, 'train_lr_reduce': 0.6}. Best is trial 130 with value: 0.0812772810459137.
[I 2024-12-16 00:21:13,500] Trial 1619 finished with value: 0.13323117792606354 and parameters: {'mlp_n_layers': 4, 'mlp_dim_00': 64, 'mlp_dim_01': 128, 'mlp_dim_02': 176, 'mlp_dim_03': 192, 'hidden_channels': 80, 'num_layers': 1, 'num_timesteps': 2, 'dropout': 0.2535173739475757, 'train_learning_rate': 0.005256618068303486, 'train_lr_reduce': 0.6}. Best is trial 130 with value: 0.0812772810459137.
[I 2024-12-16 00:21:19,708] Trial 1620 finished with value: 0.11843296885490417 and parameters: {'mlp_n_layers': 3, 'mlp_dim_00': 144, 'mlp_dim_01': 256, 'mlp_dim_02': 112, 'hidden_channels': 32, 'num_layers': 2, 'num_timesteps': 3, 'dropout': 0.06366697205702274, 'train_learning_rate': 0.003951427081920203, 'train_lr_reduce': 0.6}. Best is trial 130 with value: 0.0812772810459137.
[I 2024-12-16 00:21:26,165] Trial 1622 finished with value: 0.11128715425729752 and parameters: {'mlp_n_layers': 2, 'mlp_dim_00': 112, 'mlp_dim_01': 176, 'hidden_channels': 48, 'num_layers': 3, 'num_timesteps': 2, 'dropout': 0.0536433401294679, 'train_learning_rate': 0.007658974334917702, 'train_lr_reduce': 0.6}. Best is trial 130 with value: 0.0812772810459137.
[I 2024-12-16 00:21:29,327] Trial 1621 finished with value: 0.13298772275447845 and parameters: {'mlp_n_layers': 3, 'mlp_dim_00': 240, 'mlp_dim_01': 240, 'mlp_dim_02': 144, 'hidden_channels': 144, 'num_layers': 1, 'num_timesteps': 3, 'dropout': 0.12897456225790635, 'train_learning_rate': 0.009518803263976158, 'train_lr_reduce': 0.6}. Best is trial 130 with value: 0.0812772810459137.
[I 2024-12-16 00:21:41,368] Trial 1624 finished with value: 0.11657518148422241 and parameters: {'mlp_n_layers': 3, 'mlp_dim_00': 208, 'mlp_dim_01': 256, 'mlp_dim_02': 176, 'hidden_channels': 32, 'num_layers': 1, 'num_timesteps': 2, 'dropout': 0.20057500748338372, 'train_learning_rate': 0.0025281177334730252, 'train_lr_reduce': 0.6}. Best is trial 130 with value: 0.0812772810459137.
[I 2024-12-16 00:21:53,224] Trial 1623 finished with value: 0.19445258378982544 and parameters: {'mlp_n_layers': 4, 'mlp_dim_00': 160, 'mlp_dim_01': 32, 'mlp_dim_02': 224, 'mlp_dim_03': 256, 'hidden_channels': 192, 'num_layers': 4, 'num_timesteps': 1, 'dropout': 0.17508939833460804, 'train_learning_rate': 0.00013731774364109206, 'train_lr_reduce': 0.6}. Best is trial 130 with value: 0.0812772810459137.
[I 2024-12-16 00:21:55,290] Trial 1626 finished with value: 0.1024080291390419 and parameters: {'mlp_n_layers': 2, 'mlp_dim_00': 112, 'mlp_dim_01': 224, 'hidden_channels': 32, 'num_layers': 2, 'num_timesteps': 3, 'dropout': 0.04785176176919637, 'train_learning_rate': 0.008138636868440956, 'train_lr_reduce': 0.6}. Best is trial 130 with value: 0.0812772810459137.
[I 2024-12-16 00:21:55,779] Trial 1625 finished with value: 0.19633926451206207 and parameters: {'mlp_n_layers': 3, 'mlp_dim_00': 48, 'mlp_dim_01': 128, 'mlp_dim_02': 144, 'hidden_channels': 128, 'num_layers': 4, 'num_timesteps': 2, 'dropout': 0.28857809709994553, 'train_learning_rate': 0.0003740201315351045, 'train_lr_reduce': 0.6}. Best is trial 130 with value: 0.0812772810459137.
