[I 2024-12-26 04:37:58,668] Trial 1739 finished with value: 0.08602554351091385 and parameters: {'L1_hidden_dim': 128, 'L1_layers_atom': 3, 'L1_layers_mol': 2, 'L1_dropout': 0.24109603339833363, 'L1_out_dim': 112, 'L2_hidden_dim': 176, 'L2_layers_atom': 2, 'L2_layers_mol': 3, 'L2_out_dim': 128, 'L2_dropout': 0.12721863085608626, 'L3_hidden_dim': 112, 'L3_layers_atom': 2, 'L3_layers_mol': 1, 'L3_out_dim': 80, 'L3_dropout': 0.20159562988998922, 'n_mlp_layers': 3, 'mlp_dim_0': 368, 'mlp_dim_1': 472, 'mlp_dim_2': 296, 'num_heads': 1, 'final_dropout': 0.1336818559336921, 'train_learning_rate': 0.0011330223363778856, 'train_lr_reduce': 0.6}. Best is trial 1286 with value: 0.03935658559203148.
[I 2024-12-26 04:39:20,301] Trial 1740 finished with value: 0.1139422059059143 and parameters: {'L1_hidden_dim': 64, 'L1_layers_atom': 1, 'L1_layers_mol': 3, 'L1_dropout': 0.16824986186602373, 'L1_out_dim': 80, 'L2_hidden_dim': 192, 'L2_layers_atom': 4, 'L2_layers_mol': 3, 'L2_out_dim': 128, 'L2_dropout': 0.08486035800195686, 'L3_hidden_dim': 96, 'L3_layers_atom': 3, 'L3_layers_mol': 1, 'L3_out_dim': 96, 'L3_dropout': 0.14064165260200384, 'n_mlp_layers': 2, 'mlp_dim_0': 464, 'mlp_dim_1': 336, 'num_heads': 1, 'final_dropout': 0.026119286016154635, 'train_learning_rate': 0.0005069405729969842, 'train_lr_reduce': 0.6}. Best is trial 1286 with value: 0.03935658559203148.
[I 2024-12-26 04:39:25,724] Trial 1737 finished with value: 0.10492413491010666 and parameters: {'L1_hidden_dim': 144, 'L1_layers_atom': 3, 'L1_layers_mol': 3, 'L1_dropout': 0.2750611768731626, 'L1_out_dim': 64, 'L2_hidden_dim': 192, 'L2_layers_atom': 1, 'L2_layers_mol': 4, 'L2_out_dim': 64, 'L2_dropout': 0.07356092263090595, 'L3_hidden_dim': 64, 'L3_layers_atom': 4, 'L3_layers_mol': 4, 'L3_out_dim': 128, 'L3_dropout': 0.05778320138617886, 'n_mlp_layers': 2, 'mlp_dim_0': 320, 'mlp_dim_1': 440, 'num_heads': 1, 'final_dropout': 0.1483990223968062, 'train_learning_rate': 0.0029459935064524204, 'train_lr_reduce': 0.6}. Best is trial 1286 with value: 0.03935658559203148.
[I 2024-12-26 04:39:29,018] Trial 1741 finished with value: 0.09193388372659683 and parameters: {'L1_hidden_dim': 80, 'L1_layers_atom': 4, 'L1_layers_mol': 4, 'L1_dropout': 0.19114635583794073, 'L1_out_dim': 32, 'L2_hidden_dim': 240, 'L2_layers_atom': 3, 'L2_layers_mol': 4, 'L2_out_dim': 48, 'L2_dropout': 0.1632314261441205, 'L3_hidden_dim': 48, 'L3_layers_atom': 4, 'L3_layers_mol': 4, 'L3_out_dim': 96, 'L3_dropout': 0.025128843508423024, 'n_mlp_layers': 3, 'mlp_dim_0': 512, 'mlp_dim_1': 408, 'mlp_dim_2': 72, 'num_heads': 1, 'final_dropout': 0.2603937015007459, 'train_learning_rate': 0.0028929101784423298, 'train_lr_reduce': 0.6}. Best is trial 1286 with value: 0.03935658559203148.
[I 2024-12-26 04:40:50,917] Trial 1742 finished with value: 0.07855018973350525 and parameters: {'L1_hidden_dim': 128, 'L1_layers_atom': 3, 'L1_layers_mol': 4, 'L1_dropout': 0.23253119308500625, 'L1_out_dim': 112, 'L2_hidden_dim': 144, 'L2_layers_atom': 1, 'L2_layers_mol': 3, 'L2_out_dim': 128, 'L2_dropout': 0.06515808487407475, 'L3_hidden_dim': 128, 'L3_layers_atom': 1, 'L3_layers_mol': 2, 'L3_out_dim': 64, 'L3_dropout': 0.2931644704203129, 'n_mlp_layers': 3, 'mlp_dim_0': 352, 'mlp_dim_1': 440, 'mlp_dim_2': 72, 'num_heads': 1, 'final_dropout': 0.05641925758512274, 'train_learning_rate': 0.004620877395391586, 'train_lr_reduce': 0.6}. Best is trial 1286 with value: 0.03935658559203148.
[I 2024-12-26 04:41:11,519] Trial 1743 finished with value: 0.0731833204627037 and parameters: {'L1_hidden_dim': 96, 'L1_layers_atom': 3, 'L1_layers_mol': 2, 'L1_dropout': 0.195451837751263, 'L1_out_dim': 48, 'L2_hidden_dim': 256, 'L2_layers_atom': 2, 'L2_layers_mol': 3, 'L2_out_dim': 32, 'L2_dropout': 0.029918912548121745, 'L3_hidden_dim': 32, 'L3_layers_atom': 4, 'L3_layers_mol': 2, 'L3_out_dim': 96, 'L3_dropout': 0.012883222757096049, 'n_mlp_layers': 3, 'mlp_dim_0': 336, 'mlp_dim_1': 368, 'mlp_dim_2': 72, 'num_heads': 1, 'final_dropout': 0.06119781808038008, 'train_learning_rate': 0.0024993534201958483, 'train_lr_reduce': 0.6}. Best is trial 1286 with value: 0.03935658559203148.
[I 2024-12-26 04:41:19,601] Trial 1744 finished with value: 0.1278824508190155 and parameters: {'L1_hidden_dim': 96, 'L1_layers_atom': 4, 'L1_layers_mol': 4, 'L1_dropout': 0.2747400610438481, 'L1_out_dim': 48, 'L2_hidden_dim': 176, 'L2_layers_atom': 1, 'L2_layers_mol': 2, 'L2_out_dim': 64, 'L2_dropout': 0.04209570103814173, 'L3_hidden_dim': 128, 'L3_layers_atom': 4, 'L3_layers_mol': 1, 'L3_out_dim': 64, 'L3_dropout': 0.2839088284481921, 'n_mlp_layers': 2, 'mlp_dim_0': 200, 'mlp_dim_1': 472, 'num_heads': 1, 'final_dropout': 0.13232740111827923, 'train_learning_rate': 0.004647295213678735, 'train_lr_reduce': 0.6}. Best is trial 1286 with value: 0.03935658559203148.
[I 2024-12-26 04:42:40,893] Trial 1745 finished with value: 0.09079067409038544 and parameters: {'L1_hidden_dim': 64, 'L1_layers_atom': 4, 'L1_layers_mol': 1, 'L1_dropout': 0.05869548400164702, 'L1_out_dim': 96, 'L2_hidden_dim': 96, 'L2_layers_atom': 1, 'L2_layers_mol': 3, 'L2_out_dim': 32, 'L2_dropout': 0.11660482798522517, 'L3_hidden_dim': 112, 'L3_layers_atom': 1, 'L3_layers_mol': 1, 'L3_out_dim': 128, 'L3_dropout': 0.24874245793349364, 'n_mlp_layers': 2, 'mlp_dim_0': 480, 'mlp_dim_1': 320, 'num_heads': 2, 'final_dropout': 0.21542231808156126, 'train_learning_rate': 0.0002435491187746035, 'train_lr_reduce': 0.6}. Best is trial 1286 with value: 0.03935658559203148.
[I 2024-12-26 04:43:16,274] Trial 1747 finished with value: 0.08235137164592743 and parameters: {'L1_hidden_dim': 96, 'L1_layers_atom': 3, 'L1_layers_mol': 3, 'L1_dropout': 0.25257836016280427, 'L1_out_dim': 48, 'L2_hidden_dim': 144, 'L2_layers_atom': 2, 'L2_layers_mol': 2, 'L2_out_dim': 64, 'L2_dropout': 0.05402661045854088, 'L3_hidden_dim': 128, 'L3_layers_atom': 3, 'L3_layers_mol': 1, 'L3_out_dim': 32, 'L3_dropout': 0.2484846129886153, 'n_mlp_layers': 3, 'mlp_dim_0': 240, 'mlp_dim_1': 368, 'mlp_dim_2': 72, 'num_heads': 1, 'final_dropout': 0.04517382579442862, 'train_learning_rate': 0.004568375194963863, 'train_lr_reduce': 0.6}. Best is trial 1286 with value: 0.03935658559203148.
[I 2024-12-26 04:43:31,528] Trial 1746 finished with value: 0.09935048967599869 and parameters: {'L1_hidden_dim': 112, 'L1_layers_atom': 2, 'L1_layers_mol': 2, 'L1_dropout': 0.2937634365911911, 'L1_out_dim': 112, 'L2_hidden_dim': 240, 'L2_layers_atom': 1, 'L2_layers_mol': 2, 'L2_out_dim': 96, 'L2_dropout': 0.09886407604428078, 'L3_hidden_dim': 48, 'L3_layers_atom': 3, 'L3_layers_mol': 3, 'L3_out_dim': 112, 'L3_dropout': 0.004098816522265562, 'n_mlp_layers': 2, 'mlp_dim_0': 448, 'mlp_dim_1': 408, 'num_heads': 1, 'final_dropout': 0.15737285633450251, 'train_learning_rate': 0.0032586592204843193, 'train_lr_reduce': 0.6}. Best is trial 1286 with value: 0.03935658559203148.
[I 2024-12-26 04:44:34,232] Trial 1748 finished with value: 0.10835371911525726 and parameters: {'L1_hidden_dim': 80, 'L1_layers_atom': 1, 'L1_layers_mol': 2, 'L1_dropout': 0.2135273232946706, 'L1_out_dim': 112, 'L2_hidden_dim': 176, 'L2_layers_atom': 4, 'L2_layers_mol': 3, 'L2_out_dim': 128, 'L2_dropout': 0.04568470340468589, 'L3_hidden_dim': 128, 'L3_layers_atom': 2, 'L3_layers_mol': 1, 'L3_out_dim': 128, 'L3_dropout': 0.12361103708443479, 'n_mlp_layers': 2, 'mlp_dim_0': 424, 'mlp_dim_1': 440, 'num_heads': 1, 'final_dropout': 0.05024880076597357, 'train_learning_rate': 0.0007114243888955415, 'train_lr_reduce': 0.6}. Best is trial 1286 with value: 0.03935658559203148.
[I 2024-12-26 04:45:04,792] Trial 1749 finished with value: 0.15471568703651428 and parameters: {'L1_hidden_dim': 128, 'L1_layers_atom': 3, 'L1_layers_mol': 4, 'L1_dropout': 0.0065686180622080426, 'L1_out_dim': 64, 'L2_hidden_dim': 128, 'L2_layers_atom': 3, 'L2_layers_mol': 3, 'L2_out_dim': 80, 'L2_dropout': 0.2045641384536533, 'L3_hidden_dim': 48, 'L3_layers_atom': 2, 'L3_layers_mol': 2, 'L3_out_dim': 80, 'L3_dropout': 0.023309158143186515, 'n_mlp_layers': 3, 'mlp_dim_0': 72, 'mlp_dim_1': 480, 'mlp_dim_2': 32, 'num_heads': 1, 'final_dropout': 0.05005210162597343, 'train_learning_rate': 0.0008387133766951343, 'train_lr_reduce': 0.6}. Best is trial 1286 with value: 0.03935658559203148.
[I 2024-12-26 04:45:05,990] Trial 1750 finished with value: 0.06562323123216629 and parameters: {'L1_hidden_dim': 80, 'L1_layers_atom': 4, 'L1_layers_mol': 3, 'L1_dropout': 0.2560384461207003, 'L1_out_dim': 48, 'L2_hidden_dim': 192, 'L2_layers_atom': 3, 'L2_layers_mol': 3, 'L2_out_dim': 80, 'L2_dropout': 0.06509259510056431, 'L3_hidden_dim': 32, 'L3_layers_atom': 3, 'L3_layers_mol': 4, 'L3_out_dim': 96, 'L3_dropout': 0.06472800940117432, 'n_mlp_layers': 2, 'mlp_dim_0': 496, 'mlp_dim_1': 224, 'num_heads': 1, 'final_dropout': 0.1726450987361167, 'train_learning_rate': 0.0007965099843242094, 'train_lr_reduce': 0.6}. Best is trial 1286 with value: 0.03935658559203148.
[I 2024-12-26 04:45:55,480] Trial 1751 finished with value: 0.0935196727514267 and parameters: {'L1_hidden_dim': 80, 'L1_layers_atom': 4, 'L1_layers_mol': 4, 'L1_dropout': 0.28427893435073637, 'L1_out_dim': 112, 'L2_hidden_dim': 192, 'L2_layers_atom': 2, 'L2_layers_mol': 1, 'L2_out_dim': 64, 'L2_dropout': 0.04154859961211606, 'L3_hidden_dim': 112, 'L3_layers_atom': 4, 'L3_layers_mol': 1, 'L3_out_dim': 80, 'L3_dropout': 0.1909596810863262, 'n_mlp_layers': 2, 'mlp_dim_0': 320, 'mlp_dim_1': 328, 'num_heads': 1, 'final_dropout': 0.1136951228418964, 'train_learning_rate': 0.0055372688719536765, 'train_lr_reduce': 0.6}. Best is trial 1286 with value: 0.03935658559203148.
[I 2024-12-26 04:46:13,638] Trial 1753 finished with value: 0.09555744379758835 and parameters: {'L1_hidden_dim': 112, 'L1_layers_atom': 4, 'L1_layers_mol': 4, 'L1_dropout': 0.2923788985471241, 'L1_out_dim': 80, 'L2_hidden_dim': 176, 'L2_layers_atom': 1, 'L2_layers_mol': 2, 'L2_out_dim': 64, 'L2_dropout': 0.01362601371136608, 'L3_hidden_dim': 96, 'L3_layers_atom': 3, 'L3_layers_mol': 1, 'L3_out_dim': 96, 'L3_dropout': 0.2154745206324197, 'n_mlp_layers': 2, 'mlp_dim_0': 240, 'mlp_dim_1': 472, 'num_heads': 1, 'final_dropout': 0.16207480638070837, 'train_learning_rate': 0.0008194261690115868, 'train_lr_reduce': 0.6}. Best is trial 1286 with value: 0.03935658559203148.
[I 2024-12-26 04:46:34,259] Trial 1752 finished with value: 0.06184140220284462 and parameters: {'L1_hidden_dim': 64, 'L1_layers_atom': 3, 'L1_layers_mol': 2, 'L1_dropout': 0.24137343856807436, 'L1_out_dim': 80, 'L2_hidden_dim': 128, 'L2_layers_atom': 2, 'L2_layers_mol': 2, 'L2_out_dim': 96, 'L2_dropout': 0.1096982638443629, 'L3_hidden_dim': 128, 'L3_layers_atom': 4, 'L3_layers_mol': 1, 'L3_out_dim': 48, 'L3_dropout': 0.29499857189858947, 'n_mlp_layers': 3, 'mlp_dim_0': 80, 'mlp_dim_1': 400, 'mlp_dim_2': 80, 'num_heads': 1, 'final_dropout': 0.08567973389392318, 'train_learning_rate': 0.001599136079339503, 'train_lr_reduce': 0.6}. Best is trial 1286 with value: 0.03935658559203148.
[I 2024-12-26 04:47:10,198] Trial 1754 finished with value: 0.055420029908418655 and parameters: {'L1_hidden_dim': 96, 'L1_layers_atom': 2, 'L1_layers_mol': 3, 'L1_dropout': 0.23468776728021604, 'L1_out_dim': 80, 'L2_hidden_dim': 144, 'L2_layers_atom': 2, 'L2_layers_mol': 2, 'L2_out_dim': 112, 'L2_dropout': 0.02380306851750826, 'L3_hidden_dim': 128, 'L3_layers_atom': 3, 'L3_layers_mol': 1, 'L3_out_dim': 128, 'L3_dropout': 0.07676922305373976, 'n_mlp_layers': 2, 'mlp_dim_0': 320, 'mlp_dim_1': 368, 'num_heads': 1, 'final_dropout': 0.07834727875082216, 'train_learning_rate': 0.0011298386520268177, 'train_lr_reduce': 0.6}. Best is trial 1286 with value: 0.03935658559203148.
[I 2024-12-26 04:47:32,189] Trial 1755 finished with value: 0.07343000173568726 and parameters: {'L1_hidden_dim': 64, 'L1_layers_atom': 3, 'L1_layers_mol': 4, 'L1_dropout': 0.12205502813719647, 'L1_out_dim': 64, 'L2_hidden_dim': 160, 'L2_layers_atom': 2, 'L2_layers_mol': 1, 'L2_out_dim': 80, 'L2_dropout': 0.021313664240010823, 'L3_hidden_dim': 112, 'L3_layers_atom': 4, 'L3_layers_mol': 2, 'L3_out_dim': 64, 'L3_dropout': 0.03181858486272976, 'n_mlp_layers': 2, 'mlp_dim_0': 320, 'mlp_dim_1': 416, 'num_heads': 1, 'final_dropout': 0.1308310078112017, 'train_learning_rate': 0.001328418317323534, 'train_lr_reduce': 0.6}. Best is trial 1286 with value: 0.03935658559203148.
[I 2024-12-26 04:47:38,952] Trial 1756 finished with value: 0.12312126159667969 and parameters: {'L1_hidden_dim': 224, 'L1_layers_atom': 1, 'L1_layers_mol': 3, 'L1_dropout': 0.194388924235955, 'L1_out_dim': 128, 'L2_hidden_dim': 208, 'L2_layers_atom': 2, 'L2_layers_mol': 1, 'L2_out_dim': 112, 'L2_dropout': 0.27988579359170596, 'L3_hidden_dim': 80, 'L3_layers_atom': 4, 'L3_layers_mol': 2, 'L3_out_dim': 32, 'L3_dropout': 0.25823250988420965, 'n_mlp_layers': 3, 'mlp_dim_0': 336, 'mlp_dim_1': 296, 'mlp_dim_2': 32, 'num_heads': 2, 'final_dropout': 0.2945079892553447, 'train_learning_rate': 0.00260233757250765, 'train_lr_reduce': 0.6}. Best is trial 1286 with value: 0.03935658559203148.
[I 2024-12-26 04:49:05,733] Trial 1758 finished with value: 0.07104182988405228 and parameters: {'L1_hidden_dim': 80, 'L1_layers_atom': 4, 'L1_layers_mol': 3, 'L1_dropout': 0.19882473870641335, 'L1_out_dim': 48, 'L2_hidden_dim': 160, 'L2_layers_atom': 3, 'L2_layers_mol': 3, 'L2_out_dim': 32, 'L2_dropout': 0.08823574444735094, 'L3_hidden_dim': 48, 'L3_layers_atom': 3, 'L3_layers_mol': 3, 'L3_out_dim': 96, 'L3_dropout': 0.07879618818564525, 'n_mlp_layers': 3, 'mlp_dim_0': 360, 'mlp_dim_1': 336, 'mlp_dim_2': 72, 'num_heads': 1, 'final_dropout': 0.2557518476025896, 'train_learning_rate': 0.0012411082994241147, 'train_lr_reduce': 0.6}. Best is trial 1286 with value: 0.03935658559203148.
[I 2024-12-26 04:49:26,878] Trial 1759 finished with value: 0.07754839211702347 and parameters: {'L1_hidden_dim': 80, 'L1_layers_atom': 4, 'L1_layers_mol': 3, 'L1_dropout': 0.2349146528547828, 'L1_out_dim': 80, 'L2_hidden_dim': 192, 'L2_layers_atom': 3, 'L2_layers_mol': 2, 'L2_out_dim': 112, 'L2_dropout': 0.009736966032341365, 'L3_hidden_dim': 128, 'L3_layers_atom': 4, 'L3_layers_mol': 2, 'L3_out_dim': 80, 'L3_dropout': 0.07391701223181348, 'n_mlp_layers': 2, 'mlp_dim_0': 312, 'mlp_dim_1': 328, 'num_heads': 2, 'final_dropout': 0.12966151594336564, 'train_learning_rate': 0.0011976023337587625, 'train_lr_reduce': 0.6}. Best is trial 1286 with value: 0.03935658559203148.
[I 2024-12-26 04:50:24,716] Trial 1760 finished with value: 0.10108816623687744 and parameters: {'L1_hidden_dim': 96, 'L1_layers_atom': 3, 'L1_layers_mol': 4, 'L1_dropout': 0.20185751754364045, 'L1_out_dim': 96, 'L2_hidden_dim': 208, 'L2_layers_atom': 2, 'L2_layers_mol': 1, 'L2_out_dim': 96, 'L2_dropout': 0.05848884050663153, 'L3_hidden_dim': 96, 'L3_layers_atom': 4, 'L3_layers_mol': 1, 'L3_out_dim': 64, 'L3_dropout': 0.26145806133161864, 'n_mlp_layers': 2, 'mlp_dim_0': 136, 'mlp_dim_1': 280, 'num_heads': 1, 'final_dropout': 0.15865798463083736, 'train_learning_rate': 0.0034625544797588993, 'train_lr_reduce': 0.6}. Best is trial 1286 with value: 0.03935658559203148.
[I 2024-12-26 04:50:42,216] Trial 1761 finished with value: 0.08342970907688141 and parameters: {'L1_hidden_dim': 96, 'L1_layers_atom': 4, 'L1_layers_mol': 2, 'L1_dropout': 0.2597104175988461, 'L1_out_dim': 64, 'L2_hidden_dim': 208, 'L2_layers_atom': 1, 'L2_layers_mol': 4, 'L2_out_dim': 64, 'L2_dropout': 0.07215216776179838, 'L3_hidden_dim': 80, 'L3_layers_atom': 3, 'L3_layers_mol': 3, 'L3_out_dim': 128, 'L3_dropout': 0.07643249270379819, 'n_mlp_layers': 3, 'mlp_dim_0': 368, 'mlp_dim_1': 352, 'mlp_dim_2': 80, 'num_heads': 1, 'final_dropout': 0.254257128720949, 'train_learning_rate': 0.0035528113931014528, 'train_lr_reduce': 0.6}. Best is trial 1286 with value: 0.03935658559203148.
[I 2024-12-26 04:50:43,497] Trial 1757 finished with value: 0.08174172788858414 and parameters: {'L1_hidden_dim': 64, 'L1_layers_atom': 4, 'L1_layers_mol': 3, 'L1_dropout': 0.24772256545427837, 'L1_out_dim': 96, 'L2_hidden_dim': 176, 'L2_layers_atom': 3, 'L2_layers_mol': 4, 'L2_out_dim': 128, 'L2_dropout': 0.04227394267415256, 'L3_hidden_dim': 112, 'L3_layers_atom': 4, 'L3_layers_mol': 3, 'L3_out_dim': 112, 'L3_dropout': 0.06257760642513874, 'n_mlp_layers': 1, 'mlp_dim_0': 288, 'num_heads': 2, 'final_dropout': 0.17817635193866918, 'train_learning_rate': 0.004813351544288502, 'train_lr_reduce': 0.6}. Best is trial 1286 with value: 0.03935658559203148.
[I 2024-12-26 04:51:41,432] Trial 1763 finished with value: 0.10154607146978378 and parameters: {'L1_hidden_dim': 96, 'L1_layers_atom': 3, 'L1_layers_mol': 2, 'L1_dropout': 0.2718329901834842, 'L1_out_dim': 96, 'L2_hidden_dim': 240, 'L2_layers_atom': 3, 'L2_layers_mol': 3, 'L2_out_dim': 48, 'L2_dropout': 0.04337930229893401, 'L3_hidden_dim': 48, 'L3_layers_atom': 4, 'L3_layers_mol': 3, 'L3_out_dim': 80, 'L3_dropout': 0.002249141889050982, 'n_mlp_layers': 3, 'mlp_dim_0': 288, 'mlp_dim_1': 312, 'mlp_dim_2': 80, 'num_heads': 1, 'final_dropout': 0.15920297941113343, 'train_learning_rate': 0.00373249838200793, 'train_lr_reduce': 0.6}. Best is trial 1286 with value: 0.03935658559203148.
[I 2024-12-26 04:51:42,796] Trial 1762 finished with value: 0.06495945155620575 and parameters: {'L1_hidden_dim': 80, 'L1_layers_atom': 4, 'L1_layers_mol': 3, 'L1_dropout': 0.2875888662192442, 'L1_out_dim': 32, 'L2_hidden_dim': 224, 'L2_layers_atom': 1, 'L2_layers_mol': 2, 'L2_out_dim': 112, 'L2_dropout': 0.03447579343260207, 'L3_hidden_dim': 112, 'L3_layers_atom': 3, 'L3_layers_mol': 1, 'L3_out_dim': 48, 'L3_dropout': 0.181104627102264, 'n_mlp_layers': 2, 'mlp_dim_0': 224, 'mlp_dim_1': 352, 'num_heads': 1, 'final_dropout': 0.06628536712124336, 'train_learning_rate': 0.002197194806832268, 'train_lr_reduce': 0.6}. Best is trial 1286 with value: 0.03935658559203148.
[I 2024-12-26 04:51:56,187] Trial 1764 finished with value: 0.08969064056873322 and parameters: {'L1_hidden_dim': 112, 'L1_layers_atom': 3, 'L1_layers_mol': 2, 'L1_dropout': 0.2427346300028316, 'L1_out_dim': 80, 'L2_hidden_dim': 144, 'L2_layers_atom': 2, 'L2_layers_mol': 3, 'L2_out_dim': 128, 'L2_dropout': 0.05662002282472425, 'L3_hidden_dim': 80, 'L3_layers_atom': 2, 'L3_layers_mol': 1, 'L3_out_dim': 64, 'L3_dropout': 0.11064282546732707, 'n_mlp_layers': 2, 'mlp_dim_0': 160, 'mlp_dim_1': 480, 'num_heads': 2, 'final_dropout': 0.20518688902317944, 'train_learning_rate': 0.0008377930071226948, 'train_lr_reduce': 0.6}. Best is trial 1286 with value: 0.03935658559203148.
[I 2024-12-26 04:52:56,915] Trial 1765 finished with value: 0.1004718542098999 and parameters: {'L1_hidden_dim': 80, 'L1_layers_atom': 4, 'L1_layers_mol': 4, 'L1_dropout': 0.24165159713387693, 'L1_out_dim': 64, 'L2_hidden_dim': 160, 'L2_layers_atom': 1, 'L2_layers_mol': 1, 'L2_out_dim': 112, 'L2_dropout': 0.007981244215705528, 'L3_hidden_dim': 112, 'L3_layers_atom': 4, 'L3_layers_mol': 1, 'L3_out_dim': 80, 'L3_dropout': 0.15984170099712702, 'n_mlp_layers': 2, 'mlp_dim_0': 104, 'mlp_dim_1': 232, 'num_heads': 1, 'final_dropout': 0.13620906309731903, 'train_learning_rate': 0.0010297609578205635, 'train_lr_reduce': 0.6}. Best is trial 1286 with value: 0.03935658559203148.
[I 2024-12-26 04:53:08,258] Trial 1766 finished with value: 0.1228184774518013 and parameters: {'L1_hidden_dim': 64, 'L1_layers_atom': 3, 'L1_layers_mol': 4, 'L1_dropout': 0.2504747141292249, 'L1_out_dim': 96, 'L2_hidden_dim': 208, 'L2_layers_atom': 1, 'L2_layers_mol': 3, 'L2_out_dim': 128, 'L2_dropout': 0.011186927119720275, 'L3_hidden_dim': 112, 'L3_layers_atom': 2, 'L3_layers_mol': 1, 'L3_out_dim': 80, 'L3_dropout': 0.08926251142979703, 'n_mlp_layers': 2, 'mlp_dim_0': 264, 'mlp_dim_1': 376, 'num_heads': 2, 'final_dropout': 0.1742134632121898, 'train_learning_rate': 0.005533239824439232, 'train_lr_reduce': 0.6}. Best is trial 1286 with value: 0.03935658559203148.
[I 2024-12-26 04:53:43,333] Trial 1767 finished with value: 0.08634922653436661 and parameters: {'L1_hidden_dim': 64, 'L1_layers_atom': 3, 'L1_layers_mol': 2, 'L1_dropout': 0.19030010872519434, 'L1_out_dim': 112, 'L2_hidden_dim': 208, 'L2_layers_atom': 2, 'L2_layers_mol': 3, 'L2_out_dim': 128, 'L2_dropout': 0.02655241173622253, 'L3_hidden_dim': 112, 'L3_layers_atom': 2, 'L3_layers_mol': 1, 'L3_out_dim': 96, 'L3_dropout': 0.05834540804288346, 'n_mlp_layers': 2, 'mlp_dim_0': 224, 'mlp_dim_1': 304, 'num_heads': 2, 'final_dropout': 0.18543480941661972, 'train_learning_rate': 0.004646335469987257, 'train_lr_reduce': 0.6}. Best is trial 1286 with value: 0.03935658559203148.
[I 2024-12-26 04:54:18,215] Trial 1768 finished with value: 0.07615156471729279 and parameters: {'L1_hidden_dim': 80, 'L1_layers_atom': 1, 'L1_layers_mol': 4, 'L1_dropout': 0.26079420461082914, 'L1_out_dim': 96, 'L2_hidden_dim': 160, 'L2_layers_atom': 2, 'L2_layers_mol': 1, 'L2_out_dim': 112, 'L2_dropout': 0.11632253126320427, 'L3_hidden_dim': 128, 'L3_layers_atom': 3, 'L3_layers_mol': 1, 'L3_out_dim': 112, 'L3_dropout': 0.10541072513794209, 'n_mlp_layers': 2, 'mlp_dim_0': 240, 'mlp_dim_1': 368, 'num_heads': 1, 'final_dropout': 0.09325155751658597, 'train_learning_rate': 0.0007066873117709004, 'train_lr_reduce': 0.6}. Best is trial 1286 with value: 0.03935658559203148.
[I 2024-12-26 04:54:38,160] Trial 1771 finished with value: 1.1123607158660889 and parameters: {'L1_hidden_dim': 64, 'L1_layers_atom': 2, 'L1_layers_mol': 3, 'L1_dropout': 0.19783883408237024, 'L1_out_dim': 80, 'L2_hidden_dim': 112, 'L2_layers_atom': 2, 'L2_layers_mol': 2, 'L2_out_dim': 112, 'L2_dropout': 0.06024695807584228, 'L3_hidden_dim': 128, 'L3_layers_atom': 3, 'L3_layers_mol': 2, 'L3_out_dim': 112, 'L3_dropout': 0.12735522480164402, 'n_mlp_layers': 2, 'mlp_dim_0': 192, 'mlp_dim_1': 368, 'num_heads': 1, 'final_dropout': 0.0649186454958993, 'train_learning_rate': 0.0005072332288798618, 'train_lr_reduce': 0.6}. Best is trial 1286 with value: 0.03935658559203148.
