[I 2024-12-20 01:24:05,534] Trial 1991 finished with value: 0.40233370661735535 and parameters: {'mlp_n_layers': 4, 'mlp_dim_00': 81, 'mlp_dim_01': 346, 'mlp_dim_02': 333, 'mlp_dim_03': 431, 'node_hidden_dim': 105, 'edge_hidden_dim': 59, 'depth': 1, 'rep_dropout': 0.041173791976642005, 'train_learning_rate': 0.0006358363619164166, 'train_lr_reduce': 0.6}. Best is trial 558 with value: 0.30280801653862.
[I 2024-12-20 01:24:06,513] Trial 1989 finished with value: 0.36707794666290283 and parameters: {'mlp_n_layers': 4, 'mlp_dim_00': 126, 'mlp_dim_01': 343, 'mlp_dim_02': 386, 'mlp_dim_03': 294, 'node_hidden_dim': 113, 'edge_hidden_dim': 32, 'depth': 1, 'rep_dropout': 0.01929833175758595, 'train_learning_rate': 0.001107788613119344, 'train_lr_reduce': 0.6}. Best is trial 558 with value: 0.30280801653862.
[I 2024-12-20 01:24:11,581] Trial 1988 finished with value: 0.4273333251476288 and parameters: {'mlp_n_layers': 4, 'mlp_dim_00': 96, 'mlp_dim_01': 307, 'mlp_dim_02': 349, 'mlp_dim_03': 360, 'node_hidden_dim': 101, 'edge_hidden_dim': 50, 'depth': 2, 'rep_dropout': 0.026721685531388817, 'train_learning_rate': 0.002242682820061877, 'train_lr_reduce': 0.6}. Best is trial 558 with value: 0.30280801653862.
[I 2024-12-20 01:24:16,688] Trial 1994 finished with value: 1.5613642930984497 and parameters: {'mlp_n_layers': 2, 'mlp_dim_00': 508, 'mlp_dim_01': 355, 'node_hidden_dim': 58, 'edge_hidden_dim': 101, 'depth': 4, 'rep_dropout': 0.13241993945156255, 'train_learning_rate': 0.00011731897927163037, 'train_lr_reduce': 0.6}. Best is trial 558 with value: 0.30280801653862.
[I 2024-12-20 01:24:21,661] Trial 1993 finished with value: 0.39826664328575134 and parameters: {'mlp_n_layers': 4, 'mlp_dim_00': 153, 'mlp_dim_01': 273, 'mlp_dim_02': 380, 'mlp_dim_03': 243, 'node_hidden_dim': 116, 'edge_hidden_dim': 38, 'depth': 1, 'rep_dropout': 0.03178599895073925, 'train_learning_rate': 0.0010663574499623215, 'train_lr_reduce': 0.6}. Best is trial 558 with value: 0.30280801653862.
[I 2024-12-20 01:24:28,838] Trial 1992 finished with value: 0.37915441393852234 and parameters: {'mlp_n_layers': 4, 'mlp_dim_00': 154, 'mlp_dim_01': 308, 'mlp_dim_02': 269, 'mlp_dim_03': 323, 'node_hidden_dim': 105, 'edge_hidden_dim': 60, 'depth': 2, 'rep_dropout': 0.05247379462777274, 'train_learning_rate': 0.0033574031847399244, 'train_lr_reduce': 0.6}. Best is trial 558 with value: 0.30280801653862.
[I 2024-12-20 01:24:30,692] Trial 1995 finished with value: 0.38729044795036316 and parameters: {'mlp_n_layers': 4, 'mlp_dim_00': 132, 'mlp_dim_01': 319, 'mlp_dim_02': 418, 'mlp_dim_03': 479, 'node_hidden_dim': 104, 'edge_hidden_dim': 52, 'depth': 1, 'rep_dropout': 0.022726756213720254, 'train_learning_rate': 0.0009236402220375087, 'train_lr_reduce': 0.6}. Best is trial 558 with value: 0.30280801653862.
[I 2024-12-20 01:24:34,685] Trial 1998 finished with value: 1.579849362373352 and parameters: {'mlp_n_layers': 4, 'mlp_dim_00': 136, 'mlp_dim_01': 266, 'mlp_dim_02': 435, 'mlp_dim_03': 366, 'node_hidden_dim': 104, 'edge_hidden_dim': 51, 'depth': 1, 'rep_dropout': 0.0036888408601666797, 'train_learning_rate': 0.00043360088957516583, 'train_lr_reduce': 0.6}. Best is trial 558 with value: 0.30280801653862.
[I 2024-12-20 01:24:36,806] Trial 1996 finished with value: 0.36452776193618774 and parameters: {'mlp_n_layers': 3, 'mlp_dim_00': 100, 'mlp_dim_01': 351, 'mlp_dim_02': 345, 'node_hidden_dim': 88, 'edge_hidden_dim': 36, 'depth': 1, 'rep_dropout': 0.01976471071856504, 'train_learning_rate': 0.0038668209131046214, 'train_lr_reduce': 0.6}. Best is trial 558 with value: 0.30280801653862.
[I 2024-12-20 01:24:38,838] Trial 1999 finished with value: 1.572141170501709 and parameters: {'mlp_n_layers': 4, 'mlp_dim_00': 186, 'mlp_dim_01': 310, 'mlp_dim_02': 311, 'mlp_dim_03': 412, 'node_hidden_dim': 98, 'edge_hidden_dim': 35, 'depth': 1, 'rep_dropout': 0.04901370679499563, 'train_learning_rate': 0.0004961018532954962, 'train_lr_reduce': 0.6}. Best is trial 558 with value: 0.30280801653862.
[I 2024-12-20 01:24:40,587] Trial 2000 finished with value: 1.5419542789459229 and parameters: {'mlp_n_layers': 2, 'mlp_dim_00': 94, 'mlp_dim_01': 339, 'node_hidden_dim': 82, 'edge_hidden_dim': 37, 'depth': 1, 'rep_dropout': 0.034540031545193424, 'train_learning_rate': 0.0010899939304547443, 'train_lr_reduce': 0.6}. Best is trial 558 with value: 0.30280801653862.
[I 2024-12-20 01:24:42,361] Trial 1997 finished with value: 0.4411248564720154 and parameters: {'mlp_n_layers': 4, 'mlp_dim_00': 206, 'mlp_dim_01': 101, 'mlp_dim_02': 380, 'mlp_dim_03': 124, 'node_hidden_dim': 120, 'edge_hidden_dim': 126, 'depth': 1, 'rep_dropout': 0.1095209788961733, 'train_learning_rate': 0.0008032953011895468, 'train_lr_reduce': 0.6}. Best is trial 558 with value: 0.30280801653862.
[I 2024-12-20 01:24:57,008] Trial 2001 finished with value: 0.3698081076145172 and parameters: {'mlp_n_layers': 4, 'mlp_dim_00': 168, 'mlp_dim_01': 357, 'mlp_dim_02': 377, 'mlp_dim_03': 315, 'node_hidden_dim': 107, 'edge_hidden_dim': 39, 'depth': 1, 'rep_dropout': 0.01587386336690274, 'train_learning_rate': 0.0006453350639790515, 'train_lr_reduce': 0.6}. Best is trial 558 with value: 0.30280801653862.
[I 2024-12-20 01:25:02,161] Trial 2004 finished with value: 1.2864283323287964 and parameters: {'mlp_n_layers': 2, 'mlp_dim_00': 308, 'mlp_dim_01': 356, 'node_hidden_dim': 49, 'edge_hidden_dim': 65, 'depth': 4, 'rep_dropout': 0.09753604383030592, 'train_learning_rate': 0.0059789690207060694, 'train_lr_reduce': 0.6}. Best is trial 558 with value: 0.30280801653862.
[I 2024-12-20 01:25:06,241] Trial 2005 finished with value: 1.4981518983840942 and parameters: {'mlp_n_layers': 4, 'mlp_dim_00': 80, 'mlp_dim_01': 312, 'mlp_dim_02': 438, 'mlp_dim_03': 425, 'node_hidden_dim': 105, 'edge_hidden_dim': 33, 'depth': 1, 'rep_dropout': 0.027612430433027267, 'train_learning_rate': 0.001291699899673546, 'train_lr_reduce': 0.6}. Best is trial 558 with value: 0.30280801653862.
[I 2024-12-20 01:25:06,700] Trial 2002 finished with value: 0.36148351430892944 and parameters: {'mlp_n_layers': 4, 'mlp_dim_00': 166, 'mlp_dim_01': 304, 'mlp_dim_02': 417, 'mlp_dim_03': 377, 'node_hidden_dim': 124, 'edge_hidden_dim': 33, 'depth': 1, 'rep_dropout': 0.014401059731231024, 'train_learning_rate': 0.0015992992725497681, 'train_lr_reduce': 0.6}. Best is trial 558 with value: 0.30280801653862.
[I 2024-12-20 01:25:06,705] Trial 2003 finished with value: 0.40618187189102173 and parameters: {'mlp_n_layers': 4, 'mlp_dim_00': 467, 'mlp_dim_01': 274, 'mlp_dim_02': 338, 'mlp_dim_03': 473, 'node_hidden_dim': 111, 'edge_hidden_dim': 56, 'depth': 1, 'rep_dropout': 0.00011710550842488569, 'train_learning_rate': 0.003036107587055559, 'train_lr_reduce': 0.6}. Best is trial 558 with value: 0.30280801653862.
[I 2024-12-20 01:25:13,659] Trial 2006 finished with value: 1.345827341079712 and parameters: {'mlp_n_layers': 4, 'mlp_dim_00': 164, 'mlp_dim_01': 135, 'mlp_dim_02': 380, 'mlp_dim_03': 281, 'node_hidden_dim': 118, 'edge_hidden_dim': 50, 'depth': 2, 'rep_dropout': 0.001980506677164578, 'train_learning_rate': 0.0013323102477255065, 'train_lr_reduce': 0.6}. Best is trial 558 with value: 0.30280801653862.
[I 2024-12-20 01:25:15,234] Trial 2007 finished with value: 1.3739250898361206 and parameters: {'mlp_n_layers': 2, 'mlp_dim_00': 446, 'mlp_dim_01': 359, 'node_hidden_dim': 43, 'edge_hidden_dim': 53, 'depth': 4, 'rep_dropout': 0.05848169954312199, 'train_learning_rate': 0.0031065824640550007, 'train_lr_reduce': 0.6}. Best is trial 558 with value: 0.30280801653862.
[I 2024-12-20 01:25:16,769] Trial 2008 finished with value: 0.4368283450603485 and parameters: {'mlp_n_layers': 3, 'mlp_dim_00': 451, 'mlp_dim_01': 260, 'mlp_dim_02': 290, 'node_hidden_dim': 95, 'edge_hidden_dim': 32, 'depth': 1, 'rep_dropout': 0.013737114908875251, 'train_learning_rate': 0.0036168538811521904, 'train_lr_reduce': 0.6}. Best is trial 558 with value: 0.30280801653862.
[I 2024-12-20 01:25:17,110] Trial 2009 finished with value: 1.547950267791748 and parameters: {'mlp_n_layers': 3, 'mlp_dim_00': 184, 'mlp_dim_01': 324, 'mlp_dim_02': 404, 'node_hidden_dim': 95, 'edge_hidden_dim': 33, 'depth': 1, 'rep_dropout': 0.021388964794139896, 'train_learning_rate': 0.0007118055533099125, 'train_lr_reduce': 0.6}. Best is trial 558 with value: 0.30280801653862.
[I 2024-12-20 01:25:19,358] Trial 2010 finished with value: 1.5652471780776978 and parameters: {'mlp_n_layers': 4, 'mlp_dim_00': 138, 'mlp_dim_01': 299, 'mlp_dim_02': 345, 'mlp_dim_03': 336, 'node_hidden_dim': 110, 'edge_hidden_dim': 38, 'depth': 1, 'rep_dropout': 0.028839099422793894, 'train_learning_rate': 0.0003741803676625919, 'train_lr_reduce': 0.6}. Best is trial 558 with value: 0.30280801653862.
[I 2024-12-20 01:25:20,864] Trial 2011 finished with value: 1.3625338077545166 and parameters: {'mlp_n_layers': 1, 'mlp_dim_00': 373, 'node_hidden_dim': 97, 'edge_hidden_dim': 51, 'depth': 3, 'rep_dropout': 0.1321882023384851, 'train_learning_rate': 0.0020091828420486482, 'train_lr_reduce': 0.6}. Best is trial 558 with value: 0.30280801653862.
[I 2024-12-20 01:25:23,504] Trial 2013 finished with value: 1.4324852228164673 and parameters: {'mlp_n_layers': 3, 'mlp_dim_00': 148, 'mlp_dim_01': 258, 'mlp_dim_02': 369, 'node_hidden_dim': 103, 'edge_hidden_dim': 40, 'depth': 1, 'rep_dropout': 0.025562949975695637, 'train_learning_rate': 0.0023083252975446425, 'train_lr_reduce': 0.6}. Best is trial 558 with value: 0.30280801653862.
[I 2024-12-20 01:25:27,514] Trial 2015 finished with value: 1.5094537734985352 and parameters: {'mlp_n_layers': 3, 'mlp_dim_00': 147, 'mlp_dim_01': 364, 'mlp_dim_02': 511, 'node_hidden_dim': 108, 'edge_hidden_dim': 34, 'depth': 1, 'rep_dropout': 0.04085250093209736, 'train_learning_rate': 0.0008710545409393814, 'train_lr_reduce': 0.6}. Best is trial 558 with value: 0.30280801653862.
[I 2024-12-20 01:25:31,734] Trial 2016 finished with value: 1.5338141918182373 and parameters: {'mlp_n_layers': 4, 'mlp_dim_00': 128, 'mlp_dim_01': 301, 'mlp_dim_02': 263, 'mlp_dim_03': 478, 'node_hidden_dim': 100, 'edge_hidden_dim': 40, 'depth': 1, 'rep_dropout': 0.025249325631172652, 'train_learning_rate': 0.0009685228676682269, 'train_lr_reduce': 0.6}. Best is trial 558 with value: 0.30280801653862.
[I 2024-12-20 01:25:31,807] Trial 2012 finished with value: 0.3598079979419708 and parameters: {'mlp_n_layers': 4, 'mlp_dim_00': 84, 'mlp_dim_01': 368, 'mlp_dim_02': 456, 'mlp_dim_03': 163, 'node_hidden_dim': 111, 'edge_hidden_dim': 43, 'depth': 1, 'rep_dropout': 0.03068243984020083, 'train_learning_rate': 0.0009175579970967651, 'train_lr_reduce': 0.6}. Best is trial 558 with value: 0.30280801653862.
[I 2024-12-20 01:25:39,881] Trial 2018 finished with value: 1.4053398370742798 and parameters: {'mlp_n_layers': 3, 'mlp_dim_00': 245, 'mlp_dim_01': 335, 'mlp_dim_02': 318, 'node_hidden_dim': 33, 'edge_hidden_dim': 88, 'depth': 4, 'rep_dropout': 0.07607684070825904, 'train_learning_rate': 0.0038148286774078327, 'train_lr_reduce': 0.6}. Best is trial 558 with value: 0.30280801653862.
[I 2024-12-20 01:25:43,824] Trial 2019 finished with value: 1.2873690128326416 and parameters: {'mlp_n_layers': 1, 'mlp_dim_00': 433, 'node_hidden_dim': 100, 'edge_hidden_dim': 55, 'depth': 2, 'rep_dropout': 0.022804954458652493, 'train_learning_rate': 0.00976620680905998, 'train_lr_reduce': 0.6}. Best is trial 558 with value: 0.30280801653862.
[I 2024-12-20 01:25:44,934] Trial 2014 finished with value: 0.36058056354522705 and parameters: {'mlp_n_layers': 4, 'mlp_dim_00': 91, 'mlp_dim_01': 332, 'mlp_dim_02': 413, 'mlp_dim_03': 385, 'node_hidden_dim': 87, 'edge_hidden_dim': 34, 'depth': 1, 'rep_dropout': 0.04238898962326981, 'train_learning_rate': 0.0005424552555620506, 'train_lr_reduce': 0.6}. Best is trial 558 with value: 0.30280801653862.
[I 2024-12-20 01:25:48,029] Trial 2020 finished with value: 1.5324515104293823 and parameters: {'mlp_n_layers': 4, 'mlp_dim_00': 187, 'mlp_dim_01': 267, 'mlp_dim_02': 380, 'mlp_dim_03': 230, 'node_hidden_dim': 122, 'edge_hidden_dim': 32, 'depth': 1, 'rep_dropout': 0.0008713000455297798, 'train_learning_rate': 0.0010338727130994657, 'train_lr_reduce': 0.6}. Best is trial 558 with value: 0.30280801653862.
[I 2024-12-20 01:25:49,160] Trial 2021 finished with value: 1.5216686725616455 and parameters: {'mlp_n_layers': 4, 'mlp_dim_00': 479, 'mlp_dim_01': 364, 'mlp_dim_02': 447, 'mlp_dim_03': 429, 'node_hidden_dim': 94, 'edge_hidden_dim': 46, 'depth': 1, 'rep_dropout': 0.0019473355722569837, 'train_learning_rate': 0.0009721288357222362, 'train_lr_reduce': 0.6}. Best is trial 558 with value: 0.30280801653862.
[I 2024-12-20 01:25:52,339] Trial 2017 finished with value: 0.35875001549720764 and parameters: {'mlp_n_layers': 4, 'mlp_dim_00': 336, 'mlp_dim_01': 154, 'mlp_dim_02': 313, 'mlp_dim_03': 286, 'node_hidden_dim': 118, 'edge_hidden_dim': 54, 'depth': 1, 'rep_dropout': 0.0011859085393266192, 'train_learning_rate': 0.0021816358609815286, 'train_lr_reduce': 0.6}. Best is trial 558 with value: 0.30280801653862.
[I 2024-12-20 01:25:53,171] Trial 2023 finished with value: 1.506063461303711 and parameters: {'mlp_n_layers': 3, 'mlp_dim_00': 118, 'mlp_dim_01': 373, 'mlp_dim_02': 361, 'node_hidden_dim': 99, 'edge_hidden_dim': 47, 'depth': 2, 'rep_dropout': 0.0387237244283756, 'train_learning_rate': 0.0013625083493558057, 'train_lr_reduce': 0.6}. Best is trial 558 with value: 0.30280801653862.
[I 2024-12-20 01:25:56,340] Trial 2024 finished with value: 1.5306775569915771 and parameters: {'mlp_n_layers': 4, 'mlp_dim_00': 214, 'mlp_dim_01': 283, 'mlp_dim_02': 398, 'mlp_dim_03': 512, 'node_hidden_dim': 102, 'edge_hidden_dim': 36, 'depth': 1, 'rep_dropout': 0.014643124611176134, 'train_learning_rate': 0.001271481785115883, 'train_lr_reduce': 0.6}. Best is trial 558 with value: 0.30280801653862.
[I 2024-12-20 01:25:59,980] Trial 2022 finished with value: 0.4467087984085083 and parameters: {'mlp_n_layers': 4, 'mlp_dim_00': 158, 'mlp_dim_01': 310, 'mlp_dim_02': 417, 'mlp_dim_03': 347, 'node_hidden_dim': 115, 'edge_hidden_dim': 71, 'depth': 1, 'rep_dropout': 0.0018281910937465676, 'train_learning_rate': 0.0017011594061506123, 'train_lr_reduce': 0.6}. Best is trial 558 with value: 0.30280801653862.
[I 2024-12-20 01:26:04,470] Trial 2027 finished with value: 1.466931700706482 and parameters: {'mlp_n_layers': 1, 'mlp_dim_00': 140, 'node_hidden_dim': 97, 'edge_hidden_dim': 98, 'depth': 3, 'rep_dropout': 0.06998973514461163, 'train_learning_rate': 0.0025057102982367547, 'train_lr_reduce': 0.6}. Best is trial 558 with value: 0.30280801653862.
[I 2024-12-20 01:26:08,797] Trial 2028 finished with value: 1.5742430686950684 and parameters: {'mlp_n_layers': 4, 'mlp_dim_00': 502, 'mlp_dim_01': 362, 'mlp_dim_02': 264, 'mlp_dim_03': 389, 'node_hidden_dim': 101, 'edge_hidden_dim': 32, 'depth': 1, 'rep_dropout': 0.0030507111666959697, 'train_learning_rate': 0.0006859442347528404, 'train_lr_reduce': 0.6}. Best is trial 558 with value: 0.30280801653862.
[I 2024-12-20 01:26:08,884] Trial 2026 finished with value: 0.40145742893218994 and parameters: {'mlp_n_layers': 3, 'mlp_dim_00': 126, 'mlp_dim_01': 243, 'mlp_dim_02': 345, 'node_hidden_dim': 102, 'edge_hidden_dim': 34, 'depth': 1, 'rep_dropout': 0.02552632349285276, 'train_learning_rate': 0.002017680553270887, 'train_lr_reduce': 0.6}. Best is trial 558 with value: 0.30280801653862.
[I 2024-12-20 01:26:13,137] Trial 2029 finished with value: 1.2848821878433228 and parameters: {'mlp_n_layers': 4, 'mlp_dim_00': 378, 'mlp_dim_01': 308, 'mlp_dim_02': 412, 'mlp_dim_03': 322, 'node_hidden_dim': 112, 'edge_hidden_dim': 37, 'depth': 1, 'rep_dropout': 0.005959239393836235, 'train_learning_rate': 0.0043423052613396984, 'train_lr_reduce': 0.6}. Best is trial 558 with value: 0.30280801653862.
[I 2024-12-20 01:26:13,165] Trial 2030 finished with value: 1.4124515056610107 and parameters: {'mlp_n_layers': 4, 'mlp_dim_00': 153, 'mlp_dim_01': 332, 'mlp_dim_02': 373, 'mlp_dim_03': 442, 'node_hidden_dim': 113, 'edge_hidden_dim': 32, 'depth': 2, 'rep_dropout': 0.023846535869923538, 'train_learning_rate': 0.002308650159978003, 'train_lr_reduce': 0.6}. Best is trial 558 with value: 0.30280801653862.
[I 2024-12-20 01:26:13,170] Trial 2025 finished with value: 0.3183889091014862 and parameters: {'mlp_n_layers': 4, 'mlp_dim_00': 161, 'mlp_dim_01': 333, 'mlp_dim_02': 456, 'mlp_dim_03': 98, 'node_hidden_dim': 109, 'edge_hidden_dim': 32, 'depth': 1, 'rep_dropout': 0.02625202454467454, 'train_learning_rate': 0.001293591044447717, 'train_lr_reduce': 0.6}. Best is trial 558 with value: 0.30280801653862.
[I 2024-12-20 01:26:18,390] Trial 2032 finished with value: 1.5562773942947388 and parameters: {'mlp_n_layers': 4, 'mlp_dim_00': 502, 'mlp_dim_01': 344, 'mlp_dim_02': 480, 'mlp_dim_03': 69, 'node_hidden_dim': 99, 'edge_hidden_dim': 34, 'depth': 2, 'rep_dropout': 0.013729239856909287, 'train_learning_rate': 0.0011782531873643573, 'train_lr_reduce': 0.6}. Best is trial 558 with value: 0.30280801653862.
[I 2024-12-20 01:26:23,093] Trial 2034 finished with value: 1.283705234527588 and parameters: {'mlp_n_layers': 1, 'mlp_dim_00': 404, 'node_hidden_dim': 80, 'edge_hidden_dim': 116, 'depth': 4, 'rep_dropout': 0.14119928544743982, 'train_learning_rate': 0.0050884126438789186, 'train_lr_reduce': 0.6}. Best is trial 558 with value: 0.30280801653862.
[I 2024-12-20 01:26:27,196] Trial 2035 finished with value: 1.5433984994888306 and parameters: {'mlp_n_layers': 3, 'mlp_dim_00': 73, 'mlp_dim_01': 370, 'mlp_dim_02': 478, 'node_hidden_dim': 107, 'edge_hidden_dim': 32, 'depth': 2, 'rep_dropout': 0.006469289156932203, 'train_learning_rate': 0.0015032610153096816, 'train_lr_reduce': 0.6}. Best is trial 558 with value: 0.30280801653862.
[I 2024-12-20 01:26:27,284] Trial 2031 finished with value: 0.39576664566993713 and parameters: {'mlp_n_layers': 4, 'mlp_dim_00': 147, 'mlp_dim_01': 360, 'mlp_dim_02': 505, 'mlp_dim_03': 105, 'node_hidden_dim': 100, 'edge_hidden_dim': 36, 'depth': 1, 'rep_dropout': 0.05104449135047344, 'train_learning_rate': 0.0007695232596783265, 'train_lr_reduce': 0.6}. Best is trial 558 with value: 0.30280801653862.
[I 2024-12-20 01:26:31,249] Trial 2033 finished with value: 0.35259291529655457 and parameters: {'mlp_n_layers': 4, 'mlp_dim_00': 154, 'mlp_dim_01': 356, 'mlp_dim_02': 502, 'mlp_dim_03': 76, 'node_hidden_dim': 99, 'edge_hidden_dim': 41, 'depth': 1, 'rep_dropout': 0.014619034936326214, 'train_learning_rate': 0.002940913140583582, 'train_lr_reduce': 0.6}. Best is trial 558 with value: 0.30280801653862.
[I 2024-12-20 01:26:31,388] Trial 2036 finished with value: 1.5684714317321777 and parameters: {'mlp_n_layers': 4, 'mlp_dim_00': 91, 'mlp_dim_01': 332, 'mlp_dim_02': 467, 'mlp_dim_03': 104, 'node_hidden_dim': 116, 'edge_hidden_dim': 44, 'depth': 1, 'rep_dropout': 0.03908513859024734, 'train_learning_rate': 0.0004449279141943959, 'train_lr_reduce': 0.6}. Best is trial 558 with value: 0.30280801653862.
[I 2024-12-20 01:26:31,508] Trial 2037 finished with value: 1.5237674713134766 and parameters: {'mlp_n_layers': 3, 'mlp_dim_00': 411, 'mlp_dim_01': 340, 'mlp_dim_02': 480, 'node_hidden_dim': 33, 'edge_hidden_dim': 84, 'depth': 3, 'rep_dropout': 0.05537348427008991, 'train_learning_rate': 0.0026029355605741576, 'train_lr_reduce': 0.6}. Best is trial 558 with value: 0.30280801653862.
[I 2024-12-20 01:26:40,090] Trial 2039 finished with value: 1.3701921701431274 and parameters: {'mlp_n_layers': 4, 'mlp_dim_00': 157, 'mlp_dim_01': 381, 'mlp_dim_02': 461, 'mlp_dim_03': 92, 'node_hidden_dim': 105, 'edge_hidden_dim': 35, 'depth': 2, 'rep_dropout': 0.020237687198996514, 'train_learning_rate': 0.0011700690821089834, 'train_lr_reduce': 0.6}. Best is trial 558 with value: 0.30280801653862.
[I 2024-12-20 01:26:51,024] Trial 2038 finished with value: 0.34896883368492126 and parameters: {'mlp_n_layers': 3, 'mlp_dim_00': 68, 'mlp_dim_01': 372, 'mlp_dim_02': 471, 'node_hidden_dim': 103, 'edge_hidden_dim': 50, 'depth': 1, 'rep_dropout': 0.03848512914481366, 'train_learning_rate': 0.0008702248284864383, 'train_lr_reduce': 0.6}. Best is trial 558 with value: 0.30280801653862.
[I 2024-12-20 01:26:53,621] Trial 2040 finished with value: 0.4298288822174072 and parameters: {'mlp_n_layers': 4, 'mlp_dim_00': 269, 'mlp_dim_01': 330, 'mlp_dim_02': 458, 'mlp_dim_03': 70, 'node_hidden_dim': 111, 'edge_hidden_dim': 45, 'depth': 1, 'rep_dropout': 0.024761776247430464, 'train_learning_rate': 0.006602209547754398, 'train_lr_reduce': 0.6}. Best is trial 558 with value: 0.30280801653862.
[I 2024-12-20 01:26:58,082] Trial 2043 finished with value: 1.4180850982666016 and parameters: {'mlp_n_layers': 2, 'mlp_dim_00': 335, 'mlp_dim_01': 359, 'node_hidden_dim': 63, 'edge_hidden_dim': 122, 'depth': 4, 'rep_dropout': 0.06712014782364324, 'train_learning_rate': 0.000939260492859828, 'train_lr_reduce': 0.6}. Best is trial 558 with value: 0.30280801653862.
[I 2024-12-20 01:27:03,867] Trial 2041 finished with value: 0.3154180645942688 and parameters: {'mlp_n_layers': 4, 'mlp_dim_00': 150, 'mlp_dim_01': 343, 'mlp_dim_02': 488, 'mlp_dim_03': 124, 'node_hidden_dim': 101, 'edge_hidden_dim': 33, 'depth': 1, 'rep_dropout': 0.018520376383267742, 'train_learning_rate': 0.001108263395787176, 'train_lr_reduce': 0.6}. Best is trial 558 with value: 0.30280801653862.
[I 2024-12-20 01:27:17,678] Trial 2044 finished with value: 0.315627783536911 and parameters: {'mlp_n_layers': 4, 'mlp_dim_00': 106, 'mlp_dim_01': 384, 'mlp_dim_02': 442, 'mlp_dim_03': 68, 'node_hidden_dim': 113, 'edge_hidden_dim': 33, 'depth': 1, 'rep_dropout': 0.015280027175378862, 'train_learning_rate': 0.0008567581208821214, 'train_lr_reduce': 0.6}. Best is trial 558 with value: 0.30280801653862.
