[I 2024-12-04 17:36:21,380] Trial 788 finished with value: 0.31787767092794833 and parameters: {'n_estimators': 879, 'max_depth': 6, 'learning_rate': 0.07249894115261829, 'subsample': 0.7651333224562274, 'colsample_bytree': 0.7272791923687524, 'min_child_weight': 2, 'gamma': 0.00046184189135172507, 'reg_alpha': 1.9186287612944663e-05, 'reg_lambda': 0.017509256131792297}. Best is trial 731 with value: 0.3092544674883941.
[I 2024-12-04 17:36:23,005] Trial 789 finished with value: 0.3241835026154719 and parameters: {'n_estimators': 851, 'max_depth': 6, 'learning_rate': 0.07012931843372823, 'subsample': 0.7564389565493261, 'colsample_bytree': 0.7363471064085076, 'min_child_weight': 2, 'gamma': 0.000884799858740426, 'reg_alpha': 1.7915391687306474e-05, 'reg_lambda': 0.014619794220628927}. Best is trial 731 with value: 0.3092544674883941.
[I 2024-12-04 17:36:24,412] Trial 790 finished with value: 0.3184472176157506 and parameters: {'n_estimators': 903, 'max_depth': 6, 'learning_rate': 0.07471717933503089, 'subsample': 0.7670521358838147, 'colsample_bytree': 0.731009984292289, 'min_child_weight': 2, 'gamma': 0.0006974546466164044, 'reg_alpha': 1.7699036893375627e-05, 'reg_lambda': 0.015679122892848944}. Best is trial 731 with value: 0.3092544674883941.
[I 2024-12-04 17:36:25,832] Trial 791 finished with value: 0.31559143110488824 and parameters: {'n_estimators': 915, 'max_depth': 6, 'learning_rate': 0.07299996012521169, 'subsample': 0.7640856100808928, 'colsample_bytree': 0.7227794820344277, 'min_child_weight': 2, 'gamma': 0.0010013761070615272, 'reg_alpha': 3.5621571755818306e-05, 'reg_lambda': 0.0151553072800717}. Best is trial 731 with value: 0.3092544674883941.
[I 2024-12-04 17:36:27,250] Trial 792 finished with value: 0.3092481028997622 and parameters: {'n_estimators': 898, 'max_depth': 6, 'learning_rate': 0.07199032596657323, 'subsample': 0.7643173982148127, 'colsample_bytree': 0.7216904785299068, 'min_child_weight': 2, 'gamma': 0.0009095341004001216, 'reg_alpha': 2.4203073916356826e-05, 'reg_lambda': 0.014057960810365887}. Best is trial 792 with value: 0.3092481028997622.
[I 2024-12-04 17:36:28,765] Trial 793 finished with value: 0.3229531072624376 and parameters: {'n_estimators': 875, 'max_depth': 6, 'learning_rate': 0.07449765744729704, 'subsample': 0.7704368819456767, 'colsample_bytree': 0.7324428494168592, 'min_child_weight': 2, 'gamma': 0.000659141229802174, 'reg_alpha': 2.5659896876807636e-05, 'reg_lambda': 0.014996405545149845}. Best is trial 792 with value: 0.3092481028997622.
[I 2024-12-04 17:36:30,926] Trial 794 finished with value: 0.32335462063268994 and parameters: {'n_estimators': 882, 'max_depth': 6, 'learning_rate': 0.07335163254633992, 'subsample': 0.7648816754086001, 'colsample_bytree': 0.725575651454012, 'min_child_weight': 2, 'gamma': 0.0007022181616409526, 'reg_alpha': 2.974482373532219e-05, 'reg_lambda': 0.010284834158115654}. Best is trial 792 with value: 0.3092481028997622.
[I 2024-12-04 17:36:32,623] Trial 795 finished with value: 0.31244191837999336 and parameters: {'n_estimators': 900, 'max_depth': 6, 'learning_rate': 0.07404416366041325, 'subsample': 0.7672102082823458, 'colsample_bytree': 0.7260320107321947, 'min_child_weight': 2, 'gamma': 0.0007304705716012114, 'reg_alpha': 2.7351773188014552e-05, 'reg_lambda': 0.017120237631666386}. Best is trial 792 with value: 0.3092481028997622.
[I 2024-12-04 17:36:34,013] Trial 796 finished with value: 0.31165576593305566 and parameters: {'n_estimators': 892, 'max_depth': 6, 'learning_rate': 0.07370800216367493, 'subsample': 0.7698442756737648, 'colsample_bytree': 0.7224513818487146, 'min_child_weight': 2, 'gamma': 0.0007914113087950393, 'reg_alpha': 2.9384853262947316e-05, 'reg_lambda': 0.017397599226582114}. Best is trial 792 with value: 0.3092481028997622.
[I 2024-12-04 17:36:35,420] Trial 797 finished with value: 0.3147740263595104 and parameters: {'n_estimators': 897, 'max_depth': 6, 'learning_rate': 0.07517534106131728, 'subsample': 0.7652056578183205, 'colsample_bytree': 0.7180327052060639, 'min_child_weight': 2, 'gamma': 0.0005516100459932652, 'reg_alpha': 3.7992134783831304e-05, 'reg_lambda': 0.013527915265494964}. Best is trial 792 with value: 0.3092481028997622.
[I 2024-12-04 17:36:36,834] Trial 798 finished with value: 0.30940467962604795 and parameters: {'n_estimators': 937, 'max_depth': 6, 'learning_rate': 0.07212740141060686, 'subsample': 0.7647750813908682, 'colsample_bytree': 0.7193952157909907, 'min_child_weight': 2, 'gamma': 0.0010637211277475791, 'reg_alpha': 3.576250407374991e-05, 'reg_lambda': 0.01636210588460568}. Best is trial 792 with value: 0.3092481028997622.
[I 2024-12-04 17:36:38,290] Trial 799 finished with value: 0.31972725208017005 and parameters: {'n_estimators': 899, 'max_depth': 6, 'learning_rate': 0.07652085284621064, 'subsample': 0.7626019847878152, 'colsample_bytree': 0.7145819688891614, 'min_child_weight': 2, 'gamma': 0.0008235880248686036, 'reg_alpha': 4.481356953916778e-05, 'reg_lambda': 0.012808986948448559}. Best is trial 792 with value: 0.3092481028997622.
[I 2024-12-04 17:36:39,687] Trial 800 finished with value: 0.311425977272892 and parameters: {'n_estimators': 880, 'max_depth': 6, 'learning_rate': 0.07112561771232746, 'subsample': 0.7673157629578375, 'colsample_bytree': 0.7190787305780312, 'min_child_weight': 2, 'gamma': 0.0007421812847902255, 'reg_alpha': 2.2497119251660326e-05, 'reg_lambda': 0.014068507200512574}. Best is trial 792 with value: 0.3092481028997622.
[I 2024-12-04 17:36:41,120] Trial 801 finished with value: 0.316050600023622 and parameters: {'n_estimators': 899, 'max_depth': 6, 'learning_rate': 0.06894625560945615, 'subsample': 0.7632543971084109, 'colsample_bytree': 0.7196663303398162, 'min_child_weight': 2, 'gamma': 0.001159864766669576, 'reg_alpha': 2.663132397824957e-05, 'reg_lambda': 0.01539538729276808}. Best is trial 792 with value: 0.3092481028997622.
[I 2024-12-04 17:36:42,526] Trial 802 finished with value: 0.3125338240315061 and parameters: {'n_estimators': 913, 'max_depth': 6, 'learning_rate': 0.0734857742572486, 'subsample': 0.762919466656028, 'colsample_bytree': 0.7244201642294318, 'min_child_weight': 2, 'gamma': 0.000918983032930301, 'reg_alpha': 4.5798599191313006e-05, 'reg_lambda': 0.014236908051605757}. Best is trial 792 with value: 0.3092481028997622.
[I 2024-12-04 17:36:43,925] Trial 803 finished with value: 0.3198426091819569 and parameters: {'n_estimators': 891, 'max_depth': 6, 'learning_rate': 0.07632341576559444, 'subsample': 0.7663302626748499, 'colsample_bytree': 0.7319122739486945, 'min_child_weight': 2, 'gamma': 0.0008562019329502715, 'reg_alpha': 4.99178799267812e-05, 'reg_lambda': 0.01654727606642831}. Best is trial 792 with value: 0.3092481028997622.
[I 2024-12-04 17:36:45,340] Trial 804 finished with value: 0.31249934578305716 and parameters: {'n_estimators': 896, 'max_depth': 6, 'learning_rate': 0.07315086200747396, 'subsample': 0.7639852826219065, 'colsample_bytree': 0.7222755245429229, 'min_child_weight': 2, 'gamma': 0.0008387343035731291, 'reg_alpha': 2.5554882790465237e-05, 'reg_lambda': 0.016880710232555506}. Best is trial 792 with value: 0.3092481028997622.
[I 2024-12-04 17:36:46,759] Trial 805 finished with value: 0.3188893023677541 and parameters: {'n_estimators': 902, 'max_depth': 6, 'learning_rate': 0.07141598741909486, 'subsample': 0.7656964637966863, 'colsample_bytree': 0.727467007869042, 'min_child_weight': 2, 'gamma': 0.0008476255327488816, 'reg_alpha': 2.6202082000312218e-05, 'reg_lambda': 0.0159016930903901}. Best is trial 792 with value: 0.3092481028997622.
[I 2024-12-04 17:36:48,189] Trial 806 finished with value: 0.31346886342994423 and parameters: {'n_estimators': 891, 'max_depth': 6, 'learning_rate': 0.07449457853995516, 'subsample': 0.7627147224087516, 'colsample_bytree': 0.7161659495738784, 'min_child_weight': 2, 'gamma': 0.0004985929121573148, 'reg_alpha': 3.095052573968057e-05, 'reg_lambda': 0.011599886664236154}. Best is trial 792 with value: 0.3092481028997622.
[I 2024-12-04 17:36:49,599] Trial 807 finished with value: 0.3157956477844042 and parameters: {'n_estimators': 881, 'max_depth': 6, 'learning_rate': 0.07137926189969261, 'subsample': 0.7671230862768186, 'colsample_bytree': 0.7153189008007151, 'min_child_weight': 2, 'gamma': 0.0013833416309240198, 'reg_alpha': 4.3217479420106014e-05, 'reg_lambda': 0.01790145302541276}. Best is trial 792 with value: 0.3092481028997622.
[I 2024-12-04 17:36:51,053] Trial 808 finished with value: 0.32014852633587654 and parameters: {'n_estimators': 930, 'max_depth': 6, 'learning_rate': 0.07334884471774823, 'subsample': 0.7664439159260572, 'colsample_bytree': 0.7228406966228034, 'min_child_weight': 2, 'gamma': 0.0011010112260306918, 'reg_alpha': 2.6471814020738556e-05, 'reg_lambda': 0.02076339439671935}. Best is trial 792 with value: 0.3092481028997622.
[I 2024-12-04 17:36:52,844] Trial 809 finished with value: 0.3193898089044104 and parameters: {'n_estimators': 880, 'max_depth': 6, 'learning_rate': 0.07565167063077624, 'subsample': 0.7663295593566821, 'colsample_bytree': 0.721876346790896, 'min_child_weight': 2, 'gamma': 0.0006894140632858137, 'reg_alpha': 3.178059063132525e-05, 'reg_lambda': 0.01415995922122534}. Best is trial 792 with value: 0.3092481028997622.
[I 2024-12-04 17:36:54,352] Trial 810 finished with value: 0.31766501496170135 and parameters: {'n_estimators': 909, 'max_depth': 6, 'learning_rate': 0.07224377706639315, 'subsample': 0.7635780158302249, 'colsample_bytree': 0.719153062619351, 'min_child_weight': 2, 'gamma': 0.000782184970372671, 'reg_alpha': 3.843706265434975e-05, 'reg_lambda': 0.011415738879882538}. Best is trial 792 with value: 0.3092481028997622.
[I 2024-12-04 17:36:55,896] Trial 811 finished with value: 0.30886178365232014 and parameters: {'n_estimators': 902, 'max_depth': 6, 'learning_rate': 0.07293017555841749, 'subsample': 0.761178897653144, 'colsample_bytree': 0.7263242173379195, 'min_child_weight': 2, 'gamma': 0.0006998667841155591, 'reg_alpha': 2.2578256886822655e-05, 'reg_lambda': 0.0220794746615916}. Best is trial 811 with value: 0.30886178365232014.
[I 2024-12-04 17:36:57,354] Trial 812 finished with value: 0.31514912960919755 and parameters: {'n_estimators': 900, 'max_depth': 6, 'learning_rate': 0.07248294128325232, 'subsample': 0.7596971639484743, 'colsample_bytree': 0.7261396777742213, 'min_child_weight': 2, 'gamma': 0.000677235902334761, 'reg_alpha': 3.217195117880267e-05, 'reg_lambda': 0.014396154795495556}. Best is trial 811 with value: 0.30886178365232014.
[I 2024-12-04 17:36:58,776] Trial 813 finished with value: 0.31612045482485746 and parameters: {'n_estimators': 933, 'max_depth': 6, 'learning_rate': 0.07145082828429158, 'subsample': 0.7622311259943978, 'colsample_bytree': 0.717610631916586, 'min_child_weight': 2, 'gamma': 0.0008916038429240609, 'reg_alpha': 2.737988682474394e-05, 'reg_lambda': 0.015643057392366547}. Best is trial 811 with value: 0.30886178365232014.
[I 2024-12-04 17:37:00,201] Trial 814 finished with value: 0.3150477444955742 and parameters: {'n_estimators': 897, 'max_depth': 6, 'learning_rate': 0.07267036232647137, 'subsample': 0.7645774068251474, 'colsample_bytree': 0.7200395616893385, 'min_child_weight': 2, 'gamma': 0.0007431491040067463, 'reg_alpha': 3.4867451225396555e-05, 'reg_lambda': 0.013035004921271418}. Best is trial 811 with value: 0.30886178365232014.
[I 2024-12-04 17:37:01,620] Trial 815 finished with value: 0.31404052213318895 and parameters: {'n_estimators': 879, 'max_depth': 6, 'learning_rate': 0.07137168319463741, 'subsample': 0.7690096441920229, 'colsample_bytree': 0.7272949251342192, 'min_child_weight': 2, 'gamma': 0.0007397655525704134, 'reg_alpha': 2.6838595530538264e-05, 'reg_lambda': 0.011920093795973186}. Best is trial 811 with value: 0.30886178365232014.
[I 2024-12-04 17:37:03,032] Trial 816 finished with value: 0.31736060433678437 and parameters: {'n_estimators': 902, 'max_depth': 6, 'learning_rate': 0.07109900177286595, 'subsample': 0.7652300127166579, 'colsample_bytree': 0.7205080819713, 'min_child_weight': 2, 'gamma': 0.0006649648505517349, 'reg_alpha': 3.588888298346822e-05, 'reg_lambda': 0.01054952681863985}. Best is trial 811 with value: 0.30886178365232014.
[I 2024-12-04 17:37:04,420] Trial 817 finished with value: 0.3128483794028738 and parameters: {'n_estimators': 894, 'max_depth': 6, 'learning_rate': 0.07289401396793628, 'subsample': 0.7651022622125598, 'colsample_bytree': 0.7114392159915961, 'min_child_weight': 2, 'gamma': 0.0006648123124279943, 'reg_alpha': 3.2246427483924306e-05, 'reg_lambda': 0.014086780295040048}. Best is trial 811 with value: 0.30886178365232014.
[I 2024-12-04 17:37:05,994] Trial 818 finished with value: 0.316920612509218 and parameters: {'n_estimators': 891, 'max_depth': 6, 'learning_rate': 0.07304618345692229, 'subsample': 0.7645011956141371, 'colsample_bytree': 0.7219930398384371, 'min_child_weight': 2, 'gamma': 0.0008494298889123863, 'reg_alpha': 3.7364918909059796e-05, 'reg_lambda': 0.012639546205654332}. Best is trial 811 with value: 0.30886178365232014.
[I 2024-12-04 17:37:08,061] Trial 819 finished with value: 0.3196209877862341 and parameters: {'n_estimators': 920, 'max_depth': 6, 'learning_rate': 0.0717343333836573, 'subsample': 0.765238081378496, 'colsample_bytree': 0.7244141852475154, 'min_child_weight': 2, 'gamma': 0.000629702727589716, 'reg_alpha': 1.6428650243518595e-05, 'reg_lambda': 0.01929344363092623}. Best is trial 811 with value: 0.30886178365232014.
[I 2024-12-04 17:37:10,250] Trial 820 finished with value: 0.32017590827682085 and parameters: {'n_estimators': 876, 'max_depth': 6, 'learning_rate': 0.0752960897712818, 'subsample': 0.7621077827392758, 'colsample_bytree': 0.7255709745682934, 'min_child_weight': 2, 'gamma': 0.0006355142970420767, 'reg_alpha': 3.404582523717698e-05, 'reg_lambda': 0.0165010763064446}. Best is trial 811 with value: 0.30886178365232014.
[I 2024-12-04 17:37:12,145] Trial 821 finished with value: 0.30830442867849367 and parameters: {'n_estimators': 892, 'max_depth': 6, 'learning_rate': 0.07319397740012125, 'subsample': 0.7632773620911211, 'colsample_bytree': 0.7237086300454317, 'min_child_weight': 2, 'gamma': 0.0007535528718756647, 'reg_alpha': 2.929226613480798e-05, 'reg_lambda': 0.012839390450896106}. Best is trial 821 with value: 0.30830442867849367.
[I 2024-12-04 17:37:13,862] Trial 822 finished with value: 0.3166792795546513 and parameters: {'n_estimators': 893, 'max_depth': 6, 'learning_rate': 0.0747690648069102, 'subsample': 0.7643526297817067, 'colsample_bytree': 0.7200315416083717, 'min_child_weight': 2, 'gamma': 0.0006634520356058288, 'reg_alpha': 2.708406814418808e-05, 'reg_lambda': 0.013909334913431744}. Best is trial 821 with value: 0.30830442867849367.
[I 2024-12-04 17:37:15,607] Trial 823 finished with value: 0.3157689777311315 and parameters: {'n_estimators': 901, 'max_depth': 6, 'learning_rate': 0.07140449329156597, 'subsample': 0.7653466268010819, 'colsample_bytree': 0.7200651018103323, 'min_child_weight': 2, 'gamma': 0.0006858379257964896, 'reg_alpha': 2.6383889492904064e-05, 'reg_lambda': 0.013660806781669102}. Best is trial 821 with value: 0.30830442867849367.
[I 2024-12-04 17:37:17,282] Trial 824 finished with value: 0.31389584108499735 and parameters: {'n_estimators': 897, 'max_depth': 6, 'learning_rate': 0.07145826213760231, 'subsample': 0.7638756035041968, 'colsample_bytree': 0.7185099046290796, 'min_child_weight': 2, 'gamma': 0.0006854936138827658, 'reg_alpha': 2.7316165123340146e-05, 'reg_lambda': 0.018100563487833305}. Best is trial 821 with value: 0.30830442867849367.
[I 2024-12-04 17:37:18,908] Trial 825 finished with value: 0.31371949067165106 and parameters: {'n_estimators': 884, 'max_depth': 6, 'learning_rate': 0.07287269914312212, 'subsample': 0.7651406552170882, 'colsample_bytree': 0.7156428657093121, 'min_child_weight': 2, 'gamma': 0.000661825953090217, 'reg_alpha': 2.0311967383615653e-05, 'reg_lambda': 0.013245068128588848}. Best is trial 821 with value: 0.30830442867849367.
[I 2024-12-04 17:37:20,307] Trial 826 finished with value: 0.31392965571390413 and parameters: {'n_estimators': 891, 'max_depth': 6, 'learning_rate': 0.07202443438306058, 'subsample': 0.7657769560491299, 'colsample_bytree': 0.7205496454207398, 'min_child_weight': 2, 'gamma': 0.000766766164987971, 'reg_alpha': 2.4622214441261835e-05, 'reg_lambda': 0.017013583840377555}. Best is trial 821 with value: 0.30830442867849367.
[I 2024-12-04 17:37:21,774] Trial 827 finished with value: 0.32117075157530245 and parameters: {'n_estimators': 899, 'max_depth': 6, 'learning_rate': 0.07084939715812633, 'subsample': 0.7637671356829455, 'colsample_bytree': 0.723933270294187, 'min_child_weight': 2, 'gamma': 0.0008787316418966364, 'reg_alpha': 2.1321694499811462e-05, 'reg_lambda': 0.019906855460914356}. Best is trial 821 with value: 0.30830442867849367.
[I 2024-12-04 17:37:23,372] Trial 828 finished with value: 0.31146762726608346 and parameters: {'n_estimators': 912, 'max_depth': 6, 'learning_rate': 0.07532970261270679, 'subsample': 0.7648245813463216, 'colsample_bytree': 0.714153313496076, 'min_child_weight': 2, 'gamma': 0.000500349567010395, 'reg_alpha': 3.229533132860671e-05, 'reg_lambda': 0.017508366690466855}. Best is trial 821 with value: 0.30830442867849367.
[I 2024-12-04 17:37:24,833] Trial 829 finished with value: 0.3099521067526965 and parameters: {'n_estimators': 879, 'max_depth': 6, 'learning_rate': 0.07409913587154136, 'subsample': 0.7634982827944696, 'colsample_bytree': 0.7218713156632428, 'min_child_weight': 2, 'gamma': 0.0008824228340990243, 'reg_alpha': 4.1299470394302996e-05, 'reg_lambda': 0.012521622731016431}. Best is trial 821 with value: 0.30830442867849367.
[I 2024-12-04 17:37:26,254] Trial 830 finished with value: 0.3197002150412377 and parameters: {'n_estimators': 907, 'max_depth': 6, 'learning_rate': 0.07229232166980464, 'subsample': 0.768383220940507, 'colsample_bytree': 0.7246429720010923, 'min_child_weight': 2, 'gamma': 0.0007203965373004611, 'reg_alpha': 3.1719534259706624e-05, 'reg_lambda': 0.010585687804536403}. Best is trial 821 with value: 0.30830442867849367.
[I 2024-12-04 17:37:27,681] Trial 831 finished with value: 0.31744502515349027 and parameters: {'n_estimators': 927, 'max_depth': 6, 'learning_rate': 0.07215269106899133, 'subsample': 0.7632929132839831, 'colsample_bytree': 0.7120186577254979, 'min_child_weight': 2, 'gamma': 0.0007831440819821004, 'reg_alpha': 3.0464188685778727e-05, 'reg_lambda': 0.017256572732227256}. Best is trial 821 with value: 0.30830442867849367.
[I 2024-12-04 17:37:29,086] Trial 832 finished with value: 0.31195378016100483 and parameters: {'n_estimators': 905, 'max_depth': 6, 'learning_rate': 0.0733141365570804, 'subsample': 0.765094335542503, 'colsample_bytree': 0.7244662856974211, 'min_child_weight': 2, 'gamma': 0.0006072432681620182, 'reg_alpha': 3.0237000669821768e-05, 'reg_lambda': 0.016019829933653532}. Best is trial 821 with value: 0.30830442867849367.
[I 2024-12-04 17:37:30,494] Trial 833 finished with value: 0.31306567034526517 and parameters: {'n_estimators': 895, 'max_depth': 6, 'learning_rate': 0.07268338346143656, 'subsample': 0.7640434159648622, 'colsample_bytree': 0.720102135324776, 'min_child_weight': 2, 'gamma': 0.0005717143402169092, 'reg_alpha': 2.272302310230393e-05, 'reg_lambda': 0.012928956810620246}. Best is trial 821 with value: 0.30830442867849367.
[I 2024-12-04 17:37:31,911] Trial 834 finished with value: 0.3152432931261364 and parameters: {'n_estimators': 903, 'max_depth': 6, 'learning_rate': 0.07288054085736873, 'subsample': 0.7667123375894532, 'colsample_bytree': 0.7168084035701281, 'min_child_weight': 2, 'gamma': 0.0007725758668780131, 'reg_alpha': 3.391280527760261e-05, 'reg_lambda': 0.011896870234046317}. Best is trial 821 with value: 0.30830442867849367.
[I 2024-12-04 17:37:33,338] Trial 835 finished with value: 0.3149061486143847 and parameters: {'n_estimators': 915, 'max_depth': 6, 'learning_rate': 0.07367772520929444, 'subsample': 0.7651918643570179, 'colsample_bytree': 0.7173859767583181, 'min_child_weight': 2, 'gamma': 0.00059208154838382, 'reg_alpha': 1.9437638346149916e-05, 'reg_lambda': 0.018101937791448374}. Best is trial 821 with value: 0.30830442867849367.
[I 2024-12-04 17:37:34,770] Trial 836 finished with value: 0.3133047908668873 and parameters: {'n_estimators': 904, 'max_depth': 6, 'learning_rate': 0.072538792627093, 'subsample': 0.7637290438490246, 'colsample_bytree': 0.7164654970484559, 'min_child_weight': 2, 'gamma': 0.0006739144501668612, 'reg_alpha': 2.0871227883776665e-05, 'reg_lambda': 0.016130575019568806}. Best is trial 821 with value: 0.30830442867849367.
[I 2024-12-04 17:37:36,166] Trial 837 finished with value: 0.31136047395502314 and parameters: {'n_estimators': 887, 'max_depth': 6, 'learning_rate': 0.07430507653252576, 'subsample': 0.7667037598153577, 'colsample_bytree': 0.7190190283231381, 'min_child_weight': 2, 'gamma': 0.0005636783553390921, 'reg_alpha': 3.0431295326802358e-05, 'reg_lambda': 0.013751453830360616}. Best is trial 821 with value: 0.30830442867849367.
[I 2024-12-04 17:37:37,568] Trial 838 finished with value: 0.3155921223095512 and parameters: {'n_estimators': 877, 'max_depth': 6, 'learning_rate': 0.07314031862833156, 'subsample': 0.7648271351801872, 'colsample_bytree': 0.7148752075132554, 'min_child_weight': 2, 'gamma': 0.0006347093297984463, 'reg_alpha': 3.267069238391425e-05, 'reg_lambda': 0.013975527178943091}. Best is trial 821 with value: 0.30830442867849367.
[I 2024-12-04 17:37:39,050] Trial 839 finished with value: 0.31681837937177204 and parameters: {'n_estimators': 886, 'max_depth': 6, 'learning_rate': 0.07356697437624368, 'subsample': 0.7622940082654568, 'colsample_bytree': 0.727911800504986, 'min_child_weight': 2, 'gamma': 0.0006505324687713879, 'reg_alpha': 3.4654723830948884e-05, 'reg_lambda': 0.012373579893769747}. Best is trial 821 with value: 0.30830442867849367.
