[I 2024-12-25 20:10:13,483] Trial 831 finished with value: 0.08052660524845123 and parameters: {'L1_hidden_dim': 96, 'L1_layers_atom': 4, 'L1_layers_mol': 2, 'L1_dropout': 0.2702599308947769, 'L1_out_dim': 128, 'L2_hidden_dim': 112, 'L2_layers_atom': 1, 'L2_layers_mol': 1, 'L2_out_dim': 112, 'L2_dropout': 0.028047040983976902, 'L3_hidden_dim': 96, 'L3_layers_atom': 3, 'L3_layers_mol': 1, 'L3_out_dim': 48, 'L3_dropout': 0.2968225123234026, 'n_mlp_layers': 1, 'mlp_dim_0': 176, 'num_heads': 2, 'final_dropout': 0.06966621068550156, 'train_learning_rate': 0.002670700600080797, 'train_lr_reduce': 0.6}. Best is trial 613 with value: 0.045173268765211105.
[I 2024-12-25 20:10:34,950] Trial 832 finished with value: 0.1276799440383911 and parameters: {'L1_hidden_dim': 128, 'L1_layers_atom': 3, 'L1_layers_mol': 1, 'L1_dropout': 0.2792434214071155, 'L1_out_dim': 112, 'L2_hidden_dim': 256, 'L2_layers_atom': 2, 'L2_layers_mol': 4, 'L2_out_dim': 64, 'L2_dropout': 0.09533953755975852, 'L3_hidden_dim': 64, 'L3_layers_atom': 4, 'L3_layers_mol': 2, 'L3_out_dim': 96, 'L3_dropout': 0.04044615804557941, 'n_mlp_layers': 2, 'mlp_dim_0': 256, 'mlp_dim_1': 296, 'num_heads': 1, 'final_dropout': 0.1587755310549761, 'train_learning_rate': 0.005858147550730347, 'train_lr_reduce': 0.6}. Best is trial 613 with value: 0.045173268765211105.
[I 2024-12-25 20:11:39,078] Trial 834 finished with value: 0.06831793487071991 and parameters: {'L1_hidden_dim': 160, 'L1_layers_atom': 3, 'L1_layers_mol': 3, 'L1_dropout': 0.27110467995163706, 'L1_out_dim': 64, 'L2_hidden_dim': 208, 'L2_layers_atom': 1, 'L2_layers_mol': 1, 'L2_out_dim': 128, 'L2_dropout': 0.020256760714892418, 'L3_hidden_dim': 64, 'L3_layers_atom': 4, 'L3_layers_mol': 3, 'L3_out_dim': 64, 'L3_dropout': 0.23229775578989512, 'n_mlp_layers': 2, 'mlp_dim_0': 160, 'mlp_dim_1': 352, 'num_heads': 2, 'final_dropout': 0.057523518733294005, 'train_learning_rate': 0.0007830049063852957, 'train_lr_reduce': 0.6}. Best is trial 613 with value: 0.045173268765211105.
[I 2024-12-25 20:12:32,566] Trial 835 finished with value: 0.07337791472673416 and parameters: {'L1_hidden_dim': 160, 'L1_layers_atom': 3, 'L1_layers_mol': 2, 'L1_dropout': 0.25092198754758765, 'L1_out_dim': 96, 'L2_hidden_dim': 224, 'L2_layers_atom': 1, 'L2_layers_mol': 4, 'L2_out_dim': 96, 'L2_dropout': 0.07356896707054127, 'L3_hidden_dim': 80, 'L3_layers_atom': 4, 'L3_layers_mol': 3, 'L3_out_dim': 80, 'L3_dropout': 0.012432695644283348, 'n_mlp_layers': 1, 'mlp_dim_0': 176, 'num_heads': 2, 'final_dropout': 0.16367938659418144, 'train_learning_rate': 0.0013018205844606162, 'train_lr_reduce': 0.6}. Best is trial 613 with value: 0.045173268765211105.
[I 2024-12-25 20:12:40,896] Trial 836 finished with value: 0.0708976536989212 and parameters: {'L1_hidden_dim': 64, 'L1_layers_atom': 4, 'L1_layers_mol': 2, 'L1_dropout': 0.25871512379326955, 'L1_out_dim': 96, 'L2_hidden_dim': 208, 'L2_layers_atom': 3, 'L2_layers_mol': 1, 'L2_out_dim': 112, 'L2_dropout': 0.052752911854110365, 'L3_hidden_dim': 64, 'L3_layers_atom': 2, 'L3_layers_mol': 2, 'L3_out_dim': 32, 'L3_dropout': 0.29645094546164785, 'n_mlp_layers': 3, 'mlp_dim_0': 72, 'mlp_dim_1': 424, 'mlp_dim_2': 120, 'num_heads': 2, 'final_dropout': 0.04191667424253888, 'train_learning_rate': 0.0011367506215379014, 'train_lr_reduce': 0.6}. Best is trial 613 with value: 0.045173268765211105.
[I 2024-12-25 20:13:11,566] Trial 837 finished with value: 0.0799747034907341 and parameters: {'L1_hidden_dim': 64, 'L1_layers_atom': 4, 'L1_layers_mol': 2, 'L1_dropout': 0.29175530843677994, 'L1_out_dim': 112, 'L2_hidden_dim': 192, 'L2_layers_atom': 2, 'L2_layers_mol': 1, 'L2_out_dim': 48, 'L2_dropout': 0.054607205304972324, 'L3_hidden_dim': 80, 'L3_layers_atom': 3, 'L3_layers_mol': 1, 'L3_out_dim': 32, 'L3_dropout': 0.28696423189628506, 'n_mlp_layers': 3, 'mlp_dim_0': 96, 'mlp_dim_1': 232, 'mlp_dim_2': 32, 'num_heads': 2, 'final_dropout': 0.054488595708325704, 'train_learning_rate': 0.000555723881514221, 'train_lr_reduce': 0.6}. Best is trial 613 with value: 0.045173268765211105.
[I 2024-12-25 20:14:24,903] Trial 838 finished with value: 0.10298860818147659 and parameters: {'L1_hidden_dim': 96, 'L1_layers_atom': 3, 'L1_layers_mol': 3, 'L1_dropout': 0.21895052669301676, 'L1_out_dim': 128, 'L2_hidden_dim': 224, 'L2_layers_atom': 3, 'L2_layers_mol': 3, 'L2_out_dim': 32, 'L2_dropout': 0.15199669870802995, 'L3_hidden_dim': 48, 'L3_layers_atom': 4, 'L3_layers_mol': 1, 'L3_out_dim': 112, 'L3_dropout': 0.09174475312713815, 'n_mlp_layers': 2, 'mlp_dim_0': 328, 'mlp_dim_1': 360, 'num_heads': 1, 'final_dropout': 0.1243773760502772, 'train_learning_rate': 0.0016869206758403303, 'train_lr_reduce': 0.6}. Best is trial 613 with value: 0.045173268765211105.
[I 2024-12-25 20:14:27,433] Trial 840 finished with value: 0.0742880180478096 and parameters: {'L1_hidden_dim': 144, 'L1_layers_atom': 2, 'L1_layers_mol': 1, 'L1_dropout': 0.2914604822896259, 'L1_out_dim': 112, 'L2_hidden_dim': 240, 'L2_layers_atom': 1, 'L2_layers_mol': 4, 'L2_out_dim': 80, 'L2_dropout': 0.10621913013525282, 'L3_hidden_dim': 64, 'L3_layers_atom': 4, 'L3_layers_mol': 2, 'L3_out_dim': 32, 'L3_dropout': 0.041642769250232206, 'n_mlp_layers': 2, 'mlp_dim_0': 160, 'mlp_dim_1': 272, 'num_heads': 1, 'final_dropout': 0.07570333775666421, 'train_learning_rate': 0.0009870840099300282, 'train_lr_reduce': 0.6}. Best is trial 613 with value: 0.045173268765211105.
[I 2024-12-25 20:14:41,454] Trial 839 finished with value: 0.09036719799041748 and parameters: {'L1_hidden_dim': 80, 'L1_layers_atom': 3, 'L1_layers_mol': 3, 'L1_dropout': 0.281661739918811, 'L1_out_dim': 112, 'L2_hidden_dim': 144, 'L2_layers_atom': 4, 'L2_layers_mol': 2, 'L2_out_dim': 96, 'L2_dropout': 0.053112863856656325, 'L3_hidden_dim': 48, 'L3_layers_atom': 3, 'L3_layers_mol': 1, 'L3_out_dim': 32, 'L3_dropout': 0.2651308471962988, 'n_mlp_layers': 2, 'mlp_dim_0': 224, 'mlp_dim_1': 416, 'num_heads': 2, 'final_dropout': 0.13299084205333844, 'train_learning_rate': 0.00042313533941196874, 'train_lr_reduce': 0.6}. Best is trial 613 with value: 0.045173268765211105.
[I 2024-12-25 20:15:33,538] Trial 841 finished with value: 0.08568309992551804 and parameters: {'L1_hidden_dim': 176, 'L1_layers_atom': 2, 'L1_layers_mol': 2, 'L1_dropout': 0.19770234839127968, 'L1_out_dim': 112, 'L2_hidden_dim': 240, 'L2_layers_atom': 2, 'L2_layers_mol': 3, 'L2_out_dim': 128, 'L2_dropout': 0.08804593308769997, 'L3_hidden_dim': 96, 'L3_layers_atom': 4, 'L3_layers_mol': 1, 'L3_out_dim': 128, 'L3_dropout': 0.23774915885187237, 'n_mlp_layers': 3, 'mlp_dim_0': 328, 'mlp_dim_1': 416, 'mlp_dim_2': 120, 'num_heads': 1, 'final_dropout': 0.08965813037354739, 'train_learning_rate': 0.001595221498131383, 'train_lr_reduce': 0.6}. Best is trial 613 with value: 0.045173268765211105.
[I 2024-12-25 20:15:54,580] Trial 842 finished with value: 0.07103908807039261 and parameters: {'L1_hidden_dim': 80, 'L1_layers_atom': 4, 'L1_layers_mol': 4, 'L1_dropout': 0.24583425957605778, 'L1_out_dim': 64, 'L2_hidden_dim': 240, 'L2_layers_atom': 3, 'L2_layers_mol': 3, 'L2_out_dim': 32, 'L2_dropout': 0.1121938519075607, 'L3_hidden_dim': 48, 'L3_layers_atom': 4, 'L3_layers_mol': 2, 'L3_out_dim': 96, 'L3_dropout': 0.02782065065648593, 'n_mlp_layers': 3, 'mlp_dim_0': 200, 'mlp_dim_1': 304, 'mlp_dim_2': 80, 'num_heads': 1, 'final_dropout': 0.011249212647956044, 'train_learning_rate': 0.0011630720382650565, 'train_lr_reduce': 0.6}. Best is trial 613 with value: 0.045173268765211105.
[I 2024-12-25 20:16:18,896] Trial 843 finished with value: 0.07990484684705734 and parameters: {'L1_hidden_dim': 80, 'L1_layers_atom': 3, 'L1_layers_mol': 2, 'L1_dropout': 0.24549116344075236, 'L1_out_dim': 80, 'L2_hidden_dim': 160, 'L2_layers_atom': 2, 'L2_layers_mol': 1, 'L2_out_dim': 96, 'L2_dropout': 0.006747247631167571, 'L3_hidden_dim': 96, 'L3_layers_atom': 4, 'L3_layers_mol': 4, 'L3_out_dim': 80, 'L3_dropout': 0.29737375908047387, 'n_mlp_layers': 1, 'mlp_dim_0': 112, 'num_heads': 2, 'final_dropout': 0.048782298437861894, 'train_learning_rate': 0.0012019441348954782, 'train_lr_reduce': 0.6}. Best is trial 613 with value: 0.045173268765211105.
[I 2024-12-25 20:16:44,772] Trial 844 finished with value: 0.08201353996992111 and parameters: {'L1_hidden_dim': 80, 'L1_layers_atom': 3, 'L1_layers_mol': 2, 'L1_dropout': 0.2951966344830126, 'L1_out_dim': 80, 'L2_hidden_dim': 208, 'L2_layers_atom': 3, 'L2_layers_mol': 3, 'L2_out_dim': 64, 'L2_dropout': 0.1203479405720145, 'L3_hidden_dim': 96, 'L3_layers_atom': 4, 'L3_layers_mol': 2, 'L3_out_dim': 128, 'L3_dropout': 0.0993773132151839, 'n_mlp_layers': 3, 'mlp_dim_0': 328, 'mlp_dim_1': 368, 'mlp_dim_2': 168, 'num_heads': 1, 'final_dropout': 0.24487348864722983, 'train_learning_rate': 0.002311286950703378, 'train_lr_reduce': 0.6}. Best is trial 613 with value: 0.045173268765211105.
[I 2024-12-25 20:18:35,751] Trial 845 finished with value: 0.08266264945268631 and parameters: {'L1_hidden_dim': 80, 'L1_layers_atom': 3, 'L1_layers_mol': 3, 'L1_dropout': 0.2704736152045094, 'L1_out_dim': 96, 'L2_hidden_dim': 256, 'L2_layers_atom': 2, 'L2_layers_mol': 4, 'L2_out_dim': 80, 'L2_dropout': 0.1123841848092764, 'L3_hidden_dim': 80, 'L3_layers_atom': 4, 'L3_layers_mol': 2, 'L3_out_dim': 96, 'L3_dropout': 0.03346700319778933, 'n_mlp_layers': 2, 'mlp_dim_0': 208, 'mlp_dim_1': 424, 'num_heads': 1, 'final_dropout': 0.20662401419466714, 'train_learning_rate': 0.004297886777362126, 'train_lr_reduce': 0.6}. Best is trial 613 with value: 0.045173268765211105.
[I 2024-12-25 20:18:45,839] Trial 846 finished with value: 0.059898458421230316 and parameters: {'L1_hidden_dim': 64, 'L1_layers_atom': 4, 'L1_layers_mol': 3, 'L1_dropout': 0.24382210734057552, 'L1_out_dim': 64, 'L2_hidden_dim': 240, 'L2_layers_atom': 3, 'L2_layers_mol': 3, 'L2_out_dim': 32, 'L2_dropout': 0.016628167116231947, 'L3_hidden_dim': 48, 'L3_layers_atom': 3, 'L3_layers_mol': 3, 'L3_out_dim': 112, 'L3_dropout': 0.013880445275188676, 'n_mlp_layers': 3, 'mlp_dim_0': 496, 'mlp_dim_1': 160, 'mlp_dim_2': 128, 'num_heads': 1, 'final_dropout': 0.09424290293968621, 'train_learning_rate': 0.0004197770223254192, 'train_lr_reduce': 0.6}. Best is trial 613 with value: 0.045173268765211105.
[I 2024-12-25 20:19:07,908] Trial 847 finished with value: 0.10698491334915161 and parameters: {'L1_hidden_dim': 112, 'L1_layers_atom': 3, 'L1_layers_mol': 2, 'L1_dropout': 0.21697028033924548, 'L1_out_dim': 112, 'L2_hidden_dim': 256, 'L2_layers_atom': 1, 'L2_layers_mol': 4, 'L2_out_dim': 80, 'L2_dropout': 0.05691406956484289, 'L3_hidden_dim': 64, 'L3_layers_atom': 3, 'L3_layers_mol': 2, 'L3_out_dim': 64, 'L3_dropout': 0.14833991540528582, 'n_mlp_layers': 2, 'mlp_dim_0': 248, 'mlp_dim_1': 336, 'num_heads': 1, 'final_dropout': 0.17816474897973775, 'train_learning_rate': 0.007365333706131522, 'train_lr_reduce': 0.6}. Best is trial 613 with value: 0.045173268765211105.
[I 2024-12-25 20:20:05,701] Trial 848 finished with value: 0.08834827691316605 and parameters: {'L1_hidden_dim': 80, 'L1_layers_atom': 3, 'L1_layers_mol': 1, 'L1_dropout': 0.2281661397814786, 'L1_out_dim': 96, 'L2_hidden_dim': 224, 'L2_layers_atom': 1, 'L2_layers_mol': 3, 'L2_out_dim': 80, 'L2_dropout': 0.055040357201823625, 'L3_hidden_dim': 48, 'L3_layers_atom': 4, 'L3_layers_mol': 4, 'L3_out_dim': 112, 'L3_dropout': 0.003290766054500696, 'n_mlp_layers': 2, 'mlp_dim_0': 224, 'mlp_dim_1': 424, 'num_heads': 1, 'final_dropout': 0.21308061480410145, 'train_learning_rate': 0.004051040739093598, 'train_lr_reduce': 0.6}. Best is trial 613 with value: 0.045173268765211105.
[I 2024-12-25 20:20:49,944] Trial 850 finished with value: 0.07194578647613525 and parameters: {'L1_hidden_dim': 64, 'L1_layers_atom': 4, 'L1_layers_mol': 3, 'L1_dropout': 0.1658764014536429, 'L1_out_dim': 48, 'L2_hidden_dim': 208, 'L2_layers_atom': 2, 'L2_layers_mol': 4, 'L2_out_dim': 64, 'L2_dropout': 0.05348575694758022, 'L3_hidden_dim': 80, 'L3_layers_atom': 4, 'L3_layers_mol': 3, 'L3_out_dim': 96, 'L3_dropout': 0.03372286645927253, 'n_mlp_layers': 3, 'mlp_dim_0': 472, 'mlp_dim_1': 104, 'mlp_dim_2': 72, 'num_heads': 1, 'final_dropout': 0.15047342008439796, 'train_learning_rate': 0.0001723531904935475, 'train_lr_reduce': 0.6}. Best is trial 613 with value: 0.045173268765211105.
[I 2024-12-25 20:21:10,458] Trial 852 finished with value: 1.1643657684326172 and parameters: {'L1_hidden_dim': 80, 'L1_layers_atom': 4, 'L1_layers_mol': 3, 'L1_dropout': 0.2574694161334929, 'L1_out_dim': 48, 'L2_hidden_dim': 224, 'L2_layers_atom': 4, 'L2_layers_mol': 2, 'L2_out_dim': 32, 'L2_dropout': 0.06865039478222904, 'L3_hidden_dim': 32, 'L3_layers_atom': 2, 'L3_layers_mol': 3, 'L3_out_dim': 112, 'L3_dropout': 0.027592968882777125, 'n_mlp_layers': 3, 'mlp_dim_0': 496, 'mlp_dim_1': 152, 'mlp_dim_2': 112, 'num_heads': 1, 'final_dropout': 0.08478508732242955, 'train_learning_rate': 0.0003745201427313161, 'train_lr_reduce': 0.6}. Best is trial 613 with value: 0.045173268765211105.
[I 2024-12-25 20:21:54,298] Trial 849 finished with value: 0.1372077316045761 and parameters: {'L1_hidden_dim': 80, 'L1_layers_atom': 2, 'L1_layers_mol': 3, 'L1_dropout': 0.2852702176509586, 'L1_out_dim': 112, 'L2_hidden_dim': 240, 'L2_layers_atom': 2, 'L2_layers_mol': 3, 'L2_out_dim': 128, 'L2_dropout': 0.06044719273752888, 'L3_hidden_dim': 80, 'L3_layers_atom': 3, 'L3_layers_mol': 1, 'L3_out_dim': 128, 'L3_dropout': 0.20855703073087156, 'n_mlp_layers': 2, 'mlp_dim_0': 296, 'mlp_dim_1': 136, 'num_heads': 1, 'final_dropout': 0.1335699832980907, 'train_learning_rate': 0.0055895674841194174, 'train_lr_reduce': 0.6}. Best is trial 613 with value: 0.045173268765211105.
[I 2024-12-25 20:22:19,870] Trial 853 finished with value: 0.06470461934804916 and parameters: {'L1_hidden_dim': 96, 'L1_layers_atom': 4, 'L1_layers_mol': 3, 'L1_dropout': 0.24126282082346126, 'L1_out_dim': 96, 'L2_hidden_dim': 256, 'L2_layers_atom': 3, 'L2_layers_mol': 3, 'L2_out_dim': 48, 'L2_dropout': 0.05823349868075024, 'L3_hidden_dim': 32, 'L3_layers_atom': 3, 'L3_layers_mol': 3, 'L3_out_dim': 96, 'L3_dropout': 0.02810691639194309, 'n_mlp_layers': 3, 'mlp_dim_0': 456, 'mlp_dim_1': 152, 'mlp_dim_2': 32, 'num_heads': 1, 'final_dropout': 0.18977746503029527, 'train_learning_rate': 0.002176300938735899, 'train_lr_reduce': 0.6}. Best is trial 613 with value: 0.045173268765211105.
[I 2024-12-25 20:22:39,689] Trial 855 finished with value: 1.156165599822998 and parameters: {'L1_hidden_dim': 64, 'L1_layers_atom': 4, 'L1_layers_mol': 2, 'L1_dropout': 0.2521651594071867, 'L1_out_dim': 64, 'L2_hidden_dim': 224, 'L2_layers_atom': 3, 'L2_layers_mol': 3, 'L2_out_dim': 48, 'L2_dropout': 0.02043110154434979, 'L3_hidden_dim': 48, 'L3_layers_atom': 4, 'L3_layers_mol': 4, 'L3_out_dim': 96, 'L3_dropout': 0.029670960528593176, 'n_mlp_layers': 2, 'mlp_dim_0': 408, 'mlp_dim_1': 152, 'num_heads': 1, 'final_dropout': 0.02719536774849801, 'train_learning_rate': 0.0002297994083866078, 'train_lr_reduce': 0.6}. Best is trial 613 with value: 0.045173268765211105.
[I 2024-12-25 20:23:00,598] Trial 854 finished with value: 0.07763185352087021 and parameters: {'L1_hidden_dim': 64, 'L1_layers_atom': 3, 'L1_layers_mol': 2, 'L1_dropout': 0.22198143367905507, 'L1_out_dim': 80, 'L2_hidden_dim': 208, 'L2_layers_atom': 2, 'L2_layers_mol': 3, 'L2_out_dim': 128, 'L2_dropout': 0.16345111195979656, 'L3_hidden_dim': 80, 'L3_layers_atom': 3, 'L3_layers_mol': 2, 'L3_out_dim': 128, 'L3_dropout': 0.17723160357896103, 'n_mlp_layers': 3, 'mlp_dim_0': 376, 'mlp_dim_1': 240, 'mlp_dim_2': 272, 'num_heads': 1, 'final_dropout': 0.1370623045511472, 'train_learning_rate': 0.0026767675414629856, 'train_lr_reduce': 0.6}. Best is trial 613 with value: 0.045173268765211105.
[I 2024-12-25 20:23:15,036] Trial 851 finished with value: 0.07963372766971588 and parameters: {'L1_hidden_dim': 80, 'L1_layers_atom': 4, 'L1_layers_mol': 4, 'L1_dropout': 0.27705022707192095, 'L1_out_dim': 128, 'L2_hidden_dim': 224, 'L2_layers_atom': 3, 'L2_layers_mol': 1, 'L2_out_dim': 128, 'L2_dropout': 0.034425407319989165, 'L3_hidden_dim': 64, 'L3_layers_atom': 1, 'L3_layers_mol': 3, 'L3_out_dim': 112, 'L3_dropout': 0.27352275295758816, 'n_mlp_layers': 1, 'mlp_dim_0': 224, 'num_heads': 1, 'final_dropout': 0.0057127512118777595, 'train_learning_rate': 0.000202081283766942, 'train_lr_reduce': 0.6}. Best is trial 613 with value: 0.045173268765211105.
[I 2024-12-25 20:24:40,623] Trial 857 finished with value: 0.07773272693157196 and parameters: {'L1_hidden_dim': 80, 'L1_layers_atom': 2, 'L1_layers_mol': 3, 'L1_dropout': 0.10183096162423841, 'L1_out_dim': 112, 'L2_hidden_dim': 224, 'L2_layers_atom': 4, 'L2_layers_mol': 3, 'L2_out_dim': 128, 'L2_dropout': 0.03819352984961384, 'L3_hidden_dim': 128, 'L3_layers_atom': 2, 'L3_layers_mol': 1, 'L3_out_dim': 96, 'L3_dropout': 0.018162222473279352, 'n_mlp_layers': 3, 'mlp_dim_0': 304, 'mlp_dim_1': 176, 'mlp_dim_2': 80, 'num_heads': 1, 'final_dropout': 0.02670694089647396, 'train_learning_rate': 0.0018947063191456837, 'train_lr_reduce': 0.6}. Best is trial 613 with value: 0.045173268765211105.
[I 2024-12-25 20:25:09,786] Trial 858 finished with value: 0.0755733996629715 and parameters: {'L1_hidden_dim': 80, 'L1_layers_atom': 4, 'L1_layers_mol': 2, 'L1_dropout': 0.2647104516994723, 'L1_out_dim': 48, 'L2_hidden_dim': 240, 'L2_layers_atom': 3, 'L2_layers_mol': 4, 'L2_out_dim': 32, 'L2_dropout': 0.006834894291592135, 'L3_hidden_dim': 32, 'L3_layers_atom': 3, 'L3_layers_mol': 4, 'L3_out_dim': 128, 'L3_dropout': 0.06456241096822263, 'n_mlp_layers': 3, 'mlp_dim_0': 472, 'mlp_dim_1': 264, 'mlp_dim_2': 208, 'num_heads': 1, 'final_dropout': 0.11680700788545877, 'train_learning_rate': 0.0006814719512236935, 'train_lr_reduce': 0.6}. Best is trial 613 with value: 0.045173268765211105.
[I 2024-12-25 20:25:20,108] Trial 856 finished with value: 0.08312950283288956 and parameters: {'L1_hidden_dim': 64, 'L1_layers_atom': 4, 'L1_layers_mol': 4, 'L1_dropout': 0.2064984160746902, 'L1_out_dim': 128, 'L2_hidden_dim': 256, 'L2_layers_atom': 3, 'L2_layers_mol': 3, 'L2_out_dim': 128, 'L2_dropout': 0.07147391162189336, 'L3_hidden_dim': 32, 'L3_layers_atom': 4, 'L3_layers_mol': 3, 'L3_out_dim': 128, 'L3_dropout': 0.2005110196176949, 'n_mlp_layers': 3, 'mlp_dim_0': 48, 'mlp_dim_1': 176, 'mlp_dim_2': 128, 'num_heads': 2, 'final_dropout': 0.01873218152153909, 'train_learning_rate': 0.00010082103041893202, 'train_lr_reduce': 0.6}. Best is trial 613 with value: 0.045173268765211105.
[I 2024-12-25 20:25:40,353] Trial 861 finished with value: 1.1759039163589478 and parameters: {'L1_hidden_dim': 80, 'L1_layers_atom': 2, 'L1_layers_mol': 3, 'L1_dropout': 0.2777596583144458, 'L1_out_dim': 64, 'L2_hidden_dim': 208, 'L2_layers_atom': 3, 'L2_layers_mol': 3, 'L2_out_dim': 32, 'L2_dropout': 0.02871651079217604, 'L3_hidden_dim': 80, 'L3_layers_atom': 4, 'L3_layers_mol': 2, 'L3_out_dim': 80, 'L3_dropout': 0.04051831044931353, 'n_mlp_layers': 2, 'mlp_dim_0': 504, 'mlp_dim_1': 288, 'num_heads': 1, 'final_dropout': 0.10581258500576907, 'train_learning_rate': 0.00016235991738959018, 'train_lr_reduce': 0.6}. Best is trial 613 with value: 0.045173268765211105.
[I 2024-12-25 20:25:54,221] Trial 859 finished with value: 0.07999230176210403 and parameters: {'L1_hidden_dim': 80, 'L1_layers_atom': 4, 'L1_layers_mol': 4, 'L1_dropout': 0.2440008056657766, 'L1_out_dim': 64, 'L2_hidden_dim': 256, 'L2_layers_atom': 3, 'L2_layers_mol': 3, 'L2_out_dim': 32, 'L2_dropout': 0.02836383034474582, 'L3_hidden_dim': 64, 'L3_layers_atom': 3, 'L3_layers_mol': 2, 'L3_out_dim': 80, 'L3_dropout': 0.031163822184932098, 'n_mlp_layers': 3, 'mlp_dim_0': 168, 'mlp_dim_1': 112, 'mlp_dim_2': 144, 'num_heads': 1, 'final_dropout': 0.22904035520615834, 'train_learning_rate': 0.0030554625418924733, 'train_lr_reduce': 0.6}. Best is trial 613 with value: 0.045173268765211105.
[I 2024-12-25 20:26:59,248] Trial 862 finished with value: 0.10102276504039764 and parameters: {'L1_hidden_dim': 64, 'L1_layers_atom': 3, 'L1_layers_mol': 2, 'L1_dropout': 0.29084562853500856, 'L1_out_dim': 112, 'L2_hidden_dim': 240, 'L2_layers_atom': 1, 'L2_layers_mol': 3, 'L2_out_dim': 96, 'L2_dropout': 0.005956665861851576, 'L3_hidden_dim': 96, 'L3_layers_atom': 3, 'L3_layers_mol': 2, 'L3_out_dim': 96, 'L3_dropout': 0.18604106688978447, 'n_mlp_layers': 2, 'mlp_dim_0': 64, 'mlp_dim_1': 248, 'num_heads': 2, 'final_dropout': 0.04214368903656677, 'train_learning_rate': 0.0007103450627530811, 'train_lr_reduce': 0.6}. Best is trial 613 with value: 0.045173268765211105.
[I 2024-12-25 20:28:04,937] Trial 860 finished with value: 0.07096749544143677 and parameters: {'L1_hidden_dim': 64, 'L1_layers_atom': 4, 'L1_layers_mol': 3, 'L1_dropout': 0.23928380774882382, 'L1_out_dim': 112, 'L2_hidden_dim': 240, 'L2_layers_atom': 2, 'L2_layers_mol': 4, 'L2_out_dim': 32, 'L2_dropout': 0.05293939614565258, 'L3_hidden_dim': 64, 'L3_layers_atom': 3, 'L3_layers_mol': 3, 'L3_out_dim': 96, 'L3_dropout': 0.10055648669859277, 'n_mlp_layers': 3, 'mlp_dim_0': 488, 'mlp_dim_1': 232, 'mlp_dim_2': 88, 'num_heads': 1, 'final_dropout': 0.11051853998255304, 'train_learning_rate': 0.0002764283666769994, 'train_lr_reduce': 0.6}. Best is trial 613 with value: 0.045173268765211105.
[I 2024-12-25 20:28:49,450] Trial 864 finished with value: 0.06351795047521591 and parameters: {'L1_hidden_dim': 64, 'L1_layers_atom': 3, 'L1_layers_mol': 3, 'L1_dropout': 0.2974463313633922, 'L1_out_dim': 80, 'L2_hidden_dim': 192, 'L2_layers_atom': 2, 'L2_layers_mol': 3, 'L2_out_dim': 32, 'L2_dropout': 0.04724250584796605, 'L3_hidden_dim': 32, 'L3_layers_atom': 3, 'L3_layers_mol': 3, 'L3_out_dim': 128, 'L3_dropout': 0.027731870812693543, 'n_mlp_layers': 3, 'mlp_dim_0': 360, 'mlp_dim_1': 160, 'mlp_dim_2': 160, 'num_heads': 1, 'final_dropout': 0.0605762512841362, 'train_learning_rate': 0.0005137039874237952, 'train_lr_reduce': 0.6}. Best is trial 613 with value: 0.045173268765211105.
