[I 2024-12-19 07:53:22,935] Trial 550 finished with value: 0.44647905230522156 and parameters: {'mlp_n_layers': 4, 'mlp_dim_00': 193, 'mlp_dim_01': 97, 'mlp_dim_02': 114, 'mlp_dim_03': 342, 'node_hidden_dim': 127, 'edge_hidden_dim': 81, 'depth': 2, 'rep_dropout': 0.03405585511101634, 'train_learning_rate': 0.0034492390222001955, 'train_lr_reduce': 0.6}. Best is trial 156 with value: 0.33254924416542053.
[I 2024-12-19 07:53:26,612] Trial 556 finished with value: 1.3940308094024658 and parameters: {'mlp_n_layers': 4, 'mlp_dim_00': 512, 'mlp_dim_01': 303, 'mlp_dim_02': 168, 'mlp_dim_03': 112, 'node_hidden_dim': 92, 'edge_hidden_dim': 117, 'depth': 2, 'rep_dropout': 0.05460881152538892, 'train_learning_rate': 0.0012193629967711043, 'train_lr_reduce': 0.6}. Best is trial 156 with value: 0.33254924416542053.
[I 2024-12-19 07:53:30,297] Trial 558 finished with value: 1.5175529718399048 and parameters: {'mlp_n_layers': 2, 'mlp_dim_00': 197, 'mlp_dim_01': 67, 'node_hidden_dim': 112, 'edge_hidden_dim': 37, 'depth': 3, 'rep_dropout': 0.12907798273684393, 'train_learning_rate': 0.00010157847273125823, 'train_lr_reduce': 0.6}. Best is trial 156 with value: 0.33254924416542053.
[I 2024-12-19 07:53:30,319] Trial 555 finished with value: 0.5416281223297119 and parameters: {'mlp_n_layers': 4, 'mlp_dim_00': 494, 'mlp_dim_01': 215, 'mlp_dim_02': 99, 'mlp_dim_03': 179, 'node_hidden_dim': 99, 'edge_hidden_dim': 99, 'depth': 2, 'rep_dropout': 0.09574260451395122, 'train_learning_rate': 0.0028483351616551368, 'train_lr_reduce': 0.6}. Best is trial 156 with value: 0.33254924416542053.
[I 2024-12-19 07:53:32,791] Trial 557 finished with value: 1.3788163661956787 and parameters: {'mlp_n_layers': 3, 'mlp_dim_00': 180, 'mlp_dim_01': 170, 'mlp_dim_02': 78, 'node_hidden_dim': 118, 'edge_hidden_dim': 92, 'depth': 2, 'rep_dropout': 0.005137622741518102, 'train_learning_rate': 0.0024143844039495855, 'train_lr_reduce': 0.6}. Best is trial 156 with value: 0.33254924416542053.
[I 2024-12-19 07:53:34,752] Trial 559 finished with value: 1.380287766456604 and parameters: {'mlp_n_layers': 3, 'mlp_dim_00': 497, 'mlp_dim_01': 115, 'mlp_dim_02': 90, 'node_hidden_dim': 118, 'edge_hidden_dim': 37, 'depth': 3, 'rep_dropout': 0.12451657897355874, 'train_learning_rate': 0.009759003745986051, 'train_lr_reduce': 0.6}. Best is trial 156 with value: 0.33254924416542053.
[I 2024-12-19 07:53:36,904] Trial 560 finished with value: 1.2630850076675415 and parameters: {'mlp_n_layers': 4, 'mlp_dim_00': 504, 'mlp_dim_01': 357, 'mlp_dim_02': 113, 'mlp_dim_03': 373, 'node_hidden_dim': 101, 'edge_hidden_dim': 110, 'depth': 2, 'rep_dropout': 0.09386219266995642, 'train_learning_rate': 0.006149007815328626, 'train_lr_reduce': 0.6}. Best is trial 156 with value: 0.33254924416542053.
[I 2024-12-19 07:53:38,868] Trial 562 finished with value: 1.5129022598266602 and parameters: {'mlp_n_layers': 4, 'mlp_dim_00': 298, 'mlp_dim_01': 397, 'mlp_dim_02': 125, 'mlp_dim_03': 372, 'node_hidden_dim': 33, 'edge_hidden_dim': 35, 'depth': 3, 'rep_dropout': 0.17716475508753926, 'train_learning_rate': 0.0029543721787746364, 'train_lr_reduce': 0.6}. Best is trial 156 with value: 0.33254924416542053.
[I 2024-12-19 07:53:40,265] Trial 561 finished with value: 1.3824166059494019 and parameters: {'mlp_n_layers': 3, 'mlp_dim_00': 64, 'mlp_dim_01': 138, 'mlp_dim_02': 91, 'node_hidden_dim': 70, 'edge_hidden_dim': 91, 'depth': 3, 'rep_dropout': 0.14663043283607566, 'train_learning_rate': 0.0026496716717395994, 'train_lr_reduce': 0.6}. Best is trial 156 with value: 0.33254924416542053.
[I 2024-12-19 07:53:44,550] Trial 565 finished with value: 1.5417156219482422 and parameters: {'mlp_n_layers': 4, 'mlp_dim_00': 230, 'mlp_dim_01': 72, 'mlp_dim_02': 512, 'mlp_dim_03': 344, 'node_hidden_dim': 103, 'edge_hidden_dim': 80, 'depth': 2, 'rep_dropout': 0.06259400511612356, 'train_learning_rate': 0.0006724801925091504, 'train_lr_reduce': 0.6}. Best is trial 156 with value: 0.33254924416542053.
[I 2024-12-19 07:53:46,109] Trial 563 finished with value: 0.46231386065483093 and parameters: {'mlp_n_layers': 4, 'mlp_dim_00': 75, 'mlp_dim_01': 156, 'mlp_dim_02': 66, 'mlp_dim_03': 319, 'node_hidden_dim': 127, 'edge_hidden_dim': 79, 'depth': 2, 'rep_dropout': 0.1322525830624133, 'train_learning_rate': 0.00685542213141187, 'train_lr_reduce': 0.6}. Best is trial 156 with value: 0.33254924416542053.
[I 2024-12-19 07:53:46,671] Trial 564 finished with value: 1.32517671585083 and parameters: {'mlp_n_layers': 4, 'mlp_dim_00': 330, 'mlp_dim_01': 89, 'mlp_dim_02': 124, 'mlp_dim_03': 309, 'node_hidden_dim': 118, 'edge_hidden_dim': 60, 'depth': 2, 'rep_dropout': 0.025952489098536334, 'train_learning_rate': 0.002032132462346124, 'train_lr_reduce': 0.6}. Best is trial 156 with value: 0.33254924416542053.
[I 2024-12-19 07:53:49,484] Trial 566 finished with value: 1.56192946434021 and parameters: {'mlp_n_layers': 3, 'mlp_dim_00': 404, 'mlp_dim_01': 395, 'mlp_dim_02': 121, 'node_hidden_dim': 78, 'edge_hidden_dim': 82, 'depth': 4, 'rep_dropout': 0.2440924840893111, 'train_learning_rate': 0.00043253005479212855, 'train_lr_reduce': 0.6}. Best is trial 156 with value: 0.33254924416542053.
[I 2024-12-19 07:53:54,037] Trial 567 finished with value: 1.3031150102615356 and parameters: {'mlp_n_layers': 4, 'mlp_dim_00': 94, 'mlp_dim_01': 200, 'mlp_dim_02': 83, 'mlp_dim_03': 349, 'node_hidden_dim': 120, 'edge_hidden_dim': 84, 'depth': 2, 'rep_dropout': 0.1664730469094865, 'train_learning_rate': 0.002920374931038495, 'train_lr_reduce': 0.6}. Best is trial 156 with value: 0.33254924416542053.
[I 2024-12-19 07:53:58,168] Trial 569 finished with value: 1.401974081993103 and parameters: {'mlp_n_layers': 4, 'mlp_dim_00': 181, 'mlp_dim_01': 98, 'mlp_dim_02': 116, 'mlp_dim_03': 372, 'node_hidden_dim': 116, 'edge_hidden_dim': 71, 'depth': 2, 'rep_dropout': 0.04404360058897623, 'train_learning_rate': 0.002201917095391988, 'train_lr_reduce': 0.6}. Best is trial 156 with value: 0.33254924416542053.
[I 2024-12-19 07:53:59,181] Trial 570 finished with value: 1.462856650352478 and parameters: {'mlp_n_layers': 4, 'mlp_dim_00': 301, 'mlp_dim_01': 84, 'mlp_dim_02': 78, 'mlp_dim_03': 325, 'node_hidden_dim': 102, 'edge_hidden_dim': 87, 'depth': 2, 'rep_dropout': 0.0012356345734174344, 'train_learning_rate': 0.0037551407244640154, 'train_lr_reduce': 0.6}. Best is trial 156 with value: 0.33254924416542053.
[I 2024-12-19 07:54:00,502] Trial 568 finished with value: 0.4930958151817322 and parameters: {'mlp_n_layers': 4, 'mlp_dim_00': 152, 'mlp_dim_01': 201, 'mlp_dim_02': 70, 'mlp_dim_03': 351, 'node_hidden_dim': 122, 'edge_hidden_dim': 71, 'depth': 2, 'rep_dropout': 0.00520256731284649, 'train_learning_rate': 0.002106785051559469, 'train_lr_reduce': 0.6}. Best is trial 156 with value: 0.33254924416542053.
[I 2024-12-19 07:54:07,010] Trial 572 finished with value: 1.4091391563415527 and parameters: {'mlp_n_layers': 3, 'mlp_dim_00': 135, 'mlp_dim_01': 71, 'mlp_dim_02': 68, 'node_hidden_dim': 53, 'edge_hidden_dim': 79, 'depth': 2, 'rep_dropout': 0.1687052380309042, 'train_learning_rate': 0.00259904265748036, 'train_lr_reduce': 0.6}. Best is trial 156 with value: 0.33254924416542053.
[I 2024-12-19 07:54:12,724] Trial 574 finished with value: 1.5200855731964111 and parameters: {'mlp_n_layers': 4, 'mlp_dim_00': 251, 'mlp_dim_01': 200, 'mlp_dim_02': 130, 'mlp_dim_03': 329, 'node_hidden_dim': 127, 'edge_hidden_dim': 69, 'depth': 2, 'rep_dropout': 0.038344031900951134, 'train_learning_rate': 0.004508949047674854, 'train_lr_reduce': 0.6}. Best is trial 156 with value: 0.33254924416542053.
[I 2024-12-19 07:54:14,059] Trial 571 finished with value: 0.48450878262519836 and parameters: {'mlp_n_layers': 4, 'mlp_dim_00': 392, 'mlp_dim_01': 406, 'mlp_dim_02': 77, 'mlp_dim_03': 284, 'node_hidden_dim': 89, 'edge_hidden_dim': 102, 'depth': 2, 'rep_dropout': 0.016625424211434023, 'train_learning_rate': 0.003196768456778147, 'train_lr_reduce': 0.6}. Best is trial 156 with value: 0.33254924416542053.
[I 2024-12-19 07:54:15,895] Trial 573 finished with value: 0.5984983444213867 and parameters: {'mlp_n_layers': 4, 'mlp_dim_00': 108, 'mlp_dim_01': 171, 'mlp_dim_02': 68, 'mlp_dim_03': 326, 'node_hidden_dim': 127, 'edge_hidden_dim': 65, 'depth': 2, 'rep_dropout': 0.1431826908697437, 'train_learning_rate': 0.009534194338022418, 'train_lr_reduce': 0.6}. Best is trial 156 with value: 0.33254924416542053.
[I 2024-12-19 07:54:17,138] Trial 575 finished with value: 1.2892736196517944 and parameters: {'mlp_n_layers': 4, 'mlp_dim_00': 126, 'mlp_dim_01': 193, 'mlp_dim_02': 136, 'mlp_dim_03': 308, 'node_hidden_dim': 123, 'edge_hidden_dim': 87, 'depth': 2, 'rep_dropout': 0.13878794406485828, 'train_learning_rate': 0.007293459007102314, 'train_lr_reduce': 0.6}. Best is trial 156 with value: 0.33254924416542053.
[I 2024-12-19 07:54:18,764] Trial 576 finished with value: 1.5490243434906006 and parameters: {'mlp_n_layers': 3, 'mlp_dim_00': 320, 'mlp_dim_01': 124, 'mlp_dim_02': 72, 'node_hidden_dim': 122, 'edge_hidden_dim': 49, 'depth': 2, 'rep_dropout': 0.08928021249558914, 'train_learning_rate': 0.0016078376019528727, 'train_lr_reduce': 0.6}. Best is trial 156 with value: 0.33254924416542053.
[I 2024-12-19 07:54:19,660] Trial 577 finished with value: 1.3414347171783447 and parameters: {'mlp_n_layers': 2, 'mlp_dim_00': 108, 'mlp_dim_01': 319, 'node_hidden_dim': 47, 'edge_hidden_dim': 49, 'depth': 2, 'rep_dropout': 0.18996282731365113, 'train_learning_rate': 0.0039196722583368145, 'train_lr_reduce': 0.6}. Best is trial 156 with value: 0.33254924416542053.
[I 2024-12-19 07:54:24,243] Trial 580 finished with value: 1.283953309059143 and parameters: {'mlp_n_layers': 4, 'mlp_dim_00': 164, 'mlp_dim_01': 211, 'mlp_dim_02': 455, 'mlp_dim_03': 258, 'node_hidden_dim': 112, 'edge_hidden_dim': 42, 'depth': 2, 'rep_dropout': 0.007700217723390355, 'train_learning_rate': 0.005834427803693691, 'train_lr_reduce': 0.6}. Best is trial 156 with value: 0.33254924416542053.
[I 2024-12-19 07:54:25,955] Trial 579 finished with value: 1.5685898065567017 and parameters: {'mlp_n_layers': 3, 'mlp_dim_00': 237, 'mlp_dim_01': 131, 'mlp_dim_02': 143, 'node_hidden_dim': 83, 'edge_hidden_dim': 108, 'depth': 3, 'rep_dropout': 0.06840891160759757, 'train_learning_rate': 0.00013767309582885914, 'train_lr_reduce': 0.6}. Best is trial 156 with value: 0.33254924416542053.
[I 2024-12-19 07:54:28,858] Trial 581 finished with value: 1.4906431436538696 and parameters: {'mlp_n_layers': 2, 'mlp_dim_00': 325, 'mlp_dim_01': 403, 'node_hidden_dim': 51, 'edge_hidden_dim': 55, 'depth': 4, 'rep_dropout': 0.039136142116860506, 'train_learning_rate': 0.004207577334194789, 'train_lr_reduce': 0.6}. Best is trial 156 with value: 0.33254924416542053.
[I 2024-12-19 07:54:30,599] Trial 582 finished with value: 1.3939554691314697 and parameters: {'mlp_n_layers': 3, 'mlp_dim_00': 176, 'mlp_dim_01': 325, 'mlp_dim_02': 119, 'node_hidden_dim': 96, 'edge_hidden_dim': 51, 'depth': 2, 'rep_dropout': 0.07111540164737014, 'train_learning_rate': 0.006799606782669487, 'train_lr_reduce': 0.6}. Best is trial 156 with value: 0.33254924416542053.
[I 2024-12-19 07:54:31,664] Trial 578 finished with value: 0.4381296634674072 and parameters: {'mlp_n_layers': 4, 'mlp_dim_00': 70, 'mlp_dim_01': 69, 'mlp_dim_02': 132, 'mlp_dim_03': 298, 'node_hidden_dim': 118, 'edge_hidden_dim': 99, 'depth': 2, 'rep_dropout': 0.12419915734373818, 'train_learning_rate': 0.004692195771575005, 'train_lr_reduce': 0.6}. Best is trial 156 with value: 0.33254924416542053.
[I 2024-12-19 07:54:34,822] Trial 584 finished with value: 1.4459260702133179 and parameters: {'mlp_n_layers': 3, 'mlp_dim_00': 83, 'mlp_dim_01': 119, 'mlp_dim_02': 123, 'node_hidden_dim': 69, 'edge_hidden_dim': 62, 'depth': 2, 'rep_dropout': 0.1820194392538041, 'train_learning_rate': 0.005984023940338506, 'train_lr_reduce': 0.6}. Best is trial 156 with value: 0.33254924416542053.
[I 2024-12-19 07:54:35,511] Trial 585 finished with value: 1.4962471723556519 and parameters: {'mlp_n_layers': 3, 'mlp_dim_00': 270, 'mlp_dim_01': 148, 'mlp_dim_02': 64, 'node_hidden_dim': 95, 'edge_hidden_dim': 46, 'depth': 2, 'rep_dropout': 0.0027801101244053416, 'train_learning_rate': 0.0030976883618465227, 'train_lr_reduce': 0.6}. Best is trial 156 with value: 0.33254924416542053.
[I 2024-12-19 07:54:38,652] Trial 583 finished with value: 1.306989312171936 and parameters: {'mlp_n_layers': 3, 'mlp_dim_00': 137, 'mlp_dim_01': 190, 'mlp_dim_02': 69, 'node_hidden_dim': 128, 'edge_hidden_dim': 67, 'depth': 2, 'rep_dropout': 0.01056553707501425, 'train_learning_rate': 0.001419010939638124, 'train_lr_reduce': 0.6}. Best is trial 156 with value: 0.33254924416542053.
[I 2024-12-19 07:54:39,459] Trial 586 finished with value: 1.3644462823867798 and parameters: {'mlp_n_layers': 4, 'mlp_dim_00': 165, 'mlp_dim_01': 85, 'mlp_dim_02': 147, 'mlp_dim_03': 324, 'node_hidden_dim': 116, 'edge_hidden_dim': 88, 'depth': 3, 'rep_dropout': 0.04005734160254026, 'train_learning_rate': 0.0054907708882068204, 'train_lr_reduce': 0.6}. Best is trial 156 with value: 0.33254924416542053.
[I 2024-12-19 07:54:39,584] Trial 587 finished with value: 1.449548602104187 and parameters: {'mlp_n_layers': 3, 'mlp_dim_00': 75, 'mlp_dim_01': 159, 'mlp_dim_02': 456, 'node_hidden_dim': 127, 'edge_hidden_dim': 46, 'depth': 2, 'rep_dropout': 0.009336316367307342, 'train_learning_rate': 0.002226218670643756, 'train_lr_reduce': 0.6}. Best is trial 156 with value: 0.33254924416542053.
[I 2024-12-19 07:54:43,921] Trial 590 finished with value: 1.3522354364395142 and parameters: {'mlp_n_layers': 4, 'mlp_dim_00': 302, 'mlp_dim_01': 126, 'mlp_dim_02': 119, 'mlp_dim_03': 286, 'node_hidden_dim': 50, 'edge_hidden_dim': 66, 'depth': 2, 'rep_dropout': 0.21631536185088363, 'train_learning_rate': 0.009112451533822175, 'train_lr_reduce': 0.6}. Best is trial 156 with value: 0.33254924416542053.
[I 2024-12-19 07:54:46,007] Trial 588 finished with value: 1.4764279127120972 and parameters: {'mlp_n_layers': 4, 'mlp_dim_00': 81, 'mlp_dim_01': 112, 'mlp_dim_02': 510, 'mlp_dim_03': 313, 'node_hidden_dim': 112, 'edge_hidden_dim': 93, 'depth': 3, 'rep_dropout': 0.14151397505909624, 'train_learning_rate': 0.002684022529431515, 'train_lr_reduce': 0.6}. Best is trial 156 with value: 0.33254924416542053.
[I 2024-12-19 07:54:46,456] Trial 589 finished with value: 1.3744055032730103 and parameters: {'mlp_n_layers': 4, 'mlp_dim_00': 94, 'mlp_dim_01': 106, 'mlp_dim_02': 162, 'mlp_dim_03': 313, 'node_hidden_dim': 113, 'edge_hidden_dim': 88, 'depth': 2, 'rep_dropout': 0.14049959964544406, 'train_learning_rate': 0.003472289796586874, 'train_lr_reduce': 0.6}. Best is trial 156 with value: 0.33254924416542053.
[I 2024-12-19 07:54:48,794] Trial 591 finished with value: 1.336944818496704 and parameters: {'mlp_n_layers': 4, 'mlp_dim_00': 490, 'mlp_dim_01': 485, 'mlp_dim_02': 284, 'mlp_dim_03': 272, 'node_hidden_dim': 118, 'edge_hidden_dim': 97, 'depth': 2, 'rep_dropout': 0.10939409627581656, 'train_learning_rate': 0.00869079025631022, 'train_lr_reduce': 0.6}. Best is trial 156 with value: 0.33254924416542053.
[I 2024-12-19 07:54:54,061] Trial 592 finished with value: 1.161933422088623 and parameters: {'mlp_n_layers': 4, 'mlp_dim_00': 157, 'mlp_dim_01': 111, 'mlp_dim_02': 175, 'mlp_dim_03': 360, 'node_hidden_dim': 127, 'edge_hidden_dim': 88, 'depth': 2, 'rep_dropout': 0.08435431520932188, 'train_learning_rate': 0.007830609065362794, 'train_lr_reduce': 0.6}. Best is trial 156 with value: 0.33254924416542053.
[I 2024-12-19 07:54:57,745] Trial 594 finished with value: 1.3558900356292725 and parameters: {'mlp_n_layers': 4, 'mlp_dim_00': 113, 'mlp_dim_01': 97, 'mlp_dim_02': 448, 'mlp_dim_03': 398, 'node_hidden_dim': 122, 'edge_hidden_dim': 99, 'depth': 2, 'rep_dropout': 0.11365468723937272, 'train_learning_rate': 0.0006304876144197931, 'train_lr_reduce': 0.6}. Best is trial 156 with value: 0.33254924416542053.
[I 2024-12-19 07:54:58,496] Trial 595 finished with value: 1.4252020120620728 and parameters: {'mlp_n_layers': 4, 'mlp_dim_00': 447, 'mlp_dim_01': 189, 'mlp_dim_02': 180, 'mlp_dim_03': 247, 'node_hidden_dim': 70, 'edge_hidden_dim': 94, 'depth': 2, 'rep_dropout': 0.03530154119683905, 'train_learning_rate': 0.008931562393019836, 'train_lr_reduce': 0.6}. Best is trial 156 with value: 0.33254924416542053.
[I 2024-12-19 07:55:01,564] Trial 593 finished with value: 0.39356938004493713 and parameters: {'mlp_n_layers': 4, 'mlp_dim_00': 181, 'mlp_dim_01': 112, 'mlp_dim_02': 108, 'mlp_dim_03': 275, 'node_hidden_dim': 123, 'edge_hidden_dim': 74, 'depth': 2, 'rep_dropout': 0.011805271009761125, 'train_learning_rate': 0.003990391008870546, 'train_lr_reduce': 0.6}. Best is trial 156 with value: 0.33254924416542053.
[I 2024-12-19 07:55:02,318] Trial 596 finished with value: 1.3562874794006348 and parameters: {'mlp_n_layers': 4, 'mlp_dim_00': 507, 'mlp_dim_01': 222, 'mlp_dim_02': 297, 'mlp_dim_03': 285, 'node_hidden_dim': 99, 'edge_hidden_dim': 98, 'depth': 2, 'rep_dropout': 0.008486108219648139, 'train_learning_rate': 0.0031450496538667017, 'train_lr_reduce': 0.6}. Best is trial 156 with value: 0.33254924416542053.
[I 2024-12-19 07:55:03,581] Trial 597 finished with value: 1.2893797159194946 and parameters: {'mlp_n_layers': 4, 'mlp_dim_00': 400, 'mlp_dim_01': 110, 'mlp_dim_02': 114, 'mlp_dim_03': 307, 'node_hidden_dim': 110, 'edge_hidden_dim': 63, 'depth': 3, 'rep_dropout': 0.14363202800312247, 'train_learning_rate': 0.009532361803713417, 'train_lr_reduce': 0.6}. Best is trial 156 with value: 0.33254924416542053.
[I 2024-12-19 07:55:05,868] Trial 598 finished with value: 1.3404221534729004 and parameters: {'mlp_n_layers': 3, 'mlp_dim_00': 221, 'mlp_dim_01': 135, 'mlp_dim_02': 155, 'node_hidden_dim': 124, 'edge_hidden_dim': 70, 'depth': 2, 'rep_dropout': 0.0005962935095764933, 'train_learning_rate': 0.00934493418698533, 'train_lr_reduce': 0.6}. Best is trial 156 with value: 0.33254924416542053.
[I 2024-12-19 07:55:06,340] Trial 599 finished with value: 1.4370840787887573 and parameters: {'mlp_n_layers': 4, 'mlp_dim_00': 192, 'mlp_dim_01': 103, 'mlp_dim_02': 137, 'mlp_dim_03': 242, 'node_hidden_dim': 113, 'edge_hidden_dim': 78, 'depth': 2, 'rep_dropout': 0.03192570868676245, 'train_learning_rate': 0.004175963974249828, 'train_lr_reduce': 0.6}. Best is trial 156 with value: 0.33254924416542053.
[I 2024-12-19 07:55:11,234] Trial 600 finished with value: 1.3692463636398315 and parameters: {'mlp_n_layers': 3, 'mlp_dim_00': 160, 'mlp_dim_01': 87, 'mlp_dim_02': 178, 'node_hidden_dim': 114, 'edge_hidden_dim': 105, 'depth': 2, 'rep_dropout': 0.07215969015352583, 'train_learning_rate': 0.001295969832455698, 'train_lr_reduce': 0.6}. Best is trial 156 with value: 0.33254924416542053.
[I 2024-12-19 07:55:13,680] Trial 602 finished with value: 1.3309541940689087 and parameters: {'mlp_n_layers': 4, 'mlp_dim_00': 100, 'mlp_dim_01': 68, 'mlp_dim_02': 266, 'mlp_dim_03': 248, 'node_hidden_dim': 120, 'edge_hidden_dim': 93, 'depth': 2, 'rep_dropout': 0.0847786506693345, 'train_learning_rate': 0.0018337723485793006, 'train_lr_reduce': 0.6}. Best is trial 156 with value: 0.33254924416542053.
[I 2024-12-19 07:55:15,482] Trial 603 finished with value: 1.4239871501922607 and parameters: {'mlp_n_layers': 4, 'mlp_dim_00': 499, 'mlp_dim_01': 432, 'mlp_dim_02': 511, 'mlp_dim_03': 235, 'node_hidden_dim': 128, 'edge_hidden_dim': 95, 'depth': 2, 'rep_dropout': 0.05342974850876327, 'train_learning_rate': 0.002495589389333652, 'train_lr_reduce': 0.6}. Best is trial 156 with value: 0.33254924416542053.
[I 2024-12-19 07:55:19,091] Trial 604 finished with value: 1.4828228950500488 and parameters: {'mlp_n_layers': 4, 'mlp_dim_00': 507, 'mlp_dim_01': 274, 'mlp_dim_02': 196, 'mlp_dim_03': 269, 'node_hidden_dim': 110, 'edge_hidden_dim': 103, 'depth': 3, 'rep_dropout': 0.10687162953509004, 'train_learning_rate': 0.0030338656769894204, 'train_lr_reduce': 0.6}. Best is trial 156 with value: 0.33254924416542053.
[I 2024-12-19 07:55:19,096] Trial 601 finished with value: 0.45611345767974854 and parameters: {'mlp_n_layers': 4, 'mlp_dim_00': 165, 'mlp_dim_01': 140, 'mlp_dim_02': 127, 'mlp_dim_03': 247, 'node_hidden_dim': 128, 'edge_hidden_dim': 86, 'depth': 2, 'rep_dropout': 0.030866554169444286, 'train_learning_rate': 0.0030982677851305036, 'train_lr_reduce': 0.6}. Best is trial 156 with value: 0.33254924416542053.
[I 2024-12-19 07:55:22,378] Trial 605 finished with value: 1.01046621799469 and parameters: {'mlp_n_layers': 4, 'mlp_dim_00': 409, 'mlp_dim_01': 69, 'mlp_dim_02': 451, 'mlp_dim_03': 209, 'node_hidden_dim': 110, 'edge_hidden_dim': 56, 'depth': 2, 'rep_dropout': 0.037246666392254574, 'train_learning_rate': 0.008330549302025448, 'train_lr_reduce': 0.6}. Best is trial 156 with value: 0.33254924416542053.
[I 2024-12-19 07:55:26,967] Trial 608 finished with value: 1.5683867931365967 and parameters: {'mlp_n_layers': 2, 'mlp_dim_00': 431, 'mlp_dim_01': 314, 'node_hidden_dim': 113, 'edge_hidden_dim': 72, 'depth': 4, 'rep_dropout': 0.016588262922173108, 'train_learning_rate': 0.00010460207801327741, 'train_lr_reduce': 0.6}. Best is trial 156 with value: 0.33254924416542053.
[I 2024-12-19 07:55:30,702] Trial 606 finished with value: 1.3308717012405396 and parameters: {'mlp_n_layers': 4, 'mlp_dim_00': 66, 'mlp_dim_01': 94, 'mlp_dim_02': 116, 'mlp_dim_03': 250, 'node_hidden_dim': 124, 'edge_hidden_dim': 90, 'depth': 2, 'rep_dropout': 0.012890481194544168, 'train_learning_rate': 0.0020340831606379985, 'train_lr_reduce': 0.6}. Best is trial 156 with value: 0.33254924416542053.
[I 2024-12-19 07:55:33,468] Trial 607 finished with value: 0.460673451423645 and parameters: {'mlp_n_layers': 4, 'mlp_dim_00': 182, 'mlp_dim_01': 101, 'mlp_dim_02': 122, 'mlp_dim_03': 262, 'node_hidden_dim': 122, 'edge_hidden_dim': 84, 'depth': 2, 'rep_dropout': 0.005157169748848223, 'train_learning_rate': 0.00463039761588008, 'train_lr_reduce': 0.6}. Best is trial 156 with value: 0.33254924416542053.
