[I 2024-12-19 08:04:16,195] Trial 458 finished with value: 1.1423389911651611 and parameters: {'mlp_n_layers': 4, 'mlp_dim_00': 240, 'mlp_dim_01': 419, 'mlp_dim_02': 461, 'mlp_dim_03': 119, 'node_hidden_dim': 59, 'edge_hidden_dim': 36, 'depth': 3, 'rep_dropout': 0.08674522678402104, 'train_learning_rate': 0.004406003231979947, 'train_lr_reduce': 0.6}. Best is trial 231 with value: 0.17593608796596527.
[I 2024-12-19 08:04:19,105] Trial 456 finished with value: 0.20638377964496613 and parameters: {'mlp_n_layers': 2, 'mlp_dim_00': 444, 'mlp_dim_01': 503, 'node_hidden_dim': 126, 'edge_hidden_dim': 58, 'depth': 2, 'rep_dropout': 0.023290075957344045, 'train_learning_rate': 0.008535325499355281, 'train_lr_reduce': 0.6}. Best is trial 231 with value: 0.17593608796596527.
[I 2024-12-19 08:04:20,835] Trial 455 finished with value: 0.3066822290420532 and parameters: {'mlp_n_layers': 2, 'mlp_dim_00': 511, 'mlp_dim_01': 509, 'node_hidden_dim': 121, 'edge_hidden_dim': 55, 'depth': 2, 'rep_dropout': 0.024540467872439242, 'train_learning_rate': 0.003398927503134367, 'train_lr_reduce': 0.6}. Best is trial 231 with value: 0.17593608796596527.
[I 2024-12-19 08:04:25,137] Trial 460 finished with value: 1.1426233053207397 and parameters: {'mlp_n_layers': 2, 'mlp_dim_00': 455, 'mlp_dim_01': 507, 'node_hidden_dim': 125, 'edge_hidden_dim': 35, 'depth': 2, 'rep_dropout': 0.050311075806421246, 'train_learning_rate': 0.002824658260774178, 'train_lr_reduce': 0.6}. Best is trial 231 with value: 0.17593608796596527.
[I 2024-12-19 08:04:30,031] Trial 461 finished with value: 1.1419788599014282 and parameters: {'mlp_n_layers': 3, 'mlp_dim_00': 478, 'mlp_dim_01': 269, 'mlp_dim_02': 511, 'node_hidden_dim': 102, 'edge_hidden_dim': 104, 'depth': 3, 'rep_dropout': 0.06232711800093779, 'train_learning_rate': 0.00011211027094958797, 'train_lr_reduce': 0.6}. Best is trial 231 with value: 0.17593608796596527.
[I 2024-12-19 08:04:37,710] Trial 463 finished with value: 1.1453728675842285 and parameters: {'mlp_n_layers': 4, 'mlp_dim_00': 509, 'mlp_dim_01': 338, 'mlp_dim_02': 460, 'mlp_dim_03': 282, 'node_hidden_dim': 123, 'edge_hidden_dim': 88, 'depth': 3, 'rep_dropout': 0.19700883223213525, 'train_learning_rate': 0.0016216477350401938, 'train_lr_reduce': 0.6}. Best is trial 231 with value: 0.17593608796596527.
[I 2024-12-19 08:04:38,268] Trial 459 finished with value: 0.3667820692062378 and parameters: {'mlp_n_layers': 3, 'mlp_dim_00': 501, 'mlp_dim_01': 362, 'mlp_dim_02': 388, 'node_hidden_dim': 105, 'edge_hidden_dim': 57, 'depth': 2, 'rep_dropout': 0.020754705937975845, 'train_learning_rate': 0.005094642638765287, 'train_lr_reduce': 0.6}. Best is trial 231 with value: 0.17593608796596527.
[I 2024-12-19 08:04:45,498] Trial 462 finished with value: 0.4027496576309204 and parameters: {'mlp_n_layers': 3, 'mlp_dim_00': 286, 'mlp_dim_01': 354, 'mlp_dim_02': 426, 'node_hidden_dim': 52, 'edge_hidden_dim': 49, 'depth': 2, 'rep_dropout': 0.0547699473749482, 'train_learning_rate': 0.009726486119585095, 'train_lr_reduce': 0.6}. Best is trial 231 with value: 0.17593608796596527.
[I 2024-12-19 08:05:00,974] Trial 465 finished with value: 0.4201701283454895 and parameters: {'mlp_n_layers': 4, 'mlp_dim_00': 256, 'mlp_dim_01': 203, 'mlp_dim_02': 383, 'mlp_dim_03': 203, 'node_hidden_dim': 128, 'edge_hidden_dim': 81, 'depth': 2, 'rep_dropout': 0.1436093025362925, 'train_learning_rate': 0.004994201718142695, 'train_lr_reduce': 0.6}. Best is trial 231 with value: 0.17593608796596527.
[I 2024-12-19 08:05:05,076] Trial 464 finished with value: 0.503087043762207 and parameters: {'mlp_n_layers': 3, 'mlp_dim_00': 348, 'mlp_dim_01': 416, 'mlp_dim_02': 316, 'node_hidden_dim': 94, 'edge_hidden_dim': 126, 'depth': 3, 'rep_dropout': 0.21939655404626626, 'train_learning_rate': 0.005195717777710822, 'train_lr_reduce': 0.6}. Best is trial 231 with value: 0.17593608796596527.
[I 2024-12-19 08:05:06,117] Trial 466 finished with value: 0.281011700630188 and parameters: {'mlp_n_layers': 3, 'mlp_dim_00': 474, 'mlp_dim_01': 227, 'mlp_dim_02': 462, 'node_hidden_dim': 98, 'edge_hidden_dim': 37, 'depth': 2, 'rep_dropout': 0.023570030233213246, 'train_learning_rate': 0.009033288820646405, 'train_lr_reduce': 0.6}. Best is trial 231 with value: 0.17593608796596527.
[I 2024-12-19 08:05:13,034] Trial 469 finished with value: 1.142488956451416 and parameters: {'mlp_n_layers': 3, 'mlp_dim_00': 270, 'mlp_dim_01': 288, 'mlp_dim_02': 470, 'node_hidden_dim': 125, 'edge_hidden_dim': 38, 'depth': 4, 'rep_dropout': 0.22933123734530675, 'train_learning_rate': 0.0006283995190828763, 'train_lr_reduce': 0.6}. Best is trial 231 with value: 0.17593608796596527.
[I 2024-12-19 08:05:13,037] Trial 467 finished with value: 0.6453787088394165 and parameters: {'mlp_n_layers': 2, 'mlp_dim_00': 442, 'mlp_dim_01': 390, 'node_hidden_dim': 104, 'edge_hidden_dim': 43, 'depth': 3, 'rep_dropout': 0.013395227015058157, 'train_learning_rate': 0.009936222649460574, 'train_lr_reduce': 0.6}. Best is trial 231 with value: 0.17593608796596527.
[I 2024-12-19 08:05:20,386] Trial 471 finished with value: 1.1425940990447998 and parameters: {'mlp_n_layers': 3, 'mlp_dim_00': 462, 'mlp_dim_01': 466, 'mlp_dim_02': 401, 'node_hidden_dim': 42, 'edge_hidden_dim': 81, 'depth': 4, 'rep_dropout': 0.11014539587310672, 'train_learning_rate': 0.007757232003516512, 'train_lr_reduce': 0.6}. Best is trial 231 with value: 0.17593608796596527.
[I 2024-12-19 08:05:22,721] Trial 470 finished with value: 0.7052692174911499 and parameters: {'mlp_n_layers': 2, 'mlp_dim_00': 467, 'mlp_dim_01': 474, 'node_hidden_dim': 114, 'edge_hidden_dim': 54, 'depth': 2, 'rep_dropout': 0.027954176463367952, 'train_learning_rate': 0.0075025368669810605, 'train_lr_reduce': 0.6}. Best is trial 231 with value: 0.17593608796596527.
[I 2024-12-19 08:05:27,235] Trial 472 finished with value: 1.1442111730575562 and parameters: {'mlp_n_layers': 2, 'mlp_dim_00': 172, 'mlp_dim_01': 419, 'node_hidden_dim': 110, 'edge_hidden_dim': 53, 'depth': 4, 'rep_dropout': 0.2366473396215246, 'train_learning_rate': 0.0019169219283905125, 'train_lr_reduce': 0.6}. Best is trial 231 with value: 0.17593608796596527.
[I 2024-12-19 08:05:27,908] Trial 468 finished with value: 0.23694171011447906 and parameters: {'mlp_n_layers': 2, 'mlp_dim_00': 396, 'mlp_dim_01': 491, 'node_hidden_dim': 124, 'edge_hidden_dim': 75, 'depth': 2, 'rep_dropout': 0.04227745983339519, 'train_learning_rate': 0.005551965845778214, 'train_lr_reduce': 0.6}. Best is trial 231 with value: 0.17593608796596527.
[I 2024-12-19 08:05:31,820] Trial 473 finished with value: 1.1418931484222412 and parameters: {'mlp_n_layers': 4, 'mlp_dim_00': 229, 'mlp_dim_01': 461, 'mlp_dim_02': 507, 'mlp_dim_03': 65, 'node_hidden_dim': 74, 'edge_hidden_dim': 43, 'depth': 4, 'rep_dropout': 0.1705871080251811, 'train_learning_rate': 0.0001048024676483522, 'train_lr_reduce': 0.6}. Best is trial 231 with value: 0.17593608796596527.
[I 2024-12-19 08:05:38,432] Trial 476 finished with value: 1.14325749874115 and parameters: {'mlp_n_layers': 4, 'mlp_dim_00': 507, 'mlp_dim_01': 431, 'mlp_dim_02': 296, 'mlp_dim_03': 294, 'node_hidden_dim': 113, 'edge_hidden_dim': 78, 'depth': 3, 'rep_dropout': 0.011682483727760479, 'train_learning_rate': 0.0014159468332732958, 'train_lr_reduce': 0.6}. Best is trial 231 with value: 0.17593608796596527.
[I 2024-12-19 08:05:44,763] Trial 477 finished with value: 1.1493927240371704 and parameters: {'mlp_n_layers': 2, 'mlp_dim_00': 361, 'mlp_dim_01': 240, 'node_hidden_dim': 57, 'edge_hidden_dim': 47, 'depth': 3, 'rep_dropout': 0.05840451006122992, 'train_learning_rate': 0.008079500323042535, 'train_lr_reduce': 0.6}. Best is trial 231 with value: 0.17593608796596527.
[I 2024-12-19 08:05:49,902] Trial 474 finished with value: 0.3250000774860382 and parameters: {'mlp_n_layers': 2, 'mlp_dim_00': 366, 'mlp_dim_01': 465, 'node_hidden_dim': 127, 'edge_hidden_dim': 68, 'depth': 3, 'rep_dropout': 0.052148871025547675, 'train_learning_rate': 0.005435409704773858, 'train_lr_reduce': 0.6}. Best is trial 231 with value: 0.17593608796596527.
[I 2024-12-19 08:05:50,304] Trial 478 finished with value: 1.1423341035842896 and parameters: {'mlp_n_layers': 2, 'mlp_dim_00': 410, 'mlp_dim_01': 435, 'node_hidden_dim': 116, 'edge_hidden_dim': 74, 'depth': 2, 'rep_dropout': 0.0028254147613226144, 'train_learning_rate': 0.0019038586360782886, 'train_lr_reduce': 0.6}. Best is trial 231 with value: 0.17593608796596527.
[I 2024-12-19 08:05:52,039] Trial 475 finished with value: 0.3113199472427368 and parameters: {'mlp_n_layers': 2, 'mlp_dim_00': 360, 'mlp_dim_01': 508, 'node_hidden_dim': 109, 'edge_hidden_dim': 55, 'depth': 2, 'rep_dropout': 0.046482963475844366, 'train_learning_rate': 0.003887962631243739, 'train_lr_reduce': 0.6}. Best is trial 231 with value: 0.17593608796596527.
[I 2024-12-19 08:05:56,231] Trial 480 finished with value: 1.1424092054367065 and parameters: {'mlp_n_layers': 2, 'mlp_dim_00': 278, 'mlp_dim_01': 394, 'node_hidden_dim': 82, 'edge_hidden_dim': 120, 'depth': 2, 'rep_dropout': 0.12133814510705355, 'train_learning_rate': 0.00017940079619221133, 'train_lr_reduce': 0.6}. Best is trial 231 with value: 0.17593608796596527.
[I 2024-12-19 08:05:56,358] Trial 479 finished with value: 1.142411231994629 and parameters: {'mlp_n_layers': 3, 'mlp_dim_00': 367, 'mlp_dim_01': 387, 'mlp_dim_02': 345, 'node_hidden_dim': 62, 'edge_hidden_dim': 41, 'depth': 2, 'rep_dropout': 0.03249952597730778, 'train_learning_rate': 0.008096121037735536, 'train_lr_reduce': 0.6}. Best is trial 231 with value: 0.17593608796596527.
[I 2024-12-19 08:05:58,931] Trial 481 finished with value: 1.1423778533935547 and parameters: {'mlp_n_layers': 2, 'mlp_dim_00': 351, 'mlp_dim_01': 465, 'node_hidden_dim': 116, 'edge_hidden_dim': 81, 'depth': 2, 'rep_dropout': 0.07884569200438395, 'train_learning_rate': 0.009450588192018163, 'train_lr_reduce': 0.6}. Best is trial 231 with value: 0.17593608796596527.
[I 2024-12-19 08:06:01,488] Trial 482 finished with value: 1.1432608366012573 and parameters: {'mlp_n_layers': 3, 'mlp_dim_00': 347, 'mlp_dim_01': 401, 'mlp_dim_02': 512, 'node_hidden_dim': 80, 'edge_hidden_dim': 33, 'depth': 2, 'rep_dropout': 0.08093162103715157, 'train_learning_rate': 0.009280227938650154, 'train_lr_reduce': 0.6}. Best is trial 231 with value: 0.17593608796596527.
[I 2024-12-19 08:06:06,672] Trial 484 finished with value: 1.1434123516082764 and parameters: {'mlp_n_layers': 2, 'mlp_dim_00': 351, 'mlp_dim_01': 465, 'node_hidden_dim': 127, 'edge_hidden_dim': 50, 'depth': 2, 'rep_dropout': 0.05498853962015164, 'train_learning_rate': 0.0061333943448157804, 'train_lr_reduce': 0.6}. Best is trial 231 with value: 0.17593608796596527.
[I 2024-12-19 08:06:10,594] Trial 485 finished with value: 1.1422460079193115 and parameters: {'mlp_n_layers': 4, 'mlp_dim_00': 433, 'mlp_dim_01': 95, 'mlp_dim_02': 512, 'mlp_dim_03': 141, 'node_hidden_dim': 111, 'edge_hidden_dim': 67, 'depth': 4, 'rep_dropout': 0.17722555733231735, 'train_learning_rate': 0.00013131990563740065, 'train_lr_reduce': 0.6}. Best is trial 231 with value: 0.17593608796596527.
[I 2024-12-19 08:06:17,577] Trial 487 finished with value: 1.1427135467529297 and parameters: {'mlp_n_layers': 3, 'mlp_dim_00': 87, 'mlp_dim_01': 277, 'mlp_dim_02': 358, 'node_hidden_dim': 32, 'edge_hidden_dim': 76, 'depth': 4, 'rep_dropout': 0.1835744079137177, 'train_learning_rate': 0.0014055585807969233, 'train_lr_reduce': 0.6}. Best is trial 231 with value: 0.17593608796596527.
[I 2024-12-19 08:06:18,469] Trial 483 finished with value: 0.30945053696632385 and parameters: {'mlp_n_layers': 2, 'mlp_dim_00': 462, 'mlp_dim_01': 495, 'node_hidden_dim': 87, 'edge_hidden_dim': 41, 'depth': 2, 'rep_dropout': 0.06342650896885035, 'train_learning_rate': 0.0051022516200171205, 'train_lr_reduce': 0.6}. Best is trial 231 with value: 0.17593608796596527.
[I 2024-12-19 08:06:30,429] Trial 486 finished with value: 0.22679848968982697 and parameters: {'mlp_n_layers': 2, 'mlp_dim_00': 381, 'mlp_dim_01': 505, 'node_hidden_dim': 119, 'edge_hidden_dim': 82, 'depth': 2, 'rep_dropout': 0.0008058164321389574, 'train_learning_rate': 0.005502941932692897, 'train_lr_reduce': 0.6}. Best is trial 231 with value: 0.17593608796596527.
[I 2024-12-19 08:06:37,251] Trial 490 finished with value: 1.148184061050415 and parameters: {'mlp_n_layers': 3, 'mlp_dim_00': 368, 'mlp_dim_01': 311, 'mlp_dim_02': 356, 'node_hidden_dim': 115, 'edge_hidden_dim': 33, 'depth': 3, 'rep_dropout': 0.07171056844664264, 'train_learning_rate': 0.0032131869630800595, 'train_lr_reduce': 0.6}. Best is trial 231 with value: 0.17593608796596527.
[I 2024-12-19 08:06:37,392] Trial 488 finished with value: 0.4280568063259125 and parameters: {'mlp_n_layers': 2, 'mlp_dim_00': 476, 'mlp_dim_01': 418, 'node_hidden_dim': 128, 'edge_hidden_dim': 62, 'depth': 2, 'rep_dropout': 0.05578490629290669, 'train_learning_rate': 0.0061707970701128925, 'train_lr_reduce': 0.6}. Best is trial 231 with value: 0.17593608796596527.
[I 2024-12-19 08:06:40,260] Trial 489 finished with value: 0.42451778054237366 and parameters: {'mlp_n_layers': 3, 'mlp_dim_00': 421, 'mlp_dim_01': 348, 'mlp_dim_02': 453, 'node_hidden_dim': 90, 'edge_hidden_dim': 33, 'depth': 2, 'rep_dropout': 0.04518724745172823, 'train_learning_rate': 0.009031930961479877, 'train_lr_reduce': 0.6}. Best is trial 231 with value: 0.17593608796596527.
[I 2024-12-19 08:06:46,843] Trial 493 finished with value: 1.144693374633789 and parameters: {'mlp_n_layers': 2, 'mlp_dim_00': 212, 'mlp_dim_01': 487, 'node_hidden_dim': 123, 'edge_hidden_dim': 92, 'depth': 3, 'rep_dropout': 0.006191791224092504, 'train_learning_rate': 0.006682137257920288, 'train_lr_reduce': 0.6}. Best is trial 231 with value: 0.17593608796596527.
[I 2024-12-19 08:06:52,519] Trial 494 finished with value: 1.1471786499023438 and parameters: {'mlp_n_layers': 2, 'mlp_dim_00': 402, 'mlp_dim_01': 503, 'node_hidden_dim': 92, 'edge_hidden_dim': 95, 'depth': 2, 'rep_dropout': 0.016139705059408777, 'train_learning_rate': 0.004655377558371227, 'train_lr_reduce': 0.6}. Best is trial 231 with value: 0.17593608796596527.
[I 2024-12-19 08:06:58,231] Trial 492 finished with value: 0.28736352920532227 and parameters: {'mlp_n_layers': 2, 'mlp_dim_00': 372, 'mlp_dim_01': 458, 'node_hidden_dim': 120, 'edge_hidden_dim': 79, 'depth': 2, 'rep_dropout': 0.029391086948490394, 'train_learning_rate': 0.005566913642682014, 'train_lr_reduce': 0.6}. Best is trial 231 with value: 0.17593608796596527.
[I 2024-12-19 08:07:00,015] Trial 495 finished with value: 1.1422126293182373 and parameters: {'mlp_n_layers': 3, 'mlp_dim_00': 371, 'mlp_dim_01': 486, 'mlp_dim_02': 466, 'node_hidden_dim': 72, 'edge_hidden_dim': 114, 'depth': 4, 'rep_dropout': 0.17591345941603684, 'train_learning_rate': 0.0006079863159891721, 'train_lr_reduce': 0.6}. Best is trial 231 with value: 0.17593608796596527.
[I 2024-12-19 08:07:01,442] Trial 491 finished with value: 0.3467881679534912 and parameters: {'mlp_n_layers': 2, 'mlp_dim_00': 352, 'mlp_dim_01': 390, 'node_hidden_dim': 125, 'edge_hidden_dim': 84, 'depth': 2, 'rep_dropout': 0.006790492292288813, 'train_learning_rate': 0.0066713290794746215, 'train_lr_reduce': 0.6}. Best is trial 231 with value: 0.17593608796596527.
[I 2024-12-19 08:07:05,748] Trial 496 finished with value: 1.1422593593597412 and parameters: {'mlp_n_layers': 4, 'mlp_dim_00': 421, 'mlp_dim_01': 103, 'mlp_dim_02': 415, 'mlp_dim_03': 223, 'node_hidden_dim': 48, 'edge_hidden_dim': 40, 'depth': 4, 'rep_dropout': 0.056115649222604286, 'train_learning_rate': 0.0006525076273656577, 'train_lr_reduce': 0.6}. Best is trial 231 with value: 0.17593608796596527.
[I 2024-12-19 08:07:08,646] Trial 498 finished with value: 1.143319845199585 and parameters: {'mlp_n_layers': 2, 'mlp_dim_00': 445, 'mlp_dim_01': 497, 'node_hidden_dim': 124, 'edge_hidden_dim': 89, 'depth': 3, 'rep_dropout': 0.01241135869558893, 'train_learning_rate': 0.0007955573035905051, 'train_lr_reduce': 0.6}. Best is trial 231 with value: 0.17593608796596527.
[I 2024-12-19 08:07:14,010] Trial 499 finished with value: 1.142113208770752 and parameters: {'mlp_n_layers': 4, 'mlp_dim_00': 228, 'mlp_dim_01': 309, 'mlp_dim_02': 290, 'mlp_dim_03': 323, 'node_hidden_dim': 101, 'edge_hidden_dim': 108, 'depth': 4, 'rep_dropout': 0.1727637814560424, 'train_learning_rate': 0.00017268061898547592, 'train_lr_reduce': 0.6}. Best is trial 231 with value: 0.17593608796596527.
[I 2024-12-19 08:07:21,921] Trial 497 finished with value: 0.48876333236694336 and parameters: {'mlp_n_layers': 2, 'mlp_dim_00': 447, 'mlp_dim_01': 493, 'node_hidden_dim': 109, 'edge_hidden_dim': 92, 'depth': 2, 'rep_dropout': 0.0007578559005033049, 'train_learning_rate': 0.0063756095502912205, 'train_lr_reduce': 0.6}. Best is trial 231 with value: 0.17593608796596527.
[I 2024-12-19 08:07:25,219] Trial 501 finished with value: 0.5780587196350098 and parameters: {'mlp_n_layers': 2, 'mlp_dim_00': 461, 'mlp_dim_01': 462, 'node_hidden_dim': 47, 'edge_hidden_dim': 106, 'depth': 2, 'rep_dropout': 0.07410100705419415, 'train_learning_rate': 0.0049426944606527565, 'train_lr_reduce': 0.6}. Best is trial 231 with value: 0.17593608796596527.
[I 2024-12-19 08:07:29,763] Trial 502 finished with value: 1.1422371864318848 and parameters: {'mlp_n_layers': 4, 'mlp_dim_00': 432, 'mlp_dim_01': 118, 'mlp_dim_02': 512, 'mlp_dim_03': 228, 'node_hidden_dim': 123, 'edge_hidden_dim': 116, 'depth': 3, 'rep_dropout': 0.05503597081666098, 'train_learning_rate': 0.0005590315468325983, 'train_lr_reduce': 0.6}. Best is trial 231 with value: 0.17593608796596527.
[I 2024-12-19 08:07:31,991] Trial 503 finished with value: 1.1421622037887573 and parameters: {'mlp_n_layers': 3, 'mlp_dim_00': 219, 'mlp_dim_01': 441, 'mlp_dim_02': 461, 'node_hidden_dim': 97, 'edge_hidden_dim': 86, 'depth': 2, 'rep_dropout': 0.23189859180498798, 'train_learning_rate': 0.00014336089405152645, 'train_lr_reduce': 0.6}. Best is trial 231 with value: 0.17593608796596527.
[I 2024-12-19 08:07:33,001] Trial 500 finished with value: 0.5300976634025574 and parameters: {'mlp_n_layers': 2, 'mlp_dim_00': 311, 'mlp_dim_01': 481, 'node_hidden_dim': 118, 'edge_hidden_dim': 81, 'depth': 2, 'rep_dropout': 0.015707545748845968, 'train_learning_rate': 0.008629133953797928, 'train_lr_reduce': 0.6}. Best is trial 231 with value: 0.17593608796596527.
[I 2024-12-19 08:07:39,760] Trial 506 finished with value: 1.1423834562301636 and parameters: {'mlp_n_layers': 3, 'mlp_dim_00': 512, 'mlp_dim_01': 441, 'mlp_dim_02': 510, 'node_hidden_dim': 73, 'edge_hidden_dim': 92, 'depth': 2, 'rep_dropout': 0.07176122908497128, 'train_learning_rate': 0.003992720614490948, 'train_lr_reduce': 0.6}. Best is trial 231 with value: 0.17593608796596527.
[I 2024-12-19 08:07:46,937] Trial 507 finished with value: 1.1403414011001587 and parameters: {'mlp_n_layers': 2, 'mlp_dim_00': 447, 'mlp_dim_01': 498, 'node_hidden_dim': 114, 'edge_hidden_dim': 63, 'depth': 3, 'rep_dropout': 0.02580013507530672, 'train_learning_rate': 0.00870593968575413, 'train_lr_reduce': 0.6}. Best is trial 231 with value: 0.17593608796596527.
[I 2024-12-19 08:07:52,868] Trial 504 finished with value: 0.23601537942886353 and parameters: {'mlp_n_layers': 2, 'mlp_dim_00': 478, 'mlp_dim_01': 512, 'node_hidden_dim': 110, 'edge_hidden_dim': 57, 'depth': 2, 'rep_dropout': 0.031697844766994436, 'train_learning_rate': 0.007755671689420193, 'train_lr_reduce': 0.6}. Best is trial 231 with value: 0.17593608796596527.
[I 2024-12-19 08:07:54,924] Trial 505 finished with value: 0.49988433718681335 and parameters: {'mlp_n_layers': 3, 'mlp_dim_00': 385, 'mlp_dim_01': 468, 'mlp_dim_02': 374, 'node_hidden_dim': 96, 'edge_hidden_dim': 51, 'depth': 2, 'rep_dropout': 0.01075401418464466, 'train_learning_rate': 0.004675395749971441, 'train_lr_reduce': 0.6}. Best is trial 231 with value: 0.17593608796596527.
[I 2024-12-19 08:08:03,083] Trial 510 finished with value: 1.142306923866272 and parameters: {'mlp_n_layers': 2, 'mlp_dim_00': 272, 'mlp_dim_01': 174, 'node_hidden_dim': 40, 'edge_hidden_dim': 125, 'depth': 3, 'rep_dropout': 0.1356356404848963, 'train_learning_rate': 0.00013740157051442243, 'train_lr_reduce': 0.6}. Best is trial 231 with value: 0.17593608796596527.
[I 2024-12-19 08:08:13,361] Trial 508 finished with value: 0.44288724660873413 and parameters: {'mlp_n_layers': 4, 'mlp_dim_00': 496, 'mlp_dim_01': 300, 'mlp_dim_02': 418, 'mlp_dim_03': 114, 'node_hidden_dim': 84, 'edge_hidden_dim': 73, 'depth': 2, 'rep_dropout': 0.05027907962553535, 'train_learning_rate': 0.008572530508858409, 'train_lr_reduce': 0.6}. Best is trial 231 with value: 0.17593608796596527.
[I 2024-12-19 08:08:16,593] Trial 509 finished with value: 0.20933012664318085 and parameters: {'mlp_n_layers': 2, 'mlp_dim_00': 447, 'mlp_dim_01': 511, 'node_hidden_dim': 123, 'edge_hidden_dim': 79, 'depth': 2, 'rep_dropout': 0.05551621903249665, 'train_learning_rate': 0.005290810734418247, 'train_lr_reduce': 0.6}. Best is trial 231 with value: 0.17593608796596527.
[I 2024-12-19 08:08:24,066] Trial 511 finished with value: 0.2305298149585724 and parameters: {'mlp_n_layers': 2, 'mlp_dim_00': 409, 'mlp_dim_01': 509, 'node_hidden_dim': 104, 'edge_hidden_dim': 55, 'depth': 2, 'rep_dropout': 0.01698634095323697, 'train_learning_rate': 0.006189680672125995, 'train_lr_reduce': 0.6}. Best is trial 231 with value: 0.17593608796596527.
[I 2024-12-19 08:08:24,183] Trial 513 finished with value: 1.1420024633407593 and parameters: {'mlp_n_layers': 4, 'mlp_dim_00': 196, 'mlp_dim_01': 441, 'mlp_dim_02': 472, 'mlp_dim_03': 354, 'node_hidden_dim': 67, 'edge_hidden_dim': 101, 'depth': 4, 'rep_dropout': 0.23604653045536247, 'train_learning_rate': 0.000763771037603047, 'train_lr_reduce': 0.6}. Best is trial 231 with value: 0.17593608796596527.
