[I 2024-12-15 23:18:20,866] Trial 932 finished with value: 0.09862661361694336 and parameters: {'mlp_n_layers': 2, 'mlp_dim_00': 160, 'mlp_dim_01': 176, 'hidden_channels': 80, 'num_layers': 3, 'num_timesteps': 2, 'dropout': 0.18756904720237177, 'train_learning_rate': 0.007607399757309433, 'train_lr_reduce': 0.6}. Best is trial 130 with value: 0.0812772810459137.
[I 2024-12-15 23:18:20,998] Trial 930 finished with value: 0.12683136761188507 and parameters: {'mlp_n_layers': 2, 'mlp_dim_00': 192, 'mlp_dim_01': 96, 'hidden_channels': 144, 'num_layers': 2, 'num_timesteps': 2, 'dropout': 0.26312706621832027, 'train_learning_rate': 0.009336700515618766, 'train_lr_reduce': 0.6}. Best is trial 130 with value: 0.0812772810459137.
[I 2024-12-15 23:18:30,025] Trial 933 finished with value: 0.103145532310009 and parameters: {'mlp_n_layers': 2, 'mlp_dim_00': 256, 'mlp_dim_01': 32, 'hidden_channels': 48, 'num_layers': 4, 'num_timesteps': 3, 'dropout': 0.28301623136982273, 'train_learning_rate': 0.008868673774159855, 'train_lr_reduce': 0.6}. Best is trial 130 with value: 0.0812772810459137.
[I 2024-12-15 23:18:35,134] Trial 934 finished with value: 0.11708787083625793 and parameters: {'mlp_n_layers': 2, 'mlp_dim_00': 32, 'mlp_dim_01': 80, 'hidden_channels': 32, 'num_layers': 4, 'num_timesteps': 4, 'dropout': 0.20902995871448837, 'train_learning_rate': 0.006409158620209965, 'train_lr_reduce': 0.6}. Best is trial 130 with value: 0.0812772810459137.
[I 2024-12-15 23:18:43,103] Trial 935 finished with value: 0.13333816826343536 and parameters: {'mlp_n_layers': 2, 'mlp_dim_00': 160, 'mlp_dim_01': 144, 'hidden_channels': 64, 'num_layers': 3, 'num_timesteps': 4, 'dropout': 0.23820545522865416, 'train_learning_rate': 0.002110536034933276, 'train_lr_reduce': 0.6}. Best is trial 130 with value: 0.0812772810459137.
[I 2024-12-15 23:18:45,017] Trial 936 finished with value: 0.11866702884435654 and parameters: {'mlp_n_layers': 2, 'mlp_dim_00': 64, 'mlp_dim_01': 112, 'hidden_channels': 32, 'num_layers': 4, 'num_timesteps': 3, 'dropout': 0.19508401387478647, 'train_learning_rate': 0.00815528106013106, 'train_lr_reduce': 0.6}. Best is trial 130 with value: 0.0812772810459137.
[I 2024-12-15 23:18:47,061] Trial 937 finished with value: 0.15057866275310516 and parameters: {'mlp_n_layers': 4, 'mlp_dim_00': 192, 'mlp_dim_01': 192, 'mlp_dim_02': 144, 'mlp_dim_03': 112, 'hidden_channels': 96, 'num_layers': 1, 'num_timesteps': 1, 'dropout': 0.22101706542975114, 'train_learning_rate': 0.006850102037706131, 'train_lr_reduce': 0.6}. Best is trial 130 with value: 0.0812772810459137.
[I 2024-12-15 23:18:54,967] Trial 938 finished with value: 0.10765910893678665 and parameters: {'mlp_n_layers': 3, 'mlp_dim_00': 256, 'mlp_dim_01': 192, 'mlp_dim_02': 112, 'hidden_channels': 48, 'num_layers': 3, 'num_timesteps': 3, 'dropout': 0.17534333397339213, 'train_learning_rate': 0.00676482282544213, 'train_lr_reduce': 0.6}. Best is trial 130 with value: 0.0812772810459137.
[I 2024-12-15 23:18:57,020] Trial 939 finished with value: 0.15146400034427643 and parameters: {'mlp_n_layers': 3, 'mlp_dim_00': 224, 'mlp_dim_01': 32, 'mlp_dim_02': 192, 'hidden_channels': 80, 'num_layers': 4, 'num_timesteps': 4, 'dropout': 0.08010372008557645, 'train_learning_rate': 0.00927165864404171, 'train_lr_reduce': 0.6}. Best is trial 130 with value: 0.0812772810459137.
[I 2024-12-15 23:18:59,111] Trial 940 finished with value: 0.13482971489429474 and parameters: {'mlp_n_layers': 4, 'mlp_dim_00': 240, 'mlp_dim_01': 128, 'mlp_dim_02': 80, 'mlp_dim_03': 224, 'hidden_channels': 32, 'num_layers': 2, 'num_timesteps': 2, 'dropout': 0.23551331104526282, 'train_learning_rate': 0.009204041280316969, 'train_lr_reduce': 0.6}. Best is trial 130 with value: 0.0812772810459137.
[I 2024-12-15 23:19:05,240] Trial 941 finished with value: 0.1046987995505333 and parameters: {'mlp_n_layers': 2, 'mlp_dim_00': 208, 'mlp_dim_01': 96, 'hidden_channels': 48, 'num_layers': 1, 'num_timesteps': 1, 'dropout': 0.2718624875973759, 'train_learning_rate': 0.0076332903477920565, 'train_lr_reduce': 0.6}. Best is trial 130 with value: 0.0812772810459137.
[I 2024-12-15 23:19:11,695] Trial 942 finished with value: 0.14849932491779327 and parameters: {'mlp_n_layers': 2, 'mlp_dim_00': 48, 'mlp_dim_01': 224, 'hidden_channels': 128, 'num_layers': 3, 'num_timesteps': 4, 'dropout': 0.1314935640721725, 'train_learning_rate': 0.009981929524549574, 'train_lr_reduce': 0.6}. Best is trial 130 with value: 0.0812772810459137.
[I 2024-12-15 23:19:13,569] Trial 943 finished with value: 0.11184277385473251 and parameters: {'mlp_n_layers': 2, 'mlp_dim_00': 224, 'mlp_dim_01': 208, 'hidden_channels': 32, 'num_layers': 2, 'num_timesteps': 3, 'dropout': 0.18673614817190706, 'train_learning_rate': 0.004632507231450835, 'train_lr_reduce': 0.6}. Best is trial 130 with value: 0.0812772810459137.
[I 2024-12-15 23:19:22,272] Trial 945 finished with value: 0.12199020385742188 and parameters: {'mlp_n_layers': 4, 'mlp_dim_00': 240, 'mlp_dim_01': 240, 'mlp_dim_02': 224, 'mlp_dim_03': 176, 'hidden_channels': 64, 'num_layers': 1, 'num_timesteps': 2, 'dropout': 0.2667936743611809, 'train_learning_rate': 0.008451968714128462, 'train_lr_reduce': 0.6}. Best is trial 130 with value: 0.0812772810459137.
[I 2024-12-15 23:19:22,818] Trial 946 finished with value: 0.1279638707637787 and parameters: {'mlp_n_layers': 3, 'mlp_dim_00': 192, 'mlp_dim_01': 224, 'mlp_dim_02': 176, 'hidden_channels': 32, 'num_layers': 1, 'num_timesteps': 2, 'dropout': 0.27601398158497226, 'train_learning_rate': 0.0038081305709057453, 'train_lr_reduce': 0.6}. Best is trial 130 with value: 0.0812772810459137.
[I 2024-12-15 23:19:25,661] Trial 944 finished with value: 0.15571048855781555 and parameters: {'mlp_n_layers': 3, 'mlp_dim_00': 176, 'mlp_dim_01': 144, 'mlp_dim_02': 144, 'hidden_channels': 96, 'num_layers': 3, 'num_timesteps': 4, 'dropout': 0.15626662700031468, 'train_learning_rate': 0.007858987357832163, 'train_lr_reduce': 0.6}. Best is trial 130 with value: 0.0812772810459137.
[I 2024-12-15 23:19:34,973] Trial 948 finished with value: 0.13651703298091888 and parameters: {'mlp_n_layers': 4, 'mlp_dim_00': 224, 'mlp_dim_01': 32, 'mlp_dim_02': 160, 'mlp_dim_03': 80, 'hidden_channels': 144, 'num_layers': 2, 'num_timesteps': 1, 'dropout': 0.06489485678838887, 'train_learning_rate': 0.007150508949158814, 'train_lr_reduce': 0.6}. Best is trial 130 with value: 0.0812772810459137.
[I 2024-12-15 23:19:36,417] Trial 949 finished with value: 0.10446835309267044 and parameters: {'mlp_n_layers': 2, 'mlp_dim_00': 192, 'mlp_dim_01': 176, 'hidden_channels': 32, 'num_layers': 1, 'num_timesteps': 1, 'dropout': 0.29260795021591596, 'train_learning_rate': 0.0020875839449583156, 'train_lr_reduce': 0.6}. Best is trial 130 with value: 0.0812772810459137.
[I 2024-12-15 23:19:42,313] Trial 947 finished with value: 0.12488700449466705 and parameters: {'mlp_n_layers': 3, 'mlp_dim_00': 160, 'mlp_dim_01': 224, 'mlp_dim_02': 128, 'hidden_channels': 112, 'num_layers': 2, 'num_timesteps': 3, 'dropout': 0.2846187653287651, 'train_learning_rate': 0.0067998086158141185, 'train_lr_reduce': 0.6}. Best is trial 130 with value: 0.0812772810459137.
[I 2024-12-15 23:19:52,710] Trial 952 finished with value: 0.09816773235797882 and parameters: {'mlp_n_layers': 2, 'mlp_dim_00': 192, 'mlp_dim_01': 208, 'hidden_channels': 48, 'num_layers': 1, 'num_timesteps': 2, 'dropout': 0.19911475552755192, 'train_learning_rate': 0.00984636963472787, 'train_lr_reduce': 0.6}. Best is trial 130 with value: 0.0812772810459137.
[I 2024-12-15 23:19:53,541] Trial 950 finished with value: 0.09682715684175491 and parameters: {'mlp_n_layers': 2, 'mlp_dim_00': 256, 'mlp_dim_01': 64, 'hidden_channels': 80, 'num_layers': 3, 'num_timesteps': 3, 'dropout': 0.29937576247985526, 'train_learning_rate': 0.008983624636679259, 'train_lr_reduce': 0.6}. Best is trial 130 with value: 0.0812772810459137.
[I 2024-12-15 23:19:53,700] Trial 951 finished with value: 0.11492935568094254 and parameters: {'mlp_n_layers': 3, 'mlp_dim_00': 208, 'mlp_dim_01': 208, 'mlp_dim_02': 112, 'hidden_channels': 32, 'num_layers': 3, 'num_timesteps': 3, 'dropout': 0.22618916644124526, 'train_learning_rate': 0.0032461617213933916, 'train_lr_reduce': 0.6}. Best is trial 130 with value: 0.0812772810459137.
[I 2024-12-15 23:20:06,809] Trial 955 finished with value: 0.11727703362703323 and parameters: {'mlp_n_layers': 2, 'mlp_dim_00': 240, 'mlp_dim_01': 32, 'hidden_channels': 32, 'num_layers': 1, 'num_timesteps': 4, 'dropout': 0.24057790971722962, 'train_learning_rate': 0.002854322866126345, 'train_lr_reduce': 0.6}. Best is trial 130 with value: 0.0812772810459137.
[I 2024-12-15 23:20:06,841] Trial 953 finished with value: 0.13176940381526947 and parameters: {'mlp_n_layers': 3, 'mlp_dim_00': 256, 'mlp_dim_01': 240, 'mlp_dim_02': 208, 'hidden_channels': 32, 'num_layers': 1, 'num_timesteps': 1, 'dropout': 0.13583251648362216, 'train_learning_rate': 0.004472471002883524, 'train_lr_reduce': 0.6}. Best is trial 130 with value: 0.0812772810459137.
[I 2024-12-15 23:20:14,726] Trial 954 finished with value: 0.19141215085983276 and parameters: {'mlp_n_layers': 2, 'mlp_dim_00': 32, 'mlp_dim_01': 96, 'hidden_channels': 32, 'num_layers': 3, 'num_timesteps': 4, 'dropout': 0.2512409062687918, 'train_learning_rate': 0.0007945847794635409, 'train_lr_reduce': 0.6}. Best is trial 130 with value: 0.0812772810459137.
[I 2024-12-15 23:20:19,970] Trial 956 finished with value: 0.14375729858875275 and parameters: {'mlp_n_layers': 2, 'mlp_dim_00': 64, 'mlp_dim_01': 208, 'hidden_channels': 112, 'num_layers': 2, 'num_timesteps': 3, 'dropout': 0.16820068513775344, 'train_learning_rate': 0.002258782162540116, 'train_lr_reduce': 0.6}. Best is trial 130 with value: 0.0812772810459137.
[I 2024-12-15 23:20:23,068] Trial 957 finished with value: 0.11003639549016953 and parameters: {'mlp_n_layers': 2, 'mlp_dim_00': 208, 'mlp_dim_01': 240, 'hidden_channels': 144, 'num_layers': 1, 'num_timesteps': 2, 'dropout': 0.22696347805055053, 'train_learning_rate': 0.003231691747383891, 'train_lr_reduce': 0.6}. Best is trial 130 with value: 0.0812772810459137.
[I 2024-12-15 23:20:29,990] Trial 958 finished with value: 0.11321734637022018 and parameters: {'mlp_n_layers': 3, 'mlp_dim_00': 240, 'mlp_dim_01': 208, 'mlp_dim_02': 144, 'hidden_channels': 32, 'num_layers': 1, 'num_timesteps': 3, 'dropout': 0.21186032501137364, 'train_learning_rate': 0.007776465515925271, 'train_lr_reduce': 0.6}. Best is trial 130 with value: 0.0812772810459137.
[I 2024-12-15 23:20:36,312] Trial 960 finished with value: 0.100572369992733 and parameters: {'mlp_n_layers': 2, 'mlp_dim_00': 256, 'mlp_dim_01': 256, 'hidden_channels': 144, 'num_layers': 1, 'num_timesteps': 2, 'dropout': 0.09812532901824857, 'train_learning_rate': 0.007741214864581043, 'train_lr_reduce': 0.6}. Best is trial 130 with value: 0.0812772810459137.
[I 2024-12-15 23:20:39,710] Trial 959 finished with value: 0.14236345887184143 and parameters: {'mlp_n_layers': 2, 'mlp_dim_00': 176, 'mlp_dim_01': 128, 'hidden_channels': 96, 'num_layers': 4, 'num_timesteps': 3, 'dropout': 0.11503342487235098, 'train_learning_rate': 0.0027799445754660207, 'train_lr_reduce': 0.6}. Best is trial 130 with value: 0.0812772810459137.
[I 2024-12-15 23:20:46,299] Trial 961 finished with value: 0.12822839617729187 and parameters: {'mlp_n_layers': 2, 'mlp_dim_00': 80, 'mlp_dim_01': 96, 'hidden_channels': 128, 'num_layers': 4, 'num_timesteps': 3, 'dropout': 0.20913475941725543, 'train_learning_rate': 0.0033598801909321355, 'train_lr_reduce': 0.6}. Best is trial 130 with value: 0.0812772810459137.
[I 2024-12-15 23:20:49,615] Trial 963 finished with value: 0.09994740039110184 and parameters: {'mlp_n_layers': 3, 'mlp_dim_00': 240, 'mlp_dim_01': 208, 'mlp_dim_02': 192, 'hidden_channels': 64, 'num_layers': 2, 'num_timesteps': 1, 'dropout': 0.19234444760047098, 'train_learning_rate': 0.008900024941196986, 'train_lr_reduce': 0.6}. Best is trial 130 with value: 0.0812772810459137.
[I 2024-12-15 23:21:01,324] Trial 965 finished with value: 0.12635648250579834 and parameters: {'mlp_n_layers': 3, 'mlp_dim_00': 176, 'mlp_dim_01': 192, 'mlp_dim_02': 80, 'hidden_channels': 32, 'num_layers': 2, 'num_timesteps': 2, 'dropout': 0.25150531999044357, 'train_learning_rate': 0.008919331759626507, 'train_lr_reduce': 0.6}. Best is trial 130 with value: 0.0812772810459137.
[I 2024-12-15 23:21:01,840] Trial 962 finished with value: 0.0989433228969574 and parameters: {'mlp_n_layers': 2, 'mlp_dim_00': 32, 'mlp_dim_01': 240, 'hidden_channels': 32, 'num_layers': 4, 'num_timesteps': 4, 'dropout': 0.056632415358857414, 'train_learning_rate': 0.005929433134284732, 'train_lr_reduce': 0.6}. Best is trial 130 with value: 0.0812772810459137.
[I 2024-12-15 23:21:08,876] Trial 964 finished with value: 0.1390586495399475 and parameters: {'mlp_n_layers': 2, 'mlp_dim_00': 256, 'mlp_dim_01': 128, 'hidden_channels': 192, 'num_layers': 4, 'num_timesteps': 1, 'dropout': 0.248955142027855, 'train_learning_rate': 0.008821400296388822, 'train_lr_reduce': 0.6}. Best is trial 130 with value: 0.0812772810459137.
[I 2024-12-15 23:21:13,065] Trial 967 finished with value: 0.13438233733177185 and parameters: {'mlp_n_layers': 2, 'mlp_dim_00': 48, 'mlp_dim_01': 192, 'hidden_channels': 80, 'num_layers': 2, 'num_timesteps': 4, 'dropout': 0.1716716716174818, 'train_learning_rate': 0.002747938437596424, 'train_lr_reduce': 0.6}. Best is trial 130 with value: 0.0812772810459137.
[I 2024-12-15 23:21:21,559] Trial 968 finished with value: 0.11909855157136917 and parameters: {'mlp_n_layers': 2, 'mlp_dim_00': 32, 'mlp_dim_01': 208, 'hidden_channels': 32, 'num_layers': 2, 'num_timesteps': 4, 'dropout': 0.11201756421652949, 'train_learning_rate': 0.004351789363769908, 'train_lr_reduce': 0.6}. Best is trial 130 with value: 0.0812772810459137.
[I 2024-12-15 23:21:26,361] Trial 969 finished with value: 0.09556802362203598 and parameters: {'mlp_n_layers': 3, 'mlp_dim_00': 176, 'mlp_dim_01': 208, 'mlp_dim_02': 160, 'hidden_channels': 64, 'num_layers': 3, 'num_timesteps': 3, 'dropout': 0.1599622063137653, 'train_learning_rate': 0.007894069474973698, 'train_lr_reduce': 0.6}. Best is trial 130 with value: 0.0812772810459137.
[I 2024-12-15 23:21:27,434] Trial 966 finished with value: 0.2534768283367157 and parameters: {'mlp_n_layers': 3, 'mlp_dim_00': 176, 'mlp_dim_01': 96, 'mlp_dim_02': 128, 'hidden_channels': 32, 'num_layers': 3, 'num_timesteps': 3, 'dropout': 0.14140726938394207, 'train_learning_rate': 0.00023214488646677547, 'train_lr_reduce': 0.6}. Best is trial 130 with value: 0.0812772810459137.
[I 2024-12-15 23:21:35,595] Trial 970 finished with value: 0.11133357137441635 and parameters: {'mlp_n_layers': 2, 'mlp_dim_00': 224, 'mlp_dim_01': 240, 'hidden_channels': 176, 'num_layers': 1, 'num_timesteps': 2, 'dropout': 0.23264708600207487, 'train_learning_rate': 0.007214026591632817, 'train_lr_reduce': 0.6}. Best is trial 130 with value: 0.0812772810459137.
[I 2024-12-15 23:21:45,794] Trial 972 finished with value: 0.10927288979291916 and parameters: {'mlp_n_layers': 2, 'mlp_dim_00': 208, 'mlp_dim_01': 64, 'hidden_channels': 96, 'num_layers': 3, 'num_timesteps': 3, 'dropout': 0.2859692239168802, 'train_learning_rate': 0.009741770661342781, 'train_lr_reduce': 0.6}. Best is trial 130 with value: 0.0812772810459137.
[I 2024-12-15 23:21:51,781] Trial 971 finished with value: 0.15826886892318726 and parameters: {'mlp_n_layers': 3, 'mlp_dim_00': 208, 'mlp_dim_01': 160, 'mlp_dim_02': 112, 'hidden_channels': 208, 'num_layers': 3, 'num_timesteps': 4, 'dropout': 0.01697955664852127, 'train_learning_rate': 0.0006993035329935954, 'train_lr_reduce': 0.6}. Best is trial 130 with value: 0.0812772810459137.
[I 2024-12-15 23:21:52,200] Trial 973 finished with value: 0.10635289549827576 and parameters: {'mlp_n_layers': 2, 'mlp_dim_00': 256, 'mlp_dim_01': 176, 'hidden_channels': 32, 'num_layers': 2, 'num_timesteps': 3, 'dropout': 0.2201569721615355, 'train_learning_rate': 0.005489875059559901, 'train_lr_reduce': 0.6}. Best is trial 130 with value: 0.0812772810459137.
[I 2024-12-15 23:22:04,159] Trial 974 finished with value: 0.1653052270412445 and parameters: {'mlp_n_layers': 2, 'mlp_dim_00': 192, 'mlp_dim_01': 48, 'hidden_channels': 224, 'num_layers': 3, 'num_timesteps': 1, 'dropout': 0.09217144502632584, 'train_learning_rate': 0.007405151586641259, 'train_lr_reduce': 0.6}. Best is trial 130 with value: 0.0812772810459137.
[I 2024-12-15 23:22:06,686] Trial 976 finished with value: 0.09738306701183319 and parameters: {'mlp_n_layers': 3, 'mlp_dim_00': 208, 'mlp_dim_01': 192, 'mlp_dim_02': 32, 'hidden_channels': 64, 'num_layers': 1, 'num_timesteps': 2, 'dropout': 0.2447688771799463, 'train_learning_rate': 0.006849081484740797, 'train_lr_reduce': 0.6}. Best is trial 130 with value: 0.0812772810459137.
[I 2024-12-15 23:22:19,419] Trial 975 finished with value: 0.13328562676906586 and parameters: {'mlp_n_layers': 3, 'mlp_dim_00': 192, 'mlp_dim_01': 176, 'mlp_dim_02': 192, 'hidden_channels': 176, 'num_layers': 3, 'num_timesteps': 2, 'dropout': 0.27629099270199864, 'train_learning_rate': 0.0002688298458821069, 'train_lr_reduce': 0.6}. Best is trial 130 with value: 0.0812772810459137.
[I 2024-12-15 23:22:21,270] Trial 977 finished with value: 0.20012149214744568 and parameters: {'mlp_n_layers': 3, 'mlp_dim_00': 192, 'mlp_dim_01': 128, 'mlp_dim_02': 160, 'hidden_channels': 48, 'num_layers': 1, 'num_timesteps': 3, 'dropout': 0.2747991268421508, 'train_learning_rate': 0.008923820949981977, 'train_lr_reduce': 0.6}. Best is trial 130 with value: 0.0812772810459137.
[I 2024-12-15 23:22:21,832] Trial 978 finished with value: 0.08751773089170456 and parameters: {'mlp_n_layers': 2, 'mlp_dim_00': 144, 'mlp_dim_01': 96, 'hidden_channels': 48, 'num_layers': 3, 'num_timesteps': 3, 'dropout': 0.20078401912709384, 'train_learning_rate': 0.005554754172088424, 'train_lr_reduce': 0.6}. Best is trial 130 with value: 0.0812772810459137.
[I 2024-12-15 23:22:29,598] Trial 980 finished with value: 0.11198356747627258 and parameters: {'mlp_n_layers': 2, 'mlp_dim_00': 48, 'mlp_dim_01': 240, 'hidden_channels': 64, 'num_layers': 1, 'num_timesteps': 4, 'dropout': 0.19626006572073737, 'train_learning_rate': 0.00922471112319283, 'train_lr_reduce': 0.6}. Best is trial 130 with value: 0.0812772810459137.
[I 2024-12-15 23:22:32,530] Trial 979 finished with value: 0.12627661228179932 and parameters: {'mlp_n_layers': 2, 'mlp_dim_00': 256, 'mlp_dim_01': 80, 'hidden_channels': 64, 'num_layers': 1, 'num_timesteps': 4, 'dropout': 0.2362456754006472, 'train_learning_rate': 0.006514109900223183, 'train_lr_reduce': 0.6}. Best is trial 130 with value: 0.0812772810459137.
[I 2024-12-15 23:22:51,714] Trial 983 finished with value: 0.11129668354988098 and parameters: {'mlp_n_layers': 2, 'mlp_dim_00': 96, 'mlp_dim_01': 80, 'hidden_channels': 32, 'num_layers': 3, 'num_timesteps': 4, 'dropout': 0.18182561423547441, 'train_learning_rate': 0.0017458169709873165, 'train_lr_reduce': 0.6}. Best is trial 130 with value: 0.0812772810459137.
[I 2024-12-15 23:22:52,455] Trial 981 finished with value: 0.19877494871616364 and parameters: {'mlp_n_layers': 3, 'mlp_dim_00': 32, 'mlp_dim_01': 256, 'mlp_dim_02': 224, 'hidden_channels': 64, 'num_layers': 4, 'num_timesteps': 4, 'dropout': 0.040646630446558515, 'train_learning_rate': 0.000155801709156079, 'train_lr_reduce': 0.6}. Best is trial 130 with value: 0.0812772810459137.
[I 2024-12-15 23:22:53,644] Trial 982 finished with value: 0.13893115520477295 and parameters: {'mlp_n_layers': 4, 'mlp_dim_00': 80, 'mlp_dim_01': 240, 'mlp_dim_02': 128, 'mlp_dim_03': 128, 'hidden_channels': 64, 'num_layers': 2, 'num_timesteps': 4, 'dropout': 0.0850093487442765, 'train_learning_rate': 0.0008856316424791167, 'train_lr_reduce': 0.6}. Best is trial 130 with value: 0.0812772810459137.
[I 2024-12-15 23:23:04,123] Trial 985 finished with value: 0.09813261777162552 and parameters: {'mlp_n_layers': 3, 'mlp_dim_00': 240, 'mlp_dim_01': 224, 'mlp_dim_02': 176, 'hidden_channels': 32, 'num_layers': 1, 'num_timesteps': 2, 'dropout': 0.24892825777034958, 'train_learning_rate': 0.009837231881258849, 'train_lr_reduce': 0.6}. Best is trial 130 with value: 0.0812772810459137.
[I 2024-12-15 23:23:06,252] Trial 984 finished with value: 0.11037604510784149 and parameters: {'mlp_n_layers': 2, 'mlp_dim_00': 96, 'mlp_dim_01': 64, 'hidden_channels': 64, 'num_layers': 3, 'num_timesteps': 3, 'dropout': 0.2061602408174476, 'train_learning_rate': 0.005495465631162001, 'train_lr_reduce': 0.6}. Best is trial 130 with value: 0.0812772810459137.
[I 2024-12-15 23:23:09,120] Trial 986 finished with value: 0.11100826412439346 and parameters: {'mlp_n_layers': 3, 'mlp_dim_00': 112, 'mlp_dim_01': 112, 'mlp_dim_02': 96, 'hidden_channels': 32, 'num_layers': 3, 'num_timesteps': 3, 'dropout': 0.20333066136659228, 'train_learning_rate': 0.004694252120540705, 'train_lr_reduce': 0.6}. Best is trial 130 with value: 0.0812772810459137.
[I 2024-12-15 23:23:18,263] Trial 987 finished with value: 0.10728811472654343 and parameters: {'mlp_n_layers': 2, 'mlp_dim_00': 208, 'mlp_dim_01': 112, 'hidden_channels': 32, 'num_layers': 3, 'num_timesteps': 2, 'dropout': 0.19605180083677184, 'train_learning_rate': 0.004788240641107455, 'train_lr_reduce': 0.6}. Best is trial 130 with value: 0.0812772810459137.
[I 2024-12-15 23:23:24,132] Trial 988 finished with value: 0.11960983276367188 and parameters: {'mlp_n_layers': 2, 'mlp_dim_00': 64, 'mlp_dim_01': 80, 'hidden_channels': 32, 'num_layers': 4, 'num_timesteps': 2, 'dropout': 0.20195830955438923, 'train_learning_rate': 0.006268789898764302, 'train_lr_reduce': 0.6}. Best is trial 130 with value: 0.0812772810459137.
