[I 2024-12-26 18:32:00,109] Trial 2166 finished with value: 0.03564867004752159 and parameters: {'L1_hidden_dim': 96, 'L1_layers_atom': 2, 'L1_layers_mol': 1, 'L1_dropout': 0.15917161828121823, 'L1_out_dim': 128, 'L2_hidden_dim': 112, 'L2_layers_atom': 4, 'L2_layers_mol': 4, 'L2_out_dim': 32, 'L2_dropout': 0.292988566131133, 'L3_hidden_dim': 96, 'L3_layers_atom': 4, 'L3_layers_mol': 2, 'L3_out_dim': 32, 'L3_dropout': 0.008238234939896921, 'n_mlp_layers': 3, 'mlp_dim_0': 312, 'mlp_dim_1': 288, 'mlp_dim_2': 440, 'num_heads': 1, 'final_dropout': 0.29294507907720413, 'train_learning_rate': 0.008611163017865568, 'train_lr_reduce': 0.6}. Best is trial 2072 with value: 0.009343244135379791.
[I 2024-12-26 18:32:49,680] Trial 2169 finished with value: 0.39833855628967285 and parameters: {'L1_hidden_dim': 144, 'L1_layers_atom': 3, 'L1_layers_mol': 2, 'L1_dropout': 0.2977911594823229, 'L1_out_dim': 80, 'L2_hidden_dim': 112, 'L2_layers_atom': 4, 'L2_layers_mol': 3, 'L2_out_dim': 64, 'L2_dropout': 0.006978886022698888, 'L3_hidden_dim': 128, 'L3_layers_atom': 3, 'L3_layers_mol': 2, 'L3_out_dim': 64, 'L3_dropout': 0.03344007349663636, 'n_mlp_layers': 2, 'mlp_dim_0': 416, 'mlp_dim_1': 512, 'num_heads': 2, 'final_dropout': 0.015939170151498094, 'train_learning_rate': 0.0015532312447104936, 'train_lr_reduce': 0.6}. Best is trial 2072 with value: 0.009343244135379791.
[I 2024-12-26 18:33:52,581] Trial 2167 finished with value: 0.010728349909186363 and parameters: {'L1_hidden_dim': 160, 'L1_layers_atom': 1, 'L1_layers_mol': 2, 'L1_dropout': 0.00794098920261799, 'L1_out_dim': 112, 'L2_hidden_dim': 144, 'L2_layers_atom': 2, 'L2_layers_mol': 4, 'L2_out_dim': 64, 'L2_dropout': 0.008294495695411994, 'L3_hidden_dim': 64, 'L3_layers_atom': 4, 'L3_layers_mol': 1, 'L3_out_dim': 96, 'L3_dropout': 0.08874255411056775, 'n_mlp_layers': 3, 'mlp_dim_0': 512, 'mlp_dim_1': 480, 'mlp_dim_2': 512, 'num_heads': 2, 'final_dropout': 0.056716642405891686, 'train_learning_rate': 0.0005065659973064412, 'train_lr_reduce': 0.6}. Best is trial 2072 with value: 0.009343244135379791.
[I 2024-12-26 18:34:30,473] Trial 2168 finished with value: 0.01841473951935768 and parameters: {'L1_hidden_dim': 80, 'L1_layers_atom': 2, 'L1_layers_mol': 2, 'L1_dropout': 0.12948513316307778, 'L1_out_dim': 80, 'L2_hidden_dim': 192, 'L2_layers_atom': 1, 'L2_layers_mol': 4, 'L2_out_dim': 96, 'L2_dropout': 0.050309934746715315, 'L3_hidden_dim': 48, 'L3_layers_atom': 3, 'L3_layers_mol': 1, 'L3_out_dim': 128, 'L3_dropout': 0.10817618037309921, 'n_mlp_layers': 2, 'mlp_dim_0': 400, 'mlp_dim_1': 248, 'num_heads': 2, 'final_dropout': 0.10463098481959227, 'train_learning_rate': 0.0012172019051945304, 'train_lr_reduce': 0.6}. Best is trial 2072 with value: 0.009343244135379791.
[I 2024-12-26 18:35:52,380] Trial 2170 finished with value: 0.13203652203083038 and parameters: {'L1_hidden_dim': 192, 'L1_layers_atom': 3, 'L1_layers_mol': 1, 'L1_dropout': 0.29639962759868677, 'L1_out_dim': 96, 'L2_hidden_dim': 64, 'L2_layers_atom': 4, 'L2_layers_mol': 2, 'L2_out_dim': 128, 'L2_dropout': 0.27523733211071344, 'L3_hidden_dim': 112, 'L3_layers_atom': 1, 'L3_layers_mol': 1, 'L3_out_dim': 96, 'L3_dropout': 0.10155817510263174, 'n_mlp_layers': 1, 'mlp_dim_0': 232, 'num_heads': 2, 'final_dropout': 0.25488652156962044, 'train_learning_rate': 0.0003986967006476464, 'train_lr_reduce': 0.6}. Best is trial 2072 with value: 0.009343244135379791.
[I 2024-12-26 18:36:06,889] Trial 2172 finished with value: 0.03440123796463013 and parameters: {'L1_hidden_dim': 224, 'L1_layers_atom': 4, 'L1_layers_mol': 1, 'L1_dropout': 0.17318698828300622, 'L1_out_dim': 96, 'L2_hidden_dim': 208, 'L2_layers_atom': 3, 'L2_layers_mol': 4, 'L2_out_dim': 48, 'L2_dropout': 0.2808538510972798, 'L3_hidden_dim': 96, 'L3_layers_atom': 2, 'L3_layers_mol': 2, 'L3_out_dim': 80, 'L3_dropout': 0.07163966476827059, 'n_mlp_layers': 2, 'mlp_dim_0': 312, 'mlp_dim_1': 320, 'num_heads': 2, 'final_dropout': 0.23304451273831173, 'train_learning_rate': 0.0034751432504306176, 'train_lr_reduce': 0.6}. Best is trial 2072 with value: 0.009343244135379791.
[I 2024-12-26 18:36:19,122] Trial 2171 finished with value: 0.011513778939843178 and parameters: {'L1_hidden_dim': 160, 'L1_layers_atom': 3, 'L1_layers_mol': 1, 'L1_dropout': 0.023962899350312584, 'L1_out_dim': 32, 'L2_hidden_dim': 240, 'L2_layers_atom': 1, 'L2_layers_mol': 2, 'L2_out_dim': 112, 'L2_dropout': 0.02362348966750877, 'L3_hidden_dim': 112, 'L3_layers_atom': 3, 'L3_layers_mol': 1, 'L3_out_dim': 112, 'L3_dropout': 0.08751363949064704, 'n_mlp_layers': 3, 'mlp_dim_0': 352, 'mlp_dim_1': 168, 'mlp_dim_2': 80, 'num_heads': 2, 'final_dropout': 0.13930077804042196, 'train_learning_rate': 0.0004784689637830574, 'train_lr_reduce': 0.6}. Best is trial 2072 with value: 0.009343244135379791.
[I 2024-12-26 18:38:23,190] Trial 2174 finished with value: 0.010266308672726154 and parameters: {'L1_hidden_dim': 128, 'L1_layers_atom': 1, 'L1_layers_mol': 1, 'L1_dropout': 0.09428130657225295, 'L1_out_dim': 80, 'L2_hidden_dim': 160, 'L2_layers_atom': 1, 'L2_layers_mol': 2, 'L2_out_dim': 128, 'L2_dropout': 0.0041170864373242, 'L3_hidden_dim': 112, 'L3_layers_atom': 3, 'L3_layers_mol': 1, 'L3_out_dim': 128, 'L3_dropout': 0.08101642203895104, 'n_mlp_layers': 3, 'mlp_dim_0': 152, 'mlp_dim_1': 272, 'mlp_dim_2': 368, 'num_heads': 2, 'final_dropout': 0.012219373454599319, 'train_learning_rate': 0.0008801877770467681, 'train_lr_reduce': 0.6}. Best is trial 2072 with value: 0.009343244135379791.
[I 2024-12-26 18:38:47,610] Trial 2173 finished with value: 0.013141910545527935 and parameters: {'L1_hidden_dim': 144, 'L1_layers_atom': 4, 'L1_layers_mol': 3, 'L1_dropout': 0.06289355826324515, 'L1_out_dim': 96, 'L2_hidden_dim': 176, 'L2_layers_atom': 2, 'L2_layers_mol': 4, 'L2_out_dim': 128, 'L2_dropout': 0.01671579332583195, 'L3_hidden_dim': 64, 'L3_layers_atom': 3, 'L3_layers_mol': 1, 'L3_out_dim': 112, 'L3_dropout': 0.009207606997043895, 'n_mlp_layers': 2, 'mlp_dim_0': 240, 'mlp_dim_1': 224, 'num_heads': 2, 'final_dropout': 0.13031057356119377, 'train_learning_rate': 0.001228697431615658, 'train_lr_reduce': 0.6}. Best is trial 2072 with value: 0.009343244135379791.
[I 2024-12-26 18:39:26,229] Trial 2175 finished with value: 0.012838843278586864 and parameters: {'L1_hidden_dim': 112, 'L1_layers_atom': 2, 'L1_layers_mol': 2, 'L1_dropout': 0.042596724359801746, 'L1_out_dim': 32, 'L2_hidden_dim': 224, 'L2_layers_atom': 1, 'L2_layers_mol': 4, 'L2_out_dim': 128, 'L2_dropout': 0.055611920178717675, 'L3_hidden_dim': 80, 'L3_layers_atom': 3, 'L3_layers_mol': 1, 'L3_out_dim': 128, 'L3_dropout': 0.054181449179791424, 'n_mlp_layers': 3, 'mlp_dim_0': 488, 'mlp_dim_1': 336, 'mlp_dim_2': 440, 'num_heads': 2, 'final_dropout': 0.07838204310068445, 'train_learning_rate': 0.00017349304747643998, 'train_lr_reduce': 0.6}. Best is trial 2072 with value: 0.009343244135379791.
[I 2024-12-26 18:40:30,711] Trial 2176 finished with value: 0.1135396957397461 and parameters: {'L1_hidden_dim': 208, 'L1_layers_atom': 4, 'L1_layers_mol': 3, 'L1_dropout': 0.12626059592607242, 'L1_out_dim': 64, 'L2_hidden_dim': 112, 'L2_layers_atom': 4, 'L2_layers_mol': 4, 'L2_out_dim': 32, 'L2_dropout': 0.2148677308165226, 'L3_hidden_dim': 32, 'L3_layers_atom': 3, 'L3_layers_mol': 3, 'L3_out_dim': 64, 'L3_dropout': 0.27947119206384846, 'n_mlp_layers': 1, 'mlp_dim_0': 152, 'num_heads': 2, 'final_dropout': 0.2575944019867742, 'train_learning_rate': 0.0005124881495739395, 'train_lr_reduce': 0.6}. Best is trial 2072 with value: 0.009343244135379791.
[I 2024-12-26 18:41:40,322] Trial 2177 finished with value: 0.012094393372535706 and parameters: {'L1_hidden_dim': 112, 'L1_layers_atom': 3, 'L1_layers_mol': 4, 'L1_dropout': 0.050791108577068575, 'L1_out_dim': 112, 'L2_hidden_dim': 240, 'L2_layers_atom': 1, 'L2_layers_mol': 4, 'L2_out_dim': 48, 'L2_dropout': 0.08426081383184367, 'L3_hidden_dim': 48, 'L3_layers_atom': 4, 'L3_layers_mol': 1, 'L3_out_dim': 96, 'L3_dropout': 0.1307012780934023, 'n_mlp_layers': 3, 'mlp_dim_0': 64, 'mlp_dim_1': 280, 'mlp_dim_2': 64, 'num_heads': 2, 'final_dropout': 0.19431929821567287, 'train_learning_rate': 0.0004956330460106776, 'train_lr_reduce': 0.6}. Best is trial 2072 with value: 0.009343244135379791.
[I 2024-12-26 18:42:43,254] Trial 2179 finished with value: 0.029284236952662468 and parameters: {'L1_hidden_dim': 80, 'L1_layers_atom': 2, 'L1_layers_mol': 3, 'L1_dropout': 0.2204493907679541, 'L1_out_dim': 80, 'L2_hidden_dim': 176, 'L2_layers_atom': 3, 'L2_layers_mol': 1, 'L2_out_dim': 96, 'L2_dropout': 0.13128646735034238, 'L3_hidden_dim': 128, 'L3_layers_atom': 1, 'L3_layers_mol': 4, 'L3_out_dim': 48, 'L3_dropout': 0.08585930949468547, 'n_mlp_layers': 1, 'mlp_dim_0': 472, 'num_heads': 2, 'final_dropout': 0.006073405005095012, 'train_learning_rate': 0.004107689859205619, 'train_lr_reduce': 0.6}. Best is trial 2072 with value: 0.009343244135379791.
[I 2024-12-26 18:43:00,613] Trial 2178 finished with value: 0.012308460660278797 and parameters: {'L1_hidden_dim': 208, 'L1_layers_atom': 2, 'L1_layers_mol': 1, 'L1_dropout': 0.006208629103233441, 'L1_out_dim': 128, 'L2_hidden_dim': 144, 'L2_layers_atom': 1, 'L2_layers_mol': 4, 'L2_out_dim': 96, 'L2_dropout': 0.026860288948613628, 'L3_hidden_dim': 48, 'L3_layers_atom': 4, 'L3_layers_mol': 1, 'L3_out_dim': 64, 'L3_dropout': 0.06387761896874902, 'n_mlp_layers': 3, 'mlp_dim_0': 488, 'mlp_dim_1': 448, 'mlp_dim_2': 480, 'num_heads': 2, 'final_dropout': 0.09518680484747155, 'train_learning_rate': 0.00018888607440255417, 'train_lr_reduce': 0.6}. Best is trial 2072 with value: 0.009343244135379791.
[I 2024-12-26 18:45:00,223] Trial 2181 finished with value: 0.04933580756187439 and parameters: {'L1_hidden_dim': 240, 'L1_layers_atom': 4, 'L1_layers_mol': 3, 'L1_dropout': 0.15028748324608102, 'L1_out_dim': 80, 'L2_hidden_dim': 208, 'L2_layers_atom': 1, 'L2_layers_mol': 1, 'L2_out_dim': 96, 'L2_dropout': 0.21415560093504044, 'L3_hidden_dim': 80, 'L3_layers_atom': 2, 'L3_layers_mol': 3, 'L3_out_dim': 64, 'L3_dropout': 0.1772807977656684, 'n_mlp_layers': 1, 'mlp_dim_0': 200, 'num_heads': 2, 'final_dropout': 0.09299331349294868, 'train_learning_rate': 0.00028211607298315186, 'train_lr_reduce': 0.6}. Best is trial 2072 with value: 0.009343244135379791.
[I 2024-12-26 18:45:17,360] Trial 2182 finished with value: 0.011197865009307861 and parameters: {'L1_hidden_dim': 64, 'L1_layers_atom': 3, 'L1_layers_mol': 1, 'L1_dropout': 0.003526921371305851, 'L1_out_dim': 32, 'L2_hidden_dim': 192, 'L2_layers_atom': 1, 'L2_layers_mol': 2, 'L2_out_dim': 80, 'L2_dropout': 0.003891517853328235, 'L3_hidden_dim': 112, 'L3_layers_atom': 2, 'L3_layers_mol': 1, 'L3_out_dim': 80, 'L3_dropout': 0.06954476164770643, 'n_mlp_layers': 2, 'mlp_dim_0': 336, 'mlp_dim_1': 232, 'num_heads': 2, 'final_dropout': 0.07194278545378044, 'train_learning_rate': 0.0009756631464146673, 'train_lr_reduce': 0.6}. Best is trial 2072 with value: 0.009343244135379791.
[I 2024-12-26 18:45:40,467] Trial 2180 finished with value: 0.03341677039861679 and parameters: {'L1_hidden_dim': 64, 'L1_layers_atom': 4, 'L1_layers_mol': 2, 'L1_dropout': 0.10717930043622916, 'L1_out_dim': 64, 'L2_hidden_dim': 176, 'L2_layers_atom': 1, 'L2_layers_mol': 3, 'L2_out_dim': 80, 'L2_dropout': 0.29655756166363745, 'L3_hidden_dim': 32, 'L3_layers_atom': 1, 'L3_layers_mol': 4, 'L3_out_dim': 112, 'L3_dropout': 0.23400616910072142, 'n_mlp_layers': 2, 'mlp_dim_0': 120, 'mlp_dim_1': 88, 'num_heads': 2, 'final_dropout': 0.23527269658479588, 'train_learning_rate': 0.009643398081077243, 'train_lr_reduce': 0.6}. Best is trial 2072 with value: 0.009343244135379791.
[I 2024-12-26 18:47:14,215] Trial 2183 finished with value: 0.009310361929237843 and parameters: {'L1_hidden_dim': 128, 'L1_layers_atom': 1, 'L1_layers_mol': 2, 'L1_dropout': 0.1754865680430191, 'L1_out_dim': 96, 'L2_hidden_dim': 160, 'L2_layers_atom': 1, 'L2_layers_mol': 2, 'L2_out_dim': 112, 'L2_dropout': 0.01672891581378514, 'L3_hidden_dim': 64, 'L3_layers_atom': 4, 'L3_layers_mol': 1, 'L3_out_dim': 128, 'L3_dropout': 0.054351217708931684, 'n_mlp_layers': 3, 'mlp_dim_0': 472, 'mlp_dim_1': 320, 'mlp_dim_2': 408, 'num_heads': 1, 'final_dropout': 0.06723591737052785, 'train_learning_rate': 0.0007211868844817635, 'train_lr_reduce': 0.6}. Best is trial 2183 with value: 0.009310361929237843.
[I 2024-12-26 18:47:36,141] Trial 2184 finished with value: 0.01683555729687214 and parameters: {'L1_hidden_dim': 96, 'L1_layers_atom': 4, 'L1_layers_mol': 1, 'L1_dropout': 0.02016327211694124, 'L1_out_dim': 64, 'L2_hidden_dim': 208, 'L2_layers_atom': 1, 'L2_layers_mol': 1, 'L2_out_dim': 48, 'L2_dropout': 0.04931608206358154, 'L3_hidden_dim': 48, 'L3_layers_atom': 1, 'L3_layers_mol': 1, 'L3_out_dim': 80, 'L3_dropout': 0.19592724683071971, 'n_mlp_layers': 3, 'mlp_dim_0': 448, 'mlp_dim_1': 456, 'mlp_dim_2': 352, 'num_heads': 2, 'final_dropout': 0.291637745600048, 'train_learning_rate': 0.00011884376855627381, 'train_lr_reduce': 0.6}. Best is trial 2183 with value: 0.009310361929237843.
[I 2024-12-26 18:48:24,474] Trial 2185 finished with value: 0.02076004445552826 and parameters: {'L1_hidden_dim': 80, 'L1_layers_atom': 3, 'L1_layers_mol': 2, 'L1_dropout': 0.0768352720668913, 'L1_out_dim': 32, 'L2_hidden_dim': 208, 'L2_layers_atom': 1, 'L2_layers_mol': 2, 'L2_out_dim': 96, 'L2_dropout': 0.010648211329580635, 'L3_hidden_dim': 80, 'L3_layers_atom': 3, 'L3_layers_mol': 1, 'L3_out_dim': 128, 'L3_dropout': 0.12430621253471001, 'n_mlp_layers': 2, 'mlp_dim_0': 416, 'mlp_dim_1': 184, 'num_heads': 2, 'final_dropout': 0.12102582050524392, 'train_learning_rate': 0.001958171152484877, 'train_lr_reduce': 0.6}. Best is trial 2183 with value: 0.009310361929237843.
[I 2024-12-26 18:49:33,388] Trial 2186 finished with value: 0.013674051500856876 and parameters: {'L1_hidden_dim': 144, 'L1_layers_atom': 1, 'L1_layers_mol': 1, 'L1_dropout': 0.26456935732719533, 'L1_out_dim': 96, 'L2_hidden_dim': 192, 'L2_layers_atom': 1, 'L2_layers_mol': 2, 'L2_out_dim': 128, 'L2_dropout': 0.03469142523931722, 'L3_hidden_dim': 32, 'L3_layers_atom': 4, 'L3_layers_mol': 1, 'L3_out_dim': 128, 'L3_dropout': 0.08027159511741999, 'n_mlp_layers': 2, 'mlp_dim_0': 384, 'mlp_dim_1': 352, 'num_heads': 1, 'final_dropout': 0.06812846585333276, 'train_learning_rate': 0.0007177128756290105, 'train_lr_reduce': 0.6}. Best is trial 2183 with value: 0.009310361929237843.
[I 2024-12-26 18:49:59,836] Trial 2187 finished with value: 0.011714261956512928 and parameters: {'L1_hidden_dim': 112, 'L1_layers_atom': 2, 'L1_layers_mol': 2, 'L1_dropout': 0.09228815490130958, 'L1_out_dim': 80, 'L2_hidden_dim': 176, 'L2_layers_atom': 1, 'L2_layers_mol': 2, 'L2_out_dim': 96, 'L2_dropout': 0.0022680093241818494, 'L3_hidden_dim': 80, 'L3_layers_atom': 4, 'L3_layers_mol': 2, 'L3_out_dim': 128, 'L3_dropout': 0.055034304796500684, 'n_mlp_layers': 3, 'mlp_dim_0': 384, 'mlp_dim_1': 352, 'mlp_dim_2': 384, 'num_heads': 1, 'final_dropout': 0.07421282515685117, 'train_learning_rate': 0.0011182411589130813, 'train_lr_reduce': 0.6}. Best is trial 2183 with value: 0.009310361929237843.
[I 2024-12-26 18:50:43,968] Trial 2188 finished with value: 0.013788084499537945 and parameters: {'L1_hidden_dim': 240, 'L1_layers_atom': 2, 'L1_layers_mol': 3, 'L1_dropout': 0.2035130347914336, 'L1_out_dim': 32, 'L2_hidden_dim': 112, 'L2_layers_atom': 1, 'L2_layers_mol': 1, 'L2_out_dim': 32, 'L2_dropout': 0.021297641841699223, 'L3_hidden_dim': 80, 'L3_layers_atom': 4, 'L3_layers_mol': 4, 'L3_out_dim': 80, 'L3_dropout': 0.28876998748733407, 'n_mlp_layers': 1, 'mlp_dim_0': 248, 'num_heads': 2, 'final_dropout': 0.29178864443568114, 'train_learning_rate': 0.0007861290284027464, 'train_lr_reduce': 0.6}. Best is trial 2183 with value: 0.009310361929237843.
[I 2024-12-26 18:52:03,951] Trial 2190 finished with value: 0.017566701397299767 and parameters: {'L1_hidden_dim': 96, 'L1_layers_atom': 1, 'L1_layers_mol': 3, 'L1_dropout': 0.18545206673656742, 'L1_out_dim': 128, 'L2_hidden_dim': 144, 'L2_layers_atom': 2, 'L2_layers_mol': 1, 'L2_out_dim': 128, 'L2_dropout': 0.07517257530846566, 'L3_hidden_dim': 48, 'L3_layers_atom': 4, 'L3_layers_mol': 2, 'L3_out_dim': 128, 'L3_dropout': 0.020665277977208053, 'n_mlp_layers': 3, 'mlp_dim_0': 464, 'mlp_dim_1': 336, 'mlp_dim_2': 400, 'num_heads': 1, 'final_dropout': 0.17830951328252853, 'train_learning_rate': 0.00021552396128611816, 'train_lr_reduce': 0.6}. Best is trial 2183 with value: 0.009310361929237843.
[I 2024-12-26 18:52:16,644] Trial 2189 finished with value: 0.011103547178208828 and parameters: {'L1_hidden_dim': 80, 'L1_layers_atom': 4, 'L1_layers_mol': 1, 'L1_dropout': 0.040160336763917746, 'L1_out_dim': 32, 'L2_hidden_dim': 224, 'L2_layers_atom': 2, 'L2_layers_mol': 2, 'L2_out_dim': 96, 'L2_dropout': 0.01900856323271212, 'L3_hidden_dim': 128, 'L3_layers_atom': 3, 'L3_layers_mol': 1, 'L3_out_dim': 96, 'L3_dropout': 0.13654928113267137, 'n_mlp_layers': 3, 'mlp_dim_0': 512, 'mlp_dim_1': 344, 'mlp_dim_2': 384, 'num_heads': 2, 'final_dropout': 0.03100417217503608, 'train_learning_rate': 0.0006169833999757638, 'train_lr_reduce': 0.6}. Best is trial 2183 with value: 0.009310361929237843.
[I 2024-12-26 18:53:30,142] Trial 2191 finished with value: 0.011810345575213432 and parameters: {'L1_hidden_dim': 80, 'L1_layers_atom': 1, 'L1_layers_mol': 2, 'L1_dropout': 0.0018761216418921867, 'L1_out_dim': 64, 'L2_hidden_dim': 240, 'L2_layers_atom': 1, 'L2_layers_mol': 3, 'L2_out_dim': 112, 'L2_dropout': 0.010118162390016392, 'L3_hidden_dim': 64, 'L3_layers_atom': 4, 'L3_layers_mol': 3, 'L3_out_dim': 128, 'L3_dropout': 0.09003186484280078, 'n_mlp_layers': 3, 'mlp_dim_0': 464, 'mlp_dim_1': 336, 'mlp_dim_2': 392, 'num_heads': 2, 'final_dropout': 0.13291599081840783, 'train_learning_rate': 0.00040363400966257634, 'train_lr_reduce': 0.6}. Best is trial 2183 with value: 0.009310361929237843.
[I 2024-12-26 18:54:03,342] Trial 2192 finished with value: 0.021672530099749565 and parameters: {'L1_hidden_dim': 80, 'L1_layers_atom': 3, 'L1_layers_mol': 4, 'L1_dropout': 0.23167393166918976, 'L1_out_dim': 128, 'L2_hidden_dim': 112, 'L2_layers_atom': 3, 'L2_layers_mol': 2, 'L2_out_dim': 96, 'L2_dropout': 0.2478707288820755, 'L3_hidden_dim': 32, 'L3_layers_atom': 4, 'L3_layers_mol': 1, 'L3_out_dim': 80, 'L3_dropout': 0.018317145276912028, 'n_mlp_layers': 2, 'mlp_dim_0': 240, 'mlp_dim_1': 376, 'num_heads': 1, 'final_dropout': 0.2538674905572931, 'train_learning_rate': 0.0070466629360889585, 'train_lr_reduce': 0.6}. Best is trial 2183 with value: 0.009310361929237843.
[I 2024-12-26 18:54:59,864] Trial 2193 finished with value: 0.010081362910568714 and parameters: {'L1_hidden_dim': 96, 'L1_layers_atom': 4, 'L1_layers_mol': 1, 'L1_dropout': 0.004271255116639422, 'L1_out_dim': 64, 'L2_hidden_dim': 240, 'L2_layers_atom': 1, 'L2_layers_mol': 2, 'L2_out_dim': 128, 'L2_dropout': 0.02832149500893367, 'L3_hidden_dim': 112, 'L3_layers_atom': 3, 'L3_layers_mol': 1, 'L3_out_dim': 128, 'L3_dropout': 0.13225076487491125, 'n_mlp_layers': 2, 'mlp_dim_0': 312, 'mlp_dim_1': 440, 'num_heads': 2, 'final_dropout': 0.16651141058908409, 'train_learning_rate': 0.00024950964794249255, 'train_lr_reduce': 0.6}. Best is trial 2183 with value: 0.009310361929237843.
[I 2024-12-26 18:55:19,417] Trial 2194 finished with value: 0.023022904992103577 and parameters: {'L1_hidden_dim': 128, 'L1_layers_atom': 2, 'L1_layers_mol': 1, 'L1_dropout': 0.24830074900945368, 'L1_out_dim': 64, 'L2_hidden_dim': 128, 'L2_layers_atom': 1, 'L2_layers_mol': 2, 'L2_out_dim': 128, 'L2_dropout': 0.15853314972842733, 'L3_hidden_dim': 64, 'L3_layers_atom': 4, 'L3_layers_mol': 1, 'L3_out_dim': 128, 'L3_dropout': 0.06135403598826828, 'n_mlp_layers': 3, 'mlp_dim_0': 400, 'mlp_dim_1': 136, 'mlp_dim_2': 392, 'num_heads': 1, 'final_dropout': 0.10402832062523973, 'train_learning_rate': 0.0009193156750339281, 'train_lr_reduce': 0.6}. Best is trial 2183 with value: 0.009310361929237843.
[I 2024-12-26 18:56:00,872] Trial 2195 finished with value: 0.010594580322504044 and parameters: {'L1_hidden_dim': 144, 'L1_layers_atom': 2, 'L1_layers_mol': 2, 'L1_dropout': 0.019350356802697404, 'L1_out_dim': 48, 'L2_hidden_dim': 192, 'L2_layers_atom': 3, 'L2_layers_mol': 2, 'L2_out_dim': 64, 'L2_dropout': 0.012365750888402943, 'L3_hidden_dim': 80, 'L3_layers_atom': 2, 'L3_layers_mol': 1, 'L3_out_dim': 112, 'L3_dropout': 0.07956630972017756, 'n_mlp_layers': 3, 'mlp_dim_0': 448, 'mlp_dim_1': 384, 'mlp_dim_2': 416, 'num_heads': 2, 'final_dropout': 0.13783558548188243, 'train_learning_rate': 0.001155177759198537, 'train_lr_reduce': 0.6}. Best is trial 2183 with value: 0.009310361929237843.
[I 2024-12-26 18:57:10,357] Trial 2196 finished with value: 0.018017401918768883 and parameters: {'L1_hidden_dim': 160, 'L1_layers_atom': 2, 'L1_layers_mol': 2, 'L1_dropout': 0.21412126943690524, 'L1_out_dim': 80, 'L2_hidden_dim': 176, 'L2_layers_atom': 2, 'L2_layers_mol': 2, 'L2_out_dim': 96, 'L2_dropout': 0.08683473982827761, 'L3_hidden_dim': 80, 'L3_layers_atom': 4, 'L3_layers_mol': 2, 'L3_out_dim': 112, 'L3_dropout': 0.04201698094219098, 'n_mlp_layers': 3, 'mlp_dim_0': 488, 'mlp_dim_1': 328, 'mlp_dim_2': 352, 'num_heads': 1, 'final_dropout': 0.027079861891359275, 'train_learning_rate': 0.001165487945682005, 'train_lr_reduce': 0.6}. Best is trial 2183 with value: 0.009310361929237843.
[I 2024-12-26 18:57:27,794] Trial 2197 finished with value: 0.009535232558846474 and parameters: {'L1_hidden_dim': 96, 'L1_layers_atom': 1, 'L1_layers_mol': 2, 'L1_dropout': 0.1963541107892812, 'L1_out_dim': 112, 'L2_hidden_dim': 160, 'L2_layers_atom': 1, 'L2_layers_mol': 2, 'L2_out_dim': 128, 'L2_dropout': 0.020279700693886946, 'L3_hidden_dim': 80, 'L3_layers_atom': 4, 'L3_layers_mol': 1, 'L3_out_dim': 112, 'L3_dropout': 0.14476500186396468, 'n_mlp_layers': 3, 'mlp_dim_0': 472, 'mlp_dim_1': 512, 'mlp_dim_2': 416, 'num_heads': 1, 'final_dropout': 0.12358974682206934, 'train_learning_rate': 0.0004634148028709404, 'train_lr_reduce': 0.6}. Best is trial 2183 with value: 0.009310361929237843.
