[I 2024-12-19 23:48:09,789] Trial 219 finished with value: 0.34523501992225647 and parameters: {'mlp_n_layers': 3, 'mlp_dim_00': 471, 'mlp_dim_01': 391, 'mlp_dim_02': 286, 'node_hidden_dim': 111, 'edge_hidden_dim': 69, 'depth': 1, 'rep_dropout': 0.018009047638280314, 'train_learning_rate': 0.0015853589407315292, 'train_lr_reduce': 0.6}. Best is trial 171 with value: 0.32629406452178955.
[I 2024-12-19 23:48:12,114] Trial 223 finished with value: 1.538169503211975 and parameters: {'mlp_n_layers': 4, 'mlp_dim_00': 383, 'mlp_dim_01': 348, 'mlp_dim_02': 278, 'mlp_dim_03': 310, 'node_hidden_dim': 125, 'edge_hidden_dim': 45, 'depth': 1, 'rep_dropout': 0.022491366446604013, 'train_learning_rate': 0.0010001428037696805, 'train_lr_reduce': 0.6}. Best is trial 171 with value: 0.32629406452178955.
[I 2024-12-19 23:48:13,607] Trial 224 finished with value: 1.5666515827178955 and parameters: {'mlp_n_layers': 3, 'mlp_dim_00': 324, 'mlp_dim_01': 414, 'mlp_dim_02': 246, 'node_hidden_dim': 126, 'edge_hidden_dim': 47, 'depth': 1, 'rep_dropout': 0.028861319293298108, 'train_learning_rate': 0.0005711415213989272, 'train_lr_reduce': 0.6}. Best is trial 171 with value: 0.32629406452178955.
[I 2024-12-19 23:48:15,551] Trial 225 finished with value: 1.5481040477752686 and parameters: {'mlp_n_layers': 4, 'mlp_dim_00': 367, 'mlp_dim_01': 401, 'mlp_dim_02': 289, 'mlp_dim_03': 224, 'node_hidden_dim': 105, 'edge_hidden_dim': 40, 'depth': 2, 'rep_dropout': 0.0009904084606474246, 'train_learning_rate': 0.0011262214827063102, 'train_lr_reduce': 0.6}. Best is trial 171 with value: 0.32629406452178955.
[I 2024-12-19 23:48:19,254] Trial 227 finished with value: 1.5691752433776855 and parameters: {'mlp_n_layers': 4, 'mlp_dim_00': 256, 'mlp_dim_01': 367, 'mlp_dim_02': 280, 'mlp_dim_03': 481, 'node_hidden_dim': 127, 'edge_hidden_dim': 40, 'depth': 2, 'rep_dropout': 0.06840234459737035, 'train_learning_rate': 0.0007183703415895789, 'train_lr_reduce': 0.6}. Best is trial 171 with value: 0.32629406452178955.
[I 2024-12-19 23:48:20,339] Trial 222 finished with value: 0.39900535345077515 and parameters: {'mlp_n_layers': 4, 'mlp_dim_00': 396, 'mlp_dim_01': 359, 'mlp_dim_02': 227, 'mlp_dim_03': 249, 'node_hidden_dim': 110, 'edge_hidden_dim': 55, 'depth': 1, 'rep_dropout': 0.01833145357176092, 'train_learning_rate': 0.001327907359611623, 'train_lr_reduce': 0.6}. Best is trial 171 with value: 0.32629406452178955.
[I 2024-12-19 23:48:24,196] Trial 229 finished with value: 1.5381779670715332 and parameters: {'mlp_n_layers': 3, 'mlp_dim_00': 487, 'mlp_dim_01': 411, 'mlp_dim_02': 284, 'node_hidden_dim': 81, 'edge_hidden_dim': 64, 'depth': 1, 'rep_dropout': 0.028995920649176138, 'train_learning_rate': 0.0016185757552385723, 'train_lr_reduce': 0.6}. Best is trial 171 with value: 0.32629406452178955.
[I 2024-12-19 23:48:25,885] Trial 228 finished with value: 1.226064920425415 and parameters: {'mlp_n_layers': 4, 'mlp_dim_00': 357, 'mlp_dim_01': 344, 'mlp_dim_02': 176, 'mlp_dim_03': 417, 'node_hidden_dim': 93, 'edge_hidden_dim': 42, 'depth': 1, 'rep_dropout': 0.0300332629705908, 'train_learning_rate': 0.0010649780702239383, 'train_lr_reduce': 0.6}. Best is trial 171 with value: 0.32629406452178955.
[I 2024-12-19 23:48:27,625] Trial 230 finished with value: 1.4144641160964966 and parameters: {'mlp_n_layers': 3, 'mlp_dim_00': 462, 'mlp_dim_01': 355, 'mlp_dim_02': 232, 'node_hidden_dim': 111, 'edge_hidden_dim': 97, 'depth': 1, 'rep_dropout': 0.01072794407374474, 'train_learning_rate': 0.0019199357121296018, 'train_lr_reduce': 0.6}. Best is trial 171 with value: 0.32629406452178955.
[I 2024-12-19 23:48:29,032] Trial 231 finished with value: 1.5730072259902954 and parameters: {'mlp_n_layers': 4, 'mlp_dim_00': 226, 'mlp_dim_01': 406, 'mlp_dim_02': 287, 'mlp_dim_03': 272, 'node_hidden_dim': 105, 'edge_hidden_dim': 34, 'depth': 1, 'rep_dropout': 0.09274151798264739, 'train_learning_rate': 0.0006344847755438707, 'train_lr_reduce': 0.6}. Best is trial 171 with value: 0.32629406452178955.
[I 2024-12-19 23:48:29,368] Trial 226 finished with value: 0.3793624937534332 and parameters: {'mlp_n_layers': 4, 'mlp_dim_00': 189, 'mlp_dim_01': 374, 'mlp_dim_02': 221, 'mlp_dim_03': 281, 'node_hidden_dim': 66, 'edge_hidden_dim': 33, 'depth': 1, 'rep_dropout': 0.027054298602007316, 'train_learning_rate': 0.002278402260130865, 'train_lr_reduce': 0.6}. Best is trial 171 with value: 0.32629406452178955.
[I 2024-12-19 23:48:31,010] Trial 232 finished with value: 1.2842308282852173 and parameters: {'mlp_n_layers': 1, 'mlp_dim_00': 375, 'node_hidden_dim': 38, 'edge_hidden_dim': 46, 'depth': 3, 'rep_dropout': 0.11300607421740275, 'train_learning_rate': 0.002428127350692256, 'train_lr_reduce': 0.6}. Best is trial 171 with value: 0.32629406452178955.
[I 2024-12-19 23:48:37,447] Trial 235 finished with value: 1.5772449970245361 and parameters: {'mlp_n_layers': 4, 'mlp_dim_00': 455, 'mlp_dim_01': 270, 'mlp_dim_02': 239, 'mlp_dim_03': 308, 'node_hidden_dim': 93, 'edge_hidden_dim': 38, 'depth': 4, 'rep_dropout': 0.041549290886259464, 'train_learning_rate': 0.00013473779338633453, 'train_lr_reduce': 0.6}. Best is trial 171 with value: 0.32629406452178955.
[I 2024-12-19 23:48:41,901] Trial 236 finished with value: 1.3083606958389282 and parameters: {'mlp_n_layers': 2, 'mlp_dim_00': 492, 'mlp_dim_01': 342, 'node_hidden_dim': 103, 'edge_hidden_dim': 75, 'depth': 2, 'rep_dropout': 0.030964951058515294, 'train_learning_rate': 0.0019445197547918339, 'train_lr_reduce': 0.6}. Best is trial 171 with value: 0.32629406452178955.
[I 2024-12-19 23:48:43,187] Trial 234 finished with value: 0.4265880584716797 and parameters: {'mlp_n_layers': 4, 'mlp_dim_00': 509, 'mlp_dim_01': 287, 'mlp_dim_02': 288, 'mlp_dim_03': 318, 'node_hidden_dim': 110, 'edge_hidden_dim': 57, 'depth': 1, 'rep_dropout': 0.05113307926474714, 'train_learning_rate': 0.0016800710020566092, 'train_lr_reduce': 0.6}. Best is trial 171 with value: 0.32629406452178955.
[I 2024-12-19 23:48:43,313] Trial 233 finished with value: 0.35286664962768555 and parameters: {'mlp_n_layers': 4, 'mlp_dim_00': 469, 'mlp_dim_01': 260, 'mlp_dim_02': 285, 'mlp_dim_03': 342, 'node_hidden_dim': 78, 'edge_hidden_dim': 59, 'depth': 1, 'rep_dropout': 0.027335744885320076, 'train_learning_rate': 0.0014584334533834337, 'train_lr_reduce': 0.6}. Best is trial 171 with value: 0.32629406452178955.
[I 2024-12-19 23:48:44,861] Trial 237 finished with value: 1.4813607931137085 and parameters: {'mlp_n_layers': 3, 'mlp_dim_00': 477, 'mlp_dim_01': 397, 'mlp_dim_02': 300, 'node_hidden_dim': 101, 'edge_hidden_dim': 69, 'depth': 1, 'rep_dropout': 0.013911908296295617, 'train_learning_rate': 0.000957484842809146, 'train_lr_reduce': 0.6}. Best is trial 171 with value: 0.32629406452178955.
[I 2024-12-19 23:48:46,723] Trial 239 finished with value: 1.5437318086624146 and parameters: {'mlp_n_layers': 4, 'mlp_dim_00': 459, 'mlp_dim_01': 268, 'mlp_dim_02': 299, 'mlp_dim_03': 376, 'node_hidden_dim': 67, 'edge_hidden_dim': 56, 'depth': 1, 'rep_dropout': 0.03674184135727094, 'train_learning_rate': 0.0015599131022822265, 'train_lr_reduce': 0.6}. Best is trial 171 with value: 0.32629406452178955.
[I 2024-12-19 23:48:48,503] Trial 240 finished with value: 1.5492318868637085 and parameters: {'mlp_n_layers': 4, 'mlp_dim_00': 127, 'mlp_dim_01': 322, 'mlp_dim_02': 227, 'mlp_dim_03': 219, 'node_hidden_dim': 122, 'edge_hidden_dim': 104, 'depth': 2, 'rep_dropout': 0.03125760320467547, 'train_learning_rate': 0.00020105898415936636, 'train_lr_reduce': 0.6}. Best is trial 171 with value: 0.32629406452178955.
[I 2024-12-19 23:48:50,187] Trial 241 finished with value: 1.5503385066986084 and parameters: {'mlp_n_layers': 4, 'mlp_dim_00': 363, 'mlp_dim_01': 262, 'mlp_dim_02': 303, 'mlp_dim_03': 289, 'node_hidden_dim': 110, 'edge_hidden_dim': 56, 'depth': 1, 'rep_dropout': 0.010474647759131418, 'train_learning_rate': 0.0008429988312579591, 'train_lr_reduce': 0.6}. Best is trial 171 with value: 0.32629406452178955.
[I 2024-12-19 23:49:02,433] Trial 242 finished with value: 0.41384217143058777 and parameters: {'mlp_n_layers': 3, 'mlp_dim_00': 429, 'mlp_dim_01': 438, 'mlp_dim_02': 244, 'node_hidden_dim': 125, 'edge_hidden_dim': 65, 'depth': 1, 'rep_dropout': 0.0004549630888269658, 'train_learning_rate': 0.001317442896545783, 'train_lr_reduce': 0.6}. Best is trial 171 with value: 0.32629406452178955.
[I 2024-12-19 23:49:03,268] Trial 243 finished with value: 0.49401888251304626 and parameters: {'mlp_n_layers': 3, 'mlp_dim_00': 475, 'mlp_dim_01': 252, 'mlp_dim_02': 293, 'node_hidden_dim': 100, 'edge_hidden_dim': 58, 'depth': 1, 'rep_dropout': 0.0048786398862358995, 'train_learning_rate': 0.0044693765157645905, 'train_lr_reduce': 0.6}. Best is trial 171 with value: 0.32629406452178955.
[I 2024-12-19 23:49:06,190] Trial 238 finished with value: 0.3379306197166443 and parameters: {'mlp_n_layers': 4, 'mlp_dim_00': 500, 'mlp_dim_01': 263, 'mlp_dim_02': 249, 'mlp_dim_03': 377, 'node_hidden_dim': 88, 'edge_hidden_dim': 66, 'depth': 1, 'rep_dropout': 0.015598723673573336, 'train_learning_rate': 0.0016590464463910755, 'train_lr_reduce': 0.6}. Best is trial 171 with value: 0.32629406452178955.
[I 2024-12-19 23:49:09,789] Trial 246 finished with value: 1.3049570322036743 and parameters: {'mlp_n_layers': 4, 'mlp_dim_00': 493, 'mlp_dim_01': 265, 'mlp_dim_02': 228, 'mlp_dim_03': 411, 'node_hidden_dim': 86, 'edge_hidden_dim': 72, 'depth': 1, 'rep_dropout': 0.0014110167518906875, 'train_learning_rate': 0.004119167634068673, 'train_lr_reduce': 0.6}. Best is trial 171 with value: 0.32629406452178955.
[I 2024-12-19 23:49:12,323] Trial 244 finished with value: 0.4315904676914215 and parameters: {'mlp_n_layers': 4, 'mlp_dim_00': 309, 'mlp_dim_01': 247, 'mlp_dim_02': 290, 'mlp_dim_03': 344, 'node_hidden_dim': 118, 'edge_hidden_dim': 58, 'depth': 1, 'rep_dropout': 0.019454560355677747, 'train_learning_rate': 0.001781132805924313, 'train_lr_reduce': 0.6}. Best is trial 171 with value: 0.32629406452178955.
[I 2024-12-19 23:49:14,691] Trial 245 finished with value: 0.4460054934024811 and parameters: {'mlp_n_layers': 4, 'mlp_dim_00': 487, 'mlp_dim_01': 320, 'mlp_dim_02': 299, 'mlp_dim_03': 334, 'node_hidden_dim': 78, 'edge_hidden_dim': 49, 'depth': 1, 'rep_dropout': 0.01747329814579822, 'train_learning_rate': 0.002218108973615569, 'train_lr_reduce': 0.6}. Best is trial 171 with value: 0.32629406452178955.
[I 2024-12-19 23:49:19,309] Trial 249 finished with value: 1.5217761993408203 and parameters: {'mlp_n_layers': 1, 'mlp_dim_00': 212, 'node_hidden_dim': 104, 'edge_hidden_dim': 117, 'depth': 3, 'rep_dropout': 0.007482976180412271, 'train_learning_rate': 0.00012193211404340718, 'train_lr_reduce': 0.6}. Best is trial 171 with value: 0.32629406452178955.
[I 2024-12-19 23:49:23,076] Trial 247 finished with value: 0.4042915999889374 and parameters: {'mlp_n_layers': 4, 'mlp_dim_00': 221, 'mlp_dim_01': 287, 'mlp_dim_02': 236, 'mlp_dim_03': 411, 'node_hidden_dim': 74, 'edge_hidden_dim': 33, 'depth': 1, 'rep_dropout': 0.0027065649786701404, 'train_learning_rate': 0.002107105190199223, 'train_lr_reduce': 0.6}. Best is trial 171 with value: 0.32629406452178955.
[I 2024-12-19 23:49:23,090] Trial 250 finished with value: 1.5729122161865234 and parameters: {'mlp_n_layers': 4, 'mlp_dim_00': 302, 'mlp_dim_01': 381, 'mlp_dim_02': 241, 'mlp_dim_03': 393, 'node_hidden_dim': 119, 'edge_hidden_dim': 47, 'depth': 1, 'rep_dropout': 0.0544066146495909, 'train_learning_rate': 0.0006133295789121251, 'train_lr_reduce': 0.6}. Best is trial 171 with value: 0.32629406452178955.
[I 2024-12-19 23:49:24,135] Trial 248 finished with value: 0.41356366872787476 and parameters: {'mlp_n_layers': 4, 'mlp_dim_00': 472, 'mlp_dim_01': 262, 'mlp_dim_02': 172, 'mlp_dim_03': 376, 'node_hidden_dim': 88, 'edge_hidden_dim': 84, 'depth': 1, 'rep_dropout': 0.02053568251208086, 'train_learning_rate': 0.0012506305634652813, 'train_lr_reduce': 0.6}. Best is trial 171 with value: 0.32629406452178955.
[I 2024-12-19 23:49:26,069] Trial 251 finished with value: 1.286950707435608 and parameters: {'mlp_n_layers': 4, 'mlp_dim_00': 489, 'mlp_dim_01': 314, 'mlp_dim_02': 251, 'mlp_dim_03': 178, 'node_hidden_dim': 53, 'edge_hidden_dim': 50, 'depth': 2, 'rep_dropout': 0.0113433373963072, 'train_learning_rate': 0.00916319709090206, 'train_lr_reduce': 0.6}. Best is trial 171 with value: 0.32629406452178955.
[I 2024-12-19 23:49:26,200] Trial 252 finished with value: 1.4974870681762695 and parameters: {'mlp_n_layers': 4, 'mlp_dim_00': 448, 'mlp_dim_01': 249, 'mlp_dim_02': 251, 'mlp_dim_03': 460, 'node_hidden_dim': 47, 'edge_hidden_dim': 33, 'depth': 2, 'rep_dropout': 0.00037344515672667854, 'train_learning_rate': 0.00200048632891564, 'train_lr_reduce': 0.6}. Best is trial 171 with value: 0.32629406452178955.
[I 2024-12-19 23:49:26,837] Trial 253 finished with value: 1.5236881971359253 and parameters: {'mlp_n_layers': 1, 'mlp_dim_00': 317, 'node_hidden_dim': 47, 'edge_hidden_dim': 91, 'depth': 1, 'rep_dropout': 0.05542170729081482, 'train_learning_rate': 0.00021906451453436424, 'train_lr_reduce': 0.6}. Best is trial 171 with value: 0.32629406452178955.
[I 2024-12-19 23:49:29,153] Trial 254 finished with value: 1.550469160079956 and parameters: {'mlp_n_layers': 4, 'mlp_dim_00': 495, 'mlp_dim_01': 509, 'mlp_dim_02': 194, 'mlp_dim_03': 258, 'node_hidden_dim': 71, 'edge_hidden_dim': 54, 'depth': 1, 'rep_dropout': 0.04793599753918929, 'train_learning_rate': 0.002586234121651632, 'train_lr_reduce': 0.6}. Best is trial 171 with value: 0.32629406452178955.
[I 2024-12-19 23:49:29,183] Trial 255 finished with value: 1.5561281442642212 and parameters: {'mlp_n_layers': 4, 'mlp_dim_00': 511, 'mlp_dim_01': 235, 'mlp_dim_02': 289, 'mlp_dim_03': 372, 'node_hidden_dim': 98, 'edge_hidden_dim': 38, 'depth': 1, 'rep_dropout': 0.04043794187775921, 'train_learning_rate': 0.0008826951054281225, 'train_lr_reduce': 0.6}. Best is trial 171 with value: 0.32629406452178955.
[I 2024-12-19 23:49:29,593] Trial 256 finished with value: 1.499133825302124 and parameters: {'mlp_n_layers': 2, 'mlp_dim_00': 509, 'mlp_dim_01': 379, 'node_hidden_dim': 41, 'edge_hidden_dim': 83, 'depth': 1, 'rep_dropout': 0.14611978582111615, 'train_learning_rate': 0.0005347540283867345, 'train_lr_reduce': 0.6}. Best is trial 171 with value: 0.32629406452178955.
[I 2024-12-19 23:49:33,006] Trial 257 finished with value: 1.5542362928390503 and parameters: {'mlp_n_layers': 2, 'mlp_dim_00': 490, 'mlp_dim_01': 250, 'node_hidden_dim': 39, 'edge_hidden_dim': 77, 'depth': 3, 'rep_dropout': 0.041213984203610554, 'train_learning_rate': 0.00041236526024545516, 'train_lr_reduce': 0.6}. Best is trial 171 with value: 0.32629406452178955.
[I 2024-12-19 23:49:33,283] Trial 259 finished with value: 1.4909685850143433 and parameters: {'mlp_n_layers': 3, 'mlp_dim_00': 491, 'mlp_dim_01': 408, 'mlp_dim_02': 310, 'node_hidden_dim': 32, 'edge_hidden_dim': 39, 'depth': 1, 'rep_dropout': 0.02257321124448819, 'train_learning_rate': 0.004004155428204577, 'train_lr_reduce': 0.6}. Best is trial 171 with value: 0.32629406452178955.
[I 2024-12-19 23:49:41,781] Trial 260 finished with value: 1.4271657466888428 and parameters: {'mlp_n_layers': 4, 'mlp_dim_00': 143, 'mlp_dim_01': 235, 'mlp_dim_02': 214, 'mlp_dim_03': 350, 'node_hidden_dim': 97, 'edge_hidden_dim': 86, 'depth': 4, 'rep_dropout': 0.10063308039241534, 'train_learning_rate': 0.0021328635003381737, 'train_lr_reduce': 0.6}. Best is trial 171 with value: 0.32629406452178955.
[I 2024-12-19 23:49:44,490] Trial 258 finished with value: 0.3613585829734802 and parameters: {'mlp_n_layers': 4, 'mlp_dim_00': 507, 'mlp_dim_01': 333, 'mlp_dim_02': 252, 'mlp_dim_03': 257, 'node_hidden_dim': 83, 'edge_hidden_dim': 57, 'depth': 1, 'rep_dropout': 0.028424813695659353, 'train_learning_rate': 0.0020393917945009206, 'train_lr_reduce': 0.6}. Best is trial 171 with value: 0.32629406452178955.
[I 2024-12-19 23:49:45,878] Trial 262 finished with value: 1.4265228509902954 and parameters: {'mlp_n_layers': 2, 'mlp_dim_00': 287, 'mlp_dim_01': 371, 'node_hidden_dim': 43, 'edge_hidden_dim': 107, 'depth': 3, 'rep_dropout': 0.03146619018417796, 'train_learning_rate': 0.005323292989226226, 'train_lr_reduce': 0.6}. Best is trial 171 with value: 0.32629406452178955.
[I 2024-12-19 23:49:47,923] Trial 263 finished with value: 1.5234463214874268 and parameters: {'mlp_n_layers': 2, 'mlp_dim_00': 95, 'mlp_dim_01': 324, 'node_hidden_dim': 82, 'edge_hidden_dim': 116, 'depth': 2, 'rep_dropout': 0.0631129246073871, 'train_learning_rate': 0.0020682403845079986, 'train_lr_reduce': 0.6}. Best is trial 171 with value: 0.32629406452178955.
[I 2024-12-19 23:49:51,696] Trial 264 finished with value: 1.3775821924209595 and parameters: {'mlp_n_layers': 4, 'mlp_dim_00': 384, 'mlp_dim_01': 335, 'mlp_dim_02': 238, 'mlp_dim_03': 258, 'node_hidden_dim': 83, 'edge_hidden_dim': 85, 'depth': 2, 'rep_dropout': 0.06448203565229547, 'train_learning_rate': 0.0015344794689075602, 'train_lr_reduce': 0.6}. Best is trial 171 with value: 0.32629406452178955.
[I 2024-12-19 23:49:51,962] Trial 265 finished with value: 1.5465950965881348 and parameters: {'mlp_n_layers': 4, 'mlp_dim_00': 511, 'mlp_dim_01': 328, 'mlp_dim_02': 235, 'mlp_dim_03': 265, 'node_hidden_dim': 89, 'edge_hidden_dim': 34, 'depth': 1, 'rep_dropout': 0.014990573594969036, 'train_learning_rate': 0.002062207227385057, 'train_lr_reduce': 0.6}. Best is trial 171 with value: 0.32629406452178955.
[I 2024-12-19 23:49:55,554] Trial 267 finished with value: 1.4274591207504272 and parameters: {'mlp_n_layers': 3, 'mlp_dim_00': 357, 'mlp_dim_01': 422, 'mlp_dim_02': 253, 'node_hidden_dim': 104, 'edge_hidden_dim': 65, 'depth': 1, 'rep_dropout': 0.04222239127500126, 'train_learning_rate': 0.001701183153597569, 'train_lr_reduce': 0.6}. Best is trial 171 with value: 0.32629406452178955.
[I 2024-12-19 23:49:59,730] Trial 268 finished with value: 1.4998451471328735 and parameters: {'mlp_n_layers': 4, 'mlp_dim_00': 430, 'mlp_dim_01': 302, 'mlp_dim_02': 254, 'mlp_dim_03': 245, 'node_hidden_dim': 63, 'edge_hidden_dim': 64, 'depth': 1, 'rep_dropout': 0.02782138106161, 'train_learning_rate': 0.0018832263804642545, 'train_lr_reduce': 0.6}. Best is trial 171 with value: 0.32629406452178955.
[I 2024-12-19 23:50:02,054] Trial 261 finished with value: 0.40289413928985596 and parameters: {'mlp_n_layers': 4, 'mlp_dim_00': 390, 'mlp_dim_01': 307, 'mlp_dim_02': 260, 'mlp_dim_03': 214, 'node_hidden_dim': 95, 'edge_hidden_dim': 40, 'depth': 1, 'rep_dropout': 0.0058284786322897394, 'train_learning_rate': 0.0012723484363864898, 'train_lr_reduce': 0.6}. Best is trial 171 with value: 0.32629406452178955.
[I 2024-12-19 23:50:05,184] Trial 266 finished with value: 0.3301169276237488 and parameters: {'mlp_n_layers': 3, 'mlp_dim_00': 395, 'mlp_dim_01': 361, 'mlp_dim_02': 166, 'node_hidden_dim': 124, 'edge_hidden_dim': 54, 'depth': 1, 'rep_dropout': 0.05509384648130926, 'train_learning_rate': 0.0014140805467643639, 'train_lr_reduce': 0.6}. Best is trial 171 with value: 0.32629406452178955.
[I 2024-12-19 23:50:06,346] Trial 270 finished with value: 1.4959921836853027 and parameters: {'mlp_n_layers': 1, 'mlp_dim_00': 146, 'node_hidden_dim': 55, 'edge_hidden_dim': 89, 'depth': 2, 'rep_dropout': 0.14512240033791887, 'train_learning_rate': 0.0002949242013800258, 'train_lr_reduce': 0.6}. Best is trial 171 with value: 0.32629406452178955.
[I 2024-12-19 23:50:19,791] Trial 269 finished with value: 0.32603323459625244 and parameters: {'mlp_n_layers': 4, 'mlp_dim_00': 448, 'mlp_dim_01': 374, 'mlp_dim_02': 218, 'mlp_dim_03': 284, 'node_hidden_dim': 96, 'edge_hidden_dim': 63, 'depth': 1, 'rep_dropout': 0.06256556555501945, 'train_learning_rate': 0.003030547818816737, 'train_lr_reduce': 0.6}. Best is trial 269 with value: 0.32603323459625244.
[I 2024-12-19 23:50:24,193] Trial 273 finished with value: 1.4120022058486938 and parameters: {'mlp_n_layers': 3, 'mlp_dim_00': 461, 'mlp_dim_01': 399, 'mlp_dim_02': 120, 'node_hidden_dim': 103, 'edge_hidden_dim': 54, 'depth': 1, 'rep_dropout': 0.08297919644221777, 'train_learning_rate': 0.0037561964359504037, 'train_lr_reduce': 0.6}. Best is trial 269 with value: 0.32603323459625244.
[I 2024-12-19 23:50:28,954] Trial 272 finished with value: 0.390027791261673 and parameters: {'mlp_n_layers': 3, 'mlp_dim_00': 393, 'mlp_dim_01': 368, 'mlp_dim_02': 103, 'node_hidden_dim': 120, 'edge_hidden_dim': 44, 'depth': 1, 'rep_dropout': 0.05969913818746002, 'train_learning_rate': 0.0013365361273819792, 'train_lr_reduce': 0.6}. Best is trial 269 with value: 0.32603323459625244.
[I 2024-12-19 23:50:30,304] Trial 271 finished with value: 0.3553464114665985 and parameters: {'mlp_n_layers': 4, 'mlp_dim_00': 394, 'mlp_dim_01': 361, 'mlp_dim_02': 165, 'mlp_dim_03': 215, 'node_hidden_dim': 116, 'edge_hidden_dim': 51, 'depth': 1, 'rep_dropout': 0.07345914660819156, 'train_learning_rate': 0.0007243841725807232, 'train_lr_reduce': 0.6}. Best is trial 269 with value: 0.32603323459625244.
[I 2024-12-19 23:50:37,813] Trial 275 finished with value: 1.269446849822998 and parameters: {'mlp_n_layers': 4, 'mlp_dim_00': 456, 'mlp_dim_01': 368, 'mlp_dim_02': 162, 'mlp_dim_03': 450, 'node_hidden_dim': 77, 'edge_hidden_dim': 55, 'depth': 1, 'rep_dropout': 0.028255266035043337, 'train_learning_rate': 0.000828530902045548, 'train_lr_reduce': 0.6}. Best is trial 269 with value: 0.32603323459625244.
[I 2024-12-19 23:50:42,244] Trial 274 finished with value: 0.3648153841495514 and parameters: {'mlp_n_layers': 4, 'mlp_dim_00': 290, 'mlp_dim_01': 307, 'mlp_dim_02': 178, 'mlp_dim_03': 195, 'node_hidden_dim': 101, 'edge_hidden_dim': 56, 'depth': 2, 'rep_dropout': 0.015409104826241025, 'train_learning_rate': 0.0019774860655404278, 'train_lr_reduce': 0.6}. Best is trial 269 with value: 0.32603323459625244.
