[I 2024-12-25 23:49:36,823] Trial 1247 finished with value: 0.07959859073162079 and parameters: {'L1_hidden_dim': 80, 'L1_layers_atom': 4, 'L1_layers_mol': 3, 'L1_dropout': 0.09068716855442342, 'L1_out_dim': 128, 'L2_hidden_dim': 224, 'L2_layers_atom': 2, 'L2_layers_mol': 4, 'L2_out_dim': 80, 'L2_dropout': 0.011460405045221677, 'L3_hidden_dim': 112, 'L3_layers_atom': 2, 'L3_layers_mol': 1, 'L3_out_dim': 112, 'L3_dropout': 0.028626726804912375, 'n_mlp_layers': 2, 'mlp_dim_0': 440, 'mlp_dim_1': 376, 'num_heads': 1, 'final_dropout': 0.05593434216376124, 'train_learning_rate': 0.0022044104180830543, 'train_lr_reduce': 0.6}. Best is trial 613 with value: 0.045173268765211105.
[I 2024-12-25 23:49:56,573] Trial 1250 finished with value: 0.8386746048927307 and parameters: {'L1_hidden_dim': 128, 'L1_layers_atom': 1, 'L1_layers_mol': 2, 'L1_dropout': 0.2679894204634, 'L1_out_dim': 80, 'L2_hidden_dim': 208, 'L2_layers_atom': 4, 'L2_layers_mol': 3, 'L2_out_dim': 112, 'L2_dropout': 0.11667450756669515, 'L3_hidden_dim': 112, 'L3_layers_atom': 3, 'L3_layers_mol': 1, 'L3_out_dim': 128, 'L3_dropout': 0.09949634206271254, 'n_mlp_layers': 3, 'mlp_dim_0': 376, 'mlp_dim_1': 296, 'mlp_dim_2': 80, 'num_heads': 1, 'final_dropout': 0.01664972704053981, 'train_learning_rate': 0.005027083181602013, 'train_lr_reduce': 0.6}. Best is trial 613 with value: 0.045173268765211105.
[I 2024-12-25 23:50:09,770] Trial 1249 finished with value: 0.09539191424846649 and parameters: {'L1_hidden_dim': 96, 'L1_layers_atom': 3, 'L1_layers_mol': 3, 'L1_dropout': 0.18668173118393463, 'L1_out_dim': 112, 'L2_hidden_dim': 176, 'L2_layers_atom': 2, 'L2_layers_mol': 4, 'L2_out_dim': 128, 'L2_dropout': 0.09423088932545474, 'L3_hidden_dim': 112, 'L3_layers_atom': 2, 'L3_layers_mol': 3, 'L3_out_dim': 112, 'L3_dropout': 0.2716447397217832, 'n_mlp_layers': 3, 'mlp_dim_0': 112, 'mlp_dim_1': 360, 'mlp_dim_2': 32, 'num_heads': 1, 'final_dropout': 0.1539129735309186, 'train_learning_rate': 0.0024540773133554447, 'train_lr_reduce': 0.6}. Best is trial 613 with value: 0.045173268765211105.
[I 2024-12-25 23:50:34,591] Trial 1248 finished with value: 0.06290809065103531 and parameters: {'L1_hidden_dim': 64, 'L1_layers_atom': 2, 'L1_layers_mol': 3, 'L1_dropout': 0.2209465009971495, 'L1_out_dim': 80, 'L2_hidden_dim': 176, 'L2_layers_atom': 4, 'L2_layers_mol': 3, 'L2_out_dim': 128, 'L2_dropout': 0.20776098397008297, 'L3_hidden_dim': 80, 'L3_layers_atom': 2, 'L3_layers_mol': 1, 'L3_out_dim': 128, 'L3_dropout': 0.07431705490620003, 'n_mlp_layers': 3, 'mlp_dim_0': 512, 'mlp_dim_1': 328, 'mlp_dim_2': 80, 'num_heads': 1, 'final_dropout': 0.058228250925714875, 'train_learning_rate': 0.0015526548743062859, 'train_lr_reduce': 0.6}. Best is trial 613 with value: 0.045173268765211105.
[I 2024-12-25 23:50:59,951] Trial 1253 finished with value: 1.1698107719421387 and parameters: {'L1_hidden_dim': 80, 'L1_layers_atom': 4, 'L1_layers_mol': 3, 'L1_dropout': 0.27184337434093786, 'L1_out_dim': 80, 'L2_hidden_dim': 192, 'L2_layers_atom': 4, 'L2_layers_mol': 3, 'L2_out_dim': 128, 'L2_dropout': 0.03778256767919741, 'L3_hidden_dim': 32, 'L3_layers_atom': 3, 'L3_layers_mol': 2, 'L3_out_dim': 48, 'L3_dropout': 0.29417568706007197, 'n_mlp_layers': 3, 'mlp_dim_0': 144, 'mlp_dim_1': 392, 'mlp_dim_2': 88, 'num_heads': 2, 'final_dropout': 0.10257816910648973, 'train_learning_rate': 0.00022563531482901035, 'train_lr_reduce': 0.6}. Best is trial 613 with value: 0.045173268765211105.
[I 2024-12-25 23:51:40,529] Trial 1252 finished with value: 0.05828062444925308 and parameters: {'L1_hidden_dim': 112, 'L1_layers_atom': 3, 'L1_layers_mol': 2, 'L1_dropout': 0.253893768093498, 'L1_out_dim': 80, 'L2_hidden_dim': 176, 'L2_layers_atom': 2, 'L2_layers_mol': 1, 'L2_out_dim': 112, 'L2_dropout': 0.03475446212019718, 'L3_hidden_dim': 112, 'L3_layers_atom': 4, 'L3_layers_mol': 1, 'L3_out_dim': 32, 'L3_dropout': 0.2896871336334422, 'n_mlp_layers': 2, 'mlp_dim_0': 64, 'mlp_dim_1': 280, 'num_heads': 2, 'final_dropout': 0.11927352424882431, 'train_learning_rate': 0.0015119787071192507, 'train_lr_reduce': 0.6}. Best is trial 613 with value: 0.045173268765211105.
[I 2024-12-25 23:51:54,638] Trial 1251 finished with value: 0.08829383552074432 and parameters: {'L1_hidden_dim': 144, 'L1_layers_atom': 4, 'L1_layers_mol': 3, 'L1_dropout': 0.2879417054023211, 'L1_out_dim': 80, 'L2_hidden_dim': 176, 'L2_layers_atom': 1, 'L2_layers_mol': 1, 'L2_out_dim': 128, 'L2_dropout': 0.22178851807365635, 'L3_hidden_dim': 128, 'L3_layers_atom': 3, 'L3_layers_mol': 2, 'L3_out_dim': 32, 'L3_dropout': 0.2962810916424071, 'n_mlp_layers': 2, 'mlp_dim_0': 112, 'mlp_dim_1': 368, 'num_heads': 2, 'final_dropout': 0.02368498906943268, 'train_learning_rate': 0.0034258665946472243, 'train_lr_reduce': 0.6}. Best is trial 613 with value: 0.045173268765211105.
[I 2024-12-25 23:52:33,700] Trial 1254 finished with value: 0.06661639362573624 and parameters: {'L1_hidden_dim': 64, 'L1_layers_atom': 3, 'L1_layers_mol': 3, 'L1_dropout': 0.29307867525648906, 'L1_out_dim': 80, 'L2_hidden_dim': 224, 'L2_layers_atom': 1, 'L2_layers_mol': 1, 'L2_out_dim': 128, 'L2_dropout': 0.01671074213363865, 'L3_hidden_dim': 80, 'L3_layers_atom': 3, 'L3_layers_mol': 2, 'L3_out_dim': 48, 'L3_dropout': 0.19243525642398246, 'n_mlp_layers': 2, 'mlp_dim_0': 176, 'mlp_dim_1': 384, 'num_heads': 2, 'final_dropout': 0.10527772097693265, 'train_learning_rate': 0.0007608686698485403, 'train_lr_reduce': 0.6}. Best is trial 613 with value: 0.045173268765211105.
[I 2024-12-25 23:52:54,348] Trial 1255 finished with value: 0.0705283135175705 and parameters: {'L1_hidden_dim': 128, 'L1_layers_atom': 4, 'L1_layers_mol': 1, 'L1_dropout': 0.19955629772452352, 'L1_out_dim': 80, 'L2_hidden_dim': 176, 'L2_layers_atom': 1, 'L2_layers_mol': 1, 'L2_out_dim': 96, 'L2_dropout': 0.10121626219203089, 'L3_hidden_dim': 112, 'L3_layers_atom': 4, 'L3_layers_mol': 1, 'L3_out_dim': 48, 'L3_dropout': 0.29750586569297666, 'n_mlp_layers': 2, 'mlp_dim_0': 88, 'mlp_dim_1': 264, 'num_heads': 2, 'final_dropout': 0.0873852728339244, 'train_learning_rate': 0.0005440171358364243, 'train_lr_reduce': 0.6}. Best is trial 613 with value: 0.045173268765211105.
[I 2024-12-25 23:53:11,561] Trial 1256 finished with value: 0.0702192559838295 and parameters: {'L1_hidden_dim': 112, 'L1_layers_atom': 3, 'L1_layers_mol': 2, 'L1_dropout': 0.2911611962366666, 'L1_out_dim': 48, 'L2_hidden_dim': 160, 'L2_layers_atom': 2, 'L2_layers_mol': 1, 'L2_out_dim': 80, 'L2_dropout': 0.0384545212812116, 'L3_hidden_dim': 112, 'L3_layers_atom': 4, 'L3_layers_mol': 2, 'L3_out_dim': 32, 'L3_dropout': 0.19511049523282956, 'n_mlp_layers': 3, 'mlp_dim_0': 160, 'mlp_dim_1': 264, 'mlp_dim_2': 32, 'num_heads': 2, 'final_dropout': 0.1974348135970584, 'train_learning_rate': 0.0011603880375585902, 'train_lr_reduce': 0.6}. Best is trial 613 with value: 0.045173268765211105.
[I 2024-12-25 23:53:43,339] Trial 1257 finished with value: 0.08990954607725143 and parameters: {'L1_hidden_dim': 64, 'L1_layers_atom': 4, 'L1_layers_mol': 3, 'L1_dropout': 0.291835151290656, 'L1_out_dim': 96, 'L2_hidden_dim': 224, 'L2_layers_atom': 2, 'L2_layers_mol': 1, 'L2_out_dim': 128, 'L2_dropout': 0.04557766707474167, 'L3_hidden_dim': 96, 'L3_layers_atom': 4, 'L3_layers_mol': 1, 'L3_out_dim': 48, 'L3_dropout': 0.2525974149068768, 'n_mlp_layers': 2, 'mlp_dim_0': 96, 'mlp_dim_1': 272, 'num_heads': 2, 'final_dropout': 0.07532629341081917, 'train_learning_rate': 0.003947024287414063, 'train_lr_reduce': 0.6}. Best is trial 613 with value: 0.045173268765211105.
[I 2024-12-25 23:54:07,550] Trial 1258 finished with value: 0.10613774508237839 and parameters: {'L1_hidden_dim': 96, 'L1_layers_atom': 3, 'L1_layers_mol': 2, 'L1_dropout': 0.2704084099639355, 'L1_out_dim': 96, 'L2_hidden_dim': 176, 'L2_layers_atom': 2, 'L2_layers_mol': 1, 'L2_out_dim': 128, 'L2_dropout': 0.028365031873642137, 'L3_hidden_dim': 128, 'L3_layers_atom': 4, 'L3_layers_mol': 2, 'L3_out_dim': 48, 'L3_dropout': 0.20135326944857745, 'n_mlp_layers': 2, 'mlp_dim_0': 280, 'mlp_dim_1': 272, 'num_heads': 1, 'final_dropout': 0.0969592120143961, 'train_learning_rate': 0.001499167301995437, 'train_lr_reduce': 0.6}. Best is trial 613 with value: 0.045173268765211105.
[I 2024-12-25 23:55:19,984] Trial 1260 finished with value: 0.09265568852424622 and parameters: {'L1_hidden_dim': 80, 'L1_layers_atom': 4, 'L1_layers_mol': 2, 'L1_dropout': 0.21814770538340938, 'L1_out_dim': 32, 'L2_hidden_dim': 160, 'L2_layers_atom': 3, 'L2_layers_mol': 3, 'L2_out_dim': 32, 'L2_dropout': 0.06012051075170713, 'L3_hidden_dim': 32, 'L3_layers_atom': 2, 'L3_layers_mol': 4, 'L3_out_dim': 96, 'L3_dropout': 0.001606560372408544, 'n_mlp_layers': 3, 'mlp_dim_0': 392, 'mlp_dim_1': 280, 'mlp_dim_2': 368, 'num_heads': 1, 'final_dropout': 0.09694525599874335, 'train_learning_rate': 0.0017312289472034262, 'train_lr_reduce': 0.6}. Best is trial 613 with value: 0.045173268765211105.
[I 2024-12-25 23:55:25,341] Trial 1259 finished with value: 0.06296254694461823 and parameters: {'L1_hidden_dim': 64, 'L1_layers_atom': 4, 'L1_layers_mol': 3, 'L1_dropout': 0.28074733380893574, 'L1_out_dim': 96, 'L2_hidden_dim': 160, 'L2_layers_atom': 4, 'L2_layers_mol': 3, 'L2_out_dim': 96, 'L2_dropout': 0.1037648013353213, 'L3_hidden_dim': 80, 'L3_layers_atom': 3, 'L3_layers_mol': 1, 'L3_out_dim': 48, 'L3_dropout': 0.18507644008261287, 'n_mlp_layers': 2, 'mlp_dim_0': 88, 'mlp_dim_1': 304, 'num_heads': 2, 'final_dropout': 0.11382706330133137, 'train_learning_rate': 0.0011003139244622714, 'train_lr_reduce': 0.6}. Best is trial 613 with value: 0.045173268765211105.
[I 2024-12-25 23:55:39,566] Trial 1261 finished with value: 0.10612200200557709 and parameters: {'L1_hidden_dim': 160, 'L1_layers_atom': 4, 'L1_layers_mol': 2, 'L1_dropout': 0.28080346534538747, 'L1_out_dim': 64, 'L2_hidden_dim': 192, 'L2_layers_atom': 1, 'L2_layers_mol': 3, 'L2_out_dim': 128, 'L2_dropout': 0.0036895640599450066, 'L3_hidden_dim': 96, 'L3_layers_atom': 4, 'L3_layers_mol': 2, 'L3_out_dim': 32, 'L3_dropout': 0.2762280407223459, 'n_mlp_layers': 2, 'mlp_dim_0': 72, 'mlp_dim_1': 256, 'num_heads': 2, 'final_dropout': 0.1015263255704119, 'train_learning_rate': 0.0007937437423075254, 'train_lr_reduce': 0.6}. Best is trial 613 with value: 0.045173268765211105.
[I 2024-12-25 23:56:47,391] Trial 1263 finished with value: 0.07630310207605362 and parameters: {'L1_hidden_dim': 96, 'L1_layers_atom': 2, 'L1_layers_mol': 4, 'L1_dropout': 0.17796117026432695, 'L1_out_dim': 80, 'L2_hidden_dim': 240, 'L2_layers_atom': 1, 'L2_layers_mol': 3, 'L2_out_dim': 112, 'L2_dropout': 0.15660214013760884, 'L3_hidden_dim': 96, 'L3_layers_atom': 4, 'L3_layers_mol': 2, 'L3_out_dim': 112, 'L3_dropout': 0.2988742293708555, 'n_mlp_layers': 3, 'mlp_dim_0': 168, 'mlp_dim_1': 272, 'mlp_dim_2': 472, 'num_heads': 1, 'final_dropout': 0.04146209873035511, 'train_learning_rate': 0.002667414363121069, 'train_lr_reduce': 0.6}. Best is trial 613 with value: 0.045173268765211105.
[I 2024-12-25 23:56:47,549] Trial 1262 finished with value: 0.09292986243963242 and parameters: {'L1_hidden_dim': 80, 'L1_layers_atom': 3, 'L1_layers_mol': 4, 'L1_dropout': 0.2564060103141368, 'L1_out_dim': 96, 'L2_hidden_dim': 208, 'L2_layers_atom': 1, 'L2_layers_mol': 1, 'L2_out_dim': 128, 'L2_dropout': 0.09271772448068598, 'L3_hidden_dim': 96, 'L3_layers_atom': 2, 'L3_layers_mol': 1, 'L3_out_dim': 48, 'L3_dropout': 0.29103123432436556, 'n_mlp_layers': 2, 'mlp_dim_0': 40, 'mlp_dim_1': 280, 'num_heads': 2, 'final_dropout': 0.06186566204475332, 'train_learning_rate': 0.005075109480539394, 'train_lr_reduce': 0.6}. Best is trial 613 with value: 0.045173268765211105.
[I 2024-12-25 23:56:55,419] Trial 1264 finished with value: 0.061862651258707047 and parameters: {'L1_hidden_dim': 80, 'L1_layers_atom': 4, 'L1_layers_mol': 3, 'L1_dropout': 0.29847963712404985, 'L1_out_dim': 112, 'L2_hidden_dim': 144, 'L2_layers_atom': 1, 'L2_layers_mol': 1, 'L2_out_dim': 128, 'L2_dropout': 0.007625663386847432, 'L3_hidden_dim': 96, 'L3_layers_atom': 3, 'L3_layers_mol': 2, 'L3_out_dim': 48, 'L3_dropout': 0.2692395647186176, 'n_mlp_layers': 2, 'mlp_dim_0': 56, 'mlp_dim_1': 288, 'num_heads': 2, 'final_dropout': 0.02932933356689338, 'train_learning_rate': 0.0012559762770511472, 'train_lr_reduce': 0.6}. Best is trial 613 with value: 0.045173268765211105.
[I 2024-12-25 23:58:03,754] Trial 1265 finished with value: 0.10640141367912292 and parameters: {'L1_hidden_dim': 112, 'L1_layers_atom': 3, 'L1_layers_mol': 2, 'L1_dropout': 0.23168577601451068, 'L1_out_dim': 48, 'L2_hidden_dim': 192, 'L2_layers_atom': 2, 'L2_layers_mol': 2, 'L2_out_dim': 112, 'L2_dropout': 0.03189390792747089, 'L3_hidden_dim': 128, 'L3_layers_atom': 3, 'L3_layers_mol': 2, 'L3_out_dim': 64, 'L3_dropout': 0.2782296496130094, 'n_mlp_layers': 2, 'mlp_dim_0': 64, 'mlp_dim_1': 312, 'num_heads': 2, 'final_dropout': 0.08841188405467025, 'train_learning_rate': 0.001035706897392256, 'train_lr_reduce': 0.6}. Best is trial 613 with value: 0.045173268765211105.
[I 2024-12-25 23:58:27,456] Trial 1267 finished with value: 0.0784224197268486 and parameters: {'L1_hidden_dim': 64, 'L1_layers_atom': 1, 'L1_layers_mol': 2, 'L1_dropout': 0.27084257200490996, 'L1_out_dim': 80, 'L2_hidden_dim': 256, 'L2_layers_atom': 4, 'L2_layers_mol': 4, 'L2_out_dim': 128, 'L2_dropout': 0.11608183349912873, 'L3_hidden_dim': 96, 'L3_layers_atom': 2, 'L3_layers_mol': 1, 'L3_out_dim': 128, 'L3_dropout': 0.13786989070019295, 'n_mlp_layers': 3, 'mlp_dim_0': 376, 'mlp_dim_1': 312, 'mlp_dim_2': 32, 'num_heads': 1, 'final_dropout': 0.024518432515973285, 'train_learning_rate': 0.002332408139110125, 'train_lr_reduce': 0.6}. Best is trial 613 with value: 0.045173268765211105.
[I 2024-12-25 23:59:07,188] Trial 1266 finished with value: 0.06229065731167793 and parameters: {'L1_hidden_dim': 64, 'L1_layers_atom': 3, 'L1_layers_mol': 3, 'L1_dropout': 0.27710912297597007, 'L1_out_dim': 64, 'L2_hidden_dim': 160, 'L2_layers_atom': 2, 'L2_layers_mol': 2, 'L2_out_dim': 128, 'L2_dropout': 0.019281569248897353, 'L3_hidden_dim': 112, 'L3_layers_atom': 4, 'L3_layers_mol': 1, 'L3_out_dim': 48, 'L3_dropout': 0.2995835088389016, 'n_mlp_layers': 2, 'mlp_dim_0': 120, 'mlp_dim_1': 264, 'num_heads': 2, 'final_dropout': 0.21804610965936796, 'train_learning_rate': 0.0020746305134856985, 'train_lr_reduce': 0.6}. Best is trial 613 with value: 0.045173268765211105.
[I 2024-12-25 23:59:23,308] Trial 1268 finished with value: 0.07889542728662491 and parameters: {'L1_hidden_dim': 64, 'L1_layers_atom': 1, 'L1_layers_mol': 1, 'L1_dropout': 0.2180208922995869, 'L1_out_dim': 80, 'L2_hidden_dim': 224, 'L2_layers_atom': 4, 'L2_layers_mol': 3, 'L2_out_dim': 112, 'L2_dropout': 0.1192521528410541, 'L3_hidden_dim': 96, 'L3_layers_atom': 2, 'L3_layers_mol': 2, 'L3_out_dim': 128, 'L3_dropout': 0.09551186732002268, 'n_mlp_layers': 3, 'mlp_dim_0': 512, 'mlp_dim_1': 304, 'mlp_dim_2': 72, 'num_heads': 1, 'final_dropout': 0.027585404816790254, 'train_learning_rate': 0.0016662643080886696, 'train_lr_reduce': 0.6}. Best is trial 613 with value: 0.045173268765211105.
[I 2024-12-26 00:00:17,559] Trial 1270 finished with value: 0.08619970828294754 and parameters: {'L1_hidden_dim': 112, 'L1_layers_atom': 4, 'L1_layers_mol': 3, 'L1_dropout': 0.25926194806782493, 'L1_out_dim': 80, 'L2_hidden_dim': 160, 'L2_layers_atom': 1, 'L2_layers_mol': 1, 'L2_out_dim': 112, 'L2_dropout': 0.111662475278413, 'L3_hidden_dim': 112, 'L3_layers_atom': 3, 'L3_layers_mol': 1, 'L3_out_dim': 64, 'L3_dropout': 0.18956659847933882, 'n_mlp_layers': 3, 'mlp_dim_0': 88, 'mlp_dim_1': 328, 'mlp_dim_2': 72, 'num_heads': 2, 'final_dropout': 0.033728297842931784, 'train_learning_rate': 0.0035807662014705026, 'train_lr_reduce': 0.6}. Best is trial 613 with value: 0.045173268765211105.
[I 2024-12-26 00:00:33,489] Trial 1269 finished with value: 0.0949651226401329 and parameters: {'L1_hidden_dim': 112, 'L1_layers_atom': 4, 'L1_layers_mol': 3, 'L1_dropout': 0.2489868492747047, 'L1_out_dim': 96, 'L2_hidden_dim': 256, 'L2_layers_atom': 1, 'L2_layers_mol': 1, 'L2_out_dim': 112, 'L2_dropout': 0.021161769903586355, 'L3_hidden_dim': 64, 'L3_layers_atom': 3, 'L3_layers_mol': 1, 'L3_out_dim': 64, 'L3_dropout': 0.29543363516637516, 'n_mlp_layers': 1, 'mlp_dim_0': 72, 'num_heads': 2, 'final_dropout': 0.02912167363553038, 'train_learning_rate': 0.0015929766435745848, 'train_lr_reduce': 0.6}. Best is trial 613 with value: 0.045173268765211105.
[I 2024-12-26 00:00:37,798] Trial 1271 finished with value: 0.07169663906097412 and parameters: {'L1_hidden_dim': 112, 'L1_layers_atom': 3, 'L1_layers_mol': 2, 'L1_dropout': 0.23826624096255505, 'L1_out_dim': 112, 'L2_hidden_dim': 192, 'L2_layers_atom': 2, 'L2_layers_mol': 1, 'L2_out_dim': 112, 'L2_dropout': 0.08562124797064122, 'L3_hidden_dim': 112, 'L3_layers_atom': 3, 'L3_layers_mol': 2, 'L3_out_dim': 32, 'L3_dropout': 0.2902367769790425, 'n_mlp_layers': 2, 'mlp_dim_0': 80, 'mlp_dim_1': 280, 'num_heads': 2, 'final_dropout': 0.1915370050196633, 'train_learning_rate': 0.00133396092128239, 'train_lr_reduce': 0.6}. Best is trial 613 with value: 0.045173268765211105.
[I 2024-12-26 00:01:52,908] Trial 1272 finished with value: 0.07316021621227264 and parameters: {'L1_hidden_dim': 192, 'L1_layers_atom': 3, 'L1_layers_mol': 1, 'L1_dropout': 0.29774857575919933, 'L1_out_dim': 64, 'L2_hidden_dim': 96, 'L2_layers_atom': 2, 'L2_layers_mol': 2, 'L2_out_dim': 96, 'L2_dropout': 0.030282997339207834, 'L3_hidden_dim': 96, 'L3_layers_atom': 4, 'L3_layers_mol': 1, 'L3_out_dim': 48, 'L3_dropout': 0.2668740259054053, 'n_mlp_layers': 2, 'mlp_dim_0': 120, 'mlp_dim_1': 320, 'num_heads': 2, 'final_dropout': 0.15912105073188068, 'train_learning_rate': 0.0004611141413645805, 'train_lr_reduce': 0.6}. Best is trial 613 with value: 0.045173268765211105.
[I 2024-12-26 00:01:58,823] Trial 1274 finished with value: 0.07721756398677826 and parameters: {'L1_hidden_dim': 112, 'L1_layers_atom': 3, 'L1_layers_mol': 3, 'L1_dropout': 0.23393456846952698, 'L1_out_dim': 80, 'L2_hidden_dim': 192, 'L2_layers_atom': 1, 'L2_layers_mol': 1, 'L2_out_dim': 112, 'L2_dropout': 0.07143652241404783, 'L3_hidden_dim': 80, 'L3_layers_atom': 3, 'L3_layers_mol': 1, 'L3_out_dim': 32, 'L3_dropout': 0.2773637790468056, 'n_mlp_layers': 2, 'mlp_dim_0': 96, 'mlp_dim_1': 264, 'num_heads': 2, 'final_dropout': 0.046349750741050966, 'train_learning_rate': 0.0008660530865283315, 'train_lr_reduce': 0.6}. Best is trial 613 with value: 0.045173268765211105.
[I 2024-12-26 00:02:11,423] Trial 1273 finished with value: 0.08601387590169907 and parameters: {'L1_hidden_dim': 128, 'L1_layers_atom': 1, 'L1_layers_mol': 2, 'L1_dropout': 0.2587954997474151, 'L1_out_dim': 64, 'L2_hidden_dim': 240, 'L2_layers_atom': 4, 'L2_layers_mol': 3, 'L2_out_dim': 112, 'L2_dropout': 0.1806561810588847, 'L3_hidden_dim': 64, 'L3_layers_atom': 4, 'L3_layers_mol': 1, 'L3_out_dim': 128, 'L3_dropout': 0.052041395453286815, 'n_mlp_layers': 3, 'mlp_dim_0': 488, 'mlp_dim_1': 320, 'mlp_dim_2': 432, 'num_heads': 1, 'final_dropout': 0.0005537360861804412, 'train_learning_rate': 0.0011687702716093541, 'train_lr_reduce': 0.6}. Best is trial 613 with value: 0.045173268765211105.
[I 2024-12-26 00:03:02,043] Trial 1275 finished with value: 0.0656849667429924 and parameters: {'L1_hidden_dim': 64, 'L1_layers_atom': 1, 'L1_layers_mol': 2, 'L1_dropout': 0.26314754794860457, 'L1_out_dim': 64, 'L2_hidden_dim': 160, 'L2_layers_atom': 4, 'L2_layers_mol': 3, 'L2_out_dim': 128, 'L2_dropout': 0.08207559334745292, 'L3_hidden_dim': 128, 'L3_layers_atom': 2, 'L3_layers_mol': 2, 'L3_out_dim': 112, 'L3_dropout': 0.11870224515139813, 'n_mlp_layers': 3, 'mlp_dim_0': 488, 'mlp_dim_1': 328, 'mlp_dim_2': 32, 'num_heads': 1, 'final_dropout': 0.04954279678914877, 'train_learning_rate': 0.001884150731163956, 'train_lr_reduce': 0.6}. Best is trial 613 with value: 0.045173268765211105.
[I 2024-12-26 00:03:47,292] Trial 1277 finished with value: 0.10092731565237045 and parameters: {'L1_hidden_dim': 112, 'L1_layers_atom': 3, 'L1_layers_mol': 1, 'L1_dropout': 0.18103830976804305, 'L1_out_dim': 96, 'L2_hidden_dim': 240, 'L2_layers_atom': 4, 'L2_layers_mol': 1, 'L2_out_dim': 112, 'L2_dropout': 0.057728764329612436, 'L3_hidden_dim': 80, 'L3_layers_atom': 3, 'L3_layers_mol': 1, 'L3_out_dim': 80, 'L3_dropout': 0.28426123688728366, 'n_mlp_layers': 2, 'mlp_dim_0': 264, 'mlp_dim_1': 336, 'num_heads': 1, 'final_dropout': 0.012437956819398459, 'train_learning_rate': 0.0019348070165247967, 'train_lr_reduce': 0.6}. Best is trial 613 with value: 0.045173268765211105.
[I 2024-12-26 00:04:36,904] Trial 1279 finished with value: 0.0908036082983017 and parameters: {'L1_hidden_dim': 80, 'L1_layers_atom': 1, 'L1_layers_mol': 3, 'L1_dropout': 0.19131831797015542, 'L1_out_dim': 112, 'L2_hidden_dim': 224, 'L2_layers_atom': 1, 'L2_layers_mol': 3, 'L2_out_dim': 128, 'L2_dropout': 0.10431708465475424, 'L3_hidden_dim': 112, 'L3_layers_atom': 4, 'L3_layers_mol': 1, 'L3_out_dim': 80, 'L3_dropout': 0.2658772461508638, 'n_mlp_layers': 3, 'mlp_dim_0': 96, 'mlp_dim_1': 248, 'mlp_dim_2': 80, 'num_heads': 1, 'final_dropout': 0.0848180064133081, 'train_learning_rate': 0.0030282342948562847, 'train_lr_reduce': 0.6}. Best is trial 613 with value: 0.045173268765211105.
[I 2024-12-26 00:04:37,891] Trial 1276 finished with value: 0.14496557414531708 and parameters: {'L1_hidden_dim': 208, 'L1_layers_atom': 3, 'L1_layers_mol': 1, 'L1_dropout': 0.2148864446830347, 'L1_out_dim': 128, 'L2_hidden_dim': 96, 'L2_layers_atom': 1, 'L2_layers_mol': 4, 'L2_out_dim': 80, 'L2_dropout': 0.10216843113368095, 'L3_hidden_dim': 96, 'L3_layers_atom': 4, 'L3_layers_mol': 3, 'L3_out_dim': 128, 'L3_dropout': 0.18073098266770926, 'n_mlp_layers': 2, 'mlp_dim_0': 328, 'mlp_dim_1': 272, 'num_heads': 2, 'final_dropout': 0.19935829918973058, 'train_learning_rate': 0.00018089415550103657, 'train_lr_reduce': 0.6}. Best is trial 613 with value: 0.045173268765211105.
