[I 2024-12-20 00:21:14,765] Trial 887 finished with value: 1.2719942331314087 and parameters: {'mlp_n_layers': 3, 'mlp_dim_00': 378, 'mlp_dim_01': 290, 'mlp_dim_02': 370, 'node_hidden_dim': 123, 'edge_hidden_dim': 53, 'depth': 1, 'rep_dropout': 0.03384191449099662, 'train_learning_rate': 0.006115139607112236, 'train_lr_reduce': 0.6}. Best is trial 558 with value: 0.30280801653862.
[I 2024-12-20 00:21:16,896] Trial 886 finished with value: 0.47084861993789673 and parameters: {'mlp_n_layers': 4, 'mlp_dim_00': 338, 'mlp_dim_01': 475, 'mlp_dim_02': 312, 'mlp_dim_03': 413, 'node_hidden_dim': 127, 'edge_hidden_dim': 44, 'depth': 1, 'rep_dropout': 0.03167686367529929, 'train_learning_rate': 0.0025239299783654484, 'train_lr_reduce': 0.6}. Best is trial 558 with value: 0.30280801653862.
[I 2024-12-20 00:21:36,518] Trial 888 finished with value: 0.43587011098861694 and parameters: {'mlp_n_layers': 4, 'mlp_dim_00': 426, 'mlp_dim_01': 310, 'mlp_dim_02': 304, 'mlp_dim_03': 448, 'node_hidden_dim': 115, 'edge_hidden_dim': 44, 'depth': 1, 'rep_dropout': 0.04574088881696495, 'train_learning_rate': 0.007129366855398289, 'train_lr_reduce': 0.6}. Best is trial 558 with value: 0.30280801653862.
[I 2024-12-20 00:21:38,421] Trial 885 finished with value: 0.40714961290359497 and parameters: {'mlp_n_layers': 4, 'mlp_dim_00': 418, 'mlp_dim_01': 510, 'mlp_dim_02': 346, 'mlp_dim_03': 428, 'node_hidden_dim': 128, 'edge_hidden_dim': 33, 'depth': 1, 'rep_dropout': 0.027939493497053054, 'train_learning_rate': 0.0021259402543178994, 'train_lr_reduce': 0.6}. Best is trial 558 with value: 0.30280801653862.
[I 2024-12-20 00:21:42,371] Trial 891 finished with value: 1.560383915901184 and parameters: {'mlp_n_layers': 4, 'mlp_dim_00': 279, 'mlp_dim_01': 269, 'mlp_dim_02': 320, 'mlp_dim_03': 471, 'node_hidden_dim': 109, 'edge_hidden_dim': 64, 'depth': 2, 'rep_dropout': 0.07335685600047473, 'train_learning_rate': 0.0004769373066535668, 'train_lr_reduce': 0.6}. Best is trial 558 with value: 0.30280801653862.
[I 2024-12-20 00:21:46,605] Trial 892 finished with value: 1.5475201606750488 and parameters: {'mlp_n_layers': 4, 'mlp_dim_00': 429, 'mlp_dim_01': 322, 'mlp_dim_02': 287, 'mlp_dim_03': 430, 'node_hidden_dim': 121, 'edge_hidden_dim': 50, 'depth': 2, 'rep_dropout': 0.05054974029947425, 'train_learning_rate': 0.0010036179962223933, 'train_lr_reduce': 0.6}. Best is trial 558 with value: 0.30280801653862.
[I 2024-12-20 00:21:48,874] Trial 889 finished with value: 0.3597010672092438 and parameters: {'mlp_n_layers': 4, 'mlp_dim_00': 212, 'mlp_dim_01': 218, 'mlp_dim_02': 357, 'mlp_dim_03': 393, 'node_hidden_dim': 50, 'edge_hidden_dim': 54, 'depth': 1, 'rep_dropout': 0.004359712347818567, 'train_learning_rate': 0.007719001733242844, 'train_lr_reduce': 0.6}. Best is trial 558 with value: 0.30280801653862.
[I 2024-12-20 00:21:52,968] Trial 890 finished with value: 0.36056122183799744 and parameters: {'mlp_n_layers': 4, 'mlp_dim_00': 347, 'mlp_dim_01': 319, 'mlp_dim_02': 401, 'mlp_dim_03': 382, 'node_hidden_dim': 107, 'edge_hidden_dim': 75, 'depth': 1, 'rep_dropout': 0.03848786229892698, 'train_learning_rate': 0.0010073043955833177, 'train_lr_reduce': 0.6}. Best is trial 558 with value: 0.30280801653862.
[I 2024-12-20 00:21:53,219] Trial 894 finished with value: 1.3907891511917114 and parameters: {'mlp_n_layers': 2, 'mlp_dim_00': 456, 'mlp_dim_01': 312, 'node_hidden_dim': 100, 'edge_hidden_dim': 121, 'depth': 4, 'rep_dropout': 0.0723866076056624, 'train_learning_rate': 0.00789439507754288, 'train_lr_reduce': 0.6}. Best is trial 558 with value: 0.30280801653862.
[I 2024-12-20 00:21:57,239] Trial 896 finished with value: 1.2933781147003174 and parameters: {'mlp_n_layers': 1, 'mlp_dim_00': 498, 'node_hidden_dim': 87, 'edge_hidden_dim': 117, 'depth': 4, 'rep_dropout': 0.03033457074104942, 'train_learning_rate': 0.0006462487556790879, 'train_lr_reduce': 0.6}. Best is trial 558 with value: 0.30280801653862.
[I 2024-12-20 00:22:04,342] Trial 893 finished with value: 0.4030797481536865 and parameters: {'mlp_n_layers': 4, 'mlp_dim_00': 149, 'mlp_dim_01': 461, 'mlp_dim_02': 370, 'mlp_dim_03': 357, 'node_hidden_dim': 62, 'edge_hidden_dim': 41, 'depth': 1, 'rep_dropout': 0.0705329932924067, 'train_learning_rate': 0.004942291367719648, 'train_lr_reduce': 0.6}. Best is trial 558 with value: 0.30280801653862.
[I 2024-12-20 00:22:04,665] Trial 897 finished with value: 1.3454631567001343 and parameters: {'mlp_n_layers': 3, 'mlp_dim_00': 318, 'mlp_dim_01': 469, 'mlp_dim_02': 443, 'node_hidden_dim': 70, 'edge_hidden_dim': 85, 'depth': 4, 'rep_dropout': 0.061429003160089514, 'train_learning_rate': 0.0006199775054455074, 'train_lr_reduce': 0.6}. Best is trial 558 with value: 0.30280801653862.
[I 2024-12-20 00:22:07,990] Trial 898 finished with value: 1.2898212671279907 and parameters: {'mlp_n_layers': 1, 'mlp_dim_00': 316, 'node_hidden_dim': 110, 'edge_hidden_dim': 124, 'depth': 2, 'rep_dropout': 0.03233668428118812, 'train_learning_rate': 0.004429976402037163, 'train_lr_reduce': 0.6}. Best is trial 558 with value: 0.30280801653862.
[I 2024-12-20 00:22:12,657] Trial 900 finished with value: 1.5421570539474487 and parameters: {'mlp_n_layers': 4, 'mlp_dim_00': 361, 'mlp_dim_01': 334, 'mlp_dim_02': 389, 'mlp_dim_03': 479, 'node_hidden_dim': 116, 'edge_hidden_dim': 53, 'depth': 1, 'rep_dropout': 0.027203872003052146, 'train_learning_rate': 0.0009126712567055674, 'train_lr_reduce': 0.6}. Best is trial 558 with value: 0.30280801653862.
[I 2024-12-20 00:22:15,319] Trial 895 finished with value: 0.46969836950302124 and parameters: {'mlp_n_layers': 4, 'mlp_dim_00': 293, 'mlp_dim_01': 264, 'mlp_dim_02': 338, 'mlp_dim_03': 303, 'node_hidden_dim': 79, 'edge_hidden_dim': 43, 'depth': 1, 'rep_dropout': 0.04444602759238654, 'train_learning_rate': 0.0034773867714902066, 'train_lr_reduce': 0.6}. Best is trial 558 with value: 0.30280801653862.
[I 2024-12-20 00:22:16,796] Trial 901 finished with value: 1.5770164728164673 and parameters: {'mlp_n_layers': 4, 'mlp_dim_00': 358, 'mlp_dim_01': 235, 'mlp_dim_02': 325, 'mlp_dim_03': 345, 'node_hidden_dim': 120, 'edge_hidden_dim': 68, 'depth': 1, 'rep_dropout': 0.04751235702724646, 'train_learning_rate': 0.00045481460669413997, 'train_lr_reduce': 0.6}. Best is trial 558 with value: 0.30280801653862.
[I 2024-12-20 00:22:18,875] Trial 902 finished with value: 1.579289197921753 and parameters: {'mlp_n_layers': 4, 'mlp_dim_00': 336, 'mlp_dim_01': 446, 'mlp_dim_02': 295, 'mlp_dim_03': 427, 'node_hidden_dim': 104, 'edge_hidden_dim': 79, 'depth': 2, 'rep_dropout': 0.0511629713174934, 'train_learning_rate': 0.0005045630630961927, 'train_lr_reduce': 0.6}. Best is trial 558 with value: 0.30280801653862.
[I 2024-12-20 00:22:22,580] Trial 904 finished with value: 1.3020703792572021 and parameters: {'mlp_n_layers': 4, 'mlp_dim_00': 348, 'mlp_dim_01': 284, 'mlp_dim_02': 268, 'mlp_dim_03': 381, 'node_hidden_dim': 107, 'edge_hidden_dim': 33, 'depth': 1, 'rep_dropout': 0.03716342506787431, 'train_learning_rate': 0.004890289809827912, 'train_lr_reduce': 0.6}. Best is trial 558 with value: 0.30280801653862.
[I 2024-12-20 00:22:23,303] Trial 899 finished with value: 0.43171176314353943 and parameters: {'mlp_n_layers': 4, 'mlp_dim_00': 398, 'mlp_dim_01': 332, 'mlp_dim_02': 270, 'mlp_dim_03': 402, 'node_hidden_dim': 106, 'edge_hidden_dim': 49, 'depth': 1, 'rep_dropout': 0.015200015493414983, 'train_learning_rate': 0.0019206918203041577, 'train_lr_reduce': 0.6}. Best is trial 558 with value: 0.30280801653862.
[I 2024-12-20 00:22:27,617] Trial 906 finished with value: 1.2822022438049316 and parameters: {'mlp_n_layers': 4, 'mlp_dim_00': 402, 'mlp_dim_01': 334, 'mlp_dim_02': 334, 'mlp_dim_03': 327, 'node_hidden_dim': 123, 'edge_hidden_dim': 47, 'depth': 1, 'rep_dropout': 0.03135754793884571, 'train_learning_rate': 0.0052820326788554275, 'train_lr_reduce': 0.6}. Best is trial 558 with value: 0.30280801653862.
[I 2024-12-20 00:22:31,823] Trial 903 finished with value: 0.386329710483551 and parameters: {'mlp_n_layers': 4, 'mlp_dim_00': 332, 'mlp_dim_01': 337, 'mlp_dim_02': 359, 'mlp_dim_03': 298, 'node_hidden_dim': 102, 'edge_hidden_dim': 64, 'depth': 1, 'rep_dropout': 0.06078687603388304, 'train_learning_rate': 0.001557565385665217, 'train_lr_reduce': 0.6}. Best is trial 558 with value: 0.30280801653862.
[I 2024-12-20 00:22:34,613] Trial 907 finished with value: 1.3635063171386719 and parameters: {'mlp_n_layers': 3, 'mlp_dim_00': 306, 'mlp_dim_01': 351, 'mlp_dim_02': 148, 'node_hidden_dim': 125, 'edge_hidden_dim': 54, 'depth': 2, 'rep_dropout': 0.0491378462382185, 'train_learning_rate': 0.001453179197267083, 'train_lr_reduce': 0.6}. Best is trial 558 with value: 0.30280801653862.
[I 2024-12-20 00:22:35,617] Trial 908 finished with value: 1.2976840734481812 and parameters: {'mlp_n_layers': 4, 'mlp_dim_00': 194, 'mlp_dim_01': 289, 'mlp_dim_02': 255, 'mlp_dim_03': 390, 'node_hidden_dim': 75, 'edge_hidden_dim': 74, 'depth': 1, 'rep_dropout': 0.0208455144048362, 'train_learning_rate': 0.005723135787464231, 'train_lr_reduce': 0.6}. Best is trial 558 with value: 0.30280801653862.
[I 2024-12-20 00:22:39,771] Trial 910 finished with value: 1.583602786064148 and parameters: {'mlp_n_layers': 3, 'mlp_dim_00': 317, 'mlp_dim_01': 134, 'mlp_dim_02': 74, 'node_hidden_dim': 108, 'edge_hidden_dim': 94, 'depth': 1, 'rep_dropout': 0.0372912018814607, 'train_learning_rate': 0.0004179752676309281, 'train_lr_reduce': 0.6}. Best is trial 558 with value: 0.30280801653862.
[I 2024-12-20 00:22:48,280] Trial 909 finished with value: 0.429135262966156 and parameters: {'mlp_n_layers': 4, 'mlp_dim_00': 375, 'mlp_dim_01': 477, 'mlp_dim_02': 309, 'mlp_dim_03': 285, 'node_hidden_dim': 99, 'edge_hidden_dim': 63, 'depth': 1, 'rep_dropout': 0.06800887201329932, 'train_learning_rate': 0.003643004659597077, 'train_lr_reduce': 0.6}. Best is trial 558 with value: 0.30280801653862.
[I 2024-12-20 00:22:51,659] Trial 905 finished with value: 0.397941917181015 and parameters: {'mlp_n_layers': 4, 'mlp_dim_00': 363, 'mlp_dim_01': 429, 'mlp_dim_02': 394, 'mlp_dim_03': 442, 'node_hidden_dim': 114, 'edge_hidden_dim': 38, 'depth': 1, 'rep_dropout': 0.010877534063180368, 'train_learning_rate': 0.002185080711315388, 'train_lr_reduce': 0.6}. Best is trial 558 with value: 0.30280801653862.
[I 2024-12-20 00:22:54,606] Trial 912 finished with value: 1.5071653127670288 and parameters: {'mlp_n_layers': 4, 'mlp_dim_00': 445, 'mlp_dim_01': 356, 'mlp_dim_02': 355, 'mlp_dim_03': 355, 'node_hidden_dim': 103, 'edge_hidden_dim': 42, 'depth': 2, 'rep_dropout': 0.013938655913285894, 'train_learning_rate': 0.003494424733982001, 'train_lr_reduce': 0.6}. Best is trial 558 with value: 0.30280801653862.
[I 2024-12-20 00:22:56,494] Trial 913 finished with value: 1.5192934274673462 and parameters: {'mlp_n_layers': 1, 'mlp_dim_00': 252, 'node_hidden_dim': 92, 'edge_hidden_dim': 69, 'depth': 4, 'rep_dropout': 0.03601866169191881, 'train_learning_rate': 0.00010614333472934822, 'train_lr_reduce': 0.6}. Best is trial 558 with value: 0.30280801653862.
[I 2024-12-20 00:23:01,824] Trial 915 finished with value: 1.3277220726013184 and parameters: {'mlp_n_layers': 1, 'mlp_dim_00': 356, 'node_hidden_dim': 95, 'edge_hidden_dim': 82, 'depth': 4, 'rep_dropout': 0.007126947681147258, 'train_learning_rate': 0.002104362612055018, 'train_lr_reduce': 0.6}. Best is trial 558 with value: 0.30280801653862.
[I 2024-12-20 00:23:05,750] Trial 911 finished with value: 0.36153075098991394 and parameters: {'mlp_n_layers': 4, 'mlp_dim_00': 318, 'mlp_dim_01': 430, 'mlp_dim_02': 399, 'mlp_dim_03': 470, 'node_hidden_dim': 127, 'edge_hidden_dim': 50, 'depth': 1, 'rep_dropout': 0.001971448054473663, 'train_learning_rate': 0.0007052211073416557, 'train_lr_reduce': 0.6}. Best is trial 558 with value: 0.30280801653862.
[I 2024-12-20 00:23:05,959] Trial 916 finished with value: 1.5539065599441528 and parameters: {'mlp_n_layers': 3, 'mlp_dim_00': 431, 'mlp_dim_01': 205, 'mlp_dim_02': 186, 'node_hidden_dim': 125, 'edge_hidden_dim': 52, 'depth': 1, 'rep_dropout': 0.05000203198979912, 'train_learning_rate': 0.000851284284913701, 'train_lr_reduce': 0.6}. Best is trial 558 with value: 0.30280801653862.
[I 2024-12-20 00:23:08,361] Trial 914 finished with value: 0.39573267102241516 and parameters: {'mlp_n_layers': 4, 'mlp_dim_00': 350, 'mlp_dim_01': 316, 'mlp_dim_02': 261, 'mlp_dim_03': 417, 'node_hidden_dim': 124, 'edge_hidden_dim': 67, 'depth': 1, 'rep_dropout': 0.05274639819819319, 'train_learning_rate': 0.0007174470398285892, 'train_lr_reduce': 0.6}. Best is trial 558 with value: 0.30280801653862.
[I 2024-12-20 00:23:10,757] Trial 918 finished with value: 1.49008309841156 and parameters: {'mlp_n_layers': 4, 'mlp_dim_00': 299, 'mlp_dim_01': 362, 'mlp_dim_02': 459, 'mlp_dim_03': 293, 'node_hidden_dim': 63, 'edge_hidden_dim': 45, 'depth': 1, 'rep_dropout': 0.02923106342259442, 'train_learning_rate': 0.006530795578829192, 'train_lr_reduce': 0.6}. Best is trial 558 with value: 0.30280801653862.
[I 2024-12-20 00:23:14,998] Trial 920 finished with value: 1.5104953050613403 and parameters: {'mlp_n_layers': 2, 'mlp_dim_00': 285, 'mlp_dim_01': 335, 'node_hidden_dim': 93, 'edge_hidden_dim': 73, 'depth': 1, 'rep_dropout': 0.044781495392751315, 'train_learning_rate': 0.000986340909446103, 'train_lr_reduce': 0.6}. Best is trial 558 with value: 0.30280801653862.
[I 2024-12-20 00:23:19,563] Trial 919 finished with value: 0.4223077893257141 and parameters: {'mlp_n_layers': 4, 'mlp_dim_00': 349, 'mlp_dim_01': 267, 'mlp_dim_02': 349, 'mlp_dim_03': 359, 'node_hidden_dim': 103, 'edge_hidden_dim': 73, 'depth': 1, 'rep_dropout': 3.770258195677587e-05, 'train_learning_rate': 0.001479717768740381, 'train_lr_reduce': 0.6}. Best is trial 558 with value: 0.30280801653862.
[I 2024-12-20 00:23:22,877] Trial 917 finished with value: 0.3883986473083496 and parameters: {'mlp_n_layers': 3, 'mlp_dim_00': 311, 'mlp_dim_01': 423, 'mlp_dim_02': 307, 'node_hidden_dim': 118, 'edge_hidden_dim': 60, 'depth': 1, 'rep_dropout': 0.030748501185407624, 'train_learning_rate': 0.0013687257963321039, 'train_lr_reduce': 0.6}. Best is trial 558 with value: 0.30280801653862.
[I 2024-12-20 00:23:25,393] Trial 921 finished with value: 1.4358389377593994 and parameters: {'mlp_n_layers': 2, 'mlp_dim_00': 233, 'mlp_dim_01': 395, 'node_hidden_dim': 95, 'edge_hidden_dim': 102, 'depth': 3, 'rep_dropout': 0.13659343986568495, 'train_learning_rate': 0.0005116625719360285, 'train_lr_reduce': 0.6}. Best is trial 558 with value: 0.30280801653862.
[I 2024-12-20 00:23:26,559] Trial 923 finished with value: 1.509831190109253 and parameters: {'mlp_n_layers': 3, 'mlp_dim_00': 277, 'mlp_dim_01': 363, 'mlp_dim_02': 408, 'node_hidden_dim': 113, 'edge_hidden_dim': 73, 'depth': 2, 'rep_dropout': 0.002236680716336821, 'train_learning_rate': 0.000990259416850551, 'train_lr_reduce': 0.6}. Best is trial 558 with value: 0.30280801653862.
[I 2024-12-20 00:23:28,750] Trial 924 finished with value: 1.3409905433654785 and parameters: {'mlp_n_layers': 2, 'mlp_dim_00': 490, 'mlp_dim_01': 476, 'node_hidden_dim': 94, 'edge_hidden_dim': 126, 'depth': 1, 'rep_dropout': 0.10768019334708431, 'train_learning_rate': 0.004626099891587563, 'train_lr_reduce': 0.6}. Best is trial 558 with value: 0.30280801653862.
[I 2024-12-20 00:23:30,971] Trial 922 finished with value: 0.3937655985355377 and parameters: {'mlp_n_layers': 4, 'mlp_dim_00': 180, 'mlp_dim_01': 306, 'mlp_dim_02': 119, 'mlp_dim_03': 433, 'node_hidden_dim': 67, 'edge_hidden_dim': 33, 'depth': 1, 'rep_dropout': 0.03450514661085481, 'train_learning_rate': 0.003121299743905099, 'train_lr_reduce': 0.6}. Best is trial 558 with value: 0.30280801653862.
[I 2024-12-20 00:23:33,242] Trial 926 finished with value: 1.2921693325042725 and parameters: {'mlp_n_layers': 4, 'mlp_dim_00': 355, 'mlp_dim_01': 333, 'mlp_dim_02': 182, 'mlp_dim_03': 274, 'node_hidden_dim': 122, 'edge_hidden_dim': 49, 'depth': 1, 'rep_dropout': 0.0186697642161244, 'train_learning_rate': 0.005043022091734879, 'train_lr_reduce': 0.6}. Best is trial 558 with value: 0.30280801653862.
[I 2024-12-20 00:23:34,428] Trial 925 finished with value: 1.3726694583892822 and parameters: {'mlp_n_layers': 4, 'mlp_dim_00': 438, 'mlp_dim_01': 426, 'mlp_dim_02': 232, 'mlp_dim_03': 500, 'node_hidden_dim': 106, 'edge_hidden_dim': 80, 'depth': 4, 'rep_dropout': 0.028175808222996354, 'train_learning_rate': 0.0006423527916810861, 'train_lr_reduce': 0.6}. Best is trial 558 with value: 0.30280801653862.
[I 2024-12-20 00:23:37,064] Trial 928 finished with value: 1.3023995161056519 and parameters: {'mlp_n_layers': 4, 'mlp_dim_00': 381, 'mlp_dim_01': 279, 'mlp_dim_02': 363, 'mlp_dim_03': 391, 'node_hidden_dim': 121, 'edge_hidden_dim': 35, 'depth': 2, 'rep_dropout': 0.0470073959768964, 'train_learning_rate': 0.00413514034469207, 'train_lr_reduce': 0.6}. Best is trial 558 with value: 0.30280801653862.
[I 2024-12-20 00:23:38,866] Trial 929 finished with value: 1.4214540719985962 and parameters: {'mlp_n_layers': 4, 'mlp_dim_00': 436, 'mlp_dim_01': 431, 'mlp_dim_02': 246, 'mlp_dim_03': 432, 'node_hidden_dim': 45, 'edge_hidden_dim': 120, 'depth': 2, 'rep_dropout': 0.047126626227327925, 'train_learning_rate': 0.005576950144890655, 'train_lr_reduce': 0.6}. Best is trial 558 with value: 0.30280801653862.
[I 2024-12-20 00:23:42,845] Trial 931 finished with value: 1.3466897010803223 and parameters: {'mlp_n_layers': 3, 'mlp_dim_00': 314, 'mlp_dim_01': 311, 'mlp_dim_02': 396, 'node_hidden_dim': 108, 'edge_hidden_dim': 52, 'depth': 1, 'rep_dropout': 0.037934895407979646, 'train_learning_rate': 0.004417251050594822, 'train_lr_reduce': 0.6}. Best is trial 558 with value: 0.30280801653862.
[I 2024-12-20 00:23:46,944] Trial 932 finished with value: 1.361318588256836 and parameters: {'mlp_n_layers': 1, 'mlp_dim_00': 287, 'node_hidden_dim': 126, 'edge_hidden_dim': 36, 'depth': 3, 'rep_dropout': 0.11285782900304625, 'train_learning_rate': 0.005826307228422846, 'train_lr_reduce': 0.6}. Best is trial 558 with value: 0.30280801653862.
[I 2024-12-20 00:23:50,515] Trial 927 finished with value: 0.3713439404964447 and parameters: {'mlp_n_layers': 4, 'mlp_dim_00': 498, 'mlp_dim_01': 378, 'mlp_dim_02': 293, 'mlp_dim_03': 329, 'node_hidden_dim': 88, 'edge_hidden_dim': 84, 'depth': 1, 'rep_dropout': 0.09206445061622893, 'train_learning_rate': 0.004706821075351955, 'train_lr_reduce': 0.6}. Best is trial 558 with value: 0.30280801653862.
[I 2024-12-20 00:23:50,571] Trial 930 finished with value: 0.40713033080101013 and parameters: {'mlp_n_layers': 4, 'mlp_dim_00': 266, 'mlp_dim_01': 361, 'mlp_dim_02': 328, 'mlp_dim_03': 325, 'node_hidden_dim': 120, 'edge_hidden_dim': 61, 'depth': 1, 'rep_dropout': 0.04749675055647701, 'train_learning_rate': 0.0012184909921606213, 'train_lr_reduce': 0.6}. Best is trial 558 with value: 0.30280801653862.
[I 2024-12-20 00:23:51,022] Trial 933 finished with value: 1.522527813911438 and parameters: {'mlp_n_layers': 1, 'mlp_dim_00': 135, 'node_hidden_dim': 81, 'edge_hidden_dim': 121, 'depth': 4, 'rep_dropout': 0.01500106950843301, 'train_learning_rate': 0.00048818062585930764, 'train_lr_reduce': 0.6}. Best is trial 558 with value: 0.30280801653862.
[I 2024-12-20 00:23:53,770] Trial 934 finished with value: 1.4164639711380005 and parameters: {'mlp_n_layers': 4, 'mlp_dim_00': 121, 'mlp_dim_01': 233, 'mlp_dim_02': 196, 'mlp_dim_03': 377, 'node_hidden_dim': 64, 'edge_hidden_dim': 54, 'depth': 1, 'rep_dropout': 0.040720060196215074, 'train_learning_rate': 0.008718602538925306, 'train_lr_reduce': 0.6}. Best is trial 558 with value: 0.30280801653862.
[I 2024-12-20 00:23:54,554] Trial 936 finished with value: 1.288679599761963 and parameters: {'mlp_n_layers': 3, 'mlp_dim_00': 496, 'mlp_dim_01': 401, 'mlp_dim_02': 353, 'node_hidden_dim': 128, 'edge_hidden_dim': 50, 'depth': 2, 'rep_dropout': 0.03963470299609838, 'train_learning_rate': 0.003997379178161719, 'train_lr_reduce': 0.6}. Best is trial 558 with value: 0.30280801653862.
[I 2024-12-20 00:23:58,415] Trial 938 finished with value: 1.3895891904830933 and parameters: {'mlp_n_layers': 3, 'mlp_dim_00': 218, 'mlp_dim_01': 385, 'mlp_dim_02': 230, 'node_hidden_dim': 46, 'edge_hidden_dim': 38, 'depth': 2, 'rep_dropout': 0.031588448117261886, 'train_learning_rate': 0.00463724447937759, 'train_lr_reduce': 0.6}. Best is trial 558 with value: 0.30280801653862.
[I 2024-12-20 00:23:58,992] Trial 935 finished with value: 1.425143837928772 and parameters: {'mlp_n_layers': 4, 'mlp_dim_00': 394, 'mlp_dim_01': 508, 'mlp_dim_02': 280, 'mlp_dim_03': 264, 'node_hidden_dim': 109, 'edge_hidden_dim': 76, 'depth': 2, 'rep_dropout': 0.035089002744628076, 'train_learning_rate': 0.0021223962728336744, 'train_lr_reduce': 0.6}. Best is trial 558 with value: 0.30280801653862.
[I 2024-12-20 00:24:01,132] Trial 937 finished with value: 0.4952809512615204 and parameters: {'mlp_n_layers': 4, 'mlp_dim_00': 358, 'mlp_dim_01': 339, 'mlp_dim_02': 146, 'mlp_dim_03': 475, 'node_hidden_dim': 128, 'edge_hidden_dim': 44, 'depth': 1, 'rep_dropout': 0.006245111733513244, 'train_learning_rate': 0.0053640159580882005, 'train_lr_reduce': 0.6}. Best is trial 558 with value: 0.30280801653862.
[I 2024-12-20 00:24:02,132] Trial 939 finished with value: 1.3263949155807495 and parameters: {'mlp_n_layers': 1, 'mlp_dim_00': 234, 'node_hidden_dim': 69, 'edge_hidden_dim': 121, 'depth': 4, 'rep_dropout': 0.036435198819741756, 'train_learning_rate': 0.003871830228916743, 'train_lr_reduce': 0.6}. Best is trial 558 with value: 0.30280801653862.
[I 2024-12-20 00:24:02,146] Trial 940 finished with value: 1.4513952732086182 and parameters: {'mlp_n_layers': 3, 'mlp_dim_00': 444, 'mlp_dim_01': 437, 'mlp_dim_02': 312, 'node_hidden_dim': 115, 'edge_hidden_dim': 42, 'depth': 1, 'rep_dropout': 0.00507322749158156, 'train_learning_rate': 0.001273500105718449, 'train_lr_reduce': 0.6}. Best is trial 558 with value: 0.30280801653862.
