[I 2024-12-15 23:12:55,072] Trial 874 finished with value: 0.09900378435850143 and parameters: {'mlp_n_layers': 2, 'mlp_dim_00': 176, 'mlp_dim_01': 208, 'hidden_channels': 32, 'num_layers': 2, 'num_timesteps': 2, 'dropout': 0.28631767523434, 'train_learning_rate': 0.009719957006309074, 'train_lr_reduce': 0.6}. Best is trial 130 with value: 0.0812772810459137.
[I 2024-12-15 23:12:57,923] Trial 875 finished with value: 0.11348506063222885 and parameters: {'mlp_n_layers': 2, 'mlp_dim_00': 96, 'mlp_dim_01': 32, 'hidden_channels': 48, 'num_layers': 4, 'num_timesteps': 3, 'dropout': 0.22654140339888754, 'train_learning_rate': 0.00748049415123592, 'train_lr_reduce': 0.6}. Best is trial 130 with value: 0.0812772810459137.
[I 2024-12-15 23:12:59,443] Trial 873 finished with value: 0.14496704936027527 and parameters: {'mlp_n_layers': 2, 'mlp_dim_00': 32, 'mlp_dim_01': 112, 'hidden_channels': 80, 'num_layers': 4, 'num_timesteps': 2, 'dropout': 0.04743735982542027, 'train_learning_rate': 0.00035852413456640537, 'train_lr_reduce': 0.6}. Best is trial 130 with value: 0.0812772810459137.
[I 2024-12-15 23:13:08,270] Trial 876 finished with value: 0.12035052478313446 and parameters: {'mlp_n_layers': 2, 'mlp_dim_00': 160, 'mlp_dim_01': 192, 'hidden_channels': 128, 'num_layers': 2, 'num_timesteps': 1, 'dropout': 0.2674078369039052, 'train_learning_rate': 0.0016795756319030021, 'train_lr_reduce': 0.6}. Best is trial 130 with value: 0.0812772810459137.
[I 2024-12-15 23:13:11,641] Trial 877 finished with value: 0.11969251930713654 and parameters: {'mlp_n_layers': 2, 'mlp_dim_00': 208, 'mlp_dim_01': 224, 'hidden_channels': 64, 'num_layers': 3, 'num_timesteps': 2, 'dropout': 0.2123128485826511, 'train_learning_rate': 0.001569343828298022, 'train_lr_reduce': 0.6}. Best is trial 130 with value: 0.0812772810459137.
[I 2024-12-15 23:13:13,012] Trial 878 finished with value: 0.11258018016815186 and parameters: {'mlp_n_layers': 4, 'mlp_dim_00': 256, 'mlp_dim_01': 192, 'mlp_dim_02': 176, 'mlp_dim_03': 256, 'hidden_channels': 48, 'num_layers': 1, 'num_timesteps': 2, 'dropout': 0.13421817179931345, 'train_learning_rate': 0.006436179063242777, 'train_lr_reduce': 0.6}. Best is trial 130 with value: 0.0812772810459137.
[I 2024-12-15 23:13:17,257] Trial 879 finished with value: 0.09552529454231262 and parameters: {'mlp_n_layers': 2, 'mlp_dim_00': 208, 'mlp_dim_01': 224, 'hidden_channels': 112, 'num_layers': 1, 'num_timesteps': 2, 'dropout': 0.18082448088752423, 'train_learning_rate': 0.009089964326972823, 'train_lr_reduce': 0.6}. Best is trial 130 with value: 0.0812772810459137.
[I 2024-12-15 23:13:21,825] Trial 880 finished with value: 0.13342885673046112 and parameters: {'mlp_n_layers': 2, 'mlp_dim_00': 224, 'mlp_dim_01': 256, 'hidden_channels': 112, 'num_layers': 2, 'num_timesteps': 1, 'dropout': 0.0735353167430452, 'train_learning_rate': 0.0016858235660737052, 'train_lr_reduce': 0.6}. Best is trial 130 with value: 0.0812772810459137.
[I 2024-12-15 23:13:29,796] Trial 881 finished with value: 0.12265293300151825 and parameters: {'mlp_n_layers': 4, 'mlp_dim_00': 192, 'mlp_dim_01': 32, 'mlp_dim_02': 128, 'mlp_dim_03': 192, 'hidden_channels': 80, 'num_layers': 4, 'num_timesteps': 4, 'dropout': 0.042233577555216006, 'train_learning_rate': 0.004437408971906159, 'train_lr_reduce': 0.6}. Best is trial 130 with value: 0.0812772810459137.
[I 2024-12-15 23:13:30,221] Trial 882 finished with value: 0.1163327768445015 and parameters: {'mlp_n_layers': 2, 'mlp_dim_00': 256, 'mlp_dim_01': 64, 'hidden_channels': 64, 'num_layers': 3, 'num_timesteps': 4, 'dropout': 0.2985662256058045, 'train_learning_rate': 0.00851944531958784, 'train_lr_reduce': 0.6}. Best is trial 130 with value: 0.0812772810459137.
[I 2024-12-15 23:13:35,283] Trial 883 finished with value: 0.12585684657096863 and parameters: {'mlp_n_layers': 2, 'mlp_dim_00': 144, 'mlp_dim_01': 160, 'hidden_channels': 192, 'num_layers': 1, 'num_timesteps': 3, 'dropout': 0.21861874456699576, 'train_learning_rate': 0.0015343635942822115, 'train_lr_reduce': 0.6}. Best is trial 130 with value: 0.0812772810459137.
[I 2024-12-15 23:13:42,380] Trial 885 finished with value: 0.11519933491945267 and parameters: {'mlp_n_layers': 2, 'mlp_dim_00': 80, 'mlp_dim_01': 224, 'hidden_channels': 32, 'num_layers': 2, 'num_timesteps': 4, 'dropout': 0.09817770347372168, 'train_learning_rate': 0.005235701982137, 'train_lr_reduce': 0.6}. Best is trial 130 with value: 0.0812772810459137.
[I 2024-12-15 23:13:44,189] Trial 884 finished with value: 0.13169735670089722 and parameters: {'mlp_n_layers': 4, 'mlp_dim_00': 176, 'mlp_dim_01': 96, 'mlp_dim_02': 160, 'mlp_dim_03': 128, 'hidden_channels': 160, 'num_layers': 1, 'num_timesteps': 4, 'dropout': 0.0751926443719286, 'train_learning_rate': 0.0007770602357796429, 'train_lr_reduce': 0.6}. Best is trial 130 with value: 0.0812772810459137.
[I 2024-12-15 23:13:46,963] Trial 886 finished with value: 0.10710188001394272 and parameters: {'mlp_n_layers': 3, 'mlp_dim_00': 192, 'mlp_dim_01': 112, 'mlp_dim_02': 80, 'hidden_channels': 80, 'num_layers': 1, 'num_timesteps': 2, 'dropout': 0.2553744747360216, 'train_learning_rate': 0.007162965853106516, 'train_lr_reduce': 0.6}. Best is trial 130 with value: 0.0812772810459137.
[I 2024-12-15 23:13:55,710] Trial 889 finished with value: 0.11217993497848511 and parameters: {'mlp_n_layers': 2, 'mlp_dim_00': 256, 'mlp_dim_01': 224, 'hidden_channels': 32, 'num_layers': 1, 'num_timesteps': 2, 'dropout': 0.19836781412666676, 'train_learning_rate': 0.003946113058872874, 'train_lr_reduce': 0.6}. Best is trial 130 with value: 0.0812772810459137.
[I 2024-12-15 23:13:57,239] Trial 888 finished with value: 0.11907056719064713 and parameters: {'mlp_n_layers': 2, 'mlp_dim_00': 96, 'mlp_dim_01': 80, 'hidden_channels': 32, 'num_layers': 3, 'num_timesteps': 2, 'dropout': 0.189772200763796, 'train_learning_rate': 0.0034353561246226938, 'train_lr_reduce': 0.6}. Best is trial 130 with value: 0.0812772810459137.
[I 2024-12-15 23:14:04,816] Trial 890 finished with value: 0.10414352267980576 and parameters: {'mlp_n_layers': 2, 'mlp_dim_00': 224, 'mlp_dim_01': 128, 'hidden_channels': 32, 'num_layers': 1, 'num_timesteps': 3, 'dropout': 0.23271586983700512, 'train_learning_rate': 0.008559527070433394, 'train_lr_reduce': 0.6}. Best is trial 130 with value: 0.0812772810459137.
[I 2024-12-15 23:14:05,399] Trial 887 finished with value: 0.10865712910890579 and parameters: {'mlp_n_layers': 3, 'mlp_dim_00': 256, 'mlp_dim_01': 224, 'mlp_dim_02': 240, 'hidden_channels': 48, 'num_layers': 3, 'num_timesteps': 3, 'dropout': 0.2626576228175927, 'train_learning_rate': 0.008348199896658729, 'train_lr_reduce': 0.6}. Best is trial 130 with value: 0.0812772810459137.
[I 2024-12-15 23:14:17,435] Trial 892 finished with value: 0.11140934377908707 and parameters: {'mlp_n_layers': 2, 'mlp_dim_00': 32, 'mlp_dim_01': 192, 'hidden_channels': 32, 'num_layers': 3, 'num_timesteps': 4, 'dropout': 0.08109492642821896, 'train_learning_rate': 0.009776969038548985, 'train_lr_reduce': 0.6}. Best is trial 130 with value: 0.0812772810459137.
[I 2024-12-15 23:14:22,190] Trial 893 finished with value: 0.10670196264982224 and parameters: {'mlp_n_layers': 3, 'mlp_dim_00': 240, 'mlp_dim_01': 256, 'mlp_dim_02': 208, 'hidden_channels': 128, 'num_layers': 1, 'num_timesteps': 2, 'dropout': 0.2526446287023898, 'train_learning_rate': 0.0012594545278217433, 'train_lr_reduce': 0.6}. Best is trial 130 with value: 0.0812772810459137.
[I 2024-12-15 23:14:23,685] Trial 891 finished with value: 0.5441867709159851 and parameters: {'mlp_n_layers': 4, 'mlp_dim_00': 48, 'mlp_dim_01': 112, 'mlp_dim_02': 128, 'mlp_dim_03': 32, 'hidden_channels': 80, 'num_layers': 3, 'num_timesteps': 2, 'dropout': 0.2732752209322688, 'train_learning_rate': 0.00010274717147854971, 'train_lr_reduce': 0.6}. Best is trial 130 with value: 0.0812772810459137.
[I 2024-12-15 23:14:33,012] Trial 895 finished with value: 0.10653726756572723 and parameters: {'mlp_n_layers': 2, 'mlp_dim_00': 144, 'mlp_dim_01': 112, 'hidden_channels': 64, 'num_layers': 2, 'num_timesteps': 2, 'dropout': 0.20490001078739656, 'train_learning_rate': 0.0027073417295929094, 'train_lr_reduce': 0.6}. Best is trial 130 with value: 0.0812772810459137.
[I 2024-12-15 23:14:33,121] Trial 894 finished with value: 0.11451161652803421 and parameters: {'mlp_n_layers': 3, 'mlp_dim_00': 176, 'mlp_dim_01': 160, 'mlp_dim_02': 176, 'hidden_channels': 48, 'num_layers': 1, 'num_timesteps': 3, 'dropout': 0.22828681048762905, 'train_learning_rate': 0.0022091161378245488, 'train_lr_reduce': 0.6}. Best is trial 130 with value: 0.0812772810459137.
[I 2024-12-15 23:14:47,611] Trial 897 finished with value: 0.11905008554458618 and parameters: {'mlp_n_layers': 2, 'mlp_dim_00': 208, 'mlp_dim_01': 192, 'hidden_channels': 144, 'num_layers': 2, 'num_timesteps': 2, 'dropout': 0.2901454703000205, 'train_learning_rate': 0.0016849430931698216, 'train_lr_reduce': 0.6}. Best is trial 130 with value: 0.0812772810459137.
[I 2024-12-15 23:14:52,284] Trial 896 finished with value: 0.19086486101150513 and parameters: {'mlp_n_layers': 2, 'mlp_dim_00': 192, 'mlp_dim_01': 64, 'hidden_channels': 176, 'num_layers': 4, 'num_timesteps': 4, 'dropout': 0.018812879990911295, 'train_learning_rate': 0.009282005146048313, 'train_lr_reduce': 0.6}. Best is trial 130 with value: 0.0812772810459137.
[I 2024-12-15 23:14:57,577] Trial 898 finished with value: 0.10937361419200897 and parameters: {'mlp_n_layers': 2, 'mlp_dim_00': 256, 'mlp_dim_01': 48, 'hidden_channels': 80, 'num_layers': 4, 'num_timesteps': 2, 'dropout': 0.2930525663590622, 'train_learning_rate': 0.00900065044992148, 'train_lr_reduce': 0.6}. Best is trial 130 with value: 0.0812772810459137.
[I 2024-12-15 23:15:13,117] Trial 901 finished with value: 0.109601229429245 and parameters: {'mlp_n_layers': 3, 'mlp_dim_00': 112, 'mlp_dim_01': 224, 'mlp_dim_02': 144, 'hidden_channels': 64, 'num_layers': 1, 'num_timesteps': 4, 'dropout': 0.14895350618981418, 'train_learning_rate': 0.009625112098501611, 'train_lr_reduce': 0.6}. Best is trial 130 with value: 0.0812772810459137.
[I 2024-12-15 23:15:17,309] Trial 900 finished with value: 0.18272708356380463 and parameters: {'mlp_n_layers': 2, 'mlp_dim_00': 64, 'mlp_dim_01': 48, 'hidden_channels': 144, 'num_layers': 2, 'num_timesteps': 1, 'dropout': 0.26159691059949935, 'train_learning_rate': 0.0001741728369173656, 'train_lr_reduce': 0.6}. Best is trial 130 with value: 0.0812772810459137.
[I 2024-12-15 23:15:18,574] Trial 899 finished with value: 0.2754211127758026 and parameters: {'mlp_n_layers': 3, 'mlp_dim_00': 192, 'mlp_dim_01': 80, 'mlp_dim_02': 112, 'hidden_channels': 48, 'num_layers': 4, 'num_timesteps': 4, 'dropout': 0.28677999049953806, 'train_learning_rate': 0.00014149559908852748, 'train_lr_reduce': 0.6}. Best is trial 130 with value: 0.0812772810459137.
[I 2024-12-15 23:15:28,435] Trial 904 finished with value: 0.10091795772314072 and parameters: {'mlp_n_layers': 2, 'mlp_dim_00': 192, 'mlp_dim_01': 48, 'hidden_channels': 96, 'num_layers': 1, 'num_timesteps': 4, 'dropout': 0.286237517505807, 'train_learning_rate': 0.002817210107386377, 'train_lr_reduce': 0.6}. Best is trial 130 with value: 0.0812772810459137.
[I 2024-12-15 23:15:28,479] Trial 902 finished with value: 0.17278069257736206 and parameters: {'mlp_n_layers': 3, 'mlp_dim_00': 192, 'mlp_dim_01': 48, 'mlp_dim_02': 96, 'hidden_channels': 64, 'num_layers': 3, 'num_timesteps': 3, 'dropout': 0.28698483121751306, 'train_learning_rate': 0.008646048688050783, 'train_lr_reduce': 0.6}. Best is trial 130 with value: 0.0812772810459137.
[I 2024-12-15 23:15:31,351] Trial 903 finished with value: 0.10642380267381668 and parameters: {'mlp_n_layers': 2, 'mlp_dim_00': 192, 'mlp_dim_01': 32, 'hidden_channels': 80, 'num_layers': 3, 'num_timesteps': 3, 'dropout': 0.17518396085576848, 'train_learning_rate': 0.00867160823407845, 'train_lr_reduce': 0.6}. Best is trial 130 with value: 0.0812772810459137.
[I 2024-12-15 23:15:40,527] Trial 905 finished with value: 0.10774505883455276 and parameters: {'mlp_n_layers': 3, 'mlp_dim_00': 176, 'mlp_dim_01': 208, 'mlp_dim_02': 176, 'hidden_channels': 112, 'num_layers': 1, 'num_timesteps': 2, 'dropout': 0.2659701912460862, 'train_learning_rate': 0.0038144227928270107, 'train_lr_reduce': 0.6}. Best is trial 130 with value: 0.0812772810459137.
[I 2024-12-15 23:15:44,059] Trial 906 finished with value: 0.16895349323749542 and parameters: {'mlp_n_layers': 4, 'mlp_dim_00': 112, 'mlp_dim_01': 112, 'mlp_dim_02': 128, 'mlp_dim_03': 224, 'hidden_channels': 256, 'num_layers': 2, 'num_timesteps': 4, 'dropout': 0.26027860285000964, 'train_learning_rate': 0.00490002024413133, 'train_lr_reduce': 0.6}. Best is trial 130 with value: 0.0812772810459137.
[I 2024-12-15 23:15:47,769] Trial 907 finished with value: 0.11212550848722458 and parameters: {'mlp_n_layers': 2, 'mlp_dim_00': 256, 'mlp_dim_01': 176, 'hidden_channels': 32, 'num_layers': 3, 'num_timesteps': 3, 'dropout': 0.21517789962912567, 'train_learning_rate': 0.002388338407390904, 'train_lr_reduce': 0.6}. Best is trial 130 with value: 0.0812772810459137.
[I 2024-12-15 23:15:50,014] Trial 908 finished with value: 0.11560530215501785 and parameters: {'mlp_n_layers': 2, 'mlp_dim_00': 192, 'mlp_dim_01': 192, 'hidden_channels': 128, 'num_layers': 1, 'num_timesteps': 3, 'dropout': 0.20952636728437204, 'train_learning_rate': 0.0038346807237484752, 'train_lr_reduce': 0.6}. Best is trial 130 with value: 0.0812772810459137.
[I 2024-12-15 23:16:00,484] Trial 911 finished with value: 0.12086103856563568 and parameters: {'mlp_n_layers': 2, 'mlp_dim_00': 224, 'mlp_dim_01': 192, 'hidden_channels': 96, 'num_layers': 2, 'num_timesteps': 2, 'dropout': 0.2804850007327176, 'train_learning_rate': 0.00550552957245318, 'train_lr_reduce': 0.6}. Best is trial 130 with value: 0.0812772810459137.
[I 2024-12-15 23:16:02,445] Trial 910 finished with value: 0.14328336715698242 and parameters: {'mlp_n_layers': 2, 'mlp_dim_00': 192, 'mlp_dim_01': 96, 'hidden_channels': 128, 'num_layers': 2, 'num_timesteps': 4, 'dropout': 0.2623068725474883, 'train_learning_rate': 0.008920197496065173, 'train_lr_reduce': 0.6}. Best is trial 130 with value: 0.0812772810459137.
[I 2024-12-15 23:16:07,106] Trial 909 finished with value: 0.16541290283203125 and parameters: {'mlp_n_layers': 4, 'mlp_dim_00': 160, 'mlp_dim_01': 224, 'mlp_dim_02': 208, 'mlp_dim_03': 176, 'hidden_channels': 144, 'num_layers': 1, 'num_timesteps': 2, 'dropout': 0.24091417065715642, 'train_learning_rate': 0.0001425951052296815, 'train_lr_reduce': 0.6}. Best is trial 130 with value: 0.0812772810459137.
[I 2024-12-15 23:16:14,812] Trial 912 finished with value: 0.0946567952632904 and parameters: {'mlp_n_layers': 2, 'mlp_dim_00': 256, 'mlp_dim_01': 208, 'hidden_channels': 48, 'num_layers': 3, 'num_timesteps': 3, 'dropout': 0.20624663568176488, 'train_learning_rate': 0.0026160248239033954, 'train_lr_reduce': 0.6}. Best is trial 130 with value: 0.0812772810459137.
[I 2024-12-15 23:16:22,618] Trial 914 finished with value: 0.1133812740445137 and parameters: {'mlp_n_layers': 2, 'mlp_dim_00': 176, 'mlp_dim_01': 208, 'hidden_channels': 48, 'num_layers': 4, 'num_timesteps': 3, 'dropout': 0.1998087811961499, 'train_learning_rate': 0.008434315700319842, 'train_lr_reduce': 0.6}. Best is trial 130 with value: 0.0812772810459137.
[I 2024-12-15 23:16:22,678] Trial 913 finished with value: 0.1307184398174286 and parameters: {'mlp_n_layers': 3, 'mlp_dim_00': 192, 'mlp_dim_01': 208, 'mlp_dim_02': 48, 'hidden_channels': 128, 'num_layers': 1, 'num_timesteps': 2, 'dropout': 0.2886243641372674, 'train_learning_rate': 0.006479847657180172, 'train_lr_reduce': 0.6}. Best is trial 130 with value: 0.0812772810459137.
[I 2024-12-15 23:16:34,507] Trial 915 finished with value: 0.11080661416053772 and parameters: {'mlp_n_layers': 2, 'mlp_dim_00': 256, 'mlp_dim_01': 32, 'hidden_channels': 128, 'num_layers': 3, 'num_timesteps': 3, 'dropout': 0.2143232314266188, 'train_learning_rate': 0.009869352810247452, 'train_lr_reduce': 0.6}. Best is trial 130 with value: 0.0812772810459137.
[I 2024-12-15 23:16:42,258] Trial 916 finished with value: 0.101339191198349 and parameters: {'mlp_n_layers': 2, 'mlp_dim_00': 96, 'mlp_dim_01': 48, 'hidden_channels': 32, 'num_layers': 4, 'num_timesteps': 3, 'dropout': 0.25744906951262664, 'train_learning_rate': 0.0020812817629209343, 'train_lr_reduce': 0.6}. Best is trial 130 with value: 0.0812772810459137.
[I 2024-12-15 23:16:49,241] Trial 918 finished with value: 0.11523915827274323 and parameters: {'mlp_n_layers': 3, 'mlp_dim_00': 240, 'mlp_dim_01': 176, 'mlp_dim_02': 128, 'hidden_channels': 96, 'num_layers': 1, 'num_timesteps': 2, 'dropout': 0.2257955107179162, 'train_learning_rate': 0.009668342066467332, 'train_lr_reduce': 0.6}. Best is trial 130 with value: 0.0812772810459137.
[I 2024-12-15 23:16:49,954] Trial 917 finished with value: 0.18281850218772888 and parameters: {'mlp_n_layers': 4, 'mlp_dim_00': 32, 'mlp_dim_01': 112, 'mlp_dim_02': 160, 'mlp_dim_03': 144, 'hidden_channels': 112, 'num_layers': 4, 'num_timesteps': 3, 'dropout': 0.17025638868019155, 'train_learning_rate': 0.00037283032374768767, 'train_lr_reduce': 0.6}. Best is trial 130 with value: 0.0812772810459137.
[I 2024-12-15 23:17:03,069] Trial 920 finished with value: 0.10091996192932129 and parameters: {'mlp_n_layers': 2, 'mlp_dim_00': 176, 'mlp_dim_01': 256, 'hidden_channels': 144, 'num_layers': 2, 'num_timesteps': 2, 'dropout': 0.1722476232656055, 'train_learning_rate': 0.009540691714640287, 'train_lr_reduce': 0.6}. Best is trial 130 with value: 0.0812772810459137.
[I 2024-12-15 23:17:05,495] Trial 919 finished with value: 0.1484176218509674 and parameters: {'mlp_n_layers': 3, 'mlp_dim_00': 192, 'mlp_dim_01': 240, 'mlp_dim_02': 192, 'hidden_channels': 144, 'num_layers': 1, 'num_timesteps': 1, 'dropout': 0.03494168350369367, 'train_learning_rate': 0.0001337103775416421, 'train_lr_reduce': 0.6}. Best is trial 130 with value: 0.0812772810459137.
[I 2024-12-15 23:17:16,421] Trial 921 finished with value: 0.12187570333480835 and parameters: {'mlp_n_layers': 3, 'mlp_dim_00': 128, 'mlp_dim_01': 48, 'mlp_dim_02': 256, 'hidden_channels': 160, 'num_layers': 1, 'num_timesteps': 2, 'dropout': 0.22573069634476203, 'train_learning_rate': 0.00028723899196762343, 'train_lr_reduce': 0.6}. Best is trial 130 with value: 0.0812772810459137.
[I 2024-12-15 23:17:25,660] Trial 922 finished with value: 0.10430125892162323 and parameters: {'mlp_n_layers': 3, 'mlp_dim_00': 224, 'mlp_dim_01': 32, 'mlp_dim_02': 96, 'hidden_channels': 160, 'num_layers': 4, 'num_timesteps': 4, 'dropout': 0.010952296890698689, 'train_learning_rate': 0.00852119474478566, 'train_lr_reduce': 0.6}. Best is trial 130 with value: 0.0812772810459137.
[I 2024-12-15 23:17:27,435] Trial 923 finished with value: 0.1734916716814041 and parameters: {'mlp_n_layers': 3, 'mlp_dim_00': 240, 'mlp_dim_01': 160, 'mlp_dim_02': 144, 'hidden_channels': 128, 'num_layers': 4, 'num_timesteps': 2, 'dropout': 0.2855264830698326, 'train_learning_rate': 0.0050674451781074215, 'train_lr_reduce': 0.6}. Best is trial 130 with value: 0.0812772810459137.
[I 2024-12-15 23:17:35,448] Trial 924 finished with value: 0.13976921141147614 and parameters: {'mlp_n_layers': 2, 'mlp_dim_00': 64, 'mlp_dim_01': 144, 'hidden_channels': 208, 'num_layers': 3, 'num_timesteps': 3, 'dropout': 0.2892634569917873, 'train_learning_rate': 0.0026616098647925315, 'train_lr_reduce': 0.6}. Best is trial 130 with value: 0.0812772810459137.
[I 2024-12-15 23:17:41,097] Trial 925 finished with value: 0.1756347417831421 and parameters: {'mlp_n_layers': 2, 'mlp_dim_00': 80, 'mlp_dim_01': 64, 'hidden_channels': 128, 'num_layers': 3, 'num_timesteps': 2, 'dropout': 0.19977705954293562, 'train_learning_rate': 0.008842364927715035, 'train_lr_reduce': 0.6}. Best is trial 130 with value: 0.0812772810459137.
[I 2024-12-15 23:17:50,019] Trial 927 finished with value: 0.13884957134723663 and parameters: {'mlp_n_layers': 3, 'mlp_dim_00': 160, 'mlp_dim_01': 240, 'mlp_dim_02': 224, 'hidden_channels': 32, 'num_layers': 1, 'num_timesteps': 1, 'dropout': 0.25390498417577906, 'train_learning_rate': 0.006339103566818827, 'train_lr_reduce': 0.6}. Best is trial 130 with value: 0.0812772810459137.
[I 2024-12-15 23:17:59,007] Trial 926 finished with value: 0.14671353995800018 and parameters: {'mlp_n_layers': 3, 'mlp_dim_00': 112, 'mlp_dim_01': 256, 'mlp_dim_02': 160, 'hidden_channels': 240, 'num_layers': 2, 'num_timesteps': 4, 'dropout': 0.18704882572349657, 'train_learning_rate': 0.00019703007983790948, 'train_lr_reduce': 0.6}. Best is trial 130 with value: 0.0812772810459137.
[I 2024-12-15 23:18:03,492] Trial 928 finished with value: 0.12257109582424164 and parameters: {'mlp_n_layers': 3, 'mlp_dim_00': 64, 'mlp_dim_01': 80, 'mlp_dim_02': 112, 'hidden_channels': 64, 'num_layers': 4, 'num_timesteps': 4, 'dropout': 0.21470566869275137, 'train_learning_rate': 0.0055969822900331775, 'train_lr_reduce': 0.6}. Best is trial 130 with value: 0.0812772810459137.
[I 2024-12-15 23:18:05,739] Trial 929 finished with value: 0.11534819006919861 and parameters: {'mlp_n_layers': 2, 'mlp_dim_00': 144, 'mlp_dim_01': 224, 'hidden_channels': 64, 'num_layers': 2, 'num_timesteps': 4, 'dropout': 0.1598714055869093, 'train_learning_rate': 0.004888638999662339, 'train_lr_reduce': 0.6}. Best is trial 130 with value: 0.0812772810459137.
[I 2024-12-15 23:18:16,358] Trial 931 finished with value: 0.11850649118423462 and parameters: {'mlp_n_layers': 3, 'mlp_dim_00': 256, 'mlp_dim_01': 160, 'mlp_dim_02': 176, 'hidden_channels': 48, 'num_layers': 1, 'num_timesteps': 2, 'dropout': 0.11559861767979754, 'train_learning_rate': 0.0025939720939485594, 'train_lr_reduce': 0.6}. Best is trial 130 with value: 0.0812772810459137.
