[I 2024-12-19 20:44:09,970] Trial 1448 finished with value: 1.1500205993652344 and parameters: {'mlp_n_layers': 1, 'mlp_dim_00': 301, 'node_hidden_dim': 52, 'edge_hidden_dim': 83, 'depth': 1, 'rep_dropout': 0.05094579493925096, 'train_learning_rate': 0.0011097105247099349, 'train_lr_reduce': 0.6}. Best is trial 673 with value: 0.11172225326299667.
[I 2024-12-19 20:44:16,852] Trial 1447 finished with value: 0.48582932353019714 and parameters: {'mlp_n_layers': 1, 'mlp_dim_00': 499, 'node_hidden_dim': 32, 'edge_hidden_dim': 53, 'depth': 2, 'rep_dropout': 0.07442625492444017, 'train_learning_rate': 0.00916004414504426, 'train_lr_reduce': 0.6}. Best is trial 673 with value: 0.11172225326299667.
[I 2024-12-19 20:44:17,588] Trial 1446 finished with value: 0.16145868599414825 and parameters: {'mlp_n_layers': 1, 'mlp_dim_00': 491, 'node_hidden_dim': 56, 'edge_hidden_dim': 73, 'depth': 1, 'rep_dropout': 0.0008320126167941219, 'train_learning_rate': 0.0013212283053525287, 'train_lr_reduce': 0.6}. Best is trial 673 with value: 0.11172225326299667.
[I 2024-12-19 20:44:50,527] Trial 1449 finished with value: 0.1845618486404419 and parameters: {'mlp_n_layers': 1, 'mlp_dim_00': 283, 'node_hidden_dim': 33, 'edge_hidden_dim': 69, 'depth': 1, 'rep_dropout': 0.05542645085998342, 'train_learning_rate': 0.00204344193757176, 'train_lr_reduce': 0.6}. Best is trial 673 with value: 0.11172225326299667.
[I 2024-12-19 20:44:52,715] Trial 1451 finished with value: 0.18890643119812012 and parameters: {'mlp_n_layers': 1, 'mlp_dim_00': 360, 'node_hidden_dim': 33, 'edge_hidden_dim': 48, 'depth': 1, 'rep_dropout': 0.06055098015866163, 'train_learning_rate': 0.0038067868142102226, 'train_lr_reduce': 0.6}. Best is trial 673 with value: 0.11172225326299667.
[I 2024-12-19 20:44:57,052] Trial 1450 finished with value: 0.11421418935060501 and parameters: {'mlp_n_layers': 1, 'mlp_dim_00': 466, 'node_hidden_dim': 33, 'edge_hidden_dim': 47, 'depth': 1, 'rep_dropout': 0.024189505652526623, 'train_learning_rate': 0.003320226155349003, 'train_lr_reduce': 0.6}. Best is trial 673 with value: 0.11172225326299667.
[I 2024-12-19 20:44:58,734] Trial 1453 finished with value: 1.145301342010498 and parameters: {'mlp_n_layers': 3, 'mlp_dim_00': 480, 'mlp_dim_01': 351, 'mlp_dim_02': 445, 'node_hidden_dim': 108, 'edge_hidden_dim': 40, 'depth': 3, 'rep_dropout': 0.018872373874103593, 'train_learning_rate': 0.0017042835043912252, 'train_lr_reduce': 0.6}. Best is trial 673 with value: 0.11172225326299667.
[I 2024-12-19 20:45:01,865] Trial 1454 finished with value: 1.14228093624115 and parameters: {'mlp_n_layers': 2, 'mlp_dim_00': 503, 'mlp_dim_01': 424, 'node_hidden_dim': 48, 'edge_hidden_dim': 52, 'depth': 1, 'rep_dropout': 0.03816673294901112, 'train_learning_rate': 0.0030199419356501567, 'train_lr_reduce': 0.6}. Best is trial 673 with value: 0.11172225326299667.
[I 2024-12-19 20:45:03,954] Trial 1455 finished with value: 1.147017002105713 and parameters: {'mlp_n_layers': 1, 'mlp_dim_00': 349, 'node_hidden_dim': 82, 'edge_hidden_dim': 54, 'depth': 3, 'rep_dropout': 0.11037477145130072, 'train_learning_rate': 0.0003370544162415918, 'train_lr_reduce': 0.6}. Best is trial 673 with value: 0.11172225326299667.
[I 2024-12-19 20:45:26,461] Trial 1452 finished with value: 0.23685622215270996 and parameters: {'mlp_n_layers': 2, 'mlp_dim_00': 111, 'mlp_dim_01': 433, 'node_hidden_dim': 49, 'edge_hidden_dim': 122, 'depth': 1, 'rep_dropout': 0.07588121918473716, 'train_learning_rate': 0.004646576671586952, 'train_lr_reduce': 0.6}. Best is trial 673 with value: 0.11172225326299667.
[I 2024-12-19 20:45:38,009] Trial 1457 finished with value: 0.1322842538356781 and parameters: {'mlp_n_layers': 2, 'mlp_dim_00': 496, 'mlp_dim_01': 301, 'node_hidden_dim': 57, 'edge_hidden_dim': 49, 'depth': 1, 'rep_dropout': 0.007200496948044374, 'train_learning_rate': 0.009689268850831803, 'train_lr_reduce': 0.6}. Best is trial 673 with value: 0.11172225326299667.
[I 2024-12-19 20:45:47,129] Trial 1456 finished with value: 0.14394040405750275 and parameters: {'mlp_n_layers': 1, 'mlp_dim_00': 314, 'node_hidden_dim': 93, 'edge_hidden_dim': 76, 'depth': 1, 'rep_dropout': 0.11570728659824862, 'train_learning_rate': 0.0005752145937629954, 'train_lr_reduce': 0.6}. Best is trial 673 with value: 0.11172225326299667.
[I 2024-12-19 20:45:54,390] Trial 1460 finished with value: 1.142242670059204 and parameters: {'mlp_n_layers': 2, 'mlp_dim_00': 165, 'mlp_dim_01': 468, 'node_hidden_dim': 117, 'edge_hidden_dim': 79, 'depth': 4, 'rep_dropout': 0.0023529938570353848, 'train_learning_rate': 0.00014665404850355455, 'train_lr_reduce': 0.6}. Best is trial 673 with value: 0.11172225326299667.
[I 2024-12-19 20:46:00,360] Trial 1461 finished with value: 1.1436691284179688 and parameters: {'mlp_n_layers': 2, 'mlp_dim_00': 445, 'mlp_dim_01': 390, 'node_hidden_dim': 36, 'edge_hidden_dim': 57, 'depth': 2, 'rep_dropout': 0.029818733759740205, 'train_learning_rate': 0.007371341417616173, 'train_lr_reduce': 0.6}. Best is trial 673 with value: 0.11172225326299667.
[I 2024-12-19 20:46:08,905] Trial 1458 finished with value: 0.14448916912078857 and parameters: {'mlp_n_layers': 1, 'mlp_dim_00': 496, 'node_hidden_dim': 42, 'edge_hidden_dim': 41, 'depth': 1, 'rep_dropout': 0.023647758549921353, 'train_learning_rate': 0.0021061303405404234, 'train_lr_reduce': 0.6}. Best is trial 673 with value: 0.11172225326299667.
[I 2024-12-19 20:46:18,948] Trial 1459 finished with value: 0.11867731809616089 and parameters: {'mlp_n_layers': 1, 'mlp_dim_00': 462, 'node_hidden_dim': 40, 'edge_hidden_dim': 55, 'depth': 1, 'rep_dropout': 0.026094392976880522, 'train_learning_rate': 0.0017949530287851643, 'train_lr_reduce': 0.6}. Best is trial 673 with value: 0.11172225326299667.
[I 2024-12-19 20:46:23,348] Trial 1462 finished with value: 0.24886274337768555 and parameters: {'mlp_n_layers': 1, 'mlp_dim_00': 494, 'node_hidden_dim': 44, 'edge_hidden_dim': 40, 'depth': 1, 'rep_dropout': 0.0003862089220206845, 'train_learning_rate': 0.00654095409360839, 'train_lr_reduce': 0.6}. Best is trial 673 with value: 0.11172225326299667.
[I 2024-12-19 20:46:29,236] Trial 1465 finished with value: 1.1419001817703247 and parameters: {'mlp_n_layers': 1, 'mlp_dim_00': 163, 'node_hidden_dim': 62, 'edge_hidden_dim': 97, 'depth': 1, 'rep_dropout': 0.03320787463342297, 'train_learning_rate': 0.00011148572617355585, 'train_lr_reduce': 0.6}. Best is trial 673 with value: 0.11172225326299667.
[I 2024-12-19 20:46:34,142] Trial 1466 finished with value: 1.1444624662399292 and parameters: {'mlp_n_layers': 2, 'mlp_dim_00': 425, 'mlp_dim_01': 417, 'node_hidden_dim': 44, 'edge_hidden_dim': 35, 'depth': 1, 'rep_dropout': 0.04125602254005793, 'train_learning_rate': 0.0016890845554688393, 'train_lr_reduce': 0.6}. Best is trial 673 with value: 0.11172225326299667.
[I 2024-12-19 20:46:36,833] Trial 1463 finished with value: 0.23773138225078583 and parameters: {'mlp_n_layers': 4, 'mlp_dim_00': 270, 'mlp_dim_01': 466, 'mlp_dim_02': 246, 'mlp_dim_03': 178, 'node_hidden_dim': 98, 'edge_hidden_dim': 97, 'depth': 1, 'rep_dropout': 0.04556951439061782, 'train_learning_rate': 0.008470092331778001, 'train_lr_reduce': 0.6}. Best is trial 673 with value: 0.11172225326299667.
[I 2024-12-19 20:46:39,030] Trial 1467 finished with value: 1.1414815187454224 and parameters: {'mlp_n_layers': 1, 'mlp_dim_00': 428, 'node_hidden_dim': 33, 'edge_hidden_dim': 51, 'depth': 1, 'rep_dropout': 0.014432895921820375, 'train_learning_rate': 0.0007045286800086597, 'train_lr_reduce': 0.6}. Best is trial 673 with value: 0.11172225326299667.
[I 2024-12-19 20:46:43,712] Trial 1464 finished with value: 0.17611892521381378 and parameters: {'mlp_n_layers': 1, 'mlp_dim_00': 501, 'node_hidden_dim': 36, 'edge_hidden_dim': 47, 'depth': 1, 'rep_dropout': 0.045850319075118884, 'train_learning_rate': 0.0036384572160597928, 'train_lr_reduce': 0.6}. Best is trial 673 with value: 0.11172225326299667.
[I 2024-12-19 20:46:49,984] Trial 1470 finished with value: 1.1503736972808838 and parameters: {'mlp_n_layers': 2, 'mlp_dim_00': 451, 'mlp_dim_01': 374, 'node_hidden_dim': 41, 'edge_hidden_dim': 75, 'depth': 2, 'rep_dropout': 0.1412842652752078, 'train_learning_rate': 0.001020838669312371, 'train_lr_reduce': 0.6}. Best is trial 673 with value: 0.11172225326299667.
[I 2024-12-19 20:46:56,085] Trial 1471 finished with value: 1.147023320198059 and parameters: {'mlp_n_layers': 1, 'mlp_dim_00': 452, 'node_hidden_dim': 96, 'edge_hidden_dim': 72, 'depth': 2, 'rep_dropout': 0.025323586917965588, 'train_learning_rate': 0.0007558110305213697, 'train_lr_reduce': 0.6}. Best is trial 673 with value: 0.11172225326299667.
[I 2024-12-19 20:47:19,019] Trial 1469 finished with value: 0.13217344880104065 and parameters: {'mlp_n_layers': 1, 'mlp_dim_00': 508, 'node_hidden_dim': 34, 'edge_hidden_dim': 75, 'depth': 1, 'rep_dropout': 0.08974030503102831, 'train_learning_rate': 0.0026547583518460273, 'train_lr_reduce': 0.6}. Best is trial 673 with value: 0.11172225326299667.
[I 2024-12-19 20:47:19,530] Trial 1468 finished with value: 0.15362665057182312 and parameters: {'mlp_n_layers': 1, 'mlp_dim_00': 456, 'node_hidden_dim': 32, 'edge_hidden_dim': 60, 'depth': 1, 'rep_dropout': 0.041988563565636676, 'train_learning_rate': 0.001558316001061007, 'train_lr_reduce': 0.6}. Best is trial 673 with value: 0.11172225326299667.
[I 2024-12-19 20:47:24,072] Trial 1474 finished with value: 1.1436247825622559 and parameters: {'mlp_n_layers': 1, 'mlp_dim_00': 442, 'node_hidden_dim': 37, 'edge_hidden_dim': 39, 'depth': 1, 'rep_dropout': 0.08951146327109395, 'train_learning_rate': 0.0007416274018127833, 'train_lr_reduce': 0.6}. Best is trial 673 with value: 0.11172225326299667.
[I 2024-12-19 20:47:29,568] Trial 1475 finished with value: 1.1437978744506836 and parameters: {'mlp_n_layers': 1, 'mlp_dim_00': 318, 'node_hidden_dim': 68, 'edge_hidden_dim': 59, 'depth': 2, 'rep_dropout': 0.05067445601413014, 'train_learning_rate': 0.00038098785855587917, 'train_lr_reduce': 0.6}. Best is trial 673 with value: 0.11172225326299667.
[I 2024-12-19 20:47:36,497] Trial 1472 finished with value: 0.1496964395046234 and parameters: {'mlp_n_layers': 1, 'mlp_dim_00': 501, 'node_hidden_dim': 58, 'edge_hidden_dim': 55, 'depth': 1, 'rep_dropout': 0.017521007303741898, 'train_learning_rate': 0.0026131227097704658, 'train_lr_reduce': 0.6}. Best is trial 673 with value: 0.11172225326299667.
[I 2024-12-19 20:48:02,882] Trial 1476 finished with value: 0.1624516099691391 and parameters: {'mlp_n_layers': 2, 'mlp_dim_00': 465, 'mlp_dim_01': 470, 'node_hidden_dim': 66, 'edge_hidden_dim': 36, 'depth': 2, 'rep_dropout': 0.03762535560313704, 'train_learning_rate': 0.009678580769067574, 'train_lr_reduce': 0.6}. Best is trial 673 with value: 0.11172225326299667.
[I 2024-12-19 20:48:02,886] Trial 1473 finished with value: 0.13658584654331207 and parameters: {'mlp_n_layers': 1, 'mlp_dim_00': 511, 'node_hidden_dim': 35, 'edge_hidden_dim': 54, 'depth': 1, 'rep_dropout': 0.03462398797542965, 'train_learning_rate': 0.0040349772740513115, 'train_lr_reduce': 0.6}. Best is trial 673 with value: 0.11172225326299667.
[I 2024-12-19 20:48:08,250] Trial 1479 finished with value: 1.1421147584915161 and parameters: {'mlp_n_layers': 1, 'mlp_dim_00': 376, 'node_hidden_dim': 43, 'edge_hidden_dim': 80, 'depth': 2, 'rep_dropout': 0.04882792593293915, 'train_learning_rate': 0.000524036720202761, 'train_lr_reduce': 0.6}. Best is trial 673 with value: 0.11172225326299667.
[I 2024-12-19 20:48:14,375] Trial 1480 finished with value: 1.1422275304794312 and parameters: {'mlp_n_layers': 2, 'mlp_dim_00': 296, 'mlp_dim_01': 250, 'node_hidden_dim': 108, 'edge_hidden_dim': 116, 'depth': 4, 'rep_dropout': 0.10073898877063571, 'train_learning_rate': 0.0008482280471216511, 'train_lr_reduce': 0.6}. Best is trial 673 with value: 0.11172225326299667.
[I 2024-12-19 20:48:20,601] Trial 1477 finished with value: 0.1269557774066925 and parameters: {'mlp_n_layers': 1, 'mlp_dim_00': 432, 'node_hidden_dim': 33, 'edge_hidden_dim': 39, 'depth': 1, 'rep_dropout': 0.013247983166650684, 'train_learning_rate': 0.003050344120098652, 'train_lr_reduce': 0.6}. Best is trial 673 with value: 0.11172225326299667.
[I 2024-12-19 20:48:22,396] Trial 1481 finished with value: 1.142492413520813 and parameters: {'mlp_n_layers': 3, 'mlp_dim_00': 300, 'mlp_dim_01': 340, 'mlp_dim_02': 392, 'node_hidden_dim': 85, 'edge_hidden_dim': 123, 'depth': 4, 'rep_dropout': 0.09004307295469895, 'train_learning_rate': 0.007716702144645521, 'train_lr_reduce': 0.6}. Best is trial 673 with value: 0.11172225326299667.
[I 2024-12-19 20:48:25,149] Trial 1482 finished with value: 1.1493291854858398 and parameters: {'mlp_n_layers': 1, 'mlp_dim_00': 248, 'node_hidden_dim': 36, 'edge_hidden_dim': 49, 'depth': 1, 'rep_dropout': 0.08130368793048595, 'train_learning_rate': 0.0011602379177123616, 'train_lr_reduce': 0.6}. Best is trial 673 with value: 0.11172225326299667.
[I 2024-12-19 20:48:33,250] Trial 1483 finished with value: 0.8205652832984924 and parameters: {'mlp_n_layers': 1, 'mlp_dim_00': 389, 'node_hidden_dim': 119, 'edge_hidden_dim': 117, 'depth': 3, 'rep_dropout': 0.005657249758214439, 'train_learning_rate': 0.007488407848292994, 'train_lr_reduce': 0.6}. Best is trial 673 with value: 0.11172225326299667.
[I 2024-12-19 20:48:37,657] Trial 1478 finished with value: 0.15198074281215668 and parameters: {'mlp_n_layers': 1, 'mlp_dim_00': 509, 'node_hidden_dim': 37, 'edge_hidden_dim': 44, 'depth': 1, 'rep_dropout': 0.02302893304072108, 'train_learning_rate': 0.0027306034543189864, 'train_lr_reduce': 0.6}. Best is trial 673 with value: 0.11172225326299667.
[I 2024-12-19 20:48:41,066] Trial 1484 finished with value: 0.2817131578922272 and parameters: {'mlp_n_layers': 1, 'mlp_dim_00': 509, 'node_hidden_dim': 34, 'edge_hidden_dim': 37, 'depth': 1, 'rep_dropout': 0.03830651465930829, 'train_learning_rate': 0.008031746421981989, 'train_lr_reduce': 0.6}. Best is trial 673 with value: 0.11172225326299667.
[I 2024-12-19 20:49:04,374] Trial 1486 finished with value: 0.18708129227161407 and parameters: {'mlp_n_layers': 1, 'mlp_dim_00': 506, 'node_hidden_dim': 48, 'edge_hidden_dim': 64, 'depth': 1, 'rep_dropout': 0.03315768640468771, 'train_learning_rate': 0.001993609900937349, 'train_lr_reduce': 0.6}. Best is trial 673 with value: 0.11172225326299667.
[I 2024-12-19 20:49:06,195] Trial 1487 finished with value: 0.2105700969696045 and parameters: {'mlp_n_layers': 1, 'mlp_dim_00': 314, 'node_hidden_dim': 55, 'edge_hidden_dim': 86, 'depth': 1, 'rep_dropout': 0.021348236070006722, 'train_learning_rate': 0.002493523530628074, 'train_lr_reduce': 0.6}. Best is trial 673 with value: 0.11172225326299667.
[I 2024-12-19 20:49:15,756] Trial 1485 finished with value: 0.12989604473114014 and parameters: {'mlp_n_layers': 1, 'mlp_dim_00': 479, 'node_hidden_dim': 48, 'edge_hidden_dim': 59, 'depth': 1, 'rep_dropout': 0.036111759253671105, 'train_learning_rate': 0.0014442561509812792, 'train_lr_reduce': 0.6}. Best is trial 673 with value: 0.11172225326299667.
[I 2024-12-19 20:49:20,913] Trial 1490 finished with value: 1.1423070430755615 and parameters: {'mlp_n_layers': 2, 'mlp_dim_00': 426, 'mlp_dim_01': 428, 'node_hidden_dim': 52, 'edge_hidden_dim': 43, 'depth': 1, 'rep_dropout': 0.05933340490785784, 'train_learning_rate': 0.0010333344174750445, 'train_lr_reduce': 0.6}. Best is trial 673 with value: 0.11172225326299667.
[I 2024-12-19 20:49:27,629] Trial 1491 finished with value: 1.1421009302139282 and parameters: {'mlp_n_layers': 3, 'mlp_dim_00': 185, 'mlp_dim_01': 473, 'mlp_dim_02': 118, 'node_hidden_dim': 102, 'edge_hidden_dim': 128, 'depth': 4, 'rep_dropout': 0.12668994459234895, 'train_learning_rate': 0.0005611041597893617, 'train_lr_reduce': 0.6}. Best is trial 673 with value: 0.11172225326299667.
[I 2024-12-19 20:49:44,116] Trial 1488 finished with value: 0.1679210215806961 and parameters: {'mlp_n_layers': 1, 'mlp_dim_00': 394, 'node_hidden_dim': 53, 'edge_hidden_dim': 39, 'depth': 1, 'rep_dropout': 0.009446556732747007, 'train_learning_rate': 0.0011980765560661761, 'train_lr_reduce': 0.6}. Best is trial 673 with value: 0.11172225326299667.
[I 2024-12-19 20:49:48,323] Trial 1489 finished with value: 0.19478119909763336 and parameters: {'mlp_n_layers': 1, 'mlp_dim_00': 284, 'node_hidden_dim': 38, 'edge_hidden_dim': 94, 'depth': 1, 'rep_dropout': 0.0038501074742146243, 'train_learning_rate': 0.001476893849314302, 'train_lr_reduce': 0.6}. Best is trial 673 with value: 0.11172225326299667.
[I 2024-12-19 20:49:56,389] Trial 1494 finished with value: 1.1420767307281494 and parameters: {'mlp_n_layers': 4, 'mlp_dim_00': 178, 'mlp_dim_01': 68, 'mlp_dim_02': 186, 'mlp_dim_03': 113, 'node_hidden_dim': 91, 'edge_hidden_dim': 57, 'depth': 4, 'rep_dropout': 0.1455167365744026, 'train_learning_rate': 0.0004230936827768654, 'train_lr_reduce': 0.6}. Best is trial 673 with value: 0.11172225326299667.
[I 2024-12-19 20:50:02,113] Trial 1495 finished with value: 1.1457031965255737 and parameters: {'mlp_n_layers': 2, 'mlp_dim_00': 412, 'mlp_dim_01': 435, 'node_hidden_dim': 49, 'edge_hidden_dim': 42, 'depth': 2, 'rep_dropout': 0.020477880467425293, 'train_learning_rate': 0.0039015788857622263, 'train_lr_reduce': 0.6}. Best is trial 673 with value: 0.11172225326299667.
[I 2024-12-19 20:50:11,537] Trial 1496 finished with value: 0.5443738102912903 and parameters: {'mlp_n_layers': 2, 'mlp_dim_00': 487, 'mlp_dim_01': 296, 'node_hidden_dim': 86, 'edge_hidden_dim': 63, 'depth': 1, 'rep_dropout': 0.07062764933883545, 'train_learning_rate': 0.009679113024728962, 'train_lr_reduce': 0.6}. Best is trial 673 with value: 0.11172225326299667.
[I 2024-12-19 20:50:11,861] Trial 1492 finished with value: 0.17431828379631042 and parameters: {'mlp_n_layers': 4, 'mlp_dim_00': 326, 'mlp_dim_01': 511, 'mlp_dim_02': 512, 'mlp_dim_03': 376, 'node_hidden_dim': 109, 'edge_hidden_dim': 53, 'depth': 1, 'rep_dropout': 0.14796337275453966, 'train_learning_rate': 0.008850586030782846, 'train_lr_reduce': 0.6}. Best is trial 673 with value: 0.11172225326299667.
[I 2024-12-19 20:50:16,542] Trial 1498 finished with value: 1.1431455612182617 and parameters: {'mlp_n_layers': 1, 'mlp_dim_00': 473, 'node_hidden_dim': 32, 'edge_hidden_dim': 40, 'depth': 1, 'rep_dropout': 0.03644780649703076, 'train_learning_rate': 0.0011034484565972797, 'train_lr_reduce': 0.6}. Best is trial 673 with value: 0.11172225326299667.
[I 2024-12-19 20:50:17,123] Trial 1493 finished with value: 0.15265902876853943 and parameters: {'mlp_n_layers': 2, 'mlp_dim_00': 420, 'mlp_dim_01': 387, 'node_hidden_dim': 65, 'edge_hidden_dim': 64, 'depth': 1, 'rep_dropout': 0.039296542679484195, 'train_learning_rate': 0.0034317875006790077, 'train_lr_reduce': 0.6}. Best is trial 673 with value: 0.11172225326299667.
[I 2024-12-19 20:50:18,130] Trial 1497 finished with value: 1.1419967412948608 and parameters: {'mlp_n_layers': 3, 'mlp_dim_00': 408, 'mlp_dim_01': 372, 'mlp_dim_02': 286, 'node_hidden_dim': 32, 'edge_hidden_dim': 39, 'depth': 3, 'rep_dropout': 0.025504296198261063, 'train_learning_rate': 0.00011918159700296335, 'train_lr_reduce': 0.6}. Best is trial 673 with value: 0.11172225326299667.
[I 2024-12-19 20:50:22,268] Trial 1499 finished with value: 1.1454752683639526 and parameters: {'mlp_n_layers': 1, 'mlp_dim_00': 482, 'node_hidden_dim': 56, 'edge_hidden_dim': 53, 'depth': 2, 'rep_dropout': 0.017287588452447492, 'train_learning_rate': 0.0018296666353839852, 'train_lr_reduce': 0.6}. Best is trial 673 with value: 0.11172225326299667.
[I 2024-12-19 20:50:26,112] Trial 1501 finished with value: 1.1420855522155762 and parameters: {'mlp_n_layers': 4, 'mlp_dim_00': 121, 'mlp_dim_01': 512, 'mlp_dim_02': 452, 'mlp_dim_03': 254, 'node_hidden_dim': 95, 'edge_hidden_dim': 67, 'depth': 4, 'rep_dropout': 0.07722496145642033, 'train_learning_rate': 0.0001353952445743023, 'train_lr_reduce': 0.6}. Best is trial 673 with value: 0.11172225326299667.
[I 2024-12-19 20:50:32,025] Trial 1503 finished with value: 1.1433807611465454 and parameters: {'mlp_n_layers': 3, 'mlp_dim_00': 447, 'mlp_dim_01': 326, 'mlp_dim_02': 342, 'node_hidden_dim': 37, 'edge_hidden_dim': 70, 'depth': 2, 'rep_dropout': 0.027117000531948172, 'train_learning_rate': 0.009884150585681966, 'train_lr_reduce': 0.6}. Best is trial 673 with value: 0.11172225326299667.
[I 2024-12-19 20:50:38,362] Trial 1504 finished with value: 1.150840401649475 and parameters: {'mlp_n_layers': 4, 'mlp_dim_00': 304, 'mlp_dim_01': 413, 'mlp_dim_02': 231, 'mlp_dim_03': 320, 'node_hidden_dim': 121, 'edge_hidden_dim': 112, 'depth': 2, 'rep_dropout': 0.10433366224388599, 'train_learning_rate': 0.0012106176305506004, 'train_lr_reduce': 0.6}. Best is trial 673 with value: 0.11172225326299667.
[I 2024-12-19 20:50:43,851] Trial 1500 finished with value: 0.21091516315937042 and parameters: {'mlp_n_layers': 1, 'mlp_dim_00': 490, 'node_hidden_dim': 64, 'edge_hidden_dim': 49, 'depth': 1, 'rep_dropout': 0.049124707911729876, 'train_learning_rate': 0.0014261786046242955, 'train_lr_reduce': 0.6}. Best is trial 673 with value: 0.11172225326299667.
[I 2024-12-19 20:50:45,724] Trial 1502 finished with value: 0.2698551416397095 and parameters: {'mlp_n_layers': 4, 'mlp_dim_00': 495, 'mlp_dim_01': 432, 'mlp_dim_02': 68, 'mlp_dim_03': 437, 'node_hidden_dim': 125, 'edge_hidden_dim': 109, 'depth': 1, 'rep_dropout': 0.035618299546284336, 'train_learning_rate': 0.0032830010247408346, 'train_lr_reduce': 0.6}. Best is trial 673 with value: 0.11172225326299667.
[I 2024-12-19 20:50:50,359] Trial 1507 finished with value: 1.1439666748046875 and parameters: {'mlp_n_layers': 2, 'mlp_dim_00': 382, 'mlp_dim_01': 471, 'node_hidden_dim': 36, 'edge_hidden_dim': 39, 'depth': 2, 'rep_dropout': 0.0598476831672778, 'train_learning_rate': 0.0027528151476859334, 'train_lr_reduce': 0.6}. Best is trial 673 with value: 0.11172225326299667.
