[I 2024-12-15 17:20:51,881] Trial 2217 finished with value: 0.23886629939079285 and parameters: {'mlp_n_layers': 4, 'mlp_dim_00': 176, 'mlp_dim_01': 144, 'mlp_dim_02': 64, 'mlp_dim_03': 48, 'hidden_channels': 224, 'num_layers': 4, 'num_timesteps': 2, 'dropout': 0.03494517825060399, 'train_learning_rate': 0.0013593175408917533, 'train_lr_reduce': 0.6}. Best is trial 2056 with value: 0.13246719539165497.
[I 2024-12-15 17:20:53,537] Trial 2216 finished with value: 0.13885098695755005 and parameters: {'mlp_n_layers': 3, 'mlp_dim_00': 96, 'mlp_dim_01': 160, 'mlp_dim_02': 112, 'hidden_channels': 192, 'num_layers': 1, 'num_timesteps': 4, 'dropout': 0.000297465759762511, 'train_learning_rate': 0.005066186390963597, 'train_lr_reduce': 0.6}. Best is trial 2056 with value: 0.13246719539165497.
[I 2024-12-15 17:20:56,531] Trial 2218 finished with value: 0.22511138021945953 and parameters: {'mlp_n_layers': 2, 'mlp_dim_00': 32, 'mlp_dim_01': 208, 'hidden_channels': 80, 'num_layers': 4, 'num_timesteps': 1, 'dropout': 0.09268903337994477, 'train_learning_rate': 0.00928576188206368, 'train_lr_reduce': 0.6}. Best is trial 2056 with value: 0.13246719539165497.
[I 2024-12-15 17:21:00,796] Trial 2220 finished with value: 0.20679044723510742 and parameters: {'mlp_n_layers': 4, 'mlp_dim_00': 64, 'mlp_dim_01': 208, 'mlp_dim_02': 112, 'mlp_dim_03': 80, 'hidden_channels': 224, 'num_layers': 2, 'num_timesteps': 3, 'dropout': 0.04624027322964122, 'train_learning_rate': 0.0035064329493064627, 'train_lr_reduce': 0.6}. Best is trial 2056 with value: 0.13246719539165497.
[I 2024-12-15 17:21:05,932] Trial 2221 finished with value: 0.18305309116840363 and parameters: {'mlp_n_layers': 3, 'mlp_dim_00': 48, 'mlp_dim_01': 144, 'mlp_dim_02': 112, 'hidden_channels': 176, 'num_layers': 1, 'num_timesteps': 4, 'dropout': 0.0034722878800069767, 'train_learning_rate': 0.002771992144623461, 'train_lr_reduce': 0.6}. Best is trial 2056 with value: 0.13246719539165497.
[I 2024-12-15 17:21:08,527] Trial 2222 finished with value: 0.23771601915359497 and parameters: {'mlp_n_layers': 3, 'mlp_dim_00': 80, 'mlp_dim_01': 160, 'mlp_dim_02': 112, 'hidden_channels': 192, 'num_layers': 2, 'num_timesteps': 4, 'dropout': 0.01790596715153542, 'train_learning_rate': 0.0038059321102861944, 'train_lr_reduce': 0.6}. Best is trial 2056 with value: 0.13246719539165497.
[I 2024-12-15 17:21:12,422] Trial 2219 finished with value: 0.502516508102417 and parameters: {'mlp_n_layers': 3, 'mlp_dim_00': 208, 'mlp_dim_01': 240, 'mlp_dim_02': 32, 'hidden_channels': 48, 'num_layers': 3, 'num_timesteps': 2, 'dropout': 0.04875105455638164, 'train_learning_rate': 0.00010035851006355909, 'train_lr_reduce': 0.6}. Best is trial 2056 with value: 0.13246719539165497.
[I 2024-12-15 17:21:16,133] Trial 2223 finished with value: 0.24957196414470673 and parameters: {'mlp_n_layers': 3, 'mlp_dim_00': 64, 'mlp_dim_01': 208, 'mlp_dim_02': 96, 'hidden_channels': 176, 'num_layers': 3, 'num_timesteps': 2, 'dropout': 0.27593388876601677, 'train_learning_rate': 0.0015416056425686076, 'train_lr_reduce': 0.6}. Best is trial 2056 with value: 0.13246719539165497.
[I 2024-12-15 17:21:23,236] Trial 2224 finished with value: 0.22002318501472473 and parameters: {'mlp_n_layers': 2, 'mlp_dim_00': 192, 'mlp_dim_01': 32, 'hidden_channels': 176, 'num_layers': 1, 'num_timesteps': 2, 'dropout': 0.1305631431347417, 'train_learning_rate': 0.0016270353473447402, 'train_lr_reduce': 0.6}. Best is trial 2056 with value: 0.13246719539165497.
[I 2024-12-15 17:21:24,706] Trial 2226 finished with value: 0.19450637698173523 and parameters: {'mlp_n_layers': 3, 'mlp_dim_00': 96, 'mlp_dim_01': 128, 'mlp_dim_02': 96, 'hidden_channels': 224, 'num_layers': 1, 'num_timesteps': 4, 'dropout': 0.014099172211307139, 'train_learning_rate': 0.008198448283082362, 'train_lr_reduce': 0.6}. Best is trial 2056 with value: 0.13246719539165497.
[I 2024-12-15 17:21:24,911] Trial 2225 finished with value: 0.2216758131980896 and parameters: {'mlp_n_layers': 3, 'mlp_dim_00': 112, 'mlp_dim_01': 128, 'mlp_dim_02': 112, 'hidden_channels': 224, 'num_layers': 1, 'num_timesteps': 4, 'dropout': 0.011846894332335121, 'train_learning_rate': 0.002941123390763418, 'train_lr_reduce': 0.6}. Best is trial 2056 with value: 0.13246719539165497.
[I 2024-12-15 17:21:30,598] Trial 2228 finished with value: 0.22249579429626465 and parameters: {'mlp_n_layers': 3, 'mlp_dim_00': 144, 'mlp_dim_01': 144, 'mlp_dim_02': 112, 'hidden_channels': 192, 'num_layers': 1, 'num_timesteps': 3, 'dropout': 0.008705643728658997, 'train_learning_rate': 0.004845578125856532, 'train_lr_reduce': 0.6}. Best is trial 2056 with value: 0.13246719539165497.
[I 2024-12-15 17:21:33,222] Trial 2227 finished with value: 0.2327260971069336 and parameters: {'mlp_n_layers': 4, 'mlp_dim_00': 32, 'mlp_dim_01': 208, 'mlp_dim_02': 112, 'mlp_dim_03': 96, 'hidden_channels': 208, 'num_layers': 3, 'num_timesteps': 4, 'dropout': 0.016179630364348895, 'train_learning_rate': 0.0048600981022721475, 'train_lr_reduce': 0.6}. Best is trial 2056 with value: 0.13246719539165497.
[I 2024-12-15 17:21:37,843] Trial 2229 finished with value: 0.19623051583766937 and parameters: {'mlp_n_layers': 4, 'mlp_dim_00': 80, 'mlp_dim_01': 224, 'mlp_dim_02': 96, 'mlp_dim_03': 64, 'hidden_channels': 208, 'num_layers': 2, 'num_timesteps': 4, 'dropout': 0.024004921626459196, 'train_learning_rate': 0.004020636282882352, 'train_lr_reduce': 0.6}. Best is trial 2056 with value: 0.13246719539165497.
[I 2024-12-15 17:21:45,384] Trial 2231 finished with value: 0.237748920917511 and parameters: {'mlp_n_layers': 4, 'mlp_dim_00': 48, 'mlp_dim_01': 240, 'mlp_dim_02': 112, 'mlp_dim_03': 32, 'hidden_channels': 208, 'num_layers': 2, 'num_timesteps': 4, 'dropout': 0.021051308741874566, 'train_learning_rate': 0.0036349570359351857, 'train_lr_reduce': 0.6}. Best is trial 2056 with value: 0.13246719539165497.
[I 2024-12-15 17:21:52,358] Trial 2232 finished with value: 0.16531389951705933 and parameters: {'mlp_n_layers': 3, 'mlp_dim_00': 96, 'mlp_dim_01': 176, 'mlp_dim_02': 112, 'hidden_channels': 192, 'num_layers': 1, 'num_timesteps': 4, 'dropout': 0.028954205850412702, 'train_learning_rate': 0.0019119794771416516, 'train_lr_reduce': 0.6}. Best is trial 2056 with value: 0.13246719539165497.
[I 2024-12-15 17:21:53,739] Trial 2230 finished with value: 0.54542475938797 and parameters: {'mlp_n_layers': 3, 'mlp_dim_00': 256, 'mlp_dim_01': 144, 'mlp_dim_02': 96, 'hidden_channels': 256, 'num_layers': 3, 'num_timesteps': 4, 'dropout': 0.2606136638636488, 'train_learning_rate': 0.0001665185740960836, 'train_lr_reduce': 0.6}. Best is trial 2056 with value: 0.13246719539165497.
[I 2024-12-15 17:21:55,092] Trial 2233 finished with value: 0.21107029914855957 and parameters: {'mlp_n_layers': 4, 'mlp_dim_00': 80, 'mlp_dim_01': 112, 'mlp_dim_02': 112, 'mlp_dim_03': 96, 'hidden_channels': 256, 'num_layers': 1, 'num_timesteps': 4, 'dropout': 0.14116206001418075, 'train_learning_rate': 0.0024697016914939406, 'train_lr_reduce': 0.6}. Best is trial 2056 with value: 0.13246719539165497.
[I 2024-12-15 17:22:02,034] Trial 2236 finished with value: 0.20477652549743652 and parameters: {'mlp_n_layers': 4, 'mlp_dim_00': 128, 'mlp_dim_01': 192, 'mlp_dim_02': 112, 'mlp_dim_03': 64, 'hidden_channels': 176, 'num_layers': 1, 'num_timesteps': 4, 'dropout': 0.014503565400851261, 'train_learning_rate': 0.00975146356443287, 'train_lr_reduce': 0.6}. Best is trial 2056 with value: 0.13246719539165497.
[I 2024-12-15 17:22:03,655] Trial 2235 finished with value: 0.15104663372039795 and parameters: {'mlp_n_layers': 3, 'mlp_dim_00': 80, 'mlp_dim_01': 160, 'mlp_dim_02': 112, 'hidden_channels': 160, 'num_layers': 1, 'num_timesteps': 3, 'dropout': 0.0034055578261632845, 'train_learning_rate': 0.0067370856655694636, 'train_lr_reduce': 0.6}. Best is trial 2056 with value: 0.13246719539165497.
[I 2024-12-15 17:22:04,164] Trial 2234 finished with value: 0.18739162385463715 and parameters: {'mlp_n_layers': 3, 'mlp_dim_00': 112, 'mlp_dim_01': 96, 'mlp_dim_02': 32, 'hidden_channels': 208, 'num_layers': 1, 'num_timesteps': 3, 'dropout': 0.011480419985267151, 'train_learning_rate': 0.007036332879713883, 'train_lr_reduce': 0.6}. Best is trial 2056 with value: 0.13246719539165497.
[I 2024-12-15 17:22:14,415] Trial 2239 finished with value: 0.1905631273984909 and parameters: {'mlp_n_layers': 4, 'mlp_dim_00': 80, 'mlp_dim_01': 176, 'mlp_dim_02': 64, 'mlp_dim_03': 96, 'hidden_channels': 208, 'num_layers': 1, 'num_timesteps': 4, 'dropout': 0.0001238660212914168, 'train_learning_rate': 0.002710974342415486, 'train_lr_reduce': 0.6}. Best is trial 2056 with value: 0.13246719539165497.
[I 2024-12-15 17:22:17,373] Trial 2237 finished with value: 0.207359179854393 and parameters: {'mlp_n_layers': 3, 'mlp_dim_00': 96, 'mlp_dim_01': 160, 'mlp_dim_02': 32, 'hidden_channels': 160, 'num_layers': 1, 'num_timesteps': 4, 'dropout': 0.011146057268451583, 'train_learning_rate': 0.0038525510115245743, 'train_lr_reduce': 0.6}. Best is trial 2056 with value: 0.13246719539165497.
[I 2024-12-15 17:22:20,960] Trial 2238 finished with value: 0.1511799544095993 and parameters: {'mlp_n_layers': 3, 'mlp_dim_00': 32, 'mlp_dim_01': 144, 'mlp_dim_02': 48, 'hidden_channels': 256, 'num_layers': 1, 'num_timesteps': 3, 'dropout': 0.008250467805459415, 'train_learning_rate': 0.005573529985185275, 'train_lr_reduce': 0.6}. Best is trial 2056 with value: 0.13246719539165497.
[I 2024-12-15 17:22:21,796] Trial 2240 finished with value: 0.22490234673023224 and parameters: {'mlp_n_layers': 3, 'mlp_dim_00': 112, 'mlp_dim_01': 160, 'mlp_dim_02': 112, 'hidden_channels': 192, 'num_layers': 1, 'num_timesteps': 4, 'dropout': 0.020584203692198495, 'train_learning_rate': 0.005074381110517813, 'train_lr_reduce': 0.6}. Best is trial 2056 with value: 0.13246719539165497.
[I 2024-12-15 17:22:30,803] Trial 2243 finished with value: 0.22562986612319946 and parameters: {'mlp_n_layers': 4, 'mlp_dim_00': 32, 'mlp_dim_01': 224, 'mlp_dim_02': 64, 'mlp_dim_03': 96, 'hidden_channels': 224, 'num_layers': 2, 'num_timesteps': 4, 'dropout': 0.0012307079099574936, 'train_learning_rate': 0.005807942500840404, 'train_lr_reduce': 0.6}. Best is trial 2056 with value: 0.13246719539165497.
[I 2024-12-15 17:22:33,511] Trial 2242 finished with value: 0.18068908154964447 and parameters: {'mlp_n_layers': 4, 'mlp_dim_00': 48, 'mlp_dim_01': 224, 'mlp_dim_02': 80, 'mlp_dim_03': 80, 'hidden_channels': 192, 'num_layers': 1, 'num_timesteps': 4, 'dropout': 0.001799433717357675, 'train_learning_rate': 0.003963256419980493, 'train_lr_reduce': 0.6}. Best is trial 2056 with value: 0.13246719539165497.
[I 2024-12-15 17:22:36,664] Trial 2241 finished with value: 0.3724280595779419 and parameters: {'mlp_n_layers': 4, 'mlp_dim_00': 32, 'mlp_dim_01': 240, 'mlp_dim_02': 48, 'mlp_dim_03': 48, 'hidden_channels': 144, 'num_layers': 2, 'num_timesteps': 1, 'dropout': 0.2874014157250451, 'train_learning_rate': 0.00013888301654811796, 'train_lr_reduce': 0.6}. Best is trial 2056 with value: 0.13246719539165497.
[I 2024-12-15 17:22:40,609] Trial 2246 finished with value: 1.0099639892578125 and parameters: {'mlp_n_layers': 4, 'mlp_dim_00': 80, 'mlp_dim_01': 176, 'mlp_dim_02': 112, 'mlp_dim_03': 32, 'hidden_channels': 192, 'num_layers': 2, 'num_timesteps': 4, 'dropout': 0.0018835193453954069, 'train_learning_rate': 0.00544243071596126, 'train_lr_reduce': 0.6}. Best is trial 2056 with value: 0.13246719539165497.
[I 2024-12-15 17:22:43,241] Trial 2245 finished with value: 0.19674205780029297 and parameters: {'mlp_n_layers': 3, 'mlp_dim_00': 80, 'mlp_dim_01': 192, 'mlp_dim_02': 32, 'hidden_channels': 176, 'num_layers': 1, 'num_timesteps': 3, 'dropout': 0.003790047802859203, 'train_learning_rate': 0.002609003021084979, 'train_lr_reduce': 0.6}. Best is trial 2056 with value: 0.13246719539165497.
[I 2024-12-15 17:22:58,349] Trial 2244 finished with value: 0.2072049081325531 and parameters: {'mlp_n_layers': 3, 'mlp_dim_00': 32, 'mlp_dim_01': 128, 'mlp_dim_02': 80, 'hidden_channels': 48, 'num_layers': 2, 'num_timesteps': 3, 'dropout': 0.17968786444802343, 'train_learning_rate': 0.0007815377179438794, 'train_lr_reduce': 0.6}. Best is trial 2056 with value: 0.13246719539165497.
[I 2024-12-15 17:23:02,861] Trial 2248 finished with value: 0.23055492341518402 and parameters: {'mlp_n_layers': 4, 'mlp_dim_00': 32, 'mlp_dim_01': 176, 'mlp_dim_02': 80, 'mlp_dim_03': 64, 'hidden_channels': 144, 'num_layers': 2, 'num_timesteps': 3, 'dropout': 0.007495326960539085, 'train_learning_rate': 0.009172581481628384, 'train_lr_reduce': 0.6}. Best is trial 2056 with value: 0.13246719539165497.
[I 2024-12-15 17:23:06,371] Trial 2247 finished with value: 0.1522904336452484 and parameters: {'mlp_n_layers': 4, 'mlp_dim_00': 64, 'mlp_dim_01': 144, 'mlp_dim_02': 48, 'mlp_dim_03': 80, 'hidden_channels': 240, 'num_layers': 1, 'num_timesteps': 4, 'dropout': 0.03726561630269086, 'train_learning_rate': 0.0037479705262217656, 'train_lr_reduce': 0.6}. Best is trial 2056 with value: 0.13246719539165497.
[I 2024-12-15 17:23:08,889] Trial 2249 finished with value: 0.2712293863296509 and parameters: {'mlp_n_layers': 4, 'mlp_dim_00': 96, 'mlp_dim_01': 176, 'mlp_dim_02': 64, 'mlp_dim_03': 96, 'hidden_channels': 208, 'num_layers': 1, 'num_timesteps': 3, 'dropout': 0.07414554723631789, 'train_learning_rate': 0.0064762472650963495, 'train_lr_reduce': 0.6}. Best is trial 2056 with value: 0.13246719539165497.
[I 2024-12-15 17:23:15,519] Trial 2251 finished with value: 0.19316375255584717 and parameters: {'mlp_n_layers': 4, 'mlp_dim_00': 32, 'mlp_dim_01': 160, 'mlp_dim_02': 96, 'mlp_dim_03': 48, 'hidden_channels': 224, 'num_layers': 1, 'num_timesteps': 4, 'dropout': 0.020478051665036173, 'train_learning_rate': 0.004318044089715306, 'train_lr_reduce': 0.6}. Best is trial 2056 with value: 0.13246719539165497.
[I 2024-12-15 17:23:17,090] Trial 2252 finished with value: 0.2025504857301712 and parameters: {'mlp_n_layers': 4, 'mlp_dim_00': 112, 'mlp_dim_01': 128, 'mlp_dim_02': 48, 'mlp_dim_03': 64, 'hidden_channels': 224, 'num_layers': 1, 'num_timesteps': 3, 'dropout': 0.0007998043208888063, 'train_learning_rate': 0.004246553108336117, 'train_lr_reduce': 0.6}. Best is trial 2056 with value: 0.13246719539165497.
[I 2024-12-15 17:23:19,427] Trial 2250 finished with value: 0.19505658745765686 and parameters: {'mlp_n_layers': 3, 'mlp_dim_00': 112, 'mlp_dim_01': 176, 'mlp_dim_02': 112, 'hidden_channels': 240, 'num_layers': 1, 'num_timesteps': 4, 'dropout': 0.1407034741743905, 'train_learning_rate': 0.0036939507858613583, 'train_lr_reduce': 0.6}. Best is trial 2056 with value: 0.13246719539165497.
[I 2024-12-15 17:23:26,071] Trial 2255 finished with value: 0.18802864849567413 and parameters: {'mlp_n_layers': 2, 'mlp_dim_00': 112, 'mlp_dim_01': 128, 'hidden_channels': 256, 'num_layers': 1, 'num_timesteps': 4, 'dropout': 0.002042235905994733, 'train_learning_rate': 0.008917522383986217, 'train_lr_reduce': 0.6}. Best is trial 2056 with value: 0.13246719539165497.
[I 2024-12-15 17:23:29,736] Trial 2254 finished with value: 0.22981511056423187 and parameters: {'mlp_n_layers': 4, 'mlp_dim_00': 32, 'mlp_dim_01': 224, 'mlp_dim_02': 32, 'mlp_dim_03': 32, 'hidden_channels': 176, 'num_layers': 2, 'num_timesteps': 4, 'dropout': 0.07099951929903439, 'train_learning_rate': 0.004154028266767918, 'train_lr_reduce': 0.6}. Best is trial 2056 with value: 0.13246719539165497.
[I 2024-12-15 17:23:31,594] Trial 2253 finished with value: 0.1599244475364685 and parameters: {'mlp_n_layers': 4, 'mlp_dim_00': 48, 'mlp_dim_01': 176, 'mlp_dim_02': 80, 'mlp_dim_03': 96, 'hidden_channels': 208, 'num_layers': 1, 'num_timesteps': 3, 'dropout': 0.012742793526554748, 'train_learning_rate': 0.0013871020737769714, 'train_lr_reduce': 0.6}. Best is trial 2056 with value: 0.13246719539165497.
[I 2024-12-15 17:23:39,313] Trial 2258 finished with value: 0.22615204751491547 and parameters: {'mlp_n_layers': 4, 'mlp_dim_00': 32, 'mlp_dim_01': 208, 'mlp_dim_02': 112, 'mlp_dim_03': 96, 'hidden_channels': 192, 'num_layers': 2, 'num_timesteps': 3, 'dropout': 0.014669863522448177, 'train_learning_rate': 0.00893909689273482, 'train_lr_reduce': 0.6}. Best is trial 2056 with value: 0.13246719539165497.
[I 2024-12-15 17:23:41,611] Trial 2256 finished with value: 0.19206936657428741 and parameters: {'mlp_n_layers': 4, 'mlp_dim_00': 32, 'mlp_dim_01': 112, 'mlp_dim_02': 64, 'mlp_dim_03': 80, 'hidden_channels': 256, 'num_layers': 1, 'num_timesteps': 4, 'dropout': 0.09520913514915841, 'train_learning_rate': 0.004063595863466973, 'train_lr_reduce': 0.6}. Best is trial 2056 with value: 0.13246719539165497.
[I 2024-12-15 17:23:46,199] Trial 2257 finished with value: 0.16170953214168549 and parameters: {'mlp_n_layers': 3, 'mlp_dim_00': 80, 'mlp_dim_01': 144, 'mlp_dim_02': 80, 'hidden_channels': 208, 'num_layers': 1, 'num_timesteps': 4, 'dropout': 0.026705603692329966, 'train_learning_rate': 0.0024857182879104763, 'train_lr_reduce': 0.6}. Best is trial 2056 with value: 0.13246719539165497.
[I 2024-12-15 17:23:47,029] Trial 2259 finished with value: 0.23721016943454742 and parameters: {'mlp_n_layers': 4, 'mlp_dim_00': 32, 'mlp_dim_01': 240, 'mlp_dim_02': 48, 'mlp_dim_03': 64, 'hidden_channels': 224, 'num_layers': 2, 'num_timesteps': 3, 'dropout': 0.04241867981836653, 'train_learning_rate': 0.008320960585411322, 'train_lr_reduce': 0.6}. Best is trial 2056 with value: 0.13246719539165497.
[I 2024-12-15 17:23:53,330] Trial 2262 finished with value: 0.20884284377098083 and parameters: {'mlp_n_layers': 3, 'mlp_dim_00': 192, 'mlp_dim_01': 48, 'mlp_dim_02': 64, 'hidden_channels': 256, 'num_layers': 2, 'num_timesteps': 3, 'dropout': 0.24943708819805027, 'train_learning_rate': 0.005344671120992896, 'train_lr_reduce': 0.6}. Best is trial 2056 with value: 0.13246719539165497.
[I 2024-12-15 17:23:54,433] Trial 2260 finished with value: 0.20121483504772186 and parameters: {'mlp_n_layers': 2, 'mlp_dim_00': 96, 'mlp_dim_01': 192, 'hidden_channels': 192, 'num_layers': 1, 'num_timesteps': 4, 'dropout': 0.02346703767460682, 'train_learning_rate': 0.001612556075916831, 'train_lr_reduce': 0.6}. Best is trial 2056 with value: 0.13246719539165497.
[I 2024-12-15 17:23:58,489] Trial 2261 finished with value: 0.17933477461338043 and parameters: {'mlp_n_layers': 3, 'mlp_dim_00': 80, 'mlp_dim_01': 112, 'mlp_dim_02': 96, 'hidden_channels': 208, 'num_layers': 1, 'num_timesteps': 4, 'dropout': 0.08847473067973192, 'train_learning_rate': 0.002860666642969993, 'train_lr_reduce': 0.6}. Best is trial 2056 with value: 0.13246719539165497.
[I 2024-12-15 17:24:02,884] Trial 2263 finished with value: 0.15703445672988892 and parameters: {'mlp_n_layers': 3, 'mlp_dim_00': 80, 'mlp_dim_01': 192, 'mlp_dim_02': 48, 'hidden_channels': 144, 'num_layers': 1, 'num_timesteps': 4, 'dropout': 0.0017283208420256543, 'train_learning_rate': 0.005524750485842352, 'train_lr_reduce': 0.6}. Best is trial 2056 with value: 0.13246719539165497.
[I 2024-12-15 17:24:03,235] Trial 2264 finished with value: 0.1726667582988739 and parameters: {'mlp_n_layers': 4, 'mlp_dim_00': 80, 'mlp_dim_01': 192, 'mlp_dim_02': 80, 'mlp_dim_03': 96, 'hidden_channels': 224, 'num_layers': 1, 'num_timesteps': 4, 'dropout': 0.002410011057654862, 'train_learning_rate': 0.0035288607839414807, 'train_lr_reduce': 0.6}. Best is trial 2056 with value: 0.13246719539165497.
[I 2024-12-15 17:24:08,130] Trial 2265 finished with value: 0.19512231647968292 and parameters: {'mlp_n_layers': 4, 'mlp_dim_00': 48, 'mlp_dim_01': 144, 'mlp_dim_02': 96, 'mlp_dim_03': 48, 'hidden_channels': 176, 'num_layers': 1, 'num_timesteps': 4, 'dropout': 0.00629659315564664, 'train_learning_rate': 0.0052903371104752114, 'train_lr_reduce': 0.6}. Best is trial 2056 with value: 0.13246719539165497.
[I 2024-12-15 17:24:11,123] Trial 2267 finished with value: 0.18927349150180817 and parameters: {'mlp_n_layers': 3, 'mlp_dim_00': 96, 'mlp_dim_01': 160, 'mlp_dim_02': 64, 'hidden_channels': 176, 'num_layers': 1, 'num_timesteps': 4, 'dropout': 0.07743825060026366, 'train_learning_rate': 0.004632205461451512, 'train_lr_reduce': 0.6}. Best is trial 2056 with value: 0.13246719539165497.
[I 2024-12-15 17:24:11,826] Trial 2266 finished with value: 0.2106083482503891 and parameters: {'mlp_n_layers': 4, 'mlp_dim_00': 176, 'mlp_dim_01': 48, 'mlp_dim_02': 32, 'mlp_dim_03': 80, 'hidden_channels': 240, 'num_layers': 2, 'num_timesteps': 4, 'dropout': 0.0362943371418898, 'train_learning_rate': 0.0080482724794289, 'train_lr_reduce': 0.6}. Best is trial 2056 with value: 0.13246719539165497.
[I 2024-12-15 17:24:17,350] Trial 2268 finished with value: 0.21516986191272736 and parameters: {'mlp_n_layers': 3, 'mlp_dim_00': 32, 'mlp_dim_01': 240, 'mlp_dim_02': 112, 'hidden_channels': 176, 'num_layers': 2, 'num_timesteps': 4, 'dropout': 0.034912443533034576, 'train_learning_rate': 0.004490037664998994, 'train_lr_reduce': 0.6}. Best is trial 2056 with value: 0.13246719539165497.
[I 2024-12-15 17:24:20,946] Trial 2270 finished with value: 0.20464852452278137 and parameters: {'mlp_n_layers': 4, 'mlp_dim_00': 128, 'mlp_dim_01': 112, 'mlp_dim_02': 80, 'mlp_dim_03': 64, 'hidden_channels': 256, 'num_layers': 1, 'num_timesteps': 4, 'dropout': 0.08447624814721207, 'train_learning_rate': 0.009293353955348273, 'train_lr_reduce': 0.6}. Best is trial 2056 with value: 0.13246719539165497.
[I 2024-12-15 17:24:22,556] Trial 2269 finished with value: 0.2013201266527176 and parameters: {'mlp_n_layers': 3, 'mlp_dim_00': 112, 'mlp_dim_01': 192, 'mlp_dim_02': 64, 'hidden_channels': 208, 'num_layers': 1, 'num_timesteps': 4, 'dropout': 0.0006661787782409404, 'train_learning_rate': 0.00513383083956138, 'train_lr_reduce': 0.6}. Best is trial 2056 with value: 0.13246719539165497.
