[I 2024-12-15 17:00:32,618] Trial 1883 finished with value: 0.17973701655864716 and parameters: {'mlp_n_layers': 2, 'mlp_dim_00': 128, 'mlp_dim_01': 224, 'hidden_channels': 176, 'num_layers': 1, 'num_timesteps': 4, 'dropout': 0.06583254841082434, 'train_learning_rate': 0.0027955039362130853, 'train_lr_reduce': 0.6}. Best is trial 632 with value: 0.13978464901447296.
[I 2024-12-15 17:00:34,681] Trial 1885 finished with value: 0.2375202178955078 and parameters: {'mlp_n_layers': 4, 'mlp_dim_00': 160, 'mlp_dim_01': 128, 'mlp_dim_02': 80, 'mlp_dim_03': 80, 'hidden_channels': 160, 'num_layers': 2, 'num_timesteps': 4, 'dropout': 0.010262180710729166, 'train_learning_rate': 0.002879228381208973, 'train_lr_reduce': 0.6}. Best is trial 632 with value: 0.13978464901447296.
[I 2024-12-15 17:00:36,884] Trial 1886 finished with value: 0.24359335005283356 and parameters: {'mlp_n_layers': 3, 'mlp_dim_00': 144, 'mlp_dim_01': 224, 'mlp_dim_02': 96, 'hidden_channels': 240, 'num_layers': 2, 'num_timesteps': 4, 'dropout': 0.055671171968791525, 'train_learning_rate': 0.0017624270823742064, 'train_lr_reduce': 0.6}. Best is trial 632 with value: 0.13978464901447296.
[I 2024-12-15 17:00:39,217] Trial 1887 finished with value: 0.23821349442005157 and parameters: {'mlp_n_layers': 2, 'mlp_dim_00': 144, 'mlp_dim_01': 224, 'hidden_channels': 192, 'num_layers': 1, 'num_timesteps': 4, 'dropout': 0.021336506713426722, 'train_learning_rate': 0.008931583444648237, 'train_lr_reduce': 0.6}. Best is trial 632 with value: 0.13978464901447296.
[I 2024-12-15 17:00:52,413] Trial 1890 finished with value: 0.23606549203395844 and parameters: {'mlp_n_layers': 3, 'mlp_dim_00': 176, 'mlp_dim_01': 224, 'mlp_dim_02': 48, 'hidden_channels': 240, 'num_layers': 2, 'num_timesteps': 3, 'dropout': 0.0024937634780262084, 'train_learning_rate': 0.0014296790257981096, 'train_lr_reduce': 0.6}. Best is trial 632 with value: 0.13978464901447296.
[I 2024-12-15 17:00:53,354] Trial 1888 finished with value: 0.24577051401138306 and parameters: {'mlp_n_layers': 4, 'mlp_dim_00': 240, 'mlp_dim_01': 224, 'mlp_dim_02': 48, 'mlp_dim_03': 112, 'hidden_channels': 256, 'num_layers': 1, 'num_timesteps': 1, 'dropout': 0.019888788285020526, 'train_learning_rate': 0.00011047298987613357, 'train_lr_reduce': 0.6}. Best is trial 632 with value: 0.13978464901447296.
[I 2024-12-15 17:00:56,276] Trial 1889 finished with value: 0.7429702877998352 and parameters: {'mlp_n_layers': 4, 'mlp_dim_00': 208, 'mlp_dim_01': 96, 'mlp_dim_02': 64, 'mlp_dim_03': 48, 'hidden_channels': 32, 'num_layers': 4, 'num_timesteps': 3, 'dropout': 0.16228812395209694, 'train_learning_rate': 0.0004956984778203676, 'train_lr_reduce': 0.6}. Best is trial 632 with value: 0.13978464901447296.
[I 2024-12-15 17:01:00,333] Trial 1891 finished with value: 0.220610111951828 and parameters: {'mlp_n_layers': 2, 'mlp_dim_00': 192, 'mlp_dim_01': 256, 'hidden_channels': 192, 'num_layers': 1, 'num_timesteps': 4, 'dropout': 0.051902335236434304, 'train_learning_rate': 0.005342705025333616, 'train_lr_reduce': 0.6}. Best is trial 632 with value: 0.13978464901447296.
[I 2024-12-15 17:01:00,472] Trial 1892 finished with value: 0.1984708309173584 and parameters: {'mlp_n_layers': 3, 'mlp_dim_00': 128, 'mlp_dim_01': 192, 'mlp_dim_02': 96, 'hidden_channels': 240, 'num_layers': 1, 'num_timesteps': 4, 'dropout': 0.010267993078211596, 'train_learning_rate': 0.0033823932165778356, 'train_lr_reduce': 0.6}. Best is trial 632 with value: 0.13978464901447296.
[I 2024-12-15 17:01:05,885] Trial 1893 finished with value: 0.17396651208400726 and parameters: {'mlp_n_layers': 3, 'mlp_dim_00': 160, 'mlp_dim_01': 208, 'mlp_dim_02': 96, 'hidden_channels': 256, 'num_layers': 1, 'num_timesteps': 4, 'dropout': 0.04111892772072632, 'train_learning_rate': 0.0027391876479857034, 'train_lr_reduce': 0.6}. Best is trial 632 with value: 0.13978464901447296.
[I 2024-12-15 17:01:09,840] Trial 1895 finished with value: 0.22044681012630463 and parameters: {'mlp_n_layers': 2, 'mlp_dim_00': 144, 'mlp_dim_01': 144, 'hidden_channels': 160, 'num_layers': 3, 'num_timesteps': 1, 'dropout': 0.2091347218422821, 'train_learning_rate': 0.005227304930505645, 'train_lr_reduce': 0.6}. Best is trial 632 with value: 0.13978464901447296.
[I 2024-12-15 17:01:12,997] Trial 1894 finished with value: 0.25035619735717773 and parameters: {'mlp_n_layers': 4, 'mlp_dim_00': 224, 'mlp_dim_01': 176, 'mlp_dim_02': 48, 'mlp_dim_03': 64, 'hidden_channels': 64, 'num_layers': 3, 'num_timesteps': 1, 'dropout': 0.165666136373399, 'train_learning_rate': 0.0005668865176315129, 'train_lr_reduce': 0.6}. Best is trial 632 with value: 0.13978464901447296.
[I 2024-12-15 17:01:15,368] Trial 1897 finished with value: 0.21016831696033478 and parameters: {'mlp_n_layers': 2, 'mlp_dim_00': 144, 'mlp_dim_01': 176, 'hidden_channels': 192, 'num_layers': 1, 'num_timesteps': 3, 'dropout': 0.0008145364722947491, 'train_learning_rate': 0.004549135710874265, 'train_lr_reduce': 0.6}. Best is trial 632 with value: 0.13978464901447296.
[I 2024-12-15 17:01:19,505] Trial 1896 finished with value: 0.18451325595378876 and parameters: {'mlp_n_layers': 3, 'mlp_dim_00': 128, 'mlp_dim_01': 192, 'mlp_dim_02': 96, 'hidden_channels': 208, 'num_layers': 1, 'num_timesteps': 4, 'dropout': 0.05774865929069384, 'train_learning_rate': 0.0007608740411655631, 'train_lr_reduce': 0.6}. Best is trial 632 with value: 0.13978464901447296.
[I 2024-12-15 17:01:21,832] Trial 1898 finished with value: 0.21077169477939606 and parameters: {'mlp_n_layers': 3, 'mlp_dim_00': 144, 'mlp_dim_01': 240, 'mlp_dim_02': 80, 'hidden_channels': 128, 'num_layers': 2, 'num_timesteps': 4, 'dropout': 0.007654047358151127, 'train_learning_rate': 0.0019212936830434056, 'train_lr_reduce': 0.6}. Best is trial 632 with value: 0.13978464901447296.
[I 2024-12-15 17:01:24,334] Trial 1899 finished with value: 0.22948546707630157 and parameters: {'mlp_n_layers': 4, 'mlp_dim_00': 64, 'mlp_dim_01': 192, 'mlp_dim_02': 80, 'mlp_dim_03': 112, 'hidden_channels': 176, 'num_layers': 1, 'num_timesteps': 4, 'dropout': 0.0028108397511324087, 'train_learning_rate': 0.0029896015070919883, 'train_lr_reduce': 0.6}. Best is trial 632 with value: 0.13978464901447296.
[I 2024-12-15 17:01:25,813] Trial 1900 finished with value: 0.23466093838214874 and parameters: {'mlp_n_layers': 2, 'mlp_dim_00': 80, 'mlp_dim_01': 256, 'hidden_channels': 192, 'num_layers': 1, 'num_timesteps': 4, 'dropout': 0.07328446990321766, 'train_learning_rate': 0.004113128218331738, 'train_lr_reduce': 0.6}. Best is trial 632 with value: 0.13978464901447296.
[I 2024-12-15 17:01:30,859] Trial 1901 finished with value: 0.1978045254945755 and parameters: {'mlp_n_layers': 3, 'mlp_dim_00': 160, 'mlp_dim_01': 208, 'mlp_dim_02': 48, 'hidden_channels': 144, 'num_layers': 1, 'num_timesteps': 4, 'dropout': 0.02033936192863997, 'train_learning_rate': 0.005429556352041054, 'train_lr_reduce': 0.6}. Best is trial 632 with value: 0.13978464901447296.
[I 2024-12-15 17:01:33,677] Trial 1902 finished with value: 0.1870439052581787 and parameters: {'mlp_n_layers': 3, 'mlp_dim_00': 160, 'mlp_dim_01': 256, 'mlp_dim_02': 64, 'hidden_channels': 192, 'num_layers': 1, 'num_timesteps': 4, 'dropout': 0.01709585965912716, 'train_learning_rate': 0.005318253174016963, 'train_lr_reduce': 0.6}. Best is trial 632 with value: 0.13978464901447296.
[I 2024-12-15 17:01:40,816] Trial 1904 finished with value: 0.1665578931570053 and parameters: {'mlp_n_layers': 4, 'mlp_dim_00': 176, 'mlp_dim_01': 208, 'mlp_dim_02': 64, 'mlp_dim_03': 32, 'hidden_channels': 192, 'num_layers': 1, 'num_timesteps': 4, 'dropout': 0.0440936237413985, 'train_learning_rate': 0.005720456184742771, 'train_lr_reduce': 0.6}. Best is trial 632 with value: 0.13978464901447296.
[I 2024-12-15 17:01:41,929] Trial 1905 finished with value: 0.2505258619785309 and parameters: {'mlp_n_layers': 3, 'mlp_dim_00': 192, 'mlp_dim_01': 192, 'mlp_dim_02': 128, 'hidden_channels': 192, 'num_layers': 1, 'num_timesteps': 4, 'dropout': 0.048431245569374316, 'train_learning_rate': 0.00851002077987768, 'train_lr_reduce': 0.6}. Best is trial 632 with value: 0.13978464901447296.
[I 2024-12-15 17:01:44,071] Trial 1903 finished with value: 0.3086133599281311 and parameters: {'mlp_n_layers': 2, 'mlp_dim_00': 240, 'mlp_dim_01': 192, 'hidden_channels': 192, 'num_layers': 4, 'num_timesteps': 1, 'dropout': 0.2376034011558119, 'train_learning_rate': 0.00011956015030267089, 'train_lr_reduce': 0.6}. Best is trial 632 with value: 0.13978464901447296.
[I 2024-12-15 17:01:50,065] Trial 1907 finished with value: 0.20023639500141144 and parameters: {'mlp_n_layers': 4, 'mlp_dim_00': 176, 'mlp_dim_01': 128, 'mlp_dim_02': 80, 'mlp_dim_03': 256, 'hidden_channels': 128, 'num_layers': 1, 'num_timesteps': 4, 'dropout': 0.003916864659453279, 'train_learning_rate': 0.0029072167580469735, 'train_lr_reduce': 0.6}. Best is trial 632 with value: 0.13978464901447296.
[I 2024-12-15 17:01:54,289] Trial 1908 finished with value: 0.14742326736450195 and parameters: {'mlp_n_layers': 4, 'mlp_dim_00': 80, 'mlp_dim_01': 176, 'mlp_dim_02': 80, 'mlp_dim_03': 80, 'hidden_channels': 160, 'num_layers': 1, 'num_timesteps': 3, 'dropout': 0.0055858484245119855, 'train_learning_rate': 0.005142352020025648, 'train_lr_reduce': 0.6}. Best is trial 632 with value: 0.13978464901447296.
[I 2024-12-15 17:01:56,473] Trial 1909 finished with value: 0.22053319215774536 and parameters: {'mlp_n_layers': 3, 'mlp_dim_00': 112, 'mlp_dim_01': 240, 'mlp_dim_02': 96, 'hidden_channels': 256, 'num_layers': 1, 'num_timesteps': 4, 'dropout': 0.07545377937643391, 'train_learning_rate': 0.00479922652380271, 'train_lr_reduce': 0.6}. Best is trial 632 with value: 0.13978464901447296.
[I 2024-12-15 17:01:57,035] Trial 1906 finished with value: 0.16222678124904633 and parameters: {'mlp_n_layers': 2, 'mlp_dim_00': 224, 'mlp_dim_01': 192, 'hidden_channels': 192, 'num_layers': 1, 'num_timesteps': 4, 'dropout': 0.02476985429203334, 'train_learning_rate': 0.003042739951705787, 'train_lr_reduce': 0.6}. Best is trial 632 with value: 0.13978464901447296.
[I 2024-12-15 17:02:01,415] Trial 1910 finished with value: 0.2361506074666977 and parameters: {'mlp_n_layers': 4, 'mlp_dim_00': 96, 'mlp_dim_01': 192, 'mlp_dim_02': 80, 'mlp_dim_03': 80, 'hidden_channels': 176, 'num_layers': 2, 'num_timesteps': 3, 'dropout': 0.02154432477976692, 'train_learning_rate': 0.007890943402595127, 'train_lr_reduce': 0.6}. Best is trial 632 with value: 0.13978464901447296.
[I 2024-12-15 17:02:04,704] Trial 1911 finished with value: 0.21740926802158356 and parameters: {'mlp_n_layers': 4, 'mlp_dim_00': 80, 'mlp_dim_01': 176, 'mlp_dim_02': 96, 'mlp_dim_03': 80, 'hidden_channels': 160, 'num_layers': 1, 'num_timesteps': 3, 'dropout': 0.03449042643124951, 'train_learning_rate': 0.005860863125793487, 'train_lr_reduce': 0.6}. Best is trial 632 with value: 0.13978464901447296.
[I 2024-12-15 17:02:05,210] Trial 1912 finished with value: 0.1873432993888855 and parameters: {'mlp_n_layers': 2, 'mlp_dim_00': 48, 'mlp_dim_01': 224, 'hidden_channels': 160, 'num_layers': 1, 'num_timesteps': 4, 'dropout': 0.06115277899060462, 'train_learning_rate': 0.002896878154288125, 'train_lr_reduce': 0.6}. Best is trial 632 with value: 0.13978464901447296.
[I 2024-12-15 17:02:12,966] Trial 1913 finished with value: 0.19724084436893463 and parameters: {'mlp_n_layers': 3, 'mlp_dim_00': 160, 'mlp_dim_01': 192, 'mlp_dim_02': 96, 'hidden_channels': 224, 'num_layers': 1, 'num_timesteps': 4, 'dropout': 0.004309320510213238, 'train_learning_rate': 0.001518790079065219, 'train_lr_reduce': 0.6}. Best is trial 632 with value: 0.13978464901447296.
[I 2024-12-15 17:02:15,317] Trial 1914 finished with value: 0.23148567974567413 and parameters: {'mlp_n_layers': 2, 'mlp_dim_00': 112, 'mlp_dim_01': 240, 'hidden_channels': 176, 'num_layers': 1, 'num_timesteps': 4, 'dropout': 0.0030438470056344223, 'train_learning_rate': 0.002917109091366997, 'train_lr_reduce': 0.6}. Best is trial 632 with value: 0.13978464901447296.
[I 2024-12-15 17:02:16,731] Trial 1916 finished with value: 0.9419642686843872 and parameters: {'mlp_n_layers': 4, 'mlp_dim_00': 80, 'mlp_dim_01': 192, 'mlp_dim_02': 64, 'mlp_dim_03': 80, 'hidden_channels': 160, 'num_layers': 1, 'num_timesteps': 3, 'dropout': 0.008368710328658841, 'train_learning_rate': 0.004440535784831419, 'train_lr_reduce': 0.6}. Best is trial 632 with value: 0.13978464901447296.
[I 2024-12-15 17:02:22,300] Trial 1915 finished with value: 0.20412220060825348 and parameters: {'mlp_n_layers': 4, 'mlp_dim_00': 256, 'mlp_dim_01': 144, 'mlp_dim_02': 64, 'mlp_dim_03': 96, 'hidden_channels': 160, 'num_layers': 1, 'num_timesteps': 1, 'dropout': 0.20939400354929122, 'train_learning_rate': 0.00034793341460161284, 'train_lr_reduce': 0.6}. Best is trial 632 with value: 0.13978464901447296.
[I 2024-12-15 17:02:24,929] Trial 1918 finished with value: 0.18595552444458008 and parameters: {'mlp_n_layers': 3, 'mlp_dim_00': 160, 'mlp_dim_01': 96, 'mlp_dim_02': 64, 'hidden_channels': 128, 'num_layers': 1, 'num_timesteps': 4, 'dropout': 0.007747533329215767, 'train_learning_rate': 0.0038722892445502482, 'train_lr_reduce': 0.6}. Best is trial 632 with value: 0.13978464901447296.
[I 2024-12-15 17:02:26,932] Trial 1917 finished with value: 0.2216293066740036 and parameters: {'mlp_n_layers': 4, 'mlp_dim_00': 80, 'mlp_dim_01': 128, 'mlp_dim_02': 80, 'mlp_dim_03': 80, 'hidden_channels': 128, 'num_layers': 2, 'num_timesteps': 3, 'dropout': 0.04141701729412644, 'train_learning_rate': 0.004722196403194678, 'train_lr_reduce': 0.6}. Best is trial 632 with value: 0.13978464901447296.
[I 2024-12-15 17:02:37,254] Trial 1921 finished with value: 0.18087854981422424 and parameters: {'mlp_n_layers': 4, 'mlp_dim_00': 112, 'mlp_dim_01': 96, 'mlp_dim_02': 80, 'mlp_dim_03': 80, 'hidden_channels': 224, 'num_layers': 1, 'num_timesteps': 3, 'dropout': 0.047580075949994305, 'train_learning_rate': 0.001350833347023867, 'train_lr_reduce': 0.6}. Best is trial 632 with value: 0.13978464901447296.
[I 2024-12-15 17:02:38,998] Trial 1919 finished with value: 0.1584109365940094 and parameters: {'mlp_n_layers': 4, 'mlp_dim_00': 96, 'mlp_dim_01': 160, 'mlp_dim_02': 96, 'mlp_dim_03': 80, 'hidden_channels': 192, 'num_layers': 1, 'num_timesteps': 4, 'dropout': 0.007458762565784627, 'train_learning_rate': 0.0015048093779472225, 'train_lr_reduce': 0.6}. Best is trial 632 with value: 0.13978464901447296.
[I 2024-12-15 17:02:41,621] Trial 1920 finished with value: 0.19118617475032806 and parameters: {'mlp_n_layers': 4, 'mlp_dim_00': 112, 'mlp_dim_01': 144, 'mlp_dim_02': 80, 'mlp_dim_03': 64, 'hidden_channels': 192, 'num_layers': 1, 'num_timesteps': 3, 'dropout': 0.07303827293945284, 'train_learning_rate': 0.0020185654960986157, 'train_lr_reduce': 0.6}. Best is trial 632 with value: 0.13978464901447296.
[I 2024-12-15 17:02:57,021] Trial 1924 finished with value: 0.19468946754932404 and parameters: {'mlp_n_layers': 4, 'mlp_dim_00': 32, 'mlp_dim_01': 144, 'mlp_dim_02': 48, 'mlp_dim_03': 96, 'hidden_channels': 208, 'num_layers': 1, 'num_timesteps': 4, 'dropout': 0.011073116325775088, 'train_learning_rate': 0.00827045030852759, 'train_lr_reduce': 0.6}. Best is trial 632 with value: 0.13978464901447296.
[I 2024-12-15 17:03:02,257] Trial 1923 finished with value: 0.18231260776519775 and parameters: {'mlp_n_layers': 4, 'mlp_dim_00': 64, 'mlp_dim_01': 144, 'mlp_dim_02': 32, 'mlp_dim_03': 64, 'hidden_channels': 176, 'num_layers': 1, 'num_timesteps': 3, 'dropout': 0.06332833563912645, 'train_learning_rate': 0.005827511408144407, 'train_lr_reduce': 0.6}. Best is trial 632 with value: 0.13978464901447296.
[I 2024-12-15 17:03:02,844] Trial 1922 finished with value: 0.26826387643814087 and parameters: {'mlp_n_layers': 4, 'mlp_dim_00': 176, 'mlp_dim_01': 64, 'mlp_dim_02': 96, 'mlp_dim_03': 96, 'hidden_channels': 112, 'num_layers': 4, 'num_timesteps': 2, 'dropout': 0.12278085086922666, 'train_learning_rate': 0.0005639524812273136, 'train_lr_reduce': 0.6}. Best is trial 632 with value: 0.13978464901447296.
[I 2024-12-15 17:03:07,247] Trial 1925 finished with value: 0.19163115322589874 and parameters: {'mlp_n_layers': 4, 'mlp_dim_00': 80, 'mlp_dim_01': 128, 'mlp_dim_02': 64, 'mlp_dim_03': 64, 'hidden_channels': 240, 'num_layers': 1, 'num_timesteps': 3, 'dropout': 0.056558371879976754, 'train_learning_rate': 0.00725815103447291, 'train_lr_reduce': 0.6}. Best is trial 632 with value: 0.13978464901447296.
[I 2024-12-15 17:03:14,430] Trial 1928 finished with value: 0.1778954565525055 and parameters: {'mlp_n_layers': 3, 'mlp_dim_00': 96, 'mlp_dim_01': 96, 'mlp_dim_02': 96, 'hidden_channels': 256, 'num_layers': 2, 'num_timesteps': 4, 'dropout': 0.0763543619988301, 'train_learning_rate': 0.0046523462462657785, 'train_lr_reduce': 0.6}. Best is trial 632 with value: 0.13978464901447296.
[I 2024-12-15 17:03:14,835] Trial 1927 finished with value: 0.16728796064853668 and parameters: {'mlp_n_layers': 3, 'mlp_dim_00': 208, 'mlp_dim_01': 144, 'mlp_dim_02': 64, 'hidden_channels': 176, 'num_layers': 1, 'num_timesteps': 4, 'dropout': 0.12350902730145201, 'train_learning_rate': 0.00849833224041691, 'train_lr_reduce': 0.6}. Best is trial 632 with value: 0.13978464901447296.
[I 2024-12-15 17:03:16,931] Trial 1926 finished with value: 0.1750694066286087 and parameters: {'mlp_n_layers': 4, 'mlp_dim_00': 176, 'mlp_dim_01': 160, 'mlp_dim_02': 96, 'mlp_dim_03': 96, 'hidden_channels': 256, 'num_layers': 1, 'num_timesteps': 4, 'dropout': 0.02736872673133996, 'train_learning_rate': 0.0018085397504018178, 'train_lr_reduce': 0.6}. Best is trial 632 with value: 0.13978464901447296.
[I 2024-12-15 17:03:22,332] Trial 1930 finished with value: 0.20012135803699493 and parameters: {'mlp_n_layers': 4, 'mlp_dim_00': 64, 'mlp_dim_01': 176, 'mlp_dim_02': 48, 'mlp_dim_03': 64, 'hidden_channels': 80, 'num_layers': 1, 'num_timesteps': 2, 'dropout': 0.05141436394489701, 'train_learning_rate': 0.00521113785257154, 'train_lr_reduce': 0.6}. Best is trial 632 with value: 0.13978464901447296.
[I 2024-12-15 17:03:24,681] Trial 1931 finished with value: 0.24925902485847473 and parameters: {'mlp_n_layers': 4, 'mlp_dim_00': 96, 'mlp_dim_01': 192, 'mlp_dim_02': 96, 'mlp_dim_03': 48, 'hidden_channels': 112, 'num_layers': 2, 'num_timesteps': 3, 'dropout': 0.011341042797627163, 'train_learning_rate': 0.00409884665717493, 'train_lr_reduce': 0.6}. Best is trial 632 with value: 0.13978464901447296.
[I 2024-12-15 17:03:26,946] Trial 1929 finished with value: 0.2220931202173233 and parameters: {'mlp_n_layers': 2, 'mlp_dim_00': 96, 'mlp_dim_01': 176, 'hidden_channels': 224, 'num_layers': 1, 'num_timesteps': 3, 'dropout': 0.057261515791520036, 'train_learning_rate': 0.003941754947424531, 'train_lr_reduce': 0.6}. Best is trial 632 with value: 0.13978464901447296.
[I 2024-12-15 17:03:34,836] Trial 1934 finished with value: 0.21583832800388336 and parameters: {'mlp_n_layers': 4, 'mlp_dim_00': 128, 'mlp_dim_01': 192, 'mlp_dim_02': 64, 'mlp_dim_03': 80, 'hidden_channels': 208, 'num_layers': 1, 'num_timesteps': 3, 'dropout': 0.10850314423847474, 'train_learning_rate': 0.009565408944777094, 'train_lr_reduce': 0.6}. Best is trial 632 with value: 0.13978464901447296.
[I 2024-12-15 17:03:36,576] Trial 1933 finished with value: 0.17932002246379852 and parameters: {'mlp_n_layers': 4, 'mlp_dim_00': 144, 'mlp_dim_01': 48, 'mlp_dim_02': 64, 'mlp_dim_03': 112, 'hidden_channels': 256, 'num_layers': 1, 'num_timesteps': 4, 'dropout': 0.12382342175483765, 'train_learning_rate': 0.0064809355379422, 'train_lr_reduce': 0.6}. Best is trial 632 with value: 0.13978464901447296.
[I 2024-12-15 17:03:38,838] Trial 1932 finished with value: 0.25332871079444885 and parameters: {'mlp_n_layers': 3, 'mlp_dim_00': 176, 'mlp_dim_01': 128, 'mlp_dim_02': 80, 'hidden_channels': 208, 'num_layers': 3, 'num_timesteps': 1, 'dropout': 0.14183810453846213, 'train_learning_rate': 0.00023136604380005624, 'train_lr_reduce': 0.6}. Best is trial 632 with value: 0.13978464901447296.
[I 2024-12-15 17:03:42,561] Trial 1935 finished with value: 0.21536783874034882 and parameters: {'mlp_n_layers': 4, 'mlp_dim_00': 128, 'mlp_dim_01': 64, 'mlp_dim_02': 112, 'mlp_dim_03': 48, 'hidden_channels': 240, 'num_layers': 1, 'num_timesteps': 3, 'dropout': 0.08321564499424315, 'train_learning_rate': 0.007319654318337809, 'train_lr_reduce': 0.6}. Best is trial 632 with value: 0.13978464901447296.
[I 2024-12-15 17:03:53,166] Trial 1937 finished with value: 0.14987438917160034 and parameters: {'mlp_n_layers': 3, 'mlp_dim_00': 112, 'mlp_dim_01': 192, 'mlp_dim_02': 80, 'hidden_channels': 224, 'num_layers': 1, 'num_timesteps': 4, 'dropout': 0.003017480867991831, 'train_learning_rate': 0.0031025755810808586, 'train_lr_reduce': 0.6}. Best is trial 632 with value: 0.13978464901447296.
[I 2024-12-15 17:03:54,642] Trial 1938 finished with value: 0.20456650853157043 and parameters: {'mlp_n_layers': 3, 'mlp_dim_00': 144, 'mlp_dim_01': 176, 'mlp_dim_02': 96, 'hidden_channels': 256, 'num_layers': 1, 'num_timesteps': 3, 'dropout': 0.05557237179846173, 'train_learning_rate': 0.0032931018254608747, 'train_lr_reduce': 0.6}. Best is trial 632 with value: 0.13978464901447296.
[I 2024-12-15 17:03:56,410] Trial 1936 finished with value: 0.2697373926639557 and parameters: {'mlp_n_layers': 3, 'mlp_dim_00': 208, 'mlp_dim_01': 32, 'mlp_dim_02': 96, 'hidden_channels': 144, 'num_layers': 1, 'num_timesteps': 1, 'dropout': 0.047663732155199964, 'train_learning_rate': 0.00015940255339463717, 'train_lr_reduce': 0.6}. Best is trial 632 with value: 0.13978464901447296.
[I 2024-12-15 17:04:00,840] Trial 1939 finished with value: 0.16837677359580994 and parameters: {'mlp_n_layers': 4, 'mlp_dim_00': 48, 'mlp_dim_01': 208, 'mlp_dim_02': 48, 'mlp_dim_03': 96, 'hidden_channels': 128, 'num_layers': 1, 'num_timesteps': 2, 'dropout': 0.004895848140841882, 'train_learning_rate': 0.004087826004074817, 'train_lr_reduce': 0.6}. Best is trial 632 with value: 0.13978464901447296.
