[I 2024-12-24 16:18:19,761] Trial 256 finished with value: 0.01109243743121624 and parameters: {'L1_hidden_dim': 112, 'L1_layers_atom': 4, 'L1_layers_mol': 3, 'L1_dropout': 0.07118373262039972, 'L1_out_dim': 32, 'L2_hidden_dim': 176, 'L2_layers_atom': 4, 'L2_layers_mol': 1, 'L2_out_dim': 64, 'L2_dropout': 0.04200516546958815, 'L3_hidden_dim': 64, 'L3_layers_atom': 4, 'L3_layers_mol': 1, 'L3_out_dim': 128, 'L3_dropout': 0.2919775593213962, 'n_mlp_layers': 3, 'mlp_dim_0': 344, 'mlp_dim_1': 144, 'mlp_dim_2': 88, 'num_heads': 1, 'final_dropout': 0.097069377269573, 'train_learning_rate': 0.0020703531015326525, 'train_lr_reduce': 0.6}. Best is trial 236 with value: 0.009785382077097893.
[I 2024-12-24 16:20:10,395] Trial 257 finished with value: 0.02478117123246193 and parameters: {'L1_hidden_dim': 144, 'L1_layers_atom': 4, 'L1_layers_mol': 3, 'L1_dropout': 0.005700179380106515, 'L1_out_dim': 32, 'L2_hidden_dim': 64, 'L2_layers_atom': 3, 'L2_layers_mol': 3, 'L2_out_dim': 48, 'L2_dropout': 0.03286132986617554, 'L3_hidden_dim': 112, 'L3_layers_atom': 4, 'L3_layers_mol': 1, 'L3_out_dim': 96, 'L3_dropout': 0.22708959432007603, 'n_mlp_layers': 1, 'mlp_dim_0': 288, 'num_heads': 2, 'final_dropout': 0.1309824123052949, 'train_learning_rate': 0.006377215458648357, 'train_lr_reduce': 0.6}. Best is trial 236 with value: 0.009785382077097893.
[I 2024-12-24 16:20:46,364] Trial 259 finished with value: 0.0716337114572525 and parameters: {'L1_hidden_dim': 160, 'L1_layers_atom': 3, 'L1_layers_mol': 4, 'L1_dropout': 0.0036361681464364744, 'L1_out_dim': 48, 'L2_hidden_dim': 160, 'L2_layers_atom': 4, 'L2_layers_mol': 3, 'L2_out_dim': 96, 'L2_dropout': 0.08333925720774679, 'L3_hidden_dim': 112, 'L3_layers_atom': 3, 'L3_layers_mol': 1, 'L3_out_dim': 128, 'L3_dropout': 0.16170174489172648, 'n_mlp_layers': 1, 'mlp_dim_0': 224, 'num_heads': 2, 'final_dropout': 0.06517097787140363, 'train_learning_rate': 0.000320101416924843, 'train_lr_reduce': 0.6}. Best is trial 236 with value: 0.009785382077097893.
[I 2024-12-24 16:21:12,378] Trial 258 finished with value: 0.011982232332229614 and parameters: {'L1_hidden_dim': 144, 'L1_layers_atom': 3, 'L1_layers_mol': 3, 'L1_dropout': 0.11846971755709051, 'L1_out_dim': 64, 'L2_hidden_dim': 160, 'L2_layers_atom': 4, 'L2_layers_mol': 1, 'L2_out_dim': 48, 'L2_dropout': 0.06370211304633644, 'L3_hidden_dim': 80, 'L3_layers_atom': 1, 'L3_layers_mol': 2, 'L3_out_dim': 128, 'L3_dropout': 0.2823717816998352, 'n_mlp_layers': 2, 'mlp_dim_0': 512, 'mlp_dim_1': 32, 'num_heads': 2, 'final_dropout': 0.12363148184157252, 'train_learning_rate': 0.00031426145131086523, 'train_lr_reduce': 0.6}. Best is trial 236 with value: 0.009785382077097893.
[I 2024-12-24 16:22:44,755] Trial 260 finished with value: 0.011075345799326897 and parameters: {'L1_hidden_dim': 144, 'L1_layers_atom': 2, 'L1_layers_mol': 3, 'L1_dropout': 0.02535852973675497, 'L1_out_dim': 48, 'L2_hidden_dim': 96, 'L2_layers_atom': 4, 'L2_layers_mol': 1, 'L2_out_dim': 80, 'L2_dropout': 0.052641381142022325, 'L3_hidden_dim': 128, 'L3_layers_atom': 2, 'L3_layers_mol': 1, 'L3_out_dim': 80, 'L3_dropout': 0.28444724250571246, 'n_mlp_layers': 1, 'mlp_dim_0': 224, 'num_heads': 2, 'final_dropout': 0.10423059598212457, 'train_learning_rate': 0.0005912318376876284, 'train_lr_reduce': 0.6}. Best is trial 236 with value: 0.009785382077097893.
[I 2024-12-24 16:23:10,959] Trial 261 finished with value: 0.011130830273032188 and parameters: {'L1_hidden_dim': 128, 'L1_layers_atom': 3, 'L1_layers_mol': 3, 'L1_dropout': 0.02002530956512311, 'L1_out_dim': 32, 'L2_hidden_dim': 192, 'L2_layers_atom': 3, 'L2_layers_mol': 2, 'L2_out_dim': 96, 'L2_dropout': 0.0066423485730266775, 'L3_hidden_dim': 96, 'L3_layers_atom': 4, 'L3_layers_mol': 1, 'L3_out_dim': 128, 'L3_dropout': 0.22152806351426918, 'n_mlp_layers': 1, 'mlp_dim_0': 336, 'num_heads': 2, 'final_dropout': 0.18129690765796258, 'train_learning_rate': 0.0007316888484351266, 'train_lr_reduce': 0.6}. Best is trial 236 with value: 0.009785382077097893.
[I 2024-12-24 16:23:39,569] Trial 262 finished with value: 0.016476375982165337 and parameters: {'L1_hidden_dim': 96, 'L1_layers_atom': 4, 'L1_layers_mol': 3, 'L1_dropout': 0.04561108652408705, 'L1_out_dim': 64, 'L2_hidden_dim': 192, 'L2_layers_atom': 3, 'L2_layers_mol': 1, 'L2_out_dim': 64, 'L2_dropout': 0.07660681254617202, 'L3_hidden_dim': 112, 'L3_layers_atom': 3, 'L3_layers_mol': 2, 'L3_out_dim': 112, 'L3_dropout': 0.28565428844619367, 'n_mlp_layers': 2, 'mlp_dim_0': 488, 'mlp_dim_1': 144, 'num_heads': 2, 'final_dropout': 0.2491820656756923, 'train_learning_rate': 0.0034058784977054313, 'train_lr_reduce': 0.6}. Best is trial 236 with value: 0.009785382077097893.
[I 2024-12-24 16:25:26,123] Trial 264 finished with value: 0.0105558717623353 and parameters: {'L1_hidden_dim': 128, 'L1_layers_atom': 4, 'L1_layers_mol': 4, 'L1_dropout': 0.016660274309229665, 'L1_out_dim': 32, 'L2_hidden_dim': 192, 'L2_layers_atom': 4, 'L2_layers_mol': 1, 'L2_out_dim': 48, 'L2_dropout': 0.06235990200252999, 'L3_hidden_dim': 112, 'L3_layers_atom': 4, 'L3_layers_mol': 1, 'L3_out_dim': 96, 'L3_dropout': 0.2691464686343773, 'n_mlp_layers': 2, 'mlp_dim_0': 384, 'mlp_dim_1': 152, 'num_heads': 2, 'final_dropout': 0.11999998532435634, 'train_learning_rate': 0.0018693402389863766, 'train_lr_reduce': 0.6}. Best is trial 236 with value: 0.009785382077097893.
[I 2024-12-24 16:25:37,006] Trial 265 finished with value: 0.01171211339533329 and parameters: {'L1_hidden_dim': 96, 'L1_layers_atom': 1, 'L1_layers_mol': 4, 'L1_dropout': 0.04163469259448442, 'L1_out_dim': 80, 'L2_hidden_dim': 224, 'L2_layers_atom': 4, 'L2_layers_mol': 1, 'L2_out_dim': 32, 'L2_dropout': 0.1155760337254754, 'L3_hidden_dim': 112, 'L3_layers_atom': 3, 'L3_layers_mol': 1, 'L3_out_dim': 128, 'L3_dropout': 0.28090660034142034, 'n_mlp_layers': 1, 'mlp_dim_0': 224, 'num_heads': 1, 'final_dropout': 0.207969027968774, 'train_learning_rate': 0.0005802772583529896, 'train_lr_reduce': 0.6}. Best is trial 236 with value: 0.009785382077097893.
[I 2024-12-24 16:25:39,421] Trial 263 finished with value: 0.013850602321326733 and parameters: {'L1_hidden_dim': 96, 'L1_layers_atom': 2, 'L1_layers_mol': 3, 'L1_dropout': 0.08160777929439633, 'L1_out_dim': 64, 'L2_hidden_dim': 192, 'L2_layers_atom': 3, 'L2_layers_mol': 1, 'L2_out_dim': 96, 'L2_dropout': 0.007644272669903267, 'L3_hidden_dim': 128, 'L3_layers_atom': 4, 'L3_layers_mol': 1, 'L3_out_dim': 112, 'L3_dropout': 0.19255648924041083, 'n_mlp_layers': 3, 'mlp_dim_0': 488, 'mlp_dim_1': 96, 'mlp_dim_2': 96, 'num_heads': 2, 'final_dropout': 0.18311712547522452, 'train_learning_rate': 0.007196619149974975, 'train_lr_reduce': 0.6}. Best is trial 236 with value: 0.009785382077097893.
[I 2024-12-24 16:27:03,641] Trial 266 finished with value: 0.011478579603135586 and parameters: {'L1_hidden_dim': 96, 'L1_layers_atom': 4, 'L1_layers_mol': 4, 'L1_dropout': 0.012200391348229775, 'L1_out_dim': 32, 'L2_hidden_dim': 192, 'L2_layers_atom': 3, 'L2_layers_mol': 1, 'L2_out_dim': 64, 'L2_dropout': 0.06135506861788672, 'L3_hidden_dim': 112, 'L3_layers_atom': 4, 'L3_layers_mol': 1, 'L3_out_dim': 112, 'L3_dropout': 0.2362678315370554, 'n_mlp_layers': 2, 'mlp_dim_0': 320, 'mlp_dim_1': 176, 'num_heads': 2, 'final_dropout': 0.1566340692369882, 'train_learning_rate': 0.00153320453065184, 'train_lr_reduce': 0.6}. Best is trial 236 with value: 0.009785382077097893.
[I 2024-12-24 16:27:34,246] Trial 267 finished with value: 0.011402045376598835 and parameters: {'L1_hidden_dim': 240, 'L1_layers_atom': 1, 'L1_layers_mol': 4, 'L1_dropout': 0.0714348697528348, 'L1_out_dim': 48, 'L2_hidden_dim': 176, 'L2_layers_atom': 3, 'L2_layers_mol': 1, 'L2_out_dim': 32, 'L2_dropout': 0.1485790645189859, 'L3_hidden_dim': 128, 'L3_layers_atom': 2, 'L3_layers_mol': 2, 'L3_out_dim': 112, 'L3_dropout': 0.2920623889389495, 'n_mlp_layers': 3, 'mlp_dim_0': 384, 'mlp_dim_1': 176, 'mlp_dim_2': 272, 'num_heads': 2, 'final_dropout': 0.1274232267063731, 'train_learning_rate': 0.005117024157397272, 'train_lr_reduce': 0.6}. Best is trial 236 with value: 0.009785382077097893.
[I 2024-12-24 16:28:10,348] Trial 268 finished with value: 0.011472843587398529 and parameters: {'L1_hidden_dim': 80, 'L1_layers_atom': 1, 'L1_layers_mol': 3, 'L1_dropout': 0.033395220213035, 'L1_out_dim': 80, 'L2_hidden_dim': 128, 'L2_layers_atom': 3, 'L2_layers_mol': 2, 'L2_out_dim': 48, 'L2_dropout': 0.03179694290662359, 'L3_hidden_dim': 96, 'L3_layers_atom': 4, 'L3_layers_mol': 2, 'L3_out_dim': 128, 'L3_dropout': 0.278683947531042, 'n_mlp_layers': 3, 'mlp_dim_0': 320, 'mlp_dim_1': 160, 'mlp_dim_2': 368, 'num_heads': 2, 'final_dropout': 0.2500655184158324, 'train_learning_rate': 0.0005326964051354964, 'train_lr_reduce': 0.6}. Best is trial 236 with value: 0.009785382077097893.
[I 2024-12-24 16:28:28,031] Trial 269 finished with value: 0.01662198081612587 and parameters: {'L1_hidden_dim': 80, 'L1_layers_atom': 2, 'L1_layers_mol': 3, 'L1_dropout': 0.000384891090184504, 'L1_out_dim': 48, 'L2_hidden_dim': 176, 'L2_layers_atom': 4, 'L2_layers_mol': 1, 'L2_out_dim': 80, 'L2_dropout': 0.10468010490289029, 'L3_hidden_dim': 96, 'L3_layers_atom': 1, 'L3_layers_mol': 1, 'L3_out_dim': 128, 'L3_dropout': 0.24406847280947852, 'n_mlp_layers': 2, 'mlp_dim_0': 456, 'mlp_dim_1': 144, 'num_heads': 2, 'final_dropout': 0.09231526131210088, 'train_learning_rate': 0.0032539607423270724, 'train_lr_reduce': 0.6}. Best is trial 236 with value: 0.009785382077097893.
[I 2024-12-24 16:29:39,375] Trial 270 finished with value: 0.010351242497563362 and parameters: {'L1_hidden_dim': 112, 'L1_layers_atom': 4, 'L1_layers_mol': 3, 'L1_dropout': 0.020623710698854998, 'L1_out_dim': 32, 'L2_hidden_dim': 96, 'L2_layers_atom': 4, 'L2_layers_mol': 2, 'L2_out_dim': 96, 'L2_dropout': 0.03955347527498723, 'L3_hidden_dim': 112, 'L3_layers_atom': 3, 'L3_layers_mol': 1, 'L3_out_dim': 128, 'L3_dropout': 0.2877033462705542, 'n_mlp_layers': 1, 'mlp_dim_0': 304, 'num_heads': 1, 'final_dropout': 0.09801686382618308, 'train_learning_rate': 0.0029394403219835906, 'train_lr_reduce': 0.6}. Best is trial 236 with value: 0.009785382077097893.
[I 2024-12-24 16:30:01,203] Trial 271 finished with value: 0.01653093658387661 and parameters: {'L1_hidden_dim': 112, 'L1_layers_atom': 3, 'L1_layers_mol': 4, 'L1_dropout': 0.032174243443479904, 'L1_out_dim': 128, 'L2_hidden_dim': 144, 'L2_layers_atom': 4, 'L2_layers_mol': 1, 'L2_out_dim': 112, 'L2_dropout': 0.09054795740480305, 'L3_hidden_dim': 96, 'L3_layers_atom': 2, 'L3_layers_mol': 1, 'L3_out_dim': 48, 'L3_dropout': 0.19672178003610682, 'n_mlp_layers': 3, 'mlp_dim_0': 408, 'mlp_dim_1': 128, 'mlp_dim_2': 80, 'num_heads': 1, 'final_dropout': 0.14497870395554907, 'train_learning_rate': 0.00027586544462273883, 'train_lr_reduce': 0.6}. Best is trial 236 with value: 0.009785382077097893.
[I 2024-12-24 16:31:02,878] Trial 272 finished with value: 0.01302528940141201 and parameters: {'L1_hidden_dim': 80, 'L1_layers_atom': 3, 'L1_layers_mol': 4, 'L1_dropout': 0.1129824392681851, 'L1_out_dim': 64, 'L2_hidden_dim': 144, 'L2_layers_atom': 2, 'L2_layers_mol': 3, 'L2_out_dim': 32, 'L2_dropout': 0.1807704476562193, 'L3_hidden_dim': 112, 'L3_layers_atom': 4, 'L3_layers_mol': 2, 'L3_out_dim': 128, 'L3_dropout': 0.29082572807848556, 'n_mlp_layers': 3, 'mlp_dim_0': 352, 'mlp_dim_1': 32, 'mlp_dim_2': 128, 'num_heads': 2, 'final_dropout': 0.17140301662798324, 'train_learning_rate': 0.0028010368038524657, 'train_lr_reduce': 0.6}. Best is trial 236 with value: 0.009785382077097893.
[I 2024-12-24 16:31:41,353] Trial 273 finished with value: 0.01149373035877943 and parameters: {'L1_hidden_dim': 112, 'L1_layers_atom': 4, 'L1_layers_mol': 4, 'L1_dropout': 0.038951497115924265, 'L1_out_dim': 48, 'L2_hidden_dim': 96, 'L2_layers_atom': 4, 'L2_layers_mol': 1, 'L2_out_dim': 128, 'L2_dropout': 0.04975935684813867, 'L3_hidden_dim': 80, 'L3_layers_atom': 4, 'L3_layers_mol': 1, 'L3_out_dim': 96, 'L3_dropout': 0.2985191321107482, 'n_mlp_layers': 1, 'mlp_dim_0': 368, 'num_heads': 1, 'final_dropout': 0.12657541885591697, 'train_learning_rate': 0.0028509322230456735, 'train_lr_reduce': 0.6}. Best is trial 236 with value: 0.009785382077097893.
[I 2024-12-24 16:31:41,497] Trial 274 finished with value: 0.013350619934499264 and parameters: {'L1_hidden_dim': 128, 'L1_layers_atom': 4, 'L1_layers_mol': 3, 'L1_dropout': 0.18642171547679995, 'L1_out_dim': 32, 'L2_hidden_dim': 112, 'L2_layers_atom': 3, 'L2_layers_mol': 2, 'L2_out_dim': 80, 'L2_dropout': 0.014047285513518637, 'L3_hidden_dim': 112, 'L3_layers_atom': 3, 'L3_layers_mol': 1, 'L3_out_dim': 112, 'L3_dropout': 0.2845127455267247, 'n_mlp_layers': 1, 'mlp_dim_0': 232, 'num_heads': 1, 'final_dropout': 0.11710572368968597, 'train_learning_rate': 0.000660511834329848, 'train_lr_reduce': 0.6}. Best is trial 236 with value: 0.009785382077097893.
[I 2024-12-24 16:32:23,042] Trial 276 finished with value: 0.05897369980812073 and parameters: {'L1_hidden_dim': 256, 'L1_layers_atom': 1, 'L1_layers_mol': 3, 'L1_dropout': 0.12953568511286292, 'L1_out_dim': 64, 'L2_hidden_dim': 192, 'L2_layers_atom': 4, 'L2_layers_mol': 2, 'L2_out_dim': 48, 'L2_dropout': 0.04056631797611615, 'L3_hidden_dim': 96, 'L3_layers_atom': 1, 'L3_layers_mol': 2, 'L3_out_dim': 112, 'L3_dropout': 0.2806751469303525, 'n_mlp_layers': 2, 'mlp_dim_0': 472, 'mlp_dim_1': 144, 'num_heads': 1, 'final_dropout': 0.04418935358181361, 'train_learning_rate': 0.001156156605591049, 'train_lr_reduce': 0.6}. Best is trial 236 with value: 0.009785382077097893.
[I 2024-12-24 16:33:00,499] Trial 275 finished with value: 0.011678135022521019 and parameters: {'L1_hidden_dim': 64, 'L1_layers_atom': 2, 'L1_layers_mol': 4, 'L1_dropout': 0.01753378431536141, 'L1_out_dim': 112, 'L2_hidden_dim': 240, 'L2_layers_atom': 4, 'L2_layers_mol': 1, 'L2_out_dim': 32, 'L2_dropout': 0.11226574165735147, 'L3_hidden_dim': 80, 'L3_layers_atom': 1, 'L3_layers_mol': 1, 'L3_out_dim': 128, 'L3_dropout': 0.21749504713403256, 'n_mlp_layers': 2, 'mlp_dim_0': 312, 'mlp_dim_1': 184, 'num_heads': 1, 'final_dropout': 0.23889412985574715, 'train_learning_rate': 0.00140360762429199, 'train_lr_reduce': 0.6}. Best is trial 236 with value: 0.009785382077097893.
[I 2024-12-24 16:34:03,396] Trial 278 finished with value: 0.018166545778512955 and parameters: {'L1_hidden_dim': 96, 'L1_layers_atom': 4, 'L1_layers_mol': 3, 'L1_dropout': 0.03436856094176492, 'L1_out_dim': 48, 'L2_hidden_dim': 80, 'L2_layers_atom': 4, 'L2_layers_mol': 1, 'L2_out_dim': 64, 'L2_dropout': 0.04482754174251511, 'L3_hidden_dim': 112, 'L3_layers_atom': 4, 'L3_layers_mol': 1, 'L3_out_dim': 128, 'L3_dropout': 0.27241263533417365, 'n_mlp_layers': 1, 'mlp_dim_0': 264, 'num_heads': 1, 'final_dropout': 0.10152161695044683, 'train_learning_rate': 0.00686355891877153, 'train_lr_reduce': 0.6}. Best is trial 236 with value: 0.009785382077097893.
[I 2024-12-24 16:34:14,146] Trial 277 finished with value: 0.010788396000862122 and parameters: {'L1_hidden_dim': 160, 'L1_layers_atom': 3, 'L1_layers_mol': 2, 'L1_dropout': 0.012661802336952762, 'L1_out_dim': 32, 'L2_hidden_dim': 160, 'L2_layers_atom': 4, 'L2_layers_mol': 3, 'L2_out_dim': 64, 'L2_dropout': 0.03217187770305045, 'L3_hidden_dim': 128, 'L3_layers_atom': 4, 'L3_layers_mol': 2, 'L3_out_dim': 96, 'L3_dropout': 0.2538279595229322, 'n_mlp_layers': 1, 'mlp_dim_0': 472, 'num_heads': 2, 'final_dropout': 0.08186566769602685, 'train_learning_rate': 0.0012459978948941841, 'train_lr_reduce': 0.6}. Best is trial 236 with value: 0.009785382077097893.
[I 2024-12-24 16:34:36,028] Trial 279 finished with value: 0.011238876730203629 and parameters: {'L1_hidden_dim': 112, 'L1_layers_atom': 2, 'L1_layers_mol': 4, 'L1_dropout': 0.08030767948468837, 'L1_out_dim': 112, 'L2_hidden_dim': 160, 'L2_layers_atom': 3, 'L2_layers_mol': 1, 'L2_out_dim': 48, 'L2_dropout': 0.006687172299633767, 'L3_hidden_dim': 64, 'L3_layers_atom': 1, 'L3_layers_mol': 3, 'L3_out_dim': 128, 'L3_dropout': 0.2839559404977281, 'n_mlp_layers': 3, 'mlp_dim_0': 160, 'mlp_dim_1': 240, 'mlp_dim_2': 280, 'num_heads': 1, 'final_dropout': 0.10445299878996625, 'train_learning_rate': 0.0021339030265751643, 'train_lr_reduce': 0.6}. Best is trial 236 with value: 0.009785382077097893.
[I 2024-12-24 16:35:59,850] Trial 280 finished with value: 0.012447625398635864 and parameters: {'L1_hidden_dim': 80, 'L1_layers_atom': 3, 'L1_layers_mol': 3, 'L1_dropout': 0.13017607766719091, 'L1_out_dim': 96, 'L2_hidden_dim': 160, 'L2_layers_atom': 2, 'L2_layers_mol': 2, 'L2_out_dim': 48, 'L2_dropout': 0.11786588013003893, 'L3_hidden_dim': 128, 'L3_layers_atom': 3, 'L3_layers_mol': 1, 'L3_out_dim': 128, 'L3_dropout': 0.2439533450543101, 'n_mlp_layers': 3, 'mlp_dim_0': 320, 'mlp_dim_1': 128, 'mlp_dim_2': 280, 'num_heads': 2, 'final_dropout': 0.1961437423235089, 'train_learning_rate': 0.0007432168946280526, 'train_lr_reduce': 0.6}. Best is trial 236 with value: 0.009785382077097893.
[I 2024-12-24 16:36:20,011] Trial 281 finished with value: 0.012429038994014263 and parameters: {'L1_hidden_dim': 144, 'L1_layers_atom': 3, 'L1_layers_mol': 2, 'L1_dropout': 0.017416165874868935, 'L1_out_dim': 32, 'L2_hidden_dim': 160, 'L2_layers_atom': 3, 'L2_layers_mol': 3, 'L2_out_dim': 80, 'L2_dropout': 0.05331590876890663, 'L3_hidden_dim': 128, 'L3_layers_atom': 4, 'L3_layers_mol': 2, 'L3_out_dim': 96, 'L3_dropout': 0.2049126931889131, 'n_mlp_layers': 1, 'mlp_dim_0': 488, 'num_heads': 2, 'final_dropout': 0.10955931560061717, 'train_learning_rate': 0.003091582730991897, 'train_lr_reduce': 0.6}. Best is trial 236 with value: 0.009785382077097893.
[I 2024-12-24 16:37:28,132] Trial 282 finished with value: 0.013369724154472351 and parameters: {'L1_hidden_dim': 256, 'L1_layers_atom': 2, 'L1_layers_mol': 3, 'L1_dropout': 0.10939184365358584, 'L1_out_dim': 96, 'L2_hidden_dim': 208, 'L2_layers_atom': 4, 'L2_layers_mol': 1, 'L2_out_dim': 32, 'L2_dropout': 0.1919842080791345, 'L3_hidden_dim': 112, 'L3_layers_atom': 3, 'L3_layers_mol': 4, 'L3_out_dim': 128, 'L3_dropout': 0.27114749043476816, 'n_mlp_layers': 3, 'mlp_dim_0': 488, 'mlp_dim_1': 32, 'mlp_dim_2': 384, 'num_heads': 1, 'final_dropout': 0.1670457499182411, 'train_learning_rate': 0.0010412279201361247, 'train_lr_reduce': 0.6}. Best is trial 236 with value: 0.009785382077097893.
[I 2024-12-24 16:38:51,931] Trial 284 finished with value: 0.041030820459127426 and parameters: {'L1_hidden_dim': 208, 'L1_layers_atom': 3, 'L1_layers_mol': 2, 'L1_dropout': 0.0849694077238674, 'L1_out_dim': 32, 'L2_hidden_dim': 208, 'L2_layers_atom': 3, 'L2_layers_mol': 3, 'L2_out_dim': 64, 'L2_dropout': 0.12842543086457886, 'L3_hidden_dim': 128, 'L3_layers_atom': 4, 'L3_layers_mol': 3, 'L3_out_dim': 64, 'L3_dropout': 0.2966748909678588, 'n_mlp_layers': 1, 'mlp_dim_0': 408, 'num_heads': 2, 'final_dropout': 0.028594792071086846, 'train_learning_rate': 0.000311818619801212, 'train_lr_reduce': 0.6}. Best is trial 236 with value: 0.009785382077097893.
[I 2024-12-24 16:38:52,878] Trial 283 finished with value: 0.010896610096096992 and parameters: {'L1_hidden_dim': 112, 'L1_layers_atom': 2, 'L1_layers_mol': 3, 'L1_dropout': 0.03405261705146393, 'L1_out_dim': 32, 'L2_hidden_dim': 144, 'L2_layers_atom': 4, 'L2_layers_mol': 1, 'L2_out_dim': 64, 'L2_dropout': 0.06870930238585696, 'L3_hidden_dim': 80, 'L3_layers_atom': 4, 'L3_layers_mol': 1, 'L3_out_dim': 128, 'L3_dropout': 0.2987273065438768, 'n_mlp_layers': 2, 'mlp_dim_0': 472, 'mlp_dim_1': 360, 'num_heads': 2, 'final_dropout': 0.1726899323137762, 'train_learning_rate': 0.0011938722103955156, 'train_lr_reduce': 0.6}. Best is trial 236 with value: 0.009785382077097893.
[I 2024-12-24 16:39:30,864] Trial 285 finished with value: 0.011245517991483212 and parameters: {'L1_hidden_dim': 144, 'L1_layers_atom': 3, 'L1_layers_mol': 4, 'L1_dropout': 0.04770596485076409, 'L1_out_dim': 128, 'L2_hidden_dim': 128, 'L2_layers_atom': 1, 'L2_layers_mol': 2, 'L2_out_dim': 32, 'L2_dropout': 0.029879666468453796, 'L3_hidden_dim': 32, 'L3_layers_atom': 2, 'L3_layers_mol': 1, 'L3_out_dim': 112, 'L3_dropout': 0.29699011530231656, 'n_mlp_layers': 2, 'mlp_dim_0': 440, 'mlp_dim_1': 88, 'num_heads': 2, 'final_dropout': 0.21153137138168768, 'train_learning_rate': 0.001175092915281193, 'train_lr_reduce': 0.6}. Best is trial 236 with value: 0.009785382077097893.
[I 2024-12-24 16:40:08,646] Trial 287 finished with value: 0.011779380030930042 and parameters: {'L1_hidden_dim': 192, 'L1_layers_atom': 1, 'L1_layers_mol': 4, 'L1_dropout': 0.038707627080519946, 'L1_out_dim': 64, 'L2_hidden_dim': 208, 'L2_layers_atom': 2, 'L2_layers_mol': 2, 'L2_out_dim': 48, 'L2_dropout': 0.007996223485738632, 'L3_hidden_dim': 96, 'L3_layers_atom': 1, 'L3_layers_mol': 4, 'L3_out_dim': 128, 'L3_dropout': 0.22730720871025745, 'n_mlp_layers': 3, 'mlp_dim_0': 392, 'mlp_dim_1': 296, 'mlp_dim_2': 32, 'num_heads': 1, 'final_dropout': 0.039478762980811585, 'train_learning_rate': 0.003515105422996874, 'train_lr_reduce': 0.6}. Best is trial 236 with value: 0.009785382077097893.
[I 2024-12-24 16:40:23,295] Trial 286 finished with value: 0.017483549192547798 and parameters: {'L1_hidden_dim': 112, 'L1_layers_atom': 3, 'L1_layers_mol': 4, 'L1_dropout': 0.0514842450888337, 'L1_out_dim': 32, 'L2_hidden_dim': 160, 'L2_layers_atom': 3, 'L2_layers_mol': 1, 'L2_out_dim': 64, 'L2_dropout': 0.08769408138070321, 'L3_hidden_dim': 64, 'L3_layers_atom': 2, 'L3_layers_mol': 2, 'L3_out_dim': 112, 'L3_dropout': 0.23961803226091932, 'n_mlp_layers': 2, 'mlp_dim_0': 512, 'mlp_dim_1': 376, 'num_heads': 2, 'final_dropout': 0.18770971592484195, 'train_learning_rate': 0.003422588158703998, 'train_lr_reduce': 0.6}. Best is trial 236 with value: 0.009785382077097893.
