[I 2024-12-26 06:48:53,158] Trial 1993 finished with value: 0.07374504953622818 and parameters: {'L1_hidden_dim': 112, 'L1_layers_atom': 3, 'L1_layers_mol': 2, 'L1_dropout': 0.1773733150881318, 'L1_out_dim': 80, 'L2_hidden_dim': 128, 'L2_layers_atom': 2, 'L2_layers_mol': 2, 'L2_out_dim': 112, 'L2_dropout': 0.03041896322811255, 'L3_hidden_dim': 128, 'L3_layers_atom': 3, 'L3_layers_mol': 1, 'L3_out_dim': 128, 'L3_dropout': 0.13901101704852006, 'n_mlp_layers': 2, 'mlp_dim_0': 272, 'mlp_dim_1': 296, 'num_heads': 2, 'final_dropout': 0.046869598046972265, 'train_learning_rate': 0.0003603726038638957, 'train_lr_reduce': 0.6}. Best is trial 1286 with value: 0.03935658559203148.
[I 2024-12-26 06:48:55,073] Trial 1995 finished with value: 0.07048250734806061 and parameters: {'L1_hidden_dim': 80, 'L1_layers_atom': 2, 'L1_layers_mol': 2, 'L1_dropout': 0.15793512242208657, 'L1_out_dim': 96, 'L2_hidden_dim': 176, 'L2_layers_atom': 1, 'L2_layers_mol': 2, 'L2_out_dim': 64, 'L2_dropout': 0.018937774942103205, 'L3_hidden_dim': 32, 'L3_layers_atom': 3, 'L3_layers_mol': 4, 'L3_out_dim': 112, 'L3_dropout': 0.19124500658328422, 'n_mlp_layers': 2, 'mlp_dim_0': 120, 'mlp_dim_1': 448, 'num_heads': 1, 'final_dropout': 0.015910809999754708, 'train_learning_rate': 0.0016369923061650628, 'train_lr_reduce': 0.6}. Best is trial 1286 with value: 0.03935658559203148.
[I 2024-12-26 06:50:06,802] Trial 1998 finished with value: 0.07909053564071655 and parameters: {'L1_hidden_dim': 96, 'L1_layers_atom': 2, 'L1_layers_mol': 1, 'L1_dropout': 0.19299141485965052, 'L1_out_dim': 112, 'L2_hidden_dim': 160, 'L2_layers_atom': 1, 'L2_layers_mol': 4, 'L2_out_dim': 48, 'L2_dropout': 0.05279450364424586, 'L3_hidden_dim': 32, 'L3_layers_atom': 3, 'L3_layers_mol': 3, 'L3_out_dim': 96, 'L3_dropout': 0.2540222488936203, 'n_mlp_layers': 2, 'mlp_dim_0': 80, 'mlp_dim_1': 200, 'num_heads': 2, 'final_dropout': 0.13225826289571965, 'train_learning_rate': 0.0014789296997562522, 'train_lr_reduce': 0.6}. Best is trial 1286 with value: 0.03935658559203148.
[I 2024-12-26 06:50:06,964] Trial 1997 finished with value: 0.090580515563488 and parameters: {'L1_hidden_dim': 96, 'L1_layers_atom': 2, 'L1_layers_mol': 1, 'L1_dropout': 0.1933272971820833, 'L1_out_dim': 128, 'L2_hidden_dim': 160, 'L2_layers_atom': 1, 'L2_layers_mol': 3, 'L2_out_dim': 64, 'L2_dropout': 0.07462316922989858, 'L3_hidden_dim': 96, 'L3_layers_atom': 2, 'L3_layers_mol': 4, 'L3_out_dim': 112, 'L3_dropout': 0.15211323117682496, 'n_mlp_layers': 2, 'mlp_dim_0': 32, 'mlp_dim_1': 512, 'num_heads': 2, 'final_dropout': 0.16172239336235042, 'train_learning_rate': 0.001143610062651881, 'train_lr_reduce': 0.6}. Best is trial 1286 with value: 0.03935658559203148.
[I 2024-12-26 06:50:20,159] Trial 1996 finished with value: 0.13878588378429413 and parameters: {'L1_hidden_dim': 80, 'L1_layers_atom': 4, 'L1_layers_mol': 3, 'L1_dropout': 0.2257659221674528, 'L1_out_dim': 128, 'L2_hidden_dim': 96, 'L2_layers_atom': 1, 'L2_layers_mol': 4, 'L2_out_dim': 128, 'L2_dropout': 0.12945813533004025, 'L3_hidden_dim': 128, 'L3_layers_atom': 2, 'L3_layers_mol': 1, 'L3_out_dim': 64, 'L3_dropout': 0.29960940512299533, 'n_mlp_layers': 3, 'mlp_dim_0': 408, 'mlp_dim_1': 280, 'mlp_dim_2': 152, 'num_heads': 1, 'final_dropout': 0.21721047305010963, 'train_learning_rate': 0.0009565573248214826, 'train_lr_reduce': 0.6}. Best is trial 1286 with value: 0.03935658559203148.
[I 2024-12-26 06:50:47,454] Trial 2001 finished with value: 0.4754768908023834 and parameters: {'L1_hidden_dim': 240, 'L1_layers_atom': 3, 'L1_layers_mol': 1, 'L1_dropout': 0.19017082103808525, 'L1_out_dim': 48, 'L2_hidden_dim': 112, 'L2_layers_atom': 2, 'L2_layers_mol': 3, 'L2_out_dim': 80, 'L2_dropout': 0.1707078355502463, 'L3_hidden_dim': 96, 'L3_layers_atom': 4, 'L3_layers_mol': 1, 'L3_out_dim': 80, 'L3_dropout': 0.10701196442437239, 'n_mlp_layers': 2, 'mlp_dim_0': 488, 'mlp_dim_1': 448, 'num_heads': 1, 'final_dropout': 0.08923106542652326, 'train_learning_rate': 0.0015810568010859137, 'train_lr_reduce': 0.6}. Best is trial 1286 with value: 0.03935658559203148.
[I 2024-12-26 06:51:12,429] Trial 1999 finished with value: 0.07814042270183563 and parameters: {'L1_hidden_dim': 64, 'L1_layers_atom': 2, 'L1_layers_mol': 2, 'L1_dropout': 0.2090198588215772, 'L1_out_dim': 80, 'L2_hidden_dim': 240, 'L2_layers_atom': 2, 'L2_layers_mol': 4, 'L2_out_dim': 32, 'L2_dropout': 0.06802559849465063, 'L3_hidden_dim': 48, 'L3_layers_atom': 3, 'L3_layers_mol': 3, 'L3_out_dim': 128, 'L3_dropout': 0.27013077546102265, 'n_mlp_layers': 3, 'mlp_dim_0': 112, 'mlp_dim_1': 472, 'mlp_dim_2': 64, 'num_heads': 1, 'final_dropout': 0.1737767756216056, 'train_learning_rate': 0.0014492830663424237, 'train_lr_reduce': 0.6}. Best is trial 1286 with value: 0.03935658559203148.
[I 2024-12-26 06:51:56,490] Trial 2000 finished with value: 0.13288426399230957 and parameters: {'L1_hidden_dim': 144, 'L1_layers_atom': 2, 'L1_layers_mol': 3, 'L1_dropout': 0.28435363852385537, 'L1_out_dim': 128, 'L2_hidden_dim': 208, 'L2_layers_atom': 1, 'L2_layers_mol': 3, 'L2_out_dim': 128, 'L2_dropout': 0.11984947186694442, 'L3_hidden_dim': 112, 'L3_layers_atom': 3, 'L3_layers_mol': 2, 'L3_out_dim': 112, 'L3_dropout': 0.1409082358256024, 'n_mlp_layers': 1, 'mlp_dim_0': 312, 'num_heads': 1, 'final_dropout': 0.23724292556738646, 'train_learning_rate': 0.004758262899526009, 'train_lr_reduce': 0.6}. Best is trial 1286 with value: 0.03935658559203148.
[I 2024-12-26 06:52:15,508] Trial 2003 finished with value: 0.11013900488615036 and parameters: {'L1_hidden_dim': 176, 'L1_layers_atom': 1, 'L1_layers_mol': 1, 'L1_dropout': 0.16539956766513247, 'L1_out_dim': 48, 'L2_hidden_dim': 224, 'L2_layers_atom': 4, 'L2_layers_mol': 2, 'L2_out_dim': 80, 'L2_dropout': 0.15094357099062852, 'L3_hidden_dim': 80, 'L3_layers_atom': 3, 'L3_layers_mol': 4, 'L3_out_dim': 64, 'L3_dropout': 0.23790003327735526, 'n_mlp_layers': 1, 'mlp_dim_0': 176, 'num_heads': 2, 'final_dropout': 0.11981755010687385, 'train_learning_rate': 0.0023729625253514275, 'train_lr_reduce': 0.6}. Best is trial 1286 with value: 0.03935658559203148.
[I 2024-12-26 06:52:25,826] Trial 2004 finished with value: 0.7992532849311829 and parameters: {'L1_hidden_dim': 80, 'L1_layers_atom': 2, 'L1_layers_mol': 2, 'L1_dropout': 0.21268093422809187, 'L1_out_dim': 32, 'L2_hidden_dim': 176, 'L2_layers_atom': 4, 'L2_layers_mol': 3, 'L2_out_dim': 112, 'L2_dropout': 0.12267825631796776, 'L3_hidden_dim': 112, 'L3_layers_atom': 3, 'L3_layers_mol': 1, 'L3_out_dim': 112, 'L3_dropout': 0.13943639127540372, 'n_mlp_layers': 3, 'mlp_dim_0': 512, 'mlp_dim_1': 440, 'mlp_dim_2': 432, 'num_heads': 1, 'final_dropout': 0.005436569155361825, 'train_learning_rate': 0.003069261941070149, 'train_lr_reduce': 0.6}. Best is trial 1286 with value: 0.03935658559203148.
[I 2024-12-26 06:52:40,509] Trial 2002 finished with value: 0.08834078162908554 and parameters: {'L1_hidden_dim': 96, 'L1_layers_atom': 3, 'L1_layers_mol': 1, 'L1_dropout': 0.08184977452599379, 'L1_out_dim': 128, 'L2_hidden_dim': 96, 'L2_layers_atom': 1, 'L2_layers_mol': 3, 'L2_out_dim': 32, 'L2_dropout': 0.16837066564643327, 'L3_hidden_dim': 128, 'L3_layers_atom': 4, 'L3_layers_mol': 4, 'L3_out_dim': 64, 'L3_dropout': 0.22737977556253836, 'n_mlp_layers': 1, 'mlp_dim_0': 96, 'num_heads': 2, 'final_dropout': 0.0772015791510605, 'train_learning_rate': 0.00030034058712043475, 'train_lr_reduce': 0.6}. Best is trial 1286 with value: 0.03935658559203148.
[I 2024-12-26 06:53:38,276] Trial 2005 finished with value: 0.07874232530593872 and parameters: {'L1_hidden_dim': 112, 'L1_layers_atom': 4, 'L1_layers_mol': 4, 'L1_dropout': 0.18863695567100025, 'L1_out_dim': 80, 'L2_hidden_dim': 208, 'L2_layers_atom': 1, 'L2_layers_mol': 1, 'L2_out_dim': 96, 'L2_dropout': 0.09260378144440834, 'L3_hidden_dim': 96, 'L3_layers_atom': 2, 'L3_layers_mol': 1, 'L3_out_dim': 96, 'L3_dropout': 0.26044065068951877, 'n_mlp_layers': 1, 'mlp_dim_0': 32, 'num_heads': 2, 'final_dropout': 0.1046660418461128, 'train_learning_rate': 0.0035126918154090125, 'train_lr_reduce': 0.6}. Best is trial 1286 with value: 0.03935658559203148.
[I 2024-12-26 06:53:49,595] Trial 2007 finished with value: 0.08267894387245178 and parameters: {'L1_hidden_dim': 80, 'L1_layers_atom': 2, 'L1_layers_mol': 2, 'L1_dropout': 0.2923951359902285, 'L1_out_dim': 128, 'L2_hidden_dim': 176, 'L2_layers_atom': 1, 'L2_layers_mol': 3, 'L2_out_dim': 112, 'L2_dropout': 0.047803302055892796, 'L3_hidden_dim': 80, 'L3_layers_atom': 3, 'L3_layers_mol': 3, 'L3_out_dim': 96, 'L3_dropout': 0.23982807274005602, 'n_mlp_layers': 2, 'mlp_dim_0': 152, 'mlp_dim_1': 480, 'num_heads': 1, 'final_dropout': 0.08802288221938273, 'train_learning_rate': 0.002319485425691865, 'train_lr_reduce': 0.6}. Best is trial 1286 with value: 0.03935658559203148.
[I 2024-12-26 06:54:50,549] Trial 2008 finished with value: 0.07587100565433502 and parameters: {'L1_hidden_dim': 144, 'L1_layers_atom': 2, 'L1_layers_mol': 2, 'L1_dropout': 0.26759520904784595, 'L1_out_dim': 80, 'L2_hidden_dim': 144, 'L2_layers_atom': 1, 'L2_layers_mol': 3, 'L2_out_dim': 128, 'L2_dropout': 0.025703155106705323, 'L3_hidden_dim': 128, 'L3_layers_atom': 3, 'L3_layers_mol': 2, 'L3_out_dim': 128, 'L3_dropout': 0.08064109864488037, 'n_mlp_layers': 2, 'mlp_dim_0': 352, 'mlp_dim_1': 256, 'num_heads': 1, 'final_dropout': 0.09437725681944709, 'train_learning_rate': 0.0018077418608233497, 'train_lr_reduce': 0.6}. Best is trial 1286 with value: 0.03935658559203148.
[I 2024-12-26 06:55:19,126] Trial 2006 finished with value: 0.14597883820533752 and parameters: {'L1_hidden_dim': 64, 'L1_layers_atom': 4, 'L1_layers_mol': 1, 'L1_dropout': 0.2461894321697839, 'L1_out_dim': 112, 'L2_hidden_dim': 80, 'L2_layers_atom': 3, 'L2_layers_mol': 1, 'L2_out_dim': 112, 'L2_dropout': 0.1650586842700138, 'L3_hidden_dim': 32, 'L3_layers_atom': 4, 'L3_layers_mol': 1, 'L3_out_dim': 64, 'L3_dropout': 0.005995627273738091, 'n_mlp_layers': 1, 'mlp_dim_0': 432, 'num_heads': 2, 'final_dropout': 0.01054821548350493, 'train_learning_rate': 0.00020135258399065997, 'train_lr_reduce': 0.6}. Best is trial 1286 with value: 0.03935658559203148.
[I 2024-12-26 06:55:35,589] Trial 2009 finished with value: 0.17559802532196045 and parameters: {'L1_hidden_dim': 240, 'L1_layers_atom': 4, 'L1_layers_mol': 1, 'L1_dropout': 0.11103389277458164, 'L1_out_dim': 96, 'L2_hidden_dim': 240, 'L2_layers_atom': 1, 'L2_layers_mol': 3, 'L2_out_dim': 48, 'L2_dropout': 0.29915179763985955, 'L3_hidden_dim': 80, 'L3_layers_atom': 3, 'L3_layers_mol': 1, 'L3_out_dim': 128, 'L3_dropout': 0.06787138426221263, 'n_mlp_layers': 2, 'mlp_dim_0': 432, 'mlp_dim_1': 512, 'num_heads': 1, 'final_dropout': 0.012987540462589736, 'train_learning_rate': 0.00010128092261664998, 'train_lr_reduce': 0.6}. Best is trial 1286 with value: 0.03935658559203148.
[I 2024-12-26 06:56:23,852] Trial 2011 finished with value: 0.07006162405014038 and parameters: {'L1_hidden_dim': 112, 'L1_layers_atom': 2, 'L1_layers_mol': 2, 'L1_dropout': 0.23661359507574817, 'L1_out_dim': 96, 'L2_hidden_dim': 208, 'L2_layers_atom': 1, 'L2_layers_mol': 3, 'L2_out_dim': 80, 'L2_dropout': 0.02912368257623363, 'L3_hidden_dim': 96, 'L3_layers_atom': 2, 'L3_layers_mol': 3, 'L3_out_dim': 96, 'L3_dropout': 0.2524958188819989, 'n_mlp_layers': 2, 'mlp_dim_0': 208, 'mlp_dim_1': 304, 'num_heads': 1, 'final_dropout': 0.11899596636642161, 'train_learning_rate': 0.0011874186143688036, 'train_lr_reduce': 0.6}. Best is trial 1286 with value: 0.03935658559203148.
[I 2024-12-26 06:56:28,962] Trial 2010 finished with value: 0.35471946001052856 and parameters: {'L1_hidden_dim': 176, 'L1_layers_atom': 2, 'L1_layers_mol': 1, 'L1_dropout': 0.26666791046569543, 'L1_out_dim': 96, 'L2_hidden_dim': 80, 'L2_layers_atom': 3, 'L2_layers_mol': 4, 'L2_out_dim': 64, 'L2_dropout': 0.2509684272512937, 'L3_hidden_dim': 32, 'L3_layers_atom': 4, 'L3_layers_mol': 1, 'L3_out_dim': 128, 'L3_dropout': 0.1279333143697534, 'n_mlp_layers': 1, 'mlp_dim_0': 96, 'num_heads': 2, 'final_dropout': 0.14048084936144745, 'train_learning_rate': 0.00020748876072601205, 'train_lr_reduce': 0.6}. Best is trial 1286 with value: 0.03935658559203148.
[I 2024-12-26 06:56:40,592] Trial 2013 finished with value: 1.0747796297073364 and parameters: {'L1_hidden_dim': 96, 'L1_layers_atom': 2, 'L1_layers_mol': 4, 'L1_dropout': 0.2820144620391707, 'L1_out_dim': 96, 'L2_hidden_dim': 128, 'L2_layers_atom': 2, 'L2_layers_mol': 3, 'L2_out_dim': 128, 'L2_dropout': 0.01832967542308546, 'L3_hidden_dim': 112, 'L3_layers_atom': 3, 'L3_layers_mol': 1, 'L3_out_dim': 128, 'L3_dropout': 0.045592786444244464, 'n_mlp_layers': 2, 'mlp_dim_0': 376, 'mlp_dim_1': 512, 'num_heads': 1, 'final_dropout': 0.03894702239757024, 'train_learning_rate': 0.0005348929275191991, 'train_lr_reduce': 0.6}. Best is trial 1286 with value: 0.03935658559203148.
[I 2024-12-26 06:57:12,117] Trial 2012 finished with value: 0.06945540010929108 and parameters: {'L1_hidden_dim': 96, 'L1_layers_atom': 1, 'L1_layers_mol': 2, 'L1_dropout': 0.2932196362613372, 'L1_out_dim': 112, 'L2_hidden_dim': 208, 'L2_layers_atom': 1, 'L2_layers_mol': 2, 'L2_out_dim': 80, 'L2_dropout': 0.04642545158657664, 'L3_hidden_dim': 64, 'L3_layers_atom': 3, 'L3_layers_mol': 2, 'L3_out_dim': 112, 'L3_dropout': 0.2289126747133446, 'n_mlp_layers': 2, 'mlp_dim_0': 128, 'mlp_dim_1': 448, 'num_heads': 1, 'final_dropout': 0.15595700643136398, 'train_learning_rate': 0.0022509529109419617, 'train_lr_reduce': 0.6}. Best is trial 1286 with value: 0.03935658559203148.
[I 2024-12-26 06:57:47,998] Trial 2015 finished with value: 0.08160953968763351 and parameters: {'L1_hidden_dim': 80, 'L1_layers_atom': 4, 'L1_layers_mol': 3, 'L1_dropout': 0.26577168770505266, 'L1_out_dim': 32, 'L2_hidden_dim': 256, 'L2_layers_atom': 4, 'L2_layers_mol': 4, 'L2_out_dim': 32, 'L2_dropout': 0.13184614124874144, 'L3_hidden_dim': 48, 'L3_layers_atom': 2, 'L3_layers_mol': 2, 'L3_out_dim': 112, 'L3_dropout': 0.04346906336347015, 'n_mlp_layers': 3, 'mlp_dim_0': 400, 'mlp_dim_1': 304, 'mlp_dim_2': 32, 'num_heads': 1, 'final_dropout': 0.13345981271141144, 'train_learning_rate': 0.0015533155814160076, 'train_lr_reduce': 0.6}. Best is trial 1286 with value: 0.03935658559203148.
[I 2024-12-26 06:58:08,728] Trial 2014 finished with value: 0.0754249170422554 and parameters: {'L1_hidden_dim': 96, 'L1_layers_atom': 3, 'L1_layers_mol': 2, 'L1_dropout': 0.2849371546338239, 'L1_out_dim': 128, 'L2_hidden_dim': 192, 'L2_layers_atom': 1, 'L2_layers_mol': 4, 'L2_out_dim': 128, 'L2_dropout': 0.005483913802187981, 'L3_hidden_dim': 48, 'L3_layers_atom': 3, 'L3_layers_mol': 2, 'L3_out_dim': 128, 'L3_dropout': 0.10865711333704374, 'n_mlp_layers': 2, 'mlp_dim_0': 104, 'mlp_dim_1': 440, 'num_heads': 1, 'final_dropout': 0.035366958198902454, 'train_learning_rate': 0.0023614487485243436, 'train_lr_reduce': 0.6}. Best is trial 1286 with value: 0.03935658559203148.
[I 2024-12-26 06:58:38,467] Trial 2016 finished with value: 0.06786463409662247 and parameters: {'L1_hidden_dim': 64, 'L1_layers_atom': 1, 'L1_layers_mol': 3, 'L1_dropout': 0.29287461174581086, 'L1_out_dim': 96, 'L2_hidden_dim': 192, 'L2_layers_atom': 2, 'L2_layers_mol': 3, 'L2_out_dim': 96, 'L2_dropout': 0.04090173581364443, 'L3_hidden_dim': 96, 'L3_layers_atom': 3, 'L3_layers_mol': 2, 'L3_out_dim': 128, 'L3_dropout': 0.13987341197645053, 'n_mlp_layers': 2, 'mlp_dim_0': 256, 'mlp_dim_1': 472, 'num_heads': 1, 'final_dropout': 0.12332878154879631, 'train_learning_rate': 0.00156693925909621, 'train_lr_reduce': 0.6}. Best is trial 1286 with value: 0.03935658559203148.
[I 2024-12-26 06:59:24,241] Trial 2017 finished with value: 0.07176444679498672 and parameters: {'L1_hidden_dim': 80, 'L1_layers_atom': 2, 'L1_layers_mol': 3, 'L1_dropout': 0.2555441610280064, 'L1_out_dim': 112, 'L2_hidden_dim': 208, 'L2_layers_atom': 3, 'L2_layers_mol': 1, 'L2_out_dim': 80, 'L2_dropout': 0.011252071101690058, 'L3_hidden_dim': 128, 'L3_layers_atom': 2, 'L3_layers_mol': 1, 'L3_out_dim': 112, 'L3_dropout': 0.12918414215607452, 'n_mlp_layers': 2, 'mlp_dim_0': 136, 'mlp_dim_1': 440, 'num_heads': 1, 'final_dropout': 0.1794937786394998, 'train_learning_rate': 0.0023304045124496655, 'train_lr_reduce': 0.6}. Best is trial 1286 with value: 0.03935658559203148.
[I 2024-12-26 06:59:33,742] Trial 2019 finished with value: 0.0909365639090538 and parameters: {'L1_hidden_dim': 64, 'L1_layers_atom': 1, 'L1_layers_mol': 2, 'L1_dropout': 0.2505925069467756, 'L1_out_dim': 112, 'L2_hidden_dim': 160, 'L2_layers_atom': 2, 'L2_layers_mol': 4, 'L2_out_dim': 80, 'L2_dropout': 0.038689381142499334, 'L3_hidden_dim': 48, 'L3_layers_atom': 3, 'L3_layers_mol': 2, 'L3_out_dim': 128, 'L3_dropout': 0.1769549440620825, 'n_mlp_layers': 2, 'mlp_dim_0': 128, 'mlp_dim_1': 320, 'num_heads': 1, 'final_dropout': 0.1568578401084872, 'train_learning_rate': 0.007124326579867224, 'train_lr_reduce': 0.6}. Best is trial 1286 with value: 0.03935658559203148.
[I 2024-12-26 06:59:59,189] Trial 2018 finished with value: 0.19535265862941742 and parameters: {'L1_hidden_dim': 256, 'L1_layers_atom': 4, 'L1_layers_mol': 3, 'L1_dropout': 0.24960875144207728, 'L1_out_dim': 80, 'L2_hidden_dim': 160, 'L2_layers_atom': 2, 'L2_layers_mol': 2, 'L2_out_dim': 64, 'L2_dropout': 0.21438570604235663, 'L3_hidden_dim': 32, 'L3_layers_atom': 4, 'L3_layers_mol': 3, 'L3_out_dim': 32, 'L3_dropout': 0.1816787851121715, 'n_mlp_layers': 2, 'mlp_dim_0': 488, 'mlp_dim_1': 264, 'num_heads': 2, 'final_dropout': 0.21203005946425374, 'train_learning_rate': 0.0046443187878040006, 'train_lr_reduce': 0.6}. Best is trial 1286 with value: 0.03935658559203148.
[I 2024-12-26 07:00:32,572] Trial 2020 finished with value: 0.0780712142586708 and parameters: {'L1_hidden_dim': 160, 'L1_layers_atom': 4, 'L1_layers_mol': 4, 'L1_dropout': 0.2175133855026318, 'L1_out_dim': 80, 'L2_hidden_dim': 176, 'L2_layers_atom': 1, 'L2_layers_mol': 1, 'L2_out_dim': 112, 'L2_dropout': 0.07111698446731632, 'L3_hidden_dim': 80, 'L3_layers_atom': 4, 'L3_layers_mol': 1, 'L3_out_dim': 80, 'L3_dropout': 0.29249919523108125, 'n_mlp_layers': 2, 'mlp_dim_0': 144, 'mlp_dim_1': 432, 'num_heads': 2, 'final_dropout': 0.03685513931360255, 'train_learning_rate': 0.0010922323811094628, 'train_lr_reduce': 0.6}. Best is trial 1286 with value: 0.03935658559203148.
[I 2024-12-26 07:00:55,579] Trial 2021 finished with value: 0.08555319160223007 and parameters: {'L1_hidden_dim': 176, 'L1_layers_atom': 3, 'L1_layers_mol': 2, 'L1_dropout': 0.2870817580909468, 'L1_out_dim': 128, 'L2_hidden_dim': 64, 'L2_layers_atom': 4, 'L2_layers_mol': 1, 'L2_out_dim': 112, 'L2_dropout': 0.286912064087391, 'L3_hidden_dim': 32, 'L3_layers_atom': 4, 'L3_layers_mol': 2, 'L3_out_dim': 80, 'L3_dropout': 0.1668176966664291, 'n_mlp_layers': 2, 'mlp_dim_0': 336, 'mlp_dim_1': 216, 'num_heads': 1, 'final_dropout': 0.28198037932147946, 'train_learning_rate': 0.003960379559430272, 'train_lr_reduce': 0.6}. Best is trial 1286 with value: 0.03935658559203148.
[I 2024-12-26 07:01:20,336] Trial 2022 finished with value: 0.07932709902524948 and parameters: {'L1_hidden_dim': 96, 'L1_layers_atom': 1, 'L1_layers_mol': 2, 'L1_dropout': 0.23465040272851329, 'L1_out_dim': 96, 'L2_hidden_dim': 240, 'L2_layers_atom': 1, 'L2_layers_mol': 3, 'L2_out_dim': 96, 'L2_dropout': 0.0013718793699749807, 'L3_hidden_dim': 48, 'L3_layers_atom': 4, 'L3_layers_mol': 3, 'L3_out_dim': 128, 'L3_dropout': 0.2784575796650525, 'n_mlp_layers': 2, 'mlp_dim_0': 280, 'mlp_dim_1': 480, 'num_heads': 1, 'final_dropout': 0.11925526395730468, 'train_learning_rate': 0.0014342954228467335, 'train_lr_reduce': 0.6}. Best is trial 1286 with value: 0.03935658559203148.
[I 2024-12-26 07:01:58,047] Trial 2024 finished with value: 0.08516371250152588 and parameters: {'L1_hidden_dim': 112, 'L1_layers_atom': 4, 'L1_layers_mol': 3, 'L1_dropout': 0.10333511340553846, 'L1_out_dim': 32, 'L2_hidden_dim': 96, 'L2_layers_atom': 2, 'L2_layers_mol': 3, 'L2_out_dim': 48, 'L2_dropout': 0.0884293715605746, 'L3_hidden_dim': 96, 'L3_layers_atom': 4, 'L3_layers_mol': 1, 'L3_out_dim': 32, 'L3_dropout': 0.2532280430762491, 'n_mlp_layers': 2, 'mlp_dim_0': 40, 'mlp_dim_1': 512, 'num_heads': 1, 'final_dropout': 0.09559003463129637, 'train_learning_rate': 0.0032285568166037565, 'train_lr_reduce': 0.6}. Best is trial 1286 with value: 0.03935658559203148.
[I 2024-12-26 07:02:45,505] Trial 2023 finished with value: 0.07561229914426804 and parameters: {'L1_hidden_dim': 96, 'L1_layers_atom': 4, 'L1_layers_mol': 4, 'L1_dropout': 0.1615607184180991, 'L1_out_dim': 112, 'L2_hidden_dim': 192, 'L2_layers_atom': 1, 'L2_layers_mol': 2, 'L2_out_dim': 128, 'L2_dropout': 0.08668080268529833, 'L3_hidden_dim': 96, 'L3_layers_atom': 2, 'L3_layers_mol': 2, 'L3_out_dim': 80, 'L3_dropout': 0.22695609320337257, 'n_mlp_layers': 2, 'mlp_dim_0': 224, 'mlp_dim_1': 440, 'num_heads': 2, 'final_dropout': 0.11609822174401606, 'train_learning_rate': 0.003429817712115381, 'train_lr_reduce': 0.6}. Best is trial 1286 with value: 0.03935658559203148.
[I 2024-12-26 07:03:09,419] Trial 2025 finished with value: 0.08609820157289505 and parameters: {'L1_hidden_dim': 224, 'L1_layers_atom': 2, 'L1_layers_mol': 1, 'L1_dropout': 0.11323258832753595, 'L1_out_dim': 80, 'L2_hidden_dim': 176, 'L2_layers_atom': 3, 'L2_layers_mol': 1, 'L2_out_dim': 32, 'L2_dropout': 0.06943556892154765, 'L3_hidden_dim': 96, 'L3_layers_atom': 1, 'L3_layers_mol': 3, 'L3_out_dim': 32, 'L3_dropout': 0.24297152226132673, 'n_mlp_layers': 3, 'mlp_dim_0': 456, 'mlp_dim_1': 328, 'mlp_dim_2': 112, 'num_heads': 1, 'final_dropout': 0.03647470947547311, 'train_learning_rate': 0.0001201478590888904, 'train_lr_reduce': 0.6}. Best is trial 1286 with value: 0.03935658559203148.
