[I 2024-12-15 22:14:44,620] Trial 232 finished with value: 0.21625526249408722 and parameters: {'mlp_n_layers': 3, 'mlp_dim_00': 80, 'mlp_dim_01': 32, 'mlp_dim_02': 192, 'hidden_channels': 112, 'num_layers': 2, 'num_timesteps': 4, 'dropout': 0.2524057053697625, 'train_learning_rate': 0.0001833569578736362, 'train_lr_reduce': 0.6}. Best is trial 130 with value: 0.0812772810459137.
[I 2024-12-15 22:14:46,300] Trial 234 finished with value: 0.1013408973813057 and parameters: {'mlp_n_layers': 3, 'mlp_dim_00': 256, 'mlp_dim_01': 144, 'mlp_dim_02': 192, 'hidden_channels': 48, 'num_layers': 1, 'num_timesteps': 4, 'dropout': 0.2579961070898816, 'train_learning_rate': 0.00503720174117862, 'train_lr_reduce': 0.6}. Best is trial 130 with value: 0.0812772810459137.
[I 2024-12-15 22:14:48,925] Trial 235 finished with value: 0.11432807892560959 and parameters: {'mlp_n_layers': 2, 'mlp_dim_00': 256, 'mlp_dim_01': 208, 'hidden_channels': 48, 'num_layers': 3, 'num_timesteps': 3, 'dropout': 0.28868062491842555, 'train_learning_rate': 0.0016083979889820964, 'train_lr_reduce': 0.6}. Best is trial 130 with value: 0.0812772810459137.
[I 2024-12-15 22:15:01,735] Trial 236 finished with value: 0.13939636945724487 and parameters: {'mlp_n_layers': 2, 'mlp_dim_00': 208, 'mlp_dim_01': 256, 'hidden_channels': 192, 'num_layers': 4, 'num_timesteps': 3, 'dropout': 0.23702186319902238, 'train_learning_rate': 0.0034520721590177187, 'train_lr_reduce': 0.6}. Best is trial 130 with value: 0.0812772810459137.
[I 2024-12-15 22:15:01,763] Trial 237 finished with value: 0.13666857779026031 and parameters: {'mlp_n_layers': 2, 'mlp_dim_00': 176, 'mlp_dim_01': 80, 'hidden_channels': 80, 'num_layers': 1, 'num_timesteps': 4, 'dropout': 0.2591910679149443, 'train_learning_rate': 0.007334253659040724, 'train_lr_reduce': 0.6}. Best is trial 130 with value: 0.0812772810459137.
[I 2024-12-15 22:15:03,615] Trial 238 finished with value: 0.12666253745555878 and parameters: {'mlp_n_layers': 2, 'mlp_dim_00': 256, 'mlp_dim_01': 256, 'hidden_channels': 112, 'num_layers': 3, 'num_timesteps': 3, 'dropout': 0.1805668772199876, 'train_learning_rate': 0.0019928213544720755, 'train_lr_reduce': 0.6}. Best is trial 130 with value: 0.0812772810459137.
[I 2024-12-15 22:15:11,290] Trial 239 finished with value: 0.108479805290699 and parameters: {'mlp_n_layers': 3, 'mlp_dim_00': 192, 'mlp_dim_01': 240, 'mlp_dim_02': 176, 'hidden_channels': 64, 'num_layers': 1, 'num_timesteps': 2, 'dropout': 0.18717784424797515, 'train_learning_rate': 0.004679058060068431, 'train_lr_reduce': 0.6}. Best is trial 130 with value: 0.0812772810459137.
[I 2024-12-15 22:15:13,270] Trial 240 finished with value: 0.14820852875709534 and parameters: {'mlp_n_layers': 3, 'mlp_dim_00': 176, 'mlp_dim_01': 192, 'mlp_dim_02': 224, 'hidden_channels': 112, 'num_layers': 1, 'num_timesteps': 2, 'dropout': 0.2181674425067487, 'train_learning_rate': 0.009673745881453508, 'train_lr_reduce': 0.6}. Best is trial 130 with value: 0.0812772810459137.
[I 2024-12-15 22:15:18,460] Trial 241 finished with value: 0.13637149333953857 and parameters: {'mlp_n_layers': 2, 'mlp_dim_00': 240, 'mlp_dim_01': 32, 'hidden_channels': 48, 'num_layers': 2, 'num_timesteps': 3, 'dropout': 0.2145667742127345, 'train_learning_rate': 0.007940249236469275, 'train_lr_reduce': 0.6}. Best is trial 130 with value: 0.0812772810459137.
[I 2024-12-15 22:15:25,030] Trial 242 finished with value: 0.11969718337059021 and parameters: {'mlp_n_layers': 3, 'mlp_dim_00': 224, 'mlp_dim_01': 160, 'mlp_dim_02': 160, 'hidden_channels': 48, 'num_layers': 1, 'num_timesteps': 2, 'dropout': 0.2474492277130212, 'train_learning_rate': 0.006294007574931448, 'train_lr_reduce': 0.6}. Best is trial 130 with value: 0.0812772810459137.
[I 2024-12-15 22:15:26,118] Trial 243 finished with value: 0.10804479569196701 and parameters: {'mlp_n_layers': 2, 'mlp_dim_00': 176, 'mlp_dim_01': 96, 'hidden_channels': 32, 'num_layers': 1, 'num_timesteps': 3, 'dropout': 0.2976644587797643, 'train_learning_rate': 0.001876100638497671, 'train_lr_reduce': 0.6}. Best is trial 130 with value: 0.0812772810459137.
[I 2024-12-15 22:15:34,903] Trial 244 finished with value: 0.1186375692486763 and parameters: {'mlp_n_layers': 2, 'mlp_dim_00': 192, 'mlp_dim_01': 192, 'hidden_channels': 144, 'num_layers': 3, 'num_timesteps': 3, 'dropout': 0.2898282499209965, 'train_learning_rate': 0.0032067359345940706, 'train_lr_reduce': 0.6}. Best is trial 130 with value: 0.0812772810459137.
[I 2024-12-15 22:15:37,461] Trial 246 finished with value: 0.11023354530334473 and parameters: {'mlp_n_layers': 3, 'mlp_dim_00': 192, 'mlp_dim_01': 240, 'mlp_dim_02': 192, 'hidden_channels': 32, 'num_layers': 1, 'num_timesteps': 2, 'dropout': 0.2553660482414651, 'train_learning_rate': 0.009168920032260428, 'train_lr_reduce': 0.6}. Best is trial 130 with value: 0.0812772810459137.
[I 2024-12-15 22:15:44,707] Trial 245 finished with value: 0.09363026171922684 and parameters: {'mlp_n_layers': 2, 'mlp_dim_00': 192, 'mlp_dim_01': 112, 'hidden_channels': 32, 'num_layers': 3, 'num_timesteps': 3, 'dropout': 0.2824033161448253, 'train_learning_rate': 0.007215623109802476, 'train_lr_reduce': 0.6}. Best is trial 130 with value: 0.0812772810459137.
[I 2024-12-15 22:15:47,722] Trial 248 finished with value: 0.12184465676546097 and parameters: {'mlp_n_layers': 3, 'mlp_dim_00': 240, 'mlp_dim_01': 128, 'mlp_dim_02': 144, 'hidden_channels': 48, 'num_layers': 1, 'num_timesteps': 3, 'dropout': 0.20605943081228748, 'train_learning_rate': 0.007030107481491786, 'train_lr_reduce': 0.6}. Best is trial 130 with value: 0.0812772810459137.
[I 2024-12-15 22:15:52,051] Trial 247 finished with value: 0.09404715150594711 and parameters: {'mlp_n_layers': 2, 'mlp_dim_00': 160, 'mlp_dim_01': 224, 'hidden_channels': 32, 'num_layers': 2, 'num_timesteps': 4, 'dropout': 0.20216767198266783, 'train_learning_rate': 0.0016682250494926192, 'train_lr_reduce': 0.6}. Best is trial 130 with value: 0.0812772810459137.
[I 2024-12-15 22:15:57,556] Trial 249 finished with value: 0.17234741151332855 and parameters: {'mlp_n_layers': 4, 'mlp_dim_00': 48, 'mlp_dim_01': 32, 'mlp_dim_02': 176, 'mlp_dim_03': 224, 'hidden_channels': 96, 'num_layers': 4, 'num_timesteps': 2, 'dropout': 0.14979254553777185, 'train_learning_rate': 0.003499166896172521, 'train_lr_reduce': 0.6}. Best is trial 130 with value: 0.0812772810459137.
[I 2024-12-15 22:15:58,443] Trial 250 finished with value: 0.09737154841423035 and parameters: {'mlp_n_layers': 3, 'mlp_dim_00': 256, 'mlp_dim_01': 160, 'mlp_dim_02': 96, 'hidden_channels': 32, 'num_layers': 2, 'num_timesteps': 3, 'dropout': 0.27010569832794573, 'train_learning_rate': 0.007897325756923724, 'train_lr_reduce': 0.6}. Best is trial 130 with value: 0.0812772810459137.
[I 2024-12-15 22:16:04,467] Trial 251 finished with value: 0.11351345479488373 and parameters: {'mlp_n_layers': 3, 'mlp_dim_00': 240, 'mlp_dim_01': 208, 'mlp_dim_02': 224, 'hidden_channels': 32, 'num_layers': 1, 'num_timesteps': 3, 'dropout': 0.2602771821019212, 'train_learning_rate': 0.009380444779295649, 'train_lr_reduce': 0.6}. Best is trial 130 with value: 0.0812772810459137.
[I 2024-12-15 22:16:09,079] Trial 252 finished with value: 0.09741829335689545 and parameters: {'mlp_n_layers': 2, 'mlp_dim_00': 144, 'mlp_dim_01': 224, 'hidden_channels': 32, 'num_layers': 2, 'num_timesteps': 4, 'dropout': 0.13562679600576868, 'train_learning_rate': 0.0031523865411697168, 'train_lr_reduce': 0.6}. Best is trial 130 with value: 0.0812772810459137.
[I 2024-12-15 22:16:13,062] Trial 253 finished with value: 0.10166320204734802 and parameters: {'mlp_n_layers': 2, 'mlp_dim_00': 128, 'mlp_dim_01': 256, 'hidden_channels': 32, 'num_layers': 2, 'num_timesteps': 4, 'dropout': 0.22382651007937607, 'train_learning_rate': 0.005497104870354728, 'train_lr_reduce': 0.6}. Best is trial 130 with value: 0.0812772810459137.
[I 2024-12-15 22:16:22,945] Trial 254 finished with value: 0.1221940815448761 and parameters: {'mlp_n_layers': 3, 'mlp_dim_00': 176, 'mlp_dim_01': 128, 'mlp_dim_02': 80, 'hidden_channels': 64, 'num_layers': 3, 'num_timesteps': 3, 'dropout': 0.28107510673427333, 'train_learning_rate': 0.006333613371891453, 'train_lr_reduce': 0.6}. Best is trial 130 with value: 0.0812772810459137.
[I 2024-12-15 22:16:25,772] Trial 255 finished with value: 0.10226508229970932 and parameters: {'mlp_n_layers': 2, 'mlp_dim_00': 48, 'mlp_dim_01': 176, 'hidden_channels': 48, 'num_layers': 3, 'num_timesteps': 4, 'dropout': 0.17612246483622726, 'train_learning_rate': 0.007284240480681804, 'train_lr_reduce': 0.6}. Best is trial 130 with value: 0.0812772810459137.
[I 2024-12-15 22:16:25,777] Trial 256 finished with value: 0.14029744267463684 and parameters: {'mlp_n_layers': 4, 'mlp_dim_00': 128, 'mlp_dim_01': 48, 'mlp_dim_02': 80, 'mlp_dim_03': 80, 'hidden_channels': 112, 'num_layers': 3, 'num_timesteps': 1, 'dropout': 0.2719429599153348, 'train_learning_rate': 0.004458353598524593, 'train_lr_reduce': 0.6}. Best is trial 130 with value: 0.0812772810459137.
[I 2024-12-15 22:16:35,022] Trial 257 finished with value: 0.09453094005584717 and parameters: {'mlp_n_layers': 2, 'mlp_dim_00': 176, 'mlp_dim_01': 112, 'hidden_channels': 32, 'num_layers': 4, 'num_timesteps': 3, 'dropout': 0.23269190247250227, 'train_learning_rate': 0.009674407545426244, 'train_lr_reduce': 0.6}. Best is trial 130 with value: 0.0812772810459137.
[I 2024-12-15 22:16:45,424] Trial 259 finished with value: 0.09971442818641663 and parameters: {'mlp_n_layers': 2, 'mlp_dim_00': 128, 'mlp_dim_01': 256, 'hidden_channels': 80, 'num_layers': 3, 'num_timesteps': 4, 'dropout': 0.08492635963830428, 'train_learning_rate': 0.008030798285243486, 'train_lr_reduce': 0.6}. Best is trial 130 with value: 0.0812772810459137.
[I 2024-12-15 22:16:48,239] Trial 258 finished with value: 0.1063709408044815 and parameters: {'mlp_n_layers': 2, 'mlp_dim_00': 176, 'mlp_dim_01': 192, 'hidden_channels': 32, 'num_layers': 2, 'num_timesteps': 4, 'dropout': 0.17844585093182472, 'train_learning_rate': 0.00087033736594962, 'train_lr_reduce': 0.6}. Best is trial 130 with value: 0.0812772810459137.
[I 2024-12-15 22:16:52,567] Trial 260 finished with value: 0.10041320323944092 and parameters: {'mlp_n_layers': 2, 'mlp_dim_00': 208, 'mlp_dim_01': 112, 'hidden_channels': 32, 'num_layers': 4, 'num_timesteps': 3, 'dropout': 0.2322414174853069, 'train_learning_rate': 0.0028333896139771443, 'train_lr_reduce': 0.6}. Best is trial 130 with value: 0.0812772810459137.
[I 2024-12-15 22:17:03,166] Trial 262 finished with value: 0.10657383501529694 and parameters: {'mlp_n_layers': 2, 'mlp_dim_00': 176, 'mlp_dim_01': 64, 'hidden_channels': 48, 'num_layers': 4, 'num_timesteps': 2, 'dropout': 0.22832093155305308, 'train_learning_rate': 0.006282502860890018, 'train_lr_reduce': 0.6}. Best is trial 130 with value: 0.0812772810459137.
[I 2024-12-15 22:17:05,535] Trial 261 finished with value: 0.11985171586275101 and parameters: {'mlp_n_layers': 3, 'mlp_dim_00': 256, 'mlp_dim_01': 128, 'mlp_dim_02': 80, 'hidden_channels': 32, 'num_layers': 4, 'num_timesteps': 4, 'dropout': 0.2107281267194409, 'train_learning_rate': 0.006164967897702483, 'train_lr_reduce': 0.6}. Best is trial 130 with value: 0.0812772810459137.
[I 2024-12-15 22:17:10,181] Trial 263 finished with value: 0.12119763344526291 and parameters: {'mlp_n_layers': 2, 'mlp_dim_00': 96, 'mlp_dim_01': 208, 'hidden_channels': 64, 'num_layers': 2, 'num_timesteps': 4, 'dropout': 0.2449858330024263, 'train_learning_rate': 0.00166345569622198, 'train_lr_reduce': 0.6}. Best is trial 130 with value: 0.0812772810459137.
[I 2024-12-15 22:17:27,555] Trial 266 finished with value: 0.09936144948005676 and parameters: {'mlp_n_layers': 2, 'mlp_dim_00': 160, 'mlp_dim_01': 80, 'hidden_channels': 32, 'num_layers': 4, 'num_timesteps': 4, 'dropout': 0.20143975022242067, 'train_learning_rate': 0.004467841499548679, 'train_lr_reduce': 0.6}. Best is trial 130 with value: 0.0812772810459137.
[I 2024-12-15 22:17:30,248] Trial 264 finished with value: 0.3103237748146057 and parameters: {'mlp_n_layers': 2, 'mlp_dim_00': 112, 'mlp_dim_01': 160, 'hidden_channels': 32, 'num_layers': 4, 'num_timesteps': 1, 'dropout': 0.23816912142758576, 'train_learning_rate': 0.00023652204102172226, 'train_lr_reduce': 0.6}. Best is trial 130 with value: 0.0812772810459137.
[I 2024-12-15 22:17:31,064] Trial 265 finished with value: 0.2117183655500412 and parameters: {'mlp_n_layers': 3, 'mlp_dim_00': 256, 'mlp_dim_01': 240, 'mlp_dim_02': 96, 'hidden_channels': 224, 'num_layers': 1, 'num_timesteps': 4, 'dropout': 0.2774617971477827, 'train_learning_rate': 0.005285117789918796, 'train_lr_reduce': 0.6}. Best is trial 130 with value: 0.0812772810459137.
[I 2024-12-15 22:17:41,026] Trial 267 finished with value: 0.10965420305728912 and parameters: {'mlp_n_layers': 2, 'mlp_dim_00': 176, 'mlp_dim_01': 112, 'hidden_channels': 32, 'num_layers': 4, 'num_timesteps': 3, 'dropout': 0.22823127269099247, 'train_learning_rate': 0.0055470968313348756, 'train_lr_reduce': 0.6}. Best is trial 130 with value: 0.0812772810459137.
[I 2024-12-15 22:17:47,905] Trial 268 finished with value: 0.1033530980348587 and parameters: {'mlp_n_layers': 2, 'mlp_dim_00': 160, 'mlp_dim_01': 160, 'hidden_channels': 64, 'num_layers': 4, 'num_timesteps': 3, 'dropout': 0.19354536368165556, 'train_learning_rate': 0.009792022921067841, 'train_lr_reduce': 0.6}. Best is trial 130 with value: 0.0812772810459137.
[I 2024-12-15 22:17:47,928] Trial 269 finished with value: 0.09689197689294815 and parameters: {'mlp_n_layers': 3, 'mlp_dim_00': 256, 'mlp_dim_01': 160, 'mlp_dim_02': 112, 'hidden_channels': 48, 'num_layers': 2, 'num_timesteps': 3, 'dropout': 0.27107918141944115, 'train_learning_rate': 0.0036077733561057372, 'train_lr_reduce': 0.6}. Best is trial 130 with value: 0.0812772810459137.
[I 2024-12-15 22:18:00,059] Trial 270 finished with value: 0.10252805054187775 and parameters: {'mlp_n_layers': 2, 'mlp_dim_00': 240, 'mlp_dim_01': 128, 'hidden_channels': 64, 'num_layers': 3, 'num_timesteps': 3, 'dropout': 0.26088734804847974, 'train_learning_rate': 0.007914968398209599, 'train_lr_reduce': 0.6}. Best is trial 130 with value: 0.0812772810459137.
[I 2024-12-15 22:18:05,091] Trial 271 finished with value: 0.11275875568389893 and parameters: {'mlp_n_layers': 2, 'mlp_dim_00': 160, 'mlp_dim_01': 96, 'hidden_channels': 80, 'num_layers': 4, 'num_timesteps': 3, 'dropout': 0.27174603549571186, 'train_learning_rate': 0.00969638791140525, 'train_lr_reduce': 0.6}. Best is trial 130 with value: 0.0812772810459137.
[I 2024-12-15 22:18:16,010] Trial 272 finished with value: 0.12738169729709625 and parameters: {'mlp_n_layers': 2, 'mlp_dim_00': 32, 'mlp_dim_01': 224, 'hidden_channels': 32, 'num_layers': 4, 'num_timesteps': 4, 'dropout': 0.08909195660452714, 'train_learning_rate': 0.0015151655675309616, 'train_lr_reduce': 0.6}. Best is trial 130 with value: 0.0812772810459137.
[I 2024-12-15 22:18:18,472] Trial 274 finished with value: 0.11616665869951248 and parameters: {'mlp_n_layers': 3, 'mlp_dim_00': 256, 'mlp_dim_01': 112, 'mlp_dim_02': 112, 'hidden_channels': 64, 'num_layers': 2, 'num_timesteps': 3, 'dropout': 0.253353004859328, 'train_learning_rate': 0.001497959344897857, 'train_lr_reduce': 0.6}. Best is trial 130 with value: 0.0812772810459137.
[I 2024-12-15 22:18:20,579] Trial 273 finished with value: 0.12171173095703125 and parameters: {'mlp_n_layers': 2, 'mlp_dim_00': 144, 'mlp_dim_01': 256, 'hidden_channels': 48, 'num_layers': 3, 'num_timesteps': 4, 'dropout': 0.22694967585768314, 'train_learning_rate': 0.0012852740509570223, 'train_lr_reduce': 0.6}. Best is trial 130 with value: 0.0812772810459137.
[I 2024-12-15 22:18:28,532] Trial 275 finished with value: 0.11745717376470566 and parameters: {'mlp_n_layers': 3, 'mlp_dim_00': 208, 'mlp_dim_01': 128, 'mlp_dim_02': 112, 'hidden_channels': 32, 'num_layers': 2, 'num_timesteps': 3, 'dropout': 0.2769593720372023, 'train_learning_rate': 0.006219349788224345, 'train_lr_reduce': 0.6}. Best is trial 130 with value: 0.0812772810459137.
[I 2024-12-15 22:18:34,752] Trial 277 finished with value: 0.09830636531114578 and parameters: {'mlp_n_layers': 2, 'mlp_dim_00': 240, 'mlp_dim_01': 160, 'hidden_channels': 176, 'num_layers': 2, 'num_timesteps': 4, 'dropout': 0.21899911454930424, 'train_learning_rate': 0.007250692789230412, 'train_lr_reduce': 0.6}. Best is trial 130 with value: 0.0812772810459137.
[I 2024-12-15 22:18:35,145] Trial 276 finished with value: 0.10821809619665146 and parameters: {'mlp_n_layers': 2, 'mlp_dim_00': 192, 'mlp_dim_01': 112, 'hidden_channels': 32, 'num_layers': 2, 'num_timesteps': 3, 'dropout': 0.2193702871758394, 'train_learning_rate': 0.009314719129596968, 'train_lr_reduce': 0.6}. Best is trial 130 with value: 0.0812772810459137.
[I 2024-12-15 22:18:42,647] Trial 278 finished with value: 0.1007559522986412 and parameters: {'mlp_n_layers': 2, 'mlp_dim_00': 160, 'mlp_dim_01': 224, 'hidden_channels': 32, 'num_layers': 2, 'num_timesteps': 4, 'dropout': 0.13265604612224338, 'train_learning_rate': 0.005693584589013336, 'train_lr_reduce': 0.6}. Best is trial 130 with value: 0.0812772810459137.
[I 2024-12-15 22:18:52,494] Trial 280 finished with value: 0.2214099019765854 and parameters: {'mlp_n_layers': 3, 'mlp_dim_00': 128, 'mlp_dim_01': 128, 'mlp_dim_02': 96, 'hidden_channels': 144, 'num_layers': 1, 'num_timesteps': 3, 'dropout': 0.28790033062030557, 'train_learning_rate': 0.006891384604231789, 'train_lr_reduce': 0.6}. Best is trial 130 with value: 0.0812772810459137.
[I 2024-12-15 22:18:55,210] Trial 279 finished with value: 0.12405432760715485 and parameters: {'mlp_n_layers': 2, 'mlp_dim_00': 80, 'mlp_dim_01': 160, 'hidden_channels': 256, 'num_layers': 3, 'num_timesteps': 2, 'dropout': 0.20266414244732897, 'train_learning_rate': 0.00640666548166608, 'train_lr_reduce': 0.6}. Best is trial 130 with value: 0.0812772810459137.
[I 2024-12-15 22:19:04,027] Trial 281 finished with value: 0.11678550392389297 and parameters: {'mlp_n_layers': 3, 'mlp_dim_00': 128, 'mlp_dim_01': 208, 'mlp_dim_02': 112, 'hidden_channels': 48, 'num_layers': 3, 'num_timesteps': 4, 'dropout': 0.1191992306970801, 'train_learning_rate': 0.002111225606593133, 'train_lr_reduce': 0.6}. Best is trial 130 with value: 0.0812772810459137.
[I 2024-12-15 22:19:04,683] Trial 282 finished with value: 0.09096021205186844 and parameters: {'mlp_n_layers': 2, 'mlp_dim_00': 144, 'mlp_dim_01': 192, 'hidden_channels': 48, 'num_layers': 2, 'num_timesteps': 4, 'dropout': 0.1947871499810386, 'train_learning_rate': 0.004797447020360454, 'train_lr_reduce': 0.6}. Best is trial 130 with value: 0.0812772810459137.
[I 2024-12-15 22:19:08,143] Trial 283 finished with value: 0.12796522676944733 and parameters: {'mlp_n_layers': 3, 'mlp_dim_00': 192, 'mlp_dim_01': 192, 'mlp_dim_02': 112, 'hidden_channels': 32, 'num_layers': 2, 'num_timesteps': 3, 'dropout': 0.29503751755032426, 'train_learning_rate': 0.009921953507001608, 'train_lr_reduce': 0.6}. Best is trial 130 with value: 0.0812772810459137.
[I 2024-12-15 22:19:16,697] Trial 284 finished with value: 0.11487874388694763 and parameters: {'mlp_n_layers': 2, 'mlp_dim_00': 144, 'mlp_dim_01': 192, 'hidden_channels': 48, 'num_layers': 1, 'num_timesteps': 3, 'dropout': 0.1331900724994781, 'train_learning_rate': 0.0021729773736467754, 'train_lr_reduce': 0.6}. Best is trial 130 with value: 0.0812772810459137.
[I 2024-12-15 22:19:21,731] Trial 286 finished with value: 0.09767310321331024 and parameters: {'mlp_n_layers': 3, 'mlp_dim_00': 240, 'mlp_dim_01': 192, 'mlp_dim_02': 112, 'hidden_channels': 32, 'num_layers': 2, 'num_timesteps': 3, 'dropout': 0.24800481755852094, 'train_learning_rate': 0.004017551601142895, 'train_lr_reduce': 0.6}. Best is trial 130 with value: 0.0812772810459137.
[I 2024-12-15 22:19:23,082] Trial 285 finished with value: 0.1232607513666153 and parameters: {'mlp_n_layers': 3, 'mlp_dim_00': 32, 'mlp_dim_01': 192, 'mlp_dim_02': 64, 'hidden_channels': 64, 'num_layers': 3, 'num_timesteps': 4, 'dropout': 0.0809031657579267, 'train_learning_rate': 0.0027345373025252583, 'train_lr_reduce': 0.6}. Best is trial 130 with value: 0.0812772810459137.
[I 2024-12-15 22:19:27,932] Trial 287 finished with value: 0.10815241932868958 and parameters: {'mlp_n_layers': 2, 'mlp_dim_00': 112, 'mlp_dim_01': 160, 'hidden_channels': 48, 'num_layers': 2, 'num_timesteps': 4, 'dropout': 0.22944495445161486, 'train_learning_rate': 0.008484566615269034, 'train_lr_reduce': 0.6}. Best is trial 130 with value: 0.0812772810459137.
[I 2024-12-15 22:19:35,128] Trial 289 finished with value: 0.09771190583705902 and parameters: {'mlp_n_layers': 2, 'mlp_dim_00': 64, 'mlp_dim_01': 240, 'hidden_channels': 32, 'num_layers': 2, 'num_timesteps': 3, 'dropout': 0.1450498635299004, 'train_learning_rate': 0.005279082607717555, 'train_lr_reduce': 0.6}. Best is trial 130 with value: 0.0812772810459137.
[I 2024-12-15 22:19:35,881] Trial 288 finished with value: 0.09516085684299469 and parameters: {'mlp_n_layers': 2, 'mlp_dim_00': 240, 'mlp_dim_01': 240, 'hidden_channels': 208, 'num_layers': 1, 'num_timesteps': 4, 'dropout': 0.27271344223078336, 'train_learning_rate': 0.006332464811022154, 'train_lr_reduce': 0.6}. Best is trial 130 with value: 0.0812772810459137.
[I 2024-12-15 22:19:41,574] Trial 290 finished with value: 0.1495300680398941 and parameters: {'mlp_n_layers': 3, 'mlp_dim_00': 256, 'mlp_dim_01': 160, 'mlp_dim_02': 128, 'hidden_channels': 48, 'num_layers': 1, 'num_timesteps': 3, 'dropout': 0.2918199727404544, 'train_learning_rate': 0.008611698252446344, 'train_lr_reduce': 0.6}. Best is trial 130 with value: 0.0812772810459137.
[I 2024-12-15 22:19:50,593] Trial 292 finished with value: 0.12034185230731964 and parameters: {'mlp_n_layers': 2, 'mlp_dim_00': 176, 'mlp_dim_01': 96, 'hidden_channels': 32, 'num_layers': 3, 'num_timesteps': 3, 'dropout': 0.26258681589788513, 'train_learning_rate': 0.0055349827262915, 'train_lr_reduce': 0.6}. Best is trial 130 with value: 0.0812772810459137.
