[I 2024-12-19 19:14:32,320] Trial 784 finished with value: 1.1435878276824951 and parameters: {'mlp_n_layers': 1, 'mlp_dim_00': 491, 'node_hidden_dim': 32, 'edge_hidden_dim': 59, 'depth': 1, 'rep_dropout': 0.04225718274622764, 'train_learning_rate': 0.0016182552720087103, 'train_lr_reduce': 0.6}. Best is trial 673 with value: 0.11172225326299667.
[I 2024-12-19 19:14:32,508] Trial 783 finished with value: 1.1419918537139893 and parameters: {'mlp_n_layers': 3, 'mlp_dim_00': 85, 'mlp_dim_01': 470, 'mlp_dim_02': 288, 'node_hidden_dim': 76, 'edge_hidden_dim': 81, 'depth': 1, 'rep_dropout': 0.13069373091943443, 'train_learning_rate': 0.00010108753626384617, 'train_lr_reduce': 0.6}. Best is trial 673 with value: 0.11172225326299667.
[I 2024-12-19 19:14:37,724] Trial 787 finished with value: 1.1434077024459839 and parameters: {'mlp_n_layers': 3, 'mlp_dim_00': 289, 'mlp_dim_01': 323, 'mlp_dim_02': 199, 'node_hidden_dim': 36, 'edge_hidden_dim': 125, 'depth': 2, 'rep_dropout': 0.11772099098721903, 'train_learning_rate': 0.0028327083324490784, 'train_lr_reduce': 0.6}. Best is trial 673 with value: 0.11172225326299667.
[I 2024-12-19 19:14:38,353] Trial 786 finished with value: 1.1424940824508667 and parameters: {'mlp_n_layers': 1, 'mlp_dim_00': 496, 'node_hidden_dim': 34, 'edge_hidden_dim': 49, 'depth': 2, 'rep_dropout': 0.003214889386120405, 'train_learning_rate': 0.0027564888476095686, 'train_lr_reduce': 0.6}. Best is trial 673 with value: 0.11172225326299667.
[I 2024-12-19 19:14:45,245] Trial 790 finished with value: 1.1431877613067627 and parameters: {'mlp_n_layers': 4, 'mlp_dim_00': 322, 'mlp_dim_01': 418, 'mlp_dim_02': 72, 'mlp_dim_03': 163, 'node_hidden_dim': 90, 'edge_hidden_dim': 128, 'depth': 4, 'rep_dropout': 0.029743792939536086, 'train_learning_rate': 0.002373776420584404, 'train_lr_reduce': 0.6}. Best is trial 673 with value: 0.11172225326299667.
[I 2024-12-19 19:14:51,247] Trial 791 finished with value: 1.143430233001709 and parameters: {'mlp_n_layers': 4, 'mlp_dim_00': 135, 'mlp_dim_01': 365, 'mlp_dim_02': 343, 'mlp_dim_03': 462, 'node_hidden_dim': 62, 'edge_hidden_dim': 55, 'depth': 4, 'rep_dropout': 0.10053078302604972, 'train_learning_rate': 0.005623328361804848, 'train_lr_reduce': 0.6}. Best is trial 673 with value: 0.11172225326299667.
[I 2024-12-19 19:14:51,849] Trial 789 finished with value: 0.7216243743896484 and parameters: {'mlp_n_layers': 1, 'mlp_dim_00': 183, 'node_hidden_dim': 37, 'edge_hidden_dim': 105, 'depth': 1, 'rep_dropout': 0.0038951233878216328, 'train_learning_rate': 0.009422175363847984, 'train_lr_reduce': 0.6}. Best is trial 673 with value: 0.11172225326299667.
[I 2024-12-19 19:14:59,836] Trial 792 finished with value: 1.14225172996521 and parameters: {'mlp_n_layers': 4, 'mlp_dim_00': 228, 'mlp_dim_01': 472, 'mlp_dim_02': 450, 'mlp_dim_03': 512, 'node_hidden_dim': 117, 'edge_hidden_dim': 73, 'depth': 3, 'rep_dropout': 0.022655416717076146, 'train_learning_rate': 0.00011851315053729606, 'train_lr_reduce': 0.6}. Best is trial 673 with value: 0.11172225326299667.
[I 2024-12-19 19:15:03,803] Trial 788 finished with value: 0.1644430160522461 and parameters: {'mlp_n_layers': 1, 'mlp_dim_00': 365, 'node_hidden_dim': 33, 'edge_hidden_dim': 61, 'depth': 1, 'rep_dropout': 0.037301715850833306, 'train_learning_rate': 0.0053982844049506925, 'train_lr_reduce': 0.6}. Best is trial 673 with value: 0.11172225326299667.
[I 2024-12-19 19:15:06,176] Trial 794 finished with value: 1.142964243888855 and parameters: {'mlp_n_layers': 2, 'mlp_dim_00': 123, 'mlp_dim_01': 512, 'node_hidden_dim': 51, 'edge_hidden_dim': 107, 'depth': 4, 'rep_dropout': 0.10666012300478528, 'train_learning_rate': 0.0005207844825331169, 'train_lr_reduce': 0.6}. Best is trial 673 with value: 0.11172225326299667.
[I 2024-12-19 19:15:11,529] Trial 796 finished with value: 1.1444690227508545 and parameters: {'mlp_n_layers': 2, 'mlp_dim_00': 397, 'mlp_dim_01': 299, 'node_hidden_dim': 36, 'edge_hidden_dim': 57, 'depth': 2, 'rep_dropout': 0.07662874611611226, 'train_learning_rate': 0.0016310536318653616, 'train_lr_reduce': 0.6}. Best is trial 673 with value: 0.11172225326299667.
[I 2024-12-19 19:15:18,565] Trial 797 finished with value: 1.1533793210983276 and parameters: {'mlp_n_layers': 1, 'mlp_dim_00': 477, 'node_hidden_dim': 80, 'edge_hidden_dim': 92, 'depth': 4, 'rep_dropout': 0.10726252068129108, 'train_learning_rate': 0.0005229308639865438, 'train_lr_reduce': 0.6}. Best is trial 673 with value: 0.11172225326299667.
[I 2024-12-19 19:15:24,436] Trial 798 finished with value: 1.1477330923080444 and parameters: {'mlp_n_layers': 3, 'mlp_dim_00': 391, 'mlp_dim_01': 433, 'mlp_dim_02': 250, 'node_hidden_dim': 73, 'edge_hidden_dim': 39, 'depth': 4, 'rep_dropout': 0.06637658714103183, 'train_learning_rate': 0.004377055684414415, 'train_lr_reduce': 0.6}. Best is trial 673 with value: 0.11172225326299667.
[I 2024-12-19 19:15:28,987] Trial 793 finished with value: 0.1286415010690689 and parameters: {'mlp_n_layers': 1, 'mlp_dim_00': 348, 'node_hidden_dim': 53, 'edge_hidden_dim': 67, 'depth': 1, 'rep_dropout': 0.07876884100753317, 'train_learning_rate': 0.002730247288651198, 'train_lr_reduce': 0.6}. Best is trial 673 with value: 0.11172225326299667.
[I 2024-12-19 19:15:29,041] Trial 799 finished with value: 1.155563235282898 and parameters: {'mlp_n_layers': 2, 'mlp_dim_00': 369, 'mlp_dim_01': 387, 'node_hidden_dim': 41, 'edge_hidden_dim': 63, 'depth': 2, 'rep_dropout': 0.03402669670994399, 'train_learning_rate': 0.00721993959836113, 'train_lr_reduce': 0.6}. Best is trial 673 with value: 0.11172225326299667.
[I 2024-12-19 19:15:35,841] Trial 795 finished with value: 0.2070043683052063 and parameters: {'mlp_n_layers': 1, 'mlp_dim_00': 306, 'node_hidden_dim': 34, 'edge_hidden_dim': 51, 'depth': 1, 'rep_dropout': 0.03182848880396329, 'train_learning_rate': 0.005109301700598284, 'train_lr_reduce': 0.6}. Best is trial 673 with value: 0.11172225326299667.
[I 2024-12-19 19:15:36,684] Trial 800 finished with value: 1.1423940658569336 and parameters: {'mlp_n_layers': 4, 'mlp_dim_00': 413, 'mlp_dim_01': 326, 'mlp_dim_02': 390, 'mlp_dim_03': 242, 'node_hidden_dim': 68, 'edge_hidden_dim': 102, 'depth': 4, 'rep_dropout': 0.09957494495121413, 'train_learning_rate': 0.00020432532374622573, 'train_lr_reduce': 0.6}. Best is trial 673 with value: 0.11172225326299667.
[I 2024-12-19 19:15:41,853] Trial 802 finished with value: 1.1471835374832153 and parameters: {'mlp_n_layers': 1, 'mlp_dim_00': 423, 'node_hidden_dim': 34, 'edge_hidden_dim': 53, 'depth': 2, 'rep_dropout': 0.028948385956251817, 'train_learning_rate': 0.002248084334302733, 'train_lr_reduce': 0.6}. Best is trial 673 with value: 0.11172225326299667.
[I 2024-12-19 19:15:58,393] Trial 801 finished with value: 0.16508951783180237 and parameters: {'mlp_n_layers': 1, 'mlp_dim_00': 365, 'node_hidden_dim': 62, 'edge_hidden_dim': 65, 'depth': 1, 'rep_dropout': 0.020690239673259215, 'train_learning_rate': 0.0035483558241336415, 'train_lr_reduce': 0.6}. Best is trial 673 with value: 0.11172225326299667.
[I 2024-12-19 19:16:09,853] Trial 803 finished with value: 0.1975584626197815 and parameters: {'mlp_n_layers': 2, 'mlp_dim_00': 507, 'mlp_dim_01': 420, 'node_hidden_dim': 57, 'edge_hidden_dim': 116, 'depth': 1, 'rep_dropout': 0.009926991498648228, 'train_learning_rate': 0.003753021947003685, 'train_lr_reduce': 0.6}. Best is trial 673 with value: 0.11172225326299667.
[I 2024-12-19 19:16:12,712] Trial 804 finished with value: 0.16178061068058014 and parameters: {'mlp_n_layers': 3, 'mlp_dim_00': 475, 'mlp_dim_01': 362, 'mlp_dim_02': 177, 'node_hidden_dim': 64, 'edge_hidden_dim': 75, 'depth': 1, 'rep_dropout': 0.034417728584173454, 'train_learning_rate': 0.004386016100435573, 'train_lr_reduce': 0.6}. Best is trial 673 with value: 0.11172225326299667.
[I 2024-12-19 19:16:14,904] Trial 806 finished with value: 1.1472547054290771 and parameters: {'mlp_n_layers': 1, 'mlp_dim_00': 503, 'node_hidden_dim': 34, 'edge_hidden_dim': 58, 'depth': 1, 'rep_dropout': 0.02951961369980395, 'train_learning_rate': 0.003276363294409791, 'train_lr_reduce': 0.6}. Best is trial 673 with value: 0.11172225326299667.
[I 2024-12-19 19:16:17,672] Trial 807 finished with value: 1.1416566371917725 and parameters: {'mlp_n_layers': 1, 'mlp_dim_00': 328, 'node_hidden_dim': 92, 'edge_hidden_dim': 63, 'depth': 1, 'rep_dropout': 0.0070731528632251295, 'train_learning_rate': 0.00016512517012936263, 'train_lr_reduce': 0.6}. Best is trial 673 with value: 0.11172225326299667.
[I 2024-12-19 19:16:19,293] Trial 808 finished with value: 1.1428489685058594 and parameters: {'mlp_n_layers': 1, 'mlp_dim_00': 220, 'node_hidden_dim': 70, 'edge_hidden_dim': 47, 'depth': 1, 'rep_dropout': 0.12954223643814278, 'train_learning_rate': 0.0005585182128066955, 'train_lr_reduce': 0.6}. Best is trial 673 with value: 0.11172225326299667.
[I 2024-12-19 19:16:22,191] Trial 809 finished with value: 1.1520885229110718 and parameters: {'mlp_n_layers': 1, 'mlp_dim_00': 261, 'node_hidden_dim': 51, 'edge_hidden_dim': 55, 'depth': 1, 'rep_dropout': 0.045334206317071746, 'train_learning_rate': 0.0012142328625447442, 'train_lr_reduce': 0.6}. Best is trial 673 with value: 0.11172225326299667.
[I 2024-12-19 19:16:28,727] Trial 811 finished with value: 1.1423916816711426 and parameters: {'mlp_n_layers': 4, 'mlp_dim_00': 464, 'mlp_dim_01': 296, 'mlp_dim_02': 455, 'mlp_dim_03': 344, 'node_hidden_dim': 128, 'edge_hidden_dim': 47, 'depth': 1, 'rep_dropout': 0.13700189588527606, 'train_learning_rate': 0.0006516888791885835, 'train_lr_reduce': 0.6}. Best is trial 673 with value: 0.11172225326299667.
[I 2024-12-19 19:16:38,080] Trial 805 finished with value: 0.28427639603614807 and parameters: {'mlp_n_layers': 1, 'mlp_dim_00': 462, 'node_hidden_dim': 33, 'edge_hidden_dim': 70, 'depth': 2, 'rep_dropout': 0.039239239805594975, 'train_learning_rate': 0.008226496425961826, 'train_lr_reduce': 0.6}. Best is trial 673 with value: 0.11172225326299667.
[I 2024-12-19 19:16:43,694] Trial 813 finished with value: 1.1421111822128296 and parameters: {'mlp_n_layers': 1, 'mlp_dim_00': 104, 'node_hidden_dim': 98, 'edge_hidden_dim': 39, 'depth': 1, 'rep_dropout': 0.08244907817456457, 'train_learning_rate': 0.00014252295771395828, 'train_lr_reduce': 0.6}. Best is trial 673 with value: 0.11172225326299667.
[I 2024-12-19 19:16:48,913] Trial 814 finished with value: 1.1420063972473145 and parameters: {'mlp_n_layers': 2, 'mlp_dim_00': 359, 'mlp_dim_01': 446, 'node_hidden_dim': 57, 'edge_hidden_dim': 101, 'depth': 1, 'rep_dropout': 0.1371685644678951, 'train_learning_rate': 0.0005718619711760187, 'train_lr_reduce': 0.6}. Best is trial 673 with value: 0.11172225326299667.
[I 2024-12-19 19:16:59,926] Trial 810 finished with value: 0.1392875462770462 and parameters: {'mlp_n_layers': 1, 'mlp_dim_00': 447, 'node_hidden_dim': 39, 'edge_hidden_dim': 70, 'depth': 1, 'rep_dropout': 0.0800539459132129, 'train_learning_rate': 0.0018997161504416187, 'train_lr_reduce': 0.6}. Best is trial 673 with value: 0.11172225326299667.
[I 2024-12-19 19:17:05,201] Trial 816 finished with value: 1.1422617435455322 and parameters: {'mlp_n_layers': 2, 'mlp_dim_00': 448, 'mlp_dim_01': 477, 'node_hidden_dim': 37, 'edge_hidden_dim': 36, 'depth': 1, 'rep_dropout': 0.06599329002256756, 'train_learning_rate': 0.0004001060427815254, 'train_lr_reduce': 0.6}. Best is trial 673 with value: 0.11172225326299667.
[I 2024-12-19 19:17:12,800] Trial 812 finished with value: 0.2611653804779053 and parameters: {'mlp_n_layers': 1, 'mlp_dim_00': 262, 'node_hidden_dim': 50, 'edge_hidden_dim': 79, 'depth': 2, 'rep_dropout': 0.04974252420807846, 'train_learning_rate': 0.0021008584357428937, 'train_lr_reduce': 0.6}. Best is trial 673 with value: 0.11172225326299667.
[I 2024-12-19 19:17:18,690] Trial 818 finished with value: 1.1423635482788086 and parameters: {'mlp_n_layers': 2, 'mlp_dim_00': 289, 'mlp_dim_01': 272, 'node_hidden_dim': 33, 'edge_hidden_dim': 76, 'depth': 2, 'rep_dropout': 0.05046785903231255, 'train_learning_rate': 0.0014456508490590665, 'train_lr_reduce': 0.6}. Best is trial 673 with value: 0.11172225326299667.
[I 2024-12-19 19:17:25,913] Trial 819 finished with value: 1.142171025276184 and parameters: {'mlp_n_layers': 4, 'mlp_dim_00': 70, 'mlp_dim_01': 418, 'mlp_dim_02': 316, 'mlp_dim_03': 139, 'node_hidden_dim': 94, 'edge_hidden_dim': 113, 'depth': 4, 'rep_dropout': 0.05191228449903783, 'train_learning_rate': 0.0006584742099860389, 'train_lr_reduce': 0.6}. Best is trial 673 with value: 0.11172225326299667.
[I 2024-12-19 19:17:28,308] Trial 817 finished with value: 0.22322973608970642 and parameters: {'mlp_n_layers': 1, 'mlp_dim_00': 406, 'node_hidden_dim': 32, 'edge_hidden_dim': 53, 'depth': 1, 'rep_dropout': 0.02304992053178439, 'train_learning_rate': 0.0019588349634218453, 'train_lr_reduce': 0.6}. Best is trial 673 with value: 0.11172225326299667.
[I 2024-12-19 19:17:34,285] Trial 815 finished with value: 0.12432067841291428 and parameters: {'mlp_n_layers': 2, 'mlp_dim_00': 365, 'mlp_dim_01': 374, 'node_hidden_dim': 32, 'edge_hidden_dim': 53, 'depth': 1, 'rep_dropout': 0.021224858567297937, 'train_learning_rate': 0.006367456414290056, 'train_lr_reduce': 0.6}. Best is trial 673 with value: 0.11172225326299667.
[I 2024-12-19 19:17:39,411] Trial 822 finished with value: 1.143803596496582 and parameters: {'mlp_n_layers': 2, 'mlp_dim_00': 359, 'mlp_dim_01': 374, 'node_hidden_dim': 36, 'edge_hidden_dim': 42, 'depth': 1, 'rep_dropout': 0.02807470959466781, 'train_learning_rate': 0.002809798053274609, 'train_lr_reduce': 0.6}. Best is trial 673 with value: 0.11172225326299667.
[I 2024-12-19 19:18:02,680] Trial 820 finished with value: 0.18599329888820648 and parameters: {'mlp_n_layers': 1, 'mlp_dim_00': 348, 'node_hidden_dim': 39, 'edge_hidden_dim': 69, 'depth': 1, 'rep_dropout': 0.05744933809301211, 'train_learning_rate': 0.001815120089194429, 'train_lr_reduce': 0.6}. Best is trial 673 with value: 0.11172225326299667.
[I 2024-12-19 19:18:02,737] Trial 821 finished with value: 0.21807479858398438 and parameters: {'mlp_n_layers': 1, 'mlp_dim_00': 250, 'node_hidden_dim': 52, 'edge_hidden_dim': 57, 'depth': 1, 'rep_dropout': 0.023331313276471994, 'train_learning_rate': 0.004113314953684608, 'train_lr_reduce': 0.6}. Best is trial 673 with value: 0.11172225326299667.
[I 2024-12-19 19:18:03,270] Trial 823 finished with value: 0.20221485197544098 and parameters: {'mlp_n_layers': 2, 'mlp_dim_00': 378, 'mlp_dim_01': 389, 'node_hidden_dim': 47, 'edge_hidden_dim': 44, 'depth': 1, 'rep_dropout': 0.019211503431502137, 'train_learning_rate': 0.00864896180137111, 'train_lr_reduce': 0.6}. Best is trial 673 with value: 0.11172225326299667.
[I 2024-12-19 19:18:07,960] Trial 825 finished with value: 1.142695426940918 and parameters: {'mlp_n_layers': 2, 'mlp_dim_00': 508, 'mlp_dim_01': 374, 'node_hidden_dim': 32, 'edge_hidden_dim': 93, 'depth': 2, 'rep_dropout': 0.03316570785727016, 'train_learning_rate': 0.0019183454603889346, 'train_lr_reduce': 0.6}. Best is trial 673 with value: 0.11172225326299667.
[I 2024-12-19 19:18:32,195] Trial 824 finished with value: 0.24712315201759338 and parameters: {'mlp_n_layers': 4, 'mlp_dim_00': 131, 'mlp_dim_01': 372, 'mlp_dim_02': 129, 'mlp_dim_03': 411, 'node_hidden_dim': 127, 'edge_hidden_dim': 83, 'depth': 1, 'rep_dropout': 0.10626864056824772, 'train_learning_rate': 0.0067763999497037625, 'train_lr_reduce': 0.6}. Best is trial 673 with value: 0.11172225326299667.
[I 2024-12-19 19:18:37,634] Trial 828 finished with value: 1.1468721628189087 and parameters: {'mlp_n_layers': 2, 'mlp_dim_00': 76, 'mlp_dim_01': 410, 'node_hidden_dim': 80, 'edge_hidden_dim': 59, 'depth': 3, 'rep_dropout': 0.06816463301608802, 'train_learning_rate': 0.0028106580631519665, 'train_lr_reduce': 0.6}. Best is trial 673 with value: 0.11172225326299667.
[I 2024-12-19 19:18:47,681] Trial 826 finished with value: 0.13665521144866943 and parameters: {'mlp_n_layers': 1, 'mlp_dim_00': 377, 'node_hidden_dim': 34, 'edge_hidden_dim': 37, 'depth': 1, 'rep_dropout': 0.01935008636723622, 'train_learning_rate': 0.004927436578726538, 'train_lr_reduce': 0.6}. Best is trial 673 with value: 0.11172225326299667.
[I 2024-12-19 19:18:49,268] Trial 827 finished with value: 0.1386968195438385 and parameters: {'mlp_n_layers': 2, 'mlp_dim_00': 307, 'mlp_dim_01': 357, 'node_hidden_dim': 33, 'edge_hidden_dim': 40, 'depth': 1, 'rep_dropout': 0.03481008847757604, 'train_learning_rate': 0.006314692400874069, 'train_lr_reduce': 0.6}. Best is trial 673 with value: 0.11172225326299667.
[I 2024-12-19 19:19:18,913] Trial 829 finished with value: 0.14619657397270203 and parameters: {'mlp_n_layers': 1, 'mlp_dim_00': 454, 'node_hidden_dim': 41, 'edge_hidden_dim': 87, 'depth': 1, 'rep_dropout': 0.03969705710426823, 'train_learning_rate': 0.005403604603142376, 'train_lr_reduce': 0.6}. Best is trial 673 with value: 0.11172225326299667.
[I 2024-12-19 19:19:24,636] Trial 832 finished with value: 1.1419938802719116 and parameters: {'mlp_n_layers': 1, 'mlp_dim_00': 98, 'node_hidden_dim': 49, 'edge_hidden_dim': 33, 'depth': 3, 'rep_dropout': 0.04250316834384615, 'train_learning_rate': 0.0024995878364965376, 'train_lr_reduce': 0.6}. Best is trial 673 with value: 0.11172225326299667.
[I 2024-12-19 19:19:29,446] Trial 831 finished with value: 0.13107930123806 and parameters: {'mlp_n_layers': 1, 'mlp_dim_00': 432, 'node_hidden_dim': 33, 'edge_hidden_dim': 61, 'depth': 1, 'rep_dropout': 0.030010735851355337, 'train_learning_rate': 0.005563382734070767, 'train_lr_reduce': 0.6}. Best is trial 673 with value: 0.11172225326299667.
[I 2024-12-19 19:19:32,860] Trial 830 finished with value: 0.1596251130104065 and parameters: {'mlp_n_layers': 1, 'mlp_dim_00': 424, 'node_hidden_dim': 33, 'edge_hidden_dim': 108, 'depth': 1, 'rep_dropout': 0.043735055857611796, 'train_learning_rate': 0.0022537497249259008, 'train_lr_reduce': 0.6}. Best is trial 673 with value: 0.11172225326299667.
[I 2024-12-19 19:19:34,718] Trial 834 finished with value: 1.145950436592102 and parameters: {'mlp_n_layers': 3, 'mlp_dim_00': 396, 'mlp_dim_01': 352, 'mlp_dim_02': 504, 'node_hidden_dim': 38, 'edge_hidden_dim': 55, 'depth': 1, 'rep_dropout': 0.019936138903216293, 'train_learning_rate': 0.001981799558505726, 'train_lr_reduce': 0.6}. Best is trial 673 with value: 0.11172225326299667.
[I 2024-12-19 19:19:52,028] Trial 835 finished with value: 0.20413213968276978 and parameters: {'mlp_n_layers': 1, 'mlp_dim_00': 410, 'node_hidden_dim': 48, 'edge_hidden_dim': 64, 'depth': 1, 'rep_dropout': 0.006720852900959693, 'train_learning_rate': 0.004217460465916398, 'train_lr_reduce': 0.6}. Best is trial 673 with value: 0.11172225326299667.
[I 2024-12-19 19:19:56,984] Trial 837 finished with value: 1.1444646120071411 and parameters: {'mlp_n_layers': 1, 'mlp_dim_00': 338, 'node_hidden_dim': 32, 'edge_hidden_dim': 43, 'depth': 1, 'rep_dropout': 0.03899330390687056, 'train_learning_rate': 0.0012654002841978906, 'train_lr_reduce': 0.6}. Best is trial 673 with value: 0.11172225326299667.
[I 2024-12-19 19:20:02,910] Trial 838 finished with value: 1.1489671468734741 and parameters: {'mlp_n_layers': 1, 'mlp_dim_00': 395, 'node_hidden_dim': 54, 'edge_hidden_dim': 83, 'depth': 2, 'rep_dropout': 0.031186899699034664, 'train_learning_rate': 0.002711600349595071, 'train_lr_reduce': 0.6}. Best is trial 673 with value: 0.11172225326299667.
[I 2024-12-19 19:20:07,148] Trial 833 finished with value: 0.15812836587429047 and parameters: {'mlp_n_layers': 2, 'mlp_dim_00': 488, 'mlp_dim_01': 398, 'node_hidden_dim': 48, 'edge_hidden_dim': 35, 'depth': 1, 'rep_dropout': 0.017238971966741987, 'train_learning_rate': 0.007329298918627854, 'train_lr_reduce': 0.6}. Best is trial 673 with value: 0.11172225326299667.
[I 2024-12-19 19:20:16,821] Trial 836 finished with value: 0.16535119712352753 and parameters: {'mlp_n_layers': 1, 'mlp_dim_00': 419, 'node_hidden_dim': 34, 'edge_hidden_dim': 56, 'depth': 2, 'rep_dropout': 0.012550030157039524, 'train_learning_rate': 0.009976181940756694, 'train_lr_reduce': 0.6}. Best is trial 673 with value: 0.11172225326299667.
[I 2024-12-19 19:20:33,363] Trial 841 finished with value: 0.23913368582725525 and parameters: {'mlp_n_layers': 2, 'mlp_dim_00': 376, 'mlp_dim_01': 414, 'node_hidden_dim': 58, 'edge_hidden_dim': 73, 'depth': 1, 'rep_dropout': 0.002158015371504906, 'train_learning_rate': 0.005269926050959936, 'train_lr_reduce': 0.6}. Best is trial 673 with value: 0.11172225326299667.
[I 2024-12-19 19:20:38,988] Trial 842 finished with value: 1.1419695615768433 and parameters: {'mlp_n_layers': 1, 'mlp_dim_00': 159, 'node_hidden_dim': 47, 'edge_hidden_dim': 79, 'depth': 1, 'rep_dropout': 0.14163454740184986, 'train_learning_rate': 0.00021847175643927269, 'train_lr_reduce': 0.6}. Best is trial 673 with value: 0.11172225326299667.
[I 2024-12-19 19:20:44,769] Trial 843 finished with value: 1.144045352935791 and parameters: {'mlp_n_layers': 4, 'mlp_dim_00': 133, 'mlp_dim_01': 349, 'mlp_dim_02': 67, 'mlp_dim_03': 294, 'node_hidden_dim': 76, 'edge_hidden_dim': 94, 'depth': 2, 'rep_dropout': 0.0313811481515344, 'train_learning_rate': 0.0022343792323403734, 'train_lr_reduce': 0.6}. Best is trial 673 with value: 0.11172225326299667.
[I 2024-12-19 19:20:46,148] Trial 839 finished with value: 0.12867045402526855 and parameters: {'mlp_n_layers': 2, 'mlp_dim_00': 435, 'mlp_dim_01': 413, 'node_hidden_dim': 33, 'edge_hidden_dim': 60, 'depth': 1, 'rep_dropout': 0.012506130902133428, 'train_learning_rate': 0.00626329410599407, 'train_lr_reduce': 0.6}. Best is trial 673 with value: 0.11172225326299667.
[I 2024-12-19 19:20:49,582] Trial 840 finished with value: 0.14066043496131897 and parameters: {'mlp_n_layers': 2, 'mlp_dim_00': 393, 'mlp_dim_01': 342, 'node_hidden_dim': 33, 'edge_hidden_dim': 50, 'depth': 1, 'rep_dropout': 0.019882927981735753, 'train_learning_rate': 0.008947578802453391, 'train_lr_reduce': 0.6}. Best is trial 673 with value: 0.11172225326299667.
