[I 2024-12-26 03:38:57,127] Trial 1140 finished with value: 0.012390824034810066 and parameters: {'L1_hidden_dim': 240, 'L1_layers_atom': 4, 'L1_layers_mol': 4, 'L1_dropout': 0.11139379963908844, 'L1_out_dim': 128, 'L2_hidden_dim': 240, 'L2_layers_atom': 3, 'L2_layers_mol': 4, 'L2_out_dim': 96, 'L2_dropout': 0.007317933644329375, 'L3_hidden_dim': 32, 'L3_layers_atom': 2, 'L3_layers_mol': 1, 'L3_out_dim': 112, 'L3_dropout': 0.05607520227298207, 'n_mlp_layers': 2, 'mlp_dim_0': 32, 'mlp_dim_1': 440, 'num_heads': 2, 'final_dropout': 0.2575800580656784, 'train_learning_rate': 0.00024860835959964096, 'train_lr_reduce': 0.6}. Best is trial 1073 with value: 0.009419886395335197.
[I 2024-12-26 03:40:31,435] Trial 1142 finished with value: 0.01554659754037857 and parameters: {'L1_hidden_dim': 128, 'L1_layers_atom': 3, 'L1_layers_mol': 2, 'L1_dropout': 0.019501097538032988, 'L1_out_dim': 64, 'L2_hidden_dim': 256, 'L2_layers_atom': 3, 'L2_layers_mol': 3, 'L2_out_dim': 32, 'L2_dropout': 0.012022042938384197, 'L3_hidden_dim': 32, 'L3_layers_atom': 2, 'L3_layers_mol': 1, 'L3_out_dim': 48, 'L3_dropout': 0.25198921350561676, 'n_mlp_layers': 3, 'mlp_dim_0': 200, 'mlp_dim_1': 32, 'mlp_dim_2': 216, 'num_heads': 2, 'final_dropout': 0.19256715089626436, 'train_learning_rate': 0.00014837219486314108, 'train_lr_reduce': 0.6}. Best is trial 1073 with value: 0.009419886395335197.
[I 2024-12-26 03:40:37,087] Trial 1143 finished with value: 0.01220947690308094 and parameters: {'L1_hidden_dim': 96, 'L1_layers_atom': 4, 'L1_layers_mol': 1, 'L1_dropout': 0.04674611506470269, 'L1_out_dim': 80, 'L2_hidden_dim': 256, 'L2_layers_atom': 1, 'L2_layers_mol': 1, 'L2_out_dim': 48, 'L2_dropout': 0.1535274648703639, 'L3_hidden_dim': 96, 'L3_layers_atom': 1, 'L3_layers_mol': 1, 'L3_out_dim': 64, 'L3_dropout': 0.27824005110725625, 'n_mlp_layers': 3, 'mlp_dim_0': 344, 'mlp_dim_1': 208, 'mlp_dim_2': 112, 'num_heads': 2, 'final_dropout': 0.287462136204894, 'train_learning_rate': 0.0007577111270931796, 'train_lr_reduce': 0.6}. Best is trial 1073 with value: 0.009419886395335197.
[I 2024-12-26 03:41:09,704] Trial 1144 finished with value: 0.011015765368938446 and parameters: {'L1_hidden_dim': 144, 'L1_layers_atom': 3, 'L1_layers_mol': 4, 'L1_dropout': 0.05810994318137593, 'L1_out_dim': 128, 'L2_hidden_dim': 240, 'L2_layers_atom': 3, 'L2_layers_mol': 4, 'L2_out_dim': 80, 'L2_dropout': 0.10183169195935735, 'L3_hidden_dim': 64, 'L3_layers_atom': 2, 'L3_layers_mol': 1, 'L3_out_dim': 96, 'L3_dropout': 0.17371461451433767, 'n_mlp_layers': 2, 'mlp_dim_0': 72, 'mlp_dim_1': 104, 'num_heads': 2, 'final_dropout': 0.2261534559990706, 'train_learning_rate': 0.0008045732097281303, 'train_lr_reduce': 0.6}. Best is trial 1073 with value: 0.009419886395335197.
[I 2024-12-26 03:42:46,091] Trial 1145 finished with value: 0.012054819613695145 and parameters: {'L1_hidden_dim': 240, 'L1_layers_atom': 1, 'L1_layers_mol': 3, 'L1_dropout': 0.047611755544539267, 'L1_out_dim': 32, 'L2_hidden_dim': 144, 'L2_layers_atom': 1, 'L2_layers_mol': 1, 'L2_out_dim': 64, 'L2_dropout': 0.00593841183992749, 'L3_hidden_dim': 112, 'L3_layers_atom': 3, 'L3_layers_mol': 4, 'L3_out_dim': 80, 'L3_dropout': 0.2863533483248465, 'n_mlp_layers': 1, 'mlp_dim_0': 360, 'num_heads': 2, 'final_dropout': 0.26399372391051085, 'train_learning_rate': 0.0006163626329776062, 'train_lr_reduce': 0.6}. Best is trial 1073 with value: 0.009419886395335197.
[I 2024-12-26 03:43:30,539] Trial 1146 finished with value: 0.024385733529925346 and parameters: {'L1_hidden_dim': 256, 'L1_layers_atom': 2, 'L1_layers_mol': 1, 'L1_dropout': 0.12539255544160477, 'L1_out_dim': 32, 'L2_hidden_dim': 192, 'L2_layers_atom': 1, 'L2_layers_mol': 3, 'L2_out_dim': 112, 'L2_dropout': 0.100030666250527, 'L3_hidden_dim': 48, 'L3_layers_atom': 2, 'L3_layers_mol': 2, 'L3_out_dim': 64, 'L3_dropout': 0.0021323119715878636, 'n_mlp_layers': 3, 'mlp_dim_0': 152, 'mlp_dim_1': 424, 'mlp_dim_2': 32, 'num_heads': 2, 'final_dropout': 0.24199899144267198, 'train_learning_rate': 0.0022254716372366616, 'train_lr_reduce': 0.6}. Best is trial 1073 with value: 0.009419886395335197.
[I 2024-12-26 03:43:55,936] Trial 1147 finished with value: 0.010926042683422565 and parameters: {'L1_hidden_dim': 224, 'L1_layers_atom': 3, 'L1_layers_mol': 4, 'L1_dropout': 0.014674780921005041, 'L1_out_dim': 80, 'L2_hidden_dim': 224, 'L2_layers_atom': 1, 'L2_layers_mol': 4, 'L2_out_dim': 96, 'L2_dropout': 0.03954297866702401, 'L3_hidden_dim': 64, 'L3_layers_atom': 3, 'L3_layers_mol': 2, 'L3_out_dim': 112, 'L3_dropout': 0.09316474898499476, 'n_mlp_layers': 3, 'mlp_dim_0': 96, 'mlp_dim_1': 152, 'mlp_dim_2': 280, 'num_heads': 2, 'final_dropout': 0.271218421472617, 'train_learning_rate': 0.0005209402930225403, 'train_lr_reduce': 0.6}. Best is trial 1073 with value: 0.009419886395335197.
[I 2024-12-26 03:44:49,701] Trial 1148 finished with value: 0.01289346907287836 and parameters: {'L1_hidden_dim': 128, 'L1_layers_atom': 4, 'L1_layers_mol': 3, 'L1_dropout': 0.14930524028119166, 'L1_out_dim': 80, 'L2_hidden_dim': 192, 'L2_layers_atom': 1, 'L2_layers_mol': 1, 'L2_out_dim': 112, 'L2_dropout': 0.11655971757873446, 'L3_hidden_dim': 80, 'L3_layers_atom': 2, 'L3_layers_mol': 4, 'L3_out_dim': 80, 'L3_dropout': 0.11490914595999696, 'n_mlp_layers': 3, 'mlp_dim_0': 456, 'mlp_dim_1': 448, 'mlp_dim_2': 80, 'num_heads': 2, 'final_dropout': 0.2174443178969619, 'train_learning_rate': 0.0011702160513979967, 'train_lr_reduce': 0.6}. Best is trial 1073 with value: 0.009419886395335197.
[I 2024-12-26 03:46:05,144] Trial 1149 finished with value: 0.010962204076349735 and parameters: {'L1_hidden_dim': 128, 'L1_layers_atom': 4, 'L1_layers_mol': 4, 'L1_dropout': 0.002773723787658366, 'L1_out_dim': 32, 'L2_hidden_dim': 176, 'L2_layers_atom': 1, 'L2_layers_mol': 1, 'L2_out_dim': 112, 'L2_dropout': 0.09843191644099575, 'L3_hidden_dim': 128, 'L3_layers_atom': 4, 'L3_layers_mol': 1, 'L3_out_dim': 80, 'L3_dropout': 0.02337203538378596, 'n_mlp_layers': 3, 'mlp_dim_0': 296, 'mlp_dim_1': 72, 'mlp_dim_2': 224, 'num_heads': 2, 'final_dropout': 0.11046617200805381, 'train_learning_rate': 0.0003481661633877113, 'train_lr_reduce': 0.6}. Best is trial 1073 with value: 0.009419886395335197.
[I 2024-12-26 03:47:02,560] Trial 1150 finished with value: 0.01812284253537655 and parameters: {'L1_hidden_dim': 240, 'L1_layers_atom': 2, 'L1_layers_mol': 1, 'L1_dropout': 0.041762748572232486, 'L1_out_dim': 32, 'L2_hidden_dim': 208, 'L2_layers_atom': 1, 'L2_layers_mol': 2, 'L2_out_dim': 112, 'L2_dropout': 0.0785126298627482, 'L3_hidden_dim': 80, 'L3_layers_atom': 1, 'L3_layers_mol': 4, 'L3_out_dim': 112, 'L3_dropout': 0.06774582629069192, 'n_mlp_layers': 1, 'mlp_dim_0': 216, 'num_heads': 2, 'final_dropout': 0.046592941901309706, 'train_learning_rate': 0.0002743598081561753, 'train_lr_reduce': 0.6}. Best is trial 1073 with value: 0.009419886395335197.
[I 2024-12-26 03:47:42,867] Trial 1151 finished with value: 0.014223972335457802 and parameters: {'L1_hidden_dim': 128, 'L1_layers_atom': 4, 'L1_layers_mol': 4, 'L1_dropout': 0.014113211671447148, 'L1_out_dim': 32, 'L2_hidden_dim': 96, 'L2_layers_atom': 1, 'L2_layers_mol': 1, 'L2_out_dim': 128, 'L2_dropout': 0.20402031918734614, 'L3_hidden_dim': 96, 'L3_layers_atom': 4, 'L3_layers_mol': 1, 'L3_out_dim': 80, 'L3_dropout': 0.012373497025911302, 'n_mlp_layers': 2, 'mlp_dim_0': 376, 'mlp_dim_1': 424, 'num_heads': 2, 'final_dropout': 0.05564064184471498, 'train_learning_rate': 0.0003962330552421745, 'train_lr_reduce': 0.6}. Best is trial 1073 with value: 0.009419886395335197.
[I 2024-12-26 03:48:51,903] Trial 1152 finished with value: 0.012226548045873642 and parameters: {'L1_hidden_dim': 176, 'L1_layers_atom': 3, 'L1_layers_mol': 4, 'L1_dropout': 0.05681611399031258, 'L1_out_dim': 96, 'L2_hidden_dim': 192, 'L2_layers_atom': 2, 'L2_layers_mol': 4, 'L2_out_dim': 112, 'L2_dropout': 0.010753370054939444, 'L3_hidden_dim': 64, 'L3_layers_atom': 4, 'L3_layers_mol': 1, 'L3_out_dim': 112, 'L3_dropout': 0.10771536190408756, 'n_mlp_layers': 3, 'mlp_dim_0': 200, 'mlp_dim_1': 112, 'mlp_dim_2': 80, 'num_heads': 2, 'final_dropout': 0.25166543769385635, 'train_learning_rate': 0.00029860810070130354, 'train_lr_reduce': 0.6}. Best is trial 1073 with value: 0.009419886395335197.
[I 2024-12-26 03:49:38,422] Trial 1153 finished with value: 0.011290140450000763 and parameters: {'L1_hidden_dim': 256, 'L1_layers_atom': 2, 'L1_layers_mol': 1, 'L1_dropout': 0.04228967221516355, 'L1_out_dim': 64, 'L2_hidden_dim': 208, 'L2_layers_atom': 3, 'L2_layers_mol': 1, 'L2_out_dim': 128, 'L2_dropout': 0.017599523619836573, 'L3_hidden_dim': 80, 'L3_layers_atom': 3, 'L3_layers_mol': 3, 'L3_out_dim': 80, 'L3_dropout': 0.030326310682832282, 'n_mlp_layers': 2, 'mlp_dim_0': 328, 'mlp_dim_1': 448, 'num_heads': 1, 'final_dropout': 0.07968136897981108, 'train_learning_rate': 0.00043274626569587293, 'train_lr_reduce': 0.6}. Best is trial 1073 with value: 0.009419886395335197.
[I 2024-12-26 03:51:57,461] Trial 1154 finished with value: 0.018168607726693153 and parameters: {'L1_hidden_dim': 240, 'L1_layers_atom': 3, 'L1_layers_mol': 1, 'L1_dropout': 0.07839077412441672, 'L1_out_dim': 32, 'L2_hidden_dim': 192, 'L2_layers_atom': 1, 'L2_layers_mol': 3, 'L2_out_dim': 112, 'L2_dropout': 0.07650986035539838, 'L3_hidden_dim': 64, 'L3_layers_atom': 1, 'L3_layers_mol': 2, 'L3_out_dim': 64, 'L3_dropout': 0.08237923735485618, 'n_mlp_layers': 3, 'mlp_dim_0': 304, 'mlp_dim_1': 400, 'mlp_dim_2': 120, 'num_heads': 2, 'final_dropout': 0.12642446627849513, 'train_learning_rate': 0.0016650927154015613, 'train_lr_reduce': 0.6}. Best is trial 1073 with value: 0.009419886395335197.
[I 2024-12-26 03:51:57,466] Trial 1155 finished with value: 0.011697960086166859 and parameters: {'L1_hidden_dim': 240, 'L1_layers_atom': 2, 'L1_layers_mol': 1, 'L1_dropout': 0.0022705737179153918, 'L1_out_dim': 64, 'L2_hidden_dim': 160, 'L2_layers_atom': 1, 'L2_layers_mol': 4, 'L2_out_dim': 48, 'L2_dropout': 0.07805447500465446, 'L3_hidden_dim': 32, 'L3_layers_atom': 1, 'L3_layers_mol': 1, 'L3_out_dim': 32, 'L3_dropout': 0.20282889764182904, 'n_mlp_layers': 2, 'mlp_dim_0': 336, 'mlp_dim_1': 64, 'num_heads': 2, 'final_dropout': 0.2842610442085222, 'train_learning_rate': 0.0007436195027276827, 'train_lr_reduce': 0.6}. Best is trial 1073 with value: 0.009419886395335197.
[I 2024-12-26 03:52:25,056] Trial 1156 finished with value: 0.014993713237345219 and parameters: {'L1_hidden_dim': 192, 'L1_layers_atom': 3, 'L1_layers_mol': 3, 'L1_dropout': 0.041813764690368245, 'L1_out_dim': 128, 'L2_hidden_dim': 240, 'L2_layers_atom': 2, 'L2_layers_mol': 4, 'L2_out_dim': 112, 'L2_dropout': 0.10893583505628218, 'L3_hidden_dim': 80, 'L3_layers_atom': 2, 'L3_layers_mol': 2, 'L3_out_dim': 80, 'L3_dropout': 0.07774859090730087, 'n_mlp_layers': 3, 'mlp_dim_0': 136, 'mlp_dim_1': 456, 'mlp_dim_2': 256, 'num_heads': 2, 'final_dropout': 0.14487273033149756, 'train_learning_rate': 0.0019700952281471672, 'train_lr_reduce': 0.6}. Best is trial 1073 with value: 0.009419886395335197.
[I 2024-12-26 03:54:29,559] Trial 1158 finished with value: 0.015910081565380096 and parameters: {'L1_hidden_dim': 160, 'L1_layers_atom': 3, 'L1_layers_mol': 3, 'L1_dropout': 0.14482007533652483, 'L1_out_dim': 128, 'L2_hidden_dim': 256, 'L2_layers_atom': 1, 'L2_layers_mol': 4, 'L2_out_dim': 64, 'L2_dropout': 0.045306387904595034, 'L3_hidden_dim': 96, 'L3_layers_atom': 3, 'L3_layers_mol': 1, 'L3_out_dim': 80, 'L3_dropout': 0.17863850862424932, 'n_mlp_layers': 3, 'mlp_dim_0': 72, 'mlp_dim_1': 168, 'mlp_dim_2': 32, 'num_heads': 2, 'final_dropout': 0.294534781842682, 'train_learning_rate': 0.0004455362895071132, 'train_lr_reduce': 0.6}. Best is trial 1073 with value: 0.009419886395335197.
[I 2024-12-26 03:54:31,191] Trial 1157 finished with value: 0.01574796624481678 and parameters: {'L1_hidden_dim': 224, 'L1_layers_atom': 4, 'L1_layers_mol': 3, 'L1_dropout': 0.09394210038426895, 'L1_out_dim': 112, 'L2_hidden_dim': 256, 'L2_layers_atom': 2, 'L2_layers_mol': 4, 'L2_out_dim': 112, 'L2_dropout': 0.0054692531949017955, 'L3_hidden_dim': 48, 'L3_layers_atom': 1, 'L3_layers_mol': 1, 'L3_out_dim': 96, 'L3_dropout': 0.09355836866062697, 'n_mlp_layers': 3, 'mlp_dim_0': 112, 'mlp_dim_1': 392, 'mlp_dim_2': 32, 'num_heads': 2, 'final_dropout': 0.2586215989950459, 'train_learning_rate': 0.00193470253470452, 'train_lr_reduce': 0.6}. Best is trial 1073 with value: 0.009419886395335197.
[I 2024-12-26 03:55:58,229] Trial 1159 finished with value: 0.01838788576424122 and parameters: {'L1_hidden_dim': 160, 'L1_layers_atom': 3, 'L1_layers_mol': 2, 'L1_dropout': 0.039303545711835065, 'L1_out_dim': 64, 'L2_hidden_dim': 256, 'L2_layers_atom': 1, 'L2_layers_mol': 4, 'L2_out_dim': 128, 'L2_dropout': 0.08994827864094812, 'L3_hidden_dim': 64, 'L3_layers_atom': 3, 'L3_layers_mol': 2, 'L3_out_dim': 112, 'L3_dropout': 0.04967670973709508, 'n_mlp_layers': 2, 'mlp_dim_0': 384, 'mlp_dim_1': 240, 'num_heads': 2, 'final_dropout': 0.23982222257231828, 'train_learning_rate': 0.00023191753980912096, 'train_lr_reduce': 0.6}. Best is trial 1073 with value: 0.009419886395335197.
[I 2024-12-26 03:56:54,157] Trial 1160 finished with value: 0.010649176314473152 and parameters: {'L1_hidden_dim': 176, 'L1_layers_atom': 1, 'L1_layers_mol': 1, 'L1_dropout': 0.0177774215242407, 'L1_out_dim': 48, 'L2_hidden_dim': 240, 'L2_layers_atom': 1, 'L2_layers_mol': 3, 'L2_out_dim': 128, 'L2_dropout': 0.004810310597798441, 'L3_hidden_dim': 80, 'L3_layers_atom': 3, 'L3_layers_mol': 2, 'L3_out_dim': 64, 'L3_dropout': 0.09530233908143142, 'n_mlp_layers': 3, 'mlp_dim_0': 312, 'mlp_dim_1': 112, 'mlp_dim_2': 312, 'num_heads': 2, 'final_dropout': 0.24016329704902084, 'train_learning_rate': 0.0009075402845464591, 'train_lr_reduce': 0.6}. Best is trial 1073 with value: 0.009419886395335197.
[I 2024-12-26 03:57:37,888] Trial 1161 finished with value: 0.040571507066488266 and parameters: {'L1_hidden_dim': 256, 'L1_layers_atom': 2, 'L1_layers_mol': 4, 'L1_dropout': 0.023004686820990654, 'L1_out_dim': 80, 'L2_hidden_dim': 176, 'L2_layers_atom': 1, 'L2_layers_mol': 4, 'L2_out_dim': 80, 'L2_dropout': 0.18053123973527038, 'L3_hidden_dim': 80, 'L3_layers_atom': 2, 'L3_layers_mol': 2, 'L3_out_dim': 128, 'L3_dropout': 0.09455661474194206, 'n_mlp_layers': 2, 'mlp_dim_0': 200, 'mlp_dim_1': 408, 'num_heads': 2, 'final_dropout': 0.13858834652761592, 'train_learning_rate': 0.00018898186898510857, 'train_lr_reduce': 0.6}. Best is trial 1073 with value: 0.009419886395335197.
[I 2024-12-26 03:58:38,088] Trial 1162 finished with value: 0.013356707990169525 and parameters: {'L1_hidden_dim': 192, 'L1_layers_atom': 1, 'L1_layers_mol': 4, 'L1_dropout': 0.2919528256117817, 'L1_out_dim': 80, 'L2_hidden_dim': 128, 'L2_layers_atom': 2, 'L2_layers_mol': 2, 'L2_out_dim': 96, 'L2_dropout': 0.023530955747383304, 'L3_hidden_dim': 64, 'L3_layers_atom': 4, 'L3_layers_mol': 2, 'L3_out_dim': 80, 'L3_dropout': 0.05730152638411229, 'n_mlp_layers': 3, 'mlp_dim_0': 456, 'mlp_dim_1': 456, 'mlp_dim_2': 200, 'num_heads': 2, 'final_dropout': 0.15504793432384523, 'train_learning_rate': 0.0009382423938440082, 'train_lr_reduce': 0.6}. Best is trial 1073 with value: 0.009419886395335197.
[I 2024-12-26 03:58:50,366] Trial 1163 finished with value: 0.013603978790342808 and parameters: {'L1_hidden_dim': 176, 'L1_layers_atom': 2, 'L1_layers_mol': 4, 'L1_dropout': 0.043361810307616086, 'L1_out_dim': 128, 'L2_hidden_dim': 176, 'L2_layers_atom': 3, 'L2_layers_mol': 4, 'L2_out_dim': 80, 'L2_dropout': 0.03830764764673779, 'L3_hidden_dim': 64, 'L3_layers_atom': 1, 'L3_layers_mol': 1, 'L3_out_dim': 48, 'L3_dropout': 0.20713753862531592, 'n_mlp_layers': 3, 'mlp_dim_0': 136, 'mlp_dim_1': 64, 'mlp_dim_2': 120, 'num_heads': 2, 'final_dropout': 0.2293929977088965, 'train_learning_rate': 0.0010137741979003515, 'train_lr_reduce': 0.6}. Best is trial 1073 with value: 0.009419886395335197.
[I 2024-12-26 04:00:42,798] Trial 1166 finished with value: 0.012799682095646858 and parameters: {'L1_hidden_dim': 240, 'L1_layers_atom': 3, 'L1_layers_mol': 1, 'L1_dropout': 0.006060411248522971, 'L1_out_dim': 48, 'L2_hidden_dim': 224, 'L2_layers_atom': 1, 'L2_layers_mol': 2, 'L2_out_dim': 112, 'L2_dropout': 0.03623480699134288, 'L3_hidden_dim': 64, 'L3_layers_atom': 3, 'L3_layers_mol': 1, 'L3_out_dim': 80, 'L3_dropout': 0.11242878718390012, 'n_mlp_layers': 3, 'mlp_dim_0': 392, 'mlp_dim_1': 448, 'mlp_dim_2': 264, 'num_heads': 2, 'final_dropout': 0.22837101955897765, 'train_learning_rate': 0.00044910551727778494, 'train_lr_reduce': 0.6}. Best is trial 1073 with value: 0.009419886395335197.
[I 2024-12-26 04:00:49,614] Trial 1165 finished with value: 0.014729437418282032 and parameters: {'L1_hidden_dim': 80, 'L1_layers_atom': 3, 'L1_layers_mol': 2, 'L1_dropout': 0.015399116031130755, 'L1_out_dim': 32, 'L2_hidden_dim': 240, 'L2_layers_atom': 2, 'L2_layers_mol': 4, 'L2_out_dim': 32, 'L2_dropout': 0.18720473245471286, 'L3_hidden_dim': 32, 'L3_layers_atom': 2, 'L3_layers_mol': 1, 'L3_out_dim': 64, 'L3_dropout': 0.22580857106358443, 'n_mlp_layers': 3, 'mlp_dim_0': 480, 'mlp_dim_1': 272, 'mlp_dim_2': 80, 'num_heads': 2, 'final_dropout': 0.19752682648314362, 'train_learning_rate': 0.0011075839157469838, 'train_lr_reduce': 0.6}. Best is trial 1073 with value: 0.009419886395335197.
[I 2024-12-26 04:00:55,917] Trial 1164 finished with value: 0.015484734438359737 and parameters: {'L1_hidden_dim': 192, 'L1_layers_atom': 3, 'L1_layers_mol': 4, 'L1_dropout': 0.0034089535824420158, 'L1_out_dim': 32, 'L2_hidden_dim': 128, 'L2_layers_atom': 2, 'L2_layers_mol': 1, 'L2_out_dim': 128, 'L2_dropout': 0.21319000322986736, 'L3_hidden_dim': 80, 'L3_layers_atom': 4, 'L3_layers_mol': 1, 'L3_out_dim': 112, 'L3_dropout': 0.05082844701945669, 'n_mlp_layers': 3, 'mlp_dim_0': 440, 'mlp_dim_1': 392, 'mlp_dim_2': 72, 'num_heads': 2, 'final_dropout': 0.13941728831586875, 'train_learning_rate': 0.0001359309925415366, 'train_lr_reduce': 0.6}. Best is trial 1073 with value: 0.009419886395335197.
[I 2024-12-26 04:03:04,412] Trial 1167 finished with value: 0.011124989949166775 and parameters: {'L1_hidden_dim': 176, 'L1_layers_atom': 4, 'L1_layers_mol': 4, 'L1_dropout': 0.03859249152826197, 'L1_out_dim': 32, 'L2_hidden_dim': 128, 'L2_layers_atom': 1, 'L2_layers_mol': 1, 'L2_out_dim': 112, 'L2_dropout': 0.11345213435922699, 'L3_hidden_dim': 112, 'L3_layers_atom': 4, 'L3_layers_mol': 1, 'L3_out_dim': 128, 'L3_dropout': 0.0262630264051916, 'n_mlp_layers': 3, 'mlp_dim_0': 512, 'mlp_dim_1': 392, 'mlp_dim_2': 128, 'num_heads': 2, 'final_dropout': 0.09397257417110945, 'train_learning_rate': 0.00041164637700886954, 'train_lr_reduce': 0.6}. Best is trial 1073 with value: 0.009419886395335197.
[I 2024-12-26 04:03:18,907] Trial 1169 finished with value: 0.011362133547663689 and parameters: {'L1_hidden_dim': 208, 'L1_layers_atom': 1, 'L1_layers_mol': 1, 'L1_dropout': 0.004827779091256461, 'L1_out_dim': 32, 'L2_hidden_dim': 208, 'L2_layers_atom': 3, 'L2_layers_mol': 3, 'L2_out_dim': 128, 'L2_dropout': 0.03522116600254499, 'L3_hidden_dim': 80, 'L3_layers_atom': 2, 'L3_layers_mol': 3, 'L3_out_dim': 128, 'L3_dropout': 0.021651365446653796, 'n_mlp_layers': 1, 'mlp_dim_0': 360, 'num_heads': 2, 'final_dropout': 0.008165374478094206, 'train_learning_rate': 0.0004546451960616065, 'train_lr_reduce': 0.6}. Best is trial 1073 with value: 0.009419886395335197.
[I 2024-12-26 04:04:05,022] Trial 1168 finished with value: 0.011775676161050797 and parameters: {'L1_hidden_dim': 128, 'L1_layers_atom': 4, 'L1_layers_mol': 1, 'L1_dropout': 0.012461826128032611, 'L1_out_dim': 48, 'L2_hidden_dim': 208, 'L2_layers_atom': 1, 'L2_layers_mol': 3, 'L2_out_dim': 80, 'L2_dropout': 0.06510593813139581, 'L3_hidden_dim': 80, 'L3_layers_atom': 1, 'L3_layers_mol': 1, 'L3_out_dim': 64, 'L3_dropout': 0.2995629173192692, 'n_mlp_layers': 2, 'mlp_dim_0': 496, 'mlp_dim_1': 136, 'num_heads': 2, 'final_dropout': 0.2518660286452197, 'train_learning_rate': 0.001040064878817595, 'train_lr_reduce': 0.6}. Best is trial 1073 with value: 0.009419886395335197.
[I 2024-12-26 04:05:45,441] Trial 1170 finished with value: 0.015293240547180176 and parameters: {'L1_hidden_dim': 224, 'L1_layers_atom': 2, 'L1_layers_mol': 4, 'L1_dropout': 0.16049848814510698, 'L1_out_dim': 112, 'L2_hidden_dim': 256, 'L2_layers_atom': 2, 'L2_layers_mol': 4, 'L2_out_dim': 128, 'L2_dropout': 0.05554861060290723, 'L3_hidden_dim': 48, 'L3_layers_atom': 2, 'L3_layers_mol': 1, 'L3_out_dim': 80, 'L3_dropout': 0.191551920718, 'n_mlp_layers': 3, 'mlp_dim_0': 32, 'mlp_dim_1': 296, 'mlp_dim_2': 208, 'num_heads': 2, 'final_dropout': 0.26217408291273736, 'train_learning_rate': 0.0002312472473701627, 'train_lr_reduce': 0.6}. Best is trial 1073 with value: 0.009419886395335197.
[I 2024-12-26 04:06:34,670] Trial 1171 finished with value: 0.013069557026028633 and parameters: {'L1_hidden_dim': 240, 'L1_layers_atom': 3, 'L1_layers_mol': 1, 'L1_dropout': 0.08639993150542209, 'L1_out_dim': 32, 'L2_hidden_dim': 240, 'L2_layers_atom': 4, 'L2_layers_mol': 2, 'L2_out_dim': 128, 'L2_dropout': 0.01905782640081077, 'L3_hidden_dim': 128, 'L3_layers_atom': 2, 'L3_layers_mol': 3, 'L3_out_dim': 128, 'L3_dropout': 0.06677798462042656, 'n_mlp_layers': 3, 'mlp_dim_0': 336, 'mlp_dim_1': 192, 'mlp_dim_2': 80, 'num_heads': 2, 'final_dropout': 0.12693687771153728, 'train_learning_rate': 0.0002644015079148844, 'train_lr_reduce': 0.6}. Best is trial 1073 with value: 0.009419886395335197.
