[I 2024-12-24 23:18:35,451] Trial 803 finished with value: 0.010603959672152996 and parameters: {'L1_hidden_dim': 224, 'L1_layers_atom': 4, 'L1_layers_mol': 2, 'L1_dropout': 0.047517554748715655, 'L1_out_dim': 32, 'L2_hidden_dim': 240, 'L2_layers_atom': 4, 'L2_layers_mol': 1, 'L2_out_dim': 64, 'L2_dropout': 0.11722520713770408, 'L3_hidden_dim': 128, 'L3_layers_atom': 4, 'L3_layers_mol': 4, 'L3_out_dim': 96, 'L3_dropout': 0.22984661393381695, 'n_mlp_layers': 2, 'mlp_dim_0': 232, 'mlp_dim_1': 272, 'num_heads': 2, 'final_dropout': 0.1971003706452945, 'train_learning_rate': 0.000394816991198466, 'train_lr_reduce': 0.6}. Best is trial 570 with value: 0.00952998548746109.
[I 2024-12-24 23:19:52,018] Trial 804 finished with value: 0.011319497600197792 and parameters: {'L1_hidden_dim': 176, 'L1_layers_atom': 3, 'L1_layers_mol': 4, 'L1_dropout': 0.028433899524538078, 'L1_out_dim': 48, 'L2_hidden_dim': 176, 'L2_layers_atom': 3, 'L2_layers_mol': 1, 'L2_out_dim': 32, 'L2_dropout': 0.2065217773700192, 'L3_hidden_dim': 80, 'L3_layers_atom': 4, 'L3_layers_mol': 2, 'L3_out_dim': 128, 'L3_dropout': 0.18394582624138853, 'n_mlp_layers': 3, 'mlp_dim_0': 248, 'mlp_dim_1': 320, 'mlp_dim_2': 120, 'num_heads': 2, 'final_dropout': 0.0964689185584316, 'train_learning_rate': 0.0005446415915972484, 'train_lr_reduce': 0.6}. Best is trial 570 with value: 0.00952998548746109.
[I 2024-12-24 23:20:13,438] Trial 805 finished with value: 0.011544057168066502 and parameters: {'L1_hidden_dim': 160, 'L1_layers_atom': 3, 'L1_layers_mol': 4, 'L1_dropout': 0.14364028287738775, 'L1_out_dim': 48, 'L2_hidden_dim': 192, 'L2_layers_atom': 4, 'L2_layers_mol': 1, 'L2_out_dim': 48, 'L2_dropout': 0.041438669586827855, 'L3_hidden_dim': 32, 'L3_layers_atom': 4, 'L3_layers_mol': 1, 'L3_out_dim': 128, 'L3_dropout': 0.2307987544132549, 'n_mlp_layers': 2, 'mlp_dim_0': 312, 'mlp_dim_1': 464, 'num_heads': 2, 'final_dropout': 0.12263265918490827, 'train_learning_rate': 0.0002666714988053064, 'train_lr_reduce': 0.6}. Best is trial 570 with value: 0.00952998548746109.
[I 2024-12-24 23:20:58,895] Trial 806 finished with value: 0.01121576689183712 and parameters: {'L1_hidden_dim': 240, 'L1_layers_atom': 4, 'L1_layers_mol': 4, 'L1_dropout': 0.08622029826581686, 'L1_out_dim': 64, 'L2_hidden_dim': 176, 'L2_layers_atom': 2, 'L2_layers_mol': 1, 'L2_out_dim': 48, 'L2_dropout': 0.048993562066759824, 'L3_hidden_dim': 96, 'L3_layers_atom': 3, 'L3_layers_mol': 1, 'L3_out_dim': 128, 'L3_dropout': 0.2702781521990859, 'n_mlp_layers': 1, 'mlp_dim_0': 480, 'num_heads': 2, 'final_dropout': 0.05259280535242861, 'train_learning_rate': 0.00048153427881481535, 'train_lr_reduce': 0.6}. Best is trial 570 with value: 0.00952998548746109.
[I 2024-12-24 23:22:31,538] Trial 808 finished with value: 0.013432752341032028 and parameters: {'L1_hidden_dim': 240, 'L1_layers_atom': 3, 'L1_layers_mol': 4, 'L1_dropout': 0.12197056320148833, 'L1_out_dim': 112, 'L2_hidden_dim': 160, 'L2_layers_atom': 4, 'L2_layers_mol': 1, 'L2_out_dim': 80, 'L2_dropout': 0.06830419457544668, 'L3_hidden_dim': 96, 'L3_layers_atom': 1, 'L3_layers_mol': 4, 'L3_out_dim': 64, 'L3_dropout': 0.24155564521956163, 'n_mlp_layers': 1, 'mlp_dim_0': 200, 'num_heads': 2, 'final_dropout': 0.2354544151852565, 'train_learning_rate': 0.0007381602199602773, 'train_lr_reduce': 0.6}. Best is trial 570 with value: 0.00952998548746109.
[I 2024-12-24 23:23:02,642] Trial 807 finished with value: 0.013015440665185452 and parameters: {'L1_hidden_dim': 112, 'L1_layers_atom': 1, 'L1_layers_mol': 3, 'L1_dropout': 0.027532199448572797, 'L1_out_dim': 96, 'L2_hidden_dim': 176, 'L2_layers_atom': 3, 'L2_layers_mol': 1, 'L2_out_dim': 112, 'L2_dropout': 0.057444461617707436, 'L3_hidden_dim': 48, 'L3_layers_atom': 3, 'L3_layers_mol': 3, 'L3_out_dim': 48, 'L3_dropout': 0.1913454521774439, 'n_mlp_layers': 2, 'mlp_dim_0': 232, 'mlp_dim_1': 360, 'num_heads': 1, 'final_dropout': 0.1031962354933571, 'train_learning_rate': 0.0001704617094395498, 'train_lr_reduce': 0.6}. Best is trial 570 with value: 0.00952998548746109.
[I 2024-12-24 23:23:43,698] Trial 809 finished with value: 0.011037283577024937 and parameters: {'L1_hidden_dim': 192, 'L1_layers_atom': 4, 'L1_layers_mol': 4, 'L1_dropout': 0.06525158061565194, 'L1_out_dim': 32, 'L2_hidden_dim': 176, 'L2_layers_atom': 3, 'L2_layers_mol': 1, 'L2_out_dim': 32, 'L2_dropout': 0.2062925032924322, 'L3_hidden_dim': 64, 'L3_layers_atom': 4, 'L3_layers_mol': 1, 'L3_out_dim': 128, 'L3_dropout': 0.28492129045004105, 'n_mlp_layers': 1, 'mlp_dim_0': 240, 'num_heads': 2, 'final_dropout': 0.19162002899345595, 'train_learning_rate': 0.0005741616934866433, 'train_lr_reduce': 0.6}. Best is trial 570 with value: 0.00952998548746109.
[I 2024-12-24 23:25:07,975] Trial 810 finished with value: 0.012114891782402992 and parameters: {'L1_hidden_dim': 256, 'L1_layers_atom': 4, 'L1_layers_mol': 3, 'L1_dropout': 0.03479150408102812, 'L1_out_dim': 48, 'L2_hidden_dim': 176, 'L2_layers_atom': 4, 'L2_layers_mol': 1, 'L2_out_dim': 32, 'L2_dropout': 0.05596985102883874, 'L3_hidden_dim': 128, 'L3_layers_atom': 4, 'L3_layers_mol': 4, 'L3_out_dim': 112, 'L3_dropout': 0.18424902789585704, 'n_mlp_layers': 3, 'mlp_dim_0': 344, 'mlp_dim_1': 264, 'mlp_dim_2': 176, 'num_heads': 2, 'final_dropout': 0.05531627262079274, 'train_learning_rate': 0.0019346503483038493, 'train_lr_reduce': 0.6}. Best is trial 570 with value: 0.00952998548746109.
[I 2024-12-24 23:25:08,549] Trial 811 finished with value: 0.012963559478521347 and parameters: {'L1_hidden_dim': 192, 'L1_layers_atom': 4, 'L1_layers_mol': 2, 'L1_dropout': 0.029860936945597334, 'L1_out_dim': 64, 'L2_hidden_dim': 144, 'L2_layers_atom': 4, 'L2_layers_mol': 1, 'L2_out_dim': 112, 'L2_dropout': 0.11555945878253598, 'L3_hidden_dim': 128, 'L3_layers_atom': 1, 'L3_layers_mol': 4, 'L3_out_dim': 80, 'L3_dropout': 0.2524943809717758, 'n_mlp_layers': 1, 'mlp_dim_0': 312, 'num_heads': 2, 'final_dropout': 0.039901782722109674, 'train_learning_rate': 0.0017345829885146962, 'train_lr_reduce': 0.6}. Best is trial 570 with value: 0.00952998548746109.
[I 2024-12-24 23:26:09,539] Trial 812 finished with value: 0.010200260207057 and parameters: {'L1_hidden_dim': 160, 'L1_layers_atom': 4, 'L1_layers_mol': 4, 'L1_dropout': 0.02518560290735183, 'L1_out_dim': 32, 'L2_hidden_dim': 96, 'L2_layers_atom': 4, 'L2_layers_mol': 1, 'L2_out_dim': 32, 'L2_dropout': 0.09116132730655581, 'L3_hidden_dim': 128, 'L3_layers_atom': 4, 'L3_layers_mol': 1, 'L3_out_dim': 128, 'L3_dropout': 0.21860029689719007, 'n_mlp_layers': 1, 'mlp_dim_0': 288, 'num_heads': 2, 'final_dropout': 0.09800156321618905, 'train_learning_rate': 0.0006225280916085618, 'train_lr_reduce': 0.6}. Best is trial 570 with value: 0.00952998548746109.
[I 2024-12-24 23:26:59,977] Trial 814 finished with value: 0.012915673665702343 and parameters: {'L1_hidden_dim': 224, 'L1_layers_atom': 3, 'L1_layers_mol': 3, 'L1_dropout': 0.0363822173605959, 'L1_out_dim': 96, 'L2_hidden_dim': 224, 'L2_layers_atom': 3, 'L2_layers_mol': 3, 'L2_out_dim': 64, 'L2_dropout': 0.2849865996577004, 'L3_hidden_dim': 48, 'L3_layers_atom': 3, 'L3_layers_mol': 1, 'L3_out_dim': 112, 'L3_dropout': 0.1999856620051135, 'n_mlp_layers': 3, 'mlp_dim_0': 344, 'mlp_dim_1': 304, 'mlp_dim_2': 104, 'num_heads': 2, 'final_dropout': 0.29531259894268874, 'train_learning_rate': 0.00898050086347638, 'train_lr_reduce': 0.6}. Best is trial 570 with value: 0.00952998548746109.
[I 2024-12-24 23:28:03,794] Trial 813 finished with value: 0.010458606295287609 and parameters: {'L1_hidden_dim': 160, 'L1_layers_atom': 4, 'L1_layers_mol': 4, 'L1_dropout': 0.021242263830475405, 'L1_out_dim': 48, 'L2_hidden_dim': 112, 'L2_layers_atom': 3, 'L2_layers_mol': 1, 'L2_out_dim': 64, 'L2_dropout': 0.19265391550909547, 'L3_hidden_dim': 64, 'L3_layers_atom': 4, 'L3_layers_mol': 1, 'L3_out_dim': 112, 'L3_dropout': 0.29681342135323663, 'n_mlp_layers': 1, 'mlp_dim_0': 448, 'num_heads': 2, 'final_dropout': 0.19090316778643765, 'train_learning_rate': 0.0009961482134011805, 'train_lr_reduce': 0.6}. Best is trial 570 with value: 0.00952998548746109.
[I 2024-12-24 23:29:45,262] Trial 816 finished with value: 0.01049356535077095 and parameters: {'L1_hidden_dim': 240, 'L1_layers_atom': 4, 'L1_layers_mol': 3, 'L1_dropout': 0.018108803629907418, 'L1_out_dim': 48, 'L2_hidden_dim': 176, 'L2_layers_atom': 4, 'L2_layers_mol': 1, 'L2_out_dim': 32, 'L2_dropout': 0.19921109998217232, 'L3_hidden_dim': 112, 'L3_layers_atom': 4, 'L3_layers_mol': 3, 'L3_out_dim': 128, 'L3_dropout': 0.13941587290787075, 'n_mlp_layers': 3, 'mlp_dim_0': 360, 'mlp_dim_1': 248, 'mlp_dim_2': 32, 'num_heads': 2, 'final_dropout': 0.03983538709795188, 'train_learning_rate': 0.0005767381729093594, 'train_lr_reduce': 0.6}. Best is trial 570 with value: 0.00952998548746109.
[I 2024-12-24 23:30:05,967] Trial 817 finished with value: 0.011434974148869514 and parameters: {'L1_hidden_dim': 160, 'L1_layers_atom': 4, 'L1_layers_mol': 4, 'L1_dropout': 0.0582391696807226, 'L1_out_dim': 32, 'L2_hidden_dim': 96, 'L2_layers_atom': 4, 'L2_layers_mol': 1, 'L2_out_dim': 32, 'L2_dropout': 0.12821459665569335, 'L3_hidden_dim': 112, 'L3_layers_atom': 3, 'L3_layers_mol': 1, 'L3_out_dim': 128, 'L3_dropout': 0.24513905455837995, 'n_mlp_layers': 1, 'mlp_dim_0': 296, 'num_heads': 2, 'final_dropout': 0.15245866288534562, 'train_learning_rate': 0.0011194592962026604, 'train_lr_reduce': 0.6}. Best is trial 570 with value: 0.00952998548746109.
[I 2024-12-24 23:30:06,536] Trial 815 finished with value: 0.016523165628314018 and parameters: {'L1_hidden_dim': 144, 'L1_layers_atom': 3, 'L1_layers_mol': 4, 'L1_dropout': 0.022595815611090742, 'L1_out_dim': 48, 'L2_hidden_dim': 112, 'L2_layers_atom': 3, 'L2_layers_mol': 2, 'L2_out_dim': 32, 'L2_dropout': 0.12430008140614396, 'L3_hidden_dim': 112, 'L3_layers_atom': 4, 'L3_layers_mol': 1, 'L3_out_dim': 112, 'L3_dropout': 0.19972635903921118, 'n_mlp_layers': 1, 'mlp_dim_0': 352, 'num_heads': 2, 'final_dropout': 0.1276875551912951, 'train_learning_rate': 0.0005483620477790598, 'train_lr_reduce': 0.6}. Best is trial 570 with value: 0.00952998548746109.
[I 2024-12-24 23:31:35,116] Trial 820 finished with value: 0.011588669382035732 and parameters: {'L1_hidden_dim': 128, 'L1_layers_atom': 2, 'L1_layers_mol': 3, 'L1_dropout': 0.0006155691564998303, 'L1_out_dim': 32, 'L2_hidden_dim': 80, 'L2_layers_atom': 4, 'L2_layers_mol': 2, 'L2_out_dim': 112, 'L2_dropout': 0.04280113608242949, 'L3_hidden_dim': 112, 'L3_layers_atom': 3, 'L3_layers_mol': 1, 'L3_out_dim': 128, 'L3_dropout': 0.2613126286968829, 'n_mlp_layers': 1, 'mlp_dim_0': 296, 'num_heads': 1, 'final_dropout': 0.10390374000395636, 'train_learning_rate': 0.008920602245761355, 'train_lr_reduce': 0.6}. Best is trial 570 with value: 0.00952998548746109.
[I 2024-12-24 23:31:48,928] Trial 818 finished with value: 0.011236834339797497 and parameters: {'L1_hidden_dim': 160, 'L1_layers_atom': 3, 'L1_layers_mol': 4, 'L1_dropout': 0.0058602016047907424, 'L1_out_dim': 32, 'L2_hidden_dim': 240, 'L2_layers_atom': 3, 'L2_layers_mol': 1, 'L2_out_dim': 48, 'L2_dropout': 0.14486181126444247, 'L3_hidden_dim': 80, 'L3_layers_atom': 3, 'L3_layers_mol': 3, 'L3_out_dim': 128, 'L3_dropout': 0.22135314188165983, 'n_mlp_layers': 3, 'mlp_dim_0': 272, 'mlp_dim_1': 256, 'mlp_dim_2': 64, 'num_heads': 1, 'final_dropout': 0.06503452937824002, 'train_learning_rate': 0.000392378650444228, 'train_lr_reduce': 0.6}. Best is trial 570 with value: 0.00952998548746109.
[I 2024-12-24 23:32:00,316] Trial 819 finished with value: 0.011673588305711746 and parameters: {'L1_hidden_dim': 224, 'L1_layers_atom': 2, 'L1_layers_mol': 4, 'L1_dropout': 0.022570286962524964, 'L1_out_dim': 32, 'L2_hidden_dim': 144, 'L2_layers_atom': 4, 'L2_layers_mol': 1, 'L2_out_dim': 32, 'L2_dropout': 0.026085397263136252, 'L3_hidden_dim': 96, 'L3_layers_atom': 4, 'L3_layers_mol': 1, 'L3_out_dim': 128, 'L3_dropout': 0.2469597867230702, 'n_mlp_layers': 2, 'mlp_dim_0': 312, 'mlp_dim_1': 272, 'num_heads': 2, 'final_dropout': 0.14831068597564032, 'train_learning_rate': 0.0016387722296662543, 'train_lr_reduce': 0.6}. Best is trial 570 with value: 0.00952998548746109.
[I 2024-12-24 23:33:19,576] Trial 821 finished with value: 0.011544955894351006 and parameters: {'L1_hidden_dim': 112, 'L1_layers_atom': 1, 'L1_layers_mol': 3, 'L1_dropout': 0.0251121682515627, 'L1_out_dim': 128, 'L2_hidden_dim': 112, 'L2_layers_atom': 4, 'L2_layers_mol': 1, 'L2_out_dim': 112, 'L2_dropout': 0.008575354421913912, 'L3_hidden_dim': 32, 'L3_layers_atom': 2, 'L3_layers_mol': 3, 'L3_out_dim': 64, 'L3_dropout': 0.20176593453129849, 'n_mlp_layers': 3, 'mlp_dim_0': 440, 'mlp_dim_1': 264, 'mlp_dim_2': 80, 'num_heads': 1, 'final_dropout': 0.12155002384504016, 'train_learning_rate': 0.0006111097955768753, 'train_lr_reduce': 0.6}. Best is trial 570 with value: 0.00952998548746109.
[I 2024-12-24 23:33:51,874] Trial 823 finished with value: 0.16925492882728577 and parameters: {'L1_hidden_dim': 144, 'L1_layers_atom': 4, 'L1_layers_mol': 4, 'L1_dropout': 0.0810157095366786, 'L1_out_dim': 32, 'L2_hidden_dim': 80, 'L2_layers_atom': 4, 'L2_layers_mol': 2, 'L2_out_dim': 80, 'L2_dropout': 0.17453368033433792, 'L3_hidden_dim': 128, 'L3_layers_atom': 4, 'L3_layers_mol': 1, 'L3_out_dim': 128, 'L3_dropout': 0.132000135777533, 'n_mlp_layers': 2, 'mlp_dim_0': 416, 'mlp_dim_1': 248, 'num_heads': 1, 'final_dropout': 0.1032449714416932, 'train_learning_rate': 0.00037101539850438627, 'train_lr_reduce': 0.6}. Best is trial 570 with value: 0.00952998548746109.
[I 2024-12-24 23:34:44,139] Trial 822 finished with value: 0.013670452870428562 and parameters: {'L1_hidden_dim': 144, 'L1_layers_atom': 3, 'L1_layers_mol': 4, 'L1_dropout': 0.1129731239676687, 'L1_out_dim': 32, 'L2_hidden_dim': 64, 'L2_layers_atom': 4, 'L2_layers_mol': 1, 'L2_out_dim': 32, 'L2_dropout': 0.06261849085264508, 'L3_hidden_dim': 112, 'L3_layers_atom': 4, 'L3_layers_mol': 1, 'L3_out_dim': 112, 'L3_dropout': 0.22572485207878967, 'n_mlp_layers': 1, 'mlp_dim_0': 248, 'num_heads': 2, 'final_dropout': 0.06751412404283068, 'train_learning_rate': 0.00013491651072162922, 'train_lr_reduce': 0.6}. Best is trial 570 with value: 0.00952998548746109.
[I 2024-12-24 23:35:49,597] Trial 824 finished with value: 0.010907691903412342 and parameters: {'L1_hidden_dim': 208, 'L1_layers_atom': 4, 'L1_layers_mol': 4, 'L1_dropout': 0.029977383499576567, 'L1_out_dim': 64, 'L2_hidden_dim': 128, 'L2_layers_atom': 4, 'L2_layers_mol': 1, 'L2_out_dim': 32, 'L2_dropout': 0.08815962420782975, 'L3_hidden_dim': 128, 'L3_layers_atom': 4, 'L3_layers_mol': 1, 'L3_out_dim': 112, 'L3_dropout': 0.2861628216170305, 'n_mlp_layers': 1, 'mlp_dim_0': 184, 'num_heads': 2, 'final_dropout': 0.04132627738489729, 'train_learning_rate': 0.0006658507299481968, 'train_lr_reduce': 0.6}. Best is trial 570 with value: 0.00952998548746109.
[I 2024-12-24 23:36:08,820] Trial 826 finished with value: 0.013790836557745934 and parameters: {'L1_hidden_dim': 224, 'L1_layers_atom': 2, 'L1_layers_mol': 3, 'L1_dropout': 0.11593921706992558, 'L1_out_dim': 80, 'L2_hidden_dim': 176, 'L2_layers_atom': 3, 'L2_layers_mol': 4, 'L2_out_dim': 96, 'L2_dropout': 0.23266933831495884, 'L3_hidden_dim': 48, 'L3_layers_atom': 3, 'L3_layers_mol': 2, 'L3_out_dim': 112, 'L3_dropout': 0.2814692814197825, 'n_mlp_layers': 3, 'mlp_dim_0': 152, 'mlp_dim_1': 256, 'mlp_dim_2': 208, 'num_heads': 2, 'final_dropout': 0.26339962334973765, 'train_learning_rate': 0.002825427396159973, 'train_lr_reduce': 0.6}. Best is trial 570 with value: 0.00952998548746109.
[I 2024-12-24 23:36:49,385] Trial 825 finished with value: 0.010760140605270863 and parameters: {'L1_hidden_dim': 160, 'L1_layers_atom': 2, 'L1_layers_mol': 3, 'L1_dropout': 0.003501017922783522, 'L1_out_dim': 80, 'L2_hidden_dim': 144, 'L2_layers_atom': 4, 'L2_layers_mol': 1, 'L2_out_dim': 112, 'L2_dropout': 0.08400978415858133, 'L3_hidden_dim': 48, 'L3_layers_atom': 3, 'L3_layers_mol': 3, 'L3_out_dim': 80, 'L3_dropout': 0.2748580781285862, 'n_mlp_layers': 2, 'mlp_dim_0': 512, 'mlp_dim_1': 304, 'num_heads': 1, 'final_dropout': 0.04730103033307356, 'train_learning_rate': 0.00026412539179637994, 'train_lr_reduce': 0.6}. Best is trial 570 with value: 0.00952998548746109.
[I 2024-12-24 23:38:29,599] Trial 828 finished with value: 0.013069571927189827 and parameters: {'L1_hidden_dim': 240, 'L1_layers_atom': 4, 'L1_layers_mol': 1, 'L1_dropout': 0.005983533295078967, 'L1_out_dim': 32, 'L2_hidden_dim': 224, 'L2_layers_atom': 4, 'L2_layers_mol': 1, 'L2_out_dim': 48, 'L2_dropout': 0.11725921110413495, 'L3_hidden_dim': 128, 'L3_layers_atom': 4, 'L3_layers_mol': 2, 'L3_out_dim': 112, 'L3_dropout': 0.18876526576798977, 'n_mlp_layers': 3, 'mlp_dim_0': 256, 'mlp_dim_1': 256, 'mlp_dim_2': 32, 'num_heads': 2, 'final_dropout': 0.10060566790723285, 'train_learning_rate': 0.002275612934879525, 'train_lr_reduce': 0.6}. Best is trial 570 with value: 0.00952998548746109.
[I 2024-12-24 23:39:07,790] Trial 827 finished with value: 0.0112840561196208 and parameters: {'L1_hidden_dim': 192, 'L1_layers_atom': 4, 'L1_layers_mol': 2, 'L1_dropout': 0.0618956325079685, 'L1_out_dim': 32, 'L2_hidden_dim': 208, 'L2_layers_atom': 3, 'L2_layers_mol': 2, 'L2_out_dim': 32, 'L2_dropout': 0.24867950818580667, 'L3_hidden_dim': 128, 'L3_layers_atom': 4, 'L3_layers_mol': 4, 'L3_out_dim': 96, 'L3_dropout': 0.20870970670367428, 'n_mlp_layers': 3, 'mlp_dim_0': 168, 'mlp_dim_1': 304, 'mlp_dim_2': 200, 'num_heads': 2, 'final_dropout': 0.0492889155554716, 'train_learning_rate': 0.0008084953494099566, 'train_lr_reduce': 0.6}. Best is trial 570 with value: 0.00952998548746109.
[I 2024-12-24 23:40:23,769] Trial 829 finished with value: 0.01378396712243557 and parameters: {'L1_hidden_dim': 256, 'L1_layers_atom': 4, 'L1_layers_mol': 3, 'L1_dropout': 0.05537802199597105, 'L1_out_dim': 80, 'L2_hidden_dim': 192, 'L2_layers_atom': 3, 'L2_layers_mol': 1, 'L2_out_dim': 80, 'L2_dropout': 0.17362569605826317, 'L3_hidden_dim': 112, 'L3_layers_atom': 2, 'L3_layers_mol': 4, 'L3_out_dim': 112, 'L3_dropout': 0.280642592920503, 'n_mlp_layers': 1, 'mlp_dim_0': 200, 'num_heads': 2, 'final_dropout': 0.2759545992686002, 'train_learning_rate': 0.00020766520454982835, 'train_lr_reduce': 0.6}. Best is trial 570 with value: 0.00952998548746109.
[I 2024-12-24 23:40:28,761] Trial 831 finished with value: 0.013109908439218998 and parameters: {'L1_hidden_dim': 176, 'L1_layers_atom': 1, 'L1_layers_mol': 3, 'L1_dropout': 0.016747573149427916, 'L1_out_dim': 112, 'L2_hidden_dim': 112, 'L2_layers_atom': 2, 'L2_layers_mol': 4, 'L2_out_dim': 80, 'L2_dropout': 0.2741750429027323, 'L3_hidden_dim': 32, 'L3_layers_atom': 1, 'L3_layers_mol': 1, 'L3_out_dim': 96, 'L3_dropout': 0.29796834101791436, 'n_mlp_layers': 3, 'mlp_dim_0': 256, 'mlp_dim_1': 256, 'mlp_dim_2': 120, 'num_heads': 1, 'final_dropout': 0.2708326939039421, 'train_learning_rate': 0.005184690983613615, 'train_lr_reduce': 0.6}. Best is trial 570 with value: 0.00952998548746109.
[I 2024-12-24 23:40:37,182] Trial 830 finished with value: 0.015405123122036457 and parameters: {'L1_hidden_dim': 128, 'L1_layers_atom': 1, 'L1_layers_mol': 3, 'L1_dropout': 0.0669844305008101, 'L1_out_dim': 96, 'L2_hidden_dim': 176, 'L2_layers_atom': 4, 'L2_layers_mol': 2, 'L2_out_dim': 96, 'L2_dropout': 0.04629820078899857, 'L3_hidden_dim': 80, 'L3_layers_atom': 3, 'L3_layers_mol': 4, 'L3_out_dim': 80, 'L3_dropout': 0.2039066793734283, 'n_mlp_layers': 2, 'mlp_dim_0': 456, 'mlp_dim_1': 312, 'num_heads': 1, 'final_dropout': 0.11547415337259107, 'train_learning_rate': 0.00011726848376920547, 'train_lr_reduce': 0.6}. Best is trial 570 with value: 0.00952998548746109.
[I 2024-12-24 23:42:30,010] Trial 832 finished with value: 0.012679674662649632 and parameters: {'L1_hidden_dim': 208, 'L1_layers_atom': 3, 'L1_layers_mol': 4, 'L1_dropout': 0.11670349248171888, 'L1_out_dim': 48, 'L2_hidden_dim': 240, 'L2_layers_atom': 3, 'L2_layers_mol': 1, 'L2_out_dim': 32, 'L2_dropout': 0.052476966493782855, 'L3_hidden_dim': 128, 'L3_layers_atom': 2, 'L3_layers_mol': 4, 'L3_out_dim': 128, 'L3_dropout': 0.29272984752327663, 'n_mlp_layers': 3, 'mlp_dim_0': 448, 'mlp_dim_1': 328, 'mlp_dim_2': 168, 'num_heads': 1, 'final_dropout': 0.14120947566499664, 'train_learning_rate': 0.00411494992121227, 'train_lr_reduce': 0.6}. Best is trial 570 with value: 0.00952998548746109.
[I 2024-12-24 23:42:56,439] Trial 833 finished with value: 0.010848376899957657 and parameters: {'L1_hidden_dim': 208, 'L1_layers_atom': 3, 'L1_layers_mol': 4, 'L1_dropout': 0.018574073228550446, 'L1_out_dim': 48, 'L2_hidden_dim': 144, 'L2_layers_atom': 4, 'L2_layers_mol': 2, 'L2_out_dim': 48, 'L2_dropout': 0.12769965552708248, 'L3_hidden_dim': 80, 'L3_layers_atom': 4, 'L3_layers_mol': 1, 'L3_out_dim': 128, 'L3_dropout': 0.24577718782050167, 'n_mlp_layers': 1, 'mlp_dim_0': 312, 'num_heads': 2, 'final_dropout': 0.17420318543104568, 'train_learning_rate': 0.0008685508068523491, 'train_lr_reduce': 0.6}. Best is trial 570 with value: 0.00952998548746109.
[I 2024-12-24 23:43:00,821] Trial 834 finished with value: 0.010655958205461502 and parameters: {'L1_hidden_dim': 192, 'L1_layers_atom': 2, 'L1_layers_mol': 4, 'L1_dropout': 0.024624197064586614, 'L1_out_dim': 32, 'L2_hidden_dim': 224, 'L2_layers_atom': 4, 'L2_layers_mol': 1, 'L2_out_dim': 48, 'L2_dropout': 0.21394052312928222, 'L3_hidden_dim': 96, 'L3_layers_atom': 4, 'L3_layers_mol': 4, 'L3_out_dim': 112, 'L3_dropout': 0.1873964854773853, 'n_mlp_layers': 3, 'mlp_dim_0': 216, 'mlp_dim_1': 304, 'mlp_dim_2': 112, 'num_heads': 2, 'final_dropout': 0.0612933033835865, 'train_learning_rate': 0.0004521341322273645, 'train_lr_reduce': 0.6}. Best is trial 570 with value: 0.00952998548746109.
