[I 2024-12-25 21:05:07,681] Trial 929 finished with value: 0.10768403857946396 and parameters: {'L1_hidden_dim': 96, 'L1_layers_atom': 2, 'L1_layers_mol': 1, 'L1_dropout': 0.1819636064817669, 'L1_out_dim': 80, 'L2_hidden_dim': 176, 'L2_layers_atom': 4, 'L2_layers_mol': 1, 'L2_out_dim': 96, 'L2_dropout': 0.04393098395761553, 'L3_hidden_dim': 64, 'L3_layers_atom': 1, 'L3_layers_mol': 1, 'L3_out_dim': 96, 'L3_dropout': 0.2688259409015047, 'n_mlp_layers': 3, 'mlp_dim_0': 296, 'mlp_dim_1': 280, 'mlp_dim_2': 144, 'num_heads': 1, 'final_dropout': 0.06945100663760106, 'train_learning_rate': 0.0022207969129177433, 'train_lr_reduce': 0.6}. Best is trial 613 with value: 0.045173268765211105.
[I 2024-12-25 21:05:15,283] Trial 928 finished with value: 0.07013622671365738 and parameters: {'L1_hidden_dim': 128, 'L1_layers_atom': 3, 'L1_layers_mol': 1, 'L1_dropout': 0.2759105633373825, 'L1_out_dim': 96, 'L2_hidden_dim': 208, 'L2_layers_atom': 4, 'L2_layers_mol': 1, 'L2_out_dim': 112, 'L2_dropout': 0.03388530790161798, 'L3_hidden_dim': 80, 'L3_layers_atom': 3, 'L3_layers_mol': 1, 'L3_out_dim': 80, 'L3_dropout': 0.29577301995619854, 'n_mlp_layers': 2, 'mlp_dim_0': 88, 'mlp_dim_1': 344, 'num_heads': 1, 'final_dropout': 0.08436175144934395, 'train_learning_rate': 0.0007687331975057849, 'train_lr_reduce': 0.6}. Best is trial 613 with value: 0.045173268765211105.
[I 2024-12-25 21:06:17,023] Trial 930 finished with value: 0.08577504009008408 and parameters: {'L1_hidden_dim': 64, 'L1_layers_atom': 4, 'L1_layers_mol': 2, 'L1_dropout': 0.1295400812074735, 'L1_out_dim': 112, 'L2_hidden_dim': 240, 'L2_layers_atom': 3, 'L2_layers_mol': 3, 'L2_out_dim': 64, 'L2_dropout': 0.011743834893518837, 'L3_hidden_dim': 112, 'L3_layers_atom': 1, 'L3_layers_mol': 1, 'L3_out_dim': 112, 'L3_dropout': 0.014864855844421772, 'n_mlp_layers': 3, 'mlp_dim_0': 200, 'mlp_dim_1': 344, 'mlp_dim_2': 136, 'num_heads': 1, 'final_dropout': 0.2915741429674152, 'train_learning_rate': 0.005145494360172346, 'train_lr_reduce': 0.6}. Best is trial 613 with value: 0.045173268765211105.
[I 2024-12-25 21:06:49,701] Trial 931 finished with value: 0.07739059627056122 and parameters: {'L1_hidden_dim': 144, 'L1_layers_atom': 4, 'L1_layers_mol': 2, 'L1_dropout': 0.15960797490297518, 'L1_out_dim': 96, 'L2_hidden_dim': 224, 'L2_layers_atom': 3, 'L2_layers_mol': 3, 'L2_out_dim': 112, 'L2_dropout': 0.03305372184589188, 'L3_hidden_dim': 128, 'L3_layers_atom': 2, 'L3_layers_mol': 1, 'L3_out_dim': 112, 'L3_dropout': 0.03882869091490394, 'n_mlp_layers': 2, 'mlp_dim_0': 296, 'mlp_dim_1': 288, 'num_heads': 1, 'final_dropout': 0.16673223779667354, 'train_learning_rate': 0.003979908813935327, 'train_lr_reduce': 0.6}. Best is trial 613 with value: 0.045173268765211105.
[I 2024-12-25 21:07:07,386] Trial 932 finished with value: 0.09958042949438095 and parameters: {'L1_hidden_dim': 80, 'L1_layers_atom': 4, 'L1_layers_mol': 4, 'L1_dropout': 0.29091859720388413, 'L1_out_dim': 112, 'L2_hidden_dim': 160, 'L2_layers_atom': 1, 'L2_layers_mol': 1, 'L2_out_dim': 48, 'L2_dropout': 0.058675698095511694, 'L3_hidden_dim': 64, 'L3_layers_atom': 3, 'L3_layers_mol': 1, 'L3_out_dim': 32, 'L3_dropout': 0.26838056038615266, 'n_mlp_layers': 1, 'mlp_dim_0': 88, 'num_heads': 2, 'final_dropout': 0.094586290419065, 'train_learning_rate': 0.005716345706267087, 'train_lr_reduce': 0.6}. Best is trial 613 with value: 0.045173268765211105.
[I 2024-12-25 21:07:27,202] Trial 933 finished with value: 0.08738049864768982 and parameters: {'L1_hidden_dim': 96, 'L1_layers_atom': 3, 'L1_layers_mol': 3, 'L1_dropout': 0.29388245393458234, 'L1_out_dim': 96, 'L2_hidden_dim': 144, 'L2_layers_atom': 1, 'L2_layers_mol': 2, 'L2_out_dim': 112, 'L2_dropout': 0.027793869123209306, 'L3_hidden_dim': 96, 'L3_layers_atom': 4, 'L3_layers_mol': 3, 'L3_out_dim': 64, 'L3_dropout': 0.22682079223125717, 'n_mlp_layers': 2, 'mlp_dim_0': 32, 'mlp_dim_1': 360, 'num_heads': 2, 'final_dropout': 0.04340722629395821, 'train_learning_rate': 0.0011655569799562402, 'train_lr_reduce': 0.6}. Best is trial 613 with value: 0.045173268765211105.
[I 2024-12-25 21:08:43,316] Trial 934 finished with value: 0.0739990696310997 and parameters: {'L1_hidden_dim': 96, 'L1_layers_atom': 2, 'L1_layers_mol': 2, 'L1_dropout': 0.1281683735601505, 'L1_out_dim': 112, 'L2_hidden_dim': 240, 'L2_layers_atom': 3, 'L2_layers_mol': 3, 'L2_out_dim': 112, 'L2_dropout': 0.1370070447353179, 'L3_hidden_dim': 80, 'L3_layers_atom': 3, 'L3_layers_mol': 1, 'L3_out_dim': 128, 'L3_dropout': 0.03473516088357863, 'n_mlp_layers': 3, 'mlp_dim_0': 488, 'mlp_dim_1': 352, 'mlp_dim_2': 128, 'num_heads': 1, 'final_dropout': 0.055779792132813345, 'train_learning_rate': 0.0025309781321220613, 'train_lr_reduce': 0.6}. Best is trial 613 with value: 0.045173268765211105.
[I 2024-12-25 21:09:10,085] Trial 935 finished with value: 0.07124338299036026 and parameters: {'L1_hidden_dim': 144, 'L1_layers_atom': 2, 'L1_layers_mol': 3, 'L1_dropout': 0.28975786190177877, 'L1_out_dim': 80, 'L2_hidden_dim': 224, 'L2_layers_atom': 1, 'L2_layers_mol': 1, 'L2_out_dim': 112, 'L2_dropout': 0.011807122382248056, 'L3_hidden_dim': 80, 'L3_layers_atom': 3, 'L3_layers_mol': 3, 'L3_out_dim': 80, 'L3_dropout': 0.2866850233259044, 'n_mlp_layers': 1, 'mlp_dim_0': 88, 'num_heads': 2, 'final_dropout': 0.0804495013578734, 'train_learning_rate': 0.00011701433531648053, 'train_lr_reduce': 0.6}. Best is trial 613 with value: 0.045173268765211105.
[I 2024-12-25 21:09:30,255] Trial 938 finished with value: 0.892643928527832 and parameters: {'L1_hidden_dim': 80, 'L1_layers_atom': 3, 'L1_layers_mol': 1, 'L1_dropout': 0.16244853282113492, 'L1_out_dim': 80, 'L2_hidden_dim': 240, 'L2_layers_atom': 3, 'L2_layers_mol': 2, 'L2_out_dim': 112, 'L2_dropout': 0.05512115112583053, 'L3_hidden_dim': 128, 'L3_layers_atom': 1, 'L3_layers_mol': 2, 'L3_out_dim': 112, 'L3_dropout': 0.005848380468678466, 'n_mlp_layers': 3, 'mlp_dim_0': 112, 'mlp_dim_1': 216, 'mlp_dim_2': 128, 'num_heads': 1, 'final_dropout': 0.20617901719245432, 'train_learning_rate': 0.008391188728963475, 'train_lr_reduce': 0.6}. Best is trial 613 with value: 0.045173268765211105.
[I 2024-12-25 21:09:46,938] Trial 936 finished with value: 0.16032537817955017 and parameters: {'L1_hidden_dim': 80, 'L1_layers_atom': 4, 'L1_layers_mol': 3, 'L1_dropout': 0.2285962451810004, 'L1_out_dim': 128, 'L2_hidden_dim': 256, 'L2_layers_atom': 2, 'L2_layers_mol': 3, 'L2_out_dim': 128, 'L2_dropout': 0.016451113170748863, 'L3_hidden_dim': 128, 'L3_layers_atom': 3, 'L3_layers_mol': 1, 'L3_out_dim': 64, 'L3_dropout': 0.10845923736992305, 'n_mlp_layers': 3, 'mlp_dim_0': 296, 'mlp_dim_1': 280, 'mlp_dim_2': 184, 'num_heads': 1, 'final_dropout': 0.12470365905569902, 'train_learning_rate': 0.007666010794645966, 'train_lr_reduce': 0.6}. Best is trial 613 with value: 0.045173268765211105.
[I 2024-12-25 21:10:08,157] Trial 937 finished with value: 0.07114094495773315 and parameters: {'L1_hidden_dim': 80, 'L1_layers_atom': 4, 'L1_layers_mol': 3, 'L1_dropout': 0.27176346026430603, 'L1_out_dim': 112, 'L2_hidden_dim': 144, 'L2_layers_atom': 1, 'L2_layers_mol': 2, 'L2_out_dim': 80, 'L2_dropout': 0.014363880827455114, 'L3_hidden_dim': 112, 'L3_layers_atom': 3, 'L3_layers_mol': 1, 'L3_out_dim': 32, 'L3_dropout': 0.28752128866017906, 'n_mlp_layers': 2, 'mlp_dim_0': 88, 'mlp_dim_1': 376, 'num_heads': 2, 'final_dropout': 0.052560367432331986, 'train_learning_rate': 0.002226153937291491, 'train_lr_reduce': 0.6}. Best is trial 613 with value: 0.045173268765211105.
[I 2024-12-25 21:10:36,316] Trial 939 finished with value: 0.08763300627470016 and parameters: {'L1_hidden_dim': 112, 'L1_layers_atom': 3, 'L1_layers_mol': 1, 'L1_dropout': 0.2778294950876509, 'L1_out_dim': 112, 'L2_hidden_dim': 240, 'L2_layers_atom': 3, 'L2_layers_mol': 1, 'L2_out_dim': 112, 'L2_dropout': 0.022378590750713922, 'L3_hidden_dim': 96, 'L3_layers_atom': 2, 'L3_layers_mol': 2, 'L3_out_dim': 64, 'L3_dropout': 0.23523627872078035, 'n_mlp_layers': 3, 'mlp_dim_0': 248, 'mlp_dim_1': 312, 'mlp_dim_2': 120, 'num_heads': 1, 'final_dropout': 0.002588887740334507, 'train_learning_rate': 0.001499395424436614, 'train_lr_reduce': 0.6}. Best is trial 613 with value: 0.045173268765211105.
[I 2024-12-25 21:10:44,448] Trial 940 finished with value: 0.09029710292816162 and parameters: {'L1_hidden_dim': 112, 'L1_layers_atom': 4, 'L1_layers_mol': 1, 'L1_dropout': 0.20467407676281577, 'L1_out_dim': 112, 'L2_hidden_dim': 192, 'L2_layers_atom': 2, 'L2_layers_mol': 4, 'L2_out_dim': 96, 'L2_dropout': 0.012900414867822141, 'L3_hidden_dim': 96, 'L3_layers_atom': 1, 'L3_layers_mol': 2, 'L3_out_dim': 112, 'L3_dropout': 0.04226161810054082, 'n_mlp_layers': 3, 'mlp_dim_0': 216, 'mlp_dim_1': 376, 'mlp_dim_2': 288, 'num_heads': 1, 'final_dropout': 0.2060970680264245, 'train_learning_rate': 0.0022929679444860383, 'train_lr_reduce': 0.6}. Best is trial 613 with value: 0.045173268765211105.
[I 2024-12-25 21:11:29,527] Trial 941 finished with value: 0.07731476426124573 and parameters: {'L1_hidden_dim': 96, 'L1_layers_atom': 3, 'L1_layers_mol': 1, 'L1_dropout': 0.2582409313526626, 'L1_out_dim': 112, 'L2_hidden_dim': 208, 'L2_layers_atom': 1, 'L2_layers_mol': 3, 'L2_out_dim': 80, 'L2_dropout': 0.003931010923226468, 'L3_hidden_dim': 64, 'L3_layers_atom': 3, 'L3_layers_mol': 2, 'L3_out_dim': 112, 'L3_dropout': 0.22796134194881687, 'n_mlp_layers': 3, 'mlp_dim_0': 176, 'mlp_dim_1': 336, 'mlp_dim_2': 208, 'num_heads': 1, 'final_dropout': 0.03632624810136449, 'train_learning_rate': 0.0018951562394753827, 'train_lr_reduce': 0.6}. Best is trial 613 with value: 0.045173268765211105.
[I 2024-12-25 21:12:50,114] Trial 944 finished with value: 0.06491896510124207 and parameters: {'L1_hidden_dim': 80, 'L1_layers_atom': 4, 'L1_layers_mol': 4, 'L1_dropout': 0.23030706665943626, 'L1_out_dim': 48, 'L2_hidden_dim': 256, 'L2_layers_atom': 2, 'L2_layers_mol': 2, 'L2_out_dim': 32, 'L2_dropout': 0.0009749057270601359, 'L3_hidden_dim': 32, 'L3_layers_atom': 4, 'L3_layers_mol': 3, 'L3_out_dim': 128, 'L3_dropout': 0.003215932712263031, 'n_mlp_layers': 3, 'mlp_dim_0': 512, 'mlp_dim_1': 240, 'mlp_dim_2': 168, 'num_heads': 1, 'final_dropout': 0.13619131052492323, 'train_learning_rate': 0.001662243383107366, 'train_lr_reduce': 0.6}. Best is trial 613 with value: 0.045173268765211105.
[I 2024-12-25 21:12:50,522] Trial 942 finished with value: 0.06694039702415466 and parameters: {'L1_hidden_dim': 112, 'L1_layers_atom': 4, 'L1_layers_mol': 2, 'L1_dropout': 0.28939994617916354, 'L1_out_dim': 128, 'L2_hidden_dim': 192, 'L2_layers_atom': 3, 'L2_layers_mol': 1, 'L2_out_dim': 96, 'L2_dropout': 0.051091847687631406, 'L3_hidden_dim': 96, 'L3_layers_atom': 3, 'L3_layers_mol': 1, 'L3_out_dim': 32, 'L3_dropout': 0.2767250055829502, 'n_mlp_layers': 3, 'mlp_dim_0': 40, 'mlp_dim_1': 280, 'mlp_dim_2': 112, 'num_heads': 2, 'final_dropout': 0.02366045243340666, 'train_learning_rate': 0.0005135955967145644, 'train_lr_reduce': 0.6}. Best is trial 613 with value: 0.045173268765211105.
[I 2024-12-25 21:13:06,876] Trial 943 finished with value: 0.060818545520305634 and parameters: {'L1_hidden_dim': 80, 'L1_layers_atom': 4, 'L1_layers_mol': 3, 'L1_dropout': 0.19706434713128196, 'L1_out_dim': 112, 'L2_hidden_dim': 240, 'L2_layers_atom': 3, 'L2_layers_mol': 2, 'L2_out_dim': 128, 'L2_dropout': 0.09122470998942375, 'L3_hidden_dim': 48, 'L3_layers_atom': 4, 'L3_layers_mol': 2, 'L3_out_dim': 128, 'L3_dropout': 0.21406957324162984, 'n_mlp_layers': 2, 'mlp_dim_0': 56, 'mlp_dim_1': 368, 'num_heads': 1, 'final_dropout': 0.0168358723553403, 'train_learning_rate': 0.0003348680448001594, 'train_lr_reduce': 0.6}. Best is trial 613 with value: 0.045173268765211105.
[I 2024-12-25 21:14:28,232] Trial 947 finished with value: 0.085599385201931 and parameters: {'L1_hidden_dim': 112, 'L1_layers_atom': 4, 'L1_layers_mol': 2, 'L1_dropout': 0.16796089752184, 'L1_out_dim': 80, 'L2_hidden_dim': 208, 'L2_layers_atom': 2, 'L2_layers_mol': 3, 'L2_out_dim': 128, 'L2_dropout': 0.029510426171592316, 'L3_hidden_dim': 128, 'L3_layers_atom': 2, 'L3_layers_mol': 1, 'L3_out_dim': 112, 'L3_dropout': 0.04751864147530472, 'n_mlp_layers': 3, 'mlp_dim_0': 280, 'mlp_dim_1': 312, 'mlp_dim_2': 112, 'num_heads': 1, 'final_dropout': 0.22797671481986082, 'train_learning_rate': 0.001405554278886039, 'train_lr_reduce': 0.6}. Best is trial 613 with value: 0.045173268765211105.
[I 2024-12-25 21:14:28,417] Trial 946 finished with value: 0.08805382996797562 and parameters: {'L1_hidden_dim': 64, 'L1_layers_atom': 3, 'L1_layers_mol': 2, 'L1_dropout': 0.16556078646675235, 'L1_out_dim': 112, 'L2_hidden_dim': 224, 'L2_layers_atom': 4, 'L2_layers_mol': 3, 'L2_out_dim': 128, 'L2_dropout': 0.010930270946339464, 'L3_hidden_dim': 128, 'L3_layers_atom': 2, 'L3_layers_mol': 2, 'L3_out_dim': 112, 'L3_dropout': 0.018850569238913203, 'n_mlp_layers': 3, 'mlp_dim_0': 296, 'mlp_dim_1': 368, 'mlp_dim_2': 120, 'num_heads': 1, 'final_dropout': 0.15277428629591255, 'train_learning_rate': 0.0014776604018603933, 'train_lr_reduce': 0.6}. Best is trial 613 with value: 0.045173268765211105.
[I 2024-12-25 21:14:47,910] Trial 949 finished with value: 1.1761687994003296 and parameters: {'L1_hidden_dim': 64, 'L1_layers_atom': 4, 'L1_layers_mol': 2, 'L1_dropout': 0.29236001111215737, 'L1_out_dim': 96, 'L2_hidden_dim': 144, 'L2_layers_atom': 4, 'L2_layers_mol': 2, 'L2_out_dim': 112, 'L2_dropout': 0.010237720442160043, 'L3_hidden_dim': 80, 'L3_layers_atom': 2, 'L3_layers_mol': 1, 'L3_out_dim': 80, 'L3_dropout': 0.24878159271381148, 'n_mlp_layers': 3, 'mlp_dim_0': 32, 'mlp_dim_1': 272, 'mlp_dim_2': 184, 'num_heads': 1, 'final_dropout': 0.0884504458425393, 'train_learning_rate': 0.0008957210117411744, 'train_lr_reduce': 0.6}. Best is trial 613 with value: 0.045173268765211105.
[I 2024-12-25 21:16:00,037] Trial 948 finished with value: 0.06444421410560608 and parameters: {'L1_hidden_dim': 96, 'L1_layers_atom': 1, 'L1_layers_mol': 3, 'L1_dropout': 0.1417889330560757, 'L1_out_dim': 128, 'L2_hidden_dim': 240, 'L2_layers_atom': 3, 'L2_layers_mol': 2, 'L2_out_dim': 128, 'L2_dropout': 0.014495231827845283, 'L3_hidden_dim': 128, 'L3_layers_atom': 2, 'L3_layers_mol': 1, 'L3_out_dim': 128, 'L3_dropout': 0.2944332996085946, 'n_mlp_layers': 2, 'mlp_dim_0': 376, 'mlp_dim_1': 376, 'num_heads': 1, 'final_dropout': 0.1176183129640813, 'train_learning_rate': 0.001559727381514283, 'train_lr_reduce': 0.6}. Best is trial 613 with value: 0.045173268765211105.
[I 2024-12-25 21:16:01,202] Trial 945 finished with value: 0.0738767683506012 and parameters: {'L1_hidden_dim': 64, 'L1_layers_atom': 4, 'L1_layers_mol': 2, 'L1_dropout': 0.2576247741858821, 'L1_out_dim': 96, 'L2_hidden_dim': 208, 'L2_layers_atom': 3, 'L2_layers_mol': 2, 'L2_out_dim': 96, 'L2_dropout': 0.03479978522360807, 'L3_hidden_dim': 32, 'L3_layers_atom': 4, 'L3_layers_mol': 3, 'L3_out_dim': 128, 'L3_dropout': 0.29450811116450576, 'n_mlp_layers': 1, 'mlp_dim_0': 48, 'num_heads': 2, 'final_dropout': 0.004032380582034135, 'train_learning_rate': 0.0008901681886643484, 'train_lr_reduce': 0.6}. Best is trial 613 with value: 0.045173268765211105.
[I 2024-12-25 21:16:21,732] Trial 950 finished with value: 0.08758965879678726 and parameters: {'L1_hidden_dim': 64, 'L1_layers_atom': 2, 'L1_layers_mol': 4, 'L1_dropout': 0.2589106622662319, 'L1_out_dim': 80, 'L2_hidden_dim': 160, 'L2_layers_atom': 1, 'L2_layers_mol': 1, 'L2_out_dim': 128, 'L2_dropout': 0.024364733050215043, 'L3_hidden_dim': 80, 'L3_layers_atom': 4, 'L3_layers_mol': 4, 'L3_out_dim': 64, 'L3_dropout': 0.27362629527616, 'n_mlp_layers': 1, 'mlp_dim_0': 56, 'num_heads': 2, 'final_dropout': 0.014266847162279994, 'train_learning_rate': 0.000400294784143495, 'train_lr_reduce': 0.6}. Best is trial 613 with value: 0.045173268765211105.
[I 2024-12-25 21:16:59,676] Trial 952 finished with value: 0.08446654677391052 and parameters: {'L1_hidden_dim': 64, 'L1_layers_atom': 4, 'L1_layers_mol': 3, 'L1_dropout': 0.24737591918852858, 'L1_out_dim': 128, 'L2_hidden_dim': 144, 'L2_layers_atom': 2, 'L2_layers_mol': 1, 'L2_out_dim': 96, 'L2_dropout': 0.0905291101752968, 'L3_hidden_dim': 112, 'L3_layers_atom': 1, 'L3_layers_mol': 1, 'L3_out_dim': 32, 'L3_dropout': 0.16335916851926818, 'n_mlp_layers': 2, 'mlp_dim_0': 48, 'mlp_dim_1': 160, 'num_heads': 2, 'final_dropout': 0.025657354679890367, 'train_learning_rate': 0.002822914568880638, 'train_lr_reduce': 0.6}. Best is trial 613 with value: 0.045173268765211105.
[I 2024-12-25 21:17:19,522] Trial 954 finished with value: 1.12771475315094 and parameters: {'L1_hidden_dim': 64, 'L1_layers_atom': 4, 'L1_layers_mol': 3, 'L1_dropout': 0.19942429417721103, 'L1_out_dim': 128, 'L2_hidden_dim': 128, 'L2_layers_atom': 4, 'L2_layers_mol': 1, 'L2_out_dim': 96, 'L2_dropout': 0.038514156266209944, 'L3_hidden_dim': 48, 'L3_layers_atom': 3, 'L3_layers_mol': 1, 'L3_out_dim': 32, 'L3_dropout': 0.29942241783290496, 'n_mlp_layers': 3, 'mlp_dim_0': 72, 'mlp_dim_1': 384, 'mlp_dim_2': 176, 'num_heads': 1, 'final_dropout': 0.07909026867318461, 'train_learning_rate': 0.0011977919090000759, 'train_lr_reduce': 0.6}. Best is trial 613 with value: 0.045173268765211105.
[I 2024-12-25 21:17:25,590] Trial 951 finished with value: 0.09179578721523285 and parameters: {'L1_hidden_dim': 96, 'L1_layers_atom': 4, 'L1_layers_mol': 4, 'L1_dropout': 0.2551931721521256, 'L1_out_dim': 112, 'L2_hidden_dim': 256, 'L2_layers_atom': 3, 'L2_layers_mol': 2, 'L2_out_dim': 32, 'L2_dropout': 0.09535997210042785, 'L3_hidden_dim': 80, 'L3_layers_atom': 4, 'L3_layers_mol': 2, 'L3_out_dim': 80, 'L3_dropout': 0.06004195497601785, 'n_mlp_layers': 3, 'mlp_dim_0': 352, 'mlp_dim_1': 96, 'mlp_dim_2': 416, 'num_heads': 1, 'final_dropout': 0.06589151488085525, 'train_learning_rate': 0.003039685191386694, 'train_lr_reduce': 0.6}. Best is trial 613 with value: 0.045173268765211105.
[I 2024-12-25 21:17:40,786] Trial 953 finished with value: 0.09882210940122604 and parameters: {'L1_hidden_dim': 112, 'L1_layers_atom': 4, 'L1_layers_mol': 1, 'L1_dropout': 0.2205707498443375, 'L1_out_dim': 80, 'L2_hidden_dim': 256, 'L2_layers_atom': 4, 'L2_layers_mol': 3, 'L2_out_dim': 128, 'L2_dropout': 0.06897192930825873, 'L3_hidden_dim': 128, 'L3_layers_atom': 2, 'L3_layers_mol': 1, 'L3_out_dim': 96, 'L3_dropout': 0.03810305326453609, 'n_mlp_layers': 3, 'mlp_dim_0': 368, 'mlp_dim_1': 328, 'mlp_dim_2': 112, 'num_heads': 1, 'final_dropout': 0.15603556547649122, 'train_learning_rate': 0.0012296123671594779, 'train_lr_reduce': 0.6}. Best is trial 613 with value: 0.045173268765211105.
[I 2024-12-25 21:18:31,317] Trial 955 finished with value: 0.06805343180894852 and parameters: {'L1_hidden_dim': 64, 'L1_layers_atom': 4, 'L1_layers_mol': 2, 'L1_dropout': 0.22478403282690618, 'L1_out_dim': 64, 'L2_hidden_dim': 240, 'L2_layers_atom': 3, 'L2_layers_mol': 2, 'L2_out_dim': 96, 'L2_dropout': 0.02635957189920691, 'L3_hidden_dim': 112, 'L3_layers_atom': 2, 'L3_layers_mol': 1, 'L3_out_dim': 128, 'L3_dropout': 0.023821689683802088, 'n_mlp_layers': 3, 'mlp_dim_0': 224, 'mlp_dim_1': 384, 'mlp_dim_2': 232, 'num_heads': 1, 'final_dropout': 0.24876519643852552, 'train_learning_rate': 0.0027417142735975905, 'train_lr_reduce': 0.6}. Best is trial 613 with value: 0.045173268765211105.
[I 2024-12-25 21:18:59,601] Trial 956 finished with value: 0.06932350993156433 and parameters: {'L1_hidden_dim': 64, 'L1_layers_atom': 4, 'L1_layers_mol': 2, 'L1_dropout': 0.1822605725095917, 'L1_out_dim': 128, 'L2_hidden_dim': 240, 'L2_layers_atom': 2, 'L2_layers_mol': 2, 'L2_out_dim': 80, 'L2_dropout': 0.03567623117217833, 'L3_hidden_dim': 96, 'L3_layers_atom': 2, 'L3_layers_mol': 1, 'L3_out_dim': 112, 'L3_dropout': 0.069440676439161, 'n_mlp_layers': 3, 'mlp_dim_0': 248, 'mlp_dim_1': 312, 'mlp_dim_2': 112, 'num_heads': 1, 'final_dropout': 0.05757373723460209, 'train_learning_rate': 0.00045628508360539833, 'train_lr_reduce': 0.6}. Best is trial 613 with value: 0.045173268765211105.
[I 2024-12-25 21:19:00,660] Trial 957 finished with value: 0.08507507294416428 and parameters: {'L1_hidden_dim': 80, 'L1_layers_atom': 2, 'L1_layers_mol': 1, 'L1_dropout': 0.2090327971529771, 'L1_out_dim': 96, 'L2_hidden_dim': 208, 'L2_layers_atom': 4, 'L2_layers_mol': 1, 'L2_out_dim': 96, 'L2_dropout': 0.025988582107655207, 'L3_hidden_dim': 80, 'L3_layers_atom': 4, 'L3_layers_mol': 1, 'L3_out_dim': 96, 'L3_dropout': 0.29502596630535316, 'n_mlp_layers': 2, 'mlp_dim_0': 152, 'mlp_dim_1': 216, 'num_heads': 1, 'final_dropout': 0.06559266204994775, 'train_learning_rate': 0.0017659498839509196, 'train_lr_reduce': 0.6}. Best is trial 613 with value: 0.045173268765211105.
[I 2024-12-25 21:19:28,739] Trial 958 finished with value: 0.08010122179985046 and parameters: {'L1_hidden_dim': 112, 'L1_layers_atom': 4, 'L1_layers_mol': 3, 'L1_dropout': 0.2575372945939372, 'L1_out_dim': 96, 'L2_hidden_dim': 240, 'L2_layers_atom': 2, 'L2_layers_mol': 1, 'L2_out_dim': 128, 'L2_dropout': 0.05280384222472969, 'L3_hidden_dim': 32, 'L3_layers_atom': 2, 'L3_layers_mol': 2, 'L3_out_dim': 128, 'L3_dropout': 0.28012405495317244, 'n_mlp_layers': 3, 'mlp_dim_0': 40, 'mlp_dim_1': 392, 'mlp_dim_2': 112, 'num_heads': 1, 'final_dropout': 0.036211019883102255, 'train_learning_rate': 0.0017672354798605404, 'train_lr_reduce': 0.6}. Best is trial 613 with value: 0.045173268765211105.
[I 2024-12-25 21:20:28,596] Trial 960 finished with value: 0.07479208707809448 and parameters: {'L1_hidden_dim': 64, 'L1_layers_atom': 2, 'L1_layers_mol': 2, 'L1_dropout': 0.13764217897894807, 'L1_out_dim': 64, 'L2_hidden_dim': 224, 'L2_layers_atom': 4, 'L2_layers_mol': 4, 'L2_out_dim': 112, 'L2_dropout': 0.09675691520540716, 'L3_hidden_dim': 80, 'L3_layers_atom': 2, 'L3_layers_mol': 1, 'L3_out_dim': 112, 'L3_dropout': 0.1256499016271868, 'n_mlp_layers': 3, 'mlp_dim_0': 432, 'mlp_dim_1': 336, 'mlp_dim_2': 168, 'num_heads': 1, 'final_dropout': 0.08490336483933912, 'train_learning_rate': 0.0014153833468601275, 'train_lr_reduce': 0.6}. Best is trial 613 with value: 0.045173268765211105.
