[I 2024-12-19 23:55:35,570] Trial 389 finished with value: 1.4553873538970947 and parameters: {'mlp_n_layers': 2, 'mlp_dim_00': 269, 'mlp_dim_01': 317, 'node_hidden_dim': 121, 'edge_hidden_dim': 67, 'depth': 1, 'rep_dropout': 0.02655737187806439, 'train_learning_rate': 0.0008549411849538797, 'train_lr_reduce': 0.6}. Best is trial 269 with value: 0.32603323459625244.
[I 2024-12-19 23:55:35,926] Trial 386 finished with value: 0.3891562521457672 and parameters: {'mlp_n_layers': 4, 'mlp_dim_00': 337, 'mlp_dim_01': 385, 'mlp_dim_02': 224, 'mlp_dim_03': 225, 'node_hidden_dim': 105, 'edge_hidden_dim': 47, 'depth': 1, 'rep_dropout': 0.02835549764794628, 'train_learning_rate': 0.00045152196974221776, 'train_lr_reduce': 0.6}. Best is trial 269 with value: 0.32603323459625244.
[I 2024-12-19 23:55:36,346] Trial 390 finished with value: 1.558971643447876 and parameters: {'mlp_n_layers': 3, 'mlp_dim_00': 171, 'mlp_dim_01': 348, 'mlp_dim_02': 291, 'node_hidden_dim': 128, 'edge_hidden_dim': 104, 'depth': 4, 'rep_dropout': 0.0028354969141175385, 'train_learning_rate': 0.00022555333164731156, 'train_lr_reduce': 0.6}. Best is trial 269 with value: 0.32603323459625244.
[I 2024-12-19 23:55:39,067] Trial 392 finished with value: 1.3275572061538696 and parameters: {'mlp_n_layers': 2, 'mlp_dim_00': 108, 'mlp_dim_01': 372, 'node_hidden_dim': 43, 'edge_hidden_dim': 126, 'depth': 2, 'rep_dropout': 0.12006808207442518, 'train_learning_rate': 0.00747420808205231, 'train_lr_reduce': 0.6}. Best is trial 269 with value: 0.32603323459625244.
[I 2024-12-19 23:55:39,458] Trial 393 finished with value: 1.5239096879959106 and parameters: {'mlp_n_layers': 3, 'mlp_dim_00': 256, 'mlp_dim_01': 456, 'mlp_dim_02': 343, 'node_hidden_dim': 109, 'edge_hidden_dim': 49, 'depth': 1, 'rep_dropout': 0.0027015618055313733, 'train_learning_rate': 0.0008615340525217991, 'train_lr_reduce': 0.6}. Best is trial 269 with value: 0.32603323459625244.
[I 2024-12-19 23:55:40,699] Trial 391 finished with value: 1.2736287117004395 and parameters: {'mlp_n_layers': 4, 'mlp_dim_00': 232, 'mlp_dim_01': 304, 'mlp_dim_02': 244, 'mlp_dim_03': 284, 'node_hidden_dim': 111, 'edge_hidden_dim': 80, 'depth': 1, 'rep_dropout': 0.019052533967099158, 'train_learning_rate': 0.0009273955113733989, 'train_lr_reduce': 0.6}. Best is trial 269 with value: 0.32603323459625244.
[I 2024-12-19 23:55:42,236] Trial 394 finished with value: 1.559935212135315 and parameters: {'mlp_n_layers': 4, 'mlp_dim_00': 360, 'mlp_dim_01': 292, 'mlp_dim_02': 177, 'mlp_dim_03': 237, 'node_hidden_dim': 105, 'edge_hidden_dim': 40, 'depth': 1, 'rep_dropout': 0.0063777533175351595, 'train_learning_rate': 0.0005073232835759085, 'train_lr_reduce': 0.6}. Best is trial 269 with value: 0.32603323459625244.
[I 2024-12-19 23:55:42,350] Trial 395 finished with value: 1.4867331981658936 and parameters: {'mlp_n_layers': 3, 'mlp_dim_00': 330, 'mlp_dim_01': 354, 'mlp_dim_02': 270, 'node_hidden_dim': 103, 'edge_hidden_dim': 68, 'depth': 1, 'rep_dropout': 0.01780301102831279, 'train_learning_rate': 0.0016927574720563205, 'train_lr_reduce': 0.6}. Best is trial 269 with value: 0.32603323459625244.
[I 2024-12-19 23:55:45,466] Trial 397 finished with value: 1.571441411972046 and parameters: {'mlp_n_layers': 4, 'mlp_dim_00': 338, 'mlp_dim_01': 266, 'mlp_dim_02': 260, 'mlp_dim_03': 265, 'node_hidden_dim': 60, 'edge_hidden_dim': 34, 'depth': 1, 'rep_dropout': 0.001252721146973888, 'train_learning_rate': 0.0008322898858678228, 'train_lr_reduce': 0.6}. Best is trial 269 with value: 0.32603323459625244.
[I 2024-12-19 23:55:53,853] Trial 399 finished with value: 1.3322453498840332 and parameters: {'mlp_n_layers': 4, 'mlp_dim_00': 222, 'mlp_dim_01': 391, 'mlp_dim_02': 330, 'mlp_dim_03': 331, 'node_hidden_dim': 121, 'edge_hidden_dim': 68, 'depth': 2, 'rep_dropout': 0.11123270761648013, 'train_learning_rate': 0.0007766931403757058, 'train_lr_reduce': 0.6}. Best is trial 269 with value: 0.32603323459625244.
[I 2024-12-19 23:55:57,684] Trial 400 finished with value: 1.5284587144851685 and parameters: {'mlp_n_layers': 4, 'mlp_dim_00': 383, 'mlp_dim_01': 310, 'mlp_dim_02': 214, 'mlp_dim_03': 261, 'node_hidden_dim': 52, 'edge_hidden_dim': 35, 'depth': 1, 'rep_dropout': 0.044513353809879454, 'train_learning_rate': 0.0021687804124226493, 'train_lr_reduce': 0.6}. Best is trial 269 with value: 0.32603323459625244.
[I 2024-12-19 23:56:00,125] Trial 398 finished with value: 0.3706960380077362 and parameters: {'mlp_n_layers': 4, 'mlp_dim_00': 143, 'mlp_dim_01': 350, 'mlp_dim_02': 147, 'mlp_dim_03': 200, 'node_hidden_dim': 72, 'edge_hidden_dim': 55, 'depth': 1, 'rep_dropout': 0.04318047798175128, 'train_learning_rate': 0.00477830043968771, 'train_lr_reduce': 0.6}. Best is trial 269 with value: 0.32603323459625244.
[I 2024-12-19 23:56:01,246] Trial 401 finished with value: 1.5663986206054688 and parameters: {'mlp_n_layers': 2, 'mlp_dim_00': 192, 'mlp_dim_01': 245, 'node_hidden_dim': 85, 'edge_hidden_dim': 50, 'depth': 1, 'rep_dropout': 0.13264090715242105, 'train_learning_rate': 0.000424928572854325, 'train_lr_reduce': 0.6}. Best is trial 269 with value: 0.32603323459625244.
[I 2024-12-19 23:56:03,795] Trial 402 finished with value: 1.3208328485488892 and parameters: {'mlp_n_layers': 2, 'mlp_dim_00': 350, 'mlp_dim_01': 359, 'node_hidden_dim': 112, 'edge_hidden_dim': 33, 'depth': 1, 'rep_dropout': 0.017687029495791314, 'train_learning_rate': 0.004094087476299736, 'train_lr_reduce': 0.6}. Best is trial 269 with value: 0.32603323459625244.
[I 2024-12-19 23:56:08,578] Trial 404 finished with value: 1.5666673183441162 and parameters: {'mlp_n_layers': 3, 'mlp_dim_00': 368, 'mlp_dim_01': 395, 'mlp_dim_02': 198, 'node_hidden_dim': 111, 'edge_hidden_dim': 54, 'depth': 2, 'rep_dropout': 0.031243531988344835, 'train_learning_rate': 0.0007617486403538354, 'train_lr_reduce': 0.6}. Best is trial 269 with value: 0.32603323459625244.
[I 2024-12-19 23:56:15,225] Trial 396 finished with value: 0.38674628734588623 and parameters: {'mlp_n_layers': 4, 'mlp_dim_00': 469, 'mlp_dim_01': 423, 'mlp_dim_02': 212, 'mlp_dim_03': 321, 'node_hidden_dim': 88, 'edge_hidden_dim': 72, 'depth': 1, 'rep_dropout': 0.007874111007009122, 'train_learning_rate': 0.001003553276968476, 'train_lr_reduce': 0.6}. Best is trial 269 with value: 0.32603323459625244.
[I 2024-12-19 23:56:19,049] Trial 406 finished with value: 1.4850283861160278 and parameters: {'mlp_n_layers': 2, 'mlp_dim_00': 495, 'mlp_dim_01': 339, 'node_hidden_dim': 116, 'edge_hidden_dim': 75, 'depth': 1, 'rep_dropout': 0.021276183493255947, 'train_learning_rate': 0.000732714181394215, 'train_lr_reduce': 0.6}. Best is trial 269 with value: 0.32603323459625244.
[I 2024-12-19 23:56:22,403] Trial 407 finished with value: 1.5680280923843384 and parameters: {'mlp_n_layers': 3, 'mlp_dim_00': 355, 'mlp_dim_01': 402, 'mlp_dim_02': 291, 'node_hidden_dim': 101, 'edge_hidden_dim': 50, 'depth': 1, 'rep_dropout': 0.008254997372837325, 'train_learning_rate': 0.0006613212869231215, 'train_lr_reduce': 0.6}. Best is trial 269 with value: 0.32603323459625244.
[I 2024-12-19 23:56:23,438] Trial 405 finished with value: 0.3674562871456146 and parameters: {'mlp_n_layers': 4, 'mlp_dim_00': 165, 'mlp_dim_01': 246, 'mlp_dim_02': 108, 'mlp_dim_03': 324, 'node_hidden_dim': 93, 'edge_hidden_dim': 47, 'depth': 1, 'rep_dropout': 0.013391481385071959, 'train_learning_rate': 0.004239613292321128, 'train_lr_reduce': 0.6}. Best is trial 269 with value: 0.32603323459625244.
[I 2024-12-19 23:56:23,675] Trial 403 finished with value: 0.3500863015651703 and parameters: {'mlp_n_layers': 4, 'mlp_dim_00': 371, 'mlp_dim_01': 301, 'mlp_dim_02': 274, 'mlp_dim_03': 205, 'node_hidden_dim': 123, 'edge_hidden_dim': 32, 'depth': 1, 'rep_dropout': 0.004014036764629038, 'train_learning_rate': 0.000648531249262271, 'train_lr_reduce': 0.6}. Best is trial 269 with value: 0.32603323459625244.
[I 2024-12-19 23:56:26,045] Trial 408 finished with value: 1.410106897354126 and parameters: {'mlp_n_layers': 3, 'mlp_dim_00': 338, 'mlp_dim_01': 285, 'mlp_dim_02': 389, 'node_hidden_dim': 71, 'edge_hidden_dim': 34, 'depth': 2, 'rep_dropout': 0.005422198742315766, 'train_learning_rate': 0.004591687399241868, 'train_lr_reduce': 0.6}. Best is trial 269 with value: 0.32603323459625244.
[I 2024-12-19 23:56:26,995] Trial 409 finished with value: 1.3685555458068848 and parameters: {'mlp_n_layers': 1, 'mlp_dim_00': 486, 'node_hidden_dim': 77, 'edge_hidden_dim': 97, 'depth': 3, 'rep_dropout': 0.12889268410754076, 'train_learning_rate': 0.0035509596623495908, 'train_lr_reduce': 0.6}. Best is trial 269 with value: 0.32603323459625244.
[I 2024-12-19 23:56:29,392] Trial 411 finished with value: 1.5430024862289429 and parameters: {'mlp_n_layers': 4, 'mlp_dim_00': 258, 'mlp_dim_01': 283, 'mlp_dim_02': 271, 'mlp_dim_03': 179, 'node_hidden_dim': 36, 'edge_hidden_dim': 125, 'depth': 2, 'rep_dropout': 0.011083145478990766, 'train_learning_rate': 0.00019909047234133395, 'train_lr_reduce': 0.6}. Best is trial 269 with value: 0.32603323459625244.
[I 2024-12-19 23:56:30,688] Trial 412 finished with value: 1.4287596940994263 and parameters: {'mlp_n_layers': 1, 'mlp_dim_00': 180, 'node_hidden_dim': 32, 'edge_hidden_dim': 68, 'depth': 2, 'rep_dropout': 0.14517620364002692, 'train_learning_rate': 0.006487012083256876, 'train_lr_reduce': 0.6}. Best is trial 269 with value: 0.32603323459625244.
[I 2024-12-19 23:56:33,373] Trial 413 finished with value: 1.5838165283203125 and parameters: {'mlp_n_layers': 4, 'mlp_dim_00': 351, 'mlp_dim_01': 246, 'mlp_dim_02': 262, 'mlp_dim_03': 199, 'node_hidden_dim': 115, 'edge_hidden_dim': 34, 'depth': 1, 'rep_dropout': 0.003974875017219262, 'train_learning_rate': 0.0003365826096126054, 'train_lr_reduce': 0.6}. Best is trial 269 with value: 0.32603323459625244.
[I 2024-12-19 23:56:34,050] Trial 414 finished with value: 1.5627710819244385 and parameters: {'mlp_n_layers': 3, 'mlp_dim_00': 179, 'mlp_dim_01': 293, 'mlp_dim_02': 320, 'node_hidden_dim': 64, 'edge_hidden_dim': 105, 'depth': 1, 'rep_dropout': 0.02276818858481538, 'train_learning_rate': 0.0006138334635591314, 'train_lr_reduce': 0.6}. Best is trial 269 with value: 0.32603323459625244.
[I 2024-12-19 23:56:36,391] Trial 415 finished with value: 1.5597769021987915 and parameters: {'mlp_n_layers': 4, 'mlp_dim_00': 264, 'mlp_dim_01': 421, 'mlp_dim_02': 242, 'mlp_dim_03': 219, 'node_hidden_dim': 124, 'edge_hidden_dim': 53, 'depth': 1, 'rep_dropout': 0.0024938558501733984, 'train_learning_rate': 0.0006439323692584442, 'train_lr_reduce': 0.6}. Best is trial 269 with value: 0.32603323459625244.
[I 2024-12-19 23:56:37,877] Trial 410 finished with value: 0.39967575669288635 and parameters: {'mlp_n_layers': 4, 'mlp_dim_00': 228, 'mlp_dim_01': 238, 'mlp_dim_02': 280, 'mlp_dim_03': 138, 'node_hidden_dim': 95, 'edge_hidden_dim': 42, 'depth': 1, 'rep_dropout': 0.14098045211302923, 'train_learning_rate': 0.0007950059522178381, 'train_lr_reduce': 0.6}. Best is trial 269 with value: 0.32603323459625244.
[I 2024-12-19 23:56:40,214] Trial 417 finished with value: 1.5811653137207031 and parameters: {'mlp_n_layers': 4, 'mlp_dim_00': 399, 'mlp_dim_01': 295, 'mlp_dim_02': 308, 'mlp_dim_03': 188, 'node_hidden_dim': 128, 'edge_hidden_dim': 54, 'depth': 1, 'rep_dropout': 0.04214862310234793, 'train_learning_rate': 0.000320472950320583, 'train_lr_reduce': 0.6}. Best is trial 269 with value: 0.32603323459625244.
[I 2024-12-19 23:56:41,286] Trial 418 finished with value: 1.3743335008621216 and parameters: {'mlp_n_layers': 4, 'mlp_dim_00': 456, 'mlp_dim_01': 332, 'mlp_dim_02': 193, 'mlp_dim_03': 264, 'node_hidden_dim': 109, 'edge_hidden_dim': 59, 'depth': 1, 'rep_dropout': 0.06292472469500165, 'train_learning_rate': 0.003948560206272066, 'train_lr_reduce': 0.6}. Best is trial 269 with value: 0.32603323459625244.
[I 2024-12-19 23:56:44,295] Trial 419 finished with value: 1.2867528200149536 and parameters: {'mlp_n_layers': 4, 'mlp_dim_00': 406, 'mlp_dim_01': 511, 'mlp_dim_02': 256, 'mlp_dim_03': 242, 'node_hidden_dim': 100, 'edge_hidden_dim': 42, 'depth': 2, 'rep_dropout': 0.010448427025366802, 'train_learning_rate': 0.009573067968781162, 'train_lr_reduce': 0.6}. Best is trial 269 with value: 0.32603323459625244.
[I 2024-12-19 23:56:44,870] Trial 420 finished with value: 1.2868566513061523 and parameters: {'mlp_n_layers': 4, 'mlp_dim_00': 422, 'mlp_dim_01': 376, 'mlp_dim_02': 222, 'mlp_dim_03': 489, 'node_hidden_dim': 41, 'edge_hidden_dim': 50, 'depth': 1, 'rep_dropout': 0.002584545057380926, 'train_learning_rate': 0.005375559693659315, 'train_lr_reduce': 0.6}. Best is trial 269 with value: 0.32603323459625244.
[I 2024-12-19 23:56:56,433] Trial 416 finished with value: 0.369128555059433 and parameters: {'mlp_n_layers': 4, 'mlp_dim_00': 367, 'mlp_dim_01': 213, 'mlp_dim_02': 246, 'mlp_dim_03': 233, 'node_hidden_dim': 117, 'edge_hidden_dim': 38, 'depth': 1, 'rep_dropout': 0.037666777093520155, 'train_learning_rate': 0.0007932612057253628, 'train_lr_reduce': 0.6}. Best is trial 269 with value: 0.32603323459625244.
[I 2024-12-19 23:57:04,054] Trial 422 finished with value: 0.4025154113769531 and parameters: {'mlp_n_layers': 4, 'mlp_dim_00': 342, 'mlp_dim_01': 183, 'mlp_dim_02': 162, 'mlp_dim_03': 286, 'node_hidden_dim': 51, 'edge_hidden_dim': 54, 'depth': 1, 'rep_dropout': 0.008176718085779095, 'train_learning_rate': 0.001884512002778147, 'train_lr_reduce': 0.6}. Best is trial 269 with value: 0.32603323459625244.
[I 2024-12-19 23:57:05,653] Trial 421 finished with value: 0.351164311170578 and parameters: {'mlp_n_layers': 4, 'mlp_dim_00': 280, 'mlp_dim_01': 235, 'mlp_dim_02': 296, 'mlp_dim_03': 362, 'node_hidden_dim': 94, 'edge_hidden_dim': 52, 'depth': 1, 'rep_dropout': 0.0327637687426123, 'train_learning_rate': 0.0010710836282764164, 'train_lr_reduce': 0.6}. Best is trial 269 with value: 0.32603323459625244.
[I 2024-12-19 23:57:07,177] Trial 423 finished with value: 1.3611066341400146 and parameters: {'mlp_n_layers': 4, 'mlp_dim_00': 508, 'mlp_dim_01': 360, 'mlp_dim_02': 242, 'mlp_dim_03': 205, 'node_hidden_dim': 113, 'edge_hidden_dim': 39, 'depth': 4, 'rep_dropout': 0.07113887740027827, 'train_learning_rate': 0.0007450406146112507, 'train_lr_reduce': 0.6}. Best is trial 269 with value: 0.32603323459625244.
[I 2024-12-19 23:57:13,409] Trial 425 finished with value: 1.3941282033920288 and parameters: {'mlp_n_layers': 3, 'mlp_dim_00': 450, 'mlp_dim_01': 246, 'mlp_dim_02': 350, 'node_hidden_dim': 60, 'edge_hidden_dim': 111, 'depth': 4, 'rep_dropout': 0.052901584060511334, 'train_learning_rate': 0.003700021553298583, 'train_lr_reduce': 0.6}. Best is trial 269 with value: 0.32603323459625244.
[I 2024-12-19 23:57:17,575] Trial 424 finished with value: 0.410349577665329 and parameters: {'mlp_n_layers': 4, 'mlp_dim_00': 410, 'mlp_dim_01': 286, 'mlp_dim_02': 294, 'mlp_dim_03': 276, 'node_hidden_dim': 124, 'edge_hidden_dim': 38, 'depth': 1, 'rep_dropout': 0.02686079867003674, 'train_learning_rate': 0.0008767599527711632, 'train_lr_reduce': 0.6}. Best is trial 269 with value: 0.32603323459625244.
[I 2024-12-19 23:57:18,871] Trial 426 finished with value: 0.43601110577583313 and parameters: {'mlp_n_layers': 4, 'mlp_dim_00': 487, 'mlp_dim_01': 209, 'mlp_dim_02': 321, 'mlp_dim_03': 359, 'node_hidden_dim': 107, 'edge_hidden_dim': 65, 'depth': 1, 'rep_dropout': 0.016118199078454205, 'train_learning_rate': 0.0019523442192705479, 'train_lr_reduce': 0.6}. Best is trial 269 with value: 0.32603323459625244.
[I 2024-12-19 23:57:20,887] Trial 428 finished with value: 1.4860762357711792 and parameters: {'mlp_n_layers': 4, 'mlp_dim_00': 325, 'mlp_dim_01': 238, 'mlp_dim_02': 168, 'mlp_dim_03': 335, 'node_hidden_dim': 84, 'edge_hidden_dim': 67, 'depth': 2, 'rep_dropout': 0.025741811829601308, 'train_learning_rate': 0.0016781407393099523, 'train_lr_reduce': 0.6}. Best is trial 269 with value: 0.32603323459625244.
[I 2024-12-19 23:57:29,382] Trial 427 finished with value: 0.4130885899066925 and parameters: {'mlp_n_layers': 3, 'mlp_dim_00': 328, 'mlp_dim_01': 242, 'mlp_dim_02': 306, 'node_hidden_dim': 114, 'edge_hidden_dim': 51, 'depth': 2, 'rep_dropout': 0.0005069487823887546, 'train_learning_rate': 0.0019866124217299505, 'train_lr_reduce': 0.6}. Best is trial 269 with value: 0.32603323459625244.
[I 2024-12-19 23:57:32,580] Trial 431 finished with value: 1.4556257724761963 and parameters: {'mlp_n_layers': 3, 'mlp_dim_00': 505, 'mlp_dim_01': 300, 'mlp_dim_02': 450, 'node_hidden_dim': 121, 'edge_hidden_dim': 84, 'depth': 2, 'rep_dropout': 0.019578048177823496, 'train_learning_rate': 0.002134682118492972, 'train_lr_reduce': 0.6}. Best is trial 269 with value: 0.32603323459625244.
[I 2024-12-19 23:57:32,600] Trial 430 finished with value: 0.3723592162132263 and parameters: {'mlp_n_layers': 4, 'mlp_dim_00': 231, 'mlp_dim_01': 441, 'mlp_dim_02': 399, 'mlp_dim_03': 224, 'node_hidden_dim': 98, 'edge_hidden_dim': 60, 'depth': 1, 'rep_dropout': 0.039066729439368175, 'train_learning_rate': 0.0008232597081048893, 'train_lr_reduce': 0.6}. Best is trial 269 with value: 0.32603323459625244.
[I 2024-12-19 23:57:34,091] Trial 429 finished with value: 0.33953163027763367 and parameters: {'mlp_n_layers': 4, 'mlp_dim_00': 284, 'mlp_dim_01': 259, 'mlp_dim_02': 297, 'mlp_dim_03': 326, 'node_hidden_dim': 95, 'edge_hidden_dim': 63, 'depth': 1, 'rep_dropout': 0.015044036978479182, 'train_learning_rate': 0.0011631735475312655, 'train_lr_reduce': 0.6}. Best is trial 269 with value: 0.32603323459625244.
[I 2024-12-19 23:57:36,388] Trial 432 finished with value: 1.574845314025879 and parameters: {'mlp_n_layers': 3, 'mlp_dim_00': 469, 'mlp_dim_01': 220, 'mlp_dim_02': 286, 'node_hidden_dim': 120, 'edge_hidden_dim': 39, 'depth': 1, 'rep_dropout': 0.0009382685223095228, 'train_learning_rate': 0.000372012385944891, 'train_lr_reduce': 0.6}. Best is trial 269 with value: 0.32603323459625244.
[I 2024-12-19 23:57:40,319] Trial 435 finished with value: 1.555276870727539 and parameters: {'mlp_n_layers': 4, 'mlp_dim_00': 274, 'mlp_dim_01': 289, 'mlp_dim_02': 300, 'mlp_dim_03': 338, 'node_hidden_dim': 106, 'edge_hidden_dim': 43, 'depth': 2, 'rep_dropout': 0.03896110804175928, 'train_learning_rate': 0.0010594347131517247, 'train_lr_reduce': 0.6}. Best is trial 269 with value: 0.32603323459625244.
[I 2024-12-19 23:57:43,799] Trial 436 finished with value: 1.454393744468689 and parameters: {'mlp_n_layers': 3, 'mlp_dim_00': 254, 'mlp_dim_01': 320, 'mlp_dim_02': 278, 'node_hidden_dim': 87, 'edge_hidden_dim': 63, 'depth': 1, 'rep_dropout': 0.026677874041899176, 'train_learning_rate': 0.0017491060405432014, 'train_lr_reduce': 0.6}. Best is trial 269 with value: 0.32603323459625244.
[I 2024-12-19 23:57:49,802] Trial 437 finished with value: 1.575007438659668 and parameters: {'mlp_n_layers': 2, 'mlp_dim_00': 193, 'mlp_dim_01': 266, 'node_hidden_dim': 84, 'edge_hidden_dim': 53, 'depth': 3, 'rep_dropout': 0.07613181860649021, 'train_learning_rate': 0.0001140864097436795, 'train_lr_reduce': 0.6}. Best is trial 269 with value: 0.32603323459625244.
[I 2024-12-19 23:57:50,539] Trial 433 finished with value: 0.34387004375457764 and parameters: {'mlp_n_layers': 4, 'mlp_dim_00': 234, 'mlp_dim_01': 383, 'mlp_dim_02': 286, 'mlp_dim_03': 292, 'node_hidden_dim': 69, 'edge_hidden_dim': 50, 'depth': 1, 'rep_dropout': 0.03342339560590352, 'train_learning_rate': 0.002860500995833759, 'train_lr_reduce': 0.6}. Best is trial 269 with value: 0.32603323459625244.
[I 2024-12-19 23:57:54,652] Trial 438 finished with value: 1.5188384056091309 and parameters: {'mlp_n_layers': 3, 'mlp_dim_00': 368, 'mlp_dim_01': 347, 'mlp_dim_02': 315, 'node_hidden_dim': 95, 'edge_hidden_dim': 50, 'depth': 1, 'rep_dropout': 0.042695001078505684, 'train_learning_rate': 0.001132789168822066, 'train_lr_reduce': 0.6}. Best is trial 269 with value: 0.32603323459625244.
[I 2024-12-19 23:57:59,134] Trial 440 finished with value: 1.505871057510376 and parameters: {'mlp_n_layers': 4, 'mlp_dim_00': 250, 'mlp_dim_01': 444, 'mlp_dim_02': 284, 'mlp_dim_03': 304, 'node_hidden_dim': 62, 'edge_hidden_dim': 44, 'depth': 1, 'rep_dropout': 0.05811289985168936, 'train_learning_rate': 0.0018791070850401625, 'train_lr_reduce': 0.6}. Best is trial 269 with value: 0.32603323459625244.
[I 2024-12-19 23:58:02,525] Trial 434 finished with value: 0.40739908814430237 and parameters: {'mlp_n_layers': 4, 'mlp_dim_00': 327, 'mlp_dim_01': 271, 'mlp_dim_02': 326, 'mlp_dim_03': 328, 'node_hidden_dim': 92, 'edge_hidden_dim': 62, 'depth': 1, 'rep_dropout': 0.01406839195105257, 'train_learning_rate': 0.0005974304975259889, 'train_lr_reduce': 0.6}. Best is trial 269 with value: 0.32603323459625244.
[I 2024-12-19 23:58:03,435] Trial 441 finished with value: 1.3756778240203857 and parameters: {'mlp_n_layers': 4, 'mlp_dim_00': 290, 'mlp_dim_01': 416, 'mlp_dim_02': 278, 'mlp_dim_03': 335, 'node_hidden_dim': 42, 'edge_hidden_dim': 52, 'depth': 2, 'rep_dropout': 0.04713625954167178, 'train_learning_rate': 0.005852208827498597, 'train_lr_reduce': 0.6}. Best is trial 269 with value: 0.32603323459625244.
[I 2024-12-19 23:58:05,363] Trial 439 finished with value: 0.36552169919013977 and parameters: {'mlp_n_layers': 4, 'mlp_dim_00': 300, 'mlp_dim_01': 389, 'mlp_dim_02': 297, 'mlp_dim_03': 309, 'node_hidden_dim': 78, 'edge_hidden_dim': 60, 'depth': 1, 'rep_dropout': 0.01911084120466806, 'train_learning_rate': 0.0016531540702498298, 'train_lr_reduce': 0.6}. Best is trial 269 with value: 0.32603323459625244.
[I 2024-12-19 23:58:07,539] Trial 443 finished with value: 1.294101357460022 and parameters: {'mlp_n_layers': 4, 'mlp_dim_00': 171, 'mlp_dim_01': 394, 'mlp_dim_02': 265, 'mlp_dim_03': 292, 'node_hidden_dim': 36, 'edge_hidden_dim': 33, 'depth': 1, 'rep_dropout': 0.011316284594881893, 'train_learning_rate': 0.0063549960908415495, 'train_lr_reduce': 0.6}. Best is trial 269 with value: 0.32603323459625244.
