[I 2024-12-20 01:12:26,124] Trial 1768 finished with value: 0.36224234104156494 and parameters: {'mlp_n_layers': 4, 'mlp_dim_00': 488, 'mlp_dim_01': 331, 'mlp_dim_02': 370, 'mlp_dim_03': 509, 'node_hidden_dim': 98, 'edge_hidden_dim': 34, 'depth': 1, 'rep_dropout': 0.04403370235497597, 'train_learning_rate': 0.0029898991835338976, 'train_lr_reduce': 0.6}. Best is trial 558 with value: 0.30280801653862.
[I 2024-12-20 01:12:27,026] Trial 1770 finished with value: 1.4579674005508423 and parameters: {'mlp_n_layers': 3, 'mlp_dim_00': 492, 'mlp_dim_01': 382, 'mlp_dim_02': 293, 'node_hidden_dim': 128, 'edge_hidden_dim': 37, 'depth': 2, 'rep_dropout': 0.026862488098834743, 'train_learning_rate': 0.0016287436147830853, 'train_lr_reduce': 0.6}. Best is trial 558 with value: 0.30280801653862.
[I 2024-12-20 01:12:30,291] Trial 1772 finished with value: 1.5368669033050537 and parameters: {'mlp_n_layers': 4, 'mlp_dim_00': 381, 'mlp_dim_01': 381, 'mlp_dim_02': 380, 'mlp_dim_03': 453, 'node_hidden_dim': 107, 'edge_hidden_dim': 33, 'depth': 1, 'rep_dropout': 0.06106105466732669, 'train_learning_rate': 0.0008853975904624933, 'train_lr_reduce': 0.6}. Best is trial 558 with value: 0.30280801653862.
[I 2024-12-20 01:12:31,198] Trial 1773 finished with value: 1.496799111366272 and parameters: {'mlp_n_layers': 3, 'mlp_dim_00': 471, 'mlp_dim_01': 97, 'mlp_dim_02': 415, 'node_hidden_dim': 104, 'edge_hidden_dim': 33, 'depth': 1, 'rep_dropout': 0.018259943004025583, 'train_learning_rate': 0.0013019084186925327, 'train_lr_reduce': 0.6}. Best is trial 558 with value: 0.30280801653862.
[I 2024-12-20 01:12:34,579] Trial 1774 finished with value: 1.5249943733215332 and parameters: {'mlp_n_layers': 4, 'mlp_dim_00': 400, 'mlp_dim_01': 329, 'mlp_dim_02': 340, 'mlp_dim_03': 445, 'node_hidden_dim': 122, 'edge_hidden_dim': 40, 'depth': 1, 'rep_dropout': 0.0427555293135437, 'train_learning_rate': 0.0011267956757550124, 'train_lr_reduce': 0.6}. Best is trial 558 with value: 0.30280801653862.
[I 2024-12-20 01:12:44,807] Trial 1771 finished with value: 0.3328229486942291 and parameters: {'mlp_n_layers': 4, 'mlp_dim_00': 494, 'mlp_dim_01': 326, 'mlp_dim_02': 347, 'mlp_dim_03': 448, 'node_hidden_dim': 103, 'edge_hidden_dim': 33, 'depth': 1, 'rep_dropout': 0.02240661469975574, 'train_learning_rate': 0.0016623202735625256, 'train_lr_reduce': 0.6}. Best is trial 558 with value: 0.30280801653862.
[I 2024-12-20 01:12:46,808] Trial 1775 finished with value: 0.4544455111026764 and parameters: {'mlp_n_layers': 4, 'mlp_dim_00': 412, 'mlp_dim_01': 376, 'mlp_dim_02': 424, 'mlp_dim_03': 154, 'node_hidden_dim': 105, 'edge_hidden_dim': 37, 'depth': 1, 'rep_dropout': 0.027242299008215346, 'train_learning_rate': 0.0023425071626390487, 'train_lr_reduce': 0.6}. Best is trial 558 with value: 0.30280801653862.
[I 2024-12-20 01:12:48,604] Trial 1777 finished with value: 1.35255765914917 and parameters: {'mlp_n_layers': 2, 'mlp_dim_00': 479, 'mlp_dim_01': 319, 'node_hidden_dim': 34, 'edge_hidden_dim': 124, 'depth': 1, 'rep_dropout': 0.12512454638369422, 'train_learning_rate': 0.0011753295391422854, 'train_lr_reduce': 0.6}. Best is trial 558 with value: 0.30280801653862.
[I 2024-12-20 01:12:51,308] Trial 1778 finished with value: 1.473144769668579 and parameters: {'mlp_n_layers': 4, 'mlp_dim_00': 320, 'mlp_dim_01': 381, 'mlp_dim_02': 301, 'mlp_dim_03': 509, 'node_hidden_dim': 99, 'edge_hidden_dim': 45, 'depth': 1, 'rep_dropout': 0.023273617159050394, 'train_learning_rate': 0.0017706507389260381, 'train_lr_reduce': 0.6}. Best is trial 558 with value: 0.30280801653862.
[I 2024-12-20 01:12:51,391] Trial 1776 finished with value: 0.3668096661567688 and parameters: {'mlp_n_layers': 4, 'mlp_dim_00': 410, 'mlp_dim_01': 337, 'mlp_dim_02': 373, 'mlp_dim_03': 511, 'node_hidden_dim': 103, 'edge_hidden_dim': 52, 'depth': 1, 'rep_dropout': 0.03414873795247629, 'train_learning_rate': 0.001242247242350879, 'train_lr_reduce': 0.6}. Best is trial 558 with value: 0.30280801653862.
[I 2024-12-20 01:12:53,852] Trial 1779 finished with value: 1.337659478187561 and parameters: {'mlp_n_layers': 3, 'mlp_dim_00': 181, 'mlp_dim_01': 350, 'mlp_dim_02': 383, 'node_hidden_dim': 83, 'edge_hidden_dim': 35, 'depth': 1, 'rep_dropout': 0.05089956085103002, 'train_learning_rate': 0.0028077478730097203, 'train_lr_reduce': 0.6}. Best is trial 558 with value: 0.30280801653862.
[I 2024-12-20 01:12:56,180] Trial 1780 finished with value: 1.506813883781433 and parameters: {'mlp_n_layers': 4, 'mlp_dim_00': 498, 'mlp_dim_01': 310, 'mlp_dim_02': 346, 'mlp_dim_03': 400, 'node_hidden_dim': 108, 'edge_hidden_dim': 41, 'depth': 1, 'rep_dropout': 0.07073645089257566, 'train_learning_rate': 0.0015263964936506728, 'train_lr_reduce': 0.6}. Best is trial 558 with value: 0.30280801653862.
[I 2024-12-20 01:12:56,367] Trial 1781 finished with value: 1.3265767097473145 and parameters: {'mlp_n_layers': 3, 'mlp_dim_00': 435, 'mlp_dim_01': 393, 'mlp_dim_02': 424, 'node_hidden_dim': 101, 'edge_hidden_dim': 43, 'depth': 2, 'rep_dropout': 0.06733552582561399, 'train_learning_rate': 0.0030288930203831214, 'train_lr_reduce': 0.6}. Best is trial 558 with value: 0.30280801653862.
[I 2024-12-20 01:13:00,800] Trial 1783 finished with value: 1.5518327951431274 and parameters: {'mlp_n_layers': 4, 'mlp_dim_00': 184, 'mlp_dim_01': 346, 'mlp_dim_02': 303, 'mlp_dim_03': 511, 'node_hidden_dim': 82, 'edge_hidden_dim': 32, 'depth': 1, 'rep_dropout': 0.03648706263083211, 'train_learning_rate': 0.0016430889607083835, 'train_lr_reduce': 0.6}. Best is trial 558 with value: 0.30280801653862.
[I 2024-12-20 01:13:06,066] Trial 1785 finished with value: 1.516998529434204 and parameters: {'mlp_n_layers': 4, 'mlp_dim_00': 278, 'mlp_dim_01': 385, 'mlp_dim_02': 339, 'mlp_dim_03': 444, 'node_hidden_dim': 91, 'edge_hidden_dim': 32, 'depth': 2, 'rep_dropout': 0.06524697785764022, 'train_learning_rate': 0.0016374844320685086, 'train_lr_reduce': 0.6}. Best is trial 558 with value: 0.30280801653862.
[I 2024-12-20 01:13:11,384] Trial 1786 finished with value: 1.574202060699463 and parameters: {'mlp_n_layers': 4, 'mlp_dim_00': 421, 'mlp_dim_01': 303, 'mlp_dim_02': 383, 'mlp_dim_03': 390, 'node_hidden_dim': 85, 'edge_hidden_dim': 32, 'depth': 1, 'rep_dropout': 0.03398963986501847, 'train_learning_rate': 0.0006523199783062348, 'train_lr_reduce': 0.6}. Best is trial 558 with value: 0.30280801653862.
[I 2024-12-20 01:13:15,597] Trial 1787 finished with value: 1.547598123550415 and parameters: {'mlp_n_layers': 4, 'mlp_dim_00': 410, 'mlp_dim_01': 351, 'mlp_dim_02': 421, 'mlp_dim_03': 117, 'node_hidden_dim': 113, 'edge_hidden_dim': 33, 'depth': 1, 'rep_dropout': 0.03091449688207866, 'train_learning_rate': 0.0005912766264738574, 'train_lr_reduce': 0.6}. Best is trial 558 with value: 0.30280801653862.
[I 2024-12-20 01:13:20,807] Trial 1788 finished with value: 1.550474762916565 and parameters: {'mlp_n_layers': 3, 'mlp_dim_00': 89, 'mlp_dim_01': 244, 'mlp_dim_02': 345, 'node_hidden_dim': 82, 'edge_hidden_dim': 112, 'depth': 3, 'rep_dropout': 0.023256887548656013, 'train_learning_rate': 0.00118109045195723, 'train_lr_reduce': 0.6}. Best is trial 558 with value: 0.30280801653862.
[I 2024-12-20 01:13:25,295] Trial 1789 finished with value: 1.5137287378311157 and parameters: {'mlp_n_layers': 4, 'mlp_dim_00': 496, 'mlp_dim_01': 395, 'mlp_dim_02': 295, 'mlp_dim_03': 403, 'node_hidden_dim': 117, 'edge_hidden_dim': 32, 'depth': 1, 'rep_dropout': 0.003484168109017817, 'train_learning_rate': 0.00095743429041273, 'train_lr_reduce': 0.6}. Best is trial 558 with value: 0.30280801653862.
[I 2024-12-20 01:13:27,454] Trial 1784 finished with value: 0.3799344599246979 and parameters: {'mlp_n_layers': 4, 'mlp_dim_00': 368, 'mlp_dim_01': 225, 'mlp_dim_02': 423, 'mlp_dim_03': 396, 'node_hidden_dim': 101, 'edge_hidden_dim': 39, 'depth': 1, 'rep_dropout': 0.04044376147111105, 'train_learning_rate': 0.0013599041217505238, 'train_lr_reduce': 0.6}. Best is trial 558 with value: 0.30280801653862.
[I 2024-12-20 01:13:29,719] Trial 1790 finished with value: 1.4213670492172241 and parameters: {'mlp_n_layers': 4, 'mlp_dim_00': 464, 'mlp_dim_01': 315, 'mlp_dim_02': 382, 'mlp_dim_03': 455, 'node_hidden_dim': 128, 'edge_hidden_dim': 33, 'depth': 1, 'rep_dropout': 0.04544403892990953, 'train_learning_rate': 0.003949773343240975, 'train_lr_reduce': 0.6}. Best is trial 558 with value: 0.30280801653862.
[I 2024-12-20 01:13:30,197] Trial 1782 finished with value: 0.3408395051956177 and parameters: {'mlp_n_layers': 4, 'mlp_dim_00': 506, 'mlp_dim_01': 310, 'mlp_dim_02': 385, 'mlp_dim_03': 442, 'node_hidden_dim': 128, 'edge_hidden_dim': 41, 'depth': 1, 'rep_dropout': 0.06455420527405747, 'train_learning_rate': 0.0007874191889211629, 'train_lr_reduce': 0.6}. Best is trial 558 with value: 0.30280801653862.
[I 2024-12-20 01:13:31,947] Trial 1791 finished with value: 1.2847265005111694 and parameters: {'mlp_n_layers': 3, 'mlp_dim_00': 433, 'mlp_dim_01': 353, 'mlp_dim_02': 423, 'node_hidden_dim': 101, 'edge_hidden_dim': 49, 'depth': 1, 'rep_dropout': 0.03993223235823512, 'train_learning_rate': 0.0024086654404180522, 'train_lr_reduce': 0.6}. Best is trial 558 with value: 0.30280801653862.
[I 2024-12-20 01:13:33,626] Trial 1792 finished with value: 1.546194076538086 and parameters: {'mlp_n_layers': 4, 'mlp_dim_00': 93, 'mlp_dim_01': 288, 'mlp_dim_02': 339, 'mlp_dim_03': 387, 'node_hidden_dim': 102, 'edge_hidden_dim': 43, 'depth': 1, 'rep_dropout': 0.0512645835430788, 'train_learning_rate': 0.0010612107018638129, 'train_lr_reduce': 0.6}. Best is trial 558 with value: 0.30280801653862.
[I 2024-12-20 01:13:33,678] Trial 1793 finished with value: 1.567394495010376 and parameters: {'mlp_n_layers': 2, 'mlp_dim_00': 96, 'mlp_dim_01': 350, 'node_hidden_dim': 88, 'edge_hidden_dim': 39, 'depth': 1, 'rep_dropout': 0.06667409751729647, 'train_learning_rate': 0.0006411231285667745, 'train_lr_reduce': 0.6}. Best is trial 558 with value: 0.30280801653862.
[I 2024-12-20 01:13:36,040] Trial 1794 finished with value: 1.5620678663253784 and parameters: {'mlp_n_layers': 4, 'mlp_dim_00': 432, 'mlp_dim_01': 385, 'mlp_dim_02': 378, 'mlp_dim_03': 161, 'node_hidden_dim': 125, 'edge_hidden_dim': 32, 'depth': 2, 'rep_dropout': 0.028845472518336482, 'train_learning_rate': 0.0002760377632415774, 'train_lr_reduce': 0.6}. Best is trial 558 with value: 0.30280801653862.
[I 2024-12-20 01:13:38,390] Trial 1795 finished with value: 1.5804718732833862 and parameters: {'mlp_n_layers': 4, 'mlp_dim_00': 345, 'mlp_dim_01': 237, 'mlp_dim_02': 289, 'mlp_dim_03': 466, 'node_hidden_dim': 33, 'edge_hidden_dim': 42, 'depth': 2, 'rep_dropout': 0.11795980456030286, 'train_learning_rate': 0.0005608648349603843, 'train_lr_reduce': 0.6}. Best is trial 558 with value: 0.30280801653862.
[I 2024-12-20 01:13:40,076] Trial 1797 finished with value: 1.4764699935913086 and parameters: {'mlp_n_layers': 4, 'mlp_dim_00': 458, 'mlp_dim_01': 348, 'mlp_dim_02': 343, 'mlp_dim_03': 394, 'node_hidden_dim': 91, 'edge_hidden_dim': 32, 'depth': 1, 'rep_dropout': 0.0019152892347472606, 'train_learning_rate': 0.0019113679813357425, 'train_lr_reduce': 0.6}. Best is trial 558 with value: 0.30280801653862.
[I 2024-12-20 01:13:42,991] Trial 1798 finished with value: 1.5590603351593018 and parameters: {'mlp_n_layers': 4, 'mlp_dim_00': 78, 'mlp_dim_01': 276, 'mlp_dim_02': 378, 'mlp_dim_03': 104, 'node_hidden_dim': 98, 'edge_hidden_dim': 42, 'depth': 2, 'rep_dropout': 0.04147320450090526, 'train_learning_rate': 0.001567242792416921, 'train_lr_reduce': 0.6}. Best is trial 558 with value: 0.30280801653862.
[I 2024-12-20 01:13:44,503] Trial 1799 finished with value: 1.383662462234497 and parameters: {'mlp_n_layers': 4, 'mlp_dim_00': 433, 'mlp_dim_01': 385, 'mlp_dim_02': 404, 'mlp_dim_03': 465, 'node_hidden_dim': 108, 'edge_hidden_dim': 32, 'depth': 1, 'rep_dropout': 0.02816978959362057, 'train_learning_rate': 0.0031430856336992856, 'train_lr_reduce': 0.6}. Best is trial 558 with value: 0.30280801653862.
[I 2024-12-20 01:13:47,073] Trial 1800 finished with value: 1.5468944311141968 and parameters: {'mlp_n_layers': 4, 'mlp_dim_00': 89, 'mlp_dim_01': 305, 'mlp_dim_02': 334, 'mlp_dim_03': 510, 'node_hidden_dim': 98, 'edge_hidden_dim': 33, 'depth': 2, 'rep_dropout': 0.026388606366107, 'train_learning_rate': 0.0007497632149913602, 'train_lr_reduce': 0.6}. Best is trial 558 with value: 0.30280801653862.
[I 2024-12-20 01:13:48,867] Trial 1801 finished with value: 1.540610909461975 and parameters: {'mlp_n_layers': 4, 'mlp_dim_00': 213, 'mlp_dim_01': 400, 'mlp_dim_02': 428, 'mlp_dim_03': 426, 'node_hidden_dim': 66, 'edge_hidden_dim': 69, 'depth': 4, 'rep_dropout': 0.04794736150194537, 'train_learning_rate': 0.0010353509717784654, 'train_lr_reduce': 0.6}. Best is trial 558 with value: 0.30280801653862.
[I 2024-12-20 01:13:53,469] Trial 1803 finished with value: 1.3772931098937988 and parameters: {'mlp_n_layers': 3, 'mlp_dim_00': 489, 'mlp_dim_01': 347, 'mlp_dim_02': 435, 'node_hidden_dim': 127, 'edge_hidden_dim': 34, 'depth': 1, 'rep_dropout': 0.046647562480721536, 'train_learning_rate': 0.003012522411511191, 'train_lr_reduce': 0.6}. Best is trial 558 with value: 0.30280801653862.
[I 2024-12-20 01:13:53,893] Trial 1796 finished with value: 0.357600599527359 and parameters: {'mlp_n_layers': 4, 'mlp_dim_00': 213, 'mlp_dim_01': 314, 'mlp_dim_02': 425, 'mlp_dim_03': 422, 'node_hidden_dim': 115, 'edge_hidden_dim': 35, 'depth': 2, 'rep_dropout': 0.06104870509699162, 'train_learning_rate': 0.0021703221685778406, 'train_lr_reduce': 0.6}. Best is trial 558 with value: 0.30280801653862.
[I 2024-12-20 01:14:06,366] Trial 1802 finished with value: 0.4058789908885956 and parameters: {'mlp_n_layers': 4, 'mlp_dim_00': 322, 'mlp_dim_01': 93, 'mlp_dim_02': 373, 'mlp_dim_03': 387, 'node_hidden_dim': 84, 'edge_hidden_dim': 32, 'depth': 1, 'rep_dropout': 0.07985925883920544, 'train_learning_rate': 0.004226413455576543, 'train_lr_reduce': 0.6}. Best is trial 558 with value: 0.30280801653862.
[I 2024-12-20 01:14:11,386] Trial 1806 finished with value: 1.4215651750564575 and parameters: {'mlp_n_layers': 1, 'mlp_dim_00': 449, 'node_hidden_dim': 127, 'edge_hidden_dim': 59, 'depth': 4, 'rep_dropout': 0.08659021412499569, 'train_learning_rate': 0.000785093547867759, 'train_lr_reduce': 0.6}. Best is trial 558 with value: 0.30280801653862.
[I 2024-12-20 01:14:12,518] Trial 1804 finished with value: 0.39174598455429077 and parameters: {'mlp_n_layers': 4, 'mlp_dim_00': 289, 'mlp_dim_01': 275, 'mlp_dim_02': 292, 'mlp_dim_03': 379, 'node_hidden_dim': 95, 'edge_hidden_dim': 45, 'depth': 1, 'rep_dropout': 0.035964619780214396, 'train_learning_rate': 0.0007844246007669162, 'train_lr_reduce': 0.6}. Best is trial 558 with value: 0.30280801653862.
[I 2024-12-20 01:14:15,378] Trial 1807 finished with value: 1.480994701385498 and parameters: {'mlp_n_layers': 1, 'mlp_dim_00': 433, 'node_hidden_dim': 90, 'edge_hidden_dim': 45, 'depth': 3, 'rep_dropout': 0.0480764963393351, 'train_learning_rate': 0.00042510534915531805, 'train_lr_reduce': 0.6}. Best is trial 558 with value: 0.30280801653862.
[I 2024-12-20 01:14:17,201] Trial 1808 finished with value: 1.5441349744796753 and parameters: {'mlp_n_layers': 3, 'mlp_dim_00': 422, 'mlp_dim_01': 242, 'mlp_dim_02': 390, 'node_hidden_dim': 120, 'edge_hidden_dim': 37, 'depth': 2, 'rep_dropout': 0.0024800472765559283, 'train_learning_rate': 0.0011692348768684972, 'train_lr_reduce': 0.6}. Best is trial 558 with value: 0.30280801653862.
[I 2024-12-20 01:14:21,806] Trial 1810 finished with value: 1.296613097190857 and parameters: {'mlp_n_layers': 1, 'mlp_dim_00': 500, 'node_hidden_dim': 118, 'edge_hidden_dim': 96, 'depth': 4, 'rep_dropout': 0.050685064600769866, 'train_learning_rate': 0.0032181569491655498, 'train_lr_reduce': 0.6}. Best is trial 558 with value: 0.30280801653862.
[I 2024-12-20 01:14:26,519] Trial 1811 finished with value: 1.5010098218917847 and parameters: {'mlp_n_layers': 4, 'mlp_dim_00': 450, 'mlp_dim_01': 302, 'mlp_dim_02': 353, 'mlp_dim_03': 428, 'node_hidden_dim': 102, 'edge_hidden_dim': 39, 'depth': 2, 'rep_dropout': 0.03327617386672474, 'train_learning_rate': 0.0014629536833505289, 'train_lr_reduce': 0.6}. Best is trial 558 with value: 0.30280801653862.
[I 2024-12-20 01:14:28,574] Trial 1805 finished with value: 0.4068989157676697 and parameters: {'mlp_n_layers': 4, 'mlp_dim_00': 146, 'mlp_dim_01': 333, 'mlp_dim_02': 335, 'mlp_dim_03': 181, 'node_hidden_dim': 92, 'edge_hidden_dim': 45, 'depth': 1, 'rep_dropout': 0.040716335002436176, 'train_learning_rate': 0.003386893010212566, 'train_lr_reduce': 0.6}. Best is trial 558 with value: 0.30280801653862.
[I 2024-12-20 01:14:30,242] Trial 1809 finished with value: 0.3824833333492279 and parameters: {'mlp_n_layers': 3, 'mlp_dim_00': 95, 'mlp_dim_01': 395, 'mlp_dim_02': 413, 'node_hidden_dim': 100, 'edge_hidden_dim': 36, 'depth': 1, 'rep_dropout': 0.011303727216795765, 'train_learning_rate': 0.0021621504982886376, 'train_lr_reduce': 0.6}. Best is trial 558 with value: 0.30280801653862.
[I 2024-12-20 01:14:32,616] Trial 1813 finished with value: 1.3075003623962402 and parameters: {'mlp_n_layers': 4, 'mlp_dim_00': 509, 'mlp_dim_01': 318, 'mlp_dim_02': 424, 'mlp_dim_03': 471, 'node_hidden_dim': 109, 'edge_hidden_dim': 44, 'depth': 1, 'rep_dropout': 0.0191450245250099, 'train_learning_rate': 0.0034333053662564906, 'train_lr_reduce': 0.6}. Best is trial 558 with value: 0.30280801653862.
[I 2024-12-20 01:14:33,873] Trial 1814 finished with value: 1.4335514307022095 and parameters: {'mlp_n_layers': 3, 'mlp_dim_00': 65, 'mlp_dim_01': 393, 'mlp_dim_02': 379, 'node_hidden_dim': 102, 'edge_hidden_dim': 58, 'depth': 1, 'rep_dropout': 0.02097177503207711, 'train_learning_rate': 0.001914176550299401, 'train_lr_reduce': 0.6}. Best is trial 558 with value: 0.30280801653862.
[I 2024-12-20 01:14:36,565] Trial 1815 finished with value: 1.544708013534546 and parameters: {'mlp_n_layers': 4, 'mlp_dim_00': 227, 'mlp_dim_01': 280, 'mlp_dim_02': 294, 'mlp_dim_03': 392, 'node_hidden_dim': 114, 'edge_hidden_dim': 36, 'depth': 1, 'rep_dropout': 0.0059821639844311325, 'train_learning_rate': 0.0006496527166558073, 'train_lr_reduce': 0.6}. Best is trial 558 with value: 0.30280801653862.
[I 2024-12-20 01:14:42,276] Trial 1812 finished with value: 0.4416939318180084 and parameters: {'mlp_n_layers': 4, 'mlp_dim_00': 120, 'mlp_dim_01': 355, 'mlp_dim_02': 70, 'mlp_dim_03': 130, 'node_hidden_dim': 100, 'edge_hidden_dim': 42, 'depth': 1, 'rep_dropout': 0.030783180135559245, 'train_learning_rate': 0.0022827238794160295, 'train_lr_reduce': 0.6}. Best is trial 558 with value: 0.30280801653862.
[I 2024-12-20 01:14:43,649] Trial 1816 finished with value: 0.46930113434791565 and parameters: {'mlp_n_layers': 4, 'mlp_dim_00': 501, 'mlp_dim_01': 348, 'mlp_dim_02': 331, 'mlp_dim_03': 65, 'node_hidden_dim': 108, 'edge_hidden_dim': 32, 'depth': 1, 'rep_dropout': 0.05315089832108239, 'train_learning_rate': 0.0020797945589583447, 'train_lr_reduce': 0.6}. Best is trial 558 with value: 0.30280801653862.
[I 2024-12-20 01:14:49,556] Trial 1819 finished with value: 1.29575777053833 and parameters: {'mlp_n_layers': 3, 'mlp_dim_00': 339, 'mlp_dim_01': 247, 'mlp_dim_02': 352, 'node_hidden_dim': 107, 'edge_hidden_dim': 94, 'depth': 4, 'rep_dropout': 0.08468104476832419, 'train_learning_rate': 0.009302643671412808, 'train_lr_reduce': 0.6}. Best is trial 558 with value: 0.30280801653862.
[I 2024-12-20 01:15:00,262] Trial 1817 finished with value: 0.36412808299064636 and parameters: {'mlp_n_layers': 4, 'mlp_dim_00': 359, 'mlp_dim_01': 319, 'mlp_dim_02': 434, 'mlp_dim_03': 446, 'node_hidden_dim': 114, 'edge_hidden_dim': 36, 'depth': 1, 'rep_dropout': 0.033106346296066624, 'train_learning_rate': 0.0013465465096698223, 'train_lr_reduce': 0.6}. Best is trial 558 with value: 0.30280801653862.
[I 2024-12-20 01:15:02,916] Trial 1818 finished with value: 0.33632853627204895 and parameters: {'mlp_n_layers': 4, 'mlp_dim_00': 409, 'mlp_dim_01': 396, 'mlp_dim_02': 383, 'mlp_dim_03': 385, 'node_hidden_dim': 113, 'edge_hidden_dim': 36, 'depth': 1, 'rep_dropout': 0.036636463776547765, 'train_learning_rate': 0.0023316215444781525, 'train_lr_reduce': 0.6}. Best is trial 558 with value: 0.30280801653862.
[I 2024-12-20 01:15:03,218] Trial 1820 finished with value: 0.3272765278816223 and parameters: {'mlp_n_layers': 4, 'mlp_dim_00': 390, 'mlp_dim_01': 360, 'mlp_dim_02': 291, 'mlp_dim_03': 432, 'node_hidden_dim': 94, 'edge_hidden_dim': 48, 'depth': 1, 'rep_dropout': 0.014225087880219724, 'train_learning_rate': 0.0020406855454112153, 'train_lr_reduce': 0.6}. Best is trial 558 with value: 0.30280801653862.
[I 2024-12-20 01:15:04,540] Trial 1821 finished with value: 1.5834004878997803 and parameters: {'mlp_n_layers': 2, 'mlp_dim_00': 218, 'mlp_dim_01': 283, 'node_hidden_dim': 67, 'edge_hidden_dim': 108, 'depth': 2, 'rep_dropout': 0.059364352553971884, 'train_learning_rate': 0.00011184916702289593, 'train_lr_reduce': 0.6}. Best is trial 558 with value: 0.30280801653862.
[I 2024-12-20 01:15:08,243] Trial 1822 finished with value: 1.5864307880401611 and parameters: {'mlp_n_layers': 4, 'mlp_dim_00': 374, 'mlp_dim_01': 228, 'mlp_dim_02': 432, 'mlp_dim_03': 386, 'node_hidden_dim': 60, 'edge_hidden_dim': 94, 'depth': 3, 'rep_dropout': 0.06679478325721767, 'train_learning_rate': 0.00015886377293703583, 'train_lr_reduce': 0.6}. Best is trial 558 with value: 0.30280801653862.
[I 2024-12-20 01:15:12,919] Trial 1825 finished with value: 1.5729165077209473 and parameters: {'mlp_n_layers': 4, 'mlp_dim_00': 214, 'mlp_dim_01': 399, 'mlp_dim_02': 322, 'mlp_dim_03': 112, 'node_hidden_dim': 83, 'edge_hidden_dim': 75, 'depth': 2, 'rep_dropout': 0.12810362922958973, 'train_learning_rate': 0.000738515326768049, 'train_lr_reduce': 0.6}. Best is trial 558 with value: 0.30280801653862.
