[I 2024-12-19 07:38:30,232] Trial 110 finished with value: 1.3198773860931396 and parameters: {'mlp_n_layers': 3, 'mlp_dim_00': 414, 'mlp_dim_01': 371, 'mlp_dim_02': 432, 'node_hidden_dim': 122, 'edge_hidden_dim': 100, 'depth': 2, 'rep_dropout': 0.11375061446934127, 'train_learning_rate': 0.0038892277538268047, 'train_lr_reduce': 0.6}. Best is trial 104 with value: 0.36589494347572327.
[I 2024-12-19 07:38:32,944] Trial 112 finished with value: 1.3460077047348022 and parameters: {'mlp_n_layers': 4, 'mlp_dim_00': 439, 'mlp_dim_01': 116, 'mlp_dim_02': 228, 'mlp_dim_03': 226, 'node_hidden_dim': 117, 'edge_hidden_dim': 52, 'depth': 3, 'rep_dropout': 0.18668024713816744, 'train_learning_rate': 0.005461204448484424, 'train_lr_reduce': 0.6}. Best is trial 104 with value: 0.36589494347572327.
[I 2024-12-19 07:38:34,629] Trial 114 finished with value: 1.286948800086975 and parameters: {'mlp_n_layers': 3, 'mlp_dim_00': 491, 'mlp_dim_01': 462, 'mlp_dim_02': 270, 'node_hidden_dim': 125, 'edge_hidden_dim': 111, 'depth': 2, 'rep_dropout': 0.1175940176647722, 'train_learning_rate': 0.00695072731948454, 'train_lr_reduce': 0.6}. Best is trial 104 with value: 0.36589494347572327.
[I 2024-12-19 07:38:38,504] Trial 116 finished with value: 1.397371768951416 and parameters: {'mlp_n_layers': 3, 'mlp_dim_00': 423, 'mlp_dim_01': 175, 'mlp_dim_02': 328, 'node_hidden_dim': 101, 'edge_hidden_dim': 59, 'depth': 2, 'rep_dropout': 0.14057970492000607, 'train_learning_rate': 0.005254939832668692, 'train_lr_reduce': 0.6}. Best is trial 104 with value: 0.36589494347572327.
[I 2024-12-19 07:38:38,948] Trial 113 finished with value: 1.4295583963394165 and parameters: {'mlp_n_layers': 4, 'mlp_dim_00': 308, 'mlp_dim_01': 159, 'mlp_dim_02': 274, 'mlp_dim_03': 233, 'node_hidden_dim': 125, 'edge_hidden_dim': 41, 'depth': 3, 'rep_dropout': 0.1268763954842448, 'train_learning_rate': 0.0010291626063935455, 'train_lr_reduce': 0.6}. Best is trial 104 with value: 0.36589494347572327.
[I 2024-12-19 07:38:42,968] Trial 117 finished with value: 1.2854357957839966 and parameters: {'mlp_n_layers': 3, 'mlp_dim_00': 471, 'mlp_dim_01': 158, 'mlp_dim_02': 190, 'node_hidden_dim': 120, 'edge_hidden_dim': 80, 'depth': 3, 'rep_dropout': 0.16891068057285238, 'train_learning_rate': 0.0055748704772085825, 'train_lr_reduce': 0.6}. Best is trial 104 with value: 0.36589494347572327.
[I 2024-12-19 07:38:43,279] Trial 118 finished with value: 1.283530592918396 and parameters: {'mlp_n_layers': 3, 'mlp_dim_00': 492, 'mlp_dim_01': 325, 'mlp_dim_02': 272, 'node_hidden_dim': 125, 'edge_hidden_dim': 105, 'depth': 2, 'rep_dropout': 0.1425044042692994, 'train_learning_rate': 0.0048023296078201225, 'train_lr_reduce': 0.6}. Best is trial 104 with value: 0.36589494347572327.
[I 2024-12-19 07:38:46,842] Trial 115 finished with value: 0.713626503944397 and parameters: {'mlp_n_layers': 3, 'mlp_dim_00': 426, 'mlp_dim_01': 310, 'mlp_dim_02': 244, 'node_hidden_dim': 117, 'edge_hidden_dim': 88, 'depth': 3, 'rep_dropout': 0.003361459520849791, 'train_learning_rate': 0.007030964461704038, 'train_lr_reduce': 0.6}. Best is trial 104 with value: 0.36589494347572327.
[I 2024-12-19 07:38:47,100] Trial 119 finished with value: 1.293114185333252 and parameters: {'mlp_n_layers': 3, 'mlp_dim_00': 423, 'mlp_dim_01': 441, 'mlp_dim_02': 314, 'node_hidden_dim': 123, 'edge_hidden_dim': 122, 'depth': 2, 'rep_dropout': 0.0524966105910231, 'train_learning_rate': 0.003573294205489131, 'train_lr_reduce': 0.6}. Best is trial 104 with value: 0.36589494347572327.
[I 2024-12-19 07:38:47,796] Trial 120 finished with value: 1.546919584274292 and parameters: {'mlp_n_layers': 4, 'mlp_dim_00': 85, 'mlp_dim_01': 292, 'mlp_dim_02': 278, 'mlp_dim_03': 194, 'node_hidden_dim': 72, 'edge_hidden_dim': 121, 'depth': 3, 'rep_dropout': 0.2151529851776858, 'train_learning_rate': 0.001033856498000744, 'train_lr_reduce': 0.6}. Best is trial 104 with value: 0.36589494347572327.
[I 2024-12-19 07:38:51,383] Trial 122 finished with value: 1.2828264236450195 and parameters: {'mlp_n_layers': 3, 'mlp_dim_00': 345, 'mlp_dim_01': 247, 'mlp_dim_02': 226, 'node_hidden_dim': 108, 'edge_hidden_dim': 70, 'depth': 2, 'rep_dropout': 0.00042716621372146206, 'train_learning_rate': 0.004883905064330186, 'train_lr_reduce': 0.6}. Best is trial 104 with value: 0.36589494347572327.
[I 2024-12-19 07:38:52,290] Trial 123 finished with value: 1.3359802961349487 and parameters: {'mlp_n_layers': 2, 'mlp_dim_00': 416, 'mlp_dim_01': 268, 'node_hidden_dim': 101, 'edge_hidden_dim': 90, 'depth': 3, 'rep_dropout': 0.027890765802278207, 'train_learning_rate': 0.006383702553768652, 'train_lr_reduce': 0.6}. Best is trial 104 with value: 0.36589494347572327.
[I 2024-12-19 07:38:56,242] Trial 125 finished with value: 1.3297678232192993 and parameters: {'mlp_n_layers': 3, 'mlp_dim_00': 383, 'mlp_dim_01': 148, 'mlp_dim_02': 223, 'node_hidden_dim': 94, 'edge_hidden_dim': 93, 'depth': 2, 'rep_dropout': 0.000671389836389996, 'train_learning_rate': 0.003921755389685966, 'train_lr_reduce': 0.6}. Best is trial 104 with value: 0.36589494347572327.
[I 2024-12-19 07:38:57,021] Trial 124 finished with value: 1.4487764835357666 and parameters: {'mlp_n_layers': 3, 'mlp_dim_00': 370, 'mlp_dim_01': 348, 'mlp_dim_02': 216, 'node_hidden_dim': 93, 'edge_hidden_dim': 108, 'depth': 3, 'rep_dropout': 0.0030766411578980798, 'train_learning_rate': 0.005724430683282568, 'train_lr_reduce': 0.6}. Best is trial 104 with value: 0.36589494347572327.
[I 2024-12-19 07:38:58,478] Trial 121 finished with value: 0.4847237169742584 and parameters: {'mlp_n_layers': 3, 'mlp_dim_00': 490, 'mlp_dim_01': 300, 'mlp_dim_02': 199, 'node_hidden_dim': 126, 'edge_hidden_dim': 102, 'depth': 2, 'rep_dropout': 0.1610002557900077, 'train_learning_rate': 0.0049335773396386486, 'train_lr_reduce': 0.6}. Best is trial 104 with value: 0.36589494347572327.
[I 2024-12-19 07:39:00,135] Trial 126 finished with value: 1.4003571271896362 and parameters: {'mlp_n_layers': 4, 'mlp_dim_00': 444, 'mlp_dim_01': 385, 'mlp_dim_02': 164, 'mlp_dim_03': 254, 'node_hidden_dim': 126, 'edge_hidden_dim': 82, 'depth': 2, 'rep_dropout': 0.09013657464149247, 'train_learning_rate': 0.007003628658922794, 'train_lr_reduce': 0.6}. Best is trial 104 with value: 0.36589494347572327.
[I 2024-12-19 07:39:01,360] Trial 127 finished with value: 1.3633675575256348 and parameters: {'mlp_n_layers': 3, 'mlp_dim_00': 390, 'mlp_dim_01': 194, 'mlp_dim_02': 243, 'node_hidden_dim': 118, 'edge_hidden_dim': 46, 'depth': 2, 'rep_dropout': 0.017905799537363813, 'train_learning_rate': 0.008357193465784942, 'train_lr_reduce': 0.6}. Best is trial 104 with value: 0.36589494347572327.
[I 2024-12-19 07:39:02,787] Trial 128 finished with value: 1.2995978593826294 and parameters: {'mlp_n_layers': 4, 'mlp_dim_00': 387, 'mlp_dim_01': 141, 'mlp_dim_02': 203, 'mlp_dim_03': 502, 'node_hidden_dim': 107, 'edge_hidden_dim': 46, 'depth': 3, 'rep_dropout': 0.13040230525761654, 'train_learning_rate': 0.004730985693135766, 'train_lr_reduce': 0.6}. Best is trial 104 with value: 0.36589494347572327.
[I 2024-12-19 07:39:04,251] Trial 129 finished with value: 1.548911690711975 and parameters: {'mlp_n_layers': 2, 'mlp_dim_00': 486, 'mlp_dim_01': 471, 'node_hidden_dim': 33, 'edge_hidden_dim': 54, 'depth': 2, 'rep_dropout': 0.0684443679759659, 'train_learning_rate': 0.00013410633892468768, 'train_lr_reduce': 0.6}. Best is trial 104 with value: 0.36589494347572327.
[I 2024-12-19 07:39:05,815] Trial 130 finished with value: 1.2935559749603271 and parameters: {'mlp_n_layers': 3, 'mlp_dim_00': 472, 'mlp_dim_01': 316, 'mlp_dim_02': 212, 'node_hidden_dim': 128, 'edge_hidden_dim': 121, 'depth': 2, 'rep_dropout': 0.11171911607450066, 'train_learning_rate': 0.007834842167342381, 'train_lr_reduce': 0.6}. Best is trial 104 with value: 0.36589494347572327.
[I 2024-12-19 07:39:06,712] Trial 131 finished with value: 1.3104193210601807 and parameters: {'mlp_n_layers': 3, 'mlp_dim_00': 511, 'mlp_dim_01': 381, 'mlp_dim_02': 229, 'node_hidden_dim': 88, 'edge_hidden_dim': 113, 'depth': 2, 'rep_dropout': 0.17068848972540804, 'train_learning_rate': 0.004011049975460496, 'train_lr_reduce': 0.6}. Best is trial 104 with value: 0.36589494347572327.
[I 2024-12-19 07:39:09,863] Trial 133 finished with value: 1.3243470191955566 and parameters: {'mlp_n_layers': 3, 'mlp_dim_00': 341, 'mlp_dim_01': 296, 'mlp_dim_02': 140, 'node_hidden_dim': 117, 'edge_hidden_dim': 72, 'depth': 2, 'rep_dropout': 0.001863141339579064, 'train_learning_rate': 0.003236732941822045, 'train_lr_reduce': 0.6}. Best is trial 104 with value: 0.36589494347572327.
[I 2024-12-19 07:39:11,327] Trial 134 finished with value: 1.567116141319275 and parameters: {'mlp_n_layers': 4, 'mlp_dim_00': 216, 'mlp_dim_01': 319, 'mlp_dim_02': 172, 'mlp_dim_03': 164, 'node_hidden_dim': 106, 'edge_hidden_dim': 49, 'depth': 2, 'rep_dropout': 0.04026549353366299, 'train_learning_rate': 0.0017196830496569056, 'train_lr_reduce': 0.6}. Best is trial 104 with value: 0.36589494347572327.
[I 2024-12-19 07:39:15,373] Trial 135 finished with value: 1.4597846269607544 and parameters: {'mlp_n_layers': 3, 'mlp_dim_00': 449, 'mlp_dim_01': 257, 'mlp_dim_02': 255, 'node_hidden_dim': 128, 'edge_hidden_dim': 95, 'depth': 2, 'rep_dropout': 0.1658666550178222, 'train_learning_rate': 0.009946801796869213, 'train_lr_reduce': 0.6}. Best is trial 104 with value: 0.36589494347572327.
[I 2024-12-19 07:39:15,447] Trial 136 finished with value: 1.28472900390625 and parameters: {'mlp_n_layers': 3, 'mlp_dim_00': 295, 'mlp_dim_01': 266, 'mlp_dim_02': 84, 'node_hidden_dim': 123, 'edge_hidden_dim': 76, 'depth': 3, 'rep_dropout': 0.04735982500772049, 'train_learning_rate': 0.004199072979539467, 'train_lr_reduce': 0.6}. Best is trial 104 with value: 0.36589494347572327.
[I 2024-12-19 07:39:16,611] Trial 132 finished with value: 0.46381017565727234 and parameters: {'mlp_n_layers': 3, 'mlp_dim_00': 510, 'mlp_dim_01': 302, 'mlp_dim_02': 242, 'node_hidden_dim': 112, 'edge_hidden_dim': 110, 'depth': 2, 'rep_dropout': 0.14244630951735418, 'train_learning_rate': 0.0026615958936958444, 'train_lr_reduce': 0.6}. Best is trial 104 with value: 0.36589494347572327.
[I 2024-12-19 07:39:19,929] Trial 137 finished with value: 1.3055261373519897 and parameters: {'mlp_n_layers': 4, 'mlp_dim_00': 472, 'mlp_dim_01': 83, 'mlp_dim_02': 171, 'mlp_dim_03': 264, 'node_hidden_dim': 111, 'edge_hidden_dim': 53, 'depth': 4, 'rep_dropout': 0.12214714862225329, 'train_learning_rate': 0.004912128210978468, 'train_lr_reduce': 0.6}. Best is trial 104 with value: 0.36589494347572327.
[I 2024-12-19 07:39:21,432] Trial 139 finished with value: 1.4665873050689697 and parameters: {'mlp_n_layers': 4, 'mlp_dim_00': 401, 'mlp_dim_01': 229, 'mlp_dim_02': 251, 'mlp_dim_03': 171, 'node_hidden_dim': 128, 'edge_hidden_dim': 55, 'depth': 3, 'rep_dropout': 0.13850656403057904, 'train_learning_rate': 0.004908070874502896, 'train_lr_reduce': 0.6}. Best is trial 104 with value: 0.36589494347572327.
[I 2024-12-19 07:39:25,157] Trial 140 finished with value: 1.3955354690551758 and parameters: {'mlp_n_layers': 3, 'mlp_dim_00': 438, 'mlp_dim_01': 296, 'mlp_dim_02': 250, 'node_hidden_dim': 112, 'edge_hidden_dim': 106, 'depth': 2, 'rep_dropout': 0.13519437818294217, 'train_learning_rate': 0.0028156675671979236, 'train_lr_reduce': 0.6}. Best is trial 104 with value: 0.36589494347572327.
[I 2024-12-19 07:39:28,663] Trial 141 finished with value: 1.3848930597305298 and parameters: {'mlp_n_layers': 3, 'mlp_dim_00': 350, 'mlp_dim_01': 313, 'mlp_dim_02': 260, 'node_hidden_dim': 88, 'edge_hidden_dim': 55, 'depth': 3, 'rep_dropout': 0.004066780956204427, 'train_learning_rate': 0.0033411133041411287, 'train_lr_reduce': 0.6}. Best is trial 104 with value: 0.36589494347572327.
[I 2024-12-19 07:39:29,646] Trial 138 finished with value: 0.4925488531589508 and parameters: {'mlp_n_layers': 3, 'mlp_dim_00': 378, 'mlp_dim_01': 301, 'mlp_dim_02': 369, 'node_hidden_dim': 126, 'edge_hidden_dim': 103, 'depth': 2, 'rep_dropout': 0.16585353300613828, 'train_learning_rate': 0.0036074396783900586, 'train_lr_reduce': 0.6}. Best is trial 104 with value: 0.36589494347572327.
[I 2024-12-19 07:39:30,391] Trial 142 finished with value: 1.5056653022766113 and parameters: {'mlp_n_layers': 4, 'mlp_dim_00': 481, 'mlp_dim_01': 320, 'mlp_dim_02': 220, 'mlp_dim_03': 225, 'node_hidden_dim': 110, 'edge_hidden_dim': 102, 'depth': 3, 'rep_dropout': 0.14784208475936564, 'train_learning_rate': 0.0044918564932158855, 'train_lr_reduce': 0.6}. Best is trial 104 with value: 0.36589494347572327.
[I 2024-12-19 07:39:32,461] Trial 143 finished with value: 1.4431995153427124 and parameters: {'mlp_n_layers': 3, 'mlp_dim_00': 468, 'mlp_dim_01': 370, 'mlp_dim_02': 285, 'node_hidden_dim': 124, 'edge_hidden_dim': 105, 'depth': 2, 'rep_dropout': 0.17120402940612958, 'train_learning_rate': 0.0016606240125047159, 'train_lr_reduce': 0.6}. Best is trial 104 with value: 0.36589494347572327.
[I 2024-12-19 07:39:33,725] Trial 144 finished with value: 1.5778932571411133 and parameters: {'mlp_n_layers': 3, 'mlp_dim_00': 239, 'mlp_dim_01': 445, 'mlp_dim_02': 358, 'node_hidden_dim': 118, 'edge_hidden_dim': 102, 'depth': 4, 'rep_dropout': 0.1822141534616583, 'train_learning_rate': 0.0001901966293793216, 'train_lr_reduce': 0.6}. Best is trial 104 with value: 0.36589494347572327.
[I 2024-12-19 07:39:34,375] Trial 145 finished with value: 1.31650710105896 and parameters: {'mlp_n_layers': 3, 'mlp_dim_00': 283, 'mlp_dim_01': 341, 'mlp_dim_02': 401, 'node_hidden_dim': 128, 'edge_hidden_dim': 99, 'depth': 2, 'rep_dropout': 0.1623967895448281, 'train_learning_rate': 0.0025082249162095907, 'train_lr_reduce': 0.6}. Best is trial 104 with value: 0.36589494347572327.
[I 2024-12-19 07:39:36,171] Trial 146 finished with value: 1.3074597120285034 and parameters: {'mlp_n_layers': 3, 'mlp_dim_00': 188, 'mlp_dim_01': 146, 'mlp_dim_02': 370, 'node_hidden_dim': 111, 'edge_hidden_dim': 68, 'depth': 2, 'rep_dropout': 0.045584657707515165, 'train_learning_rate': 0.008298593276580333, 'train_lr_reduce': 0.6}. Best is trial 104 with value: 0.36589494347572327.
[I 2024-12-19 07:39:38,831] Trial 147 finished with value: 1.5773000717163086 and parameters: {'mlp_n_layers': 3, 'mlp_dim_00': 255, 'mlp_dim_01': 109, 'mlp_dim_02': 436, 'node_hidden_dim': 95, 'edge_hidden_dim': 64, 'depth': 4, 'rep_dropout': 0.00962810991241242, 'train_learning_rate': 0.00014369785821741077, 'train_lr_reduce': 0.6}. Best is trial 104 with value: 0.36589494347572327.
[I 2024-12-19 07:39:39,072] Trial 148 finished with value: 1.573011875152588 and parameters: {'mlp_n_layers': 4, 'mlp_dim_00': 218, 'mlp_dim_01': 204, 'mlp_dim_02': 354, 'mlp_dim_03': 144, 'node_hidden_dim': 53, 'edge_hidden_dim': 86, 'depth': 4, 'rep_dropout': 0.15390087849137013, 'train_learning_rate': 0.00033580233703316056, 'train_lr_reduce': 0.6}. Best is trial 104 with value: 0.36589494347572327.
[I 2024-12-19 07:39:41,347] Trial 149 finished with value: 1.429888367652893 and parameters: {'mlp_n_layers': 4, 'mlp_dim_00': 508, 'mlp_dim_01': 274, 'mlp_dim_02': 291, 'mlp_dim_03': 287, 'node_hidden_dim': 124, 'edge_hidden_dim': 125, 'depth': 2, 'rep_dropout': 0.1342780892660751, 'train_learning_rate': 0.005654685703961762, 'train_lr_reduce': 0.6}. Best is trial 104 with value: 0.36589494347572327.
[I 2024-12-19 07:39:43,310] Trial 150 finished with value: 1.295546054840088 and parameters: {'mlp_n_layers': 2, 'mlp_dim_00': 443, 'mlp_dim_01': 306, 'node_hidden_dim': 109, 'edge_hidden_dim': 103, 'depth': 2, 'rep_dropout': 0.16431770814686347, 'train_learning_rate': 0.003722408049724977, 'train_lr_reduce': 0.6}. Best is trial 104 with value: 0.36589494347572327.
[I 2024-12-19 07:39:44,089] Trial 151 finished with value: 1.4201079607009888 and parameters: {'mlp_n_layers': 2, 'mlp_dim_00': 493, 'mlp_dim_01': 374, 'node_hidden_dim': 127, 'edge_hidden_dim': 86, 'depth': 2, 'rep_dropout': 0.15910939115911263, 'train_learning_rate': 0.00485932293177327, 'train_lr_reduce': 0.6}. Best is trial 104 with value: 0.36589494347572327.
[I 2024-12-19 07:39:46,564] Trial 152 finished with value: 1.4519959688186646 and parameters: {'mlp_n_layers': 4, 'mlp_dim_00': 460, 'mlp_dim_01': 167, 'mlp_dim_02': 221, 'mlp_dim_03': 213, 'node_hidden_dim': 125, 'edge_hidden_dim': 43, 'depth': 3, 'rep_dropout': 0.15014677442249383, 'train_learning_rate': 0.009392286444840156, 'train_lr_reduce': 0.6}. Best is trial 104 with value: 0.36589494347572327.
[I 2024-12-19 07:39:47,972] Trial 154 finished with value: 1.5548981428146362 and parameters: {'mlp_n_layers': 2, 'mlp_dim_00': 161, 'mlp_dim_01': 175, 'node_hidden_dim': 98, 'edge_hidden_dim': 50, 'depth': 4, 'rep_dropout': 0.24857094842420097, 'train_learning_rate': 0.00015414503116796888, 'train_lr_reduce': 0.6}. Best is trial 104 with value: 0.36589494347572327.
[I 2024-12-19 07:39:51,206] Trial 155 finished with value: 1.5109491348266602 and parameters: {'mlp_n_layers': 3, 'mlp_dim_00': 480, 'mlp_dim_01': 250, 'mlp_dim_02': 189, 'node_hidden_dim': 105, 'edge_hidden_dim': 72, 'depth': 3, 'rep_dropout': 0.00023122857704701823, 'train_learning_rate': 0.003773602243463493, 'train_lr_reduce': 0.6}. Best is trial 104 with value: 0.36589494347572327.
[I 2024-12-19 07:39:56,217] Trial 157 finished with value: 1.2909857034683228 and parameters: {'mlp_n_layers': 3, 'mlp_dim_00': 492, 'mlp_dim_01': 326, 'mlp_dim_02': 309, 'node_hidden_dim': 103, 'edge_hidden_dim': 114, 'depth': 2, 'rep_dropout': 0.009839421997442619, 'train_learning_rate': 0.005076082273990857, 'train_lr_reduce': 0.6}. Best is trial 104 with value: 0.36589494347572327.
[I 2024-12-19 07:39:58,262] Trial 153 finished with value: 0.6886712312698364 and parameters: {'mlp_n_layers': 4, 'mlp_dim_00': 462, 'mlp_dim_01': 88, 'mlp_dim_02': 295, 'mlp_dim_03': 261, 'node_hidden_dim': 128, 'edge_hidden_dim': 39, 'depth': 2, 'rep_dropout': 0.11890020023168726, 'train_learning_rate': 0.0067960924668065996, 'train_lr_reduce': 0.6}. Best is trial 104 with value: 0.36589494347572327.
[I 2024-12-19 07:40:01,184] Trial 158 finished with value: 1.4030667543411255 and parameters: {'mlp_n_layers': 3, 'mlp_dim_00': 510, 'mlp_dim_01': 264, 'mlp_dim_02': 184, 'node_hidden_dim': 96, 'edge_hidden_dim': 98, 'depth': 2, 'rep_dropout': 0.14394498344902767, 'train_learning_rate': 0.00568806778780826, 'train_lr_reduce': 0.6}. Best is trial 104 with value: 0.36589494347572327.
[I 2024-12-19 07:40:02,719] Trial 159 finished with value: 1.2834783792495728 and parameters: {'mlp_n_layers': 3, 'mlp_dim_00': 494, 'mlp_dim_01': 328, 'mlp_dim_02': 297, 'node_hidden_dim': 127, 'edge_hidden_dim': 81, 'depth': 2, 'rep_dropout': 0.1141702290604466, 'train_learning_rate': 0.0036738063072626723, 'train_lr_reduce': 0.6}. Best is trial 104 with value: 0.36589494347572327.
[I 2024-12-19 07:40:03,091] Trial 156 finished with value: 0.33254924416542053 and parameters: {'mlp_n_layers': 3, 'mlp_dim_00': 505, 'mlp_dim_01': 376, 'mlp_dim_02': 245, 'node_hidden_dim': 111, 'edge_hidden_dim': 107, 'depth': 2, 'rep_dropout': 0.1578297724974122, 'train_learning_rate': 0.005669250420074556, 'train_lr_reduce': 0.6}. Best is trial 156 with value: 0.33254924416542053.
[I 2024-12-19 07:40:08,299] Trial 162 finished with value: 1.5846964120864868 and parameters: {'mlp_n_layers': 4, 'mlp_dim_00': 506, 'mlp_dim_01': 512, 'mlp_dim_02': 235, 'mlp_dim_03': 228, 'node_hidden_dim': 51, 'edge_hidden_dim': 101, 'depth': 2, 'rep_dropout': 0.06895032167755298, 'train_learning_rate': 0.00014591651278387846, 'train_lr_reduce': 0.6}. Best is trial 156 with value: 0.33254924416542053.
[I 2024-12-19 07:40:09,305] Trial 160 finished with value: 1.3100366592407227 and parameters: {'mlp_n_layers': 4, 'mlp_dim_00': 440, 'mlp_dim_01': 102, 'mlp_dim_02': 335, 'mlp_dim_03': 262, 'node_hidden_dim': 98, 'edge_hidden_dim': 53, 'depth': 2, 'rep_dropout': 0.1195084200746416, 'train_learning_rate': 0.002297179138061406, 'train_lr_reduce': 0.6}. Best is trial 156 with value: 0.33254924416542053.
[I 2024-12-19 07:40:12,689] Trial 163 finished with value: 1.3345178365707397 and parameters: {'mlp_n_layers': 4, 'mlp_dim_00': 381, 'mlp_dim_01': 81, 'mlp_dim_02': 279, 'mlp_dim_03': 297, 'node_hidden_dim': 117, 'edge_hidden_dim': 39, 'depth': 2, 'rep_dropout': 0.1405735496887014, 'train_learning_rate': 0.006414809610590018, 'train_lr_reduce': 0.6}. Best is trial 156 with value: 0.33254924416542053.
[I 2024-12-19 07:40:13,458] Trial 161 finished with value: 0.396136075258255 and parameters: {'mlp_n_layers': 4, 'mlp_dim_00': 385, 'mlp_dim_01': 135, 'mlp_dim_02': 303, 'mlp_dim_03': 276, 'node_hidden_dim': 128, 'edge_hidden_dim': 57, 'depth': 2, 'rep_dropout': 0.0788144782229109, 'train_learning_rate': 0.004915450724739667, 'train_lr_reduce': 0.6}. Best is trial 156 with value: 0.33254924416542053.
[I 2024-12-19 07:40:13,485] Trial 164 finished with value: 1.340910792350769 and parameters: {'mlp_n_layers': 4, 'mlp_dim_00': 507, 'mlp_dim_01': 81, 'mlp_dim_02': 269, 'mlp_dim_03': 203, 'node_hidden_dim': 115, 'edge_hidden_dim': 32, 'depth': 2, 'rep_dropout': 0.09878252138209703, 'train_learning_rate': 0.007766676845539215, 'train_lr_reduce': 0.6}. Best is trial 156 with value: 0.33254924416542053.
[I 2024-12-19 07:40:16,835] Trial 165 finished with value: 1.285065770149231 and parameters: {'mlp_n_layers': 3, 'mlp_dim_00': 328, 'mlp_dim_01': 376, 'mlp_dim_02': 266, 'node_hidden_dim': 120, 'edge_hidden_dim': 115, 'depth': 2, 'rep_dropout': 0.1940888264625743, 'train_learning_rate': 0.008984137261468711, 'train_lr_reduce': 0.6}. Best is trial 156 with value: 0.33254924416542053.
[I 2024-12-19 07:40:17,341] Trial 167 finished with value: 1.2899956703186035 and parameters: {'mlp_n_layers': 4, 'mlp_dim_00': 391, 'mlp_dim_01': 68, 'mlp_dim_02': 328, 'mlp_dim_03': 277, 'node_hidden_dim': 125, 'edge_hidden_dim': 69, 'depth': 2, 'rep_dropout': 0.13500941473169853, 'train_learning_rate': 0.007798703063119536, 'train_lr_reduce': 0.6}. Best is trial 156 with value: 0.33254924416542053.
