[I 2024-12-15 17:10:53,218] Trial 2050 finished with value: 0.21326880156993866 and parameters: {'mlp_n_layers': 4, 'mlp_dim_00': 32, 'mlp_dim_01': 112, 'mlp_dim_02': 64, 'mlp_dim_03': 96, 'hidden_channels': 176, 'num_layers': 1, 'num_timesteps': 2, 'dropout': 0.03263109258477605, 'train_learning_rate': 0.0031244704496188936, 'train_lr_reduce': 0.6}. Best is trial 632 with value: 0.13978464901447296.
[I 2024-12-15 17:11:00,960] Trial 2051 finished with value: 0.2083619385957718 and parameters: {'mlp_n_layers': 4, 'mlp_dim_00': 80, 'mlp_dim_01': 160, 'mlp_dim_02': 64, 'mlp_dim_03': 96, 'hidden_channels': 176, 'num_layers': 1, 'num_timesteps': 3, 'dropout': 8.643973951881143e-05, 'train_learning_rate': 0.006576592135719796, 'train_lr_reduce': 0.6}. Best is trial 632 with value: 0.13978464901447296.
[I 2024-12-15 17:11:01,224] Trial 2052 finished with value: 0.2170780450105667 and parameters: {'mlp_n_layers': 4, 'mlp_dim_00': 144, 'mlp_dim_01': 112, 'mlp_dim_02': 48, 'mlp_dim_03': 96, 'hidden_channels': 144, 'num_layers': 4, 'num_timesteps': 4, 'dropout': 0.2603319028524081, 'train_learning_rate': 0.004177301491463661, 'train_lr_reduce': 0.6}. Best is trial 632 with value: 0.13978464901447296.
[I 2024-12-15 17:11:01,491] Trial 2053 finished with value: 0.21928143501281738 and parameters: {'mlp_n_layers': 4, 'mlp_dim_00': 80, 'mlp_dim_01': 144, 'mlp_dim_02': 64, 'mlp_dim_03': 96, 'hidden_channels': 176, 'num_layers': 2, 'num_timesteps': 3, 'dropout': 0.0007673652719858209, 'train_learning_rate': 0.0023335264907021224, 'train_lr_reduce': 0.6}. Best is trial 632 with value: 0.13978464901447296.
[I 2024-12-15 17:11:09,696] Trial 2055 finished with value: 0.19483682513237 and parameters: {'mlp_n_layers': 4, 'mlp_dim_00': 48, 'mlp_dim_01': 144, 'mlp_dim_02': 64, 'mlp_dim_03': 96, 'hidden_channels': 224, 'num_layers': 1, 'num_timesteps': 4, 'dropout': 0.028632546605908683, 'train_learning_rate': 0.0025278923780084296, 'train_lr_reduce': 0.6}. Best is trial 632 with value: 0.13978464901447296.
[I 2024-12-15 17:11:09,736] Trial 2054 finished with value: 0.21986575424671173 and parameters: {'mlp_n_layers': 4, 'mlp_dim_00': 32, 'mlp_dim_01': 176, 'mlp_dim_02': 64, 'mlp_dim_03': 112, 'hidden_channels': 144, 'num_layers': 1, 'num_timesteps': 4, 'dropout': 0.015677894301970877, 'train_learning_rate': 0.007355993613755983, 'train_lr_reduce': 0.6}. Best is trial 632 with value: 0.13978464901447296.
[I 2024-12-15 17:11:14,662] Trial 2056 finished with value: 0.13246719539165497 and parameters: {'mlp_n_layers': 4, 'mlp_dim_00': 48, 'mlp_dim_01': 176, 'mlp_dim_02': 32, 'mlp_dim_03': 80, 'hidden_channels': 240, 'num_layers': 1, 'num_timesteps': 4, 'dropout': 0.011073795323276488, 'train_learning_rate': 0.004278168911490636, 'train_lr_reduce': 0.6}. Best is trial 2056 with value: 0.13246719539165497.
[I 2024-12-15 17:11:19,014] Trial 2058 finished with value: 0.1813916712999344 and parameters: {'mlp_n_layers': 4, 'mlp_dim_00': 64, 'mlp_dim_01': 160, 'mlp_dim_02': 64, 'mlp_dim_03': 80, 'hidden_channels': 192, 'num_layers': 1, 'num_timesteps': 3, 'dropout': 0.0013180190959973422, 'train_learning_rate': 0.002434665135058337, 'train_lr_reduce': 0.6}. Best is trial 2056 with value: 0.13246719539165497.
[I 2024-12-15 17:11:20,064] Trial 2057 finished with value: 0.2080361545085907 and parameters: {'mlp_n_layers': 4, 'mlp_dim_00': 32, 'mlp_dim_01': 128, 'mlp_dim_02': 80, 'mlp_dim_03': 112, 'hidden_channels': 224, 'num_layers': 1, 'num_timesteps': 3, 'dropout': 0.012897068995396218, 'train_learning_rate': 0.0012286093983794252, 'train_lr_reduce': 0.6}. Best is trial 2056 with value: 0.13246719539165497.
[I 2024-12-15 17:11:23,181] Trial 2059 finished with value: 0.23544836044311523 and parameters: {'mlp_n_layers': 4, 'mlp_dim_00': 64, 'mlp_dim_01': 160, 'mlp_dim_02': 32, 'mlp_dim_03': 96, 'hidden_channels': 208, 'num_layers': 2, 'num_timesteps': 4, 'dropout': 0.004833267225065916, 'train_learning_rate': 0.002938029854835534, 'train_lr_reduce': 0.6}. Best is trial 2056 with value: 0.13246719539165497.
[I 2024-12-15 17:11:31,024] Trial 2061 finished with value: 0.19196131825447083 and parameters: {'mlp_n_layers': 4, 'mlp_dim_00': 64, 'mlp_dim_01': 176, 'mlp_dim_02': 32, 'mlp_dim_03': 80, 'hidden_channels': 256, 'num_layers': 1, 'num_timesteps': 3, 'dropout': 0.004511988346555697, 'train_learning_rate': 0.006373759474309952, 'train_lr_reduce': 0.6}. Best is trial 2056 with value: 0.13246719539165497.
[I 2024-12-15 17:11:32,798] Trial 2060 finished with value: 0.18118678033351898 and parameters: {'mlp_n_layers': 4, 'mlp_dim_00': 64, 'mlp_dim_01': 192, 'mlp_dim_02': 32, 'mlp_dim_03': 80, 'hidden_channels': 224, 'num_layers': 1, 'num_timesteps': 4, 'dropout': 0.05702572811962509, 'train_learning_rate': 0.004213954717899063, 'train_lr_reduce': 0.6}. Best is trial 2056 with value: 0.13246719539165497.
[I 2024-12-15 17:11:38,830] Trial 2062 finished with value: 0.15233692526817322 and parameters: {'mlp_n_layers': 4, 'mlp_dim_00': 32, 'mlp_dim_01': 128, 'mlp_dim_02': 48, 'mlp_dim_03': 80, 'hidden_channels': 240, 'num_layers': 1, 'num_timesteps': 4, 'dropout': 0.011260795400181375, 'train_learning_rate': 0.005063577849552916, 'train_lr_reduce': 0.6}. Best is trial 2056 with value: 0.13246719539165497.
[I 2024-12-15 17:11:42,274] Trial 2065 finished with value: 1.4493696689605713 and parameters: {'mlp_n_layers': 4, 'mlp_dim_00': 128, 'mlp_dim_01': 256, 'mlp_dim_02': 32, 'mlp_dim_03': 80, 'hidden_channels': 160, 'num_layers': 2, 'num_timesteps': 4, 'dropout': 0.2757843294353187, 'train_learning_rate': 0.0001337125193968177, 'train_lr_reduce': 0.6}. Best is trial 2056 with value: 0.13246719539165497.
[I 2024-12-15 17:11:44,252] Trial 2064 finished with value: 0.18842050433158875 and parameters: {'mlp_n_layers': 4, 'mlp_dim_00': 32, 'mlp_dim_01': 192, 'mlp_dim_02': 32, 'mlp_dim_03': 80, 'hidden_channels': 224, 'num_layers': 1, 'num_timesteps': 4, 'dropout': 0.018951832209985534, 'train_learning_rate': 0.002037717365669989, 'train_lr_reduce': 0.6}. Best is trial 2056 with value: 0.13246719539165497.
[I 2024-12-15 17:11:44,782] Trial 2063 finished with value: 0.15021498501300812 and parameters: {'mlp_n_layers': 4, 'mlp_dim_00': 32, 'mlp_dim_01': 160, 'mlp_dim_02': 32, 'mlp_dim_03': 80, 'hidden_channels': 224, 'num_layers': 1, 'num_timesteps': 4, 'dropout': 0.014790278606699247, 'train_learning_rate': 0.006027170185532825, 'train_lr_reduce': 0.6}. Best is trial 2056 with value: 0.13246719539165497.
[I 2024-12-15 17:11:51,947] Trial 2067 finished with value: 0.24918365478515625 and parameters: {'mlp_n_layers': 4, 'mlp_dim_00': 96, 'mlp_dim_01': 176, 'mlp_dim_02': 32, 'mlp_dim_03': 80, 'hidden_channels': 128, 'num_layers': 1, 'num_timesteps': 3, 'dropout': 0.033319625718175636, 'train_learning_rate': 0.008786877078170467, 'train_lr_reduce': 0.6}. Best is trial 2056 with value: 0.13246719539165497.
[I 2024-12-15 17:11:52,211] Trial 2068 finished with value: 0.2363957315683365 and parameters: {'mlp_n_layers': 4, 'mlp_dim_00': 32, 'mlp_dim_01': 176, 'mlp_dim_02': 32, 'mlp_dim_03': 96, 'hidden_channels': 176, 'num_layers': 2, 'num_timesteps': 4, 'dropout': 0.001853394155624034, 'train_learning_rate': 0.004559771805564, 'train_lr_reduce': 0.6}. Best is trial 2056 with value: 0.13246719539165497.
[I 2024-12-15 17:11:54,359] Trial 2066 finished with value: 0.1902477741241455 and parameters: {'mlp_n_layers': 4, 'mlp_dim_00': 48, 'mlp_dim_01': 192, 'mlp_dim_02': 32, 'mlp_dim_03': 80, 'hidden_channels': 176, 'num_layers': 1, 'num_timesteps': 3, 'dropout': 0.04192120184106729, 'train_learning_rate': 0.001809392373715751, 'train_lr_reduce': 0.6}. Best is trial 2056 with value: 0.13246719539165497.
[I 2024-12-15 17:11:59,455] Trial 2069 finished with value: 0.25476890802383423 and parameters: {'mlp_n_layers': 4, 'mlp_dim_00': 32, 'mlp_dim_01': 160, 'mlp_dim_02': 48, 'mlp_dim_03': 96, 'hidden_channels': 240, 'num_layers': 2, 'num_timesteps': 4, 'dropout': 0.0016942801150440926, 'train_learning_rate': 0.00406826426052859, 'train_lr_reduce': 0.6}. Best is trial 2056 with value: 0.13246719539165497.
[I 2024-12-15 17:11:59,504] Trial 2070 finished with value: 0.22445344924926758 and parameters: {'mlp_n_layers': 4, 'mlp_dim_00': 32, 'mlp_dim_01': 224, 'mlp_dim_02': 48, 'mlp_dim_03': 80, 'hidden_channels': 176, 'num_layers': 1, 'num_timesteps': 3, 'dropout': 0.012229634671994874, 'train_learning_rate': 0.002153569892057684, 'train_lr_reduce': 0.6}. Best is trial 2056 with value: 0.13246719539165497.
[I 2024-12-15 17:12:03,047] Trial 2071 finished with value: 0.20894216001033783 and parameters: {'mlp_n_layers': 4, 'mlp_dim_00': 32, 'mlp_dim_01': 112, 'mlp_dim_02': 48, 'mlp_dim_03': 64, 'hidden_channels': 208, 'num_layers': 1, 'num_timesteps': 3, 'dropout': 0.1099031653060203, 'train_learning_rate': 0.004247814195584826, 'train_lr_reduce': 0.6}. Best is trial 2056 with value: 0.13246719539165497.
[I 2024-12-15 17:12:07,519] Trial 2072 finished with value: 0.17854595184326172 and parameters: {'mlp_n_layers': 4, 'mlp_dim_00': 48, 'mlp_dim_01': 192, 'mlp_dim_02': 32, 'mlp_dim_03': 96, 'hidden_channels': 240, 'num_layers': 1, 'num_timesteps': 4, 'dropout': 0.11293458206687604, 'train_learning_rate': 0.005445598093468136, 'train_lr_reduce': 0.6}. Best is trial 2056 with value: 0.13246719539165497.
[I 2024-12-15 17:12:08,561] Trial 2073 finished with value: 0.1835118979215622 and parameters: {'mlp_n_layers': 4, 'mlp_dim_00': 64, 'mlp_dim_01': 208, 'mlp_dim_02': 64, 'mlp_dim_03': 112, 'hidden_channels': 256, 'num_layers': 1, 'num_timesteps': 4, 'dropout': 0.08291669245816341, 'train_learning_rate': 0.0022339523507302274, 'train_lr_reduce': 0.6}. Best is trial 2056 with value: 0.13246719539165497.
[I 2024-12-15 17:12:12,038] Trial 2074 finished with value: 0.24020235240459442 and parameters: {'mlp_n_layers': 3, 'mlp_dim_00': 96, 'mlp_dim_01': 128, 'mlp_dim_02': 48, 'hidden_channels': 256, 'num_layers': 1, 'num_timesteps': 4, 'dropout': 0.003995377163506027, 'train_learning_rate': 0.005796691652097946, 'train_lr_reduce': 0.6}. Best is trial 2056 with value: 0.13246719539165497.
[I 2024-12-15 17:12:19,951] Trial 2075 finished with value: 0.21647940576076508 and parameters: {'mlp_n_layers': 4, 'mlp_dim_00': 64, 'mlp_dim_01': 192, 'mlp_dim_02': 48, 'mlp_dim_03': 80, 'hidden_channels': 112, 'num_layers': 1, 'num_timesteps': 3, 'dropout': 0.02230957373020611, 'train_learning_rate': 0.0035218570073788417, 'train_lr_reduce': 0.6}. Best is trial 2056 with value: 0.13246719539165497.
[I 2024-12-15 17:12:21,687] Trial 2076 finished with value: 0.192861869931221 and parameters: {'mlp_n_layers': 4, 'mlp_dim_00': 64, 'mlp_dim_01': 176, 'mlp_dim_02': 64, 'mlp_dim_03': 112, 'hidden_channels': 240, 'num_layers': 1, 'num_timesteps': 4, 'dropout': 0.030384783526741822, 'train_learning_rate': 0.002415914974762089, 'train_lr_reduce': 0.6}. Best is trial 2056 with value: 0.13246719539165497.
[I 2024-12-15 17:12:25,052] Trial 2077 finished with value: 0.1855631023645401 and parameters: {'mlp_n_layers': 4, 'mlp_dim_00': 64, 'mlp_dim_01': 176, 'mlp_dim_02': 64, 'mlp_dim_03': 80, 'hidden_channels': 192, 'num_layers': 1, 'num_timesteps': 4, 'dropout': 0.07596457040982775, 'train_learning_rate': 0.0036129361994547116, 'train_lr_reduce': 0.6}. Best is trial 2056 with value: 0.13246719539165497.
[I 2024-12-15 17:12:35,478] Trial 2080 finished with value: 0.20361898839473724 and parameters: {'mlp_n_layers': 4, 'mlp_dim_00': 80, 'mlp_dim_01': 192, 'mlp_dim_02': 64, 'mlp_dim_03': 112, 'hidden_channels': 256, 'num_layers': 2, 'num_timesteps': 3, 'dropout': 0.00788415427128502, 'train_learning_rate': 0.004635330494037275, 'train_lr_reduce': 0.6}. Best is trial 2056 with value: 0.13246719539165497.
[I 2024-12-15 17:12:36,096] Trial 2078 finished with value: 0.17683270573616028 and parameters: {'mlp_n_layers': 4, 'mlp_dim_00': 80, 'mlp_dim_01': 160, 'mlp_dim_02': 32, 'mlp_dim_03': 64, 'hidden_channels': 224, 'num_layers': 1, 'num_timesteps': 4, 'dropout': 0.06731549984715779, 'train_learning_rate': 0.002834303646133829, 'train_lr_reduce': 0.6}. Best is trial 2056 with value: 0.13246719539165497.
[I 2024-12-15 17:12:37,085] Trial 2079 finished with value: 0.16982266306877136 and parameters: {'mlp_n_layers': 4, 'mlp_dim_00': 32, 'mlp_dim_01': 160, 'mlp_dim_02': 80, 'mlp_dim_03': 96, 'hidden_channels': 224, 'num_layers': 1, 'num_timesteps': 4, 'dropout': 0.009496847375862687, 'train_learning_rate': 0.0017168169967598313, 'train_lr_reduce': 0.6}. Best is trial 2056 with value: 0.13246719539165497.
[I 2024-12-15 17:12:44,310] Trial 2082 finished with value: 0.1853969246149063 and parameters: {'mlp_n_layers': 3, 'mlp_dim_00': 32, 'mlp_dim_01': 224, 'mlp_dim_02': 80, 'hidden_channels': 256, 'num_layers': 1, 'num_timesteps': 3, 'dropout': 0.06033002738486459, 'train_learning_rate': 0.005766130605734141, 'train_lr_reduce': 0.6}. Best is trial 2056 with value: 0.13246719539165497.
[I 2024-12-15 17:12:45,158] Trial 2083 finished with value: 0.2010362297296524 and parameters: {'mlp_n_layers': 4, 'mlp_dim_00': 64, 'mlp_dim_01': 208, 'mlp_dim_02': 96, 'mlp_dim_03': 112, 'hidden_channels': 256, 'num_layers': 2, 'num_timesteps': 4, 'dropout': 0.003022021327123184, 'train_learning_rate': 0.006512282569919205, 'train_lr_reduce': 0.6}. Best is trial 2056 with value: 0.13246719539165497.
[I 2024-12-15 17:12:49,307] Trial 2081 finished with value: 0.19345887005329132 and parameters: {'mlp_n_layers': 4, 'mlp_dim_00': 48, 'mlp_dim_01': 224, 'mlp_dim_02': 48, 'mlp_dim_03': 64, 'hidden_channels': 256, 'num_layers': 1, 'num_timesteps': 4, 'dropout': 0.044909126356901384, 'train_learning_rate': 0.004008633720210663, 'train_lr_reduce': 0.6}. Best is trial 2056 with value: 0.13246719539165497.
[I 2024-12-15 17:12:55,372] Trial 2084 finished with value: 0.23675015568733215 and parameters: {'mlp_n_layers': 4, 'mlp_dim_00': 64, 'mlp_dim_01': 144, 'mlp_dim_02': 64, 'mlp_dim_03': 96, 'hidden_channels': 224, 'num_layers': 1, 'num_timesteps': 4, 'dropout': 0.0370352969867688, 'train_learning_rate': 0.007801444774354415, 'train_lr_reduce': 0.6}. Best is trial 2056 with value: 0.13246719539165497.
[I 2024-12-15 17:13:07,846] Trial 2085 finished with value: 0.13783688843250275 and parameters: {'mlp_n_layers': 4, 'mlp_dim_00': 48, 'mlp_dim_01': 208, 'mlp_dim_02': 48, 'mlp_dim_03': 64, 'hidden_channels': 208, 'num_layers': 1, 'num_timesteps': 4, 'dropout': 0.012047087395630013, 'train_learning_rate': 0.0053947883978706385, 'train_lr_reduce': 0.6}. Best is trial 2056 with value: 0.13246719539165497.
[I 2024-12-15 17:13:09,514] Trial 2086 finished with value: 0.18672524392604828 and parameters: {'mlp_n_layers': 4, 'mlp_dim_00': 48, 'mlp_dim_01': 192, 'mlp_dim_02': 80, 'mlp_dim_03': 112, 'hidden_channels': 256, 'num_layers': 1, 'num_timesteps': 3, 'dropout': 0.02654501199487534, 'train_learning_rate': 0.001742358013807456, 'train_lr_reduce': 0.6}. Best is trial 2056 with value: 0.13246719539165497.
[I 2024-12-15 17:13:15,666] Trial 2087 finished with value: 0.16592374444007874 and parameters: {'mlp_n_layers': 3, 'mlp_dim_00': 64, 'mlp_dim_01': 192, 'mlp_dim_02': 96, 'hidden_channels': 240, 'num_layers': 1, 'num_timesteps': 4, 'dropout': 0.0717035940649349, 'train_learning_rate': 0.002407281820982543, 'train_lr_reduce': 0.6}. Best is trial 2056 with value: 0.13246719539165497.
[I 2024-12-15 17:13:16,362] Trial 2088 finished with value: 0.21407409012317657 and parameters: {'mlp_n_layers': 4, 'mlp_dim_00': 80, 'mlp_dim_01': 240, 'mlp_dim_02': 32, 'mlp_dim_03': 64, 'hidden_channels': 176, 'num_layers': 4, 'num_timesteps': 2, 'dropout': 0.015743228561631545, 'train_learning_rate': 0.0018320589644538663, 'train_lr_reduce': 0.6}. Best is trial 2056 with value: 0.13246719539165497.
[I 2024-12-15 17:13:18,073] Trial 2089 finished with value: 0.21338646113872528 and parameters: {'mlp_n_layers': 4, 'mlp_dim_00': 48, 'mlp_dim_01': 208, 'mlp_dim_02': 48, 'mlp_dim_03': 64, 'hidden_channels': 224, 'num_layers': 1, 'num_timesteps': 4, 'dropout': 0.01175606847026269, 'train_learning_rate': 0.006685191015373697, 'train_lr_reduce': 0.6}. Best is trial 2056 with value: 0.13246719539165497.
[I 2024-12-15 17:13:22,809] Trial 2090 finished with value: 0.24106653034687042 and parameters: {'mlp_n_layers': 4, 'mlp_dim_00': 80, 'mlp_dim_01': 208, 'mlp_dim_02': 32, 'mlp_dim_03': 48, 'hidden_channels': 176, 'num_layers': 1, 'num_timesteps': 4, 'dropout': 0.02079351115553195, 'train_learning_rate': 0.008965350136418632, 'train_lr_reduce': 0.6}. Best is trial 2056 with value: 0.13246719539165497.
[I 2024-12-15 17:13:25,100] Trial 2092 finished with value: 0.24278534948825836 and parameters: {'mlp_n_layers': 4, 'mlp_dim_00': 48, 'mlp_dim_01': 176, 'mlp_dim_02': 48, 'mlp_dim_03': 64, 'hidden_channels': 256, 'num_layers': 1, 'num_timesteps': 4, 'dropout': 0.029805046481290606, 'train_learning_rate': 0.006531529722259728, 'train_lr_reduce': 0.6}. Best is trial 2056 with value: 0.13246719539165497.
[I 2024-12-15 17:13:26,574] Trial 2091 finished with value: 0.2124827653169632 and parameters: {'mlp_n_layers': 4, 'mlp_dim_00': 64, 'mlp_dim_01': 160, 'mlp_dim_02': 32, 'mlp_dim_03': 64, 'hidden_channels': 256, 'num_layers': 1, 'num_timesteps': 4, 'dropout': 0.050424728238237446, 'train_learning_rate': 0.0037029983182199303, 'train_lr_reduce': 0.6}. Best is trial 2056 with value: 0.13246719539165497.
[I 2024-12-15 17:13:30,411] Trial 2093 finished with value: 0.2189004123210907 and parameters: {'mlp_n_layers': 4, 'mlp_dim_00': 32, 'mlp_dim_01': 240, 'mlp_dim_02': 32, 'mlp_dim_03': 48, 'hidden_channels': 208, 'num_layers': 1, 'num_timesteps': 3, 'dropout': 0.01875118788011901, 'train_learning_rate': 0.004778338758974279, 'train_lr_reduce': 0.6}. Best is trial 2056 with value: 0.13246719539165497.
[I 2024-12-15 17:13:31,118] Trial 2094 finished with value: 0.22803671658039093 and parameters: {'mlp_n_layers': 2, 'mlp_dim_00': 128, 'mlp_dim_01': 256, 'hidden_channels': 160, 'num_layers': 1, 'num_timesteps': 3, 'dropout': 0.031662809905454455, 'train_learning_rate': 0.008323402376739305, 'train_lr_reduce': 0.6}. Best is trial 2056 with value: 0.13246719539165497.
[I 2024-12-15 17:13:37,038] Trial 2095 finished with value: 0.17808249592781067 and parameters: {'mlp_n_layers': 2, 'mlp_dim_00': 112, 'mlp_dim_01': 208, 'hidden_channels': 160, 'num_layers': 1, 'num_timesteps': 4, 'dropout': 0.060066865193983895, 'train_learning_rate': 0.00643660743607986, 'train_lr_reduce': 0.6}. Best is trial 2056 with value: 0.13246719539165497.
[I 2024-12-15 17:13:38,335] Trial 2097 finished with value: 0.21977651119232178 and parameters: {'mlp_n_layers': 2, 'mlp_dim_00': 80, 'mlp_dim_01': 112, 'hidden_channels': 240, 'num_layers': 1, 'num_timesteps': 4, 'dropout': 0.04206130195007264, 'train_learning_rate': 0.0014848426605170494, 'train_lr_reduce': 0.6}. Best is trial 2056 with value: 0.13246719539165497.
[I 2024-12-15 17:13:45,062] Trial 2096 finished with value: 0.236113503575325 and parameters: {'mlp_n_layers': 4, 'mlp_dim_00': 96, 'mlp_dim_01': 240, 'mlp_dim_02': 48, 'mlp_dim_03': 64, 'hidden_channels': 192, 'num_layers': 4, 'num_timesteps': 1, 'dropout': 0.1405848074400377, 'train_learning_rate': 0.00035393306861195045, 'train_lr_reduce': 0.6}. Best is trial 2056 with value: 0.13246719539165497.
[I 2024-12-15 17:13:48,383] Trial 2100 finished with value: 1.0477203130722046 and parameters: {'mlp_n_layers': 3, 'mlp_dim_00': 64, 'mlp_dim_01': 192, 'mlp_dim_02': 32, 'hidden_channels': 208, 'num_layers': 1, 'num_timesteps': 4, 'dropout': 0.005115539203512631, 'train_learning_rate': 0.005663697030921989, 'train_lr_reduce': 0.6}. Best is trial 2056 with value: 0.13246719539165497.
[I 2024-12-15 17:13:50,162] Trial 2099 finished with value: 0.23483408987522125 and parameters: {'mlp_n_layers': 3, 'mlp_dim_00': 64, 'mlp_dim_01': 192, 'mlp_dim_02': 32, 'hidden_channels': 208, 'num_layers': 2, 'num_timesteps': 3, 'dropout': 0.008498195351707287, 'train_learning_rate': 0.001445243412541763, 'train_lr_reduce': 0.6}. Best is trial 2056 with value: 0.13246719539165497.
[I 2024-12-15 17:13:53,190] Trial 2098 finished with value: 0.18010206520557404 and parameters: {'mlp_n_layers': 4, 'mlp_dim_00': 80, 'mlp_dim_01': 192, 'mlp_dim_02': 48, 'mlp_dim_03': 48, 'hidden_channels': 240, 'num_layers': 1, 'num_timesteps': 4, 'dropout': 0.0033791874332613943, 'train_learning_rate': 0.003162291178679891, 'train_lr_reduce': 0.6}. Best is trial 2056 with value: 0.13246719539165497.
[I 2024-12-15 17:13:56,328] Trial 2101 finished with value: 0.2047867774963379 and parameters: {'mlp_n_layers': 4, 'mlp_dim_00': 48, 'mlp_dim_01': 192, 'mlp_dim_02': 48, 'mlp_dim_03': 64, 'hidden_channels': 144, 'num_layers': 1, 'num_timesteps': 3, 'dropout': 0.0398950445469297, 'train_learning_rate': 0.0030670152178145114, 'train_lr_reduce': 0.6}. Best is trial 2056 with value: 0.13246719539165497.
[I 2024-12-15 17:13:57,999] Trial 2102 finished with value: 0.18660672008991241 and parameters: {'mlp_n_layers': 4, 'mlp_dim_00': 48, 'mlp_dim_01': 224, 'mlp_dim_02': 48, 'mlp_dim_03': 64, 'hidden_channels': 256, 'num_layers': 1, 'num_timesteps': 4, 'dropout': 0.05312106617851356, 'train_learning_rate': 0.007404944436329214, 'train_lr_reduce': 0.6}. Best is trial 2056 with value: 0.13246719539165497.
[I 2024-12-15 17:14:04,749] Trial 2103 finished with value: 0.17035116255283356 and parameters: {'mlp_n_layers': 4, 'mlp_dim_00': 32, 'mlp_dim_01': 208, 'mlp_dim_02': 64, 'mlp_dim_03': 48, 'hidden_channels': 224, 'num_layers': 1, 'num_timesteps': 4, 'dropout': 0.05795166983589832, 'train_learning_rate': 0.0038341392501280314, 'train_lr_reduce': 0.6}. Best is trial 2056 with value: 0.13246719539165497.
