[I 2024-12-04 17:50:35,870] Trial 1355 finished with value: 0.31220618360494845 and parameters: {'n_estimators': 893, 'max_depth': 6, 'learning_rate': 0.07421919608861262, 'subsample': 0.7702659974106524, 'colsample_bytree': 0.7162586905433161, 'min_child_weight': 2, 'gamma': 0.0008508241149947142, 'reg_alpha': 9.674917769247833e-05, 'reg_lambda': 0.013973489316631074}. Best is trial 1319 with value: 0.30197738672869706.
[I 2024-12-04 17:50:37,311] Trial 1356 finished with value: 0.30997528934047996 and parameters: {'n_estimators': 893, 'max_depth': 6, 'learning_rate': 0.07563507463462753, 'subsample': 0.7694237478409914, 'colsample_bytree': 0.7176809980110125, 'min_child_weight': 2, 'gamma': 0.0009004364313339856, 'reg_alpha': 0.00011998959994258975, 'reg_lambda': 0.014440814533040221}. Best is trial 1319 with value: 0.30197738672869706.
[I 2024-12-04 17:50:38,878] Trial 1357 finished with value: 0.31505527239946945 and parameters: {'n_estimators': 896, 'max_depth': 6, 'learning_rate': 0.07492578321644691, 'subsample': 0.770735581252387, 'colsample_bytree': 0.7158414719678523, 'min_child_weight': 2, 'gamma': 0.0007865696221339988, 'reg_alpha': 0.0001031766769297042, 'reg_lambda': 0.013932323904438592}. Best is trial 1319 with value: 0.30197738672869706.
[I 2024-12-04 17:50:40,417] Trial 1358 finished with value: 0.31045661527635404 and parameters: {'n_estimators': 894, 'max_depth': 6, 'learning_rate': 0.07437990792347686, 'subsample': 0.7695355892785238, 'colsample_bytree': 0.7163341281146914, 'min_child_weight': 2, 'gamma': 0.0008076378143006745, 'reg_alpha': 0.00010213167028670606, 'reg_lambda': 0.013944596873066793}. Best is trial 1319 with value: 0.30197738672869706.
[I 2024-12-04 17:50:41,941] Trial 1359 finished with value: 0.30861899402494053 and parameters: {'n_estimators': 902, 'max_depth': 6, 'learning_rate': 0.07496755875883096, 'subsample': 0.7690001423859285, 'colsample_bytree': 0.7145397705047536, 'min_child_weight': 2, 'gamma': 0.0007846186935202332, 'reg_alpha': 0.00012101507899435219, 'reg_lambda': 0.012487583345844723}. Best is trial 1319 with value: 0.30197738672869706.
[I 2024-12-04 17:50:43,365] Trial 1360 finished with value: 0.3158171454793459 and parameters: {'n_estimators': 889, 'max_depth': 6, 'learning_rate': 0.07485280693079535, 'subsample': 0.7698891287555365, 'colsample_bytree': 0.7163879592072038, 'min_child_weight': 2, 'gamma': 0.0008591359702958706, 'reg_alpha': 0.00011909921497910782, 'reg_lambda': 0.012681285279281987}. Best is trial 1319 with value: 0.30197738672869706.
[I 2024-12-04 17:50:44,801] Trial 1361 finished with value: 0.3129535678037207 and parameters: {'n_estimators': 898, 'max_depth': 6, 'learning_rate': 0.07444181144992985, 'subsample': 0.7698125704987159, 'colsample_bytree': 0.7155371557445169, 'min_child_weight': 2, 'gamma': 0.0008736176376167425, 'reg_alpha': 0.00010118668938527741, 'reg_lambda': 0.012718481236103309}. Best is trial 1319 with value: 0.30197738672869706.
[I 2024-12-04 17:50:46,236] Trial 1362 finished with value: 0.3116708744695505 and parameters: {'n_estimators': 895, 'max_depth': 6, 'learning_rate': 0.07528564254432944, 'subsample': 0.7689104966506577, 'colsample_bytree': 0.713981114619366, 'min_child_weight': 2, 'gamma': 0.000956751664691967, 'reg_alpha': 0.0001433103409281382, 'reg_lambda': 0.013256164821347727}. Best is trial 1319 with value: 0.30197738672869706.
[I 2024-12-04 17:50:47,668] Trial 1363 finished with value: 0.3128125587139022 and parameters: {'n_estimators': 895, 'max_depth': 6, 'learning_rate': 0.07617363645644322, 'subsample': 0.7686933630359928, 'colsample_bytree': 0.7167560221887225, 'min_child_weight': 2, 'gamma': 0.0008885082308896144, 'reg_alpha': 0.0001215080054963385, 'reg_lambda': 0.014088150647892256}. Best is trial 1319 with value: 0.30197738672869706.
[I 2024-12-04 17:50:49,093] Trial 1364 finished with value: 0.31439400988365296 and parameters: {'n_estimators': 902, 'max_depth': 6, 'learning_rate': 0.07579312209094241, 'subsample': 0.7681879192167841, 'colsample_bytree': 0.715024678822546, 'min_child_weight': 2, 'gamma': 0.0008409126212371365, 'reg_alpha': 0.00011181023469867398, 'reg_lambda': 0.013696924193797142}. Best is trial 1319 with value: 0.30197738672869706.
[I 2024-12-04 17:50:50,508] Trial 1365 finished with value: 0.30777447475678055 and parameters: {'n_estimators': 900, 'max_depth': 6, 'learning_rate': 0.07545440592616394, 'subsample': 0.7686322352575532, 'colsample_bytree': 0.7135981793855259, 'min_child_weight': 2, 'gamma': 0.0007752853943082393, 'reg_alpha': 0.00013728395211585762, 'reg_lambda': 0.012372552923611453}. Best is trial 1319 with value: 0.30197738672869706.
[I 2024-12-04 17:50:51,915] Trial 1366 finished with value: 0.3135555645486515 and parameters: {'n_estimators': 895, 'max_depth': 6, 'learning_rate': 0.0751887437206732, 'subsample': 0.7690370389120735, 'colsample_bytree': 0.7164079076230823, 'min_child_weight': 2, 'gamma': 0.0008561671097511953, 'reg_alpha': 0.00012381098742363696, 'reg_lambda': 0.013219417492290818}. Best is trial 1319 with value: 0.30197738672869706.
[I 2024-12-04 17:50:53,484] Trial 1367 finished with value: 0.31459249899821523 and parameters: {'n_estimators': 898, 'max_depth': 6, 'learning_rate': 0.07461705974472325, 'subsample': 0.7698365642567838, 'colsample_bytree': 0.7158657042481058, 'min_child_weight': 2, 'gamma': 0.0008399081580239042, 'reg_alpha': 0.00011611482631547331, 'reg_lambda': 0.01285755769033942}. Best is trial 1319 with value: 0.30197738672869706.
[I 2024-12-04 17:50:54,890] Trial 1368 finished with value: 0.3076178060030003 and parameters: {'n_estimators': 899, 'max_depth': 6, 'learning_rate': 0.07470261399896501, 'subsample': 0.7690455469600311, 'colsample_bytree': 0.7180382670840623, 'min_child_weight': 2, 'gamma': 0.0008270585297856964, 'reg_alpha': 0.00010054631468653484, 'reg_lambda': 0.013676286676648872}. Best is trial 1319 with value: 0.30197738672869706.
[I 2024-12-04 17:50:56,419] Trial 1369 finished with value: 0.3143560057324507 and parameters: {'n_estimators': 903, 'max_depth': 6, 'learning_rate': 0.07450273091002195, 'subsample': 0.7705657851164073, 'colsample_bytree': 0.7164603332575799, 'min_child_weight': 2, 'gamma': 0.0007636236146879434, 'reg_alpha': 0.00010721811515538598, 'reg_lambda': 0.01256652296864794}. Best is trial 1319 with value: 0.30197738672869706.
[I 2024-12-04 17:50:57,864] Trial 1370 finished with value: 0.3093214007984115 and parameters: {'n_estimators': 895, 'max_depth': 6, 'learning_rate': 0.07458944022450795, 'subsample': 0.7690245251217924, 'colsample_bytree': 0.7171314207344998, 'min_child_weight': 2, 'gamma': 0.0008199012039939496, 'reg_alpha': 0.00010702741629870709, 'reg_lambda': 0.013163343042462387}. Best is trial 1319 with value: 0.30197738672869706.
[I 2024-12-04 17:50:59,289] Trial 1371 finished with value: 0.309011342921397 and parameters: {'n_estimators': 899, 'max_depth': 6, 'learning_rate': 0.07485055229738548, 'subsample': 0.7695319756942613, 'colsample_bytree': 0.718490794621953, 'min_child_weight': 2, 'gamma': 0.0008368865869981014, 'reg_alpha': 0.00011166661727979713, 'reg_lambda': 0.012898952411956745}. Best is trial 1319 with value: 0.30197738672869706.
[I 2024-12-04 17:51:00,730] Trial 1372 finished with value: 0.31166326961685326 and parameters: {'n_estimators': 895, 'max_depth': 6, 'learning_rate': 0.07428329349588049, 'subsample': 0.7694211198119362, 'colsample_bytree': 0.7155187294904517, 'min_child_weight': 2, 'gamma': 0.0008998261393033505, 'reg_alpha': 0.0001272181718167544, 'reg_lambda': 0.013274158687729016}. Best is trial 1319 with value: 0.30197738672869706.
[I 2024-12-04 17:51:02,167] Trial 1373 finished with value: 0.3180349219817496 and parameters: {'n_estimators': 893, 'max_depth': 6, 'learning_rate': 0.07643493897048653, 'subsample': 0.7693787233333781, 'colsample_bytree': 0.7146098633615557, 'min_child_weight': 2, 'gamma': 0.0007210409354592438, 'reg_alpha': 0.00014483553651359077, 'reg_lambda': 0.013909682252091824}. Best is trial 1319 with value: 0.30197738672869706.
[I 2024-12-04 17:51:03,742] Trial 1374 finished with value: 0.31652191542873725 and parameters: {'n_estimators': 900, 'max_depth': 6, 'learning_rate': 0.07551107834076458, 'subsample': 0.7680153965700244, 'colsample_bytree': 0.7160389729129394, 'min_child_weight': 2, 'gamma': 0.0008121535307670573, 'reg_alpha': 0.0001062044409694939, 'reg_lambda': 0.012921976432663712}. Best is trial 1319 with value: 0.30197738672869706.
[I 2024-12-04 17:51:05,220] Trial 1375 finished with value: 0.3130541830779564 and parameters: {'n_estimators': 901, 'max_depth': 6, 'learning_rate': 0.07462867657433407, 'subsample': 0.7669698678824355, 'colsample_bytree': 0.7143546574028823, 'min_child_weight': 2, 'gamma': 0.0008577101361152008, 'reg_alpha': 0.00011931612541134675, 'reg_lambda': 0.011760823878009755}. Best is trial 1319 with value: 0.30197738672869706.
[I 2024-12-04 17:51:06,783] Trial 1376 finished with value: 0.3147212329701998 and parameters: {'n_estimators': 902, 'max_depth': 6, 'learning_rate': 0.0742626189058313, 'subsample': 0.7692411841907248, 'colsample_bytree': 0.7162096292415434, 'min_child_weight': 2, 'gamma': 0.000875550056403395, 'reg_alpha': 0.00012886244823304136, 'reg_lambda': 0.012066494457548505}. Best is trial 1319 with value: 0.30197738672869706.
[I 2024-12-04 17:51:08,206] Trial 1377 finished with value: 0.3131195077595987 and parameters: {'n_estimators': 895, 'max_depth': 6, 'learning_rate': 0.07500622475581142, 'subsample': 0.7680116307862772, 'colsample_bytree': 0.7160484465099616, 'min_child_weight': 2, 'gamma': 0.0008699941745108255, 'reg_alpha': 0.00011980498790302717, 'reg_lambda': 0.013012219413512964}. Best is trial 1319 with value: 0.30197738672869706.
[I 2024-12-04 17:51:09,640] Trial 1378 finished with value: 0.3115222466425477 and parameters: {'n_estimators': 900, 'max_depth': 6, 'learning_rate': 0.07529750012583122, 'subsample': 0.7692845315060378, 'colsample_bytree': 0.7136816177939536, 'min_child_weight': 2, 'gamma': 0.0008236236480717072, 'reg_alpha': 0.00012191327400922312, 'reg_lambda': 0.012644938747177197}. Best is trial 1319 with value: 0.30197738672869706.
[I 2024-12-04 17:51:11,148] Trial 1379 finished with value: 0.30863476119119354 and parameters: {'n_estimators': 902, 'max_depth': 6, 'learning_rate': 0.07489015971847557, 'subsample': 0.7690139775388486, 'colsample_bytree': 0.7165700311648621, 'min_child_weight': 2, 'gamma': 0.0008576598440106214, 'reg_alpha': 0.00010609217902136158, 'reg_lambda': 0.013709259331610659}. Best is trial 1319 with value: 0.30197738672869706.
[I 2024-12-04 17:51:12,694] Trial 1380 finished with value: 0.31907874226865396 and parameters: {'n_estimators': 903, 'max_depth': 6, 'learning_rate': 0.07462810965817229, 'subsample': 0.7680015795191022, 'colsample_bytree': 0.717367851438304, 'min_child_weight': 2, 'gamma': 0.0009751326411430923, 'reg_alpha': 0.00010706579178619362, 'reg_lambda': 0.01498038641793127}. Best is trial 1319 with value: 0.30197738672869706.
[I 2024-12-04 17:51:14,124] Trial 1381 finished with value: 0.31434758732949714 and parameters: {'n_estimators': 908, 'max_depth': 6, 'learning_rate': 0.07543885327882278, 'subsample': 0.7683700730678139, 'colsample_bytree': 0.7173557932563384, 'min_child_weight': 2, 'gamma': 0.000784270716472838, 'reg_alpha': 0.00010217747458388931, 'reg_lambda': 0.012216878637578392}. Best is trial 1319 with value: 0.30197738672869706.
[I 2024-12-04 17:51:15,537] Trial 1382 finished with value: 0.31565902007771574 and parameters: {'n_estimators': 899, 'max_depth': 6, 'learning_rate': 0.075943702137218, 'subsample': 0.7693521081326521, 'colsample_bytree': 0.7167515927297972, 'min_child_weight': 2, 'gamma': 0.0008957051487521627, 'reg_alpha': 0.00013113668937826252, 'reg_lambda': 0.01363584902003889}. Best is trial 1319 with value: 0.30197738672869706.
[I 2024-12-04 17:51:16,951] Trial 1383 finished with value: 0.31554933694202314 and parameters: {'n_estimators': 896, 'max_depth': 6, 'learning_rate': 0.07411217976939542, 'subsample': 0.769499995072113, 'colsample_bytree': 0.7172339567259468, 'min_child_weight': 2, 'gamma': 0.0008206241143175237, 'reg_alpha': 9.041152479578799e-05, 'reg_lambda': 0.012289430877402077}. Best is trial 1319 with value: 0.30197738672869706.
[I 2024-12-04 17:51:18,931] Trial 1384 finished with value: 0.31773591820812697 and parameters: {'n_estimators': 901, 'max_depth': 6, 'learning_rate': 0.07495734367342317, 'subsample': 0.7687456297552742, 'colsample_bytree': 0.7166182362517433, 'min_child_weight': 2, 'gamma': 0.0008118540707338213, 'reg_alpha': 0.0001014266621474065, 'reg_lambda': 0.01391593232696395}. Best is trial 1319 with value: 0.30197738672869706.
[I 2024-12-04 17:51:20,362] Trial 1385 finished with value: 0.31659849003209095 and parameters: {'n_estimators': 899, 'max_depth': 6, 'learning_rate': 0.07468526787766651, 'subsample': 0.7685853274039436, 'colsample_bytree': 0.7174592024025711, 'min_child_weight': 2, 'gamma': 0.0008294264939096429, 'reg_alpha': 0.00010366303924817959, 'reg_lambda': 0.014757763725571122}. Best is trial 1319 with value: 0.30197738672869706.
[I 2024-12-04 17:51:21,766] Trial 1386 finished with value: 0.3153302405077975 and parameters: {'n_estimators': 890, 'max_depth': 6, 'learning_rate': 0.07593261093345982, 'subsample': 0.7689452568521732, 'colsample_bytree': 0.7161430172396964, 'min_child_weight': 2, 'gamma': 0.0007555114812503439, 'reg_alpha': 0.00011065531121885898, 'reg_lambda': 0.014657201377900915}. Best is trial 1319 with value: 0.30197738672869706.
[I 2024-12-04 17:51:23,204] Trial 1387 finished with value: 0.31845313106902845 and parameters: {'n_estimators': 894, 'max_depth': 6, 'learning_rate': 0.07468359090421728, 'subsample': 0.7706734486808094, 'colsample_bytree': 0.7176931364978418, 'min_child_weight': 2, 'gamma': 0.0007982939857735867, 'reg_alpha': 0.0001114713719662331, 'reg_lambda': 0.013169153367295393}. Best is trial 1319 with value: 0.30197738672869706.
[I 2024-12-04 17:51:24,642] Trial 1388 finished with value: 0.31393812305455193 and parameters: {'n_estimators': 899, 'max_depth': 6, 'learning_rate': 0.07454198282564516, 'subsample': 0.7695718920908725, 'colsample_bytree': 0.7177462895592587, 'min_child_weight': 2, 'gamma': 0.0008588464737927507, 'reg_alpha': 9.748908354226694e-05, 'reg_lambda': 0.012261265744340126}. Best is trial 1319 with value: 0.30197738672869706.
[I 2024-12-04 17:51:26,119] Trial 1389 finished with value: 0.30775356610078586 and parameters: {'n_estimators': 899, 'max_depth': 6, 'learning_rate': 0.07475948942947212, 'subsample': 0.7701899349297431, 'colsample_bytree': 0.7171264434225054, 'min_child_weight': 2, 'gamma': 0.0008234080555790045, 'reg_alpha': 9.78816708669693e-05, 'reg_lambda': 0.013295462216886076}. Best is trial 1319 with value: 0.30197738672869706.
[I 2024-12-04 17:51:27,641] Trial 1390 finished with value: 0.3127705372389803 and parameters: {'n_estimators': 891, 'max_depth': 6, 'learning_rate': 0.07472013909431728, 'subsample': 0.7700379966355159, 'colsample_bytree': 0.717039278499716, 'min_child_weight': 2, 'gamma': 0.0008466529703732168, 'reg_alpha': 9.813220687980241e-05, 'reg_lambda': 0.0129794339612019}. Best is trial 1319 with value: 0.30197738672869706.
[I 2024-12-04 17:51:29,777] Trial 1391 finished with value: 0.31184035194536286 and parameters: {'n_estimators': 897, 'max_depth': 6, 'learning_rate': 0.07540469724494545, 'subsample': 0.7685363147496683, 'colsample_bytree': 0.7175259079593608, 'min_child_weight': 2, 'gamma': 0.0008044866482832192, 'reg_alpha': 0.00010415258069956538, 'reg_lambda': 0.014508356506789114}. Best is trial 1319 with value: 0.30197738672869706.
[I 2024-12-04 17:51:31,251] Trial 1392 finished with value: 0.3179892917592196 and parameters: {'n_estimators': 903, 'max_depth': 6, 'learning_rate': 0.07564306333610152, 'subsample': 0.7686896318072882, 'colsample_bytree': 0.7162206948196504, 'min_child_weight': 2, 'gamma': 0.000767394930270271, 'reg_alpha': 0.00010515085621640131, 'reg_lambda': 0.012503387406109411}. Best is trial 1319 with value: 0.30197738672869706.
[I 2024-12-04 17:51:32,670] Trial 1393 finished with value: 0.31238705966237124 and parameters: {'n_estimators': 901, 'max_depth': 6, 'learning_rate': 0.07308783451132603, 'subsample': 0.7701717418074091, 'colsample_bytree': 0.7172101616191274, 'min_child_weight': 2, 'gamma': 0.0008219011347424724, 'reg_alpha': 8.827671254183598e-05, 'reg_lambda': 0.01160750583164255}. Best is trial 1319 with value: 0.30197738672869706.
[I 2024-12-04 17:51:34,104] Trial 1394 finished with value: 0.3182370403866422 and parameters: {'n_estimators': 909, 'max_depth': 6, 'learning_rate': 0.07486477767281863, 'subsample': 0.768654790234814, 'colsample_bytree': 0.7167819255879528, 'min_child_weight': 2, 'gamma': 0.0008867920490909638, 'reg_alpha': 0.00010353297237492714, 'reg_lambda': 0.01203701129585691}. Best is trial 1319 with value: 0.30197738672869706.
[I 2024-12-04 17:51:35,641] Trial 1395 finished with value: 0.3162699975318718 and parameters: {'n_estimators': 899, 'max_depth': 6, 'learning_rate': 0.07395583430459093, 'subsample': 0.7701679196047089, 'colsample_bytree': 0.7186562643095318, 'min_child_weight': 2, 'gamma': 0.0007930940079932814, 'reg_alpha': 7.77213262169857e-05, 'reg_lambda': 0.014225902288721332}. Best is trial 1319 with value: 0.30197738672869706.
[I 2024-12-04 17:51:37,039] Trial 1396 finished with value: 0.31447546570090923 and parameters: {'n_estimators': 900, 'max_depth': 6, 'learning_rate': 0.07470280631544673, 'subsample': 0.7695264436337473, 'colsample_bytree': 0.7195954462639989, 'min_child_weight': 2, 'gamma': 0.0008623943260633508, 'reg_alpha': 8.682389734964482e-05, 'reg_lambda': 0.013912208279186484}. Best is trial 1319 with value: 0.30197738672869706.
[I 2024-12-04 17:51:38,432] Trial 1397 finished with value: 0.31269151269813505 and parameters: {'n_estimators': 902, 'max_depth': 6, 'learning_rate': 0.07483401618744409, 'subsample': 0.7684048793058372, 'colsample_bytree': 0.7176137751869457, 'min_child_weight': 2, 'gamma': 0.00080438531273725, 'reg_alpha': 0.00010269710904771694, 'reg_lambda': 0.011713891806010172}. Best is trial 1319 with value: 0.30197738672869706.
[I 2024-12-04 17:51:39,992] Trial 1398 finished with value: 0.3135747533942644 and parameters: {'n_estimators': 895, 'max_depth': 6, 'learning_rate': 0.07540854494716394, 'subsample': 0.7687635437569803, 'colsample_bytree': 0.718028652243432, 'min_child_weight': 2, 'gamma': 0.0009014482497193443, 'reg_alpha': 0.00010849201767949318, 'reg_lambda': 0.01475877304821941}. Best is trial 1319 with value: 0.30197738672869706.
[I 2024-12-04 17:51:41,512] Trial 1399 finished with value: 0.30791397396586795 and parameters: {'n_estimators': 900, 'max_depth': 6, 'learning_rate': 0.07518869206012949, 'subsample': 0.7689203575179778, 'colsample_bytree': 0.7187339763010099, 'min_child_weight': 2, 'gamma': 0.0008194567800187668, 'reg_alpha': 0.00010484101327845351, 'reg_lambda': 0.014277009177683223}. Best is trial 1319 with value: 0.30197738672869706.
[I 2024-12-04 17:51:43,023] Trial 1400 finished with value: 0.31089957674222923 and parameters: {'n_estimators': 896, 'max_depth': 6, 'learning_rate': 0.0754853396240074, 'subsample': 0.769515091592116, 'colsample_bytree': 0.7156197787609746, 'min_child_weight': 2, 'gamma': 0.0007987842515357544, 'reg_alpha': 0.00012240345542620027, 'reg_lambda': 0.01297751106238148}. Best is trial 1319 with value: 0.30197738672869706.
[I 2024-12-04 17:51:44,420] Trial 1401 finished with value: 0.3109054143467474 and parameters: {'n_estimators': 900, 'max_depth': 6, 'learning_rate': 0.07456689513732599, 'subsample': 0.7699676066825204, 'colsample_bytree': 0.71699436588587, 'min_child_weight': 2, 'gamma': 0.0007463352262034639, 'reg_alpha': 0.00010609808785092857, 'reg_lambda': 0.013026048719577939}. Best is trial 1319 with value: 0.30197738672869706.
[I 2024-12-04 17:51:45,874] Trial 1402 finished with value: 0.31419692173397107 and parameters: {'n_estimators': 898, 'max_depth': 6, 'learning_rate': 0.07371288204302266, 'subsample': 0.7699899035358666, 'colsample_bytree': 0.7194073884973706, 'min_child_weight': 2, 'gamma': 0.0008125589078179855, 'reg_alpha': 8.863658748670215e-05, 'reg_lambda': 0.013359071251829415}. Best is trial 1319 with value: 0.30197738672869706.
[I 2024-12-04 17:51:47,287] Trial 1403 finished with value: 0.3111200697398229 and parameters: {'n_estimators': 900, 'max_depth': 6, 'learning_rate': 0.0751627506754483, 'subsample': 0.7702260252025211, 'colsample_bytree': 0.7160044282742559, 'min_child_weight': 2, 'gamma': 0.0007919730690852907, 'reg_alpha': 0.00010752837970701456, 'reg_lambda': 0.013518713250893927}. Best is trial 1319 with value: 0.30197738672869706.
[I 2024-12-04 17:51:48,719] Trial 1404 finished with value: 0.3094601085229786 and parameters: {'n_estimators': 892, 'max_depth': 6, 'learning_rate': 0.07447890586929365, 'subsample': 0.7696325344778436, 'colsample_bytree': 0.7180743118140493, 'min_child_weight': 2, 'gamma': 0.0008035198195264387, 'reg_alpha': 9.669806161988008e-05, 'reg_lambda': 0.012496023417768513}. Best is trial 1319 with value: 0.30197738672869706.
[I 2024-12-04 17:51:50,274] Trial 1405 finished with value: 0.3186400559672142 and parameters: {'n_estimators': 896, 'max_depth': 6, 'learning_rate': 0.07501561692496816, 'subsample': 0.7701776391719293, 'colsample_bytree': 0.7164194448397911, 'min_child_weight': 2, 'gamma': 0.0008613588640397198, 'reg_alpha': 0.0001153601450171844, 'reg_lambda': 0.013014642164711182}. Best is trial 1319 with value: 0.30197738672869706.
