[I 2024-12-04 17:58:09,430] Trial 1661 finished with value: 0.31385080426377354 and parameters: {'n_estimators': 897, 'max_depth': 6, 'learning_rate': 0.07555591596852174, 'subsample': 0.7688653559727976, 'colsample_bytree': 0.717448730118194, 'min_child_weight': 2, 'gamma': 0.000797152943187165, 'reg_alpha': 0.00014794567928202773, 'reg_lambda': 0.013990694480668255}. Best is trial 1319 with value: 0.30197738672869706.
[I 2024-12-04 17:58:10,846] Trial 1662 finished with value: 0.3117234775484285 and parameters: {'n_estimators': 898, 'max_depth': 6, 'learning_rate': 0.07528271380855912, 'subsample': 0.7687772704808464, 'colsample_bytree': 0.7179916169661809, 'min_child_weight': 2, 'gamma': 0.0008475324084401687, 'reg_alpha': 0.0001377089865361178, 'reg_lambda': 0.014608042099361998}. Best is trial 1319 with value: 0.30197738672869706.
[I 2024-12-04 17:58:12,260] Trial 1663 finished with value: 0.3105852141541264 and parameters: {'n_estimators': 901, 'max_depth': 6, 'learning_rate': 0.07504565597788515, 'subsample': 0.7689775097713987, 'colsample_bytree': 0.7178356134917686, 'min_child_weight': 2, 'gamma': 0.0007582559212821791, 'reg_alpha': 0.00012999739198350424, 'reg_lambda': 0.013361320329396726}. Best is trial 1319 with value: 0.30197738672869706.
[I 2024-12-04 17:58:13,675] Trial 1664 finished with value: 0.31395726529418755 and parameters: {'n_estimators': 901, 'max_depth': 6, 'learning_rate': 0.0748895566823512, 'subsample': 0.7686756998997766, 'colsample_bytree': 0.7163026314727327, 'min_child_weight': 2, 'gamma': 0.0008620701332533475, 'reg_alpha': 0.00014171509701864523, 'reg_lambda': 0.013977592426252735}. Best is trial 1319 with value: 0.30197738672869706.
[I 2024-12-04 17:58:15,114] Trial 1665 finished with value: 0.3099604003982185 and parameters: {'n_estimators': 905, 'max_depth': 6, 'learning_rate': 0.07531801831517895, 'subsample': 0.7684905713777674, 'colsample_bytree': 0.7175506096056135, 'min_child_weight': 2, 'gamma': 0.0007953079321448362, 'reg_alpha': 0.00013158706674174615, 'reg_lambda': 0.013897377373117244}. Best is trial 1319 with value: 0.30197738672869706.
[I 2024-12-04 17:58:16,539] Trial 1666 finished with value: 0.3113443519392963 and parameters: {'n_estimators': 900, 'max_depth': 6, 'learning_rate': 0.07467411161372124, 'subsample': 0.7690334694435556, 'colsample_bytree': 0.7177804161620399, 'min_child_weight': 2, 'gamma': 0.0008099469653227987, 'reg_alpha': 0.00013843026388658347, 'reg_lambda': 0.013513272804895947}. Best is trial 1319 with value: 0.30197738672869706.
[I 2024-12-04 17:58:18,007] Trial 1667 finished with value: 0.31473967704696737 and parameters: {'n_estimators': 897, 'max_depth': 6, 'learning_rate': 0.07489798657867469, 'subsample': 0.7692207359144907, 'colsample_bytree': 0.7150705706318339, 'min_child_weight': 2, 'gamma': 0.0008057795216924696, 'reg_alpha': 0.00014298525935633324, 'reg_lambda': 0.013040995463413729}. Best is trial 1319 with value: 0.30197738672869706.
[I 2024-12-04 17:58:19,401] Trial 1668 finished with value: 0.31467230585175393 and parameters: {'n_estimators': 901, 'max_depth': 6, 'learning_rate': 0.07487022737263543, 'subsample': 0.7688569351139056, 'colsample_bytree': 0.7169005364641031, 'min_child_weight': 2, 'gamma': 0.0008340820539934124, 'reg_alpha': 0.00013537664307645142, 'reg_lambda': 0.013024461868520642}. Best is trial 1319 with value: 0.30197738672869706.
[I 2024-12-04 17:58:20,874] Trial 1669 finished with value: 0.31372079598705904 and parameters: {'n_estimators': 902, 'max_depth': 6, 'learning_rate': 0.07501065979942709, 'subsample': 0.7690828243175137, 'colsample_bytree': 0.7184749364301544, 'min_child_weight': 2, 'gamma': 0.0007817760053178158, 'reg_alpha': 0.00012376608361131265, 'reg_lambda': 0.013807037269820853}. Best is trial 1319 with value: 0.30197738672869706.
[I 2024-12-04 17:58:22,502] Trial 1670 finished with value: 0.3140860986036678 and parameters: {'n_estimators': 902, 'max_depth': 6, 'learning_rate': 0.07506786040440083, 'subsample': 0.7693524197846618, 'colsample_bytree': 0.7186496129795209, 'min_child_weight': 2, 'gamma': 0.0008071959449773064, 'reg_alpha': 0.0001382872706140509, 'reg_lambda': 0.014362176943087217}. Best is trial 1319 with value: 0.30197738672869706.
[I 2024-12-04 17:58:23,898] Trial 1671 finished with value: 0.3139202688844513 and parameters: {'n_estimators': 901, 'max_depth': 6, 'learning_rate': 0.0751118630681816, 'subsample': 0.7683359031496733, 'colsample_bytree': 0.7188504546410079, 'min_child_weight': 2, 'gamma': 0.0007995920863695271, 'reg_alpha': 0.00013893890745554847, 'reg_lambda': 0.013415940757418686}. Best is trial 1319 with value: 0.30197738672869706.
[I 2024-12-04 17:58:25,305] Trial 1672 finished with value: 0.3224295482753328 and parameters: {'n_estimators': 901, 'max_depth': 6, 'learning_rate': 0.07549493460740961, 'subsample': 0.7682133299450428, 'colsample_bytree': 0.7180465133529198, 'min_child_weight': 2, 'gamma': 0.0007834343507560653, 'reg_alpha': 0.00014557956849397792, 'reg_lambda': 0.013878965302464578}. Best is trial 1319 with value: 0.30197738672869706.
[I 2024-12-04 17:58:26,695] Trial 1673 finished with value: 0.3113063505013171 and parameters: {'n_estimators': 900, 'max_depth': 6, 'learning_rate': 0.07552574509485706, 'subsample': 0.7693791274639413, 'colsample_bytree': 0.718415903270262, 'min_child_weight': 2, 'gamma': 0.0008546502905765018, 'reg_alpha': 0.0001454131395293623, 'reg_lambda': 0.014062674091914392}. Best is trial 1319 with value: 0.30197738672869706.
[I 2024-12-04 17:58:28,097] Trial 1674 finished with value: 0.31263749551552006 and parameters: {'n_estimators': 901, 'max_depth': 6, 'learning_rate': 0.07551567681396236, 'subsample': 0.7684988269331274, 'colsample_bytree': 0.7173457660849808, 'min_child_weight': 2, 'gamma': 0.0007791435449669083, 'reg_alpha': 0.00013605153678375312, 'reg_lambda': 0.01402524903304026}. Best is trial 1319 with value: 0.30197738672869706.
[I 2024-12-04 17:58:29,496] Trial 1675 finished with value: 0.31424442381364 and parameters: {'n_estimators': 904, 'max_depth': 6, 'learning_rate': 0.0750488558712872, 'subsample': 0.7682782661909179, 'colsample_bytree': 0.7174512886067431, 'min_child_weight': 2, 'gamma': 0.0008194336722146931, 'reg_alpha': 0.00013350522734328956, 'reg_lambda': 0.013408697241020564}. Best is trial 1319 with value: 0.30197738672869706.
[I 2024-12-04 17:58:30,899] Trial 1676 finished with value: 0.30952222888141595 and parameters: {'n_estimators': 906, 'max_depth': 6, 'learning_rate': 0.07569361434971879, 'subsample': 0.7688671471086863, 'colsample_bytree': 0.7189232357318248, 'min_child_weight': 2, 'gamma': 0.000792858998075011, 'reg_alpha': 0.00013606022802686065, 'reg_lambda': 0.01578803823432146}. Best is trial 1319 with value: 0.30197738672869706.
[I 2024-12-04 17:58:32,341] Trial 1677 finished with value: 0.3134566583731969 and parameters: {'n_estimators': 902, 'max_depth': 6, 'learning_rate': 0.07493866565148057, 'subsample': 0.7684841907891, 'colsample_bytree': 0.7186027243456121, 'min_child_weight': 2, 'gamma': 0.0007872765363116232, 'reg_alpha': 0.00012947013873901628, 'reg_lambda': 0.013991445119332374}. Best is trial 1319 with value: 0.30197738672869706.
[I 2024-12-04 17:58:33,781] Trial 1678 finished with value: 0.3125627765582576 and parameters: {'n_estimators': 903, 'max_depth': 6, 'learning_rate': 0.07564169397606244, 'subsample': 0.7687297318460722, 'colsample_bytree': 0.7184662194851913, 'min_child_weight': 2, 'gamma': 0.0008291650297844341, 'reg_alpha': 0.00014293030679713743, 'reg_lambda': 0.014667014191287046}. Best is trial 1319 with value: 0.30197738672869706.
[I 2024-12-04 17:58:35,370] Trial 1679 finished with value: 0.31291005057098636 and parameters: {'n_estimators': 908, 'max_depth': 6, 'learning_rate': 0.07579013977754838, 'subsample': 0.7690086867783548, 'colsample_bytree': 0.7194950798200134, 'min_child_weight': 2, 'gamma': 0.0008324481695702023, 'reg_alpha': 0.00013449943561044358, 'reg_lambda': 0.015079172923346724}. Best is trial 1319 with value: 0.30197738672869706.
[I 2024-12-04 17:58:36,929] Trial 1680 finished with value: 0.31228310461216013 and parameters: {'n_estimators': 898, 'max_depth': 6, 'learning_rate': 0.0751388220454541, 'subsample': 0.7696776776883378, 'colsample_bytree': 0.7190173114665214, 'min_child_weight': 2, 'gamma': 0.0008179007217832027, 'reg_alpha': 0.00014365600043495273, 'reg_lambda': 0.013559331181829434}. Best is trial 1319 with value: 0.30197738672869706.
[I 2024-12-04 17:58:38,476] Trial 1681 finished with value: 0.31513587397854353 and parameters: {'n_estimators': 907, 'max_depth': 6, 'learning_rate': 0.07637057568545523, 'subsample': 0.7691860468261106, 'colsample_bytree': 0.7173019694703029, 'min_child_weight': 2, 'gamma': 0.0008589780765861981, 'reg_alpha': 0.00016576850476483665, 'reg_lambda': 0.015394717802260096}. Best is trial 1319 with value: 0.30197738672869706.
[I 2024-12-04 17:58:39,898] Trial 1682 finished with value: 0.31221142851094735 and parameters: {'n_estimators': 898, 'max_depth': 6, 'learning_rate': 0.07572623149791614, 'subsample': 0.7687143761840998, 'colsample_bytree': 0.7192206073998576, 'min_child_weight': 2, 'gamma': 0.0007916538818997037, 'reg_alpha': 0.00014553324759481148, 'reg_lambda': 0.014376565118832224}. Best is trial 1319 with value: 0.30197738672869706.
[I 2024-12-04 17:58:41,323] Trial 1683 finished with value: 0.31357118142475726 and parameters: {'n_estimators': 907, 'max_depth': 6, 'learning_rate': 0.07611872625677951, 'subsample': 0.7679804188815099, 'colsample_bytree': 0.7183558559476333, 'min_child_weight': 2, 'gamma': 0.0008087827192014615, 'reg_alpha': 0.0001577042411269965, 'reg_lambda': 0.01631812312288956}. Best is trial 1319 with value: 0.30197738672869706.
[I 2024-12-04 17:58:42,749] Trial 1684 finished with value: 0.32203795827857395 and parameters: {'n_estimators': 904, 'max_depth': 6, 'learning_rate': 0.0756980509435218, 'subsample': 0.768523589889804, 'colsample_bytree': 0.7205842073135819, 'min_child_weight': 2, 'gamma': 0.00083397558447029, 'reg_alpha': 0.00014706860794882467, 'reg_lambda': 0.016633020080912168}. Best is trial 1319 with value: 0.30197738672869706.
[I 2024-12-04 17:58:44,177] Trial 1685 finished with value: 0.3089678779877846 and parameters: {'n_estimators': 909, 'max_depth': 6, 'learning_rate': 0.07631055926173506, 'subsample': 0.76913296096614, 'colsample_bytree': 0.7175178283982029, 'min_child_weight': 2, 'gamma': 0.0008148880117091991, 'reg_alpha': 0.0001477656432881539, 'reg_lambda': 0.015003260902506688}. Best is trial 1319 with value: 0.30197738672869706.
[I 2024-12-04 17:58:45,597] Trial 1686 finished with value: 0.31302569186857715 and parameters: {'n_estimators': 898, 'max_depth': 6, 'learning_rate': 0.07516611610158794, 'subsample': 0.7686215309068878, 'colsample_bytree': 0.7191949670865607, 'min_child_weight': 2, 'gamma': 0.00084691085197106, 'reg_alpha': 0.00012911597438192547, 'reg_lambda': 0.014436913256204605}. Best is trial 1319 with value: 0.30197738672869706.
[I 2024-12-04 17:58:47,006] Trial 1687 finished with value: 0.3112638379832979 and parameters: {'n_estimators': 903, 'max_depth': 6, 'learning_rate': 0.07570390101111295, 'subsample': 0.769680057376283, 'colsample_bytree': 0.7179568004089422, 'min_child_weight': 2, 'gamma': 0.000856161889420989, 'reg_alpha': 0.00013632198443256182, 'reg_lambda': 0.01503302927168861}. Best is trial 1319 with value: 0.30197738672869706.
[I 2024-12-04 17:58:48,413] Trial 1688 finished with value: 0.31412122838833423 and parameters: {'n_estimators': 903, 'max_depth': 6, 'learning_rate': 0.0750481473682629, 'subsample': 0.7683344767808002, 'colsample_bytree': 0.7179880410044843, 'min_child_weight': 2, 'gamma': 0.0007933691960545109, 'reg_alpha': 0.00013853374718428833, 'reg_lambda': 0.014365985467330266}. Best is trial 1319 with value: 0.30197738672869706.
[I 2024-12-04 17:58:49,905] Trial 1689 finished with value: 0.3181065765642157 and parameters: {'n_estimators': 909, 'max_depth': 6, 'learning_rate': 0.07638344160084601, 'subsample': 0.7693517859822023, 'colsample_bytree': 0.7166552593341554, 'min_child_weight': 2, 'gamma': 0.0008178536506304214, 'reg_alpha': 0.00015345507519751202, 'reg_lambda': 0.014460710960598498}. Best is trial 1319 with value: 0.30197738672869706.
[I 2024-12-04 17:58:51,309] Trial 1690 finished with value: 0.31743722749844466 and parameters: {'n_estimators': 907, 'max_depth': 6, 'learning_rate': 0.0762083247711378, 'subsample': 0.7698450104183406, 'colsample_bytree': 0.7160991469022007, 'min_child_weight': 2, 'gamma': 0.0008096993994790309, 'reg_alpha': 0.0001474321373140798, 'reg_lambda': 0.014053133172426733}. Best is trial 1319 with value: 0.30197738672869706.
[I 2024-12-04 17:58:52,707] Trial 1691 finished with value: 0.3162427099672693 and parameters: {'n_estimators': 900, 'max_depth': 6, 'learning_rate': 0.07532631483284573, 'subsample': 0.7709378342802252, 'colsample_bytree': 0.7218192023615986, 'min_child_weight': 2, 'gamma': 0.0007999904510789039, 'reg_alpha': 0.0001245293172013786, 'reg_lambda': 0.01362490091403222}. Best is trial 1319 with value: 0.30197738672869706.
[I 2024-12-04 17:58:54,099] Trial 1692 finished with value: 0.3107473890054974 and parameters: {'n_estimators': 907, 'max_depth': 6, 'learning_rate': 0.07568822431244641, 'subsample': 0.7692798011541456, 'colsample_bytree': 0.7196289128512614, 'min_child_weight': 2, 'gamma': 0.0007625708556367308, 'reg_alpha': 0.00012873175199216053, 'reg_lambda': 0.016107649903191426}. Best is trial 1319 with value: 0.30197738672869706.
[I 2024-12-04 17:58:55,625] Trial 1693 finished with value: 0.3173617075375108 and parameters: {'n_estimators': 908, 'max_depth': 6, 'learning_rate': 0.0765699313659403, 'subsample': 0.7686934206108912, 'colsample_bytree': 0.7174424347510935, 'min_child_weight': 2, 'gamma': 0.0007717991715430596, 'reg_alpha': 0.00013231015924208917, 'reg_lambda': 0.014743212705886306}. Best is trial 1319 with value: 0.30197738672869706.
[I 2024-12-04 17:58:57,020] Trial 1694 finished with value: 0.31172602362782587 and parameters: {'n_estimators': 900, 'max_depth': 6, 'learning_rate': 0.07567497565291842, 'subsample': 0.770481925724617, 'colsample_bytree': 0.7170229209043507, 'min_child_weight': 2, 'gamma': 0.000873919522560423, 'reg_alpha': 0.00015248538618308754, 'reg_lambda': 0.013319860172458684}. Best is trial 1319 with value: 0.30197738672869706.
[I 2024-12-04 17:58:58,422] Trial 1695 finished with value: 0.32153836764137816 and parameters: {'n_estimators': 908, 'max_depth': 6, 'learning_rate': 0.07616428275163373, 'subsample': 0.7696609761345671, 'colsample_bytree': 0.7175375566724486, 'min_child_weight': 2, 'gamma': 0.0008184488074593908, 'reg_alpha': 0.00015265282305212437, 'reg_lambda': 0.01570166276782901}. Best is trial 1319 with value: 0.30197738672869706.
[I 2024-12-04 17:58:59,957] Trial 1696 finished with value: 0.32092612528033837 and parameters: {'n_estimators': 894, 'max_depth': 6, 'learning_rate': 0.07628291145512023, 'subsample': 0.7691744803667054, 'colsample_bytree': 0.7220650449654971, 'min_child_weight': 2, 'gamma': 0.000780106505207599, 'reg_alpha': 0.00013283277584472876, 'reg_lambda': 0.017716582772307286}. Best is trial 1319 with value: 0.30197738672869706.
[I 2024-12-04 17:59:01,377] Trial 1697 finished with value: 0.31327039580627675 and parameters: {'n_estimators': 903, 'max_depth': 6, 'learning_rate': 0.07568101419362244, 'subsample': 0.768896422956517, 'colsample_bytree': 0.7178337072324845, 'min_child_weight': 2, 'gamma': 0.0008163967123949039, 'reg_alpha': 0.00015026366669286008, 'reg_lambda': 0.01376765151875843}. Best is trial 1319 with value: 0.30197738672869706.
[I 2024-12-04 17:59:02,798] Trial 1698 finished with value: 0.31645027541464554 and parameters: {'n_estimators': 909, 'max_depth': 6, 'learning_rate': 0.07539055950173647, 'subsample': 0.7694058231937528, 'colsample_bytree': 0.7177233966801624, 'min_child_weight': 2, 'gamma': 0.0008566627205260589, 'reg_alpha': 0.00012195598933238931, 'reg_lambda': 0.013558621916654643}. Best is trial 1319 with value: 0.30197738672869706.
[I 2024-12-04 17:59:04,294] Trial 1699 finished with value: 0.3207606402475396 and parameters: {'n_estimators': 905, 'max_depth': 6, 'learning_rate': 0.0766856830070533, 'subsample': 0.7694547841226843, 'colsample_bytree': 0.7208705687156702, 'min_child_weight': 2, 'gamma': 0.0008318043672122964, 'reg_alpha': 0.00016051818474684096, 'reg_lambda': 0.015944270504829917}. Best is trial 1319 with value: 0.30197738672869706.
[I 2024-12-04 17:59:05,709] Trial 1700 finished with value: 0.3150944083285973 and parameters: {'n_estimators': 912, 'max_depth': 6, 'learning_rate': 0.075767426738804, 'subsample': 0.7685368910050757, 'colsample_bytree': 0.7189315660010636, 'min_child_weight': 2, 'gamma': 0.0007755300136558352, 'reg_alpha': 0.00012508104672157025, 'reg_lambda': 0.015870680644275336}. Best is trial 1319 with value: 0.30197738672869706.
[I 2024-12-04 17:59:07,132] Trial 1701 finished with value: 0.3115579128409078 and parameters: {'n_estimators': 904, 'max_depth': 6, 'learning_rate': 0.07584650580779356, 'subsample': 0.7683558790098823, 'colsample_bytree': 0.7196426581963505, 'min_child_weight': 2, 'gamma': 0.0007721799280606641, 'reg_alpha': 0.00012657318665321802, 'reg_lambda': 0.01469105336509106}. Best is trial 1319 with value: 0.30197738672869706.
[I 2024-12-04 17:59:08,686] Trial 1702 finished with value: 0.31608253040893663 and parameters: {'n_estimators': 902, 'max_depth': 6, 'learning_rate': 0.07515242999278661, 'subsample': 0.7687095569586104, 'colsample_bytree': 0.7190314030026597, 'min_child_weight': 2, 'gamma': 0.000828865554621344, 'reg_alpha': 0.00014299684997969714, 'reg_lambda': 0.014768358883469305}. Best is trial 1319 with value: 0.30197738672869706.
[I 2024-12-04 17:59:10,114] Trial 1703 finished with value: 0.31663001700385757 and parameters: {'n_estimators': 899, 'max_depth': 6, 'learning_rate': 0.07549532497112375, 'subsample': 0.7708332726984062, 'colsample_bytree': 0.717703045060302, 'min_child_weight': 2, 'gamma': 0.000819819185473345, 'reg_alpha': 0.0001507116976081284, 'reg_lambda': 0.013320104641216897}. Best is trial 1319 with value: 0.30197738672869706.
[I 2024-12-04 17:59:11,539] Trial 1704 finished with value: 0.31838914876742075 and parameters: {'n_estimators': 896, 'max_depth': 6, 'learning_rate': 0.07581593964578151, 'subsample': 0.7703827781993604, 'colsample_bytree': 0.7194095903608193, 'min_child_weight': 2, 'gamma': 0.0009011971453529863, 'reg_alpha': 0.00016266605073324305, 'reg_lambda': 0.014142786168505665}. Best is trial 1319 with value: 0.30197738672869706.
[I 2024-12-04 17:59:13,092] Trial 1705 finished with value: 0.31407830347537125 and parameters: {'n_estimators': 903, 'max_depth': 6, 'learning_rate': 0.0762502801128311, 'subsample': 0.769090829183753, 'colsample_bytree': 0.7198580670714453, 'min_child_weight': 2, 'gamma': 0.0008207846623035611, 'reg_alpha': 0.00015755100698036333, 'reg_lambda': 0.014074495750298384}. Best is trial 1319 with value: 0.30197738672869706.
[I 2024-12-04 17:59:14,653] Trial 1706 finished with value: 0.3100786017176406 and parameters: {'n_estimators': 905, 'max_depth': 6, 'learning_rate': 0.07559320370108175, 'subsample': 0.7689837579115257, 'colsample_bytree': 0.7201157860612203, 'min_child_weight': 2, 'gamma': 0.0008224591003728781, 'reg_alpha': 0.00012250822958890508, 'reg_lambda': 0.01641132862535485}. Best is trial 1319 with value: 0.30197738672869706.
[I 2024-12-04 17:59:16,086] Trial 1707 finished with value: 0.3197992594213181 and parameters: {'n_estimators': 908, 'max_depth': 6, 'learning_rate': 0.07629310909416825, 'subsample': 0.7684826431244127, 'colsample_bytree': 0.7202807101138085, 'min_child_weight': 2, 'gamma': 0.000773601315750576, 'reg_alpha': 0.00012879288381017326, 'reg_lambda': 0.01647969614329432}. Best is trial 1319 with value: 0.30197738672869706.
[I 2024-12-04 17:59:17,643] Trial 1708 finished with value: 0.3099821010175241 and parameters: {'n_estimators': 900, 'max_depth': 6, 'learning_rate': 0.07550283697458321, 'subsample': 0.7690111865476879, 'colsample_bytree': 0.7188470225657464, 'min_child_weight': 2, 'gamma': 0.0008210043033489346, 'reg_alpha': 0.00013736172581178227, 'reg_lambda': 0.014160168641551403}. Best is trial 1319 with value: 0.30197738672869706.
[I 2024-12-04 17:59:19,152] Trial 1709 finished with value: 0.31308398840494983 and parameters: {'n_estimators': 901, 'max_depth': 6, 'learning_rate': 0.07568502199558412, 'subsample': 0.7686091333899936, 'colsample_bytree': 0.7198613812048476, 'min_child_weight': 2, 'gamma': 0.0008034389371762593, 'reg_alpha': 0.00014198249543129722, 'reg_lambda': 0.013618953323474644}. Best is trial 1319 with value: 0.30197738672869706.
[I 2024-12-04 17:59:20,586] Trial 1710 finished with value: 0.3160264693899434 and parameters: {'n_estimators': 899, 'max_depth': 6, 'learning_rate': 0.07628024466278616, 'subsample': 0.7684798369625379, 'colsample_bytree': 0.7204917908789936, 'min_child_weight': 2, 'gamma': 0.0008281163513884404, 'reg_alpha': 0.00013230876279813142, 'reg_lambda': 0.014821133176645636}. Best is trial 1319 with value: 0.30197738672869706.
[I 2024-12-04 17:59:22,030] Trial 1711 finished with value: 0.3127879305066148 and parameters: {'n_estimators': 907, 'max_depth': 6, 'learning_rate': 0.07630373404822917, 'subsample': 0.7688622650672381, 'colsample_bytree': 0.7189801415826229, 'min_child_weight': 2, 'gamma': 0.0007772365615514054, 'reg_alpha': 0.0001323983336969437, 'reg_lambda': 0.015281589386314975}. Best is trial 1319 with value: 0.30197738672869706.
