[I 2024-12-19 18:36:54,537] Trial 479 finished with value: 0.6497377157211304 and parameters: {'mlp_n_layers': 4, 'mlp_dim_00': 87, 'mlp_dim_01': 376, 'mlp_dim_02': 340, 'mlp_dim_03': 114, 'node_hidden_dim': 102, 'edge_hidden_dim': 37, 'depth': 1, 'rep_dropout': 0.02939101294122807, 'train_learning_rate': 0.0014316395072416746, 'train_lr_reduce': 0.6}. Best is trial 158 with value: 0.11393879354000092.
[I 2024-12-19 18:37:26,207] Trial 481 finished with value: 0.21130169928073883 and parameters: {'mlp_n_layers': 1, 'mlp_dim_00': 441, 'node_hidden_dim': 48, 'edge_hidden_dim': 57, 'depth': 1, 'rep_dropout': 0.042643569438328435, 'train_learning_rate': 0.009856516735448273, 'train_lr_reduce': 0.6}. Best is trial 158 with value: 0.11393879354000092.
[I 2024-12-19 18:37:27,964] Trial 482 finished with value: 0.12664078176021576 and parameters: {'mlp_n_layers': 1, 'mlp_dim_00': 383, 'node_hidden_dim': 32, 'edge_hidden_dim': 89, 'depth': 1, 'rep_dropout': 0.034736198665480625, 'train_learning_rate': 0.0042739240328426254, 'train_lr_reduce': 0.6}. Best is trial 158 with value: 0.11393879354000092.
[I 2024-12-19 18:37:31,888] Trial 483 finished with value: 0.11390723288059235 and parameters: {'mlp_n_layers': 1, 'mlp_dim_00': 452, 'node_hidden_dim': 41, 'edge_hidden_dim': 40, 'depth': 1, 'rep_dropout': 0.03643508356425086, 'train_learning_rate': 0.007694653417056499, 'train_lr_reduce': 0.6}. Best is trial 483 with value: 0.11390723288059235.
[I 2024-12-19 18:37:32,001] Trial 484 finished with value: 1.1443703174591064 and parameters: {'mlp_n_layers': 4, 'mlp_dim_00': 357, 'mlp_dim_01': 467, 'mlp_dim_02': 150, 'mlp_dim_03': 69, 'node_hidden_dim': 118, 'edge_hidden_dim': 71, 'depth': 2, 'rep_dropout': 0.0799916861606784, 'train_learning_rate': 0.0012525202748678642, 'train_lr_reduce': 0.6}. Best is trial 483 with value: 0.11390723288059235.
[I 2024-12-19 18:37:33,759] Trial 485 finished with value: 1.1427406072616577 and parameters: {'mlp_n_layers': 2, 'mlp_dim_00': 66, 'mlp_dim_01': 349, 'node_hidden_dim': 69, 'edge_hidden_dim': 49, 'depth': 3, 'rep_dropout': 0.11827761877935089, 'train_learning_rate': 0.0008545778598781677, 'train_lr_reduce': 0.6}. Best is trial 483 with value: 0.11390723288059235.
[I 2024-12-19 18:37:37,863] Trial 486 finished with value: 1.1424827575683594 and parameters: {'mlp_n_layers': 3, 'mlp_dim_00': 436, 'mlp_dim_01': 420, 'mlp_dim_02': 261, 'node_hidden_dim': 70, 'edge_hidden_dim': 64, 'depth': 4, 'rep_dropout': 0.016153535859446705, 'train_learning_rate': 0.0008969233337921551, 'train_lr_reduce': 0.6}. Best is trial 483 with value: 0.11390723288059235.
[I 2024-12-19 18:37:53,124] Trial 488 finished with value: 0.22604788839817047 and parameters: {'mlp_n_layers': 1, 'mlp_dim_00': 506, 'node_hidden_dim': 44, 'edge_hidden_dim': 33, 'depth': 1, 'rep_dropout': 0.04243434428112782, 'train_learning_rate': 0.0052116490680418626, 'train_lr_reduce': 0.6}. Best is trial 483 with value: 0.11390723288059235.
[I 2024-12-19 18:38:12,242] Trial 487 finished with value: 0.1750340759754181 and parameters: {'mlp_n_layers': 1, 'mlp_dim_00': 276, 'node_hidden_dim': 32, 'edge_hidden_dim': 113, 'depth': 1, 'rep_dropout': 0.03064247662126241, 'train_learning_rate': 0.003979918105548996, 'train_lr_reduce': 0.6}. Best is trial 483 with value: 0.11390723288059235.
[I 2024-12-19 18:38:17,869] Trial 491 finished with value: 1.1417269706726074 and parameters: {'mlp_n_layers': 1, 'mlp_dim_00': 152, 'node_hidden_dim': 117, 'edge_hidden_dim': 112, 'depth': 3, 'rep_dropout': 0.14173861388283734, 'train_learning_rate': 0.000481386061599626, 'train_lr_reduce': 0.6}. Best is trial 483 with value: 0.11390723288059235.
[I 2024-12-19 18:38:19,635] Trial 489 finished with value: 0.11656465381383896 and parameters: {'mlp_n_layers': 1, 'mlp_dim_00': 455, 'node_hidden_dim': 33, 'edge_hidden_dim': 57, 'depth': 1, 'rep_dropout': 0.030377397977341552, 'train_learning_rate': 0.004881071831361311, 'train_lr_reduce': 0.6}. Best is trial 483 with value: 0.11390723288059235.
[I 2024-12-19 18:38:24,826] Trial 493 finished with value: 1.1445235013961792 and parameters: {'mlp_n_layers': 2, 'mlp_dim_00': 244, 'mlp_dim_01': 241, 'node_hidden_dim': 33, 'edge_hidden_dim': 103, 'depth': 1, 'rep_dropout': 0.010918770979808251, 'train_learning_rate': 0.0012568166551875746, 'train_lr_reduce': 0.6}. Best is trial 483 with value: 0.11390723288059235.
[I 2024-12-19 18:38:28,572] Trial 490 finished with value: 0.1544760763645172 and parameters: {'mlp_n_layers': 2, 'mlp_dim_00': 409, 'mlp_dim_01': 454, 'node_hidden_dim': 36, 'edge_hidden_dim': 38, 'depth': 1, 'rep_dropout': 0.022714062258228303, 'train_learning_rate': 0.0057163168641084575, 'train_lr_reduce': 0.6}. Best is trial 483 with value: 0.11390723288059235.
[I 2024-12-19 18:38:33,884] Trial 495 finished with value: 1.1423077583312988 and parameters: {'mlp_n_layers': 2, 'mlp_dim_00': 248, 'mlp_dim_01': 203, 'node_hidden_dim': 99, 'edge_hidden_dim': 46, 'depth': 4, 'rep_dropout': 0.1052388526051753, 'train_learning_rate': 0.0010598782454862537, 'train_lr_reduce': 0.6}. Best is trial 483 with value: 0.11390723288059235.
[I 2024-12-19 18:38:35,183] Trial 492 finished with value: 0.21201926469802856 and parameters: {'mlp_n_layers': 1, 'mlp_dim_00': 416, 'node_hidden_dim': 33, 'edge_hidden_dim': 42, 'depth': 1, 'rep_dropout': 0.014366037527625022, 'train_learning_rate': 0.005400383721764773, 'train_lr_reduce': 0.6}. Best is trial 483 with value: 0.11390723288059235.
[I 2024-12-19 18:38:39,010] Trial 496 finished with value: 1.149976372718811 and parameters: {'mlp_n_layers': 4, 'mlp_dim_00': 215, 'mlp_dim_01': 114, 'mlp_dim_02': 425, 'mlp_dim_03': 371, 'node_hidden_dim': 56, 'edge_hidden_dim': 41, 'depth': 2, 'rep_dropout': 0.12414508402890143, 'train_learning_rate': 0.002409630475152724, 'train_lr_reduce': 0.6}. Best is trial 483 with value: 0.11390723288059235.
[I 2024-12-19 18:39:05,190] Trial 494 finished with value: 0.16841186583042145 and parameters: {'mlp_n_layers': 1, 'mlp_dim_00': 466, 'node_hidden_dim': 33, 'edge_hidden_dim': 49, 'depth': 1, 'rep_dropout': 0.06145929207843957, 'train_learning_rate': 0.00929135483338737, 'train_lr_reduce': 0.6}. Best is trial 483 with value: 0.11390723288059235.
[I 2024-12-19 18:39:20,804] Trial 498 finished with value: 0.13645784556865692 and parameters: {'mlp_n_layers': 1, 'mlp_dim_00': 334, 'node_hidden_dim': 35, 'edge_hidden_dim': 82, 'depth': 1, 'rep_dropout': 0.013297110896928633, 'train_learning_rate': 0.002720470804213454, 'train_lr_reduce': 0.6}. Best is trial 483 with value: 0.11390723288059235.
[I 2024-12-19 18:39:21,765] Trial 497 finished with value: 0.28112369775772095 and parameters: {'mlp_n_layers': 1, 'mlp_dim_00': 333, 'node_hidden_dim': 33, 'edge_hidden_dim': 86, 'depth': 2, 'rep_dropout': 0.002824129145549468, 'train_learning_rate': 0.003939448235811376, 'train_lr_reduce': 0.6}. Best is trial 483 with value: 0.11390723288059235.
[I 2024-12-19 18:39:45,873] Trial 499 finished with value: 0.21542391180992126 and parameters: {'mlp_n_layers': 1, 'mlp_dim_00': 483, 'node_hidden_dim': 32, 'edge_hidden_dim': 66, 'depth': 1, 'rep_dropout': 0.02969035891400243, 'train_learning_rate': 0.005763865978324145, 'train_lr_reduce': 0.6}. Best is trial 483 with value: 0.11390723288059235.
[I 2024-12-19 18:40:04,482] Trial 500 finished with value: 0.15303120017051697 and parameters: {'mlp_n_layers': 2, 'mlp_dim_00': 300, 'mlp_dim_01': 176, 'node_hidden_dim': 40, 'edge_hidden_dim': 81, 'depth': 1, 'rep_dropout': 0.010213841851111651, 'train_learning_rate': 0.0023682325285529276, 'train_lr_reduce': 0.6}. Best is trial 483 with value: 0.11390723288059235.
[I 2024-12-19 18:40:09,457] Trial 501 finished with value: 0.17527921497821808 and parameters: {'mlp_n_layers': 1, 'mlp_dim_00': 437, 'node_hidden_dim': 34, 'edge_hidden_dim': 104, 'depth': 2, 'rep_dropout': 0.027068925997724737, 'train_learning_rate': 0.004676269442550866, 'train_lr_reduce': 0.6}. Best is trial 483 with value: 0.11390723288059235.
[I 2024-12-19 18:40:28,523] Trial 502 finished with value: 0.14971621334552765 and parameters: {'mlp_n_layers': 1, 'mlp_dim_00': 347, 'node_hidden_dim': 33, 'edge_hidden_dim': 98, 'depth': 1, 'rep_dropout': 0.03146810221341131, 'train_learning_rate': 0.002212140428762506, 'train_lr_reduce': 0.6}. Best is trial 483 with value: 0.11390723288059235.
[I 2024-12-19 18:40:39,104] Trial 505 finished with value: 0.6509320139884949 and parameters: {'mlp_n_layers': 2, 'mlp_dim_00': 429, 'mlp_dim_01': 246, 'node_hidden_dim': 93, 'edge_hidden_dim': 111, 'depth': 1, 'rep_dropout': 0.14986790579404421, 'train_learning_rate': 0.0018661492209141942, 'train_lr_reduce': 0.6}. Best is trial 483 with value: 0.11390723288059235.
[I 2024-12-19 18:40:45,572] Trial 503 finished with value: 0.11628484725952148 and parameters: {'mlp_n_layers': 1, 'mlp_dim_00': 499, 'node_hidden_dim': 33, 'edge_hidden_dim': 62, 'depth': 1, 'rep_dropout': 0.04479619184795514, 'train_learning_rate': 0.003915630420493704, 'train_lr_reduce': 0.6}. Best is trial 483 with value: 0.11390723288059235.
[I 2024-12-19 18:40:49,637] Trial 504 finished with value: 0.13045063614845276 and parameters: {'mlp_n_layers': 1, 'mlp_dim_00': 476, 'node_hidden_dim': 35, 'edge_hidden_dim': 47, 'depth': 1, 'rep_dropout': 0.050051817450981695, 'train_learning_rate': 0.003822109646938924, 'train_lr_reduce': 0.6}. Best is trial 483 with value: 0.11390723288059235.
[I 2024-12-19 18:40:50,742] Trial 507 finished with value: 1.1426447629928589 and parameters: {'mlp_n_layers': 1, 'mlp_dim_00': 504, 'node_hidden_dim': 45, 'edge_hidden_dim': 80, 'depth': 2, 'rep_dropout': 0.04320014355274371, 'train_learning_rate': 0.003308932775760722, 'train_lr_reduce': 0.6}. Best is trial 483 with value: 0.11390723288059235.
[I 2024-12-19 18:41:10,642] Trial 506 finished with value: 0.21843361854553223 and parameters: {'mlp_n_layers': 1, 'mlp_dim_00': 494, 'node_hidden_dim': 46, 'edge_hidden_dim': 42, 'depth': 2, 'rep_dropout': 0.023900856806633685, 'train_learning_rate': 0.002387195156644787, 'train_lr_reduce': 0.6}. Best is trial 483 with value: 0.11390723288059235.
[I 2024-12-19 18:41:16,495] Trial 509 finished with value: 0.14562347531318665 and parameters: {'mlp_n_layers': 1, 'mlp_dim_00': 490, 'node_hidden_dim': 43, 'edge_hidden_dim': 32, 'depth': 1, 'rep_dropout': 0.03579467055434565, 'train_learning_rate': 0.008958981792130172, 'train_lr_reduce': 0.6}. Best is trial 483 with value: 0.11390723288059235.
[I 2024-12-19 18:41:29,668] Trial 511 finished with value: 0.5154029726982117 and parameters: {'mlp_n_layers': 1, 'mlp_dim_00': 498, 'node_hidden_dim': 35, 'edge_hidden_dim': 54, 'depth': 2, 'rep_dropout': 0.03877436032212458, 'train_learning_rate': 0.005139161889870801, 'train_lr_reduce': 0.6}. Best is trial 483 with value: 0.11390723288059235.
[I 2024-12-19 18:41:30,453] Trial 508 finished with value: 0.15531671047210693 and parameters: {'mlp_n_layers': 1, 'mlp_dim_00': 501, 'node_hidden_dim': 53, 'edge_hidden_dim': 35, 'depth': 1, 'rep_dropout': 0.00826132912212387, 'train_learning_rate': 0.005293864133743148, 'train_lr_reduce': 0.6}. Best is trial 483 with value: 0.11390723288059235.
[I 2024-12-19 18:41:43,117] Trial 510 finished with value: 0.19043795764446259 and parameters: {'mlp_n_layers': 1, 'mlp_dim_00': 439, 'node_hidden_dim': 34, 'edge_hidden_dim': 51, 'depth': 1, 'rep_dropout': 0.019560401944692173, 'train_learning_rate': 0.005431551815758809, 'train_lr_reduce': 0.6}. Best is trial 483 with value: 0.11390723288059235.
[I 2024-12-19 18:42:11,105] Trial 512 finished with value: 0.15322765707969666 and parameters: {'mlp_n_layers': 1, 'mlp_dim_00': 460, 'node_hidden_dim': 49, 'edge_hidden_dim': 47, 'depth': 1, 'rep_dropout': 0.026472934979550795, 'train_learning_rate': 0.0038070160718602667, 'train_lr_reduce': 0.6}. Best is trial 483 with value: 0.11390723288059235.
[I 2024-12-19 18:42:14,076] Trial 513 finished with value: 0.12333637475967407 and parameters: {'mlp_n_layers': 1, 'mlp_dim_00': 442, 'node_hidden_dim': 39, 'edge_hidden_dim': 58, 'depth': 1, 'rep_dropout': 0.04018893176032114, 'train_learning_rate': 0.004905968346919565, 'train_lr_reduce': 0.6}. Best is trial 483 with value: 0.11390723288059235.
[I 2024-12-19 18:42:19,463] Trial 516 finished with value: 1.1438008546829224 and parameters: {'mlp_n_layers': 1, 'mlp_dim_00': 68, 'node_hidden_dim': 101, 'edge_hidden_dim': 96, 'depth': 2, 'rep_dropout': 0.03303554695796373, 'train_learning_rate': 0.0010908193257885342, 'train_lr_reduce': 0.6}. Best is trial 483 with value: 0.11390723288059235.
[I 2024-12-19 18:42:25,404] Trial 514 finished with value: 0.159989133477211 and parameters: {'mlp_n_layers': 1, 'mlp_dim_00': 425, 'node_hidden_dim': 32, 'edge_hidden_dim': 52, 'depth': 1, 'rep_dropout': 0.04052613570566141, 'train_learning_rate': 0.002168935503893545, 'train_lr_reduce': 0.6}. Best is trial 483 with value: 0.11390723288059235.
[I 2024-12-19 18:42:25,813] Trial 517 finished with value: 1.1420278549194336 and parameters: {'mlp_n_layers': 2, 'mlp_dim_00': 136, 'mlp_dim_01': 255, 'node_hidden_dim': 124, 'edge_hidden_dim': 113, 'depth': 2, 'rep_dropout': 0.028790850404518113, 'train_learning_rate': 0.00013776415150032606, 'train_lr_reduce': 0.6}. Best is trial 483 with value: 0.11390723288059235.
[I 2024-12-19 18:42:31,096] Trial 518 finished with value: 1.1421473026275635 and parameters: {'mlp_n_layers': 1, 'mlp_dim_00': 506, 'node_hidden_dim': 35, 'edge_hidden_dim': 52, 'depth': 1, 'rep_dropout': 0.06416820200075338, 'train_learning_rate': 0.0025390203105474705, 'train_lr_reduce': 0.6}. Best is trial 483 with value: 0.11390723288059235.
[I 2024-12-19 18:42:33,861] Trial 519 finished with value: 1.1415799856185913 and parameters: {'mlp_n_layers': 3, 'mlp_dim_00': 70, 'mlp_dim_01': 157, 'mlp_dim_02': 118, 'node_hidden_dim': 120, 'edge_hidden_dim': 111, 'depth': 3, 'rep_dropout': 0.14468608462378785, 'train_learning_rate': 0.00021511945622112118, 'train_lr_reduce': 0.6}. Best is trial 483 with value: 0.11390723288059235.
[I 2024-12-19 18:42:42,186] Trial 515 finished with value: 0.16363310813903809 and parameters: {'mlp_n_layers': 1, 'mlp_dim_00': 277, 'node_hidden_dim': 67, 'edge_hidden_dim': 85, 'depth': 1, 'rep_dropout': 0.13420018936072445, 'train_learning_rate': 0.001930512887246505, 'train_lr_reduce': 0.6}. Best is trial 483 with value: 0.11390723288059235.
[I 2024-12-19 18:42:49,985] Trial 522 finished with value: 1.1427303552627563 and parameters: {'mlp_n_layers': 1, 'mlp_dim_00': 180, 'node_hidden_dim': 47, 'edge_hidden_dim': 96, 'depth': 2, 'rep_dropout': 0.019900824594361523, 'train_learning_rate': 0.00419663344289903, 'train_lr_reduce': 0.6}. Best is trial 483 with value: 0.11390723288059235.
[I 2024-12-19 18:42:56,780] Trial 523 finished with value: 1.142724633216858 and parameters: {'mlp_n_layers': 2, 'mlp_dim_00': 160, 'mlp_dim_01': 235, 'node_hidden_dim': 90, 'edge_hidden_dim': 127, 'depth': 4, 'rep_dropout': 0.06697503404716262, 'train_learning_rate': 0.0017969462763842278, 'train_lr_reduce': 0.6}. Best is trial 483 with value: 0.11390723288059235.
[I 2024-12-19 18:43:15,631] Trial 520 finished with value: 0.13815823197364807 and parameters: {'mlp_n_layers': 1, 'mlp_dim_00': 463, 'node_hidden_dim': 37, 'edge_hidden_dim': 59, 'depth': 1, 'rep_dropout': 0.04885300662430763, 'train_learning_rate': 0.004266264117477315, 'train_lr_reduce': 0.6}. Best is trial 483 with value: 0.11390723288059235.
[I 2024-12-19 18:43:18,663] Trial 521 finished with value: 0.1973976194858551 and parameters: {'mlp_n_layers': 1, 'mlp_dim_00': 505, 'node_hidden_dim': 48, 'edge_hidden_dim': 65, 'depth': 1, 'rep_dropout': 0.035460816040522924, 'train_learning_rate': 0.007368661556869128, 'train_lr_reduce': 0.6}. Best is trial 483 with value: 0.11390723288059235.
[I 2024-12-19 18:43:21,763] Trial 525 finished with value: 1.1420952081680298 and parameters: {'mlp_n_layers': 3, 'mlp_dim_00': 331, 'mlp_dim_01': 275, 'mlp_dim_02': 371, 'node_hidden_dim': 93, 'edge_hidden_dim': 78, 'depth': 3, 'rep_dropout': 0.10284895710929652, 'train_learning_rate': 0.0003374182068835839, 'train_lr_reduce': 0.6}. Best is trial 483 with value: 0.11390723288059235.
[I 2024-12-19 18:43:24,751] Trial 526 finished with value: 1.1512832641601562 and parameters: {'mlp_n_layers': 3, 'mlp_dim_00': 197, 'mlp_dim_01': 195, 'mlp_dim_02': 227, 'node_hidden_dim': 32, 'edge_hidden_dim': 84, 'depth': 4, 'rep_dropout': 0.12544328255121528, 'train_learning_rate': 0.007283286270737655, 'train_lr_reduce': 0.6}. Best is trial 483 with value: 0.11390723288059235.
[I 2024-12-19 18:43:26,352] Trial 527 finished with value: 1.1421091556549072 and parameters: {'mlp_n_layers': 2, 'mlp_dim_00': 184, 'mlp_dim_01': 79, 'node_hidden_dim': 48, 'edge_hidden_dim': 32, 'depth': 1, 'rep_dropout': 0.02370547809918834, 'train_learning_rate': 0.0020996803955736078, 'train_lr_reduce': 0.6}. Best is trial 483 with value: 0.11390723288059235.
[I 2024-12-19 18:43:29,754] Trial 524 finished with value: 0.18192417919635773 and parameters: {'mlp_n_layers': 1, 'mlp_dim_00': 485, 'node_hidden_dim': 42, 'edge_hidden_dim': 54, 'depth': 1, 'rep_dropout': 0.03186051957151381, 'train_learning_rate': 0.0063124795243609, 'train_lr_reduce': 0.6}. Best is trial 483 with value: 0.11390723288059235.
[I 2024-12-19 18:43:49,305] Trial 528 finished with value: 0.22752788662910461 and parameters: {'mlp_n_layers': 1, 'mlp_dim_00': 319, 'node_hidden_dim': 35, 'edge_hidden_dim': 43, 'depth': 1, 'rep_dropout': 0.020215945104838658, 'train_learning_rate': 0.0085424434743069, 'train_lr_reduce': 0.6}. Best is trial 483 with value: 0.11390723288059235.
[I 2024-12-19 18:44:06,006] Trial 529 finished with value: 0.1555006206035614 and parameters: {'mlp_n_layers': 2, 'mlp_dim_00': 433, 'mlp_dim_01': 299, 'node_hidden_dim': 62, 'edge_hidden_dim': 44, 'depth': 1, 'rep_dropout': 0.09221037945350359, 'train_learning_rate': 0.0050449023702610505, 'train_lr_reduce': 0.6}. Best is trial 483 with value: 0.11390723288059235.
[I 2024-12-19 18:44:10,642] Trial 530 finished with value: 0.13567478954792023 and parameters: {'mlp_n_layers': 1, 'mlp_dim_00': 461, 'node_hidden_dim': 45, 'edge_hidden_dim': 48, 'depth': 1, 'rep_dropout': 0.02248679338010376, 'train_learning_rate': 0.0029375352804898672, 'train_lr_reduce': 0.6}. Best is trial 483 with value: 0.11390723288059235.
[I 2024-12-19 18:44:21,577] Trial 531 finished with value: 0.1867685168981552 and parameters: {'mlp_n_layers': 1, 'mlp_dim_00': 494, 'node_hidden_dim': 32, 'edge_hidden_dim': 43, 'depth': 1, 'rep_dropout': 0.024150768799666007, 'train_learning_rate': 0.005056832739474302, 'train_lr_reduce': 0.6}. Best is trial 483 with value: 0.11390723288059235.
[I 2024-12-19 18:44:30,919] Trial 532 finished with value: 0.25241461396217346 and parameters: {'mlp_n_layers': 2, 'mlp_dim_00': 466, 'mlp_dim_01': 130, 'node_hidden_dim': 44, 'edge_hidden_dim': 70, 'depth': 1, 'rep_dropout': 0.02792995110742833, 'train_learning_rate': 0.00527472732270792, 'train_lr_reduce': 0.6}. Best is trial 483 with value: 0.11390723288059235.
[I 2024-12-19 18:44:39,021] Trial 533 finished with value: 0.2712365686893463 and parameters: {'mlp_n_layers': 1, 'mlp_dim_00': 367, 'node_hidden_dim': 53, 'edge_hidden_dim': 58, 'depth': 1, 'rep_dropout': 0.02665804383373034, 'train_learning_rate': 0.0064576728544088625, 'train_lr_reduce': 0.6}. Best is trial 483 with value: 0.11390723288059235.
[I 2024-12-19 18:44:44,458] Trial 536 finished with value: 1.1441471576690674 and parameters: {'mlp_n_layers': 1, 'mlp_dim_00': 511, 'node_hidden_dim': 46, 'edge_hidden_dim': 63, 'depth': 1, 'rep_dropout': 0.042854890994148354, 'train_learning_rate': 0.0021677000488724836, 'train_lr_reduce': 0.6}. Best is trial 483 with value: 0.11390723288059235.
[I 2024-12-19 18:44:48,329] Trial 534 finished with value: 0.21121180057525635 and parameters: {'mlp_n_layers': 1, 'mlp_dim_00': 308, 'node_hidden_dim': 127, 'edge_hidden_dim': 54, 'depth': 1, 'rep_dropout': 0.01651259115923967, 'train_learning_rate': 0.0018092282680485185, 'train_lr_reduce': 0.6}. Best is trial 483 with value: 0.11390723288059235.
[I 2024-12-19 18:44:50,500] Trial 537 finished with value: 1.142964482307434 and parameters: {'mlp_n_layers': 2, 'mlp_dim_00': 263, 'mlp_dim_01': 285, 'node_hidden_dim': 100, 'edge_hidden_dim': 77, 'depth': 2, 'rep_dropout': 0.1456010241164924, 'train_learning_rate': 0.00038195341127477214, 'train_lr_reduce': 0.6}. Best is trial 483 with value: 0.11390723288059235.
[I 2024-12-19 18:44:55,354] Trial 539 finished with value: 1.1429367065429688 and parameters: {'mlp_n_layers': 2, 'mlp_dim_00': 479, 'mlp_dim_01': 310, 'node_hidden_dim': 32, 'edge_hidden_dim': 52, 'depth': 1, 'rep_dropout': 0.025522208507431827, 'train_learning_rate': 0.0023846549383257443, 'train_lr_reduce': 0.6}. Best is trial 483 with value: 0.11390723288059235.
[I 2024-12-19 18:45:12,708] Trial 535 finished with value: 0.1574198305606842 and parameters: {'mlp_n_layers': 1, 'mlp_dim_00': 295, 'node_hidden_dim': 37, 'edge_hidden_dim': 42, 'depth': 1, 'rep_dropout': 0.004175707112797215, 'train_learning_rate': 0.0033191701251404195, 'train_lr_reduce': 0.6}. Best is trial 483 with value: 0.11390723288059235.
[I 2024-12-19 18:45:18,539] Trial 541 finished with value: 1.143122911453247 and parameters: {'mlp_n_layers': 4, 'mlp_dim_00': 104, 'mlp_dim_01': 306, 'mlp_dim_02': 450, 'mlp_dim_03': 231, 'node_hidden_dim': 69, 'edge_hidden_dim': 69, 'depth': 4, 'rep_dropout': 0.012460250872869894, 'train_learning_rate': 0.004595978519472494, 'train_lr_reduce': 0.6}. Best is trial 483 with value: 0.11390723288059235.
[I 2024-12-19 18:45:21,265] Trial 540 finished with value: 0.19033929705619812 and parameters: {'mlp_n_layers': 2, 'mlp_dim_00': 489, 'mlp_dim_01': 221, 'node_hidden_dim': 37, 'edge_hidden_dim': 71, 'depth': 1, 'rep_dropout': 0.06331689899321691, 'train_learning_rate': 0.005847543480033604, 'train_lr_reduce': 0.6}. Best is trial 483 with value: 0.11390723288059235.
