[I 2024-12-15 16:19:40,311] Trial 1214 finished with value: 0.19957071542739868 and parameters: {'mlp_n_layers': 3, 'mlp_dim_00': 224, 'mlp_dim_01': 32, 'mlp_dim_02': 240, 'hidden_channels': 96, 'num_layers': 1, 'num_timesteps': 3, 'dropout': 0.138692299630828, 'train_learning_rate': 0.00036526486869472, 'train_lr_reduce': 0.6}. Best is trial 632 with value: 0.13978464901447296.
[I 2024-12-15 16:19:47,516] Trial 1217 finished with value: 0.14409656822681427 and parameters: {'mlp_n_layers': 3, 'mlp_dim_00': 112, 'mlp_dim_01': 160, 'mlp_dim_02': 240, 'hidden_channels': 256, 'num_layers': 1, 'num_timesteps': 4, 'dropout': 0.004738919600329128, 'train_learning_rate': 0.001616428264162059, 'train_lr_reduce': 0.6}. Best is trial 632 with value: 0.13978464901447296.
[I 2024-12-15 16:19:51,065] Trial 1218 finished with value: 0.21670520305633545 and parameters: {'mlp_n_layers': 4, 'mlp_dim_00': 224, 'mlp_dim_01': 112, 'mlp_dim_02': 208, 'mlp_dim_03': 160, 'hidden_channels': 128, 'num_layers': 1, 'num_timesteps': 3, 'dropout': 0.0858664147392928, 'train_learning_rate': 0.0060681908523435215, 'train_lr_reduce': 0.6}. Best is trial 632 with value: 0.13978464901447296.
[I 2024-12-15 16:19:57,953] Trial 1220 finished with value: 0.21546101570129395 and parameters: {'mlp_n_layers': 3, 'mlp_dim_00': 176, 'mlp_dim_01': 144, 'mlp_dim_02': 256, 'hidden_channels': 224, 'num_layers': 3, 'num_timesteps': 4, 'dropout': 0.034643225101924385, 'train_learning_rate': 0.0007628679851620106, 'train_lr_reduce': 0.6}. Best is trial 632 with value: 0.13978464901447296.
[I 2024-12-15 16:20:02,643] Trial 1219 finished with value: 0.3863048851490021 and parameters: {'mlp_n_layers': 3, 'mlp_dim_00': 160, 'mlp_dim_01': 256, 'mlp_dim_02': 256, 'hidden_channels': 64, 'num_layers': 4, 'num_timesteps': 4, 'dropout': 0.009526328982714855, 'train_learning_rate': 0.00011360275036073462, 'train_lr_reduce': 0.6}. Best is trial 632 with value: 0.13978464901447296.
[I 2024-12-15 16:20:05,757] Trial 1221 finished with value: 0.17442341148853302 and parameters: {'mlp_n_layers': 3, 'mlp_dim_00': 128, 'mlp_dim_01': 208, 'mlp_dim_02': 256, 'hidden_channels': 240, 'num_layers': 1, 'num_timesteps': 4, 'dropout': 0.0013305118045272984, 'train_learning_rate': 0.0008232236515465976, 'train_lr_reduce': 0.6}. Best is trial 632 with value: 0.13978464901447296.
[I 2024-12-15 16:20:12,740] Trial 1224 finished with value: 0.2337595671415329 and parameters: {'mlp_n_layers': 3, 'mlp_dim_00': 32, 'mlp_dim_01': 96, 'mlp_dim_02': 240, 'hidden_channels': 192, 'num_layers': 1, 'num_timesteps': 2, 'dropout': 0.2841481508654254, 'train_learning_rate': 0.0035764902605548436, 'train_lr_reduce': 0.6}. Best is trial 632 with value: 0.13978464901447296.
[I 2024-12-15 16:20:15,773] Trial 1222 finished with value: 0.28716856241226196 and parameters: {'mlp_n_layers': 2, 'mlp_dim_00': 192, 'mlp_dim_01': 48, 'hidden_channels': 48, 'num_layers': 4, 'num_timesteps': 2, 'dropout': 0.22817418810098722, 'train_learning_rate': 0.00034421700378365136, 'train_lr_reduce': 0.6}. Best is trial 632 with value: 0.13978464901447296.
[I 2024-12-15 16:20:17,558] Trial 1223 finished with value: 0.1923462450504303 and parameters: {'mlp_n_layers': 3, 'mlp_dim_00': 112, 'mlp_dim_01': 112, 'mlp_dim_02': 256, 'hidden_channels': 208, 'num_layers': 1, 'num_timesteps': 3, 'dropout': 0.0031451352455671585, 'train_learning_rate': 0.000993170940268896, 'train_lr_reduce': 0.6}. Best is trial 632 with value: 0.13978464901447296.
[I 2024-12-15 16:20:21,958] Trial 1227 finished with value: 0.8292149901390076 and parameters: {'mlp_n_layers': 4, 'mlp_dim_00': 208, 'mlp_dim_01': 80, 'mlp_dim_02': 240, 'mlp_dim_03': 144, 'hidden_channels': 160, 'num_layers': 1, 'num_timesteps': 4, 'dropout': 0.07143251928773399, 'train_learning_rate': 0.005175269156936733, 'train_lr_reduce': 0.6}. Best is trial 632 with value: 0.13978464901447296.
[I 2024-12-15 16:20:22,025] Trial 1225 finished with value: 0.23939667642116547 and parameters: {'mlp_n_layers': 2, 'mlp_dim_00': 144, 'mlp_dim_01': 160, 'hidden_channels': 256, 'num_layers': 4, 'num_timesteps': 2, 'dropout': 0.014500831509816762, 'train_learning_rate': 0.0015049471000949605, 'train_lr_reduce': 0.6}. Best is trial 632 with value: 0.13978464901447296.
[I 2024-12-15 16:20:26,821] Trial 1226 finished with value: 0.18001165986061096 and parameters: {'mlp_n_layers': 4, 'mlp_dim_00': 208, 'mlp_dim_01': 160, 'mlp_dim_02': 240, 'mlp_dim_03': 160, 'hidden_channels': 224, 'num_layers': 1, 'num_timesteps': 4, 'dropout': 0.13933618198429662, 'train_learning_rate': 0.002478936609360913, 'train_lr_reduce': 0.6}. Best is trial 632 with value: 0.13978464901447296.
[I 2024-12-15 16:20:29,870] Trial 1228 finished with value: 0.24077367782592773 and parameters: {'mlp_n_layers': 3, 'mlp_dim_00': 192, 'mlp_dim_01': 112, 'mlp_dim_02': 240, 'hidden_channels': 256, 'num_layers': 2, 'num_timesteps': 4, 'dropout': 0.024099957477447576, 'train_learning_rate': 0.003037812598626873, 'train_lr_reduce': 0.6}. Best is trial 632 with value: 0.13978464901447296.
[I 2024-12-15 16:20:35,953] Trial 1229 finished with value: 0.19590191543102264 and parameters: {'mlp_n_layers': 4, 'mlp_dim_00': 192, 'mlp_dim_01': 256, 'mlp_dim_02': 240, 'mlp_dim_03': 144, 'hidden_channels': 256, 'num_layers': 1, 'num_timesteps': 3, 'dropout': 0.0019375568739613616, 'train_learning_rate': 0.0016406289413056759, 'train_lr_reduce': 0.6}. Best is trial 632 with value: 0.13978464901447296.
[I 2024-12-15 16:20:37,908] Trial 1231 finished with value: 0.1948908120393753 and parameters: {'mlp_n_layers': 4, 'mlp_dim_00': 208, 'mlp_dim_01': 80, 'mlp_dim_02': 240, 'mlp_dim_03': 176, 'hidden_channels': 128, 'num_layers': 1, 'num_timesteps': 4, 'dropout': 0.003916251694057177, 'train_learning_rate': 0.0023024317944799026, 'train_lr_reduce': 0.6}. Best is trial 632 with value: 0.13978464901447296.
[I 2024-12-15 16:20:39,247] Trial 1230 finished with value: 0.1963917762041092 and parameters: {'mlp_n_layers': 3, 'mlp_dim_00': 96, 'mlp_dim_01': 144, 'mlp_dim_02': 224, 'hidden_channels': 192, 'num_layers': 1, 'num_timesteps': 4, 'dropout': 0.009188399542078706, 'train_learning_rate': 0.0016246670072008146, 'train_lr_reduce': 0.6}. Best is trial 632 with value: 0.13978464901447296.
[I 2024-12-15 16:20:47,043] Trial 1234 finished with value: 0.22565926611423492 and parameters: {'mlp_n_layers': 3, 'mlp_dim_00': 112, 'mlp_dim_01': 192, 'mlp_dim_02': 256, 'hidden_channels': 256, 'num_layers': 2, 'num_timesteps': 3, 'dropout': 0.004852127311964462, 'train_learning_rate': 0.0015994986759029154, 'train_lr_reduce': 0.6}. Best is trial 632 with value: 0.13978464901447296.
[I 2024-12-15 16:20:48,348] Trial 1233 finished with value: 0.16912733018398285 and parameters: {'mlp_n_layers': 2, 'mlp_dim_00': 144, 'mlp_dim_01': 176, 'hidden_channels': 240, 'num_layers': 1, 'num_timesteps': 4, 'dropout': 0.04919077424045718, 'train_learning_rate': 0.0011492742173633789, 'train_lr_reduce': 0.6}. Best is trial 632 with value: 0.13978464901447296.
[I 2024-12-15 16:20:49,356] Trial 1232 finished with value: 0.14780308306217194 and parameters: {'mlp_n_layers': 4, 'mlp_dim_00': 96, 'mlp_dim_01': 160, 'mlp_dim_02': 240, 'mlp_dim_03': 144, 'hidden_channels': 256, 'num_layers': 1, 'num_timesteps': 4, 'dropout': 0.005455567347505073, 'train_learning_rate': 0.0017211974996574856, 'train_lr_reduce': 0.6}. Best is trial 632 with value: 0.13978464901447296.
[I 2024-12-15 16:20:51,851] Trial 1236 finished with value: 1.1490459442138672 and parameters: {'mlp_n_layers': 4, 'mlp_dim_00': 192, 'mlp_dim_01': 176, 'mlp_dim_02': 208, 'mlp_dim_03': 160, 'hidden_channels': 128, 'num_layers': 1, 'num_timesteps': 4, 'dropout': 0.007486830831892941, 'train_learning_rate': 0.004466603608940529, 'train_lr_reduce': 0.6}. Best is trial 632 with value: 0.13978464901447296.
[I 2024-12-15 16:20:59,218] Trial 1237 finished with value: 0.16073313355445862 and parameters: {'mlp_n_layers': 4, 'mlp_dim_00': 128, 'mlp_dim_01': 192, 'mlp_dim_02': 224, 'mlp_dim_03': 160, 'hidden_channels': 240, 'num_layers': 1, 'num_timesteps': 4, 'dropout': 0.043489820796213746, 'train_learning_rate': 0.0018233332989098005, 'train_lr_reduce': 0.6}. Best is trial 632 with value: 0.13978464901447296.
[I 2024-12-15 16:21:01,637] Trial 1235 finished with value: 0.15904076397418976 and parameters: {'mlp_n_layers': 4, 'mlp_dim_00': 128, 'mlp_dim_01': 144, 'mlp_dim_02': 224, 'mlp_dim_03': 176, 'hidden_channels': 256, 'num_layers': 1, 'num_timesteps': 4, 'dropout': 0.07178421616115607, 'train_learning_rate': 0.001560804837922671, 'train_lr_reduce': 0.6}. Best is trial 632 with value: 0.13978464901447296.
[I 2024-12-15 16:21:03,607] Trial 1238 finished with value: 0.18860812485218048 and parameters: {'mlp_n_layers': 4, 'mlp_dim_00': 80, 'mlp_dim_01': 160, 'mlp_dim_02': 256, 'mlp_dim_03': 144, 'hidden_channels': 224, 'num_layers': 1, 'num_timesteps': 4, 'dropout': 0.029144197169783878, 'train_learning_rate': 0.0008654091163314851, 'train_lr_reduce': 0.6}. Best is trial 632 with value: 0.13978464901447296.
[I 2024-12-15 16:21:14,932] Trial 1241 finished with value: 0.2158164530992508 and parameters: {'mlp_n_layers': 3, 'mlp_dim_00': 48, 'mlp_dim_01': 208, 'mlp_dim_02': 240, 'hidden_channels': 224, 'num_layers': 2, 'num_timesteps': 4, 'dropout': 0.0073999072001006815, 'train_learning_rate': 0.00056381656522492, 'train_lr_reduce': 0.6}. Best is trial 632 with value: 0.13978464901447296.
[I 2024-12-15 16:21:16,830] Trial 1239 finished with value: 0.1902157962322235 and parameters: {'mlp_n_layers': 3, 'mlp_dim_00': 128, 'mlp_dim_01': 176, 'mlp_dim_02': 224, 'hidden_channels': 144, 'num_layers': 1, 'num_timesteps': 4, 'dropout': 0.22765641279212118, 'train_learning_rate': 0.00021845957988955852, 'train_lr_reduce': 0.6}. Best is trial 632 with value: 0.13978464901447296.
[I 2024-12-15 16:21:17,302] Trial 1240 finished with value: 0.1579119861125946 and parameters: {'mlp_n_layers': 4, 'mlp_dim_00': 160, 'mlp_dim_01': 160, 'mlp_dim_02': 240, 'mlp_dim_03': 176, 'hidden_channels': 256, 'num_layers': 1, 'num_timesteps': 4, 'dropout': 0.01789940637975522, 'train_learning_rate': 0.001481333241882775, 'train_lr_reduce': 0.6}. Best is trial 632 with value: 0.13978464901447296.
[I 2024-12-15 16:21:27,446] Trial 1243 finished with value: 0.26144567131996155 and parameters: {'mlp_n_layers': 3, 'mlp_dim_00': 208, 'mlp_dim_01': 192, 'mlp_dim_02': 256, 'hidden_channels': 144, 'num_layers': 4, 'num_timesteps': 4, 'dropout': 0.2762866674558975, 'train_learning_rate': 0.006416659697216197, 'train_lr_reduce': 0.6}. Best is trial 632 with value: 0.13978464901447296.
[I 2024-12-15 16:21:28,454] Trial 1242 finished with value: 0.1875351071357727 and parameters: {'mlp_n_layers': 3, 'mlp_dim_00': 64, 'mlp_dim_01': 144, 'mlp_dim_02': 240, 'hidden_channels': 256, 'num_layers': 1, 'num_timesteps': 4, 'dropout': 0.008548449588515738, 'train_learning_rate': 0.0011578552810667777, 'train_lr_reduce': 0.6}. Best is trial 632 with value: 0.13978464901447296.
[I 2024-12-15 16:21:30,388] Trial 1244 finished with value: 0.1706218272447586 and parameters: {'mlp_n_layers': 4, 'mlp_dim_00': 240, 'mlp_dim_01': 112, 'mlp_dim_02': 240, 'mlp_dim_03': 144, 'hidden_channels': 176, 'num_layers': 1, 'num_timesteps': 4, 'dropout': 0.04473449122164215, 'train_learning_rate': 0.00042927746877249135, 'train_lr_reduce': 0.6}. Best is trial 632 with value: 0.13978464901447296.
[I 2024-12-15 16:21:37,137] Trial 1245 finished with value: 0.22620640695095062 and parameters: {'mlp_n_layers': 4, 'mlp_dim_00': 64, 'mlp_dim_01': 192, 'mlp_dim_02': 256, 'mlp_dim_03': 160, 'hidden_channels': 256, 'num_layers': 3, 'num_timesteps': 4, 'dropout': 0.004214524652920453, 'train_learning_rate': 0.0026922741122797546, 'train_lr_reduce': 0.6}. Best is trial 632 with value: 0.13978464901447296.
[I 2024-12-15 16:21:39,246] Trial 1247 finished with value: 0.19303204119205475 and parameters: {'mlp_n_layers': 4, 'mlp_dim_00': 128, 'mlp_dim_01': 192, 'mlp_dim_02': 240, 'mlp_dim_03': 192, 'hidden_channels': 256, 'num_layers': 1, 'num_timesteps': 4, 'dropout': 0.009247546689999844, 'train_learning_rate': 0.0013198922995502856, 'train_lr_reduce': 0.6}. Best is trial 632 with value: 0.13978464901447296.
[I 2024-12-15 16:21:41,784] Trial 1246 finished with value: 0.18659082055091858 and parameters: {'mlp_n_layers': 3, 'mlp_dim_00': 144, 'mlp_dim_01': 144, 'mlp_dim_02': 240, 'hidden_channels': 240, 'num_layers': 1, 'num_timesteps': 4, 'dropout': 0.029230625912158026, 'train_learning_rate': 0.00045152311552344076, 'train_lr_reduce': 0.6}. Best is trial 632 with value: 0.13978464901447296.
[I 2024-12-15 16:21:46,888] Trial 1248 finished with value: 0.1566103845834732 and parameters: {'mlp_n_layers': 4, 'mlp_dim_00': 192, 'mlp_dim_01': 144, 'mlp_dim_02': 240, 'mlp_dim_03': 144, 'hidden_channels': 176, 'num_layers': 1, 'num_timesteps': 4, 'dropout': 0.03200015669704826, 'train_learning_rate': 0.0024838843792396566, 'train_lr_reduce': 0.6}. Best is trial 632 with value: 0.13978464901447296.
[I 2024-12-15 16:21:49,430] Trial 1249 finished with value: 0.22945743799209595 and parameters: {'mlp_n_layers': 4, 'mlp_dim_00': 144, 'mlp_dim_01': 160, 'mlp_dim_02': 224, 'mlp_dim_03': 144, 'hidden_channels': 192, 'num_layers': 2, 'num_timesteps': 4, 'dropout': 0.01428126788878152, 'train_learning_rate': 0.002896420823107121, 'train_lr_reduce': 0.6}. Best is trial 632 with value: 0.13978464901447296.
[I 2024-12-15 16:21:51,516] Trial 1250 finished with value: 0.2059018909931183 and parameters: {'mlp_n_layers': 3, 'mlp_dim_00': 176, 'mlp_dim_01': 160, 'mlp_dim_02': 240, 'hidden_channels': 240, 'num_layers': 2, 'num_timesteps': 4, 'dropout': 0.022594317176012915, 'train_learning_rate': 0.001283495811604753, 'train_lr_reduce': 0.6}. Best is trial 632 with value: 0.13978464901447296.
[I 2024-12-15 16:21:58,510] Trial 1252 finished with value: 0.20998460054397583 and parameters: {'mlp_n_layers': 3, 'mlp_dim_00': 128, 'mlp_dim_01': 144, 'mlp_dim_02': 224, 'hidden_channels': 256, 'num_layers': 2, 'num_timesteps': 4, 'dropout': 0.04821223292506219, 'train_learning_rate': 0.001173955836334402, 'train_lr_reduce': 0.6}. Best is trial 632 with value: 0.13978464901447296.
[I 2024-12-15 16:22:00,814] Trial 1253 finished with value: 0.22528572380542755 and parameters: {'mlp_n_layers': 4, 'mlp_dim_00': 112, 'mlp_dim_01': 144, 'mlp_dim_02': 256, 'mlp_dim_03': 144, 'hidden_channels': 256, 'num_layers': 1, 'num_timesteps': 4, 'dropout': 0.002594453879906288, 'train_learning_rate': 0.002053932403247806, 'train_lr_reduce': 0.6}. Best is trial 632 with value: 0.13978464901447296.
[I 2024-12-15 16:22:05,525] Trial 1251 finished with value: 0.3203200697898865 and parameters: {'mlp_n_layers': 4, 'mlp_dim_00': 96, 'mlp_dim_01': 112, 'mlp_dim_02': 224, 'mlp_dim_03': 176, 'hidden_channels': 128, 'num_layers': 1, 'num_timesteps': 2, 'dropout': 0.18694155500434087, 'train_learning_rate': 0.0001108618344634232, 'train_lr_reduce': 0.6}. Best is trial 632 with value: 0.13978464901447296.
[I 2024-12-15 16:22:12,351] Trial 1254 finished with value: 0.14513809978961945 and parameters: {'mlp_n_layers': 3, 'mlp_dim_00': 96, 'mlp_dim_01': 176, 'mlp_dim_02': 224, 'hidden_channels': 224, 'num_layers': 1, 'num_timesteps': 4, 'dropout': 0.017707585662827943, 'train_learning_rate': 0.004236759930519477, 'train_lr_reduce': 0.6}. Best is trial 632 with value: 0.13978464901447296.
[I 2024-12-15 16:22:12,379] Trial 1255 finished with value: 0.2506629228591919 and parameters: {'mlp_n_layers': 4, 'mlp_dim_00': 96, 'mlp_dim_01': 192, 'mlp_dim_02': 224, 'mlp_dim_03': 144, 'hidden_channels': 256, 'num_layers': 2, 'num_timesteps': 4, 'dropout': 0.005227551255882594, 'train_learning_rate': 0.00136500512090131, 'train_lr_reduce': 0.6}. Best is trial 632 with value: 0.13978464901447296.
[I 2024-12-15 16:22:16,419] Trial 1256 finished with value: 0.20080651342868805 and parameters: {'mlp_n_layers': 4, 'mlp_dim_00': 64, 'mlp_dim_01': 160, 'mlp_dim_02': 224, 'mlp_dim_03': 208, 'hidden_channels': 256, 'num_layers': 1, 'num_timesteps': 4, 'dropout': 0.02197075261359055, 'train_learning_rate': 0.0017941581848170205, 'train_lr_reduce': 0.6}. Best is trial 632 with value: 0.13978464901447296.
[I 2024-12-15 16:22:19,937] Trial 1258 finished with value: 0.20043368637561798 and parameters: {'mlp_n_layers': 3, 'mlp_dim_00': 128, 'mlp_dim_01': 208, 'mlp_dim_02': 224, 'hidden_channels': 224, 'num_layers': 1, 'num_timesteps': 4, 'dropout': 0.06642306901704749, 'train_learning_rate': 0.0019183282579255617, 'train_lr_reduce': 0.6}. Best is trial 632 with value: 0.13978464901447296.
[I 2024-12-15 16:22:25,327] Trial 1257 finished with value: 0.14813917875289917 and parameters: {'mlp_n_layers': 4, 'mlp_dim_00': 128, 'mlp_dim_01': 176, 'mlp_dim_02': 256, 'mlp_dim_03': 160, 'hidden_channels': 224, 'num_layers': 1, 'num_timesteps': 4, 'dropout': 0.00886833467739442, 'train_learning_rate': 0.0026427327813612544, 'train_lr_reduce': 0.6}. Best is trial 632 with value: 0.13978464901447296.
[I 2024-12-15 16:22:25,483] Trial 1259 finished with value: 0.204716756939888 and parameters: {'mlp_n_layers': 4, 'mlp_dim_00': 176, 'mlp_dim_01': 144, 'mlp_dim_02': 224, 'mlp_dim_03': 144, 'hidden_channels': 192, 'num_layers': 1, 'num_timesteps': 4, 'dropout': 0.0017051531653374296, 'train_learning_rate': 0.0051276168532929, 'train_lr_reduce': 0.6}. Best is trial 632 with value: 0.13978464901447296.
[I 2024-12-15 16:22:27,354] Trial 1260 finished with value: 0.240780308842659 and parameters: {'mlp_n_layers': 3, 'mlp_dim_00': 80, 'mlp_dim_01': 160, 'mlp_dim_02': 224, 'hidden_channels': 240, 'num_layers': 1, 'num_timesteps': 4, 'dropout': 0.026572263747086773, 'train_learning_rate': 0.004302331023236576, 'train_lr_reduce': 0.6}. Best is trial 632 with value: 0.13978464901447296.
[I 2024-12-15 16:22:33,256] Trial 1261 finished with value: 0.19608740508556366 and parameters: {'mlp_n_layers': 4, 'mlp_dim_00': 128, 'mlp_dim_01': 192, 'mlp_dim_02': 256, 'mlp_dim_03': 176, 'hidden_channels': 208, 'num_layers': 1, 'num_timesteps': 4, 'dropout': 0.06032024021055299, 'train_learning_rate': 0.004350190323592942, 'train_lr_reduce': 0.6}. Best is trial 632 with value: 0.13978464901447296.
[I 2024-12-15 16:22:37,408] Trial 1262 finished with value: 0.1567133367061615 and parameters: {'mlp_n_layers': 4, 'mlp_dim_00': 80, 'mlp_dim_01': 224, 'mlp_dim_02': 256, 'mlp_dim_03': 192, 'hidden_channels': 208, 'num_layers': 1, 'num_timesteps': 4, 'dropout': 0.06952064274389702, 'train_learning_rate': 0.0036751019198120968, 'train_lr_reduce': 0.6}. Best is trial 632 with value: 0.13978464901447296.
[I 2024-12-15 16:22:39,827] Trial 1263 finished with value: 0.14379604160785675 and parameters: {'mlp_n_layers': 4, 'mlp_dim_00': 112, 'mlp_dim_01': 192, 'mlp_dim_02': 256, 'mlp_dim_03': 176, 'hidden_channels': 224, 'num_layers': 1, 'num_timesteps': 4, 'dropout': 0.037092857054277284, 'train_learning_rate': 0.001983114469886903, 'train_lr_reduce': 0.6}. Best is trial 632 with value: 0.13978464901447296.
[I 2024-12-15 16:22:44,123] Trial 1264 finished with value: 0.24462614953517914 and parameters: {'mlp_n_layers': 4, 'mlp_dim_00': 80, 'mlp_dim_01': 208, 'mlp_dim_02': 256, 'mlp_dim_03': 192, 'hidden_channels': 208, 'num_layers': 1, 'num_timesteps': 4, 'dropout': 0.026001086453736458, 'train_learning_rate': 0.005762286323642115, 'train_lr_reduce': 0.6}. Best is trial 632 with value: 0.13978464901447296.
[I 2024-12-15 16:22:47,085] Trial 1265 finished with value: 0.17910559475421906 and parameters: {'mlp_n_layers': 4, 'mlp_dim_00': 224, 'mlp_dim_01': 128, 'mlp_dim_02': 256, 'mlp_dim_03': 176, 'hidden_channels': 128, 'num_layers': 1, 'num_timesteps': 4, 'dropout': 0.05672692661435564, 'train_learning_rate': 0.0013059850557774443, 'train_lr_reduce': 0.6}. Best is trial 632 with value: 0.13978464901447296.
[I 2024-12-15 16:22:59,248] Trial 1266 finished with value: 0.14544999599456787 and parameters: {'mlp_n_layers': 4, 'mlp_dim_00': 112, 'mlp_dim_01': 160, 'mlp_dim_02': 256, 'mlp_dim_03': 192, 'hidden_channels': 208, 'num_layers': 1, 'num_timesteps': 3, 'dropout': 0.016762881750582485, 'train_learning_rate': 0.0020515899360381484, 'train_lr_reduce': 0.6}. Best is trial 632 with value: 0.13978464901447296.
[I 2024-12-15 16:23:11,101] Trial 1268 finished with value: 0.22301878035068512 and parameters: {'mlp_n_layers': 3, 'mlp_dim_00': 80, 'mlp_dim_01': 208, 'mlp_dim_02': 256, 'hidden_channels': 224, 'num_layers': 2, 'num_timesteps': 4, 'dropout': 0.07308623877659459, 'train_learning_rate': 0.0024145850427260197, 'train_lr_reduce': 0.6}. Best is trial 632 with value: 0.13978464901447296.
[I 2024-12-15 16:23:12,032] Trial 1267 finished with value: 0.16778947412967682 and parameters: {'mlp_n_layers': 4, 'mlp_dim_00': 112, 'mlp_dim_01': 176, 'mlp_dim_02': 256, 'mlp_dim_03': 208, 'hidden_channels': 240, 'num_layers': 2, 'num_timesteps': 4, 'dropout': 0.0032117917729914862, 'train_learning_rate': 0.0050383659790383065, 'train_lr_reduce': 0.6}. Best is trial 632 with value: 0.13978464901447296.
[I 2024-12-15 16:23:17,525] Trial 1269 finished with value: 0.18842686712741852 and parameters: {'mlp_n_layers': 3, 'mlp_dim_00': 80, 'mlp_dim_01': 144, 'mlp_dim_02': 240, 'hidden_channels': 240, 'num_layers': 1, 'num_timesteps': 3, 'dropout': 0.03483222971322365, 'train_learning_rate': 0.0014171200557244348, 'train_lr_reduce': 0.6}. Best is trial 632 with value: 0.13978464901447296.
[I 2024-12-15 16:23:19,480] Trial 1270 finished with value: 0.19826120138168335 and parameters: {'mlp_n_layers': 2, 'mlp_dim_00': 256, 'mlp_dim_01': 160, 'hidden_channels': 208, 'num_layers': 1, 'num_timesteps': 4, 'dropout': 0.09289349448945311, 'train_learning_rate': 0.002576123182902418, 'train_lr_reduce': 0.6}. Best is trial 632 with value: 0.13978464901447296.
