[I 2024-12-24 13:56:24,817] Trial 32 finished with value: 0.014204908162355423 and parameters: {'L1_hidden_dim': 176, 'L1_layers_atom': 1, 'L1_layers_mol': 1, 'L1_dropout': 0.11875903322547206, 'L1_out_dim': 96, 'L2_hidden_dim': 224, 'L2_layers_atom': 1, 'L2_layers_mol': 1, 'L2_out_dim': 64, 'L2_dropout': 0.1039876480702381, 'L3_hidden_dim': 64, 'L3_layers_atom': 2, 'L3_layers_mol': 1, 'L3_out_dim': 96, 'L3_dropout': 0.2854492814538006, 'n_mlp_layers': 1, 'mlp_dim_0': 448, 'num_heads': 1, 'final_dropout': 0.037659414431533735, 'train_learning_rate': 0.0016340117992491114, 'train_lr_reduce': 0.6}. Best is trial 27 with value: 0.011859213933348656.
[I 2024-12-24 13:56:40,520] Trial 33 finished with value: 0.011809859424829483 and parameters: {'L1_hidden_dim': 128, 'L1_layers_atom': 1, 'L1_layers_mol': 1, 'L1_dropout': 0.14187824902987128, 'L1_out_dim': 64, 'L2_hidden_dim': 160, 'L2_layers_atom': 2, 'L2_layers_mol': 3, 'L2_out_dim': 80, 'L2_dropout': 0.1641386823400349, 'L3_hidden_dim': 96, 'L3_layers_atom': 4, 'L3_layers_mol': 1, 'L3_out_dim': 128, 'L3_dropout': 0.2956191303568586, 'n_mlp_layers': 3, 'mlp_dim_0': 472, 'mlp_dim_1': 192, 'mlp_dim_2': 512, 'num_heads': 1, 'final_dropout': 0.1297900604254824, 'train_learning_rate': 0.0022394996154058242, 'train_lr_reduce': 0.6}. Best is trial 33 with value: 0.011809859424829483.
[I 2024-12-24 13:57:35,978] Trial 34 finished with value: 0.01548699289560318 and parameters: {'L1_hidden_dim': 112, 'L1_layers_atom': 2, 'L1_layers_mol': 2, 'L1_dropout': 0.21244233807829307, 'L1_out_dim': 64, 'L2_hidden_dim': 240, 'L2_layers_atom': 1, 'L2_layers_mol': 3, 'L2_out_dim': 64, 'L2_dropout': 0.12393832694372132, 'L3_hidden_dim': 96, 'L3_layers_atom': 3, 'L3_layers_mol': 2, 'L3_out_dim': 64, 'L3_dropout': 0.24480673704492112, 'n_mlp_layers': 3, 'mlp_dim_0': 496, 'mlp_dim_1': 248, 'mlp_dim_2': 336, 'num_heads': 2, 'final_dropout': 0.15368201554925465, 'train_learning_rate': 0.004775762451686731, 'train_lr_reduce': 0.6}. Best is trial 33 with value: 0.011809859424829483.
[I 2024-12-24 13:57:57,280] Trial 35 finished with value: 0.012434707023203373 and parameters: {'L1_hidden_dim': 160, 'L1_layers_atom': 1, 'L1_layers_mol': 3, 'L1_dropout': 0.003873375202035307, 'L1_out_dim': 80, 'L2_hidden_dim': 144, 'L2_layers_atom': 1, 'L2_layers_mol': 2, 'L2_out_dim': 64, 'L2_dropout': 0.1692279533039421, 'L3_hidden_dim': 96, 'L3_layers_atom': 1, 'L3_layers_mol': 2, 'L3_out_dim': 112, 'L3_dropout': 0.2786399038616217, 'n_mlp_layers': 2, 'mlp_dim_0': 368, 'mlp_dim_1': 296, 'num_heads': 1, 'final_dropout': 0.03379482685771219, 'train_learning_rate': 0.0012067207680271058, 'train_lr_reduce': 0.6}. Best is trial 33 with value: 0.011809859424829483.
[I 2024-12-24 13:59:20,871] Trial 38 finished with value: 0.029639290645718575 and parameters: {'L1_hidden_dim': 208, 'L1_layers_atom': 3, 'L1_layers_mol': 3, 'L1_dropout': 0.04062715760913576, 'L1_out_dim': 48, 'L2_hidden_dim': 144, 'L2_layers_atom': 1, 'L2_layers_mol': 1, 'L2_out_dim': 32, 'L2_dropout': 0.08486481475362599, 'L3_hidden_dim': 64, 'L3_layers_atom': 2, 'L3_layers_mol': 2, 'L3_out_dim': 128, 'L3_dropout': 0.21860464136938665, 'n_mlp_layers': 1, 'mlp_dim_0': 376, 'num_heads': 1, 'final_dropout': 0.04558843901784919, 'train_learning_rate': 0.007266534007000464, 'train_lr_reduce': 0.6}. Best is trial 33 with value: 0.011809859424829483.
[I 2024-12-24 13:59:24,160] Trial 36 finished with value: 0.012512789107859135 and parameters: {'L1_hidden_dim': 112, 'L1_layers_atom': 1, 'L1_layers_mol': 1, 'L1_dropout': 0.06868412413302752, 'L1_out_dim': 48, 'L2_hidden_dim': 112, 'L2_layers_atom': 2, 'L2_layers_mol': 3, 'L2_out_dim': 96, 'L2_dropout': 0.2521161100360465, 'L3_hidden_dim': 112, 'L3_layers_atom': 4, 'L3_layers_mol': 1, 'L3_out_dim': 96, 'L3_dropout': 0.24447088555673518, 'n_mlp_layers': 3, 'mlp_dim_0': 432, 'mlp_dim_1': 216, 'mlp_dim_2': 504, 'num_heads': 1, 'final_dropout': 0.10618059152274367, 'train_learning_rate': 0.004712470365931141, 'train_lr_reduce': 0.6}. Best is trial 33 with value: 0.011809859424829483.
[I 2024-12-24 14:00:34,496] Trial 37 finished with value: 0.012738103978335857 and parameters: {'L1_hidden_dim': 176, 'L1_layers_atom': 2, 'L1_layers_mol': 1, 'L1_dropout': 0.11938691002191626, 'L1_out_dim': 80, 'L2_hidden_dim': 192, 'L2_layers_atom': 1, 'L2_layers_mol': 3, 'L2_out_dim': 80, 'L2_dropout': 0.20412987561672813, 'L3_hidden_dim': 80, 'L3_layers_atom': 3, 'L3_layers_mol': 1, 'L3_out_dim': 128, 'L3_dropout': 0.2634629484504922, 'n_mlp_layers': 3, 'mlp_dim_0': 416, 'mlp_dim_1': 240, 'mlp_dim_2': 512, 'num_heads': 1, 'final_dropout': 0.1254578656399734, 'train_learning_rate': 0.001661997078255596, 'train_lr_reduce': 0.6}. Best is trial 33 with value: 0.011809859424829483.
[I 2024-12-24 14:00:54,872] Trial 39 finished with value: 0.0159720741212368 and parameters: {'L1_hidden_dim': 80, 'L1_layers_atom': 1, 'L1_layers_mol': 1, 'L1_dropout': 0.11315278508075373, 'L1_out_dim': 80, 'L2_hidden_dim': 96, 'L2_layers_atom': 2, 'L2_layers_mol': 2, 'L2_out_dim': 64, 'L2_dropout': 0.06632945891149865, 'L3_hidden_dim': 96, 'L3_layers_atom': 4, 'L3_layers_mol': 2, 'L3_out_dim': 112, 'L3_dropout': 0.2944276218381989, 'n_mlp_layers': 3, 'mlp_dim_0': 496, 'mlp_dim_1': 304, 'mlp_dim_2': 408, 'num_heads': 1, 'final_dropout': 0.12672484748462917, 'train_learning_rate': 0.000978802437378236, 'train_lr_reduce': 0.6}. Best is trial 33 with value: 0.011809859424829483.
[I 2024-12-24 14:00:59,759] Trial 40 finished with value: 0.01167124044150114 and parameters: {'L1_hidden_dim': 224, 'L1_layers_atom': 2, 'L1_layers_mol': 4, 'L1_dropout': 0.055376606582550926, 'L1_out_dim': 32, 'L2_hidden_dim': 192, 'L2_layers_atom': 2, 'L2_layers_mol': 1, 'L2_out_dim': 32, 'L2_dropout': 0.21046762379175188, 'L3_hidden_dim': 80, 'L3_layers_atom': 1, 'L3_layers_mol': 3, 'L3_out_dim': 128, 'L3_dropout': 0.23578596402752808, 'n_mlp_layers': 3, 'mlp_dim_0': 464, 'mlp_dim_1': 208, 'mlp_dim_2': 512, 'num_heads': 1, 'final_dropout': 0.08608006853381536, 'train_learning_rate': 0.0007788527222629086, 'train_lr_reduce': 0.6}. Best is trial 40 with value: 0.01167124044150114.
[I 2024-12-24 14:01:37,474] Trial 41 finished with value: 0.013917182572185993 and parameters: {'L1_hidden_dim': 112, 'L1_layers_atom': 1, 'L1_layers_mol': 3, 'L1_dropout': 0.13117055261510693, 'L1_out_dim': 48, 'L2_hidden_dim': 176, 'L2_layers_atom': 1, 'L2_layers_mol': 1, 'L2_out_dim': 32, 'L2_dropout': 0.23436296574869225, 'L3_hidden_dim': 64, 'L3_layers_atom': 3, 'L3_layers_mol': 2, 'L3_out_dim': 112, 'L3_dropout': 0.13426647476008094, 'n_mlp_layers': 1, 'mlp_dim_0': 256, 'num_heads': 1, 'final_dropout': 0.03856822368058032, 'train_learning_rate': 0.002799197812943956, 'train_lr_reduce': 0.6}. Best is trial 40 with value: 0.01167124044150114.
[I 2024-12-24 14:02:04,555] Trial 42 finished with value: 0.013404784724116325 and parameters: {'L1_hidden_dim': 160, 'L1_layers_atom': 3, 'L1_layers_mol': 4, 'L1_dropout': 0.015986545140505796, 'L1_out_dim': 48, 'L2_hidden_dim': 112, 'L2_layers_atom': 1, 'L2_layers_mol': 1, 'L2_out_dim': 32, 'L2_dropout': 0.2579994340553877, 'L3_hidden_dim': 64, 'L3_layers_atom': 2, 'L3_layers_mol': 1, 'L3_out_dim': 128, 'L3_dropout': 0.15884394436258883, 'n_mlp_layers': 2, 'mlp_dim_0': 344, 'mlp_dim_1': 312, 'num_heads': 1, 'final_dropout': 0.0539473409611807, 'train_learning_rate': 0.0020264767037563333, 'train_lr_reduce': 0.6}. Best is trial 40 with value: 0.01167124044150114.
[I 2024-12-24 14:02:55,165] Trial 43 finished with value: 0.012059072032570839 and parameters: {'L1_hidden_dim': 208, 'L1_layers_atom': 2, 'L1_layers_mol': 4, 'L1_dropout': 6.135234487179841e-05, 'L1_out_dim': 48, 'L2_hidden_dim': 224, 'L2_layers_atom': 1, 'L2_layers_mol': 1, 'L2_out_dim': 32, 'L2_dropout': 0.16615312476484034, 'L3_hidden_dim': 64, 'L3_layers_atom': 1, 'L3_layers_mol': 3, 'L3_out_dim': 96, 'L3_dropout': 0.16833888872131375, 'n_mlp_layers': 3, 'mlp_dim_0': 488, 'mlp_dim_1': 216, 'mlp_dim_2': 512, 'num_heads': 1, 'final_dropout': 0.018204251381624556, 'train_learning_rate': 0.0022274261817148847, 'train_lr_reduce': 0.6}. Best is trial 40 with value: 0.01167124044150114.
[I 2024-12-24 14:02:58,056] Trial 44 finished with value: 0.014304634183645248 and parameters: {'L1_hidden_dim': 176, 'L1_layers_atom': 1, 'L1_layers_mol': 3, 'L1_dropout': 0.10483341036567165, 'L1_out_dim': 32, 'L2_hidden_dim': 160, 'L2_layers_atom': 1, 'L2_layers_mol': 1, 'L2_out_dim': 48, 'L2_dropout': 0.2003497545979786, 'L3_hidden_dim': 96, 'L3_layers_atom': 1, 'L3_layers_mol': 3, 'L3_out_dim': 128, 'L3_dropout': 0.2598872668064568, 'n_mlp_layers': 2, 'mlp_dim_0': 432, 'mlp_dim_1': 168, 'num_heads': 1, 'final_dropout': 0.18895232262632708, 'train_learning_rate': 0.0005380097940466729, 'train_lr_reduce': 0.6}. Best is trial 40 with value: 0.01167124044150114.
[I 2024-12-24 14:04:30,232] Trial 45 finished with value: 0.011985165998339653 and parameters: {'L1_hidden_dim': 128, 'L1_layers_atom': 1, 'L1_layers_mol': 1, 'L1_dropout': 0.09209090111366677, 'L1_out_dim': 64, 'L2_hidden_dim': 160, 'L2_layers_atom': 4, 'L2_layers_mol': 2, 'L2_out_dim': 80, 'L2_dropout': 0.1552636100039388, 'L3_hidden_dim': 80, 'L3_layers_atom': 4, 'L3_layers_mol': 1, 'L3_out_dim': 128, 'L3_dropout': 0.2992913579927567, 'n_mlp_layers': 2, 'mlp_dim_0': 432, 'mlp_dim_1': 224, 'num_heads': 2, 'final_dropout': 0.21508330653529445, 'train_learning_rate': 0.002785876950300936, 'train_lr_reduce': 0.6}. Best is trial 40 with value: 0.01167124044150114.
[I 2024-12-24 14:04:46,972] Trial 46 finished with value: 0.012721125967800617 and parameters: {'L1_hidden_dim': 192, 'L1_layers_atom': 2, 'L1_layers_mol': 4, 'L1_dropout': 0.15080783272836706, 'L1_out_dim': 32, 'L2_hidden_dim': 192, 'L2_layers_atom': 3, 'L2_layers_mol': 2, 'L2_out_dim': 64, 'L2_dropout': 0.17854929442246587, 'L3_hidden_dim': 80, 'L3_layers_atom': 2, 'L3_layers_mol': 4, 'L3_out_dim': 112, 'L3_dropout': 0.23778554420204764, 'n_mlp_layers': 3, 'mlp_dim_0': 504, 'mlp_dim_1': 232, 'mlp_dim_2': 432, 'num_heads': 1, 'final_dropout': 0.086179764099492, 'train_learning_rate': 0.0006356952450425417, 'train_lr_reduce': 0.6}. Best is trial 40 with value: 0.01167124044150114.
[I 2024-12-24 14:05:04,962] Trial 47 finished with value: 0.012217051349580288 and parameters: {'L1_hidden_dim': 208, 'L1_layers_atom': 1, 'L1_layers_mol': 3, 'L1_dropout': 0.061663042303801346, 'L1_out_dim': 64, 'L2_hidden_dim': 256, 'L2_layers_atom': 2, 'L2_layers_mol': 1, 'L2_out_dim': 32, 'L2_dropout': 0.16205945077337092, 'L3_hidden_dim': 112, 'L3_layers_atom': 2, 'L3_layers_mol': 2, 'L3_out_dim': 128, 'L3_dropout': 0.203786066497957, 'n_mlp_layers': 3, 'mlp_dim_0': 440, 'mlp_dim_1': 120, 'mlp_dim_2': 512, 'num_heads': 1, 'final_dropout': 0.08414903209057917, 'train_learning_rate': 0.0003252795430917459, 'train_lr_reduce': 0.6}. Best is trial 40 with value: 0.01167124044150114.
[I 2024-12-24 14:06:38,946] Trial 48 finished with value: 0.013005630113184452 and parameters: {'L1_hidden_dim': 176, 'L1_layers_atom': 1, 'L1_layers_mol': 2, 'L1_dropout': 0.05697044485305448, 'L1_out_dim': 80, 'L2_hidden_dim': 192, 'L2_layers_atom': 4, 'L2_layers_mol': 1, 'L2_out_dim': 32, 'L2_dropout': 0.2015985649981901, 'L3_hidden_dim': 64, 'L3_layers_atom': 4, 'L3_layers_mol': 1, 'L3_out_dim': 112, 'L3_dropout': 0.28291711519783486, 'n_mlp_layers': 2, 'mlp_dim_0': 344, 'mlp_dim_1': 208, 'num_heads': 1, 'final_dropout': 0.22928101171532064, 'train_learning_rate': 0.0029199246783527854, 'train_lr_reduce': 0.6}. Best is trial 40 with value: 0.01167124044150114.
[I 2024-12-24 14:06:53,382] Trial 49 finished with value: 0.011839756742119789 and parameters: {'L1_hidden_dim': 256, 'L1_layers_atom': 2, 'L1_layers_mol': 4, 'L1_dropout': 0.13585247298942862, 'L1_out_dim': 32, 'L2_hidden_dim': 240, 'L2_layers_atom': 2, 'L2_layers_mol': 1, 'L2_out_dim': 32, 'L2_dropout': 0.20122961040157283, 'L3_hidden_dim': 96, 'L3_layers_atom': 1, 'L3_layers_mol': 4, 'L3_out_dim': 128, 'L3_dropout': 0.27064418120938105, 'n_mlp_layers': 3, 'mlp_dim_0': 472, 'mlp_dim_1': 208, 'mlp_dim_2': 424, 'num_heads': 1, 'final_dropout': 0.06719504889375214, 'train_learning_rate': 0.0017185123604694034, 'train_lr_reduce': 0.6}. Best is trial 40 with value: 0.01167124044150114.
[I 2024-12-24 14:08:28,804] Trial 52 finished with value: 0.013445557095110416 and parameters: {'L1_hidden_dim': 240, 'L1_layers_atom': 2, 'L1_layers_mol': 3, 'L1_dropout': 0.19824204856566466, 'L1_out_dim': 48, 'L2_hidden_dim': 208, 'L2_layers_atom': 1, 'L2_layers_mol': 1, 'L2_out_dim': 32, 'L2_dropout': 0.12583941207183658, 'L3_hidden_dim': 112, 'L3_layers_atom': 2, 'L3_layers_mol': 4, 'L3_out_dim': 128, 'L3_dropout': 0.2276267038440854, 'n_mlp_layers': 3, 'mlp_dim_0': 504, 'mlp_dim_1': 184, 'mlp_dim_2': 432, 'num_heads': 2, 'final_dropout': 0.06763869516009927, 'train_learning_rate': 0.0034705849830984296, 'train_lr_reduce': 0.6}. Best is trial 40 with value: 0.01167124044150114.
[I 2024-12-24 14:08:43,111] Trial 50 finished with value: 0.035927027463912964 and parameters: {'L1_hidden_dim': 144, 'L1_layers_atom': 1, 'L1_layers_mol': 1, 'L1_dropout': 0.09504940931179606, 'L1_out_dim': 48, 'L2_hidden_dim': 80, 'L2_layers_atom': 4, 'L2_layers_mol': 3, 'L2_out_dim': 80, 'L2_dropout': 0.11938816693907399, 'L3_hidden_dim': 64, 'L3_layers_atom': 4, 'L3_layers_mol': 1, 'L3_out_dim': 96, 'L3_dropout': 0.21912183739878066, 'n_mlp_layers': 2, 'mlp_dim_0': 360, 'mlp_dim_1': 216, 'num_heads': 2, 'final_dropout': 0.21504125402128418, 'train_learning_rate': 0.0007578478135732155, 'train_lr_reduce': 0.6}. Best is trial 40 with value: 0.01167124044150114.
[I 2024-12-24 14:08:51,684] Trial 51 finished with value: 0.013127584010362625 and parameters: {'L1_hidden_dim': 112, 'L1_layers_atom': 1, 'L1_layers_mol': 3, 'L1_dropout': 0.08935414081114638, 'L1_out_dim': 80, 'L2_hidden_dim': 128, 'L2_layers_atom': 4, 'L2_layers_mol': 2, 'L2_out_dim': 96, 'L2_dropout': 0.15425670043845677, 'L3_hidden_dim': 64, 'L3_layers_atom': 4, 'L3_layers_mol': 1, 'L3_out_dim': 128, 'L3_dropout': 0.22798733782755254, 'n_mlp_layers': 2, 'mlp_dim_0': 480, 'mlp_dim_1': 120, 'num_heads': 2, 'final_dropout': 0.2227632207144496, 'train_learning_rate': 0.004525502706387247, 'train_lr_reduce': 0.6}. Best is trial 40 with value: 0.01167124044150114.
[I 2024-12-24 14:10:12,068] Trial 53 finished with value: 0.01447137352079153 and parameters: {'L1_hidden_dim': 256, 'L1_layers_atom': 3, 'L1_layers_mol': 4, 'L1_dropout': 0.17662407370097405, 'L1_out_dim': 32, 'L2_hidden_dim': 256, 'L2_layers_atom': 2, 'L2_layers_mol': 1, 'L2_out_dim': 32, 'L2_dropout': 0.27009143634340416, 'L3_hidden_dim': 80, 'L3_layers_atom': 1, 'L3_layers_mol': 4, 'L3_out_dim': 112, 'L3_dropout': 0.2631714475822206, 'n_mlp_layers': 3, 'mlp_dim_0': 512, 'mlp_dim_1': 224, 'mlp_dim_2': 512, 'num_heads': 2, 'final_dropout': 0.03642311792051554, 'train_learning_rate': 0.003696436207323838, 'train_lr_reduce': 0.6}. Best is trial 40 with value: 0.01167124044150114.
[I 2024-12-24 14:11:30,799] Trial 55 finished with value: 0.013510720804333687 and parameters: {'L1_hidden_dim': 96, 'L1_layers_atom': 1, 'L1_layers_mol': 1, 'L1_dropout': 0.13644840790411533, 'L1_out_dim': 32, 'L2_hidden_dim': 176, 'L2_layers_atom': 3, 'L2_layers_mol': 2, 'L2_out_dim': 96, 'L2_dropout': 0.2706066719300366, 'L3_hidden_dim': 112, 'L3_layers_atom': 4, 'L3_layers_mol': 2, 'L3_out_dim': 128, 'L3_dropout': 0.2749357824124483, 'n_mlp_layers': 2, 'mlp_dim_0': 496, 'mlp_dim_1': 224, 'num_heads': 2, 'final_dropout': 0.21643090819409685, 'train_learning_rate': 0.0013338572279255484, 'train_lr_reduce': 0.6}. Best is trial 40 with value: 0.01167124044150114.
[I 2024-12-24 14:11:48,222] Trial 54 finished with value: 0.0115584135055542 and parameters: {'L1_hidden_dim': 96, 'L1_layers_atom': 1, 'L1_layers_mol': 1, 'L1_dropout': 0.09352017838653147, 'L1_out_dim': 64, 'L2_hidden_dim': 176, 'L2_layers_atom': 4, 'L2_layers_mol': 1, 'L2_out_dim': 80, 'L2_dropout': 0.1331587598217757, 'L3_hidden_dim': 96, 'L3_layers_atom': 4, 'L3_layers_mol': 1, 'L3_out_dim': 128, 'L3_dropout': 0.2765065500546373, 'n_mlp_layers': 3, 'mlp_dim_0': 368, 'mlp_dim_1': 224, 'mlp_dim_2': 432, 'num_heads': 2, 'final_dropout': 0.1246685579177335, 'train_learning_rate': 0.0024285511103966733, 'train_lr_reduce': 0.6}. Best is trial 54 with value: 0.0115584135055542.
[I 2024-12-24 14:11:53,799] Trial 56 finished with value: 0.01147022657096386 and parameters: {'L1_hidden_dim': 176, 'L1_layers_atom': 1, 'L1_layers_mol': 4, 'L1_dropout': 0.06775104038258895, 'L1_out_dim': 32, 'L2_hidden_dim': 224, 'L2_layers_atom': 2, 'L2_layers_mol': 2, 'L2_out_dim': 32, 'L2_dropout': 0.16655316246137064, 'L3_hidden_dim': 64, 'L3_layers_atom': 1, 'L3_layers_mol': 3, 'L3_out_dim': 112, 'L3_dropout': 0.2892783897066043, 'n_mlp_layers': 3, 'mlp_dim_0': 416, 'mlp_dim_1': 232, 'mlp_dim_2': 512, 'num_heads': 1, 'final_dropout': 0.05877720584688191, 'train_learning_rate': 0.00055909099522048, 'train_lr_reduce': 0.6}. Best is trial 56 with value: 0.01147022657096386.
[I 2024-12-24 14:13:01,223] Trial 57 finished with value: 0.013813239522278309 and parameters: {'L1_hidden_dim': 176, 'L1_layers_atom': 2, 'L1_layers_mol': 1, 'L1_dropout': 0.16569686324029909, 'L1_out_dim': 32, 'L2_hidden_dim': 112, 'L2_layers_atom': 2, 'L2_layers_mol': 2, 'L2_out_dim': 80, 'L2_dropout': 0.10567749099955542, 'L3_hidden_dim': 96, 'L3_layers_atom': 4, 'L3_layers_mol': 2, 'L3_out_dim': 128, 'L3_dropout': 0.2948424611902172, 'n_mlp_layers': 2, 'mlp_dim_0': 384, 'mlp_dim_1': 144, 'num_heads': 1, 'final_dropout': 0.10654824797240448, 'train_learning_rate': 0.0031610974379920297, 'train_lr_reduce': 0.6}. Best is trial 56 with value: 0.01147022657096386.
[I 2024-12-24 14:14:05,449] Trial 59 finished with value: 0.018547456711530685 and parameters: {'L1_hidden_dim': 240, 'L1_layers_atom': 2, 'L1_layers_mol': 4, 'L1_dropout': 0.1627870802407723, 'L1_out_dim': 32, 'L2_hidden_dim': 256, 'L2_layers_atom': 1, 'L2_layers_mol': 1, 'L2_out_dim': 32, 'L2_dropout': 0.15755423802397908, 'L3_hidden_dim': 96, 'L3_layers_atom': 2, 'L3_layers_mol': 4, 'L3_out_dim': 128, 'L3_dropout': 0.2462858235530674, 'n_mlp_layers': 3, 'mlp_dim_0': 512, 'mlp_dim_1': 176, 'mlp_dim_2': 432, 'num_heads': 1, 'final_dropout': 0.05103768262495663, 'train_learning_rate': 0.00022198291528667543, 'train_lr_reduce': 0.6}. Best is trial 56 with value: 0.01147022657096386.
[I 2024-12-24 14:14:33,894] Trial 60 finished with value: 0.014478124678134918 and parameters: {'L1_hidden_dim': 128, 'L1_layers_atom': 2, 'L1_layers_mol': 4, 'L1_dropout': 0.1140590079299798, 'L1_out_dim': 32, 'L2_hidden_dim': 224, 'L2_layers_atom': 1, 'L2_layers_mol': 1, 'L2_out_dim': 32, 'L2_dropout': 0.09066610093924936, 'L3_hidden_dim': 32, 'L3_layers_atom': 1, 'L3_layers_mol': 2, 'L3_out_dim': 112, 'L3_dropout': 0.2924410138922287, 'n_mlp_layers': 3, 'mlp_dim_0': 464, 'mlp_dim_1': 200, 'mlp_dim_2': 432, 'num_heads': 1, 'final_dropout': 0.14553486215103484, 'train_learning_rate': 0.00021921061408646596, 'train_lr_reduce': 0.6}. Best is trial 56 with value: 0.01147022657096386.
[I 2024-12-24 14:15:06,051] Trial 58 finished with value: 0.01353513728827238 and parameters: {'L1_hidden_dim': 80, 'L1_layers_atom': 1, 'L1_layers_mol': 3, 'L1_dropout': 0.16478087085118218, 'L1_out_dim': 80, 'L2_hidden_dim': 160, 'L2_layers_atom': 4, 'L2_layers_mol': 1, 'L2_out_dim': 96, 'L2_dropout': 0.03937177785438249, 'L3_hidden_dim': 112, 'L3_layers_atom': 4, 'L3_layers_mol': 1, 'L3_out_dim': 112, 'L3_dropout': 0.22399178931153785, 'n_mlp_layers': 3, 'mlp_dim_0': 280, 'mlp_dim_1': 248, 'mlp_dim_2': 424, 'num_heads': 2, 'final_dropout': 0.09336302850932549, 'train_learning_rate': 0.0032875855042989225, 'train_lr_reduce': 0.6}. Best is trial 56 with value: 0.01147022657096386.
[I 2024-12-24 14:15:22,910] Trial 61 finished with value: 0.012390585616230965 and parameters: {'L1_hidden_dim': 160, 'L1_layers_atom': 1, 'L1_layers_mol': 3, 'L1_dropout': 0.07927096095956149, 'L1_out_dim': 64, 'L2_hidden_dim': 240, 'L2_layers_atom': 2, 'L2_layers_mol': 2, 'L2_out_dim': 48, 'L2_dropout': 0.1964835394801631, 'L3_hidden_dim': 64, 'L3_layers_atom': 2, 'L3_layers_mol': 3, 'L3_out_dim': 112, 'L3_dropout': 0.2857287098374611, 'n_mlp_layers': 3, 'mlp_dim_0': 368, 'mlp_dim_1': 200, 'mlp_dim_2': 512, 'num_heads': 1, 'final_dropout': 0.006271530743987813, 'train_learning_rate': 0.0008945849254382292, 'train_lr_reduce': 0.6}. Best is trial 56 with value: 0.01147022657096386.
[I 2024-12-24 14:15:56,230] Trial 62 finished with value: 0.013087695464491844 and parameters: {'L1_hidden_dim': 224, 'L1_layers_atom': 1, 'L1_layers_mol': 3, 'L1_dropout': 0.05507446627183408, 'L1_out_dim': 32, 'L2_hidden_dim': 160, 'L2_layers_atom': 2, 'L2_layers_mol': 1, 'L2_out_dim': 32, 'L2_dropout': 0.23537123585293696, 'L3_hidden_dim': 96, 'L3_layers_atom': 1, 'L3_layers_mol': 1, 'L3_out_dim': 128, 'L3_dropout': 0.27102720981961437, 'n_mlp_layers': 3, 'mlp_dim_0': 504, 'mlp_dim_1': 136, 'mlp_dim_2': 432, 'num_heads': 1, 'final_dropout': 0.05188079287362441, 'train_learning_rate': 0.0005867212459996098, 'train_lr_reduce': 0.6}. Best is trial 56 with value: 0.01147022657096386.
[I 2024-12-24 14:16:27,350] Trial 64 finished with value: 0.011786849237978458 and parameters: {'L1_hidden_dim': 160, 'L1_layers_atom': 1, 'L1_layers_mol': 2, 'L1_dropout': 0.13183477958711676, 'L1_out_dim': 64, 'L2_hidden_dim': 192, 'L2_layers_atom': 2, 'L2_layers_mol': 3, 'L2_out_dim': 96, 'L2_dropout': 0.06927349776438484, 'L3_hidden_dim': 96, 'L3_layers_atom': 4, 'L3_layers_mol': 1, 'L3_out_dim': 80, 'L3_dropout': 0.2991863274476575, 'n_mlp_layers': 3, 'mlp_dim_0': 488, 'mlp_dim_1': 272, 'mlp_dim_2': 512, 'num_heads': 1, 'final_dropout': 0.17186397742875664, 'train_learning_rate': 0.001759332617142848, 'train_lr_reduce': 0.6}. Best is trial 56 with value: 0.01147022657096386.
