[I 2024-12-04 17:33:48,688] Trial 684 finished with value: 0.31797760615852494 and parameters: {'n_estimators': 925, 'max_depth': 6, 'learning_rate': 0.07587492092135129, 'subsample': 0.7690961775023094, 'colsample_bytree': 0.7143451253574394, 'min_child_weight': 2, 'gamma': 0.0005700774812728163, 'reg_alpha': 3.905370193735222e-05, 'reg_lambda': 0.04505201082955511}. Best is trial 631 with value: 0.31004697599538283.
[I 2024-12-04 17:33:50,106] Trial 685 finished with value: 0.31311598803282187 and parameters: {'n_estimators': 869, 'max_depth': 6, 'learning_rate': 0.07223596983775221, 'subsample': 0.7653714974363834, 'colsample_bytree': 0.7083136146227158, 'min_child_weight': 2, 'gamma': 0.000700997043660665, 'reg_alpha': 6.174066901276389e-05, 'reg_lambda': 0.011972324271132272}. Best is trial 631 with value: 0.31004697599538283.
[I 2024-12-04 17:33:51,548] Trial 686 finished with value: 0.3182615948844587 and parameters: {'n_estimators': 935, 'max_depth': 6, 'learning_rate': 0.06553090036255756, 'subsample': 0.7689649070118917, 'colsample_bytree': 0.7093758590196164, 'min_child_weight': 2, 'gamma': 0.0009499228396172964, 'reg_alpha': 3.917370046832944e-05, 'reg_lambda': 0.012139240928393066}. Best is trial 631 with value: 0.31004697599538283.
[I 2024-12-04 17:33:52,936] Trial 687 finished with value: 0.3160906466874386 and parameters: {'n_estimators': 844, 'max_depth': 6, 'learning_rate': 0.07726971060136445, 'subsample': 0.7580145013266821, 'colsample_bytree': 0.7392308995230584, 'min_child_weight': 2, 'gamma': 0.0012191727491417852, 'reg_alpha': 6.481073203233381e-05, 'reg_lambda': 0.021341456138061772}. Best is trial 631 with value: 0.31004697599538283.
[I 2024-12-04 17:33:54,324] Trial 688 finished with value: 0.31805433917148285 and parameters: {'n_estimators': 842, 'max_depth': 6, 'learning_rate': 0.06976184826175322, 'subsample': 0.7713905109131173, 'colsample_bytree': 0.7296199214071583, 'min_child_weight': 2, 'gamma': 0.001708414716950463, 'reg_alpha': 2.817780908326634e-05, 'reg_lambda': 0.006671306826045292}. Best is trial 631 with value: 0.31004697599538283.
[I 2024-12-04 17:33:55,820] Trial 689 finished with value: 0.31476956271683315 and parameters: {'n_estimators': 875, 'max_depth': 6, 'learning_rate': 0.07328680215252592, 'subsample': 0.763065288311606, 'colsample_bytree': 0.7239955968363714, 'min_child_weight': 2, 'gamma': 0.0009883168758295028, 'reg_alpha': 9.744678024742602e-05, 'reg_lambda': 0.007368074901668446}. Best is trial 631 with value: 0.31004697599538283.
[I 2024-12-04 17:33:57,261] Trial 690 finished with value: 0.3205861556727281 and parameters: {'n_estimators': 962, 'max_depth': 6, 'learning_rate': 0.07554331207114293, 'subsample': 0.7705650186664472, 'colsample_bytree': 0.6941014263370793, 'min_child_weight': 2, 'gamma': 0.0011058866327481875, 'reg_alpha': 4.862114537781547e-05, 'reg_lambda': 0.029707429369293045}. Best is trial 631 with value: 0.31004697599538283.
[I 2024-12-04 17:33:58,637] Trial 691 finished with value: 0.32462079928553583 and parameters: {'n_estimators': 854, 'max_depth': 6, 'learning_rate': 0.07352688793117172, 'subsample': 0.7737924956036768, 'colsample_bytree': 0.7242995882815734, 'min_child_weight': 2, 'gamma': 0.0011909552915763965, 'reg_alpha': 5.303192264862698e-05, 'reg_lambda': 0.010836590457038142}. Best is trial 631 with value: 0.31004697599538283.
[I 2024-12-04 17:34:00,196] Trial 692 finished with value: 0.3243175176669446 and parameters: {'n_estimators': 911, 'max_depth': 6, 'learning_rate': 0.07521648143238228, 'subsample': 0.7671132190500392, 'colsample_bytree': 0.7114168724362657, 'min_child_weight': 2, 'gamma': 0.0008199546033306527, 'reg_alpha': 7.23555782519634e-05, 'reg_lambda': 0.010465167199491051}. Best is trial 631 with value: 0.31004697599538283.
[I 2024-12-04 17:34:01,688] Trial 693 finished with value: 0.32016156976254495 and parameters: {'n_estimators': 792, 'max_depth': 6, 'learning_rate': 0.06796243361629228, 'subsample': 0.760667203971791, 'colsample_bytree': 0.7388002311017823, 'min_child_weight': 2, 'gamma': 0.0008861930359367499, 'reg_alpha': 4.338104771893323e-05, 'reg_lambda': 0.025478069002954684}. Best is trial 631 with value: 0.31004697599538283.
[I 2024-12-04 17:34:03,206] Trial 694 finished with value: 0.31746819877256327 and parameters: {'n_estimators': 847, 'max_depth': 6, 'learning_rate': 0.07073836209602201, 'subsample': 0.7626438865961154, 'colsample_bytree': 0.7343141799336648, 'min_child_weight': 2, 'gamma': 0.0009328616715867695, 'reg_alpha': 3.934523429171274e-05, 'reg_lambda': 0.01610374757721304}. Best is trial 631 with value: 0.31004697599538283.
[I 2024-12-04 17:34:04,761] Trial 695 finished with value: 0.3133089379472935 and parameters: {'n_estimators': 890, 'max_depth': 6, 'learning_rate': 0.07479688614983984, 'subsample': 0.7709497733981933, 'colsample_bytree': 0.715967045780552, 'min_child_weight': 2, 'gamma': 0.0005650261745198768, 'reg_alpha': 3.6110286081647024e-05, 'reg_lambda': 0.015518323853640844}. Best is trial 631 with value: 0.31004697599538283.
[I 2024-12-04 17:34:06,256] Trial 696 finished with value: 0.3273461496492699 and parameters: {'n_estimators': 838, 'max_depth': 6, 'learning_rate': 0.08017597077931278, 'subsample': 0.7513917954995667, 'colsample_bytree': 0.7400898470737594, 'min_child_weight': 2, 'gamma': 0.0007224619589044947, 'reg_alpha': 5.878585697327298e-05, 'reg_lambda': 0.018591453022259424}. Best is trial 631 with value: 0.31004697599538283.
[I 2024-12-04 17:34:07,653] Trial 697 finished with value: 0.32108302764914975 and parameters: {'n_estimators': 869, 'max_depth': 6, 'learning_rate': 0.07692110041236679, 'subsample': 0.7625340965762504, 'colsample_bytree': 0.7163853130842557, 'min_child_weight': 2, 'gamma': 0.0007295097652138321, 'reg_alpha': 0.00010470785806026439, 'reg_lambda': 0.009844896102035598}. Best is trial 631 with value: 0.31004697599538283.
[I 2024-12-04 17:34:09,049] Trial 698 finished with value: 0.3215930185123978 and parameters: {'n_estimators': 861, 'max_depth': 6, 'learning_rate': 0.07760380903607528, 'subsample': 0.757773992399916, 'colsample_bytree': 0.7147905947456341, 'min_child_weight': 2, 'gamma': 0.0009309393041008424, 'reg_alpha': 9.61583221052285e-05, 'reg_lambda': 0.004680635841608966}. Best is trial 631 with value: 0.31004697599538283.
[I 2024-12-04 17:34:10,563] Trial 699 finished with value: 0.3236686536896339 and parameters: {'n_estimators': 908, 'max_depth': 6, 'learning_rate': 0.07450553020049618, 'subsample': 0.7636393456786288, 'colsample_bytree': 0.7294332573286911, 'min_child_weight': 2, 'gamma': 0.0007563981458473001, 'reg_alpha': 5.124796429302831e-05, 'reg_lambda': 0.012180078342944696}. Best is trial 631 with value: 0.31004697599538283.
[I 2024-12-04 17:34:11,945] Trial 700 finished with value: 0.3264487162210875 and parameters: {'n_estimators': 829, 'max_depth': 6, 'learning_rate': 0.06859290737970263, 'subsample': 0.7702411643412418, 'colsample_bytree': 0.7348940102589256, 'min_child_weight': 2, 'gamma': 0.0010628032572375426, 'reg_alpha': 4.2463484700322986e-05, 'reg_lambda': 0.007501551950402808}. Best is trial 631 with value: 0.31004697599538283.
[I 2024-12-04 17:34:13,334] Trial 701 finished with value: 0.3294796827247586 and parameters: {'n_estimators': 836, 'max_depth': 6, 'learning_rate': 0.08056282348735504, 'subsample': 0.7710894874708546, 'colsample_bytree': 0.7338024143668949, 'min_child_weight': 2, 'gamma': 0.0008008393320907049, 'reg_alpha': 3.9796778033475655e-05, 'reg_lambda': 0.009657721763564995}. Best is trial 631 with value: 0.31004697599538283.
[I 2024-12-04 17:34:14,708] Trial 702 finished with value: 0.31654868217391263 and parameters: {'n_estimators': 803, 'max_depth': 6, 'learning_rate': 0.07365512754099976, 'subsample': 0.7609500932759053, 'colsample_bytree': 0.7299812308457965, 'min_child_weight': 2, 'gamma': 0.0006910627675583219, 'reg_alpha': 0.0001244120430623194, 'reg_lambda': 0.009149549881623316}. Best is trial 631 with value: 0.31004697599538283.
[I 2024-12-04 17:34:16,102] Trial 703 finished with value: 0.3197728280510466 and parameters: {'n_estimators': 846, 'max_depth': 6, 'learning_rate': 0.069048238516812, 'subsample': 0.7577292225898264, 'colsample_bytree': 0.745115159807881, 'min_child_weight': 2, 'gamma': 0.0007976953706756216, 'reg_alpha': 3.985367942694075e-05, 'reg_lambda': 0.022120429379153525}. Best is trial 631 with value: 0.31004697599538283.
[I 2024-12-04 17:34:17,468] Trial 704 finished with value: 0.31286677149751646 and parameters: {'n_estimators': 885, 'max_depth': 6, 'learning_rate': 0.07530575149991728, 'subsample': 0.76820611622362, 'colsample_bytree': 0.7140248400130726, 'min_child_weight': 2, 'gamma': 0.0006776471489497808, 'reg_alpha': 2.2575860053534335e-05, 'reg_lambda': 0.021009049438425232}. Best is trial 631 with value: 0.31004697599538283.
[I 2024-12-04 17:34:18,857] Trial 705 finished with value: 0.31395857085908335 and parameters: {'n_estimators': 871, 'max_depth': 6, 'learning_rate': 0.07289978745726919, 'subsample': 0.7736031640252641, 'colsample_bytree': 0.7248980338137778, 'min_child_weight': 2, 'gamma': 0.000731840634659376, 'reg_alpha': 2.6070884685902125e-05, 'reg_lambda': 0.009784475667487464}. Best is trial 631 with value: 0.31004697599538283.
[I 2024-12-04 17:34:20,253] Trial 706 finished with value: 0.32968577410102495 and parameters: {'n_estimators': 875, 'max_depth': 6, 'learning_rate': 0.07117484568591902, 'subsample': 0.7673856294268165, 'colsample_bytree': 0.7154892974334723, 'min_child_weight': 2, 'gamma': 0.0006544758290257887, 'reg_alpha': 4.829140138303761e-05, 'reg_lambda': 0.009463543021224681}. Best is trial 631 with value: 0.31004697599538283.
[I 2024-12-04 17:34:21,641] Trial 707 finished with value: 0.32049274480496215 and parameters: {'n_estimators': 864, 'max_depth': 6, 'learning_rate': 0.07195645906589208, 'subsample': 0.7646128472037917, 'colsample_bytree': 0.7312513413238955, 'min_child_weight': 2, 'gamma': 0.000793470266019815, 'reg_alpha': 4.388062945967959e-05, 'reg_lambda': 0.016010733874268167}. Best is trial 631 with value: 0.31004697599538283.
[I 2024-12-04 17:34:23,038] Trial 708 finished with value: 0.3221448578026504 and parameters: {'n_estimators': 882, 'max_depth': 6, 'learning_rate': 0.07377976430919574, 'subsample': 0.758504285335424, 'colsample_bytree': 0.7251016482018257, 'min_child_weight': 2, 'gamma': 0.0005379524135808051, 'reg_alpha': 6.164005642680972e-05, 'reg_lambda': 0.017600642085535256}. Best is trial 631 with value: 0.31004697599538283.
[I 2024-12-04 17:34:24,508] Trial 709 finished with value: 0.31203656117292133 and parameters: {'n_estimators': 857, 'max_depth': 6, 'learning_rate': 0.07600637744691752, 'subsample': 0.7678846146189864, 'colsample_bytree': 0.7202452318141849, 'min_child_weight': 2, 'gamma': 0.0004718154955127741, 'reg_alpha': 7.65896724545626e-05, 'reg_lambda': 0.012020257550898328}. Best is trial 631 with value: 0.31004697599538283.
[I 2024-12-04 17:34:25,873] Trial 710 finished with value: 0.3199096636235383 and parameters: {'n_estimators': 812, 'max_depth': 6, 'learning_rate': 0.07640090007331934, 'subsample': 0.7610361226533711, 'colsample_bytree': 0.7346636851443145, 'min_child_weight': 2, 'gamma': 0.0005421541053955604, 'reg_alpha': 5.421971434389545e-05, 'reg_lambda': 0.01956411082905622}. Best is trial 631 with value: 0.31004697599538283.
[I 2024-12-04 17:34:27,316] Trial 711 finished with value: 0.32032986513513223 and parameters: {'n_estimators': 914, 'max_depth': 6, 'learning_rate': 0.07277637227516562, 'subsample': 0.7674400576250792, 'colsample_bytree': 0.7176124689007204, 'min_child_weight': 2, 'gamma': 0.0008840552525040518, 'reg_alpha': 2.854105542647206e-05, 'reg_lambda': 0.011302923879170321}. Best is trial 631 with value: 0.31004697599538283.
[I 2024-12-04 17:34:28,671] Trial 712 finished with value: 0.31998314620509116 and parameters: {'n_estimators': 814, 'max_depth': 6, 'learning_rate': 0.0754309902471099, 'subsample': 0.7715062332304461, 'colsample_bytree': 0.7248739726957222, 'min_child_weight': 2, 'gamma': 0.0005545615669130543, 'reg_alpha': 1.9302574549380778e-05, 'reg_lambda': 0.020857825849716776}. Best is trial 631 with value: 0.31004697599538283.
[I 2024-12-04 17:34:30,039] Trial 713 finished with value: 0.3181376772175567 and parameters: {'n_estimators': 840, 'max_depth': 6, 'learning_rate': 0.07614115105740131, 'subsample': 0.7812246307900239, 'colsample_bytree': 0.7178199409176429, 'min_child_weight': 2, 'gamma': 0.0005104119003824674, 'reg_alpha': 2.4785107195810182e-05, 'reg_lambda': 0.009165941779351218}. Best is trial 631 with value: 0.31004697599538283.
[I 2024-12-04 17:34:31,395] Trial 714 finished with value: 0.3202780166561408 and parameters: {'n_estimators': 845, 'max_depth': 6, 'learning_rate': 0.08045176976331452, 'subsample': 0.7700702144690506, 'colsample_bytree': 0.7229375595263553, 'min_child_weight': 2, 'gamma': 0.0006480153984256792, 'reg_alpha': 6.116756628969732e-05, 'reg_lambda': 0.009888296906983174}. Best is trial 631 with value: 0.31004697599538283.
[I 2024-12-04 17:34:32,776] Trial 715 finished with value: 0.322594667317146 and parameters: {'n_estimators': 866, 'max_depth': 6, 'learning_rate': 0.06887274469845601, 'subsample': 0.7684767647000744, 'colsample_bytree': 0.713497687405952, 'min_child_weight': 2, 'gamma': 0.0007333539280372502, 'reg_alpha': 1.5021787618564263e-05, 'reg_lambda': 0.021027953158795076}. Best is trial 631 with value: 0.31004697599538283.
[I 2024-12-04 17:34:34,142] Trial 716 finished with value: 0.3169524223647805 and parameters: {'n_estimators': 814, 'max_depth': 6, 'learning_rate': 0.07562086293346931, 'subsample': 0.7603499614741286, 'colsample_bytree': 0.7339653159743096, 'min_child_weight': 2, 'gamma': 0.0007881064602338906, 'reg_alpha': 2.580449928785336e-05, 'reg_lambda': 0.014382781439691518}. Best is trial 631 with value: 0.31004697599538283.
[I 2024-12-04 17:34:35,629] Trial 717 finished with value: 0.31914142005384105 and parameters: {'n_estimators': 947, 'max_depth': 6, 'learning_rate': 0.06703305250443226, 'subsample': 0.7686510921664272, 'colsample_bytree': 0.7195660416932511, 'min_child_weight': 2, 'gamma': 0.0008019777959000277, 'reg_alpha': 4.2159354534132027e-05, 'reg_lambda': 0.018123648208086773}. Best is trial 631 with value: 0.31004697599538283.
[I 2024-12-04 17:34:37,062] Trial 718 finished with value: 0.3118615358448185 and parameters: {'n_estimators': 913, 'max_depth': 6, 'learning_rate': 0.06924820472411972, 'subsample': 0.7674828906612188, 'colsample_bytree': 0.7152413394200711, 'min_child_weight': 2, 'gamma': 0.0007466033539432098, 'reg_alpha': 3.259037514317802e-05, 'reg_lambda': 0.014137626073428786}. Best is trial 631 with value: 0.31004697599538283.
[I 2024-12-04 17:34:38,577] Trial 719 finished with value: 0.3172092466738807 and parameters: {'n_estimators': 897, 'max_depth': 6, 'learning_rate': 0.0702355665611517, 'subsample': 0.7646916552861486, 'colsample_bytree': 0.7252109288492689, 'min_child_weight': 2, 'gamma': 0.0008551301260178434, 'reg_alpha': 2.5977558767459916e-05, 'reg_lambda': 0.018621230988048507}. Best is trial 631 with value: 0.31004697599538283.
[I 2024-12-04 17:34:39,989] Trial 720 finished with value: 0.3102379814329425 and parameters: {'n_estimators': 890, 'max_depth': 6, 'learning_rate': 0.07470837860824259, 'subsample': 0.7683249256733892, 'colsample_bytree': 0.7154436626017127, 'min_child_weight': 2, 'gamma': 0.0004858747723996353, 'reg_alpha': 4.218631666527569e-05, 'reg_lambda': 0.018643236210087746}. Best is trial 631 with value: 0.31004697599538283.
[I 2024-12-04 17:34:41,420] Trial 721 finished with value: 0.3190564694226803 and parameters: {'n_estimators': 891, 'max_depth': 6, 'learning_rate': 0.07336381876276714, 'subsample': 0.7680386764036018, 'colsample_bytree': 0.7118515342259699, 'min_child_weight': 2, 'gamma': 0.0007785563286811543, 'reg_alpha': 3.8160931474260754e-05, 'reg_lambda': 0.007054604709870927}. Best is trial 631 with value: 0.31004697599538283.
[I 2024-12-04 17:34:42,806] Trial 722 finished with value: 0.31719174627981145 and parameters: {'n_estimators': 858, 'max_depth': 6, 'learning_rate': 0.0698509739306508, 'subsample': 0.7678024151863131, 'colsample_bytree': 0.7273860982341569, 'min_child_weight': 2, 'gamma': 0.0005004749233674413, 'reg_alpha': 3.253208895430858e-05, 'reg_lambda': 0.011737450560664777}. Best is trial 631 with value: 0.31004697599538283.
[I 2024-12-04 17:34:44,195] Trial 723 finished with value: 0.31271634913679786 and parameters: {'n_estimators': 852, 'max_depth': 6, 'learning_rate': 0.06573541872390536, 'subsample': 0.767536314528375, 'colsample_bytree': 0.7210027016350441, 'min_child_weight': 2, 'gamma': 0.0007263135142593347, 'reg_alpha': 3.509919742693395e-05, 'reg_lambda': 0.012536197945247003}. Best is trial 631 with value: 0.31004697599538283.
[I 2024-12-04 17:34:45,586] Trial 724 finished with value: 0.32216832991736655 and parameters: {'n_estimators': 873, 'max_depth': 6, 'learning_rate': 0.07073667108988753, 'subsample': 0.7654745340156652, 'colsample_bytree': 0.720915177766816, 'min_child_weight': 2, 'gamma': 0.0006264492146520313, 'reg_alpha': 4.623916616766403e-05, 'reg_lambda': 0.011754587400864035}. Best is trial 631 with value: 0.31004697599538283.
[I 2024-12-04 17:34:46,986] Trial 725 finished with value: 0.32029833038783434 and parameters: {'n_estimators': 846, 'max_depth': 6, 'learning_rate': 0.07421912267573631, 'subsample': 0.7686011211474639, 'colsample_bytree': 0.7097992879623125, 'min_child_weight': 2, 'gamma': 0.0006991952648792766, 'reg_alpha': 2.468838711100468e-05, 'reg_lambda': 0.014834757912419134}. Best is trial 631 with value: 0.31004697599538283.
[I 2024-12-04 17:34:48,380] Trial 726 finished with value: 0.31423218713877027 and parameters: {'n_estimators': 882, 'max_depth': 6, 'learning_rate': 0.07510812827536263, 'subsample': 0.7665149478579865, 'colsample_bytree': 0.7209323977764437, 'min_child_weight': 2, 'gamma': 0.0007759685382264207, 'reg_alpha': 2.567692610192032e-05, 'reg_lambda': 0.02439737591028119}. Best is trial 631 with value: 0.31004697599538283.
[I 2024-12-04 17:34:49,758] Trial 727 finished with value: 0.3219759177126798 and parameters: {'n_estimators': 863, 'max_depth': 6, 'learning_rate': 0.07618025495752222, 'subsample': 0.7727270583331346, 'colsample_bytree': 0.7226391493602948, 'min_child_weight': 2, 'gamma': 0.000599994994499178, 'reg_alpha': 1.900867629275616e-05, 'reg_lambda': 0.020987344808471472}. Best is trial 631 with value: 0.31004697599538283.
[I 2024-12-04 17:34:51,134] Trial 728 finished with value: 0.3129003566747474 and parameters: {'n_estimators': 884, 'max_depth': 6, 'learning_rate': 0.07676359494740548, 'subsample': 0.7609404556052088, 'colsample_bytree': 0.7172275649587635, 'min_child_weight': 2, 'gamma': 0.0006623961705453754, 'reg_alpha': 5.0509208505884386e-05, 'reg_lambda': 0.01276187799930978}. Best is trial 631 with value: 0.31004697599538283.
[I 2024-12-04 17:34:52,663] Trial 729 finished with value: 0.3180495964030264 and parameters: {'n_estimators': 913, 'max_depth': 6, 'learning_rate': 0.07081678018769837, 'subsample': 0.7652331769995611, 'colsample_bytree': 0.7139443604817595, 'min_child_weight': 2, 'gamma': 0.0008583236993801492, 'reg_alpha': 2.1422851342905846e-05, 'reg_lambda': 0.01917242551967755}. Best is trial 631 with value: 0.31004697599538283.
[I 2024-12-04 17:34:54,277] Trial 730 finished with value: 0.32173140623675184 and parameters: {'n_estimators': 904, 'max_depth': 6, 'learning_rate': 0.06495497730127107, 'subsample': 0.7738184230644645, 'colsample_bytree': 0.7019417872168601, 'min_child_weight': 2, 'gamma': 0.0011270360816786542, 'reg_alpha': 3.4268011459925454e-05, 'reg_lambda': 0.01853210466709236}. Best is trial 631 with value: 0.31004697599538283.
[I 2024-12-04 17:34:55,941] Trial 731 finished with value: 0.3092544674883941 and parameters: {'n_estimators': 868, 'max_depth': 6, 'learning_rate': 0.07180455486631901, 'subsample': 0.7679926199185716, 'colsample_bytree': 0.7292652074085457, 'min_child_weight': 2, 'gamma': 0.0005423251487039223, 'reg_alpha': 2.1861227102732107e-05, 'reg_lambda': 0.012556006002508302}. Best is trial 731 with value: 0.3092544674883941.
[I 2024-12-04 17:34:57,389] Trial 732 finished with value: 0.3152328480092548 and parameters: {'n_estimators': 831, 'max_depth': 6, 'learning_rate': 0.07287150259699424, 'subsample': 0.7658175523989414, 'colsample_bytree': 0.710815965431733, 'min_child_weight': 2, 'gamma': 0.0007590988908587845, 'reg_alpha': 4.258576118302176e-05, 'reg_lambda': 0.01852561216081648}. Best is trial 731 with value: 0.3092544674883941.
[I 2024-12-04 17:34:58,831] Trial 733 finished with value: 0.32046305948895987 and parameters: {'n_estimators': 873, 'max_depth': 6, 'learning_rate': 0.07369006715100025, 'subsample': 0.7751121403518642, 'colsample_bytree': 0.7172403189849677, 'min_child_weight': 2, 'gamma': 0.0004389223410330331, 'reg_alpha': 4.491919756634166e-05, 'reg_lambda': 0.011480876293999133}. Best is trial 731 with value: 0.3092544674883941.
[I 2024-12-04 17:35:00,291] Trial 734 finished with value: 0.3200752109813935 and parameters: {'n_estimators': 859, 'max_depth': 6, 'learning_rate': 0.07504815986200526, 'subsample': 0.7640797556553262, 'colsample_bytree': 0.7345943247143965, 'min_child_weight': 2, 'gamma': 0.0007539140505814991, 'reg_alpha': 8.402836429488193e-05, 'reg_lambda': 0.010818112989722616}. Best is trial 731 with value: 0.3092544674883941.
[I 2024-12-04 17:35:01,728] Trial 735 finished with value: 0.3129175137670808 and parameters: {'n_estimators': 889, 'max_depth': 6, 'learning_rate': 0.07029698407402034, 'subsample': 0.7690675688757403, 'colsample_bytree': 0.7271943830574745, 'min_child_weight': 2, 'gamma': 0.0005876071330641249, 'reg_alpha': 3.0585588355533306e-05, 'reg_lambda': 0.021111458334075184}. Best is trial 731 with value: 0.3092544674883941.
