[I 2024-12-04 17:35:03,199] Trial 736 finished with value: 0.3204525130456023 and parameters: {'n_estimators': 909, 'max_depth': 6, 'learning_rate': 0.0775937857645224, 'subsample': 0.7727928789930235, 'colsample_bytree': 0.7010722830089302, 'min_child_weight': 2, 'gamma': 0.00048365124189043567, 'reg_alpha': 3.7995774725270154e-05, 'reg_lambda': 0.019900124864477484}. Best is trial 731 with value: 0.3092544674883941.
[I 2024-12-04 17:35:04,606] Trial 737 finished with value: 0.32028422667814427 and parameters: {'n_estimators': 877, 'max_depth': 6, 'learning_rate': 0.07687125468215873, 'subsample': 0.7621259434282702, 'colsample_bytree': 0.7273097269474889, 'min_child_weight': 2, 'gamma': 0.0004825011172007503, 'reg_alpha': 2.85816251189159e-05, 'reg_lambda': 0.020760129434136382}. Best is trial 731 with value: 0.3092544674883941.
[I 2024-12-04 17:35:06,039] Trial 738 finished with value: 0.31609850449476357 and parameters: {'n_estimators': 883, 'max_depth': 6, 'learning_rate': 0.07215548657525876, 'subsample': 0.7625080762954978, 'colsample_bytree': 0.7185878434017339, 'min_child_weight': 2, 'gamma': 0.0007515514554933472, 'reg_alpha': 4.294793790475863e-05, 'reg_lambda': 0.015322547208075722}. Best is trial 731 with value: 0.3092544674883941.
[I 2024-12-04 17:35:07,569] Trial 739 finished with value: 0.316114608651887 and parameters: {'n_estimators': 884, 'max_depth': 6, 'learning_rate': 0.07161678722395097, 'subsample': 0.7652600829506231, 'colsample_bytree': 0.7212151912522566, 'min_child_weight': 2, 'gamma': 0.0005660073544773364, 'reg_alpha': 2.9556878000576675e-05, 'reg_lambda': 0.01770498709815822}. Best is trial 731 with value: 0.3092544674883941.
[I 2024-12-04 17:35:08,997] Trial 740 finished with value: 0.32472446524262194 and parameters: {'n_estimators': 860, 'max_depth': 6, 'learning_rate': 0.0705638881949798, 'subsample': 0.765133294176932, 'colsample_bytree': 0.730929179321801, 'min_child_weight': 2, 'gamma': 0.0005001586033018054, 'reg_alpha': 3.901486442910776e-05, 'reg_lambda': 0.01668275179477439}. Best is trial 731 with value: 0.3092544674883941.
[I 2024-12-04 17:35:10,459] Trial 741 finished with value: 0.31618108962201374 and parameters: {'n_estimators': 872, 'max_depth': 6, 'learning_rate': 0.0713745270343876, 'subsample': 0.765085985146802, 'colsample_bytree': 0.7111063624626728, 'min_child_weight': 2, 'gamma': 0.0005677714032785794, 'reg_alpha': 3.200948736447242e-05, 'reg_lambda': 0.016734997743018613}. Best is trial 731 with value: 0.3092544674883941.
[I 2024-12-04 17:35:11,901] Trial 742 finished with value: 0.3215740698145533 and parameters: {'n_estimators': 834, 'max_depth': 6, 'learning_rate': 0.07442197388555007, 'subsample': 0.7698335291001419, 'colsample_bytree': 0.7328084970665836, 'min_child_weight': 2, 'gamma': 0.0005758829152896084, 'reg_alpha': 2.3062517571981432e-05, 'reg_lambda': 0.018987251200270085}. Best is trial 731 with value: 0.3092544674883941.
[I 2024-12-04 17:35:13,437] Trial 743 finished with value: 0.31719570501196637 and parameters: {'n_estimators': 934, 'max_depth': 6, 'learning_rate': 0.0725428410995867, 'subsample': 0.7721959188711942, 'colsample_bytree': 0.6973744192775484, 'min_child_weight': 2, 'gamma': 0.0008071620768543995, 'reg_alpha': 2.992642732666682e-05, 'reg_lambda': 0.015722177965888498}. Best is trial 731 with value: 0.3092544674883941.
[I 2024-12-04 17:35:14,911] Trial 744 finished with value: 0.3122341257026796 and parameters: {'n_estimators': 918, 'max_depth': 6, 'learning_rate': 0.07472631132498049, 'subsample': 0.7644614853256935, 'colsample_bytree': 0.7150160373188567, 'min_child_weight': 2, 'gamma': 0.0005330148746978708, 'reg_alpha': 4.229751911957849e-05, 'reg_lambda': 0.01921172650907603}. Best is trial 731 with value: 0.3092544674883941.
[I 2024-12-04 17:35:16,380] Trial 745 finished with value: 0.3172345002492478 and parameters: {'n_estimators': 860, 'max_depth': 6, 'learning_rate': 0.06872199154551493, 'subsample': 0.7734051969504987, 'colsample_bytree': 0.7217921186243756, 'min_child_weight': 2, 'gamma': 0.0007119006279088529, 'reg_alpha': 3.500005671706993e-05, 'reg_lambda': 0.02072396844770569}. Best is trial 731 with value: 0.3092544674883941.
[I 2024-12-04 17:35:17,817] Trial 746 finished with value: 0.3124726072260491 and parameters: {'n_estimators': 847, 'max_depth': 6, 'learning_rate': 0.07301275451858015, 'subsample': 0.7654974568715064, 'colsample_bytree': 0.7198721141987315, 'min_child_weight': 2, 'gamma': 0.0008370953531197857, 'reg_alpha': 2.5348686355814626e-05, 'reg_lambda': 0.011440436355952826}. Best is trial 731 with value: 0.3092544674883941.
[I 2024-12-04 17:35:19,276] Trial 747 finished with value: 0.3254782960410686 and parameters: {'n_estimators': 845, 'max_depth': 6, 'learning_rate': 0.07007711621394438, 'subsample': 0.7668776228279669, 'colsample_bytree': 0.7304764767578611, 'min_child_weight': 2, 'gamma': 0.0006364669310261753, 'reg_alpha': 4.131029768818506e-05, 'reg_lambda': 0.013490552067396081}. Best is trial 731 with value: 0.3092544674883941.
[I 2024-12-04 17:35:20,715] Trial 748 finished with value: 0.31982685789558457 and parameters: {'n_estimators': 851, 'max_depth': 6, 'learning_rate': 0.07118903996792404, 'subsample': 0.767106774765615, 'colsample_bytree': 0.7246471024708712, 'min_child_weight': 2, 'gamma': 0.0005149497582214934, 'reg_alpha': 3.888530139604513e-05, 'reg_lambda': 0.00995614058274539}. Best is trial 731 with value: 0.3092544674883941.
[I 2024-12-04 17:35:22,327] Trial 749 finished with value: 0.3148297972930118 and parameters: {'n_estimators': 930, 'max_depth': 6, 'learning_rate': 0.07223047394438584, 'subsample': 0.7640641164209085, 'colsample_bytree': 0.718401128737296, 'min_child_weight': 2, 'gamma': 0.0005480514933385955, 'reg_alpha': 3.309350908139223e-05, 'reg_lambda': 0.017342093768333528}. Best is trial 731 with value: 0.3092544674883941.
[I 2024-12-04 17:35:23,853] Trial 750 finished with value: 0.3108677034330035 and parameters: {'n_estimators': 940, 'max_depth': 6, 'learning_rate': 0.07491166222818643, 'subsample': 0.7622123240960583, 'colsample_bytree': 0.717265060546749, 'min_child_weight': 2, 'gamma': 0.0005140044965302944, 'reg_alpha': 2.0212010873082757e-05, 'reg_lambda': 0.013256752157223866}. Best is trial 731 with value: 0.3092544674883941.
[I 2024-12-04 17:35:25,368] Trial 751 finished with value: 0.3132771416300011 and parameters: {'n_estimators': 890, 'max_depth': 6, 'learning_rate': 0.07344003161803245, 'subsample': 0.7680819622291919, 'colsample_bytree': 0.7172403396874025, 'min_child_weight': 2, 'gamma': 0.0005910591039418794, 'reg_alpha': 2.753483597651821e-05, 'reg_lambda': 0.019402469226938304}. Best is trial 731 with value: 0.3092544674883941.
[I 2024-12-04 17:35:26,859] Trial 752 finished with value: 0.3186807659130283 and parameters: {'n_estimators': 907, 'max_depth': 6, 'learning_rate': 0.07406604870532148, 'subsample': 0.759924220999383, 'colsample_bytree': 0.7231952273980834, 'min_child_weight': 2, 'gamma': 0.0006956692500844994, 'reg_alpha': 5.459779435666254e-05, 'reg_lambda': 0.013011054193751741}. Best is trial 731 with value: 0.3092544674883941.
[I 2024-12-04 17:35:28,531] Trial 753 finished with value: 0.31938797521050066 and parameters: {'n_estimators': 872, 'max_depth': 6, 'learning_rate': 0.07409018079150297, 'subsample': 0.7704336097710106, 'colsample_bytree': 0.7064180133524507, 'min_child_weight': 2, 'gamma': 0.0005196475262467056, 'reg_alpha': 3.347399331540633e-05, 'reg_lambda': 0.010137878149159561}. Best is trial 731 with value: 0.3092544674883941.
[I 2024-12-04 17:35:30,003] Trial 754 finished with value: 0.3123679633390816 and parameters: {'n_estimators': 868, 'max_depth': 6, 'learning_rate': 0.0740981175939511, 'subsample': 0.7700398600759825, 'colsample_bytree': 0.7128971325004372, 'min_child_weight': 2, 'gamma': 0.0004939008429043992, 'reg_alpha': 2.5891475934334376e-05, 'reg_lambda': 0.013898631339928967}. Best is trial 731 with value: 0.3092544674883941.
[I 2024-12-04 17:35:31,499] Trial 755 finished with value: 0.316731125207198 and parameters: {'n_estimators': 882, 'max_depth': 6, 'learning_rate': 0.07260190068565728, 'subsample': 0.7663238390754544, 'colsample_bytree': 0.715378730660373, 'min_child_weight': 2, 'gamma': 0.0005811636448363868, 'reg_alpha': 3.6827345340495375e-05, 'reg_lambda': 0.016920360941042926}. Best is trial 731 with value: 0.3092544674883941.
[I 2024-12-04 17:35:32,987] Trial 756 finished with value: 0.31667221921560895 and parameters: {'n_estimators': 855, 'max_depth': 6, 'learning_rate': 0.07890922746138074, 'subsample': 0.7583103253071757, 'colsample_bytree': 0.7139813576352181, 'min_child_weight': 2, 'gamma': 0.0005250753131105507, 'reg_alpha': 9.763868930398523e-05, 'reg_lambda': 0.014926862334173192}. Best is trial 731 with value: 0.3092544674883941.
[I 2024-12-04 17:35:34,449] Trial 757 finished with value: 0.3137124023650696 and parameters: {'n_estimators': 849, 'max_depth': 6, 'learning_rate': 0.06981142732801937, 'subsample': 0.7619203869197353, 'colsample_bytree': 0.7225541885244677, 'min_child_weight': 2, 'gamma': 0.0006321798763128012, 'reg_alpha': 2.6511067497833478e-05, 'reg_lambda': 0.016393668115722813}. Best is trial 731 with value: 0.3092544674883941.
[I 2024-12-04 17:35:35,967] Trial 758 finished with value: 0.3134670376982029 and parameters: {'n_estimators': 880, 'max_depth': 6, 'learning_rate': 0.07023927951506112, 'subsample': 0.7678881887100237, 'colsample_bytree': 0.7240346496525859, 'min_child_weight': 2, 'gamma': 0.0007328066479193781, 'reg_alpha': 3.6988132717762465e-05, 'reg_lambda': 0.011390137773265549}. Best is trial 731 with value: 0.3092544674883941.
[I 2024-12-04 17:35:37,591] Trial 759 finished with value: 0.31380111014312606 and parameters: {'n_estimators': 951, 'max_depth': 6, 'learning_rate': 0.07186798328626633, 'subsample': 0.7622861432490182, 'colsample_bytree': 0.7195367391889815, 'min_child_weight': 2, 'gamma': 0.000645515077451399, 'reg_alpha': 2.311609607285084e-05, 'reg_lambda': 0.015339999343397312}. Best is trial 731 with value: 0.3092544674883941.
[I 2024-12-04 17:35:39,071] Trial 760 finished with value: 0.3119232995624081 and parameters: {'n_estimators': 900, 'max_depth': 6, 'learning_rate': 0.072824307325574, 'subsample': 0.7617451352085814, 'colsample_bytree': 0.7292139356006719, 'min_child_weight': 2, 'gamma': 0.0006551065253708938, 'reg_alpha': 2.4608222111228585e-05, 'reg_lambda': 0.014167405549743512}. Best is trial 731 with value: 0.3092544674883941.
[I 2024-12-04 17:35:40,813] Trial 761 finished with value: 0.3197124369658448 and parameters: {'n_estimators': 886, 'max_depth': 6, 'learning_rate': 0.07579666963132792, 'subsample': 0.7688889590971948, 'colsample_bytree': 0.7035395884027991, 'min_child_weight': 2, 'gamma': 0.0006185009879571687, 'reg_alpha': 2.262800436395296e-05, 'reg_lambda': 0.014224401136218374}. Best is trial 731 with value: 0.3092544674883941.
[I 2024-12-04 17:35:42,319] Trial 762 finished with value: 0.31071945598581185 and parameters: {'n_estimators': 886, 'max_depth': 6, 'learning_rate': 0.07042574932243359, 'subsample': 0.7687772694135362, 'colsample_bytree': 0.7116872424031021, 'min_child_weight': 2, 'gamma': 0.0005271109193587244, 'reg_alpha': 1.4832616704879561e-05, 'reg_lambda': 0.02045344214063959}. Best is trial 731 with value: 0.3092544674883941.
[I 2024-12-04 17:35:43,808] Trial 763 finished with value: 0.31715173912280004 and parameters: {'n_estimators': 923, 'max_depth': 6, 'learning_rate': 0.07713616443156011, 'subsample': 0.7704727958033052, 'colsample_bytree': 0.7071489322255701, 'min_child_weight': 2, 'gamma': 0.0005998083416015919, 'reg_alpha': 4.077001394421836e-05, 'reg_lambda': 0.00959676818628372}. Best is trial 731 with value: 0.3092544674883941.
[I 2024-12-04 17:35:45,292] Trial 764 finished with value: 0.3223087678971118 and parameters: {'n_estimators': 939, 'max_depth': 6, 'learning_rate': 0.06862389806785447, 'subsample': 0.7691997490515128, 'colsample_bytree': 0.705734219333807, 'min_child_weight': 2, 'gamma': 0.0005712134924122402, 'reg_alpha': 2.7949737532922897e-05, 'reg_lambda': 0.019073707551225227}. Best is trial 731 with value: 0.3092544674883941.
[I 2024-12-04 17:35:46,776] Trial 765 finished with value: 0.3151655598159417 and parameters: {'n_estimators': 915, 'max_depth': 6, 'learning_rate': 0.07064624253861351, 'subsample': 0.7666300990856754, 'colsample_bytree': 0.7182761907173039, 'min_child_weight': 2, 'gamma': 0.0006369858356432571, 'reg_alpha': 3.014670063433649e-05, 'reg_lambda': 0.010145474022142532}. Best is trial 731 with value: 0.3092544674883941.
[I 2024-12-04 17:35:48,237] Trial 766 finished with value: 0.3174129521898396 and parameters: {'n_estimators': 869, 'max_depth': 6, 'learning_rate': 0.07230128199805244, 'subsample': 0.7714231251325087, 'colsample_bytree': 0.718062472304192, 'min_child_weight': 2, 'gamma': 0.0005097482873884878, 'reg_alpha': 1.9936417214124916e-05, 'reg_lambda': 0.0208067476120657}. Best is trial 731 with value: 0.3092544674883941.
[I 2024-12-04 17:35:49,773] Trial 767 finished with value: 0.3260646353978978 and parameters: {'n_estimators': 907, 'max_depth': 6, 'learning_rate': 0.07174857788094186, 'subsample': 0.7690314470736377, 'colsample_bytree': 0.7156765318765363, 'min_child_weight': 2, 'gamma': 0.0005731873759845438, 'reg_alpha': 1.9669978203967024e-05, 'reg_lambda': 0.009732341380672388}. Best is trial 731 with value: 0.3092544674883941.
[I 2024-12-04 17:35:51,204] Trial 768 finished with value: 0.31909034520040136 and parameters: {'n_estimators': 893, 'max_depth': 6, 'learning_rate': 0.07731150670526159, 'subsample': 0.7548542869222801, 'colsample_bytree': 0.7167261842892532, 'min_child_weight': 2, 'gamma': 0.00048439856570471043, 'reg_alpha': 1.8392550242893414e-05, 'reg_lambda': 0.02239162944205064}. Best is trial 731 with value: 0.3092544674883941.
[I 2024-12-04 17:35:52,769] Trial 769 finished with value: 0.31119440340364746 and parameters: {'n_estimators': 894, 'max_depth': 6, 'learning_rate': 0.07451442692290848, 'subsample': 0.7673981297305714, 'colsample_bytree': 0.7233022423188897, 'min_child_weight': 2, 'gamma': 0.00044952194632450886, 'reg_alpha': 2.1118198201175724e-05, 'reg_lambda': 0.01620310560400137}. Best is trial 731 with value: 0.3092544674883941.
[I 2024-12-04 17:35:54,226] Trial 770 finished with value: 0.3122337253730742 and parameters: {'n_estimators': 900, 'max_depth': 6, 'learning_rate': 0.0732255150602458, 'subsample': 0.7636193649996917, 'colsample_bytree': 0.7144429731420645, 'min_child_weight': 2, 'gamma': 0.0007353199808628445, 'reg_alpha': 2.9465136502590366e-05, 'reg_lambda': 0.011743883371624474}. Best is trial 731 with value: 0.3092544674883941.
[I 2024-12-04 17:35:55,796] Trial 771 finished with value: 0.3093725494720443 and parameters: {'n_estimators': 898, 'max_depth': 6, 'learning_rate': 0.06877670769840767, 'subsample': 0.7631246792783187, 'colsample_bytree': 0.7309291093948997, 'min_child_weight': 2, 'gamma': 0.0007287478693861601, 'reg_alpha': 1.6509867230779665e-05, 'reg_lambda': 0.019149408319199365}. Best is trial 731 with value: 0.3092544674883941.
[I 2024-12-04 17:35:57,206] Trial 772 finished with value: 0.31711453617147994 and parameters: {'n_estimators': 941, 'max_depth': 6, 'learning_rate': 0.07630000888482201, 'subsample': 0.7624352507606785, 'colsample_bytree': 0.7120878535622409, 'min_child_weight': 2, 'gamma': 0.0005649192594249599, 'reg_alpha': 3.6280476611460176e-05, 'reg_lambda': 0.011515656934572007}. Best is trial 731 with value: 0.3092544674883941.
[I 2024-12-04 17:35:58,628] Trial 773 finished with value: 0.32066249517927875 and parameters: {'n_estimators': 889, 'max_depth': 6, 'learning_rate': 0.06895522245972692, 'subsample': 0.7683255338636175, 'colsample_bytree': 0.7232741185901068, 'min_child_weight': 2, 'gamma': 0.0005965080999316261, 'reg_alpha': 4.160156517400488e-05, 'reg_lambda': 0.00883245505629425}. Best is trial 731 with value: 0.3092544674883941.
[I 2024-12-04 17:36:00,070] Trial 774 finished with value: 0.3136967252166672 and parameters: {'n_estimators': 894, 'max_depth': 6, 'learning_rate': 0.0726159853886818, 'subsample': 0.7612981699543268, 'colsample_bytree': 0.717781954333687, 'min_child_weight': 2, 'gamma': 0.0006397595686025584, 'reg_alpha': 2.1605466246677365e-05, 'reg_lambda': 0.016664741998329957}. Best is trial 731 with value: 0.3092544674883941.
[I 2024-12-04 17:36:01,536] Trial 775 finished with value: 0.317082137299835 and parameters: {'n_estimators': 903, 'max_depth': 6, 'learning_rate': 0.07352126584780865, 'subsample': 0.7596677975009223, 'colsample_bytree': 0.7116450405073045, 'min_child_weight': 2, 'gamma': 0.0004893649634400253, 'reg_alpha': 2.7903961716177567e-05, 'reg_lambda': 0.01752095491637479}. Best is trial 731 with value: 0.3092544674883941.
[I 2024-12-04 17:36:03,137] Trial 776 finished with value: 0.3166690978896601 and parameters: {'n_estimators': 889, 'max_depth': 6, 'learning_rate': 0.07697306726674011, 'subsample': 0.7613452095015227, 'colsample_bytree': 0.72806138344112, 'min_child_weight': 2, 'gamma': 0.0004926019134602367, 'reg_alpha': 2.23051249964586e-05, 'reg_lambda': 0.019194357124935467}. Best is trial 731 with value: 0.3092544674883941.
[I 2024-12-04 17:36:04,960] Trial 777 finished with value: 0.32113762047669825 and parameters: {'n_estimators': 900, 'max_depth': 6, 'learning_rate': 0.06889653971680039, 'subsample': 0.7703052008295453, 'colsample_bytree': 0.7187687420188078, 'min_child_weight': 2, 'gamma': 0.0008850215116585467, 'reg_alpha': 1.5168856010408818e-05, 'reg_lambda': 0.020178445559630855}. Best is trial 731 with value: 0.3092544674883941.
[I 2024-12-04 17:36:06,535] Trial 778 finished with value: 0.31740744918260294 and parameters: {'n_estimators': 968, 'max_depth': 6, 'learning_rate': 0.06743019731138983, 'subsample': 0.7703247714534354, 'colsample_bytree': 0.7147991946150766, 'min_child_weight': 2, 'gamma': 0.0005978846985835741, 'reg_alpha': 1.3530614312349451e-05, 'reg_lambda': 0.012747166664630265}. Best is trial 731 with value: 0.3092544674883941.
[I 2024-12-04 17:36:08,093] Trial 779 finished with value: 0.32085083914435264 and parameters: {'n_estimators': 888, 'max_depth': 6, 'learning_rate': 0.07145645175144787, 'subsample': 0.7593491694012433, 'colsample_bytree': 0.7288884741940157, 'min_child_weight': 2, 'gamma': 0.0007757846788649412, 'reg_alpha': 1.8000878831317544e-05, 'reg_lambda': 0.015036345415854583}. Best is trial 731 with value: 0.3092544674883941.
[I 2024-12-04 17:36:09,558] Trial 780 finished with value: 0.3098105656205266 and parameters: {'n_estimators': 874, 'max_depth': 6, 'learning_rate': 0.07229407699851981, 'subsample': 0.7665752835782691, 'colsample_bytree': 0.7229969288354352, 'min_child_weight': 2, 'gamma': 0.0009654219090946365, 'reg_alpha': 2.3178096875803265e-05, 'reg_lambda': 0.01511249632476733}. Best is trial 731 with value: 0.3092544674883941.
[I 2024-12-04 17:36:11,057] Trial 781 finished with value: 0.32583678063190885 and parameters: {'n_estimators': 930, 'max_depth': 6, 'learning_rate': 0.07115016090167879, 'subsample': 0.7666500063629673, 'colsample_bytree': 0.7332890479184188, 'min_child_weight': 2, 'gamma': 0.0006084595887082388, 'reg_alpha': 1.980755796385248e-05, 'reg_lambda': 0.019475127651197435}. Best is trial 731 with value: 0.3092544674883941.
[I 2024-12-04 17:36:12,552] Trial 782 finished with value: 0.31688101069701835 and parameters: {'n_estimators': 953, 'max_depth': 6, 'learning_rate': 0.07618728048984684, 'subsample': 0.7631590147925711, 'colsample_bytree': 0.7122043992071132, 'min_child_weight': 2, 'gamma': 0.0004566121838761207, 'reg_alpha': 2.0425178116114995e-05, 'reg_lambda': 0.01985556877862788}. Best is trial 731 with value: 0.3092544674883941.
[I 2024-12-04 17:36:13,996] Trial 783 finished with value: 0.3266397129113263 and parameters: {'n_estimators': 914, 'max_depth': 6, 'learning_rate': 0.07287894146676091, 'subsample': 0.771340391897444, 'colsample_bytree': 0.7254324652286892, 'min_child_weight': 2, 'gamma': 0.0004379449664020552, 'reg_alpha': 1.3530071186436075e-05, 'reg_lambda': 0.009065045406657257}. Best is trial 731 with value: 0.3092544674883941.
[I 2024-12-04 17:36:15,471] Trial 784 finished with value: 0.3117948439600478 and parameters: {'n_estimators': 915, 'max_depth': 6, 'learning_rate': 0.07365310542287003, 'subsample': 0.7687081795896428, 'colsample_bytree': 0.7241509618689481, 'min_child_weight': 2, 'gamma': 0.0005719012627469504, 'reg_alpha': 3.358035805669228e-05, 'reg_lambda': 0.016911422544571543}. Best is trial 731 with value: 0.3092544674883941.
[I 2024-12-04 17:36:16,947] Trial 785 finished with value: 0.3133088666094064 and parameters: {'n_estimators': 901, 'max_depth': 6, 'learning_rate': 0.07545071699413394, 'subsample': 0.760300950643727, 'colsample_bytree': 0.7283817321911936, 'min_child_weight': 2, 'gamma': 0.0006351247895887273, 'reg_alpha': 2.9860582520607738e-05, 'reg_lambda': 0.014802436331394176}. Best is trial 731 with value: 0.3092544674883941.
[I 2024-12-04 17:36:18,408] Trial 786 finished with value: 0.3164208283328456 and parameters: {'n_estimators': 924, 'max_depth': 6, 'learning_rate': 0.07006303723880672, 'subsample': 0.7575328162433277, 'colsample_bytree': 0.7254152349727311, 'min_child_weight': 2, 'gamma': 0.0006325803235436566, 'reg_alpha': 1.36196327177676e-05, 'reg_lambda': 0.018528522821926706}. Best is trial 731 with value: 0.3092544674883941.
[I 2024-12-04 17:36:19,864] Trial 787 finished with value: 0.31355836112398827 and parameters: {'n_estimators': 902, 'max_depth': 6, 'learning_rate': 0.07261953401886011, 'subsample': 0.7606450595079782, 'colsample_bytree': 0.7228193768095467, 'min_child_weight': 2, 'gamma': 0.0006170617133807345, 'reg_alpha': 1.8495228499413023e-05, 'reg_lambda': 0.01868887475994685}. Best is trial 731 with value: 0.3092544674883941.
