[I 2024-12-16 00:56:02,959] Trial 2040 finished with value: 0.12077153474092484 and parameters: {'mlp_n_layers': 2, 'mlp_dim_00': 160, 'mlp_dim_01': 160, 'hidden_channels': 112, 'num_layers': 2, 'num_timesteps': 3, 'dropout': 0.267255534175154, 'train_learning_rate': 0.002949388456762852, 'train_lr_reduce': 0.6}. Best is trial 130 with value: 0.0812772810459137.
[I 2024-12-16 00:56:03,845] Trial 2039 finished with value: 0.09468186646699905 and parameters: {'mlp_n_layers': 2, 'mlp_dim_00': 208, 'mlp_dim_01': 192, 'hidden_channels': 32, 'num_layers': 1, 'num_timesteps': 3, 'dropout': 0.23570386309659733, 'train_learning_rate': 0.009837959646973907, 'train_lr_reduce': 0.6}. Best is trial 130 with value: 0.0812772810459137.
[I 2024-12-16 00:56:12,216] Trial 2041 finished with value: 0.10362481325864792 and parameters: {'mlp_n_layers': 2, 'mlp_dim_00': 128, 'mlp_dim_01': 96, 'hidden_channels': 32, 'num_layers': 3, 'num_timesteps': 3, 'dropout': 0.13894558220013437, 'train_learning_rate': 0.004998119046802373, 'train_lr_reduce': 0.6}. Best is trial 130 with value: 0.0812772810459137.
[I 2024-12-16 00:56:16,606] Trial 2042 finished with value: 0.10134699195623398 and parameters: {'mlp_n_layers': 2, 'mlp_dim_00': 128, 'mlp_dim_01': 144, 'hidden_channels': 80, 'num_layers': 1, 'num_timesteps': 4, 'dropout': 0.2682896870638856, 'train_learning_rate': 0.009135877832887255, 'train_lr_reduce': 0.6}. Best is trial 130 with value: 0.0812772810459137.
[I 2024-12-16 00:56:21,939] Trial 2043 finished with value: 0.11331506073474884 and parameters: {'mlp_n_layers': 2, 'mlp_dim_00': 112, 'mlp_dim_01': 128, 'hidden_channels': 112, 'num_layers': 3, 'num_timesteps': 3, 'dropout': 0.2442303377174933, 'train_learning_rate': 0.008306583352029578, 'train_lr_reduce': 0.6}. Best is trial 130 with value: 0.0812772810459137.
[I 2024-12-16 00:56:23,545] Trial 2044 finished with value: 0.11266429722309113 and parameters: {'mlp_n_layers': 2, 'mlp_dim_00': 240, 'mlp_dim_01': 208, 'hidden_channels': 80, 'num_layers': 1, 'num_timesteps': 4, 'dropout': 0.2209475101308731, 'train_learning_rate': 0.008240867911751099, 'train_lr_reduce': 0.6}. Best is trial 130 with value: 0.0812772810459137.
[I 2024-12-16 00:56:30,659] Trial 2045 finished with value: 0.1055825799703598 and parameters: {'mlp_n_layers': 2, 'mlp_dim_00': 240, 'mlp_dim_01': 208, 'hidden_channels': 32, 'num_layers': 2, 'num_timesteps': 3, 'dropout': 0.17332498607387722, 'train_learning_rate': 0.00315067745678027, 'train_lr_reduce': 0.6}. Best is trial 130 with value: 0.0812772810459137.
[I 2024-12-16 00:56:38,213] Trial 2046 finished with value: 0.19411544501781464 and parameters: {'mlp_n_layers': 2, 'mlp_dim_00': 32, 'mlp_dim_01': 32, 'hidden_channels': 224, 'num_layers': 3, 'num_timesteps': 1, 'dropout': 0.2814475486501492, 'train_learning_rate': 0.007016648404306883, 'train_lr_reduce': 0.6}. Best is trial 130 with value: 0.0812772810459137.
[I 2024-12-16 00:56:48,253] Trial 2048 finished with value: 0.11896710842847824 and parameters: {'mlp_n_layers': 2, 'mlp_dim_00': 224, 'mlp_dim_01': 144, 'hidden_channels': 96, 'num_layers': 2, 'num_timesteps': 4, 'dropout': 0.1531831471646247, 'train_learning_rate': 0.009426368146452648, 'train_lr_reduce': 0.6}. Best is trial 130 with value: 0.0812772810459137.
[I 2024-12-16 00:56:49,355] Trial 2047 finished with value: 0.26441457867622375 and parameters: {'mlp_n_layers': 2, 'mlp_dim_00': 160, 'mlp_dim_01': 256, 'hidden_channels': 48, 'num_layers': 1, 'num_timesteps': 2, 'dropout': 0.18525470505622116, 'train_learning_rate': 0.0001500287030675482, 'train_lr_reduce': 0.6}. Best is trial 130 with value: 0.0812772810459137.
[I 2024-12-16 00:56:50,304] Trial 2049 finished with value: 0.0940692126750946 and parameters: {'mlp_n_layers': 2, 'mlp_dim_00': 256, 'mlp_dim_01': 144, 'hidden_channels': 32, 'num_layers': 1, 'num_timesteps': 3, 'dropout': 0.2948718837811602, 'train_learning_rate': 0.0049013685858383515, 'train_lr_reduce': 0.6}. Best is trial 130 with value: 0.0812772810459137.
[I 2024-12-16 00:57:01,183] Trial 2052 finished with value: 0.10876239091157913 and parameters: {'mlp_n_layers': 3, 'mlp_dim_00': 160, 'mlp_dim_01': 192, 'mlp_dim_02': 240, 'hidden_channels': 48, 'num_layers': 1, 'num_timesteps': 3, 'dropout': 0.043550853273509875, 'train_learning_rate': 0.008597290707066623, 'train_lr_reduce': 0.6}. Best is trial 130 with value: 0.0812772810459137.
[I 2024-12-16 00:57:02,202] Trial 2051 finished with value: 0.1061517521739006 and parameters: {'mlp_n_layers': 2, 'mlp_dim_00': 192, 'mlp_dim_01': 176, 'hidden_channels': 64, 'num_layers': 2, 'num_timesteps': 3, 'dropout': 0.18352233045876423, 'train_learning_rate': 0.0035326905129676837, 'train_lr_reduce': 0.6}. Best is trial 130 with value: 0.0812772810459137.
[I 2024-12-16 00:57:04,393] Trial 2050 finished with value: 0.14106886088848114 and parameters: {'mlp_n_layers': 3, 'mlp_dim_00': 80, 'mlp_dim_01': 208, 'mlp_dim_02': 224, 'hidden_channels': 160, 'num_layers': 2, 'num_timesteps': 1, 'dropout': 0.23974107000909128, 'train_learning_rate': 0.00355603813255963, 'train_lr_reduce': 0.6}. Best is trial 130 with value: 0.0812772810459137.
[I 2024-12-16 00:57:19,116] Trial 2055 finished with value: 0.13070069253444672 and parameters: {'mlp_n_layers': 4, 'mlp_dim_00': 256, 'mlp_dim_01': 256, 'mlp_dim_02': 224, 'mlp_dim_03': 224, 'hidden_channels': 256, 'num_layers': 1, 'num_timesteps': 2, 'dropout': 0.016539089313529876, 'train_learning_rate': 0.00988921859813598, 'train_lr_reduce': 0.6}. Best is trial 130 with value: 0.0812772810459137.
[I 2024-12-16 00:57:21,715] Trial 2054 finished with value: 0.1076439917087555 and parameters: {'mlp_n_layers': 2, 'mlp_dim_00': 48, 'mlp_dim_01': 176, 'hidden_channels': 80, 'num_layers': 2, 'num_timesteps': 4, 'dropout': 0.10855281264259159, 'train_learning_rate': 0.0039557439318724475, 'train_lr_reduce': 0.6}. Best is trial 130 with value: 0.0812772810459137.
[I 2024-12-16 00:57:25,373] Trial 2053 finished with value: 0.08834461867809296 and parameters: {'mlp_n_layers': 2, 'mlp_dim_00': 208, 'mlp_dim_01': 64, 'hidden_channels': 128, 'num_layers': 2, 'num_timesteps': 3, 'dropout': 0.2616700578519279, 'train_learning_rate': 0.007045034146562606, 'train_lr_reduce': 0.6}. Best is trial 130 with value: 0.0812772810459137.
[I 2024-12-16 00:57:30,069] Trial 2056 finished with value: 0.10344350337982178 and parameters: {'mlp_n_layers': 3, 'mlp_dim_00': 192, 'mlp_dim_01': 128, 'mlp_dim_02': 256, 'hidden_channels': 80, 'num_layers': 1, 'num_timesteps': 3, 'dropout': 0.16101335548052004, 'train_learning_rate': 0.007425898547675995, 'train_lr_reduce': 0.6}. Best is trial 130 with value: 0.0812772810459137.
[I 2024-12-16 00:57:32,385] Trial 2057 finished with value: 0.10908782482147217 and parameters: {'mlp_n_layers': 2, 'mlp_dim_00': 176, 'mlp_dim_01': 160, 'hidden_channels': 32, 'num_layers': 1, 'num_timesteps': 3, 'dropout': 0.1492268622233098, 'train_learning_rate': 0.003434370285007726, 'train_lr_reduce': 0.6}. Best is trial 130 with value: 0.0812772810459137.
[I 2024-12-16 00:57:37,049] Trial 2058 finished with value: 0.12421225011348724 and parameters: {'mlp_n_layers': 2, 'mlp_dim_00': 256, 'mlp_dim_01': 240, 'hidden_channels': 160, 'num_layers': 1, 'num_timesteps': 3, 'dropout': 0.2973558752209426, 'train_learning_rate': 0.009978824991236708, 'train_lr_reduce': 0.6}. Best is trial 130 with value: 0.0812772810459137.
[I 2024-12-16 00:57:45,913] Trial 2060 finished with value: 0.10279142111539841 and parameters: {'mlp_n_layers': 3, 'mlp_dim_00': 240, 'mlp_dim_01': 176, 'mlp_dim_02': 208, 'hidden_channels': 48, 'num_layers': 1, 'num_timesteps': 4, 'dropout': 0.24343697754502017, 'train_learning_rate': 0.009654112712248985, 'train_lr_reduce': 0.6}. Best is trial 130 with value: 0.0812772810459137.
[I 2024-12-16 00:57:54,075] Trial 2059 finished with value: 0.11312874406576157 and parameters: {'mlp_n_layers': 2, 'mlp_dim_00': 128, 'mlp_dim_01': 80, 'hidden_channels': 80, 'num_layers': 3, 'num_timesteps': 3, 'dropout': 0.20942172416568972, 'train_learning_rate': 0.005099422708438654, 'train_lr_reduce': 0.6}. Best is trial 130 with value: 0.0812772810459137.
[I 2024-12-16 00:57:59,230] Trial 2061 finished with value: 0.1293254792690277 and parameters: {'mlp_n_layers': 2, 'mlp_dim_00': 256, 'mlp_dim_01': 112, 'hidden_channels': 240, 'num_layers': 4, 'num_timesteps': 3, 'dropout': 0.1810938287020757, 'train_learning_rate': 0.0010786587093639857, 'train_lr_reduce': 0.6}. Best is trial 130 with value: 0.0812772810459137.
[I 2024-12-16 00:58:04,698] Trial 2062 finished with value: 0.10651234537363052 and parameters: {'mlp_n_layers': 2, 'mlp_dim_00': 208, 'mlp_dim_01': 240, 'hidden_channels': 112, 'num_layers': 2, 'num_timesteps': 3, 'dropout': 0.13624127285960586, 'train_learning_rate': 0.009661313767154935, 'train_lr_reduce': 0.6}. Best is trial 130 with value: 0.0812772810459137.
[I 2024-12-16 00:58:08,826] Trial 2064 finished with value: 0.12027926743030548 and parameters: {'mlp_n_layers': 2, 'mlp_dim_00': 208, 'mlp_dim_01': 208, 'hidden_channels': 96, 'num_layers': 1, 'num_timesteps': 3, 'dropout': 0.2377374750317259, 'train_learning_rate': 0.0019927761235831337, 'train_lr_reduce': 0.6}. Best is trial 130 with value: 0.0812772810459137.
[I 2024-12-16 00:58:09,974] Trial 2063 finished with value: 0.10516507923603058 and parameters: {'mlp_n_layers': 2, 'mlp_dim_00': 256, 'mlp_dim_01': 192, 'hidden_channels': 64, 'num_layers': 1, 'num_timesteps': 4, 'dropout': 0.18553910464239018, 'train_learning_rate': 0.00865878482950833, 'train_lr_reduce': 0.6}. Best is trial 130 with value: 0.0812772810459137.
[I 2024-12-16 00:58:16,447] Trial 2065 finished with value: 0.10801859200000763 and parameters: {'mlp_n_layers': 2, 'mlp_dim_00': 240, 'mlp_dim_01': 208, 'hidden_channels': 32, 'num_layers': 2, 'num_timesteps': 3, 'dropout': 0.1524784521328572, 'train_learning_rate': 0.008885989913732305, 'train_lr_reduce': 0.6}. Best is trial 130 with value: 0.0812772810459137.
[I 2024-12-16 00:58:21,106] Trial 2066 finished with value: 0.11966830492019653 and parameters: {'mlp_n_layers': 2, 'mlp_dim_00': 208, 'mlp_dim_01': 240, 'hidden_channels': 80, 'num_layers': 2, 'num_timesteps': 3, 'dropout': 0.23454059854253945, 'train_learning_rate': 0.0045260773472449965, 'train_lr_reduce': 0.6}. Best is trial 130 with value: 0.0812772810459137.
[I 2024-12-16 00:58:21,799] Trial 2067 finished with value: 0.10282828658819199 and parameters: {'mlp_n_layers': 2, 'mlp_dim_00': 128, 'mlp_dim_01': 224, 'hidden_channels': 32, 'num_layers': 2, 'num_timesteps': 3, 'dropout': 0.026395444434600193, 'train_learning_rate': 0.007826754661621419, 'train_lr_reduce': 0.6}. Best is trial 130 with value: 0.0812772810459137.
[I 2024-12-16 00:58:26,982] Trial 2068 finished with value: 0.1322828233242035 and parameters: {'mlp_n_layers': 2, 'mlp_dim_00': 208, 'mlp_dim_01': 160, 'hidden_channels': 64, 'num_layers': 2, 'num_timesteps': 3, 'dropout': 0.24999001623930203, 'train_learning_rate': 0.008629061687901103, 'train_lr_reduce': 0.6}. Best is trial 130 with value: 0.0812772810459137.
[I 2024-12-16 00:58:35,187] Trial 2069 finished with value: 0.12620900571346283 and parameters: {'mlp_n_layers': 2, 'mlp_dim_00': 192, 'mlp_dim_01': 176, 'hidden_channels': 96, 'num_layers': 2, 'num_timesteps': 3, 'dropout': 0.13515123957653902, 'train_learning_rate': 0.00409579970918559, 'train_lr_reduce': 0.6}. Best is trial 130 with value: 0.0812772810459137.
[I 2024-12-16 00:58:35,845] Trial 2070 finished with value: 0.10885710269212723 and parameters: {'mlp_n_layers': 2, 'mlp_dim_00': 80, 'mlp_dim_01': 192, 'hidden_channels': 32, 'num_layers': 3, 'num_timesteps': 4, 'dropout': 0.044269426660381514, 'train_learning_rate': 0.0060201296268388655, 'train_lr_reduce': 0.6}. Best is trial 130 with value: 0.0812772810459137.
[I 2024-12-16 00:58:48,921] Trial 2073 finished with value: 0.09924755245447159 and parameters: {'mlp_n_layers': 2, 'mlp_dim_00': 224, 'mlp_dim_01': 192, 'hidden_channels': 96, 'num_layers': 1, 'num_timesteps': 3, 'dropout': 0.17958772450696514, 'train_learning_rate': 0.007651138437422857, 'train_lr_reduce': 0.6}. Best is trial 130 with value: 0.0812772810459137.
[I 2024-12-16 00:58:52,351] Trial 2072 finished with value: 0.13873939216136932 and parameters: {'mlp_n_layers': 4, 'mlp_dim_00': 256, 'mlp_dim_01': 256, 'mlp_dim_02': 224, 'mlp_dim_03': 160, 'hidden_channels': 112, 'num_layers': 2, 'num_timesteps': 4, 'dropout': 0.0250432615854866, 'train_learning_rate': 0.0024123480897114023, 'train_lr_reduce': 0.6}. Best is trial 130 with value: 0.0812772810459137.
[I 2024-12-16 00:58:52,421] Trial 2071 finished with value: 0.12305887788534164 and parameters: {'mlp_n_layers': 2, 'mlp_dim_00': 256, 'mlp_dim_01': 80, 'hidden_channels': 112, 'num_layers': 3, 'num_timesteps': 3, 'dropout': 0.21743914749387802, 'train_learning_rate': 0.006648224209143363, 'train_lr_reduce': 0.6}. Best is trial 130 with value: 0.0812772810459137.
[I 2024-12-16 00:59:03,650] Trial 2074 finished with value: 0.09838362038135529 and parameters: {'mlp_n_layers': 2, 'mlp_dim_00': 256, 'mlp_dim_01': 208, 'hidden_channels': 48, 'num_layers': 2, 'num_timesteps': 3, 'dropout': 0.19652059851691556, 'train_learning_rate': 0.009762682262097535, 'train_lr_reduce': 0.6}. Best is trial 130 with value: 0.0812772810459137.
[I 2024-12-16 00:59:11,058] Trial 2076 finished with value: 0.12933267652988434 and parameters: {'mlp_n_layers': 2, 'mlp_dim_00': 160, 'mlp_dim_01': 128, 'hidden_channels': 96, 'num_layers': 3, 'num_timesteps': 3, 'dropout': 0.19839096340901147, 'train_learning_rate': 0.008245160669189308, 'train_lr_reduce': 0.6}. Best is trial 130 with value: 0.0812772810459137.
[I 2024-12-16 00:59:24,336] Trial 2077 finished with value: 0.12169751524925232 and parameters: {'mlp_n_layers': 2, 'mlp_dim_00': 96, 'mlp_dim_01': 256, 'hidden_channels': 32, 'num_layers': 3, 'num_timesteps': 4, 'dropout': 0.00883620090349728, 'train_learning_rate': 0.0074274972930119375, 'train_lr_reduce': 0.6}. Best is trial 130 with value: 0.0812772810459137.
[I 2024-12-16 00:59:24,374] Trial 2078 finished with value: 0.12431502342224121 and parameters: {'mlp_n_layers': 2, 'mlp_dim_00': 208, 'mlp_dim_01': 192, 'hidden_channels': 32, 'num_layers': 1, 'num_timesteps': 4, 'dropout': 0.22200040713202782, 'train_learning_rate': 0.004742705471758622, 'train_lr_reduce': 0.6}. Best is trial 130 with value: 0.0812772810459137.
[I 2024-12-16 00:59:26,251] Trial 2075 finished with value: 0.1602768748998642 and parameters: {'mlp_n_layers': 2, 'mlp_dim_00': 176, 'mlp_dim_01': 240, 'hidden_channels': 224, 'num_layers': 4, 'num_timesteps': 3, 'dropout': 0.011510476434975436, 'train_learning_rate': 0.0001450739134890998, 'train_lr_reduce': 0.6}. Best is trial 130 with value: 0.0812772810459137.
[I 2024-12-16 00:59:37,862] Trial 2080 finished with value: 0.09279388934373856 and parameters: {'mlp_n_layers': 2, 'mlp_dim_00': 240, 'mlp_dim_01': 208, 'hidden_channels': 32, 'num_layers': 2, 'num_timesteps': 2, 'dropout': 0.2734468251272144, 'train_learning_rate': 0.00785153103808822, 'train_lr_reduce': 0.6}. Best is trial 130 with value: 0.0812772810459137.
[I 2024-12-16 00:59:41,370] Trial 2081 finished with value: 0.1200995221734047 and parameters: {'mlp_n_layers': 3, 'mlp_dim_00': 32, 'mlp_dim_01': 240, 'mlp_dim_02': 32, 'hidden_channels': 48, 'num_layers': 4, 'num_timesteps': 4, 'dropout': 0.11538589215679182, 'train_learning_rate': 0.009700249637280363, 'train_lr_reduce': 0.6}. Best is trial 130 with value: 0.0812772810459137.
[I 2024-12-16 00:59:49,171] Trial 2079 finished with value: 0.16600503027439117 and parameters: {'mlp_n_layers': 4, 'mlp_dim_00': 32, 'mlp_dim_01': 144, 'mlp_dim_02': 208, 'mlp_dim_03': 256, 'hidden_channels': 32, 'num_layers': 2, 'num_timesteps': 1, 'dropout': 0.12981381895627297, 'train_learning_rate': 0.00022422774596294419, 'train_lr_reduce': 0.6}. Best is trial 130 with value: 0.0812772810459137.
[I 2024-12-16 00:59:49,840] Trial 2082 finished with value: 0.10206352174282074 and parameters: {'mlp_n_layers': 3, 'mlp_dim_00': 240, 'mlp_dim_01': 176, 'mlp_dim_02': 240, 'hidden_channels': 80, 'num_layers': 1, 'num_timesteps': 3, 'dropout': 0.2871306896020843, 'train_learning_rate': 0.009906315567376927, 'train_lr_reduce': 0.6}. Best is trial 130 with value: 0.0812772810459137.
[I 2024-12-16 00:59:57,081] Trial 2083 finished with value: 0.1131148561835289 and parameters: {'mlp_n_layers': 2, 'mlp_dim_00': 192, 'mlp_dim_01': 192, 'hidden_channels': 32, 'num_layers': 2, 'num_timesteps': 4, 'dropout': 0.22504220597601649, 'train_learning_rate': 0.009444596578558987, 'train_lr_reduce': 0.6}. Best is trial 130 with value: 0.0812772810459137.
[I 2024-12-16 01:00:03,883] Trial 2085 finished with value: 0.1059795692563057 and parameters: {'mlp_n_layers': 2, 'mlp_dim_00': 80, 'mlp_dim_01': 176, 'hidden_channels': 32, 'num_layers': 2, 'num_timesteps': 3, 'dropout': 0.13729928211714487, 'train_learning_rate': 0.0037984836346614446, 'train_lr_reduce': 0.6}. Best is trial 130 with value: 0.0812772810459137.
[I 2024-12-16 01:00:11,358] Trial 2084 finished with value: 0.12272904068231583 and parameters: {'mlp_n_layers': 3, 'mlp_dim_00': 160, 'mlp_dim_01': 128, 'mlp_dim_02': 256, 'hidden_channels': 192, 'num_layers': 1, 'num_timesteps': 1, 'dropout': 0.2835377827705772, 'train_learning_rate': 0.0005251310316668837, 'train_lr_reduce': 0.6}. Best is trial 130 with value: 0.0812772810459137.
[I 2024-12-16 01:00:27,792] Trial 2087 finished with value: 0.11114609986543655 and parameters: {'mlp_n_layers': 2, 'mlp_dim_00': 208, 'mlp_dim_01': 224, 'hidden_channels': 64, 'num_layers': 2, 'num_timesteps': 3, 'dropout': 0.27810700193362664, 'train_learning_rate': 0.0037373041135306297, 'train_lr_reduce': 0.6}. Best is trial 130 with value: 0.0812772810459137.
[I 2024-12-16 01:00:30,343] Trial 2086 finished with value: 0.11457061767578125 and parameters: {'mlp_n_layers': 2, 'mlp_dim_00': 48, 'mlp_dim_01': 224, 'hidden_channels': 32, 'num_layers': 2, 'num_timesteps': 4, 'dropout': 0.018084111228752607, 'train_learning_rate': 0.0019158490023284973, 'train_lr_reduce': 0.6}. Best is trial 130 with value: 0.0812772810459137.
[I 2024-12-16 01:00:36,177] Trial 2088 finished with value: 0.09839902818202972 and parameters: {'mlp_n_layers': 2, 'mlp_dim_00': 176, 'mlp_dim_01': 176, 'hidden_channels': 96, 'num_layers': 1, 'num_timesteps': 3, 'dropout': 0.20795466648058908, 'train_learning_rate': 0.007562116244114436, 'train_lr_reduce': 0.6}. Best is trial 130 with value: 0.0812772810459137.
[I 2024-12-16 01:00:53,156] Trial 2090 finished with value: 0.1099080890417099 and parameters: {'mlp_n_layers': 2, 'mlp_dim_00': 192, 'mlp_dim_01': 160, 'hidden_channels': 48, 'num_layers': 1, 'num_timesteps': 4, 'dropout': 0.2779556467883967, 'train_learning_rate': 0.009960792805956468, 'train_lr_reduce': 0.6}. Best is trial 130 with value: 0.0812772810459137.
[I 2024-12-16 01:00:56,513] Trial 2091 finished with value: 0.13162904977798462 and parameters: {'mlp_n_layers': 2, 'mlp_dim_00': 80, 'mlp_dim_01': 128, 'hidden_channels': 96, 'num_layers': 3, 'num_timesteps': 4, 'dropout': 0.0038016377626599526, 'train_learning_rate': 0.0070842842520933615, 'train_lr_reduce': 0.6}. Best is trial 130 with value: 0.0812772810459137.
[I 2024-12-16 01:01:04,268] Trial 2089 finished with value: 0.16523823142051697 and parameters: {'mlp_n_layers': 4, 'mlp_dim_00': 256, 'mlp_dim_01': 128, 'mlp_dim_02': 208, 'mlp_dim_03': 192, 'hidden_channels': 80, 'num_layers': 1, 'num_timesteps': 2, 'dropout': 0.04370048760548184, 'train_learning_rate': 0.00010160133412476444, 'train_lr_reduce': 0.6}. Best is trial 130 with value: 0.0812772810459137.
[I 2024-12-16 01:01:10,393] Trial 2093 finished with value: 0.11123739182949066 and parameters: {'mlp_n_layers': 2, 'mlp_dim_00': 224, 'mlp_dim_01': 192, 'hidden_channels': 64, 'num_layers': 1, 'num_timesteps': 3, 'dropout': 0.19392082661975174, 'train_learning_rate': 0.009913720013153734, 'train_lr_reduce': 0.6}. Best is trial 130 with value: 0.0812772810459137.
[I 2024-12-16 01:01:18,614] Trial 2094 finished with value: 0.15988050401210785 and parameters: {'mlp_n_layers': 4, 'mlp_dim_00': 208, 'mlp_dim_01': 32, 'mlp_dim_02': 80, 'mlp_dim_03': 128, 'hidden_channels': 96, 'num_layers': 1, 'num_timesteps': 2, 'dropout': 0.27451082611976685, 'train_learning_rate': 0.002462428210351855, 'train_lr_reduce': 0.6}. Best is trial 130 with value: 0.0812772810459137.
[I 2024-12-16 01:01:24,702] Trial 2092 finished with value: 0.15169358253479004 and parameters: {'mlp_n_layers': 4, 'mlp_dim_00': 256, 'mlp_dim_01': 96, 'mlp_dim_02': 208, 'mlp_dim_03': 80, 'hidden_channels': 176, 'num_layers': 4, 'num_timesteps': 4, 'dropout': 0.20795713091079596, 'train_learning_rate': 0.009315432623174654, 'train_lr_reduce': 0.6}. Best is trial 130 with value: 0.0812772810459137.
[I 2024-12-16 01:01:31,376] Trial 2095 finished with value: 0.11260111629962921 and parameters: {'mlp_n_layers': 3, 'mlp_dim_00': 32, 'mlp_dim_01': 176, 'mlp_dim_02': 32, 'hidden_channels': 32, 'num_layers': 2, 'num_timesteps': 4, 'dropout': 0.21052519813891718, 'train_learning_rate': 0.003168872303930574, 'train_lr_reduce': 0.6}. Best is trial 130 with value: 0.0812772810459137.
[I 2024-12-16 01:01:32,340] Trial 2096 finished with value: 0.0921984314918518 and parameters: {'mlp_n_layers': 2, 'mlp_dim_00': 224, 'mlp_dim_01': 224, 'hidden_channels': 96, 'num_layers': 1, 'num_timesteps': 3, 'dropout': 0.19570861874540704, 'train_learning_rate': 0.007608964028459739, 'train_lr_reduce': 0.6}. Best is trial 130 with value: 0.0812772810459137.
[I 2024-12-16 01:01:39,236] Trial 2097 finished with value: 0.13879284262657166 and parameters: {'mlp_n_layers': 2, 'mlp_dim_00': 224, 'mlp_dim_01': 32, 'hidden_channels': 96, 'num_layers': 3, 'num_timesteps': 2, 'dropout': 0.2868273946062132, 'train_learning_rate': 0.0070303052679473, 'train_lr_reduce': 0.6}. Best is trial 130 with value: 0.0812772810459137.
