[I 2024-12-19 09:01:10,788] Trial 1200 finished with value: 1.144279956817627 and parameters: {'mlp_n_layers': 3, 'mlp_dim_00': 415, 'mlp_dim_01': 316, 'mlp_dim_02': 481, 'node_hidden_dim': 34, 'edge_hidden_dim': 116, 'depth': 4, 'rep_dropout': 0.1838669200370507, 'train_learning_rate': 0.0029718204470845404, 'train_lr_reduce': 0.6}. Best is trial 724 with value: 0.1670333594083786.
[I 2024-12-19 09:01:18,963] Trial 1198 finished with value: 0.3551602065563202 and parameters: {'mlp_n_layers': 2, 'mlp_dim_00': 331, 'mlp_dim_01': 480, 'node_hidden_dim': 63, 'edge_hidden_dim': 50, 'depth': 2, 'rep_dropout': 0.0595811663685965, 'train_learning_rate': 0.00949892085182468, 'train_lr_reduce': 0.6}. Best is trial 724 with value: 0.1670333594083786.
[I 2024-12-19 09:01:22,909] Trial 1199 finished with value: 0.22186461091041565 and parameters: {'mlp_n_layers': 3, 'mlp_dim_00': 363, 'mlp_dim_01': 324, 'mlp_dim_02': 370, 'node_hidden_dim': 106, 'edge_hidden_dim': 43, 'depth': 2, 'rep_dropout': 0.07472798389527144, 'train_learning_rate': 0.006028469647495275, 'train_lr_reduce': 0.6}. Best is trial 724 with value: 0.1670333594083786.
[I 2024-12-19 09:01:31,409] Trial 1203 finished with value: 1.1423622369766235 and parameters: {'mlp_n_layers': 3, 'mlp_dim_00': 445, 'mlp_dim_01': 317, 'mlp_dim_02': 402, 'node_hidden_dim': 76, 'edge_hidden_dim': 79, 'depth': 2, 'rep_dropout': 0.032317770351211444, 'train_learning_rate': 0.00019270282518052664, 'train_lr_reduce': 0.6}. Best is trial 724 with value: 0.1670333594083786.
[I 2024-12-19 09:01:33,949] Trial 1201 finished with value: 0.4155879318714142 and parameters: {'mlp_n_layers': 3, 'mlp_dim_00': 229, 'mlp_dim_01': 399, 'mlp_dim_02': 512, 'node_hidden_dim': 127, 'edge_hidden_dim': 77, 'depth': 2, 'rep_dropout': 0.0916637065471832, 'train_learning_rate': 0.004061883922579699, 'train_lr_reduce': 0.6}. Best is trial 724 with value: 0.1670333594083786.
[I 2024-12-19 09:01:40,343] Trial 1205 finished with value: 1.1563043594360352 and parameters: {'mlp_n_layers': 2, 'mlp_dim_00': 420, 'mlp_dim_01': 487, 'node_hidden_dim': 74, 'edge_hidden_dim': 51, 'depth': 2, 'rep_dropout': 0.060954072634585535, 'train_learning_rate': 0.009655159847952703, 'train_lr_reduce': 0.6}. Best is trial 724 with value: 0.1670333594083786.
[I 2024-12-19 09:01:42,552] Trial 1202 finished with value: 0.6253831386566162 and parameters: {'mlp_n_layers': 2, 'mlp_dim_00': 82, 'mlp_dim_01': 377, 'node_hidden_dim': 95, 'edge_hidden_dim': 117, 'depth': 3, 'rep_dropout': 0.17528863738652722, 'train_learning_rate': 0.004809770424514663, 'train_lr_reduce': 0.6}. Best is trial 724 with value: 0.1670333594083786.
[I 2024-12-19 09:01:50,313] Trial 1207 finished with value: 1.142295002937317 and parameters: {'mlp_n_layers': 4, 'mlp_dim_00': 152, 'mlp_dim_01': 479, 'mlp_dim_02': 475, 'mlp_dim_03': 205, 'node_hidden_dim': 121, 'edge_hidden_dim': 90, 'depth': 4, 'rep_dropout': 0.07820874085435542, 'train_learning_rate': 0.00033222846769840133, 'train_lr_reduce': 0.6}. Best is trial 724 with value: 0.1670333594083786.
[I 2024-12-19 09:01:55,897] Trial 1204 finished with value: 0.2435295432806015 and parameters: {'mlp_n_layers': 3, 'mlp_dim_00': 320, 'mlp_dim_01': 292, 'mlp_dim_02': 438, 'node_hidden_dim': 126, 'edge_hidden_dim': 55, 'depth': 2, 'rep_dropout': 0.09341844588283578, 'train_learning_rate': 0.00788381163881841, 'train_lr_reduce': 0.6}. Best is trial 724 with value: 0.1670333594083786.
[I 2024-12-19 09:01:57,632] Trial 1208 finished with value: 1.1439114809036255 and parameters: {'mlp_n_layers': 4, 'mlp_dim_00': 511, 'mlp_dim_01': 404, 'mlp_dim_02': 429, 'mlp_dim_03': 385, 'node_hidden_dim': 116, 'edge_hidden_dim': 75, 'depth': 2, 'rep_dropout': 0.08278934788258219, 'train_learning_rate': 0.0042285795390825005, 'train_lr_reduce': 0.6}. Best is trial 724 with value: 0.1670333594083786.
[I 2024-12-19 09:02:02,343] Trial 1209 finished with value: 1.1481165885925293 and parameters: {'mlp_n_layers': 3, 'mlp_dim_00': 499, 'mlp_dim_01': 380, 'mlp_dim_02': 386, 'node_hidden_dim': 89, 'edge_hidden_dim': 89, 'depth': 2, 'rep_dropout': 0.0022790802480103164, 'train_learning_rate': 0.0034379161761911472, 'train_lr_reduce': 0.6}. Best is trial 724 with value: 0.1670333594083786.
[I 2024-12-19 09:02:02,797] Trial 1206 finished with value: 0.48754581809043884 and parameters: {'mlp_n_layers': 4, 'mlp_dim_00': 505, 'mlp_dim_01': 255, 'mlp_dim_02': 363, 'mlp_dim_03': 264, 'node_hidden_dim': 76, 'edge_hidden_dim': 57, 'depth': 2, 'rep_dropout': 0.16583285819464522, 'train_learning_rate': 0.003432009750061158, 'train_lr_reduce': 0.6}. Best is trial 724 with value: 0.1670333594083786.
[I 2024-12-19 09:02:04,356] Trial 1210 finished with value: 1.1432058811187744 and parameters: {'mlp_n_layers': 2, 'mlp_dim_00': 250, 'mlp_dim_01': 247, 'node_hidden_dim': 78, 'edge_hidden_dim': 55, 'depth': 3, 'rep_dropout': 0.23945302171166238, 'train_learning_rate': 0.0003811890383180252, 'train_lr_reduce': 0.6}. Best is trial 724 with value: 0.1670333594083786.
[I 2024-12-19 09:02:09,428] Trial 1212 finished with value: 1.1424829959869385 and parameters: {'mlp_n_layers': 3, 'mlp_dim_00': 274, 'mlp_dim_01': 228, 'mlp_dim_02': 479, 'node_hidden_dim': 101, 'edge_hidden_dim': 60, 'depth': 2, 'rep_dropout': 0.05229010228714714, 'train_learning_rate': 0.0025841183069128084, 'train_lr_reduce': 0.6}. Best is trial 724 with value: 0.1670333594083786.
[I 2024-12-19 09:02:10,154] Trial 1211 finished with value: 1.1464346647262573 and parameters: {'mlp_n_layers': 3, 'mlp_dim_00': 379, 'mlp_dim_01': 370, 'mlp_dim_02': 320, 'node_hidden_dim': 117, 'edge_hidden_dim': 54, 'depth': 3, 'rep_dropout': 0.03653924288607796, 'train_learning_rate': 0.0035516294109410517, 'train_lr_reduce': 0.6}. Best is trial 724 with value: 0.1670333594083786.
[I 2024-12-19 09:02:11,881] Trial 1213 finished with value: 1.142811894416809 and parameters: {'mlp_n_layers': 3, 'mlp_dim_00': 204, 'mlp_dim_01': 485, 'mlp_dim_02': 423, 'node_hidden_dim': 93, 'edge_hidden_dim': 113, 'depth': 4, 'rep_dropout': 0.1558799518335489, 'train_learning_rate': 0.00021951894879725082, 'train_lr_reduce': 0.6}. Best is trial 724 with value: 0.1670333594083786.
[I 2024-12-19 09:02:16,133] Trial 1214 finished with value: 1.1503145694732666 and parameters: {'mlp_n_layers': 4, 'mlp_dim_00': 494, 'mlp_dim_01': 272, 'mlp_dim_02': 264, 'mlp_dim_03': 127, 'node_hidden_dim': 91, 'edge_hidden_dim': 62, 'depth': 2, 'rep_dropout': 0.09643581178652913, 'train_learning_rate': 0.00348148677654668, 'train_lr_reduce': 0.6}. Best is trial 724 with value: 0.1670333594083786.
[I 2024-12-19 09:02:17,667] Trial 1215 finished with value: 1.1440532207489014 and parameters: {'mlp_n_layers': 4, 'mlp_dim_00': 512, 'mlp_dim_01': 412, 'mlp_dim_02': 373, 'mlp_dim_03': 309, 'node_hidden_dim': 117, 'edge_hidden_dim': 76, 'depth': 2, 'rep_dropout': 0.029865877572147276, 'train_learning_rate': 0.0040027432558294085, 'train_lr_reduce': 0.6}. Best is trial 724 with value: 0.1670333594083786.
[I 2024-12-19 09:02:18,558] Trial 1216 finished with value: 1.1442897319793701 and parameters: {'mlp_n_layers': 3, 'mlp_dim_00': 496, 'mlp_dim_01': 326, 'mlp_dim_02': 433, 'node_hidden_dim': 128, 'edge_hidden_dim': 59, 'depth': 2, 'rep_dropout': 0.03906354452405084, 'train_learning_rate': 0.006358715103858819, 'train_lr_reduce': 0.6}. Best is trial 724 with value: 0.1670333594083786.
[I 2024-12-19 09:02:24,820] Trial 1218 finished with value: 1.141920566558838 and parameters: {'mlp_n_layers': 3, 'mlp_dim_00': 148, 'mlp_dim_01': 507, 'mlp_dim_02': 512, 'node_hidden_dim': 59, 'edge_hidden_dim': 75, 'depth': 2, 'rep_dropout': 0.05688224807959935, 'train_learning_rate': 0.0003563395971858352, 'train_lr_reduce': 0.6}. Best is trial 724 with value: 0.1670333594083786.
[I 2024-12-19 09:02:26,234] Trial 1219 finished with value: 1.1418908834457397 and parameters: {'mlp_n_layers': 3, 'mlp_dim_00': 457, 'mlp_dim_01': 215, 'mlp_dim_02': 391, 'node_hidden_dim': 112, 'edge_hidden_dim': 57, 'depth': 3, 'rep_dropout': 0.04212363470822362, 'train_learning_rate': 0.009620987055338679, 'train_lr_reduce': 0.6}. Best is trial 724 with value: 0.1670333594083786.
[I 2024-12-19 09:02:32,917] Trial 1220 finished with value: 1.148256778717041 and parameters: {'mlp_n_layers': 4, 'mlp_dim_00': 486, 'mlp_dim_01': 382, 'mlp_dim_02': 476, 'mlp_dim_03': 246, 'node_hidden_dim': 64, 'edge_hidden_dim': 65, 'depth': 2, 'rep_dropout': 0.03397886420499465, 'train_learning_rate': 0.008742721808868753, 'train_lr_reduce': 0.6}. Best is trial 724 with value: 0.1670333594083786.
[I 2024-12-19 09:02:37,622] Trial 1217 finished with value: 0.26502925157546997 and parameters: {'mlp_n_layers': 2, 'mlp_dim_00': 479, 'mlp_dim_01': 503, 'node_hidden_dim': 74, 'edge_hidden_dim': 32, 'depth': 2, 'rep_dropout': 0.04325545695387499, 'train_learning_rate': 0.009615462390561267, 'train_lr_reduce': 0.6}. Best is trial 724 with value: 0.1670333594083786.
[I 2024-12-19 09:02:42,083] Trial 1222 finished with value: 1.144775390625 and parameters: {'mlp_n_layers': 2, 'mlp_dim_00': 465, 'mlp_dim_01': 467, 'node_hidden_dim': 54, 'edge_hidden_dim': 33, 'depth': 3, 'rep_dropout': 0.0063318952127627455, 'train_learning_rate': 0.003094867398547682, 'train_lr_reduce': 0.6}. Best is trial 724 with value: 0.1670333594083786.
[I 2024-12-19 09:02:45,409] Trial 1223 finished with value: 1.1463361978530884 and parameters: {'mlp_n_layers': 3, 'mlp_dim_00': 430, 'mlp_dim_01': 325, 'mlp_dim_02': 437, 'node_hidden_dim': 126, 'edge_hidden_dim': 50, 'depth': 2, 'rep_dropout': 0.006038323512731149, 'train_learning_rate': 0.007431218499289117, 'train_lr_reduce': 0.6}. Best is trial 724 with value: 0.1670333594083786.
[I 2024-12-19 09:02:48,239] Trial 1221 finished with value: 0.5379411578178406 and parameters: {'mlp_n_layers': 3, 'mlp_dim_00': 508, 'mlp_dim_01': 288, 'mlp_dim_02': 340, 'node_hidden_dim': 124, 'edge_hidden_dim': 49, 'depth': 2, 'rep_dropout': 0.04255996738698828, 'train_learning_rate': 0.008831515776711655, 'train_lr_reduce': 0.6}. Best is trial 724 with value: 0.1670333594083786.
[I 2024-12-19 09:02:50,942] Trial 1224 finished with value: 1.1533176898956299 and parameters: {'mlp_n_layers': 3, 'mlp_dim_00': 449, 'mlp_dim_01': 261, 'mlp_dim_02': 405, 'node_hidden_dim': 89, 'edge_hidden_dim': 84, 'depth': 3, 'rep_dropout': 0.009340984716058088, 'train_learning_rate': 0.0033205573626247115, 'train_lr_reduce': 0.6}. Best is trial 724 with value: 0.1670333594083786.
[I 2024-12-19 09:02:54,332] Trial 1225 finished with value: 1.1423826217651367 and parameters: {'mlp_n_layers': 4, 'mlp_dim_00': 193, 'mlp_dim_01': 160, 'mlp_dim_02': 472, 'mlp_dim_03': 175, 'node_hidden_dim': 55, 'edge_hidden_dim': 121, 'depth': 3, 'rep_dropout': 0.006516333010700814, 'train_learning_rate': 0.005437482235120435, 'train_lr_reduce': 0.6}. Best is trial 724 with value: 0.1670333594083786.
[I 2024-12-19 09:02:57,992] Trial 1226 finished with value: 0.8803648948669434 and parameters: {'mlp_n_layers': 4, 'mlp_dim_00': 402, 'mlp_dim_01': 405, 'mlp_dim_02': 349, 'mlp_dim_03': 350, 'node_hidden_dim': 124, 'edge_hidden_dim': 62, 'depth': 2, 'rep_dropout': 0.025647476177884397, 'train_learning_rate': 0.006492753581218357, 'train_lr_reduce': 0.6}. Best is trial 724 with value: 0.1670333594083786.
[I 2024-12-19 09:03:02,063] Trial 1228 finished with value: 1.1421281099319458 and parameters: {'mlp_n_layers': 4, 'mlp_dim_00': 396, 'mlp_dim_01': 346, 'mlp_dim_02': 394, 'mlp_dim_03': 64, 'node_hidden_dim': 77, 'edge_hidden_dim': 84, 'depth': 2, 'rep_dropout': 0.01910195364684061, 'train_learning_rate': 0.0021033881301917383, 'train_lr_reduce': 0.6}. Best is trial 724 with value: 0.1670333594083786.
[I 2024-12-19 09:03:04,284] Trial 1229 finished with value: 1.1457247734069824 and parameters: {'mlp_n_layers': 3, 'mlp_dim_00': 507, 'mlp_dim_01': 416, 'mlp_dim_02': 478, 'node_hidden_dim': 124, 'edge_hidden_dim': 56, 'depth': 2, 'rep_dropout': 0.018128533167312874, 'train_learning_rate': 0.0030221065276781305, 'train_lr_reduce': 0.6}. Best is trial 724 with value: 0.1670333594083786.
[I 2024-12-19 09:03:10,585] Trial 1231 finished with value: 1.142997145652771 and parameters: {'mlp_n_layers': 3, 'mlp_dim_00': 472, 'mlp_dim_01': 314, 'mlp_dim_02': 307, 'node_hidden_dim': 105, 'edge_hidden_dim': 32, 'depth': 2, 'rep_dropout': 0.06987493097350923, 'train_learning_rate': 0.002332497864723621, 'train_lr_reduce': 0.6}. Best is trial 724 with value: 0.1670333594083786.
[I 2024-12-19 09:03:16,933] Trial 1227 finished with value: 0.4307304918766022 and parameters: {'mlp_n_layers': 3, 'mlp_dim_00': 483, 'mlp_dim_01': 440, 'mlp_dim_02': 439, 'node_hidden_dim': 86, 'edge_hidden_dim': 72, 'depth': 2, 'rep_dropout': 0.0030765708661716733, 'train_learning_rate': 0.008626206965640112, 'train_lr_reduce': 0.6}. Best is trial 724 with value: 0.1670333594083786.
[I 2024-12-19 09:03:25,141] Trial 1230 finished with value: 0.30530744791030884 and parameters: {'mlp_n_layers': 2, 'mlp_dim_00': 511, 'mlp_dim_01': 321, 'node_hidden_dim': 109, 'edge_hidden_dim': 42, 'depth': 2, 'rep_dropout': 0.004210746559018437, 'train_learning_rate': 0.003565609509915631, 'train_lr_reduce': 0.6}. Best is trial 724 with value: 0.1670333594083786.
[I 2024-12-19 09:03:29,103] Trial 1233 finished with value: 1.142238974571228 and parameters: {'mlp_n_layers': 4, 'mlp_dim_00': 161, 'mlp_dim_01': 174, 'mlp_dim_02': 373, 'mlp_dim_03': 428, 'node_hidden_dim': 62, 'edge_hidden_dim': 128, 'depth': 4, 'rep_dropout': 0.2188292265117048, 'train_learning_rate': 0.000110645017618809, 'train_lr_reduce': 0.6}. Best is trial 724 with value: 0.1670333594083786.
[I 2024-12-19 09:03:29,381] Trial 1232 finished with value: 0.46489256620407104 and parameters: {'mlp_n_layers': 4, 'mlp_dim_00': 385, 'mlp_dim_01': 352, 'mlp_dim_02': 433, 'mlp_dim_03': 281, 'node_hidden_dim': 108, 'edge_hidden_dim': 55, 'depth': 2, 'rep_dropout': 0.0647267047466202, 'train_learning_rate': 0.007202984088824882, 'train_lr_reduce': 0.6}. Best is trial 724 with value: 0.1670333594083786.
[I 2024-12-19 09:03:31,310] Trial 1234 finished with value: 1.1422462463378906 and parameters: {'mlp_n_layers': 4, 'mlp_dim_00': 189, 'mlp_dim_01': 264, 'mlp_dim_02': 481, 'mlp_dim_03': 210, 'node_hidden_dim': 104, 'edge_hidden_dim': 125, 'depth': 2, 'rep_dropout': 0.13881793217833632, 'train_learning_rate': 0.004137426719980738, 'train_lr_reduce': 0.6}. Best is trial 724 with value: 0.1670333594083786.
[I 2024-12-19 09:03:36,823] Trial 1236 finished with value: 1.1423405408859253 and parameters: {'mlp_n_layers': 3, 'mlp_dim_00': 305, 'mlp_dim_01': 208, 'mlp_dim_02': 394, 'node_hidden_dim': 35, 'edge_hidden_dim': 97, 'depth': 3, 'rep_dropout': 0.08598020870534216, 'train_learning_rate': 0.0002839077494678114, 'train_lr_reduce': 0.6}. Best is trial 724 with value: 0.1670333594083786.
[I 2024-12-19 09:03:38,461] Trial 1237 finished with value: 1.1423001289367676 and parameters: {'mlp_n_layers': 4, 'mlp_dim_00': 489, 'mlp_dim_01': 372, 'mlp_dim_02': 474, 'mlp_dim_03': 312, 'node_hidden_dim': 102, 'edge_hidden_dim': 61, 'depth': 2, 'rep_dropout': 0.05835512706775043, 'train_learning_rate': 0.005885835593516951, 'train_lr_reduce': 0.6}. Best is trial 724 with value: 0.1670333594083786.
[I 2024-12-19 09:03:44,021] Trial 1238 finished with value: 1.072829246520996 and parameters: {'mlp_n_layers': 2, 'mlp_dim_00': 391, 'mlp_dim_01': 190, 'node_hidden_dim': 128, 'edge_hidden_dim': 69, 'depth': 2, 'rep_dropout': 0.05879275456661699, 'train_learning_rate': 0.009777257930547992, 'train_lr_reduce': 0.6}. Best is trial 724 with value: 0.1670333594083786.
[I 2024-12-19 09:03:44,193] Trial 1239 finished with value: 1.1427072286605835 and parameters: {'mlp_n_layers': 3, 'mlp_dim_00': 493, 'mlp_dim_01': 378, 'mlp_dim_02': 349, 'node_hidden_dim': 95, 'edge_hidden_dim': 45, 'depth': 2, 'rep_dropout': 0.032625935704398104, 'train_learning_rate': 0.00233939144672787, 'train_lr_reduce': 0.6}. Best is trial 724 with value: 0.1670333594083786.
[I 2024-12-19 09:03:50,890] Trial 1241 finished with value: 1.1440701484680176 and parameters: {'mlp_n_layers': 2, 'mlp_dim_00': 484, 'mlp_dim_01': 472, 'node_hidden_dim': 50, 'edge_hidden_dim': 40, 'depth': 2, 'rep_dropout': 0.06669884685756004, 'train_learning_rate': 0.004009971270029223, 'train_lr_reduce': 0.6}. Best is trial 724 with value: 0.1670333594083786.
[I 2024-12-19 09:03:52,797] Trial 1235 finished with value: 0.33473241329193115 and parameters: {'mlp_n_layers': 4, 'mlp_dim_00': 485, 'mlp_dim_01': 482, 'mlp_dim_02': 426, 'mlp_dim_03': 130, 'node_hidden_dim': 96, 'edge_hidden_dim': 50, 'depth': 2, 'rep_dropout': 0.001730852494373829, 'train_learning_rate': 0.00861782382639472, 'train_lr_reduce': 0.6}. Best is trial 724 with value: 0.1670333594083786.
[I 2024-12-19 09:04:03,938] Trial 1240 finished with value: 0.3054998219013214 and parameters: {'mlp_n_layers': 2, 'mlp_dim_00': 473, 'mlp_dim_01': 300, 'node_hidden_dim': 128, 'edge_hidden_dim': 34, 'depth': 2, 'rep_dropout': 0.04159881563621737, 'train_learning_rate': 0.004082005250994608, 'train_lr_reduce': 0.6}. Best is trial 724 with value: 0.1670333594083786.
[I 2024-12-19 09:04:12,495] Trial 1242 finished with value: 0.30253317952156067 and parameters: {'mlp_n_layers': 4, 'mlp_dim_00': 499, 'mlp_dim_01': 368, 'mlp_dim_02': 439, 'mlp_dim_03': 168, 'node_hidden_dim': 92, 'edge_hidden_dim': 75, 'depth': 2, 'rep_dropout': 0.0036419204525623954, 'train_learning_rate': 0.005114797135455346, 'train_lr_reduce': 0.6}. Best is trial 724 with value: 0.1670333594083786.
[I 2024-12-19 09:04:16,748] Trial 1243 finished with value: 0.4543640911579132 and parameters: {'mlp_n_layers': 2, 'mlp_dim_00': 470, 'mlp_dim_01': 230, 'node_hidden_dim': 94, 'edge_hidden_dim': 75, 'depth': 2, 'rep_dropout': 0.07092787291323194, 'train_learning_rate': 0.008287710827201162, 'train_lr_reduce': 0.6}. Best is trial 724 with value: 0.1670333594083786.
[I 2024-12-19 09:04:24,749] Trial 1246 finished with value: 1.1436614990234375 and parameters: {'mlp_n_layers': 4, 'mlp_dim_00': 378, 'mlp_dim_01': 418, 'mlp_dim_02': 434, 'mlp_dim_03': 384, 'node_hidden_dim': 99, 'edge_hidden_dim': 80, 'depth': 2, 'rep_dropout': 0.040238829386709696, 'train_learning_rate': 0.001882422251506728, 'train_lr_reduce': 0.6}. Best is trial 724 with value: 0.1670333594083786.
[I 2024-12-19 09:04:26,714] Trial 1244 finished with value: 0.5342134833335876 and parameters: {'mlp_n_layers': 3, 'mlp_dim_00': 348, 'mlp_dim_01': 463, 'mlp_dim_02': 396, 'node_hidden_dim': 60, 'edge_hidden_dim': 50, 'depth': 3, 'rep_dropout': 0.036930477015964365, 'train_learning_rate': 0.007878782672564, 'train_lr_reduce': 0.6}. Best is trial 724 with value: 0.1670333594083786.
[I 2024-12-19 09:04:32,728] Trial 1247 finished with value: 1.1454716920852661 and parameters: {'mlp_n_layers': 2, 'mlp_dim_00': 390, 'mlp_dim_01': 489, 'node_hidden_dim': 67, 'edge_hidden_dim': 59, 'depth': 2, 'rep_dropout': 0.006604394057015055, 'train_learning_rate': 0.005719146845826009, 'train_lr_reduce': 0.6}. Best is trial 724 with value: 0.1670333594083786.
[I 2024-12-19 09:04:36,045] Trial 1245 finished with value: 0.2689632773399353 and parameters: {'mlp_n_layers': 4, 'mlp_dim_00': 474, 'mlp_dim_01': 415, 'mlp_dim_02': 479, 'mlp_dim_03': 242, 'node_hidden_dim': 83, 'edge_hidden_dim': 104, 'depth': 2, 'rep_dropout': 0.04456779649899564, 'train_learning_rate': 0.0039656374259210555, 'train_lr_reduce': 0.6}. Best is trial 724 with value: 0.1670333594083786.
[I 2024-12-19 09:04:39,672] Trial 1249 finished with value: 1.1521352529525757 and parameters: {'mlp_n_layers': 3, 'mlp_dim_00': 343, 'mlp_dim_01': 351, 'mlp_dim_02': 292, 'node_hidden_dim': 63, 'edge_hidden_dim': 36, 'depth': 2, 'rep_dropout': 0.07572717739028233, 'train_learning_rate': 0.007991421435285613, 'train_lr_reduce': 0.6}. Best is trial 724 with value: 0.1670333594083786.
[I 2024-12-19 09:04:42,291] Trial 1250 finished with value: 1.142491340637207 and parameters: {'mlp_n_layers': 3, 'mlp_dim_00': 419, 'mlp_dim_01': 375, 'mlp_dim_02': 398, 'node_hidden_dim': 113, 'edge_hidden_dim': 53, 'depth': 2, 'rep_dropout': 0.1255347851585489, 'train_learning_rate': 0.0012305756885653961, 'train_lr_reduce': 0.6}. Best is trial 724 with value: 0.1670333594083786.
[I 2024-12-19 09:04:46,776] Trial 1251 finished with value: 1.1492775678634644 and parameters: {'mlp_n_layers': 3, 'mlp_dim_00': 457, 'mlp_dim_01': 444, 'mlp_dim_02': 474, 'node_hidden_dim': 98, 'edge_hidden_dim': 55, 'depth': 2, 'rep_dropout': 0.004761820613822488, 'train_learning_rate': 0.0028818889720404277, 'train_lr_reduce': 0.6}. Best is trial 724 with value: 0.1670333594083786.
[I 2024-12-19 09:04:47,326] Trial 1248 finished with value: 0.616851270198822 and parameters: {'mlp_n_layers': 4, 'mlp_dim_00': 497, 'mlp_dim_01': 202, 'mlp_dim_02': 351, 'mlp_dim_03': 120, 'node_hidden_dim': 122, 'edge_hidden_dim': 69, 'depth': 2, 'rep_dropout': 0.021991518473438235, 'train_learning_rate': 0.005640863803467222, 'train_lr_reduce': 0.6}. Best is trial 724 with value: 0.1670333594083786.
[I 2024-12-19 09:04:49,568] Trial 1252 finished with value: 1.1515687704086304 and parameters: {'mlp_n_layers': 4, 'mlp_dim_00': 266, 'mlp_dim_01': 99, 'mlp_dim_02': 426, 'mlp_dim_03': 205, 'node_hidden_dim': 128, 'edge_hidden_dim': 89, 'depth': 4, 'rep_dropout': 0.0176684377874034, 'train_learning_rate': 0.004310228501873019, 'train_lr_reduce': 0.6}. Best is trial 724 with value: 0.1670333594083786.
[I 2024-12-19 09:04:53,837] Trial 1253 finished with value: 1.1424511671066284 and parameters: {'mlp_n_layers': 2, 'mlp_dim_00': 262, 'mlp_dim_01': 303, 'node_hidden_dim': 94, 'edge_hidden_dim': 77, 'depth': 2, 'rep_dropout': 0.047155487125056295, 'train_learning_rate': 0.00036565013808534163, 'train_lr_reduce': 0.6}. Best is trial 724 with value: 0.1670333594083786.
