[I 2024-12-24 14:17:06,710] Trial 63 finished with value: 0.011985767632722855 and parameters: {'L1_hidden_dim': 80, 'L1_layers_atom': 1, 'L1_layers_mol': 1, 'L1_dropout': 0.0989284877120838, 'L1_out_dim': 64, 'L2_hidden_dim': 176, 'L2_layers_atom': 3, 'L2_layers_mol': 1, 'L2_out_dim': 80, 'L2_dropout': 0.13482575424790758, 'L3_hidden_dim': 80, 'L3_layers_atom': 4, 'L3_layers_mol': 1, 'L3_out_dim': 128, 'L3_dropout': 0.18009317818529108, 'n_mlp_layers': 2, 'mlp_dim_0': 280, 'mlp_dim_1': 272, 'num_heads': 2, 'final_dropout': 0.031158270824865858, 'train_learning_rate': 0.0005351796511735623, 'train_lr_reduce': 0.6}. Best is trial 56 with value: 0.01147022657096386.
[I 2024-12-24 14:17:35,042] Trial 66 finished with value: 0.012230582535266876 and parameters: {'L1_hidden_dim': 192, 'L1_layers_atom': 1, 'L1_layers_mol': 3, 'L1_dropout': 0.10263019036327156, 'L1_out_dim': 48, 'L2_hidden_dim': 192, 'L2_layers_atom': 1, 'L2_layers_mol': 1, 'L2_out_dim': 96, 'L2_dropout': 0.025127474422427375, 'L3_hidden_dim': 64, 'L3_layers_atom': 4, 'L3_layers_mol': 1, 'L3_out_dim': 96, 'L3_dropout': 0.19627386975843936, 'n_mlp_layers': 3, 'mlp_dim_0': 440, 'mlp_dim_1': 240, 'mlp_dim_2': 432, 'num_heads': 1, 'final_dropout': 0.0745311055981707, 'train_learning_rate': 0.0012283669117416904, 'train_lr_reduce': 0.6}. Best is trial 56 with value: 0.01147022657096386.
[I 2024-12-24 14:17:38,238] Trial 65 finished with value: 0.012695533223450184 and parameters: {'L1_hidden_dim': 96, 'L1_layers_atom': 3, 'L1_layers_mol': 2, 'L1_dropout': 0.13070837555289808, 'L1_out_dim': 64, 'L2_hidden_dim': 176, 'L2_layers_atom': 4, 'L2_layers_mol': 1, 'L2_out_dim': 80, 'L2_dropout': 0.16962731408211038, 'L3_hidden_dim': 96, 'L3_layers_atom': 4, 'L3_layers_mol': 1, 'L3_out_dim': 112, 'L3_dropout': 0.2950248749318328, 'n_mlp_layers': 3, 'mlp_dim_0': 360, 'mlp_dim_1': 256, 'mlp_dim_2': 512, 'num_heads': 2, 'final_dropout': 0.13912566685692682, 'train_learning_rate': 0.0028607206437225273, 'train_lr_reduce': 0.6}. Best is trial 56 with value: 0.01147022657096386.
[I 2024-12-24 14:19:00,063] Trial 67 finished with value: 0.015807030722498894 and parameters: {'L1_hidden_dim': 80, 'L1_layers_atom': 1, 'L1_layers_mol': 1, 'L1_dropout': 0.04428981227972707, 'L1_out_dim': 48, 'L2_hidden_dim': 192, 'L2_layers_atom': 2, 'L2_layers_mol': 4, 'L2_out_dim': 64, 'L2_dropout': 0.13912680218672646, 'L3_hidden_dim': 128, 'L3_layers_atom': 4, 'L3_layers_mol': 1, 'L3_out_dim': 128, 'L3_dropout': 0.27336370625473666, 'n_mlp_layers': 2, 'mlp_dim_0': 488, 'mlp_dim_1': 232, 'num_heads': 1, 'final_dropout': 0.2154724741110885, 'train_learning_rate': 0.0038345680848904033, 'train_lr_reduce': 0.6}. Best is trial 56 with value: 0.01147022657096386.
[I 2024-12-24 14:19:16,470] Trial 68 finished with value: 0.013139662332832813 and parameters: {'L1_hidden_dim': 144, 'L1_layers_atom': 1, 'L1_layers_mol': 1, 'L1_dropout': 0.03796419981883645, 'L1_out_dim': 96, 'L2_hidden_dim': 192, 'L2_layers_atom': 3, 'L2_layers_mol': 3, 'L2_out_dim': 112, 'L2_dropout': 0.025027238885088267, 'L3_hidden_dim': 80, 'L3_layers_atom': 4, 'L3_layers_mol': 1, 'L3_out_dim': 80, 'L3_dropout': 0.255511791617345, 'n_mlp_layers': 3, 'mlp_dim_0': 480, 'mlp_dim_1': 184, 'mlp_dim_2': 512, 'num_heads': 1, 'final_dropout': 0.24919227927840087, 'train_learning_rate': 0.0006101785048145595, 'train_lr_reduce': 0.6}. Best is trial 56 with value: 0.01147022657096386.
[I 2024-12-24 14:19:46,774] Trial 69 finished with value: 0.014649306423962116 and parameters: {'L1_hidden_dim': 160, 'L1_layers_atom': 2, 'L1_layers_mol': 2, 'L1_dropout': 0.22483369443529222, 'L1_out_dim': 32, 'L2_hidden_dim': 240, 'L2_layers_atom': 2, 'L2_layers_mol': 3, 'L2_out_dim': 112, 'L2_dropout': 0.053114700838430395, 'L3_hidden_dim': 128, 'L3_layers_atom': 3, 'L3_layers_mol': 2, 'L3_out_dim': 112, 'L3_dropout': 0.2836516500472416, 'n_mlp_layers': 3, 'mlp_dim_0': 440, 'mlp_dim_1': 280, 'mlp_dim_2': 440, 'num_heads': 1, 'final_dropout': 0.18319869521858997, 'train_learning_rate': 0.0059411242964779055, 'train_lr_reduce': 0.6}. Best is trial 56 with value: 0.01147022657096386.
[I 2024-12-24 14:20:44,930] Trial 70 finished with value: 0.018903998658061028 and parameters: {'L1_hidden_dim': 144, 'L1_layers_atom': 1, 'L1_layers_mol': 3, 'L1_dropout': 0.13593657821477206, 'L1_out_dim': 80, 'L2_hidden_dim': 176, 'L2_layers_atom': 1, 'L2_layers_mol': 3, 'L2_out_dim': 112, 'L2_dropout': 0.11570027138560132, 'L3_hidden_dim': 80, 'L3_layers_atom': 4, 'L3_layers_mol': 1, 'L3_out_dim': 80, 'L3_dropout': 0.2888640926256141, 'n_mlp_layers': 3, 'mlp_dim_0': 424, 'mlp_dim_1': 256, 'mlp_dim_2': 512, 'num_heads': 1, 'final_dropout': 0.22857103732769876, 'train_learning_rate': 0.005482721957100159, 'train_lr_reduce': 0.6}. Best is trial 56 with value: 0.01147022657096386.
[I 2024-12-24 14:20:52,520] Trial 71 finished with value: 0.01196068711578846 and parameters: {'L1_hidden_dim': 208, 'L1_layers_atom': 1, 'L1_layers_mol': 3, 'L1_dropout': 0.18935087245463778, 'L1_out_dim': 64, 'L2_hidden_dim': 240, 'L2_layers_atom': 3, 'L2_layers_mol': 3, 'L2_out_dim': 80, 'L2_dropout': 0.09529148083026145, 'L3_hidden_dim': 96, 'L3_layers_atom': 4, 'L3_layers_mol': 1, 'L3_out_dim': 80, 'L3_dropout': 0.2835974721775827, 'n_mlp_layers': 3, 'mlp_dim_0': 376, 'mlp_dim_1': 352, 'mlp_dim_2': 432, 'num_heads': 1, 'final_dropout': 0.12509177801907578, 'train_learning_rate': 0.0017248761205813613, 'train_lr_reduce': 0.6}. Best is trial 56 with value: 0.01147022657096386.
[I 2024-12-24 14:21:24,947] Trial 72 finished with value: 0.01985817775130272 and parameters: {'L1_hidden_dim': 176, 'L1_layers_atom': 1, 'L1_layers_mol': 4, 'L1_dropout': 0.0698348045851728, 'L1_out_dim': 32, 'L2_hidden_dim': 256, 'L2_layers_atom': 1, 'L2_layers_mol': 2, 'L2_out_dim': 48, 'L2_dropout': 0.16937447858541213, 'L3_hidden_dim': 64, 'L3_layers_atom': 1, 'L3_layers_mol': 4, 'L3_out_dim': 64, 'L3_dropout': 0.2635001290652594, 'n_mlp_layers': 3, 'mlp_dim_0': 352, 'mlp_dim_1': 168, 'mlp_dim_2': 352, 'num_heads': 1, 'final_dropout': 0.05199238695384133, 'train_learning_rate': 0.0002232566104270024, 'train_lr_reduce': 0.6}. Best is trial 56 with value: 0.01147022657096386.
[I 2024-12-24 14:22:29,952] Trial 74 finished with value: 0.015749244019389153 and parameters: {'L1_hidden_dim': 192, 'L1_layers_atom': 1, 'L1_layers_mol': 4, 'L1_dropout': 0.07401015141716712, 'L1_out_dim': 32, 'L2_hidden_dim': 192, 'L2_layers_atom': 3, 'L2_layers_mol': 1, 'L2_out_dim': 32, 'L2_dropout': 0.239563518851346, 'L3_hidden_dim': 80, 'L3_layers_atom': 1, 'L3_layers_mol': 3, 'L3_out_dim': 128, 'L3_dropout': 0.1525286692238772, 'n_mlp_layers': 2, 'mlp_dim_0': 384, 'mlp_dim_1': 296, 'num_heads': 1, 'final_dropout': 0.08192456381172589, 'train_learning_rate': 0.0003834995579610588, 'train_lr_reduce': 0.6}. Best is trial 56 with value: 0.01147022657096386.
[I 2024-12-24 14:23:11,317] Trial 73 finished with value: 0.023493316024541855 and parameters: {'L1_hidden_dim': 208, 'L1_layers_atom': 3, 'L1_layers_mol': 4, 'L1_dropout': 0.0864492977704332, 'L1_out_dim': 48, 'L2_hidden_dim': 96, 'L2_layers_atom': 2, 'L2_layers_mol': 1, 'L2_out_dim': 48, 'L2_dropout': 0.16401255211342053, 'L3_hidden_dim': 80, 'L3_layers_atom': 1, 'L3_layers_mol': 3, 'L3_out_dim': 112, 'L3_dropout': 0.19245487528190902, 'n_mlp_layers': 3, 'mlp_dim_0': 336, 'mlp_dim_1': 328, 'mlp_dim_2': 512, 'num_heads': 1, 'final_dropout': 0.1037783739468817, 'train_learning_rate': 0.00034733044651433584, 'train_lr_reduce': 0.6}. Best is trial 56 with value: 0.01147022657096386.
[I 2024-12-24 14:23:15,289] Trial 75 finished with value: 0.01624097116291523 and parameters: {'L1_hidden_dim': 96, 'L1_layers_atom': 2, 'L1_layers_mol': 2, 'L1_dropout': 0.2253139294632931, 'L1_out_dim': 48, 'L2_hidden_dim': 192, 'L2_layers_atom': 2, 'L2_layers_mol': 4, 'L2_out_dim': 80, 'L2_dropout': 0.05655135293623957, 'L3_hidden_dim': 64, 'L3_layers_atom': 4, 'L3_layers_mol': 1, 'L3_out_dim': 128, 'L3_dropout': 0.2920413860155589, 'n_mlp_layers': 3, 'mlp_dim_0': 472, 'mlp_dim_1': 288, 'mlp_dim_2': 512, 'num_heads': 1, 'final_dropout': 0.15064149373996344, 'train_learning_rate': 0.0009178329733473853, 'train_lr_reduce': 0.6}. Best is trial 56 with value: 0.01147022657096386.
[I 2024-12-24 14:24:04,037] Trial 76 finished with value: 0.010975202545523643 and parameters: {'L1_hidden_dim': 80, 'L1_layers_atom': 2, 'L1_layers_mol': 3, 'L1_dropout': 0.01271029884169882, 'L1_out_dim': 64, 'L2_hidden_dim': 208, 'L2_layers_atom': 2, 'L2_layers_mol': 1, 'L2_out_dim': 32, 'L2_dropout': 0.23646483257475193, 'L3_hidden_dim': 80, 'L3_layers_atom': 2, 'L3_layers_mol': 2, 'L3_out_dim': 112, 'L3_dropout': 0.25541188368262185, 'n_mlp_layers': 2, 'mlp_dim_0': 344, 'mlp_dim_1': 272, 'num_heads': 1, 'final_dropout': 0.09407415595341716, 'train_learning_rate': 0.0011659469061307, 'train_lr_reduce': 0.6}. Best is trial 76 with value: 0.010975202545523643.
[I 2024-12-24 14:25:25,202] Trial 77 finished with value: 0.015180633403360844 and parameters: {'L1_hidden_dim': 144, 'L1_layers_atom': 1, 'L1_layers_mol': 2, 'L1_dropout': 0.16604321864484212, 'L1_out_dim': 96, 'L2_hidden_dim': 192, 'L2_layers_atom': 1, 'L2_layers_mol': 3, 'L2_out_dim': 64, 'L2_dropout': 0.17240299157148442, 'L3_hidden_dim': 96, 'L3_layers_atom': 3, 'L3_layers_mol': 1, 'L3_out_dim': 80, 'L3_dropout': 0.2874829448879839, 'n_mlp_layers': 3, 'mlp_dim_0': 512, 'mlp_dim_1': 480, 'mlp_dim_2': 512, 'num_heads': 2, 'final_dropout': 0.002608062316805493, 'train_learning_rate': 0.0021883390394701416, 'train_lr_reduce': 0.6}. Best is trial 76 with value: 0.010975202545523643.
[I 2024-12-24 14:25:31,614] Trial 78 finished with value: 0.012676777318120003 and parameters: {'L1_hidden_dim': 96, 'L1_layers_atom': 1, 'L1_layers_mol': 1, 'L1_dropout': 0.050965882234656514, 'L1_out_dim': 80, 'L2_hidden_dim': 240, 'L2_layers_atom': 4, 'L2_layers_mol': 1, 'L2_out_dim': 80, 'L2_dropout': 0.12487165916209474, 'L3_hidden_dim': 112, 'L3_layers_atom': 4, 'L3_layers_mol': 1, 'L3_out_dim': 96, 'L3_dropout': 0.21054664533446826, 'n_mlp_layers': 3, 'mlp_dim_0': 432, 'mlp_dim_1': 272, 'mlp_dim_2': 448, 'num_heads': 2, 'final_dropout': 0.12417790256729713, 'train_learning_rate': 0.0033848200167309155, 'train_lr_reduce': 0.6}. Best is trial 76 with value: 0.010975202545523643.
[I 2024-12-24 14:25:54,895] Trial 79 finished with value: 0.012449387460947037 and parameters: {'L1_hidden_dim': 64, 'L1_layers_atom': 1, 'L1_layers_mol': 3, 'L1_dropout': 0.09981601440484289, 'L1_out_dim': 64, 'L2_hidden_dim': 240, 'L2_layers_atom': 2, 'L2_layers_mol': 2, 'L2_out_dim': 64, 'L2_dropout': 0.2309066638657926, 'L3_hidden_dim': 80, 'L3_layers_atom': 1, 'L3_layers_mol': 2, 'L3_out_dim': 112, 'L3_dropout': 0.18552411977559052, 'n_mlp_layers': 2, 'mlp_dim_0': 384, 'mlp_dim_1': 224, 'num_heads': 1, 'final_dropout': 0.13113656667430476, 'train_learning_rate': 0.0011780115785484221, 'train_lr_reduce': 0.6}. Best is trial 76 with value: 0.010975202545523643.
[I 2024-12-24 14:27:22,382] Trial 82 finished with value: 0.020606718957424164 and parameters: {'L1_hidden_dim': 256, 'L1_layers_atom': 1, 'L1_layers_mol': 4, 'L1_dropout': 0.16167505417920536, 'L1_out_dim': 48, 'L2_hidden_dim': 224, 'L2_layers_atom': 3, 'L2_layers_mol': 1, 'L2_out_dim': 48, 'L2_dropout': 0.1963321161633104, 'L3_hidden_dim': 112, 'L3_layers_atom': 1, 'L3_layers_mol': 4, 'L3_out_dim': 128, 'L3_dropout': 0.19041833389360857, 'n_mlp_layers': 2, 'mlp_dim_0': 464, 'mlp_dim_1': 264, 'num_heads': 1, 'final_dropout': 0.008987802781479516, 'train_learning_rate': 0.006103476569606241, 'train_lr_reduce': 0.6}. Best is trial 76 with value: 0.010975202545523643.
[I 2024-12-24 14:27:28,277] Trial 81 finished with value: 0.011139790527522564 and parameters: {'L1_hidden_dim': 96, 'L1_layers_atom': 2, 'L1_layers_mol': 3, 'L1_dropout': 0.025965492068926628, 'L1_out_dim': 96, 'L2_hidden_dim': 192, 'L2_layers_atom': 3, 'L2_layers_mol': 1, 'L2_out_dim': 48, 'L2_dropout': 0.14775311572493857, 'L3_hidden_dim': 64, 'L3_layers_atom': 3, 'L3_layers_mol': 2, 'L3_out_dim': 112, 'L3_dropout': 0.25204534815021973, 'n_mlp_layers': 2, 'mlp_dim_0': 352, 'mlp_dim_1': 200, 'num_heads': 2, 'final_dropout': 0.11809690364817782, 'train_learning_rate': 0.0013876135656930046, 'train_lr_reduce': 0.6}. Best is trial 76 with value: 0.010975202545523643.
[I 2024-12-24 14:27:31,491] Trial 80 finished with value: 0.014561914838850498 and parameters: {'L1_hidden_dim': 160, 'L1_layers_atom': 2, 'L1_layers_mol': 3, 'L1_dropout': 0.03977129911681096, 'L1_out_dim': 80, 'L2_hidden_dim': 144, 'L2_layers_atom': 2, 'L2_layers_mol': 1, 'L2_out_dim': 32, 'L2_dropout': 0.27565543810227905, 'L3_hidden_dim': 96, 'L3_layers_atom': 3, 'L3_layers_mol': 3, 'L3_out_dim': 128, 'L3_dropout': 0.19546735380180083, 'n_mlp_layers': 2, 'mlp_dim_0': 376, 'mlp_dim_1': 240, 'num_heads': 1, 'final_dropout': 0.009960651329516755, 'train_learning_rate': 0.003749604108395, 'train_lr_reduce': 0.6}. Best is trial 76 with value: 0.010975202545523643.
[I 2024-12-24 14:28:38,229] Trial 85 finished with value: 0.010820839554071426 and parameters: {'L1_hidden_dim': 256, 'L1_layers_atom': 2, 'L1_layers_mol': 4, 'L1_dropout': 0.010507630429585219, 'L1_out_dim': 64, 'L2_hidden_dim': 192, 'L2_layers_atom': 3, 'L2_layers_mol': 1, 'L2_out_dim': 32, 'L2_dropout': 0.12980550104187588, 'L3_hidden_dim': 112, 'L3_layers_atom': 1, 'L3_layers_mol': 4, 'L3_out_dim': 96, 'L3_dropout': 0.2806915872807892, 'n_mlp_layers': 3, 'mlp_dim_0': 456, 'mlp_dim_1': 184, 'mlp_dim_2': 416, 'num_heads': 1, 'final_dropout': 0.1323619797966179, 'train_learning_rate': 0.0016095069001864546, 'train_lr_reduce': 0.6}. Best is trial 85 with value: 0.010820839554071426.
[I 2024-12-24 14:28:55,406] Trial 83 finished with value: 0.012448945082724094 and parameters: {'L1_hidden_dim': 80, 'L1_layers_atom': 1, 'L1_layers_mol': 2, 'L1_dropout': 0.0517715250190149, 'L1_out_dim': 80, 'L2_hidden_dim': 208, 'L2_layers_atom': 3, 'L2_layers_mol': 1, 'L2_out_dim': 32, 'L2_dropout': 0.19456494790008932, 'L3_hidden_dim': 80, 'L3_layers_atom': 2, 'L3_layers_mol': 1, 'L3_out_dim': 64, 'L3_dropout': 0.2929970398945603, 'n_mlp_layers': 2, 'mlp_dim_0': 448, 'mlp_dim_1': 344, 'num_heads': 1, 'final_dropout': 0.06411230069961549, 'train_learning_rate': 0.0005536016579173864, 'train_lr_reduce': 0.6}. Best is trial 85 with value: 0.010820839554071426.
[I 2024-12-24 14:29:29,262] Trial 84 finished with value: 0.024413954466581345 and parameters: {'L1_hidden_dim': 64, 'L1_layers_atom': 2, 'L1_layers_mol': 3, 'L1_dropout': 0.01628398137367034, 'L1_out_dim': 48, 'L2_hidden_dim': 208, 'L2_layers_atom': 1, 'L2_layers_mol': 2, 'L2_out_dim': 64, 'L2_dropout': 0.27860091772786094, 'L3_hidden_dim': 80, 'L3_layers_atom': 3, 'L3_layers_mol': 3, 'L3_out_dim': 96, 'L3_dropout': 0.26366363587603125, 'n_mlp_layers': 2, 'mlp_dim_0': 424, 'mlp_dim_1': 176, 'num_heads': 1, 'final_dropout': 0.09928406856249077, 'train_learning_rate': 0.0005922303532289906, 'train_lr_reduce': 0.6}. Best is trial 85 with value: 0.010820839554071426.
[I 2024-12-24 14:30:09,645] Trial 86 finished with value: 0.0116331921890378 and parameters: {'L1_hidden_dim': 240, 'L1_layers_atom': 2, 'L1_layers_mol': 3, 'L1_dropout': 0.03262443720405536, 'L1_out_dim': 64, 'L2_hidden_dim': 176, 'L2_layers_atom': 3, 'L2_layers_mol': 1, 'L2_out_dim': 32, 'L2_dropout': 0.14218726712790106, 'L3_hidden_dim': 128, 'L3_layers_atom': 1, 'L3_layers_mol': 4, 'L3_out_dim': 64, 'L3_dropout': 0.2986428855179012, 'n_mlp_layers': 3, 'mlp_dim_0': 416, 'mlp_dim_1': 88, 'mlp_dim_2': 376, 'num_heads': 1, 'final_dropout': 0.22937023161320408, 'train_learning_rate': 0.004720933050289136, 'train_lr_reduce': 0.6}. Best is trial 85 with value: 0.010820839554071426.
[I 2024-12-24 14:31:06,247] Trial 87 finished with value: 0.012053952552378178 and parameters: {'L1_hidden_dim': 256, 'L1_layers_atom': 3, 'L1_layers_mol': 4, 'L1_dropout': 0.017428234055972845, 'L1_out_dim': 80, 'L2_hidden_dim': 224, 'L2_layers_atom': 2, 'L2_layers_mol': 1, 'L2_out_dim': 32, 'L2_dropout': 0.15824549345845842, 'L3_hidden_dim': 112, 'L3_layers_atom': 1, 'L3_layers_mol': 4, 'L3_out_dim': 64, 'L3_dropout': 0.2918495683365871, 'n_mlp_layers': 3, 'mlp_dim_0': 488, 'mlp_dim_1': 160, 'mlp_dim_2': 400, 'num_heads': 1, 'final_dropout': 0.06358122810449839, 'train_learning_rate': 0.0002683510857570882, 'train_lr_reduce': 0.6}. Best is trial 85 with value: 0.010820839554071426.
[I 2024-12-24 14:31:19,167] Trial 88 finished with value: 0.013603671453893185 and parameters: {'L1_hidden_dim': 208, 'L1_layers_atom': 3, 'L1_layers_mol': 4, 'L1_dropout': 0.036042643931576086, 'L1_out_dim': 80, 'L2_hidden_dim': 144, 'L2_layers_atom': 3, 'L2_layers_mol': 1, 'L2_out_dim': 48, 'L2_dropout': 0.03707260869828892, 'L3_hidden_dim': 96, 'L3_layers_atom': 1, 'L3_layers_mol': 3, 'L3_out_dim': 112, 'L3_dropout': 0.209112218425202, 'n_mlp_layers': 3, 'mlp_dim_0': 432, 'mlp_dim_1': 168, 'mlp_dim_2': 440, 'num_heads': 1, 'final_dropout': 0.1269410305771616, 'train_learning_rate': 0.0034178409993308404, 'train_lr_reduce': 0.6}. Best is trial 85 with value: 0.010820839554071426.
[I 2024-12-24 14:32:58,664] Trial 89 finished with value: 0.018584871664643288 and parameters: {'L1_hidden_dim': 240, 'L1_layers_atom': 2, 'L1_layers_mol': 4, 'L1_dropout': 0.060229009032866876, 'L1_out_dim': 64, 'L2_hidden_dim': 240, 'L2_layers_atom': 4, 'L2_layers_mol': 1, 'L2_out_dim': 48, 'L2_dropout': 0.1126958058351932, 'L3_hidden_dim': 112, 'L3_layers_atom': 1, 'L3_layers_mol': 4, 'L3_out_dim': 80, 'L3_dropout': 0.26530307331244934, 'n_mlp_layers': 2, 'mlp_dim_0': 320, 'mlp_dim_1': 40, 'num_heads': 1, 'final_dropout': 0.2655878857533417, 'train_learning_rate': 0.0050986168650877985, 'train_lr_reduce': 0.6}. Best is trial 85 with value: 0.010820839554071426.
[I 2024-12-24 14:33:02,606] Trial 91 finished with value: 0.013852975331246853 and parameters: {'L1_hidden_dim': 176, 'L1_layers_atom': 3, 'L1_layers_mol': 3, 'L1_dropout': 0.09646160492458282, 'L1_out_dim': 64, 'L2_hidden_dim': 208, 'L2_layers_atom': 2, 'L2_layers_mol': 1, 'L2_out_dim': 32, 'L2_dropout': 0.20071587758661788, 'L3_hidden_dim': 112, 'L3_layers_atom': 1, 'L3_layers_mol': 3, 'L3_out_dim': 48, 'L3_dropout': 0.29576020933246505, 'n_mlp_layers': 3, 'mlp_dim_0': 336, 'mlp_dim_1': 104, 'mlp_dim_2': 304, 'num_heads': 1, 'final_dropout': 0.19570975501499133, 'train_learning_rate': 0.0020618928922023984, 'train_lr_reduce': 0.6}. Best is trial 85 with value: 0.010820839554071426.
[I 2024-12-24 14:34:00,528] Trial 90 finished with value: 0.011671213433146477 and parameters: {'L1_hidden_dim': 96, 'L1_layers_atom': 2, 'L1_layers_mol': 3, 'L1_dropout': 0.059307704682217986, 'L1_out_dim': 96, 'L2_hidden_dim': 192, 'L2_layers_atom': 2, 'L2_layers_mol': 1, 'L2_out_dim': 48, 'L2_dropout': 0.1071643692288364, 'L3_hidden_dim': 64, 'L3_layers_atom': 3, 'L3_layers_mol': 2, 'L3_out_dim': 112, 'L3_dropout': 0.23856324039593943, 'n_mlp_layers': 1, 'mlp_dim_0': 368, 'num_heads': 2, 'final_dropout': 0.18341082391820066, 'train_learning_rate': 0.0012339920343455524, 'train_lr_reduce': 0.6}. Best is trial 85 with value: 0.010820839554071426.
[I 2024-12-24 14:34:08,059] Trial 92 finished with value: 0.014381310902535915 and parameters: {'L1_hidden_dim': 240, 'L1_layers_atom': 2, 'L1_layers_mol': 2, 'L1_dropout': 0.06743354401036972, 'L1_out_dim': 80, 'L2_hidden_dim': 160, 'L2_layers_atom': 4, 'L2_layers_mol': 1, 'L2_out_dim': 48, 'L2_dropout': 0.16996001625220264, 'L3_hidden_dim': 128, 'L3_layers_atom': 2, 'L3_layers_mol': 3, 'L3_out_dim': 48, 'L3_dropout': 0.2238968657424698, 'n_mlp_layers': 3, 'mlp_dim_0': 464, 'mlp_dim_1': 56, 'mlp_dim_2': 336, 'num_heads': 1, 'final_dropout': 0.17458765848138696, 'train_learning_rate': 0.003032704356822633, 'train_lr_reduce': 0.6}. Best is trial 85 with value: 0.010820839554071426.
[I 2024-12-24 14:34:34,846] Trial 93 finished with value: 0.011526492424309254 and parameters: {'L1_hidden_dim': 224, 'L1_layers_atom': 1, 'L1_layers_mol': 3, 'L1_dropout': 0.0027450363568618406, 'L1_out_dim': 64, 'L2_hidden_dim': 192, 'L2_layers_atom': 3, 'L2_layers_mol': 2, 'L2_out_dim': 48, 'L2_dropout': 0.11667028688852094, 'L3_hidden_dim': 128, 'L3_layers_atom': 1, 'L3_layers_mol': 4, 'L3_out_dim': 112, 'L3_dropout': 0.23265485488701662, 'n_mlp_layers': 2, 'mlp_dim_0': 440, 'mlp_dim_1': 112, 'num_heads': 1, 'final_dropout': 0.1561641433427557, 'train_learning_rate': 0.0015827195830079965, 'train_lr_reduce': 0.6}. Best is trial 85 with value: 0.010820839554071426.
[I 2024-12-24 14:35:55,240] Trial 95 finished with value: 0.011516131460666656 and parameters: {'L1_hidden_dim': 128, 'L1_layers_atom': 2, 'L1_layers_mol': 4, 'L1_dropout': 0.09311695413171728, 'L1_out_dim': 112, 'L2_hidden_dim': 128, 'L2_layers_atom': 2, 'L2_layers_mol': 1, 'L2_out_dim': 48, 'L2_dropout': 0.16275733333951853, 'L3_hidden_dim': 80, 'L3_layers_atom': 3, 'L3_layers_mol': 2, 'L3_out_dim': 128, 'L3_dropout': 0.22426053785170855, 'n_mlp_layers': 2, 'mlp_dim_0': 296, 'mlp_dim_1': 168, 'num_heads': 2, 'final_dropout': 0.15339501319596033, 'train_learning_rate': 0.0005255863867650672, 'train_lr_reduce': 0.6}. Best is trial 85 with value: 0.010820839554071426.
[I 2024-12-24 14:36:22,794] Trial 94 finished with value: 0.012251697480678558 and parameters: {'L1_hidden_dim': 80, 'L1_layers_atom': 3, 'L1_layers_mol': 2, 'L1_dropout': 0.0717984982912935, 'L1_out_dim': 96, 'L2_hidden_dim': 240, 'L2_layers_atom': 3, 'L2_layers_mol': 1, 'L2_out_dim': 48, 'L2_dropout': 0.11926961401149876, 'L3_hidden_dim': 64, 'L3_layers_atom': 4, 'L3_layers_mol': 2, 'L3_out_dim': 128, 'L3_dropout': 0.22703056894735435, 'n_mlp_layers': 2, 'mlp_dim_0': 352, 'mlp_dim_1': 112, 'num_heads': 2, 'final_dropout': 0.13437072962518945, 'train_learning_rate': 0.0030994423174951213, 'train_lr_reduce': 0.6}. Best is trial 85 with value: 0.010820839554071426.
