[I 2024-12-26 09:43:13,939] Trial 1544 finished with value: 0.011473650112748146 and parameters: {'L1_hidden_dim': 80, 'L1_layers_atom': 2, 'L1_layers_mol': 3, 'L1_dropout': 0.1658458726078872, 'L1_out_dim': 80, 'L2_hidden_dim': 240, 'L2_layers_atom': 1, 'L2_layers_mol': 2, 'L2_out_dim': 128, 'L2_dropout': 0.06556164352571724, 'L3_hidden_dim': 96, 'L3_layers_atom': 4, 'L3_layers_mol': 1, 'L3_out_dim': 96, 'L3_dropout': 0.09169050993971581, 'n_mlp_layers': 3, 'mlp_dim_0': 400, 'mlp_dim_1': 424, 'mlp_dim_2': 448, 'num_heads': 2, 'final_dropout': 0.09646918720151369, 'train_learning_rate': 0.0003356476248038187, 'train_lr_reduce': 0.6}. Best is trial 1073 with value: 0.009419886395335197.
[I 2024-12-26 09:44:02,853] Trial 1546 finished with value: 0.011663629673421383 and parameters: {'L1_hidden_dim': 144, 'L1_layers_atom': 2, 'L1_layers_mol': 2, 'L1_dropout': 0.013154837083227466, 'L1_out_dim': 128, 'L2_hidden_dim': 208, 'L2_layers_atom': 1, 'L2_layers_mol': 4, 'L2_out_dim': 80, 'L2_dropout': 0.028623279208657017, 'L3_hidden_dim': 64, 'L3_layers_atom': 4, 'L3_layers_mol': 1, 'L3_out_dim': 112, 'L3_dropout': 0.06979385543762778, 'n_mlp_layers': 3, 'mlp_dim_0': 416, 'mlp_dim_1': 240, 'mlp_dim_2': 504, 'num_heads': 2, 'final_dropout': 0.009415125947933325, 'train_learning_rate': 0.0013872130473430533, 'train_lr_reduce': 0.6}. Best is trial 1073 with value: 0.009419886395335197.
[I 2024-12-26 09:44:30,420] Trial 1545 finished with value: 0.014038877561688423 and parameters: {'L1_hidden_dim': 80, 'L1_layers_atom': 2, 'L1_layers_mol': 2, 'L1_dropout': 0.0017365953932647598, 'L1_out_dim': 80, 'L2_hidden_dim': 256, 'L2_layers_atom': 1, 'L2_layers_mol': 4, 'L2_out_dim': 128, 'L2_dropout': 0.05560383730291755, 'L3_hidden_dim': 96, 'L3_layers_atom': 3, 'L3_layers_mol': 2, 'L3_out_dim': 112, 'L3_dropout': 0.1582599572774781, 'n_mlp_layers': 3, 'mlp_dim_0': 472, 'mlp_dim_1': 224, 'mlp_dim_2': 488, 'num_heads': 2, 'final_dropout': 0.169469312614464, 'train_learning_rate': 0.00013819148906051856, 'train_lr_reduce': 0.6}. Best is trial 1073 with value: 0.009419886395335197.
[I 2024-12-26 09:46:23,689] Trial 1547 finished with value: 0.010664940811693668 and parameters: {'L1_hidden_dim': 160, 'L1_layers_atom': 2, 'L1_layers_mol': 2, 'L1_dropout': 0.015806617180636806, 'L1_out_dim': 64, 'L2_hidden_dim': 224, 'L2_layers_atom': 2, 'L2_layers_mol': 3, 'L2_out_dim': 96, 'L2_dropout': 0.029870923903358472, 'L3_hidden_dim': 112, 'L3_layers_atom': 4, 'L3_layers_mol': 1, 'L3_out_dim': 112, 'L3_dropout': 0.11557434485736541, 'n_mlp_layers': 3, 'mlp_dim_0': 432, 'mlp_dim_1': 256, 'mlp_dim_2': 512, 'num_heads': 2, 'final_dropout': 0.18941030204970857, 'train_learning_rate': 0.0003482542838789565, 'train_lr_reduce': 0.6}. Best is trial 1073 with value: 0.009419886395335197.
[I 2024-12-26 09:46:38,014] Trial 1549 finished with value: 0.010047158226370811 and parameters: {'L1_hidden_dim': 112, 'L1_layers_atom': 3, 'L1_layers_mol': 2, 'L1_dropout': 0.017679910712054582, 'L1_out_dim': 64, 'L2_hidden_dim': 224, 'L2_layers_atom': 1, 'L2_layers_mol': 3, 'L2_out_dim': 112, 'L2_dropout': 0.028773848436827995, 'L3_hidden_dim': 80, 'L3_layers_atom': 3, 'L3_layers_mol': 1, 'L3_out_dim': 128, 'L3_dropout': 0.017561499081883994, 'n_mlp_layers': 3, 'mlp_dim_0': 456, 'mlp_dim_1': 248, 'mlp_dim_2': 504, 'num_heads': 2, 'final_dropout': 0.08424624813060065, 'train_learning_rate': 0.0007945875231799675, 'train_lr_reduce': 0.6}. Best is trial 1073 with value: 0.009419886395335197.
[I 2024-12-26 09:47:09,728] Trial 1548 finished with value: 0.010088222101330757 and parameters: {'L1_hidden_dim': 144, 'L1_layers_atom': 4, 'L1_layers_mol': 2, 'L1_dropout': 0.02207172790140595, 'L1_out_dim': 48, 'L2_hidden_dim': 224, 'L2_layers_atom': 1, 'L2_layers_mol': 3, 'L2_out_dim': 112, 'L2_dropout': 0.029857512657677374, 'L3_hidden_dim': 96, 'L3_layers_atom': 3, 'L3_layers_mol': 1, 'L3_out_dim': 112, 'L3_dropout': 0.13244413060564586, 'n_mlp_layers': 2, 'mlp_dim_0': 248, 'mlp_dim_1': 232, 'num_heads': 1, 'final_dropout': 0.06225855660639865, 'train_learning_rate': 0.0005107601174636367, 'train_lr_reduce': 0.6}. Best is trial 1073 with value: 0.009419886395335197.
[I 2024-12-26 09:48:28,632] Trial 1550 finished with value: 0.012449217960238457 and parameters: {'L1_hidden_dim': 96, 'L1_layers_atom': 4, 'L1_layers_mol': 4, 'L1_dropout': 0.006518138921116627, 'L1_out_dim': 128, 'L2_hidden_dim': 240, 'L2_layers_atom': 1, 'L2_layers_mol': 4, 'L2_out_dim': 128, 'L2_dropout': 0.10364017428773578, 'L3_hidden_dim': 64, 'L3_layers_atom': 3, 'L3_layers_mol': 1, 'L3_out_dim': 112, 'L3_dropout': 0.09503177452560779, 'n_mlp_layers': 3, 'mlp_dim_0': 256, 'mlp_dim_1': 264, 'mlp_dim_2': 464, 'num_heads': 1, 'final_dropout': 0.017367702819519503, 'train_learning_rate': 0.001022276948664567, 'train_lr_reduce': 0.6}. Best is trial 1073 with value: 0.009419886395335197.
[I 2024-12-26 09:48:56,026] Trial 1551 finished with value: 0.014611207880079746 and parameters: {'L1_hidden_dim': 80, 'L1_layers_atom': 3, 'L1_layers_mol': 2, 'L1_dropout': 0.04608050419806594, 'L1_out_dim': 48, 'L2_hidden_dim': 192, 'L2_layers_atom': 2, 'L2_layers_mol': 2, 'L2_out_dim': 128, 'L2_dropout': 0.05600307534978226, 'L3_hidden_dim': 96, 'L3_layers_atom': 3, 'L3_layers_mol': 1, 'L3_out_dim': 128, 'L3_dropout': 0.011639409880479602, 'n_mlp_layers': 3, 'mlp_dim_0': 512, 'mlp_dim_1': 256, 'mlp_dim_2': 504, 'num_heads': 2, 'final_dropout': 0.039266343850179006, 'train_learning_rate': 0.0013001328252776174, 'train_lr_reduce': 0.6}. Best is trial 1073 with value: 0.009419886395335197.
[I 2024-12-26 09:49:09,038] Trial 1552 finished with value: 0.016104238107800484 and parameters: {'L1_hidden_dim': 128, 'L1_layers_atom': 4, 'L1_layers_mol': 2, 'L1_dropout': 0.008770891195373918, 'L1_out_dim': 48, 'L2_hidden_dim': 192, 'L2_layers_atom': 1, 'L2_layers_mol': 3, 'L2_out_dim': 80, 'L2_dropout': 0.05856344915982602, 'L3_hidden_dim': 96, 'L3_layers_atom': 3, 'L3_layers_mol': 1, 'L3_out_dim': 112, 'L3_dropout': 0.13023348581472635, 'n_mlp_layers': 1, 'mlp_dim_0': 224, 'num_heads': 1, 'final_dropout': 0.03547040847469772, 'train_learning_rate': 0.00023512478025107186, 'train_lr_reduce': 0.6}. Best is trial 1073 with value: 0.009419886395335197.
[I 2024-12-26 09:51:09,260] Trial 1553 finished with value: 0.013179664500057697 and parameters: {'L1_hidden_dim': 96, 'L1_layers_atom': 3, 'L1_layers_mol': 2, 'L1_dropout': 0.03840838790900882, 'L1_out_dim': 96, 'L2_hidden_dim': 208, 'L2_layers_atom': 1, 'L2_layers_mol': 3, 'L2_out_dim': 112, 'L2_dropout': 0.10186095151401375, 'L3_hidden_dim': 48, 'L3_layers_atom': 4, 'L3_layers_mol': 2, 'L3_out_dim': 128, 'L3_dropout': 0.10461017979689849, 'n_mlp_layers': 3, 'mlp_dim_0': 456, 'mlp_dim_1': 192, 'mlp_dim_2': 512, 'num_heads': 2, 'final_dropout': 0.011869624219923141, 'train_learning_rate': 0.0004705298930172314, 'train_lr_reduce': 0.6}. Best is trial 1073 with value: 0.009419886395335197.
[I 2024-12-26 09:51:38,612] Trial 1554 finished with value: 0.010445183143019676 and parameters: {'L1_hidden_dim': 128, 'L1_layers_atom': 3, 'L1_layers_mol': 1, 'L1_dropout': 0.034416308238133145, 'L1_out_dim': 32, 'L2_hidden_dim': 224, 'L2_layers_atom': 1, 'L2_layers_mol': 3, 'L2_out_dim': 96, 'L2_dropout': 0.022397122042816603, 'L3_hidden_dim': 96, 'L3_layers_atom': 4, 'L3_layers_mol': 1, 'L3_out_dim': 96, 'L3_dropout': 0.14513865586840308, 'n_mlp_layers': 3, 'mlp_dim_0': 344, 'mlp_dim_1': 224, 'mlp_dim_2': 496, 'num_heads': 2, 'final_dropout': 0.0269415892466007, 'train_learning_rate': 0.0005331936191027679, 'train_lr_reduce': 0.6}. Best is trial 1073 with value: 0.009419886395335197.
[I 2024-12-26 09:51:53,057] Trial 1555 finished with value: 0.011815636418759823 and parameters: {'L1_hidden_dim': 64, 'L1_layers_atom': 4, 'L1_layers_mol': 2, 'L1_dropout': 0.05734605297618144, 'L1_out_dim': 48, 'L2_hidden_dim': 240, 'L2_layers_atom': 1, 'L2_layers_mol': 3, 'L2_out_dim': 96, 'L2_dropout': 0.0003034457320968409, 'L3_hidden_dim': 80, 'L3_layers_atom': 3, 'L3_layers_mol': 1, 'L3_out_dim': 112, 'L3_dropout': 0.17415561576787797, 'n_mlp_layers': 3, 'mlp_dim_0': 264, 'mlp_dim_1': 224, 'mlp_dim_2': 488, 'num_heads': 1, 'final_dropout': 0.07248260770962897, 'train_learning_rate': 0.00034793273357408517, 'train_lr_reduce': 0.6}. Best is trial 1073 with value: 0.009419886395335197.
[I 2024-12-26 09:53:53,913] Trial 1556 finished with value: 0.023217426612973213 and parameters: {'L1_hidden_dim': 160, 'L1_layers_atom': 4, 'L1_layers_mol': 2, 'L1_dropout': 0.0642980062907848, 'L1_out_dim': 32, 'L2_hidden_dim': 240, 'L2_layers_atom': 1, 'L2_layers_mol': 3, 'L2_out_dim': 112, 'L2_dropout': 0.05844061908402014, 'L3_hidden_dim': 80, 'L3_layers_atom': 3, 'L3_layers_mol': 2, 'L3_out_dim': 64, 'L3_dropout': 0.18428518359881668, 'n_mlp_layers': 2, 'mlp_dim_0': 320, 'mlp_dim_1': 264, 'num_heads': 1, 'final_dropout': 0.09764404750098907, 'train_learning_rate': 0.0001569387449545769, 'train_lr_reduce': 0.6}. Best is trial 1073 with value: 0.009419886395335197.
[I 2024-12-26 09:54:01,010] Trial 1558 finished with value: 0.011484350077807903 and parameters: {'L1_hidden_dim': 96, 'L1_layers_atom': 3, 'L1_layers_mol': 2, 'L1_dropout': 0.06036568606592764, 'L1_out_dim': 64, 'L2_hidden_dim': 240, 'L2_layers_atom': 2, 'L2_layers_mol': 4, 'L2_out_dim': 96, 'L2_dropout': 0.04744880556894737, 'L3_hidden_dim': 48, 'L3_layers_atom': 3, 'L3_layers_mol': 1, 'L3_out_dim': 128, 'L3_dropout': 0.17111736536767228, 'n_mlp_layers': 3, 'mlp_dim_0': 488, 'mlp_dim_1': 264, 'mlp_dim_2': 512, 'num_heads': 2, 'final_dropout': 0.13132842503435113, 'train_learning_rate': 0.0006489952003631755, 'train_lr_reduce': 0.6}. Best is trial 1073 with value: 0.009419886395335197.
[I 2024-12-26 09:55:26,024] Trial 1557 finished with value: 0.027294326573610306 and parameters: {'L1_hidden_dim': 176, 'L1_layers_atom': 3, 'L1_layers_mol': 1, 'L1_dropout': 0.08124477113491449, 'L1_out_dim': 32, 'L2_hidden_dim': 224, 'L2_layers_atom': 2, 'L2_layers_mol': 3, 'L2_out_dim': 112, 'L2_dropout': 0.17997746719931917, 'L3_hidden_dim': 96, 'L3_layers_atom': 4, 'L3_layers_mol': 2, 'L3_out_dim': 80, 'L3_dropout': 0.09975446599422026, 'n_mlp_layers': 1, 'mlp_dim_0': 256, 'num_heads': 1, 'final_dropout': 0.06593459697053723, 'train_learning_rate': 0.0017921894159560576, 'train_lr_reduce': 0.6}. Best is trial 1073 with value: 0.009419886395335197.
[I 2024-12-26 09:56:13,208] Trial 1559 finished with value: 0.014101210981607437 and parameters: {'L1_hidden_dim': 112, 'L1_layers_atom': 4, 'L1_layers_mol': 2, 'L1_dropout': 0.037516802054667474, 'L1_out_dim': 64, 'L2_hidden_dim': 256, 'L2_layers_atom': 1, 'L2_layers_mol': 1, 'L2_out_dim': 64, 'L2_dropout': 0.10470677630378784, 'L3_hidden_dim': 48, 'L3_layers_atom': 1, 'L3_layers_mol': 1, 'L3_out_dim': 48, 'L3_dropout': 0.2501770202966763, 'n_mlp_layers': 3, 'mlp_dim_0': 384, 'mlp_dim_1': 240, 'mlp_dim_2': 496, 'num_heads': 2, 'final_dropout': 0.27262653829733474, 'train_learning_rate': 0.00108902809806882, 'train_lr_reduce': 0.6}. Best is trial 1073 with value: 0.009419886395335197.
[I 2024-12-26 09:56:31,111] Trial 1560 finished with value: 0.010932156816124916 and parameters: {'L1_hidden_dim': 128, 'L1_layers_atom': 3, 'L1_layers_mol': 2, 'L1_dropout': 0.05110105211215751, 'L1_out_dim': 32, 'L2_hidden_dim': 224, 'L2_layers_atom': 1, 'L2_layers_mol': 3, 'L2_out_dim': 112, 'L2_dropout': 0.04745594692550394, 'L3_hidden_dim': 96, 'L3_layers_atom': 3, 'L3_layers_mol': 1, 'L3_out_dim': 112, 'L3_dropout': 0.07787644308310158, 'n_mlp_layers': 3, 'mlp_dim_0': 296, 'mlp_dim_1': 216, 'mlp_dim_2': 512, 'num_heads': 2, 'final_dropout': 0.05552004117878445, 'train_learning_rate': 0.00032787281519046276, 'train_lr_reduce': 0.6}. Best is trial 1073 with value: 0.009419886395335197.
[I 2024-12-26 09:58:34,345] Trial 1561 finished with value: 0.011704096570611 and parameters: {'L1_hidden_dim': 128, 'L1_layers_atom': 3, 'L1_layers_mol': 2, 'L1_dropout': 0.0075141815585992675, 'L1_out_dim': 32, 'L2_hidden_dim': 208, 'L2_layers_atom': 2, 'L2_layers_mol': 4, 'L2_out_dim': 96, 'L2_dropout': 0.02408210275454275, 'L3_hidden_dim': 96, 'L3_layers_atom': 4, 'L3_layers_mol': 1, 'L3_out_dim': 112, 'L3_dropout': 0.2006008831204114, 'n_mlp_layers': 3, 'mlp_dim_0': 400, 'mlp_dim_1': 232, 'mlp_dim_2': 488, 'num_heads': 2, 'final_dropout': 0.23283301366100065, 'train_learning_rate': 0.000199375951229028, 'train_lr_reduce': 0.6}. Best is trial 1073 with value: 0.009419886395335197.
[I 2024-12-26 09:59:12,414] Trial 1562 finished with value: 0.015722645446658134 and parameters: {'L1_hidden_dim': 64, 'L1_layers_atom': 4, 'L1_layers_mol': 2, 'L1_dropout': 0.19556278763828006, 'L1_out_dim': 112, 'L2_hidden_dim': 160, 'L2_layers_atom': 4, 'L2_layers_mol': 1, 'L2_out_dim': 64, 'L2_dropout': 0.04991981991192275, 'L3_hidden_dim': 80, 'L3_layers_atom': 4, 'L3_layers_mol': 3, 'L3_out_dim': 96, 'L3_dropout': 0.1356236614931434, 'n_mlp_layers': 3, 'mlp_dim_0': 256, 'mlp_dim_1': 216, 'mlp_dim_2': 512, 'num_heads': 2, 'final_dropout': 0.2812140568940628, 'train_learning_rate': 0.0006427261849273624, 'train_lr_reduce': 0.6}. Best is trial 1073 with value: 0.009419886395335197.
[I 2024-12-26 09:59:17,558] Trial 1563 finished with value: 0.017682364210486412 and parameters: {'L1_hidden_dim': 144, 'L1_layers_atom': 3, 'L1_layers_mol': 1, 'L1_dropout': 0.04168052240521999, 'L1_out_dim': 32, 'L2_hidden_dim': 192, 'L2_layers_atom': 1, 'L2_layers_mol': 4, 'L2_out_dim': 128, 'L2_dropout': 0.04132455850671553, 'L3_hidden_dim': 112, 'L3_layers_atom': 4, 'L3_layers_mol': 1, 'L3_out_dim': 112, 'L3_dropout': 0.23446078596940137, 'n_mlp_layers': 2, 'mlp_dim_0': 240, 'mlp_dim_1': 240, 'num_heads': 1, 'final_dropout': 0.09742127000228615, 'train_learning_rate': 0.00028062733224489683, 'train_lr_reduce': 0.6}. Best is trial 1073 with value: 0.009419886395335197.
[I 2024-12-26 10:01:10,701] Trial 1564 finished with value: 0.013956345617771149 and parameters: {'L1_hidden_dim': 208, 'L1_layers_atom': 3, 'L1_layers_mol': 3, 'L1_dropout': 0.026244953369982796, 'L1_out_dim': 32, 'L2_hidden_dim': 224, 'L2_layers_atom': 1, 'L2_layers_mol': 4, 'L2_out_dim': 112, 'L2_dropout': 0.06192948696244581, 'L3_hidden_dim': 96, 'L3_layers_atom': 4, 'L3_layers_mol': 1, 'L3_out_dim': 96, 'L3_dropout': 0.15021171803659158, 'n_mlp_layers': 2, 'mlp_dim_0': 272, 'mlp_dim_1': 304, 'num_heads': 2, 'final_dropout': 0.21552588370209547, 'train_learning_rate': 0.0001654662735866682, 'train_lr_reduce': 0.6}. Best is trial 1073 with value: 0.009419886395335197.
[I 2024-12-26 10:01:31,595] Trial 1565 finished with value: 0.01153838075697422 and parameters: {'L1_hidden_dim': 144, 'L1_layers_atom': 2, 'L1_layers_mol': 2, 'L1_dropout': 0.044680174980645804, 'L1_out_dim': 48, 'L2_hidden_dim': 208, 'L2_layers_atom': 1, 'L2_layers_mol': 2, 'L2_out_dim': 64, 'L2_dropout': 0.0985565639582906, 'L3_hidden_dim': 48, 'L3_layers_atom': 4, 'L3_layers_mol': 1, 'L3_out_dim': 48, 'L3_dropout': 0.07781393172738549, 'n_mlp_layers': 3, 'mlp_dim_0': 440, 'mlp_dim_1': 192, 'mlp_dim_2': 504, 'num_heads': 2, 'final_dropout': 0.1997783490120189, 'train_learning_rate': 0.00043143093848646775, 'train_lr_reduce': 0.6}. Best is trial 1073 with value: 0.009419886395335197.
[I 2024-12-26 10:01:47,442] Trial 1566 finished with value: 0.01117570698261261 and parameters: {'L1_hidden_dim': 128, 'L1_layers_atom': 4, 'L1_layers_mol': 1, 'L1_dropout': 0.004653614957333619, 'L1_out_dim': 32, 'L2_hidden_dim': 240, 'L2_layers_atom': 1, 'L2_layers_mol': 1, 'L2_out_dim': 128, 'L2_dropout': 0.017398149402296562, 'L3_hidden_dim': 48, 'L3_layers_atom': 3, 'L3_layers_mol': 1, 'L3_out_dim': 112, 'L3_dropout': 0.03222424657903386, 'n_mlp_layers': 3, 'mlp_dim_0': 424, 'mlp_dim_1': 216, 'mlp_dim_2': 472, 'num_heads': 2, 'final_dropout': 0.19727101663644783, 'train_learning_rate': 0.0013413053816112254, 'train_lr_reduce': 0.6}. Best is trial 1073 with value: 0.009419886395335197.
[I 2024-12-26 10:03:16,545] Trial 1567 finished with value: 0.011441029608249664 and parameters: {'L1_hidden_dim': 144, 'L1_layers_atom': 1, 'L1_layers_mol': 2, 'L1_dropout': 0.036201138453384275, 'L1_out_dim': 32, 'L2_hidden_dim': 176, 'L2_layers_atom': 1, 'L2_layers_mol': 4, 'L2_out_dim': 96, 'L2_dropout': 0.010854302475086161, 'L3_hidden_dim': 48, 'L3_layers_atom': 4, 'L3_layers_mol': 1, 'L3_out_dim': 80, 'L3_dropout': 0.12158033823457301, 'n_mlp_layers': 3, 'mlp_dim_0': 360, 'mlp_dim_1': 248, 'mlp_dim_2': 464, 'num_heads': 2, 'final_dropout': 0.1706085323152588, 'train_learning_rate': 0.0012442661647613382, 'train_lr_reduce': 0.6}. Best is trial 1073 with value: 0.009419886395335197.
[I 2024-12-26 10:03:56,099] Trial 1568 finished with value: 0.01097840629518032 and parameters: {'L1_hidden_dim': 112, 'L1_layers_atom': 2, 'L1_layers_mol': 1, 'L1_dropout': 0.013409591714832695, 'L1_out_dim': 128, 'L2_hidden_dim': 160, 'L2_layers_atom': 1, 'L2_layers_mol': 3, 'L2_out_dim': 80, 'L2_dropout': 0.003895061227879283, 'L3_hidden_dim': 96, 'L3_layers_atom': 3, 'L3_layers_mol': 2, 'L3_out_dim': 96, 'L3_dropout': 0.09203702192127404, 'n_mlp_layers': 3, 'mlp_dim_0': 488, 'mlp_dim_1': 240, 'mlp_dim_2': 464, 'num_heads': 2, 'final_dropout': 0.03660294476450986, 'train_learning_rate': 0.000805659353162826, 'train_lr_reduce': 0.6}. Best is trial 1073 with value: 0.009419886395335197.
[I 2024-12-26 10:04:08,835] Trial 1569 finished with value: 0.01178657915443182 and parameters: {'L1_hidden_dim': 96, 'L1_layers_atom': 2, 'L1_layers_mol': 2, 'L1_dropout': 0.006139958834315783, 'L1_out_dim': 32, 'L2_hidden_dim': 208, 'L2_layers_atom': 1, 'L2_layers_mol': 4, 'L2_out_dim': 112, 'L2_dropout': 0.027180655231729016, 'L3_hidden_dim': 80, 'L3_layers_atom': 3, 'L3_layers_mol': 1, 'L3_out_dim': 128, 'L3_dropout': 0.021933391300021518, 'n_mlp_layers': 2, 'mlp_dim_0': 264, 'mlp_dim_1': 208, 'num_heads': 2, 'final_dropout': 0.11638853763827028, 'train_learning_rate': 0.0006838966539277681, 'train_lr_reduce': 0.6}. Best is trial 1073 with value: 0.009419886395335197.
[I 2024-12-26 10:04:51,832] Trial 1570 finished with value: 0.015226603485643864 and parameters: {'L1_hidden_dim': 160, 'L1_layers_atom': 4, 'L1_layers_mol': 2, 'L1_dropout': 0.06703677411785015, 'L1_out_dim': 64, 'L2_hidden_dim': 240, 'L2_layers_atom': 1, 'L2_layers_mol': 3, 'L2_out_dim': 112, 'L2_dropout': 0.036258773192697054, 'L3_hidden_dim': 80, 'L3_layers_atom': 3, 'L3_layers_mol': 1, 'L3_out_dim': 96, 'L3_dropout': 0.12367460913452602, 'n_mlp_layers': 2, 'mlp_dim_0': 336, 'mlp_dim_1': 224, 'num_heads': 1, 'final_dropout': 0.02693052847377521, 'train_learning_rate': 0.0008508269860946265, 'train_lr_reduce': 0.6}. Best is trial 1073 with value: 0.009419886395335197.
[I 2024-12-26 10:06:39,177] Trial 1572 finished with value: 0.011407708749175072 and parameters: {'L1_hidden_dim': 144, 'L1_layers_atom': 4, 'L1_layers_mol': 1, 'L1_dropout': 0.024061877742024524, 'L1_out_dim': 64, 'L2_hidden_dim': 160, 'L2_layers_atom': 1, 'L2_layers_mol': 4, 'L2_out_dim': 112, 'L2_dropout': 0.06338752197369192, 'L3_hidden_dim': 80, 'L3_layers_atom': 2, 'L3_layers_mol': 1, 'L3_out_dim': 112, 'L3_dropout': 0.09744760646464373, 'n_mlp_layers': 3, 'mlp_dim_0': 120, 'mlp_dim_1': 248, 'mlp_dim_2': 512, 'num_heads': 1, 'final_dropout': 0.08984394240103133, 'train_learning_rate': 0.0009899531234092063, 'train_lr_reduce': 0.6}. Best is trial 1073 with value: 0.009419886395335197.
[I 2024-12-26 10:06:42,618] Trial 1571 finished with value: 0.015146462246775627 and parameters: {'L1_hidden_dim': 144, 'L1_layers_atom': 4, 'L1_layers_mol': 2, 'L1_dropout': 0.07569794625500326, 'L1_out_dim': 80, 'L2_hidden_dim': 144, 'L2_layers_atom': 1, 'L2_layers_mol': 2, 'L2_out_dim': 112, 'L2_dropout': 0.09846186584879882, 'L3_hidden_dim': 112, 'L3_layers_atom': 3, 'L3_layers_mol': 1, 'L3_out_dim': 128, 'L3_dropout': 0.14499330857903897, 'n_mlp_layers': 2, 'mlp_dim_0': 176, 'mlp_dim_1': 240, 'num_heads': 1, 'final_dropout': 0.014535107377807839, 'train_learning_rate': 0.0008731457742790956, 'train_lr_reduce': 0.6}. Best is trial 1073 with value: 0.009419886395335197.
[I 2024-12-26 10:06:51,421] Trial 1573 finished with value: 0.012147802859544754 and parameters: {'L1_hidden_dim': 96, 'L1_layers_atom': 3, 'L1_layers_mol': 2, 'L1_dropout': 0.019348178645478033, 'L1_out_dim': 48, 'L2_hidden_dim': 240, 'L2_layers_atom': 2, 'L2_layers_mol': 3, 'L2_out_dim': 96, 'L2_dropout': 0.04111382876870498, 'L3_hidden_dim': 112, 'L3_layers_atom': 3, 'L3_layers_mol': 2, 'L3_out_dim': 128, 'L3_dropout': 0.0059857395908777394, 'n_mlp_layers': 3, 'mlp_dim_0': 120, 'mlp_dim_1': 184, 'mlp_dim_2': 416, 'num_heads': 1, 'final_dropout': 0.05908618582751706, 'train_learning_rate': 0.0007053032012470208, 'train_lr_reduce': 0.6}. Best is trial 1073 with value: 0.009419886395335197.
[I 2024-12-26 10:08:32,945] Trial 1575 finished with value: 0.012483973056077957 and parameters: {'L1_hidden_dim': 128, 'L1_layers_atom': 2, 'L1_layers_mol': 2, 'L1_dropout': 0.05353573654452645, 'L1_out_dim': 48, 'L2_hidden_dim': 192, 'L2_layers_atom': 1, 'L2_layers_mol': 3, 'L2_out_dim': 128, 'L2_dropout': 0.04855096607645042, 'L3_hidden_dim': 80, 'L3_layers_atom': 4, 'L3_layers_mol': 1, 'L3_out_dim': 96, 'L3_dropout': 0.03138461244972597, 'n_mlp_layers': 3, 'mlp_dim_0': 272, 'mlp_dim_1': 256, 'mlp_dim_2': 424, 'num_heads': 2, 'final_dropout': 0.17528978582862428, 'train_learning_rate': 0.0007118674527578465, 'train_lr_reduce': 0.6}. Best is trial 1073 with value: 0.009419886395335197.
