[I 2024-12-15 16:36:15,361] Trial 1492 finished with value: 0.17639833688735962 and parameters: {'mlp_n_layers': 2, 'mlp_dim_00': 64, 'mlp_dim_01': 128, 'hidden_channels': 144, 'num_layers': 1, 'num_timesteps': 3, 'dropout': 0.056418202195372566, 'train_learning_rate': 0.004399170019669484, 'train_lr_reduce': 0.6}. Best is trial 632 with value: 0.13978464901447296.
[I 2024-12-15 16:36:22,451] Trial 1494 finished with value: 0.197495236992836 and parameters: {'mlp_n_layers': 3, 'mlp_dim_00': 64, 'mlp_dim_01': 208, 'mlp_dim_02': 192, 'hidden_channels': 208, 'num_layers': 1, 'num_timesteps': 4, 'dropout': 0.006562526264136198, 'train_learning_rate': 0.0030759119047383127, 'train_lr_reduce': 0.6}. Best is trial 632 with value: 0.13978464901447296.
[I 2024-12-15 16:36:25,360] Trial 1495 finished with value: 0.2033439725637436 and parameters: {'mlp_n_layers': 4, 'mlp_dim_00': 144, 'mlp_dim_01': 128, 'mlp_dim_02': 224, 'mlp_dim_03': 144, 'hidden_channels': 240, 'num_layers': 1, 'num_timesteps': 4, 'dropout': 0.0013098286121652238, 'train_learning_rate': 0.004279511779138242, 'train_lr_reduce': 0.6}. Best is trial 632 with value: 0.13978464901447296.
[I 2024-12-15 16:36:26,921] Trial 1493 finished with value: 0.18357881903648376 and parameters: {'mlp_n_layers': 2, 'mlp_dim_00': 32, 'mlp_dim_01': 64, 'hidden_channels': 128, 'num_layers': 1, 'num_timesteps': 3, 'dropout': 0.05092815784731268, 'train_learning_rate': 0.005579320343114405, 'train_lr_reduce': 0.6}. Best is trial 632 with value: 0.13978464901447296.
[I 2024-12-15 16:36:30,605] Trial 1498 finished with value: 0.847247302532196 and parameters: {'mlp_n_layers': 4, 'mlp_dim_00': 96, 'mlp_dim_01': 160, 'mlp_dim_02': 192, 'mlp_dim_03': 144, 'hidden_channels': 256, 'num_layers': 1, 'num_timesteps': 4, 'dropout': 0.08398623773319205, 'train_learning_rate': 0.004727375096075512, 'train_lr_reduce': 0.6}. Best is trial 632 with value: 0.13978464901447296.
[I 2024-12-15 16:36:35,299] Trial 1496 finished with value: 0.1766490936279297 and parameters: {'mlp_n_layers': 2, 'mlp_dim_00': 32, 'mlp_dim_01': 128, 'hidden_channels': 160, 'num_layers': 1, 'num_timesteps': 3, 'dropout': 0.03551132523944839, 'train_learning_rate': 0.0064351009703746635, 'train_lr_reduce': 0.6}. Best is trial 632 with value: 0.13978464901447296.
[I 2024-12-15 16:36:37,889] Trial 1497 finished with value: 0.22421397268772125 and parameters: {'mlp_n_layers': 4, 'mlp_dim_00': 224, 'mlp_dim_01': 176, 'mlp_dim_02': 208, 'mlp_dim_03': 176, 'hidden_channels': 208, 'num_layers': 2, 'num_timesteps': 3, 'dropout': 0.2616968561293662, 'train_learning_rate': 0.0029374323630062364, 'train_lr_reduce': 0.6}. Best is trial 632 with value: 0.13978464901447296.
[I 2024-12-15 16:36:38,025] Trial 1499 finished with value: 0.20083120465278625 and parameters: {'mlp_n_layers': 4, 'mlp_dim_00': 144, 'mlp_dim_01': 64, 'mlp_dim_02': 224, 'mlp_dim_03': 176, 'hidden_channels': 128, 'num_layers': 1, 'num_timesteps': 3, 'dropout': 0.0016096081693844386, 'train_learning_rate': 0.004026660533770772, 'train_lr_reduce': 0.6}. Best is trial 632 with value: 0.13978464901447296.
[I 2024-12-15 16:36:46,423] Trial 1500 finished with value: 0.22213569283485413 and parameters: {'mlp_n_layers': 4, 'mlp_dim_00': 240, 'mlp_dim_01': 208, 'mlp_dim_02': 192, 'mlp_dim_03': 160, 'hidden_channels': 64, 'num_layers': 4, 'num_timesteps': 4, 'dropout': 0.26141293945180233, 'train_learning_rate': 0.0019387859570373957, 'train_lr_reduce': 0.6}. Best is trial 632 with value: 0.13978464901447296.
[I 2024-12-15 16:36:46,903] Trial 1501 finished with value: 0.19323515892028809 and parameters: {'mlp_n_layers': 2, 'mlp_dim_00': 64, 'mlp_dim_01': 144, 'hidden_channels': 208, 'num_layers': 1, 'num_timesteps': 3, 'dropout': 0.016296634235255174, 'train_learning_rate': 0.0025584844026327234, 'train_lr_reduce': 0.6}. Best is trial 632 with value: 0.13978464901447296.
[I 2024-12-15 16:36:47,955] Trial 1502 finished with value: 0.19611820578575134 and parameters: {'mlp_n_layers': 3, 'mlp_dim_00': 64, 'mlp_dim_01': 144, 'mlp_dim_02': 224, 'hidden_channels': 128, 'num_layers': 1, 'num_timesteps': 3, 'dropout': 0.004189786150549693, 'train_learning_rate': 0.0017079507579845295, 'train_lr_reduce': 0.6}. Best is trial 632 with value: 0.13978464901447296.
[I 2024-12-15 16:36:53,751] Trial 1504 finished with value: 0.22527678310871124 and parameters: {'mlp_n_layers': 4, 'mlp_dim_00': 192, 'mlp_dim_01': 64, 'mlp_dim_02': 192, 'mlp_dim_03': 144, 'hidden_channels': 224, 'num_layers': 1, 'num_timesteps': 4, 'dropout': 0.13574513923570447, 'train_learning_rate': 0.004742765950794752, 'train_lr_reduce': 0.6}. Best is trial 632 with value: 0.13978464901447296.
[I 2024-12-15 16:36:59,082] Trial 1503 finished with value: 0.19249382615089417 and parameters: {'mlp_n_layers': 3, 'mlp_dim_00': 128, 'mlp_dim_01': 160, 'mlp_dim_02': 240, 'hidden_channels': 256, 'num_layers': 1, 'num_timesteps': 4, 'dropout': 0.02970667511515109, 'train_learning_rate': 0.0015035490998214654, 'train_lr_reduce': 0.6}. Best is trial 632 with value: 0.13978464901447296.
[I 2024-12-15 16:37:00,328] Trial 1506 finished with value: 0.21211770176887512 and parameters: {'mlp_n_layers': 2, 'mlp_dim_00': 64, 'mlp_dim_01': 128, 'hidden_channels': 128, 'num_layers': 1, 'num_timesteps': 3, 'dropout': 0.032445418038169055, 'train_learning_rate': 0.009000948715344431, 'train_lr_reduce': 0.6}. Best is trial 632 with value: 0.13978464901447296.
[I 2024-12-15 16:37:01,650] Trial 1505 finished with value: 0.15525779128074646 and parameters: {'mlp_n_layers': 3, 'mlp_dim_00': 32, 'mlp_dim_01': 144, 'mlp_dim_02': 224, 'hidden_channels': 112, 'num_layers': 2, 'num_timesteps': 4, 'dropout': 0.018776708597725178, 'train_learning_rate': 0.004520546322306786, 'train_lr_reduce': 0.6}. Best is trial 632 with value: 0.13978464901447296.
[I 2024-12-15 16:37:07,183] Trial 1508 finished with value: 0.21667268872261047 and parameters: {'mlp_n_layers': 2, 'mlp_dim_00': 64, 'mlp_dim_01': 160, 'hidden_channels': 144, 'num_layers': 1, 'num_timesteps': 3, 'dropout': 0.0010313528652379673, 'train_learning_rate': 0.004303783017830591, 'train_lr_reduce': 0.6}. Best is trial 632 with value: 0.13978464901447296.
[I 2024-12-15 16:37:11,005] Trial 1507 finished with value: 0.20665499567985535 and parameters: {'mlp_n_layers': 4, 'mlp_dim_00': 176, 'mlp_dim_01': 128, 'mlp_dim_02': 208, 'mlp_dim_03': 176, 'hidden_channels': 256, 'num_layers': 1, 'num_timesteps': 4, 'dropout': 0.0020509862525875, 'train_learning_rate': 0.003486943677591964, 'train_lr_reduce': 0.6}. Best is trial 632 with value: 0.13978464901447296.
[I 2024-12-15 16:37:17,092] Trial 1509 finished with value: 0.20511431992053986 and parameters: {'mlp_n_layers': 3, 'mlp_dim_00': 224, 'mlp_dim_01': 192, 'mlp_dim_02': 240, 'hidden_channels': 32, 'num_layers': 1, 'num_timesteps': 4, 'dropout': 0.19194718069966174, 'train_learning_rate': 0.0009938972806104352, 'train_lr_reduce': 0.6}. Best is trial 632 with value: 0.13978464901447296.
[I 2024-12-15 16:37:17,128] Trial 1510 finished with value: 0.23967814445495605 and parameters: {'mlp_n_layers': 2, 'mlp_dim_00': 48, 'mlp_dim_01': 128, 'hidden_channels': 192, 'num_layers': 1, 'num_timesteps': 4, 'dropout': 0.059196313995945424, 'train_learning_rate': 0.00910755067660565, 'train_lr_reduce': 0.6}. Best is trial 632 with value: 0.13978464901447296.
[I 2024-12-15 16:37:19,943] Trial 1511 finished with value: 0.18977230787277222 and parameters: {'mlp_n_layers': 3, 'mlp_dim_00': 96, 'mlp_dim_01': 144, 'mlp_dim_02': 192, 'hidden_channels': 192, 'num_layers': 1, 'num_timesteps': 4, 'dropout': 0.0027835669857459635, 'train_learning_rate': 0.004487317797054722, 'train_lr_reduce': 0.6}. Best is trial 632 with value: 0.13978464901447296.
[I 2024-12-15 16:37:28,004] Trial 1512 finished with value: 0.26741284132003784 and parameters: {'mlp_n_layers': 3, 'mlp_dim_00': 144, 'mlp_dim_01': 48, 'mlp_dim_02': 224, 'hidden_channels': 176, 'num_layers': 3, 'num_timesteps': 2, 'dropout': 0.26022111603042647, 'train_learning_rate': 0.000396244846184704, 'train_lr_reduce': 0.6}. Best is trial 632 with value: 0.13978464901447296.
[I 2024-12-15 16:37:29,670] Trial 1514 finished with value: 0.15956351161003113 and parameters: {'mlp_n_layers': 4, 'mlp_dim_00': 80, 'mlp_dim_01': 192, 'mlp_dim_02': 192, 'mlp_dim_03': 208, 'hidden_channels': 192, 'num_layers': 1, 'num_timesteps': 4, 'dropout': 0.005484311329588143, 'train_learning_rate': 0.003117414631498338, 'train_lr_reduce': 0.6}. Best is trial 632 with value: 0.13978464901447296.
[I 2024-12-15 16:37:38,177] Trial 1513 finished with value: 0.2943416237831116 and parameters: {'mlp_n_layers': 3, 'mlp_dim_00': 128, 'mlp_dim_01': 240, 'mlp_dim_02': 240, 'hidden_channels': 64, 'num_layers': 1, 'num_timesteps': 4, 'dropout': 0.11540937039555194, 'train_learning_rate': 0.00012042071955644286, 'train_lr_reduce': 0.6}. Best is trial 632 with value: 0.13978464901447296.
[I 2024-12-15 16:37:40,525] Trial 1515 finished with value: 0.21576319634914398 and parameters: {'mlp_n_layers': 3, 'mlp_dim_00': 48, 'mlp_dim_01': 128, 'mlp_dim_02': 240, 'hidden_channels': 160, 'num_layers': 2, 'num_timesteps': 3, 'dropout': 0.02183027391673447, 'train_learning_rate': 0.007763454239860086, 'train_lr_reduce': 0.6}. Best is trial 632 with value: 0.13978464901447296.
[I 2024-12-15 16:37:50,103] Trial 1517 finished with value: 0.20140773057937622 and parameters: {'mlp_n_layers': 3, 'mlp_dim_00': 208, 'mlp_dim_01': 240, 'mlp_dim_02': 192, 'hidden_channels': 160, 'num_layers': 2, 'num_timesteps': 4, 'dropout': 0.07018306698340102, 'train_learning_rate': 0.0017508909850292144, 'train_lr_reduce': 0.6}. Best is trial 632 with value: 0.13978464901447296.
[I 2024-12-15 16:37:55,624] Trial 1518 finished with value: 0.19120965898036957 and parameters: {'mlp_n_layers': 4, 'mlp_dim_00': 48, 'mlp_dim_01': 224, 'mlp_dim_02': 240, 'mlp_dim_03': 48, 'hidden_channels': 176, 'num_layers': 1, 'num_timesteps': 4, 'dropout': 0.004657049927130891, 'train_learning_rate': 0.0018064141462518146, 'train_lr_reduce': 0.6}. Best is trial 632 with value: 0.13978464901447296.
[I 2024-12-15 16:37:55,854] Trial 1516 finished with value: 1.0798040628433228 and parameters: {'mlp_n_layers': 4, 'mlp_dim_00': 48, 'mlp_dim_01': 160, 'mlp_dim_02': 208, 'mlp_dim_03': 160, 'hidden_channels': 32, 'num_layers': 1, 'num_timesteps': 2, 'dropout': 0.1366643889364682, 'train_learning_rate': 0.0002037383876544636, 'train_lr_reduce': 0.6}. Best is trial 632 with value: 0.13978464901447296.
[I 2024-12-15 16:38:03,487] Trial 1520 finished with value: 1.1175177097320557 and parameters: {'mlp_n_layers': 4, 'mlp_dim_00': 96, 'mlp_dim_01': 160, 'mlp_dim_02': 208, 'mlp_dim_03': 192, 'hidden_channels': 176, 'num_layers': 1, 'num_timesteps': 4, 'dropout': 0.1239709365976381, 'train_learning_rate': 0.005779887453503207, 'train_lr_reduce': 0.6}. Best is trial 632 with value: 0.13978464901447296.
[I 2024-12-15 16:38:08,748] Trial 1521 finished with value: 0.22070670127868652 and parameters: {'mlp_n_layers': 2, 'mlp_dim_00': 240, 'mlp_dim_01': 64, 'hidden_channels': 256, 'num_layers': 2, 'num_timesteps': 2, 'dropout': 0.16055908900417312, 'train_learning_rate': 0.0012686507425900048, 'train_lr_reduce': 0.6}. Best is trial 632 with value: 0.13978464901447296.
[I 2024-12-15 16:38:13,671] Trial 1519 finished with value: 0.1760362982749939 and parameters: {'mlp_n_layers': 4, 'mlp_dim_00': 48, 'mlp_dim_01': 112, 'mlp_dim_02': 224, 'mlp_dim_03': 240, 'hidden_channels': 224, 'num_layers': 1, 'num_timesteps': 4, 'dropout': 0.09573675635180014, 'train_learning_rate': 0.009249683168619491, 'train_lr_reduce': 0.6}. Best is trial 632 with value: 0.13978464901447296.
[I 2024-12-15 16:38:16,293] Trial 1522 finished with value: 0.24328939616680145 and parameters: {'mlp_n_layers': 2, 'mlp_dim_00': 176, 'mlp_dim_01': 240, 'hidden_channels': 48, 'num_layers': 4, 'num_timesteps': 1, 'dropout': 0.15546131542789288, 'train_learning_rate': 0.0011688188772557733, 'train_lr_reduce': 0.6}. Best is trial 632 with value: 0.13978464901447296.
[I 2024-12-15 16:38:18,540] Trial 1523 finished with value: 0.2522469758987427 and parameters: {'mlp_n_layers': 4, 'mlp_dim_00': 240, 'mlp_dim_01': 128, 'mlp_dim_02': 240, 'mlp_dim_03': 144, 'hidden_channels': 256, 'num_layers': 2, 'num_timesteps': 4, 'dropout': 0.010359963385426243, 'train_learning_rate': 0.002325082194252203, 'train_lr_reduce': 0.6}. Best is trial 632 with value: 0.13978464901447296.
[I 2024-12-15 16:38:21,221] Trial 1524 finished with value: 0.2080356627702713 and parameters: {'mlp_n_layers': 4, 'mlp_dim_00': 96, 'mlp_dim_01': 80, 'mlp_dim_02': 192, 'mlp_dim_03': 176, 'hidden_channels': 256, 'num_layers': 1, 'num_timesteps': 4, 'dropout': 0.10571775260164558, 'train_learning_rate': 0.0018411371496280895, 'train_lr_reduce': 0.6}. Best is trial 632 with value: 0.13978464901447296.
[I 2024-12-15 16:38:24,947] Trial 1525 finished with value: 0.23344574868679047 and parameters: {'mlp_n_layers': 4, 'mlp_dim_00': 112, 'mlp_dim_01': 160, 'mlp_dim_02': 224, 'mlp_dim_03': 48, 'hidden_channels': 224, 'num_layers': 1, 'num_timesteps': 4, 'dropout': 0.010325719499790352, 'train_learning_rate': 0.006853920290375535, 'train_lr_reduce': 0.6}. Best is trial 632 with value: 0.13978464901447296.
[I 2024-12-15 16:38:27,110] Trial 1526 finished with value: 0.24002531170845032 and parameters: {'mlp_n_layers': 4, 'mlp_dim_00': 96, 'mlp_dim_01': 64, 'mlp_dim_02': 256, 'mlp_dim_03': 144, 'hidden_channels': 144, 'num_layers': 4, 'num_timesteps': 1, 'dropout': 0.04327393345623569, 'train_learning_rate': 0.006779416025838178, 'train_lr_reduce': 0.6}. Best is trial 632 with value: 0.13978464901447296.
[I 2024-12-15 16:38:31,995] Trial 1527 finished with value: 0.2022550404071808 and parameters: {'mlp_n_layers': 2, 'mlp_dim_00': 32, 'mlp_dim_01': 112, 'hidden_channels': 176, 'num_layers': 1, 'num_timesteps': 2, 'dropout': 0.015573325750304293, 'train_learning_rate': 0.004690546918112664, 'train_lr_reduce': 0.6}. Best is trial 632 with value: 0.13978464901447296.
[I 2024-12-15 16:38:37,078] Trial 1529 finished with value: 0.20680665969848633 and parameters: {'mlp_n_layers': 2, 'mlp_dim_00': 64, 'mlp_dim_01': 64, 'hidden_channels': 160, 'num_layers': 2, 'num_timesteps': 3, 'dropout': 0.00911611680638815, 'train_learning_rate': 0.00211084831832708, 'train_lr_reduce': 0.6}. Best is trial 632 with value: 0.13978464901447296.
[I 2024-12-15 16:38:38,984] Trial 1528 finished with value: 0.17143400013446808 and parameters: {'mlp_n_layers': 3, 'mlp_dim_00': 144, 'mlp_dim_01': 144, 'mlp_dim_02': 192, 'hidden_channels': 208, 'num_layers': 1, 'num_timesteps': 4, 'dropout': 0.0061363067369193626, 'train_learning_rate': 0.0019326969672956947, 'train_lr_reduce': 0.6}. Best is trial 632 with value: 0.13978464901447296.
[I 2024-12-15 16:38:41,735] Trial 1530 finished with value: 0.19153423607349396 and parameters: {'mlp_n_layers': 4, 'mlp_dim_00': 192, 'mlp_dim_01': 128, 'mlp_dim_02': 240, 'mlp_dim_03': 192, 'hidden_channels': 160, 'num_layers': 1, 'num_timesteps': 4, 'dropout': 0.0008798088557752937, 'train_learning_rate': 0.0011907233754234426, 'train_lr_reduce': 0.6}. Best is trial 632 with value: 0.13978464901447296.
[I 2024-12-15 16:38:47,926] Trial 1531 finished with value: 0.1663627028465271 and parameters: {'mlp_n_layers': 3, 'mlp_dim_00': 96, 'mlp_dim_01': 192, 'mlp_dim_02': 208, 'hidden_channels': 176, 'num_layers': 1, 'num_timesteps': 3, 'dropout': 0.02426157967800887, 'train_learning_rate': 0.003548164620231003, 'train_lr_reduce': 0.6}. Best is trial 632 with value: 0.13978464901447296.
[I 2024-12-15 16:38:49,065] Trial 1532 finished with value: 0.22869692742824554 and parameters: {'mlp_n_layers': 3, 'mlp_dim_00': 64, 'mlp_dim_01': 64, 'mlp_dim_02': 192, 'hidden_channels': 256, 'num_layers': 2, 'num_timesteps': 4, 'dropout': 0.03833071073675807, 'train_learning_rate': 0.008313587504510094, 'train_lr_reduce': 0.6}. Best is trial 632 with value: 0.13978464901447296.
[I 2024-12-15 16:38:53,247] Trial 1533 finished with value: 0.16222341358661652 and parameters: {'mlp_n_layers': 3, 'mlp_dim_00': 112, 'mlp_dim_01': 96, 'mlp_dim_02': 224, 'hidden_channels': 80, 'num_layers': 1, 'num_timesteps': 3, 'dropout': 0.11075987825256046, 'train_learning_rate': 0.004966875597921748, 'train_lr_reduce': 0.6}. Best is trial 632 with value: 0.13978464901447296.
[I 2024-12-15 16:38:57,846] Trial 1534 finished with value: 0.23248815536499023 and parameters: {'mlp_n_layers': 2, 'mlp_dim_00': 128, 'mlp_dim_01': 96, 'hidden_channels': 64, 'num_layers': 1, 'num_timesteps': 4, 'dropout': 0.2603626797708209, 'train_learning_rate': 0.009968208391865026, 'train_lr_reduce': 0.6}. Best is trial 632 with value: 0.13978464901447296.
[I 2024-12-15 16:38:57,880] Trial 1535 finished with value: 0.21547898650169373 and parameters: {'mlp_n_layers': 4, 'mlp_dim_00': 64, 'mlp_dim_01': 128, 'mlp_dim_02': 256, 'mlp_dim_03': 160, 'hidden_channels': 192, 'num_layers': 2, 'num_timesteps': 3, 'dropout': 0.03604942818343447, 'train_learning_rate': 0.001093689851318909, 'train_lr_reduce': 0.6}. Best is trial 632 with value: 0.13978464901447296.
[I 2024-12-15 16:39:04,021] Trial 1538 finished with value: 0.23362763226032257 and parameters: {'mlp_n_layers': 3, 'mlp_dim_00': 256, 'mlp_dim_01': 192, 'mlp_dim_02': 240, 'hidden_channels': 160, 'num_layers': 1, 'num_timesteps': 4, 'dropout': 0.06765737038362615, 'train_learning_rate': 0.007851378556393023, 'train_lr_reduce': 0.6}. Best is trial 632 with value: 0.13978464901447296.
[I 2024-12-15 16:39:05,829] Trial 1536 finished with value: 0.18454141914844513 and parameters: {'mlp_n_layers': 3, 'mlp_dim_00': 128, 'mlp_dim_01': 144, 'mlp_dim_02': 192, 'hidden_channels': 256, 'num_layers': 1, 'num_timesteps': 4, 'dropout': 0.003226713727612747, 'train_learning_rate': 0.0030910697928581256, 'train_lr_reduce': 0.6}. Best is trial 632 with value: 0.13978464901447296.
[I 2024-12-15 16:39:08,942] Trial 1537 finished with value: 0.1850193440914154 and parameters: {'mlp_n_layers': 4, 'mlp_dim_00': 192, 'mlp_dim_01': 80, 'mlp_dim_02': 224, 'mlp_dim_03': 208, 'hidden_channels': 208, 'num_layers': 1, 'num_timesteps': 4, 'dropout': 0.0777260751701849, 'train_learning_rate': 0.0013962023619503209, 'train_lr_reduce': 0.6}. Best is trial 632 with value: 0.13978464901447296.
[I 2024-12-15 16:39:10,329] Trial 1539 finished with value: 0.21168763935565948 and parameters: {'mlp_n_layers': 2, 'mlp_dim_00': 240, 'mlp_dim_01': 160, 'hidden_channels': 128, 'num_layers': 1, 'num_timesteps': 3, 'dropout': 0.17978755713060124, 'train_learning_rate': 0.008421535291850005, 'train_lr_reduce': 0.6}. Best is trial 632 with value: 0.13978464901447296.
[I 2024-12-15 16:39:14,302] Trial 1540 finished with value: 0.2303156852722168 and parameters: {'mlp_n_layers': 3, 'mlp_dim_00': 48, 'mlp_dim_01': 176, 'mlp_dim_02': 208, 'hidden_channels': 208, 'num_layers': 1, 'num_timesteps': 3, 'dropout': 0.023840896088278767, 'train_learning_rate': 0.007315155904884976, 'train_lr_reduce': 0.6}. Best is trial 632 with value: 0.13978464901447296.
[I 2024-12-15 16:39:19,775] Trial 1541 finished with value: 0.21581204235553741 and parameters: {'mlp_n_layers': 4, 'mlp_dim_00': 96, 'mlp_dim_01': 144, 'mlp_dim_02': 256, 'mlp_dim_03': 176, 'hidden_channels': 240, 'num_layers': 2, 'num_timesteps': 4, 'dropout': 0.07568075278208403, 'train_learning_rate': 0.0011612941147421585, 'train_lr_reduce': 0.6}. Best is trial 632 with value: 0.13978464901447296.
[I 2024-12-15 16:39:19,918] Trial 1542 finished with value: 0.19626018404960632 and parameters: {'mlp_n_layers': 3, 'mlp_dim_00': 208, 'mlp_dim_01': 160, 'mlp_dim_02': 192, 'hidden_channels': 240, 'num_layers': 1, 'num_timesteps': 3, 'dropout': 0.07255067403017479, 'train_learning_rate': 0.008797704030552534, 'train_lr_reduce': 0.6}. Best is trial 632 with value: 0.13978464901447296.
[I 2024-12-15 16:39:27,107] Trial 1544 finished with value: 0.22401179373264313 and parameters: {'mlp_n_layers': 3, 'mlp_dim_00': 192, 'mlp_dim_01': 224, 'mlp_dim_02': 240, 'hidden_channels': 256, 'num_layers': 1, 'num_timesteps': 3, 'dropout': 0.10100539500806356, 'train_learning_rate': 0.007319221541938486, 'train_lr_reduce': 0.6}. Best is trial 632 with value: 0.13978464901447296.
[I 2024-12-15 16:39:28,362] Trial 1545 finished with value: 0.20293724536895752 and parameters: {'mlp_n_layers': 4, 'mlp_dim_00': 80, 'mlp_dim_01': 192, 'mlp_dim_02': 192, 'mlp_dim_03': 144, 'hidden_channels': 208, 'num_layers': 1, 'num_timesteps': 4, 'dropout': 0.07372972735504849, 'train_learning_rate': 0.0017522919279084346, 'train_lr_reduce': 0.6}. Best is trial 632 with value: 0.13978464901447296.
[I 2024-12-15 16:39:30,377] Trial 1543 finished with value: 0.1650570183992386 and parameters: {'mlp_n_layers': 4, 'mlp_dim_00': 96, 'mlp_dim_01': 160, 'mlp_dim_02': 224, 'mlp_dim_03': 32, 'hidden_channels': 240, 'num_layers': 1, 'num_timesteps': 4, 'dropout': 0.0031460217428399082, 'train_learning_rate': 0.0024707298056699536, 'train_lr_reduce': 0.6}. Best is trial 632 with value: 0.13978464901447296.
[I 2024-12-15 16:39:37,553] Trial 1547 finished with value: 0.1839633285999298 and parameters: {'mlp_n_layers': 2, 'mlp_dim_00': 64, 'mlp_dim_01': 224, 'hidden_channels': 160, 'num_layers': 1, 'num_timesteps': 3, 'dropout': 0.0557804809823798, 'train_learning_rate': 0.006034730905181347, 'train_lr_reduce': 0.6}. Best is trial 632 with value: 0.13978464901447296.
[I 2024-12-15 16:39:41,397] Trial 1546 finished with value: 0.18376031517982483 and parameters: {'mlp_n_layers': 4, 'mlp_dim_00': 256, 'mlp_dim_01': 96, 'mlp_dim_02': 224, 'mlp_dim_03': 176, 'hidden_channels': 144, 'num_layers': 1, 'num_timesteps': 4, 'dropout': 0.02915164263508703, 'train_learning_rate': 0.007881913799572676, 'train_lr_reduce': 0.6}. Best is trial 632 with value: 0.13978464901447296.
