[I 2024-12-04 17:46:42,564] Trial 1202 finished with value: 0.3110116802516505 and parameters: {'n_estimators': 894, 'max_depth': 6, 'learning_rate': 0.07491928291112149, 'subsample': 0.767647067318106, 'colsample_bytree': 0.7178458517249179, 'min_child_weight': 2, 'gamma': 0.0006966056956506687, 'reg_alpha': 7.185531255737967e-05, 'reg_lambda': 0.015108026036064467}. Best is trial 1165 with value: 0.30684956478914405.
[I 2024-12-04 17:46:43,994] Trial 1203 finished with value: 0.3157454861912021 and parameters: {'n_estimators': 889, 'max_depth': 6, 'learning_rate': 0.07380296513066564, 'subsample': 0.7675508498274888, 'colsample_bytree': 0.7198876113373209, 'min_child_weight': 2, 'gamma': 0.0008877920452870769, 'reg_alpha': 9.617876120709174e-05, 'reg_lambda': 0.01510643369217912}. Best is trial 1165 with value: 0.30684956478914405.
[I 2024-12-04 17:46:45,453] Trial 1204 finished with value: 0.31586805490257197 and parameters: {'n_estimators': 901, 'max_depth': 6, 'learning_rate': 0.07198195249386083, 'subsample': 0.7724868393617652, 'colsample_bytree': 0.7156575728908875, 'min_child_weight': 2, 'gamma': 0.0008949765744631912, 'reg_alpha': 7.589213993518728e-05, 'reg_lambda': 0.012492727544207194}. Best is trial 1165 with value: 0.30684956478914405.
[I 2024-12-04 17:46:46,891] Trial 1205 finished with value: 0.30967799475569274 and parameters: {'n_estimators': 894, 'max_depth': 6, 'learning_rate': 0.07205467156413807, 'subsample': 0.7704211126740355, 'colsample_bytree': 0.7190219968601274, 'min_child_weight': 2, 'gamma': 0.000973375672304797, 'reg_alpha': 8.130356607978606e-05, 'reg_lambda': 0.013903598359167232}. Best is trial 1165 with value: 0.30684956478914405.
[I 2024-12-04 17:46:48,317] Trial 1206 finished with value: 0.3158887653232257 and parameters: {'n_estimators': 881, 'max_depth': 6, 'learning_rate': 0.07141330323823558, 'subsample': 0.7687966650542742, 'colsample_bytree': 0.7176282194108978, 'min_child_weight': 2, 'gamma': 0.0008449424279349229, 'reg_alpha': 6.684404448236026e-05, 'reg_lambda': 0.011468496139642818}. Best is trial 1165 with value: 0.30684956478914405.
[I 2024-12-04 17:46:49,757] Trial 1207 finished with value: 0.31310336486749835 and parameters: {'n_estimators': 896, 'max_depth': 6, 'learning_rate': 0.07430432021403625, 'subsample': 0.7704599434904885, 'colsample_bytree': 0.7180291293287218, 'min_child_weight': 2, 'gamma': 0.0009678785529543596, 'reg_alpha': 0.00011532337769228, 'reg_lambda': 0.01487840496719069}. Best is trial 1165 with value: 0.30684956478914405.
[I 2024-12-04 17:46:51,204] Trial 1208 finished with value: 0.31371641125434135 and parameters: {'n_estimators': 891, 'max_depth': 6, 'learning_rate': 0.07280509420401436, 'subsample': 0.7694737999948094, 'colsample_bytree': 0.7179581559451674, 'min_child_weight': 2, 'gamma': 0.0007952915267646889, 'reg_alpha': 7.106896614166287e-05, 'reg_lambda': 0.012681642425466566}. Best is trial 1165 with value: 0.30684956478914405.
[I 2024-12-04 17:46:52,748] Trial 1209 finished with value: 0.3150454098200175 and parameters: {'n_estimators': 896, 'max_depth': 6, 'learning_rate': 0.07372413437313413, 'subsample': 0.7713563561239436, 'colsample_bytree': 0.7176597252346636, 'min_child_weight': 2, 'gamma': 0.0008654000033587119, 'reg_alpha': 8.364891427770259e-05, 'reg_lambda': 0.01548709903051443}. Best is trial 1165 with value: 0.30684956478914405.
[I 2024-12-04 17:46:54,243] Trial 1210 finished with value: 0.3163677356366051 and parameters: {'n_estimators': 892, 'max_depth': 6, 'learning_rate': 0.0732416959727817, 'subsample': 0.77061048249255, 'colsample_bytree': 0.7172185319278351, 'min_child_weight': 2, 'gamma': 0.0008070887654920329, 'reg_alpha': 7.813258822165234e-05, 'reg_lambda': 0.013952226410830135}. Best is trial 1165 with value: 0.30684956478914405.
[I 2024-12-04 17:46:55,804] Trial 1211 finished with value: 0.31115673718761633 and parameters: {'n_estimators': 896, 'max_depth': 6, 'learning_rate': 0.07285863592691182, 'subsample': 0.7695867979609267, 'colsample_bytree': 0.7174153539206118, 'min_child_weight': 2, 'gamma': 0.0008322646847683505, 'reg_alpha': 8.701761585327022e-05, 'reg_lambda': 0.013374084278752666}. Best is trial 1165 with value: 0.30684956478914405.
[I 2024-12-04 17:46:57,416] Trial 1212 finished with value: 0.3147101554100356 and parameters: {'n_estimators': 899, 'max_depth': 6, 'learning_rate': 0.07363928493386195, 'subsample': 0.772346531710157, 'colsample_bytree': 0.7158747477112669, 'min_child_weight': 2, 'gamma': 0.0008484606484111874, 'reg_alpha': 9.216264499403109e-05, 'reg_lambda': 0.01377507961604556}. Best is trial 1165 with value: 0.30684956478914405.
[I 2024-12-04 17:46:58,969] Trial 1213 finished with value: 0.31328600272362445 and parameters: {'n_estimators': 897, 'max_depth': 6, 'learning_rate': 0.07419093720410225, 'subsample': 0.7691495324915678, 'colsample_bytree': 0.7181568011662991, 'min_child_weight': 2, 'gamma': 0.0009247233954383308, 'reg_alpha': 9.573909435174807e-05, 'reg_lambda': 0.015216728757054088}. Best is trial 1165 with value: 0.30684956478914405.
[I 2024-12-04 17:47:00,825] Trial 1214 finished with value: 0.311576696692059 and parameters: {'n_estimators': 900, 'max_depth': 6, 'learning_rate': 0.07327166251488017, 'subsample': 0.7699450361607055, 'colsample_bytree': 0.7191451574316415, 'min_child_weight': 2, 'gamma': 0.0008315869015558437, 'reg_alpha': 7.303388200772227e-05, 'reg_lambda': 0.01614179458284682}. Best is trial 1165 with value: 0.30684956478914405.
[I 2024-12-04 17:47:02,691] Trial 1215 finished with value: 0.3165856227164717 and parameters: {'n_estimators': 886, 'max_depth': 6, 'learning_rate': 0.07382470072554304, 'subsample': 0.7696153091715483, 'colsample_bytree': 0.7186454772820094, 'min_child_weight': 2, 'gamma': 0.0009355333650065117, 'reg_alpha': 0.0001062211973367727, 'reg_lambda': 0.014222156848262881}. Best is trial 1165 with value: 0.30684956478914405.
[I 2024-12-04 17:47:04,162] Trial 1216 finished with value: 0.31702238682072903 and parameters: {'n_estimators': 885, 'max_depth': 6, 'learning_rate': 0.07321596606350728, 'subsample': 0.7698783127840798, 'colsample_bytree': 0.7208532083023801, 'min_child_weight': 2, 'gamma': 0.0009800016447474612, 'reg_alpha': 9.31114196386463e-05, 'reg_lambda': 0.01470308426369307}. Best is trial 1165 with value: 0.30684956478914405.
[I 2024-12-04 17:47:05,857] Trial 1217 finished with value: 0.31235277398596245 and parameters: {'n_estimators': 890, 'max_depth': 6, 'learning_rate': 0.07350504996901903, 'subsample': 0.7693189535836363, 'colsample_bytree': 0.7183466255189151, 'min_child_weight': 2, 'gamma': 0.0010623440579505487, 'reg_alpha': 0.00011106203044018928, 'reg_lambda': 0.014725429827109305}. Best is trial 1165 with value: 0.30684956478914405.
[I 2024-12-04 17:47:08,006] Trial 1218 finished with value: 0.3134253137066457 and parameters: {'n_estimators': 896, 'max_depth': 6, 'learning_rate': 0.07320594477903761, 'subsample': 0.7686314011612326, 'colsample_bytree': 0.7167521402807809, 'min_child_weight': 2, 'gamma': 0.0008667500085636049, 'reg_alpha': 9.359456829479052e-05, 'reg_lambda': 0.013728555722287084}. Best is trial 1165 with value: 0.30684956478914405.
[I 2024-12-04 17:47:09,979] Trial 1219 finished with value: 0.30910305000495086 and parameters: {'n_estimators': 901, 'max_depth': 6, 'learning_rate': 0.07303001858832761, 'subsample': 0.7688419645999909, 'colsample_bytree': 0.7172432680606222, 'min_child_weight': 2, 'gamma': 0.0009330067531117744, 'reg_alpha': 8.836719662531651e-05, 'reg_lambda': 0.01371628637667968}. Best is trial 1165 with value: 0.30684956478914405.
[I 2024-12-04 17:47:12,628] Trial 1220 finished with value: 0.31209206126955985 and parameters: {'n_estimators': 894, 'max_depth': 6, 'learning_rate': 0.07375232452264774, 'subsample': 0.7674536967606702, 'colsample_bytree': 0.7189779013354973, 'min_child_weight': 2, 'gamma': 0.000778359212637449, 'reg_alpha': 8.421079379774398e-05, 'reg_lambda': 0.014453119537936881}. Best is trial 1165 with value: 0.30684956478914405.
[I 2024-12-04 17:47:14,470] Trial 1221 finished with value: 0.3160050353944584 and parameters: {'n_estimators': 911, 'max_depth': 6, 'learning_rate': 0.07209503915853938, 'subsample': 0.7679616774611169, 'colsample_bytree': 0.7177899970670822, 'min_child_weight': 2, 'gamma': 0.000895853188245584, 'reg_alpha': 6.737166386048945e-05, 'reg_lambda': 0.014461322022289077}. Best is trial 1165 with value: 0.30684956478914405.
[I 2024-12-04 17:47:16,263] Trial 1222 finished with value: 0.31399801726522464 and parameters: {'n_estimators': 897, 'max_depth': 6, 'learning_rate': 0.07223010162843314, 'subsample': 0.7701802629907191, 'colsample_bytree': 0.7178713841875823, 'min_child_weight': 2, 'gamma': 0.0009885166380927699, 'reg_alpha': 8.182923257586238e-05, 'reg_lambda': 0.013126060471111372}. Best is trial 1165 with value: 0.30684956478914405.
[I 2024-12-04 17:47:18,189] Trial 1223 finished with value: 0.31509423900658035 and parameters: {'n_estimators': 899, 'max_depth': 6, 'learning_rate': 0.07244681667375337, 'subsample': 0.7689413806797374, 'colsample_bytree': 0.7190850395721986, 'min_child_weight': 2, 'gamma': 0.0008859587429209731, 'reg_alpha': 7.584938007153029e-05, 'reg_lambda': 0.014914030141663152}. Best is trial 1165 with value: 0.30684956478914405.
[I 2024-12-04 17:47:19,620] Trial 1224 finished with value: 0.31371730944557596 and parameters: {'n_estimators': 896, 'max_depth': 6, 'learning_rate': 0.07339203910522213, 'subsample': 0.7686808527643242, 'colsample_bytree': 0.7187912229063178, 'min_child_weight': 2, 'gamma': 0.0009628471790996328, 'reg_alpha': 8.807128831102003e-05, 'reg_lambda': 0.014670545320042076}. Best is trial 1165 with value: 0.30684956478914405.
[I 2024-12-04 17:47:21,288] Trial 1225 finished with value: 0.3152563434816643 and parameters: {'n_estimators': 904, 'max_depth': 6, 'learning_rate': 0.07459015784301352, 'subsample': 0.7671962573165507, 'colsample_bytree': 0.7175541318168903, 'min_child_weight': 2, 'gamma': 0.000895534400214566, 'reg_alpha': 8.665270818530065e-05, 'reg_lambda': 0.016495993923273132}. Best is trial 1165 with value: 0.30684956478914405.
[I 2024-12-04 17:47:22,727] Trial 1226 finished with value: 0.3139158399321501 and parameters: {'n_estimators': 899, 'max_depth': 6, 'learning_rate': 0.0745073872802313, 'subsample': 0.7678467578552683, 'colsample_bytree': 0.7168350268096088, 'min_child_weight': 2, 'gamma': 0.0009393843158349544, 'reg_alpha': 8.920815059754781e-05, 'reg_lambda': 0.013849448741731416}. Best is trial 1165 with value: 0.30684956478914405.
[I 2024-12-04 17:47:24,154] Trial 1227 finished with value: 0.3197744922088037 and parameters: {'n_estimators': 890, 'max_depth': 6, 'learning_rate': 0.07340350247491562, 'subsample': 0.7705191902669987, 'colsample_bytree': 0.7174064766946413, 'min_child_weight': 2, 'gamma': 0.0008051518639486869, 'reg_alpha': 8.817212610643569e-05, 'reg_lambda': 0.013508975038268626}. Best is trial 1165 with value: 0.30684956478914405.
[I 2024-12-04 17:47:25,582] Trial 1228 finished with value: 0.3163005995610272 and parameters: {'n_estimators': 887, 'max_depth': 6, 'learning_rate': 0.07286107360378898, 'subsample': 0.7695653658475554, 'colsample_bytree': 0.7220942281019869, 'min_child_weight': 2, 'gamma': 0.000936235535880836, 'reg_alpha': 8.544593551311529e-05, 'reg_lambda': 0.015090659547761301}. Best is trial 1165 with value: 0.30684956478914405.
[I 2024-12-04 17:47:27,235] Trial 1229 finished with value: 0.3158996860374391 and parameters: {'n_estimators': 903, 'max_depth': 6, 'learning_rate': 0.0736790534885677, 'subsample': 0.7683685445784869, 'colsample_bytree': 0.7161479672162142, 'min_child_weight': 2, 'gamma': 0.000817831526662565, 'reg_alpha': 8.603480243411061e-05, 'reg_lambda': 0.015167819850111735}. Best is trial 1165 with value: 0.30684956478914405.
[I 2024-12-04 17:47:28,749] Trial 1230 finished with value: 0.31063936953816323 and parameters: {'n_estimators': 910, 'max_depth': 6, 'learning_rate': 0.07368099538494594, 'subsample': 0.7681642651095546, 'colsample_bytree': 0.7167642020964866, 'min_child_weight': 2, 'gamma': 0.0009968099533367478, 'reg_alpha': 9.80815044487833e-05, 'reg_lambda': 0.013525332704867138}. Best is trial 1165 with value: 0.30684956478914405.
[I 2024-12-04 17:47:30,207] Trial 1231 finished with value: 0.31890127869328516 and parameters: {'n_estimators': 901, 'max_depth': 6, 'learning_rate': 0.07230242219066527, 'subsample': 0.7712942005868038, 'colsample_bytree': 0.7183371430396933, 'min_child_weight': 2, 'gamma': 0.0008366356859622682, 'reg_alpha': 8.568183975185213e-05, 'reg_lambda': 0.01383471267257189}. Best is trial 1165 with value: 0.30684956478914405.
[I 2024-12-04 17:47:31,626] Trial 1232 finished with value: 0.31157624078079194 and parameters: {'n_estimators': 894, 'max_depth': 6, 'learning_rate': 0.07376312537991206, 'subsample': 0.7692778688876871, 'colsample_bytree': 0.7160755309175939, 'min_child_weight': 2, 'gamma': 0.0009037518652511636, 'reg_alpha': 0.00010720112434498115, 'reg_lambda': 0.013312699285506956}. Best is trial 1165 with value: 0.30684956478914405.
[I 2024-12-04 17:47:33,164] Trial 1233 finished with value: 0.31461051082696967 and parameters: {'n_estimators': 891, 'max_depth': 6, 'learning_rate': 0.07402231046170527, 'subsample': 0.7680704237694849, 'colsample_bytree': 0.7161386444358352, 'min_child_weight': 2, 'gamma': 0.0008538253236340296, 'reg_alpha': 8.473452098350444e-05, 'reg_lambda': 0.01610314097951502}. Best is trial 1165 with value: 0.30684956478914405.
[I 2024-12-04 17:47:34,591] Trial 1234 finished with value: 0.3125941036551308 and parameters: {'n_estimators': 895, 'max_depth': 6, 'learning_rate': 0.07328277978747481, 'subsample': 0.7689609621739772, 'colsample_bytree': 0.7182880284669337, 'min_child_weight': 2, 'gamma': 0.000869461765069233, 'reg_alpha': 7.838567695100322e-05, 'reg_lambda': 0.013969206817746745}. Best is trial 1165 with value: 0.30684956478914405.
[I 2024-12-04 17:47:36,062] Trial 1235 finished with value: 0.317190635985918 and parameters: {'n_estimators': 896, 'max_depth': 6, 'learning_rate': 0.07376677801064131, 'subsample': 0.7673393986898306, 'colsample_bytree': 0.7183738223767557, 'min_child_weight': 2, 'gamma': 0.0009649885897277515, 'reg_alpha': 9.340456450810603e-05, 'reg_lambda': 0.013366549030793502}. Best is trial 1165 with value: 0.30684956478914405.
[I 2024-12-04 17:47:37,645] Trial 1236 finished with value: 0.3142891868702424 and parameters: {'n_estimators': 893, 'max_depth': 6, 'learning_rate': 0.07313741591893473, 'subsample': 0.7683029162557896, 'colsample_bytree': 0.717663210059258, 'min_child_weight': 2, 'gamma': 0.0008556415098664906, 'reg_alpha': 7.736388619622384e-05, 'reg_lambda': 0.014666275432936887}. Best is trial 1165 with value: 0.30684956478914405.
[I 2024-12-04 17:47:39,083] Trial 1237 finished with value: 0.31485640089124906 and parameters: {'n_estimators': 911, 'max_depth': 6, 'learning_rate': 0.07305988250000815, 'subsample': 0.766091603656385, 'colsample_bytree': 0.7180015385087501, 'min_child_weight': 2, 'gamma': 0.0008683352472080503, 'reg_alpha': 7.480186367986447e-05, 'reg_lambda': 0.015435710848360757}. Best is trial 1165 with value: 0.30684956478914405.
[I 2024-12-04 17:47:40,540] Trial 1238 finished with value: 0.30991046034644654 and parameters: {'n_estimators': 906, 'max_depth': 6, 'learning_rate': 0.0738784818596833, 'subsample': 0.7675565905375785, 'colsample_bytree': 0.7173153670368352, 'min_child_weight': 2, 'gamma': 0.000877146497432236, 'reg_alpha': 8.937879156306805e-05, 'reg_lambda': 0.013091806959941032}. Best is trial 1165 with value: 0.30684956478914405.
[I 2024-12-04 17:47:42,137] Trial 1239 finished with value: 0.3188272993567184 and parameters: {'n_estimators': 912, 'max_depth': 6, 'learning_rate': 0.07374855202699984, 'subsample': 0.768024610040844, 'colsample_bytree': 0.7150149612831067, 'min_child_weight': 2, 'gamma': 0.00093440384105516, 'reg_alpha': 8.926053987480851e-05, 'reg_lambda': 0.01358379094541183}. Best is trial 1165 with value: 0.30684956478914405.
[I 2024-12-04 17:47:43,629] Trial 1240 finished with value: 0.3193350700702386 and parameters: {'n_estimators': 921, 'max_depth': 6, 'learning_rate': 0.07410397509092559, 'subsample': 0.7686630517651266, 'colsample_bytree': 0.7161585644067028, 'min_child_weight': 2, 'gamma': 0.0008688306437659161, 'reg_alpha': 9.115927476523561e-05, 'reg_lambda': 0.012232310023785139}. Best is trial 1165 with value: 0.30684956478914405.
[I 2024-12-04 17:47:45,083] Trial 1241 finished with value: 0.315667640104978 and parameters: {'n_estimators': 894, 'max_depth': 6, 'learning_rate': 0.07363213940878623, 'subsample': 0.7687263439582138, 'colsample_bytree': 0.716149247574408, 'min_child_weight': 2, 'gamma': 0.0008782573760448755, 'reg_alpha': 0.00012472841665129284, 'reg_lambda': 0.014100480678604145}. Best is trial 1165 with value: 0.30684956478914405.
[I 2024-12-04 17:47:46,712] Trial 1242 finished with value: 0.314553030940232 and parameters: {'n_estimators': 908, 'max_depth': 6, 'learning_rate': 0.0732570866061215, 'subsample': 0.7691829079359697, 'colsample_bytree': 0.7166058011119274, 'min_child_weight': 2, 'gamma': 0.000816487998996201, 'reg_alpha': 7.79610631733617e-05, 'reg_lambda': 0.012907777350709745}. Best is trial 1165 with value: 0.30684956478914405.
[I 2024-12-04 17:47:48,327] Trial 1243 finished with value: 0.3135691942292204 and parameters: {'n_estimators': 904, 'max_depth': 6, 'learning_rate': 0.07327115298227514, 'subsample': 0.7689427291437686, 'colsample_bytree': 0.715782679479983, 'min_child_weight': 2, 'gamma': 0.0009224086148231857, 'reg_alpha': 9.497410824975816e-05, 'reg_lambda': 0.012393067958118887}. Best is trial 1165 with value: 0.30684956478914405.
[I 2024-12-04 17:47:49,800] Trial 1244 finished with value: 0.31825437441778515 and parameters: {'n_estimators': 905, 'max_depth': 6, 'learning_rate': 0.07269534993787623, 'subsample': 0.767624811538327, 'colsample_bytree': 0.718234139092551, 'min_child_weight': 2, 'gamma': 0.0009157221921580627, 'reg_alpha': 8.989040514588327e-05, 'reg_lambda': 0.011762197720028076}. Best is trial 1165 with value: 0.30684956478914405.
[I 2024-12-04 17:47:51,299] Trial 1245 finished with value: 0.3151653637723514 and parameters: {'n_estimators': 897, 'max_depth': 6, 'learning_rate': 0.07415438556838315, 'subsample': 0.7666908447898981, 'colsample_bytree': 0.7174673741992539, 'min_child_weight': 2, 'gamma': 0.0009146079741660099, 'reg_alpha': 9.999936420305137e-05, 'reg_lambda': 0.014106990464608716}. Best is trial 1165 with value: 0.30684956478914405.
[I 2024-12-04 17:47:52,786] Trial 1246 finished with value: 0.3107114338395114 and parameters: {'n_estimators': 890, 'max_depth': 6, 'learning_rate': 0.07374117815267478, 'subsample': 0.7686541294265398, 'colsample_bytree': 0.7186306623781048, 'min_child_weight': 2, 'gamma': 0.0008608312360847445, 'reg_alpha': 9.080698579463742e-05, 'reg_lambda': 0.013743267542345762}. Best is trial 1165 with value: 0.30684956478914405.
[I 2024-12-04 17:47:54,279] Trial 1247 finished with value: 0.3128433860206382 and parameters: {'n_estimators': 901, 'max_depth': 6, 'learning_rate': 0.0750992703246857, 'subsample': 0.7671161897907812, 'colsample_bytree': 0.7138044457140462, 'min_child_weight': 2, 'gamma': 0.0009477012452196285, 'reg_alpha': 0.00013098433308338493, 'reg_lambda': 0.012685229848358142}. Best is trial 1165 with value: 0.30684956478914405.
[I 2024-12-04 17:47:55,775] Trial 1248 finished with value: 0.3184645794519329 and parameters: {'n_estimators': 889, 'max_depth': 6, 'learning_rate': 0.07321675571340186, 'subsample': 0.7662161538377389, 'colsample_bytree': 0.7168471316895944, 'min_child_weight': 2, 'gamma': 0.0008913903868717414, 'reg_alpha': 8.34799653032109e-05, 'reg_lambda': 0.012615030634244916}. Best is trial 1165 with value: 0.30684956478914405.
[I 2024-12-04 17:47:57,371] Trial 1249 finished with value: 0.3130464263738794 and parameters: {'n_estimators': 890, 'max_depth': 6, 'learning_rate': 0.07356649076057403, 'subsample': 0.7692451170052741, 'colsample_bytree': 0.7155161171842513, 'min_child_weight': 2, 'gamma': 0.0009103767811031936, 'reg_alpha': 0.00010672772155191778, 'reg_lambda': 0.012307313751549248}. Best is trial 1165 with value: 0.30684956478914405.
[I 2024-12-04 17:47:58,885] Trial 1250 finished with value: 0.31212980654628386 and parameters: {'n_estimators': 901, 'max_depth': 6, 'learning_rate': 0.07464989306863729, 'subsample': 0.7680755995169604, 'colsample_bytree': 0.7173750076858325, 'min_child_weight': 2, 'gamma': 0.0008032424634438435, 'reg_alpha': 8.613042978230491e-05, 'reg_lambda': 0.014561403725303353}. Best is trial 1165 with value: 0.30684956478914405.
[I 2024-12-04 17:48:00,494] Trial 1251 finished with value: 0.3111881219775554 and parameters: {'n_estimators': 902, 'max_depth': 6, 'learning_rate': 0.07486398447890688, 'subsample': 0.7667758439387214, 'colsample_bytree': 0.7135608697798385, 'min_child_weight': 2, 'gamma': 0.0008828732821354344, 'reg_alpha': 0.00010948886227461779, 'reg_lambda': 0.013418732809684966}. Best is trial 1165 with value: 0.30684956478914405.
[I 2024-12-04 17:48:01,955] Trial 1252 finished with value: 0.312298896549738 and parameters: {'n_estimators': 895, 'max_depth': 6, 'learning_rate': 0.07345605048043287, 'subsample': 0.7698711543179986, 'colsample_bytree': 0.718229291263752, 'min_child_weight': 2, 'gamma': 0.0008487294022582336, 'reg_alpha': 8.032167209355208e-05, 'reg_lambda': 0.013444821502389168}. Best is trial 1165 with value: 0.30684956478914405.
