[I 2024-12-26 15:55:19,889] Trial 1980 finished with value: 0.011228918097913265 and parameters: {'L1_hidden_dim': 64, 'L1_layers_atom': 3, 'L1_layers_mol': 2, 'L1_dropout': 0.029839096645336446, 'L1_out_dim': 48, 'L2_hidden_dim': 240, 'L2_layers_atom': 1, 'L2_layers_mol': 4, 'L2_out_dim': 128, 'L2_dropout': 0.06403690987935287, 'L3_hidden_dim': 80, 'L3_layers_atom': 4, 'L3_layers_mol': 1, 'L3_out_dim': 128, 'L3_dropout': 0.07830204927144198, 'n_mlp_layers': 3, 'mlp_dim_0': 368, 'mlp_dim_1': 304, 'mlp_dim_2': 440, 'num_heads': 2, 'final_dropout': 0.11735321372874655, 'train_learning_rate': 0.0007988245399533359, 'train_lr_reduce': 0.6}. Best is trial 1073 with value: 0.009419886395335197.
[I 2024-12-26 15:57:26,679] Trial 1981 finished with value: 0.011485295370221138 and parameters: {'L1_hidden_dim': 128, 'L1_layers_atom': 3, 'L1_layers_mol': 2, 'L1_dropout': 0.05314705299995824, 'L1_out_dim': 96, 'L2_hidden_dim': 208, 'L2_layers_atom': 1, 'L2_layers_mol': 3, 'L2_out_dim': 64, 'L2_dropout': 0.00552857237525646, 'L3_hidden_dim': 48, 'L3_layers_atom': 3, 'L3_layers_mol': 1, 'L3_out_dim': 128, 'L3_dropout': 0.1414356257300653, 'n_mlp_layers': 3, 'mlp_dim_0': 144, 'mlp_dim_1': 488, 'mlp_dim_2': 352, 'num_heads': 2, 'final_dropout': 0.1064854854316883, 'train_learning_rate': 0.00021385500554478733, 'train_lr_reduce': 0.6}. Best is trial 1073 with value: 0.009419886395335197.
[I 2024-12-26 15:57:35,836] Trial 1982 finished with value: 0.013016757555305958 and parameters: {'L1_hidden_dim': 192, 'L1_layers_atom': 4, 'L1_layers_mol': 1, 'L1_dropout': 0.09915836864411218, 'L1_out_dim': 64, 'L2_hidden_dim': 224, 'L2_layers_atom': 1, 'L2_layers_mol': 1, 'L2_out_dim': 128, 'L2_dropout': 0.013673076300550965, 'L3_hidden_dim': 64, 'L3_layers_atom': 2, 'L3_layers_mol': 2, 'L3_out_dim': 128, 'L3_dropout': 0.039805512722586416, 'n_mlp_layers': 3, 'mlp_dim_0': 424, 'mlp_dim_1': 360, 'mlp_dim_2': 472, 'num_heads': 1, 'final_dropout': 0.25824297751740327, 'train_learning_rate': 0.000559823027374664, 'train_lr_reduce': 0.6}. Best is trial 1073 with value: 0.009419886395335197.
[I 2024-12-26 15:58:47,184] Trial 1983 finished with value: 0.0153648117557168 and parameters: {'L1_hidden_dim': 160, 'L1_layers_atom': 1, 'L1_layers_mol': 3, 'L1_dropout': 0.07105951203811102, 'L1_out_dim': 80, 'L2_hidden_dim': 208, 'L2_layers_atom': 1, 'L2_layers_mol': 4, 'L2_out_dim': 80, 'L2_dropout': 0.032481835631028834, 'L3_hidden_dim': 64, 'L3_layers_atom': 4, 'L3_layers_mol': 1, 'L3_out_dim': 128, 'L3_dropout': 0.07228533450523746, 'n_mlp_layers': 3, 'mlp_dim_0': 432, 'mlp_dim_1': 272, 'mlp_dim_2': 400, 'num_heads': 2, 'final_dropout': 0.0254825672195704, 'train_learning_rate': 0.0001777757842569351, 'train_lr_reduce': 0.6}. Best is trial 1073 with value: 0.009419886395335197.
[I 2024-12-26 16:00:23,797] Trial 1985 finished with value: 0.06053365394473076 and parameters: {'L1_hidden_dim': 192, 'L1_layers_atom': 1, 'L1_layers_mol': 2, 'L1_dropout': 0.2999999771047589, 'L1_out_dim': 80, 'L2_hidden_dim': 64, 'L2_layers_atom': 1, 'L2_layers_mol': 2, 'L2_out_dim': 64, 'L2_dropout': 0.2035930050117412, 'L3_hidden_dim': 48, 'L3_layers_atom': 1, 'L3_layers_mol': 4, 'L3_out_dim': 80, 'L3_dropout': 0.04174917571336202, 'n_mlp_layers': 2, 'mlp_dim_0': 288, 'mlp_dim_1': 480, 'num_heads': 2, 'final_dropout': 0.09923223950885529, 'train_learning_rate': 0.0003411075318344245, 'train_lr_reduce': 0.6}. Best is trial 1073 with value: 0.009419886395335197.
[I 2024-12-26 16:00:53,850] Trial 1987 finished with value: 0.9802432656288147 and parameters: {'L1_hidden_dim': 80, 'L1_layers_atom': 3, 'L1_layers_mol': 4, 'L1_dropout': 0.0186337744965549, 'L1_out_dim': 64, 'L2_hidden_dim': 128, 'L2_layers_atom': 4, 'L2_layers_mol': 2, 'L2_out_dim': 128, 'L2_dropout': 0.14859975589956878, 'L3_hidden_dim': 64, 'L3_layers_atom': 3, 'L3_layers_mol': 1, 'L3_out_dim': 48, 'L3_dropout': 0.27394533272640653, 'n_mlp_layers': 3, 'mlp_dim_0': 280, 'mlp_dim_1': 264, 'mlp_dim_2': 512, 'num_heads': 2, 'final_dropout': 0.2787000863304465, 'train_learning_rate': 0.00019481576838789358, 'train_lr_reduce': 0.6}. Best is trial 1073 with value: 0.009419886395335197.
[I 2024-12-26 16:01:08,021] Trial 1986 finished with value: 0.010201217606663704 and parameters: {'L1_hidden_dim': 240, 'L1_layers_atom': 4, 'L1_layers_mol': 3, 'L1_dropout': 0.025058946712209155, 'L1_out_dim': 32, 'L2_hidden_dim': 224, 'L2_layers_atom': 1, 'L2_layers_mol': 2, 'L2_out_dim': 112, 'L2_dropout': 0.004896137326331339, 'L3_hidden_dim': 96, 'L3_layers_atom': 4, 'L3_layers_mol': 2, 'L3_out_dim': 96, 'L3_dropout': 0.16761299358085688, 'n_mlp_layers': 3, 'mlp_dim_0': 360, 'mlp_dim_1': 304, 'mlp_dim_2': 472, 'num_heads': 1, 'final_dropout': 0.09543957823322935, 'train_learning_rate': 0.00043379103420308014, 'train_lr_reduce': 0.6}. Best is trial 1073 with value: 0.009419886395335197.
[I 2024-12-26 16:01:33,617] Trial 1984 finished with value: 0.028848079964518547 and parameters: {'L1_hidden_dim': 176, 'L1_layers_atom': 1, 'L1_layers_mol': 3, 'L1_dropout': 0.2746240138290576, 'L1_out_dim': 96, 'L2_hidden_dim': 192, 'L2_layers_atom': 3, 'L2_layers_mol': 4, 'L2_out_dim': 32, 'L2_dropout': 0.05611956261689911, 'L3_hidden_dim': 32, 'L3_layers_atom': 1, 'L3_layers_mol': 1, 'L3_out_dim': 64, 'L3_dropout': 0.267989665493895, 'n_mlp_layers': 1, 'mlp_dim_0': 112, 'num_heads': 2, 'final_dropout': 0.053381060330130875, 'train_learning_rate': 0.00043988531160110564, 'train_lr_reduce': 0.6}. Best is trial 1073 with value: 0.009419886395335197.
[I 2024-12-26 16:02:59,509] Trial 1988 finished with value: 0.12707309424877167 and parameters: {'L1_hidden_dim': 112, 'L1_layers_atom': 1, 'L1_layers_mol': 1, 'L1_dropout': 0.14773670762550675, 'L1_out_dim': 96, 'L2_hidden_dim': 64, 'L2_layers_atom': 2, 'L2_layers_mol': 3, 'L2_out_dim': 112, 'L2_dropout': 0.28341883815643554, 'L3_hidden_dim': 64, 'L3_layers_atom': 4, 'L3_layers_mol': 4, 'L3_out_dim': 96, 'L3_dropout': 0.15908227146295326, 'n_mlp_layers': 1, 'mlp_dim_0': 440, 'num_heads': 2, 'final_dropout': 0.035809355823021194, 'train_learning_rate': 0.00026645182882666243, 'train_lr_reduce': 0.6}. Best is trial 1073 with value: 0.009419886395335197.
[I 2024-12-26 16:03:50,779] Trial 1989 finished with value: 0.010659472085535526 and parameters: {'L1_hidden_dim': 64, 'L1_layers_atom': 4, 'L1_layers_mol': 1, 'L1_dropout': 0.05342635805278244, 'L1_out_dim': 112, 'L2_hidden_dim': 256, 'L2_layers_atom': 1, 'L2_layers_mol': 1, 'L2_out_dim': 32, 'L2_dropout': 0.0053790932384010295, 'L3_hidden_dim': 48, 'L3_layers_atom': 1, 'L3_layers_mol': 2, 'L3_out_dim': 64, 'L3_dropout': 0.26415196292547083, 'n_mlp_layers': 3, 'mlp_dim_0': 448, 'mlp_dim_1': 232, 'mlp_dim_2': 144, 'num_heads': 2, 'final_dropout': 0.2984894885642088, 'train_learning_rate': 0.0006400125391069893, 'train_lr_reduce': 0.6}. Best is trial 1073 with value: 0.009419886395335197.
[I 2024-12-26 16:04:12,601] Trial 1990 finished with value: 0.017965367063879967 and parameters: {'L1_hidden_dim': 208, 'L1_layers_atom': 1, 'L1_layers_mol': 4, 'L1_dropout': 0.1557424001082179, 'L1_out_dim': 64, 'L2_hidden_dim': 64, 'L2_layers_atom': 4, 'L2_layers_mol': 4, 'L2_out_dim': 128, 'L2_dropout': 0.29567438523121214, 'L3_hidden_dim': 32, 'L3_layers_atom': 4, 'L3_layers_mol': 4, 'L3_out_dim': 64, 'L3_dropout': 0.25526060054559785, 'n_mlp_layers': 3, 'mlp_dim_0': 336, 'mlp_dim_1': 360, 'mlp_dim_2': 72, 'num_heads': 1, 'final_dropout': 0.2585094162968801, 'train_learning_rate': 0.0062393319619253465, 'train_lr_reduce': 0.6}. Best is trial 1073 with value: 0.009419886395335197.
[I 2024-12-26 16:05:51,696] Trial 1992 finished with value: 0.05265510454773903 and parameters: {'L1_hidden_dim': 128, 'L1_layers_atom': 1, 'L1_layers_mol': 1, 'L1_dropout': 0.2807492735672672, 'L1_out_dim': 32, 'L2_hidden_dim': 144, 'L2_layers_atom': 4, 'L2_layers_mol': 1, 'L2_out_dim': 32, 'L2_dropout': 0.29074625499639406, 'L3_hidden_dim': 80, 'L3_layers_atom': 1, 'L3_layers_mol': 3, 'L3_out_dim': 48, 'L3_dropout': 0.03866154250582607, 'n_mlp_layers': 1, 'mlp_dim_0': 160, 'num_heads': 1, 'final_dropout': 0.2866810784467827, 'train_learning_rate': 0.0001960021146089293, 'train_lr_reduce': 0.6}. Best is trial 1073 with value: 0.009419886395335197.
[I 2024-12-26 16:07:06,270] Trial 1993 finished with value: 0.019866425544023514 and parameters: {'L1_hidden_dim': 208, 'L1_layers_atom': 3, 'L1_layers_mol': 1, 'L1_dropout': 0.19904942823020427, 'L1_out_dim': 112, 'L2_hidden_dim': 176, 'L2_layers_atom': 4, 'L2_layers_mol': 2, 'L2_out_dim': 64, 'L2_dropout': 0.0560937368023017, 'L3_hidden_dim': 128, 'L3_layers_atom': 4, 'L3_layers_mol': 4, 'L3_out_dim': 32, 'L3_dropout': 0.23521515312978405, 'n_mlp_layers': 3, 'mlp_dim_0': 112, 'mlp_dim_1': 512, 'mlp_dim_2': 368, 'num_heads': 2, 'final_dropout': 0.06245712027316376, 'train_learning_rate': 0.00033836697385305906, 'train_lr_reduce': 0.6}. Best is trial 1073 with value: 0.009419886395335197.
[I 2024-12-26 16:08:21,788] Trial 1994 finished with value: 0.013415089808404446 and parameters: {'L1_hidden_dim': 240, 'L1_layers_atom': 4, 'L1_layers_mol': 3, 'L1_dropout': 0.04454895233611172, 'L1_out_dim': 48, 'L2_hidden_dim': 192, 'L2_layers_atom': 2, 'L2_layers_mol': 1, 'L2_out_dim': 80, 'L2_dropout': 0.09684055800437635, 'L3_hidden_dim': 96, 'L3_layers_atom': 3, 'L3_layers_mol': 3, 'L3_out_dim': 128, 'L3_dropout': 0.2619209648880069, 'n_mlp_layers': 3, 'mlp_dim_0': 472, 'mlp_dim_1': 296, 'mlp_dim_2': 328, 'num_heads': 1, 'final_dropout': 0.1433722333021732, 'train_learning_rate': 0.001357412303730794, 'train_lr_reduce': 0.6}. Best is trial 1073 with value: 0.009419886395335197.
[I 2024-12-26 16:08:26,648] Trial 1991 finished with value: 0.01842859573662281 and parameters: {'L1_hidden_dim': 96, 'L1_layers_atom': 1, 'L1_layers_mol': 2, 'L1_dropout': 0.1624185926860145, 'L1_out_dim': 64, 'L2_hidden_dim': 208, 'L2_layers_atom': 1, 'L2_layers_mol': 4, 'L2_out_dim': 96, 'L2_dropout': 0.08076634322111095, 'L3_hidden_dim': 80, 'L3_layers_atom': 3, 'L3_layers_mol': 1, 'L3_out_dim': 128, 'L3_dropout': 0.07401764675429628, 'n_mlp_layers': 3, 'mlp_dim_0': 416, 'mlp_dim_1': 328, 'mlp_dim_2': 432, 'num_heads': 2, 'final_dropout': 0.1701980943946198, 'train_learning_rate': 0.0019464394553541566, 'train_lr_reduce': 0.6}. Best is trial 1073 with value: 0.009419886395335197.
[I 2024-12-26 16:09:15,104] Trial 1995 finished with value: 0.027531389147043228 and parameters: {'L1_hidden_dim': 144, 'L1_layers_atom': 1, 'L1_layers_mol': 1, 'L1_dropout': 0.21743910518251014, 'L1_out_dim': 96, 'L2_hidden_dim': 240, 'L2_layers_atom': 3, 'L2_layers_mol': 1, 'L2_out_dim': 80, 'L2_dropout': 0.2954399501692438, 'L3_hidden_dim': 96, 'L3_layers_atom': 3, 'L3_layers_mol': 4, 'L3_out_dim': 80, 'L3_dropout': 0.08965026112871236, 'n_mlp_layers': 3, 'mlp_dim_0': 128, 'mlp_dim_1': 248, 'mlp_dim_2': 32, 'num_heads': 1, 'final_dropout': 0.07571677446098103, 'train_learning_rate': 0.00024760769156765064, 'train_lr_reduce': 0.6}. Best is trial 1073 with value: 0.009419886395335197.
[I 2024-12-26 16:10:29,950] Trial 1996 finished with value: 0.18880197405815125 and parameters: {'L1_hidden_dim': 176, 'L1_layers_atom': 1, 'L1_layers_mol': 1, 'L1_dropout': 0.07942060779802605, 'L1_out_dim': 96, 'L2_hidden_dim': 208, 'L2_layers_atom': 4, 'L2_layers_mol': 4, 'L2_out_dim': 96, 'L2_dropout': 0.2726011667023459, 'L3_hidden_dim': 80, 'L3_layers_atom': 3, 'L3_layers_mol': 4, 'L3_out_dim': 64, 'L3_dropout': 0.249822475561097, 'n_mlp_layers': 2, 'mlp_dim_0': 344, 'mlp_dim_1': 344, 'num_heads': 1, 'final_dropout': 0.2773136077093115, 'train_learning_rate': 0.00011691836300979057, 'train_lr_reduce': 0.6}. Best is trial 1073 with value: 0.009419886395335197.
[I 2024-12-26 16:10:54,782] Trial 1997 finished with value: 0.014819453470408916 and parameters: {'L1_hidden_dim': 96, 'L1_layers_atom': 4, 'L1_layers_mol': 1, 'L1_dropout': 0.025801195130875355, 'L1_out_dim': 112, 'L2_hidden_dim': 144, 'L2_layers_atom': 1, 'L2_layers_mol': 4, 'L2_out_dim': 112, 'L2_dropout': 0.014634195276227668, 'L3_hidden_dim': 96, 'L3_layers_atom': 4, 'L3_layers_mol': 1, 'L3_out_dim': 128, 'L3_dropout': 0.07614673046021717, 'n_mlp_layers': 3, 'mlp_dim_0': 304, 'mlp_dim_1': 296, 'mlp_dim_2': 440, 'num_heads': 1, 'final_dropout': 0.1639114331866066, 'train_learning_rate': 0.002482947305961925, 'train_lr_reduce': 0.6}. Best is trial 1073 with value: 0.009419886395335197.
[I 2024-12-26 16:12:10,640] Trial 1998 finished with value: 0.009725140407681465 and parameters: {'L1_hidden_dim': 64, 'L1_layers_atom': 3, 'L1_layers_mol': 2, 'L1_dropout': 0.015786266428009562, 'L1_out_dim': 32, 'L2_hidden_dim': 240, 'L2_layers_atom': 1, 'L2_layers_mol': 4, 'L2_out_dim': 128, 'L2_dropout': 0.04401567628454523, 'L3_hidden_dim': 80, 'L3_layers_atom': 3, 'L3_layers_mol': 1, 'L3_out_dim': 128, 'L3_dropout': 0.03275815295361664, 'n_mlp_layers': 3, 'mlp_dim_0': 472, 'mlp_dim_1': 232, 'mlp_dim_2': 472, 'num_heads': 2, 'final_dropout': 0.03086450066141075, 'train_learning_rate': 0.00037147599361519383, 'train_lr_reduce': 0.6}. Best is trial 1073 with value: 0.009419886395335197.
[I 2024-12-26 16:12:27,761] Trial 1999 finished with value: 0.06795637309551239 and parameters: {'L1_hidden_dim': 192, 'L1_layers_atom': 4, 'L1_layers_mol': 4, 'L1_dropout': 0.2650296798142061, 'L1_out_dim': 96, 'L2_hidden_dim': 112, 'L2_layers_atom': 1, 'L2_layers_mol': 4, 'L2_out_dim': 80, 'L2_dropout': 0.28628779384646796, 'L3_hidden_dim': 64, 'L3_layers_atom': 2, 'L3_layers_mol': 1, 'L3_out_dim': 32, 'L3_dropout': 0.11752193492836265, 'n_mlp_layers': 1, 'mlp_dim_0': 216, 'num_heads': 2, 'final_dropout': 0.03268727169339902, 'train_learning_rate': 0.0001934122692072019, 'train_lr_reduce': 0.6}. Best is trial 1073 with value: 0.009419886395335197.
[I 2024-12-26 16:12:34,440] Trial 2000 finished with value: 0.018871789798140526 and parameters: {'L1_hidden_dim': 96, 'L1_layers_atom': 4, 'L1_layers_mol': 2, 'L1_dropout': 0.14097883366925562, 'L1_out_dim': 80, 'L2_hidden_dim': 144, 'L2_layers_atom': 3, 'L2_layers_mol': 2, 'L2_out_dim': 32, 'L2_dropout': 0.09585680680264864, 'L3_hidden_dim': 128, 'L3_layers_atom': 3, 'L3_layers_mol': 1, 'L3_out_dim': 128, 'L3_dropout': 0.025577138749467543, 'n_mlp_layers': 3, 'mlp_dim_0': 232, 'mlp_dim_1': 360, 'mlp_dim_2': 392, 'num_heads': 2, 'final_dropout': 0.19257043985195632, 'train_learning_rate': 0.0017072022013523076, 'train_lr_reduce': 0.6}. Best is trial 1073 with value: 0.009419886395335197.
[I 2024-12-26 16:14:57,619] Trial 2002 finished with value: 0.010608077980577946 and parameters: {'L1_hidden_dim': 96, 'L1_layers_atom': 3, 'L1_layers_mol': 3, 'L1_dropout': 0.033402968629286, 'L1_out_dim': 32, 'L2_hidden_dim': 240, 'L2_layers_atom': 1, 'L2_layers_mol': 4, 'L2_out_dim': 112, 'L2_dropout': 0.020288963461764533, 'L3_hidden_dim': 80, 'L3_layers_atom': 4, 'L3_layers_mol': 1, 'L3_out_dim': 128, 'L3_dropout': 0.0010738985851312804, 'n_mlp_layers': 3, 'mlp_dim_0': 408, 'mlp_dim_1': 216, 'mlp_dim_2': 104, 'num_heads': 2, 'final_dropout': 0.034115332256854716, 'train_learning_rate': 0.00045006861879876145, 'train_lr_reduce': 0.6}. Best is trial 1073 with value: 0.009419886395335197.
[I 2024-12-26 16:14:58,806] Trial 2001 finished with value: 0.018162082880735397 and parameters: {'L1_hidden_dim': 208, 'L1_layers_atom': 3, 'L1_layers_mol': 1, 'L1_dropout': 0.0164160681944802, 'L1_out_dim': 112, 'L2_hidden_dim': 224, 'L2_layers_atom': 1, 'L2_layers_mol': 4, 'L2_out_dim': 64, 'L2_dropout': 0.06341976164496382, 'L3_hidden_dim': 96, 'L3_layers_atom': 4, 'L3_layers_mol': 1, 'L3_out_dim': 80, 'L3_dropout': 0.15394771473178426, 'n_mlp_layers': 2, 'mlp_dim_0': 512, 'mlp_dim_1': 216, 'num_heads': 1, 'final_dropout': 0.027651321272193097, 'train_learning_rate': 0.001249830064639129, 'train_lr_reduce': 0.6}. Best is trial 1073 with value: 0.009419886395335197.
[I 2024-12-26 16:16:17,608] Trial 2003 finished with value: 0.025633327662944794 and parameters: {'L1_hidden_dim': 96, 'L1_layers_atom': 4, 'L1_layers_mol': 3, 'L1_dropout': 0.0009291861700330452, 'L1_out_dim': 32, 'L2_hidden_dim': 240, 'L2_layers_atom': 1, 'L2_layers_mol': 4, 'L2_out_dim': 112, 'L2_dropout': 0.13892634759886183, 'L3_hidden_dim': 96, 'L3_layers_atom': 2, 'L3_layers_mol': 1, 'L3_out_dim': 112, 'L3_dropout': 0.08107904662575982, 'n_mlp_layers': 3, 'mlp_dim_0': 512, 'mlp_dim_1': 216, 'mlp_dim_2': 472, 'num_heads': 2, 'final_dropout': 0.04685248001763288, 'train_learning_rate': 0.00014759454709656564, 'train_lr_reduce': 0.6}. Best is trial 1073 with value: 0.009419886395335197.
[I 2024-12-26 16:17:27,740] Trial 2005 finished with value: 0.010491723194718361 and parameters: {'L1_hidden_dim': 96, 'L1_layers_atom': 3, 'L1_layers_mol': 3, 'L1_dropout': 0.0377395139867385, 'L1_out_dim': 32, 'L2_hidden_dim': 224, 'L2_layers_atom': 1, 'L2_layers_mol': 3, 'L2_out_dim': 96, 'L2_dropout': 0.00030338894409567135, 'L3_hidden_dim': 112, 'L3_layers_atom': 3, 'L3_layers_mol': 1, 'L3_out_dim': 96, 'L3_dropout': 0.07417386032168141, 'n_mlp_layers': 3, 'mlp_dim_0': 392, 'mlp_dim_1': 224, 'mlp_dim_2': 416, 'num_heads': 2, 'final_dropout': 0.10801554240652883, 'train_learning_rate': 0.0003997824057454854, 'train_lr_reduce': 0.6}. Best is trial 1073 with value: 0.009419886395335197.
[I 2024-12-26 16:18:15,850] Trial 2006 finished with value: 0.02430690824985504 and parameters: {'L1_hidden_dim': 128, 'L1_layers_atom': 1, 'L1_layers_mol': 3, 'L1_dropout': 0.18961452674919108, 'L1_out_dim': 32, 'L2_hidden_dim': 224, 'L2_layers_atom': 4, 'L2_layers_mol': 1, 'L2_out_dim': 112, 'L2_dropout': 0.03347612798833462, 'L3_hidden_dim': 96, 'L3_layers_atom': 1, 'L3_layers_mol': 4, 'L3_out_dim': 128, 'L3_dropout': 0.18659709424503285, 'n_mlp_layers': 3, 'mlp_dim_0': 504, 'mlp_dim_1': 480, 'mlp_dim_2': 480, 'num_heads': 2, 'final_dropout': 0.02086024065921549, 'train_learning_rate': 0.00483874803510144, 'train_lr_reduce': 0.6}. Best is trial 1073 with value: 0.009419886395335197.
[I 2024-12-26 16:18:31,104] Trial 2004 finished with value: 0.01322261430323124 and parameters: {'L1_hidden_dim': 160, 'L1_layers_atom': 3, 'L1_layers_mol': 3, 'L1_dropout': 0.01907932949481448, 'L1_out_dim': 112, 'L2_hidden_dim': 224, 'L2_layers_atom': 1, 'L2_layers_mol': 4, 'L2_out_dim': 32, 'L2_dropout': 0.07663449051777897, 'L3_hidden_dim': 48, 'L3_layers_atom': 4, 'L3_layers_mol': 2, 'L3_out_dim': 128, 'L3_dropout': 0.08043109595637518, 'n_mlp_layers': 3, 'mlp_dim_0': 176, 'mlp_dim_1': 480, 'mlp_dim_2': 72, 'num_heads': 2, 'final_dropout': 0.16316547527522215, 'train_learning_rate': 0.0001846166212957665, 'train_lr_reduce': 0.6}. Best is trial 1073 with value: 0.009419886395335197.
[I 2024-12-26 16:19:57,467] Trial 2007 finished with value: 0.011713847517967224 and parameters: {'L1_hidden_dim': 96, 'L1_layers_atom': 3, 'L1_layers_mol': 2, 'L1_dropout': 0.14246411010549026, 'L1_out_dim': 64, 'L2_hidden_dim': 192, 'L2_layers_atom': 1, 'L2_layers_mol': 3, 'L2_out_dim': 128, 'L2_dropout': 0.002696335594811014, 'L3_hidden_dim': 96, 'L3_layers_atom': 4, 'L3_layers_mol': 1, 'L3_out_dim': 112, 'L3_dropout': 0.06960082171738628, 'n_mlp_layers': 3, 'mlp_dim_0': 304, 'mlp_dim_1': 224, 'mlp_dim_2': 144, 'num_heads': 1, 'final_dropout': 0.12333568494231327, 'train_learning_rate': 0.00029207518644173486, 'train_lr_reduce': 0.6}. Best is trial 1073 with value: 0.009419886395335197.
[I 2024-12-26 16:21:14,547] Trial 2009 finished with value: 0.01156721729785204 and parameters: {'L1_hidden_dim': 80, 'L1_layers_atom': 2, 'L1_layers_mol': 2, 'L1_dropout': 0.036719233707901325, 'L1_out_dim': 32, 'L2_hidden_dim': 256, 'L2_layers_atom': 2, 'L2_layers_mol': 4, 'L2_out_dim': 96, 'L2_dropout': 0.03173769413834329, 'L3_hidden_dim': 112, 'L3_layers_atom': 3, 'L3_layers_mol': 1, 'L3_out_dim': 128, 'L3_dropout': 0.08511523361214327, 'n_mlp_layers': 2, 'mlp_dim_0': 408, 'mlp_dim_1': 360, 'num_heads': 2, 'final_dropout': 0.027252217095967594, 'train_learning_rate': 0.0002331492823384801, 'train_lr_reduce': 0.6}. Best is trial 1073 with value: 0.009419886395335197.
[I 2024-12-26 16:21:40,224] Trial 2008 finished with value: 0.016380229964852333 and parameters: {'L1_hidden_dim': 96, 'L1_layers_atom': 3, 'L1_layers_mol': 1, 'L1_dropout': 0.007517075378018481, 'L1_out_dim': 32, 'L2_hidden_dim': 208, 'L2_layers_atom': 1, 'L2_layers_mol': 4, 'L2_out_dim': 128, 'L2_dropout': 0.07503623547137526, 'L3_hidden_dim': 112, 'L3_layers_atom': 3, 'L3_layers_mol': 1, 'L3_out_dim': 128, 'L3_dropout': 0.05464039564497515, 'n_mlp_layers': 2, 'mlp_dim_0': 480, 'mlp_dim_1': 480, 'num_heads': 1, 'final_dropout': 0.04051482408276612, 'train_learning_rate': 0.0003194602853831404, 'train_lr_reduce': 0.6}. Best is trial 1073 with value: 0.009419886395335197.
[I 2024-12-26 16:23:02,721] Trial 2011 finished with value: 0.013512757606804371 and parameters: {'L1_hidden_dim': 192, 'L1_layers_atom': 4, 'L1_layers_mol': 1, 'L1_dropout': 0.05324460013870315, 'L1_out_dim': 64, 'L2_hidden_dim': 192, 'L2_layers_atom': 1, 'L2_layers_mol': 1, 'L2_out_dim': 128, 'L2_dropout': 0.047934908612865854, 'L3_hidden_dim': 64, 'L3_layers_atom': 3, 'L3_layers_mol': 2, 'L3_out_dim': 80, 'L3_dropout': 0.037067848978228644, 'n_mlp_layers': 3, 'mlp_dim_0': 240, 'mlp_dim_1': 128, 'mlp_dim_2': 424, 'num_heads': 1, 'final_dropout': 0.26475649232066933, 'train_learning_rate': 0.0008208542649418013, 'train_lr_reduce': 0.6}. Best is trial 1073 with value: 0.009419886395335197.
