[I 2024-12-19 21:53:35,164] Trial 1985 finished with value: 0.14419235289096832 and parameters: {'mlp_n_layers': 1, 'mlp_dim_00': 350, 'node_hidden_dim': 33, 'edge_hidden_dim': 66, 'depth': 1, 'rep_dropout': 0.007305608659277721, 'train_learning_rate': 0.005570152762373107, 'train_lr_reduce': 0.6}. Best is trial 1909 with value: 0.10777772963047028.
[I 2024-12-19 21:53:37,307] Trial 1991 finished with value: 0.2681848406791687 and parameters: {'mlp_n_layers': 2, 'mlp_dim_00': 506, 'mlp_dim_01': 108, 'node_hidden_dim': 35, 'edge_hidden_dim': 92, 'depth': 1, 'rep_dropout': 0.013792604547146326, 'train_learning_rate': 0.0057534718254949, 'train_lr_reduce': 0.6}. Best is trial 1909 with value: 0.10777772963047028.
[I 2024-12-19 21:53:40,442] Trial 1992 finished with value: 1.1459310054779053 and parameters: {'mlp_n_layers': 1, 'mlp_dim_00': 317, 'node_hidden_dim': 61, 'edge_hidden_dim': 61, 'depth': 2, 'rep_dropout': 0.015085676943296624, 'train_learning_rate': 0.002967706616735101, 'train_lr_reduce': 0.6}. Best is trial 1909 with value: 0.10777772963047028.
[I 2024-12-19 21:53:43,157] Trial 1990 finished with value: 0.15333470702171326 and parameters: {'mlp_n_layers': 2, 'mlp_dim_00': 385, 'mlp_dim_01': 156, 'node_hidden_dim': 34, 'edge_hidden_dim': 63, 'depth': 1, 'rep_dropout': 0.0003993717758072274, 'train_learning_rate': 0.003839807744273013, 'train_lr_reduce': 0.6}. Best is trial 1909 with value: 0.10777772963047028.
[I 2024-12-19 21:54:05,200] Trial 1995 finished with value: 0.1929170936346054 and parameters: {'mlp_n_layers': 1, 'mlp_dim_00': 459, 'node_hidden_dim': 34, 'edge_hidden_dim': 82, 'depth': 1, 'rep_dropout': 0.005089225430839582, 'train_learning_rate': 0.003495493494153092, 'train_lr_reduce': 0.6}. Best is trial 1909 with value: 0.10777772963047028.
[I 2024-12-19 21:54:10,426] Trial 1996 finished with value: 1.1439729928970337 and parameters: {'mlp_n_layers': 2, 'mlp_dim_00': 393, 'mlp_dim_01': 195, 'node_hidden_dim': 32, 'edge_hidden_dim': 50, 'depth': 1, 'rep_dropout': 0.027130648341990003, 'train_learning_rate': 0.0022525492493582996, 'train_lr_reduce': 0.6}. Best is trial 1909 with value: 0.10777772963047028.
[I 2024-12-19 21:54:17,140] Trial 1993 finished with value: 0.14119280874729156 and parameters: {'mlp_n_layers': 3, 'mlp_dim_00': 498, 'mlp_dim_01': 157, 'mlp_dim_02': 362, 'node_hidden_dim': 34, 'edge_hidden_dim': 83, 'depth': 1, 'rep_dropout': 0.007506150405463569, 'train_learning_rate': 0.003138779370092201, 'train_lr_reduce': 0.6}. Best is trial 1909 with value: 0.10777772963047028.
[I 2024-12-19 21:54:22,330] Trial 1994 finished with value: 0.13641637563705444 and parameters: {'mlp_n_layers': 1, 'mlp_dim_00': 351, 'node_hidden_dim': 35, 'edge_hidden_dim': 56, 'depth': 1, 'rep_dropout': 0.0004685370838883122, 'train_learning_rate': 0.003370563163623256, 'train_lr_reduce': 0.6}. Best is trial 1909 with value: 0.10777772963047028.
[I 2024-12-19 21:54:38,152] Trial 1997 finished with value: 0.20685994625091553 and parameters: {'mlp_n_layers': 1, 'mlp_dim_00': 453, 'node_hidden_dim': 57, 'edge_hidden_dim': 66, 'depth': 1, 'rep_dropout': 0.019769564262282695, 'train_learning_rate': 0.005253196223369655, 'train_lr_reduce': 0.6}. Best is trial 1909 with value: 0.10777772963047028.
[I 2024-12-19 21:54:39,604] Trial 1998 finished with value: 0.1948733627796173 and parameters: {'mlp_n_layers': 1, 'mlp_dim_00': 480, 'node_hidden_dim': 32, 'edge_hidden_dim': 62, 'depth': 1, 'rep_dropout': 0.005604275835042902, 'train_learning_rate': 0.005546387140191097, 'train_lr_reduce': 0.6}. Best is trial 1909 with value: 0.10777772963047028.
[I 2024-12-19 21:54:44,842] Trial 2000 finished with value: 1.1432124376296997 and parameters: {'mlp_n_layers': 4, 'mlp_dim_00': 496, 'mlp_dim_01': 64, 'mlp_dim_02': 246, 'mlp_dim_03': 188, 'node_hidden_dim': 122, 'edge_hidden_dim': 73, 'depth': 3, 'rep_dropout': 0.019445010202160974, 'train_learning_rate': 0.001235917453630333, 'train_lr_reduce': 0.6}. Best is trial 1909 with value: 0.10777772963047028.
[I 2024-12-19 21:55:03,131] Trial 1999 finished with value: 0.14413176476955414 and parameters: {'mlp_n_layers': 1, 'mlp_dim_00': 457, 'node_hidden_dim': 47, 'edge_hidden_dim': 80, 'depth': 1, 'rep_dropout': 0.03312892217956701, 'train_learning_rate': 0.0041718627569146, 'train_lr_reduce': 0.6}. Best is trial 1909 with value: 0.10777772963047028.
[I 2024-12-19 21:55:08,684] Trial 2003 finished with value: 1.1421918869018555 and parameters: {'mlp_n_layers': 1, 'mlp_dim_00': 504, 'node_hidden_dim': 53, 'edge_hidden_dim': 45, 'depth': 1, 'rep_dropout': 0.061646241581311, 'train_learning_rate': 0.0017745789777552348, 'train_lr_reduce': 0.6}. Best is trial 1909 with value: 0.10777772963047028.
[I 2024-12-19 21:55:16,947] Trial 2004 finished with value: 1.1478583812713623 and parameters: {'mlp_n_layers': 4, 'mlp_dim_00': 401, 'mlp_dim_01': 218, 'mlp_dim_02': 464, 'mlp_dim_03': 451, 'node_hidden_dim': 97, 'edge_hidden_dim': 33, 'depth': 4, 'rep_dropout': 0.017420961824485152, 'train_learning_rate': 0.008344205654991325, 'train_lr_reduce': 0.6}. Best is trial 1909 with value: 0.10777772963047028.
[I 2024-12-19 21:55:26,007] Trial 2001 finished with value: 0.20804035663604736 and parameters: {'mlp_n_layers': 2, 'mlp_dim_00': 153, 'mlp_dim_01': 114, 'node_hidden_dim': 121, 'edge_hidden_dim': 109, 'depth': 1, 'rep_dropout': 0.0559934671616768, 'train_learning_rate': 0.0017490526981356728, 'train_lr_reduce': 0.6}. Best is trial 1909 with value: 0.10777772963047028.
[I 2024-12-19 21:55:29,818] Trial 2002 finished with value: 0.16316457092761993 and parameters: {'mlp_n_layers': 2, 'mlp_dim_00': 333, 'mlp_dim_01': 144, 'node_hidden_dim': 32, 'edge_hidden_dim': 50, 'depth': 1, 'rep_dropout': 0.0039341978217811244, 'train_learning_rate': 0.007473611251217468, 'train_lr_reduce': 0.6}. Best is trial 1909 with value: 0.10777772963047028.
[I 2024-12-19 21:55:39,974] Trial 2005 finished with value: 0.2641248404979706 and parameters: {'mlp_n_layers': 1, 'mlp_dim_00': 497, 'node_hidden_dim': 32, 'edge_hidden_dim': 50, 'depth': 1, 'rep_dropout': 0.052480169773797894, 'train_learning_rate': 0.005541308260166295, 'train_lr_reduce': 0.6}. Best is trial 1909 with value: 0.10777772963047028.
[I 2024-12-19 21:55:44,831] Trial 2008 finished with value: 1.1427353620529175 and parameters: {'mlp_n_layers': 2, 'mlp_dim_00': 398, 'mlp_dim_01': 108, 'node_hidden_dim': 54, 'edge_hidden_dim': 94, 'depth': 1, 'rep_dropout': 0.0004150062110863176, 'train_learning_rate': 0.001740771104570804, 'train_lr_reduce': 0.6}. Best is trial 1909 with value: 0.10777772963047028.
[I 2024-12-19 21:55:50,182] Trial 2009 finished with value: 1.1446425914764404 and parameters: {'mlp_n_layers': 1, 'mlp_dim_00': 429, 'node_hidden_dim': 33, 'edge_hidden_dim': 42, 'depth': 2, 'rep_dropout': 0.024545094453697135, 'train_learning_rate': 0.0026995596652734065, 'train_lr_reduce': 0.6}. Best is trial 1909 with value: 0.10777772963047028.
[I 2024-12-19 21:55:50,187] Trial 2006 finished with value: 0.19975608587265015 and parameters: {'mlp_n_layers': 1, 'mlp_dim_00': 334, 'node_hidden_dim': 32, 'edge_hidden_dim': 55, 'depth': 1, 'rep_dropout': 0.0028009277827653768, 'train_learning_rate': 0.003005228799685732, 'train_lr_reduce': 0.6}. Best is trial 1909 with value: 0.10777772963047028.
[I 2024-12-19 21:55:55,281] Trial 2007 finished with value: 0.2329779714345932 and parameters: {'mlp_n_layers': 1, 'mlp_dim_00': 376, 'node_hidden_dim': 47, 'edge_hidden_dim': 44, 'depth': 1, 'rep_dropout': 0.022835390345180614, 'train_learning_rate': 0.0019616373267177844, 'train_lr_reduce': 0.6}. Best is trial 1909 with value: 0.10777772963047028.
[I 2024-12-19 21:56:01,435] Trial 2012 finished with value: 1.14804208278656 and parameters: {'mlp_n_layers': 1, 'mlp_dim_00': 413, 'node_hidden_dim': 50, 'edge_hidden_dim': 73, 'depth': 2, 'rep_dropout': 0.023111533569054574, 'train_learning_rate': 0.003176502387039654, 'train_lr_reduce': 0.6}. Best is trial 1909 with value: 0.10777772963047028.
[I 2024-12-19 21:56:30,068] Trial 2010 finished with value: 0.12536922097206116 and parameters: {'mlp_n_layers': 1, 'mlp_dim_00': 480, 'node_hidden_dim': 32, 'edge_hidden_dim': 61, 'depth': 1, 'rep_dropout': 0.041280318645498054, 'train_learning_rate': 0.0027678191740838436, 'train_lr_reduce': 0.6}. Best is trial 1909 with value: 0.10777772963047028.
[I 2024-12-19 21:56:32,111] Trial 2011 finished with value: 0.1390713006258011 and parameters: {'mlp_n_layers': 1, 'mlp_dim_00': 431, 'node_hidden_dim': 35, 'edge_hidden_dim': 44, 'depth': 1, 'rep_dropout': 0.026241462229652176, 'train_learning_rate': 0.0039087754361516, 'train_lr_reduce': 0.6}. Best is trial 1909 with value: 0.10777772963047028.
[I 2024-12-19 21:56:43,723] Trial 2013 finished with value: 0.12251482158899307 and parameters: {'mlp_n_layers': 1, 'mlp_dim_00': 506, 'node_hidden_dim': 33, 'edge_hidden_dim': 73, 'depth': 1, 'rep_dropout': 0.0631673186019693, 'train_learning_rate': 0.0032639419270867986, 'train_lr_reduce': 0.6}. Best is trial 1909 with value: 0.10777772963047028.
[I 2024-12-19 21:56:45,088] Trial 2015 finished with value: 0.35242539644241333 and parameters: {'mlp_n_layers': 2, 'mlp_dim_00': 512, 'mlp_dim_01': 167, 'node_hidden_dim': 35, 'edge_hidden_dim': 73, 'depth': 1, 'rep_dropout': 0.014466728828138289, 'train_learning_rate': 0.005046258652910501, 'train_lr_reduce': 0.6}. Best is trial 1909 with value: 0.10777772963047028.
[I 2024-12-19 21:56:49,612] Trial 2016 finished with value: 1.141822099685669 and parameters: {'mlp_n_layers': 2, 'mlp_dim_00': 74, 'mlp_dim_01': 99, 'node_hidden_dim': 101, 'edge_hidden_dim': 46, 'depth': 1, 'rep_dropout': 0.13470837955900536, 'train_learning_rate': 0.00027142186783681715, 'train_lr_reduce': 0.6}. Best is trial 1909 with value: 0.10777772963047028.
[I 2024-12-19 21:57:09,421] Trial 2014 finished with value: 0.1749969869852066 and parameters: {'mlp_n_layers': 1, 'mlp_dim_00': 437, 'node_hidden_dim': 56, 'edge_hidden_dim': 57, 'depth': 1, 'rep_dropout': 0.02260354898277202, 'train_learning_rate': 0.00476746184241729, 'train_lr_reduce': 0.6}. Best is trial 1909 with value: 0.10777772963047028.
[I 2024-12-19 21:57:24,865] Trial 2017 finished with value: 0.17967703938484192 and parameters: {'mlp_n_layers': 1, 'mlp_dim_00': 508, 'node_hidden_dim': 33, 'edge_hidden_dim': 68, 'depth': 1, 'rep_dropout': 0.02528830906684774, 'train_learning_rate': 0.005419292506416241, 'train_lr_reduce': 0.6}. Best is trial 1909 with value: 0.10777772963047028.
[I 2024-12-19 21:57:30,817] Trial 2018 finished with value: 0.1438313126564026 and parameters: {'mlp_n_layers': 1, 'mlp_dim_00': 449, 'node_hidden_dim': 51, 'edge_hidden_dim': 41, 'depth': 1, 'rep_dropout': 0.010334015422918282, 'train_learning_rate': 0.004232340290096338, 'train_lr_reduce': 0.6}. Best is trial 1909 with value: 0.10777772963047028.
[I 2024-12-19 21:57:34,002] Trial 2019 finished with value: 0.19337087869644165 and parameters: {'mlp_n_layers': 2, 'mlp_dim_00': 504, 'mlp_dim_01': 176, 'node_hidden_dim': 35, 'edge_hidden_dim': 61, 'depth': 1, 'rep_dropout': 0.011316958478422057, 'train_learning_rate': 0.005037972362789846, 'train_lr_reduce': 0.6}. Best is trial 1909 with value: 0.10777772963047028.
[I 2024-12-19 21:58:06,030] Trial 2022 finished with value: 0.1967000663280487 and parameters: {'mlp_n_layers': 1, 'mlp_dim_00': 439, 'node_hidden_dim': 54, 'edge_hidden_dim': 48, 'depth': 1, 'rep_dropout': 0.02776700120025371, 'train_learning_rate': 0.0022600917909462053, 'train_lr_reduce': 0.6}. Best is trial 1909 with value: 0.10777772963047028.
[I 2024-12-19 21:58:11,828] Trial 2020 finished with value: 0.2500808835029602 and parameters: {'mlp_n_layers': 4, 'mlp_dim_00': 427, 'mlp_dim_01': 213, 'mlp_dim_02': 110, 'mlp_dim_03': 389, 'node_hidden_dim': 89, 'edge_hidden_dim': 63, 'depth': 1, 'rep_dropout': 0.05478963040523903, 'train_learning_rate': 0.0016426114201179556, 'train_lr_reduce': 0.6}. Best is trial 1909 with value: 0.10777772963047028.
[I 2024-12-19 21:58:18,849] Trial 2021 finished with value: 0.14364206790924072 and parameters: {'mlp_n_layers': 3, 'mlp_dim_00': 341, 'mlp_dim_01': 95, 'mlp_dim_02': 396, 'node_hidden_dim': 58, 'edge_hidden_dim': 58, 'depth': 1, 'rep_dropout': 0.001118880626971912, 'train_learning_rate': 0.002467021295989498, 'train_lr_reduce': 0.6}. Best is trial 1909 with value: 0.10777772963047028.
[I 2024-12-19 21:58:24,745] Trial 2025 finished with value: 1.1422628164291382 and parameters: {'mlp_n_layers': 2, 'mlp_dim_00': 501, 'mlp_dim_01': 143, 'node_hidden_dim': 69, 'edge_hidden_dim': 76, 'depth': 2, 'rep_dropout': 0.004528464756818472, 'train_learning_rate': 0.002670922966715147, 'train_lr_reduce': 0.6}. Best is trial 1909 with value: 0.10777772963047028.
[I 2024-12-19 21:58:46,031] Trial 2023 finished with value: 0.13646776974201202 and parameters: {'mlp_n_layers': 1, 'mlp_dim_00': 384, 'node_hidden_dim': 47, 'edge_hidden_dim': 61, 'depth': 1, 'rep_dropout': 0.03562716440677582, 'train_learning_rate': 0.0027294383946919127, 'train_lr_reduce': 0.6}. Best is trial 1909 with value: 0.10777772963047028.
[I 2024-12-19 21:58:51,901] Trial 2024 finished with value: 0.1315813809633255 and parameters: {'mlp_n_layers': 1, 'mlp_dim_00': 425, 'node_hidden_dim': 32, 'edge_hidden_dim': 50, 'depth': 1, 'rep_dropout': 0.048333864724386666, 'train_learning_rate': 0.0028339888998599795, 'train_lr_reduce': 0.6}. Best is trial 1909 with value: 0.10777772963047028.
[I 2024-12-19 21:58:52,375] Trial 2027 finished with value: 1.1422581672668457 and parameters: {'mlp_n_layers': 2, 'mlp_dim_00': 216, 'mlp_dim_01': 68, 'node_hidden_dim': 65, 'edge_hidden_dim': 64, 'depth': 4, 'rep_dropout': 0.13158303265432722, 'train_learning_rate': 0.0017832073283995276, 'train_lr_reduce': 0.6}. Best is trial 1909 with value: 0.10777772963047028.
[I 2024-12-19 21:59:08,677] Trial 2026 finished with value: 0.11547709256410599 and parameters: {'mlp_n_layers': 2, 'mlp_dim_00': 490, 'mlp_dim_01': 140, 'node_hidden_dim': 45, 'edge_hidden_dim': 72, 'depth': 1, 'rep_dropout': 0.0006815542396491556, 'train_learning_rate': 0.003227042094994091, 'train_lr_reduce': 0.6}. Best is trial 1909 with value: 0.10777772963047028.
[I 2024-12-19 21:59:15,281] Trial 2030 finished with value: 1.145662784576416 and parameters: {'mlp_n_layers': 3, 'mlp_dim_00': 67, 'mlp_dim_01': 143, 'mlp_dim_02': 216, 'node_hidden_dim': 86, 'edge_hidden_dim': 103, 'depth': 4, 'rep_dropout': 0.13377596039708195, 'train_learning_rate': 0.005599963494456046, 'train_lr_reduce': 0.6}. Best is trial 1909 with value: 0.10777772963047028.
[I 2024-12-19 21:59:21,242] Trial 2028 finished with value: 0.23387306928634644 and parameters: {'mlp_n_layers': 2, 'mlp_dim_00': 393, 'mlp_dim_01': 219, 'node_hidden_dim': 39, 'edge_hidden_dim': 71, 'depth': 2, 'rep_dropout': 0.002153995686880336, 'train_learning_rate': 0.006715942652106961, 'train_lr_reduce': 0.6}. Best is trial 1909 with value: 0.10777772963047028.
[I 2024-12-19 21:59:33,554] Trial 2029 finished with value: 0.1649034172296524 and parameters: {'mlp_n_layers': 1, 'mlp_dim_00': 449, 'node_hidden_dim': 50, 'edge_hidden_dim': 48, 'depth': 1, 'rep_dropout': 0.02455781399140232, 'train_learning_rate': 0.004172844192525361, 'train_lr_reduce': 0.6}. Best is trial 1909 with value: 0.10777772963047028.
[I 2024-12-19 21:59:42,497] Trial 2033 finished with value: 1.1420029401779175 and parameters: {'mlp_n_layers': 3, 'mlp_dim_00': 499, 'mlp_dim_01': 162, 'mlp_dim_02': 342, 'node_hidden_dim': 58, 'edge_hidden_dim': 40, 'depth': 4, 'rep_dropout': 0.06257283046688177, 'train_learning_rate': 0.00010835349831174718, 'train_lr_reduce': 0.6}. Best is trial 1909 with value: 0.10777772963047028.
[I 2024-12-19 21:59:47,795] Trial 2034 finished with value: 1.1425602436065674 and parameters: {'mlp_n_layers': 2, 'mlp_dim_00': 481, 'mlp_dim_01': 126, 'node_hidden_dim': 34, 'edge_hidden_dim': 91, 'depth': 1, 'rep_dropout': 0.04258248059398004, 'train_learning_rate': 0.0028145657627959143, 'train_lr_reduce': 0.6}. Best is trial 1909 with value: 0.10777772963047028.
[I 2024-12-19 21:59:58,789] Trial 2035 finished with value: 0.6726958751678467 and parameters: {'mlp_n_layers': 2, 'mlp_dim_00': 483, 'mlp_dim_01': 128, 'node_hidden_dim': 56, 'edge_hidden_dim': 75, 'depth': 2, 'rep_dropout': 0.0030773428849157347, 'train_learning_rate': 0.008229346534133866, 'train_lr_reduce': 0.6}. Best is trial 1909 with value: 0.10777772963047028.
[I 2024-12-19 21:59:59,541] Trial 2032 finished with value: 0.16284674406051636 and parameters: {'mlp_n_layers': 2, 'mlp_dim_00': 512, 'mlp_dim_01': 140, 'node_hidden_dim': 44, 'edge_hidden_dim': 86, 'depth': 1, 'rep_dropout': 0.011575515842817938, 'train_learning_rate': 0.006954445563394393, 'train_lr_reduce': 0.6}. Best is trial 1909 with value: 0.10777772963047028.
[I 2024-12-19 22:00:00,437] Trial 2031 finished with value: 0.14339642226696014 and parameters: {'mlp_n_layers': 2, 'mlp_dim_00': 463, 'mlp_dim_01': 136, 'node_hidden_dim': 45, 'edge_hidden_dim': 80, 'depth': 1, 'rep_dropout': 0.00024439854848035906, 'train_learning_rate': 0.0035943433693764954, 'train_lr_reduce': 0.6}. Best is trial 1909 with value: 0.10777772963047028.
[I 2024-12-19 22:00:06,335] Trial 2037 finished with value: 1.142082929611206 and parameters: {'mlp_n_layers': 4, 'mlp_dim_00': 275, 'mlp_dim_01': 112, 'mlp_dim_02': 167, 'mlp_dim_03': 236, 'node_hidden_dim': 42, 'edge_hidden_dim': 61, 'depth': 1, 'rep_dropout': 0.1052905480135462, 'train_learning_rate': 0.00037011375894448347, 'train_lr_reduce': 0.6}. Best is trial 1909 with value: 0.10777772963047028.
[I 2024-12-19 22:00:30,162] Trial 2038 finished with value: 0.16720780730247498 and parameters: {'mlp_n_layers': 3, 'mlp_dim_00': 386, 'mlp_dim_01': 156, 'mlp_dim_02': 511, 'node_hidden_dim': 50, 'edge_hidden_dim': 81, 'depth': 1, 'rep_dropout': 0.030087627820163547, 'train_learning_rate': 0.0023060904691831765, 'train_lr_reduce': 0.6}. Best is trial 1909 with value: 0.10777772963047028.
[I 2024-12-19 22:00:39,165] Trial 2036 finished with value: 0.19466230273246765 and parameters: {'mlp_n_layers': 2, 'mlp_dim_00': 440, 'mlp_dim_01': 174, 'node_hidden_dim': 64, 'edge_hidden_dim': 66, 'depth': 1, 'rep_dropout': 0.011376127696848287, 'train_learning_rate': 0.004654955824288177, 'train_lr_reduce': 0.6}. Best is trial 1909 with value: 0.10777772963047028.
[I 2024-12-19 22:00:48,539] Trial 2039 finished with value: 0.15877561271190643 and parameters: {'mlp_n_layers': 1, 'mlp_dim_00': 367, 'node_hidden_dim': 35, 'edge_hidden_dim': 59, 'depth': 1, 'rep_dropout': 0.002164213423921311, 'train_learning_rate': 0.0015259509263541623, 'train_lr_reduce': 0.6}. Best is trial 1909 with value: 0.10777772963047028.
[I 2024-12-19 22:01:09,922] Trial 2040 finished with value: 0.15706473588943481 and parameters: {'mlp_n_layers': 2, 'mlp_dim_00': 428, 'mlp_dim_01': 107, 'node_hidden_dim': 55, 'edge_hidden_dim': 78, 'depth': 1, 'rep_dropout': 0.011515806910951679, 'train_learning_rate': 0.0028692167221486455, 'train_lr_reduce': 0.6}. Best is trial 1909 with value: 0.10777772963047028.
[I 2024-12-19 22:01:20,199] Trial 2041 finished with value: 0.13966234028339386 and parameters: {'mlp_n_layers': 2, 'mlp_dim_00': 391, 'mlp_dim_01': 165, 'node_hidden_dim': 32, 'edge_hidden_dim': 80, 'depth': 1, 'rep_dropout': 0.0027246642225465766, 'train_learning_rate': 0.0026977514437418497, 'train_lr_reduce': 0.6}. Best is trial 1909 with value: 0.10777772963047028.
[I 2024-12-19 22:01:25,733] Trial 2044 finished with value: 1.1423271894454956 and parameters: {'mlp_n_layers': 1, 'mlp_dim_00': 496, 'node_hidden_dim': 47, 'edge_hidden_dim': 89, 'depth': 2, 'rep_dropout': 0.02735324917498732, 'train_learning_rate': 0.0017832753590259526, 'train_lr_reduce': 0.6}. Best is trial 1909 with value: 0.10777772963047028.
[I 2024-12-19 22:01:28,533] Trial 2042 finished with value: 0.15324939787387848 and parameters: {'mlp_n_layers': 1, 'mlp_dim_00': 455, 'node_hidden_dim': 32, 'edge_hidden_dim': 59, 'depth': 1, 'rep_dropout': 0.03062185004237369, 'train_learning_rate': 0.006362889782807929, 'train_lr_reduce': 0.6}. Best is trial 1909 with value: 0.10777772963047028.
[I 2024-12-19 22:01:31,825] Trial 2045 finished with value: 1.1422936916351318 and parameters: {'mlp_n_layers': 4, 'mlp_dim_00': 201, 'mlp_dim_01': 104, 'mlp_dim_02': 290, 'mlp_dim_03': 73, 'node_hidden_dim': 88, 'edge_hidden_dim': 73, 'depth': 1, 'rep_dropout': 0.02714271167775458, 'train_learning_rate': 0.0009542516780862385, 'train_lr_reduce': 0.6}. Best is trial 1909 with value: 0.10777772963047028.
[I 2024-12-19 22:01:52,759] Trial 2043 finished with value: 0.14581677317619324 and parameters: {'mlp_n_layers': 2, 'mlp_dim_00': 449, 'mlp_dim_01': 181, 'node_hidden_dim': 36, 'edge_hidden_dim': 71, 'depth': 1, 'rep_dropout': 0.0034268086017194745, 'train_learning_rate': 0.002793380694926997, 'train_lr_reduce': 0.6}. Best is trial 1909 with value: 0.10777772963047028.
[I 2024-12-19 22:02:08,285] Trial 2048 finished with value: 0.7667014598846436 and parameters: {'mlp_n_layers': 4, 'mlp_dim_00': 190, 'mlp_dim_01': 114, 'mlp_dim_02': 441, 'mlp_dim_03': 321, 'node_hidden_dim': 79, 'edge_hidden_dim': 60, 'depth': 1, 'rep_dropout': 0.14508012218084199, 'train_learning_rate': 0.008176744397019708, 'train_lr_reduce': 0.6}. Best is trial 1909 with value: 0.10777772963047028.
[I 2024-12-19 22:02:10,623] Trial 2046 finished with value: 0.12437094748020172 and parameters: {'mlp_n_layers': 1, 'mlp_dim_00': 443, 'node_hidden_dim': 48, 'edge_hidden_dim': 69, 'depth': 1, 'rep_dropout': 0.00036549007483924374, 'train_learning_rate': 0.0031269388745308506, 'train_lr_reduce': 0.6}. Best is trial 1909 with value: 0.10777772963047028.
