[I 2024-12-26 05:29:32,779] Trial 1264 finished with value: 0.011466601863503456 and parameters: {'L1_hidden_dim': 192, 'L1_layers_atom': 3, 'L1_layers_mol': 3, 'L1_dropout': 0.04113288459009137, 'L1_out_dim': 48, 'L2_hidden_dim': 224, 'L2_layers_atom': 1, 'L2_layers_mol': 2, 'L2_out_dim': 80, 'L2_dropout': 0.001177329602065182, 'L3_hidden_dim': 80, 'L3_layers_atom': 3, 'L3_layers_mol': 2, 'L3_out_dim': 112, 'L3_dropout': 0.05799318940289272, 'n_mlp_layers': 3, 'mlp_dim_0': 480, 'mlp_dim_1': 312, 'mlp_dim_2': 120, 'num_heads': 2, 'final_dropout': 0.2029692449934981, 'train_learning_rate': 0.0004928107403282851, 'train_lr_reduce': 0.6}. Best is trial 1073 with value: 0.009419886395335197.
[I 2024-12-26 05:30:23,667] Trial 1266 finished with value: 0.011358315125107765 and parameters: {'L1_hidden_dim': 64, 'L1_layers_atom': 4, 'L1_layers_mol': 1, 'L1_dropout': 0.0015581232032741222, 'L1_out_dim': 48, 'L2_hidden_dim': 240, 'L2_layers_atom': 1, 'L2_layers_mol': 2, 'L2_out_dim': 48, 'L2_dropout': 0.00769489124837576, 'L3_hidden_dim': 64, 'L3_layers_atom': 1, 'L3_layers_mol': 1, 'L3_out_dim': 32, 'L3_dropout': 0.2291722739431123, 'n_mlp_layers': 3, 'mlp_dim_0': 488, 'mlp_dim_1': 424, 'mlp_dim_2': 32, 'num_heads': 2, 'final_dropout': 0.20987640942585362, 'train_learning_rate': 0.0007765339623480467, 'train_lr_reduce': 0.6}. Best is trial 1073 with value: 0.009419886395335197.
[I 2024-12-26 05:31:35,609] Trial 1267 finished with value: 0.013053355738520622 and parameters: {'L1_hidden_dim': 224, 'L1_layers_atom': 1, 'L1_layers_mol': 2, 'L1_dropout': 0.09053950809319121, 'L1_out_dim': 32, 'L2_hidden_dim': 96, 'L2_layers_atom': 1, 'L2_layers_mol': 1, 'L2_out_dim': 48, 'L2_dropout': 0.016479206047171128, 'L3_hidden_dim': 80, 'L3_layers_atom': 4, 'L3_layers_mol': 4, 'L3_out_dim': 96, 'L3_dropout': 0.17234070345523025, 'n_mlp_layers': 2, 'mlp_dim_0': 496, 'mlp_dim_1': 368, 'num_heads': 2, 'final_dropout': 0.20964228535112675, 'train_learning_rate': 0.00020574813666437378, 'train_lr_reduce': 0.6}. Best is trial 1073 with value: 0.009419886395335197.
[I 2024-12-26 05:32:08,221] Trial 1268 finished with value: 0.013711239211261272 and parameters: {'L1_hidden_dim': 208, 'L1_layers_atom': 3, 'L1_layers_mol': 4, 'L1_dropout': 0.03303113028129625, 'L1_out_dim': 80, 'L2_hidden_dim': 176, 'L2_layers_atom': 1, 'L2_layers_mol': 4, 'L2_out_dim': 80, 'L2_dropout': 0.10112091273174983, 'L3_hidden_dim': 64, 'L3_layers_atom': 2, 'L3_layers_mol': 1, 'L3_out_dim': 80, 'L3_dropout': 0.10386553698599989, 'n_mlp_layers': 3, 'mlp_dim_0': 88, 'mlp_dim_1': 264, 'mlp_dim_2': 200, 'num_heads': 2, 'final_dropout': 0.24733507971157892, 'train_learning_rate': 0.00020665251327335748, 'train_lr_reduce': 0.6}. Best is trial 1073 with value: 0.009419886395335197.
[I 2024-12-26 05:33:04,404] Trial 1269 finished with value: 0.012270323000848293 and parameters: {'L1_hidden_dim': 160, 'L1_layers_atom': 3, 'L1_layers_mol': 3, 'L1_dropout': 0.029132395218039283, 'L1_out_dim': 112, 'L2_hidden_dim': 240, 'L2_layers_atom': 1, 'L2_layers_mol': 4, 'L2_out_dim': 80, 'L2_dropout': 0.10492043060187616, 'L3_hidden_dim': 64, 'L3_layers_atom': 2, 'L3_layers_mol': 1, 'L3_out_dim': 80, 'L3_dropout': 0.13308885812447088, 'n_mlp_layers': 3, 'mlp_dim_0': 200, 'mlp_dim_1': 432, 'mlp_dim_2': 72, 'num_heads': 2, 'final_dropout': 0.24848650991432975, 'train_learning_rate': 0.0008743543267412822, 'train_lr_reduce': 0.6}. Best is trial 1073 with value: 0.009419886395335197.
[I 2024-12-26 05:34:54,250] Trial 1271 finished with value: 0.01263438444584608 and parameters: {'L1_hidden_dim': 144, 'L1_layers_atom': 1, 'L1_layers_mol': 1, 'L1_dropout': 0.024946654137181494, 'L1_out_dim': 64, 'L2_hidden_dim': 192, 'L2_layers_atom': 1, 'L2_layers_mol': 2, 'L2_out_dim': 80, 'L2_dropout': 0.05383066854989578, 'L3_hidden_dim': 32, 'L3_layers_atom': 2, 'L3_layers_mol': 1, 'L3_out_dim': 128, 'L3_dropout': 0.04642216034640124, 'n_mlp_layers': 2, 'mlp_dim_0': 496, 'mlp_dim_1': 392, 'num_heads': 2, 'final_dropout': 0.2245274990092332, 'train_learning_rate': 0.0004587799495383843, 'train_lr_reduce': 0.6}. Best is trial 1073 with value: 0.009419886395335197.
[I 2024-12-26 05:35:01,562] Trial 1270 finished with value: 0.011212379671633244 and parameters: {'L1_hidden_dim': 144, 'L1_layers_atom': 1, 'L1_layers_mol': 2, 'L1_dropout': 0.04256479941003631, 'L1_out_dim': 32, 'L2_hidden_dim': 224, 'L2_layers_atom': 2, 'L2_layers_mol': 2, 'L2_out_dim': 112, 'L2_dropout': 0.013381877213423213, 'L3_hidden_dim': 32, 'L3_layers_atom': 1, 'L3_layers_mol': 1, 'L3_out_dim': 96, 'L3_dropout': 0.06999341291700148, 'n_mlp_layers': 3, 'mlp_dim_0': 496, 'mlp_dim_1': 336, 'mlp_dim_2': 248, 'num_heads': 2, 'final_dropout': 0.25580217239278513, 'train_learning_rate': 0.00018693928474961875, 'train_lr_reduce': 0.6}. Best is trial 1073 with value: 0.009419886395335197.
[I 2024-12-26 05:36:09,927] Trial 1272 finished with value: 0.009520326741039753 and parameters: {'L1_hidden_dim': 112, 'L1_layers_atom': 3, 'L1_layers_mol': 4, 'L1_dropout': 0.000575649002135371, 'L1_out_dim': 112, 'L2_hidden_dim': 240, 'L2_layers_atom': 1, 'L2_layers_mol': 4, 'L2_out_dim': 64, 'L2_dropout': 0.04180323469101607, 'L3_hidden_dim': 48, 'L3_layers_atom': 4, 'L3_layers_mol': 1, 'L3_out_dim': 128, 'L3_dropout': 0.07996582175214555, 'n_mlp_layers': 3, 'mlp_dim_0': 136, 'mlp_dim_1': 480, 'mlp_dim_2': 128, 'num_heads': 2, 'final_dropout': 0.11771896348302366, 'train_learning_rate': 0.00035239787970408915, 'train_lr_reduce': 0.6}. Best is trial 1073 with value: 0.009419886395335197.
[I 2024-12-26 05:36:55,456] Trial 1273 finished with value: 0.0149376280605793 and parameters: {'L1_hidden_dim': 112, 'L1_layers_atom': 1, 'L1_layers_mol': 2, 'L1_dropout': 0.1046296420339127, 'L1_out_dim': 80, 'L2_hidden_dim': 176, 'L2_layers_atom': 1, 'L2_layers_mol': 3, 'L2_out_dim': 128, 'L2_dropout': 0.01610588175957037, 'L3_hidden_dim': 32, 'L3_layers_atom': 2, 'L3_layers_mol': 1, 'L3_out_dim': 112, 'L3_dropout': 0.023256448264451657, 'n_mlp_layers': 3, 'mlp_dim_0': 512, 'mlp_dim_1': 296, 'mlp_dim_2': 72, 'num_heads': 1, 'final_dropout': 0.2884862826122037, 'train_learning_rate': 0.0015508873197911345, 'train_lr_reduce': 0.6}. Best is trial 1073 with value: 0.009419886395335197.
[I 2024-12-26 05:37:36,345] Trial 1274 finished with value: 0.012331273406744003 and parameters: {'L1_hidden_dim': 208, 'L1_layers_atom': 4, 'L1_layers_mol': 1, 'L1_dropout': 0.030445794753474455, 'L1_out_dim': 64, 'L2_hidden_dim': 256, 'L2_layers_atom': 1, 'L2_layers_mol': 3, 'L2_out_dim': 112, 'L2_dropout': 0.027211875683031364, 'L3_hidden_dim': 48, 'L3_layers_atom': 2, 'L3_layers_mol': 1, 'L3_out_dim': 80, 'L3_dropout': 0.12171429356054704, 'n_mlp_layers': 2, 'mlp_dim_0': 440, 'mlp_dim_1': 352, 'num_heads': 2, 'final_dropout': 0.09217094160644441, 'train_learning_rate': 0.0005700379508949456, 'train_lr_reduce': 0.6}. Best is trial 1073 with value: 0.009419886395335197.
[I 2024-12-26 05:38:35,308] Trial 1275 finished with value: 0.011701183393597603 and parameters: {'L1_hidden_dim': 96, 'L1_layers_atom': 2, 'L1_layers_mol': 4, 'L1_dropout': 0.03654324517059653, 'L1_out_dim': 128, 'L2_hidden_dim': 240, 'L2_layers_atom': 1, 'L2_layers_mol': 4, 'L2_out_dim': 32, 'L2_dropout': 0.1156261276746919, 'L3_hidden_dim': 48, 'L3_layers_atom': 4, 'L3_layers_mol': 1, 'L3_out_dim': 128, 'L3_dropout': 0.11838444696213066, 'n_mlp_layers': 3, 'mlp_dim_0': 200, 'mlp_dim_1': 480, 'mlp_dim_2': 168, 'num_heads': 2, 'final_dropout': 0.12434273670092959, 'train_learning_rate': 0.0007983560498391229, 'train_lr_reduce': 0.6}. Best is trial 1073 with value: 0.009419886395335197.
[I 2024-12-26 05:39:49,069] Trial 1276 finished with value: 0.011791713535785675 and parameters: {'L1_hidden_dim': 112, 'L1_layers_atom': 3, 'L1_layers_mol': 4, 'L1_dropout': 0.0396030725321816, 'L1_out_dim': 96, 'L2_hidden_dim': 256, 'L2_layers_atom': 1, 'L2_layers_mol': 3, 'L2_out_dim': 64, 'L2_dropout': 0.06104334461999216, 'L3_hidden_dim': 80, 'L3_layers_atom': 3, 'L3_layers_mol': 2, 'L3_out_dim': 112, 'L3_dropout': 0.024544852214092305, 'n_mlp_layers': 3, 'mlp_dim_0': 248, 'mlp_dim_1': 512, 'mlp_dim_2': 168, 'num_heads': 2, 'final_dropout': 0.16302454154272397, 'train_learning_rate': 0.00016747841076368778, 'train_lr_reduce': 0.6}. Best is trial 1073 with value: 0.009419886395335197.
[I 2024-12-26 05:40:12,393] Trial 1277 finished with value: 0.010649532079696655 and parameters: {'L1_hidden_dim': 112, 'L1_layers_atom': 4, 'L1_layers_mol': 4, 'L1_dropout': 0.064233423938608, 'L1_out_dim': 112, 'L2_hidden_dim': 224, 'L2_layers_atom': 1, 'L2_layers_mol': 4, 'L2_out_dim': 48, 'L2_dropout': 0.027361823595510364, 'L3_hidden_dim': 80, 'L3_layers_atom': 3, 'L3_layers_mol': 1, 'L3_out_dim': 96, 'L3_dropout': 0.11668925017214626, 'n_mlp_layers': 3, 'mlp_dim_0': 272, 'mlp_dim_1': 480, 'mlp_dim_2': 216, 'num_heads': 2, 'final_dropout': 0.11788967394449677, 'train_learning_rate': 0.0008203953076259538, 'train_lr_reduce': 0.6}. Best is trial 1073 with value: 0.009419886395335197.
[I 2024-12-26 05:40:43,039] Trial 1278 finished with value: 0.012265859171748161 and parameters: {'L1_hidden_dim': 192, 'L1_layers_atom': 3, 'L1_layers_mol': 4, 'L1_dropout': 0.07336127455855126, 'L1_out_dim': 128, 'L2_hidden_dim': 176, 'L2_layers_atom': 1, 'L2_layers_mol': 4, 'L2_out_dim': 96, 'L2_dropout': 0.056508240631019356, 'L3_hidden_dim': 80, 'L3_layers_atom': 2, 'L3_layers_mol': 1, 'L3_out_dim': 80, 'L3_dropout': 0.10577289577069164, 'n_mlp_layers': 3, 'mlp_dim_0': 136, 'mlp_dim_1': 480, 'mlp_dim_2': 136, 'num_heads': 2, 'final_dropout': 0.18049213695428692, 'train_learning_rate': 0.0004134910384007173, 'train_lr_reduce': 0.6}. Best is trial 1073 with value: 0.009419886395335197.
[I 2024-12-26 05:43:04,254] Trial 1280 finished with value: 0.010528173297643661 and parameters: {'L1_hidden_dim': 80, 'L1_layers_atom': 3, 'L1_layers_mol': 3, 'L1_dropout': 0.01448152368185856, 'L1_out_dim': 80, 'L2_hidden_dim': 224, 'L2_layers_atom': 2, 'L2_layers_mol': 4, 'L2_out_dim': 64, 'L2_dropout': 0.08093514853556871, 'L3_hidden_dim': 32, 'L3_layers_atom': 4, 'L3_layers_mol': 1, 'L3_out_dim': 112, 'L3_dropout': 0.16264456119245754, 'n_mlp_layers': 3, 'mlp_dim_0': 120, 'mlp_dim_1': 472, 'mlp_dim_2': 176, 'num_heads': 2, 'final_dropout': 0.18147528602117258, 'train_learning_rate': 0.0009383276241631123, 'train_lr_reduce': 0.6}. Best is trial 1073 with value: 0.009419886395335197.
[I 2024-12-26 05:43:09,053] Trial 1279 finished with value: 0.012968737632036209 and parameters: {'L1_hidden_dim': 112, 'L1_layers_atom': 4, 'L1_layers_mol': 1, 'L1_dropout': 0.022607176179812987, 'L1_out_dim': 32, 'L2_hidden_dim': 256, 'L2_layers_atom': 3, 'L2_layers_mol': 3, 'L2_out_dim': 80, 'L2_dropout': 0.07215323246570551, 'L3_hidden_dim': 48, 'L3_layers_atom': 3, 'L3_layers_mol': 1, 'L3_out_dim': 48, 'L3_dropout': 0.23101117418484887, 'n_mlp_layers': 3, 'mlp_dim_0': 440, 'mlp_dim_1': 488, 'mlp_dim_2': 352, 'num_heads': 2, 'final_dropout': 0.22553332340523025, 'train_learning_rate': 0.0016173972489896837, 'train_lr_reduce': 0.6}. Best is trial 1073 with value: 0.009419886395335197.
[I 2024-12-26 05:44:08,977] Trial 1281 finished with value: 0.011153406463563442 and parameters: {'L1_hidden_dim': 96, 'L1_layers_atom': 2, 'L1_layers_mol': 2, 'L1_dropout': 0.012110913439872533, 'L1_out_dim': 96, 'L2_hidden_dim': 224, 'L2_layers_atom': 2, 'L2_layers_mol': 4, 'L2_out_dim': 80, 'L2_dropout': 0.020756151062780497, 'L3_hidden_dim': 80, 'L3_layers_atom': 4, 'L3_layers_mol': 2, 'L3_out_dim': 112, 'L3_dropout': 0.08491838147327917, 'n_mlp_layers': 3, 'mlp_dim_0': 128, 'mlp_dim_1': 472, 'mlp_dim_2': 288, 'num_heads': 2, 'final_dropout': 0.10254165319176987, 'train_learning_rate': 0.0006210854098658838, 'train_lr_reduce': 0.6}. Best is trial 1073 with value: 0.009419886395335197.
[I 2024-12-26 05:45:08,608] Trial 1283 finished with value: 0.011669287458062172 and parameters: {'L1_hidden_dim': 176, 'L1_layers_atom': 4, 'L1_layers_mol': 3, 'L1_dropout': 0.015222834980531074, 'L1_out_dim': 48, 'L2_hidden_dim': 240, 'L2_layers_atom': 1, 'L2_layers_mol': 2, 'L2_out_dim': 96, 'L2_dropout': 0.01162495688768999, 'L3_hidden_dim': 32, 'L3_layers_atom': 3, 'L3_layers_mol': 2, 'L3_out_dim': 128, 'L3_dropout': 0.21606972378860148, 'n_mlp_layers': 3, 'mlp_dim_0': 472, 'mlp_dim_1': 472, 'mlp_dim_2': 128, 'num_heads': 1, 'final_dropout': 0.09718897510270676, 'train_learning_rate': 0.0004909571654433515, 'train_lr_reduce': 0.6}. Best is trial 1073 with value: 0.009419886395335197.
[I 2024-12-26 05:46:23,447] Trial 1284 finished with value: 0.01053636148571968 and parameters: {'L1_hidden_dim': 192, 'L1_layers_atom': 4, 'L1_layers_mol': 4, 'L1_dropout': 0.04753718231787829, 'L1_out_dim': 80, 'L2_hidden_dim': 224, 'L2_layers_atom': 1, 'L2_layers_mol': 3, 'L2_out_dim': 112, 'L2_dropout': 0.049550425108136655, 'L3_hidden_dim': 80, 'L3_layers_atom': 4, 'L3_layers_mol': 1, 'L3_out_dim': 128, 'L3_dropout': 0.2376395152881096, 'n_mlp_layers': 3, 'mlp_dim_0': 448, 'mlp_dim_1': 512, 'mlp_dim_2': 224, 'num_heads': 2, 'final_dropout': 0.2591848223088015, 'train_learning_rate': 0.0008643701608205789, 'train_lr_reduce': 0.6}. Best is trial 1073 with value: 0.009419886395335197.
[I 2024-12-26 05:47:20,388] Trial 1285 finished with value: 0.010979367420077324 and parameters: {'L1_hidden_dim': 96, 'L1_layers_atom': 4, 'L1_layers_mol': 3, 'L1_dropout': 2.5709504245657335e-05, 'L1_out_dim': 128, 'L2_hidden_dim': 240, 'L2_layers_atom': 1, 'L2_layers_mol': 4, 'L2_out_dim': 80, 'L2_dropout': 0.08240451837093926, 'L3_hidden_dim': 48, 'L3_layers_atom': 3, 'L3_layers_mol': 2, 'L3_out_dim': 112, 'L3_dropout': 0.09208561824277979, 'n_mlp_layers': 3, 'mlp_dim_0': 144, 'mlp_dim_1': 448, 'mlp_dim_2': 128, 'num_heads': 2, 'final_dropout': 0.06222570077148654, 'train_learning_rate': 0.00039338611471588893, 'train_lr_reduce': 0.6}. Best is trial 1073 with value: 0.009419886395335197.
[I 2024-12-26 05:47:53,206] Trial 1282 finished with value: 0.020523540675640106 and parameters: {'L1_hidden_dim': 128, 'L1_layers_atom': 3, 'L1_layers_mol': 3, 'L1_dropout': 0.06629170108719401, 'L1_out_dim': 96, 'L2_hidden_dim': 240, 'L2_layers_atom': 1, 'L2_layers_mol': 4, 'L2_out_dim': 96, 'L2_dropout': 0.08959576490681559, 'L3_hidden_dim': 32, 'L3_layers_atom': 4, 'L3_layers_mol': 2, 'L3_out_dim': 128, 'L3_dropout': 0.059331007931686365, 'n_mlp_layers': 2, 'mlp_dim_0': 104, 'mlp_dim_1': 472, 'num_heads': 2, 'final_dropout': 0.14399073593836403, 'train_learning_rate': 0.0029840790204327585, 'train_lr_reduce': 0.6}. Best is trial 1073 with value: 0.009419886395335197.
[I 2024-12-26 05:49:39,514] Trial 1286 finished with value: 0.013376091606914997 and parameters: {'L1_hidden_dim': 192, 'L1_layers_atom': 3, 'L1_layers_mol': 4, 'L1_dropout': 0.016215643561522483, 'L1_out_dim': 32, 'L2_hidden_dim': 64, 'L2_layers_atom': 2, 'L2_layers_mol': 1, 'L2_out_dim': 128, 'L2_dropout': 0.18859096063782388, 'L3_hidden_dim': 128, 'L3_layers_atom': 4, 'L3_layers_mol': 2, 'L3_out_dim': 96, 'L3_dropout': 0.0044069412867535195, 'n_mlp_layers': 3, 'mlp_dim_0': 416, 'mlp_dim_1': 480, 'mlp_dim_2': 32, 'num_heads': 2, 'final_dropout': 0.08993942291015974, 'train_learning_rate': 0.00045717222840316237, 'train_lr_reduce': 0.6}. Best is trial 1073 with value: 0.009419886395335197.
[I 2024-12-26 05:49:54,241] Trial 1287 finished with value: 0.010498262010514736 and parameters: {'L1_hidden_dim': 128, 'L1_layers_atom': 2, 'L1_layers_mol': 2, 'L1_dropout': 0.05088039416671541, 'L1_out_dim': 32, 'L2_hidden_dim': 256, 'L2_layers_atom': 1, 'L2_layers_mol': 3, 'L2_out_dim': 128, 'L2_dropout': 0.004737462216681074, 'L3_hidden_dim': 32, 'L3_layers_atom': 2, 'L3_layers_mol': 1, 'L3_out_dim': 128, 'L3_dropout': 0.05252654954993015, 'n_mlp_layers': 3, 'mlp_dim_0': 480, 'mlp_dim_1': 440, 'mlp_dim_2': 200, 'num_heads': 2, 'final_dropout': 0.2808386818995995, 'train_learning_rate': 0.0002563492834953354, 'train_lr_reduce': 0.6}. Best is trial 1073 with value: 0.009419886395335197.
[I 2024-12-26 05:50:37,110] Trial 1288 finished with value: 0.019261576235294342 and parameters: {'L1_hidden_dim': 256, 'L1_layers_atom': 3, 'L1_layers_mol': 1, 'L1_dropout': 0.01855854590452142, 'L1_out_dim': 96, 'L2_hidden_dim': 160, 'L2_layers_atom': 3, 'L2_layers_mol': 3, 'L2_out_dim': 112, 'L2_dropout': 0.0702280969636917, 'L3_hidden_dim': 112, 'L3_layers_atom': 2, 'L3_layers_mol': 4, 'L3_out_dim': 96, 'L3_dropout': 0.04446597447409924, 'n_mlp_layers': 2, 'mlp_dim_0': 336, 'mlp_dim_1': 432, 'num_heads': 2, 'final_dropout': 0.16806040546430642, 'train_learning_rate': 0.0002544569473847701, 'train_lr_reduce': 0.6}. Best is trial 1073 with value: 0.009419886395335197.
[I 2024-12-26 05:52:13,901] Trial 1290 finished with value: 0.012352604418992996 and parameters: {'L1_hidden_dim': 128, 'L1_layers_atom': 3, 'L1_layers_mol': 4, 'L1_dropout': 0.011397551407084771, 'L1_out_dim': 32, 'L2_hidden_dim': 128, 'L2_layers_atom': 1, 'L2_layers_mol': 2, 'L2_out_dim': 128, 'L2_dropout': 0.16897837835965607, 'L3_hidden_dim': 112, 'L3_layers_atom': 3, 'L3_layers_mol': 1, 'L3_out_dim': 96, 'L3_dropout': 0.02992739584650281, 'n_mlp_layers': 3, 'mlp_dim_0': 488, 'mlp_dim_1': 480, 'mlp_dim_2': 80, 'num_heads': 2, 'final_dropout': 0.00714030509127897, 'train_learning_rate': 0.0019148475084093124, 'train_lr_reduce': 0.6}. Best is trial 1073 with value: 0.009419886395335197.
[I 2024-12-26 05:52:16,233] Trial 1289 finished with value: 0.01019001193344593 and parameters: {'L1_hidden_dim': 96, 'L1_layers_atom': 2, 'L1_layers_mol': 4, 'L1_dropout': 0.015355762093141821, 'L1_out_dim': 128, 'L2_hidden_dim': 240, 'L2_layers_atom': 1, 'L2_layers_mol': 3, 'L2_out_dim': 96, 'L2_dropout': 0.03337712845122873, 'L3_hidden_dim': 96, 'L3_layers_atom': 4, 'L3_layers_mol': 1, 'L3_out_dim': 128, 'L3_dropout': 0.1005412507509231, 'n_mlp_layers': 3, 'mlp_dim_0': 344, 'mlp_dim_1': 432, 'mlp_dim_2': 264, 'num_heads': 2, 'final_dropout': 0.11849296409889143, 'train_learning_rate': 0.0003397081882986268, 'train_lr_reduce': 0.6}. Best is trial 1073 with value: 0.009419886395335197.
[I 2024-12-26 05:53:10,330] Trial 1291 finished with value: 0.010748883709311485 and parameters: {'L1_hidden_dim': 112, 'L1_layers_atom': 4, 'L1_layers_mol': 1, 'L1_dropout': 0.018622356653523957, 'L1_out_dim': 32, 'L2_hidden_dim': 208, 'L2_layers_atom': 2, 'L2_layers_mol': 3, 'L2_out_dim': 48, 'L2_dropout': 0.14080305023939024, 'L3_hidden_dim': 48, 'L3_layers_atom': 1, 'L3_layers_mol': 2, 'L3_out_dim': 48, 'L3_dropout': 0.21047253514800432, 'n_mlp_layers': 3, 'mlp_dim_0': 504, 'mlp_dim_1': 512, 'mlp_dim_2': 120, 'num_heads': 2, 'final_dropout': 0.28476025613464234, 'train_learning_rate': 0.0006921198653593616, 'train_lr_reduce': 0.6}. Best is trial 1073 with value: 0.009419886395335197.
[I 2024-12-26 05:54:30,320] Trial 1292 finished with value: 0.011515157297253609 and parameters: {'L1_hidden_dim': 144, 'L1_layers_atom': 4, 'L1_layers_mol': 1, 'L1_dropout': 0.003514168507295058, 'L1_out_dim': 32, 'L2_hidden_dim': 176, 'L2_layers_atom': 1, 'L2_layers_mol': 1, 'L2_out_dim': 112, 'L2_dropout': 0.009273590560467582, 'L3_hidden_dim': 32, 'L3_layers_atom': 3, 'L3_layers_mol': 1, 'L3_out_dim': 128, 'L3_dropout': 0.06190215401450746, 'n_mlp_layers': 3, 'mlp_dim_0': 184, 'mlp_dim_1': 424, 'mlp_dim_2': 72, 'num_heads': 1, 'final_dropout': 0.1930862065993536, 'train_learning_rate': 0.0014428611509985383, 'train_lr_reduce': 0.6}. Best is trial 1073 with value: 0.009419886395335197.
[I 2024-12-26 05:55:33,314] Trial 1293 finished with value: 0.011660311371088028 and parameters: {'L1_hidden_dim': 80, 'L1_layers_atom': 2, 'L1_layers_mol': 2, 'L1_dropout': 0.05108329677061084, 'L1_out_dim': 112, 'L2_hidden_dim': 176, 'L2_layers_atom': 1, 'L2_layers_mol': 3, 'L2_out_dim': 96, 'L2_dropout': 0.03273466199451623, 'L3_hidden_dim': 96, 'L3_layers_atom': 4, 'L3_layers_mol': 1, 'L3_out_dim': 128, 'L3_dropout': 0.1495643589629319, 'n_mlp_layers': 3, 'mlp_dim_0': 424, 'mlp_dim_1': 432, 'mlp_dim_2': 320, 'num_heads': 2, 'final_dropout': 0.1587201792635268, 'train_learning_rate': 0.00018365437613297627, 'train_lr_reduce': 0.6}. Best is trial 1073 with value: 0.009419886395335197.
[I 2024-12-26 05:56:13,689] Trial 1294 finished with value: 0.010872398503124714 and parameters: {'L1_hidden_dim': 192, 'L1_layers_atom': 3, 'L1_layers_mol': 4, 'L1_dropout': 0.16405429972290475, 'L1_out_dim': 128, 'L2_hidden_dim': 256, 'L2_layers_atom': 2, 'L2_layers_mol': 4, 'L2_out_dim': 80, 'L2_dropout': 0.04050215471973764, 'L3_hidden_dim': 64, 'L3_layers_atom': 2, 'L3_layers_mol': 1, 'L3_out_dim': 80, 'L3_dropout': 0.08666366915560376, 'n_mlp_layers': 2, 'mlp_dim_0': 136, 'mlp_dim_1': 424, 'num_heads': 2, 'final_dropout': 0.2706670472553824, 'train_learning_rate': 0.00026110881563008097, 'train_lr_reduce': 0.6}. Best is trial 1073 with value: 0.009419886395335197.
[I 2024-12-26 05:57:01,356] Trial 1295 finished with value: 0.010725955478847027 and parameters: {'L1_hidden_dim': 112, 'L1_layers_atom': 3, 'L1_layers_mol': 4, 'L1_dropout': 0.08492138708221682, 'L1_out_dim': 96, 'L2_hidden_dim': 208, 'L2_layers_atom': 1, 'L2_layers_mol': 4, 'L2_out_dim': 96, 'L2_dropout': 0.01776693329234147, 'L3_hidden_dim': 64, 'L3_layers_atom': 4, 'L3_layers_mol': 1, 'L3_out_dim': 112, 'L3_dropout': 0.13462698473875695, 'n_mlp_layers': 3, 'mlp_dim_0': 208, 'mlp_dim_1': 392, 'mlp_dim_2': 280, 'num_heads': 2, 'final_dropout': 0.14436968007583678, 'train_learning_rate': 0.000546114962202664, 'train_lr_reduce': 0.6}. Best is trial 1073 with value: 0.009419886395335197.
