[I 2024-12-25 12:38:42,493] Trial 64 finished with value: 0.06800635904073715 and parameters: {'L1_hidden_dim': 64, 'L1_layers_atom': 1, 'L1_layers_mol': 2, 'L1_dropout': 0.17833881075403213, 'L1_out_dim': 64, 'L2_hidden_dim': 128, 'L2_layers_atom': 1, 'L2_layers_mol': 2, 'L2_out_dim': 128, 'L2_dropout': 0.0191079007882127, 'L3_hidden_dim': 64, 'L3_layers_atom': 3, 'L3_layers_mol': 1, 'L3_out_dim': 96, 'L3_dropout': 0.2833348587285785, 'n_mlp_layers': 2, 'mlp_dim_0': 336, 'mlp_dim_1': 280, 'num_heads': 1, 'final_dropout': 0.10554336857935429, 'train_learning_rate': 0.00017440500230377185, 'train_lr_reduce': 0.6}. Best is trial 57 with value: 0.06348411738872528.
[I 2024-12-25 12:39:00,036] Trial 66 finished with value: 0.07661854475736618 and parameters: {'L1_hidden_dim': 64, 'L1_layers_atom': 2, 'L1_layers_mol': 1, 'L1_dropout': 0.10930764194387246, 'L1_out_dim': 80, 'L2_hidden_dim': 256, 'L2_layers_atom': 1, 'L2_layers_mol': 2, 'L2_out_dim': 64, 'L2_dropout': 0.1281479586985692, 'L3_hidden_dim': 112, 'L3_layers_atom': 3, 'L3_layers_mol': 4, 'L3_out_dim': 64, 'L3_dropout': 0.0962598142862665, 'n_mlp_layers': 3, 'mlp_dim_0': 480, 'mlp_dim_1': 320, 'mlp_dim_2': 304, 'num_heads': 1, 'final_dropout': 0.06605991398564917, 'train_learning_rate': 0.0008156226630487274, 'train_lr_reduce': 0.6}. Best is trial 57 with value: 0.06348411738872528.
[I 2024-12-25 12:39:00,145] Trial 67 finished with value: 1.1046751737594604 and parameters: {'L1_hidden_dim': 96, 'L1_layers_atom': 2, 'L1_layers_mol': 3, 'L1_dropout': 0.23756772562928768, 'L1_out_dim': 48, 'L2_hidden_dim': 96, 'L2_layers_atom': 2, 'L2_layers_mol': 3, 'L2_out_dim': 128, 'L2_dropout': 0.03704329379168016, 'L3_hidden_dim': 64, 'L3_layers_atom': 3, 'L3_layers_mol': 1, 'L3_out_dim': 80, 'L3_dropout': 0.24555594720438567, 'n_mlp_layers': 2, 'mlp_dim_0': 472, 'mlp_dim_1': 232, 'num_heads': 1, 'final_dropout': 0.1612189961819262, 'train_learning_rate': 0.00016019035203415123, 'train_lr_reduce': 0.6}. Best is trial 57 with value: 0.06348411738872528.
[I 2024-12-25 12:39:40,519] Trial 65 finished with value: 0.08355697244405746 and parameters: {'L1_hidden_dim': 64, 'L1_layers_atom': 4, 'L1_layers_mol': 1, 'L1_dropout': 0.21628468899345019, 'L1_out_dim': 64, 'L2_hidden_dim': 192, 'L2_layers_atom': 1, 'L2_layers_mol': 1, 'L2_out_dim': 48, 'L2_dropout': 0.1473736871031569, 'L3_hidden_dim': 48, 'L3_layers_atom': 3, 'L3_layers_mol': 3, 'L3_out_dim': 64, 'L3_dropout': 0.0876993223025749, 'n_mlp_layers': 2, 'mlp_dim_0': 160, 'mlp_dim_1': 288, 'num_heads': 1, 'final_dropout': 0.223973036411345, 'train_learning_rate': 0.00025682656555509737, 'train_lr_reduce': 0.6}. Best is trial 57 with value: 0.06348411738872528.
[I 2024-12-25 12:40:30,403] Trial 68 finished with value: 0.06580944359302521 and parameters: {'L1_hidden_dim': 64, 'L1_layers_atom': 2, 'L1_layers_mol': 2, 'L1_dropout': 0.1562096620146916, 'L1_out_dim': 80, 'L2_hidden_dim': 112, 'L2_layers_atom': 1, 'L2_layers_mol': 1, 'L2_out_dim': 128, 'L2_dropout': 0.07407936622427012, 'L3_hidden_dim': 80, 'L3_layers_atom': 3, 'L3_layers_mol': 1, 'L3_out_dim': 80, 'L3_dropout': 0.2580828841781104, 'n_mlp_layers': 3, 'mlp_dim_0': 192, 'mlp_dim_1': 272, 'mlp_dim_2': 184, 'num_heads': 1, 'final_dropout': 0.13274321668802982, 'train_learning_rate': 0.0004012901256767203, 'train_lr_reduce': 0.6}. Best is trial 57 with value: 0.06348411738872528.
[I 2024-12-25 12:41:06,083] Trial 69 finished with value: 0.07849801331758499 and parameters: {'L1_hidden_dim': 80, 'L1_layers_atom': 2, 'L1_layers_mol': 2, 'L1_dropout': 0.10183857569584383, 'L1_out_dim': 64, 'L2_hidden_dim': 192, 'L2_layers_atom': 1, 'L2_layers_mol': 1, 'L2_out_dim': 128, 'L2_dropout': 0.05399914014365796, 'L3_hidden_dim': 64, 'L3_layers_atom': 3, 'L3_layers_mol': 2, 'L3_out_dim': 112, 'L3_dropout': 0.26763849135522655, 'n_mlp_layers': 1, 'mlp_dim_0': 320, 'num_heads': 1, 'final_dropout': 0.062066879540774125, 'train_learning_rate': 0.00010146031515715312, 'train_lr_reduce': 0.6}. Best is trial 57 with value: 0.06348411738872528.
[I 2024-12-25 12:41:48,326] Trial 70 finished with value: 0.07783830165863037 and parameters: {'L1_hidden_dim': 64, 'L1_layers_atom': 4, 'L1_layers_mol': 1, 'L1_dropout': 0.1196978131582385, 'L1_out_dim': 32, 'L2_hidden_dim': 144, 'L2_layers_atom': 2, 'L2_layers_mol': 1, 'L2_out_dim': 80, 'L2_dropout': 0.06011324826957036, 'L3_hidden_dim': 80, 'L3_layers_atom': 4, 'L3_layers_mol': 2, 'L3_out_dim': 32, 'L3_dropout': 0.0190556909047015, 'n_mlp_layers': 3, 'mlp_dim_0': 232, 'mlp_dim_1': 264, 'mlp_dim_2': 400, 'num_heads': 1, 'final_dropout': 0.06010967815228356, 'train_learning_rate': 0.00020792232338893017, 'train_lr_reduce': 0.6}. Best is trial 57 with value: 0.06348411738872528.
[I 2024-12-25 12:41:55,112] Trial 71 finished with value: 0.0966000184416771 and parameters: {'L1_hidden_dim': 64, 'L1_layers_atom': 4, 'L1_layers_mol': 1, 'L1_dropout': 0.17125171876986484, 'L1_out_dim': 96, 'L2_hidden_dim': 176, 'L2_layers_atom': 1, 'L2_layers_mol': 1, 'L2_out_dim': 96, 'L2_dropout': 0.16910540923558304, 'L3_hidden_dim': 64, 'L3_layers_atom': 3, 'L3_layers_mol': 1, 'L3_out_dim': 80, 'L3_dropout': 0.2675714936296338, 'n_mlp_layers': 3, 'mlp_dim_0': 168, 'mlp_dim_1': 240, 'mlp_dim_2': 176, 'num_heads': 1, 'final_dropout': 0.09893863965154283, 'train_learning_rate': 0.0003127165089033753, 'train_lr_reduce': 0.6}. Best is trial 57 with value: 0.06348411738872528.
[I 2024-12-25 12:42:09,387] Trial 72 finished with value: 0.07127069681882858 and parameters: {'L1_hidden_dim': 128, 'L1_layers_atom': 2, 'L1_layers_mol': 3, 'L1_dropout': 0.22979755380231165, 'L1_out_dim': 64, 'L2_hidden_dim': 160, 'L2_layers_atom': 1, 'L2_layers_mol': 1, 'L2_out_dim': 128, 'L2_dropout': 0.0858774258187183, 'L3_hidden_dim': 96, 'L3_layers_atom': 2, 'L3_layers_mol': 2, 'L3_out_dim': 48, 'L3_dropout': 0.2520375144811101, 'n_mlp_layers': 3, 'mlp_dim_0': 144, 'mlp_dim_1': 48, 'mlp_dim_2': 168, 'num_heads': 1, 'final_dropout': 0.06997460730943265, 'train_learning_rate': 0.0015240873728541086, 'train_lr_reduce': 0.6}. Best is trial 57 with value: 0.06348411738872528.
[I 2024-12-25 12:43:12,197] Trial 74 finished with value: 0.09534388035535812 and parameters: {'L1_hidden_dim': 80, 'L1_layers_atom': 2, 'L1_layers_mol': 2, 'L1_dropout': 0.18540990635944748, 'L1_out_dim': 112, 'L2_hidden_dim': 128, 'L2_layers_atom': 1, 'L2_layers_mol': 1, 'L2_out_dim': 128, 'L2_dropout': 0.05303027384013684, 'L3_hidden_dim': 80, 'L3_layers_atom': 3, 'L3_layers_mol': 1, 'L3_out_dim': 80, 'L3_dropout': 0.22183638237442982, 'n_mlp_layers': 3, 'mlp_dim_0': 216, 'mlp_dim_1': 304, 'mlp_dim_2': 208, 'num_heads': 1, 'final_dropout': 0.05795370912118496, 'train_learning_rate': 0.0004921396913701609, 'train_lr_reduce': 0.6}. Best is trial 57 with value: 0.06348411738872528.
[I 2024-12-25 12:44:15,070] Trial 75 finished with value: 0.08289587497711182 and parameters: {'L1_hidden_dim': 112, 'L1_layers_atom': 1, 'L1_layers_mol': 2, 'L1_dropout': 0.1724860075792058, 'L1_out_dim': 48, 'L2_hidden_dim': 96, 'L2_layers_atom': 2, 'L2_layers_mol': 2, 'L2_out_dim': 128, 'L2_dropout': 0.010506149723774628, 'L3_hidden_dim': 48, 'L3_layers_atom': 2, 'L3_layers_mol': 1, 'L3_out_dim': 112, 'L3_dropout': 0.1900075097545451, 'n_mlp_layers': 2, 'mlp_dim_0': 272, 'mlp_dim_1': 232, 'num_heads': 1, 'final_dropout': 0.1217678299660353, 'train_learning_rate': 0.0001443522244479525, 'train_lr_reduce': 0.6}. Best is trial 57 with value: 0.06348411738872528.
[I 2024-12-25 12:44:28,632] Trial 73 finished with value: 0.08450687676668167 and parameters: {'L1_hidden_dim': 64, 'L1_layers_atom': 2, 'L1_layers_mol': 2, 'L1_dropout': 0.1054405046138905, 'L1_out_dim': 80, 'L2_hidden_dim': 96, 'L2_layers_atom': 2, 'L2_layers_mol': 1, 'L2_out_dim': 80, 'L2_dropout': 0.07624442378244702, 'L3_hidden_dim': 64, 'L3_layers_atom': 2, 'L3_layers_mol': 1, 'L3_out_dim': 96, 'L3_dropout': 0.2910330782460375, 'n_mlp_layers': 3, 'mlp_dim_0': 248, 'mlp_dim_1': 272, 'mlp_dim_2': 232, 'num_heads': 1, 'final_dropout': 0.13838302307718076, 'train_learning_rate': 0.0001689104301841161, 'train_lr_reduce': 0.6}. Best is trial 57 with value: 0.06348411738872528.
[I 2024-12-25 12:44:51,504] Trial 76 finished with value: 0.10635853558778763 and parameters: {'L1_hidden_dim': 128, 'L1_layers_atom': 2, 'L1_layers_mol': 1, 'L1_dropout': 0.15643554448665847, 'L1_out_dim': 32, 'L2_hidden_dim': 240, 'L2_layers_atom': 1, 'L2_layers_mol': 3, 'L2_out_dim': 96, 'L2_dropout': 0.18850560705216618, 'L3_hidden_dim': 48, 'L3_layers_atom': 3, 'L3_layers_mol': 2, 'L3_out_dim': 48, 'L3_dropout': 0.030432780824979383, 'n_mlp_layers': 3, 'mlp_dim_0': 304, 'mlp_dim_1': 296, 'mlp_dim_2': 384, 'num_heads': 2, 'final_dropout': 0.17019742153117431, 'train_learning_rate': 0.00023688223690319663, 'train_lr_reduce': 0.6}. Best is trial 57 with value: 0.06348411738872528.
[I 2024-12-25 12:45:58,651] Trial 78 finished with value: 0.10804420709609985 and parameters: {'L1_hidden_dim': 80, 'L1_layers_atom': 4, 'L1_layers_mol': 2, 'L1_dropout': 0.12603452182342081, 'L1_out_dim': 96, 'L2_hidden_dim': 192, 'L2_layers_atom': 2, 'L2_layers_mol': 1, 'L2_out_dim': 48, 'L2_dropout': 0.1468645652974357, 'L3_hidden_dim': 112, 'L3_layers_atom': 4, 'L3_layers_mol': 4, 'L3_out_dim': 32, 'L3_dropout': 0.01441431812033482, 'n_mlp_layers': 3, 'mlp_dim_0': 344, 'mlp_dim_1': 56, 'mlp_dim_2': 288, 'num_heads': 1, 'final_dropout': 0.22406824509508255, 'train_learning_rate': 0.0005313486620277063, 'train_lr_reduce': 0.6}. Best is trial 57 with value: 0.06348411738872528.
[I 2024-12-25 12:45:59,306] Trial 77 finished with value: 0.07402240484952927 and parameters: {'L1_hidden_dim': 64, 'L1_layers_atom': 1, 'L1_layers_mol': 2, 'L1_dropout': 0.11247245095411287, 'L1_out_dim': 48, 'L2_hidden_dim': 128, 'L2_layers_atom': 2, 'L2_layers_mol': 3, 'L2_out_dim': 128, 'L2_dropout': 0.031713468249174655, 'L3_hidden_dim': 32, 'L3_layers_atom': 4, 'L3_layers_mol': 1, 'L3_out_dim': 96, 'L3_dropout': 0.27512888296158233, 'n_mlp_layers': 2, 'mlp_dim_0': 288, 'mlp_dim_1': 320, 'num_heads': 1, 'final_dropout': 0.11847844754491611, 'train_learning_rate': 0.000496639741096375, 'train_lr_reduce': 0.6}. Best is trial 57 with value: 0.06348411738872528.
[I 2024-12-25 12:46:01,280] Trial 79 finished with value: 0.07404450327157974 and parameters: {'L1_hidden_dim': 80, 'L1_layers_atom': 2, 'L1_layers_mol': 2, 'L1_dropout': 0.21842726395167097, 'L1_out_dim': 64, 'L2_hidden_dim': 128, 'L2_layers_atom': 1, 'L2_layers_mol': 1, 'L2_out_dim': 128, 'L2_dropout': 0.01888495850233847, 'L3_hidden_dim': 96, 'L3_layers_atom': 4, 'L3_layers_mol': 1, 'L3_out_dim': 96, 'L3_dropout': 0.24173683738182344, 'n_mlp_layers': 1, 'mlp_dim_0': 448, 'num_heads': 1, 'final_dropout': 0.15074083053305698, 'train_learning_rate': 0.000759204966807966, 'train_lr_reduce': 0.6}. Best is trial 57 with value: 0.06348411738872528.
[I 2024-12-25 12:47:17,632] Trial 81 finished with value: 0.08794213831424713 and parameters: {'L1_hidden_dim': 80, 'L1_layers_atom': 1, 'L1_layers_mol': 3, 'L1_dropout': 0.22415815018762245, 'L1_out_dim': 48, 'L2_hidden_dim': 96, 'L2_layers_atom': 1, 'L2_layers_mol': 1, 'L2_out_dim': 112, 'L2_dropout': 0.016660024911297106, 'L3_hidden_dim': 112, 'L3_layers_atom': 4, 'L3_layers_mol': 1, 'L3_out_dim': 64, 'L3_dropout': 0.1156912151595997, 'n_mlp_layers': 3, 'mlp_dim_0': 504, 'mlp_dim_1': 208, 'mlp_dim_2': 160, 'num_heads': 1, 'final_dropout': 0.09924092104665491, 'train_learning_rate': 0.00036290983278125944, 'train_lr_reduce': 0.6}. Best is trial 57 with value: 0.06348411738872528.
[I 2024-12-25 12:47:17,636] Trial 80 finished with value: 0.0763520896434784 and parameters: {'L1_hidden_dim': 128, 'L1_layers_atom': 1, 'L1_layers_mol': 1, 'L1_dropout': 0.1566228168013019, 'L1_out_dim': 32, 'L2_hidden_dim': 96, 'L2_layers_atom': 1, 'L2_layers_mol': 1, 'L2_out_dim': 96, 'L2_dropout': 0.015769031558384376, 'L3_hidden_dim': 80, 'L3_layers_atom': 3, 'L3_layers_mol': 2, 'L3_out_dim': 48, 'L3_dropout': 0.008861320481843439, 'n_mlp_layers': 1, 'mlp_dim_0': 512, 'num_heads': 1, 'final_dropout': 0.14542263877927508, 'train_learning_rate': 0.0003174702244558649, 'train_lr_reduce': 0.6}. Best is trial 57 with value: 0.06348411738872528.
[I 2024-12-25 12:48:04,477] Trial 82 finished with value: 0.0707477405667305 and parameters: {'L1_hidden_dim': 64, 'L1_layers_atom': 1, 'L1_layers_mol': 2, 'L1_dropout': 0.22143818910043409, 'L1_out_dim': 64, 'L2_hidden_dim': 96, 'L2_layers_atom': 1, 'L2_layers_mol': 2, 'L2_out_dim': 112, 'L2_dropout': 0.0005845982387389335, 'L3_hidden_dim': 80, 'L3_layers_atom': 4, 'L3_layers_mol': 1, 'L3_out_dim': 96, 'L3_dropout': 0.18901827038096308, 'n_mlp_layers': 2, 'mlp_dim_0': 312, 'mlp_dim_1': 504, 'num_heads': 1, 'final_dropout': 0.03595415917082434, 'train_learning_rate': 0.00012906585699070674, 'train_lr_reduce': 0.6}. Best is trial 57 with value: 0.06348411738872528.
[I 2024-12-25 12:48:31,743] Trial 83 finished with value: 0.10786739736795425 and parameters: {'L1_hidden_dim': 80, 'L1_layers_atom': 1, 'L1_layers_mol': 2, 'L1_dropout': 0.0977538848196985, 'L1_out_dim': 64, 'L2_hidden_dim': 176, 'L2_layers_atom': 1, 'L2_layers_mol': 1, 'L2_out_dim': 48, 'L2_dropout': 0.00796083427371111, 'L3_hidden_dim': 128, 'L3_layers_atom': 4, 'L3_layers_mol': 3, 'L3_out_dim': 64, 'L3_dropout': 0.01968827246211511, 'n_mlp_layers': 3, 'mlp_dim_0': 200, 'mlp_dim_1': 336, 'mlp_dim_2': 328, 'num_heads': 1, 'final_dropout': 0.0643590815321754, 'train_learning_rate': 0.0004872882497623297, 'train_lr_reduce': 0.6}. Best is trial 57 with value: 0.06348411738872528.
[I 2024-12-25 12:48:42,636] Trial 84 finished with value: 0.0755893737077713 and parameters: {'L1_hidden_dim': 80, 'L1_layers_atom': 1, 'L1_layers_mol': 1, 'L1_dropout': 0.13960211545024342, 'L1_out_dim': 64, 'L2_hidden_dim': 208, 'L2_layers_atom': 2, 'L2_layers_mol': 1, 'L2_out_dim': 64, 'L2_dropout': 0.09078152632827076, 'L3_hidden_dim': 48, 'L3_layers_atom': 3, 'L3_layers_mol': 3, 'L3_out_dim': 32, 'L3_dropout': 0.15355035095739322, 'n_mlp_layers': 3, 'mlp_dim_0': 400, 'mlp_dim_1': 336, 'mlp_dim_2': 320, 'num_heads': 1, 'final_dropout': 0.1001836061824765, 'train_learning_rate': 0.0006302872535295794, 'train_lr_reduce': 0.6}. Best is trial 57 with value: 0.06348411738872528.
[I 2024-12-25 12:49:44,907] Trial 86 finished with value: 0.07320106029510498 and parameters: {'L1_hidden_dim': 112, 'L1_layers_atom': 4, 'L1_layers_mol': 1, 'L1_dropout': 0.18129606291692088, 'L1_out_dim': 80, 'L2_hidden_dim': 192, 'L2_layers_atom': 1, 'L2_layers_mol': 3, 'L2_out_dim': 80, 'L2_dropout': 0.14687011476887207, 'L3_hidden_dim': 80, 'L3_layers_atom': 4, 'L3_layers_mol': 3, 'L3_out_dim': 32, 'L3_dropout': 0.027241065287431972, 'n_mlp_layers': 3, 'mlp_dim_0': 200, 'mlp_dim_1': 320, 'mlp_dim_2': 304, 'num_heads': 1, 'final_dropout': 0.22677170488502363, 'train_learning_rate': 0.0013286020604842007, 'train_lr_reduce': 0.6}. Best is trial 57 with value: 0.06348411738872528.
[I 2024-12-25 12:49:49,320] Trial 85 finished with value: 0.07991431653499603 and parameters: {'L1_hidden_dim': 80, 'L1_layers_atom': 1, 'L1_layers_mol': 3, 'L1_dropout': 0.29123474394035725, 'L1_out_dim': 80, 'L2_hidden_dim': 224, 'L2_layers_atom': 1, 'L2_layers_mol': 4, 'L2_out_dim': 112, 'L2_dropout': 0.023714433928746836, 'L3_hidden_dim': 112, 'L3_layers_atom': 2, 'L3_layers_mol': 2, 'L3_out_dim': 80, 'L3_dropout': 0.14647535290916014, 'n_mlp_layers': 2, 'mlp_dim_0': 152, 'mlp_dim_1': 304, 'num_heads': 1, 'final_dropout': 0.17912844587007526, 'train_learning_rate': 0.0006687115596935828, 'train_lr_reduce': 0.6}. Best is trial 57 with value: 0.06348411738872528.
[I 2024-12-25 12:50:25,493] Trial 87 finished with value: 0.07652375102043152 and parameters: {'L1_hidden_dim': 64, 'L1_layers_atom': 2, 'L1_layers_mol': 2, 'L1_dropout': 0.08208940841668795, 'L1_out_dim': 80, 'L2_hidden_dim': 80, 'L2_layers_atom': 2, 'L2_layers_mol': 1, 'L2_out_dim': 112, 'L2_dropout': 0.06869870864247465, 'L3_hidden_dim': 80, 'L3_layers_atom': 4, 'L3_layers_mol': 2, 'L3_out_dim': 64, 'L3_dropout': 0.23339394681304804, 'n_mlp_layers': 2, 'mlp_dim_0': 152, 'mlp_dim_1': 264, 'num_heads': 2, 'final_dropout': 0.205102071071529, 'train_learning_rate': 0.00047712144298942693, 'train_lr_reduce': 0.6}. Best is trial 57 with value: 0.06348411738872528.
[I 2024-12-25 12:50:56,592] Trial 88 finished with value: 0.08952298015356064 and parameters: {'L1_hidden_dim': 112, 'L1_layers_atom': 1, 'L1_layers_mol': 3, 'L1_dropout': 0.2216188356794058, 'L1_out_dim': 64, 'L2_hidden_dim': 80, 'L2_layers_atom': 3, 'L2_layers_mol': 3, 'L2_out_dim': 96, 'L2_dropout': 0.27031755304731475, 'L3_hidden_dim': 112, 'L3_layers_atom': 3, 'L3_layers_mol': 4, 'L3_out_dim': 80, 'L3_dropout': 0.28399827092380797, 'n_mlp_layers': 2, 'mlp_dim_0': 64, 'mlp_dim_1': 336, 'num_heads': 1, 'final_dropout': 0.11398665113249278, 'train_learning_rate': 0.008955581544022777, 'train_lr_reduce': 0.6}. Best is trial 57 with value: 0.06348411738872528.
[I 2024-12-25 12:51:05,708] Trial 89 finished with value: 0.07545167952775955 and parameters: {'L1_hidden_dim': 64, 'L1_layers_atom': 2, 'L1_layers_mol': 1, 'L1_dropout': 0.13737813848354463, 'L1_out_dim': 32, 'L2_hidden_dim': 176, 'L2_layers_atom': 1, 'L2_layers_mol': 2, 'L2_out_dim': 80, 'L2_dropout': 0.14287487669041932, 'L3_hidden_dim': 80, 'L3_layers_atom': 4, 'L3_layers_mol': 4, 'L3_out_dim': 48, 'L3_dropout': 0.02588609932308169, 'n_mlp_layers': 3, 'mlp_dim_0': 280, 'mlp_dim_1': 256, 'mlp_dim_2': 272, 'num_heads': 1, 'final_dropout': 0.08925559583021121, 'train_learning_rate': 0.0005612819708609328, 'train_lr_reduce': 0.6}. Best is trial 57 with value: 0.06348411738872528.
[I 2024-12-25 12:52:04,277] Trial 90 finished with value: 0.0777159333229065 and parameters: {'L1_hidden_dim': 96, 'L1_layers_atom': 1, 'L1_layers_mol': 1, 'L1_dropout': 0.10371783561754758, 'L1_out_dim': 112, 'L2_hidden_dim': 256, 'L2_layers_atom': 1, 'L2_layers_mol': 1, 'L2_out_dim': 80, 'L2_dropout': 0.1101348045357427, 'L3_hidden_dim': 96, 'L3_layers_atom': 3, 'L3_layers_mol': 3, 'L3_out_dim': 80, 'L3_dropout': 0.006860890800117217, 'n_mlp_layers': 3, 'mlp_dim_0': 88, 'mlp_dim_1': 120, 'mlp_dim_2': 384, 'num_heads': 1, 'final_dropout': 0.191911778428078, 'train_learning_rate': 0.00039298317728810966, 'train_lr_reduce': 0.6}. Best is trial 57 with value: 0.06348411738872528.
[I 2024-12-25 12:52:57,204] Trial 91 finished with value: 0.09073145687580109 and parameters: {'L1_hidden_dim': 80, 'L1_layers_atom': 2, 'L1_layers_mol': 1, 'L1_dropout': 0.16729081865468381, 'L1_out_dim': 80, 'L2_hidden_dim': 112, 'L2_layers_atom': 1, 'L2_layers_mol': 3, 'L2_out_dim': 128, 'L2_dropout': 0.04589389042542134, 'L3_hidden_dim': 64, 'L3_layers_atom': 3, 'L3_layers_mol': 1, 'L3_out_dim': 128, 'L3_dropout': 0.284515442968863, 'n_mlp_layers': 3, 'mlp_dim_0': 400, 'mlp_dim_1': 64, 'mlp_dim_2': 240, 'num_heads': 1, 'final_dropout': 0.10780175739064014, 'train_learning_rate': 0.00028338047414725256, 'train_lr_reduce': 0.6}. Best is trial 57 with value: 0.06348411738872528.
[I 2024-12-25 12:53:21,842] Trial 92 finished with value: 0.09682615846395493 and parameters: {'L1_hidden_dim': 64, 'L1_layers_atom': 1, 'L1_layers_mol': 2, 'L1_dropout': 0.16792916508661007, 'L1_out_dim': 112, 'L2_hidden_dim': 96, 'L2_layers_atom': 2, 'L2_layers_mol': 2, 'L2_out_dim': 128, 'L2_dropout': 0.05519162117039621, 'L3_hidden_dim': 80, 'L3_layers_atom': 2, 'L3_layers_mol': 1, 'L3_out_dim': 64, 'L3_dropout': 0.2436645960933727, 'n_mlp_layers': 1, 'mlp_dim_0': 400, 'num_heads': 2, 'final_dropout': 0.05641822514200726, 'train_learning_rate': 0.00015404660804139728, 'train_lr_reduce': 0.6}. Best is trial 57 with value: 0.06348411738872528.
[I 2024-12-25 12:54:45,585] Trial 94 finished with value: 0.061345893889665604 and parameters: {'L1_hidden_dim': 80, 'L1_layers_atom': 1, 'L1_layers_mol': 3, 'L1_dropout': 0.27238609594519225, 'L1_out_dim': 48, 'L2_hidden_dim': 160, 'L2_layers_atom': 1, 'L2_layers_mol': 1, 'L2_out_dim': 128, 'L2_dropout': 0.0031043760189094355, 'L3_hidden_dim': 48, 'L3_layers_atom': 4, 'L3_layers_mol': 1, 'L3_out_dim': 128, 'L3_dropout': 0.2966950323194126, 'n_mlp_layers': 2, 'mlp_dim_0': 232, 'mlp_dim_1': 512, 'num_heads': 1, 'final_dropout': 0.00019696829100258884, 'train_learning_rate': 0.00019783432563044592, 'train_lr_reduce': 0.6}. Best is trial 94 with value: 0.061345893889665604.
[I 2024-12-25 12:55:03,327] Trial 95 finished with value: 0.09325746446847916 and parameters: {'L1_hidden_dim': 128, 'L1_layers_atom': 1, 'L1_layers_mol': 1, 'L1_dropout': 0.12209068375490195, 'L1_out_dim': 48, 'L2_hidden_dim': 208, 'L2_layers_atom': 1, 'L2_layers_mol': 3, 'L2_out_dim': 112, 'L2_dropout': 0.1208555292119352, 'L3_hidden_dim': 64, 'L3_layers_atom': 4, 'L3_layers_mol': 2, 'L3_out_dim': 64, 'L3_dropout': 0.07414395246218734, 'n_mlp_layers': 3, 'mlp_dim_0': 192, 'mlp_dim_1': 448, 'mlp_dim_2': 264, 'num_heads': 1, 'final_dropout': 0.1111453570483652, 'train_learning_rate': 0.00014484202294895614, 'train_lr_reduce': 0.6}. Best is trial 94 with value: 0.061345893889665604.
[I 2024-12-25 12:55:04,867] Trial 93 finished with value: 0.16921499371528625 and parameters: {'L1_hidden_dim': 64, 'L1_layers_atom': 3, 'L1_layers_mol': 1, 'L1_dropout': 0.2947339470281391, 'L1_out_dim': 80, 'L2_hidden_dim': 64, 'L2_layers_atom': 1, 'L2_layers_mol': 3, 'L2_out_dim': 96, 'L2_dropout': 0.05168239492255498, 'L3_hidden_dim': 80, 'L3_layers_atom': 4, 'L3_layers_mol': 1, 'L3_out_dim': 96, 'L3_dropout': 0.13528508034482808, 'n_mlp_layers': 2, 'mlp_dim_0': 264, 'mlp_dim_1': 512, 'num_heads': 1, 'final_dropout': 0.009203567464023746, 'train_learning_rate': 0.0001198652677332555, 'train_lr_reduce': 0.6}. Best is trial 94 with value: 0.061345893889665604.
