[I 2024-12-25 22:28:18,739] Trial 1088 finished with value: 0.09630394726991653 and parameters: {'L1_hidden_dim': 64, 'L1_layers_atom': 2, 'L1_layers_mol': 2, 'L1_dropout': 0.25886827838564574, 'L1_out_dim': 96, 'L2_hidden_dim': 208, 'L2_layers_atom': 2, 'L2_layers_mol': 3, 'L2_out_dim': 32, 'L2_dropout': 0.07817397986287518, 'L3_hidden_dim': 48, 'L3_layers_atom': 4, 'L3_layers_mol': 3, 'L3_out_dim': 96, 'L3_dropout': 0.007317673156502016, 'n_mlp_layers': 3, 'mlp_dim_0': 176, 'mlp_dim_1': 216, 'mlp_dim_2': 112, 'num_heads': 1, 'final_dropout': 0.14147402204427129, 'train_learning_rate': 0.004413417119135193, 'train_lr_reduce': 0.6}. Best is trial 613 with value: 0.045173268765211105.
[I 2024-12-25 22:28:59,547] Trial 1089 finished with value: 0.07139265537261963 and parameters: {'L1_hidden_dim': 64, 'L1_layers_atom': 4, 'L1_layers_mol': 1, 'L1_dropout': 0.25939793423086255, 'L1_out_dim': 112, 'L2_hidden_dim': 224, 'L2_layers_atom': 4, 'L2_layers_mol': 1, 'L2_out_dim': 96, 'L2_dropout': 0.0024648272703230237, 'L3_hidden_dim': 48, 'L3_layers_atom': 3, 'L3_layers_mol': 2, 'L3_out_dim': 64, 'L3_dropout': 0.15673373211621366, 'n_mlp_layers': 2, 'mlp_dim_0': 232, 'mlp_dim_1': 128, 'num_heads': 1, 'final_dropout': 0.06022679124829543, 'train_learning_rate': 0.00042440541133066364, 'train_lr_reduce': 0.6}. Best is trial 613 with value: 0.045173268765211105.
[I 2024-12-25 22:29:35,651] Trial 1090 finished with value: 0.07062336057424545 and parameters: {'L1_hidden_dim': 64, 'L1_layers_atom': 2, 'L1_layers_mol': 3, 'L1_dropout': 0.2797348500398795, 'L1_out_dim': 128, 'L2_hidden_dim': 176, 'L2_layers_atom': 1, 'L2_layers_mol': 2, 'L2_out_dim': 128, 'L2_dropout': 0.009620429682161867, 'L3_hidden_dim': 64, 'L3_layers_atom': 3, 'L3_layers_mol': 2, 'L3_out_dim': 112, 'L3_dropout': 0.1621882546540102, 'n_mlp_layers': 2, 'mlp_dim_0': 56, 'mlp_dim_1': 272, 'num_heads': 1, 'final_dropout': 0.16626382819220736, 'train_learning_rate': 0.0011444672051339074, 'train_lr_reduce': 0.6}. Best is trial 613 with value: 0.045173268765211105.
[I 2024-12-25 22:30:10,285] Trial 1091 finished with value: 0.07928686589002609 and parameters: {'L1_hidden_dim': 64, 'L1_layers_atom': 4, 'L1_layers_mol': 1, 'L1_dropout': 0.26102595109493915, 'L1_out_dim': 96, 'L2_hidden_dim': 240, 'L2_layers_atom': 4, 'L2_layers_mol': 1, 'L2_out_dim': 96, 'L2_dropout': 0.03500040605336308, 'L3_hidden_dim': 64, 'L3_layers_atom': 3, 'L3_layers_mol': 1, 'L3_out_dim': 128, 'L3_dropout': 0.23598391236015503, 'n_mlp_layers': 2, 'mlp_dim_0': 200, 'mlp_dim_1': 232, 'num_heads': 1, 'final_dropout': 0.00850829581902604, 'train_learning_rate': 0.0008854994580007444, 'train_lr_reduce': 0.6}. Best is trial 613 with value: 0.045173268765211105.
[I 2024-12-25 22:30:37,738] Trial 1093 finished with value: 0.07618323713541031 and parameters: {'L1_hidden_dim': 96, 'L1_layers_atom': 2, 'L1_layers_mol': 1, 'L1_dropout': 0.28541705647855653, 'L1_out_dim': 128, 'L2_hidden_dim': 240, 'L2_layers_atom': 1, 'L2_layers_mol': 3, 'L2_out_dim': 112, 'L2_dropout': 0.012652885591437176, 'L3_hidden_dim': 64, 'L3_layers_atom': 3, 'L3_layers_mol': 2, 'L3_out_dim': 112, 'L3_dropout': 0.20657976629721714, 'n_mlp_layers': 2, 'mlp_dim_0': 40, 'mlp_dim_1': 184, 'num_heads': 1, 'final_dropout': 0.04546107177769347, 'train_learning_rate': 0.0014877363723400903, 'train_lr_reduce': 0.6}. Best is trial 613 with value: 0.045173268765211105.
[I 2024-12-25 22:31:25,307] Trial 1092 finished with value: 0.1321672648191452 and parameters: {'L1_hidden_dim': 112, 'L1_layers_atom': 4, 'L1_layers_mol': 4, 'L1_dropout': 0.2386251977842246, 'L1_out_dim': 96, 'L2_hidden_dim': 256, 'L2_layers_atom': 4, 'L2_layers_mol': 3, 'L2_out_dim': 48, 'L2_dropout': 0.01591013711531734, 'L3_hidden_dim': 48, 'L3_layers_atom': 2, 'L3_layers_mol': 3, 'L3_out_dim': 128, 'L3_dropout': 0.011503019789984269, 'n_mlp_layers': 3, 'mlp_dim_0': 384, 'mlp_dim_1': 248, 'mlp_dim_2': 152, 'num_heads': 2, 'final_dropout': 0.21228191019254966, 'train_learning_rate': 0.009935315610804308, 'train_lr_reduce': 0.6}. Best is trial 613 with value: 0.045173268765211105.
[I 2024-12-25 22:32:09,207] Trial 1094 finished with value: 0.06364883482456207 and parameters: {'L1_hidden_dim': 112, 'L1_layers_atom': 4, 'L1_layers_mol': 1, 'L1_dropout': 0.20275044602771192, 'L1_out_dim': 128, 'L2_hidden_dim': 240, 'L2_layers_atom': 4, 'L2_layers_mol': 2, 'L2_out_dim': 112, 'L2_dropout': 0.010066787642343113, 'L3_hidden_dim': 64, 'L3_layers_atom': 2, 'L3_layers_mol': 2, 'L3_out_dim': 48, 'L3_dropout': 0.19648435829035152, 'n_mlp_layers': 3, 'mlp_dim_0': 48, 'mlp_dim_1': 104, 'mlp_dim_2': 80, 'num_heads': 1, 'final_dropout': 0.04325960311187032, 'train_learning_rate': 0.00032368074553831806, 'train_lr_reduce': 0.6}. Best is trial 613 with value: 0.045173268765211105.
[I 2024-12-25 22:33:00,910] Trial 1095 finished with value: 0.06335577368736267 and parameters: {'L1_hidden_dim': 64, 'L1_layers_atom': 3, 'L1_layers_mol': 4, 'L1_dropout': 0.25368569567181093, 'L1_out_dim': 112, 'L2_hidden_dim': 192, 'L2_layers_atom': 3, 'L2_layers_mol': 1, 'L2_out_dim': 128, 'L2_dropout': 0.051067725246919486, 'L3_hidden_dim': 32, 'L3_layers_atom': 3, 'L3_layers_mol': 4, 'L3_out_dim': 32, 'L3_dropout': 0.23033182050376885, 'n_mlp_layers': 2, 'mlp_dim_0': 88, 'mlp_dim_1': 240, 'num_heads': 2, 'final_dropout': 0.09742364586809209, 'train_learning_rate': 0.0006709708373832296, 'train_lr_reduce': 0.6}. Best is trial 613 with value: 0.045173268765211105.
[I 2024-12-25 22:33:24,325] Trial 1096 finished with value: 0.069892019033432 and parameters: {'L1_hidden_dim': 96, 'L1_layers_atom': 4, 'L1_layers_mol': 1, 'L1_dropout': 0.24322027928732787, 'L1_out_dim': 80, 'L2_hidden_dim': 192, 'L2_layers_atom': 4, 'L2_layers_mol': 1, 'L2_out_dim': 112, 'L2_dropout': 0.020439685751728942, 'L3_hidden_dim': 48, 'L3_layers_atom': 2, 'L3_layers_mol': 1, 'L3_out_dim': 48, 'L3_dropout': 0.22918794432069775, 'n_mlp_layers': 3, 'mlp_dim_0': 168, 'mlp_dim_1': 304, 'mlp_dim_2': 168, 'num_heads': 1, 'final_dropout': 0.02150403423361721, 'train_learning_rate': 0.0003288396502447433, 'train_lr_reduce': 0.6}. Best is trial 613 with value: 0.045173268765211105.
[I 2024-12-25 22:33:29,330] Trial 1097 finished with value: 0.180194690823555 and parameters: {'L1_hidden_dim': 64, 'L1_layers_atom': 3, 'L1_layers_mol': 1, 'L1_dropout': 0.2126709501539587, 'L1_out_dim': 96, 'L2_hidden_dim': 256, 'L2_layers_atom': 4, 'L2_layers_mol': 1, 'L2_out_dim': 112, 'L2_dropout': 0.11779315680569773, 'L3_hidden_dim': 64, 'L3_layers_atom': 2, 'L3_layers_mol': 1, 'L3_out_dim': 80, 'L3_dropout': 0.2643189385179566, 'n_mlp_layers': 2, 'mlp_dim_0': 160, 'mlp_dim_1': 352, 'num_heads': 1, 'final_dropout': 0.10863311586263595, 'train_learning_rate': 0.005776473146700951, 'train_lr_reduce': 0.6}. Best is trial 613 with value: 0.045173268765211105.
[I 2024-12-25 22:34:47,170] Trial 1099 finished with value: 0.08402000367641449 and parameters: {'L1_hidden_dim': 64, 'L1_layers_atom': 3, 'L1_layers_mol': 2, 'L1_dropout': 0.23618396872521621, 'L1_out_dim': 112, 'L2_hidden_dim': 160, 'L2_layers_atom': 1, 'L2_layers_mol': 3, 'L2_out_dim': 96, 'L2_dropout': 0.0010067971771497188, 'L3_hidden_dim': 112, 'L3_layers_atom': 3, 'L3_layers_mol': 1, 'L3_out_dim': 128, 'L3_dropout': 0.22662700934936697, 'n_mlp_layers': 3, 'mlp_dim_0': 424, 'mlp_dim_1': 192, 'mlp_dim_2': 72, 'num_heads': 1, 'final_dropout': 0.1945761033260996, 'train_learning_rate': 0.0005386612921238532, 'train_lr_reduce': 0.6}. Best is trial 613 with value: 0.045173268765211105.
[I 2024-12-25 22:34:52,093] Trial 1100 finished with value: 0.09533829241991043 and parameters: {'L1_hidden_dim': 64, 'L1_layers_atom': 2, 'L1_layers_mol': 3, 'L1_dropout': 0.1630752103933879, 'L1_out_dim': 128, 'L2_hidden_dim': 128, 'L2_layers_atom': 3, 'L2_layers_mol': 2, 'L2_out_dim': 80, 'L2_dropout': 0.08342786595093057, 'L3_hidden_dim': 112, 'L3_layers_atom': 2, 'L3_layers_mol': 1, 'L3_out_dim': 112, 'L3_dropout': 0.2300209231765814, 'n_mlp_layers': 3, 'mlp_dim_0': 152, 'mlp_dim_1': 344, 'mlp_dim_2': 136, 'num_heads': 1, 'final_dropout': 0.12743935758462308, 'train_learning_rate': 0.0012884919893887284, 'train_lr_reduce': 0.6}. Best is trial 613 with value: 0.045173268765211105.
[I 2024-12-25 22:35:48,026] Trial 1098 finished with value: 0.08208776265382767 and parameters: {'L1_hidden_dim': 144, 'L1_layers_atom': 3, 'L1_layers_mol': 1, 'L1_dropout': 0.2977951289533378, 'L1_out_dim': 80, 'L2_hidden_dim': 208, 'L2_layers_atom': 2, 'L2_layers_mol': 3, 'L2_out_dim': 32, 'L2_dropout': 0.0685413782291955, 'L3_hidden_dim': 64, 'L3_layers_atom': 4, 'L3_layers_mol': 3, 'L3_out_dim': 96, 'L3_dropout': 0.009365066318569095, 'n_mlp_layers': 3, 'mlp_dim_0': 416, 'mlp_dim_1': 272, 'mlp_dim_2': 112, 'num_heads': 1, 'final_dropout': 0.15468592182628996, 'train_learning_rate': 0.0028830993589450474, 'train_lr_reduce': 0.6}. Best is trial 613 with value: 0.045173268765211105.
[I 2024-12-25 22:36:18,265] Trial 1101 finished with value: 0.06939064711332321 and parameters: {'L1_hidden_dim': 80, 'L1_layers_atom': 2, 'L1_layers_mol': 3, 'L1_dropout': 0.21985947738979048, 'L1_out_dim': 112, 'L2_hidden_dim': 240, 'L2_layers_atom': 1, 'L2_layers_mol': 1, 'L2_out_dim': 128, 'L2_dropout': 0.044383982936014844, 'L3_hidden_dim': 48, 'L3_layers_atom': 4, 'L3_layers_mol': 2, 'L3_out_dim': 112, 'L3_dropout': 0.2329651418678531, 'n_mlp_layers': 2, 'mlp_dim_0': 128, 'mlp_dim_1': 264, 'num_heads': 2, 'final_dropout': 0.030493108628323093, 'train_learning_rate': 0.0010311289659969412, 'train_lr_reduce': 0.6}. Best is trial 613 with value: 0.045173268765211105.
[I 2024-12-25 22:36:50,310] Trial 1102 finished with value: 0.06154425069689751 and parameters: {'L1_hidden_dim': 96, 'L1_layers_atom': 4, 'L1_layers_mol': 1, 'L1_dropout': 0.2733486270836568, 'L1_out_dim': 64, 'L2_hidden_dim': 256, 'L2_layers_atom': 4, 'L2_layers_mol': 2, 'L2_out_dim': 96, 'L2_dropout': 0.026916768289426556, 'L3_hidden_dim': 64, 'L3_layers_atom': 3, 'L3_layers_mol': 1, 'L3_out_dim': 32, 'L3_dropout': 0.13733647377065783, 'n_mlp_layers': 3, 'mlp_dim_0': 48, 'mlp_dim_1': 336, 'mlp_dim_2': 64, 'num_heads': 1, 'final_dropout': 0.022900103057864194, 'train_learning_rate': 0.0002501584300695005, 'train_lr_reduce': 0.6}. Best is trial 613 with value: 0.045173268765211105.
[I 2024-12-25 22:37:46,830] Trial 1104 finished with value: 0.09628770500421524 and parameters: {'L1_hidden_dim': 144, 'L1_layers_atom': 2, 'L1_layers_mol': 3, 'L1_dropout': 0.2977281340450554, 'L1_out_dim': 112, 'L2_hidden_dim': 240, 'L2_layers_atom': 1, 'L2_layers_mol': 2, 'L2_out_dim': 112, 'L2_dropout': 0.2312322323082615, 'L3_hidden_dim': 128, 'L3_layers_atom': 3, 'L3_layers_mol': 4, 'L3_out_dim': 32, 'L3_dropout': 0.11954222128241905, 'n_mlp_layers': 2, 'mlp_dim_0': 48, 'mlp_dim_1': 264, 'num_heads': 2, 'final_dropout': 0.0553444266110147, 'train_learning_rate': 0.0006868314718715945, 'train_lr_reduce': 0.6}. Best is trial 613 with value: 0.045173268765211105.
[I 2024-12-25 22:37:53,943] Trial 1103 finished with value: 0.09703662991523743 and parameters: {'L1_hidden_dim': 80, 'L1_layers_atom': 4, 'L1_layers_mol': 3, 'L1_dropout': 0.2079200700549687, 'L1_out_dim': 80, 'L2_hidden_dim': 256, 'L2_layers_atom': 2, 'L2_layers_mol': 4, 'L2_out_dim': 32, 'L2_dropout': 0.011526672075005462, 'L3_hidden_dim': 48, 'L3_layers_atom': 3, 'L3_layers_mol': 2, 'L3_out_dim': 96, 'L3_dropout': 0.0738405811084342, 'n_mlp_layers': 3, 'mlp_dim_0': 440, 'mlp_dim_1': 384, 'mlp_dim_2': 168, 'num_heads': 1, 'final_dropout': 0.12587303612006495, 'train_learning_rate': 0.005501441613489365, 'train_lr_reduce': 0.6}. Best is trial 613 with value: 0.045173268765211105.
[I 2024-12-25 22:39:06,725] Trial 1105 finished with value: 0.07823827117681503 and parameters: {'L1_hidden_dim': 64, 'L1_layers_atom': 4, 'L1_layers_mol': 2, 'L1_dropout': 0.24769839510091518, 'L1_out_dim': 112, 'L2_hidden_dim': 240, 'L2_layers_atom': 3, 'L2_layers_mol': 2, 'L2_out_dim': 112, 'L2_dropout': 0.013863037430336952, 'L3_hidden_dim': 32, 'L3_layers_atom': 3, 'L3_layers_mol': 2, 'L3_out_dim': 48, 'L3_dropout': 0.15817805471822594, 'n_mlp_layers': 3, 'mlp_dim_0': 56, 'mlp_dim_1': 312, 'mlp_dim_2': 120, 'num_heads': 1, 'final_dropout': 0.05572073351814799, 'train_learning_rate': 0.00043594440193040043, 'train_lr_reduce': 0.6}. Best is trial 613 with value: 0.045173268765211105.
[I 2024-12-25 22:39:24,876] Trial 1107 finished with value: 0.08778694272041321 and parameters: {'L1_hidden_dim': 144, 'L1_layers_atom': 2, 'L1_layers_mol': 2, 'L1_dropout': 0.176784789650342, 'L1_out_dim': 128, 'L2_hidden_dim': 240, 'L2_layers_atom': 4, 'L2_layers_mol': 4, 'L2_out_dim': 96, 'L2_dropout': 0.08985532236421526, 'L3_hidden_dim': 112, 'L3_layers_atom': 2, 'L3_layers_mol': 2, 'L3_out_dim': 96, 'L3_dropout': 0.07695475877993176, 'n_mlp_layers': 3, 'mlp_dim_0': 288, 'mlp_dim_1': 224, 'mlp_dim_2': 168, 'num_heads': 1, 'final_dropout': 0.05092376248873956, 'train_learning_rate': 0.0007783202515598247, 'train_lr_reduce': 0.6}. Best is trial 613 with value: 0.045173268765211105.
[I 2024-12-25 22:41:05,536] Trial 1106 finished with value: 0.07900144904851913 and parameters: {'L1_hidden_dim': 64, 'L1_layers_atom': 4, 'L1_layers_mol': 1, 'L1_dropout': 0.2861202946535244, 'L1_out_dim': 112, 'L2_hidden_dim': 224, 'L2_layers_atom': 4, 'L2_layers_mol': 1, 'L2_out_dim': 128, 'L2_dropout': 0.016499135437384536, 'L3_hidden_dim': 32, 'L3_layers_atom': 3, 'L3_layers_mol': 2, 'L3_out_dim': 80, 'L3_dropout': 0.25403982663125885, 'n_mlp_layers': 3, 'mlp_dim_0': 136, 'mlp_dim_1': 392, 'mlp_dim_2': 104, 'num_heads': 1, 'final_dropout': 0.03486737698159791, 'train_learning_rate': 0.00026667972672344566, 'train_lr_reduce': 0.6}. Best is trial 613 with value: 0.045173268765211105.
[I 2024-12-25 22:41:19,255] Trial 1109 finished with value: 0.07292130589485168 and parameters: {'L1_hidden_dim': 96, 'L1_layers_atom': 4, 'L1_layers_mol': 3, 'L1_dropout': 0.2531873554695345, 'L1_out_dim': 80, 'L2_hidden_dim': 224, 'L2_layers_atom': 3, 'L2_layers_mol': 4, 'L2_out_dim': 48, 'L2_dropout': 0.030300377807682508, 'L3_hidden_dim': 48, 'L3_layers_atom': 4, 'L3_layers_mol': 3, 'L3_out_dim': 112, 'L3_dropout': 0.05005284496436215, 'n_mlp_layers': 3, 'mlp_dim_0': 488, 'mlp_dim_1': 304, 'mlp_dim_2': 120, 'num_heads': 1, 'final_dropout': 0.08803355152528164, 'train_learning_rate': 0.0004423642392712434, 'train_lr_reduce': 0.6}. Best is trial 613 with value: 0.045173268765211105.
[I 2024-12-25 22:42:49,594] Trial 1111 finished with value: 0.07072383165359497 and parameters: {'L1_hidden_dim': 80, 'L1_layers_atom': 2, 'L1_layers_mol': 4, 'L1_dropout': 0.2557586600983693, 'L1_out_dim': 128, 'L2_hidden_dim': 240, 'L2_layers_atom': 1, 'L2_layers_mol': 2, 'L2_out_dim': 112, 'L2_dropout': 0.003919073421274649, 'L3_hidden_dim': 32, 'L3_layers_atom': 3, 'L3_layers_mol': 3, 'L3_out_dim': 128, 'L3_dropout': 0.2628805000719964, 'n_mlp_layers': 2, 'mlp_dim_0': 64, 'mlp_dim_1': 392, 'num_heads': 2, 'final_dropout': 0.035963308419765756, 'train_learning_rate': 0.0007397386957634694, 'train_lr_reduce': 0.6}. Best is trial 613 with value: 0.045173268765211105.
[I 2024-12-25 22:42:54,040] Trial 1110 finished with value: 0.0699101984500885 and parameters: {'L1_hidden_dim': 64, 'L1_layers_atom': 4, 'L1_layers_mol': 2, 'L1_dropout': 0.28617376908839226, 'L1_out_dim': 128, 'L2_hidden_dim': 144, 'L2_layers_atom': 4, 'L2_layers_mol': 2, 'L2_out_dim': 128, 'L2_dropout': 0.10879130815127895, 'L3_hidden_dim': 80, 'L3_layers_atom': 4, 'L3_layers_mol': 1, 'L3_out_dim': 48, 'L3_dropout': 0.2946057967801432, 'n_mlp_layers': 2, 'mlp_dim_0': 40, 'mlp_dim_1': 392, 'num_heads': 2, 'final_dropout': 0.13404803940011947, 'train_learning_rate': 0.0012867181289815649, 'train_lr_reduce': 0.6}. Best is trial 613 with value: 0.045173268765211105.
[I 2024-12-25 22:43:13,297] Trial 1108 finished with value: 0.06471629440784454 and parameters: {'L1_hidden_dim': 96, 'L1_layers_atom': 4, 'L1_layers_mol': 3, 'L1_dropout': 0.1165853590426849, 'L1_out_dim': 112, 'L2_hidden_dim': 240, 'L2_layers_atom': 2, 'L2_layers_mol': 4, 'L2_out_dim': 96, 'L2_dropout': 0.0477199067456734, 'L3_hidden_dim': 96, 'L3_layers_atom': 3, 'L3_layers_mol': 1, 'L3_out_dim': 112, 'L3_dropout': 0.051986652527537335, 'n_mlp_layers': 3, 'mlp_dim_0': 256, 'mlp_dim_1': 352, 'mlp_dim_2': 56, 'num_heads': 1, 'final_dropout': 0.021033247346818038, 'train_learning_rate': 0.004365261400717823, 'train_lr_reduce': 0.6}. Best is trial 613 with value: 0.045173268765211105.
[I 2024-12-25 22:43:47,979] Trial 1113 finished with value: 0.09945382177829742 and parameters: {'L1_hidden_dim': 112, 'L1_layers_atom': 1, 'L1_layers_mol': 3, 'L1_dropout': 0.25077260819083297, 'L1_out_dim': 128, 'L2_hidden_dim': 240, 'L2_layers_atom': 4, 'L2_layers_mol': 1, 'L2_out_dim': 112, 'L2_dropout': 0.022569097453694023, 'L3_hidden_dim': 32, 'L3_layers_atom': 4, 'L3_layers_mol': 1, 'L3_out_dim': 128, 'L3_dropout': 0.2608298533936817, 'n_mlp_layers': 2, 'mlp_dim_0': 184, 'mlp_dim_1': 128, 'num_heads': 2, 'final_dropout': 0.0025288492344830993, 'train_learning_rate': 0.0020924955543738556, 'train_lr_reduce': 0.6}. Best is trial 613 with value: 0.045173268765211105.
[I 2024-12-25 22:44:00,229] Trial 1112 finished with value: 0.08657372742891312 and parameters: {'L1_hidden_dim': 80, 'L1_layers_atom': 4, 'L1_layers_mol': 4, 'L1_dropout': 0.13122258596870467, 'L1_out_dim': 64, 'L2_hidden_dim': 256, 'L2_layers_atom': 1, 'L2_layers_mol': 3, 'L2_out_dim': 80, 'L2_dropout': 0.030259787567989055, 'L3_hidden_dim': 112, 'L3_layers_atom': 1, 'L3_layers_mol': 1, 'L3_out_dim': 112, 'L3_dropout': 0.019096197962580122, 'n_mlp_layers': 3, 'mlp_dim_0': 312, 'mlp_dim_1': 200, 'mlp_dim_2': 176, 'num_heads': 1, 'final_dropout': 0.11196339223462172, 'train_learning_rate': 0.0026482661799997207, 'train_lr_reduce': 0.6}. Best is trial 613 with value: 0.045173268765211105.
[I 2024-12-25 22:44:45,574] Trial 1115 finished with value: 0.08840687572956085 and parameters: {'L1_hidden_dim': 128, 'L1_layers_atom': 4, 'L1_layers_mol': 3, 'L1_dropout': 0.16338417037265646, 'L1_out_dim': 96, 'L2_hidden_dim': 224, 'L2_layers_atom': 2, 'L2_layers_mol': 2, 'L2_out_dim': 128, 'L2_dropout': 0.05846226084673836, 'L3_hidden_dim': 96, 'L3_layers_atom': 4, 'L3_layers_mol': 2, 'L3_out_dim': 112, 'L3_dropout': 0.27767064778131434, 'n_mlp_layers': 3, 'mlp_dim_0': 464, 'mlp_dim_1': 280, 'mlp_dim_2': 64, 'num_heads': 1, 'final_dropout': 0.12247326363271738, 'train_learning_rate': 0.0024290651017883644, 'train_lr_reduce': 0.6}. Best is trial 613 with value: 0.045173268765211105.
[I 2024-12-25 22:44:52,436] Trial 1114 finished with value: 0.06150200217962265 and parameters: {'L1_hidden_dim': 64, 'L1_layers_atom': 3, 'L1_layers_mol': 3, 'L1_dropout': 0.29780525565798516, 'L1_out_dim': 112, 'L2_hidden_dim': 224, 'L2_layers_atom': 3, 'L2_layers_mol': 1, 'L2_out_dim': 96, 'L2_dropout': 0.0610139139758452, 'L3_hidden_dim': 64, 'L3_layers_atom': 3, 'L3_layers_mol': 1, 'L3_out_dim': 32, 'L3_dropout': 0.28046882210313134, 'n_mlp_layers': 2, 'mlp_dim_0': 104, 'mlp_dim_1': 344, 'num_heads': 2, 'final_dropout': 0.02980818873510683, 'train_learning_rate': 0.0006457611433121092, 'train_lr_reduce': 0.6}. Best is trial 613 with value: 0.045173268765211105.
[I 2024-12-25 22:45:44,687] Trial 1116 finished with value: 0.07088495045900345 and parameters: {'L1_hidden_dim': 64, 'L1_layers_atom': 4, 'L1_layers_mol': 3, 'L1_dropout': 0.2267337571858683, 'L1_out_dim': 80, 'L2_hidden_dim': 160, 'L2_layers_atom': 3, 'L2_layers_mol': 3, 'L2_out_dim': 48, 'L2_dropout': 0.10714267305382812, 'L3_hidden_dim': 48, 'L3_layers_atom': 2, 'L3_layers_mol': 2, 'L3_out_dim': 112, 'L3_dropout': 0.0002264856311476951, 'n_mlp_layers': 3, 'mlp_dim_0': 440, 'mlp_dim_1': 416, 'mlp_dim_2': 112, 'num_heads': 1, 'final_dropout': 0.2293212856667738, 'train_learning_rate': 0.0028260797371195264, 'train_lr_reduce': 0.6}. Best is trial 613 with value: 0.045173268765211105.
[I 2024-12-25 22:45:44,853] Trial 1117 finished with value: 0.07713189721107483 and parameters: {'L1_hidden_dim': 80, 'L1_layers_atom': 4, 'L1_layers_mol': 1, 'L1_dropout': 0.2825525041747128, 'L1_out_dim': 128, 'L2_hidden_dim': 144, 'L2_layers_atom': 1, 'L2_layers_mol': 1, 'L2_out_dim': 80, 'L2_dropout': 0.026504298525284003, 'L3_hidden_dim': 80, 'L3_layers_atom': 3, 'L3_layers_mol': 1, 'L3_out_dim': 32, 'L3_dropout': 0.2752673064054851, 'n_mlp_layers': 3, 'mlp_dim_0': 72, 'mlp_dim_1': 360, 'mlp_dim_2': 120, 'num_heads': 2, 'final_dropout': 0.08337513749740123, 'train_learning_rate': 0.002350199292769393, 'train_lr_reduce': 0.6}. Best is trial 613 with value: 0.045173268765211105.
[I 2024-12-25 22:46:50,897] Trial 1118 finished with value: 0.06719424575567245 and parameters: {'L1_hidden_dim': 80, 'L1_layers_atom': 4, 'L1_layers_mol': 3, 'L1_dropout': 0.28504653498166294, 'L1_out_dim': 112, 'L2_hidden_dim': 112, 'L2_layers_atom': 1, 'L2_layers_mol': 1, 'L2_out_dim': 96, 'L2_dropout': 0.01257889899293703, 'L3_hidden_dim': 96, 'L3_layers_atom': 4, 'L3_layers_mol': 1, 'L3_out_dim': 32, 'L3_dropout': 0.2229074201099733, 'n_mlp_layers': 2, 'mlp_dim_0': 56, 'mlp_dim_1': 424, 'num_heads': 2, 'final_dropout': 0.13862766411681327, 'train_learning_rate': 0.0066950921668876935, 'train_lr_reduce': 0.6}. Best is trial 613 with value: 0.045173268765211105.
[I 2024-12-25 22:47:21,605] Trial 1119 finished with value: 0.06620503216981888 and parameters: {'L1_hidden_dim': 112, 'L1_layers_atom': 3, 'L1_layers_mol': 1, 'L1_dropout': 0.24038177972782215, 'L1_out_dim': 80, 'L2_hidden_dim': 240, 'L2_layers_atom': 1, 'L2_layers_mol': 4, 'L2_out_dim': 64, 'L2_dropout': 0.0205468817904916, 'L3_hidden_dim': 80, 'L3_layers_atom': 4, 'L3_layers_mol': 2, 'L3_out_dim': 128, 'L3_dropout': 0.036685128787076964, 'n_mlp_layers': 1, 'mlp_dim_0': 280, 'num_heads': 1, 'final_dropout': 0.15502514362627753, 'train_learning_rate': 0.00155186237269941, 'train_lr_reduce': 0.6}. Best is trial 613 with value: 0.045173268765211105.
