[I 2024-12-25 01:48:08,554] Trial 994 finished with value: 0.011685480363667011 and parameters: {'L1_hidden_dim': 176, 'L1_layers_atom': 4, 'L1_layers_mol': 4, 'L1_dropout': 0.04394503954508877, 'L1_out_dim': 80, 'L2_hidden_dim': 256, 'L2_layers_atom': 3, 'L2_layers_mol': 2, 'L2_out_dim': 64, 'L2_dropout': 0.05597918733700179, 'L3_hidden_dim': 32, 'L3_layers_atom': 4, 'L3_layers_mol': 2, 'L3_out_dim': 112, 'L3_dropout': 0.21791644040280114, 'n_mlp_layers': 1, 'mlp_dim_0': 272, 'num_heads': 2, 'final_dropout': 0.0015618559179830446, 'train_learning_rate': 0.001574496268058581, 'train_lr_reduce': 0.6}. Best is trial 570 with value: 0.00952998548746109.
[I 2024-12-25 01:49:02,671] Trial 996 finished with value: 0.012605307623744011 and parameters: {'L1_hidden_dim': 80, 'L1_layers_atom': 2, 'L1_layers_mol': 2, 'L1_dropout': 0.013481416139650293, 'L1_out_dim': 32, 'L2_hidden_dim': 160, 'L2_layers_atom': 4, 'L2_layers_mol': 2, 'L2_out_dim': 112, 'L2_dropout': 0.031113817799456493, 'L3_hidden_dim': 96, 'L3_layers_atom': 4, 'L3_layers_mol': 2, 'L3_out_dim': 128, 'L3_dropout': 0.22513925442546406, 'n_mlp_layers': 2, 'mlp_dim_0': 424, 'mlp_dim_1': 312, 'num_heads': 2, 'final_dropout': 0.24105075389641564, 'train_learning_rate': 0.0026393364525815594, 'train_lr_reduce': 0.6}. Best is trial 570 with value: 0.00952998548746109.
[I 2024-12-25 01:50:48,213] Trial 997 finished with value: 0.010537957772612572 and parameters: {'L1_hidden_dim': 256, 'L1_layers_atom': 3, 'L1_layers_mol': 3, 'L1_dropout': 0.01845787011744828, 'L1_out_dim': 32, 'L2_hidden_dim': 96, 'L2_layers_atom': 4, 'L2_layers_mol': 1, 'L2_out_dim': 48, 'L2_dropout': 0.048572724127902894, 'L3_hidden_dim': 112, 'L3_layers_atom': 4, 'L3_layers_mol': 1, 'L3_out_dim': 128, 'L3_dropout': 0.20645254837719584, 'n_mlp_layers': 1, 'mlp_dim_0': 328, 'num_heads': 2, 'final_dropout': 0.11643758974939541, 'train_learning_rate': 0.00038452109175287025, 'train_lr_reduce': 0.6}. Best is trial 570 with value: 0.00952998548746109.
[I 2024-12-25 01:51:00,547] Trial 999 finished with value: 0.011052126064896584 and parameters: {'L1_hidden_dim': 144, 'L1_layers_atom': 4, 'L1_layers_mol': 3, 'L1_dropout': 0.03454981558750715, 'L1_out_dim': 32, 'L2_hidden_dim': 224, 'L2_layers_atom': 4, 'L2_layers_mol': 1, 'L2_out_dim': 32, 'L2_dropout': 0.20365513981022582, 'L3_hidden_dim': 112, 'L3_layers_atom': 4, 'L3_layers_mol': 3, 'L3_out_dim': 112, 'L3_dropout': 0.22516711820208413, 'n_mlp_layers': 3, 'mlp_dim_0': 96, 'mlp_dim_1': 304, 'mlp_dim_2': 128, 'num_heads': 2, 'final_dropout': 0.02745426104133214, 'train_learning_rate': 0.00097916515930906, 'train_lr_reduce': 0.6}. Best is trial 570 with value: 0.00952998548746109.
[I 2024-12-25 01:51:15,979] Trial 998 finished with value: 0.011446093209087849 and parameters: {'L1_hidden_dim': 208, 'L1_layers_atom': 3, 'L1_layers_mol': 2, 'L1_dropout': 0.013845605631614003, 'L1_out_dim': 64, 'L2_hidden_dim': 112, 'L2_layers_atom': 4, 'L2_layers_mol': 1, 'L2_out_dim': 96, 'L2_dropout': 0.0038118427320976006, 'L3_hidden_dim': 96, 'L3_layers_atom': 2, 'L3_layers_mol': 4, 'L3_out_dim': 112, 'L3_dropout': 0.28428267831868514, 'n_mlp_layers': 2, 'mlp_dim_0': 192, 'mlp_dim_1': 240, 'num_heads': 2, 'final_dropout': 0.05062765902958549, 'train_learning_rate': 0.0002618675883425712, 'train_lr_reduce': 0.6}. Best is trial 570 with value: 0.00952998548746109.
[I 2024-12-25 01:52:52,459] Trial 1000 finished with value: 0.011081276461482048 and parameters: {'L1_hidden_dim': 160, 'L1_layers_atom': 2, 'L1_layers_mol': 2, 'L1_dropout': 0.0012456648187338347, 'L1_out_dim': 64, 'L2_hidden_dim': 160, 'L2_layers_atom': 2, 'L2_layers_mol': 1, 'L2_out_dim': 112, 'L2_dropout': 0.014845735605681186, 'L3_hidden_dim': 64, 'L3_layers_atom': 4, 'L3_layers_mol': 1, 'L3_out_dim': 128, 'L3_dropout': 0.27524089028725723, 'n_mlp_layers': 1, 'mlp_dim_0': 80, 'num_heads': 1, 'final_dropout': 0.14605184412701044, 'train_learning_rate': 0.0009555190314913071, 'train_lr_reduce': 0.6}. Best is trial 570 with value: 0.00952998548746109.
[I 2024-12-25 01:54:01,595] Trial 1002 finished with value: 0.010356905870139599 and parameters: {'L1_hidden_dim': 256, 'L1_layers_atom': 4, 'L1_layers_mol': 4, 'L1_dropout': 0.005359426341555294, 'L1_out_dim': 32, 'L2_hidden_dim': 160, 'L2_layers_atom': 3, 'L2_layers_mol': 1, 'L2_out_dim': 32, 'L2_dropout': 0.15626439830403718, 'L3_hidden_dim': 128, 'L3_layers_atom': 3, 'L3_layers_mol': 3, 'L3_out_dim': 96, 'L3_dropout': 0.2989477871850964, 'n_mlp_layers': 3, 'mlp_dim_0': 112, 'mlp_dim_1': 344, 'mlp_dim_2': 40, 'num_heads': 2, 'final_dropout': 0.04160265765981848, 'train_learning_rate': 0.0004362474662451737, 'train_lr_reduce': 0.6}. Best is trial 570 with value: 0.00952998548746109.
[I 2024-12-25 01:54:14,224] Trial 1001 finished with value: 0.02291318215429783 and parameters: {'L1_hidden_dim': 80, 'L1_layers_atom': 3, 'L1_layers_mol': 2, 'L1_dropout': 0.019280978002835052, 'L1_out_dim': 32, 'L2_hidden_dim': 208, 'L2_layers_atom': 3, 'L2_layers_mol': 1, 'L2_out_dim': 128, 'L2_dropout': 0.060924591380863355, 'L3_hidden_dim': 112, 'L3_layers_atom': 4, 'L3_layers_mol': 1, 'L3_out_dim': 112, 'L3_dropout': 0.19203778966809384, 'n_mlp_layers': 3, 'mlp_dim_0': 384, 'mlp_dim_1': 400, 'mlp_dim_2': 208, 'num_heads': 2, 'final_dropout': 0.18291489489863527, 'train_learning_rate': 0.005824823025390011, 'train_lr_reduce': 0.6}. Best is trial 570 with value: 0.00952998548746109.
[I 2024-12-25 01:54:15,416] Trial 1003 finished with value: 0.019170112907886505 and parameters: {'L1_hidden_dim': 224, 'L1_layers_atom': 2, 'L1_layers_mol': 4, 'L1_dropout': 0.13604843074727108, 'L1_out_dim': 48, 'L2_hidden_dim': 176, 'L2_layers_atom': 3, 'L2_layers_mol': 1, 'L2_out_dim': 48, 'L2_dropout': 0.0709535897512605, 'L3_hidden_dim': 64, 'L3_layers_atom': 4, 'L3_layers_mol': 2, 'L3_out_dim': 112, 'L3_dropout': 0.26045248009577765, 'n_mlp_layers': 1, 'mlp_dim_0': 376, 'num_heads': 2, 'final_dropout': 0.001281214214279798, 'train_learning_rate': 0.0021584002228028157, 'train_lr_reduce': 0.6}. Best is trial 570 with value: 0.00952998548746109.
[I 2024-12-25 01:56:07,294] Trial 1004 finished with value: 0.014386041089892387 and parameters: {'L1_hidden_dim': 64, 'L1_layers_atom': 3, 'L1_layers_mol': 2, 'L1_dropout': 0.02763193400662603, 'L1_out_dim': 48, 'L2_hidden_dim': 128, 'L2_layers_atom': 4, 'L2_layers_mol': 1, 'L2_out_dim': 96, 'L2_dropout': 0.04063784689314048, 'L3_hidden_dim': 96, 'L3_layers_atom': 4, 'L3_layers_mol': 1, 'L3_out_dim': 96, 'L3_dropout': 0.237297048839462, 'n_mlp_layers': 3, 'mlp_dim_0': 496, 'mlp_dim_1': 256, 'mlp_dim_2': 160, 'num_heads': 2, 'final_dropout': 0.179371218383981, 'train_learning_rate': 0.005994015702731154, 'train_lr_reduce': 0.6}. Best is trial 570 with value: 0.00952998548746109.
[I 2024-12-25 01:56:33,301] Trial 1005 finished with value: 0.010556230321526527 and parameters: {'L1_hidden_dim': 176, 'L1_layers_atom': 3, 'L1_layers_mol': 4, 'L1_dropout': 0.01085798899408146, 'L1_out_dim': 32, 'L2_hidden_dim': 64, 'L2_layers_atom': 4, 'L2_layers_mol': 1, 'L2_out_dim': 32, 'L2_dropout': 0.10736611825797296, 'L3_hidden_dim': 80, 'L3_layers_atom': 4, 'L3_layers_mol': 1, 'L3_out_dim': 112, 'L3_dropout': 0.25061559514106246, 'n_mlp_layers': 1, 'mlp_dim_0': 504, 'num_heads': 2, 'final_dropout': 0.07427793575223068, 'train_learning_rate': 0.0009056624159820303, 'train_lr_reduce': 0.6}. Best is trial 570 with value: 0.00952998548746109.
[I 2024-12-25 01:57:18,175] Trial 1006 finished with value: 0.01139871496707201 and parameters: {'L1_hidden_dim': 208, 'L1_layers_atom': 4, 'L1_layers_mol': 3, 'L1_dropout': 0.06464736715187173, 'L1_out_dim': 32, 'L2_hidden_dim': 224, 'L2_layers_atom': 4, 'L2_layers_mol': 1, 'L2_out_dim': 32, 'L2_dropout': 0.14766028819403557, 'L3_hidden_dim': 128, 'L3_layers_atom': 4, 'L3_layers_mol': 4, 'L3_out_dim': 112, 'L3_dropout': 0.26066040852799416, 'n_mlp_layers': 2, 'mlp_dim_0': 184, 'mlp_dim_1': 288, 'num_heads': 2, 'final_dropout': 0.0022971350872463547, 'train_learning_rate': 0.0009607383810655423, 'train_lr_reduce': 0.6}. Best is trial 570 with value: 0.00952998548746109.
[I 2024-12-25 01:58:03,934] Trial 1007 finished with value: 0.011666235513985157 and parameters: {'L1_hidden_dim': 256, 'L1_layers_atom': 2, 'L1_layers_mol': 4, 'L1_dropout': 0.04432004089706561, 'L1_out_dim': 112, 'L2_hidden_dim': 128, 'L2_layers_atom': 3, 'L2_layers_mol': 2, 'L2_out_dim': 64, 'L2_dropout': 0.07490887788743038, 'L3_hidden_dim': 112, 'L3_layers_atom': 2, 'L3_layers_mol': 2, 'L3_out_dim': 128, 'L3_dropout': 0.2916213132009886, 'n_mlp_layers': 1, 'mlp_dim_0': 408, 'num_heads': 1, 'final_dropout': 0.08851514636008245, 'train_learning_rate': 0.0013743347088768592, 'train_lr_reduce': 0.6}. Best is trial 570 with value: 0.00952998548746109.
[I 2024-12-25 01:59:06,721] Trial 1008 finished with value: 0.011979140341281891 and parameters: {'L1_hidden_dim': 208, 'L1_layers_atom': 2, 'L1_layers_mol': 4, 'L1_dropout': 0.07113972930853915, 'L1_out_dim': 48, 'L2_hidden_dim': 224, 'L2_layers_atom': 4, 'L2_layers_mol': 1, 'L2_out_dim': 64, 'L2_dropout': 0.04172792598146756, 'L3_hidden_dim': 32, 'L3_layers_atom': 4, 'L3_layers_mol': 1, 'L3_out_dim': 128, 'L3_dropout': 0.23311641061994165, 'n_mlp_layers': 2, 'mlp_dim_0': 304, 'mlp_dim_1': 352, 'num_heads': 2, 'final_dropout': 0.016391253841585927, 'train_learning_rate': 0.0016019090880729236, 'train_lr_reduce': 0.6}. Best is trial 570 with value: 0.00952998548746109.
[I 2024-12-25 01:59:15,174] Trial 1009 finished with value: 0.011971421539783478 and parameters: {'L1_hidden_dim': 240, 'L1_layers_atom': 2, 'L1_layers_mol': 4, 'L1_dropout': 0.010776941559084987, 'L1_out_dim': 128, 'L2_hidden_dim': 96, 'L2_layers_atom': 2, 'L2_layers_mol': 1, 'L2_out_dim': 80, 'L2_dropout': 0.07912975474095882, 'L3_hidden_dim': 96, 'L3_layers_atom': 3, 'L3_layers_mol': 2, 'L3_out_dim': 112, 'L3_dropout': 0.21887052797259582, 'n_mlp_layers': 1, 'mlp_dim_0': 400, 'num_heads': 1, 'final_dropout': 0.17899312574231957, 'train_learning_rate': 0.0010957736286474073, 'train_lr_reduce': 0.6}. Best is trial 570 with value: 0.00952998548746109.
[I 2024-12-25 02:01:30,478] Trial 1010 finished with value: 0.010877146385610104 and parameters: {'L1_hidden_dim': 256, 'L1_layers_atom': 3, 'L1_layers_mol': 4, 'L1_dropout': 0.019026559813666126, 'L1_out_dim': 64, 'L2_hidden_dim': 160, 'L2_layers_atom': 2, 'L2_layers_mol': 1, 'L2_out_dim': 32, 'L2_dropout': 0.02285004527465172, 'L3_hidden_dim': 32, 'L3_layers_atom': 4, 'L3_layers_mol': 1, 'L3_out_dim': 128, 'L3_dropout': 0.17613112317579677, 'n_mlp_layers': 1, 'mlp_dim_0': 432, 'num_heads': 2, 'final_dropout': 0.045033686840371394, 'train_learning_rate': 0.00047981482254140045, 'train_lr_reduce': 0.6}. Best is trial 570 with value: 0.00952998548746109.
[I 2024-12-25 02:02:12,642] Trial 1011 finished with value: 0.011214050464332104 and parameters: {'L1_hidden_dim': 192, 'L1_layers_atom': 4, 'L1_layers_mol': 4, 'L1_dropout': 0.04039380287342781, 'L1_out_dim': 32, 'L2_hidden_dim': 256, 'L2_layers_atom': 3, 'L2_layers_mol': 1, 'L2_out_dim': 48, 'L2_dropout': 0.056032807843004184, 'L3_hidden_dim': 48, 'L3_layers_atom': 4, 'L3_layers_mol': 2, 'L3_out_dim': 128, 'L3_dropout': 0.2349485239387416, 'n_mlp_layers': 1, 'mlp_dim_0': 128, 'num_heads': 2, 'final_dropout': 0.03690182052035478, 'train_learning_rate': 0.00035944298314609786, 'train_lr_reduce': 0.6}. Best is trial 570 with value: 0.00952998548746109.
[I 2024-12-25 02:02:37,181] Trial 1012 finished with value: 0.011088783852756023 and parameters: {'L1_hidden_dim': 240, 'L1_layers_atom': 4, 'L1_layers_mol': 3, 'L1_dropout': 0.042105448098631225, 'L1_out_dim': 48, 'L2_hidden_dim': 240, 'L2_layers_atom': 4, 'L2_layers_mol': 2, 'L2_out_dim': 64, 'L2_dropout': 0.05348236508305082, 'L3_hidden_dim': 128, 'L3_layers_atom': 4, 'L3_layers_mol': 4, 'L3_out_dim': 128, 'L3_dropout': 0.18336277837087286, 'n_mlp_layers': 3, 'mlp_dim_0': 168, 'mlp_dim_1': 288, 'mlp_dim_2': 88, 'num_heads': 2, 'final_dropout': 0.09030651453702149, 'train_learning_rate': 0.00032023828025626826, 'train_lr_reduce': 0.6}. Best is trial 570 with value: 0.00952998548746109.
[I 2024-12-25 02:03:53,552] Trial 1013 finished with value: 0.013148218393325806 and parameters: {'L1_hidden_dim': 192, 'L1_layers_atom': 3, 'L1_layers_mol': 4, 'L1_dropout': 0.00949281993052381, 'L1_out_dim': 32, 'L2_hidden_dim': 112, 'L2_layers_atom': 3, 'L2_layers_mol': 1, 'L2_out_dim': 32, 'L2_dropout': 0.07177528570612857, 'L3_hidden_dim': 64, 'L3_layers_atom': 3, 'L3_layers_mol': 1, 'L3_out_dim': 128, 'L3_dropout': 0.2814619990138611, 'n_mlp_layers': 1, 'mlp_dim_0': 344, 'num_heads': 2, 'final_dropout': 0.08712767975025415, 'train_learning_rate': 0.0032924176891990582, 'train_lr_reduce': 0.6}. Best is trial 570 with value: 0.00952998548746109.
[I 2024-12-25 02:04:11,921] Trial 1014 finished with value: 0.019383592531085014 and parameters: {'L1_hidden_dim': 192, 'L1_layers_atom': 2, 'L1_layers_mol': 4, 'L1_dropout': 0.016579611548422735, 'L1_out_dim': 32, 'L2_hidden_dim': 176, 'L2_layers_atom': 3, 'L2_layers_mol': 1, 'L2_out_dim': 48, 'L2_dropout': 0.14558395253387513, 'L3_hidden_dim': 48, 'L3_layers_atom': 4, 'L3_layers_mol': 2, 'L3_out_dim': 128, 'L3_dropout': 0.2374115970997829, 'n_mlp_layers': 1, 'mlp_dim_0': 360, 'num_heads': 2, 'final_dropout': 0.06175789602999822, 'train_learning_rate': 0.004099595314123114, 'train_lr_reduce': 0.6}. Best is trial 570 with value: 0.00952998548746109.
[I 2024-12-25 02:04:25,957] Trial 1015 finished with value: 0.010697954334318638 and parameters: {'L1_hidden_dim': 176, 'L1_layers_atom': 3, 'L1_layers_mol': 4, 'L1_dropout': 0.008916071925214472, 'L1_out_dim': 32, 'L2_hidden_dim': 192, 'L2_layers_atom': 4, 'L2_layers_mol': 1, 'L2_out_dim': 32, 'L2_dropout': 0.1567204500597113, 'L3_hidden_dim': 96, 'L3_layers_atom': 3, 'L3_layers_mol': 2, 'L3_out_dim': 128, 'L3_dropout': 0.17994290714508834, 'n_mlp_layers': 3, 'mlp_dim_0': 232, 'mlp_dim_1': 240, 'mlp_dim_2': 224, 'num_heads': 2, 'final_dropout': 0.040357928247489974, 'train_learning_rate': 0.001839040345755525, 'train_lr_reduce': 0.6}. Best is trial 570 with value: 0.00952998548746109.
[I 2024-12-25 02:06:11,157] Trial 1018 finished with value: 0.014038266614079475 and parameters: {'L1_hidden_dim': 240, 'L1_layers_atom': 3, 'L1_layers_mol': 4, 'L1_dropout': 0.03368068610064533, 'L1_out_dim': 96, 'L2_hidden_dim': 176, 'L2_layers_atom': 3, 'L2_layers_mol': 3, 'L2_out_dim': 64, 'L2_dropout': 0.229942266952361, 'L3_hidden_dim': 32, 'L3_layers_atom': 3, 'L3_layers_mol': 2, 'L3_out_dim': 112, 'L3_dropout': 0.21249252809968655, 'n_mlp_layers': 3, 'mlp_dim_0': 144, 'mlp_dim_1': 288, 'mlp_dim_2': 176, 'num_heads': 2, 'final_dropout': 0.2335715540865147, 'train_learning_rate': 0.0032809789676125694, 'train_lr_reduce': 0.6}. Best is trial 570 with value: 0.00952998548746109.
[I 2024-12-25 02:06:16,162] Trial 1016 finished with value: 0.01142408698797226 and parameters: {'L1_hidden_dim': 144, 'L1_layers_atom': 1, 'L1_layers_mol': 4, 'L1_dropout': 0.0228004876287582, 'L1_out_dim': 96, 'L2_hidden_dim': 192, 'L2_layers_atom': 4, 'L2_layers_mol': 1, 'L2_out_dim': 112, 'L2_dropout': 0.02540840036901098, 'L3_hidden_dim': 64, 'L3_layers_atom': 3, 'L3_layers_mol': 3, 'L3_out_dim': 48, 'L3_dropout': 0.28298452107842276, 'n_mlp_layers': 2, 'mlp_dim_0': 400, 'mlp_dim_1': 320, 'num_heads': 1, 'final_dropout': 0.08472017440166944, 'train_learning_rate': 0.0002836306329769585, 'train_lr_reduce': 0.6}. Best is trial 570 with value: 0.00952998548746109.
[I 2024-12-25 02:07:54,551] Trial 1019 finished with value: 0.011247827671468258 and parameters: {'L1_hidden_dim': 176, 'L1_layers_atom': 2, 'L1_layers_mol': 4, 'L1_dropout': 0.012785583543665895, 'L1_out_dim': 128, 'L2_hidden_dim': 224, 'L2_layers_atom': 3, 'L2_layers_mol': 3, 'L2_out_dim': 80, 'L2_dropout': 0.20407006687998042, 'L3_hidden_dim': 48, 'L3_layers_atom': 3, 'L3_layers_mol': 1, 'L3_out_dim': 96, 'L3_dropout': 0.2684648407541982, 'n_mlp_layers': 3, 'mlp_dim_0': 160, 'mlp_dim_1': 344, 'mlp_dim_2': 280, 'num_heads': 1, 'final_dropout': 0.2801884970643897, 'train_learning_rate': 0.0006749783982036879, 'train_lr_reduce': 0.6}. Best is trial 570 with value: 0.00952998548746109.
[I 2024-12-25 02:07:56,015] Trial 1020 finished with value: 0.01061206217855215 and parameters: {'L1_hidden_dim': 128, 'L1_layers_atom': 3, 'L1_layers_mol': 1, 'L1_dropout': 0.017217684888653148, 'L1_out_dim': 48, 'L2_hidden_dim': 144, 'L2_layers_atom': 4, 'L2_layers_mol': 1, 'L2_out_dim': 128, 'L2_dropout': 0.05187717541080446, 'L3_hidden_dim': 96, 'L3_layers_atom': 4, 'L3_layers_mol': 1, 'L3_out_dim': 128, 'L3_dropout': 0.2990975554457266, 'n_mlp_layers': 2, 'mlp_dim_0': 152, 'mlp_dim_1': 248, 'num_heads': 1, 'final_dropout': 0.14229093203860133, 'train_learning_rate': 0.0021923401045117943, 'train_lr_reduce': 0.6}. Best is trial 570 with value: 0.00952998548746109.
[I 2024-12-25 02:08:03,274] Trial 1017 finished with value: 0.01660028286278248 and parameters: {'L1_hidden_dim': 256, 'L1_layers_atom': 2, 'L1_layers_mol': 4, 'L1_dropout': 0.06594861934005125, 'L1_out_dim': 112, 'L2_hidden_dim': 160, 'L2_layers_atom': 4, 'L2_layers_mol': 4, 'L2_out_dim': 32, 'L2_dropout': 0.01854242213962653, 'L3_hidden_dim': 64, 'L3_layers_atom': 3, 'L3_layers_mol': 2, 'L3_out_dim': 128, 'L3_dropout': 0.24970457100533786, 'n_mlp_layers': 3, 'mlp_dim_0': 48, 'mlp_dim_1': 400, 'mlp_dim_2': 128, 'num_heads': 1, 'final_dropout': 0.2558812908816851, 'train_learning_rate': 0.009306299310012638, 'train_lr_reduce': 0.6}. Best is trial 570 with value: 0.00952998548746109.
[I 2024-12-25 02:10:19,595] Trial 1021 finished with value: 0.011461439542472363 and parameters: {'L1_hidden_dim': 160, 'L1_layers_atom': 4, 'L1_layers_mol': 2, 'L1_dropout': 0.02432634440844944, 'L1_out_dim': 64, 'L2_hidden_dim': 224, 'L2_layers_atom': 3, 'L2_layers_mol': 1, 'L2_out_dim': 64, 'L2_dropout': 0.0938604680182767, 'L3_hidden_dim': 96, 'L3_layers_atom': 3, 'L3_layers_mol': 4, 'L3_out_dim': 112, 'L3_dropout': 0.2526085800829407, 'n_mlp_layers': 3, 'mlp_dim_0': 392, 'mlp_dim_1': 304, 'mlp_dim_2': 88, 'num_heads': 2, 'final_dropout': 0.15337653713880617, 'train_learning_rate': 0.0006480014482821609, 'train_lr_reduce': 0.6}. Best is trial 570 with value: 0.00952998548746109.
[I 2024-12-25 02:11:11,122] Trial 1023 finished with value: 0.011845877394080162 and parameters: {'L1_hidden_dim': 256, 'L1_layers_atom': 4, 'L1_layers_mol': 2, 'L1_dropout': 0.012283599096639166, 'L1_out_dim': 48, 'L2_hidden_dim': 112, 'L2_layers_atom': 3, 'L2_layers_mol': 2, 'L2_out_dim': 80, 'L2_dropout': 0.15406357395169085, 'L3_hidden_dim': 96, 'L3_layers_atom': 2, 'L3_layers_mol': 4, 'L3_out_dim': 96, 'L3_dropout': 0.21767079220942756, 'n_mlp_layers': 2, 'mlp_dim_0': 408, 'mlp_dim_1': 240, 'num_heads': 1, 'final_dropout': 0.008639039298852503, 'train_learning_rate': 0.000831331722999795, 'train_lr_reduce': 0.6}. Best is trial 570 with value: 0.00952998548746109.
[I 2024-12-25 02:11:15,987] Trial 1022 finished with value: 0.01169569045305252 and parameters: {'L1_hidden_dim': 208, 'L1_layers_atom': 4, 'L1_layers_mol': 1, 'L1_dropout': 0.00461430429119977, 'L1_out_dim': 96, 'L2_hidden_dim': 192, 'L2_layers_atom': 4, 'L2_layers_mol': 1, 'L2_out_dim': 64, 'L2_dropout': 0.12186733459658106, 'L3_hidden_dim': 112, 'L3_layers_atom': 3, 'L3_layers_mol': 4, 'L3_out_dim': 128, 'L3_dropout': 0.19457086742594693, 'n_mlp_layers': 3, 'mlp_dim_0': 496, 'mlp_dim_1': 352, 'mlp_dim_2': 152, 'num_heads': 2, 'final_dropout': 0.10579266121475617, 'train_learning_rate': 0.00011044637871905444, 'train_lr_reduce': 0.6}. Best is trial 570 with value: 0.00952998548746109.
[I 2024-12-25 02:11:45,464] Trial 1024 finished with value: 0.015071620233356953 and parameters: {'L1_hidden_dim': 240, 'L1_layers_atom': 2, 'L1_layers_mol': 4, 'L1_dropout': 0.042987679100137094, 'L1_out_dim': 112, 'L2_hidden_dim': 64, 'L2_layers_atom': 4, 'L2_layers_mol': 2, 'L2_out_dim': 80, 'L2_dropout': 0.14597917131677052, 'L3_hidden_dim': 112, 'L3_layers_atom': 4, 'L3_layers_mol': 3, 'L3_out_dim': 112, 'L3_dropout': 0.15537627419146305, 'n_mlp_layers': 1, 'mlp_dim_0': 424, 'num_heads': 1, 'final_dropout': 0.1498195508430751, 'train_learning_rate': 0.0033297564457129766, 'train_lr_reduce': 0.6}. Best is trial 570 with value: 0.00952998548746109.
[I 2024-12-25 02:13:22,987] Trial 1025 finished with value: 0.013025346212089062 and parameters: {'L1_hidden_dim': 176, 'L1_layers_atom': 3, 'L1_layers_mol': 4, 'L1_dropout': 0.01441638464007233, 'L1_out_dim': 32, 'L2_hidden_dim': 208, 'L2_layers_atom': 4, 'L2_layers_mol': 1, 'L2_out_dim': 32, 'L2_dropout': 0.03082159287284629, 'L3_hidden_dim': 96, 'L3_layers_atom': 3, 'L3_layers_mol': 4, 'L3_out_dim': 96, 'L3_dropout': 0.14804593811934863, 'n_mlp_layers': 2, 'mlp_dim_0': 64, 'mlp_dim_1': 288, 'num_heads': 2, 'final_dropout': 0.21024393297611926, 'train_learning_rate': 0.001704550836527908, 'train_lr_reduce': 0.6}. Best is trial 570 with value: 0.00952998548746109.
[I 2024-12-25 02:13:38,768] Trial 1026 finished with value: 0.011201856657862663 and parameters: {'L1_hidden_dim': 160, 'L1_layers_atom': 1, 'L1_layers_mol': 3, 'L1_dropout': 0.025073569273933664, 'L1_out_dim': 64, 'L2_hidden_dim': 176, 'L2_layers_atom': 4, 'L2_layers_mol': 2, 'L2_out_dim': 96, 'L2_dropout': 0.03668561058029392, 'L3_hidden_dim': 80, 'L3_layers_atom': 3, 'L3_layers_mol': 3, 'L3_out_dim': 48, 'L3_dropout': 0.18761453605673167, 'n_mlp_layers': 1, 'mlp_dim_0': 512, 'num_heads': 2, 'final_dropout': 0.12124549577133513, 'train_learning_rate': 0.0008644348752592093, 'train_lr_reduce': 0.6}. Best is trial 570 with value: 0.00952998548746109.
