[I 2024-12-26 09:30:32,051] Trial 2315 finished with value: 0.07528718560934067 and parameters: {'L1_hidden_dim': 96, 'L1_layers_atom': 4, 'L1_layers_mol': 3, 'L1_dropout': 0.29738111640338194, 'L1_out_dim': 96, 'L2_hidden_dim': 160, 'L2_layers_atom': 2, 'L2_layers_mol': 2, 'L2_out_dim': 112, 'L2_dropout': 0.09705478745156645, 'L3_hidden_dim': 112, 'L3_layers_atom': 2, 'L3_layers_mol': 2, 'L3_out_dim': 112, 'L3_dropout': 0.10373842322947788, 'n_mlp_layers': 2, 'mlp_dim_0': 112, 'mlp_dim_1': 304, 'num_heads': 1, 'final_dropout': 0.09324808934712318, 'train_learning_rate': 0.002731270576533031, 'train_lr_reduce': 0.6}. Best is trial 1286 with value: 0.03935658559203148.
[I 2024-12-26 09:30:32,348] Trial 2314 finished with value: 0.09085799753665924 and parameters: {'L1_hidden_dim': 160, 'L1_layers_atom': 3, 'L1_layers_mol': 3, 'L1_dropout': 0.28910594434145853, 'L1_out_dim': 64, 'L2_hidden_dim': 160, 'L2_layers_atom': 3, 'L2_layers_mol': 1, 'L2_out_dim': 96, 'L2_dropout': 0.000952144024069259, 'L3_hidden_dim': 128, 'L3_layers_atom': 3, 'L3_layers_mol': 1, 'L3_out_dim': 48, 'L3_dropout': 0.2082011482485432, 'n_mlp_layers': 3, 'mlp_dim_0': 224, 'mlp_dim_1': 456, 'mlp_dim_2': 136, 'num_heads': 1, 'final_dropout': 0.09200504724287784, 'train_learning_rate': 0.002159636315009942, 'train_lr_reduce': 0.6}. Best is trial 1286 with value: 0.03935658559203148.
[I 2024-12-26 09:32:08,887] Trial 2316 finished with value: 0.16364462673664093 and parameters: {'L1_hidden_dim': 112, 'L1_layers_atom': 3, 'L1_layers_mol': 4, 'L1_dropout': 0.2900295057950232, 'L1_out_dim': 112, 'L2_hidden_dim': 176, 'L2_layers_atom': 2, 'L2_layers_mol': 4, 'L2_out_dim': 80, 'L2_dropout': 0.2790609795380791, 'L3_hidden_dim': 112, 'L3_layers_atom': 1, 'L3_layers_mol': 2, 'L3_out_dim': 32, 'L3_dropout': 0.03717408165866179, 'n_mlp_layers': 1, 'mlp_dim_0': 392, 'num_heads': 2, 'final_dropout': 0.07720438466372079, 'train_learning_rate': 0.00907864235112324, 'train_lr_reduce': 0.6}. Best is trial 1286 with value: 0.03935658559203148.
[I 2024-12-26 09:32:23,156] Trial 2317 finished with value: 0.36718758940696716 and parameters: {'L1_hidden_dim': 96, 'L1_layers_atom': 4, 'L1_layers_mol': 4, 'L1_dropout': 0.2680097769166886, 'L1_out_dim': 112, 'L2_hidden_dim': 112, 'L2_layers_atom': 3, 'L2_layers_mol': 4, 'L2_out_dim': 64, 'L2_dropout': 0.21623030956224226, 'L3_hidden_dim': 32, 'L3_layers_atom': 4, 'L3_layers_mol': 2, 'L3_out_dim': 128, 'L3_dropout': 0.22153712221572852, 'n_mlp_layers': 1, 'mlp_dim_0': 72, 'num_heads': 1, 'final_dropout': 0.2616248715613154, 'train_learning_rate': 0.00048154952393890247, 'train_lr_reduce': 0.6}. Best is trial 1286 with value: 0.03935658559203148.
[I 2024-12-26 09:32:23,159] Trial 2318 finished with value: 0.0994730219244957 and parameters: {'L1_hidden_dim': 64, 'L1_layers_atom': 4, 'L1_layers_mol': 4, 'L1_dropout': 0.2873895605084201, 'L1_out_dim': 80, 'L2_hidden_dim': 176, 'L2_layers_atom': 1, 'L2_layers_mol': 1, 'L2_out_dim': 128, 'L2_dropout': 0.07221881190311018, 'L3_hidden_dim': 96, 'L3_layers_atom': 2, 'L3_layers_mol': 2, 'L3_out_dim': 96, 'L3_dropout': 0.2886740025111034, 'n_mlp_layers': 2, 'mlp_dim_0': 56, 'mlp_dim_1': 472, 'num_heads': 2, 'final_dropout': 0.12600929900586683, 'train_learning_rate': 0.005242620247585392, 'train_lr_reduce': 0.6}. Best is trial 1286 with value: 0.03935658559203148.
[I 2024-12-26 09:33:39,910] Trial 2319 finished with value: 0.12272276729345322 and parameters: {'L1_hidden_dim': 208, 'L1_layers_atom': 4, 'L1_layers_mol': 2, 'L1_dropout': 0.08268309395792345, 'L1_out_dim': 128, 'L2_hidden_dim': 64, 'L2_layers_atom': 2, 'L2_layers_mol': 4, 'L2_out_dim': 64, 'L2_dropout': 0.15932166310987428, 'L3_hidden_dim': 112, 'L3_layers_atom': 3, 'L3_layers_mol': 1, 'L3_out_dim': 64, 'L3_dropout': 0.2020613411232497, 'n_mlp_layers': 2, 'mlp_dim_0': 200, 'mlp_dim_1': 376, 'num_heads': 1, 'final_dropout': 0.22169251175179644, 'train_learning_rate': 0.001858430175148703, 'train_lr_reduce': 0.6}. Best is trial 1286 with value: 0.03935658559203148.
[I 2024-12-26 09:34:34,097] Trial 2321 finished with value: 0.5967659950256348 and parameters: {'L1_hidden_dim': 144, 'L1_layers_atom': 3, 'L1_layers_mol': 3, 'L1_dropout': 0.237412925500526, 'L1_out_dim': 48, 'L2_hidden_dim': 96, 'L2_layers_atom': 3, 'L2_layers_mol': 3, 'L2_out_dim': 112, 'L2_dropout': 0.27514692084656367, 'L3_hidden_dim': 64, 'L3_layers_atom': 4, 'L3_layers_mol': 1, 'L3_out_dim': 128, 'L3_dropout': 0.16117126121875658, 'n_mlp_layers': 2, 'mlp_dim_0': 384, 'mlp_dim_1': 408, 'num_heads': 2, 'final_dropout': 0.11570016182345219, 'train_learning_rate': 0.00021258108516334606, 'train_lr_reduce': 0.6}. Best is trial 1286 with value: 0.03935658559203148.
[I 2024-12-26 09:35:08,114] Trial 2320 finished with value: 0.047808293253183365 and parameters: {'L1_hidden_dim': 64, 'L1_layers_atom': 4, 'L1_layers_mol': 4, 'L1_dropout': 0.27505960674658586, 'L1_out_dim': 48, 'L2_hidden_dim': 128, 'L2_layers_atom': 2, 'L2_layers_mol': 3, 'L2_out_dim': 64, 'L2_dropout': 0.0802758498233325, 'L3_hidden_dim': 128, 'L3_layers_atom': 4, 'L3_layers_mol': 1, 'L3_out_dim': 32, 'L3_dropout': 0.1994994449536791, 'n_mlp_layers': 3, 'mlp_dim_0': 280, 'mlp_dim_1': 408, 'mlp_dim_2': 248, 'num_heads': 1, 'final_dropout': 0.019814253631362078, 'train_learning_rate': 0.0030848683297836454, 'train_lr_reduce': 0.6}. Best is trial 1286 with value: 0.03935658559203148.
[I 2024-12-26 09:35:15,060] Trial 2322 finished with value: 0.121056467294693 and parameters: {'L1_hidden_dim': 80, 'L1_layers_atom': 3, 'L1_layers_mol': 2, 'L1_dropout': 0.187720379237174, 'L1_out_dim': 128, 'L2_hidden_dim': 176, 'L2_layers_atom': 2, 'L2_layers_mol': 2, 'L2_out_dim': 112, 'L2_dropout': 0.17590086838104105, 'L3_hidden_dim': 128, 'L3_layers_atom': 3, 'L3_layers_mol': 1, 'L3_out_dim': 64, 'L3_dropout': 0.23008076889545673, 'n_mlp_layers': 2, 'mlp_dim_0': 400, 'mlp_dim_1': 224, 'num_heads': 1, 'final_dropout': 0.09223376506586414, 'train_learning_rate': 0.00043758750849128605, 'train_lr_reduce': 0.6}. Best is trial 1286 with value: 0.03935658559203148.
[I 2024-12-26 09:35:52,224] Trial 2323 finished with value: 0.07120180875062943 and parameters: {'L1_hidden_dim': 64, 'L1_layers_atom': 2, 'L1_layers_mol': 3, 'L1_dropout': 0.2956537749569845, 'L1_out_dim': 64, 'L2_hidden_dim': 192, 'L2_layers_atom': 2, 'L2_layers_mol': 2, 'L2_out_dim': 96, 'L2_dropout': 0.016986413869404412, 'L3_hidden_dim': 128, 'L3_layers_atom': 3, 'L3_layers_mol': 1, 'L3_out_dim': 128, 'L3_dropout': 0.12024873951319323, 'n_mlp_layers': 2, 'mlp_dim_0': 328, 'mlp_dim_1': 472, 'num_heads': 1, 'final_dropout': 0.06341130033059109, 'train_learning_rate': 0.0010458225413500165, 'train_lr_reduce': 0.6}. Best is trial 1286 with value: 0.03935658559203148.
[I 2024-12-26 09:36:50,569] Trial 2324 finished with value: 0.1408219039440155 and parameters: {'L1_hidden_dim': 96, 'L1_layers_atom': 2, 'L1_layers_mol': 3, 'L1_dropout': 0.2724351508944213, 'L1_out_dim': 96, 'L2_hidden_dim': 160, 'L2_layers_atom': 1, 'L2_layers_mol': 4, 'L2_out_dim': 112, 'L2_dropout': 0.2811641195465364, 'L3_hidden_dim': 48, 'L3_layers_atom': 4, 'L3_layers_mol': 2, 'L3_out_dim': 32, 'L3_dropout': 0.25200604786568415, 'n_mlp_layers': 1, 'mlp_dim_0': 192, 'num_heads': 2, 'final_dropout': 0.23218645128787996, 'train_learning_rate': 0.0007542939444588076, 'train_lr_reduce': 0.6}. Best is trial 1286 with value: 0.03935658559203148.
[I 2024-12-26 09:37:00,636] Trial 2326 finished with value: 0.08056944608688354 and parameters: {'L1_hidden_dim': 96, 'L1_layers_atom': 3, 'L1_layers_mol': 4, 'L1_dropout': 0.2448468064065345, 'L1_out_dim': 80, 'L2_hidden_dim': 208, 'L2_layers_atom': 1, 'L2_layers_mol': 1, 'L2_out_dim': 128, 'L2_dropout': 0.01569235702823906, 'L3_hidden_dim': 128, 'L3_layers_atom': 3, 'L3_layers_mol': 1, 'L3_out_dim': 64, 'L3_dropout': 0.1556201463094813, 'n_mlp_layers': 3, 'mlp_dim_0': 224, 'mlp_dim_1': 432, 'mlp_dim_2': 256, 'num_heads': 2, 'final_dropout': 0.058245395019961704, 'train_learning_rate': 0.0008855518664061353, 'train_lr_reduce': 0.6}. Best is trial 1286 with value: 0.03935658559203148.
[I 2024-12-26 09:37:04,449] Trial 2325 finished with value: 0.10984602570533752 and parameters: {'L1_hidden_dim': 112, 'L1_layers_atom': 4, 'L1_layers_mol': 4, 'L1_dropout': 0.2892620716143976, 'L1_out_dim': 48, 'L2_hidden_dim': 160, 'L2_layers_atom': 1, 'L2_layers_mol': 3, 'L2_out_dim': 48, 'L2_dropout': 0.13499825675719035, 'L3_hidden_dim': 96, 'L3_layers_atom': 4, 'L3_layers_mol': 1, 'L3_out_dim': 48, 'L3_dropout': 0.16471332800368, 'n_mlp_layers': 2, 'mlp_dim_0': 208, 'mlp_dim_1': 448, 'num_heads': 1, 'final_dropout': 0.011321451364593539, 'train_learning_rate': 0.005727309215178798, 'train_lr_reduce': 0.6}. Best is trial 1286 with value: 0.03935658559203148.
[I 2024-12-26 09:38:36,377] Trial 2327 finished with value: 0.09254201501607895 and parameters: {'L1_hidden_dim': 112, 'L1_layers_atom': 4, 'L1_layers_mol': 4, 'L1_dropout': 0.23912725860905146, 'L1_out_dim': 32, 'L2_hidden_dim': 96, 'L2_layers_atom': 1, 'L2_layers_mol': 2, 'L2_out_dim': 64, 'L2_dropout': 0.009632309969705372, 'L3_hidden_dim': 128, 'L3_layers_atom': 4, 'L3_layers_mol': 2, 'L3_out_dim': 48, 'L3_dropout': 0.18457045329967653, 'n_mlp_layers': 3, 'mlp_dim_0': 368, 'mlp_dim_1': 472, 'mlp_dim_2': 264, 'num_heads': 1, 'final_dropout': 0.016865849588503436, 'train_learning_rate': 0.002846946424082947, 'train_lr_reduce': 0.6}. Best is trial 1286 with value: 0.03935658559203148.
[I 2024-12-26 09:38:45,092] Trial 2329 finished with value: 0.0733104720711708 and parameters: {'L1_hidden_dim': 80, 'L1_layers_atom': 4, 'L1_layers_mol': 4, 'L1_dropout': 0.2933165818326453, 'L1_out_dim': 32, 'L2_hidden_dim': 176, 'L2_layers_atom': 2, 'L2_layers_mol': 3, 'L2_out_dim': 80, 'L2_dropout': 0.0826226193369182, 'L3_hidden_dim': 112, 'L3_layers_atom': 3, 'L3_layers_mol': 2, 'L3_out_dim': 64, 'L3_dropout': 0.23075156190532073, 'n_mlp_layers': 3, 'mlp_dim_0': 272, 'mlp_dim_1': 272, 'mlp_dim_2': 280, 'num_heads': 2, 'final_dropout': 0.014547773325770133, 'train_learning_rate': 0.003710075309760083, 'train_lr_reduce': 0.6}. Best is trial 1286 with value: 0.03935658559203148.
[I 2024-12-26 09:39:01,883] Trial 2328 finished with value: 0.10159681737422943 and parameters: {'L1_hidden_dim': 144, 'L1_layers_atom': 3, 'L1_layers_mol': 2, 'L1_dropout': 0.12956122917503696, 'L1_out_dim': 48, 'L2_hidden_dim': 112, 'L2_layers_atom': 3, 'L2_layers_mol': 2, 'L2_out_dim': 32, 'L2_dropout': 0.14168455119821957, 'L3_hidden_dim': 48, 'L3_layers_atom': 1, 'L3_layers_mol': 2, 'L3_out_dim': 80, 'L3_dropout': 0.2412447598877377, 'n_mlp_layers': 1, 'mlp_dim_0': 224, 'num_heads': 2, 'final_dropout': 0.2965898834116899, 'train_learning_rate': 0.009018704587200976, 'train_lr_reduce': 0.6}. Best is trial 1286 with value: 0.03935658559203148.
[I 2024-12-26 09:40:34,679] Trial 2330 finished with value: 0.11095237731933594 and parameters: {'L1_hidden_dim': 176, 'L1_layers_atom': 4, 'L1_layers_mol': 4, 'L1_dropout': 0.0803534604411999, 'L1_out_dim': 48, 'L2_hidden_dim': 96, 'L2_layers_atom': 1, 'L2_layers_mol': 4, 'L2_out_dim': 128, 'L2_dropout': 0.024503099617823765, 'L3_hidden_dim': 112, 'L3_layers_atom': 2, 'L3_layers_mol': 3, 'L3_out_dim': 64, 'L3_dropout': 0.20516634801439243, 'n_mlp_layers': 1, 'mlp_dim_0': 264, 'num_heads': 2, 'final_dropout': 0.24203843524455365, 'train_learning_rate': 0.002368663683209287, 'train_lr_reduce': 0.6}. Best is trial 1286 with value: 0.03935658559203148.
[I 2024-12-26 09:41:03,257] Trial 2331 finished with value: 0.07094161212444305 and parameters: {'L1_hidden_dim': 64, 'L1_layers_atom': 3, 'L1_layers_mol': 3, 'L1_dropout': 0.25669971481107434, 'L1_out_dim': 32, 'L2_hidden_dim': 208, 'L2_layers_atom': 2, 'L2_layers_mol': 2, 'L2_out_dim': 32, 'L2_dropout': 0.056325771190308516, 'L3_hidden_dim': 64, 'L3_layers_atom': 2, 'L3_layers_mol': 2, 'L3_out_dim': 96, 'L3_dropout': 0.007313235172891628, 'n_mlp_layers': 2, 'mlp_dim_0': 432, 'mlp_dim_1': 512, 'num_heads': 2, 'final_dropout': 0.09720878935451588, 'train_learning_rate': 0.003377656504749184, 'train_lr_reduce': 0.6}. Best is trial 1286 with value: 0.03935658559203148.
[I 2024-12-26 09:41:14,306] Trial 2332 finished with value: 0.15655580163002014 and parameters: {'L1_hidden_dim': 224, 'L1_layers_atom': 2, 'L1_layers_mol': 4, 'L1_dropout': 0.24342252922341467, 'L1_out_dim': 112, 'L2_hidden_dim': 112, 'L2_layers_atom': 1, 'L2_layers_mol': 4, 'L2_out_dim': 32, 'L2_dropout': 0.16730647508002805, 'L3_hidden_dim': 64, 'L3_layers_atom': 2, 'L3_layers_mol': 1, 'L3_out_dim': 32, 'L3_dropout': 0.26391107156544136, 'n_mlp_layers': 1, 'mlp_dim_0': 232, 'num_heads': 2, 'final_dropout': 0.12667896422625205, 'train_learning_rate': 0.00023205726339760102, 'train_lr_reduce': 0.6}. Best is trial 1286 with value: 0.03935658559203148.
[I 2024-12-26 09:42:17,788] Trial 2333 finished with value: 0.06567096710205078 and parameters: {'L1_hidden_dim': 64, 'L1_layers_atom': 4, 'L1_layers_mol': 4, 'L1_dropout': 0.2797846424651362, 'L1_out_dim': 64, 'L2_hidden_dim': 144, 'L2_layers_atom': 2, 'L2_layers_mol': 2, 'L2_out_dim': 80, 'L2_dropout': 0.09529894509092504, 'L3_hidden_dim': 112, 'L3_layers_atom': 3, 'L3_layers_mol': 1, 'L3_out_dim': 48, 'L3_dropout': 0.16990000513807124, 'n_mlp_layers': 3, 'mlp_dim_0': 288, 'mlp_dim_1': 432, 'mlp_dim_2': 240, 'num_heads': 1, 'final_dropout': 0.055765291295057313, 'train_learning_rate': 0.0010394177367783958, 'train_lr_reduce': 0.6}. Best is trial 1286 with value: 0.03935658559203148.
[I 2024-12-26 09:42:24,966] Trial 2334 finished with value: 0.0621466189622879 and parameters: {'L1_hidden_dim': 96, 'L1_layers_atom': 4, 'L1_layers_mol': 3, 'L1_dropout': 0.29596182722043385, 'L1_out_dim': 48, 'L2_hidden_dim': 144, 'L2_layers_atom': 3, 'L2_layers_mol': 3, 'L2_out_dim': 96, 'L2_dropout': 0.06390493973827865, 'L3_hidden_dim': 128, 'L3_layers_atom': 4, 'L3_layers_mol': 1, 'L3_out_dim': 32, 'L3_dropout': 0.16133267244917754, 'n_mlp_layers': 3, 'mlp_dim_0': 200, 'mlp_dim_1': 472, 'mlp_dim_2': 256, 'num_heads': 1, 'final_dropout': 0.012548679360407641, 'train_learning_rate': 0.002247304242157781, 'train_lr_reduce': 0.6}. Best is trial 1286 with value: 0.03935658559203148.
[I 2024-12-26 09:43:01,354] Trial 2335 finished with value: 0.06996919214725494 and parameters: {'L1_hidden_dim': 96, 'L1_layers_atom': 4, 'L1_layers_mol': 3, 'L1_dropout': 0.2501667207065247, 'L1_out_dim': 96, 'L2_hidden_dim': 192, 'L2_layers_atom': 2, 'L2_layers_mol': 3, 'L2_out_dim': 128, 'L2_dropout': 0.04048626959090526, 'L3_hidden_dim': 96, 'L3_layers_atom': 2, 'L3_layers_mol': 3, 'L3_out_dim': 80, 'L3_dropout': 0.049297233447509095, 'n_mlp_layers': 2, 'mlp_dim_0': 184, 'mlp_dim_1': 328, 'num_heads': 2, 'final_dropout': 0.1786881701899206, 'train_learning_rate': 0.0005639669711596937, 'train_lr_reduce': 0.6}. Best is trial 1286 with value: 0.03935658559203148.
[I 2024-12-26 09:43:32,539] Trial 2336 finished with value: 0.19923239946365356 and parameters: {'L1_hidden_dim': 64, 'L1_layers_atom': 3, 'L1_layers_mol': 4, 'L1_dropout': 0.2895669693968726, 'L1_out_dim': 48, 'L2_hidden_dim': 128, 'L2_layers_atom': 2, 'L2_layers_mol': 4, 'L2_out_dim': 64, 'L2_dropout': 0.1016064146278989, 'L3_hidden_dim': 128, 'L3_layers_atom': 3, 'L3_layers_mol': 1, 'L3_out_dim': 48, 'L3_dropout': 0.2991826944855337, 'n_mlp_layers': 3, 'mlp_dim_0': 216, 'mlp_dim_1': 416, 'mlp_dim_2': 232, 'num_heads': 1, 'final_dropout': 0.05429747849573697, 'train_learning_rate': 0.006623056244650539, 'train_lr_reduce': 0.6}. Best is trial 1286 with value: 0.03935658559203148.
[I 2024-12-26 09:44:16,031] Trial 2337 finished with value: 0.08108263462781906 and parameters: {'L1_hidden_dim': 80, 'L1_layers_atom': 3, 'L1_layers_mol': 4, 'L1_dropout': 0.25236807046635124, 'L1_out_dim': 48, 'L2_hidden_dim': 80, 'L2_layers_atom': 2, 'L2_layers_mol': 3, 'L2_out_dim': 64, 'L2_dropout': 0.0763113950016922, 'L3_hidden_dim': 128, 'L3_layers_atom': 4, 'L3_layers_mol': 2, 'L3_out_dim': 32, 'L3_dropout': 0.17414339605428822, 'n_mlp_layers': 2, 'mlp_dim_0': 288, 'mlp_dim_1': 480, 'num_heads': 1, 'final_dropout': 0.03586201612664934, 'train_learning_rate': 0.0035788470808903352, 'train_lr_reduce': 0.6}. Best is trial 1286 with value: 0.03935658559203148.
[I 2024-12-26 09:44:22,534] Trial 2339 finished with value: 0.13577952980995178 and parameters: {'L1_hidden_dim': 256, 'L1_layers_atom': 1, 'L1_layers_mol': 4, 'L1_dropout': 0.004408667431416408, 'L1_out_dim': 112, 'L2_hidden_dim': 160, 'L2_layers_atom': 3, 'L2_layers_mol': 1, 'L2_out_dim': 48, 'L2_dropout': 0.20608072348906456, 'L3_hidden_dim': 80, 'L3_layers_atom': 4, 'L3_layers_mol': 3, 'L3_out_dim': 48, 'L3_dropout': 0.16034525594551832, 'n_mlp_layers': 2, 'mlp_dim_0': 408, 'mlp_dim_1': 512, 'num_heads': 1, 'final_dropout': 0.08917053899810687, 'train_learning_rate': 0.0016476219379195438, 'train_lr_reduce': 0.6}. Best is trial 1286 with value: 0.03935658559203148.
[I 2024-12-26 09:44:31,756] Trial 2338 finished with value: 0.07631885260343552 and parameters: {'L1_hidden_dim': 64, 'L1_layers_atom': 3, 'L1_layers_mol': 2, 'L1_dropout': 0.29051704512985155, 'L1_out_dim': 64, 'L2_hidden_dim': 80, 'L2_layers_atom': 2, 'L2_layers_mol': 1, 'L2_out_dim': 128, 'L2_dropout': 0.00258336574496619, 'L3_hidden_dim': 128, 'L3_layers_atom': 4, 'L3_layers_mol': 1, 'L3_out_dim': 128, 'L3_dropout': 0.0882209888772299, 'n_mlp_layers': 2, 'mlp_dim_0': 408, 'mlp_dim_1': 368, 'num_heads': 1, 'final_dropout': 0.15467678881466268, 'train_learning_rate': 0.0015436036501523787, 'train_lr_reduce': 0.6}. Best is trial 1286 with value: 0.03935658559203148.
[I 2024-12-26 09:45:45,425] Trial 2342 finished with value: 0.07717010378837585 and parameters: {'L1_hidden_dim': 64, 'L1_layers_atom': 4, 'L1_layers_mol': 4, 'L1_dropout': 0.2378680673230584, 'L1_out_dim': 96, 'L2_hidden_dim': 256, 'L2_layers_atom': 3, 'L2_layers_mol': 2, 'L2_out_dim': 48, 'L2_dropout': 0.08087681910716507, 'L3_hidden_dim': 64, 'L3_layers_atom': 3, 'L3_layers_mol': 2, 'L3_out_dim': 80, 'L3_dropout': 0.05747529235463015, 'n_mlp_layers': 3, 'mlp_dim_0': 288, 'mlp_dim_1': 440, 'mlp_dim_2': 224, 'num_heads': 2, 'final_dropout': 0.21720029258456716, 'train_learning_rate': 0.0019491312368001088, 'train_lr_reduce': 0.6}. Best is trial 1286 with value: 0.03935658559203148.
[I 2024-12-26 09:46:25,109] Trial 2340 finished with value: 0.11588888615369797 and parameters: {'L1_hidden_dim': 80, 'L1_layers_atom': 4, 'L1_layers_mol': 3, 'L1_dropout': 0.2539540574573818, 'L1_out_dim': 112, 'L2_hidden_dim': 192, 'L2_layers_atom': 1, 'L2_layers_mol': 2, 'L2_out_dim': 128, 'L2_dropout': 0.05137184346938966, 'L3_hidden_dim': 112, 'L3_layers_atom': 4, 'L3_layers_mol': 1, 'L3_out_dim': 80, 'L3_dropout': 0.268445460393638, 'n_mlp_layers': 3, 'mlp_dim_0': 168, 'mlp_dim_1': 416, 'mlp_dim_2': 264, 'num_heads': 2, 'final_dropout': 0.021444476070413814, 'train_learning_rate': 0.006949079083931177, 'train_lr_reduce': 0.6}. Best is trial 1286 with value: 0.03935658559203148.
[I 2024-12-26 09:46:54,072] Trial 2341 finished with value: 0.09551020711660385 and parameters: {'L1_hidden_dim': 96, 'L1_layers_atom': 3, 'L1_layers_mol': 3, 'L1_dropout': 0.2665769468166797, 'L1_out_dim': 32, 'L2_hidden_dim': 112, 'L2_layers_atom': 2, 'L2_layers_mol': 1, 'L2_out_dim': 80, 'L2_dropout': 0.05194159634891164, 'L3_hidden_dim': 112, 'L3_layers_atom': 4, 'L3_layers_mol': 1, 'L3_out_dim': 48, 'L3_dropout': 0.21191518822642672, 'n_mlp_layers': 2, 'mlp_dim_0': 224, 'mlp_dim_1': 296, 'num_heads': 1, 'final_dropout': 0.0495482314407263, 'train_learning_rate': 0.004169861412679544, 'train_lr_reduce': 0.6}. Best is trial 1286 with value: 0.03935658559203148.
[I 2024-12-26 09:47:33,319] Trial 2343 finished with value: 0.10201676189899445 and parameters: {'L1_hidden_dim': 80, 'L1_layers_atom': 4, 'L1_layers_mol': 4, 'L1_dropout': 0.27355156479490217, 'L1_out_dim': 48, 'L2_hidden_dim': 112, 'L2_layers_atom': 2, 'L2_layers_mol': 2, 'L2_out_dim': 80, 'L2_dropout': 0.14378418178543406, 'L3_hidden_dim': 112, 'L3_layers_atom': 3, 'L3_layers_mol': 1, 'L3_out_dim': 32, 'L3_dropout': 0.2037193646819061, 'n_mlp_layers': 3, 'mlp_dim_0': 368, 'mlp_dim_1': 368, 'mlp_dim_2': 304, 'num_heads': 1, 'final_dropout': 0.07803462771709481, 'train_learning_rate': 0.005751421440129182, 'train_lr_reduce': 0.6}. Best is trial 1286 with value: 0.03935658559203148.
[I 2024-12-26 09:47:45,789] Trial 2344 finished with value: 0.06901641190052032 and parameters: {'L1_hidden_dim': 64, 'L1_layers_atom': 4, 'L1_layers_mol': 4, 'L1_dropout': 0.21780320977348858, 'L1_out_dim': 80, 'L2_hidden_dim': 128, 'L2_layers_atom': 1, 'L2_layers_mol': 1, 'L2_out_dim': 80, 'L2_dropout': 0.07789968082891052, 'L3_hidden_dim': 112, 'L3_layers_atom': 4, 'L3_layers_mol': 1, 'L3_out_dim': 64, 'L3_dropout': 0.18149015235599425, 'n_mlp_layers': 2, 'mlp_dim_0': 352, 'mlp_dim_1': 328, 'num_heads': 1, 'final_dropout': 0.16956114242926293, 'train_learning_rate': 0.0008850672417442876, 'train_lr_reduce': 0.6}. Best is trial 1286 with value: 0.03935658559203148.
[I 2024-12-26 09:49:15,286] Trial 2345 finished with value: 0.06999471038579941 and parameters: {'L1_hidden_dim': 96, 'L1_layers_atom': 1, 'L1_layers_mol': 1, 'L1_dropout': 0.1826595399110162, 'L1_out_dim': 64, 'L2_hidden_dim': 176, 'L2_layers_atom': 4, 'L2_layers_mol': 3, 'L2_out_dim': 128, 'L2_dropout': 0.0020512591622812854, 'L3_hidden_dim': 80, 'L3_layers_atom': 3, 'L3_layers_mol': 1, 'L3_out_dim': 128, 'L3_dropout': 0.0819146144374725, 'n_mlp_layers': 3, 'mlp_dim_0': 504, 'mlp_dim_1': 256, 'mlp_dim_2': 328, 'num_heads': 1, 'final_dropout': 0.04176221135412447, 'train_learning_rate': 0.0007849188400964968, 'train_lr_reduce': 0.6}. Best is trial 1286 with value: 0.03935658559203148.
