[I 2024-12-25 05:30:53,193] Trial 1253 finished with value: 0.010661217384040356 and parameters: {'L1_hidden_dim': 192, 'L1_layers_atom': 3, 'L1_layers_mol': 4, 'L1_dropout': 0.007024567368073154, 'L1_out_dim': 48, 'L2_hidden_dim': 240, 'L2_layers_atom': 4, 'L2_layers_mol': 2, 'L2_out_dim': 96, 'L2_dropout': 0.18377346492833574, 'L3_hidden_dim': 96, 'L3_layers_atom': 3, 'L3_layers_mol': 2, 'L3_out_dim': 80, 'L3_dropout': 0.2096520767213652, 'n_mlp_layers': 2, 'mlp_dim_0': 304, 'mlp_dim_1': 64, 'num_heads': 2, 'final_dropout': 0.2013981488747508, 'train_learning_rate': 0.0003553936918167472, 'train_lr_reduce': 0.6}. Best is trial 570 with value: 0.00952998548746109.
[I 2024-12-25 05:31:02,711] Trial 1254 finished with value: 0.013670874759554863 and parameters: {'L1_hidden_dim': 128, 'L1_layers_atom': 1, 'L1_layers_mol': 3, 'L1_dropout': 0.0707908154099276, 'L1_out_dim': 96, 'L2_hidden_dim': 160, 'L2_layers_atom': 4, 'L2_layers_mol': 1, 'L2_out_dim': 96, 'L2_dropout': 0.07091745344496654, 'L3_hidden_dim': 96, 'L3_layers_atom': 2, 'L3_layers_mol': 3, 'L3_out_dim': 80, 'L3_dropout': 0.23983178918750728, 'n_mlp_layers': 2, 'mlp_dim_0': 496, 'mlp_dim_1': 128, 'num_heads': 1, 'final_dropout': 0.021557500876809958, 'train_learning_rate': 0.0003150469671553716, 'train_lr_reduce': 0.6}. Best is trial 570 with value: 0.00952998548746109.
[I 2024-12-25 05:32:28,675] Trial 1255 finished with value: 0.011228058487176895 and parameters: {'L1_hidden_dim': 160, 'L1_layers_atom': 4, 'L1_layers_mol': 3, 'L1_dropout': 0.03689851131000594, 'L1_out_dim': 32, 'L2_hidden_dim': 240, 'L2_layers_atom': 4, 'L2_layers_mol': 2, 'L2_out_dim': 96, 'L2_dropout': 0.1631058876365542, 'L3_hidden_dim': 96, 'L3_layers_atom': 4, 'L3_layers_mol': 1, 'L3_out_dim': 48, 'L3_dropout': 0.22667025829808246, 'n_mlp_layers': 3, 'mlp_dim_0': 256, 'mlp_dim_1': 72, 'mlp_dim_2': 208, 'num_heads': 2, 'final_dropout': 0.14334455298348586, 'train_learning_rate': 0.0004532773676104062, 'train_lr_reduce': 0.6}. Best is trial 570 with value: 0.00952998548746109.
[I 2024-12-25 05:33:46,553] Trial 1256 finished with value: 0.010545970872044563 and parameters: {'L1_hidden_dim': 128, 'L1_layers_atom': 3, 'L1_layers_mol': 4, 'L1_dropout': 0.0058894826664115385, 'L1_out_dim': 48, 'L2_hidden_dim': 256, 'L2_layers_atom': 3, 'L2_layers_mol': 2, 'L2_out_dim': 64, 'L2_dropout': 0.17069828754901054, 'L3_hidden_dim': 48, 'L3_layers_atom': 4, 'L3_layers_mol': 2, 'L3_out_dim': 112, 'L3_dropout': 0.2842167904161312, 'n_mlp_layers': 2, 'mlp_dim_0': 304, 'mlp_dim_1': 120, 'num_heads': 2, 'final_dropout': 0.018096057816859426, 'train_learning_rate': 0.0005248358869364053, 'train_lr_reduce': 0.6}. Best is trial 570 with value: 0.00952998548746109.
[I 2024-12-25 05:33:58,138] Trial 1257 finished with value: 0.01381488423794508 and parameters: {'L1_hidden_dim': 208, 'L1_layers_atom': 4, 'L1_layers_mol': 3, 'L1_dropout': 0.07194779259548821, 'L1_out_dim': 48, 'L2_hidden_dim': 96, 'L2_layers_atom': 2, 'L2_layers_mol': 1, 'L2_out_dim': 32, 'L2_dropout': 0.09098968917288147, 'L3_hidden_dim': 80, 'L3_layers_atom': 4, 'L3_layers_mol': 2, 'L3_out_dim': 80, 'L3_dropout': 0.1212860520630858, 'n_mlp_layers': 1, 'mlp_dim_0': 472, 'num_heads': 2, 'final_dropout': 0.19315890566259664, 'train_learning_rate': 0.0006546205041070677, 'train_lr_reduce': 0.6}. Best is trial 570 with value: 0.00952998548746109.
[I 2024-12-25 05:34:40,912] Trial 1258 finished with value: 0.011413531377911568 and parameters: {'L1_hidden_dim': 176, 'L1_layers_atom': 4, 'L1_layers_mol': 4, 'L1_dropout': 0.06300521082665983, 'L1_out_dim': 112, 'L2_hidden_dim': 240, 'L2_layers_atom': 4, 'L2_layers_mol': 2, 'L2_out_dim': 80, 'L2_dropout': 0.109749590357303, 'L3_hidden_dim': 96, 'L3_layers_atom': 3, 'L3_layers_mol': 2, 'L3_out_dim': 64, 'L3_dropout': 0.08240696415652736, 'n_mlp_layers': 3, 'mlp_dim_0': 304, 'mlp_dim_1': 64, 'mlp_dim_2': 32, 'num_heads': 2, 'final_dropout': 0.11371864028960506, 'train_learning_rate': 0.00039139114005484516, 'train_lr_reduce': 0.6}. Best is trial 570 with value: 0.00952998548746109.
[I 2024-12-25 05:35:45,227] Trial 1259 finished with value: 0.010680995881557465 and parameters: {'L1_hidden_dim': 176, 'L1_layers_atom': 3, 'L1_layers_mol': 4, 'L1_dropout': 0.04567443163029583, 'L1_out_dim': 32, 'L2_hidden_dim': 256, 'L2_layers_atom': 2, 'L2_layers_mol': 1, 'L2_out_dim': 48, 'L2_dropout': 0.09302026146210118, 'L3_hidden_dim': 80, 'L3_layers_atom': 4, 'L3_layers_mol': 1, 'L3_out_dim': 128, 'L3_dropout': 0.21642132928726435, 'n_mlp_layers': 2, 'mlp_dim_0': 360, 'mlp_dim_1': 32, 'num_heads': 2, 'final_dropout': 0.017038997900763166, 'train_learning_rate': 0.0009593021198941615, 'train_lr_reduce': 0.6}. Best is trial 570 with value: 0.00952998548746109.
[I 2024-12-25 05:35:56,746] Trial 1261 finished with value: 0.01215110532939434 and parameters: {'L1_hidden_dim': 256, 'L1_layers_atom': 2, 'L1_layers_mol': 3, 'L1_dropout': 0.0040747904510758555, 'L1_out_dim': 80, 'L2_hidden_dim': 192, 'L2_layers_atom': 3, 'L2_layers_mol': 1, 'L2_out_dim': 64, 'L2_dropout': 0.09456350467261114, 'L3_hidden_dim': 96, 'L3_layers_atom': 1, 'L3_layers_mol': 4, 'L3_out_dim': 64, 'L3_dropout': 0.29866984693945126, 'n_mlp_layers': 2, 'mlp_dim_0': 288, 'mlp_dim_1': 120, 'num_heads': 2, 'final_dropout': 0.04036827085545317, 'train_learning_rate': 0.002934191722566672, 'train_lr_reduce': 0.6}. Best is trial 570 with value: 0.00952998548746109.
[I 2024-12-25 05:36:21,239] Trial 1260 finished with value: 0.010273340158164501 and parameters: {'L1_hidden_dim': 240, 'L1_layers_atom': 3, 'L1_layers_mol': 4, 'L1_dropout': 0.03882999672480737, 'L1_out_dim': 48, 'L2_hidden_dim': 96, 'L2_layers_atom': 3, 'L2_layers_mol': 1, 'L2_out_dim': 48, 'L2_dropout': 0.020151534829632736, 'L3_hidden_dim': 80, 'L3_layers_atom': 4, 'L3_layers_mol': 4, 'L3_out_dim': 128, 'L3_dropout': 0.20673083424713767, 'n_mlp_layers': 1, 'mlp_dim_0': 464, 'num_heads': 2, 'final_dropout': 0.03892050048668182, 'train_learning_rate': 0.001070448664785091, 'train_lr_reduce': 0.6}. Best is trial 570 with value: 0.00952998548746109.
[I 2024-12-25 05:37:23,588] Trial 1262 finished with value: 0.013720357790589333 and parameters: {'L1_hidden_dim': 160, 'L1_layers_atom': 2, 'L1_layers_mol': 4, 'L1_dropout': 0.047903376950358956, 'L1_out_dim': 80, 'L2_hidden_dim': 128, 'L2_layers_atom': 4, 'L2_layers_mol': 2, 'L2_out_dim': 48, 'L2_dropout': 0.08976554779769626, 'L3_hidden_dim': 64, 'L3_layers_atom': 1, 'L3_layers_mol': 4, 'L3_out_dim': 128, 'L3_dropout': 0.2161528750563874, 'n_mlp_layers': 2, 'mlp_dim_0': 368, 'mlp_dim_1': 64, 'num_heads': 2, 'final_dropout': 0.019176294491906335, 'train_learning_rate': 0.0016605646654173803, 'train_lr_reduce': 0.6}. Best is trial 570 with value: 0.00952998548746109.
[I 2024-12-25 05:38:27,401] Trial 1263 finished with value: 0.013725342229008675 and parameters: {'L1_hidden_dim': 256, 'L1_layers_atom': 3, 'L1_layers_mol': 4, 'L1_dropout': 0.07727446280760145, 'L1_out_dim': 80, 'L2_hidden_dim': 144, 'L2_layers_atom': 3, 'L2_layers_mol': 4, 'L2_out_dim': 32, 'L2_dropout': 0.08072820803820613, 'L3_hidden_dim': 80, 'L3_layers_atom': 4, 'L3_layers_mol': 2, 'L3_out_dim': 112, 'L3_dropout': 0.18298661647227116, 'n_mlp_layers': 3, 'mlp_dim_0': 56, 'mlp_dim_1': 32, 'mlp_dim_2': 128, 'num_heads': 2, 'final_dropout': 0.1883301768412001, 'train_learning_rate': 0.009716133648318206, 'train_lr_reduce': 0.6}. Best is trial 570 with value: 0.00952998548746109.
[I 2024-12-25 05:38:54,940] Trial 1264 finished with value: 0.011496122926473618 and parameters: {'L1_hidden_dim': 208, 'L1_layers_atom': 2, 'L1_layers_mol': 4, 'L1_dropout': 0.030897143618352347, 'L1_out_dim': 80, 'L2_hidden_dim': 192, 'L2_layers_atom': 4, 'L2_layers_mol': 1, 'L2_out_dim': 48, 'L2_dropout': 0.09991112607303115, 'L3_hidden_dim': 64, 'L3_layers_atom': 1, 'L3_layers_mol': 4, 'L3_out_dim': 96, 'L3_dropout': 0.28344758711561446, 'n_mlp_layers': 1, 'mlp_dim_0': 448, 'num_heads': 1, 'final_dropout': 0.05379456927274184, 'train_learning_rate': 0.0005757583206667223, 'train_lr_reduce': 0.6}. Best is trial 570 with value: 0.00952998548746109.
[I 2024-12-25 05:38:59,209] Trial 1265 finished with value: 0.01174900121986866 and parameters: {'L1_hidden_dim': 240, 'L1_layers_atom': 4, 'L1_layers_mol': 4, 'L1_dropout': 0.09008793638272058, 'L1_out_dim': 64, 'L2_hidden_dim': 176, 'L2_layers_atom': 2, 'L2_layers_mol': 1, 'L2_out_dim': 64, 'L2_dropout': 0.0577434445496809, 'L3_hidden_dim': 128, 'L3_layers_atom': 4, 'L3_layers_mol': 4, 'L3_out_dim': 112, 'L3_dropout': 0.16522676530787458, 'n_mlp_layers': 2, 'mlp_dim_0': 368, 'mlp_dim_1': 120, 'num_heads': 2, 'final_dropout': 0.19034239332357306, 'train_learning_rate': 0.0013684456835286545, 'train_lr_reduce': 0.6}. Best is trial 570 with value: 0.00952998548746109.
[I 2024-12-25 05:40:05,269] Trial 1266 finished with value: 0.015195333398878574 and parameters: {'L1_hidden_dim': 256, 'L1_layers_atom': 2, 'L1_layers_mol': 4, 'L1_dropout': 0.11927244422746608, 'L1_out_dim': 128, 'L2_hidden_dim': 240, 'L2_layers_atom': 2, 'L2_layers_mol': 4, 'L2_out_dim': 32, 'L2_dropout': 0.09667219018799197, 'L3_hidden_dim': 96, 'L3_layers_atom': 4, 'L3_layers_mol': 1, 'L3_out_dim': 128, 'L3_dropout': 0.236436882644706, 'n_mlp_layers': 3, 'mlp_dim_0': 96, 'mlp_dim_1': 72, 'mlp_dim_2': 160, 'num_heads': 2, 'final_dropout': 0.13089647925069745, 'train_learning_rate': 0.009372817123603001, 'train_lr_reduce': 0.6}. Best is trial 570 with value: 0.00952998548746109.
[I 2024-12-25 05:40:32,667] Trial 1267 finished with value: 0.012920382432639599 and parameters: {'L1_hidden_dim': 208, 'L1_layers_atom': 2, 'L1_layers_mol': 3, 'L1_dropout': 0.019967757586362204, 'L1_out_dim': 80, 'L2_hidden_dim': 192, 'L2_layers_atom': 4, 'L2_layers_mol': 4, 'L2_out_dim': 48, 'L2_dropout': 0.2483105309086376, 'L3_hidden_dim': 32, 'L3_layers_atom': 3, 'L3_layers_mol': 1, 'L3_out_dim': 80, 'L3_dropout': 0.2908584442607864, 'n_mlp_layers': 3, 'mlp_dim_0': 184, 'mlp_dim_1': 120, 'mlp_dim_2': 112, 'num_heads': 2, 'final_dropout': 0.23896444308551296, 'train_learning_rate': 0.004983451498566638, 'train_lr_reduce': 0.6}. Best is trial 570 with value: 0.00952998548746109.
[I 2024-12-25 05:41:02,204] Trial 1268 finished with value: 0.01249955128878355 and parameters: {'L1_hidden_dim': 256, 'L1_layers_atom': 2, 'L1_layers_mol': 3, 'L1_dropout': 0.04282253069135289, 'L1_out_dim': 64, 'L2_hidden_dim': 144, 'L2_layers_atom': 4, 'L2_layers_mol': 1, 'L2_out_dim': 48, 'L2_dropout': 0.07867913708125672, 'L3_hidden_dim': 80, 'L3_layers_atom': 4, 'L3_layers_mol': 1, 'L3_out_dim': 128, 'L3_dropout': 0.29812963486733757, 'n_mlp_layers': 1, 'mlp_dim_0': 280, 'num_heads': 1, 'final_dropout': 0.009850335872632607, 'train_learning_rate': 0.00045598786438094663, 'train_lr_reduce': 0.6}. Best is trial 570 with value: 0.00952998548746109.
[I 2024-12-25 05:42:36,394] Trial 1269 finished with value: 0.01081602182239294 and parameters: {'L1_hidden_dim': 224, 'L1_layers_atom': 3, 'L1_layers_mol': 4, 'L1_dropout': 0.0266185928685125, 'L1_out_dim': 32, 'L2_hidden_dim': 224, 'L2_layers_atom': 3, 'L2_layers_mol': 2, 'L2_out_dim': 64, 'L2_dropout': 0.0649234366123413, 'L3_hidden_dim': 96, 'L3_layers_atom': 4, 'L3_layers_mol': 2, 'L3_out_dim': 128, 'L3_dropout': 0.1379628025747115, 'n_mlp_layers': 2, 'mlp_dim_0': 488, 'mlp_dim_1': 64, 'num_heads': 2, 'final_dropout': 0.03546595530268037, 'train_learning_rate': 0.0008303976623544212, 'train_lr_reduce': 0.6}. Best is trial 570 with value: 0.00952998548746109.
[I 2024-12-25 05:43:03,588] Trial 1270 finished with value: 0.014446412213146687 and parameters: {'L1_hidden_dim': 224, 'L1_layers_atom': 2, 'L1_layers_mol': 4, 'L1_dropout': 0.04214367231382195, 'L1_out_dim': 96, 'L2_hidden_dim': 192, 'L2_layers_atom': 4, 'L2_layers_mol': 1, 'L2_out_dim': 32, 'L2_dropout': 0.03226644899476338, 'L3_hidden_dim': 64, 'L3_layers_atom': 1, 'L3_layers_mol': 4, 'L3_out_dim': 64, 'L3_dropout': 0.2892391084111835, 'n_mlp_layers': 1, 'mlp_dim_0': 464, 'num_heads': 2, 'final_dropout': 0.13118576735349397, 'train_learning_rate': 0.0019457101125824388, 'train_lr_reduce': 0.6}. Best is trial 570 with value: 0.00952998548746109.
[I 2024-12-25 05:44:30,996] Trial 1272 finished with value: 0.011880708858370781 and parameters: {'L1_hidden_dim': 256, 'L1_layers_atom': 4, 'L1_layers_mol': 4, 'L1_dropout': 0.021967988250966596, 'L1_out_dim': 64, 'L2_hidden_dim': 256, 'L2_layers_atom': 3, 'L2_layers_mol': 1, 'L2_out_dim': 64, 'L2_dropout': 0.05814411892470091, 'L3_hidden_dim': 128, 'L3_layers_atom': 3, 'L3_layers_mol': 4, 'L3_out_dim': 96, 'L3_dropout': 0.062250437776889773, 'n_mlp_layers': 3, 'mlp_dim_0': 264, 'mlp_dim_1': 112, 'mlp_dim_2': 208, 'num_heads': 2, 'final_dropout': 0.11667883862657397, 'train_learning_rate': 0.0011321104783648614, 'train_lr_reduce': 0.6}. Best is trial 570 with value: 0.00952998548746109.
[I 2024-12-25 05:45:05,763] Trial 1271 finished with value: 0.012691555544734001 and parameters: {'L1_hidden_dim': 240, 'L1_layers_atom': 3, 'L1_layers_mol': 1, 'L1_dropout': 0.020104662896766733, 'L1_out_dim': 48, 'L2_hidden_dim': 144, 'L2_layers_atom': 3, 'L2_layers_mol': 2, 'L2_out_dim': 112, 'L2_dropout': 0.0805813186134013, 'L3_hidden_dim': 64, 'L3_layers_atom': 2, 'L3_layers_mol': 4, 'L3_out_dim': 112, 'L3_dropout': 0.2605958827772305, 'n_mlp_layers': 2, 'mlp_dim_0': 408, 'mlp_dim_1': 32, 'num_heads': 2, 'final_dropout': 0.030792544007781454, 'train_learning_rate': 0.00023886349939560085, 'train_lr_reduce': 0.6}. Best is trial 570 with value: 0.00952998548746109.
[I 2024-12-25 05:46:14,325] Trial 1273 finished with value: 0.010933762416243553 and parameters: {'L1_hidden_dim': 192, 'L1_layers_atom': 4, 'L1_layers_mol': 4, 'L1_dropout': 0.02312640835256232, 'L1_out_dim': 32, 'L2_hidden_dim': 144, 'L2_layers_atom': 2, 'L2_layers_mol': 1, 'L2_out_dim': 32, 'L2_dropout': 0.1332853456522112, 'L3_hidden_dim': 80, 'L3_layers_atom': 4, 'L3_layers_mol': 3, 'L3_out_dim': 128, 'L3_dropout': 0.0830251432818224, 'n_mlp_layers': 1, 'mlp_dim_0': 488, 'num_heads': 2, 'final_dropout': 0.05337723473491163, 'train_learning_rate': 0.00041985076029697895, 'train_lr_reduce': 0.6}. Best is trial 570 with value: 0.00952998548746109.
[I 2024-12-25 05:46:20,968] Trial 1274 finished with value: 0.010944548062980175 and parameters: {'L1_hidden_dim': 256, 'L1_layers_atom': 3, 'L1_layers_mol': 3, 'L1_dropout': 0.01470563989881295, 'L1_out_dim': 32, 'L2_hidden_dim': 176, 'L2_layers_atom': 4, 'L2_layers_mol': 1, 'L2_out_dim': 64, 'L2_dropout': 0.17849388549156767, 'L3_hidden_dim': 112, 'L3_layers_atom': 4, 'L3_layers_mol': 3, 'L3_out_dim': 128, 'L3_dropout': 0.26507394136508666, 'n_mlp_layers': 2, 'mlp_dim_0': 288, 'mlp_dim_1': 80, 'num_heads': 2, 'final_dropout': 0.01772603653741141, 'train_learning_rate': 0.0012350068026637136, 'train_lr_reduce': 0.6}. Best is trial 570 with value: 0.00952998548746109.
[I 2024-12-25 05:47:13,404] Trial 1275 finished with value: 0.010448122397065163 and parameters: {'L1_hidden_dim': 96, 'L1_layers_atom': 3, 'L1_layers_mol': 2, 'L1_dropout': 0.0019015528092959748, 'L1_out_dim': 80, 'L2_hidden_dim': 96, 'L2_layers_atom': 4, 'L2_layers_mol': 1, 'L2_out_dim': 128, 'L2_dropout': 0.014959437987097736, 'L3_hidden_dim': 96, 'L3_layers_atom': 4, 'L3_layers_mol': 1, 'L3_out_dim': 96, 'L3_dropout': 0.2902211826546001, 'n_mlp_layers': 1, 'mlp_dim_0': 248, 'num_heads': 1, 'final_dropout': 0.11878419011375702, 'train_learning_rate': 0.0028393200202848686, 'train_lr_reduce': 0.6}. Best is trial 570 with value: 0.00952998548746109.
[I 2024-12-25 05:48:48,673] Trial 1276 finished with value: 0.011019016616046429 and parameters: {'L1_hidden_dim': 144, 'L1_layers_atom': 3, 'L1_layers_mol': 3, 'L1_dropout': 0.00451410682077932, 'L1_out_dim': 48, 'L2_hidden_dim': 256, 'L2_layers_atom': 4, 'L2_layers_mol': 2, 'L2_out_dim': 128, 'L2_dropout': 0.11065048775221276, 'L3_hidden_dim': 128, 'L3_layers_atom': 2, 'L3_layers_mol': 2, 'L3_out_dim': 64, 'L3_dropout': 0.12376975863518583, 'n_mlp_layers': 2, 'mlp_dim_0': 272, 'mlp_dim_1': 64, 'num_heads': 1, 'final_dropout': 0.16784390792912296, 'train_learning_rate': 0.000705686716013835, 'train_lr_reduce': 0.6}. Best is trial 570 with value: 0.00952998548746109.
[I 2024-12-25 05:49:26,804] Trial 1278 finished with value: 0.012416689656674862 and parameters: {'L1_hidden_dim': 224, 'L1_layers_atom': 4, 'L1_layers_mol': 3, 'L1_dropout': 0.07619775254012223, 'L1_out_dim': 48, 'L2_hidden_dim': 240, 'L2_layers_atom': 4, 'L2_layers_mol': 3, 'L2_out_dim': 112, 'L2_dropout': 0.1817601663807723, 'L3_hidden_dim': 128, 'L3_layers_atom': 3, 'L3_layers_mol': 4, 'L3_out_dim': 64, 'L3_dropout': 0.162225607556184, 'n_mlp_layers': 3, 'mlp_dim_0': 200, 'mlp_dim_1': 32, 'mlp_dim_2': 160, 'num_heads': 2, 'final_dropout': 0.18201431808363255, 'train_learning_rate': 0.001336878712588029, 'train_lr_reduce': 0.6}. Best is trial 570 with value: 0.00952998548746109.
[I 2024-12-25 05:49:42,353] Trial 1277 finished with value: 0.010424965061247349 and parameters: {'L1_hidden_dim': 256, 'L1_layers_atom': 4, 'L1_layers_mol': 4, 'L1_dropout': 0.03302655697623426, 'L1_out_dim': 64, 'L2_hidden_dim': 112, 'L2_layers_atom': 2, 'L2_layers_mol': 1, 'L2_out_dim': 32, 'L2_dropout': 0.06463090352312087, 'L3_hidden_dim': 96, 'L3_layers_atom': 4, 'L3_layers_mol': 1, 'L3_out_dim': 96, 'L3_dropout': 0.16115801587801895, 'n_mlp_layers': 1, 'mlp_dim_0': 480, 'num_heads': 2, 'final_dropout': 0.09960057760835309, 'train_learning_rate': 0.0006495063108808661, 'train_lr_reduce': 0.6}. Best is trial 570 with value: 0.00952998548746109.
[I 2024-12-25 05:51:16,980] Trial 1280 finished with value: 0.014929564669728279 and parameters: {'L1_hidden_dim': 192, 'L1_layers_atom': 3, 'L1_layers_mol': 1, 'L1_dropout': 0.060124082869743925, 'L1_out_dim': 64, 'L2_hidden_dim': 96, 'L2_layers_atom': 4, 'L2_layers_mol': 1, 'L2_out_dim': 112, 'L2_dropout': 0.13477902790102242, 'L3_hidden_dim': 112, 'L3_layers_atom': 3, 'L3_layers_mol': 1, 'L3_out_dim': 128, 'L3_dropout': 0.2619649432978811, 'n_mlp_layers': 1, 'mlp_dim_0': 168, 'num_heads': 1, 'final_dropout': 0.08138828535792218, 'train_learning_rate': 0.0009959691344604506, 'train_lr_reduce': 0.6}. Best is trial 570 with value: 0.00952998548746109.
[I 2024-12-25 05:51:23,528] Trial 1279 finished with value: 0.011224337853491306 and parameters: {'L1_hidden_dim': 240, 'L1_layers_atom': 4, 'L1_layers_mol': 3, 'L1_dropout': 0.012373467599786591, 'L1_out_dim': 32, 'L2_hidden_dim': 144, 'L2_layers_atom': 4, 'L2_layers_mol': 1, 'L2_out_dim': 96, 'L2_dropout': 0.015098891155822133, 'L3_hidden_dim': 128, 'L3_layers_atom': 3, 'L3_layers_mol': 1, 'L3_out_dim': 96, 'L3_dropout': 0.27406351918549204, 'n_mlp_layers': 1, 'mlp_dim_0': 336, 'num_heads': 1, 'final_dropout': 0.03587761472561985, 'train_learning_rate': 0.00025439576682552856, 'train_lr_reduce': 0.6}. Best is trial 570 with value: 0.00952998548746109.
