[I 2024-12-15 22:35:24,034] Trial 466 finished with value: 0.10368023812770844 and parameters: {'mlp_n_layers': 2, 'mlp_dim_00': 80, 'mlp_dim_01': 208, 'hidden_channels': 32, 'num_layers': 3, 'num_timesteps': 4, 'dropout': 0.16791808755820228, 'train_learning_rate': 0.0027010740952939567, 'train_lr_reduce': 0.6}. Best is trial 130 with value: 0.0812772810459137.
[I 2024-12-15 22:35:27,401] Trial 468 finished with value: 0.1119883805513382 and parameters: {'mlp_n_layers': 2, 'mlp_dim_00': 256, 'mlp_dim_01': 256, 'hidden_channels': 64, 'num_layers': 1, 'num_timesteps': 3, 'dropout': 0.22784086640376086, 'train_learning_rate': 0.009173315754297173, 'train_lr_reduce': 0.6}. Best is trial 130 with value: 0.0812772810459137.
[I 2024-12-15 22:35:31,477] Trial 467 finished with value: 0.15506696701049805 and parameters: {'mlp_n_layers': 2, 'mlp_dim_00': 208, 'mlp_dim_01': 80, 'hidden_channels': 144, 'num_layers': 3, 'num_timesteps': 3, 'dropout': 0.2732041651285097, 'train_learning_rate': 0.00869889012773937, 'train_lr_reduce': 0.6}. Best is trial 130 with value: 0.0812772810459137.
[I 2024-12-15 22:35:38,804] Trial 469 finished with value: 0.11929822713136673 and parameters: {'mlp_n_layers': 2, 'mlp_dim_00': 176, 'mlp_dim_01': 256, 'hidden_channels': 96, 'num_layers': 2, 'num_timesteps': 3, 'dropout': 0.20943466394030258, 'train_learning_rate': 0.0011509050228553938, 'train_lr_reduce': 0.6}. Best is trial 130 with value: 0.0812772810459137.
[I 2024-12-15 22:35:39,593] Trial 470 finished with value: 0.1130371019244194 and parameters: {'mlp_n_layers': 3, 'mlp_dim_00': 144, 'mlp_dim_01': 224, 'mlp_dim_02': 160, 'hidden_channels': 32, 'num_layers': 2, 'num_timesteps': 3, 'dropout': 0.05284126014071752, 'train_learning_rate': 0.00291591703410597, 'train_lr_reduce': 0.6}. Best is trial 130 with value: 0.0812772810459137.
[I 2024-12-15 22:35:42,401] Trial 471 finished with value: 0.13247346878051758 and parameters: {'mlp_n_layers': 3, 'mlp_dim_00': 112, 'mlp_dim_01': 32, 'mlp_dim_02': 128, 'hidden_channels': 192, 'num_layers': 1, 'num_timesteps': 3, 'dropout': 0.11321452243406527, 'train_learning_rate': 0.005151226669281459, 'train_lr_reduce': 0.6}. Best is trial 130 with value: 0.0812772810459137.
[I 2024-12-15 22:35:51,867] Trial 473 finished with value: 0.11996543407440186 and parameters: {'mlp_n_layers': 2, 'mlp_dim_00': 48, 'mlp_dim_01': 208, 'hidden_channels': 64, 'num_layers': 4, 'num_timesteps': 4, 'dropout': 0.033134368525040744, 'train_learning_rate': 0.004541544831286314, 'train_lr_reduce': 0.6}. Best is trial 130 with value: 0.0812772810459137.
[I 2024-12-15 22:35:55,278] Trial 474 finished with value: 0.11268418282270432 and parameters: {'mlp_n_layers': 2, 'mlp_dim_00': 48, 'mlp_dim_01': 208, 'hidden_channels': 48, 'num_layers': 3, 'num_timesteps': 4, 'dropout': 0.12246117466704885, 'train_learning_rate': 0.005187585760240781, 'train_lr_reduce': 0.6}. Best is trial 130 with value: 0.0812772810459137.
[I 2024-12-15 22:35:58,460] Trial 472 finished with value: 0.12662534415721893 and parameters: {'mlp_n_layers': 4, 'mlp_dim_00': 208, 'mlp_dim_01': 192, 'mlp_dim_02': 176, 'mlp_dim_03': 176, 'hidden_channels': 64, 'num_layers': 1, 'num_timesteps': 3, 'dropout': 0.19044468287085403, 'train_learning_rate': 0.0090541508968898, 'train_lr_reduce': 0.6}. Best is trial 130 with value: 0.0812772810459137.
[I 2024-12-15 22:36:05,491] Trial 475 finished with value: 0.1489323377609253 and parameters: {'mlp_n_layers': 4, 'mlp_dim_00': 240, 'mlp_dim_01': 208, 'mlp_dim_02': 112, 'mlp_dim_03': 64, 'hidden_channels': 32, 'num_layers': 1, 'num_timesteps': 2, 'dropout': 0.22795440484646168, 'train_learning_rate': 0.007136390241726486, 'train_lr_reduce': 0.6}. Best is trial 130 with value: 0.0812772810459137.
[I 2024-12-15 22:36:08,070] Trial 476 finished with value: 0.11278524249792099 and parameters: {'mlp_n_layers': 2, 'mlp_dim_00': 192, 'mlp_dim_01': 144, 'hidden_channels': 96, 'num_layers': 1, 'num_timesteps': 3, 'dropout': 0.27159995311558516, 'train_learning_rate': 0.0037288913310719956, 'train_lr_reduce': 0.6}. Best is trial 130 with value: 0.0812772810459137.
[I 2024-12-15 22:36:12,677] Trial 477 finished with value: 0.12294977903366089 and parameters: {'mlp_n_layers': 4, 'mlp_dim_00': 240, 'mlp_dim_01': 160, 'mlp_dim_02': 160, 'mlp_dim_03': 208, 'hidden_channels': 112, 'num_layers': 1, 'num_timesteps': 2, 'dropout': 0.2782747876912982, 'train_learning_rate': 0.0062183761081339075, 'train_lr_reduce': 0.6}. Best is trial 130 with value: 0.0812772810459137.
[I 2024-12-15 22:36:14,453] Trial 479 finished with value: 0.5438841581344604 and parameters: {'mlp_n_layers': 4, 'mlp_dim_00': 208, 'mlp_dim_01': 160, 'mlp_dim_02': 176, 'mlp_dim_03': 112, 'hidden_channels': 32, 'num_layers': 1, 'num_timesteps': 4, 'dropout': 0.23930934339981094, 'train_learning_rate': 0.009781786824478547, 'train_lr_reduce': 0.6}. Best is trial 130 with value: 0.0812772810459137.
[I 2024-12-15 22:36:29,375] Trial 478 finished with value: 0.14128842949867249 and parameters: {'mlp_n_layers': 3, 'mlp_dim_00': 256, 'mlp_dim_01': 64, 'mlp_dim_02': 128, 'hidden_channels': 192, 'num_layers': 2, 'num_timesteps': 1, 'dropout': 0.006536047219773383, 'train_learning_rate': 0.0020385262660346875, 'train_lr_reduce': 0.6}. Best is trial 130 with value: 0.0812772810459137.
[I 2024-12-15 22:36:40,643] Trial 481 finished with value: 0.09777684509754181 and parameters: {'mlp_n_layers': 2, 'mlp_dim_00': 192, 'mlp_dim_01': 32, 'hidden_channels': 32, 'num_layers': 4, 'num_timesteps': 2, 'dropout': 0.1422892823442623, 'train_learning_rate': 0.002159503976078684, 'train_lr_reduce': 0.6}. Best is trial 130 with value: 0.0812772810459137.
[I 2024-12-15 22:36:46,590] Trial 480 finished with value: 0.14971642196178436 and parameters: {'mlp_n_layers': 2, 'mlp_dim_00': 64, 'mlp_dim_01': 144, 'hidden_channels': 176, 'num_layers': 3, 'num_timesteps': 4, 'dropout': 0.14176187536297566, 'train_learning_rate': 0.0001633466299204628, 'train_lr_reduce': 0.6}. Best is trial 130 with value: 0.0812772810459137.
[I 2024-12-15 22:36:49,504] Trial 482 finished with value: 0.14936116337776184 and parameters: {'mlp_n_layers': 2, 'mlp_dim_00': 144, 'mlp_dim_01': 112, 'hidden_channels': 208, 'num_layers': 4, 'num_timesteps': 1, 'dropout': 0.284507731580507, 'train_learning_rate': 0.007781258542213749, 'train_lr_reduce': 0.6}. Best is trial 130 with value: 0.0812772810459137.
[I 2024-12-15 22:37:00,907] Trial 485 finished with value: 0.09180445969104767 and parameters: {'mlp_n_layers': 2, 'mlp_dim_00': 256, 'mlp_dim_01': 48, 'hidden_channels': 80, 'num_layers': 3, 'num_timesteps': 3, 'dropout': 0.29879585724138336, 'train_learning_rate': 0.007812702770903403, 'train_lr_reduce': 0.6}. Best is trial 130 with value: 0.0812772810459137.
[I 2024-12-15 22:37:02,752] Trial 483 finished with value: 0.13655243813991547 and parameters: {'mlp_n_layers': 3, 'mlp_dim_00': 256, 'mlp_dim_01': 256, 'mlp_dim_02': 112, 'hidden_channels': 176, 'num_layers': 2, 'num_timesteps': 4, 'dropout': 0.27961374664328253, 'train_learning_rate': 0.0015876054559320605, 'train_lr_reduce': 0.6}. Best is trial 130 with value: 0.0812772810459137.
[I 2024-12-15 22:37:04,097] Trial 484 finished with value: 0.11151701956987381 and parameters: {'mlp_n_layers': 2, 'mlp_dim_00': 192, 'mlp_dim_01': 176, 'hidden_channels': 32, 'num_layers': 2, 'num_timesteps': 4, 'dropout': 0.1198887805907508, 'train_learning_rate': 0.0013978933595168968, 'train_lr_reduce': 0.6}. Best is trial 130 with value: 0.0812772810459137.
[I 2024-12-15 22:37:16,039] Trial 488 finished with value: 0.10123011469841003 and parameters: {'mlp_n_layers': 3, 'mlp_dim_00': 256, 'mlp_dim_01': 240, 'mlp_dim_02': 240, 'hidden_channels': 32, 'num_layers': 1, 'num_timesteps': 2, 'dropout': 0.28027222723269607, 'train_learning_rate': 0.002532708608519083, 'train_lr_reduce': 0.6}. Best is trial 130 with value: 0.0812772810459137.
[I 2024-12-15 22:37:17,654] Trial 486 finished with value: 0.09284389764070511 and parameters: {'mlp_n_layers': 2, 'mlp_dim_00': 240, 'mlp_dim_01': 48, 'hidden_channels': 80, 'num_layers': 3, 'num_timesteps': 3, 'dropout': 0.29330829901784977, 'train_learning_rate': 0.008011441370450494, 'train_lr_reduce': 0.6}. Best is trial 130 with value: 0.0812772810459137.
[I 2024-12-15 22:37:24,728] Trial 487 finished with value: 0.1288965940475464 and parameters: {'mlp_n_layers': 2, 'mlp_dim_00': 208, 'mlp_dim_01': 32, 'hidden_channels': 80, 'num_layers': 3, 'num_timesteps': 2, 'dropout': 0.280822760620276, 'train_learning_rate': 0.007478005875171666, 'train_lr_reduce': 0.6}. Best is trial 130 with value: 0.0812772810459137.
[I 2024-12-15 22:37:36,059] Trial 489 finished with value: 0.12044697999954224 and parameters: {'mlp_n_layers': 2, 'mlp_dim_00': 112, 'mlp_dim_01': 256, 'hidden_channels': 80, 'num_layers': 2, 'num_timesteps': 4, 'dropout': 0.1851456062276587, 'train_learning_rate': 0.0015253701480109876, 'train_lr_reduce': 0.6}. Best is trial 130 with value: 0.0812772810459137.
[I 2024-12-15 22:37:37,295] Trial 490 finished with value: 0.10019832849502563 and parameters: {'mlp_n_layers': 2, 'mlp_dim_00': 240, 'mlp_dim_01': 32, 'hidden_channels': 48, 'num_layers': 3, 'num_timesteps': 3, 'dropout': 0.2843189836363221, 'train_learning_rate': 0.00902733119195622, 'train_lr_reduce': 0.6}. Best is trial 130 with value: 0.0812772810459137.
[I 2024-12-15 22:37:38,263] Trial 491 finished with value: 0.11995139718055725 and parameters: {'mlp_n_layers': 2, 'mlp_dim_00': 224, 'mlp_dim_01': 64, 'hidden_channels': 96, 'num_layers': 3, 'num_timesteps': 3, 'dropout': 0.21303378647316307, 'train_learning_rate': 0.003661358512907826, 'train_lr_reduce': 0.6}. Best is trial 130 with value: 0.0812772810459137.
[I 2024-12-15 22:37:53,443] Trial 493 finished with value: 0.10927782207727432 and parameters: {'mlp_n_layers': 3, 'mlp_dim_00': 224, 'mlp_dim_01': 80, 'mlp_dim_02': 80, 'hidden_channels': 48, 'num_layers': 3, 'num_timesteps': 4, 'dropout': 0.2915994121565311, 'train_learning_rate': 0.008699623007480508, 'train_lr_reduce': 0.6}. Best is trial 130 with value: 0.0812772810459137.
[I 2024-12-15 22:37:54,566] Trial 492 finished with value: 0.12313451617956161 and parameters: {'mlp_n_layers': 3, 'mlp_dim_00': 208, 'mlp_dim_01': 64, 'mlp_dim_02': 144, 'hidden_channels': 96, 'num_layers': 3, 'num_timesteps': 3, 'dropout': 0.2965621997433422, 'train_learning_rate': 0.003108711487981376, 'train_lr_reduce': 0.6}. Best is trial 130 with value: 0.0812772810459137.
[I 2024-12-15 22:37:54,979] Trial 494 finished with value: 0.12785568833351135 and parameters: {'mlp_n_layers': 2, 'mlp_dim_00': 256, 'mlp_dim_01': 80, 'hidden_channels': 64, 'num_layers': 3, 'num_timesteps': 4, 'dropout': 0.2676258589155223, 'train_learning_rate': 0.005255771041143746, 'train_lr_reduce': 0.6}. Best is trial 130 with value: 0.0812772810459137.
[I 2024-12-15 22:38:05,496] Trial 497 finished with value: 0.1003391295671463 and parameters: {'mlp_n_layers': 2, 'mlp_dim_00': 192, 'mlp_dim_01': 240, 'hidden_channels': 80, 'num_layers': 1, 'num_timesteps': 1, 'dropout': 0.15596619585233926, 'train_learning_rate': 0.007807639517271958, 'train_lr_reduce': 0.6}. Best is trial 130 with value: 0.0812772810459137.
[I 2024-12-15 22:38:11,481] Trial 496 finished with value: 0.11576583236455917 and parameters: {'mlp_n_layers': 2, 'mlp_dim_00': 256, 'mlp_dim_01': 64, 'hidden_channels': 96, 'num_layers': 4, 'num_timesteps': 3, 'dropout': 0.2415763276196233, 'train_learning_rate': 0.004452473703494316, 'train_lr_reduce': 0.6}. Best is trial 130 with value: 0.0812772810459137.
[I 2024-12-15 22:38:15,979] Trial 495 finished with value: 0.2334207445383072 and parameters: {'mlp_n_layers': 2, 'mlp_dim_00': 208, 'mlp_dim_01': 48, 'hidden_channels': 112, 'num_layers': 3, 'num_timesteps': 3, 'dropout': 0.2673887725851887, 'train_learning_rate': 0.005471941546134651, 'train_lr_reduce': 0.6}. Best is trial 130 with value: 0.0812772810459137.
[I 2024-12-15 22:38:21,343] Trial 498 finished with value: 0.12871333956718445 and parameters: {'mlp_n_layers': 2, 'mlp_dim_00': 160, 'mlp_dim_01': 144, 'hidden_channels': 32, 'num_layers': 4, 'num_timesteps': 2, 'dropout': 0.22577772433111934, 'train_learning_rate': 0.009797387195517886, 'train_lr_reduce': 0.6}. Best is trial 130 with value: 0.0812772810459137.
[I 2024-12-15 22:38:30,652] Trial 500 finished with value: 0.12443387508392334 and parameters: {'mlp_n_layers': 2, 'mlp_dim_00': 256, 'mlp_dim_01': 96, 'hidden_channels': 128, 'num_layers': 2, 'num_timesteps': 3, 'dropout': 0.2885367789509409, 'train_learning_rate': 0.0038641689015222447, 'train_lr_reduce': 0.6}. Best is trial 130 with value: 0.0812772810459137.
[I 2024-12-15 22:38:31,629] Trial 499 finished with value: 0.11615721136331558 and parameters: {'mlp_n_layers': 2, 'mlp_dim_00': 256, 'mlp_dim_01': 64, 'hidden_channels': 96, 'num_layers': 4, 'num_timesteps': 3, 'dropout': 0.2872706581548908, 'train_learning_rate': 0.007439439838198867, 'train_lr_reduce': 0.6}. Best is trial 130 with value: 0.0812772810459137.
[I 2024-12-15 22:38:32,230] Trial 501 finished with value: 0.10436876863241196 and parameters: {'mlp_n_layers': 3, 'mlp_dim_00': 160, 'mlp_dim_01': 208, 'mlp_dim_02': 192, 'hidden_channels': 96, 'num_layers': 1, 'num_timesteps': 3, 'dropout': 0.26097848340220037, 'train_learning_rate': 0.0018864822208083105, 'train_lr_reduce': 0.6}. Best is trial 130 with value: 0.0812772810459137.
[I 2024-12-15 22:38:40,423] Trial 503 finished with value: 0.18318964540958405 and parameters: {'mlp_n_layers': 2, 'mlp_dim_00': 64, 'mlp_dim_01': 48, 'hidden_channels': 96, 'num_layers': 2, 'num_timesteps': 1, 'dropout': 0.013865157637590553, 'train_learning_rate': 0.008308668352609868, 'train_lr_reduce': 0.6}. Best is trial 130 with value: 0.0812772810459137.
[I 2024-12-15 22:38:43,230] Trial 504 finished with value: 0.0977742150425911 and parameters: {'mlp_n_layers': 3, 'mlp_dim_00': 208, 'mlp_dim_01': 208, 'mlp_dim_02': 160, 'hidden_channels': 32, 'num_layers': 1, 'num_timesteps': 2, 'dropout': 0.25686434802152, 'train_learning_rate': 0.008390212748068823, 'train_lr_reduce': 0.6}. Best is trial 130 with value: 0.0812772810459137.
[I 2024-12-15 22:38:48,216] Trial 502 finished with value: 0.11761032044887543 and parameters: {'mlp_n_layers': 2, 'mlp_dim_00': 96, 'mlp_dim_01': 64, 'hidden_channels': 96, 'num_layers': 2, 'num_timesteps': 1, 'dropout': 0.2841810615102264, 'train_learning_rate': 0.0011324526631673216, 'train_lr_reduce': 0.6}. Best is trial 130 with value: 0.0812772810459137.
[I 2024-12-15 22:39:00,162] Trial 506 finished with value: 0.12743309140205383 and parameters: {'mlp_n_layers': 2, 'mlp_dim_00': 256, 'mlp_dim_01': 48, 'hidden_channels': 144, 'num_layers': 3, 'num_timesteps': 3, 'dropout': 0.2801776624917858, 'train_learning_rate': 0.0032465722413096173, 'train_lr_reduce': 0.6}. Best is trial 130 with value: 0.0812772810459137.
[I 2024-12-15 22:39:01,485] Trial 505 finished with value: 0.11076785624027252 and parameters: {'mlp_n_layers': 2, 'mlp_dim_00': 192, 'mlp_dim_01': 112, 'hidden_channels': 64, 'num_layers': 3, 'num_timesteps': 4, 'dropout': 0.2888212130378853, 'train_learning_rate': 0.009475820691274948, 'train_lr_reduce': 0.6}. Best is trial 130 with value: 0.0812772810459137.
[I 2024-12-15 22:39:11,039] Trial 507 finished with value: 0.14878323674201965 and parameters: {'mlp_n_layers': 2, 'mlp_dim_00': 224, 'mlp_dim_01': 64, 'hidden_channels': 96, 'num_layers': 3, 'num_timesteps': 3, 'dropout': 0.2961270364319972, 'train_learning_rate': 0.00922754173477833, 'train_lr_reduce': 0.6}. Best is trial 130 with value: 0.0812772810459137.
[I 2024-12-15 22:39:12,424] Trial 509 finished with value: 0.11332304775714874 and parameters: {'mlp_n_layers': 2, 'mlp_dim_00': 256, 'mlp_dim_01': 32, 'hidden_channels': 80, 'num_layers': 3, 'num_timesteps': 2, 'dropout': 0.23994687868277387, 'train_learning_rate': 0.007354868169952343, 'train_lr_reduce': 0.6}. Best is trial 130 with value: 0.0812772810459137.
[I 2024-12-15 22:39:16,175] Trial 508 finished with value: 0.11386442184448242 and parameters: {'mlp_n_layers': 2, 'mlp_dim_00': 240, 'mlp_dim_01': 32, 'hidden_channels': 112, 'num_layers': 2, 'num_timesteps': 4, 'dropout': 0.2940159870640359, 'train_learning_rate': 0.001977651161431712, 'train_lr_reduce': 0.6}. Best is trial 130 with value: 0.0812772810459137.
[I 2024-12-15 22:39:23,796] Trial 510 finished with value: 0.12611503899097443 and parameters: {'mlp_n_layers': 2, 'mlp_dim_00': 256, 'mlp_dim_01': 80, 'hidden_channels': 96, 'num_layers': 2, 'num_timesteps': 2, 'dropout': 0.2932545216484173, 'train_learning_rate': 0.005403934764938072, 'train_lr_reduce': 0.6}. Best is trial 130 with value: 0.0812772810459137.
[I 2024-12-15 22:39:25,991] Trial 511 finished with value: 0.1826794147491455 and parameters: {'mlp_n_layers': 3, 'mlp_dim_00': 32, 'mlp_dim_01': 240, 'mlp_dim_02': 112, 'hidden_channels': 32, 'num_layers': 3, 'num_timesteps': 4, 'dropout': 0.1062000625901608, 'train_learning_rate': 0.005432786723601091, 'train_lr_reduce': 0.6}. Best is trial 130 with value: 0.0812772810459137.
[I 2024-12-15 22:39:32,866] Trial 512 finished with value: 0.13279692828655243 and parameters: {'mlp_n_layers': 2, 'mlp_dim_00': 256, 'mlp_dim_01': 48, 'hidden_channels': 80, 'num_layers': 3, 'num_timesteps': 3, 'dropout': 0.2836259356317501, 'train_learning_rate': 0.007557560858058869, 'train_lr_reduce': 0.6}. Best is trial 130 with value: 0.0812772810459137.
[I 2024-12-15 22:39:34,086] Trial 513 finished with value: 0.10692042857408524 and parameters: {'mlp_n_layers': 2, 'mlp_dim_00': 224, 'mlp_dim_01': 176, 'hidden_channels': 64, 'num_layers': 1, 'num_timesteps': 4, 'dropout': 0.23723207010573175, 'train_learning_rate': 0.008965882612344232, 'train_lr_reduce': 0.6}. Best is trial 130 with value: 0.0812772810459137.
[I 2024-12-15 22:39:41,602] Trial 514 finished with value: 0.10904841870069504 and parameters: {'mlp_n_layers': 3, 'mlp_dim_00': 240, 'mlp_dim_01': 224, 'mlp_dim_02': 208, 'hidden_channels': 48, 'num_layers': 2, 'num_timesteps': 1, 'dropout': 0.23473050817015123, 'train_learning_rate': 0.0016458553665927602, 'train_lr_reduce': 0.6}. Best is trial 130 with value: 0.0812772810459137.
[I 2024-12-15 22:39:44,442] Trial 516 finished with value: 0.11808948218822479 and parameters: {'mlp_n_layers': 2, 'mlp_dim_00': 208, 'mlp_dim_01': 256, 'hidden_channels': 256, 'num_layers': 1, 'num_timesteps': 4, 'dropout': 0.2879492554486209, 'train_learning_rate': 0.00149057456977771, 'train_lr_reduce': 0.6}. Best is trial 130 with value: 0.0812772810459137.
[I 2024-12-15 22:39:58,878] Trial 515 finished with value: 0.14327141642570496 and parameters: {'mlp_n_layers': 2, 'mlp_dim_00': 32, 'mlp_dim_01': 176, 'hidden_channels': 48, 'num_layers': 4, 'num_timesteps': 1, 'dropout': 0.2307344487394315, 'train_learning_rate': 0.0013956384847663356, 'train_lr_reduce': 0.6}. Best is trial 130 with value: 0.0812772810459137.
[I 2024-12-15 22:40:04,903] Trial 517 finished with value: 0.15614773333072662 and parameters: {'mlp_n_layers': 3, 'mlp_dim_00': 192, 'mlp_dim_01': 224, 'mlp_dim_02': 144, 'hidden_channels': 144, 'num_layers': 3, 'num_timesteps': 1, 'dropout': 0.2646128435086559, 'train_learning_rate': 0.004065853327263062, 'train_lr_reduce': 0.6}. Best is trial 130 with value: 0.0812772810459137.
[I 2024-12-15 22:40:05,327] Trial 518 finished with value: 0.14746926724910736 and parameters: {'mlp_n_layers': 4, 'mlp_dim_00': 96, 'mlp_dim_01': 160, 'mlp_dim_02': 176, 'mlp_dim_03': 176, 'hidden_channels': 256, 'num_layers': 1, 'num_timesteps': 2, 'dropout': 0.22334968175851588, 'train_learning_rate': 0.00043794643005087223, 'train_lr_reduce': 0.6}. Best is trial 130 with value: 0.0812772810459137.
[I 2024-12-15 22:40:14,530] Trial 519 finished with value: 0.1079740896821022 and parameters: {'mlp_n_layers': 2, 'mlp_dim_00': 112, 'mlp_dim_01': 256, 'hidden_channels': 48, 'num_layers': 4, 'num_timesteps': 4, 'dropout': 0.19700235094445764, 'train_learning_rate': 0.006512826212527041, 'train_lr_reduce': 0.6}. Best is trial 130 with value: 0.0812772810459137.
[I 2024-12-15 22:40:19,979] Trial 520 finished with value: 0.11344432085752487 and parameters: {'mlp_n_layers': 2, 'mlp_dim_00': 48, 'mlp_dim_01': 256, 'hidden_channels': 32, 'num_layers': 2, 'num_timesteps': 4, 'dropout': 0.23642696618106618, 'train_learning_rate': 0.002711137432896269, 'train_lr_reduce': 0.6}. Best is trial 130 with value: 0.0812772810459137.
[I 2024-12-15 22:40:20,081] Trial 521 finished with value: 0.09340941905975342 and parameters: {'mlp_n_layers': 2, 'mlp_dim_00': 112, 'mlp_dim_01': 144, 'hidden_channels': 32, 'num_layers': 4, 'num_timesteps': 3, 'dropout': 0.25654412708234847, 'train_learning_rate': 0.004655974083834062, 'train_lr_reduce': 0.6}. Best is trial 130 with value: 0.0812772810459137.
[I 2024-12-15 22:40:26,308] Trial 522 finished with value: 0.11810054630041122 and parameters: {'mlp_n_layers': 2, 'mlp_dim_00': 192, 'mlp_dim_01': 208, 'hidden_channels': 112, 'num_layers': 1, 'num_timesteps': 3, 'dropout': 0.2731011782914678, 'train_learning_rate': 0.0036917419964733675, 'train_lr_reduce': 0.6}. Best is trial 130 with value: 0.0812772810459137.
[I 2024-12-15 22:40:32,235] Trial 523 finished with value: 0.0887160450220108 and parameters: {'mlp_n_layers': 3, 'mlp_dim_00': 240, 'mlp_dim_01': 224, 'mlp_dim_02': 112, 'hidden_channels': 32, 'num_layers': 1, 'num_timesteps': 2, 'dropout': 0.22770368156663207, 'train_learning_rate': 0.00996604849824743, 'train_lr_reduce': 0.6}. Best is trial 130 with value: 0.0812772810459137.
[I 2024-12-15 22:40:39,958] Trial 525 finished with value: 0.12257230281829834 and parameters: {'mlp_n_layers': 2, 'mlp_dim_00': 208, 'mlp_dim_01': 32, 'hidden_channels': 64, 'num_layers': 2, 'num_timesteps': 3, 'dropout': 0.29791268529071185, 'train_learning_rate': 0.003605746096697528, 'train_lr_reduce': 0.6}. Best is trial 130 with value: 0.0812772810459137.
