[I 2024-12-19 07:40:32,433] Trial 114 finished with value: 1.1420562267303467 and parameters: {'mlp_n_layers': 4, 'mlp_dim_00': 109, 'mlp_dim_01': 445, 'mlp_dim_02': 66, 'mlp_dim_03': 104, 'node_hidden_dim': 74, 'edge_hidden_dim': 38, 'depth': 4, 'rep_dropout': 0.03592465566001302, 'train_learning_rate': 0.00013302770600932728, 'train_lr_reduce': 0.6}. Best is trial 84 with value: 1.141279697418213.
[I 2024-12-19 07:40:37,334] Trial 115 finished with value: 1.142183780670166 and parameters: {'mlp_n_layers': 3, 'mlp_dim_00': 110, 'mlp_dim_01': 293, 'mlp_dim_02': 66, 'node_hidden_dim': 73, 'edge_hidden_dim': 38, 'depth': 4, 'rep_dropout': 0.07385332711866195, 'train_learning_rate': 0.0002388605375763758, 'train_lr_reduce': 0.6}. Best is trial 84 with value: 1.141279697418213.
[I 2024-12-19 07:40:39,960] Trial 116 finished with value: 1.1411752700805664 and parameters: {'mlp_n_layers': 3, 'mlp_dim_00': 103, 'mlp_dim_01': 95, 'mlp_dim_02': 68, 'node_hidden_dim': 90, 'edge_hidden_dim': 54, 'depth': 4, 'rep_dropout': 0.009285973619936608, 'train_learning_rate': 0.00030417394096498744, 'train_lr_reduce': 0.6}. Best is trial 116 with value: 1.1411752700805664.
[I 2024-12-19 07:40:42,577] Trial 117 finished with value: 1.1422051191329956 and parameters: {'mlp_n_layers': 3, 'mlp_dim_00': 264, 'mlp_dim_01': 305, 'mlp_dim_02': 120, 'node_hidden_dim': 53, 'edge_hidden_dim': 54, 'depth': 4, 'rep_dropout': 0.039344976560947535, 'train_learning_rate': 0.00011414419979092192, 'train_lr_reduce': 0.6}. Best is trial 116 with value: 1.1411752700805664.
[I 2024-12-19 07:40:50,305] Trial 118 finished with value: 1.1420316696166992 and parameters: {'mlp_n_layers': 4, 'mlp_dim_00': 132, 'mlp_dim_01': 98, 'mlp_dim_02': 66, 'mlp_dim_03': 77, 'node_hidden_dim': 56, 'edge_hidden_dim': 33, 'depth': 4, 'rep_dropout': 0.15544645227404985, 'train_learning_rate': 0.00012437884359724641, 'train_lr_reduce': 0.6}. Best is trial 116 with value: 1.1411752700805664.
[I 2024-12-19 07:40:50,395] Trial 119 finished with value: 1.1420769691467285 and parameters: {'mlp_n_layers': 3, 'mlp_dim_00': 81, 'mlp_dim_01': 190, 'mlp_dim_02': 66, 'node_hidden_dim': 66, 'edge_hidden_dim': 37, 'depth': 3, 'rep_dropout': 0.02279120978119011, 'train_learning_rate': 0.0001909817626697013, 'train_lr_reduce': 0.6}. Best is trial 116 with value: 1.1411752700805664.
[I 2024-12-19 07:40:52,821] Trial 120 finished with value: 1.1413812637329102 and parameters: {'mlp_n_layers': 3, 'mlp_dim_00': 120, 'mlp_dim_01': 233, 'mlp_dim_02': 65, 'node_hidden_dim': 74, 'edge_hidden_dim': 38, 'depth': 4, 'rep_dropout': 0.034753975503167125, 'train_learning_rate': 0.00010969658182236913, 'train_lr_reduce': 0.6}. Best is trial 116 with value: 1.1411752700805664.
[I 2024-12-19 07:40:59,036] Trial 122 finished with value: 1.1418441534042358 and parameters: {'mlp_n_layers': 3, 'mlp_dim_00': 222, 'mlp_dim_01': 329, 'mlp_dim_02': 68, 'node_hidden_dim': 101, 'edge_hidden_dim': 42, 'depth': 3, 'rep_dropout': 0.10107208805207088, 'train_learning_rate': 0.00023130823789529586, 'train_lr_reduce': 0.6}. Best is trial 116 with value: 1.1411752700805664.
[I 2024-12-19 07:40:59,154] Trial 121 finished with value: 1.1420296430587769 and parameters: {'mlp_n_layers': 3, 'mlp_dim_00': 94, 'mlp_dim_01': 135, 'mlp_dim_02': 127, 'node_hidden_dim': 62, 'edge_hidden_dim': 63, 'depth': 4, 'rep_dropout': 0.015844968808339716, 'train_learning_rate': 0.00019744554937100548, 'train_lr_reduce': 0.6}. Best is trial 116 with value: 1.1411752700805664.
[I 2024-12-19 07:41:01,012] Trial 123 finished with value: 1.1422550678253174 and parameters: {'mlp_n_layers': 3, 'mlp_dim_00': 119, 'mlp_dim_01': 309, 'mlp_dim_02': 66, 'node_hidden_dim': 91, 'edge_hidden_dim': 49, 'depth': 4, 'rep_dropout': 0.05111000951298145, 'train_learning_rate': 0.00012625710164705615, 'train_lr_reduce': 0.6}. Best is trial 116 with value: 1.1411752700805664.
[I 2024-12-19 07:41:08,777] Trial 125 finished with value: 1.1422423124313354 and parameters: {'mlp_n_layers': 3, 'mlp_dim_00': 206, 'mlp_dim_01': 131, 'mlp_dim_02': 66, 'node_hidden_dim': 80, 'edge_hidden_dim': 47, 'depth': 4, 'rep_dropout': 0.013450397461778188, 'train_learning_rate': 0.00018246143891221666, 'train_lr_reduce': 0.6}. Best is trial 116 with value: 1.1411752700805664.
[I 2024-12-19 07:41:09,214] Trial 124 finished with value: 1.14211905002594 and parameters: {'mlp_n_layers': 2, 'mlp_dim_00': 162, 'mlp_dim_01': 199, 'node_hidden_dim': 85, 'edge_hidden_dim': 35, 'depth': 4, 'rep_dropout': 0.05077506387690433, 'train_learning_rate': 0.00016778304619271934, 'train_lr_reduce': 0.6}. Best is trial 116 with value: 1.1411752700805664.
[I 2024-12-19 07:41:13,929] Trial 126 finished with value: 1.14187490940094 and parameters: {'mlp_n_layers': 3, 'mlp_dim_00': 155, 'mlp_dim_01': 180, 'mlp_dim_02': 65, 'node_hidden_dim': 62, 'edge_hidden_dim': 45, 'depth': 4, 'rep_dropout': 0.01842035433426583, 'train_learning_rate': 0.00010438507848359087, 'train_lr_reduce': 0.6}. Best is trial 116 with value: 1.1411752700805664.
[I 2024-12-19 07:41:16,146] Trial 128 finished with value: 1.1477333307266235 and parameters: {'mlp_n_layers': 3, 'mlp_dim_00': 95, 'mlp_dim_01': 195, 'mlp_dim_02': 126, 'node_hidden_dim': 92, 'edge_hidden_dim': 40, 'depth': 3, 'rep_dropout': 0.05344797066074139, 'train_learning_rate': 0.0031682745875659746, 'train_lr_reduce': 0.6}. Best is trial 116 with value: 1.1411752700805664.
[I 2024-12-19 07:41:18,961] Trial 127 finished with value: 1.1417789459228516 and parameters: {'mlp_n_layers': 2, 'mlp_dim_00': 77, 'mlp_dim_01': 78, 'node_hidden_dim': 103, 'edge_hidden_dim': 76, 'depth': 4, 'rep_dropout': 0.017168962828656924, 'train_learning_rate': 0.00014267192003321238, 'train_lr_reduce': 0.6}. Best is trial 116 with value: 1.1411752700805664.
[I 2024-12-19 07:41:23,770] Trial 130 finished with value: 1.1425288915634155 and parameters: {'mlp_n_layers': 3, 'mlp_dim_00': 355, 'mlp_dim_01': 108, 'mlp_dim_02': 65, 'node_hidden_dim': 47, 'edge_hidden_dim': 123, 'depth': 2, 'rep_dropout': 0.24260800539578903, 'train_learning_rate': 0.0008366170196636545, 'train_lr_reduce': 0.6}. Best is trial 116 with value: 1.1411752700805664.
[I 2024-12-19 07:41:25,744] Trial 129 finished with value: 1.1415008306503296 and parameters: {'mlp_n_layers': 3, 'mlp_dim_00': 71, 'mlp_dim_01': 201, 'mlp_dim_02': 65, 'node_hidden_dim': 86, 'edge_hidden_dim': 34, 'depth': 4, 'rep_dropout': 0.017218447333096132, 'train_learning_rate': 0.000100135322299218, 'train_lr_reduce': 0.6}. Best is trial 116 with value: 1.1411752700805664.
[I 2024-12-19 07:41:26,439] Trial 131 finished with value: 1.1422452926635742 and parameters: {'mlp_n_layers': 2, 'mlp_dim_00': 158, 'mlp_dim_01': 189, 'node_hidden_dim': 91, 'edge_hidden_dim': 79, 'depth': 4, 'rep_dropout': 0.008612622841693268, 'train_learning_rate': 0.00018584237136766907, 'train_lr_reduce': 0.6}. Best is trial 116 with value: 1.1411752700805664.
[I 2024-12-19 07:41:31,796] Trial 132 finished with value: 1.1430165767669678 and parameters: {'mlp_n_layers': 2, 'mlp_dim_00': 364, 'mlp_dim_01': 477, 'node_hidden_dim': 127, 'edge_hidden_dim': 65, 'depth': 3, 'rep_dropout': 0.1431678856376153, 'train_learning_rate': 0.002133237153242702, 'train_lr_reduce': 0.6}. Best is trial 116 with value: 1.1411752700805664.
[I 2024-12-19 07:41:35,151] Trial 133 finished with value: 1.1415718793869019 and parameters: {'mlp_n_layers': 2, 'mlp_dim_00': 91, 'mlp_dim_01': 78, 'node_hidden_dim': 101, 'edge_hidden_dim': 67, 'depth': 3, 'rep_dropout': 0.012847406931288923, 'train_learning_rate': 0.00011944378211097696, 'train_lr_reduce': 0.6}. Best is trial 116 with value: 1.1411752700805664.
[I 2024-12-19 07:41:37,442] Trial 134 finished with value: 1.1422175168991089 and parameters: {'mlp_n_layers': 3, 'mlp_dim_00': 80, 'mlp_dim_01': 241, 'mlp_dim_02': 127, 'node_hidden_dim': 82, 'edge_hidden_dim': 49, 'depth': 4, 'rep_dropout': 0.006950860874159741, 'train_learning_rate': 0.00010552248787328772, 'train_lr_reduce': 0.6}. Best is trial 116 with value: 1.1411752700805664.
[I 2024-12-19 07:41:41,955] Trial 135 finished with value: 1.1418285369873047 and parameters: {'mlp_n_layers': 2, 'mlp_dim_00': 65, 'mlp_dim_01': 100, 'node_hidden_dim': 111, 'edge_hidden_dim': 101, 'depth': 4, 'rep_dropout': 0.03160337618524571, 'train_learning_rate': 0.00013282481965627642, 'train_lr_reduce': 0.6}. Best is trial 116 with value: 1.1411752700805664.
[I 2024-12-19 07:41:42,780] Trial 136 finished with value: 1.1418538093566895 and parameters: {'mlp_n_layers': 2, 'mlp_dim_00': 67, 'mlp_dim_01': 119, 'node_hidden_dim': 98, 'edge_hidden_dim': 65, 'depth': 4, 'rep_dropout': 0.03648583424147911, 'train_learning_rate': 0.00019325514954278381, 'train_lr_reduce': 0.6}. Best is trial 116 with value: 1.1411752700805664.
[I 2024-12-19 07:41:44,476] Trial 137 finished with value: 1.1416558027267456 and parameters: {'mlp_n_layers': 2, 'mlp_dim_00': 73, 'mlp_dim_01': 80, 'node_hidden_dim': 104, 'edge_hidden_dim': 71, 'depth': 3, 'rep_dropout': 0.02222675767041006, 'train_learning_rate': 0.00023263226312957065, 'train_lr_reduce': 0.6}. Best is trial 116 with value: 1.1411752700805664.
[I 2024-12-19 07:41:50,595] Trial 138 finished with value: 1.1420247554779053 and parameters: {'mlp_n_layers': 2, 'mlp_dim_00': 225, 'mlp_dim_01': 143, 'node_hidden_dim': 124, 'edge_hidden_dim': 69, 'depth': 3, 'rep_dropout': 0.0023675428631037814, 'train_learning_rate': 0.00011037776078689163, 'train_lr_reduce': 0.6}. Best is trial 116 with value: 1.1411752700805664.
[I 2024-12-19 07:41:51,094] Trial 140 finished with value: 1.1422876119613647 and parameters: {'mlp_n_layers': 2, 'mlp_dim_00': 169, 'mlp_dim_01': 150, 'node_hidden_dim': 112, 'edge_hidden_dim': 80, 'depth': 3, 'rep_dropout': 0.042006183591819735, 'train_learning_rate': 0.0005687103378930278, 'train_lr_reduce': 0.6}. Best is trial 116 with value: 1.1411752700805664.
[I 2024-12-19 07:41:51,956] Trial 139 finished with value: 1.1419686079025269 and parameters: {'mlp_n_layers': 3, 'mlp_dim_00': 88, 'mlp_dim_01': 76, 'mlp_dim_02': 129, 'node_hidden_dim': 88, 'edge_hidden_dim': 54, 'depth': 4, 'rep_dropout': 0.03685305879292443, 'train_learning_rate': 0.00025639872314972155, 'train_lr_reduce': 0.6}. Best is trial 116 with value: 1.1411752700805664.
[I 2024-12-19 07:41:59,190] Trial 142 finished with value: 1.142328143119812 and parameters: {'mlp_n_layers': 3, 'mlp_dim_00': 401, 'mlp_dim_01': 72, 'mlp_dim_02': 389, 'node_hidden_dim': 94, 'edge_hidden_dim': 94, 'depth': 4, 'rep_dropout': 0.0037489075242616438, 'train_learning_rate': 0.0002857168357232243, 'train_lr_reduce': 0.6}. Best is trial 116 with value: 1.1411752700805664.
[I 2024-12-19 07:41:59,744] Trial 143 finished with value: 1.1420601606369019 and parameters: {'mlp_n_layers': 2, 'mlp_dim_00': 126, 'mlp_dim_01': 450, 'node_hidden_dim': 64, 'edge_hidden_dim': 40, 'depth': 4, 'rep_dropout': 0.04482346852461515, 'train_learning_rate': 0.00017052067472653895, 'train_lr_reduce': 0.6}. Best is trial 116 with value: 1.1411752700805664.
[I 2024-12-19 07:41:59,870] Trial 141 finished with value: 1.1420226097106934 and parameters: {'mlp_n_layers': 2, 'mlp_dim_00': 105, 'mlp_dim_01': 65, 'node_hidden_dim': 78, 'edge_hidden_dim': 70, 'depth': 3, 'rep_dropout': 0.039416465383563956, 'train_learning_rate': 0.00016934611805711933, 'train_lr_reduce': 0.6}. Best is trial 116 with value: 1.1411752700805664.
[I 2024-12-19 07:42:07,021] Trial 145 finished with value: 1.1412919759750366 and parameters: {'mlp_n_layers': 2, 'mlp_dim_00': 67, 'mlp_dim_01': 92, 'node_hidden_dim': 103, 'edge_hidden_dim': 70, 'depth': 3, 'rep_dropout': 0.04967251436534022, 'train_learning_rate': 0.00028817410880526675, 'train_lr_reduce': 0.6}. Best is trial 116 with value: 1.1411752700805664.
[I 2024-12-19 07:42:08,500] Trial 146 finished with value: 1.1420142650604248 and parameters: {'mlp_n_layers': 2, 'mlp_dim_00': 152, 'mlp_dim_01': 100, 'node_hidden_dim': 104, 'edge_hidden_dim': 45, 'depth': 3, 'rep_dropout': 0.027514276825476303, 'train_learning_rate': 0.00019207584479126162, 'train_lr_reduce': 0.6}. Best is trial 116 with value: 1.1411752700805664.
[I 2024-12-19 07:42:14,314] Trial 147 finished with value: 1.1419633626937866 and parameters: {'mlp_n_layers': 2, 'mlp_dim_00': 89, 'mlp_dim_01': 118, 'node_hidden_dim': 101, 'edge_hidden_dim': 75, 'depth': 3, 'rep_dropout': 0.025596186317958482, 'train_learning_rate': 0.00011468640870109362, 'train_lr_reduce': 0.6}. Best is trial 116 with value: 1.1411752700805664.
[I 2024-12-19 07:42:20,098] Trial 148 finished with value: 1.1420338153839111 and parameters: {'mlp_n_layers': 4, 'mlp_dim_00': 289, 'mlp_dim_01': 173, 'mlp_dim_02': 239, 'mlp_dim_03': 216, 'node_hidden_dim': 83, 'edge_hidden_dim': 36, 'depth': 3, 'rep_dropout': 0.23092465527852646, 'train_learning_rate': 0.00011658873148566067, 'train_lr_reduce': 0.6}. Best is trial 116 with value: 1.1411752700805664.
[I 2024-12-19 07:42:20,287] Trial 144 finished with value: 0.4218669831752777 and parameters: {'mlp_n_layers': 2, 'mlp_dim_00': 76, 'mlp_dim_01': 190, 'node_hidden_dim': 84, 'edge_hidden_dim': 70, 'depth': 2, 'rep_dropout': 0.019388722456114643, 'train_learning_rate': 0.00449130882596269, 'train_lr_reduce': 0.6}. Best is trial 144 with value: 0.4218669831752777.
[I 2024-12-19 07:42:20,654] Trial 149 finished with value: 1.1417841911315918 and parameters: {'mlp_n_layers': 2, 'mlp_dim_00': 73, 'mlp_dim_01': 191, 'node_hidden_dim': 102, 'edge_hidden_dim': 51, 'depth': 2, 'rep_dropout': 0.052631831285519876, 'train_learning_rate': 0.00043585442048161996, 'train_lr_reduce': 0.6}. Best is trial 144 with value: 0.4218669831752777.
[I 2024-12-19 07:42:26,696] Trial 152 finished with value: 1.1422160863876343 and parameters: {'mlp_n_layers': 2, 'mlp_dim_00': 119, 'mlp_dim_01': 102, 'node_hidden_dim': 98, 'edge_hidden_dim': 73, 'depth': 3, 'rep_dropout': 0.10976658467127665, 'train_learning_rate': 0.0005684224529880548, 'train_lr_reduce': 0.6}. Best is trial 144 with value: 0.4218669831752777.
[I 2024-12-19 07:42:26,726] Trial 150 finished with value: 1.1424554586410522 and parameters: {'mlp_n_layers': 2, 'mlp_dim_00': 111, 'mlp_dim_01': 138, 'node_hidden_dim': 86, 'edge_hidden_dim': 94, 'depth': 2, 'rep_dropout': 0.050227656933869685, 'train_learning_rate': 0.003105439740390575, 'train_lr_reduce': 0.6}. Best is trial 144 with value: 0.4218669831752777.
[I 2024-12-19 07:42:28,247] Trial 151 finished with value: 1.141690969467163 and parameters: {'mlp_n_layers': 2, 'mlp_dim_00': 116, 'mlp_dim_01': 80, 'node_hidden_dim': 112, 'edge_hidden_dim': 67, 'depth': 2, 'rep_dropout': 0.018851965643816998, 'train_learning_rate': 0.00015365801970517552, 'train_lr_reduce': 0.6}. Best is trial 144 with value: 0.4218669831752777.
[I 2024-12-19 07:42:35,202] Trial 155 finished with value: 1.1421047449111938 and parameters: {'mlp_n_layers': 2, 'mlp_dim_00': 112, 'mlp_dim_01': 101, 'node_hidden_dim': 119, 'edge_hidden_dim': 61, 'depth': 2, 'rep_dropout': 0.025552629120321045, 'train_learning_rate': 0.0002060345643280852, 'train_lr_reduce': 0.6}. Best is trial 144 with value: 0.4218669831752777.
[I 2024-12-19 07:42:42,372] Trial 156 finished with value: 1.1420350074768066 and parameters: {'mlp_n_layers': 2, 'mlp_dim_00': 93, 'mlp_dim_01': 74, 'node_hidden_dim': 104, 'edge_hidden_dim': 74, 'depth': 2, 'rep_dropout': 0.05811455574687099, 'train_learning_rate': 0.0001290017757698696, 'train_lr_reduce': 0.6}. Best is trial 144 with value: 0.4218669831752777.
[I 2024-12-19 07:42:45,149] Trial 153 finished with value: 0.458006888628006 and parameters: {'mlp_n_layers': 2, 'mlp_dim_00': 86, 'mlp_dim_01': 222, 'node_hidden_dim': 90, 'edge_hidden_dim': 59, 'depth': 2, 'rep_dropout': 0.009851531379020987, 'train_learning_rate': 0.0060432735856918345, 'train_lr_reduce': 0.6}. Best is trial 144 with value: 0.4218669831752777.
[I 2024-12-19 07:42:50,031] Trial 154 finished with value: 0.4169941246509552 and parameters: {'mlp_n_layers': 2, 'mlp_dim_00': 87, 'mlp_dim_01': 327, 'node_hidden_dim': 91, 'edge_hidden_dim': 63, 'depth': 2, 'rep_dropout': 0.05138596900863336, 'train_learning_rate': 0.0043858663652472, 'train_lr_reduce': 0.6}. Best is trial 154 with value: 0.4169941246509552.
[I 2024-12-19 07:42:51,328] Trial 157 finished with value: 1.141281247138977 and parameters: {'mlp_n_layers': 3, 'mlp_dim_00': 254, 'mlp_dim_01': 144, 'mlp_dim_02': 64, 'node_hidden_dim': 109, 'edge_hidden_dim': 86, 'depth': 2, 'rep_dropout': 0.025774635064022385, 'train_learning_rate': 0.0002304956567696734, 'train_lr_reduce': 0.6}. Best is trial 154 with value: 0.4169941246509552.
[I 2024-12-19 07:42:57,422] Trial 159 finished with value: 1.145012617111206 and parameters: {'mlp_n_layers': 2, 'mlp_dim_00': 159, 'mlp_dim_01': 512, 'node_hidden_dim': 74, 'edge_hidden_dim': 80, 'depth': 2, 'rep_dropout': 0.02447247517054072, 'train_learning_rate': 0.003275923110047052, 'train_lr_reduce': 0.6}. Best is trial 154 with value: 0.4169941246509552.
[I 2024-12-19 07:42:58,147] Trial 160 finished with value: 1.1449291706085205 and parameters: {'mlp_n_layers': 2, 'mlp_dim_00': 102, 'mlp_dim_01': 479, 'node_hidden_dim': 102, 'edge_hidden_dim': 57, 'depth': 2, 'rep_dropout': 0.06990123807898274, 'train_learning_rate': 0.003097771748327226, 'train_lr_reduce': 0.6}. Best is trial 154 with value: 0.4169941246509552.
[I 2024-12-19 07:43:04,918] Trial 162 finished with value: 1.1439554691314697 and parameters: {'mlp_n_layers': 3, 'mlp_dim_00': 121, 'mlp_dim_01': 199, 'mlp_dim_02': 125, 'node_hidden_dim': 93, 'edge_hidden_dim': 58, 'depth': 2, 'rep_dropout': 0.02773229575105325, 'train_learning_rate': 0.003424676585551856, 'train_lr_reduce': 0.6}. Best is trial 154 with value: 0.4169941246509552.
[I 2024-12-19 07:43:06,802] Trial 161 finished with value: 1.1421681642532349 and parameters: {'mlp_n_layers': 3, 'mlp_dim_00': 225, 'mlp_dim_01': 216, 'mlp_dim_02': 137, 'node_hidden_dim': 117, 'edge_hidden_dim': 105, 'depth': 2, 'rep_dropout': 0.013996087336029119, 'train_learning_rate': 0.00015779993670295917, 'train_lr_reduce': 0.6}. Best is trial 154 with value: 0.4169941246509552.
[I 2024-12-19 07:43:08,420] Trial 158 finished with value: 0.6059034466743469 and parameters: {'mlp_n_layers': 3, 'mlp_dim_00': 112, 'mlp_dim_01': 262, 'mlp_dim_02': 127, 'node_hidden_dim': 58, 'edge_hidden_dim': 77, 'depth': 2, 'rep_dropout': 0.04278364268910682, 'train_learning_rate': 0.0024321489626831527, 'train_lr_reduce': 0.6}. Best is trial 154 with value: 0.4169941246509552.
[I 2024-12-19 07:43:13,910] Trial 165 finished with value: 1.1476141214370728 and parameters: {'mlp_n_layers': 3, 'mlp_dim_00': 108, 'mlp_dim_01': 256, 'mlp_dim_02': 155, 'node_hidden_dim': 66, 'edge_hidden_dim': 92, 'depth': 2, 'rep_dropout': 0.09554261116175432, 'train_learning_rate': 0.0015686898175961393, 'train_lr_reduce': 0.6}. Best is trial 154 with value: 0.4169941246509552.
[I 2024-12-19 07:43:22,039] Trial 166 finished with value: 1.1421682834625244 and parameters: {'mlp_n_layers': 3, 'mlp_dim_00': 313, 'mlp_dim_01': 143, 'mlp_dim_02': 186, 'node_hidden_dim': 82, 'edge_hidden_dim': 78, 'depth': 2, 'rep_dropout': 0.007370487828682937, 'train_learning_rate': 0.0001274190244958972, 'train_lr_reduce': 0.6}. Best is trial 154 with value: 0.4169941246509552.
[I 2024-12-19 07:43:24,580] Trial 164 finished with value: 0.6572921872138977 and parameters: {'mlp_n_layers': 2, 'mlp_dim_00': 98, 'mlp_dim_01': 290, 'node_hidden_dim': 105, 'edge_hidden_dim': 91, 'depth': 3, 'rep_dropout': 0.01152373782725994, 'train_learning_rate': 0.007038763305695669, 'train_lr_reduce': 0.6}. Best is trial 154 with value: 0.4169941246509552.
[I 2024-12-19 07:43:25,243] Trial 163 finished with value: 0.28059011697769165 and parameters: {'mlp_n_layers': 2, 'mlp_dim_00': 70, 'mlp_dim_01': 132, 'node_hidden_dim': 87, 'edge_hidden_dim': 57, 'depth': 2, 'rep_dropout': 0.05013377070713385, 'train_learning_rate': 0.008658917414549806, 'train_lr_reduce': 0.6}. Best is trial 163 with value: 0.28059011697769165.
[I 2024-12-19 07:43:30,292] Trial 167 finished with value: 0.9456648826599121 and parameters: {'mlp_n_layers': 2, 'mlp_dim_00': 153, 'mlp_dim_01': 328, 'node_hidden_dim': 84, 'edge_hidden_dim': 57, 'depth': 2, 'rep_dropout': 0.012249815458367709, 'train_learning_rate': 0.009230390498619786, 'train_lr_reduce': 0.6}. Best is trial 163 with value: 0.28059011697769165.
[I 2024-12-19 07:43:32,000] Trial 168 finished with value: 1.1429866552352905 and parameters: {'mlp_n_layers': 2, 'mlp_dim_00': 108, 'mlp_dim_01': 276, 'node_hidden_dim': 110, 'edge_hidden_dim': 90, 'depth': 4, 'rep_dropout': 0.03136390160353092, 'train_learning_rate': 0.002474555930908487, 'train_lr_reduce': 0.6}. Best is trial 163 with value: 0.28059011697769165.
[I 2024-12-19 07:43:36,672] Trial 170 finished with value: 1.1436963081359863 and parameters: {'mlp_n_layers': 2, 'mlp_dim_00': 149, 'mlp_dim_01': 328, 'node_hidden_dim': 104, 'edge_hidden_dim': 92, 'depth': 3, 'rep_dropout': 0.004129051748127238, 'train_learning_rate': 0.008545503253873292, 'train_lr_reduce': 0.6}. Best is trial 163 with value: 0.28059011697769165.
[I 2024-12-19 07:43:42,592] Trial 172 finished with value: 1.1438190937042236 and parameters: {'mlp_n_layers': 3, 'mlp_dim_00': 105, 'mlp_dim_01': 180, 'mlp_dim_02': 140, 'node_hidden_dim': 52, 'edge_hidden_dim': 80, 'depth': 3, 'rep_dropout': 0.011773972791456491, 'train_learning_rate': 0.002865026116905923, 'train_lr_reduce': 0.6}. Best is trial 163 with value: 0.28059011697769165.
[I 2024-12-19 07:43:44,983] Trial 169 finished with value: 0.5557146072387695 and parameters: {'mlp_n_layers': 2, 'mlp_dim_00': 83, 'mlp_dim_01': 172, 'node_hidden_dim': 88, 'edge_hidden_dim': 72, 'depth': 2, 'rep_dropout': 0.06631811382711926, 'train_learning_rate': 0.009865517116351865, 'train_lr_reduce': 0.6}. Best is trial 163 with value: 0.28059011697769165.
