[I 2024-12-20 01:27:22,251] Trial 2046 finished with value: 1.5568283796310425 and parameters: {'mlp_n_layers': 3, 'mlp_dim_00': 193, 'mlp_dim_01': 372, 'mlp_dim_02': 511, 'node_hidden_dim': 103, 'edge_hidden_dim': 32, 'depth': 2, 'rep_dropout': 0.04581853648465396, 'train_learning_rate': 0.0006466516099493041, 'train_lr_reduce': 0.6}. Best is trial 558 with value: 0.30280801653862.
[I 2024-12-20 01:27:22,934] Trial 2042 finished with value: 0.3740147650241852 and parameters: {'mlp_n_layers': 4, 'mlp_dim_00': 153, 'mlp_dim_01': 332, 'mlp_dim_02': 455, 'mlp_dim_03': 126, 'node_hidden_dim': 111, 'edge_hidden_dim': 39, 'depth': 1, 'rep_dropout': 0.004295425181219992, 'train_learning_rate': 0.002644787409161637, 'train_lr_reduce': 0.6}. Best is trial 558 with value: 0.30280801653862.
[I 2024-12-20 01:27:37,918] Trial 2045 finished with value: 0.4140092432498932 and parameters: {'mlp_n_layers': 4, 'mlp_dim_00': 148, 'mlp_dim_01': 352, 'mlp_dim_02': 498, 'mlp_dim_03': 141, 'node_hidden_dim': 110, 'edge_hidden_dim': 36, 'depth': 1, 'rep_dropout': 0.033010755926527136, 'train_learning_rate': 0.003071535642059953, 'train_lr_reduce': 0.6}. Best is trial 558 with value: 0.30280801653862.
[I 2024-12-20 01:27:39,256] Trial 2047 finished with value: 0.33671024441719055 and parameters: {'mlp_n_layers': 4, 'mlp_dim_00': 158, 'mlp_dim_01': 372, 'mlp_dim_02': 484, 'mlp_dim_03': 90, 'node_hidden_dim': 113, 'edge_hidden_dim': 41, 'depth': 1, 'rep_dropout': 0.014843128615288054, 'train_learning_rate': 0.001147641393544244, 'train_lr_reduce': 0.6}. Best is trial 558 with value: 0.30280801653862.
[I 2024-12-20 01:27:41,759] Trial 2049 finished with value: 1.4946118593215942 and parameters: {'mlp_n_layers': 3, 'mlp_dim_00': 110, 'mlp_dim_01': 352, 'mlp_dim_02': 477, 'node_hidden_dim': 105, 'edge_hidden_dim': 42, 'depth': 1, 'rep_dropout': 0.005530669298855914, 'train_learning_rate': 0.0009290467521403482, 'train_lr_reduce': 0.6}. Best is trial 558 with value: 0.30280801653862.
[I 2024-12-20 01:27:46,210] Trial 2048 finished with value: 0.3205711543560028 and parameters: {'mlp_n_layers': 4, 'mlp_dim_00': 74, 'mlp_dim_01': 370, 'mlp_dim_02': 483, 'mlp_dim_03': 64, 'node_hidden_dim': 115, 'edge_hidden_dim': 35, 'depth': 1, 'rep_dropout': 0.01626783078906568, 'train_learning_rate': 0.0007499086447778278, 'train_lr_reduce': 0.6}. Best is trial 558 with value: 0.30280801653862.
[I 2024-12-20 01:27:47,461] Trial 2051 finished with value: 1.5677450895309448 and parameters: {'mlp_n_layers': 4, 'mlp_dim_00': 107, 'mlp_dim_01': 367, 'mlp_dim_02': 495, 'mlp_dim_03': 65, 'node_hidden_dim': 99, 'edge_hidden_dim': 34, 'depth': 1, 'rep_dropout': 0.028090016589797262, 'train_learning_rate': 0.000519526166100328, 'train_lr_reduce': 0.6}. Best is trial 558 with value: 0.30280801653862.
[I 2024-12-20 01:27:52,544] Trial 2052 finished with value: 1.5534310340881348 and parameters: {'mlp_n_layers': 4, 'mlp_dim_00': 169, 'mlp_dim_01': 341, 'mlp_dim_02': 508, 'mlp_dim_03': 70, 'node_hidden_dim': 99, 'edge_hidden_dim': 38, 'depth': 2, 'rep_dropout': 0.0187749805460547, 'train_learning_rate': 0.0005984897967213377, 'train_lr_reduce': 0.6}. Best is trial 558 with value: 0.30280801653862.
[I 2024-12-20 01:27:52,838] Trial 2053 finished with value: 1.4337313175201416 and parameters: {'mlp_n_layers': 1, 'mlp_dim_00': 139, 'node_hidden_dim': 42, 'edge_hidden_dim': 95, 'depth': 1, 'rep_dropout': 0.12165252425279854, 'train_learning_rate': 0.003337584376310491, 'train_lr_reduce': 0.6}. Best is trial 558 with value: 0.30280801653862.
[I 2024-12-20 01:27:53,429] Trial 2050 finished with value: 0.4679231643676758 and parameters: {'mlp_n_layers': 4, 'mlp_dim_00': 70, 'mlp_dim_01': 349, 'mlp_dim_02': 498, 'mlp_dim_03': 100, 'node_hidden_dim': 76, 'edge_hidden_dim': 49, 'depth': 1, 'rep_dropout': 0.04954005508962389, 'train_learning_rate': 0.001364675977646096, 'train_lr_reduce': 0.6}. Best is trial 558 with value: 0.30280801653862.
[I 2024-12-20 01:27:56,805] Trial 2054 finished with value: 1.5363025665283203 and parameters: {'mlp_n_layers': 4, 'mlp_dim_00': 186, 'mlp_dim_01': 379, 'mlp_dim_02': 488, 'mlp_dim_03': 110, 'node_hidden_dim': 108, 'edge_hidden_dim': 33, 'depth': 2, 'rep_dropout': 0.0071671921470511935, 'train_learning_rate': 0.0004498929708060032, 'train_lr_reduce': 0.6}. Best is trial 558 with value: 0.30280801653862.
[I 2024-12-20 01:27:57,404] Trial 2055 finished with value: 1.5720163583755493 and parameters: {'mlp_n_layers': 4, 'mlp_dim_00': 126, 'mlp_dim_01': 336, 'mlp_dim_02': 489, 'mlp_dim_03': 125, 'node_hidden_dim': 101, 'edge_hidden_dim': 34, 'depth': 1, 'rep_dropout': 0.020124894971352572, 'train_learning_rate': 0.0011725398468475454, 'train_lr_reduce': 0.6}. Best is trial 558 with value: 0.30280801653862.
[I 2024-12-20 01:27:58,627] Trial 2056 finished with value: 1.5656195878982544 and parameters: {'mlp_n_layers': 3, 'mlp_dim_00': 124, 'mlp_dim_01': 375, 'mlp_dim_02': 502, 'node_hidden_dim': 87, 'edge_hidden_dim': 51, 'depth': 1, 'rep_dropout': 0.03604341077014801, 'train_learning_rate': 0.0005129337971838218, 'train_lr_reduce': 0.6}. Best is trial 558 with value: 0.30280801653862.
[I 2024-12-20 01:28:02,217] Trial 2058 finished with value: 1.55741548538208 and parameters: {'mlp_n_layers': 4, 'mlp_dim_00': 89, 'mlp_dim_01': 347, 'mlp_dim_02': 465, 'mlp_dim_03': 93, 'node_hidden_dim': 104, 'edge_hidden_dim': 36, 'depth': 1, 'rep_dropout': 0.024485972739158687, 'train_learning_rate': 0.0006302082683219685, 'train_lr_reduce': 0.6}. Best is trial 558 with value: 0.30280801653862.
[I 2024-12-20 01:28:03,609] Trial 2059 finished with value: 1.5680052042007446 and parameters: {'mlp_n_layers': 4, 'mlp_dim_00': 65, 'mlp_dim_01': 383, 'mlp_dim_02': 468, 'mlp_dim_03': 71, 'node_hidden_dim': 108, 'edge_hidden_dim': 34, 'depth': 1, 'rep_dropout': 0.08091550469438713, 'train_learning_rate': 0.0005511230531150001, 'train_lr_reduce': 0.6}. Best is trial 558 with value: 0.30280801653862.
[I 2024-12-20 01:28:07,816] Trial 2061 finished with value: 1.5578049421310425 and parameters: {'mlp_n_layers': 4, 'mlp_dim_00': 118, 'mlp_dim_01': 332, 'mlp_dim_02': 462, 'mlp_dim_03': 135, 'node_hidden_dim': 100, 'edge_hidden_dim': 32, 'depth': 1, 'rep_dropout': 0.04627630467299887, 'train_learning_rate': 0.0007516843123222166, 'train_lr_reduce': 0.6}. Best is trial 558 with value: 0.30280801653862.
[I 2024-12-20 01:28:12,206] Trial 2062 finished with value: 1.5767931938171387 and parameters: {'mlp_n_layers': 4, 'mlp_dim_00': 71, 'mlp_dim_01': 375, 'mlp_dim_02': 465, 'mlp_dim_03': 120, 'node_hidden_dim': 120, 'edge_hidden_dim': 33, 'depth': 1, 'rep_dropout': 0.009474453134544144, 'train_learning_rate': 0.0003150557630180843, 'train_lr_reduce': 0.6}. Best is trial 558 with value: 0.30280801653862.
[I 2024-12-20 01:28:15,267] Trial 2060 finished with value: 0.5144779682159424 and parameters: {'mlp_n_layers': 4, 'mlp_dim_00': 158, 'mlp_dim_01': 334, 'mlp_dim_02': 503, 'mlp_dim_03': 66, 'node_hidden_dim': 85, 'edge_hidden_dim': 36, 'depth': 1, 'rep_dropout': 0.00604656406812807, 'train_learning_rate': 0.000996623269260456, 'train_lr_reduce': 0.6}. Best is trial 558 with value: 0.30280801653862.
[I 2024-12-20 01:28:16,115] Trial 2063 finished with value: 1.2960237264633179 and parameters: {'mlp_n_layers': 3, 'mlp_dim_00': 117, 'mlp_dim_01': 329, 'mlp_dim_02': 462, 'node_hidden_dim': 99, 'edge_hidden_dim': 40, 'depth': 4, 'rep_dropout': 0.07909442734245217, 'train_learning_rate': 0.008275581597789863, 'train_lr_reduce': 0.6}. Best is trial 558 with value: 0.30280801653862.
[I 2024-12-20 01:28:18,570] Trial 2057 finished with value: 0.3507469594478607 and parameters: {'mlp_n_layers': 4, 'mlp_dim_00': 178, 'mlp_dim_01': 342, 'mlp_dim_02': 469, 'mlp_dim_03': 114, 'node_hidden_dim': 85, 'edge_hidden_dim': 39, 'depth': 1, 'rep_dropout': 0.021793079031481772, 'train_learning_rate': 0.0004094335921596087, 'train_lr_reduce': 0.6}. Best is trial 558 with value: 0.30280801653862.
[I 2024-12-20 01:28:19,592] Trial 2064 finished with value: 1.472900152206421 and parameters: {'mlp_n_layers': 4, 'mlp_dim_00': 224, 'mlp_dim_01': 329, 'mlp_dim_02': 512, 'mlp_dim_03': 92, 'node_hidden_dim': 78, 'edge_hidden_dim': 37, 'depth': 4, 'rep_dropout': 0.022658934412562982, 'train_learning_rate': 0.0018713903798295033, 'train_lr_reduce': 0.6}. Best is trial 558 with value: 0.30280801653862.
[I 2024-12-20 01:28:22,972] Trial 2066 finished with value: 1.509055495262146 and parameters: {'mlp_n_layers': 4, 'mlp_dim_00': 177, 'mlp_dim_01': 381, 'mlp_dim_02': 457, 'mlp_dim_03': 71, 'node_hidden_dim': 82, 'edge_hidden_dim': 69, 'depth': 2, 'rep_dropout': 0.0622631649143777, 'train_learning_rate': 0.00012617719558178972, 'train_lr_reduce': 0.6}. Best is trial 558 with value: 0.30280801653862.
[I 2024-12-20 01:28:24,404] Trial 2067 finished with value: 1.5805606842041016 and parameters: {'mlp_n_layers': 4, 'mlp_dim_00': 136, 'mlp_dim_01': 331, 'mlp_dim_02': 454, 'mlp_dim_03': 144, 'node_hidden_dim': 107, 'edge_hidden_dim': 44, 'depth': 1, 'rep_dropout': 0.00403138851334779, 'train_learning_rate': 0.00048417081138252304, 'train_lr_reduce': 0.6}. Best is trial 558 with value: 0.30280801653862.
[I 2024-12-20 01:28:29,703] Trial 2065 finished with value: 0.3861052989959717 and parameters: {'mlp_n_layers': 4, 'mlp_dim_00': 178, 'mlp_dim_01': 378, 'mlp_dim_02': 460, 'mlp_dim_03': 117, 'node_hidden_dim': 84, 'edge_hidden_dim': 34, 'depth': 1, 'rep_dropout': 0.01738525796560301, 'train_learning_rate': 0.0014621950433471257, 'train_lr_reduce': 0.6}. Best is trial 558 with value: 0.30280801653862.
[I 2024-12-20 01:28:33,355] Trial 2068 finished with value: 0.4668414294719696 and parameters: {'mlp_n_layers': 4, 'mlp_dim_00': 89, 'mlp_dim_01': 367, 'mlp_dim_02': 448, 'mlp_dim_03': 65, 'node_hidden_dim': 126, 'edge_hidden_dim': 42, 'depth': 1, 'rep_dropout': 0.03571553486240997, 'train_learning_rate': 0.0012408797143870708, 'train_lr_reduce': 0.6}. Best is trial 558 with value: 0.30280801653862.
[I 2024-12-20 01:28:36,844] Trial 2070 finished with value: 1.3453123569488525 and parameters: {'mlp_n_layers': 4, 'mlp_dim_00': 74, 'mlp_dim_01': 323, 'mlp_dim_02': 510, 'mlp_dim_03': 118, 'node_hidden_dim': 108, 'edge_hidden_dim': 60, 'depth': 2, 'rep_dropout': 0.018635703976298094, 'train_learning_rate': 0.0009704700594921452, 'train_lr_reduce': 0.6}. Best is trial 558 with value: 0.30280801653862.
[I 2024-12-20 01:28:46,738] Trial 2072 finished with value: 0.44378116726875305 and parameters: {'mlp_n_layers': 4, 'mlp_dim_00': 71, 'mlp_dim_01': 329, 'mlp_dim_02': 455, 'mlp_dim_03': 144, 'node_hidden_dim': 97, 'edge_hidden_dim': 45, 'depth': 1, 'rep_dropout': 0.028441824522367515, 'train_learning_rate': 0.002422981819998264, 'train_lr_reduce': 0.6}. Best is trial 558 with value: 0.30280801653862.
[I 2024-12-20 01:28:47,202] Trial 2069 finished with value: 0.3230392038822174 and parameters: {'mlp_n_layers': 3, 'mlp_dim_00': 160, 'mlp_dim_01': 342, 'mlp_dim_02': 509, 'node_hidden_dim': 104, 'edge_hidden_dim': 33, 'depth': 1, 'rep_dropout': 0.043366337663030254, 'train_learning_rate': 0.002046480702618929, 'train_lr_reduce': 0.6}. Best is trial 558 with value: 0.30280801653862.
[I 2024-12-20 01:28:47,206] Trial 2071 finished with value: 0.3233007490634918 and parameters: {'mlp_n_layers': 4, 'mlp_dim_00': 85, 'mlp_dim_01': 380, 'mlp_dim_02': 443, 'mlp_dim_03': 64, 'node_hidden_dim': 104, 'edge_hidden_dim': 34, 'depth': 1, 'rep_dropout': 0.011750272719781336, 'train_learning_rate': 0.0014213003455593057, 'train_lr_reduce': 0.6}. Best is trial 558 with value: 0.30280801653862.
[I 2024-12-20 01:28:52,387] Trial 2074 finished with value: 1.5712089538574219 and parameters: {'mlp_n_layers': 4, 'mlp_dim_00': 197, 'mlp_dim_01': 330, 'mlp_dim_02': 447, 'mlp_dim_03': 108, 'node_hidden_dim': 92, 'edge_hidden_dim': 35, 'depth': 2, 'rep_dropout': 0.0254847994861201, 'train_learning_rate': 0.001224004410507578, 'train_lr_reduce': 0.6}. Best is trial 558 with value: 0.30280801653862.
[I 2024-12-20 01:28:56,918] Trial 2076 finished with value: 1.551923155784607 and parameters: {'mlp_n_layers': 4, 'mlp_dim_00': 104, 'mlp_dim_01': 324, 'mlp_dim_02': 478, 'mlp_dim_03': 120, 'node_hidden_dim': 108, 'edge_hidden_dim': 50, 'depth': 2, 'rep_dropout': 0.012473186899181888, 'train_learning_rate': 0.00089323721781909, 'train_lr_reduce': 0.6}. Best is trial 558 with value: 0.30280801653862.
[I 2024-12-20 01:29:06,686] Trial 2075 finished with value: 0.35880014300346375 and parameters: {'mlp_n_layers': 4, 'mlp_dim_00': 184, 'mlp_dim_01': 378, 'mlp_dim_02': 452, 'mlp_dim_03': 103, 'node_hidden_dim': 103, 'edge_hidden_dim': 32, 'depth': 1, 'rep_dropout': 0.02206353738083516, 'train_learning_rate': 0.0007967636114067639, 'train_lr_reduce': 0.6}. Best is trial 558 with value: 0.30280801653862.
[I 2024-12-20 01:29:08,957] Trial 2077 finished with value: 0.41631028056144714 and parameters: {'mlp_n_layers': 3, 'mlp_dim_00': 114, 'mlp_dim_01': 356, 'mlp_dim_02': 512, 'node_hidden_dim': 91, 'edge_hidden_dim': 42, 'depth': 1, 'rep_dropout': 0.04103641227013585, 'train_learning_rate': 0.0025481867107079847, 'train_lr_reduce': 0.6}. Best is trial 558 with value: 0.30280801653862.
[I 2024-12-20 01:29:14,443] Trial 2073 finished with value: 0.33185815811157227 and parameters: {'mlp_n_layers': 4, 'mlp_dim_00': 175, 'mlp_dim_01': 382, 'mlp_dim_02': 460, 'mlp_dim_03': 171, 'node_hidden_dim': 110, 'edge_hidden_dim': 40, 'depth': 1, 'rep_dropout': 0.043915307629227684, 'train_learning_rate': 0.001134330869597738, 'train_lr_reduce': 0.6}. Best is trial 558 with value: 0.30280801653862.
[I 2024-12-20 01:29:21,683] Trial 2078 finished with value: 0.391115665435791 and parameters: {'mlp_n_layers': 4, 'mlp_dim_00': 157, 'mlp_dim_01': 328, 'mlp_dim_02': 445, 'mlp_dim_03': 116, 'node_hidden_dim': 112, 'edge_hidden_dim': 36, 'depth': 1, 'rep_dropout': 0.042309418066328944, 'train_learning_rate': 0.000892122574154001, 'train_lr_reduce': 0.6}. Best is trial 558 with value: 0.30280801653862.
[I 2024-12-20 01:29:25,369] Trial 2081 finished with value: 1.5552765130996704 and parameters: {'mlp_n_layers': 3, 'mlp_dim_00': 112, 'mlp_dim_01': 315, 'mlp_dim_02': 455, 'node_hidden_dim': 111, 'edge_hidden_dim': 37, 'depth': 1, 'rep_dropout': 0.0385431787239718, 'train_learning_rate': 0.0005856582900906542, 'train_lr_reduce': 0.6}. Best is trial 558 with value: 0.30280801653862.
[I 2024-12-20 01:29:26,704] Trial 2079 finished with value: 0.41627514362335205 and parameters: {'mlp_n_layers': 4, 'mlp_dim_00': 97, 'mlp_dim_01': 359, 'mlp_dim_02': 441, 'mlp_dim_03': 127, 'node_hidden_dim': 104, 'edge_hidden_dim': 44, 'depth': 1, 'rep_dropout': 0.0053774650684082145, 'train_learning_rate': 0.0010028949201379093, 'train_lr_reduce': 0.6}. Best is trial 558 with value: 0.30280801653862.
[I 2024-12-20 01:29:26,806] Trial 2080 finished with value: 0.4229816496372223 and parameters: {'mlp_n_layers': 4, 'mlp_dim_00': 164, 'mlp_dim_01': 384, 'mlp_dim_02': 477, 'mlp_dim_03': 98, 'node_hidden_dim': 97, 'edge_hidden_dim': 42, 'depth': 1, 'rep_dropout': 0.03241015032893211, 'train_learning_rate': 0.001514398660011332, 'train_lr_reduce': 0.6}. Best is trial 558 with value: 0.30280801653862.
[I 2024-12-20 01:29:35,228] Trial 2083 finished with value: 1.2595239877700806 and parameters: {'mlp_n_layers': 4, 'mlp_dim_00': 93, 'mlp_dim_01': 327, 'mlp_dim_02': 437, 'mlp_dim_03': 68, 'node_hidden_dim': 117, 'edge_hidden_dim': 33, 'depth': 2, 'rep_dropout': 0.023410318155010358, 'train_learning_rate': 0.0037420413528789927, 'train_lr_reduce': 0.6}. Best is trial 558 with value: 0.30280801653862.
[I 2024-12-20 01:29:39,236] Trial 2085 finished with value: 1.5255334377288818 and parameters: {'mlp_n_layers': 4, 'mlp_dim_00': 139, 'mlp_dim_01': 316, 'mlp_dim_02': 432, 'mlp_dim_03': 64, 'node_hidden_dim': 109, 'edge_hidden_dim': 32, 'depth': 1, 'rep_dropout': 0.03414252803087993, 'train_learning_rate': 0.0009347389502416238, 'train_lr_reduce': 0.6}. Best is trial 558 with value: 0.30280801653862.
[I 2024-12-20 01:29:40,173] Trial 2082 finished with value: 0.3733797073364258 and parameters: {'mlp_n_layers': 4, 'mlp_dim_00': 164, 'mlp_dim_01': 383, 'mlp_dim_02': 457, 'mlp_dim_03': 143, 'node_hidden_dim': 113, 'edge_hidden_dim': 33, 'depth': 1, 'rep_dropout': 0.003914187724473666, 'train_learning_rate': 0.0009087063708131367, 'train_lr_reduce': 0.6}. Best is trial 558 with value: 0.30280801653862.
[I 2024-12-20 01:29:43,367] Trial 2086 finished with value: 1.4981858730316162 and parameters: {'mlp_n_layers': 2, 'mlp_dim_00': 295, 'mlp_dim_01': 388, 'node_hidden_dim': 125, 'edge_hidden_dim': 112, 'depth': 2, 'rep_dropout': 0.02552750277234364, 'train_learning_rate': 0.001682895325100957, 'train_lr_reduce': 0.6}. Best is trial 558 with value: 0.30280801653862.
[I 2024-12-20 01:29:55,959] Trial 2087 finished with value: 0.3669265806674957 and parameters: {'mlp_n_layers': 4, 'mlp_dim_00': 144, 'mlp_dim_01': 318, 'mlp_dim_02': 472, 'mlp_dim_03': 115, 'node_hidden_dim': 91, 'edge_hidden_dim': 34, 'depth': 1, 'rep_dropout': 0.04259621620538283, 'train_learning_rate': 0.0010936597349029172, 'train_lr_reduce': 0.6}. Best is trial 558 with value: 0.30280801653862.
[I 2024-12-20 01:29:56,874] Trial 2088 finished with value: 0.44768959283828735 and parameters: {'mlp_n_layers': 4, 'mlp_dim_00': 78, 'mlp_dim_01': 361, 'mlp_dim_02': 487, 'mlp_dim_03': 95, 'node_hidden_dim': 125, 'edge_hidden_dim': 33, 'depth': 1, 'rep_dropout': 0.031208533271327044, 'train_learning_rate': 0.0009362456542254084, 'train_lr_reduce': 0.6}. Best is trial 558 with value: 0.30280801653862.
[I 2024-12-20 01:29:57,592] Trial 2084 finished with value: 0.3556637763977051 and parameters: {'mlp_n_layers': 4, 'mlp_dim_00': 94, 'mlp_dim_01': 354, 'mlp_dim_02': 431, 'mlp_dim_03': 147, 'node_hidden_dim': 109, 'edge_hidden_dim': 32, 'depth': 1, 'rep_dropout': 0.04227587305154926, 'train_learning_rate': 0.001266900271253059, 'train_lr_reduce': 0.6}. Best is trial 558 with value: 0.30280801653862.
[I 2024-12-20 01:29:59,846] Trial 2089 finished with value: 1.5610761642456055 and parameters: {'mlp_n_layers': 3, 'mlp_dim_00': 70, 'mlp_dim_01': 350, 'mlp_dim_02': 434, 'node_hidden_dim': 107, 'edge_hidden_dim': 47, 'depth': 2, 'rep_dropout': 0.039265295738137924, 'train_learning_rate': 0.0005526662142469435, 'train_lr_reduce': 0.6}. Best is trial 558 with value: 0.30280801653862.
[I 2024-12-20 01:30:00,608] Trial 2090 finished with value: 1.5578179359436035 and parameters: {'mlp_n_layers': 4, 'mlp_dim_00': 189, 'mlp_dim_01': 325, 'mlp_dim_02': 441, 'mlp_dim_03': 151, 'node_hidden_dim': 92, 'edge_hidden_dim': 37, 'depth': 1, 'rep_dropout': 0.02354256695069997, 'train_learning_rate': 0.0008370317769716464, 'train_lr_reduce': 0.6}. Best is trial 558 with value: 0.30280801653862.
[I 2024-12-20 01:30:04,632] Trial 2092 finished with value: 1.5609114170074463 and parameters: {'mlp_n_layers': 3, 'mlp_dim_00': 375, 'mlp_dim_01': 379, 'mlp_dim_02': 485, 'node_hidden_dim': 63, 'edge_hidden_dim': 50, 'depth': 4, 'rep_dropout': 0.015524260487737696, 'train_learning_rate': 0.0002474067282993851, 'train_lr_reduce': 0.6}. Best is trial 558 with value: 0.30280801653862.
[I 2024-12-20 01:30:09,091] Trial 2094 finished with value: 1.571518063545227 and parameters: {'mlp_n_layers': 4, 'mlp_dim_00': 93, 'mlp_dim_01': 392, 'mlp_dim_02': 424, 'mlp_dim_03': 102, 'node_hidden_dim': 119, 'edge_hidden_dim': 33, 'depth': 2, 'rep_dropout': 0.0066204962849258555, 'train_learning_rate': 0.000738765175995492, 'train_lr_reduce': 0.6}. Best is trial 558 with value: 0.30280801653862.
[I 2024-12-20 01:30:11,119] Trial 2093 finished with value: 0.4753020703792572 and parameters: {'mlp_n_layers': 4, 'mlp_dim_00': 157, 'mlp_dim_01': 314, 'mlp_dim_02': 446, 'mlp_dim_03': 154, 'node_hidden_dim': 91, 'edge_hidden_dim': 42, 'depth': 1, 'rep_dropout': 0.0376218820833753, 'train_learning_rate': 0.004073241852300235, 'train_lr_reduce': 0.6}. Best is trial 558 with value: 0.30280801653862.
[I 2024-12-20 01:30:11,416] Trial 2091 finished with value: 0.3590533137321472 and parameters: {'mlp_n_layers': 4, 'mlp_dim_00': 215, 'mlp_dim_01': 95, 'mlp_dim_02': 433, 'mlp_dim_03': 104, 'node_hidden_dim': 116, 'edge_hidden_dim': 34, 'depth': 1, 'rep_dropout': 0.04874713366812773, 'train_learning_rate': 0.001814733234903569, 'train_lr_reduce': 0.6}. Best is trial 558 with value: 0.30280801653862.
[I 2024-12-20 01:30:15,784] Trial 2097 finished with value: 1.5521339178085327 and parameters: {'mlp_n_layers': 4, 'mlp_dim_00': 101, 'mlp_dim_01': 353, 'mlp_dim_02': 509, 'mlp_dim_03': 100, 'node_hidden_dim': 94, 'edge_hidden_dim': 39, 'depth': 2, 'rep_dropout': 0.0018495708450898332, 'train_learning_rate': 0.0009870050635587936, 'train_lr_reduce': 0.6}. Best is trial 558 with value: 0.30280801653862.
[I 2024-12-20 01:30:26,828] Trial 2095 finished with value: 0.38242149353027344 and parameters: {'mlp_n_layers': 4, 'mlp_dim_00': 133, 'mlp_dim_01': 357, 'mlp_dim_02': 420, 'mlp_dim_03': 149, 'node_hidden_dim': 109, 'edge_hidden_dim': 46, 'depth': 1, 'rep_dropout': 0.009476544657011098, 'train_learning_rate': 0.0009827560292139438, 'train_lr_reduce': 0.6}. Best is trial 558 with value: 0.30280801653862.
[I 2024-12-20 01:30:29,102] Trial 2098 finished with value: 0.34520357847213745 and parameters: {'mlp_n_layers': 3, 'mlp_dim_00': 399, 'mlp_dim_01': 394, 'mlp_dim_02': 512, 'node_hidden_dim': 106, 'edge_hidden_dim': 46, 'depth': 1, 'rep_dropout': 0.004894058388774872, 'train_learning_rate': 0.004624045262300053, 'train_lr_reduce': 0.6}. Best is trial 558 with value: 0.30280801653862.
[I 2024-12-20 01:30:31,232] Trial 2099 finished with value: 1.5407956838607788 and parameters: {'mlp_n_layers': 4, 'mlp_dim_00': 117, 'mlp_dim_01': 308, 'mlp_dim_02': 472, 'mlp_dim_03': 95, 'node_hidden_dim': 128, 'edge_hidden_dim': 40, 'depth': 2, 'rep_dropout': 0.018548536224998382, 'train_learning_rate': 0.0010544915005126988, 'train_lr_reduce': 0.6}. Best is trial 558 with value: 0.30280801653862.
