[I 2024-12-25 21:38:53,445] Trial 993 finished with value: 1.1518477201461792 and parameters: {'L1_hidden_dim': 80, 'L1_layers_atom': 4, 'L1_layers_mol': 4, 'L1_dropout': 0.2468882531986713, 'L1_out_dim': 48, 'L2_hidden_dim': 240, 'L2_layers_atom': 3, 'L2_layers_mol': 3, 'L2_out_dim': 32, 'L2_dropout': 0.019867735218876262, 'L3_hidden_dim': 48, 'L3_layers_atom': 3, 'L3_layers_mol': 4, 'L3_out_dim': 80, 'L3_dropout': 0.02767477519888925, 'n_mlp_layers': 3, 'mlp_dim_0': 504, 'mlp_dim_1': 424, 'mlp_dim_2': 144, 'num_heads': 1, 'final_dropout': 0.17899282954955617, 'train_learning_rate': 0.00016867275759290692, 'train_lr_reduce': 0.6}. Best is trial 613 with value: 0.045173268765211105.
[I 2024-12-25 21:39:35,691] Trial 992 finished with value: 0.08771459758281708 and parameters: {'L1_hidden_dim': 80, 'L1_layers_atom': 4, 'L1_layers_mol': 3, 'L1_dropout': 0.21802517110410138, 'L1_out_dim': 112, 'L2_hidden_dim': 240, 'L2_layers_atom': 3, 'L2_layers_mol': 2, 'L2_out_dim': 128, 'L2_dropout': 0.05087116339483423, 'L3_hidden_dim': 32, 'L3_layers_atom': 4, 'L3_layers_mol': 1, 'L3_out_dim': 80, 'L3_dropout': 0.24207112527657992, 'n_mlp_layers': 2, 'mlp_dim_0': 96, 'mlp_dim_1': 216, 'num_heads': 2, 'final_dropout': 0.011834639989050141, 'train_learning_rate': 0.002509404127573907, 'train_lr_reduce': 0.6}. Best is trial 613 with value: 0.045173268765211105.
[I 2024-12-25 21:40:02,420] Trial 994 finished with value: 0.06938644498586655 and parameters: {'L1_hidden_dim': 80, 'L1_layers_atom': 4, 'L1_layers_mol': 1, 'L1_dropout': 0.13044036473173187, 'L1_out_dim': 80, 'L2_hidden_dim': 192, 'L2_layers_atom': 3, 'L2_layers_mol': 3, 'L2_out_dim': 96, 'L2_dropout': 0.018413287168309797, 'L3_hidden_dim': 96, 'L3_layers_atom': 1, 'L3_layers_mol': 1, 'L3_out_dim': 96, 'L3_dropout': 0.002860421367433485, 'n_mlp_layers': 3, 'mlp_dim_0': 360, 'mlp_dim_1': 320, 'mlp_dim_2': 88, 'num_heads': 1, 'final_dropout': 0.1422443433395012, 'train_learning_rate': 0.0021134218867235226, 'train_lr_reduce': 0.6}. Best is trial 613 with value: 0.045173268765211105.
[I 2024-12-25 21:40:10,898] Trial 995 finished with value: 0.07462926208972931 and parameters: {'L1_hidden_dim': 80, 'L1_layers_atom': 4, 'L1_layers_mol': 3, 'L1_dropout': 0.1792770150067372, 'L1_out_dim': 112, 'L2_hidden_dim': 256, 'L2_layers_atom': 2, 'L2_layers_mol': 3, 'L2_out_dim': 128, 'L2_dropout': 0.04611622508584509, 'L3_hidden_dim': 128, 'L3_layers_atom': 1, 'L3_layers_mol': 3, 'L3_out_dim': 128, 'L3_dropout': 0.03647332439173323, 'n_mlp_layers': 3, 'mlp_dim_0': 408, 'mlp_dim_1': 464, 'mlp_dim_2': 144, 'num_heads': 1, 'final_dropout': 0.020696557901384798, 'train_learning_rate': 0.0023705758819983465, 'train_lr_reduce': 0.6}. Best is trial 613 with value: 0.045173268765211105.
[I 2024-12-25 21:40:21,631] Trial 997 finished with value: 1.1458853483200073 and parameters: {'L1_hidden_dim': 64, 'L1_layers_atom': 2, 'L1_layers_mol': 2, 'L1_dropout': 0.2675422691818301, 'L1_out_dim': 128, 'L2_hidden_dim': 208, 'L2_layers_atom': 1, 'L2_layers_mol': 3, 'L2_out_dim': 112, 'L2_dropout': 0.07182340720020564, 'L3_hidden_dim': 64, 'L3_layers_atom': 2, 'L3_layers_mol': 2, 'L3_out_dim': 112, 'L3_dropout': 0.09939639106522977, 'n_mlp_layers': 3, 'mlp_dim_0': 48, 'mlp_dim_1': 424, 'mlp_dim_2': 192, 'num_heads': 1, 'final_dropout': 0.07760838445371332, 'train_learning_rate': 0.0005221130694492026, 'train_lr_reduce': 0.6}. Best is trial 613 with value: 0.045173268765211105.
[I 2024-12-25 21:41:54,457] Trial 998 finished with value: 0.07445517927408218 and parameters: {'L1_hidden_dim': 64, 'L1_layers_atom': 3, 'L1_layers_mol': 3, 'L1_dropout': 0.24684360694801788, 'L1_out_dim': 128, 'L2_hidden_dim': 208, 'L2_layers_atom': 3, 'L2_layers_mol': 3, 'L2_out_dim': 112, 'L2_dropout': 0.05481967934364321, 'L3_hidden_dim': 96, 'L3_layers_atom': 3, 'L3_layers_mol': 1, 'L3_out_dim': 112, 'L3_dropout': 0.00037604093977784084, 'n_mlp_layers': 3, 'mlp_dim_0': 376, 'mlp_dim_1': 248, 'mlp_dim_2': 88, 'num_heads': 1, 'final_dropout': 0.049840252386638355, 'train_learning_rate': 0.0006542599121451001, 'train_lr_reduce': 0.6}. Best is trial 613 with value: 0.045173268765211105.
[I 2024-12-25 21:42:19,862] Trial 999 finished with value: 0.07129749655723572 and parameters: {'L1_hidden_dim': 64, 'L1_layers_atom': 3, 'L1_layers_mol': 1, 'L1_dropout': 0.2986375868843927, 'L1_out_dim': 128, 'L2_hidden_dim': 176, 'L2_layers_atom': 3, 'L2_layers_mol': 1, 'L2_out_dim': 96, 'L2_dropout': 0.020712075694041664, 'L3_hidden_dim': 80, 'L3_layers_atom': 2, 'L3_layers_mol': 1, 'L3_out_dim': 48, 'L3_dropout': 0.18185116525032013, 'n_mlp_layers': 3, 'mlp_dim_0': 32, 'mlp_dim_1': 464, 'mlp_dim_2': 120, 'num_heads': 1, 'final_dropout': 0.006090681456410386, 'train_learning_rate': 0.00140875192735176, 'train_lr_reduce': 0.6}. Best is trial 613 with value: 0.045173268765211105.
[I 2024-12-25 21:42:38,190] Trial 996 finished with value: 0.15322326123714447 and parameters: {'L1_hidden_dim': 112, 'L1_layers_atom': 4, 'L1_layers_mol': 4, 'L1_dropout': 0.2942144839576384, 'L1_out_dim': 80, 'L2_hidden_dim': 256, 'L2_layers_atom': 2, 'L2_layers_mol': 3, 'L2_out_dim': 48, 'L2_dropout': 0.01801281034509869, 'L3_hidden_dim': 64, 'L3_layers_atom': 4, 'L3_layers_mol': 1, 'L3_out_dim': 96, 'L3_dropout': 0.0963358736555798, 'n_mlp_layers': 3, 'mlp_dim_0': 216, 'mlp_dim_1': 384, 'mlp_dim_2': 280, 'num_heads': 1, 'final_dropout': 0.03814303345149549, 'train_learning_rate': 0.0070025567179977845, 'train_lr_reduce': 0.6}. Best is trial 613 with value: 0.045173268765211105.
[I 2024-12-25 21:42:49,243] Trial 1000 finished with value: 0.09582483768463135 and parameters: {'L1_hidden_dim': 128, 'L1_layers_atom': 4, 'L1_layers_mol': 1, 'L1_dropout': 0.1366611292942499, 'L1_out_dim': 112, 'L2_hidden_dim': 224, 'L2_layers_atom': 3, 'L2_layers_mol': 3, 'L2_out_dim': 112, 'L2_dropout': 0.002462692973108112, 'L3_hidden_dim': 128, 'L3_layers_atom': 2, 'L3_layers_mol': 1, 'L3_out_dim': 112, 'L3_dropout': 0.011470234698626925, 'n_mlp_layers': 3, 'mlp_dim_0': 192, 'mlp_dim_1': 352, 'mlp_dim_2': 80, 'num_heads': 1, 'final_dropout': 0.14754069386507795, 'train_learning_rate': 0.002349441382028298, 'train_lr_reduce': 0.6}. Best is trial 613 with value: 0.045173268765211105.
[I 2024-12-25 21:44:13,172] Trial 1001 finished with value: 0.07513231039047241 and parameters: {'L1_hidden_dim': 80, 'L1_layers_atom': 3, 'L1_layers_mol': 3, 'L1_dropout': 0.22497785305439594, 'L1_out_dim': 80, 'L2_hidden_dim': 256, 'L2_layers_atom': 2, 'L2_layers_mol': 3, 'L2_out_dim': 48, 'L2_dropout': 0.052415965372256415, 'L3_hidden_dim': 32, 'L3_layers_atom': 2, 'L3_layers_mol': 3, 'L3_out_dim': 128, 'L3_dropout': 0.006421538614978187, 'n_mlp_layers': 3, 'mlp_dim_0': 512, 'mlp_dim_1': 400, 'mlp_dim_2': 160, 'num_heads': 1, 'final_dropout': 0.16204059135248658, 'train_learning_rate': 0.0002268839928344784, 'train_lr_reduce': 0.6}. Best is trial 613 with value: 0.045173268765211105.
[I 2024-12-25 21:44:16,444] Trial 1002 finished with value: 0.06759850680828094 and parameters: {'L1_hidden_dim': 80, 'L1_layers_atom': 4, 'L1_layers_mol': 1, 'L1_dropout': 0.1182422296508711, 'L1_out_dim': 64, 'L2_hidden_dim': 256, 'L2_layers_atom': 3, 'L2_layers_mol': 4, 'L2_out_dim': 112, 'L2_dropout': 0.027540224851330744, 'L3_hidden_dim': 128, 'L3_layers_atom': 4, 'L3_layers_mol': 1, 'L3_out_dim': 112, 'L3_dropout': 0.03077082502302433, 'n_mlp_layers': 3, 'mlp_dim_0': 248, 'mlp_dim_1': 312, 'mlp_dim_2': 128, 'num_heads': 1, 'final_dropout': 0.17667539498998244, 'train_learning_rate': 0.0006294297897080093, 'train_lr_reduce': 0.6}. Best is trial 613 with value: 0.045173268765211105.
[I 2024-12-25 21:44:20,405] Trial 1003 finished with value: 0.07248501479625702 and parameters: {'L1_hidden_dim': 80, 'L1_layers_atom': 4, 'L1_layers_mol': 1, 'L1_dropout': 0.21028150033200255, 'L1_out_dim': 80, 'L2_hidden_dim': 208, 'L2_layers_atom': 4, 'L2_layers_mol': 2, 'L2_out_dim': 96, 'L2_dropout': 0.001989997137319853, 'L3_hidden_dim': 96, 'L3_layers_atom': 3, 'L3_layers_mol': 2, 'L3_out_dim': 80, 'L3_dropout': 0.2945640953888896, 'n_mlp_layers': 2, 'mlp_dim_0': 168, 'mlp_dim_1': 472, 'num_heads': 1, 'final_dropout': 0.0036409861126400107, 'train_learning_rate': 0.0015283188066137136, 'train_lr_reduce': 0.6}. Best is trial 613 with value: 0.045173268765211105.
[I 2024-12-25 21:45:22,833] Trial 1004 finished with value: 0.11515292525291443 and parameters: {'L1_hidden_dim': 160, 'L1_layers_atom': 4, 'L1_layers_mol': 4, 'L1_dropout': 0.2874094885578678, 'L1_out_dim': 96, 'L2_hidden_dim': 240, 'L2_layers_atom': 2, 'L2_layers_mol': 2, 'L2_out_dim': 112, 'L2_dropout': 0.03493009705000888, 'L3_hidden_dim': 96, 'L3_layers_atom': 3, 'L3_layers_mol': 1, 'L3_out_dim': 128, 'L3_dropout': 0.26312292887866295, 'n_mlp_layers': 3, 'mlp_dim_0': 296, 'mlp_dim_1': 424, 'mlp_dim_2': 208, 'num_heads': 1, 'final_dropout': 0.029615324268600807, 'train_learning_rate': 0.003925695167986872, 'train_lr_reduce': 0.6}. Best is trial 613 with value: 0.045173268765211105.
[I 2024-12-25 21:45:59,167] Trial 1005 finished with value: 0.07325920462608337 and parameters: {'L1_hidden_dim': 80, 'L1_layers_atom': 3, 'L1_layers_mol': 3, 'L1_dropout': 0.2412018053828209, 'L1_out_dim': 80, 'L2_hidden_dim': 256, 'L2_layers_atom': 1, 'L2_layers_mol': 2, 'L2_out_dim': 128, 'L2_dropout': 0.06661927884823104, 'L3_hidden_dim': 64, 'L3_layers_atom': 4, 'L3_layers_mol': 4, 'L3_out_dim': 48, 'L3_dropout': 0.29933625240619816, 'n_mlp_layers': 1, 'mlp_dim_0': 160, 'num_heads': 2, 'final_dropout': 0.0811504244753592, 'train_learning_rate': 0.00050388633448494, 'train_lr_reduce': 0.6}. Best is trial 613 with value: 0.045173268765211105.
[I 2024-12-25 21:46:07,597] Trial 1006 finished with value: 0.09692756831645966 and parameters: {'L1_hidden_dim': 96, 'L1_layers_atom': 4, 'L1_layers_mol': 2, 'L1_dropout': 0.08816375788937578, 'L1_out_dim': 96, 'L2_hidden_dim': 240, 'L2_layers_atom': 3, 'L2_layers_mol': 3, 'L2_out_dim': 96, 'L2_dropout': 0.07035816842080515, 'L3_hidden_dim': 112, 'L3_layers_atom': 2, 'L3_layers_mol': 1, 'L3_out_dim': 128, 'L3_dropout': 0.07528151318175465, 'n_mlp_layers': 3, 'mlp_dim_0': 248, 'mlp_dim_1': 280, 'mlp_dim_2': 72, 'num_heads': 2, 'final_dropout': 0.18052038150800734, 'train_learning_rate': 0.0030914615101920763, 'train_lr_reduce': 0.6}. Best is trial 613 with value: 0.045173268765211105.
[I 2024-12-25 21:46:17,810] Trial 1008 finished with value: 1.0348657369613647 and parameters: {'L1_hidden_dim': 64, 'L1_layers_atom': 4, 'L1_layers_mol': 3, 'L1_dropout': 0.10146147958688141, 'L1_out_dim': 80, 'L2_hidden_dim': 240, 'L2_layers_atom': 4, 'L2_layers_mol': 4, 'L2_out_dim': 80, 'L2_dropout': 0.02580264825684192, 'L3_hidden_dim': 128, 'L3_layers_atom': 1, 'L3_layers_mol': 1, 'L3_out_dim': 112, 'L3_dropout': 0.07081976942723811, 'n_mlp_layers': 2, 'mlp_dim_0': 328, 'mlp_dim_1': 464, 'num_heads': 1, 'final_dropout': 0.18630675949364908, 'train_learning_rate': 0.0009817603666014089, 'train_lr_reduce': 0.6}. Best is trial 613 with value: 0.045173268765211105.
[I 2024-12-25 21:46:26,519] Trial 1009 finished with value: 0.9074400067329407 and parameters: {'L1_hidden_dim': 80, 'L1_layers_atom': 3, 'L1_layers_mol': 1, 'L1_dropout': 0.25239165039686867, 'L1_out_dim': 128, 'L2_hidden_dim': 240, 'L2_layers_atom': 4, 'L2_layers_mol': 1, 'L2_out_dim': 112, 'L2_dropout': 0.05321687603004069, 'L3_hidden_dim': 112, 'L3_layers_atom': 3, 'L3_layers_mol': 1, 'L3_out_dim': 80, 'L3_dropout': 0.17773230820936803, 'n_mlp_layers': 1, 'mlp_dim_0': 184, 'num_heads': 1, 'final_dropout': 0.09248636450128717, 'train_learning_rate': 0.004622412987023784, 'train_lr_reduce': 0.6}. Best is trial 613 with value: 0.045173268765211105.
[I 2024-12-25 21:46:49,888] Trial 1007 finished with value: 0.08954400569200516 and parameters: {'L1_hidden_dim': 96, 'L1_layers_atom': 1, 'L1_layers_mol': 3, 'L1_dropout': 0.20021638078564918, 'L1_out_dim': 112, 'L2_hidden_dim': 208, 'L2_layers_atom': 2, 'L2_layers_mol': 2, 'L2_out_dim': 112, 'L2_dropout': 0.009501711320055312, 'L3_hidden_dim': 112, 'L3_layers_atom': 3, 'L3_layers_mol': 1, 'L3_out_dim': 112, 'L3_dropout': 0.25484430750764464, 'n_mlp_layers': 3, 'mlp_dim_0': 304, 'mlp_dim_1': 368, 'mlp_dim_2': 328, 'num_heads': 1, 'final_dropout': 0.11893773193365997, 'train_learning_rate': 0.004664201862641194, 'train_lr_reduce': 0.6}. Best is trial 613 with value: 0.045173268765211105.
[I 2024-12-25 21:47:37,639] Trial 1010 finished with value: 0.07326117902994156 and parameters: {'L1_hidden_dim': 80, 'L1_layers_atom': 1, 'L1_layers_mol': 2, 'L1_dropout': 0.2039109925078938, 'L1_out_dim': 128, 'L2_hidden_dim': 256, 'L2_layers_atom': 4, 'L2_layers_mol': 3, 'L2_out_dim': 112, 'L2_dropout': 0.015318086137424324, 'L3_hidden_dim': 80, 'L3_layers_atom': 3, 'L3_layers_mol': 3, 'L3_out_dim': 80, 'L3_dropout': 0.12448383020710459, 'n_mlp_layers': 3, 'mlp_dim_0': 480, 'mlp_dim_1': 144, 'mlp_dim_2': 136, 'num_heads': 1, 'final_dropout': 0.01605653217245015, 'train_learning_rate': 0.00236103069985696, 'train_lr_reduce': 0.6}. Best is trial 613 with value: 0.045173268765211105.
[I 2024-12-25 21:48:01,867] Trial 1011 finished with value: 0.08317114412784576 and parameters: {'L1_hidden_dim': 80, 'L1_layers_atom': 1, 'L1_layers_mol': 3, 'L1_dropout': 0.12602000587818923, 'L1_out_dim': 128, 'L2_hidden_dim': 192, 'L2_layers_atom': 3, 'L2_layers_mol': 1, 'L2_out_dim': 128, 'L2_dropout': 0.09869729605781957, 'L3_hidden_dim': 32, 'L3_layers_atom': 3, 'L3_layers_mol': 3, 'L3_out_dim': 128, 'L3_dropout': 0.27949430187316754, 'n_mlp_layers': 2, 'mlp_dim_0': 296, 'mlp_dim_1': 400, 'num_heads': 2, 'final_dropout': 0.058473667081493735, 'train_learning_rate': 0.0015236847154612729, 'train_lr_reduce': 0.6}. Best is trial 613 with value: 0.045173268765211105.
[I 2024-12-25 21:48:11,622] Trial 1012 finished with value: 0.07286344468593597 and parameters: {'L1_hidden_dim': 96, 'L1_layers_atom': 4, 'L1_layers_mol': 4, 'L1_dropout': 0.2829127627917134, 'L1_out_dim': 112, 'L2_hidden_dim': 224, 'L2_layers_atom': 3, 'L2_layers_mol': 1, 'L2_out_dim': 112, 'L2_dropout': 0.04037932742277601, 'L3_hidden_dim': 48, 'L3_layers_atom': 1, 'L3_layers_mol': 1, 'L3_out_dim': 96, 'L3_dropout': 0.28089030045715635, 'n_mlp_layers': 3, 'mlp_dim_0': 256, 'mlp_dim_1': 328, 'mlp_dim_2': 72, 'num_heads': 1, 'final_dropout': 0.11005861138755951, 'train_learning_rate': 0.0014093130952005102, 'train_lr_reduce': 0.6}. Best is trial 613 with value: 0.045173268765211105.
[I 2024-12-25 21:49:39,341] Trial 1013 finished with value: 0.08260621875524521 and parameters: {'L1_hidden_dim': 96, 'L1_layers_atom': 3, 'L1_layers_mol': 2, 'L1_dropout': 0.1704516401892595, 'L1_out_dim': 64, 'L2_hidden_dim': 240, 'L2_layers_atom': 2, 'L2_layers_mol': 4, 'L2_out_dim': 48, 'L2_dropout': 0.12501667077929654, 'L3_hidden_dim': 96, 'L3_layers_atom': 4, 'L3_layers_mol': 3, 'L3_out_dim': 128, 'L3_dropout': 0.025306443252688063, 'n_mlp_layers': 2, 'mlp_dim_0': 288, 'mlp_dim_1': 472, 'num_heads': 1, 'final_dropout': 0.10888958123355597, 'train_learning_rate': 0.005545108846504813, 'train_lr_reduce': 0.6}. Best is trial 613 with value: 0.045173268765211105.
[I 2024-12-25 21:49:46,260] Trial 1014 finished with value: 0.06995482742786407 and parameters: {'L1_hidden_dim': 64, 'L1_layers_atom': 4, 'L1_layers_mol': 3, 'L1_dropout': 0.27771162518819836, 'L1_out_dim': 112, 'L2_hidden_dim': 160, 'L2_layers_atom': 1, 'L2_layers_mol': 1, 'L2_out_dim': 96, 'L2_dropout': 0.06573330637746914, 'L3_hidden_dim': 96, 'L3_layers_atom': 2, 'L3_layers_mol': 1, 'L3_out_dim': 32, 'L3_dropout': 0.25737681230704523, 'n_mlp_layers': 2, 'mlp_dim_0': 32, 'mlp_dim_1': 424, 'num_heads': 1, 'final_dropout': 0.06660357542426437, 'train_learning_rate': 0.0007532194982563321, 'train_lr_reduce': 0.6}. Best is trial 613 with value: 0.045173268765211105.
[I 2024-12-25 21:50:05,284] Trial 1015 finished with value: 0.07401995360851288 and parameters: {'L1_hidden_dim': 128, 'L1_layers_atom': 1, 'L1_layers_mol': 3, 'L1_dropout': 0.15099092647273904, 'L1_out_dim': 128, 'L2_hidden_dim': 240, 'L2_layers_atom': 3, 'L2_layers_mol': 2, 'L2_out_dim': 128, 'L2_dropout': 0.047883181028189635, 'L3_hidden_dim': 48, 'L3_layers_atom': 3, 'L3_layers_mol': 1, 'L3_out_dim': 112, 'L3_dropout': 0.29439413077591714, 'n_mlp_layers': 2, 'mlp_dim_0': 184, 'mlp_dim_1': 200, 'num_heads': 2, 'final_dropout': 0.0575187498042724, 'train_learning_rate': 0.0005599232192863088, 'train_lr_reduce': 0.6}. Best is trial 613 with value: 0.045173268765211105.
[I 2024-12-25 21:51:20,047] Trial 1017 finished with value: 0.07447633892297745 and parameters: {'L1_hidden_dim': 80, 'L1_layers_atom': 2, 'L1_layers_mol': 1, 'L1_dropout': 0.20363716526535935, 'L1_out_dim': 80, 'L2_hidden_dim': 240, 'L2_layers_atom': 4, 'L2_layers_mol': 1, 'L2_out_dim': 112, 'L2_dropout': 0.02000127232596998, 'L3_hidden_dim': 96, 'L3_layers_atom': 3, 'L3_layers_mol': 1, 'L3_out_dim': 48, 'L3_dropout': 0.27044830325604746, 'n_mlp_layers': 2, 'mlp_dim_0': 96, 'mlp_dim_1': 280, 'num_heads': 1, 'final_dropout': 0.05192498650013233, 'train_learning_rate': 0.001163592320509749, 'train_lr_reduce': 0.6}. Best is trial 613 with value: 0.045173268765211105.
[I 2024-12-25 21:51:37,426] Trial 1018 finished with value: 0.08173353224992752 and parameters: {'L1_hidden_dim': 112, 'L1_layers_atom': 1, 'L1_layers_mol': 3, 'L1_dropout': 0.18520108055421125, 'L1_out_dim': 96, 'L2_hidden_dim': 240, 'L2_layers_atom': 4, 'L2_layers_mol': 3, 'L2_out_dim': 128, 'L2_dropout': 0.1832151341401667, 'L3_hidden_dim': 112, 'L3_layers_atom': 1, 'L3_layers_mol': 2, 'L3_out_dim': 128, 'L3_dropout': 0.07706500826210777, 'n_mlp_layers': 3, 'mlp_dim_0': 440, 'mlp_dim_1': 432, 'mlp_dim_2': 160, 'num_heads': 1, 'final_dropout': 0.07990774016438836, 'train_learning_rate': 0.000599555653936859, 'train_lr_reduce': 0.6}. Best is trial 613 with value: 0.045173268765211105.
[I 2024-12-25 21:52:26,592] Trial 1016 finished with value: 0.06687044352293015 and parameters: {'L1_hidden_dim': 64, 'L1_layers_atom': 3, 'L1_layers_mol': 4, 'L1_dropout': 0.1772850653714144, 'L1_out_dim': 96, 'L2_hidden_dim': 208, 'L2_layers_atom': 2, 'L2_layers_mol': 1, 'L2_out_dim': 128, 'L2_dropout': 0.03044761215059713, 'L3_hidden_dim': 32, 'L3_layers_atom': 4, 'L3_layers_mol': 4, 'L3_out_dim': 80, 'L3_dropout': 0.23481452547285012, 'n_mlp_layers': 2, 'mlp_dim_0': 336, 'mlp_dim_1': 360, 'num_heads': 2, 'final_dropout': 0.04826841929463864, 'train_learning_rate': 0.0008348949668071813, 'train_lr_reduce': 0.6}. Best is trial 613 with value: 0.045173268765211105.
[I 2024-12-25 21:52:30,263] Trial 1020 finished with value: 0.11795837432146072 and parameters: {'L1_hidden_dim': 144, 'L1_layers_atom': 3, 'L1_layers_mol': 3, 'L1_dropout': 0.18218946109330764, 'L1_out_dim': 96, 'L2_hidden_dim': 256, 'L2_layers_atom': 2, 'L2_layers_mol': 3, 'L2_out_dim': 112, 'L2_dropout': 0.0026534564188332443, 'L3_hidden_dim': 112, 'L3_layers_atom': 3, 'L3_layers_mol': 3, 'L3_out_dim': 96, 'L3_dropout': 0.2211308511710871, 'n_mlp_layers': 3, 'mlp_dim_0': 280, 'mlp_dim_1': 320, 'mlp_dim_2': 120, 'num_heads': 1, 'final_dropout': 0.08673456220976246, 'train_learning_rate': 0.003882092729901162, 'train_lr_reduce': 0.6}. Best is trial 613 with value: 0.045173268765211105.
[I 2024-12-25 21:53:02,007] Trial 1019 finished with value: 0.07368093729019165 and parameters: {'L1_hidden_dim': 64, 'L1_layers_atom': 4, 'L1_layers_mol': 2, 'L1_dropout': 0.2371736233449524, 'L1_out_dim': 112, 'L2_hidden_dim': 224, 'L2_layers_atom': 3, 'L2_layers_mol': 3, 'L2_out_dim': 112, 'L2_dropout': 0.02854234611649282, 'L3_hidden_dim': 112, 'L3_layers_atom': 1, 'L3_layers_mol': 1, 'L3_out_dim': 128, 'L3_dropout': 0.07036739411558995, 'n_mlp_layers': 3, 'mlp_dim_0': 280, 'mlp_dim_1': 464, 'mlp_dim_2': 248, 'num_heads': 1, 'final_dropout': 0.04876490633468967, 'train_learning_rate': 0.0005566156075578302, 'train_lr_reduce': 0.6}. Best is trial 613 with value: 0.045173268765211105.
[I 2024-12-25 21:53:32,856] Trial 1022 finished with value: 0.0693180188536644 and parameters: {'L1_hidden_dim': 64, 'L1_layers_atom': 3, 'L1_layers_mol': 4, 'L1_dropout': 0.2999119051808334, 'L1_out_dim': 80, 'L2_hidden_dim': 240, 'L2_layers_atom': 3, 'L2_layers_mol': 2, 'L2_out_dim': 32, 'L2_dropout': 0.012394523442602813, 'L3_hidden_dim': 80, 'L3_layers_atom': 4, 'L3_layers_mol': 1, 'L3_out_dim': 96, 'L3_dropout': 0.02891514864559553, 'n_mlp_layers': 3, 'mlp_dim_0': 424, 'mlp_dim_1': 256, 'mlp_dim_2': 72, 'num_heads': 1, 'final_dropout': 0.1925550766161741, 'train_learning_rate': 0.0037537052673795456, 'train_lr_reduce': 0.6}. Best is trial 613 with value: 0.045173268765211105.
[I 2024-12-25 21:53:49,747] Trial 1021 finished with value: 0.06700428575277328 and parameters: {'L1_hidden_dim': 64, 'L1_layers_atom': 4, 'L1_layers_mol': 4, 'L1_dropout': 0.2534682717930773, 'L1_out_dim': 96, 'L2_hidden_dim': 256, 'L2_layers_atom': 2, 'L2_layers_mol': 3, 'L2_out_dim': 32, 'L2_dropout': 0.019040074069307772, 'L3_hidden_dim': 80, 'L3_layers_atom': 3, 'L3_layers_mol': 2, 'L3_out_dim': 80, 'L3_dropout': 0.020705719260555026, 'n_mlp_layers': 2, 'mlp_dim_0': 352, 'mlp_dim_1': 384, 'num_heads': 1, 'final_dropout': 0.08300344121212049, 'train_learning_rate': 0.001170815766439427, 'train_lr_reduce': 0.6}. Best is trial 613 with value: 0.045173268765211105.
[I 2024-12-25 21:54:21,852] Trial 1024 finished with value: 0.09570032358169556 and parameters: {'L1_hidden_dim': 128, 'L1_layers_atom': 2, 'L1_layers_mol': 2, 'L1_dropout': 0.23715475877398534, 'L1_out_dim': 96, 'L2_hidden_dim': 256, 'L2_layers_atom': 2, 'L2_layers_mol': 3, 'L2_out_dim': 32, 'L2_dropout': 0.12163699288014024, 'L3_hidden_dim': 64, 'L3_layers_atom': 4, 'L3_layers_mol': 4, 'L3_out_dim': 96, 'L3_dropout': 0.029793352783470096, 'n_mlp_layers': 3, 'mlp_dim_0': 336, 'mlp_dim_1': 392, 'mlp_dim_2': 104, 'num_heads': 1, 'final_dropout': 0.11974189386369136, 'train_learning_rate': 0.0019057483758912021, 'train_lr_reduce': 0.6}. Best is trial 613 with value: 0.045173268765211105.
