[I 2024-12-15 16:16:09,402] Trial 1158 finished with value: 0.15764833986759186 and parameters: {'mlp_n_layers': 4, 'mlp_dim_00': 96, 'mlp_dim_01': 128, 'mlp_dim_02': 144, 'mlp_dim_03': 160, 'hidden_channels': 224, 'num_layers': 1, 'num_timesteps': 4, 'dropout': 0.006768102684993251, 'train_learning_rate': 0.0032504054362321173, 'train_lr_reduce': 0.6}. Best is trial 632 with value: 0.13978464901447296.
[I 2024-12-15 16:16:16,030] Trial 1161 finished with value: 0.15132474899291992 and parameters: {'mlp_n_layers': 4, 'mlp_dim_00': 112, 'mlp_dim_01': 192, 'mlp_dim_02': 128, 'mlp_dim_03': 192, 'hidden_channels': 224, 'num_layers': 1, 'num_timesteps': 4, 'dropout': 0.019789471688459, 'train_learning_rate': 0.0031783799585288486, 'train_lr_reduce': 0.6}. Best is trial 632 with value: 0.13978464901447296.
[I 2024-12-15 16:16:17,737] Trial 1164 finished with value: 0.17028726637363434 and parameters: {'mlp_n_layers': 3, 'mlp_dim_00': 80, 'mlp_dim_01': 112, 'mlp_dim_02': 144, 'hidden_channels': 176, 'num_layers': 1, 'num_timesteps': 4, 'dropout': 0.028867016121460774, 'train_learning_rate': 0.0037930150032217847, 'train_lr_reduce': 0.6}. Best is trial 632 with value: 0.13978464901447296.
[I 2024-12-15 16:16:18,600] Trial 1163 finished with value: 0.20665711164474487 and parameters: {'mlp_n_layers': 3, 'mlp_dim_00': 176, 'mlp_dim_01': 224, 'mlp_dim_02': 192, 'hidden_channels': 160, 'num_layers': 1, 'num_timesteps': 1, 'dropout': 0.21259896073527024, 'train_learning_rate': 0.00038688808387135463, 'train_lr_reduce': 0.6}. Best is trial 632 with value: 0.13978464901447296.
[I 2024-12-15 16:16:23,582] Trial 1165 finished with value: 0.23379050195217133 and parameters: {'mlp_n_layers': 4, 'mlp_dim_00': 144, 'mlp_dim_01': 160, 'mlp_dim_02': 112, 'mlp_dim_03': 208, 'hidden_channels': 240, 'num_layers': 1, 'num_timesteps': 4, 'dropout': 0.025948003317536335, 'train_learning_rate': 0.004431999713667506, 'train_lr_reduce': 0.6}. Best is trial 632 with value: 0.13978464901447296.
[I 2024-12-15 16:16:25,778] Trial 1167 finished with value: 0.24047262966632843 and parameters: {'mlp_n_layers': 3, 'mlp_dim_00': 112, 'mlp_dim_01': 160, 'mlp_dim_02': 96, 'hidden_channels': 192, 'num_layers': 2, 'num_timesteps': 3, 'dropout': 0.045054738748670074, 'train_learning_rate': 0.0029246752163282932, 'train_lr_reduce': 0.6}. Best is trial 632 with value: 0.13978464901447296.
[I 2024-12-15 16:16:30,402] Trial 1166 finished with value: 0.2331802099943161 and parameters: {'mlp_n_layers': 3, 'mlp_dim_00': 192, 'mlp_dim_01': 144, 'mlp_dim_02': 128, 'hidden_channels': 224, 'num_layers': 2, 'num_timesteps': 4, 'dropout': 0.04135757456134656, 'train_learning_rate': 0.0012844170351505371, 'train_lr_reduce': 0.6}. Best is trial 632 with value: 0.13978464901447296.
[I 2024-12-15 16:16:34,755] Trial 1168 finished with value: 0.20387223362922668 and parameters: {'mlp_n_layers': 4, 'mlp_dim_00': 256, 'mlp_dim_01': 128, 'mlp_dim_02': 128, 'mlp_dim_03': 192, 'hidden_channels': 96, 'num_layers': 3, 'num_timesteps': 4, 'dropout': 0.01750231511764344, 'train_learning_rate': 0.0007397142219506894, 'train_lr_reduce': 0.6}. Best is trial 632 with value: 0.13978464901447296.
[I 2024-12-15 16:16:35,479] Trial 1169 finished with value: 0.25859639048576355 and parameters: {'mlp_n_layers': 4, 'mlp_dim_00': 96, 'mlp_dim_01': 160, 'mlp_dim_02': 112, 'mlp_dim_03': 192, 'hidden_channels': 208, 'num_layers': 2, 'num_timesteps': 4, 'dropout': 0.028443156507018768, 'train_learning_rate': 0.0058356300748970335, 'train_lr_reduce': 0.6}. Best is trial 632 with value: 0.13978464901447296.
[I 2024-12-15 16:16:42,729] Trial 1172 finished with value: 0.1684546172618866 and parameters: {'mlp_n_layers': 2, 'mlp_dim_00': 112, 'mlp_dim_01': 160, 'hidden_channels': 160, 'num_layers': 1, 'num_timesteps': 2, 'dropout': 0.0045273616754919754, 'train_learning_rate': 0.004973498699354397, 'train_lr_reduce': 0.6}. Best is trial 632 with value: 0.13978464901447296.
[I 2024-12-15 16:16:45,804] Trial 1171 finished with value: 0.18168465793132782 and parameters: {'mlp_n_layers': 3, 'mlp_dim_00': 176, 'mlp_dim_01': 208, 'mlp_dim_02': 208, 'hidden_channels': 224, 'num_layers': 1, 'num_timesteps': 4, 'dropout': 0.035651319847108565, 'train_learning_rate': 0.00040054001115278997, 'train_lr_reduce': 0.6}. Best is trial 632 with value: 0.13978464901447296.
[I 2024-12-15 16:16:49,645] Trial 1170 finished with value: 0.5845908522605896 and parameters: {'mlp_n_layers': 4, 'mlp_dim_00': 112, 'mlp_dim_01': 64, 'mlp_dim_02': 112, 'mlp_dim_03': 192, 'hidden_channels': 160, 'num_layers': 2, 'num_timesteps': 4, 'dropout': 0.26701281091357304, 'train_learning_rate': 0.00010571942916834113, 'train_lr_reduce': 0.6}. Best is trial 632 with value: 0.13978464901447296.
[I 2024-12-15 16:16:54,061] Trial 1173 finished with value: 0.21997812390327454 and parameters: {'mlp_n_layers': 4, 'mlp_dim_00': 96, 'mlp_dim_01': 192, 'mlp_dim_02': 112, 'mlp_dim_03': 192, 'hidden_channels': 256, 'num_layers': 1, 'num_timesteps': 4, 'dropout': 0.042690146666738614, 'train_learning_rate': 0.0032296261032164725, 'train_lr_reduce': 0.6}. Best is trial 632 with value: 0.13978464901447296.
[I 2024-12-15 16:17:02,230] Trial 1176 finished with value: 0.22516518831253052 and parameters: {'mlp_n_layers': 2, 'mlp_dim_00': 144, 'mlp_dim_01': 96, 'hidden_channels': 208, 'num_layers': 1, 'num_timesteps': 1, 'dropout': 0.24821234238606002, 'train_learning_rate': 0.0007832138347816612, 'train_lr_reduce': 0.6}. Best is trial 632 with value: 0.13978464901447296.
[I 2024-12-15 16:17:02,894] Trial 1174 finished with value: 0.2428450584411621 and parameters: {'mlp_n_layers': 4, 'mlp_dim_00': 224, 'mlp_dim_01': 48, 'mlp_dim_02': 192, 'mlp_dim_03': 176, 'hidden_channels': 160, 'num_layers': 1, 'num_timesteps': 3, 'dropout': 0.23997328509274962, 'train_learning_rate': 0.00011278567108484718, 'train_lr_reduce': 0.6}. Best is trial 632 with value: 0.13978464901447296.
[I 2024-12-15 16:17:05,369] Trial 1175 finished with value: 0.16722241044044495 and parameters: {'mlp_n_layers': 4, 'mlp_dim_00': 64, 'mlp_dim_01': 176, 'mlp_dim_02': 176, 'mlp_dim_03': 192, 'hidden_channels': 240, 'num_layers': 1, 'num_timesteps': 4, 'dropout': 0.027165623918326796, 'train_learning_rate': 0.0019368157620724853, 'train_lr_reduce': 0.6}. Best is trial 632 with value: 0.13978464901447296.
[I 2024-12-15 16:17:10,293] Trial 1177 finished with value: 0.22224977612495422 and parameters: {'mlp_n_layers': 3, 'mlp_dim_00': 64, 'mlp_dim_01': 240, 'mlp_dim_02': 128, 'hidden_channels': 176, 'num_layers': 1, 'num_timesteps': 2, 'dropout': 0.2880659498087872, 'train_learning_rate': 0.0027614849305066967, 'train_lr_reduce': 0.6}. Best is trial 632 with value: 0.13978464901447296.
[I 2024-12-15 16:17:13,858] Trial 1178 finished with value: 0.23416635394096375 and parameters: {'mlp_n_layers': 3, 'mlp_dim_00': 176, 'mlp_dim_01': 96, 'mlp_dim_02': 176, 'hidden_channels': 224, 'num_layers': 3, 'num_timesteps': 4, 'dropout': 0.019314346286591923, 'train_learning_rate': 0.0014528972074235541, 'train_lr_reduce': 0.6}. Best is trial 632 with value: 0.13978464901447296.
[I 2024-12-15 16:17:16,836] Trial 1179 finished with value: 0.21627871692180634 and parameters: {'mlp_n_layers': 4, 'mlp_dim_00': 96, 'mlp_dim_01': 224, 'mlp_dim_02': 144, 'mlp_dim_03': 192, 'hidden_channels': 224, 'num_layers': 2, 'num_timesteps': 4, 'dropout': 0.049969876971395336, 'train_learning_rate': 0.002166156725975734, 'train_lr_reduce': 0.6}. Best is trial 632 with value: 0.13978464901447296.
[I 2024-12-15 16:17:21,827] Trial 1180 finished with value: 0.19281326234340668 and parameters: {'mlp_n_layers': 3, 'mlp_dim_00': 256, 'mlp_dim_01': 160, 'mlp_dim_02': 208, 'hidden_channels': 176, 'num_layers': 1, 'num_timesteps': 4, 'dropout': 0.033593503020769445, 'train_learning_rate': 0.001049685851827825, 'train_lr_reduce': 0.6}. Best is trial 632 with value: 0.13978464901447296.
[I 2024-12-15 16:17:22,790] Trial 1181 finished with value: 0.2616637647151947 and parameters: {'mlp_n_layers': 4, 'mlp_dim_00': 96, 'mlp_dim_01': 128, 'mlp_dim_02': 160, 'mlp_dim_03': 176, 'hidden_channels': 240, 'num_layers': 1, 'num_timesteps': 4, 'dropout': 0.005582817679270317, 'train_learning_rate': 0.005148925575810422, 'train_lr_reduce': 0.6}. Best is trial 632 with value: 0.13978464901447296.
[I 2024-12-15 16:17:27,819] Trial 1182 finished with value: 0.23602257668972015 and parameters: {'mlp_n_layers': 4, 'mlp_dim_00': 64, 'mlp_dim_01': 48, 'mlp_dim_02': 192, 'mlp_dim_03': 192, 'hidden_channels': 208, 'num_layers': 4, 'num_timesteps': 4, 'dropout': 0.1496742166530921, 'train_learning_rate': 0.0011902099123342594, 'train_lr_reduce': 0.6}. Best is trial 632 with value: 0.13978464901447296.
[I 2024-12-15 16:17:33,621] Trial 1183 finished with value: 0.19988831877708435 and parameters: {'mlp_n_layers': 4, 'mlp_dim_00': 112, 'mlp_dim_01': 128, 'mlp_dim_02': 128, 'mlp_dim_03': 176, 'hidden_channels': 224, 'num_layers': 1, 'num_timesteps': 4, 'dropout': 0.0025490290900231838, 'train_learning_rate': 0.0015897265315357946, 'train_lr_reduce': 0.6}. Best is trial 632 with value: 0.13978464901447296.
[I 2024-12-15 16:17:34,071] Trial 1184 finished with value: 0.24624848365783691 and parameters: {'mlp_n_layers': 3, 'mlp_dim_00': 144, 'mlp_dim_01': 96, 'mlp_dim_02': 176, 'hidden_channels': 256, 'num_layers': 2, 'num_timesteps': 4, 'dropout': 0.048069247456499736, 'train_learning_rate': 0.0011784239504459661, 'train_lr_reduce': 0.6}. Best is trial 632 with value: 0.13978464901447296.
[I 2024-12-15 16:17:37,861] Trial 1186 finished with value: 0.948018491268158 and parameters: {'mlp_n_layers': 3, 'mlp_dim_00': 112, 'mlp_dim_01': 144, 'mlp_dim_02': 224, 'hidden_channels': 256, 'num_layers': 3, 'num_timesteps': 4, 'dropout': 0.01177674949557852, 'train_learning_rate': 0.0018903476558063041, 'train_lr_reduce': 0.6}. Best is trial 632 with value: 0.13978464901447296.
[I 2024-12-15 16:17:40,982] Trial 1185 finished with value: 0.2102680206298828 and parameters: {'mlp_n_layers': 4, 'mlp_dim_00': 144, 'mlp_dim_01': 256, 'mlp_dim_02': 160, 'mlp_dim_03': 176, 'hidden_channels': 160, 'num_layers': 1, 'num_timesteps': 4, 'dropout': 0.06342078592496089, 'train_learning_rate': 0.006170564425908662, 'train_lr_reduce': 0.6}. Best is trial 632 with value: 0.13978464901447296.
[I 2024-12-15 16:17:42,840] Trial 1187 finished with value: 0.24280264973640442 and parameters: {'mlp_n_layers': 3, 'mlp_dim_00': 176, 'mlp_dim_01': 96, 'mlp_dim_02': 144, 'hidden_channels': 224, 'num_layers': 2, 'num_timesteps': 4, 'dropout': 0.014235868932238256, 'train_learning_rate': 0.002226613518622199, 'train_lr_reduce': 0.6}. Best is trial 632 with value: 0.13978464901447296.
[I 2024-12-15 16:17:47,356] Trial 1188 finished with value: 0.20006698369979858 and parameters: {'mlp_n_layers': 4, 'mlp_dim_00': 192, 'mlp_dim_01': 96, 'mlp_dim_02': 192, 'mlp_dim_03': 176, 'hidden_channels': 256, 'num_layers': 1, 'num_timesteps': 3, 'dropout': 0.007177279436438365, 'train_learning_rate': 0.009659981056556544, 'train_lr_reduce': 0.6}. Best is trial 632 with value: 0.13978464901447296.
[I 2024-12-15 16:17:55,922] Trial 1189 finished with value: 0.1819397360086441 and parameters: {'mlp_n_layers': 3, 'mlp_dim_00': 128, 'mlp_dim_01': 96, 'mlp_dim_02': 112, 'hidden_channels': 256, 'num_layers': 1, 'num_timesteps': 4, 'dropout': 0.023071719702266378, 'train_learning_rate': 0.00143367164180409, 'train_lr_reduce': 0.6}. Best is trial 632 with value: 0.13978464901447296.
[I 2024-12-15 16:18:03,248] Trial 1190 finished with value: 0.21654190123081207 and parameters: {'mlp_n_layers': 2, 'mlp_dim_00': 192, 'mlp_dim_01': 64, 'hidden_channels': 224, 'num_layers': 2, 'num_timesteps': 3, 'dropout': 0.2997890456642286, 'train_learning_rate': 0.0007461938618628193, 'train_lr_reduce': 0.6}. Best is trial 632 with value: 0.13978464901447296.
[I 2024-12-15 16:18:04,824] Trial 1191 finished with value: 0.2173261195421219 and parameters: {'mlp_n_layers': 4, 'mlp_dim_00': 208, 'mlp_dim_01': 128, 'mlp_dim_02': 160, 'mlp_dim_03': 160, 'hidden_channels': 160, 'num_layers': 1, 'num_timesteps': 1, 'dropout': 0.00025415017819455966, 'train_learning_rate': 0.002244222275017172, 'train_lr_reduce': 0.6}. Best is trial 632 with value: 0.13978464901447296.
[I 2024-12-15 16:18:07,674] Trial 1192 finished with value: 0.24845562875270844 and parameters: {'mlp_n_layers': 3, 'mlp_dim_00': 144, 'mlp_dim_01': 192, 'mlp_dim_02': 176, 'hidden_channels': 224, 'num_layers': 2, 'num_timesteps': 2, 'dropout': 0.04521556373865995, 'train_learning_rate': 0.0034973047797560537, 'train_lr_reduce': 0.6}. Best is trial 632 with value: 0.13978464901447296.
[I 2024-12-15 16:18:14,340] Trial 1194 finished with value: 0.22368068993091583 and parameters: {'mlp_n_layers': 4, 'mlp_dim_00': 208, 'mlp_dim_01': 256, 'mlp_dim_02': 208, 'mlp_dim_03': 160, 'hidden_channels': 256, 'num_layers': 2, 'num_timesteps': 3, 'dropout': 0.07543141551455873, 'train_learning_rate': 0.0012982242155806295, 'train_lr_reduce': 0.6}. Best is trial 632 with value: 0.13978464901447296.
[I 2024-12-15 16:18:15,558] Trial 1193 finished with value: 0.17321567237377167 and parameters: {'mlp_n_layers': 3, 'mlp_dim_00': 176, 'mlp_dim_01': 256, 'mlp_dim_02': 144, 'hidden_channels': 208, 'num_layers': 1, 'num_timesteps': 4, 'dropout': 0.02787862154483707, 'train_learning_rate': 0.0013996501408721437, 'train_lr_reduce': 0.6}. Best is trial 632 with value: 0.13978464901447296.
[I 2024-12-15 16:18:15,745] Trial 1195 finished with value: 0.22624832391738892 and parameters: {'mlp_n_layers': 2, 'mlp_dim_00': 64, 'mlp_dim_01': 192, 'hidden_channels': 96, 'num_layers': 2, 'num_timesteps': 3, 'dropout': 0.24113781252283548, 'train_learning_rate': 0.00393544947737975, 'train_lr_reduce': 0.6}. Best is trial 632 with value: 0.13978464901447296.
[I 2024-12-15 16:18:20,389] Trial 1198 finished with value: 1.011281967163086 and parameters: {'mlp_n_layers': 4, 'mlp_dim_00': 32, 'mlp_dim_01': 240, 'mlp_dim_02': 160, 'mlp_dim_03': 160, 'hidden_channels': 192, 'num_layers': 3, 'num_timesteps': 1, 'dropout': 0.2658667224976335, 'train_learning_rate': 0.007794372458019702, 'train_lr_reduce': 0.6}. Best is trial 632 with value: 0.13978464901447296.
[I 2024-12-15 16:18:26,841] Trial 1196 finished with value: 0.1739576756954193 and parameters: {'mlp_n_layers': 4, 'mlp_dim_00': 128, 'mlp_dim_01': 176, 'mlp_dim_02': 176, 'mlp_dim_03': 192, 'hidden_channels': 208, 'num_layers': 1, 'num_timesteps': 4, 'dropout': 0.04963428033712855, 'train_learning_rate': 0.0018815988951863044, 'train_lr_reduce': 0.6}. Best is trial 632 with value: 0.13978464901447296.
[I 2024-12-15 16:18:28,118] Trial 1197 finished with value: 0.1497681587934494 and parameters: {'mlp_n_layers': 4, 'mlp_dim_00': 192, 'mlp_dim_01': 128, 'mlp_dim_02': 128, 'mlp_dim_03': 160, 'hidden_channels': 160, 'num_layers': 1, 'num_timesteps': 4, 'dropout': 0.0038058748495432186, 'train_learning_rate': 0.002965074694570447, 'train_lr_reduce': 0.6}. Best is trial 632 with value: 0.13978464901447296.
[I 2024-12-15 16:18:28,412] Trial 1199 finished with value: 0.19591625034809113 and parameters: {'mlp_n_layers': 3, 'mlp_dim_00': 128, 'mlp_dim_01': 112, 'mlp_dim_02': 192, 'hidden_channels': 240, 'num_layers': 2, 'num_timesteps': 3, 'dropout': 0.0013252256067731235, 'train_learning_rate': 0.0037937797155393875, 'train_lr_reduce': 0.6}. Best is trial 632 with value: 0.13978464901447296.
[I 2024-12-15 16:18:35,434] Trial 1201 finished with value: 0.1899157613515854 and parameters: {'mlp_n_layers': 3, 'mlp_dim_00': 176, 'mlp_dim_01': 240, 'mlp_dim_02': 112, 'hidden_channels': 160, 'num_layers': 1, 'num_timesteps': 3, 'dropout': 0.09941852112598658, 'train_learning_rate': 0.0030349006815641824, 'train_lr_reduce': 0.6}. Best is trial 632 with value: 0.13978464901447296.
[I 2024-12-15 16:18:42,082] Trial 1202 finished with value: 0.25194987654685974 and parameters: {'mlp_n_layers': 4, 'mlp_dim_00': 208, 'mlp_dim_01': 96, 'mlp_dim_02': 112, 'mlp_dim_03': 208, 'hidden_channels': 192, 'num_layers': 2, 'num_timesteps': 4, 'dropout': 0.0007140621789879754, 'train_learning_rate': 0.0020304867864717503, 'train_lr_reduce': 0.6}. Best is trial 632 with value: 0.13978464901447296.
[I 2024-12-15 16:18:44,199] Trial 1200 finished with value: 0.2441154271364212 and parameters: {'mlp_n_layers': 2, 'mlp_dim_00': 224, 'mlp_dim_01': 240, 'hidden_channels': 128, 'num_layers': 2, 'num_timesteps': 2, 'dropout': 0.12007460837670342, 'train_learning_rate': 0.0002809320458428024, 'train_lr_reduce': 0.6}. Best is trial 632 with value: 0.13978464901447296.
[I 2024-12-15 16:18:47,206] Trial 1203 finished with value: 0.15723681449890137 and parameters: {'mlp_n_layers': 4, 'mlp_dim_00': 160, 'mlp_dim_01': 160, 'mlp_dim_02': 96, 'mlp_dim_03': 160, 'hidden_channels': 144, 'num_layers': 1, 'num_timesteps': 4, 'dropout': 0.017015608946653417, 'train_learning_rate': 0.002519992789317864, 'train_lr_reduce': 0.6}. Best is trial 632 with value: 0.13978464901447296.
[I 2024-12-15 16:18:55,188] Trial 1206 finished with value: 0.21689338982105255 and parameters: {'mlp_n_layers': 4, 'mlp_dim_00': 176, 'mlp_dim_01': 96, 'mlp_dim_02': 112, 'mlp_dim_03': 176, 'hidden_channels': 160, 'num_layers': 1, 'num_timesteps': 4, 'dropout': 0.01381969442919127, 'train_learning_rate': 0.0031831454106914705, 'train_lr_reduce': 0.6}. Best is trial 632 with value: 0.13978464901447296.
[I 2024-12-15 16:18:57,109] Trial 1204 finished with value: 0.19774647057056427 and parameters: {'mlp_n_layers': 4, 'mlp_dim_00': 32, 'mlp_dim_01': 80, 'mlp_dim_02': 112, 'mlp_dim_03': 160, 'hidden_channels': 48, 'num_layers': 1, 'num_timesteps': 2, 'dropout': 0.027419204238500083, 'train_learning_rate': 0.0008640888588893926, 'train_lr_reduce': 0.6}. Best is trial 632 with value: 0.13978464901447296.
[I 2024-12-15 16:18:57,233] Trial 1205 finished with value: 0.2097325474023819 and parameters: {'mlp_n_layers': 2, 'mlp_dim_00': 224, 'mlp_dim_01': 144, 'hidden_channels': 80, 'num_layers': 2, 'num_timesteps': 4, 'dropout': 0.10656915933981154, 'train_learning_rate': 0.0005965014922162819, 'train_lr_reduce': 0.6}. Best is trial 632 with value: 0.13978464901447296.
[I 2024-12-15 16:19:04,722] Trial 1207 finished with value: 0.21156929433345795 and parameters: {'mlp_n_layers': 4, 'mlp_dim_00': 240, 'mlp_dim_01': 160, 'mlp_dim_02': 128, 'mlp_dim_03': 144, 'hidden_channels': 144, 'num_layers': 2, 'num_timesteps': 3, 'dropout': 0.02426135267637931, 'train_learning_rate': 0.0012789599270367187, 'train_lr_reduce': 0.6}. Best is trial 632 with value: 0.13978464901447296.
[I 2024-12-15 16:19:05,325] Trial 1208 finished with value: 0.22374053299427032 and parameters: {'mlp_n_layers': 4, 'mlp_dim_00': 144, 'mlp_dim_01': 96, 'mlp_dim_02': 96, 'mlp_dim_03': 208, 'hidden_channels': 224, 'num_layers': 1, 'num_timesteps': 4, 'dropout': 0.009451409692084732, 'train_learning_rate': 0.004443274685459448, 'train_lr_reduce': 0.6}. Best is trial 632 with value: 0.13978464901447296.
[I 2024-12-15 16:19:06,073] Trial 1209 finished with value: 0.24835872650146484 and parameters: {'mlp_n_layers': 2, 'mlp_dim_00': 128, 'mlp_dim_01': 192, 'hidden_channels': 256, 'num_layers': 3, 'num_timesteps': 1, 'dropout': 0.18550277654747763, 'train_learning_rate': 0.0015779754501784634, 'train_lr_reduce': 0.6}. Best is trial 632 with value: 0.13978464901447296.
[I 2024-12-15 16:19:14,807] Trial 1212 finished with value: 0.17616303265094757 and parameters: {'mlp_n_layers': 4, 'mlp_dim_00': 192, 'mlp_dim_01': 128, 'mlp_dim_02': 128, 'mlp_dim_03': 160, 'hidden_channels': 176, 'num_layers': 1, 'num_timesteps': 3, 'dropout': 0.015413092430843937, 'train_learning_rate': 0.00265448936982435, 'train_lr_reduce': 0.6}. Best is trial 632 with value: 0.13978464901447296.
[I 2024-12-15 16:19:23,620] Trial 1210 finished with value: 0.15266044437885284 and parameters: {'mlp_n_layers': 4, 'mlp_dim_00': 128, 'mlp_dim_01': 176, 'mlp_dim_02': 224, 'mlp_dim_03': 144, 'hidden_channels': 256, 'num_layers': 1, 'num_timesteps': 4, 'dropout': 0.0069397167228913295, 'train_learning_rate': 0.002281274608016892, 'train_lr_reduce': 0.6}. Best is trial 632 with value: 0.13978464901447296.
[I 2024-12-15 16:19:24,852] Trial 1213 finished with value: 0.20138484239578247 and parameters: {'mlp_n_layers': 3, 'mlp_dim_00': 224, 'mlp_dim_01': 256, 'mlp_dim_02': 192, 'hidden_channels': 176, 'num_layers': 1, 'num_timesteps': 4, 'dropout': 0.019659476329196908, 'train_learning_rate': 0.000977118788153898, 'train_lr_reduce': 0.6}. Best is trial 632 with value: 0.13978464901447296.
[I 2024-12-15 16:19:25,892] Trial 1211 finished with value: 0.23590289056301117 and parameters: {'mlp_n_layers': 2, 'mlp_dim_00': 128, 'mlp_dim_01': 48, 'hidden_channels': 240, 'num_layers': 3, 'num_timesteps': 3, 'dropout': 0.005841720417174123, 'train_learning_rate': 0.00028259131254334315, 'train_lr_reduce': 0.6}. Best is trial 632 with value: 0.13978464901447296.
[I 2024-12-15 16:19:31,343] Trial 1216 finished with value: 0.21967048943042755 and parameters: {'mlp_n_layers': 2, 'mlp_dim_00': 32, 'mlp_dim_01': 112, 'hidden_channels': 224, 'num_layers': 1, 'num_timesteps': 4, 'dropout': 0.1653152481608124, 'train_learning_rate': 0.007198835956121138, 'train_lr_reduce': 0.6}. Best is trial 632 with value: 0.13978464901447296.
[I 2024-12-15 16:19:39,835] Trial 1215 finished with value: 0.21372167766094208 and parameters: {'mlp_n_layers': 2, 'mlp_dim_00': 48, 'mlp_dim_01': 48, 'hidden_channels': 144, 'num_layers': 1, 'num_timesteps': 1, 'dropout': 0.013666580756927282, 'train_learning_rate': 0.0013164523496893435, 'train_lr_reduce': 0.6}. Best is trial 632 with value: 0.13978464901447296.
