[I 2024-12-19 18:58:32,890] Trial 660 finished with value: 0.18508797883987427 and parameters: {'mlp_n_layers': 4, 'mlp_dim_00': 500, 'mlp_dim_01': 511, 'mlp_dim_02': 307, 'mlp_dim_03': 467, 'node_hidden_dim': 75, 'edge_hidden_dim': 39, 'depth': 1, 'rep_dropout': 0.12190133589262614, 'train_learning_rate': 0.0015321815705533807, 'train_lr_reduce': 0.6}. Best is trial 122 with value: 0.09548358619213104.
[I 2024-12-19 18:58:38,015] Trial 664 finished with value: 1.6750658750534058 and parameters: {'mlp_n_layers': 4, 'mlp_dim_00': 332, 'mlp_dim_01': 137, 'mlp_dim_02': 310, 'mlp_dim_03': 382, 'node_hidden_dim': 116, 'edge_hidden_dim': 44, 'depth': 1, 'rep_dropout': 0.08751746108253898, 'train_learning_rate': 0.000568647847443832, 'train_lr_reduce': 0.6}. Best is trial 122 with value: 0.09548358619213104.
[I 2024-12-19 18:58:38,809] Trial 665 finished with value: 1.6859819889068604 and parameters: {'mlp_n_layers': 4, 'mlp_dim_00': 387, 'mlp_dim_01': 172, 'mlp_dim_02': 305, 'mlp_dim_03': 399, 'node_hidden_dim': 122, 'edge_hidden_dim': 86, 'depth': 2, 'rep_dropout': 0.1166519428168238, 'train_learning_rate': 0.0001488988939898926, 'train_lr_reduce': 0.6}. Best is trial 122 with value: 0.09548358619213104.
[I 2024-12-19 18:58:44,739] Trial 667 finished with value: 1.674717903137207 and parameters: {'mlp_n_layers': 4, 'mlp_dim_00': 507, 'mlp_dim_01': 468, 'mlp_dim_02': 371, 'mlp_dim_03': 509, 'node_hidden_dim': 93, 'edge_hidden_dim': 70, 'depth': 1, 'rep_dropout': 0.1266998113967916, 'train_learning_rate': 0.00023705160595064966, 'train_lr_reduce': 0.6}. Best is trial 122 with value: 0.09548358619213104.
[I 2024-12-19 18:58:56,862] Trial 668 finished with value: 1.3803941011428833 and parameters: {'mlp_n_layers': 1, 'mlp_dim_00': 284, 'node_hidden_dim': 49, 'edge_hidden_dim': 74, 'depth': 4, 'rep_dropout': 0.12562218403484915, 'train_learning_rate': 0.005640609819110406, 'train_lr_reduce': 0.6}. Best is trial 122 with value: 0.09548358619213104.
[I 2024-12-19 18:59:02,674] Trial 669 finished with value: 1.6775118112564087 and parameters: {'mlp_n_layers': 4, 'mlp_dim_00': 469, 'mlp_dim_01': 467, 'mlp_dim_02': 359, 'mlp_dim_03': 435, 'node_hidden_dim': 65, 'edge_hidden_dim': 59, 'depth': 1, 'rep_dropout': 0.1460572670157164, 'train_learning_rate': 0.0003261753863946167, 'train_lr_reduce': 0.6}. Best is trial 122 with value: 0.09548358619213104.
[I 2024-12-19 18:59:03,693] Trial 662 finished with value: 0.10261645168066025 and parameters: {'mlp_n_layers': 4, 'mlp_dim_00': 494, 'mlp_dim_01': 475, 'mlp_dim_02': 354, 'mlp_dim_03': 468, 'node_hidden_dim': 60, 'edge_hidden_dim': 45, 'depth': 1, 'rep_dropout': 0.11411719336689713, 'train_learning_rate': 0.000933895086810707, 'train_lr_reduce': 0.6}. Best is trial 122 with value: 0.09548358619213104.
[I 2024-12-19 18:59:08,389] Trial 670 finished with value: 1.5644381046295166 and parameters: {'mlp_n_layers': 2, 'mlp_dim_00': 338, 'mlp_dim_01': 508, 'node_hidden_dim': 125, 'edge_hidden_dim': 46, 'depth': 4, 'rep_dropout': 0.006111506890419269, 'train_learning_rate': 0.008185349944903672, 'train_lr_reduce': 0.6}. Best is trial 122 with value: 0.09548358619213104.
[I 2024-12-19 18:59:09,174] Trial 671 finished with value: 1.674585223197937 and parameters: {'mlp_n_layers': 1, 'mlp_dim_00': 241, 'node_hidden_dim': 35, 'edge_hidden_dim': 60, 'depth': 1, 'rep_dropout': 0.11926480075459589, 'train_learning_rate': 0.00024295087595055961, 'train_lr_reduce': 0.6}. Best is trial 122 with value: 0.09548358619213104.
[I 2024-12-19 18:59:13,943] Trial 673 finished with value: 1.6386090517044067 and parameters: {'mlp_n_layers': 1, 'mlp_dim_00': 405, 'node_hidden_dim': 33, 'edge_hidden_dim': 74, 'depth': 1, 'rep_dropout': 0.05806570547293914, 'train_learning_rate': 0.000125519493302696, 'train_lr_reduce': 0.6}. Best is trial 122 with value: 0.09548358619213104.
[I 2024-12-19 18:59:18,668] Trial 666 finished with value: 0.11952081322669983 and parameters: {'mlp_n_layers': 4, 'mlp_dim_00': 440, 'mlp_dim_01': 510, 'mlp_dim_02': 439, 'mlp_dim_03': 467, 'node_hidden_dim': 112, 'edge_hidden_dim': 41, 'depth': 1, 'rep_dropout': 0.07461760744698498, 'train_learning_rate': 0.0007726548653632075, 'train_lr_reduce': 0.6}. Best is trial 122 with value: 0.09548358619213104.
[I 2024-12-19 18:59:19,888] Trial 674 finished with value: 1.6323659420013428 and parameters: {'mlp_n_layers': 1, 'mlp_dim_00': 265, 'node_hidden_dim': 51, 'edge_hidden_dim': 104, 'depth': 3, 'rep_dropout': 0.13890250188266468, 'train_learning_rate': 0.0005175987466331935, 'train_lr_reduce': 0.6}. Best is trial 122 with value: 0.09548358619213104.
[I 2024-12-19 18:59:26,071] Trial 676 finished with value: 1.5844892263412476 and parameters: {'mlp_n_layers': 1, 'mlp_dim_00': 470, 'node_hidden_dim': 113, 'edge_hidden_dim': 122, 'depth': 3, 'rep_dropout': 0.14327925312471218, 'train_learning_rate': 0.0014210952203636334, 'train_lr_reduce': 0.6}. Best is trial 122 with value: 0.09548358619213104.
[I 2024-12-19 18:59:51,438] Trial 672 finished with value: 0.10302046686410904 and parameters: {'mlp_n_layers': 4, 'mlp_dim_00': 501, 'mlp_dim_01': 511, 'mlp_dim_02': 365, 'mlp_dim_03': 254, 'node_hidden_dim': 74, 'edge_hidden_dim': 32, 'depth': 1, 'rep_dropout': 0.07895579064305315, 'train_learning_rate': 0.0009252204249484161, 'train_lr_reduce': 0.6}. Best is trial 122 with value: 0.09548358619213104.
[I 2024-12-19 18:59:56,299] Trial 675 finished with value: 0.11200481653213501 and parameters: {'mlp_n_layers': 4, 'mlp_dim_00': 397, 'mlp_dim_01': 442, 'mlp_dim_02': 354, 'mlp_dim_03': 435, 'node_hidden_dim': 62, 'edge_hidden_dim': 48, 'depth': 1, 'rep_dropout': 0.10626533744136629, 'train_learning_rate': 0.0006646708162252695, 'train_lr_reduce': 0.6}. Best is trial 122 with value: 0.09548358619213104.
[I 2024-12-19 19:00:03,336] Trial 677 finished with value: 0.16206279397010803 and parameters: {'mlp_n_layers': 4, 'mlp_dim_00': 481, 'mlp_dim_01': 462, 'mlp_dim_02': 399, 'mlp_dim_03': 469, 'node_hidden_dim': 59, 'edge_hidden_dim': 38, 'depth': 1, 'rep_dropout': 0.1461525971320329, 'train_learning_rate': 0.0006079295448759022, 'train_lr_reduce': 0.6}. Best is trial 122 with value: 0.09548358619213104.
[I 2024-12-19 19:00:36,697] Trial 678 finished with value: 0.1272180676460266 and parameters: {'mlp_n_layers': 3, 'mlp_dim_00': 423, 'mlp_dim_01': 497, 'mlp_dim_02': 386, 'node_hidden_dim': 67, 'edge_hidden_dim': 33, 'depth': 1, 'rep_dropout': 0.06900968878505162, 'train_learning_rate': 0.0008572970324392218, 'train_lr_reduce': 0.6}. Best is trial 122 with value: 0.09548358619213104.
[I 2024-12-19 19:00:36,701] Trial 680 finished with value: 0.13462503254413605 and parameters: {'mlp_n_layers': 4, 'mlp_dim_00': 369, 'mlp_dim_01': 510, 'mlp_dim_02': 401, 'mlp_dim_03': 173, 'node_hidden_dim': 64, 'edge_hidden_dim': 35, 'depth': 1, 'rep_dropout': 0.07454732344627489, 'train_learning_rate': 0.0015962722223840558, 'train_lr_reduce': 0.6}. Best is trial 122 with value: 0.09548358619213104.
[I 2024-12-19 19:00:38,391] Trial 679 finished with value: 0.1475173532962799 and parameters: {'mlp_n_layers': 4, 'mlp_dim_00': 508, 'mlp_dim_01': 510, 'mlp_dim_02': 385, 'mlp_dim_03': 248, 'node_hidden_dim': 65, 'edge_hidden_dim': 50, 'depth': 1, 'rep_dropout': 0.09121833755057919, 'train_learning_rate': 0.0023843516144403084, 'train_lr_reduce': 0.6}. Best is trial 122 with value: 0.09548358619213104.
[I 2024-12-19 19:00:41,836] Trial 682 finished with value: 1.630617380142212 and parameters: {'mlp_n_layers': 4, 'mlp_dim_00': 488, 'mlp_dim_01': 512, 'mlp_dim_02': 357, 'mlp_dim_03': 220, 'node_hidden_dim': 98, 'edge_hidden_dim': 68, 'depth': 2, 'rep_dropout': 0.12676200866763165, 'train_learning_rate': 0.0019671974913547607, 'train_lr_reduce': 0.6}. Best is trial 122 with value: 0.09548358619213104.
[I 2024-12-19 19:00:42,982] Trial 683 finished with value: 1.5823651552200317 and parameters: {'mlp_n_layers': 4, 'mlp_dim_00': 471, 'mlp_dim_01': 464, 'mlp_dim_02': 414, 'mlp_dim_03': 247, 'node_hidden_dim': 73, 'edge_hidden_dim': 34, 'depth': 2, 'rep_dropout': 0.10330082803075194, 'train_learning_rate': 0.0029866871884947858, 'train_lr_reduce': 0.6}. Best is trial 122 with value: 0.09548358619213104.
[I 2024-12-19 19:00:46,604] Trial 684 finished with value: 1.6821824312210083 and parameters: {'mlp_n_layers': 4, 'mlp_dim_00': 502, 'mlp_dim_01': 475, 'mlp_dim_02': 349, 'mlp_dim_03': 337, 'node_hidden_dim': 73, 'edge_hidden_dim': 49, 'depth': 2, 'rep_dropout': 0.07001078240368501, 'train_learning_rate': 0.00031381476603353027, 'train_lr_reduce': 0.6}. Best is trial 122 with value: 0.09548358619213104.
[I 2024-12-19 19:01:27,017] Trial 681 finished with value: 0.25647231936454773 and parameters: {'mlp_n_layers': 4, 'mlp_dim_00': 416, 'mlp_dim_01': 512, 'mlp_dim_02': 363, 'mlp_dim_03': 265, 'node_hidden_dim': 75, 'edge_hidden_dim': 76, 'depth': 1, 'rep_dropout': 0.1010779277356368, 'train_learning_rate': 0.0007661266949902808, 'train_lr_reduce': 0.6}. Best is trial 122 with value: 0.09548358619213104.
[I 2024-12-19 19:01:27,280] Trial 685 finished with value: 0.09988339990377426 and parameters: {'mlp_n_layers': 4, 'mlp_dim_00': 492, 'mlp_dim_01': 512, 'mlp_dim_02': 462, 'mlp_dim_03': 313, 'node_hidden_dim': 75, 'edge_hidden_dim': 34, 'depth': 1, 'rep_dropout': 0.08290840512745193, 'train_learning_rate': 0.0012174984994704921, 'train_lr_reduce': 0.6}. Best is trial 122 with value: 0.09548358619213104.
[I 2024-12-19 19:01:32,127] Trial 688 finished with value: 1.6754570007324219 and parameters: {'mlp_n_layers': 4, 'mlp_dim_00': 507, 'mlp_dim_01': 512, 'mlp_dim_02': 478, 'mlp_dim_03': 257, 'node_hidden_dim': 80, 'edge_hidden_dim': 38, 'depth': 1, 'rep_dropout': 0.08215158933212684, 'train_learning_rate': 0.0004648921495226494, 'train_lr_reduce': 0.6}. Best is trial 122 with value: 0.09548358619213104.
[I 2024-12-19 19:01:33,552] Trial 686 finished with value: 0.11356089264154434 and parameters: {'mlp_n_layers': 4, 'mlp_dim_00': 471, 'mlp_dim_01': 450, 'mlp_dim_02': 406, 'mlp_dim_03': 241, 'node_hidden_dim': 64, 'edge_hidden_dim': 33, 'depth': 1, 'rep_dropout': 0.07737443754282781, 'train_learning_rate': 0.0005901143194186287, 'train_lr_reduce': 0.6}. Best is trial 122 with value: 0.09548358619213104.
[I 2024-12-19 19:01:38,728] Trial 690 finished with value: 1.6559488773345947 and parameters: {'mlp_n_layers': 4, 'mlp_dim_00': 494, 'mlp_dim_01': 512, 'mlp_dim_02': 473, 'mlp_dim_03': 264, 'node_hidden_dim': 75, 'edge_hidden_dim': 34, 'depth': 2, 'rep_dropout': 0.08018942278581029, 'train_learning_rate': 0.0007784641334995288, 'train_lr_reduce': 0.6}. Best is trial 122 with value: 0.09548358619213104.
[I 2024-12-19 19:01:43,909] Trial 691 finished with value: 1.6866835355758667 and parameters: {'mlp_n_layers': 4, 'mlp_dim_00': 376, 'mlp_dim_01': 472, 'mlp_dim_02': 474, 'mlp_dim_03': 305, 'node_hidden_dim': 47, 'edge_hidden_dim': 33, 'depth': 1, 'rep_dropout': 0.04290909473506337, 'train_learning_rate': 0.0001416758375905378, 'train_lr_reduce': 0.6}. Best is trial 122 with value: 0.09548358619213104.
[I 2024-12-19 19:01:48,191] Trial 692 finished with value: 1.615085482597351 and parameters: {'mlp_n_layers': 3, 'mlp_dim_00': 480, 'mlp_dim_01': 511, 'mlp_dim_02': 414, 'node_hidden_dim': 93, 'edge_hidden_dim': 41, 'depth': 1, 'rep_dropout': 0.086364923532397, 'train_learning_rate': 0.0018381165698175583, 'train_lr_reduce': 0.6}. Best is trial 122 with value: 0.09548358619213104.
[I 2024-12-19 19:01:50,724] Trial 687 finished with value: 0.22386415302753448 and parameters: {'mlp_n_layers': 4, 'mlp_dim_00': 511, 'mlp_dim_01': 505, 'mlp_dim_02': 455, 'mlp_dim_03': 331, 'node_hidden_dim': 94, 'edge_hidden_dim': 39, 'depth': 1, 'rep_dropout': 0.07725101407799631, 'train_learning_rate': 0.0009438413781029676, 'train_lr_reduce': 0.6}. Best is trial 122 with value: 0.09548358619213104.
[I 2024-12-19 19:01:52,503] Trial 689 finished with value: 0.2595575451850891 and parameters: {'mlp_n_layers': 4, 'mlp_dim_00': 432, 'mlp_dim_01': 509, 'mlp_dim_02': 465, 'mlp_dim_03': 295, 'node_hidden_dim': 71, 'edge_hidden_dim': 33, 'depth': 1, 'rep_dropout': 0.08858317246800076, 'train_learning_rate': 0.002084258119653297, 'train_lr_reduce': 0.6}. Best is trial 122 with value: 0.09548358619213104.
[I 2024-12-19 19:01:55,419] Trial 694 finished with value: 1.6656250953674316 and parameters: {'mlp_n_layers': 4, 'mlp_dim_00': 481, 'mlp_dim_01': 471, 'mlp_dim_02': 512, 'mlp_dim_03': 297, 'node_hidden_dim': 52, 'edge_hidden_dim': 42, 'depth': 2, 'rep_dropout': 0.08612031375705091, 'train_learning_rate': 0.001133747976818155, 'train_lr_reduce': 0.6}. Best is trial 122 with value: 0.09548358619213104.
[I 2024-12-19 19:01:56,566] Trial 695 finished with value: 1.6418471336364746 and parameters: {'mlp_n_layers': 3, 'mlp_dim_00': 440, 'mlp_dim_01': 461, 'mlp_dim_02': 444, 'node_hidden_dim': 70, 'edge_hidden_dim': 32, 'depth': 1, 'rep_dropout': 0.10570081494972673, 'train_learning_rate': 0.0007584853894445476, 'train_lr_reduce': 0.6}. Best is trial 122 with value: 0.09548358619213104.
[I 2024-12-19 19:02:02,228] Trial 697 finished with value: 1.6343754529953003 and parameters: {'mlp_n_layers': 2, 'mlp_dim_00': 274, 'mlp_dim_01': 512, 'node_hidden_dim': 55, 'edge_hidden_dim': 124, 'depth': 3, 'rep_dropout': 0.09790507040537982, 'train_learning_rate': 0.0015291742360668535, 'train_lr_reduce': 0.6}. Best is trial 122 with value: 0.09548358619213104.
[I 2024-12-19 19:02:07,094] Trial 698 finished with value: 1.594058632850647 and parameters: {'mlp_n_layers': 3, 'mlp_dim_00': 441, 'mlp_dim_01': 510, 'mlp_dim_02': 363, 'node_hidden_dim': 62, 'edge_hidden_dim': 55, 'depth': 1, 'rep_dropout': 0.0644539582912605, 'train_learning_rate': 0.0013786034819972142, 'train_lr_reduce': 0.6}. Best is trial 122 with value: 0.09548358619213104.
[I 2024-12-19 19:02:17,609] Trial 693 finished with value: 0.13151541352272034 and parameters: {'mlp_n_layers': 4, 'mlp_dim_00': 487, 'mlp_dim_01': 471, 'mlp_dim_02': 445, 'mlp_dim_03': 289, 'node_hidden_dim': 79, 'edge_hidden_dim': 50, 'depth': 1, 'rep_dropout': 0.09004634845363245, 'train_learning_rate': 0.0008078289100850969, 'train_lr_reduce': 0.6}. Best is trial 122 with value: 0.09548358619213104.
[I 2024-12-19 19:02:28,102] Trial 699 finished with value: 0.26741641759872437 and parameters: {'mlp_n_layers': 4, 'mlp_dim_00': 512, 'mlp_dim_01': 464, 'mlp_dim_02': 388, 'mlp_dim_03': 330, 'node_hidden_dim': 81, 'edge_hidden_dim': 51, 'depth': 1, 'rep_dropout': 0.049703774568414384, 'train_learning_rate': 0.0024265441798460158, 'train_lr_reduce': 0.6}. Best is trial 122 with value: 0.09548358619213104.
[I 2024-12-19 19:02:38,551] Trial 696 finished with value: 0.1228143647313118 and parameters: {'mlp_n_layers': 4, 'mlp_dim_00': 451, 'mlp_dim_01': 475, 'mlp_dim_02': 427, 'mlp_dim_03': 316, 'node_hidden_dim': 94, 'edge_hidden_dim': 38, 'depth': 1, 'rep_dropout': 0.10278961779732111, 'train_learning_rate': 0.0011113613712679389, 'train_lr_reduce': 0.6}. Best is trial 122 with value: 0.09548358619213104.
[I 2024-12-19 19:02:58,963] Trial 700 finished with value: 0.11945686489343643 and parameters: {'mlp_n_layers': 4, 'mlp_dim_00': 352, 'mlp_dim_01': 467, 'mlp_dim_02': 343, 'mlp_dim_03': 208, 'node_hidden_dim': 125, 'edge_hidden_dim': 35, 'depth': 1, 'rep_dropout': 0.13544957296933688, 'train_learning_rate': 0.00044250660496450835, 'train_lr_reduce': 0.6}. Best is trial 122 with value: 0.09548358619213104.
[I 2024-12-19 19:03:11,281] Trial 701 finished with value: 0.10007663071155548 and parameters: {'mlp_n_layers': 4, 'mlp_dim_00': 493, 'mlp_dim_01': 438, 'mlp_dim_02': 472, 'mlp_dim_03': 357, 'node_hidden_dim': 63, 'edge_hidden_dim': 47, 'depth': 1, 'rep_dropout': 0.1084544560871143, 'train_learning_rate': 0.0007826700794390424, 'train_lr_reduce': 0.6}. Best is trial 122 with value: 0.09548358619213104.
[I 2024-12-19 19:03:23,937] Trial 704 finished with value: 1.6868025064468384 and parameters: {'mlp_n_layers': 4, 'mlp_dim_00': 457, 'mlp_dim_01': 430, 'mlp_dim_02': 488, 'mlp_dim_03': 350, 'node_hidden_dim': 100, 'edge_hidden_dim': 61, 'depth': 4, 'rep_dropout': 0.13567778868558106, 'train_learning_rate': 0.0001787217122441791, 'train_lr_reduce': 0.6}. Best is trial 122 with value: 0.09548358619213104.
[I 2024-12-19 19:03:26,057] Trial 702 finished with value: 0.12390974909067154 and parameters: {'mlp_n_layers': 4, 'mlp_dim_00': 489, 'mlp_dim_01': 512, 'mlp_dim_02': 421, 'mlp_dim_03': 292, 'node_hidden_dim': 77, 'edge_hidden_dim': 54, 'depth': 1, 'rep_dropout': 0.05787141600439415, 'train_learning_rate': 0.0007241004631282766, 'train_lr_reduce': 0.6}. Best is trial 122 with value: 0.09548358619213104.
[I 2024-12-19 19:03:28,612] Trial 705 finished with value: 1.6531970500946045 and parameters: {'mlp_n_layers': 4, 'mlp_dim_00': 434, 'mlp_dim_01': 426, 'mlp_dim_02': 481, 'mlp_dim_03': 334, 'node_hidden_dim': 65, 'edge_hidden_dim': 41, 'depth': 1, 'rep_dropout': 0.08790210718803998, 'train_learning_rate': 0.0010974521829666159, 'train_lr_reduce': 0.6}. Best is trial 122 with value: 0.09548358619213104.
[I 2024-12-19 19:03:31,134] Trial 706 finished with value: 1.6701346635818481 and parameters: {'mlp_n_layers': 4, 'mlp_dim_00': 510, 'mlp_dim_01': 428, 'mlp_dim_02': 472, 'mlp_dim_03': 359, 'node_hidden_dim': 94, 'edge_hidden_dim': 73, 'depth': 2, 'rep_dropout': 0.08725814899294301, 'train_learning_rate': 0.0004882169742107601, 'train_lr_reduce': 0.6}. Best is trial 122 with value: 0.09548358619213104.
[I 2024-12-19 19:03:40,063] Trial 707 finished with value: 1.2854657173156738 and parameters: {'mlp_n_layers': 4, 'mlp_dim_00': 436, 'mlp_dim_01': 429, 'mlp_dim_02': 504, 'mlp_dim_03': 344, 'node_hidden_dim': 64, 'edge_hidden_dim': 34, 'depth': 2, 'rep_dropout': 0.11406412133176352, 'train_learning_rate': 0.0010088985740815285, 'train_lr_reduce': 0.6}. Best is trial 122 with value: 0.09548358619213104.
[I 2024-12-19 19:03:46,276] Trial 703 finished with value: 0.263285368680954 and parameters: {'mlp_n_layers': 4, 'mlp_dim_00': 471, 'mlp_dim_01': 463, 'mlp_dim_02': 356, 'mlp_dim_03': 368, 'node_hidden_dim': 78, 'edge_hidden_dim': 32, 'depth': 1, 'rep_dropout': 0.10786456783227831, 'train_learning_rate': 0.0009358873395082085, 'train_lr_reduce': 0.6}. Best is trial 122 with value: 0.09548358619213104.
[I 2024-12-19 19:03:51,267] Trial 709 finished with value: 1.3161306381225586 and parameters: {'mlp_n_layers': 4, 'mlp_dim_00': 471, 'mlp_dim_01': 433, 'mlp_dim_02': 453, 'mlp_dim_03': 283, 'node_hidden_dim': 122, 'edge_hidden_dim': 80, 'depth': 2, 'rep_dropout': 0.11281759231835123, 'train_learning_rate': 0.0003960408431254965, 'train_lr_reduce': 0.6}. Best is trial 122 with value: 0.09548358619213104.
[I 2024-12-19 19:03:51,575] Trial 710 finished with value: 1.657779574394226 and parameters: {'mlp_n_layers': 1, 'mlp_dim_00': 319, 'node_hidden_dim': 110, 'edge_hidden_dim': 110, 'depth': 4, 'rep_dropout': 0.13913680503537787, 'train_learning_rate': 0.0001445020422845221, 'train_lr_reduce': 0.6}. Best is trial 122 with value: 0.09548358619213104.
[I 2024-12-19 19:03:57,462] Trial 712 finished with value: 1.6421211957931519 and parameters: {'mlp_n_layers': 1, 'mlp_dim_00': 498, 'node_hidden_dim': 80, 'edge_hidden_dim': 108, 'depth': 1, 'rep_dropout': 0.12724653752844067, 'train_learning_rate': 0.000278088480549287, 'train_lr_reduce': 0.6}. Best is trial 122 with value: 0.09548358619213104.
[I 2024-12-19 19:04:04,935] Trial 713 finished with value: 1.686727523803711 and parameters: {'mlp_n_layers': 3, 'mlp_dim_00': 386, 'mlp_dim_01': 432, 'mlp_dim_02': 498, 'node_hidden_dim': 37, 'edge_hidden_dim': 44, 'depth': 4, 'rep_dropout': 0.1097237390122334, 'train_learning_rate': 0.0001057901526770461, 'train_lr_reduce': 0.6}. Best is trial 122 with value: 0.09548358619213104.
[I 2024-12-19 19:04:16,349] Trial 708 finished with value: 0.12365816533565521 and parameters: {'mlp_n_layers': 4, 'mlp_dim_00': 375, 'mlp_dim_01': 429, 'mlp_dim_02': 454, 'mlp_dim_03': 368, 'node_hidden_dim': 79, 'edge_hidden_dim': 35, 'depth': 1, 'rep_dropout': 0.10234772712491937, 'train_learning_rate': 0.0006237082126509849, 'train_lr_reduce': 0.6}. Best is trial 122 with value: 0.09548358619213104.
[I 2024-12-19 19:04:21,852] Trial 715 finished with value: 1.6129320859909058 and parameters: {'mlp_n_layers': 4, 'mlp_dim_00': 498, 'mlp_dim_01': 451, 'mlp_dim_02': 428, 'mlp_dim_03': 395, 'node_hidden_dim': 72, 'edge_hidden_dim': 35, 'depth': 1, 'rep_dropout': 0.12001470904314171, 'train_learning_rate': 0.0018995549289999524, 'train_lr_reduce': 0.6}. Best is trial 122 with value: 0.09548358619213104.
[I 2024-12-19 19:04:38,057] Trial 711 finished with value: 0.11799968034029007 and parameters: {'mlp_n_layers': 4, 'mlp_dim_00': 443, 'mlp_dim_01': 437, 'mlp_dim_02': 456, 'mlp_dim_03': 367, 'node_hidden_dim': 78, 'edge_hidden_dim': 53, 'depth': 1, 'rep_dropout': 0.10861943285601947, 'train_learning_rate': 0.0005408404309097862, 'train_lr_reduce': 0.6}. Best is trial 122 with value: 0.09548358619213104.
[I 2024-12-19 19:04:43,594] Trial 717 finished with value: 1.6867477893829346 and parameters: {'mlp_n_layers': 4, 'mlp_dim_00': 504, 'mlp_dim_01': 465, 'mlp_dim_02': 471, 'mlp_dim_03': 309, 'node_hidden_dim': 74, 'edge_hidden_dim': 35, 'depth': 1, 'rep_dropout': 0.07891958105919672, 'train_learning_rate': 0.00015813713902544782, 'train_lr_reduce': 0.6}. Best is trial 122 with value: 0.09548358619213104.
[I 2024-12-19 19:04:46,630] Trial 714 finished with value: 0.1370929628610611 and parameters: {'mlp_n_layers': 1, 'mlp_dim_00': 306, 'node_hidden_dim': 51, 'edge_hidden_dim': 118, 'depth': 1, 'rep_dropout': 0.08463594943858993, 'train_learning_rate': 0.003958414980552153, 'train_lr_reduce': 0.6}. Best is trial 122 with value: 0.09548358619213104.
