[I 2024-12-19 21:37:35,061] Trial 2038 finished with value: 1.677186131477356 and parameters: {'mlp_n_layers': 4, 'mlp_dim_00': 449, 'mlp_dim_01': 421, 'mlp_dim_02': 355, 'mlp_dim_03': 435, 'node_hidden_dim': 53, 'edge_hidden_dim': 58, 'depth': 2, 'rep_dropout': 0.1325380505646371, 'train_learning_rate': 0.001059210023828341, 'train_lr_reduce': 0.6}. Best is trial 122 with value: 0.09548358619213104.
[I 2024-12-19 21:37:47,108] Trial 2033 finished with value: 0.11943532526493073 and parameters: {'mlp_n_layers': 3, 'mlp_dim_00': 413, 'mlp_dim_01': 447, 'mlp_dim_02': 389, 'node_hidden_dim': 98, 'edge_hidden_dim': 103, 'depth': 1, 'rep_dropout': 0.10210202014561878, 'train_learning_rate': 0.0010024528799643957, 'train_lr_reduce': 0.6}. Best is trial 122 with value: 0.09548358619213104.
[I 2024-12-19 21:38:07,532] Trial 2040 finished with value: 0.31416866183280945 and parameters: {'mlp_n_layers': 4, 'mlp_dim_00': 424, 'mlp_dim_01': 384, 'mlp_dim_02': 306, 'mlp_dim_03': 313, 'node_hidden_dim': 90, 'edge_hidden_dim': 51, 'depth': 1, 'rep_dropout': 0.10907419757600628, 'train_learning_rate': 0.0015519393368131757, 'train_lr_reduce': 0.6}. Best is trial 122 with value: 0.09548358619213104.
[I 2024-12-19 21:38:12,562] Trial 2036 finished with value: 0.13720005750656128 and parameters: {'mlp_n_layers': 3, 'mlp_dim_00': 385, 'mlp_dim_01': 334, 'mlp_dim_02': 270, 'node_hidden_dim': 100, 'edge_hidden_dim': 56, 'depth': 1, 'rep_dropout': 0.10592992081927663, 'train_learning_rate': 0.0005284930019052565, 'train_lr_reduce': 0.6}. Best is trial 122 with value: 0.09548358619213104.
[I 2024-12-19 21:38:13,288] Trial 2039 finished with value: 0.1464572250843048 and parameters: {'mlp_n_layers': 4, 'mlp_dim_00': 187, 'mlp_dim_01': 290, 'mlp_dim_02': 419, 'mlp_dim_03': 451, 'node_hidden_dim': 102, 'edge_hidden_dim': 55, 'depth': 1, 'rep_dropout': 0.05784301697624941, 'train_learning_rate': 0.001220489929415212, 'train_lr_reduce': 0.6}. Best is trial 122 with value: 0.09548358619213104.
[I 2024-12-19 21:38:18,937] Trial 2043 finished with value: 1.6818550825119019 and parameters: {'mlp_n_layers': 4, 'mlp_dim_00': 411, 'mlp_dim_01': 340, 'mlp_dim_02': 331, 'mlp_dim_03': 411, 'node_hidden_dim': 79, 'edge_hidden_dim': 59, 'depth': 2, 'rep_dropout': 0.1194341878100257, 'train_learning_rate': 0.0002948434658820172, 'train_lr_reduce': 0.6}. Best is trial 122 with value: 0.09548358619213104.
[I 2024-12-19 21:38:24,465] Trial 2044 finished with value: 1.563927412033081 and parameters: {'mlp_n_layers': 1, 'mlp_dim_00': 105, 'node_hidden_dim': 72, 'edge_hidden_dim': 113, 'depth': 4, 'rep_dropout': 0.04439725411935992, 'train_learning_rate': 0.0017820938186096427, 'train_lr_reduce': 0.6}. Best is trial 122 with value: 0.09548358619213104.
[I 2024-12-19 21:38:27,035] Trial 2042 finished with value: 0.4630794823169708 and parameters: {'mlp_n_layers': 4, 'mlp_dim_00': 265, 'mlp_dim_01': 511, 'mlp_dim_02': 450, 'mlp_dim_03': 478, 'node_hidden_dim': 41, 'edge_hidden_dim': 93, 'depth': 1, 'rep_dropout': 0.014363674526028401, 'train_learning_rate': 0.002778304272664226, 'train_lr_reduce': 0.6}. Best is trial 122 with value: 0.09548358619213104.
[I 2024-12-19 21:38:29,392] Trial 2045 finished with value: 1.6777727603912354 and parameters: {'mlp_n_layers': 4, 'mlp_dim_00': 390, 'mlp_dim_01': 307, 'mlp_dim_02': 406, 'mlp_dim_03': 443, 'node_hidden_dim': 55, 'edge_hidden_dim': 57, 'depth': 1, 'rep_dropout': 0.11215081219470542, 'train_learning_rate': 0.0003577591105262382, 'train_lr_reduce': 0.6}. Best is trial 122 with value: 0.09548358619213104.
[I 2024-12-19 21:38:35,166] Trial 2047 finished with value: 1.639344573020935 and parameters: {'mlp_n_layers': 3, 'mlp_dim_00': 417, 'mlp_dim_01': 471, 'mlp_dim_02': 361, 'node_hidden_dim': 61, 'edge_hidden_dim': 42, 'depth': 1, 'rep_dropout': 0.1220911551539547, 'train_learning_rate': 0.0020967809043395224, 'train_lr_reduce': 0.6}. Best is trial 122 with value: 0.09548358619213104.
[I 2024-12-19 21:38:40,843] Trial 2048 finished with value: 1.6593297719955444 and parameters: {'mlp_n_layers': 3, 'mlp_dim_00': 398, 'mlp_dim_01': 364, 'mlp_dim_02': 511, 'node_hidden_dim': 83, 'edge_hidden_dim': 58, 'depth': 1, 'rep_dropout': 0.10965182388370237, 'train_learning_rate': 0.0004757725286788305, 'train_lr_reduce': 0.6}. Best is trial 122 with value: 0.09548358619213104.
[I 2024-12-19 21:38:43,558] Trial 2041 finished with value: 0.1344638466835022 and parameters: {'mlp_n_layers': 4, 'mlp_dim_00': 368, 'mlp_dim_01': 448, 'mlp_dim_02': 382, 'mlp_dim_03': 367, 'node_hidden_dim': 74, 'edge_hidden_dim': 94, 'depth': 1, 'rep_dropout': 0.06564307668165757, 'train_learning_rate': 0.0005187273325240343, 'train_lr_reduce': 0.6}. Best is trial 122 with value: 0.09548358619213104.
[I 2024-12-19 21:39:04,981] Trial 2050 finished with value: 0.2311118096113205 and parameters: {'mlp_n_layers': 4, 'mlp_dim_00': 230, 'mlp_dim_01': 447, 'mlp_dim_02': 297, 'mlp_dim_03': 481, 'node_hidden_dim': 74, 'edge_hidden_dim': 77, 'depth': 1, 'rep_dropout': 0.10257372304073392, 'train_learning_rate': 0.0015659971824001273, 'train_lr_reduce': 0.6}. Best is trial 122 with value: 0.09548358619213104.
[I 2024-12-19 21:39:10,419] Trial 2051 finished with value: 1.6626942157745361 and parameters: {'mlp_n_layers': 4, 'mlp_dim_00': 482, 'mlp_dim_01': 186, 'mlp_dim_02': 446, 'mlp_dim_03': 410, 'node_hidden_dim': 38, 'edge_hidden_dim': 54, 'depth': 1, 'rep_dropout': 0.08704739613642226, 'train_learning_rate': 0.0015926712434491915, 'train_lr_reduce': 0.6}. Best is trial 122 with value: 0.09548358619213104.
[I 2024-12-19 21:39:11,487] Trial 2046 finished with value: 0.17504118382930756 and parameters: {'mlp_n_layers': 4, 'mlp_dim_00': 463, 'mlp_dim_01': 407, 'mlp_dim_02': 475, 'mlp_dim_03': 378, 'node_hidden_dim': 79, 'edge_hidden_dim': 51, 'depth': 1, 'rep_dropout': 0.12025987753654518, 'train_learning_rate': 0.000567319368768107, 'train_lr_reduce': 0.6}. Best is trial 122 with value: 0.09548358619213104.
[I 2024-12-19 21:39:23,086] Trial 2049 finished with value: 0.11919742822647095 and parameters: {'mlp_n_layers': 4, 'mlp_dim_00': 366, 'mlp_dim_01': 278, 'mlp_dim_02': 139, 'mlp_dim_03': 321, 'node_hidden_dim': 80, 'edge_hidden_dim': 51, 'depth': 1, 'rep_dropout': 0.09148723637362435, 'train_learning_rate': 0.0014718577392425745, 'train_lr_reduce': 0.6}. Best is trial 122 with value: 0.09548358619213104.
[I 2024-12-19 21:39:34,693] Trial 2054 finished with value: 0.9751023054122925 and parameters: {'mlp_n_layers': 4, 'mlp_dim_00': 419, 'mlp_dim_01': 339, 'mlp_dim_02': 346, 'mlp_dim_03': 267, 'node_hidden_dim': 70, 'edge_hidden_dim': 83, 'depth': 1, 'rep_dropout': 0.0731116611984693, 'train_learning_rate': 0.001400057853126242, 'train_lr_reduce': 0.6}. Best is trial 122 with value: 0.09548358619213104.
[I 2024-12-19 21:39:52,537] Trial 2052 finished with value: 0.10681062936782837 and parameters: {'mlp_n_layers': 4, 'mlp_dim_00': 380, 'mlp_dim_01': 414, 'mlp_dim_02': 217, 'mlp_dim_03': 510, 'node_hidden_dim': 79, 'edge_hidden_dim': 49, 'depth': 1, 'rep_dropout': 0.09564163616086878, 'train_learning_rate': 0.0007702263056579739, 'train_lr_reduce': 0.6}. Best is trial 122 with value: 0.09548358619213104.
[I 2024-12-19 21:39:53,385] Trial 2053 finished with value: 0.12211783975362778 and parameters: {'mlp_n_layers': 4, 'mlp_dim_00': 204, 'mlp_dim_01': 481, 'mlp_dim_02': 401, 'mlp_dim_03': 446, 'node_hidden_dim': 80, 'edge_hidden_dim': 85, 'depth': 1, 'rep_dropout': 0.09820457108331047, 'train_learning_rate': 0.0003716389587895286, 'train_lr_reduce': 0.6}. Best is trial 122 with value: 0.09548358619213104.
[I 2024-12-19 21:39:57,040] Trial 2055 finished with value: 0.22304128110408783 and parameters: {'mlp_n_layers': 4, 'mlp_dim_00': 308, 'mlp_dim_01': 258, 'mlp_dim_02': 480, 'mlp_dim_03': 348, 'node_hidden_dim': 73, 'edge_hidden_dim': 46, 'depth': 1, 'rep_dropout': 0.09527123228338252, 'train_learning_rate': 0.002453459180547957, 'train_lr_reduce': 0.6}. Best is trial 122 with value: 0.09548358619213104.
[I 2024-12-19 21:40:02,856] Trial 2058 finished with value: 1.6742322444915771 and parameters: {'mlp_n_layers': 4, 'mlp_dim_00': 308, 'mlp_dim_01': 479, 'mlp_dim_02': 319, 'mlp_dim_03': 385, 'node_hidden_dim': 63, 'edge_hidden_dim': 63, 'depth': 1, 'rep_dropout': 0.0814683977452753, 'train_learning_rate': 0.0003982688874806607, 'train_lr_reduce': 0.6}. Best is trial 122 with value: 0.09548358619213104.
[I 2024-12-19 21:40:26,159] Trial 2056 finished with value: 0.2244551032781601 and parameters: {'mlp_n_layers': 4, 'mlp_dim_00': 94, 'mlp_dim_01': 385, 'mlp_dim_02': 422, 'mlp_dim_03': 412, 'node_hidden_dim': 99, 'edge_hidden_dim': 64, 'depth': 2, 'rep_dropout': 0.1017070461648549, 'train_learning_rate': 0.0010088848600354038, 'train_lr_reduce': 0.6}. Best is trial 122 with value: 0.09548358619213104.
[I 2024-12-19 21:40:31,633] Trial 2060 finished with value: 1.6787872314453125 and parameters: {'mlp_n_layers': 4, 'mlp_dim_00': 254, 'mlp_dim_01': 433, 'mlp_dim_02': 479, 'mlp_dim_03': 473, 'node_hidden_dim': 71, 'edge_hidden_dim': 70, 'depth': 1, 'rep_dropout': 0.07847814702934397, 'train_learning_rate': 0.0004054718961278573, 'train_lr_reduce': 0.6}. Best is trial 122 with value: 0.09548358619213104.
[I 2024-12-19 21:40:36,806] Trial 2057 finished with value: 0.1376046985387802 and parameters: {'mlp_n_layers': 4, 'mlp_dim_00': 478, 'mlp_dim_01': 306, 'mlp_dim_02': 381, 'mlp_dim_03': 479, 'node_hidden_dim': 75, 'edge_hidden_dim': 37, 'depth': 1, 'rep_dropout': 0.11999795311757515, 'train_learning_rate': 0.0020869172161160645, 'train_lr_reduce': 0.6}. Best is trial 122 with value: 0.09548358619213104.
[I 2024-12-19 21:40:38,185] Trial 2061 finished with value: 1.6842492818832397 and parameters: {'mlp_n_layers': 3, 'mlp_dim_00': 280, 'mlp_dim_01': 450, 'mlp_dim_02': 362, 'node_hidden_dim': 74, 'edge_hidden_dim': 56, 'depth': 2, 'rep_dropout': 0.05410338642157902, 'train_learning_rate': 0.0003126330337940259, 'train_lr_reduce': 0.6}. Best is trial 122 with value: 0.09548358619213104.
[I 2024-12-19 21:40:41,112] Trial 2059 finished with value: 0.1519382894039154 and parameters: {'mlp_n_layers': 4, 'mlp_dim_00': 375, 'mlp_dim_01': 348, 'mlp_dim_02': 448, 'mlp_dim_03': 438, 'node_hidden_dim': 69, 'edge_hidden_dim': 83, 'depth': 2, 'rep_dropout': 0.05409477461043348, 'train_learning_rate': 0.0016508062994535723, 'train_lr_reduce': 0.6}. Best is trial 122 with value: 0.09548358619213104.
[I 2024-12-19 21:40:42,282] Trial 2062 finished with value: 1.5626237392425537 and parameters: {'mlp_n_layers': 1, 'mlp_dim_00': 512, 'node_hidden_dim': 89, 'edge_hidden_dim': 108, 'depth': 2, 'rep_dropout': 0.06780005393821383, 'train_learning_rate': 0.0009849783095066272, 'train_lr_reduce': 0.6}. Best is trial 122 with value: 0.09548358619213104.
[I 2024-12-19 21:40:46,941] Trial 2064 finished with value: 1.6689643859863281 and parameters: {'mlp_n_layers': 3, 'mlp_dim_00': 451, 'mlp_dim_01': 306, 'mlp_dim_02': 411, 'node_hidden_dim': 70, 'edge_hidden_dim': 64, 'depth': 2, 'rep_dropout': 0.11309653290153311, 'train_learning_rate': 0.000961359903152725, 'train_lr_reduce': 0.6}. Best is trial 122 with value: 0.09548358619213104.
[I 2024-12-19 21:41:17,807] Trial 2066 finished with value: 0.1326548308134079 and parameters: {'mlp_n_layers': 3, 'mlp_dim_00': 506, 'mlp_dim_01': 382, 'mlp_dim_02': 480, 'node_hidden_dim': 70, 'edge_hidden_dim': 39, 'depth': 1, 'rep_dropout': 0.12737023087830374, 'train_learning_rate': 0.0016624056569211545, 'train_lr_reduce': 0.6}. Best is trial 122 with value: 0.09548358619213104.
[I 2024-12-19 21:41:22,915] Trial 2067 finished with value: 1.6662052869796753 and parameters: {'mlp_n_layers': 2, 'mlp_dim_00': 113, 'mlp_dim_01': 423, 'node_hidden_dim': 71, 'edge_hidden_dim': 86, 'depth': 3, 'rep_dropout': 0.050109297280029524, 'train_learning_rate': 0.00010474885538248013, 'train_lr_reduce': 0.6}. Best is trial 122 with value: 0.09548358619213104.
[I 2024-12-19 21:41:25,196] Trial 2063 finished with value: 0.1068347617983818 and parameters: {'mlp_n_layers': 4, 'mlp_dim_00': 421, 'mlp_dim_01': 512, 'mlp_dim_02': 287, 'mlp_dim_03': 512, 'node_hidden_dim': 93, 'edge_hidden_dim': 69, 'depth': 1, 'rep_dropout': 0.12204384278954847, 'train_learning_rate': 0.0005696209145093657, 'train_lr_reduce': 0.6}. Best is trial 122 with value: 0.09548358619213104.
[I 2024-12-19 21:41:26,749] Trial 2065 finished with value: 0.0980791375041008 and parameters: {'mlp_n_layers': 4, 'mlp_dim_00': 285, 'mlp_dim_01': 512, 'mlp_dim_02': 324, 'mlp_dim_03': 331, 'node_hidden_dim': 94, 'edge_hidden_dim': 50, 'depth': 1, 'rep_dropout': 0.10145823511949316, 'train_learning_rate': 0.000617844962413773, 'train_lr_reduce': 0.6}. Best is trial 122 with value: 0.09548358619213104.
[I 2024-12-19 21:41:31,641] Trial 2070 finished with value: 1.6751686334609985 and parameters: {'mlp_n_layers': 3, 'mlp_dim_00': 414, 'mlp_dim_01': 485, 'mlp_dim_02': 316, 'node_hidden_dim': 91, 'edge_hidden_dim': 49, 'depth': 1, 'rep_dropout': 0.0901730524668065, 'train_learning_rate': 0.00020370466257616182, 'train_lr_reduce': 0.6}. Best is trial 122 with value: 0.09548358619213104.
[I 2024-12-19 21:41:31,979] Trial 2069 finished with value: 1.6898692846298218 and parameters: {'mlp_n_layers': 4, 'mlp_dim_00': 108, 'mlp_dim_01': 233, 'mlp_dim_02': 375, 'mlp_dim_03': 447, 'node_hidden_dim': 103, 'edge_hidden_dim': 63, 'depth': 1, 'rep_dropout': 0.14011323057169522, 'train_learning_rate': 0.00014194921010461783, 'train_lr_reduce': 0.6}. Best is trial 122 with value: 0.09548358619213104.
[I 2024-12-19 21:41:37,439] Trial 2072 finished with value: 1.6718227863311768 and parameters: {'mlp_n_layers': 3, 'mlp_dim_00': 75, 'mlp_dim_01': 506, 'mlp_dim_02': 318, 'node_hidden_dim': 107, 'edge_hidden_dim': 41, 'depth': 3, 'rep_dropout': 0.02816129068676366, 'train_learning_rate': 0.00016583578532807994, 'train_lr_reduce': 0.6}. Best is trial 122 with value: 0.09548358619213104.
[I 2024-12-19 21:41:47,575] Trial 2068 finished with value: 0.17731653153896332 and parameters: {'mlp_n_layers': 4, 'mlp_dim_00': 473, 'mlp_dim_01': 275, 'mlp_dim_02': 256, 'mlp_dim_03': 376, 'node_hidden_dim': 83, 'edge_hidden_dim': 53, 'depth': 1, 'rep_dropout': 0.10652732660549724, 'train_learning_rate': 0.0011243421407684847, 'train_lr_reduce': 0.6}. Best is trial 122 with value: 0.09548358619213104.
[I 2024-12-19 21:41:59,190] Trial 2073 finished with value: 0.23340825736522675 and parameters: {'mlp_n_layers': 4, 'mlp_dim_00': 287, 'mlp_dim_01': 478, 'mlp_dim_02': 319, 'mlp_dim_03': 304, 'node_hidden_dim': 103, 'edge_hidden_dim': 47, 'depth': 2, 'rep_dropout': 0.1025044908250842, 'train_learning_rate': 0.0015061381203370224, 'train_lr_reduce': 0.6}. Best is trial 122 with value: 0.09548358619213104.
[I 2024-12-19 21:42:10,640] Trial 2071 finished with value: 0.10021404176950455 and parameters: {'mlp_n_layers': 4, 'mlp_dim_00': 297, 'mlp_dim_01': 329, 'mlp_dim_02': 307, 'mlp_dim_03': 283, 'node_hidden_dim': 93, 'edge_hidden_dim': 65, 'depth': 1, 'rep_dropout': 0.09665755331304067, 'train_learning_rate': 0.0006376711310518161, 'train_lr_reduce': 0.6}. Best is trial 122 with value: 0.09548358619213104.
[I 2024-12-19 21:42:11,464] Trial 2074 finished with value: 0.2946659326553345 and parameters: {'mlp_n_layers': 4, 'mlp_dim_00': 100, 'mlp_dim_01': 374, 'mlp_dim_02': 328, 'mlp_dim_03': 353, 'node_hidden_dim': 91, 'edge_hidden_dim': 85, 'depth': 1, 'rep_dropout': 0.0035694593032403604, 'train_learning_rate': 0.008282657652767372, 'train_lr_reduce': 0.6}. Best is trial 122 with value: 0.09548358619213104.
[I 2024-12-19 21:42:16,719] Trial 2076 finished with value: 1.5643144845962524 and parameters: {'mlp_n_layers': 3, 'mlp_dim_00': 76, 'mlp_dim_01': 483, 'mlp_dim_02': 329, 'node_hidden_dim': 127, 'edge_hidden_dim': 50, 'depth': 4, 'rep_dropout': 0.0756553620922088, 'train_learning_rate': 0.006548881168757255, 'train_lr_reduce': 0.6}. Best is trial 122 with value: 0.09548358619213104.
[I 2024-12-19 21:42:34,667] Trial 2075 finished with value: 0.1718473881483078 and parameters: {'mlp_n_layers': 2, 'mlp_dim_00': 73, 'mlp_dim_01': 320, 'node_hidden_dim': 104, 'edge_hidden_dim': 97, 'depth': 2, 'rep_dropout': 0.05034684581809869, 'train_learning_rate': 0.004253999951470036, 'train_lr_reduce': 0.6}. Best is trial 122 with value: 0.09548358619213104.
[I 2024-12-19 21:42:54,994] Trial 2079 finished with value: 0.3213338255882263 and parameters: {'mlp_n_layers': 4, 'mlp_dim_00': 274, 'mlp_dim_01': 288, 'mlp_dim_02': 286, 'mlp_dim_03': 315, 'node_hidden_dim': 87, 'edge_hidden_dim': 50, 'depth': 1, 'rep_dropout': 0.11917339676531738, 'train_learning_rate': 0.0012862605024635207, 'train_lr_reduce': 0.6}. Best is trial 122 with value: 0.09548358619213104.
[I 2024-12-19 21:42:57,575] Trial 2078 finished with value: 0.19329939782619476 and parameters: {'mlp_n_layers': 3, 'mlp_dim_00': 274, 'mlp_dim_01': 356, 'mlp_dim_02': 340, 'node_hidden_dim': 101, 'edge_hidden_dim': 93, 'depth': 2, 'rep_dropout': 0.03909277421466447, 'train_learning_rate': 0.0017937999421656606, 'train_lr_reduce': 0.6}. Best is trial 122 with value: 0.09548358619213104.
[I 2024-12-19 21:42:57,580] Trial 2077 finished with value: 0.112053781747818 and parameters: {'mlp_n_layers': 4, 'mlp_dim_00': 257, 'mlp_dim_01': 510, 'mlp_dim_02': 336, 'mlp_dim_03': 312, 'node_hidden_dim': 104, 'edge_hidden_dim': 51, 'depth': 1, 'rep_dropout': 0.12997993304998062, 'train_learning_rate': 0.0006519251801690276, 'train_lr_reduce': 0.6}. Best is trial 122 with value: 0.09548358619213104.
[I 2024-12-19 21:43:01,947] Trial 2080 finished with value: 1.63310706615448 and parameters: {'mlp_n_layers': 1, 'mlp_dim_00': 102, 'node_hidden_dim': 63, 'edge_hidden_dim': 103, 'depth': 4, 'rep_dropout': 0.038153675009584526, 'train_learning_rate': 0.0003559347213554172, 'train_lr_reduce': 0.6}. Best is trial 122 with value: 0.09548358619213104.
[I 2024-12-19 21:43:05,107] Trial 2082 finished with value: 1.5934467315673828 and parameters: {'mlp_n_layers': 3, 'mlp_dim_00': 473, 'mlp_dim_01': 411, 'mlp_dim_02': 296, 'node_hidden_dim': 64, 'edge_hidden_dim': 88, 'depth': 1, 'rep_dropout': 0.10394427535097812, 'train_learning_rate': 0.0012436221680369095, 'train_lr_reduce': 0.6}. Best is trial 122 with value: 0.09548358619213104.
[I 2024-12-19 21:43:45,320] Trial 2081 finished with value: 0.16729021072387695 and parameters: {'mlp_n_layers': 2, 'mlp_dim_00': 95, 'mlp_dim_01': 512, 'node_hidden_dim': 84, 'edge_hidden_dim': 110, 'depth': 1, 'rep_dropout': 0.0015465001672412548, 'train_learning_rate': 0.0014175712919741595, 'train_lr_reduce': 0.6}. Best is trial 122 with value: 0.09548358619213104.
[I 2024-12-19 21:43:50,304] Trial 2083 finished with value: 0.119041308760643 and parameters: {'mlp_n_layers': 4, 'mlp_dim_00': 252, 'mlp_dim_01': 379, 'mlp_dim_02': 353, 'mlp_dim_03': 314, 'node_hidden_dim': 96, 'edge_hidden_dim': 68, 'depth': 1, 'rep_dropout': 0.1093710656462611, 'train_learning_rate': 0.0003570920019900145, 'train_lr_reduce': 0.6}. Best is trial 122 with value: 0.09548358619213104.
[I 2024-12-19 21:43:51,402] Trial 2085 finished with value: 1.6743501424789429 and parameters: {'mlp_n_layers': 4, 'mlp_dim_00': 294, 'mlp_dim_01': 447, 'mlp_dim_02': 352, 'mlp_dim_03': 336, 'node_hidden_dim': 99, 'edge_hidden_dim': 40, 'depth': 1, 'rep_dropout': 0.0761455425330187, 'train_learning_rate': 0.00039126412872185745, 'train_lr_reduce': 0.6}. Best is trial 122 with value: 0.09548358619213104.
[I 2024-12-19 21:43:54,131] Trial 2084 finished with value: 0.4600234031677246 and parameters: {'mlp_n_layers': 4, 'mlp_dim_00': 294, 'mlp_dim_01': 318, 'mlp_dim_02': 315, 'mlp_dim_03': 321, 'node_hidden_dim': 91, 'edge_hidden_dim': 35, 'depth': 1, 'rep_dropout': 0.11456300155353857, 'train_learning_rate': 0.0006093891083937379, 'train_lr_reduce': 0.6}. Best is trial 122 with value: 0.09548358619213104.
[I 2024-12-19 21:44:10,618] Trial 2086 finished with value: 0.3109859526157379 and parameters: {'mlp_n_layers': 4, 'mlp_dim_00': 292, 'mlp_dim_01': 240, 'mlp_dim_02': 345, 'mlp_dim_03': 338, 'node_hidden_dim': 108, 'edge_hidden_dim': 62, 'depth': 1, 'rep_dropout': 0.09396257777352304, 'train_learning_rate': 0.0016623818234818247, 'train_lr_reduce': 0.6}. Best is trial 122 with value: 0.09548358619213104.
[I 2024-12-19 21:44:16,693] Trial 2089 finished with value: 1.5589038133621216 and parameters: {'mlp_n_layers': 1, 'mlp_dim_00': 503, 'node_hidden_dim': 119, 'edge_hidden_dim': 113, 'depth': 3, 'rep_dropout': 0.11435716386177364, 'train_learning_rate': 0.006695078146849333, 'train_lr_reduce': 0.6}. Best is trial 122 with value: 0.09548358619213104.
[I 2024-12-19 21:44:23,758] Trial 2090 finished with value: 1.6857677698135376 and parameters: {'mlp_n_layers': 4, 'mlp_dim_00': 295, 'mlp_dim_01': 344, 'mlp_dim_02': 296, 'mlp_dim_03': 259, 'node_hidden_dim': 78, 'edge_hidden_dim': 57, 'depth': 2, 'rep_dropout': 0.11129777797022695, 'train_learning_rate': 0.0004008154963233185, 'train_lr_reduce': 0.6}. Best is trial 122 with value: 0.09548358619213104.
[I 2024-12-19 21:44:29,550] Trial 2091 finished with value: 1.6709095239639282 and parameters: {'mlp_n_layers': 3, 'mlp_dim_00': 270, 'mlp_dim_01': 408, 'mlp_dim_02': 371, 'node_hidden_dim': 103, 'edge_hidden_dim': 32, 'depth': 1, 'rep_dropout': 0.10466244477892456, 'train_learning_rate': 0.0003915706950168953, 'train_lr_reduce': 0.6}. Best is trial 122 with value: 0.09548358619213104.
[I 2024-12-19 21:44:36,539] Trial 2087 finished with value: 0.10526715964078903 and parameters: {'mlp_n_layers': 4, 'mlp_dim_00': 262, 'mlp_dim_01': 510, 'mlp_dim_02': 303, 'mlp_dim_03': 301, 'node_hidden_dim': 80, 'edge_hidden_dim': 51, 'depth': 1, 'rep_dropout': 0.09922997676453202, 'train_learning_rate': 0.000316696006944834, 'train_lr_reduce': 0.6}. Best is trial 122 with value: 0.09548358619213104.
