[I 2024-12-25 13:34:42,615] Trial 162 finished with value: 1.1366177797317505 and parameters: {'L1_hidden_dim': 64, 'L1_layers_atom': 1, 'L1_layers_mol': 2, 'L1_dropout': 0.19488610708570023, 'L1_out_dim': 48, 'L2_hidden_dim': 176, 'L2_layers_atom': 3, 'L2_layers_mol': 1, 'L2_out_dim': 112, 'L2_dropout': 0.0073965889729832295, 'L3_hidden_dim': 80, 'L3_layers_atom': 3, 'L3_layers_mol': 2, 'L3_out_dim': 96, 'L3_dropout': 0.258912864445501, 'n_mlp_layers': 2, 'mlp_dim_0': 360, 'mlp_dim_1': 504, 'num_heads': 1, 'final_dropout': 0.11705908682478446, 'train_learning_rate': 0.00010632486493725647, 'train_lr_reduce': 0.6}. Best is trial 94 with value: 0.061345893889665604.
[I 2024-12-25 13:34:45,643] Trial 159 finished with value: 0.09731987863779068 and parameters: {'L1_hidden_dim': 112, 'L1_layers_atom': 2, 'L1_layers_mol': 4, 'L1_dropout': 0.24994890598307304, 'L1_out_dim': 32, 'L2_hidden_dim': 192, 'L2_layers_atom': 1, 'L2_layers_mol': 4, 'L2_out_dim': 128, 'L2_dropout': 0.11280887226544414, 'L3_hidden_dim': 96, 'L3_layers_atom': 3, 'L3_layers_mol': 1, 'L3_out_dim': 96, 'L3_dropout': 0.14367056443026308, 'n_mlp_layers': 1, 'mlp_dim_0': 512, 'num_heads': 2, 'final_dropout': 0.043078308728087114, 'train_learning_rate': 0.0001478631024962553, 'train_lr_reduce': 0.6}. Best is trial 94 with value: 0.061345893889665604.
[I 2024-12-25 13:35:03,279] Trial 163 finished with value: 1.1874345541000366 and parameters: {'L1_hidden_dim': 64, 'L1_layers_atom': 1, 'L1_layers_mol': 4, 'L1_dropout': 0.29075906027474346, 'L1_out_dim': 32, 'L2_hidden_dim': 224, 'L2_layers_atom': 4, 'L2_layers_mol': 1, 'L2_out_dim': 128, 'L2_dropout': 0.08744605350396499, 'L3_hidden_dim': 32, 'L3_layers_atom': 3, 'L3_layers_mol': 2, 'L3_out_dim': 128, 'L3_dropout': 0.17519632156985748, 'n_mlp_layers': 2, 'mlp_dim_0': 128, 'mlp_dim_1': 424, 'num_heads': 1, 'final_dropout': 0.07352139860331652, 'train_learning_rate': 0.00016142499278712648, 'train_lr_reduce': 0.6}. Best is trial 94 with value: 0.061345893889665604.
[I 2024-12-25 13:35:37,593] Trial 160 finished with value: 0.06325138360261917 and parameters: {'L1_hidden_dim': 96, 'L1_layers_atom': 3, 'L1_layers_mol': 4, 'L1_dropout': 0.2858311316823611, 'L1_out_dim': 32, 'L2_hidden_dim': 240, 'L2_layers_atom': 4, 'L2_layers_mol': 1, 'L2_out_dim': 112, 'L2_dropout': 0.0028014980362474962, 'L3_hidden_dim': 48, 'L3_layers_atom': 4, 'L3_layers_mol': 1, 'L3_out_dim': 112, 'L3_dropout': 0.1597467354206742, 'n_mlp_layers': 3, 'mlp_dim_0': 240, 'mlp_dim_1': 464, 'mlp_dim_2': 192, 'num_heads': 1, 'final_dropout': 0.09235214550310951, 'train_learning_rate': 0.0024409103043318116, 'train_lr_reduce': 0.6}. Best is trial 94 with value: 0.061345893889665604.
[I 2024-12-25 13:36:01,351] Trial 164 finished with value: 0.09896865487098694 and parameters: {'L1_hidden_dim': 96, 'L1_layers_atom': 2, 'L1_layers_mol': 4, 'L1_dropout': 0.24567147016841867, 'L1_out_dim': 32, 'L2_hidden_dim': 160, 'L2_layers_atom': 3, 'L2_layers_mol': 3, 'L2_out_dim': 80, 'L2_dropout': 0.265821350751177, 'L3_hidden_dim': 128, 'L3_layers_atom': 2, 'L3_layers_mol': 3, 'L3_out_dim': 112, 'L3_dropout': 0.26413777699545743, 'n_mlp_layers': 2, 'mlp_dim_0': 48, 'mlp_dim_1': 448, 'num_heads': 1, 'final_dropout': 0.003362946910075156, 'train_learning_rate': 0.0031877038324514173, 'train_lr_reduce': 0.6}. Best is trial 94 with value: 0.061345893889665604.
[I 2024-12-25 13:36:28,756] Trial 165 finished with value: 0.0926317572593689 and parameters: {'L1_hidden_dim': 64, 'L1_layers_atom': 1, 'L1_layers_mol': 2, 'L1_dropout': 0.15213933460553425, 'L1_out_dim': 48, 'L2_hidden_dim': 160, 'L2_layers_atom': 1, 'L2_layers_mol': 2, 'L2_out_dim': 128, 'L2_dropout': 0.11563037092986198, 'L3_hidden_dim': 80, 'L3_layers_atom': 3, 'L3_layers_mol': 1, 'L3_out_dim': 96, 'L3_dropout': 0.2434864308439864, 'n_mlp_layers': 2, 'mlp_dim_0': 296, 'mlp_dim_1': 272, 'num_heads': 1, 'final_dropout': 0.17663475631472325, 'train_learning_rate': 0.0005711906683073579, 'train_lr_reduce': 0.6}. Best is trial 94 with value: 0.061345893889665604.
[I 2024-12-25 13:37:33,187] Trial 166 finished with value: 0.13878773152828217 and parameters: {'L1_hidden_dim': 112, 'L1_layers_atom': 4, 'L1_layers_mol': 3, 'L1_dropout': 0.17773189128176642, 'L1_out_dim': 32, 'L2_hidden_dim': 208, 'L2_layers_atom': 4, 'L2_layers_mol': 1, 'L2_out_dim': 128, 'L2_dropout': 0.021305413571983806, 'L3_hidden_dim': 32, 'L3_layers_atom': 4, 'L3_layers_mol': 1, 'L3_out_dim': 96, 'L3_dropout': 0.10198633217874273, 'n_mlp_layers': 2, 'mlp_dim_0': 320, 'mlp_dim_1': 464, 'num_heads': 2, 'final_dropout': 0.1180968480044993, 'train_learning_rate': 0.006467648720928304, 'train_lr_reduce': 0.6}. Best is trial 94 with value: 0.061345893889665604.
[I 2024-12-25 13:37:37,923] Trial 168 finished with value: 0.0902521163225174 and parameters: {'L1_hidden_dim': 80, 'L1_layers_atom': 2, 'L1_layers_mol': 3, 'L1_dropout': 0.2199319587180354, 'L1_out_dim': 48, 'L2_hidden_dim': 240, 'L2_layers_atom': 4, 'L2_layers_mol': 1, 'L2_out_dim': 128, 'L2_dropout': 0.03606471838057506, 'L3_hidden_dim': 48, 'L3_layers_atom': 3, 'L3_layers_mol': 1, 'L3_out_dim': 128, 'L3_dropout': 0.10575774964127668, 'n_mlp_layers': 3, 'mlp_dim_0': 232, 'mlp_dim_1': 512, 'mlp_dim_2': 184, 'num_heads': 1, 'final_dropout': 0.1169331935742345, 'train_learning_rate': 0.004619509983230514, 'train_lr_reduce': 0.6}. Best is trial 94 with value: 0.061345893889665604.
[I 2024-12-25 13:37:50,671] Trial 169 finished with value: 1.0567505359649658 and parameters: {'L1_hidden_dim': 96, 'L1_layers_atom': 3, 'L1_layers_mol': 3, 'L1_dropout': 0.26325422592644043, 'L1_out_dim': 32, 'L2_hidden_dim': 256, 'L2_layers_atom': 3, 'L2_layers_mol': 1, 'L2_out_dim': 128, 'L2_dropout': 0.053324841068240314, 'L3_hidden_dim': 80, 'L3_layers_atom': 4, 'L3_layers_mol': 2, 'L3_out_dim': 128, 'L3_dropout': 0.23696076145384326, 'n_mlp_layers': 2, 'mlp_dim_0': 480, 'mlp_dim_1': 448, 'num_heads': 1, 'final_dropout': 0.04117815468887822, 'train_learning_rate': 0.000934584037183693, 'train_lr_reduce': 0.6}. Best is trial 94 with value: 0.061345893889665604.
[I 2024-12-25 13:38:05,867] Trial 167 finished with value: 0.09017471969127655 and parameters: {'L1_hidden_dim': 64, 'L1_layers_atom': 1, 'L1_layers_mol': 4, 'L1_dropout': 0.2598726414333704, 'L1_out_dim': 48, 'L2_hidden_dim': 112, 'L2_layers_atom': 1, 'L2_layers_mol': 3, 'L2_out_dim': 112, 'L2_dropout': 0.07788021092452127, 'L3_hidden_dim': 64, 'L3_layers_atom': 3, 'L3_layers_mol': 1, 'L3_out_dim': 128, 'L3_dropout': 0.1372690508589278, 'n_mlp_layers': 1, 'mlp_dim_0': 248, 'num_heads': 1, 'final_dropout': 0.08583394760021998, 'train_learning_rate': 0.0004267523695044482, 'train_lr_reduce': 0.6}. Best is trial 94 with value: 0.061345893889665604.
[I 2024-12-25 13:39:45,654] Trial 171 finished with value: 0.08594951778650284 and parameters: {'L1_hidden_dim': 112, 'L1_layers_atom': 1, 'L1_layers_mol': 2, 'L1_dropout': 0.18705474551970547, 'L1_out_dim': 64, 'L2_hidden_dim': 144, 'L2_layers_atom': 1, 'L2_layers_mol': 2, 'L2_out_dim': 128, 'L2_dropout': 0.0458470146725002, 'L3_hidden_dim': 48, 'L3_layers_atom': 3, 'L3_layers_mol': 1, 'L3_out_dim': 64, 'L3_dropout': 0.29511577897218083, 'n_mlp_layers': 1, 'mlp_dim_0': 368, 'num_heads': 1, 'final_dropout': 0.12702968866900324, 'train_learning_rate': 0.00020322671498965503, 'train_lr_reduce': 0.6}. Best is trial 94 with value: 0.061345893889665604.
[I 2024-12-25 13:40:03,604] Trial 170 finished with value: 0.07861067354679108 and parameters: {'L1_hidden_dim': 80, 'L1_layers_atom': 3, 'L1_layers_mol': 3, 'L1_dropout': 0.1492280618387286, 'L1_out_dim': 32, 'L2_hidden_dim': 256, 'L2_layers_atom': 4, 'L2_layers_mol': 1, 'L2_out_dim': 128, 'L2_dropout': 0.022278404616116312, 'L3_hidden_dim': 32, 'L3_layers_atom': 3, 'L3_layers_mol': 1, 'L3_out_dim': 112, 'L3_dropout': 0.15468723739328008, 'n_mlp_layers': 1, 'mlp_dim_0': 320, 'num_heads': 1, 'final_dropout': 0.11132698227974942, 'train_learning_rate': 0.000559466437018441, 'train_lr_reduce': 0.6}. Best is trial 94 with value: 0.061345893889665604.
[I 2024-12-25 13:40:43,626] Trial 172 finished with value: 0.06792514771223068 and parameters: {'L1_hidden_dim': 80, 'L1_layers_atom': 2, 'L1_layers_mol': 3, 'L1_dropout': 0.25863851277680866, 'L1_out_dim': 32, 'L2_hidden_dim': 240, 'L2_layers_atom': 3, 'L2_layers_mol': 1, 'L2_out_dim': 112, 'L2_dropout': 0.04061690475554345, 'L3_hidden_dim': 48, 'L3_layers_atom': 4, 'L3_layers_mol': 1, 'L3_out_dim': 112, 'L3_dropout': 0.25191117477742714, 'n_mlp_layers': 2, 'mlp_dim_0': 88, 'mlp_dim_1': 464, 'num_heads': 1, 'final_dropout': 0.07763540482392162, 'train_learning_rate': 0.0002845252605915382, 'train_lr_reduce': 0.6}. Best is trial 94 with value: 0.061345893889665604.
[I 2024-12-25 13:41:49,572] Trial 174 finished with value: 0.06391265243291855 and parameters: {'L1_hidden_dim': 80, 'L1_layers_atom': 3, 'L1_layers_mol': 3, 'L1_dropout': 0.2888448064781873, 'L1_out_dim': 32, 'L2_hidden_dim': 192, 'L2_layers_atom': 4, 'L2_layers_mol': 2, 'L2_out_dim': 128, 'L2_dropout': 0.04537855597096857, 'L3_hidden_dim': 32, 'L3_layers_atom': 3, 'L3_layers_mol': 2, 'L3_out_dim': 128, 'L3_dropout': 0.23305917973253937, 'n_mlp_layers': 2, 'mlp_dim_0': 240, 'mlp_dim_1': 512, 'num_heads': 1, 'final_dropout': 0.007453616386941211, 'train_learning_rate': 0.001769890787899365, 'train_lr_reduce': 0.6}. Best is trial 94 with value: 0.061345893889665604.
[I 2024-12-25 13:42:03,893] Trial 173 finished with value: 0.09967625886201859 and parameters: {'L1_hidden_dim': 80, 'L1_layers_atom': 1, 'L1_layers_mol': 2, 'L1_dropout': 0.16105164391864005, 'L1_out_dim': 32, 'L2_hidden_dim': 96, 'L2_layers_atom': 4, 'L2_layers_mol': 2, 'L2_out_dim': 48, 'L2_dropout': 0.25800578763163995, 'L3_hidden_dim': 112, 'L3_layers_atom': 3, 'L3_layers_mol': 3, 'L3_out_dim': 128, 'L3_dropout': 0.2784209997640354, 'n_mlp_layers': 2, 'mlp_dim_0': 152, 'mlp_dim_1': 408, 'num_heads': 1, 'final_dropout': 0.022844472242596812, 'train_learning_rate': 0.006159636932663825, 'train_lr_reduce': 0.6}. Best is trial 94 with value: 0.061345893889665604.
[I 2024-12-25 13:42:24,273] Trial 177 finished with value: 1.1217784881591797 and parameters: {'L1_hidden_dim': 64, 'L1_layers_atom': 3, 'L1_layers_mol': 4, 'L1_dropout': 0.25114806363901204, 'L1_out_dim': 32, 'L2_hidden_dim': 192, 'L2_layers_atom': 4, 'L2_layers_mol': 2, 'L2_out_dim': 80, 'L2_dropout': 0.06947346847567176, 'L3_hidden_dim': 32, 'L3_layers_atom': 1, 'L3_layers_mol': 3, 'L3_out_dim': 80, 'L3_dropout': 0.21938821232712072, 'n_mlp_layers': 2, 'mlp_dim_0': 280, 'mlp_dim_1': 504, 'num_heads': 1, 'final_dropout': 0.027259619067830247, 'train_learning_rate': 0.0006196360275902653, 'train_lr_reduce': 0.6}. Best is trial 94 with value: 0.061345893889665604.
[I 2024-12-25 13:43:54,743] Trial 176 finished with value: 0.33731380105018616 and parameters: {'L1_hidden_dim': 160, 'L1_layers_atom': 3, 'L1_layers_mol': 4, 'L1_dropout': 0.29134843103398217, 'L1_out_dim': 48, 'L2_hidden_dim': 208, 'L2_layers_atom': 3, 'L2_layers_mol': 4, 'L2_out_dim': 128, 'L2_dropout': 0.11223213195219811, 'L3_hidden_dim': 128, 'L3_layers_atom': 1, 'L3_layers_mol': 2, 'L3_out_dim': 48, 'L3_dropout': 0.1546558387184371, 'n_mlp_layers': 2, 'mlp_dim_0': 472, 'mlp_dim_1': 488, 'num_heads': 2, 'final_dropout': 0.08233554210206402, 'train_learning_rate': 0.00010683450599534339, 'train_lr_reduce': 0.6}. Best is trial 94 with value: 0.061345893889665604.
[I 2024-12-25 13:44:10,981] Trial 178 finished with value: 0.08445747941732407 and parameters: {'L1_hidden_dim': 96, 'L1_layers_atom': 2, 'L1_layers_mol': 3, 'L1_dropout': 0.2284472257642739, 'L1_out_dim': 32, 'L2_hidden_dim': 192, 'L2_layers_atom': 3, 'L2_layers_mol': 1, 'L2_out_dim': 112, 'L2_dropout': 0.08840274007534074, 'L3_hidden_dim': 48, 'L3_layers_atom': 4, 'L3_layers_mol': 1, 'L3_out_dim': 80, 'L3_dropout': 0.22254332842855326, 'n_mlp_layers': 2, 'mlp_dim_0': 192, 'mlp_dim_1': 512, 'num_heads': 1, 'final_dropout': 0.11067012703528281, 'train_learning_rate': 0.0002654149888603051, 'train_lr_reduce': 0.6}. Best is trial 94 with value: 0.061345893889665604.
[I 2024-12-25 13:44:30,505] Trial 175 finished with value: 0.07831355184316635 and parameters: {'L1_hidden_dim': 112, 'L1_layers_atom': 2, 'L1_layers_mol': 4, 'L1_dropout': 0.2528547706951684, 'L1_out_dim': 32, 'L2_hidden_dim': 176, 'L2_layers_atom': 2, 'L2_layers_mol': 4, 'L2_out_dim': 112, 'L2_dropout': 0.015562503512384486, 'L3_hidden_dim': 64, 'L3_layers_atom': 4, 'L3_layers_mol': 1, 'L3_out_dim': 128, 'L3_dropout': 0.20412031604647912, 'n_mlp_layers': 1, 'mlp_dim_0': 280, 'num_heads': 1, 'final_dropout': 0.10541097391840835, 'train_learning_rate': 0.00016143595172444182, 'train_lr_reduce': 0.6}. Best is trial 94 with value: 0.061345893889665604.
[I 2024-12-25 13:45:51,503] Trial 180 finished with value: 0.09410688281059265 and parameters: {'L1_hidden_dim': 80, 'L1_layers_atom': 1, 'L1_layers_mol': 2, 'L1_dropout': 0.1407940898213785, 'L1_out_dim': 32, 'L2_hidden_dim': 176, 'L2_layers_atom': 1, 'L2_layers_mol': 3, 'L2_out_dim': 128, 'L2_dropout': 0.0649809091221848, 'L3_hidden_dim': 80, 'L3_layers_atom': 2, 'L3_layers_mol': 3, 'L3_out_dim': 80, 'L3_dropout': 0.04026865096818838, 'n_mlp_layers': 2, 'mlp_dim_0': 456, 'mlp_dim_1': 512, 'num_heads': 1, 'final_dropout': 0.17363068371749368, 'train_learning_rate': 0.000239048418689676, 'train_lr_reduce': 0.6}. Best is trial 94 with value: 0.061345893889665604.
[I 2024-12-25 13:46:04,835] Trial 179 finished with value: 0.07157418876886368 and parameters: {'L1_hidden_dim': 80, 'L1_layers_atom': 3, 'L1_layers_mol': 4, 'L1_dropout': 0.2272293896701205, 'L1_out_dim': 32, 'L2_hidden_dim': 160, 'L2_layers_atom': 3, 'L2_layers_mol': 1, 'L2_out_dim': 128, 'L2_dropout': 0.047619249617791265, 'L3_hidden_dim': 32, 'L3_layers_atom': 3, 'L3_layers_mol': 1, 'L3_out_dim': 128, 'L3_dropout': 0.2603473507771418, 'n_mlp_layers': 3, 'mlp_dim_0': 144, 'mlp_dim_1': 464, 'mlp_dim_2': 192, 'num_heads': 2, 'final_dropout': 0.07118306092220406, 'train_learning_rate': 0.0013294066795810266, 'train_lr_reduce': 0.6}. Best is trial 94 with value: 0.061345893889665604.
[I 2024-12-25 13:46:06,946] Trial 181 finished with value: 0.0783333033323288 and parameters: {'L1_hidden_dim': 144, 'L1_layers_atom': 4, 'L1_layers_mol': 4, 'L1_dropout': 0.2735621543956488, 'L1_out_dim': 32, 'L2_hidden_dim': 176, 'L2_layers_atom': 4, 'L2_layers_mol': 1, 'L2_out_dim': 96, 'L2_dropout': 0.031904459037962386, 'L3_hidden_dim': 96, 'L3_layers_atom': 3, 'L3_layers_mol': 2, 'L3_out_dim': 128, 'L3_dropout': 0.1811049220365632, 'n_mlp_layers': 2, 'mlp_dim_0': 256, 'mlp_dim_1': 472, 'num_heads': 1, 'final_dropout': 0.12373770328408162, 'train_learning_rate': 0.0013041250550988813, 'train_lr_reduce': 0.6}. Best is trial 94 with value: 0.061345893889665604.
[I 2024-12-25 13:47:16,409] Trial 182 finished with value: 0.07874392718076706 and parameters: {'L1_hidden_dim': 96, 'L1_layers_atom': 2, 'L1_layers_mol': 1, 'L1_dropout': 0.11158811530599333, 'L1_out_dim': 80, 'L2_hidden_dim': 112, 'L2_layers_atom': 1, 'L2_layers_mol': 1, 'L2_out_dim': 96, 'L2_dropout': 0.09006359333979422, 'L3_hidden_dim': 96, 'L3_layers_atom': 3, 'L3_layers_mol': 1, 'L3_out_dim': 80, 'L3_dropout': 0.24359071666366608, 'n_mlp_layers': 3, 'mlp_dim_0': 56, 'mlp_dim_1': 464, 'mlp_dim_2': 184, 'num_heads': 1, 'final_dropout': 0.21167850217851739, 'train_learning_rate': 0.00025619295433566716, 'train_lr_reduce': 0.6}. Best is trial 94 with value: 0.061345893889665604.
[I 2024-12-25 13:47:44,154] Trial 183 finished with value: 0.09505028277635574 and parameters: {'L1_hidden_dim': 96, 'L1_layers_atom': 3, 'L1_layers_mol': 2, 'L1_dropout': 0.24519936793992375, 'L1_out_dim': 48, 'L2_hidden_dim': 192, 'L2_layers_atom': 4, 'L2_layers_mol': 3, 'L2_out_dim': 128, 'L2_dropout': 0.06800380428577717, 'L3_hidden_dim': 64, 'L3_layers_atom': 4, 'L3_layers_mol': 3, 'L3_out_dim': 96, 'L3_dropout': 0.19376786880834476, 'n_mlp_layers': 2, 'mlp_dim_0': 176, 'mlp_dim_1': 416, 'num_heads': 1, 'final_dropout': 0.007791061867489054, 'train_learning_rate': 0.0014279404866304626, 'train_lr_reduce': 0.6}. Best is trial 94 with value: 0.061345893889665604.
[I 2024-12-25 13:47:50,715] Trial 184 finished with value: 0.07059745490550995 and parameters: {'L1_hidden_dim': 96, 'L1_layers_atom': 2, 'L1_layers_mol': 4, 'L1_dropout': 0.23709550862814022, 'L1_out_dim': 32, 'L2_hidden_dim': 160, 'L2_layers_atom': 4, 'L2_layers_mol': 2, 'L2_out_dim': 112, 'L2_dropout': 0.06725189020576111, 'L3_hidden_dim': 32, 'L3_layers_atom': 2, 'L3_layers_mol': 2, 'L3_out_dim': 112, 'L3_dropout': 0.29080503922311374, 'n_mlp_layers': 2, 'mlp_dim_0': 160, 'mlp_dim_1': 440, 'num_heads': 1, 'final_dropout': 0.0013016193670972584, 'train_learning_rate': 0.00274340918935396, 'train_lr_reduce': 0.6}. Best is trial 94 with value: 0.061345893889665604.
[I 2024-12-25 13:48:51,470] Trial 185 finished with value: 0.06404056400060654 and parameters: {'L1_hidden_dim': 80, 'L1_layers_atom': 3, 'L1_layers_mol': 4, 'L1_dropout': 0.2049449321559872, 'L1_out_dim': 80, 'L2_hidden_dim': 240, 'L2_layers_atom': 2, 'L2_layers_mol': 1, 'L2_out_dim': 128, 'L2_dropout': 0.0003286201441698097, 'L3_hidden_dim': 64, 'L3_layers_atom': 3, 'L3_layers_mol': 1, 'L3_out_dim': 112, 'L3_dropout': 0.24908966754947098, 'n_mlp_layers': 3, 'mlp_dim_0': 152, 'mlp_dim_1': 360, 'mlp_dim_2': 232, 'num_heads': 1, 'final_dropout': 0.00013061954870787276, 'train_learning_rate': 0.0006714542812639348, 'train_lr_reduce': 0.6}. Best is trial 94 with value: 0.061345893889665604.
[I 2024-12-25 13:49:13,531] Trial 188 finished with value: 1.1359726190567017 and parameters: {'L1_hidden_dim': 64, 'L1_layers_atom': 2, 'L1_layers_mol': 3, 'L1_dropout': 0.2698951886842167, 'L1_out_dim': 32, 'L2_hidden_dim': 208, 'L2_layers_atom': 4, 'L2_layers_mol': 2, 'L2_out_dim': 112, 'L2_dropout': 0.04468167646624764, 'L3_hidden_dim': 64, 'L3_layers_atom': 4, 'L3_layers_mol': 1, 'L3_out_dim': 128, 'L3_dropout': 0.2507987252365543, 'n_mlp_layers': 3, 'mlp_dim_0': 184, 'mlp_dim_1': 328, 'mlp_dim_2': 200, 'num_heads': 1, 'final_dropout': 0.02923994460217008, 'train_learning_rate': 0.00041275112531137753, 'train_lr_reduce': 0.6}. Best is trial 94 with value: 0.061345893889665604.
[I 2024-12-25 13:49:25,523] Trial 186 finished with value: 0.08924516290426254 and parameters: {'L1_hidden_dim': 128, 'L1_layers_atom': 4, 'L1_layers_mol': 4, 'L1_dropout': 0.20186019334472688, 'L1_out_dim': 48, 'L2_hidden_dim': 224, 'L2_layers_atom': 3, 'L2_layers_mol': 2, 'L2_out_dim': 96, 'L2_dropout': 0.026948569655887412, 'L3_hidden_dim': 32, 'L3_layers_atom': 3, 'L3_layers_mol': 1, 'L3_out_dim': 96, 'L3_dropout': 0.16018574654505008, 'n_mlp_layers': 2, 'mlp_dim_0': 88, 'mlp_dim_1': 448, 'num_heads': 1, 'final_dropout': 0.09001946381340188, 'train_learning_rate': 0.004018710185768513, 'train_lr_reduce': 0.6}. Best is trial 94 with value: 0.061345893889665604.
[I 2024-12-25 13:50:56,593] Trial 190 finished with value: 0.06559236347675323 and parameters: {'L1_hidden_dim': 80, 'L1_layers_atom': 3, 'L1_layers_mol': 4, 'L1_dropout': 0.17922570533881815, 'L1_out_dim': 80, 'L2_hidden_dim': 224, 'L2_layers_atom': 3, 'L2_layers_mol': 1, 'L2_out_dim': 128, 'L2_dropout': 0.026495478008933475, 'L3_hidden_dim': 64, 'L3_layers_atom': 3, 'L3_layers_mol': 1, 'L3_out_dim': 128, 'L3_dropout': 0.2189827836369671, 'n_mlp_layers': 2, 'mlp_dim_0': 80, 'mlp_dim_1': 344, 'num_heads': 1, 'final_dropout': 0.021516560850806315, 'train_learning_rate': 0.0012256186939982908, 'train_lr_reduce': 0.6}. Best is trial 94 with value: 0.061345893889665604.
[I 2024-12-25 13:51:01,722] Trial 187 finished with value: 0.061817899346351624 and parameters: {'L1_hidden_dim': 96, 'L1_layers_atom': 3, 'L1_layers_mol': 3, 'L1_dropout': 0.2715931819659603, 'L1_out_dim': 48, 'L2_hidden_dim': 256, 'L2_layers_atom': 4, 'L2_layers_mol': 2, 'L2_out_dim': 112, 'L2_dropout': 0.04123641562725992, 'L3_hidden_dim': 48, 'L3_layers_atom': 4, 'L3_layers_mol': 1, 'L3_out_dim': 96, 'L3_dropout': 0.25711179295386266, 'n_mlp_layers': 2, 'mlp_dim_0': 80, 'mlp_dim_1': 512, 'num_heads': 2, 'final_dropout': 0.18370623436626327, 'train_learning_rate': 0.0001367245855269692, 'train_lr_reduce': 0.6}. Best is trial 94 with value: 0.061345893889665604.
[I 2024-12-25 13:51:15,047] Trial 191 finished with value: 1.1594233512878418 and parameters: {'L1_hidden_dim': 96, 'L1_layers_atom': 3, 'L1_layers_mol': 4, 'L1_dropout': 0.13106817845597085, 'L1_out_dim': 80, 'L2_hidden_dim': 240, 'L2_layers_atom': 4, 'L2_layers_mol': 1, 'L2_out_dim': 112, 'L2_dropout': 0.038216900375291844, 'L3_hidden_dim': 64, 'L3_layers_atom': 2, 'L3_layers_mol': 1, 'L3_out_dim': 96, 'L3_dropout': 0.1810074845437858, 'n_mlp_layers': 2, 'mlp_dim_0': 128, 'mlp_dim_1': 344, 'num_heads': 1, 'final_dropout': 0.046361302139136966, 'train_learning_rate': 0.0005967109663733049, 'train_lr_reduce': 0.6}. Best is trial 94 with value: 0.061345893889665604.
[I 2024-12-25 13:51:25,089] Trial 192 finished with value: 1.1164571046829224 and parameters: {'L1_hidden_dim': 64, 'L1_layers_atom': 4, 'L1_layers_mol': 3, 'L1_dropout': 0.2538102248553936, 'L1_out_dim': 32, 'L2_hidden_dim': 256, 'L2_layers_atom': 4, 'L2_layers_mol': 2, 'L2_out_dim': 112, 'L2_dropout': 0.11010190058577397, 'L3_hidden_dim': 48, 'L3_layers_atom': 3, 'L3_layers_mol': 2, 'L3_out_dim': 112, 'L3_dropout': 0.20776844042819942, 'n_mlp_layers': 1, 'mlp_dim_0': 152, 'num_heads': 2, 'final_dropout': 0.26867656256270284, 'train_learning_rate': 0.00025309709408512075, 'train_lr_reduce': 0.6}. Best is trial 94 with value: 0.061345893889665604.
