[I 2024-12-19 21:21:07,320] Trial 1749 finished with value: 1.1425938606262207 and parameters: {'mlp_n_layers': 2, 'mlp_dim_00': 455, 'mlp_dim_01': 469, 'node_hidden_dim': 62, 'edge_hidden_dim': 60, 'depth': 1, 'rep_dropout': 0.06373165377387832, 'train_learning_rate': 0.001278598665478693, 'train_lr_reduce': 0.6}. Best is trial 1559 with value: 0.11043421924114227.
[I 2024-12-19 21:21:08,481] Trial 1748 finished with value: 0.15722045302391052 and parameters: {'mlp_n_layers': 1, 'mlp_dim_00': 509, 'node_hidden_dim': 35, 'edge_hidden_dim': 45, 'depth': 1, 'rep_dropout': 0.06745157575964111, 'train_learning_rate': 0.0015676155497754518, 'train_lr_reduce': 0.6}. Best is trial 1559 with value: 0.11043421924114227.
[I 2024-12-19 21:21:29,198] Trial 1751 finished with value: 0.27602559328079224 and parameters: {'mlp_n_layers': 1, 'mlp_dim_00': 433, 'node_hidden_dim': 47, 'edge_hidden_dim': 50, 'depth': 1, 'rep_dropout': 0.08043735325924005, 'train_learning_rate': 0.006545705552549922, 'train_lr_reduce': 0.6}. Best is trial 1559 with value: 0.11043421924114227.
[I 2024-12-19 21:21:38,942] Trial 1750 finished with value: 0.1633748710155487 and parameters: {'mlp_n_layers': 1, 'mlp_dim_00': 383, 'node_hidden_dim': 33, 'edge_hidden_dim': 36, 'depth': 1, 'rep_dropout': 0.026163951239058746, 'train_learning_rate': 0.005150384019846383, 'train_lr_reduce': 0.6}. Best is trial 1559 with value: 0.11043421924114227.
[I 2024-12-19 21:21:49,512] Trial 1752 finished with value: 0.3496723175048828 and parameters: {'mlp_n_layers': 1, 'mlp_dim_00': 462, 'node_hidden_dim': 44, 'edge_hidden_dim': 61, 'depth': 2, 'rep_dropout': 0.041382898786434585, 'train_learning_rate': 0.006998506447750014, 'train_lr_reduce': 0.6}. Best is trial 1559 with value: 0.11043421924114227.
[I 2024-12-19 21:21:52,630] Trial 1754 finished with value: 0.2502311170101166 and parameters: {'mlp_n_layers': 2, 'mlp_dim_00': 470, 'mlp_dim_01': 397, 'node_hidden_dim': 45, 'edge_hidden_dim': 53, 'depth': 1, 'rep_dropout': 0.056352929671016544, 'train_learning_rate': 0.009397257513108282, 'train_lr_reduce': 0.6}. Best is trial 1559 with value: 0.11043421924114227.
[I 2024-12-19 21:21:58,817] Trial 1756 finished with value: 1.1466511487960815 and parameters: {'mlp_n_layers': 1, 'mlp_dim_00': 443, 'node_hidden_dim': 35, 'edge_hidden_dim': 69, 'depth': 2, 'rep_dropout': 0.021396152376958286, 'train_learning_rate': 0.0021329721933507997, 'train_lr_reduce': 0.6}. Best is trial 1559 with value: 0.11043421924114227.
[I 2024-12-19 21:22:09,932] Trial 1753 finished with value: 0.14630892872810364 and parameters: {'mlp_n_layers': 1, 'mlp_dim_00': 222, 'node_hidden_dim': 34, 'edge_hidden_dim': 63, 'depth': 1, 'rep_dropout': 0.07998758057411352, 'train_learning_rate': 0.00452070338815352, 'train_lr_reduce': 0.6}. Best is trial 1559 with value: 0.11043421924114227.
[I 2024-12-19 21:22:31,541] Trial 1755 finished with value: 0.14165432751178741 and parameters: {'mlp_n_layers': 2, 'mlp_dim_00': 424, 'mlp_dim_01': 433, 'node_hidden_dim': 32, 'edge_hidden_dim': 56, 'depth': 1, 'rep_dropout': 0.03251811593016626, 'train_learning_rate': 0.0021310310465234342, 'train_lr_reduce': 0.6}. Best is trial 1559 with value: 0.11043421924114227.
[I 2024-12-19 21:22:33,920] Trial 1758 finished with value: 0.17748887836933136 and parameters: {'mlp_n_layers': 1, 'mlp_dim_00': 424, 'node_hidden_dim': 65, 'edge_hidden_dim': 53, 'depth': 1, 'rep_dropout': 0.07220917980579862, 'train_learning_rate': 0.006291844772823391, 'train_lr_reduce': 0.6}. Best is trial 1559 with value: 0.11043421924114227.
[I 2024-12-19 21:22:35,337] Trial 1757 finished with value: 0.13112521171569824 and parameters: {'mlp_n_layers': 1, 'mlp_dim_00': 499, 'node_hidden_dim': 35, 'edge_hidden_dim': 58, 'depth': 1, 'rep_dropout': 0.04608512435383551, 'train_learning_rate': 0.008052281329798244, 'train_lr_reduce': 0.6}. Best is trial 1559 with value: 0.11043421924114227.
[I 2024-12-19 21:23:03,808] Trial 1761 finished with value: 0.24554328620433807 and parameters: {'mlp_n_layers': 1, 'mlp_dim_00': 461, 'node_hidden_dim': 45, 'edge_hidden_dim': 43, 'depth': 1, 'rep_dropout': 0.0289544361060331, 'train_learning_rate': 0.009714903548730969, 'train_lr_reduce': 0.6}. Best is trial 1559 with value: 0.11043421924114227.
[I 2024-12-19 21:23:09,156] Trial 1759 finished with value: 0.22571761906147003 and parameters: {'mlp_n_layers': 1, 'mlp_dim_00': 458, 'node_hidden_dim': 55, 'edge_hidden_dim': 52, 'depth': 1, 'rep_dropout': 0.05439038447734322, 'train_learning_rate': 0.006888495988451966, 'train_lr_reduce': 0.6}. Best is trial 1559 with value: 0.11043421924114227.
[I 2024-12-19 21:23:11,134] Trial 1760 finished with value: 0.14876867830753326 and parameters: {'mlp_n_layers': 1, 'mlp_dim_00': 501, 'node_hidden_dim': 32, 'edge_hidden_dim': 40, 'depth': 1, 'rep_dropout': 0.07176460637366831, 'train_learning_rate': 0.004371811175988022, 'train_lr_reduce': 0.6}. Best is trial 1559 with value: 0.11043421924114227.
[I 2024-12-19 21:23:16,391] Trial 1762 finished with value: 0.4636438190937042 and parameters: {'mlp_n_layers': 1, 'mlp_dim_00': 409, 'node_hidden_dim': 48, 'edge_hidden_dim': 55, 'depth': 1, 'rep_dropout': 0.05042317084982262, 'train_learning_rate': 0.006687489552995797, 'train_lr_reduce': 0.6}. Best is trial 1559 with value: 0.11043421924114227.
[I 2024-12-19 21:23:16,955] Trial 1764 finished with value: 1.1422499418258667 and parameters: {'mlp_n_layers': 1, 'mlp_dim_00': 473, 'node_hidden_dim': 81, 'edge_hidden_dim': 90, 'depth': 3, 'rep_dropout': 0.007615244046080855, 'train_learning_rate': 0.00025251356817585, 'train_lr_reduce': 0.6}. Best is trial 1559 with value: 0.11043421924114227.
[I 2024-12-19 21:23:21,115] Trial 1765 finished with value: 1.1425485610961914 and parameters: {'mlp_n_layers': 2, 'mlp_dim_00': 483, 'mlp_dim_01': 471, 'node_hidden_dim': 62, 'edge_hidden_dim': 53, 'depth': 1, 'rep_dropout': 0.0840681040634089, 'train_learning_rate': 0.008954352751164152, 'train_lr_reduce': 0.6}. Best is trial 1559 with value: 0.11043421924114227.
[I 2024-12-19 21:23:36,634] Trial 1767 finished with value: 0.32248252630233765 and parameters: {'mlp_n_layers': 1, 'mlp_dim_00': 360, 'node_hidden_dim': 45, 'edge_hidden_dim': 59, 'depth': 1, 'rep_dropout': 0.07617187333040225, 'train_learning_rate': 0.008175567442031722, 'train_lr_reduce': 0.6}. Best is trial 1559 with value: 0.11043421924114227.
[I 2024-12-19 21:23:41,249] Trial 1768 finished with value: 1.1445835828781128 and parameters: {'mlp_n_layers': 2, 'mlp_dim_00': 424, 'mlp_dim_01': 374, 'node_hidden_dim': 33, 'edge_hidden_dim': 43, 'depth': 1, 'rep_dropout': 0.04311468605086973, 'train_learning_rate': 0.0017987399029691824, 'train_lr_reduce': 0.6}. Best is trial 1559 with value: 0.11043421924114227.
[I 2024-12-19 21:23:49,340] Trial 1763 finished with value: 0.15429440140724182 and parameters: {'mlp_n_layers': 2, 'mlp_dim_00': 484, 'mlp_dim_01': 306, 'node_hidden_dim': 56, 'edge_hidden_dim': 72, 'depth': 1, 'rep_dropout': 0.019894783598393913, 'train_learning_rate': 0.002023326066003326, 'train_lr_reduce': 0.6}. Best is trial 1559 with value: 0.11043421924114227.
[I 2024-12-19 21:23:58,823] Trial 1766 finished with value: 0.13870781660079956 and parameters: {'mlp_n_layers': 1, 'mlp_dim_00': 495, 'node_hidden_dim': 32, 'edge_hidden_dim': 34, 'depth': 1, 'rep_dropout': 0.05901767184642127, 'train_learning_rate': 0.0013807484547760237, 'train_lr_reduce': 0.6}. Best is trial 1559 with value: 0.11043421924114227.
[I 2024-12-19 21:24:03,547] Trial 1771 finished with value: 1.1466201543807983 and parameters: {'mlp_n_layers': 1, 'mlp_dim_00': 439, 'node_hidden_dim': 72, 'edge_hidden_dim': 39, 'depth': 2, 'rep_dropout': 0.10142098245202052, 'train_learning_rate': 0.004800309501705586, 'train_lr_reduce': 0.6}. Best is trial 1559 with value: 0.11043421924114227.
[I 2024-12-19 21:24:19,521] Trial 1769 finished with value: 0.13583242893218994 and parameters: {'mlp_n_layers': 1, 'mlp_dim_00': 433, 'node_hidden_dim': 32, 'edge_hidden_dim': 48, 'depth': 1, 'rep_dropout': 0.05332195672620044, 'train_learning_rate': 0.0015654417193111327, 'train_lr_reduce': 0.6}. Best is trial 1559 with value: 0.11043421924114227.
[I 2024-12-19 21:24:24,625] Trial 1773 finished with value: 1.142943024635315 and parameters: {'mlp_n_layers': 2, 'mlp_dim_00': 490, 'mlp_dim_01': 433, 'node_hidden_dim': 32, 'edge_hidden_dim': 63, 'depth': 2, 'rep_dropout': 0.018322356944250787, 'train_learning_rate': 0.002605329593225036, 'train_lr_reduce': 0.6}. Best is trial 1559 with value: 0.11043421924114227.
[I 2024-12-19 21:24:25,674] Trial 1772 finished with value: 0.1876729428768158 and parameters: {'mlp_n_layers': 1, 'mlp_dim_00': 458, 'node_hidden_dim': 52, 'edge_hidden_dim': 46, 'depth': 1, 'rep_dropout': 0.02219604484806952, 'train_learning_rate': 0.0035922115805683114, 'train_lr_reduce': 0.6}. Best is trial 1559 with value: 0.11043421924114227.
[I 2024-12-19 21:24:27,871] Trial 1770 finished with value: 0.13246795535087585 and parameters: {'mlp_n_layers': 1, 'mlp_dim_00': 503, 'node_hidden_dim': 35, 'edge_hidden_dim': 54, 'depth': 1, 'rep_dropout': 0.05266915541617734, 'train_learning_rate': 0.004776746110844021, 'train_lr_reduce': 0.6}. Best is trial 1559 with value: 0.11043421924114227.
[I 2024-12-19 21:24:30,295] Trial 1774 finished with value: 1.1568188667297363 and parameters: {'mlp_n_layers': 1, 'mlp_dim_00': 168, 'node_hidden_dim': 125, 'edge_hidden_dim': 40, 'depth': 3, 'rep_dropout': 0.07903803218372361, 'train_learning_rate': 0.0019700431484270193, 'train_lr_reduce': 0.6}. Best is trial 1559 with value: 0.11043421924114227.
[I 2024-12-19 21:24:30,665] Trial 1775 finished with value: 1.1425257921218872 and parameters: {'mlp_n_layers': 2, 'mlp_dim_00': 499, 'mlp_dim_01': 176, 'node_hidden_dim': 53, 'edge_hidden_dim': 65, 'depth': 1, 'rep_dropout': 0.04812036150126579, 'train_learning_rate': 0.002545993688443931, 'train_lr_reduce': 0.6}. Best is trial 1559 with value: 0.11043421924114227.
[I 2024-12-19 21:24:35,099] Trial 1777 finished with value: 1.1421393156051636 and parameters: {'mlp_n_layers': 1, 'mlp_dim_00': 363, 'node_hidden_dim': 46, 'edge_hidden_dim': 55, 'depth': 1, 'rep_dropout': 0.0005115269682397046, 'train_learning_rate': 0.0008445913933762752, 'train_lr_reduce': 0.6}. Best is trial 1559 with value: 0.11043421924114227.
[I 2024-12-19 21:24:40,835] Trial 1779 finished with value: 1.1586666107177734 and parameters: {'mlp_n_layers': 1, 'mlp_dim_00': 488, 'node_hidden_dim': 50, 'edge_hidden_dim': 62, 'depth': 2, 'rep_dropout': 0.00023702320129287587, 'train_learning_rate': 0.003788981006132075, 'train_lr_reduce': 0.6}. Best is trial 1559 with value: 0.11043421924114227.
[I 2024-12-19 21:24:46,785] Trial 1780 finished with value: 1.1435116529464722 and parameters: {'mlp_n_layers': 1, 'mlp_dim_00': 508, 'node_hidden_dim': 41, 'edge_hidden_dim': 38, 'depth': 2, 'rep_dropout': 0.07820176064951681, 'train_learning_rate': 0.0024186486049628353, 'train_lr_reduce': 0.6}. Best is trial 1559 with value: 0.11043421924114227.
[I 2024-12-19 21:24:54,860] Trial 1776 finished with value: 0.1508663147687912 and parameters: {'mlp_n_layers': 1, 'mlp_dim_00': 426, 'node_hidden_dim': 34, 'edge_hidden_dim': 51, 'depth': 1, 'rep_dropout': 0.05645304679310239, 'train_learning_rate': 0.005725004609169727, 'train_lr_reduce': 0.6}. Best is trial 1559 with value: 0.11043421924114227.
[I 2024-12-19 21:24:55,670] Trial 1778 finished with value: 0.3210017681121826 and parameters: {'mlp_n_layers': 1, 'mlp_dim_00': 157, 'node_hidden_dim': 121, 'edge_hidden_dim': 93, 'depth': 2, 'rep_dropout': 0.01614639695087658, 'train_learning_rate': 0.00806496943752504, 'train_lr_reduce': 0.6}. Best is trial 1559 with value: 0.11043421924114227.
[I 2024-12-19 21:25:01,016] Trial 1782 finished with value: 1.1423190832138062 and parameters: {'mlp_n_layers': 3, 'mlp_dim_00': 114, 'mlp_dim_01': 471, 'mlp_dim_02': 403, 'node_hidden_dim': 111, 'edge_hidden_dim': 56, 'depth': 3, 'rep_dropout': 0.057941497236792275, 'train_learning_rate': 0.000623722026198118, 'train_lr_reduce': 0.6}. Best is trial 1559 with value: 0.11043421924114227.
[I 2024-12-19 21:25:15,955] Trial 1784 finished with value: 0.21438084542751312 and parameters: {'mlp_n_layers': 1, 'mlp_dim_00': 511, 'node_hidden_dim': 32, 'edge_hidden_dim': 49, 'depth': 1, 'rep_dropout': 0.04241931837855567, 'train_learning_rate': 0.007037312922726978, 'train_lr_reduce': 0.6}. Best is trial 1559 with value: 0.11043421924114227.
[I 2024-12-19 21:25:21,122] Trial 1785 finished with value: 1.1427619457244873 and parameters: {'mlp_n_layers': 1, 'mlp_dim_00': 493, 'node_hidden_dim': 53, 'edge_hidden_dim': 63, 'depth': 2, 'rep_dropout': 0.04330474087866937, 'train_learning_rate': 0.0025602761893898244, 'train_lr_reduce': 0.6}. Best is trial 1559 with value: 0.11043421924114227.
[I 2024-12-19 21:25:25,388] Trial 1781 finished with value: 0.14918409287929535 and parameters: {'mlp_n_layers': 1, 'mlp_dim_00': 245, 'node_hidden_dim': 35, 'edge_hidden_dim': 52, 'depth': 1, 'rep_dropout': 0.07224635238407974, 'train_learning_rate': 0.002457677244885792, 'train_lr_reduce': 0.6}. Best is trial 1559 with value: 0.11043421924114227.
[I 2024-12-19 21:25:29,764] Trial 1787 finished with value: 1.154333233833313 and parameters: {'mlp_n_layers': 2, 'mlp_dim_00': 368, 'mlp_dim_01': 335, 'node_hidden_dim': 54, 'edge_hidden_dim': 57, 'depth': 1, 'rep_dropout': 0.027519808860707148, 'train_learning_rate': 0.0010867931052831773, 'train_lr_reduce': 0.6}. Best is trial 1559 with value: 0.11043421924114227.
[I 2024-12-19 21:25:35,134] Trial 1783 finished with value: 0.13932715356349945 and parameters: {'mlp_n_layers': 1, 'mlp_dim_00': 453, 'node_hidden_dim': 32, 'edge_hidden_dim': 52, 'depth': 1, 'rep_dropout': 0.04136652576459951, 'train_learning_rate': 0.004579071535052536, 'train_lr_reduce': 0.6}. Best is trial 1559 with value: 0.11043421924114227.
[I 2024-12-19 21:25:35,340] Trial 1788 finished with value: 1.1509675979614258 and parameters: {'mlp_n_layers': 1, 'mlp_dim_00': 372, 'node_hidden_dim': 51, 'edge_hidden_dim': 49, 'depth': 2, 'rep_dropout': 0.05782195729526113, 'train_learning_rate': 0.0012323660680910447, 'train_lr_reduce': 0.6}. Best is trial 1559 with value: 0.11043421924114227.
[I 2024-12-19 21:25:40,674] Trial 1789 finished with value: 1.1468647718429565 and parameters: {'mlp_n_layers': 2, 'mlp_dim_00': 491, 'mlp_dim_01': 429, 'node_hidden_dim': 32, 'edge_hidden_dim': 50, 'depth': 2, 'rep_dropout': 0.02409077196260513, 'train_learning_rate': 0.004978015159799602, 'train_lr_reduce': 0.6}. Best is trial 1559 with value: 0.11043421924114227.
[I 2024-12-19 21:25:46,667] Trial 1791 finished with value: 1.1484897136688232 and parameters: {'mlp_n_layers': 1, 'mlp_dim_00': 360, 'node_hidden_dim': 33, 'edge_hidden_dim': 38, 'depth': 2, 'rep_dropout': 0.04037020454507412, 'train_learning_rate': 0.002374611966868859, 'train_lr_reduce': 0.6}. Best is trial 1559 with value: 0.11043421924114227.
[I 2024-12-19 21:25:51,461] Trial 1792 finished with value: 1.1414128541946411 and parameters: {'mlp_n_layers': 1, 'mlp_dim_00': 424, 'node_hidden_dim': 32, 'edge_hidden_dim': 37, 'depth': 1, 'rep_dropout': 0.0023239609965427714, 'train_learning_rate': 0.002154626599126527, 'train_lr_reduce': 0.6}. Best is trial 1559 with value: 0.11043421924114227.
[I 2024-12-19 21:25:58,548] Trial 1786 finished with value: 0.19234763085842133 and parameters: {'mlp_n_layers': 2, 'mlp_dim_00': 391, 'mlp_dim_01': 389, 'node_hidden_dim': 32, 'edge_hidden_dim': 66, 'depth': 1, 'rep_dropout': 0.061196449026022746, 'train_learning_rate': 0.006572852343719141, 'train_lr_reduce': 0.6}. Best is trial 1559 with value: 0.11043421924114227.
[I 2024-12-19 21:25:59,192] Trial 1790 finished with value: 0.18349890410900116 and parameters: {'mlp_n_layers': 1, 'mlp_dim_00': 398, 'node_hidden_dim': 51, 'edge_hidden_dim': 42, 'depth': 1, 'rep_dropout': 0.025697963139964256, 'train_learning_rate': 0.004761474292868099, 'train_lr_reduce': 0.6}. Best is trial 1559 with value: 0.11043421924114227.
[I 2024-12-19 21:25:59,869] Trial 1793 finished with value: 1.1422452926635742 and parameters: {'mlp_n_layers': 3, 'mlp_dim_00': 234, 'mlp_dim_01': 269, 'mlp_dim_02': 231, 'node_hidden_dim': 101, 'edge_hidden_dim': 106, 'depth': 4, 'rep_dropout': 0.045024385617912846, 'train_learning_rate': 0.00011453130719196467, 'train_lr_reduce': 0.6}. Best is trial 1559 with value: 0.11043421924114227.
[I 2024-12-19 21:26:04,084] Trial 1795 finished with value: 1.142724871635437 and parameters: {'mlp_n_layers': 2, 'mlp_dim_00': 452, 'mlp_dim_01': 122, 'node_hidden_dim': 32, 'edge_hidden_dim': 58, 'depth': 1, 'rep_dropout': 5.75499005939107e-05, 'train_learning_rate': 0.0011583076646823373, 'train_lr_reduce': 0.6}. Best is trial 1559 with value: 0.11043421924114227.
[I 2024-12-19 21:26:04,966] Trial 1794 finished with value: 1.1419756412506104 and parameters: {'mlp_n_layers': 2, 'mlp_dim_00': 415, 'mlp_dim_01': 512, 'node_hidden_dim': 84, 'edge_hidden_dim': 116, 'depth': 3, 'rep_dropout': 0.00034113378693961804, 'train_learning_rate': 0.00011289394209015837, 'train_lr_reduce': 0.6}. Best is trial 1559 with value: 0.11043421924114227.
[I 2024-12-19 21:26:25,581] Trial 1797 finished with value: 0.17824111878871918 and parameters: {'mlp_n_layers': 1, 'mlp_dim_00': 410, 'node_hidden_dim': 49, 'edge_hidden_dim': 63, 'depth': 1, 'rep_dropout': 0.028306407931486505, 'train_learning_rate': 0.004213817081042709, 'train_lr_reduce': 0.6}. Best is trial 1559 with value: 0.11043421924114227.
[I 2024-12-19 21:26:41,329] Trial 1796 finished with value: 0.1414327770471573 and parameters: {'mlp_n_layers': 1, 'mlp_dim_00': 422, 'node_hidden_dim': 59, 'edge_hidden_dim': 71, 'depth': 1, 'rep_dropout': 0.026496236437987732, 'train_learning_rate': 0.0016244148628584306, 'train_lr_reduce': 0.6}. Best is trial 1559 with value: 0.11043421924114227.
[I 2024-12-19 21:26:43,597] Trial 1798 finished with value: 0.14158348739147186 and parameters: {'mlp_n_layers': 1, 'mlp_dim_00': 411, 'node_hidden_dim': 35, 'edge_hidden_dim': 39, 'depth': 1, 'rep_dropout': 0.03135307473722217, 'train_learning_rate': 0.005361917690064045, 'train_lr_reduce': 0.6}. Best is trial 1559 with value: 0.11043421924114227.
[I 2024-12-19 21:26:49,266] Trial 1799 finished with value: 0.22317004203796387 and parameters: {'mlp_n_layers': 1, 'mlp_dim_00': 489, 'node_hidden_dim': 53, 'edge_hidden_dim': 37, 'depth': 1, 'rep_dropout': 0.04857318448242508, 'train_learning_rate': 0.005202688522561391, 'train_lr_reduce': 0.6}. Best is trial 1559 with value: 0.11043421924114227.
[I 2024-12-19 21:26:55,655] Trial 1802 finished with value: 1.1423851251602173 and parameters: {'mlp_n_layers': 4, 'mlp_dim_00': 402, 'mlp_dim_01': 512, 'mlp_dim_02': 510, 'mlp_dim_03': 164, 'node_hidden_dim': 105, 'edge_hidden_dim': 34, 'depth': 4, 'rep_dropout': 0.040080582247457995, 'train_learning_rate': 0.0008447778395199976, 'train_lr_reduce': 0.6}. Best is trial 1559 with value: 0.11043421924114227.
[I 2024-12-19 21:27:05,620] Trial 1800 finished with value: 0.21179360151290894 and parameters: {'mlp_n_layers': 1, 'mlp_dim_00': 316, 'node_hidden_dim': 57, 'edge_hidden_dim': 38, 'depth': 1, 'rep_dropout': 0.06885787498571683, 'train_learning_rate': 0.0031050830591849415, 'train_lr_reduce': 0.6}. Best is trial 1559 with value: 0.11043421924114227.
[I 2024-12-19 21:27:20,446] Trial 1801 finished with value: 0.15207652747631073 and parameters: {'mlp_n_layers': 1, 'mlp_dim_00': 443, 'node_hidden_dim': 32, 'edge_hidden_dim': 50, 'depth': 1, 'rep_dropout': 0.0032498802103089267, 'train_learning_rate': 0.007366624025019718, 'train_lr_reduce': 0.6}. Best is trial 1559 with value: 0.11043421924114227.
[I 2024-12-19 21:27:34,229] Trial 1803 finished with value: 0.15860170125961304 and parameters: {'mlp_n_layers': 2, 'mlp_dim_00': 431, 'mlp_dim_01': 403, 'node_hidden_dim': 49, 'edge_hidden_dim': 34, 'depth': 1, 'rep_dropout': 0.03095625945066984, 'train_learning_rate': 0.004871420013453572, 'train_lr_reduce': 0.6}. Best is trial 1559 with value: 0.11043421924114227.
[I 2024-12-19 21:27:47,732] Trial 1804 finished with value: 0.13997192680835724 and parameters: {'mlp_n_layers': 1, 'mlp_dim_00': 349, 'node_hidden_dim': 34, 'edge_hidden_dim': 62, 'depth': 1, 'rep_dropout': 0.06602423739531349, 'train_learning_rate': 0.0022749707592795727, 'train_lr_reduce': 0.6}. Best is trial 1559 with value: 0.11043421924114227.
[I 2024-12-19 21:27:58,132] Trial 1805 finished with value: 0.16197718679904938 and parameters: {'mlp_n_layers': 3, 'mlp_dim_00': 419, 'mlp_dim_01': 460, 'mlp_dim_02': 113, 'node_hidden_dim': 56, 'edge_hidden_dim': 74, 'depth': 1, 'rep_dropout': 0.006165758558431293, 'train_learning_rate': 0.004086302395628103, 'train_lr_reduce': 0.6}. Best is trial 1559 with value: 0.11043421924114227.
[I 2024-12-19 21:28:12,953] Trial 1807 finished with value: 0.17257121205329895 and parameters: {'mlp_n_layers': 1, 'mlp_dim_00': 428, 'node_hidden_dim': 44, 'edge_hidden_dim': 53, 'depth': 1, 'rep_dropout': 0.033624299225888145, 'train_learning_rate': 0.003648644825472116, 'train_lr_reduce': 0.6}. Best is trial 1559 with value: 0.11043421924114227.
[I 2024-12-19 21:28:14,601] Trial 1806 finished with value: 0.14644958078861237 and parameters: {'mlp_n_layers': 1, 'mlp_dim_00': 411, 'node_hidden_dim': 77, 'edge_hidden_dim': 50, 'depth': 1, 'rep_dropout': 0.007571724670345902, 'train_learning_rate': 0.0013737302223242528, 'train_lr_reduce': 0.6}. Best is trial 1559 with value: 0.11043421924114227.
[I 2024-12-19 21:28:18,666] Trial 1808 finished with value: 0.24372448027133942 and parameters: {'mlp_n_layers': 1, 'mlp_dim_00': 505, 'node_hidden_dim': 57, 'edge_hidden_dim': 49, 'depth': 1, 'rep_dropout': 0.02530161701834778, 'train_learning_rate': 0.006438105230793578, 'train_lr_reduce': 0.6}. Best is trial 1559 with value: 0.11043421924114227.
