[I 2024-12-04 18:10:54,371] Trial 2171 finished with value: 0.31502421680266374 and parameters: {'n_estimators': 908, 'max_depth': 6, 'learning_rate': 0.07476622333210682, 'subsample': 0.7691688567746774, 'colsample_bytree': 0.717851273123792, 'min_child_weight': 2, 'gamma': 0.0008607700990021226, 'reg_alpha': 0.00015674806714718038, 'reg_lambda': 0.013561421520707294}. Best is trial 1319 with value: 0.30197738672869706.
[I 2024-12-04 18:10:55,844] Trial 2172 finished with value: 0.3123712966682876 and parameters: {'n_estimators': 909, 'max_depth': 6, 'learning_rate': 0.07473460844637356, 'subsample': 0.7691302232889085, 'colsample_bytree': 0.7172436423894376, 'min_child_weight': 2, 'gamma': 0.0008273344921465081, 'reg_alpha': 0.00014627920832635682, 'reg_lambda': 0.012723601558497725}. Best is trial 1319 with value: 0.30197738672869706.
[I 2024-12-04 18:10:57,530] Trial 2173 finished with value: 0.3156887808455881 and parameters: {'n_estimators': 908, 'max_depth': 6, 'learning_rate': 0.07479489151107688, 'subsample': 0.7693631321194635, 'colsample_bytree': 0.718007997734089, 'min_child_weight': 2, 'gamma': 0.0008606656524306545, 'reg_alpha': 0.00015258014651058153, 'reg_lambda': 0.013262518005816628}. Best is trial 1319 with value: 0.30197738672869706.
[I 2024-12-04 18:10:58,990] Trial 2174 finished with value: 0.31187852449999615 and parameters: {'n_estimators': 909, 'max_depth': 6, 'learning_rate': 0.0747553471482443, 'subsample': 0.7692754462523154, 'colsample_bytree': 0.7176243715664948, 'min_child_weight': 2, 'gamma': 0.000882328340034066, 'reg_alpha': 0.00015580444619958518, 'reg_lambda': 0.013135719556467132}. Best is trial 1319 with value: 0.30197738672869706.
[I 2024-12-04 18:11:00,593] Trial 2175 finished with value: 0.3145737817846864 and parameters: {'n_estimators': 908, 'max_depth': 6, 'learning_rate': 0.07452053303918593, 'subsample': 0.7692795747980363, 'colsample_bytree': 0.7178457620505247, 'min_child_weight': 2, 'gamma': 0.0008431396514431506, 'reg_alpha': 0.00014849533745045474, 'reg_lambda': 0.012788330967245791}. Best is trial 1319 with value: 0.30197738672869706.
[I 2024-12-04 18:11:02,061] Trial 2176 finished with value: 0.3106671667962539 and parameters: {'n_estimators': 908, 'max_depth': 6, 'learning_rate': 0.07485442279760862, 'subsample': 0.7691161351816278, 'colsample_bytree': 0.7182981559735697, 'min_child_weight': 2, 'gamma': 0.0008888506823399461, 'reg_alpha': 0.00016029469850655016, 'reg_lambda': 0.013599434383384538}. Best is trial 1319 with value: 0.30197738672869706.
[I 2024-12-04 18:11:03,521] Trial 2177 finished with value: 0.3112051610114131 and parameters: {'n_estimators': 909, 'max_depth': 6, 'learning_rate': 0.07466725030311408, 'subsample': 0.7692712831488328, 'colsample_bytree': 0.7170868691211507, 'min_child_weight': 2, 'gamma': 0.0008704890141614293, 'reg_alpha': 0.00015588266994411256, 'reg_lambda': 0.012701246622439547}. Best is trial 1319 with value: 0.30197738672869706.
[I 2024-12-04 18:11:05,030] Trial 2178 finished with value: 0.31221136831224056 and parameters: {'n_estimators': 905, 'max_depth': 6, 'learning_rate': 0.07471520101260647, 'subsample': 0.7694940319700095, 'colsample_bytree': 0.7172578096273844, 'min_child_weight': 2, 'gamma': 0.0008736781613722174, 'reg_alpha': 0.0001599559830380821, 'reg_lambda': 0.013275196427790884}. Best is trial 1319 with value: 0.30197738672869706.
[I 2024-12-04 18:11:06,581] Trial 2179 finished with value: 0.31056769363100134 and parameters: {'n_estimators': 908, 'max_depth': 6, 'learning_rate': 0.07470964049254793, 'subsample': 0.7691205629421687, 'colsample_bytree': 0.7170615960525235, 'min_child_weight': 2, 'gamma': 0.0008830816001886517, 'reg_alpha': 0.0001593683393461776, 'reg_lambda': 0.013036801192238073}. Best is trial 1319 with value: 0.30197738672869706.
[I 2024-12-04 18:11:08,050] Trial 2180 finished with value: 0.3126776960080671 and parameters: {'n_estimators': 906, 'max_depth': 6, 'learning_rate': 0.0749453658543381, 'subsample': 0.7691728679513756, 'colsample_bytree': 0.7177394216821986, 'min_child_weight': 2, 'gamma': 0.0008679757451684499, 'reg_alpha': 0.00016597741324989366, 'reg_lambda': 0.013286346857492259}. Best is trial 1319 with value: 0.30197738672869706.
[I 2024-12-04 18:11:09,802] Trial 2181 finished with value: 0.310551693768741 and parameters: {'n_estimators': 908, 'max_depth': 6, 'learning_rate': 0.07501872329525641, 'subsample': 0.769055580190335, 'colsample_bytree': 0.7174970142239221, 'min_child_weight': 2, 'gamma': 0.0008866096395516337, 'reg_alpha': 0.00015769643001805676, 'reg_lambda': 0.013756558089444516}. Best is trial 1319 with value: 0.30197738672869706.
[I 2024-12-04 18:11:11,374] Trial 2182 finished with value: 0.3142292894517584 and parameters: {'n_estimators': 905, 'max_depth': 6, 'learning_rate': 0.07486847657172768, 'subsample': 0.769422988041014, 'colsample_bytree': 0.7171584115316423, 'min_child_weight': 2, 'gamma': 0.0009207832241779874, 'reg_alpha': 0.00016834336364280852, 'reg_lambda': 0.0129674100975555}. Best is trial 1319 with value: 0.30197738672869706.
[I 2024-12-04 18:11:12,847] Trial 2183 finished with value: 0.30804375323661265 and parameters: {'n_estimators': 909, 'max_depth': 6, 'learning_rate': 0.07476831227108892, 'subsample': 0.7692101554399158, 'colsample_bytree': 0.7174319209514171, 'min_child_weight': 2, 'gamma': 0.0008738641507400976, 'reg_alpha': 0.00015400105310139282, 'reg_lambda': 0.013014816019142793}. Best is trial 1319 with value: 0.30197738672869706.
[I 2024-12-04 18:11:14,458] Trial 2184 finished with value: 0.3131315117651029 and parameters: {'n_estimators': 908, 'max_depth': 6, 'learning_rate': 0.07477595097242988, 'subsample': 0.7692747845779027, 'colsample_bytree': 0.7175875869034564, 'min_child_weight': 2, 'gamma': 0.0008756348015650249, 'reg_alpha': 0.00015564637523914236, 'reg_lambda': 0.01319500336708658}. Best is trial 1319 with value: 0.30197738672869706.
[I 2024-12-04 18:11:15,925] Trial 2185 finished with value: 0.3145228664098932 and parameters: {'n_estimators': 910, 'max_depth': 6, 'learning_rate': 0.07483505726636717, 'subsample': 0.7688506163142488, 'colsample_bytree': 0.7171897137614492, 'min_child_weight': 2, 'gamma': 0.0008559394840328572, 'reg_alpha': 0.00014688560006693378, 'reg_lambda': 0.013138867393472078}. Best is trial 1319 with value: 0.30197738672869706.
[I 2024-12-04 18:11:17,401] Trial 2186 finished with value: 0.31406735071713343 and parameters: {'n_estimators': 906, 'max_depth': 6, 'learning_rate': 0.07477166210248082, 'subsample': 0.7694887436293865, 'colsample_bytree': 0.7177345576001616, 'min_child_weight': 2, 'gamma': 0.0008891748325183561, 'reg_alpha': 0.00015579675428249523, 'reg_lambda': 0.013585510992087095}. Best is trial 1319 with value: 0.30197738672869706.
[I 2024-12-04 18:11:18,977] Trial 2187 finished with value: 0.3109122491589683 and parameters: {'n_estimators': 907, 'max_depth': 6, 'learning_rate': 0.07473760063119907, 'subsample': 0.7690293852025967, 'colsample_bytree': 0.7178621467386302, 'min_child_weight': 2, 'gamma': 0.0008714275156064709, 'reg_alpha': 0.0001546314070638062, 'reg_lambda': 0.013305729259418104}. Best is trial 1319 with value: 0.30197738672869706.
[I 2024-12-04 18:11:20,447] Trial 2188 finished with value: 0.3101387085454428 and parameters: {'n_estimators': 909, 'max_depth': 6, 'learning_rate': 0.07469833880630226, 'subsample': 0.7690058673065417, 'colsample_bytree': 0.7177690961850369, 'min_child_weight': 2, 'gamma': 0.0008700411458965059, 'reg_alpha': 0.00015209322777977972, 'reg_lambda': 0.013232845078555763}. Best is trial 1319 with value: 0.30197738672869706.
[I 2024-12-04 18:11:22,064] Trial 2189 finished with value: 0.31400072952746394 and parameters: {'n_estimators': 909, 'max_depth': 6, 'learning_rate': 0.07487752015803649, 'subsample': 0.7688733074277365, 'colsample_bytree': 0.7174256489611675, 'min_child_weight': 2, 'gamma': 0.0008537169679749128, 'reg_alpha': 0.00015942608394530516, 'reg_lambda': 0.013820743569392701}. Best is trial 1319 with value: 0.30197738672869706.
[I 2024-12-04 18:11:23,687] Trial 2190 finished with value: 0.312981438351419 and parameters: {'n_estimators': 911, 'max_depth': 6, 'learning_rate': 0.07481026846633154, 'subsample': 0.7689555914171229, 'colsample_bytree': 0.7173445216657994, 'min_child_weight': 2, 'gamma': 0.0008487385253207027, 'reg_alpha': 0.00015099565152150888, 'reg_lambda': 0.013578084540469895}. Best is trial 1319 with value: 0.30197738672869706.
[I 2024-12-04 18:11:25,278] Trial 2191 finished with value: 0.31255562176041407 and parameters: {'n_estimators': 909, 'max_depth': 6, 'learning_rate': 0.07475725065062513, 'subsample': 0.7690670562880803, 'colsample_bytree': 0.7166676191370656, 'min_child_weight': 2, 'gamma': 0.0008880604563241482, 'reg_alpha': 0.00016096887396525023, 'reg_lambda': 0.012910122647870368}. Best is trial 1319 with value: 0.30197738672869706.
[I 2024-12-04 18:11:26,745] Trial 2192 finished with value: 0.3089661711365967 and parameters: {'n_estimators': 908, 'max_depth': 6, 'learning_rate': 0.07482252217659481, 'subsample': 0.7692904665936605, 'colsample_bytree': 0.7173059472358374, 'min_child_weight': 2, 'gamma': 0.0008857341241025707, 'reg_alpha': 0.00015979320861893892, 'reg_lambda': 0.013068871509360978}. Best is trial 1319 with value: 0.30197738672869706.
[I 2024-12-04 18:11:28,314] Trial 2193 finished with value: 0.3144004761756118 and parameters: {'n_estimators': 911, 'max_depth': 6, 'learning_rate': 0.0746856857429325, 'subsample': 0.7693207660190972, 'colsample_bytree': 0.717217414911891, 'min_child_weight': 2, 'gamma': 0.0008607208710690466, 'reg_alpha': 0.0001535088963854344, 'reg_lambda': 0.013146036441176434}. Best is trial 1319 with value: 0.30197738672869706.
[I 2024-12-04 18:11:29,914] Trial 2194 finished with value: 0.31089791395743765 and parameters: {'n_estimators': 908, 'max_depth': 6, 'learning_rate': 0.07499759549405852, 'subsample': 0.7689710275029813, 'colsample_bytree': 0.7175538727072688, 'min_child_weight': 2, 'gamma': 0.0008928950259505229, 'reg_alpha': 0.00016365973503418857, 'reg_lambda': 0.013457153951333359}. Best is trial 1319 with value: 0.30197738672869706.
[I 2024-12-04 18:11:31,485] Trial 2195 finished with value: 0.3083104096133353 and parameters: {'n_estimators': 909, 'max_depth': 6, 'learning_rate': 0.07496745021579818, 'subsample': 0.769134501967654, 'colsample_bytree': 0.7178394516314368, 'min_child_weight': 2, 'gamma': 0.0008678767000641618, 'reg_alpha': 0.0001576457098566795, 'reg_lambda': 0.013066749635011764}. Best is trial 1319 with value: 0.30197738672869706.
[I 2024-12-04 18:11:32,930] Trial 2196 finished with value: 0.30949294968680896 and parameters: {'n_estimators': 909, 'max_depth': 6, 'learning_rate': 0.07485579846126038, 'subsample': 0.7692411360573177, 'colsample_bytree': 0.7171394501379622, 'min_child_weight': 2, 'gamma': 0.0008892144176517519, 'reg_alpha': 0.00016124615684037544, 'reg_lambda': 0.013100531266002627}. Best is trial 1319 with value: 0.30197738672869706.
[I 2024-12-04 18:11:34,498] Trial 2197 finished with value: 0.310628341991826 and parameters: {'n_estimators': 908, 'max_depth': 6, 'learning_rate': 0.07488144989719334, 'subsample': 0.7692496258295141, 'colsample_bytree': 0.7179418667178044, 'min_child_weight': 2, 'gamma': 0.0008803489091465971, 'reg_alpha': 0.00015801789334661786, 'reg_lambda': 0.013321914243633843}. Best is trial 1319 with value: 0.30197738672869706.
[I 2024-12-04 18:11:35,956] Trial 2198 finished with value: 0.31201502398997427 and parameters: {'n_estimators': 908, 'max_depth': 6, 'learning_rate': 0.0746089319458907, 'subsample': 0.7691572387123211, 'colsample_bytree': 0.7173382573039357, 'min_child_weight': 2, 'gamma': 0.0008922166151100038, 'reg_alpha': 0.00016248900758638346, 'reg_lambda': 0.012436560939386583}. Best is trial 1319 with value: 0.30197738672869706.
[I 2024-12-04 18:11:37,502] Trial 2199 finished with value: 0.311186390072894 and parameters: {'n_estimators': 906, 'max_depth': 6, 'learning_rate': 0.07502015545360081, 'subsample': 0.7692367464449773, 'colsample_bytree': 0.7178739143719636, 'min_child_weight': 2, 'gamma': 0.000882951641982532, 'reg_alpha': 0.00015616298541484196, 'reg_lambda': 0.013194649797144496}. Best is trial 1319 with value: 0.30197738672869706.
[I 2024-12-04 18:11:39,164] Trial 2200 finished with value: 0.3119828406417591 and parameters: {'n_estimators': 908, 'max_depth': 6, 'learning_rate': 0.07491399224380736, 'subsample': 0.7691693356628817, 'colsample_bytree': 0.7180224335324282, 'min_child_weight': 2, 'gamma': 0.0008727065730724581, 'reg_alpha': 0.00015564742679104933, 'reg_lambda': 0.013022720384717442}. Best is trial 1319 with value: 0.30197738672869706.
[I 2024-12-04 18:11:40,761] Trial 2201 finished with value: 0.31634986114308 and parameters: {'n_estimators': 908, 'max_depth': 6, 'learning_rate': 0.07481964186568091, 'subsample': 0.7691913554161618, 'colsample_bytree': 0.7179932982330903, 'min_child_weight': 2, 'gamma': 0.0008563840969159444, 'reg_alpha': 0.00015355237779493105, 'reg_lambda': 0.013305340056254625}. Best is trial 1319 with value: 0.30197738672869706.
[I 2024-12-04 18:11:42,235] Trial 2202 finished with value: 0.3128480163163276 and parameters: {'n_estimators': 908, 'max_depth': 6, 'learning_rate': 0.07510020743026298, 'subsample': 0.7691663951948688, 'colsample_bytree': 0.7177258607804649, 'min_child_weight': 2, 'gamma': 0.0008998897401758517, 'reg_alpha': 0.00016913667919562936, 'reg_lambda': 0.012983490213755486}. Best is trial 1319 with value: 0.30197738672869706.
[I 2024-12-04 18:11:43,694] Trial 2203 finished with value: 0.30875755903025787 and parameters: {'n_estimators': 909, 'max_depth': 6, 'learning_rate': 0.0750624542586283, 'subsample': 0.7691628610166278, 'colsample_bytree': 0.7174021435563969, 'min_child_weight': 2, 'gamma': 0.0008798406574257476, 'reg_alpha': 0.00016338338612551428, 'reg_lambda': 0.013133852108573622}. Best is trial 1319 with value: 0.30197738672869706.
[I 2024-12-04 18:11:45,283] Trial 2204 finished with value: 0.31070811257635367 and parameters: {'n_estimators': 909, 'max_depth': 6, 'learning_rate': 0.07497872381325034, 'subsample': 0.7691549673080729, 'colsample_bytree': 0.7179224199087485, 'min_child_weight': 2, 'gamma': 0.0008818493889121347, 'reg_alpha': 0.0001609274457701268, 'reg_lambda': 0.013245082475814171}. Best is trial 1319 with value: 0.30197738672869706.
[I 2024-12-04 18:11:46,761] Trial 2205 finished with value: 0.3091647267774181 and parameters: {'n_estimators': 909, 'max_depth': 6, 'learning_rate': 0.07489293653661173, 'subsample': 0.7689107338814318, 'colsample_bytree': 0.7171755421946162, 'min_child_weight': 2, 'gamma': 0.0008702722277954593, 'reg_alpha': 0.00015279424557784944, 'reg_lambda': 0.012635032943529871}. Best is trial 1319 with value: 0.30197738672869706.
[I 2024-12-04 18:11:48,239] Trial 2206 finished with value: 0.31752598694932194 and parameters: {'n_estimators': 909, 'max_depth': 6, 'learning_rate': 0.07481451658561537, 'subsample': 0.7691609743066639, 'colsample_bytree': 0.717936439932304, 'min_child_weight': 2, 'gamma': 0.000868905751752319, 'reg_alpha': 0.00015726969220243795, 'reg_lambda': 0.013003959817746014}. Best is trial 1319 with value: 0.30197738672869706.
[I 2024-12-04 18:11:49,739] Trial 2207 finished with value: 0.3121508455390156 and parameters: {'n_estimators': 907, 'max_depth': 6, 'learning_rate': 0.07486103099283772, 'subsample': 0.7691878013042905, 'colsample_bytree': 0.7177879330195112, 'min_child_weight': 2, 'gamma': 0.0008781042414266792, 'reg_alpha': 0.00015542746741569616, 'reg_lambda': 0.013260303880573587}. Best is trial 1319 with value: 0.30197738672869706.
[I 2024-12-04 18:11:51,556] Trial 2208 finished with value: 0.3100626164306998 and parameters: {'n_estimators': 908, 'max_depth': 6, 'learning_rate': 0.07481266683570018, 'subsample': 0.7693425576950805, 'colsample_bytree': 0.7174510264099099, 'min_child_weight': 2, 'gamma': 0.0008914218671186595, 'reg_alpha': 0.0001587588984202957, 'reg_lambda': 0.012915690143882374}. Best is trial 1319 with value: 0.30197738672869706.
[I 2024-12-04 18:11:53,179] Trial 2209 finished with value: 0.31188326994802923 and parameters: {'n_estimators': 909, 'max_depth': 6, 'learning_rate': 0.07481616634718441, 'subsample': 0.7692138268520172, 'colsample_bytree': 0.7173714873446031, 'min_child_weight': 2, 'gamma': 0.0008956532262956656, 'reg_alpha': 0.00016218431977363816, 'reg_lambda': 0.012514178905272117}. Best is trial 1319 with value: 0.30197738672869706.
[I 2024-12-04 18:11:54,654] Trial 2210 finished with value: 0.3108473502427056 and parameters: {'n_estimators': 910, 'max_depth': 6, 'learning_rate': 0.07498531994751884, 'subsample': 0.7690683005176452, 'colsample_bytree': 0.71705636269757, 'min_child_weight': 2, 'gamma': 0.0008675922038789132, 'reg_alpha': 0.00015807593448775883, 'reg_lambda': 0.013077714775139469}. Best is trial 1319 with value: 0.30197738672869706.
[I 2024-12-04 18:11:56,263] Trial 2211 finished with value: 0.31218646401108724 and parameters: {'n_estimators': 908, 'max_depth': 6, 'learning_rate': 0.07497711478730876, 'subsample': 0.7692635669565437, 'colsample_bytree': 0.717973028443928, 'min_child_weight': 2, 'gamma': 0.0008770745496666905, 'reg_alpha': 0.00016262568905295655, 'reg_lambda': 0.013290937433500878}. Best is trial 1319 with value: 0.30197738672869706.
[I 2024-12-04 18:11:57,876] Trial 2212 finished with value: 0.31633896437418474 and parameters: {'n_estimators': 911, 'max_depth': 6, 'learning_rate': 0.07505388455525182, 'subsample': 0.768858320781124, 'colsample_bytree': 0.7175029868973202, 'min_child_weight': 2, 'gamma': 0.0008537652929980394, 'reg_alpha': 0.00015336625235717164, 'reg_lambda': 0.01322287130827481}. Best is trial 1319 with value: 0.30197738672869706.
[I 2024-12-04 18:11:59,360] Trial 2213 finished with value: 0.31004360933961056 and parameters: {'n_estimators': 908, 'max_depth': 6, 'learning_rate': 0.07491925027413007, 'subsample': 0.7693151344796211, 'colsample_bytree': 0.7178134820763402, 'min_child_weight': 2, 'gamma': 0.0008964288133883671, 'reg_alpha': 0.00016471989846508458, 'reg_lambda': 0.012825295175434594}. Best is trial 1319 with value: 0.30197738672869706.
[I 2024-12-04 18:12:00,978] Trial 2214 finished with value: 0.307578162944013 and parameters: {'n_estimators': 909, 'max_depth': 6, 'learning_rate': 0.07503002054879698, 'subsample': 0.7690638818188812, 'colsample_bytree': 0.7174465187867427, 'min_child_weight': 2, 'gamma': 0.0008631863920800253, 'reg_alpha': 0.00015735058974136016, 'reg_lambda': 0.013168152759414901}. Best is trial 1319 with value: 0.30197738672869706.
[I 2024-12-04 18:12:02,554] Trial 2215 finished with value: 0.30785946887193627 and parameters: {'n_estimators': 907, 'max_depth': 6, 'learning_rate': 0.07490752797812851, 'subsample': 0.7692721994391076, 'colsample_bytree': 0.7175581528571806, 'min_child_weight': 2, 'gamma': 0.0009056094750183251, 'reg_alpha': 0.00016978379558424427, 'reg_lambda': 0.013325478662628412}. Best is trial 1319 with value: 0.30197738672869706.
[I 2024-12-04 18:12:04,860] Trial 2216 finished with value: 0.31279611534888413 and parameters: {'n_estimators': 909, 'max_depth': 6, 'learning_rate': 0.07505087622420545, 'subsample': 0.7689484737225822, 'colsample_bytree': 0.7175904471607064, 'min_child_weight': 2, 'gamma': 0.0008789566294184658, 'reg_alpha': 0.00015808276905900033, 'reg_lambda': 0.013321917232165739}. Best is trial 1319 with value: 0.30197738672869706.
[I 2024-12-04 18:12:06,483] Trial 2217 finished with value: 0.3121961603649304 and parameters: {'n_estimators': 907, 'max_depth': 6, 'learning_rate': 0.07500721407486181, 'subsample': 0.768908462888223, 'colsample_bytree': 0.7173631241067294, 'min_child_weight': 2, 'gamma': 0.0008895126352099014, 'reg_alpha': 0.00016150473436855593, 'reg_lambda': 0.013362836120937891}. Best is trial 1319 with value: 0.30197738672869706.
[I 2024-12-04 18:12:08,429] Trial 2218 finished with value: 0.31129625016114687 and parameters: {'n_estimators': 908, 'max_depth': 6, 'learning_rate': 0.07501224975924228, 'subsample': 0.769082218239561, 'colsample_bytree': 0.7175557651138113, 'min_child_weight': 2, 'gamma': 0.000905602485050274, 'reg_alpha': 0.00016163396175166182, 'reg_lambda': 0.01293296316651059}. Best is trial 1319 with value: 0.30197738672869706.
[I 2024-12-04 18:12:10,561] Trial 2219 finished with value: 0.309972019042495 and parameters: {'n_estimators': 907, 'max_depth': 6, 'learning_rate': 0.07494587243132857, 'subsample': 0.7693045557245523, 'colsample_bytree': 0.7179554735456067, 'min_child_weight': 2, 'gamma': 0.0008877541085895095, 'reg_alpha': 0.00016341594594831518, 'reg_lambda': 0.013241793713945366}. Best is trial 1319 with value: 0.30197738672869706.
[I 2024-12-04 18:12:12,342] Trial 2220 finished with value: 0.3086370139491582 and parameters: {'n_estimators': 908, 'max_depth': 6, 'learning_rate': 0.07501735282877961, 'subsample': 0.7691663840528864, 'colsample_bytree': 0.7176128697313333, 'min_child_weight': 2, 'gamma': 0.0008821269001747617, 'reg_alpha': 0.0001682018468406223, 'reg_lambda': 0.013144566829486996}. Best is trial 1319 with value: 0.30197738672869706.
[I 2024-12-04 18:12:14,306] Trial 2221 finished with value: 0.3099291650513026 and parameters: {'n_estimators': 908, 'max_depth': 6, 'learning_rate': 0.07498448883032902, 'subsample': 0.7690183552926086, 'colsample_bytree': 0.7178168009103706, 'min_child_weight': 2, 'gamma': 0.0008730246502361839, 'reg_alpha': 0.00015457753095566727, 'reg_lambda': 0.01317191816144036}. Best is trial 1319 with value: 0.30197738672869706.
