[I 2024-12-04 18:17:33,365] Trial 2426 finished with value: 0.31499128415049826 and parameters: {'n_estimators': 909, 'max_depth': 6, 'learning_rate': 0.07534894858207501, 'subsample': 0.7692407092241984, 'colsample_bytree': 0.7169913583157637, 'min_child_weight': 2, 'gamma': 0.0009133083406986027, 'reg_alpha': 0.00018111683342199805, 'reg_lambda': 0.013334667240084542}. Best is trial 1319 with value: 0.30197738672869706.
[I 2024-12-04 18:17:34,890] Trial 2427 finished with value: 0.3150336887019653 and parameters: {'n_estimators': 911, 'max_depth': 6, 'learning_rate': 0.07534705927147148, 'subsample': 0.7692972794074076, 'colsample_bytree': 0.7173213776201901, 'min_child_weight': 2, 'gamma': 0.000895822086614891, 'reg_alpha': 0.00018578113140681825, 'reg_lambda': 0.013510101874795849}. Best is trial 1319 with value: 0.30197738672869706.
[I 2024-12-04 18:17:36,348] Trial 2428 finished with value: 0.3153431562354221 and parameters: {'n_estimators': 912, 'max_depth': 6, 'learning_rate': 0.07541654568632312, 'subsample': 0.7692494588744446, 'colsample_bytree': 0.7172379230954535, 'min_child_weight': 2, 'gamma': 0.0009111390812754179, 'reg_alpha': 0.00017620197677015205, 'reg_lambda': 0.012728876804845912}. Best is trial 1319 with value: 0.30197738672869706.
[I 2024-12-04 18:17:38,017] Trial 2429 finished with value: 0.3137849932196278 and parameters: {'n_estimators': 909, 'max_depth': 6, 'learning_rate': 0.0753009172527771, 'subsample': 0.7695799265475489, 'colsample_bytree': 0.7172570162212735, 'min_child_weight': 2, 'gamma': 0.0009430746470121604, 'reg_alpha': 0.00019794909740299574, 'reg_lambda': 0.012799719961020424}. Best is trial 1319 with value: 0.30197738672869706.
[I 2024-12-04 18:17:39,807] Trial 2430 finished with value: 0.30890440173581507 and parameters: {'n_estimators': 909, 'max_depth': 6, 'learning_rate': 0.07549088721083815, 'subsample': 0.7693703503375139, 'colsample_bytree': 0.7173262858296738, 'min_child_weight': 2, 'gamma': 0.0009215519199347959, 'reg_alpha': 0.0001909116990952211, 'reg_lambda': 0.012428007250211235}. Best is trial 1319 with value: 0.30197738672869706.
[I 2024-12-04 18:17:41,328] Trial 2431 finished with value: 0.31009297282921366 and parameters: {'n_estimators': 910, 'max_depth': 6, 'learning_rate': 0.0756509478328305, 'subsample': 0.7693339297067288, 'colsample_bytree': 0.7173596701152595, 'min_child_weight': 2, 'gamma': 0.0009530706662009851, 'reg_alpha': 0.00019318848517293292, 'reg_lambda': 0.013544201069572983}. Best is trial 1319 with value: 0.30197738672869706.
[I 2024-12-04 18:17:42,913] Trial 2432 finished with value: 0.3205966360431174 and parameters: {'n_estimators': 910, 'max_depth': 6, 'learning_rate': 0.07543417873158655, 'subsample': 0.7693691379787206, 'colsample_bytree': 0.7171810233260045, 'min_child_weight': 2, 'gamma': 0.0009213044413401096, 'reg_alpha': 0.0001952191689296719, 'reg_lambda': 0.013114572224771174}. Best is trial 1319 with value: 0.30197738672869706.
[I 2024-12-04 18:17:44,500] Trial 2433 finished with value: 0.3177639621895517 and parameters: {'n_estimators': 911, 'max_depth': 6, 'learning_rate': 0.07539761815274337, 'subsample': 0.7694087637302292, 'colsample_bytree': 0.71754055847005, 'min_child_weight': 2, 'gamma': 0.0008958858896165315, 'reg_alpha': 0.00018803805946882344, 'reg_lambda': 0.012781865766854389}. Best is trial 1319 with value: 0.30197738672869706.
[I 2024-12-04 18:17:45,971] Trial 2434 finished with value: 0.31738676498979934 and parameters: {'n_estimators': 910, 'max_depth': 6, 'learning_rate': 0.07534823462504166, 'subsample': 0.7692752295000546, 'colsample_bytree': 0.7169172165857559, 'min_child_weight': 2, 'gamma': 0.0009165642788329753, 'reg_alpha': 0.00018201410691654054, 'reg_lambda': 0.012866103700278167}. Best is trial 1319 with value: 0.30197738672869706.
[I 2024-12-04 18:17:47,485] Trial 2435 finished with value: 0.3108422609745767 and parameters: {'n_estimators': 910, 'max_depth': 6, 'learning_rate': 0.0751688776617283, 'subsample': 0.769335038576894, 'colsample_bytree': 0.7171500789051366, 'min_child_weight': 2, 'gamma': 0.000918253663560316, 'reg_alpha': 0.00018633653164829586, 'reg_lambda': 0.012969782035992012}. Best is trial 1319 with value: 0.30197738672869706.
[I 2024-12-04 18:17:49,071] Trial 2436 finished with value: 0.3114527199468471 and parameters: {'n_estimators': 908, 'max_depth': 6, 'learning_rate': 0.07538966291225001, 'subsample': 0.7694631443123546, 'colsample_bytree': 0.7175427629904194, 'min_child_weight': 2, 'gamma': 0.0009410267163384085, 'reg_alpha': 0.00019070842372762551, 'reg_lambda': 0.013032963953070444}. Best is trial 1319 with value: 0.30197738672869706.
[I 2024-12-04 18:17:50,534] Trial 2437 finished with value: 0.31531108628391674 and parameters: {'n_estimators': 912, 'max_depth': 6, 'learning_rate': 0.07550580179035228, 'subsample': 0.769256182081821, 'colsample_bytree': 0.717171914250067, 'min_child_weight': 2, 'gamma': 0.0008968521327489306, 'reg_alpha': 0.0001905581069207931, 'reg_lambda': 0.012992118079384166}. Best is trial 1319 with value: 0.30197738672869706.
[I 2024-12-04 18:17:51,990] Trial 2438 finished with value: 0.31068152717972153 and parameters: {'n_estimators': 912, 'max_depth': 6, 'learning_rate': 0.07510427371084842, 'subsample': 0.7693423547032536, 'colsample_bytree': 0.7172252441158244, 'min_child_weight': 2, 'gamma': 0.0008910705685450831, 'reg_alpha': 0.00018002468560379063, 'reg_lambda': 0.012413365148965743}. Best is trial 1319 with value: 0.30197738672869706.
[I 2024-12-04 18:17:53,624] Trial 2439 finished with value: 0.3125760625677441 and parameters: {'n_estimators': 910, 'max_depth': 6, 'learning_rate': 0.07557450487028278, 'subsample': 0.7694139436857506, 'colsample_bytree': 0.717001389892401, 'min_child_weight': 2, 'gamma': 0.0009384609589152413, 'reg_alpha': 0.00019241283179516905, 'reg_lambda': 0.012318534846886994}. Best is trial 1319 with value: 0.30197738672869706.
[I 2024-12-04 18:17:55,085] Trial 2440 finished with value: 0.31106415812373917 and parameters: {'n_estimators': 910, 'max_depth': 6, 'learning_rate': 0.07558741284034219, 'subsample': 0.7694280453491611, 'colsample_bytree': 0.7170402277154726, 'min_child_weight': 2, 'gamma': 0.0009536857689097074, 'reg_alpha': 0.0001978278199032647, 'reg_lambda': 0.012797563316200708}. Best is trial 1319 with value: 0.30197738672869706.
[I 2024-12-04 18:17:56,553] Trial 2441 finished with value: 0.3168129115434533 and parameters: {'n_estimators': 909, 'max_depth': 6, 'learning_rate': 0.07539266675638145, 'subsample': 0.7695296508875908, 'colsample_bytree': 0.7167438968199111, 'min_child_weight': 2, 'gamma': 0.0009342992082448172, 'reg_alpha': 0.0001960484189890338, 'reg_lambda': 0.012329600816913132}. Best is trial 1319 with value: 0.30197738672869706.
[I 2024-12-04 18:17:58,075] Trial 2442 finished with value: 0.3136387709187262 and parameters: {'n_estimators': 910, 'max_depth': 6, 'learning_rate': 0.07556333352004475, 'subsample': 0.7694952326508739, 'colsample_bytree': 0.7176206335691969, 'min_child_weight': 2, 'gamma': 0.000927063758851301, 'reg_alpha': 0.00019768876042936258, 'reg_lambda': 0.012827965884771014}. Best is trial 1319 with value: 0.30197738672869706.
[I 2024-12-04 18:17:59,535] Trial 2443 finished with value: 0.31515819921758625 and parameters: {'n_estimators': 909, 'max_depth': 6, 'learning_rate': 0.0752680842875355, 'subsample': 0.7693324474309065, 'colsample_bytree': 0.7171337170883569, 'min_child_weight': 2, 'gamma': 0.0008896247938105427, 'reg_alpha': 0.00018207585739947674, 'reg_lambda': 0.012811370927010566}. Best is trial 1319 with value: 0.30197738672869706.
[I 2024-12-04 18:18:01,000] Trial 2444 finished with value: 0.31658527604284936 and parameters: {'n_estimators': 911, 'max_depth': 6, 'learning_rate': 0.07544452057107703, 'subsample': 0.7692962894908116, 'colsample_bytree': 0.7173846974724348, 'min_child_weight': 2, 'gamma': 0.00090879896460775, 'reg_alpha': 0.00018355343151239817, 'reg_lambda': 0.013104329077837533}. Best is trial 1319 with value: 0.30197738672869706.
[I 2024-12-04 18:18:02,513] Trial 2445 finished with value: 0.31214542459241135 and parameters: {'n_estimators': 909, 'max_depth': 6, 'learning_rate': 0.07553968598986305, 'subsample': 0.769581581740503, 'colsample_bytree': 0.7172463232867011, 'min_child_weight': 2, 'gamma': 0.0009590722616664115, 'reg_alpha': 0.00019717405748146958, 'reg_lambda': 0.012788216187104264}. Best is trial 1319 with value: 0.30197738672869706.
[I 2024-12-04 18:18:03,995] Trial 2446 finished with value: 0.30848259601200784 and parameters: {'n_estimators': 910, 'max_depth': 6, 'learning_rate': 0.07558987544340423, 'subsample': 0.7691049062246196, 'colsample_bytree': 0.7179959688457614, 'min_child_weight': 2, 'gamma': 0.0009025523207384162, 'reg_alpha': 0.00018046104599806628, 'reg_lambda': 0.01306754297347601}. Best is trial 1319 with value: 0.30197738672869706.
[I 2024-12-04 18:18:06,113] Trial 2447 finished with value: 0.3110217605389189 and parameters: {'n_estimators': 911, 'max_depth': 6, 'learning_rate': 0.07562162899861699, 'subsample': 0.769076420435586, 'colsample_bytree': 0.7173856025396874, 'min_child_weight': 2, 'gamma': 0.0009139534504516901, 'reg_alpha': 0.0001934720664981717, 'reg_lambda': 0.012877104779585738}. Best is trial 1319 with value: 0.30197738672869706.
[I 2024-12-04 18:18:07,695] Trial 2448 finished with value: 0.317220010556377 and parameters: {'n_estimators': 909, 'max_depth': 6, 'learning_rate': 0.07545500612774746, 'subsample': 0.7694941169820786, 'colsample_bytree': 0.7170748436954313, 'min_child_weight': 2, 'gamma': 0.0009408326788469641, 'reg_alpha': 0.00019983666690354297, 'reg_lambda': 0.012776043757872939}. Best is trial 1319 with value: 0.30197738672869706.
[I 2024-12-04 18:18:09,295] Trial 2449 finished with value: 0.30670623401282504 and parameters: {'n_estimators': 910, 'max_depth': 6, 'learning_rate': 0.07554474561893953, 'subsample': 0.7692175232247154, 'colsample_bytree': 0.7181683677612749, 'min_child_weight': 2, 'gamma': 0.0008995036536031329, 'reg_alpha': 0.00017676792085077937, 'reg_lambda': 0.012950903096934193}. Best is trial 1319 with value: 0.30197738672869706.
[I 2024-12-04 18:18:11,009] Trial 2450 finished with value: 0.31942908110922735 and parameters: {'n_estimators': 910, 'max_depth': 6, 'learning_rate': 0.07549058238882923, 'subsample': 0.7691539852396008, 'colsample_bytree': 0.7172841809463468, 'min_child_weight': 2, 'gamma': 0.0009393340223435532, 'reg_alpha': 0.0001892685395308233, 'reg_lambda': 0.012866099072825614}. Best is trial 1319 with value: 0.30197738672869706.
[I 2024-12-04 18:18:12,519] Trial 2451 finished with value: 0.31026940225236055 and parameters: {'n_estimators': 911, 'max_depth': 6, 'learning_rate': 0.07543190840450983, 'subsample': 0.7689612523164248, 'colsample_bytree': 0.7177144055272873, 'min_child_weight': 2, 'gamma': 0.0008869956045510727, 'reg_alpha': 0.00017249015156357858, 'reg_lambda': 0.01346356266803944}. Best is trial 1319 with value: 0.30197738672869706.
[I 2024-12-04 18:18:13,982] Trial 2452 finished with value: 0.3080445538887859 and parameters: {'n_estimators': 910, 'max_depth': 6, 'learning_rate': 0.07557514666639617, 'subsample': 0.7686677072743692, 'colsample_bytree': 0.7178997558925561, 'min_child_weight': 2, 'gamma': 0.0008896907077765554, 'reg_alpha': 0.0001811177314777602, 'reg_lambda': 0.012560778038538743}. Best is trial 1319 with value: 0.30197738672869706.
[I 2024-12-04 18:18:15,455] Trial 2453 finished with value: 0.3175382021815877 and parameters: {'n_estimators': 910, 'max_depth': 6, 'learning_rate': 0.07579908659255284, 'subsample': 0.769268760088668, 'colsample_bytree': 0.717514506580675, 'min_child_weight': 2, 'gamma': 0.00097988530813762, 'reg_alpha': 0.00020707778784187972, 'reg_lambda': 0.013114646710489368}. Best is trial 1319 with value: 0.30197738672869706.
[I 2024-12-04 18:18:17,069] Trial 2454 finished with value: 0.3080156214195141 and parameters: {'n_estimators': 910, 'max_depth': 6, 'learning_rate': 0.0756507793021544, 'subsample': 0.7692199881471106, 'colsample_bytree': 0.7178167625616901, 'min_child_weight': 2, 'gamma': 0.0009043118028780288, 'reg_alpha': 0.0001868409232793158, 'reg_lambda': 0.012768901990421676}. Best is trial 1319 with value: 0.30197738672869706.
[I 2024-12-04 18:18:18,532] Trial 2455 finished with value: 0.31074957263716946 and parameters: {'n_estimators': 911, 'max_depth': 6, 'learning_rate': 0.07553626872600384, 'subsample': 0.7694409842013176, 'colsample_bytree': 0.7170206541847982, 'min_child_weight': 2, 'gamma': 0.0009405635038699584, 'reg_alpha': 0.0001993817183992688, 'reg_lambda': 0.01258132759203074}. Best is trial 1319 with value: 0.30197738672869706.
[I 2024-12-04 18:18:20,425] Trial 2456 finished with value: 0.3130299728636194 and parameters: {'n_estimators': 911, 'max_depth': 6, 'learning_rate': 0.07556939895102233, 'subsample': 0.7688943353936236, 'colsample_bytree': 0.7172822556988955, 'min_child_weight': 2, 'gamma': 0.0008798881799590751, 'reg_alpha': 0.000181299099783067, 'reg_lambda': 0.012871937017223872}. Best is trial 1319 with value: 0.30197738672869706.
[I 2024-12-04 18:18:21,883] Trial 2457 finished with value: 0.31350718865420196 and parameters: {'n_estimators': 908, 'max_depth': 6, 'learning_rate': 0.07571561303745979, 'subsample': 0.7694990664942406, 'colsample_bytree': 0.7176034226107737, 'min_child_weight': 2, 'gamma': 0.0009361681634410894, 'reg_alpha': 0.00019072727793111879, 'reg_lambda': 0.01307657112560816}. Best is trial 1319 with value: 0.30197738672869706.
[I 2024-12-04 18:18:23,705] Trial 2458 finished with value: 0.3196386091563517 and parameters: {'n_estimators': 910, 'max_depth': 6, 'learning_rate': 0.07593514589397123, 'subsample': 0.7691808052789457, 'colsample_bytree': 0.7175397789234554, 'min_child_weight': 2, 'gamma': 0.0009540398632244038, 'reg_alpha': 0.00020456585031898903, 'reg_lambda': 0.013149924774539197}. Best is trial 1319 with value: 0.30197738672869706.
[I 2024-12-04 18:18:25,253] Trial 2459 finished with value: 0.3121085783344298 and parameters: {'n_estimators': 909, 'max_depth': 6, 'learning_rate': 0.07537579431122984, 'subsample': 0.7690926129188549, 'colsample_bytree': 0.7183579454340923, 'min_child_weight': 2, 'gamma': 0.0008261506247747614, 'reg_alpha': 0.0001642181191689893, 'reg_lambda': 0.012641809842736234}. Best is trial 1319 with value: 0.30197738672869706.
[I 2024-12-04 18:18:26,712] Trial 2460 finished with value: 0.3097746500702792 and parameters: {'n_estimators': 910, 'max_depth': 6, 'learning_rate': 0.07564999822071801, 'subsample': 0.7691826755285698, 'colsample_bytree': 0.717821869240461, 'min_child_weight': 2, 'gamma': 0.0009102397590996223, 'reg_alpha': 0.000185110282754868, 'reg_lambda': 0.012822728465139958}. Best is trial 1319 with value: 0.30197738672869706.
[I 2024-12-04 18:18:28,177] Trial 2461 finished with value: 0.3139200350584256 and parameters: {'n_estimators': 911, 'max_depth': 6, 'learning_rate': 0.07572067613585, 'subsample': 0.7688048028931869, 'colsample_bytree': 0.7182535602157532, 'min_child_weight': 2, 'gamma': 0.0008601540708705548, 'reg_alpha': 0.00016453923233704156, 'reg_lambda': 0.013230193888882972}. Best is trial 1319 with value: 0.30197738672869706.
[I 2024-12-04 18:18:29,621] Trial 2462 finished with value: 0.3097113335516909 and parameters: {'n_estimators': 912, 'max_depth': 6, 'learning_rate': 0.07555351900890558, 'subsample': 0.769096782735938, 'colsample_bytree': 0.7176580810900866, 'min_child_weight': 2, 'gamma': 0.0009071373226904207, 'reg_alpha': 0.00017440044526082074, 'reg_lambda': 0.012786048306422262}. Best is trial 1319 with value: 0.30197738672869706.
[I 2024-12-04 18:18:31,354] Trial 2463 finished with value: 0.31196012430324394 and parameters: {'n_estimators': 911, 'max_depth': 6, 'learning_rate': 0.07566834053248117, 'subsample': 0.7689571391787777, 'colsample_bytree': 0.7181603309145725, 'min_child_weight': 2, 'gamma': 0.0008742520116546449, 'reg_alpha': 0.00017764879225833503, 'reg_lambda': 0.013081067180704032}. Best is trial 1319 with value: 0.30197738672869706.
[I 2024-12-04 18:18:32,875] Trial 2464 finished with value: 0.30907823482727165 and parameters: {'n_estimators': 912, 'max_depth': 6, 'learning_rate': 0.07550610235168972, 'subsample': 0.768718353212019, 'colsample_bytree': 0.718277843184883, 'min_child_weight': 2, 'gamma': 0.000874250860233247, 'reg_alpha': 0.00017043901699128423, 'reg_lambda': 0.012842719020507331}. Best is trial 1319 with value: 0.30197738672869706.
[I 2024-12-04 18:18:34,326] Trial 2465 finished with value: 0.31169927992974666 and parameters: {'n_estimators': 910, 'max_depth': 6, 'learning_rate': 0.07559784918010487, 'subsample': 0.7690957399080349, 'colsample_bytree': 0.717471884927666, 'min_child_weight': 2, 'gamma': 0.0009155598273250591, 'reg_alpha': 0.00018043577513638965, 'reg_lambda': 0.012878152308588986}. Best is trial 1319 with value: 0.30197738672869706.
[I 2024-12-04 18:18:35,929] Trial 2466 finished with value: 0.30878574279471005 and parameters: {'n_estimators': 908, 'max_depth': 6, 'learning_rate': 0.07570626847387259, 'subsample': 0.7690385629783318, 'colsample_bytree': 0.7180668401371627, 'min_child_weight': 2, 'gamma': 0.0009151058275888881, 'reg_alpha': 0.00018988576987509829, 'reg_lambda': 0.013284384062798842}. Best is trial 1319 with value: 0.30197738672869706.
[I 2024-12-04 18:18:37,406] Trial 2467 finished with value: 0.3131717547066413 and parameters: {'n_estimators': 912, 'max_depth': 6, 'learning_rate': 0.07580880236071187, 'subsample': 0.7688902352896616, 'colsample_bytree': 0.7179331601812106, 'min_child_weight': 2, 'gamma': 0.0009106071284444719, 'reg_alpha': 0.00018951492473483499, 'reg_lambda': 0.01320858084602188}. Best is trial 1319 with value: 0.30197738672869706.
[I 2024-12-04 18:18:38,899] Trial 2468 finished with value: 0.3083254601927573 and parameters: {'n_estimators': 910, 'max_depth': 6, 'learning_rate': 0.07563435723796515, 'subsample': 0.7689342849600843, 'colsample_bytree': 0.7180426255646766, 'min_child_weight': 2, 'gamma': 0.0008759424701433485, 'reg_alpha': 0.00018106296786621898, 'reg_lambda': 0.012610023479351948}. Best is trial 1319 with value: 0.30197738672869706.
[I 2024-12-04 18:18:40,472] Trial 2469 finished with value: 0.3137177449809518 and parameters: {'n_estimators': 910, 'max_depth': 6, 'learning_rate': 0.0759359772281198, 'subsample': 0.7689964004015979, 'colsample_bytree': 0.7178190563850391, 'min_child_weight': 2, 'gamma': 0.0008971896669837874, 'reg_alpha': 0.00019075938447059396, 'reg_lambda': 0.01336358942566577}. Best is trial 1319 with value: 0.30197738672869706.
[I 2024-12-04 18:18:41,948] Trial 2470 finished with value: 0.3083530665863418 and parameters: {'n_estimators': 909, 'max_depth': 6, 'learning_rate': 0.0757245130491587, 'subsample': 0.7692235104669275, 'colsample_bytree': 0.7180285173284624, 'min_child_weight': 2, 'gamma': 0.0008991729232083882, 'reg_alpha': 0.0001902019426630942, 'reg_lambda': 0.01294650285970909}. Best is trial 1319 with value: 0.30197738672869706.
[I 2024-12-04 18:18:43,478] Trial 2471 finished with value: 0.3090985124591766 and parameters: {'n_estimators': 907, 'max_depth': 6, 'learning_rate': 0.07534858103835877, 'subsample': 0.7690293475687406, 'colsample_bytree': 0.7182929858890916, 'min_child_weight': 2, 'gamma': 0.0009126670283323188, 'reg_alpha': 0.00017354379696642554, 'reg_lambda': 0.01243049304583928}. Best is trial 1319 with value: 0.30197738672869706.
[I 2024-12-04 18:18:44,949] Trial 2472 finished with value: 0.3148815797576606 and parameters: {'n_estimators': 910, 'max_depth': 6, 'learning_rate': 0.07562098330511499, 'subsample': 0.7684971212333933, 'colsample_bytree': 0.7175984326495051, 'min_child_weight': 2, 'gamma': 0.000858802393884626, 'reg_alpha': 0.00018037534931664254, 'reg_lambda': 0.012630249714606375}. Best is trial 1319 with value: 0.30197738672869706.
[I 2024-12-04 18:18:46,427] Trial 2473 finished with value: 0.31265651057882543 and parameters: {'n_estimators': 912, 'max_depth': 6, 'learning_rate': 0.07537479181506705, 'subsample': 0.7687821113494586, 'colsample_bytree': 0.7173136739216917, 'min_child_weight': 2, 'gamma': 0.00086365551631297, 'reg_alpha': 0.0001721245216666753, 'reg_lambda': 0.012592787930813224}. Best is trial 1319 with value: 0.30197738672869706.
[I 2024-12-04 18:18:47,896] Trial 2474 finished with value: 0.3107122723348202 and parameters: {'n_estimators': 907, 'max_depth': 6, 'learning_rate': 0.07551801576682064, 'subsample': 0.7692244828718721, 'colsample_bytree': 0.7183041041658255, 'min_child_weight': 2, 'gamma': 0.000923819593306736, 'reg_alpha': 0.0001843063370451612, 'reg_lambda': 0.012958439628411042}. Best is trial 1319 with value: 0.30197738672869706.
[I 2024-12-04 18:18:49,391] Trial 2475 finished with value: 0.30971409225498453 and parameters: {'n_estimators': 910, 'max_depth': 6, 'learning_rate': 0.07569177366386236, 'subsample': 0.7690952993914637, 'colsample_bytree': 0.718083576166559, 'min_child_weight': 2, 'gamma': 0.000901676634357994, 'reg_alpha': 0.0001778370296852398, 'reg_lambda': 0.012500872438363087}. Best is trial 1319 with value: 0.30197738672869706.
[I 2024-12-04 18:18:50,880] Trial 2476 finished with value: 0.31069151336537393 and parameters: {'n_estimators': 911, 'max_depth': 6, 'learning_rate': 0.07548087474209023, 'subsample': 0.7686355253802715, 'colsample_bytree': 0.7179192714985083, 'min_child_weight': 2, 'gamma': 0.0008637803610199395, 'reg_alpha': 0.00017967201455529796, 'reg_lambda': 0.012353588331369689}. Best is trial 1319 with value: 0.30197738672869706.
