[I 2024-12-19 22:29:51,277] Trial 2477 finished with value: 1.631935715675354 and parameters: {'mlp_n_layers': 3, 'mlp_dim_00': 406, 'mlp_dim_01': 419, 'mlp_dim_02': 313, 'node_hidden_dim': 111, 'edge_hidden_dim': 93, 'depth': 1, 'rep_dropout': 0.1169266573759865, 'train_learning_rate': 0.0008418636691405982, 'train_lr_reduce': 0.6}. Best is trial 2419 with value: 0.09536632895469666.
[I 2024-12-19 22:30:02,239] Trial 2475 finished with value: 0.24151283502578735 and parameters: {'mlp_n_layers': 4, 'mlp_dim_00': 438, 'mlp_dim_01': 431, 'mlp_dim_02': 325, 'mlp_dim_03': 440, 'node_hidden_dim': 122, 'edge_hidden_dim': 87, 'depth': 1, 'rep_dropout': 0.10398376551271628, 'train_learning_rate': 0.001953246546570809, 'train_lr_reduce': 0.6}. Best is trial 2419 with value: 0.09536632895469666.
[I 2024-12-19 22:30:14,242] Trial 2479 finished with value: 1.3749589920043945 and parameters: {'mlp_n_layers': 4, 'mlp_dim_00': 509, 'mlp_dim_01': 415, 'mlp_dim_02': 323, 'mlp_dim_03': 187, 'node_hidden_dim': 89, 'edge_hidden_dim': 114, 'depth': 3, 'rep_dropout': 0.12178401705876785, 'train_learning_rate': 0.002552603830396817, 'train_lr_reduce': 0.6}. Best is trial 2419 with value: 0.09536632895469666.
[I 2024-12-19 22:30:14,526] Trial 2476 finished with value: 0.1782522052526474 and parameters: {'mlp_n_layers': 4, 'mlp_dim_00': 386, 'mlp_dim_01': 439, 'mlp_dim_02': 305, 'mlp_dim_03': 451, 'node_hidden_dim': 89, 'edge_hidden_dim': 94, 'depth': 1, 'rep_dropout': 0.1065349988625286, 'train_learning_rate': 0.0035251311906080705, 'train_lr_reduce': 0.6}. Best is trial 2419 with value: 0.09536632895469666.
[I 2024-12-19 22:30:20,707] Trial 2478 finished with value: 0.183639794588089 and parameters: {'mlp_n_layers': 4, 'mlp_dim_00': 442, 'mlp_dim_01': 418, 'mlp_dim_02': 268, 'mlp_dim_03': 431, 'node_hidden_dim': 100, 'edge_hidden_dim': 108, 'depth': 1, 'rep_dropout': 0.11555687021996999, 'train_learning_rate': 0.0031237051271151783, 'train_lr_reduce': 0.6}. Best is trial 2419 with value: 0.09536632895469666.
[I 2024-12-19 22:30:34,726] Trial 2480 finished with value: 0.3035554885864258 and parameters: {'mlp_n_layers': 4, 'mlp_dim_00': 386, 'mlp_dim_01': 447, 'mlp_dim_02': 326, 'mlp_dim_03': 478, 'node_hidden_dim': 86, 'edge_hidden_dim': 89, 'depth': 1, 'rep_dropout': 0.10394646169257168, 'train_learning_rate': 0.0018377160549720647, 'train_lr_reduce': 0.6}. Best is trial 2419 with value: 0.09536632895469666.
[I 2024-12-19 22:30:49,838] Trial 2482 finished with value: 0.14382916688919067 and parameters: {'mlp_n_layers': 4, 'mlp_dim_00': 508, 'mlp_dim_01': 405, 'mlp_dim_02': 330, 'mlp_dim_03': 68, 'node_hidden_dim': 108, 'edge_hidden_dim': 96, 'depth': 1, 'rep_dropout': 0.08161457833576441, 'train_learning_rate': 0.0014776568058249622, 'train_lr_reduce': 0.6}. Best is trial 2419 with value: 0.09536632895469666.
[I 2024-12-19 22:30:52,205] Trial 2481 finished with value: 0.12351055443286896 and parameters: {'mlp_n_layers': 4, 'mlp_dim_00': 482, 'mlp_dim_01': 454, 'mlp_dim_02': 299, 'mlp_dim_03': 423, 'node_hidden_dim': 90, 'edge_hidden_dim': 107, 'depth': 1, 'rep_dropout': 0.09366839736857022, 'train_learning_rate': 0.0009900931019767945, 'train_lr_reduce': 0.6}. Best is trial 2419 with value: 0.09536632895469666.
[I 2024-12-19 22:30:57,970] Trial 2485 finished with value: 1.6570497751235962 and parameters: {'mlp_n_layers': 4, 'mlp_dim_00': 305, 'mlp_dim_01': 453, 'mlp_dim_02': 333, 'mlp_dim_03': 231, 'node_hidden_dim': 57, 'edge_hidden_dim': 48, 'depth': 2, 'rep_dropout': 0.14299325309570915, 'train_learning_rate': 0.0014833111085545737, 'train_lr_reduce': 0.6}. Best is trial 2419 with value: 0.09536632895469666.
[I 2024-12-19 22:31:00,949] Trial 2483 finished with value: 0.17922194302082062 and parameters: {'mlp_n_layers': 4, 'mlp_dim_00': 453, 'mlp_dim_01': 444, 'mlp_dim_02': 295, 'mlp_dim_03': 458, 'node_hidden_dim': 88, 'edge_hidden_dim': 76, 'depth': 1, 'rep_dropout': 0.11180491349828238, 'train_learning_rate': 0.0008328296684437179, 'train_lr_reduce': 0.6}. Best is trial 2419 with value: 0.09536632895469666.
[I 2024-12-19 22:31:07,154] Trial 2487 finished with value: 1.5777093172073364 and parameters: {'mlp_n_layers': 3, 'mlp_dim_00': 331, 'mlp_dim_01': 420, 'mlp_dim_02': 302, 'node_hidden_dim': 75, 'edge_hidden_dim': 85, 'depth': 2, 'rep_dropout': 0.12712311061115786, 'train_learning_rate': 0.005652431187983134, 'train_lr_reduce': 0.6}. Best is trial 2419 with value: 0.09536632895469666.
[I 2024-12-19 22:31:16,639] Trial 2484 finished with value: 0.18646033108234406 and parameters: {'mlp_n_layers': 4, 'mlp_dim_00': 507, 'mlp_dim_01': 407, 'mlp_dim_02': 243, 'mlp_dim_03': 431, 'node_hidden_dim': 87, 'edge_hidden_dim': 93, 'depth': 1, 'rep_dropout': 0.12689040271826554, 'train_learning_rate': 0.0008010103515968596, 'train_lr_reduce': 0.6}. Best is trial 2419 with value: 0.09536632895469666.
[I 2024-12-19 22:31:23,043] Trial 2489 finished with value: 1.6198328733444214 and parameters: {'mlp_n_layers': 1, 'mlp_dim_00': 184, 'node_hidden_dim': 44, 'edge_hidden_dim': 81, 'depth': 2, 'rep_dropout': 0.0026544263932190976, 'train_learning_rate': 0.0006818078644924268, 'train_lr_reduce': 0.6}. Best is trial 2419 with value: 0.09536632895469666.
[I 2024-12-19 22:31:32,445] Trial 2490 finished with value: 1.0596075057983398 and parameters: {'mlp_n_layers': 4, 'mlp_dim_00': 305, 'mlp_dim_01': 409, 'mlp_dim_02': 283, 'mlp_dim_03': 478, 'node_hidden_dim': 72, 'edge_hidden_dim': 82, 'depth': 1, 'rep_dropout': 0.12990512545832103, 'train_learning_rate': 0.0030888170527234434, 'train_lr_reduce': 0.6}. Best is trial 2419 with value: 0.09536632895469666.
[I 2024-12-19 22:31:37,616] Trial 2488 finished with value: 1.3846701383590698 and parameters: {'mlp_n_layers': 4, 'mlp_dim_00': 105, 'mlp_dim_01': 393, 'mlp_dim_02': 349, 'mlp_dim_03': 425, 'node_hidden_dim': 87, 'edge_hidden_dim': 109, 'depth': 4, 'rep_dropout': 0.09857126983038125, 'train_learning_rate': 0.00018739634943029865, 'train_lr_reduce': 0.6}. Best is trial 2419 with value: 0.09536632895469666.
[I 2024-12-19 22:31:43,803] Trial 2486 finished with value: 0.1286739856004715 and parameters: {'mlp_n_layers': 4, 'mlp_dim_00': 445, 'mlp_dim_01': 441, 'mlp_dim_02': 342, 'mlp_dim_03': 485, 'node_hidden_dim': 91, 'edge_hidden_dim': 76, 'depth': 1, 'rep_dropout': 0.12395204116674483, 'train_learning_rate': 0.0025394315121700746, 'train_lr_reduce': 0.6}. Best is trial 2419 with value: 0.09536632895469666.
[I 2024-12-19 22:31:43,806] Trial 2492 finished with value: 1.6666500568389893 and parameters: {'mlp_n_layers': 4, 'mlp_dim_00': 223, 'mlp_dim_01': 394, 'mlp_dim_02': 326, 'mlp_dim_03': 421, 'node_hidden_dim': 59, 'edge_hidden_dim': 88, 'depth': 4, 'rep_dropout': 0.029184946248899862, 'train_learning_rate': 0.00012529885415239202, 'train_lr_reduce': 0.6}. Best is trial 2419 with value: 0.09536632895469666.
[I 2024-12-19 22:31:50,385] Trial 2494 finished with value: 1.6731876134872437 and parameters: {'mlp_n_layers': 4, 'mlp_dim_00': 338, 'mlp_dim_01': 452, 'mlp_dim_02': 262, 'mlp_dim_03': 471, 'node_hidden_dim': 67, 'edge_hidden_dim': 68, 'depth': 2, 'rep_dropout': 0.042422310082003624, 'train_learning_rate': 0.0004926752154521545, 'train_lr_reduce': 0.6}. Best is trial 2419 with value: 0.09536632895469666.
[I 2024-12-19 22:31:56,474] Trial 2491 finished with value: 0.19753096997737885 and parameters: {'mlp_n_layers': 4, 'mlp_dim_00': 398, 'mlp_dim_01': 455, 'mlp_dim_02': 349, 'mlp_dim_03': 456, 'node_hidden_dim': 106, 'edge_hidden_dim': 95, 'depth': 1, 'rep_dropout': 0.11057275956633528, 'train_learning_rate': 0.0014828479337514273, 'train_lr_reduce': 0.6}. Best is trial 2419 with value: 0.09536632895469666.
[I 2024-12-19 22:31:56,804] Trial 2493 finished with value: 1.2302019596099854 and parameters: {'mlp_n_layers': 4, 'mlp_dim_00': 494, 'mlp_dim_01': 456, 'mlp_dim_02': 354, 'mlp_dim_03': 481, 'node_hidden_dim': 95, 'edge_hidden_dim': 91, 'depth': 2, 'rep_dropout': 0.08684740002261455, 'train_learning_rate': 0.0008150802048150728, 'train_lr_reduce': 0.6}. Best is trial 2419 with value: 0.09536632895469666.
[I 2024-12-19 22:32:02,782] Trial 2497 finished with value: 1.6427325010299683 and parameters: {'mlp_n_layers': 4, 'mlp_dim_00': 249, 'mlp_dim_01': 223, 'mlp_dim_02': 369, 'mlp_dim_03': 450, 'node_hidden_dim': 96, 'edge_hidden_dim': 35, 'depth': 2, 'rep_dropout': 0.07183953844027476, 'train_learning_rate': 0.001380714095426653, 'train_lr_reduce': 0.6}. Best is trial 2419 with value: 0.09536632895469666.
[I 2024-12-19 22:32:14,819] Trial 2495 finished with value: 0.3789566159248352 and parameters: {'mlp_n_layers': 4, 'mlp_dim_00': 340, 'mlp_dim_01': 398, 'mlp_dim_02': 317, 'mlp_dim_03': 422, 'node_hidden_dim': 97, 'edge_hidden_dim': 34, 'depth': 1, 'rep_dropout': 0.13362994081841234, 'train_learning_rate': 0.002262933685523374, 'train_lr_reduce': 0.6}. Best is trial 2419 with value: 0.09536632895469666.
[I 2024-12-19 22:32:40,202] Trial 2496 finished with value: 0.12164884060621262 and parameters: {'mlp_n_layers': 4, 'mlp_dim_00': 410, 'mlp_dim_01': 406, 'mlp_dim_02': 359, 'mlp_dim_03': 417, 'node_hidden_dim': 101, 'edge_hidden_dim': 65, 'depth': 1, 'rep_dropout': 0.0968890863994906, 'train_learning_rate': 0.0009148987735392202, 'train_lr_reduce': 0.6}. Best is trial 2419 with value: 0.09536632895469666.
[I 2024-12-19 22:32:40,925] Trial 2498 finished with value: 0.1319744884967804 and parameters: {'mlp_n_layers': 4, 'mlp_dim_00': 254, 'mlp_dim_01': 479, 'mlp_dim_02': 291, 'mlp_dim_03': 479, 'node_hidden_dim': 54, 'edge_hidden_dim': 93, 'depth': 1, 'rep_dropout': 0.05235017343273387, 'train_learning_rate': 0.0006353061483532368, 'train_lr_reduce': 0.6}. Best is trial 2419 with value: 0.09536632895469666.
[I 2024-12-19 22:32:49,692] Trial 2499 finished with value: 0.13161100447177887 and parameters: {'mlp_n_layers': 3, 'mlp_dim_00': 378, 'mlp_dim_01': 419, 'mlp_dim_02': 324, 'node_hidden_dim': 104, 'edge_hidden_dim': 92, 'depth': 1, 'rep_dropout': 0.09144319344076521, 'train_learning_rate': 0.0014302865624992054, 'train_lr_reduce': 0.6}. Best is trial 2419 with value: 0.09536632895469666.
/zhome/b1/0/88900/miniconda3/envs/critprops/lib/python3.9/site-packages/torch/_utils.py:831: UserWarning: TypedStorage is deprecated. It will be removed in the future and UntypedStorage will be the only storage class. This should only matter to you if you are using storages directly.  To access UntypedStorage directly, use tensor.untyped_storage() instead of tensor.storage()
  return self.fget.__get__(instance, owner)()
