[I 2024-12-26 04:34:44,913] Trial 1203 finished with value: 0.02043740265071392 and parameters: {'L1_hidden_dim': 192, 'L1_layers_atom': 1, 'L1_layers_mol': 3, 'L1_dropout': 0.023134848819867066, 'L1_out_dim': 32, 'L2_hidden_dim': 240, 'L2_layers_atom': 1, 'L2_layers_mol': 1, 'L2_out_dim': 80, 'L2_dropout': 0.08092343908989083, 'L3_hidden_dim': 128, 'L3_layers_atom': 3, 'L3_layers_mol': 4, 'L3_out_dim': 112, 'L3_dropout': 0.13655829378251136, 'n_mlp_layers': 1, 'mlp_dim_0': 272, 'num_heads': 1, 'final_dropout': 0.265466748570979, 'train_learning_rate': 0.0013125963946236977, 'train_lr_reduce': 0.6}. Best is trial 1073 with value: 0.009419886395335197.
[I 2024-12-26 04:35:34,588] Trial 1204 finished with value: 0.013184528797864914 and parameters: {'L1_hidden_dim': 224, 'L1_layers_atom': 2, 'L1_layers_mol': 2, 'L1_dropout': 0.013036324303129974, 'L1_out_dim': 32, 'L2_hidden_dim': 256, 'L2_layers_atom': 1, 'L2_layers_mol': 1, 'L2_out_dim': 80, 'L2_dropout': 0.050275615752973554, 'L3_hidden_dim': 96, 'L3_layers_atom': 2, 'L3_layers_mol': 2, 'L3_out_dim': 96, 'L3_dropout': 0.019686167975540583, 'n_mlp_layers': 3, 'mlp_dim_0': 112, 'mlp_dim_1': 456, 'mlp_dim_2': 128, 'num_heads': 2, 'final_dropout': 0.23789301225588813, 'train_learning_rate': 0.00014669870521496234, 'train_lr_reduce': 0.6}. Best is trial 1073 with value: 0.009419886395335197.
[I 2024-12-26 04:36:03,814] Trial 1205 finished with value: 0.011810993775725365 and parameters: {'L1_hidden_dim': 256, 'L1_layers_atom': 1, 'L1_layers_mol': 1, 'L1_dropout': 6.843657872690001e-05, 'L1_out_dim': 64, 'L2_hidden_dim': 128, 'L2_layers_atom': 2, 'L2_layers_mol': 2, 'L2_out_dim': 112, 'L2_dropout': 0.004456113456254735, 'L3_hidden_dim': 96, 'L3_layers_atom': 2, 'L3_layers_mol': 2, 'L3_out_dim': 112, 'L3_dropout': 0.03342210642240915, 'n_mlp_layers': 1, 'mlp_dim_0': 440, 'num_heads': 2, 'final_dropout': 0.18518402396682776, 'train_learning_rate': 0.00025121205660796957, 'train_lr_reduce': 0.6}. Best is trial 1073 with value: 0.009419886395335197.
[I 2024-12-26 04:37:34,998] Trial 1206 finished with value: 0.013186883181333542 and parameters: {'L1_hidden_dim': 208, 'L1_layers_atom': 4, 'L1_layers_mol': 4, 'L1_dropout': 0.02365574036806252, 'L1_out_dim': 64, 'L2_hidden_dim': 240, 'L2_layers_atom': 1, 'L2_layers_mol': 2, 'L2_out_dim': 112, 'L2_dropout': 0.053231774198891274, 'L3_hidden_dim': 96, 'L3_layers_atom': 4, 'L3_layers_mol': 2, 'L3_out_dim': 128, 'L3_dropout': 0.05890776679103327, 'n_mlp_layers': 3, 'mlp_dim_0': 440, 'mlp_dim_1': 32, 'mlp_dim_2': 216, 'num_heads': 2, 'final_dropout': 0.14107709813912198, 'train_learning_rate': 0.00010024336166235707, 'train_lr_reduce': 0.6}. Best is trial 1073 with value: 0.009419886395335197.
[I 2024-12-26 04:38:18,734] Trial 1208 finished with value: 0.014596580527722836 and parameters: {'L1_hidden_dim': 192, 'L1_layers_atom': 4, 'L1_layers_mol': 1, 'L1_dropout': 0.02063235043719533, 'L1_out_dim': 32, 'L2_hidden_dim': 224, 'L2_layers_atom': 2, 'L2_layers_mol': 2, 'L2_out_dim': 96, 'L2_dropout': 0.08631629797358123, 'L3_hidden_dim': 80, 'L3_layers_atom': 2, 'L3_layers_mol': 2, 'L3_out_dim': 80, 'L3_dropout': 0.020088333726171425, 'n_mlp_layers': 3, 'mlp_dim_0': 240, 'mlp_dim_1': 408, 'mlp_dim_2': 72, 'num_heads': 2, 'final_dropout': 0.17028561000718437, 'train_learning_rate': 0.0011385695372413609, 'train_lr_reduce': 0.6}. Best is trial 1073 with value: 0.009419886395335197.
[I 2024-12-26 04:38:55,393] Trial 1207 finished with value: 0.01711496338248253 and parameters: {'L1_hidden_dim': 224, 'L1_layers_atom': 3, 'L1_layers_mol': 3, 'L1_dropout': 0.10685232339073045, 'L1_out_dim': 96, 'L2_hidden_dim': 192, 'L2_layers_atom': 1, 'L2_layers_mol': 4, 'L2_out_dim': 64, 'L2_dropout': 0.11697298528780736, 'L3_hidden_dim': 80, 'L3_layers_atom': 2, 'L3_layers_mol': 2, 'L3_out_dim': 112, 'L3_dropout': 0.14860857195569513, 'n_mlp_layers': 3, 'mlp_dim_0': 152, 'mlp_dim_1': 368, 'mlp_dim_2': 328, 'num_heads': 2, 'final_dropout': 0.22474108543761256, 'train_learning_rate': 0.0002229616856517295, 'train_lr_reduce': 0.6}. Best is trial 1073 with value: 0.009419886395335197.
[I 2024-12-26 04:40:13,802] Trial 1209 finished with value: 0.014024000614881516 and parameters: {'L1_hidden_dim': 240, 'L1_layers_atom': 4, 'L1_layers_mol': 3, 'L1_dropout': 0.06654736806096936, 'L1_out_dim': 80, 'L2_hidden_dim': 208, 'L2_layers_atom': 1, 'L2_layers_mol': 4, 'L2_out_dim': 80, 'L2_dropout': 0.13474269642582812, 'L3_hidden_dim': 48, 'L3_layers_atom': 2, 'L3_layers_mol': 1, 'L3_out_dim': 80, 'L3_dropout': 0.05170050175005658, 'n_mlp_layers': 3, 'mlp_dim_0': 184, 'mlp_dim_1': 192, 'mlp_dim_2': 168, 'num_heads': 2, 'final_dropout': 0.20366944565081552, 'train_learning_rate': 0.0009575067046474667, 'train_lr_reduce': 0.6}. Best is trial 1073 with value: 0.009419886395335197.
[I 2024-12-26 04:41:29,373] Trial 1210 finished with value: 0.01087561622262001 and parameters: {'L1_hidden_dim': 128, 'L1_layers_atom': 1, 'L1_layers_mol': 2, 'L1_dropout': 0.03607869376184732, 'L1_out_dim': 64, 'L2_hidden_dim': 192, 'L2_layers_atom': 1, 'L2_layers_mol': 2, 'L2_out_dim': 112, 'L2_dropout': 0.01811952729766314, 'L3_hidden_dim': 32, 'L3_layers_atom': 2, 'L3_layers_mol': 1, 'L3_out_dim': 64, 'L3_dropout': 0.056966408900638525, 'n_mlp_layers': 3, 'mlp_dim_0': 408, 'mlp_dim_1': 280, 'mlp_dim_2': 32, 'num_heads': 2, 'final_dropout': 0.1810690001246746, 'train_learning_rate': 0.00023864284178287226, 'train_lr_reduce': 0.6}. Best is trial 1073 with value: 0.009419886395335197.
[I 2024-12-26 04:42:23,536] Trial 1211 finished with value: 0.010956390760838985 and parameters: {'L1_hidden_dim': 64, 'L1_layers_atom': 3, 'L1_layers_mol': 1, 'L1_dropout': 0.022363940807992477, 'L1_out_dim': 96, 'L2_hidden_dim': 208, 'L2_layers_atom': 1, 'L2_layers_mol': 2, 'L2_out_dim': 48, 'L2_dropout': 0.0884645955412896, 'L3_hidden_dim': 80, 'L3_layers_atom': 1, 'L3_layers_mol': 1, 'L3_out_dim': 32, 'L3_dropout': 0.2178900069323767, 'n_mlp_layers': 3, 'mlp_dim_0': 416, 'mlp_dim_1': 344, 'mlp_dim_2': 120, 'num_heads': 2, 'final_dropout': 0.288745107291408, 'train_learning_rate': 0.0008025550809798123, 'train_lr_reduce': 0.6}. Best is trial 1073 with value: 0.009419886395335197.
[I 2024-12-26 04:43:15,353] Trial 1212 finished with value: 0.01282353326678276 and parameters: {'L1_hidden_dim': 160, 'L1_layers_atom': 2, 'L1_layers_mol': 1, 'L1_dropout': 0.04223836199550531, 'L1_out_dim': 48, 'L2_hidden_dim': 224, 'L2_layers_atom': 1, 'L2_layers_mol': 2, 'L2_out_dim': 112, 'L2_dropout': 0.02613901026052094, 'L3_hidden_dim': 48, 'L3_layers_atom': 2, 'L3_layers_mol': 1, 'L3_out_dim': 80, 'L3_dropout': 0.2233069743947801, 'n_mlp_layers': 2, 'mlp_dim_0': 256, 'mlp_dim_1': 128, 'num_heads': 2, 'final_dropout': 0.22289984169490915, 'train_learning_rate': 0.00014450180127355527, 'train_lr_reduce': 0.6}. Best is trial 1073 with value: 0.009419886395335197.
[I 2024-12-26 04:44:15,412] Trial 1213 finished with value: 0.010257313959300518 and parameters: {'L1_hidden_dim': 160, 'L1_layers_atom': 1, 'L1_layers_mol': 2, 'L1_dropout': 0.019572972428625365, 'L1_out_dim': 64, 'L2_hidden_dim': 224, 'L2_layers_atom': 1, 'L2_layers_mol': 3, 'L2_out_dim': 128, 'L2_dropout': 0.030811599552980545, 'L3_hidden_dim': 32, 'L3_layers_atom': 1, 'L3_layers_mol': 1, 'L3_out_dim': 112, 'L3_dropout': 0.04778674478528091, 'n_mlp_layers': 3, 'mlp_dim_0': 504, 'mlp_dim_1': 464, 'mlp_dim_2': 264, 'num_heads': 2, 'final_dropout': 0.27323735134280186, 'train_learning_rate': 0.0005017445046949751, 'train_lr_reduce': 0.6}. Best is trial 1073 with value: 0.009419886395335197.
[I 2024-12-26 04:44:59,008] Trial 1214 finished with value: 0.015074243769049644 and parameters: {'L1_hidden_dim': 256, 'L1_layers_atom': 1, 'L1_layers_mol': 3, 'L1_dropout': 0.014787992461247795, 'L1_out_dim': 32, 'L2_hidden_dim': 112, 'L2_layers_atom': 2, 'L2_layers_mol': 1, 'L2_out_dim': 80, 'L2_dropout': 0.0005007388940793493, 'L3_hidden_dim': 96, 'L3_layers_atom': 4, 'L3_layers_mol': 3, 'L3_out_dim': 128, 'L3_dropout': 0.09089587441348529, 'n_mlp_layers': 1, 'mlp_dim_0': 360, 'num_heads': 2, 'final_dropout': 0.21704948175664338, 'train_learning_rate': 0.001296710175724321, 'train_lr_reduce': 0.6}. Best is trial 1073 with value: 0.009419886395335197.
[I 2024-12-26 04:46:15,333] Trial 1215 finished with value: 0.011933588422834873 and parameters: {'L1_hidden_dim': 160, 'L1_layers_atom': 4, 'L1_layers_mol': 2, 'L1_dropout': 0.0012530640741158505, 'L1_out_dim': 80, 'L2_hidden_dim': 256, 'L2_layers_atom': 4, 'L2_layers_mol': 3, 'L2_out_dim': 64, 'L2_dropout': 0.023377788839199568, 'L3_hidden_dim': 32, 'L3_layers_atom': 3, 'L3_layers_mol': 1, 'L3_out_dim': 32, 'L3_dropout': 0.2421235606677065, 'n_mlp_layers': 3, 'mlp_dim_0': 296, 'mlp_dim_1': 424, 'mlp_dim_2': 72, 'num_heads': 2, 'final_dropout': 0.1036855501002202, 'train_learning_rate': 0.0006939636542953888, 'train_lr_reduce': 0.6}. Best is trial 1073 with value: 0.009419886395335197.
[I 2024-12-26 04:46:57,130] Trial 1216 finished with value: 0.010882559232413769 and parameters: {'L1_hidden_dim': 176, 'L1_layers_atom': 2, 'L1_layers_mol': 2, 'L1_dropout': 0.017843309788609717, 'L1_out_dim': 80, 'L2_hidden_dim': 256, 'L2_layers_atom': 1, 'L2_layers_mol': 3, 'L2_out_dim': 128, 'L2_dropout': 0.0035855497506328236, 'L3_hidden_dim': 64, 'L3_layers_atom': 2, 'L3_layers_mol': 1, 'L3_out_dim': 80, 'L3_dropout': 0.10551215552050111, 'n_mlp_layers': 3, 'mlp_dim_0': 488, 'mlp_dim_1': 416, 'mlp_dim_2': 296, 'num_heads': 2, 'final_dropout': 0.2642489979205793, 'train_learning_rate': 0.00018804631459081296, 'train_lr_reduce': 0.6}. Best is trial 1073 with value: 0.009419886395335197.
[I 2024-12-26 04:47:41,798] Trial 1217 finished with value: 0.012458470650017262 and parameters: {'L1_hidden_dim': 240, 'L1_layers_atom': 3, 'L1_layers_mol': 4, 'L1_dropout': 0.09647578530847369, 'L1_out_dim': 128, 'L2_hidden_dim': 208, 'L2_layers_atom': 1, 'L2_layers_mol': 4, 'L2_out_dim': 80, 'L2_dropout': 0.010543092710496665, 'L3_hidden_dim': 32, 'L3_layers_atom': 2, 'L3_layers_mol': 2, 'L3_out_dim': 64, 'L3_dropout': 0.17754495357309896, 'n_mlp_layers': 3, 'mlp_dim_0': 160, 'mlp_dim_1': 448, 'mlp_dim_2': 280, 'num_heads': 2, 'final_dropout': 0.26451675375421185, 'train_learning_rate': 0.0003549742222319603, 'train_lr_reduce': 0.6}. Best is trial 1073 with value: 0.009419886395335197.
[I 2024-12-26 04:49:04,667] Trial 1218 finished with value: 0.012783361598849297 and parameters: {'L1_hidden_dim': 144, 'L1_layers_atom': 1, 'L1_layers_mol': 2, 'L1_dropout': 0.05509185278248772, 'L1_out_dim': 80, 'L2_hidden_dim': 160, 'L2_layers_atom': 1, 'L2_layers_mol': 3, 'L2_out_dim': 112, 'L2_dropout': 0.10565732324847919, 'L3_hidden_dim': 32, 'L3_layers_atom': 1, 'L3_layers_mol': 1, 'L3_out_dim': 96, 'L3_dropout': 0.06851084041448371, 'n_mlp_layers': 3, 'mlp_dim_0': 456, 'mlp_dim_1': 472, 'mlp_dim_2': 264, 'num_heads': 2, 'final_dropout': 0.28199775757593626, 'train_learning_rate': 0.0003369014310107133, 'train_lr_reduce': 0.6}. Best is trial 1073 with value: 0.009419886395335197.
[I 2024-12-26 04:49:11,695] Trial 1219 finished with value: 0.011375973001122475 and parameters: {'L1_hidden_dim': 160, 'L1_layers_atom': 1, 'L1_layers_mol': 1, 'L1_dropout': 0.016844657850958428, 'L1_out_dim': 48, 'L2_hidden_dim': 160, 'L2_layers_atom': 1, 'L2_layers_mol': 3, 'L2_out_dim': 128, 'L2_dropout': 0.034250109983987795, 'L3_hidden_dim': 64, 'L3_layers_atom': 1, 'L3_layers_mol': 2, 'L3_out_dim': 112, 'L3_dropout': 0.020886665304653322, 'n_mlp_layers': 3, 'mlp_dim_0': 504, 'mlp_dim_1': 480, 'mlp_dim_2': 248, 'num_heads': 2, 'final_dropout': 0.2324384815112546, 'train_learning_rate': 0.00038079152921168327, 'train_lr_reduce': 0.6}. Best is trial 1073 with value: 0.009419886395335197.
[I 2024-12-26 04:49:47,015] Trial 1220 finished with value: 0.01863243617117405 and parameters: {'L1_hidden_dim': 144, 'L1_layers_atom': 4, 'L1_layers_mol': 1, 'L1_dropout': 0.03138610834430607, 'L1_out_dim': 80, 'L2_hidden_dim': 192, 'L2_layers_atom': 1, 'L2_layers_mol': 1, 'L2_out_dim': 112, 'L2_dropout': 0.0027619603000883656, 'L3_hidden_dim': 48, 'L3_layers_atom': 4, 'L3_layers_mol': 2, 'L3_out_dim': 96, 'L3_dropout': 0.05280456007797554, 'n_mlp_layers': 3, 'mlp_dim_0': 112, 'mlp_dim_1': 472, 'mlp_dim_2': 320, 'num_heads': 1, 'final_dropout': 0.2944880838813172, 'train_learning_rate': 0.001671187628416761, 'train_lr_reduce': 0.6}. Best is trial 1073 with value: 0.009419886395335197.
[I 2024-12-26 04:51:54,929] Trial 1221 finished with value: 0.010900227352976799 and parameters: {'L1_hidden_dim': 112, 'L1_layers_atom': 1, 'L1_layers_mol': 4, 'L1_dropout': 0.29697961716645965, 'L1_out_dim': 96, 'L2_hidden_dim': 192, 'L2_layers_atom': 1, 'L2_layers_mol': 1, 'L2_out_dim': 96, 'L2_dropout': 0.016204267334852047, 'L3_hidden_dim': 112, 'L3_layers_atom': 3, 'L3_layers_mol': 2, 'L3_out_dim': 80, 'L3_dropout': 0.03796085665628024, 'n_mlp_layers': 3, 'mlp_dim_0': 392, 'mlp_dim_1': 472, 'mlp_dim_2': 248, 'num_heads': 2, 'final_dropout': 0.08651307414183743, 'train_learning_rate': 0.00016812170598519606, 'train_lr_reduce': 0.6}. Best is trial 1073 with value: 0.009419886395335197.
[I 2024-12-26 04:51:58,440] Trial 1223 finished with value: 0.012843482196331024 and parameters: {'L1_hidden_dim': 80, 'L1_layers_atom': 1, 'L1_layers_mol': 2, 'L1_dropout': 0.2924216343030647, 'L1_out_dim': 96, 'L2_hidden_dim': 176, 'L2_layers_atom': 1, 'L2_layers_mol': 1, 'L2_out_dim': 112, 'L2_dropout': 0.02681794857675253, 'L3_hidden_dim': 112, 'L3_layers_atom': 1, 'L3_layers_mol': 1, 'L3_out_dim': 80, 'L3_dropout': 0.024521628348183146, 'n_mlp_layers': 2, 'mlp_dim_0': 440, 'mlp_dim_1': 464, 'num_heads': 2, 'final_dropout': 0.1587522800588268, 'train_learning_rate': 0.00023648102735377428, 'train_lr_reduce': 0.6}. Best is trial 1073 with value: 0.009419886395335197.
[I 2024-12-26 04:52:04,451] Trial 1222 finished with value: 0.015677547082304955 and parameters: {'L1_hidden_dim': 112, 'L1_layers_atom': 1, 'L1_layers_mol': 2, 'L1_dropout': 0.08885308041491075, 'L1_out_dim': 48, 'L2_hidden_dim': 224, 'L2_layers_atom': 2, 'L2_layers_mol': 3, 'L2_out_dim': 96, 'L2_dropout': 0.04390408435839546, 'L3_hidden_dim': 32, 'L3_layers_atom': 1, 'L3_layers_mol': 1, 'L3_out_dim': 112, 'L3_dropout': 0.18064546167893022, 'n_mlp_layers': 2, 'mlp_dim_0': 448, 'mlp_dim_1': 472, 'num_heads': 2, 'final_dropout': 0.2532474042409594, 'train_learning_rate': 0.0011773727451727303, 'train_lr_reduce': 0.6}. Best is trial 1073 with value: 0.009419886395335197.
[I 2024-12-26 04:53:59,826] Trial 1224 finished with value: 0.013875939883291721 and parameters: {'L1_hidden_dim': 192, 'L1_layers_atom': 4, 'L1_layers_mol': 2, 'L1_dropout': 0.05568255716850842, 'L1_out_dim': 32, 'L2_hidden_dim': 128, 'L2_layers_atom': 1, 'L2_layers_mol': 1, 'L2_out_dim': 128, 'L2_dropout': 0.061289602613318075, 'L3_hidden_dim': 32, 'L3_layers_atom': 2, 'L3_layers_mol': 3, 'L3_out_dim': 96, 'L3_dropout': 0.10336587205979839, 'n_mlp_layers': 2, 'mlp_dim_0': 280, 'mlp_dim_1': 464, 'num_heads': 1, 'final_dropout': 0.22709278800719154, 'train_learning_rate': 0.0011867107143141834, 'train_lr_reduce': 0.6}. Best is trial 1073 with value: 0.009419886395335197.
[I 2024-12-26 04:54:22,862] Trial 1225 finished with value: 0.01152909267693758 and parameters: {'L1_hidden_dim': 176, 'L1_layers_atom': 3, 'L1_layers_mol': 1, 'L1_dropout': 0.010223583343258708, 'L1_out_dim': 80, 'L2_hidden_dim': 128, 'L2_layers_atom': 1, 'L2_layers_mol': 4, 'L2_out_dim': 48, 'L2_dropout': 0.05925380148836068, 'L3_hidden_dim': 64, 'L3_layers_atom': 2, 'L3_layers_mol': 1, 'L3_out_dim': 48, 'L3_dropout': 0.2217752053220671, 'n_mlp_layers': 3, 'mlp_dim_0': 456, 'mlp_dim_1': 432, 'mlp_dim_2': 296, 'num_heads': 2, 'final_dropout': 0.22386521192921513, 'train_learning_rate': 0.0003050344725928306, 'train_lr_reduce': 0.6}. Best is trial 1073 with value: 0.009419886395335197.
[I 2024-12-26 04:54:42,781] Trial 1226 finished with value: 0.011780899949371815 and parameters: {'L1_hidden_dim': 192, 'L1_layers_atom': 3, 'L1_layers_mol': 4, 'L1_dropout': 0.08681046311382103, 'L1_out_dim': 128, 'L2_hidden_dim': 256, 'L2_layers_atom': 2, 'L2_layers_mol': 3, 'L2_out_dim': 112, 'L2_dropout': 0.016958752279548246, 'L3_hidden_dim': 64, 'L3_layers_atom': 2, 'L3_layers_mol': 2, 'L3_out_dim': 80, 'L3_dropout': 0.24437722146058943, 'n_mlp_layers': 3, 'mlp_dim_0': 192, 'mlp_dim_1': 472, 'mlp_dim_2': 256, 'num_heads': 2, 'final_dropout': 0.2977364198741539, 'train_learning_rate': 0.000535332778677748, 'train_lr_reduce': 0.6}. Best is trial 1073 with value: 0.009419886395335197.
[I 2024-12-26 04:56:19,019] Trial 1227 finished with value: 0.01547245029360056 and parameters: {'L1_hidden_dim': 160, 'L1_layers_atom': 1, 'L1_layers_mol': 4, 'L1_dropout': 0.08210754559613369, 'L1_out_dim': 48, 'L2_hidden_dim': 208, 'L2_layers_atom': 1, 'L2_layers_mol': 2, 'L2_out_dim': 128, 'L2_dropout': 0.06658784556186688, 'L3_hidden_dim': 48, 'L3_layers_atom': 1, 'L3_layers_mol': 1, 'L3_out_dim': 112, 'L3_dropout': 0.04991465840907588, 'n_mlp_layers': 3, 'mlp_dim_0': 464, 'mlp_dim_1': 432, 'mlp_dim_2': 224, 'num_heads': 2, 'final_dropout': 0.22151291977028192, 'train_learning_rate': 0.00017499783429826974, 'train_lr_reduce': 0.6}. Best is trial 1073 with value: 0.009419886395335197.
[I 2024-12-26 04:57:34,844] Trial 1229 finished with value: 0.01614866778254509 and parameters: {'L1_hidden_dim': 176, 'L1_layers_atom': 1, 'L1_layers_mol': 2, 'L1_dropout': 0.0503978178603084, 'L1_out_dim': 64, 'L2_hidden_dim': 208, 'L2_layers_atom': 2, 'L2_layers_mol': 3, 'L2_out_dim': 128, 'L2_dropout': 0.03404299382692048, 'L3_hidden_dim': 32, 'L3_layers_atom': 1, 'L3_layers_mol': 1, 'L3_out_dim': 112, 'L3_dropout': 0.05329606713276504, 'n_mlp_layers': 2, 'mlp_dim_0': 472, 'mlp_dim_1': 416, 'num_heads': 2, 'final_dropout': 0.28409435119146786, 'train_learning_rate': 0.002127341672657559, 'train_lr_reduce': 0.6}. Best is trial 1073 with value: 0.009419886395335197.
[I 2024-12-26 04:57:57,748] Trial 1228 finished with value: 0.01263651717454195 and parameters: {'L1_hidden_dim': 96, 'L1_layers_atom': 2, 'L1_layers_mol': 2, 'L1_dropout': 0.08830933089120932, 'L1_out_dim': 64, 'L2_hidden_dim': 160, 'L2_layers_atom': 2, 'L2_layers_mol': 1, 'L2_out_dim': 96, 'L2_dropout': 0.061735960945622205, 'L3_hidden_dim': 96, 'L3_layers_atom': 2, 'L3_layers_mol': 3, 'L3_out_dim': 80, 'L3_dropout': 0.09047116798877272, 'n_mlp_layers': 3, 'mlp_dim_0': 464, 'mlp_dim_1': 464, 'mlp_dim_2': 256, 'num_heads': 2, 'final_dropout': 0.12596797920488886, 'train_learning_rate': 0.0007455357638926652, 'train_lr_reduce': 0.6}. Best is trial 1073 with value: 0.009419886395335197.
[I 2024-12-26 04:58:56,441] Trial 1230 finished with value: 0.012618214823305607 and parameters: {'L1_hidden_dim': 128, 'L1_layers_atom': 3, 'L1_layers_mol': 3, 'L1_dropout': 0.17027744870742498, 'L1_out_dim': 64, 'L2_hidden_dim': 224, 'L2_layers_atom': 1, 'L2_layers_mol': 1, 'L2_out_dim': 96, 'L2_dropout': 0.015865710753906304, 'L3_hidden_dim': 96, 'L3_layers_atom': 1, 'L3_layers_mol': 4, 'L3_out_dim': 96, 'L3_dropout': 0.04993164926890527, 'n_mlp_layers': 3, 'mlp_dim_0': 480, 'mlp_dim_1': 472, 'mlp_dim_2': 336, 'num_heads': 2, 'final_dropout': 0.10242879841246623, 'train_learning_rate': 0.00012431062789433506, 'train_lr_reduce': 0.6}. Best is trial 1073 with value: 0.009419886395335197.
[I 2024-12-26 05:01:02,730] Trial 1232 finished with value: 0.015051562339067459 and parameters: {'L1_hidden_dim': 112, 'L1_layers_atom': 4, 'L1_layers_mol': 2, 'L1_dropout': 0.017673026318254723, 'L1_out_dim': 64, 'L2_hidden_dim': 240, 'L2_layers_atom': 3, 'L2_layers_mol': 3, 'L2_out_dim': 48, 'L2_dropout': 0.05721767339977333, 'L3_hidden_dim': 32, 'L3_layers_atom': 1, 'L3_layers_mol': 2, 'L3_out_dim': 48, 'L3_dropout': 0.27460564232784457, 'n_mlp_layers': 3, 'mlp_dim_0': 224, 'mlp_dim_1': 416, 'mlp_dim_2': 216, 'num_heads': 2, 'final_dropout': 0.06286135161858916, 'train_learning_rate': 0.00022054983772780637, 'train_lr_reduce': 0.6}. Best is trial 1073 with value: 0.009419886395335197.
[I 2024-12-26 05:01:04,460] Trial 1231 finished with value: 0.013655423186719418 and parameters: {'L1_hidden_dim': 176, 'L1_layers_atom': 1, 'L1_layers_mol': 3, 'L1_dropout': 0.01893635220225085, 'L1_out_dim': 48, 'L2_hidden_dim': 144, 'L2_layers_atom': 1, 'L2_layers_mol': 2, 'L2_out_dim': 32, 'L2_dropout': 0.04954364823813939, 'L3_hidden_dim': 112, 'L3_layers_atom': 4, 'L3_layers_mol': 4, 'L3_out_dim': 112, 'L3_dropout': 0.13073073912619765, 'n_mlp_layers': 1, 'mlp_dim_0': 384, 'num_heads': 2, 'final_dropout': 0.298508045307945, 'train_learning_rate': 0.0003934052163616225, 'train_lr_reduce': 0.6}. Best is trial 1073 with value: 0.009419886395335197.
[I 2024-12-26 05:02:22,650] Trial 1233 finished with value: 0.018451791256666183 and parameters: {'L1_hidden_dim': 256, 'L1_layers_atom': 3, 'L1_layers_mol': 2, 'L1_dropout': 0.08299131941560346, 'L1_out_dim': 64, 'L2_hidden_dim': 80, 'L2_layers_atom': 1, 'L2_layers_mol': 4, 'L2_out_dim': 48, 'L2_dropout': 0.0335834278554307, 'L3_hidden_dim': 48, 'L3_layers_atom': 2, 'L3_layers_mol': 1, 'L3_out_dim': 32, 'L3_dropout': 0.22464774312485897, 'n_mlp_layers': 3, 'mlp_dim_0': 368, 'mlp_dim_1': 384, 'mlp_dim_2': 280, 'num_heads': 2, 'final_dropout': 0.2578819219341947, 'train_learning_rate': 0.0001480715401061583, 'train_lr_reduce': 0.6}. Best is trial 1073 with value: 0.009419886395335197.
