[I 2024-12-15 22:25:18,034] Trial 350 finished with value: 0.12486355751752853 and parameters: {'mlp_n_layers': 2, 'mlp_dim_00': 144, 'mlp_dim_01': 160, 'hidden_channels': 80, 'num_layers': 2, 'num_timesteps': 2, 'dropout': 0.2658868215251312, 'train_learning_rate': 0.0052609109974799916, 'train_lr_reduce': 0.6}. Best is trial 130 with value: 0.0812772810459137.
[I 2024-12-15 22:25:19,086] Trial 351 finished with value: 0.09777124226093292 and parameters: {'mlp_n_layers': 2, 'mlp_dim_00': 224, 'mlp_dim_01': 208, 'hidden_channels': 64, 'num_layers': 1, 'num_timesteps': 2, 'dropout': 0.264527335158408, 'train_learning_rate': 0.006553522293654232, 'train_lr_reduce': 0.6}. Best is trial 130 with value: 0.0812772810459137.
[I 2024-12-15 22:25:29,474] Trial 353 finished with value: 0.1135038211941719 and parameters: {'mlp_n_layers': 2, 'mlp_dim_00': 144, 'mlp_dim_01': 224, 'hidden_channels': 112, 'num_layers': 2, 'num_timesteps': 2, 'dropout': 0.27930685997223287, 'train_learning_rate': 0.006582123790211233, 'train_lr_reduce': 0.6}. Best is trial 130 with value: 0.0812772810459137.
[I 2024-12-15 22:25:30,571] Trial 354 finished with value: 0.11225777119398117 and parameters: {'mlp_n_layers': 2, 'mlp_dim_00': 224, 'mlp_dim_01': 48, 'hidden_channels': 32, 'num_layers': 1, 'num_timesteps': 3, 'dropout': 0.2504756969405661, 'train_learning_rate': 0.002175643433588492, 'train_lr_reduce': 0.6}. Best is trial 130 with value: 0.0812772810459137.
[I 2024-12-15 22:25:32,414] Trial 352 finished with value: 0.10618940740823746 and parameters: {'mlp_n_layers': 2, 'mlp_dim_00': 128, 'mlp_dim_01': 208, 'hidden_channels': 32, 'num_layers': 3, 'num_timesteps': 4, 'dropout': 0.1771203325032597, 'train_learning_rate': 0.00327228520465991, 'train_lr_reduce': 0.6}. Best is trial 130 with value: 0.0812772810459137.
[I 2024-12-15 22:25:41,657] Trial 355 finished with value: 0.10369905084371567 and parameters: {'mlp_n_layers': 2, 'mlp_dim_00': 240, 'mlp_dim_01': 160, 'hidden_channels': 112, 'num_layers': 2, 'num_timesteps': 2, 'dropout': 0.273939614960759, 'train_learning_rate': 0.0022702517613434983, 'train_lr_reduce': 0.6}. Best is trial 130 with value: 0.0812772810459137.
[I 2024-12-15 22:25:43,126] Trial 356 finished with value: 0.10908287018537521 and parameters: {'mlp_n_layers': 2, 'mlp_dim_00': 160, 'mlp_dim_01': 112, 'hidden_channels': 32, 'num_layers': 3, 'num_timesteps': 2, 'dropout': 0.19492269627033038, 'train_learning_rate': 0.009544465734109175, 'train_lr_reduce': 0.6}. Best is trial 130 with value: 0.0812772810459137.
[I 2024-12-15 22:25:44,755] Trial 357 finished with value: 0.1150384172797203 and parameters: {'mlp_n_layers': 2, 'mlp_dim_00': 176, 'mlp_dim_01': 208, 'hidden_channels': 32, 'num_layers': 1, 'num_timesteps': 3, 'dropout': 0.18852399624522134, 'train_learning_rate': 0.00910092049723412, 'train_lr_reduce': 0.6}. Best is trial 130 with value: 0.0812772810459137.
[I 2024-12-15 22:25:57,747] Trial 358 finished with value: 0.1262870877981186 and parameters: {'mlp_n_layers': 2, 'mlp_dim_00': 240, 'mlp_dim_01': 240, 'hidden_channels': 208, 'num_layers': 1, 'num_timesteps': 1, 'dropout': 0.22628773203446564, 'train_learning_rate': 0.0065129635359342805, 'train_lr_reduce': 0.6}. Best is trial 130 with value: 0.0812772810459137.
[I 2024-12-15 22:25:58,503] Trial 360 finished with value: 0.12307761609554291 and parameters: {'mlp_n_layers': 3, 'mlp_dim_00': 64, 'mlp_dim_01': 224, 'mlp_dim_02': 192, 'hidden_channels': 224, 'num_layers': 2, 'num_timesteps': 3, 'dropout': 0.1441517534395902, 'train_learning_rate': 0.00553146694383587, 'train_lr_reduce': 0.6}. Best is trial 130 with value: 0.0812772810459137.
[I 2024-12-15 22:26:02,580] Trial 359 finished with value: 0.12805822491645813 and parameters: {'mlp_n_layers': 4, 'mlp_dim_00': 256, 'mlp_dim_01': 128, 'mlp_dim_02': 144, 'mlp_dim_03': 208, 'hidden_channels': 96, 'num_layers': 3, 'num_timesteps': 3, 'dropout': 0.1981454274389049, 'train_learning_rate': 0.003593292344784715, 'train_lr_reduce': 0.6}. Best is trial 130 with value: 0.0812772810459137.
[I 2024-12-15 22:26:14,087] Trial 363 finished with value: 0.09762026369571686 and parameters: {'mlp_n_layers': 2, 'mlp_dim_00': 224, 'mlp_dim_01': 176, 'hidden_channels': 96, 'num_layers': 2, 'num_timesteps': 2, 'dropout': 0.21150729207899144, 'train_learning_rate': 0.00978859985038097, 'train_lr_reduce': 0.6}. Best is trial 130 with value: 0.0812772810459137.
[I 2024-12-15 22:26:18,515] Trial 362 finished with value: 0.10526815801858902 and parameters: {'mlp_n_layers': 2, 'mlp_dim_00': 192, 'mlp_dim_01': 160, 'hidden_channels': 32, 'num_layers': 4, 'num_timesteps': 3, 'dropout': 0.23982106753682106, 'train_learning_rate': 0.009122514527076554, 'train_lr_reduce': 0.6}. Best is trial 130 with value: 0.0812772810459137.
[I 2024-12-15 22:26:22,686] Trial 361 finished with value: 0.1446712166070938 and parameters: {'mlp_n_layers': 3, 'mlp_dim_00': 80, 'mlp_dim_01': 240, 'mlp_dim_02': 112, 'hidden_channels': 112, 'num_layers': 4, 'num_timesteps': 2, 'dropout': 0.2410329636295317, 'train_learning_rate': 0.0004961338271802521, 'train_lr_reduce': 0.6}. Best is trial 130 with value: 0.0812772810459137.
[I 2024-12-15 22:26:32,579] Trial 366 finished with value: 0.14485511183738708 and parameters: {'mlp_n_layers': 3, 'mlp_dim_00': 32, 'mlp_dim_01': 144, 'mlp_dim_02': 80, 'hidden_channels': 80, 'num_layers': 1, 'num_timesteps': 1, 'dropout': 0.09723327364560519, 'train_learning_rate': 0.0019710605330144917, 'train_lr_reduce': 0.6}. Best is trial 130 with value: 0.0812772810459137.
[I 2024-12-15 22:26:36,264] Trial 364 finished with value: 0.12755437195301056 and parameters: {'mlp_n_layers': 3, 'mlp_dim_00': 240, 'mlp_dim_01': 208, 'mlp_dim_02': 160, 'hidden_channels': 144, 'num_layers': 1, 'num_timesteps': 4, 'dropout': 0.1993167326421289, 'train_learning_rate': 0.005733023888997729, 'train_lr_reduce': 0.6}. Best is trial 130 with value: 0.0812772810459137.
[I 2024-12-15 22:26:39,359] Trial 365 finished with value: 0.12507914006710052 and parameters: {'mlp_n_layers': 2, 'mlp_dim_00': 96, 'mlp_dim_01': 192, 'hidden_channels': 48, 'num_layers': 2, 'num_timesteps': 4, 'dropout': 0.08247237105405143, 'train_learning_rate': 0.0008546009260681887, 'train_lr_reduce': 0.6}. Best is trial 130 with value: 0.0812772810459137.
[I 2024-12-15 22:26:47,834] Trial 367 finished with value: 0.10456588864326477 and parameters: {'mlp_n_layers': 2, 'mlp_dim_00': 224, 'mlp_dim_01': 192, 'hidden_channels': 80, 'num_layers': 3, 'num_timesteps': 2, 'dropout': 0.28646416497416044, 'train_learning_rate': 0.00928615120754811, 'train_lr_reduce': 0.6}. Best is trial 130 with value: 0.0812772810459137.
[I 2024-12-15 22:26:50,178] Trial 368 finished with value: 0.16139061748981476 and parameters: {'mlp_n_layers': 4, 'mlp_dim_00': 32, 'mlp_dim_01': 96, 'mlp_dim_02': 208, 'mlp_dim_03': 80, 'hidden_channels': 176, 'num_layers': 4, 'num_timesteps': 2, 'dropout': 0.05468850104761469, 'train_learning_rate': 0.00580271375145472, 'train_lr_reduce': 0.6}. Best is trial 130 with value: 0.0812772810459137.
[I 2024-12-15 22:26:51,854] Trial 369 finished with value: 0.11793789267539978 and parameters: {'mlp_n_layers': 3, 'mlp_dim_00': 256, 'mlp_dim_01': 192, 'mlp_dim_02': 128, 'hidden_channels': 32, 'num_layers': 1, 'num_timesteps': 3, 'dropout': 0.18280384123162072, 'train_learning_rate': 0.006467946719375708, 'train_lr_reduce': 0.6}. Best is trial 130 with value: 0.0812772810459137.
[I 2024-12-15 22:26:59,875] Trial 370 finished with value: 0.12369202822446823 and parameters: {'mlp_n_layers': 3, 'mlp_dim_00': 240, 'mlp_dim_01': 128, 'mlp_dim_02': 176, 'hidden_channels': 96, 'num_layers': 2, 'num_timesteps': 2, 'dropout': 0.2994707666828721, 'train_learning_rate': 0.004590495192891573, 'train_lr_reduce': 0.6}. Best is trial 130 with value: 0.0812772810459137.
[I 2024-12-15 22:27:00,040] Trial 371 finished with value: 0.1091945692896843 and parameters: {'mlp_n_layers': 2, 'mlp_dim_00': 240, 'mlp_dim_01': 64, 'hidden_channels': 32, 'num_layers': 1, 'num_timesteps': 4, 'dropout': 0.266608584660672, 'train_learning_rate': 0.005760217102199167, 'train_lr_reduce': 0.6}. Best is trial 130 with value: 0.0812772810459137.
[I 2024-12-15 22:27:04,445] Trial 373 finished with value: 0.40615570545196533 and parameters: {'mlp_n_layers': 2, 'mlp_dim_00': 224, 'mlp_dim_01': 208, 'hidden_channels': 144, 'num_layers': 1, 'num_timesteps': 3, 'dropout': 0.21518779364889784, 'train_learning_rate': 0.009431516839266858, 'train_lr_reduce': 0.6}. Best is trial 130 with value: 0.0812772810459137.
[I 2024-12-15 22:27:05,144] Trial 372 finished with value: 0.12150964885950089 and parameters: {'mlp_n_layers': 2, 'mlp_dim_00': 256, 'mlp_dim_01': 240, 'hidden_channels': 176, 'num_layers': 2, 'num_timesteps': 4, 'dropout': 0.19450224796910962, 'train_learning_rate': 0.009763338376442025, 'train_lr_reduce': 0.6}. Best is trial 130 with value: 0.0812772810459137.
[I 2024-12-15 22:27:12,080] Trial 374 finished with value: 0.12862849235534668 and parameters: {'mlp_n_layers': 2, 'mlp_dim_00': 192, 'mlp_dim_01': 144, 'hidden_channels': 64, 'num_layers': 2, 'num_timesteps': 4, 'dropout': 0.21170408646907665, 'train_learning_rate': 0.004606206187813272, 'train_lr_reduce': 0.6}. Best is trial 130 with value: 0.0812772810459137.
[I 2024-12-15 22:27:14,685] Trial 375 finished with value: 0.10060345381498337 and parameters: {'mlp_n_layers': 3, 'mlp_dim_00': 240, 'mlp_dim_01': 160, 'mlp_dim_02': 256, 'hidden_channels': 32, 'num_layers': 1, 'num_timesteps': 2, 'dropout': 0.2641220230804403, 'train_learning_rate': 0.009949235998732434, 'train_lr_reduce': 0.6}. Best is trial 130 with value: 0.0812772810459137.
[I 2024-12-15 22:27:17,713] Trial 376 finished with value: 0.11705254018306732 and parameters: {'mlp_n_layers': 2, 'mlp_dim_00': 96, 'mlp_dim_01': 256, 'hidden_channels': 32, 'num_layers': 2, 'num_timesteps': 4, 'dropout': 0.15564127276803877, 'train_learning_rate': 0.006034198446333328, 'train_lr_reduce': 0.6}. Best is trial 130 with value: 0.0812772810459137.
[I 2024-12-15 22:27:25,045] Trial 377 finished with value: 0.12219103425741196 and parameters: {'mlp_n_layers': 3, 'mlp_dim_00': 128, 'mlp_dim_01': 192, 'mlp_dim_02': 128, 'hidden_channels': 64, 'num_layers': 2, 'num_timesteps': 4, 'dropout': 0.18734983700418753, 'train_learning_rate': 0.0034363736456983957, 'train_lr_reduce': 0.6}. Best is trial 130 with value: 0.0812772810459137.
[I 2024-12-15 22:27:29,666] Trial 378 finished with value: 0.1327873021364212 and parameters: {'mlp_n_layers': 2, 'mlp_dim_00': 128, 'mlp_dim_01': 192, 'hidden_channels': 64, 'num_layers': 2, 'num_timesteps': 4, 'dropout': 0.13887248362974938, 'train_learning_rate': 0.0018933956759143872, 'train_lr_reduce': 0.6}. Best is trial 130 with value: 0.0812772810459137.
[I 2024-12-15 22:27:36,294] Trial 380 finished with value: 0.11368564516305923 and parameters: {'mlp_n_layers': 2, 'mlp_dim_00': 144, 'mlp_dim_01': 64, 'hidden_channels': 48, 'num_layers': 2, 'num_timesteps': 4, 'dropout': 0.1962705303079706, 'train_learning_rate': 0.0030518292952495443, 'train_lr_reduce': 0.6}. Best is trial 130 with value: 0.0812772810459137.
[I 2024-12-15 22:27:36,529] Trial 379 finished with value: 0.11282550543546677 and parameters: {'mlp_n_layers': 2, 'mlp_dim_00': 144, 'mlp_dim_01': 176, 'hidden_channels': 32, 'num_layers': 2, 'num_timesteps': 4, 'dropout': 0.21668957352516904, 'train_learning_rate': 0.0016475707202387403, 'train_lr_reduce': 0.6}. Best is trial 130 with value: 0.0812772810459137.
[I 2024-12-15 22:27:46,839] Trial 382 finished with value: 0.11125658452510834 and parameters: {'mlp_n_layers': 4, 'mlp_dim_00': 208, 'mlp_dim_01': 256, 'mlp_dim_02': 96, 'mlp_dim_03': 160, 'hidden_channels': 48, 'num_layers': 1, 'num_timesteps': 1, 'dropout': 0.2800646269372032, 'train_learning_rate': 0.004311059104872061, 'train_lr_reduce': 0.6}. Best is trial 130 with value: 0.0812772810459137.
[I 2024-12-15 22:27:52,256] Trial 383 finished with value: 0.1466633379459381 and parameters: {'mlp_n_layers': 2, 'mlp_dim_00': 48, 'mlp_dim_01': 32, 'hidden_channels': 80, 'num_layers': 4, 'num_timesteps': 2, 'dropout': 0.16697102659415589, 'train_learning_rate': 0.0034175854038490743, 'train_lr_reduce': 0.6}. Best is trial 130 with value: 0.0812772810459137.
[I 2024-12-15 22:27:56,547] Trial 381 finished with value: 0.24074804782867432 and parameters: {'mlp_n_layers': 2, 'mlp_dim_00': 224, 'mlp_dim_01': 256, 'hidden_channels': 80, 'num_layers': 2, 'num_timesteps': 1, 'dropout': 0.07564020567521591, 'train_learning_rate': 0.00010920226263015236, 'train_lr_reduce': 0.6}. Best is trial 130 with value: 0.0812772810459137.
[I 2024-12-15 22:28:01,840] Trial 384 finished with value: 0.1297876536846161 and parameters: {'mlp_n_layers': 3, 'mlp_dim_00': 224, 'mlp_dim_01': 112, 'mlp_dim_02': 160, 'hidden_channels': 256, 'num_layers': 1, 'num_timesteps': 1, 'dropout': 0.14443234483677578, 'train_learning_rate': 0.0017760247145835585, 'train_lr_reduce': 0.6}. Best is trial 130 with value: 0.0812772810459137.
[I 2024-12-15 22:28:06,648] Trial 386 finished with value: 0.11346852779388428 and parameters: {'mlp_n_layers': 3, 'mlp_dim_00': 240, 'mlp_dim_01': 160, 'mlp_dim_02': 32, 'hidden_channels': 32, 'num_layers': 1, 'num_timesteps': 1, 'dropout': 0.18526317273868023, 'train_learning_rate': 0.002208681258423147, 'train_lr_reduce': 0.6}. Best is trial 130 with value: 0.0812772810459137.
[I 2024-12-15 22:28:08,552] Trial 385 finished with value: 0.11273352056741714 and parameters: {'mlp_n_layers': 2, 'mlp_dim_00': 192, 'mlp_dim_01': 176, 'hidden_channels': 64, 'num_layers': 2, 'num_timesteps': 1, 'dropout': 0.2907581154822815, 'train_learning_rate': 0.003052204638107815, 'train_lr_reduce': 0.6}. Best is trial 130 with value: 0.0812772810459137.
[I 2024-12-15 22:28:10,986] Trial 387 finished with value: 0.1313251554965973 and parameters: {'mlp_n_layers': 2, 'mlp_dim_00': 208, 'mlp_dim_01': 256, 'hidden_channels': 192, 'num_layers': 1, 'num_timesteps': 2, 'dropout': 0.13470582385951754, 'train_learning_rate': 0.008226333993115531, 'train_lr_reduce': 0.6}. Best is trial 130 with value: 0.0812772810459137.
[I 2024-12-15 22:28:19,884] Trial 388 finished with value: 0.10439847409725189 and parameters: {'mlp_n_layers': 2, 'mlp_dim_00': 256, 'mlp_dim_01': 192, 'hidden_channels': 176, 'num_layers': 1, 'num_timesteps': 4, 'dropout': 0.2977215087262847, 'train_learning_rate': 0.009194509342295343, 'train_lr_reduce': 0.6}. Best is trial 130 with value: 0.0812772810459137.
[I 2024-12-15 22:28:34,347] Trial 389 finished with value: 0.11565294861793518 and parameters: {'mlp_n_layers': 3, 'mlp_dim_00': 240, 'mlp_dim_01': 176, 'mlp_dim_02': 176, 'hidden_channels': 112, 'num_layers': 2, 'num_timesteps': 3, 'dropout': 0.23604809831766652, 'train_learning_rate': 0.00972387173036433, 'train_lr_reduce': 0.6}. Best is trial 130 with value: 0.0812772810459137.
[I 2024-12-15 22:28:37,337] Trial 390 finished with value: 0.1131545901298523 and parameters: {'mlp_n_layers': 2, 'mlp_dim_00': 208, 'mlp_dim_01': 112, 'hidden_channels': 48, 'num_layers': 3, 'num_timesteps': 3, 'dropout': 0.29847324430363986, 'train_learning_rate': 0.001600080261775077, 'train_lr_reduce': 0.6}. Best is trial 130 with value: 0.0812772810459137.
[I 2024-12-15 22:28:41,286] Trial 391 finished with value: 0.12700679898262024 and parameters: {'mlp_n_layers': 2, 'mlp_dim_00': 32, 'mlp_dim_01': 64, 'hidden_channels': 256, 'num_layers': 3, 'num_timesteps': 2, 'dropout': 0.08197622065928435, 'train_learning_rate': 0.0007848870434177023, 'train_lr_reduce': 0.6}. Best is trial 130 with value: 0.0812772810459137.
[I 2024-12-15 22:28:52,037] Trial 393 finished with value: 0.14866583049297333 and parameters: {'mlp_n_layers': 2, 'mlp_dim_00': 112, 'mlp_dim_01': 64, 'hidden_channels': 64, 'num_layers': 4, 'num_timesteps': 3, 'dropout': 0.15352278987815782, 'train_learning_rate': 0.009803118553594909, 'train_lr_reduce': 0.6}. Best is trial 130 with value: 0.0812772810459137.
[I 2024-12-15 22:28:52,830] Trial 394 finished with value: 0.11138475686311722 and parameters: {'mlp_n_layers': 3, 'mlp_dim_00': 224, 'mlp_dim_01': 256, 'mlp_dim_02': 208, 'hidden_channels': 112, 'num_layers': 1, 'num_timesteps': 3, 'dropout': 0.23351218905548204, 'train_learning_rate': 0.0045902495253470985, 'train_lr_reduce': 0.6}. Best is trial 130 with value: 0.0812772810459137.
[I 2024-12-15 22:28:53,039] Trial 392 finished with value: 0.1275288313627243 and parameters: {'mlp_n_layers': 2, 'mlp_dim_00': 160, 'mlp_dim_01': 208, 'hidden_channels': 112, 'num_layers': 2, 'num_timesteps': 4, 'dropout': 0.23088977709423006, 'train_learning_rate': 0.006655744735040939, 'train_lr_reduce': 0.6}. Best is trial 130 with value: 0.0812772810459137.
[I 2024-12-15 22:29:11,579] Trial 395 finished with value: 0.10605183988809586 and parameters: {'mlp_n_layers': 2, 'mlp_dim_00': 128, 'mlp_dim_01': 80, 'hidden_channels': 32, 'num_layers': 3, 'num_timesteps': 2, 'dropout': 0.09671702929592721, 'train_learning_rate': 0.002773938097121958, 'train_lr_reduce': 0.6}. Best is trial 130 with value: 0.0812772810459137.
[I 2024-12-15 22:29:17,269] Trial 397 finished with value: 0.14087222516536713 and parameters: {'mlp_n_layers': 3, 'mlp_dim_00': 240, 'mlp_dim_01': 64, 'mlp_dim_02': 128, 'hidden_channels': 256, 'num_layers': 1, 'num_timesteps': 4, 'dropout': 0.009259906164219761, 'train_learning_rate': 0.00035217895054565415, 'train_lr_reduce': 0.6}. Best is trial 130 with value: 0.0812772810459137.
[I 2024-12-15 22:29:20,311] Trial 396 finished with value: 0.13232651352882385 and parameters: {'mlp_n_layers': 2, 'mlp_dim_00': 48, 'mlp_dim_01': 160, 'hidden_channels': 256, 'num_layers': 2, 'num_timesteps': 1, 'dropout': 0.19178074649472937, 'train_learning_rate': 0.0003675796853630243, 'train_lr_reduce': 0.6}. Best is trial 130 with value: 0.0812772810459137.
[I 2024-12-15 22:29:33,862] Trial 398 finished with value: 0.14647343754768372 and parameters: {'mlp_n_layers': 4, 'mlp_dim_00': 32, 'mlp_dim_01': 112, 'mlp_dim_02': 96, 'mlp_dim_03': 256, 'hidden_channels': 144, 'num_layers': 1, 'num_timesteps': 2, 'dropout': 0.07392153868798104, 'train_learning_rate': 0.0003641657406767613, 'train_lr_reduce': 0.6}. Best is trial 130 with value: 0.0812772810459137.
[I 2024-12-15 22:29:36,090] Trial 399 finished with value: 0.11138027161359787 and parameters: {'mlp_n_layers': 3, 'mlp_dim_00': 80, 'mlp_dim_01': 208, 'mlp_dim_02': 144, 'hidden_channels': 64, 'num_layers': 3, 'num_timesteps': 4, 'dropout': 0.1192994509139777, 'train_learning_rate': 0.00798520200387468, 'train_lr_reduce': 0.6}. Best is trial 130 with value: 0.0812772810459137.
[I 2024-12-15 22:29:38,126] Trial 400 finished with value: 0.12352596968412399 and parameters: {'mlp_n_layers': 4, 'mlp_dim_00': 128, 'mlp_dim_01': 240, 'mlp_dim_02': 192, 'mlp_dim_03': 192, 'hidden_channels': 32, 'num_layers': 3, 'num_timesteps': 2, 'dropout': 0.07553597938603519, 'train_learning_rate': 0.000613401068746431, 'train_lr_reduce': 0.6}. Best is trial 130 with value: 0.0812772810459137.
[I 2024-12-15 22:29:47,884] Trial 401 finished with value: 0.11531535536050797 and parameters: {'mlp_n_layers': 2, 'mlp_dim_00': 96, 'mlp_dim_01': 240, 'hidden_channels': 80, 'num_layers': 2, 'num_timesteps': 4, 'dropout': 0.026860129696599074, 'train_learning_rate': 0.00742489602965157, 'train_lr_reduce': 0.6}. Best is trial 130 with value: 0.0812772810459137.
[I 2024-12-15 22:30:06,995] Trial 402 finished with value: 0.1335253119468689 and parameters: {'mlp_n_layers': 2, 'mlp_dim_00': 176, 'mlp_dim_01': 96, 'hidden_channels': 64, 'num_layers': 2, 'num_timesteps': 2, 'dropout': 0.08383222085889318, 'train_learning_rate': 0.0006609507051192386, 'train_lr_reduce': 0.6}. Best is trial 130 with value: 0.0812772810459137.
[I 2024-12-15 22:30:12,295] Trial 403 finished with value: 0.1650524139404297 and parameters: {'mlp_n_layers': 4, 'mlp_dim_00': 64, 'mlp_dim_01': 144, 'mlp_dim_02': 224, 'mlp_dim_03': 128, 'hidden_channels': 240, 'num_layers': 4, 'num_timesteps': 4, 'dropout': 0.16673341633355696, 'train_learning_rate': 0.0002788068918706814, 'train_lr_reduce': 0.6}. Best is trial 130 with value: 0.0812772810459137.
[I 2024-12-15 22:30:20,405] Trial 404 finished with value: 0.17832142114639282 and parameters: {'mlp_n_layers': 4, 'mlp_dim_00': 112, 'mlp_dim_01': 192, 'mlp_dim_02': 128, 'mlp_dim_03': 32, 'hidden_channels': 128, 'num_layers': 4, 'num_timesteps': 2, 'dropout': 0.0009513835165735618, 'train_learning_rate': 0.00013344186851805387, 'train_lr_reduce': 0.6}. Best is trial 130 with value: 0.0812772810459137.
[I 2024-12-15 22:30:22,601] Trial 405 finished with value: 0.12814220786094666 and parameters: {'mlp_n_layers': 2, 'mlp_dim_00': 176, 'mlp_dim_01': 240, 'hidden_channels': 144, 'num_layers': 4, 'num_timesteps': 1, 'dropout': 0.1942465232895188, 'train_learning_rate': 0.0012187321488197544, 'train_lr_reduce': 0.6}. Best is trial 130 with value: 0.0812772810459137.
[I 2024-12-15 22:30:24,221] Trial 406 finished with value: 0.10392472892999649 and parameters: {'mlp_n_layers': 2, 'mlp_dim_00': 240, 'mlp_dim_01': 224, 'hidden_channels': 128, 'num_layers': 1, 'num_timesteps': 2, 'dropout': 0.17525304659005286, 'train_learning_rate': 0.007327011706071121, 'train_lr_reduce': 0.6}. Best is trial 130 with value: 0.0812772810459137.
[I 2024-12-15 22:30:32,541] Trial 408 finished with value: 0.12050622701644897 and parameters: {'mlp_n_layers': 2, 'mlp_dim_00': 176, 'mlp_dim_01': 160, 'hidden_channels': 128, 'num_layers': 1, 'num_timesteps': 2, 'dropout': 0.2639584526931749, 'train_learning_rate': 0.0021123142072766365, 'train_lr_reduce': 0.6}. Best is trial 130 with value: 0.0812772810459137.
