[I 2024-12-25 00:29:35,688] Trial 899 finished with value: 0.010982670821249485 and parameters: {'L1_hidden_dim': 160, 'L1_layers_atom': 4, 'L1_layers_mol': 4, 'L1_dropout': 0.02712145817733773, 'L1_out_dim': 112, 'L2_hidden_dim': 112, 'L2_layers_atom': 3, 'L2_layers_mol': 1, 'L2_out_dim': 64, 'L2_dropout': 0.13729961197190882, 'L3_hidden_dim': 128, 'L3_layers_atom': 2, 'L3_layers_mol': 4, 'L3_out_dim': 64, 'L3_dropout': 0.2868888847495108, 'n_mlp_layers': 1, 'mlp_dim_0': 224, 'num_heads': 2, 'final_dropout': 0.22743931538972592, 'train_learning_rate': 0.0004195961348828503, 'train_lr_reduce': 0.6}. Best is trial 570 with value: 0.00952998548746109.
[I 2024-12-25 00:29:36,725] Trial 900 finished with value: 0.011445723474025726 and parameters: {'L1_hidden_dim': 256, 'L1_layers_atom': 1, 'L1_layers_mol': 4, 'L1_dropout': 0.032021171542001126, 'L1_out_dim': 128, 'L2_hidden_dim': 144, 'L2_layers_atom': 2, 'L2_layers_mol': 1, 'L2_out_dim': 112, 'L2_dropout': 0.1336694637964409, 'L3_hidden_dim': 112, 'L3_layers_atom': 3, 'L3_layers_mol': 2, 'L3_out_dim': 128, 'L3_dropout': 0.2560659584003755, 'n_mlp_layers': 1, 'mlp_dim_0': 440, 'num_heads': 1, 'final_dropout': 0.2660678791065658, 'train_learning_rate': 0.001175524437657411, 'train_lr_reduce': 0.6}. Best is trial 570 with value: 0.00952998548746109.
[I 2024-12-25 00:30:09,399] Trial 901 finished with value: 0.011479359120130539 and parameters: {'L1_hidden_dim': 208, 'L1_layers_atom': 4, 'L1_layers_mol': 3, 'L1_dropout': 0.0010732247710408416, 'L1_out_dim': 32, 'L2_hidden_dim': 240, 'L2_layers_atom': 4, 'L2_layers_mol': 1, 'L2_out_dim': 32, 'L2_dropout': 0.14078213633885903, 'L3_hidden_dim': 112, 'L3_layers_atom': 4, 'L3_layers_mol': 4, 'L3_out_dim': 128, 'L3_dropout': 0.18063466164803546, 'n_mlp_layers': 3, 'mlp_dim_0': 480, 'mlp_dim_1': 280, 'mlp_dim_2': 200, 'num_heads': 2, 'final_dropout': 0.04756952189097308, 'train_learning_rate': 0.0020216938787865246, 'train_lr_reduce': 0.6}. Best is trial 570 with value: 0.00952998548746109.
[I 2024-12-25 00:31:31,842] Trial 902 finished with value: 0.0131464172154665 and parameters: {'L1_hidden_dim': 176, 'L1_layers_atom': 2, 'L1_layers_mol': 4, 'L1_dropout': 0.0015734644235987586, 'L1_out_dim': 96, 'L2_hidden_dim': 144, 'L2_layers_atom': 3, 'L2_layers_mol': 4, 'L2_out_dim': 80, 'L2_dropout': 0.16497910161735507, 'L3_hidden_dim': 48, 'L3_layers_atom': 3, 'L3_layers_mol': 1, 'L3_out_dim': 128, 'L3_dropout': 0.26690887843203487, 'n_mlp_layers': 3, 'mlp_dim_0': 216, 'mlp_dim_1': 312, 'mlp_dim_2': 240, 'num_heads': 2, 'final_dropout': 0.29874015921945085, 'train_learning_rate': 0.003838703502621176, 'train_lr_reduce': 0.6}. Best is trial 570 with value: 0.00952998548746109.
[I 2024-12-25 00:31:58,958] Trial 903 finished with value: 0.01275247149169445 and parameters: {'L1_hidden_dim': 208, 'L1_layers_atom': 3, 'L1_layers_mol': 4, 'L1_dropout': 0.0026610109763705956, 'L1_out_dim': 96, 'L2_hidden_dim': 144, 'L2_layers_atom': 2, 'L2_layers_mol': 4, 'L2_out_dim': 48, 'L2_dropout': 0.23878993277749386, 'L3_hidden_dim': 64, 'L3_layers_atom': 2, 'L3_layers_mol': 1, 'L3_out_dim': 112, 'L3_dropout': 0.21368684861825865, 'n_mlp_layers': 3, 'mlp_dim_0': 280, 'mlp_dim_1': 272, 'mlp_dim_2': 184, 'num_heads': 2, 'final_dropout': 0.26464883263829014, 'train_learning_rate': 0.0033396235549161143, 'train_lr_reduce': 0.6}. Best is trial 570 with value: 0.00952998548746109.
[I 2024-12-25 00:32:30,206] Trial 904 finished with value: 0.011976705864071846 and parameters: {'L1_hidden_dim': 240, 'L1_layers_atom': 3, 'L1_layers_mol': 3, 'L1_dropout': 0.0705685561347534, 'L1_out_dim': 32, 'L2_hidden_dim': 128, 'L2_layers_atom': 3, 'L2_layers_mol': 2, 'L2_out_dim': 48, 'L2_dropout': 0.02125569057097882, 'L3_hidden_dim': 112, 'L3_layers_atom': 4, 'L3_layers_mol': 1, 'L3_out_dim': 96, 'L3_dropout': 0.26081821214083156, 'n_mlp_layers': 1, 'mlp_dim_0': 296, 'num_heads': 2, 'final_dropout': 0.10114890985826414, 'train_learning_rate': 0.0003540914426710457, 'train_lr_reduce': 0.6}. Best is trial 570 with value: 0.00952998548746109.
[I 2024-12-25 00:34:00,856] Trial 906 finished with value: 0.010603479109704494 and parameters: {'L1_hidden_dim': 176, 'L1_layers_atom': 1, 'L1_layers_mol': 4, 'L1_dropout': 0.015089902892099074, 'L1_out_dim': 128, 'L2_hidden_dim': 80, 'L2_layers_atom': 4, 'L2_layers_mol': 1, 'L2_out_dim': 48, 'L2_dropout': 0.13658132213774954, 'L3_hidden_dim': 128, 'L3_layers_atom': 3, 'L3_layers_mol': 1, 'L3_out_dim': 112, 'L3_dropout': 0.2818201612055599, 'n_mlp_layers': 1, 'mlp_dim_0': 504, 'num_heads': 1, 'final_dropout': 0.1900642244508685, 'train_learning_rate': 0.0013378740189376405, 'train_lr_reduce': 0.6}. Best is trial 570 with value: 0.00952998548746109.
[I 2024-12-25 00:34:10,990] Trial 905 finished with value: 0.011563780717551708 and parameters: {'L1_hidden_dim': 176, 'L1_layers_atom': 2, 'L1_layers_mol': 3, 'L1_dropout': 0.0026902663370835817, 'L1_out_dim': 48, 'L2_hidden_dim': 80, 'L2_layers_atom': 4, 'L2_layers_mol': 1, 'L2_out_dim': 96, 'L2_dropout': 0.1595840568524045, 'L3_hidden_dim': 80, 'L3_layers_atom': 4, 'L3_layers_mol': 1, 'L3_out_dim': 96, 'L3_dropout': 0.26024784348273267, 'n_mlp_layers': 1, 'mlp_dim_0': 128, 'num_heads': 1, 'final_dropout': 0.16080021917061435, 'train_learning_rate': 0.0004174334366697763, 'train_lr_reduce': 0.6}. Best is trial 570 with value: 0.00952998548746109.
[I 2024-12-25 00:35:27,946] Trial 907 finished with value: 0.010563361458480358 and parameters: {'L1_hidden_dim': 240, 'L1_layers_atom': 4, 'L1_layers_mol': 3, 'L1_dropout': 0.00044066194612419826, 'L1_out_dim': 80, 'L2_hidden_dim': 224, 'L2_layers_atom': 3, 'L2_layers_mol': 1, 'L2_out_dim': 48, 'L2_dropout': 0.14054064219380258, 'L3_hidden_dim': 128, 'L3_layers_atom': 4, 'L3_layers_mol': 4, 'L3_out_dim': 128, 'L3_dropout': 0.1864513809215464, 'n_mlp_layers': 3, 'mlp_dim_0': 352, 'mlp_dim_1': 344, 'mlp_dim_2': 192, 'num_heads': 2, 'final_dropout': 0.09746934954234246, 'train_learning_rate': 0.0009266728342387626, 'train_lr_reduce': 0.6}. Best is trial 570 with value: 0.00952998548746109.
[I 2024-12-25 00:37:00,615] Trial 908 finished with value: 0.011465712450444698 and parameters: {'L1_hidden_dim': 256, 'L1_layers_atom': 4, 'L1_layers_mol': 3, 'L1_dropout': 0.03295473013074694, 'L1_out_dim': 64, 'L2_hidden_dim': 224, 'L2_layers_atom': 4, 'L2_layers_mol': 2, 'L2_out_dim': 80, 'L2_dropout': 0.0554635395951565, 'L3_hidden_dim': 112, 'L3_layers_atom': 4, 'L3_layers_mol': 3, 'L3_out_dim': 112, 'L3_dropout': 0.20839015036474878, 'n_mlp_layers': 3, 'mlp_dim_0': 392, 'mlp_dim_1': 280, 'mlp_dim_2': 160, 'num_heads': 2, 'final_dropout': 0.1963136272450025, 'train_learning_rate': 0.0009705395623495178, 'train_lr_reduce': 0.6}. Best is trial 570 with value: 0.00952998548746109.
[I 2024-12-25 00:37:20,937] Trial 909 finished with value: 0.01220096368342638 and parameters: {'L1_hidden_dim': 208, 'L1_layers_atom': 3, 'L1_layers_mol': 4, 'L1_dropout': 0.015513594257804639, 'L1_out_dim': 32, 'L2_hidden_dim': 256, 'L2_layers_atom': 3, 'L2_layers_mol': 2, 'L2_out_dim': 80, 'L2_dropout': 0.2573354999921498, 'L3_hidden_dim': 112, 'L3_layers_atom': 4, 'L3_layers_mol': 2, 'L3_out_dim': 96, 'L3_dropout': 0.17131044409619836, 'n_mlp_layers': 3, 'mlp_dim_0': 248, 'mlp_dim_1': 336, 'mlp_dim_2': 248, 'num_heads': 2, 'final_dropout': 0.08767903853267395, 'train_learning_rate': 0.0017903047794379323, 'train_lr_reduce': 0.6}. Best is trial 570 with value: 0.00952998548746109.
[I 2024-12-25 00:38:49,590] Trial 910 finished with value: 0.011084269732236862 and parameters: {'L1_hidden_dim': 256, 'L1_layers_atom': 3, 'L1_layers_mol': 2, 'L1_dropout': 0.00049327272805221, 'L1_out_dim': 32, 'L2_hidden_dim': 224, 'L2_layers_atom': 4, 'L2_layers_mol': 1, 'L2_out_dim': 48, 'L2_dropout': 0.19242061324151238, 'L3_hidden_dim': 112, 'L3_layers_atom': 4, 'L3_layers_mol': 4, 'L3_out_dim': 112, 'L3_dropout': 0.1609601628080775, 'n_mlp_layers': 3, 'mlp_dim_0': 272, 'mlp_dim_1': 256, 'mlp_dim_2': 160, 'num_heads': 2, 'final_dropout': 0.012991994309590221, 'train_learning_rate': 0.0003812893620220332, 'train_lr_reduce': 0.6}. Best is trial 570 with value: 0.00952998548746109.
[I 2024-12-25 00:39:07,677] Trial 912 finished with value: 0.011042008176445961 and parameters: {'L1_hidden_dim': 160, 'L1_layers_atom': 2, 'L1_layers_mol': 1, 'L1_dropout': 0.025552487459251677, 'L1_out_dim': 64, 'L2_hidden_dim': 112, 'L2_layers_atom': 2, 'L2_layers_mol': 1, 'L2_out_dim': 80, 'L2_dropout': 0.03432125102556068, 'L3_hidden_dim': 80, 'L3_layers_atom': 4, 'L3_layers_mol': 1, 'L3_out_dim': 128, 'L3_dropout': 0.23190529550144418, 'n_mlp_layers': 2, 'mlp_dim_0': 296, 'mlp_dim_1': 312, 'num_heads': 1, 'final_dropout': 0.10218541082978948, 'train_learning_rate': 0.0008217045932055706, 'train_lr_reduce': 0.6}. Best is trial 570 with value: 0.00952998548746109.
[I 2024-12-25 00:40:56,672] Trial 911 finished with value: 0.011571734212338924 and parameters: {'L1_hidden_dim': 160, 'L1_layers_atom': 4, 'L1_layers_mol': 4, 'L1_dropout': 0.0588272518901629, 'L1_out_dim': 48, 'L2_hidden_dim': 64, 'L2_layers_atom': 4, 'L2_layers_mol': 1, 'L2_out_dim': 32, 'L2_dropout': 0.08255349713929475, 'L3_hidden_dim': 128, 'L3_layers_atom': 4, 'L3_layers_mol': 1, 'L3_out_dim': 96, 'L3_dropout': 0.1630748453280503, 'n_mlp_layers': 1, 'mlp_dim_0': 216, 'num_heads': 2, 'final_dropout': 0.1270768010961837, 'train_learning_rate': 0.0008822964037810397, 'train_lr_reduce': 0.6}. Best is trial 570 with value: 0.00952998548746109.
[I 2024-12-25 00:41:05,786] Trial 914 finished with value: 0.012145894579589367 and parameters: {'L1_hidden_dim': 192, 'L1_layers_atom': 4, 'L1_layers_mol': 3, 'L1_dropout': 0.1776328052256427, 'L1_out_dim': 48, 'L2_hidden_dim': 208, 'L2_layers_atom': 4, 'L2_layers_mol': 1, 'L2_out_dim': 80, 'L2_dropout': 0.060978082465220726, 'L3_hidden_dim': 96, 'L3_layers_atom': 3, 'L3_layers_mol': 3, 'L3_out_dim': 128, 'L3_dropout': 0.120712877611264, 'n_mlp_layers': 3, 'mlp_dim_0': 168, 'mlp_dim_1': 360, 'mlp_dim_2': 144, 'num_heads': 2, 'final_dropout': 0.15440905530812765, 'train_learning_rate': 0.0010640020133444654, 'train_lr_reduce': 0.6}. Best is trial 570 with value: 0.00952998548746109.
[I 2024-12-25 00:42:25,269] Trial 913 finished with value: 0.01219417154788971 and parameters: {'L1_hidden_dim': 176, 'L1_layers_atom': 3, 'L1_layers_mol': 3, 'L1_dropout': 0.011107697273215436, 'L1_out_dim': 32, 'L2_hidden_dim': 208, 'L2_layers_atom': 4, 'L2_layers_mol': 1, 'L2_out_dim': 32, 'L2_dropout': 0.22622822230825168, 'L3_hidden_dim': 96, 'L3_layers_atom': 4, 'L3_layers_mol': 3, 'L3_out_dim': 128, 'L3_dropout': 0.19744699401180768, 'n_mlp_layers': 2, 'mlp_dim_0': 312, 'mlp_dim_1': 264, 'num_heads': 2, 'final_dropout': 0.0896358268257887, 'train_learning_rate': 0.000233411643703903, 'train_lr_reduce': 0.6}. Best is trial 570 with value: 0.00952998548746109.
[I 2024-12-25 00:44:15,602] Trial 915 finished with value: 0.011185604147613049 and parameters: {'L1_hidden_dim': 144, 'L1_layers_atom': 3, 'L1_layers_mol': 2, 'L1_dropout': 0.02470604659489683, 'L1_out_dim': 32, 'L2_hidden_dim': 208, 'L2_layers_atom': 4, 'L2_layers_mol': 1, 'L2_out_dim': 96, 'L2_dropout': 0.07030309215076358, 'L3_hidden_dim': 128, 'L3_layers_atom': 3, 'L3_layers_mol': 1, 'L3_out_dim': 128, 'L3_dropout': 0.12305212538826377, 'n_mlp_layers': 3, 'mlp_dim_0': 496, 'mlp_dim_1': 328, 'mlp_dim_2': 200, 'num_heads': 2, 'final_dropout': 0.18469698443179045, 'train_learning_rate': 0.006548804587915829, 'train_lr_reduce': 0.6}. Best is trial 570 with value: 0.00952998548746109.
[I 2024-12-25 00:44:17,113] Trial 916 finished with value: 0.011230234056711197 and parameters: {'L1_hidden_dim': 224, 'L1_layers_atom': 4, 'L1_layers_mol': 3, 'L1_dropout': 0.05029835906203678, 'L1_out_dim': 80, 'L2_hidden_dim': 240, 'L2_layers_atom': 4, 'L2_layers_mol': 1, 'L2_out_dim': 112, 'L2_dropout': 0.15226529100379643, 'L3_hidden_dim': 128, 'L3_layers_atom': 4, 'L3_layers_mol': 3, 'L3_out_dim': 128, 'L3_dropout': 0.1127368976370549, 'n_mlp_layers': 3, 'mlp_dim_0': 248, 'mlp_dim_1': 264, 'mlp_dim_2': 136, 'num_heads': 2, 'final_dropout': 0.13968263617476354, 'train_learning_rate': 0.0006279444016134156, 'train_lr_reduce': 0.6}. Best is trial 570 with value: 0.00952998548746109.
[I 2024-12-25 00:44:49,125] Trial 917 finished with value: 0.012086555361747742 and parameters: {'L1_hidden_dim': 256, 'L1_layers_atom': 2, 'L1_layers_mol': 4, 'L1_dropout': 0.05117101649405482, 'L1_out_dim': 96, 'L2_hidden_dim': 96, 'L2_layers_atom': 4, 'L2_layers_mol': 1, 'L2_out_dim': 48, 'L2_dropout': 0.052054367851220196, 'L3_hidden_dim': 128, 'L3_layers_atom': 3, 'L3_layers_mol': 1, 'L3_out_dim': 112, 'L3_dropout': 0.27724237986521766, 'n_mlp_layers': 2, 'mlp_dim_0': 512, 'mlp_dim_1': 304, 'num_heads': 1, 'final_dropout': 0.21943349602736256, 'train_learning_rate': 0.0005182142937647738, 'train_lr_reduce': 0.6}. Best is trial 570 with value: 0.00952998548746109.
[I 2024-12-25 00:45:50,376] Trial 919 finished with value: 0.01265753898769617 and parameters: {'L1_hidden_dim': 224, 'L1_layers_atom': 1, 'L1_layers_mol': 3, 'L1_dropout': 0.07972901463744689, 'L1_out_dim': 128, 'L2_hidden_dim': 80, 'L2_layers_atom': 2, 'L2_layers_mol': 1, 'L2_out_dim': 64, 'L2_dropout': 0.059120879895361404, 'L3_hidden_dim': 128, 'L3_layers_atom': 4, 'L3_layers_mol': 2, 'L3_out_dim': 112, 'L3_dropout': 0.22823214360559366, 'n_mlp_layers': 1, 'mlp_dim_0': 472, 'num_heads': 1, 'final_dropout': 0.17624932864872025, 'train_learning_rate': 0.0008791419100710543, 'train_lr_reduce': 0.6}. Best is trial 570 with value: 0.00952998548746109.
[I 2024-12-25 00:46:26,368] Trial 918 finished with value: 0.013762115500867367 and parameters: {'L1_hidden_dim': 256, 'L1_layers_atom': 3, 'L1_layers_mol': 3, 'L1_dropout': 0.01582609976181197, 'L1_out_dim': 80, 'L2_hidden_dim': 96, 'L2_layers_atom': 2, 'L2_layers_mol': 2, 'L2_out_dim': 48, 'L2_dropout': 0.03431982483204745, 'L3_hidden_dim': 80, 'L3_layers_atom': 4, 'L3_layers_mol': 2, 'L3_out_dim': 112, 'L3_dropout': 0.22611257202855478, 'n_mlp_layers': 1, 'mlp_dim_0': 400, 'num_heads': 2, 'final_dropout': 0.059164967468058535, 'train_learning_rate': 0.004846613850671133, 'train_lr_reduce': 0.6}. Best is trial 570 with value: 0.00952998548746109.
[I 2024-12-25 00:47:02,308] Trial 920 finished with value: 0.011471925303339958 and parameters: {'L1_hidden_dim': 80, 'L1_layers_atom': 3, 'L1_layers_mol': 3, 'L1_dropout': 0.0014322365718637967, 'L1_out_dim': 32, 'L2_hidden_dim': 96, 'L2_layers_atom': 3, 'L2_layers_mol': 2, 'L2_out_dim': 112, 'L2_dropout': 0.02365856370512844, 'L3_hidden_dim': 80, 'L3_layers_atom': 4, 'L3_layers_mol': 2, 'L3_out_dim': 128, 'L3_dropout': 0.1250268893654073, 'n_mlp_layers': 3, 'mlp_dim_0': 400, 'mlp_dim_1': 392, 'mlp_dim_2': 248, 'num_heads': 2, 'final_dropout': 0.07857738710643374, 'train_learning_rate': 0.003155148829441422, 'train_lr_reduce': 0.6}. Best is trial 570 with value: 0.00952998548746109.
[I 2024-12-25 00:47:45,554] Trial 922 finished with value: 0.020191101357340813 and parameters: {'L1_hidden_dim': 208, 'L1_layers_atom': 2, 'L1_layers_mol': 4, 'L1_dropout': 0.01661358664769433, 'L1_out_dim': 80, 'L2_hidden_dim': 128, 'L2_layers_atom': 3, 'L2_layers_mol': 4, 'L2_out_dim': 32, 'L2_dropout': 0.03237745952267619, 'L3_hidden_dim': 80, 'L3_layers_atom': 4, 'L3_layers_mol': 1, 'L3_out_dim': 128, 'L3_dropout': 0.28252493229951464, 'n_mlp_layers': 3, 'mlp_dim_0': 56, 'mlp_dim_1': 344, 'mlp_dim_2': 136, 'num_heads': 2, 'final_dropout': 0.21420362201088483, 'train_learning_rate': 0.005387576389752463, 'train_lr_reduce': 0.6}. Best is trial 570 with value: 0.00952998548746109.
[I 2024-12-25 00:48:12,480] Trial 921 finished with value: 0.01119106076657772 and parameters: {'L1_hidden_dim': 240, 'L1_layers_atom': 4, 'L1_layers_mol': 2, 'L1_dropout': 0.005611752724890846, 'L1_out_dim': 48, 'L2_hidden_dim': 176, 'L2_layers_atom': 4, 'L2_layers_mol': 1, 'L2_out_dim': 96, 'L2_dropout': 0.13008876928579483, 'L3_hidden_dim': 80, 'L3_layers_atom': 4, 'L3_layers_mol': 3, 'L3_out_dim': 128, 'L3_dropout': 0.14075893278536228, 'n_mlp_layers': 2, 'mlp_dim_0': 280, 'mlp_dim_1': 264, 'num_heads': 1, 'final_dropout': 0.16992103821384533, 'train_learning_rate': 0.00021119198829113069, 'train_lr_reduce': 0.6}. Best is trial 570 with value: 0.00952998548746109.
[I 2024-12-25 00:49:20,804] Trial 924 finished with value: 0.016089456155896187 and parameters: {'L1_hidden_dim': 224, 'L1_layers_atom': 3, 'L1_layers_mol': 4, 'L1_dropout': 0.20257464095070657, 'L1_out_dim': 32, 'L2_hidden_dim': 160, 'L2_layers_atom': 3, 'L2_layers_mol': 2, 'L2_out_dim': 48, 'L2_dropout': 0.12713484482068513, 'L3_hidden_dim': 48, 'L3_layers_atom': 4, 'L3_layers_mol': 2, 'L3_out_dim': 128, 'L3_dropout': 0.2961797661273968, 'n_mlp_layers': 1, 'mlp_dim_0': 352, 'num_heads': 2, 'final_dropout': 0.07952735214972903, 'train_learning_rate': 0.0012034395638610695, 'train_lr_reduce': 0.6}. Best is trial 570 with value: 0.00952998548746109.
[I 2024-12-25 00:49:49,452] Trial 923 finished with value: 0.01167311891913414 and parameters: {'L1_hidden_dim': 224, 'L1_layers_atom': 4, 'L1_layers_mol': 4, 'L1_dropout': 0.07698193035327075, 'L1_out_dim': 64, 'L2_hidden_dim': 160, 'L2_layers_atom': 4, 'L2_layers_mol': 1, 'L2_out_dim': 80, 'L2_dropout': 0.1622241469149642, 'L3_hidden_dim': 64, 'L3_layers_atom': 3, 'L3_layers_mol': 2, 'L3_out_dim': 128, 'L3_dropout': 0.28434782986125284, 'n_mlp_layers': 1, 'mlp_dim_0': 352, 'num_heads': 2, 'final_dropout': 0.22301297061057446, 'train_learning_rate': 0.0008036300612797287, 'train_lr_reduce': 0.6}. Best is trial 570 with value: 0.00952998548746109.
[I 2024-12-25 00:49:54,045] Trial 925 finished with value: 0.010753250680863857 and parameters: {'L1_hidden_dim': 208, 'L1_layers_atom': 4, 'L1_layers_mol': 2, 'L1_dropout': 0.015552132536732708, 'L1_out_dim': 32, 'L2_hidden_dim': 208, 'L2_layers_atom': 3, 'L2_layers_mol': 1, 'L2_out_dim': 64, 'L2_dropout': 0.14437487677856864, 'L3_hidden_dim': 128, 'L3_layers_atom': 3, 'L3_layers_mol': 4, 'L3_out_dim': 128, 'L3_dropout': 0.21909199333548446, 'n_mlp_layers': 3, 'mlp_dim_0': 424, 'mlp_dim_1': 296, 'mlp_dim_2': 192, 'num_heads': 1, 'final_dropout': 0.12768990821901227, 'train_learning_rate': 0.0015491824470079895, 'train_lr_reduce': 0.6}. Best is trial 570 with value: 0.00952998548746109.
[I 2024-12-25 00:53:07,663] Trial 928 finished with value: 0.011235417798161507 and parameters: {'L1_hidden_dim': 224, 'L1_layers_atom': 3, 'L1_layers_mol': 4, 'L1_dropout': 0.09124492669110748, 'L1_out_dim': 48, 'L2_hidden_dim': 176, 'L2_layers_atom': 4, 'L2_layers_mol': 1, 'L2_out_dim': 32, 'L2_dropout': 0.026403721468973712, 'L3_hidden_dim': 48, 'L3_layers_atom': 3, 'L3_layers_mol': 1, 'L3_out_dim': 128, 'L3_dropout': 0.29563750516818244, 'n_mlp_layers': 1, 'mlp_dim_0': 416, 'num_heads': 2, 'final_dropout': 0.08176442688505053, 'train_learning_rate': 0.00035900163485320187, 'train_lr_reduce': 0.6}. Best is trial 570 with value: 0.00952998548746109.
[I 2024-12-25 00:53:09,873] Trial 927 finished with value: 0.011875358410179615 and parameters: {'L1_hidden_dim': 240, 'L1_layers_atom': 3, 'L1_layers_mol': 4, 'L1_dropout': 0.11010768791591465, 'L1_out_dim': 32, 'L2_hidden_dim': 192, 'L2_layers_atom': 4, 'L2_layers_mol': 2, 'L2_out_dim': 48, 'L2_dropout': 0.1350378301867367, 'L3_hidden_dim': 64, 'L3_layers_atom': 4, 'L3_layers_mol': 3, 'L3_out_dim': 112, 'L3_dropout': 0.1070448100036409, 'n_mlp_layers': 3, 'mlp_dim_0': 272, 'mlp_dim_1': 264, 'mlp_dim_2': 120, 'num_heads': 2, 'final_dropout': 0.1009763845712161, 'train_learning_rate': 0.0009645903755760202, 'train_lr_reduce': 0.6}. Best is trial 570 with value: 0.00952998548746109.
[I 2024-12-25 00:53:52,549] Trial 926 finished with value: 0.02225259318947792 and parameters: {'L1_hidden_dim': 256, 'L1_layers_atom': 4, 'L1_layers_mol': 3, 'L1_dropout': 0.015043533447133156, 'L1_out_dim': 48, 'L2_hidden_dim': 144, 'L2_layers_atom': 1, 'L2_layers_mol': 2, 'L2_out_dim': 32, 'L2_dropout': 0.21434575408416479, 'L3_hidden_dim': 96, 'L3_layers_atom': 3, 'L3_layers_mol': 4, 'L3_out_dim': 64, 'L3_dropout': 0.11952479591908312, 'n_mlp_layers': 2, 'mlp_dim_0': 224, 'mlp_dim_1': 320, 'num_heads': 2, 'final_dropout': 0.16873340067399265, 'train_learning_rate': 0.00013197161507354487, 'train_lr_reduce': 0.6}. Best is trial 570 with value: 0.00952998548746109.
[I 2024-12-25 00:55:36,576] Trial 929 finished with value: 0.011552338488399982 and parameters: {'L1_hidden_dim': 112, 'L1_layers_atom': 4, 'L1_layers_mol': 1, 'L1_dropout': 0.06537052973703754, 'L1_out_dim': 32, 'L2_hidden_dim': 256, 'L2_layers_atom': 4, 'L2_layers_mol': 2, 'L2_out_dim': 48, 'L2_dropout': 0.18156071589231643, 'L3_hidden_dim': 128, 'L3_layers_atom': 4, 'L3_layers_mol': 3, 'L3_out_dim': 112, 'L3_dropout': 0.1297088252309906, 'n_mlp_layers': 3, 'mlp_dim_0': 456, 'mlp_dim_1': 368, 'mlp_dim_2': 256, 'num_heads': 2, 'final_dropout': 0.10705673114909575, 'train_learning_rate': 0.0005703325052168626, 'train_lr_reduce': 0.6}. Best is trial 570 with value: 0.00952998548746109.
[I 2024-12-25 00:55:55,315] Trial 931 finished with value: 0.01131026353687048 and parameters: {'L1_hidden_dim': 256, 'L1_layers_atom': 3, 'L1_layers_mol': 2, 'L1_dropout': 0.0038456700827637982, 'L1_out_dim': 32, 'L2_hidden_dim': 208, 'L2_layers_atom': 3, 'L2_layers_mol': 1, 'L2_out_dim': 48, 'L2_dropout': 0.0806550825754703, 'L3_hidden_dim': 112, 'L3_layers_atom': 4, 'L3_layers_mol': 1, 'L3_out_dim': 128, 'L3_dropout': 0.2488840748336712, 'n_mlp_layers': 1, 'mlp_dim_0': 400, 'num_heads': 1, 'final_dropout': 0.101436893859369, 'train_learning_rate': 0.0010518964661228862, 'train_lr_reduce': 0.6}. Best is trial 570 with value: 0.00952998548746109.
