[I 2024-12-20 01:21:14,681] Trial 1931 finished with value: 0.365878164768219 and parameters: {'mlp_n_layers': 4, 'mlp_dim_00': 490, 'mlp_dim_01': 239, 'mlp_dim_02': 271, 'mlp_dim_03': 376, 'node_hidden_dim': 109, 'edge_hidden_dim': 49, 'depth': 1, 'rep_dropout': 0.03689519647503986, 'train_learning_rate': 0.0026084940267735173, 'train_lr_reduce': 0.6}. Best is trial 558 with value: 0.30280801653862.
[I 2024-12-20 01:21:16,716] Trial 1935 finished with value: 0.3845561444759369 and parameters: {'mlp_n_layers': 4, 'mlp_dim_00': 453, 'mlp_dim_01': 178, 'mlp_dim_02': 386, 'mlp_dim_03': 158, 'node_hidden_dim': 116, 'edge_hidden_dim': 33, 'depth': 1, 'rep_dropout': 0.0026468878472301477, 'train_learning_rate': 0.0022392363309488208, 'train_lr_reduce': 0.6}. Best is trial 558 with value: 0.30280801653862.
[I 2024-12-20 01:21:19,417] Trial 1937 finished with value: 1.357103705406189 and parameters: {'mlp_n_layers': 4, 'mlp_dim_00': 149, 'mlp_dim_01': 362, 'mlp_dim_02': 331, 'mlp_dim_03': 457, 'node_hidden_dim': 109, 'edge_hidden_dim': 34, 'depth': 1, 'rep_dropout': 0.061501718404859955, 'train_learning_rate': 0.0036507207415630767, 'train_lr_reduce': 0.6}. Best is trial 558 with value: 0.30280801653862.
[I 2024-12-20 01:21:23,653] Trial 1939 finished with value: 1.575648546218872 and parameters: {'mlp_n_layers': 4, 'mlp_dim_00': 264, 'mlp_dim_01': 262, 'mlp_dim_02': 476, 'mlp_dim_03': 349, 'node_hidden_dim': 102, 'edge_hidden_dim': 34, 'depth': 1, 'rep_dropout': 0.0219135187884426, 'train_learning_rate': 0.0005348056195478963, 'train_lr_reduce': 0.6}. Best is trial 558 with value: 0.30280801653862.
[I 2024-12-20 01:21:26,223] Trial 1938 finished with value: 1.1862913370132446 and parameters: {'mlp_n_layers': 4, 'mlp_dim_00': 427, 'mlp_dim_01': 313, 'mlp_dim_02': 380, 'mlp_dim_03': 98, 'node_hidden_dim': 115, 'edge_hidden_dim': 32, 'depth': 2, 'rep_dropout': 0.04350356710043106, 'train_learning_rate': 0.0033456149447824955, 'train_lr_reduce': 0.6}. Best is trial 558 with value: 0.30280801653862.
[I 2024-12-20 01:21:27,826] Trial 1940 finished with value: 1.5578325986862183 and parameters: {'mlp_n_layers': 3, 'mlp_dim_00': 222, 'mlp_dim_01': 380, 'mlp_dim_02': 306, 'node_hidden_dim': 98, 'edge_hidden_dim': 51, 'depth': 1, 'rep_dropout': 0.030328839036336333, 'train_learning_rate': 0.0009886894035619285, 'train_lr_reduce': 0.6}. Best is trial 558 with value: 0.30280801653862.
[I 2024-12-20 01:21:28,388] Trial 1936 finished with value: 0.3630063235759735 and parameters: {'mlp_n_layers': 4, 'mlp_dim_00': 393, 'mlp_dim_01': 414, 'mlp_dim_02': 431, 'mlp_dim_03': 394, 'node_hidden_dim': 115, 'edge_hidden_dim': 48, 'depth': 1, 'rep_dropout': 0.002506645454951977, 'train_learning_rate': 0.0015347714730919125, 'train_lr_reduce': 0.6}. Best is trial 558 with value: 0.30280801653862.
[I 2024-12-20 01:21:30,329] Trial 1941 finished with value: 1.3273698091506958 and parameters: {'mlp_n_layers': 4, 'mlp_dim_00': 390, 'mlp_dim_01': 339, 'mlp_dim_02': 417, 'mlp_dim_03': 512, 'node_hidden_dim': 124, 'edge_hidden_dim': 55, 'depth': 1, 'rep_dropout': 0.019479219124309284, 'train_learning_rate': 0.0031273182710875908, 'train_lr_reduce': 0.6}. Best is trial 558 with value: 0.30280801653862.
[I 2024-12-20 01:21:49,435] Trial 1942 finished with value: 0.3346843719482422 and parameters: {'mlp_n_layers': 4, 'mlp_dim_00': 136, 'mlp_dim_01': 214, 'mlp_dim_02': 361, 'mlp_dim_03': 296, 'node_hidden_dim': 114, 'edge_hidden_dim': 37, 'depth': 1, 'rep_dropout': 0.019125684731234893, 'train_learning_rate': 0.000594111068632998, 'train_lr_reduce': 0.6}. Best is trial 558 with value: 0.30280801653862.
[I 2024-12-20 01:21:49,774] Trial 1943 finished with value: 0.30933040380477905 and parameters: {'mlp_n_layers': 4, 'mlp_dim_00': 139, 'mlp_dim_01': 303, 'mlp_dim_02': 392, 'mlp_dim_03': 441, 'node_hidden_dim': 105, 'edge_hidden_dim': 33, 'depth': 1, 'rep_dropout': 0.019824855363523783, 'train_learning_rate': 0.0008435533960207804, 'train_lr_reduce': 0.6}. Best is trial 558 with value: 0.30280801653862.
[I 2024-12-20 01:21:49,930] Trial 1944 finished with value: 0.35859256982803345 and parameters: {'mlp_n_layers': 4, 'mlp_dim_00': 211, 'mlp_dim_01': 420, 'mlp_dim_02': 450, 'mlp_dim_03': 240, 'node_hidden_dim': 94, 'edge_hidden_dim': 34, 'depth': 1, 'rep_dropout': 0.03772800269042349, 'train_learning_rate': 0.0012261247979466548, 'train_lr_reduce': 0.6}. Best is trial 558 with value: 0.30280801653862.
[I 2024-12-20 01:21:53,156] Trial 1945 finished with value: 1.3008729219436646 and parameters: {'mlp_n_layers': 2, 'mlp_dim_00': 81, 'mlp_dim_01': 322, 'node_hidden_dim': 128, 'edge_hidden_dim': 67, 'depth': 3, 'rep_dropout': 0.0942071030151104, 'train_learning_rate': 0.0035380084831366475, 'train_lr_reduce': 0.6}. Best is trial 558 with value: 0.30280801653862.
[I 2024-12-20 01:21:53,226] Trial 1946 finished with value: 1.5187910795211792 and parameters: {'mlp_n_layers': 4, 'mlp_dim_00': 110, 'mlp_dim_01': 323, 'mlp_dim_02': 434, 'mlp_dim_03': 393, 'node_hidden_dim': 113, 'edge_hidden_dim': 58, 'depth': 1, 'rep_dropout': 0.03826046974918431, 'train_learning_rate': 0.0011442792457064764, 'train_lr_reduce': 0.6}. Best is trial 558 with value: 0.30280801653862.
[I 2024-12-20 01:21:53,597] Trial 1947 finished with value: 1.5312389135360718 and parameters: {'mlp_n_layers': 4, 'mlp_dim_00': 133, 'mlp_dim_01': 335, 'mlp_dim_02': 410, 'mlp_dim_03': 407, 'node_hidden_dim': 103, 'edge_hidden_dim': 58, 'depth': 1, 'rep_dropout': 0.020072355272877103, 'train_learning_rate': 0.0009837460322891628, 'train_lr_reduce': 0.6}. Best is trial 558 with value: 0.30280801653862.
[I 2024-12-20 01:21:57,655] Trial 1949 finished with value: 1.558742880821228 and parameters: {'mlp_n_layers': 4, 'mlp_dim_00': 64, 'mlp_dim_01': 353, 'mlp_dim_02': 418, 'mlp_dim_03': 379, 'node_hidden_dim': 96, 'edge_hidden_dim': 45, 'depth': 1, 'rep_dropout': 0.017959639600497963, 'train_learning_rate': 0.0008292712354207273, 'train_lr_reduce': 0.6}. Best is trial 558 with value: 0.30280801653862.
[I 2024-12-20 01:22:02,044] Trial 1951 finished with value: 1.4896280765533447 and parameters: {'mlp_n_layers': 1, 'mlp_dim_00': 402, 'node_hidden_dim': 53, 'edge_hidden_dim': 72, 'depth': 3, 'rep_dropout': 0.06840517009490212, 'train_learning_rate': 0.0004424751386682676, 'train_lr_reduce': 0.6}. Best is trial 558 with value: 0.30280801653862.
[I 2024-12-20 01:22:06,129] Trial 1952 finished with value: 1.5562386512756348 and parameters: {'mlp_n_layers': 4, 'mlp_dim_00': 208, 'mlp_dim_01': 309, 'mlp_dim_02': 405, 'mlp_dim_03': 317, 'node_hidden_dim': 108, 'edge_hidden_dim': 60, 'depth': 1, 'rep_dropout': 0.03022025486630583, 'train_learning_rate': 0.0007523683638474739, 'train_lr_reduce': 0.6}. Best is trial 558 with value: 0.30280801653862.
[I 2024-12-20 01:22:11,295] Trial 1953 finished with value: 1.577077031135559 and parameters: {'mlp_n_layers': 4, 'mlp_dim_00': 144, 'mlp_dim_01': 366, 'mlp_dim_02': 401, 'mlp_dim_03': 121, 'node_hidden_dim': 105, 'edge_hidden_dim': 35, 'depth': 2, 'rep_dropout': 0.0003989806658673406, 'train_learning_rate': 0.0008072307586565878, 'train_lr_reduce': 0.6}. Best is trial 558 with value: 0.30280801653862.
[I 2024-12-20 01:22:13,590] Trial 1950 finished with value: 0.39063337445259094 and parameters: {'mlp_n_layers': 4, 'mlp_dim_00': 121, 'mlp_dim_01': 351, 'mlp_dim_02': 460, 'mlp_dim_03': 205, 'node_hidden_dim': 106, 'edge_hidden_dim': 32, 'depth': 1, 'rep_dropout': 0.05648955097750096, 'train_learning_rate': 0.0014585730204610306, 'train_lr_reduce': 0.6}. Best is trial 558 with value: 0.30280801653862.
[I 2024-12-20 01:22:15,064] Trial 1948 finished with value: 0.3702462315559387 and parameters: {'mlp_n_layers': 4, 'mlp_dim_00': 166, 'mlp_dim_01': 314, 'mlp_dim_02': 429, 'mlp_dim_03': 351, 'node_hidden_dim': 120, 'edge_hidden_dim': 32, 'depth': 1, 'rep_dropout': 0.02125997842421058, 'train_learning_rate': 0.0005560391926747647, 'train_lr_reduce': 0.6}. Best is trial 558 with value: 0.30280801653862.
[I 2024-12-20 01:22:15,066] Trial 1954 finished with value: 1.5672029256820679 and parameters: {'mlp_n_layers': 4, 'mlp_dim_00': 219, 'mlp_dim_01': 315, 'mlp_dim_02': 478, 'mlp_dim_03': 425, 'node_hidden_dim': 108, 'edge_hidden_dim': 50, 'depth': 1, 'rep_dropout': 0.004523777289465344, 'train_learning_rate': 0.0008686294879714514, 'train_lr_reduce': 0.6}. Best is trial 558 with value: 0.30280801653862.
[I 2024-12-20 01:22:17,279] Trial 1955 finished with value: 1.5591341257095337 and parameters: {'mlp_n_layers': 4, 'mlp_dim_00': 230, 'mlp_dim_01': 352, 'mlp_dim_02': 439, 'mlp_dim_03': 269, 'node_hidden_dim': 118, 'edge_hidden_dim': 32, 'depth': 1, 'rep_dropout': 0.05267926925933315, 'train_learning_rate': 0.0006103454158024608, 'train_lr_reduce': 0.6}. Best is trial 558 with value: 0.30280801653862.
[I 2024-12-20 01:22:19,100] Trial 1957 finished with value: 1.512102723121643 and parameters: {'mlp_n_layers': 4, 'mlp_dim_00': 117, 'mlp_dim_01': 305, 'mlp_dim_02': 399, 'mlp_dim_03': 368, 'node_hidden_dim': 95, 'edge_hidden_dim': 34, 'depth': 1, 'rep_dropout': 0.027931423407071405, 'train_learning_rate': 0.0015609471438258363, 'train_lr_reduce': 0.6}. Best is trial 558 with value: 0.30280801653862.
[I 2024-12-20 01:22:24,198] Trial 1959 finished with value: 1.4836820363998413 and parameters: {'mlp_n_layers': 3, 'mlp_dim_00': 359, 'mlp_dim_01': 353, 'mlp_dim_02': 400, 'node_hidden_dim': 101, 'edge_hidden_dim': 36, 'depth': 2, 'rep_dropout': 0.009679813023243493, 'train_learning_rate': 0.0012540184333796815, 'train_lr_reduce': 0.6}. Best is trial 558 with value: 0.30280801653862.
[I 2024-12-20 01:22:28,502] Trial 1960 finished with value: 1.5806105136871338 and parameters: {'mlp_n_layers': 4, 'mlp_dim_00': 199, 'mlp_dim_01': 389, 'mlp_dim_02': 485, 'mlp_dim_03': 299, 'node_hidden_dim': 89, 'edge_hidden_dim': 51, 'depth': 1, 'rep_dropout': 0.022697199753193772, 'train_learning_rate': 0.00042808103103236745, 'train_lr_reduce': 0.6}. Best is trial 558 with value: 0.30280801653862.
[I 2024-12-20 01:22:33,319] Trial 1961 finished with value: 1.53786039352417 and parameters: {'mlp_n_layers': 4, 'mlp_dim_00': 272, 'mlp_dim_01': 338, 'mlp_dim_02': 434, 'mlp_dim_03': 434, 'node_hidden_dim': 113, 'edge_hidden_dim': 34, 'depth': 1, 'rep_dropout': 0.05550749884233823, 'train_learning_rate': 0.0012209397484513464, 'train_lr_reduce': 0.6}. Best is trial 558 with value: 0.30280801653862.
[I 2024-12-20 01:22:33,366] Trial 1956 finished with value: 0.304330438375473 and parameters: {'mlp_n_layers': 4, 'mlp_dim_00': 128, 'mlp_dim_01': 311, 'mlp_dim_02': 399, 'mlp_dim_03': 366, 'node_hidden_dim': 111, 'edge_hidden_dim': 38, 'depth': 1, 'rep_dropout': 0.018135988833609954, 'train_learning_rate': 0.0013773979435692013, 'train_lr_reduce': 0.6}. Best is trial 558 with value: 0.30280801653862.
[I 2024-12-20 01:22:35,939] Trial 1958 finished with value: 0.347988486289978 and parameters: {'mlp_n_layers': 4, 'mlp_dim_00': 204, 'mlp_dim_01': 396, 'mlp_dim_02': 447, 'mlp_dim_03': 418, 'node_hidden_dim': 99, 'edge_hidden_dim': 34, 'depth': 1, 'rep_dropout': 0.03577058896382436, 'train_learning_rate': 0.002147945849354521, 'train_lr_reduce': 0.6}. Best is trial 558 with value: 0.30280801653862.
[I 2024-12-20 01:22:37,471] Trial 1963 finished with value: 1.5375268459320068 and parameters: {'mlp_n_layers': 4, 'mlp_dim_00': 124, 'mlp_dim_01': 296, 'mlp_dim_02': 371, 'mlp_dim_03': 318, 'node_hidden_dim': 124, 'edge_hidden_dim': 43, 'depth': 1, 'rep_dropout': 0.005463839414876012, 'train_learning_rate': 0.0007117104339217628, 'train_lr_reduce': 0.6}. Best is trial 558 with value: 0.30280801653862.
[I 2024-12-20 01:22:37,745] Trial 1962 finished with value: 1.5643240213394165 and parameters: {'mlp_n_layers': 3, 'mlp_dim_00': 82, 'mlp_dim_01': 297, 'mlp_dim_02': 388, 'node_hidden_dim': 124, 'edge_hidden_dim': 67, 'depth': 4, 'rep_dropout': 0.07006896908542908, 'train_learning_rate': 0.0006675156941386654, 'train_lr_reduce': 0.6}. Best is trial 558 with value: 0.30280801653862.
[I 2024-12-20 01:22:39,676] Trial 1964 finished with value: 1.5592052936553955 and parameters: {'mlp_n_layers': 3, 'mlp_dim_00': 119, 'mlp_dim_01': 297, 'mlp_dim_02': 386, 'node_hidden_dim': 89, 'edge_hidden_dim': 32, 'depth': 1, 'rep_dropout': 0.07283143616260743, 'train_learning_rate': 0.0004682052676543419, 'train_lr_reduce': 0.6}. Best is trial 558 with value: 0.30280801653862.
[I 2024-12-20 01:22:44,196] Trial 1967 finished with value: 1.5865534543991089 and parameters: {'mlp_n_layers': 4, 'mlp_dim_00': 87, 'mlp_dim_01': 298, 'mlp_dim_02': 374, 'mlp_dim_03': 282, 'node_hidden_dim': 126, 'edge_hidden_dim': 57, 'depth': 1, 'rep_dropout': 0.10214041108020461, 'train_learning_rate': 0.0001844613297802639, 'train_lr_reduce': 0.6}. Best is trial 558 with value: 0.30280801653862.
[I 2024-12-20 01:22:48,517] Trial 1968 finished with value: 1.4099020957946777 and parameters: {'mlp_n_layers': 1, 'mlp_dim_00': 68, 'node_hidden_dim': 90, 'edge_hidden_dim': 106, 'depth': 2, 'rep_dropout': 0.10790867990540176, 'train_learning_rate': 0.001079254654934648, 'train_lr_reduce': 0.6}. Best is trial 558 with value: 0.30280801653862.
[I 2024-12-20 01:22:52,432] Trial 1966 finished with value: 0.43020278215408325 and parameters: {'mlp_n_layers': 4, 'mlp_dim_00': 150, 'mlp_dim_01': 299, 'mlp_dim_02': 367, 'mlp_dim_03': 343, 'node_hidden_dim': 106, 'edge_hidden_dim': 46, 'depth': 1, 'rep_dropout': 0.010428008958443653, 'train_learning_rate': 0.002776486686896797, 'train_lr_reduce': 0.6}. Best is trial 558 with value: 0.30280801653862.
[I 2024-12-20 01:22:54,147] Trial 1969 finished with value: 1.48149836063385 and parameters: {'mlp_n_layers': 2, 'mlp_dim_00': 443, 'mlp_dim_01': 315, 'node_hidden_dim': 121, 'edge_hidden_dim': 128, 'depth': 4, 'rep_dropout': 0.14579479599218215, 'train_learning_rate': 0.0008096980902306127, 'train_lr_reduce': 0.6}. Best is trial 558 with value: 0.30280801653862.
[I 2024-12-20 01:22:57,693] Trial 1970 finished with value: 1.5849791765213013 and parameters: {'mlp_n_layers': 4, 'mlp_dim_00': 90, 'mlp_dim_01': 286, 'mlp_dim_02': 382, 'mlp_dim_03': 149, 'node_hidden_dim': 57, 'edge_hidden_dim': 44, 'depth': 2, 'rep_dropout': 0.13376373304632583, 'train_learning_rate': 0.00019505337438161416, 'train_lr_reduce': 0.6}. Best is trial 558 with value: 0.30280801653862.
[I 2024-12-20 01:22:58,007] Trial 1965 finished with value: 0.40213364362716675 and parameters: {'mlp_n_layers': 4, 'mlp_dim_00': 145, 'mlp_dim_01': 306, 'mlp_dim_02': 383, 'mlp_dim_03': 337, 'node_hidden_dim': 97, 'edge_hidden_dim': 34, 'depth': 1, 'rep_dropout': 0.01692976308598401, 'train_learning_rate': 0.001610436559878442, 'train_lr_reduce': 0.6}. Best is trial 558 with value: 0.30280801653862.
[I 2024-12-20 01:22:59,039] Trial 1971 finished with value: 1.2855769395828247 and parameters: {'mlp_n_layers': 4, 'mlp_dim_00': 428, 'mlp_dim_01': 322, 'mlp_dim_02': 352, 'mlp_dim_03': 67, 'node_hidden_dim': 97, 'edge_hidden_dim': 125, 'depth': 3, 'rep_dropout': 0.00019474728526591711, 'train_learning_rate': 0.005727655505904062, 'train_lr_reduce': 0.6}. Best is trial 558 with value: 0.30280801653862.
[I 2024-12-20 01:23:02,492] Trial 1973 finished with value: 1.5703750848770142 and parameters: {'mlp_n_layers': 4, 'mlp_dim_00': 69, 'mlp_dim_01': 282, 'mlp_dim_02': 342, 'mlp_dim_03': 337, 'node_hidden_dim': 115, 'edge_hidden_dim': 35, 'depth': 2, 'rep_dropout': 0.05062544276361182, 'train_learning_rate': 0.0014398366743951661, 'train_lr_reduce': 0.6}. Best is trial 558 with value: 0.30280801653862.
[I 2024-12-20 01:23:03,454] Trial 1974 finished with value: 1.5356298685073853 and parameters: {'mlp_n_layers': 3, 'mlp_dim_00': 121, 'mlp_dim_01': 312, 'mlp_dim_02': 270, 'node_hidden_dim': 88, 'edge_hidden_dim': 45, 'depth': 2, 'rep_dropout': 0.002668057777109937, 'train_learning_rate': 0.0017611138146755832, 'train_lr_reduce': 0.6}. Best is trial 558 with value: 0.30280801653862.
[I 2024-12-20 01:23:06,636] Trial 1975 finished with value: 1.4971500635147095 and parameters: {'mlp_n_layers': 4, 'mlp_dim_00': 120, 'mlp_dim_01': 281, 'mlp_dim_02': 396, 'mlp_dim_03': 293, 'node_hidden_dim': 126, 'edge_hidden_dim': 40, 'depth': 1, 'rep_dropout': 0.034896667611677964, 'train_learning_rate': 0.0016438329098908138, 'train_lr_reduce': 0.6}. Best is trial 558 with value: 0.30280801653862.
[I 2024-12-20 01:23:10,953] Trial 1977 finished with value: 1.4233945608139038 and parameters: {'mlp_n_layers': 4, 'mlp_dim_00': 94, 'mlp_dim_01': 332, 'mlp_dim_02': 351, 'mlp_dim_03': 459, 'node_hidden_dim': 103, 'edge_hidden_dim': 45, 'depth': 1, 'rep_dropout': 0.042610312246284844, 'train_learning_rate': 0.00735537548097495, 'train_lr_reduce': 0.6}. Best is trial 558 with value: 0.30280801653862.
[I 2024-12-20 01:23:14,986] Trial 1978 finished with value: 1.5515387058258057 and parameters: {'mlp_n_layers': 4, 'mlp_dim_00': 136, 'mlp_dim_01': 285, 'mlp_dim_02': 403, 'mlp_dim_03': 392, 'node_hidden_dim': 94, 'edge_hidden_dim': 48, 'depth': 1, 'rep_dropout': 0.007828397525610879, 'train_learning_rate': 0.001052690910235835, 'train_lr_reduce': 0.6}. Best is trial 558 with value: 0.30280801653862.
[I 2024-12-20 01:23:15,827] Trial 1972 finished with value: 0.35751327872276306 and parameters: {'mlp_n_layers': 4, 'mlp_dim_00': 160, 'mlp_dim_01': 324, 'mlp_dim_02': 397, 'mlp_dim_03': 229, 'node_hidden_dim': 118, 'edge_hidden_dim': 43, 'depth': 1, 'rep_dropout': 0.03222174148147883, 'train_learning_rate': 0.0006987207932790383, 'train_lr_reduce': 0.6}. Best is trial 558 with value: 0.30280801653862.
[I 2024-12-20 01:23:18,587] Trial 1979 finished with value: 1.5464836359024048 and parameters: {'mlp_n_layers': 3, 'mlp_dim_00': 169, 'mlp_dim_01': 331, 'mlp_dim_02': 320, 'node_hidden_dim': 105, 'edge_hidden_dim': 37, 'depth': 1, 'rep_dropout': 0.027889293599380246, 'train_learning_rate': 0.0005215056319155234, 'train_lr_reduce': 0.6}. Best is trial 558 with value: 0.30280801653862.
[I 2024-12-20 01:23:25,389] Trial 1976 finished with value: 0.39593619108200073 and parameters: {'mlp_n_layers': 4, 'mlp_dim_00': 71, 'mlp_dim_01': 324, 'mlp_dim_02': 374, 'mlp_dim_03': 362, 'node_hidden_dim': 117, 'edge_hidden_dim': 42, 'depth': 1, 'rep_dropout': 0.030418227490029724, 'train_learning_rate': 0.0016528166016006821, 'train_lr_reduce': 0.6}. Best is trial 558 with value: 0.30280801653862.
[I 2024-12-20 01:23:34,632] Trial 1980 finished with value: 0.3710743188858032 and parameters: {'mlp_n_layers': 4, 'mlp_dim_00': 222, 'mlp_dim_01': 338, 'mlp_dim_02': 405, 'mlp_dim_03': 329, 'node_hidden_dim': 117, 'edge_hidden_dim': 43, 'depth': 1, 'rep_dropout': 0.023536974833772057, 'train_learning_rate': 0.0015504870411043425, 'train_lr_reduce': 0.6}. Best is trial 558 with value: 0.30280801653862.
[I 2024-12-20 01:23:37,901] Trial 1981 finished with value: 0.3997359275817871 and parameters: {'mlp_n_layers': 4, 'mlp_dim_00': 176, 'mlp_dim_01': 290, 'mlp_dim_02': 355, 'mlp_dim_03': 260, 'node_hidden_dim': 121, 'edge_hidden_dim': 50, 'depth': 1, 'rep_dropout': 0.029645052210532825, 'train_learning_rate': 0.0011781735664804596, 'train_lr_reduce': 0.6}. Best is trial 558 with value: 0.30280801653862.
[I 2024-12-20 01:23:38,324] Trial 1983 finished with value: 1.3355826139450073 and parameters: {'mlp_n_layers': 3, 'mlp_dim_00': 456, 'mlp_dim_01': 280, 'mlp_dim_02': 281, 'node_hidden_dim': 109, 'edge_hidden_dim': 57, 'depth': 1, 'rep_dropout': 0.007387006752888184, 'train_learning_rate': 0.0024395036178095774, 'train_lr_reduce': 0.6}. Best is trial 558 with value: 0.30280801653862.
[I 2024-12-20 01:23:41,950] Trial 1984 finished with value: 1.550607442855835 and parameters: {'mlp_n_layers': 4, 'mlp_dim_00': 176, 'mlp_dim_01': 328, 'mlp_dim_02': 366, 'mlp_dim_03': 187, 'node_hidden_dim': 126, 'edge_hidden_dim': 63, 'depth': 2, 'rep_dropout': 0.04056662516093112, 'train_learning_rate': 0.0010172790081274586, 'train_lr_reduce': 0.6}. Best is trial 558 with value: 0.30280801653862.
[I 2024-12-20 01:23:42,426] Trial 1985 finished with value: 1.5471853017807007 and parameters: {'mlp_n_layers': 4, 'mlp_dim_00': 87, 'mlp_dim_01': 284, 'mlp_dim_02': 411, 'mlp_dim_03': 101, 'node_hidden_dim': 88, 'edge_hidden_dim': 39, 'depth': 1, 'rep_dropout': 0.0005498906789890012, 'train_learning_rate': 0.00040297912319322356, 'train_lr_reduce': 0.6}. Best is trial 558 with value: 0.30280801653862.
[I 2024-12-20 01:23:43,431] Trial 1982 finished with value: 0.36100736260414124 and parameters: {'mlp_n_layers': 4, 'mlp_dim_00': 98, 'mlp_dim_01': 338, 'mlp_dim_02': 402, 'mlp_dim_03': 471, 'node_hidden_dim': 108, 'edge_hidden_dim': 32, 'depth': 1, 'rep_dropout': 0.016798277686486483, 'train_learning_rate': 0.001717965855904296, 'train_lr_reduce': 0.6}. Best is trial 558 with value: 0.30280801653862.
[I 2024-12-20 01:23:45,676] Trial 1986 finished with value: 1.5729173421859741 and parameters: {'mlp_n_layers': 3, 'mlp_dim_00': 177, 'mlp_dim_01': 138, 'mlp_dim_02': 309, 'node_hidden_dim': 111, 'edge_hidden_dim': 58, 'depth': 2, 'rep_dropout': 0.03576944750853041, 'train_learning_rate': 0.0006363545317886006, 'train_lr_reduce': 0.6}. Best is trial 558 with value: 0.30280801653862.
[I 2024-12-20 01:23:46,996] Trial 1987 finished with value: 1.583130955696106 and parameters: {'mlp_n_layers': 2, 'mlp_dim_00': 275, 'mlp_dim_01': 337, 'node_hidden_dim': 55, 'edge_hidden_dim': 78, 'depth': 1, 'rep_dropout': 0.10929244601167737, 'train_learning_rate': 0.0001322135512147796, 'train_lr_reduce': 0.6}. Best is trial 558 with value: 0.30280801653862.
[I 2024-12-20 01:23:52,100] Trial 1990 finished with value: 1.3692461252212524 and parameters: {'mlp_n_layers': 4, 'mlp_dim_00': 174, 'mlp_dim_01': 281, 'mlp_dim_02': 421, 'mlp_dim_03': 389, 'node_hidden_dim': 126, 'edge_hidden_dim': 62, 'depth': 1, 'rep_dropout': 0.03573904698368104, 'train_learning_rate': 0.00832613144321982, 'train_lr_reduce': 0.6}. Best is trial 558 with value: 0.30280801653862.
