[I 2024-12-15 22:04:19,986] Trial 118 finished with value: 0.09123919159173965 and parameters: {'mlp_n_layers': 4, 'mlp_dim_00': 256, 'mlp_dim_01': 160, 'mlp_dim_02': 160, 'mlp_dim_03': 176, 'hidden_channels': 32, 'num_layers': 1, 'num_timesteps': 2, 'dropout': 0.17868611164100612, 'train_learning_rate': 0.004331809547097897, 'train_lr_reduce': 0.6}. Best is trial 81 with value: 0.08691484481096268.
[I 2024-12-15 22:04:22,438] Trial 117 finished with value: 0.15699955821037292 and parameters: {'mlp_n_layers': 3, 'mlp_dim_00': 144, 'mlp_dim_01': 64, 'mlp_dim_02': 192, 'hidden_channels': 224, 'num_layers': 3, 'num_timesteps': 1, 'dropout': 0.06228831415561108, 'train_learning_rate': 0.002818823399545748, 'train_lr_reduce': 0.6}. Best is trial 81 with value: 0.08691484481096268.
[I 2024-12-15 22:04:29,328] Trial 120 finished with value: 0.12032036483287811 and parameters: {'mlp_n_layers': 4, 'mlp_dim_00': 256, 'mlp_dim_01': 208, 'mlp_dim_02': 160, 'mlp_dim_03': 176, 'hidden_channels': 48, 'num_layers': 1, 'num_timesteps': 2, 'dropout': 0.10728629201222846, 'train_learning_rate': 0.003141101403225939, 'train_lr_reduce': 0.6}. Best is trial 81 with value: 0.08691484481096268.
[I 2024-12-15 22:04:32,276] Trial 121 finished with value: 0.1313294917345047 and parameters: {'mlp_n_layers': 4, 'mlp_dim_00': 240, 'mlp_dim_01': 144, 'mlp_dim_02': 144, 'mlp_dim_03': 176, 'hidden_channels': 48, 'num_layers': 1, 'num_timesteps': 3, 'dropout': 0.17117491047002356, 'train_learning_rate': 0.005883609157567484, 'train_lr_reduce': 0.6}. Best is trial 81 with value: 0.08691484481096268.
[I 2024-12-15 22:04:35,279] Trial 119 finished with value: 0.15340816974639893 and parameters: {'mlp_n_layers': 3, 'mlp_dim_00': 160, 'mlp_dim_01': 176, 'mlp_dim_02': 208, 'hidden_channels': 96, 'num_layers': 3, 'num_timesteps': 2, 'dropout': 0.28493124245869206, 'train_learning_rate': 0.008491695740679438, 'train_lr_reduce': 0.6}. Best is trial 81 with value: 0.08691484481096268.
[I 2024-12-15 22:04:42,357] Trial 123 finished with value: 0.11929257214069366 and parameters: {'mlp_n_layers': 4, 'mlp_dim_00': 256, 'mlp_dim_01': 208, 'mlp_dim_02': 160, 'mlp_dim_03': 128, 'hidden_channels': 48, 'num_layers': 1, 'num_timesteps': 3, 'dropout': 0.23433067968675125, 'train_learning_rate': 0.004006207737286121, 'train_lr_reduce': 0.6}. Best is trial 81 with value: 0.08691484481096268.
[I 2024-12-15 22:04:47,008] Trial 124 finished with value: 0.11409793794155121 and parameters: {'mlp_n_layers': 4, 'mlp_dim_00': 176, 'mlp_dim_01': 192, 'mlp_dim_02': 144, 'mlp_dim_03': 192, 'hidden_channels': 32, 'num_layers': 1, 'num_timesteps': 2, 'dropout': 0.1864072919700357, 'train_learning_rate': 0.004493924292537131, 'train_lr_reduce': 0.6}. Best is trial 81 with value: 0.08691484481096268.
[I 2024-12-15 22:04:52,165] Trial 122 finished with value: 0.10773825645446777 and parameters: {'mlp_n_layers': 2, 'mlp_dim_00': 176, 'mlp_dim_01': 32, 'hidden_channels': 144, 'num_layers': 3, 'num_timesteps': 4, 'dropout': 0.27412176803607174, 'train_learning_rate': 0.004005029970643493, 'train_lr_reduce': 0.6}. Best is trial 81 with value: 0.08691484481096268.
[I 2024-12-15 22:04:58,617] Trial 125 finished with value: 0.1219208836555481 and parameters: {'mlp_n_layers': 4, 'mlp_dim_00': 256, 'mlp_dim_01': 112, 'mlp_dim_02': 192, 'mlp_dim_03': 144, 'hidden_channels': 32, 'num_layers': 1, 'num_timesteps': 2, 'dropout': 0.23487848803064898, 'train_learning_rate': 0.005205632088766993, 'train_lr_reduce': 0.6}. Best is trial 81 with value: 0.08691484481096268.
[I 2024-12-15 22:05:03,349] Trial 126 finished with value: 0.10798873007297516 and parameters: {'mlp_n_layers': 2, 'mlp_dim_00': 128, 'mlp_dim_01': 176, 'hidden_channels': 32, 'num_layers': 4, 'num_timesteps': 4, 'dropout': 0.2468791549938082, 'train_learning_rate': 0.008720669242422315, 'train_lr_reduce': 0.6}. Best is trial 81 with value: 0.08691484481096268.
[I 2024-12-15 22:05:09,362] Trial 128 finished with value: 0.09816067665815353 and parameters: {'mlp_n_layers': 2, 'mlp_dim_00': 240, 'mlp_dim_01': 32, 'hidden_channels': 96, 'num_layers': 2, 'num_timesteps': 3, 'dropout': 0.25361321914203355, 'train_learning_rate': 0.00926223452828001, 'train_lr_reduce': 0.6}. Best is trial 81 with value: 0.08691484481096268.
[I 2024-12-15 22:05:13,496] Trial 127 finished with value: 0.13709093630313873 and parameters: {'mlp_n_layers': 2, 'mlp_dim_00': 176, 'mlp_dim_01': 32, 'hidden_channels': 64, 'num_layers': 2, 'num_timesteps': 2, 'dropout': 0.1399957764061303, 'train_learning_rate': 0.0011735597900052622, 'train_lr_reduce': 0.6}. Best is trial 81 with value: 0.08691484481096268.
[I 2024-12-15 22:05:18,399] Trial 131 finished with value: 0.6742844581604004 and parameters: {'mlp_n_layers': 4, 'mlp_dim_00': 224, 'mlp_dim_01': 112, 'mlp_dim_02': 160, 'mlp_dim_03': 128, 'hidden_channels': 48, 'num_layers': 1, 'num_timesteps': 1, 'dropout': 0.03355164409689029, 'train_learning_rate': 0.007380700395617533, 'train_lr_reduce': 0.6}. Best is trial 81 with value: 0.08691484481096268.
[I 2024-12-15 22:05:26,803] Trial 129 finished with value: 0.3463684320449829 and parameters: {'mlp_n_layers': 4, 'mlp_dim_00': 160, 'mlp_dim_01': 96, 'mlp_dim_02': 128, 'mlp_dim_03': 208, 'hidden_channels': 48, 'num_layers': 1, 'num_timesteps': 1, 'dropout': 0.24406743953198262, 'train_learning_rate': 0.0001008866152733168, 'train_lr_reduce': 0.6}. Best is trial 81 with value: 0.08691484481096268.
[I 2024-12-15 22:05:27,360] Trial 130 finished with value: 0.0812772810459137 and parameters: {'mlp_n_layers': 2, 'mlp_dim_00': 240, 'mlp_dim_01': 48, 'hidden_channels': 96, 'num_layers': 3, 'num_timesteps': 3, 'dropout': 0.29908799539164604, 'train_learning_rate': 0.009380407768679879, 'train_lr_reduce': 0.6}. Best is trial 130 with value: 0.0812772810459137.
[I 2024-12-15 22:05:36,041] Trial 132 finished with value: 0.1363099068403244 and parameters: {'mlp_n_layers': 2, 'mlp_dim_00': 256, 'mlp_dim_01': 32, 'hidden_channels': 144, 'num_layers': 3, 'num_timesteps': 2, 'dropout': 0.19565603567320858, 'train_learning_rate': 0.0078294031235973, 'train_lr_reduce': 0.6}. Best is trial 130 with value: 0.0812772810459137.
[I 2024-12-15 22:05:41,645] Trial 133 finished with value: 0.11015331000089645 and parameters: {'mlp_n_layers': 2, 'mlp_dim_00': 224, 'mlp_dim_01': 32, 'hidden_channels': 112, 'num_layers': 1, 'num_timesteps': 2, 'dropout': 0.2610204748933999, 'train_learning_rate': 0.003539463485388467, 'train_lr_reduce': 0.6}. Best is trial 130 with value: 0.0812772810459137.
[I 2024-12-15 22:05:46,094] Trial 134 finished with value: 0.10766340792179108 and parameters: {'mlp_n_layers': 2, 'mlp_dim_00': 240, 'mlp_dim_01': 32, 'hidden_channels': 128, 'num_layers': 2, 'num_timesteps': 3, 'dropout': 0.26556251377818924, 'train_learning_rate': 0.007222719069060898, 'train_lr_reduce': 0.6}. Best is trial 130 with value: 0.0812772810459137.
[I 2024-12-15 22:05:49,331] Trial 135 finished with value: 0.16963453590869904 and parameters: {'mlp_n_layers': 2, 'mlp_dim_00': 192, 'mlp_dim_01': 48, 'hidden_channels': 96, 'num_layers': 3, 'num_timesteps': 3, 'dropout': 0.23314450373609988, 'train_learning_rate': 0.006614116816444437, 'train_lr_reduce': 0.6}. Best is trial 130 with value: 0.0812772810459137.
[I 2024-12-15 22:05:51,862] Trial 136 finished with value: 0.1463089883327484 and parameters: {'mlp_n_layers': 2, 'mlp_dim_00': 192, 'mlp_dim_01': 32, 'hidden_channels': 48, 'num_layers': 2, 'num_timesteps': 2, 'dropout': 0.29240983919806585, 'train_learning_rate': 0.009434768039341353, 'train_lr_reduce': 0.6}. Best is trial 130 with value: 0.0812772810459137.
[I 2024-12-15 22:06:01,350] Trial 137 finished with value: 0.1186341717839241 and parameters: {'mlp_n_layers': 2, 'mlp_dim_00': 256, 'mlp_dim_01': 32, 'hidden_channels': 64, 'num_layers': 4, 'num_timesteps': 3, 'dropout': 0.29498567006097803, 'train_learning_rate': 0.004047028302175929, 'train_lr_reduce': 0.6}. Best is trial 130 with value: 0.0812772810459137.
[I 2024-12-15 22:06:01,553] Trial 138 finished with value: 0.10978639870882034 and parameters: {'mlp_n_layers': 4, 'mlp_dim_00': 256, 'mlp_dim_01': 160, 'mlp_dim_02': 224, 'mlp_dim_03': 192, 'hidden_channels': 64, 'num_layers': 1, 'num_timesteps': 2, 'dropout': 0.16291587480498476, 'train_learning_rate': 0.0011842048206061088, 'train_lr_reduce': 0.6}. Best is trial 130 with value: 0.0812772810459137.
[I 2024-12-15 22:06:06,487] Trial 139 finished with value: 0.12432372570037842 and parameters: {'mlp_n_layers': 4, 'mlp_dim_00': 224, 'mlp_dim_01': 192, 'mlp_dim_02': 128, 'mlp_dim_03': 256, 'hidden_channels': 80, 'num_layers': 2, 'num_timesteps': 2, 'dropout': 0.23616268713842317, 'train_learning_rate': 0.008234024866881504, 'train_lr_reduce': 0.6}. Best is trial 130 with value: 0.0812772810459137.
[I 2024-12-15 22:06:18,990] Trial 141 finished with value: 0.1329883635044098 and parameters: {'mlp_n_layers': 3, 'mlp_dim_00': 240, 'mlp_dim_01': 64, 'mlp_dim_02': 112, 'hidden_channels': 80, 'num_layers': 3, 'num_timesteps': 3, 'dropout': 0.2819748175119608, 'train_learning_rate': 0.0061972753913497386, 'train_lr_reduce': 0.6}. Best is trial 130 with value: 0.0812772810459137.
[I 2024-12-15 22:06:26,866] Trial 142 finished with value: 0.11903104186058044 and parameters: {'mlp_n_layers': 2, 'mlp_dim_00': 224, 'mlp_dim_01': 80, 'hidden_channels': 112, 'num_layers': 3, 'num_timesteps': 3, 'dropout': 0.2987476044615355, 'train_learning_rate': 0.004697453661891282, 'train_lr_reduce': 0.6}. Best is trial 130 with value: 0.0812772810459137.
[I 2024-12-15 22:06:30,308] Trial 140 finished with value: 0.10625892132520676 and parameters: {'mlp_n_layers': 3, 'mlp_dim_00': 176, 'mlp_dim_01': 208, 'mlp_dim_02': 176, 'hidden_channels': 224, 'num_layers': 4, 'num_timesteps': 3, 'dropout': 0.04023752526734396, 'train_learning_rate': 0.005940600400056513, 'train_lr_reduce': 0.6}. Best is trial 130 with value: 0.0812772810459137.
[I 2024-12-15 22:06:36,560] Trial 143 finished with value: 0.12629196047782898 and parameters: {'mlp_n_layers': 3, 'mlp_dim_00': 224, 'mlp_dim_01': 176, 'mlp_dim_02': 224, 'hidden_channels': 96, 'num_layers': 1, 'num_timesteps': 2, 'dropout': 0.16541609875559504, 'train_learning_rate': 0.0065778635622893355, 'train_lr_reduce': 0.6}. Best is trial 130 with value: 0.0812772810459137.
[I 2024-12-15 22:06:43,555] Trial 144 finished with value: 0.09831124544143677 and parameters: {'mlp_n_layers': 3, 'mlp_dim_00': 224, 'mlp_dim_01': 240, 'mlp_dim_02': 176, 'hidden_channels': 48, 'num_layers': 1, 'num_timesteps': 2, 'dropout': 0.18885175316214475, 'train_learning_rate': 0.004497772218193391, 'train_lr_reduce': 0.6}. Best is trial 130 with value: 0.0812772810459137.
[I 2024-12-15 22:06:47,042] Trial 145 finished with value: 0.12245594710111618 and parameters: {'mlp_n_layers': 2, 'mlp_dim_00': 256, 'mlp_dim_01': 32, 'hidden_channels': 96, 'num_layers': 3, 'num_timesteps': 3, 'dropout': 0.2777308315809338, 'train_learning_rate': 0.007399692387037357, 'train_lr_reduce': 0.6}. Best is trial 130 with value: 0.0812772810459137.
[I 2024-12-15 22:06:49,536] Trial 146 finished with value: 0.09505841881036758 and parameters: {'mlp_n_layers': 2, 'mlp_dim_00': 208, 'mlp_dim_01': 48, 'hidden_channels': 32, 'num_layers': 2, 'num_timesteps': 4, 'dropout': 0.26912327409776465, 'train_learning_rate': 0.00433657556170835, 'train_lr_reduce': 0.6}. Best is trial 130 with value: 0.0812772810459137.
[I 2024-12-15 22:06:54,787] Trial 147 finished with value: 0.09012509137392044 and parameters: {'mlp_n_layers': 2, 'mlp_dim_00': 224, 'mlp_dim_01': 256, 'hidden_channels': 128, 'num_layers': 1, 'num_timesteps': 2, 'dropout': 0.20250282026007496, 'train_learning_rate': 0.007152230718596893, 'train_lr_reduce': 0.6}. Best is trial 130 with value: 0.0812772810459137.
[I 2024-12-15 22:07:05,622] Trial 150 finished with value: 0.10628015547990799 and parameters: {'mlp_n_layers': 2, 'mlp_dim_00': 240, 'mlp_dim_01': 48, 'hidden_channels': 96, 'num_layers': 1, 'num_timesteps': 4, 'dropout': 0.15697753679331994, 'train_learning_rate': 0.004989359850736695, 'train_lr_reduce': 0.6}. Best is trial 130 with value: 0.0812772810459137.
[I 2024-12-15 22:07:07,601] Trial 149 finished with value: 0.10289300233125687 and parameters: {'mlp_n_layers': 2, 'mlp_dim_00': 208, 'mlp_dim_01': 48, 'hidden_channels': 32, 'num_layers': 2, 'num_timesteps': 4, 'dropout': 0.25115123514219423, 'train_learning_rate': 0.003064881653278848, 'train_lr_reduce': 0.6}. Best is trial 130 with value: 0.0812772810459137.
[I 2024-12-15 22:07:17,470] Trial 148 finished with value: 0.1407768577337265 and parameters: {'mlp_n_layers': 2, 'mlp_dim_00': 240, 'mlp_dim_01': 224, 'hidden_channels': 208, 'num_layers': 3, 'num_timesteps': 4, 'dropout': 0.26219528959059435, 'train_learning_rate': 0.00016867368578999152, 'train_lr_reduce': 0.6}. Best is trial 130 with value: 0.0812772810459137.
[I 2024-12-15 22:07:19,820] Trial 152 finished with value: 0.11316300928592682 and parameters: {'mlp_n_layers': 2, 'mlp_dim_00': 240, 'mlp_dim_01': 224, 'hidden_channels': 176, 'num_layers': 1, 'num_timesteps': 2, 'dropout': 0.15982568779444167, 'train_learning_rate': 0.0023885838609248315, 'train_lr_reduce': 0.6}. Best is trial 130 with value: 0.0812772810459137.
[I 2024-12-15 22:07:22,612] Trial 151 finished with value: 0.10174210369586945 and parameters: {'mlp_n_layers': 3, 'mlp_dim_00': 256, 'mlp_dim_01': 240, 'mlp_dim_02': 128, 'hidden_channels': 48, 'num_layers': 1, 'num_timesteps': 2, 'dropout': 0.17042271379492394, 'train_learning_rate': 0.004442439192990704, 'train_lr_reduce': 0.6}. Best is trial 130 with value: 0.0812772810459137.
[I 2024-12-15 22:07:27,406] Trial 153 finished with value: 0.17835737764835358 and parameters: {'mlp_n_layers': 3, 'mlp_dim_00': 192, 'mlp_dim_01': 240, 'mlp_dim_02': 176, 'hidden_channels': 176, 'num_layers': 1, 'num_timesteps': 1, 'dropout': 0.18913489092925861, 'train_learning_rate': 0.007359829689151129, 'train_lr_reduce': 0.6}. Best is trial 130 with value: 0.0812772810459137.
[I 2024-12-15 22:07:28,224] Trial 154 finished with value: 0.10795015096664429 and parameters: {'mlp_n_layers': 2, 'mlp_dim_00': 240, 'mlp_dim_01': 256, 'hidden_channels': 112, 'num_layers': 1, 'num_timesteps': 2, 'dropout': 0.1574768717948504, 'train_learning_rate': 0.004114995002128548, 'train_lr_reduce': 0.6}. Best is trial 130 with value: 0.0812772810459137.
[I 2024-12-15 22:07:38,036] Trial 156 finished with value: 0.13301002979278564 and parameters: {'mlp_n_layers': 2, 'mlp_dim_00': 64, 'mlp_dim_01': 256, 'hidden_channels': 64, 'num_layers': 1, 'num_timesteps': 4, 'dropout': 0.08040610933119764, 'train_learning_rate': 0.00700120851787918, 'train_lr_reduce': 0.6}. Best is trial 130 with value: 0.0812772810459137.
[I 2024-12-15 22:07:44,818] Trial 155 finished with value: 0.13852272927761078 and parameters: {'mlp_n_layers': 3, 'mlp_dim_00': 192, 'mlp_dim_01': 48, 'mlp_dim_02': 176, 'hidden_channels': 64, 'num_layers': 2, 'num_timesteps': 4, 'dropout': 0.2682232366301908, 'train_learning_rate': 0.009202081897210978, 'train_lr_reduce': 0.6}. Best is trial 130 with value: 0.0812772810459137.
[I 2024-12-15 22:07:45,599] Trial 157 finished with value: 0.11902956664562225 and parameters: {'mlp_n_layers': 3, 'mlp_dim_00': 208, 'mlp_dim_01': 192, 'mlp_dim_02': 176, 'hidden_channels': 32, 'num_layers': 2, 'num_timesteps': 4, 'dropout': 0.17000090659701772, 'train_learning_rate': 0.0016020961136381515, 'train_lr_reduce': 0.6}. Best is trial 130 with value: 0.0812772810459137.
[I 2024-12-15 22:07:54,728] Trial 158 finished with value: 0.10402427613735199 and parameters: {'mlp_n_layers': 2, 'mlp_dim_00': 256, 'mlp_dim_01': 64, 'hidden_channels': 48, 'num_layers': 2, 'num_timesteps': 3, 'dropout': 0.29014946349752835, 'train_learning_rate': 0.00437060112651003, 'train_lr_reduce': 0.6}. Best is trial 130 with value: 0.0812772810459137.
[I 2024-12-15 22:07:57,518] Trial 160 finished with value: 0.10997039079666138 and parameters: {'mlp_n_layers': 2, 'mlp_dim_00': 224, 'mlp_dim_01': 256, 'hidden_channels': 160, 'num_layers': 2, 'num_timesteps': 2, 'dropout': 0.21384690784601532, 'train_learning_rate': 0.004111429912169394, 'train_lr_reduce': 0.6}. Best is trial 130 with value: 0.0812772810459137.
[I 2024-12-15 22:07:58,063] Trial 159 finished with value: 0.10728741437196732 and parameters: {'mlp_n_layers': 2, 'mlp_dim_00': 208, 'mlp_dim_01': 256, 'hidden_channels': 96, 'num_layers': 1, 'num_timesteps': 2, 'dropout': 0.2293254310458997, 'train_learning_rate': 0.007271779007110462, 'train_lr_reduce': 0.6}. Best is trial 130 with value: 0.0812772810459137.
[I 2024-12-15 22:08:12,901] Trial 163 finished with value: 0.11061384528875351 and parameters: {'mlp_n_layers': 3, 'mlp_dim_00': 112, 'mlp_dim_01': 176, 'mlp_dim_02': 160, 'hidden_channels': 128, 'num_layers': 1, 'num_timesteps': 4, 'dropout': 0.11779473482104182, 'train_learning_rate': 0.009117157236750384, 'train_lr_reduce': 0.6}. Best is trial 130 with value: 0.0812772810459137.
[I 2024-12-15 22:08:20,236] Trial 161 finished with value: 0.12936657667160034 and parameters: {'mlp_n_layers': 2, 'mlp_dim_00': 208, 'mlp_dim_01': 48, 'hidden_channels': 96, 'num_layers': 4, 'num_timesteps': 2, 'dropout': 0.10775164817474257, 'train_learning_rate': 0.0004929119282370696, 'train_lr_reduce': 0.6}. Best is trial 130 with value: 0.0812772810459137.
[I 2024-12-15 22:08:21,333] Trial 162 finished with value: 0.12969011068344116 and parameters: {'mlp_n_layers': 2, 'mlp_dim_00': 160, 'mlp_dim_01': 64, 'hidden_channels': 32, 'num_layers': 3, 'num_timesteps': 2, 'dropout': 0.1298155637159269, 'train_learning_rate': 0.000700361083640186, 'train_lr_reduce': 0.6}. Best is trial 130 with value: 0.0812772810459137.
[I 2024-12-15 22:08:33,090] Trial 165 finished with value: 0.11389527469873428 and parameters: {'mlp_n_layers': 2, 'mlp_dim_00': 80, 'mlp_dim_01': 176, 'hidden_channels': 32, 'num_layers': 2, 'num_timesteps': 3, 'dropout': 0.11182285692125583, 'train_learning_rate': 0.002520979134426745, 'train_lr_reduce': 0.6}. Best is trial 130 with value: 0.0812772810459137.
[I 2024-12-15 22:08:36,690] Trial 166 finished with value: 0.11017998307943344 and parameters: {'mlp_n_layers': 2, 'mlp_dim_00': 96, 'mlp_dim_01': 208, 'hidden_channels': 80, 'num_layers': 2, 'num_timesteps': 4, 'dropout': 0.1738351361870407, 'train_learning_rate': 0.008990812657591584, 'train_lr_reduce': 0.6}. Best is trial 130 with value: 0.0812772810459137.
[I 2024-12-15 22:08:37,668] Trial 164 finished with value: 0.13103225827217102 and parameters: {'mlp_n_layers': 2, 'mlp_dim_00': 48, 'mlp_dim_01': 64, 'hidden_channels': 208, 'num_layers': 1, 'num_timesteps': 4, 'dropout': 0.07826020021708861, 'train_learning_rate': 0.00025865672257867816, 'train_lr_reduce': 0.6}. Best is trial 130 with value: 0.0812772810459137.
[I 2024-12-15 22:08:41,677] Trial 167 finished with value: 0.10963977128267288 and parameters: {'mlp_n_layers': 4, 'mlp_dim_00': 256, 'mlp_dim_01': 176, 'mlp_dim_02': 192, 'mlp_dim_03': 160, 'hidden_channels': 48, 'num_layers': 1, 'num_timesteps': 2, 'dropout': 0.18718758371504274, 'train_learning_rate': 0.0033605454109622724, 'train_lr_reduce': 0.6}. Best is trial 130 with value: 0.0812772810459137.
[I 2024-12-15 22:08:47,602] Trial 168 finished with value: 0.11168412119150162 and parameters: {'mlp_n_layers': 2, 'mlp_dim_00': 208, 'mlp_dim_01': 192, 'hidden_channels': 32, 'num_layers': 1, 'num_timesteps': 4, 'dropout': 0.12955590522899185, 'train_learning_rate': 0.003372149260684652, 'train_lr_reduce': 0.6}. Best is trial 130 with value: 0.0812772810459137.
[I 2024-12-15 22:08:52,422] Trial 170 finished with value: 0.11596296727657318 and parameters: {'mlp_n_layers': 3, 'mlp_dim_00': 160, 'mlp_dim_01': 256, 'mlp_dim_02': 128, 'hidden_channels': 80, 'num_layers': 1, 'num_timesteps': 2, 'dropout': 0.24693828967387454, 'train_learning_rate': 0.0022311490778998146, 'train_lr_reduce': 0.6}. Best is trial 130 with value: 0.0812772810459137.
[I 2024-12-15 22:08:53,298] Trial 169 finished with value: 0.11041554808616638 and parameters: {'mlp_n_layers': 2, 'mlp_dim_00': 144, 'mlp_dim_01': 48, 'hidden_channels': 32, 'num_layers': 3, 'num_timesteps': 4, 'dropout': 0.2566827178253675, 'train_learning_rate': 0.003283615253957079, 'train_lr_reduce': 0.6}. Best is trial 130 with value: 0.0812772810459137.
[I 2024-12-15 22:08:57,734] Trial 171 finished with value: 0.1012619286775589 and parameters: {'mlp_n_layers': 2, 'mlp_dim_00': 256, 'mlp_dim_01': 32, 'hidden_channels': 80, 'num_layers': 2, 'num_timesteps': 3, 'dropout': 0.23773228064007107, 'train_learning_rate': 0.004538427387334166, 'train_lr_reduce': 0.6}. Best is trial 130 with value: 0.0812772810459137.
[I 2024-12-15 22:09:02,314] Trial 172 finished with value: 0.11003296822309494 and parameters: {'mlp_n_layers': 3, 'mlp_dim_00': 192, 'mlp_dim_01': 208, 'mlp_dim_02': 160, 'hidden_channels': 48, 'num_layers': 2, 'num_timesteps': 2, 'dropout': 0.191187147853402, 'train_learning_rate': 0.0049292811730471285, 'train_lr_reduce': 0.6}. Best is trial 130 with value: 0.0812772810459137.
[I 2024-12-15 22:09:04,676] Trial 173 finished with value: 0.13508495688438416 and parameters: {'mlp_n_layers': 2, 'mlp_dim_00': 64, 'mlp_dim_01': 224, 'hidden_channels': 48, 'num_layers': 3, 'num_timesteps': 4, 'dropout': 0.10394009708053994, 'train_learning_rate': 0.008413562840654793, 'train_lr_reduce': 0.6}. Best is trial 130 with value: 0.0812772810459137.
[I 2024-12-15 22:09:11,045] Trial 174 finished with value: 0.09255938231945038 and parameters: {'mlp_n_layers': 3, 'mlp_dim_00': 192, 'mlp_dim_01': 192, 'mlp_dim_02': 208, 'hidden_channels': 112, 'num_layers': 1, 'num_timesteps': 2, 'dropout': 0.2742843926033284, 'train_learning_rate': 0.0053133494570282835, 'train_lr_reduce': 0.6}. Best is trial 130 with value: 0.0812772810459137.
