[I 2024-12-26 13:18:13,963] Trial 1791 finished with value: 0.012244331650435925 and parameters: {'L1_hidden_dim': 128, 'L1_layers_atom': 3, 'L1_layers_mol': 4, 'L1_dropout': 0.05090514355091756, 'L1_out_dim': 112, 'L2_hidden_dim': 208, 'L2_layers_atom': 1, 'L2_layers_mol': 4, 'L2_out_dim': 80, 'L2_dropout': 3.950244625105376e-05, 'L3_hidden_dim': 48, 'L3_layers_atom': 4, 'L3_layers_mol': 2, 'L3_out_dim': 112, 'L3_dropout': 0.1840223646991349, 'n_mlp_layers': 3, 'mlp_dim_0': 32, 'mlp_dim_1': 280, 'mlp_dim_2': 472, 'num_heads': 2, 'final_dropout': 0.12979165240550694, 'train_learning_rate': 0.00018036662353895696, 'train_lr_reduce': 0.6}. Best is trial 1073 with value: 0.009419886395335197.
[I 2024-12-26 13:18:24,139] Trial 1793 finished with value: 0.014859945513308048 and parameters: {'L1_hidden_dim': 160, 'L1_layers_atom': 2, 'L1_layers_mol': 1, 'L1_dropout': 0.013430473105593387, 'L1_out_dim': 128, 'L2_hidden_dim': 192, 'L2_layers_atom': 2, 'L2_layers_mol': 4, 'L2_out_dim': 64, 'L2_dropout': 0.019730721294964594, 'L3_hidden_dim': 64, 'L3_layers_atom': 2, 'L3_layers_mol': 1, 'L3_out_dim': 64, 'L3_dropout': 0.07051019803613018, 'n_mlp_layers': 2, 'mlp_dim_0': 200, 'mlp_dim_1': 232, 'num_heads': 2, 'final_dropout': 0.06909537656157615, 'train_learning_rate': 0.002049074961557116, 'train_lr_reduce': 0.6}. Best is trial 1073 with value: 0.009419886395335197.
[I 2024-12-26 13:19:25,703] Trial 1794 finished with value: 0.010880537331104279 and parameters: {'L1_hidden_dim': 160, 'L1_layers_atom': 1, 'L1_layers_mol': 1, 'L1_dropout': 0.12533598669120158, 'L1_out_dim': 64, 'L2_hidden_dim': 144, 'L2_layers_atom': 1, 'L2_layers_mol': 2, 'L2_out_dim': 112, 'L2_dropout': 0.013497970942100007, 'L3_hidden_dim': 96, 'L3_layers_atom': 4, 'L3_layers_mol': 1, 'L3_out_dim': 112, 'L3_dropout': 0.06481333955971823, 'n_mlp_layers': 2, 'mlp_dim_0': 336, 'mlp_dim_1': 168, 'num_heads': 2, 'final_dropout': 0.04918647922534618, 'train_learning_rate': 0.00045564716578332223, 'train_lr_reduce': 0.6}. Best is trial 1073 with value: 0.009419886395335197.
[I 2024-12-26 13:20:49,742] Trial 1796 finished with value: 0.012788726016879082 and parameters: {'L1_hidden_dim': 160, 'L1_layers_atom': 3, 'L1_layers_mol': 1, 'L1_dropout': 0.03659131932520941, 'L1_out_dim': 64, 'L2_hidden_dim': 144, 'L2_layers_atom': 1, 'L2_layers_mol': 1, 'L2_out_dim': 112, 'L2_dropout': 0.037931818135925006, 'L3_hidden_dim': 64, 'L3_layers_atom': 3, 'L3_layers_mol': 3, 'L3_out_dim': 112, 'L3_dropout': 0.06921458015628507, 'n_mlp_layers': 3, 'mlp_dim_0': 320, 'mlp_dim_1': 328, 'mlp_dim_2': 472, 'num_heads': 1, 'final_dropout': 0.24816717202114244, 'train_learning_rate': 0.001545064915971722, 'train_lr_reduce': 0.6}. Best is trial 1073 with value: 0.009419886395335197.
[I 2024-12-26 13:21:54,375] Trial 1797 finished with value: 0.011337392032146454 and parameters: {'L1_hidden_dim': 224, 'L1_layers_atom': 4, 'L1_layers_mol': 4, 'L1_dropout': 0.016119963881462807, 'L1_out_dim': 48, 'L2_hidden_dim': 224, 'L2_layers_atom': 4, 'L2_layers_mol': 1, 'L2_out_dim': 96, 'L2_dropout': 0.2650522468213904, 'L3_hidden_dim': 96, 'L3_layers_atom': 2, 'L3_layers_mol': 2, 'L3_out_dim': 128, 'L3_dropout': 0.19941778901446514, 'n_mlp_layers': 2, 'mlp_dim_0': 296, 'mlp_dim_1': 240, 'num_heads': 2, 'final_dropout': 0.18034008948398458, 'train_learning_rate': 0.0003822403049485052, 'train_lr_reduce': 0.6}. Best is trial 1073 with value: 0.009419886395335197.
[I 2024-12-26 13:23:06,972] Trial 1798 finished with value: 0.017685744911432266 and parameters: {'L1_hidden_dim': 256, 'L1_layers_atom': 1, 'L1_layers_mol': 1, 'L1_dropout': 0.026649405205484186, 'L1_out_dim': 128, 'L2_hidden_dim': 224, 'L2_layers_atom': 1, 'L2_layers_mol': 2, 'L2_out_dim': 32, 'L2_dropout': 0.0032252230535272375, 'L3_hidden_dim': 48, 'L3_layers_atom': 4, 'L3_layers_mol': 1, 'L3_out_dim': 96, 'L3_dropout': 0.10080511866590895, 'n_mlp_layers': 1, 'mlp_dim_0': 120, 'num_heads': 1, 'final_dropout': 0.15073858198593032, 'train_learning_rate': 0.006116980822705748, 'train_lr_reduce': 0.6}. Best is trial 1073 with value: 0.009419886395335197.
[I 2024-12-26 13:24:04,391] Trial 1799 finished with value: 0.011821053922176361 and parameters: {'L1_hidden_dim': 144, 'L1_layers_atom': 3, 'L1_layers_mol': 4, 'L1_dropout': 0.04370452807160527, 'L1_out_dim': 32, 'L2_hidden_dim': 176, 'L2_layers_atom': 1, 'L2_layers_mol': 3, 'L2_out_dim': 96, 'L2_dropout': 0.047553340788762, 'L3_hidden_dim': 96, 'L3_layers_atom': 4, 'L3_layers_mol': 1, 'L3_out_dim': 96, 'L3_dropout': 0.15686484501568249, 'n_mlp_layers': 3, 'mlp_dim_0': 336, 'mlp_dim_1': 328, 'mlp_dim_2': 432, 'num_heads': 1, 'final_dropout': 0.13157701887041545, 'train_learning_rate': 0.0008577784987351159, 'train_lr_reduce': 0.6}. Best is trial 1073 with value: 0.009419886395335197.
[I 2024-12-26 13:24:07,981] Trial 1795 finished with value: 0.019775014370679855 and parameters: {'L1_hidden_dim': 96, 'L1_layers_atom': 4, 'L1_layers_mol': 2, 'L1_dropout': 0.008834726024856507, 'L1_out_dim': 80, 'L2_hidden_dim': 208, 'L2_layers_atom': 1, 'L2_layers_mol': 4, 'L2_out_dim': 80, 'L2_dropout': 0.03264296482453255, 'L3_hidden_dim': 80, 'L3_layers_atom': 3, 'L3_layers_mol': 1, 'L3_out_dim': 112, 'L3_dropout': 0.006320871278411709, 'n_mlp_layers': 3, 'mlp_dim_0': 424, 'mlp_dim_1': 280, 'mlp_dim_2': 384, 'num_heads': 2, 'final_dropout': 0.2092393273339191, 'train_learning_rate': 0.002890700227760922, 'train_lr_reduce': 0.6}. Best is trial 1073 with value: 0.009419886395335197.
[I 2024-12-26 13:25:19,575] Trial 1800 finished with value: 0.012733313255012035 and parameters: {'L1_hidden_dim': 144, 'L1_layers_atom': 1, 'L1_layers_mol': 2, 'L1_dropout': 0.09218184566010498, 'L1_out_dim': 64, 'L2_hidden_dim': 208, 'L2_layers_atom': 2, 'L2_layers_mol': 2, 'L2_out_dim': 128, 'L2_dropout': 0.007001809302876161, 'L3_hidden_dim': 128, 'L3_layers_atom': 4, 'L3_layers_mol': 1, 'L3_out_dim': 128, 'L3_dropout': 0.05934463210536199, 'n_mlp_layers': 3, 'mlp_dim_0': 424, 'mlp_dim_1': 280, 'mlp_dim_2': 472, 'num_heads': 2, 'final_dropout': 0.011536795316099576, 'train_learning_rate': 0.001309244362819513, 'train_lr_reduce': 0.6}. Best is trial 1073 with value: 0.009419886395335197.
[I 2024-12-26 13:26:41,567] Trial 1801 finished with value: 0.014578055590391159 and parameters: {'L1_hidden_dim': 224, 'L1_layers_atom': 3, 'L1_layers_mol': 4, 'L1_dropout': 0.01158129515174805, 'L1_out_dim': 96, 'L2_hidden_dim': 160, 'L2_layers_atom': 1, 'L2_layers_mol': 4, 'L2_out_dim': 112, 'L2_dropout': 0.07213463370720384, 'L3_hidden_dim': 96, 'L3_layers_atom': 1, 'L3_layers_mol': 1, 'L3_out_dim': 96, 'L3_dropout': 0.18914830237310942, 'n_mlp_layers': 3, 'mlp_dim_0': 200, 'mlp_dim_1': 216, 'mlp_dim_2': 408, 'num_heads': 1, 'final_dropout': 0.25895031683988023, 'train_learning_rate': 0.0002146527872693289, 'train_lr_reduce': 0.6}. Best is trial 1073 with value: 0.009419886395335197.
[I 2024-12-26 13:26:55,467] Trial 1802 finished with value: 0.010917175561189651 and parameters: {'L1_hidden_dim': 96, 'L1_layers_atom': 1, 'L1_layers_mol': 2, 'L1_dropout': 0.04394596297097807, 'L1_out_dim': 32, 'L2_hidden_dim': 144, 'L2_layers_atom': 1, 'L2_layers_mol': 1, 'L2_out_dim': 112, 'L2_dropout': 0.05992861059197481, 'L3_hidden_dim': 80, 'L3_layers_atom': 4, 'L3_layers_mol': 2, 'L3_out_dim': 64, 'L3_dropout': 0.04029148612864551, 'n_mlp_layers': 3, 'mlp_dim_0': 200, 'mlp_dim_1': 328, 'mlp_dim_2': 480, 'num_heads': 2, 'final_dropout': 0.033668841066392244, 'train_learning_rate': 0.0006003327416226269, 'train_lr_reduce': 0.6}. Best is trial 1073 with value: 0.009419886395335197.
[I 2024-12-26 13:27:47,665] Trial 1803 finished with value: 0.011044805869460106 and parameters: {'L1_hidden_dim': 192, 'L1_layers_atom': 4, 'L1_layers_mol': 3, 'L1_dropout': 0.07547040413002941, 'L1_out_dim': 32, 'L2_hidden_dim': 208, 'L2_layers_atom': 1, 'L2_layers_mol': 1, 'L2_out_dim': 128, 'L2_dropout': 0.0562216463255172, 'L3_hidden_dim': 96, 'L3_layers_atom': 4, 'L3_layers_mol': 1, 'L3_out_dim': 128, 'L3_dropout': 0.029226923802788303, 'n_mlp_layers': 3, 'mlp_dim_0': 432, 'mlp_dim_1': 160, 'mlp_dim_2': 512, 'num_heads': 2, 'final_dropout': 0.07762595089868984, 'train_learning_rate': 0.0002775152003866795, 'train_lr_reduce': 0.6}. Best is trial 1073 with value: 0.009419886395335197.
[I 2024-12-26 13:29:09,260] Trial 1804 finished with value: 0.010324071161448956 and parameters: {'L1_hidden_dim': 176, 'L1_layers_atom': 2, 'L1_layers_mol': 2, 'L1_dropout': 0.013818348834887207, 'L1_out_dim': 96, 'L2_hidden_dim': 176, 'L2_layers_atom': 1, 'L2_layers_mol': 4, 'L2_out_dim': 64, 'L2_dropout': 0.0575534357838255, 'L3_hidden_dim': 80, 'L3_layers_atom': 4, 'L3_layers_mol': 2, 'L3_out_dim': 80, 'L3_dropout': 0.023809294829946183, 'n_mlp_layers': 3, 'mlp_dim_0': 280, 'mlp_dim_1': 272, 'mlp_dim_2': 400, 'num_heads': 2, 'final_dropout': 0.0006302357780308687, 'train_learning_rate': 0.0002982342741557725, 'train_lr_reduce': 0.6}. Best is trial 1073 with value: 0.009419886395335197.
[I 2024-12-26 13:30:11,099] Trial 1805 finished with value: 0.013931166380643845 and parameters: {'L1_hidden_dim': 208, 'L1_layers_atom': 1, 'L1_layers_mol': 2, 'L1_dropout': 0.10325382860092298, 'L1_out_dim': 32, 'L2_hidden_dim': 112, 'L2_layers_atom': 1, 'L2_layers_mol': 1, 'L2_out_dim': 80, 'L2_dropout': 0.034512341897446085, 'L3_hidden_dim': 112, 'L3_layers_atom': 4, 'L3_layers_mol': 4, 'L3_out_dim': 64, 'L3_dropout': 0.18064637888776985, 'n_mlp_layers': 1, 'mlp_dim_0': 408, 'num_heads': 2, 'final_dropout': 0.2802650743473636, 'train_learning_rate': 0.00035715004806160193, 'train_lr_reduce': 0.6}. Best is trial 1073 with value: 0.009419886395335197.
[I 2024-12-26 13:30:30,376] Trial 1806 finished with value: 0.01240208838135004 and parameters: {'L1_hidden_dim': 128, 'L1_layers_atom': 3, 'L1_layers_mol': 4, 'L1_dropout': 0.06640818052589059, 'L1_out_dim': 64, 'L2_hidden_dim': 240, 'L2_layers_atom': 1, 'L2_layers_mol': 4, 'L2_out_dim': 32, 'L2_dropout': 0.09876291386909791, 'L3_hidden_dim': 32, 'L3_layers_atom': 3, 'L3_layers_mol': 1, 'L3_out_dim': 128, 'L3_dropout': 0.09893267965378082, 'n_mlp_layers': 3, 'mlp_dim_0': 176, 'mlp_dim_1': 320, 'mlp_dim_2': 440, 'num_heads': 2, 'final_dropout': 0.11593370159456004, 'train_learning_rate': 0.0004708948908397584, 'train_lr_reduce': 0.6}. Best is trial 1073 with value: 0.009419886395335197.
[I 2024-12-26 13:31:12,771] Trial 1807 finished with value: 0.06398710608482361 and parameters: {'L1_hidden_dim': 96, 'L1_layers_atom': 2, 'L1_layers_mol': 2, 'L1_dropout': 0.10259102207004087, 'L1_out_dim': 80, 'L2_hidden_dim': 64, 'L2_layers_atom': 4, 'L2_layers_mol': 2, 'L2_out_dim': 64, 'L2_dropout': 0.15209284641878754, 'L3_hidden_dim': 48, 'L3_layers_atom': 3, 'L3_layers_mol': 3, 'L3_out_dim': 96, 'L3_dropout': 0.199963358452178, 'n_mlp_layers': 3, 'mlp_dim_0': 440, 'mlp_dim_1': 256, 'mlp_dim_2': 472, 'num_heads': 1, 'final_dropout': 0.23045420286117405, 'train_learning_rate': 0.0006210039365542895, 'train_lr_reduce': 0.6}. Best is trial 1073 with value: 0.009419886395335197.
[I 2024-12-26 13:32:25,556] Trial 1809 finished with value: 0.013066297397017479 and parameters: {'L1_hidden_dim': 96, 'L1_layers_atom': 4, 'L1_layers_mol': 1, 'L1_dropout': 0.07299901746823445, 'L1_out_dim': 32, 'L2_hidden_dim': 224, 'L2_layers_atom': 1, 'L2_layers_mol': 1, 'L2_out_dim': 112, 'L2_dropout': 0.021808741541372637, 'L3_hidden_dim': 48, 'L3_layers_atom': 3, 'L3_layers_mol': 3, 'L3_out_dim': 128, 'L3_dropout': 0.030174930921296923, 'n_mlp_layers': 3, 'mlp_dim_0': 328, 'mlp_dim_1': 328, 'mlp_dim_2': 376, 'num_heads': 1, 'final_dropout': 0.16129635607919637, 'train_learning_rate': 0.0007489951496784132, 'train_lr_reduce': 0.6}. Best is trial 1073 with value: 0.009419886395335197.
[I 2024-12-26 13:32:53,597] Trial 1808 finished with value: 0.02374807745218277 and parameters: {'L1_hidden_dim': 112, 'L1_layers_atom': 4, 'L1_layers_mol': 1, 'L1_dropout': 0.22034557011330735, 'L1_out_dim': 128, 'L2_hidden_dim': 256, 'L2_layers_atom': 4, 'L2_layers_mol': 1, 'L2_out_dim': 48, 'L2_dropout': 0.0034792679682364436, 'L3_hidden_dim': 112, 'L3_layers_atom': 2, 'L3_layers_mol': 4, 'L3_out_dim': 64, 'L3_dropout': 0.03950500557872809, 'n_mlp_layers': 3, 'mlp_dim_0': 232, 'mlp_dim_1': 240, 'mlp_dim_2': 512, 'num_heads': 2, 'final_dropout': 0.06643255502967424, 'train_learning_rate': 0.005967003609060573, 'train_lr_reduce': 0.6}. Best is trial 1073 with value: 0.009419886395335197.
[I 2024-12-26 13:33:43,538] Trial 1810 finished with value: 0.013103230856359005 and parameters: {'L1_hidden_dim': 112, 'L1_layers_atom': 1, 'L1_layers_mol': 3, 'L1_dropout': 0.06255454423876516, 'L1_out_dim': 64, 'L2_hidden_dim': 160, 'L2_layers_atom': 2, 'L2_layers_mol': 4, 'L2_out_dim': 96, 'L2_dropout': 0.03409044967675008, 'L3_hidden_dim': 80, 'L3_layers_atom': 4, 'L3_layers_mol': 1, 'L3_out_dim': 128, 'L3_dropout': 0.10811097272915712, 'n_mlp_layers': 3, 'mlp_dim_0': 472, 'mlp_dim_1': 288, 'mlp_dim_2': 432, 'num_heads': 2, 'final_dropout': 0.06397462089839655, 'train_learning_rate': 0.0015090320623694564, 'train_lr_reduce': 0.6}. Best is trial 1073 with value: 0.009419886395335197.
[I 2024-12-26 13:34:46,302] Trial 1811 finished with value: 0.013962643221020699 and parameters: {'L1_hidden_dim': 176, 'L1_layers_atom': 2, 'L1_layers_mol': 1, 'L1_dropout': 0.03231128370119213, 'L1_out_dim': 112, 'L2_hidden_dim': 208, 'L2_layers_atom': 1, 'L2_layers_mol': 4, 'L2_out_dim': 64, 'L2_dropout': 0.07282202478442712, 'L3_hidden_dim': 64, 'L3_layers_atom': 4, 'L3_layers_mol': 1, 'L3_out_dim': 96, 'L3_dropout': 0.09740605937152855, 'n_mlp_layers': 2, 'mlp_dim_0': 168, 'mlp_dim_1': 192, 'num_heads': 2, 'final_dropout': 0.010842637336287916, 'train_learning_rate': 0.0009323475083826074, 'train_lr_reduce': 0.6}. Best is trial 1073 with value: 0.009419886395335197.
[I 2024-12-26 13:35:55,014] Trial 1812 finished with value: 0.010896132327616215 and parameters: {'L1_hidden_dim': 208, 'L1_layers_atom': 4, 'L1_layers_mol': 3, 'L1_dropout': 0.002512424242411306, 'L1_out_dim': 32, 'L2_hidden_dim': 208, 'L2_layers_atom': 2, 'L2_layers_mol': 2, 'L2_out_dim': 128, 'L2_dropout': 0.013486631901168247, 'L3_hidden_dim': 128, 'L3_layers_atom': 3, 'L3_layers_mol': 3, 'L3_out_dim': 112, 'L3_dropout': 0.290825545713863, 'n_mlp_layers': 3, 'mlp_dim_0': 448, 'mlp_dim_1': 272, 'mlp_dim_2': 440, 'num_heads': 1, 'final_dropout': 0.22476977470439147, 'train_learning_rate': 0.0002144493774134423, 'train_lr_reduce': 0.6}. Best is trial 1073 with value: 0.009419886395335197.
[I 2024-12-26 13:36:01,803] Trial 1813 finished with value: 0.027475781738758087 and parameters: {'L1_hidden_dim': 176, 'L1_layers_atom': 3, 'L1_layers_mol': 4, 'L1_dropout': 0.061884938841505206, 'L1_out_dim': 96, 'L2_hidden_dim': 208, 'L2_layers_atom': 1, 'L2_layers_mol': 4, 'L2_out_dim': 128, 'L2_dropout': 0.06134500143099976, 'L3_hidden_dim': 48, 'L3_layers_atom': 3, 'L3_layers_mol': 2, 'L3_out_dim': 128, 'L3_dropout': 0.0658769522923398, 'n_mlp_layers': 3, 'mlp_dim_0': 216, 'mlp_dim_1': 328, 'mlp_dim_2': 472, 'num_heads': 2, 'final_dropout': 0.2827251531939023, 'train_learning_rate': 0.0001285422801959858, 'train_lr_reduce': 0.6}. Best is trial 1073 with value: 0.009419886395335197.
[I 2024-12-26 13:37:30,521] Trial 1814 finished with value: 0.01015179231762886 and parameters: {'L1_hidden_dim': 96, 'L1_layers_atom': 4, 'L1_layers_mol': 1, 'L1_dropout': 0.07399504290314388, 'L1_out_dim': 64, 'L2_hidden_dim': 224, 'L2_layers_atom': 1, 'L2_layers_mol': 3, 'L2_out_dim': 128, 'L2_dropout': 0.013483892832722083, 'L3_hidden_dim': 96, 'L3_layers_atom': 4, 'L3_layers_mol': 1, 'L3_out_dim': 96, 'L3_dropout': 0.03564928513844626, 'n_mlp_layers': 3, 'mlp_dim_0': 480, 'mlp_dim_1': 224, 'mlp_dim_2': 384, 'num_heads': 2, 'final_dropout': 0.05391358771139014, 'train_learning_rate': 0.0004076701622796295, 'train_lr_reduce': 0.6}. Best is trial 1073 with value: 0.009419886395335197.
[I 2024-12-26 13:38:17,127] Trial 1816 finished with value: 0.011122040450572968 and parameters: {'L1_hidden_dim': 256, 'L1_layers_atom': 2, 'L1_layers_mol': 1, 'L1_dropout': 0.006274421685509566, 'L1_out_dim': 128, 'L2_hidden_dim': 192, 'L2_layers_atom': 1, 'L2_layers_mol': 4, 'L2_out_dim': 112, 'L2_dropout': 0.021249708438624525, 'L3_hidden_dim': 80, 'L3_layers_atom': 3, 'L3_layers_mol': 1, 'L3_out_dim': 80, 'L3_dropout': 0.11625906610832153, 'n_mlp_layers': 2, 'mlp_dim_0': 264, 'mlp_dim_1': 288, 'num_heads': 1, 'final_dropout': 0.09827768489023173, 'train_learning_rate': 0.00019600979787714266, 'train_lr_reduce': 0.6}. Best is trial 1073 with value: 0.009419886395335197.
[I 2024-12-26 13:38:46,808] Trial 1815 finished with value: 0.018152311444282532 and parameters: {'L1_hidden_dim': 224, 'L1_layers_atom': 1, 'L1_layers_mol': 2, 'L1_dropout': 0.07944138448673291, 'L1_out_dim': 32, 'L2_hidden_dim': 112, 'L2_layers_atom': 1, 'L2_layers_mol': 2, 'L2_out_dim': 48, 'L2_dropout': 0.03953785426387385, 'L3_hidden_dim': 112, 'L3_layers_atom': 4, 'L3_layers_mol': 4, 'L3_out_dim': 96, 'L3_dropout': 0.2990816574109685, 'n_mlp_layers': 1, 'mlp_dim_0': 512, 'num_heads': 1, 'final_dropout': 0.2848406637371008, 'train_learning_rate': 0.001424743357647277, 'train_lr_reduce': 0.6}. Best is trial 1073 with value: 0.009419886395335197.
[I 2024-12-26 13:39:49,902] Trial 1817 finished with value: 0.025856614112854004 and parameters: {'L1_hidden_dim': 128, 'L1_layers_atom': 3, 'L1_layers_mol': 2, 'L1_dropout': 0.013245631227473378, 'L1_out_dim': 96, 'L2_hidden_dim': 224, 'L2_layers_atom': 1, 'L2_layers_mol': 3, 'L2_out_dim': 128, 'L2_dropout': 0.1795018014972927, 'L3_hidden_dim': 112, 'L3_layers_atom': 3, 'L3_layers_mol': 1, 'L3_out_dim': 128, 'L3_dropout': 0.07561219315134667, 'n_mlp_layers': 3, 'mlp_dim_0': 416, 'mlp_dim_1': 160, 'mlp_dim_2': 472, 'num_heads': 2, 'final_dropout': 0.054753061565233345, 'train_learning_rate': 0.0035985365329279564, 'train_lr_reduce': 0.6}. Best is trial 1073 with value: 0.009419886395335197.
[I 2024-12-26 13:41:10,696] Trial 1819 finished with value: 0.012615710496902466 and parameters: {'L1_hidden_dim': 160, 'L1_layers_atom': 2, 'L1_layers_mol': 1, 'L1_dropout': 0.0028804550004207577, 'L1_out_dim': 112, 'L2_hidden_dim': 160, 'L2_layers_atom': 1, 'L2_layers_mol': 4, 'L2_out_dim': 80, 'L2_dropout': 0.022075146543504995, 'L3_hidden_dim': 80, 'L3_layers_atom': 3, 'L3_layers_mol': 1, 'L3_out_dim': 64, 'L3_dropout': 0.14120715747123297, 'n_mlp_layers': 3, 'mlp_dim_0': 328, 'mlp_dim_1': 328, 'mlp_dim_2': 416, 'num_heads': 2, 'final_dropout': 0.16656087117376067, 'train_learning_rate': 0.0021958765828101745, 'train_lr_reduce': 0.6}. Best is trial 1073 with value: 0.009419886395335197.
[I 2024-12-26 13:42:09,283] Trial 1818 finished with value: 0.01344666350632906 and parameters: {'L1_hidden_dim': 96, 'L1_layers_atom': 2, 'L1_layers_mol': 3, 'L1_dropout': 0.005162874795197522, 'L1_out_dim': 48, 'L2_hidden_dim': 144, 'L2_layers_atom': 1, 'L2_layers_mol': 4, 'L2_out_dim': 96, 'L2_dropout': 0.03628310309166747, 'L3_hidden_dim': 80, 'L3_layers_atom': 4, 'L3_layers_mol': 1, 'L3_out_dim': 128, 'L3_dropout': 0.07636747867140214, 'n_mlp_layers': 3, 'mlp_dim_0': 256, 'mlp_dim_1': 248, 'mlp_dim_2': 512, 'num_heads': 2, 'final_dropout': 0.2709682686292249, 'train_learning_rate': 0.0002266405724065598, 'train_lr_reduce': 0.6}. Best is trial 1073 with value: 0.009419886395335197.
[I 2024-12-26 13:42:32,936] Trial 1820 finished with value: 0.010626262985169888 and parameters: {'L1_hidden_dim': 160, 'L1_layers_atom': 2, 'L1_layers_mol': 1, 'L1_dropout': 0.05017787540634591, 'L1_out_dim': 128, 'L2_hidden_dim': 176, 'L2_layers_atom': 1, 'L2_layers_mol': 4, 'L2_out_dim': 80, 'L2_dropout': 0.009661767081636713, 'L3_hidden_dim': 80, 'L3_layers_atom': 4, 'L3_layers_mol': 1, 'L3_out_dim': 80, 'L3_dropout': 0.06528172971049215, 'n_mlp_layers': 2, 'mlp_dim_0': 328, 'mlp_dim_1': 288, 'num_heads': 2, 'final_dropout': 0.01732823626659803, 'train_learning_rate': 0.000404476907843646, 'train_lr_reduce': 0.6}. Best is trial 1073 with value: 0.009419886395335197.
[I 2024-12-26 13:43:28,197] Trial 1821 finished with value: 0.014123340137302876 and parameters: {'L1_hidden_dim': 112, 'L1_layers_atom': 1, 'L1_layers_mol': 1, 'L1_dropout': 0.13200831918283984, 'L1_out_dim': 64, 'L2_hidden_dim': 208, 'L2_layers_atom': 2, 'L2_layers_mol': 3, 'L2_out_dim': 128, 'L2_dropout': 0.07572752257949364, 'L3_hidden_dim': 96, 'L3_layers_atom': 4, 'L3_layers_mol': 1, 'L3_out_dim': 128, 'L3_dropout': 0.069162274286224, 'n_mlp_layers': 3, 'mlp_dim_0': 280, 'mlp_dim_1': 208, 'mlp_dim_2': 440, 'num_heads': 2, 'final_dropout': 0.06123980464539629, 'train_learning_rate': 0.00032618768877256885, 'train_lr_reduce': 0.6}. Best is trial 1073 with value: 0.009419886395335197.
[I 2024-12-26 13:44:46,241] Trial 1822 finished with value: 0.012014111503958702 and parameters: {'L1_hidden_dim': 80, 'L1_layers_atom': 1, 'L1_layers_mol': 3, 'L1_dropout': 0.10040366058420744, 'L1_out_dim': 48, 'L2_hidden_dim': 192, 'L2_layers_atom': 1, 'L2_layers_mol': 3, 'L2_out_dim': 128, 'L2_dropout': 0.027025602677828966, 'L3_hidden_dim': 112, 'L3_layers_atom': 4, 'L3_layers_mol': 1, 'L3_out_dim': 128, 'L3_dropout': 0.04520657694247958, 'n_mlp_layers': 3, 'mlp_dim_0': 296, 'mlp_dim_1': 328, 'mlp_dim_2': 480, 'num_heads': 2, 'final_dropout': 0.11107083323334449, 'train_learning_rate': 0.00037199897118051227, 'train_lr_reduce': 0.6}. Best is trial 1073 with value: 0.009419886395335197.
