[I 2024-12-25 17:05:57,516] Trial 511 finished with value: 0.06590848416090012 and parameters: {'L1_hidden_dim': 64, 'L1_layers_atom': 4, 'L1_layers_mol': 3, 'L1_dropout': 0.2553916850319812, 'L1_out_dim': 80, 'L2_hidden_dim': 176, 'L2_layers_atom': 2, 'L2_layers_mol': 1, 'L2_out_dim': 128, 'L2_dropout': 0.057890452645299184, 'L3_hidden_dim': 32, 'L3_layers_atom': 3, 'L3_layers_mol': 4, 'L3_out_dim': 112, 'L3_dropout': 0.2981328968100581, 'n_mlp_layers': 3, 'mlp_dim_0': 88, 'mlp_dim_1': 408, 'mlp_dim_2': 32, 'num_heads': 2, 'final_dropout': 0.08922968275133616, 'train_learning_rate': 0.0005301997508914869, 'train_lr_reduce': 0.6}. Best is trial 332 with value: 0.04597867280244827.
[I 2024-12-25 17:06:04,890] Trial 514 finished with value: 1.1512491703033447 and parameters: {'L1_hidden_dim': 64, 'L1_layers_atom': 4, 'L1_layers_mol': 3, 'L1_dropout': 0.2393122019640734, 'L1_out_dim': 112, 'L2_hidden_dim': 208, 'L2_layers_atom': 4, 'L2_layers_mol': 2, 'L2_out_dim': 112, 'L2_dropout': 0.07467851207803182, 'L3_hidden_dim': 48, 'L3_layers_atom': 3, 'L3_layers_mol': 3, 'L3_out_dim': 128, 'L3_dropout': 0.23560401729340863, 'n_mlp_layers': 3, 'mlp_dim_0': 136, 'mlp_dim_1': 424, 'mlp_dim_2': 144, 'num_heads': 2, 'final_dropout': 0.016861179049322852, 'train_learning_rate': 0.0005321107058703549, 'train_lr_reduce': 0.6}. Best is trial 332 with value: 0.04597867280244827.
[I 2024-12-25 17:06:16,562] Trial 515 finished with value: 1.0091806650161743 and parameters: {'L1_hidden_dim': 96, 'L1_layers_atom': 3, 'L1_layers_mol': 4, 'L1_dropout': 0.240312099941962, 'L1_out_dim': 96, 'L2_hidden_dim': 224, 'L2_layers_atom': 3, 'L2_layers_mol': 4, 'L2_out_dim': 96, 'L2_dropout': 0.015969271727862715, 'L3_hidden_dim': 64, 'L3_layers_atom': 2, 'L3_layers_mol': 1, 'L3_out_dim': 128, 'L3_dropout': 0.09338532436048963, 'n_mlp_layers': 3, 'mlp_dim_0': 408, 'mlp_dim_1': 304, 'mlp_dim_2': 144, 'num_heads': 1, 'final_dropout': 0.08083548510790813, 'train_learning_rate': 0.004508953039105438, 'train_lr_reduce': 0.6}. Best is trial 332 with value: 0.04597867280244827.
[I 2024-12-25 17:07:22,868] Trial 516 finished with value: 0.08777493983507156 and parameters: {'L1_hidden_dim': 96, 'L1_layers_atom': 3, 'L1_layers_mol': 1, 'L1_dropout': 0.24131271070735832, 'L1_out_dim': 80, 'L2_hidden_dim': 160, 'L2_layers_atom': 2, 'L2_layers_mol': 1, 'L2_out_dim': 128, 'L2_dropout': 0.08654070436613864, 'L3_hidden_dim': 48, 'L3_layers_atom': 4, 'L3_layers_mol': 4, 'L3_out_dim': 80, 'L3_dropout': 0.13483350176896947, 'n_mlp_layers': 3, 'mlp_dim_0': 144, 'mlp_dim_1': 416, 'mlp_dim_2': 88, 'num_heads': 2, 'final_dropout': 0.060083267250985506, 'train_learning_rate': 0.0008926802702632167, 'train_lr_reduce': 0.6}. Best is trial 332 with value: 0.04597867280244827.
[I 2024-12-25 17:09:14,591] Trial 517 finished with value: 0.07487320154905319 and parameters: {'L1_hidden_dim': 64, 'L1_layers_atom': 4, 'L1_layers_mol': 4, 'L1_dropout': 0.1464490165404093, 'L1_out_dim': 128, 'L2_hidden_dim': 144, 'L2_layers_atom': 4, 'L2_layers_mol': 1, 'L2_out_dim': 128, 'L2_dropout': 0.030835399527054823, 'L3_hidden_dim': 80, 'L3_layers_atom': 2, 'L3_layers_mol': 2, 'L3_out_dim': 128, 'L3_dropout': 0.16974385146123833, 'n_mlp_layers': 1, 'mlp_dim_0': 40, 'num_heads': 2, 'final_dropout': 0.016849232268109325, 'train_learning_rate': 0.0006279592213304992, 'train_lr_reduce': 0.6}. Best is trial 332 with value: 0.04597867280244827.
[I 2024-12-25 17:09:58,188] Trial 518 finished with value: 0.07082537561655045 and parameters: {'L1_hidden_dim': 96, 'L1_layers_atom': 4, 'L1_layers_mol': 3, 'L1_dropout': 0.2910837211884948, 'L1_out_dim': 128, 'L2_hidden_dim': 224, 'L2_layers_atom': 1, 'L2_layers_mol': 3, 'L2_out_dim': 112, 'L2_dropout': 0.013742101606464618, 'L3_hidden_dim': 64, 'L3_layers_atom': 3, 'L3_layers_mol': 4, 'L3_out_dim': 96, 'L3_dropout': 0.2913301891510963, 'n_mlp_layers': 2, 'mlp_dim_0': 64, 'mlp_dim_1': 424, 'num_heads': 2, 'final_dropout': 0.001426248666867004, 'train_learning_rate': 0.0004912538543297693, 'train_lr_reduce': 0.6}. Best is trial 332 with value: 0.04597867280244827.
[I 2024-12-25 17:10:21,070] Trial 520 finished with value: 1.162315845489502 and parameters: {'L1_hidden_dim': 64, 'L1_layers_atom': 3, 'L1_layers_mol': 4, 'L1_dropout': 0.22374731316696406, 'L1_out_dim': 128, 'L2_hidden_dim': 192, 'L2_layers_atom': 2, 'L2_layers_mol': 2, 'L2_out_dim': 112, 'L2_dropout': 0.032137445997255265, 'L3_hidden_dim': 48, 'L3_layers_atom': 4, 'L3_layers_mol': 4, 'L3_out_dim': 96, 'L3_dropout': 0.278717830387085, 'n_mlp_layers': 2, 'mlp_dim_0': 144, 'mlp_dim_1': 424, 'num_heads': 2, 'final_dropout': 0.04249533740120327, 'train_learning_rate': 0.00018948924519917462, 'train_lr_reduce': 0.6}. Best is trial 332 with value: 0.04597867280244827.
[I 2024-12-25 17:10:39,594] Trial 519 finished with value: 0.0871279314160347 and parameters: {'L1_hidden_dim': 80, 'L1_layers_atom': 3, 'L1_layers_mol': 2, 'L1_dropout': 0.2591946471310258, 'L1_out_dim': 80, 'L2_hidden_dim': 256, 'L2_layers_atom': 2, 'L2_layers_mol': 4, 'L2_out_dim': 128, 'L2_dropout': 0.04736832944054306, 'L3_hidden_dim': 80, 'L3_layers_atom': 3, 'L3_layers_mol': 1, 'L3_out_dim': 128, 'L3_dropout': 0.10210689355951108, 'n_mlp_layers': 3, 'mlp_dim_0': 408, 'mlp_dim_1': 360, 'mlp_dim_2': 160, 'num_heads': 2, 'final_dropout': 0.025245047296065214, 'train_learning_rate': 0.0008335765101095532, 'train_lr_reduce': 0.6}. Best is trial 332 with value: 0.04597867280244827.
[I 2024-12-25 17:11:48,075] Trial 512 finished with value: 0.09596642851829529 and parameters: {'L1_hidden_dim': 64, 'L1_layers_atom': 4, 'L1_layers_mol': 3, 'L1_dropout': 0.261478139995661, 'L1_out_dim': 32, 'L2_hidden_dim': 208, 'L2_layers_atom': 4, 'L2_layers_mol': 2, 'L2_out_dim': 128, 'L2_dropout': 0.04476422467420074, 'L3_hidden_dim': 80, 'L3_layers_atom': 3, 'L3_layers_mol': 1, 'L3_out_dim': 112, 'L3_dropout': 0.26467510115643517, 'n_mlp_layers': 2, 'mlp_dim_0': 64, 'mlp_dim_1': 360, 'num_heads': 2, 'final_dropout': 0.17695406897153285, 'train_learning_rate': 0.00011691002469283646, 'train_lr_reduce': 0.6}. Best is trial 332 with value: 0.04597867280244827.
[I 2024-12-25 17:12:08,209] Trial 522 finished with value: 0.11557602882385254 and parameters: {'L1_hidden_dim': 144, 'L1_layers_atom': 1, 'L1_layers_mol': 3, 'L1_dropout': 0.1017478498775585, 'L1_out_dim': 80, 'L2_hidden_dim': 224, 'L2_layers_atom': 1, 'L2_layers_mol': 3, 'L2_out_dim': 128, 'L2_dropout': 0.050650199685118975, 'L3_hidden_dim': 112, 'L3_layers_atom': 4, 'L3_layers_mol': 1, 'L3_out_dim': 128, 'L3_dropout': 0.2304776161832398, 'n_mlp_layers': 3, 'mlp_dim_0': 296, 'mlp_dim_1': 424, 'mlp_dim_2': 88, 'num_heads': 1, 'final_dropout': 0.1781584426388917, 'train_learning_rate': 0.003551364170108864, 'train_lr_reduce': 0.6}. Best is trial 332 with value: 0.04597867280244827.
[I 2024-12-25 17:13:30,517] Trial 523 finished with value: 0.0713571235537529 and parameters: {'L1_hidden_dim': 64, 'L1_layers_atom': 3, 'L1_layers_mol': 3, 'L1_dropout': 0.2859707477263851, 'L1_out_dim': 80, 'L2_hidden_dim': 240, 'L2_layers_atom': 3, 'L2_layers_mol': 3, 'L2_out_dim': 32, 'L2_dropout': 0.13494835172115888, 'L3_hidden_dim': 32, 'L3_layers_atom': 4, 'L3_layers_mol': 4, 'L3_out_dim': 112, 'L3_dropout': 0.18079258717349223, 'n_mlp_layers': 3, 'mlp_dim_0': 272, 'mlp_dim_1': 360, 'mlp_dim_2': 200, 'num_heads': 1, 'final_dropout': 0.07209660013257546, 'train_learning_rate': 0.0010742820191055342, 'train_lr_reduce': 0.6}. Best is trial 332 with value: 0.04597867280244827.
[I 2024-12-25 17:13:49,992] Trial 521 finished with value: 0.06631654500961304 and parameters: {'L1_hidden_dim': 96, 'L1_layers_atom': 4, 'L1_layers_mol': 2, 'L1_dropout': 0.2538587343610231, 'L1_out_dim': 80, 'L2_hidden_dim': 144, 'L2_layers_atom': 3, 'L2_layers_mol': 2, 'L2_out_dim': 96, 'L2_dropout': 0.010933947189053555, 'L3_hidden_dim': 64, 'L3_layers_atom': 4, 'L3_layers_mol': 3, 'L3_out_dim': 80, 'L3_dropout': 0.2871794950647289, 'n_mlp_layers': 1, 'mlp_dim_0': 40, 'num_heads': 2, 'final_dropout': 0.007795096440171345, 'train_learning_rate': 0.00013803483212857938, 'train_lr_reduce': 0.6}. Best is trial 332 with value: 0.04597867280244827.
[I 2024-12-25 17:13:49,994] Trial 524 finished with value: 0.07547542452812195 and parameters: {'L1_hidden_dim': 144, 'L1_layers_atom': 1, 'L1_layers_mol': 3, 'L1_dropout': 0.22961325470616523, 'L1_out_dim': 64, 'L2_hidden_dim': 224, 'L2_layers_atom': 4, 'L2_layers_mol': 1, 'L2_out_dim': 128, 'L2_dropout': 0.02098316361398059, 'L3_hidden_dim': 128, 'L3_layers_atom': 2, 'L3_layers_mol': 1, 'L3_out_dim': 128, 'L3_dropout': 0.14679320296887444, 'n_mlp_layers': 3, 'mlp_dim_0': 320, 'mlp_dim_1': 424, 'mlp_dim_2': 128, 'num_heads': 2, 'final_dropout': 0.18828540290864557, 'train_learning_rate': 0.002279186561692216, 'train_lr_reduce': 0.6}. Best is trial 332 with value: 0.04597867280244827.
[I 2024-12-25 17:14:08,245] Trial 526 finished with value: 0.8790452480316162 and parameters: {'L1_hidden_dim': 96, 'L1_layers_atom': 3, 'L1_layers_mol': 2, 'L1_dropout': 0.22296813119692985, 'L1_out_dim': 80, 'L2_hidden_dim': 256, 'L2_layers_atom': 2, 'L2_layers_mol': 4, 'L2_out_dim': 128, 'L2_dropout': 0.002519530072725995, 'L3_hidden_dim': 96, 'L3_layers_atom': 2, 'L3_layers_mol': 1, 'L3_out_dim': 112, 'L3_dropout': 0.18801161270868255, 'n_mlp_layers': 3, 'mlp_dim_0': 464, 'mlp_dim_1': 424, 'mlp_dim_2': 88, 'num_heads': 1, 'final_dropout': 0.020491895003864113, 'train_learning_rate': 0.005353740218948864, 'train_lr_reduce': 0.6}. Best is trial 332 with value: 0.04597867280244827.
[I 2024-12-25 17:15:40,303] Trial 527 finished with value: 0.07509318739175797 and parameters: {'L1_hidden_dim': 112, 'L1_layers_atom': 2, 'L1_layers_mol': 4, 'L1_dropout': 0.24069011234436433, 'L1_out_dim': 128, 'L2_hidden_dim': 240, 'L2_layers_atom': 2, 'L2_layers_mol': 1, 'L2_out_dim': 112, 'L2_dropout': 0.066285576413893, 'L3_hidden_dim': 64, 'L3_layers_atom': 4, 'L3_layers_mol': 2, 'L3_out_dim': 128, 'L3_dropout': 0.2733869328881708, 'n_mlp_layers': 3, 'mlp_dim_0': 312, 'mlp_dim_1': 424, 'mlp_dim_2': 72, 'num_heads': 2, 'final_dropout': 0.007490076017549262, 'train_learning_rate': 0.00038594138256082237, 'train_lr_reduce': 0.6}. Best is trial 332 with value: 0.04597867280244827.
[I 2024-12-25 17:15:43,218] Trial 528 finished with value: 0.0691048726439476 and parameters: {'L1_hidden_dim': 64, 'L1_layers_atom': 4, 'L1_layers_mol': 3, 'L1_dropout': 0.20881237835135197, 'L1_out_dim': 128, 'L2_hidden_dim': 208, 'L2_layers_atom': 1, 'L2_layers_mol': 1, 'L2_out_dim': 128, 'L2_dropout': 0.051127842393120446, 'L3_hidden_dim': 32, 'L3_layers_atom': 3, 'L3_layers_mol': 4, 'L3_out_dim': 96, 'L3_dropout': 0.23919073194952567, 'n_mlp_layers': 2, 'mlp_dim_0': 128, 'mlp_dim_1': 368, 'num_heads': 2, 'final_dropout': 0.055489749900775424, 'train_learning_rate': 0.0018811798083109732, 'train_lr_reduce': 0.6}. Best is trial 332 with value: 0.04597867280244827.
[I 2024-12-25 17:15:47,398] Trial 525 finished with value: 0.06467686593532562 and parameters: {'L1_hidden_dim': 80, 'L1_layers_atom': 3, 'L1_layers_mol': 3, 'L1_dropout': 0.28449924311368513, 'L1_out_dim': 96, 'L2_hidden_dim': 96, 'L2_layers_atom': 2, 'L2_layers_mol': 2, 'L2_out_dim': 112, 'L2_dropout': 0.004702508108656234, 'L3_hidden_dim': 32, 'L3_layers_atom': 4, 'L3_layers_mol': 4, 'L3_out_dim': 112, 'L3_dropout': 0.16302132977033867, 'n_mlp_layers': 2, 'mlp_dim_0': 160, 'mlp_dim_1': 280, 'num_heads': 2, 'final_dropout': 0.13237627492912468, 'train_learning_rate': 0.000509264887927582, 'train_lr_reduce': 0.6}. Best is trial 332 with value: 0.04597867280244827.
[I 2024-12-25 17:17:15,708] Trial 529 finished with value: 0.07437877357006073 and parameters: {'L1_hidden_dim': 64, 'L1_layers_atom': 2, 'L1_layers_mol': 3, 'L1_dropout': 0.2799705247901803, 'L1_out_dim': 96, 'L2_hidden_dim': 160, 'L2_layers_atom': 2, 'L2_layers_mol': 1, 'L2_out_dim': 112, 'L2_dropout': 0.07013281133431525, 'L3_hidden_dim': 32, 'L3_layers_atom': 3, 'L3_layers_mol': 4, 'L3_out_dim': 80, 'L3_dropout': 0.26199325175537985, 'n_mlp_layers': 2, 'mlp_dim_0': 88, 'mlp_dim_1': 456, 'num_heads': 2, 'final_dropout': 0.054607234789649926, 'train_learning_rate': 0.0010981925887220952, 'train_lr_reduce': 0.6}. Best is trial 332 with value: 0.04597867280244827.
[I 2024-12-25 17:17:37,220] Trial 531 finished with value: 0.06415404379367828 and parameters: {'L1_hidden_dim': 64, 'L1_layers_atom': 3, 'L1_layers_mol': 2, 'L1_dropout': 0.2191458295775677, 'L1_out_dim': 128, 'L2_hidden_dim': 256, 'L2_layers_atom': 4, 'L2_layers_mol': 3, 'L2_out_dim': 32, 'L2_dropout': 0.07705085750873979, 'L3_hidden_dim': 48, 'L3_layers_atom': 2, 'L3_layers_mol': 1, 'L3_out_dim': 112, 'L3_dropout': 0.01572432356981257, 'n_mlp_layers': 3, 'mlp_dim_0': 272, 'mlp_dim_1': 360, 'mlp_dim_2': 168, 'num_heads': 1, 'final_dropout': 0.21529609620737392, 'train_learning_rate': 0.002126733461887101, 'train_lr_reduce': 0.6}. Best is trial 332 with value: 0.04597867280244827.
[I 2024-12-25 17:18:23,515] Trial 530 finished with value: 0.0649762973189354 and parameters: {'L1_hidden_dim': 80, 'L1_layers_atom': 2, 'L1_layers_mol': 1, 'L1_dropout': 0.08469616518660225, 'L1_out_dim': 32, 'L2_hidden_dim': 224, 'L2_layers_atom': 3, 'L2_layers_mol': 4, 'L2_out_dim': 112, 'L2_dropout': 0.029397881778473793, 'L3_hidden_dim': 48, 'L3_layers_atom': 4, 'L3_layers_mol': 4, 'L3_out_dim': 64, 'L3_dropout': 0.07626436014729919, 'n_mlp_layers': 2, 'mlp_dim_0': 128, 'mlp_dim_1': 440, 'num_heads': 2, 'final_dropout': 0.18399596680867328, 'train_learning_rate': 0.00014945504069845724, 'train_lr_reduce': 0.6}. Best is trial 332 with value: 0.04597867280244827.
[I 2024-12-25 17:18:31,022] Trial 532 finished with value: 0.06891506910324097 and parameters: {'L1_hidden_dim': 64, 'L1_layers_atom': 2, 'L1_layers_mol': 4, 'L1_dropout': 0.22862567554934238, 'L1_out_dim': 112, 'L2_hidden_dim': 240, 'L2_layers_atom': 1, 'L2_layers_mol': 1, 'L2_out_dim': 128, 'L2_dropout': 0.10276501372108685, 'L3_hidden_dim': 112, 'L3_layers_atom': 4, 'L3_layers_mol': 2, 'L3_out_dim': 112, 'L3_dropout': 0.2761579302134676, 'n_mlp_layers': 3, 'mlp_dim_0': 88, 'mlp_dim_1': 440, 'mlp_dim_2': 224, 'num_heads': 2, 'final_dropout': 0.005296915321551958, 'train_learning_rate': 0.0009415341970398808, 'train_lr_reduce': 0.6}. Best is trial 332 with value: 0.04597867280244827.
[I 2024-12-25 17:19:40,833] Trial 533 finished with value: 0.05821752920746803 and parameters: {'L1_hidden_dim': 64, 'L1_layers_atom': 2, 'L1_layers_mol': 3, 'L1_dropout': 0.20854804293998838, 'L1_out_dim': 128, 'L2_hidden_dim': 224, 'L2_layers_atom': 3, 'L2_layers_mol': 1, 'L2_out_dim': 112, 'L2_dropout': 0.036928199576256315, 'L3_hidden_dim': 48, 'L3_layers_atom': 4, 'L3_layers_mol': 1, 'L3_out_dim': 128, 'L3_dropout': 0.2970159802186226, 'n_mlp_layers': 2, 'mlp_dim_0': 136, 'mlp_dim_1': 312, 'num_heads': 2, 'final_dropout': 0.03120565614576178, 'train_learning_rate': 0.001321889175380273, 'train_lr_reduce': 0.6}. Best is trial 332 with value: 0.04597867280244827.
[I 2024-12-25 17:20:32,480] Trial 534 finished with value: 0.07478988915681839 and parameters: {'L1_hidden_dim': 80, 'L1_layers_atom': 4, 'L1_layers_mol': 2, 'L1_dropout': 0.15124287493219235, 'L1_out_dim': 96, 'L2_hidden_dim': 192, 'L2_layers_atom': 4, 'L2_layers_mol': 1, 'L2_out_dim': 128, 'L2_dropout': 0.02664044230829856, 'L3_hidden_dim': 64, 'L3_layers_atom': 4, 'L3_layers_mol': 3, 'L3_out_dim': 112, 'L3_dropout': 0.2460289345207947, 'n_mlp_layers': 1, 'mlp_dim_0': 96, 'num_heads': 2, 'final_dropout': 0.04285377684282912, 'train_learning_rate': 0.0017387083355509918, 'train_lr_reduce': 0.6}. Best is trial 332 with value: 0.04597867280244827.
[I 2024-12-25 17:20:33,317] Trial 535 finished with value: 0.06925174593925476 and parameters: {'L1_hidden_dim': 64, 'L1_layers_atom': 4, 'L1_layers_mol': 4, 'L1_dropout': 0.237824400676175, 'L1_out_dim': 80, 'L2_hidden_dim': 208, 'L2_layers_atom': 2, 'L2_layers_mol': 4, 'L2_out_dim': 80, 'L2_dropout': 0.00017164309998021765, 'L3_hidden_dim': 64, 'L3_layers_atom': 4, 'L3_layers_mol': 3, 'L3_out_dim': 112, 'L3_dropout': 0.1181452963409399, 'n_mlp_layers': 3, 'mlp_dim_0': 296, 'mlp_dim_1': 384, 'mlp_dim_2': 144, 'num_heads': 1, 'final_dropout': 0.12579571934748757, 'train_learning_rate': 0.0011229493121082757, 'train_lr_reduce': 0.6}. Best is trial 332 with value: 0.04597867280244827.
[I 2024-12-25 17:21:54,907] Trial 536 finished with value: 0.07018379122018814 and parameters: {'L1_hidden_dim': 160, 'L1_layers_atom': 3, 'L1_layers_mol': 1, 'L1_dropout': 0.20152415101435012, 'L1_out_dim': 32, 'L2_hidden_dim': 240, 'L2_layers_atom': 4, 'L2_layers_mol': 2, 'L2_out_dim': 112, 'L2_dropout': 0.018058541229929788, 'L3_hidden_dim': 128, 'L3_layers_atom': 4, 'L3_layers_mol': 4, 'L3_out_dim': 112, 'L3_dropout': 0.06201829498075358, 'n_mlp_layers': 2, 'mlp_dim_0': 96, 'mlp_dim_1': 256, 'num_heads': 2, 'final_dropout': 0.22591491694798116, 'train_learning_rate': 0.00011782328861505762, 'train_lr_reduce': 0.6}. Best is trial 332 with value: 0.04597867280244827.
[I 2024-12-25 17:22:48,098] Trial 538 finished with value: 0.07710078358650208 and parameters: {'L1_hidden_dim': 96, 'L1_layers_atom': 2, 'L1_layers_mol': 4, 'L1_dropout': 0.2567430421955658, 'L1_out_dim': 112, 'L2_hidden_dim': 256, 'L2_layers_atom': 4, 'L2_layers_mol': 1, 'L2_out_dim': 96, 'L2_dropout': 0.04790454092610302, 'L3_hidden_dim': 48, 'L3_layers_atom': 3, 'L3_layers_mol': 1, 'L3_out_dim': 128, 'L3_dropout': 0.2880717428946584, 'n_mlp_layers': 2, 'mlp_dim_0': 240, 'mlp_dim_1': 256, 'num_heads': 2, 'final_dropout': 0.05709753880288741, 'train_learning_rate': 0.0010363933087655416, 'train_lr_reduce': 0.6}. Best is trial 332 with value: 0.04597867280244827.
[I 2024-12-25 17:23:17,038] Trial 539 finished with value: 0.08181583136320114 and parameters: {'L1_hidden_dim': 96, 'L1_layers_atom': 2, 'L1_layers_mol': 2, 'L1_dropout': 0.04831743057138427, 'L1_out_dim': 128, 'L2_hidden_dim': 224, 'L2_layers_atom': 3, 'L2_layers_mol': 2, 'L2_out_dim': 128, 'L2_dropout': 0.022119624455722034, 'L3_hidden_dim': 80, 'L3_layers_atom': 4, 'L3_layers_mol': 2, 'L3_out_dim': 112, 'L3_dropout': 0.2556133504569696, 'n_mlp_layers': 2, 'mlp_dim_0': 72, 'mlp_dim_1': 312, 'num_heads': 2, 'final_dropout': 0.029433361188618595, 'train_learning_rate': 0.0009559423432305112, 'train_lr_reduce': 0.6}. Best is trial 332 with value: 0.04597867280244827.
[I 2024-12-25 17:23:49,833] Trial 537 finished with value: 0.08700920641422272 and parameters: {'L1_hidden_dim': 64, 'L1_layers_atom': 1, 'L1_layers_mol': 3, 'L1_dropout': 0.2517667049409133, 'L1_out_dim': 32, 'L2_hidden_dim': 144, 'L2_layers_atom': 2, 'L2_layers_mol': 2, 'L2_out_dim': 112, 'L2_dropout': 0.011703802004319324, 'L3_hidden_dim': 32, 'L3_layers_atom': 4, 'L3_layers_mol': 1, 'L3_out_dim': 80, 'L3_dropout': 0.2290772745856924, 'n_mlp_layers': 2, 'mlp_dim_0': 256, 'mlp_dim_1': 304, 'num_heads': 1, 'final_dropout': 0.022398410052012655, 'train_learning_rate': 0.0001398324082256939, 'train_lr_reduce': 0.6}. Best is trial 332 with value: 0.04597867280244827.
[I 2024-12-25 17:23:58,229] Trial 540 finished with value: 0.08357805013656616 and parameters: {'L1_hidden_dim': 64, 'L1_layers_atom': 3, 'L1_layers_mol': 3, 'L1_dropout': 0.209198692544659, 'L1_out_dim': 96, 'L2_hidden_dim': 256, 'L2_layers_atom': 4, 'L2_layers_mol': 4, 'L2_out_dim': 112, 'L2_dropout': 0.028038500172588427, 'L3_hidden_dim': 80, 'L3_layers_atom': 3, 'L3_layers_mol': 3, 'L3_out_dim': 112, 'L3_dropout': 0.04246796832992515, 'n_mlp_layers': 3, 'mlp_dim_0': 352, 'mlp_dim_1': 320, 'mlp_dim_2': 144, 'num_heads': 1, 'final_dropout': 0.05724337353769451, 'train_learning_rate': 0.001804835537477317, 'train_lr_reduce': 0.6}. Best is trial 332 with value: 0.04597867280244827.
[I 2024-12-25 17:25:30,358] Trial 542 finished with value: 0.07997127622365952 and parameters: {'L1_hidden_dim': 144, 'L1_layers_atom': 1, 'L1_layers_mol': 2, 'L1_dropout': 0.08270137597351182, 'L1_out_dim': 32, 'L2_hidden_dim': 208, 'L2_layers_atom': 3, 'L2_layers_mol': 3, 'L2_out_dim': 128, 'L2_dropout': 0.08077450958465177, 'L3_hidden_dim': 128, 'L3_layers_atom': 4, 'L3_layers_mol': 4, 'L3_out_dim': 80, 'L3_dropout': 0.1885181991009972, 'n_mlp_layers': 3, 'mlp_dim_0': 104, 'mlp_dim_1': 296, 'mlp_dim_2': 40, 'num_heads': 2, 'final_dropout': 0.17308059965902425, 'train_learning_rate': 0.00048114408001661576, 'train_lr_reduce': 0.6}. Best is trial 332 with value: 0.04597867280244827.
[I 2024-12-25 17:25:39,651] Trial 543 finished with value: 0.06612389534711838 and parameters: {'L1_hidden_dim': 64, 'L1_layers_atom': 4, 'L1_layers_mol': 4, 'L1_dropout': 0.1785641560704059, 'L1_out_dim': 128, 'L2_hidden_dim': 224, 'L2_layers_atom': 2, 'L2_layers_mol': 1, 'L2_out_dim': 128, 'L2_dropout': 0.06072078443762438, 'L3_hidden_dim': 48, 'L3_layers_atom': 2, 'L3_layers_mol': 2, 'L3_out_dim': 128, 'L3_dropout': 0.29661951271967074, 'n_mlp_layers': 2, 'mlp_dim_0': 40, 'mlp_dim_1': 464, 'num_heads': 1, 'final_dropout': 0.0009425721335557542, 'train_learning_rate': 0.001197497625875866, 'train_lr_reduce': 0.6}. Best is trial 332 with value: 0.04597867280244827.
[I 2024-12-25 17:26:13,735] Trial 545 finished with value: 0.8635982871055603 and parameters: {'L1_hidden_dim': 80, 'L1_layers_atom': 4, 'L1_layers_mol': 3, 'L1_dropout': 0.2637490055177346, 'L1_out_dim': 96, 'L2_hidden_dim': 240, 'L2_layers_atom': 4, 'L2_layers_mol': 3, 'L2_out_dim': 32, 'L2_dropout': 0.026827936647850527, 'L3_hidden_dim': 48, 'L3_layers_atom': 3, 'L3_layers_mol': 1, 'L3_out_dim': 96, 'L3_dropout': 0.06820586504859173, 'n_mlp_layers': 3, 'mlp_dim_0': 512, 'mlp_dim_1': 464, 'mlp_dim_2': 200, 'num_heads': 1, 'final_dropout': 0.07335782355576477, 'train_learning_rate': 0.008676914540606354, 'train_lr_reduce': 0.6}. Best is trial 332 with value: 0.04597867280244827.
