[I 2024-12-25 18:38:28,633] Trial 672 finished with value: 0.09528177231550217 and parameters: {'L1_hidden_dim': 64, 'L1_layers_atom': 2, 'L1_layers_mol': 3, 'L1_dropout': 0.24899640644390203, 'L1_out_dim': 80, 'L2_hidden_dim': 240, 'L2_layers_atom': 2, 'L2_layers_mol': 2, 'L2_out_dim': 128, 'L2_dropout': 0.0038349788001655217, 'L3_hidden_dim': 128, 'L3_layers_atom': 3, 'L3_layers_mol': 2, 'L3_out_dim': 128, 'L3_dropout': 0.261660014685764, 'n_mlp_layers': 3, 'mlp_dim_0': 344, 'mlp_dim_1': 472, 'mlp_dim_2': 80, 'num_heads': 1, 'final_dropout': 0.18807497261689798, 'train_learning_rate': 0.0010986682540818518, 'train_lr_reduce': 0.6}. Best is trial 613 with value: 0.045173268765211105.
[I 2024-12-25 18:39:18,397] Trial 673 finished with value: 0.06884729117155075 and parameters: {'L1_hidden_dim': 64, 'L1_layers_atom': 4, 'L1_layers_mol': 2, 'L1_dropout': 0.2798658580605093, 'L1_out_dim': 128, 'L2_hidden_dim': 144, 'L2_layers_atom': 4, 'L2_layers_mol': 1, 'L2_out_dim': 112, 'L2_dropout': 0.08007861526088939, 'L3_hidden_dim': 80, 'L3_layers_atom': 3, 'L3_layers_mol': 2, 'L3_out_dim': 64, 'L3_dropout': 0.26836592681348925, 'n_mlp_layers': 2, 'mlp_dim_0': 56, 'mlp_dim_1': 512, 'num_heads': 1, 'final_dropout': 0.0032577277857611803, 'train_learning_rate': 0.0021372670117359134, 'train_lr_reduce': 0.6}. Best is trial 613 with value: 0.045173268765211105.
[I 2024-12-25 18:39:33,628] Trial 674 finished with value: 0.06546629965305328 and parameters: {'L1_hidden_dim': 96, 'L1_layers_atom': 2, 'L1_layers_mol': 3, 'L1_dropout': 0.28528748117180047, 'L1_out_dim': 96, 'L2_hidden_dim': 240, 'L2_layers_atom': 1, 'L2_layers_mol': 3, 'L2_out_dim': 112, 'L2_dropout': 0.08757632712570247, 'L3_hidden_dim': 96, 'L3_layers_atom': 3, 'L3_layers_mol': 1, 'L3_out_dim': 128, 'L3_dropout': 0.1573951036631674, 'n_mlp_layers': 2, 'mlp_dim_0': 160, 'mlp_dim_1': 432, 'num_heads': 1, 'final_dropout': 0.07803293075925463, 'train_learning_rate': 0.0018283335189447968, 'train_lr_reduce': 0.6}. Best is trial 613 with value: 0.045173268765211105.
[I 2024-12-25 18:40:25,904] Trial 675 finished with value: 0.10156842321157455 and parameters: {'L1_hidden_dim': 64, 'L1_layers_atom': 2, 'L1_layers_mol': 1, 'L1_dropout': 0.1330141731023736, 'L1_out_dim': 48, 'L2_hidden_dim': 64, 'L2_layers_atom': 2, 'L2_layers_mol': 1, 'L2_out_dim': 80, 'L2_dropout': 0.06094424321221989, 'L3_hidden_dim': 80, 'L3_layers_atom': 4, 'L3_layers_mol': 1, 'L3_out_dim': 80, 'L3_dropout': 0.11174648482731746, 'n_mlp_layers': 1, 'mlp_dim_0': 400, 'num_heads': 1, 'final_dropout': 0.11376243603850533, 'train_learning_rate': 0.00039829073601919105, 'train_lr_reduce': 0.6}. Best is trial 613 with value: 0.045173268765211105.
[I 2024-12-25 18:40:35,523] Trial 677 finished with value: 0.10705739259719849 and parameters: {'L1_hidden_dim': 80, 'L1_layers_atom': 3, 'L1_layers_mol': 2, 'L1_dropout': 0.04357828827349301, 'L1_out_dim': 112, 'L2_hidden_dim': 144, 'L2_layers_atom': 2, 'L2_layers_mol': 3, 'L2_out_dim': 80, 'L2_dropout': 0.014649478155954215, 'L3_hidden_dim': 128, 'L3_layers_atom': 2, 'L3_layers_mol': 2, 'L3_out_dim': 96, 'L3_dropout': 0.09542781635477231, 'n_mlp_layers': 3, 'mlp_dim_0': 152, 'mlp_dim_1': 432, 'mlp_dim_2': 120, 'num_heads': 1, 'final_dropout': 0.20052743400107265, 'train_learning_rate': 0.001802751202088065, 'train_lr_reduce': 0.6}. Best is trial 613 with value: 0.045173268765211105.
[I 2024-12-25 18:40:36,435] Trial 676 finished with value: 0.06796125322580338 and parameters: {'L1_hidden_dim': 64, 'L1_layers_atom': 1, 'L1_layers_mol': 4, 'L1_dropout': 0.22584666970262227, 'L1_out_dim': 96, 'L2_hidden_dim': 256, 'L2_layers_atom': 3, 'L2_layers_mol': 2, 'L2_out_dim': 112, 'L2_dropout': 0.03265095197183626, 'L3_hidden_dim': 112, 'L3_layers_atom': 1, 'L3_layers_mol': 1, 'L3_out_dim': 128, 'L3_dropout': 0.21088334095589956, 'n_mlp_layers': 2, 'mlp_dim_0': 168, 'mlp_dim_1': 264, 'num_heads': 1, 'final_dropout': 0.23608478547068992, 'train_learning_rate': 0.0032663437402356207, 'train_lr_reduce': 0.6}. Best is trial 613 with value: 0.045173268765211105.
[I 2024-12-25 18:42:05,999] Trial 680 finished with value: 0.09069512039422989 and parameters: {'L1_hidden_dim': 128, 'L1_layers_atom': 2, 'L1_layers_mol': 3, 'L1_dropout': 0.2902127024483011, 'L1_out_dim': 64, 'L2_hidden_dim': 144, 'L2_layers_atom': 1, 'L2_layers_mol': 1, 'L2_out_dim': 128, 'L2_dropout': 0.11753617291526988, 'L3_hidden_dim': 48, 'L3_layers_atom': 3, 'L3_layers_mol': 2, 'L3_out_dim': 128, 'L3_dropout': 0.2993530871604214, 'n_mlp_layers': 3, 'mlp_dim_0': 312, 'mlp_dim_1': 344, 'mlp_dim_2': 120, 'num_heads': 1, 'final_dropout': 0.05602045288296676, 'train_learning_rate': 0.00022002913358473117, 'train_lr_reduce': 0.6}. Best is trial 613 with value: 0.045173268765211105.
[I 2024-12-25 18:42:16,006] Trial 678 finished with value: 0.10380442440509796 and parameters: {'L1_hidden_dim': 112, 'L1_layers_atom': 1, 'L1_layers_mol': 1, 'L1_dropout': 0.08760771560038515, 'L1_out_dim': 112, 'L2_hidden_dim': 256, 'L2_layers_atom': 4, 'L2_layers_mol': 4, 'L2_out_dim': 96, 'L2_dropout': 0.06676399840654695, 'L3_hidden_dim': 96, 'L3_layers_atom': 1, 'L3_layers_mol': 1, 'L3_out_dim': 128, 'L3_dropout': 0.048809707512580416, 'n_mlp_layers': 3, 'mlp_dim_0': 472, 'mlp_dim_1': 208, 'mlp_dim_2': 112, 'num_heads': 1, 'final_dropout': 0.07861937682132186, 'train_learning_rate': 0.000801002593773905, 'train_lr_reduce': 0.6}. Best is trial 613 with value: 0.045173268765211105.
[I 2024-12-25 18:42:23,288] Trial 679 finished with value: 0.07325424253940582 and parameters: {'L1_hidden_dim': 112, 'L1_layers_atom': 4, 'L1_layers_mol': 2, 'L1_dropout': 0.2620112327938908, 'L1_out_dim': 112, 'L2_hidden_dim': 256, 'L2_layers_atom': 4, 'L2_layers_mol': 4, 'L2_out_dim': 128, 'L2_dropout': 0.007310127616322718, 'L3_hidden_dim': 96, 'L3_layers_atom': 3, 'L3_layers_mol': 1, 'L3_out_dim': 128, 'L3_dropout': 0.04718955633957304, 'n_mlp_layers': 3, 'mlp_dim_0': 272, 'mlp_dim_1': 472, 'mlp_dim_2': 32, 'num_heads': 1, 'final_dropout': 0.04648751478253213, 'train_learning_rate': 0.0005203514284254066, 'train_lr_reduce': 0.6}. Best is trial 613 with value: 0.045173268765211105.
[I 2024-12-25 18:43:13,728] Trial 681 finished with value: 0.0724126398563385 and parameters: {'L1_hidden_dim': 112, 'L1_layers_atom': 2, 'L1_layers_mol': 2, 'L1_dropout': 0.28893120022507596, 'L1_out_dim': 112, 'L2_hidden_dim': 240, 'L2_layers_atom': 1, 'L2_layers_mol': 3, 'L2_out_dim': 112, 'L2_dropout': 0.03197352517379533, 'L3_hidden_dim': 80, 'L3_layers_atom': 3, 'L3_layers_mol': 3, 'L3_out_dim': 112, 'L3_dropout': 0.15414657915351518, 'n_mlp_layers': 2, 'mlp_dim_0': 96, 'mlp_dim_1': 512, 'num_heads': 1, 'final_dropout': 0.12127622886597249, 'train_learning_rate': 0.0015056955200284463, 'train_lr_reduce': 0.6}. Best is trial 613 with value: 0.045173268765211105.
[I 2024-12-25 18:44:25,183] Trial 682 finished with value: 0.08247072994709015 and parameters: {'L1_hidden_dim': 80, 'L1_layers_atom': 4, 'L1_layers_mol': 2, 'L1_dropout': 0.29523742643551937, 'L1_out_dim': 80, 'L2_hidden_dim': 224, 'L2_layers_atom': 3, 'L2_layers_mol': 3, 'L2_out_dim': 32, 'L2_dropout': 0.045795492199211175, 'L3_hidden_dim': 96, 'L3_layers_atom': 3, 'L3_layers_mol': 3, 'L3_out_dim': 96, 'L3_dropout': 0.00787211852236557, 'n_mlp_layers': 3, 'mlp_dim_0': 432, 'mlp_dim_1': 424, 'mlp_dim_2': 80, 'num_heads': 1, 'final_dropout': 0.09510352338555264, 'train_learning_rate': 0.0030923277616469857, 'train_lr_reduce': 0.6}. Best is trial 613 with value: 0.045173268765211105.
[I 2024-12-25 18:44:46,792] Trial 683 finished with value: 0.1434032917022705 and parameters: {'L1_hidden_dim': 96, 'L1_layers_atom': 4, 'L1_layers_mol': 3, 'L1_dropout': 0.2361074141227866, 'L1_out_dim': 64, 'L2_hidden_dim': 208, 'L2_layers_atom': 4, 'L2_layers_mol': 4, 'L2_out_dim': 32, 'L2_dropout': 0.06251858330875244, 'L3_hidden_dim': 48, 'L3_layers_atom': 2, 'L3_layers_mol': 3, 'L3_out_dim': 80, 'L3_dropout': 0.0522789110140528, 'n_mlp_layers': 3, 'mlp_dim_0': 448, 'mlp_dim_1': 472, 'mlp_dim_2': 168, 'num_heads': 1, 'final_dropout': 0.1554560455959189, 'train_learning_rate': 0.009543964566378751, 'train_lr_reduce': 0.6}. Best is trial 613 with value: 0.045173268765211105.
[I 2024-12-25 18:45:23,894] Trial 684 finished with value: 0.0681491419672966 and parameters: {'L1_hidden_dim': 96, 'L1_layers_atom': 2, 'L1_layers_mol': 3, 'L1_dropout': 0.26367762685324914, 'L1_out_dim': 96, 'L2_hidden_dim': 176, 'L2_layers_atom': 2, 'L2_layers_mol': 1, 'L2_out_dim': 128, 'L2_dropout': 0.01924025204671867, 'L3_hidden_dim': 32, 'L3_layers_atom': 4, 'L3_layers_mol': 4, 'L3_out_dim': 112, 'L3_dropout': 0.17576335646224056, 'n_mlp_layers': 3, 'mlp_dim_0': 64, 'mlp_dim_1': 304, 'mlp_dim_2': 120, 'num_heads': 2, 'final_dropout': 0.010638675970875144, 'train_learning_rate': 0.000257471299178115, 'train_lr_reduce': 0.6}. Best is trial 613 with value: 0.045173268765211105.
[I 2024-12-25 18:45:37,876] Trial 685 finished with value: 0.0880027785897255 and parameters: {'L1_hidden_dim': 96, 'L1_layers_atom': 3, 'L1_layers_mol': 3, 'L1_dropout': 0.05076013840421942, 'L1_out_dim': 64, 'L2_hidden_dim': 208, 'L2_layers_atom': 2, 'L2_layers_mol': 3, 'L2_out_dim': 64, 'L2_dropout': 0.0013818993226754409, 'L3_hidden_dim': 128, 'L3_layers_atom': 2, 'L3_layers_mol': 2, 'L3_out_dim': 112, 'L3_dropout': 0.03819667308215337, 'n_mlp_layers': 3, 'mlp_dim_0': 296, 'mlp_dim_1': 472, 'mlp_dim_2': 32, 'num_heads': 1, 'final_dropout': 0.07674765867998316, 'train_learning_rate': 0.002255125654455435, 'train_lr_reduce': 0.6}. Best is trial 613 with value: 0.045173268765211105.
[I 2024-12-25 18:46:19,382] Trial 686 finished with value: 0.065023273229599 and parameters: {'L1_hidden_dim': 80, 'L1_layers_atom': 4, 'L1_layers_mol': 3, 'L1_dropout': 0.23191560814324813, 'L1_out_dim': 112, 'L2_hidden_dim': 256, 'L2_layers_atom': 4, 'L2_layers_mol': 2, 'L2_out_dim': 128, 'L2_dropout': 0.06959439450875406, 'L3_hidden_dim': 112, 'L3_layers_atom': 2, 'L3_layers_mol': 1, 'L3_out_dim': 112, 'L3_dropout': 0.13931418164724532, 'n_mlp_layers': 3, 'mlp_dim_0': 344, 'mlp_dim_1': 368, 'mlp_dim_2': 176, 'num_heads': 1, 'final_dropout': 0.08169607616264572, 'train_learning_rate': 0.0008394930711555382, 'train_lr_reduce': 0.6}. Best is trial 613 with value: 0.045173268765211105.
[I 2024-12-25 18:46:49,598] Trial 688 finished with value: 0.07786025106906891 and parameters: {'L1_hidden_dim': 96, 'L1_layers_atom': 4, 'L1_layers_mol': 4, 'L1_dropout': 0.2503964328863349, 'L1_out_dim': 96, 'L2_hidden_dim': 176, 'L2_layers_atom': 2, 'L2_layers_mol': 1, 'L2_out_dim': 80, 'L2_dropout': 0.037975465064359004, 'L3_hidden_dim': 64, 'L3_layers_atom': 2, 'L3_layers_mol': 2, 'L3_out_dim': 80, 'L3_dropout': 0.27730324077549967, 'n_mlp_layers': 3, 'mlp_dim_0': 168, 'mlp_dim_1': 512, 'mlp_dim_2': 80, 'num_heads': 1, 'final_dropout': 0.0006552400663176888, 'train_learning_rate': 0.0019767265059177238, 'train_lr_reduce': 0.6}. Best is trial 613 with value: 0.045173268765211105.
[I 2024-12-25 18:47:14,432] Trial 687 finished with value: 0.13919192552566528 and parameters: {'L1_hidden_dim': 80, 'L1_layers_atom': 2, 'L1_layers_mol': 1, 'L1_dropout': 0.2591527762687517, 'L1_out_dim': 112, 'L2_hidden_dim': 224, 'L2_layers_atom': 4, 'L2_layers_mol': 4, 'L2_out_dim': 112, 'L2_dropout': 0.14548937045241794, 'L3_hidden_dim': 128, 'L3_layers_atom': 2, 'L3_layers_mol': 2, 'L3_out_dim': 96, 'L3_dropout': 0.10011989641749727, 'n_mlp_layers': 3, 'mlp_dim_0': 504, 'mlp_dim_1': 432, 'mlp_dim_2': 104, 'num_heads': 1, 'final_dropout': 0.043178514242207006, 'train_learning_rate': 0.0002013370105154051, 'train_lr_reduce': 0.6}. Best is trial 613 with value: 0.045173268765211105.
[I 2024-12-25 18:48:06,370] Trial 689 finished with value: 0.06810576468706131 and parameters: {'L1_hidden_dim': 64, 'L1_layers_atom': 3, 'L1_layers_mol': 4, 'L1_dropout': 0.2806265364246503, 'L1_out_dim': 128, 'L2_hidden_dim': 208, 'L2_layers_atom': 2, 'L2_layers_mol': 1, 'L2_out_dim': 128, 'L2_dropout': 0.038852461923893494, 'L3_hidden_dim': 32, 'L3_layers_atom': 4, 'L3_layers_mol': 2, 'L3_out_dim': 128, 'L3_dropout': 0.29191235259059223, 'n_mlp_layers': 2, 'mlp_dim_0': 96, 'mlp_dim_1': 464, 'num_heads': 2, 'final_dropout': 0.08178522435234559, 'train_learning_rate': 0.00020812321583744167, 'train_lr_reduce': 0.6}. Best is trial 613 with value: 0.045173268765211105.
[I 2024-12-25 18:48:07,965] Trial 690 finished with value: 0.07834033668041229 and parameters: {'L1_hidden_dim': 80, 'L1_layers_atom': 2, 'L1_layers_mol': 2, 'L1_dropout': 0.26779153124803523, 'L1_out_dim': 48, 'L2_hidden_dim': 256, 'L2_layers_atom': 3, 'L2_layers_mol': 4, 'L2_out_dim': 112, 'L2_dropout': 0.13965634343232589, 'L3_hidden_dim': 96, 'L3_layers_atom': 2, 'L3_layers_mol': 1, 'L3_out_dim': 128, 'L3_dropout': 0.11226933230372171, 'n_mlp_layers': 3, 'mlp_dim_0': 488, 'mlp_dim_1': 288, 'mlp_dim_2': 152, 'num_heads': 1, 'final_dropout': 0.037620903542383566, 'train_learning_rate': 0.001959559573765914, 'train_lr_reduce': 0.6}. Best is trial 613 with value: 0.045173268765211105.
[I 2024-12-25 18:49:11,723] Trial 691 finished with value: 0.05868622288107872 and parameters: {'L1_hidden_dim': 96, 'L1_layers_atom': 3, 'L1_layers_mol': 3, 'L1_dropout': 0.29876976976509445, 'L1_out_dim': 80, 'L2_hidden_dim': 192, 'L2_layers_atom': 1, 'L2_layers_mol': 1, 'L2_out_dim': 128, 'L2_dropout': 0.004660157564913087, 'L3_hidden_dim': 64, 'L3_layers_atom': 4, 'L3_layers_mol': 4, 'L3_out_dim': 64, 'L3_dropout': 0.2661849881535143, 'n_mlp_layers': 1, 'mlp_dim_0': 96, 'num_heads': 2, 'final_dropout': 0.04740413861955682, 'train_learning_rate': 0.0005895050013538201, 'train_lr_reduce': 0.6}. Best is trial 613 with value: 0.045173268765211105.
[I 2024-12-25 18:49:14,127] Trial 693 finished with value: 0.13923068344593048 and parameters: {'L1_hidden_dim': 112, 'L1_layers_atom': 3, 'L1_layers_mol': 1, 'L1_dropout': 0.2775578947177948, 'L1_out_dim': 128, 'L2_hidden_dim': 176, 'L2_layers_atom': 4, 'L2_layers_mol': 1, 'L2_out_dim': 96, 'L2_dropout': 0.017688349534104406, 'L3_hidden_dim': 64, 'L3_layers_atom': 3, 'L3_layers_mol': 1, 'L3_out_dim': 64, 'L3_dropout': 0.26108503550488943, 'n_mlp_layers': 3, 'mlp_dim_0': 128, 'mlp_dim_1': 512, 'mlp_dim_2': 72, 'num_heads': 1, 'final_dropout': 0.12472337620064254, 'train_learning_rate': 0.004112133615163748, 'train_lr_reduce': 0.6}. Best is trial 613 with value: 0.045173268765211105.
[I 2024-12-25 18:49:36,984] Trial 692 finished with value: 0.0789247527718544 and parameters: {'L1_hidden_dim': 80, 'L1_layers_atom': 3, 'L1_layers_mol': 3, 'L1_dropout': 0.23133643168721238, 'L1_out_dim': 112, 'L2_hidden_dim': 256, 'L2_layers_atom': 3, 'L2_layers_mol': 3, 'L2_out_dim': 80, 'L2_dropout': 0.08169115103991209, 'L3_hidden_dim': 64, 'L3_layers_atom': 4, 'L3_layers_mol': 3, 'L3_out_dim': 128, 'L3_dropout': 0.07427243524661342, 'n_mlp_layers': 3, 'mlp_dim_0': 288, 'mlp_dim_1': 408, 'mlp_dim_2': 120, 'num_heads': 1, 'final_dropout': 0.1679044364915476, 'train_learning_rate': 0.0012624967048720718, 'train_lr_reduce': 0.6}. Best is trial 613 with value: 0.045173268765211105.
[I 2024-12-25 18:50:24,769] Trial 695 finished with value: 0.07881907373666763 and parameters: {'L1_hidden_dim': 96, 'L1_layers_atom': 1, 'L1_layers_mol': 4, 'L1_dropout': 0.293017018691599, 'L1_out_dim': 128, 'L2_hidden_dim': 224, 'L2_layers_atom': 1, 'L2_layers_mol': 3, 'L2_out_dim': 128, 'L2_dropout': 0.07125705258060205, 'L3_hidden_dim': 112, 'L3_layers_atom': 3, 'L3_layers_mol': 2, 'L3_out_dim': 112, 'L3_dropout': 0.21762362784122452, 'n_mlp_layers': 2, 'mlp_dim_0': 88, 'mlp_dim_1': 360, 'num_heads': 1, 'final_dropout': 0.18514396394814947, 'train_learning_rate': 0.002872595375224731, 'train_lr_reduce': 0.6}. Best is trial 613 with value: 0.045173268765211105.
[I 2024-12-25 18:50:53,700] Trial 694 finished with value: 0.06669287383556366 and parameters: {'L1_hidden_dim': 64, 'L1_layers_atom': 2, 'L1_layers_mol': 2, 'L1_dropout': 0.2922059329466557, 'L1_out_dim': 128, 'L2_hidden_dim': 192, 'L2_layers_atom': 2, 'L2_layers_mol': 3, 'L2_out_dim': 96, 'L2_dropout': 0.0348286497012831, 'L3_hidden_dim': 48, 'L3_layers_atom': 3, 'L3_layers_mol': 2, 'L3_out_dim': 80, 'L3_dropout': 0.19222884919866262, 'n_mlp_layers': 2, 'mlp_dim_0': 80, 'mlp_dim_1': 224, 'num_heads': 1, 'final_dropout': 0.14817958457345753, 'train_learning_rate': 0.001035481859717862, 'train_lr_reduce': 0.6}. Best is trial 613 with value: 0.045173268765211105.
[I 2024-12-25 18:51:27,239] Trial 696 finished with value: 0.08290649950504303 and parameters: {'L1_hidden_dim': 96, 'L1_layers_atom': 2, 'L1_layers_mol': 2, 'L1_dropout': 0.18703727041465812, 'L1_out_dim': 112, 'L2_hidden_dim': 224, 'L2_layers_atom': 4, 'L2_layers_mol': 3, 'L2_out_dim': 96, 'L2_dropout': 0.08297412246908785, 'L3_hidden_dim': 48, 'L3_layers_atom': 2, 'L3_layers_mol': 1, 'L3_out_dim': 96, 'L3_dropout': 0.1228904345649747, 'n_mlp_layers': 3, 'mlp_dim_0': 448, 'mlp_dim_1': 368, 'mlp_dim_2': 448, 'num_heads': 1, 'final_dropout': 0.03240503974135532, 'train_learning_rate': 0.0004348472918978084, 'train_lr_reduce': 0.6}. Best is trial 613 with value: 0.045173268765211105.
[I 2024-12-25 18:51:29,146] Trial 697 finished with value: 0.12557223439216614 and parameters: {'L1_hidden_dim': 144, 'L1_layers_atom': 1, 'L1_layers_mol': 2, 'L1_dropout': 0.19286087530992985, 'L1_out_dim': 32, 'L2_hidden_dim': 96, 'L2_layers_atom': 2, 'L2_layers_mol': 1, 'L2_out_dim': 80, 'L2_dropout': 0.03982185465493588, 'L3_hidden_dim': 128, 'L3_layers_atom': 4, 'L3_layers_mol': 2, 'L3_out_dim': 80, 'L3_dropout': 0.01510444607628287, 'n_mlp_layers': 2, 'mlp_dim_0': 336, 'mlp_dim_1': 280, 'num_heads': 1, 'final_dropout': 0.06838758281062926, 'train_learning_rate': 0.0010443055569166698, 'train_lr_reduce': 0.6}. Best is trial 613 with value: 0.045173268765211105.
[I 2024-12-25 18:52:41,708] Trial 699 finished with value: 0.08693454414606094 and parameters: {'L1_hidden_dim': 96, 'L1_layers_atom': 4, 'L1_layers_mol': 4, 'L1_dropout': 0.15400109070042053, 'L1_out_dim': 128, 'L2_hidden_dim': 240, 'L2_layers_atom': 4, 'L2_layers_mol': 3, 'L2_out_dim': 128, 'L2_dropout': 0.0008447448607749389, 'L3_hidden_dim': 96, 'L3_layers_atom': 1, 'L3_layers_mol': 1, 'L3_out_dim': 112, 'L3_dropout': 0.046233807812722856, 'n_mlp_layers': 3, 'mlp_dim_0': 184, 'mlp_dim_1': 344, 'mlp_dim_2': 208, 'num_heads': 1, 'final_dropout': 0.11306796767626173, 'train_learning_rate': 0.0023629070634000123, 'train_lr_reduce': 0.6}. Best is trial 613 with value: 0.045173268765211105.
[I 2024-12-25 18:53:09,387] Trial 700 finished with value: 0.07381929457187653 and parameters: {'L1_hidden_dim': 96, 'L1_layers_atom': 3, 'L1_layers_mol': 3, 'L1_dropout': 0.27416041399536445, 'L1_out_dim': 80, 'L2_hidden_dim': 208, 'L2_layers_atom': 1, 'L2_layers_mol': 1, 'L2_out_dim': 112, 'L2_dropout': 0.06284087704839858, 'L3_hidden_dim': 64, 'L3_layers_atom': 4, 'L3_layers_mol': 4, 'L3_out_dim': 80, 'L3_dropout': 0.21800347548025722, 'n_mlp_layers': 1, 'mlp_dim_0': 40, 'num_heads': 2, 'final_dropout': 0.07265360771598614, 'train_learning_rate': 0.0014478601382705378, 'train_lr_reduce': 0.6}. Best is trial 613 with value: 0.045173268765211105.
[I 2024-12-25 18:53:10,398] Trial 698 finished with value: 0.11766475439071655 and parameters: {'L1_hidden_dim': 80, 'L1_layers_atom': 2, 'L1_layers_mol': 2, 'L1_dropout': 0.26425634181815455, 'L1_out_dim': 96, 'L2_hidden_dim': 240, 'L2_layers_atom': 2, 'L2_layers_mol': 3, 'L2_out_dim': 128, 'L2_dropout': 0.018446860897647466, 'L3_hidden_dim': 80, 'L3_layers_atom': 3, 'L3_layers_mol': 1, 'L3_out_dim': 64, 'L3_dropout': 0.1253103314437638, 'n_mlp_layers': 2, 'mlp_dim_0': 64, 'mlp_dim_1': 416, 'num_heads': 1, 'final_dropout': 0.10910570075057571, 'train_learning_rate': 0.0034906666711424614, 'train_lr_reduce': 0.6}. Best is trial 613 with value: 0.045173268765211105.
[I 2024-12-25 18:54:02,387] Trial 701 finished with value: 0.06607505679130554 and parameters: {'L1_hidden_dim': 96, 'L1_layers_atom': 4, 'L1_layers_mol': 4, 'L1_dropout': 0.2797671717168177, 'L1_out_dim': 80, 'L2_hidden_dim': 192, 'L2_layers_atom': 1, 'L2_layers_mol': 1, 'L2_out_dim': 112, 'L2_dropout': 0.00800822526159671, 'L3_hidden_dim': 32, 'L3_layers_atom': 2, 'L3_layers_mol': 2, 'L3_out_dim': 128, 'L3_dropout': 0.29929116943327894, 'n_mlp_layers': 2, 'mlp_dim_0': 48, 'mlp_dim_1': 424, 'num_heads': 1, 'final_dropout': 0.10504353469308762, 'train_learning_rate': 0.001059617872130696, 'train_lr_reduce': 0.6}. Best is trial 613 with value: 0.045173268765211105.
[I 2024-12-25 18:54:16,257] Trial 703 finished with value: 0.08134650439023972 and parameters: {'L1_hidden_dim': 96, 'L1_layers_atom': 4, 'L1_layers_mol': 4, 'L1_dropout': 0.23918593086088275, 'L1_out_dim': 64, 'L2_hidden_dim': 240, 'L2_layers_atom': 2, 'L2_layers_mol': 2, 'L2_out_dim': 48, 'L2_dropout': 0.02065035568281965, 'L3_hidden_dim': 48, 'L3_layers_atom': 4, 'L3_layers_mol': 2, 'L3_out_dim': 80, 'L3_dropout': 0.026545845463239855, 'n_mlp_layers': 3, 'mlp_dim_0': 448, 'mlp_dim_1': 312, 'mlp_dim_2': 32, 'num_heads': 1, 'final_dropout': 0.008644096530075293, 'train_learning_rate': 0.002124646576193168, 'train_lr_reduce': 0.6}. Best is trial 613 with value: 0.045173268765211105.
[I 2024-12-25 18:55:00,709] Trial 702 finished with value: 0.07418099045753479 and parameters: {'L1_hidden_dim': 112, 'L1_layers_atom': 3, 'L1_layers_mol': 3, 'L1_dropout': 0.23908557879290937, 'L1_out_dim': 96, 'L2_hidden_dim': 160, 'L2_layers_atom': 3, 'L2_layers_mol': 1, 'L2_out_dim': 112, 'L2_dropout': 0.08622241886218081, 'L3_hidden_dim': 80, 'L3_layers_atom': 3, 'L3_layers_mol': 3, 'L3_out_dim': 48, 'L3_dropout': 0.2605120320733581, 'n_mlp_layers': 1, 'mlp_dim_0': 208, 'num_heads': 2, 'final_dropout': 0.07207707114807928, 'train_learning_rate': 0.0008551307311295026, 'train_lr_reduce': 0.6}. Best is trial 613 with value: 0.045173268765211105.
