[I 2024-12-24 21:56:04,599] Trial 706 finished with value: 0.010987168177962303 and parameters: {'L1_hidden_dim': 192, 'L1_layers_atom': 4, 'L1_layers_mol': 4, 'L1_dropout': 0.02523376422777589, 'L1_out_dim': 32, 'L2_hidden_dim': 224, 'L2_layers_atom': 3, 'L2_layers_mol': 2, 'L2_out_dim': 80, 'L2_dropout': 0.11633599579178644, 'L3_hidden_dim': 112, 'L3_layers_atom': 3, 'L3_layers_mol': 4, 'L3_out_dim': 80, 'L3_dropout': 0.15544566332094914, 'n_mlp_layers': 2, 'mlp_dim_0': 216, 'mlp_dim_1': 368, 'num_heads': 2, 'final_dropout': 0.22267654603035825, 'train_learning_rate': 0.0005859945933128731, 'train_lr_reduce': 0.6}. Best is trial 570 with value: 0.00952998548746109.
[I 2024-12-24 21:56:56,599] Trial 708 finished with value: 0.010489465668797493 and parameters: {'L1_hidden_dim': 192, 'L1_layers_atom': 3, 'L1_layers_mol': 4, 'L1_dropout': 0.019658079368174708, 'L1_out_dim': 96, 'L2_hidden_dim': 64, 'L2_layers_atom': 4, 'L2_layers_mol': 1, 'L2_out_dim': 32, 'L2_dropout': 0.08125741605585585, 'L3_hidden_dim': 128, 'L3_layers_atom': 4, 'L3_layers_mol': 1, 'L3_out_dim': 112, 'L3_dropout': 0.2704103854043601, 'n_mlp_layers': 1, 'mlp_dim_0': 416, 'num_heads': 1, 'final_dropout': 0.203706486427867, 'train_learning_rate': 0.0006859920762661778, 'train_lr_reduce': 0.6}. Best is trial 570 with value: 0.00952998548746109.
[I 2024-12-24 21:57:38,033] Trial 709 finished with value: 0.01099660899490118 and parameters: {'L1_hidden_dim': 144, 'L1_layers_atom': 4, 'L1_layers_mol': 3, 'L1_dropout': 0.021550280893525436, 'L1_out_dim': 80, 'L2_hidden_dim': 144, 'L2_layers_atom': 4, 'L2_layers_mol': 2, 'L2_out_dim': 128, 'L2_dropout': 0.015826232829316028, 'L3_hidden_dim': 80, 'L3_layers_atom': 2, 'L3_layers_mol': 4, 'L3_out_dim': 128, 'L3_dropout': 0.2826541231089761, 'n_mlp_layers': 2, 'mlp_dim_0': 472, 'mlp_dim_1': 344, 'num_heads': 2, 'final_dropout': 0.05894284001411689, 'train_learning_rate': 0.0007121092221302087, 'train_lr_reduce': 0.6}. Best is trial 570 with value: 0.00952998548746109.
[I 2024-12-24 21:58:08,304] Trial 710 finished with value: 0.011363058350980282 and parameters: {'L1_hidden_dim': 240, 'L1_layers_atom': 2, 'L1_layers_mol': 4, 'L1_dropout': 0.04989058938879007, 'L1_out_dim': 112, 'L2_hidden_dim': 112, 'L2_layers_atom': 4, 'L2_layers_mol': 2, 'L2_out_dim': 32, 'L2_dropout': 0.19906703314504823, 'L3_hidden_dim': 128, 'L3_layers_atom': 4, 'L3_layers_mol': 1, 'L3_out_dim': 128, 'L3_dropout': 0.21995524669894748, 'n_mlp_layers': 1, 'mlp_dim_0': 504, 'num_heads': 1, 'final_dropout': 0.22985766083726727, 'train_learning_rate': 0.0014277956214631936, 'train_lr_reduce': 0.6}. Best is trial 570 with value: 0.00952998548746109.
[I 2024-12-24 22:00:32,631] Trial 713 finished with value: 0.01138658169656992 and parameters: {'L1_hidden_dim': 208, 'L1_layers_atom': 2, 'L1_layers_mol': 4, 'L1_dropout': 0.045529706948928564, 'L1_out_dim': 96, 'L2_hidden_dim': 96, 'L2_layers_atom': 3, 'L2_layers_mol': 1, 'L2_out_dim': 32, 'L2_dropout': 0.07848369015170716, 'L3_hidden_dim': 128, 'L3_layers_atom': 4, 'L3_layers_mol': 1, 'L3_out_dim': 80, 'L3_dropout': 0.2716766050918957, 'n_mlp_layers': 1, 'mlp_dim_0': 392, 'num_heads': 1, 'final_dropout': 0.24197108049209748, 'train_learning_rate': 0.0003997060845422168, 'train_lr_reduce': 0.6}. Best is trial 570 with value: 0.00952998548746109.
[I 2024-12-24 22:00:45,351] Trial 712 finished with value: 0.010627878829836845 and parameters: {'L1_hidden_dim': 240, 'L1_layers_atom': 4, 'L1_layers_mol': 1, 'L1_dropout': 0.008012663755984303, 'L1_out_dim': 32, 'L2_hidden_dim': 112, 'L2_layers_atom': 4, 'L2_layers_mol': 1, 'L2_out_dim': 64, 'L2_dropout': 0.07347587354111301, 'L3_hidden_dim': 128, 'L3_layers_atom': 3, 'L3_layers_mol': 3, 'L3_out_dim': 112, 'L3_dropout': 0.29382438332285143, 'n_mlp_layers': 2, 'mlp_dim_0': 312, 'mlp_dim_1': 312, 'num_heads': 2, 'final_dropout': 0.027330627093487783, 'train_learning_rate': 0.0003871877835024824, 'train_lr_reduce': 0.6}. Best is trial 570 with value: 0.00952998548746109.
[I 2024-12-24 22:01:15,781] Trial 711 finished with value: 0.013469296507537365 and parameters: {'L1_hidden_dim': 208, 'L1_layers_atom': 4, 'L1_layers_mol': 4, 'L1_dropout': 0.0990067993382035, 'L1_out_dim': 32, 'L2_hidden_dim': 80, 'L2_layers_atom': 4, 'L2_layers_mol': 1, 'L2_out_dim': 80, 'L2_dropout': 0.2517134834906912, 'L3_hidden_dim': 48, 'L3_layers_atom': 3, 'L3_layers_mol': 1, 'L3_out_dim': 96, 'L3_dropout': 0.2949452009877735, 'n_mlp_layers': 1, 'mlp_dim_0': 272, 'num_heads': 2, 'final_dropout': 0.17431830724698183, 'train_learning_rate': 0.0011695597065181466, 'train_lr_reduce': 0.6}. Best is trial 570 with value: 0.00952998548746109.
[I 2024-12-24 22:03:00,913] Trial 714 finished with value: 0.010304583236575127 and parameters: {'L1_hidden_dim': 224, 'L1_layers_atom': 4, 'L1_layers_mol': 4, 'L1_dropout': 0.009171994948271079, 'L1_out_dim': 32, 'L2_hidden_dim': 176, 'L2_layers_atom': 3, 'L2_layers_mol': 1, 'L2_out_dim': 48, 'L2_dropout': 0.13680327716470309, 'L3_hidden_dim': 112, 'L3_layers_atom': 3, 'L3_layers_mol': 4, 'L3_out_dim': 80, 'L3_dropout': 0.2121101071124559, 'n_mlp_layers': 2, 'mlp_dim_0': 208, 'mlp_dim_1': 328, 'num_heads': 2, 'final_dropout': 0.0812528252102324, 'train_learning_rate': 0.0010896133829428327, 'train_lr_reduce': 0.6}. Best is trial 570 with value: 0.00952998548746109.
[I 2024-12-24 22:04:33,594] Trial 715 finished with value: 0.012747302651405334 and parameters: {'L1_hidden_dim': 240, 'L1_layers_atom': 1, 'L1_layers_mol': 3, 'L1_dropout': 0.023094416595643777, 'L1_out_dim': 96, 'L2_hidden_dim': 96, 'L2_layers_atom': 2, 'L2_layers_mol': 1, 'L2_out_dim': 32, 'L2_dropout': 0.1443347673448874, 'L3_hidden_dim': 80, 'L3_layers_atom': 2, 'L3_layers_mol': 1, 'L3_out_dim': 112, 'L3_dropout': 0.26697537157339024, 'n_mlp_layers': 1, 'mlp_dim_0': 288, 'num_heads': 2, 'final_dropout': 0.28147643848171616, 'train_learning_rate': 0.00021691707894329917, 'train_lr_reduce': 0.6}. Best is trial 570 with value: 0.00952998548746109.
[I 2024-12-24 22:04:43,111] Trial 716 finished with value: 0.010715938173234463 and parameters: {'L1_hidden_dim': 240, 'L1_layers_atom': 4, 'L1_layers_mol': 4, 'L1_dropout': 0.07380083050607626, 'L1_out_dim': 80, 'L2_hidden_dim': 176, 'L2_layers_atom': 4, 'L2_layers_mol': 2, 'L2_out_dim': 80, 'L2_dropout': 0.09260289375017204, 'L3_hidden_dim': 96, 'L3_layers_atom': 3, 'L3_layers_mol': 3, 'L3_out_dim': 112, 'L3_dropout': 0.2887966256319739, 'n_mlp_layers': 2, 'mlp_dim_0': 128, 'mlp_dim_1': 368, 'num_heads': 2, 'final_dropout': 0.2435385574438832, 'train_learning_rate': 0.0005741437807074494, 'train_lr_reduce': 0.6}. Best is trial 570 with value: 0.00952998548746109.
[I 2024-12-24 22:05:45,362] Trial 717 finished with value: 0.020216943696141243 and parameters: {'L1_hidden_dim': 256, 'L1_layers_atom': 3, 'L1_layers_mol': 4, 'L1_dropout': 0.011984709415363008, 'L1_out_dim': 96, 'L2_hidden_dim': 128, 'L2_layers_atom': 4, 'L2_layers_mol': 1, 'L2_out_dim': 32, 'L2_dropout': 0.038173143352934216, 'L3_hidden_dim': 128, 'L3_layers_atom': 4, 'L3_layers_mol': 2, 'L3_out_dim': 128, 'L3_dropout': 0.26820581179494474, 'n_mlp_layers': 1, 'mlp_dim_0': 496, 'num_heads': 2, 'final_dropout': 0.24557407957005495, 'train_learning_rate': 0.003216056053397034, 'train_lr_reduce': 0.6}. Best is trial 570 with value: 0.00952998548746109.
[I 2024-12-24 22:06:56,192] Trial 718 finished with value: 0.011157084256410599 and parameters: {'L1_hidden_dim': 224, 'L1_layers_atom': 4, 'L1_layers_mol': 2, 'L1_dropout': 0.03983007257275582, 'L1_out_dim': 48, 'L2_hidden_dim': 112, 'L2_layers_atom': 4, 'L2_layers_mol': 1, 'L2_out_dim': 80, 'L2_dropout': 0.04111276413764739, 'L3_hidden_dim': 112, 'L3_layers_atom': 1, 'L3_layers_mol': 4, 'L3_out_dim': 96, 'L3_dropout': 0.2630253349279039, 'n_mlp_layers': 2, 'mlp_dim_0': 480, 'mlp_dim_1': 328, 'num_heads': 2, 'final_dropout': 0.014032043745251558, 'train_learning_rate': 0.00040267354428730564, 'train_lr_reduce': 0.6}. Best is trial 570 with value: 0.00952998548746109.
[I 2024-12-24 22:07:26,596] Trial 719 finished with value: 0.011568307876586914 and parameters: {'L1_hidden_dim': 176, 'L1_layers_atom': 4, 'L1_layers_mol': 3, 'L1_dropout': 0.008268941561382089, 'L1_out_dim': 48, 'L2_hidden_dim': 176, 'L2_layers_atom': 4, 'L2_layers_mol': 2, 'L2_out_dim': 112, 'L2_dropout': 0.10224991593181482, 'L3_hidden_dim': 112, 'L3_layers_atom': 3, 'L3_layers_mol': 3, 'L3_out_dim': 80, 'L3_dropout': 0.26381091515414207, 'n_mlp_layers': 2, 'mlp_dim_0': 488, 'mlp_dim_1': 336, 'num_heads': 2, 'final_dropout': 0.1111247173882784, 'train_learning_rate': 0.0005480506391445709, 'train_lr_reduce': 0.6}. Best is trial 570 with value: 0.00952998548746109.
[I 2024-12-24 22:07:58,981] Trial 720 finished with value: 0.011357656680047512 and parameters: {'L1_hidden_dim': 176, 'L1_layers_atom': 4, 'L1_layers_mol': 4, 'L1_dropout': 0.005200305501635688, 'L1_out_dim': 48, 'L2_hidden_dim': 128, 'L2_layers_atom': 3, 'L2_layers_mol': 1, 'L2_out_dim': 48, 'L2_dropout': 0.16510621583357987, 'L3_hidden_dim': 112, 'L3_layers_atom': 3, 'L3_layers_mol': 4, 'L3_out_dim': 80, 'L3_dropout': 0.23209449612601626, 'n_mlp_layers': 2, 'mlp_dim_0': 112, 'mlp_dim_1': 400, 'num_heads': 2, 'final_dropout': 0.015228800325952543, 'train_learning_rate': 0.0015092857695927892, 'train_lr_reduce': 0.6}. Best is trial 570 with value: 0.00952998548746109.
[I 2024-12-24 22:09:12,290] Trial 722 finished with value: 0.01894354447722435 and parameters: {'L1_hidden_dim': 208, 'L1_layers_atom': 4, 'L1_layers_mol': 3, 'L1_dropout': 0.057646067887471716, 'L1_out_dim': 48, 'L2_hidden_dim': 224, 'L2_layers_atom': 3, 'L2_layers_mol': 1, 'L2_out_dim': 32, 'L2_dropout': 0.1111680460832784, 'L3_hidden_dim': 112, 'L3_layers_atom': 2, 'L3_layers_mol': 4, 'L3_out_dim': 96, 'L3_dropout': 0.2559502916118634, 'n_mlp_layers': 1, 'mlp_dim_0': 176, 'num_heads': 2, 'final_dropout': 0.19053935551271678, 'train_learning_rate': 0.0035926225423967657, 'train_lr_reduce': 0.6}. Best is trial 570 with value: 0.00952998548746109.
[I 2024-12-24 22:09:48,197] Trial 721 finished with value: 0.011651920154690742 and parameters: {'L1_hidden_dim': 208, 'L1_layers_atom': 2, 'L1_layers_mol': 3, 'L1_dropout': 0.031902377334105954, 'L1_out_dim': 48, 'L2_hidden_dim': 192, 'L2_layers_atom': 4, 'L2_layers_mol': 1, 'L2_out_dim': 64, 'L2_dropout': 0.027939339989940373, 'L3_hidden_dim': 64, 'L3_layers_atom': 3, 'L3_layers_mol': 1, 'L3_out_dim': 128, 'L3_dropout': 0.2977104932817659, 'n_mlp_layers': 1, 'mlp_dim_0': 448, 'num_heads': 1, 'final_dropout': 0.026186294432029838, 'train_learning_rate': 0.0009258109551985069, 'train_lr_reduce': 0.6}. Best is trial 570 with value: 0.00952998548746109.
[I 2024-12-24 22:10:22,412] Trial 723 finished with value: 0.01099487952888012 and parameters: {'L1_hidden_dim': 240, 'L1_layers_atom': 4, 'L1_layers_mol': 3, 'L1_dropout': 0.029470400268889262, 'L1_out_dim': 48, 'L2_hidden_dim': 208, 'L2_layers_atom': 3, 'L2_layers_mol': 2, 'L2_out_dim': 48, 'L2_dropout': 0.13556977447933155, 'L3_hidden_dim': 112, 'L3_layers_atom': 3, 'L3_layers_mol': 3, 'L3_out_dim': 32, 'L3_dropout': 0.203623927226643, 'n_mlp_layers': 2, 'mlp_dim_0': 272, 'mlp_dim_1': 304, 'num_heads': 2, 'final_dropout': 0.05949000589962071, 'train_learning_rate': 0.0008982397001921164, 'train_lr_reduce': 0.6}. Best is trial 570 with value: 0.00952998548746109.
[I 2024-12-24 22:11:16,647] Trial 725 finished with value: 0.010901755653321743 and parameters: {'L1_hidden_dim': 192, 'L1_layers_atom': 2, 'L1_layers_mol': 3, 'L1_dropout': 0.009082935643962266, 'L1_out_dim': 48, 'L2_hidden_dim': 144, 'L2_layers_atom': 3, 'L2_layers_mol': 1, 'L2_out_dim': 96, 'L2_dropout': 0.10679945501589255, 'L3_hidden_dim': 128, 'L3_layers_atom': 4, 'L3_layers_mol': 1, 'L3_out_dim': 112, 'L3_dropout': 0.1784016898166031, 'n_mlp_layers': 1, 'mlp_dim_0': 168, 'num_heads': 1, 'final_dropout': 0.21482485723269557, 'train_learning_rate': 0.0036313343831291117, 'train_lr_reduce': 0.6}. Best is trial 570 with value: 0.00952998548746109.
[I 2024-12-24 22:11:34,818] Trial 724 finished with value: 0.012687602080404758 and parameters: {'L1_hidden_dim': 224, 'L1_layers_atom': 3, 'L1_layers_mol': 2, 'L1_dropout': 0.05067845823374997, 'L1_out_dim': 48, 'L2_hidden_dim': 144, 'L2_layers_atom': 3, 'L2_layers_mol': 1, 'L2_out_dim': 80, 'L2_dropout': 0.09150464480671318, 'L3_hidden_dim': 112, 'L3_layers_atom': 4, 'L3_layers_mol': 4, 'L3_out_dim': 48, 'L3_dropout': 0.2328572846176521, 'n_mlp_layers': 3, 'mlp_dim_0': 368, 'mlp_dim_1': 376, 'mlp_dim_2': 88, 'num_heads': 2, 'final_dropout': 0.020921523457988433, 'train_learning_rate': 0.006350139341943499, 'train_lr_reduce': 0.6}. Best is trial 570 with value: 0.00952998548746109.
[I 2024-12-24 22:12:50,936] Trial 726 finished with value: 0.01130121573805809 and parameters: {'L1_hidden_dim': 224, 'L1_layers_atom': 4, 'L1_layers_mol': 4, 'L1_dropout': 0.06557881666020762, 'L1_out_dim': 80, 'L2_hidden_dim': 192, 'L2_layers_atom': 4, 'L2_layers_mol': 2, 'L2_out_dim': 32, 'L2_dropout': 0.1313870096035767, 'L3_hidden_dim': 128, 'L3_layers_atom': 2, 'L3_layers_mol': 4, 'L3_out_dim': 128, 'L3_dropout': 0.29074363777302786, 'n_mlp_layers': 2, 'mlp_dim_0': 72, 'mlp_dim_1': 368, 'num_heads': 2, 'final_dropout': 0.22105106801082028, 'train_learning_rate': 0.00036588156566853244, 'train_lr_reduce': 0.6}. Best is trial 570 with value: 0.00952998548746109.
[I 2024-12-24 22:13:44,726] Trial 727 finished with value: 0.011026611551642418 and parameters: {'L1_hidden_dim': 160, 'L1_layers_atom': 3, 'L1_layers_mol': 2, 'L1_dropout': 0.005022669203415962, 'L1_out_dim': 32, 'L2_hidden_dim': 112, 'L2_layers_atom': 3, 'L2_layers_mol': 1, 'L2_out_dim': 112, 'L2_dropout': 0.061271146269913604, 'L3_hidden_dim': 96, 'L3_layers_atom': 3, 'L3_layers_mol': 1, 'L3_out_dim': 128, 'L3_dropout': 0.2747870776525231, 'n_mlp_layers': 1, 'mlp_dim_0': 176, 'num_heads': 1, 'final_dropout': 0.17750954483803194, 'train_learning_rate': 0.0008019507306898265, 'train_lr_reduce': 0.6}. Best is trial 570 with value: 0.00952998548746109.
[I 2024-12-24 22:14:17,361] Trial 729 finished with value: 0.012040257453918457 and parameters: {'L1_hidden_dim': 96, 'L1_layers_atom': 1, 'L1_layers_mol': 3, 'L1_dropout': 0.06750551908493668, 'L1_out_dim': 96, 'L2_hidden_dim': 192, 'L2_layers_atom': 3, 'L2_layers_mol': 1, 'L2_out_dim': 96, 'L2_dropout': 0.01268434423875257, 'L3_hidden_dim': 96, 'L3_layers_atom': 2, 'L3_layers_mol': 3, 'L3_out_dim': 64, 'L3_dropout': 0.13194397050164253, 'n_mlp_layers': 2, 'mlp_dim_0': 488, 'mlp_dim_1': 320, 'num_heads': 1, 'final_dropout': 0.0892972885497223, 'train_learning_rate': 0.0008073029266027021, 'train_lr_reduce': 0.6}. Best is trial 570 with value: 0.00952998548746109.
[I 2024-12-24 22:14:20,063] Trial 728 finished with value: 0.010116946883499622 and parameters: {'L1_hidden_dim': 256, 'L1_layers_atom': 4, 'L1_layers_mol': 3, 'L1_dropout': 0.0007991984595694581, 'L1_out_dim': 32, 'L2_hidden_dim': 208, 'L2_layers_atom': 4, 'L2_layers_mol': 1, 'L2_out_dim': 32, 'L2_dropout': 0.14449159285234822, 'L3_hidden_dim': 128, 'L3_layers_atom': 4, 'L3_layers_mol': 4, 'L3_out_dim': 128, 'L3_dropout': 0.19966453976355072, 'n_mlp_layers': 3, 'mlp_dim_0': 304, 'mlp_dim_1': 280, 'mlp_dim_2': 128, 'num_heads': 2, 'final_dropout': 0.05803381195820593, 'train_learning_rate': 0.0008841849050023557, 'train_lr_reduce': 0.6}. Best is trial 570 with value: 0.00952998548746109.
[I 2024-12-24 22:14:39,412] Trial 730 finished with value: 0.049639951437711716 and parameters: {'L1_hidden_dim': 256, 'L1_layers_atom': 4, 'L1_layers_mol': 4, 'L1_dropout': 0.0716753733526786, 'L1_out_dim': 64, 'L2_hidden_dim': 128, 'L2_layers_atom': 3, 'L2_layers_mol': 3, 'L2_out_dim': 64, 'L2_dropout': 0.029290678484545182, 'L3_hidden_dim': 96, 'L3_layers_atom': 3, 'L3_layers_mol': 4, 'L3_out_dim': 112, 'L3_dropout': 0.17103162479883924, 'n_mlp_layers': 3, 'mlp_dim_0': 240, 'mlp_dim_1': 328, 'mlp_dim_2': 272, 'num_heads': 2, 'final_dropout': 0.15730794468418727, 'train_learning_rate': 0.0015195861026057712, 'train_lr_reduce': 0.6}. Best is trial 570 with value: 0.00952998548746109.
[I 2024-12-24 22:16:23,409] Trial 732 finished with value: 0.011388848535716534 and parameters: {'L1_hidden_dim': 240, 'L1_layers_atom': 3, 'L1_layers_mol': 4, 'L1_dropout': 0.06158814053001087, 'L1_out_dim': 32, 'L2_hidden_dim': 192, 'L2_layers_atom': 4, 'L2_layers_mol': 1, 'L2_out_dim': 48, 'L2_dropout': 0.17731512945884956, 'L3_hidden_dim': 112, 'L3_layers_atom': 3, 'L3_layers_mol': 4, 'L3_out_dim': 80, 'L3_dropout': 0.18257315671982965, 'n_mlp_layers': 2, 'mlp_dim_0': 272, 'mlp_dim_1': 280, 'num_heads': 2, 'final_dropout': 0.11587396555980684, 'train_learning_rate': 0.0013423585788538126, 'train_lr_reduce': 0.6}. Best is trial 570 with value: 0.00952998548746109.
[I 2024-12-24 22:16:29,595] Trial 731 finished with value: 0.012724416330456734 and parameters: {'L1_hidden_dim': 224, 'L1_layers_atom': 4, 'L1_layers_mol': 4, 'L1_dropout': 0.08020953816405957, 'L1_out_dim': 32, 'L2_hidden_dim': 112, 'L2_layers_atom': 4, 'L2_layers_mol': 3, 'L2_out_dim': 64, 'L2_dropout': 0.13104851768610426, 'L3_hidden_dim': 48, 'L3_layers_atom': 4, 'L3_layers_mol': 1, 'L3_out_dim': 128, 'L3_dropout': 0.2612276551430204, 'n_mlp_layers': 1, 'mlp_dim_0': 376, 'num_heads': 2, 'final_dropout': 0.19714483129871016, 'train_learning_rate': 0.0011741190532477083, 'train_lr_reduce': 0.6}. Best is trial 570 with value: 0.00952998548746109.
[I 2024-12-24 22:16:43,100] Trial 733 finished with value: 0.011127559468150139 and parameters: {'L1_hidden_dim': 256, 'L1_layers_atom': 3, 'L1_layers_mol': 2, 'L1_dropout': 0.02707816958085199, 'L1_out_dim': 32, 'L2_hidden_dim': 240, 'L2_layers_atom': 3, 'L2_layers_mol': 2, 'L2_out_dim': 48, 'L2_dropout': 0.13706528680127378, 'L3_hidden_dim': 128, 'L3_layers_atom': 4, 'L3_layers_mol': 3, 'L3_out_dim': 128, 'L3_dropout': 0.15154803185830268, 'n_mlp_layers': 3, 'mlp_dim_0': 312, 'mlp_dim_1': 328, 'mlp_dim_2': 120, 'num_heads': 1, 'final_dropout': 0.0851268973817273, 'train_learning_rate': 0.0003690450791797338, 'train_lr_reduce': 0.6}. Best is trial 570 with value: 0.00952998548746109.
[I 2024-12-24 22:17:33,547] Trial 735 finished with value: 0.15810294449329376 and parameters: {'L1_hidden_dim': 256, 'L1_layers_atom': 2, 'L1_layers_mol': 3, 'L1_dropout': 0.15629523557392994, 'L1_out_dim': 112, 'L2_hidden_dim': 112, 'L2_layers_atom': 4, 'L2_layers_mol': 1, 'L2_out_dim': 32, 'L2_dropout': 0.021561411835247752, 'L3_hidden_dim': 80, 'L3_layers_atom': 4, 'L3_layers_mol': 2, 'L3_out_dim': 112, 'L3_dropout': 0.2753956194762578, 'n_mlp_layers': 1, 'mlp_dim_0': 456, 'num_heads': 2, 'final_dropout': 0.1413525481829803, 'train_learning_rate': 0.000970483643965197, 'train_lr_reduce': 0.6}. Best is trial 570 with value: 0.00952998548746109.
[I 2024-12-24 22:19:11,241] Trial 736 finished with value: 0.01155137550085783 and parameters: {'L1_hidden_dim': 256, 'L1_layers_atom': 4, 'L1_layers_mol': 4, 'L1_dropout': 0.07362304593456856, 'L1_out_dim': 32, 'L2_hidden_dim': 160, 'L2_layers_atom': 4, 'L2_layers_mol': 1, 'L2_out_dim': 64, 'L2_dropout': 0.15474676682259345, 'L3_hidden_dim': 128, 'L3_layers_atom': 4, 'L3_layers_mol': 4, 'L3_out_dim': 112, 'L3_dropout': 0.2624974173276064, 'n_mlp_layers': 3, 'mlp_dim_0': 320, 'mlp_dim_1': 272, 'mlp_dim_2': 136, 'num_heads': 2, 'final_dropout': 0.12076426442094795, 'train_learning_rate': 0.0010297141120283663, 'train_lr_reduce': 0.6}. Best is trial 570 with value: 0.00952998548746109.
[I 2024-12-24 22:19:21,725] Trial 734 finished with value: 0.010267847217619419 and parameters: {'L1_hidden_dim': 256, 'L1_layers_atom': 4, 'L1_layers_mol': 2, 'L1_dropout': 0.02097865715671699, 'L1_out_dim': 32, 'L2_hidden_dim': 224, 'L2_layers_atom': 4, 'L2_layers_mol': 1, 'L2_out_dim': 64, 'L2_dropout': 0.1166022560105147, 'L3_hidden_dim': 128, 'L3_layers_atom': 4, 'L3_layers_mol': 3, 'L3_out_dim': 128, 'L3_dropout': 0.2242030038545952, 'n_mlp_layers': 3, 'mlp_dim_0': 216, 'mlp_dim_1': 296, 'mlp_dim_2': 120, 'num_heads': 2, 'final_dropout': 0.09783624646417968, 'train_learning_rate': 0.0005266518706912386, 'train_lr_reduce': 0.6}. Best is trial 570 with value: 0.00952998548746109.
[I 2024-12-24 22:20:24,424] Trial 737 finished with value: 0.011968228034675121 and parameters: {'L1_hidden_dim': 224, 'L1_layers_atom': 3, 'L1_layers_mol': 4, 'L1_dropout': 0.045402601395998644, 'L1_out_dim': 48, 'L2_hidden_dim': 256, 'L2_layers_atom': 3, 'L2_layers_mol': 1, 'L2_out_dim': 48, 'L2_dropout': 0.11511416816098827, 'L3_hidden_dim': 128, 'L3_layers_atom': 4, 'L3_layers_mol': 4, 'L3_out_dim': 128, 'L3_dropout': 0.2171547487438001, 'n_mlp_layers': 3, 'mlp_dim_0': 248, 'mlp_dim_1': 312, 'mlp_dim_2': 80, 'num_heads': 2, 'final_dropout': 0.04020743740790329, 'train_learning_rate': 0.0012220279975670015, 'train_lr_reduce': 0.6}. Best is trial 570 with value: 0.00952998548746109.
[I 2024-12-24 22:22:06,220] Trial 740 finished with value: 0.011938833631575108 and parameters: {'L1_hidden_dim': 176, 'L1_layers_atom': 4, 'L1_layers_mol': 1, 'L1_dropout': 0.10959278462207817, 'L1_out_dim': 64, 'L2_hidden_dim': 176, 'L2_layers_atom': 4, 'L2_layers_mol': 1, 'L2_out_dim': 64, 'L2_dropout': 0.18345798150337506, 'L3_hidden_dim': 112, 'L3_layers_atom': 4, 'L3_layers_mol': 3, 'L3_out_dim': 128, 'L3_dropout': 0.21675949863772495, 'n_mlp_layers': 3, 'mlp_dim_0': 288, 'mlp_dim_1': 280, 'mlp_dim_2': 120, 'num_heads': 2, 'final_dropout': 0.21933068054971339, 'train_learning_rate': 0.0009775310905680737, 'train_lr_reduce': 0.6}. Best is trial 570 with value: 0.00952998548746109.
