[I 2024-12-19 08:03:56,509] Trial 831 finished with value: 1.4674630165100098 and parameters: {'mlp_n_layers': 4, 'mlp_dim_00': 417, 'mlp_dim_01': 110, 'mlp_dim_02': 65, 'mlp_dim_03': 191, 'node_hidden_dim': 127, 'edge_hidden_dim': 65, 'depth': 2, 'rep_dropout': 0.10975200827187197, 'train_learning_rate': 0.0031606069805863446, 'train_lr_reduce': 0.6}. Best is trial 156 with value: 0.33254924416542053.
[I 2024-12-19 08:03:57,124] Trial 832 finished with value: 1.3602142333984375 and parameters: {'mlp_n_layers': 4, 'mlp_dim_00': 297, 'mlp_dim_01': 100, 'mlp_dim_02': 463, 'mlp_dim_03': 241, 'node_hidden_dim': 125, 'edge_hidden_dim': 54, 'depth': 2, 'rep_dropout': 0.13844464918800742, 'train_learning_rate': 0.0051354815522218, 'train_lr_reduce': 0.6}. Best is trial 156 with value: 0.33254924416542053.
[I 2024-12-19 08:03:58,255] Trial 833 finished with value: 1.3977924585342407 and parameters: {'mlp_n_layers': 3, 'mlp_dim_00': 271, 'mlp_dim_01': 103, 'mlp_dim_02': 110, 'node_hidden_dim': 120, 'edge_hidden_dim': 76, 'depth': 2, 'rep_dropout': 0.005035073345620963, 'train_learning_rate': 0.006260639024909581, 'train_lr_reduce': 0.6}. Best is trial 156 with value: 0.33254924416542053.
[I 2024-12-19 08:04:02,620] Trial 835 finished with value: 1.5851812362670898 and parameters: {'mlp_n_layers': 2, 'mlp_dim_00': 83, 'mlp_dim_01': 67, 'node_hidden_dim': 91, 'edge_hidden_dim': 76, 'depth': 4, 'rep_dropout': 0.17729137213524016, 'train_learning_rate': 0.00027592867029178523, 'train_lr_reduce': 0.6}. Best is trial 156 with value: 0.33254924416542053.
[I 2024-12-19 08:04:05,404] Trial 834 finished with value: 1.4128493070602417 and parameters: {'mlp_n_layers': 4, 'mlp_dim_00': 296, 'mlp_dim_01': 97, 'mlp_dim_02': 216, 'mlp_dim_03': 115, 'node_hidden_dim': 118, 'edge_hidden_dim': 85, 'depth': 3, 'rep_dropout': 0.0830805123208822, 'train_learning_rate': 0.0029466252872863406, 'train_lr_reduce': 0.6}. Best is trial 156 with value: 0.33254924416542053.
[I 2024-12-19 08:04:05,668] Trial 836 finished with value: 1.182130217552185 and parameters: {'mlp_n_layers': 3, 'mlp_dim_00': 338, 'mlp_dim_01': 201, 'mlp_dim_02': 341, 'node_hidden_dim': 126, 'edge_hidden_dim': 74, 'depth': 2, 'rep_dropout': 0.002763432194281358, 'train_learning_rate': 0.008822833754064481, 'train_lr_reduce': 0.6}. Best is trial 156 with value: 0.33254924416542053.
[I 2024-12-19 08:04:07,077] Trial 837 finished with value: 1.2898956537246704 and parameters: {'mlp_n_layers': 2, 'mlp_dim_00': 255, 'mlp_dim_01': 86, 'node_hidden_dim': 124, 'edge_hidden_dim': 71, 'depth': 2, 'rep_dropout': 0.04400481395746144, 'train_learning_rate': 0.006781909839634564, 'train_lr_reduce': 0.6}. Best is trial 156 with value: 0.33254924416542053.
[I 2024-12-19 08:04:10,071] Trial 838 finished with value: 1.545021653175354 and parameters: {'mlp_n_layers': 3, 'mlp_dim_00': 254, 'mlp_dim_01': 140, 'mlp_dim_02': 148, 'node_hidden_dim': 44, 'edge_hidden_dim': 59, 'depth': 2, 'rep_dropout': 0.2061656902581935, 'train_learning_rate': 0.002372636574567027, 'train_lr_reduce': 0.6}. Best is trial 156 with value: 0.33254924416542053.
[I 2024-12-19 08:04:10,532] Trial 839 finished with value: 1.351143479347229 and parameters: {'mlp_n_layers': 3, 'mlp_dim_00': 424, 'mlp_dim_01': 437, 'mlp_dim_02': 279, 'node_hidden_dim': 94, 'edge_hidden_dim': 94, 'depth': 2, 'rep_dropout': 0.1279047325222955, 'train_learning_rate': 0.00704893613153099, 'train_lr_reduce': 0.6}. Best is trial 156 with value: 0.33254924416542053.
[I 2024-12-19 08:04:11,789] Trial 840 finished with value: 1.3812987804412842 and parameters: {'mlp_n_layers': 2, 'mlp_dim_00': 339, 'mlp_dim_01': 94, 'node_hidden_dim': 103, 'edge_hidden_dim': 50, 'depth': 2, 'rep_dropout': 0.02384327569048237, 'train_learning_rate': 0.0052874229561789225, 'train_lr_reduce': 0.6}. Best is trial 156 with value: 0.33254924416542053.
[I 2024-12-19 08:04:15,509] Trial 842 finished with value: 1.5562647581100464 and parameters: {'mlp_n_layers': 2, 'mlp_dim_00': 507, 'mlp_dim_01': 435, 'node_hidden_dim': 95, 'edge_hidden_dim': 106, 'depth': 4, 'rep_dropout': 0.1882900494041986, 'train_learning_rate': 0.00013974076297661582, 'train_lr_reduce': 0.6}. Best is trial 156 with value: 0.33254924416542053.
[I 2024-12-19 08:04:17,704] Trial 843 finished with value: 1.2845920324325562 and parameters: {'mlp_n_layers': 4, 'mlp_dim_00': 499, 'mlp_dim_01': 240, 'mlp_dim_02': 431, 'mlp_dim_03': 192, 'node_hidden_dim': 124, 'edge_hidden_dim': 43, 'depth': 4, 'rep_dropout': 0.16276284424722967, 'train_learning_rate': 0.00997446542543511, 'train_lr_reduce': 0.6}. Best is trial 156 with value: 0.33254924416542053.
[I 2024-12-19 08:04:19,557] Trial 844 finished with value: 1.4357185363769531 and parameters: {'mlp_n_layers': 3, 'mlp_dim_00': 248, 'mlp_dim_01': 191, 'mlp_dim_02': 187, 'node_hidden_dim': 122, 'edge_hidden_dim': 60, 'depth': 2, 'rep_dropout': 0.015376391810842074, 'train_learning_rate': 0.00243887277332393, 'train_lr_reduce': 0.6}. Best is trial 156 with value: 0.33254924416542053.
[I 2024-12-19 08:04:23,341] Trial 845 finished with value: 1.445173740386963 and parameters: {'mlp_n_layers': 4, 'mlp_dim_00': 391, 'mlp_dim_01': 102, 'mlp_dim_02': 511, 'mlp_dim_03': 113, 'node_hidden_dim': 105, 'edge_hidden_dim': 32, 'depth': 3, 'rep_dropout': 0.1445058332912744, 'train_learning_rate': 0.009404162768191358, 'train_lr_reduce': 0.6}. Best is trial 156 with value: 0.33254924416542053.
[I 2024-12-19 08:04:25,353] Trial 846 finished with value: 1.4707159996032715 and parameters: {'mlp_n_layers': 4, 'mlp_dim_00': 381, 'mlp_dim_01': 509, 'mlp_dim_02': 250, 'mlp_dim_03': 232, 'node_hidden_dim': 113, 'edge_hidden_dim': 128, 'depth': 2, 'rep_dropout': 0.09945425018098444, 'train_learning_rate': 0.002809201655075839, 'train_lr_reduce': 0.6}. Best is trial 156 with value: 0.33254924416542053.
[I 2024-12-19 08:04:26,395] Trial 841 finished with value: 0.6011212468147278 and parameters: {'mlp_n_layers': 4, 'mlp_dim_00': 118, 'mlp_dim_01': 77, 'mlp_dim_02': 109, 'mlp_dim_03': 297, 'node_hidden_dim': 102, 'edge_hidden_dim': 85, 'depth': 2, 'rep_dropout': 0.07697149160537514, 'train_learning_rate': 0.003996038700978813, 'train_lr_reduce': 0.6}. Best is trial 156 with value: 0.33254924416542053.
[I 2024-12-19 08:04:27,647] Trial 847 finished with value: 1.289632797241211 and parameters: {'mlp_n_layers': 3, 'mlp_dim_00': 68, 'mlp_dim_01': 350, 'mlp_dim_02': 315, 'node_hidden_dim': 37, 'edge_hidden_dim': 91, 'depth': 2, 'rep_dropout': 0.2169532877242078, 'train_learning_rate': 0.005210107326772316, 'train_lr_reduce': 0.6}. Best is trial 156 with value: 0.33254924416542053.
[I 2024-12-19 08:04:29,576] Trial 848 finished with value: 1.5444709062576294 and parameters: {'mlp_n_layers': 3, 'mlp_dim_00': 339, 'mlp_dim_01': 215, 'mlp_dim_02': 146, 'node_hidden_dim': 108, 'edge_hidden_dim': 36, 'depth': 2, 'rep_dropout': 0.018020455270770203, 'train_learning_rate': 0.00669343495858715, 'train_lr_reduce': 0.6}. Best is trial 156 with value: 0.33254924416542053.
[I 2024-12-19 08:04:30,818] Trial 849 finished with value: 1.4352593421936035 and parameters: {'mlp_n_layers': 2, 'mlp_dim_00': 372, 'mlp_dim_01': 282, 'node_hidden_dim': 114, 'edge_hidden_dim': 120, 'depth': 4, 'rep_dropout': 0.188448226852115, 'train_learning_rate': 0.0007990855313892725, 'train_lr_reduce': 0.6}. Best is trial 156 with value: 0.33254924416542053.
[I 2024-12-19 08:04:31,460] Trial 850 finished with value: 1.397575855255127 and parameters: {'mlp_n_layers': 3, 'mlp_dim_00': 110, 'mlp_dim_01': 272, 'mlp_dim_02': 64, 'node_hidden_dim': 124, 'edge_hidden_dim': 95, 'depth': 2, 'rep_dropout': 0.017378841704574294, 'train_learning_rate': 0.002751392552651653, 'train_lr_reduce': 0.6}. Best is trial 156 with value: 0.33254924416542053.
[I 2024-12-19 08:04:35,027] Trial 851 finished with value: 1.4272654056549072 and parameters: {'mlp_n_layers': 4, 'mlp_dim_00': 277, 'mlp_dim_01': 76, 'mlp_dim_02': 468, 'mlp_dim_03': 165, 'node_hidden_dim': 56, 'edge_hidden_dim': 81, 'depth': 3, 'rep_dropout': 0.2326126725851161, 'train_learning_rate': 0.006943077034680573, 'train_lr_reduce': 0.6}. Best is trial 156 with value: 0.33254924416542053.
[I 2024-12-19 08:04:35,434] Trial 852 finished with value: 1.4533897638320923 and parameters: {'mlp_n_layers': 3, 'mlp_dim_00': 260, 'mlp_dim_01': 78, 'mlp_dim_02': 226, 'node_hidden_dim': 122, 'edge_hidden_dim': 63, 'depth': 2, 'rep_dropout': 0.1161348316501524, 'train_learning_rate': 0.009156946601726985, 'train_lr_reduce': 0.6}. Best is trial 156 with value: 0.33254924416542053.
[I 2024-12-19 08:04:36,218] Trial 853 finished with value: 1.283345103263855 and parameters: {'mlp_n_layers': 3, 'mlp_dim_00': 456, 'mlp_dim_01': 183, 'mlp_dim_02': 132, 'node_hidden_dim': 126, 'edge_hidden_dim': 56, 'depth': 3, 'rep_dropout': 0.17930480786735686, 'train_learning_rate': 0.005728024708314942, 'train_lr_reduce': 0.6}. Best is trial 156 with value: 0.33254924416542053.
[I 2024-12-19 08:04:40,211] Trial 854 finished with value: 1.4372793436050415 and parameters: {'mlp_n_layers': 4, 'mlp_dim_00': 336, 'mlp_dim_01': 169, 'mlp_dim_02': 362, 'mlp_dim_03': 278, 'node_hidden_dim': 122, 'edge_hidden_dim': 106, 'depth': 2, 'rep_dropout': 0.034460920546876626, 'train_learning_rate': 0.0048653741645213276, 'train_lr_reduce': 0.6}. Best is trial 156 with value: 0.33254924416542053.
[I 2024-12-19 08:04:40,218] Trial 855 finished with value: 1.4663060903549194 and parameters: {'mlp_n_layers': 2, 'mlp_dim_00': 382, 'mlp_dim_01': 492, 'node_hidden_dim': 91, 'edge_hidden_dim': 62, 'depth': 4, 'rep_dropout': 0.12355625031705744, 'train_learning_rate': 0.002545122010912105, 'train_lr_reduce': 0.6}. Best is trial 156 with value: 0.33254924416542053.
[I 2024-12-19 08:04:40,419] Trial 856 finished with value: 1.5807281732559204 and parameters: {'mlp_n_layers': 3, 'mlp_dim_00': 460, 'mlp_dim_01': 259, 'mlp_dim_02': 283, 'node_hidden_dim': 73, 'edge_hidden_dim': 32, 'depth': 3, 'rep_dropout': 0.10883140151772328, 'train_learning_rate': 0.0003286709687541788, 'train_lr_reduce': 0.6}. Best is trial 156 with value: 0.33254924416542053.
[I 2024-12-19 08:04:44,300] Trial 857 finished with value: 1.4497133493423462 and parameters: {'mlp_n_layers': 4, 'mlp_dim_00': 250, 'mlp_dim_01': 338, 'mlp_dim_02': 102, 'mlp_dim_03': 65, 'node_hidden_dim': 88, 'edge_hidden_dim': 48, 'depth': 2, 'rep_dropout': 0.1392125692463695, 'train_learning_rate': 0.00012431320460373215, 'train_lr_reduce': 0.6}. Best is trial 156 with value: 0.33254924416542053.
[I 2024-12-19 08:04:45,157] Trial 859 finished with value: 1.286499261856079 and parameters: {'mlp_n_layers': 4, 'mlp_dim_00': 224, 'mlp_dim_01': 200, 'mlp_dim_02': 259, 'mlp_dim_03': 512, 'node_hidden_dim': 128, 'edge_hidden_dim': 98, 'depth': 2, 'rep_dropout': 0.053212132062149566, 'train_learning_rate': 0.009754708204769355, 'train_lr_reduce': 0.6}. Best is trial 156 with value: 0.33254924416542053.
[I 2024-12-19 08:04:45,296] Trial 858 finished with value: 1.4150152206420898 and parameters: {'mlp_n_layers': 4, 'mlp_dim_00': 374, 'mlp_dim_01': 337, 'mlp_dim_02': 189, 'mlp_dim_03': 209, 'node_hidden_dim': 121, 'edge_hidden_dim': 75, 'depth': 2, 'rep_dropout': 0.12536694468444004, 'train_learning_rate': 0.0038971540996792374, 'train_lr_reduce': 0.6}. Best is trial 156 with value: 0.33254924416542053.
[I 2024-12-19 08:04:48,954] Trial 860 finished with value: 1.563019871711731 and parameters: {'mlp_n_layers': 3, 'mlp_dim_00': 269, 'mlp_dim_01': 495, 'mlp_dim_02': 108, 'node_hidden_dim': 117, 'edge_hidden_dim': 118, 'depth': 4, 'rep_dropout': 0.09040094367851413, 'train_learning_rate': 0.00022369653974777385, 'train_lr_reduce': 0.6}. Best is trial 156 with value: 0.33254924416542053.
[I 2024-12-19 08:04:50,164] Trial 862 finished with value: 1.5046857595443726 and parameters: {'mlp_n_layers': 4, 'mlp_dim_00': 218, 'mlp_dim_01': 182, 'mlp_dim_02': 313, 'mlp_dim_03': 262, 'node_hidden_dim': 43, 'edge_hidden_dim': 83, 'depth': 2, 'rep_dropout': 0.16407395390845408, 'train_learning_rate': 0.001966132650773295, 'train_lr_reduce': 0.6}. Best is trial 156 with value: 0.33254924416542053.
[I 2024-12-19 08:04:56,958] Trial 861 finished with value: 0.4655137062072754 and parameters: {'mlp_n_layers': 4, 'mlp_dim_00': 511, 'mlp_dim_01': 288, 'mlp_dim_02': 468, 'mlp_dim_03': 119, 'node_hidden_dim': 122, 'edge_hidden_dim': 116, 'depth': 3, 'rep_dropout': 0.103784269183508, 'train_learning_rate': 0.003947345757697271, 'train_lr_reduce': 0.6}. Best is trial 156 with value: 0.33254924416542053.
[I 2024-12-19 08:05:01,362] Trial 865 finished with value: 1.4999310970306396 and parameters: {'mlp_n_layers': 4, 'mlp_dim_00': 76, 'mlp_dim_01': 72, 'mlp_dim_02': 428, 'mlp_dim_03': 220, 'node_hidden_dim': 69, 'edge_hidden_dim': 114, 'depth': 2, 'rep_dropout': 0.2103130415654919, 'train_learning_rate': 0.002781442075675052, 'train_lr_reduce': 0.6}. Best is trial 156 with value: 0.33254924416542053.
[I 2024-12-19 08:05:03,534] Trial 863 finished with value: 0.4526035487651825 and parameters: {'mlp_n_layers': 4, 'mlp_dim_00': 474, 'mlp_dim_01': 422, 'mlp_dim_02': 155, 'mlp_dim_03': 162, 'node_hidden_dim': 106, 'edge_hidden_dim': 90, 'depth': 2, 'rep_dropout': 0.0772895339895191, 'train_learning_rate': 0.0033120391769904246, 'train_lr_reduce': 0.6}. Best is trial 156 with value: 0.33254924416542053.
[I 2024-12-19 08:05:05,202] Trial 864 finished with value: 0.39661693572998047 and parameters: {'mlp_n_layers': 3, 'mlp_dim_00': 177, 'mlp_dim_01': 70, 'mlp_dim_02': 235, 'node_hidden_dim': 124, 'edge_hidden_dim': 46, 'depth': 2, 'rep_dropout': 0.03635275267314431, 'train_learning_rate': 0.008029717865262511, 'train_lr_reduce': 0.6}. Best is trial 156 with value: 0.33254924416542053.
[I 2024-12-19 08:05:05,335] Trial 866 finished with value: 1.3775898218154907 and parameters: {'mlp_n_layers': 3, 'mlp_dim_00': 203, 'mlp_dim_01': 210, 'mlp_dim_02': 102, 'node_hidden_dim': 113, 'edge_hidden_dim': 63, 'depth': 2, 'rep_dropout': 0.08042350225034417, 'train_learning_rate': 0.004020820307001808, 'train_lr_reduce': 0.6}. Best is trial 156 with value: 0.33254924416542053.
[I 2024-12-19 08:05:08,281] Trial 867 finished with value: 1.5294748544692993 and parameters: {'mlp_n_layers': 4, 'mlp_dim_00': 345, 'mlp_dim_01': 203, 'mlp_dim_02': 303, 'mlp_dim_03': 65, 'node_hidden_dim': 127, 'edge_hidden_dim': 101, 'depth': 2, 'rep_dropout': 0.10634726681488989, 'train_learning_rate': 0.001691193673295022, 'train_lr_reduce': 0.6}. Best is trial 156 with value: 0.33254924416542053.
[I 2024-12-19 08:05:10,262] Trial 868 finished with value: 1.4024395942687988 and parameters: {'mlp_n_layers': 3, 'mlp_dim_00': 117, 'mlp_dim_01': 108, 'mlp_dim_02': 234, 'node_hidden_dim': 116, 'edge_hidden_dim': 71, 'depth': 2, 'rep_dropout': 0.004639004878644756, 'train_learning_rate': 0.00975837876245801, 'train_lr_reduce': 0.6}. Best is trial 156 with value: 0.33254924416542053.
[I 2024-12-19 08:05:12,623] Trial 870 finished with value: 1.3007581233978271 and parameters: {'mlp_n_layers': 3, 'mlp_dim_00': 236, 'mlp_dim_01': 202, 'mlp_dim_02': 241, 'node_hidden_dim': 121, 'edge_hidden_dim': 51, 'depth': 2, 'rep_dropout': 0.044126150791259575, 'train_learning_rate': 0.005850979792935203, 'train_lr_reduce': 0.6}. Best is trial 156 with value: 0.33254924416542053.
[I 2024-12-19 08:05:12,643] Trial 869 finished with value: 1.35404634475708 and parameters: {'mlp_n_layers': 3, 'mlp_dim_00': 106, 'mlp_dim_01': 79, 'mlp_dim_02': 223, 'node_hidden_dim': 114, 'edge_hidden_dim': 72, 'depth': 3, 'rep_dropout': 0.05826643657001272, 'train_learning_rate': 0.0059065359379310775, 'train_lr_reduce': 0.6}. Best is trial 156 with value: 0.33254924416542053.
[I 2024-12-19 08:05:14,845] Trial 871 finished with value: 1.570670485496521 and parameters: {'mlp_n_layers': 4, 'mlp_dim_00': 70, 'mlp_dim_01': 291, 'mlp_dim_02': 259, 'mlp_dim_03': 327, 'node_hidden_dim': 112, 'edge_hidden_dim': 116, 'depth': 3, 'rep_dropout': 0.11269072662089955, 'train_learning_rate': 0.00024427214002041016, 'train_lr_reduce': 0.6}. Best is trial 156 with value: 0.33254924416542053.
[I 2024-12-19 08:05:17,485] Trial 872 finished with value: 1.5780287981033325 and parameters: {'mlp_n_layers': 3, 'mlp_dim_00': 493, 'mlp_dim_01': 77, 'mlp_dim_02': 259, 'node_hidden_dim': 91, 'edge_hidden_dim': 84, 'depth': 3, 'rep_dropout': 0.03228167331429946, 'train_learning_rate': 0.00020778293663312587, 'train_lr_reduce': 0.6}. Best is trial 156 with value: 0.33254924416542053.
[I 2024-12-19 08:05:19,190] Trial 874 finished with value: 1.4513623714447021 and parameters: {'mlp_n_layers': 3, 'mlp_dim_00': 244, 'mlp_dim_01': 66, 'mlp_dim_02': 264, 'node_hidden_dim': 110, 'edge_hidden_dim': 99, 'depth': 2, 'rep_dropout': 0.0023593337701916734, 'train_learning_rate': 0.0019046571104402441, 'train_lr_reduce': 0.6}. Best is trial 156 with value: 0.33254924416542053.
[I 2024-12-19 08:05:22,835] Trial 875 finished with value: 1.494642734527588 and parameters: {'mlp_n_layers': 3, 'mlp_dim_00': 212, 'mlp_dim_01': 181, 'mlp_dim_02': 216, 'node_hidden_dim': 115, 'edge_hidden_dim': 66, 'depth': 3, 'rep_dropout': 0.0006761403881587209, 'train_learning_rate': 0.004031244558684124, 'train_lr_reduce': 0.6}. Best is trial 156 with value: 0.33254924416542053.
[I 2024-12-19 08:05:29,488] Trial 873 finished with value: 1.4041414260864258 and parameters: {'mlp_n_layers': 4, 'mlp_dim_00': 479, 'mlp_dim_01': 450, 'mlp_dim_02': 224, 'mlp_dim_03': 307, 'node_hidden_dim': 111, 'edge_hidden_dim': 37, 'depth': 4, 'rep_dropout': 0.055899226408782116, 'train_learning_rate': 0.0005098203348018231, 'train_lr_reduce': 0.6}. Best is trial 156 with value: 0.33254924416542053.
[I 2024-12-19 08:05:32,968] Trial 877 finished with value: 1.366575837135315 and parameters: {'mlp_n_layers': 4, 'mlp_dim_00': 427, 'mlp_dim_01': 407, 'mlp_dim_02': 305, 'mlp_dim_03': 274, 'node_hidden_dim': 126, 'edge_hidden_dim': 91, 'depth': 2, 'rep_dropout': 0.1080271710170616, 'train_learning_rate': 0.0006957860857965253, 'train_lr_reduce': 0.6}. Best is trial 156 with value: 0.33254924416542053.
[I 2024-12-19 08:05:35,406] Trial 876 finished with value: 0.397831529378891 and parameters: {'mlp_n_layers': 4, 'mlp_dim_00': 405, 'mlp_dim_01': 68, 'mlp_dim_02': 265, 'mlp_dim_03': 271, 'node_hidden_dim': 99, 'edge_hidden_dim': 56, 'depth': 2, 'rep_dropout': 0.09642137345780574, 'train_learning_rate': 0.0030037004954082836, 'train_lr_reduce': 0.6}. Best is trial 156 with value: 0.33254924416542053.
[I 2024-12-19 08:05:37,293] Trial 879 finished with value: 1.3477696180343628 and parameters: {'mlp_n_layers': 4, 'mlp_dim_00': 67, 'mlp_dim_01': 103, 'mlp_dim_02': 347, 'mlp_dim_03': 111, 'node_hidden_dim': 119, 'edge_hidden_dim': 81, 'depth': 2, 'rep_dropout': 0.071683499913652, 'train_learning_rate': 0.00622239242955088, 'train_lr_reduce': 0.6}. Best is trial 156 with value: 0.33254924416542053.
[I 2024-12-19 08:05:39,834] Trial 880 finished with value: 1.3024060726165771 and parameters: {'mlp_n_layers': 3, 'mlp_dim_00': 218, 'mlp_dim_01': 142, 'mlp_dim_02': 257, 'node_hidden_dim': 119, 'edge_hidden_dim': 45, 'depth': 2, 'rep_dropout': 0.030448211804383916, 'train_learning_rate': 0.009120128910053753, 'train_lr_reduce': 0.6}. Best is trial 156 with value: 0.33254924416542053.
[I 2024-12-19 08:05:40,658] Trial 878 finished with value: 0.5003600716590881 and parameters: {'mlp_n_layers': 3, 'mlp_dim_00': 172, 'mlp_dim_01': 66, 'mlp_dim_02': 227, 'node_hidden_dim': 119, 'edge_hidden_dim': 45, 'depth': 2, 'rep_dropout': 0.05045062786932979, 'train_learning_rate': 0.0021495396056844286, 'train_lr_reduce': 0.6}. Best is trial 156 with value: 0.33254924416542053.
[I 2024-12-19 08:05:42,270] Trial 881 finished with value: 1.5763628482818604 and parameters: {'mlp_n_layers': 2, 'mlp_dim_00': 350, 'mlp_dim_01': 312, 'node_hidden_dim': 40, 'edge_hidden_dim': 86, 'depth': 2, 'rep_dropout': 0.22575181308796832, 'train_learning_rate': 0.0002498114468860485, 'train_lr_reduce': 0.6}. Best is trial 156 with value: 0.33254924416542053.
[I 2024-12-19 08:05:43,939] Trial 882 finished with value: 1.2927075624465942 and parameters: {'mlp_n_layers': 3, 'mlp_dim_00': 340, 'mlp_dim_01': 148, 'mlp_dim_02': 280, 'node_hidden_dim': 98, 'edge_hidden_dim': 51, 'depth': 2, 'rep_dropout': 0.07437578688395105, 'train_learning_rate': 0.0073661586321626385, 'train_lr_reduce': 0.6}. Best is trial 156 with value: 0.33254924416542053.
[I 2024-12-19 08:05:46,641] Trial 884 finished with value: 1.4898431301116943 and parameters: {'mlp_n_layers': 3, 'mlp_dim_00': 222, 'mlp_dim_01': 126, 'mlp_dim_02': 270, 'node_hidden_dim': 33, 'edge_hidden_dim': 33, 'depth': 4, 'rep_dropout': 0.20819390165766918, 'train_learning_rate': 0.0035792574247312616, 'train_lr_reduce': 0.6}. Best is trial 156 with value: 0.33254924416542053.
[I 2024-12-19 08:05:48,300] Trial 885 finished with value: 1.4828674793243408 and parameters: {'mlp_n_layers': 4, 'mlp_dim_00': 392, 'mlp_dim_01': 146, 'mlp_dim_02': 287, 'mlp_dim_03': 326, 'node_hidden_dim': 96, 'edge_hidden_dim': 43, 'depth': 2, 'rep_dropout': 0.10118116610561688, 'train_learning_rate': 0.00287988857579319, 'train_lr_reduce': 0.6}. Best is trial 156 with value: 0.33254924416542053.
[I 2024-12-19 08:05:50,833] Trial 886 finished with value: 1.322275161743164 and parameters: {'mlp_n_layers': 3, 'mlp_dim_00': 78, 'mlp_dim_01': 80, 'mlp_dim_02': 250, 'node_hidden_dim': 119, 'edge_hidden_dim': 45, 'depth': 2, 'rep_dropout': 0.04235590695808304, 'train_learning_rate': 0.007393561540009893, 'train_lr_reduce': 0.6}. Best is trial 156 with value: 0.33254924416542053.
[I 2024-12-19 08:05:53,459] Trial 887 finished with value: 1.2877378463745117 and parameters: {'mlp_n_layers': 3, 'mlp_dim_00': 189, 'mlp_dim_01': 65, 'mlp_dim_02': 303, 'node_hidden_dim': 126, 'edge_hidden_dim': 55, 'depth': 2, 'rep_dropout': 0.07907703242087116, 'train_learning_rate': 0.00798359745175313, 'train_lr_reduce': 0.6}. Best is trial 156 with value: 0.33254924416542053.
