[I 2024-12-26 09:49:17,142] Trial 2347 finished with value: 0.10407113283872604 and parameters: {'L1_hidden_dim': 80, 'L1_layers_atom': 4, 'L1_layers_mol': 4, 'L1_dropout': 0.25985814383735645, 'L1_out_dim': 32, 'L2_hidden_dim': 144, 'L2_layers_atom': 1, 'L2_layers_mol': 4, 'L2_out_dim': 112, 'L2_dropout': 0.07922380818412339, 'L3_hidden_dim': 96, 'L3_layers_atom': 4, 'L3_layers_mol': 1, 'L3_out_dim': 32, 'L3_dropout': 0.19466730081464717, 'n_mlp_layers': 3, 'mlp_dim_0': 248, 'mlp_dim_1': 480, 'mlp_dim_2': 288, 'num_heads': 1, 'final_dropout': 0.08086234094036578, 'train_learning_rate': 0.0007534586586564736, 'train_lr_reduce': 0.6}. Best is trial 1286 with value: 0.03935658559203148.
[I 2024-12-26 09:49:19,939] Trial 2346 finished with value: 0.12179764360189438 and parameters: {'L1_hidden_dim': 240, 'L1_layers_atom': 4, 'L1_layers_mol': 2, 'L1_dropout': 0.020538079989417146, 'L1_out_dim': 64, 'L2_hidden_dim': 256, 'L2_layers_atom': 3, 'L2_layers_mol': 2, 'L2_out_dim': 32, 'L2_dropout': 0.23671254689983087, 'L3_hidden_dim': 128, 'L3_layers_atom': 2, 'L3_layers_mol': 4, 'L3_out_dim': 128, 'L3_dropout': 0.1888976314761314, 'n_mlp_layers': 1, 'mlp_dim_0': 128, 'num_heads': 1, 'final_dropout': 0.247336977482159, 'train_learning_rate': 0.00021607941246064248, 'train_lr_reduce': 0.6}. Best is trial 1286 with value: 0.03935658559203148.
[I 2024-12-26 09:50:32,859] Trial 2350 finished with value: 0.0727178156375885 and parameters: {'L1_hidden_dim': 64, 'L1_layers_atom': 4, 'L1_layers_mol': 2, 'L1_dropout': 0.2388037461326501, 'L1_out_dim': 64, 'L2_hidden_dim': 240, 'L2_layers_atom': 3, 'L2_layers_mol': 3, 'L2_out_dim': 48, 'L2_dropout': 0.14272863890367846, 'L3_hidden_dim': 64, 'L3_layers_atom': 3, 'L3_layers_mol': 3, 'L3_out_dim': 96, 'L3_dropout': 0.023935304090640142, 'n_mlp_layers': 3, 'mlp_dim_0': 392, 'mlp_dim_1': 352, 'mlp_dim_2': 168, 'num_heads': 1, 'final_dropout': 0.06985981774570656, 'train_learning_rate': 0.0013388720592130267, 'train_lr_reduce': 0.6}. Best is trial 1286 with value: 0.03935658559203148.
[I 2024-12-26 09:50:40,579] Trial 2348 finished with value: 0.10635814815759659 and parameters: {'L1_hidden_dim': 224, 'L1_layers_atom': 3, 'L1_layers_mol': 3, 'L1_dropout': 0.19380766289541324, 'L1_out_dim': 112, 'L2_hidden_dim': 128, 'L2_layers_atom': 4, 'L2_layers_mol': 2, 'L2_out_dim': 96, 'L2_dropout': 0.215653787367677, 'L3_hidden_dim': 128, 'L3_layers_atom': 1, 'L3_layers_mol': 4, 'L3_out_dim': 96, 'L3_dropout': 0.2222232255574932, 'n_mlp_layers': 3, 'mlp_dim_0': 176, 'mlp_dim_1': 400, 'mlp_dim_2': 264, 'num_heads': 2, 'final_dropout': 0.21001663788488992, 'train_learning_rate': 0.0023789616057674754, 'train_lr_reduce': 0.6}. Best is trial 1286 with value: 0.03935658559203148.
[I 2024-12-26 09:51:14,644] Trial 2349 finished with value: 0.12657850980758667 and parameters: {'L1_hidden_dim': 96, 'L1_layers_atom': 4, 'L1_layers_mol': 3, 'L1_dropout': 0.18015423817815132, 'L1_out_dim': 96, 'L2_hidden_dim': 192, 'L2_layers_atom': 1, 'L2_layers_mol': 4, 'L2_out_dim': 32, 'L2_dropout': 0.17644578055056187, 'L3_hidden_dim': 80, 'L3_layers_atom': 1, 'L3_layers_mol': 4, 'L3_out_dim': 96, 'L3_dropout': 0.14981436840550738, 'n_mlp_layers': 2, 'mlp_dim_0': 144, 'mlp_dim_1': 448, 'num_heads': 1, 'final_dropout': 0.20153637060834323, 'train_learning_rate': 0.0002941715120461464, 'train_lr_reduce': 0.6}. Best is trial 1286 with value: 0.03935658559203148.
[I 2024-12-26 09:51:52,958] Trial 2351 finished with value: 0.08798089623451233 and parameters: {'L1_hidden_dim': 144, 'L1_layers_atom': 3, 'L1_layers_mol': 1, 'L1_dropout': 0.2910896061329993, 'L1_out_dim': 96, 'L2_hidden_dim': 80, 'L2_layers_atom': 1, 'L2_layers_mol': 2, 'L2_out_dim': 32, 'L2_dropout': 0.01833287823903723, 'L3_hidden_dim': 112, 'L3_layers_atom': 3, 'L3_layers_mol': 2, 'L3_out_dim': 64, 'L3_dropout': 0.03359746545649579, 'n_mlp_layers': 2, 'mlp_dim_0': 400, 'mlp_dim_1': 480, 'num_heads': 2, 'final_dropout': 0.08689471851851979, 'train_learning_rate': 0.0004733750159444392, 'train_lr_reduce': 0.6}. Best is trial 1286 with value: 0.03935658559203148.
[I 2024-12-26 09:52:40,669] Trial 2353 finished with value: 0.09706755727529526 and parameters: {'L1_hidden_dim': 80, 'L1_layers_atom': 1, 'L1_layers_mol': 3, 'L1_dropout': 0.289793024697279, 'L1_out_dim': 112, 'L2_hidden_dim': 256, 'L2_layers_atom': 1, 'L2_layers_mol': 4, 'L2_out_dim': 128, 'L2_dropout': 0.11496519576052998, 'L3_hidden_dim': 112, 'L3_layers_atom': 4, 'L3_layers_mol': 2, 'L3_out_dim': 112, 'L3_dropout': 0.2692341246200599, 'n_mlp_layers': 3, 'mlp_dim_0': 160, 'mlp_dim_1': 304, 'mlp_dim_2': 280, 'num_heads': 1, 'final_dropout': 0.08428903505546162, 'train_learning_rate': 0.0009131861824340812, 'train_lr_reduce': 0.6}. Best is trial 1286 with value: 0.03935658559203148.
[I 2024-12-26 09:53:08,485] Trial 2352 finished with value: 0.08843789994716644 and parameters: {'L1_hidden_dim': 80, 'L1_layers_atom': 4, 'L1_layers_mol': 3, 'L1_dropout': 0.28757765769820093, 'L1_out_dim': 64, 'L2_hidden_dim': 128, 'L2_layers_atom': 3, 'L2_layers_mol': 3, 'L2_out_dim': 64, 'L2_dropout': 0.134323918495351, 'L3_hidden_dim': 112, 'L3_layers_atom': 4, 'L3_layers_mol': 1, 'L3_out_dim': 32, 'L3_dropout': 0.26232146901712317, 'n_mlp_layers': 2, 'mlp_dim_0': 288, 'mlp_dim_1': 416, 'num_heads': 1, 'final_dropout': 0.00814627875337086, 'train_learning_rate': 0.007650471721782743, 'train_lr_reduce': 0.6}. Best is trial 1286 with value: 0.03935658559203148.
[I 2024-12-26 09:53:29,730] Trial 2354 finished with value: 0.2242940068244934 and parameters: {'L1_hidden_dim': 144, 'L1_layers_atom': 2, 'L1_layers_mol': 1, 'L1_dropout': 0.26693209363052195, 'L1_out_dim': 32, 'L2_hidden_dim': 240, 'L2_layers_atom': 3, 'L2_layers_mol': 4, 'L2_out_dim': 112, 'L2_dropout': 0.25142379401037457, 'L3_hidden_dim': 32, 'L3_layers_atom': 4, 'L3_layers_mol': 4, 'L3_out_dim': 32, 'L3_dropout': 0.2914181535885513, 'n_mlp_layers': 1, 'mlp_dim_0': 320, 'num_heads': 1, 'final_dropout': 0.20328382047708626, 'train_learning_rate': 0.00011139226136016813, 'train_lr_reduce': 0.6}. Best is trial 1286 with value: 0.03935658559203148.
[I 2024-12-26 09:53:58,493] Trial 2355 finished with value: 0.08402809500694275 and parameters: {'L1_hidden_dim': 64, 'L1_layers_atom': 4, 'L1_layers_mol': 4, 'L1_dropout': 0.25855028142779946, 'L1_out_dim': 48, 'L2_hidden_dim': 96, 'L2_layers_atom': 1, 'L2_layers_mol': 3, 'L2_out_dim': 48, 'L2_dropout': 0.016978070924234243, 'L3_hidden_dim': 112, 'L3_layers_atom': 3, 'L3_layers_mol': 1, 'L3_out_dim': 48, 'L3_dropout': 0.2583619010840515, 'n_mlp_layers': 3, 'mlp_dim_0': 272, 'mlp_dim_1': 512, 'mlp_dim_2': 240, 'num_heads': 1, 'final_dropout': 0.049992644541235864, 'train_learning_rate': 0.0017623490356781567, 'train_lr_reduce': 0.6}. Best is trial 1286 with value: 0.03935658559203148.
[I 2024-12-26 09:54:25,798] Trial 2357 finished with value: 0.09822046011686325 and parameters: {'L1_hidden_dim': 64, 'L1_layers_atom': 1, 'L1_layers_mol': 2, 'L1_dropout': 0.2736496186606375, 'L1_out_dim': 64, 'L2_hidden_dim': 208, 'L2_layers_atom': 4, 'L2_layers_mol': 1, 'L2_out_dim': 32, 'L2_dropout': 0.24385369082944497, 'L3_hidden_dim': 112, 'L3_layers_atom': 1, 'L3_layers_mol': 2, 'L3_out_dim': 80, 'L3_dropout': 0.01216921796771972, 'n_mlp_layers': 3, 'mlp_dim_0': 432, 'mlp_dim_1': 384, 'mlp_dim_2': 312, 'num_heads': 1, 'final_dropout': 0.07899384827079833, 'train_learning_rate': 0.001438875638018188, 'train_lr_reduce': 0.6}. Best is trial 1286 with value: 0.03935658559203148.
[I 2024-12-26 09:54:47,018] Trial 2356 finished with value: 0.07538656145334244 and parameters: {'L1_hidden_dim': 80, 'L1_layers_atom': 3, 'L1_layers_mol': 3, 'L1_dropout': 0.2386198050026957, 'L1_out_dim': 48, 'L2_hidden_dim': 112, 'L2_layers_atom': 2, 'L2_layers_mol': 3, 'L2_out_dim': 80, 'L2_dropout': 0.035227411171363514, 'L3_hidden_dim': 128, 'L3_layers_atom': 4, 'L3_layers_mol': 1, 'L3_out_dim': 32, 'L3_dropout': 0.19214445110454392, 'n_mlp_layers': 2, 'mlp_dim_0': 208, 'mlp_dim_1': 232, 'num_heads': 2, 'final_dropout': 0.14319726052151072, 'train_learning_rate': 0.003667902084177932, 'train_lr_reduce': 0.6}. Best is trial 1286 with value: 0.03935658559203148.
[I 2024-12-26 09:55:44,191] Trial 2359 finished with value: 0.10855017602443695 and parameters: {'L1_hidden_dim': 64, 'L1_layers_atom': 3, 'L1_layers_mol': 4, 'L1_dropout': 0.26078944967263007, 'L1_out_dim': 48, 'L2_hidden_dim': 112, 'L2_layers_atom': 2, 'L2_layers_mol': 3, 'L2_out_dim': 80, 'L2_dropout': 0.07067363192287775, 'L3_hidden_dim': 128, 'L3_layers_atom': 4, 'L3_layers_mol': 1, 'L3_out_dim': 48, 'L3_dropout': 0.2353078448153107, 'n_mlp_layers': 3, 'mlp_dim_0': 272, 'mlp_dim_1': 344, 'mlp_dim_2': 240, 'num_heads': 1, 'final_dropout': 0.0241979711441917, 'train_learning_rate': 0.004215347384057576, 'train_lr_reduce': 0.6}. Best is trial 1286 with value: 0.03935658559203148.
[I 2024-12-26 09:55:53,186] Trial 2358 finished with value: 0.0803077444434166 and parameters: {'L1_hidden_dim': 144, 'L1_layers_atom': 1, 'L1_layers_mol': 1, 'L1_dropout': 0.2639019415845344, 'L1_out_dim': 128, 'L2_hidden_dim': 192, 'L2_layers_atom': 1, 'L2_layers_mol': 1, 'L2_out_dim': 48, 'L2_dropout': 0.06382697693110172, 'L3_hidden_dim': 32, 'L3_layers_atom': 4, 'L3_layers_mol': 1, 'L3_out_dim': 32, 'L3_dropout': 0.22049626243699275, 'n_mlp_layers': 3, 'mlp_dim_0': 408, 'mlp_dim_1': 440, 'mlp_dim_2': 288, 'num_heads': 2, 'final_dropout': 0.23766534567235265, 'train_learning_rate': 0.003760888803006708, 'train_lr_reduce': 0.6}. Best is trial 1286 with value: 0.03935658559203148.
[I 2024-12-26 09:56:49,810] Trial 2360 finished with value: 0.07048148661851883 and parameters: {'L1_hidden_dim': 64, 'L1_layers_atom': 4, 'L1_layers_mol': 3, 'L1_dropout': 0.2480705910474217, 'L1_out_dim': 48, 'L2_hidden_dim': 128, 'L2_layers_atom': 2, 'L2_layers_mol': 4, 'L2_out_dim': 64, 'L2_dropout': 0.09179533235628395, 'L3_hidden_dim': 112, 'L3_layers_atom': 4, 'L3_layers_mol': 2, 'L3_out_dim': 32, 'L3_dropout': 0.17676344106449923, 'n_mlp_layers': 3, 'mlp_dim_0': 320, 'mlp_dim_1': 480, 'mlp_dim_2': 232, 'num_heads': 1, 'final_dropout': 0.0902851084278933, 'train_learning_rate': 0.003098262878074364, 'train_lr_reduce': 0.6}. Best is trial 1286 with value: 0.03935658559203148.
[I 2024-12-26 09:56:51,311] Trial 2361 finished with value: 0.08665437251329422 and parameters: {'L1_hidden_dim': 64, 'L1_layers_atom': 1, 'L1_layers_mol': 3, 'L1_dropout': 0.2701248159517781, 'L1_out_dim': 112, 'L2_hidden_dim': 240, 'L2_layers_atom': 1, 'L2_layers_mol': 4, 'L2_out_dim': 128, 'L2_dropout': 0.10650092168607814, 'L3_hidden_dim': 64, 'L3_layers_atom': 4, 'L3_layers_mol': 3, 'L3_out_dim': 80, 'L3_dropout': 0.24546498923403787, 'n_mlp_layers': 3, 'mlp_dim_0': 216, 'mlp_dim_1': 280, 'mlp_dim_2': 232, 'num_heads': 1, 'final_dropout': 0.12273816287839856, 'train_learning_rate': 0.002370505484084622, 'train_lr_reduce': 0.6}. Best is trial 1286 with value: 0.03935658559203148.
[I 2024-12-26 09:57:20,406] Trial 2363 finished with value: 0.7799378633499146 and parameters: {'L1_hidden_dim': 80, 'L1_layers_atom': 4, 'L1_layers_mol': 4, 'L1_dropout': 0.2775674537034972, 'L1_out_dim': 80, 'L2_hidden_dim': 224, 'L2_layers_atom': 1, 'L2_layers_mol': 2, 'L2_out_dim': 128, 'L2_dropout': 0.0042551944254596765, 'L3_hidden_dim': 96, 'L3_layers_atom': 3, 'L3_layers_mol': 2, 'L3_out_dim': 80, 'L3_dropout': 0.10584584923354434, 'n_mlp_layers': 3, 'mlp_dim_0': 512, 'mlp_dim_1': 440, 'mlp_dim_2': 328, 'num_heads': 2, 'final_dropout': 0.16456349897215375, 'train_learning_rate': 0.009110176520053241, 'train_lr_reduce': 0.6}. Best is trial 1286 with value: 0.03935658559203148.
[I 2024-12-26 09:57:31,012] Trial 2362 finished with value: 0.09080721437931061 and parameters: {'L1_hidden_dim': 224, 'L1_layers_atom': 2, 'L1_layers_mol': 1, 'L1_dropout': 0.01935147863098796, 'L1_out_dim': 96, 'L2_hidden_dim': 192, 'L2_layers_atom': 1, 'L2_layers_mol': 3, 'L2_out_dim': 64, 'L2_dropout': 0.0004268208078583302, 'L3_hidden_dim': 32, 'L3_layers_atom': 1, 'L3_layers_mol': 4, 'L3_out_dim': 80, 'L3_dropout': 0.05760160217896558, 'n_mlp_layers': 2, 'mlp_dim_0': 264, 'mlp_dim_1': 400, 'num_heads': 2, 'final_dropout': 0.12389545582836262, 'train_learning_rate': 0.0002915151107795376, 'train_lr_reduce': 0.6}. Best is trial 1286 with value: 0.03935658559203148.
[I 2024-12-26 09:57:54,577] Trial 2364 finished with value: 0.1046929731965065 and parameters: {'L1_hidden_dim': 64, 'L1_layers_atom': 4, 'L1_layers_mol': 4, 'L1_dropout': 0.1544007536030605, 'L1_out_dim': 32, 'L2_hidden_dim': 144, 'L2_layers_atom': 3, 'L2_layers_mol': 3, 'L2_out_dim': 64, 'L2_dropout': 0.1181855326762885, 'L3_hidden_dim': 128, 'L3_layers_atom': 4, 'L3_layers_mol': 1, 'L3_out_dim': 32, 'L3_dropout': 0.2240994019728694, 'n_mlp_layers': 3, 'mlp_dim_0': 232, 'mlp_dim_1': 368, 'mlp_dim_2': 224, 'num_heads': 1, 'final_dropout': 0.016949263967186944, 'train_learning_rate': 0.004404089064222692, 'train_lr_reduce': 0.6}. Best is trial 1286 with value: 0.03935658559203148.
[I 2024-12-26 09:58:41,941] Trial 2366 finished with value: 0.08557244390249252 and parameters: {'L1_hidden_dim': 80, 'L1_layers_atom': 2, 'L1_layers_mol': 3, 'L1_dropout': 0.28536637583293856, 'L1_out_dim': 80, 'L2_hidden_dim': 144, 'L2_layers_atom': 2, 'L2_layers_mol': 2, 'L2_out_dim': 112, 'L2_dropout': 0.019420206080993506, 'L3_hidden_dim': 128, 'L3_layers_atom': 3, 'L3_layers_mol': 1, 'L3_out_dim': 112, 'L3_dropout': 0.010802932368199916, 'n_mlp_layers': 3, 'mlp_dim_0': 224, 'mlp_dim_1': 312, 'mlp_dim_2': 224, 'num_heads': 2, 'final_dropout': 0.1145130265012253, 'train_learning_rate': 0.0016930379767296493, 'train_lr_reduce': 0.6}. Best is trial 1286 with value: 0.03935658559203148.
[I 2024-12-26 09:59:10,134] Trial 2365 finished with value: 0.10991011559963226 and parameters: {'L1_hidden_dim': 64, 'L1_layers_atom': 4, 'L1_layers_mol': 4, 'L1_dropout': 0.2876788156628026, 'L1_out_dim': 32, 'L2_hidden_dim': 176, 'L2_layers_atom': 2, 'L2_layers_mol': 4, 'L2_out_dim': 48, 'L2_dropout': 0.13560671476747507, 'L3_hidden_dim': 128, 'L3_layers_atom': 4, 'L3_layers_mol': 1, 'L3_out_dim': 80, 'L3_dropout': 0.14323390911170697, 'n_mlp_layers': 3, 'mlp_dim_0': 432, 'mlp_dim_1': 480, 'mlp_dim_2': 296, 'num_heads': 1, 'final_dropout': 0.028889742630894194, 'train_learning_rate': 0.0062103548180706585, 'train_lr_reduce': 0.6}. Best is trial 1286 with value: 0.03935658559203148.
[I 2024-12-26 09:59:24,163] Trial 2367 finished with value: 0.07390327751636505 and parameters: {'L1_hidden_dim': 80, 'L1_layers_atom': 4, 'L1_layers_mol': 3, 'L1_dropout': 0.2193812144488922, 'L1_out_dim': 112, 'L2_hidden_dim': 208, 'L2_layers_atom': 2, 'L2_layers_mol': 2, 'L2_out_dim': 128, 'L2_dropout': 0.027947594617369224, 'L3_hidden_dim': 112, 'L3_layers_atom': 3, 'L3_layers_mol': 1, 'L3_out_dim': 64, 'L3_dropout': 0.022968649183122122, 'n_mlp_layers': 2, 'mlp_dim_0': 304, 'mlp_dim_1': 440, 'num_heads': 2, 'final_dropout': 0.14904354234661496, 'train_learning_rate': 0.0012030565634052433, 'train_lr_reduce': 0.6}. Best is trial 1286 with value: 0.03935658559203148.
[I 2024-12-26 10:00:11,870] Trial 2369 finished with value: 0.09887558966875076 and parameters: {'L1_hidden_dim': 96, 'L1_layers_atom': 2, 'L1_layers_mol': 2, 'L1_dropout': 0.14902485128544743, 'L1_out_dim': 112, 'L2_hidden_dim': 176, 'L2_layers_atom': 1, 'L2_layers_mol': 2, 'L2_out_dim': 128, 'L2_dropout': 0.0394907804398188, 'L3_hidden_dim': 64, 'L3_layers_atom': 3, 'L3_layers_mol': 3, 'L3_out_dim': 96, 'L3_dropout': 0.13382126472775302, 'n_mlp_layers': 2, 'mlp_dim_0': 64, 'mlp_dim_1': 512, 'num_heads': 1, 'final_dropout': 0.047927953304267426, 'train_learning_rate': 0.001151370959298873, 'train_lr_reduce': 0.6}. Best is trial 1286 with value: 0.03935658559203148.
[I 2024-12-26 10:00:21,736] Trial 2370 finished with value: 0.7107067108154297 and parameters: {'L1_hidden_dim': 192, 'L1_layers_atom': 3, 'L1_layers_mol': 3, 'L1_dropout': 0.022152858694187427, 'L1_out_dim': 80, 'L2_hidden_dim': 208, 'L2_layers_atom': 1, 'L2_layers_mol': 1, 'L2_out_dim': 128, 'L2_dropout': 0.1652163102703713, 'L3_hidden_dim': 112, 'L3_layers_atom': 1, 'L3_layers_mol': 3, 'L3_out_dim': 112, 'L3_dropout': 0.26799890409828026, 'n_mlp_layers': 1, 'mlp_dim_0': 176, 'num_heads': 1, 'final_dropout': 0.24410370914929275, 'train_learning_rate': 0.007206894769258544, 'train_lr_reduce': 0.6}. Best is trial 1286 with value: 0.03935658559203148.
[I 2024-12-26 10:01:20,321] Trial 2371 finished with value: 0.09359145164489746 and parameters: {'L1_hidden_dim': 64, 'L1_layers_atom': 4, 'L1_layers_mol': 1, 'L1_dropout': 0.1994818124368939, 'L1_out_dim': 96, 'L2_hidden_dim': 96, 'L2_layers_atom': 2, 'L2_layers_mol': 1, 'L2_out_dim': 48, 'L2_dropout': 0.27410029043002415, 'L3_hidden_dim': 112, 'L3_layers_atom': 2, 'L3_layers_mol': 4, 'L3_out_dim': 32, 'L3_dropout': 0.13788576105138342, 'n_mlp_layers': 2, 'mlp_dim_0': 448, 'mlp_dim_1': 448, 'num_heads': 1, 'final_dropout': 0.24349269445370744, 'train_learning_rate': 0.004019984501500028, 'train_lr_reduce': 0.6}. Best is trial 1286 with value: 0.03935658559203148.
[I 2024-12-26 10:01:50,481] Trial 2372 finished with value: 0.09012215584516525 and parameters: {'L1_hidden_dim': 112, 'L1_layers_atom': 4, 'L1_layers_mol': 4, 'L1_dropout': 0.21376242847080956, 'L1_out_dim': 48, 'L2_hidden_dim': 160, 'L2_layers_atom': 2, 'L2_layers_mol': 2, 'L2_out_dim': 80, 'L2_dropout': 0.010758356838776227, 'L3_hidden_dim': 128, 'L3_layers_atom': 4, 'L3_layers_mol': 1, 'L3_out_dim': 32, 'L3_dropout': 0.23892260573576102, 'n_mlp_layers': 3, 'mlp_dim_0': 248, 'mlp_dim_1': 360, 'mlp_dim_2': 216, 'num_heads': 1, 'final_dropout': 0.06511949100300636, 'train_learning_rate': 0.0031556515325841597, 'train_lr_reduce': 0.6}. Best is trial 1286 with value: 0.03935658559203148.
[I 2024-12-26 10:02:54,939] Trial 2368 finished with value: 0.10654202848672867 and parameters: {'L1_hidden_dim': 80, 'L1_layers_atom': 4, 'L1_layers_mol': 4, 'L1_dropout': 0.29065336504086237, 'L1_out_dim': 80, 'L2_hidden_dim': 128, 'L2_layers_atom': 1, 'L2_layers_mol': 3, 'L2_out_dim': 48, 'L2_dropout': 0.12782610158688684, 'L3_hidden_dim': 128, 'L3_layers_atom': 4, 'L3_layers_mol': 1, 'L3_out_dim': 32, 'L3_dropout': 0.18056742147602023, 'n_mlp_layers': 3, 'mlp_dim_0': 240, 'mlp_dim_1': 400, 'mlp_dim_2': 264, 'num_heads': 2, 'final_dropout': 0.0927506950819273, 'train_learning_rate': 0.005664583700711523, 'train_lr_reduce': 0.6}. Best is trial 1286 with value: 0.03935658559203148.
[I 2024-12-26 10:02:56,032] Trial 2373 finished with value: 0.08962982892990112 and parameters: {'L1_hidden_dim': 64, 'L1_layers_atom': 3, 'L1_layers_mol': 4, 'L1_dropout': 0.2490834068144889, 'L1_out_dim': 80, 'L2_hidden_dim': 112, 'L2_layers_atom': 1, 'L2_layers_mol': 3, 'L2_out_dim': 64, 'L2_dropout': 0.0868242903570876, 'L3_hidden_dim': 112, 'L3_layers_atom': 3, 'L3_layers_mol': 1, 'L3_out_dim': 32, 'L3_dropout': 0.07757920553538342, 'n_mlp_layers': 3, 'mlp_dim_0': 456, 'mlp_dim_1': 312, 'mlp_dim_2': 352, 'num_heads': 1, 'final_dropout': 0.08261525516842376, 'train_learning_rate': 0.005793074218325354, 'train_lr_reduce': 0.6}. Best is trial 1286 with value: 0.03935658559203148.
[I 2024-12-26 10:02:57,623] Trial 2374 finished with value: 0.10956839472055435 and parameters: {'L1_hidden_dim': 160, 'L1_layers_atom': 3, 'L1_layers_mol': 3, 'L1_dropout': 0.09640777707200548, 'L1_out_dim': 64, 'L2_hidden_dim': 80, 'L2_layers_atom': 1, 'L2_layers_mol': 2, 'L2_out_dim': 80, 'L2_dropout': 0.09154509284326201, 'L3_hidden_dim': 80, 'L3_layers_atom': 2, 'L3_layers_mol': 2, 'L3_out_dim': 96, 'L3_dropout': 0.2119915318391581, 'n_mlp_layers': 1, 'mlp_dim_0': 488, 'num_heads': 1, 'final_dropout': 0.148459367764739, 'train_learning_rate': 0.004234496152742124, 'train_lr_reduce': 0.6}. Best is trial 1286 with value: 0.03935658559203148.
[I 2024-12-26 10:03:55,386] Trial 2377 finished with value: 0.07540588825941086 and parameters: {'L1_hidden_dim': 80, 'L1_layers_atom': 3, 'L1_layers_mol': 2, 'L1_dropout': 0.21060084250731279, 'L1_out_dim': 80, 'L2_hidden_dim': 256, 'L2_layers_atom': 2, 'L2_layers_mol': 3, 'L2_out_dim': 48, 'L2_dropout': 0.05999323948447617, 'L3_hidden_dim': 80, 'L3_layers_atom': 4, 'L3_layers_mol': 3, 'L3_out_dim': 80, 'L3_dropout': 0.000974632705783848, 'n_mlp_layers': 3, 'mlp_dim_0': 320, 'mlp_dim_1': 264, 'mlp_dim_2': 296, 'num_heads': 1, 'final_dropout': 0.1851334011866792, 'train_learning_rate': 0.0019280443070438416, 'train_lr_reduce': 0.6}. Best is trial 1286 with value: 0.03935658559203148.
[I 2024-12-26 10:04:16,369] Trial 2376 finished with value: 0.07334522902965546 and parameters: {'L1_hidden_dim': 96, 'L1_layers_atom': 2, 'L1_layers_mol': 2, 'L1_dropout': 0.20557572646228323, 'L1_out_dim': 112, 'L2_hidden_dim': 256, 'L2_layers_atom': 3, 'L2_layers_mol': 4, 'L2_out_dim': 112, 'L2_dropout': 0.10803761167463394, 'L3_hidden_dim': 112, 'L3_layers_atom': 1, 'L3_layers_mol': 1, 'L3_out_dim': 96, 'L3_dropout': 0.08398058342436315, 'n_mlp_layers': 2, 'mlp_dim_0': 464, 'mlp_dim_1': 392, 'num_heads': 1, 'final_dropout': 0.05942413855722039, 'train_learning_rate': 0.0014661919380045023, 'train_lr_reduce': 0.6}. Best is trial 1286 with value: 0.03935658559203148.
[I 2024-12-26 10:04:31,056] Trial 2375 finished with value: 0.09767179191112518 and parameters: {'L1_hidden_dim': 64, 'L1_layers_atom': 4, 'L1_layers_mol': 3, 'L1_dropout': 0.2612615281978883, 'L1_out_dim': 64, 'L2_hidden_dim': 144, 'L2_layers_atom': 2, 'L2_layers_mol': 3, 'L2_out_dim': 96, 'L2_dropout': 0.09619089318600146, 'L3_hidden_dim': 112, 'L3_layers_atom': 4, 'L3_layers_mol': 1, 'L3_out_dim': 32, 'L3_dropout': 0.133754720962242, 'n_mlp_layers': 2, 'mlp_dim_0': 360, 'mlp_dim_1': 200, 'num_heads': 1, 'final_dropout': 0.065829422809618, 'train_learning_rate': 0.0033917873907473185, 'train_lr_reduce': 0.6}. Best is trial 1286 with value: 0.03935658559203148.
