[I 2024-12-19 21:06:16,738] Trial 1629 finished with value: 1.1429060697555542 and parameters: {'mlp_n_layers': 2, 'mlp_dim_00': 499, 'mlp_dim_01': 264, 'node_hidden_dim': 35, 'edge_hidden_dim': 52, 'depth': 1, 'rep_dropout': 0.043012819464668325, 'train_learning_rate': 0.004518966974754441, 'train_lr_reduce': 0.6}. Best is trial 1559 with value: 0.11043421924114227.
[I 2024-12-19 21:06:21,586] Trial 1630 finished with value: 1.1433192491531372 and parameters: {'mlp_n_layers': 1, 'mlp_dim_00': 182, 'node_hidden_dim': 71, 'edge_hidden_dim': 84, 'depth': 1, 'rep_dropout': 0.08623561219809964, 'train_learning_rate': 0.00022983602679700637, 'train_lr_reduce': 0.6}. Best is trial 1559 with value: 0.11043421924114227.
[I 2024-12-19 21:06:27,090] Trial 1627 finished with value: 0.14111365377902985 and parameters: {'mlp_n_layers': 1, 'mlp_dim_00': 428, 'node_hidden_dim': 32, 'edge_hidden_dim': 38, 'depth': 1, 'rep_dropout': 0.04474105166263288, 'train_learning_rate': 0.003211754259855399, 'train_lr_reduce': 0.6}. Best is trial 1559 with value: 0.11043421924114227.
[I 2024-12-19 21:06:53,006] Trial 1628 finished with value: 0.12469187378883362 and parameters: {'mlp_n_layers': 2, 'mlp_dim_00': 499, 'mlp_dim_01': 508, 'node_hidden_dim': 36, 'edge_hidden_dim': 58, 'depth': 1, 'rep_dropout': 0.047041449361147784, 'train_learning_rate': 0.0026055643811391947, 'train_lr_reduce': 0.6}. Best is trial 1559 with value: 0.11043421924114227.
[I 2024-12-19 21:06:56,465] Trial 1632 finished with value: 0.15869714319705963 and parameters: {'mlp_n_layers': 1, 'mlp_dim_00': 463, 'node_hidden_dim': 37, 'edge_hidden_dim': 34, 'depth': 1, 'rep_dropout': 0.06629120146454724, 'train_learning_rate': 0.0037423335781902, 'train_lr_reduce': 0.6}. Best is trial 1559 with value: 0.11043421924114227.
[I 2024-12-19 21:07:01,085] Trial 1631 finished with value: 0.17778034508228302 and parameters: {'mlp_n_layers': 1, 'mlp_dim_00': 500, 'node_hidden_dim': 38, 'edge_hidden_dim': 64, 'depth': 1, 'rep_dropout': 0.07122956704467895, 'train_learning_rate': 0.004977710998607108, 'train_lr_reduce': 0.6}. Best is trial 1559 with value: 0.11043421924114227.
[I 2024-12-19 21:07:02,339] Trial 1634 finished with value: 1.1429893970489502 and parameters: {'mlp_n_layers': 3, 'mlp_dim_00': 495, 'mlp_dim_01': 511, 'mlp_dim_02': 409, 'node_hidden_dim': 116, 'edge_hidden_dim': 45, 'depth': 4, 'rep_dropout': 0.13829780103965916, 'train_learning_rate': 0.002954055381810929, 'train_lr_reduce': 0.6}. Best is trial 1559 with value: 0.11043421924114227.
[I 2024-12-19 21:07:25,897] Trial 1635 finished with value: 0.17939017713069916 and parameters: {'mlp_n_layers': 1, 'mlp_dim_00': 499, 'node_hidden_dim': 34, 'edge_hidden_dim': 56, 'depth': 1, 'rep_dropout': 0.03135484036386177, 'train_learning_rate': 0.005661561985174646, 'train_lr_reduce': 0.6}. Best is trial 1559 with value: 0.11043421924114227.
[I 2024-12-19 21:07:27,376] Trial 1633 finished with value: 0.139447420835495 and parameters: {'mlp_n_layers': 1, 'mlp_dim_00': 480, 'node_hidden_dim': 33, 'edge_hidden_dim': 43, 'depth': 1, 'rep_dropout': 0.061012768783407695, 'train_learning_rate': 0.003577140882956989, 'train_lr_reduce': 0.6}. Best is trial 1559 with value: 0.11043421924114227.
[I 2024-12-19 21:07:27,470] Trial 1636 finished with value: 0.17973507940769196 and parameters: {'mlp_n_layers': 1, 'mlp_dim_00': 473, 'node_hidden_dim': 45, 'edge_hidden_dim': 42, 'depth': 1, 'rep_dropout': 0.047214098831148174, 'train_learning_rate': 0.0044190316594522, 'train_lr_reduce': 0.6}. Best is trial 1559 with value: 0.11043421924114227.
[I 2024-12-19 21:07:32,873] Trial 1639 finished with value: 1.1420965194702148 and parameters: {'mlp_n_layers': 1, 'mlp_dim_00': 420, 'node_hidden_dim': 47, 'edge_hidden_dim': 57, 'depth': 1, 'rep_dropout': 0.02628004609328042, 'train_learning_rate': 0.001578925156335605, 'train_lr_reduce': 0.6}. Best is trial 1559 with value: 0.11043421924114227.
[I 2024-12-19 21:07:34,566] Trial 1637 finished with value: 1.1423653364181519 and parameters: {'mlp_n_layers': 4, 'mlp_dim_00': 244, 'mlp_dim_01': 159, 'mlp_dim_02': 512, 'mlp_dim_03': 351, 'node_hidden_dim': 68, 'edge_hidden_dim': 35, 'depth': 4, 'rep_dropout': 0.09860548970795419, 'train_learning_rate': 0.00013466711331694563, 'train_lr_reduce': 0.6}. Best is trial 1559 with value: 0.11043421924114227.
[I 2024-12-19 21:07:38,999] Trial 1640 finished with value: 1.1435710191726685 and parameters: {'mlp_n_layers': 4, 'mlp_dim_00': 359, 'mlp_dim_01': 474, 'mlp_dim_02': 114, 'mlp_dim_03': 136, 'node_hidden_dim': 78, 'edge_hidden_dim': 120, 'depth': 2, 'rep_dropout': 0.01224756631098517, 'train_learning_rate': 0.0018861932001361422, 'train_lr_reduce': 0.6}. Best is trial 1559 with value: 0.11043421924114227.
[I 2024-12-19 21:07:40,696] Trial 1641 finished with value: 1.1423664093017578 and parameters: {'mlp_n_layers': 3, 'mlp_dim_00': 351, 'mlp_dim_01': 238, 'mlp_dim_02': 275, 'node_hidden_dim': 38, 'edge_hidden_dim': 86, 'depth': 4, 'rep_dropout': 0.013408031842408935, 'train_learning_rate': 0.0012533224252763843, 'train_lr_reduce': 0.6}. Best is trial 1559 with value: 0.11043421924114227.
[I 2024-12-19 21:07:44,244] Trial 1642 finished with value: 1.1463130712509155 and parameters: {'mlp_n_layers': 1, 'mlp_dim_00': 457, 'node_hidden_dim': 38, 'edge_hidden_dim': 40, 'depth': 1, 'rep_dropout': 0.05531197539698904, 'train_learning_rate': 0.0011878866184146394, 'train_lr_reduce': 0.6}. Best is trial 1559 with value: 0.11043421924114227.
[I 2024-12-19 21:07:51,126] Trial 1643 finished with value: 0.48540157079696655 and parameters: {'mlp_n_layers': 3, 'mlp_dim_00': 505, 'mlp_dim_01': 107, 'mlp_dim_02': 347, 'node_hidden_dim': 120, 'edge_hidden_dim': 111, 'depth': 1, 'rep_dropout': 0.1125494956483142, 'train_learning_rate': 0.007239801643733318, 'train_lr_reduce': 0.6}. Best is trial 1559 with value: 0.11043421924114227.
[I 2024-12-19 21:07:56,811] Trial 1645 finished with value: 1.1462030410766602 and parameters: {'mlp_n_layers': 1, 'mlp_dim_00': 468, 'node_hidden_dim': 36, 'edge_hidden_dim': 37, 'depth': 1, 'rep_dropout': 0.06983041724671332, 'train_learning_rate': 0.0015191439402715682, 'train_lr_reduce': 0.6}. Best is trial 1559 with value: 0.11043421924114227.
[I 2024-12-19 21:08:05,244] Trial 1646 finished with value: 1.1418086290359497 and parameters: {'mlp_n_layers': 1, 'mlp_dim_00': 77, 'node_hidden_dim': 40, 'edge_hidden_dim': 52, 'depth': 2, 'rep_dropout': 0.100082524021925, 'train_learning_rate': 0.00012141651820031713, 'train_lr_reduce': 0.6}. Best is trial 1559 with value: 0.11043421924114227.
[I 2024-12-19 21:08:10,386] Trial 1647 finished with value: 1.1458232402801514 and parameters: {'mlp_n_layers': 2, 'mlp_dim_00': 423, 'mlp_dim_01': 509, 'node_hidden_dim': 49, 'edge_hidden_dim': 125, 'depth': 2, 'rep_dropout': 0.05537724684103652, 'train_learning_rate': 0.0004631011291103843, 'train_lr_reduce': 0.6}. Best is trial 1559 with value: 0.11043421924114227.
[I 2024-12-19 21:08:13,918] Trial 1638 finished with value: 0.14112728834152222 and parameters: {'mlp_n_layers': 1, 'mlp_dim_00': 507, 'node_hidden_dim': 35, 'edge_hidden_dim': 36, 'depth': 1, 'rep_dropout': 0.02541939306841855, 'train_learning_rate': 0.00267353754273247, 'train_lr_reduce': 0.6}. Best is trial 1559 with value: 0.11043421924114227.
[I 2024-12-19 21:08:24,472] Trial 1644 finished with value: 0.12195087224245071 and parameters: {'mlp_n_layers': 1, 'mlp_dim_00': 503, 'node_hidden_dim': 35, 'edge_hidden_dim': 70, 'depth': 1, 'rep_dropout': 0.03390359572359859, 'train_learning_rate': 0.0060384475655701495, 'train_lr_reduce': 0.6}. Best is trial 1559 with value: 0.11043421924114227.
[I 2024-12-19 21:08:29,579] Trial 1650 finished with value: 1.1421321630477905 and parameters: {'mlp_n_layers': 2, 'mlp_dim_00': 501, 'mlp_dim_01': 510, 'node_hidden_dim': 35, 'edge_hidden_dim': 37, 'depth': 2, 'rep_dropout': 0.03335258717204585, 'train_learning_rate': 0.002918780018131841, 'train_lr_reduce': 0.6}. Best is trial 1559 with value: 0.11043421924114227.
[I 2024-12-19 21:08:47,165] Trial 1648 finished with value: 0.1569080501794815 and parameters: {'mlp_n_layers': 1, 'mlp_dim_00': 497, 'node_hidden_dim': 39, 'edge_hidden_dim': 36, 'depth': 1, 'rep_dropout': 0.046043493979713204, 'train_learning_rate': 0.00964329406989558, 'train_lr_reduce': 0.6}. Best is trial 1559 with value: 0.11043421924114227.
[I 2024-12-19 21:08:54,981] Trial 1651 finished with value: 0.17703886330127716 and parameters: {'mlp_n_layers': 1, 'mlp_dim_00': 511, 'node_hidden_dim': 35, 'edge_hidden_dim': 69, 'depth': 1, 'rep_dropout': 0.03725096897169125, 'train_learning_rate': 0.004613912873959679, 'train_lr_reduce': 0.6}. Best is trial 1559 with value: 0.11043421924114227.
[I 2024-12-19 21:08:55,088] Trial 1649 finished with value: 0.14827880263328552 and parameters: {'mlp_n_layers': 1, 'mlp_dim_00': 483, 'node_hidden_dim': 34, 'edge_hidden_dim': 59, 'depth': 1, 'rep_dropout': 0.020640918837096144, 'train_learning_rate': 0.0015464158592733471, 'train_lr_reduce': 0.6}. Best is trial 1559 with value: 0.11043421924114227.
[I 2024-12-19 21:09:27,364] Trial 1652 finished with value: 0.31529125571250916 and parameters: {'mlp_n_layers': 1, 'mlp_dim_00': 427, 'node_hidden_dim': 38, 'edge_hidden_dim': 49, 'depth': 2, 'rep_dropout': 0.03811340179600404, 'train_learning_rate': 0.00907680237765633, 'train_lr_reduce': 0.6}. Best is trial 1559 with value: 0.11043421924114227.
[I 2024-12-19 21:09:33,879] Trial 1653 finished with value: 0.1253824681043625 and parameters: {'mlp_n_layers': 1, 'mlp_dim_00': 491, 'node_hidden_dim': 35, 'edge_hidden_dim': 43, 'depth': 1, 'rep_dropout': 0.057779755699400755, 'train_learning_rate': 0.0032915464108395345, 'train_lr_reduce': 0.6}. Best is trial 1559 with value: 0.11043421924114227.
[I 2024-12-19 21:09:35,648] Trial 1654 finished with value: 0.14261643588542938 and parameters: {'mlp_n_layers': 2, 'mlp_dim_00': 444, 'mlp_dim_01': 290, 'node_hidden_dim': 32, 'edge_hidden_dim': 49, 'depth': 1, 'rep_dropout': 0.06724997718416337, 'train_learning_rate': 0.004932200046442689, 'train_lr_reduce': 0.6}. Best is trial 1559 with value: 0.11043421924114227.
[I 2024-12-19 21:09:41,896] Trial 1657 finished with value: 1.1428664922714233 and parameters: {'mlp_n_layers': 1, 'mlp_dim_00': 403, 'node_hidden_dim': 33, 'edge_hidden_dim': 33, 'depth': 3, 'rep_dropout': 0.058608679004462164, 'train_learning_rate': 0.00032630563090077096, 'train_lr_reduce': 0.6}. Best is trial 1559 with value: 0.11043421924114227.
[I 2024-12-19 21:09:47,469] Trial 1658 finished with value: 1.1428937911987305 and parameters: {'mlp_n_layers': 1, 'mlp_dim_00': 465, 'node_hidden_dim': 47, 'edge_hidden_dim': 33, 'depth': 2, 'rep_dropout': 0.026796854879569003, 'train_learning_rate': 0.0030445524138875573, 'train_lr_reduce': 0.6}. Best is trial 1559 with value: 0.11043421924114227.
[I 2024-12-19 21:09:59,299] Trial 1655 finished with value: 0.188394233584404 and parameters: {'mlp_n_layers': 2, 'mlp_dim_00': 401, 'mlp_dim_01': 464, 'node_hidden_dim': 78, 'edge_hidden_dim': 74, 'depth': 1, 'rep_dropout': 0.10004856112502541, 'train_learning_rate': 0.0012376397710113294, 'train_lr_reduce': 0.6}. Best is trial 1559 with value: 0.11043421924114227.
[I 2024-12-19 21:10:00,510] Trial 1656 finished with value: 0.16606338322162628 and parameters: {'mlp_n_layers': 1, 'mlp_dim_00': 507, 'node_hidden_dim': 40, 'edge_hidden_dim': 37, 'depth': 1, 'rep_dropout': 0.04600659498323555, 'train_learning_rate': 0.003795853102565304, 'train_lr_reduce': 0.6}. Best is trial 1559 with value: 0.11043421924114227.
[I 2024-12-19 21:10:14,554] Trial 1660 finished with value: 0.2583519518375397 and parameters: {'mlp_n_layers': 1, 'mlp_dim_00': 407, 'node_hidden_dim': 32, 'edge_hidden_dim': 53, 'depth': 1, 'rep_dropout': 0.04768635668725266, 'train_learning_rate': 0.009713283924982163, 'train_lr_reduce': 0.6}. Best is trial 1559 with value: 0.11043421924114227.
[I 2024-12-19 21:10:18,994] Trial 1662 finished with value: 1.1418848037719727 and parameters: {'mlp_n_layers': 2, 'mlp_dim_00': 373, 'mlp_dim_01': 511, 'node_hidden_dim': 59, 'edge_hidden_dim': 59, 'depth': 2, 'rep_dropout': 0.060058200243133186, 'train_learning_rate': 0.000938003415965502, 'train_lr_reduce': 0.6}. Best is trial 1559 with value: 0.11043421924114227.
[I 2024-12-19 21:10:18,999] Trial 1659 finished with value: 0.22028745710849762 and parameters: {'mlp_n_layers': 1, 'mlp_dim_00': 370, 'node_hidden_dim': 40, 'edge_hidden_dim': 33, 'depth': 2, 'rep_dropout': 0.05818307744282034, 'train_learning_rate': 0.0023236541752858263, 'train_lr_reduce': 0.6}. Best is trial 1559 with value: 0.11043421924114227.
[I 2024-12-19 21:10:21,262] Trial 1661 finished with value: 0.1732063591480255 and parameters: {'mlp_n_layers': 1, 'mlp_dim_00': 491, 'node_hidden_dim': 37, 'edge_hidden_dim': 36, 'depth': 1, 'rep_dropout': 0.04481164855770959, 'train_learning_rate': 0.004338482236040303, 'train_lr_reduce': 0.6}. Best is trial 1559 with value: 0.11043421924114227.
[I 2024-12-19 21:10:24,521] Trial 1664 finished with value: 1.1434201002120972 and parameters: {'mlp_n_layers': 1, 'mlp_dim_00': 470, 'node_hidden_dim': 36, 'edge_hidden_dim': 50, 'depth': 1, 'rep_dropout': 0.04584685103974344, 'train_learning_rate': 0.002191083956898404, 'train_lr_reduce': 0.6}. Best is trial 1559 with value: 0.11043421924114227.
[I 2024-12-19 21:10:29,409] Trial 1666 finished with value: 1.1439546346664429 and parameters: {'mlp_n_layers': 1, 'mlp_dim_00': 502, 'node_hidden_dim': 34, 'edge_hidden_dim': 57, 'depth': 1, 'rep_dropout': 0.038846317447701895, 'train_learning_rate': 0.0007735750951960335, 'train_lr_reduce': 0.6}. Best is trial 1559 with value: 0.11043421924114227.
[I 2024-12-19 21:10:37,547] Trial 1663 finished with value: 0.273497074842453 and parameters: {'mlp_n_layers': 1, 'mlp_dim_00': 429, 'node_hidden_dim': 45, 'edge_hidden_dim': 52, 'depth': 2, 'rep_dropout': 0.036367870296903956, 'train_learning_rate': 0.0031425922712203743, 'train_lr_reduce': 0.6}. Best is trial 1559 with value: 0.11043421924114227.
[I 2024-12-19 21:10:43,185] Trial 1668 finished with value: 1.144134521484375 and parameters: {'mlp_n_layers': 1, 'mlp_dim_00': 215, 'node_hidden_dim': 121, 'edge_hidden_dim': 127, 'depth': 2, 'rep_dropout': 0.1254058075454357, 'train_learning_rate': 0.0014136966432215182, 'train_lr_reduce': 0.6}. Best is trial 1559 with value: 0.11043421924114227.
[I 2024-12-19 21:11:01,328] Trial 1665 finished with value: 0.12310635298490524 and parameters: {'mlp_n_layers': 1, 'mlp_dim_00': 436, 'node_hidden_dim': 59, 'edge_hidden_dim': 68, 'depth': 1, 'rep_dropout': 0.05018095234969442, 'train_learning_rate': 0.0021586173735762782, 'train_lr_reduce': 0.6}. Best is trial 1559 with value: 0.11043421924114227.
[I 2024-12-19 21:11:14,358] Trial 1667 finished with value: 0.15559008717536926 and parameters: {'mlp_n_layers': 2, 'mlp_dim_00': 454, 'mlp_dim_01': 200, 'node_hidden_dim': 53, 'edge_hidden_dim': 45, 'depth': 1, 'rep_dropout': 0.04463225457698437, 'train_learning_rate': 0.0025299354146056646, 'train_lr_reduce': 0.6}. Best is trial 1559 with value: 0.11043421924114227.
[I 2024-12-19 21:11:14,830] Trial 1669 finished with value: 0.16943515837192535 and parameters: {'mlp_n_layers': 2, 'mlp_dim_00': 323, 'mlp_dim_01': 451, 'node_hidden_dim': 34, 'edge_hidden_dim': 109, 'depth': 1, 'rep_dropout': 0.06799375948866235, 'train_learning_rate': 0.0031797517315256553, 'train_lr_reduce': 0.6}. Best is trial 1559 with value: 0.11043421924114227.
[I 2024-12-19 21:11:20,281] Trial 1672 finished with value: 1.1438674926757812 and parameters: {'mlp_n_layers': 1, 'mlp_dim_00': 492, 'node_hidden_dim': 41, 'edge_hidden_dim': 77, 'depth': 2, 'rep_dropout': 0.07353927842819433, 'train_learning_rate': 0.0028160243687100927, 'train_lr_reduce': 0.6}. Best is trial 1559 with value: 0.11043421924114227.
[I 2024-12-19 21:11:20,284] Trial 1671 finished with value: 1.1464805603027344 and parameters: {'mlp_n_layers': 4, 'mlp_dim_00': 326, 'mlp_dim_01': 285, 'mlp_dim_02': 225, 'mlp_dim_03': 421, 'node_hidden_dim': 114, 'edge_hidden_dim': 107, 'depth': 3, 'rep_dropout': 0.04831540554852084, 'train_learning_rate': 0.0010455501159482058, 'train_lr_reduce': 0.6}. Best is trial 1559 with value: 0.11043421924114227.
[I 2024-12-19 21:11:26,401] Trial 1674 finished with value: 1.1451722383499146 and parameters: {'mlp_n_layers': 1, 'mlp_dim_00': 445, 'node_hidden_dim': 72, 'edge_hidden_dim': 72, 'depth': 2, 'rep_dropout': 0.03288998256534892, 'train_learning_rate': 0.001159547304465375, 'train_lr_reduce': 0.6}. Best is trial 1559 with value: 0.11043421924114227.
[I 2024-12-19 21:11:26,406] Trial 1673 finished with value: 1.144204020500183 and parameters: {'mlp_n_layers': 1, 'mlp_dim_00': 509, 'node_hidden_dim': 33, 'edge_hidden_dim': 65, 'depth': 1, 'rep_dropout': 0.04157754253371251, 'train_learning_rate': 0.0012453004001330107, 'train_lr_reduce': 0.6}. Best is trial 1559 with value: 0.11043421924114227.
[I 2024-12-19 21:11:39,104] Trial 1670 finished with value: 0.13441726565361023 and parameters: {'mlp_n_layers': 1, 'mlp_dim_00': 463, 'node_hidden_dim': 34, 'edge_hidden_dim': 73, 'depth': 1, 'rep_dropout': 0.03785163354387408, 'train_learning_rate': 0.0025968026566263653, 'train_lr_reduce': 0.6}. Best is trial 1559 with value: 0.11043421924114227.
[I 2024-12-19 21:12:04,523] Trial 1676 finished with value: 0.1468825340270996 and parameters: {'mlp_n_layers': 1, 'mlp_dim_00': 506, 'node_hidden_dim': 32, 'edge_hidden_dim': 51, 'depth': 1, 'rep_dropout': 0.02021639388166485, 'train_learning_rate': 0.003534439453544904, 'train_lr_reduce': 0.6}. Best is trial 1559 with value: 0.11043421924114227.
[I 2024-12-19 21:12:06,393] Trial 1675 finished with value: 0.1326981484889984 and parameters: {'mlp_n_layers': 1, 'mlp_dim_00': 506, 'node_hidden_dim': 33, 'edge_hidden_dim': 33, 'depth': 1, 'rep_dropout': 0.021933776240242203, 'train_learning_rate': 0.0043001677514889316, 'train_lr_reduce': 0.6}. Best is trial 1559 with value: 0.11043421924114227.
[I 2024-12-19 21:12:19,764] Trial 1677 finished with value: 0.18789082765579224 and parameters: {'mlp_n_layers': 1, 'mlp_dim_00': 480, 'node_hidden_dim': 36, 'edge_hidden_dim': 61, 'depth': 2, 'rep_dropout': 0.04797646454323441, 'train_learning_rate': 0.0032731939933297077, 'train_lr_reduce': 0.6}. Best is trial 1559 with value: 0.11043421924114227.
[I 2024-12-19 21:12:46,869] Trial 1680 finished with value: 0.23358026146888733 and parameters: {'mlp_n_layers': 2, 'mlp_dim_00': 356, 'mlp_dim_01': 440, 'node_hidden_dim': 60, 'edge_hidden_dim': 36, 'depth': 1, 'rep_dropout': 0.062415149616117785, 'train_learning_rate': 0.004993298118014085, 'train_lr_reduce': 0.6}. Best is trial 1559 with value: 0.11043421924114227.
[I 2024-12-19 21:12:47,622] Trial 1678 finished with value: 0.1440344601869583 and parameters: {'mlp_n_layers': 1, 'mlp_dim_00': 505, 'node_hidden_dim': 32, 'edge_hidden_dim': 33, 'depth': 1, 'rep_dropout': 0.04671610357503829, 'train_learning_rate': 0.005031347470549975, 'train_lr_reduce': 0.6}. Best is trial 1559 with value: 0.11043421924114227.
[I 2024-12-19 21:12:48,486] Trial 1679 finished with value: 0.16159936785697937 and parameters: {'mlp_n_layers': 2, 'mlp_dim_00': 300, 'mlp_dim_01': 461, 'node_hidden_dim': 45, 'edge_hidden_dim': 81, 'depth': 1, 'rep_dropout': 0.04006873465873622, 'train_learning_rate': 0.004490465589576228, 'train_lr_reduce': 0.6}. Best is trial 1559 with value: 0.11043421924114227.
[I 2024-12-19 21:12:54,110] Trial 1681 finished with value: 1.143856406211853 and parameters: {'mlp_n_layers': 2, 'mlp_dim_00': 327, 'mlp_dim_01': 511, 'node_hidden_dim': 51, 'edge_hidden_dim': 63, 'depth': 2, 'rep_dropout': 0.051346549972750094, 'train_learning_rate': 0.0020742222700551125, 'train_lr_reduce': 0.6}. Best is trial 1559 with value: 0.11043421924114227.
[I 2024-12-19 21:12:54,454] Trial 1682 finished with value: 1.1452555656433105 and parameters: {'mlp_n_layers': 2, 'mlp_dim_00': 402, 'mlp_dim_01': 437, 'node_hidden_dim': 33, 'edge_hidden_dim': 69, 'depth': 1, 'rep_dropout': 0.06689463356354364, 'train_learning_rate': 0.0011011164745360147, 'train_lr_reduce': 0.6}. Best is trial 1559 with value: 0.11043421924114227.
[I 2024-12-19 21:12:56,337] Trial 1683 finished with value: 1.1416730880737305 and parameters: {'mlp_n_layers': 4, 'mlp_dim_00': 342, 'mlp_dim_01': 311, 'mlp_dim_02': 443, 'mlp_dim_03': 294, 'node_hidden_dim': 32, 'edge_hidden_dim': 123, 'depth': 1, 'rep_dropout': 0.04178652546606784, 'train_learning_rate': 0.0076474860748922974, 'train_lr_reduce': 0.6}. Best is trial 1559 with value: 0.11043421924114227.
[I 2024-12-19 21:13:01,554] Trial 1685 finished with value: 1.1422703266143799 and parameters: {'mlp_n_layers': 3, 'mlp_dim_00': 441, 'mlp_dim_01': 398, 'mlp_dim_02': 297, 'node_hidden_dim': 46, 'edge_hidden_dim': 80, 'depth': 1, 'rep_dropout': 0.03805864996441191, 'train_learning_rate': 0.000866504223508359, 'train_lr_reduce': 0.6}. Best is trial 1559 with value: 0.11043421924114227.
[I 2024-12-19 21:13:02,661] Trial 1686 finished with value: 1.1424797773361206 and parameters: {'mlp_n_layers': 2, 'mlp_dim_00': 363, 'mlp_dim_01': 469, 'node_hidden_dim': 47, 'edge_hidden_dim': 57, 'depth': 1, 'rep_dropout': 0.0007685647019430412, 'train_learning_rate': 0.0019070994656006002, 'train_lr_reduce': 0.6}. Best is trial 1559 with value: 0.11043421924114227.
[I 2024-12-19 21:13:07,207] Trial 1688 finished with value: 1.1433823108673096 and parameters: {'mlp_n_layers': 2, 'mlp_dim_00': 470, 'mlp_dim_01': 423, 'node_hidden_dim': 51, 'edge_hidden_dim': 48, 'depth': 1, 'rep_dropout': 0.03057812249479574, 'train_learning_rate': 0.0016134732583197905, 'train_lr_reduce': 0.6}. Best is trial 1559 with value: 0.11043421924114227.
