[I 2024-12-26 12:00:31,738] Trial 1701 finished with value: 0.0116066699847579 and parameters: {'L1_hidden_dim': 160, 'L1_layers_atom': 4, 'L1_layers_mol': 3, 'L1_dropout': 0.02003282256906493, 'L1_out_dim': 96, 'L2_hidden_dim': 240, 'L2_layers_atom': 1, 'L2_layers_mol': 3, 'L2_out_dim': 128, 'L2_dropout': 0.012927289324768835, 'L3_hidden_dim': 112, 'L3_layers_atom': 4, 'L3_layers_mol': 1, 'L3_out_dim': 112, 'L3_dropout': 0.04299571183231639, 'n_mlp_layers': 3, 'mlp_dim_0': 328, 'mlp_dim_1': 288, 'mlp_dim_2': 456, 'num_heads': 2, 'final_dropout': 0.24207159775448023, 'train_learning_rate': 0.0010488198163568212, 'train_lr_reduce': 0.6}. Best is trial 1073 with value: 0.009419886395335197.
[I 2024-12-26 12:00:35,788] Trial 1699 finished with value: 0.01965239830315113 and parameters: {'L1_hidden_dim': 192, 'L1_layers_atom': 2, 'L1_layers_mol': 1, 'L1_dropout': 0.01719217743527785, 'L1_out_dim': 112, 'L2_hidden_dim': 224, 'L2_layers_atom': 1, 'L2_layers_mol': 3, 'L2_out_dim': 80, 'L2_dropout': 0.11561750375874871, 'L3_hidden_dim': 96, 'L3_layers_atom': 4, 'L3_layers_mol': 1, 'L3_out_dim': 48, 'L3_dropout': 0.17782249753796, 'n_mlp_layers': 2, 'mlp_dim_0': 320, 'mlp_dim_1': 288, 'num_heads': 2, 'final_dropout': 0.07570917305183239, 'train_learning_rate': 0.00023894888447540592, 'train_lr_reduce': 0.6}. Best is trial 1073 with value: 0.009419886395335197.
[I 2024-12-26 12:00:47,114] Trial 1700 finished with value: 0.011458917520940304 and parameters: {'L1_hidden_dim': 128, 'L1_layers_atom': 1, 'L1_layers_mol': 3, 'L1_dropout': 0.0066237553755018296, 'L1_out_dim': 96, 'L2_hidden_dim': 192, 'L2_layers_atom': 2, 'L2_layers_mol': 3, 'L2_out_dim': 80, 'L2_dropout': 0.02976029858182614, 'L3_hidden_dim': 96, 'L3_layers_atom': 3, 'L3_layers_mol': 1, 'L3_out_dim': 128, 'L3_dropout': 0.06294228716152322, 'n_mlp_layers': 3, 'mlp_dim_0': 496, 'mlp_dim_1': 296, 'mlp_dim_2': 432, 'num_heads': 2, 'final_dropout': 0.0753277693355257, 'train_learning_rate': 0.0005665454017083812, 'train_lr_reduce': 0.6}. Best is trial 1073 with value: 0.009419886395335197.
[I 2024-12-26 12:03:05,519] Trial 1702 finished with value: 0.011304657906293869 and parameters: {'L1_hidden_dim': 208, 'L1_layers_atom': 1, 'L1_layers_mol': 1, 'L1_dropout': 0.04623391533704145, 'L1_out_dim': 112, 'L2_hidden_dim': 192, 'L2_layers_atom': 1, 'L2_layers_mol': 3, 'L2_out_dim': 80, 'L2_dropout': 0.03382760398287412, 'L3_hidden_dim': 80, 'L3_layers_atom': 4, 'L3_layers_mol': 2, 'L3_out_dim': 64, 'L3_dropout': 0.10538218579119442, 'n_mlp_layers': 3, 'mlp_dim_0': 320, 'mlp_dim_1': 288, 'mlp_dim_2': 432, 'num_heads': 2, 'final_dropout': 0.05864008425982483, 'train_learning_rate': 0.0005134301888697846, 'train_lr_reduce': 0.6}. Best is trial 1073 with value: 0.009419886395335197.
[I 2024-12-26 12:03:10,966] Trial 1703 finished with value: 0.011132803745567799 and parameters: {'L1_hidden_dim': 160, 'L1_layers_atom': 3, 'L1_layers_mol': 4, 'L1_dropout': 0.0329959050657142, 'L1_out_dim': 32, 'L2_hidden_dim': 160, 'L2_layers_atom': 1, 'L2_layers_mol': 4, 'L2_out_dim': 80, 'L2_dropout': 0.006659407176229745, 'L3_hidden_dim': 96, 'L3_layers_atom': 3, 'L3_layers_mol': 1, 'L3_out_dim': 128, 'L3_dropout': 0.16673159330733292, 'n_mlp_layers': 3, 'mlp_dim_0': 448, 'mlp_dim_1': 288, 'mlp_dim_2': 448, 'num_heads': 2, 'final_dropout': 0.10384234769974549, 'train_learning_rate': 0.00016337323327229785, 'train_lr_reduce': 0.6}. Best is trial 1073 with value: 0.009419886395335197.
[I 2024-12-26 12:03:23,344] Trial 1704 finished with value: 0.011831818148493767 and parameters: {'L1_hidden_dim': 128, 'L1_layers_atom': 4, 'L1_layers_mol': 1, 'L1_dropout': 0.01075074385957313, 'L1_out_dim': 80, 'L2_hidden_dim': 176, 'L2_layers_atom': 1, 'L2_layers_mol': 2, 'L2_out_dim': 48, 'L2_dropout': 0.07105180584474906, 'L3_hidden_dim': 64, 'L3_layers_atom': 1, 'L3_layers_mol': 2, 'L3_out_dim': 64, 'L3_dropout': 0.23982493873722227, 'n_mlp_layers': 2, 'mlp_dim_0': 376, 'mlp_dim_1': 280, 'num_heads': 2, 'final_dropout': 0.21386758667720535, 'train_learning_rate': 0.0009341630171084551, 'train_lr_reduce': 0.6}. Best is trial 1073 with value: 0.009419886395335197.
[I 2024-12-26 12:05:11,094] Trial 1705 finished with value: 0.010949096642434597 and parameters: {'L1_hidden_dim': 224, 'L1_layers_atom': 2, 'L1_layers_mol': 1, 'L1_dropout': 0.007169806816764839, 'L1_out_dim': 96, 'L2_hidden_dim': 192, 'L2_layers_atom': 2, 'L2_layers_mol': 3, 'L2_out_dim': 80, 'L2_dropout': 0.0028795806478138855, 'L3_hidden_dim': 80, 'L3_layers_atom': 4, 'L3_layers_mol': 1, 'L3_out_dim': 48, 'L3_dropout': 0.05134948896976245, 'n_mlp_layers': 3, 'mlp_dim_0': 200, 'mlp_dim_1': 264, 'mlp_dim_2': 440, 'num_heads': 2, 'final_dropout': 0.051722562262064085, 'train_learning_rate': 0.0009400712000647204, 'train_lr_reduce': 0.6}. Best is trial 1073 with value: 0.009419886395335197.
[I 2024-12-26 12:05:37,743] Trial 1706 finished with value: 0.010675796307623386 and parameters: {'L1_hidden_dim': 192, 'L1_layers_atom': 3, 'L1_layers_mol': 3, 'L1_dropout': 0.001128931403417027, 'L1_out_dim': 64, 'L2_hidden_dim': 240, 'L2_layers_atom': 1, 'L2_layers_mol': 3, 'L2_out_dim': 96, 'L2_dropout': 0.00666123813729333, 'L3_hidden_dim': 128, 'L3_layers_atom': 4, 'L3_layers_mol': 2, 'L3_out_dim': 112, 'L3_dropout': 0.09913522351093088, 'n_mlp_layers': 3, 'mlp_dim_0': 352, 'mlp_dim_1': 304, 'mlp_dim_2': 472, 'num_heads': 1, 'final_dropout': 0.1489135626450924, 'train_learning_rate': 0.0008047464304289314, 'train_lr_reduce': 0.6}. Best is trial 1073 with value: 0.009419886395335197.
[I 2024-12-26 12:05:55,003] Trial 1707 finished with value: 0.011930546723306179 and parameters: {'L1_hidden_dim': 176, 'L1_layers_atom': 3, 'L1_layers_mol': 3, 'L1_dropout': 0.03462111154097656, 'L1_out_dim': 32, 'L2_hidden_dim': 176, 'L2_layers_atom': 1, 'L2_layers_mol': 3, 'L2_out_dim': 112, 'L2_dropout': 0.017719985099705536, 'L3_hidden_dim': 64, 'L3_layers_atom': 4, 'L3_layers_mol': 1, 'L3_out_dim': 96, 'L3_dropout': 0.0095153893611582, 'n_mlp_layers': 3, 'mlp_dim_0': 400, 'mlp_dim_1': 264, 'mlp_dim_2': 440, 'num_heads': 1, 'final_dropout': 0.17513387039926845, 'train_learning_rate': 0.00037169350650303725, 'train_lr_reduce': 0.6}. Best is trial 1073 with value: 0.009419886395335197.
[I 2024-12-26 12:07:19,003] Trial 1708 finished with value: 0.011076942086219788 and parameters: {'L1_hidden_dim': 176, 'L1_layers_atom': 3, 'L1_layers_mol': 2, 'L1_dropout': 0.019614408987524794, 'L1_out_dim': 32, 'L2_hidden_dim': 224, 'L2_layers_atom': 2, 'L2_layers_mol': 3, 'L2_out_dim': 80, 'L2_dropout': 0.058403446033742396, 'L3_hidden_dim': 96, 'L3_layers_atom': 3, 'L3_layers_mol': 1, 'L3_out_dim': 112, 'L3_dropout': 0.011321921733663282, 'n_mlp_layers': 3, 'mlp_dim_0': 352, 'mlp_dim_1': 296, 'mlp_dim_2': 472, 'num_heads': 1, 'final_dropout': 0.22143809145369434, 'train_learning_rate': 0.0006210283997515998, 'train_lr_reduce': 0.6}. Best is trial 1073 with value: 0.009419886395335197.
[I 2024-12-26 12:07:40,425] Trial 1710 finished with value: 0.01536465808749199 and parameters: {'L1_hidden_dim': 224, 'L1_layers_atom': 3, 'L1_layers_mol': 1, 'L1_dropout': 0.08757951364469706, 'L1_out_dim': 128, 'L2_hidden_dim': 160, 'L2_layers_atom': 1, 'L2_layers_mol': 3, 'L2_out_dim': 80, 'L2_dropout': 0.07341402531534269, 'L3_hidden_dim': 96, 'L3_layers_atom': 4, 'L3_layers_mol': 2, 'L3_out_dim': 32, 'L3_dropout': 0.018554286538365355, 'n_mlp_layers': 3, 'mlp_dim_0': 344, 'mlp_dim_1': 288, 'mlp_dim_2': 480, 'num_heads': 1, 'final_dropout': 0.039646755657656164, 'train_learning_rate': 0.000619499835986788, 'train_lr_reduce': 0.6}. Best is trial 1073 with value: 0.009419886395335197.
[I 2024-12-26 12:08:11,502] Trial 1709 finished with value: 0.011026788502931595 and parameters: {'L1_hidden_dim': 112, 'L1_layers_atom': 1, 'L1_layers_mol': 4, 'L1_dropout': 0.04807685678475343, 'L1_out_dim': 96, 'L2_hidden_dim': 208, 'L2_layers_atom': 1, 'L2_layers_mol': 4, 'L2_out_dim': 112, 'L2_dropout': 0.008686185082367343, 'L3_hidden_dim': 64, 'L3_layers_atom': 4, 'L3_layers_mol': 1, 'L3_out_dim': 128, 'L3_dropout': 0.1617406428995028, 'n_mlp_layers': 3, 'mlp_dim_0': 504, 'mlp_dim_1': 256, 'mlp_dim_2': 424, 'num_heads': 2, 'final_dropout': 0.07587207179989772, 'train_learning_rate': 0.0008859381618782391, 'train_lr_reduce': 0.6}. Best is trial 1073 with value: 0.009419886395335197.
[I 2024-12-26 12:09:40,451] Trial 1711 finished with value: 0.010180650278925896 and parameters: {'L1_hidden_dim': 240, 'L1_layers_atom': 3, 'L1_layers_mol': 3, 'L1_dropout': 0.018273610877135915, 'L1_out_dim': 64, 'L2_hidden_dim': 224, 'L2_layers_atom': 1, 'L2_layers_mol': 4, 'L2_out_dim': 96, 'L2_dropout': 0.0009710548662143072, 'L3_hidden_dim': 64, 'L3_layers_atom': 3, 'L3_layers_mol': 1, 'L3_out_dim': 64, 'L3_dropout': 0.06995748571427102, 'n_mlp_layers': 3, 'mlp_dim_0': 328, 'mlp_dim_1': 248, 'mlp_dim_2': 432, 'num_heads': 1, 'final_dropout': 0.10434569948791578, 'train_learning_rate': 0.0006317059084301066, 'train_lr_reduce': 0.6}. Best is trial 1073 with value: 0.009419886395335197.
[I 2024-12-26 12:09:58,074] Trial 1712 finished with value: 0.012083507142961025 and parameters: {'L1_hidden_dim': 192, 'L1_layers_atom': 4, 'L1_layers_mol': 3, 'L1_dropout': 0.04057489231998158, 'L1_out_dim': 32, 'L2_hidden_dim': 208, 'L2_layers_atom': 1, 'L2_layers_mol': 3, 'L2_out_dim': 96, 'L2_dropout': 0.03614186959044767, 'L3_hidden_dim': 64, 'L3_layers_atom': 3, 'L3_layers_mol': 1, 'L3_out_dim': 128, 'L3_dropout': 0.09724788184347874, 'n_mlp_layers': 3, 'mlp_dim_0': 336, 'mlp_dim_1': 280, 'mlp_dim_2': 512, 'num_heads': 1, 'final_dropout': 0.17330099011122463, 'train_learning_rate': 0.0004362204637035688, 'train_lr_reduce': 0.6}. Best is trial 1073 with value: 0.009419886395335197.
[I 2024-12-26 12:11:00,588] Trial 1713 finished with value: 0.012455468066036701 and parameters: {'L1_hidden_dim': 192, 'L1_layers_atom': 3, 'L1_layers_mol': 4, 'L1_dropout': 0.03955423270947198, 'L1_out_dim': 64, 'L2_hidden_dim': 176, 'L2_layers_atom': 1, 'L2_layers_mol': 4, 'L2_out_dim': 128, 'L2_dropout': 0.022596101807967263, 'L3_hidden_dim': 32, 'L3_layers_atom': 2, 'L3_layers_mol': 1, 'L3_out_dim': 96, 'L3_dropout': 0.05969949510505504, 'n_mlp_layers': 2, 'mlp_dim_0': 72, 'mlp_dim_1': 304, 'num_heads': 2, 'final_dropout': 0.2191119565284671, 'train_learning_rate': 0.00024280380389646942, 'train_lr_reduce': 0.6}. Best is trial 1073 with value: 0.009419886395335197.
[I 2024-12-26 12:12:19,086] Trial 1714 finished with value: 0.012664802372455597 and parameters: {'L1_hidden_dim': 112, 'L1_layers_atom': 1, 'L1_layers_mol': 3, 'L1_dropout': 0.04138621356468718, 'L1_out_dim': 64, 'L2_hidden_dim': 224, 'L2_layers_atom': 1, 'L2_layers_mol': 4, 'L2_out_dim': 80, 'L2_dropout': 0.0571025277113058, 'L3_hidden_dim': 64, 'L3_layers_atom': 3, 'L3_layers_mol': 1, 'L3_out_dim': 128, 'L3_dropout': 0.04850967152580339, 'n_mlp_layers': 3, 'mlp_dim_0': 496, 'mlp_dim_1': 304, 'mlp_dim_2': 472, 'num_heads': 2, 'final_dropout': 0.14010358872157697, 'train_learning_rate': 0.0002706396744463536, 'train_lr_reduce': 0.6}. Best is trial 1073 with value: 0.009419886395335197.
[I 2024-12-26 12:12:50,650] Trial 1716 finished with value: 0.015644408762454987 and parameters: {'L1_hidden_dim': 112, 'L1_layers_atom': 4, 'L1_layers_mol': 2, 'L1_dropout': 0.038718694736688215, 'L1_out_dim': 96, 'L2_hidden_dim': 160, 'L2_layers_atom': 1, 'L2_layers_mol': 4, 'L2_out_dim': 112, 'L2_dropout': 0.10050836868275871, 'L3_hidden_dim': 64, 'L3_layers_atom': 4, 'L3_layers_mol': 1, 'L3_out_dim': 80, 'L3_dropout': 0.13780002282871473, 'n_mlp_layers': 3, 'mlp_dim_0': 384, 'mlp_dim_1': 248, 'mlp_dim_2': 464, 'num_heads': 1, 'final_dropout': 0.22666471142033778, 'train_learning_rate': 0.0012665762948280098, 'train_lr_reduce': 0.6}. Best is trial 1073 with value: 0.009419886395335197.
[I 2024-12-26 12:14:28,219] Trial 1715 finished with value: 0.028091030195355415 and parameters: {'L1_hidden_dim': 64, 'L1_layers_atom': 4, 'L1_layers_mol': 2, 'L1_dropout': 0.11408742714696998, 'L1_out_dim': 96, 'L2_hidden_dim': 96, 'L2_layers_atom': 1, 'L2_layers_mol': 4, 'L2_out_dim': 112, 'L2_dropout': 0.007529952615554067, 'L3_hidden_dim': 96, 'L3_layers_atom': 3, 'L3_layers_mol': 1, 'L3_out_dim': 96, 'L3_dropout': 0.005188505934272086, 'n_mlp_layers': 3, 'mlp_dim_0': 272, 'mlp_dim_1': 232, 'mlp_dim_2': 424, 'num_heads': 2, 'final_dropout': 0.18412004355243042, 'train_learning_rate': 0.004325618471623831, 'train_lr_reduce': 0.6}. Best is trial 1073 with value: 0.009419886395335197.
[I 2024-12-26 12:15:05,896] Trial 1717 finished with value: 0.01318593230098486 and parameters: {'L1_hidden_dim': 96, 'L1_layers_atom': 4, 'L1_layers_mol': 2, 'L1_dropout': 0.03980609187954639, 'L1_out_dim': 96, 'L2_hidden_dim': 224, 'L2_layers_atom': 1, 'L2_layers_mol': 4, 'L2_out_dim': 128, 'L2_dropout': 0.019712006877129203, 'L3_hidden_dim': 80, 'L3_layers_atom': 4, 'L3_layers_mol': 1, 'L3_out_dim': 112, 'L3_dropout': 0.05341389515564874, 'n_mlp_layers': 2, 'mlp_dim_0': 448, 'mlp_dim_1': 312, 'num_heads': 2, 'final_dropout': 0.13831132254813452, 'train_learning_rate': 0.0009726169908013128, 'train_lr_reduce': 0.6}. Best is trial 1073 with value: 0.009419886395335197.
[I 2024-12-26 12:15:44,995] Trial 1718 finished with value: 0.011891428381204605 and parameters: {'L1_hidden_dim': 96, 'L1_layers_atom': 1, 'L1_layers_mol': 1, 'L1_dropout': 0.06247279357271436, 'L1_out_dim': 64, 'L2_hidden_dim': 160, 'L2_layers_atom': 3, 'L2_layers_mol': 1, 'L2_out_dim': 128, 'L2_dropout': 0.024901110567145272, 'L3_hidden_dim': 80, 'L3_layers_atom': 4, 'L3_layers_mol': 1, 'L3_out_dim': 128, 'L3_dropout': 0.08274204500612128, 'n_mlp_layers': 2, 'mlp_dim_0': 368, 'mlp_dim_1': 264, 'num_heads': 2, 'final_dropout': 0.051926727835371916, 'train_learning_rate': 0.0003755596292981701, 'train_lr_reduce': 0.6}. Best is trial 1073 with value: 0.009419886395335197.
[I 2024-12-26 12:17:06,822] Trial 1719 finished with value: 0.011718939989805222 and parameters: {'L1_hidden_dim': 160, 'L1_layers_atom': 3, 'L1_layers_mol': 1, 'L1_dropout': 0.03709638512228336, 'L1_out_dim': 96, 'L2_hidden_dim': 176, 'L2_layers_atom': 2, 'L2_layers_mol': 4, 'L2_out_dim': 80, 'L2_dropout': 0.0335778771950873, 'L3_hidden_dim': 96, 'L3_layers_atom': 4, 'L3_layers_mol': 1, 'L3_out_dim': 64, 'L3_dropout': 0.07988257811814187, 'n_mlp_layers': 2, 'mlp_dim_0': 168, 'mlp_dim_1': 288, 'num_heads': 1, 'final_dropout': 0.0780604281175232, 'train_learning_rate': 0.00046685976258865625, 'train_lr_reduce': 0.6}. Best is trial 1073 with value: 0.009419886395335197.
[I 2024-12-26 12:17:55,808] Trial 1720 finished with value: 0.01651415042579174 and parameters: {'L1_hidden_dim': 64, 'L1_layers_atom': 1, 'L1_layers_mol': 3, 'L1_dropout': 0.047001479811784576, 'L1_out_dim': 48, 'L2_hidden_dim': 224, 'L2_layers_atom': 1, 'L2_layers_mol': 4, 'L2_out_dim': 112, 'L2_dropout': 0.03276126110116926, 'L3_hidden_dim': 64, 'L3_layers_atom': 4, 'L3_layers_mol': 1, 'L3_out_dim': 112, 'L3_dropout': 0.1091928791954306, 'n_mlp_layers': 2, 'mlp_dim_0': 440, 'mlp_dim_1': 312, 'num_heads': 2, 'final_dropout': 0.10686944791098872, 'train_learning_rate': 0.0007727733245008354, 'train_lr_reduce': 0.6}. Best is trial 1073 with value: 0.009419886395335197.
[I 2024-12-26 12:19:42,865] Trial 1722 finished with value: 0.012416189536452293 and parameters: {'L1_hidden_dim': 208, 'L1_layers_atom': 3, 'L1_layers_mol': 2, 'L1_dropout': 0.010323480871261394, 'L1_out_dim': 32, 'L2_hidden_dim': 224, 'L2_layers_atom': 2, 'L2_layers_mol': 3, 'L2_out_dim': 96, 'L2_dropout': 0.06385342326231726, 'L3_hidden_dim': 96, 'L3_layers_atom': 4, 'L3_layers_mol': 1, 'L3_out_dim': 112, 'L3_dropout': 0.12070743321163488, 'n_mlp_layers': 3, 'mlp_dim_0': 200, 'mlp_dim_1': 312, 'mlp_dim_2': 440, 'num_heads': 1, 'final_dropout': 0.14059924289236078, 'train_learning_rate': 0.001081556765230919, 'train_lr_reduce': 0.6}. Best is trial 1073 with value: 0.009419886395335197.
[I 2024-12-26 12:19:53,796] Trial 1723 finished with value: 0.012188044376671314 and parameters: {'L1_hidden_dim': 256, 'L1_layers_atom': 4, 'L1_layers_mol': 2, 'L1_dropout': 0.05561702617007436, 'L1_out_dim': 32, 'L2_hidden_dim': 192, 'L2_layers_atom': 1, 'L2_layers_mol': 2, 'L2_out_dim': 128, 'L2_dropout': 0.0333038984417829, 'L3_hidden_dim': 80, 'L3_layers_atom': 4, 'L3_layers_mol': 2, 'L3_out_dim': 128, 'L3_dropout': 0.24982133716885555, 'n_mlp_layers': 2, 'mlp_dim_0': 512, 'mlp_dim_1': 232, 'num_heads': 1, 'final_dropout': 0.08497907792945728, 'train_learning_rate': 0.0008407588197299346, 'train_lr_reduce': 0.6}. Best is trial 1073 with value: 0.009419886395335197.
[I 2024-12-26 12:20:20,983] Trial 1721 finished with value: 0.022783352062106133 and parameters: {'L1_hidden_dim': 128, 'L1_layers_atom': 2, 'L1_layers_mol': 1, 'L1_dropout': 0.10326026716755554, 'L1_out_dim': 32, 'L2_hidden_dim': 240, 'L2_layers_atom': 1, 'L2_layers_mol': 3, 'L2_out_dim': 80, 'L2_dropout': 0.037786340413505426, 'L3_hidden_dim': 48, 'L3_layers_atom': 4, 'L3_layers_mol': 1, 'L3_out_dim': 64, 'L3_dropout': 0.16957327646426493, 'n_mlp_layers': 3, 'mlp_dim_0': 472, 'mlp_dim_1': 224, 'mlp_dim_2': 512, 'num_heads': 2, 'final_dropout': 0.10969157268574875, 'train_learning_rate': 0.002135105766735907, 'train_lr_reduce': 0.6}. Best is trial 1073 with value: 0.009419886395335197.
[I 2024-12-26 12:21:48,975] Trial 1724 finished with value: 0.011874787509441376 and parameters: {'L1_hidden_dim': 112, 'L1_layers_atom': 1, 'L1_layers_mol': 3, 'L1_dropout': 0.06821997664056707, 'L1_out_dim': 80, 'L2_hidden_dim': 240, 'L2_layers_atom': 1, 'L2_layers_mol': 3, 'L2_out_dim': 128, 'L2_dropout': 0.034244703008474944, 'L3_hidden_dim': 64, 'L3_layers_atom': 4, 'L3_layers_mol': 1, 'L3_out_dim': 112, 'L3_dropout': 0.05980904761656972, 'n_mlp_layers': 3, 'mlp_dim_0': 440, 'mlp_dim_1': 264, 'mlp_dim_2': 416, 'num_heads': 2, 'final_dropout': 0.14961297286542605, 'train_learning_rate': 0.0010870813271453659, 'train_lr_reduce': 0.6}. Best is trial 1073 with value: 0.009419886395335197.
[I 2024-12-26 12:22:07,714] Trial 1725 finished with value: 0.009978154674172401 and parameters: {'L1_hidden_dim': 96, 'L1_layers_atom': 1, 'L1_layers_mol': 1, 'L1_dropout': 0.11597929099257537, 'L1_out_dim': 64, 'L2_hidden_dim': 176, 'L2_layers_atom': 1, 'L2_layers_mol': 2, 'L2_out_dim': 112, 'L2_dropout': 0.009053268676984395, 'L3_hidden_dim': 112, 'L3_layers_atom': 4, 'L3_layers_mol': 1, 'L3_out_dim': 128, 'L3_dropout': 0.06515775588560577, 'n_mlp_layers': 3, 'mlp_dim_0': 328, 'mlp_dim_1': 296, 'mlp_dim_2': 464, 'num_heads': 2, 'final_dropout': 0.011469691633181945, 'train_learning_rate': 0.0006760983453136853, 'train_lr_reduce': 0.6}. Best is trial 1073 with value: 0.009419886395335197.
[I 2024-12-26 12:23:07,022] Trial 1726 finished with value: 0.019947536289691925 and parameters: {'L1_hidden_dim': 96, 'L1_layers_atom': 2, 'L1_layers_mol': 1, 'L1_dropout': 0.10072707365922917, 'L1_out_dim': 48, 'L2_hidden_dim': 192, 'L2_layers_atom': 1, 'L2_layers_mol': 3, 'L2_out_dim': 64, 'L2_dropout': 0.09992646876613845, 'L3_hidden_dim': 64, 'L3_layers_atom': 2, 'L3_layers_mol': 2, 'L3_out_dim': 128, 'L3_dropout': 0.07766927266838217, 'n_mlp_layers': 3, 'mlp_dim_0': 488, 'mlp_dim_1': 256, 'mlp_dim_2': 472, 'num_heads': 2, 'final_dropout': 0.15008628088052106, 'train_learning_rate': 0.0016663514730495316, 'train_lr_reduce': 0.6}. Best is trial 1073 with value: 0.009419886395335197.
[I 2024-12-26 12:24:01,127] Trial 1727 finished with value: 0.012407521717250347 and parameters: {'L1_hidden_dim': 208, 'L1_layers_atom': 3, 'L1_layers_mol': 2, 'L1_dropout': 0.057419529241379476, 'L1_out_dim': 112, 'L2_hidden_dim': 192, 'L2_layers_atom': 1, 'L2_layers_mol': 3, 'L2_out_dim': 80, 'L2_dropout': 0.03759104747458272, 'L3_hidden_dim': 80, 'L3_layers_atom': 4, 'L3_layers_mol': 1, 'L3_out_dim': 96, 'L3_dropout': 0.10453557294448793, 'n_mlp_layers': 3, 'mlp_dim_0': 240, 'mlp_dim_1': 312, 'mlp_dim_2': 416, 'num_heads': 2, 'final_dropout': 0.046039468948986195, 'train_learning_rate': 0.00045810703042735483, 'train_lr_reduce': 0.6}. Best is trial 1073 with value: 0.009419886395335197.
[I 2024-12-26 12:24:11,488] Trial 1728 finished with value: 0.013057318516075611 and parameters: {'L1_hidden_dim': 112, 'L1_layers_atom': 1, 'L1_layers_mol': 2, 'L1_dropout': 0.09963828774092166, 'L1_out_dim': 64, 'L2_hidden_dim': 224, 'L2_layers_atom': 1, 'L2_layers_mol': 3, 'L2_out_dim': 112, 'L2_dropout': 0.058044101685635355, 'L3_hidden_dim': 96, 'L3_layers_atom': 4, 'L3_layers_mol': 1, 'L3_out_dim': 128, 'L3_dropout': 0.15560110717401537, 'n_mlp_layers': 2, 'mlp_dim_0': 344, 'mlp_dim_1': 272, 'num_heads': 2, 'final_dropout': 0.052268448994885156, 'train_learning_rate': 0.0007681304705549917, 'train_lr_reduce': 0.6}. Best is trial 1073 with value: 0.009419886395335197.
[I 2024-12-26 12:25:34,411] Trial 1729 finished with value: 0.0102446423843503 and parameters: {'L1_hidden_dim': 96, 'L1_layers_atom': 1, 'L1_layers_mol': 1, 'L1_dropout': 0.08538214562672501, 'L1_out_dim': 80, 'L2_hidden_dim': 176, 'L2_layers_atom': 1, 'L2_layers_mol': 3, 'L2_out_dim': 112, 'L2_dropout': 0.0052166032813274095, 'L3_hidden_dim': 128, 'L3_layers_atom': 4, 'L3_layers_mol': 2, 'L3_out_dim': 128, 'L3_dropout': 0.010936723560671067, 'n_mlp_layers': 3, 'mlp_dim_0': 336, 'mlp_dim_1': 304, 'mlp_dim_2': 416, 'num_heads': 2, 'final_dropout': 0.04835900869960377, 'train_learning_rate': 0.00041221884710951394, 'train_lr_reduce': 0.6}. Best is trial 1073 with value: 0.009419886395335197.
