[I 2024-12-04 18:01:54,763] Trial 1814 finished with value: 0.3188610018145952 and parameters: {'n_estimators': 905, 'max_depth': 6, 'learning_rate': 0.07521185180628949, 'subsample': 0.7697145359924473, 'colsample_bytree': 0.7185354770353924, 'min_child_weight': 2, 'gamma': 0.0008498666205417202, 'reg_alpha': 0.00012260102032568868, 'reg_lambda': 0.013482640335015306}. Best is trial 1319 with value: 0.30197738672869706.
[I 2024-12-04 18:01:56,176] Trial 1815 finished with value: 0.3140464675687322 and parameters: {'n_estimators': 904, 'max_depth': 6, 'learning_rate': 0.075446113357747, 'subsample': 0.7691694376380727, 'colsample_bytree': 0.7189973509906172, 'min_child_weight': 2, 'gamma': 0.0008155677280799934, 'reg_alpha': 0.0001308991006179929, 'reg_lambda': 0.013445317266734534}. Best is trial 1319 with value: 0.30197738672869706.
[I 2024-12-04 18:01:57,577] Trial 1816 finished with value: 0.3131792618384047 and parameters: {'n_estimators': 904, 'max_depth': 6, 'learning_rate': 0.07501282161524482, 'subsample': 0.769891863886077, 'colsample_bytree': 0.7190624720135848, 'min_child_weight': 2, 'gamma': 0.0008272464174566735, 'reg_alpha': 0.0001176837886183116, 'reg_lambda': 0.013585445357242586}. Best is trial 1319 with value: 0.30197738672869706.
[I 2024-12-04 18:01:58,967] Trial 1817 finished with value: 0.314362465647695 and parameters: {'n_estimators': 906, 'max_depth': 6, 'learning_rate': 0.0743849875344318, 'subsample': 0.7698384988794639, 'colsample_bytree': 0.7182880944582063, 'min_child_weight': 2, 'gamma': 0.0008068991999159603, 'reg_alpha': 0.00010619652149652418, 'reg_lambda': 0.013180349819007764}. Best is trial 1319 with value: 0.30197738672869706.
[I 2024-12-04 18:02:00,437] Trial 1818 finished with value: 0.31031325188019715 and parameters: {'n_estimators': 903, 'max_depth': 6, 'learning_rate': 0.07538085349657686, 'subsample': 0.7689735933531063, 'colsample_bytree': 0.7189623680135153, 'min_child_weight': 2, 'gamma': 0.000779898160320808, 'reg_alpha': 0.00012063211555007112, 'reg_lambda': 0.013890148746456261}. Best is trial 1319 with value: 0.30197738672869706.
[I 2024-12-04 18:02:01,938] Trial 1819 finished with value: 0.3217493375182171 and parameters: {'n_estimators': 904, 'max_depth': 6, 'learning_rate': 0.07466107759293093, 'subsample': 0.7694511310217957, 'colsample_bytree': 0.7193237832698339, 'min_child_weight': 2, 'gamma': 0.0007579565910370144, 'reg_alpha': 0.00011406322253160907, 'reg_lambda': 0.01108752255753635}. Best is trial 1319 with value: 0.30197738672869706.
[I 2024-12-04 18:02:03,580] Trial 1820 finished with value: 0.3084119992516402 and parameters: {'n_estimators': 910, 'max_depth': 6, 'learning_rate': 0.07468219526565499, 'subsample': 0.7688564343974199, 'colsample_bytree': 0.7189187915499547, 'min_child_weight': 2, 'gamma': 0.0007581581554068965, 'reg_alpha': 0.00010907412938888729, 'reg_lambda': 0.012815804265073318}. Best is trial 1319 with value: 0.30197738672869706.
[I 2024-12-04 18:02:05,449] Trial 1821 finished with value: 0.3152510935599616 and parameters: {'n_estimators': 907, 'max_depth': 6, 'learning_rate': 0.0749285888874937, 'subsample': 0.7688612042634582, 'colsample_bytree': 0.7194839617402352, 'min_child_weight': 2, 'gamma': 0.0007872542743589116, 'reg_alpha': 0.00011230465094517869, 'reg_lambda': 0.013046033740235975}. Best is trial 1319 with value: 0.30197738672869706.
[I 2024-12-04 18:02:07,414] Trial 1822 finished with value: 0.31138131016464066 and parameters: {'n_estimators': 906, 'max_depth': 6, 'learning_rate': 0.07530374582594508, 'subsample': 0.7689927429749848, 'colsample_bytree': 0.7180900845533407, 'min_child_weight': 2, 'gamma': 0.0008520424792567799, 'reg_alpha': 0.00012486601841924086, 'reg_lambda': 0.013329803431395807}. Best is trial 1319 with value: 0.30197738672869706.
[I 2024-12-04 18:02:09,390] Trial 1823 finished with value: 0.31316833661169685 and parameters: {'n_estimators': 898, 'max_depth': 6, 'learning_rate': 0.07576133493354532, 'subsample': 0.7694292110610012, 'colsample_bytree': 0.7206657652666344, 'min_child_weight': 2, 'gamma': 0.0008191323394334473, 'reg_alpha': 0.0001327559169410497, 'reg_lambda': 0.01370589432750409}. Best is trial 1319 with value: 0.30197738672869706.
[I 2024-12-04 18:02:11,038] Trial 1824 finished with value: 0.3109125763918634 and parameters: {'n_estimators': 898, 'max_depth': 6, 'learning_rate': 0.07600613246241893, 'subsample': 0.7691902574214811, 'colsample_bytree': 0.7205487993773668, 'min_child_weight': 2, 'gamma': 0.0008264766798602177, 'reg_alpha': 0.00012955705892062785, 'reg_lambda': 0.013893737403937182}. Best is trial 1319 with value: 0.30197738672869706.
[I 2024-12-04 18:02:12,516] Trial 1825 finished with value: 0.31215312998871825 and parameters: {'n_estimators': 905, 'max_depth': 6, 'learning_rate': 0.0749439731418342, 'subsample': 0.7691791035706661, 'colsample_bytree': 0.719632233610125, 'min_child_weight': 2, 'gamma': 0.0007323974731610923, 'reg_alpha': 0.00010876307655245096, 'reg_lambda': 0.013167450070758764}. Best is trial 1319 with value: 0.30197738672869706.
[I 2024-12-04 18:02:14,423] Trial 1826 finished with value: 0.3146570570318381 and parameters: {'n_estimators': 899, 'max_depth': 6, 'learning_rate': 0.0756518270259389, 'subsample': 0.769628054248118, 'colsample_bytree': 0.7190814037138558, 'min_child_weight': 2, 'gamma': 0.0007892367169513747, 'reg_alpha': 0.00011981490069811185, 'reg_lambda': 0.013749064393056436}. Best is trial 1319 with value: 0.30197738672869706.
[I 2024-12-04 18:02:16,154] Trial 1827 finished with value: 0.30995292761046167 and parameters: {'n_estimators': 899, 'max_depth': 6, 'learning_rate': 0.07481877856026008, 'subsample': 0.7698561723513819, 'colsample_bytree': 0.7183457424407353, 'min_child_weight': 2, 'gamma': 0.0008533918092718256, 'reg_alpha': 0.00011819216625726717, 'reg_lambda': 0.014016583568938739}. Best is trial 1319 with value: 0.30197738672869706.
[I 2024-12-04 18:02:17,802] Trial 1828 finished with value: 0.3153082151834971 and parameters: {'n_estimators': 915, 'max_depth': 6, 'learning_rate': 0.07510012325251234, 'subsample': 0.7684481833480415, 'colsample_bytree': 0.7162073832509446, 'min_child_weight': 2, 'gamma': 0.0007735488063695909, 'reg_alpha': 0.0001171036317726248, 'reg_lambda': 0.01265008882263317}. Best is trial 1319 with value: 0.30197738672869706.
[I 2024-12-04 18:02:19,362] Trial 1829 finished with value: 0.31097909089909925 and parameters: {'n_estimators': 907, 'max_depth': 6, 'learning_rate': 0.07456914877499451, 'subsample': 0.769065198165399, 'colsample_bytree': 0.7177218862369383, 'min_child_weight': 2, 'gamma': 0.0008357110789580444, 'reg_alpha': 0.00012465144266661775, 'reg_lambda': 0.012381990229730716}. Best is trial 1319 with value: 0.30197738672869706.
[I 2024-12-04 18:02:20,982] Trial 1830 finished with value: 0.3103924550490976 and parameters: {'n_estimators': 909, 'max_depth': 6, 'learning_rate': 0.07506466802314696, 'subsample': 0.7690333081885189, 'colsample_bytree': 0.7187112340137556, 'min_child_weight': 2, 'gamma': 0.0007774843789634337, 'reg_alpha': 0.00011114159685802062, 'reg_lambda': 0.01287194719937015}. Best is trial 1319 with value: 0.30197738672869706.
[I 2024-12-04 18:02:22,464] Trial 1831 finished with value: 0.30924930488126096 and parameters: {'n_estimators': 905, 'max_depth': 6, 'learning_rate': 0.07512246245082854, 'subsample': 0.7687982269203328, 'colsample_bytree': 0.7176946408300533, 'min_child_weight': 2, 'gamma': 0.0007757643744297143, 'reg_alpha': 0.00011208026925598883, 'reg_lambda': 0.013597567207247982}. Best is trial 1319 with value: 0.30197738672869706.
[I 2024-12-04 18:02:24,070] Trial 1832 finished with value: 0.31459457839799476 and parameters: {'n_estimators': 904, 'max_depth': 6, 'learning_rate': 0.07418887541408371, 'subsample': 0.7694258253609281, 'colsample_bytree': 0.7201247593675297, 'min_child_weight': 2, 'gamma': 0.0007763768268810875, 'reg_alpha': 0.00010361867056494456, 'reg_lambda': 0.012578213720958475}. Best is trial 1319 with value: 0.30197738672869706.
[I 2024-12-04 18:02:25,617] Trial 1833 finished with value: 0.31022472422585634 and parameters: {'n_estimators': 905, 'max_depth': 6, 'learning_rate': 0.0749411669931845, 'subsample': 0.7696230380348075, 'colsample_bytree': 0.7182827665246536, 'min_child_weight': 2, 'gamma': 0.0008371928683734315, 'reg_alpha': 0.00011826314455772875, 'reg_lambda': 0.013698297389502864}. Best is trial 1319 with value: 0.30197738672869706.
[I 2024-12-04 18:02:27,067] Trial 1834 finished with value: 0.3129422152572261 and parameters: {'n_estimators': 901, 'max_depth': 6, 'learning_rate': 0.07538342130021419, 'subsample': 0.7690914451770834, 'colsample_bytree': 0.7185852102253045, 'min_child_weight': 2, 'gamma': 0.0008219034645567598, 'reg_alpha': 0.00012275583523454412, 'reg_lambda': 0.012746764683581671}. Best is trial 1319 with value: 0.30197738672869706.
[I 2024-12-04 18:02:28,521] Trial 1835 finished with value: 0.30937880466719553 and parameters: {'n_estimators': 903, 'max_depth': 6, 'learning_rate': 0.07433992648876284, 'subsample': 0.7696903448574136, 'colsample_bytree': 0.7184690024565037, 'min_child_weight': 2, 'gamma': 0.0007878242693124639, 'reg_alpha': 0.00010615425931804893, 'reg_lambda': 0.012539923435245404}. Best is trial 1319 with value: 0.30197738672869706.
[I 2024-12-04 18:02:29,975] Trial 1836 finished with value: 0.31493606807145874 and parameters: {'n_estimators': 907, 'max_depth': 6, 'learning_rate': 0.0743298924385723, 'subsample': 0.7698433489250163, 'colsample_bytree': 0.7203921095327699, 'min_child_weight': 2, 'gamma': 0.0008012670178032647, 'reg_alpha': 0.00010856737075580754, 'reg_lambda': 0.012686164216041438}. Best is trial 1319 with value: 0.30197738672869706.
[I 2024-12-04 18:02:31,481] Trial 1837 finished with value: 0.3117790375705482 and parameters: {'n_estimators': 904, 'max_depth': 6, 'learning_rate': 0.0750686197561559, 'subsample': 0.76870946615306, 'colsample_bytree': 0.7186452976066573, 'min_child_weight': 2, 'gamma': 0.000775050495290652, 'reg_alpha': 0.0001116683564464666, 'reg_lambda': 0.012800068364605868}. Best is trial 1319 with value: 0.30197738672869706.
[I 2024-12-04 18:02:32,924] Trial 1838 finished with value: 0.3138692415382306 and parameters: {'n_estimators': 905, 'max_depth': 6, 'learning_rate': 0.07479804548452045, 'subsample': 0.7695060347068743, 'colsample_bytree': 0.718318444561335, 'min_child_weight': 2, 'gamma': 0.0008035513301102666, 'reg_alpha': 0.00011417934250306202, 'reg_lambda': 0.013605011826304872}. Best is trial 1319 with value: 0.30197738672869706.
[I 2024-12-04 18:02:34,587] Trial 1839 finished with value: 0.31376842098460234 and parameters: {'n_estimators': 906, 'max_depth': 6, 'learning_rate': 0.07519012495901009, 'subsample': 0.7690540466622753, 'colsample_bytree': 0.7189729275118308, 'min_child_weight': 2, 'gamma': 0.0008021969859032262, 'reg_alpha': 0.00010811944780978369, 'reg_lambda': 0.014061686484054318}. Best is trial 1319 with value: 0.30197738672869706.
[I 2024-12-04 18:02:36,026] Trial 1840 finished with value: 0.3117309719082613 and parameters: {'n_estimators': 906, 'max_depth': 6, 'learning_rate': 0.07495909363449042, 'subsample': 0.7687639759797894, 'colsample_bytree': 0.7186091177295849, 'min_child_weight': 2, 'gamma': 0.0007849772945394224, 'reg_alpha': 0.00010701305384196569, 'reg_lambda': 0.013552776445194214}. Best is trial 1319 with value: 0.30197738672869706.
[I 2024-12-04 18:02:37,675] Trial 1841 finished with value: 0.314314595342516 and parameters: {'n_estimators': 909, 'max_depth': 6, 'learning_rate': 0.07454851945498943, 'subsample': 0.7684200836714197, 'colsample_bytree': 0.7181328855434834, 'min_child_weight': 2, 'gamma': 0.0007661297833615198, 'reg_alpha': 0.00010588658599786294, 'reg_lambda': 0.012970815412214148}. Best is trial 1319 with value: 0.30197738672869706.
[I 2024-12-04 18:02:39,106] Trial 1842 finished with value: 0.31175751884078884 and parameters: {'n_estimators': 901, 'max_depth': 6, 'learning_rate': 0.074742604720847, 'subsample': 0.7693309070169323, 'colsample_bytree': 0.717966346792151, 'min_child_weight': 2, 'gamma': 0.0008107483978220389, 'reg_alpha': 0.00010999085483647252, 'reg_lambda': 0.01321113323734812}. Best is trial 1319 with value: 0.30197738672869706.
[I 2024-12-04 18:02:40,540] Trial 1843 finished with value: 0.31045349835007097 and parameters: {'n_estimators': 907, 'max_depth': 6, 'learning_rate': 0.07446121600160063, 'subsample': 0.7698361545339542, 'colsample_bytree': 0.7176427422341936, 'min_child_weight': 2, 'gamma': 0.0008058526315359965, 'reg_alpha': 0.00011124387068966607, 'reg_lambda': 0.012188746462989475}. Best is trial 1319 with value: 0.30197738672869706.
[I 2024-12-04 18:02:41,955] Trial 1844 finished with value: 0.31113096003882806 and parameters: {'n_estimators': 907, 'max_depth': 6, 'learning_rate': 0.07460524309775306, 'subsample': 0.7698582925916431, 'colsample_bytree': 0.717794901007311, 'min_child_weight': 2, 'gamma': 0.000788702382927117, 'reg_alpha': 0.0001038891503092547, 'reg_lambda': 0.01289441915852415}. Best is trial 1319 with value: 0.30197738672869706.
[I 2024-12-04 18:02:43,377] Trial 1845 finished with value: 0.315012393671733 and parameters: {'n_estimators': 910, 'max_depth': 6, 'learning_rate': 0.07453137437874488, 'subsample': 0.7698133929146714, 'colsample_bytree': 0.7166147382074379, 'min_child_weight': 2, 'gamma': 0.000803309631969409, 'reg_alpha': 0.00011321378021503258, 'reg_lambda': 0.013105895797884315}. Best is trial 1319 with value: 0.30197738672869706.
[I 2024-12-04 18:02:44,862] Trial 1846 finished with value: 0.31219764327377897 and parameters: {'n_estimators': 902, 'max_depth': 6, 'learning_rate': 0.07507389241202869, 'subsample': 0.7694765426763067, 'colsample_bytree': 0.718459620307168, 'min_child_weight': 2, 'gamma': 0.0007889962199490087, 'reg_alpha': 0.00011335905800572969, 'reg_lambda': 0.012664485067676257}. Best is trial 1319 with value: 0.30197738672869706.
[I 2024-12-04 18:02:46,279] Trial 1847 finished with value: 0.3092774974456926 and parameters: {'n_estimators': 908, 'max_depth': 6, 'learning_rate': 0.07472952732965031, 'subsample': 0.7694622037678066, 'colsample_bytree': 0.7191352855371362, 'min_child_weight': 2, 'gamma': 0.000747152620825716, 'reg_alpha': 0.00011201249372148534, 'reg_lambda': 0.013549715458268724}. Best is trial 1319 with value: 0.30197738672869706.
[I 2024-12-04 18:02:47,781] Trial 1848 finished with value: 0.31685216058562216 and parameters: {'n_estimators': 904, 'max_depth': 6, 'learning_rate': 0.07415885003985662, 'subsample': 0.7695115335402756, 'colsample_bytree': 0.716927164490111, 'min_child_weight': 2, 'gamma': 0.0008024410934346241, 'reg_alpha': 0.00010840896887899184, 'reg_lambda': 0.012459939996686811}. Best is trial 1319 with value: 0.30197738672869706.
[I 2024-12-04 18:02:49,429] Trial 1849 finished with value: 0.30919196814018524 and parameters: {'n_estimators': 904, 'max_depth': 6, 'learning_rate': 0.07521695196771924, 'subsample': 0.7699290383529951, 'colsample_bytree': 0.7193803270756244, 'min_child_weight': 2, 'gamma': 0.0008194689743717202, 'reg_alpha': 0.00012438433840491816, 'reg_lambda': 0.013086851323636406}. Best is trial 1319 with value: 0.30197738672869706.
[I 2024-12-04 18:02:50,856] Trial 1850 finished with value: 0.31051122832632133 and parameters: {'n_estimators': 907, 'max_depth': 6, 'learning_rate': 0.07451386494614053, 'subsample': 0.7693824343776475, 'colsample_bytree': 0.7178286324267151, 'min_child_weight': 2, 'gamma': 0.0007447342480753093, 'reg_alpha': 0.00010817420437655714, 'reg_lambda': 0.012788153022678082}. Best is trial 1319 with value: 0.30197738672869706.
[I 2024-12-04 18:02:52,455] Trial 1851 finished with value: 0.30951902188638847 and parameters: {'n_estimators': 909, 'max_depth': 6, 'learning_rate': 0.07451882458432794, 'subsample': 0.7693790954292579, 'colsample_bytree': 0.7182783712894819, 'min_child_weight': 2, 'gamma': 0.0007758914824494582, 'reg_alpha': 0.00010971482839474008, 'reg_lambda': 0.013319649810824544}. Best is trial 1319 with value: 0.30197738672869706.
[I 2024-12-04 18:02:53,872] Trial 1852 finished with value: 0.31649511175011885 and parameters: {'n_estimators': 905, 'max_depth': 6, 'learning_rate': 0.07455310978653186, 'subsample': 0.7699060723466984, 'colsample_bytree': 0.7196570465968619, 'min_child_weight': 2, 'gamma': 0.0007901039259436243, 'reg_alpha': 0.00010989547416397271, 'reg_lambda': 0.013234666811614297}. Best is trial 1319 with value: 0.30197738672869706.
[I 2024-12-04 18:02:55,370] Trial 1853 finished with value: 0.3124651924524127 and parameters: {'n_estimators': 906, 'max_depth': 6, 'learning_rate': 0.07463124171519905, 'subsample': 0.7696352491584177, 'colsample_bytree': 0.718280954140387, 'min_child_weight': 2, 'gamma': 0.0007511378542668796, 'reg_alpha': 0.00010014303186177433, 'reg_lambda': 0.013130954065422175}. Best is trial 1319 with value: 0.30197738672869706.
[I 2024-12-04 18:02:56,833] Trial 1854 finished with value: 0.3129220957124437 and parameters: {'n_estimators': 912, 'max_depth': 6, 'learning_rate': 0.07424640372187706, 'subsample': 0.7691461290560409, 'colsample_bytree': 0.7181306063389536, 'min_child_weight': 2, 'gamma': 0.0007704287105167053, 'reg_alpha': 0.00010502167533461311, 'reg_lambda': 0.013055005983298588}. Best is trial 1319 with value: 0.30197738672869706.
[I 2024-12-04 18:02:58,282] Trial 1855 finished with value: 0.3106109210899382 and parameters: {'n_estimators': 907, 'max_depth': 6, 'learning_rate': 0.07475054387072476, 'subsample': 0.7692626541602502, 'colsample_bytree': 0.7180304098789312, 'min_child_weight': 2, 'gamma': 0.0007965173066894973, 'reg_alpha': 0.0001224071655733839, 'reg_lambda': 0.013353148412277902}. Best is trial 1319 with value: 0.30197738672869706.
[I 2024-12-04 18:02:59,729] Trial 1856 finished with value: 0.3097800858709263 and parameters: {'n_estimators': 909, 'max_depth': 6, 'learning_rate': 0.07497681773725097, 'subsample': 0.7694414474193817, 'colsample_bytree': 0.7181369773629707, 'min_child_weight': 2, 'gamma': 0.0007840827267827715, 'reg_alpha': 0.00011731750506494855, 'reg_lambda': 0.012836062194937834}. Best is trial 1319 with value: 0.30197738672869706.
[I 2024-12-04 18:03:01,168] Trial 1857 finished with value: 0.3196719057986788 and parameters: {'n_estimators': 905, 'max_depth': 6, 'learning_rate': 0.07451448817644897, 'subsample': 0.7700706379815525, 'colsample_bytree': 0.7195965441994369, 'min_child_weight': 2, 'gamma': 0.0007512531220721719, 'reg_alpha': 0.00010369517409217571, 'reg_lambda': 0.013004631802985632}. Best is trial 1319 with value: 0.30197738672869706.
[I 2024-12-04 18:03:02,677] Trial 1858 finished with value: 0.31197262632246237 and parameters: {'n_estimators': 906, 'max_depth': 6, 'learning_rate': 0.0743631153572705, 'subsample': 0.7699505211492172, 'colsample_bytree': 0.719056429401132, 'min_child_weight': 2, 'gamma': 0.0007462823865158779, 'reg_alpha': 9.892432973251132e-05, 'reg_lambda': 0.013205856536037215}. Best is trial 1319 with value: 0.30197738672869706.
[I 2024-12-04 18:03:04,196] Trial 1859 finished with value: 0.3152155627492013 and parameters: {'n_estimators': 907, 'max_depth': 6, 'learning_rate': 0.07436413707232252, 'subsample': 0.7698263034950793, 'colsample_bytree': 0.7178751951947936, 'min_child_weight': 2, 'gamma': 0.0007779696987352738, 'reg_alpha': 0.00011048911950902173, 'reg_lambda': 0.011975127815304786}. Best is trial 1319 with value: 0.30197738672869706.
[I 2024-12-04 18:03:05,625] Trial 1860 finished with value: 0.3116950750261948 and parameters: {'n_estimators': 904, 'max_depth': 6, 'learning_rate': 0.07445369789111145, 'subsample': 0.7700420353510175, 'colsample_bytree': 0.7183741068482785, 'min_child_weight': 2, 'gamma': 0.0007966682450908007, 'reg_alpha': 0.00010858560683302559, 'reg_lambda': 0.012885762989509445}. Best is trial 1319 with value: 0.30197738672869706.
[I 2024-12-04 18:03:07,037] Trial 1861 finished with value: 0.3169847468948834 and parameters: {'n_estimators': 914, 'max_depth': 6, 'learning_rate': 0.07490161785028848, 'subsample': 0.7692300559011725, 'colsample_bytree': 0.717325198776971, 'min_child_weight': 2, 'gamma': 0.0007750522459835019, 'reg_alpha': 0.00011477538277893116, 'reg_lambda': 0.012844957950653659}. Best is trial 1319 with value: 0.30197738672869706.
[I 2024-12-04 18:03:08,439] Trial 1862 finished with value: 0.3186943095433928 and parameters: {'n_estimators': 903, 'max_depth': 6, 'learning_rate': 0.07525972649173296, 'subsample': 0.7701739710709373, 'colsample_bytree': 0.7189163667163092, 'min_child_weight': 2, 'gamma': 0.0008072541604080087, 'reg_alpha': 0.00012131111427714819, 'reg_lambda': 0.013361936676518527}. Best is trial 1319 with value: 0.30197738672869706.
[I 2024-12-04 18:03:09,845] Trial 1863 finished with value: 0.31552067175120724 and parameters: {'n_estimators': 905, 'max_depth': 6, 'learning_rate': 0.07489413124559588, 'subsample': 0.7695584364376368, 'colsample_bytree': 0.717780381303893, 'min_child_weight': 2, 'gamma': 0.0007904221722134559, 'reg_alpha': 0.00011435318411179847, 'reg_lambda': 0.012617640844184732}. Best is trial 1319 with value: 0.30197738672869706.
[I 2024-12-04 18:03:11,417] Trial 1864 finished with value: 0.31543377503394854 and parameters: {'n_estimators': 912, 'max_depth': 6, 'learning_rate': 0.07431104915566174, 'subsample': 0.7697745577556245, 'colsample_bytree': 0.7186798237071843, 'min_child_weight': 2, 'gamma': 0.0007947681656675196, 'reg_alpha': 0.00010665827055256537, 'reg_lambda': 0.012662696059022578}. Best is trial 1319 with value: 0.30197738672869706.
