[I 2024-12-15 16:53:38,563] Trial 1771 finished with value: 0.1676563322544098 and parameters: {'mlp_n_layers': 4, 'mlp_dim_00': 128, 'mlp_dim_01': 96, 'mlp_dim_02': 176, 'mlp_dim_03': 192, 'hidden_channels': 240, 'num_layers': 1, 'num_timesteps': 4, 'dropout': 0.0023884644584814246, 'train_learning_rate': 0.0020290499647139517, 'train_lr_reduce': 0.6}. Best is trial 632 with value: 0.13978464901447296.
[I 2024-12-15 16:53:43,860] Trial 1774 finished with value: 0.22863902151584625 and parameters: {'mlp_n_layers': 2, 'mlp_dim_00': 256, 'mlp_dim_01': 128, 'hidden_channels': 208, 'num_layers': 1, 'num_timesteps': 4, 'dropout': 0.0005067925556030833, 'train_learning_rate': 0.002974905042809155, 'train_lr_reduce': 0.6}. Best is trial 632 with value: 0.13978464901447296.
[I 2024-12-15 16:53:43,910] Trial 1773 finished with value: 0.19091935455799103 and parameters: {'mlp_n_layers': 4, 'mlp_dim_00': 160, 'mlp_dim_01': 112, 'mlp_dim_02': 240, 'mlp_dim_03': 240, 'hidden_channels': 256, 'num_layers': 1, 'num_timesteps': 4, 'dropout': 0.001694215088478529, 'train_learning_rate': 0.0032663956928256272, 'train_lr_reduce': 0.6}. Best is trial 632 with value: 0.13978464901447296.
[I 2024-12-15 16:53:50,480] Trial 1777 finished with value: 0.1980694681406021 and parameters: {'mlp_n_layers': 4, 'mlp_dim_00': 96, 'mlp_dim_01': 96, 'mlp_dim_02': 208, 'mlp_dim_03': 208, 'hidden_channels': 256, 'num_layers': 1, 'num_timesteps': 4, 'dropout': 0.03351439857110044, 'train_learning_rate': 0.003613079990734031, 'train_lr_reduce': 0.6}. Best is trial 632 with value: 0.13978464901447296.
[I 2024-12-15 16:53:53,460] Trial 1775 finished with value: 0.1548643857240677 and parameters: {'mlp_n_layers': 4, 'mlp_dim_00': 112, 'mlp_dim_01': 160, 'mlp_dim_02': 192, 'mlp_dim_03': 192, 'hidden_channels': 224, 'num_layers': 1, 'num_timesteps': 4, 'dropout': 0.037318876909041954, 'train_learning_rate': 0.0018647874154014174, 'train_lr_reduce': 0.6}. Best is trial 632 with value: 0.13978464901447296.
[I 2024-12-15 16:53:56,445] Trial 1776 finished with value: 0.217873215675354 and parameters: {'mlp_n_layers': 4, 'mlp_dim_00': 160, 'mlp_dim_01': 160, 'mlp_dim_02': 48, 'mlp_dim_03': 176, 'hidden_channels': 224, 'num_layers': 1, 'num_timesteps': 4, 'dropout': 0.016149951892778548, 'train_learning_rate': 0.0035995637843847387, 'train_lr_reduce': 0.6}. Best is trial 632 with value: 0.13978464901447296.
[I 2024-12-15 16:54:00,402] Trial 1779 finished with value: 0.24734759330749512 and parameters: {'mlp_n_layers': 3, 'mlp_dim_00': 240, 'mlp_dim_01': 192, 'mlp_dim_02': 160, 'hidden_channels': 240, 'num_layers': 1, 'num_timesteps': 4, 'dropout': 0.010334076527979564, 'train_learning_rate': 0.005128236449215362, 'train_lr_reduce': 0.6}. Best is trial 632 with value: 0.13978464901447296.
[I 2024-12-15 16:54:04,461] Trial 1780 finished with value: 0.2736813724040985 and parameters: {'mlp_n_layers': 3, 'mlp_dim_00': 32, 'mlp_dim_01': 176, 'mlp_dim_02': 224, 'hidden_channels': 176, 'num_layers': 4, 'num_timesteps': 4, 'dropout': 0.2611888812783326, 'train_learning_rate': 0.0019688267429485633, 'train_lr_reduce': 0.6}. Best is trial 632 with value: 0.13978464901447296.
[I 2024-12-15 16:54:06,410] Trial 1778 finished with value: 0.1656433790922165 and parameters: {'mlp_n_layers': 4, 'mlp_dim_00': 96, 'mlp_dim_01': 208, 'mlp_dim_02': 240, 'mlp_dim_03': 176, 'hidden_channels': 240, 'num_layers': 1, 'num_timesteps': 4, 'dropout': 0.05471375746515487, 'train_learning_rate': 0.002355015400125568, 'train_lr_reduce': 0.6}. Best is trial 632 with value: 0.13978464901447296.
[I 2024-12-15 16:54:07,903] Trial 1781 finished with value: 0.22593000531196594 and parameters: {'mlp_n_layers': 2, 'mlp_dim_00': 240, 'mlp_dim_01': 80, 'hidden_channels': 240, 'num_layers': 4, 'num_timesteps': 1, 'dropout': 0.1664192283864644, 'train_learning_rate': 0.0021879922102162656, 'train_lr_reduce': 0.6}. Best is trial 632 with value: 0.13978464901447296.
[I 2024-12-15 16:54:14,709] Trial 1783 finished with value: 0.21664923429489136 and parameters: {'mlp_n_layers': 4, 'mlp_dim_00': 144, 'mlp_dim_01': 160, 'mlp_dim_02': 192, 'mlp_dim_03': 192, 'hidden_channels': 224, 'num_layers': 2, 'num_timesteps': 3, 'dropout': 0.007291984629069848, 'train_learning_rate': 0.0031159501739667773, 'train_lr_reduce': 0.6}. Best is trial 632 with value: 0.13978464901447296.
[I 2024-12-15 16:54:17,062] Trial 1782 finished with value: 0.22367191314697266 and parameters: {'mlp_n_layers': 3, 'mlp_dim_00': 128, 'mlp_dim_01': 144, 'mlp_dim_02': 256, 'hidden_channels': 208, 'num_layers': 2, 'num_timesteps': 4, 'dropout': 0.0962375709823609, 'train_learning_rate': 0.00382960802490878, 'train_lr_reduce': 0.6}. Best is trial 632 with value: 0.13978464901447296.
[I 2024-12-15 16:54:19,758] Trial 1784 finished with value: 0.1840156763792038 and parameters: {'mlp_n_layers': 3, 'mlp_dim_00': 112, 'mlp_dim_01': 160, 'mlp_dim_02': 208, 'hidden_channels': 224, 'num_layers': 1, 'num_timesteps': 4, 'dropout': 0.05086215640207725, 'train_learning_rate': 0.0027603331862342683, 'train_lr_reduce': 0.6}. Best is trial 632 with value: 0.13978464901447296.
[I 2024-12-15 16:54:21,703] Trial 1785 finished with value: 0.23192358016967773 and parameters: {'mlp_n_layers': 4, 'mlp_dim_00': 160, 'mlp_dim_01': 160, 'mlp_dim_02': 160, 'mlp_dim_03': 176, 'hidden_channels': 240, 'num_layers': 1, 'num_timesteps': 4, 'dropout': 0.005320553833474807, 'train_learning_rate': 0.004648551533438295, 'train_lr_reduce': 0.6}. Best is trial 632 with value: 0.13978464901447296.
[I 2024-12-15 16:54:27,690] Trial 1786 finished with value: 0.15347248315811157 and parameters: {'mlp_n_layers': 2, 'mlp_dim_00': 48, 'mlp_dim_01': 192, 'hidden_channels': 80, 'num_layers': 1, 'num_timesteps': 3, 'dropout': 0.03454903138418661, 'train_learning_rate': 0.007523268316460786, 'train_lr_reduce': 0.6}. Best is trial 632 with value: 0.13978464901447296.
[I 2024-12-15 16:54:31,915] Trial 1787 finished with value: 0.2002103626728058 and parameters: {'mlp_n_layers': 3, 'mlp_dim_00': 112, 'mlp_dim_01': 112, 'mlp_dim_02': 240, 'hidden_channels': 224, 'num_layers': 1, 'num_timesteps': 4, 'dropout': 0.01336836417088482, 'train_learning_rate': 0.0007688717857928506, 'train_lr_reduce': 0.6}. Best is trial 632 with value: 0.13978464901447296.
[I 2024-12-15 16:54:34,341] Trial 1789 finished with value: 0.23832160234451294 and parameters: {'mlp_n_layers': 4, 'mlp_dim_00': 144, 'mlp_dim_01': 144, 'mlp_dim_02': 224, 'mlp_dim_03': 208, 'hidden_channels': 240, 'num_layers': 1, 'num_timesteps': 3, 'dropout': 0.00086242053854305, 'train_learning_rate': 0.004307878289995378, 'train_lr_reduce': 0.6}. Best is trial 632 with value: 0.13978464901447296.
[I 2024-12-15 16:54:35,261] Trial 1788 finished with value: 0.24302636086940765 and parameters: {'mlp_n_layers': 2, 'mlp_dim_00': 240, 'mlp_dim_01': 144, 'hidden_channels': 32, 'num_layers': 3, 'num_timesteps': 4, 'dropout': 0.11192485594168161, 'train_learning_rate': 0.004613101661313058, 'train_lr_reduce': 0.6}. Best is trial 632 with value: 0.13978464901447296.
[I 2024-12-15 16:54:42,614] Trial 1790 finished with value: 0.1528913974761963 and parameters: {'mlp_n_layers': 3, 'mlp_dim_00': 96, 'mlp_dim_01': 160, 'mlp_dim_02': 192, 'hidden_channels': 208, 'num_layers': 1, 'num_timesteps': 4, 'dropout': 0.014105818344429977, 'train_learning_rate': 0.0031024708319692855, 'train_lr_reduce': 0.6}. Best is trial 632 with value: 0.13978464901447296.
[I 2024-12-15 16:54:45,016] Trial 1792 finished with value: 0.19891460239887238 and parameters: {'mlp_n_layers': 4, 'mlp_dim_00': 64, 'mlp_dim_01': 256, 'mlp_dim_02': 176, 'mlp_dim_03': 224, 'hidden_channels': 256, 'num_layers': 1, 'num_timesteps': 4, 'dropout': 0.07168455139954573, 'train_learning_rate': 0.0017474388230030633, 'train_lr_reduce': 0.6}. Best is trial 632 with value: 0.13978464901447296.
[I 2024-12-15 16:54:45,645] Trial 1791 finished with value: 0.15590204298496246 and parameters: {'mlp_n_layers': 4, 'mlp_dim_00': 112, 'mlp_dim_01': 192, 'mlp_dim_02': 256, 'mlp_dim_03': 160, 'hidden_channels': 256, 'num_layers': 1, 'num_timesteps': 4, 'dropout': 0.003149842159662589, 'train_learning_rate': 0.006899582471453354, 'train_lr_reduce': 0.6}. Best is trial 632 with value: 0.13978464901447296.
[I 2024-12-15 16:54:51,766] Trial 1794 finished with value: 0.21534611284732819 and parameters: {'mlp_n_layers': 3, 'mlp_dim_00': 176, 'mlp_dim_01': 224, 'mlp_dim_02': 160, 'hidden_channels': 256, 'num_layers': 1, 'num_timesteps': 4, 'dropout': 0.07731465807842253, 'train_learning_rate': 0.004725468588281261, 'train_lr_reduce': 0.6}. Best is trial 632 with value: 0.13978464901447296.
[I 2024-12-15 16:54:53,053] Trial 1793 finished with value: 0.21976839005947113 and parameters: {'mlp_n_layers': 3, 'mlp_dim_00': 240, 'mlp_dim_01': 144, 'mlp_dim_02': 224, 'hidden_channels': 112, 'num_layers': 1, 'num_timesteps': 4, 'dropout': 0.0010351957565847628, 'train_learning_rate': 0.00899575638180052, 'train_lr_reduce': 0.6}. Best is trial 632 with value: 0.13978464901447296.
[I 2024-12-15 16:54:54,001] Trial 1795 finished with value: 0.24634326994419098 and parameters: {'mlp_n_layers': 4, 'mlp_dim_00': 256, 'mlp_dim_01': 160, 'mlp_dim_02': 208, 'mlp_dim_03': 176, 'hidden_channels': 224, 'num_layers': 3, 'num_timesteps': 1, 'dropout': 0.0973782476285549, 'train_learning_rate': 0.0020484673549362705, 'train_lr_reduce': 0.6}. Best is trial 632 with value: 0.13978464901447296.
[I 2024-12-15 16:55:00,644] Trial 1796 finished with value: 0.2324581742286682 and parameters: {'mlp_n_layers': 3, 'mlp_dim_00': 176, 'mlp_dim_01': 240, 'mlp_dim_02': 240, 'hidden_channels': 144, 'num_layers': 4, 'num_timesteps': 3, 'dropout': 0.051148769582019624, 'train_learning_rate': 0.0017816782924701857, 'train_lr_reduce': 0.6}. Best is trial 632 with value: 0.13978464901447296.
[I 2024-12-15 16:55:05,455] Trial 1798 finished with value: 0.23371778428554535 and parameters: {'mlp_n_layers': 2, 'mlp_dim_00': 128, 'mlp_dim_01': 160, 'hidden_channels': 256, 'num_layers': 4, 'num_timesteps': 4, 'dropout': 0.28385462179184173, 'train_learning_rate': 0.0017530346850742257, 'train_lr_reduce': 0.6}. Best is trial 632 with value: 0.13978464901447296.
[I 2024-12-15 16:55:06,554] Trial 1797 finished with value: 0.20825351774692535 and parameters: {'mlp_n_layers': 3, 'mlp_dim_00': 208, 'mlp_dim_01': 208, 'mlp_dim_02': 192, 'hidden_channels': 240, 'num_layers': 2, 'num_timesteps': 4, 'dropout': 0.03489726511810537, 'train_learning_rate': 0.008180612518783192, 'train_lr_reduce': 0.6}. Best is trial 632 with value: 0.13978464901447296.
[I 2024-12-15 16:55:09,745] Trial 1799 finished with value: 0.18262887001037598 and parameters: {'mlp_n_layers': 4, 'mlp_dim_00': 128, 'mlp_dim_01': 128, 'mlp_dim_02': 224, 'mlp_dim_03': 160, 'hidden_channels': 240, 'num_layers': 1, 'num_timesteps': 4, 'dropout': 0.07100247449693928, 'train_learning_rate': 0.006264186322472295, 'train_lr_reduce': 0.6}. Best is trial 632 with value: 0.13978464901447296.
[I 2024-12-15 16:55:11,830] Trial 1800 finished with value: 0.24596460163593292 and parameters: {'mlp_n_layers': 4, 'mlp_dim_00': 96, 'mlp_dim_01': 192, 'mlp_dim_02': 256, 'mlp_dim_03': 192, 'hidden_channels': 224, 'num_layers': 1, 'num_timesteps': 4, 'dropout': 0.007407110445147893, 'train_learning_rate': 0.0014090004300657975, 'train_lr_reduce': 0.6}. Best is trial 632 with value: 0.13978464901447296.
[I 2024-12-15 16:55:22,178] Trial 1801 finished with value: 0.18328332901000977 and parameters: {'mlp_n_layers': 3, 'mlp_dim_00': 112, 'mlp_dim_01': 144, 'mlp_dim_02': 176, 'hidden_channels': 256, 'num_layers': 1, 'num_timesteps': 4, 'dropout': 0.002216585859612253, 'train_learning_rate': 0.0012423898272203992, 'train_lr_reduce': 0.6}. Best is trial 632 with value: 0.13978464901447296.
[I 2024-12-15 16:55:23,048] Trial 1802 finished with value: 0.15405242145061493 and parameters: {'mlp_n_layers': 4, 'mlp_dim_00': 256, 'mlp_dim_01': 128, 'mlp_dim_02': 64, 'mlp_dim_03': 64, 'hidden_channels': 256, 'num_layers': 1, 'num_timesteps': 3, 'dropout': 0.0731796604595805, 'train_learning_rate': 0.004370220735736791, 'train_lr_reduce': 0.6}. Best is trial 632 with value: 0.13978464901447296.
[I 2024-12-15 16:55:23,265] Trial 1803 finished with value: 0.20042133331298828 and parameters: {'mlp_n_layers': 4, 'mlp_dim_00': 96, 'mlp_dim_01': 144, 'mlp_dim_02': 208, 'mlp_dim_03': 160, 'hidden_channels': 208, 'num_layers': 1, 'num_timesteps': 4, 'dropout': 0.06892121188617116, 'train_learning_rate': 0.0012711903134479845, 'train_lr_reduce': 0.6}. Best is trial 632 with value: 0.13978464901447296.
[I 2024-12-15 16:55:31,024] Trial 1805 finished with value: 0.2100299596786499 and parameters: {'mlp_n_layers': 3, 'mlp_dim_00': 128, 'mlp_dim_01': 224, 'mlp_dim_02': 160, 'hidden_channels': 192, 'num_layers': 1, 'num_timesteps': 4, 'dropout': 0.007621293827849995, 'train_learning_rate': 0.003548750589174749, 'train_lr_reduce': 0.6}. Best is trial 632 with value: 0.13978464901447296.
[I 2024-12-15 16:55:34,177] Trial 1804 finished with value: 0.22217565774917603 and parameters: {'mlp_n_layers': 4, 'mlp_dim_00': 256, 'mlp_dim_01': 256, 'mlp_dim_02': 240, 'mlp_dim_03': 192, 'hidden_channels': 128, 'num_layers': 3, 'num_timesteps': 2, 'dropout': 0.188109832047515, 'train_learning_rate': 0.0008460626976838267, 'train_lr_reduce': 0.6}. Best is trial 632 with value: 0.13978464901447296.
[I 2024-12-15 16:55:34,428] Trial 1806 finished with value: 0.1895955502986908 and parameters: {'mlp_n_layers': 2, 'mlp_dim_00': 48, 'mlp_dim_01': 112, 'hidden_channels': 160, 'num_layers': 1, 'num_timesteps': 4, 'dropout': 0.2755865297250545, 'train_learning_rate': 0.0008496654966504252, 'train_lr_reduce': 0.6}. Best is trial 632 with value: 0.13978464901447296.
[I 2024-12-15 16:55:41,687] Trial 1807 finished with value: 0.2460182011127472 and parameters: {'mlp_n_layers': 2, 'mlp_dim_00': 176, 'mlp_dim_01': 176, 'hidden_channels': 64, 'num_layers': 4, 'num_timesteps': 1, 'dropout': 0.052358121961627174, 'train_learning_rate': 0.0011260780959361982, 'train_lr_reduce': 0.6}. Best is trial 632 with value: 0.13978464901447296.
[I 2024-12-15 16:55:44,184] Trial 1808 finished with value: 0.23881796002388 and parameters: {'mlp_n_layers': 4, 'mlp_dim_00': 192, 'mlp_dim_01': 64, 'mlp_dim_02': 192, 'mlp_dim_03': 128, 'hidden_channels': 256, 'num_layers': 3, 'num_timesteps': 2, 'dropout': 0.21453366003118352, 'train_learning_rate': 0.0011416224831986537, 'train_lr_reduce': 0.6}. Best is trial 632 with value: 0.13978464901447296.
[I 2024-12-15 16:55:44,186] Trial 1809 finished with value: 0.18218670785427094 and parameters: {'mlp_n_layers': 4, 'mlp_dim_00': 112, 'mlp_dim_01': 112, 'mlp_dim_02': 224, 'mlp_dim_03': 224, 'hidden_channels': 256, 'num_layers': 1, 'num_timesteps': 4, 'dropout': 0.06514416198843419, 'train_learning_rate': 0.00587340631612945, 'train_lr_reduce': 0.6}. Best is trial 632 with value: 0.13978464901447296.
[I 2024-12-15 16:55:51,834] Trial 1812 finished with value: 0.17828108370304108 and parameters: {'mlp_n_layers': 3, 'mlp_dim_00': 192, 'mlp_dim_01': 32, 'mlp_dim_02': 256, 'hidden_channels': 80, 'num_layers': 1, 'num_timesteps': 2, 'dropout': 0.1402915682079847, 'train_learning_rate': 0.003206170462335245, 'train_lr_reduce': 0.6}. Best is trial 632 with value: 0.13978464901447296.
[I 2024-12-15 16:55:53,776] Trial 1810 finished with value: 0.2045811265707016 and parameters: {'mlp_n_layers': 3, 'mlp_dim_00': 32, 'mlp_dim_01': 176, 'mlp_dim_02': 32, 'hidden_channels': 128, 'num_layers': 1, 'num_timesteps': 3, 'dropout': 0.11192892354792662, 'train_learning_rate': 0.0031572158964535708, 'train_lr_reduce': 0.6}. Best is trial 632 with value: 0.13978464901447296.
[I 2024-12-15 16:56:02,837] Trial 1813 finished with value: 0.1589231789112091 and parameters: {'mlp_n_layers': 4, 'mlp_dim_00': 160, 'mlp_dim_01': 144, 'mlp_dim_02': 208, 'mlp_dim_03': 176, 'hidden_channels': 256, 'num_layers': 1, 'num_timesteps': 4, 'dropout': 0.0200303538552366, 'train_learning_rate': 0.0027507082777467316, 'train_lr_reduce': 0.6}. Best is trial 632 with value: 0.13978464901447296.
[I 2024-12-15 16:56:03,931] Trial 1814 finished with value: 0.21804825961589813 and parameters: {'mlp_n_layers': 4, 'mlp_dim_00': 256, 'mlp_dim_01': 240, 'mlp_dim_02': 176, 'mlp_dim_03': 144, 'hidden_channels': 96, 'num_layers': 4, 'num_timesteps': 2, 'dropout': 0.06301528454629687, 'train_learning_rate': 0.00908513975829837, 'train_lr_reduce': 0.6}. Best is trial 632 with value: 0.13978464901447296.
[I 2024-12-15 16:56:06,234] Trial 1811 finished with value: 0.5168340802192688 and parameters: {'mlp_n_layers': 3, 'mlp_dim_00': 96, 'mlp_dim_01': 80, 'mlp_dim_02': 160, 'hidden_channels': 208, 'num_layers': 4, 'num_timesteps': 4, 'dropout': 0.10515243334328783, 'train_learning_rate': 0.00015235779274565462, 'train_lr_reduce': 0.6}. Best is trial 632 with value: 0.13978464901447296.
[I 2024-12-15 16:56:13,902] Trial 1815 finished with value: 0.16469307243824005 and parameters: {'mlp_n_layers': 4, 'mlp_dim_00': 192, 'mlp_dim_01': 160, 'mlp_dim_02': 240, 'mlp_dim_03': 32, 'hidden_channels': 160, 'num_layers': 1, 'num_timesteps': 4, 'dropout': 0.007723474032862028, 'train_learning_rate': 0.005685253209619332, 'train_lr_reduce': 0.6}. Best is trial 632 with value: 0.13978464901447296.
[I 2024-12-15 16:56:16,391] Trial 1817 finished with value: 0.17740465700626373 and parameters: {'mlp_n_layers': 4, 'mlp_dim_00': 112, 'mlp_dim_01': 144, 'mlp_dim_02': 192, 'mlp_dim_03': 80, 'hidden_channels': 256, 'num_layers': 1, 'num_timesteps': 4, 'dropout': 0.013752371070762152, 'train_learning_rate': 0.0047294744032894895, 'train_lr_reduce': 0.6}. Best is trial 632 with value: 0.13978464901447296.
[I 2024-12-15 16:56:20,222] Trial 1816 finished with value: 0.18534016609191895 and parameters: {'mlp_n_layers': 3, 'mlp_dim_00': 256, 'mlp_dim_01': 192, 'mlp_dim_02': 224, 'hidden_channels': 176, 'num_layers': 1, 'num_timesteps': 4, 'dropout': 0.00030227709002511594, 'train_learning_rate': 0.005314692173759236, 'train_lr_reduce': 0.6}. Best is trial 632 with value: 0.13978464901447296.
[I 2024-12-15 16:56:22,391] Trial 1818 finished with value: 0.1947135627269745 and parameters: {'mlp_n_layers': 4, 'mlp_dim_00': 144, 'mlp_dim_01': 160, 'mlp_dim_02': 256, 'mlp_dim_03': 160, 'hidden_channels': 176, 'num_layers': 1, 'num_timesteps': 3, 'dropout': 0.000835986454127309, 'train_learning_rate': 0.0015348992076972888, 'train_lr_reduce': 0.6}. Best is trial 632 with value: 0.13978464901447296.
[I 2024-12-15 16:56:25,172] Trial 1819 finished with value: 0.23462966084480286 and parameters: {'mlp_n_layers': 4, 'mlp_dim_00': 176, 'mlp_dim_01': 208, 'mlp_dim_02': 160, 'mlp_dim_03': 208, 'hidden_channels': 256, 'num_layers': 2, 'num_timesteps': 4, 'dropout': 0.012253941465609729, 'train_learning_rate': 0.0017145360660717993, 'train_lr_reduce': 0.6}. Best is trial 632 with value: 0.13978464901447296.
[I 2024-12-15 16:56:30,915] Trial 1820 finished with value: 0.21747203171253204 and parameters: {'mlp_n_layers': 4, 'mlp_dim_00': 176, 'mlp_dim_01': 256, 'mlp_dim_02': 208, 'mlp_dim_03': 48, 'hidden_channels': 160, 'num_layers': 1, 'num_timesteps': 4, 'dropout': 0.0028735113572049397, 'train_learning_rate': 0.004819243875904639, 'train_lr_reduce': 0.6}. Best is trial 632 with value: 0.13978464901447296.
[I 2024-12-15 16:56:37,617] Trial 1821 finished with value: 0.19444388151168823 and parameters: {'mlp_n_layers': 4, 'mlp_dim_00': 96, 'mlp_dim_01': 128, 'mlp_dim_02': 240, 'mlp_dim_03': 176, 'hidden_channels': 192, 'num_layers': 1, 'num_timesteps': 4, 'dropout': 0.02139371503705644, 'train_learning_rate': 0.0034041085329194333, 'train_lr_reduce': 0.6}. Best is trial 632 with value: 0.13978464901447296.
[I 2024-12-15 16:56:42,078] Trial 1822 finished with value: 0.23921959102153778 and parameters: {'mlp_n_layers': 2, 'mlp_dim_00': 96, 'mlp_dim_01': 208, 'hidden_channels': 32, 'num_layers': 1, 'num_timesteps': 3, 'dropout': 0.18441527715377531, 'train_learning_rate': 0.0008116497319589535, 'train_lr_reduce': 0.6}. Best is trial 632 with value: 0.13978464901447296.
[I 2024-12-15 16:56:43,478] Trial 1824 finished with value: 0.2168099582195282 and parameters: {'mlp_n_layers': 4, 'mlp_dim_00': 80, 'mlp_dim_01': 144, 'mlp_dim_02': 176, 'mlp_dim_03': 128, 'hidden_channels': 224, 'num_layers': 1, 'num_timesteps': 4, 'dropout': 0.06461852357219874, 'train_learning_rate': 0.002993546284354681, 'train_lr_reduce': 0.6}. Best is trial 632 with value: 0.13978464901447296.
[I 2024-12-15 16:56:44,944] Trial 1823 finished with value: 0.1961047351360321 and parameters: {'mlp_n_layers': 2, 'mlp_dim_00': 48, 'mlp_dim_01': 240, 'hidden_channels': 224, 'num_layers': 1, 'num_timesteps': 3, 'dropout': 0.2962494349517516, 'train_learning_rate': 0.00023399908912619474, 'train_lr_reduce': 0.6}. Best is trial 632 with value: 0.13978464901447296.
[I 2024-12-15 16:56:49,693] Trial 1825 finished with value: 0.238808736205101 and parameters: {'mlp_n_layers': 3, 'mlp_dim_00': 224, 'mlp_dim_01': 192, 'mlp_dim_02': 224, 'hidden_channels': 224, 'num_layers': 1, 'num_timesteps': 4, 'dropout': 0.06647950906194607, 'train_learning_rate': 0.003397264237888105, 'train_lr_reduce': 0.6}. Best is trial 632 with value: 0.13978464901447296.
[I 2024-12-15 16:56:54,635] Trial 1826 finished with value: 0.19908912479877472 and parameters: {'mlp_n_layers': 4, 'mlp_dim_00': 80, 'mlp_dim_01': 192, 'mlp_dim_02': 144, 'mlp_dim_03': 64, 'hidden_channels': 208, 'num_layers': 1, 'num_timesteps': 3, 'dropout': 0.05535101357668467, 'train_learning_rate': 0.0008040888726070882, 'train_lr_reduce': 0.6}. Best is trial 632 with value: 0.13978464901447296.
