[I 2024-12-20 00:43:41,249] Trial 1275 finished with value: 1.2990576028823853 and parameters: {'mlp_n_layers': 3, 'mlp_dim_00': 489, 'mlp_dim_01': 235, 'mlp_dim_02': 311, 'node_hidden_dim': 43, 'edge_hidden_dim': 115, 'depth': 3, 'rep_dropout': 0.11245677434032536, 'train_learning_rate': 0.0075666780027304386, 'train_lr_reduce': 0.6}. Best is trial 558 with value: 0.30280801653862.
[I 2024-12-20 00:43:45,676] Trial 1276 finished with value: 1.3882107734680176 and parameters: {'mlp_n_layers': 2, 'mlp_dim_00': 414, 'mlp_dim_01': 354, 'node_hidden_dim': 88, 'edge_hidden_dim': 113, 'depth': 4, 'rep_dropout': 0.11077585875850274, 'train_learning_rate': 0.0014017554856430177, 'train_lr_reduce': 0.6}. Best is trial 558 with value: 0.30280801653862.
[I 2024-12-20 00:43:50,994] Trial 1273 finished with value: 0.3440762460231781 and parameters: {'mlp_n_layers': 4, 'mlp_dim_00': 375, 'mlp_dim_01': 385, 'mlp_dim_02': 389, 'mlp_dim_03': 273, 'node_hidden_dim': 119, 'edge_hidden_dim': 34, 'depth': 1, 'rep_dropout': 0.0017285488543984774, 'train_learning_rate': 0.0018075059696734154, 'train_lr_reduce': 0.6}. Best is trial 558 with value: 0.30280801653862.
[I 2024-12-20 00:43:54,007] Trial 1274 finished with value: 0.4068404734134674 and parameters: {'mlp_n_layers': 4, 'mlp_dim_00': 146, 'mlp_dim_01': 287, 'mlp_dim_02': 456, 'mlp_dim_03': 329, 'node_hidden_dim': 98, 'edge_hidden_dim': 52, 'depth': 1, 'rep_dropout': 0.014883723040728453, 'train_learning_rate': 0.0013047591641965899, 'train_lr_reduce': 0.6}. Best is trial 558 with value: 0.30280801653862.
[I 2024-12-20 00:43:54,289] Trial 1277 finished with value: 0.47246381640434265 and parameters: {'mlp_n_layers': 4, 'mlp_dim_00': 365, 'mlp_dim_01': 431, 'mlp_dim_02': 223, 'mlp_dim_03': 322, 'node_hidden_dim': 126, 'edge_hidden_dim': 41, 'depth': 1, 'rep_dropout': 0.05430051732492318, 'train_learning_rate': 0.0027986894389995104, 'train_lr_reduce': 0.6}. Best is trial 558 with value: 0.30280801653862.
[I 2024-12-20 00:43:58,110] Trial 1279 finished with value: 1.5437513589859009 and parameters: {'mlp_n_layers': 3, 'mlp_dim_00': 198, 'mlp_dim_01': 301, 'mlp_dim_02': 277, 'node_hidden_dim': 111, 'edge_hidden_dim': 56, 'depth': 2, 'rep_dropout': 0.0038365773384200054, 'train_learning_rate': 0.0017093871505824607, 'train_lr_reduce': 0.6}. Best is trial 558 with value: 0.30280801653862.
[I 2024-12-20 00:44:02,084] Trial 1278 finished with value: 0.4731543958187103 and parameters: {'mlp_n_layers': 3, 'mlp_dim_00': 125, 'mlp_dim_01': 180, 'mlp_dim_02': 358, 'node_hidden_dim': 128, 'edge_hidden_dim': 37, 'depth': 1, 'rep_dropout': 0.0024122763130128445, 'train_learning_rate': 0.0014509175502611603, 'train_lr_reduce': 0.6}. Best is trial 558 with value: 0.30280801653862.
[I 2024-12-20 00:44:21,445] Trial 1280 finished with value: 0.3877672553062439 and parameters: {'mlp_n_layers': 2, 'mlp_dim_00': 189, 'mlp_dim_01': 397, 'node_hidden_dim': 125, 'edge_hidden_dim': 36, 'depth': 1, 'rep_dropout': 0.040365898765823326, 'train_learning_rate': 0.0020200556733376085, 'train_lr_reduce': 0.6}. Best is trial 558 with value: 0.30280801653862.
[I 2024-12-20 00:44:26,192] Trial 1283 finished with value: 1.4647350311279297 and parameters: {'mlp_n_layers': 3, 'mlp_dim_00': 326, 'mlp_dim_01': 253, 'mlp_dim_02': 345, 'node_hidden_dim': 128, 'edge_hidden_dim': 55, 'depth': 2, 'rep_dropout': 0.009670293563154152, 'train_learning_rate': 0.001399243265784724, 'train_lr_reduce': 0.6}. Best is trial 558 with value: 0.30280801653862.
[I 2024-12-20 00:44:30,982] Trial 1284 finished with value: 1.3400819301605225 and parameters: {'mlp_n_layers': 3, 'mlp_dim_00': 133, 'mlp_dim_01': 303, 'mlp_dim_02': 427, 'node_hidden_dim': 128, 'edge_hidden_dim': 71, 'depth': 1, 'rep_dropout': 0.011076102661782243, 'train_learning_rate': 0.00218125823968109, 'train_lr_reduce': 0.6}. Best is trial 558 with value: 0.30280801653862.
[I 2024-12-20 00:44:39,057] Trial 1281 finished with value: 0.47017738223075867 and parameters: {'mlp_n_layers': 4, 'mlp_dim_00': 430, 'mlp_dim_01': 347, 'mlp_dim_02': 393, 'mlp_dim_03': 263, 'node_hidden_dim': 124, 'edge_hidden_dim': 67, 'depth': 1, 'rep_dropout': 0.001315163442857658, 'train_learning_rate': 0.0006731987074017715, 'train_lr_reduce': 0.6}. Best is trial 558 with value: 0.30280801653862.
[I 2024-12-20 00:44:40,767] Trial 1282 finished with value: 0.5228521823883057 and parameters: {'mlp_n_layers': 3, 'mlp_dim_00': 190, 'mlp_dim_01': 469, 'mlp_dim_02': 314, 'node_hidden_dim': 100, 'edge_hidden_dim': 36, 'depth': 1, 'rep_dropout': 0.029697103419071908, 'train_learning_rate': 0.0030735380799009567, 'train_lr_reduce': 0.6}. Best is trial 558 with value: 0.30280801653862.
[I 2024-12-20 00:44:43,394] Trial 1286 finished with value: 1.57574462890625 and parameters: {'mlp_n_layers': 3, 'mlp_dim_00': 230, 'mlp_dim_01': 406, 'mlp_dim_02': 225, 'node_hidden_dim': 99, 'edge_hidden_dim': 36, 'depth': 1, 'rep_dropout': 0.045453458839936504, 'train_learning_rate': 0.000517872961652499, 'train_lr_reduce': 0.6}. Best is trial 558 with value: 0.30280801653862.
[I 2024-12-20 00:44:44,058] Trial 1287 finished with value: 1.2846732139587402 and parameters: {'mlp_n_layers': 3, 'mlp_dim_00': 370, 'mlp_dim_01': 358, 'mlp_dim_02': 283, 'node_hidden_dim': 119, 'edge_hidden_dim': 38, 'depth': 1, 'rep_dropout': 0.021815267250287686, 'train_learning_rate': 0.0034233942139111273, 'train_lr_reduce': 0.6}. Best is trial 558 with value: 0.30280801653862.
[I 2024-12-20 00:44:46,937] Trial 1288 finished with value: 1.4989999532699585 and parameters: {'mlp_n_layers': 3, 'mlp_dim_00': 232, 'mlp_dim_01': 149, 'mlp_dim_02': 339, 'node_hidden_dim': 104, 'edge_hidden_dim': 32, 'depth': 1, 'rep_dropout': 0.007901555045240819, 'train_learning_rate': 0.00132506272615185, 'train_lr_reduce': 0.6}. Best is trial 558 with value: 0.30280801653862.
[I 2024-12-20 00:44:48,142] Trial 1289 finished with value: 1.4092568159103394 and parameters: {'mlp_n_layers': 4, 'mlp_dim_00': 131, 'mlp_dim_01': 270, 'mlp_dim_02': 358, 'mlp_dim_03': 203, 'node_hidden_dim': 95, 'edge_hidden_dim': 102, 'depth': 3, 'rep_dropout': 0.08775217058187014, 'train_learning_rate': 0.007094455593664163, 'train_lr_reduce': 0.6}. Best is trial 558 with value: 0.30280801653862.
[I 2024-12-20 00:44:48,718] Trial 1285 finished with value: 0.36757078766822815 and parameters: {'mlp_n_layers': 3, 'mlp_dim_00': 146, 'mlp_dim_01': 204, 'mlp_dim_02': 396, 'node_hidden_dim': 116, 'edge_hidden_dim': 36, 'depth': 1, 'rep_dropout': 0.024717446018965982, 'train_learning_rate': 0.0014905831969112483, 'train_lr_reduce': 0.6}. Best is trial 558 with value: 0.30280801653862.
[I 2024-12-20 00:44:50,392] Trial 1290 finished with value: 1.417004942893982 and parameters: {'mlp_n_layers': 4, 'mlp_dim_00': 75, 'mlp_dim_01': 334, 'mlp_dim_02': 447, 'mlp_dim_03': 290, 'node_hidden_dim': 40, 'edge_hidden_dim': 52, 'depth': 1, 'rep_dropout': 0.14474886746394222, 'train_learning_rate': 0.0038744495665217486, 'train_lr_reduce': 0.6}. Best is trial 558 with value: 0.30280801653862.
[I 2024-12-20 00:44:52,998] Trial 1292 finished with value: 1.4467339515686035 and parameters: {'mlp_n_layers': 4, 'mlp_dim_00': 424, 'mlp_dim_01': 386, 'mlp_dim_02': 398, 'mlp_dim_03': 333, 'node_hidden_dim': 59, 'edge_hidden_dim': 89, 'depth': 1, 'rep_dropout': 0.11049849821062283, 'train_learning_rate': 0.005741374353780789, 'train_lr_reduce': 0.6}. Best is trial 558 with value: 0.30280801653862.
[I 2024-12-20 00:45:04,868] Trial 1291 finished with value: 0.5542184114456177 and parameters: {'mlp_n_layers': 1, 'mlp_dim_00': 190, 'node_hidden_dim': 105, 'edge_hidden_dim': 82, 'depth': 1, 'rep_dropout': 0.1291621670556612, 'train_learning_rate': 0.006947539443938647, 'train_lr_reduce': 0.6}. Best is trial 558 with value: 0.30280801653862.
[I 2024-12-20 00:45:06,753] Trial 1294 finished with value: 0.42452874779701233 and parameters: {'mlp_n_layers': 4, 'mlp_dim_00': 291, 'mlp_dim_01': 302, 'mlp_dim_02': 249, 'mlp_dim_03': 247, 'node_hidden_dim': 128, 'edge_hidden_dim': 61, 'depth': 1, 'rep_dropout': 0.023266059291260535, 'train_learning_rate': 0.0017250451514021884, 'train_lr_reduce': 0.6}. Best is trial 558 with value: 0.30280801653862.
[I 2024-12-20 00:45:10,746] Trial 1293 finished with value: 0.3369094729423523 and parameters: {'mlp_n_layers': 4, 'mlp_dim_00': 506, 'mlp_dim_01': 452, 'mlp_dim_02': 308, 'mlp_dim_03': 131, 'node_hidden_dim': 118, 'edge_hidden_dim': 59, 'depth': 1, 'rep_dropout': 0.004190375104750342, 'train_learning_rate': 0.0021280318774491917, 'train_lr_reduce': 0.6}. Best is trial 558 with value: 0.30280801653862.
[I 2024-12-20 00:45:10,803] Trial 1296 finished with value: 1.5263420343399048 and parameters: {'mlp_n_layers': 1, 'mlp_dim_00': 114, 'node_hidden_dim': 77, 'edge_hidden_dim': 122, 'depth': 1, 'rep_dropout': 0.012078417568258823, 'train_learning_rate': 0.0004139125198043953, 'train_lr_reduce': 0.6}. Best is trial 558 with value: 0.30280801653862.
[I 2024-12-20 00:45:14,721] Trial 1297 finished with value: 1.533522367477417 and parameters: {'mlp_n_layers': 4, 'mlp_dim_00': 212, 'mlp_dim_01': 413, 'mlp_dim_02': 326, 'mlp_dim_03': 329, 'node_hidden_dim': 116, 'edge_hidden_dim': 58, 'depth': 2, 'rep_dropout': 0.0038800294284716107, 'train_learning_rate': 0.001173447387757018, 'train_lr_reduce': 0.6}. Best is trial 558 with value: 0.30280801653862.
[I 2024-12-20 00:45:32,432] Trial 1295 finished with value: 0.37520158290863037 and parameters: {'mlp_n_layers': 3, 'mlp_dim_00': 372, 'mlp_dim_01': 224, 'mlp_dim_02': 370, 'node_hidden_dim': 128, 'edge_hidden_dim': 45, 'depth': 1, 'rep_dropout': 6.815252470065807e-05, 'train_learning_rate': 0.0020967030806697475, 'train_lr_reduce': 0.6}. Best is trial 558 with value: 0.30280801653862.
[I 2024-12-20 00:45:33,402] Trial 1298 finished with value: 0.3832623362541199 and parameters: {'mlp_n_layers': 4, 'mlp_dim_00': 319, 'mlp_dim_01': 372, 'mlp_dim_02': 465, 'mlp_dim_03': 294, 'node_hidden_dim': 73, 'edge_hidden_dim': 115, 'depth': 1, 'rep_dropout': 0.09866610324530926, 'train_learning_rate': 0.0006099195381625919, 'train_lr_reduce': 0.6}. Best is trial 558 with value: 0.30280801653862.
[I 2024-12-20 00:45:35,194] Trial 1299 finished with value: 0.4111243486404419 and parameters: {'mlp_n_layers': 3, 'mlp_dim_00': 163, 'mlp_dim_01': 473, 'mlp_dim_02': 216, 'node_hidden_dim': 123, 'edge_hidden_dim': 33, 'depth': 1, 'rep_dropout': 0.03514320293381301, 'train_learning_rate': 0.003516882488749729, 'train_lr_reduce': 0.6}. Best is trial 558 with value: 0.30280801653862.
[I 2024-12-20 00:45:36,811] Trial 1301 finished with value: 1.5299702882766724 and parameters: {'mlp_n_layers': 3, 'mlp_dim_00': 236, 'mlp_dim_01': 259, 'mlp_dim_02': 413, 'node_hidden_dim': 128, 'edge_hidden_dim': 36, 'depth': 1, 'rep_dropout': 0.015204531627600291, 'train_learning_rate': 0.0006224451101746983, 'train_lr_reduce': 0.6}. Best is trial 558 with value: 0.30280801653862.
[I 2024-12-20 00:45:39,444] Trial 1302 finished with value: 1.5406532287597656 and parameters: {'mlp_n_layers': 4, 'mlp_dim_00': 348, 'mlp_dim_01': 189, 'mlp_dim_02': 368, 'mlp_dim_03': 279, 'node_hidden_dim': 110, 'edge_hidden_dim': 40, 'depth': 1, 'rep_dropout': 0.0334903683674533, 'train_learning_rate': 0.0015134531296923182, 'train_lr_reduce': 0.6}. Best is trial 558 with value: 0.30280801653862.
[I 2024-12-20 00:45:41,164] Trial 1303 finished with value: 1.5493608713150024 and parameters: {'mlp_n_layers': 4, 'mlp_dim_00': 461, 'mlp_dim_01': 357, 'mlp_dim_02': 324, 'mlp_dim_03': 224, 'node_hidden_dim': 97, 'edge_hidden_dim': 46, 'depth': 1, 'rep_dropout': 0.034672857141348275, 'train_learning_rate': 0.00045324256642401514, 'train_lr_reduce': 0.6}. Best is trial 558 with value: 0.30280801653862.
[I 2024-12-20 00:45:43,306] Trial 1304 finished with value: 1.53926682472229 and parameters: {'mlp_n_layers': 4, 'mlp_dim_00': 436, 'mlp_dim_01': 414, 'mlp_dim_02': 396, 'mlp_dim_03': 336, 'node_hidden_dim': 104, 'edge_hidden_dim': 54, 'depth': 1, 'rep_dropout': 0.004364579975762827, 'train_learning_rate': 0.0010140899482772403, 'train_lr_reduce': 0.6}. Best is trial 558 with value: 0.30280801653862.
[I 2024-12-20 00:45:45,492] Trial 1305 finished with value: 1.548247218132019 and parameters: {'mlp_n_layers': 3, 'mlp_dim_00': 187, 'mlp_dim_01': 512, 'mlp_dim_02': 284, 'node_hidden_dim': 112, 'edge_hidden_dim': 32, 'depth': 2, 'rep_dropout': 0.0026384804468734457, 'train_learning_rate': 0.0009855938894886727, 'train_lr_reduce': 0.6}. Best is trial 558 with value: 0.30280801653862.
[I 2024-12-20 00:45:49,579] Trial 1307 finished with value: 1.5307759046554565 and parameters: {'mlp_n_layers': 4, 'mlp_dim_00': 358, 'mlp_dim_01': 287, 'mlp_dim_02': 346, 'mlp_dim_03': 272, 'node_hidden_dim': 60, 'edge_hidden_dim': 90, 'depth': 1, 'rep_dropout': 0.07671720605813853, 'train_learning_rate': 0.002045816135844072, 'train_lr_reduce': 0.6}. Best is trial 558 with value: 0.30280801653862.
[I 2024-12-20 00:45:52,002] Trial 1300 finished with value: 0.38963332772254944 and parameters: {'mlp_n_layers': 4, 'mlp_dim_00': 395, 'mlp_dim_01': 327, 'mlp_dim_02': 274, 'mlp_dim_03': 335, 'node_hidden_dim': 64, 'edge_hidden_dim': 103, 'depth': 1, 'rep_dropout': 0.05668253951177102, 'train_learning_rate': 0.002249323085005193, 'train_lr_reduce': 0.6}. Best is trial 558 with value: 0.30280801653862.
[I 2024-12-20 00:45:58,014] Trial 1308 finished with value: 1.4023659229278564 and parameters: {'mlp_n_layers': 3, 'mlp_dim_00': 225, 'mlp_dim_01': 335, 'mlp_dim_02': 225, 'node_hidden_dim': 119, 'edge_hidden_dim': 114, 'depth': 4, 'rep_dropout': 0.08549058663210769, 'train_learning_rate': 0.0008142839087935216, 'train_lr_reduce': 0.6}. Best is trial 558 with value: 0.30280801653862.
[I 2024-12-20 00:46:02,848] Trial 1310 finished with value: 1.577511191368103 and parameters: {'mlp_n_layers': 4, 'mlp_dim_00': 306, 'mlp_dim_01': 352, 'mlp_dim_02': 310, 'mlp_dim_03': 337, 'node_hidden_dim': 104, 'edge_hidden_dim': 50, 'depth': 2, 'rep_dropout': 0.014771835598362641, 'train_learning_rate': 0.0007025111079465442, 'train_lr_reduce': 0.6}. Best is trial 558 with value: 0.30280801653862.
[I 2024-12-20 00:46:06,679] Trial 1311 finished with value: 1.4474080801010132 and parameters: {'mlp_n_layers': 1, 'mlp_dim_00': 413, 'node_hidden_dim': 38, 'edge_hidden_dim': 72, 'depth': 2, 'rep_dropout': 0.11792776125455237, 'train_learning_rate': 0.003357992300316229, 'train_lr_reduce': 0.6}. Best is trial 558 with value: 0.30280801653862.
[I 2024-12-20 00:46:07,909] Trial 1309 finished with value: 0.3829007148742676 and parameters: {'mlp_n_layers': 4, 'mlp_dim_00': 237, 'mlp_dim_01': 238, 'mlp_dim_02': 371, 'mlp_dim_03': 181, 'node_hidden_dim': 128, 'edge_hidden_dim': 50, 'depth': 2, 'rep_dropout': 0.040376069590056914, 'train_learning_rate': 0.0015995405593848034, 'train_lr_reduce': 0.6}. Best is trial 558 with value: 0.30280801653862.
[I 2024-12-20 00:46:08,133] Trial 1306 finished with value: 0.30524152517318726 and parameters: {'mlp_n_layers': 4, 'mlp_dim_00': 117, 'mlp_dim_01': 139, 'mlp_dim_02': 434, 'mlp_dim_03': 99, 'node_hidden_dim': 104, 'edge_hidden_dim': 34, 'depth': 1, 'rep_dropout': 0.02699917816460948, 'train_learning_rate': 0.002001963557113484, 'train_lr_reduce': 0.6}. Best is trial 558 with value: 0.30280801653862.
[I 2024-12-20 00:46:10,051] Trial 1312 finished with value: 1.3294633626937866 and parameters: {'mlp_n_layers': 2, 'mlp_dim_00': 319, 'mlp_dim_01': 394, 'node_hidden_dim': 50, 'edge_hidden_dim': 113, 'depth': 1, 'rep_dropout': 0.01803365352975944, 'train_learning_rate': 0.004405520943471191, 'train_lr_reduce': 0.6}. Best is trial 558 with value: 0.30280801653862.
[I 2024-12-20 00:46:11,897] Trial 1313 finished with value: 1.3414446115493774 and parameters: {'mlp_n_layers': 2, 'mlp_dim_00': 161, 'mlp_dim_01': 190, 'node_hidden_dim': 65, 'edge_hidden_dim': 95, 'depth': 3, 'rep_dropout': 0.03748959479769474, 'train_learning_rate': 0.007297147809536768, 'train_lr_reduce': 0.6}. Best is trial 558 with value: 0.30280801653862.
[I 2024-12-20 00:46:15,869] Trial 1316 finished with value: 1.5751615762710571 and parameters: {'mlp_n_layers': 4, 'mlp_dim_00': 512, 'mlp_dim_01': 163, 'mlp_dim_02': 458, 'mlp_dim_03': 83, 'node_hidden_dim': 51, 'edge_hidden_dim': 103, 'depth': 1, 'rep_dropout': 0.03547030929533812, 'train_learning_rate': 0.0005436741315798889, 'train_lr_reduce': 0.6}. Best is trial 558 with value: 0.30280801653862.
[I 2024-12-20 00:46:16,197] Trial 1315 finished with value: 1.22829270362854 and parameters: {'mlp_n_layers': 4, 'mlp_dim_00': 238, 'mlp_dim_01': 161, 'mlp_dim_02': 471, 'mlp_dim_03': 99, 'node_hidden_dim': 124, 'edge_hidden_dim': 63, 'depth': 1, 'rep_dropout': 0.002117692001814408, 'train_learning_rate': 0.0026729379147310255, 'train_lr_reduce': 0.6}. Best is trial 558 with value: 0.30280801653862.
[I 2024-12-20 00:46:19,371] Trial 1314 finished with value: 0.41600266098976135 and parameters: {'mlp_n_layers': 4, 'mlp_dim_00': 400, 'mlp_dim_01': 184, 'mlp_dim_02': 469, 'mlp_dim_03': 129, 'node_hidden_dim': 93, 'edge_hidden_dim': 55, 'depth': 1, 'rep_dropout': 0.029312284441853326, 'train_learning_rate': 0.0026480293950017085, 'train_lr_reduce': 0.6}. Best is trial 558 with value: 0.30280801653862.
[I 2024-12-20 00:46:23,504] Trial 1319 finished with value: 1.4831185340881348 and parameters: {'mlp_n_layers': 1, 'mlp_dim_00': 74, 'node_hidden_dim': 100, 'edge_hidden_dim': 118, 'depth': 3, 'rep_dropout': 0.07057372937311547, 'train_learning_rate': 0.0004172271114547367, 'train_lr_reduce': 0.6}. Best is trial 558 with value: 0.30280801653862.
[I 2024-12-20 00:46:26,812] Trial 1318 finished with value: 0.4546823501586914 and parameters: {'mlp_n_layers': 4, 'mlp_dim_00': 226, 'mlp_dim_01': 298, 'mlp_dim_02': 444, 'mlp_dim_03': 90, 'node_hidden_dim': 102, 'edge_hidden_dim': 61, 'depth': 1, 'rep_dropout': 9.448748179676641e-05, 'train_learning_rate': 0.0012435968342639054, 'train_lr_reduce': 0.6}. Best is trial 558 with value: 0.30280801653862.
[I 2024-12-20 00:46:26,900] Trial 1317 finished with value: 0.45438188314437866 and parameters: {'mlp_n_layers': 4, 'mlp_dim_00': 120, 'mlp_dim_01': 218, 'mlp_dim_02': 466, 'mlp_dim_03': 88, 'node_hidden_dim': 102, 'edge_hidden_dim': 36, 'depth': 1, 'rep_dropout': 0.01847990709094232, 'train_learning_rate': 0.005248854708519575, 'train_lr_reduce': 0.6}. Best is trial 558 with value: 0.30280801653862.
[I 2024-12-20 00:46:29,169] Trial 1320 finished with value: 1.5769249200820923 and parameters: {'mlp_n_layers': 2, 'mlp_dim_00': 440, 'mlp_dim_01': 434, 'node_hidden_dim': 113, 'edge_hidden_dim': 47, 'depth': 1, 'rep_dropout': 0.14905205360379184, 'train_learning_rate': 0.00010588071271770336, 'train_lr_reduce': 0.6}. Best is trial 558 with value: 0.30280801653862.
[I 2024-12-20 00:46:33,060] Trial 1323 finished with value: 1.549889087677002 and parameters: {'mlp_n_layers': 4, 'mlp_dim_00': 130, 'mlp_dim_01': 322, 'mlp_dim_02': 510, 'mlp_dim_03': 126, 'node_hidden_dim': 109, 'edge_hidden_dim': 36, 'depth': 2, 'rep_dropout': 0.05108529638356264, 'train_learning_rate': 0.0024535567495699135, 'train_lr_reduce': 0.6}. Best is trial 558 with value: 0.30280801653862.
[I 2024-12-20 00:46:34,547] Trial 1322 finished with value: 1.3309653997421265 and parameters: {'mlp_n_layers': 4, 'mlp_dim_00': 282, 'mlp_dim_01': 268, 'mlp_dim_02': 440, 'mlp_dim_03': 100, 'node_hidden_dim': 63, 'edge_hidden_dim': 94, 'depth': 4, 'rep_dropout': 0.05942894895155883, 'train_learning_rate': 0.003561021223880796, 'train_lr_reduce': 0.6}. Best is trial 558 with value: 0.30280801653862.
[I 2024-12-20 00:46:38,256] Trial 1325 finished with value: 1.5490416288375854 and parameters: {'mlp_n_layers': 4, 'mlp_dim_00': 160, 'mlp_dim_01': 173, 'mlp_dim_02': 439, 'mlp_dim_03': 70, 'node_hidden_dim': 103, 'edge_hidden_dim': 41, 'depth': 2, 'rep_dropout': 0.059737036176448544, 'train_learning_rate': 0.0007310211345005709, 'train_lr_reduce': 0.6}. Best is trial 558 with value: 0.30280801653862.
[I 2024-12-20 00:46:42,838] Trial 1326 finished with value: 1.4923189878463745 and parameters: {'mlp_n_layers': 4, 'mlp_dim_00': 104, 'mlp_dim_01': 465, 'mlp_dim_02': 423, 'mlp_dim_03': 153, 'node_hidden_dim': 95, 'edge_hidden_dim': 32, 'depth': 2, 'rep_dropout': 0.0038827669750405927, 'train_learning_rate': 0.00263485920896554, 'train_lr_reduce': 0.6}. Best is trial 558 with value: 0.30280801653862.
[I 2024-12-20 00:46:44,374] Trial 1324 finished with value: 0.45056575536727905 and parameters: {'mlp_n_layers': 4, 'mlp_dim_00': 445, 'mlp_dim_01': 218, 'mlp_dim_02': 423, 'mlp_dim_03': 69, 'node_hidden_dim': 79, 'edge_hidden_dim': 53, 'depth': 1, 'rep_dropout': 0.07934435891337135, 'train_learning_rate': 0.003543763203406034, 'train_lr_reduce': 0.6}. Best is trial 558 with value: 0.30280801653862.
[I 2024-12-20 00:46:46,045] Trial 1327 finished with value: 1.4877771139144897 and parameters: {'mlp_n_layers': 1, 'mlp_dim_00': 308, 'node_hidden_dim': 89, 'edge_hidden_dim': 79, 'depth': 3, 'rep_dropout': 0.10386423462980988, 'train_learning_rate': 0.0002908802716453357, 'train_lr_reduce': 0.6}. Best is trial 558 with value: 0.30280801653862.
[I 2024-12-20 00:46:46,752] Trial 1321 finished with value: 0.3149823546409607 and parameters: {'mlp_n_layers': 4, 'mlp_dim_00': 141, 'mlp_dim_01': 372, 'mlp_dim_02': 435, 'mlp_dim_03': 120, 'node_hidden_dim': 98, 'edge_hidden_dim': 45, 'depth': 1, 'rep_dropout': 0.03069011824719208, 'train_learning_rate': 0.0026306604589169044, 'train_lr_reduce': 0.6}. Best is trial 558 with value: 0.30280801653862.
[I 2024-12-20 00:46:50,988] Trial 1330 finished with value: 1.3436790704727173 and parameters: {'mlp_n_layers': 2, 'mlp_dim_00': 511, 'mlp_dim_01': 391, 'node_hidden_dim': 117, 'edge_hidden_dim': 102, 'depth': 3, 'rep_dropout': 0.12591390965477775, 'train_learning_rate': 0.0066415159333701795, 'train_lr_reduce': 0.6}. Best is trial 558 with value: 0.30280801653862.
