[I 2024-12-20 00:07:11,041] Trial 608 finished with value: 0.3456214964389801 and parameters: {'mlp_n_layers': 4, 'mlp_dim_00': 408, 'mlp_dim_01': 371, 'mlp_dim_02': 353, 'mlp_dim_03': 412, 'node_hidden_dim': 126, 'edge_hidden_dim': 60, 'depth': 1, 'rep_dropout': 0.04565418058363349, 'train_learning_rate': 0.0018558358263979838, 'train_lr_reduce': 0.6}. Best is trial 558 with value: 0.30280801653862.
[I 2024-12-20 00:07:21,104] Trial 610 finished with value: 0.412198930978775 and parameters: {'mlp_n_layers': 3, 'mlp_dim_00': 227, 'mlp_dim_01': 317, 'mlp_dim_02': 359, 'node_hidden_dim': 66, 'edge_hidden_dim': 53, 'depth': 1, 'rep_dropout': 0.0532251097740921, 'train_learning_rate': 0.004356239139716777, 'train_lr_reduce': 0.6}. Best is trial 558 with value: 0.30280801653862.
[I 2024-12-20 00:07:27,454] Trial 611 finished with value: 0.38841384649276733 and parameters: {'mlp_n_layers': 4, 'mlp_dim_00': 175, 'mlp_dim_01': 335, 'mlp_dim_02': 383, 'mlp_dim_03': 455, 'node_hidden_dim': 90, 'edge_hidden_dim': 102, 'depth': 1, 'rep_dropout': 0.06654036947807696, 'train_learning_rate': 0.0016309232336503801, 'train_lr_reduce': 0.6}. Best is trial 558 with value: 0.30280801653862.
[I 2024-12-20 00:07:31,931] Trial 614 finished with value: 1.3899089097976685 and parameters: {'mlp_n_layers': 4, 'mlp_dim_00': 453, 'mlp_dim_01': 324, 'mlp_dim_02': 388, 'mlp_dim_03': 468, 'node_hidden_dim': 113, 'edge_hidden_dim': 35, 'depth': 2, 'rep_dropout': 0.0677673001438053, 'train_learning_rate': 0.0024916768941589842, 'train_lr_reduce': 0.6}. Best is trial 558 with value: 0.30280801653862.
[I 2024-12-20 00:07:35,528] Trial 615 finished with value: 1.3371301889419556 and parameters: {'mlp_n_layers': 3, 'mlp_dim_00': 434, 'mlp_dim_01': 364, 'mlp_dim_02': 377, 'node_hidden_dim': 117, 'edge_hidden_dim': 44, 'depth': 1, 'rep_dropout': 0.002656413675670991, 'train_learning_rate': 0.0020247941086472764, 'train_lr_reduce': 0.6}. Best is trial 558 with value: 0.30280801653862.
[I 2024-12-20 00:07:36,915] Trial 612 finished with value: 0.4035857021808624 and parameters: {'mlp_n_layers': 4, 'mlp_dim_00': 390, 'mlp_dim_01': 358, 'mlp_dim_02': 426, 'mlp_dim_03': 506, 'node_hidden_dim': 121, 'edge_hidden_dim': 69, 'depth': 1, 'rep_dropout': 0.038308235940271926, 'train_learning_rate': 0.006916189839480281, 'train_lr_reduce': 0.6}. Best is trial 558 with value: 0.30280801653862.
[I 2024-12-20 00:07:37,109] Trial 613 finished with value: 0.35798630118370056 and parameters: {'mlp_n_layers': 4, 'mlp_dim_00': 468, 'mlp_dim_01': 359, 'mlp_dim_02': 365, 'mlp_dim_03': 460, 'node_hidden_dim': 109, 'edge_hidden_dim': 48, 'depth': 1, 'rep_dropout': 0.03888242259265112, 'train_learning_rate': 0.0020090234007452603, 'train_lr_reduce': 0.6}. Best is trial 558 with value: 0.30280801653862.
[I 2024-12-20 00:07:38,500] Trial 616 finished with value: 1.323796272277832 and parameters: {'mlp_n_layers': 3, 'mlp_dim_00': 381, 'mlp_dim_01': 368, 'mlp_dim_02': 365, 'node_hidden_dim': 122, 'edge_hidden_dim': 66, 'depth': 1, 'rep_dropout': 0.05641638646438003, 'train_learning_rate': 0.0032949810653392663, 'train_lr_reduce': 0.6}. Best is trial 558 with value: 0.30280801653862.
[I 2024-12-20 00:07:42,692] Trial 619 finished with value: 1.5622754096984863 and parameters: {'mlp_n_layers': 4, 'mlp_dim_00': 431, 'mlp_dim_01': 325, 'mlp_dim_02': 363, 'mlp_dim_03': 410, 'node_hidden_dim': 103, 'edge_hidden_dim': 55, 'depth': 1, 'rep_dropout': 0.02170782272165358, 'train_learning_rate': 0.0013653650749763317, 'train_lr_reduce': 0.6}. Best is trial 558 with value: 0.30280801653862.
[I 2024-12-20 00:07:59,827] Trial 617 finished with value: 0.3481668531894684 and parameters: {'mlp_n_layers': 4, 'mlp_dim_00': 439, 'mlp_dim_01': 313, 'mlp_dim_02': 360, 'mlp_dim_03': 472, 'node_hidden_dim': 123, 'edge_hidden_dim': 50, 'depth': 1, 'rep_dropout': 0.039204300330687024, 'train_learning_rate': 0.0019357004177376, 'train_lr_reduce': 0.6}. Best is trial 558 with value: 0.30280801653862.
[I 2024-12-20 00:08:04,029] Trial 618 finished with value: 0.3783382475376129 and parameters: {'mlp_n_layers': 4, 'mlp_dim_00': 105, 'mlp_dim_01': 392, 'mlp_dim_02': 414, 'mlp_dim_03': 403, 'node_hidden_dim': 72, 'edge_hidden_dim': 104, 'depth': 1, 'rep_dropout': 0.07011732182881811, 'train_learning_rate': 0.0010378397766037121, 'train_lr_reduce': 0.6}. Best is trial 558 with value: 0.30280801653862.
[I 2024-12-20 00:08:04,047] Trial 621 finished with value: 1.4157172441482544 and parameters: {'mlp_n_layers': 4, 'mlp_dim_00': 412, 'mlp_dim_01': 472, 'mlp_dim_02': 417, 'mlp_dim_03': 469, 'node_hidden_dim': 103, 'edge_hidden_dim': 51, 'depth': 1, 'rep_dropout': 0.039707555608597025, 'train_learning_rate': 0.00305359039514745, 'train_lr_reduce': 0.6}. Best is trial 558 with value: 0.30280801653862.
[I 2024-12-20 00:08:09,918] Trial 620 finished with value: 0.3956005871295929 and parameters: {'mlp_n_layers': 3, 'mlp_dim_00': 357, 'mlp_dim_01': 364, 'mlp_dim_02': 352, 'node_hidden_dim': 125, 'edge_hidden_dim': 60, 'depth': 1, 'rep_dropout': 0.0024998155047661784, 'train_learning_rate': 0.006019946914862747, 'train_lr_reduce': 0.6}. Best is trial 558 with value: 0.30280801653862.
[I 2024-12-20 00:08:19,510] Trial 622 finished with value: 0.4279424548149109 and parameters: {'mlp_n_layers': 4, 'mlp_dim_00': 116, 'mlp_dim_01': 409, 'mlp_dim_02': 352, 'mlp_dim_03': 411, 'node_hidden_dim': 84, 'edge_hidden_dim': 103, 'depth': 2, 'rep_dropout': 0.015059131642029669, 'train_learning_rate': 0.0027179065798593753, 'train_lr_reduce': 0.6}. Best is trial 558 with value: 0.30280801653862.
[I 2024-12-20 00:08:23,326] Trial 623 finished with value: 0.37957897782325745 and parameters: {'mlp_n_layers': 4, 'mlp_dim_00': 341, 'mlp_dim_01': 314, 'mlp_dim_02': 357, 'mlp_dim_03': 461, 'node_hidden_dim': 106, 'edge_hidden_dim': 45, 'depth': 1, 'rep_dropout': 0.04949502891418583, 'train_learning_rate': 0.001988584687029005, 'train_lr_reduce': 0.6}. Best is trial 558 with value: 0.30280801653862.
[I 2024-12-20 00:08:23,535] Trial 625 finished with value: 1.4023325443267822 and parameters: {'mlp_n_layers': 4, 'mlp_dim_00': 208, 'mlp_dim_01': 511, 'mlp_dim_02': 408, 'mlp_dim_03': 411, 'node_hidden_dim': 76, 'edge_hidden_dim': 42, 'depth': 1, 'rep_dropout': 0.0452878393829207, 'train_learning_rate': 0.009260962158707156, 'train_lr_reduce': 0.6}. Best is trial 558 with value: 0.30280801653862.
[I 2024-12-20 00:08:24,114] Trial 624 finished with value: 0.4131883978843689 and parameters: {'mlp_n_layers': 4, 'mlp_dim_00': 346, 'mlp_dim_01': 361, 'mlp_dim_02': 339, 'mlp_dim_03': 410, 'node_hidden_dim': 128, 'edge_hidden_dim': 86, 'depth': 1, 'rep_dropout': 0.0512401730978171, 'train_learning_rate': 0.0014304551643271682, 'train_lr_reduce': 0.6}. Best is trial 558 with value: 0.30280801653862.
[I 2024-12-20 00:08:28,075] Trial 628 finished with value: 1.5782718658447266 and parameters: {'mlp_n_layers': 4, 'mlp_dim_00': 146, 'mlp_dim_01': 362, 'mlp_dim_02': 392, 'mlp_dim_03': 402, 'node_hidden_dim': 91, 'edge_hidden_dim': 93, 'depth': 1, 'rep_dropout': 0.028145707212691797, 'train_learning_rate': 0.0005082661793268646, 'train_lr_reduce': 0.6}. Best is trial 558 with value: 0.30280801653862.
[I 2024-12-20 00:08:33,874] Trial 627 finished with value: 0.3724963963031769 and parameters: {'mlp_n_layers': 4, 'mlp_dim_00': 346, 'mlp_dim_01': 408, 'mlp_dim_02': 345, 'mlp_dim_03': 503, 'node_hidden_dim': 127, 'edge_hidden_dim': 53, 'depth': 1, 'rep_dropout': 0.062238622549684236, 'train_learning_rate': 0.008046085643552896, 'train_lr_reduce': 0.6}. Best is trial 558 with value: 0.30280801653862.
[I 2024-12-20 00:08:34,062] Trial 626 finished with value: 0.4087512791156769 and parameters: {'mlp_n_layers': 3, 'mlp_dim_00': 96, 'mlp_dim_01': 313, 'mlp_dim_02': 336, 'node_hidden_dim': 68, 'edge_hidden_dim': 112, 'depth': 1, 'rep_dropout': 0.04332489682349944, 'train_learning_rate': 0.0038007977547097646, 'train_lr_reduce': 0.6}. Best is trial 558 with value: 0.30280801653862.
[I 2024-12-20 00:08:38,097] Trial 630 finished with value: 1.463890790939331 and parameters: {'mlp_n_layers': 3, 'mlp_dim_00': 399, 'mlp_dim_01': 326, 'mlp_dim_02': 386, 'node_hidden_dim': 126, 'edge_hidden_dim': 77, 'depth': 2, 'rep_dropout': 0.027936396845197796, 'train_learning_rate': 0.0019031624626835906, 'train_lr_reduce': 0.6}. Best is trial 558 with value: 0.30280801653862.
[I 2024-12-20 00:08:38,521] Trial 631 finished with value: 1.5137683153152466 and parameters: {'mlp_n_layers': 4, 'mlp_dim_00': 397, 'mlp_dim_01': 374, 'mlp_dim_02': 321, 'mlp_dim_03': 390, 'node_hidden_dim': 105, 'edge_hidden_dim': 53, 'depth': 2, 'rep_dropout': 0.0435978888245001, 'train_learning_rate': 0.0018773884939246453, 'train_lr_reduce': 0.6}. Best is trial 558 with value: 0.30280801653862.
[I 2024-12-20 00:08:43,072] Trial 633 finished with value: 1.5829607248306274 and parameters: {'mlp_n_layers': 4, 'mlp_dim_00': 127, 'mlp_dim_01': 385, 'mlp_dim_02': 316, 'mlp_dim_03': 389, 'node_hidden_dim': 44, 'edge_hidden_dim': 66, 'depth': 1, 'rep_dropout': 0.007275713294555938, 'train_learning_rate': 0.00015585256197502999, 'train_lr_reduce': 0.6}. Best is trial 558 with value: 0.30280801653862.
[I 2024-12-20 00:08:47,360] Trial 629 finished with value: 0.31904566287994385 and parameters: {'mlp_n_layers': 4, 'mlp_dim_00': 324, 'mlp_dim_01': 429, 'mlp_dim_02': 330, 'mlp_dim_03': 457, 'node_hidden_dim': 121, 'edge_hidden_dim': 60, 'depth': 1, 'rep_dropout': 0.019643642551429263, 'train_learning_rate': 0.0016162424435739356, 'train_lr_reduce': 0.6}. Best is trial 558 with value: 0.30280801653862.
[I 2024-12-20 00:08:52,186] Trial 635 finished with value: 1.4494900703430176 and parameters: {'mlp_n_layers': 4, 'mlp_dim_00': 496, 'mlp_dim_01': 436, 'mlp_dim_02': 334, 'mlp_dim_03': 473, 'node_hidden_dim': 107, 'edge_hidden_dim': 85, 'depth': 1, 'rep_dropout': 0.05905432115864245, 'train_learning_rate': 0.0046929348037513694, 'train_lr_reduce': 0.6}. Best is trial 558 with value: 0.30280801653862.
[I 2024-12-20 00:08:55,193] Trial 632 finished with value: 0.40881845355033875 and parameters: {'mlp_n_layers': 4, 'mlp_dim_00': 396, 'mlp_dim_01': 310, 'mlp_dim_02': 464, 'mlp_dim_03': 436, 'node_hidden_dim': 124, 'edge_hidden_dim': 66, 'depth': 1, 'rep_dropout': 0.051767745854058786, 'train_learning_rate': 0.0020305297751709965, 'train_lr_reduce': 0.6}. Best is trial 558 with value: 0.30280801653862.
[I 2024-12-20 00:08:55,622] Trial 634 finished with value: 0.4890660345554352 and parameters: {'mlp_n_layers': 4, 'mlp_dim_00': 349, 'mlp_dim_01': 461, 'mlp_dim_02': 375, 'mlp_dim_03': 453, 'node_hidden_dim': 125, 'edge_hidden_dim': 32, 'depth': 1, 'rep_dropout': 0.00218980240891636, 'train_learning_rate': 0.003330325195219825, 'train_lr_reduce': 0.6}. Best is trial 558 with value: 0.30280801653862.
[I 2024-12-20 00:08:56,000] Trial 636 finished with value: 1.3362270593643188 and parameters: {'mlp_n_layers': 1, 'mlp_dim_00': 347, 'node_hidden_dim': 108, 'edge_hidden_dim': 125, 'depth': 3, 'rep_dropout': 0.11413607302033987, 'train_learning_rate': 0.0006071548011905459, 'train_lr_reduce': 0.6}. Best is trial 558 with value: 0.30280801653862.
[I 2024-12-20 00:08:58,476] Trial 637 finished with value: 1.523369312286377 and parameters: {'mlp_n_layers': 4, 'mlp_dim_00': 389, 'mlp_dim_01': 456, 'mlp_dim_02': 348, 'mlp_dim_03': 468, 'node_hidden_dim': 117, 'edge_hidden_dim': 50, 'depth': 2, 'rep_dropout': 0.031169900776680224, 'train_learning_rate': 0.0012713348501669657, 'train_lr_reduce': 0.6}. Best is trial 558 with value: 0.30280801653862.
[I 2024-12-20 00:08:59,440] Trial 639 finished with value: 1.4602959156036377 and parameters: {'mlp_n_layers': 4, 'mlp_dim_00': 377, 'mlp_dim_01': 422, 'mlp_dim_02': 343, 'mlp_dim_03': 459, 'node_hidden_dim': 121, 'edge_hidden_dim': 61, 'depth': 1, 'rep_dropout': 0.005262662036386557, 'train_learning_rate': 0.0016138136897497055, 'train_lr_reduce': 0.6}. Best is trial 558 with value: 0.30280801653862.
[I 2024-12-20 00:09:02,473] Trial 640 finished with value: 1.397903561592102 and parameters: {'mlp_n_layers': 4, 'mlp_dim_00': 437, 'mlp_dim_01': 432, 'mlp_dim_02': 381, 'mlp_dim_03': 418, 'node_hidden_dim': 107, 'edge_hidden_dim': 63, 'depth': 1, 'rep_dropout': 0.043503653067696775, 'train_learning_rate': 0.0016657435135584233, 'train_lr_reduce': 0.6}. Best is trial 558 with value: 0.30280801653862.
[I 2024-12-20 00:09:19,225] Trial 641 finished with value: 0.3533342182636261 and parameters: {'mlp_n_layers': 4, 'mlp_dim_00': 296, 'mlp_dim_01': 471, 'mlp_dim_02': 325, 'mlp_dim_03': 476, 'node_hidden_dim': 119, 'edge_hidden_dim': 53, 'depth': 1, 'rep_dropout': 0.03011026131508353, 'train_learning_rate': 0.0020338224211755786, 'train_lr_reduce': 0.6}. Best is trial 558 with value: 0.30280801653862.
[I 2024-12-20 00:09:19,792] Trial 642 finished with value: 0.37408286333084106 and parameters: {'mlp_n_layers': 4, 'mlp_dim_00': 373, 'mlp_dim_01': 415, 'mlp_dim_02': 313, 'mlp_dim_03': 511, 'node_hidden_dim': 122, 'edge_hidden_dim': 55, 'depth': 1, 'rep_dropout': 0.03250090957778708, 'train_learning_rate': 0.0011217290877975487, 'train_lr_reduce': 0.6}. Best is trial 558 with value: 0.30280801653862.
[I 2024-12-20 00:09:20,821] Trial 638 finished with value: 0.3679295480251312 and parameters: {'mlp_n_layers': 4, 'mlp_dim_00': 278, 'mlp_dim_01': 434, 'mlp_dim_02': 334, 'mlp_dim_03': 447, 'node_hidden_dim': 118, 'edge_hidden_dim': 66, 'depth': 1, 'rep_dropout': 0.010433112894052214, 'train_learning_rate': 0.003472992491473752, 'train_lr_reduce': 0.6}. Best is trial 558 with value: 0.30280801653862.
[I 2024-12-20 00:09:22,586] Trial 643 finished with value: 1.3350352048873901 and parameters: {'mlp_n_layers': 1, 'mlp_dim_00': 343, 'node_hidden_dim': 106, 'edge_hidden_dim': 74, 'depth': 3, 'rep_dropout': 0.056816659326314384, 'train_learning_rate': 0.0012882771441605325, 'train_lr_reduce': 0.6}. Best is trial 558 with value: 0.30280801653862.
[I 2024-12-20 00:09:33,573] Trial 644 finished with value: 0.4039078950881958 and parameters: {'mlp_n_layers': 4, 'mlp_dim_00': 349, 'mlp_dim_01': 415, 'mlp_dim_02': 374, 'mlp_dim_03': 400, 'node_hidden_dim': 124, 'edge_hidden_dim': 43, 'depth': 1, 'rep_dropout': 0.046729564573703426, 'train_learning_rate': 0.0017632609948552227, 'train_lr_reduce': 0.6}. Best is trial 558 with value: 0.30280801653862.
[I 2024-12-20 00:09:37,239] Trial 645 finished with value: 0.37548696994781494 and parameters: {'mlp_n_layers': 3, 'mlp_dim_00': 315, 'mlp_dim_01': 401, 'mlp_dim_02': 344, 'node_hidden_dim': 119, 'edge_hidden_dim': 50, 'depth': 1, 'rep_dropout': 0.005963722966213725, 'train_learning_rate': 0.0014277685412911628, 'train_lr_reduce': 0.6}. Best is trial 558 with value: 0.30280801653862.
[I 2024-12-20 00:09:40,622] Trial 648 finished with value: 1.5445131063461304 and parameters: {'mlp_n_layers': 4, 'mlp_dim_00': 382, 'mlp_dim_01': 377, 'mlp_dim_02': 378, 'mlp_dim_03': 374, 'node_hidden_dim': 120, 'edge_hidden_dim': 73, 'depth': 1, 'rep_dropout': 0.012163156606318691, 'train_learning_rate': 0.0007328300623385314, 'train_lr_reduce': 0.6}. Best is trial 558 with value: 0.30280801653862.
[I 2024-12-20 00:09:40,780] Trial 646 finished with value: 0.36229410767555237 and parameters: {'mlp_n_layers': 3, 'mlp_dim_00': 215, 'mlp_dim_01': 470, 'mlp_dim_02': 419, 'node_hidden_dim': 94, 'edge_hidden_dim': 63, 'depth': 1, 'rep_dropout': 0.0005262779223741219, 'train_learning_rate': 0.0024099654983462198, 'train_lr_reduce': 0.6}. Best is trial 558 with value: 0.30280801653862.
[I 2024-12-20 00:09:44,261] Trial 649 finished with value: 1.300902247428894 and parameters: {'mlp_n_layers': 4, 'mlp_dim_00': 275, 'mlp_dim_01': 420, 'mlp_dim_02': 318, 'mlp_dim_03': 444, 'node_hidden_dim': 126, 'edge_hidden_dim': 67, 'depth': 1, 'rep_dropout': 0.04413145120018166, 'train_learning_rate': 0.0038692537043579227, 'train_lr_reduce': 0.6}. Best is trial 558 with value: 0.30280801653862.
[I 2024-12-20 00:09:44,574] Trial 650 finished with value: 1.5020151138305664 and parameters: {'mlp_n_layers': 3, 'mlp_dim_00': 143, 'mlp_dim_01': 366, 'mlp_dim_02': 347, 'node_hidden_dim': 73, 'edge_hidden_dim': 84, 'depth': 2, 'rep_dropout': 0.05282903197478095, 'train_learning_rate': 0.001416468786215592, 'train_lr_reduce': 0.6}. Best is trial 558 with value: 0.30280801653862.
[I 2024-12-20 00:09:48,066] Trial 651 finished with value: 1.4726489782333374 and parameters: {'mlp_n_layers': 4, 'mlp_dim_00': 223, 'mlp_dim_01': 463, 'mlp_dim_02': 316, 'mlp_dim_03': 381, 'node_hidden_dim': 83, 'edge_hidden_dim': 60, 'depth': 2, 'rep_dropout': 0.06137022787052178, 'train_learning_rate': 0.001954418894967479, 'train_lr_reduce': 0.6}. Best is trial 558 with value: 0.30280801653862.
[I 2024-12-20 00:09:51,579] Trial 653 finished with value: 1.4710030555725098 and parameters: {'mlp_n_layers': 3, 'mlp_dim_00': 297, 'mlp_dim_01': 409, 'mlp_dim_02': 384, 'node_hidden_dim': 119, 'edge_hidden_dim': 33, 'depth': 2, 'rep_dropout': 0.006857848730099637, 'train_learning_rate': 0.0011712770550250206, 'train_lr_reduce': 0.6}. Best is trial 558 with value: 0.30280801653862.
[I 2024-12-20 00:09:53,511] Trial 647 finished with value: 0.3715292513370514 and parameters: {'mlp_n_layers': 4, 'mlp_dim_00': 183, 'mlp_dim_01': 388, 'mlp_dim_02': 311, 'mlp_dim_03': 434, 'node_hidden_dim': 54, 'edge_hidden_dim': 54, 'depth': 2, 'rep_dropout': 0.03671149379185301, 'train_learning_rate': 0.003859107241951068, 'train_lr_reduce': 0.6}. Best is trial 558 with value: 0.30280801653862.
[I 2024-12-20 00:09:56,020] Trial 654 finished with value: 1.5833446979522705 and parameters: {'mlp_n_layers': 4, 'mlp_dim_00': 422, 'mlp_dim_01': 355, 'mlp_dim_02': 305, 'mlp_dim_03': 377, 'node_hidden_dim': 54, 'edge_hidden_dim': 96, 'depth': 1, 'rep_dropout': 0.1392059754186032, 'train_learning_rate': 0.00021751549259189717, 'train_lr_reduce': 0.6}. Best is trial 558 with value: 0.30280801653862.
[I 2024-12-20 00:09:59,633] Trial 652 finished with value: 0.6300394535064697 and parameters: {'mlp_n_layers': 4, 'mlp_dim_00': 417, 'mlp_dim_01': 362, 'mlp_dim_02': 67, 'mlp_dim_03': 448, 'node_hidden_dim': 110, 'edge_hidden_dim': 47, 'depth': 1, 'rep_dropout': 0.004641925240792583, 'train_learning_rate': 0.0027032677998354853, 'train_lr_reduce': 0.6}. Best is trial 558 with value: 0.30280801653862.
[I 2024-12-20 00:10:01,025] Trial 656 finished with value: 1.5601633787155151 and parameters: {'mlp_n_layers': 3, 'mlp_dim_00': 80, 'mlp_dim_01': 351, 'mlp_dim_02': 401, 'node_hidden_dim': 59, 'edge_hidden_dim': 87, 'depth': 2, 'rep_dropout': 0.0745802598110672, 'train_learning_rate': 0.0002073887461544788, 'train_lr_reduce': 0.6}. Best is trial 558 with value: 0.30280801653862.
[I 2024-12-20 00:10:03,367] Trial 657 finished with value: 1.5620980262756348 and parameters: {'mlp_n_layers': 2, 'mlp_dim_00': 362, 'mlp_dim_01': 433, 'node_hidden_dim': 101, 'edge_hidden_dim': 56, 'depth': 1, 'rep_dropout': 0.03892975794429887, 'train_learning_rate': 0.00016408216849130543, 'train_lr_reduce': 0.6}. Best is trial 558 with value: 0.30280801653862.
[I 2024-12-20 00:10:04,793] Trial 658 finished with value: 1.5573770999908447 and parameters: {'mlp_n_layers': 4, 'mlp_dim_00': 276, 'mlp_dim_01': 511, 'mlp_dim_02': 303, 'mlp_dim_03': 427, 'node_hidden_dim': 105, 'edge_hidden_dim': 59, 'depth': 1, 'rep_dropout': 0.015075200750408252, 'train_learning_rate': 0.0009033648605834995, 'train_lr_reduce': 0.6}. Best is trial 558 with value: 0.30280801653862.
[I 2024-12-20 00:10:06,244] Trial 655 finished with value: 0.4822942912578583 and parameters: {'mlp_n_layers': 4, 'mlp_dim_00': 154, 'mlp_dim_01': 391, 'mlp_dim_02': 364, 'mlp_dim_03': 507, 'node_hidden_dim': 70, 'edge_hidden_dim': 100, 'depth': 1, 'rep_dropout': 0.042854128086154714, 'train_learning_rate': 0.0020558370814524464, 'train_lr_reduce': 0.6}. Best is trial 558 with value: 0.30280801653862.
[I 2024-12-20 00:10:08,035] Trial 660 finished with value: 1.492933750152588 and parameters: {'mlp_n_layers': 1, 'mlp_dim_00': 227, 'node_hidden_dim': 102, 'edge_hidden_dim': 101, 'depth': 2, 'rep_dropout': 0.12411617155707749, 'train_learning_rate': 0.00013095610894819828, 'train_lr_reduce': 0.6}. Best is trial 558 with value: 0.30280801653862.
[I 2024-12-20 00:10:10,873] Trial 659 finished with value: 0.6755838394165039 and parameters: {'mlp_n_layers': 4, 'mlp_dim_00': 417, 'mlp_dim_01': 349, 'mlp_dim_02': 346, 'mlp_dim_03': 362, 'node_hidden_dim': 108, 'edge_hidden_dim': 52, 'depth': 1, 'rep_dropout': 0.06043091217383974, 'train_learning_rate': 0.0013122345779154475, 'train_lr_reduce': 0.6}. Best is trial 558 with value: 0.30280801653862.
[I 2024-12-20 00:10:14,418] Trial 663 finished with value: 1.2870030403137207 and parameters: {'mlp_n_layers': 3, 'mlp_dim_00': 334, 'mlp_dim_01': 462, 'mlp_dim_02': 420, 'node_hidden_dim': 108, 'edge_hidden_dim': 39, 'depth': 1, 'rep_dropout': 0.07914669238591854, 'train_learning_rate': 0.003821695190085924, 'train_lr_reduce': 0.6}. Best is trial 558 with value: 0.30280801653862.
[I 2024-12-20 00:10:23,788] Trial 661 finished with value: 0.4007866084575653 and parameters: {'mlp_n_layers': 4, 'mlp_dim_00': 144, 'mlp_dim_01': 393, 'mlp_dim_02': 357, 'mlp_dim_03': 435, 'node_hidden_dim': 80, 'edge_hidden_dim': 53, 'depth': 2, 'rep_dropout': 0.019165238240072355, 'train_learning_rate': 0.004500656839206497, 'train_lr_reduce': 0.6}. Best is trial 558 with value: 0.30280801653862.
[I 2024-12-20 00:10:27,639] Trial 665 finished with value: 1.5308862924575806 and parameters: {'mlp_n_layers': 2, 'mlp_dim_00': 449, 'mlp_dim_01': 342, 'node_hidden_dim': 100, 'edge_hidden_dim': 115, 'depth': 1, 'rep_dropout': 0.014136018367112962, 'train_learning_rate': 0.0004043287293396236, 'train_lr_reduce': 0.6}. Best is trial 558 with value: 0.30280801653862.
