[I 2024-12-19 08:40:11,998] Trial 1848 finished with value: 1.4662129878997803 and parameters: {'mlp_n_layers': 2, 'mlp_dim_00': 350, 'mlp_dim_01': 278, 'node_hidden_dim': 99, 'edge_hidden_dim': 54, 'depth': 4, 'rep_dropout': 0.22980539600112473, 'train_learning_rate': 0.001205443771312535, 'train_lr_reduce': 0.6}. Best is trial 1483 with value: 0.2768918573856354.
[I 2024-12-19 08:40:16,692] Trial 1851 finished with value: 1.3514344692230225 and parameters: {'mlp_n_layers': 2, 'mlp_dim_00': 337, 'mlp_dim_01': 202, 'node_hidden_dim': 103, 'edge_hidden_dim': 47, 'depth': 2, 'rep_dropout': 0.0848737052417757, 'train_learning_rate': 0.007122600536617921, 'train_lr_reduce': 0.6}. Best is trial 1483 with value: 0.2768918573856354.
[I 2024-12-19 08:40:17,102] Trial 1845 finished with value: 0.565277636051178 and parameters: {'mlp_n_layers': 3, 'mlp_dim_00': 307, 'mlp_dim_01': 181, 'mlp_dim_02': 415, 'node_hidden_dim': 77, 'edge_hidden_dim': 99, 'depth': 2, 'rep_dropout': 0.06671887998933826, 'train_learning_rate': 0.0031690870670014262, 'train_lr_reduce': 0.6}. Best is trial 1483 with value: 0.2768918573856354.
[I 2024-12-19 08:40:18,635] Trial 1850 finished with value: 1.3228094577789307 and parameters: {'mlp_n_layers': 2, 'mlp_dim_00': 150, 'mlp_dim_01': 223, 'node_hidden_dim': 89, 'edge_hidden_dim': 57, 'depth': 3, 'rep_dropout': 0.007994640306277495, 'train_learning_rate': 0.006229686671054004, 'train_lr_reduce': 0.6}. Best is trial 1483 with value: 0.2768918573856354.
[I 2024-12-19 08:40:21,669] Trial 1853 finished with value: 1.2954933643341064 and parameters: {'mlp_n_layers': 2, 'mlp_dim_00': 193, 'mlp_dim_01': 176, 'node_hidden_dim': 123, 'edge_hidden_dim': 55, 'depth': 2, 'rep_dropout': 0.08233236310900975, 'train_learning_rate': 0.009849990480781674, 'train_lr_reduce': 0.6}. Best is trial 1483 with value: 0.2768918573856354.
[I 2024-12-19 08:40:22,461] Trial 1852 finished with value: 1.542810082435608 and parameters: {'mlp_n_layers': 4, 'mlp_dim_00': 478, 'mlp_dim_01': 483, 'mlp_dim_02': 416, 'mlp_dim_03': 358, 'node_hidden_dim': 72, 'edge_hidden_dim': 65, 'depth': 2, 'rep_dropout': 0.11851205599554096, 'train_learning_rate': 0.009449865733052879, 'train_lr_reduce': 0.6}. Best is trial 1483 with value: 0.2768918573856354.
[I 2024-12-19 08:40:22,947] Trial 1854 finished with value: 1.5664870738983154 and parameters: {'mlp_n_layers': 3, 'mlp_dim_00': 308, 'mlp_dim_01': 293, 'mlp_dim_02': 411, 'node_hidden_dim': 63, 'edge_hidden_dim': 123, 'depth': 2, 'rep_dropout': 0.028155723863758364, 'train_learning_rate': 0.00011965509847708214, 'train_lr_reduce': 0.6}. Best is trial 1483 with value: 0.2768918573856354.
[I 2024-12-19 08:40:27,262] Trial 1856 finished with value: 1.2858901023864746 and parameters: {'mlp_n_layers': 2, 'mlp_dim_00': 287, 'mlp_dim_01': 271, 'node_hidden_dim': 123, 'edge_hidden_dim': 42, 'depth': 3, 'rep_dropout': 0.09213919163223698, 'train_learning_rate': 0.007501622679083755, 'train_lr_reduce': 0.6}. Best is trial 1483 with value: 0.2768918573856354.
[I 2024-12-19 08:40:27,568] Trial 1857 finished with value: 1.357354998588562 and parameters: {'mlp_n_layers': 2, 'mlp_dim_00': 334, 'mlp_dim_01': 125, 'node_hidden_dim': 96, 'edge_hidden_dim': 41, 'depth': 2, 'rep_dropout': 0.07063201756592327, 'train_learning_rate': 0.005306596655022306, 'train_lr_reduce': 0.6}. Best is trial 1483 with value: 0.2768918573856354.
[I 2024-12-19 08:40:32,074] Trial 1859 finished with value: 1.3183399438858032 and parameters: {'mlp_n_layers': 2, 'mlp_dim_00': 116, 'mlp_dim_01': 132, 'node_hidden_dim': 127, 'edge_hidden_dim': 51, 'depth': 2, 'rep_dropout': 0.013008570614675023, 'train_learning_rate': 0.007838316008958632, 'train_lr_reduce': 0.6}. Best is trial 1483 with value: 0.2768918573856354.
[I 2024-12-19 08:40:35,209] Trial 1858 finished with value: 1.2430275678634644 and parameters: {'mlp_n_layers': 2, 'mlp_dim_00': 379, 'mlp_dim_01': 70, 'node_hidden_dim': 109, 'edge_hidden_dim': 57, 'depth': 2, 'rep_dropout': 0.007959323080920275, 'train_learning_rate': 0.007976591864047752, 'train_lr_reduce': 0.6}. Best is trial 1483 with value: 0.2768918573856354.
[I 2024-12-19 08:40:36,764] Trial 1860 finished with value: 1.356719970703125 and parameters: {'mlp_n_layers': 4, 'mlp_dim_00': 178, 'mlp_dim_01': 115, 'mlp_dim_02': 429, 'mlp_dim_03': 365, 'node_hidden_dim': 66, 'edge_hidden_dim': 84, 'depth': 2, 'rep_dropout': 0.13611646358853807, 'train_learning_rate': 0.003351620411813556, 'train_lr_reduce': 0.6}. Best is trial 1483 with value: 0.2768918573856354.
[I 2024-12-19 08:40:38,437] Trial 1855 finished with value: 0.2916507124900818 and parameters: {'mlp_n_layers': 2, 'mlp_dim_00': 182, 'mlp_dim_01': 74, 'node_hidden_dim': 124, 'edge_hidden_dim': 76, 'depth': 3, 'rep_dropout': 0.02436658615402427, 'train_learning_rate': 0.009810542411276074, 'train_lr_reduce': 0.6}. Best is trial 1483 with value: 0.2768918573856354.
[I 2024-12-19 08:40:41,383] Trial 1862 finished with value: 1.3031436204910278 and parameters: {'mlp_n_layers': 2, 'mlp_dim_00': 307, 'mlp_dim_01': 372, 'node_hidden_dim': 122, 'edge_hidden_dim': 64, 'depth': 2, 'rep_dropout': 0.02869469566673829, 'train_learning_rate': 0.005740568818436763, 'train_lr_reduce': 0.6}. Best is trial 1483 with value: 0.2768918573856354.
[I 2024-12-19 08:40:44,086] Trial 1863 finished with value: 1.4746272563934326 and parameters: {'mlp_n_layers': 2, 'mlp_dim_00': 189, 'mlp_dim_01': 169, 'node_hidden_dim': 118, 'edge_hidden_dim': 94, 'depth': 3, 'rep_dropout': 0.07700130672641559, 'train_learning_rate': 0.009486252627471353, 'train_lr_reduce': 0.6}. Best is trial 1483 with value: 0.2768918573856354.
[I 2024-12-19 08:40:45,937] Trial 1864 finished with value: 1.373097538948059 and parameters: {'mlp_n_layers': 3, 'mlp_dim_00': 496, 'mlp_dim_01': 480, 'mlp_dim_02': 387, 'node_hidden_dim': 79, 'edge_hidden_dim': 95, 'depth': 2, 'rep_dropout': 0.09903219123778959, 'train_learning_rate': 0.004830557481582233, 'train_lr_reduce': 0.6}. Best is trial 1483 with value: 0.2768918573856354.
[I 2024-12-19 08:40:47,547] Trial 1861 finished with value: 0.43888822197914124 and parameters: {'mlp_n_layers': 3, 'mlp_dim_00': 188, 'mlp_dim_01': 252, 'mlp_dim_02': 397, 'node_hidden_dim': 123, 'edge_hidden_dim': 80, 'depth': 2, 'rep_dropout': 0.15973145004347256, 'train_learning_rate': 0.00981377564847524, 'train_lr_reduce': 0.6}. Best is trial 1483 with value: 0.2768918573856354.
[I 2024-12-19 08:40:48,762] Trial 1865 finished with value: 1.4834002256393433 and parameters: {'mlp_n_layers': 2, 'mlp_dim_00': 212, 'mlp_dim_01': 91, 'node_hidden_dim': 108, 'edge_hidden_dim': 58, 'depth': 2, 'rep_dropout': 0.038000062838668885, 'train_learning_rate': 0.002183943619764134, 'train_lr_reduce': 0.6}. Best is trial 1483 with value: 0.2768918573856354.
[I 2024-12-19 08:40:50,550] Trial 1866 finished with value: 1.5227018594741821 and parameters: {'mlp_n_layers': 4, 'mlp_dim_00': 191, 'mlp_dim_01': 478, 'mlp_dim_02': 427, 'mlp_dim_03': 343, 'node_hidden_dim': 56, 'edge_hidden_dim': 42, 'depth': 2, 'rep_dropout': 0.14218338532640984, 'train_learning_rate': 0.001555653423234602, 'train_lr_reduce': 0.6}. Best is trial 1483 with value: 0.2768918573856354.
[I 2024-12-19 08:40:51,746] Trial 1867 finished with value: 1.2837949991226196 and parameters: {'mlp_n_layers': 2, 'mlp_dim_00': 414, 'mlp_dim_01': 119, 'node_hidden_dim': 93, 'edge_hidden_dim': 49, 'depth': 2, 'rep_dropout': 0.06147211084509034, 'train_learning_rate': 0.00873724456219541, 'train_lr_reduce': 0.6}. Best is trial 1483 with value: 0.2768918573856354.
[I 2024-12-19 08:40:53,646] Trial 1868 finished with value: 1.2836142778396606 and parameters: {'mlp_n_layers': 2, 'mlp_dim_00': 170, 'mlp_dim_01': 89, 'node_hidden_dim': 122, 'edge_hidden_dim': 93, 'depth': 3, 'rep_dropout': 0.004681885073629655, 'train_learning_rate': 0.006251010891012531, 'train_lr_reduce': 0.6}. Best is trial 1483 with value: 0.2768918573856354.
[I 2024-12-19 08:40:56,624] Trial 1870 finished with value: 1.556599497795105 and parameters: {'mlp_n_layers': 4, 'mlp_dim_00': 451, 'mlp_dim_01': 312, 'mlp_dim_02': 374, 'mlp_dim_03': 418, 'node_hidden_dim': 66, 'edge_hidden_dim': 114, 'depth': 4, 'rep_dropout': 0.08143126422661692, 'train_learning_rate': 0.0001814060430782678, 'train_lr_reduce': 0.6}. Best is trial 1483 with value: 0.2768918573856354.
[I 2024-12-19 08:40:59,066] Trial 1871 finished with value: 1.4490596055984497 and parameters: {'mlp_n_layers': 2, 'mlp_dim_00': 198, 'mlp_dim_01': 81, 'node_hidden_dim': 105, 'edge_hidden_dim': 68, 'depth': 3, 'rep_dropout': 0.04066651353432495, 'train_learning_rate': 0.005212385301582273, 'train_lr_reduce': 0.6}. Best is trial 1483 with value: 0.2768918573856354.
[I 2024-12-19 08:41:00,050] Trial 1869 finished with value: 1.3469674587249756 and parameters: {'mlp_n_layers': 4, 'mlp_dim_00': 392, 'mlp_dim_01': 134, 'mlp_dim_02': 325, 'mlp_dim_03': 335, 'node_hidden_dim': 46, 'edge_hidden_dim': 100, 'depth': 2, 'rep_dropout': 0.24179095596176312, 'train_learning_rate': 0.00360363858176939, 'train_lr_reduce': 0.6}. Best is trial 1483 with value: 0.2768918573856354.
[I 2024-12-19 08:41:01,976] Trial 1872 finished with value: 1.4582245349884033 and parameters: {'mlp_n_layers': 3, 'mlp_dim_00': 436, 'mlp_dim_01': 351, 'mlp_dim_02': 426, 'node_hidden_dim': 102, 'edge_hidden_dim': 121, 'depth': 2, 'rep_dropout': 0.14998416796921568, 'train_learning_rate': 0.009800401008757889, 'train_lr_reduce': 0.6}. Best is trial 1483 with value: 0.2768918573856354.
[I 2024-12-19 08:41:03,900] Trial 1873 finished with value: 1.4461002349853516 and parameters: {'mlp_n_layers': 2, 'mlp_dim_00': 166, 'mlp_dim_01': 219, 'node_hidden_dim': 124, 'edge_hidden_dim': 82, 'depth': 2, 'rep_dropout': 0.06373486873020925, 'train_learning_rate': 0.008747894134922597, 'train_lr_reduce': 0.6}. Best is trial 1483 with value: 0.2768918573856354.
[I 2024-12-19 08:41:04,575] Trial 1874 finished with value: 1.3313047885894775 and parameters: {'mlp_n_layers': 3, 'mlp_dim_00': 419, 'mlp_dim_01': 495, 'mlp_dim_02': 356, 'node_hidden_dim': 115, 'edge_hidden_dim': 79, 'depth': 3, 'rep_dropout': 0.06472234394877069, 'train_learning_rate': 0.00222448764698842, 'train_lr_reduce': 0.6}. Best is trial 1483 with value: 0.2768918573856354.
[I 2024-12-19 08:41:07,578] Trial 1875 finished with value: 1.4147775173187256 and parameters: {'mlp_n_layers': 2, 'mlp_dim_00': 173, 'mlp_dim_01': 381, 'node_hidden_dim': 117, 'edge_hidden_dim': 65, 'depth': 2, 'rep_dropout': 0.03190967108335213, 'train_learning_rate': 0.00851241852223362, 'train_lr_reduce': 0.6}. Best is trial 1483 with value: 0.2768918573856354.
[I 2024-12-19 08:41:08,834] Trial 1876 finished with value: 1.2984884977340698 and parameters: {'mlp_n_layers': 2, 'mlp_dim_00': 203, 'mlp_dim_01': 123, 'node_hidden_dim': 123, 'edge_hidden_dim': 75, 'depth': 3, 'rep_dropout': 0.0019493055989351013, 'train_learning_rate': 0.00981681099182478, 'train_lr_reduce': 0.6}. Best is trial 1483 with value: 0.2768918573856354.
[I 2024-12-19 08:41:12,441] Trial 1878 finished with value: 1.3288354873657227 and parameters: {'mlp_n_layers': 3, 'mlp_dim_00': 394, 'mlp_dim_01': 71, 'mlp_dim_02': 309, 'node_hidden_dim': 78, 'edge_hidden_dim': 100, 'depth': 2, 'rep_dropout': 0.06180901381348651, 'train_learning_rate': 0.007527965328930047, 'train_lr_reduce': 0.6}. Best is trial 1483 with value: 0.2768918573856354.
[I 2024-12-19 08:41:14,921] Trial 1879 finished with value: 1.3544987440109253 and parameters: {'mlp_n_layers': 2, 'mlp_dim_00': 177, 'mlp_dim_01': 197, 'node_hidden_dim': 126, 'edge_hidden_dim': 101, 'depth': 3, 'rep_dropout': 0.01596650389680808, 'train_learning_rate': 0.008238011241393645, 'train_lr_reduce': 0.6}. Best is trial 1483 with value: 0.2768918573856354.
[I 2024-12-19 08:41:17,404] Trial 1880 finished with value: 1.4453439712524414 and parameters: {'mlp_n_layers': 4, 'mlp_dim_00': 237, 'mlp_dim_01': 106, 'mlp_dim_02': 436, 'mlp_dim_03': 360, 'node_hidden_dim': 46, 'edge_hidden_dim': 33, 'depth': 2, 'rep_dropout': 0.20923643851765122, 'train_learning_rate': 0.002954594306031769, 'train_lr_reduce': 0.6}. Best is trial 1483 with value: 0.2768918573856354.
[I 2024-12-19 08:41:19,285] Trial 1881 finished with value: 1.5550884008407593 and parameters: {'mlp_n_layers': 2, 'mlp_dim_00': 79, 'mlp_dim_01': 215, 'node_hidden_dim': 37, 'edge_hidden_dim': 33, 'depth': 2, 'rep_dropout': 0.19066730208355534, 'train_learning_rate': 0.0002970037506623673, 'train_lr_reduce': 0.6}. Best is trial 1483 with value: 0.2768918573856354.
[I 2024-12-19 08:41:19,636] Trial 1877 finished with value: 0.4378306567668915 and parameters: {'mlp_n_layers': 2, 'mlp_dim_00': 161, 'mlp_dim_01': 334, 'node_hidden_dim': 117, 'edge_hidden_dim': 127, 'depth': 2, 'rep_dropout': 0.041990618128835255, 'train_learning_rate': 0.0018791572295253657, 'train_lr_reduce': 0.6}. Best is trial 1483 with value: 0.2768918573856354.
[I 2024-12-19 08:41:22,534] Trial 1882 finished with value: 1.574519395828247 and parameters: {'mlp_n_layers': 4, 'mlp_dim_00': 471, 'mlp_dim_01': 412, 'mlp_dim_02': 365, 'mlp_dim_03': 326, 'node_hidden_dim': 50, 'edge_hidden_dim': 83, 'depth': 3, 'rep_dropout': 0.2391553622130026, 'train_learning_rate': 0.0002465190207320641, 'train_lr_reduce': 0.6}. Best is trial 1483 with value: 0.2768918573856354.
[I 2024-12-19 08:41:24,067] Trial 1884 finished with value: 1.5300155878067017 and parameters: {'mlp_n_layers': 2, 'mlp_dim_00': 70, 'mlp_dim_01': 438, 'node_hidden_dim': 62, 'edge_hidden_dim': 54, 'depth': 2, 'rep_dropout': 0.0014204754527060992, 'train_learning_rate': 0.0026420975541676926, 'train_lr_reduce': 0.6}. Best is trial 1483 with value: 0.2768918573856354.
[I 2024-12-19 08:41:24,116] Trial 1883 finished with value: 1.2928410768508911 and parameters: {'mlp_n_layers': 4, 'mlp_dim_00': 176, 'mlp_dim_01': 286, 'mlp_dim_02': 309, 'mlp_dim_03': 504, 'node_hidden_dim': 106, 'edge_hidden_dim': 77, 'depth': 2, 'rep_dropout': 0.029972638008721162, 'train_learning_rate': 0.009860286047839457, 'train_lr_reduce': 0.6}. Best is trial 1483 with value: 0.2768918573856354.
[I 2024-12-19 08:41:26,885] Trial 1885 finished with value: 1.3389333486557007 and parameters: {'mlp_n_layers': 2, 'mlp_dim_00': 179, 'mlp_dim_01': 349, 'node_hidden_dim': 87, 'edge_hidden_dim': 69, 'depth': 2, 'rep_dropout': 0.12329936462455551, 'train_learning_rate': 0.004401218543520003, 'train_lr_reduce': 0.6}. Best is trial 1483 with value: 0.2768918573856354.
[I 2024-12-19 08:41:28,470] Trial 1886 finished with value: 1.440737009048462 and parameters: {'mlp_n_layers': 2, 'mlp_dim_00': 223, 'mlp_dim_01': 65, 'node_hidden_dim': 127, 'edge_hidden_dim': 89, 'depth': 2, 'rep_dropout': 0.010453908850456953, 'train_learning_rate': 0.0024895861585865053, 'train_lr_reduce': 0.6}. Best is trial 1483 with value: 0.2768918573856354.
[I 2024-12-19 08:41:28,536] Trial 1887 finished with value: 1.298141598701477 and parameters: {'mlp_n_layers': 2, 'mlp_dim_00': 276, 'mlp_dim_01': 156, 'node_hidden_dim': 123, 'edge_hidden_dim': 70, 'depth': 3, 'rep_dropout': 0.013537920153219484, 'train_learning_rate': 0.003946163419955408, 'train_lr_reduce': 0.6}. Best is trial 1483 with value: 0.2768918573856354.
[I 2024-12-19 08:41:31,412] Trial 1888 finished with value: 1.4530682563781738 and parameters: {'mlp_n_layers': 2, 'mlp_dim_00': 413, 'mlp_dim_01': 129, 'node_hidden_dim': 103, 'edge_hidden_dim': 34, 'depth': 2, 'rep_dropout': 0.03402649192745441, 'train_learning_rate': 0.009713728452420434, 'train_lr_reduce': 0.6}. Best is trial 1483 with value: 0.2768918573856354.
[I 2024-12-19 08:41:33,066] Trial 1889 finished with value: 1.4787498712539673 and parameters: {'mlp_n_layers': 3, 'mlp_dim_00': 474, 'mlp_dim_01': 479, 'mlp_dim_02': 393, 'node_hidden_dim': 112, 'edge_hidden_dim': 108, 'depth': 3, 'rep_dropout': 0.05382601298480651, 'train_learning_rate': 0.0039529948259402325, 'train_lr_reduce': 0.6}. Best is trial 1483 with value: 0.2768918573856354.
[I 2024-12-19 08:41:33,214] Trial 1890 finished with value: 1.310707688331604 and parameters: {'mlp_n_layers': 2, 'mlp_dim_00': 169, 'mlp_dim_01': 166, 'node_hidden_dim': 118, 'edge_hidden_dim': 87, 'depth': 3, 'rep_dropout': 0.03712017513892831, 'train_learning_rate': 0.004502628842856369, 'train_lr_reduce': 0.6}. Best is trial 1483 with value: 0.2768918573856354.
[I 2024-12-19 08:41:37,786] Trial 1892 finished with value: 1.5715936422348022 and parameters: {'mlp_n_layers': 4, 'mlp_dim_00': 111, 'mlp_dim_01': 304, 'mlp_dim_02': 322, 'mlp_dim_03': 331, 'node_hidden_dim': 69, 'edge_hidden_dim': 33, 'depth': 2, 'rep_dropout': 0.018600880064782888, 'train_learning_rate': 0.0009639148368018187, 'train_lr_reduce': 0.6}. Best is trial 1483 with value: 0.2768918573856354.
[I 2024-12-19 08:41:38,397] Trial 1893 finished with value: 1.5457998514175415 and parameters: {'mlp_n_layers': 3, 'mlp_dim_00': 72, 'mlp_dim_01': 402, 'mlp_dim_02': 352, 'node_hidden_dim': 64, 'edge_hidden_dim': 75, 'depth': 4, 'rep_dropout': 0.23816808790185426, 'train_learning_rate': 0.0009219554899286573, 'train_lr_reduce': 0.6}. Best is trial 1483 with value: 0.2768918573856354.
[I 2024-12-19 08:41:43,282] Trial 1895 finished with value: 1.3087542057037354 and parameters: {'mlp_n_layers': 2, 'mlp_dim_00': 129, 'mlp_dim_01': 435, 'node_hidden_dim': 109, 'edge_hidden_dim': 127, 'depth': 2, 'rep_dropout': 0.11579194442255476, 'train_learning_rate': 0.0029483103051878914, 'train_lr_reduce': 0.6}. Best is trial 1483 with value: 0.2768918573856354.
[I 2024-12-19 08:41:47,115] Trial 1891 finished with value: 0.6212574243545532 and parameters: {'mlp_n_layers': 2, 'mlp_dim_00': 402, 'mlp_dim_01': 116, 'node_hidden_dim': 103, 'edge_hidden_dim': 45, 'depth': 2, 'rep_dropout': 0.10079070679370133, 'train_learning_rate': 0.00866035612588408, 'train_lr_reduce': 0.6}. Best is trial 1483 with value: 0.2768918573856354.
[I 2024-12-19 08:41:48,414] Trial 1896 finished with value: 1.2942720651626587 and parameters: {'mlp_n_layers': 2, 'mlp_dim_00': 237, 'mlp_dim_01': 66, 'node_hidden_dim': 107, 'edge_hidden_dim': 75, 'depth': 3, 'rep_dropout': 0.044458122579210335, 'train_learning_rate': 0.007051595611083139, 'train_lr_reduce': 0.6}. Best is trial 1483 with value: 0.2768918573856354.
[I 2024-12-19 08:41:51,719] Trial 1894 finished with value: 0.38452425599098206 and parameters: {'mlp_n_layers': 2, 'mlp_dim_00': 157, 'mlp_dim_01': 72, 'node_hidden_dim': 124, 'edge_hidden_dim': 61, 'depth': 3, 'rep_dropout': 0.008227245965948107, 'train_learning_rate': 0.007227289249780048, 'train_lr_reduce': 0.6}. Best is trial 1483 with value: 0.2768918573856354.
[I 2024-12-19 08:41:52,130] Trial 1897 finished with value: 1.4942348003387451 and parameters: {'mlp_n_layers': 3, 'mlp_dim_00': 505, 'mlp_dim_01': 409, 'mlp_dim_02': 406, 'node_hidden_dim': 108, 'edge_hidden_dim': 112, 'depth': 2, 'rep_dropout': 0.1322421105326696, 'train_learning_rate': 0.002116366111780233, 'train_lr_reduce': 0.6}. Best is trial 1483 with value: 0.2768918573856354.
[I 2024-12-19 08:41:54,079] Trial 1898 finished with value: 1.3471426963806152 and parameters: {'mlp_n_layers': 3, 'mlp_dim_00': 398, 'mlp_dim_01': 238, 'mlp_dim_02': 435, 'node_hidden_dim': 84, 'edge_hidden_dim': 115, 'depth': 4, 'rep_dropout': 0.21196830550603507, 'train_learning_rate': 0.00773935796339912, 'train_lr_reduce': 0.6}. Best is trial 1483 with value: 0.2768918573856354.
[I 2024-12-19 08:41:56,424] Trial 1899 finished with value: 1.3246257305145264 and parameters: {'mlp_n_layers': 2, 'mlp_dim_00': 221, 'mlp_dim_01': 162, 'node_hidden_dim': 91, 'edge_hidden_dim': 81, 'depth': 2, 'rep_dropout': 0.09465034733288641, 'train_learning_rate': 0.007231667359208901, 'train_lr_reduce': 0.6}. Best is trial 1483 with value: 0.2768918573856354.
[I 2024-12-19 08:41:57,251] Trial 1900 finished with value: 1.3043485879898071 and parameters: {'mlp_n_layers': 2, 'mlp_dim_00': 108, 'mlp_dim_01': 148, 'node_hidden_dim': 128, 'edge_hidden_dim': 47, 'depth': 3, 'rep_dropout': 0.005927433461271661, 'train_learning_rate': 0.009455058560568299, 'train_lr_reduce': 0.6}. Best is trial 1483 with value: 0.2768918573856354.
[I 2024-12-19 08:41:59,505] Trial 1901 finished with value: 1.570647954940796 and parameters: {'mlp_n_layers': 3, 'mlp_dim_00': 422, 'mlp_dim_01': 470, 'mlp_dim_02': 311, 'node_hidden_dim': 97, 'edge_hidden_dim': 122, 'depth': 3, 'rep_dropout': 0.06761073555106888, 'train_learning_rate': 0.00013181211225246606, 'train_lr_reduce': 0.6}. Best is trial 1483 with value: 0.2768918573856354.
[I 2024-12-19 08:42:00,959] Trial 1902 finished with value: 1.294535517692566 and parameters: {'mlp_n_layers': 3, 'mlp_dim_00': 382, 'mlp_dim_01': 465, 'mlp_dim_02': 368, 'node_hidden_dim': 110, 'edge_hidden_dim': 117, 'depth': 3, 'rep_dropout': 0.22784357635585684, 'train_learning_rate': 0.007502992239841823, 'train_lr_reduce': 0.6}. Best is trial 1483 with value: 0.2768918573856354.
[I 2024-12-19 08:42:01,670] Trial 1903 finished with value: 1.313387155532837 and parameters: {'mlp_n_layers': 2, 'mlp_dim_00': 211, 'mlp_dim_01': 198, 'node_hidden_dim': 103, 'edge_hidden_dim': 39, 'depth': 2, 'rep_dropout': 0.08401312033914665, 'train_learning_rate': 0.003780898247231159, 'train_lr_reduce': 0.6}. Best is trial 1483 with value: 0.2768918573856354.
[I 2024-12-19 08:42:04,815] Trial 1904 finished with value: 1.3266791105270386 and parameters: {'mlp_n_layers': 2, 'mlp_dim_00': 198, 'mlp_dim_01': 176, 'node_hidden_dim': 110, 'edge_hidden_dim': 63, 'depth': 3, 'rep_dropout': 0.025815294495732513, 'train_learning_rate': 0.009098074513082532, 'train_lr_reduce': 0.6}. Best is trial 1483 with value: 0.2768918573856354.
[I 2024-12-19 08:42:05,995] Trial 1905 finished with value: 1.3179787397384644 and parameters: {'mlp_n_layers': 3, 'mlp_dim_00': 466, 'mlp_dim_01': 502, 'mlp_dim_02': 443, 'node_hidden_dim': 91, 'edge_hidden_dim': 114, 'depth': 2, 'rep_dropout': 0.08083079961357904, 'train_learning_rate': 0.009986821534574985, 'train_lr_reduce': 0.6}. Best is trial 1483 with value: 0.2768918573856354.
