[I 2024-12-19 07:43:32,371] Trial 277 finished with value: 1.2963769435882568 and parameters: {'mlp_n_layers': 4, 'mlp_dim_00': 283, 'mlp_dim_01': 95, 'mlp_dim_02': 91, 'mlp_dim_03': 227, 'node_hidden_dim': 117, 'edge_hidden_dim': 75, 'depth': 2, 'rep_dropout': 0.01828736616564352, 'train_learning_rate': 0.007576515557525262, 'train_lr_reduce': 0.6}. Best is trial 156 with value: 0.33254924416542053.
[I 2024-12-19 07:43:34,258] Trial 278 finished with value: 1.4293160438537598 and parameters: {'mlp_n_layers': 3, 'mlp_dim_00': 400, 'mlp_dim_01': 75, 'mlp_dim_02': 284, 'node_hidden_dim': 93, 'edge_hidden_dim': 90, 'depth': 2, 'rep_dropout': 0.1762426374113816, 'train_learning_rate': 0.005472254552939342, 'train_lr_reduce': 0.6}. Best is trial 156 with value: 0.33254924416542053.
[I 2024-12-19 07:43:36,406] Trial 279 finished with value: 1.284476637840271 and parameters: {'mlp_n_layers': 2, 'mlp_dim_00': 457, 'mlp_dim_01': 442, 'node_hidden_dim': 66, 'edge_hidden_dim': 100, 'depth': 4, 'rep_dropout': 0.002758340356982355, 'train_learning_rate': 0.009570554196992565, 'train_lr_reduce': 0.6}. Best is trial 156 with value: 0.33254924416542053.
[I 2024-12-19 07:43:37,978] Trial 280 finished with value: 1.3696690797805786 and parameters: {'mlp_n_layers': 4, 'mlp_dim_00': 511, 'mlp_dim_01': 468, 'mlp_dim_02': 166, 'mlp_dim_03': 151, 'node_hidden_dim': 101, 'edge_hidden_dim': 121, 'depth': 2, 'rep_dropout': 0.09031338532922187, 'train_learning_rate': 0.0013689298801903027, 'train_lr_reduce': 0.6}. Best is trial 156 with value: 0.33254924416542053.
[I 2024-12-19 07:43:38,984] Trial 281 finished with value: 1.522156834602356 and parameters: {'mlp_n_layers': 4, 'mlp_dim_00': 475, 'mlp_dim_01': 198, 'mlp_dim_02': 233, 'mlp_dim_03': 273, 'node_hidden_dim': 122, 'edge_hidden_dim': 38, 'depth': 2, 'rep_dropout': 0.12118740472280344, 'train_learning_rate': 0.003592793251920993, 'train_lr_reduce': 0.6}. Best is trial 156 with value: 0.33254924416542053.
[I 2024-12-19 07:43:41,732] Trial 282 finished with value: 1.4720505475997925 and parameters: {'mlp_n_layers': 3, 'mlp_dim_00': 487, 'mlp_dim_01': 281, 'mlp_dim_02': 334, 'node_hidden_dim': 68, 'edge_hidden_dim': 127, 'depth': 3, 'rep_dropout': 0.023838593641227493, 'train_learning_rate': 0.005752825423410475, 'train_lr_reduce': 0.6}. Best is trial 156 with value: 0.33254924416542053.
[I 2024-12-19 07:43:41,755] Trial 283 finished with value: 1.2853407859802246 and parameters: {'mlp_n_layers': 3, 'mlp_dim_00': 511, 'mlp_dim_01': 395, 'mlp_dim_02': 265, 'node_hidden_dim': 121, 'edge_hidden_dim': 93, 'depth': 2, 'rep_dropout': 0.13543536460877809, 'train_learning_rate': 0.003500023554613051, 'train_lr_reduce': 0.6}. Best is trial 156 with value: 0.33254924416542053.
[I 2024-12-19 07:43:43,849] Trial 284 finished with value: 1.4165645837783813 and parameters: {'mlp_n_layers': 4, 'mlp_dim_00': 127, 'mlp_dim_01': 437, 'mlp_dim_02': 228, 'mlp_dim_03': 218, 'node_hidden_dim': 67, 'edge_hidden_dim': 127, 'depth': 2, 'rep_dropout': 0.24509249250910287, 'train_learning_rate': 0.004689281907155404, 'train_lr_reduce': 0.6}. Best is trial 156 with value: 0.33254924416542053.
[I 2024-12-19 07:43:45,553] Trial 286 finished with value: 1.5642876625061035 and parameters: {'mlp_n_layers': 3, 'mlp_dim_00': 89, 'mlp_dim_01': 170, 'mlp_dim_02': 291, 'node_hidden_dim': 126, 'edge_hidden_dim': 61, 'depth': 2, 'rep_dropout': 0.0220763092057516, 'train_learning_rate': 0.0001933859077701976, 'train_lr_reduce': 0.6}. Best is trial 156 with value: 0.33254924416542053.
[I 2024-12-19 07:43:45,783] Trial 285 finished with value: 1.432496428489685 and parameters: {'mlp_n_layers': 4, 'mlp_dim_00': 426, 'mlp_dim_01': 180, 'mlp_dim_02': 476, 'mlp_dim_03': 297, 'node_hidden_dim': 123, 'edge_hidden_dim': 128, 'depth': 2, 'rep_dropout': 0.09261156323415835, 'train_learning_rate': 0.0025217765586164286, 'train_lr_reduce': 0.6}. Best is trial 156 with value: 0.33254924416542053.
[I 2024-12-19 07:43:48,221] Trial 287 finished with value: 1.316014289855957 and parameters: {'mlp_n_layers': 3, 'mlp_dim_00': 479, 'mlp_dim_01': 308, 'mlp_dim_02': 380, 'node_hidden_dim': 122, 'edge_hidden_dim': 113, 'depth': 2, 'rep_dropout': 0.139334487463427, 'train_learning_rate': 0.0028908082593619073, 'train_lr_reduce': 0.6}. Best is trial 156 with value: 0.33254924416542053.
[I 2024-12-19 07:43:50,328] Trial 288 finished with value: 1.4477198123931885 and parameters: {'mlp_n_layers': 4, 'mlp_dim_00': 467, 'mlp_dim_01': 422, 'mlp_dim_02': 71, 'mlp_dim_03': 202, 'node_hidden_dim': 88, 'edge_hidden_dim': 90, 'depth': 2, 'rep_dropout': 0.11520360016069815, 'train_learning_rate': 0.005026703031235861, 'train_lr_reduce': 0.6}. Best is trial 156 with value: 0.33254924416542053.
[I 2024-12-19 07:43:50,747] Trial 289 finished with value: 1.2971651554107666 and parameters: {'mlp_n_layers': 3, 'mlp_dim_00': 323, 'mlp_dim_01': 472, 'mlp_dim_02': 196, 'node_hidden_dim': 91, 'edge_hidden_dim': 73, 'depth': 2, 'rep_dropout': 0.10360708678483627, 'train_learning_rate': 0.007334984101835608, 'train_lr_reduce': 0.6}. Best is trial 156 with value: 0.33254924416542053.
[I 2024-12-19 07:43:52,654] Trial 290 finished with value: 1.314198613166809 and parameters: {'mlp_n_layers': 3, 'mlp_dim_00': 364, 'mlp_dim_01': 371, 'mlp_dim_02': 255, 'node_hidden_dim': 68, 'edge_hidden_dim': 117, 'depth': 3, 'rep_dropout': 0.0170192093148179, 'train_learning_rate': 0.00975781460349358, 'train_lr_reduce': 0.6}. Best is trial 156 with value: 0.33254924416542053.
[I 2024-12-19 07:43:54,504] Trial 291 finished with value: 1.540809988975525 and parameters: {'mlp_n_layers': 3, 'mlp_dim_00': 495, 'mlp_dim_01': 180, 'mlp_dim_02': 147, 'node_hidden_dim': 90, 'edge_hidden_dim': 114, 'depth': 2, 'rep_dropout': 0.16126355650569604, 'train_learning_rate': 0.0014869638250502887, 'train_lr_reduce': 0.6}. Best is trial 156 with value: 0.33254924416542053.
[I 2024-12-19 07:43:54,854] Trial 292 finished with value: 1.303878664970398 and parameters: {'mlp_n_layers': 3, 'mlp_dim_00': 506, 'mlp_dim_01': 311, 'mlp_dim_02': 319, 'node_hidden_dim': 121, 'edge_hidden_dim': 116, 'depth': 2, 'rep_dropout': 0.06832047108570641, 'train_learning_rate': 0.0031857279923626445, 'train_lr_reduce': 0.6}. Best is trial 156 with value: 0.33254924416542053.
[I 2024-12-19 07:43:56,839] Trial 293 finished with value: 1.5349268913269043 and parameters: {'mlp_n_layers': 4, 'mlp_dim_00': 112, 'mlp_dim_01': 298, 'mlp_dim_02': 227, 'mlp_dim_03': 139, 'node_hidden_dim': 60, 'edge_hidden_dim': 127, 'depth': 2, 'rep_dropout': 0.23404940510140027, 'train_learning_rate': 0.0008991773667763415, 'train_lr_reduce': 0.6}. Best is trial 156 with value: 0.33254924416542053.
[I 2024-12-19 07:43:59,996] Trial 295 finished with value: 1.4333134889602661 and parameters: {'mlp_n_layers': 4, 'mlp_dim_00': 485, 'mlp_dim_01': 126, 'mlp_dim_02': 213, 'mlp_dim_03': 218, 'node_hidden_dim': 127, 'edge_hidden_dim': 48, 'depth': 2, 'rep_dropout': 0.14521040731145157, 'train_learning_rate': 0.007777010540188673, 'train_lr_reduce': 0.6}. Best is trial 156 with value: 0.33254924416542053.
[I 2024-12-19 07:44:01,674] Trial 294 finished with value: 1.424810528755188 and parameters: {'mlp_n_layers': 4, 'mlp_dim_00': 503, 'mlp_dim_01': 442, 'mlp_dim_02': 278, 'mlp_dim_03': 253, 'node_hidden_dim': 94, 'edge_hidden_dim': 92, 'depth': 2, 'rep_dropout': 0.0796512534393301, 'train_learning_rate': 0.008908894409519261, 'train_lr_reduce': 0.6}. Best is trial 156 with value: 0.33254924416542053.
[I 2024-12-19 07:44:04,862] Trial 297 finished with value: 1.5405279397964478 and parameters: {'mlp_n_layers': 2, 'mlp_dim_00': 336, 'mlp_dim_01': 242, 'node_hidden_dim': 42, 'edge_hidden_dim': 128, 'depth': 4, 'rep_dropout': 0.003674649281426412, 'train_learning_rate': 0.0004270114613804145, 'train_lr_reduce': 0.6}. Best is trial 156 with value: 0.33254924416542053.
[I 2024-12-19 07:44:05,530] Trial 298 finished with value: 1.283227562904358 and parameters: {'mlp_n_layers': 2, 'mlp_dim_00': 281, 'mlp_dim_01': 360, 'node_hidden_dim': 115, 'edge_hidden_dim': 70, 'depth': 2, 'rep_dropout': 0.17019820024938673, 'train_learning_rate': 0.00845436369647848, 'train_lr_reduce': 0.6}. Best is trial 156 with value: 0.33254924416542053.
[I 2024-12-19 07:44:10,160] Trial 299 finished with value: 1.5417851209640503 and parameters: {'mlp_n_layers': 2, 'mlp_dim_00': 126, 'mlp_dim_01': 423, 'node_hidden_dim': 115, 'edge_hidden_dim': 88, 'depth': 2, 'rep_dropout': 0.2134631056305775, 'train_learning_rate': 0.00015642635409241184, 'train_lr_reduce': 0.6}. Best is trial 156 with value: 0.33254924416542053.
[I 2024-12-19 07:44:10,752] Trial 296 finished with value: 0.7135797142982483 and parameters: {'mlp_n_layers': 3, 'mlp_dim_00': 363, 'mlp_dim_01': 227, 'mlp_dim_02': 293, 'node_hidden_dim': 105, 'edge_hidden_dim': 70, 'depth': 2, 'rep_dropout': 0.00051704468703676, 'train_learning_rate': 0.0046196010975771175, 'train_lr_reduce': 0.6}. Best is trial 156 with value: 0.33254924416542053.
[I 2024-12-19 07:44:13,220] Trial 300 finished with value: 1.2629083395004272 and parameters: {'mlp_n_layers': 2, 'mlp_dim_00': 224, 'mlp_dim_01': 459, 'node_hidden_dim': 126, 'edge_hidden_dim': 74, 'depth': 3, 'rep_dropout': 0.1360857357771101, 'train_learning_rate': 0.00539546324483469, 'train_lr_reduce': 0.6}. Best is trial 156 with value: 0.33254924416542053.
[I 2024-12-19 07:44:14,705] Trial 301 finished with value: 1.299857497215271 and parameters: {'mlp_n_layers': 3, 'mlp_dim_00': 306, 'mlp_dim_01': 328, 'mlp_dim_02': 141, 'node_hidden_dim': 114, 'edge_hidden_dim': 84, 'depth': 3, 'rep_dropout': 0.1603389346553649, 'train_learning_rate': 0.004817165483550642, 'train_lr_reduce': 0.6}. Best is trial 156 with value: 0.33254924416542053.
[I 2024-12-19 07:44:15,175] Trial 302 finished with value: 1.54735267162323 and parameters: {'mlp_n_layers': 2, 'mlp_dim_00': 393, 'mlp_dim_01': 347, 'node_hidden_dim': 44, 'edge_hidden_dim': 75, 'depth': 4, 'rep_dropout': 0.16038887173945765, 'train_learning_rate': 0.0005588868668449774, 'train_lr_reduce': 0.6}. Best is trial 156 with value: 0.33254924416542053.
[I 2024-12-19 07:44:17,140] Trial 303 finished with value: 1.3089426755905151 and parameters: {'mlp_n_layers': 2, 'mlp_dim_00': 144, 'mlp_dim_01': 449, 'node_hidden_dim': 120, 'edge_hidden_dim': 113, 'depth': 3, 'rep_dropout': 0.16508177563019416, 'train_learning_rate': 0.002708286519329796, 'train_lr_reduce': 0.6}. Best is trial 156 with value: 0.33254924416542053.
[I 2024-12-19 07:44:18,960] Trial 304 finished with value: 1.3506144285202026 and parameters: {'mlp_n_layers': 2, 'mlp_dim_00': 280, 'mlp_dim_01': 450, 'node_hidden_dim': 124, 'edge_hidden_dim': 86, 'depth': 4, 'rep_dropout': 0.15046732223084905, 'train_learning_rate': 0.003726026076960064, 'train_lr_reduce': 0.6}. Best is trial 156 with value: 0.33254924416542053.
[I 2024-12-19 07:44:19,546] Trial 305 finished with value: 1.3460901975631714 and parameters: {'mlp_n_layers': 3, 'mlp_dim_00': 318, 'mlp_dim_01': 198, 'mlp_dim_02': 424, 'node_hidden_dim': 87, 'edge_hidden_dim': 65, 'depth': 2, 'rep_dropout': 0.01811171878988388, 'train_learning_rate': 0.006596035540238966, 'train_lr_reduce': 0.6}. Best is trial 156 with value: 0.33254924416542053.
[I 2024-12-19 07:44:23,429] Trial 307 finished with value: 1.361960768699646 and parameters: {'mlp_n_layers': 2, 'mlp_dim_00': 253, 'mlp_dim_01': 412, 'node_hidden_dim': 106, 'edge_hidden_dim': 57, 'depth': 2, 'rep_dropout': 0.09950385179159536, 'train_learning_rate': 0.004020886917150983, 'train_lr_reduce': 0.6}. Best is trial 156 with value: 0.33254924416542053.
[I 2024-12-19 07:44:23,952] Trial 306 finished with value: 1.2418972253799438 and parameters: {'mlp_n_layers': 2, 'mlp_dim_00': 173, 'mlp_dim_01': 493, 'node_hidden_dim': 123, 'edge_hidden_dim': 60, 'depth': 4, 'rep_dropout': 0.18692477312143044, 'train_learning_rate': 0.00561594367461426, 'train_lr_reduce': 0.6}. Best is trial 156 with value: 0.33254924416542053.
[I 2024-12-19 07:44:24,301] Trial 308 finished with value: 1.3099896907806396 and parameters: {'mlp_n_layers': 2, 'mlp_dim_00': 289, 'mlp_dim_01': 462, 'node_hidden_dim': 105, 'edge_hidden_dim': 70, 'depth': 3, 'rep_dropout': 0.16203320622102116, 'train_learning_rate': 0.008295283023333684, 'train_lr_reduce': 0.6}. Best is trial 156 with value: 0.33254924416542053.
[I 2024-12-19 07:44:27,226] Trial 309 finished with value: 1.2848503589630127 and parameters: {'mlp_n_layers': 3, 'mlp_dim_00': 398, 'mlp_dim_01': 269, 'mlp_dim_02': 339, 'node_hidden_dim': 90, 'edge_hidden_dim': 73, 'depth': 2, 'rep_dropout': 0.012042606861894952, 'train_learning_rate': 0.004321026628165463, 'train_lr_reduce': 0.6}. Best is trial 156 with value: 0.33254924416542053.
[I 2024-12-19 07:44:27,617] Trial 310 finished with value: 1.2849282026290894 and parameters: {'mlp_n_layers': 2, 'mlp_dim_00': 132, 'mlp_dim_01': 399, 'node_hidden_dim': 111, 'edge_hidden_dim': 58, 'depth': 3, 'rep_dropout': 0.22866745884026918, 'train_learning_rate': 0.005373836179525587, 'train_lr_reduce': 0.6}. Best is trial 156 with value: 0.33254924416542053.
[I 2024-12-19 07:44:28,305] Trial 311 finished with value: 1.4027336835861206 and parameters: {'mlp_n_layers': 3, 'mlp_dim_00': 165, 'mlp_dim_01': 504, 'mlp_dim_02': 65, 'node_hidden_dim': 117, 'edge_hidden_dim': 87, 'depth': 3, 'rep_dropout': 0.17427641394031074, 'train_learning_rate': 0.007665413212785628, 'train_lr_reduce': 0.6}. Best is trial 156 with value: 0.33254924416542053.
[I 2024-12-19 07:44:31,672] Trial 313 finished with value: 1.289716362953186 and parameters: {'mlp_n_layers': 2, 'mlp_dim_00': 238, 'mlp_dim_01': 507, 'node_hidden_dim': 109, 'edge_hidden_dim': 70, 'depth': 4, 'rep_dropout': 0.18213776814519694, 'train_learning_rate': 0.008255220915255802, 'train_lr_reduce': 0.6}. Best is trial 156 with value: 0.33254924416542053.
[I 2024-12-19 07:44:31,811] Trial 312 finished with value: 1.4060848951339722 and parameters: {'mlp_n_layers': 2, 'mlp_dim_00': 122, 'mlp_dim_01': 407, 'node_hidden_dim': 128, 'edge_hidden_dim': 80, 'depth': 3, 'rep_dropout': 0.172124558840628, 'train_learning_rate': 0.005123827482214134, 'train_lr_reduce': 0.6}. Best is trial 156 with value: 0.33254924416542053.
[I 2024-12-19 07:44:32,464] Trial 314 finished with value: 1.2841796875 and parameters: {'mlp_n_layers': 2, 'mlp_dim_00': 185, 'mlp_dim_01': 495, 'node_hidden_dim': 125, 'edge_hidden_dim': 67, 'depth': 4, 'rep_dropout': 0.2130532740081373, 'train_learning_rate': 0.0036963523939157884, 'train_lr_reduce': 0.6}. Best is trial 156 with value: 0.33254924416542053.
[I 2024-12-19 07:44:35,696] Trial 315 finished with value: 1.5211437940597534 and parameters: {'mlp_n_layers': 3, 'mlp_dim_00': 351, 'mlp_dim_01': 197, 'mlp_dim_02': 399, 'node_hidden_dim': 107, 'edge_hidden_dim': 73, 'depth': 2, 'rep_dropout': 0.011014276255462141, 'train_learning_rate': 0.0023186292923320713, 'train_lr_reduce': 0.6}. Best is trial 156 with value: 0.33254924416542053.
[I 2024-12-19 07:44:36,476] Trial 316 finished with value: 1.344182014465332 and parameters: {'mlp_n_layers': 2, 'mlp_dim_00': 231, 'mlp_dim_01': 372, 'node_hidden_dim': 108, 'edge_hidden_dim': 51, 'depth': 2, 'rep_dropout': 0.1609055071291358, 'train_learning_rate': 0.0074213708433695635, 'train_lr_reduce': 0.6}. Best is trial 156 with value: 0.33254924416542053.
[I 2024-12-19 07:44:37,128] Trial 317 finished with value: 1.4510234594345093 and parameters: {'mlp_n_layers': 2, 'mlp_dim_00': 246, 'mlp_dim_01': 329, 'node_hidden_dim': 108, 'edge_hidden_dim': 75, 'depth': 2, 'rep_dropout': 0.18784664385340955, 'train_learning_rate': 0.007313492434331205, 'train_lr_reduce': 0.6}. Best is trial 156 with value: 0.33254924416542053.
[I 2024-12-19 07:44:41,094] Trial 319 finished with value: 1.3492270708084106 and parameters: {'mlp_n_layers': 2, 'mlp_dim_00': 207, 'mlp_dim_01': 444, 'node_hidden_dim': 127, 'edge_hidden_dim': 77, 'depth': 3, 'rep_dropout': 0.09509224626304666, 'train_learning_rate': 0.005459973219848728, 'train_lr_reduce': 0.6}. Best is trial 156 with value: 0.33254924416542053.
[I 2024-12-19 07:44:41,297] Trial 320 finished with value: 1.3149092197418213 and parameters: {'mlp_n_layers': 2, 'mlp_dim_00': 328, 'mlp_dim_01': 433, 'node_hidden_dim': 106, 'edge_hidden_dim': 90, 'depth': 2, 'rep_dropout': 0.21957787511322585, 'train_learning_rate': 0.007635921666596001, 'train_lr_reduce': 0.6}. Best is trial 156 with value: 0.33254924416542053.
[I 2024-12-19 07:44:43,843] Trial 318 finished with value: 1.3664473295211792 and parameters: {'mlp_n_layers': 4, 'mlp_dim_00': 86, 'mlp_dim_01': 160, 'mlp_dim_02': 141, 'mlp_dim_03': 329, 'node_hidden_dim': 40, 'edge_hidden_dim': 97, 'depth': 4, 'rep_dropout': 0.004576216277575984, 'train_learning_rate': 0.0019673669894857255, 'train_lr_reduce': 0.6}. Best is trial 156 with value: 0.33254924416542053.
[I 2024-12-19 07:44:45,354] Trial 322 finished with value: 1.4350776672363281 and parameters: {'mlp_n_layers': 3, 'mlp_dim_00': 307, 'mlp_dim_01': 216, 'mlp_dim_02': 362, 'node_hidden_dim': 123, 'edge_hidden_dim': 107, 'depth': 2, 'rep_dropout': 0.10430412507358158, 'train_learning_rate': 0.0022788294555124607, 'train_lr_reduce': 0.6}. Best is trial 156 with value: 0.33254924416542053.
[I 2024-12-19 07:44:45,360] Trial 321 finished with value: 1.4974066019058228 and parameters: {'mlp_n_layers': 2, 'mlp_dim_00': 448, 'mlp_dim_01': 128, 'node_hidden_dim': 117, 'edge_hidden_dim': 102, 'depth': 2, 'rep_dropout': 0.18916736087762953, 'train_learning_rate': 0.0024381169873300135, 'train_lr_reduce': 0.6}. Best is trial 156 with value: 0.33254924416542053.
[I 2024-12-19 07:44:48,850] Trial 323 finished with value: 1.5828149318695068 and parameters: {'mlp_n_layers': 4, 'mlp_dim_00': 393, 'mlp_dim_01': 165, 'mlp_dim_02': 187, 'mlp_dim_03': 255, 'node_hidden_dim': 113, 'edge_hidden_dim': 101, 'depth': 4, 'rep_dropout': 0.07854370233863235, 'train_learning_rate': 0.00016165490511168282, 'train_lr_reduce': 0.6}. Best is trial 156 with value: 0.33254924416542053.
[I 2024-12-19 07:44:50,550] Trial 324 finished with value: 1.3301856517791748 and parameters: {'mlp_n_layers': 3, 'mlp_dim_00': 407, 'mlp_dim_01': 237, 'mlp_dim_02': 306, 'node_hidden_dim': 102, 'edge_hidden_dim': 62, 'depth': 2, 'rep_dropout': 0.0103219189217681, 'train_learning_rate': 0.009567306467266633, 'train_lr_reduce': 0.6}. Best is trial 156 with value: 0.33254924416542053.
[I 2024-12-19 07:44:51,673] Trial 325 finished with value: 1.4407525062561035 and parameters: {'mlp_n_layers': 2, 'mlp_dim_00': 350, 'mlp_dim_01': 308, 'node_hidden_dim': 113, 'edge_hidden_dim': 49, 'depth': 2, 'rep_dropout': 0.19762146749085105, 'train_learning_rate': 0.006305094432826284, 'train_lr_reduce': 0.6}. Best is trial 156 with value: 0.33254924416542053.
[I 2024-12-19 07:44:53,233] Trial 326 finished with value: 1.5614091157913208 and parameters: {'mlp_n_layers': 2, 'mlp_dim_00': 422, 'mlp_dim_01': 140, 'node_hidden_dim': 55, 'edge_hidden_dim': 95, 'depth': 2, 'rep_dropout': 0.03392406327932557, 'train_learning_rate': 0.00042189561503630106, 'train_lr_reduce': 0.6}. Best is trial 156 with value: 0.33254924416542053.
[I 2024-12-19 07:44:55,763] Trial 328 finished with value: 1.358229160308838 and parameters: {'mlp_n_layers': 3, 'mlp_dim_00': 454, 'mlp_dim_01': 90, 'mlp_dim_02': 128, 'node_hidden_dim': 123, 'edge_hidden_dim': 85, 'depth': 2, 'rep_dropout': 0.1037372519015276, 'train_learning_rate': 0.0034945404714973884, 'train_lr_reduce': 0.6}. Best is trial 156 with value: 0.33254924416542053.
[I 2024-12-19 07:44:57,388] Trial 329 finished with value: 1.3715122938156128 and parameters: {'mlp_n_layers': 2, 'mlp_dim_00': 105, 'mlp_dim_01': 421, 'node_hidden_dim': 124, 'edge_hidden_dim': 66, 'depth': 4, 'rep_dropout': 0.10834827598952873, 'train_learning_rate': 0.002687436383181548, 'train_lr_reduce': 0.6}. Best is trial 156 with value: 0.33254924416542053.
[I 2024-12-19 07:45:01,452] Trial 330 finished with value: 1.2988897562026978 and parameters: {'mlp_n_layers': 2, 'mlp_dim_00': 357, 'mlp_dim_01': 244, 'node_hidden_dim': 119, 'edge_hidden_dim': 64, 'depth': 2, 'rep_dropout': 0.10130911250854863, 'train_learning_rate': 0.008431591673557995, 'train_lr_reduce': 0.6}. Best is trial 156 with value: 0.33254924416542053.
[I 2024-12-19 07:45:03,873] Trial 331 finished with value: 1.3875997066497803 and parameters: {'mlp_n_layers': 4, 'mlp_dim_00': 113, 'mlp_dim_01': 299, 'mlp_dim_02': 217, 'mlp_dim_03': 167, 'node_hidden_dim': 121, 'edge_hidden_dim': 128, 'depth': 2, 'rep_dropout': 0.010015387345993998, 'train_learning_rate': 0.0029885994199849173, 'train_lr_reduce': 0.6}. Best is trial 156 with value: 0.33254924416542053.
[I 2024-12-19 07:45:06,336] Trial 332 finished with value: 1.529152512550354 and parameters: {'mlp_n_layers': 4, 'mlp_dim_00': 94, 'mlp_dim_01': 283, 'mlp_dim_02': 306, 'mlp_dim_03': 273, 'node_hidden_dim': 81, 'edge_hidden_dim': 126, 'depth': 2, 'rep_dropout': 0.20582103707148575, 'train_learning_rate': 0.001628949016495534, 'train_lr_reduce': 0.6}. Best is trial 156 with value: 0.33254924416542053.
[I 2024-12-19 07:45:06,471] Trial 327 finished with value: 0.5861011147499084 and parameters: {'mlp_n_layers': 3, 'mlp_dim_00': 425, 'mlp_dim_01': 342, 'mlp_dim_02': 246, 'node_hidden_dim': 111, 'edge_hidden_dim': 114, 'depth': 3, 'rep_dropout': 0.06328119092536164, 'train_learning_rate': 0.008189324985035207, 'train_lr_reduce': 0.6}. Best is trial 156 with value: 0.33254924416542053.
[I 2024-12-19 07:45:09,080] Trial 333 finished with value: 1.4625869989395142 and parameters: {'mlp_n_layers': 2, 'mlp_dim_00': 162, 'mlp_dim_01': 491, 'node_hidden_dim': 98, 'edge_hidden_dim': 43, 'depth': 4, 'rep_dropout': 0.18660272013984783, 'train_learning_rate': 0.005254313506110644, 'train_lr_reduce': 0.6}. Best is trial 156 with value: 0.33254924416542053.
