[I 2024-12-04 14:51:40,930] Trial 53 finished with value: 0.5592106301938398 and parameters: {'n_estimators': 1339, 'max_depth': 3, 'learning_rate': 0.027538536016923177, 'subsample': 0.8841545729744801, 'colsample_bytree': 0.5402465114458935, 'min_child_weight': 1, 'gamma': 0.04712453779092127, 'reg_alpha': 0.5, 'reg_lambda': 0.004729958330095781}. Best is trial 25 with value: 0.5166598487363987.
[I 2024-12-04 14:51:40,983] Trial 47 finished with value: 0.5595644894807477 and parameters: {'n_estimators': 1339, 'max_depth': 3, 'learning_rate': 0.02753827537096348, 'subsample': 0.8841069619991342, 'colsample_bytree': 0.5403382523717538, 'min_child_weight': 1, 'gamma': 0.04709833856624101, 'reg_alpha': 0.5, 'reg_lambda': 0.004743220125238651}. Best is trial 25 with value: 0.5166598487363987.
[I 2024-12-04 14:51:41,371] Trial 57 finished with value: 0.5595644894807477 and parameters: {'n_estimators': 1339, 'max_depth': 3, 'learning_rate': 0.02753827537096348, 'subsample': 0.8841069619991342, 'colsample_bytree': 0.5403382523717538, 'min_child_weight': 1, 'gamma': 0.04709833856624101, 'reg_alpha': 0.5, 'reg_lambda': 0.004743220125238651}. Best is trial 25 with value: 0.5166598487363987.
[I 2024-12-04 14:51:41,419] Trial 59 finished with value: 0.5595644894807477 and parameters: {'n_estimators': 1339, 'max_depth': 3, 'learning_rate': 0.02753827537096348, 'subsample': 0.8841069619991342, 'colsample_bytree': 0.5403382523717538, 'min_child_weight': 1, 'gamma': 0.04709833856624101, 'reg_alpha': 0.5, 'reg_lambda': 0.004743220125238651}. Best is trial 25 with value: 0.5166598487363987.
[I 2024-12-04 14:51:41,430] Trial 48 finished with value: 0.5661617938184456 and parameters: {'n_estimators': 1351, 'max_depth': 3, 'learning_rate': 0.02390658559614066, 'subsample': 0.88617032262404, 'colsample_bytree': 0.5307316829993844, 'min_child_weight': 1, 'gamma': 0.06260335366052512, 'reg_alpha': 0.5, 'reg_lambda': 0.005107232213581871}. Best is trial 25 with value: 0.5166598487363987.
[I 2024-12-04 14:51:41,441] Trial 61 finished with value: 0.5595644894807477 and parameters: {'n_estimators': 1339, 'max_depth': 3, 'learning_rate': 0.02753827537096348, 'subsample': 0.8841069619991342, 'colsample_bytree': 0.5403382523717538, 'min_child_weight': 1, 'gamma': 0.04709833856624101, 'reg_alpha': 0.5, 'reg_lambda': 0.004743220125238651}. Best is trial 25 with value: 0.5166598487363987.
[I 2024-12-04 14:51:41,980] Trial 54 finished with value: 0.5595644894807477 and parameters: {'n_estimators': 1339, 'max_depth': 3, 'learning_rate': 0.02753827537096348, 'subsample': 0.8841069619991342, 'colsample_bytree': 0.5403382523717538, 'min_child_weight': 1, 'gamma': 0.04709833856624101, 'reg_alpha': 0.5, 'reg_lambda': 0.004743220125238651}. Best is trial 25 with value: 0.5166598487363987.
[I 2024-12-04 14:51:41,984] Trial 58 finished with value: 0.5595644894807477 and parameters: {'n_estimators': 1339, 'max_depth': 3, 'learning_rate': 0.02753827537096348, 'subsample': 0.8841069619991342, 'colsample_bytree': 0.5403382523717538, 'min_child_weight': 1, 'gamma': 0.04709833856624101, 'reg_alpha': 0.5, 'reg_lambda': 0.004743220125238651}. Best is trial 25 with value: 0.5166598487363987.
[I 2024-12-04 14:51:42,278] Trial 43 finished with value: 0.5599020972950846 and parameters: {'n_estimators': 1339, 'max_depth': 3, 'learning_rate': 0.02753493187547608, 'subsample': 0.884155768323781, 'colsample_bytree': 0.540241878323324, 'min_child_weight': 1, 'gamma': 0.04715800979731199, 'reg_alpha': 0.5, 'reg_lambda': 0.004728198560407319}. Best is trial 25 with value: 0.5166598487363987.
[I 2024-12-04 14:51:42,423] Trial 63 finished with value: 0.5595644894807477 and parameters: {'n_estimators': 1339, 'max_depth': 3, 'learning_rate': 0.02753827537096348, 'subsample': 0.8841069619991342, 'colsample_bytree': 0.5403382523717538, 'min_child_weight': 1, 'gamma': 0.04709833856624101, 'reg_alpha': 0.5, 'reg_lambda': 0.004743220125238651}. Best is trial 25 with value: 0.5166598487363987.
[I 2024-12-04 14:51:42,611] Trial 49 finished with value: 0.5595644894807477 and parameters: {'n_estimators': 1339, 'max_depth': 3, 'learning_rate': 0.02753827537096348, 'subsample': 0.8841069619991342, 'colsample_bytree': 0.5403382523717538, 'min_child_weight': 1, 'gamma': 0.04709833856624101, 'reg_alpha': 0.5, 'reg_lambda': 0.004743220125238651}. Best is trial 25 with value: 0.5166598487363987.
[I 2024-12-04 14:51:49,986] Trial 64 finished with value: 0.5643966371022244 and parameters: {'n_estimators': 367, 'max_depth': 3, 'learning_rate': 0.025020915870114124, 'subsample': 0.8331736356493311, 'colsample_bytree': 0.6875240947025575, 'min_child_weight': 1, 'gamma': 0.00011703638765995459, 'reg_alpha': 0.020008622960180623, 'reg_lambda': 0.0013075879107373053}. Best is trial 25 with value: 0.5166598487363987.
[I 2024-12-04 14:51:52,091] Trial 66 finished with value: 0.5108689214846374 and parameters: {'n_estimators': 1371, 'max_depth': 8, 'learning_rate': 0.010000000000000004, 'subsample': 0.8912103912173237, 'colsample_bytree': 0.6491067069963856, 'min_child_weight': 1, 'gamma': 0.0004617744488454066, 'reg_alpha': 0.006160862474806773, 'reg_lambda': 0.10427511222618617}. Best is trial 66 with value: 0.5108689214846374.
[I 2024-12-04 14:51:54,918] Trial 65 finished with value: 0.5325063315532069 and parameters: {'n_estimators': 1232, 'max_depth': 6, 'learning_rate': 0.011365481360186872, 'subsample': 0.7901891820654168, 'colsample_bytree': 0.6557671115858423, 'min_child_weight': 1, 'gamma': 0.0001669509396664691, 'reg_alpha': 0.00826693289465154, 'reg_lambda': 0.2733424869677104}. Best is trial 66 with value: 0.5108689214846374.
[I 2024-12-04 14:51:59,932] Trial 68 finished with value: 0.5325415823614522 and parameters: {'n_estimators': 1045, 'max_depth': 5, 'learning_rate': 0.010000000000000004, 'subsample': 0.8762795600519282, 'colsample_bytree': 0.5631638330388488, 'min_child_weight': 1, 'gamma': 0.0026272636684805425, 'reg_alpha': 0.0032169270690179832, 'reg_lambda': 0.002151783964250076}. Best is trial 66 with value: 0.5108689214846374.
[I 2024-12-04 14:52:01,155] Trial 67 finished with value: 0.5219733651545349 and parameters: {'n_estimators': 1110, 'max_depth': 6, 'learning_rate': 0.010000000000000004, 'subsample': 0.8875746164831458, 'colsample_bytree': 0.6134451621240491, 'min_child_weight': 1, 'gamma': 0.0005376951573544671, 'reg_alpha': 0.004261135981803467, 'reg_lambda': 0.01700306452489213}. Best is trial 66 with value: 0.5108689214846374.
[I 2024-12-04 14:52:02,835] Trial 69 finished with value: 0.5221442610794607 and parameters: {'n_estimators': 1110, 'max_depth': 6, 'learning_rate': 0.010000000000000004, 'subsample': 0.8873091859226402, 'colsample_bytree': 0.6136406613810239, 'min_child_weight': 1, 'gamma': 0.000539447120995473, 'reg_alpha': 0.0042678147588891, 'reg_lambda': 0.017136678577210886}. Best is trial 66 with value: 0.5108689214846374.
[I 2024-12-04 14:52:04,442] Trial 72 finished with value: 0.5202328547392349 and parameters: {'n_estimators': 1106, 'max_depth': 6, 'learning_rate': 0.010000000000000004, 'subsample': 0.8877906742350377, 'colsample_bytree': 0.6165375317308496, 'min_child_weight': 1, 'gamma': 0.0005335787202650793, 'reg_alpha': 0.0042538030627943145, 'reg_lambda': 0.019972286443843575}. Best is trial 66 with value: 0.5108689214846374.
[I 2024-12-04 14:52:04,984] Trial 71 finished with value: 0.5220019402041892 and parameters: {'n_estimators': 1112, 'max_depth': 6, 'learning_rate': 0.010000000000000004, 'subsample': 0.8872617494900312, 'colsample_bytree': 0.6124875774481019, 'min_child_weight': 1, 'gamma': 0.000547125052068931, 'reg_alpha': 0.004262039607095214, 'reg_lambda': 0.015947626839872223}. Best is trial 66 with value: 0.5108689214846374.
[I 2024-12-04 14:52:05,777] Trial 77 finished with value: 0.534838350185653 and parameters: {'n_estimators': 1204, 'max_depth': 6, 'learning_rate': 0.08066162107626627, 'subsample': 0.838637260277272, 'colsample_bytree': 0.6386322916351511, 'min_child_weight': 1, 'gamma': 0.014927950000570518, 'reg_alpha': 0.006200974089073673, 'reg_lambda': 0.0002705011497400465}. Best is trial 66 with value: 0.5108689214846374.
[I 2024-12-04 14:52:08,675] Trial 79 finished with value: 0.531074280227872 and parameters: {'n_estimators': 1203, 'max_depth': 6, 'learning_rate': 0.08097671171218995, 'subsample': 0.8394381700526437, 'colsample_bytree': 0.6395268494632211, 'min_child_weight': 1, 'gamma': 0.014783156366443092, 'reg_alpha': 0.006098050151365682, 'reg_lambda': 0.0002839267487986852}. Best is trial 66 with value: 0.5108689214846374.
[I 2024-12-04 14:52:09,293] Trial 70 finished with value: 0.5204689897560937 and parameters: {'n_estimators': 1115, 'max_depth': 6, 'learning_rate': 0.010000000000000004, 'subsample': 0.8868352034248572, 'colsample_bytree': 0.609704713629377, 'min_child_weight': 1, 'gamma': 0.0005666607153913343, 'reg_alpha': 0.004246932238089492, 'reg_lambda': 0.014171828454789537}. Best is trial 66 with value: 0.5108689214846374.
[I 2024-12-04 14:52:14,297] Trial 76 finished with value: 0.5465770387508623 and parameters: {'n_estimators': 1204, 'max_depth': 6, 'learning_rate': 0.08059844268912496, 'subsample': 0.8381311661842799, 'colsample_bytree': 0.6383696243094642, 'min_child_weight': 1, 'gamma': 0.014927284299268134, 'reg_alpha': 0.0061271817034868475, 'reg_lambda': 0.0002744213357923313}. Best is trial 66 with value: 0.5108689214846374.
[I 2024-12-04 14:52:15,153] Trial 75 finished with value: 0.5431596157448081 and parameters: {'n_estimators': 1204, 'max_depth': 6, 'learning_rate': 0.08086496443306862, 'subsample': 0.8379554244264138, 'colsample_bytree': 0.6385297518921954, 'min_child_weight': 1, 'gamma': 0.014961848225281217, 'reg_alpha': 0.006122671082557908, 'reg_lambda': 0.00027339231273187595}. Best is trial 66 with value: 0.5108689214846374.
[I 2024-12-04 14:52:15,856] Trial 81 finished with value: 0.545407983794591 and parameters: {'n_estimators': 1204, 'max_depth': 6, 'learning_rate': 0.08069167727444242, 'subsample': 0.8379610593839001, 'colsample_bytree': 0.6387135867401246, 'min_child_weight': 1, 'gamma': 0.015003248446529428, 'reg_alpha': 0.006146432477532325, 'reg_lambda': 0.0002768979680545449}. Best is trial 66 with value: 0.5108689214846374.
[W 2024-12-04 14:52:16,152] Trial 80 failed with parameters: {} because of the following error: StorageInternalError('An exception is raised during the commit. This typically happens due to invalid data in the commit, e.g. exceeding max length. ').
Traceback (most recent call last):
  File "/zhome/b1/0/88900/miniconda3/envs/critprops/lib/python3.9/site-packages/sqlalchemy/engine/base.py", line 1967, in _exec_single_context
    self.dialect.do_execute(
  File "/zhome/b1/0/88900/miniconda3/envs/critprops/lib/python3.9/site-packages/sqlalchemy/engine/default.py", line 941, in do_execute
    cursor.execute(statement, parameters)
sqlite3.OperationalError: database is locked

The above exception was the direct cause of the following exception:

Traceback (most recent call last):
  File "/zhome/b1/0/88900/miniconda3/envs/critprops/lib/python3.9/site-packages/optuna/storages/_rdb/storage.py", line 81, in _create_scoped_session
    session.commit()
  File "/zhome/b1/0/88900/miniconda3/envs/critprops/lib/python3.9/site-packages/sqlalchemy/orm/session.py", line 2028, in commit
    trans.commit(_to_root=True)
  File "<string>", line 2, in commit
  File "/zhome/b1/0/88900/miniconda3/envs/critprops/lib/python3.9/site-packages/sqlalchemy/orm/state_changes.py", line 139, in _go
    ret_value = fn(self, *arg, **kw)
  File "/zhome/b1/0/88900/miniconda3/envs/critprops/lib/python3.9/site-packages/sqlalchemy/orm/session.py", line 1313, in commit
    self._prepare_impl()
  File "<string>", line 2, in _prepare_impl
  File "/zhome/b1/0/88900/miniconda3/envs/critprops/lib/python3.9/site-packages/sqlalchemy/orm/state_changes.py", line 139, in _go
    ret_value = fn(self, *arg, **kw)
  File "/zhome/b1/0/88900/miniconda3/envs/critprops/lib/python3.9/site-packages/sqlalchemy/orm/session.py", line 1288, in _prepare_impl
    self.session.flush()
  File "/zhome/b1/0/88900/miniconda3/envs/critprops/lib/python3.9/site-packages/sqlalchemy/orm/session.py", line 4352, in flush
    self._flush(objects)
  File "/zhome/b1/0/88900/miniconda3/envs/critprops/lib/python3.9/site-packages/sqlalchemy/orm/session.py", line 4488, in _flush
    transaction.rollback(_capture_exception=True)
  File "/zhome/b1/0/88900/miniconda3/envs/critprops/lib/python3.9/site-packages/sqlalchemy/util/langhelpers.py", line 146, in __exit__
    raise exc_value.with_traceback(exc_tb)
  File "/zhome/b1/0/88900/miniconda3/envs/critprops/lib/python3.9/site-packages/sqlalchemy/orm/session.py", line 4448, in _flush
    flush_context.execute()
  File "/zhome/b1/0/88900/miniconda3/envs/critprops/lib/python3.9/site-packages/sqlalchemy/orm/unitofwork.py", line 466, in execute
    rec.execute(self)
  File "/zhome/b1/0/88900/miniconda3/envs/critprops/lib/python3.9/site-packages/sqlalchemy/orm/unitofwork.py", line 642, in execute
    util.preloaded.orm_persistence.save_obj(
  File "/zhome/b1/0/88900/miniconda3/envs/critprops/lib/python3.9/site-packages/sqlalchemy/orm/persistence.py", line 93, in save_obj
    _emit_insert_statements(
  File "/zhome/b1/0/88900/miniconda3/envs/critprops/lib/python3.9/site-packages/sqlalchemy/orm/persistence.py", line 1233, in _emit_insert_statements
    result = connection.execute(
  File "/zhome/b1/0/88900/miniconda3/envs/critprops/lib/python3.9/site-packages/sqlalchemy/engine/base.py", line 1418, in execute
    return meth(
  File "/zhome/b1/0/88900/miniconda3/envs/critprops/lib/python3.9/site-packages/sqlalchemy/sql/elements.py", line 515, in _execute_on_connection
    return connection._execute_clauseelement(
  File "/zhome/b1/0/88900/miniconda3/envs/critprops/lib/python3.9/site-packages/sqlalchemy/engine/base.py", line 1640, in _execute_clauseelement
    ret = self._execute_context(
  File "/zhome/b1/0/88900/miniconda3/envs/critprops/lib/python3.9/site-packages/sqlalchemy/engine/base.py", line 1846, in _execute_context
    return self._exec_single_context(
  File "/zhome/b1/0/88900/miniconda3/envs/critprops/lib/python3.9/site-packages/sqlalchemy/engine/base.py", line 1986, in _exec_single_context
    self._handle_dbapi_exception(
  File "/zhome/b1/0/88900/miniconda3/envs/critprops/lib/python3.9/site-packages/sqlalchemy/engine/base.py", line 2355, in _handle_dbapi_exception
    raise sqlalchemy_exception.with_traceback(exc_info[2]) from e
  File "/zhome/b1/0/88900/miniconda3/envs/critprops/lib/python3.9/site-packages/sqlalchemy/engine/base.py", line 1967, in _exec_single_context
    self.dialect.do_execute(
  File "/zhome/b1/0/88900/miniconda3/envs/critprops/lib/python3.9/site-packages/sqlalchemy/engine/default.py", line 941, in do_execute
    cursor.execute(statement, parameters)
sqlalchemy.exc.OperationalError: (sqlite3.OperationalError) database is locked
[SQL: INSERT INTO trial_params (trial_id, param_name, param_value, distribution_json) VALUES (?, ?, ?, ?)]
[parameters: (81, 'n_estimators', 1203.0, '{"name": "IntDistribution", "attributes": {"log": false, "step": 1, "low": 100, "high": 1500}}')]
(Background on this error at: https://sqlalche.me/e/20/e3q8)

The above exception was the direct cause of the following exception:

Traceback (most recent call last):
  File "/zhome/b1/0/88900/miniconda3/envs/critprops/lib/python3.9/site-packages/optuna/study/_optimize.py", line 197, in _run_trial
    value_or_values = func(trial)
  File "/zhome/b1/0/88900/Documents/fair_gc/src/optims.py", line 242, in objective
    params = {
  File "/zhome/b1/0/88900/Documents/fair_gc/src/optims.py", line 243, in <dictcomp>
    name: suggest_fn(trial, name)
  File "/zhome/b1/0/88900/Documents/fair_gc/src/optims.py", line 164, in <lambda>
    return lambda trial, name: trial.suggest_int(
  File "/zhome/b1/0/88900/miniconda3/envs/critprops/lib/python3.9/site-packages/optuna/_convert_positional_args.py", line 83, in converter_wrapper
    return func(**kwargs)  # type: ignore[call-arg]
  File "/zhome/b1/0/88900/miniconda3/envs/critprops/lib/python3.9/site-packages/optuna/trial/_trial.py", line 324, in suggest_int
    suggested_value = int(self._suggest(name, distribution))
  File "/zhome/b1/0/88900/miniconda3/envs/critprops/lib/python3.9/site-packages/optuna/trial/_trial.py", line 637, in _suggest
    storage.set_trial_param(trial_id, name, param_value_in_internal_repr, distribution)
  File "/zhome/b1/0/88900/miniconda3/envs/critprops/lib/python3.9/site-packages/optuna/storages/_cached_storage.py", line 171, in set_trial_param
    self._backend.set_trial_param(trial_id, param_name, param_value_internal, distribution)
  File "/zhome/b1/0/88900/miniconda3/envs/critprops/lib/python3.9/site-packages/optuna/storages/_rdb/storage.py", line 585, in set_trial_param
    self._set_trial_param_without_commit(
  File "/zhome/b1/0/88900/miniconda3/envs/critprops/lib/python3.9/contextlib.py", line 126, in __exit__
    next(self.gen)
  File "/zhome/b1/0/88900/miniconda3/envs/critprops/lib/python3.9/site-packages/optuna/storages/_rdb/storage.py", line 98, in _create_scoped_session
    raise optuna.exceptions.StorageInternalError(message) from e
optuna.exceptions.StorageInternalError: An exception is raised during the commit. This typically happens due to invalid data in the commit, e.g. exceeding max length. 
[W 2024-12-04 14:52:16,227] Trial 80 failed with value None.
[I 2024-12-04 14:52:16,427] Trial 84 finished with value: 0.5383843052653917 and parameters: {'n_estimators': 1204, 'max_depth': 6, 'learning_rate': 0.0809298081326266, 'subsample': 0.8380799758706066, 'colsample_bytree': 0.6384011099090818, 'min_child_weight': 1, 'gamma': 0.014956581114938625, 'reg_alpha': 0.0061266643031020794, 'reg_lambda': 0.00027205403337564923}. Best is trial 66 with value: 0.5108689214846374.
[I 2024-12-04 14:52:16,770] Trial 78 finished with value: 0.5456254504896151 and parameters: {'n_estimators': 1204, 'max_depth': 6, 'learning_rate': 0.08086591531275583, 'subsample': 0.8378406774180267, 'colsample_bytree': 0.6385271473755768, 'min_child_weight': 1, 'gamma': 0.015002446111200902, 'reg_alpha': 0.006116274192475749, 'reg_lambda': 0.00027411398153537314}. Best is trial 66 with value: 0.5108689214846374.
