[I 2024-12-26 00:04:59,657] Trial 1278 finished with value: 0.0805281400680542 and parameters: {'L1_hidden_dim': 128, 'L1_layers_atom': 4, 'L1_layers_mol': 4, 'L1_dropout': 0.2793546306057108, 'L1_out_dim': 48, 'L2_hidden_dim': 144, 'L2_layers_atom': 1, 'L2_layers_mol': 1, 'L2_out_dim': 128, 'L2_dropout': 0.06872705416318109, 'L3_hidden_dim': 96, 'L3_layers_atom': 3, 'L3_layers_mol': 2, 'L3_out_dim': 96, 'L3_dropout': 0.25675935419247925, 'n_mlp_layers': 1, 'mlp_dim_0': 120, 'num_heads': 2, 'final_dropout': 0.050968203259962805, 'train_learning_rate': 0.0041483520446160055, 'train_lr_reduce': 0.6}. Best is trial 613 with value: 0.045173268765211105.
[I 2024-12-26 00:06:02,539] Trial 1280 finished with value: 0.08951488137245178 and parameters: {'L1_hidden_dim': 144, 'L1_layers_atom': 2, 'L1_layers_mol': 2, 'L1_dropout': 0.20101649751058576, 'L1_out_dim': 64, 'L2_hidden_dim': 144, 'L2_layers_atom': 2, 'L2_layers_mol': 2, 'L2_out_dim': 128, 'L2_dropout': 0.12007471211157483, 'L3_hidden_dim': 80, 'L3_layers_atom': 4, 'L3_layers_mol': 2, 'L3_out_dim': 48, 'L3_dropout': 0.29481519153283725, 'n_mlp_layers': 3, 'mlp_dim_0': 208, 'mlp_dim_1': 336, 'mlp_dim_2': 32, 'num_heads': 2, 'final_dropout': 0.15224898496148895, 'train_learning_rate': 0.0010203737861408492, 'train_lr_reduce': 0.6}. Best is trial 613 with value: 0.045173268765211105.
[I 2024-12-26 00:06:14,428] Trial 1282 finished with value: 0.07896213233470917 and parameters: {'L1_hidden_dim': 112, 'L1_layers_atom': 4, 'L1_layers_mol': 4, 'L1_dropout': 0.2114788108312095, 'L1_out_dim': 64, 'L2_hidden_dim': 192, 'L2_layers_atom': 1, 'L2_layers_mol': 1, 'L2_out_dim': 128, 'L2_dropout': 0.002902316163466397, 'L3_hidden_dim': 96, 'L3_layers_atom': 2, 'L3_layers_mol': 2, 'L3_out_dim': 48, 'L3_dropout': 0.2422436301457793, 'n_mlp_layers': 2, 'mlp_dim_0': 72, 'mlp_dim_1': 400, 'num_heads': 2, 'final_dropout': 0.042692300101306535, 'train_learning_rate': 0.0009251339974456692, 'train_lr_reduce': 0.6}. Best is trial 613 with value: 0.045173268765211105.
[I 2024-12-26 00:06:30,287] Trial 1281 finished with value: 0.0752430409193039 and parameters: {'L1_hidden_dim': 64, 'L1_layers_atom': 2, 'L1_layers_mol': 2, 'L1_dropout': 0.26452814240942724, 'L1_out_dim': 128, 'L2_hidden_dim': 240, 'L2_layers_atom': 4, 'L2_layers_mol': 4, 'L2_out_dim': 128, 'L2_dropout': 0.09862086813279651, 'L3_hidden_dim': 128, 'L3_layers_atom': 3, 'L3_layers_mol': 2, 'L3_out_dim': 128, 'L3_dropout': 0.10379545820038842, 'n_mlp_layers': 3, 'mlp_dim_0': 416, 'mlp_dim_1': 320, 'mlp_dim_2': 80, 'num_heads': 1, 'final_dropout': 0.11587812007773288, 'train_learning_rate': 0.000793011833233108, 'train_lr_reduce': 0.6}. Best is trial 613 with value: 0.045173268765211105.
[I 2024-12-26 00:07:56,080] Trial 1285 finished with value: 0.09688029438257217 and parameters: {'L1_hidden_dim': 80, 'L1_layers_atom': 4, 'L1_layers_mol': 2, 'L1_dropout': 0.20998697837543712, 'L1_out_dim': 128, 'L2_hidden_dim': 192, 'L2_layers_atom': 4, 'L2_layers_mol': 1, 'L2_out_dim': 80, 'L2_dropout': 0.021250967813744984, 'L3_hidden_dim': 64, 'L3_layers_atom': 2, 'L3_layers_mol': 2, 'L3_out_dim': 64, 'L3_dropout': 0.26063971495482263, 'n_mlp_layers': 3, 'mlp_dim_0': 72, 'mlp_dim_1': 416, 'mlp_dim_2': 96, 'num_heads': 1, 'final_dropout': 0.02691656304821938, 'train_learning_rate': 0.002394692046983112, 'train_lr_reduce': 0.6}. Best is trial 613 with value: 0.045173268765211105.
[I 2024-12-26 00:08:08,603] Trial 1283 finished with value: 0.0690457820892334 and parameters: {'L1_hidden_dim': 144, 'L1_layers_atom': 4, 'L1_layers_mol': 3, 'L1_dropout': 0.2999819777777101, 'L1_out_dim': 128, 'L2_hidden_dim': 192, 'L2_layers_atom': 4, 'L2_layers_mol': 2, 'L2_out_dim': 112, 'L2_dropout': 0.04938266858328529, 'L3_hidden_dim': 48, 'L3_layers_atom': 2, 'L3_layers_mol': 2, 'L3_out_dim': 32, 'L3_dropout': 0.2175188976915221, 'n_mlp_layers': 2, 'mlp_dim_0': 184, 'mlp_dim_1': 264, 'num_heads': 2, 'final_dropout': 0.10793593739883477, 'train_learning_rate': 0.00030288780344871506, 'train_lr_reduce': 0.6}. Best is trial 613 with value: 0.045173268765211105.
[I 2024-12-26 00:08:44,813] Trial 1284 finished with value: 0.17850378155708313 and parameters: {'L1_hidden_dim': 112, 'L1_layers_atom': 2, 'L1_layers_mol': 2, 'L1_dropout': 0.2691005689706914, 'L1_out_dim': 112, 'L2_hidden_dim': 256, 'L2_layers_atom': 1, 'L2_layers_mol': 4, 'L2_out_dim': 128, 'L2_dropout': 0.01175471425662265, 'L3_hidden_dim': 112, 'L3_layers_atom': 3, 'L3_layers_mol': 1, 'L3_out_dim': 112, 'L3_dropout': 0.2280794160651217, 'n_mlp_layers': 2, 'mlp_dim_0': 152, 'mlp_dim_1': 344, 'num_heads': 1, 'final_dropout': 0.1234009539787273, 'train_learning_rate': 0.008249510558961237, 'train_lr_reduce': 0.6}. Best is trial 613 with value: 0.045173268765211105.
[I 2024-12-26 00:09:53,695] Trial 1286 finished with value: 0.03935658559203148 and parameters: {'L1_hidden_dim': 64, 'L1_layers_atom': 3, 'L1_layers_mol': 4, 'L1_dropout': 0.24948127802804224, 'L1_out_dim': 80, 'L2_hidden_dim': 208, 'L2_layers_atom': 1, 'L2_layers_mol': 1, 'L2_out_dim': 128, 'L2_dropout': 0.02265180493500854, 'L3_hidden_dim': 112, 'L3_layers_atom': 3, 'L3_layers_mol': 1, 'L3_out_dim': 64, 'L3_dropout': 0.2005988779465354, 'n_mlp_layers': 2, 'mlp_dim_0': 256, 'mlp_dim_1': 304, 'num_heads': 2, 'final_dropout': 0.11721097311951088, 'train_learning_rate': 0.002710851861752097, 'train_lr_reduce': 0.6}. Best is trial 1286 with value: 0.03935658559203148.
[I 2024-12-26 00:09:55,210] Trial 1287 finished with value: 0.06646882742643356 and parameters: {'L1_hidden_dim': 64, 'L1_layers_atom': 4, 'L1_layers_mol': 3, 'L1_dropout': 0.28885910148021215, 'L1_out_dim': 80, 'L2_hidden_dim': 176, 'L2_layers_atom': 1, 'L2_layers_mol': 1, 'L2_out_dim': 112, 'L2_dropout': 0.09656571551011858, 'L3_hidden_dim': 112, 'L3_layers_atom': 2, 'L3_layers_mol': 1, 'L3_out_dim': 32, 'L3_dropout': 0.2314799867052203, 'n_mlp_layers': 1, 'mlp_dim_0': 264, 'num_heads': 2, 'final_dropout': 0.08925446926219446, 'train_learning_rate': 0.0009244216465972379, 'train_lr_reduce': 0.6}. Best is trial 1286 with value: 0.03935658559203148.
[I 2024-12-26 00:10:06,034] Trial 1288 finished with value: 0.06891816854476929 and parameters: {'L1_hidden_dim': 112, 'L1_layers_atom': 4, 'L1_layers_mol': 4, 'L1_dropout': 0.290714660454527, 'L1_out_dim': 112, 'L2_hidden_dim': 144, 'L2_layers_atom': 1, 'L2_layers_mol': 2, 'L2_out_dim': 112, 'L2_dropout': 0.022470334741603773, 'L3_hidden_dim': 96, 'L3_layers_atom': 2, 'L3_layers_mol': 1, 'L3_out_dim': 48, 'L3_dropout': 0.12376560679487925, 'n_mlp_layers': 2, 'mlp_dim_0': 208, 'mlp_dim_1': 360, 'num_heads': 2, 'final_dropout': 0.035312985628834906, 'train_learning_rate': 0.0009670204919289428, 'train_lr_reduce': 0.6}. Best is trial 1286 with value: 0.03935658559203148.
[I 2024-12-26 00:11:15,611] Trial 1289 finished with value: 0.10260730236768723 and parameters: {'L1_hidden_dim': 112, 'L1_layers_atom': 3, 'L1_layers_mol': 4, 'L1_dropout': 0.21050019705413034, 'L1_out_dim': 96, 'L2_hidden_dim': 224, 'L2_layers_atom': 1, 'L2_layers_mol': 2, 'L2_out_dim': 112, 'L2_dropout': 0.011437233500982627, 'L3_hidden_dim': 128, 'L3_layers_atom': 4, 'L3_layers_mol': 1, 'L3_out_dim': 32, 'L3_dropout': 0.17187001836066934, 'n_mlp_layers': 3, 'mlp_dim_0': 264, 'mlp_dim_1': 264, 'mlp_dim_2': 80, 'num_heads': 2, 'final_dropout': 0.142575456769549, 'train_learning_rate': 0.0039495615045924744, 'train_lr_reduce': 0.6}. Best is trial 1286 with value: 0.03935658559203148.
[I 2024-12-26 00:11:18,160] Trial 1291 finished with value: 0.06586618721485138 and parameters: {'L1_hidden_dim': 80, 'L1_layers_atom': 3, 'L1_layers_mol': 1, 'L1_dropout': 0.2575911817119993, 'L1_out_dim': 96, 'L2_hidden_dim': 208, 'L2_layers_atom': 2, 'L2_layers_mol': 1, 'L2_out_dim': 128, 'L2_dropout': 0.05854592621500576, 'L3_hidden_dim': 96, 'L3_layers_atom': 4, 'L3_layers_mol': 1, 'L3_out_dim': 32, 'L3_dropout': 0.19736517031751882, 'n_mlp_layers': 1, 'mlp_dim_0': 48, 'num_heads': 1, 'final_dropout': 0.15045082767396872, 'train_learning_rate': 0.0014743584178558004, 'train_lr_reduce': 0.6}. Best is trial 1286 with value: 0.03935658559203148.
[I 2024-12-26 00:11:56,599] Trial 1290 finished with value: 0.06639446318149567 and parameters: {'L1_hidden_dim': 128, 'L1_layers_atom': 4, 'L1_layers_mol': 3, 'L1_dropout': 0.26146409780993, 'L1_out_dim': 128, 'L2_hidden_dim': 128, 'L2_layers_atom': 1, 'L2_layers_mol': 1, 'L2_out_dim': 96, 'L2_dropout': 0.05096872103211132, 'L3_hidden_dim': 80, 'L3_layers_atom': 3, 'L3_layers_mol': 2, 'L3_out_dim': 32, 'L3_dropout': 0.26875991556849643, 'n_mlp_layers': 2, 'mlp_dim_0': 40, 'mlp_dim_1': 288, 'num_heads': 2, 'final_dropout': 0.10049819241405994, 'train_learning_rate': 0.0014334836480168224, 'train_lr_reduce': 0.6}. Best is trial 1286 with value: 0.03935658559203148.
[I 2024-12-26 00:13:08,551] Trial 1292 finished with value: 0.07093308120965958 and parameters: {'L1_hidden_dim': 144, 'L1_layers_atom': 4, 'L1_layers_mol': 3, 'L1_dropout': 0.27669018130580914, 'L1_out_dim': 80, 'L2_hidden_dim': 208, 'L2_layers_atom': 1, 'L2_layers_mol': 1, 'L2_out_dim': 128, 'L2_dropout': 0.01873230048635787, 'L3_hidden_dim': 112, 'L3_layers_atom': 2, 'L3_layers_mol': 1, 'L3_out_dim': 80, 'L3_dropout': 0.15181524551900177, 'n_mlp_layers': 1, 'mlp_dim_0': 144, 'num_heads': 2, 'final_dropout': 0.04362561331107643, 'train_learning_rate': 0.0028692998286394818, 'train_lr_reduce': 0.6}. Best is trial 1286 with value: 0.03935658559203148.
[I 2024-12-26 00:13:28,311] Trial 1293 finished with value: 0.07341696321964264 and parameters: {'L1_hidden_dim': 128, 'L1_layers_atom': 3, 'L1_layers_mol': 4, 'L1_dropout': 0.2072087193753518, 'L1_out_dim': 48, 'L2_hidden_dim': 256, 'L2_layers_atom': 2, 'L2_layers_mol': 2, 'L2_out_dim': 128, 'L2_dropout': 0.07485082054270542, 'L3_hidden_dim': 112, 'L3_layers_atom': 2, 'L3_layers_mol': 1, 'L3_out_dim': 64, 'L3_dropout': 0.20689210177000686, 'n_mlp_layers': 2, 'mlp_dim_0': 200, 'mlp_dim_1': 296, 'num_heads': 2, 'final_dropout': 0.11457309697181292, 'train_learning_rate': 0.00116168054152883, 'train_lr_reduce': 0.6}. Best is trial 1286 with value: 0.03935658559203148.
[I 2024-12-26 00:13:39,392] Trial 1294 finished with value: 0.08718223869800568 and parameters: {'L1_hidden_dim': 160, 'L1_layers_atom': 2, 'L1_layers_mol': 3, 'L1_dropout': 0.2225808422834173, 'L1_out_dim': 112, 'L2_hidden_dim': 160, 'L2_layers_atom': 1, 'L2_layers_mol': 1, 'L2_out_dim': 112, 'L2_dropout': 0.1050735707233586, 'L3_hidden_dim': 128, 'L3_layers_atom': 4, 'L3_layers_mol': 1, 'L3_out_dim': 48, 'L3_dropout': 0.12821599267225875, 'n_mlp_layers': 2, 'mlp_dim_0': 128, 'mlp_dim_1': 288, 'num_heads': 2, 'final_dropout': 0.11982583081124648, 'train_learning_rate': 0.00023507115068674533, 'train_lr_reduce': 0.6}. Best is trial 1286 with value: 0.03935658559203148.
[I 2024-12-26 00:15:02,388] Trial 1297 finished with value: 0.0729021206498146 and parameters: {'L1_hidden_dim': 128, 'L1_layers_atom': 2, 'L1_layers_mol': 4, 'L1_dropout': 0.2683737353749641, 'L1_out_dim': 96, 'L2_hidden_dim': 208, 'L2_layers_atom': 1, 'L2_layers_mol': 1, 'L2_out_dim': 112, 'L2_dropout': 0.032139413373442664, 'L3_hidden_dim': 112, 'L3_layers_atom': 2, 'L3_layers_mol': 1, 'L3_out_dim': 32, 'L3_dropout': 0.22731275978819193, 'n_mlp_layers': 2, 'mlp_dim_0': 320, 'mlp_dim_1': 240, 'num_heads': 2, 'final_dropout': 0.02660916403595682, 'train_learning_rate': 0.0024507670023368937, 'train_lr_reduce': 0.6}. Best is trial 1286 with value: 0.03935658559203148.
[I 2024-12-26 00:15:03,927] Trial 1295 finished with value: 0.078129343688488 and parameters: {'L1_hidden_dim': 80, 'L1_layers_atom': 3, 'L1_layers_mol': 3, 'L1_dropout': 0.18948558111558594, 'L1_out_dim': 48, 'L2_hidden_dim': 224, 'L2_layers_atom': 1, 'L2_layers_mol': 1, 'L2_out_dim': 112, 'L2_dropout': 0.018802417167819233, 'L3_hidden_dim': 112, 'L3_layers_atom': 2, 'L3_layers_mol': 2, 'L3_out_dim': 112, 'L3_dropout': 0.21345284511082194, 'n_mlp_layers': 2, 'mlp_dim_0': 264, 'mlp_dim_1': 296, 'num_heads': 2, 'final_dropout': 0.10183514632719802, 'train_learning_rate': 0.002309383254674072, 'train_lr_reduce': 0.6}. Best is trial 1286 with value: 0.03935658559203148.
[I 2024-12-26 00:15:12,696] Trial 1296 finished with value: 0.12364690750837326 and parameters: {'L1_hidden_dim': 224, 'L1_layers_atom': 4, 'L1_layers_mol': 3, 'L1_dropout': 0.10175641479602146, 'L1_out_dim': 64, 'L2_hidden_dim': 64, 'L2_layers_atom': 3, 'L2_layers_mol': 4, 'L2_out_dim': 112, 'L2_dropout': 0.006864567957791806, 'L3_hidden_dim': 128, 'L3_layers_atom': 4, 'L3_layers_mol': 3, 'L3_out_dim': 96, 'L3_dropout': 0.1307357479213026, 'n_mlp_layers': 1, 'mlp_dim_0': 480, 'num_heads': 1, 'final_dropout': 0.20308203981666412, 'train_learning_rate': 0.0006361652414511743, 'train_lr_reduce': 0.6}. Best is trial 1286 with value: 0.03935658559203148.
[I 2024-12-26 00:16:11,644] Trial 1298 finished with value: 0.07792788743972778 and parameters: {'L1_hidden_dim': 96, 'L1_layers_atom': 2, 'L1_layers_mol': 2, 'L1_dropout': 0.26278681705915496, 'L1_out_dim': 80, 'L2_hidden_dim': 128, 'L2_layers_atom': 1, 'L2_layers_mol': 1, 'L2_out_dim': 128, 'L2_dropout': 0.06535191555445047, 'L3_hidden_dim': 112, 'L3_layers_atom': 4, 'L3_layers_mol': 1, 'L3_out_dim': 64, 'L3_dropout': 0.28517628204523104, 'n_mlp_layers': 1, 'mlp_dim_0': 104, 'num_heads': 2, 'final_dropout': 0.11364508331218848, 'train_learning_rate': 0.001165486861520055, 'train_lr_reduce': 0.6}. Best is trial 1286 with value: 0.03935658559203148.
[I 2024-12-26 00:16:13,147] Trial 1299 finished with value: 0.06299654394388199 and parameters: {'L1_hidden_dim': 80, 'L1_layers_atom': 4, 'L1_layers_mol': 4, 'L1_dropout': 0.21392674500471598, 'L1_out_dim': 96, 'L2_hidden_dim': 256, 'L2_layers_atom': 1, 'L2_layers_mol': 1, 'L2_out_dim': 112, 'L2_dropout': 0.04958538007741894, 'L3_hidden_dim': 112, 'L3_layers_atom': 3, 'L3_layers_mol': 2, 'L3_out_dim': 64, 'L3_dropout': 0.20165399588259475, 'n_mlp_layers': 2, 'mlp_dim_0': 272, 'mlp_dim_1': 296, 'num_heads': 2, 'final_dropout': 0.02700337097107189, 'train_learning_rate': 0.0011284634769108165, 'train_lr_reduce': 0.6}. Best is trial 1286 with value: 0.03935658559203148.
[I 2024-12-26 00:16:54,647] Trial 1300 finished with value: 0.059040360152721405 and parameters: {'L1_hidden_dim': 64, 'L1_layers_atom': 4, 'L1_layers_mol': 1, 'L1_dropout': 0.29619652056730006, 'L1_out_dim': 96, 'L2_hidden_dim': 176, 'L2_layers_atom': 1, 'L2_layers_mol': 1, 'L2_out_dim': 128, 'L2_dropout': 0.02703782881110863, 'L3_hidden_dim': 96, 'L3_layers_atom': 3, 'L3_layers_mol': 1, 'L3_out_dim': 48, 'L3_dropout': 0.29506017193909345, 'n_mlp_layers': 2, 'mlp_dim_0': 152, 'mlp_dim_1': 256, 'num_heads': 2, 'final_dropout': 0.0452022781129599, 'train_learning_rate': 0.0038241964630129867, 'train_lr_reduce': 0.6}. Best is trial 1286 with value: 0.03935658559203148.
[I 2024-12-26 00:17:19,028] Trial 1301 finished with value: 0.08221106231212616 and parameters: {'L1_hidden_dim': 112, 'L1_layers_atom': 3, 'L1_layers_mol': 2, 'L1_dropout': 0.27291561089972083, 'L1_out_dim': 48, 'L2_hidden_dim': 208, 'L2_layers_atom': 3, 'L2_layers_mol': 1, 'L2_out_dim': 96, 'L2_dropout': 0.0909204682739047, 'L3_hidden_dim': 80, 'L3_layers_atom': 4, 'L3_layers_mol': 1, 'L3_out_dim': 48, 'L3_dropout': 0.19819210725059855, 'n_mlp_layers': 1, 'mlp_dim_0': 48, 'num_heads': 2, 'final_dropout': 0.1518107366758482, 'train_learning_rate': 0.001787910912476306, 'train_lr_reduce': 0.6}. Best is trial 1286 with value: 0.03935658559203148.
[I 2024-12-26 00:17:23,369] Trial 1302 finished with value: 0.07324742525815964 and parameters: {'L1_hidden_dim': 112, 'L1_layers_atom': 1, 'L1_layers_mol': 4, 'L1_dropout': 0.2604710373572462, 'L1_out_dim': 96, 'L2_hidden_dim': 208, 'L2_layers_atom': 1, 'L2_layers_mol': 4, 'L2_out_dim': 128, 'L2_dropout': 0.0003670147046831995, 'L3_hidden_dim': 80, 'L3_layers_atom': 4, 'L3_layers_mol': 1, 'L3_out_dim': 64, 'L3_dropout': 0.27114358329938193, 'n_mlp_layers': 3, 'mlp_dim_0': 152, 'mlp_dim_1': 312, 'mlp_dim_2': 112, 'num_heads': 1, 'final_dropout': 0.15312898780165887, 'train_learning_rate': 0.0015902572726476413, 'train_lr_reduce': 0.6}. Best is trial 1286 with value: 0.03935658559203148.
[I 2024-12-26 00:18:01,548] Trial 1303 finished with value: 0.0870760977268219 and parameters: {'L1_hidden_dim': 64, 'L1_layers_atom': 4, 'L1_layers_mol': 4, 'L1_dropout': 0.2602454012238399, 'L1_out_dim': 112, 'L2_hidden_dim': 208, 'L2_layers_atom': 2, 'L2_layers_mol': 1, 'L2_out_dim': 112, 'L2_dropout': 0.00475607308296434, 'L3_hidden_dim': 96, 'L3_layers_atom': 3, 'L3_layers_mol': 1, 'L3_out_dim': 64, 'L3_dropout': 0.12863829159166848, 'n_mlp_layers': 3, 'mlp_dim_0': 232, 'mlp_dim_1': 296, 'mlp_dim_2': 32, 'num_heads': 2, 'final_dropout': 0.11391949910539481, 'train_learning_rate': 0.0013035446921591527, 'train_lr_reduce': 0.6}. Best is trial 1286 with value: 0.03935658559203148.
[I 2024-12-26 00:18:34,055] Trial 1304 finished with value: 0.0865289568901062 and parameters: {'L1_hidden_dim': 80, 'L1_layers_atom': 3, 'L1_layers_mol': 4, 'L1_dropout': 0.28230275697809903, 'L1_out_dim': 64, 'L2_hidden_dim': 208, 'L2_layers_atom': 1, 'L2_layers_mol': 2, 'L2_out_dim': 112, 'L2_dropout': 0.022251411918117074, 'L3_hidden_dim': 96, 'L3_layers_atom': 2, 'L3_layers_mol': 1, 'L3_out_dim': 64, 'L3_dropout': 0.14698507361253135, 'n_mlp_layers': 3, 'mlp_dim_0': 280, 'mlp_dim_1': 312, 'mlp_dim_2': 112, 'num_heads': 2, 'final_dropout': 0.18490632492530112, 'train_learning_rate': 0.0009641057111838098, 'train_lr_reduce': 0.6}. Best is trial 1286 with value: 0.03935658559203148.
[I 2024-12-26 00:18:43,199] Trial 1305 finished with value: 0.06686504185199738 and parameters: {'L1_hidden_dim': 128, 'L1_layers_atom': 2, 'L1_layers_mol': 1, 'L1_dropout': 0.24168213295434102, 'L1_out_dim': 64, 'L2_hidden_dim': 240, 'L2_layers_atom': 1, 'L2_layers_mol': 1, 'L2_out_dim': 112, 'L2_dropout': 0.026398854820260113, 'L3_hidden_dim': 112, 'L3_layers_atom': 4, 'L3_layers_mol': 1, 'L3_out_dim': 32, 'L3_dropout': 0.23200802723245578, 'n_mlp_layers': 2, 'mlp_dim_0': 48, 'mlp_dim_1': 248, 'num_heads': 2, 'final_dropout': 0.08811011237768478, 'train_learning_rate': 0.00041270891438334944, 'train_lr_reduce': 0.6}. Best is trial 1286 with value: 0.03935658559203148.
[I 2024-12-26 00:18:56,959] Trial 1306 finished with value: 0.07645583897829056 and parameters: {'L1_hidden_dim': 112, 'L1_layers_atom': 4, 'L1_layers_mol': 4, 'L1_dropout': 0.2348778197992389, 'L1_out_dim': 112, 'L2_hidden_dim': 176, 'L2_layers_atom': 1, 'L2_layers_mol': 1, 'L2_out_dim': 128, 'L2_dropout': 0.026252133716170217, 'L3_hidden_dim': 96, 'L3_layers_atom': 3, 'L3_layers_mol': 1, 'L3_out_dim': 64, 'L3_dropout': 0.18497990765827677, 'n_mlp_layers': 2, 'mlp_dim_0': 72, 'mlp_dim_1': 264, 'num_heads': 2, 'final_dropout': 0.07869710495562006, 'train_learning_rate': 0.001982322666596657, 'train_lr_reduce': 0.6}. Best is trial 1286 with value: 0.03935658559203148.
[I 2024-12-26 00:20:13,269] Trial 1308 finished with value: 0.09641995280981064 and parameters: {'L1_hidden_dim': 144, 'L1_layers_atom': 3, 'L1_layers_mol': 2, 'L1_dropout': 0.26907010700379336, 'L1_out_dim': 64, 'L2_hidden_dim': 256, 'L2_layers_atom': 1, 'L2_layers_mol': 4, 'L2_out_dim': 80, 'L2_dropout': 0.14642796349283987, 'L3_hidden_dim': 32, 'L3_layers_atom': 3, 'L3_layers_mol': 4, 'L3_out_dim': 112, 'L3_dropout': 0.08470859127511755, 'n_mlp_layers': 2, 'mlp_dim_0': 280, 'mlp_dim_1': 328, 'num_heads': 1, 'final_dropout': 0.15377511991959708, 'train_learning_rate': 0.0024914473339783813, 'train_lr_reduce': 0.6}. Best is trial 1286 with value: 0.03935658559203148.
[I 2024-12-26 00:20:20,655] Trial 1307 finished with value: 0.08157096803188324 and parameters: {'L1_hidden_dim': 80, 'L1_layers_atom': 1, 'L1_layers_mol': 3, 'L1_dropout': 0.1584530585281286, 'L1_out_dim': 64, 'L2_hidden_dim': 192, 'L2_layers_atom': 4, 'L2_layers_mol': 4, 'L2_out_dim': 96, 'L2_dropout': 0.04161396621871805, 'L3_hidden_dim': 112, 'L3_layers_atom': 3, 'L3_layers_mol': 1, 'L3_out_dim': 96, 'L3_dropout': 0.12895380124251607, 'n_mlp_layers': 3, 'mlp_dim_0': 320, 'mlp_dim_1': 320, 'mlp_dim_2': 32, 'num_heads': 1, 'final_dropout': 0.08569023161525956, 'train_learning_rate': 0.0009765924583445204, 'train_lr_reduce': 0.6}. Best is trial 1286 with value: 0.03935658559203148.
[I 2024-12-26 00:20:34,286] Trial 1309 finished with value: 0.09619182348251343 and parameters: {'L1_hidden_dim': 128, 'L1_layers_atom': 2, 'L1_layers_mol': 3, 'L1_dropout': 0.1981241039968596, 'L1_out_dim': 64, 'L2_hidden_dim': 128, 'L2_layers_atom': 3, 'L2_layers_mol': 1, 'L2_out_dim': 112, 'L2_dropout': 0.012845801817421874, 'L3_hidden_dim': 112, 'L3_layers_atom': 4, 'L3_layers_mol': 1, 'L3_out_dim': 32, 'L3_dropout': 0.2047478869179054, 'n_mlp_layers': 2, 'mlp_dim_0': 168, 'mlp_dim_1': 320, 'num_heads': 2, 'final_dropout': 0.10497685309768867, 'train_learning_rate': 0.005466628683553864, 'train_lr_reduce': 0.6}. Best is trial 1286 with value: 0.03935658559203148.
[I 2024-12-26 00:21:47,552] Trial 1310 finished with value: 0.0804460421204567 and parameters: {'L1_hidden_dim': 64, 'L1_layers_atom': 3, 'L1_layers_mol': 1, 'L1_dropout': 0.18875434797449797, 'L1_out_dim': 64, 'L2_hidden_dim': 160, 'L2_layers_atom': 3, 'L2_layers_mol': 1, 'L2_out_dim': 128, 'L2_dropout': 0.10892476545840446, 'L3_hidden_dim': 112, 'L3_layers_atom': 4, 'L3_layers_mol': 1, 'L3_out_dim': 32, 'L3_dropout': 0.2533269483784074, 'n_mlp_layers': 2, 'mlp_dim_0': 72, 'mlp_dim_1': 248, 'num_heads': 2, 'final_dropout': 0.1373741200070086, 'train_learning_rate': 0.0012487194156731072, 'train_lr_reduce': 0.6}. Best is trial 1286 with value: 0.03935658559203148.
