[I 2024-12-26 13:45:18,042] Trial 1823 finished with value: 0.02407405525445938 and parameters: {'L1_hidden_dim': 128, 'L1_layers_atom': 3, 'L1_layers_mol': 3, 'L1_dropout': 0.21829121097541798, 'L1_out_dim': 80, 'L2_hidden_dim': 176, 'L2_layers_atom': 1, 'L2_layers_mol': 2, 'L2_out_dim': 112, 'L2_dropout': 0.0693776450087333, 'L3_hidden_dim': 112, 'L3_layers_atom': 4, 'L3_layers_mol': 4, 'L3_out_dim': 64, 'L3_dropout': 0.18639538956005391, 'n_mlp_layers': 1, 'mlp_dim_0': 200, 'num_heads': 1, 'final_dropout': 0.21127381985777743, 'train_learning_rate': 0.0017302932899364405, 'train_lr_reduce': 0.6}. Best is trial 1073 with value: 0.009419886395335197.
[I 2024-12-26 13:46:28,713] Trial 1824 finished with value: 0.01115704420953989 and parameters: {'L1_hidden_dim': 256, 'L1_layers_atom': 4, 'L1_layers_mol': 4, 'L1_dropout': 0.0033759342140813817, 'L1_out_dim': 96, 'L2_hidden_dim': 176, 'L2_layers_atom': 1, 'L2_layers_mol': 4, 'L2_out_dim': 80, 'L2_dropout': 0.08805052336922348, 'L3_hidden_dim': 80, 'L3_layers_atom': 1, 'L3_layers_mol': 1, 'L3_out_dim': 112, 'L3_dropout': 0.03723039322340825, 'n_mlp_layers': 3, 'mlp_dim_0': 144, 'mlp_dim_1': 248, 'mlp_dim_2': 392, 'num_heads': 2, 'final_dropout': 0.25717780646629335, 'train_learning_rate': 0.0007418910105797393, 'train_lr_reduce': 0.6}. Best is trial 1073 with value: 0.009419886395335197.
[I 2024-12-26 13:47:01,393] Trial 1825 finished with value: 0.01090544369071722 and parameters: {'L1_hidden_dim': 80, 'L1_layers_atom': 1, 'L1_layers_mol': 1, 'L1_dropout': 0.15767316067220155, 'L1_out_dim': 80, 'L2_hidden_dim': 128, 'L2_layers_atom': 1, 'L2_layers_mol': 2, 'L2_out_dim': 96, 'L2_dropout': 0.028324323488435974, 'L3_hidden_dim': 96, 'L3_layers_atom': 4, 'L3_layers_mol': 1, 'L3_out_dim': 112, 'L3_dropout': 0.027739018348410596, 'n_mlp_layers': 3, 'mlp_dim_0': 232, 'mlp_dim_1': 296, 'mlp_dim_2': 512, 'num_heads': 2, 'final_dropout': 0.03171442523793021, 'train_learning_rate': 0.0010404529912474935, 'train_lr_reduce': 0.6}. Best is trial 1073 with value: 0.009419886395335197.
[I 2024-12-26 13:47:28,778] Trial 1826 finished with value: 0.010042833164334297 and parameters: {'L1_hidden_dim': 96, 'L1_layers_atom': 1, 'L1_layers_mol': 2, 'L1_dropout': 0.05020530258710452, 'L1_out_dim': 64, 'L2_hidden_dim': 176, 'L2_layers_atom': 1, 'L2_layers_mol': 4, 'L2_out_dim': 112, 'L2_dropout': 0.04712706740493, 'L3_hidden_dim': 48, 'L3_layers_atom': 4, 'L3_layers_mol': 1, 'L3_out_dim': 112, 'L3_dropout': 0.023348182849495087, 'n_mlp_layers': 3, 'mlp_dim_0': 512, 'mlp_dim_1': 208, 'mlp_dim_2': 440, 'num_heads': 2, 'final_dropout': 0.10176961840463601, 'train_learning_rate': 0.0006715287450653203, 'train_lr_reduce': 0.6}. Best is trial 1073 with value: 0.009419886395335197.
[I 2024-12-26 13:49:15,779] Trial 1827 finished with value: 0.012275593355298042 and parameters: {'L1_hidden_dim': 224, 'L1_layers_atom': 2, 'L1_layers_mol': 1, 'L1_dropout': 0.03614634818085008, 'L1_out_dim': 112, 'L2_hidden_dim': 176, 'L2_layers_atom': 1, 'L2_layers_mol': 3, 'L2_out_dim': 80, 'L2_dropout': 0.028439900748647287, 'L3_hidden_dim': 80, 'L3_layers_atom': 4, 'L3_layers_mol': 2, 'L3_out_dim': 96, 'L3_dropout': 0.020121699265552028, 'n_mlp_layers': 3, 'mlp_dim_0': 320, 'mlp_dim_1': 320, 'mlp_dim_2': 384, 'num_heads': 1, 'final_dropout': 0.0317860491488239, 'train_learning_rate': 0.0006315052953708881, 'train_lr_reduce': 0.6}. Best is trial 1073 with value: 0.009419886395335197.
[I 2024-12-26 13:49:40,441] Trial 1829 finished with value: 0.012487192638218403 and parameters: {'L1_hidden_dim': 144, 'L1_layers_atom': 3, 'L1_layers_mol': 4, 'L1_dropout': 0.029650560037700058, 'L1_out_dim': 96, 'L2_hidden_dim': 192, 'L2_layers_atom': 1, 'L2_layers_mol': 4, 'L2_out_dim': 48, 'L2_dropout': 0.026287117069379577, 'L3_hidden_dim': 64, 'L3_layers_atom': 4, 'L3_layers_mol': 1, 'L3_out_dim': 128, 'L3_dropout': 0.04910187459376934, 'n_mlp_layers': 2, 'mlp_dim_0': 80, 'mlp_dim_1': 152, 'num_heads': 1, 'final_dropout': 0.09821970515292636, 'train_learning_rate': 0.0012532990124927705, 'train_lr_reduce': 0.6}. Best is trial 1073 with value: 0.009419886395335197.
[I 2024-12-26 13:50:03,538] Trial 1828 finished with value: 0.01455587986856699 and parameters: {'L1_hidden_dim': 176, 'L1_layers_atom': 4, 'L1_layers_mol': 1, 'L1_dropout': 0.0012613833145583972, 'L1_out_dim': 80, 'L2_hidden_dim': 240, 'L2_layers_atom': 1, 'L2_layers_mol': 2, 'L2_out_dim': 80, 'L2_dropout': 0.0005191439764398939, 'L3_hidden_dim': 80, 'L3_layers_atom': 1, 'L3_layers_mol': 1, 'L3_out_dim': 32, 'L3_dropout': 0.25787962642729556, 'n_mlp_layers': 3, 'mlp_dim_0': 376, 'mlp_dim_1': 280, 'mlp_dim_2': 472, 'num_heads': 2, 'final_dropout': 0.21708726605542136, 'train_learning_rate': 0.0016714177371720401, 'train_lr_reduce': 0.6}. Best is trial 1073 with value: 0.009419886395335197.
[I 2024-12-26 13:51:49,558] Trial 1831 finished with value: 0.01111477892845869 and parameters: {'L1_hidden_dim': 96, 'L1_layers_atom': 1, 'L1_layers_mol': 2, 'L1_dropout': 0.06440082717241852, 'L1_out_dim': 64, 'L2_hidden_dim': 208, 'L2_layers_atom': 1, 'L2_layers_mol': 4, 'L2_out_dim': 128, 'L2_dropout': 0.01929175581240793, 'L3_hidden_dim': 32, 'L3_layers_atom': 4, 'L3_layers_mol': 1, 'L3_out_dim': 96, 'L3_dropout': 0.04557248474415996, 'n_mlp_layers': 3, 'mlp_dim_0': 464, 'mlp_dim_1': 216, 'mlp_dim_2': 384, 'num_heads': 2, 'final_dropout': 0.09182335513933823, 'train_learning_rate': 0.000695080708341214, 'train_lr_reduce': 0.6}. Best is trial 1073 with value: 0.009419886395335197.
[I 2024-12-26 13:51:52,493] Trial 1830 finished with value: 0.011318802833557129 and parameters: {'L1_hidden_dim': 64, 'L1_layers_atom': 4, 'L1_layers_mol': 1, 'L1_dropout': 0.036605816792682606, 'L1_out_dim': 80, 'L2_hidden_dim': 224, 'L2_layers_atom': 1, 'L2_layers_mol': 3, 'L2_out_dim': 48, 'L2_dropout': 0.017428140499732285, 'L3_hidden_dim': 96, 'L3_layers_atom': 1, 'L3_layers_mol': 1, 'L3_out_dim': 48, 'L3_dropout': 0.27794022581923633, 'n_mlp_layers': 2, 'mlp_dim_0': 472, 'mlp_dim_1': 192, 'num_heads': 2, 'final_dropout': 0.2681487977974172, 'train_learning_rate': 0.0002025121893284057, 'train_lr_reduce': 0.6}. Best is trial 1073 with value: 0.009419886395335197.
[I 2024-12-26 13:52:15,201] Trial 1832 finished with value: 0.012193556874990463 and parameters: {'L1_hidden_dim': 112, 'L1_layers_atom': 1, 'L1_layers_mol': 1, 'L1_dropout': 0.011880762492092817, 'L1_out_dim': 80, 'L2_hidden_dim': 128, 'L2_layers_atom': 2, 'L2_layers_mol': 3, 'L2_out_dim': 128, 'L2_dropout': 0.041842517553080515, 'L3_hidden_dim': 64, 'L3_layers_atom': 3, 'L3_layers_mol': 2, 'L3_out_dim': 112, 'L3_dropout': 0.07954852746779605, 'n_mlp_layers': 3, 'mlp_dim_0': 472, 'mlp_dim_1': 168, 'mlp_dim_2': 424, 'num_heads': 2, 'final_dropout': 0.1049149515907852, 'train_learning_rate': 0.0007203525649431621, 'train_lr_reduce': 0.6}. Best is trial 1073 with value: 0.009419886395335197.
[I 2024-12-26 13:54:09,758] Trial 1835 finished with value: 0.014918215572834015 and parameters: {'L1_hidden_dim': 192, 'L1_layers_atom': 1, 'L1_layers_mol': 1, 'L1_dropout': 0.007009850501749093, 'L1_out_dim': 80, 'L2_hidden_dim': 192, 'L2_layers_atom': 1, 'L2_layers_mol': 4, 'L2_out_dim': 48, 'L2_dropout': 0.007450789696808416, 'L3_hidden_dim': 112, 'L3_layers_atom': 3, 'L3_layers_mol': 2, 'L3_out_dim': 64, 'L3_dropout': 0.021439859786409235, 'n_mlp_layers': 3, 'mlp_dim_0': 376, 'mlp_dim_1': 192, 'mlp_dim_2': 376, 'num_heads': 2, 'final_dropout': 0.1567876710062821, 'train_learning_rate': 0.001387237802443992, 'train_lr_reduce': 0.6}. Best is trial 1073 with value: 0.009419886395335197.
[I 2024-12-26 13:54:41,872] Trial 1833 finished with value: 0.011882149614393711 and parameters: {'L1_hidden_dim': 64, 'L1_layers_atom': 4, 'L1_layers_mol': 1, 'L1_dropout': 0.025554709239710243, 'L1_out_dim': 80, 'L2_hidden_dim': 144, 'L2_layers_atom': 1, 'L2_layers_mol': 4, 'L2_out_dim': 128, 'L2_dropout': 0.06878441226626747, 'L3_hidden_dim': 80, 'L3_layers_atom': 4, 'L3_layers_mol': 1, 'L3_out_dim': 112, 'L3_dropout': 0.06522595488136883, 'n_mlp_layers': 3, 'mlp_dim_0': 360, 'mlp_dim_1': 176, 'mlp_dim_2': 416, 'num_heads': 2, 'final_dropout': 0.06765348974945802, 'train_learning_rate': 0.0011559952475436223, 'train_lr_reduce': 0.6}. Best is trial 1073 with value: 0.009419886395335197.
[I 2024-12-26 13:55:03,442] Trial 1834 finished with value: 0.01157129742205143 and parameters: {'L1_hidden_dim': 112, 'L1_layers_atom': 1, 'L1_layers_mol': 2, 'L1_dropout': 0.011886704376597348, 'L1_out_dim': 48, 'L2_hidden_dim': 144, 'L2_layers_atom': 1, 'L2_layers_mol': 3, 'L2_out_dim': 128, 'L2_dropout': 2.1712154791765897e-05, 'L3_hidden_dim': 112, 'L3_layers_atom': 3, 'L3_layers_mol': 1, 'L3_out_dim': 96, 'L3_dropout': 0.016010551907731034, 'n_mlp_layers': 2, 'mlp_dim_0': 296, 'mlp_dim_1': 160, 'num_heads': 2, 'final_dropout': 0.008593379968335162, 'train_learning_rate': 0.00018748131394391568, 'train_lr_reduce': 0.6}. Best is trial 1073 with value: 0.009419886395335197.
[I 2024-12-26 13:56:26,703] Trial 1836 finished with value: 0.03828158602118492 and parameters: {'L1_hidden_dim': 192, 'L1_layers_atom': 3, 'L1_layers_mol': 2, 'L1_dropout': 0.11975888779685907, 'L1_out_dim': 64, 'L2_hidden_dim': 144, 'L2_layers_atom': 2, 'L2_layers_mol': 1, 'L2_out_dim': 48, 'L2_dropout': 0.18236899590224007, 'L3_hidden_dim': 48, 'L3_layers_atom': 2, 'L3_layers_mol': 4, 'L3_out_dim': 96, 'L3_dropout': 0.15681680207922338, 'n_mlp_layers': 3, 'mlp_dim_0': 256, 'mlp_dim_1': 160, 'mlp_dim_2': 424, 'num_heads': 2, 'final_dropout': 0.19680158121529578, 'train_learning_rate': 0.00010564071432849615, 'train_lr_reduce': 0.6}. Best is trial 1073 with value: 0.009419886395335197.
[I 2024-12-26 13:57:37,965] Trial 1838 finished with value: 0.011446282267570496 and parameters: {'L1_hidden_dim': 80, 'L1_layers_atom': 3, 'L1_layers_mol': 2, 'L1_dropout': 0.10329276825982567, 'L1_out_dim': 112, 'L2_hidden_dim': 176, 'L2_layers_atom': 1, 'L2_layers_mol': 3, 'L2_out_dim': 48, 'L2_dropout': 0.05060770186375548, 'L3_hidden_dim': 48, 'L3_layers_atom': 4, 'L3_layers_mol': 1, 'L3_out_dim': 128, 'L3_dropout': 0.011237201186168042, 'n_mlp_layers': 3, 'mlp_dim_0': 80, 'mlp_dim_1': 192, 'mlp_dim_2': 424, 'num_heads': 2, 'final_dropout': 0.2069760207878491, 'train_learning_rate': 0.00039479836595777236, 'train_lr_reduce': 0.6}. Best is trial 1073 with value: 0.009419886395335197.
[I 2024-12-26 13:57:43,163] Trial 1837 finished with value: 0.013202490285038948 and parameters: {'L1_hidden_dim': 144, 'L1_layers_atom': 4, 'L1_layers_mol': 1, 'L1_dropout': 0.03452080764414674, 'L1_out_dim': 80, 'L2_hidden_dim': 256, 'L2_layers_atom': 1, 'L2_layers_mol': 3, 'L2_out_dim': 48, 'L2_dropout': 0.031161718231297264, 'L3_hidden_dim': 32, 'L3_layers_atom': 1, 'L3_layers_mol': 1, 'L3_out_dim': 48, 'L3_dropout': 0.29667445462625136, 'n_mlp_layers': 3, 'mlp_dim_0': 472, 'mlp_dim_1': 192, 'mlp_dim_2': 368, 'num_heads': 2, 'final_dropout': 0.258491689431182, 'train_learning_rate': 0.0011477637998687294, 'train_lr_reduce': 0.6}. Best is trial 1073 with value: 0.009419886395335197.
[I 2024-12-26 13:58:53,940] Trial 1839 finished with value: 0.012352095916867256 and parameters: {'L1_hidden_dim': 192, 'L1_layers_atom': 1, 'L1_layers_mol': 1, 'L1_dropout': 0.001438232704782159, 'L1_out_dim': 128, 'L2_hidden_dim': 176, 'L2_layers_atom': 2, 'L2_layers_mol': 3, 'L2_out_dim': 64, 'L2_dropout': 0.046619542055262475, 'L3_hidden_dim': 96, 'L3_layers_atom': 3, 'L3_layers_mol': 1, 'L3_out_dim': 112, 'L3_dropout': 0.07079776530218974, 'n_mlp_layers': 3, 'mlp_dim_0': 264, 'mlp_dim_1': 152, 'mlp_dim_2': 416, 'num_heads': 2, 'final_dropout': 0.0786871055390636, 'train_learning_rate': 0.00031843466639187065, 'train_lr_reduce': 0.6}. Best is trial 1073 with value: 0.009419886395335197.
[I 2024-12-26 14:00:18,705] Trial 1841 finished with value: 0.011913521215319633 and parameters: {'L1_hidden_dim': 128, 'L1_layers_atom': 2, 'L1_layers_mol': 2, 'L1_dropout': 0.07029997128521229, 'L1_out_dim': 96, 'L2_hidden_dim': 96, 'L2_layers_atom': 1, 'L2_layers_mol': 4, 'L2_out_dim': 112, 'L2_dropout': 0.031071670117614667, 'L3_hidden_dim': 32, 'L3_layers_atom': 3, 'L3_layers_mol': 1, 'L3_out_dim': 128, 'L3_dropout': 0.07855322983568605, 'n_mlp_layers': 3, 'mlp_dim_0': 496, 'mlp_dim_1': 232, 'mlp_dim_2': 432, 'num_heads': 2, 'final_dropout': 0.0535100081297009, 'train_learning_rate': 0.0006813788599771681, 'train_lr_reduce': 0.6}. Best is trial 1073 with value: 0.009419886395335197.
[I 2024-12-26 14:00:24,768] Trial 1840 finished with value: 0.011102140881121159 and parameters: {'L1_hidden_dim': 96, 'L1_layers_atom': 1, 'L1_layers_mol': 2, 'L1_dropout': 0.14177534920866766, 'L1_out_dim': 32, 'L2_hidden_dim': 192, 'L2_layers_atom': 2, 'L2_layers_mol': 4, 'L2_out_dim': 80, 'L2_dropout': 0.03966572815938103, 'L3_hidden_dim': 80, 'L3_layers_atom': 4, 'L3_layers_mol': 1, 'L3_out_dim': 96, 'L3_dropout': 0.07163388568550681, 'n_mlp_layers': 3, 'mlp_dim_0': 456, 'mlp_dim_1': 336, 'mlp_dim_2': 368, 'num_heads': 2, 'final_dropout': 0.15769650366621174, 'train_learning_rate': 0.0004808076599932335, 'train_lr_reduce': 0.6}. Best is trial 1073 with value: 0.009419886395335197.
[I 2024-12-26 14:01:13,381] Trial 1842 finished with value: 0.010280306451022625 and parameters: {'L1_hidden_dim': 96, 'L1_layers_atom': 2, 'L1_layers_mol': 1, 'L1_dropout': 0.04929498439909501, 'L1_out_dim': 48, 'L2_hidden_dim': 176, 'L2_layers_atom': 2, 'L2_layers_mol': 4, 'L2_out_dim': 128, 'L2_dropout': 0.08258038688675917, 'L3_hidden_dim': 32, 'L3_layers_atom': 4, 'L3_layers_mol': 1, 'L3_out_dim': 128, 'L3_dropout': 0.027589496739036927, 'n_mlp_layers': 3, 'mlp_dim_0': 472, 'mlp_dim_1': 152, 'mlp_dim_2': 432, 'num_heads': 2, 'final_dropout': 0.1008902690157989, 'train_learning_rate': 0.0005480617298607728, 'train_lr_reduce': 0.6}. Best is trial 1073 with value: 0.009419886395335197.
[I 2024-12-26 14:02:56,955] Trial 1844 finished with value: 0.012137945741415024 and parameters: {'L1_hidden_dim': 160, 'L1_layers_atom': 4, 'L1_layers_mol': 2, 'L1_dropout': 0.017480605181074763, 'L1_out_dim': 32, 'L2_hidden_dim': 224, 'L2_layers_atom': 1, 'L2_layers_mol': 3, 'L2_out_dim': 112, 'L2_dropout': 0.015418320228574868, 'L3_hidden_dim': 48, 'L3_layers_atom': 4, 'L3_layers_mol': 1, 'L3_out_dim': 96, 'L3_dropout': 0.12453717178485324, 'n_mlp_layers': 3, 'mlp_dim_0': 464, 'mlp_dim_1': 224, 'mlp_dim_2': 432, 'num_heads': 1, 'final_dropout': 0.13076996842926933, 'train_learning_rate': 0.0009034766607639368, 'train_lr_reduce': 0.6}. Best is trial 1073 with value: 0.009419886395335197.
[I 2024-12-26 14:03:13,484] Trial 1843 finished with value: 0.01020537968724966 and parameters: {'L1_hidden_dim': 176, 'L1_layers_atom': 3, 'L1_layers_mol': 4, 'L1_dropout': 0.021265082596644967, 'L1_out_dim': 96, 'L2_hidden_dim': 208, 'L2_layers_atom': 1, 'L2_layers_mol': 4, 'L2_out_dim': 112, 'L2_dropout': 0.048064530380722864, 'L3_hidden_dim': 48, 'L3_layers_atom': 2, 'L3_layers_mol': 1, 'L3_out_dim': 96, 'L3_dropout': 0.1021092832993583, 'n_mlp_layers': 3, 'mlp_dim_0': 112, 'mlp_dim_1': 328, 'mlp_dim_2': 384, 'num_heads': 2, 'final_dropout': 0.2909676485253646, 'train_learning_rate': 0.00016012438741241938, 'train_lr_reduce': 0.6}. Best is trial 1073 with value: 0.009419886395335197.
[I 2024-12-26 14:03:33,012] Trial 1845 finished with value: 0.18951649963855743 and parameters: {'L1_hidden_dim': 208, 'L1_layers_atom': 2, 'L1_layers_mol': 1, 'L1_dropout': 0.2724815226023486, 'L1_out_dim': 112, 'L2_hidden_dim': 80, 'L2_layers_atom': 3, 'L2_layers_mol': 4, 'L2_out_dim': 128, 'L2_dropout': 0.17820008983714655, 'L3_hidden_dim': 48, 'L3_layers_atom': 3, 'L3_layers_mol': 3, 'L3_out_dim': 128, 'L3_dropout': 0.12871825055996458, 'n_mlp_layers': 3, 'mlp_dim_0': 232, 'mlp_dim_1': 208, 'mlp_dim_2': 432, 'num_heads': 1, 'final_dropout': 0.16434967246138174, 'train_learning_rate': 0.0004705471194399146, 'train_lr_reduce': 0.6}. Best is trial 1073 with value: 0.009419886395335197.
[I 2024-12-26 14:05:03,114] Trial 1846 finished with value: 0.01758687011897564 and parameters: {'L1_hidden_dim': 64, 'L1_layers_atom': 2, 'L1_layers_mol': 1, 'L1_dropout': 0.08840257089283314, 'L1_out_dim': 96, 'L2_hidden_dim': 160, 'L2_layers_atom': 1, 'L2_layers_mol': 4, 'L2_out_dim': 96, 'L2_dropout': 0.10032589586238641, 'L3_hidden_dim': 48, 'L3_layers_atom': 3, 'L3_layers_mol': 2, 'L3_out_dim': 96, 'L3_dropout': 0.08175836441741716, 'n_mlp_layers': 3, 'mlp_dim_0': 488, 'mlp_dim_1': 208, 'mlp_dim_2': 376, 'num_heads': 1, 'final_dropout': 0.08550329352395039, 'train_learning_rate': 0.0006908122713172531, 'train_lr_reduce': 0.6}. Best is trial 1073 with value: 0.009419886395335197.
[I 2024-12-26 14:05:20,116] Trial 1847 finished with value: 0.020078906789422035 and parameters: {'L1_hidden_dim': 144, 'L1_layers_atom': 1, 'L1_layers_mol': 3, 'L1_dropout': 0.09013393444269446, 'L1_out_dim': 128, 'L2_hidden_dim': 144, 'L2_layers_atom': 1, 'L2_layers_mol': 2, 'L2_out_dim': 32, 'L2_dropout': 0.28767866156874355, 'L3_hidden_dim': 48, 'L3_layers_atom': 4, 'L3_layers_mol': 2, 'L3_out_dim': 96, 'L3_dropout': 0.03852639882628699, 'n_mlp_layers': 3, 'mlp_dim_0': 464, 'mlp_dim_1': 336, 'mlp_dim_2': 440, 'num_heads': 1, 'final_dropout': 0.12029943733344461, 'train_learning_rate': 0.0020896984480798303, 'train_lr_reduce': 0.6}. Best is trial 1073 with value: 0.009419886395335197.
[I 2024-12-26 14:05:27,493] Trial 1848 finished with value: 0.01518484577536583 and parameters: {'L1_hidden_dim': 144, 'L1_layers_atom': 1, 'L1_layers_mol': 2, 'L1_dropout': 0.08915703461403374, 'L1_out_dim': 64, 'L2_hidden_dim': 192, 'L2_layers_atom': 1, 'L2_layers_mol': 4, 'L2_out_dim': 112, 'L2_dropout': 0.0842132402474886, 'L3_hidden_dim': 80, 'L3_layers_atom': 3, 'L3_layers_mol': 2, 'L3_out_dim': 112, 'L3_dropout': 0.027496709187900977, 'n_mlp_layers': 3, 'mlp_dim_0': 472, 'mlp_dim_1': 336, 'mlp_dim_2': 120, 'num_heads': 2, 'final_dropout': 0.077156238954859, 'train_learning_rate': 0.0018645941426031645, 'train_lr_reduce': 0.6}. Best is trial 1073 with value: 0.009419886395335197.
[I 2024-12-26 14:07:46,561] Trial 1851 finished with value: 0.01554168201982975 and parameters: {'L1_hidden_dim': 240, 'L1_layers_atom': 1, 'L1_layers_mol': 1, 'L1_dropout': 0.0643207575658466, 'L1_out_dim': 80, 'L2_hidden_dim': 144, 'L2_layers_atom': 1, 'L2_layers_mol': 4, 'L2_out_dim': 80, 'L2_dropout': 0.04163630264307071, 'L3_hidden_dim': 64, 'L3_layers_atom': 2, 'L3_layers_mol': 1, 'L3_out_dim': 80, 'L3_dropout': 0.02746144027534664, 'n_mlp_layers': 3, 'mlp_dim_0': 288, 'mlp_dim_1': 232, 'mlp_dim_2': 368, 'num_heads': 2, 'final_dropout': 0.0773441611057803, 'train_learning_rate': 0.000155902425894808, 'train_lr_reduce': 0.6}. Best is trial 1073 with value: 0.009419886395335197.
[I 2024-12-26 14:07:48,307] Trial 1849 finished with value: 0.015372256748378277 and parameters: {'L1_hidden_dim': 256, 'L1_layers_atom': 2, 'L1_layers_mol': 3, 'L1_dropout': 0.06755634676097526, 'L1_out_dim': 128, 'L2_hidden_dim': 80, 'L2_layers_atom': 3, 'L2_layers_mol': 1, 'L2_out_dim': 112, 'L2_dropout': 0.2301337435806599, 'L3_hidden_dim': 96, 'L3_layers_atom': 1, 'L3_layers_mol': 2, 'L3_out_dim': 48, 'L3_dropout': 0.15274143911495963, 'n_mlp_layers': 3, 'mlp_dim_0': 352, 'mlp_dim_1': 280, 'mlp_dim_2': 392, 'num_heads': 1, 'final_dropout': 0.00899112178846126, 'train_learning_rate': 0.0034380932763503794, 'train_lr_reduce': 0.6}. Best is trial 1073 with value: 0.009419886395335197.
[I 2024-12-26 14:07:53,502] Trial 1850 finished with value: 0.018880659714341164 and parameters: {'L1_hidden_dim': 160, 'L1_layers_atom': 3, 'L1_layers_mol': 2, 'L1_dropout': 0.1813183694031817, 'L1_out_dim': 128, 'L2_hidden_dim': 80, 'L2_layers_atom': 3, 'L2_layers_mol': 3, 'L2_out_dim': 64, 'L2_dropout': 0.14070359908499486, 'L3_hidden_dim': 112, 'L3_layers_atom': 3, 'L3_layers_mol': 2, 'L3_out_dim': 112, 'L3_dropout': 0.19518148055478057, 'n_mlp_layers': 3, 'mlp_dim_0': 288, 'mlp_dim_1': 336, 'mlp_dim_2': 448, 'num_heads': 1, 'final_dropout': 0.019191715153851985, 'train_learning_rate': 0.001658302694208346, 'train_lr_reduce': 0.6}. Best is trial 1073 with value: 0.009419886395335197.
[I 2024-12-26 14:10:04,740] Trial 1852 finished with value: 0.011355997994542122 and parameters: {'L1_hidden_dim': 144, 'L1_layers_atom': 2, 'L1_layers_mol': 1, 'L1_dropout': 0.10734909977533956, 'L1_out_dim': 80, 'L2_hidden_dim': 192, 'L2_layers_atom': 2, 'L2_layers_mol': 1, 'L2_out_dim': 96, 'L2_dropout': 0.09263544093482884, 'L3_hidden_dim': 128, 'L3_layers_atom': 4, 'L3_layers_mol': 1, 'L3_out_dim': 128, 'L3_dropout': 0.06956254951766157, 'n_mlp_layers': 3, 'mlp_dim_0': 368, 'mlp_dim_1': 512, 'mlp_dim_2': 440, 'num_heads': 2, 'final_dropout': 0.0009919237130275385, 'train_learning_rate': 0.0005091001323439694, 'train_lr_reduce': 0.6}. Best is trial 1073 with value: 0.009419886395335197.
[I 2024-12-26 14:10:07,368] Trial 1854 finished with value: 0.010821246542036533 and parameters: {'L1_hidden_dim': 80, 'L1_layers_atom': 4, 'L1_layers_mol': 4, 'L1_dropout': 0.009258474397866319, 'L1_out_dim': 128, 'L2_hidden_dim': 240, 'L2_layers_atom': 1, 'L2_layers_mol': 4, 'L2_out_dim': 32, 'L2_dropout': 0.002349709481422192, 'L3_hidden_dim': 64, 'L3_layers_atom': 3, 'L3_layers_mol': 2, 'L3_out_dim': 128, 'L3_dropout': 7.318788182042457e-05, 'n_mlp_layers': 3, 'mlp_dim_0': 136, 'mlp_dim_1': 160, 'mlp_dim_2': 120, 'num_heads': 2, 'final_dropout': 0.16578173382586495, 'train_learning_rate': 0.0019969519031652603, 'train_lr_reduce': 0.6}. Best is trial 1073 with value: 0.009419886395335197.
