[I 2024-12-25 15:23:31,592] Trial 351 finished with value: 0.13602180778980255 and parameters: {'L1_hidden_dim': 112, 'L1_layers_atom': 1, 'L1_layers_mol': 3, 'L1_dropout': 0.2991049643783156, 'L1_out_dim': 96, 'L2_hidden_dim': 240, 'L2_layers_atom': 4, 'L2_layers_mol': 2, 'L2_out_dim': 32, 'L2_dropout': 0.0702737540186358, 'L3_hidden_dim': 32, 'L3_layers_atom': 4, 'L3_layers_mol': 1, 'L3_out_dim': 96, 'L3_dropout': 0.07782449930129237, 'n_mlp_layers': 2, 'mlp_dim_0': 456, 'mlp_dim_1': 408, 'num_heads': 1, 'final_dropout': 0.2357435696288544, 'train_learning_rate': 0.0017823600121124063, 'train_lr_reduce': 0.6}. Best is trial 332 with value: 0.04597867280244827.
[I 2024-12-25 15:23:46,843] Trial 353 finished with value: 0.07229027897119522 and parameters: {'L1_hidden_dim': 64, 'L1_layers_atom': 4, 'L1_layers_mol': 4, 'L1_dropout': 0.24604349104088338, 'L1_out_dim': 128, 'L2_hidden_dim': 256, 'L2_layers_atom': 4, 'L2_layers_mol': 4, 'L2_out_dim': 32, 'L2_dropout': 0.11202952829223117, 'L3_hidden_dim': 80, 'L3_layers_atom': 4, 'L3_layers_mol': 3, 'L3_out_dim': 96, 'L3_dropout': 0.0021028226741890456, 'n_mlp_layers': 3, 'mlp_dim_0': 256, 'mlp_dim_1': 464, 'mlp_dim_2': 144, 'num_heads': 1, 'final_dropout': 0.10247983590987259, 'train_learning_rate': 0.0015047286799749354, 'train_lr_reduce': 0.6}. Best is trial 332 with value: 0.04597867280244827.
[I 2024-12-25 15:25:03,771] Trial 355 finished with value: 0.07594086229801178 and parameters: {'L1_hidden_dim': 80, 'L1_layers_atom': 3, 'L1_layers_mol': 2, 'L1_dropout': 0.20602124027532268, 'L1_out_dim': 48, 'L2_hidden_dim': 144, 'L2_layers_atom': 1, 'L2_layers_mol': 1, 'L2_out_dim': 96, 'L2_dropout': 0.01494026252399036, 'L3_hidden_dim': 112, 'L3_layers_atom': 3, 'L3_layers_mol': 1, 'L3_out_dim': 96, 'L3_dropout': 0.09800413049853988, 'n_mlp_layers': 2, 'mlp_dim_0': 376, 'mlp_dim_1': 416, 'num_heads': 1, 'final_dropout': 0.027967827291329416, 'train_learning_rate': 0.0005401496962582905, 'train_lr_reduce': 0.6}. Best is trial 332 with value: 0.04597867280244827.
[I 2024-12-25 15:25:18,166] Trial 356 finished with value: 0.08587999641895294 and parameters: {'L1_hidden_dim': 80, 'L1_layers_atom': 2, 'L1_layers_mol': 3, 'L1_dropout': 0.2017341741568797, 'L1_out_dim': 112, 'L2_hidden_dim': 256, 'L2_layers_atom': 1, 'L2_layers_mol': 2, 'L2_out_dim': 128, 'L2_dropout': 0.09848199593816231, 'L3_hidden_dim': 112, 'L3_layers_atom': 2, 'L3_layers_mol': 1, 'L3_out_dim': 96, 'L3_dropout': 0.25727311395749425, 'n_mlp_layers': 3, 'mlp_dim_0': 416, 'mlp_dim_1': 512, 'mlp_dim_2': 152, 'num_heads': 1, 'final_dropout': 0.16261854935388853, 'train_learning_rate': 0.00031889410419583573, 'train_lr_reduce': 0.6}. Best is trial 332 with value: 0.04597867280244827.
[I 2024-12-25 15:26:13,457] Trial 354 finished with value: 0.07218308001756668 and parameters: {'L1_hidden_dim': 80, 'L1_layers_atom': 3, 'L1_layers_mol': 3, 'L1_dropout': 0.2732062204442161, 'L1_out_dim': 128, 'L2_hidden_dim': 192, 'L2_layers_atom': 4, 'L2_layers_mol': 2, 'L2_out_dim': 64, 'L2_dropout': 0.04253461979089962, 'L3_hidden_dim': 48, 'L3_layers_atom': 3, 'L3_layers_mol': 2, 'L3_out_dim': 112, 'L3_dropout': 0.11561668699950399, 'n_mlp_layers': 3, 'mlp_dim_0': 408, 'mlp_dim_1': 512, 'mlp_dim_2': 104, 'num_heads': 2, 'final_dropout': 0.20333114421849519, 'train_learning_rate': 0.00020554609903231008, 'train_lr_reduce': 0.6}. Best is trial 332 with value: 0.04597867280244827.
[I 2024-12-25 15:26:25,606] Trial 357 finished with value: 0.07898715138435364 and parameters: {'L1_hidden_dim': 128, 'L1_layers_atom': 1, 'L1_layers_mol': 1, 'L1_dropout': 0.19793700991061158, 'L1_out_dim': 128, 'L2_hidden_dim': 256, 'L2_layers_atom': 3, 'L2_layers_mol': 1, 'L2_out_dim': 64, 'L2_dropout': 0.09552934293207531, 'L3_hidden_dim': 80, 'L3_layers_atom': 4, 'L3_layers_mol': 1, 'L3_out_dim': 80, 'L3_dropout': 0.08612197895950746, 'n_mlp_layers': 3, 'mlp_dim_0': 496, 'mlp_dim_1': 416, 'mlp_dim_2': 168, 'num_heads': 1, 'final_dropout': 0.24418005957264502, 'train_learning_rate': 0.0004941204855844645, 'train_lr_reduce': 0.6}. Best is trial 332 with value: 0.04597867280244827.
[I 2024-12-25 15:26:51,755] Trial 358 finished with value: 0.07756735384464264 and parameters: {'L1_hidden_dim': 64, 'L1_layers_atom': 3, 'L1_layers_mol': 1, 'L1_dropout': 0.07085511242512549, 'L1_out_dim': 32, 'L2_hidden_dim': 128, 'L2_layers_atom': 2, 'L2_layers_mol': 2, 'L2_out_dim': 80, 'L2_dropout': 0.0563643624959936, 'L3_hidden_dim': 112, 'L3_layers_atom': 4, 'L3_layers_mol': 1, 'L3_out_dim': 64, 'L3_dropout': 0.015171137881684026, 'n_mlp_layers': 2, 'mlp_dim_0': 456, 'mlp_dim_1': 512, 'num_heads': 1, 'final_dropout': 0.00238222471850065, 'train_learning_rate': 0.0006517850389821197, 'train_lr_reduce': 0.6}. Best is trial 332 with value: 0.04597867280244827.
[I 2024-12-25 15:27:49,289] Trial 360 finished with value: 0.07270005345344543 and parameters: {'L1_hidden_dim': 80, 'L1_layers_atom': 2, 'L1_layers_mol': 2, 'L1_dropout': 0.29319564222071526, 'L1_out_dim': 80, 'L2_hidden_dim': 192, 'L2_layers_atom': 2, 'L2_layers_mol': 3, 'L2_out_dim': 32, 'L2_dropout': 0.011751676367593125, 'L3_hidden_dim': 48, 'L3_layers_atom': 3, 'L3_layers_mol': 2, 'L3_out_dim': 112, 'L3_dropout': 0.03840884378507158, 'n_mlp_layers': 2, 'mlp_dim_0': 280, 'mlp_dim_1': 464, 'num_heads': 1, 'final_dropout': 0.24833903080418318, 'train_learning_rate': 0.0014897622301511153, 'train_lr_reduce': 0.6}. Best is trial 332 with value: 0.04597867280244827.
[I 2024-12-25 15:27:55,726] Trial 359 finished with value: 0.10979397594928741 and parameters: {'L1_hidden_dim': 64, 'L1_layers_atom': 3, 'L1_layers_mol': 4, 'L1_dropout': 0.2747480553042827, 'L1_out_dim': 64, 'L2_hidden_dim': 224, 'L2_layers_atom': 2, 'L2_layers_mol': 3, 'L2_out_dim': 112, 'L2_dropout': 0.03609398672101552, 'L3_hidden_dim': 128, 'L3_layers_atom': 2, 'L3_layers_mol': 2, 'L3_out_dim': 128, 'L3_dropout': 0.17925317538753405, 'n_mlp_layers': 3, 'mlp_dim_0': 200, 'mlp_dim_1': 464, 'mlp_dim_2': 112, 'num_heads': 1, 'final_dropout': 0.1720224204232496, 'train_learning_rate': 0.003091927395687864, 'train_lr_reduce': 0.6}. Best is trial 332 with value: 0.04597867280244827.
[I 2024-12-25 15:28:18,765] Trial 361 finished with value: 0.09966351836919785 and parameters: {'L1_hidden_dim': 80, 'L1_layers_atom': 4, 'L1_layers_mol': 4, 'L1_dropout': 0.17391296051588928, 'L1_out_dim': 64, 'L2_hidden_dim': 256, 'L2_layers_atom': 4, 'L2_layers_mol': 2, 'L2_out_dim': 32, 'L2_dropout': 0.07390561704806493, 'L3_hidden_dim': 96, 'L3_layers_atom': 4, 'L3_layers_mol': 2, 'L3_out_dim': 80, 'L3_dropout': 0.012834853500089817, 'n_mlp_layers': 3, 'mlp_dim_0': 184, 'mlp_dim_1': 512, 'mlp_dim_2': 176, 'num_heads': 1, 'final_dropout': 0.09609004676607942, 'train_learning_rate': 0.002159807826645536, 'train_lr_reduce': 0.6}. Best is trial 332 with value: 0.04597867280244827.
[I 2024-12-25 15:29:49,837] Trial 364 finished with value: 0.06875179708003998 and parameters: {'L1_hidden_dim': 80, 'L1_layers_atom': 1, 'L1_layers_mol': 3, 'L1_dropout': 0.2736536499543707, 'L1_out_dim': 96, 'L2_hidden_dim': 160, 'L2_layers_atom': 1, 'L2_layers_mol': 2, 'L2_out_dim': 112, 'L2_dropout': 0.051601390870551225, 'L3_hidden_dim': 112, 'L3_layers_atom': 2, 'L3_layers_mol': 1, 'L3_out_dim': 128, 'L3_dropout': 0.25333344853601397, 'n_mlp_layers': 3, 'mlp_dim_0': 296, 'mlp_dim_1': 472, 'mlp_dim_2': 104, 'num_heads': 1, 'final_dropout': 0.1325204968404378, 'train_learning_rate': 0.001093718667939066, 'train_lr_reduce': 0.6}. Best is trial 332 with value: 0.04597867280244827.
[I 2024-12-25 15:30:01,206] Trial 362 finished with value: 0.0642027035355568 and parameters: {'L1_hidden_dim': 80, 'L1_layers_atom': 3, 'L1_layers_mol': 1, 'L1_dropout': 0.19564528866852726, 'L1_out_dim': 64, 'L2_hidden_dim': 240, 'L2_layers_atom': 4, 'L2_layers_mol': 3, 'L2_out_dim': 128, 'L2_dropout': 0.07350743719128126, 'L3_hidden_dim': 112, 'L3_layers_atom': 4, 'L3_layers_mol': 4, 'L3_out_dim': 112, 'L3_dropout': 0.21993655925665306, 'n_mlp_layers': 3, 'mlp_dim_0': 104, 'mlp_dim_1': 408, 'mlp_dim_2': 80, 'num_heads': 2, 'final_dropout': 0.1554602907353368, 'train_learning_rate': 0.00023963243681289113, 'train_lr_reduce': 0.6}. Best is trial 332 with value: 0.04597867280244827.
[I 2024-12-25 15:30:10,956] Trial 363 finished with value: 0.08321467787027359 and parameters: {'L1_hidden_dim': 96, 'L1_layers_atom': 2, 'L1_layers_mol': 3, 'L1_dropout': 0.2665749515425698, 'L1_out_dim': 112, 'L2_hidden_dim': 256, 'L2_layers_atom': 3, 'L2_layers_mol': 3, 'L2_out_dim': 64, 'L2_dropout': 0.044514029412221504, 'L3_hidden_dim': 64, 'L3_layers_atom': 4, 'L3_layers_mol': 2, 'L3_out_dim': 96, 'L3_dropout': 0.09251626645163286, 'n_mlp_layers': 3, 'mlp_dim_0': 368, 'mlp_dim_1': 464, 'mlp_dim_2': 184, 'num_heads': 1, 'final_dropout': 0.1901574748680394, 'train_learning_rate': 0.0026842759070444828, 'train_lr_reduce': 0.6}. Best is trial 332 with value: 0.04597867280244827.
[I 2024-12-25 15:31:31,642] Trial 367 finished with value: 0.09037509560585022 and parameters: {'L1_hidden_dim': 192, 'L1_layers_atom': 2, 'L1_layers_mol': 3, 'L1_dropout': 0.18331589062935644, 'L1_out_dim': 112, 'L2_hidden_dim': 256, 'L2_layers_atom': 4, 'L2_layers_mol': 1, 'L2_out_dim': 48, 'L2_dropout': 0.042454962973568475, 'L3_hidden_dim': 48, 'L3_layers_atom': 3, 'L3_layers_mol': 1, 'L3_out_dim': 64, 'L3_dropout': 0.1451059128817521, 'n_mlp_layers': 3, 'mlp_dim_0': 288, 'mlp_dim_1': 384, 'mlp_dim_2': 32, 'num_heads': 1, 'final_dropout': 0.20874855661913258, 'train_learning_rate': 0.006771596792963245, 'train_lr_reduce': 0.6}. Best is trial 332 with value: 0.04597867280244827.
[I 2024-12-25 15:31:41,737] Trial 365 finished with value: 0.08963342010974884 and parameters: {'L1_hidden_dim': 96, 'L1_layers_atom': 3, 'L1_layers_mol': 2, 'L1_dropout': 0.22635544982746933, 'L1_out_dim': 112, 'L2_hidden_dim': 224, 'L2_layers_atom': 2, 'L2_layers_mol': 3, 'L2_out_dim': 112, 'L2_dropout': 0.1126039071600647, 'L3_hidden_dim': 80, 'L3_layers_atom': 3, 'L3_layers_mol': 3, 'L3_out_dim': 112, 'L3_dropout': 0.07394926264610634, 'n_mlp_layers': 2, 'mlp_dim_0': 176, 'mlp_dim_1': 416, 'num_heads': 2, 'final_dropout': 0.03916093389616758, 'train_learning_rate': 0.0030478648492091604, 'train_lr_reduce': 0.6}. Best is trial 332 with value: 0.04597867280244827.
[I 2024-12-25 15:32:50,795] Trial 366 finished with value: 0.06267255544662476 and parameters: {'L1_hidden_dim': 64, 'L1_layers_atom': 2, 'L1_layers_mol': 1, 'L1_dropout': 0.1806104871577522, 'L1_out_dim': 48, 'L2_hidden_dim': 224, 'L2_layers_atom': 4, 'L2_layers_mol': 3, 'L2_out_dim': 112, 'L2_dropout': 0.03149733338671494, 'L3_hidden_dim': 96, 'L3_layers_atom': 4, 'L3_layers_mol': 4, 'L3_out_dim': 80, 'L3_dropout': 0.19049565773413885, 'n_mlp_layers': 2, 'mlp_dim_0': 224, 'mlp_dim_1': 384, 'num_heads': 2, 'final_dropout': 0.27168873123629117, 'train_learning_rate': 0.00018005012474402098, 'train_lr_reduce': 0.6}. Best is trial 332 with value: 0.04597867280244827.
[I 2024-12-25 15:33:02,138] Trial 369 finished with value: 0.13572058081626892 and parameters: {'L1_hidden_dim': 96, 'L1_layers_atom': 4, 'L1_layers_mol': 1, 'L1_dropout': 0.19219865114628037, 'L1_out_dim': 64, 'L2_hidden_dim': 256, 'L2_layers_atom': 3, 'L2_layers_mol': 3, 'L2_out_dim': 112, 'L2_dropout': 0.15174866710393287, 'L3_hidden_dim': 96, 'L3_layers_atom': 3, 'L3_layers_mol': 3, 'L3_out_dim': 96, 'L3_dropout': 0.18626935273498796, 'n_mlp_layers': 3, 'mlp_dim_0': 112, 'mlp_dim_1': 400, 'mlp_dim_2': 88, 'num_heads': 2, 'final_dropout': 0.13791059963997168, 'train_learning_rate': 0.0006842254052696852, 'train_lr_reduce': 0.6}. Best is trial 332 with value: 0.04597867280244827.
[I 2024-12-25 15:33:16,573] Trial 368 finished with value: 0.07755939662456512 and parameters: {'L1_hidden_dim': 192, 'L1_layers_atom': 2, 'L1_layers_mol': 2, 'L1_dropout': 0.24452228198732429, 'L1_out_dim': 112, 'L2_hidden_dim': 208, 'L2_layers_atom': 3, 'L2_layers_mol': 1, 'L2_out_dim': 96, 'L2_dropout': 0.03402127494333583, 'L3_hidden_dim': 48, 'L3_layers_atom': 4, 'L3_layers_mol': 2, 'L3_out_dim': 128, 'L3_dropout': 0.07381204174562415, 'n_mlp_layers': 3, 'mlp_dim_0': 392, 'mlp_dim_1': 424, 'mlp_dim_2': 88, 'num_heads': 1, 'final_dropout': 0.0936883454470366, 'train_learning_rate': 0.0012107326447180565, 'train_lr_reduce': 0.6}. Best is trial 332 with value: 0.04597867280244827.
[I 2024-12-25 15:34:13,322] Trial 372 finished with value: 0.08176318556070328 and parameters: {'L1_hidden_dim': 144, 'L1_layers_atom': 3, 'L1_layers_mol': 2, 'L1_dropout': 0.16994099100231963, 'L1_out_dim': 96, 'L2_hidden_dim': 160, 'L2_layers_atom': 2, 'L2_layers_mol': 2, 'L2_out_dim': 48, 'L2_dropout': 0.020021308656119657, 'L3_hidden_dim': 48, 'L3_layers_atom': 4, 'L3_layers_mol': 1, 'L3_out_dim': 64, 'L3_dropout': 0.13365537155169246, 'n_mlp_layers': 3, 'mlp_dim_0': 464, 'mlp_dim_1': 512, 'mlp_dim_2': 144, 'num_heads': 1, 'final_dropout': 0.13596503856314665, 'train_learning_rate': 0.0019737066304723852, 'train_lr_reduce': 0.6}. Best is trial 332 with value: 0.04597867280244827.
[I 2024-12-25 15:35:02,451] Trial 371 finished with value: 0.10590676963329315 and parameters: {'L1_hidden_dim': 64, 'L1_layers_atom': 1, 'L1_layers_mol': 1, 'L1_dropout': 0.14434710248150684, 'L1_out_dim': 32, 'L2_hidden_dim': 208, 'L2_layers_atom': 4, 'L2_layers_mol': 3, 'L2_out_dim': 96, 'L2_dropout': 0.034819461592437054, 'L3_hidden_dim': 96, 'L3_layers_atom': 3, 'L3_layers_mol': 4, 'L3_out_dim': 96, 'L3_dropout': 0.03873872655102714, 'n_mlp_layers': 2, 'mlp_dim_0': 64, 'mlp_dim_1': 384, 'num_heads': 2, 'final_dropout': 0.2025218280039552, 'train_learning_rate': 0.0005084248891375576, 'train_lr_reduce': 0.6}. Best is trial 332 with value: 0.04597867280244827.
[I 2024-12-25 15:35:15,319] Trial 370 finished with value: 0.07257876545190811 and parameters: {'L1_hidden_dim': 80, 'L1_layers_atom': 2, 'L1_layers_mol': 1, 'L1_dropout': 0.10130869157339537, 'L1_out_dim': 64, 'L2_hidden_dim': 176, 'L2_layers_atom': 4, 'L2_layers_mol': 3, 'L2_out_dim': 112, 'L2_dropout': 0.09133069116926269, 'L3_hidden_dim': 96, 'L3_layers_atom': 4, 'L3_layers_mol': 4, 'L3_out_dim': 64, 'L3_dropout': 0.1909902887773463, 'n_mlp_layers': 2, 'mlp_dim_0': 264, 'mlp_dim_1': 352, 'num_heads': 2, 'final_dropout': 0.27412102325648396, 'train_learning_rate': 0.0016421124711238093, 'train_lr_reduce': 0.6}. Best is trial 332 with value: 0.04597867280244827.
[I 2024-12-25 15:35:26,500] Trial 374 finished with value: 1.193070888519287 and parameters: {'L1_hidden_dim': 64, 'L1_layers_atom': 4, 'L1_layers_mol': 2, 'L1_dropout': 0.16266311224980154, 'L1_out_dim': 80, 'L2_hidden_dim': 208, 'L2_layers_atom': 4, 'L2_layers_mol': 3, 'L2_out_dim': 128, 'L2_dropout': 0.19874041619004917, 'L3_hidden_dim': 128, 'L3_layers_atom': 2, 'L3_layers_mol': 3, 'L3_out_dim': 128, 'L3_dropout': 0.025622925028845514, 'n_mlp_layers': 1, 'mlp_dim_0': 128, 'num_heads': 2, 'final_dropout': 0.13487599183848703, 'train_learning_rate': 0.00020484211771482205, 'train_lr_reduce': 0.6}. Best is trial 332 with value: 0.04597867280244827.
[I 2024-12-25 15:36:05,678] Trial 373 finished with value: 0.08096324652433395 and parameters: {'L1_hidden_dim': 96, 'L1_layers_atom': 3, 'L1_layers_mol': 1, 'L1_dropout': 0.23836698989025273, 'L1_out_dim': 32, 'L2_hidden_dim': 224, 'L2_layers_atom': 3, 'L2_layers_mol': 3, 'L2_out_dim': 96, 'L2_dropout': 0.004616994241195559, 'L3_hidden_dim': 112, 'L3_layers_atom': 4, 'L3_layers_mol': 4, 'L3_out_dim': 96, 'L3_dropout': 0.15862402305407042, 'n_mlp_layers': 3, 'mlp_dim_0': 368, 'mlp_dim_1': 464, 'mlp_dim_2': 160, 'num_heads': 2, 'final_dropout': 0.2984561013964922, 'train_learning_rate': 0.000609766874279657, 'train_lr_reduce': 0.6}. Best is trial 332 with value: 0.04597867280244827.
[I 2024-12-25 15:36:40,742] Trial 375 finished with value: 0.08007063716650009 and parameters: {'L1_hidden_dim': 96, 'L1_layers_atom': 4, 'L1_layers_mol': 4, 'L1_dropout': 0.29304915309290896, 'L1_out_dim': 80, 'L2_hidden_dim': 256, 'L2_layers_atom': 3, 'L2_layers_mol': 1, 'L2_out_dim': 64, 'L2_dropout': 0.13221579450601864, 'L3_hidden_dim': 80, 'L3_layers_atom': 4, 'L3_layers_mol': 2, 'L3_out_dim': 128, 'L3_dropout': 0.029426236092116413, 'n_mlp_layers': 3, 'mlp_dim_0': 216, 'mlp_dim_1': 512, 'mlp_dim_2': 160, 'num_heads': 1, 'final_dropout': 0.016537582346274032, 'train_learning_rate': 0.0012766352239920477, 'train_lr_reduce': 0.6}. Best is trial 332 with value: 0.04597867280244827.
[I 2024-12-25 15:38:06,805] Trial 377 finished with value: 0.08297336846590042 and parameters: {'L1_hidden_dim': 144, 'L1_layers_atom': 4, 'L1_layers_mol': 1, 'L1_dropout': 0.16868253114252513, 'L1_out_dim': 96, 'L2_hidden_dim': 176, 'L2_layers_atom': 3, 'L2_layers_mol': 2, 'L2_out_dim': 128, 'L2_dropout': 0.02538235900140281, 'L3_hidden_dim': 96, 'L3_layers_atom': 3, 'L3_layers_mol': 3, 'L3_out_dim': 128, 'L3_dropout': 0.06748243825688742, 'n_mlp_layers': 2, 'mlp_dim_0': 128, 'mlp_dim_1': 464, 'num_heads': 2, 'final_dropout': 0.03827663246470977, 'train_learning_rate': 0.000527901631398662, 'train_lr_reduce': 0.6}. Best is trial 332 with value: 0.04597867280244827.
[I 2024-12-25 15:38:09,134] Trial 376 finished with value: 0.06233440712094307 and parameters: {'L1_hidden_dim': 112, 'L1_layers_atom': 1, 'L1_layers_mol': 1, 'L1_dropout': 0.17534937357490793, 'L1_out_dim': 48, 'L2_hidden_dim': 224, 'L2_layers_atom': 3, 'L2_layers_mol': 2, 'L2_out_dim': 112, 'L2_dropout': 0.007279037532739348, 'L3_hidden_dim': 128, 'L3_layers_atom': 4, 'L3_layers_mol': 4, 'L3_out_dim': 96, 'L3_dropout': 0.1702672547919309, 'n_mlp_layers': 2, 'mlp_dim_0': 64, 'mlp_dim_1': 408, 'num_heads': 2, 'final_dropout': 0.2522898284625608, 'train_learning_rate': 0.0002544713901099383, 'train_lr_reduce': 0.6}. Best is trial 332 with value: 0.04597867280244827.
[I 2024-12-25 15:39:02,681] Trial 378 finished with value: 0.07523706555366516 and parameters: {'L1_hidden_dim': 80, 'L1_layers_atom': 4, 'L1_layers_mol': 2, 'L1_dropout': 0.2954544019682127, 'L1_out_dim': 80, 'L2_hidden_dim': 256, 'L2_layers_atom': 4, 'L2_layers_mol': 3, 'L2_out_dim': 96, 'L2_dropout': 0.1457721122645954, 'L3_hidden_dim': 48, 'L3_layers_atom': 4, 'L3_layers_mol': 1, 'L3_out_dim': 112, 'L3_dropout': 0.04308093235510448, 'n_mlp_layers': 3, 'mlp_dim_0': 320, 'mlp_dim_1': 512, 'mlp_dim_2': 112, 'num_heads': 1, 'final_dropout': 0.24711483980634324, 'train_learning_rate': 0.0009364807250514353, 'train_lr_reduce': 0.6}. Best is trial 332 with value: 0.04597867280244827.
[I 2024-12-25 15:39:46,270] Trial 380 finished with value: 0.08055349439382553 and parameters: {'L1_hidden_dim': 144, 'L1_layers_atom': 1, 'L1_layers_mol': 1, 'L1_dropout': 0.10679144196913426, 'L1_out_dim': 48, 'L2_hidden_dim': 256, 'L2_layers_atom': 3, 'L2_layers_mol': 1, 'L2_out_dim': 112, 'L2_dropout': 0.07291775221257016, 'L3_hidden_dim': 112, 'L3_layers_atom': 4, 'L3_layers_mol': 4, 'L3_out_dim': 112, 'L3_dropout': 0.27642839353751725, 'n_mlp_layers': 2, 'mlp_dim_0': 136, 'mlp_dim_1': 352, 'num_heads': 1, 'final_dropout': 0.283276490886283, 'train_learning_rate': 0.0004995686020314767, 'train_lr_reduce': 0.6}. Best is trial 332 with value: 0.04597867280244827.
[I 2024-12-25 15:40:41,947] Trial 381 finished with value: 0.0840928703546524 and parameters: {'L1_hidden_dim': 160, 'L1_layers_atom': 3, 'L1_layers_mol': 1, 'L1_dropout': 0.11507478283724247, 'L1_out_dim': 128, 'L2_hidden_dim': 224, 'L2_layers_atom': 3, 'L2_layers_mol': 3, 'L2_out_dim': 64, 'L2_dropout': 0.14401506496447197, 'L3_hidden_dim': 112, 'L3_layers_atom': 1, 'L3_layers_mol': 3, 'L3_out_dim': 128, 'L3_dropout': 0.11278558752528992, 'n_mlp_layers': 2, 'mlp_dim_0': 40, 'mlp_dim_1': 384, 'num_heads': 2, 'final_dropout': 0.10399409854270222, 'train_learning_rate': 0.0004545624709623842, 'train_lr_reduce': 0.6}. Best is trial 332 with value: 0.04597867280244827.
[I 2024-12-25 15:40:59,825] Trial 379 finished with value: 0.06216646358370781 and parameters: {'L1_hidden_dim': 96, 'L1_layers_atom': 3, 'L1_layers_mol': 1, 'L1_dropout': 0.12190838024514428, 'L1_out_dim': 48, 'L2_hidden_dim': 208, 'L2_layers_atom': 4, 'L2_layers_mol': 4, 'L2_out_dim': 112, 'L2_dropout': 0.004547341893794337, 'L3_hidden_dim': 80, 'L3_layers_atom': 4, 'L3_layers_mol': 4, 'L3_out_dim': 48, 'L3_dropout': 0.1892090600272954, 'n_mlp_layers': 2, 'mlp_dim_0': 200, 'mlp_dim_1': 416, 'num_heads': 2, 'final_dropout': 0.21672925754481018, 'train_learning_rate': 0.00012709461757878205, 'train_lr_reduce': 0.6}. Best is trial 332 with value: 0.04597867280244827.
[I 2024-12-25 15:41:19,723] Trial 382 finished with value: 0.07501018047332764 and parameters: {'L1_hidden_dim': 112, 'L1_layers_atom': 1, 'L1_layers_mol': 1, 'L1_dropout': 0.183522322234544, 'L1_out_dim': 48, 'L2_hidden_dim': 256, 'L2_layers_atom': 3, 'L2_layers_mol': 1, 'L2_out_dim': 112, 'L2_dropout': 0.035804768608274876, 'L3_hidden_dim': 128, 'L3_layers_atom': 4, 'L3_layers_mol': 3, 'L3_out_dim': 96, 'L3_dropout': 0.11052128640969767, 'n_mlp_layers': 1, 'mlp_dim_0': 120, 'num_heads': 2, 'final_dropout': 0.22343170515225477, 'train_learning_rate': 0.0011230133732714166, 'train_lr_reduce': 0.6}. Best is trial 332 with value: 0.04597867280244827.
[I 2024-12-25 15:42:33,861] Trial 383 finished with value: 0.08642690628767014 and parameters: {'L1_hidden_dim': 192, 'L1_layers_atom': 2, 'L1_layers_mol': 2, 'L1_dropout': 0.23042954328549928, 'L1_out_dim': 80, 'L2_hidden_dim': 240, 'L2_layers_atom': 2, 'L2_layers_mol': 2, 'L2_out_dim': 64, 'L2_dropout': 0.04041779510383128, 'L3_hidden_dim': 64, 'L3_layers_atom': 4, 'L3_layers_mol': 1, 'L3_out_dim': 112, 'L3_dropout': 0.09423882288295983, 'n_mlp_layers': 2, 'mlp_dim_0': 456, 'mlp_dim_1': 384, 'num_heads': 2, 'final_dropout': 0.2612916021667137, 'train_learning_rate': 0.00083443985247568, 'train_lr_reduce': 0.6}. Best is trial 332 with value: 0.04597867280244827.
