[I 2024-12-25 23:03:59,446] Trial 1151 finished with value: 0.08221513777971268 and parameters: {'L1_hidden_dim': 96, 'L1_layers_atom': 2, 'L1_layers_mol': 2, 'L1_dropout': 0.19472194578437568, 'L1_out_dim': 128, 'L2_hidden_dim': 256, 'L2_layers_atom': 2, 'L2_layers_mol': 2, 'L2_out_dim': 128, 'L2_dropout': 0.027446090572092973, 'L3_hidden_dim': 32, 'L3_layers_atom': 4, 'L3_layers_mol': 2, 'L3_out_dim': 112, 'L3_dropout': 0.28747246834359974, 'n_mlp_layers': 2, 'mlp_dim_0': 40, 'mlp_dim_1': 312, 'num_heads': 2, 'final_dropout': 0.02676926190836585, 'train_learning_rate': 0.00031035187769239435, 'train_lr_reduce': 0.6}. Best is trial 613 with value: 0.045173268765211105.
[I 2024-12-25 23:04:08,970] Trial 1153 finished with value: 0.0714583694934845 and parameters: {'L1_hidden_dim': 64, 'L1_layers_atom': 4, 'L1_layers_mol': 4, 'L1_dropout': 0.2522191729983009, 'L1_out_dim': 128, 'L2_hidden_dim': 208, 'L2_layers_atom': 1, 'L2_layers_mol': 1, 'L2_out_dim': 128, 'L2_dropout': 0.08504428708484747, 'L3_hidden_dim': 32, 'L3_layers_atom': 1, 'L3_layers_mol': 2, 'L3_out_dim': 128, 'L3_dropout': 0.24920290043563692, 'n_mlp_layers': 3, 'mlp_dim_0': 48, 'mlp_dim_1': 320, 'mlp_dim_2': 40, 'num_heads': 1, 'final_dropout': 0.022647049966965517, 'train_learning_rate': 0.0005967390649856412, 'train_lr_reduce': 0.6}. Best is trial 613 with value: 0.045173268765211105.
[I 2024-12-25 23:05:19,337] Trial 1155 finished with value: 0.05889645963907242 and parameters: {'L1_hidden_dim': 64, 'L1_layers_atom': 2, 'L1_layers_mol': 3, 'L1_dropout': 0.24034835692584364, 'L1_out_dim': 112, 'L2_hidden_dim': 192, 'L2_layers_atom': 1, 'L2_layers_mol': 4, 'L2_out_dim': 128, 'L2_dropout': 0.0898404988087218, 'L3_hidden_dim': 96, 'L3_layers_atom': 3, 'L3_layers_mol': 2, 'L3_out_dim': 128, 'L3_dropout': 0.25088476953842453, 'n_mlp_layers': 3, 'mlp_dim_0': 216, 'mlp_dim_1': 376, 'mlp_dim_2': 32, 'num_heads': 1, 'final_dropout': 0.13064814636121327, 'train_learning_rate': 0.00211449008310322, 'train_lr_reduce': 0.6}. Best is trial 613 with value: 0.045173268765211105.
[I 2024-12-25 23:05:46,597] Trial 1154 finished with value: 0.29498475790023804 and parameters: {'L1_hidden_dim': 144, 'L1_layers_atom': 2, 'L1_layers_mol': 1, 'L1_dropout': 0.04771765208594739, 'L1_out_dim': 32, 'L2_hidden_dim': 96, 'L2_layers_atom': 4, 'L2_layers_mol': 3, 'L2_out_dim': 32, 'L2_dropout': 0.26247332516690813, 'L3_hidden_dim': 32, 'L3_layers_atom': 3, 'L3_layers_mol': 4, 'L3_out_dim': 80, 'L3_dropout': 0.09615225392893237, 'n_mlp_layers': 3, 'mlp_dim_0': 112, 'mlp_dim_1': 392, 'mlp_dim_2': 136, 'num_heads': 2, 'final_dropout': 0.050150930923851145, 'train_learning_rate': 0.00015301956363826403, 'train_lr_reduce': 0.6}. Best is trial 613 with value: 0.045173268765211105.
[I 2024-12-25 23:05:48,776] Trial 1156 finished with value: 0.06208181008696556 and parameters: {'L1_hidden_dim': 64, 'L1_layers_atom': 4, 'L1_layers_mol': 3, 'L1_dropout': 0.23323286617458053, 'L1_out_dim': 64, 'L2_hidden_dim': 240, 'L2_layers_atom': 2, 'L2_layers_mol': 4, 'L2_out_dim': 48, 'L2_dropout': 0.007491013376806983, 'L3_hidden_dim': 48, 'L3_layers_atom': 2, 'L3_layers_mol': 3, 'L3_out_dim': 112, 'L3_dropout': 0.045381821419490515, 'n_mlp_layers': 2, 'mlp_dim_0': 360, 'mlp_dim_1': 312, 'num_heads': 1, 'final_dropout': 0.02647141607438007, 'train_learning_rate': 0.00043302361108184083, 'train_lr_reduce': 0.6}. Best is trial 613 with value: 0.045173268765211105.
[I 2024-12-25 23:06:07,923] Trial 1159 finished with value: 0.9263912439346313 and parameters: {'L1_hidden_dim': 64, 'L1_layers_atom': 1, 'L1_layers_mol': 4, 'L1_dropout': 0.20251551205916085, 'L1_out_dim': 128, 'L2_hidden_dim': 192, 'L2_layers_atom': 2, 'L2_layers_mol': 4, 'L2_out_dim': 112, 'L2_dropout': 0.1784401627096221, 'L3_hidden_dim': 96, 'L3_layers_atom': 3, 'L3_layers_mol': 1, 'L3_out_dim': 112, 'L3_dropout': 0.2662607242459349, 'n_mlp_layers': 3, 'mlp_dim_0': 96, 'mlp_dim_1': 384, 'mlp_dim_2': 32, 'num_heads': 1, 'final_dropout': 0.12364080346318763, 'train_learning_rate': 0.005333407623456378, 'train_lr_reduce': 0.6}. Best is trial 613 with value: 0.045173268765211105.
[I 2024-12-25 23:06:10,922] Trial 1157 finished with value: 0.08062490820884705 and parameters: {'L1_hidden_dim': 96, 'L1_layers_atom': 4, 'L1_layers_mol': 3, 'L1_dropout': 0.22996922618808294, 'L1_out_dim': 128, 'L2_hidden_dim': 256, 'L2_layers_atom': 2, 'L2_layers_mol': 3, 'L2_out_dim': 112, 'L2_dropout': 0.0373859301253595, 'L3_hidden_dim': 96, 'L3_layers_atom': 2, 'L3_layers_mol': 1, 'L3_out_dim': 96, 'L3_dropout': 0.019694057747737137, 'n_mlp_layers': 3, 'mlp_dim_0': 208, 'mlp_dim_1': 400, 'mlp_dim_2': 32, 'num_heads': 1, 'final_dropout': 0.10307756690102465, 'train_learning_rate': 0.0022391058806009866, 'train_lr_reduce': 0.6}. Best is trial 613 with value: 0.045173268765211105.
[I 2024-12-25 23:07:03,963] Trial 1158 finished with value: 0.05497046932578087 and parameters: {'L1_hidden_dim': 80, 'L1_layers_atom': 1, 'L1_layers_mol': 3, 'L1_dropout': 0.2607356922173145, 'L1_out_dim': 112, 'L2_hidden_dim': 224, 'L2_layers_atom': 1, 'L2_layers_mol': 4, 'L2_out_dim': 128, 'L2_dropout': 0.08417376846061363, 'L3_hidden_dim': 96, 'L3_layers_atom': 4, 'L3_layers_mol': 2, 'L3_out_dim': 96, 'L3_dropout': 0.29897732623067014, 'n_mlp_layers': 3, 'mlp_dim_0': 168, 'mlp_dim_1': 384, 'mlp_dim_2': 32, 'num_heads': 1, 'final_dropout': 0.0865029061759003, 'train_learning_rate': 0.0021589385648090576, 'train_lr_reduce': 0.6}. Best is trial 613 with value: 0.045173268765211105.
[I 2024-12-25 23:07:27,018] Trial 1160 finished with value: 0.1084805503487587 and parameters: {'L1_hidden_dim': 80, 'L1_layers_atom': 1, 'L1_layers_mol': 3, 'L1_dropout': 0.14860755070643433, 'L1_out_dim': 128, 'L2_hidden_dim': 208, 'L2_layers_atom': 2, 'L2_layers_mol': 1, 'L2_out_dim': 112, 'L2_dropout': 0.06895219328303451, 'L3_hidden_dim': 64, 'L3_layers_atom': 4, 'L3_layers_mol': 1, 'L3_out_dim': 128, 'L3_dropout': 0.25596390198484215, 'n_mlp_layers': 1, 'mlp_dim_0': 200, 'num_heads': 2, 'final_dropout': 0.0010898183704746676, 'train_learning_rate': 0.00573123469700815, 'train_lr_reduce': 0.6}. Best is trial 613 with value: 0.045173268765211105.
[I 2024-12-25 23:07:33,973] Trial 1161 finished with value: 0.09710122644901276 and parameters: {'L1_hidden_dim': 160, 'L1_layers_atom': 3, 'L1_layers_mol': 4, 'L1_dropout': 0.18113088886754347, 'L1_out_dim': 96, 'L2_hidden_dim': 192, 'L2_layers_atom': 2, 'L2_layers_mol': 3, 'L2_out_dim': 112, 'L2_dropout': 0.03421035507736067, 'L3_hidden_dim': 80, 'L3_layers_atom': 4, 'L3_layers_mol': 1, 'L3_out_dim': 96, 'L3_dropout': 0.17722434088620773, 'n_mlp_layers': 3, 'mlp_dim_0': 200, 'mlp_dim_1': 384, 'mlp_dim_2': 32, 'num_heads': 1, 'final_dropout': 0.08365081162763313, 'train_learning_rate': 0.003885166640272146, 'train_lr_reduce': 0.6}. Best is trial 613 with value: 0.045173268765211105.
[I 2024-12-25 23:08:06,323] Trial 1162 finished with value: 0.0772271528840065 and parameters: {'L1_hidden_dim': 64, 'L1_layers_atom': 3, 'L1_layers_mol': 3, 'L1_dropout': 0.23497771147352578, 'L1_out_dim': 128, 'L2_hidden_dim': 208, 'L2_layers_atom': 2, 'L2_layers_mol': 4, 'L2_out_dim': 112, 'L2_dropout': 0.09582559211555906, 'L3_hidden_dim': 96, 'L3_layers_atom': 4, 'L3_layers_mol': 2, 'L3_out_dim': 128, 'L3_dropout': 0.19425975257560368, 'n_mlp_layers': 3, 'mlp_dim_0': 360, 'mlp_dim_1': 368, 'mlp_dim_2': 48, 'num_heads': 1, 'final_dropout': 0.08231055834787088, 'train_learning_rate': 0.0026694747861955486, 'train_lr_reduce': 0.6}. Best is trial 613 with value: 0.045173268765211105.
[I 2024-12-25 23:08:33,797] Trial 1163 finished with value: 0.07564247399568558 and parameters: {'L1_hidden_dim': 96, 'L1_layers_atom': 1, 'L1_layers_mol': 3, 'L1_dropout': 0.2569189970425975, 'L1_out_dim': 80, 'L2_hidden_dim': 208, 'L2_layers_atom': 1, 'L2_layers_mol': 4, 'L2_out_dim': 112, 'L2_dropout': 0.06483206431221095, 'L3_hidden_dim': 112, 'L3_layers_atom': 4, 'L3_layers_mol': 3, 'L3_out_dim': 96, 'L3_dropout': 0.2651058423819272, 'n_mlp_layers': 3, 'mlp_dim_0': 216, 'mlp_dim_1': 368, 'mlp_dim_2': 64, 'num_heads': 1, 'final_dropout': 0.08936924943633093, 'train_learning_rate': 0.0017184764741457353, 'train_lr_reduce': 0.6}. Best is trial 613 with value: 0.045173268765211105.
[I 2024-12-25 23:08:54,685] Trial 1164 finished with value: 0.06427641957998276 and parameters: {'L1_hidden_dim': 80, 'L1_layers_atom': 1, 'L1_layers_mol': 2, 'L1_dropout': 0.2206275392760662, 'L1_out_dim': 112, 'L2_hidden_dim': 176, 'L2_layers_atom': 1, 'L2_layers_mol': 4, 'L2_out_dim': 112, 'L2_dropout': 0.07648900513511976, 'L3_hidden_dim': 80, 'L3_layers_atom': 3, 'L3_layers_mol': 2, 'L3_out_dim': 96, 'L3_dropout': 0.2952354429884697, 'n_mlp_layers': 3, 'mlp_dim_0': 224, 'mlp_dim_1': 376, 'mlp_dim_2': 32, 'num_heads': 1, 'final_dropout': 0.013333100468734621, 'train_learning_rate': 0.0022627606743440337, 'train_lr_reduce': 0.6}. Best is trial 613 with value: 0.045173268765211105.
[I 2024-12-25 23:09:34,981] Trial 1165 finished with value: 0.081419937312603 and parameters: {'L1_hidden_dim': 128, 'L1_layers_atom': 1, 'L1_layers_mol': 3, 'L1_dropout': 0.28554550120321304, 'L1_out_dim': 128, 'L2_hidden_dim': 224, 'L2_layers_atom': 2, 'L2_layers_mol': 4, 'L2_out_dim': 96, 'L2_dropout': 0.038525565543710776, 'L3_hidden_dim': 96, 'L3_layers_atom': 4, 'L3_layers_mol': 2, 'L3_out_dim': 96, 'L3_dropout': 0.23206517328640747, 'n_mlp_layers': 3, 'mlp_dim_0': 104, 'mlp_dim_1': 360, 'mlp_dim_2': 48, 'num_heads': 1, 'final_dropout': 0.05315606498869522, 'train_learning_rate': 0.0008816988199968575, 'train_lr_reduce': 0.6}. Best is trial 613 with value: 0.045173268765211105.
[I 2024-12-25 23:09:35,136] Trial 1166 finished with value: 0.081297367811203 and parameters: {'L1_hidden_dim': 96, 'L1_layers_atom': 1, 'L1_layers_mol': 4, 'L1_dropout': 0.25957911899861386, 'L1_out_dim': 112, 'L2_hidden_dim': 208, 'L2_layers_atom': 2, 'L2_layers_mol': 3, 'L2_out_dim': 112, 'L2_dropout': 0.08453052720431077, 'L3_hidden_dim': 96, 'L3_layers_atom': 3, 'L3_layers_mol': 2, 'L3_out_dim': 80, 'L3_dropout': 0.27522488781097715, 'n_mlp_layers': 3, 'mlp_dim_0': 208, 'mlp_dim_1': 368, 'mlp_dim_2': 40, 'num_heads': 1, 'final_dropout': 0.08475185226881195, 'train_learning_rate': 0.0030701826494610673, 'train_lr_reduce': 0.6}. Best is trial 613 with value: 0.045173268765211105.
[I 2024-12-25 23:10:24,181] Trial 1167 finished with value: 0.06976138055324554 and parameters: {'L1_hidden_dim': 80, 'L1_layers_atom': 2, 'L1_layers_mol': 3, 'L1_dropout': 0.2629472546395207, 'L1_out_dim': 112, 'L2_hidden_dim': 192, 'L2_layers_atom': 2, 'L2_layers_mol': 4, 'L2_out_dim': 128, 'L2_dropout': 0.15134496670673386, 'L3_hidden_dim': 96, 'L3_layers_atom': 4, 'L3_layers_mol': 2, 'L3_out_dim': 112, 'L3_dropout': 0.22863842653822725, 'n_mlp_layers': 3, 'mlp_dim_0': 120, 'mlp_dim_1': 384, 'mlp_dim_2': 32, 'num_heads': 1, 'final_dropout': 0.17571541785976105, 'train_learning_rate': 0.001728066350125565, 'train_lr_reduce': 0.6}. Best is trial 613 with value: 0.045173268765211105.
[I 2024-12-25 23:10:47,381] Trial 1168 finished with value: 0.07768473774194717 and parameters: {'L1_hidden_dim': 64, 'L1_layers_atom': 3, 'L1_layers_mol': 2, 'L1_dropout': 0.2316977281136296, 'L1_out_dim': 32, 'L2_hidden_dim': 176, 'L2_layers_atom': 3, 'L2_layers_mol': 2, 'L2_out_dim': 48, 'L2_dropout': 0.09402434441951177, 'L3_hidden_dim': 80, 'L3_layers_atom': 3, 'L3_layers_mol': 3, 'L3_out_dim': 80, 'L3_dropout': 0.055367500825518196, 'n_mlp_layers': 3, 'mlp_dim_0': 448, 'mlp_dim_1': 368, 'mlp_dim_2': 32, 'num_heads': 1, 'final_dropout': 0.11069459668437445, 'train_learning_rate': 0.0011956016502340148, 'train_lr_reduce': 0.6}. Best is trial 613 with value: 0.045173268765211105.
[I 2024-12-25 23:11:13,166] Trial 1169 finished with value: 0.09031786024570465 and parameters: {'L1_hidden_dim': 80, 'L1_layers_atom': 2, 'L1_layers_mol': 3, 'L1_dropout': 0.2687877301353251, 'L1_out_dim': 112, 'L2_hidden_dim': 144, 'L2_layers_atom': 1, 'L2_layers_mol': 4, 'L2_out_dim': 128, 'L2_dropout': 0.05788448797903197, 'L3_hidden_dim': 112, 'L3_layers_atom': 3, 'L3_layers_mol': 2, 'L3_out_dim': 112, 'L3_dropout': 0.21598211217702026, 'n_mlp_layers': 3, 'mlp_dim_0': 296, 'mlp_dim_1': 400, 'mlp_dim_2': 32, 'num_heads': 1, 'final_dropout': 0.11368724518694814, 'train_learning_rate': 0.0009490874677661341, 'train_lr_reduce': 0.6}. Best is trial 613 with value: 0.045173268765211105.
[I 2024-12-25 23:11:48,828] Trial 1171 finished with value: 0.07948262989521027 and parameters: {'L1_hidden_dim': 96, 'L1_layers_atom': 3, 'L1_layers_mol': 2, 'L1_dropout': 0.24431414924743317, 'L1_out_dim': 128, 'L2_hidden_dim': 160, 'L2_layers_atom': 1, 'L2_layers_mol': 4, 'L2_out_dim': 112, 'L2_dropout': 0.15260029713992596, 'L3_hidden_dim': 80, 'L3_layers_atom': 4, 'L3_layers_mol': 2, 'L3_out_dim': 128, 'L3_dropout': 0.2615758515153392, 'n_mlp_layers': 3, 'mlp_dim_0': 184, 'mlp_dim_1': 344, 'mlp_dim_2': 56, 'num_heads': 1, 'final_dropout': 0.10904555862316191, 'train_learning_rate': 0.002584720587347945, 'train_lr_reduce': 0.6}. Best is trial 613 with value: 0.045173268765211105.
[I 2024-12-25 23:12:01,001] Trial 1170 finished with value: 0.10073363035917282 and parameters: {'L1_hidden_dim': 80, 'L1_layers_atom': 1, 'L1_layers_mol': 3, 'L1_dropout': 0.17470826131905187, 'L1_out_dim': 64, 'L2_hidden_dim': 224, 'L2_layers_atom': 2, 'L2_layers_mol': 4, 'L2_out_dim': 112, 'L2_dropout': 0.08451164938400683, 'L3_hidden_dim': 96, 'L3_layers_atom': 4, 'L3_layers_mol': 1, 'L3_out_dim': 96, 'L3_dropout': 0.2776572452106559, 'n_mlp_layers': 2, 'mlp_dim_0': 184, 'mlp_dim_1': 400, 'num_heads': 1, 'final_dropout': 0.08291726729242256, 'train_learning_rate': 0.003563683646840489, 'train_lr_reduce': 0.6}. Best is trial 613 with value: 0.045173268765211105.
[I 2024-12-25 23:12:53,327] Trial 1172 finished with value: 0.1393643617630005 and parameters: {'L1_hidden_dim': 112, 'L1_layers_atom': 3, 'L1_layers_mol': 1, 'L1_dropout': 0.10930548900481427, 'L1_out_dim': 96, 'L2_hidden_dim': 240, 'L2_layers_atom': 2, 'L2_layers_mol': 4, 'L2_out_dim': 128, 'L2_dropout': 0.1325163881598141, 'L3_hidden_dim': 112, 'L3_layers_atom': 3, 'L3_layers_mol': 4, 'L3_out_dim': 128, 'L3_dropout': 0.2494540917603022, 'n_mlp_layers': 2, 'mlp_dim_0': 312, 'mlp_dim_1': 352, 'num_heads': 1, 'final_dropout': 0.2524599923838853, 'train_learning_rate': 0.0004147894193999237, 'train_lr_reduce': 0.6}. Best is trial 613 with value: 0.045173268765211105.
[I 2024-12-25 23:13:27,693] Trial 1174 finished with value: 0.06611372530460358 and parameters: {'L1_hidden_dim': 112, 'L1_layers_atom': 4, 'L1_layers_mol': 3, 'L1_dropout': 0.11057399507920172, 'L1_out_dim': 112, 'L2_hidden_dim': 224, 'L2_layers_atom': 2, 'L2_layers_mol': 4, 'L2_out_dim': 64, 'L2_dropout': 0.008026704474395154, 'L3_hidden_dim': 80, 'L3_layers_atom': 3, 'L3_layers_mol': 2, 'L3_out_dim': 112, 'L3_dropout': 0.01595060738915119, 'n_mlp_layers': 2, 'mlp_dim_0': 280, 'mlp_dim_1': 344, 'num_heads': 1, 'final_dropout': 0.13368733324050702, 'train_learning_rate': 0.0010685745503714416, 'train_lr_reduce': 0.6}. Best is trial 613 with value: 0.045173268765211105.
[I 2024-12-25 23:13:55,296] Trial 1173 finished with value: 0.07499520480632782 and parameters: {'L1_hidden_dim': 96, 'L1_layers_atom': 4, 'L1_layers_mol': 3, 'L1_dropout': 0.25671533155222476, 'L1_out_dim': 32, 'L2_hidden_dim': 224, 'L2_layers_atom': 3, 'L2_layers_mol': 3, 'L2_out_dim': 32, 'L2_dropout': 0.07573279634183579, 'L3_hidden_dim': 80, 'L3_layers_atom': 4, 'L3_layers_mol': 3, 'L3_out_dim': 64, 'L3_dropout': 0.030457413279118724, 'n_mlp_layers': 3, 'mlp_dim_0': 424, 'mlp_dim_1': 408, 'mlp_dim_2': 32, 'num_heads': 1, 'final_dropout': 0.20672841356788957, 'train_learning_rate': 0.0008063049027733618, 'train_lr_reduce': 0.6}. Best is trial 613 with value: 0.045173268765211105.
[I 2024-12-25 23:14:02,001] Trial 1175 finished with value: 0.0718793123960495 and parameters: {'L1_hidden_dim': 64, 'L1_layers_atom': 4, 'L1_layers_mol': 2, 'L1_dropout': 0.2572133688485948, 'L1_out_dim': 96, 'L2_hidden_dim': 208, 'L2_layers_atom': 4, 'L2_layers_mol': 1, 'L2_out_dim': 128, 'L2_dropout': 0.008886849927461603, 'L3_hidden_dim': 80, 'L3_layers_atom': 3, 'L3_layers_mol': 1, 'L3_out_dim': 48, 'L3_dropout': 0.27614563958618243, 'n_mlp_layers': 2, 'mlp_dim_0': 40, 'mlp_dim_1': 408, 'num_heads': 1, 'final_dropout': 0.12007693914910071, 'train_learning_rate': 0.0020409414343416465, 'train_lr_reduce': 0.6}. Best is trial 613 with value: 0.045173268765211105.
[I 2024-12-25 23:15:01,012] Trial 1176 finished with value: 0.15589846670627594 and parameters: {'L1_hidden_dim': 144, 'L1_layers_atom': 2, 'L1_layers_mol': 3, 'L1_dropout': 0.19479701125768722, 'L1_out_dim': 112, 'L2_hidden_dim': 208, 'L2_layers_atom': 1, 'L2_layers_mol': 3, 'L2_out_dim': 96, 'L2_dropout': 0.15301695382803693, 'L3_hidden_dim': 96, 'L3_layers_atom': 4, 'L3_layers_mol': 2, 'L3_out_dim': 80, 'L3_dropout': 0.29848699232677683, 'n_mlp_layers': 2, 'mlp_dim_0': 168, 'mlp_dim_1': 360, 'num_heads': 2, 'final_dropout': 0.1319271714873659, 'train_learning_rate': 0.0072263069820953825, 'train_lr_reduce': 0.6}. Best is trial 613 with value: 0.045173268765211105.
[I 2024-12-25 23:15:05,852] Trial 1177 finished with value: 0.10225789248943329 and parameters: {'L1_hidden_dim': 64, 'L1_layers_atom': 1, 'L1_layers_mol': 3, 'L1_dropout': 0.23137406032122407, 'L1_out_dim': 112, 'L2_hidden_dim': 208, 'L2_layers_atom': 1, 'L2_layers_mol': 4, 'L2_out_dim': 128, 'L2_dropout': 0.0706854471433975, 'L3_hidden_dim': 80, 'L3_layers_atom': 4, 'L3_layers_mol': 4, 'L3_out_dim': 80, 'L3_dropout': 0.24145716979035994, 'n_mlp_layers': 2, 'mlp_dim_0': 128, 'mlp_dim_1': 416, 'num_heads': 2, 'final_dropout': 0.1691829376158301, 'train_learning_rate': 0.0028234537130555682, 'train_lr_reduce': 0.6}. Best is trial 613 with value: 0.045173268765211105.
[I 2024-12-25 23:15:19,902] Trial 1179 finished with value: 0.8011002540588379 and parameters: {'L1_hidden_dim': 160, 'L1_layers_atom': 1, 'L1_layers_mol': 3, 'L1_dropout': 0.26140889786679494, 'L1_out_dim': 112, 'L2_hidden_dim': 208, 'L2_layers_atom': 1, 'L2_layers_mol': 4, 'L2_out_dim': 128, 'L2_dropout': 0.07777863048503444, 'L3_hidden_dim': 80, 'L3_layers_atom': 3, 'L3_layers_mol': 3, 'L3_out_dim': 96, 'L3_dropout': 0.230767501347201, 'n_mlp_layers': 3, 'mlp_dim_0': 128, 'mlp_dim_1': 424, 'mlp_dim_2': 40, 'num_heads': 1, 'final_dropout': 0.08605711512178249, 'train_learning_rate': 0.00668075127065253, 'train_lr_reduce': 0.6}. Best is trial 613 with value: 0.045173268765211105.
[I 2024-12-25 23:16:10,427] Trial 1178 finished with value: 0.09234050661325455 and parameters: {'L1_hidden_dim': 80, 'L1_layers_atom': 4, 'L1_layers_mol': 3, 'L1_dropout': 0.19194913994938037, 'L1_out_dim': 128, 'L2_hidden_dim': 256, 'L2_layers_atom': 3, 'L2_layers_mol': 3, 'L2_out_dim': 128, 'L2_dropout': 0.02631324953167179, 'L3_hidden_dim': 112, 'L3_layers_atom': 2, 'L3_layers_mol': 1, 'L3_out_dim': 128, 'L3_dropout': 0.05300726906503615, 'n_mlp_layers': 3, 'mlp_dim_0': 448, 'mlp_dim_1': 352, 'mlp_dim_2': 40, 'num_heads': 1, 'final_dropout': 0.07358168926376946, 'train_learning_rate': 0.0011188634644605478, 'train_lr_reduce': 0.6}. Best is trial 613 with value: 0.045173268765211105.
[I 2024-12-25 23:16:26,518] Trial 1180 finished with value: 0.09997351467609406 and parameters: {'L1_hidden_dim': 80, 'L1_layers_atom': 1, 'L1_layers_mol': 3, 'L1_dropout': 0.1702648257116699, 'L1_out_dim': 112, 'L2_hidden_dim': 224, 'L2_layers_atom': 1, 'L2_layers_mol': 4, 'L2_out_dim': 128, 'L2_dropout': 0.10490337126701488, 'L3_hidden_dim': 80, 'L3_layers_atom': 3, 'L3_layers_mol': 1, 'L3_out_dim': 112, 'L3_dropout': 0.27853185378642664, 'n_mlp_layers': 3, 'mlp_dim_0': 248, 'mlp_dim_1': 384, 'mlp_dim_2': 32, 'num_heads': 1, 'final_dropout': 0.10209453219748463, 'train_learning_rate': 0.0006387911647447836, 'train_lr_reduce': 0.6}. Best is trial 613 with value: 0.045173268765211105.
[I 2024-12-25 23:16:36,011] Trial 1181 finished with value: 0.07029686868190765 and parameters: {'L1_hidden_dim': 96, 'L1_layers_atom': 1, 'L1_layers_mol': 3, 'L1_dropout': 0.24029914442855133, 'L1_out_dim': 112, 'L2_hidden_dim': 224, 'L2_layers_atom': 2, 'L2_layers_mol': 4, 'L2_out_dim': 128, 'L2_dropout': 0.045438506714833404, 'L3_hidden_dim': 64, 'L3_layers_atom': 4, 'L3_layers_mol': 2, 'L3_out_dim': 80, 'L3_dropout': 0.2529573609416198, 'n_mlp_layers': 3, 'mlp_dim_0': 248, 'mlp_dim_1': 432, 'mlp_dim_2': 32, 'num_heads': 2, 'final_dropout': 0.14624748900620807, 'train_learning_rate': 0.0017157291196585947, 'train_lr_reduce': 0.6}. Best is trial 613 with value: 0.045173268765211105.
[I 2024-12-25 23:17:32,541] Trial 1183 finished with value: 0.0991208478808403 and parameters: {'L1_hidden_dim': 96, 'L1_layers_atom': 1, 'L1_layers_mol': 3, 'L1_dropout': 0.23894565337419804, 'L1_out_dim': 112, 'L2_hidden_dim': 256, 'L2_layers_atom': 1, 'L2_layers_mol': 4, 'L2_out_dim': 128, 'L2_dropout': 0.16786248333020276, 'L3_hidden_dim': 96, 'L3_layers_atom': 3, 'L3_layers_mol': 3, 'L3_out_dim': 80, 'L3_dropout': 0.28454882095156514, 'n_mlp_layers': 3, 'mlp_dim_0': 256, 'mlp_dim_1': 400, 'mlp_dim_2': 88, 'num_heads': 1, 'final_dropout': 0.15635462950305232, 'train_learning_rate': 0.003069677927976514, 'train_lr_reduce': 0.6}. Best is trial 613 with value: 0.045173268765211105.
