[I 2024-12-04 17:55:36,786] Trial 1559 finished with value: 0.31495538923474853 and parameters: {'n_estimators': 893, 'max_depth': 6, 'learning_rate': 0.0747103324998675, 'subsample': 0.7699133941714995, 'colsample_bytree': 0.7203884213547551, 'min_child_weight': 2, 'gamma': 0.0007516292525040733, 'reg_alpha': 0.00010815728595990686, 'reg_lambda': 0.014780917499153461}. Best is trial 1319 with value: 0.30197738672869706.
[I 2024-12-04 17:55:38,164] Trial 1560 finished with value: 0.31555805298046935 and parameters: {'n_estimators': 901, 'max_depth': 6, 'learning_rate': 0.07460759060737582, 'subsample': 0.7691186381375377, 'colsample_bytree': 0.7203008910139304, 'min_child_weight': 2, 'gamma': 0.0007928422966167376, 'reg_alpha': 0.0001117395895018519, 'reg_lambda': 0.015126331608762495}. Best is trial 1319 with value: 0.30197738672869706.
[I 2024-12-04 17:55:39,587] Trial 1561 finished with value: 0.31959548538020865 and parameters: {'n_estimators': 894, 'max_depth': 6, 'learning_rate': 0.07412709525160187, 'subsample': 0.7702540135293714, 'colsample_bytree': 0.7217695959493547, 'min_child_weight': 2, 'gamma': 0.0007464018143599567, 'reg_alpha': 9.990229883294764e-05, 'reg_lambda': 0.014040805321240388}. Best is trial 1319 with value: 0.30197738672869706.
[I 2024-12-04 17:55:41,037] Trial 1562 finished with value: 0.31118845734170325 and parameters: {'n_estimators': 896, 'max_depth': 6, 'learning_rate': 0.07445910512376577, 'subsample': 0.7689659652912365, 'colsample_bytree': 0.7205025375424622, 'min_child_weight': 2, 'gamma': 0.0007801803831758832, 'reg_alpha': 0.00011423736683567037, 'reg_lambda': 0.014228367915855855}. Best is trial 1319 with value: 0.30197738672869706.
[I 2024-12-04 17:55:42,441] Trial 1563 finished with value: 0.30988724172712157 and parameters: {'n_estimators': 901, 'max_depth': 6, 'learning_rate': 0.07464642396909399, 'subsample': 0.7690155014351795, 'colsample_bytree': 0.7209998851110119, 'min_child_weight': 2, 'gamma': 0.0007709562692458273, 'reg_alpha': 0.00012374987522321162, 'reg_lambda': 0.013692163778454025}. Best is trial 1319 with value: 0.30197738672869706.
[I 2024-12-04 17:55:43,858] Trial 1564 finished with value: 0.32194118961742224 and parameters: {'n_estimators': 896, 'max_depth': 6, 'learning_rate': 0.0740447414915261, 'subsample': 0.7708580144125553, 'colsample_bytree': 0.7224254579865428, 'min_child_weight': 2, 'gamma': 0.0007526207779064337, 'reg_alpha': 0.00010894270787059205, 'reg_lambda': 0.014442501040994819}. Best is trial 1319 with value: 0.30197738672869706.
[I 2024-12-04 17:55:45,286] Trial 1565 finished with value: 0.3186266934872774 and parameters: {'n_estimators': 900, 'max_depth': 6, 'learning_rate': 0.07481042917743377, 'subsample': 0.7699116892827138, 'colsample_bytree': 0.7205418262932778, 'min_child_weight': 2, 'gamma': 0.0008043528911771519, 'reg_alpha': 0.00010677689239693819, 'reg_lambda': 0.015463327880731641}. Best is trial 1319 with value: 0.30197738672869706.
[I 2024-12-04 17:55:46,712] Trial 1566 finished with value: 0.3178226376340591 and parameters: {'n_estimators': 898, 'max_depth': 6, 'learning_rate': 0.07510257404930619, 'subsample': 0.7690960745106546, 'colsample_bytree': 0.7213394512636979, 'min_child_weight': 2, 'gamma': 0.0007837608347991734, 'reg_alpha': 0.00011961035773391861, 'reg_lambda': 0.015363241631142251}. Best is trial 1319 with value: 0.30197738672869706.
[I 2024-12-04 17:55:48,119] Trial 1567 finished with value: 0.31260351367021344 and parameters: {'n_estimators': 895, 'max_depth': 6, 'learning_rate': 0.07489198573318068, 'subsample': 0.7697152202117528, 'colsample_bytree': 0.7214699449650201, 'min_child_weight': 2, 'gamma': 0.0007969304639992664, 'reg_alpha': 0.0001282242018337296, 'reg_lambda': 0.015191595063538116}. Best is trial 1319 with value: 0.30197738672869706.
[I 2024-12-04 17:55:49,531] Trial 1568 finished with value: 0.3168201734871908 and parameters: {'n_estimators': 894, 'max_depth': 6, 'learning_rate': 0.0744049177738605, 'subsample': 0.7694166674180708, 'colsample_bytree': 0.7223191282437063, 'min_child_weight': 2, 'gamma': 0.0007763799198554021, 'reg_alpha': 0.00011534638473555132, 'reg_lambda': 0.014094336408482936}. Best is trial 1319 with value: 0.30197738672869706.
[I 2024-12-04 17:55:51,007] Trial 1569 finished with value: 0.3134505890271297 and parameters: {'n_estimators': 903, 'max_depth': 6, 'learning_rate': 0.07511804501700474, 'subsample': 0.769654273994194, 'colsample_bytree': 0.7213666555284232, 'min_child_weight': 2, 'gamma': 0.0008066998148333826, 'reg_alpha': 0.00012110148291917319, 'reg_lambda': 0.014968736477436812}. Best is trial 1319 with value: 0.30197738672869706.
[I 2024-12-04 17:55:52,401] Trial 1570 finished with value: 0.3144514661191577 and parameters: {'n_estimators': 896, 'max_depth': 6, 'learning_rate': 0.07367426903943938, 'subsample': 0.7689105933198477, 'colsample_bytree': 0.7204128536598147, 'min_child_weight': 2, 'gamma': 0.0008005594032861247, 'reg_alpha': 0.00011283003293277972, 'reg_lambda': 0.01293964480118652}. Best is trial 1319 with value: 0.30197738672869706.
[I 2024-12-04 17:55:53,815] Trial 1571 finished with value: 0.3166925259056777 and parameters: {'n_estimators': 898, 'max_depth': 6, 'learning_rate': 0.07463016383813181, 'subsample': 0.7683428861927788, 'colsample_bytree': 0.7201493932598192, 'min_child_weight': 2, 'gamma': 0.0007441591103013822, 'reg_alpha': 0.0001200957895425398, 'reg_lambda': 0.013705786461700266}. Best is trial 1319 with value: 0.30197738672869706.
[I 2024-12-04 17:55:55,201] Trial 1572 finished with value: 0.30985913465715037 and parameters: {'n_estimators': 901, 'max_depth': 6, 'learning_rate': 0.07407201564541425, 'subsample': 0.7701957909554781, 'colsample_bytree': 0.7208712213151942, 'min_child_weight': 2, 'gamma': 0.0008005667570355204, 'reg_alpha': 0.00011865777717131859, 'reg_lambda': 0.013395323400880038}. Best is trial 1319 with value: 0.30197738672869706.
[I 2024-12-04 17:55:56,581] Trial 1573 finished with value: 0.30874307359886344 and parameters: {'n_estimators': 899, 'max_depth': 6, 'learning_rate': 0.07504194633011592, 'subsample': 0.769145961037392, 'colsample_bytree': 0.7204111621803108, 'min_child_weight': 2, 'gamma': 0.0007613364428687025, 'reg_alpha': 0.0001321882856508302, 'reg_lambda': 0.013731466919516377}. Best is trial 1319 with value: 0.30197738672869706.
[I 2024-12-04 17:55:57,944] Trial 1574 finished with value: 0.31945006271386966 and parameters: {'n_estimators': 898, 'max_depth': 6, 'learning_rate': 0.07390124434041025, 'subsample': 0.7697420608409837, 'colsample_bytree': 0.7218713367132537, 'min_child_weight': 2, 'gamma': 0.0007735496313026905, 'reg_alpha': 0.00011784120802164352, 'reg_lambda': 0.013645229754538194}. Best is trial 1319 with value: 0.30197738672869706.
[I 2024-12-04 17:55:59,324] Trial 1575 finished with value: 0.31816076180185504 and parameters: {'n_estimators': 889, 'max_depth': 6, 'learning_rate': 0.07455480746841131, 'subsample': 0.7699200441437459, 'colsample_bytree': 0.7221129870190256, 'min_child_weight': 2, 'gamma': 0.0007585847572146558, 'reg_alpha': 0.00011853334164909271, 'reg_lambda': 0.013640417486972752}. Best is trial 1319 with value: 0.30197738672869706.
[I 2024-12-04 17:56:00,747] Trial 1576 finished with value: 0.3114481748743543 and parameters: {'n_estimators': 894, 'max_depth': 6, 'learning_rate': 0.07486251996034797, 'subsample': 0.7684777310717769, 'colsample_bytree': 0.7216867055348491, 'min_child_weight': 2, 'gamma': 0.0007340429923050813, 'reg_alpha': 0.00012640484334160487, 'reg_lambda': 0.014982926358028253}. Best is trial 1319 with value: 0.30197738672869706.
[I 2024-12-04 17:56:02,124] Trial 1577 finished with value: 0.3130119079305718 and parameters: {'n_estimators': 899, 'max_depth': 6, 'learning_rate': 0.07527711090608814, 'subsample': 0.7686082615446066, 'colsample_bytree': 0.7214955772109326, 'min_child_weight': 2, 'gamma': 0.0007839774453405592, 'reg_alpha': 0.00012240379630181714, 'reg_lambda': 0.015432546607113809}. Best is trial 1319 with value: 0.30197738672869706.
[I 2024-12-04 17:56:03,524] Trial 1578 finished with value: 0.3118365732066583 and parameters: {'n_estimators': 897, 'max_depth': 6, 'learning_rate': 0.07523879949239883, 'subsample': 0.7685775636402393, 'colsample_bytree': 0.7215902645462365, 'min_child_weight': 2, 'gamma': 0.0007395432044725398, 'reg_alpha': 0.0001245330308075148, 'reg_lambda': 0.014015208546196208}. Best is trial 1319 with value: 0.30197738672869706.
[I 2024-12-04 17:56:04,995] Trial 1579 finished with value: 0.3176949542725348 and parameters: {'n_estimators': 898, 'max_depth': 6, 'learning_rate': 0.07416640463427679, 'subsample': 0.768855194195096, 'colsample_bytree': 0.7208156297256111, 'min_child_weight': 2, 'gamma': 0.0007779683695256996, 'reg_alpha': 0.00012754919163704645, 'reg_lambda': 0.013055782311563978}. Best is trial 1319 with value: 0.30197738672869706.
[I 2024-12-04 17:56:06,587] Trial 1580 finished with value: 0.32281690360065174 and parameters: {'n_estimators': 897, 'max_depth': 6, 'learning_rate': 0.07380098955968296, 'subsample': 0.7710004685793007, 'colsample_bytree': 0.7217376870715232, 'min_child_weight': 2, 'gamma': 0.0007649274869725544, 'reg_alpha': 0.00010835035672977596, 'reg_lambda': 0.013118307248852464}. Best is trial 1319 with value: 0.30197738672869706.
[I 2024-12-04 17:56:07,972] Trial 1581 finished with value: 0.316320274178559 and parameters: {'n_estimators': 892, 'max_depth': 6, 'learning_rate': 0.07510913400686123, 'subsample': 0.7693152757026576, 'colsample_bytree': 0.7211236979980802, 'min_child_weight': 2, 'gamma': 0.0007871999526736841, 'reg_alpha': 0.0001361300349972722, 'reg_lambda': 0.014350304758346739}. Best is trial 1319 with value: 0.30197738672869706.
[I 2024-12-04 17:56:09,374] Trial 1582 finished with value: 0.31946454667512025 and parameters: {'n_estimators': 904, 'max_depth': 6, 'learning_rate': 0.07558473896443418, 'subsample': 0.7683405417948634, 'colsample_bytree': 0.7200157405073453, 'min_child_weight': 2, 'gamma': 0.0007549750622849328, 'reg_alpha': 0.00013084308551778438, 'reg_lambda': 0.015236391250634399}. Best is trial 1319 with value: 0.30197738672869706.
[I 2024-12-04 17:56:10,782] Trial 1583 finished with value: 0.3149642563889376 and parameters: {'n_estimators': 895, 'max_depth': 6, 'learning_rate': 0.07527750987493333, 'subsample': 0.7692884846351155, 'colsample_bytree': 0.7209304255654492, 'min_child_weight': 2, 'gamma': 0.0007378994007253461, 'reg_alpha': 0.00013898123635069383, 'reg_lambda': 0.013765661619618933}. Best is trial 1319 with value: 0.30197738672869706.
[I 2024-12-04 17:56:12,179] Trial 1584 finished with value: 0.31194367634289716 and parameters: {'n_estimators': 903, 'max_depth': 6, 'learning_rate': 0.07437748568629692, 'subsample': 0.7693396244167847, 'colsample_bytree': 0.7198748784346343, 'min_child_weight': 2, 'gamma': 0.000772930286633091, 'reg_alpha': 0.0001173399416239391, 'reg_lambda': 0.014583176683435475}. Best is trial 1319 with value: 0.30197738672869706.
[I 2024-12-04 17:56:13,768] Trial 1585 finished with value: 0.31625082264431864 and parameters: {'n_estimators': 903, 'max_depth': 6, 'learning_rate': 0.07430962653379243, 'subsample': 0.769609183983543, 'colsample_bytree': 0.7197027432291765, 'min_child_weight': 2, 'gamma': 0.0007433498094442538, 'reg_alpha': 0.00012748197656005578, 'reg_lambda': 0.013337622729693554}. Best is trial 1319 with value: 0.30197738672869706.
[I 2024-12-04 17:56:15,152] Trial 1586 finished with value: 0.3109522296527764 and parameters: {'n_estimators': 898, 'max_depth': 6, 'learning_rate': 0.07466904576616981, 'subsample': 0.7692070398597693, 'colsample_bytree': 0.7214916070528185, 'min_child_weight': 2, 'gamma': 0.000750102869602429, 'reg_alpha': 0.00011976972050921289, 'reg_lambda': 0.014118855841240755}. Best is trial 1319 with value: 0.30197738672869706.
[I 2024-12-04 17:56:16,532] Trial 1587 finished with value: 0.3134737180650472 and parameters: {'n_estimators': 897, 'max_depth': 6, 'learning_rate': 0.07507657661063215, 'subsample': 0.7688718951734425, 'colsample_bytree': 0.7202600900684233, 'min_child_weight': 2, 'gamma': 0.0007924967650711803, 'reg_alpha': 0.00014959139026762152, 'reg_lambda': 0.013870721994898883}. Best is trial 1319 with value: 0.30197738672869706.
[I 2024-12-04 17:56:17,909] Trial 1588 finished with value: 0.31071269474770935 and parameters: {'n_estimators': 902, 'max_depth': 6, 'learning_rate': 0.07496131704348685, 'subsample': 0.7682871734293345, 'colsample_bytree': 0.7207046895140314, 'min_child_weight': 2, 'gamma': 0.0007731382053157313, 'reg_alpha': 0.00013021956082264014, 'reg_lambda': 0.014499972507854869}. Best is trial 1319 with value: 0.30197738672869706.
[I 2024-12-04 17:56:19,574] Trial 1589 finished with value: 0.31069431961105964 and parameters: {'n_estimators': 904, 'max_depth': 6, 'learning_rate': 0.07467671332292755, 'subsample': 0.7687540690256895, 'colsample_bytree': 0.7209472392432388, 'min_child_weight': 2, 'gamma': 0.0007580752793218388, 'reg_alpha': 0.00011356602110056349, 'reg_lambda': 0.014523257293264683}. Best is trial 1319 with value: 0.30197738672869706.
[I 2024-12-04 17:56:20,950] Trial 1590 finished with value: 0.3213752827597082 and parameters: {'n_estimators': 903, 'max_depth': 6, 'learning_rate': 0.07440241272525967, 'subsample': 0.7687549153844916, 'colsample_bytree': 0.7206073371037919, 'min_child_weight': 2, 'gamma': 0.0007631688187066658, 'reg_alpha': 0.00012192335043200388, 'reg_lambda': 0.014053623273382946}. Best is trial 1319 with value: 0.30197738672869706.
[I 2024-12-04 17:56:22,333] Trial 1591 finished with value: 0.31408918005406117 and parameters: {'n_estimators': 898, 'max_depth': 6, 'learning_rate': 0.07494470894410941, 'subsample': 0.7685811349466197, 'colsample_bytree': 0.7222745906378326, 'min_child_weight': 2, 'gamma': 0.0007745469662077608, 'reg_alpha': 0.00012731841911385895, 'reg_lambda': 0.014710866510555887}. Best is trial 1319 with value: 0.30197738672869706.
[I 2024-12-04 17:56:23,943] Trial 1592 finished with value: 0.3134156415271125 and parameters: {'n_estimators': 904, 'max_depth': 6, 'learning_rate': 0.07482506913555073, 'subsample': 0.7680265575581926, 'colsample_bytree': 0.7200563013596162, 'min_child_weight': 2, 'gamma': 0.0007743674198302078, 'reg_alpha': 0.00012624495693617263, 'reg_lambda': 0.013531256210115389}. Best is trial 1319 with value: 0.30197738672869706.
[I 2024-12-04 17:56:25,324] Trial 1593 finished with value: 0.31747725002093946 and parameters: {'n_estimators': 896, 'max_depth': 6, 'learning_rate': 0.07504841134903151, 'subsample': 0.7685171802146022, 'colsample_bytree': 0.7219459505326339, 'min_child_weight': 2, 'gamma': 0.0007707350316442362, 'reg_alpha': 0.0001196082781733981, 'reg_lambda': 0.014842656260435723}. Best is trial 1319 with value: 0.30197738672869706.
[I 2024-12-04 17:56:26,928] Trial 1594 finished with value: 0.3247043976716584 and parameters: {'n_estimators': 903, 'max_depth': 6, 'learning_rate': 0.07487839517256567, 'subsample': 0.7681988996061653, 'colsample_bytree': 0.7218172347505643, 'min_child_weight': 2, 'gamma': 0.0007397596221229215, 'reg_alpha': 0.00014219668994652323, 'reg_lambda': 0.014009055281270147}. Best is trial 1319 with value: 0.30197738672869706.
[I 2024-12-04 17:56:28,620] Trial 1595 finished with value: 0.3110317015151802 and parameters: {'n_estimators': 898, 'max_depth': 6, 'learning_rate': 0.07519915325638354, 'subsample': 0.769481946608686, 'colsample_bytree': 0.7212625824555058, 'min_child_weight': 2, 'gamma': 0.0008025309929880134, 'reg_alpha': 0.00013500574771335765, 'reg_lambda': 0.014203824480560909}. Best is trial 1319 with value: 0.30197738672869706.
[I 2024-12-04 17:56:30,502] Trial 1596 finished with value: 0.3199488813336276 and parameters: {'n_estimators': 900, 'max_depth': 6, 'learning_rate': 0.07488505317697786, 'subsample': 0.7682934359901583, 'colsample_bytree': 0.7225965358289266, 'min_child_weight': 2, 'gamma': 0.0007428177240161446, 'reg_alpha': 0.00011757448549474146, 'reg_lambda': 0.015421852688862788}. Best is trial 1319 with value: 0.30197738672869706.
[I 2024-12-04 17:56:31,979] Trial 1597 finished with value: 0.3105330551768691 and parameters: {'n_estimators': 902, 'max_depth': 6, 'learning_rate': 0.07504076323732192, 'subsample': 0.7693620550279625, 'colsample_bytree': 0.7190993806591652, 'min_child_weight': 2, 'gamma': 0.0007743693116465297, 'reg_alpha': 0.00013588285619630131, 'reg_lambda': 0.013840468540826075}. Best is trial 1319 with value: 0.30197738672869706.
[I 2024-12-04 17:56:33,555] Trial 1598 finished with value: 0.3126142645908629 and parameters: {'n_estimators': 896, 'max_depth': 6, 'learning_rate': 0.07456067333488613, 'subsample': 0.7691151468335078, 'colsample_bytree': 0.7207586394891184, 'min_child_weight': 2, 'gamma': 0.0008015803941327166, 'reg_alpha': 0.00013136639201371313, 'reg_lambda': 0.013863543957358877}. Best is trial 1319 with value: 0.30197738672869706.
[I 2024-12-04 17:56:35,070] Trial 1599 finished with value: 0.313185847767044 and parameters: {'n_estimators': 901, 'max_depth': 6, 'learning_rate': 0.07464892192546156, 'subsample': 0.7698936986859144, 'colsample_bytree': 0.7197628940338624, 'min_child_weight': 2, 'gamma': 0.0007940164720111212, 'reg_alpha': 0.00012671002330124343, 'reg_lambda': 0.01431385610273301}. Best is trial 1319 with value: 0.30197738672869706.
[I 2024-12-04 17:56:36,484] Trial 1600 finished with value: 0.31270756491018287 and parameters: {'n_estimators': 903, 'max_depth': 6, 'learning_rate': 0.07488514600047767, 'subsample': 0.7695408452312923, 'colsample_bytree': 0.7199638632070028, 'min_child_weight': 2, 'gamma': 0.0007661018079765425, 'reg_alpha': 0.0001216030549956532, 'reg_lambda': 0.014749706889913977}. Best is trial 1319 with value: 0.30197738672869706.
[I 2024-12-04 17:56:37,944] Trial 1601 finished with value: 0.3131009699195768 and parameters: {'n_estimators': 900, 'max_depth': 6, 'learning_rate': 0.07457591397342204, 'subsample': 0.7696976723683534, 'colsample_bytree': 0.7188848153698498, 'min_child_weight': 2, 'gamma': 0.0008243707258546543, 'reg_alpha': 0.00013025400148742913, 'reg_lambda': 0.014732305325946516}. Best is trial 1319 with value: 0.30197738672869706.
[I 2024-12-04 17:56:39,388] Trial 1602 finished with value: 0.3079044323639731 and parameters: {'n_estimators': 900, 'max_depth': 6, 'learning_rate': 0.0745471623064126, 'subsample': 0.7694807825243583, 'colsample_bytree': 0.7201693205962437, 'min_child_weight': 2, 'gamma': 0.0007913536732574248, 'reg_alpha': 0.0001255200584088639, 'reg_lambda': 0.013366962057238925}. Best is trial 1319 with value: 0.30197738672869706.
[I 2024-12-04 17:56:40,842] Trial 1603 finished with value: 0.31554545868330125 and parameters: {'n_estimators': 903, 'max_depth': 6, 'learning_rate': 0.0743407831903388, 'subsample': 0.7701522131463101, 'colsample_bytree': 0.7197759989363034, 'min_child_weight': 2, 'gamma': 0.0007639363956876942, 'reg_alpha': 0.0001040668660766946, 'reg_lambda': 0.01293614968616879}. Best is trial 1319 with value: 0.30197738672869706.
[I 2024-12-04 17:56:42,278] Trial 1604 finished with value: 0.31338253390562176 and parameters: {'n_estimators': 900, 'max_depth': 6, 'learning_rate': 0.07494883860091578, 'subsample': 0.7686113318626816, 'colsample_bytree': 0.7206276004175824, 'min_child_weight': 2, 'gamma': 0.000735658098555031, 'reg_alpha': 0.00012167280624998768, 'reg_lambda': 0.013972554466522116}. Best is trial 1319 with value: 0.30197738672869706.
[I 2024-12-04 17:56:43,740] Trial 1605 finished with value: 0.3097934684130348 and parameters: {'n_estimators': 899, 'max_depth': 6, 'learning_rate': 0.07453196100164444, 'subsample': 0.7689867461822026, 'colsample_bytree': 0.7209979891038085, 'min_child_weight': 2, 'gamma': 0.000731196937291976, 'reg_alpha': 0.0001154473335689563, 'reg_lambda': 0.014460862092394515}. Best is trial 1319 with value: 0.30197738672869706.
[I 2024-12-04 17:56:45,187] Trial 1606 finished with value: 0.31591056745831875 and parameters: {'n_estimators': 900, 'max_depth': 6, 'learning_rate': 0.0743392535477674, 'subsample': 0.7703332712396046, 'colsample_bytree': 0.7191093144290241, 'min_child_weight': 2, 'gamma': 0.0007409902689208092, 'reg_alpha': 0.00012060163538941891, 'reg_lambda': 0.013522452846175922}. Best is trial 1319 with value: 0.30197738672869706.
[I 2024-12-04 17:56:46,623] Trial 1607 finished with value: 0.3162304516654079 and parameters: {'n_estimators': 906, 'max_depth': 6, 'learning_rate': 0.07500420850831208, 'subsample': 0.7687034704782981, 'colsample_bytree': 0.7208888467813944, 'min_child_weight': 2, 'gamma': 0.0007781943755639383, 'reg_alpha': 0.0001230614437186759, 'reg_lambda': 0.014977674328606564}. Best is trial 1319 with value: 0.30197738672869706.
[I 2024-12-04 17:56:48,038] Trial 1608 finished with value: 0.3132419105369433 and parameters: {'n_estimators': 901, 'max_depth': 6, 'learning_rate': 0.07483185933690784, 'subsample': 0.7695456346161169, 'colsample_bytree': 0.7201727251380874, 'min_child_weight': 2, 'gamma': 0.00081283385945511, 'reg_alpha': 0.000141685864194557, 'reg_lambda': 0.013784489998202712}. Best is trial 1319 with value: 0.30197738672869706.
[I 2024-12-04 17:56:49,559] Trial 1609 finished with value: 0.3103529889707112 and parameters: {'n_estimators': 905, 'max_depth': 6, 'learning_rate': 0.07462528126830945, 'subsample': 0.7686913295956691, 'colsample_bytree': 0.7193397625617257, 'min_child_weight': 2, 'gamma': 0.0008230140260257517, 'reg_alpha': 0.0001336782670751573, 'reg_lambda': 0.013973890856883968}. Best is trial 1319 with value: 0.30197738672869706.
