Seed set to 42
[I 2024-12-15 01:22:04,745] A new study created in RDB with name: Tc_afp
[I 2024-12-15 01:22:34,346] Trial 4 finished with value: 0.04820450022816658 and parameters: {'mlp_n_layers': 4, 'mlp_dim_00': 160, 'mlp_dim_01': 224, 'mlp_dim_02': 240, 'mlp_dim_03': 128, 'hidden_channels': 112, 'num_layers': 2, 'num_timesteps': 4, 'dropout': 0.2721185667618721, 'train_learning_rate': 0.008784671224879831, 'train_lr_reduce': 0.6}. Best is trial 4 with value: 0.04820450022816658.
[I 2024-12-15 01:22:49,863] Trial 1 finished with value: 0.01456496212631464 and parameters: {'mlp_n_layers': 3, 'mlp_dim_00': 160, 'mlp_dim_01': 208, 'mlp_dim_02': 224, 'hidden_channels': 224, 'num_layers': 1, 'num_timesteps': 1, 'dropout': 0.017554953274566576, 'train_learning_rate': 0.005402501189911191, 'train_lr_reduce': 0.6}. Best is trial 1 with value: 0.01456496212631464.
[I 2024-12-15 01:22:53,804] Trial 5 finished with value: 0.042980507016181946 and parameters: {'mlp_n_layers': 4, 'mlp_dim_00': 80, 'mlp_dim_01': 48, 'mlp_dim_02': 32, 'mlp_dim_03': 256, 'hidden_channels': 112, 'num_layers': 2, 'num_timesteps': 3, 'dropout': 0.1489623819915818, 'train_learning_rate': 0.007536540679658869, 'train_lr_reduce': 0.6}. Best is trial 1 with value: 0.01456496212631464.
[I 2024-12-15 01:22:54,371] Trial 3 finished with value: 0.019115272909402847 and parameters: {'mlp_n_layers': 3, 'mlp_dim_00': 192, 'mlp_dim_01': 112, 'mlp_dim_02': 80, 'hidden_channels': 32, 'num_layers': 1, 'num_timesteps': 4, 'dropout': 0.018597165052502362, 'train_learning_rate': 0.007005576077998326, 'train_lr_reduce': 0.6}. Best is trial 1 with value: 0.01456496212631464.
[I 2024-12-15 01:22:55,840] Trial 0 finished with value: 0.025506045669317245 and parameters: {'mlp_n_layers': 2, 'mlp_dim_00': 48, 'mlp_dim_01': 112, 'hidden_channels': 192, 'num_layers': 4, 'num_timesteps': 1, 'dropout': 0.05800443239202288, 'train_learning_rate': 0.0005226514141570448, 'train_lr_reduce': 0.6}. Best is trial 1 with value: 0.01456496212631464.
[I 2024-12-15 01:22:56,062] Trial 2 finished with value: 0.07771191000938416 and parameters: {'mlp_n_layers': 4, 'mlp_dim_00': 48, 'mlp_dim_01': 176, 'mlp_dim_02': 224, 'mlp_dim_03': 48, 'hidden_channels': 176, 'num_layers': 3, 'num_timesteps': 1, 'dropout': 0.28894063502770534, 'train_learning_rate': 0.00011628598594997162, 'train_lr_reduce': 0.6}. Best is trial 1 with value: 0.01456496212631464.
[I 2024-12-15 01:23:25,855] Trial 7 finished with value: 0.08915668725967407 and parameters: {'mlp_n_layers': 4, 'mlp_dim_00': 48, 'mlp_dim_01': 176, 'mlp_dim_02': 144, 'mlp_dim_03': 176, 'hidden_channels': 32, 'num_layers': 2, 'num_timesteps': 4, 'dropout': 0.2814118308652602, 'train_learning_rate': 0.0005286688823338216, 'train_lr_reduce': 0.6}. Best is trial 1 with value: 0.01456496212631464.
[I 2024-12-15 01:23:36,762] Trial 8 finished with value: 0.02132374234497547 and parameters: {'mlp_n_layers': 2, 'mlp_dim_00': 240, 'mlp_dim_01': 64, 'hidden_channels': 64, 'num_layers': 1, 'num_timesteps': 4, 'dropout': 0.0331651386360744, 'train_learning_rate': 0.009858752501139484, 'train_lr_reduce': 0.6}. Best is trial 1 with value: 0.01456496212631464.
[I 2024-12-15 01:23:37,414] Trial 10 finished with value: 0.014419393613934517 and parameters: {'mlp_n_layers': 4, 'mlp_dim_00': 240, 'mlp_dim_01': 160, 'mlp_dim_02': 64, 'mlp_dim_03': 192, 'hidden_channels': 176, 'num_layers': 1, 'num_timesteps': 4, 'dropout': 0.04791088430455846, 'train_learning_rate': 0.0046066979117104735, 'train_lr_reduce': 0.6}. Best is trial 10 with value: 0.014419393613934517.
[I 2024-12-15 01:23:39,754] Trial 6 finished with value: 0.02803253009915352 and parameters: {'mlp_n_layers': 2, 'mlp_dim_00': 112, 'mlp_dim_01': 256, 'hidden_channels': 208, 'num_layers': 2, 'num_timesteps': 3, 'dropout': 0.13210990530319353, 'train_learning_rate': 0.0003185142332894017, 'train_lr_reduce': 0.6}. Best is trial 10 with value: 0.014419393613934517.
[I 2024-12-15 01:23:46,526] Trial 9 finished with value: 0.019474299624562263 and parameters: {'mlp_n_layers': 4, 'mlp_dim_00': 128, 'mlp_dim_01': 256, 'mlp_dim_02': 192, 'mlp_dim_03': 192, 'hidden_channels': 160, 'num_layers': 4, 'num_timesteps': 4, 'dropout': 0.1460931736203792, 'train_learning_rate': 0.003713297053042102, 'train_lr_reduce': 0.6}. Best is trial 10 with value: 0.014419393613934517.
[I 2024-12-15 01:24:09,439] Trial 11 finished with value: 0.05319403111934662 and parameters: {'mlp_n_layers': 4, 'mlp_dim_00': 208, 'mlp_dim_01': 144, 'mlp_dim_02': 240, 'mlp_dim_03': 32, 'hidden_channels': 144, 'num_layers': 1, 'num_timesteps': 3, 'dropout': 0.29463122562489524, 'train_learning_rate': 0.00019600573416822932, 'train_lr_reduce': 0.6}. Best is trial 10 with value: 0.014419393613934517.
[I 2024-12-15 01:24:15,137] Trial 12 finished with value: 0.024532293900847435 and parameters: {'mlp_n_layers': 4, 'mlp_dim_00': 160, 'mlp_dim_01': 80, 'mlp_dim_02': 240, 'mlp_dim_03': 256, 'hidden_channels': 32, 'num_layers': 1, 'num_timesteps': 1, 'dropout': 0.09058222279403062, 'train_learning_rate': 0.003230877364597498, 'train_lr_reduce': 0.6}. Best is trial 10 with value: 0.014419393613934517.
[I 2024-12-15 01:24:18,509] Trial 13 finished with value: 0.015311609953641891 and parameters: {'mlp_n_layers': 4, 'mlp_dim_00': 240, 'mlp_dim_01': 240, 'mlp_dim_02': 96, 'mlp_dim_03': 32, 'hidden_channels': 64, 'num_layers': 2, 'num_timesteps': 3, 'dropout': 0.02917234771842305, 'train_learning_rate': 0.007610880343677117, 'train_lr_reduce': 0.6}. Best is trial 10 with value: 0.014419393613934517.
[I 2024-12-15 01:24:19,253] Trial 14 finished with value: 0.02348562702536583 and parameters: {'mlp_n_layers': 4, 'mlp_dim_00': 208, 'mlp_dim_01': 256, 'mlp_dim_02': 32, 'mlp_dim_03': 112, 'hidden_channels': 224, 'num_layers': 2, 'num_timesteps': 4, 'dropout': 0.043919839240142124, 'train_learning_rate': 0.0056533394254894955, 'train_lr_reduce': 0.6}. Best is trial 10 with value: 0.014419393613934517.
[I 2024-12-15 01:24:23,759] Trial 15 finished with value: 0.01234691496938467 and parameters: {'mlp_n_layers': 3, 'mlp_dim_00': 128, 'mlp_dim_01': 224, 'mlp_dim_02': 144, 'hidden_channels': 224, 'num_layers': 1, 'num_timesteps': 1, 'dropout': 0.025905887149116735, 'train_learning_rate': 0.0025665210873230286, 'train_lr_reduce': 0.6}. Best is trial 15 with value: 0.01234691496938467.
[I 2024-12-15 01:24:54,510] Trial 17 finished with value: 0.018365226686000824 and parameters: {'mlp_n_layers': 4, 'mlp_dim_00': 240, 'mlp_dim_01': 112, 'mlp_dim_02': 176, 'mlp_dim_03': 176, 'hidden_channels': 224, 'num_layers': 1, 'num_timesteps': 4, 'dropout': 0.14249732458720193, 'train_learning_rate': 0.004441905434668243, 'train_lr_reduce': 0.6}. Best is trial 15 with value: 0.01234691496938467.
[I 2024-12-15 01:24:55,990] Trial 16 finished with value: 0.02388008125126362 and parameters: {'mlp_n_layers': 3, 'mlp_dim_00': 208, 'mlp_dim_01': 128, 'mlp_dim_02': 96, 'hidden_channels': 176, 'num_layers': 1, 'num_timesteps': 4, 'dropout': 0.011580296795079187, 'train_learning_rate': 0.0006999439105002165, 'train_lr_reduce': 0.6}. Best is trial 15 with value: 0.01234691496938467.
[I 2024-12-15 01:25:00,294] Trial 19 finished with value: 0.014123313128948212 and parameters: {'mlp_n_layers': 2, 'mlp_dim_00': 256, 'mlp_dim_01': 208, 'hidden_channels': 128, 'num_layers': 1, 'num_timesteps': 1, 'dropout': 0.021993122970913295, 'train_learning_rate': 0.004982894493952163, 'train_lr_reduce': 0.6}. Best is trial 15 with value: 0.01234691496938467.
[I 2024-12-15 01:25:02,899] Trial 20 finished with value: 0.01904424838721752 and parameters: {'mlp_n_layers': 3, 'mlp_dim_00': 96, 'mlp_dim_01': 240, 'mlp_dim_02': 144, 'hidden_channels': 224, 'num_layers': 1, 'num_timesteps': 1, 'dropout': 0.1051957189108111, 'train_learning_rate': 0.0008947594424106747, 'train_lr_reduce': 0.6}. Best is trial 15 with value: 0.01234691496938467.
[I 2024-12-15 01:25:04,547] Trial 18 finished with value: 0.027612484991550446 and parameters: {'mlp_n_layers': 3, 'mlp_dim_00': 240, 'mlp_dim_01': 208, 'mlp_dim_02': 80, 'hidden_channels': 240, 'num_layers': 3, 'num_timesteps': 1, 'dropout': 0.043244296137614116, 'train_learning_rate': 0.003639012136774363, 'train_lr_reduce': 0.6}. Best is trial 15 with value: 0.01234691496938467.
[I 2024-12-15 01:25:22,937] Trial 24 finished with value: 0.030518164858222008 and parameters: {'mlp_n_layers': 4, 'mlp_dim_00': 112, 'mlp_dim_01': 176, 'mlp_dim_02': 160, 'mlp_dim_03': 96, 'hidden_channels': 208, 'num_layers': 1, 'num_timesteps': 2, 'dropout': 0.0019384050378032196, 'train_learning_rate': 0.0007494768370335638, 'train_lr_reduce': 0.6}. Best is trial 15 with value: 0.01234691496938467.
[I 2024-12-15 01:25:24,843] Trial 21 finished with value: 0.021056411787867546 and parameters: {'mlp_n_layers': 2, 'mlp_dim_00': 80, 'mlp_dim_01': 240, 'hidden_channels': 112, 'num_layers': 1, 'num_timesteps': 2, 'dropout': 0.06471725074462656, 'train_learning_rate': 0.001580663796936058, 'train_lr_reduce': 0.6}. Best is trial 15 with value: 0.01234691496938467.
[I 2024-12-15 01:25:28,373] Trial 23 finished with value: 0.016457412391901016 and parameters: {'mlp_n_layers': 2, 'mlp_dim_00': 240, 'mlp_dim_01': 192, 'hidden_channels': 144, 'num_layers': 1, 'num_timesteps': 2, 'dropout': 0.06212716085242176, 'train_learning_rate': 0.0033840877589317512, 'train_lr_reduce': 0.6}. Best is trial 15 with value: 0.01234691496938467.
[I 2024-12-15 01:25:29,194] Trial 22 finished with value: 0.019720781594514847 and parameters: {'mlp_n_layers': 4, 'mlp_dim_00': 240, 'mlp_dim_01': 128, 'mlp_dim_02': 128, 'mlp_dim_03': 128, 'hidden_channels': 176, 'num_layers': 3, 'num_timesteps': 4, 'dropout': 0.030038174345310736, 'train_learning_rate': 0.008080474001849098, 'train_lr_reduce': 0.6}. Best is trial 15 with value: 0.01234691496938467.
