[I 2024-12-24 20:17:01,719] Trial 579 finished with value: 0.015189014375209808 and parameters: {'L1_hidden_dim': 144, 'L1_layers_atom': 4, 'L1_layers_mol': 2, 'L1_dropout': 0.016433158264216555, 'L1_out_dim': 48, 'L2_hidden_dim': 192, 'L2_layers_atom': 4, 'L2_layers_mol': 1, 'L2_out_dim': 64, 'L2_dropout': 0.047172924471225175, 'L3_hidden_dim': 96, 'L3_layers_atom': 2, 'L3_layers_mol': 4, 'L3_out_dim': 80, 'L3_dropout': 0.2736654046617238, 'n_mlp_layers': 2, 'mlp_dim_0': 368, 'mlp_dim_1': 32, 'num_heads': 2, 'final_dropout': 0.057356325786970926, 'train_learning_rate': 0.0014493444421703446, 'train_lr_reduce': 0.6}. Best is trial 570 with value: 0.00952998548746109.
[I 2024-12-24 20:17:37,834] Trial 577 finished with value: 0.011001856066286564 and parameters: {'L1_hidden_dim': 256, 'L1_layers_atom': 3, 'L1_layers_mol': 4, 'L1_dropout': 0.06864079920714115, 'L1_out_dim': 32, 'L2_hidden_dim': 96, 'L2_layers_atom': 3, 'L2_layers_mol': 1, 'L2_out_dim': 48, 'L2_dropout': 0.01636752169491778, 'L3_hidden_dim': 64, 'L3_layers_atom': 4, 'L3_layers_mol': 1, 'L3_out_dim': 112, 'L3_dropout': 0.20866526463699367, 'n_mlp_layers': 1, 'mlp_dim_0': 432, 'num_heads': 2, 'final_dropout': 0.11156363078342132, 'train_learning_rate': 0.0006274989352865626, 'train_lr_reduce': 0.6}. Best is trial 570 with value: 0.00952998548746109.
[I 2024-12-24 20:18:47,182] Trial 578 finished with value: 0.010041299276053905 and parameters: {'L1_hidden_dim': 208, 'L1_layers_atom': 4, 'L1_layers_mol': 4, 'L1_dropout': 0.006015134217757061, 'L1_out_dim': 32, 'L2_hidden_dim': 144, 'L2_layers_atom': 4, 'L2_layers_mol': 1, 'L2_out_dim': 64, 'L2_dropout': 0.17483060307806375, 'L3_hidden_dim': 64, 'L3_layers_atom': 4, 'L3_layers_mol': 1, 'L3_out_dim': 128, 'L3_dropout': 0.2807541073484062, 'n_mlp_layers': 1, 'mlp_dim_0': 384, 'num_heads': 2, 'final_dropout': 0.17134965846865455, 'train_learning_rate': 0.0006882297755304844, 'train_lr_reduce': 0.6}. Best is trial 570 with value: 0.00952998548746109.
[I 2024-12-24 20:19:17,841] Trial 580 finished with value: 0.011707729659974575 and parameters: {'L1_hidden_dim': 256, 'L1_layers_atom': 2, 'L1_layers_mol': 2, 'L1_dropout': 0.003287993877721159, 'L1_out_dim': 64, 'L2_hidden_dim': 64, 'L2_layers_atom': 2, 'L2_layers_mol': 1, 'L2_out_dim': 112, 'L2_dropout': 0.060430797186455484, 'L3_hidden_dim': 32, 'L3_layers_atom': 3, 'L3_layers_mol': 1, 'L3_out_dim': 112, 'L3_dropout': 0.25655612511090603, 'n_mlp_layers': 1, 'mlp_dim_0': 464, 'num_heads': 2, 'final_dropout': 0.02745310301681602, 'train_learning_rate': 0.001299769901114735, 'train_lr_reduce': 0.6}. Best is trial 570 with value: 0.00952998548746109.
[I 2024-12-24 20:20:34,353] Trial 581 finished with value: 0.010704275220632553 and parameters: {'L1_hidden_dim': 240, 'L1_layers_atom': 2, 'L1_layers_mol': 4, 'L1_dropout': 0.056849654432055446, 'L1_out_dim': 64, 'L2_hidden_dim': 160, 'L2_layers_atom': 3, 'L2_layers_mol': 2, 'L2_out_dim': 32, 'L2_dropout': 0.02134915233728782, 'L3_hidden_dim': 112, 'L3_layers_atom': 3, 'L3_layers_mol': 1, 'L3_out_dim': 128, 'L3_dropout': 0.17172865240772603, 'n_mlp_layers': 1, 'mlp_dim_0': 384, 'num_heads': 2, 'final_dropout': 0.07010729270084787, 'train_learning_rate': 0.0003967740298535892, 'train_lr_reduce': 0.6}. Best is trial 570 with value: 0.00952998548746109.
[I 2024-12-24 20:20:53,483] Trial 582 finished with value: 0.010920044966042042 and parameters: {'L1_hidden_dim': 192, 'L1_layers_atom': 3, 'L1_layers_mol': 4, 'L1_dropout': 0.021006258844606045, 'L1_out_dim': 48, 'L2_hidden_dim': 80, 'L2_layers_atom': 2, 'L2_layers_mol': 1, 'L2_out_dim': 64, 'L2_dropout': 0.078385564158402, 'L3_hidden_dim': 64, 'L3_layers_atom': 3, 'L3_layers_mol': 2, 'L3_out_dim': 128, 'L3_dropout': 0.29552793334486, 'n_mlp_layers': 1, 'mlp_dim_0': 456, 'num_heads': 1, 'final_dropout': 0.11011376906439299, 'train_learning_rate': 0.001950843662182863, 'train_lr_reduce': 0.6}. Best is trial 570 with value: 0.00952998548746109.
[I 2024-12-24 20:22:11,811] Trial 583 finished with value: 0.013530367985367775 and parameters: {'L1_hidden_dim': 240, 'L1_layers_atom': 4, 'L1_layers_mol': 3, 'L1_dropout': 0.07285176892487584, 'L1_out_dim': 64, 'L2_hidden_dim': 80, 'L2_layers_atom': 1, 'L2_layers_mol': 3, 'L2_out_dim': 80, 'L2_dropout': 0.00048781718343437336, 'L3_hidden_dim': 80, 'L3_layers_atom': 2, 'L3_layers_mol': 1, 'L3_out_dim': 112, 'L3_dropout': 0.2887470612385209, 'n_mlp_layers': 1, 'mlp_dim_0': 416, 'num_heads': 2, 'final_dropout': 0.11771276689092636, 'train_learning_rate': 0.0008631315682930434, 'train_lr_reduce': 0.6}. Best is trial 570 with value: 0.00952998548746109.
[I 2024-12-24 20:22:12,338] Trial 584 finished with value: 0.01131270732730627 and parameters: {'L1_hidden_dim': 144, 'L1_layers_atom': 3, 'L1_layers_mol': 2, 'L1_dropout': 0.03700351779290702, 'L1_out_dim': 64, 'L2_hidden_dim': 80, 'L2_layers_atom': 4, 'L2_layers_mol': 1, 'L2_out_dim': 112, 'L2_dropout': 0.038469286613100305, 'L3_hidden_dim': 64, 'L3_layers_atom': 3, 'L3_layers_mol': 1, 'L3_out_dim': 128, 'L3_dropout': 0.28998212787528366, 'n_mlp_layers': 1, 'mlp_dim_0': 88, 'num_heads': 1, 'final_dropout': 0.060083262496515924, 'train_learning_rate': 0.0020934160270781386, 'train_lr_reduce': 0.6}. Best is trial 570 with value: 0.00952998548746109.
[I 2024-12-24 20:22:30,687] Trial 585 finished with value: 0.010696232318878174 and parameters: {'L1_hidden_dim': 240, 'L1_layers_atom': 1, 'L1_layers_mol': 4, 'L1_dropout': 0.032423969058009275, 'L1_out_dim': 112, 'L2_hidden_dim': 144, 'L2_layers_atom': 3, 'L2_layers_mol': 4, 'L2_out_dim': 32, 'L2_dropout': 0.07944086682929664, 'L3_hidden_dim': 64, 'L3_layers_atom': 4, 'L3_layers_mol': 1, 'L3_out_dim': 128, 'L3_dropout': 0.18911199878533144, 'n_mlp_layers': 3, 'mlp_dim_0': 128, 'mlp_dim_1': 32, 'mlp_dim_2': 336, 'num_heads': 2, 'final_dropout': 0.09777539464770926, 'train_learning_rate': 0.007774640537134688, 'train_lr_reduce': 0.6}. Best is trial 570 with value: 0.00952998548746109.
[I 2024-12-24 20:24:56,953] Trial 587 finished with value: 0.011760871857404709 and parameters: {'L1_hidden_dim': 240, 'L1_layers_atom': 4, 'L1_layers_mol': 4, 'L1_dropout': 0.040462792807976135, 'L1_out_dim': 32, 'L2_hidden_dim': 112, 'L2_layers_atom': 2, 'L2_layers_mol': 2, 'L2_out_dim': 32, 'L2_dropout': 0.0688275399934275, 'L3_hidden_dim': 80, 'L3_layers_atom': 4, 'L3_layers_mol': 2, 'L3_out_dim': 128, 'L3_dropout': 0.2760089701894358, 'n_mlp_layers': 2, 'mlp_dim_0': 440, 'mlp_dim_1': 32, 'num_heads': 2, 'final_dropout': 0.010240848261646895, 'train_learning_rate': 0.0006309763299161866, 'train_lr_reduce': 0.6}. Best is trial 570 with value: 0.00952998548746109.
[I 2024-12-24 20:25:01,879] Trial 588 finished with value: 0.013486499898135662 and parameters: {'L1_hidden_dim': 224, 'L1_layers_atom': 2, 'L1_layers_mol': 3, 'L1_dropout': 0.010809786986986692, 'L1_out_dim': 48, 'L2_hidden_dim': 176, 'L2_layers_atom': 3, 'L2_layers_mol': 2, 'L2_out_dim': 64, 'L2_dropout': 0.14992171626301554, 'L3_hidden_dim': 112, 'L3_layers_atom': 4, 'L3_layers_mol': 1, 'L3_out_dim': 112, 'L3_dropout': 0.2770535793490027, 'n_mlp_layers': 1, 'mlp_dim_0': 288, 'num_heads': 2, 'final_dropout': 0.22006939331976397, 'train_learning_rate': 0.00014856306805844833, 'train_lr_reduce': 0.6}. Best is trial 570 with value: 0.00952998548746109.
[I 2024-12-24 20:25:20,483] Trial 586 finished with value: 0.012255627661943436 and parameters: {'L1_hidden_dim': 144, 'L1_layers_atom': 3, 'L1_layers_mol': 4, 'L1_dropout': 0.004250741688495674, 'L1_out_dim': 80, 'L2_hidden_dim': 112, 'L2_layers_atom': 2, 'L2_layers_mol': 1, 'L2_out_dim': 64, 'L2_dropout': 0.058853505823883386, 'L3_hidden_dim': 80, 'L3_layers_atom': 4, 'L3_layers_mol': 1, 'L3_out_dim': 128, 'L3_dropout': 0.19033024418116204, 'n_mlp_layers': 1, 'mlp_dim_0': 424, 'num_heads': 2, 'final_dropout': 0.022797040427486814, 'train_learning_rate': 0.000626776632375429, 'train_lr_reduce': 0.6}. Best is trial 570 with value: 0.00952998548746109.
[I 2024-12-24 20:27:15,866] Trial 589 finished with value: 0.01271937694400549 and parameters: {'L1_hidden_dim': 240, 'L1_layers_atom': 4, 'L1_layers_mol': 4, 'L1_dropout': 0.02806320749727864, 'L1_out_dim': 80, 'L2_hidden_dim': 112, 'L2_layers_atom': 2, 'L2_layers_mol': 1, 'L2_out_dim': 48, 'L2_dropout': 0.07944409296753746, 'L3_hidden_dim': 48, 'L3_layers_atom': 2, 'L3_layers_mol': 3, 'L3_out_dim': 112, 'L3_dropout': 0.19341283765033843, 'n_mlp_layers': 1, 'mlp_dim_0': 344, 'num_heads': 2, 'final_dropout': 0.02574514427505658, 'train_learning_rate': 0.0020181049138207063, 'train_lr_reduce': 0.6}. Best is trial 570 with value: 0.00952998548746109.
[I 2024-12-24 20:27:27,995] Trial 590 finished with value: 0.01318905595690012 and parameters: {'L1_hidden_dim': 240, 'L1_layers_atom': 4, 'L1_layers_mol': 4, 'L1_dropout': 0.11313272655351952, 'L1_out_dim': 112, 'L2_hidden_dim': 160, 'L2_layers_atom': 3, 'L2_layers_mol': 3, 'L2_out_dim': 32, 'L2_dropout': 0.0539831735003546, 'L3_hidden_dim': 128, 'L3_layers_atom': 2, 'L3_layers_mol': 3, 'L3_out_dim': 128, 'L3_dropout': 0.23708377740543515, 'n_mlp_layers': 3, 'mlp_dim_0': 128, 'mlp_dim_1': 264, 'mlp_dim_2': 336, 'num_heads': 2, 'final_dropout': 0.298324185833184, 'train_learning_rate': 0.000749960294976214, 'train_lr_reduce': 0.6}. Best is trial 570 with value: 0.00952998548746109.
[I 2024-12-24 20:28:35,242] Trial 591 finished with value: 0.012040211819112301 and parameters: {'L1_hidden_dim': 224, 'L1_layers_atom': 3, 'L1_layers_mol': 4, 'L1_dropout': 0.03978650552641344, 'L1_out_dim': 32, 'L2_hidden_dim': 176, 'L2_layers_atom': 4, 'L2_layers_mol': 1, 'L2_out_dim': 80, 'L2_dropout': 0.2046463388812478, 'L3_hidden_dim': 32, 'L3_layers_atom': 4, 'L3_layers_mol': 2, 'L3_out_dim': 128, 'L3_dropout': 0.2615725702720491, 'n_mlp_layers': 1, 'mlp_dim_0': 512, 'num_heads': 2, 'final_dropout': 0.17401232574366912, 'train_learning_rate': 0.0003487155163596243, 'train_lr_reduce': 0.6}. Best is trial 570 with value: 0.00952998548746109.
[I 2024-12-24 20:30:56,769] Trial 594 finished with value: 0.018400873988866806 and parameters: {'L1_hidden_dim': 96, 'L1_layers_atom': 3, 'L1_layers_mol': 2, 'L1_dropout': 0.09241884704773513, 'L1_out_dim': 32, 'L2_hidden_dim': 96, 'L2_layers_atom': 3, 'L2_layers_mol': 1, 'L2_out_dim': 128, 'L2_dropout': 0.16930017802510078, 'L3_hidden_dim': 128, 'L3_layers_atom': 3, 'L3_layers_mol': 1, 'L3_out_dim': 128, 'L3_dropout': 0.229370686587519, 'n_mlp_layers': 1, 'mlp_dim_0': 232, 'num_heads': 1, 'final_dropout': 0.024683696969351604, 'train_learning_rate': 0.0006564232848231323, 'train_lr_reduce': 0.6}. Best is trial 570 with value: 0.00952998548746109.
[I 2024-12-24 20:32:34,840] Trial 595 finished with value: 0.01804889366030693 and parameters: {'L1_hidden_dim': 208, 'L1_layers_atom': 2, 'L1_layers_mol': 3, 'L1_dropout': 0.01579882743382286, 'L1_out_dim': 32, 'L2_hidden_dim': 96, 'L2_layers_atom': 4, 'L2_layers_mol': 1, 'L2_out_dim': 48, 'L2_dropout': 0.25374447829597946, 'L3_hidden_dim': 80, 'L3_layers_atom': 4, 'L3_layers_mol': 2, 'L3_out_dim': 112, 'L3_dropout': 0.29917176842922605, 'n_mlp_layers': 1, 'mlp_dim_0': 440, 'num_heads': 2, 'final_dropout': 0.21041682638213344, 'train_learning_rate': 0.005293576751102832, 'train_lr_reduce': 0.6}. Best is trial 570 with value: 0.00952998548746109.
[I 2024-12-24 20:32:41,574] Trial 593 finished with value: 0.025774113833904266 and parameters: {'L1_hidden_dim': 256, 'L1_layers_atom': 4, 'L1_layers_mol': 4, 'L1_dropout': 0.02160703471616617, 'L1_out_dim': 80, 'L2_hidden_dim': 176, 'L2_layers_atom': 3, 'L2_layers_mol': 2, 'L2_out_dim': 32, 'L2_dropout': 0.02065700565590986, 'L3_hidden_dim': 96, 'L3_layers_atom': 4, 'L3_layers_mol': 1, 'L3_out_dim': 128, 'L3_dropout': 0.29830042954154806, 'n_mlp_layers': 1, 'mlp_dim_0': 392, 'num_heads': 2, 'final_dropout': 0.07989624928816734, 'train_learning_rate': 0.00323931314941349, 'train_lr_reduce': 0.6}. Best is trial 570 with value: 0.00952998548746109.
[I 2024-12-24 20:32:57,846] Trial 592 finished with value: 0.013325653038918972 and parameters: {'L1_hidden_dim': 240, 'L1_layers_atom': 4, 'L1_layers_mol': 3, 'L1_dropout': 0.011821648037948437, 'L1_out_dim': 32, 'L2_hidden_dim': 80, 'L2_layers_atom': 4, 'L2_layers_mol': 2, 'L2_out_dim': 96, 'L2_dropout': 0.0836759659658278, 'L3_hidden_dim': 112, 'L3_layers_atom': 2, 'L3_layers_mol': 3, 'L3_out_dim': 128, 'L3_dropout': 0.2285614127490409, 'n_mlp_layers': 2, 'mlp_dim_0': 480, 'mlp_dim_1': 80, 'num_heads': 2, 'final_dropout': 0.04143425364547779, 'train_learning_rate': 0.0006698930342578779, 'train_lr_reduce': 0.6}. Best is trial 570 with value: 0.00952998548746109.
[I 2024-12-24 20:34:51,307] Trial 598 finished with value: 0.011541156098246574 and parameters: {'L1_hidden_dim': 160, 'L1_layers_atom': 4, 'L1_layers_mol': 2, 'L1_dropout': 0.007797355014490541, 'L1_out_dim': 32, 'L2_hidden_dim': 64, 'L2_layers_atom': 4, 'L2_layers_mol': 1, 'L2_out_dim': 128, 'L2_dropout': 0.04223583539645332, 'L3_hidden_dim': 112, 'L3_layers_atom': 4, 'L3_layers_mol': 2, 'L3_out_dim': 112, 'L3_dropout': 0.27210755775343176, 'n_mlp_layers': 1, 'mlp_dim_0': 176, 'num_heads': 1, 'final_dropout': 0.08620413870959762, 'train_learning_rate': 0.0005888320477311147, 'train_lr_reduce': 0.6}. Best is trial 570 with value: 0.00952998548746109.
[I 2024-12-24 20:35:20,051] Trial 596 finished with value: 0.011007796972990036 and parameters: {'L1_hidden_dim': 192, 'L1_layers_atom': 2, 'L1_layers_mol': 4, 'L1_dropout': 0.02453636261921642, 'L1_out_dim': 64, 'L2_hidden_dim': 112, 'L2_layers_atom': 3, 'L2_layers_mol': 2, 'L2_out_dim': 32, 'L2_dropout': 0.0799822479258684, 'L3_hidden_dim': 64, 'L3_layers_atom': 4, 'L3_layers_mol': 1, 'L3_out_dim': 128, 'L3_dropout': 0.26053556550991785, 'n_mlp_layers': 2, 'mlp_dim_0': 448, 'mlp_dim_1': 80, 'num_heads': 2, 'final_dropout': 0.064582276162617, 'train_learning_rate': 0.00041663124319533224, 'train_lr_reduce': 0.6}. Best is trial 570 with value: 0.00952998548746109.
[I 2024-12-24 20:36:32,830] Trial 597 finished with value: 0.01164998859167099 and parameters: {'L1_hidden_dim': 192, 'L1_layers_atom': 4, 'L1_layers_mol': 4, 'L1_dropout': 0.06222894342476039, 'L1_out_dim': 48, 'L2_hidden_dim': 160, 'L2_layers_atom': 4, 'L2_layers_mol': 1, 'L2_out_dim': 64, 'L2_dropout': 0.22218547625433466, 'L3_hidden_dim': 96, 'L3_layers_atom': 4, 'L3_layers_mol': 1, 'L3_out_dim': 128, 'L3_dropout': 0.23087957528961436, 'n_mlp_layers': 2, 'mlp_dim_0': 336, 'mlp_dim_1': 248, 'num_heads': 2, 'final_dropout': 0.166586285189589, 'train_learning_rate': 0.0009563874756159203, 'train_lr_reduce': 0.6}. Best is trial 570 with value: 0.00952998548746109.
[I 2024-12-24 20:36:46,633] Trial 600 finished with value: 0.013085064478218555 and parameters: {'L1_hidden_dim': 224, 'L1_layers_atom': 3, 'L1_layers_mol': 4, 'L1_dropout': 0.02472258985927006, 'L1_out_dim': 96, 'L2_hidden_dim': 160, 'L2_layers_atom': 3, 'L2_layers_mol': 1, 'L2_out_dim': 64, 'L2_dropout': 0.17196152773907367, 'L3_hidden_dim': 112, 'L3_layers_atom': 2, 'L3_layers_mol': 3, 'L3_out_dim': 48, 'L3_dropout': 0.26313094060907677, 'n_mlp_layers': 2, 'mlp_dim_0': 128, 'mlp_dim_1': 80, 'num_heads': 2, 'final_dropout': 0.29611940020599864, 'train_learning_rate': 0.002180768745738369, 'train_lr_reduce': 0.6}. Best is trial 570 with value: 0.00952998548746109.
[I 2024-12-24 20:36:57,562] Trial 599 finished with value: 0.010820132680237293 and parameters: {'L1_hidden_dim': 96, 'L1_layers_atom': 4, 'L1_layers_mol': 4, 'L1_dropout': 0.030597342260939527, 'L1_out_dim': 32, 'L2_hidden_dim': 176, 'L2_layers_atom': 4, 'L2_layers_mol': 1, 'L2_out_dim': 48, 'L2_dropout': 0.2002399498437466, 'L3_hidden_dim': 64, 'L3_layers_atom': 3, 'L3_layers_mol': 1, 'L3_out_dim': 112, 'L3_dropout': 0.17232104114559926, 'n_mlp_layers': 3, 'mlp_dim_0': 368, 'mlp_dim_1': 96, 'mlp_dim_2': 368, 'num_heads': 2, 'final_dropout': 0.06342942201637028, 'train_learning_rate': 0.0015099075044874984, 'train_lr_reduce': 0.6}. Best is trial 570 with value: 0.00952998548746109.
[I 2024-12-24 20:39:10,982] Trial 601 finished with value: 0.05934211239218712 and parameters: {'L1_hidden_dim': 192, 'L1_layers_atom': 4, 'L1_layers_mol': 4, 'L1_dropout': 0.007983122883631828, 'L1_out_dim': 32, 'L2_hidden_dim': 128, 'L2_layers_atom': 3, 'L2_layers_mol': 2, 'L2_out_dim': 64, 'L2_dropout': 0.14595464679068182, 'L3_hidden_dim': 80, 'L3_layers_atom': 4, 'L3_layers_mol': 1, 'L3_out_dim': 112, 'L3_dropout': 0.27286626417284254, 'n_mlp_layers': 1, 'mlp_dim_0': 464, 'num_heads': 1, 'final_dropout': 0.15718580633960028, 'train_learning_rate': 0.00017029663754060623, 'train_lr_reduce': 0.6}. Best is trial 570 with value: 0.00952998548746109.
[I 2024-12-24 20:39:20,948] Trial 603 finished with value: 0.010952881537377834 and parameters: {'L1_hidden_dim': 224, 'L1_layers_atom': 4, 'L1_layers_mol': 3, 'L1_dropout': 0.0030962210881336294, 'L1_out_dim': 48, 'L2_hidden_dim': 176, 'L2_layers_atom': 4, 'L2_layers_mol': 2, 'L2_out_dim': 48, 'L2_dropout': 0.19445285650892882, 'L3_hidden_dim': 32, 'L3_layers_atom': 4, 'L3_layers_mol': 1, 'L3_out_dim': 128, 'L3_dropout': 0.2377169528331554, 'n_mlp_layers': 1, 'mlp_dim_0': 360, 'num_heads': 2, 'final_dropout': 0.10897581760053798, 'train_learning_rate': 0.0007614181224414793, 'train_lr_reduce': 0.6}. Best is trial 570 with value: 0.00952998548746109.
[I 2024-12-24 20:40:22,274] Trial 602 finished with value: 0.013483738526701927 and parameters: {'L1_hidden_dim': 176, 'L1_layers_atom': 3, 'L1_layers_mol': 4, 'L1_dropout': 0.0037708445034263143, 'L1_out_dim': 48, 'L2_hidden_dim': 112, 'L2_layers_atom': 2, 'L2_layers_mol': 1, 'L2_out_dim': 64, 'L2_dropout': 0.11741284068466999, 'L3_hidden_dim': 80, 'L3_layers_atom': 3, 'L3_layers_mol': 1, 'L3_out_dim': 128, 'L3_dropout': 0.2547328656350625, 'n_mlp_layers': 1, 'mlp_dim_0': 184, 'num_heads': 2, 'final_dropout': 0.297727455767343, 'train_learning_rate': 0.00014483460126481985, 'train_lr_reduce': 0.6}. Best is trial 570 with value: 0.00952998548746109.
[I 2024-12-24 20:41:26,211] Trial 604 finished with value: 0.017160486429929733 and parameters: {'L1_hidden_dim': 240, 'L1_layers_atom': 2, 'L1_layers_mol': 4, 'L1_dropout': 0.0027821442180200363, 'L1_out_dim': 112, 'L2_hidden_dim': 160, 'L2_layers_atom': 2, 'L2_layers_mol': 4, 'L2_out_dim': 48, 'L2_dropout': 0.01846649230065242, 'L3_hidden_dim': 80, 'L3_layers_atom': 4, 'L3_layers_mol': 2, 'L3_out_dim': 96, 'L3_dropout': 0.17158589429808946, 'n_mlp_layers': 3, 'mlp_dim_0': 168, 'mlp_dim_1': 128, 'mlp_dim_2': 336, 'num_heads': 1, 'final_dropout': 0.20416011493530412, 'train_learning_rate': 0.007014012131930017, 'train_lr_reduce': 0.6}. Best is trial 570 with value: 0.00952998548746109.
[I 2024-12-24 20:41:58,964] Trial 605 finished with value: 0.011203809641301632 and parameters: {'L1_hidden_dim': 112, 'L1_layers_atom': 4, 'L1_layers_mol': 4, 'L1_dropout': 0.0059660180574540225, 'L1_out_dim': 32, 'L2_hidden_dim': 176, 'L2_layers_atom': 4, 'L2_layers_mol': 1, 'L2_out_dim': 48, 'L2_dropout': 0.18494218677589358, 'L3_hidden_dim': 80, 'L3_layers_atom': 4, 'L3_layers_mol': 2, 'L3_out_dim': 112, 'L3_dropout': 0.22842918078510138, 'n_mlp_layers': 1, 'mlp_dim_0': 440, 'num_heads': 2, 'final_dropout': 0.22393160409431198, 'train_learning_rate': 0.0005071766929903408, 'train_lr_reduce': 0.6}. Best is trial 570 with value: 0.00952998548746109.
[I 2024-12-24 20:42:20,808] Trial 606 finished with value: 0.02301272563636303 and parameters: {'L1_hidden_dim': 64, 'L1_layers_atom': 4, 'L1_layers_mol': 1, 'L1_dropout': 0.09353118533727404, 'L1_out_dim': 32, 'L2_hidden_dim': 96, 'L2_layers_atom': 3, 'L2_layers_mol': 1, 'L2_out_dim': 112, 'L2_dropout': 0.18252014919413984, 'L3_hidden_dim': 64, 'L3_layers_atom': 4, 'L3_layers_mol': 1, 'L3_out_dim': 112, 'L3_dropout': 0.2821530974014197, 'n_mlp_layers': 1, 'mlp_dim_0': 200, 'num_heads': 1, 'final_dropout': 0.12197687942758909, 'train_learning_rate': 0.0003726654116139973, 'train_lr_reduce': 0.6}. Best is trial 570 with value: 0.00952998548746109.
[I 2024-12-24 20:43:50,039] Trial 607 finished with value: 0.01141386292874813 and parameters: {'L1_hidden_dim': 224, 'L1_layers_atom': 4, 'L1_layers_mol': 4, 'L1_dropout': 0.011992302036081589, 'L1_out_dim': 48, 'L2_hidden_dim': 80, 'L2_layers_atom': 3, 'L2_layers_mol': 1, 'L2_out_dim': 32, 'L2_dropout': 0.11618232937506637, 'L3_hidden_dim': 80, 'L3_layers_atom': 4, 'L3_layers_mol': 1, 'L3_out_dim': 128, 'L3_dropout': 0.29118049374060523, 'n_mlp_layers': 1, 'mlp_dim_0': 352, 'num_heads': 2, 'final_dropout': 0.14049790139179977, 'train_learning_rate': 0.0004639888043023539, 'train_lr_reduce': 0.6}. Best is trial 570 with value: 0.00952998548746109.
[I 2024-12-24 20:44:22,658] Trial 608 finished with value: 0.012210171669721603 and parameters: {'L1_hidden_dim': 208, 'L1_layers_atom': 4, 'L1_layers_mol': 4, 'L1_dropout': 0.0024989311918770848, 'L1_out_dim': 80, 'L2_hidden_dim': 112, 'L2_layers_atom': 2, 'L2_layers_mol': 1, 'L2_out_dim': 80, 'L2_dropout': 0.010363609045896588, 'L3_hidden_dim': 64, 'L3_layers_atom': 3, 'L3_layers_mol': 1, 'L3_out_dim': 128, 'L3_dropout': 0.2700529164823063, 'n_mlp_layers': 1, 'mlp_dim_0': 456, 'num_heads': 2, 'final_dropout': 0.03606637806319033, 'train_learning_rate': 0.005609276044517739, 'train_lr_reduce': 0.6}. Best is trial 570 with value: 0.00952998548746109.
[I 2024-12-24 20:45:12,452] Trial 609 finished with value: 0.012664098292589188 and parameters: {'L1_hidden_dim': 240, 'L1_layers_atom': 3, 'L1_layers_mol': 4, 'L1_dropout': 0.012898642802917819, 'L1_out_dim': 48, 'L2_hidden_dim': 96, 'L2_layers_atom': 1, 'L2_layers_mol': 2, 'L2_out_dim': 64, 'L2_dropout': 0.07540211918446416, 'L3_hidden_dim': 32, 'L3_layers_atom': 4, 'L3_layers_mol': 3, 'L3_out_dim': 112, 'L3_dropout': 0.26494118587455245, 'n_mlp_layers': 1, 'mlp_dim_0': 472, 'num_heads': 2, 'final_dropout': 0.07898298987756995, 'train_learning_rate': 0.0005862480444165773, 'train_lr_reduce': 0.6}. Best is trial 570 with value: 0.00952998548746109.
