[I 2024-12-24 15:57:17,711] Trial 225 finished with value: 0.013418640941381454 and parameters: {'L1_hidden_dim': 64, 'L1_layers_atom': 2, 'L1_layers_mol': 3, 'L1_dropout': 0.030680624798786076, 'L1_out_dim': 96, 'L2_hidden_dim': 112, 'L2_layers_atom': 1, 'L2_layers_mol': 1, 'L2_out_dim': 80, 'L2_dropout': 0.06990727941050864, 'L3_hidden_dim': 128, 'L3_layers_atom': 3, 'L3_layers_mol': 1, 'L3_out_dim': 128, 'L3_dropout': 0.28121397420986094, 'n_mlp_layers': 3, 'mlp_dim_0': 128, 'mlp_dim_1': 128, 'mlp_dim_2': 192, 'num_heads': 2, 'final_dropout': 0.25834398812811254, 'train_learning_rate': 0.002554924048566615, 'train_lr_reduce': 0.6}. Best is trial 197 with value: 0.010102599859237671.
[I 2024-12-24 15:57:28,283] Trial 223 finished with value: 0.010848981328308582 and parameters: {'L1_hidden_dim': 144, 'L1_layers_atom': 2, 'L1_layers_mol': 4, 'L1_dropout': 0.007262237361115781, 'L1_out_dim': 128, 'L2_hidden_dim': 160, 'L2_layers_atom': 4, 'L2_layers_mol': 1, 'L2_out_dim': 96, 'L2_dropout': 0.040867060539497596, 'L3_hidden_dim': 96, 'L3_layers_atom': 2, 'L3_layers_mol': 2, 'L3_out_dim': 48, 'L3_dropout': 0.2056521290874305, 'n_mlp_layers': 3, 'mlp_dim_0': 488, 'mlp_dim_1': 80, 'mlp_dim_2': 224, 'num_heads': 1, 'final_dropout': 0.1811752939790681, 'train_learning_rate': 0.00026155073911658623, 'train_lr_reduce': 0.6}. Best is trial 197 with value: 0.010102599859237671.
[I 2024-12-24 15:59:02,071] Trial 227 finished with value: 0.01309995912015438 and parameters: {'L1_hidden_dim': 64, 'L1_layers_atom': 1, 'L1_layers_mol': 4, 'L1_dropout': 0.06198401666444882, 'L1_out_dim': 96, 'L2_hidden_dim': 144, 'L2_layers_atom': 2, 'L2_layers_mol': 1, 'L2_out_dim': 80, 'L2_dropout': 0.007095031775481056, 'L3_hidden_dim': 112, 'L3_layers_atom': 2, 'L3_layers_mol': 1, 'L3_out_dim': 112, 'L3_dropout': 0.23927220740866934, 'n_mlp_layers': 3, 'mlp_dim_0': 472, 'mlp_dim_1': 72, 'mlp_dim_2': 336, 'num_heads': 1, 'final_dropout': 0.22147751802081345, 'train_learning_rate': 0.00043176039216739985, 'train_lr_reduce': 0.6}. Best is trial 197 with value: 0.010102599859237671.
[I 2024-12-24 15:59:07,712] Trial 226 finished with value: 0.012145196087658405 and parameters: {'L1_hidden_dim': 208, 'L1_layers_atom': 1, 'L1_layers_mol': 4, 'L1_dropout': 0.05321142483157843, 'L1_out_dim': 64, 'L2_hidden_dim': 128, 'L2_layers_atom': 4, 'L2_layers_mol': 1, 'L2_out_dim': 80, 'L2_dropout': 0.12867422287435604, 'L3_hidden_dim': 96, 'L3_layers_atom': 2, 'L3_layers_mol': 4, 'L3_out_dim': 112, 'L3_dropout': 0.21485561013584648, 'n_mlp_layers': 3, 'mlp_dim_0': 384, 'mlp_dim_1': 88, 'mlp_dim_2': 328, 'num_heads': 1, 'final_dropout': 0.1689032264452115, 'train_learning_rate': 0.0008259814615798201, 'train_lr_reduce': 0.6}. Best is trial 197 with value: 0.010102599859237671.
[I 2024-12-24 15:59:43,171] Trial 228 finished with value: 0.011279015801846981 and parameters: {'L1_hidden_dim': 144, 'L1_layers_atom': 1, 'L1_layers_mol': 3, 'L1_dropout': 0.06851466260500223, 'L1_out_dim': 80, 'L2_hidden_dim': 96, 'L2_layers_atom': 4, 'L2_layers_mol': 1, 'L2_out_dim': 80, 'L2_dropout': 0.06522851793144219, 'L3_hidden_dim': 128, 'L3_layers_atom': 2, 'L3_layers_mol': 1, 'L3_out_dim': 64, 'L3_dropout': 0.26087807908773475, 'n_mlp_layers': 3, 'mlp_dim_0': 456, 'mlp_dim_1': 144, 'mlp_dim_2': 232, 'num_heads': 2, 'final_dropout': 0.13484054329483386, 'train_learning_rate': 0.0002766068993240833, 'train_lr_reduce': 0.6}. Best is trial 197 with value: 0.010102599859237671.
[I 2024-12-24 16:00:43,977] Trial 229 finished with value: 0.011623329482972622 and parameters: {'L1_hidden_dim': 128, 'L1_layers_atom': 2, 'L1_layers_mol': 4, 'L1_dropout': 0.03445544538193386, 'L1_out_dim': 96, 'L2_hidden_dim': 128, 'L2_layers_atom': 4, 'L2_layers_mol': 1, 'L2_out_dim': 64, 'L2_dropout': 0.005120455657048946, 'L3_hidden_dim': 96, 'L3_layers_atom': 2, 'L3_layers_mol': 2, 'L3_out_dim': 48, 'L3_dropout': 0.15769628792810936, 'n_mlp_layers': 3, 'mlp_dim_0': 448, 'mlp_dim_1': 128, 'mlp_dim_2': 224, 'num_heads': 1, 'final_dropout': 0.19259345635982178, 'train_learning_rate': 0.0013169416879765879, 'train_lr_reduce': 0.6}. Best is trial 197 with value: 0.010102599859237671.
[I 2024-12-24 16:01:15,455] Trial 230 finished with value: 0.011189802549779415 and parameters: {'L1_hidden_dim': 256, 'L1_layers_atom': 2, 'L1_layers_mol': 4, 'L1_dropout': 0.004686812067099702, 'L1_out_dim': 48, 'L2_hidden_dim': 176, 'L2_layers_atom': 4, 'L2_layers_mol': 2, 'L2_out_dim': 32, 'L2_dropout': 0.1293873320484934, 'L3_hidden_dim': 112, 'L3_layers_atom': 2, 'L3_layers_mol': 3, 'L3_out_dim': 80, 'L3_dropout': 0.21184804947144437, 'n_mlp_layers': 3, 'mlp_dim_0': 336, 'mlp_dim_1': 96, 'mlp_dim_2': 152, 'num_heads': 1, 'final_dropout': 0.16133724812045155, 'train_learning_rate': 0.0006036889157325386, 'train_lr_reduce': 0.6}. Best is trial 197 with value: 0.010102599859237671.
[I 2024-12-24 16:01:46,588] Trial 231 finished with value: 0.012968579307198524 and parameters: {'L1_hidden_dim': 64, 'L1_layers_atom': 1, 'L1_layers_mol': 3, 'L1_dropout': 0.007187677663314189, 'L1_out_dim': 64, 'L2_hidden_dim': 176, 'L2_layers_atom': 2, 'L2_layers_mol': 1, 'L2_out_dim': 32, 'L2_dropout': 0.25022885526923044, 'L3_hidden_dim': 96, 'L3_layers_atom': 3, 'L3_layers_mol': 2, 'L3_out_dim': 112, 'L3_dropout': 0.2948422596970439, 'n_mlp_layers': 1, 'mlp_dim_0': 304, 'num_heads': 1, 'final_dropout': 0.043348211484332114, 'train_learning_rate': 0.001541774402144421, 'train_lr_reduce': 0.6}. Best is trial 197 with value: 0.010102599859237671.
[I 2024-12-24 16:02:25,498] Trial 232 finished with value: 0.011181880719959736 and parameters: {'L1_hidden_dim': 160, 'L1_layers_atom': 3, 'L1_layers_mol': 4, 'L1_dropout': 0.05206192845346688, 'L1_out_dim': 128, 'L2_hidden_dim': 256, 'L2_layers_atom': 4, 'L2_layers_mol': 1, 'L2_out_dim': 112, 'L2_dropout': 0.00527897010757758, 'L3_hidden_dim': 112, 'L3_layers_atom': 3, 'L3_layers_mol': 1, 'L3_out_dim': 32, 'L3_dropout': 0.21249364565141565, 'n_mlp_layers': 3, 'mlp_dim_0': 416, 'mlp_dim_1': 208, 'mlp_dim_2': 232, 'num_heads': 1, 'final_dropout': 0.11892131814180051, 'train_learning_rate': 0.0009845865179367046, 'train_lr_reduce': 0.6}. Best is trial 197 with value: 0.010102599859237671.
[I 2024-12-24 16:03:22,059] Trial 233 finished with value: 0.010522416792809963 and parameters: {'L1_hidden_dim': 144, 'L1_layers_atom': 3, 'L1_layers_mol': 3, 'L1_dropout': 0.019681018626358772, 'L1_out_dim': 32, 'L2_hidden_dim': 160, 'L2_layers_atom': 4, 'L2_layers_mol': 1, 'L2_out_dim': 64, 'L2_dropout': 0.03636644750690022, 'L3_hidden_dim': 80, 'L3_layers_atom': 4, 'L3_layers_mol': 1, 'L3_out_dim': 128, 'L3_dropout': 0.2841205335714234, 'n_mlp_layers': 2, 'mlp_dim_0': 448, 'mlp_dim_1': 32, 'num_heads': 2, 'final_dropout': 0.11112523662022632, 'train_learning_rate': 0.0016331976716694148, 'train_lr_reduce': 0.6}. Best is trial 197 with value: 0.010102599859237671.
[I 2024-12-24 16:04:07,372] Trial 234 finished with value: 0.014588549733161926 and parameters: {'L1_hidden_dim': 144, 'L1_layers_atom': 1, 'L1_layers_mol': 4, 'L1_dropout': 0.036080411235966545, 'L1_out_dim': 112, 'L2_hidden_dim': 160, 'L2_layers_atom': 4, 'L2_layers_mol': 1, 'L2_out_dim': 80, 'L2_dropout': 0.08467759261745275, 'L3_hidden_dim': 96, 'L3_layers_atom': 2, 'L3_layers_mol': 2, 'L3_out_dim': 48, 'L3_dropout': 0.25500123656350965, 'n_mlp_layers': 3, 'mlp_dim_0': 512, 'mlp_dim_1': 80, 'mlp_dim_2': 296, 'num_heads': 1, 'final_dropout': 0.23661975369093224, 'train_learning_rate': 0.00012364389784966112, 'train_lr_reduce': 0.6}. Best is trial 197 with value: 0.010102599859237671.
[I 2024-12-24 16:04:08,040] Trial 235 finished with value: 0.034218449145555496 and parameters: {'L1_hidden_dim': 128, 'L1_layers_atom': 1, 'L1_layers_mol': 4, 'L1_dropout': 0.04608983784398448, 'L1_out_dim': 112, 'L2_hidden_dim': 240, 'L2_layers_atom': 4, 'L2_layers_mol': 1, 'L2_out_dim': 48, 'L2_dropout': 0.05587678279717379, 'L3_hidden_dim': 96, 'L3_layers_atom': 1, 'L3_layers_mol': 1, 'L3_out_dim': 96, 'L3_dropout': 0.2478951224248584, 'n_mlp_layers': 1, 'mlp_dim_0': 264, 'num_heads': 1, 'final_dropout': 0.08646994957392946, 'train_learning_rate': 0.007843805547538437, 'train_lr_reduce': 0.6}. Best is trial 197 with value: 0.010102599859237671.
[I 2024-12-24 16:05:23,950] Trial 236 finished with value: 0.009785382077097893 and parameters: {'L1_hidden_dim': 80, 'L1_layers_atom': 2, 'L1_layers_mol': 2, 'L1_dropout': 0.004278279668906856, 'L1_out_dim': 32, 'L2_hidden_dim': 160, 'L2_layers_atom': 4, 'L2_layers_mol': 1, 'L2_out_dim': 96, 'L2_dropout': 0.0034918077156476587, 'L3_hidden_dim': 112, 'L3_layers_atom': 4, 'L3_layers_mol': 1, 'L3_out_dim': 112, 'L3_dropout': 0.19214312404329967, 'n_mlp_layers': 3, 'mlp_dim_0': 488, 'mlp_dim_1': 32, 'mlp_dim_2': 184, 'num_heads': 2, 'final_dropout': 0.16640971785117753, 'train_learning_rate': 0.0057737797980329025, 'train_lr_reduce': 0.6}. Best is trial 236 with value: 0.009785382077097893.
[I 2024-12-24 16:05:46,799] Trial 237 finished with value: 0.011724303476512432 and parameters: {'L1_hidden_dim': 96, 'L1_layers_atom': 2, 'L1_layers_mol': 4, 'L1_dropout': 0.03297998966807762, 'L1_out_dim': 112, 'L2_hidden_dim': 208, 'L2_layers_atom': 2, 'L2_layers_mol': 2, 'L2_out_dim': 48, 'L2_dropout': 0.07724295104249507, 'L3_hidden_dim': 80, 'L3_layers_atom': 1, 'L3_layers_mol': 1, 'L3_out_dim': 128, 'L3_dropout': 0.2504424515904598, 'n_mlp_layers': 3, 'mlp_dim_0': 352, 'mlp_dim_1': 32, 'mlp_dim_2': 224, 'num_heads': 2, 'final_dropout': 0.1071589899607787, 'train_learning_rate': 0.005389172639418675, 'train_lr_reduce': 0.6}. Best is trial 236 with value: 0.009785382077097893.
[I 2024-12-24 16:06:31,433] Trial 238 finished with value: 0.011679035611450672 and parameters: {'L1_hidden_dim': 208, 'L1_layers_atom': 2, 'L1_layers_mol': 4, 'L1_dropout': 0.03515843736096928, 'L1_out_dim': 64, 'L2_hidden_dim': 160, 'L2_layers_atom': 4, 'L2_layers_mol': 1, 'L2_out_dim': 48, 'L2_dropout': 0.13728275599872605, 'L3_hidden_dim': 96, 'L3_layers_atom': 1, 'L3_layers_mol': 3, 'L3_out_dim': 96, 'L3_dropout': 0.29866394723560574, 'n_mlp_layers': 3, 'mlp_dim_0': 448, 'mlp_dim_1': 512, 'mlp_dim_2': 144, 'num_heads': 1, 'final_dropout': 0.22210526552128976, 'train_learning_rate': 0.0013019097739316358, 'train_lr_reduce': 0.6}. Best is trial 236 with value: 0.009785382077097893.
[I 2024-12-24 16:07:19,087] Trial 239 finished with value: 0.01150280050933361 and parameters: {'L1_hidden_dim': 160, 'L1_layers_atom': 4, 'L1_layers_mol': 2, 'L1_dropout': 0.027802023298086793, 'L1_out_dim': 32, 'L2_hidden_dim': 192, 'L2_layers_atom': 3, 'L2_layers_mol': 1, 'L2_out_dim': 48, 'L2_dropout': 0.12056515325242756, 'L3_hidden_dim': 96, 'L3_layers_atom': 4, 'L3_layers_mol': 2, 'L3_out_dim': 128, 'L3_dropout': 0.2165578165091812, 'n_mlp_layers': 2, 'mlp_dim_0': 400, 'mlp_dim_1': 32, 'num_heads': 2, 'final_dropout': 0.06769857329091539, 'train_learning_rate': 0.0017827887437022634, 'train_lr_reduce': 0.6}. Best is trial 236 with value: 0.009785382077097893.
[I 2024-12-24 16:08:09,146] Trial 240 finished with value: 0.01537540927529335 and parameters: {'L1_hidden_dim': 80, 'L1_layers_atom': 2, 'L1_layers_mol': 3, 'L1_dropout': 0.060038293138338875, 'L1_out_dim': 96, 'L2_hidden_dim': 176, 'L2_layers_atom': 1, 'L2_layers_mol': 2, 'L2_out_dim': 32, 'L2_dropout': 0.14980894400192854, 'L3_hidden_dim': 128, 'L3_layers_atom': 3, 'L3_layers_mol': 2, 'L3_out_dim': 112, 'L3_dropout': 0.24418227657727692, 'n_mlp_layers': 2, 'mlp_dim_0': 304, 'mlp_dim_1': 32, 'num_heads': 2, 'final_dropout': 0.19623837973504035, 'train_learning_rate': 0.002459583121206901, 'train_lr_reduce': 0.6}. Best is trial 236 with value: 0.009785382077097893.
[I 2024-12-24 16:08:51,003] Trial 241 finished with value: 0.014201621524989605 and parameters: {'L1_hidden_dim': 80, 'L1_layers_atom': 3, 'L1_layers_mol': 3, 'L1_dropout': 0.023471598180762575, 'L1_out_dim': 112, 'L2_hidden_dim': 160, 'L2_layers_atom': 1, 'L2_layers_mol': 1, 'L2_out_dim': 48, 'L2_dropout': 0.04529020986859569, 'L3_hidden_dim': 112, 'L3_layers_atom': 3, 'L3_layers_mol': 1, 'L3_out_dim': 128, 'L3_dropout': 0.2865362279333516, 'n_mlp_layers': 3, 'mlp_dim_0': 368, 'mlp_dim_1': 40, 'mlp_dim_2': 184, 'num_heads': 2, 'final_dropout': 0.13859521583863618, 'train_learning_rate': 0.009886566098054887, 'train_lr_reduce': 0.6}. Best is trial 236 with value: 0.009785382077097893.
[I 2024-12-24 16:09:58,673] Trial 242 finished with value: 0.012869669124484062 and parameters: {'L1_hidden_dim': 128, 'L1_layers_atom': 2, 'L1_layers_mol': 4, 'L1_dropout': 0.08462806461910305, 'L1_out_dim': 128, 'L2_hidden_dim': 192, 'L2_layers_atom': 3, 'L2_layers_mol': 1, 'L2_out_dim': 96, 'L2_dropout': 0.08405158545718511, 'L3_hidden_dim': 128, 'L3_layers_atom': 3, 'L3_layers_mol': 2, 'L3_out_dim': 32, 'L3_dropout': 0.1216103548297197, 'n_mlp_layers': 3, 'mlp_dim_0': 472, 'mlp_dim_1': 32, 'mlp_dim_2': 184, 'num_heads': 1, 'final_dropout': 0.22942984283034412, 'train_learning_rate': 0.0003397392336951386, 'train_lr_reduce': 0.6}. Best is trial 236 with value: 0.009785382077097893.
[I 2024-12-24 16:10:20,913] Trial 243 finished with value: 0.010938076302409172 and parameters: {'L1_hidden_dim': 112, 'L1_layers_atom': 3, 'L1_layers_mol': 3, 'L1_dropout': 0.0350721776219648, 'L1_out_dim': 48, 'L2_hidden_dim': 160, 'L2_layers_atom': 3, 'L2_layers_mol': 1, 'L2_out_dim': 64, 'L2_dropout': 0.12410712766436599, 'L3_hidden_dim': 80, 'L3_layers_atom': 2, 'L3_layers_mol': 2, 'L3_out_dim': 112, 'L3_dropout': 0.27233887426024317, 'n_mlp_layers': 2, 'mlp_dim_0': 496, 'mlp_dim_1': 88, 'num_heads': 2, 'final_dropout': 0.15533471216508643, 'train_learning_rate': 0.002036790749113008, 'train_lr_reduce': 0.6}. Best is trial 236 with value: 0.009785382077097893.
[I 2024-12-24 16:11:15,525] Trial 244 finished with value: 0.016177674755454063 and parameters: {'L1_hidden_dim': 96, 'L1_layers_atom': 3, 'L1_layers_mol': 1, 'L1_dropout': 0.11216612016882826, 'L1_out_dim': 32, 'L2_hidden_dim': 192, 'L2_layers_atom': 4, 'L2_layers_mol': 1, 'L2_out_dim': 64, 'L2_dropout': 0.010225946279206349, 'L3_hidden_dim': 64, 'L3_layers_atom': 4, 'L3_layers_mol': 1, 'L3_out_dim': 112, 'L3_dropout': 0.2599209748975349, 'n_mlp_layers': 2, 'mlp_dim_0': 432, 'mlp_dim_1': 80, 'num_heads': 2, 'final_dropout': 0.051885816040547414, 'train_learning_rate': 0.0036344156949210107, 'train_lr_reduce': 0.6}. Best is trial 236 with value: 0.009785382077097893.
[I 2024-12-24 16:11:41,238] Trial 245 finished with value: 0.013871652074158192 and parameters: {'L1_hidden_dim': 96, 'L1_layers_atom': 2, 'L1_layers_mol': 2, 'L1_dropout': 0.01563723916929524, 'L1_out_dim': 32, 'L2_hidden_dim': 176, 'L2_layers_atom': 3, 'L2_layers_mol': 2, 'L2_out_dim': 112, 'L2_dropout': 0.03233473826051734, 'L3_hidden_dim': 80, 'L3_layers_atom': 4, 'L3_layers_mol': 1, 'L3_out_dim': 112, 'L3_dropout': 0.23368672467619442, 'n_mlp_layers': 3, 'mlp_dim_0': 480, 'mlp_dim_1': 88, 'mlp_dim_2': 216, 'num_heads': 1, 'final_dropout': 0.20259041264313038, 'train_learning_rate': 0.006628260599292337, 'train_lr_reduce': 0.6}. Best is trial 236 with value: 0.009785382077097893.
[I 2024-12-24 16:12:53,288] Trial 247 finished with value: 0.01258060522377491 and parameters: {'L1_hidden_dim': 112, 'L1_layers_atom': 1, 'L1_layers_mol': 2, 'L1_dropout': 0.033188487127195576, 'L1_out_dim': 32, 'L2_hidden_dim': 112, 'L2_layers_atom': 4, 'L2_layers_mol': 1, 'L2_out_dim': 112, 'L2_dropout': 0.0332385416677939, 'L3_hidden_dim': 112, 'L3_layers_atom': 3, 'L3_layers_mol': 2, 'L3_out_dim': 96, 'L3_dropout': 0.2744908941119025, 'n_mlp_layers': 2, 'mlp_dim_0': 408, 'mlp_dim_1': 88, 'num_heads': 2, 'final_dropout': 0.17181536607732806, 'train_learning_rate': 0.003834291572248266, 'train_lr_reduce': 0.6}. Best is trial 236 with value: 0.009785382077097893.
[I 2024-12-24 16:12:57,019] Trial 246 finished with value: 0.017404207959771156 and parameters: {'L1_hidden_dim': 176, 'L1_layers_atom': 3, 'L1_layers_mol': 3, 'L1_dropout': 0.010762064238628617, 'L1_out_dim': 48, 'L2_hidden_dim': 176, 'L2_layers_atom': 4, 'L2_layers_mol': 1, 'L2_out_dim': 64, 'L2_dropout': 0.03098072668981584, 'L3_hidden_dim': 64, 'L3_layers_atom': 4, 'L3_layers_mol': 1, 'L3_out_dim': 112, 'L3_dropout': 0.25484421737449753, 'n_mlp_layers': 1, 'mlp_dim_0': 456, 'num_heads': 1, 'final_dropout': 0.17421856855923523, 'train_learning_rate': 0.006303905148562554, 'train_lr_reduce': 0.6}. Best is trial 236 with value: 0.009785382077097893.
[I 2024-12-24 16:13:39,080] Trial 248 finished with value: 0.011116505600512028 and parameters: {'L1_hidden_dim': 192, 'L1_layers_atom': 3, 'L1_layers_mol': 3, 'L1_dropout': 0.07151653638525979, 'L1_out_dim': 32, 'L2_hidden_dim': 176, 'L2_layers_atom': 4, 'L2_layers_mol': 1, 'L2_out_dim': 96, 'L2_dropout': 0.004815926072358485, 'L3_hidden_dim': 80, 'L3_layers_atom': 4, 'L3_layers_mol': 1, 'L3_out_dim': 96, 'L3_dropout': 0.2265498544114848, 'n_mlp_layers': 2, 'mlp_dim_0': 512, 'mlp_dim_1': 80, 'num_heads': 2, 'final_dropout': 0.06000517780659587, 'train_learning_rate': 0.0008469377522086903, 'train_lr_reduce': 0.6}. Best is trial 236 with value: 0.009785382077097893.
[I 2024-12-24 16:14:25,958] Trial 249 finished with value: 0.01422195415943861 and parameters: {'L1_hidden_dim': 80, 'L1_layers_atom': 2, 'L1_layers_mol': 4, 'L1_dropout': 0.08896062987366798, 'L1_out_dim': 112, 'L2_hidden_dim': 224, 'L2_layers_atom': 2, 'L2_layers_mol': 1, 'L2_out_dim': 32, 'L2_dropout': 0.06995788644911845, 'L3_hidden_dim': 64, 'L3_layers_atom': 1, 'L3_layers_mol': 3, 'L3_out_dim': 128, 'L3_dropout': 0.26990416379599824, 'n_mlp_layers': 3, 'mlp_dim_0': 304, 'mlp_dim_1': 88, 'mlp_dim_2': 176, 'num_heads': 1, 'final_dropout': 0.28792299411024014, 'train_learning_rate': 0.009233791438506998, 'train_lr_reduce': 0.6}. Best is trial 236 with value: 0.009785382077097893.
[I 2024-12-24 16:14:55,586] Trial 251 finished with value: 0.010340595617890358 and parameters: {'L1_hidden_dim': 240, 'L1_layers_atom': 2, 'L1_layers_mol': 4, 'L1_dropout': 0.05557770870656175, 'L1_out_dim': 48, 'L2_hidden_dim': 240, 'L2_layers_atom': 3, 'L2_layers_mol': 1, 'L2_out_dim': 32, 'L2_dropout': 0.08748429492925998, 'L3_hidden_dim': 128, 'L3_layers_atom': 2, 'L3_layers_mol': 3, 'L3_out_dim': 128, 'L3_dropout': 0.2746362751105214, 'n_mlp_layers': 3, 'mlp_dim_0': 440, 'mlp_dim_1': 120, 'mlp_dim_2': 96, 'num_heads': 1, 'final_dropout': 0.12029531133801982, 'train_learning_rate': 0.0049037514994388215, 'train_lr_reduce': 0.6}. Best is trial 236 with value: 0.009785382077097893.
[I 2024-12-24 16:15:06,082] Trial 250 finished with value: 0.012213424779474735 and parameters: {'L1_hidden_dim': 64, 'L1_layers_atom': 4, 'L1_layers_mol': 4, 'L1_dropout': 0.031039986863741043, 'L1_out_dim': 128, 'L2_hidden_dim': 128, 'L2_layers_atom': 2, 'L2_layers_mol': 2, 'L2_out_dim': 64, 'L2_dropout': 0.023610231406940168, 'L3_hidden_dim': 64, 'L3_layers_atom': 1, 'L3_layers_mol': 1, 'L3_out_dim': 96, 'L3_dropout': 0.19529235531944825, 'n_mlp_layers': 2, 'mlp_dim_0': 448, 'mlp_dim_1': 40, 'num_heads': 2, 'final_dropout': 0.1785088060490089, 'train_learning_rate': 0.002247946866058968, 'train_lr_reduce': 0.6}. Best is trial 236 with value: 0.009785382077097893.
[I 2024-12-24 16:16:49,652] Trial 254 finished with value: 0.014183889143168926 and parameters: {'L1_hidden_dim': 240, 'L1_layers_atom': 3, 'L1_layers_mol': 4, 'L1_dropout': 0.057023729476007916, 'L1_out_dim': 48, 'L2_hidden_dim': 208, 'L2_layers_atom': 4, 'L2_layers_mol': 1, 'L2_out_dim': 32, 'L2_dropout': 0.08092370232847901, 'L3_hidden_dim': 128, 'L3_layers_atom': 3, 'L3_layers_mol': 3, 'L3_out_dim': 112, 'L3_dropout': 0.2762087995849709, 'n_mlp_layers': 2, 'mlp_dim_0': 504, 'mlp_dim_1': 120, 'num_heads': 1, 'final_dropout': 0.08690619708933235, 'train_learning_rate': 0.006340478515693743, 'train_lr_reduce': 0.6}. Best is trial 236 with value: 0.009785382077097893.
[I 2024-12-24 16:16:55,028] Trial 252 finished with value: 0.01060351263731718 and parameters: {'L1_hidden_dim': 144, 'L1_layers_atom': 3, 'L1_layers_mol': 3, 'L1_dropout': 0.003644252471511362, 'L1_out_dim': 32, 'L2_hidden_dim': 128, 'L2_layers_atom': 4, 'L2_layers_mol': 2, 'L2_out_dim': 80, 'L2_dropout': 0.008897950982503934, 'L3_hidden_dim': 112, 'L3_layers_atom': 3, 'L3_layers_mol': 1, 'L3_out_dim': 112, 'L3_dropout': 0.26146652687900934, 'n_mlp_layers': 1, 'mlp_dim_0': 352, 'num_heads': 2, 'final_dropout': 0.09385074257976106, 'train_learning_rate': 0.0015646290461307406, 'train_lr_reduce': 0.6}. Best is trial 236 with value: 0.009785382077097893.
[I 2024-12-24 16:17:37,700] Trial 253 finished with value: 0.011814411729574203 and parameters: {'L1_hidden_dim': 192, 'L1_layers_atom': 3, 'L1_layers_mol': 3, 'L1_dropout': 0.13137931432668154, 'L1_out_dim': 48, 'L2_hidden_dim': 176, 'L2_layers_atom': 3, 'L2_layers_mol': 1, 'L2_out_dim': 112, 'L2_dropout': 0.0007239068601151291, 'L3_hidden_dim': 80, 'L3_layers_atom': 4, 'L3_layers_mol': 2, 'L3_out_dim': 96, 'L3_dropout': 0.15068948513529037, 'n_mlp_layers': 3, 'mlp_dim_0': 488, 'mlp_dim_1': 128, 'mlp_dim_2': 72, 'num_heads': 2, 'final_dropout': 0.024389759672385665, 'train_learning_rate': 0.00018935044548843463, 'train_lr_reduce': 0.6}. Best is trial 236 with value: 0.009785382077097893.
[I 2024-12-24 16:18:19,387] Trial 255 finished with value: 0.014058959670364857 and parameters: {'L1_hidden_dim': 192, 'L1_layers_atom': 3, 'L1_layers_mol': 3, 'L1_dropout': 0.0967770232557124, 'L1_out_dim': 64, 'L2_hidden_dim': 176, 'L2_layers_atom': 3, 'L2_layers_mol': 2, 'L2_out_dim': 112, 'L2_dropout': 0.04712961704697417, 'L3_hidden_dim': 96, 'L3_layers_atom': 4, 'L3_layers_mol': 1, 'L3_out_dim': 64, 'L3_dropout': 0.2316124263952407, 'n_mlp_layers': 2, 'mlp_dim_0': 424, 'mlp_dim_1': 128, 'num_heads': 2, 'final_dropout': 0.046451964496212764, 'train_learning_rate': 0.0024352718290406665, 'train_lr_reduce': 0.6}. Best is trial 236 with value: 0.009785382077097893.
