[I 2024-12-26 07:51:08,002] Trial 1420 finished with value: 0.01029196847230196 and parameters: {'L1_hidden_dim': 64, 'L1_layers_atom': 2, 'L1_layers_mol': 3, 'L1_dropout': 0.06815552275472554, 'L1_out_dim': 128, 'L2_hidden_dim': 208, 'L2_layers_atom': 1, 'L2_layers_mol': 3, 'L2_out_dim': 112, 'L2_dropout': 0.019501380801927842, 'L3_hidden_dim': 128, 'L3_layers_atom': 4, 'L3_layers_mol': 1, 'L3_out_dim': 128, 'L3_dropout': 0.012132884353966183, 'n_mlp_layers': 3, 'mlp_dim_0': 296, 'mlp_dim_1': 352, 'mlp_dim_2': 456, 'num_heads': 2, 'final_dropout': 0.04839654983408582, 'train_learning_rate': 0.00018549603401295703, 'train_lr_reduce': 0.6}. Best is trial 1073 with value: 0.009419886395335197.
[I 2024-12-26 07:51:11,372] Trial 1421 finished with value: 0.011135460808873177 and parameters: {'L1_hidden_dim': 256, 'L1_layers_atom': 4, 'L1_layers_mol': 3, 'L1_dropout': 0.0065759546190322865, 'L1_out_dim': 48, 'L2_hidden_dim': 176, 'L2_layers_atom': 1, 'L2_layers_mol': 3, 'L2_out_dim': 128, 'L2_dropout': 0.010601562871693539, 'L3_hidden_dim': 96, 'L3_layers_atom': 3, 'L3_layers_mol': 3, 'L3_out_dim': 112, 'L3_dropout': 0.22550154482670148, 'n_mlp_layers': 3, 'mlp_dim_0': 440, 'mlp_dim_1': 400, 'mlp_dim_2': 472, 'num_heads': 1, 'final_dropout': 0.05654840403101449, 'train_learning_rate': 0.0005663697258655228, 'train_lr_reduce': 0.6}. Best is trial 1073 with value: 0.009419886395335197.
[I 2024-12-26 07:52:55,128] Trial 1422 finished with value: 0.013527706265449524 and parameters: {'L1_hidden_dim': 80, 'L1_layers_atom': 2, 'L1_layers_mol': 4, 'L1_dropout': 0.08425496675294994, 'L1_out_dim': 112, 'L2_hidden_dim': 208, 'L2_layers_atom': 1, 'L2_layers_mol': 3, 'L2_out_dim': 128, 'L2_dropout': 0.0469347867131158, 'L3_hidden_dim': 48, 'L3_layers_atom': 3, 'L3_layers_mol': 1, 'L3_out_dim': 128, 'L3_dropout': 0.12772773432682571, 'n_mlp_layers': 3, 'mlp_dim_0': 368, 'mlp_dim_1': 352, 'mlp_dim_2': 512, 'num_heads': 1, 'final_dropout': 0.04716069591505666, 'train_learning_rate': 0.00025009067271632005, 'train_lr_reduce': 0.6}. Best is trial 1073 with value: 0.009419886395335197.
[I 2024-12-26 07:53:36,780] Trial 1423 finished with value: 0.011586355976760387 and parameters: {'L1_hidden_dim': 144, 'L1_layers_atom': 3, 'L1_layers_mol': 4, 'L1_dropout': 0.010733439103754485, 'L1_out_dim': 112, 'L2_hidden_dim': 256, 'L2_layers_atom': 2, 'L2_layers_mol': 2, 'L2_out_dim': 112, 'L2_dropout': 0.05816920362854049, 'L3_hidden_dim': 64, 'L3_layers_atom': 3, 'L3_layers_mol': 1, 'L3_out_dim': 96, 'L3_dropout': 0.04749731568968918, 'n_mlp_layers': 3, 'mlp_dim_0': 352, 'mlp_dim_1': 392, 'mlp_dim_2': 464, 'num_heads': 1, 'final_dropout': 0.011720830363751038, 'train_learning_rate': 0.00029666166280786386, 'train_lr_reduce': 0.6}. Best is trial 1073 with value: 0.009419886395335197.
[I 2024-12-26 07:54:46,048] Trial 1424 finished with value: 0.016167396679520607 and parameters: {'L1_hidden_dim': 96, 'L1_layers_atom': 3, 'L1_layers_mol': 2, 'L1_dropout': 0.08124014036604407, 'L1_out_dim': 32, 'L2_hidden_dim': 224, 'L2_layers_atom': 1, 'L2_layers_mol': 4, 'L2_out_dim': 112, 'L2_dropout': 0.027406244039322604, 'L3_hidden_dim': 80, 'L3_layers_atom': 4, 'L3_layers_mol': 1, 'L3_out_dim': 128, 'L3_dropout': 0.023806958219840954, 'n_mlp_layers': 3, 'mlp_dim_0': 280, 'mlp_dim_1': 400, 'mlp_dim_2': 512, 'num_heads': 2, 'final_dropout': 0.19351704781934592, 'train_learning_rate': 0.0018820927631848252, 'train_lr_reduce': 0.6}. Best is trial 1073 with value: 0.009419886395335197.
[I 2024-12-26 07:56:36,222] Trial 1425 finished with value: 0.01875324547290802 and parameters: {'L1_hidden_dim': 96, 'L1_layers_atom': 3, 'L1_layers_mol': 3, 'L1_dropout': 0.022159697058916215, 'L1_out_dim': 64, 'L2_hidden_dim': 240, 'L2_layers_atom': 1, 'L2_layers_mol': 3, 'L2_out_dim': 112, 'L2_dropout': 0.005326492958344128, 'L3_hidden_dim': 96, 'L3_layers_atom': 4, 'L3_layers_mol': 2, 'L3_out_dim': 112, 'L3_dropout': 0.09840423163584794, 'n_mlp_layers': 3, 'mlp_dim_0': 336, 'mlp_dim_1': 344, 'mlp_dim_2': 504, 'num_heads': 2, 'final_dropout': 0.12938906776586065, 'train_learning_rate': 0.0027039420983161417, 'train_lr_reduce': 0.6}. Best is trial 1073 with value: 0.009419886395335197.
[I 2024-12-26 07:56:58,815] Trial 1426 finished with value: 0.031100763007998466 and parameters: {'L1_hidden_dim': 208, 'L1_layers_atom': 4, 'L1_layers_mol': 2, 'L1_dropout': 0.15272872790502628, 'L1_out_dim': 96, 'L2_hidden_dim': 160, 'L2_layers_atom': 2, 'L2_layers_mol': 4, 'L2_out_dim': 48, 'L2_dropout': 0.10403172091771146, 'L3_hidden_dim': 48, 'L3_layers_atom': 1, 'L3_layers_mol': 1, 'L3_out_dim': 32, 'L3_dropout': 0.17194136014078604, 'n_mlp_layers': 3, 'mlp_dim_0': 320, 'mlp_dim_1': 408, 'mlp_dim_2': 432, 'num_heads': 2, 'final_dropout': 0.28047579577664433, 'train_learning_rate': 0.0017837115252002402, 'train_lr_reduce': 0.6}. Best is trial 1073 with value: 0.009419886395335197.
[I 2024-12-26 07:58:09,738] Trial 1427 finished with value: 0.0127930399030447 and parameters: {'L1_hidden_dim': 80, 'L1_layers_atom': 3, 'L1_layers_mol': 2, 'L1_dropout': 0.0469742621912405, 'L1_out_dim': 96, 'L2_hidden_dim': 208, 'L2_layers_atom': 2, 'L2_layers_mol': 4, 'L2_out_dim': 112, 'L2_dropout': 0.01795955713527523, 'L3_hidden_dim': 64, 'L3_layers_atom': 3, 'L3_layers_mol': 2, 'L3_out_dim': 112, 'L3_dropout': 0.1651033684803942, 'n_mlp_layers': 2, 'mlp_dim_0': 392, 'mlp_dim_1': 360, 'num_heads': 2, 'final_dropout': 0.017933252925420314, 'train_learning_rate': 0.00019186879442209835, 'train_lr_reduce': 0.6}. Best is trial 1073 with value: 0.009419886395335197.
[I 2024-12-26 07:59:51,048] Trial 1429 finished with value: 0.010761061683297157 and parameters: {'L1_hidden_dim': 64, 'L1_layers_atom': 4, 'L1_layers_mol': 3, 'L1_dropout': 0.07748095917930292, 'L1_out_dim': 64, 'L2_hidden_dim': 208, 'L2_layers_atom': 1, 'L2_layers_mol': 4, 'L2_out_dim': 128, 'L2_dropout': 0.019495034995399244, 'L3_hidden_dim': 96, 'L3_layers_atom': 4, 'L3_layers_mol': 1, 'L3_out_dim': 112, 'L3_dropout': 0.03937605122443256, 'n_mlp_layers': 3, 'mlp_dim_0': 512, 'mlp_dim_1': 352, 'mlp_dim_2': 448, 'num_heads': 2, 'final_dropout': 0.021061187077932086, 'train_learning_rate': 0.0002751259928574344, 'train_lr_reduce': 0.6}. Best is trial 1073 with value: 0.009419886395335197.
[I 2024-12-26 07:59:54,714] Trial 1428 finished with value: 0.010618673637509346 and parameters: {'L1_hidden_dim': 80, 'L1_layers_atom': 2, 'L1_layers_mol': 3, 'L1_dropout': 0.08161734973959422, 'L1_out_dim': 112, 'L2_hidden_dim': 208, 'L2_layers_atom': 2, 'L2_layers_mol': 4, 'L2_out_dim': 128, 'L2_dropout': 0.0063471026885194935, 'L3_hidden_dim': 112, 'L3_layers_atom': 3, 'L3_layers_mol': 2, 'L3_out_dim': 112, 'L3_dropout': 0.007645095362530689, 'n_mlp_layers': 2, 'mlp_dim_0': 280, 'mlp_dim_1': 408, 'num_heads': 2, 'final_dropout': 0.10254564169532378, 'train_learning_rate': 0.0003856734369280078, 'train_lr_reduce': 0.6}. Best is trial 1073 with value: 0.009419886395335197.
[I 2024-12-26 08:01:01,786] Trial 1430 finished with value: 0.010118681006133556 and parameters: {'L1_hidden_dim': 80, 'L1_layers_atom': 2, 'L1_layers_mol': 2, 'L1_dropout': 0.03469406670006093, 'L1_out_dim': 112, 'L2_hidden_dim': 256, 'L2_layers_atom': 1, 'L2_layers_mol': 4, 'L2_out_dim': 112, 'L2_dropout': 0.026630970640834504, 'L3_hidden_dim': 64, 'L3_layers_atom': 4, 'L3_layers_mol': 2, 'L3_out_dim': 128, 'L3_dropout': 0.05917914013821236, 'n_mlp_layers': 3, 'mlp_dim_0': 512, 'mlp_dim_1': 408, 'mlp_dim_2': 448, 'num_heads': 2, 'final_dropout': 0.01018267535445802, 'train_learning_rate': 0.0005977767485970561, 'train_lr_reduce': 0.6}. Best is trial 1073 with value: 0.009419886395335197.
[I 2024-12-26 08:02:21,779] Trial 1432 finished with value: 0.016066014766693115 and parameters: {'L1_hidden_dim': 192, 'L1_layers_atom': 2, 'L1_layers_mol': 1, 'L1_dropout': 0.21040592130764857, 'L1_out_dim': 48, 'L2_hidden_dim': 224, 'L2_layers_atom': 2, 'L2_layers_mol': 3, 'L2_out_dim': 128, 'L2_dropout': 0.04667586319818961, 'L3_hidden_dim': 80, 'L3_layers_atom': 4, 'L3_layers_mol': 1, 'L3_out_dim': 128, 'L3_dropout': 0.011902910191585674, 'n_mlp_layers': 3, 'mlp_dim_0': 288, 'mlp_dim_1': 408, 'mlp_dim_2': 464, 'num_heads': 2, 'final_dropout': 0.09283988582448124, 'train_learning_rate': 0.0020509615687301125, 'train_lr_reduce': 0.6}. Best is trial 1073 with value: 0.009419886395335197.
[I 2024-12-26 08:02:42,200] Trial 1431 finished with value: 0.012487895786762238 and parameters: {'L1_hidden_dim': 224, 'L1_layers_atom': 3, 'L1_layers_mol': 4, 'L1_dropout': 0.05316222819292843, 'L1_out_dim': 96, 'L2_hidden_dim': 160, 'L2_layers_atom': 1, 'L2_layers_mol': 4, 'L2_out_dim': 112, 'L2_dropout': 0.026482880971884233, 'L3_hidden_dim': 64, 'L3_layers_atom': 3, 'L3_layers_mol': 1, 'L3_out_dim': 128, 'L3_dropout': 0.10469812423319438, 'n_mlp_layers': 2, 'mlp_dim_0': 432, 'mlp_dim_1': 360, 'num_heads': 1, 'final_dropout': 0.09708403609315713, 'train_learning_rate': 0.0002060362672704096, 'train_lr_reduce': 0.6}. Best is trial 1073 with value: 0.009419886395335197.
[I 2024-12-26 08:03:22,344] Trial 1433 finished with value: 0.01200118102133274 and parameters: {'L1_hidden_dim': 160, 'L1_layers_atom': 3, 'L1_layers_mol': 4, 'L1_dropout': 0.061492137289904464, 'L1_out_dim': 96, 'L2_hidden_dim': 240, 'L2_layers_atom': 1, 'L2_layers_mol': 4, 'L2_out_dim': 128, 'L2_dropout': 0.03291626621745742, 'L3_hidden_dim': 80, 'L3_layers_atom': 4, 'L3_layers_mol': 1, 'L3_out_dim': 112, 'L3_dropout': 0.05277250769093728, 'n_mlp_layers': 3, 'mlp_dim_0': 288, 'mlp_dim_1': 352, 'mlp_dim_2': 448, 'num_heads': 1, 'final_dropout': 0.036316990585335475, 'train_learning_rate': 0.00041396476190446043, 'train_lr_reduce': 0.6}. Best is trial 1073 with value: 0.009419886395335197.
[I 2024-12-26 08:04:36,430] Trial 1434 finished with value: 0.010672490112483501 and parameters: {'L1_hidden_dim': 160, 'L1_layers_atom': 3, 'L1_layers_mol': 3, 'L1_dropout': 0.021034304354395374, 'L1_out_dim': 96, 'L2_hidden_dim': 224, 'L2_layers_atom': 1, 'L2_layers_mol': 3, 'L2_out_dim': 128, 'L2_dropout': 0.02045508554610568, 'L3_hidden_dim': 80, 'L3_layers_atom': 3, 'L3_layers_mol': 1, 'L3_out_dim': 128, 'L3_dropout': 0.10491798353563264, 'n_mlp_layers': 3, 'mlp_dim_0': 416, 'mlp_dim_1': 384, 'mlp_dim_2': 432, 'num_heads': 1, 'final_dropout': 0.00115298086105374, 'train_learning_rate': 0.0006973796121296581, 'train_lr_reduce': 0.6}. Best is trial 1073 with value: 0.009419886395335197.
[I 2024-12-26 08:05:50,081] Trial 1435 finished with value: 0.012837808579206467 and parameters: {'L1_hidden_dim': 112, 'L1_layers_atom': 2, 'L1_layers_mol': 3, 'L1_dropout': 0.03937831620975911, 'L1_out_dim': 112, 'L2_hidden_dim': 256, 'L2_layers_atom': 1, 'L2_layers_mol': 4, 'L2_out_dim': 112, 'L2_dropout': 0.048788758984953995, 'L3_hidden_dim': 64, 'L3_layers_atom': 4, 'L3_layers_mol': 2, 'L3_out_dim': 128, 'L3_dropout': 0.09387853859791546, 'n_mlp_layers': 3, 'mlp_dim_0': 496, 'mlp_dim_1': 392, 'mlp_dim_2': 456, 'num_heads': 2, 'final_dropout': 0.06572757917172295, 'train_learning_rate': 0.0014705497720261364, 'train_lr_reduce': 0.6}. Best is trial 1073 with value: 0.009419886395335197.
[I 2024-12-26 08:05:55,654] Trial 1436 finished with value: 0.011227899231016636 and parameters: {'L1_hidden_dim': 160, 'L1_layers_atom': 2, 'L1_layers_mol': 3, 'L1_dropout': 0.11186175287849319, 'L1_out_dim': 80, 'L2_hidden_dim': 208, 'L2_layers_atom': 2, 'L2_layers_mol': 1, 'L2_out_dim': 112, 'L2_dropout': 0.053945665684264815, 'L3_hidden_dim': 112, 'L3_layers_atom': 2, 'L3_layers_mol': 3, 'L3_out_dim': 80, 'L3_dropout': 0.047737515098678386, 'n_mlp_layers': 3, 'mlp_dim_0': 464, 'mlp_dim_1': 344, 'mlp_dim_2': 464, 'num_heads': 2, 'final_dropout': 0.1609120369383391, 'train_learning_rate': 0.0005951774423633002, 'train_lr_reduce': 0.6}. Best is trial 1073 with value: 0.009419886395335197.
[I 2024-12-26 08:07:27,238] Trial 1437 finished with value: 0.011998600326478481 and parameters: {'L1_hidden_dim': 144, 'L1_layers_atom': 2, 'L1_layers_mol': 3, 'L1_dropout': 0.15133455540587248, 'L1_out_dim': 128, 'L2_hidden_dim': 192, 'L2_layers_atom': 1, 'L2_layers_mol': 4, 'L2_out_dim': 112, 'L2_dropout': 0.004559606557460526, 'L3_hidden_dim': 96, 'L3_layers_atom': 4, 'L3_layers_mol': 3, 'L3_out_dim': 112, 'L3_dropout': 0.09756131804547061, 'n_mlp_layers': 3, 'mlp_dim_0': 456, 'mlp_dim_1': 408, 'mlp_dim_2': 448, 'num_heads': 2, 'final_dropout': 0.0031798297904751293, 'train_learning_rate': 0.0002763837727310771, 'train_lr_reduce': 0.6}. Best is trial 1073 with value: 0.009419886395335197.
[I 2024-12-26 08:08:17,072] Trial 1438 finished with value: 0.011631365865468979 and parameters: {'L1_hidden_dim': 96, 'L1_layers_atom': 2, 'L1_layers_mol': 2, 'L1_dropout': 0.021793021041355522, 'L1_out_dim': 128, 'L2_hidden_dim': 256, 'L2_layers_atom': 1, 'L2_layers_mol': 4, 'L2_out_dim': 128, 'L2_dropout': 0.024342060160084535, 'L3_hidden_dim': 64, 'L3_layers_atom': 4, 'L3_layers_mol': 3, 'L3_out_dim': 128, 'L3_dropout': 0.06932211115158836, 'n_mlp_layers': 2, 'mlp_dim_0': 272, 'mlp_dim_1': 368, 'num_heads': 2, 'final_dropout': 0.05103582364420575, 'train_learning_rate': 0.0005854334588782317, 'train_lr_reduce': 0.6}. Best is trial 1073 with value: 0.009419886395335197.
[I 2024-12-26 08:08:24,152] Trial 1439 finished with value: 0.010709496214985847 and parameters: {'L1_hidden_dim': 80, 'L1_layers_atom': 1, 'L1_layers_mol': 2, 'L1_dropout': 0.1384936702022231, 'L1_out_dim': 112, 'L2_hidden_dim': 208, 'L2_layers_atom': 1, 'L2_layers_mol': 3, 'L2_out_dim': 64, 'L2_dropout': 0.058698828328722016, 'L3_hidden_dim': 96, 'L3_layers_atom': 4, 'L3_layers_mol': 1, 'L3_out_dim': 112, 'L3_dropout': 0.0623247385999949, 'n_mlp_layers': 2, 'mlp_dim_0': 200, 'mlp_dim_1': 400, 'num_heads': 2, 'final_dropout': 0.023813357693070837, 'train_learning_rate': 0.00034902551842599515, 'train_lr_reduce': 0.6}. Best is trial 1073 with value: 0.009419886395335197.
[I 2024-12-26 08:10:39,658] Trial 1441 finished with value: 0.019529201090335846 and parameters: {'L1_hidden_dim': 64, 'L1_layers_atom': 2, 'L1_layers_mol': 3, 'L1_dropout': 0.05683398095381249, 'L1_out_dim': 128, 'L2_hidden_dim': 256, 'L2_layers_atom': 1, 'L2_layers_mol': 3, 'L2_out_dim': 112, 'L2_dropout': 0.09514311354907748, 'L3_hidden_dim': 80, 'L3_layers_atom': 4, 'L3_layers_mol': 1, 'L3_out_dim': 112, 'L3_dropout': 0.03558315911790666, 'n_mlp_layers': 3, 'mlp_dim_0': 496, 'mlp_dim_1': 416, 'mlp_dim_2': 384, 'num_heads': 1, 'final_dropout': 0.007475523366836873, 'train_learning_rate': 0.00022101412821856858, 'train_lr_reduce': 0.6}. Best is trial 1073 with value: 0.009419886395335197.
[I 2024-12-26 08:10:41,095] Trial 1440 finished with value: 0.0103083411231637 and parameters: {'L1_hidden_dim': 96, 'L1_layers_atom': 3, 'L1_layers_mol': 3, 'L1_dropout': 0.009457815177559531, 'L1_out_dim': 96, 'L2_hidden_dim': 256, 'L2_layers_atom': 1, 'L2_layers_mol': 4, 'L2_out_dim': 112, 'L2_dropout': 0.006049903846313676, 'L3_hidden_dim': 32, 'L3_layers_atom': 3, 'L3_layers_mol': 2, 'L3_out_dim': 112, 'L3_dropout': 0.16866778693271395, 'n_mlp_layers': 3, 'mlp_dim_0': 304, 'mlp_dim_1': 352, 'mlp_dim_2': 472, 'num_heads': 2, 'final_dropout': 0.015726817700534294, 'train_learning_rate': 0.00015266302655663535, 'train_lr_reduce': 0.6}. Best is trial 1073 with value: 0.009419886395335197.
[I 2024-12-26 08:11:23,653] Trial 1442 finished with value: 0.012018019333481789 and parameters: {'L1_hidden_dim': 112, 'L1_layers_atom': 1, 'L1_layers_mol': 1, 'L1_dropout': 0.08912175306252364, 'L1_out_dim': 96, 'L2_hidden_dim': 256, 'L2_layers_atom': 1, 'L2_layers_mol': 3, 'L2_out_dim': 128, 'L2_dropout': 0.10630050358517738, 'L3_hidden_dim': 112, 'L3_layers_atom': 4, 'L3_layers_mol': 2, 'L3_out_dim': 112, 'L3_dropout': 0.07349865051111726, 'n_mlp_layers': 3, 'mlp_dim_0': 464, 'mlp_dim_1': 336, 'mlp_dim_2': 504, 'num_heads': 2, 'final_dropout': 0.010870286303024666, 'train_learning_rate': 0.0008115463355176195, 'train_lr_reduce': 0.6}. Best is trial 1073 with value: 0.009419886395335197.
[I 2024-12-26 08:13:08,991] Trial 1443 finished with value: 0.012266647070646286 and parameters: {'L1_hidden_dim': 96, 'L1_layers_atom': 2, 'L1_layers_mol': 2, 'L1_dropout': 0.009754745332089637, 'L1_out_dim': 80, 'L2_hidden_dim': 208, 'L2_layers_atom': 1, 'L2_layers_mol': 4, 'L2_out_dim': 128, 'L2_dropout': 0.03965988886064989, 'L3_hidden_dim': 96, 'L3_layers_atom': 4, 'L3_layers_mol': 1, 'L3_out_dim': 128, 'L3_dropout': 0.08104936449700784, 'n_mlp_layers': 3, 'mlp_dim_0': 424, 'mlp_dim_1': 384, 'mlp_dim_2': 512, 'num_heads': 2, 'final_dropout': 0.003260420294223909, 'train_learning_rate': 0.00047136504334126483, 'train_lr_reduce': 0.6}. Best is trial 1073 with value: 0.009419886395335197.
[I 2024-12-26 08:13:10,869] Trial 1444 finished with value: 0.009479871951043606 and parameters: {'L1_hidden_dim': 160, 'L1_layers_atom': 2, 'L1_layers_mol': 1, 'L1_dropout': 0.02103126393804464, 'L1_out_dim': 112, 'L2_hidden_dim': 208, 'L2_layers_atom': 1, 'L2_layers_mol': 4, 'L2_out_dim': 80, 'L2_dropout': 0.026639229576470077, 'L3_hidden_dim': 80, 'L3_layers_atom': 4, 'L3_layers_mol': 1, 'L3_out_dim': 96, 'L3_dropout': 0.07961727299112925, 'n_mlp_layers': 3, 'mlp_dim_0': 480, 'mlp_dim_1': 400, 'mlp_dim_2': 424, 'num_heads': 2, 'final_dropout': 0.004462789460687505, 'train_learning_rate': 0.0006164193347888973, 'train_lr_reduce': 0.6}. Best is trial 1073 with value: 0.009419886395335197.
[I 2024-12-26 08:13:46,157] Trial 1445 finished with value: 0.012010098434984684 and parameters: {'L1_hidden_dim': 96, 'L1_layers_atom': 3, 'L1_layers_mol': 3, 'L1_dropout': 0.042491678994574344, 'L1_out_dim': 80, 'L2_hidden_dim': 256, 'L2_layers_atom': 1, 'L2_layers_mol': 4, 'L2_out_dim': 128, 'L2_dropout': 0.017384972340382564, 'L3_hidden_dim': 64, 'L3_layers_atom': 2, 'L3_layers_mol': 3, 'L3_out_dim': 96, 'L3_dropout': 0.13100330977117217, 'n_mlp_layers': 2, 'mlp_dim_0': 416, 'mlp_dim_1': 344, 'num_heads': 2, 'final_dropout': 0.09733920497635444, 'train_learning_rate': 0.0005132095426647404, 'train_lr_reduce': 0.6}. Best is trial 1073 with value: 0.009419886395335197.
[I 2024-12-26 08:15:15,649] Trial 1447 finished with value: 0.018444200977683067 and parameters: {'L1_hidden_dim': 160, 'L1_layers_atom': 1, 'L1_layers_mol': 1, 'L1_dropout': 0.020593887308035175, 'L1_out_dim': 112, 'L2_hidden_dim': 208, 'L2_layers_atom': 2, 'L2_layers_mol': 3, 'L2_out_dim': 80, 'L2_dropout': 0.04133509220776806, 'L3_hidden_dim': 96, 'L3_layers_atom': 4, 'L3_layers_mol': 1, 'L3_out_dim': 80, 'L3_dropout': 0.045519567842527295, 'n_mlp_layers': 2, 'mlp_dim_0': 496, 'mlp_dim_1': 408, 'num_heads': 2, 'final_dropout': 0.0035385411871450027, 'train_learning_rate': 0.0018434982199348404, 'train_lr_reduce': 0.6}. Best is trial 1073 with value: 0.009419886395335197.
[I 2024-12-26 08:15:49,333] Trial 1446 finished with value: 0.011288603767752647 and parameters: {'L1_hidden_dim': 128, 'L1_layers_atom': 3, 'L1_layers_mol': 4, 'L1_dropout': 0.017500167231121962, 'L1_out_dim': 128, 'L2_hidden_dim': 224, 'L2_layers_atom': 1, 'L2_layers_mol': 4, 'L2_out_dim': 128, 'L2_dropout': 0.06495842650253766, 'L3_hidden_dim': 80, 'L3_layers_atom': 4, 'L3_layers_mol': 3, 'L3_out_dim': 128, 'L3_dropout': 0.11849664261167898, 'n_mlp_layers': 3, 'mlp_dim_0': 440, 'mlp_dim_1': 408, 'mlp_dim_2': 416, 'num_heads': 2, 'final_dropout': 0.023270499770790987, 'train_learning_rate': 0.00035126614775260836, 'train_lr_reduce': 0.6}. Best is trial 1073 with value: 0.009419886395335197.
[I 2024-12-26 08:17:13,158] Trial 1448 finished with value: 0.01653425022959709 and parameters: {'L1_hidden_dim': 64, 'L1_layers_atom': 4, 'L1_layers_mol': 4, 'L1_dropout': 0.03751845592846751, 'L1_out_dim': 112, 'L2_hidden_dim': 240, 'L2_layers_atom': 1, 'L2_layers_mol': 3, 'L2_out_dim': 96, 'L2_dropout': 0.08304852762206599, 'L3_hidden_dim': 112, 'L3_layers_atom': 4, 'L3_layers_mol': 2, 'L3_out_dim': 128, 'L3_dropout': 0.10908204556378231, 'n_mlp_layers': 3, 'mlp_dim_0': 344, 'mlp_dim_1': 360, 'mlp_dim_2': 424, 'num_heads': 2, 'final_dropout': 0.17287415895726346, 'train_learning_rate': 0.00023299095489212623, 'train_lr_reduce': 0.6}. Best is trial 1073 with value: 0.009419886395335197.
[I 2024-12-26 08:17:26,510] Trial 1449 finished with value: 0.011436370201408863 and parameters: {'L1_hidden_dim': 144, 'L1_layers_atom': 2, 'L1_layers_mol': 1, 'L1_dropout': 0.09677874279965354, 'L1_out_dim': 96, 'L2_hidden_dim': 240, 'L2_layers_atom': 1, 'L2_layers_mol': 4, 'L2_out_dim': 48, 'L2_dropout': 0.0029425305750386092, 'L3_hidden_dim': 48, 'L3_layers_atom': 4, 'L3_layers_mol': 1, 'L3_out_dim': 80, 'L3_dropout': 0.11311405295928673, 'n_mlp_layers': 3, 'mlp_dim_0': 424, 'mlp_dim_1': 320, 'mlp_dim_2': 472, 'num_heads': 1, 'final_dropout': 0.03538712237243234, 'train_learning_rate': 0.0005104186157257714, 'train_lr_reduce': 0.6}. Best is trial 1073 with value: 0.009419886395335197.
[I 2024-12-26 08:18:05,873] Trial 1450 finished with value: 0.011192495934665203 and parameters: {'L1_hidden_dim': 224, 'L1_layers_atom': 2, 'L1_layers_mol': 1, 'L1_dropout': 0.059328996337032286, 'L1_out_dim': 80, 'L2_hidden_dim': 128, 'L2_layers_atom': 2, 'L2_layers_mol': 4, 'L2_out_dim': 32, 'L2_dropout': 0.007968041060369337, 'L3_hidden_dim': 80, 'L3_layers_atom': 1, 'L3_layers_mol': 1, 'L3_out_dim': 32, 'L3_dropout': 0.19886656548883141, 'n_mlp_layers': 3, 'mlp_dim_0': 424, 'mlp_dim_1': 408, 'mlp_dim_2': 432, 'num_heads': 2, 'final_dropout': 0.2993673486581219, 'train_learning_rate': 0.0006985048122581355, 'train_lr_reduce': 0.6}. Best is trial 1073 with value: 0.009419886395335197.
