[I 2024-12-26 04:04:04,927] Trial 1675 finished with value: 0.07301990687847137 and parameters: {'L1_hidden_dim': 64, 'L1_layers_atom': 4, 'L1_layers_mol': 3, 'L1_dropout': 0.19421215455960694, 'L1_out_dim': 32, 'L2_hidden_dim': 192, 'L2_layers_atom': 2, 'L2_layers_mol': 2, 'L2_out_dim': 80, 'L2_dropout': 0.030478266022530946, 'L3_hidden_dim': 112, 'L3_layers_atom': 4, 'L3_layers_mol': 2, 'L3_out_dim': 48, 'L3_dropout': 0.1775135342361741, 'n_mlp_layers': 3, 'mlp_dim_0': 160, 'mlp_dim_1': 376, 'mlp_dim_2': 296, 'num_heads': 1, 'final_dropout': 0.10049308238149253, 'train_learning_rate': 0.0018206782206223635, 'train_lr_reduce': 0.6}. Best is trial 1286 with value: 0.03935658559203148.
[I 2024-12-26 04:04:20,248] Trial 1676 finished with value: 0.07901038974523544 and parameters: {'L1_hidden_dim': 64, 'L1_layers_atom': 1, 'L1_layers_mol': 2, 'L1_dropout': 0.2056884055691731, 'L1_out_dim': 80, 'L2_hidden_dim': 176, 'L2_layers_atom': 4, 'L2_layers_mol': 4, 'L2_out_dim': 96, 'L2_dropout': 0.026834761125451082, 'L3_hidden_dim': 128, 'L3_layers_atom': 2, 'L3_layers_mol': 1, 'L3_out_dim': 128, 'L3_dropout': 0.0771299637317222, 'n_mlp_layers': 2, 'mlp_dim_0': 216, 'mlp_dim_1': 392, 'num_heads': 1, 'final_dropout': 0.1073057686882897, 'train_learning_rate': 0.0013254335728134711, 'train_lr_reduce': 0.6}. Best is trial 1286 with value: 0.03935658559203148.
[I 2024-12-26 04:04:20,701] Trial 1674 finished with value: 0.0893353745341301 and parameters: {'L1_hidden_dim': 128, 'L1_layers_atom': 2, 'L1_layers_mol': 3, 'L1_dropout': 0.19684617877113264, 'L1_out_dim': 96, 'L2_hidden_dim': 144, 'L2_layers_atom': 4, 'L2_layers_mol': 4, 'L2_out_dim': 32, 'L2_dropout': 0.03441871184569045, 'L3_hidden_dim': 128, 'L3_layers_atom': 3, 'L3_layers_mol': 3, 'L3_out_dim': 48, 'L3_dropout': 0.23587162645576915, 'n_mlp_layers': 3, 'mlp_dim_0': 504, 'mlp_dim_1': 360, 'mlp_dim_2': 360, 'num_heads': 1, 'final_dropout': 0.0874025443020857, 'train_learning_rate': 0.00032199201639855873, 'train_lr_reduce': 0.6}. Best is trial 1286 with value: 0.03935658559203148.
[I 2024-12-26 04:05:46,092] Trial 1678 finished with value: 0.16067111492156982 and parameters: {'L1_hidden_dim': 64, 'L1_layers_atom': 4, 'L1_layers_mol': 4, 'L1_dropout': 0.23263987350906962, 'L1_out_dim': 80, 'L2_hidden_dim': 208, 'L2_layers_atom': 1, 'L2_layers_mol': 1, 'L2_out_dim': 112, 'L2_dropout': 0.04618679307262798, 'L3_hidden_dim': 112, 'L3_layers_atom': 4, 'L3_layers_mol': 1, 'L3_out_dim': 80, 'L3_dropout': 0.2560247208676456, 'n_mlp_layers': 2, 'mlp_dim_0': 64, 'mlp_dim_1': 392, 'num_heads': 2, 'final_dropout': 0.05166910686750651, 'train_learning_rate': 0.0075668502042161015, 'train_lr_reduce': 0.6}. Best is trial 1286 with value: 0.03935658559203148.
[I 2024-12-26 04:06:06,760] Trial 1679 finished with value: 0.0698012188076973 and parameters: {'L1_hidden_dim': 64, 'L1_layers_atom': 4, 'L1_layers_mol': 3, 'L1_dropout': 0.16239308078080963, 'L1_out_dim': 64, 'L2_hidden_dim': 160, 'L2_layers_atom': 2, 'L2_layers_mol': 4, 'L2_out_dim': 96, 'L2_dropout': 0.0053488213173844106, 'L3_hidden_dim': 80, 'L3_layers_atom': 3, 'L3_layers_mol': 2, 'L3_out_dim': 80, 'L3_dropout': 0.022641765589503864, 'n_mlp_layers': 2, 'mlp_dim_0': 232, 'mlp_dim_1': 392, 'num_heads': 2, 'final_dropout': 0.22620101404562573, 'train_learning_rate': 0.0007281766859472256, 'train_lr_reduce': 0.6}. Best is trial 1286 with value: 0.03935658559203148.
[I 2024-12-26 04:06:15,779] Trial 1677 finished with value: 0.11463301628828049 and parameters: {'L1_hidden_dim': 112, 'L1_layers_atom': 4, 'L1_layers_mol': 2, 'L1_dropout': 0.29080677389416093, 'L1_out_dim': 64, 'L2_hidden_dim': 176, 'L2_layers_atom': 2, 'L2_layers_mol': 2, 'L2_out_dim': 80, 'L2_dropout': 0.05055801300391853, 'L3_hidden_dim': 112, 'L3_layers_atom': 3, 'L3_layers_mol': 2, 'L3_out_dim': 48, 'L3_dropout': 0.12663772955065788, 'n_mlp_layers': 3, 'mlp_dim_0': 136, 'mlp_dim_1': 360, 'mlp_dim_2': 296, 'num_heads': 1, 'final_dropout': 0.08678446457295644, 'train_learning_rate': 0.006157112852789342, 'train_lr_reduce': 0.6}. Best is trial 1286 with value: 0.03935658559203148.
[I 2024-12-26 04:07:10,532] Trial 1682 finished with value: 0.09331808239221573 and parameters: {'L1_hidden_dim': 128, 'L1_layers_atom': 4, 'L1_layers_mol': 3, 'L1_dropout': 0.2724850292321277, 'L1_out_dim': 48, 'L2_hidden_dim': 144, 'L2_layers_atom': 1, 'L2_layers_mol': 2, 'L2_out_dim': 64, 'L2_dropout': 0.0521092332735246, 'L3_hidden_dim': 128, 'L3_layers_atom': 4, 'L3_layers_mol': 1, 'L3_out_dim': 48, 'L3_dropout': 0.147950864895768, 'n_mlp_layers': 3, 'mlp_dim_0': 144, 'mlp_dim_1': 352, 'mlp_dim_2': 272, 'num_heads': 1, 'final_dropout': 0.061300498323574294, 'train_learning_rate': 0.002268054442684006, 'train_lr_reduce': 0.6}. Best is trial 1286 with value: 0.03935658559203148.
[I 2024-12-26 04:07:24,005] Trial 1681 finished with value: 0.07644668966531754 and parameters: {'L1_hidden_dim': 176, 'L1_layers_atom': 4, 'L1_layers_mol': 1, 'L1_dropout': 0.2491196478175601, 'L1_out_dim': 112, 'L2_hidden_dim': 160, 'L2_layers_atom': 3, 'L2_layers_mol': 1, 'L2_out_dim': 48, 'L2_dropout': 0.006647645169253081, 'L3_hidden_dim': 96, 'L3_layers_atom': 3, 'L3_layers_mol': 1, 'L3_out_dim': 80, 'L3_dropout': 0.2641774033704201, 'n_mlp_layers': 3, 'mlp_dim_0': 40, 'mlp_dim_1': 400, 'mlp_dim_2': 344, 'num_heads': 1, 'final_dropout': 0.019279616973902926, 'train_learning_rate': 0.0011809717163148953, 'train_lr_reduce': 0.6}. Best is trial 1286 with value: 0.03935658559203148.
[I 2024-12-26 04:07:38,538] Trial 1680 finished with value: 0.36517688632011414 and parameters: {'L1_hidden_dim': 256, 'L1_layers_atom': 2, 'L1_layers_mol': 3, 'L1_dropout': 0.22802022518965162, 'L1_out_dim': 32, 'L2_hidden_dim': 96, 'L2_layers_atom': 4, 'L2_layers_mol': 2, 'L2_out_dim': 96, 'L2_dropout': 0.13973448456124893, 'L3_hidden_dim': 96, 'L3_layers_atom': 4, 'L3_layers_mol': 3, 'L3_out_dim': 96, 'L3_dropout': 0.09605170037543909, 'n_mlp_layers': 3, 'mlp_dim_0': 496, 'mlp_dim_1': 352, 'mlp_dim_2': 312, 'num_heads': 1, 'final_dropout': 0.29420067690073953, 'train_learning_rate': 0.0001240214102977918, 'train_lr_reduce': 0.6}. Best is trial 1286 with value: 0.03935658559203148.
[I 2024-12-26 04:09:06,760] Trial 1684 finished with value: 0.07853487133979797 and parameters: {'L1_hidden_dim': 112, 'L1_layers_atom': 4, 'L1_layers_mol': 4, 'L1_dropout': 0.23603117749873337, 'L1_out_dim': 48, 'L2_hidden_dim': 144, 'L2_layers_atom': 3, 'L2_layers_mol': 2, 'L2_out_dim': 80, 'L2_dropout': 0.07719525025764282, 'L3_hidden_dim': 112, 'L3_layers_atom': 4, 'L3_layers_mol': 2, 'L3_out_dim': 32, 'L3_dropout': 0.09778394628318213, 'n_mlp_layers': 2, 'mlp_dim_0': 240, 'mlp_dim_1': 400, 'num_heads': 1, 'final_dropout': 0.060956917978870956, 'train_learning_rate': 0.0016148794047882921, 'train_lr_reduce': 0.6}. Best is trial 1286 with value: 0.03935658559203148.
[I 2024-12-26 04:09:12,965] Trial 1685 finished with value: 0.07946120202541351 and parameters: {'L1_hidden_dim': 80, 'L1_layers_atom': 4, 'L1_layers_mol': 4, 'L1_dropout': 0.15752201710311534, 'L1_out_dim': 112, 'L2_hidden_dim': 224, 'L2_layers_atom': 2, 'L2_layers_mol': 3, 'L2_out_dim': 112, 'L2_dropout': 0.04319220535875601, 'L3_hidden_dim': 112, 'L3_layers_atom': 3, 'L3_layers_mol': 1, 'L3_out_dim': 80, 'L3_dropout': 0.0923995621703084, 'n_mlp_layers': 2, 'mlp_dim_0': 224, 'mlp_dim_1': 344, 'num_heads': 2, 'final_dropout': 0.17521175828836819, 'train_learning_rate': 0.0037872472337966037, 'train_lr_reduce': 0.6}. Best is trial 1286 with value: 0.03935658559203148.
[I 2024-12-26 04:09:48,409] Trial 1683 finished with value: 0.09750204533338547 and parameters: {'L1_hidden_dim': 64, 'L1_layers_atom': 4, 'L1_layers_mol': 4, 'L1_dropout': 0.22593497130404308, 'L1_out_dim': 64, 'L2_hidden_dim': 256, 'L2_layers_atom': 3, 'L2_layers_mol': 4, 'L2_out_dim': 128, 'L2_dropout': 0.07971337624606954, 'L3_hidden_dim': 112, 'L3_layers_atom': 4, 'L3_layers_mol': 1, 'L3_out_dim': 96, 'L3_dropout': 0.08320492635123537, 'n_mlp_layers': 1, 'mlp_dim_0': 160, 'num_heads': 2, 'final_dropout': 0.08514188801938023, 'train_learning_rate': 0.008056540505299031, 'train_lr_reduce': 0.6}. Best is trial 1286 with value: 0.03935658559203148.
[I 2024-12-26 04:11:09,377] Trial 1687 finished with value: 0.07151568681001663 and parameters: {'L1_hidden_dim': 112, 'L1_layers_atom': 1, 'L1_layers_mol': 1, 'L1_dropout': 0.2337750421244375, 'L1_out_dim': 80, 'L2_hidden_dim': 224, 'L2_layers_atom': 4, 'L2_layers_mol': 4, 'L2_out_dim': 112, 'L2_dropout': 0.006013936671370013, 'L3_hidden_dim': 128, 'L3_layers_atom': 2, 'L3_layers_mol': 1, 'L3_out_dim': 96, 'L3_dropout': 0.07468030397281392, 'n_mlp_layers': 3, 'mlp_dim_0': 376, 'mlp_dim_1': 344, 'mlp_dim_2': 320, 'num_heads': 2, 'final_dropout': 0.06101051805411731, 'train_learning_rate': 0.0004501278332155008, 'train_lr_reduce': 0.6}. Best is trial 1286 with value: 0.03935658559203148.
[I 2024-12-26 04:11:36,587] Trial 1686 finished with value: 0.08015605062246323 and parameters: {'L1_hidden_dim': 112, 'L1_layers_atom': 3, 'L1_layers_mol': 2, 'L1_dropout': 0.26765479722513114, 'L1_out_dim': 48, 'L2_hidden_dim': 96, 'L2_layers_atom': 2, 'L2_layers_mol': 2, 'L2_out_dim': 48, 'L2_dropout': 0.02933662417409771, 'L3_hidden_dim': 96, 'L3_layers_atom': 2, 'L3_layers_mol': 1, 'L3_out_dim': 32, 'L3_dropout': 0.20185215621615527, 'n_mlp_layers': 3, 'mlp_dim_0': 208, 'mlp_dim_1': 400, 'mlp_dim_2': 304, 'num_heads': 1, 'final_dropout': 0.02284747963270526, 'train_learning_rate': 0.007191158024061509, 'train_lr_reduce': 0.6}. Best is trial 1286 with value: 0.03935658559203148.
[I 2024-12-26 04:11:37,375] Trial 1688 finished with value: 0.07294569909572601 and parameters: {'L1_hidden_dim': 64, 'L1_layers_atom': 2, 'L1_layers_mol': 4, 'L1_dropout': 0.2761654396204381, 'L1_out_dim': 48, 'L2_hidden_dim': 224, 'L2_layers_atom': 2, 'L2_layers_mol': 3, 'L2_out_dim': 128, 'L2_dropout': 0.0603623377313936, 'L3_hidden_dim': 80, 'L3_layers_atom': 4, 'L3_layers_mol': 1, 'L3_out_dim': 64, 'L3_dropout': 0.16298349199438406, 'n_mlp_layers': 2, 'mlp_dim_0': 328, 'mlp_dim_1': 416, 'num_heads': 2, 'final_dropout': 0.17099922893722336, 'train_learning_rate': 0.0019067402641858976, 'train_lr_reduce': 0.6}. Best is trial 1286 with value: 0.03935658559203148.
[I 2024-12-26 04:12:25,602] Trial 1689 finished with value: 0.08105921745300293 and parameters: {'L1_hidden_dim': 96, 'L1_layers_atom': 4, 'L1_layers_mol': 2, 'L1_dropout': 0.24975576897949342, 'L1_out_dim': 48, 'L2_hidden_dim': 192, 'L2_layers_atom': 1, 'L2_layers_mol': 3, 'L2_out_dim': 64, 'L2_dropout': 0.041515939189438446, 'L3_hidden_dim': 128, 'L3_layers_atom': 4, 'L3_layers_mol': 1, 'L3_out_dim': 32, 'L3_dropout': 0.2555546207418526, 'n_mlp_layers': 3, 'mlp_dim_0': 136, 'mlp_dim_1': 392, 'mlp_dim_2': 272, 'num_heads': 1, 'final_dropout': 0.06308239911473273, 'train_learning_rate': 0.0011330409656488305, 'train_lr_reduce': 0.6}. Best is trial 1286 with value: 0.03935658559203148.
[I 2024-12-26 04:12:59,920] Trial 1691 finished with value: 0.08838491141796112 and parameters: {'L1_hidden_dim': 80, 'L1_layers_atom': 1, 'L1_layers_mol': 3, 'L1_dropout': 0.2956873392332792, 'L1_out_dim': 64, 'L2_hidden_dim': 192, 'L2_layers_atom': 4, 'L2_layers_mol': 2, 'L2_out_dim': 128, 'L2_dropout': 0.16230626654177538, 'L3_hidden_dim': 80, 'L3_layers_atom': 3, 'L3_layers_mol': 2, 'L3_out_dim': 128, 'L3_dropout': 0.09578057132141062, 'n_mlp_layers': 3, 'mlp_dim_0': 504, 'mlp_dim_1': 408, 'mlp_dim_2': 384, 'num_heads': 1, 'final_dropout': 0.02824099557642251, 'train_learning_rate': 0.00216959457354726, 'train_lr_reduce': 0.6}. Best is trial 1286 with value: 0.03935658559203148.
[I 2024-12-26 04:13:18,995] Trial 1690 finished with value: 0.09673193097114563 and parameters: {'L1_hidden_dim': 80, 'L1_layers_atom': 3, 'L1_layers_mol': 4, 'L1_dropout': 0.2095966358432721, 'L1_out_dim': 96, 'L2_hidden_dim': 256, 'L2_layers_atom': 4, 'L2_layers_mol': 3, 'L2_out_dim': 32, 'L2_dropout': 0.1256435438361047, 'L3_hidden_dim': 64, 'L3_layers_atom': 4, 'L3_layers_mol': 1, 'L3_out_dim': 80, 'L3_dropout': 0.02762662945333227, 'n_mlp_layers': 3, 'mlp_dim_0': 296, 'mlp_dim_1': 360, 'mlp_dim_2': 280, 'num_heads': 1, 'final_dropout': 0.0921368621145766, 'train_learning_rate': 0.003972015838875642, 'train_lr_reduce': 0.6}. Best is trial 1286 with value: 0.03935658559203148.
[I 2024-12-26 04:13:35,642] Trial 1692 finished with value: 0.1063162162899971 and parameters: {'L1_hidden_dim': 96, 'L1_layers_atom': 4, 'L1_layers_mol': 3, 'L1_dropout': 0.20473493476539337, 'L1_out_dim': 48, 'L2_hidden_dim': 128, 'L2_layers_atom': 3, 'L2_layers_mol': 4, 'L2_out_dim': 96, 'L2_dropout': 0.06796776288061068, 'L3_hidden_dim': 80, 'L3_layers_atom': 4, 'L3_layers_mol': 2, 'L3_out_dim': 32, 'L3_dropout': 0.1682696355617481, 'n_mlp_layers': 2, 'mlp_dim_0': 136, 'mlp_dim_1': 344, 'num_heads': 2, 'final_dropout': 0.006832181448682952, 'train_learning_rate': 0.004745866129249873, 'train_lr_reduce': 0.6}. Best is trial 1286 with value: 0.03935658559203148.
[I 2024-12-26 04:13:59,319] Trial 1695 finished with value: 1.1407147645950317 and parameters: {'L1_hidden_dim': 224, 'L1_layers_atom': 4, 'L1_layers_mol': 4, 'L1_dropout': 0.1393526071041558, 'L1_out_dim': 64, 'L2_hidden_dim': 208, 'L2_layers_atom': 3, 'L2_layers_mol': 3, 'L2_out_dim': 128, 'L2_dropout': 0.08848177065689178, 'L3_hidden_dim': 32, 'L3_layers_atom': 2, 'L3_layers_mol': 1, 'L3_out_dim': 64, 'L3_dropout': 0.2946951556903292, 'n_mlp_layers': 1, 'mlp_dim_0': 416, 'num_heads': 2, 'final_dropout': 0.04134191649160596, 'train_learning_rate': 0.0002789505223734716, 'train_lr_reduce': 0.6}. Best is trial 1286 with value: 0.03935658559203148.
[I 2024-12-26 04:15:10,869] Trial 1694 finished with value: 0.07994355261325836 and parameters: {'L1_hidden_dim': 64, 'L1_layers_atom': 4, 'L1_layers_mol': 4, 'L1_dropout': 0.17387113553280095, 'L1_out_dim': 64, 'L2_hidden_dim': 240, 'L2_layers_atom': 1, 'L2_layers_mol': 3, 'L2_out_dim': 128, 'L2_dropout': 0.04892233162428549, 'L3_hidden_dim': 80, 'L3_layers_atom': 3, 'L3_layers_mol': 1, 'L3_out_dim': 80, 'L3_dropout': 0.047314965089919406, 'n_mlp_layers': 2, 'mlp_dim_0': 320, 'mlp_dim_1': 344, 'num_heads': 1, 'final_dropout': 0.1717186636313618, 'train_learning_rate': 0.005233926270965168, 'train_lr_reduce': 0.6}. Best is trial 1286 with value: 0.03935658559203148.
[I 2024-12-26 04:15:17,914] Trial 1693 finished with value: 0.06669957935810089 and parameters: {'L1_hidden_dim': 96, 'L1_layers_atom': 4, 'L1_layers_mol': 4, 'L1_dropout': 0.257946129105882, 'L1_out_dim': 96, 'L2_hidden_dim': 192, 'L2_layers_atom': 3, 'L2_layers_mol': 1, 'L2_out_dim': 128, 'L2_dropout': 0.0126115944784452, 'L3_hidden_dim': 128, 'L3_layers_atom': 4, 'L3_layers_mol': 3, 'L3_out_dim': 128, 'L3_dropout': 0.2765234415048373, 'n_mlp_layers': 2, 'mlp_dim_0': 192, 'mlp_dim_1': 408, 'num_heads': 2, 'final_dropout': 0.098636090166592, 'train_learning_rate': 0.0007769304535984005, 'train_lr_reduce': 0.6}. Best is trial 1286 with value: 0.03935658559203148.
[I 2024-12-26 04:15:36,000] Trial 1696 finished with value: 0.07837297022342682 and parameters: {'L1_hidden_dim': 64, 'L1_layers_atom': 2, 'L1_layers_mol': 2, 'L1_dropout': 0.24749642671154887, 'L1_out_dim': 128, 'L2_hidden_dim': 112, 'L2_layers_atom': 2, 'L2_layers_mol': 4, 'L2_out_dim': 112, 'L2_dropout': 0.1600249072891603, 'L3_hidden_dim': 112, 'L3_layers_atom': 2, 'L3_layers_mol': 2, 'L3_out_dim': 64, 'L3_dropout': 0.20993737972867968, 'n_mlp_layers': 3, 'mlp_dim_0': 448, 'mlp_dim_1': 400, 'mlp_dim_2': 352, 'num_heads': 1, 'final_dropout': 0.14840403320680468, 'train_learning_rate': 0.0024354142928333356, 'train_lr_reduce': 0.6}. Best is trial 1286 with value: 0.03935658559203148.
[I 2024-12-26 04:16:54,280] Trial 1698 finished with value: 0.08263516426086426 and parameters: {'L1_hidden_dim': 64, 'L1_layers_atom': 4, 'L1_layers_mol': 4, 'L1_dropout': 0.29822548803686444, 'L1_out_dim': 80, 'L2_hidden_dim': 160, 'L2_layers_atom': 1, 'L2_layers_mol': 2, 'L2_out_dim': 112, 'L2_dropout': 0.12943943088849613, 'L3_hidden_dim': 112, 'L3_layers_atom': 4, 'L3_layers_mol': 2, 'L3_out_dim': 96, 'L3_dropout': 0.2926453303707187, 'n_mlp_layers': 3, 'mlp_dim_0': 232, 'mlp_dim_1': 416, 'mlp_dim_2': 264, 'num_heads': 2, 'final_dropout': 0.23721030681015143, 'train_learning_rate': 0.0007340838113961581, 'train_lr_reduce': 0.6}. Best is trial 1286 with value: 0.03935658559203148.
[I 2024-12-26 04:17:10,432] Trial 1697 finished with value: 0.10512655228376389 and parameters: {'L1_hidden_dim': 160, 'L1_layers_atom': 1, 'L1_layers_mol': 3, 'L1_dropout': 0.07846440645700652, 'L1_out_dim': 48, 'L2_hidden_dim': 176, 'L2_layers_atom': 2, 'L2_layers_mol': 4, 'L2_out_dim': 128, 'L2_dropout': 0.2667797393357309, 'L3_hidden_dim': 128, 'L3_layers_atom': 3, 'L3_layers_mol': 1, 'L3_out_dim': 112, 'L3_dropout': 0.12357488354456296, 'n_mlp_layers': 1, 'mlp_dim_0': 40, 'num_heads': 2, 'final_dropout': 0.03584961824097349, 'train_learning_rate': 0.005255081007811094, 'train_lr_reduce': 0.6}. Best is trial 1286 with value: 0.03935658559203148.
[I 2024-12-26 04:17:31,219] Trial 1699 finished with value: 0.09148699045181274 and parameters: {'L1_hidden_dim': 224, 'L1_layers_atom': 1, 'L1_layers_mol': 4, 'L1_dropout': 0.1258769313842778, 'L1_out_dim': 80, 'L2_hidden_dim': 144, 'L2_layers_atom': 1, 'L2_layers_mol': 3, 'L2_out_dim': 64, 'L2_dropout': 0.0021627523671593485, 'L3_hidden_dim': 128, 'L3_layers_atom': 3, 'L3_layers_mol': 1, 'L3_out_dim': 128, 'L3_dropout': 0.12550651176883915, 'n_mlp_layers': 2, 'mlp_dim_0': 232, 'mlp_dim_1': 336, 'num_heads': 2, 'final_dropout': 0.05728355928924449, 'train_learning_rate': 0.0001253271259482217, 'train_lr_reduce': 0.6}. Best is trial 1286 with value: 0.03935658559203148.
[I 2024-12-26 04:18:14,157] Trial 1700 finished with value: 0.06202719360589981 and parameters: {'L1_hidden_dim': 64, 'L1_layers_atom': 4, 'L1_layers_mol': 3, 'L1_dropout': 0.2386541689239744, 'L1_out_dim': 80, 'L2_hidden_dim': 176, 'L2_layers_atom': 1, 'L2_layers_mol': 4, 'L2_out_dim': 112, 'L2_dropout': 0.019792242615154068, 'L3_hidden_dim': 128, 'L3_layers_atom': 2, 'L3_layers_mol': 1, 'L3_out_dim': 64, 'L3_dropout': 0.013057452509256294, 'n_mlp_layers': 2, 'mlp_dim_0': 248, 'mlp_dim_1': 376, 'num_heads': 2, 'final_dropout': 0.15065626236557728, 'train_learning_rate': 0.002057008900020388, 'train_lr_reduce': 0.6}. Best is trial 1286 with value: 0.03935658559203148.
[I 2024-12-26 04:18:34,337] Trial 1702 finished with value: 0.15721434354782104 and parameters: {'L1_hidden_dim': 80, 'L1_layers_atom': 2, 'L1_layers_mol': 2, 'L1_dropout': 0.1811157570373215, 'L1_out_dim': 112, 'L2_hidden_dim': 224, 'L2_layers_atom': 3, 'L2_layers_mol': 4, 'L2_out_dim': 112, 'L2_dropout': 0.09024503819972143, 'L3_hidden_dim': 112, 'L3_layers_atom': 1, 'L3_layers_mol': 1, 'L3_out_dim': 128, 'L3_dropout': 0.14176301175016917, 'n_mlp_layers': 3, 'mlp_dim_0': 408, 'mlp_dim_1': 344, 'mlp_dim_2': 256, 'num_heads': 2, 'final_dropout': 0.026493110882000927, 'train_learning_rate': 0.004200296148814144, 'train_lr_reduce': 0.6}. Best is trial 1286 with value: 0.03935658559203148.
[I 2024-12-26 04:19:08,996] Trial 1701 finished with value: 0.0732366070151329 and parameters: {'L1_hidden_dim': 64, 'L1_layers_atom': 4, 'L1_layers_mol': 3, 'L1_dropout': 0.2443958916701613, 'L1_out_dim': 64, 'L2_hidden_dim': 192, 'L2_layers_atom': 2, 'L2_layers_mol': 2, 'L2_out_dim': 80, 'L2_dropout': 0.1006830472978468, 'L3_hidden_dim': 128, 'L3_layers_atom': 4, 'L3_layers_mol': 1, 'L3_out_dim': 32, 'L3_dropout': 0.2840839816242673, 'n_mlp_layers': 3, 'mlp_dim_0': 120, 'mlp_dim_1': 424, 'mlp_dim_2': 248, 'num_heads': 1, 'final_dropout': 0.055951045897662234, 'train_learning_rate': 0.0022414553428387347, 'train_lr_reduce': 0.6}. Best is trial 1286 with value: 0.03935658559203148.
[I 2024-12-26 04:19:11,883] Trial 1703 finished with value: 0.10493451356887817 and parameters: {'L1_hidden_dim': 96, 'L1_layers_atom': 4, 'L1_layers_mol': 3, 'L1_dropout': 0.24312681884523196, 'L1_out_dim': 96, 'L2_hidden_dim': 160, 'L2_layers_atom': 2, 'L2_layers_mol': 1, 'L2_out_dim': 128, 'L2_dropout': 0.0467485318759628, 'L3_hidden_dim': 112, 'L3_layers_atom': 4, 'L3_layers_mol': 1, 'L3_out_dim': 112, 'L3_dropout': 0.22951800025996438, 'n_mlp_layers': 2, 'mlp_dim_0': 112, 'mlp_dim_1': 432, 'num_heads': 2, 'final_dropout': 0.08877911014858733, 'train_learning_rate': 0.0028275125956938045, 'train_lr_reduce': 0.6}. Best is trial 1286 with value: 0.03935658559203148.
[I 2024-12-26 04:19:38,473] Trial 1704 finished with value: 0.0841580405831337 and parameters: {'L1_hidden_dim': 96, 'L1_layers_atom': 3, 'L1_layers_mol': 3, 'L1_dropout': 0.29212662289234403, 'L1_out_dim': 48, 'L2_hidden_dim': 144, 'L2_layers_atom': 2, 'L2_layers_mol': 2, 'L2_out_dim': 96, 'L2_dropout': 0.0021566723220438552, 'L3_hidden_dim': 96, 'L3_layers_atom': 4, 'L3_layers_mol': 1, 'L3_out_dim': 32, 'L3_dropout': 0.1582685375562658, 'n_mlp_layers': 3, 'mlp_dim_0': 136, 'mlp_dim_1': 376, 'mlp_dim_2': 32, 'num_heads': 1, 'final_dropout': 0.07388344455289698, 'train_learning_rate': 0.00248254947370148, 'train_lr_reduce': 0.6}. Best is trial 1286 with value: 0.03935658559203148.
[I 2024-12-26 04:20:30,172] Trial 1706 finished with value: 0.08433375507593155 and parameters: {'L1_hidden_dim': 96, 'L1_layers_atom': 2, 'L1_layers_mol': 1, 'L1_dropout': 0.2507279093612088, 'L1_out_dim': 64, 'L2_hidden_dim': 256, 'L2_layers_atom': 2, 'L2_layers_mol': 3, 'L2_out_dim': 32, 'L2_dropout': 0.07667256646792812, 'L3_hidden_dim': 48, 'L3_layers_atom': 4, 'L3_layers_mol': 3, 'L3_out_dim': 64, 'L3_dropout': 0.015730666854636144, 'n_mlp_layers': 3, 'mlp_dim_0': 368, 'mlp_dim_1': 328, 'mlp_dim_2': 312, 'num_heads': 1, 'final_dropout': 0.15424407262864692, 'train_learning_rate': 0.0007687312259273948, 'train_lr_reduce': 0.6}. Best is trial 1286 with value: 0.03935658559203148.
