[I 2024-12-20 00:30:21,993] Trial 1053 finished with value: 1.5416604280471802 and parameters: {'mlp_n_layers': 2, 'mlp_dim_00': 236, 'mlp_dim_01': 185, 'node_hidden_dim': 121, 'edge_hidden_dim': 53, 'depth': 2, 'rep_dropout': 0.00211671792342942, 'train_learning_rate': 0.0010692071411225453, 'train_lr_reduce': 0.6}. Best is trial 558 with value: 0.30280801653862.
[I 2024-12-20 00:30:26,173] Trial 1051 finished with value: 0.37177371978759766 and parameters: {'mlp_n_layers': 3, 'mlp_dim_00': 211, 'mlp_dim_01': 107, 'mlp_dim_02': 251, 'node_hidden_dim': 126, 'edge_hidden_dim': 32, 'depth': 1, 'rep_dropout': 0.018963151322293273, 'train_learning_rate': 0.0007452907492958002, 'train_lr_reduce': 0.6}. Best is trial 558 with value: 0.30280801653862.
[I 2024-12-20 00:30:26,341] Trial 1052 finished with value: 1.3774735927581787 and parameters: {'mlp_n_layers': 4, 'mlp_dim_00': 203, 'mlp_dim_01': 111, 'mlp_dim_02': 389, 'mlp_dim_03': 387, 'node_hidden_dim': 52, 'edge_hidden_dim': 95, 'depth': 3, 'rep_dropout': 0.013868928537454951, 'train_learning_rate': 0.004298982724719148, 'train_lr_reduce': 0.6}. Best is trial 558 with value: 0.30280801653862.
[I 2024-12-20 00:30:30,284] Trial 1056 finished with value: 1.4202619791030884 and parameters: {'mlp_n_layers': 4, 'mlp_dim_00': 379, 'mlp_dim_01': 211, 'mlp_dim_02': 500, 'mlp_dim_03': 400, 'node_hidden_dim': 91, 'edge_hidden_dim': 73, 'depth': 1, 'rep_dropout': 0.020309410814350146, 'train_learning_rate': 0.0018664694346667847, 'train_lr_reduce': 0.6}. Best is trial 558 with value: 0.30280801653862.
[I 2024-12-20 00:30:35,348] Trial 1057 finished with value: 1.5125375986099243 and parameters: {'mlp_n_layers': 4, 'mlp_dim_00': 499, 'mlp_dim_01': 105, 'mlp_dim_02': 349, 'mlp_dim_03': 274, 'node_hidden_dim': 91, 'edge_hidden_dim': 57, 'depth': 4, 'rep_dropout': 0.1265991666473239, 'train_learning_rate': 0.0030245551410923075, 'train_lr_reduce': 0.6}. Best is trial 558 with value: 0.30280801653862.
[I 2024-12-20 00:30:42,496] Trial 1055 finished with value: 0.3949941396713257 and parameters: {'mlp_n_layers': 2, 'mlp_dim_00': 93, 'mlp_dim_01': 149, 'node_hidden_dim': 120, 'edge_hidden_dim': 37, 'depth': 1, 'rep_dropout': 0.0005181327614247194, 'train_learning_rate': 0.001156507628499614, 'train_lr_reduce': 0.6}. Best is trial 558 with value: 0.30280801653862.
[I 2024-12-20 00:30:42,986] Trial 1054 finished with value: 0.3247193992137909 and parameters: {'mlp_n_layers': 4, 'mlp_dim_00': 259, 'mlp_dim_01': 197, 'mlp_dim_02': 310, 'mlp_dim_03': 340, 'node_hidden_dim': 127, 'edge_hidden_dim': 51, 'depth': 1, 'rep_dropout': 0.000579035181903163, 'train_learning_rate': 0.0014738329862064921, 'train_lr_reduce': 0.6}. Best is trial 558 with value: 0.30280801653862.
[I 2024-12-20 00:30:52,286] Trial 1059 finished with value: 1.3692302703857422 and parameters: {'mlp_n_layers': 4, 'mlp_dim_00': 202, 'mlp_dim_01': 211, 'mlp_dim_02': 353, 'mlp_dim_03': 327, 'node_hidden_dim': 124, 'edge_hidden_dim': 48, 'depth': 2, 'rep_dropout': 0.015725522866978557, 'train_learning_rate': 0.0007869713838924219, 'train_lr_reduce': 0.6}. Best is trial 558 with value: 0.30280801653862.
[I 2024-12-20 00:30:58,953] Trial 1058 finished with value: 0.32276469469070435 and parameters: {'mlp_n_layers': 4, 'mlp_dim_00': 445, 'mlp_dim_01': 261, 'mlp_dim_02': 256, 'mlp_dim_03': 317, 'node_hidden_dim': 119, 'edge_hidden_dim': 42, 'depth': 1, 'rep_dropout': 0.001392016062942589, 'train_learning_rate': 0.0012308713829856457, 'train_lr_reduce': 0.6}. Best is trial 558 with value: 0.30280801653862.
[I 2024-12-20 00:31:01,694] Trial 1061 finished with value: 1.338417649269104 and parameters: {'mlp_n_layers': 3, 'mlp_dim_00': 336, 'mlp_dim_01': 218, 'mlp_dim_02': 326, 'node_hidden_dim': 111, 'edge_hidden_dim': 52, 'depth': 4, 'rep_dropout': 0.1356551256396441, 'train_learning_rate': 0.0005552672671466475, 'train_lr_reduce': 0.6}. Best is trial 558 with value: 0.30280801653862.
[I 2024-12-20 00:31:03,960] Trial 1060 finished with value: 0.38984766602516174 and parameters: {'mlp_n_layers': 4, 'mlp_dim_00': 245, 'mlp_dim_01': 223, 'mlp_dim_02': 402, 'mlp_dim_03': 310, 'node_hidden_dim': 108, 'edge_hidden_dim': 75, 'depth': 1, 'rep_dropout': 0.02610587512752754, 'train_learning_rate': 0.0010784712982566376, 'train_lr_reduce': 0.6}. Best is trial 558 with value: 0.30280801653862.
[I 2024-12-20 00:31:05,699] Trial 1063 finished with value: 1.5208039283752441 and parameters: {'mlp_n_layers': 4, 'mlp_dim_00': 441, 'mlp_dim_01': 204, 'mlp_dim_02': 276, 'mlp_dim_03': 313, 'node_hidden_dim': 127, 'edge_hidden_dim': 51, 'depth': 1, 'rep_dropout': 0.0023514005743209727, 'train_learning_rate': 0.001287460478153628, 'train_lr_reduce': 0.6}. Best is trial 558 with value: 0.30280801653862.
[I 2024-12-20 00:31:18,830] Trial 1064 finished with value: 0.37720227241516113 and parameters: {'mlp_n_layers': 4, 'mlp_dim_00': 208, 'mlp_dim_01': 225, 'mlp_dim_02': 288, 'mlp_dim_03': 322, 'node_hidden_dim': 117, 'edge_hidden_dim': 57, 'depth': 1, 'rep_dropout': 0.025254736303962466, 'train_learning_rate': 0.0009976463677514166, 'train_lr_reduce': 0.6}. Best is trial 558 with value: 0.30280801653862.
[I 2024-12-20 00:31:22,457] Trial 1066 finished with value: 1.4347383975982666 and parameters: {'mlp_n_layers': 2, 'mlp_dim_00': 202, 'mlp_dim_01': 231, 'node_hidden_dim': 122, 'edge_hidden_dim': 47, 'depth': 1, 'rep_dropout': 0.00985888884534706, 'train_learning_rate': 0.0012498460604457445, 'train_lr_reduce': 0.6}. Best is trial 558 with value: 0.30280801653862.
[I 2024-12-20 00:31:22,522] Trial 1062 finished with value: 0.342719167470932 and parameters: {'mlp_n_layers': 3, 'mlp_dim_00': 117, 'mlp_dim_01': 212, 'mlp_dim_02': 281, 'node_hidden_dim': 114, 'edge_hidden_dim': 37, 'depth': 1, 'rep_dropout': 0.01114890242735163, 'train_learning_rate': 0.0008964957688664058, 'train_lr_reduce': 0.6}. Best is trial 558 with value: 0.30280801653862.
[I 2024-12-20 00:31:26,379] Trial 1067 finished with value: 1.4783952236175537 and parameters: {'mlp_n_layers': 4, 'mlp_dim_00': 389, 'mlp_dim_01': 234, 'mlp_dim_02': 297, 'mlp_dim_03': 324, 'node_hidden_dim': 109, 'edge_hidden_dim': 34, 'depth': 1, 'rep_dropout': 0.010095499289260415, 'train_learning_rate': 0.0021397582890915817, 'train_lr_reduce': 0.6}. Best is trial 558 with value: 0.30280801653862.
[I 2024-12-20 00:31:33,577] Trial 1065 finished with value: 0.35787826776504517 and parameters: {'mlp_n_layers': 4, 'mlp_dim_00': 167, 'mlp_dim_01': 199, 'mlp_dim_02': 261, 'mlp_dim_03': 300, 'node_hidden_dim': 127, 'edge_hidden_dim': 58, 'depth': 1, 'rep_dropout': 0.009780195450904541, 'train_learning_rate': 0.0012734270925426861, 'train_lr_reduce': 0.6}. Best is trial 558 with value: 0.30280801653862.
[I 2024-12-20 00:31:37,207] Trial 1070 finished with value: 1.489928126335144 and parameters: {'mlp_n_layers': 4, 'mlp_dim_00': 356, 'mlp_dim_01': 183, 'mlp_dim_02': 444, 'mlp_dim_03': 337, 'node_hidden_dim': 120, 'edge_hidden_dim': 37, 'depth': 1, 'rep_dropout': 0.004466774604123076, 'train_learning_rate': 0.00141752095357446, 'train_lr_reduce': 0.6}. Best is trial 558 with value: 0.30280801653862.
[I 2024-12-20 00:31:38,768] Trial 1068 finished with value: 0.41408035159111023 and parameters: {'mlp_n_layers': 4, 'mlp_dim_00': 256, 'mlp_dim_01': 239, 'mlp_dim_02': 304, 'mlp_dim_03': 281, 'node_hidden_dim': 121, 'edge_hidden_dim': 44, 'depth': 1, 'rep_dropout': 0.015989619993384337, 'train_learning_rate': 0.0009135804779828688, 'train_lr_reduce': 0.6}. Best is trial 558 with value: 0.30280801653862.
[I 2024-12-20 00:31:41,727] Trial 1069 finished with value: 0.38195180892944336 and parameters: {'mlp_n_layers': 3, 'mlp_dim_00': 242, 'mlp_dim_01': 237, 'mlp_dim_02': 335, 'node_hidden_dim': 128, 'edge_hidden_dim': 44, 'depth': 1, 'rep_dropout': 0.004529431599592263, 'train_learning_rate': 0.0012541481207116278, 'train_lr_reduce': 0.6}. Best is trial 558 with value: 0.30280801653862.
[I 2024-12-20 00:31:42,843] Trial 1072 finished with value: 1.551302194595337 and parameters: {'mlp_n_layers': 4, 'mlp_dim_00': 512, 'mlp_dim_01': 257, 'mlp_dim_02': 358, 'mlp_dim_03': 291, 'node_hidden_dim': 127, 'edge_hidden_dim': 48, 'depth': 2, 'rep_dropout': 0.01357954079873119, 'train_learning_rate': 0.0010179505967096182, 'train_lr_reduce': 0.6}. Best is trial 558 with value: 0.30280801653862.
[I 2024-12-20 00:31:50,644] Trial 1071 finished with value: 0.3953069746494293 and parameters: {'mlp_n_layers': 4, 'mlp_dim_00': 244, 'mlp_dim_01': 192, 'mlp_dim_02': 263, 'mlp_dim_03': 336, 'node_hidden_dim': 105, 'edge_hidden_dim': 49, 'depth': 1, 'rep_dropout': 0.004443181585127064, 'train_learning_rate': 0.00321887918045614, 'train_lr_reduce': 0.6}. Best is trial 558 with value: 0.30280801653862.
[I 2024-12-20 00:31:54,686] Trial 1075 finished with value: 1.5706660747528076 and parameters: {'mlp_n_layers': 3, 'mlp_dim_00': 64, 'mlp_dim_01': 258, 'mlp_dim_02': 317, 'node_hidden_dim': 127, 'edge_hidden_dim': 37, 'depth': 1, 'rep_dropout': 0.044166454033749386, 'train_learning_rate': 0.0003235552164294137, 'train_lr_reduce': 0.6}. Best is trial 558 with value: 0.30280801653862.
[I 2024-12-20 00:31:56,395] Trial 1073 finished with value: 0.3192853033542633 and parameters: {'mlp_n_layers': 4, 'mlp_dim_00': 247, 'mlp_dim_01': 251, 'mlp_dim_02': 248, 'mlp_dim_03': 338, 'node_hidden_dim': 126, 'edge_hidden_dim': 50, 'depth': 1, 'rep_dropout': 0.015163957382010675, 'train_learning_rate': 0.0016755233507133513, 'train_lr_reduce': 0.6}. Best is trial 558 with value: 0.30280801653862.
[I 2024-12-20 00:32:00,357] Trial 1077 finished with value: 1.5490221977233887 and parameters: {'mlp_n_layers': 4, 'mlp_dim_00': 284, 'mlp_dim_01': 245, 'mlp_dim_02': 253, 'mlp_dim_03': 332, 'node_hidden_dim': 125, 'edge_hidden_dim': 63, 'depth': 2, 'rep_dropout': 0.04783633216149308, 'train_learning_rate': 0.001301563509373593, 'train_lr_reduce': 0.6}. Best is trial 558 with value: 0.30280801653862.
[I 2024-12-20 00:32:01,788] Trial 1074 finished with value: 0.3965892493724823 and parameters: {'mlp_n_layers': 4, 'mlp_dim_00': 458, 'mlp_dim_01': 192, 'mlp_dim_02': 394, 'mlp_dim_03': 254, 'node_hidden_dim': 127, 'edge_hidden_dim': 49, 'depth': 1, 'rep_dropout': 0.03167349001576486, 'train_learning_rate': 0.0006988889328093328, 'train_lr_reduce': 0.6}. Best is trial 558 with value: 0.30280801653862.
[I 2024-12-20 00:32:16,110] Trial 1079 finished with value: 0.38318416476249695 and parameters: {'mlp_n_layers': 4, 'mlp_dim_00': 281, 'mlp_dim_01': 253, 'mlp_dim_02': 428, 'mlp_dim_03': 330, 'node_hidden_dim': 121, 'edge_hidden_dim': 67, 'depth': 1, 'rep_dropout': 0.0035817529625570476, 'train_learning_rate': 0.0016913071901893438, 'train_lr_reduce': 0.6}. Best is trial 558 with value: 0.30280801653862.
[I 2024-12-20 00:32:17,520] Trial 1078 finished with value: 0.40940800309181213 and parameters: {'mlp_n_layers': 4, 'mlp_dim_00': 220, 'mlp_dim_01': 248, 'mlp_dim_02': 249, 'mlp_dim_03': 334, 'node_hidden_dim': 122, 'edge_hidden_dim': 76, 'depth': 1, 'rep_dropout': 0.004953859593420401, 'train_learning_rate': 0.0010962224996867382, 'train_lr_reduce': 0.6}. Best is trial 558 with value: 0.30280801653862.
[I 2024-12-20 00:32:20,703] Trial 1080 finished with value: 1.573464035987854 and parameters: {'mlp_n_layers': 1, 'mlp_dim_00': 83, 'node_hidden_dim': 95, 'edge_hidden_dim': 90, 'depth': 1, 'rep_dropout': 0.1272931765948442, 'train_learning_rate': 0.00017073587317031357, 'train_lr_reduce': 0.6}. Best is trial 558 with value: 0.30280801653862.
[I 2024-12-20 00:32:26,877] Trial 1076 finished with value: 0.3885599672794342 and parameters: {'mlp_n_layers': 4, 'mlp_dim_00': 503, 'mlp_dim_01': 255, 'mlp_dim_02': 365, 'mlp_dim_03': 294, 'node_hidden_dim': 101, 'edge_hidden_dim': 75, 'depth': 1, 'rep_dropout': 0.0021829119389126603, 'train_learning_rate': 0.000670521211930136, 'train_lr_reduce': 0.6}. Best is trial 558 with value: 0.30280801653862.
[I 2024-12-20 00:32:33,799] Trial 1081 finished with value: 0.3415462076663971 and parameters: {'mlp_n_layers': 3, 'mlp_dim_00': 271, 'mlp_dim_01': 199, 'mlp_dim_02': 235, 'node_hidden_dim': 125, 'edge_hidden_dim': 58, 'depth': 1, 'rep_dropout': 0.00035039639260715794, 'train_learning_rate': 0.001996618616730899, 'train_lr_reduce': 0.6}. Best is trial 558 with value: 0.30280801653862.
[I 2024-12-20 00:32:33,979] Trial 1083 finished with value: 1.303100347518921 and parameters: {'mlp_n_layers': 4, 'mlp_dim_00': 383, 'mlp_dim_01': 200, 'mlp_dim_02': 338, 'mlp_dim_03': 342, 'node_hidden_dim': 128, 'edge_hidden_dim': 34, 'depth': 2, 'rep_dropout': 0.0054597332960101205, 'train_learning_rate': 0.001473649089403906, 'train_lr_reduce': 0.6}. Best is trial 558 with value: 0.30280801653862.
[I 2024-12-20 00:32:36,775] Trial 1082 finished with value: 0.33097758889198303 and parameters: {'mlp_n_layers': 4, 'mlp_dim_00': 403, 'mlp_dim_01': 242, 'mlp_dim_02': 393, 'mlp_dim_03': 300, 'node_hidden_dim': 61, 'edge_hidden_dim': 88, 'depth': 1, 'rep_dropout': 0.07382153917309514, 'train_learning_rate': 0.002809286093346967, 'train_lr_reduce': 0.6}. Best is trial 558 with value: 0.30280801653862.
[I 2024-12-20 00:32:41,079] Trial 1086 finished with value: 1.3354604244232178 and parameters: {'mlp_n_layers': 4, 'mlp_dim_00': 465, 'mlp_dim_01': 181, 'mlp_dim_02': 425, 'mlp_dim_03': 256, 'node_hidden_dim': 58, 'edge_hidden_dim': 92, 'depth': 1, 'rep_dropout': 0.06661189303095137, 'train_learning_rate': 0.0034223068633235858, 'train_lr_reduce': 0.6}. Best is trial 558 with value: 0.30280801653862.
[I 2024-12-20 00:32:45,814] Trial 1087 finished with value: 1.489840030670166 and parameters: {'mlp_n_layers': 4, 'mlp_dim_00': 462, 'mlp_dim_01': 225, 'mlp_dim_02': 409, 'mlp_dim_03': 283, 'node_hidden_dim': 74, 'edge_hidden_dim': 111, 'depth': 1, 'rep_dropout': 0.06954302034245909, 'train_learning_rate': 0.001602678011087286, 'train_lr_reduce': 0.6}. Best is trial 558 with value: 0.30280801653862.
[I 2024-12-20 00:32:50,790] Trial 1088 finished with value: 1.41537606716156 and parameters: {'mlp_n_layers': 3, 'mlp_dim_00': 386, 'mlp_dim_01': 208, 'mlp_dim_02': 374, 'node_hidden_dim': 61, 'edge_hidden_dim': 85, 'depth': 1, 'rep_dropout': 0.0958666932776533, 'train_learning_rate': 0.005172254362123037, 'train_lr_reduce': 0.6}. Best is trial 558 with value: 0.30280801653862.
[I 2024-12-20 00:32:56,911] Trial 1084 finished with value: 0.36902767419815063 and parameters: {'mlp_n_layers': 4, 'mlp_dim_00': 300, 'mlp_dim_01': 256, 'mlp_dim_02': 454, 'mlp_dim_03': 291, 'node_hidden_dim': 126, 'edge_hidden_dim': 42, 'depth': 1, 'rep_dropout': 0.025627670664793226, 'train_learning_rate': 0.0010746688428964184, 'train_lr_reduce': 0.6}. Best is trial 558 with value: 0.30280801653862.
[I 2024-12-20 00:33:06,107] Trial 1085 finished with value: 0.38224995136260986 and parameters: {'mlp_n_layers': 3, 'mlp_dim_00': 198, 'mlp_dim_01': 247, 'mlp_dim_02': 367, 'node_hidden_dim': 122, 'edge_hidden_dim': 39, 'depth': 1, 'rep_dropout': 0.015668008519773166, 'train_learning_rate': 0.0019156125253833982, 'train_lr_reduce': 0.6}. Best is trial 558 with value: 0.30280801653862.
[I 2024-12-20 00:33:09,057] Trial 1090 finished with value: 0.41502633690834045 and parameters: {'mlp_n_layers': 4, 'mlp_dim_00': 210, 'mlp_dim_01': 189, 'mlp_dim_02': 402, 'mlp_dim_03': 291, 'node_hidden_dim': 125, 'edge_hidden_dim': 72, 'depth': 1, 'rep_dropout': 0.0011708293342378197, 'train_learning_rate': 0.0039205977100702305, 'train_lr_reduce': 0.6}. Best is trial 558 with value: 0.30280801653862.
[I 2024-12-20 00:33:11,501] Trial 1089 finished with value: 0.31999221444129944 and parameters: {'mlp_n_layers': 4, 'mlp_dim_00': 227, 'mlp_dim_01': 257, 'mlp_dim_02': 413, 'mlp_dim_03': 259, 'node_hidden_dim': 123, 'edge_hidden_dim': 40, 'depth': 1, 'rep_dropout': 0.009753459950854068, 'train_learning_rate': 0.0011153462486457317, 'train_lr_reduce': 0.6}. Best is trial 558 with value: 0.30280801653862.
[I 2024-12-20 00:33:15,707] Trial 1093 finished with value: 1.4981263875961304 and parameters: {'mlp_n_layers': 4, 'mlp_dim_00': 381, 'mlp_dim_01': 266, 'mlp_dim_02': 430, 'mlp_dim_03': 241, 'node_hidden_dim': 41, 'edge_hidden_dim': 100, 'depth': 1, 'rep_dropout': 0.040069512847422, 'train_learning_rate': 0.0022330525483471985, 'train_lr_reduce': 0.6}. Best is trial 558 with value: 0.30280801653862.
[I 2024-12-20 00:33:17,434] Trial 1091 finished with value: 0.4418415129184723 and parameters: {'mlp_n_layers': 4, 'mlp_dim_00': 221, 'mlp_dim_01': 203, 'mlp_dim_02': 410, 'mlp_dim_03': 311, 'node_hidden_dim': 114, 'edge_hidden_dim': 63, 'depth': 1, 'rep_dropout': 0.012135036173676832, 'train_learning_rate': 0.001600517831128763, 'train_lr_reduce': 0.6}. Best is trial 558 with value: 0.30280801653862.
[I 2024-12-20 00:33:21,275] Trial 1092 finished with value: 0.3907087445259094 and parameters: {'mlp_n_layers': 4, 'mlp_dim_00': 311, 'mlp_dim_01': 277, 'mlp_dim_02': 453, 'mlp_dim_03': 246, 'node_hidden_dim': 70, 'edge_hidden_dim': 92, 'depth': 1, 'rep_dropout': 0.05984047100405498, 'train_learning_rate': 0.002029156646183381, 'train_lr_reduce': 0.6}. Best is trial 558 with value: 0.30280801653862.
[I 2024-12-20 00:33:21,744] Trial 1095 finished with value: 1.5165328979492188 and parameters: {'mlp_n_layers': 3, 'mlp_dim_00': 409, 'mlp_dim_01': 242, 'mlp_dim_02': 453, 'node_hidden_dim': 127, 'edge_hidden_dim': 53, 'depth': 2, 'rep_dropout': 0.0045411070807261115, 'train_learning_rate': 0.0026176842806334417, 'train_lr_reduce': 0.6}. Best is trial 558 with value: 0.30280801653862.
[I 2024-12-20 00:33:24,963] Trial 1096 finished with value: 1.5201538801193237 and parameters: {'mlp_n_layers': 4, 'mlp_dim_00': 258, 'mlp_dim_01': 259, 'mlp_dim_02': 394, 'mlp_dim_03': 230, 'node_hidden_dim': 124, 'edge_hidden_dim': 38, 'depth': 2, 'rep_dropout': 0.005181298870853014, 'train_learning_rate': 0.001550546083032143, 'train_lr_reduce': 0.6}. Best is trial 558 with value: 0.30280801653862.
[I 2024-12-20 00:33:25,502] Trial 1097 finished with value: 1.481725811958313 and parameters: {'mlp_n_layers': 4, 'mlp_dim_00': 349, 'mlp_dim_01': 223, 'mlp_dim_02': 420, 'mlp_dim_03': 256, 'node_hidden_dim': 64, 'edge_hidden_dim': 89, 'depth': 1, 'rep_dropout': 0.10808575461583975, 'train_learning_rate': 0.0018661495085130386, 'train_lr_reduce': 0.6}. Best is trial 558 with value: 0.30280801653862.
[I 2024-12-20 00:33:27,585] Trial 1094 finished with value: 0.38907718658447266 and parameters: {'mlp_n_layers': 4, 'mlp_dim_00': 273, 'mlp_dim_01': 242, 'mlp_dim_02': 417, 'mlp_dim_03': 236, 'node_hidden_dim': 124, 'edge_hidden_dim': 56, 'depth': 1, 'rep_dropout': 0.02434439822082038, 'train_learning_rate': 0.0010652415637522857, 'train_lr_reduce': 0.6}. Best is trial 558 with value: 0.30280801653862.
[I 2024-12-20 00:33:28,969] Trial 1098 finished with value: 1.3492456674575806 and parameters: {'mlp_n_layers': 3, 'mlp_dim_00': 374, 'mlp_dim_01': 264, 'mlp_dim_02': 472, 'node_hidden_dim': 45, 'edge_hidden_dim': 98, 'depth': 1, 'rep_dropout': 0.062363145743697376, 'train_learning_rate': 0.006878849438813836, 'train_lr_reduce': 0.6}. Best is trial 558 with value: 0.30280801653862.
[I 2024-12-20 00:33:30,776] Trial 1099 finished with value: 1.4716973304748535 and parameters: {'mlp_n_layers': 2, 'mlp_dim_00': 264, 'mlp_dim_01': 262, 'node_hidden_dim': 123, 'edge_hidden_dim': 118, 'depth': 4, 'rep_dropout': 0.06586049179773225, 'train_learning_rate': 0.0072200838732802, 'train_lr_reduce': 0.6}. Best is trial 558 with value: 0.30280801653862.
[I 2024-12-20 00:33:32,305] Trial 1101 finished with value: 1.5277013778686523 and parameters: {'mlp_n_layers': 4, 'mlp_dim_00': 400, 'mlp_dim_01': 217, 'mlp_dim_02': 423, 'mlp_dim_03': 267, 'node_hidden_dim': 65, 'edge_hidden_dim': 81, 'depth': 1, 'rep_dropout': 0.0686965663738032, 'train_learning_rate': 0.0012528350281303885, 'train_lr_reduce': 0.6}. Best is trial 558 with value: 0.30280801653862.
[I 2024-12-20 00:33:34,207] Trial 1102 finished with value: 1.4627605676651 and parameters: {'mlp_n_layers': 4, 'mlp_dim_00': 384, 'mlp_dim_01': 248, 'mlp_dim_02': 400, 'mlp_dim_03': 344, 'node_hidden_dim': 66, 'edge_hidden_dim': 72, 'depth': 1, 'rep_dropout': 0.07942346504882987, 'train_learning_rate': 0.002190874767904231, 'train_lr_reduce': 0.6}. Best is trial 558 with value: 0.30280801653862.
[I 2024-12-20 00:33:35,897] Trial 1103 finished with value: 1.292986273765564 and parameters: {'mlp_n_layers': 4, 'mlp_dim_00': 428, 'mlp_dim_01': 267, 'mlp_dim_02': 391, 'mlp_dim_03': 291, 'node_hidden_dim': 82, 'edge_hidden_dim': 100, 'depth': 2, 'rep_dropout': 0.08147715565640856, 'train_learning_rate': 0.004227242434856715, 'train_lr_reduce': 0.6}. Best is trial 558 with value: 0.30280801653862.
[I 2024-12-20 00:33:54,558] Trial 1100 finished with value: 0.37072744965553284 and parameters: {'mlp_n_layers': 3, 'mlp_dim_00': 423, 'mlp_dim_01': 232, 'mlp_dim_02': 393, 'node_hidden_dim': 66, 'edge_hidden_dim': 91, 'depth': 1, 'rep_dropout': 0.06867755347683338, 'train_learning_rate': 0.0035200129196959603, 'train_lr_reduce': 0.6}. Best is trial 558 with value: 0.30280801653862.
[I 2024-12-20 00:33:55,601] Trial 1104 finished with value: 0.38045454025268555 and parameters: {'mlp_n_layers': 4, 'mlp_dim_00': 371, 'mlp_dim_01': 181, 'mlp_dim_02': 391, 'mlp_dim_03': 341, 'node_hidden_dim': 45, 'edge_hidden_dim': 108, 'depth': 1, 'rep_dropout': 0.11433010666633389, 'train_learning_rate': 0.0025786954528972407, 'train_lr_reduce': 0.6}. Best is trial 558 with value: 0.30280801653862.
[I 2024-12-20 00:33:57,286] Trial 1105 finished with value: 0.3650181293487549 and parameters: {'mlp_n_layers': 4, 'mlp_dim_00': 475, 'mlp_dim_01': 278, 'mlp_dim_02': 477, 'mlp_dim_03': 356, 'node_hidden_dim': 119, 'edge_hidden_dim': 32, 'depth': 1, 'rep_dropout': 0.03671998044255574, 'train_learning_rate': 0.0017827328016886716, 'train_lr_reduce': 0.6}. Best is trial 558 with value: 0.30280801653862.
