[I 2024-12-04 17:38:55,555] Trial 892 finished with value: 0.31621607658062895 and parameters: {'n_estimators': 889, 'max_depth': 6, 'learning_rate': 0.07246278718733945, 'subsample': 0.7677274383511399, 'colsample_bytree': 0.7223905302513803, 'min_child_weight': 2, 'gamma': 0.0008407925318380619, 'reg_alpha': 3.4609795065331294e-05, 'reg_lambda': 0.016468780490149652}. Best is trial 821 with value: 0.30830442867849367.
[I 2024-12-04 17:38:57,020] Trial 893 finished with value: 0.3130577599408373 and parameters: {'n_estimators': 908, 'max_depth': 6, 'learning_rate': 0.074396149805705, 'subsample': 0.7671657217799788, 'colsample_bytree': 0.7180846797299874, 'min_child_weight': 2, 'gamma': 0.0007266248954880826, 'reg_alpha': 3.720730459781038e-05, 'reg_lambda': 0.015371689247275899}. Best is trial 821 with value: 0.30830442867849367.
[I 2024-12-04 17:38:58,482] Trial 894 finished with value: 0.31529137050316713 and parameters: {'n_estimators': 893, 'max_depth': 6, 'learning_rate': 0.07352176493096818, 'subsample': 0.7675699077419702, 'colsample_bytree': 0.7253074356798449, 'min_child_weight': 2, 'gamma': 0.0006036915619698113, 'reg_alpha': 3.7463652564054636e-05, 'reg_lambda': 0.014676720600715303}. Best is trial 821 with value: 0.30830442867849367.
[I 2024-12-04 17:38:59,893] Trial 895 finished with value: 0.3148813856280436 and parameters: {'n_estimators': 894, 'max_depth': 6, 'learning_rate': 0.0733563708593351, 'subsample': 0.7676031520494208, 'colsample_bytree': 0.7207610133020678, 'min_child_weight': 2, 'gamma': 0.0007095448744690071, 'reg_alpha': 2.8657268685198104e-05, 'reg_lambda': 0.0153082141060556}. Best is trial 821 with value: 0.30830442867849367.
[I 2024-12-04 17:39:01,288] Trial 896 finished with value: 0.31358106330795293 and parameters: {'n_estimators': 894, 'max_depth': 6, 'learning_rate': 0.07341492966723072, 'subsample': 0.7674046109826231, 'colsample_bytree': 0.7225961365825254, 'min_child_weight': 2, 'gamma': 0.0007969388441731063, 'reg_alpha': 4.0245918848519405e-05, 'reg_lambda': 0.019922418075602046}. Best is trial 821 with value: 0.30830442867849367.
[I 2024-12-04 17:39:02,746] Trial 897 finished with value: 0.31342330429626014 and parameters: {'n_estimators': 910, 'max_depth': 6, 'learning_rate': 0.0723578581328187, 'subsample': 0.7661605163740521, 'colsample_bytree': 0.7229931269370335, 'min_child_weight': 2, 'gamma': 0.0006669748644900133, 'reg_alpha': 2.964322845541449e-05, 'reg_lambda': 0.01697554590459153}. Best is trial 821 with value: 0.30830442867849367.
[I 2024-12-04 17:39:04,153] Trial 898 finished with value: 0.31428955454969576 and parameters: {'n_estimators': 896, 'max_depth': 6, 'learning_rate': 0.07324220666158633, 'subsample': 0.7688459587642792, 'colsample_bytree': 0.7194372509653167, 'min_child_weight': 2, 'gamma': 0.000575775725410389, 'reg_alpha': 2.9035165156587437e-05, 'reg_lambda': 0.016670512996186236}. Best is trial 821 with value: 0.30830442867849367.
[I 2024-12-04 17:39:05,658] Trial 899 finished with value: 0.3210385238964154 and parameters: {'n_estimators': 900, 'max_depth': 6, 'learning_rate': 0.07636245845747157, 'subsample': 0.7646073759728313, 'colsample_bytree': 0.7242576730190781, 'min_child_weight': 2, 'gamma': 0.000535279728565134, 'reg_alpha': 4.024121478373548e-05, 'reg_lambda': 0.019017284513913116}. Best is trial 821 with value: 0.30830442867849367.
[I 2024-12-04 17:39:07,195] Trial 900 finished with value: 0.31453705458573655 and parameters: {'n_estimators': 905, 'max_depth': 6, 'learning_rate': 0.07278888469771402, 'subsample': 0.7666926293574251, 'colsample_bytree': 0.7184036002958903, 'min_child_weight': 2, 'gamma': 0.0007502496522157279, 'reg_alpha': 3.34833150717327e-05, 'reg_lambda': 0.017374571852059952}. Best is trial 821 with value: 0.30830442867849367.
[I 2024-12-04 17:39:08,673] Trial 901 finished with value: 0.3164164010044819 and parameters: {'n_estimators': 913, 'max_depth': 6, 'learning_rate': 0.07364304992349605, 'subsample': 0.7667067444346325, 'colsample_bytree': 0.7183262497420749, 'min_child_weight': 2, 'gamma': 0.00071430402575775, 'reg_alpha': 3.442794863807895e-05, 'reg_lambda': 0.016065103566086873}. Best is trial 821 with value: 0.30830442867849367.
[I 2024-12-04 17:39:10,106] Trial 902 finished with value: 0.31809608880375856 and parameters: {'n_estimators': 910, 'max_depth': 6, 'learning_rate': 0.07260848573439921, 'subsample': 0.7665137786203355, 'colsample_bytree': 0.7204281637422025, 'min_child_weight': 2, 'gamma': 0.0007575292084031101, 'reg_alpha': 3.385480904600791e-05, 'reg_lambda': 0.01642358587405244}. Best is trial 821 with value: 0.30830442867849367.
[I 2024-12-04 17:39:11,538] Trial 903 finished with value: 0.3098079329588476 and parameters: {'n_estimators': 918, 'max_depth': 6, 'learning_rate': 0.07453816035239516, 'subsample': 0.7684297238164084, 'colsample_bytree': 0.7168943772278004, 'min_child_weight': 2, 'gamma': 0.000675080716340032, 'reg_alpha': 3.386645709176414e-05, 'reg_lambda': 0.016747037002605072}. Best is trial 821 with value: 0.30830442867849367.
[I 2024-12-04 17:39:12,948] Trial 904 finished with value: 0.30977945958261704 and parameters: {'n_estimators': 902, 'max_depth': 6, 'learning_rate': 0.0734088333768652, 'subsample': 0.7668179099760097, 'colsample_bytree': 0.7209318462658277, 'min_child_weight': 2, 'gamma': 0.0007926104743166281, 'reg_alpha': 3.528270699556876e-05, 'reg_lambda': 0.014307100075354044}. Best is trial 821 with value: 0.30830442867849367.
[I 2024-12-04 17:39:14,536] Trial 905 finished with value: 0.314825878490805 and parameters: {'n_estimators': 914, 'max_depth': 6, 'learning_rate': 0.07379058774919432, 'subsample': 0.7680998195360853, 'colsample_bytree': 0.719978684324511, 'min_child_weight': 2, 'gamma': 0.000738672502279345, 'reg_alpha': 3.765459095272547e-05, 'reg_lambda': 0.015187354768329104}. Best is trial 821 with value: 0.30830442867849367.
[I 2024-12-04 17:39:16,061] Trial 906 finished with value: 0.31668923688477046 and parameters: {'n_estimators': 890, 'max_depth': 6, 'learning_rate': 0.07449699338842346, 'subsample': 0.7668822812010747, 'colsample_bytree': 0.7209371365244531, 'min_child_weight': 2, 'gamma': 0.000620767601247191, 'reg_alpha': 3.2819237986997316e-05, 'reg_lambda': 0.015583027505652535}. Best is trial 821 with value: 0.30830442867849367.
[I 2024-12-04 17:39:17,503] Trial 907 finished with value: 0.3177113418084156 and parameters: {'n_estimators': 907, 'max_depth': 6, 'learning_rate': 0.0741057846627995, 'subsample': 0.7656045825839348, 'colsample_bytree': 0.7205580258767968, 'min_child_weight': 2, 'gamma': 0.0007674142509346179, 'reg_alpha': 3.378558289893558e-05, 'reg_lambda': 0.01780609241424025}. Best is trial 821 with value: 0.30830442867849367.
[I 2024-12-04 17:39:19,076] Trial 908 finished with value: 0.3180533091113554 and parameters: {'n_estimators': 905, 'max_depth': 6, 'learning_rate': 0.07296365189515583, 'subsample': 0.7688326070427614, 'colsample_bytree': 0.7228787491624038, 'min_child_weight': 2, 'gamma': 0.0008070104116368249, 'reg_alpha': 3.9503862815176013e-05, 'reg_lambda': 0.014903378895551085}. Best is trial 821 with value: 0.30830442867849367.
[I 2024-12-04 17:39:20,585] Trial 909 finished with value: 0.3127895700696091 and parameters: {'n_estimators': 906, 'max_depth': 6, 'learning_rate': 0.07479870534324028, 'subsample': 0.7676069642270705, 'colsample_bytree': 0.7178254436901298, 'min_child_weight': 2, 'gamma': 0.0007823634231000593, 'reg_alpha': 5.1701553568122885e-05, 'reg_lambda': 0.01575935379087393}. Best is trial 821 with value: 0.30830442867849367.
[I 2024-12-04 17:39:22,078] Trial 910 finished with value: 0.3109145050106422 and parameters: {'n_estimators': 909, 'max_depth': 6, 'learning_rate': 0.07257976338209766, 'subsample': 0.7700753280394066, 'colsample_bytree': 0.7212579215027712, 'min_child_weight': 2, 'gamma': 0.0007693756776116188, 'reg_alpha': 3.232100818521499e-05, 'reg_lambda': 0.01606910811155741}. Best is trial 821 with value: 0.30830442867849367.
[I 2024-12-04 17:39:23,618] Trial 911 finished with value: 0.31561398685659436 and parameters: {'n_estimators': 924, 'max_depth': 6, 'learning_rate': 0.07376333815647411, 'subsample': 0.7679774345444954, 'colsample_bytree': 0.7157021369973764, 'min_child_weight': 2, 'gamma': 0.0007144711852540072, 'reg_alpha': 2.8918768709977847e-05, 'reg_lambda': 0.016072678717896593}. Best is trial 821 with value: 0.30830442867849367.
[I 2024-12-04 17:39:25,176] Trial 912 finished with value: 0.31862614794711497 and parameters: {'n_estimators': 910, 'max_depth': 6, 'learning_rate': 0.07567707629933935, 'subsample': 0.7689857686102196, 'colsample_bytree': 0.7120314095827104, 'min_child_weight': 2, 'gamma': 0.0006757742177710023, 'reg_alpha': 3.1229276253892146e-05, 'reg_lambda': 0.016897138784079793}. Best is trial 821 with value: 0.30830442867849367.
[I 2024-12-04 17:39:26,652] Trial 913 finished with value: 0.3162273394462185 and parameters: {'n_estimators': 900, 'max_depth': 6, 'learning_rate': 0.07250893883892194, 'subsample': 0.7696981829758802, 'colsample_bytree': 0.7219777050108028, 'min_child_weight': 2, 'gamma': 0.0007027119266647896, 'reg_alpha': 2.9527159420057407e-05, 'reg_lambda': 0.012953447968236295}. Best is trial 821 with value: 0.30830442867849367.
[I 2024-12-04 17:39:28,223] Trial 914 finished with value: 0.3121163501204042 and parameters: {'n_estimators': 915, 'max_depth': 6, 'learning_rate': 0.07330207713692631, 'subsample': 0.7673486076719632, 'colsample_bytree': 0.7224838678870229, 'min_child_weight': 2, 'gamma': 0.0007096453439227556, 'reg_alpha': 2.7903318427297077e-05, 'reg_lambda': 0.015739474580062876}. Best is trial 821 with value: 0.30830442867849367.
[I 2024-12-04 17:39:29,646] Trial 915 finished with value: 0.3182708332678033 and parameters: {'n_estimators': 899, 'max_depth': 6, 'learning_rate': 0.07391546913224024, 'subsample': 0.7645617705454405, 'colsample_bytree': 0.7187043394021335, 'min_child_weight': 2, 'gamma': 0.0007377394082471822, 'reg_alpha': 3.483243169383386e-05, 'reg_lambda': 0.013998739585498307}. Best is trial 821 with value: 0.30830442867849367.
[I 2024-12-04 17:39:31,067] Trial 916 finished with value: 0.31613626058744065 and parameters: {'n_estimators': 902, 'max_depth': 6, 'learning_rate': 0.07233623261829826, 'subsample': 0.770459855192118, 'colsample_bytree': 0.7205512575162722, 'min_child_weight': 2, 'gamma': 0.0007332403086608885, 'reg_alpha': 2.8212960763878133e-05, 'reg_lambda': 0.016219060983986365}. Best is trial 821 with value: 0.30830442867849367.
[I 2024-12-04 17:39:32,633] Trial 917 finished with value: 0.3129480363440272 and parameters: {'n_estimators': 912, 'max_depth': 6, 'learning_rate': 0.07216276809541491, 'subsample': 0.7672150784774557, 'colsample_bytree': 0.7215723372198481, 'min_child_weight': 2, 'gamma': 0.0007806465334071704, 'reg_alpha': 2.9520329644329613e-05, 'reg_lambda': 0.015847426005916376}. Best is trial 821 with value: 0.30830442867849367.
[I 2024-12-04 17:39:34,168] Trial 918 finished with value: 0.3128228568970785 and parameters: {'n_estimators': 889, 'max_depth': 6, 'learning_rate': 0.0729778424155931, 'subsample': 0.766829706736365, 'colsample_bytree': 0.7210755525057899, 'min_child_weight': 2, 'gamma': 0.0009942110208750739, 'reg_alpha': 4.1668132368219394e-05, 'reg_lambda': 0.013484415791353352}. Best is trial 821 with value: 0.30830442867849367.
[I 2024-12-04 17:39:35,706] Trial 919 finished with value: 0.31482691603981494 and parameters: {'n_estimators': 904, 'max_depth': 6, 'learning_rate': 0.07318930612128982, 'subsample': 0.7704054518522793, 'colsample_bytree': 0.7151492579566208, 'min_child_weight': 2, 'gamma': 0.0007364687098483184, 'reg_alpha': 3.826526487679366e-05, 'reg_lambda': 0.014824405543862492}. Best is trial 821 with value: 0.30830442867849367.
[I 2024-12-04 17:39:37,143] Trial 920 finished with value: 0.309148845514711 and parameters: {'n_estimators': 903, 'max_depth': 6, 'learning_rate': 0.07186545280958344, 'subsample': 0.7694938372734085, 'colsample_bytree': 0.7260365543881825, 'min_child_weight': 2, 'gamma': 0.0008466492113336419, 'reg_alpha': 4.0637669093896164e-05, 'reg_lambda': 0.015533825205708382}. Best is trial 821 with value: 0.30830442867849367.
[I 2024-12-04 17:39:38,690] Trial 921 finished with value: 0.31294333975203986 and parameters: {'n_estimators': 879, 'max_depth': 6, 'learning_rate': 0.07417743703140812, 'subsample': 0.7677738836389858, 'colsample_bytree': 0.7204505285543841, 'min_child_weight': 2, 'gamma': 0.0007880250630614809, 'reg_alpha': 3.624387949728389e-05, 'reg_lambda': 0.01689484401940066}. Best is trial 821 with value: 0.30830442867849367.
[I 2024-12-04 17:39:40,166] Trial 922 finished with value: 0.3132082315820877 and parameters: {'n_estimators': 914, 'max_depth': 6, 'learning_rate': 0.0722287498780971, 'subsample': 0.7708965665151286, 'colsample_bytree': 0.7214841975072854, 'min_child_weight': 2, 'gamma': 0.0008370976740837593, 'reg_alpha': 3.032851807993879e-05, 'reg_lambda': 0.018507549812715778}. Best is trial 821 with value: 0.30830442867849367.
[I 2024-12-04 17:39:41,589] Trial 923 finished with value: 0.3172909879556212 and parameters: {'n_estimators': 916, 'max_depth': 6, 'learning_rate': 0.07345714515046278, 'subsample': 0.7683988046322073, 'colsample_bytree': 0.7206744533575198, 'min_child_weight': 2, 'gamma': 0.0007599888649312141, 'reg_alpha': 3.77719232418827e-05, 'reg_lambda': 0.016400547691337582}. Best is trial 821 with value: 0.30830442867849367.
[I 2024-12-04 17:39:43,079] Trial 924 finished with value: 0.31435013073593854 and parameters: {'n_estimators': 917, 'max_depth': 6, 'learning_rate': 0.07268026577469125, 'subsample': 0.7713710665389876, 'colsample_bytree': 0.7166638571836589, 'min_child_weight': 2, 'gamma': 0.0007322538384134404, 'reg_alpha': 2.9662138265827734e-05, 'reg_lambda': 0.01673712149036673}. Best is trial 821 with value: 0.30830442867849367.
[I 2024-12-04 17:39:44,494] Trial 925 finished with value: 0.3135252850466331 and parameters: {'n_estimators': 920, 'max_depth': 6, 'learning_rate': 0.07228619820107775, 'subsample': 0.7672698339862247, 'colsample_bytree': 0.7208400495256848, 'min_child_weight': 2, 'gamma': 0.000814978736639243, 'reg_alpha': 3.522528867221167e-05, 'reg_lambda': 0.0170295769984191}. Best is trial 821 with value: 0.30830442867849367.
[I 2024-12-04 17:39:45,918] Trial 926 finished with value: 0.3209694066188444 and parameters: {'n_estimators': 892, 'max_depth': 6, 'learning_rate': 0.07218373808090649, 'subsample': 0.7709894010035101, 'colsample_bytree': 0.7199518809158604, 'min_child_weight': 2, 'gamma': 0.0007619850644136289, 'reg_alpha': 3.4930790966096906e-05, 'reg_lambda': 0.014445096982797454}. Best is trial 821 with value: 0.30830442867849367.
[I 2024-12-04 17:39:47,330] Trial 927 finished with value: 0.3156984857586387 and parameters: {'n_estimators': 890, 'max_depth': 6, 'learning_rate': 0.07268805965331036, 'subsample': 0.7701049423368435, 'colsample_bytree': 0.7236214315386172, 'min_child_weight': 2, 'gamma': 0.0008423289197727332, 'reg_alpha': 3.1664154266735854e-05, 'reg_lambda': 0.016733975360853873}. Best is trial 821 with value: 0.30830442867849367.
[I 2024-12-04 17:39:48,731] Trial 928 finished with value: 0.30971213914411744 and parameters: {'n_estimators': 906, 'max_depth': 6, 'learning_rate': 0.07223940149970232, 'subsample': 0.7687187751969995, 'colsample_bytree': 0.7230382619204816, 'min_child_weight': 2, 'gamma': 0.0008346244709009303, 'reg_alpha': 3.744961316292281e-05, 'reg_lambda': 0.015649601549731627}. Best is trial 821 with value: 0.30830442867849367.
[I 2024-12-04 17:39:50,245] Trial 929 finished with value: 0.31448554331161743 and parameters: {'n_estimators': 886, 'max_depth': 6, 'learning_rate': 0.07210442169547962, 'subsample': 0.7701219454215138, 'colsample_bytree': 0.7245131271853447, 'min_child_weight': 2, 'gamma': 0.0008824706764676743, 'reg_alpha': 3.992819769323052e-05, 'reg_lambda': 0.01691974033425724}. Best is trial 821 with value: 0.30830442867849367.
[I 2024-12-04 17:39:51,784] Trial 930 finished with value: 0.312066161977597 and parameters: {'n_estimators': 911, 'max_depth': 6, 'learning_rate': 0.07184774016332456, 'subsample': 0.7720134354922966, 'colsample_bytree': 0.7221406201819438, 'min_child_weight': 2, 'gamma': 0.0008404536759908671, 'reg_alpha': 3.616984614612913e-05, 'reg_lambda': 0.016542289576706556}. Best is trial 821 with value: 0.30830442867849367.
[I 2024-12-04 17:39:53,261] Trial 931 finished with value: 0.3141983601148994 and parameters: {'n_estimators': 885, 'max_depth': 6, 'learning_rate': 0.0707004970506422, 'subsample': 0.7672045916498464, 'colsample_bytree': 0.728305172169737, 'min_child_weight': 2, 'gamma': 0.0009026527869407605, 'reg_alpha': 3.134039326158441e-05, 'reg_lambda': 0.015427843155868941}. Best is trial 821 with value: 0.30830442867849367.
[I 2024-12-04 17:39:54,661] Trial 932 finished with value: 0.31646334625433925 and parameters: {'n_estimators': 906, 'max_depth': 6, 'learning_rate': 0.07284881701846893, 'subsample': 0.770683105448901, 'colsample_bytree': 0.7172259438586851, 'min_child_weight': 2, 'gamma': 0.0008127310157189926, 'reg_alpha': 4.643412803990871e-05, 'reg_lambda': 0.01725540615221635}. Best is trial 821 with value: 0.30830442867849367.
[I 2024-12-04 17:39:56,151] Trial 933 finished with value: 0.3160591486924509 and parameters: {'n_estimators': 919, 'max_depth': 6, 'learning_rate': 0.07097108292132924, 'subsample': 0.7711145243621116, 'colsample_bytree': 0.7225648948042547, 'min_child_weight': 2, 'gamma': 0.0009500115203079946, 'reg_alpha': 3.113426551986583e-05, 'reg_lambda': 0.02096680747671249}. Best is trial 821 with value: 0.30830442867849367.
[I 2024-12-04 17:39:57,693] Trial 934 finished with value: 0.31637387378264115 and parameters: {'n_estimators': 892, 'max_depth': 6, 'learning_rate': 0.07192707169310002, 'subsample': 0.7674942713070456, 'colsample_bytree': 0.7274102956146536, 'min_child_weight': 2, 'gamma': 0.0009612272178153311, 'reg_alpha': 3.931406980521762e-05, 'reg_lambda': 0.014090014128287842}. Best is trial 821 with value: 0.30830442867849367.
[I 2024-12-04 17:39:59,109] Trial 935 finished with value: 0.310913875855483 and parameters: {'n_estimators': 904, 'max_depth': 6, 'learning_rate': 0.0732370217402915, 'subsample': 0.7702579331184475, 'colsample_bytree': 0.7239708418851993, 'min_child_weight': 2, 'gamma': 0.0006823943142682696, 'reg_alpha': 3.782818045463578e-05, 'reg_lambda': 0.01699169988555593}. Best is trial 821 with value: 0.30830442867849367.
[I 2024-12-04 17:40:00,632] Trial 936 finished with value: 0.3154244597762497 and parameters: {'n_estimators': 889, 'max_depth': 6, 'learning_rate': 0.07162430318626749, 'subsample': 0.7724793567091613, 'colsample_bytree': 0.7227601286774525, 'min_child_weight': 2, 'gamma': 0.000909770876289343, 'reg_alpha': 5.04190830495204e-05, 'reg_lambda': 0.01492479917067626}. Best is trial 821 with value: 0.30830442867849367.
[I 2024-12-04 17:40:02,111] Trial 937 finished with value: 0.31962846194612016 and parameters: {'n_estimators': 884, 'max_depth': 6, 'learning_rate': 0.07467849433854942, 'subsample': 0.7681013202347773, 'colsample_bytree': 0.723104768627445, 'min_child_weight': 2, 'gamma': 0.0008052703090059743, 'reg_alpha': 4.417592726214997e-05, 'reg_lambda': 0.016408201827380182}. Best is trial 821 with value: 0.30830442867849367.
[I 2024-12-04 17:40:03,649] Trial 938 finished with value: 0.31110978762553293 and parameters: {'n_estimators': 911, 'max_depth': 6, 'learning_rate': 0.07217532134242997, 'subsample': 0.7704427075433123, 'colsample_bytree': 0.7240798043613008, 'min_child_weight': 2, 'gamma': 0.0007224621017969792, 'reg_alpha': 4.0643743069189645e-05, 'reg_lambda': 0.015862223676648895}. Best is trial 821 with value: 0.30830442867849367.
[I 2024-12-04 17:40:05,331] Trial 939 finished with value: 0.3150037912494947 and parameters: {'n_estimators': 923, 'max_depth': 6, 'learning_rate': 0.07412050736633005, 'subsample': 0.7707994054725371, 'colsample_bytree': 0.7178375401370625, 'min_child_weight': 2, 'gamma': 0.0006591130875153108, 'reg_alpha': 3.888147699422886e-05, 'reg_lambda': 0.017946166164188208}. Best is trial 821 with value: 0.30830442867849367.
[I 2024-12-04 17:40:06,869] Trial 940 finished with value: 0.31710868393178565 and parameters: {'n_estimators': 915, 'max_depth': 6, 'learning_rate': 0.07218683470472981, 'subsample': 0.773215148441891, 'colsample_bytree': 0.727935234703553, 'min_child_weight': 2, 'gamma': 0.000699778763661743, 'reg_alpha': 4.45487140315705e-05, 'reg_lambda': 0.016372504058064966}. Best is trial 821 with value: 0.30830442867849367.
[I 2024-12-04 17:40:08,278] Trial 941 finished with value: 0.30949625418270676 and parameters: {'n_estimators': 900, 'max_depth': 6, 'learning_rate': 0.07215440866030522, 'subsample': 0.7699005194294818, 'colsample_bytree': 0.7258888251912929, 'min_child_weight': 2, 'gamma': 0.0008050206887367303, 'reg_alpha': 4.583589885507237e-05, 'reg_lambda': 0.01673850514784411}. Best is trial 821 with value: 0.30830442867849367.
[I 2024-12-04 17:40:09,690] Trial 942 finished with value: 0.31382372263252284 and parameters: {'n_estimators': 913, 'max_depth': 6, 'learning_rate': 0.07170075331359538, 'subsample': 0.7715341068166056, 'colsample_bytree': 0.727244404593596, 'min_child_weight': 2, 'gamma': 0.0009322190997818074, 'reg_alpha': 4.8596631493362797e-05, 'reg_lambda': 0.019338793941918814}. Best is trial 821 with value: 0.30830442867849367.
[I 2024-12-04 17:40:11,222] Trial 943 finished with value: 0.3168525770635424 and parameters: {'n_estimators': 898, 'max_depth': 6, 'learning_rate': 0.07272216354372435, 'subsample': 0.7695726187071961, 'colsample_bytree': 0.7219398030848014, 'min_child_weight': 2, 'gamma': 0.0005868546272460631, 'reg_alpha': 3.111372292971387e-05, 'reg_lambda': 0.015361079396489495}. Best is trial 821 with value: 0.30830442867849367.
