[I 2024-12-20 00:58:47,559] Trial 1549 finished with value: 1.285584568977356 and parameters: {'mlp_n_layers': 4, 'mlp_dim_00': 402, 'mlp_dim_01': 300, 'mlp_dim_02': 276, 'mlp_dim_03': 348, 'node_hidden_dim': 80, 'edge_hidden_dim': 45, 'depth': 2, 'rep_dropout': 0.031722269242431975, 'train_learning_rate': 0.0022503080738442154, 'train_lr_reduce': 0.6}. Best is trial 558 with value: 0.30280801653862.
[I 2024-12-20 00:58:49,575] Trial 1550 finished with value: 0.6525523662567139 and parameters: {'mlp_n_layers': 4, 'mlp_dim_00': 275, 'mlp_dim_01': 291, 'mlp_dim_02': 477, 'mlp_dim_03': 342, 'node_hidden_dim': 107, 'edge_hidden_dim': 36, 'depth': 1, 'rep_dropout': 0.03609450563959434, 'train_learning_rate': 0.002386233008214886, 'train_lr_reduce': 0.6}. Best is trial 558 with value: 0.30280801653862.
[I 2024-12-20 00:58:50,279] Trial 1551 finished with value: 1.5787190198898315 and parameters: {'mlp_n_layers': 3, 'mlp_dim_00': 413, 'mlp_dim_01': 307, 'mlp_dim_02': 387, 'node_hidden_dim': 102, 'edge_hidden_dim': 99, 'depth': 2, 'rep_dropout': 0.06716608017987051, 'train_learning_rate': 0.00014399084543125344, 'train_lr_reduce': 0.6}. Best is trial 558 with value: 0.30280801653862.
[I 2024-12-20 00:58:53,748] Trial 1553 finished with value: 1.5317299365997314 and parameters: {'mlp_n_layers': 3, 'mlp_dim_00': 315, 'mlp_dim_01': 317, 'mlp_dim_02': 339, 'node_hidden_dim': 104, 'edge_hidden_dim': 36, 'depth': 4, 'rep_dropout': 0.06386054613814567, 'train_learning_rate': 0.0001389272106362833, 'train_lr_reduce': 0.6}. Best is trial 558 with value: 0.30280801653862.
[I 2024-12-20 00:58:54,438] Trial 1554 finished with value: 1.5856025218963623 and parameters: {'mlp_n_layers': 2, 'mlp_dim_00': 66, 'mlp_dim_01': 295, 'node_hidden_dim': 49, 'edge_hidden_dim': 106, 'depth': 4, 'rep_dropout': 0.10648770816332957, 'train_learning_rate': 0.00011562788107924268, 'train_lr_reduce': 0.6}. Best is trial 558 with value: 0.30280801653862.
[I 2024-12-20 00:58:57,834] Trial 1555 finished with value: 1.441537857055664 and parameters: {'mlp_n_layers': 1, 'mlp_dim_00': 441, 'node_hidden_dim': 34, 'edge_hidden_dim': 92, 'depth': 1, 'rep_dropout': 0.021894153328560075, 'train_learning_rate': 0.0006804608948094768, 'train_lr_reduce': 0.6}. Best is trial 558 with value: 0.30280801653862.
[I 2024-12-20 00:58:58,558] Trial 1556 finished with value: 1.372675895690918 and parameters: {'mlp_n_layers': 3, 'mlp_dim_00': 310, 'mlp_dim_01': 327, 'mlp_dim_02': 408, 'node_hidden_dim': 110, 'edge_hidden_dim': 49, 'depth': 4, 'rep_dropout': 0.007947672663542195, 'train_learning_rate': 0.0024280151256604707, 'train_lr_reduce': 0.6}. Best is trial 558 with value: 0.30280801653862.
[I 2024-12-20 00:59:00,919] Trial 1552 finished with value: 0.378018856048584 and parameters: {'mlp_n_layers': 4, 'mlp_dim_00': 209, 'mlp_dim_01': 299, 'mlp_dim_02': 444, 'mlp_dim_03': 341, 'node_hidden_dim': 119, 'edge_hidden_dim': 40, 'depth': 1, 'rep_dropout': 0.06568935085119665, 'train_learning_rate': 0.0010234053445220177, 'train_lr_reduce': 0.6}. Best is trial 558 with value: 0.30280801653862.
[I 2024-12-20 00:59:02,430] Trial 1558 finished with value: 1.5703538656234741 and parameters: {'mlp_n_layers': 4, 'mlp_dim_00': 275, 'mlp_dim_01': 275, 'mlp_dim_02': 472, 'mlp_dim_03': 65, 'node_hidden_dim': 107, 'edge_hidden_dim': 35, 'depth': 1, 'rep_dropout': 0.0351468267621777, 'train_learning_rate': 0.001104727986819919, 'train_lr_reduce': 0.6}. Best is trial 558 with value: 0.30280801653862.
[I 2024-12-20 00:59:06,840] Trial 1560 finished with value: 1.5375499725341797 and parameters: {'mlp_n_layers': 4, 'mlp_dim_00': 256, 'mlp_dim_01': 308, 'mlp_dim_02': 407, 'mlp_dim_03': 390, 'node_hidden_dim': 123, 'edge_hidden_dim': 35, 'depth': 2, 'rep_dropout': 0.08464562840015463, 'train_learning_rate': 0.0012152787326182469, 'train_lr_reduce': 0.6}. Best is trial 558 with value: 0.30280801653862.
[I 2024-12-20 00:59:22,280] Trial 1557 finished with value: 0.3337160646915436 and parameters: {'mlp_n_layers': 4, 'mlp_dim_00': 235, 'mlp_dim_01': 325, 'mlp_dim_02': 286, 'mlp_dim_03': 366, 'node_hidden_dim': 128, 'edge_hidden_dim': 41, 'depth': 1, 'rep_dropout': 0.032819418039868944, 'train_learning_rate': 0.0014594193233906328, 'train_lr_reduce': 0.6}. Best is trial 558 with value: 0.30280801653862.
[I 2024-12-20 00:59:26,202] Trial 1559 finished with value: 0.3146064579486847 and parameters: {'mlp_n_layers': 4, 'mlp_dim_00': 173, 'mlp_dim_01': 338, 'mlp_dim_02': 371, 'mlp_dim_03': 338, 'node_hidden_dim': 95, 'edge_hidden_dim': 39, 'depth': 1, 'rep_dropout': 0.037828345062500116, 'train_learning_rate': 0.002329938257839821, 'train_lr_reduce': 0.6}. Best is trial 558 with value: 0.30280801653862.
[I 2024-12-20 00:59:31,226] Trial 1563 finished with value: 1.5605390071868896 and parameters: {'mlp_n_layers': 4, 'mlp_dim_00': 248, 'mlp_dim_01': 320, 'mlp_dim_02': 362, 'mlp_dim_03': 358, 'node_hidden_dim': 49, 'edge_hidden_dim': 53, 'depth': 3, 'rep_dropout': 0.07682349449380454, 'train_learning_rate': 0.00038004965021361026, 'train_lr_reduce': 0.6}. Best is trial 558 with value: 0.30280801653862.
[I 2024-12-20 00:59:38,077] Trial 1562 finished with value: 0.3900711238384247 and parameters: {'mlp_n_layers': 4, 'mlp_dim_00': 182, 'mlp_dim_01': 350, 'mlp_dim_02': 445, 'mlp_dim_03': 404, 'node_hidden_dim': 120, 'edge_hidden_dim': 38, 'depth': 1, 'rep_dropout': 0.052674884215834425, 'train_learning_rate': 0.0015672032201739946, 'train_lr_reduce': 0.6}. Best is trial 558 with value: 0.30280801653862.
[I 2024-12-20 00:59:43,171] Trial 1561 finished with value: 0.4407280385494232 and parameters: {'mlp_n_layers': 4, 'mlp_dim_00': 281, 'mlp_dim_01': 291, 'mlp_dim_02': 308, 'mlp_dim_03': 327, 'node_hidden_dim': 126, 'edge_hidden_dim': 33, 'depth': 1, 'rep_dropout': 0.03325353577971546, 'train_learning_rate': 0.00188206209928834, 'train_lr_reduce': 0.6}. Best is trial 558 with value: 0.30280801653862.
[I 2024-12-20 00:59:45,479] Trial 1564 finished with value: 0.402629017829895 and parameters: {'mlp_n_layers': 4, 'mlp_dim_00': 156, 'mlp_dim_01': 286, 'mlp_dim_02': 359, 'mlp_dim_03': 365, 'node_hidden_dim': 98, 'edge_hidden_dim': 47, 'depth': 1, 'rep_dropout': 0.054623467962670355, 'train_learning_rate': 0.0036136341382472445, 'train_lr_reduce': 0.6}. Best is trial 558 with value: 0.30280801653862.
[I 2024-12-20 00:59:47,036] Trial 1566 finished with value: 1.5427124500274658 and parameters: {'mlp_n_layers': 1, 'mlp_dim_00': 390, 'node_hidden_dim': 64, 'edge_hidden_dim': 51, 'depth': 3, 'rep_dropout': 0.14718305021340158, 'train_learning_rate': 0.00015074816167717184, 'train_lr_reduce': 0.6}. Best is trial 558 with value: 0.30280801653862.
[I 2024-12-20 00:59:57,977] Trial 1568 finished with value: 0.45660772919654846 and parameters: {'mlp_n_layers': 3, 'mlp_dim_00': 232, 'mlp_dim_01': 322, 'mlp_dim_02': 382, 'node_hidden_dim': 104, 'edge_hidden_dim': 45, 'depth': 1, 'rep_dropout': 0.07197685790186914, 'train_learning_rate': 0.0023547057821025727, 'train_lr_reduce': 0.6}. Best is trial 558 with value: 0.30280801653862.
[I 2024-12-20 01:00:02,018] Trial 1567 finished with value: 0.37843766808509827 and parameters: {'mlp_n_layers': 4, 'mlp_dim_00': 116, 'mlp_dim_01': 284, 'mlp_dim_02': 363, 'mlp_dim_03': 371, 'node_hidden_dim': 83, 'edge_hidden_dim': 32, 'depth': 1, 'rep_dropout': 0.027661563078010536, 'train_learning_rate': 0.0027922859335925356, 'train_lr_reduce': 0.6}. Best is trial 558 with value: 0.30280801653862.
[I 2024-12-20 01:00:02,501] Trial 1569 finished with value: 1.2826597690582275 and parameters: {'mlp_n_layers': 4, 'mlp_dim_00': 219, 'mlp_dim_01': 331, 'mlp_dim_02': 347, 'mlp_dim_03': 342, 'node_hidden_dim': 106, 'edge_hidden_dim': 64, 'depth': 1, 'rep_dropout': 0.012764350099016995, 'train_learning_rate': 0.00427223012716323, 'train_lr_reduce': 0.6}. Best is trial 558 with value: 0.30280801653862.
[I 2024-12-20 01:00:06,618] Trial 1565 finished with value: 0.4390999376773834 and parameters: {'mlp_n_layers': 4, 'mlp_dim_00': 164, 'mlp_dim_01': 306, 'mlp_dim_02': 371, 'mlp_dim_03': 347, 'node_hidden_dim': 104, 'edge_hidden_dim': 48, 'depth': 1, 'rep_dropout': 0.06992487083976912, 'train_learning_rate': 0.0007584194629670911, 'train_lr_reduce': 0.6}. Best is trial 558 with value: 0.30280801653862.
[I 2024-12-20 01:00:28,183] Trial 1570 finished with value: 0.5063884854316711 and parameters: {'mlp_n_layers': 4, 'mlp_dim_00': 241, 'mlp_dim_01': 272, 'mlp_dim_02': 370, 'mlp_dim_03': 396, 'node_hidden_dim': 112, 'edge_hidden_dim': 32, 'depth': 1, 'rep_dropout': 0.036565319550790336, 'train_learning_rate': 0.002725510036465932, 'train_lr_reduce': 0.6}. Best is trial 558 with value: 0.30280801653862.
[I 2024-12-20 01:00:44,641] Trial 1572 finished with value: 0.3289606273174286 and parameters: {'mlp_n_layers': 4, 'mlp_dim_00': 299, 'mlp_dim_01': 326, 'mlp_dim_02': 394, 'mlp_dim_03': 384, 'node_hidden_dim': 124, 'edge_hidden_dim': 35, 'depth': 1, 'rep_dropout': 0.0519452741303445, 'train_learning_rate': 0.0010831955790345806, 'train_lr_reduce': 0.6}. Best is trial 558 with value: 0.30280801653862.
[I 2024-12-20 01:00:56,137] Trial 1573 finished with value: 0.345062255859375 and parameters: {'mlp_n_layers': 3, 'mlp_dim_00': 192, 'mlp_dim_01': 339, 'mlp_dim_02': 343, 'node_hidden_dim': 103, 'edge_hidden_dim': 46, 'depth': 1, 'rep_dropout': 0.030795868043345977, 'train_learning_rate': 0.003103179641094677, 'train_lr_reduce': 0.6}. Best is trial 558 with value: 0.30280801653862.
[I 2024-12-20 01:00:57,287] Trial 1571 finished with value: 0.3463837504386902 and parameters: {'mlp_n_layers': 4, 'mlp_dim_00': 181, 'mlp_dim_01': 308, 'mlp_dim_02': 411, 'mlp_dim_03': 341, 'node_hidden_dim': 102, 'edge_hidden_dim': 58, 'depth': 1, 'rep_dropout': 0.04851417418811965, 'train_learning_rate': 0.0025038983343511467, 'train_lr_reduce': 0.6}. Best is trial 558 with value: 0.30280801653862.
[I 2024-12-20 01:01:00,508] Trial 1575 finished with value: 1.4316993951797485 and parameters: {'mlp_n_layers': 4, 'mlp_dim_00': 220, 'mlp_dim_01': 289, 'mlp_dim_02': 399, 'mlp_dim_03': 440, 'node_hidden_dim': 113, 'edge_hidden_dim': 38, 'depth': 1, 'rep_dropout': 0.02861744848466542, 'train_learning_rate': 0.0019759632757184184, 'train_lr_reduce': 0.6}. Best is trial 558 with value: 0.30280801653862.
[I 2024-12-20 01:01:01,427] Trial 1574 finished with value: 0.41008663177490234 and parameters: {'mlp_n_layers': 4, 'mlp_dim_00': 209, 'mlp_dim_01': 337, 'mlp_dim_02': 342, 'mlp_dim_03': 342, 'node_hidden_dim': 103, 'edge_hidden_dim': 32, 'depth': 1, 'rep_dropout': 0.08069666105395107, 'train_learning_rate': 0.0012917823574765202, 'train_lr_reduce': 0.6}. Best is trial 558 with value: 0.30280801653862.
[I 2024-12-20 01:01:06,585] Trial 1577 finished with value: 1.5287693738937378 and parameters: {'mlp_n_layers': 4, 'mlp_dim_00': 273, 'mlp_dim_01': 273, 'mlp_dim_02': 342, 'mlp_dim_03': 411, 'node_hidden_dim': 119, 'edge_hidden_dim': 36, 'depth': 2, 'rep_dropout': 0.046189257601323454, 'train_learning_rate': 0.0010729745919951998, 'train_lr_reduce': 0.6}. Best is trial 558 with value: 0.30280801653862.
[I 2024-12-20 01:01:06,960] Trial 1578 finished with value: 1.5814440250396729 and parameters: {'mlp_n_layers': 4, 'mlp_dim_00': 215, 'mlp_dim_01': 271, 'mlp_dim_02': 405, 'mlp_dim_03': 333, 'node_hidden_dim': 122, 'edge_hidden_dim': 32, 'depth': 1, 'rep_dropout': 0.02895244015950155, 'train_learning_rate': 0.00035861123135956155, 'train_lr_reduce': 0.6}. Best is trial 558 with value: 0.30280801653862.
[I 2024-12-20 01:01:11,540] Trial 1580 finished with value: 1.5131949186325073 and parameters: {'mlp_n_layers': 4, 'mlp_dim_00': 193, 'mlp_dim_01': 325, 'mlp_dim_02': 421, 'mlp_dim_03': 396, 'node_hidden_dim': 107, 'edge_hidden_dim': 43, 'depth': 1, 'rep_dropout': 0.03388765579885246, 'train_learning_rate': 0.0014517186463764698, 'train_lr_reduce': 0.6}. Best is trial 558 with value: 0.30280801653862.
[I 2024-12-20 01:01:11,589] Trial 1579 finished with value: 1.4361099004745483 and parameters: {'mlp_n_layers': 1, 'mlp_dim_00': 200, 'node_hidden_dim': 56, 'edge_hidden_dim': 55, 'depth': 4, 'rep_dropout': 0.05911607962031445, 'train_learning_rate': 0.0016590524418641686, 'train_lr_reduce': 0.6}. Best is trial 558 with value: 0.30280801653862.
[I 2024-12-20 01:01:16,159] Trial 1576 finished with value: 0.3903549909591675 and parameters: {'mlp_n_layers': 4, 'mlp_dim_00': 131, 'mlp_dim_01': 345, 'mlp_dim_02': 381, 'mlp_dim_03': 342, 'node_hidden_dim': 128, 'edge_hidden_dim': 51, 'depth': 1, 'rep_dropout': 0.028656993228442708, 'train_learning_rate': 0.001411865755526857, 'train_lr_reduce': 0.6}. Best is trial 558 with value: 0.30280801653862.
[I 2024-12-20 01:01:21,073] Trial 1583 finished with value: 1.5568194389343262 and parameters: {'mlp_n_layers': 1, 'mlp_dim_00': 143, 'node_hidden_dim': 32, 'edge_hidden_dim': 119, 'depth': 1, 'rep_dropout': 0.0021377732390366055, 'train_learning_rate': 0.00017933399157002498, 'train_lr_reduce': 0.6}. Best is trial 558 with value: 0.30280801653862.
[I 2024-12-20 01:01:30,068] Trial 1581 finished with value: 0.38882172107696533 and parameters: {'mlp_n_layers': 4, 'mlp_dim_00': 167, 'mlp_dim_01': 351, 'mlp_dim_02': 330, 'mlp_dim_03': 369, 'node_hidden_dim': 96, 'edge_hidden_dim': 54, 'depth': 1, 'rep_dropout': 0.022062356577744715, 'train_learning_rate': 0.0007126223621083577, 'train_lr_reduce': 0.6}. Best is trial 558 with value: 0.30280801653862.
[I 2024-12-20 01:01:41,563] Trial 1585 finished with value: 0.46464183926582336 and parameters: {'mlp_n_layers': 3, 'mlp_dim_00': 231, 'mlp_dim_01': 260, 'mlp_dim_02': 321, 'node_hidden_dim': 89, 'edge_hidden_dim': 35, 'depth': 1, 'rep_dropout': 0.03817677752804942, 'train_learning_rate': 0.0033393499262386944, 'train_lr_reduce': 0.6}. Best is trial 558 with value: 0.30280801653862.
[I 2024-12-20 01:01:42,816] Trial 1582 finished with value: 0.39384719729423523 and parameters: {'mlp_n_layers': 4, 'mlp_dim_00': 159, 'mlp_dim_01': 317, 'mlp_dim_02': 382, 'mlp_dim_03': 466, 'node_hidden_dim': 94, 'edge_hidden_dim': 38, 'depth': 1, 'rep_dropout': 0.05424098464855531, 'train_learning_rate': 0.002030057734534599, 'train_lr_reduce': 0.6}. Best is trial 558 with value: 0.30280801653862.
[I 2024-12-20 01:01:55,418] Trial 1584 finished with value: 0.38497453927993774 and parameters: {'mlp_n_layers': 4, 'mlp_dim_00': 197, 'mlp_dim_01': 349, 'mlp_dim_02': 442, 'mlp_dim_03': 324, 'node_hidden_dim': 95, 'edge_hidden_dim': 35, 'depth': 1, 'rep_dropout': 0.05450039138926034, 'train_learning_rate': 0.0020489172847200665, 'train_lr_reduce': 0.6}. Best is trial 558 with value: 0.30280801653862.
[I 2024-12-20 01:01:59,495] Trial 1588 finished with value: 1.5665881633758545 and parameters: {'mlp_n_layers': 4, 'mlp_dim_00': 190, 'mlp_dim_01': 328, 'mlp_dim_02': 488, 'mlp_dim_03': 337, 'node_hidden_dim': 116, 'edge_hidden_dim': 38, 'depth': 2, 'rep_dropout': 0.056011335758348324, 'train_learning_rate': 0.0007823147190761942, 'train_lr_reduce': 0.6}. Best is trial 558 with value: 0.30280801653862.
[I 2024-12-20 01:02:02,981] Trial 1589 finished with value: 1.558767318725586 and parameters: {'mlp_n_layers': 4, 'mlp_dim_00': 182, 'mlp_dim_01': 364, 'mlp_dim_02': 382, 'mlp_dim_03': 510, 'node_hidden_dim': 109, 'edge_hidden_dim': 32, 'depth': 1, 'rep_dropout': 0.03591182360524591, 'train_learning_rate': 0.001001057830430287, 'train_lr_reduce': 0.6}. Best is trial 558 with value: 0.30280801653862.
[I 2024-12-20 01:02:03,305] Trial 1586 finished with value: 0.3706640303134918 and parameters: {'mlp_n_layers': 4, 'mlp_dim_00': 165, 'mlp_dim_01': 292, 'mlp_dim_02': 380, 'mlp_dim_03': 316, 'node_hidden_dim': 83, 'edge_hidden_dim': 36, 'depth': 1, 'rep_dropout': 0.04562221369536487, 'train_learning_rate': 0.001244625674867567, 'train_lr_reduce': 0.6}. Best is trial 558 with value: 0.30280801653862.
[I 2024-12-20 01:02:06,748] Trial 1590 finished with value: 1.512614369392395 and parameters: {'mlp_n_layers': 4, 'mlp_dim_00': 197, 'mlp_dim_01': 294, 'mlp_dim_02': 329, 'mlp_dim_03': 442, 'node_hidden_dim': 108, 'edge_hidden_dim': 61, 'depth': 2, 'rep_dropout': 0.03025290324277064, 'train_learning_rate': 0.0011357106863286507, 'train_lr_reduce': 0.6}. Best is trial 558 with value: 0.30280801653862.
[I 2024-12-20 01:02:06,804] Trial 1587 finished with value: 0.3282514214515686 and parameters: {'mlp_n_layers': 4, 'mlp_dim_00': 143, 'mlp_dim_01': 358, 'mlp_dim_02': 425, 'mlp_dim_03': 379, 'node_hidden_dim': 96, 'edge_hidden_dim': 39, 'depth': 1, 'rep_dropout': 0.024585345242768536, 'train_learning_rate': 0.003333016900221161, 'train_lr_reduce': 0.6}. Best is trial 558 with value: 0.30280801653862.
[I 2024-12-20 01:02:10,786] Trial 1592 finished with value: 1.536382794380188 and parameters: {'mlp_n_layers': 4, 'mlp_dim_00': 231, 'mlp_dim_01': 511, 'mlp_dim_02': 475, 'mlp_dim_03': 120, 'node_hidden_dim': 84, 'edge_hidden_dim': 46, 'depth': 2, 'rep_dropout': 0.12535114086589155, 'train_learning_rate': 0.0026625263935165593, 'train_lr_reduce': 0.6}. Best is trial 558 with value: 0.30280801653862.
[I 2024-12-20 01:02:10,826] Trial 1593 finished with value: 1.4703056812286377 and parameters: {'mlp_n_layers': 4, 'mlp_dim_00': 216, 'mlp_dim_01': 257, 'mlp_dim_02': 360, 'mlp_dim_03': 411, 'node_hidden_dim': 104, 'edge_hidden_dim': 38, 'depth': 1, 'rep_dropout': 0.005217311155293877, 'train_learning_rate': 0.0017751258101438407, 'train_lr_reduce': 0.6}. Best is trial 558 with value: 0.30280801653862.
[I 2024-12-20 01:02:15,690] Trial 1595 finished with value: 1.295458436012268 and parameters: {'mlp_n_layers': 4, 'mlp_dim_00': 378, 'mlp_dim_01': 390, 'mlp_dim_02': 323, 'mlp_dim_03': 323, 'node_hidden_dim': 126, 'edge_hidden_dim': 35, 'depth': 3, 'rep_dropout': 0.0014420559234053958, 'train_learning_rate': 0.004835723618250929, 'train_lr_reduce': 0.6}. Best is trial 558 with value: 0.30280801653862.
[I 2024-12-20 01:02:39,803] Trial 1591 finished with value: 0.43295976519584656 and parameters: {'mlp_n_layers': 3, 'mlp_dim_00': 336, 'mlp_dim_01': 361, 'mlp_dim_02': 420, 'node_hidden_dim': 120, 'edge_hidden_dim': 59, 'depth': 1, 'rep_dropout': 0.00035207159890003614, 'train_learning_rate': 0.003448236208850367, 'train_lr_reduce': 0.6}. Best is trial 558 with value: 0.30280801653862.
[I 2024-12-20 01:02:41,203] Trial 1594 finished with value: 0.31133195757865906 and parameters: {'mlp_n_layers': 3, 'mlp_dim_00': 105, 'mlp_dim_01': 332, 'mlp_dim_02': 447, 'node_hidden_dim': 92, 'edge_hidden_dim': 33, 'depth': 1, 'rep_dropout': 0.03285202833022282, 'train_learning_rate': 0.0018185603625849292, 'train_lr_reduce': 0.6}. Best is trial 558 with value: 0.30280801653862.
[I 2024-12-20 01:02:42,089] Trial 1596 finished with value: 0.41951313614845276 and parameters: {'mlp_n_layers': 4, 'mlp_dim_00': 144, 'mlp_dim_01': 308, 'mlp_dim_02': 399, 'mlp_dim_03': 369, 'node_hidden_dim': 105, 'edge_hidden_dim': 32, 'depth': 1, 'rep_dropout': 0.011400098455403303, 'train_learning_rate': 0.0043682891486998875, 'train_lr_reduce': 0.6}. Best is trial 558 with value: 0.30280801653862.
[I 2024-12-20 01:02:44,081] Trial 1597 finished with value: 1.5488554239273071 and parameters: {'mlp_n_layers': 4, 'mlp_dim_00': 333, 'mlp_dim_01': 479, 'mlp_dim_02': 369, 'mlp_dim_03': 319, 'node_hidden_dim': 98, 'edge_hidden_dim': 116, 'depth': 4, 'rep_dropout': 0.0840667073563714, 'train_learning_rate': 0.00097914297195305, 'train_lr_reduce': 0.6}. Best is trial 558 with value: 0.30280801653862.
[I 2024-12-20 01:02:45,395] Trial 1598 finished with value: 1.5747627019882202 and parameters: {'mlp_n_layers': 4, 'mlp_dim_00': 160, 'mlp_dim_01': 316, 'mlp_dim_02': 512, 'mlp_dim_03': 447, 'node_hidden_dim': 96, 'edge_hidden_dim': 45, 'depth': 2, 'rep_dropout': 0.02875389043128497, 'train_learning_rate': 0.0008843136016685434, 'train_lr_reduce': 0.6}. Best is trial 558 with value: 0.30280801653862.
[I 2024-12-20 01:02:45,657] Trial 1599 finished with value: 1.4863897562026978 and parameters: {'mlp_n_layers': 4, 'mlp_dim_00': 73, 'mlp_dim_01': 331, 'mlp_dim_02': 462, 'mlp_dim_03': 113, 'node_hidden_dim': 92, 'edge_hidden_dim': 34, 'depth': 2, 'rep_dropout': 0.023657106994415596, 'train_learning_rate': 0.0021183410438326603, 'train_lr_reduce': 0.6}. Best is trial 558 with value: 0.30280801653862.
[I 2024-12-20 01:02:49,163] Trial 1601 finished with value: 1.3082228899002075 and parameters: {'mlp_n_layers': 4, 'mlp_dim_00': 483, 'mlp_dim_01': 364, 'mlp_dim_02': 472, 'mlp_dim_03': 480, 'node_hidden_dim': 111, 'edge_hidden_dim': 32, 'depth': 2, 'rep_dropout': 0.016542649332426988, 'train_learning_rate': 0.0031081639058614247, 'train_lr_reduce': 0.6}. Best is trial 558 with value: 0.30280801653862.
[I 2024-12-20 01:02:49,348] Trial 1602 finished with value: 1.402768850326538 and parameters: {'mlp_n_layers': 2, 'mlp_dim_00': 106, 'mlp_dim_01': 319, 'node_hidden_dim': 75, 'edge_hidden_dim': 45, 'depth': 2, 'rep_dropout': 0.02720222557878136, 'train_learning_rate': 0.0025012540842432028, 'train_lr_reduce': 0.6}. Best is trial 558 with value: 0.30280801653862.
[I 2024-12-20 01:02:52,803] Trial 1603 finished with value: 1.3832730054855347 and parameters: {'mlp_n_layers': 4, 'mlp_dim_00': 206, 'mlp_dim_01': 335, 'mlp_dim_02': 446, 'mlp_dim_03': 420, 'node_hidden_dim': 94, 'edge_hidden_dim': 34, 'depth': 2, 'rep_dropout': 0.028296766506874325, 'train_learning_rate': 0.002276881885991154, 'train_lr_reduce': 0.6}. Best is trial 558 with value: 0.30280801653862.
[I 2024-12-20 01:02:53,110] Trial 1604 finished with value: 1.5105462074279785 and parameters: {'mlp_n_layers': 4, 'mlp_dim_00': 502, 'mlp_dim_01': 349, 'mlp_dim_02': 438, 'mlp_dim_03': 106, 'node_hidden_dim': 121, 'edge_hidden_dim': 57, 'depth': 1, 'rep_dropout': 0.004688106726446199, 'train_learning_rate': 0.0012903763793843824, 'train_lr_reduce': 0.6}. Best is trial 558 with value: 0.30280801653862.
