[I 2024-12-26 08:20:09,533] Trial 1451 finished with value: 0.014472831971943378 and parameters: {'L1_hidden_dim': 144, 'L1_layers_atom': 3, 'L1_layers_mol': 2, 'L1_dropout': 0.025504128795076724, 'L1_out_dim': 128, 'L2_hidden_dim': 240, 'L2_layers_atom': 2, 'L2_layers_mol': 3, 'L2_out_dim': 64, 'L2_dropout': 0.07401056917953217, 'L3_hidden_dim': 80, 'L3_layers_atom': 4, 'L3_layers_mol': 1, 'L3_out_dim': 96, 'L3_dropout': 0.08721887660052624, 'n_mlp_layers': 3, 'mlp_dim_0': 432, 'mlp_dim_1': 368, 'mlp_dim_2': 424, 'num_heads': 2, 'final_dropout': 0.045618700232952246, 'train_learning_rate': 0.0001458133810500308, 'train_lr_reduce': 0.6}. Best is trial 1073 with value: 0.009419886395335197.
[I 2024-12-26 08:20:28,877] Trial 1452 finished with value: 0.009839177131652832 and parameters: {'L1_hidden_dim': 96, 'L1_layers_atom': 3, 'L1_layers_mol': 2, 'L1_dropout': 0.007340408039578862, 'L1_out_dim': 32, 'L2_hidden_dim': 240, 'L2_layers_atom': 1, 'L2_layers_mol': 3, 'L2_out_dim': 112, 'L2_dropout': 0.017466166451365374, 'L3_hidden_dim': 96, 'L3_layers_atom': 3, 'L3_layers_mol': 1, 'L3_out_dim': 128, 'L3_dropout': 0.06291497628475048, 'n_mlp_layers': 3, 'mlp_dim_0': 336, 'mlp_dim_1': 416, 'mlp_dim_2': 464, 'num_heads': 2, 'final_dropout': 0.09340471991947845, 'train_learning_rate': 0.0005056958228016921, 'train_lr_reduce': 0.6}. Best is trial 1073 with value: 0.009419886395335197.
[I 2024-12-26 08:20:50,368] Trial 1453 finished with value: 0.031183240935206413 and parameters: {'L1_hidden_dim': 160, 'L1_layers_atom': 2, 'L1_layers_mol': 4, 'L1_dropout': 0.1732774457667871, 'L1_out_dim': 32, 'L2_hidden_dim': 192, 'L2_layers_atom': 1, 'L2_layers_mol': 4, 'L2_out_dim': 128, 'L2_dropout': 0.11001394523950019, 'L3_hidden_dim': 64, 'L3_layers_atom': 4, 'L3_layers_mol': 1, 'L3_out_dim': 128, 'L3_dropout': 0.10319638272546057, 'n_mlp_layers': 2, 'mlp_dim_0': 264, 'mlp_dim_1': 336, 'num_heads': 2, 'final_dropout': 0.12018989159392295, 'train_learning_rate': 0.00027761981733257445, 'train_lr_reduce': 0.6}. Best is trial 1073 with value: 0.009419886395335197.
[I 2024-12-26 08:22:46,648] Trial 1454 finished with value: 0.012161818332970142 and parameters: {'L1_hidden_dim': 112, 'L1_layers_atom': 2, 'L1_layers_mol': 2, 'L1_dropout': 0.0681407970808534, 'L1_out_dim': 48, 'L2_hidden_dim': 256, 'L2_layers_atom': 1, 'L2_layers_mol': 4, 'L2_out_dim': 128, 'L2_dropout': 0.03407793945342825, 'L3_hidden_dim': 112, 'L3_layers_atom': 4, 'L3_layers_mol': 1, 'L3_out_dim': 128, 'L3_dropout': 0.05459167386667678, 'n_mlp_layers': 2, 'mlp_dim_0': 376, 'mlp_dim_1': 408, 'num_heads': 2, 'final_dropout': 0.15927726525996783, 'train_learning_rate': 0.0004785886519294198, 'train_lr_reduce': 0.6}. Best is trial 1073 with value: 0.009419886395335197.
[I 2024-12-26 08:22:57,664] Trial 1455 finished with value: 0.013011682778596878 and parameters: {'L1_hidden_dim': 144, 'L1_layers_atom': 1, 'L1_layers_mol': 2, 'L1_dropout': 0.12495235677554123, 'L1_out_dim': 96, 'L2_hidden_dim': 224, 'L2_layers_atom': 1, 'L2_layers_mol': 4, 'L2_out_dim': 80, 'L2_dropout': 0.07947927647182437, 'L3_hidden_dim': 64, 'L3_layers_atom': 4, 'L3_layers_mol': 2, 'L3_out_dim': 112, 'L3_dropout': 0.13176446973425, 'n_mlp_layers': 3, 'mlp_dim_0': 480, 'mlp_dim_1': 424, 'mlp_dim_2': 472, 'num_heads': 2, 'final_dropout': 0.0009549448608071123, 'train_learning_rate': 0.0007931248825734261, 'train_lr_reduce': 0.6}. Best is trial 1073 with value: 0.009419886395335197.
[I 2024-12-26 08:23:53,162] Trial 1456 finished with value: 0.01020418107509613 and parameters: {'L1_hidden_dim': 192, 'L1_layers_atom': 2, 'L1_layers_mol': 1, 'L1_dropout': 0.03146482076814104, 'L1_out_dim': 96, 'L2_hidden_dim': 256, 'L2_layers_atom': 1, 'L2_layers_mol': 4, 'L2_out_dim': 48, 'L2_dropout': 0.01170652256787387, 'L3_hidden_dim': 96, 'L3_layers_atom': 3, 'L3_layers_mol': 1, 'L3_out_dim': 80, 'L3_dropout': 0.03941666090364236, 'n_mlp_layers': 3, 'mlp_dim_0': 480, 'mlp_dim_1': 424, 'mlp_dim_2': 464, 'num_heads': 2, 'final_dropout': 0.0036316751449269775, 'train_learning_rate': 0.00023640586499395106, 'train_lr_reduce': 0.6}. Best is trial 1073 with value: 0.009419886395335197.
[I 2024-12-26 08:25:14,600] Trial 1457 finished with value: 0.010113255120813847 and parameters: {'L1_hidden_dim': 112, 'L1_layers_atom': 2, 'L1_layers_mol': 2, 'L1_dropout': 0.014138317437773627, 'L1_out_dim': 80, 'L2_hidden_dim': 224, 'L2_layers_atom': 1, 'L2_layers_mol': 4, 'L2_out_dim': 96, 'L2_dropout': 0.0009990295487210402, 'L3_hidden_dim': 80, 'L3_layers_atom': 3, 'L3_layers_mol': 1, 'L3_out_dim': 112, 'L3_dropout': 0.12235871093923524, 'n_mlp_layers': 3, 'mlp_dim_0': 368, 'mlp_dim_1': 424, 'mlp_dim_2': 472, 'num_heads': 2, 'final_dropout': 0.15238922528623883, 'train_learning_rate': 0.0003478874887447149, 'train_lr_reduce': 0.6}. Best is trial 1073 with value: 0.009419886395335197.
[I 2024-12-26 08:25:48,591] Trial 1458 finished with value: 0.012947200797498226 and parameters: {'L1_hidden_dim': 192, 'L1_layers_atom': 2, 'L1_layers_mol': 1, 'L1_dropout': 0.01035507445974484, 'L1_out_dim': 128, 'L2_hidden_dim': 176, 'L2_layers_atom': 2, 'L2_layers_mol': 4, 'L2_out_dim': 96, 'L2_dropout': 0.08238057677756415, 'L3_hidden_dim': 48, 'L3_layers_atom': 3, 'L3_layers_mol': 1, 'L3_out_dim': 96, 'L3_dropout': 0.06347128638153757, 'n_mlp_layers': 3, 'mlp_dim_0': 440, 'mlp_dim_1': 416, 'mlp_dim_2': 464, 'num_heads': 2, 'final_dropout': 0.018845233840028938, 'train_learning_rate': 0.0016626673994980857, 'train_lr_reduce': 0.6}. Best is trial 1073 with value: 0.009419886395335197.
[I 2024-12-26 08:26:27,635] Trial 1459 finished with value: 0.011096888221800327 and parameters: {'L1_hidden_dim': 240, 'L1_layers_atom': 1, 'L1_layers_mol': 1, 'L1_dropout': 0.03554805790989077, 'L1_out_dim': 128, 'L2_hidden_dim': 256, 'L2_layers_atom': 2, 'L2_layers_mol': 2, 'L2_out_dim': 48, 'L2_dropout': 0.014315997860501566, 'L3_hidden_dim': 128, 'L3_layers_atom': 2, 'L3_layers_mol': 1, 'L3_out_dim': 96, 'L3_dropout': 0.07701842170288975, 'n_mlp_layers': 3, 'mlp_dim_0': 344, 'mlp_dim_1': 424, 'mlp_dim_2': 512, 'num_heads': 2, 'final_dropout': 0.13546262177206309, 'train_learning_rate': 0.0004449762720295314, 'train_lr_reduce': 0.6}. Best is trial 1073 with value: 0.009419886395335197.
[I 2024-12-26 08:28:16,397] Trial 1461 finished with value: 0.011204402893781662 and parameters: {'L1_hidden_dim': 128, 'L1_layers_atom': 2, 'L1_layers_mol': 4, 'L1_dropout': 0.03622884141534081, 'L1_out_dim': 128, 'L2_hidden_dim': 208, 'L2_layers_atom': 2, 'L2_layers_mol': 2, 'L2_out_dim': 96, 'L2_dropout': 0.057362722258414545, 'L3_hidden_dim': 112, 'L3_layers_atom': 4, 'L3_layers_mol': 1, 'L3_out_dim': 128, 'L3_dropout': 0.13153976546310958, 'n_mlp_layers': 3, 'mlp_dim_0': 248, 'mlp_dim_1': 432, 'mlp_dim_2': 472, 'num_heads': 2, 'final_dropout': 0.13675829721173732, 'train_learning_rate': 0.0004214865627057729, 'train_lr_reduce': 0.6}. Best is trial 1073 with value: 0.009419886395335197.
[I 2024-12-26 08:29:12,418] Trial 1460 finished with value: 0.010333141312003136 and parameters: {'L1_hidden_dim': 112, 'L1_layers_atom': 3, 'L1_layers_mol': 1, 'L1_dropout': 0.014250781877374826, 'L1_out_dim': 96, 'L2_hidden_dim': 192, 'L2_layers_atom': 1, 'L2_layers_mol': 4, 'L2_out_dim': 80, 'L2_dropout': 0.06110838480996232, 'L3_hidden_dim': 80, 'L3_layers_atom': 3, 'L3_layers_mol': 1, 'L3_out_dim': 112, 'L3_dropout': 0.12028846745529298, 'n_mlp_layers': 3, 'mlp_dim_0': 384, 'mlp_dim_1': 408, 'mlp_dim_2': 472, 'num_heads': 2, 'final_dropout': 0.0030217959459231643, 'train_learning_rate': 0.0005764571955875032, 'train_lr_reduce': 0.6}. Best is trial 1073 with value: 0.009419886395335197.
[I 2024-12-26 08:29:23,726] Trial 1462 finished with value: 0.015886947512626648 and parameters: {'L1_hidden_dim': 80, 'L1_layers_atom': 1, 'L1_layers_mol': 3, 'L1_dropout': 0.11043902077719334, 'L1_out_dim': 112, 'L2_hidden_dim': 224, 'L2_layers_atom': 1, 'L2_layers_mol': 4, 'L2_out_dim': 112, 'L2_dropout': 0.03686090681051165, 'L3_hidden_dim': 80, 'L3_layers_atom': 4, 'L3_layers_mol': 3, 'L3_out_dim': 112, 'L3_dropout': 0.06724767939745399, 'n_mlp_layers': 2, 'mlp_dim_0': 496, 'mlp_dim_1': 432, 'num_heads': 2, 'final_dropout': 0.022949543371908396, 'train_learning_rate': 0.0005756286413666544, 'train_lr_reduce': 0.6}. Best is trial 1073 with value: 0.009419886395335197.
[I 2024-12-26 08:31:26,228] Trial 1463 finished with value: 0.010369163937866688 and parameters: {'L1_hidden_dim': 80, 'L1_layers_atom': 3, 'L1_layers_mol': 3, 'L1_dropout': 0.04848684272873219, 'L1_out_dim': 48, 'L2_hidden_dim': 208, 'L2_layers_atom': 1, 'L2_layers_mol': 3, 'L2_out_dim': 128, 'L2_dropout': 0.024966982108045935, 'L3_hidden_dim': 80, 'L3_layers_atom': 2, 'L3_layers_mol': 1, 'L3_out_dim': 112, 'L3_dropout': 0.09998665185424394, 'n_mlp_layers': 3, 'mlp_dim_0': 256, 'mlp_dim_1': 432, 'mlp_dim_2': 472, 'num_heads': 2, 'final_dropout': 0.05680371042263305, 'train_learning_rate': 0.0002098786757665607, 'train_lr_reduce': 0.6}. Best is trial 1073 with value: 0.009419886395335197.
[I 2024-12-26 08:31:28,585] Trial 1465 finished with value: 0.01186725590378046 and parameters: {'L1_hidden_dim': 160, 'L1_layers_atom': 1, 'L1_layers_mol': 1, 'L1_dropout': 0.030084924883242308, 'L1_out_dim': 80, 'L2_hidden_dim': 224, 'L2_layers_atom': 2, 'L2_layers_mol': 4, 'L2_out_dim': 64, 'L2_dropout': 0.11655443421594092, 'L3_hidden_dim': 80, 'L3_layers_atom': 3, 'L3_layers_mol': 1, 'L3_out_dim': 112, 'L3_dropout': 0.12561797113365433, 'n_mlp_layers': 3, 'mlp_dim_0': 320, 'mlp_dim_1': 432, 'mlp_dim_2': 432, 'num_heads': 2, 'final_dropout': 0.13010903297453771, 'train_learning_rate': 0.0007221264187707084, 'train_lr_reduce': 0.6}. Best is trial 1073 with value: 0.009419886395335197.
[I 2024-12-26 08:31:42,289] Trial 1464 finished with value: 0.01215036865323782 and parameters: {'L1_hidden_dim': 80, 'L1_layers_atom': 1, 'L1_layers_mol': 2, 'L1_dropout': 0.033957938594418896, 'L1_out_dim': 112, 'L2_hidden_dim': 256, 'L2_layers_atom': 2, 'L2_layers_mol': 4, 'L2_out_dim': 128, 'L2_dropout': 0.04327894310442203, 'L3_hidden_dim': 48, 'L3_layers_atom': 4, 'L3_layers_mol': 2, 'L3_out_dim': 128, 'L3_dropout': 0.05086044286567656, 'n_mlp_layers': 3, 'mlp_dim_0': 464, 'mlp_dim_1': 440, 'mlp_dim_2': 512, 'num_heads': 2, 'final_dropout': 0.013757150299890799, 'train_learning_rate': 0.0008858127552256248, 'train_lr_reduce': 0.6}. Best is trial 1073 with value: 0.009419886395335197.
[I 2024-12-26 08:33:33,105] Trial 1467 finished with value: 0.011046378873288631 and parameters: {'L1_hidden_dim': 176, 'L1_layers_atom': 2, 'L1_layers_mol': 1, 'L1_dropout': 0.04400101930591213, 'L1_out_dim': 112, 'L2_hidden_dim': 208, 'L2_layers_atom': 1, 'L2_layers_mol': 3, 'L2_out_dim': 96, 'L2_dropout': 0.006693315935021166, 'L3_hidden_dim': 32, 'L3_layers_atom': 4, 'L3_layers_mol': 1, 'L3_out_dim': 96, 'L3_dropout': 0.16163686107497857, 'n_mlp_layers': 3, 'mlp_dim_0': 496, 'mlp_dim_1': 424, 'mlp_dim_2': 432, 'num_heads': 2, 'final_dropout': 0.01241840168112418, 'train_learning_rate': 0.0007578703295877908, 'train_lr_reduce': 0.6}. Best is trial 1073 with value: 0.009419886395335197.
[I 2024-12-26 08:34:24,111] Trial 1466 finished with value: 0.010757052339613438 and parameters: {'L1_hidden_dim': 64, 'L1_layers_atom': 3, 'L1_layers_mol': 2, 'L1_dropout': 0.020452889310448776, 'L1_out_dim': 128, 'L2_hidden_dim': 224, 'L2_layers_atom': 1, 'L2_layers_mol': 4, 'L2_out_dim': 112, 'L2_dropout': 0.0096532790377428, 'L3_hidden_dim': 64, 'L3_layers_atom': 4, 'L3_layers_mol': 2, 'L3_out_dim': 112, 'L3_dropout': 0.028053802153756233, 'n_mlp_layers': 3, 'mlp_dim_0': 440, 'mlp_dim_1': 432, 'mlp_dim_2': 464, 'num_heads': 2, 'final_dropout': 0.0448743235872393, 'train_learning_rate': 0.0006319165532040799, 'train_lr_reduce': 0.6}. Best is trial 1073 with value: 0.009419886395335197.
[I 2024-12-26 08:34:38,938] Trial 1468 finished with value: 0.011492794379591942 and parameters: {'L1_hidden_dim': 128, 'L1_layers_atom': 1, 'L1_layers_mol': 1, 'L1_dropout': 0.008255653218452334, 'L1_out_dim': 128, 'L2_hidden_dim': 256, 'L2_layers_atom': 1, 'L2_layers_mol': 4, 'L2_out_dim': 64, 'L2_dropout': 0.034734711267266516, 'L3_hidden_dim': 64, 'L3_layers_atom': 4, 'L3_layers_mol': 2, 'L3_out_dim': 112, 'L3_dropout': 0.046527770310040066, 'n_mlp_layers': 3, 'mlp_dim_0': 488, 'mlp_dim_1': 432, 'mlp_dim_2': 456, 'num_heads': 2, 'final_dropout': 0.07961047480402618, 'train_learning_rate': 0.0001704374988004586, 'train_lr_reduce': 0.6}. Best is trial 1073 with value: 0.009419886395335197.
[I 2024-12-26 08:36:38,299] Trial 1469 finished with value: 0.012172728776931763 and parameters: {'L1_hidden_dim': 112, 'L1_layers_atom': 2, 'L1_layers_mol': 4, 'L1_dropout': 0.03529170107448298, 'L1_out_dim': 128, 'L2_hidden_dim': 240, 'L2_layers_atom': 1, 'L2_layers_mol': 3, 'L2_out_dim': 96, 'L2_dropout': 0.08330344028639156, 'L3_hidden_dim': 96, 'L3_layers_atom': 4, 'L3_layers_mol': 1, 'L3_out_dim': 128, 'L3_dropout': 0.15471099624325318, 'n_mlp_layers': 3, 'mlp_dim_0': 400, 'mlp_dim_1': 432, 'mlp_dim_2': 504, 'num_heads': 2, 'final_dropout': 0.1296931597937152, 'train_learning_rate': 0.00029011000390525004, 'train_lr_reduce': 0.6}. Best is trial 1073 with value: 0.009419886395335197.
[I 2024-12-26 08:36:58,956] Trial 1470 finished with value: 0.011583077721297741 and parameters: {'L1_hidden_dim': 128, 'L1_layers_atom': 2, 'L1_layers_mol': 2, 'L1_dropout': 0.15176663242780397, 'L1_out_dim': 48, 'L2_hidden_dim': 240, 'L2_layers_atom': 2, 'L2_layers_mol': 3, 'L2_out_dim': 112, 'L2_dropout': 0.016990361352829372, 'L3_hidden_dim': 96, 'L3_layers_atom': 3, 'L3_layers_mol': 2, 'L3_out_dim': 112, 'L3_dropout': 0.0711814601223048, 'n_mlp_layers': 3, 'mlp_dim_0': 208, 'mlp_dim_1': 432, 'mlp_dim_2': 512, 'num_heads': 2, 'final_dropout': 0.08228232115129447, 'train_learning_rate': 0.000254597096557202, 'train_lr_reduce': 0.6}. Best is trial 1073 with value: 0.009419886395335197.
[I 2024-12-26 08:37:12,559] Trial 1471 finished with value: 0.01083005964756012 and parameters: {'L1_hidden_dim': 176, 'L1_layers_atom': 2, 'L1_layers_mol': 1, 'L1_dropout': 0.030910314836039694, 'L1_out_dim': 96, 'L2_hidden_dim': 240, 'L2_layers_atom': 1, 'L2_layers_mol': 4, 'L2_out_dim': 64, 'L2_dropout': 0.0387429031623496, 'L3_hidden_dim': 64, 'L3_layers_atom': 4, 'L3_layers_mol': 1, 'L3_out_dim': 64, 'L3_dropout': 0.11679873446017679, 'n_mlp_layers': 3, 'mlp_dim_0': 456, 'mlp_dim_1': 440, 'mlp_dim_2': 432, 'num_heads': 2, 'final_dropout': 0.0018463547505531831, 'train_learning_rate': 0.0010067876281067785, 'train_lr_reduce': 0.6}. Best is trial 1073 with value: 0.009419886395335197.
[I 2024-12-26 08:39:04,013] Trial 1473 finished with value: 0.0133646409958601 and parameters: {'L1_hidden_dim': 160, 'L1_layers_atom': 3, 'L1_layers_mol': 1, 'L1_dropout': 0.05157414982957075, 'L1_out_dim': 128, 'L2_hidden_dim': 208, 'L2_layers_atom': 2, 'L2_layers_mol': 4, 'L2_out_dim': 64, 'L2_dropout': 0.07743957465755666, 'L3_hidden_dim': 80, 'L3_layers_atom': 4, 'L3_layers_mol': 1, 'L3_out_dim': 96, 'L3_dropout': 0.036165260432601175, 'n_mlp_layers': 3, 'mlp_dim_0': 416, 'mlp_dim_1': 432, 'mlp_dim_2': 432, 'num_heads': 2, 'final_dropout': 0.021422416526590663, 'train_learning_rate': 0.0007677812349201511, 'train_lr_reduce': 0.6}. Best is trial 1073 with value: 0.009419886395335197.
[I 2024-12-26 08:39:11,664] Trial 1472 finished with value: 0.010587230324745178 and parameters: {'L1_hidden_dim': 128, 'L1_layers_atom': 2, 'L1_layers_mol': 2, 'L1_dropout': 0.004667059119970734, 'L1_out_dim': 64, 'L2_hidden_dim': 256, 'L2_layers_atom': 1, 'L2_layers_mol': 4, 'L2_out_dim': 112, 'L2_dropout': 0.001079136282417866, 'L3_hidden_dim': 80, 'L3_layers_atom': 3, 'L3_layers_mol': 1, 'L3_out_dim': 112, 'L3_dropout': 0.19499409145775026, 'n_mlp_layers': 2, 'mlp_dim_0': 336, 'mlp_dim_1': 416, 'num_heads': 1, 'final_dropout': 0.2142482441492359, 'train_learning_rate': 0.000440940238184517, 'train_lr_reduce': 0.6}. Best is trial 1073 with value: 0.009419886395335197.
[I 2024-12-26 08:40:19,818] Trial 1474 finished with value: 0.02683667652308941 and parameters: {'L1_hidden_dim': 176, 'L1_layers_atom': 4, 'L1_layers_mol': 4, 'L1_dropout': 0.0005754959794294578, 'L1_out_dim': 48, 'L2_hidden_dim': 256, 'L2_layers_atom': 1, 'L2_layers_mol': 1, 'L2_out_dim': 112, 'L2_dropout': 0.05279412583367955, 'L3_hidden_dim': 80, 'L3_layers_atom': 2, 'L3_layers_mol': 2, 'L3_out_dim': 80, 'L3_dropout': 0.295017214098972, 'n_mlp_layers': 2, 'mlp_dim_0': 512, 'mlp_dim_1': 400, 'num_heads': 1, 'final_dropout': 0.10935887893541099, 'train_learning_rate': 0.0024196134757869274, 'train_lr_reduce': 0.6}. Best is trial 1073 with value: 0.009419886395335197.
[I 2024-12-26 08:41:18,551] Trial 1475 finished with value: 0.010064787231385708 and parameters: {'L1_hidden_dim': 128, 'L1_layers_atom': 2, 'L1_layers_mol': 2, 'L1_dropout': 0.03424201177179062, 'L1_out_dim': 64, 'L2_hidden_dim': 208, 'L2_layers_atom': 1, 'L2_layers_mol': 3, 'L2_out_dim': 80, 'L2_dropout': 0.047508274266457325, 'L3_hidden_dim': 48, 'L3_layers_atom': 4, 'L3_layers_mol': 1, 'L3_out_dim': 96, 'L3_dropout': 0.13376100114797862, 'n_mlp_layers': 3, 'mlp_dim_0': 424, 'mlp_dim_1': 432, 'mlp_dim_2': 472, 'num_heads': 2, 'final_dropout': 0.15783708485954967, 'train_learning_rate': 0.0007760343229648107, 'train_lr_reduce': 0.6}. Best is trial 1073 with value: 0.009419886395335197.
[I 2024-12-26 08:42:25,283] Trial 1476 finished with value: 0.013482456095516682 and parameters: {'L1_hidden_dim': 80, 'L1_layers_atom': 2, 'L1_layers_mol': 1, 'L1_dropout': 0.11825948375271733, 'L1_out_dim': 80, 'L2_hidden_dim': 256, 'L2_layers_atom': 1, 'L2_layers_mol': 4, 'L2_out_dim': 112, 'L2_dropout': 0.07216970844213226, 'L3_hidden_dim': 32, 'L3_layers_atom': 4, 'L3_layers_mol': 3, 'L3_out_dim': 128, 'L3_dropout': 0.026049461848879643, 'n_mlp_layers': 3, 'mlp_dim_0': 464, 'mlp_dim_1': 400, 'mlp_dim_2': 424, 'num_heads': 2, 'final_dropout': 0.004991690045688381, 'train_learning_rate': 0.00042989113125726754, 'train_lr_reduce': 0.6}. Best is trial 1073 with value: 0.009419886395335197.
[I 2024-12-26 08:43:38,764] Trial 1477 finished with value: 0.011659064330160618 and parameters: {'L1_hidden_dim': 240, 'L1_layers_atom': 3, 'L1_layers_mol': 1, 'L1_dropout': 0.04313317791881768, 'L1_out_dim': 64, 'L2_hidden_dim': 256, 'L2_layers_atom': 1, 'L2_layers_mol': 1, 'L2_out_dim': 96, 'L2_dropout': 0.041069554744766756, 'L3_hidden_dim': 32, 'L3_layers_atom': 3, 'L3_layers_mol': 3, 'L3_out_dim': 96, 'L3_dropout': 0.15647575528343408, 'n_mlp_layers': 3, 'mlp_dim_0': 376, 'mlp_dim_1': 448, 'mlp_dim_2': 464, 'num_heads': 2, 'final_dropout': 0.13536726478500305, 'train_learning_rate': 0.00029458645038507456, 'train_lr_reduce': 0.6}. Best is trial 1073 with value: 0.009419886395335197.
[I 2024-12-26 08:44:14,775] Trial 1478 finished with value: 0.012592898681759834 and parameters: {'L1_hidden_dim': 112, 'L1_layers_atom': 2, 'L1_layers_mol': 1, 'L1_dropout': 0.12317966058712906, 'L1_out_dim': 32, 'L2_hidden_dim': 144, 'L2_layers_atom': 2, 'L2_layers_mol': 3, 'L2_out_dim': 112, 'L2_dropout': 0.08139728178837947, 'L3_hidden_dim': 80, 'L3_layers_atom': 4, 'L3_layers_mol': 1, 'L3_out_dim': 112, 'L3_dropout': 0.11391402169433151, 'n_mlp_layers': 3, 'mlp_dim_0': 456, 'mlp_dim_1': 392, 'mlp_dim_2': 472, 'num_heads': 2, 'final_dropout': 0.07546195345248322, 'train_learning_rate': 0.001026151441913517, 'train_lr_reduce': 0.6}. Best is trial 1073 with value: 0.009419886395335197.
[I 2024-12-26 08:45:04,432] Trial 1479 finished with value: 0.016598612070083618 and parameters: {'L1_hidden_dim': 96, 'L1_layers_atom': 3, 'L1_layers_mol': 1, 'L1_dropout': 0.17652018408931366, 'L1_out_dim': 32, 'L2_hidden_dim': 240, 'L2_layers_atom': 1, 'L2_layers_mol': 3, 'L2_out_dim': 128, 'L2_dropout': 0.009451098287948, 'L3_hidden_dim': 64, 'L3_layers_atom': 4, 'L3_layers_mol': 1, 'L3_out_dim': 112, 'L3_dropout': 0.062038059208197834, 'n_mlp_layers': 3, 'mlp_dim_0': 272, 'mlp_dim_1': 448, 'mlp_dim_2': 424, 'num_heads': 2, 'final_dropout': 0.18911723474761566, 'train_learning_rate': 0.00011985047916344441, 'train_lr_reduce': 0.6}. Best is trial 1073 with value: 0.009419886395335197.
[I 2024-12-26 08:46:27,371] Trial 1481 finished with value: 0.014372454956173897 and parameters: {'L1_hidden_dim': 144, 'L1_layers_atom': 2, 'L1_layers_mol': 2, 'L1_dropout': 0.05015133269963906, 'L1_out_dim': 80, 'L2_hidden_dim': 160, 'L2_layers_atom': 1, 'L2_layers_mol': 3, 'L2_out_dim': 80, 'L2_dropout': 0.07190288458701848, 'L3_hidden_dim': 80, 'L3_layers_atom': 4, 'L3_layers_mol': 1, 'L3_out_dim': 112, 'L3_dropout': 0.12315153728319592, 'n_mlp_layers': 2, 'mlp_dim_0': 456, 'mlp_dim_1': 392, 'num_heads': 2, 'final_dropout': 0.14255339984128307, 'train_learning_rate': 0.0016121456109869689, 'train_lr_reduce': 0.6}. Best is trial 1073 with value: 0.009419886395335197.
[I 2024-12-26 08:46:43,582] Trial 1480 finished with value: 0.01113241259008646 and parameters: {'L1_hidden_dim': 64, 'L1_layers_atom': 2, 'L1_layers_mol': 2, 'L1_dropout': 0.03614724146857404, 'L1_out_dim': 80, 'L2_hidden_dim': 224, 'L2_layers_atom': 2, 'L2_layers_mol': 4, 'L2_out_dim': 80, 'L2_dropout': 0.04989002528039798, 'L3_hidden_dim': 80, 'L3_layers_atom': 2, 'L3_layers_mol': 2, 'L3_out_dim': 80, 'L3_dropout': 0.12564165424898902, 'n_mlp_layers': 3, 'mlp_dim_0': 304, 'mlp_dim_1': 448, 'mlp_dim_2': 480, 'num_heads': 2, 'final_dropout': 0.16263233202492852, 'train_learning_rate': 0.0003646057519903167, 'train_lr_reduce': 0.6}. Best is trial 1073 with value: 0.009419886395335197.
