[I 2024-12-19 22:57:15,535] Trial 2469 finished with value: 1.1439487934112549 and parameters: {'mlp_n_layers': 2, 'mlp_dim_00': 377, 'mlp_dim_01': 149, 'node_hidden_dim': 33, 'edge_hidden_dim': 60, 'depth': 1, 'rep_dropout': 0.022302311027809326, 'train_learning_rate': 0.0019125963209547217, 'train_lr_reduce': 0.6}. Best is trial 1909 with value: 0.10777772963047028.
[I 2024-12-19 22:57:21,424] Trial 2471 finished with value: 1.1424204111099243 and parameters: {'mlp_n_layers': 3, 'mlp_dim_00': 77, 'mlp_dim_01': 96, 'mlp_dim_02': 265, 'node_hidden_dim': 71, 'edge_hidden_dim': 125, 'depth': 3, 'rep_dropout': 0.13508921604075497, 'train_learning_rate': 0.0025806877670596705, 'train_lr_reduce': 0.6}. Best is trial 1909 with value: 0.10777772963047028.
[I 2024-12-19 22:57:35,442] Trial 2468 finished with value: 0.3382720947265625 and parameters: {'mlp_n_layers': 1, 'mlp_dim_00': 408, 'node_hidden_dim': 62, 'edge_hidden_dim': 66, 'depth': 1, 'rep_dropout': 0.002645658518079868, 'train_learning_rate': 0.009120395245571372, 'train_lr_reduce': 0.6}. Best is trial 1909 with value: 0.10777772963047028.
[I 2024-12-19 22:57:35,738] Trial 2470 finished with value: 0.1846410185098648 and parameters: {'mlp_n_layers': 1, 'mlp_dim_00': 447, 'node_hidden_dim': 53, 'edge_hidden_dim': 36, 'depth': 1, 'rep_dropout': 0.024515267337650196, 'train_learning_rate': 0.006326265004127989, 'train_lr_reduce': 0.6}. Best is trial 1909 with value: 0.10777772963047028.
[I 2024-12-19 22:58:05,403] Trial 2472 finished with value: 0.13580015301704407 and parameters: {'mlp_n_layers': 2, 'mlp_dim_00': 497, 'mlp_dim_01': 248, 'node_hidden_dim': 47, 'edge_hidden_dim': 78, 'depth': 1, 'rep_dropout': 0.00929961589922976, 'train_learning_rate': 0.0034774953839456545, 'train_lr_reduce': 0.6}. Best is trial 1909 with value: 0.10777772963047028.
[I 2024-12-19 22:58:10,855] Trial 2475 finished with value: 1.1426570415496826 and parameters: {'mlp_n_layers': 4, 'mlp_dim_00': 247, 'mlp_dim_01': 164, 'mlp_dim_02': 387, 'mlp_dim_03': 64, 'node_hidden_dim': 35, 'edge_hidden_dim': 32, 'depth': 2, 'rep_dropout': 0.0844261880936893, 'train_learning_rate': 0.008317749113469658, 'train_lr_reduce': 0.6}. Best is trial 1909 with value: 0.10777772963047028.
[I 2024-12-19 22:58:15,884] Trial 2476 finished with value: 1.1423553228378296 and parameters: {'mlp_n_layers': 2, 'mlp_dim_00': 396, 'mlp_dim_01': 67, 'node_hidden_dim': 46, 'edge_hidden_dim': 65, 'depth': 2, 'rep_dropout': 0.0005915068274112312, 'train_learning_rate': 0.003438909785701442, 'train_lr_reduce': 0.6}. Best is trial 1909 with value: 0.10777772963047028.
[I 2024-12-19 22:58:17,301] Trial 2473 finished with value: 0.17802192270755768 and parameters: {'mlp_n_layers': 2, 'mlp_dim_00': 409, 'mlp_dim_01': 140, 'node_hidden_dim': 51, 'edge_hidden_dim': 45, 'depth': 1, 'rep_dropout': 0.005311163423285144, 'train_learning_rate': 0.007887372625764343, 'train_lr_reduce': 0.6}. Best is trial 1909 with value: 0.10777772963047028.
[I 2024-12-19 22:58:20,720] Trial 2474 finished with value: 0.24257442355155945 and parameters: {'mlp_n_layers': 1, 'mlp_dim_00': 493, 'node_hidden_dim': 32, 'edge_hidden_dim': 81, 'depth': 2, 'rep_dropout': 0.03280268110017354, 'train_learning_rate': 0.004327045268963638, 'train_lr_reduce': 0.6}. Best is trial 1909 with value: 0.10777772963047028.
[I 2024-12-19 22:58:26,342] Trial 2479 finished with value: 1.1423298120498657 and parameters: {'mlp_n_layers': 2, 'mlp_dim_00': 485, 'mlp_dim_01': 121, 'node_hidden_dim': 33, 'edge_hidden_dim': 56, 'depth': 2, 'rep_dropout': 0.04009180768163947, 'train_learning_rate': 0.0022818317954326835, 'train_lr_reduce': 0.6}. Best is trial 1909 with value: 0.10777772963047028.
[I 2024-12-19 22:58:31,831] Trial 2480 finished with value: 1.1422080993652344 and parameters: {'mlp_n_layers': 1, 'mlp_dim_00': 412, 'node_hidden_dim': 33, 'edge_hidden_dim': 49, 'depth': 1, 'rep_dropout': 0.03059178257134933, 'train_learning_rate': 0.002411898970105275, 'train_lr_reduce': 0.6}. Best is trial 1909 with value: 0.10777772963047028.
[I 2024-12-19 22:58:36,460] Trial 2481 finished with value: 1.1459546089172363 and parameters: {'mlp_n_layers': 1, 'mlp_dim_00': 428, 'node_hidden_dim': 41, 'edge_hidden_dim': 39, 'depth': 2, 'rep_dropout': 0.05895802289666312, 'train_learning_rate': 0.004811873150255969, 'train_lr_reduce': 0.6}. Best is trial 1909 with value: 0.10777772963047028.
[I 2024-12-19 22:58:55,685] Trial 2477 finished with value: 0.1533532291650772 and parameters: {'mlp_n_layers': 2, 'mlp_dim_00': 508, 'mlp_dim_01': 203, 'node_hidden_dim': 34, 'edge_hidden_dim': 70, 'depth': 1, 'rep_dropout': 0.0011494487907810977, 'train_learning_rate': 0.0038642584692411028, 'train_lr_reduce': 0.6}. Best is trial 1909 with value: 0.10777772963047028.
[I 2024-12-19 22:58:59,046] Trial 2478 finished with value: 0.14164315164089203 and parameters: {'mlp_n_layers': 1, 'mlp_dim_00': 329, 'node_hidden_dim': 32, 'edge_hidden_dim': 72, 'depth': 1, 'rep_dropout': 0.00044327150745792016, 'train_learning_rate': 0.00408500683120434, 'train_lr_reduce': 0.6}. Best is trial 1909 with value: 0.10777772963047028.
[I 2024-12-19 22:59:04,457] Trial 2484 finished with value: 1.14224374294281 and parameters: {'mlp_n_layers': 1, 'mlp_dim_00': 315, 'node_hidden_dim': 40, 'edge_hidden_dim': 65, 'depth': 4, 'rep_dropout': 0.1412840364361847, 'train_learning_rate': 0.00031108653324893874, 'train_lr_reduce': 0.6}. Best is trial 1909 with value: 0.10777772963047028.
[I 2024-12-19 22:59:10,308] Trial 2485 finished with value: 1.1423872709274292 and parameters: {'mlp_n_layers': 4, 'mlp_dim_00': 411, 'mlp_dim_01': 112, 'mlp_dim_02': 160, 'mlp_dim_03': 350, 'node_hidden_dim': 69, 'edge_hidden_dim': 41, 'depth': 2, 'rep_dropout': 0.07704955465220507, 'train_learning_rate': 0.0007206166690838248, 'train_lr_reduce': 0.6}. Best is trial 1909 with value: 0.10777772963047028.
[I 2024-12-19 22:59:17,531] Trial 2482 finished with value: 0.14958438277244568 and parameters: {'mlp_n_layers': 2, 'mlp_dim_00': 496, 'mlp_dim_01': 177, 'node_hidden_dim': 32, 'edge_hidden_dim': 69, 'depth': 1, 'rep_dropout': 0.06652640396558561, 'train_learning_rate': 0.0073087271841825166, 'train_lr_reduce': 0.6}. Best is trial 1909 with value: 0.10777772963047028.
[I 2024-12-19 22:59:21,682] Trial 2486 finished with value: 0.7303200960159302 and parameters: {'mlp_n_layers': 1, 'mlp_dim_00': 454, 'node_hidden_dim': 37, 'edge_hidden_dim': 54, 'depth': 1, 'rep_dropout': 0.037281589424085125, 'train_learning_rate': 0.008919054609400536, 'train_lr_reduce': 0.6}. Best is trial 1909 with value: 0.10777772963047028.
[I 2024-12-19 22:59:26,369] Trial 2488 finished with value: 1.1437684297561646 and parameters: {'mlp_n_layers': 2, 'mlp_dim_00': 394, 'mlp_dim_01': 481, 'node_hidden_dim': 34, 'edge_hidden_dim': 49, 'depth': 2, 'rep_dropout': 0.03157604534164303, 'train_learning_rate': 0.0038101153178267317, 'train_lr_reduce': 0.6}. Best is trial 1909 with value: 0.10777772963047028.
[I 2024-12-19 22:59:33,024] Trial 2483 finished with value: 0.22251231968402863 and parameters: {'mlp_n_layers': 1, 'mlp_dim_00': 449, 'node_hidden_dim': 44, 'edge_hidden_dim': 51, 'depth': 1, 'rep_dropout': 0.03401156401639257, 'train_learning_rate': 0.009395606373913547, 'train_lr_reduce': 0.6}. Best is trial 1909 with value: 0.10777772963047028.
[I 2024-12-19 22:59:43,508] Trial 2487 finished with value: 0.26693615317344666 and parameters: {'mlp_n_layers': 1, 'mlp_dim_00': 372, 'node_hidden_dim': 41, 'edge_hidden_dim': 37, 'depth': 1, 'rep_dropout': 0.004141507546698971, 'train_learning_rate': 0.009056318190579766, 'train_lr_reduce': 0.6}. Best is trial 1909 with value: 0.10777772963047028.
[I 2024-12-19 23:00:02,040] Trial 2490 finished with value: 0.14836448431015015 and parameters: {'mlp_n_layers': 1, 'mlp_dim_00': 512, 'node_hidden_dim': 32, 'edge_hidden_dim': 58, 'depth': 1, 'rep_dropout': 0.04703912309385477, 'train_learning_rate': 0.002645794505095642, 'train_lr_reduce': 0.6}. Best is trial 1909 with value: 0.10777772963047028.
[I 2024-12-19 23:00:04,030] Trial 2489 finished with value: 0.14884904026985168 and parameters: {'mlp_n_layers': 1, 'mlp_dim_00': 423, 'node_hidden_dim': 33, 'edge_hidden_dim': 57, 'depth': 1, 'rep_dropout': 0.04443336229339602, 'train_learning_rate': 0.003914835919739564, 'train_lr_reduce': 0.6}. Best is trial 1909 with value: 0.10777772963047028.
[I 2024-12-19 23:00:07,297] Trial 2491 finished with value: 0.16886796057224274 and parameters: {'mlp_n_layers': 2, 'mlp_dim_00': 464, 'mlp_dim_01': 65, 'node_hidden_dim': 43, 'edge_hidden_dim': 55, 'depth': 1, 'rep_dropout': 0.008163504349736027, 'train_learning_rate': 0.007872278297305108, 'train_lr_reduce': 0.6}. Best is trial 1909 with value: 0.10777772963047028.
[I 2024-12-19 23:00:07,511] Trial 2492 finished with value: 1.143011212348938 and parameters: {'mlp_n_layers': 1, 'mlp_dim_00': 499, 'node_hidden_dim': 32, 'edge_hidden_dim': 57, 'depth': 2, 'rep_dropout': 0.03762392756236909, 'train_learning_rate': 0.004811278963479035, 'train_lr_reduce': 0.6}. Best is trial 1909 with value: 0.10777772963047028.
[I 2024-12-19 23:00:09,322] Trial 2493 finished with value: 1.1413958072662354 and parameters: {'mlp_n_layers': 2, 'mlp_dim_00': 184, 'mlp_dim_01': 148, 'node_hidden_dim': 50, 'edge_hidden_dim': 60, 'depth': 2, 'rep_dropout': 0.1491719219517022, 'train_learning_rate': 0.007975863625828037, 'train_lr_reduce': 0.6}. Best is trial 1909 with value: 0.10777772963047028.
[I 2024-12-19 23:00:15,153] Trial 2494 finished with value: 1.1410987377166748 and parameters: {'mlp_n_layers': 4, 'mlp_dim_00': 282, 'mlp_dim_01': 122, 'mlp_dim_02': 329, 'mlp_dim_03': 178, 'node_hidden_dim': 74, 'edge_hidden_dim': 37, 'depth': 1, 'rep_dropout': 0.1005527947317312, 'train_learning_rate': 0.00013003708130710458, 'train_lr_reduce': 0.6}. Best is trial 1909 with value: 0.10777772963047028.
[I 2024-12-19 23:00:16,649] Trial 2495 finished with value: 0.5827326774597168 and parameters: {'mlp_n_layers': 1, 'mlp_dim_00': 375, 'node_hidden_dim': 34, 'edge_hidden_dim': 62, 'depth': 1, 'rep_dropout': 0.039873016551798826, 'train_learning_rate': 0.00798760963005554, 'train_lr_reduce': 0.6}. Best is trial 1909 with value: 0.10777772963047028.
[I 2024-12-19 23:00:45,882] Trial 2498 finished with value: 0.17834965884685516 and parameters: {'mlp_n_layers': 2, 'mlp_dim_00': 398, 'mlp_dim_01': 198, 'node_hidden_dim': 42, 'edge_hidden_dim': 64, 'depth': 1, 'rep_dropout': 0.0275798630287768, 'train_learning_rate': 0.0056181236489191875, 'train_lr_reduce': 0.6}. Best is trial 1909 with value: 0.10777772963047028.
[I 2024-12-19 23:00:48,488] Trial 2496 finished with value: 0.13149453699588776 and parameters: {'mlp_n_layers': 1, 'mlp_dim_00': 446, 'node_hidden_dim': 32, 'edge_hidden_dim': 55, 'depth': 1, 'rep_dropout': 0.0014231351187653186, 'train_learning_rate': 0.003599473178541574, 'train_lr_reduce': 0.6}. Best is trial 1909 with value: 0.10777772963047028.
[I 2024-12-19 23:00:50,875] Trial 2499 finished with value: 1.1440001726150513 and parameters: {'mlp_n_layers': 3, 'mlp_dim_00': 216, 'mlp_dim_01': 65, 'mlp_dim_02': 468, 'node_hidden_dim': 76, 'edge_hidden_dim': 38, 'depth': 3, 'rep_dropout': 0.01104581430278187, 'train_learning_rate': 0.0012138120262927357, 'train_lr_reduce': 0.6}. Best is trial 1909 with value: 0.10777772963047028.
[I 2024-12-19 23:00:53,027] Trial 2497 finished with value: 0.1307889223098755 and parameters: {'mlp_n_layers': 1, 'mlp_dim_00': 511, 'node_hidden_dim': 33, 'edge_hidden_dim': 76, 'depth': 1, 'rep_dropout': 0.027925889452343134, 'train_learning_rate': 0.002368693208915533, 'train_lr_reduce': 0.6}. Best is trial 1909 with value: 0.10777772963047028.
/zhome/b1/0/88900/miniconda3/envs/critprops/lib/python3.9/site-packages/torch/_utils.py:831: UserWarning: TypedStorage is deprecated. It will be removed in the future and UntypedStorage will be the only storage class. This should only matter to you if you are using storages directly.  To access UntypedStorage directly, use tensor.untyped_storage() instead of tensor.storage()
  return self.fget.__get__(instance, owner)()
