[I 2024-12-15 16:23:21,239] Trial 1271 finished with value: 0.18843598663806915 and parameters: {'mlp_n_layers': 4, 'mlp_dim_00': 96, 'mlp_dim_01': 176, 'mlp_dim_02': 256, 'mlp_dim_03': 208, 'hidden_channels': 224, 'num_layers': 1, 'num_timesteps': 3, 'dropout': 0.029758847244397944, 'train_learning_rate': 0.0020427574773518907, 'train_lr_reduce': 0.6}. Best is trial 632 with value: 0.13978464901447296.
[I 2024-12-15 16:23:24,557] Trial 1274 finished with value: 1.4552775621414185 and parameters: {'mlp_n_layers': 2, 'mlp_dim_00': 32, 'mlp_dim_01': 32, 'hidden_channels': 80, 'num_layers': 4, 'num_timesteps': 4, 'dropout': 0.2055851871952852, 'train_learning_rate': 0.00031191660824710186, 'train_lr_reduce': 0.6}. Best is trial 632 with value: 0.13978464901447296.
[I 2024-12-15 16:23:24,881] Trial 1272 finished with value: 0.19994887709617615 and parameters: {'mlp_n_layers': 3, 'mlp_dim_00': 64, 'mlp_dim_01': 224, 'mlp_dim_02': 256, 'hidden_channels': 208, 'num_layers': 1, 'num_timesteps': 3, 'dropout': 0.014317622037146299, 'train_learning_rate': 0.0020342354757298983, 'train_lr_reduce': 0.6}. Best is trial 632 with value: 0.13978464901447296.
[I 2024-12-15 16:23:31,707] Trial 1273 finished with value: 0.15448500216007233 and parameters: {'mlp_n_layers': 3, 'mlp_dim_00': 80, 'mlp_dim_01': 192, 'mlp_dim_02': 240, 'hidden_channels': 192, 'num_layers': 1, 'num_timesteps': 4, 'dropout': 0.04107401942049545, 'train_learning_rate': 0.008400954969313902, 'train_lr_reduce': 0.6}. Best is trial 632 with value: 0.13978464901447296.
[I 2024-12-15 16:23:33,895] Trial 1275 finished with value: 0.164773091673851 and parameters: {'mlp_n_layers': 3, 'mlp_dim_00': 80, 'mlp_dim_01': 176, 'mlp_dim_02': 256, 'hidden_channels': 224, 'num_layers': 1, 'num_timesteps': 4, 'dropout': 0.008845818629634227, 'train_learning_rate': 0.001142826608330473, 'train_lr_reduce': 0.6}. Best is trial 632 with value: 0.13978464901447296.
[I 2024-12-15 16:23:36,507] Trial 1276 finished with value: 0.16332751512527466 and parameters: {'mlp_n_layers': 3, 'mlp_dim_00': 128, 'mlp_dim_01': 176, 'mlp_dim_02': 240, 'hidden_channels': 240, 'num_layers': 1, 'num_timesteps': 4, 'dropout': 0.027370017187888097, 'train_learning_rate': 0.001829001809227782, 'train_lr_reduce': 0.6}. Best is trial 632 with value: 0.13978464901447296.
[I 2024-12-15 16:23:42,745] Trial 1278 finished with value: 0.173988938331604 and parameters: {'mlp_n_layers': 4, 'mlp_dim_00': 96, 'mlp_dim_01': 160, 'mlp_dim_02': 240, 'mlp_dim_03': 192, 'hidden_channels': 176, 'num_layers': 1, 'num_timesteps': 4, 'dropout': 0.04010647502747393, 'train_learning_rate': 0.00121903080231709, 'train_lr_reduce': 0.6}. Best is trial 632 with value: 0.13978464901447296.
[I 2024-12-15 16:23:43,888] Trial 1277 finished with value: 0.2168094664812088 and parameters: {'mlp_n_layers': 4, 'mlp_dim_00': 144, 'mlp_dim_01': 160, 'mlp_dim_02': 240, 'mlp_dim_03': 192, 'hidden_channels': 192, 'num_layers': 1, 'num_timesteps': 4, 'dropout': 0.015346623702555394, 'train_learning_rate': 0.004222731219624733, 'train_lr_reduce': 0.6}. Best is trial 632 with value: 0.13978464901447296.
[I 2024-12-15 16:23:51,956] Trial 1279 finished with value: 0.18939988315105438 and parameters: {'mlp_n_layers': 4, 'mlp_dim_00': 112, 'mlp_dim_01': 176, 'mlp_dim_02': 256, 'mlp_dim_03': 208, 'hidden_channels': 256, 'num_layers': 1, 'num_timesteps': 4, 'dropout': 0.060090672046678034, 'train_learning_rate': 0.0019833910828406503, 'train_lr_reduce': 0.6}. Best is trial 632 with value: 0.13978464901447296.
[I 2024-12-15 16:23:52,198] Trial 1280 finished with value: 0.22761137783527374 and parameters: {'mlp_n_layers': 3, 'mlp_dim_00': 80, 'mlp_dim_01': 224, 'mlp_dim_02': 256, 'hidden_channels': 192, 'num_layers': 2, 'num_timesteps': 4, 'dropout': 0.0011619633805229242, 'train_learning_rate': 0.0028460228988917238, 'train_lr_reduce': 0.6}. Best is trial 632 with value: 0.13978464901447296.
[I 2024-12-15 16:23:53,216] Trial 1281 finished with value: 0.19317559897899628 and parameters: {'mlp_n_layers': 4, 'mlp_dim_00': 128, 'mlp_dim_01': 160, 'mlp_dim_02': 240, 'mlp_dim_03': 208, 'hidden_channels': 240, 'num_layers': 1, 'num_timesteps': 4, 'dropout': 0.0162809769733204, 'train_learning_rate': 0.0014837291600739535, 'train_lr_reduce': 0.6}. Best is trial 632 with value: 0.13978464901447296.
[I 2024-12-15 16:24:00,312] Trial 1282 finished with value: 0.20382767915725708 and parameters: {'mlp_n_layers': 3, 'mlp_dim_00': 192, 'mlp_dim_01': 176, 'mlp_dim_02': 256, 'hidden_channels': 144, 'num_layers': 2, 'num_timesteps': 2, 'dropout': 0.23141002227949992, 'train_learning_rate': 0.0013385904777487472, 'train_lr_reduce': 0.6}. Best is trial 632 with value: 0.13978464901447296.
[I 2024-12-15 16:24:07,380] Trial 1284 finished with value: 0.15152031183242798 and parameters: {'mlp_n_layers': 4, 'mlp_dim_00': 112, 'mlp_dim_01': 176, 'mlp_dim_02': 256, 'mlp_dim_03': 192, 'hidden_channels': 240, 'num_layers': 1, 'num_timesteps': 3, 'dropout': 0.023211077702103136, 'train_learning_rate': 0.003125857803761092, 'train_lr_reduce': 0.6}. Best is trial 632 with value: 0.13978464901447296.
[I 2024-12-15 16:24:09,464] Trial 1285 finished with value: 0.24222680926322937 and parameters: {'mlp_n_layers': 3, 'mlp_dim_00': 96, 'mlp_dim_01': 208, 'mlp_dim_02': 240, 'hidden_channels': 224, 'num_layers': 1, 'num_timesteps': 4, 'dropout': 0.03204610995129881, 'train_learning_rate': 0.0028601634616992866, 'train_lr_reduce': 0.6}. Best is trial 632 with value: 0.13978464901447296.
[I 2024-12-15 16:24:11,147] Trial 1283 finished with value: 0.7582542896270752 and parameters: {'mlp_n_layers': 2, 'mlp_dim_00': 48, 'mlp_dim_01': 256, 'hidden_channels': 32, 'num_layers': 1, 'num_timesteps': 4, 'dropout': 0.2694004138396927, 'train_learning_rate': 0.00011564745292986099, 'train_lr_reduce': 0.6}. Best is trial 632 with value: 0.13978464901447296.
[I 2024-12-15 16:24:12,651] Trial 1286 finished with value: 0.20348365604877472 and parameters: {'mlp_n_layers': 2, 'mlp_dim_00': 96, 'mlp_dim_01': 160, 'hidden_channels': 224, 'num_layers': 1, 'num_timesteps': 4, 'dropout': 0.018865534877608194, 'train_learning_rate': 0.0027812834424369628, 'train_lr_reduce': 0.6}. Best is trial 632 with value: 0.13978464901447296.
[I 2024-12-15 16:24:18,026] Trial 1287 finished with value: 0.24611510336399078 and parameters: {'mlp_n_layers': 4, 'mlp_dim_00': 112, 'mlp_dim_01': 176, 'mlp_dim_02': 256, 'mlp_dim_03': 208, 'hidden_channels': 208, 'num_layers': 1, 'num_timesteps': 4, 'dropout': 0.03407965898903416, 'train_learning_rate': 0.00510743671674789, 'train_lr_reduce': 0.6}. Best is trial 632 with value: 0.13978464901447296.
[I 2024-12-15 16:24:21,262] Trial 1289 finished with value: 0.2414705753326416 and parameters: {'mlp_n_layers': 4, 'mlp_dim_00': 128, 'mlp_dim_01': 208, 'mlp_dim_02': 256, 'mlp_dim_03': 192, 'hidden_channels': 256, 'num_layers': 1, 'num_timesteps': 4, 'dropout': 0.0007676572552397821, 'train_learning_rate': 0.0036502341182722852, 'train_lr_reduce': 0.6}. Best is trial 632 with value: 0.13978464901447296.
[I 2024-12-15 16:24:26,928] Trial 1288 finished with value: 0.2143128216266632 and parameters: {'mlp_n_layers': 4, 'mlp_dim_00': 96, 'mlp_dim_01': 160, 'mlp_dim_02': 256, 'mlp_dim_03': 192, 'hidden_channels': 256, 'num_layers': 2, 'num_timesteps': 3, 'dropout': 0.011871192120638521, 'train_learning_rate': 0.00397443310948761, 'train_lr_reduce': 0.6}. Best is trial 632 with value: 0.13978464901447296.
[I 2024-12-15 16:24:31,151] Trial 1290 finished with value: 0.19497428834438324 and parameters: {'mlp_n_layers': 4, 'mlp_dim_00': 144, 'mlp_dim_01': 128, 'mlp_dim_02': 256, 'mlp_dim_03': 240, 'hidden_channels': 256, 'num_layers': 1, 'num_timesteps': 3, 'dropout': 0.0020232266855365636, 'train_learning_rate': 0.0006402327823897605, 'train_lr_reduce': 0.6}. Best is trial 632 with value: 0.13978464901447296.
[I 2024-12-15 16:24:36,303] Trial 1291 finished with value: 0.20367571711540222 and parameters: {'mlp_n_layers': 4, 'mlp_dim_00': 112, 'mlp_dim_01': 112, 'mlp_dim_02': 256, 'mlp_dim_03': 224, 'hidden_channels': 192, 'num_layers': 1, 'num_timesteps': 3, 'dropout': 0.06648691942157442, 'train_learning_rate': 0.0027255145856045827, 'train_lr_reduce': 0.6}. Best is trial 632 with value: 0.13978464901447296.
[I 2024-12-15 16:24:40,183] Trial 1293 finished with value: 0.2259119600057602 and parameters: {'mlp_n_layers': 3, 'mlp_dim_00': 64, 'mlp_dim_01': 176, 'mlp_dim_02': 256, 'hidden_channels': 240, 'num_layers': 1, 'num_timesteps': 4, 'dropout': 0.0003871752592432831, 'train_learning_rate': 0.006309204367828929, 'train_lr_reduce': 0.6}. Best is trial 632 with value: 0.13978464901447296.
[I 2024-12-15 16:24:41,392] Trial 1292 finished with value: 0.15525484085083008 and parameters: {'mlp_n_layers': 4, 'mlp_dim_00': 112, 'mlp_dim_01': 160, 'mlp_dim_02': 256, 'mlp_dim_03': 192, 'hidden_channels': 176, 'num_layers': 1, 'num_timesteps': 3, 'dropout': 0.03506813664711725, 'train_learning_rate': 0.002405691591585902, 'train_lr_reduce': 0.6}. Best is trial 632 with value: 0.13978464901447296.
[I 2024-12-15 16:24:49,772] Trial 1296 finished with value: 0.22460386157035828 and parameters: {'mlp_n_layers': 3, 'mlp_dim_00': 112, 'mlp_dim_01': 256, 'mlp_dim_02': 256, 'hidden_channels': 128, 'num_layers': 3, 'num_timesteps': 1, 'dropout': 0.13631140427899718, 'train_learning_rate': 0.0012073818656860103, 'train_lr_reduce': 0.6}. Best is trial 632 with value: 0.13978464901447296.
[I 2024-12-15 16:24:56,373] Trial 1295 finished with value: 0.1759120672941208 and parameters: {'mlp_n_layers': 4, 'mlp_dim_00': 256, 'mlp_dim_01': 96, 'mlp_dim_02': 256, 'mlp_dim_03': 224, 'hidden_channels': 192, 'num_layers': 1, 'num_timesteps': 4, 'dropout': 0.007357547521204215, 'train_learning_rate': 0.0014766495435788033, 'train_lr_reduce': 0.6}. Best is trial 632 with value: 0.13978464901447296.
[I 2024-12-15 16:24:57,642] Trial 1294 finished with value: 0.30217716097831726 and parameters: {'mlp_n_layers': 3, 'mlp_dim_00': 208, 'mlp_dim_01': 48, 'mlp_dim_02': 256, 'hidden_channels': 176, 'num_layers': 4, 'num_timesteps': 4, 'dropout': 0.22288704878398527, 'train_learning_rate': 0.00031189864077690844, 'train_lr_reduce': 0.6}. Best is trial 632 with value: 0.13978464901447296.
[I 2024-12-15 16:25:04,344] Trial 1298 finished with value: 0.23976421356201172 and parameters: {'mlp_n_layers': 3, 'mlp_dim_00': 128, 'mlp_dim_01': 176, 'mlp_dim_02': 240, 'hidden_channels': 112, 'num_layers': 4, 'num_timesteps': 1, 'dropout': 0.2838373254070279, 'train_learning_rate': 0.00114561325039665, 'train_lr_reduce': 0.6}. Best is trial 632 with value: 0.13978464901447296.
[I 2024-12-15 16:25:05,140] Trial 1297 finished with value: 0.15223391354084015 and parameters: {'mlp_n_layers': 4, 'mlp_dim_00': 144, 'mlp_dim_01': 192, 'mlp_dim_02': 240, 'mlp_dim_03': 176, 'hidden_channels': 224, 'num_layers': 1, 'num_timesteps': 4, 'dropout': 0.0035993816892173685, 'train_learning_rate': 0.0026733565997039666, 'train_lr_reduce': 0.6}. Best is trial 632 with value: 0.13978464901447296.
[I 2024-12-15 16:25:12,738] Trial 1300 finished with value: 0.19887788593769073 and parameters: {'mlp_n_layers': 4, 'mlp_dim_00': 80, 'mlp_dim_01': 224, 'mlp_dim_02': 240, 'mlp_dim_03': 208, 'hidden_channels': 208, 'num_layers': 1, 'num_timesteps': 4, 'dropout': 0.03837871967537608, 'train_learning_rate': 0.0012012705974139063, 'train_lr_reduce': 0.6}. Best is trial 632 with value: 0.13978464901447296.
[I 2024-12-15 16:25:15,211] Trial 1299 finished with value: 0.17815767228603363 and parameters: {'mlp_n_layers': 4, 'mlp_dim_00': 128, 'mlp_dim_01': 176, 'mlp_dim_02': 256, 'mlp_dim_03': 192, 'hidden_channels': 176, 'num_layers': 1, 'num_timesteps': 3, 'dropout': 0.00014434563332347758, 'train_learning_rate': 0.005201786224626007, 'train_lr_reduce': 0.6}. Best is trial 632 with value: 0.13978464901447296.
[I 2024-12-15 16:25:16,405] Trial 1302 finished with value: 0.9095584154129028 and parameters: {'mlp_n_layers': 4, 'mlp_dim_00': 128, 'mlp_dim_01': 176, 'mlp_dim_02': 240, 'mlp_dim_03': 176, 'hidden_channels': 256, 'num_layers': 1, 'num_timesteps': 4, 'dropout': 0.0008914762995850031, 'train_learning_rate': 0.002750750427309573, 'train_lr_reduce': 0.6}. Best is trial 632 with value: 0.13978464901447296.
[I 2024-12-15 16:25:20,810] Trial 1301 finished with value: 0.1850997358560562 and parameters: {'mlp_n_layers': 4, 'mlp_dim_00': 96, 'mlp_dim_01': 192, 'mlp_dim_02': 256, 'mlp_dim_03': 176, 'hidden_channels': 192, 'num_layers': 2, 'num_timesteps': 3, 'dropout': 0.046321316965804694, 'train_learning_rate': 0.0025114738487427794, 'train_lr_reduce': 0.6}. Best is trial 632 with value: 0.13978464901447296.
[I 2024-12-15 16:25:26,363] Trial 1303 finished with value: 0.17853842675685883 and parameters: {'mlp_n_layers': 4, 'mlp_dim_00': 80, 'mlp_dim_01': 224, 'mlp_dim_02': 240, 'mlp_dim_03': 176, 'hidden_channels': 224, 'num_layers': 1, 'num_timesteps': 4, 'dropout': 0.01124365672896337, 'train_learning_rate': 0.0016291592241126141, 'train_lr_reduce': 0.6}. Best is trial 632 with value: 0.13978464901447296.
[I 2024-12-15 16:25:27,701] Trial 1305 finished with value: 0.15930497646331787 and parameters: {'mlp_n_layers': 4, 'mlp_dim_00': 64, 'mlp_dim_01': 144, 'mlp_dim_02': 240, 'mlp_dim_03': 176, 'hidden_channels': 192, 'num_layers': 1, 'num_timesteps': 3, 'dropout': 0.004426763415003518, 'train_learning_rate': 0.003051896284691301, 'train_lr_reduce': 0.6}. Best is trial 632 with value: 0.13978464901447296.
[I 2024-12-15 16:25:35,057] Trial 1304 finished with value: 0.19801554083824158 and parameters: {'mlp_n_layers': 3, 'mlp_dim_00': 112, 'mlp_dim_01': 192, 'mlp_dim_02': 256, 'hidden_channels': 64, 'num_layers': 2, 'num_timesteps': 4, 'dropout': 0.022062718253858, 'train_learning_rate': 0.00025975106572598456, 'train_lr_reduce': 0.6}. Best is trial 632 with value: 0.13978464901447296.
[I 2024-12-15 16:25:43,025] Trial 1306 finished with value: 0.16924263536930084 and parameters: {'mlp_n_layers': 3, 'mlp_dim_00': 112, 'mlp_dim_01': 160, 'mlp_dim_02': 240, 'hidden_channels': 240, 'num_layers': 1, 'num_timesteps': 4, 'dropout': 0.013997152281394008, 'train_learning_rate': 0.0023337147922177976, 'train_lr_reduce': 0.6}. Best is trial 632 with value: 0.13978464901447296.
[I 2024-12-15 16:25:43,312] Trial 1307 finished with value: 0.16354511678218842 and parameters: {'mlp_n_layers': 4, 'mlp_dim_00': 96, 'mlp_dim_01': 144, 'mlp_dim_02': 256, 'mlp_dim_03': 192, 'hidden_channels': 224, 'num_layers': 1, 'num_timesteps': 3, 'dropout': 0.031264200069263816, 'train_learning_rate': 0.002066638080207154, 'train_lr_reduce': 0.6}. Best is trial 632 with value: 0.13978464901447296.
[I 2024-12-15 16:25:46,539] Trial 1308 finished with value: 0.16161036491394043 and parameters: {'mlp_n_layers': 4, 'mlp_dim_00': 128, 'mlp_dim_01': 176, 'mlp_dim_02': 240, 'mlp_dim_03': 176, 'hidden_channels': 240, 'num_layers': 1, 'num_timesteps': 3, 'dropout': 0.046244796097591793, 'train_learning_rate': 0.0032310198148567996, 'train_lr_reduce': 0.6}. Best is trial 632 with value: 0.13978464901447296.
[I 2024-12-15 16:25:52,585] Trial 1309 finished with value: 0.2121199518442154 and parameters: {'mlp_n_layers': 4, 'mlp_dim_00': 144, 'mlp_dim_01': 128, 'mlp_dim_02': 256, 'mlp_dim_03': 176, 'hidden_channels': 112, 'num_layers': 2, 'num_timesteps': 3, 'dropout': 0.022015899306793582, 'train_learning_rate': 0.001844536186128275, 'train_lr_reduce': 0.6}. Best is trial 632 with value: 0.13978464901447296.
[I 2024-12-15 16:25:52,876] Trial 1310 finished with value: 0.18824392557144165 and parameters: {'mlp_n_layers': 4, 'mlp_dim_00': 112, 'mlp_dim_01': 192, 'mlp_dim_02': 224, 'mlp_dim_03': 192, 'hidden_channels': 208, 'num_layers': 1, 'num_timesteps': 4, 'dropout': 0.03176752440892105, 'train_learning_rate': 0.003529662353001294, 'train_lr_reduce': 0.6}. Best is trial 632 with value: 0.13978464901447296.
[I 2024-12-15 16:25:55,049] Trial 1311 finished with value: 0.18502171337604523 and parameters: {'mlp_n_layers': 4, 'mlp_dim_00': 96, 'mlp_dim_01': 192, 'mlp_dim_02': 240, 'mlp_dim_03': 224, 'hidden_channels': 240, 'num_layers': 1, 'num_timesteps': 4, 'dropout': 0.011838391218655214, 'train_learning_rate': 0.0014617275531828653, 'train_lr_reduce': 0.6}. Best is trial 632 with value: 0.13978464901447296.
[I 2024-12-15 16:26:02,219] Trial 1313 finished with value: 0.17397387325763702 and parameters: {'mlp_n_layers': 4, 'mlp_dim_00': 128, 'mlp_dim_01': 144, 'mlp_dim_02': 224, 'mlp_dim_03': 176, 'hidden_channels': 208, 'num_layers': 1, 'num_timesteps': 3, 'dropout': 0.0028091053743276445, 'train_learning_rate': 0.0009547917858423967, 'train_lr_reduce': 0.6}. Best is trial 632 with value: 0.13978464901447296.
[I 2024-12-15 16:26:04,783] Trial 1314 finished with value: 0.20099776983261108 and parameters: {'mlp_n_layers': 3, 'mlp_dim_00': 112, 'mlp_dim_01': 192, 'mlp_dim_02': 256, 'hidden_channels': 224, 'num_layers': 2, 'num_timesteps': 4, 'dropout': 0.006180737027458276, 'train_learning_rate': 0.0038108011725025187, 'train_lr_reduce': 0.6}. Best is trial 632 with value: 0.13978464901447296.
[I 2024-12-15 16:26:05,754] Trial 1312 finished with value: 0.264504611492157 and parameters: {'mlp_n_layers': 2, 'mlp_dim_00': 32, 'mlp_dim_01': 128, 'hidden_channels': 240, 'num_layers': 2, 'num_timesteps': 1, 'dropout': 0.032205447389625635, 'train_learning_rate': 0.00026375380549882886, 'train_lr_reduce': 0.6}. Best is trial 632 with value: 0.13978464901447296.
[I 2024-12-15 16:26:13,867] Trial 1315 finished with value: 0.16547569632530212 and parameters: {'mlp_n_layers': 4, 'mlp_dim_00': 112, 'mlp_dim_01': 128, 'mlp_dim_02': 224, 'mlp_dim_03': 176, 'hidden_channels': 256, 'num_layers': 1, 'num_timesteps': 3, 'dropout': 0.03229798861243836, 'train_learning_rate': 0.0015916003105507252, 'train_lr_reduce': 0.6}. Best is trial 632 with value: 0.13978464901447296.
[I 2024-12-15 16:26:16,629] Trial 1316 finished with value: 0.17243261635303497 and parameters: {'mlp_n_layers': 4, 'mlp_dim_00': 160, 'mlp_dim_01': 80, 'mlp_dim_02': 256, 'mlp_dim_03': 208, 'hidden_channels': 96, 'num_layers': 1, 'num_timesteps': 4, 'dropout': 0.0816487584120329, 'train_learning_rate': 0.0037365539451321623, 'train_lr_reduce': 0.6}. Best is trial 632 with value: 0.13978464901447296.
[I 2024-12-15 16:26:19,683] Trial 1317 finished with value: 0.1715596318244934 and parameters: {'mlp_n_layers': 4, 'mlp_dim_00': 112, 'mlp_dim_01': 208, 'mlp_dim_02': 224, 'mlp_dim_03': 176, 'hidden_channels': 224, 'num_layers': 1, 'num_timesteps': 3, 'dropout': 0.021510494773146604, 'train_learning_rate': 0.001507251286705968, 'train_lr_reduce': 0.6}. Best is trial 632 with value: 0.13978464901447296.
[I 2024-12-15 16:26:23,213] Trial 1319 finished with value: 0.2293948084115982 and parameters: {'mlp_n_layers': 2, 'mlp_dim_00': 256, 'mlp_dim_01': 192, 'hidden_channels': 144, 'num_layers': 2, 'num_timesteps': 1, 'dropout': 0.1648350348549637, 'train_learning_rate': 0.0028194502231535974, 'train_lr_reduce': 0.6}. Best is trial 632 with value: 0.13978464901447296.
[I 2024-12-15 16:26:28,402] Trial 1318 finished with value: 0.1530257612466812 and parameters: {'mlp_n_layers': 4, 'mlp_dim_00': 128, 'mlp_dim_01': 208, 'mlp_dim_02': 240, 'mlp_dim_03': 176, 'hidden_channels': 224, 'num_layers': 1, 'num_timesteps': 4, 'dropout': 0.02356912956090712, 'train_learning_rate': 0.0021901061641591136, 'train_lr_reduce': 0.6}. Best is trial 632 with value: 0.13978464901447296.
[I 2024-12-15 16:26:33,350] Trial 1321 finished with value: 0.22333070635795593 and parameters: {'mlp_n_layers': 4, 'mlp_dim_00': 80, 'mlp_dim_01': 176, 'mlp_dim_02': 224, 'mlp_dim_03': 208, 'hidden_channels': 192, 'num_layers': 2, 'num_timesteps': 4, 'dropout': 0.007107361522743942, 'train_learning_rate': 0.0016532493347201456, 'train_lr_reduce': 0.6}. Best is trial 632 with value: 0.13978464901447296.
[I 2024-12-15 16:26:33,855] Trial 1320 finished with value: 0.2564813792705536 and parameters: {'mlp_n_layers': 2, 'mlp_dim_00': 240, 'mlp_dim_01': 224, 'hidden_channels': 256, 'num_layers': 2, 'num_timesteps': 4, 'dropout': 0.2594408620871045, 'train_learning_rate': 0.00018338495549193262, 'train_lr_reduce': 0.6}. Best is trial 632 with value: 0.13978464901447296.
[I 2024-12-15 16:26:40,614] Trial 1322 finished with value: 0.2007409930229187 and parameters: {'mlp_n_layers': 4, 'mlp_dim_00': 160, 'mlp_dim_01': 208, 'mlp_dim_02': 256, 'mlp_dim_03': 176, 'hidden_channels': 192, 'num_layers': 1, 'num_timesteps': 4, 'dropout': 0.03258014622800473, 'train_learning_rate': 0.0027853009409342755, 'train_lr_reduce': 0.6}. Best is trial 632 with value: 0.13978464901447296.
[I 2024-12-15 16:26:41,747] Trial 1324 finished with value: 0.19282682240009308 and parameters: {'mlp_n_layers': 4, 'mlp_dim_00': 112, 'mlp_dim_01': 176, 'mlp_dim_02': 240, 'mlp_dim_03': 192, 'hidden_channels': 224, 'num_layers': 1, 'num_timesteps': 3, 'dropout': 0.021980220179236468, 'train_learning_rate': 0.0012225724980994997, 'train_lr_reduce': 0.6}. Best is trial 632 with value: 0.13978464901447296.
[I 2024-12-15 16:26:42,146] Trial 1323 finished with value: 0.19729095697402954 and parameters: {'mlp_n_layers': 4, 'mlp_dim_00': 112, 'mlp_dim_01': 64, 'mlp_dim_02': 240, 'mlp_dim_03': 176, 'hidden_channels': 256, 'num_layers': 1, 'num_timesteps': 4, 'dropout': 0.09458111787335863, 'train_learning_rate': 0.006291769324365741, 'train_lr_reduce': 0.6}. Best is trial 632 with value: 0.13978464901447296.
[I 2024-12-15 16:26:50,878] Trial 1325 finished with value: 0.15062890946865082 and parameters: {'mlp_n_layers': 4, 'mlp_dim_00': 112, 'mlp_dim_01': 240, 'mlp_dim_02': 240, 'mlp_dim_03': 176, 'hidden_channels': 224, 'num_layers': 1, 'num_timesteps': 3, 'dropout': 0.007398037249562041, 'train_learning_rate': 0.0024548321858088246, 'train_lr_reduce': 0.6}. Best is trial 632 with value: 0.13978464901447296.
