[I 2024-12-04 17:49:20,272] Trial 1304 finished with value: 0.31726744881348085 and parameters: {'n_estimators': 898, 'max_depth': 6, 'learning_rate': 0.07573800918039139, 'subsample': 0.7686584458881949, 'colsample_bytree': 0.7161451533516695, 'min_child_weight': 2, 'gamma': 0.000861541310796972, 'reg_alpha': 0.00011021719737804162, 'reg_lambda': 0.014017934023106181}. Best is trial 1280 with value: 0.3053279987307313.
[I 2024-12-04 17:49:21,729] Trial 1305 finished with value: 0.3196811063035019 and parameters: {'n_estimators': 894, 'max_depth': 6, 'learning_rate': 0.07561741342412018, 'subsample': 0.7686127440229146, 'colsample_bytree': 0.7141413368827352, 'min_child_weight': 2, 'gamma': 0.0008923320330647463, 'reg_alpha': 0.00011661218180171763, 'reg_lambda': 0.012838267956518195}. Best is trial 1280 with value: 0.3053279987307313.
[I 2024-12-04 17:49:23,247] Trial 1306 finished with value: 0.31460123805196205 and parameters: {'n_estimators': 892, 'max_depth': 6, 'learning_rate': 0.07582406507495057, 'subsample': 0.7685816187495518, 'colsample_bytree': 0.7156718050416908, 'min_child_weight': 2, 'gamma': 0.0009198319298976623, 'reg_alpha': 0.00011547457098896154, 'reg_lambda': 0.012636124429169827}. Best is trial 1280 with value: 0.3053279987307313.
[I 2024-12-04 17:49:24,857] Trial 1307 finished with value: 0.3141274950990163 and parameters: {'n_estimators': 900, 'max_depth': 6, 'learning_rate': 0.07504439754981516, 'subsample': 0.7690581435696959, 'colsample_bytree': 0.7139668593418118, 'min_child_weight': 2, 'gamma': 0.0008771846197489967, 'reg_alpha': 0.00012114049795397078, 'reg_lambda': 0.01250493166257715}. Best is trial 1280 with value: 0.3053279987307313.
[I 2024-12-04 17:49:26,350] Trial 1308 finished with value: 0.3134735105629144 and parameters: {'n_estimators': 899, 'max_depth': 6, 'learning_rate': 0.07577076673466038, 'subsample': 0.7691131397310527, 'colsample_bytree': 0.7133739894233879, 'min_child_weight': 2, 'gamma': 0.0008236921266140731, 'reg_alpha': 0.00010800504413151944, 'reg_lambda': 0.013172608388937506}. Best is trial 1280 with value: 0.3053279987307313.
[I 2024-12-04 17:49:27,935] Trial 1309 finished with value: 0.3196883772785194 and parameters: {'n_estimators': 901, 'max_depth': 6, 'learning_rate': 0.07541596025033545, 'subsample': 0.769571882393726, 'colsample_bytree': 0.7174372332643125, 'min_child_weight': 2, 'gamma': 0.00090126694857305, 'reg_alpha': 0.00010124763981440098, 'reg_lambda': 0.013170365351260795}. Best is trial 1280 with value: 0.3053279987307313.
[I 2024-12-04 17:49:29,561] Trial 1310 finished with value: 0.31339585570053446 and parameters: {'n_estimators': 902, 'max_depth': 6, 'learning_rate': 0.07593725804542362, 'subsample': 0.7698640218536323, 'colsample_bytree': 0.7154957001732438, 'min_child_weight': 2, 'gamma': 0.0007972660258598131, 'reg_alpha': 9.129581235986624e-05, 'reg_lambda': 0.012853546429479903}. Best is trial 1280 with value: 0.3053279987307313.
[I 2024-12-04 17:49:31,137] Trial 1311 finished with value: 0.31489420658912765 and parameters: {'n_estimators': 902, 'max_depth': 6, 'learning_rate': 0.07530674798549249, 'subsample': 0.768022145973291, 'colsample_bytree': 0.7163700347687798, 'min_child_weight': 2, 'gamma': 0.0009595809549639728, 'reg_alpha': 0.0001078120124400684, 'reg_lambda': 0.013593152806280793}. Best is trial 1280 with value: 0.3053279987307313.
[I 2024-12-04 17:49:32,750] Trial 1312 finished with value: 0.31847479871140616 and parameters: {'n_estimators': 900, 'max_depth': 6, 'learning_rate': 0.07609237242488667, 'subsample': 0.7688071408295428, 'colsample_bytree': 0.7164073850537884, 'min_child_weight': 2, 'gamma': 0.0009210944837157164, 'reg_alpha': 0.00012372068400053616, 'reg_lambda': 0.012999536415703733}. Best is trial 1280 with value: 0.3053279987307313.
[I 2024-12-04 17:49:34,218] Trial 1313 finished with value: 0.31449203918803015 and parameters: {'n_estimators': 897, 'max_depth': 6, 'learning_rate': 0.07377171007967555, 'subsample': 0.7704935350413427, 'colsample_bytree': 0.7167179315484133, 'min_child_weight': 2, 'gamma': 0.0009396240952472796, 'reg_alpha': 9.556489892137682e-05, 'reg_lambda': 0.013765704616857662}. Best is trial 1280 with value: 0.3053279987307313.
[I 2024-12-04 17:49:35,689] Trial 1314 finished with value: 0.31701446819250256 and parameters: {'n_estimators': 895, 'max_depth': 6, 'learning_rate': 0.07710556797577933, 'subsample': 0.7676323362323753, 'colsample_bytree': 0.7176472588970086, 'min_child_weight': 2, 'gamma': 0.000896960181260408, 'reg_alpha': 0.00012078846869872834, 'reg_lambda': 0.014823205476932461}. Best is trial 1280 with value: 0.3053279987307313.
[I 2024-12-04 17:49:37,165] Trial 1315 finished with value: 0.30969870984141307 and parameters: {'n_estimators': 900, 'max_depth': 6, 'learning_rate': 0.07466185570074407, 'subsample': 0.7693838830460678, 'colsample_bytree': 0.7176956057262848, 'min_child_weight': 2, 'gamma': 0.0008622745554045307, 'reg_alpha': 8.421442527262738e-05, 'reg_lambda': 0.01606818578201133}. Best is trial 1280 with value: 0.3053279987307313.
[I 2024-12-04 17:49:38,632] Trial 1316 finished with value: 0.314005707207691 and parameters: {'n_estimators': 891, 'max_depth': 6, 'learning_rate': 0.07500128707705561, 'subsample': 0.7687993048117784, 'colsample_bytree': 0.7158321975325795, 'min_child_weight': 2, 'gamma': 0.0009458861107064591, 'reg_alpha': 0.00011476734103098171, 'reg_lambda': 0.014883535192475915}. Best is trial 1280 with value: 0.3053279987307313.
[I 2024-12-04 17:49:40,100] Trial 1317 finished with value: 0.31350298900351625 and parameters: {'n_estimators': 891, 'max_depth': 6, 'learning_rate': 0.07538986917725055, 'subsample': 0.7680999242679776, 'colsample_bytree': 0.7186797022960901, 'min_child_weight': 2, 'gamma': 0.000896583235935902, 'reg_alpha': 0.00010342428833163173, 'reg_lambda': 0.013413319051142665}. Best is trial 1280 with value: 0.3053279987307313.
[I 2024-12-04 17:49:41,716] Trial 1318 finished with value: 0.3092183593622832 and parameters: {'n_estimators': 900, 'max_depth': 6, 'learning_rate': 0.0753149365218251, 'subsample': 0.7689490751016371, 'colsample_bytree': 0.7154520503333921, 'min_child_weight': 2, 'gamma': 0.0009190153268617293, 'reg_alpha': 0.0001095699420479915, 'reg_lambda': 0.014003399648644712}. Best is trial 1280 with value: 0.3053279987307313.
[I 2024-12-04 17:49:43,225] Trial 1319 finished with value: 0.30197738672869706 and parameters: {'n_estimators': 901, 'max_depth': 6, 'learning_rate': 0.07552706333880875, 'subsample': 0.7690377218957685, 'colsample_bytree': 0.7159434618793531, 'min_child_weight': 2, 'gamma': 0.0008447147209467522, 'reg_alpha': 0.00011068730893876521, 'reg_lambda': 0.014717448444955438}. Best is trial 1319 with value: 0.30197738672869706.
[I 2024-12-04 17:49:44,689] Trial 1320 finished with value: 0.3146222612613248 and parameters: {'n_estimators': 895, 'max_depth': 6, 'learning_rate': 0.07533684832826579, 'subsample': 0.7675712448048633, 'colsample_bytree': 0.7187773335068934, 'min_child_weight': 2, 'gamma': 0.0008351828390649243, 'reg_alpha': 9.204571992849249e-05, 'reg_lambda': 0.014208326863118991}. Best is trial 1319 with value: 0.30197738672869706.
[I 2024-12-04 17:49:46,110] Trial 1321 finished with value: 0.3136989614945225 and parameters: {'n_estimators': 903, 'max_depth': 6, 'learning_rate': 0.07480771666958401, 'subsample': 0.7705349923026306, 'colsample_bytree': 0.7158530201411768, 'min_child_weight': 2, 'gamma': 0.0008545619621932104, 'reg_alpha': 9.819155628010218e-05, 'reg_lambda': 0.014261852595698414}. Best is trial 1319 with value: 0.30197738672869706.
[I 2024-12-04 17:49:47,534] Trial 1322 finished with value: 0.3159181784070792 and parameters: {'n_estimators': 892, 'max_depth': 6, 'learning_rate': 0.07510202281735115, 'subsample': 0.7699968968314059, 'colsample_bytree': 0.7180371805455672, 'min_child_weight': 2, 'gamma': 0.0009187454646653781, 'reg_alpha': 0.00010879837874563565, 'reg_lambda': 0.013525594225201363}. Best is trial 1319 with value: 0.30197738672869706.
[I 2024-12-04 17:49:48,988] Trial 1323 finished with value: 0.31092866099161565 and parameters: {'n_estimators': 898, 'max_depth': 6, 'learning_rate': 0.07497711747821946, 'subsample': 0.7698926209242603, 'colsample_bytree': 0.7168426799551179, 'min_child_weight': 2, 'gamma': 0.0008700716311073812, 'reg_alpha': 9.389949281891926e-05, 'reg_lambda': 0.014364602452764302}. Best is trial 1319 with value: 0.30197738672869706.
[I 2024-12-04 17:49:50,454] Trial 1324 finished with value: 0.3129340392351472 and parameters: {'n_estimators': 900, 'max_depth': 6, 'learning_rate': 0.07454430371863337, 'subsample': 0.7692228391830433, 'colsample_bytree': 0.7167198207664144, 'min_child_weight': 2, 'gamma': 0.0009537830390097177, 'reg_alpha': 9.581553491199906e-05, 'reg_lambda': 0.013108130497985891}. Best is trial 1319 with value: 0.30197738672869706.
[I 2024-12-04 17:49:51,880] Trial 1325 finished with value: 0.31318927255798007 and parameters: {'n_estimators': 898, 'max_depth': 6, 'learning_rate': 0.0745793548700725, 'subsample': 0.7693770357792453, 'colsample_bytree': 0.7154094829558154, 'min_child_weight': 2, 'gamma': 0.0008627384516774652, 'reg_alpha': 0.00010264617422642617, 'reg_lambda': 0.01383626426394322}. Best is trial 1319 with value: 0.30197738672869706.
[I 2024-12-04 17:49:53,369] Trial 1326 finished with value: 0.31349882336540763 and parameters: {'n_estimators': 895, 'max_depth': 6, 'learning_rate': 0.07625610815766141, 'subsample': 0.7709492523418928, 'colsample_bytree': 0.7160384715734875, 'min_child_weight': 2, 'gamma': 0.0009374160135805137, 'reg_alpha': 0.00012355452905075918, 'reg_lambda': 0.014781629062991101}. Best is trial 1319 with value: 0.30197738672869706.
[I 2024-12-04 17:49:54,814] Trial 1327 finished with value: 0.3144112916095522 and parameters: {'n_estimators': 890, 'max_depth': 6, 'learning_rate': 0.07384660505063213, 'subsample': 0.7703650437740859, 'colsample_bytree': 0.718228616763145, 'min_child_weight': 2, 'gamma': 0.0008017408816574844, 'reg_alpha': 7.701864417408166e-05, 'reg_lambda': 0.013084495060031485}. Best is trial 1319 with value: 0.30197738672869706.
[I 2024-12-04 17:49:56,270] Trial 1328 finished with value: 0.3165649490971395 and parameters: {'n_estimators': 899, 'max_depth': 6, 'learning_rate': 0.07566381707822989, 'subsample': 0.7676822807644837, 'colsample_bytree': 0.716149119677878, 'min_child_weight': 2, 'gamma': 0.0008247512012300332, 'reg_alpha': 0.00010796888182336816, 'reg_lambda': 0.013889310526556037}. Best is trial 1319 with value: 0.30197738672869706.
[I 2024-12-04 17:49:57,845] Trial 1329 finished with value: 0.31403004450108435 and parameters: {'n_estimators': 897, 'max_depth': 6, 'learning_rate': 0.07562249788006092, 'subsample': 0.7697403895004652, 'colsample_bytree': 0.7142351976590855, 'min_child_weight': 2, 'gamma': 0.000766510199429164, 'reg_alpha': 0.00011626731717093926, 'reg_lambda': 0.013607684631908026}. Best is trial 1319 with value: 0.30197738672869706.
[I 2024-12-04 17:49:59,297] Trial 1330 finished with value: 0.3172252689263342 and parameters: {'n_estimators': 907, 'max_depth': 6, 'learning_rate': 0.07520677815136508, 'subsample': 0.7688872786040813, 'colsample_bytree': 0.7159941106498058, 'min_child_weight': 2, 'gamma': 0.0008193233827538995, 'reg_alpha': 0.00010028724147446244, 'reg_lambda': 0.01627523833276806}. Best is trial 1319 with value: 0.30197738672869706.
[I 2024-12-04 17:50:00,759] Trial 1331 finished with value: 0.31569055406911767 and parameters: {'n_estimators': 900, 'max_depth': 6, 'learning_rate': 0.07506587761165799, 'subsample': 0.7688932428803718, 'colsample_bytree': 0.7165528662357037, 'min_child_weight': 2, 'gamma': 0.0008709812951971962, 'reg_alpha': 9.996577899756342e-05, 'reg_lambda': 0.014453605482853779}. Best is trial 1319 with value: 0.30197738672869706.
[I 2024-12-04 17:50:02,208] Trial 1332 finished with value: 0.31683463125495054 and parameters: {'n_estimators': 896, 'max_depth': 6, 'learning_rate': 0.07497209789729438, 'subsample': 0.7693449080705919, 'colsample_bytree': 0.7160943600380643, 'min_child_weight': 2, 'gamma': 0.0008148378422415394, 'reg_alpha': 9.434464825456932e-05, 'reg_lambda': 0.013303034839501585}. Best is trial 1319 with value: 0.30197738672869706.
[I 2024-12-04 17:50:03,637] Trial 1333 finished with value: 0.30776930683736187 and parameters: {'n_estimators': 895, 'max_depth': 6, 'learning_rate': 0.07563345939771562, 'subsample': 0.7689406753613857, 'colsample_bytree': 0.716255987543621, 'min_child_weight': 2, 'gamma': 0.0008779060545442463, 'reg_alpha': 9.663287641480498e-05, 'reg_lambda': 0.015820985323918523}. Best is trial 1319 with value: 0.30197738672869706.
[I 2024-12-04 17:50:05,190] Trial 1334 finished with value: 0.3178995256581571 and parameters: {'n_estimators': 912, 'max_depth': 6, 'learning_rate': 0.07583568585222329, 'subsample': 0.7675594322688327, 'colsample_bytree': 0.7166505237827858, 'min_child_weight': 2, 'gamma': 0.0009550102483166766, 'reg_alpha': 0.00010715718623937912, 'reg_lambda': 0.015309984328940193}. Best is trial 1319 with value: 0.30197738672869706.
[I 2024-12-04 17:50:06,611] Trial 1335 finished with value: 0.3096107635002553 and parameters: {'n_estimators': 892, 'max_depth': 6, 'learning_rate': 0.07554157851417537, 'subsample': 0.7711455423588548, 'colsample_bytree': 0.7165606421584111, 'min_child_weight': 2, 'gamma': 0.0009393223740155, 'reg_alpha': 0.00011684849506048424, 'reg_lambda': 0.012649218512824655}. Best is trial 1319 with value: 0.30197738672869706.
[I 2024-12-04 17:50:08,031] Trial 1336 finished with value: 0.3088340171010899 and parameters: {'n_estimators': 900, 'max_depth': 6, 'learning_rate': 0.07465153642965465, 'subsample': 0.7698591800587942, 'colsample_bytree': 0.7182869401340408, 'min_child_weight': 2, 'gamma': 0.0008321616654940633, 'reg_alpha': 9.736053306628277e-05, 'reg_lambda': 0.014596811938130293}. Best is trial 1319 with value: 0.30197738672869706.
[I 2024-12-04 17:50:09,450] Trial 1337 finished with value: 0.31589839779378104 and parameters: {'n_estimators': 895, 'max_depth': 6, 'learning_rate': 0.07445936899631414, 'subsample': 0.7683526019970353, 'colsample_bytree': 0.7172623772843099, 'min_child_weight': 2, 'gamma': 0.0008629109309103311, 'reg_alpha': 0.00010401050290288772, 'reg_lambda': 0.01369653554751232}. Best is trial 1319 with value: 0.30197738672869706.
[I 2024-12-04 17:50:10,867] Trial 1338 finished with value: 0.3182077998518791 and parameters: {'n_estimators': 903, 'max_depth': 6, 'learning_rate': 0.07562373796698973, 'subsample': 0.7685312419302964, 'colsample_bytree': 0.7149220321848779, 'min_child_weight': 2, 'gamma': 0.0008372333616701655, 'reg_alpha': 0.00011056667670098503, 'reg_lambda': 0.01623441393241856}. Best is trial 1319 with value: 0.30197738672869706.
[I 2024-12-04 17:50:12,371] Trial 1339 finished with value: 0.3170987410445874 and parameters: {'n_estimators': 895, 'max_depth': 6, 'learning_rate': 0.07552413813756172, 'subsample': 0.7693597313573765, 'colsample_bytree': 0.7160266253047284, 'min_child_weight': 2, 'gamma': 0.0008868171492176604, 'reg_alpha': 0.00011105886013699335, 'reg_lambda': 0.014174496610106339}. Best is trial 1319 with value: 0.30197738672869706.
[I 2024-12-04 17:50:13,780] Trial 1340 finished with value: 0.31601017832737277 and parameters: {'n_estimators': 894, 'max_depth': 6, 'learning_rate': 0.07588524250446291, 'subsample': 0.7693084428396969, 'colsample_bytree': 0.7169402471890386, 'min_child_weight': 2, 'gamma': 0.000869055794518146, 'reg_alpha': 9.154738681779903e-05, 'reg_lambda': 0.015087371781439955}. Best is trial 1319 with value: 0.30197738672869706.
[I 2024-12-04 17:50:15,334] Trial 1341 finished with value: 0.3143736397621983 and parameters: {'n_estimators': 903, 'max_depth': 6, 'learning_rate': 0.07494460460510192, 'subsample': 0.7700413168568169, 'colsample_bytree': 0.7174558238981145, 'min_child_weight': 2, 'gamma': 0.0008195926030948056, 'reg_alpha': 8.972160808029291e-05, 'reg_lambda': 0.015392761638378164}. Best is trial 1319 with value: 0.30197738672869706.
[I 2024-12-04 17:50:16,747] Trial 1342 finished with value: 0.31215140978693795 and parameters: {'n_estimators': 899, 'max_depth': 6, 'learning_rate': 0.07596808556707728, 'subsample': 0.768710349879372, 'colsample_bytree': 0.7166272546187047, 'min_child_weight': 2, 'gamma': 0.0007803342931334515, 'reg_alpha': 0.00010366321565245687, 'reg_lambda': 0.014898969547790089}. Best is trial 1319 with value: 0.30197738672869706.
[I 2024-12-04 17:50:18,292] Trial 1343 finished with value: 0.3107550401065879 and parameters: {'n_estimators': 891, 'max_depth': 6, 'learning_rate': 0.07523000341553239, 'subsample': 0.7688777353365173, 'colsample_bytree': 0.7164215888386731, 'min_child_weight': 2, 'gamma': 0.0008404826375615396, 'reg_alpha': 0.00011628252852795644, 'reg_lambda': 0.014643404795544756}. Best is trial 1319 with value: 0.30197738672869706.
[I 2024-12-04 17:50:19,713] Trial 1344 finished with value: 0.3175025269861929 and parameters: {'n_estimators': 899, 'max_depth': 6, 'learning_rate': 0.0758268365184663, 'subsample': 0.7699867008179478, 'colsample_bytree': 0.7163450760220047, 'min_child_weight': 2, 'gamma': 0.000846920142557455, 'reg_alpha': 0.00010235716309753855, 'reg_lambda': 0.013900444741943362}. Best is trial 1319 with value: 0.30197738672869706.
[I 2024-12-04 17:50:21,120] Trial 1345 finished with value: 0.31200090969536526 and parameters: {'n_estimators': 897, 'max_depth': 6, 'learning_rate': 0.07501033164543976, 'subsample': 0.7703118649002298, 'colsample_bytree': 0.7166235073037535, 'min_child_weight': 2, 'gamma': 0.0008236701207210419, 'reg_alpha': 8.214100803088754e-05, 'reg_lambda': 0.016146633118126228}. Best is trial 1319 with value: 0.30197738672869706.
[I 2024-12-04 17:50:22,660] Trial 1346 finished with value: 0.3139978299832399 and parameters: {'n_estimators': 891, 'max_depth': 6, 'learning_rate': 0.07523264053449066, 'subsample': 0.7695851268737278, 'colsample_bytree': 0.7170467944485919, 'min_child_weight': 2, 'gamma': 0.0008792598061112973, 'reg_alpha': 9.97671930763305e-05, 'reg_lambda': 0.015714559511162452}. Best is trial 1319 with value: 0.30197738672869706.
[I 2024-12-04 17:50:24,087] Trial 1347 finished with value: 0.31020546349350653 and parameters: {'n_estimators': 900, 'max_depth': 6, 'learning_rate': 0.0754276333304779, 'subsample': 0.7692609064323997, 'colsample_bytree': 0.7143563535064922, 'min_child_weight': 2, 'gamma': 0.0008258268744574501, 'reg_alpha': 0.00010942462980891674, 'reg_lambda': 0.013740019654520312}. Best is trial 1319 with value: 0.30197738672869706.
[I 2024-12-04 17:50:25,521] Trial 1348 finished with value: 0.320070204814566 and parameters: {'n_estimators': 897, 'max_depth': 6, 'learning_rate': 0.0756469812789688, 'subsample': 0.7701209754484372, 'colsample_bytree': 0.717137523478047, 'min_child_weight': 2, 'gamma': 0.000826254991530407, 'reg_alpha': 0.00010193136084623172, 'reg_lambda': 0.015909081600930818}. Best is trial 1319 with value: 0.30197738672869706.
[I 2024-12-04 17:50:27,164] Trial 1349 finished with value: 0.3119806908164051 and parameters: {'n_estimators': 893, 'max_depth': 6, 'learning_rate': 0.07470636654155849, 'subsample': 0.7711685103678434, 'colsample_bytree': 0.7167205661695725, 'min_child_weight': 2, 'gamma': 0.0007941704648632078, 'reg_alpha': 9.44349201040912e-05, 'reg_lambda': 0.01338149870077825}. Best is trial 1319 with value: 0.30197738672869706.
[I 2024-12-04 17:50:28,606] Trial 1350 finished with value: 0.3150149625493348 and parameters: {'n_estimators': 905, 'max_depth': 6, 'learning_rate': 0.0750790393889126, 'subsample': 0.7694720988914951, 'colsample_bytree': 0.7159471197338473, 'min_child_weight': 2, 'gamma': 0.0008470433236013005, 'reg_alpha': 0.00010800486918181713, 'reg_lambda': 0.013197529108241637}. Best is trial 1319 with value: 0.30197738672869706.
[I 2024-12-04 17:50:30,045] Trial 1351 finished with value: 0.3140773373701555 and parameters: {'n_estimators': 892, 'max_depth': 6, 'learning_rate': 0.07552902271843215, 'subsample': 0.7692079663362329, 'colsample_bytree': 0.7149681555242796, 'min_child_weight': 2, 'gamma': 0.0008997716476564378, 'reg_alpha': 0.00012420610910218098, 'reg_lambda': 0.014161873289020962}. Best is trial 1319 with value: 0.30197738672869706.
[I 2024-12-04 17:50:31,474] Trial 1352 finished with value: 0.3132053285618943 and parameters: {'n_estimators': 888, 'max_depth': 6, 'learning_rate': 0.07604342084246599, 'subsample': 0.7689361467903326, 'colsample_bytree': 0.7169658623055373, 'min_child_weight': 2, 'gamma': 0.000891782691420061, 'reg_alpha': 0.00012173899334311567, 'reg_lambda': 0.014033616250658014}. Best is trial 1319 with value: 0.30197738672869706.
[I 2024-12-04 17:50:32,926] Trial 1353 finished with value: 0.31334986329767167 and parameters: {'n_estimators': 899, 'max_depth': 6, 'learning_rate': 0.07464746899081849, 'subsample': 0.7705450798058798, 'colsample_bytree': 0.7162745773952346, 'min_child_weight': 2, 'gamma': 0.0008778222631979838, 'reg_alpha': 9.581935344631796e-05, 'reg_lambda': 0.014788789436369309}. Best is trial 1319 with value: 0.30197738672869706.
[I 2024-12-04 17:50:34,376] Trial 1354 finished with value: 0.308845957011856 and parameters: {'n_estimators': 899, 'max_depth': 6, 'learning_rate': 0.07518800833105337, 'subsample': 0.7689936451601291, 'colsample_bytree': 0.7139301579104582, 'min_child_weight': 2, 'gamma': 0.0008436184906950188, 'reg_alpha': 0.00012165906740067484, 'reg_lambda': 0.012761606613397942}. Best is trial 1319 with value: 0.30197738672869706.
