Seed set to 42
[I 2024-12-15 21:53:45,930] A new study created in RDB with name: Pc_afp
[I 2024-12-15 21:54:11,755] Trial 2 finished with value: 0.1695169359445572 and parameters: {'mlp_n_layers': 4, 'mlp_dim_00': 128, 'mlp_dim_01': 176, 'mlp_dim_02': 192, 'mlp_dim_03': 224, 'hidden_channels': 224, 'num_layers': 3, 'num_timesteps': 3, 'dropout': 0.2788605029188248, 'train_learning_rate': 0.0041400322546547175, 'train_lr_reduce': 0.6}. Best is trial 2 with value: 0.1695169359445572.
[I 2024-12-15 21:54:24,448] Trial 1 finished with value: 0.16577422618865967 and parameters: {'mlp_n_layers': 3, 'mlp_dim_00': 240, 'mlp_dim_01': 112, 'mlp_dim_02': 160, 'hidden_channels': 240, 'num_layers': 3, 'num_timesteps': 2, 'dropout': 0.2682001752017124, 'train_learning_rate': 0.00011273005648985372, 'train_lr_reduce': 0.6}. Best is trial 1 with value: 0.16577422618865967.
[I 2024-12-15 21:54:25,133] Trial 0 finished with value: 0.24541044235229492 and parameters: {'mlp_n_layers': 2, 'mlp_dim_00': 48, 'mlp_dim_01': 224, 'hidden_channels': 80, 'num_layers': 3, 'num_timesteps': 3, 'dropout': 0.26910150417642065, 'train_learning_rate': 0.00015068439672271828, 'train_lr_reduce': 0.6}. Best is trial 1 with value: 0.16577422618865967.
[I 2024-12-15 21:54:40,853] Trial 3 finished with value: 0.1846795380115509 and parameters: {'mlp_n_layers': 2, 'mlp_dim_00': 64, 'mlp_dim_01': 240, 'hidden_channels': 112, 'num_layers': 2, 'num_timesteps': 4, 'dropout': 0.2781673101628422, 'train_learning_rate': 0.00015918338314675775, 'train_lr_reduce': 0.6}. Best is trial 1 with value: 0.16577422618865967.
[I 2024-12-15 21:54:51,596] Trial 5 finished with value: 0.13454705476760864 and parameters: {'mlp_n_layers': 3, 'mlp_dim_00': 256, 'mlp_dim_01': 112, 'mlp_dim_02': 176, 'hidden_channels': 128, 'num_layers': 1, 'num_timesteps': 4, 'dropout': 0.27627514085724314, 'train_learning_rate': 0.00022260376057434296, 'train_lr_reduce': 0.6}. Best is trial 5 with value: 0.13454705476760864.
[I 2024-12-15 21:54:52,622] Trial 4 finished with value: 0.12456116825342178 and parameters: {'mlp_n_layers': 3, 'mlp_dim_00': 64, 'mlp_dim_01': 176, 'mlp_dim_02': 224, 'hidden_channels': 32, 'num_layers': 1, 'num_timesteps': 4, 'dropout': 0.18327100699009638, 'train_learning_rate': 0.000354569143967365, 'train_lr_reduce': 0.6}. Best is trial 4 with value: 0.12456116825342178.
[I 2024-12-15 21:55:04,687] Trial 8 finished with value: 0.14212468266487122 and parameters: {'mlp_n_layers': 3, 'mlp_dim_00': 96, 'mlp_dim_01': 48, 'mlp_dim_02': 128, 'hidden_channels': 112, 'num_layers': 1, 'num_timesteps': 1, 'dropout': 0.13408028490899945, 'train_learning_rate': 0.0017969470707144678, 'train_lr_reduce': 0.6}. Best is trial 4 with value: 0.12456116825342178.
[I 2024-12-15 21:55:05,781] Trial 7 finished with value: 0.1302526742219925 and parameters: {'mlp_n_layers': 4, 'mlp_dim_00': 80, 'mlp_dim_01': 96, 'mlp_dim_02': 208, 'mlp_dim_03': 80, 'hidden_channels': 32, 'num_layers': 3, 'num_timesteps': 3, 'dropout': 0.19616982598646507, 'train_learning_rate': 0.007005891821893491, 'train_lr_reduce': 0.6}. Best is trial 4 with value: 0.12456116825342178.
[I 2024-12-15 21:55:06,674] Trial 6 finished with value: 0.1496421843767166 and parameters: {'mlp_n_layers': 4, 'mlp_dim_00': 192, 'mlp_dim_01': 80, 'mlp_dim_02': 224, 'mlp_dim_03': 208, 'hidden_channels': 192, 'num_layers': 2, 'num_timesteps': 3, 'dropout': 0.10608038358316997, 'train_learning_rate': 0.0002250048859837639, 'train_lr_reduce': 0.6}. Best is trial 4 with value: 0.12456116825342178.
[I 2024-12-15 21:55:26,014] Trial 9 finished with value: 0.12726952135562897 and parameters: {'mlp_n_layers': 2, 'mlp_dim_00': 192, 'mlp_dim_01': 256, 'hidden_channels': 176, 'num_layers': 2, 'num_timesteps': 4, 'dropout': 0.1150124238506945, 'train_learning_rate': 0.0009338158686235245, 'train_lr_reduce': 0.6}. Best is trial 4 with value: 0.12456116825342178.
[I 2024-12-15 21:55:36,146] Trial 11 finished with value: 0.19686445593833923 and parameters: {'mlp_n_layers': 3, 'mlp_dim_00': 144, 'mlp_dim_01': 224, 'mlp_dim_02': 112, 'hidden_channels': 256, 'num_layers': 4, 'num_timesteps': 1, 'dropout': 0.2948646856018215, 'train_learning_rate': 0.002779595469989001, 'train_lr_reduce': 0.6}. Best is trial 4 with value: 0.12456116825342178.
[I 2024-12-15 21:55:39,859] Trial 10 finished with value: 0.14822617173194885 and parameters: {'mlp_n_layers': 2, 'mlp_dim_00': 144, 'mlp_dim_01': 80, 'hidden_channels': 160, 'num_layers': 4, 'num_timesteps': 3, 'dropout': 0.246963862055644, 'train_learning_rate': 0.0003420452687343678, 'train_lr_reduce': 0.6}. Best is trial 4 with value: 0.12456116825342178.
[I 2024-12-15 21:55:47,687] Trial 13 finished with value: 0.12424608319997787 and parameters: {'mlp_n_layers': 2, 'mlp_dim_00': 224, 'mlp_dim_01': 256, 'hidden_channels': 160, 'num_layers': 2, 'num_timesteps': 4, 'dropout': 0.08276277341400717, 'train_learning_rate': 0.002526693370894168, 'train_lr_reduce': 0.6}. Best is trial 13 with value: 0.12424608319997787.
[I 2024-12-15 21:55:50,448] Trial 12 finished with value: 0.12183234095573425 and parameters: {'mlp_n_layers': 3, 'mlp_dim_00': 32, 'mlp_dim_01': 80, 'mlp_dim_02': 48, 'hidden_channels': 32, 'num_layers': 1, 'num_timesteps': 4, 'dropout': 0.14784201223547633, 'train_learning_rate': 0.0009323591824800913, 'train_lr_reduce': 0.6}. Best is trial 12 with value: 0.12183234095573425.
[I 2024-12-15 21:55:59,702] Trial 14 finished with value: 0.10924133658409119 and parameters: {'mlp_n_layers': 4, 'mlp_dim_00': 80, 'mlp_dim_01': 192, 'mlp_dim_02': 224, 'mlp_dim_03': 32, 'hidden_channels': 48, 'num_layers': 1, 'num_timesteps': 4, 'dropout': 0.19389303470250174, 'train_learning_rate': 0.0005044411502888999, 'train_lr_reduce': 0.6}. Best is trial 14 with value: 0.10924133658409119.
[I 2024-12-15 21:56:08,342] Trial 15 finished with value: 0.1439477652311325 and parameters: {'mlp_n_layers': 3, 'mlp_dim_00': 192, 'mlp_dim_01': 256, 'mlp_dim_02': 32, 'hidden_channels': 128, 'num_layers': 2, 'num_timesteps': 3, 'dropout': 0.060936890530071154, 'train_learning_rate': 0.0067274628973035475, 'train_lr_reduce': 0.6}. Best is trial 14 with value: 0.10924133658409119.
[I 2024-12-15 21:56:14,686] Trial 16 finished with value: 0.1329091191291809 and parameters: {'mlp_n_layers': 3, 'mlp_dim_00': 80, 'mlp_dim_01': 48, 'mlp_dim_02': 64, 'hidden_channels': 80, 'num_layers': 1, 'num_timesteps': 4, 'dropout': 0.08581960398512628, 'train_learning_rate': 0.001115310764654955, 'train_lr_reduce': 0.6}. Best is trial 14 with value: 0.10924133658409119.
[I 2024-12-15 21:56:16,082] Trial 17 finished with value: 0.1498367339372635 and parameters: {'mlp_n_layers': 4, 'mlp_dim_00': 80, 'mlp_dim_01': 64, 'mlp_dim_02': 256, 'mlp_dim_03': 32, 'hidden_channels': 64, 'num_layers': 1, 'num_timesteps': 4, 'dropout': 0.260814420879442, 'train_learning_rate': 0.0016209216347877358, 'train_lr_reduce': 0.6}. Best is trial 14 with value: 0.10924133658409119.
[I 2024-12-15 21:56:26,439] Trial 18 finished with value: 0.13701142370700836 and parameters: {'mlp_n_layers': 4, 'mlp_dim_00': 80, 'mlp_dim_01': 192, 'mlp_dim_02': 64, 'mlp_dim_03': 128, 'hidden_channels': 144, 'num_layers': 2, 'num_timesteps': 4, 'dropout': 0.15439604596628606, 'train_learning_rate': 0.0010757869650142688, 'train_lr_reduce': 0.6}. Best is trial 14 with value: 0.10924133658409119.
[I 2024-12-15 21:56:29,158] Trial 20 finished with value: 0.12205003947019577 and parameters: {'mlp_n_layers': 4, 'mlp_dim_00': 32, 'mlp_dim_01': 128, 'mlp_dim_02': 96, 'mlp_dim_03': 128, 'hidden_channels': 32, 'num_layers': 1, 'num_timesteps': 4, 'dropout': 0.07476970255602639, 'train_learning_rate': 0.0025931932430095605, 'train_lr_reduce': 0.6}. Best is trial 14 with value: 0.10924133658409119.
[I 2024-12-15 21:56:41,154] Trial 21 finished with value: 0.11320391297340393 and parameters: {'mlp_n_layers': 2, 'mlp_dim_00': 48, 'mlp_dim_01': 96, 'hidden_channels': 32, 'num_layers': 1, 'num_timesteps': 4, 'dropout': 0.21774152412428216, 'train_learning_rate': 0.0032142814493905116, 'train_lr_reduce': 0.6}. Best is trial 14 with value: 0.10924133658409119.
[I 2024-12-15 21:56:41,395] Trial 19 finished with value: 0.1900046169757843 and parameters: {'mlp_n_layers': 4, 'mlp_dim_00': 160, 'mlp_dim_01': 256, 'mlp_dim_02': 32, 'mlp_dim_03': 32, 'hidden_channels': 80, 'num_layers': 2, 'num_timesteps': 4, 'dropout': 0.059702069482033285, 'train_learning_rate': 0.00016589540842267973, 'train_lr_reduce': 0.6}. Best is trial 14 with value: 0.10924133658409119.
[I 2024-12-15 21:56:45,307] Trial 22 finished with value: 0.17227177321910858 and parameters: {'mlp_n_layers': 4, 'mlp_dim_00': 32, 'mlp_dim_01': 224, 'mlp_dim_02': 256, 'mlp_dim_03': 80, 'hidden_channels': 48, 'num_layers': 2, 'num_timesteps': 2, 'dropout': 0.22837943683957573, 'train_learning_rate': 0.0006163820615717911, 'train_lr_reduce': 0.6}. Best is trial 14 with value: 0.10924133658409119.
[I 2024-12-15 21:56:52,544] Trial 24 finished with value: 0.11508817970752716 and parameters: {'mlp_n_layers': 2, 'mlp_dim_00': 48, 'mlp_dim_01': 192, 'hidden_channels': 64, 'num_layers': 1, 'num_timesteps': 4, 'dropout': 0.19659604983345572, 'train_learning_rate': 0.0048953493232192224, 'train_lr_reduce': 0.6}. Best is trial 14 with value: 0.10924133658409119.
[I 2024-12-15 21:56:56,810] Trial 25 finished with value: 0.14656877517700195 and parameters: {'mlp_n_layers': 2, 'mlp_dim_00': 32, 'mlp_dim_01': 64, 'hidden_channels': 48, 'num_layers': 1, 'num_timesteps': 4, 'dropout': 0.27492915236741355, 'train_learning_rate': 0.009824125723880207, 'train_lr_reduce': 0.6}. Best is trial 14 with value: 0.10924133658409119.
[I 2024-12-15 21:57:03,635] Trial 26 finished with value: 0.11148092895746231 and parameters: {'mlp_n_layers': 2, 'mlp_dim_00': 64, 'mlp_dim_01': 256, 'hidden_channels': 96, 'num_layers': 1, 'num_timesteps': 4, 'dropout': 0.22721234921970193, 'train_learning_rate': 0.00455878671407293, 'train_lr_reduce': 0.6}. Best is trial 14 with value: 0.10924133658409119.
[I 2024-12-15 21:57:05,227] Trial 23 finished with value: 0.18875190615653992 and parameters: {'mlp_n_layers': 4, 'mlp_dim_00': 112, 'mlp_dim_01': 192, 'mlp_dim_02': 112, 'mlp_dim_03': 160, 'hidden_channels': 64, 'num_layers': 2, 'num_timesteps': 4, 'dropout': 0.26067618506125156, 'train_learning_rate': 0.00018317126173715472, 'train_lr_reduce': 0.6}. Best is trial 14 with value: 0.10924133658409119.
[I 2024-12-15 21:57:11,330] Trial 27 finished with value: 0.11861263960599899 and parameters: {'mlp_n_layers': 2, 'mlp_dim_00': 64, 'mlp_dim_01': 128, 'hidden_channels': 128, 'num_layers': 1, 'num_timesteps': 4, 'dropout': 0.23826981635669486, 'train_learning_rate': 0.00155954133880642, 'train_lr_reduce': 0.6}. Best is trial 14 with value: 0.10924133658409119.
[I 2024-12-15 21:57:15,113] Trial 28 finished with value: 0.1278265118598938 and parameters: {'mlp_n_layers': 2, 'mlp_dim_00': 32, 'mlp_dim_01': 240, 'hidden_channels': 144, 'num_layers': 1, 'num_timesteps': 4, 'dropout': 0.27512632793737757, 'train_learning_rate': 0.0028389042619831736, 'train_lr_reduce': 0.6}. Best is trial 14 with value: 0.10924133658409119.
[I 2024-12-15 21:57:20,097] Trial 29 finished with value: 0.11707741767168045 and parameters: {'mlp_n_layers': 4, 'mlp_dim_00': 112, 'mlp_dim_01': 192, 'mlp_dim_02': 160, 'mlp_dim_03': 32, 'hidden_channels': 48, 'num_layers': 1, 'num_timesteps': 3, 'dropout': 0.2114959959784818, 'train_learning_rate': 0.0008835360935182562, 'train_lr_reduce': 0.6}. Best is trial 14 with value: 0.10924133658409119.
[I 2024-12-15 21:57:23,065] Trial 30 finished with value: 0.13697074353694916 and parameters: {'mlp_n_layers': 2, 'mlp_dim_00': 112, 'mlp_dim_01': 240, 'hidden_channels': 128, 'num_layers': 2, 'num_timesteps': 3, 'dropout': 0.22039871447572243, 'train_learning_rate': 0.007221867778480728, 'train_lr_reduce': 0.6}. Best is trial 14 with value: 0.10924133658409119.
[I 2024-12-15 21:57:25,019] Trial 31 finished with value: 0.10149600356817245 and parameters: {'mlp_n_layers': 2, 'mlp_dim_00': 192, 'mlp_dim_01': 240, 'hidden_channels': 48, 'num_layers': 1, 'num_timesteps': 3, 'dropout': 0.2604679651650865, 'train_learning_rate': 0.0021061670141056593, 'train_lr_reduce': 0.6}. Best is trial 31 with value: 0.10149600356817245.
[I 2024-12-15 21:57:31,862] Trial 33 finished with value: 0.09965694695711136 and parameters: {'mlp_n_layers': 2, 'mlp_dim_00': 96, 'mlp_dim_01': 208, 'hidden_channels': 80, 'num_layers': 1, 'num_timesteps': 4, 'dropout': 0.1339550677033853, 'train_learning_rate': 0.005879850412322909, 'train_lr_reduce': 0.6}. Best is trial 33 with value: 0.09965694695711136.
[I 2024-12-15 21:57:33,705] Trial 34 finished with value: 0.11142498254776001 and parameters: {'mlp_n_layers': 2, 'mlp_dim_00': 192, 'mlp_dim_01': 208, 'hidden_channels': 48, 'num_layers': 1, 'num_timesteps': 2, 'dropout': 0.26474499602357543, 'train_learning_rate': 0.003301000236581029, 'train_lr_reduce': 0.6}. Best is trial 33 with value: 0.09965694695711136.
[I 2024-12-15 21:57:34,478] Trial 32 finished with value: 0.12219569832086563 and parameters: {'mlp_n_layers': 3, 'mlp_dim_00': 128, 'mlp_dim_01': 240, 'mlp_dim_02': 256, 'hidden_channels': 48, 'num_layers': 2, 'num_timesteps': 4, 'dropout': 0.26523738965952015, 'train_learning_rate': 0.0032046674088088696, 'train_lr_reduce': 0.6}. Best is trial 33 with value: 0.09965694695711136.
[I 2024-12-15 21:57:42,712] Trial 36 finished with value: 0.12786048650741577 and parameters: {'mlp_n_layers': 2, 'mlp_dim_00': 160, 'mlp_dim_01': 224, 'hidden_channels': 48, 'num_layers': 1, 'num_timesteps': 1, 'dropout': 0.2694408774140318, 'train_learning_rate': 0.005259202427812025, 'train_lr_reduce': 0.6}. Best is trial 33 with value: 0.09965694695711136.
[I 2024-12-15 21:57:46,959] Trial 35 finished with value: 0.12761656939983368 and parameters: {'mlp_n_layers': 2, 'mlp_dim_00': 192, 'mlp_dim_01': 240, 'hidden_channels': 96, 'num_layers': 1, 'num_timesteps': 3, 'dropout': 0.2830300102695063, 'train_learning_rate': 0.0005373869742267966, 'train_lr_reduce': 0.6}. Best is trial 33 with value: 0.09965694695711136.
[I 2024-12-15 21:57:52,636] Trial 37 finished with value: 0.12015410512685776 and parameters: {'mlp_n_layers': 2, 'mlp_dim_00': 176, 'mlp_dim_01': 160, 'hidden_channels': 64, 'num_layers': 1, 'num_timesteps': 2, 'dropout': 0.15555893338669993, 'train_learning_rate': 0.0008445021073691194, 'train_lr_reduce': 0.6}. Best is trial 33 with value: 0.09965694695711136.
[I 2024-12-15 21:57:57,623] Trial 38 finished with value: 0.10670062899589539 and parameters: {'mlp_n_layers': 2, 'mlp_dim_00': 256, 'mlp_dim_01': 192, 'hidden_channels': 48, 'num_layers': 1, 'num_timesteps': 2, 'dropout': 0.23480729548570536, 'train_learning_rate': 0.00954105125343628, 'train_lr_reduce': 0.6}. Best is trial 33 with value: 0.09965694695711136.
[I 2024-12-15 21:57:59,448] Trial 39 finished with value: 0.11563357710838318 and parameters: {'mlp_n_layers': 2, 'mlp_dim_00': 80, 'mlp_dim_01': 208, 'hidden_channels': 80, 'num_layers': 1, 'num_timesteps': 4, 'dropout': 0.04805977175858164, 'train_learning_rate': 0.006375690941301741, 'train_lr_reduce': 0.6}. Best is trial 33 with value: 0.09965694695711136.
[I 2024-12-15 21:58:08,487] Trial 40 finished with value: 0.10888843238353729 and parameters: {'mlp_n_layers': 2, 'mlp_dim_00': 224, 'mlp_dim_01': 208, 'hidden_channels': 32, 'num_layers': 1, 'num_timesteps': 2, 'dropout': 0.28446041594295607, 'train_learning_rate': 0.001394378103491906, 'train_lr_reduce': 0.6}. Best is trial 33 with value: 0.09965694695711136.
[I 2024-12-15 21:58:09,475] Trial 41 finished with value: 0.10653787106275558 and parameters: {'mlp_n_layers': 2, 'mlp_dim_00': 224, 'mlp_dim_01': 128, 'hidden_channels': 96, 'num_layers': 2, 'num_timesteps': 2, 'dropout': 0.1888059379504516, 'train_learning_rate': 0.006235123283279176, 'train_lr_reduce': 0.6}. Best is trial 33 with value: 0.09965694695711136.
[I 2024-12-15 21:58:18,824] Trial 43 finished with value: 0.11763109266757965 and parameters: {'mlp_n_layers': 3, 'mlp_dim_00': 256, 'mlp_dim_01': 208, 'mlp_dim_02': 160, 'hidden_channels': 112, 'num_layers': 2, 'num_timesteps': 2, 'dropout': 0.27689569875453157, 'train_learning_rate': 0.002334139237446158, 'train_lr_reduce': 0.6}. Best is trial 33 with value: 0.09965694695711136.
[I 2024-12-15 21:58:21,633] Trial 42 finished with value: 0.12471169978380203 and parameters: {'mlp_n_layers': 3, 'mlp_dim_00': 224, 'mlp_dim_01': 176, 'mlp_dim_02': 192, 'hidden_channels': 64, 'num_layers': 1, 'num_timesteps': 4, 'dropout': 0.23571829952803564, 'train_learning_rate': 0.009462551894421503, 'train_lr_reduce': 0.6}. Best is trial 33 with value: 0.09965694695711136.
[I 2024-12-15 21:58:30,610] Trial 44 finished with value: 0.11778054386377335 and parameters: {'mlp_n_layers': 3, 'mlp_dim_00': 208, 'mlp_dim_01': 112, 'mlp_dim_02': 96, 'hidden_channels': 128, 'num_layers': 2, 'num_timesteps': 1, 'dropout': 0.17055488366611843, 'train_learning_rate': 0.005214025152831718, 'train_lr_reduce': 0.6}. Best is trial 33 with value: 0.09965694695711136.
[I 2024-12-15 21:58:33,180] Trial 46 finished with value: 0.1187189444899559 and parameters: {'mlp_n_layers': 2, 'mlp_dim_00': 208, 'mlp_dim_01': 112, 'hidden_channels': 128, 'num_layers': 2, 'num_timesteps': 3, 'dropout': 0.1893580100907091, 'train_learning_rate': 0.0028481760749380935, 'train_lr_reduce': 0.6}. Best is trial 33 with value: 0.09965694695711136.
[I 2024-12-15 21:58:38,553] Trial 45 finished with value: 0.11495280265808105 and parameters: {'mlp_n_layers': 2, 'mlp_dim_00': 256, 'mlp_dim_01': 176, 'hidden_channels': 32, 'num_layers': 1, 'num_timesteps': 1, 'dropout': 0.2869192891911507, 'train_learning_rate': 0.0005384618751906483, 'train_lr_reduce': 0.6}. Best is trial 33 with value: 0.09965694695711136.
[I 2024-12-15 21:58:41,336] Trial 47 finished with value: 0.11079994589090347 and parameters: {'mlp_n_layers': 2, 'mlp_dim_00': 240, 'mlp_dim_01': 176, 'hidden_channels': 80, 'num_layers': 3, 'num_timesteps': 1, 'dropout': 0.17869995726916954, 'train_learning_rate': 0.006148494541163794, 'train_lr_reduce': 0.6}. Best is trial 33 with value: 0.09965694695711136.
[I 2024-12-15 21:58:47,607] Trial 49 finished with value: 0.10008525103330612 and parameters: {'mlp_n_layers': 2, 'mlp_dim_00': 240, 'mlp_dim_01': 176, 'hidden_channels': 48, 'num_layers': 1, 'num_timesteps': 1, 'dropout': 0.23019377911589262, 'train_learning_rate': 0.005694695853728703, 'train_lr_reduce': 0.6}. Best is trial 33 with value: 0.09965694695711136.
[I 2024-12-15 21:58:47,622] Trial 48 finished with value: 0.12082502245903015 and parameters: {'mlp_n_layers': 2, 'mlp_dim_00': 256, 'mlp_dim_01': 240, 'hidden_channels': 32, 'num_layers': 1, 'num_timesteps': 3, 'dropout': 0.24058712524560089, 'train_learning_rate': 0.0010612820972420956, 'train_lr_reduce': 0.6}. Best is trial 33 with value: 0.09965694695711136.
[I 2024-12-15 21:58:49,718] Trial 50 finished with value: 0.11276864260435104 and parameters: {'mlp_n_layers': 2, 'mlp_dim_00': 240, 'mlp_dim_01': 160, 'hidden_channels': 48, 'num_layers': 1, 'num_timesteps': 3, 'dropout': 0.1610420637300148, 'train_learning_rate': 0.005270267754286288, 'train_lr_reduce': 0.6}. Best is trial 33 with value: 0.09965694695711136.
[I 2024-12-15 21:58:56,412] Trial 51 finished with value: 0.11976955085992813 and parameters: {'mlp_n_layers': 2, 'mlp_dim_00': 208, 'mlp_dim_01': 112, 'hidden_channels': 96, 'num_layers': 1, 'num_timesteps': 1, 'dropout': 0.25908129345876374, 'train_learning_rate': 0.006073867368375615, 'train_lr_reduce': 0.6}. Best is trial 33 with value: 0.09965694695711136.
[I 2024-12-15 21:59:01,011] Trial 52 finished with value: 0.13365407288074493 and parameters: {'mlp_n_layers': 2, 'mlp_dim_00': 240, 'mlp_dim_01': 208, 'hidden_channels': 48, 'num_layers': 2, 'num_timesteps': 3, 'dropout': 0.23377867699173796, 'train_learning_rate': 0.006493303653838571, 'train_lr_reduce': 0.6}. Best is trial 33 with value: 0.09965694695711136.
[I 2024-12-15 21:59:02,468] Trial 53 finished with value: 0.09194936603307724 and parameters: {'mlp_n_layers': 3, 'mlp_dim_00': 224, 'mlp_dim_01': 208, 'mlp_dim_02': 128, 'hidden_channels': 32, 'num_layers': 1, 'num_timesteps': 2, 'dropout': 0.2557107556676529, 'train_learning_rate': 0.007169903944477739, 'train_lr_reduce': 0.6}. Best is trial 53 with value: 0.09194936603307724.
[I 2024-12-15 21:59:07,144] Trial 54 finished with value: 0.10476003587245941 and parameters: {'mlp_n_layers': 2, 'mlp_dim_00': 224, 'mlp_dim_01': 80, 'hidden_channels': 48, 'num_layers': 2, 'num_timesteps': 2, 'dropout': 0.2172045943113253, 'train_learning_rate': 0.006459851926464509, 'train_lr_reduce': 0.6}. Best is trial 53 with value: 0.09194936603307724.
[I 2024-12-15 21:59:11,129] Trial 55 finished with value: 0.11936771124601364 and parameters: {'mlp_n_layers': 2, 'mlp_dim_00': 112, 'mlp_dim_01': 176, 'hidden_channels': 176, 'num_layers': 1, 'num_timesteps': 4, 'dropout': 0.1627044556396232, 'train_learning_rate': 0.004096345140731582, 'train_lr_reduce': 0.6}. Best is trial 53 with value: 0.09194936603307724.
[I 2024-12-15 21:59:15,507] Trial 56 finished with value: 0.09111598879098892 and parameters: {'mlp_n_layers': 3, 'mlp_dim_00': 224, 'mlp_dim_01': 192, 'mlp_dim_02': 128, 'hidden_channels': 64, 'num_layers': 1, 'num_timesteps': 2, 'dropout': 0.28035081144016427, 'train_learning_rate': 0.009217933564860913, 'train_lr_reduce': 0.6}. Best is trial 56 with value: 0.09111598879098892.
[I 2024-12-15 21:59:21,805] Trial 57 finished with value: 0.1487324982881546 and parameters: {'mlp_n_layers': 3, 'mlp_dim_00': 176, 'mlp_dim_01': 64, 'mlp_dim_02': 128, 'hidden_channels': 80, 'num_layers': 2, 'num_timesteps': 3, 'dropout': 0.18780801891776383, 'train_learning_rate': 0.00960902230768056, 'train_lr_reduce': 0.6}. Best is trial 56 with value: 0.09111598879098892.
