[I 2024-12-16 01:32:42,564] Trial 2449 finished with value: 0.11851143836975098 and parameters: {'mlp_n_layers': 3, 'mlp_dim_00': 176, 'mlp_dim_01': 256, 'mlp_dim_02': 256, 'hidden_channels': 48, 'num_layers': 3, 'num_timesteps': 3, 'dropout': 0.11749495336434118, 'train_learning_rate': 0.001539667026928288, 'train_lr_reduce': 0.6}. Best is trial 130 with value: 0.0812772810459137.
[I 2024-12-16 01:32:42,885] Trial 2450 finished with value: 0.12824656069278717 and parameters: {'mlp_n_layers': 2, 'mlp_dim_00': 144, 'mlp_dim_01': 240, 'hidden_channels': 32, 'num_layers': 2, 'num_timesteps': 3, 'dropout': 0.14048018129326617, 'train_learning_rate': 0.006329075253188582, 'train_lr_reduce': 0.6}. Best is trial 130 with value: 0.0812772810459137.
[I 2024-12-16 01:32:53,060] Trial 2452 finished with value: 0.11410082131624222 and parameters: {'mlp_n_layers': 3, 'mlp_dim_00': 112, 'mlp_dim_01': 240, 'mlp_dim_02': 176, 'hidden_channels': 32, 'num_layers': 1, 'num_timesteps': 4, 'dropout': 0.0932026681796754, 'train_learning_rate': 0.0074793807064031095, 'train_lr_reduce': 0.6}. Best is trial 130 with value: 0.0812772810459137.
[I 2024-12-16 01:32:57,570] Trial 2453 finished with value: 0.12088797986507416 and parameters: {'mlp_n_layers': 3, 'mlp_dim_00': 96, 'mlp_dim_01': 224, 'mlp_dim_02': 208, 'hidden_channels': 96, 'num_layers': 3, 'num_timesteps': 3, 'dropout': 0.0639075638741025, 'train_learning_rate': 0.004592384545900042, 'train_lr_reduce': 0.6}. Best is trial 130 with value: 0.0812772810459137.
[I 2024-12-16 01:32:57,640] Trial 2451 finished with value: 0.09841608256101608 and parameters: {'mlp_n_layers': 2, 'mlp_dim_00': 96, 'mlp_dim_01': 240, 'hidden_channels': 48, 'num_layers': 3, 'num_timesteps': 2, 'dropout': 0.06943195546221208, 'train_learning_rate': 0.005641232217799972, 'train_lr_reduce': 0.6}. Best is trial 130 with value: 0.0812772810459137.
[I 2024-12-16 01:33:09,558] Trial 2456 finished with value: 0.11505402624607086 and parameters: {'mlp_n_layers': 2, 'mlp_dim_00': 96, 'mlp_dim_01': 256, 'hidden_channels': 32, 'num_layers': 1, 'num_timesteps': 4, 'dropout': 0.05976768171385072, 'train_learning_rate': 0.0085592398384454, 'train_lr_reduce': 0.6}. Best is trial 130 with value: 0.0812772810459137.
[I 2024-12-16 01:33:14,587] Trial 2454 finished with value: 0.102460578083992 and parameters: {'mlp_n_layers': 2, 'mlp_dim_00': 176, 'mlp_dim_01': 144, 'hidden_channels': 64, 'num_layers': 2, 'num_timesteps': 4, 'dropout': 0.1815689611398823, 'train_learning_rate': 0.009036446612887043, 'train_lr_reduce': 0.6}. Best is trial 130 with value: 0.0812772810459137.
[I 2024-12-16 01:33:19,209] Trial 2457 finished with value: 0.10841415822505951 and parameters: {'mlp_n_layers': 2, 'mlp_dim_00': 128, 'mlp_dim_01': 256, 'hidden_channels': 48, 'num_layers': 1, 'num_timesteps': 2, 'dropout': 0.07909513114380416, 'train_learning_rate': 0.007586783041039577, 'train_lr_reduce': 0.6}. Best is trial 130 with value: 0.0812772810459137.
[I 2024-12-16 01:33:20,103] Trial 2455 finished with value: 0.12111702561378479 and parameters: {'mlp_n_layers': 3, 'mlp_dim_00': 176, 'mlp_dim_01': 128, 'mlp_dim_02': 96, 'hidden_channels': 224, 'num_layers': 3, 'num_timesteps': 1, 'dropout': 0.02668406244848523, 'train_learning_rate': 0.006658774038112473, 'train_lr_reduce': 0.6}. Best is trial 130 with value: 0.0812772810459137.
[I 2024-12-16 01:33:25,830] Trial 2458 finished with value: 0.11268788576126099 and parameters: {'mlp_n_layers': 2, 'mlp_dim_00': 112, 'mlp_dim_01': 176, 'hidden_channels': 32, 'num_layers': 2, 'num_timesteps': 2, 'dropout': 0.08120614348408144, 'train_learning_rate': 0.009023872537282616, 'train_lr_reduce': 0.6}. Best is trial 130 with value: 0.0812772810459137.
[I 2024-12-16 01:33:30,158] Trial 2459 finished with value: 0.11410058289766312 and parameters: {'mlp_n_layers': 2, 'mlp_dim_00': 128, 'mlp_dim_01': 256, 'hidden_channels': 32, 'num_layers': 2, 'num_timesteps': 3, 'dropout': 0.11801693175443724, 'train_learning_rate': 0.008308356301824573, 'train_lr_reduce': 0.6}. Best is trial 130 with value: 0.0812772810459137.
[I 2024-12-16 01:33:31,378] Trial 2461 finished with value: 0.46988293528556824 and parameters: {'mlp_n_layers': 2, 'mlp_dim_00': 256, 'mlp_dim_01': 112, 'hidden_channels': 64, 'num_layers': 1, 'num_timesteps': 3, 'dropout': 0.22384578095738836, 'train_learning_rate': 0.008965991919030409, 'train_lr_reduce': 0.6}. Best is trial 130 with value: 0.0812772810459137.
[I 2024-12-16 01:33:32,526] Trial 2460 finished with value: 0.10663148760795593 and parameters: {'mlp_n_layers': 2, 'mlp_dim_00': 160, 'mlp_dim_01': 240, 'hidden_channels': 80, 'num_layers': 2, 'num_timesteps': 3, 'dropout': 0.08240297776568713, 'train_learning_rate': 0.009902534824729173, 'train_lr_reduce': 0.6}. Best is trial 130 with value: 0.0812772810459137.
[I 2024-12-16 01:33:42,863] Trial 2463 finished with value: 0.11056070774793625 and parameters: {'mlp_n_layers': 2, 'mlp_dim_00': 96, 'mlp_dim_01': 192, 'hidden_channels': 112, 'num_layers': 2, 'num_timesteps': 4, 'dropout': 0.10785776228531872, 'train_learning_rate': 0.008500448048473889, 'train_lr_reduce': 0.6}. Best is trial 130 with value: 0.0812772810459137.
[I 2024-12-16 01:33:43,969] Trial 2462 finished with value: 0.09688960760831833 and parameters: {'mlp_n_layers': 2, 'mlp_dim_00': 64, 'mlp_dim_01': 240, 'hidden_channels': 32, 'num_layers': 3, 'num_timesteps': 4, 'dropout': 0.03374821858333784, 'train_learning_rate': 0.0035825679525595855, 'train_lr_reduce': 0.6}. Best is trial 130 with value: 0.0812772810459137.
[I 2024-12-16 01:33:46,837] Trial 2464 finished with value: 0.11524716764688492 and parameters: {'mlp_n_layers': 2, 'mlp_dim_00': 32, 'mlp_dim_01': 192, 'hidden_channels': 32, 'num_layers': 3, 'num_timesteps': 3, 'dropout': 0.07274645972640285, 'train_learning_rate': 0.005371891485024503, 'train_lr_reduce': 0.6}. Best is trial 130 with value: 0.0812772810459137.
[I 2024-12-16 01:33:54,827] Trial 2466 finished with value: 0.12545634806156158 and parameters: {'mlp_n_layers': 2, 'mlp_dim_00': 160, 'mlp_dim_01': 240, 'hidden_channels': 80, 'num_layers': 1, 'num_timesteps': 3, 'dropout': 0.07364380237584972, 'train_learning_rate': 0.009320633219758536, 'train_lr_reduce': 0.6}. Best is trial 130 with value: 0.0812772810459137.
[I 2024-12-16 01:33:57,881] Trial 2465 finished with value: 0.1050034686923027 and parameters: {'mlp_n_layers': 2, 'mlp_dim_00': 112, 'mlp_dim_01': 208, 'hidden_channels': 32, 'num_layers': 3, 'num_timesteps': 3, 'dropout': 0.013117960341797717, 'train_learning_rate': 0.003234564689198376, 'train_lr_reduce': 0.6}. Best is trial 130 with value: 0.0812772810459137.
[I 2024-12-16 01:34:07,123] Trial 2468 finished with value: 0.08101683109998703 and parameters: {'mlp_n_layers': 2, 'mlp_dim_00': 144, 'mlp_dim_01': 224, 'hidden_channels': 48, 'num_layers': 2, 'num_timesteps': 3, 'dropout': 0.018733984308724944, 'train_learning_rate': 0.0074914830721317695, 'train_lr_reduce': 0.6}. Best is trial 2468 with value: 0.08101683109998703.
[I 2024-12-16 01:34:09,630] Trial 2467 finished with value: 0.11529842764139175 and parameters: {'mlp_n_layers': 3, 'mlp_dim_00': 144, 'mlp_dim_01': 256, 'mlp_dim_02': 144, 'hidden_channels': 64, 'num_layers': 3, 'num_timesteps': 3, 'dropout': 0.12358001928297863, 'train_learning_rate': 0.009224986320788426, 'train_lr_reduce': 0.6}. Best is trial 2468 with value: 0.08101683109998703.
[I 2024-12-16 01:34:09,916] Trial 2469 finished with value: 0.1112905740737915 and parameters: {'mlp_n_layers': 2, 'mlp_dim_00': 160, 'mlp_dim_01': 256, 'hidden_channels': 32, 'num_layers': 2, 'num_timesteps': 3, 'dropout': 0.05893716545475779, 'train_learning_rate': 0.0030153999874469317, 'train_lr_reduce': 0.6}. Best is trial 2468 with value: 0.08101683109998703.
[I 2024-12-16 01:34:17,971] Trial 2470 finished with value: 0.09356047213077545 and parameters: {'mlp_n_layers': 2, 'mlp_dim_00': 208, 'mlp_dim_01': 192, 'hidden_channels': 32, 'num_layers': 1, 'num_timesteps': 3, 'dropout': 0.2715294327785978, 'train_learning_rate': 0.007967760138630786, 'train_lr_reduce': 0.6}. Best is trial 2468 with value: 0.08101683109998703.
[I 2024-12-16 01:34:23,881] Trial 2471 finished with value: 0.09184369444847107 and parameters: {'mlp_n_layers': 2, 'mlp_dim_00': 208, 'mlp_dim_01': 176, 'hidden_channels': 32, 'num_layers': 1, 'num_timesteps': 4, 'dropout': 0.22073750894134087, 'train_learning_rate': 0.00961155335974277, 'train_lr_reduce': 0.6}. Best is trial 2468 with value: 0.08101683109998703.
[I 2024-12-16 01:34:27,495] Trial 2472 finished with value: 0.11708509922027588 and parameters: {'mlp_n_layers': 3, 'mlp_dim_00': 144, 'mlp_dim_01': 208, 'mlp_dim_02': 160, 'hidden_channels': 64, 'num_layers': 3, 'num_timesteps': 3, 'dropout': 0.05477761540149086, 'train_learning_rate': 0.005862944945857413, 'train_lr_reduce': 0.6}. Best is trial 2468 with value: 0.08101683109998703.
[I 2024-12-16 01:34:30,471] Trial 2473 finished with value: 0.11522109061479568 and parameters: {'mlp_n_layers': 2, 'mlp_dim_00': 176, 'mlp_dim_01': 208, 'hidden_channels': 96, 'num_layers': 3, 'num_timesteps': 3, 'dropout': 0.06839812761561567, 'train_learning_rate': 0.005065471347154102, 'train_lr_reduce': 0.6}. Best is trial 2468 with value: 0.08101683109998703.
[I 2024-12-16 01:34:38,607] Trial 2474 finished with value: 0.1594488024711609 and parameters: {'mlp_n_layers': 4, 'mlp_dim_00': 32, 'mlp_dim_01': 112, 'mlp_dim_02': 224, 'mlp_dim_03': 176, 'hidden_channels': 96, 'num_layers': 3, 'num_timesteps': 4, 'dropout': 0.06699152385807368, 'train_learning_rate': 0.009542164060181076, 'train_lr_reduce': 0.6}. Best is trial 2468 with value: 0.08101683109998703.
[I 2024-12-16 01:34:39,174] Trial 2475 finished with value: 0.10670550167560577 and parameters: {'mlp_n_layers': 2, 'mlp_dim_00': 160, 'mlp_dim_01': 224, 'hidden_channels': 48, 'num_layers': 3, 'num_timesteps': 3, 'dropout': 0.09221307246222489, 'train_learning_rate': 0.005395597971376891, 'train_lr_reduce': 0.6}. Best is trial 2468 with value: 0.08101683109998703.
[I 2024-12-16 01:34:44,120] Trial 2476 finished with value: 0.13500367105007172 and parameters: {'mlp_n_layers': 2, 'mlp_dim_00': 112, 'mlp_dim_01': 256, 'hidden_channels': 80, 'num_layers': 2, 'num_timesteps': 3, 'dropout': 0.009019270810325766, 'train_learning_rate': 0.002142619669115415, 'train_lr_reduce': 0.6}. Best is trial 2468 with value: 0.08101683109998703.
[I 2024-12-16 01:34:50,725] Trial 2477 finished with value: 0.09115401655435562 and parameters: {'mlp_n_layers': 2, 'mlp_dim_00': 240, 'mlp_dim_01': 208, 'hidden_channels': 160, 'num_layers': 1, 'num_timesteps': 3, 'dropout': 0.1996267033830366, 'train_learning_rate': 0.00892335992374399, 'train_lr_reduce': 0.6}. Best is trial 2468 with value: 0.08101683109998703.
[I 2024-12-16 01:34:52,704] Trial 2478 finished with value: 0.10615666955709457 and parameters: {'mlp_n_layers': 2, 'mlp_dim_00': 208, 'mlp_dim_01': 192, 'hidden_channels': 80, 'num_layers': 3, 'num_timesteps': 4, 'dropout': 0.07307605987684133, 'train_learning_rate': 0.003127159591799615, 'train_lr_reduce': 0.6}. Best is trial 2468 with value: 0.08101683109998703.
[I 2024-12-16 01:34:56,024] Trial 2479 finished with value: 0.10206514596939087 and parameters: {'mlp_n_layers': 2, 'mlp_dim_00': 160, 'mlp_dim_01': 240, 'hidden_channels': 96, 'num_layers': 2, 'num_timesteps': 3, 'dropout': 0.003231385540250091, 'train_learning_rate': 0.005718450865769892, 'train_lr_reduce': 0.6}. Best is trial 2468 with value: 0.08101683109998703.
[I 2024-12-16 01:35:05,193] Trial 2482 finished with value: 0.12646029889583588 and parameters: {'mlp_n_layers': 3, 'mlp_dim_00': 112, 'mlp_dim_01': 256, 'mlp_dim_02': 192, 'hidden_channels': 64, 'num_layers': 1, 'num_timesteps': 3, 'dropout': 0.03060479667375667, 'train_learning_rate': 0.0046389627365040036, 'train_lr_reduce': 0.6}. Best is trial 2468 with value: 0.08101683109998703.
[I 2024-12-16 01:35:05,255] Trial 2481 finished with value: 0.12538833916187286 and parameters: {'mlp_n_layers': 2, 'mlp_dim_00': 144, 'mlp_dim_01': 208, 'hidden_channels': 32, 'num_layers': 2, 'num_timesteps': 2, 'dropout': 0.10317561531278703, 'train_learning_rate': 0.004736624851784084, 'train_lr_reduce': 0.6}. Best is trial 2468 with value: 0.08101683109998703.
[I 2024-12-16 01:35:06,017] Trial 2480 finished with value: 0.12944111227989197 and parameters: {'mlp_n_layers': 2, 'mlp_dim_00': 208, 'mlp_dim_01': 192, 'hidden_channels': 64, 'num_layers': 3, 'num_timesteps': 3, 'dropout': 0.011020933564494031, 'train_learning_rate': 0.0046077163958126634, 'train_lr_reduce': 0.6}. Best is trial 2468 with value: 0.08101683109998703.
[I 2024-12-16 01:35:10,778] Trial 2483 finished with value: 0.6627681851387024 and parameters: {'mlp_n_layers': 3, 'mlp_dim_00': 112, 'mlp_dim_01': 224, 'mlp_dim_02': 128, 'hidden_channels': 64, 'num_layers': 2, 'num_timesteps': 2, 'dropout': 0.10534139939652133, 'train_learning_rate': 0.007580511294270551, 'train_lr_reduce': 0.6}. Best is trial 2468 with value: 0.08101683109998703.
[I 2024-12-16 01:35:16,355] Trial 2484 finished with value: 0.12627963721752167 and parameters: {'mlp_n_layers': 2, 'mlp_dim_00': 112, 'mlp_dim_01': 240, 'hidden_channels': 32, 'num_layers': 2, 'num_timesteps': 4, 'dropout': 0.026001083893011877, 'train_learning_rate': 0.004807344922414392, 'train_lr_reduce': 0.6}. Best is trial 2468 with value: 0.08101683109998703.
[I 2024-12-16 01:35:17,910] Trial 2485 finished with value: 0.10993397980928421 and parameters: {'mlp_n_layers': 2, 'mlp_dim_00': 128, 'mlp_dim_01': 224, 'hidden_channels': 80, 'num_layers': 3, 'num_timesteps': 3, 'dropout': 0.013604049410462112, 'train_learning_rate': 0.0045276917988507775, 'train_lr_reduce': 0.6}. Best is trial 2468 with value: 0.08101683109998703.
[I 2024-12-16 01:35:21,411] Trial 2486 finished with value: 0.11174079030752182 and parameters: {'mlp_n_layers': 2, 'mlp_dim_00': 96, 'mlp_dim_01': 256, 'hidden_channels': 48, 'num_layers': 2, 'num_timesteps': 3, 'dropout': 0.059970860695777124, 'train_learning_rate': 0.006065582547946458, 'train_lr_reduce': 0.6}. Best is trial 2468 with value: 0.08101683109998703.
[I 2024-12-16 01:35:33,978] Trial 2487 finished with value: 0.11612805724143982 and parameters: {'mlp_n_layers': 2, 'mlp_dim_00': 112, 'mlp_dim_01': 224, 'hidden_channels': 48, 'num_layers': 2, 'num_timesteps': 3, 'dropout': 0.06019335817307829, 'train_learning_rate': 0.009203917908423561, 'train_lr_reduce': 0.6}. Best is trial 2468 with value: 0.08101683109998703.
[I 2024-12-16 01:35:35,528] Trial 2489 finished with value: 0.12317395955324173 and parameters: {'mlp_n_layers': 2, 'mlp_dim_00': 128, 'mlp_dim_01': 224, 'hidden_channels': 64, 'num_layers': 2, 'num_timesteps': 3, 'dropout': 0.04150196775834918, 'train_learning_rate': 0.004460889023953063, 'train_lr_reduce': 0.6}. Best is trial 2468 with value: 0.08101683109998703.
[I 2024-12-16 01:35:41,317] Trial 2488 finished with value: 0.18778643012046814 and parameters: {'mlp_n_layers': 3, 'mlp_dim_00': 160, 'mlp_dim_01': 208, 'mlp_dim_02': 32, 'hidden_channels': 144, 'num_layers': 1, 'num_timesteps': 3, 'dropout': 0.20958670967744486, 'train_learning_rate': 0.008490809127651525, 'train_lr_reduce': 0.6}. Best is trial 2468 with value: 0.08101683109998703.
[I 2024-12-16 01:35:54,217] Trial 2490 finished with value: 0.14087912440299988 and parameters: {'mlp_n_layers': 4, 'mlp_dim_00': 80, 'mlp_dim_01': 192, 'mlp_dim_02': 176, 'mlp_dim_03': 64, 'hidden_channels': 256, 'num_layers': 1, 'num_timesteps': 4, 'dropout': 0.22945855185726205, 'train_learning_rate': 0.0005940838409830685, 'train_lr_reduce': 0.6}. Best is trial 2468 with value: 0.08101683109998703.
[I 2024-12-16 01:35:57,416] Trial 2492 finished with value: 0.12087810784578323 and parameters: {'mlp_n_layers': 3, 'mlp_dim_00': 176, 'mlp_dim_01': 256, 'mlp_dim_02': 80, 'hidden_channels': 48, 'num_layers': 2, 'num_timesteps': 4, 'dropout': 0.0657753909397588, 'train_learning_rate': 0.006915204304418965, 'train_lr_reduce': 0.6}. Best is trial 2468 with value: 0.08101683109998703.
[I 2024-12-16 01:36:01,952] Trial 2491 finished with value: 0.13331803679466248 and parameters: {'mlp_n_layers': 4, 'mlp_dim_00': 224, 'mlp_dim_01': 224, 'mlp_dim_02': 240, 'mlp_dim_03': 128, 'hidden_channels': 32, 'num_layers': 4, 'num_timesteps': 1, 'dropout': 0.2559953795344696, 'train_learning_rate': 0.0005299175209941242, 'train_lr_reduce': 0.6}. Best is trial 2468 with value: 0.08101683109998703.
[I 2024-12-16 01:36:09,190] Trial 2494 finished with value: 0.10202419757843018 and parameters: {'mlp_n_layers': 2, 'mlp_dim_00': 176, 'mlp_dim_01': 192, 'hidden_channels': 32, 'num_layers': 2, 'num_timesteps': 3, 'dropout': 0.054820243445530124, 'train_learning_rate': 0.0067645511084767195, 'train_lr_reduce': 0.6}. Best is trial 2468 with value: 0.08101683109998703.
[I 2024-12-16 01:36:16,098] Trial 2493 finished with value: 0.13719061017036438 and parameters: {'mlp_n_layers': 4, 'mlp_dim_00': 160, 'mlp_dim_01': 192, 'mlp_dim_02': 112, 'mlp_dim_03': 224, 'hidden_channels': 224, 'num_layers': 4, 'num_timesteps': 4, 'dropout': 0.06028963691751438, 'train_learning_rate': 0.0035700991744957245, 'train_lr_reduce': 0.6}. Best is trial 2468 with value: 0.08101683109998703.
[I 2024-12-16 01:36:22,317] Trial 2495 finished with value: 0.09778164327144623 and parameters: {'mlp_n_layers': 2, 'mlp_dim_00': 32, 'mlp_dim_01': 160, 'hidden_channels': 80, 'num_layers': 4, 'num_timesteps': 4, 'dropout': 0.008969827757122621, 'train_learning_rate': 0.005280257486123526, 'train_lr_reduce': 0.6}. Best is trial 2468 with value: 0.08101683109998703.
[I 2024-12-16 01:36:30,691] Trial 2497 finished with value: 0.12170708179473877 and parameters: {'mlp_n_layers': 3, 'mlp_dim_00': 144, 'mlp_dim_01': 256, 'mlp_dim_02': 160, 'hidden_channels': 48, 'num_layers': 2, 'num_timesteps': 2, 'dropout': 0.0711286256187964, 'train_learning_rate': 0.007189676124758028, 'train_lr_reduce': 0.6}. Best is trial 2468 with value: 0.08101683109998703.
[I 2024-12-16 01:36:33,185] Trial 2498 finished with value: 0.12518391013145447 and parameters: {'mlp_n_layers': 2, 'mlp_dim_00': 224, 'mlp_dim_01': 240, 'hidden_channels': 80, 'num_layers': 1, 'num_timesteps': 4, 'dropout': 0.03560765274689177, 'train_learning_rate': 0.0027591399254060047, 'train_lr_reduce': 0.6}. Best is trial 2468 with value: 0.08101683109998703.
[I 2024-12-16 01:36:36,536] Trial 2496 finished with value: 0.3393893241882324 and parameters: {'mlp_n_layers': 4, 'mlp_dim_00': 32, 'mlp_dim_01': 240, 'mlp_dim_02': 208, 'mlp_dim_03': 256, 'hidden_channels': 48, 'num_layers': 4, 'num_timesteps': 2, 'dropout': 0.29168244721256803, 'train_learning_rate': 0.00014697793264923384, 'train_lr_reduce': 0.6}. Best is trial 2468 with value: 0.08101683109998703.
[I 2024-12-16 01:36:39,313] Trial 2499 finished with value: 0.11239781230688095 and parameters: {'mlp_n_layers': 2, 'mlp_dim_00': 144, 'mlp_dim_01': 240, 'hidden_channels': 64, 'num_layers': 2, 'num_timesteps': 3, 'dropout': 0.06261400577653053, 'train_learning_rate': 0.0034632967054785218, 'train_lr_reduce': 0.6}. Best is trial 2468 with value: 0.08101683109998703.
