[I 2024-12-04 16:18:55,063] Trial 376 finished with value: 0.2703521685116194 and parameters: {'n_estimators': 926, 'max_depth': 6, 'learning_rate': 0.059552998311553716, 'subsample': 0.7377840430874422, 'colsample_bytree': 0.5735570431500606, 'min_child_weight': 1, 'gamma': 0.0012365899502644524, 'reg_alpha': 2.9426964097257027e-05, 'reg_lambda': 2.5677408995779598e-05}. Best is trial 302 with value: 0.24300377426715497.
[I 2024-12-04 16:18:56,210] Trial 382 finished with value: 0.252128037756342 and parameters: {'n_estimators': 1003, 'max_depth': 5, 'learning_rate': 0.09823138398274354, 'subsample': 0.7392794216367569, 'colsample_bytree': 0.58569618551891, 'min_child_weight': 1, 'gamma': 0.0005592470153666824, 'reg_alpha': 2.6265711871147377e-05, 'reg_lambda': 3.49262021452737e-05}. Best is trial 302 with value: 0.24300377426715497.
[I 2024-12-04 16:18:57,127] Trial 385 finished with value: 0.27535367579189235 and parameters: {'n_estimators': 1022, 'max_depth': 6, 'learning_rate': 0.07143637636404329, 'subsample': 0.740564935310027, 'colsample_bytree': 0.6283377732180453, 'min_child_weight': 1, 'gamma': 0.0003598015371976546, 'reg_alpha': 2.668224127169294e-05, 'reg_lambda': 0.00021250557158910148}. Best is trial 302 with value: 0.24300377426715497.
[I 2024-12-04 16:18:57,240] Trial 384 finished with value: 0.2463725980659962 and parameters: {'n_estimators': 677, 'max_depth': 5, 'learning_rate': 0.09687201760118637, 'subsample': 0.73453646012962, 'colsample_bytree': 0.5482246690427581, 'min_child_weight': 1, 'gamma': 3.177940473455165e-05, 'reg_alpha': 3.807079214513757e-05, 'reg_lambda': 0.0002467200742247354}. Best is trial 302 with value: 0.24300377426715497.
[I 2024-12-04 16:18:57,667] Trial 388 finished with value: 0.24746918445854232 and parameters: {'n_estimators': 813, 'max_depth': 5, 'learning_rate': 0.0879474158610676, 'subsample': 0.7547902666859831, 'colsample_bytree': 0.5572390679706136, 'min_child_weight': 1, 'gamma': 1.5786277260565026e-05, 'reg_alpha': 0.00013019850135848136, 'reg_lambda': 2.7687700325772367e-05}. Best is trial 302 with value: 0.24300377426715497.
[I 2024-12-04 16:18:57,716] Trial 391 finished with value: 0.24834892545723053 and parameters: {'n_estimators': 797, 'max_depth': 5, 'learning_rate': 0.08490212803472011, 'subsample': 0.7913086087852427, 'colsample_bytree': 0.5687335016681236, 'min_child_weight': 1, 'gamma': 0.000705727953851324, 'reg_alpha': 2.7107412678878974e-05, 'reg_lambda': 5.200575218283379e-05}. Best is trial 302 with value: 0.24300377426715497.
[I 2024-12-04 16:18:57,826] Trial 389 finished with value: 0.24748293561509244 and parameters: {'n_estimators': 917, 'max_depth': 4, 'learning_rate': 0.09133312957754988, 'subsample': 0.7284778558746137, 'colsample_bytree': 0.53840037607371, 'min_child_weight': 1, 'gamma': 6.335381292597803e-05, 'reg_alpha': 5.2243998520916905e-05, 'reg_lambda': 5.01737544141988e-05}. Best is trial 302 with value: 0.24300377426715497.
[I 2024-12-04 16:18:57,828] Trial 380 finished with value: 0.2549380357643929 and parameters: {'n_estimators': 777, 'max_depth': 5, 'learning_rate': 0.06612353741172355, 'subsample': 0.7164875022222904, 'colsample_bytree': 0.520511678892296, 'min_child_weight': 1, 'gamma': 7.371303590994161e-05, 'reg_alpha': 6.790562861029407e-05, 'reg_lambda': 3.512073122879361e-05}. Best is trial 302 with value: 0.24300377426715497.
[I 2024-12-04 16:18:57,960] Trial 383 finished with value: 0.3542938401769426 and parameters: {'n_estimators': 646, 'max_depth': 5, 'learning_rate': 0.07825492737259462, 'subsample': 0.7041007987150969, 'colsample_bytree': 0.5621014915636049, 'min_child_weight': 2, 'gamma': 0.0002655856460393221, 'reg_alpha': 3.773923462767368e-05, 'reg_lambda': 9.26487284925573e-05}. Best is trial 302 with value: 0.24300377426715497.
[I 2024-12-04 16:18:58,203] Trial 379 finished with value: 0.25856634457122696 and parameters: {'n_estimators': 747, 'max_depth': 5, 'learning_rate': 0.08191063681327967, 'subsample': 0.750110906961734, 'colsample_bytree': 0.5945571028390572, 'min_child_weight': 1, 'gamma': 0.0001327507638569553, 'reg_alpha': 3.621595799662987e-05, 'reg_lambda': 0.0002943986785522556}. Best is trial 302 with value: 0.24300377426715497.
[I 2024-12-04 16:18:58,665] Trial 386 finished with value: 0.2563751358211594 and parameters: {'n_estimators': 849, 'max_depth': 6, 'learning_rate': 0.09039154070022504, 'subsample': 0.7711877819031411, 'colsample_bytree': 0.5530357041482061, 'min_child_weight': 1, 'gamma': 0.00030791487413871265, 'reg_alpha': 4.888984089249037e-05, 'reg_lambda': 0.0003120243744875795}. Best is trial 302 with value: 0.24300377426715497.
[I 2024-12-04 16:18:58,798] Trial 387 finished with value: 0.26841066367479516 and parameters: {'n_estimators': 680, 'max_depth': 6, 'learning_rate': 0.08406531977038396, 'subsample': 0.731101560915767, 'colsample_bytree': 0.5706773283768747, 'min_child_weight': 1, 'gamma': 9.722141177092917e-05, 'reg_alpha': 2.4251852290178135e-05, 'reg_lambda': 6.827129862700336e-05}. Best is trial 302 with value: 0.24300377426715497.
[I 2024-12-04 16:18:58,855] Trial 396 finished with value: 0.2508042140378872 and parameters: {'n_estimators': 672, 'max_depth': 5, 'learning_rate': 0.08102707009810209, 'subsample': 0.7128609493940247, 'colsample_bytree': 0.5334701536561183, 'min_child_weight': 1, 'gamma': 0.0002108840443895318, 'reg_alpha': 0.00010269272683975609, 'reg_lambda': 7.119049572130137e-05}. Best is trial 302 with value: 0.24300377426715497.
[I 2024-12-04 16:18:59,472] Trial 400 finished with value: 0.2547898740704271 and parameters: {'n_estimators': 900, 'max_depth': 6, 'learning_rate': 0.08928835490686134, 'subsample': 0.7967206958406186, 'colsample_bytree': 0.5598718098103309, 'min_child_weight': 1, 'gamma': 5.262307513528847e-05, 'reg_alpha': 4.124754887532299e-05, 'reg_lambda': 0.00022151804638661645}. Best is trial 302 with value: 0.24300377426715497.
[I 2024-12-04 16:18:59,584] Trial 395 finished with value: 0.25451641952701076 and parameters: {'n_estimators': 819, 'max_depth': 4, 'learning_rate': 0.09486055413642724, 'subsample': 0.730470612313093, 'colsample_bytree': 0.5562455835202376, 'min_child_weight': 1, 'gamma': 4.780483586144773e-05, 'reg_alpha': 0.0002545480758024879, 'reg_lambda': 0.0002450216251851065}. Best is trial 302 with value: 0.24300377426715497.
[I 2024-12-04 16:18:59,994] Trial 393 finished with value: 0.26156299840654396 and parameters: {'n_estimators': 788, 'max_depth': 5, 'learning_rate': 0.08131064841367602, 'subsample': 0.7478017223361602, 'colsample_bytree': 0.5510283284925097, 'min_child_weight': 1, 'gamma': 7.49695818990628e-05, 'reg_alpha': 8.271894828605651e-05, 'reg_lambda': 4.368300650369387e-05}. Best is trial 302 with value: 0.24300377426715497.
[I 2024-12-04 16:19:00,098] Trial 390 finished with value: 0.3429820743536608 and parameters: {'n_estimators': 934, 'max_depth': 6, 'learning_rate': 0.08482372204695002, 'subsample': 0.7394186561928853, 'colsample_bytree': 0.5699274202750192, 'min_child_weight': 2, 'gamma': 8.01114180709434e-05, 'reg_alpha': 0.00024360189003824525, 'reg_lambda': 0.00017649444187025587}. Best is trial 302 with value: 0.24300377426715497.
[I 2024-12-04 16:19:00,166] Trial 397 finished with value: 0.35265097865867995 and parameters: {'n_estimators': 836, 'max_depth': 5, 'learning_rate': 0.07531765801081801, 'subsample': 0.71506769781914, 'colsample_bytree': 0.5956373312757788, 'min_child_weight': 2, 'gamma': 0.0003313536517780681, 'reg_alpha': 0.00013577559023341402, 'reg_lambda': 0.0004245582900323618}. Best is trial 302 with value: 0.24300377426715497.
[I 2024-12-04 16:19:00,645] Trial 392 finished with value: 0.24731806804132622 and parameters: {'n_estimators': 896, 'max_depth': 5, 'learning_rate': 0.07729804512353465, 'subsample': 0.7480284395364996, 'colsample_bytree': 0.5186247215108988, 'min_child_weight': 1, 'gamma': 0.0002714361284125022, 'reg_alpha': 0.000229607563806375, 'reg_lambda': 5.662683653602194e-05}. Best is trial 302 with value: 0.24300377426715497.
[I 2024-12-04 16:19:00,743] Trial 399 finished with value: 0.32920200674823585 and parameters: {'n_estimators': 921, 'max_depth': 5, 'learning_rate': 0.07545785427584224, 'subsample': 0.7220088566619322, 'colsample_bytree': 0.5133275812856951, 'min_child_weight': 2, 'gamma': 0.00010012116172295282, 'reg_alpha': 1.636995635520242e-05, 'reg_lambda': 1.745365297559094e-05}. Best is trial 302 with value: 0.24300377426715497.
[I 2024-12-04 16:19:00,791] Trial 398 finished with value: 0.26248585504455724 and parameters: {'n_estimators': 680, 'max_depth': 6, 'learning_rate': 0.08842998435976814, 'subsample': 0.7284573727376309, 'colsample_bytree': 0.6028400251719795, 'min_child_weight': 1, 'gamma': 1.5690861950900948e-05, 'reg_alpha': 0.00021909754744904624, 'reg_lambda': 0.0011700761739488537}. Best is trial 302 with value: 0.24300377426715497.
[I 2024-12-04 16:19:01,409] Trial 401 finished with value: 0.25363593677196017 and parameters: {'n_estimators': 993, 'max_depth': 4, 'learning_rate': 0.06598077778916173, 'subsample': 0.7379151355482341, 'colsample_bytree': 0.5258889956496121, 'min_child_weight': 1, 'gamma': 4.894593795258728e-05, 'reg_alpha': 0.000704071814759042, 'reg_lambda': 2.9079199009024006e-05}. Best is trial 302 with value: 0.24300377426715497.
[I 2024-12-04 16:19:01,423] Trial 394 finished with value: 0.28278296251688056 and parameters: {'n_estimators': 807, 'max_depth': 6, 'learning_rate': 0.09535705236614544, 'subsample': 0.7735039813446669, 'colsample_bytree': 0.6122561143039602, 'min_child_weight': 1, 'gamma': 0.0006827266493715066, 'reg_alpha': 2.088568113307581e-05, 'reg_lambda': 1.7197178717541158e-05}. Best is trial 302 with value: 0.24300377426715497.
[I 2024-12-04 16:19:01,667] Trial 403 finished with value: 0.2633581072194299 and parameters: {'n_estimators': 932, 'max_depth': 5, 'learning_rate': 0.06975821199216263, 'subsample': 0.7034705163885722, 'colsample_bytree': 0.5518983004053031, 'min_child_weight': 1, 'gamma': 0.0007615296542566187, 'reg_alpha': 8.752830848236057e-05, 'reg_lambda': 1.6295799232962007e-05}. Best is trial 302 with value: 0.24300377426715497.
[I 2024-12-04 16:19:01,765] Trial 402 finished with value: 0.2511638208642862 and parameters: {'n_estimators': 818, 'max_depth': 6, 'learning_rate': 0.09058506483389626, 'subsample': 0.7708502687352213, 'colsample_bytree': 0.5692052149691347, 'min_child_weight': 1, 'gamma': 1.845258792793822e-05, 'reg_alpha': 5.133210983982688e-05, 'reg_lambda': 1.7297687389636362e-05}. Best is trial 302 with value: 0.24300377426715497.
Traceback (most recent call last):
  File "/zhome/b1/0/88900/miniconda3/envs/critprops/lib/python3.9/site-packages/sqlalchemy/engine/base.py", line 1967, in _exec_single_context
    self.dialect.do_execute(
  File "/zhome/b1/0/88900/miniconda3/envs/critprops/lib/python3.9/site-packages/sqlalchemy/engine/default.py", line 941, in do_execute
    cursor.execute(statement, parameters)
sqlite3.OperationalError: database is locked

The above exception was the direct cause of the following exception:

Traceback (most recent call last):
  File "/zhome/b1/0/88900/miniconda3/envs/critprops/lib/python3.9/site-packages/optuna/storages/_rdb/storage.py", line 81, in _create_scoped_session
    session.commit()
  File "/zhome/b1/0/88900/miniconda3/envs/critprops/lib/python3.9/site-packages/sqlalchemy/orm/session.py", line 2028, in commit
    trans.commit(_to_root=True)
  File "<string>", line 2, in commit
  File "/zhome/b1/0/88900/miniconda3/envs/critprops/lib/python3.9/site-packages/sqlalchemy/orm/state_changes.py", line 139, in _go
    ret_value = fn(self, *arg, **kw)
  File "/zhome/b1/0/88900/miniconda3/envs/critprops/lib/python3.9/site-packages/sqlalchemy/orm/session.py", line 1313, in commit
    self._prepare_impl()
  File "<string>", line 2, in _prepare_impl
  File "/zhome/b1/0/88900/miniconda3/envs/critprops/lib/python3.9/site-packages/sqlalchemy/orm/state_changes.py", line 139, in _go
    ret_value = fn(self, *arg, **kw)
  File "/zhome/b1/0/88900/miniconda3/envs/critprops/lib/python3.9/site-packages/sqlalchemy/orm/session.py", line 1288, in _prepare_impl
    self.session.flush()
  File "/zhome/b1/0/88900/miniconda3/envs/critprops/lib/python3.9/site-packages/sqlalchemy/orm/session.py", line 4352, in flush
    self._flush(objects)
  File "/zhome/b1/0/88900/miniconda3/envs/critprops/lib/python3.9/site-packages/sqlalchemy/orm/session.py", line 4488, in _flush
    transaction.rollback(_capture_exception=True)
  File "/zhome/b1/0/88900/miniconda3/envs/critprops/lib/python3.9/site-packages/sqlalchemy/util/langhelpers.py", line 146, in __exit__
    raise exc_value.with_traceback(exc_tb)
  File "/zhome/b1/0/88900/miniconda3/envs/critprops/lib/python3.9/site-packages/sqlalchemy/orm/session.py", line 4448, in _flush
    flush_context.execute()
  File "/zhome/b1/0/88900/miniconda3/envs/critprops/lib/python3.9/site-packages/sqlalchemy/orm/unitofwork.py", line 466, in execute
    rec.execute(self)
  File "/zhome/b1/0/88900/miniconda3/envs/critprops/lib/python3.9/site-packages/sqlalchemy/orm/unitofwork.py", line 642, in execute
    util.preloaded.orm_persistence.save_obj(
  File "/zhome/b1/0/88900/miniconda3/envs/critprops/lib/python3.9/site-packages/sqlalchemy/orm/persistence.py", line 85, in save_obj
    _emit_update_statements(
  File "/zhome/b1/0/88900/miniconda3/envs/critprops/lib/python3.9/site-packages/sqlalchemy/orm/persistence.py", line 912, in _emit_update_statements
    c = connection.execute(
  File "/zhome/b1/0/88900/miniconda3/envs/critprops/lib/python3.9/site-packages/sqlalchemy/engine/base.py", line 1418, in execute
    return meth(
  File "/zhome/b1/0/88900/miniconda3/envs/critprops/lib/python3.9/site-packages/sqlalchemy/sql/elements.py", line 515, in _execute_on_connection
    return connection._execute_clauseelement(
  File "/zhome/b1/0/88900/miniconda3/envs/critprops/lib/python3.9/site-packages/sqlalchemy/engine/base.py", line 1640, in _execute_clauseelement
    ret = self._execute_context(
  File "/zhome/b1/0/88900/miniconda3/envs/critprops/lib/python3.9/site-packages/sqlalchemy/engine/base.py", line 1846, in _execute_context
    return self._exec_single_context(
  File "/zhome/b1/0/88900/miniconda3/envs/critprops/lib/python3.9/site-packages/sqlalchemy/engine/base.py", line 1986, in _exec_single_context
    self._handle_dbapi_exception(
  File "/zhome/b1/0/88900/miniconda3/envs/critprops/lib/python3.9/site-packages/sqlalchemy/engine/base.py", line 2355, in _handle_dbapi_exception
    raise sqlalchemy_exception.with_traceback(exc_info[2]) from e
  File "/zhome/b1/0/88900/miniconda3/envs/critprops/lib/python3.9/site-packages/sqlalchemy/engine/base.py", line 1967, in _exec_single_context
    self.dialect.do_execute(
  File "/zhome/b1/0/88900/miniconda3/envs/critprops/lib/python3.9/site-packages/sqlalchemy/engine/default.py", line 941, in do_execute
    cursor.execute(statement, parameters)
sqlalchemy.exc.OperationalError: (sqlite3.OperationalError) database is locked
[SQL: UPDATE trials SET state=?, datetime_complete=? WHERE trials.trial_id = ?]
[parameters: ('COMPLETE', '2024-12-04 16:18:47.987970', 369)]
(Background on this error at: https://sqlalche.me/e/20/e3q8)

The above exception was the direct cause of the following exception:

Traceback (most recent call last):
  File "/zhome/b1/0/88900/miniconda3/envs/critprops/lib/python3.9/site-packages/optuna/study/_optimize.py", line 209, in _run_trial
    frozen_trial = _tell_with_warning(
  File "/zhome/b1/0/88900/miniconda3/envs/critprops/lib/python3.9/site-packages/optuna/study/_tell.py", line 183, in _tell_with_warning
    study._storage.set_trial_state_values(frozen_trial._trial_id, state, values)
  File "/zhome/b1/0/88900/miniconda3/envs/critprops/lib/python3.9/site-packages/optuna/storages/_cached_storage.py", line 187, in set_trial_state_values
    return self._backend.set_trial_state_values(trial_id, state=state, values=values)
  File "/zhome/b1/0/88900/miniconda3/envs/critprops/lib/python3.9/site-packages/optuna/storages/_rdb/storage.py", line 661, in set_trial_state_values
    trial.datetime_complete = datetime.now()
  File "/zhome/b1/0/88900/miniconda3/envs/critprops/lib/python3.9/contextlib.py", line 126, in __exit__
    next(self.gen)
  File "/zhome/b1/0/88900/miniconda3/envs/critprops/lib/python3.9/site-packages/optuna/storages/_rdb/storage.py", line 98, in _create_scoped_session
    raise optuna.exceptions.StorageInternalError(message) from e
optuna.exceptions.StorageInternalError: An exception is raised during the commit. This typically happens due to invalid data in the commit, e.g. exceeding max length. 

During handling of the above exception, another exception occurred:

Traceback (most recent call last):
  File "/zhome/b1/0/88900/Documents/fair_gc/gc_ml.py", line 79, in <module>
    study, best_model = create_hyperparameter_optimizer(
  File "/zhome/b1/0/88900/Documents/fair_gc/src/optims.py", line 275, in create_hyperparameter_optimizer
    study.optimize(objective, n_trials=n_trials, n_jobs=n_jobs)
  File "/zhome/b1/0/88900/miniconda3/envs/critprops/lib/python3.9/site-packages/optuna/study/study.py", line 475, in optimize
    _optimize(
  File "/zhome/b1/0/88900/miniconda3/envs/critprops/lib/python3.9/site-packages/optuna/study/_optimize.py", line 100, in _optimize
    f.result()
  File "/zhome/b1/0/88900/miniconda3/envs/critprops/lib/python3.9/concurrent/futures/_base.py", line 439, in result
    return self.__get_result()
  File "/zhome/b1/0/88900/miniconda3/envs/critprops/lib/python3.9/concurrent/futures/_base.py", line 391, in __get_result
    raise self._exception
  File "/zhome/b1/0/88900/miniconda3/envs/critprops/lib/python3.9/concurrent/futures/thread.py", line 58, in run
    result = self.fn(*self.args, **self.kwargs)
  File "/zhome/b1/0/88900/miniconda3/envs/critprops/lib/python3.9/site-packages/optuna/study/_optimize.py", line 160, in _optimize_sequential
    frozen_trial = _run_trial(study, func, catch)
  File "/zhome/b1/0/88900/miniconda3/envs/critprops/lib/python3.9/site-packages/optuna/study/_optimize.py", line 241, in _run_trial
    assert False, "Should not reach."
AssertionError: Should not reach.
