[I 2024-12-26 21:05:23,808] Trial 2354 finished with value: 0.012370478361845016 and parameters: {'L1_hidden_dim': 224, 'L1_layers_atom': 3, 'L1_layers_mol': 2, 'L1_dropout': 0.04698133189277434, 'L1_out_dim': 48, 'L2_hidden_dim': 256, 'L2_layers_atom': 1, 'L2_layers_mol': 2, 'L2_out_dim': 112, 'L2_dropout': 0.08705283862005647, 'L3_hidden_dim': 64, 'L3_layers_atom': 3, 'L3_layers_mol': 3, 'L3_out_dim': 80, 'L3_dropout': 0.06238727381266365, 'n_mlp_layers': 3, 'mlp_dim_0': 440, 'mlp_dim_1': 472, 'mlp_dim_2': 448, 'num_heads': 2, 'final_dropout': 0.16914155825902594, 'train_learning_rate': 0.00020998758008472512, 'train_lr_reduce': 0.6}. Best is trial 2183 with value: 0.009310361929237843.
[I 2024-12-26 21:06:51,048] Trial 2355 finished with value: 0.01155020110309124 and parameters: {'L1_hidden_dim': 112, 'L1_layers_atom': 1, 'L1_layers_mol': 1, 'L1_dropout': 0.1837691356975516, 'L1_out_dim': 112, 'L2_hidden_dim': 144, 'L2_layers_atom': 1, 'L2_layers_mol': 1, 'L2_out_dim': 128, 'L2_dropout': 0.04106176249278862, 'L3_hidden_dim': 96, 'L3_layers_atom': 4, 'L3_layers_mol': 1, 'L3_out_dim': 112, 'L3_dropout': 0.13298344635692308, 'n_mlp_layers': 3, 'mlp_dim_0': 448, 'mlp_dim_1': 408, 'mlp_dim_2': 472, 'num_heads': 1, 'final_dropout': 0.14632285229988898, 'train_learning_rate': 0.0005699207920669235, 'train_lr_reduce': 0.6}. Best is trial 2183 with value: 0.009310361929237843.
[I 2024-12-26 21:07:39,658] Trial 2356 finished with value: 0.02759002149105072 and parameters: {'L1_hidden_dim': 192, 'L1_layers_atom': 3, 'L1_layers_mol': 2, 'L1_dropout': 0.14235386670351285, 'L1_out_dim': 32, 'L2_hidden_dim': 256, 'L2_layers_atom': 3, 'L2_layers_mol': 4, 'L2_out_dim': 64, 'L2_dropout': 0.25471335176342114, 'L3_hidden_dim': 96, 'L3_layers_atom': 3, 'L3_layers_mol': 3, 'L3_out_dim': 64, 'L3_dropout': 0.04788138093170141, 'n_mlp_layers': 3, 'mlp_dim_0': 136, 'mlp_dim_1': 256, 'mlp_dim_2': 400, 'num_heads': 1, 'final_dropout': 0.2175016963311977, 'train_learning_rate': 0.0033377274347314695, 'train_lr_reduce': 0.6}. Best is trial 2183 with value: 0.009310361929237843.
[I 2024-12-26 21:07:55,100] Trial 2357 finished with value: 0.1219554990530014 and parameters: {'L1_hidden_dim': 176, 'L1_layers_atom': 3, 'L1_layers_mol': 4, 'L1_dropout': 0.12445469208804134, 'L1_out_dim': 112, 'L2_hidden_dim': 160, 'L2_layers_atom': 3, 'L2_layers_mol': 3, 'L2_out_dim': 112, 'L2_dropout': 0.2609127118487634, 'L3_hidden_dim': 32, 'L3_layers_atom': 2, 'L3_layers_mol': 4, 'L3_out_dim': 96, 'L3_dropout': 0.23014847966408475, 'n_mlp_layers': 1, 'mlp_dim_0': 136, 'num_heads': 2, 'final_dropout': 0.18923839648487153, 'train_learning_rate': 0.00044597825554106897, 'train_lr_reduce': 0.6}. Best is trial 2183 with value: 0.009310361929237843.
[I 2024-12-26 21:09:24,256] Trial 2358 finished with value: 0.04446849226951599 and parameters: {'L1_hidden_dim': 160, 'L1_layers_atom': 2, 'L1_layers_mol': 2, 'L1_dropout': 0.12067373245662814, 'L1_out_dim': 128, 'L2_hidden_dim': 96, 'L2_layers_atom': 4, 'L2_layers_mol': 2, 'L2_out_dim': 32, 'L2_dropout': 0.2800104034356329, 'L3_hidden_dim': 112, 'L3_layers_atom': 4, 'L3_layers_mol': 1, 'L3_out_dim': 64, 'L3_dropout': 0.138879826643778, 'n_mlp_layers': 2, 'mlp_dim_0': 32, 'mlp_dim_1': 352, 'num_heads': 1, 'final_dropout': 0.129373616518084, 'train_learning_rate': 0.00018650904675261967, 'train_lr_reduce': 0.6}. Best is trial 2183 with value: 0.009310361929237843.
[I 2024-12-26 21:09:51,605] Trial 2360 finished with value: 0.02474602684378624 and parameters: {'L1_hidden_dim': 128, 'L1_layers_atom': 1, 'L1_layers_mol': 1, 'L1_dropout': 0.17670700428471275, 'L1_out_dim': 112, 'L2_hidden_dim': 160, 'L2_layers_atom': 2, 'L2_layers_mol': 2, 'L2_out_dim': 96, 'L2_dropout': 0.15093086008592813, 'L3_hidden_dim': 32, 'L3_layers_atom': 3, 'L3_layers_mol': 1, 'L3_out_dim': 128, 'L3_dropout': 0.0655649517805404, 'n_mlp_layers': 3, 'mlp_dim_0': 336, 'mlp_dim_1': 216, 'mlp_dim_2': 480, 'num_heads': 1, 'final_dropout': 0.012982348027525771, 'train_learning_rate': 0.0004338303185597549, 'train_lr_reduce': 0.6}. Best is trial 2183 with value: 0.009310361929237843.
[I 2024-12-26 21:10:53,103] Trial 2359 finished with value: 0.013840964064002037 and parameters: {'L1_hidden_dim': 96, 'L1_layers_atom': 2, 'L1_layers_mol': 4, 'L1_dropout': 0.009337332965766231, 'L1_out_dim': 96, 'L2_hidden_dim': 224, 'L2_layers_atom': 2, 'L2_layers_mol': 3, 'L2_out_dim': 64, 'L2_dropout': 0.031309963073475985, 'L3_hidden_dim': 96, 'L3_layers_atom': 2, 'L3_layers_mol': 1, 'L3_out_dim': 128, 'L3_dropout': 0.07060986824310944, 'n_mlp_layers': 3, 'mlp_dim_0': 32, 'mlp_dim_1': 288, 'mlp_dim_2': 360, 'num_heads': 2, 'final_dropout': 0.1370267295054105, 'train_learning_rate': 0.00020758905795242372, 'train_lr_reduce': 0.6}. Best is trial 2183 with value: 0.009310361929237843.
[I 2024-12-26 21:12:01,875] Trial 2361 finished with value: 0.012615807354450226 and parameters: {'L1_hidden_dim': 192, 'L1_layers_atom': 3, 'L1_layers_mol': 1, 'L1_dropout': 0.013256456995507655, 'L1_out_dim': 112, 'L2_hidden_dim': 192, 'L2_layers_atom': 2, 'L2_layers_mol': 4, 'L2_out_dim': 96, 'L2_dropout': 0.0023773559417890966, 'L3_hidden_dim': 80, 'L3_layers_atom': 3, 'L3_layers_mol': 2, 'L3_out_dim': 112, 'L3_dropout': 0.0050443128706966905, 'n_mlp_layers': 3, 'mlp_dim_0': 136, 'mlp_dim_1': 472, 'mlp_dim_2': 416, 'num_heads': 2, 'final_dropout': 0.09698227774360878, 'train_learning_rate': 0.001089411619252644, 'train_lr_reduce': 0.6}. Best is trial 2183 with value: 0.009310361929237843.
[I 2024-12-26 21:12:38,261] Trial 2362 finished with value: 0.01294111367315054 and parameters: {'L1_hidden_dim': 96, 'L1_layers_atom': 2, 'L1_layers_mol': 3, 'L1_dropout': 0.1316943275870055, 'L1_out_dim': 80, 'L2_hidden_dim': 224, 'L2_layers_atom': 2, 'L2_layers_mol': 3, 'L2_out_dim': 80, 'L2_dropout': 0.0022020702643735014, 'L3_hidden_dim': 64, 'L3_layers_atom': 4, 'L3_layers_mol': 1, 'L3_out_dim': 112, 'L3_dropout': 0.13322811458020722, 'n_mlp_layers': 3, 'mlp_dim_0': 464, 'mlp_dim_1': 416, 'mlp_dim_2': 456, 'num_heads': 2, 'final_dropout': 0.17859330273753266, 'train_learning_rate': 0.00025214217421647275, 'train_lr_reduce': 0.6}. Best is trial 2183 with value: 0.009310361929237843.
[I 2024-12-26 21:13:24,554] Trial 2363 finished with value: 0.050728507339954376 and parameters: {'L1_hidden_dim': 256, 'L1_layers_atom': 4, 'L1_layers_mol': 4, 'L1_dropout': 0.27774608045633564, 'L1_out_dim': 64, 'L2_hidden_dim': 176, 'L2_layers_atom': 3, 'L2_layers_mol': 2, 'L2_out_dim': 80, 'L2_dropout': 0.11811924949335864, 'L3_hidden_dim': 32, 'L3_layers_atom': 2, 'L3_layers_mol': 2, 'L3_out_dim': 48, 'L3_dropout': 0.18424621004741076, 'n_mlp_layers': 3, 'mlp_dim_0': 408, 'mlp_dim_1': 304, 'mlp_dim_2': 512, 'num_heads': 1, 'final_dropout': 0.1276509299353207, 'train_learning_rate': 0.0003342645669933585, 'train_lr_reduce': 0.6}. Best is trial 2183 with value: 0.009310361929237843.
[I 2024-12-26 21:14:30,822] Trial 2364 finished with value: 0.020032847300171852 and parameters: {'L1_hidden_dim': 224, 'L1_layers_atom': 2, 'L1_layers_mol': 4, 'L1_dropout': 0.09961338120968433, 'L1_out_dim': 32, 'L2_hidden_dim': 64, 'L2_layers_atom': 1, 'L2_layers_mol': 2, 'L2_out_dim': 80, 'L2_dropout': 0.04872451882915142, 'L3_hidden_dim': 112, 'L3_layers_atom': 3, 'L3_layers_mol': 3, 'L3_out_dim': 96, 'L3_dropout': 0.24358305011745895, 'n_mlp_layers': 1, 'mlp_dim_0': 384, 'num_heads': 2, 'final_dropout': 0.279297810802495, 'train_learning_rate': 0.00023657651717440953, 'train_lr_reduce': 0.6}. Best is trial 2183 with value: 0.009310361929237843.
[I 2024-12-26 21:14:35,907] Trial 2365 finished with value: 0.013479754328727722 and parameters: {'L1_hidden_dim': 144, 'L1_layers_atom': 2, 'L1_layers_mol': 2, 'L1_dropout': 0.1833032117024235, 'L1_out_dim': 96, 'L2_hidden_dim': 176, 'L2_layers_atom': 1, 'L2_layers_mol': 3, 'L2_out_dim': 96, 'L2_dropout': 0.06885157868203913, 'L3_hidden_dim': 48, 'L3_layers_atom': 4, 'L3_layers_mol': 1, 'L3_out_dim': 128, 'L3_dropout': 0.020124049108361117, 'n_mlp_layers': 3, 'mlp_dim_0': 416, 'mlp_dim_1': 384, 'mlp_dim_2': 416, 'num_heads': 1, 'final_dropout': 0.08204827568767578, 'train_learning_rate': 0.0009749835149571119, 'train_lr_reduce': 0.6}. Best is trial 2183 with value: 0.009310361929237843.
[I 2024-12-26 21:16:09,325] Trial 2366 finished with value: 0.012846952304244041 and parameters: {'L1_hidden_dim': 160, 'L1_layers_atom': 2, 'L1_layers_mol': 4, 'L1_dropout': 0.00800572511060464, 'L1_out_dim': 128, 'L2_hidden_dim': 240, 'L2_layers_atom': 1, 'L2_layers_mol': 4, 'L2_out_dim': 80, 'L2_dropout': 0.07921888375741469, 'L3_hidden_dim': 64, 'L3_layers_atom': 3, 'L3_layers_mol': 1, 'L3_out_dim': 128, 'L3_dropout': 0.11358906160138266, 'n_mlp_layers': 3, 'mlp_dim_0': 80, 'mlp_dim_1': 256, 'mlp_dim_2': 448, 'num_heads': 1, 'final_dropout': 0.11304497981822953, 'train_learning_rate': 0.000331828342186303, 'train_lr_reduce': 0.6}. Best is trial 2183 with value: 0.009310361929237843.
[I 2024-12-26 21:17:17,830] Trial 2368 finished with value: 0.013283654116094112 and parameters: {'L1_hidden_dim': 80, 'L1_layers_atom': 4, 'L1_layers_mol': 2, 'L1_dropout': 0.020017133447102226, 'L1_out_dim': 80, 'L2_hidden_dim': 256, 'L2_layers_atom': 1, 'L2_layers_mol': 2, 'L2_out_dim': 32, 'L2_dropout': 0.02117418378546694, 'L3_hidden_dim': 96, 'L3_layers_atom': 1, 'L3_layers_mol': 1, 'L3_out_dim': 64, 'L3_dropout': 0.26660950227099706, 'n_mlp_layers': 3, 'mlp_dim_0': 480, 'mlp_dim_1': 440, 'mlp_dim_2': 448, 'num_heads': 2, 'final_dropout': 0.2820136612634198, 'train_learning_rate': 0.0009900592773202236, 'train_lr_reduce': 0.6}. Best is trial 2183 with value: 0.009310361929237843.
[I 2024-12-26 21:17:41,715] Trial 2367 finished with value: 0.017493434250354767 and parameters: {'L1_hidden_dim': 96, 'L1_layers_atom': 1, 'L1_layers_mol': 3, 'L1_dropout': 0.09695868088848028, 'L1_out_dim': 80, 'L2_hidden_dim': 208, 'L2_layers_atom': 1, 'L2_layers_mol': 4, 'L2_out_dim': 112, 'L2_dropout': 0.021879766021069908, 'L3_hidden_dim': 32, 'L3_layers_atom': 4, 'L3_layers_mol': 1, 'L3_out_dim': 112, 'L3_dropout': 0.06958159431984576, 'n_mlp_layers': 3, 'mlp_dim_0': 440, 'mlp_dim_1': 344, 'mlp_dim_2': 376, 'num_heads': 1, 'final_dropout': 0.0876155071578279, 'train_learning_rate': 0.0025363470902105547, 'train_lr_reduce': 0.6}. Best is trial 2183 with value: 0.009310361929237843.
[I 2024-12-26 21:18:05,745] Trial 2369 finished with value: 0.010397324338555336 and parameters: {'L1_hidden_dim': 96, 'L1_layers_atom': 4, 'L1_layers_mol': 1, 'L1_dropout': 0.0086740919003632, 'L1_out_dim': 64, 'L2_hidden_dim': 208, 'L2_layers_atom': 1, 'L2_layers_mol': 2, 'L2_out_dim': 32, 'L2_dropout': 0.05102589221065295, 'L3_hidden_dim': 32, 'L3_layers_atom': 1, 'L3_layers_mol': 1, 'L3_out_dim': 64, 'L3_dropout': 0.25356599556972925, 'n_mlp_layers': 3, 'mlp_dim_0': 464, 'mlp_dim_1': 176, 'mlp_dim_2': 312, 'num_heads': 1, 'final_dropout': 0.17741945123405622, 'train_learning_rate': 0.0005997822257325629, 'train_lr_reduce': 0.6}. Best is trial 2183 with value: 0.009310361929237843.
[I 2024-12-26 21:19:51,579] Trial 2370 finished with value: 0.029817532747983932 and parameters: {'L1_hidden_dim': 64, 'L1_layers_atom': 1, 'L1_layers_mol': 1, 'L1_dropout': 0.17404257843473236, 'L1_out_dim': 128, 'L2_hidden_dim': 64, 'L2_layers_atom': 1, 'L2_layers_mol': 2, 'L2_out_dim': 128, 'L2_dropout': 0.11164379191859744, 'L3_hidden_dim': 96, 'L3_layers_atom': 4, 'L3_layers_mol': 2, 'L3_out_dim': 64, 'L3_dropout': 0.13501921453298213, 'n_mlp_layers': 3, 'mlp_dim_0': 432, 'mlp_dim_1': 280, 'mlp_dim_2': 472, 'num_heads': 2, 'final_dropout': 0.15681889716712757, 'train_learning_rate': 0.00023226558135829847, 'train_lr_reduce': 0.6}. Best is trial 2183 with value: 0.009310361929237843.
[I 2024-12-26 21:20:24,811] Trial 2371 finished with value: 0.01786074787378311 and parameters: {'L1_hidden_dim': 176, 'L1_layers_atom': 1, 'L1_layers_mol': 2, 'L1_dropout': 0.24982902325970718, 'L1_out_dim': 64, 'L2_hidden_dim': 128, 'L2_layers_atom': 2, 'L2_layers_mol': 2, 'L2_out_dim': 112, 'L2_dropout': 0.004027498966027172, 'L3_hidden_dim': 32, 'L3_layers_atom': 4, 'L3_layers_mol': 2, 'L3_out_dim': 128, 'L3_dropout': 0.1066786871004739, 'n_mlp_layers': 3, 'mlp_dim_0': 512, 'mlp_dim_1': 472, 'mlp_dim_2': 384, 'num_heads': 1, 'final_dropout': 0.05984549773145309, 'train_learning_rate': 0.0003737372777281564, 'train_lr_reduce': 0.6}. Best is trial 2183 with value: 0.009310361929237843.
[I 2024-12-26 21:21:23,664] Trial 2372 finished with value: 0.017153877764940262 and parameters: {'L1_hidden_dim': 112, 'L1_layers_atom': 1, 'L1_layers_mol': 4, 'L1_dropout': 0.12358661204002307, 'L1_out_dim': 64, 'L2_hidden_dim': 208, 'L2_layers_atom': 1, 'L2_layers_mol': 4, 'L2_out_dim': 112, 'L2_dropout': 0.009309524489854368, 'L3_hidden_dim': 64, 'L3_layers_atom': 4, 'L3_layers_mol': 1, 'L3_out_dim': 128, 'L3_dropout': 0.07944852266502136, 'n_mlp_layers': 3, 'mlp_dim_0': 368, 'mlp_dim_1': 224, 'mlp_dim_2': 512, 'num_heads': 2, 'final_dropout': 0.09931175398684387, 'train_learning_rate': 0.0016393299674543542, 'train_lr_reduce': 0.6}. Best is trial 2183 with value: 0.009310361929237843.
[I 2024-12-26 21:22:10,846] Trial 2373 finished with value: 0.011172113008797169 and parameters: {'L1_hidden_dim': 128, 'L1_layers_atom': 2, 'L1_layers_mol': 2, 'L1_dropout': 0.17516267012105743, 'L1_out_dim': 48, 'L2_hidden_dim': 208, 'L2_layers_atom': 1, 'L2_layers_mol': 3, 'L2_out_dim': 128, 'L2_dropout': 0.006591624698935552, 'L3_hidden_dim': 64, 'L3_layers_atom': 3, 'L3_layers_mol': 1, 'L3_out_dim': 112, 'L3_dropout': 0.002741762497962638, 'n_mlp_layers': 3, 'mlp_dim_0': 408, 'mlp_dim_1': 512, 'mlp_dim_2': 408, 'num_heads': 2, 'final_dropout': 0.09781765476309606, 'train_learning_rate': 0.0009688859153083304, 'train_lr_reduce': 0.6}. Best is trial 2183 with value: 0.009310361929237843.
[I 2024-12-26 21:23:06,462] Trial 2374 finished with value: 0.13804127275943756 and parameters: {'L1_hidden_dim': 224, 'L1_layers_atom': 4, 'L1_layers_mol': 1, 'L1_dropout': 0.21690287138591513, 'L1_out_dim': 32, 'L2_hidden_dim': 176, 'L2_layers_atom': 2, 'L2_layers_mol': 4, 'L2_out_dim': 80, 'L2_dropout': 0.18910894099616685, 'L3_hidden_dim': 32, 'L3_layers_atom': 3, 'L3_layers_mol': 1, 'L3_out_dim': 112, 'L3_dropout': 0.2575336523469489, 'n_mlp_layers': 1, 'mlp_dim_0': 152, 'num_heads': 2, 'final_dropout': 0.00019153643164732115, 'train_learning_rate': 0.00023530449839349234, 'train_lr_reduce': 0.6}. Best is trial 2183 with value: 0.009310361929237843.
[I 2024-12-26 21:24:13,894] Trial 2375 finished with value: 0.012378438375890255 and parameters: {'L1_hidden_dim': 176, 'L1_layers_atom': 1, 'L1_layers_mol': 2, 'L1_dropout': 0.042765045416369656, 'L1_out_dim': 96, 'L2_hidden_dim': 160, 'L2_layers_atom': 1, 'L2_layers_mol': 4, 'L2_out_dim': 112, 'L2_dropout': 0.013958881728893362, 'L3_hidden_dim': 48, 'L3_layers_atom': 3, 'L3_layers_mol': 1, 'L3_out_dim': 112, 'L3_dropout': 0.08306757520317747, 'n_mlp_layers': 2, 'mlp_dim_0': 40, 'mlp_dim_1': 312, 'num_heads': 2, 'final_dropout': 0.25518822364531807, 'train_learning_rate': 0.000529682970537876, 'train_lr_reduce': 0.6}. Best is trial 2183 with value: 0.009310361929237843.
[I 2024-12-26 21:25:28,047] Trial 2376 finished with value: 0.017982639372348785 and parameters: {'L1_hidden_dim': 144, 'L1_layers_atom': 3, 'L1_layers_mol': 4, 'L1_dropout': 0.05795624162623893, 'L1_out_dim': 128, 'L2_hidden_dim': 144, 'L2_layers_atom': 1, 'L2_layers_mol': 4, 'L2_out_dim': 48, 'L2_dropout': 0.006044970485999349, 'L3_hidden_dim': 64, 'L3_layers_atom': 4, 'L3_layers_mol': 1, 'L3_out_dim': 128, 'L3_dropout': 0.0732523604544913, 'n_mlp_layers': 3, 'mlp_dim_0': 32, 'mlp_dim_1': 376, 'mlp_dim_2': 480, 'num_heads': 2, 'final_dropout': 0.10650370583764884, 'train_learning_rate': 0.00020641306871044564, 'train_lr_reduce': 0.6}. Best is trial 2183 with value: 0.009310361929237843.
[I 2024-12-26 21:25:59,911] Trial 2377 finished with value: 0.013480424880981445 and parameters: {'L1_hidden_dim': 240, 'L1_layers_atom': 4, 'L1_layers_mol': 3, 'L1_dropout': 0.001071958660750905, 'L1_out_dim': 32, 'L2_hidden_dim': 224, 'L2_layers_atom': 1, 'L2_layers_mol': 2, 'L2_out_dim': 112, 'L2_dropout': 0.039894036379384754, 'L3_hidden_dim': 80, 'L3_layers_atom': 4, 'L3_layers_mol': 1, 'L3_out_dim': 128, 'L3_dropout': 0.27289825477291885, 'n_mlp_layers': 3, 'mlp_dim_0': 488, 'mlp_dim_1': 192, 'mlp_dim_2': 440, 'num_heads': 1, 'final_dropout': 0.1544503024305406, 'train_learning_rate': 0.00011908949569530477, 'train_lr_reduce': 0.6}. Best is trial 2183 with value: 0.009310361929237843.
[I 2024-12-26 21:26:02,480] Trial 2378 finished with value: 0.012509861961007118 and parameters: {'L1_hidden_dim': 64, 'L1_layers_atom': 2, 'L1_layers_mol': 2, 'L1_dropout': 0.2015683019059437, 'L1_out_dim': 112, 'L2_hidden_dim': 192, 'L2_layers_atom': 1, 'L2_layers_mol': 2, 'L2_out_dim': 128, 'L2_dropout': 0.02157472486934112, 'L3_hidden_dim': 64, 'L3_layers_atom': 4, 'L3_layers_mol': 1, 'L3_out_dim': 96, 'L3_dropout': 0.12414403655197646, 'n_mlp_layers': 3, 'mlp_dim_0': 400, 'mlp_dim_1': 272, 'mlp_dim_2': 360, 'num_heads': 1, 'final_dropout': 0.07810023638629793, 'train_learning_rate': 0.0007343319791038851, 'train_lr_reduce': 0.6}. Best is trial 2183 with value: 0.009310361929237843.
[I 2024-12-26 21:27:37,526] Trial 2379 finished with value: 0.012422852218151093 and parameters: {'L1_hidden_dim': 80, 'L1_layers_atom': 1, 'L1_layers_mol': 2, 'L1_dropout': 0.23775450743064658, 'L1_out_dim': 80, 'L2_hidden_dim': 144, 'L2_layers_atom': 1, 'L2_layers_mol': 1, 'L2_out_dim': 112, 'L2_dropout': 0.017889969764222954, 'L3_hidden_dim': 48, 'L3_layers_atom': 3, 'L3_layers_mol': 1, 'L3_out_dim': 112, 'L3_dropout': 0.1062033799275909, 'n_mlp_layers': 3, 'mlp_dim_0': 456, 'mlp_dim_1': 432, 'mlp_dim_2': 416, 'num_heads': 1, 'final_dropout': 0.07801384185710182, 'train_learning_rate': 0.00116510771490066, 'train_lr_reduce': 0.6}. Best is trial 2183 with value: 0.009310361929237843.
[I 2024-12-26 21:27:53,157] Trial 2381 finished with value: 0.01784050092101097 and parameters: {'L1_hidden_dim': 256, 'L1_layers_atom': 1, 'L1_layers_mol': 3, 'L1_dropout': 0.1481018839468282, 'L1_out_dim': 112, 'L2_hidden_dim': 112, 'L2_layers_atom': 1, 'L2_layers_mol': 1, 'L2_out_dim': 64, 'L2_dropout': 0.22089378704512674, 'L3_hidden_dim': 32, 'L3_layers_atom': 2, 'L3_layers_mol': 3, 'L3_out_dim': 112, 'L3_dropout': 0.246365466274042, 'n_mlp_layers': 1, 'mlp_dim_0': 104, 'num_heads': 1, 'final_dropout': 0.07615412929741194, 'train_learning_rate': 0.0009681531649947685, 'train_lr_reduce': 0.6}. Best is trial 2183 with value: 0.009310361929237843.
[I 2024-12-26 21:28:10,369] Trial 2380 finished with value: 0.010461714118719101 and parameters: {'L1_hidden_dim': 192, 'L1_layers_atom': 4, 'L1_layers_mol': 4, 'L1_dropout': 0.00902491983996215, 'L1_out_dim': 32, 'L2_hidden_dim': 160, 'L2_layers_atom': 1, 'L2_layers_mol': 1, 'L2_out_dim': 96, 'L2_dropout': 0.013816825196173806, 'L3_hidden_dim': 96, 'L3_layers_atom': 3, 'L3_layers_mol': 2, 'L3_out_dim': 80, 'L3_dropout': 0.2693009142304467, 'n_mlp_layers': 3, 'mlp_dim_0': 512, 'mlp_dim_1': 336, 'mlp_dim_2': 480, 'num_heads': 1, 'final_dropout': 0.1672215428319247, 'train_learning_rate': 0.000725698965502922, 'train_lr_reduce': 0.6}. Best is trial 2183 with value: 0.009310361929237843.
[I 2024-12-26 21:29:56,918] Trial 2382 finished with value: 0.018538057804107666 and parameters: {'L1_hidden_dim': 144, 'L1_layers_atom': 1, 'L1_layers_mol': 2, 'L1_dropout': 0.19358948076386964, 'L1_out_dim': 64, 'L2_hidden_dim': 160, 'L2_layers_atom': 1, 'L2_layers_mol': 2, 'L2_out_dim': 96, 'L2_dropout': 0.0005182136015539143, 'L3_hidden_dim': 80, 'L3_layers_atom': 4, 'L3_layers_mol': 1, 'L3_out_dim': 112, 'L3_dropout': 0.017177533636734556, 'n_mlp_layers': 3, 'mlp_dim_0': 488, 'mlp_dim_1': 400, 'mlp_dim_2': 432, 'num_heads': 1, 'final_dropout': 0.09368620003801321, 'train_learning_rate': 0.0020850264478133864, 'train_lr_reduce': 0.6}. Best is trial 2183 with value: 0.009310361929237843.
[I 2024-12-26 21:30:34,161] Trial 2384 finished with value: 0.02288861572742462 and parameters: {'L1_hidden_dim': 176, 'L1_layers_atom': 4, 'L1_layers_mol': 3, 'L1_dropout': 0.23581938881480874, 'L1_out_dim': 96, 'L2_hidden_dim': 240, 'L2_layers_atom': 4, 'L2_layers_mol': 1, 'L2_out_dim': 128, 'L2_dropout': 0.16071261132152817, 'L3_hidden_dim': 128, 'L3_layers_atom': 4, 'L3_layers_mol': 3, 'L3_out_dim': 128, 'L3_dropout': 0.15148986090459246, 'n_mlp_layers': 2, 'mlp_dim_0': 368, 'mlp_dim_1': 224, 'num_heads': 2, 'final_dropout': 0.021803024051959496, 'train_learning_rate': 0.004424213904145452, 'train_lr_reduce': 0.6}. Best is trial 2183 with value: 0.009310361929237843.
[I 2024-12-26 21:30:49,979] Trial 2383 finished with value: 0.010975749231874943 and parameters: {'L1_hidden_dim': 144, 'L1_layers_atom': 2, 'L1_layers_mol': 2, 'L1_dropout': 0.1725794151579616, 'L1_out_dim': 112, 'L2_hidden_dim': 128, 'L2_layers_atom': 1, 'L2_layers_mol': 2, 'L2_out_dim': 96, 'L2_dropout': 0.004369870907557319, 'L3_hidden_dim': 64, 'L3_layers_atom': 4, 'L3_layers_mol': 2, 'L3_out_dim': 80, 'L3_dropout': 0.02435288983779895, 'n_mlp_layers': 3, 'mlp_dim_0': 512, 'mlp_dim_1': 472, 'mlp_dim_2': 352, 'num_heads': 2, 'final_dropout': 0.14527869558515372, 'train_learning_rate': 0.0007602444685889491, 'train_lr_reduce': 0.6}. Best is trial 2183 with value: 0.009310361929237843.
