[I 2024-12-16 01:06:45,434] Trial 2156 finished with value: 0.14932753145694733 and parameters: {'mlp_n_layers': 2, 'mlp_dim_00': 256, 'mlp_dim_01': 208, 'hidden_channels': 176, 'num_layers': 1, 'num_timesteps': 4, 'dropout': 0.09625314899339835, 'train_learning_rate': 0.00770609949802814, 'train_lr_reduce': 0.6}. Best is trial 130 with value: 0.0812772810459137.
[I 2024-12-16 01:06:47,634] Trial 2155 finished with value: 0.13959729671478271 and parameters: {'mlp_n_layers': 2, 'mlp_dim_00': 208, 'mlp_dim_01': 64, 'hidden_channels': 64, 'num_layers': 4, 'num_timesteps': 3, 'dropout': 0.2752910749963636, 'train_learning_rate': 0.007821542229847156, 'train_lr_reduce': 0.6}. Best is trial 130 with value: 0.0812772810459137.
[I 2024-12-16 01:06:58,908] Trial 2158 finished with value: 0.1109638661146164 and parameters: {'mlp_n_layers': 2, 'mlp_dim_00': 96, 'mlp_dim_01': 144, 'hidden_channels': 80, 'num_layers': 3, 'num_timesteps': 3, 'dropout': 0.1728566298731932, 'train_learning_rate': 0.003982108413698678, 'train_lr_reduce': 0.6}. Best is trial 130 with value: 0.0812772810459137.
[I 2024-12-16 01:07:02,670] Trial 2160 finished with value: 0.11241431534290314 and parameters: {'mlp_n_layers': 2, 'mlp_dim_00': 32, 'mlp_dim_01': 160, 'hidden_channels': 48, 'num_layers': 3, 'num_timesteps': 4, 'dropout': 0.09049973296983899, 'train_learning_rate': 0.009241645211422239, 'train_lr_reduce': 0.6}. Best is trial 130 with value: 0.0812772810459137.
[I 2024-12-16 01:07:08,119] Trial 2159 finished with value: 0.15454509854316711 and parameters: {'mlp_n_layers': 2, 'mlp_dim_00': 224, 'mlp_dim_01': 240, 'hidden_channels': 160, 'num_layers': 2, 'num_timesteps': 3, 'dropout': 0.19157497932745082, 'train_learning_rate': 0.008263263760318943, 'train_lr_reduce': 0.6}. Best is trial 130 with value: 0.0812772810459137.
[I 2024-12-16 01:07:11,134] Trial 2161 finished with value: 0.152167409658432 and parameters: {'mlp_n_layers': 3, 'mlp_dim_00': 64, 'mlp_dim_01': 256, 'mlp_dim_02': 224, 'hidden_channels': 256, 'num_layers': 1, 'num_timesteps': 2, 'dropout': 0.2823055786545585, 'train_learning_rate': 0.0014911906545424349, 'train_lr_reduce': 0.6}. Best is trial 130 with value: 0.0812772810459137.
[I 2024-12-16 01:07:17,169] Trial 2162 finished with value: 0.1075926423072815 and parameters: {'mlp_n_layers': 2, 'mlp_dim_00': 256, 'mlp_dim_01': 176, 'hidden_channels': 32, 'num_layers': 2, 'num_timesteps': 3, 'dropout': 0.2621826715723781, 'train_learning_rate': 0.004116344195933704, 'train_lr_reduce': 0.6}. Best is trial 130 with value: 0.0812772810459137.
[I 2024-12-16 01:07:23,294] Trial 2163 finished with value: 0.11211549490690231 and parameters: {'mlp_n_layers': 3, 'mlp_dim_00': 176, 'mlp_dim_01': 80, 'mlp_dim_02': 208, 'hidden_channels': 64, 'num_layers': 2, 'num_timesteps': 3, 'dropout': 0.21087872249669967, 'train_learning_rate': 0.004926203594119254, 'train_lr_reduce': 0.6}. Best is trial 130 with value: 0.0812772810459137.
[I 2024-12-16 01:07:28,797] Trial 2164 finished with value: 0.12895019352436066 and parameters: {'mlp_n_layers': 3, 'mlp_dim_00': 160, 'mlp_dim_01': 240, 'mlp_dim_02': 48, 'hidden_channels': 256, 'num_layers': 2, 'num_timesteps': 1, 'dropout': 0.19905373486460703, 'train_learning_rate': 0.0014758109648336283, 'train_lr_reduce': 0.6}. Best is trial 130 with value: 0.0812772810459137.
[I 2024-12-16 01:07:31,687] Trial 2165 finished with value: 0.13408373296260834 and parameters: {'mlp_n_layers': 2, 'mlp_dim_00': 256, 'mlp_dim_01': 256, 'hidden_channels': 80, 'num_layers': 3, 'num_timesteps': 3, 'dropout': 0.07071019129397928, 'train_learning_rate': 0.0019744466868493876, 'train_lr_reduce': 0.6}. Best is trial 130 with value: 0.0812772810459137.
[I 2024-12-16 01:07:34,943] Trial 2166 finished with value: 0.10235251486301422 and parameters: {'mlp_n_layers': 2, 'mlp_dim_00': 112, 'mlp_dim_01': 224, 'hidden_channels': 32, 'num_layers': 1, 'num_timesteps': 4, 'dropout': 0.038493930545526404, 'train_learning_rate': 0.008789834370249952, 'train_lr_reduce': 0.6}. Best is trial 130 with value: 0.0812772810459137.
[I 2024-12-16 01:07:45,348] Trial 2168 finished with value: 0.11457481235265732 and parameters: {'mlp_n_layers': 2, 'mlp_dim_00': 144, 'mlp_dim_01': 144, 'hidden_channels': 80, 'num_layers': 1, 'num_timesteps': 4, 'dropout': 0.22165833389909864, 'train_learning_rate': 0.008438008017704987, 'train_lr_reduce': 0.6}. Best is trial 130 with value: 0.0812772810459137.
[I 2024-12-16 01:08:03,923] Trial 2167 finished with value: 0.12389872223138809 and parameters: {'mlp_n_layers': 2, 'mlp_dim_00': 256, 'mlp_dim_01': 80, 'hidden_channels': 32, 'num_layers': 3, 'num_timesteps': 4, 'dropout': 0.27936886319957865, 'train_learning_rate': 0.0004174249215988301, 'train_lr_reduce': 0.6}. Best is trial 130 with value: 0.0812772810459137.
[I 2024-12-16 01:08:07,051] Trial 2170 finished with value: 0.1372758150100708 and parameters: {'mlp_n_layers': 3, 'mlp_dim_00': 224, 'mlp_dim_01': 160, 'mlp_dim_02': 240, 'hidden_channels': 80, 'num_layers': 1, 'num_timesteps': 3, 'dropout': 0.17585722722231684, 'train_learning_rate': 0.009039836929725853, 'train_lr_reduce': 0.6}. Best is trial 130 with value: 0.0812772810459137.
[I 2024-12-16 01:08:08,134] Trial 2169 finished with value: 0.1794179379940033 and parameters: {'mlp_n_layers': 4, 'mlp_dim_00': 48, 'mlp_dim_01': 240, 'mlp_dim_02': 80, 'mlp_dim_03': 144, 'hidden_channels': 256, 'num_layers': 3, 'num_timesteps': 4, 'dropout': 0.03453198245351714, 'train_learning_rate': 0.0025874258512267943, 'train_lr_reduce': 0.6}. Best is trial 130 with value: 0.0812772810459137.
[I 2024-12-16 01:08:21,734] Trial 2171 finished with value: 0.09644996374845505 and parameters: {'mlp_n_layers': 2, 'mlp_dim_00': 176, 'mlp_dim_01': 176, 'hidden_channels': 96, 'num_layers': 3, 'num_timesteps': 3, 'dropout': 0.22598725450486593, 'train_learning_rate': 0.009972441999229874, 'train_lr_reduce': 0.6}. Best is trial 130 with value: 0.0812772810459137.
[I 2024-12-16 01:08:25,970] Trial 2172 finished with value: 0.1173674464225769 and parameters: {'mlp_n_layers': 2, 'mlp_dim_00': 256, 'mlp_dim_01': 256, 'hidden_channels': 112, 'num_layers': 2, 'num_timesteps': 4, 'dropout': 0.15951404130305052, 'train_learning_rate': 0.00974706786991405, 'train_lr_reduce': 0.6}. Best is trial 130 with value: 0.0812772810459137.
[I 2024-12-16 01:08:27,078] Trial 2173 finished with value: 0.13153137266635895 and parameters: {'mlp_n_layers': 3, 'mlp_dim_00': 128, 'mlp_dim_01': 240, 'mlp_dim_02': 208, 'hidden_channels': 144, 'num_layers': 3, 'num_timesteps': 4, 'dropout': 0.038939034222499835, 'train_learning_rate': 0.0007777476005839659, 'train_lr_reduce': 0.6}. Best is trial 130 with value: 0.0812772810459137.
[I 2024-12-16 01:08:40,873] Trial 2176 finished with value: 0.13631319999694824 and parameters: {'mlp_n_layers': 2, 'mlp_dim_00': 256, 'mlp_dim_01': 144, 'hidden_channels': 112, 'num_layers': 2, 'num_timesteps': 1, 'dropout': 0.12952553365178868, 'train_learning_rate': 0.001393910200843878, 'train_lr_reduce': 0.6}. Best is trial 130 with value: 0.0812772810459137.
[I 2024-12-16 01:08:45,570] Trial 2175 finished with value: 0.12523625791072845 and parameters: {'mlp_n_layers': 3, 'mlp_dim_00': 48, 'mlp_dim_01': 208, 'mlp_dim_02': 192, 'hidden_channels': 32, 'num_layers': 3, 'num_timesteps': 4, 'dropout': 0.0753560781315776, 'train_learning_rate': 0.0030438784370304495, 'train_lr_reduce': 0.6}. Best is trial 130 with value: 0.0812772810459137.
[I 2024-12-16 01:08:49,564] Trial 2174 finished with value: 0.23926471173763275 and parameters: {'mlp_n_layers': 4, 'mlp_dim_00': 64, 'mlp_dim_01': 208, 'mlp_dim_02': 96, 'mlp_dim_03': 256, 'hidden_channels': 64, 'num_layers': 1, 'num_timesteps': 3, 'dropout': 0.26949598409573056, 'train_learning_rate': 0.00014980019418112543, 'train_lr_reduce': 0.6}. Best is trial 130 with value: 0.0812772810459137.
[I 2024-12-16 01:08:53,315] Trial 2177 finished with value: 0.12125161290168762 and parameters: {'mlp_n_layers': 3, 'mlp_dim_00': 176, 'mlp_dim_01': 176, 'mlp_dim_02': 240, 'hidden_channels': 80, 'num_layers': 1, 'num_timesteps': 3, 'dropout': 0.25263755512705244, 'train_learning_rate': 0.008324203079563693, 'train_lr_reduce': 0.6}. Best is trial 130 with value: 0.0812772810459137.
[I 2024-12-16 01:08:58,408] Trial 2178 finished with value: 0.11960465461015701 and parameters: {'mlp_n_layers': 2, 'mlp_dim_00': 208, 'mlp_dim_01': 144, 'hidden_channels': 128, 'num_layers': 1, 'num_timesteps': 4, 'dropout': 0.2626911738577704, 'train_learning_rate': 0.009622388627903499, 'train_lr_reduce': 0.6}. Best is trial 130 with value: 0.0812772810459137.
[I 2024-12-16 01:09:03,072] Trial 2179 finished with value: 0.11244229227304459 and parameters: {'mlp_n_layers': 2, 'mlp_dim_00': 208, 'mlp_dim_01': 224, 'hidden_channels': 64, 'num_layers': 1, 'num_timesteps': 3, 'dropout': 0.22158583601846538, 'train_learning_rate': 0.008846162453516038, 'train_lr_reduce': 0.6}. Best is trial 130 with value: 0.0812772810459137.
[I 2024-12-16 01:09:04,684] Trial 2180 finished with value: 0.10032706707715988 and parameters: {'mlp_n_layers': 2, 'mlp_dim_00': 192, 'mlp_dim_01': 176, 'hidden_channels': 32, 'num_layers': 1, 'num_timesteps': 1, 'dropout': 0.226137766785768, 'train_learning_rate': 0.007198782442721672, 'train_lr_reduce': 0.6}. Best is trial 130 with value: 0.0812772810459137.
[I 2024-12-16 01:09:13,322] Trial 2182 finished with value: 0.11425787210464478 and parameters: {'mlp_n_layers': 2, 'mlp_dim_00': 224, 'mlp_dim_01': 208, 'hidden_channels': 64, 'num_layers': 1, 'num_timesteps': 1, 'dropout': 0.24083360350112523, 'train_learning_rate': 0.00254893375571717, 'train_lr_reduce': 0.6}. Best is trial 130 with value: 0.0812772810459137.
[I 2024-12-16 01:09:13,391] Trial 2181 finished with value: 0.09854920953512192 and parameters: {'mlp_n_layers': 3, 'mlp_dim_00': 80, 'mlp_dim_01': 208, 'mlp_dim_02': 192, 'hidden_channels': 48, 'num_layers': 2, 'num_timesteps': 3, 'dropout': 0.00033687661293793636, 'train_learning_rate': 0.004943929231080391, 'train_lr_reduce': 0.6}. Best is trial 130 with value: 0.0812772810459137.
[I 2024-12-16 01:09:20,654] Trial 2183 finished with value: 0.09577271342277527 and parameters: {'mlp_n_layers': 3, 'mlp_dim_00': 160, 'mlp_dim_01': 112, 'mlp_dim_02': 256, 'hidden_channels': 80, 'num_layers': 4, 'num_timesteps': 3, 'dropout': 0.16554393430792064, 'train_learning_rate': 0.0055621447506783404, 'train_lr_reduce': 0.6}. Best is trial 130 with value: 0.0812772810459137.
[I 2024-12-16 01:09:27,113] Trial 2185 finished with value: 0.11176387965679169 and parameters: {'mlp_n_layers': 3, 'mlp_dim_00': 208, 'mlp_dim_01': 192, 'mlp_dim_02': 224, 'hidden_channels': 80, 'num_layers': 1, 'num_timesteps': 3, 'dropout': 0.25838782288259565, 'train_learning_rate': 0.00528583163802549, 'train_lr_reduce': 0.6}. Best is trial 130 with value: 0.0812772810459137.
[I 2024-12-16 01:09:27,116] Trial 2184 finished with value: 0.1155405044555664 and parameters: {'mlp_n_layers': 2, 'mlp_dim_00': 208, 'mlp_dim_01': 224, 'hidden_channels': 192, 'num_layers': 1, 'num_timesteps': 3, 'dropout': 0.16328903436815592, 'train_learning_rate': 0.008528793619719744, 'train_lr_reduce': 0.6}. Best is trial 130 with value: 0.0812772810459137.
[I 2024-12-16 01:09:40,160] Trial 2188 finished with value: 0.10006347298622131 and parameters: {'mlp_n_layers': 2, 'mlp_dim_00': 192, 'mlp_dim_01': 176, 'hidden_channels': 80, 'num_layers': 2, 'num_timesteps': 3, 'dropout': 0.10533999632839479, 'train_learning_rate': 0.008547422923773113, 'train_lr_reduce': 0.6}. Best is trial 130 with value: 0.0812772810459137.
[I 2024-12-16 01:09:40,937] Trial 2187 finished with value: 0.11191132664680481 and parameters: {'mlp_n_layers': 2, 'mlp_dim_00': 256, 'mlp_dim_01': 192, 'hidden_channels': 128, 'num_layers': 2, 'num_timesteps': 3, 'dropout': 0.28471419799265313, 'train_learning_rate': 0.008298179427650982, 'train_lr_reduce': 0.6}. Best is trial 130 with value: 0.0812772810459137.
[I 2024-12-16 01:09:42,687] Trial 2186 finished with value: 0.10943472385406494 and parameters: {'mlp_n_layers': 2, 'mlp_dim_00': 208, 'mlp_dim_01': 176, 'hidden_channels': 112, 'num_layers': 3, 'num_timesteps': 3, 'dropout': 0.11982113334154758, 'train_learning_rate': 0.008310374507167382, 'train_lr_reduce': 0.6}. Best is trial 130 with value: 0.0812772810459137.
[I 2024-12-16 01:09:57,064] Trial 2190 finished with value: 0.1058497205376625 and parameters: {'mlp_n_layers': 2, 'mlp_dim_00': 240, 'mlp_dim_01': 176, 'hidden_channels': 96, 'num_layers': 1, 'num_timesteps': 2, 'dropout': 0.2787938907490372, 'train_learning_rate': 0.009893468303967187, 'train_lr_reduce': 0.6}. Best is trial 130 with value: 0.0812772810459137.
[I 2024-12-16 01:10:00,626] Trial 2191 finished with value: 0.11217232793569565 and parameters: {'mlp_n_layers': 2, 'mlp_dim_00': 208, 'mlp_dim_01': 208, 'hidden_channels': 80, 'num_layers': 2, 'num_timesteps': 4, 'dropout': 0.18658962040096164, 'train_learning_rate': 0.009743454311700202, 'train_lr_reduce': 0.6}. Best is trial 130 with value: 0.0812772810459137.
[I 2024-12-16 01:10:03,682] Trial 2189 finished with value: 0.11764205992221832 and parameters: {'mlp_n_layers': 3, 'mlp_dim_00': 240, 'mlp_dim_01': 192, 'mlp_dim_02': 96, 'hidden_channels': 240, 'num_layers': 4, 'num_timesteps': 1, 'dropout': 0.04241611772438654, 'train_learning_rate': 0.0028638258802679934, 'train_lr_reduce': 0.6}. Best is trial 130 with value: 0.0812772810459137.
[I 2024-12-16 01:10:13,475] Trial 2194 finished with value: 0.09900672733783722 and parameters: {'mlp_n_layers': 2, 'mlp_dim_00': 256, 'mlp_dim_01': 256, 'hidden_channels': 32, 'num_layers': 1, 'num_timesteps': 2, 'dropout': 0.2975528367102311, 'train_learning_rate': 0.008402345148347066, 'train_lr_reduce': 0.6}. Best is trial 130 with value: 0.0812772810459137.
[I 2024-12-16 01:10:15,236] Trial 2193 finished with value: 0.10504132509231567 and parameters: {'mlp_n_layers': 2, 'mlp_dim_00': 160, 'mlp_dim_01': 208, 'hidden_channels': 96, 'num_layers': 2, 'num_timesteps': 4, 'dropout': 0.17423515932329053, 'train_learning_rate': 0.009137134269105665, 'train_lr_reduce': 0.6}. Best is trial 130 with value: 0.0812772810459137.
[I 2024-12-16 01:10:27,062] Trial 2192 finished with value: 0.25555431842803955 and parameters: {'mlp_n_layers': 4, 'mlp_dim_00': 96, 'mlp_dim_01': 176, 'mlp_dim_02': 64, 'mlp_dim_03': 96, 'hidden_channels': 64, 'num_layers': 4, 'num_timesteps': 4, 'dropout': 0.2576560278788857, 'train_learning_rate': 0.0002634146771501466, 'train_lr_reduce': 0.6}. Best is trial 130 with value: 0.0812772810459137.
[I 2024-12-16 01:10:27,842] Trial 2195 finished with value: 0.12573112547397614 and parameters: {'mlp_n_layers': 2, 'mlp_dim_00': 256, 'mlp_dim_01': 208, 'hidden_channels': 96, 'num_layers': 1, 'num_timesteps': 2, 'dropout': 0.21716738920462508, 'train_learning_rate': 0.005204443728959739, 'train_lr_reduce': 0.6}. Best is trial 130 with value: 0.0812772810459137.
[I 2024-12-16 01:10:39,545] Trial 2196 finished with value: 0.12006551772356033 and parameters: {'mlp_n_layers': 2, 'mlp_dim_00': 112, 'mlp_dim_01': 224, 'hidden_channels': 64, 'num_layers': 3, 'num_timesteps': 4, 'dropout': 0.0620803532361017, 'train_learning_rate': 0.003548721855390556, 'train_lr_reduce': 0.6}. Best is trial 130 with value: 0.0812772810459137.
[I 2024-12-16 01:10:39,747] Trial 2197 finished with value: 0.10897035896778107 and parameters: {'mlp_n_layers': 2, 'mlp_dim_00': 224, 'mlp_dim_01': 176, 'hidden_channels': 96, 'num_layers': 2, 'num_timesteps': 3, 'dropout': 0.13126116689944256, 'train_learning_rate': 0.007418483936145936, 'train_lr_reduce': 0.6}. Best is trial 130 with value: 0.0812772810459137.
[I 2024-12-16 01:10:47,659] Trial 2198 finished with value: 0.11722109466791153 and parameters: {'mlp_n_layers': 3, 'mlp_dim_00': 240, 'mlp_dim_01': 48, 'mlp_dim_02': 192, 'hidden_channels': 96, 'num_layers': 4, 'num_timesteps': 3, 'dropout': 0.2512659949590244, 'train_learning_rate': 0.004470963229599573, 'train_lr_reduce': 0.6}. Best is trial 130 with value: 0.0812772810459137.
[I 2024-12-16 01:10:54,358] Trial 2200 finished with value: 0.11372117698192596 and parameters: {'mlp_n_layers': 2, 'mlp_dim_00': 160, 'mlp_dim_01': 208, 'hidden_channels': 80, 'num_layers': 2, 'num_timesteps': 3, 'dropout': 0.1949629174472023, 'train_learning_rate': 0.002509824804870916, 'train_lr_reduce': 0.6}. Best is trial 130 with value: 0.0812772810459137.
[I 2024-12-16 01:11:02,336] Trial 2199 finished with value: 0.14406657218933105 and parameters: {'mlp_n_layers': 3, 'mlp_dim_00': 112, 'mlp_dim_01': 96, 'mlp_dim_02': 208, 'hidden_channels': 208, 'num_layers': 4, 'num_timesteps': 3, 'dropout': 0.2577293289792562, 'train_learning_rate': 0.0016804712470750774, 'train_lr_reduce': 0.6}. Best is trial 130 with value: 0.0812772810459137.
[I 2024-12-16 01:11:02,650] Trial 2201 finished with value: 0.15190531313419342 and parameters: {'mlp_n_layers': 3, 'mlp_dim_00': 176, 'mlp_dim_01': 160, 'mlp_dim_02': 96, 'hidden_channels': 128, 'num_layers': 2, 'num_timesteps': 3, 'dropout': 0.27210414901513685, 'train_learning_rate': 0.008042613625258953, 'train_lr_reduce': 0.6}. Best is trial 130 with value: 0.0812772810459137.
[I 2024-12-16 01:11:05,984] Trial 2202 finished with value: 0.12626005709171295 and parameters: {'mlp_n_layers': 2, 'mlp_dim_00': 192, 'mlp_dim_01': 208, 'hidden_channels': 32, 'num_layers': 1, 'num_timesteps': 2, 'dropout': 0.24443601534675774, 'train_learning_rate': 0.0028025330052874574, 'train_lr_reduce': 0.6}. Best is trial 130 with value: 0.0812772810459137.
[I 2024-12-16 01:11:14,751] Trial 2204 finished with value: 0.1196606233716011 and parameters: {'mlp_n_layers': 2, 'mlp_dim_00': 256, 'mlp_dim_01': 192, 'hidden_channels': 144, 'num_layers': 1, 'num_timesteps': 3, 'dropout': 0.14144890559241835, 'train_learning_rate': 0.008559183548493514, 'train_lr_reduce': 0.6}. Best is trial 130 with value: 0.0812772810459137.
[I 2024-12-16 01:11:20,565] Trial 2205 finished with value: 0.11777635663747787 and parameters: {'mlp_n_layers': 2, 'mlp_dim_00': 208, 'mlp_dim_01': 32, 'hidden_channels': 64, 'num_layers': 3, 'num_timesteps': 3, 'dropout': 0.2969719162879768, 'train_learning_rate': 0.006663301047794974, 'train_lr_reduce': 0.6}. Best is trial 130 with value: 0.0812772810459137.
[I 2024-12-16 01:11:22,829] Trial 2203 finished with value: 0.11857915669679642 and parameters: {'mlp_n_layers': 2, 'mlp_dim_00': 128, 'mlp_dim_01': 240, 'hidden_channels': 32, 'num_layers': 4, 'num_timesteps': 3, 'dropout': 0.0002684531219780059, 'train_learning_rate': 0.00926470559981207, 'train_lr_reduce': 0.6}. Best is trial 130 with value: 0.0812772810459137.
[I 2024-12-16 01:11:26,166] Trial 2206 finished with value: 0.10102661699056625 and parameters: {'mlp_n_layers': 2, 'mlp_dim_00': 128, 'mlp_dim_01': 80, 'hidden_channels': 32, 'num_layers': 2, 'num_timesteps': 3, 'dropout': 0.2009803152143074, 'train_learning_rate': 0.006348658971715239, 'train_lr_reduce': 0.6}. Best is trial 130 with value: 0.0812772810459137.
[I 2024-12-16 01:11:30,557] Trial 2207 finished with value: 0.10783186554908752 and parameters: {'mlp_n_layers': 2, 'mlp_dim_00': 256, 'mlp_dim_01': 240, 'hidden_channels': 32, 'num_layers': 1, 'num_timesteps': 4, 'dropout': 0.2091150029615795, 'train_learning_rate': 0.007551073913814972, 'train_lr_reduce': 0.6}. Best is trial 130 with value: 0.0812772810459137.
[I 2024-12-16 01:11:37,756] Trial 2208 finished with value: 0.11012432724237442 and parameters: {'mlp_n_layers': 2, 'mlp_dim_00': 96, 'mlp_dim_01': 192, 'hidden_channels': 48, 'num_layers': 3, 'num_timesteps': 3, 'dropout': 0.1959304798318077, 'train_learning_rate': 0.0028786999980848892, 'train_lr_reduce': 0.6}. Best is trial 130 with value: 0.0812772810459137.
[I 2024-12-16 01:11:42,847] Trial 2209 finished with value: 0.1209464818239212 and parameters: {'mlp_n_layers': 2, 'mlp_dim_00': 32, 'mlp_dim_01': 224, 'hidden_channels': 64, 'num_layers': 3, 'num_timesteps': 4, 'dropout': 0.06678807754187178, 'train_learning_rate': 0.004443312349861617, 'train_lr_reduce': 0.6}. Best is trial 130 with value: 0.0812772810459137.
[I 2024-12-16 01:11:50,410] Trial 2211 finished with value: 0.10475524514913559 and parameters: {'mlp_n_layers': 2, 'mlp_dim_00': 160, 'mlp_dim_01': 224, 'hidden_channels': 96, 'num_layers': 2, 'num_timesteps': 3, 'dropout': 0.06838805504507005, 'train_learning_rate': 0.009625832695586109, 'train_lr_reduce': 0.6}. Best is trial 130 with value: 0.0812772810459137.
[I 2024-12-16 01:11:55,510] Trial 2210 finished with value: 0.1692616492509842 and parameters: {'mlp_n_layers': 2, 'mlp_dim_00': 96, 'mlp_dim_01': 192, 'hidden_channels': 112, 'num_layers': 4, 'num_timesteps': 3, 'dropout': 0.13072417189731192, 'train_learning_rate': 0.009784389739203187, 'train_lr_reduce': 0.6}. Best is trial 130 with value: 0.0812772810459137.
[I 2024-12-16 01:12:01,707] Trial 2212 finished with value: 0.12049239128828049 and parameters: {'mlp_n_layers': 2, 'mlp_dim_00': 80, 'mlp_dim_01': 224, 'hidden_channels': 48, 'num_layers': 4, 'num_timesteps': 3, 'dropout': 0.08767425979584581, 'train_learning_rate': 0.006078323714242124, 'train_lr_reduce': 0.6}. Best is trial 130 with value: 0.0812772810459137.
[I 2024-12-16 01:12:03,594] Trial 2213 finished with value: 0.11797811836004257 and parameters: {'mlp_n_layers': 3, 'mlp_dim_00': 240, 'mlp_dim_01': 192, 'mlp_dim_02': 224, 'hidden_channels': 96, 'num_layers': 1, 'num_timesteps': 3, 'dropout': 0.2821936505857973, 'train_learning_rate': 0.001858126997177895, 'train_lr_reduce': 0.6}. Best is trial 130 with value: 0.0812772810459137.
[I 2024-12-16 01:12:12,188] Trial 2214 finished with value: 0.1331111341714859 and parameters: {'mlp_n_layers': 3, 'mlp_dim_00': 256, 'mlp_dim_01': 64, 'mlp_dim_02': 192, 'hidden_channels': 256, 'num_layers': 2, 'num_timesteps': 4, 'dropout': 0.18530530807810675, 'train_learning_rate': 0.0011004266644117078, 'train_lr_reduce': 0.6}. Best is trial 130 with value: 0.0812772810459137.
