[I 2024-12-26 08:41:41,205] Trial 2216 finished with value: 0.12323900312185287 and parameters: {'L1_hidden_dim': 128, 'L1_layers_atom': 1, 'L1_layers_mol': 3, 'L1_dropout': 0.2806259526538937, 'L1_out_dim': 128, 'L2_hidden_dim': 208, 'L2_layers_atom': 1, 'L2_layers_mol': 3, 'L2_out_dim': 128, 'L2_dropout': 0.09602145582659267, 'L3_hidden_dim': 80, 'L3_layers_atom': 4, 'L3_layers_mol': 3, 'L3_out_dim': 80, 'L3_dropout': 0.29045488434658684, 'n_mlp_layers': 3, 'mlp_dim_0': 304, 'mlp_dim_1': 376, 'mlp_dim_2': 32, 'num_heads': 1, 'final_dropout': 0.02734414360116337, 'train_learning_rate': 0.00574895741674969, 'train_lr_reduce': 0.6}. Best is trial 1286 with value: 0.03935658559203148.
[I 2024-12-26 08:41:55,273] Trial 2218 finished with value: 0.07186420261859894 and parameters: {'L1_hidden_dim': 160, 'L1_layers_atom': 4, 'L1_layers_mol': 1, 'L1_dropout': 0.20535273854301211, 'L1_out_dim': 80, 'L2_hidden_dim': 128, 'L2_layers_atom': 1, 'L2_layers_mol': 4, 'L2_out_dim': 64, 'L2_dropout': 0.045086483639004374, 'L3_hidden_dim': 80, 'L3_layers_atom': 1, 'L3_layers_mol': 1, 'L3_out_dim': 64, 'L3_dropout': 0.14735432274010668, 'n_mlp_layers': 1, 'mlp_dim_0': 248, 'num_heads': 1, 'final_dropout': 0.0015475823524919718, 'train_learning_rate': 0.0025250302101473554, 'train_lr_reduce': 0.6}. Best is trial 1286 with value: 0.03935658559203148.
[I 2024-12-26 08:43:12,302] Trial 2221 finished with value: 0.11153607815504074 and parameters: {'L1_hidden_dim': 80, 'L1_layers_atom': 4, 'L1_layers_mol': 4, 'L1_dropout': 0.08512732275898144, 'L1_out_dim': 96, 'L2_hidden_dim': 128, 'L2_layers_atom': 4, 'L2_layers_mol': 3, 'L2_out_dim': 128, 'L2_dropout': 0.2919200806837431, 'L3_hidden_dim': 80, 'L3_layers_atom': 2, 'L3_layers_mol': 3, 'L3_out_dim': 48, 'L3_dropout': 0.09718697725622691, 'n_mlp_layers': 3, 'mlp_dim_0': 264, 'mlp_dim_1': 408, 'mlp_dim_2': 144, 'num_heads': 1, 'final_dropout': 0.10081332085950519, 'train_learning_rate': 0.006354941422797451, 'train_lr_reduce': 0.6}. Best is trial 1286 with value: 0.03935658559203148.
[I 2024-12-26 08:43:37,513] Trial 2222 finished with value: 0.10829707980155945 and parameters: {'L1_hidden_dim': 240, 'L1_layers_atom': 2, 'L1_layers_mol': 4, 'L1_dropout': 0.16971880144445142, 'L1_out_dim': 48, 'L2_hidden_dim': 144, 'L2_layers_atom': 3, 'L2_layers_mol': 2, 'L2_out_dim': 112, 'L2_dropout': 0.2820356699110264, 'L3_hidden_dim': 128, 'L3_layers_atom': 4, 'L3_layers_mol': 1, 'L3_out_dim': 32, 'L3_dropout': 0.1794437909310817, 'n_mlp_layers': 2, 'mlp_dim_0': 504, 'mlp_dim_1': 448, 'num_heads': 2, 'final_dropout': 0.231645789451254, 'train_learning_rate': 0.002493115075181007, 'train_lr_reduce': 0.6}. Best is trial 1286 with value: 0.03935658559203148.
[I 2024-12-26 08:44:03,469] Trial 2220 finished with value: 0.10977758467197418 and parameters: {'L1_hidden_dim': 80, 'L1_layers_atom': 4, 'L1_layers_mol': 4, 'L1_dropout': 0.23076918512167477, 'L1_out_dim': 48, 'L2_hidden_dim': 192, 'L2_layers_atom': 3, 'L2_layers_mol': 3, 'L2_out_dim': 32, 'L2_dropout': 0.0701652280153256, 'L3_hidden_dim': 48, 'L3_layers_atom': 3, 'L3_layers_mol': 2, 'L3_out_dim': 96, 'L3_dropout': 0.04859311155563346, 'n_mlp_layers': 3, 'mlp_dim_0': 472, 'mlp_dim_1': 312, 'mlp_dim_2': 288, 'num_heads': 1, 'final_dropout': 0.1550780134256511, 'train_learning_rate': 0.002999139506202368, 'train_lr_reduce': 0.6}. Best is trial 1286 with value: 0.03935658559203148.
[I 2024-12-26 08:44:29,186] Trial 2223 finished with value: 0.08095957338809967 and parameters: {'L1_hidden_dim': 96, 'L1_layers_atom': 2, 'L1_layers_mol': 1, 'L1_dropout': 0.14104207034784372, 'L1_out_dim': 80, 'L2_hidden_dim': 256, 'L2_layers_atom': 4, 'L2_layers_mol': 4, 'L2_out_dim': 80, 'L2_dropout': 0.07007546342762469, 'L3_hidden_dim': 112, 'L3_layers_atom': 3, 'L3_layers_mol': 3, 'L3_out_dim': 112, 'L3_dropout': 0.04984816434413744, 'n_mlp_layers': 3, 'mlp_dim_0': 456, 'mlp_dim_1': 352, 'mlp_dim_2': 72, 'num_heads': 2, 'final_dropout': 0.04420783177173042, 'train_learning_rate': 0.003599304831038565, 'train_lr_reduce': 0.6}. Best is trial 1286 with value: 0.03935658559203148.
[I 2024-12-26 08:45:23,439] Trial 2224 finished with value: 0.07993914932012558 and parameters: {'L1_hidden_dim': 80, 'L1_layers_atom': 4, 'L1_layers_mol': 4, 'L1_dropout': 0.2447402522356707, 'L1_out_dim': 96, 'L2_hidden_dim': 160, 'L2_layers_atom': 1, 'L2_layers_mol': 1, 'L2_out_dim': 128, 'L2_dropout': 0.08995381262261737, 'L3_hidden_dim': 128, 'L3_layers_atom': 3, 'L3_layers_mol': 1, 'L3_out_dim': 96, 'L3_dropout': 0.28160359929794376, 'n_mlp_layers': 2, 'mlp_dim_0': 312, 'mlp_dim_1': 480, 'num_heads': 1, 'final_dropout': 0.13693145944443183, 'train_learning_rate': 0.00037530129014996864, 'train_lr_reduce': 0.6}. Best is trial 1286 with value: 0.03935658559203148.
[I 2024-12-26 08:45:26,883] Trial 2225 finished with value: 0.09430481493473053 and parameters: {'L1_hidden_dim': 80, 'L1_layers_atom': 4, 'L1_layers_mol': 4, 'L1_dropout': 0.2769474017703945, 'L1_out_dim': 112, 'L2_hidden_dim': 192, 'L2_layers_atom': 1, 'L2_layers_mol': 1, 'L2_out_dim': 112, 'L2_dropout': 0.07900578776078179, 'L3_hidden_dim': 128, 'L3_layers_atom': 4, 'L3_layers_mol': 1, 'L3_out_dim': 96, 'L3_dropout': 0.20063283898666553, 'n_mlp_layers': 3, 'mlp_dim_0': 288, 'mlp_dim_1': 304, 'mlp_dim_2': 112, 'num_heads': 2, 'final_dropout': 0.14485289485225722, 'train_learning_rate': 0.0030441252745158284, 'train_lr_reduce': 0.6}. Best is trial 1286 with value: 0.03935658559203148.
[I 2024-12-26 08:46:42,984] Trial 2226 finished with value: 0.0824207067489624 and parameters: {'L1_hidden_dim': 80, 'L1_layers_atom': 4, 'L1_layers_mol': 4, 'L1_dropout': 0.26278892854365477, 'L1_out_dim': 112, 'L2_hidden_dim': 256, 'L2_layers_atom': 1, 'L2_layers_mol': 2, 'L2_out_dim': 128, 'L2_dropout': 0.0003365941736435975, 'L3_hidden_dim': 80, 'L3_layers_atom': 2, 'L3_layers_mol': 1, 'L3_out_dim': 48, 'L3_dropout': 0.06350785690548245, 'n_mlp_layers': 2, 'mlp_dim_0': 432, 'mlp_dim_1': 400, 'num_heads': 2, 'final_dropout': 0.2643107361309752, 'train_learning_rate': 0.0061699239258658205, 'train_lr_reduce': 0.6}. Best is trial 1286 with value: 0.03935658559203148.
[I 2024-12-26 08:46:51,625] Trial 2227 finished with value: 0.13612757623195648 and parameters: {'L1_hidden_dim': 80, 'L1_layers_atom': 3, 'L1_layers_mol': 2, 'L1_dropout': 0.2303632193160723, 'L1_out_dim': 112, 'L2_hidden_dim': 240, 'L2_layers_atom': 1, 'L2_layers_mol': 2, 'L2_out_dim': 96, 'L2_dropout': 0.008193509393269887, 'L3_hidden_dim': 80, 'L3_layers_atom': 3, 'L3_layers_mol': 2, 'L3_out_dim': 80, 'L3_dropout': 0.24536988102125945, 'n_mlp_layers': 2, 'mlp_dim_0': 32, 'mlp_dim_1': 440, 'num_heads': 1, 'final_dropout': 0.01848063185632995, 'train_learning_rate': 0.00577144587107743, 'train_lr_reduce': 0.6}. Best is trial 1286 with value: 0.03935658559203148.
[I 2024-12-26 08:46:57,562] Trial 2228 finished with value: 0.07822612673044205 and parameters: {'L1_hidden_dim': 64, 'L1_layers_atom': 2, 'L1_layers_mol': 1, 'L1_dropout': 0.2283326706358825, 'L1_out_dim': 128, 'L2_hidden_dim': 176, 'L2_layers_atom': 2, 'L2_layers_mol': 3, 'L2_out_dim': 80, 'L2_dropout': 0.03652407744137071, 'L3_hidden_dim': 48, 'L3_layers_atom': 3, 'L3_layers_mol': 3, 'L3_out_dim': 112, 'L3_dropout': 0.25426098099774935, 'n_mlp_layers': 2, 'mlp_dim_0': 88, 'mlp_dim_1': 384, 'num_heads': 1, 'final_dropout': 0.1440814825448523, 'train_learning_rate': 0.0029451962850093115, 'train_lr_reduce': 0.6}. Best is trial 1286 with value: 0.03935658559203148.
[I 2024-12-26 08:48:02,787] Trial 2230 finished with value: 0.06939540803432465 and parameters: {'L1_hidden_dim': 64, 'L1_layers_atom': 4, 'L1_layers_mol': 4, 'L1_dropout': 0.27679362943875396, 'L1_out_dim': 64, 'L2_hidden_dim': 208, 'L2_layers_atom': 1, 'L2_layers_mol': 2, 'L2_out_dim': 128, 'L2_dropout': 0.09768550891769091, 'L3_hidden_dim': 112, 'L3_layers_atom': 3, 'L3_layers_mol': 1, 'L3_out_dim': 64, 'L3_dropout': 0.21139352488834262, 'n_mlp_layers': 2, 'mlp_dim_0': 80, 'mlp_dim_1': 352, 'num_heads': 2, 'final_dropout': 0.08895802417873046, 'train_learning_rate': 0.0022810627922751187, 'train_lr_reduce': 0.6}. Best is trial 1286 with value: 0.03935658559203148.
[I 2024-12-26 08:48:14,956] Trial 2229 finished with value: 0.12611620128154755 and parameters: {'L1_hidden_dim': 256, 'L1_layers_atom': 1, 'L1_layers_mol': 2, 'L1_dropout': 0.06508696859208127, 'L1_out_dim': 64, 'L2_hidden_dim': 80, 'L2_layers_atom': 3, 'L2_layers_mol': 4, 'L2_out_dim': 80, 'L2_dropout': 0.18695099645485844, 'L3_hidden_dim': 96, 'L3_layers_atom': 1, 'L3_layers_mol': 3, 'L3_out_dim': 48, 'L3_dropout': 0.14019833226416067, 'n_mlp_layers': 1, 'mlp_dim_0': 320, 'num_heads': 1, 'final_dropout': 0.24772253919309917, 'train_learning_rate': 0.0016954131698896774, 'train_lr_reduce': 0.6}. Best is trial 1286 with value: 0.03935658559203148.
[I 2024-12-26 08:48:16,837] Trial 2231 finished with value: 0.08698652684688568 and parameters: {'L1_hidden_dim': 160, 'L1_layers_atom': 2, 'L1_layers_mol': 4, 'L1_dropout': 0.22615657149978924, 'L1_out_dim': 96, 'L2_hidden_dim': 144, 'L2_layers_atom': 4, 'L2_layers_mol': 3, 'L2_out_dim': 48, 'L2_dropout': 0.09419687890323436, 'L3_hidden_dim': 128, 'L3_layers_atom': 2, 'L3_layers_mol': 2, 'L3_out_dim': 48, 'L3_dropout': 0.07402823429290696, 'n_mlp_layers': 3, 'mlp_dim_0': 248, 'mlp_dim_1': 272, 'mlp_dim_2': 232, 'num_heads': 2, 'final_dropout': 0.09521343191767884, 'train_learning_rate': 0.0020729830169839234, 'train_lr_reduce': 0.6}. Best is trial 1286 with value: 0.03935658559203148.
[I 2024-12-26 08:48:43,290] Trial 2234 finished with value: 1.210365653038025 and parameters: {'L1_hidden_dim': 192, 'L1_layers_atom': 4, 'L1_layers_mol': 4, 'L1_dropout': 0.25677852666268464, 'L1_out_dim': 48, 'L2_hidden_dim': 160, 'L2_layers_atom': 2, 'L2_layers_mol': 4, 'L2_out_dim': 112, 'L2_dropout': 0.24803569965891237, 'L3_hidden_dim': 32, 'L3_layers_atom': 4, 'L3_layers_mol': 3, 'L3_out_dim': 96, 'L3_dropout': 0.21379800855710598, 'n_mlp_layers': 3, 'mlp_dim_0': 96, 'mlp_dim_1': 480, 'mlp_dim_2': 152, 'num_heads': 2, 'final_dropout': 0.2472675059514678, 'train_learning_rate': 0.00011079174211070832, 'train_lr_reduce': 0.6}. Best is trial 1286 with value: 0.03935658559203148.
[I 2024-12-26 08:49:21,091] Trial 2232 finished with value: 0.09863709658384323 and parameters: {'L1_hidden_dim': 112, 'L1_layers_atom': 1, 'L1_layers_mol': 3, 'L1_dropout': 0.2021416773590613, 'L1_out_dim': 96, 'L2_hidden_dim': 208, 'L2_layers_atom': 1, 'L2_layers_mol': 4, 'L2_out_dim': 128, 'L2_dropout': 0.15076115682848606, 'L3_hidden_dim': 96, 'L3_layers_atom': 4, 'L3_layers_mol': 2, 'L3_out_dim': 64, 'L3_dropout': 0.2963179434465383, 'n_mlp_layers': 3, 'mlp_dim_0': 168, 'mlp_dim_1': 512, 'mlp_dim_2': 72, 'num_heads': 1, 'final_dropout': 0.10793564158303202, 'train_learning_rate': 0.0008826900999468721, 'train_lr_reduce': 0.6}. Best is trial 1286 with value: 0.03935658559203148.
[I 2024-12-26 08:49:25,904] Trial 2233 finished with value: 0.10746867954730988 and parameters: {'L1_hidden_dim': 176, 'L1_layers_atom': 4, 'L1_layers_mol': 2, 'L1_dropout': 0.18878228334900268, 'L1_out_dim': 80, 'L2_hidden_dim': 128, 'L2_layers_atom': 4, 'L2_layers_mol': 2, 'L2_out_dim': 80, 'L2_dropout': 0.20315496356133217, 'L3_hidden_dim': 64, 'L3_layers_atom': 4, 'L3_layers_mol': 2, 'L3_out_dim': 80, 'L3_dropout': 0.02909766931609166, 'n_mlp_layers': 3, 'mlp_dim_0': 120, 'mlp_dim_1': 440, 'mlp_dim_2': 416, 'num_heads': 2, 'final_dropout': 0.14591960401323875, 'train_learning_rate': 0.0018184132187233205, 'train_lr_reduce': 0.6}. Best is trial 1286 with value: 0.03935658559203148.
[I 2024-12-26 08:49:56,334] Trial 2235 finished with value: 0.07309699058532715 and parameters: {'L1_hidden_dim': 80, 'L1_layers_atom': 2, 'L1_layers_mol': 2, 'L1_dropout': 0.23909841340092408, 'L1_out_dim': 112, 'L2_hidden_dim': 192, 'L2_layers_atom': 2, 'L2_layers_mol': 3, 'L2_out_dim': 64, 'L2_dropout': 0.03226235216929698, 'L3_hidden_dim': 64, 'L3_layers_atom': 3, 'L3_layers_mol': 3, 'L3_out_dim': 128, 'L3_dropout': 0.18121972179972645, 'n_mlp_layers': 1, 'mlp_dim_0': 120, 'num_heads': 1, 'final_dropout': 0.10812498784233848, 'train_learning_rate': 0.0017781189224515407, 'train_lr_reduce': 0.6}. Best is trial 1286 with value: 0.03935658559203148.
[I 2024-12-26 08:50:28,952] Trial 2236 finished with value: 0.06787662208080292 and parameters: {'L1_hidden_dim': 80, 'L1_layers_atom': 4, 'L1_layers_mol': 4, 'L1_dropout': 0.29898159997436413, 'L1_out_dim': 64, 'L2_hidden_dim': 192, 'L2_layers_atom': 1, 'L2_layers_mol': 1, 'L2_out_dim': 128, 'L2_dropout': 0.024348761265516793, 'L3_hidden_dim': 128, 'L3_layers_atom': 3, 'L3_layers_mol': 2, 'L3_out_dim': 112, 'L3_dropout': 0.25632754949505315, 'n_mlp_layers': 3, 'mlp_dim_0': 376, 'mlp_dim_1': 32, 'mlp_dim_2': 104, 'num_heads': 2, 'final_dropout': 0.2059266957981726, 'train_learning_rate': 0.0022933431484724875, 'train_lr_reduce': 0.6}. Best is trial 1286 with value: 0.03935658559203148.
[I 2024-12-26 08:50:57,091] Trial 2237 finished with value: 0.06590443104505539 and parameters: {'L1_hidden_dim': 96, 'L1_layers_atom': 3, 'L1_layers_mol': 1, 'L1_dropout': 0.22377896715422219, 'L1_out_dim': 128, 'L2_hidden_dim': 208, 'L2_layers_atom': 4, 'L2_layers_mol': 1, 'L2_out_dim': 64, 'L2_dropout': 0.08179296270312593, 'L3_hidden_dim': 80, 'L3_layers_atom': 3, 'L3_layers_mol': 2, 'L3_out_dim': 96, 'L3_dropout': 0.2945482132003255, 'n_mlp_layers': 3, 'mlp_dim_0': 32, 'mlp_dim_1': 328, 'mlp_dim_2': 64, 'num_heads': 1, 'final_dropout': 0.016986465084110624, 'train_learning_rate': 0.0006053965502934589, 'train_lr_reduce': 0.6}. Best is trial 1286 with value: 0.03935658559203148.
[I 2024-12-26 08:51:36,227] Trial 2238 finished with value: 0.08816202729940414 and parameters: {'L1_hidden_dim': 240, 'L1_layers_atom': 1, 'L1_layers_mol': 2, 'L1_dropout': 0.0504110335861562, 'L1_out_dim': 96, 'L2_hidden_dim': 240, 'L2_layers_atom': 4, 'L2_layers_mol': 3, 'L2_out_dim': 32, 'L2_dropout': 0.039953669764014266, 'L3_hidden_dim': 112, 'L3_layers_atom': 1, 'L3_layers_mol': 2, 'L3_out_dim': 32, 'L3_dropout': 0.20657371784039819, 'n_mlp_layers': 1, 'mlp_dim_0': 232, 'num_heads': 1, 'final_dropout': 0.20452219366564267, 'train_learning_rate': 0.0003336611983353257, 'train_lr_reduce': 0.6}. Best is trial 1286 with value: 0.03935658559203148.
[I 2024-12-26 08:51:48,874] Trial 2239 finished with value: 0.0902099758386612 and parameters: {'L1_hidden_dim': 64, 'L1_layers_atom': 4, 'L1_layers_mol': 4, 'L1_dropout': 0.2964122910055119, 'L1_out_dim': 112, 'L2_hidden_dim': 96, 'L2_layers_atom': 2, 'L2_layers_mol': 1, 'L2_out_dim': 128, 'L2_dropout': 0.07736914528326846, 'L3_hidden_dim': 128, 'L3_layers_atom': 4, 'L3_layers_mol': 1, 'L3_out_dim': 112, 'L3_dropout': 0.23153817823159845, 'n_mlp_layers': 1, 'mlp_dim_0': 232, 'num_heads': 2, 'final_dropout': 0.24381041653887162, 'train_learning_rate': 0.0020847163158376463, 'train_lr_reduce': 0.6}. Best is trial 1286 with value: 0.03935658559203148.
[I 2024-12-26 08:52:48,583] Trial 2240 finished with value: 0.080341637134552 and parameters: {'L1_hidden_dim': 80, 'L1_layers_atom': 3, 'L1_layers_mol': 1, 'L1_dropout': 0.29307061659308636, 'L1_out_dim': 80, 'L2_hidden_dim': 240, 'L2_layers_atom': 2, 'L2_layers_mol': 3, 'L2_out_dim': 48, 'L2_dropout': 0.06964417181569495, 'L3_hidden_dim': 48, 'L3_layers_atom': 4, 'L3_layers_mol': 4, 'L3_out_dim': 96, 'L3_dropout': 0.008480603987961377, 'n_mlp_layers': 2, 'mlp_dim_0': 264, 'mlp_dim_1': 400, 'num_heads': 1, 'final_dropout': 0.11119652577919675, 'train_learning_rate': 0.006772510801704831, 'train_lr_reduce': 0.6}. Best is trial 1286 with value: 0.03935658559203148.
[I 2024-12-26 08:53:27,354] Trial 2241 finished with value: 0.07091166079044342 and parameters: {'L1_hidden_dim': 96, 'L1_layers_atom': 2, 'L1_layers_mol': 2, 'L1_dropout': 0.2698094015300071, 'L1_out_dim': 128, 'L2_hidden_dim': 192, 'L2_layers_atom': 1, 'L2_layers_mol': 4, 'L2_out_dim': 48, 'L2_dropout': 0.11714599813083876, 'L3_hidden_dim': 64, 'L3_layers_atom': 3, 'L3_layers_mol': 4, 'L3_out_dim': 112, 'L3_dropout': 0.15273440589311793, 'n_mlp_layers': 2, 'mlp_dim_0': 152, 'mlp_dim_1': 448, 'num_heads': 1, 'final_dropout': 0.14270541208646606, 'train_learning_rate': 0.003486344558650899, 'train_lr_reduce': 0.6}. Best is trial 1286 with value: 0.03935658559203148.
[I 2024-12-26 08:54:01,598] Trial 2243 finished with value: 0.0581449493765831 and parameters: {'L1_hidden_dim': 96, 'L1_layers_atom': 4, 'L1_layers_mol': 4, 'L1_dropout': 0.2446021921681383, 'L1_out_dim': 96, 'L2_hidden_dim': 160, 'L2_layers_atom': 1, 'L2_layers_mol': 2, 'L2_out_dim': 112, 'L2_dropout': 0.031368664893123836, 'L3_hidden_dim': 96, 'L3_layers_atom': 3, 'L3_layers_mol': 1, 'L3_out_dim': 96, 'L3_dropout': 0.27458295801538185, 'n_mlp_layers': 2, 'mlp_dim_0': 48, 'mlp_dim_1': 368, 'num_heads': 2, 'final_dropout': 0.08217064506934263, 'train_learning_rate': 0.001979188652794751, 'train_lr_reduce': 0.6}. Best is trial 1286 with value: 0.03935658559203148.
[I 2024-12-26 08:54:09,972] Trial 2242 finished with value: 0.0955442562699318 and parameters: {'L1_hidden_dim': 80, 'L1_layers_atom': 3, 'L1_layers_mol': 2, 'L1_dropout': 0.20326123863141404, 'L1_out_dim': 48, 'L2_hidden_dim': 160, 'L2_layers_atom': 3, 'L2_layers_mol': 3, 'L2_out_dim': 32, 'L2_dropout': 0.0716431026354749, 'L3_hidden_dim': 32, 'L3_layers_atom': 3, 'L3_layers_mol': 4, 'L3_out_dim': 48, 'L3_dropout': 0.03867332728859372, 'n_mlp_layers': 3, 'mlp_dim_0': 288, 'mlp_dim_1': 224, 'mlp_dim_2': 32, 'num_heads': 1, 'final_dropout': 0.20670299521480173, 'train_learning_rate': 0.00013124713578665964, 'train_lr_reduce': 0.6}. Best is trial 1286 with value: 0.03935658559203148.
[I 2024-12-26 08:55:42,192] Trial 2246 finished with value: 0.07699703425168991 and parameters: {'L1_hidden_dim': 64, 'L1_layers_atom': 2, 'L1_layers_mol': 2, 'L1_dropout': 0.17476544896305557, 'L1_out_dim': 48, 'L2_hidden_dim': 144, 'L2_layers_atom': 1, 'L2_layers_mol': 2, 'L2_out_dim': 112, 'L2_dropout': 0.0409837417394186, 'L3_hidden_dim': 128, 'L3_layers_atom': 3, 'L3_layers_mol': 2, 'L3_out_dim': 128, 'L3_dropout': 0.11091035394097178, 'n_mlp_layers': 2, 'mlp_dim_0': 368, 'mlp_dim_1': 424, 'num_heads': 1, 'final_dropout': 0.12034451821755941, 'train_learning_rate': 0.0006194019558519299, 'train_lr_reduce': 0.6}. Best is trial 1286 with value: 0.03935658559203148.
[I 2024-12-26 08:56:26,928] Trial 2244 finished with value: 0.073233962059021 and parameters: {'L1_hidden_dim': 112, 'L1_layers_atom': 2, 'L1_layers_mol': 4, 'L1_dropout': 0.18821288886594714, 'L1_out_dim': 80, 'L2_hidden_dim': 256, 'L2_layers_atom': 3, 'L2_layers_mol': 2, 'L2_out_dim': 32, 'L2_dropout': 0.05967139734301159, 'L3_hidden_dim': 128, 'L3_layers_atom': 2, 'L3_layers_mol': 1, 'L3_out_dim': 64, 'L3_dropout': 0.010696956271101704, 'n_mlp_layers': 2, 'mlp_dim_0': 80, 'mlp_dim_1': 480, 'num_heads': 2, 'final_dropout': 0.2932429703988001, 'train_learning_rate': 0.00011428482805961414, 'train_lr_reduce': 0.6}. Best is trial 1286 with value: 0.03935658559203148.
[I 2024-12-26 08:56:50,478] Trial 2245 finished with value: 0.07368603348731995 and parameters: {'L1_hidden_dim': 96, 'L1_layers_atom': 1, 'L1_layers_mol': 2, 'L1_dropout': 0.10707930112344936, 'L1_out_dim': 80, 'L2_hidden_dim': 192, 'L2_layers_atom': 1, 'L2_layers_mol': 1, 'L2_out_dim': 32, 'L2_dropout': 0.030368038988255602, 'L3_hidden_dim': 64, 'L3_layers_atom': 3, 'L3_layers_mol': 4, 'L3_out_dim': 48, 'L3_dropout': 0.004999504003735583, 'n_mlp_layers': 2, 'mlp_dim_0': 248, 'mlp_dim_1': 288, 'num_heads': 2, 'final_dropout': 0.29295653608315936, 'train_learning_rate': 0.0002263144784261359, 'train_lr_reduce': 0.6}. Best is trial 1286 with value: 0.03935658559203148.
[I 2024-12-26 08:57:36,986] Trial 2249 finished with value: 0.09820506721735 and parameters: {'L1_hidden_dim': 112, 'L1_layers_atom': 1, 'L1_layers_mol': 1, 'L1_dropout': 0.03690522598774591, 'L1_out_dim': 32, 'L2_hidden_dim': 256, 'L2_layers_atom': 4, 'L2_layers_mol': 2, 'L2_out_dim': 64, 'L2_dropout': 0.1406707364456439, 'L3_hidden_dim': 48, 'L3_layers_atom': 3, 'L3_layers_mol': 4, 'L3_out_dim': 64, 'L3_dropout': 0.09646331266174249, 'n_mlp_layers': 3, 'mlp_dim_0': 48, 'mlp_dim_1': 480, 'mlp_dim_2': 144, 'num_heads': 2, 'final_dropout': 0.022035802702383034, 'train_learning_rate': 0.002120233210472382, 'train_lr_reduce': 0.6}. Best is trial 1286 with value: 0.03935658559203148.
[I 2024-12-26 08:58:03,401] Trial 2248 finished with value: 0.10512512922286987 and parameters: {'L1_hidden_dim': 192, 'L1_layers_atom': 3, 'L1_layers_mol': 3, 'L1_dropout': 0.11608151864004106, 'L1_out_dim': 112, 'L2_hidden_dim': 208, 'L2_layers_atom': 3, 'L2_layers_mol': 3, 'L2_out_dim': 64, 'L2_dropout': 0.2967755340826269, 'L3_hidden_dim': 112, 'L3_layers_atom': 4, 'L3_layers_mol': 1, 'L3_out_dim': 112, 'L3_dropout': 0.06828949066406048, 'n_mlp_layers': 3, 'mlp_dim_0': 208, 'mlp_dim_1': 376, 'mlp_dim_2': 360, 'num_heads': 1, 'final_dropout': 0.0877374639973022, 'train_learning_rate': 0.005426539246015483, 'train_lr_reduce': 0.6}. Best is trial 1286 with value: 0.03935658559203148.
[I 2024-12-26 08:58:03,405] Trial 2247 finished with value: 0.1318463385105133 and parameters: {'L1_hidden_dim': 112, 'L1_layers_atom': 3, 'L1_layers_mol': 2, 'L1_dropout': 0.14873305965539177, 'L1_out_dim': 80, 'L2_hidden_dim': 64, 'L2_layers_atom': 2, 'L2_layers_mol': 1, 'L2_out_dim': 80, 'L2_dropout': 0.22244549030413346, 'L3_hidden_dim': 112, 'L3_layers_atom': 1, 'L3_layers_mol': 2, 'L3_out_dim': 96, 'L3_dropout': 0.21652155108215693, 'n_mlp_layers': 2, 'mlp_dim_0': 328, 'mlp_dim_1': 328, 'num_heads': 2, 'final_dropout': 0.058407479120214476, 'train_learning_rate': 0.00019383068454992345, 'train_lr_reduce': 0.6}. Best is trial 1286 with value: 0.03935658559203148.
