[I 2024-12-19 19:11:54,985] Trial 770 finished with value: 0.10947255790233612 and parameters: {'mlp_n_layers': 4, 'mlp_dim_00': 409, 'mlp_dim_01': 431, 'mlp_dim_02': 358, 'mlp_dim_03': 412, 'node_hidden_dim': 43, 'edge_hidden_dim': 52, 'depth': 1, 'rep_dropout': 0.0849469380825934, 'train_learning_rate': 0.0011285484262425318, 'train_lr_reduce': 0.6}. Best is trial 122 with value: 0.09548358619213104.
[I 2024-12-19 19:11:59,277] Trial 775 finished with value: 1.6071451902389526 and parameters: {'mlp_n_layers': 3, 'mlp_dim_00': 405, 'mlp_dim_01': 443, 'mlp_dim_02': 345, 'node_hidden_dim': 75, 'edge_hidden_dim': 67, 'depth': 2, 'rep_dropout': 0.11030570286803025, 'train_learning_rate': 0.0015001242727573424, 'train_lr_reduce': 0.6}. Best is trial 122 with value: 0.09548358619213104.
[I 2024-12-19 19:12:03,329] Trial 773 finished with value: 0.44957494735717773 and parameters: {'mlp_n_layers': 1, 'mlp_dim_00': 110, 'node_hidden_dim': 84, 'edge_hidden_dim': 33, 'depth': 2, 'rep_dropout': 0.06912636088153948, 'train_learning_rate': 0.006562735277889732, 'train_lr_reduce': 0.6}. Best is trial 122 with value: 0.09548358619213104.
[I 2024-12-19 19:12:03,600] Trial 776 finished with value: 1.589356541633606 and parameters: {'mlp_n_layers': 4, 'mlp_dim_00': 510, 'mlp_dim_01': 472, 'mlp_dim_02': 391, 'mlp_dim_03': 461, 'node_hidden_dim': 48, 'edge_hidden_dim': 53, 'depth': 1, 'rep_dropout': 0.12630864414797394, 'train_learning_rate': 0.002099404258972457, 'train_lr_reduce': 0.6}. Best is trial 122 with value: 0.09548358619213104.
[I 2024-12-19 19:12:06,198] Trial 774 finished with value: 0.17760691046714783 and parameters: {'mlp_n_layers': 4, 'mlp_dim_00': 499, 'mlp_dim_01': 512, 'mlp_dim_02': 381, 'mlp_dim_03': 99, 'node_hidden_dim': 99, 'edge_hidden_dim': 83, 'depth': 1, 'rep_dropout': 0.1428393090990774, 'train_learning_rate': 0.0013417452252498594, 'train_lr_reduce': 0.6}. Best is trial 122 with value: 0.09548358619213104.
[I 2024-12-19 19:12:43,248] Trial 779 finished with value: 0.13090166449546814 and parameters: {'mlp_n_layers': 4, 'mlp_dim_00': 494, 'mlp_dim_01': 439, 'mlp_dim_02': 390, 'mlp_dim_03': 512, 'node_hidden_dim': 55, 'edge_hidden_dim': 45, 'depth': 1, 'rep_dropout': 0.10785876479512316, 'train_learning_rate': 0.000984609923259029, 'train_lr_reduce': 0.6}. Best is trial 122 with value: 0.09548358619213104.
[I 2024-12-19 19:12:44,087] Trial 777 finished with value: 0.11512094736099243 and parameters: {'mlp_n_layers': 4, 'mlp_dim_00': 404, 'mlp_dim_01': 472, 'mlp_dim_02': 287, 'mlp_dim_03': 417, 'node_hidden_dim': 101, 'edge_hidden_dim': 91, 'depth': 1, 'rep_dropout': 0.13564950703551756, 'train_learning_rate': 0.0005632091611753434, 'train_lr_reduce': 0.6}. Best is trial 122 with value: 0.09548358619213104.
[I 2024-12-19 19:12:44,375] Trial 778 finished with value: 0.10020316392183304 and parameters: {'mlp_n_layers': 4, 'mlp_dim_00': 451, 'mlp_dim_01': 397, 'mlp_dim_02': 338, 'mlp_dim_03': 468, 'node_hidden_dim': 75, 'edge_hidden_dim': 35, 'depth': 1, 'rep_dropout': 0.0638872982241972, 'train_learning_rate': 0.0008004894673084471, 'train_lr_reduce': 0.6}. Best is trial 122 with value: 0.09548358619213104.
[I 2024-12-19 19:12:50,308] Trial 781 finished with value: 1.6684603691101074 and parameters: {'mlp_n_layers': 3, 'mlp_dim_00': 470, 'mlp_dim_01': 382, 'mlp_dim_02': 362, 'node_hidden_dim': 66, 'edge_hidden_dim': 41, 'depth': 1, 'rep_dropout': 0.06044855853031442, 'train_learning_rate': 0.0005359685121990165, 'train_lr_reduce': 0.6}. Best is trial 122 with value: 0.09548358619213104.
[I 2024-12-19 19:12:51,920] Trial 782 finished with value: 1.6879504919052124 and parameters: {'mlp_n_layers': 4, 'mlp_dim_00': 413, 'mlp_dim_01': 388, 'mlp_dim_02': 389, 'mlp_dim_03': 467, 'node_hidden_dim': 60, 'edge_hidden_dim': 85, 'depth': 1, 'rep_dropout': 0.14095188482163806, 'train_learning_rate': 0.00010300487888328207, 'train_lr_reduce': 0.6}. Best is trial 122 with value: 0.09548358619213104.
[I 2024-12-19 19:12:57,489] Trial 784 finished with value: 1.6604130268096924 and parameters: {'mlp_n_layers': 4, 'mlp_dim_00': 446, 'mlp_dim_01': 389, 'mlp_dim_02': 412, 'mlp_dim_03': 462, 'node_hidden_dim': 88, 'edge_hidden_dim': 74, 'depth': 1, 'rep_dropout': 0.14103383363270525, 'train_learning_rate': 0.0001227665484004689, 'train_lr_reduce': 0.6}. Best is trial 122 with value: 0.09548358619213104.
[I 2024-12-19 19:13:24,710] Trial 780 finished with value: 0.1284809559583664 and parameters: {'mlp_n_layers': 4, 'mlp_dim_00': 435, 'mlp_dim_01': 476, 'mlp_dim_02': 320, 'mlp_dim_03': 335, 'node_hidden_dim': 74, 'edge_hidden_dim': 80, 'depth': 2, 'rep_dropout': 0.14974476544731555, 'train_learning_rate': 0.0006827552911534418, 'train_lr_reduce': 0.6}. Best is trial 122 with value: 0.09548358619213104.
[I 2024-12-19 19:13:30,041] Trial 786 finished with value: 1.6768993139266968 and parameters: {'mlp_n_layers': 4, 'mlp_dim_00': 486, 'mlp_dim_01': 389, 'mlp_dim_02': 360, 'mlp_dim_03': 512, 'node_hidden_dim': 85, 'edge_hidden_dim': 97, 'depth': 2, 'rep_dropout': 0.14973685389440744, 'train_learning_rate': 0.0004103790462410562, 'train_lr_reduce': 0.6}. Best is trial 122 with value: 0.09548358619213104.
[I 2024-12-19 19:13:35,025] Trial 787 finished with value: 1.6156121492385864 and parameters: {'mlp_n_layers': 3, 'mlp_dim_00': 505, 'mlp_dim_01': 391, 'mlp_dim_02': 321, 'node_hidden_dim': 69, 'edge_hidden_dim': 32, 'depth': 1, 'rep_dropout': 0.05392358276129052, 'train_learning_rate': 0.0009128936025214945, 'train_lr_reduce': 0.6}. Best is trial 122 with value: 0.09548358619213104.
[I 2024-12-19 19:13:35,573] Trial 783 finished with value: 0.1182585209608078 and parameters: {'mlp_n_layers': 4, 'mlp_dim_00': 500, 'mlp_dim_01': 384, 'mlp_dim_02': 349, 'mlp_dim_03': 456, 'node_hidden_dim': 85, 'edge_hidden_dim': 41, 'depth': 1, 'rep_dropout': 0.03913032230554733, 'train_learning_rate': 0.000646541753715554, 'train_lr_reduce': 0.6}. Best is trial 122 with value: 0.09548358619213104.
[I 2024-12-19 19:13:40,522] Trial 789 finished with value: 1.5796887874603271 and parameters: {'mlp_n_layers': 1, 'mlp_dim_00': 451, 'node_hidden_dim': 45, 'edge_hidden_dim': 119, 'depth': 3, 'rep_dropout': 0.10256027861823337, 'train_learning_rate': 0.0012263521956056153, 'train_lr_reduce': 0.6}. Best is trial 122 with value: 0.09548358619213104.
[I 2024-12-19 19:13:41,041] Trial 785 finished with value: 0.1203140914440155 and parameters: {'mlp_n_layers': 4, 'mlp_dim_00': 501, 'mlp_dim_01': 410, 'mlp_dim_02': 280, 'mlp_dim_03': 433, 'node_hidden_dim': 70, 'edge_hidden_dim': 58, 'depth': 2, 'rep_dropout': 0.1056301901742214, 'train_learning_rate': 0.0011301943816414352, 'train_lr_reduce': 0.6}. Best is trial 122 with value: 0.09548358619213104.
[I 2024-12-19 19:13:47,458] Trial 788 finished with value: 0.4859520196914673 and parameters: {'mlp_n_layers': 4, 'mlp_dim_00': 508, 'mlp_dim_01': 419, 'mlp_dim_02': 383, 'mlp_dim_03': 467, 'node_hidden_dim': 70, 'edge_hidden_dim': 34, 'depth': 1, 'rep_dropout': 0.08010419256970155, 'train_learning_rate': 0.0038118728181044293, 'train_lr_reduce': 0.6}. Best is trial 122 with value: 0.09548358619213104.
[I 2024-12-19 19:13:52,721] Trial 792 finished with value: 1.6587040424346924 and parameters: {'mlp_n_layers': 4, 'mlp_dim_00': 449, 'mlp_dim_01': 431, 'mlp_dim_02': 352, 'mlp_dim_03': 463, 'node_hidden_dim': 64, 'edge_hidden_dim': 56, 'depth': 2, 'rep_dropout': 0.04635213027172494, 'train_learning_rate': 0.0009000111174568092, 'train_lr_reduce': 0.6}. Best is trial 122 with value: 0.09548358619213104.
[I 2024-12-19 19:13:55,743] Trial 791 finished with value: 1.3190102577209473 and parameters: {'mlp_n_layers': 3, 'mlp_dim_00': 77, 'mlp_dim_01': 400, 'mlp_dim_02': 329, 'node_hidden_dim': 125, 'edge_hidden_dim': 91, 'depth': 4, 'rep_dropout': 0.13632398306416416, 'train_learning_rate': 0.000837159903526556, 'train_lr_reduce': 0.6}. Best is trial 122 with value: 0.09548358619213104.
[I 2024-12-19 19:14:20,346] Trial 790 finished with value: 0.12709195911884308 and parameters: {'mlp_n_layers': 4, 'mlp_dim_00': 462, 'mlp_dim_01': 417, 'mlp_dim_02': 418, 'mlp_dim_03': 402, 'node_hidden_dim': 82, 'edge_hidden_dim': 38, 'depth': 1, 'rep_dropout': 0.06839213155712776, 'train_learning_rate': 0.0020689754165743993, 'train_lr_reduce': 0.6}. Best is trial 122 with value: 0.09548358619213104.
[I 2024-12-19 19:14:37,474] Trial 793 finished with value: 0.1494581550359726 and parameters: {'mlp_n_layers': 4, 'mlp_dim_00': 477, 'mlp_dim_01': 512, 'mlp_dim_02': 410, 'mlp_dim_03': 427, 'node_hidden_dim': 72, 'edge_hidden_dim': 42, 'depth': 1, 'rep_dropout': 0.09662122295626449, 'train_learning_rate': 0.0005454761923107711, 'train_lr_reduce': 0.6}. Best is trial 122 with value: 0.09548358619213104.
[I 2024-12-19 19:14:39,525] Trial 794 finished with value: 0.10710417479276657 and parameters: {'mlp_n_layers': 4, 'mlp_dim_00': 512, 'mlp_dim_01': 435, 'mlp_dim_02': 268, 'mlp_dim_03': 465, 'node_hidden_dim': 80, 'edge_hidden_dim': 32, 'depth': 1, 'rep_dropout': 0.06353751853176946, 'train_learning_rate': 0.0006339441087085156, 'train_lr_reduce': 0.6}. Best is trial 122 with value: 0.09548358619213104.
[I 2024-12-19 19:14:44,307] Trial 797 finished with value: 1.5655643939971924 and parameters: {'mlp_n_layers': 3, 'mlp_dim_00': 497, 'mlp_dim_01': 443, 'mlp_dim_02': 288, 'node_hidden_dim': 72, 'edge_hidden_dim': 52, 'depth': 1, 'rep_dropout': 0.12382857269471449, 'train_learning_rate': 0.0017533070880768296, 'train_lr_reduce': 0.6}. Best is trial 122 with value: 0.09548358619213104.
[I 2024-12-19 19:14:48,927] Trial 798 finished with value: 1.591681718826294 and parameters: {'mlp_n_layers': 3, 'mlp_dim_00': 510, 'mlp_dim_01': 475, 'mlp_dim_02': 422, 'node_hidden_dim': 62, 'edge_hidden_dim': 54, 'depth': 1, 'rep_dropout': 0.09468547733885002, 'train_learning_rate': 0.0016384936726707691, 'train_lr_reduce': 0.6}. Best is trial 122 with value: 0.09548358619213104.
[I 2024-12-19 19:14:54,284] Trial 799 finished with value: 1.6331380605697632 and parameters: {'mlp_n_layers': 4, 'mlp_dim_00': 508, 'mlp_dim_01': 439, 'mlp_dim_02': 347, 'mlp_dim_03': 427, 'node_hidden_dim': 84, 'edge_hidden_dim': 32, 'depth': 2, 'rep_dropout': 0.05402073285016972, 'train_learning_rate': 0.0012527067170483447, 'train_lr_reduce': 0.6}. Best is trial 122 with value: 0.09548358619213104.
[I 2024-12-19 19:15:00,407] Trial 800 finished with value: 1.678165316581726 and parameters: {'mlp_n_layers': 4, 'mlp_dim_00': 380, 'mlp_dim_01': 390, 'mlp_dim_02': 317, 'mlp_dim_03': 469, 'node_hidden_dim': 74, 'edge_hidden_dim': 36, 'depth': 2, 'rep_dropout': 0.0535922765960138, 'train_learning_rate': 0.0002559808721069838, 'train_lr_reduce': 0.6}. Best is trial 122 with value: 0.09548358619213104.
[I 2024-12-19 19:15:00,965] Trial 795 finished with value: 0.11292079091072083 and parameters: {'mlp_n_layers': 4, 'mlp_dim_00': 501, 'mlp_dim_01': 511, 'mlp_dim_02': 324, 'mlp_dim_03': 400, 'node_hidden_dim': 77, 'edge_hidden_dim': 40, 'depth': 1, 'rep_dropout': 0.0725123523332336, 'train_learning_rate': 0.0007810374879668296, 'train_lr_reduce': 0.6}. Best is trial 122 with value: 0.09548358619213104.
[I 2024-12-19 19:15:06,073] Trial 802 finished with value: 1.5843558311462402 and parameters: {'mlp_n_layers': 3, 'mlp_dim_00': 460, 'mlp_dim_01': 470, 'mlp_dim_02': 361, 'node_hidden_dim': 36, 'edge_hidden_dim': 55, 'depth': 2, 'rep_dropout': 0.09224461665624044, 'train_learning_rate': 0.0017077831831783157, 'train_lr_reduce': 0.6}. Best is trial 122 with value: 0.09548358619213104.
[I 2024-12-19 19:15:11,392] Trial 803 finished with value: 1.6765670776367188 and parameters: {'mlp_n_layers': 4, 'mlp_dim_00': 511, 'mlp_dim_01': 441, 'mlp_dim_02': 266, 'mlp_dim_03': 463, 'node_hidden_dim': 56, 'edge_hidden_dim': 32, 'depth': 1, 'rep_dropout': 0.04879546000436015, 'train_learning_rate': 0.0005325836478952167, 'train_lr_reduce': 0.6}. Best is trial 122 with value: 0.09548358619213104.
[I 2024-12-19 19:15:17,288] Trial 804 finished with value: 1.6584254503250122 and parameters: {'mlp_n_layers': 3, 'mlp_dim_00': 496, 'mlp_dim_01': 479, 'mlp_dim_02': 410, 'node_hidden_dim': 82, 'edge_hidden_dim': 49, 'depth': 2, 'rep_dropout': 0.11385584377939144, 'train_learning_rate': 0.0013780456528723055, 'train_lr_reduce': 0.6}. Best is trial 122 with value: 0.09548358619213104.
[I 2024-12-19 19:15:21,851] Trial 796 finished with value: 0.1401664912700653 and parameters: {'mlp_n_layers': 4, 'mlp_dim_00': 391, 'mlp_dim_01': 378, 'mlp_dim_02': 376, 'mlp_dim_03': 512, 'node_hidden_dim': 100, 'edge_hidden_dim': 86, 'depth': 1, 'rep_dropout': 0.14416936790399693, 'train_learning_rate': 0.0002540133707613803, 'train_lr_reduce': 0.6}. Best is trial 122 with value: 0.09548358619213104.
[I 2024-12-19 19:15:22,127] Trial 805 finished with value: 1.675752878189087 and parameters: {'mlp_n_layers': 4, 'mlp_dim_00': 361, 'mlp_dim_01': 441, 'mlp_dim_02': 323, 'mlp_dim_03': 387, 'node_hidden_dim': 35, 'edge_hidden_dim': 48, 'depth': 1, 'rep_dropout': 0.11368373363531771, 'train_learning_rate': 0.0007811217899847697, 'train_lr_reduce': 0.6}. Best is trial 122 with value: 0.09548358619213104.
[I 2024-12-19 19:15:26,425] Trial 806 finished with value: 1.6745389699935913 and parameters: {'mlp_n_layers': 3, 'mlp_dim_00': 443, 'mlp_dim_01': 393, 'mlp_dim_02': 439, 'node_hidden_dim': 95, 'edge_hidden_dim': 35, 'depth': 2, 'rep_dropout': 0.11605996659530378, 'train_learning_rate': 0.00044609984790400275, 'train_lr_reduce': 0.6}. Best is trial 122 with value: 0.09548358619213104.
[I 2024-12-19 19:15:26,429] Trial 807 finished with value: 1.6477779150009155 and parameters: {'mlp_n_layers': 4, 'mlp_dim_00': 436, 'mlp_dim_01': 476, 'mlp_dim_02': 365, 'mlp_dim_03': 512, 'node_hidden_dim': 88, 'edge_hidden_dim': 75, 'depth': 1, 'rep_dropout': 0.1104774412507639, 'train_learning_rate': 0.0008786979183939584, 'train_lr_reduce': 0.6}. Best is trial 122 with value: 0.09548358619213104.
[I 2024-12-19 19:15:40,942] Trial 801 finished with value: 0.11650452017784119 and parameters: {'mlp_n_layers': 4, 'mlp_dim_00': 492, 'mlp_dim_01': 511, 'mlp_dim_02': 379, 'mlp_dim_03': 397, 'node_hidden_dim': 77, 'edge_hidden_dim': 38, 'depth': 1, 'rep_dropout': 0.12053316959854538, 'train_learning_rate': 0.0008433153503592068, 'train_lr_reduce': 0.6}. Best is trial 122 with value: 0.09548358619213104.
[I 2024-12-19 19:15:46,156] Trial 810 finished with value: 1.6505060195922852 and parameters: {'mlp_n_layers': 4, 'mlp_dim_00': 502, 'mlp_dim_01': 509, 'mlp_dim_02': 312, 'mlp_dim_03': 379, 'node_hidden_dim': 44, 'edge_hidden_dim': 45, 'depth': 1, 'rep_dropout': 0.07658338436253154, 'train_learning_rate': 0.0012187791649570952, 'train_lr_reduce': 0.6}. Best is trial 122 with value: 0.09548358619213104.
[I 2024-12-19 19:16:09,136] Trial 809 finished with value: 0.11479426920413971 and parameters: {'mlp_n_layers': 4, 'mlp_dim_00': 413, 'mlp_dim_01': 474, 'mlp_dim_02': 448, 'mlp_dim_03': 466, 'node_hidden_dim': 83, 'edge_hidden_dim': 77, 'depth': 1, 'rep_dropout': 0.13936054546651952, 'train_learning_rate': 0.0005148252734815194, 'train_lr_reduce': 0.6}. Best is trial 122 with value: 0.09548358619213104.
[I 2024-12-19 19:16:09,834] Trial 808 finished with value: 0.1538638323545456 and parameters: {'mlp_n_layers': 4, 'mlp_dim_00': 497, 'mlp_dim_01': 476, 'mlp_dim_02': 269, 'mlp_dim_03': 436, 'node_hidden_dim': 126, 'edge_hidden_dim': 35, 'depth': 1, 'rep_dropout': 0.09627510455429426, 'train_learning_rate': 0.0012271466832759162, 'train_lr_reduce': 0.6}. Best is trial 122 with value: 0.09548358619213104.
[I 2024-12-19 19:16:12,248] Trial 811 finished with value: 1.2876478433609009 and parameters: {'mlp_n_layers': 4, 'mlp_dim_00': 334, 'mlp_dim_01': 431, 'mlp_dim_02': 391, 'mlp_dim_03': 426, 'node_hidden_dim': 68, 'edge_hidden_dim': 77, 'depth': 4, 'rep_dropout': 0.08169402755272039, 'train_learning_rate': 0.00020556653212425952, 'train_lr_reduce': 0.6}. Best is trial 122 with value: 0.09548358619213104.
[I 2024-12-19 19:16:14,779] Trial 813 finished with value: 1.6782704591751099 and parameters: {'mlp_n_layers': 4, 'mlp_dim_00': 495, 'mlp_dim_01': 384, 'mlp_dim_02': 352, 'mlp_dim_03': 438, 'node_hidden_dim': 66, 'edge_hidden_dim': 57, 'depth': 1, 'rep_dropout': 0.08368007705699469, 'train_learning_rate': 0.0003895568926471302, 'train_lr_reduce': 0.6}. Best is trial 122 with value: 0.09548358619213104.
[I 2024-12-19 19:16:19,718] Trial 815 finished with value: 1.637593388557434 and parameters: {'mlp_n_layers': 3, 'mlp_dim_00': 418, 'mlp_dim_01': 474, 'mlp_dim_02': 259, 'node_hidden_dim': 39, 'edge_hidden_dim': 34, 'depth': 1, 'rep_dropout': 0.09670072741230894, 'train_learning_rate': 0.0009092632536654946, 'train_lr_reduce': 0.6}. Best is trial 122 with value: 0.09548358619213104.
[I 2024-12-19 19:16:25,234] Trial 816 finished with value: 1.679538607597351 and parameters: {'mlp_n_layers': 4, 'mlp_dim_00': 503, 'mlp_dim_01': 427, 'mlp_dim_02': 384, 'mlp_dim_03': 363, 'node_hidden_dim': 98, 'edge_hidden_dim': 61, 'depth': 2, 'rep_dropout': 0.14629169299513875, 'train_learning_rate': 0.00023432269383916236, 'train_lr_reduce': 0.6}. Best is trial 122 with value: 0.09548358619213104.
[I 2024-12-19 19:16:30,745] Trial 817 finished with value: 1.6837270259857178 and parameters: {'mlp_n_layers': 4, 'mlp_dim_00': 224, 'mlp_dim_01': 473, 'mlp_dim_02': 309, 'mlp_dim_03': 417, 'node_hidden_dim': 93, 'edge_hidden_dim': 71, 'depth': 3, 'rep_dropout': 0.03028192751814366, 'train_learning_rate': 0.0002874643575184206, 'train_lr_reduce': 0.6}. Best is trial 122 with value: 0.09548358619213104.
[I 2024-12-19 19:16:36,548] Trial 818 finished with value: 1.637223243713379 and parameters: {'mlp_n_layers': 3, 'mlp_dim_00': 64, 'mlp_dim_01': 367, 'mlp_dim_02': 348, 'node_hidden_dim': 73, 'edge_hidden_dim': 64, 'depth': 4, 'rep_dropout': 0.09963581996771985, 'train_learning_rate': 0.0032758584870911447, 'train_lr_reduce': 0.6}. Best is trial 122 with value: 0.09548358619213104.
[I 2024-12-19 19:16:41,533] Trial 819 finished with value: 1.6543246507644653 and parameters: {'mlp_n_layers': 4, 'mlp_dim_00': 424, 'mlp_dim_01': 440, 'mlp_dim_02': 446, 'mlp_dim_03': 475, 'node_hidden_dim': 32, 'edge_hidden_dim': 33, 'depth': 2, 'rep_dropout': 0.10999674447007876, 'train_learning_rate': 0.0012770846868614112, 'train_lr_reduce': 0.6}. Best is trial 122 with value: 0.09548358619213104.
[I 2024-12-19 19:16:46,411] Trial 812 finished with value: 0.10040175914764404 and parameters: {'mlp_n_layers': 4, 'mlp_dim_00': 369, 'mlp_dim_01': 511, 'mlp_dim_02': 333, 'mlp_dim_03': 474, 'node_hidden_dim': 106, 'edge_hidden_dim': 65, 'depth': 1, 'rep_dropout': 0.1064102916066325, 'train_learning_rate': 0.0004461154482918887, 'train_lr_reduce': 0.6}. Best is trial 122 with value: 0.09548358619213104.
[I 2024-12-19 19:16:46,424] Trial 820 finished with value: 1.673728346824646 and parameters: {'mlp_n_layers': 4, 'mlp_dim_00': 510, 'mlp_dim_01': 470, 'mlp_dim_02': 397, 'mlp_dim_03': 422, 'node_hidden_dim': 94, 'edge_hidden_dim': 35, 'depth': 2, 'rep_dropout': 0.11985370326337368, 'train_learning_rate': 0.00034958707956422766, 'train_lr_reduce': 0.6}. Best is trial 122 with value: 0.09548358619213104.
[I 2024-12-19 19:16:47,796] Trial 814 finished with value: 0.13809765875339508 and parameters: {'mlp_n_layers': 4, 'mlp_dim_00': 508, 'mlp_dim_01': 434, 'mlp_dim_02': 437, 'mlp_dim_03': 474, 'node_hidden_dim': 82, 'edge_hidden_dim': 41, 'depth': 1, 'rep_dropout': 0.12512508446958778, 'train_learning_rate': 0.0022989121064590683, 'train_lr_reduce': 0.6}. Best is trial 122 with value: 0.09548358619213104.
[I 2024-12-19 19:17:05,011] Trial 823 finished with value: 0.4985157549381256 and parameters: {'mlp_n_layers': 4, 'mlp_dim_00': 445, 'mlp_dim_01': 511, 'mlp_dim_02': 342, 'mlp_dim_03': 510, 'node_hidden_dim': 42, 'edge_hidden_dim': 46, 'depth': 2, 'rep_dropout': 0.10413777798311204, 'train_learning_rate': 0.003470054149438323, 'train_lr_reduce': 0.6}. Best is trial 122 with value: 0.09548358619213104.
[I 2024-12-19 19:17:17,469] Trial 822 finished with value: 0.15587595105171204 and parameters: {'mlp_n_layers': 4, 'mlp_dim_00': 353, 'mlp_dim_01': 512, 'mlp_dim_02': 346, 'mlp_dim_03': 479, 'node_hidden_dim': 95, 'edge_hidden_dim': 62, 'depth': 1, 'rep_dropout': 0.10578294181723877, 'train_learning_rate': 0.0014086098765010914, 'train_lr_reduce': 0.6}. Best is trial 122 with value: 0.09548358619213104.
[I 2024-12-19 19:17:23,342] Trial 825 finished with value: 1.6659213304519653 and parameters: {'mlp_n_layers': 4, 'mlp_dim_00': 426, 'mlp_dim_01': 444, 'mlp_dim_02': 325, 'mlp_dim_03': 465, 'node_hidden_dim': 67, 'edge_hidden_dim': 35, 'depth': 1, 'rep_dropout': 0.04738621636513595, 'train_learning_rate': 0.0007315409205551752, 'train_lr_reduce': 0.6}. Best is trial 122 with value: 0.09548358619213104.
[I 2024-12-19 19:17:34,733] Trial 821 finished with value: 0.13914796710014343 and parameters: {'mlp_n_layers': 4, 'mlp_dim_00': 311, 'mlp_dim_01': 404, 'mlp_dim_02': 348, 'mlp_dim_03': 510, 'node_hidden_dim': 110, 'edge_hidden_dim': 59, 'depth': 1, 'rep_dropout': 0.09396241586718522, 'train_learning_rate': 0.0003261662347139704, 'train_lr_reduce': 0.6}. Best is trial 122 with value: 0.09548358619213104.
[I 2024-12-19 19:17:39,655] Trial 827 finished with value: 1.6822742223739624 and parameters: {'mlp_n_layers': 4, 'mlp_dim_00': 340, 'mlp_dim_01': 396, 'mlp_dim_02': 330, 'mlp_dim_03': 164, 'node_hidden_dim': 128, 'edge_hidden_dim': 69, 'depth': 1, 'rep_dropout': 0.11603919675874153, 'train_learning_rate': 0.0003684197067311694, 'train_lr_reduce': 0.6}. Best is trial 122 with value: 0.09548358619213104.
