[I 2024-12-15 17:39:23,337] Trial 2493 finished with value: 0.20519068837165833 and parameters: {'mlp_n_layers': 2, 'mlp_dim_00': 256, 'mlp_dim_01': 64, 'hidden_channels': 32, 'num_layers': 1, 'num_timesteps': 3, 'dropout': 0.188394160920192, 'train_learning_rate': 0.0006597877014158103, 'train_lr_reduce': 0.6}. Best is trial 2056 with value: 0.13246719539165497.
[I 2024-12-15 17:39:23,845] Trial 2494 finished with value: 0.19297541677951813 and parameters: {'mlp_n_layers': 4, 'mlp_dim_00': 112, 'mlp_dim_01': 160, 'mlp_dim_02': 80, 'mlp_dim_03': 192, 'hidden_channels': 240, 'num_layers': 1, 'num_timesteps': 2, 'dropout': 0.039651551388262284, 'train_learning_rate': 0.0020046870064421105, 'train_lr_reduce': 0.6}. Best is trial 2056 with value: 0.13246719539165497.
[I 2024-12-15 17:39:28,932] Trial 2496 finished with value: 0.19244617223739624 and parameters: {'mlp_n_layers': 2, 'mlp_dim_00': 112, 'mlp_dim_01': 144, 'hidden_channels': 224, 'num_layers': 1, 'num_timesteps': 3, 'dropout': 0.036174461399095435, 'train_learning_rate': 0.0010644005010688705, 'train_lr_reduce': 0.6}. Best is trial 2056 with value: 0.13246719539165497.
[I 2024-12-15 17:39:29,228] Trial 2497 finished with value: 0.24258549511432648 and parameters: {'mlp_n_layers': 2, 'mlp_dim_00': 64, 'mlp_dim_01': 144, 'hidden_channels': 256, 'num_layers': 1, 'num_timesteps': 4, 'dropout': 0.0010126559825187377, 'train_learning_rate': 0.0039089440605302676, 'train_lr_reduce': 0.6}. Best is trial 2056 with value: 0.13246719539165497.
[I 2024-12-15 17:39:33,781] Trial 2498 finished with value: 0.1735381782054901 and parameters: {'mlp_n_layers': 3, 'mlp_dim_00': 112, 'mlp_dim_01': 160, 'mlp_dim_02': 80, 'hidden_channels': 256, 'num_layers': 1, 'num_timesteps': 3, 'dropout': 0.03790330956527923, 'train_learning_rate': 0.0019078052433502666, 'train_lr_reduce': 0.6}. Best is trial 2056 with value: 0.13246719539165497.
[I 2024-12-15 17:39:37,656] Trial 2499 finished with value: 0.16521142423152924 and parameters: {'mlp_n_layers': 3, 'mlp_dim_00': 112, 'mlp_dim_01': 176, 'mlp_dim_02': 96, 'hidden_channels': 256, 'num_layers': 1, 'num_timesteps': 3, 'dropout': 0.10394575417274395, 'train_learning_rate': 0.002765192171809595, 'train_lr_reduce': 0.6}. Best is trial 2056 with value: 0.13246719539165497.
