[I 2024-12-04 18:08:18,785] Trial 2069 finished with value: 0.3129002609402116 and parameters: {'n_estimators': 903, 'max_depth': 6, 'learning_rate': 0.07455607023886007, 'subsample': 0.7697791168453274, 'colsample_bytree': 0.7192960024337604, 'min_child_weight': 2, 'gamma': 0.0008298041906215963, 'reg_alpha': 0.00014298333251577024, 'reg_lambda': 0.01372997484881196}. Best is trial 1319 with value: 0.30197738672869706.
[I 2024-12-04 18:08:20,332] Trial 2070 finished with value: 0.31343249417179014 and parameters: {'n_estimators': 904, 'max_depth': 6, 'learning_rate': 0.07472000862286361, 'subsample': 0.769412748762545, 'colsample_bytree': 0.7178613868664865, 'min_child_weight': 2, 'gamma': 0.0008472801665821017, 'reg_alpha': 0.0001376034106336193, 'reg_lambda': 0.013061843042405104}. Best is trial 1319 with value: 0.30197738672869706.
[I 2024-12-04 18:08:21,777] Trial 2071 finished with value: 0.3106631874541151 and parameters: {'n_estimators': 907, 'max_depth': 6, 'learning_rate': 0.0750178872346462, 'subsample': 0.769018940275086, 'colsample_bytree': 0.7177446332089145, 'min_child_weight': 2, 'gamma': 0.0008676205834577578, 'reg_alpha': 0.00015236383668375595, 'reg_lambda': 0.013499868151898235}. Best is trial 1319 with value: 0.30197738672869706.
[I 2024-12-04 18:08:23,252] Trial 2072 finished with value: 0.3139726734447465 and parameters: {'n_estimators': 905, 'max_depth': 6, 'learning_rate': 0.07417145379345869, 'subsample': 0.7697420737557893, 'colsample_bytree': 0.7164056640266191, 'min_child_weight': 2, 'gamma': 0.0008118460378177436, 'reg_alpha': 0.0001365631141520203, 'reg_lambda': 0.012626223586679163}. Best is trial 1319 with value: 0.30197738672869706.
[I 2024-12-04 18:08:24,686] Trial 2073 finished with value: 0.3138068337331901 and parameters: {'n_estimators': 910, 'max_depth': 6, 'learning_rate': 0.07396990544809455, 'subsample': 0.7694357020114388, 'colsample_bytree': 0.7179821447040065, 'min_child_weight': 2, 'gamma': 0.0008189563223376388, 'reg_alpha': 0.0001295497653666601, 'reg_lambda': 0.013367875492639403}. Best is trial 1319 with value: 0.30197738672869706.
[I 2024-12-04 18:08:26,142] Trial 2074 finished with value: 0.3144322694864588 and parameters: {'n_estimators': 902, 'max_depth': 6, 'learning_rate': 0.07382693893109255, 'subsample': 0.7699819350580203, 'colsample_bytree': 0.7176527041104548, 'min_child_weight': 2, 'gamma': 0.0008055616561649405, 'reg_alpha': 0.00013257329397775336, 'reg_lambda': 0.012253078037441502}. Best is trial 1319 with value: 0.30197738672869706.
[I 2024-12-04 18:08:27,819] Trial 2075 finished with value: 0.3133686679851775 and parameters: {'n_estimators': 906, 'max_depth': 6, 'learning_rate': 0.0752107142492968, 'subsample': 0.7688464476293213, 'colsample_bytree': 0.7188635481444926, 'min_child_weight': 2, 'gamma': 0.0008332890824936096, 'reg_alpha': 0.00014163343515097082, 'reg_lambda': 0.014978766945436265}. Best is trial 1319 with value: 0.30197738672869706.
[I 2024-12-04 18:08:29,296] Trial 2076 finished with value: 0.3125295986027985 and parameters: {'n_estimators': 905, 'max_depth': 6, 'learning_rate': 0.0747375441205775, 'subsample': 0.769599041799148, 'colsample_bytree': 0.7179824128048186, 'min_child_weight': 2, 'gamma': 0.0009237436177624633, 'reg_alpha': 0.00014714291679178147, 'reg_lambda': 0.01288336186747049}. Best is trial 1319 with value: 0.30197738672869706.
[I 2024-12-04 18:08:30,783] Trial 2077 finished with value: 0.3113141377549556 and parameters: {'n_estimators': 901, 'max_depth': 6, 'learning_rate': 0.0743570390919772, 'subsample': 0.7697445199444581, 'colsample_bytree': 0.7202546941836089, 'min_child_weight': 2, 'gamma': 0.000857931147476755, 'reg_alpha': 0.0001476266817576643, 'reg_lambda': 0.014446278857743798}. Best is trial 1319 with value: 0.30197738672869706.
[I 2024-12-04 18:08:32,238] Trial 2078 finished with value: 0.31112482337641423 and parameters: {'n_estimators': 910, 'max_depth': 6, 'learning_rate': 0.07383212178324076, 'subsample': 0.7692483427112231, 'colsample_bytree': 0.717950243012799, 'min_child_weight': 2, 'gamma': 0.0007962969213859994, 'reg_alpha': 0.00012506649719051983, 'reg_lambda': 0.012346703874903562}. Best is trial 1319 with value: 0.30197738672869706.
[I 2024-12-04 18:08:33,783] Trial 2079 finished with value: 0.31402316742793385 and parameters: {'n_estimators': 903, 'max_depth': 6, 'learning_rate': 0.07466690143609733, 'subsample': 0.7697285522571408, 'colsample_bytree': 0.7188920397127521, 'min_child_weight': 2, 'gamma': 0.0008728707995147573, 'reg_alpha': 0.00014667162818412504, 'reg_lambda': 0.013315467574091843}. Best is trial 1319 with value: 0.30197738672869706.
[I 2024-12-04 18:08:35,244] Trial 2080 finished with value: 0.3136597329144564 and parameters: {'n_estimators': 904, 'max_depth': 6, 'learning_rate': 0.07414590440674065, 'subsample': 0.7694485248802464, 'colsample_bytree': 0.7189450805225543, 'min_child_weight': 2, 'gamma': 0.0008308895757890038, 'reg_alpha': 0.00013996979436516521, 'reg_lambda': 0.012962980057325596}. Best is trial 1319 with value: 0.30197738672869706.
[I 2024-12-04 18:08:36,842] Trial 2081 finished with value: 0.3131425988095557 and parameters: {'n_estimators': 911, 'max_depth': 6, 'learning_rate': 0.07490824876178741, 'subsample': 0.7674685055767735, 'colsample_bytree': 0.7180411913922208, 'min_child_weight': 2, 'gamma': 0.0008285009120503454, 'reg_alpha': 0.00014446238957140797, 'reg_lambda': 0.014297209729673853}. Best is trial 1319 with value: 0.30197738672869706.
[I 2024-12-04 18:08:38,449] Trial 2082 finished with value: 0.3125047102821954 and parameters: {'n_estimators': 904, 'max_depth': 6, 'learning_rate': 0.0742577688380907, 'subsample': 0.7692554146545755, 'colsample_bytree': 0.7177314849531373, 'min_child_weight': 2, 'gamma': 0.0008220264070999833, 'reg_alpha': 0.00013660116653194253, 'reg_lambda': 0.012877328371737728}. Best is trial 1319 with value: 0.30197738672869706.
[I 2024-12-04 18:08:39,946] Trial 2083 finished with value: 0.30886950332487106 and parameters: {'n_estimators': 907, 'max_depth': 6, 'learning_rate': 0.07419597961167934, 'subsample': 0.7698933626079746, 'colsample_bytree': 0.7175068990577672, 'min_child_weight': 2, 'gamma': 0.0008829965914223757, 'reg_alpha': 0.00013482499150936872, 'reg_lambda': 0.011569996814323271}. Best is trial 1319 with value: 0.30197738672869706.
[I 2024-12-04 18:08:41,414] Trial 2084 finished with value: 0.3084269510165987 and parameters: {'n_estimators': 911, 'max_depth': 6, 'learning_rate': 0.07446947524618196, 'subsample': 0.7686750094466506, 'colsample_bytree': 0.7176774230685382, 'min_child_weight': 2, 'gamma': 0.0008252649874368987, 'reg_alpha': 0.00013379427851729138, 'reg_lambda': 0.013514309597430793}. Best is trial 1319 with value: 0.30197738672869706.
[I 2024-12-04 18:08:42,872] Trial 2085 finished with value: 0.31318189556590126 and parameters: {'n_estimators': 905, 'max_depth': 6, 'learning_rate': 0.0748861729314854, 'subsample': 0.7691721966271681, 'colsample_bytree': 0.7177828054552069, 'min_child_weight': 2, 'gamma': 0.0008851712615660851, 'reg_alpha': 0.00015002272135894071, 'reg_lambda': 0.014101897759198708}. Best is trial 1319 with value: 0.30197738672869706.
[I 2024-12-04 18:08:44,321] Trial 2086 finished with value: 0.31157625407647105 and parameters: {'n_estimators': 905, 'max_depth': 6, 'learning_rate': 0.07451814444249744, 'subsample': 0.7688040638746688, 'colsample_bytree': 0.7191125439352628, 'min_child_weight': 2, 'gamma': 0.0008090085867325565, 'reg_alpha': 0.00012000246854187519, 'reg_lambda': 0.013522183745556717}. Best is trial 1319 with value: 0.30197738672869706.
[I 2024-12-04 18:08:45,849] Trial 2087 finished with value: 0.31017924287555476 and parameters: {'n_estimators': 903, 'max_depth': 6, 'learning_rate': 0.0747920543543727, 'subsample': 0.7697882158620168, 'colsample_bytree': 0.7199105353959924, 'min_child_weight': 2, 'gamma': 0.0008503143289190246, 'reg_alpha': 0.000135683789264223, 'reg_lambda': 0.013489588126820449}. Best is trial 1319 with value: 0.30197738672869706.
[I 2024-12-04 18:08:47,312] Trial 2088 finished with value: 0.3100858393305323 and parameters: {'n_estimators': 902, 'max_depth': 6, 'learning_rate': 0.07471350964766359, 'subsample': 0.7694288790708003, 'colsample_bytree': 0.7176062795275644, 'min_child_weight': 2, 'gamma': 0.0008982459365833352, 'reg_alpha': 0.00014126434701732264, 'reg_lambda': 0.014217876268818682}. Best is trial 1319 with value: 0.30197738672869706.
[I 2024-12-04 18:08:48,867] Trial 2089 finished with value: 0.31173507144777673 and parameters: {'n_estimators': 906, 'max_depth': 6, 'learning_rate': 0.07476505916132321, 'subsample': 0.7699159524517682, 'colsample_bytree': 0.7176059075707681, 'min_child_weight': 2, 'gamma': 0.0009261398917494036, 'reg_alpha': 0.00014597489777047842, 'reg_lambda': 0.012561545480667664}. Best is trial 1319 with value: 0.30197738672869706.
[I 2024-12-04 18:08:50,336] Trial 2090 finished with value: 0.3112294509316502 and parameters: {'n_estimators': 906, 'max_depth': 6, 'learning_rate': 0.07451618944857669, 'subsample': 0.7692973593798581, 'colsample_bytree': 0.7176771303957943, 'min_child_weight': 2, 'gamma': 0.0008843814624070358, 'reg_alpha': 0.00013375298797972592, 'reg_lambda': 0.013206722154237982}. Best is trial 1319 with value: 0.30197738672869706.
[I 2024-12-04 18:08:51,938] Trial 2091 finished with value: 0.30911433697575674 and parameters: {'n_estimators': 911, 'max_depth': 6, 'learning_rate': 0.07477661005787248, 'subsample': 0.7693176556029655, 'colsample_bytree': 0.717679451266748, 'min_child_weight': 2, 'gamma': 0.0008502712144220332, 'reg_alpha': 0.00013934011103963282, 'reg_lambda': 0.012920362562435273}. Best is trial 1319 with value: 0.30197738672869706.
[I 2024-12-04 18:08:53,604] Trial 2092 finished with value: 0.31271978751664214 and parameters: {'n_estimators': 904, 'max_depth': 6, 'learning_rate': 0.07448660153678979, 'subsample': 0.7696858084423976, 'colsample_bytree': 0.7178320063307542, 'min_child_weight': 2, 'gamma': 0.0008660856031935394, 'reg_alpha': 0.00013649589671089018, 'reg_lambda': 0.012179828295114787}. Best is trial 1319 with value: 0.30197738672869706.
[I 2024-12-04 18:08:55,067] Trial 2093 finished with value: 0.3148023865931199 and parameters: {'n_estimators': 910, 'max_depth': 6, 'learning_rate': 0.074546574904641, 'subsample': 0.7691510344402963, 'colsample_bytree': 0.7177767634881206, 'min_child_weight': 2, 'gamma': 0.0008339437142392836, 'reg_alpha': 0.00014642349166592102, 'reg_lambda': 0.012833020892176193}. Best is trial 1319 with value: 0.30197738672869706.
[I 2024-12-04 18:08:56,661] Trial 2094 finished with value: 0.3136494127684252 and parameters: {'n_estimators': 906, 'max_depth': 6, 'learning_rate': 0.07446482350676362, 'subsample': 0.7689579615553844, 'colsample_bytree': 0.7172791080282744, 'min_child_weight': 2, 'gamma': 0.0009169046650165964, 'reg_alpha': 0.00014492419580588756, 'reg_lambda': 0.013982279493102276}. Best is trial 1319 with value: 0.30197738672869706.
[I 2024-12-04 18:08:58,126] Trial 2095 finished with value: 0.3083948087099139 and parameters: {'n_estimators': 908, 'max_depth': 6, 'learning_rate': 0.0746585814278919, 'subsample': 0.769169046463596, 'colsample_bytree': 0.7169526488298726, 'min_child_weight': 2, 'gamma': 0.0008324049347248544, 'reg_alpha': 0.00014257361267174196, 'reg_lambda': 0.01311045114139657}. Best is trial 1319 with value: 0.30197738672869706.
[I 2024-12-04 18:08:59,575] Trial 2096 finished with value: 0.3115295308725353 and parameters: {'n_estimators': 905, 'max_depth': 6, 'learning_rate': 0.07453131264818039, 'subsample': 0.7695213322691634, 'colsample_bytree': 0.7179928944148892, 'min_child_weight': 2, 'gamma': 0.0009003738882699741, 'reg_alpha': 0.00015542741550403962, 'reg_lambda': 0.014033366013472744}. Best is trial 1319 with value: 0.30197738672869706.
[I 2024-12-04 18:09:01,031] Trial 2097 finished with value: 0.31092830734993937 and parameters: {'n_estimators': 906, 'max_depth': 6, 'learning_rate': 0.07488596156936442, 'subsample': 0.7694144960068884, 'colsample_bytree': 0.7184598125986721, 'min_child_weight': 2, 'gamma': 0.0008472406586252933, 'reg_alpha': 0.00014100869215812503, 'reg_lambda': 0.014277578139047481}. Best is trial 1319 with value: 0.30197738672869706.
[I 2024-12-04 18:09:02,500] Trial 2098 finished with value: 0.3121471394751085 and parameters: {'n_estimators': 909, 'max_depth': 6, 'learning_rate': 0.07476151676595533, 'subsample': 0.7687698761239266, 'colsample_bytree': 0.7170868383802576, 'min_child_weight': 2, 'gamma': 0.0007962888256407476, 'reg_alpha': 0.00012753344782270257, 'reg_lambda': 0.013583064433765956}. Best is trial 1319 with value: 0.30197738672869706.
[I 2024-12-04 18:09:04,256] Trial 2099 finished with value: 0.3143508994203232 and parameters: {'n_estimators': 908, 'max_depth': 6, 'learning_rate': 0.07449417513879186, 'subsample': 0.7693777596047298, 'colsample_bytree': 0.717158762907418, 'min_child_weight': 2, 'gamma': 0.000897063257507385, 'reg_alpha': 0.0001455114048812989, 'reg_lambda': 0.012193615575989396}. Best is trial 1319 with value: 0.30197738672869706.
[I 2024-12-04 18:09:05,874] Trial 2100 finished with value: 0.31657097672673457 and parameters: {'n_estimators': 914, 'max_depth': 6, 'learning_rate': 0.07487861759285526, 'subsample': 0.7689488939741065, 'colsample_bytree': 0.7178995612258335, 'min_child_weight': 2, 'gamma': 0.0007877724092357688, 'reg_alpha': 0.0001313673969834152, 'reg_lambda': 0.0137190754013421}. Best is trial 1319 with value: 0.30197738672869706.
[I 2024-12-04 18:09:07,336] Trial 2101 finished with value: 0.3152284890695654 and parameters: {'n_estimators': 913, 'max_depth': 6, 'learning_rate': 0.07473185917818288, 'subsample': 0.7691380657030149, 'colsample_bytree': 0.7177564384096802, 'min_child_weight': 2, 'gamma': 0.0008416480702046077, 'reg_alpha': 0.00013806863987473876, 'reg_lambda': 0.013705233683612357}. Best is trial 1319 with value: 0.30197738672869706.
[I 2024-12-04 18:09:08,943] Trial 2102 finished with value: 0.31271050512759946 and parameters: {'n_estimators': 909, 'max_depth': 6, 'learning_rate': 0.07507842614050786, 'subsample': 0.7688169663717522, 'colsample_bytree': 0.7177007674231322, 'min_child_weight': 2, 'gamma': 0.0008642095512587766, 'reg_alpha': 0.00015896090988079965, 'reg_lambda': 0.013284778491115678}. Best is trial 1319 with value: 0.30197738672869706.
[I 2024-12-04 18:09:10,395] Trial 2103 finished with value: 0.31283831401052264 and parameters: {'n_estimators': 914, 'max_depth': 6, 'learning_rate': 0.07437811043277655, 'subsample': 0.7686640226016986, 'colsample_bytree': 0.717570107889571, 'min_child_weight': 2, 'gamma': 0.0007819762840077071, 'reg_alpha': 0.00012932407426307512, 'reg_lambda': 0.013393587914266678}. Best is trial 1319 with value: 0.30197738672869706.
[I 2024-12-04 18:09:11,857] Trial 2104 finished with value: 0.31177272431933284 and parameters: {'n_estimators': 913, 'max_depth': 6, 'learning_rate': 0.07485564653713919, 'subsample': 0.7685445030935191, 'colsample_bytree': 0.7172884977684413, 'min_child_weight': 2, 'gamma': 0.0008685764009722548, 'reg_alpha': 0.0001382767225902612, 'reg_lambda': 0.012882183048131187}. Best is trial 1319 with value: 0.30197738672869706.
[I 2024-12-04 18:09:13,316] Trial 2105 finished with value: 0.3102433850393022 and parameters: {'n_estimators': 907, 'max_depth': 6, 'learning_rate': 0.0747127101099391, 'subsample': 0.7693861932051869, 'colsample_bytree': 0.7183167484437954, 'min_child_weight': 2, 'gamma': 0.000834704160401499, 'reg_alpha': 0.00015287920475416233, 'reg_lambda': 0.012897732074411814}. Best is trial 1319 with value: 0.30197738672869706.
[I 2024-12-04 18:09:14,917] Trial 2106 finished with value: 0.31281638803349493 and parameters: {'n_estimators': 905, 'max_depth': 6, 'learning_rate': 0.07473963033884751, 'subsample': 0.76916018368052, 'colsample_bytree': 0.7168178802464974, 'min_child_weight': 2, 'gamma': 0.0008553301273531018, 'reg_alpha': 0.00014908002686157511, 'reg_lambda': 0.013919189348163339}. Best is trial 1319 with value: 0.30197738672869706.
[I 2024-12-04 18:09:16,401] Trial 2107 finished with value: 0.30755022199533893 and parameters: {'n_estimators': 906, 'max_depth': 6, 'learning_rate': 0.07492802140021054, 'subsample': 0.7690577687417547, 'colsample_bytree': 0.7177569523436313, 'min_child_weight': 2, 'gamma': 0.0008623329664835864, 'reg_alpha': 0.00013930214554873499, 'reg_lambda': 0.013374773000282772}. Best is trial 1319 with value: 0.30197738672869706.
[I 2024-12-04 18:09:18,000] Trial 2108 finished with value: 0.3134196411974274 and parameters: {'n_estimators': 909, 'max_depth': 6, 'learning_rate': 0.07466674972201862, 'subsample': 0.7689784059382003, 'colsample_bytree': 0.7169537356653022, 'min_child_weight': 2, 'gamma': 0.0008564457509908023, 'reg_alpha': 0.00014550705888772, 'reg_lambda': 0.014080432514587836}. Best is trial 1319 with value: 0.30197738672869706.
[I 2024-12-04 18:09:19,706] Trial 2109 finished with value: 0.31640028184447005 and parameters: {'n_estimators': 912, 'max_depth': 6, 'learning_rate': 0.07484953251394354, 'subsample': 0.7688343324021878, 'colsample_bytree': 0.7170306956077477, 'min_child_weight': 2, 'gamma': 0.0008636567699148065, 'reg_alpha': 0.00014891386899294526, 'reg_lambda': 0.013391889843112953}. Best is trial 1319 with value: 0.30197738672869706.
[I 2024-12-04 18:09:21,177] Trial 2110 finished with value: 0.31745515892625975 and parameters: {'n_estimators': 913, 'max_depth': 6, 'learning_rate': 0.07469089717100251, 'subsample': 0.7685261832106789, 'colsample_bytree': 0.716334099060363, 'min_child_weight': 2, 'gamma': 0.0008536864464965803, 'reg_alpha': 0.00014983645820485877, 'reg_lambda': 0.011836964840960133}. Best is trial 1319 with value: 0.30197738672869706.
[I 2024-12-04 18:09:22,634] Trial 2111 finished with value: 0.3136204993172413 and parameters: {'n_estimators': 909, 'max_depth': 6, 'learning_rate': 0.07495701065691823, 'subsample': 0.7695079386954808, 'colsample_bytree': 0.7163358147129785, 'min_child_weight': 2, 'gamma': 0.0008317506109290495, 'reg_alpha': 0.00014313393520649047, 'reg_lambda': 0.013710115239068137}. Best is trial 1319 with value: 0.30197738672869706.
[I 2024-12-04 18:09:24,100] Trial 2112 finished with value: 0.31476740073051546 and parameters: {'n_estimators': 906, 'max_depth': 6, 'learning_rate': 0.07472588817784442, 'subsample': 0.7693113856790914, 'colsample_bytree': 0.7181615244547106, 'min_child_weight': 2, 'gamma': 0.0008301988295477111, 'reg_alpha': 0.0001371737420682301, 'reg_lambda': 0.01297255594340072}. Best is trial 1319 with value: 0.30197738672869706.
[I 2024-12-04 18:09:25,554] Trial 2113 finished with value: 0.31365661410443063 and parameters: {'n_estimators': 909, 'max_depth': 6, 'learning_rate': 0.07501762401555637, 'subsample': 0.7687391899913715, 'colsample_bytree': 0.7173835997965146, 'min_child_weight': 2, 'gamma': 0.0008904056609300723, 'reg_alpha': 0.0001551730910729308, 'reg_lambda': 0.013241302652557253}. Best is trial 1319 with value: 0.30197738672869706.
[I 2024-12-04 18:09:27,143] Trial 2114 finished with value: 0.3107158794325507 and parameters: {'n_estimators': 907, 'max_depth': 6, 'learning_rate': 0.07506057291466682, 'subsample': 0.7687523497980767, 'colsample_bytree': 0.7183876463931326, 'min_child_weight': 2, 'gamma': 0.0008431998090109796, 'reg_alpha': 0.0001460090214485075, 'reg_lambda': 0.013630864171558007}. Best is trial 1319 with value: 0.30197738672869706.
[I 2024-12-04 18:09:28,583] Trial 2115 finished with value: 0.3065875170169586 and parameters: {'n_estimators': 909, 'max_depth': 6, 'learning_rate': 0.07454049186354728, 'subsample': 0.7692517206384778, 'colsample_bytree': 0.7182585923506372, 'min_child_weight': 2, 'gamma': 0.0008794593880183755, 'reg_alpha': 0.0001433732720126927, 'reg_lambda': 0.012751330542771082}. Best is trial 1319 with value: 0.30197738672869706.
[I 2024-12-04 18:09:30,154] Trial 2116 finished with value: 0.31463601250558604 and parameters: {'n_estimators': 908, 'max_depth': 6, 'learning_rate': 0.07477226156013965, 'subsample': 0.7689034850512637, 'colsample_bytree': 0.7175519679258014, 'min_child_weight': 2, 'gamma': 0.0008646102860221637, 'reg_alpha': 0.00014535741076678564, 'reg_lambda': 0.013091367615789292}. Best is trial 1319 with value: 0.30197738672869706.
[I 2024-12-04 18:09:31,603] Trial 2117 finished with value: 0.31492488592776285 and parameters: {'n_estimators': 906, 'max_depth': 6, 'learning_rate': 0.07474252239047087, 'subsample': 0.7687549021132879, 'colsample_bytree': 0.7187892318952928, 'min_child_weight': 2, 'gamma': 0.0008708350754141215, 'reg_alpha': 0.00015140203454965152, 'reg_lambda': 0.013200011489257271}. Best is trial 1319 with value: 0.30197738672869706.
[I 2024-12-04 18:09:33,277] Trial 2118 finished with value: 0.31300856746488204 and parameters: {'n_estimators': 913, 'max_depth': 6, 'learning_rate': 0.07434966889470593, 'subsample': 0.7691257507175838, 'colsample_bytree': 0.7169065770291267, 'min_child_weight': 2, 'gamma': 0.0008153244661761927, 'reg_alpha': 0.00012313238338466277, 'reg_lambda': 0.012857974255687623}. Best is trial 1319 with value: 0.30197738672869706.
[I 2024-12-04 18:09:35,393] Trial 2119 finished with value: 0.31153122740092115 and parameters: {'n_estimators': 913, 'max_depth': 6, 'learning_rate': 0.07504543506982553, 'subsample': 0.7685071373472439, 'colsample_bytree': 0.7184050197889873, 'min_child_weight': 2, 'gamma': 0.0008091758262946037, 'reg_alpha': 0.00012874776481418352, 'reg_lambda': 0.013752811463534268}. Best is trial 1319 with value: 0.30197738672869706.
