[I 2024-12-04 17:21:27,989] Using an existing study with name 'Pc_xgb' instead of creating a new one.
[I 2024-12-04 17:21:39,247] Trial 443 finished with value: 0.32806783417006175 and parameters: {'n_estimators': 638, 'max_depth': 10, 'learning_rate': 0.08045843495683064, 'subsample': 0.74214753848043, 'colsample_bytree': 0.7507421931718197, 'min_child_weight': 2, 'gamma': 0.0034801411950810194, 'reg_alpha': 0.0020263218219107922, 'reg_lambda': 0.002813165518378628}. Best is trial 237 with value: 0.3178725889636311.
[I 2024-12-04 17:21:39,311] Trial 447 finished with value: 0.33595116495792665 and parameters: {'n_estimators': 549, 'max_depth': 10, 'learning_rate': 0.09867006222227782, 'subsample': 0.7471004300771624, 'colsample_bytree': 0.8088184062104986, 'min_child_weight': 2, 'gamma': 0.0009882278096195194, 'reg_alpha': 0.00013338781725771192, 'reg_lambda': 0.005979209748867116}. Best is trial 237 with value: 0.3178725889636311.
[I 2024-12-04 17:21:40,078] Trial 445 finished with value: 0.34242575532005465 and parameters: {'n_estimators': 475, 'max_depth': 9, 'learning_rate': 0.0657998580195287, 'subsample': 0.7135963985252944, 'colsample_bytree': 0.8407257186076749, 'min_child_weight': 2, 'gamma': 0.007200994641114011, 'reg_alpha': 5.642551655089765e-05, 'reg_lambda': 0.08187719364661131}. Best is trial 237 with value: 0.3178725889636311.
[I 2024-12-04 17:21:41,779] Trial 430 finished with value: 0.3307544426305507 and parameters: {'n_estimators': 582, 'max_depth': 9, 'learning_rate': 0.07436366236907463, 'subsample': 0.7334093819169532, 'colsample_bytree': 0.8265491500355071, 'min_child_weight': 2, 'gamma': 0.005941536603620453, 'reg_alpha': 2.244652935724881e-05, 'reg_lambda': 0.016607646268266395}. Best is trial 237 with value: 0.3178725889636311.
[I 2024-12-04 17:21:42,249] Trial 434 finished with value: 0.33097826450733997 and parameters: {'n_estimators': 575, 'max_depth': 10, 'learning_rate': 0.06796965609630841, 'subsample': 0.7351416820061193, 'colsample_bytree': 0.8043811916388798, 'min_child_weight': 2, 'gamma': 0.001990310967402243, 'reg_alpha': 0.0005224357788417729, 'reg_lambda': 0.023491171181733786}. Best is trial 237 with value: 0.3178725889636311.
[I 2024-12-04 17:21:42,477] Trial 454 finished with value: 0.3425243707177017 and parameters: {'n_estimators': 694, 'max_depth': 9, 'learning_rate': 0.09418712947748765, 'subsample': 0.7349273108859778, 'colsample_bytree': 0.7970375576697943, 'min_child_weight': 2, 'gamma': 0.008397708038137353, 'reg_alpha': 0.0004714852411454341, 'reg_lambda': 0.006822355098994105}. Best is trial 237 with value: 0.3178725889636311.
[I 2024-12-04 17:21:43,073] Trial 425 finished with value: 0.3214522342340814 and parameters: {'n_estimators': 705, 'max_depth': 8, 'learning_rate': 0.0918940645823979, 'subsample': 0.7560733113987467, 'colsample_bytree': 0.8016913812369194, 'min_child_weight': 2, 'gamma': 0.003080093483319986, 'reg_alpha': 2.1948361281632283e-05, 'reg_lambda': 0.39947556482980456}. Best is trial 237 with value: 0.3178725889636311.
[I 2024-12-04 17:21:43,184] Trial 437 finished with value: 0.36455007544461865 and parameters: {'n_estimators': 630, 'max_depth': 9, 'learning_rate': 0.07655297046094509, 'subsample': 0.7761075419866218, 'colsample_bytree': 0.7453858437454844, 'min_child_weight': 1, 'gamma': 0.001967976051109498, 'reg_alpha': 0.00013159682964716923, 'reg_lambda': 0.013961290061015583}. Best is trial 237 with value: 0.3178725889636311.
[I 2024-12-04 17:21:43,318] Trial 456 finished with value: 0.32976767009413016 and parameters: {'n_estimators': 621, 'max_depth': 10, 'learning_rate': 0.07989122419697826, 'subsample': 0.739784897579009, 'colsample_bytree': 0.8046895639995035, 'min_child_weight': 2, 'gamma': 0.0028412575169284955, 'reg_alpha': 0.00021476135447204923, 'reg_lambda': 0.013141656335425363}. Best is trial 237 with value: 0.3178725889636311.
[I 2024-12-04 17:21:43,336] Trial 438 finished with value: 0.32411621487824144 and parameters: {'n_estimators': 749, 'max_depth': 9, 'learning_rate': 0.08808660554636492, 'subsample': 0.7395264855948354, 'colsample_bytree': 0.7330409155326228, 'min_child_weight': 2, 'gamma': 0.009522570377035057, 'reg_alpha': 0.00012344182689611068, 'reg_lambda': 0.0013405187548246246}. Best is trial 237 with value: 0.3178725889636311.
[I 2024-12-04 17:21:43,481] Trial 455 finished with value: 0.331257788746869 and parameters: {'n_estimators': 636, 'max_depth': 9, 'learning_rate': 0.09675604032470186, 'subsample': 0.7403004235136958, 'colsample_bytree': 0.7843356893815778, 'min_child_weight': 2, 'gamma': 0.003950727515994402, 'reg_alpha': 0.00021039311926062136, 'reg_lambda': 0.0463041056254137}. Best is trial 237 with value: 0.3178725889636311.
[I 2024-12-04 17:21:44,163] Trial 436 finished with value: 0.33249723869061265 and parameters: {'n_estimators': 503, 'max_depth': 8, 'learning_rate': 0.06611901918709645, 'subsample': 0.7317798102207481, 'colsample_bytree': 0.7344189031267507, 'min_child_weight': 2, 'gamma': 0.0020302387454539748, 'reg_alpha': 1.3348152787931932e-05, 'reg_lambda': 0.029084265229209722}. Best is trial 237 with value: 0.3178725889636311.
[I 2024-12-04 17:21:44,180] Trial 432 finished with value: 0.33748561588992104 and parameters: {'n_estimators': 483, 'max_depth': 6, 'learning_rate': 0.06283282939689862, 'subsample': 0.7523962234642868, 'colsample_bytree': 0.7500899967763851, 'min_child_weight': 2, 'gamma': 0.01432595325932794, 'reg_alpha': 3.488113549222853e-05, 'reg_lambda': 0.04824881319965751}. Best is trial 237 with value: 0.3178725889636311.
[I 2024-12-04 17:21:44,198] Trial 440 finished with value: 0.32536851333540984 and parameters: {'n_estimators': 705, 'max_depth': 9, 'learning_rate': 0.06816465376740691, 'subsample': 0.7296586323609624, 'colsample_bytree': 0.8255754891859135, 'min_child_weight': 2, 'gamma': 0.002868679660394729, 'reg_alpha': 0.00025817452030871854, 'reg_lambda': 0.008058118767195534}. Best is trial 237 with value: 0.3178725889636311.
[I 2024-12-04 17:21:44,237] Trial 450 finished with value: 0.3222441119684832 and parameters: {'n_estimators': 571, 'max_depth': 9, 'learning_rate': 0.09914216141688893, 'subsample': 0.7214249650326396, 'colsample_bytree': 0.7721717627217561, 'min_child_weight': 2, 'gamma': 0.0007230056993084666, 'reg_alpha': 0.00013588325476681046, 'reg_lambda': 0.028089983211065424}. Best is trial 237 with value: 0.3178725889636311.
[I 2024-12-04 17:21:44,767] Trial 428 finished with value: 0.3336053547170609 and parameters: {'n_estimators': 786, 'max_depth': 7, 'learning_rate': 0.08779979656897847, 'subsample': 0.7208962273962827, 'colsample_bytree': 0.7454036011949552, 'min_child_weight': 2, 'gamma': 0.0036741752232564377, 'reg_alpha': 5.8683343374907366e-05, 'reg_lambda': 0.02922215385771794}. Best is trial 237 with value: 0.3178725889636311.
[I 2024-12-04 17:21:44,950] Trial 448 finished with value: 0.32985716268845733 and parameters: {'n_estimators': 532, 'max_depth': 9, 'learning_rate': 0.09651276728853998, 'subsample': 0.7431337610124732, 'colsample_bytree': 0.803375800101993, 'min_child_weight': 2, 'gamma': 0.0007619143863542599, 'reg_alpha': 4.646403905156598e-05, 'reg_lambda': 0.02090346881281598}. Best is trial 237 with value: 0.3178725889636311.
[I 2024-12-04 17:21:45,160] Trial 444 finished with value: 0.3416042636100605 and parameters: {'n_estimators': 775, 'max_depth': 10, 'learning_rate': 0.06618910552687958, 'subsample': 0.7660451190165377, 'colsample_bytree': 0.8251213146465719, 'min_child_weight': 2, 'gamma': 0.0028807521940183278, 'reg_alpha': 5.457597662014806e-05, 'reg_lambda': 0.008955322920658895}. Best is trial 237 with value: 0.3178725889636311.
[I 2024-12-04 17:21:45,319] Trial 442 finished with value: 0.3214777595920589 and parameters: {'n_estimators': 695, 'max_depth': 8, 'learning_rate': 0.06720325619763655, 'subsample': 0.7500635873831338, 'colsample_bytree': 0.7701279416349285, 'min_child_weight': 2, 'gamma': 0.008172723704812725, 'reg_alpha': 0.00016927998033137518, 'reg_lambda': 0.005163286162730423}. Best is trial 237 with value: 0.3178725889636311.
[I 2024-12-04 17:21:46,350] Trial 446 finished with value: 0.3405559619082723 and parameters: {'n_estimators': 724, 'max_depth': 11, 'learning_rate': 0.07629682730629761, 'subsample': 0.7806909323906083, 'colsample_bytree': 0.7756588500897748, 'min_child_weight': 2, 'gamma': 0.0018891727279790064, 'reg_alpha': 8.913578148774192e-05, 'reg_lambda': 0.005436072863894907}. Best is trial 426 with value: 0.31436509603122464.
[I 2024-12-04 17:21:46,871] Trial 426 finished with value: 0.31436509603122464 and parameters: {'n_estimators': 687, 'max_depth': 8, 'learning_rate': 0.07333383025628142, 'subsample': 0.729176278283145, 'colsample_bytree': 0.7974282578309757, 'min_child_weight': 2, 'gamma': 0.0038294129684562144, 'reg_alpha': 0.00012420616107983808, 'reg_lambda': 0.04572399558328277}. Best is trial 426 with value: 0.31436509603122464.
[I 2024-12-04 17:21:46,944] Trial 453 finished with value: 0.3485721917010136 and parameters: {'n_estimators': 677, 'max_depth': 10, 'learning_rate': 0.08037771758453802, 'subsample': 0.772883516177181, 'colsample_bytree': 0.8025948894410122, 'min_child_weight': 2, 'gamma': 0.017027643800413356, 'reg_alpha': 0.000988698670841944, 'reg_lambda': 0.009935135269166144}. Best is trial 426 with value: 0.31436509603122464.
[I 2024-12-04 17:21:48,387] Trial 439 finished with value: 0.3314295613791087 and parameters: {'n_estimators': 580, 'max_depth': 9, 'learning_rate': 0.07818693012120524, 'subsample': 0.7472319256095415, 'colsample_bytree': 0.7918908761736283, 'min_child_weight': 2, 'gamma': 0.002462499817436269, 'reg_alpha': 9.678001442592719e-05, 'reg_lambda': 0.06029567678206155}. Best is trial 426 with value: 0.31436509603122464.
[I 2024-12-04 17:21:48,632] Trial 452 finished with value: 0.33759434224817236 and parameters: {'n_estimators': 616, 'max_depth': 9, 'learning_rate': 0.09061183780261557, 'subsample': 0.7466405181420981, 'colsample_bytree': 0.8746113725883204, 'min_child_weight': 2, 'gamma': 0.0023175953132587796, 'reg_alpha': 0.0002458933010481524, 'reg_lambda': 0.03658642127934632}. Best is trial 426 with value: 0.31436509603122464.
[I 2024-12-04 17:21:48,743] Trial 451 finished with value: 0.3343781677496274 and parameters: {'n_estimators': 474, 'max_depth': 9, 'learning_rate': 0.08562452501534915, 'subsample': 0.7490512682294578, 'colsample_bytree': 0.7969913586748771, 'min_child_weight': 2, 'gamma': 0.0006135582104554195, 'reg_alpha': 0.00011475409928255423, 'reg_lambda': 0.018357148068806395}. Best is trial 426 with value: 0.31436509603122464.
[I 2024-12-04 17:21:49,416] Trial 441 finished with value: 0.32525367524762183 and parameters: {'n_estimators': 699, 'max_depth': 8, 'learning_rate': 0.08475991501628456, 'subsample': 0.7246587087675863, 'colsample_bytree': 0.7622238340090625, 'min_child_weight': 2, 'gamma': 0.0005283485558495281, 'reg_alpha': 0.0008416033228604541, 'reg_lambda': 0.005317929774130902}. Best is trial 435 with value: 0.31178151468232856.
[I 2024-12-04 17:21:49,904] Trial 427 finished with value: 0.3389220842547342 and parameters: {'n_estimators': 624, 'max_depth': 10, 'learning_rate': 0.06670062745521972, 'subsample': 0.7301493643780956, 'colsample_bytree': 0.7176910616275638, 'min_child_weight': 2, 'gamma': 0.0032813765849162052, 'reg_alpha': 9.394974256093808e-05, 'reg_lambda': 0.037213484249529284}. Best is trial 435 with value: 0.31178151468232856.
[I 2024-12-04 17:21:50,454] Trial 433 finished with value: 0.33440046890473235 and parameters: {'n_estimators': 602, 'max_depth': 9, 'learning_rate': 0.07715711409893683, 'subsample': 0.7362654241878239, 'colsample_bytree': 0.7853660328796943, 'min_child_weight': 2, 'gamma': 0.0018846153033146471, 'reg_alpha': 0.0003548527884085025, 'reg_lambda': 0.0072766680494443505}. Best is trial 435 with value: 0.31178151468232856.
[I 2024-12-04 17:21:50,505] Trial 457 finished with value: 0.32767890957231716 and parameters: {'n_estimators': 681, 'max_depth': 7, 'learning_rate': 0.07437742455833446, 'subsample': 0.7340693328650607, 'colsample_bytree': 0.8050163133322459, 'min_child_weight': 2, 'gamma': 0.006480658613736451, 'reg_alpha': 0.0010023759927942795, 'reg_lambda': 0.021135881682141}. Best is trial 435 with value: 0.31178151468232856.
[I 2024-12-04 17:21:50,864] Trial 429 finished with value: 0.33716737667387364 and parameters: {'n_estimators': 600, 'max_depth': 10, 'learning_rate': 0.08101969614099093, 'subsample': 0.7164002876017089, 'colsample_bytree': 0.726226553509991, 'min_child_weight': 2, 'gamma': 0.009506779739060405, 'reg_alpha': 6.586594728980185e-05, 'reg_lambda': 0.07600750695515907}. Best is trial 435 with value: 0.31178151468232856.
[I 2024-12-04 17:21:51,039] Trial 449 finished with value: 0.3303015918320277 and parameters: {'n_estimators': 677, 'max_depth': 9, 'learning_rate': 0.08294402883630042, 'subsample': 0.7247437862745573, 'colsample_bytree': 0.7397998649642381, 'min_child_weight': 2, 'gamma': 0.0020920747036554687, 'reg_alpha': 0.0008689807443746904, 'reg_lambda': 0.003040349832092141}. Best is trial 435 with value: 0.31178151468232856.
[I 2024-12-04 17:21:52,382] Trial 431 finished with value: 0.3365138449330164 and parameters: {'n_estimators': 739, 'max_depth': 9, 'learning_rate': 0.06939479471371679, 'subsample': 0.7569094921564792, 'colsample_bytree': 0.8238220467852363, 'min_child_weight': 2, 'gamma': 0.001313207702850014, 'reg_alpha': 0.0001795049235716466, 'reg_lambda': 0.010511347795332285}. Best is trial 435 with value: 0.31178151468232856.
[I 2024-12-04 17:21:52,383] Trial 435 finished with value: 0.31178151468232856 and parameters: {'n_estimators': 910, 'max_depth': 7, 'learning_rate': 0.07030754986593124, 'subsample': 0.7533984591309777, 'colsample_bytree': 0.7124762593224706, 'min_child_weight': 2, 'gamma': 0.002266202076092733, 'reg_alpha': 2.2503429194585858e-05, 'reg_lambda': 0.047295797486454905}. Best is trial 435 with value: 0.31178151468232856.
[I 2024-12-04 17:21:52,696] Trial 459 finished with value: 0.336057627075859 and parameters: {'n_estimators': 725, 'max_depth': 9, 'learning_rate': 0.09131319879714495, 'subsample': 0.7433711814736391, 'colsample_bytree': 0.7511861875018109, 'min_child_weight': 2, 'gamma': 0.010027912532504329, 'reg_alpha': 4.6902798649652704e-05, 'reg_lambda': 0.007091166073677248}. Best is trial 435 with value: 0.31178151468232856.
[I 2024-12-04 17:21:54,709] Trial 460 finished with value: 0.33361690671198535 and parameters: {'n_estimators': 981, 'max_depth': 9, 'learning_rate': 0.07829723243015127, 'subsample': 0.7357905848090244, 'colsample_bytree': 0.8104132681532894, 'min_child_weight': 2, 'gamma': 0.006565840581715213, 'reg_alpha': 0.0008271867977658291, 'reg_lambda': 0.008488831959194351}. Best is trial 435 with value: 0.31178151468232856.
[I 2024-12-04 17:21:55,280] Trial 458 finished with value: 0.33698371528610777 and parameters: {'n_estimators': 659, 'max_depth': 9, 'learning_rate': 0.07592372951808526, 'subsample': 0.7375321028468059, 'colsample_bytree': 0.7782914652647743, 'min_child_weight': 2, 'gamma': 0.006636349682506234, 'reg_alpha': 1.4967170639915722e-05, 'reg_lambda': 0.08402168009568903}. Best is trial 435 with value: 0.31178151468232856.
[I 2024-12-04 17:21:55,378] Trial 461 finished with value: 0.3300283088911816 and parameters: {'n_estimators': 607, 'max_depth': 9, 'learning_rate': 0.08048110132182966, 'subsample': 0.7778912438156094, 'colsample_bytree': 0.7396808527568627, 'min_child_weight': 2, 'gamma': 0.002469484691423582, 'reg_alpha': 4.384380228764156e-05, 'reg_lambda': 0.013322128382390165}. Best is trial 435 with value: 0.31178151468232856.
[I 2024-12-04 17:21:55,728] Trial 466 finished with value: 0.3355118289834921 and parameters: {'n_estimators': 638, 'max_depth': 9, 'learning_rate': 0.07931674035827567, 'subsample': 0.7094468472871975, 'colsample_bytree': 0.810503985929279, 'min_child_weight': 2, 'gamma': 0.0017378405694494893, 'reg_alpha': 4.275665195903488e-05, 'reg_lambda': 0.03596137715390734}. Best is trial 435 with value: 0.31178151468232856.
[I 2024-12-04 17:21:56,964] Trial 463 finished with value: 0.33012910153265645 and parameters: {'n_estimators': 643, 'max_depth': 8, 'learning_rate': 0.08855407819235606, 'subsample': 0.74491062044727, 'colsample_bytree': 0.7582579869950801, 'min_child_weight': 2, 'gamma': 0.0023834153098343594, 'reg_alpha': 5.705512028918057e-05, 'reg_lambda': 0.05937067132885844}. Best is trial 435 with value: 0.31178151468232856.
[I 2024-12-04 17:21:57,529] Trial 462 finished with value: 0.3328567372432307 and parameters: {'n_estimators': 590, 'max_depth': 9, 'learning_rate': 0.0965376704611941, 'subsample': 0.7464222867903887, 'colsample_bytree': 0.7689762834086507, 'min_child_weight': 2, 'gamma': 0.010358091852054045, 'reg_alpha': 0.00038006875767142463, 'reg_lambda': 0.0031838882035923493}. Best is trial 435 with value: 0.31178151468232856.
[I 2024-12-04 17:21:58,656] Trial 467 finished with value: 0.3312147558757586 and parameters: {'n_estimators': 746, 'max_depth': 10, 'learning_rate': 0.06557552573072986, 'subsample': 0.7348956403431026, 'colsample_bytree': 0.6806645201772411, 'min_child_weight': 2, 'gamma': 0.009556282024645386, 'reg_alpha': 0.000574752544614871, 'reg_lambda': 0.002466302505149632}. Best is trial 435 with value: 0.31178151468232856.
[I 2024-12-04 17:21:58,696] Trial 472 finished with value: 0.3348381286756732 and parameters: {'n_estimators': 669, 'max_depth': 9, 'learning_rate': 0.07291557190428337, 'subsample': 0.7565443750244611, 'colsample_bytree': 0.7971873070560521, 'min_child_weight': 2, 'gamma': 0.00974834335411766, 'reg_alpha': 2.205214465018924e-05, 'reg_lambda': 0.010046460133815254}. Best is trial 435 with value: 0.31178151468232856.
[I 2024-12-04 17:21:58,916] Trial 465 finished with value: 0.31834689020910856 and parameters: {'n_estimators': 886, 'max_depth': 7, 'learning_rate': 0.09228074579050971, 'subsample': 0.7130200003592666, 'colsample_bytree': 0.7591233604968335, 'min_child_weight': 2, 'gamma': 0.023684883540644682, 'reg_alpha': 2.0028362640358964e-05, 'reg_lambda': 0.295229080630409}. Best is trial 435 with value: 0.31178151468232856.
[I 2024-12-04 17:21:59,421] Trial 479 finished with value: 0.3289914456128962 and parameters: {'n_estimators': 841, 'max_depth': 8, 'learning_rate': 0.08551082939589234, 'subsample': 0.7408414080648457, 'colsample_bytree': 0.7785992395868028, 'min_child_weight': 2, 'gamma': 0.002224369112583615, 'reg_alpha': 8.459263051678523e-05, 'reg_lambda': 0.02938210041696266}. Best is trial 435 with value: 0.31178151468232856.
[I 2024-12-04 17:21:59,740] Trial 478 finished with value: 0.3252072776365625 and parameters: {'n_estimators': 716, 'max_depth': 7, 'learning_rate': 0.06624575217215344, 'subsample': 0.7578423566959096, 'colsample_bytree': 0.8014688821062103, 'min_child_weight': 2, 'gamma': 0.0020752601971321645, 'reg_alpha': 1.68686171835827e-05, 'reg_lambda': 0.056652387097443045}. Best is trial 435 with value: 0.31178151468232856.
[I 2024-12-04 17:21:59,910] Trial 470 finished with value: 0.330651870197455 and parameters: {'n_estimators': 770, 'max_depth': 10, 'learning_rate': 0.05763909416359268, 'subsample': 0.7686407781117444, 'colsample_bytree': 0.799242585270051, 'min_child_weight': 2, 'gamma': 0.004353618447154884, 'reg_alpha': 9.361326049941834e-05, 'reg_lambda': 0.11716598243068083}. Best is trial 435 with value: 0.31178151468232856.
[I 2024-12-04 17:22:00,260] Trial 471 finished with value: 0.33426454543622086 and parameters: {'n_estimators': 540, 'max_depth': 7, 'learning_rate': 0.08608527306192962, 'subsample': 0.7348032038308637, 'colsample_bytree': 0.8012418230466841, 'min_child_weight': 2, 'gamma': 0.0016325391455026617, 'reg_alpha': 7.583021121893275e-05, 'reg_lambda': 0.11473815391220646}. Best is trial 435 with value: 0.31178151468232856.
[I 2024-12-04 17:22:01,254] Trial 473 finished with value: 0.33198598882303954 and parameters: {'n_estimators': 589, 'max_depth': 8, 'learning_rate': 0.06741011899560254, 'subsample': 0.7426732652843328, 'colsample_bytree': 0.7395105927993576, 'min_child_weight': 2, 'gamma': 0.006446767936806793, 'reg_alpha': 1.688272865324176e-05, 'reg_lambda': 0.12961686529680477}. Best is trial 435 with value: 0.31178151468232856.
[I 2024-12-04 17:22:01,792] Trial 474 finished with value: 0.35149155351654526 and parameters: {'n_estimators': 669, 'max_depth': 9, 'learning_rate': 0.09310308824439789, 'subsample': 0.7758500912833818, 'colsample_bytree': 0.8218155511619576, 'min_child_weight': 2, 'gamma': 0.0022580947056947197, 'reg_alpha': 7.576596461775875e-05, 'reg_lambda': 0.060465763018071585}. Best is trial 435 with value: 0.31178151468232856.
[I 2024-12-04 17:22:01,999] Trial 476 finished with value: 0.3246896036704625 and parameters: {'n_estimators': 814, 'max_depth': 7, 'learning_rate': 0.08289831512335669, 'subsample': 0.7460613053062686, 'colsample_bytree': 0.8285273783752716, 'min_child_weight': 2, 'gamma': 0.007581339208298496, 'reg_alpha': 6.48294705950597e-05, 'reg_lambda': 0.050061469084663635}. Best is trial 435 with value: 0.31178151468232856.
[I 2024-12-04 17:22:02,673] Trial 475 finished with value: 0.3387579881846131 and parameters: {'n_estimators': 646, 'max_depth': 10, 'learning_rate': 0.09496451710148901, 'subsample': 0.7323790571607932, 'colsample_bytree': 0.7818974803745087, 'min_child_weight': 2, 'gamma': 0.0014728462664838691, 'reg_alpha': 4.994636387778997e-05, 'reg_lambda': 0.003298362544356336}. Best is trial 435 with value: 0.31178151468232856.
