[I 2024-12-04 17:56:50,973] Trial 1610 finished with value: 0.3144937337273526 and parameters: {'n_estimators': 904, 'max_depth': 6, 'learning_rate': 0.0748936723707706, 'subsample': 0.768668552424189, 'colsample_bytree': 0.7205559849217695, 'min_child_weight': 2, 'gamma': 0.0007653169994630688, 'reg_alpha': 0.00012611425292841653, 'reg_lambda': 0.014259633462182706}. Best is trial 1319 with value: 0.30197738672869706.
[I 2024-12-04 17:56:52,391] Trial 1611 finished with value: 0.3108259692643711 and parameters: {'n_estimators': 898, 'max_depth': 6, 'learning_rate': 0.07449354640866253, 'subsample': 0.7696553439786138, 'colsample_bytree': 0.7204143442123158, 'min_child_weight': 2, 'gamma': 0.0007617157025165969, 'reg_alpha': 0.00012781076908994525, 'reg_lambda': 0.013162391931134377}. Best is trial 1319 with value: 0.30197738672869706.
[I 2024-12-04 17:56:53,845] Trial 1612 finished with value: 0.31566105575439607 and parameters: {'n_estimators': 905, 'max_depth': 6, 'learning_rate': 0.07431395288477387, 'subsample': 0.7696840156462431, 'colsample_bytree': 0.7195136316394358, 'min_child_weight': 2, 'gamma': 0.0008175803228576489, 'reg_alpha': 0.00011992774559210042, 'reg_lambda': 0.014559046660492013}. Best is trial 1319 with value: 0.30197738672869706.
[I 2024-12-04 17:56:55,259] Trial 1613 finished with value: 0.3124939123869275 and parameters: {'n_estimators': 896, 'max_depth': 6, 'learning_rate': 0.07471869050090024, 'subsample': 0.7687983210957472, 'colsample_bytree': 0.7195079827803909, 'min_child_weight': 2, 'gamma': 0.0008042263106137424, 'reg_alpha': 0.00013960836677051592, 'reg_lambda': 0.014616634497942415}. Best is trial 1319 with value: 0.30197738672869706.
[I 2024-12-04 17:56:56,681] Trial 1614 finished with value: 0.31243840898589237 and parameters: {'n_estimators': 901, 'max_depth': 6, 'learning_rate': 0.07508963860315009, 'subsample': 0.7688335682201665, 'colsample_bytree': 0.7197911449340606, 'min_child_weight': 2, 'gamma': 0.0007926162239243002, 'reg_alpha': 0.000131283095356281, 'reg_lambda': 0.014357093626934318}. Best is trial 1319 with value: 0.30197738672869706.
[I 2024-12-04 17:56:58,163] Trial 1615 finished with value: 0.3202883894778771 and parameters: {'n_estimators': 900, 'max_depth': 6, 'learning_rate': 0.07396116262898357, 'subsample': 0.7699717979678113, 'colsample_bytree': 0.7201835119115387, 'min_child_weight': 2, 'gamma': 0.0007730453545188134, 'reg_alpha': 0.00011442707247725965, 'reg_lambda': 0.013311680291219154}. Best is trial 1319 with value: 0.30197738672869706.
[I 2024-12-04 17:56:59,589] Trial 1616 finished with value: 0.31138730427609507 and parameters: {'n_estimators': 899, 'max_depth': 6, 'learning_rate': 0.07460859030897528, 'subsample': 0.7691398266898555, 'colsample_bytree': 0.7193885709217955, 'min_child_weight': 2, 'gamma': 0.0008427332224766389, 'reg_alpha': 0.0001272957812798745, 'reg_lambda': 0.014006071602906041}. Best is trial 1319 with value: 0.30197738672869706.
[I 2024-12-04 17:57:01,584] Trial 1617 finished with value: 0.30992773424173664 and parameters: {'n_estimators': 901, 'max_depth': 6, 'learning_rate': 0.07463511173314998, 'subsample': 0.7686984915792988, 'colsample_bytree': 0.7200970153344495, 'min_child_weight': 2, 'gamma': 0.0007372967043417233, 'reg_alpha': 0.00011657088360647009, 'reg_lambda': 0.013785166229808058}. Best is trial 1319 with value: 0.30197738672869706.
[I 2024-12-04 17:57:03,555] Trial 1618 finished with value: 0.3172584645607989 and parameters: {'n_estimators': 899, 'max_depth': 6, 'learning_rate': 0.07429789973669862, 'subsample': 0.7702448012323408, 'colsample_bytree': 0.7207301494654696, 'min_child_weight': 2, 'gamma': 0.0007724814944885905, 'reg_alpha': 0.00011672206025246962, 'reg_lambda': 0.013558043023784345}. Best is trial 1319 with value: 0.30197738672869706.
[I 2024-12-04 17:57:05,714] Trial 1619 finished with value: 0.30868553149166256 and parameters: {'n_estimators': 901, 'max_depth': 6, 'learning_rate': 0.07468476076851557, 'subsample': 0.7694184926643193, 'colsample_bytree': 0.7177186076500756, 'min_child_weight': 2, 'gamma': 0.0007996981683899575, 'reg_alpha': 0.00013032883941784215, 'reg_lambda': 0.013221937383166807}. Best is trial 1319 with value: 0.30197738672869706.
[I 2024-12-04 17:57:07,693] Trial 1620 finished with value: 0.31262019436318883 and parameters: {'n_estimators': 901, 'max_depth': 6, 'learning_rate': 0.07494203838988757, 'subsample': 0.7683148965739272, 'colsample_bytree': 0.7197063757214947, 'min_child_weight': 2, 'gamma': 0.0007688285263445498, 'reg_alpha': 0.00012751816657881627, 'reg_lambda': 0.013890172724036053}. Best is trial 1319 with value: 0.30197738672869706.
[I 2024-12-04 17:57:09,527] Trial 1621 finished with value: 0.3126424958547195 and parameters: {'n_estimators': 903, 'max_depth': 6, 'learning_rate': 0.07415104489355862, 'subsample': 0.7689223067133991, 'colsample_bytree': 0.718264140521013, 'min_child_weight': 2, 'gamma': 0.0007639772799029939, 'reg_alpha': 0.00012155125191629317, 'reg_lambda': 0.013636415303906798}. Best is trial 1319 with value: 0.30197738672869706.
[I 2024-12-04 17:57:11,058] Trial 1622 finished with value: 0.3127417797573924 and parameters: {'n_estimators': 902, 'max_depth': 6, 'learning_rate': 0.07449218174500472, 'subsample': 0.76766037121868, 'colsample_bytree': 0.7201267348083388, 'min_child_weight': 2, 'gamma': 0.0007439940710320398, 'reg_alpha': 0.00011783196774022437, 'reg_lambda': 0.014064001076227696}. Best is trial 1319 with value: 0.30197738672869706.
[I 2024-12-04 17:57:12,896] Trial 1623 finished with value: 0.3090320457443166 and parameters: {'n_estimators': 904, 'max_depth': 6, 'learning_rate': 0.074667109288849, 'subsample': 0.7686058825742514, 'colsample_bytree': 0.7193607470074059, 'min_child_weight': 2, 'gamma': 0.0007192337769148414, 'reg_alpha': 0.0001232598073957745, 'reg_lambda': 0.013469377870563}. Best is trial 1319 with value: 0.30197738672869706.
[I 2024-12-04 17:57:14,817] Trial 1624 finished with value: 0.3138549572023766 and parameters: {'n_estimators': 900, 'max_depth': 6, 'learning_rate': 0.07502814953569338, 'subsample': 0.7687494937571936, 'colsample_bytree': 0.7210385276169509, 'min_child_weight': 2, 'gamma': 0.0008124879942120852, 'reg_alpha': 0.00013307429079646406, 'reg_lambda': 0.013886282591701512}. Best is trial 1319 with value: 0.30197738672869706.
[I 2024-12-04 17:57:16,310] Trial 1625 finished with value: 0.3111157819991676 and parameters: {'n_estimators': 903, 'max_depth': 6, 'learning_rate': 0.07490133362588405, 'subsample': 0.7679420060739697, 'colsample_bytree': 0.71960117459186, 'min_child_weight': 2, 'gamma': 0.0007336031333433532, 'reg_alpha': 0.00011841691356035978, 'reg_lambda': 0.01482019709281272}. Best is trial 1319 with value: 0.30197738672869706.
[I 2024-12-04 17:57:17,799] Trial 1626 finished with value: 0.3176628580757604 and parameters: {'n_estimators': 904, 'max_depth': 6, 'learning_rate': 0.07446666734721546, 'subsample': 0.7685981219956346, 'colsample_bytree': 0.7204232805690263, 'min_child_weight': 2, 'gamma': 0.0008172272315666721, 'reg_alpha': 0.00012493691121195374, 'reg_lambda': 0.013647819533945048}. Best is trial 1319 with value: 0.30197738672869706.
[I 2024-12-04 17:57:19,260] Trial 1627 finished with value: 0.31182436028420774 and parameters: {'n_estimators': 905, 'max_depth': 6, 'learning_rate': 0.07481929508694217, 'subsample': 0.7683292236218484, 'colsample_bytree': 0.7182695364643807, 'min_child_weight': 2, 'gamma': 0.0007553830265848695, 'reg_alpha': 0.00013461528233978728, 'reg_lambda': 0.013423257872086872}. Best is trial 1319 with value: 0.30197738672869706.
[I 2024-12-04 17:57:20,845] Trial 1628 finished with value: 0.31559840234370434 and parameters: {'n_estimators': 899, 'max_depth': 6, 'learning_rate': 0.07473856304037234, 'subsample': 0.7694481852249692, 'colsample_bytree': 0.7198034546353911, 'min_child_weight': 2, 'gamma': 0.0007813239321725083, 'reg_alpha': 0.0001312483665939799, 'reg_lambda': 0.013691775936983721}. Best is trial 1319 with value: 0.30197738672869706.
[I 2024-12-04 17:57:22,378] Trial 1629 finished with value: 0.3125872564891731 and parameters: {'n_estimators': 900, 'max_depth': 6, 'learning_rate': 0.074439604380205, 'subsample': 0.7693593384664604, 'colsample_bytree': 0.7179186921060249, 'min_child_weight': 2, 'gamma': 0.0007833312174381906, 'reg_alpha': 0.00012901950184584347, 'reg_lambda': 0.012888809781673201}. Best is trial 1319 with value: 0.30197738672869706.
[I 2024-12-04 17:57:23,856] Trial 1630 finished with value: 0.31344180008956507 and parameters: {'n_estimators': 901, 'max_depth': 6, 'learning_rate': 0.0751053105830958, 'subsample': 0.7688240488597151, 'colsample_bytree': 0.7193160973319506, 'min_child_weight': 2, 'gamma': 0.0007187020595061327, 'reg_alpha': 0.00012110412196943097, 'reg_lambda': 0.013393174533848402}. Best is trial 1319 with value: 0.30197738672869706.
[I 2024-12-04 17:57:25,299] Trial 1631 finished with value: 0.31243094323566206 and parameters: {'n_estimators': 905, 'max_depth': 6, 'learning_rate': 0.07533370653796731, 'subsample': 0.7686376273456228, 'colsample_bytree': 0.717529045184217, 'min_child_weight': 2, 'gamma': 0.0007826646069761055, 'reg_alpha': 0.00013703095531121613, 'reg_lambda': 0.014044723168950071}. Best is trial 1319 with value: 0.30197738672869706.
[I 2024-12-04 17:57:26,748] Trial 1632 finished with value: 0.3128359372137984 and parameters: {'n_estimators': 899, 'max_depth': 6, 'learning_rate': 0.07492862379700783, 'subsample': 0.7694444178407607, 'colsample_bytree': 0.7193148116605952, 'min_child_weight': 2, 'gamma': 0.000804700539559626, 'reg_alpha': 0.0001378826290944605, 'reg_lambda': 0.013640508090211981}. Best is trial 1319 with value: 0.30197738672869706.
[I 2024-12-04 17:57:28,257] Trial 1633 finished with value: 0.31251718939533846 and parameters: {'n_estimators': 907, 'max_depth': 6, 'learning_rate': 0.07421978301825004, 'subsample': 0.7691041223478305, 'colsample_bytree': 0.7172969058824662, 'min_child_weight': 2, 'gamma': 0.0008009519370206125, 'reg_alpha': 0.00012551484867496165, 'reg_lambda': 0.013219894382902985}. Best is trial 1319 with value: 0.30197738672869706.
[I 2024-12-04 17:57:29,743] Trial 1634 finished with value: 0.31469171392794837 and parameters: {'n_estimators': 903, 'max_depth': 6, 'learning_rate': 0.07508371658760218, 'subsample': 0.7686084082025907, 'colsample_bytree': 0.7183992641887094, 'min_child_weight': 2, 'gamma': 0.0007605816677691587, 'reg_alpha': 0.0001284987236983521, 'reg_lambda': 0.014030035343266198}. Best is trial 1319 with value: 0.30197738672869706.
[I 2024-12-04 17:57:31,189] Trial 1635 finished with value: 0.30716008468765926 and parameters: {'n_estimators': 900, 'max_depth': 6, 'learning_rate': 0.07488567383021096, 'subsample': 0.7685800532395495, 'colsample_bytree': 0.7188467934237528, 'min_child_weight': 2, 'gamma': 0.0007575784914311596, 'reg_alpha': 0.00012925550109733943, 'reg_lambda': 0.014085043020604034}. Best is trial 1319 with value: 0.30197738672869706.
[I 2024-12-04 17:57:32,624] Trial 1636 finished with value: 0.30986782375273125 and parameters: {'n_estimators': 898, 'max_depth': 6, 'learning_rate': 0.07491284801016347, 'subsample': 0.7691228755340509, 'colsample_bytree': 0.719065369588407, 'min_child_weight': 2, 'gamma': 0.0007754293411260942, 'reg_alpha': 0.00012018127225592446, 'reg_lambda': 0.013666840900395084}. Best is trial 1319 with value: 0.30197738672869706.
[I 2024-12-04 17:57:34,149] Trial 1637 finished with value: 0.31288627195461394 and parameters: {'n_estimators': 898, 'max_depth': 6, 'learning_rate': 0.07450547749244982, 'subsample': 0.769547250508038, 'colsample_bytree': 0.7195076321292115, 'min_child_weight': 2, 'gamma': 0.0007883469632167804, 'reg_alpha': 0.0001349414328360561, 'reg_lambda': 0.013950781906034016}. Best is trial 1319 with value: 0.30197738672869706.
[I 2024-12-04 17:57:35,592] Trial 1638 finished with value: 0.313396231574321 and parameters: {'n_estimators': 897, 'max_depth': 6, 'learning_rate': 0.07404544321045071, 'subsample': 0.769356440443698, 'colsample_bytree': 0.7186658373546255, 'min_child_weight': 2, 'gamma': 0.000764171444001388, 'reg_alpha': 0.0001222574912388269, 'reg_lambda': 0.01301166128578157}. Best is trial 1319 with value: 0.30197738672869706.
[I 2024-12-04 17:57:37,104] Trial 1639 finished with value: 0.3111911794343269 and parameters: {'n_estimators': 902, 'max_depth': 6, 'learning_rate': 0.074562692484112, 'subsample': 0.7683173075285242, 'colsample_bytree': 0.7178885157935604, 'min_child_weight': 2, 'gamma': 0.0007539827372327422, 'reg_alpha': 0.0001189547114568271, 'reg_lambda': 0.013020819073336161}. Best is trial 1319 with value: 0.30197738672869706.
[I 2024-12-04 17:57:38,808] Trial 1640 finished with value: 0.3168270848036032 and parameters: {'n_estimators': 898, 'max_depth': 6, 'learning_rate': 0.07521501915627907, 'subsample': 0.7680257705603503, 'colsample_bytree': 0.7193927220803691, 'min_child_weight': 2, 'gamma': 0.0007753996382813369, 'reg_alpha': 0.00013621182761745077, 'reg_lambda': 0.014309098901523522}. Best is trial 1319 with value: 0.30197738672869706.
[I 2024-12-04 17:57:40,375] Trial 1641 finished with value: 0.31279086496578556 and parameters: {'n_estimators': 906, 'max_depth': 6, 'learning_rate': 0.0746507918094866, 'subsample': 0.7683490502597308, 'colsample_bytree': 0.717650416629271, 'min_child_weight': 2, 'gamma': 0.0007544007182709824, 'reg_alpha': 0.00012580721320928063, 'reg_lambda': 0.01457408741550104}. Best is trial 1319 with value: 0.30197738672869706.
[I 2024-12-04 17:57:41,815] Trial 1642 finished with value: 0.3181581937410292 and parameters: {'n_estimators': 905, 'max_depth': 6, 'learning_rate': 0.07527628921222788, 'subsample': 0.7686833928594251, 'colsample_bytree': 0.7179082471483949, 'min_child_weight': 2, 'gamma': 0.0007613951527215789, 'reg_alpha': 0.0001305152109205052, 'reg_lambda': 0.01393948944467249}. Best is trial 1319 with value: 0.30197738672869706.
[I 2024-12-04 17:57:43,255] Trial 1643 finished with value: 0.30870883503572044 and parameters: {'n_estimators': 903, 'max_depth': 6, 'learning_rate': 0.0748985941631429, 'subsample': 0.7685334749888638, 'colsample_bytree': 0.7177796988611471, 'min_child_weight': 2, 'gamma': 0.0007430157666701546, 'reg_alpha': 0.00012649374343670072, 'reg_lambda': 0.012961475986534614}. Best is trial 1319 with value: 0.30197738672869706.
[I 2024-12-04 17:57:44,695] Trial 1644 finished with value: 0.3166472908950147 and parameters: {'n_estimators': 900, 'max_depth': 6, 'learning_rate': 0.07540713676477194, 'subsample': 0.7695503369012311, 'colsample_bytree': 0.718007833253713, 'min_child_weight': 2, 'gamma': 0.0007770124715804217, 'reg_alpha': 0.0001352764411847103, 'reg_lambda': 0.014034498813219809}. Best is trial 1319 with value: 0.30197738672869706.
[I 2024-12-04 17:57:46,116] Trial 1645 finished with value: 0.3071432318198075 and parameters: {'n_estimators': 895, 'max_depth': 6, 'learning_rate': 0.0748027626803221, 'subsample': 0.7694505705037848, 'colsample_bytree': 0.7199527110298107, 'min_child_weight': 2, 'gamma': 0.000798055661568537, 'reg_alpha': 0.0001367802451827065, 'reg_lambda': 0.014188185543109686}. Best is trial 1319 with value: 0.30197738672869706.
[I 2024-12-04 17:57:47,517] Trial 1646 finished with value: 0.31009960192437885 and parameters: {'n_estimators': 903, 'max_depth': 6, 'learning_rate': 0.07437598446575004, 'subsample': 0.7686570286699919, 'colsample_bytree': 0.7175806063943135, 'min_child_weight': 2, 'gamma': 0.0007566800939980719, 'reg_alpha': 0.00010993757512350814, 'reg_lambda': 0.01320091664558893}. Best is trial 1319 with value: 0.30197738672869706.
[I 2024-12-04 17:57:48,913] Trial 1647 finished with value: 0.3206922305007183 and parameters: {'n_estimators': 901, 'max_depth': 6, 'learning_rate': 0.07543791309697347, 'subsample': 0.7678333891204787, 'colsample_bytree': 0.7174309394717026, 'min_child_weight': 2, 'gamma': 0.0007283339405616091, 'reg_alpha': 0.00012746868751343875, 'reg_lambda': 0.014050413747953397}. Best is trial 1319 with value: 0.30197738672869706.
[I 2024-12-04 17:57:50,316] Trial 1648 finished with value: 0.31504737213304096 and parameters: {'n_estimators': 899, 'max_depth': 6, 'learning_rate': 0.07510495488093225, 'subsample': 0.7681753961638564, 'colsample_bytree': 0.7174939805558558, 'min_child_weight': 2, 'gamma': 0.000759203644279729, 'reg_alpha': 0.00012685714158275582, 'reg_lambda': 0.014586356796693805}. Best is trial 1319 with value: 0.30197738672869706.
[I 2024-12-04 17:57:51,807] Trial 1649 finished with value: 0.31840034870859724 and parameters: {'n_estimators': 898, 'max_depth': 6, 'learning_rate': 0.07510326262295793, 'subsample': 0.7687761853111176, 'colsample_bytree': 0.7198825954981672, 'min_child_weight': 2, 'gamma': 0.0007489529469932541, 'reg_alpha': 0.00011948990198982899, 'reg_lambda': 0.013426528136130215}. Best is trial 1319 with value: 0.30197738672869706.
[I 2024-12-04 17:57:53,241] Trial 1650 finished with value: 0.3118111859651693 and parameters: {'n_estimators': 899, 'max_depth': 6, 'learning_rate': 0.07517822909901214, 'subsample': 0.7688521485522937, 'colsample_bytree': 0.7185863886935728, 'min_child_weight': 2, 'gamma': 0.0008230983414724623, 'reg_alpha': 0.0001484012105546316, 'reg_lambda': 0.014120646956475934}. Best is trial 1319 with value: 0.30197738672869706.
[I 2024-12-04 17:57:54,691] Trial 1651 finished with value: 0.31260163720910494 and parameters: {'n_estimators': 902, 'max_depth': 6, 'learning_rate': 0.07459731743752081, 'subsample': 0.7688522628694264, 'colsample_bytree': 0.7186793759195831, 'min_child_weight': 2, 'gamma': 0.0007243884822124074, 'reg_alpha': 0.00012266481856172118, 'reg_lambda': 0.013748818268669806}. Best is trial 1319 with value: 0.30197738672869706.
[I 2024-12-04 17:57:56,129] Trial 1652 finished with value: 0.31881283922240566 and parameters: {'n_estimators': 896, 'max_depth': 6, 'learning_rate': 0.07431360655008837, 'subsample': 0.769331837588129, 'colsample_bytree': 0.7200559394806291, 'min_child_weight': 2, 'gamma': 0.0007995343833984383, 'reg_alpha': 0.0001157806323223621, 'reg_lambda': 0.013683944474232658}. Best is trial 1319 with value: 0.30197738672869706.
[I 2024-12-04 17:57:57,549] Trial 1653 finished with value: 0.3084797634593538 and parameters: {'n_estimators': 900, 'max_depth': 6, 'learning_rate': 0.07497996661778263, 'subsample': 0.7686947621685083, 'colsample_bytree': 0.7171285755929389, 'min_child_weight': 2, 'gamma': 0.0008366596447241814, 'reg_alpha': 0.00013623813222577013, 'reg_lambda': 0.013380644332223574}. Best is trial 1319 with value: 0.30197738672869706.
[I 2024-12-04 17:57:58,958] Trial 1654 finished with value: 0.3146944243531309 and parameters: {'n_estimators': 898, 'max_depth': 6, 'learning_rate': 0.07440607915708028, 'subsample': 0.7687700331360094, 'colsample_bytree': 0.7176072670958755, 'min_child_weight': 2, 'gamma': 0.000842336417254331, 'reg_alpha': 0.00013644960822537625, 'reg_lambda': 0.013228358380320578}. Best is trial 1319 with value: 0.30197738672869706.
[I 2024-12-04 17:58:00,379] Trial 1655 finished with value: 0.3143627289784769 and parameters: {'n_estimators': 898, 'max_depth': 6, 'learning_rate': 0.07485247339780902, 'subsample': 0.7683427319072365, 'colsample_bytree': 0.7191308538522961, 'min_child_weight': 2, 'gamma': 0.0007714824706770387, 'reg_alpha': 0.00013415250885925073, 'reg_lambda': 0.014392212269179258}. Best is trial 1319 with value: 0.30197738672869706.
[I 2024-12-04 17:58:01,816] Trial 1656 finished with value: 0.31179350897775926 and parameters: {'n_estimators': 900, 'max_depth': 6, 'learning_rate': 0.07467795504231438, 'subsample': 0.7689261761774259, 'colsample_bytree': 0.7173970250611781, 'min_child_weight': 2, 'gamma': 0.000825549047460804, 'reg_alpha': 0.0001405706327390011, 'reg_lambda': 0.013271722819817753}. Best is trial 1319 with value: 0.30197738672869706.
[I 2024-12-04 17:58:03,373] Trial 1657 finished with value: 0.3117629318164007 and parameters: {'n_estimators': 903, 'max_depth': 6, 'learning_rate': 0.07480922292111254, 'subsample': 0.7683913329286755, 'colsample_bytree': 0.718322402623751, 'min_child_weight': 2, 'gamma': 0.0007318573017597531, 'reg_alpha': 0.00013112332577914853, 'reg_lambda': 0.013904021709759677}. Best is trial 1319 with value: 0.30197738672869706.
[I 2024-12-04 17:58:04,934] Trial 1658 finished with value: 0.3176095568048532 and parameters: {'n_estimators': 894, 'max_depth': 6, 'learning_rate': 0.07457647063227105, 'subsample': 0.7692107339780133, 'colsample_bytree': 0.7200739192428052, 'min_child_weight': 2, 'gamma': 0.0007712625834519603, 'reg_alpha': 0.00012366070039481367, 'reg_lambda': 0.014012529441279687}. Best is trial 1319 with value: 0.30197738672869706.
[I 2024-12-04 17:58:06,580] Trial 1659 finished with value: 0.31217481265704244 and parameters: {'n_estimators': 905, 'max_depth': 6, 'learning_rate': 0.0748509372255369, 'subsample': 0.7684749978364014, 'colsample_bytree': 0.7171062087263662, 'min_child_weight': 2, 'gamma': 0.0008074549538157243, 'reg_alpha': 0.0001351082475835196, 'reg_lambda': 0.013612303277124113}. Best is trial 1319 with value: 0.30197738672869706.
[I 2024-12-04 17:58:08,012] Trial 1660 finished with value: 0.31201846020692364 and parameters: {'n_estimators': 896, 'max_depth': 6, 'learning_rate': 0.07479060939545133, 'subsample': 0.7691455985382183, 'colsample_bytree': 0.7174407521620751, 'min_child_weight': 2, 'gamma': 0.0008145217016089089, 'reg_alpha': 0.00014270021433367063, 'reg_lambda': 0.01321013999893148}. Best is trial 1319 with value: 0.30197738672869706.
