[I 2024-12-19 20:33:24,830] Trial 1488 finished with value: 1.6843338012695312 and parameters: {'mlp_n_layers': 4, 'mlp_dim_00': 290, 'mlp_dim_01': 224, 'mlp_dim_02': 437, 'mlp_dim_03': 364, 'node_hidden_dim': 68, 'edge_hidden_dim': 81, 'depth': 1, 'rep_dropout': 0.07337041428669419, 'train_learning_rate': 0.00034184294845962917, 'train_lr_reduce': 0.6}. Best is trial 122 with value: 0.09548358619213104.
[I 2024-12-19 20:33:30,375] Trial 1489 finished with value: 1.6707799434661865 and parameters: {'mlp_n_layers': 3, 'mlp_dim_00': 331, 'mlp_dim_01': 422, 'mlp_dim_02': 476, 'node_hidden_dim': 65, 'edge_hidden_dim': 87, 'depth': 1, 'rep_dropout': 0.08178754814874703, 'train_learning_rate': 0.00030914747586968227, 'train_lr_reduce': 0.6}. Best is trial 122 with value: 0.09548358619213104.
[I 2024-12-19 20:33:30,624] Trial 1482 finished with value: 0.15724121034145355 and parameters: {'mlp_n_layers': 4, 'mlp_dim_00': 461, 'mlp_dim_01': 462, 'mlp_dim_02': 430, 'mlp_dim_03': 346, 'node_hidden_dim': 67, 'edge_hidden_dim': 61, 'depth': 1, 'rep_dropout': 0.08267442376386508, 'train_learning_rate': 0.0005321205097542583, 'train_lr_reduce': 0.6}. Best is trial 122 with value: 0.09548358619213104.
[I 2024-12-19 20:33:35,378] Trial 1490 finished with value: 1.6794428825378418 and parameters: {'mlp_n_layers': 3, 'mlp_dim_00': 346, 'mlp_dim_01': 482, 'mlp_dim_02': 430, 'node_hidden_dim': 67, 'edge_hidden_dim': 67, 'depth': 1, 'rep_dropout': 0.09623185398275641, 'train_learning_rate': 0.00019493767941654555, 'train_lr_reduce': 0.6}. Best is trial 122 with value: 0.09548358619213104.
[I 2024-12-19 20:33:41,676] Trial 1492 finished with value: 1.6769044399261475 and parameters: {'mlp_n_layers': 4, 'mlp_dim_00': 334, 'mlp_dim_01': 479, 'mlp_dim_02': 433, 'mlp_dim_03': 64, 'node_hidden_dim': 63, 'edge_hidden_dim': 63, 'depth': 2, 'rep_dropout': 0.09429001545858197, 'train_learning_rate': 0.000257297981400843, 'train_lr_reduce': 0.6}. Best is trial 122 with value: 0.09548358619213104.
[I 2024-12-19 20:33:57,953] Trial 1487 finished with value: 0.10432230681180954 and parameters: {'mlp_n_layers': 4, 'mlp_dim_00': 458, 'mlp_dim_01': 473, 'mlp_dim_02': 472, 'mlp_dim_03': 314, 'node_hidden_dim': 80, 'edge_hidden_dim': 49, 'depth': 1, 'rep_dropout': 0.11039400675273806, 'train_learning_rate': 0.000936319606331433, 'train_lr_reduce': 0.6}. Best is trial 122 with value: 0.09548358619213104.
[I 2024-12-19 20:34:04,157] Trial 1494 finished with value: 1.581079125404358 and parameters: {'mlp_n_layers': 1, 'mlp_dim_00': 286, 'node_hidden_dim': 94, 'edge_hidden_dim': 109, 'depth': 3, 'rep_dropout': 0.031641973800615626, 'train_learning_rate': 0.0010228332366175835, 'train_lr_reduce': 0.6}. Best is trial 122 with value: 0.09548358619213104.
[I 2024-12-19 20:34:10,551] Trial 1495 finished with value: 1.6889886856079102 and parameters: {'mlp_n_layers': 4, 'mlp_dim_00': 361, 'mlp_dim_01': 475, 'mlp_dim_02': 478, 'mlp_dim_03': 365, 'node_hidden_dim': 66, 'edge_hidden_dim': 73, 'depth': 2, 'rep_dropout': 0.12345343592948746, 'train_learning_rate': 0.00020512709808750138, 'train_lr_reduce': 0.6}. Best is trial 122 with value: 0.09548358619213104.
[I 2024-12-19 20:34:18,133] Trial 1491 finished with value: 0.18751581013202667 and parameters: {'mlp_n_layers': 4, 'mlp_dim_00': 510, 'mlp_dim_01': 265, 'mlp_dim_02': 477, 'mlp_dim_03': 356, 'node_hidden_dim': 76, 'edge_hidden_dim': 43, 'depth': 1, 'rep_dropout': 0.13941577480332917, 'train_learning_rate': 0.001319479464160493, 'train_lr_reduce': 0.6}. Best is trial 122 with value: 0.09548358619213104.
[I 2024-12-19 20:34:22,929] Trial 1497 finished with value: 1.6563541889190674 and parameters: {'mlp_n_layers': 3, 'mlp_dim_00': 403, 'mlp_dim_01': 482, 'mlp_dim_02': 512, 'node_hidden_dim': 74, 'edge_hidden_dim': 37, 'depth': 1, 'rep_dropout': 0.06343814641042049, 'train_learning_rate': 0.0005003822450549564, 'train_lr_reduce': 0.6}. Best is trial 122 with value: 0.09548358619213104.
[I 2024-12-19 20:34:26,157] Trial 1493 finished with value: 0.10926308482885361 and parameters: {'mlp_n_layers': 4, 'mlp_dim_00': 510, 'mlp_dim_01': 427, 'mlp_dim_02': 230, 'mlp_dim_03': 305, 'node_hidden_dim': 62, 'edge_hidden_dim': 64, 'depth': 1, 'rep_dropout': 0.10275579442678576, 'train_learning_rate': 0.0006012576510907414, 'train_lr_reduce': 0.6}. Best is trial 122 with value: 0.09548358619213104.
[I 2024-12-19 20:34:29,338] Trial 1498 finished with value: 1.6802903413772583 and parameters: {'mlp_n_layers': 4, 'mlp_dim_00': 499, 'mlp_dim_01': 271, 'mlp_dim_02': 420, 'mlp_dim_03': 510, 'node_hidden_dim': 71, 'edge_hidden_dim': 83, 'depth': 1, 'rep_dropout': 0.12333746956883963, 'train_learning_rate': 0.0004017787027454929, 'train_lr_reduce': 0.6}. Best is trial 122 with value: 0.09548358619213104.
[I 2024-12-19 20:34:52,996] Trial 1499 finished with value: 0.15819011628627777 and parameters: {'mlp_n_layers': 4, 'mlp_dim_00': 437, 'mlp_dim_01': 414, 'mlp_dim_02': 427, 'mlp_dim_03': 375, 'node_hidden_dim': 43, 'edge_hidden_dim': 78, 'depth': 1, 'rep_dropout': 0.11224155914171266, 'train_learning_rate': 0.0036214196519779567, 'train_lr_reduce': 0.6}. Best is trial 122 with value: 0.09548358619213104.
[I 2024-12-19 20:34:55,895] Trial 1496 finished with value: 0.1272060126066208 and parameters: {'mlp_n_layers': 4, 'mlp_dim_00': 425, 'mlp_dim_01': 410, 'mlp_dim_02': 512, 'mlp_dim_03': 383, 'node_hidden_dim': 60, 'edge_hidden_dim': 57, 'depth': 1, 'rep_dropout': 0.08905782800478936, 'train_learning_rate': 0.000353418048336117, 'train_lr_reduce': 0.6}. Best is trial 122 with value: 0.09548358619213104.
[I 2024-12-19 20:34:58,343] Trial 1501 finished with value: 1.6369061470031738 and parameters: {'mlp_n_layers': 3, 'mlp_dim_00': 511, 'mlp_dim_01': 440, 'mlp_dim_02': 280, 'node_hidden_dim': 79, 'edge_hidden_dim': 49, 'depth': 2, 'rep_dropout': 0.08072686413432348, 'train_learning_rate': 0.0014485129603917302, 'train_lr_reduce': 0.6}. Best is trial 122 with value: 0.09548358619213104.
[I 2024-12-19 20:34:59,000] Trial 1500 finished with value: 0.1639781892299652 and parameters: {'mlp_n_layers': 4, 'mlp_dim_00': 437, 'mlp_dim_01': 487, 'mlp_dim_02': 473, 'mlp_dim_03': 307, 'node_hidden_dim': 75, 'edge_hidden_dim': 46, 'depth': 1, 'rep_dropout': 0.07460202358346467, 'train_learning_rate': 0.0008866433008908711, 'train_lr_reduce': 0.6}. Best is trial 122 with value: 0.09548358619213104.
[I 2024-12-19 20:35:03,392] Trial 1503 finished with value: 1.6391648054122925 and parameters: {'mlp_n_layers': 2, 'mlp_dim_00': 457, 'mlp_dim_01': 309, 'node_hidden_dim': 92, 'edge_hidden_dim': 63, 'depth': 2, 'rep_dropout': 0.09991413652333414, 'train_learning_rate': 0.0010669583006932262, 'train_lr_reduce': 0.6}. Best is trial 122 with value: 0.09548358619213104.
[I 2024-12-19 20:35:04,427] Trial 1504 finished with value: 1.6560651063919067 and parameters: {'mlp_n_layers': 3, 'mlp_dim_00': 392, 'mlp_dim_01': 409, 'mlp_dim_02': 426, 'node_hidden_dim': 109, 'edge_hidden_dim': 57, 'depth': 2, 'rep_dropout': 0.12042543612629711, 'train_learning_rate': 0.001600373858485364, 'train_lr_reduce': 0.6}. Best is trial 122 with value: 0.09548358619213104.
[I 2024-12-19 20:35:08,092] Trial 1505 finished with value: 1.6254912614822388 and parameters: {'mlp_n_layers': 3, 'mlp_dim_00': 368, 'mlp_dim_01': 443, 'mlp_dim_02': 408, 'node_hidden_dim': 74, 'edge_hidden_dim': 77, 'depth': 1, 'rep_dropout': 0.08638275944220057, 'train_learning_rate': 0.0007299552086128837, 'train_lr_reduce': 0.6}. Best is trial 122 with value: 0.09548358619213104.
[I 2024-12-19 20:35:09,470] Trial 1506 finished with value: 1.6784844398498535 and parameters: {'mlp_n_layers': 4, 'mlp_dim_00': 480, 'mlp_dim_01': 512, 'mlp_dim_02': 437, 'mlp_dim_03': 380, 'node_hidden_dim': 83, 'edge_hidden_dim': 35, 'depth': 1, 'rep_dropout': 0.12085857155302941, 'train_learning_rate': 0.0002220678625319258, 'train_lr_reduce': 0.6}. Best is trial 122 with value: 0.09548358619213104.
[I 2024-12-19 20:35:11,696] Trial 1502 finished with value: 0.4616371989250183 and parameters: {'mlp_n_layers': 4, 'mlp_dim_00': 511, 'mlp_dim_01': 484, 'mlp_dim_02': 161, 'mlp_dim_03': 481, 'node_hidden_dim': 71, 'edge_hidden_dim': 56, 'depth': 1, 'rep_dropout': 0.08542745696043286, 'train_learning_rate': 0.0007451119729467756, 'train_lr_reduce': 0.6}. Best is trial 122 with value: 0.09548358619213104.
[I 2024-12-19 20:35:14,277] Trial 1507 finished with value: 1.678316354751587 and parameters: {'mlp_n_layers': 4, 'mlp_dim_00': 238, 'mlp_dim_01': 292, 'mlp_dim_02': 476, 'mlp_dim_03': 511, 'node_hidden_dim': 110, 'edge_hidden_dim': 50, 'depth': 4, 'rep_dropout': 0.06565274583251945, 'train_learning_rate': 0.00018686704632808767, 'train_lr_reduce': 0.6}. Best is trial 122 with value: 0.09548358619213104.
[I 2024-12-19 20:35:17,383] Trial 1509 finished with value: 1.6828913688659668 and parameters: {'mlp_n_layers': 4, 'mlp_dim_00': 106, 'mlp_dim_01': 222, 'mlp_dim_02': 512, 'mlp_dim_03': 330, 'node_hidden_dim': 89, 'edge_hidden_dim': 54, 'depth': 2, 'rep_dropout': 0.12848964663604984, 'train_learning_rate': 0.0005727930404086227, 'train_lr_reduce': 0.6}. Best is trial 122 with value: 0.09548358619213104.
[I 2024-12-19 20:35:22,423] Trial 1511 finished with value: 1.6300801038742065 and parameters: {'mlp_n_layers': 3, 'mlp_dim_00': 502, 'mlp_dim_01': 301, 'mlp_dim_02': 512, 'node_hidden_dim': 57, 'edge_hidden_dim': 62, 'depth': 1, 'rep_dropout': 0.13276250595582376, 'train_learning_rate': 0.0008738262857452183, 'train_lr_reduce': 0.6}. Best is trial 122 with value: 0.09548358619213104.
[I 2024-12-19 20:35:36,030] Trial 1512 finished with value: 1.3375722169876099 and parameters: {'mlp_n_layers': 3, 'mlp_dim_00': 184, 'mlp_dim_01': 449, 'mlp_dim_02': 314, 'node_hidden_dim': 43, 'edge_hidden_dim': 71, 'depth': 4, 'rep_dropout': 0.06356591184905776, 'train_learning_rate': 0.0022788729349195107, 'train_lr_reduce': 0.6}. Best is trial 122 with value: 0.09548358619213104.
[I 2024-12-19 20:35:41,237] Trial 1508 finished with value: 0.11717001348733902 and parameters: {'mlp_n_layers': 3, 'mlp_dim_00': 289, 'mlp_dim_01': 412, 'mlp_dim_02': 272, 'node_hidden_dim': 70, 'edge_hidden_dim': 63, 'depth': 1, 'rep_dropout': 0.11712168912759542, 'train_learning_rate': 0.001489976445473507, 'train_lr_reduce': 0.6}. Best is trial 122 with value: 0.09548358619213104.
[I 2024-12-19 20:35:42,326] Trial 1513 finished with value: 1.6818300485610962 and parameters: {'mlp_n_layers': 4, 'mlp_dim_00': 489, 'mlp_dim_01': 401, 'mlp_dim_02': 201, 'mlp_dim_03': 399, 'node_hidden_dim': 73, 'edge_hidden_dim': 53, 'depth': 2, 'rep_dropout': 0.10629246638199115, 'train_learning_rate': 0.00037492095849960206, 'train_lr_reduce': 0.6}. Best is trial 122 with value: 0.09548358619213104.
[I 2024-12-19 20:35:47,756] Trial 1514 finished with value: 1.6173051595687866 and parameters: {'mlp_n_layers': 4, 'mlp_dim_00': 377, 'mlp_dim_01': 477, 'mlp_dim_02': 441, 'mlp_dim_03': 476, 'node_hidden_dim': 65, 'edge_hidden_dim': 80, 'depth': 2, 'rep_dropout': 0.09001466123950962, 'train_learning_rate': 0.0013576278682570098, 'train_lr_reduce': 0.6}. Best is trial 122 with value: 0.09548358619213104.
[I 2024-12-19 20:35:53,646] Trial 1516 finished with value: 1.5600475072860718 and parameters: {'mlp_n_layers': 1, 'mlp_dim_00': 306, 'node_hidden_dim': 75, 'edge_hidden_dim': 88, 'depth': 1, 'rep_dropout': 0.14695828748930637, 'train_learning_rate': 0.0030308185346978487, 'train_lr_reduce': 0.6}. Best is trial 122 with value: 0.09548358619213104.
[I 2024-12-19 20:36:01,986] Trial 1515 finished with value: 0.27711644768714905 and parameters: {'mlp_n_layers': 4, 'mlp_dim_00': 361, 'mlp_dim_01': 440, 'mlp_dim_02': 397, 'mlp_dim_03': 443, 'node_hidden_dim': 67, 'edge_hidden_dim': 44, 'depth': 1, 'rep_dropout': 0.005462948580303578, 'train_learning_rate': 0.002148447863629173, 'train_lr_reduce': 0.6}. Best is trial 122 with value: 0.09548358619213104.
[I 2024-12-19 20:36:06,212] Trial 1510 finished with value: 0.278496116399765 and parameters: {'mlp_n_layers': 3, 'mlp_dim_00': 426, 'mlp_dim_01': 511, 'mlp_dim_02': 399, 'node_hidden_dim': 96, 'edge_hidden_dim': 105, 'depth': 2, 'rep_dropout': 0.14523751063425897, 'train_learning_rate': 0.0003384578775031237, 'train_lr_reduce': 0.6}. Best is trial 122 with value: 0.09548358619213104.
[I 2024-12-19 20:36:08,229] Trial 1518 finished with value: 1.6845003366470337 and parameters: {'mlp_n_layers': 2, 'mlp_dim_00': 511, 'mlp_dim_01': 332, 'node_hidden_dim': 51, 'edge_hidden_dim': 93, 'depth': 4, 'rep_dropout': 0.12983145396062573, 'train_learning_rate': 0.00014249843744964114, 'train_lr_reduce': 0.6}. Best is trial 122 with value: 0.09548358619213104.
[I 2024-12-19 20:36:11,121] Trial 1519 finished with value: 1.556166172027588 and parameters: {'mlp_n_layers': 1, 'mlp_dim_00': 483, 'node_hidden_dim': 40, 'edge_hidden_dim': 68, 'depth': 2, 'rep_dropout': 0.1314712507367869, 'train_learning_rate': 0.002345778847282031, 'train_lr_reduce': 0.6}. Best is trial 122 with value: 0.09548358619213104.
[I 2024-12-19 20:36:13,730] Trial 1520 finished with value: 1.6792395114898682 and parameters: {'mlp_n_layers': 3, 'mlp_dim_00': 373, 'mlp_dim_01': 402, 'mlp_dim_02': 307, 'node_hidden_dim': 57, 'edge_hidden_dim': 98, 'depth': 2, 'rep_dropout': 0.13517304422705392, 'train_learning_rate': 0.00025740519363157566, 'train_lr_reduce': 0.6}. Best is trial 122 with value: 0.09548358619213104.
[I 2024-12-19 20:36:40,097] Trial 1517 finished with value: 0.5184510350227356 and parameters: {'mlp_n_layers': 3, 'mlp_dim_00': 86, 'mlp_dim_01': 511, 'mlp_dim_02': 465, 'node_hidden_dim': 101, 'edge_hidden_dim': 57, 'depth': 1, 'rep_dropout': 0.13455963090208384, 'train_learning_rate': 0.00711182427222625, 'train_lr_reduce': 0.6}. Best is trial 122 with value: 0.09548358619213104.
[I 2024-12-19 20:36:44,904] Trial 1521 finished with value: 0.11967525631189346 and parameters: {'mlp_n_layers': 4, 'mlp_dim_00': 373, 'mlp_dim_01': 446, 'mlp_dim_02': 392, 'mlp_dim_03': 476, 'node_hidden_dim': 92, 'edge_hidden_dim': 73, 'depth': 1, 'rep_dropout': 0.08517084192343506, 'train_learning_rate': 0.00045749569189764723, 'train_lr_reduce': 0.6}. Best is trial 122 with value: 0.09548358619213104.
[I 2024-12-19 20:36:45,779] Trial 1523 finished with value: 1.6751164197921753 and parameters: {'mlp_n_layers': 4, 'mlp_dim_00': 355, 'mlp_dim_01': 373, 'mlp_dim_02': 351, 'mlp_dim_03': 355, 'node_hidden_dim': 78, 'edge_hidden_dim': 67, 'depth': 1, 'rep_dropout': 0.1023577543732489, 'train_learning_rate': 0.00028538020840440843, 'train_lr_reduce': 0.6}. Best is trial 122 with value: 0.09548358619213104.
[I 2024-12-19 20:36:51,298] Trial 1525 finished with value: 1.6441103219985962 and parameters: {'mlp_n_layers': 4, 'mlp_dim_00': 454, 'mlp_dim_01': 292, 'mlp_dim_02': 437, 'mlp_dim_03': 409, 'node_hidden_dim': 76, 'edge_hidden_dim': 34, 'depth': 1, 'rep_dropout': 0.11089040281683918, 'train_learning_rate': 0.0012717684847665504, 'train_lr_reduce': 0.6}. Best is trial 122 with value: 0.09548358619213104.
[I 2024-12-19 20:36:58,951] Trial 1526 finished with value: 1.6401995420455933 and parameters: {'mlp_n_layers': 2, 'mlp_dim_00': 186, 'mlp_dim_01': 334, 'node_hidden_dim': 116, 'edge_hidden_dim': 99, 'depth': 4, 'rep_dropout': 0.0005229646354534684, 'train_learning_rate': 0.0015367488197827897, 'train_lr_reduce': 0.6}. Best is trial 122 with value: 0.09548358619213104.
[I 2024-12-19 20:37:00,498] Trial 1522 finished with value: 0.1206137090921402 and parameters: {'mlp_n_layers': 4, 'mlp_dim_00': 213, 'mlp_dim_01': 266, 'mlp_dim_02': 466, 'mlp_dim_03': 397, 'node_hidden_dim': 101, 'edge_hidden_dim': 119, 'depth': 1, 'rep_dropout': 0.04685323021527375, 'train_learning_rate': 0.004677973365584514, 'train_lr_reduce': 0.6}. Best is trial 122 with value: 0.09548358619213104.
[I 2024-12-19 20:37:06,467] Trial 1528 finished with value: 1.6808034181594849 and parameters: {'mlp_n_layers': 4, 'mlp_dim_00': 504, 'mlp_dim_01': 480, 'mlp_dim_02': 390, 'mlp_dim_03': 304, 'node_hidden_dim': 49, 'edge_hidden_dim': 71, 'depth': 2, 'rep_dropout': 0.14170921102242892, 'train_learning_rate': 0.0005291184649969851, 'train_lr_reduce': 0.6}. Best is trial 122 with value: 0.09548358619213104.
[I 2024-12-19 20:37:12,003] Trial 1529 finished with value: 1.593664526939392 and parameters: {'mlp_n_layers': 4, 'mlp_dim_00': 408, 'mlp_dim_01': 377, 'mlp_dim_02': 473, 'mlp_dim_03': 482, 'node_hidden_dim': 81, 'edge_hidden_dim': 33, 'depth': 1, 'rep_dropout': 0.04237882231871637, 'train_learning_rate': 0.001986596937386288, 'train_lr_reduce': 0.6}. Best is trial 122 with value: 0.09548358619213104.
[I 2024-12-19 20:37:16,848] Trial 1527 finished with value: 0.6588971018791199 and parameters: {'mlp_n_layers': 4, 'mlp_dim_00': 352, 'mlp_dim_01': 408, 'mlp_dim_02': 295, 'mlp_dim_03': 442, 'node_hidden_dim': 91, 'edge_hidden_dim': 60, 'depth': 2, 'rep_dropout': 0.09310429189543788, 'train_learning_rate': 0.0008850630956534843, 'train_lr_reduce': 0.6}. Best is trial 122 with value: 0.09548358619213104.
[I 2024-12-19 20:37:17,009] Trial 1530 finished with value: 1.6629014015197754 and parameters: {'mlp_n_layers': 4, 'mlp_dim_00': 497, 'mlp_dim_01': 438, 'mlp_dim_02': 334, 'mlp_dim_03': 359, 'node_hidden_dim': 93, 'edge_hidden_dim': 50, 'depth': 2, 'rep_dropout': 0.10844129969596067, 'train_learning_rate': 0.0008193542434680909, 'train_lr_reduce': 0.6}. Best is trial 122 with value: 0.09548358619213104.
[I 2024-12-19 20:37:21,504] Trial 1531 finished with value: 1.6492536067962646 and parameters: {'mlp_n_layers': 1, 'mlp_dim_00': 508, 'node_hidden_dim': 86, 'edge_hidden_dim': 94, 'depth': 3, 'rep_dropout': 0.042300379466859786, 'train_learning_rate': 0.00017301902377121436, 'train_lr_reduce': 0.6}. Best is trial 122 with value: 0.09548358619213104.
[I 2024-12-19 20:37:22,293] Trial 1532 finished with value: 1.6800708770751953 and parameters: {'mlp_n_layers': 4, 'mlp_dim_00': 390, 'mlp_dim_01': 483, 'mlp_dim_02': 406, 'mlp_dim_03': 434, 'node_hidden_dim': 48, 'edge_hidden_dim': 82, 'depth': 2, 'rep_dropout': 0.09939656650988023, 'train_learning_rate': 0.00034423955666298105, 'train_lr_reduce': 0.6}. Best is trial 122 with value: 0.09548358619213104.
[I 2024-12-19 20:37:26,470] Trial 1533 finished with value: 1.6476705074310303 and parameters: {'mlp_n_layers': 3, 'mlp_dim_00': 312, 'mlp_dim_01': 307, 'mlp_dim_02': 257, 'node_hidden_dim': 122, 'edge_hidden_dim': 47, 'depth': 2, 'rep_dropout': 0.11272354874063818, 'train_learning_rate': 0.0007722482042478487, 'train_lr_reduce': 0.6}. Best is trial 122 with value: 0.09548358619213104.
[I 2024-12-19 20:37:27,286] Trial 1534 finished with value: 1.6791646480560303 and parameters: {'mlp_n_layers': 3, 'mlp_dim_00': 488, 'mlp_dim_01': 349, 'mlp_dim_02': 169, 'node_hidden_dim': 68, 'edge_hidden_dim': 44, 'depth': 2, 'rep_dropout': 0.1439409127592437, 'train_learning_rate': 0.00038023881011172377, 'train_lr_reduce': 0.6}. Best is trial 122 with value: 0.09548358619213104.
[I 2024-12-19 20:37:28,072] Trial 1524 finished with value: 0.10562580078840256 and parameters: {'mlp_n_layers': 4, 'mlp_dim_00': 314, 'mlp_dim_01': 476, 'mlp_dim_02': 512, 'mlp_dim_03': 474, 'node_hidden_dim': 70, 'edge_hidden_dim': 68, 'depth': 1, 'rep_dropout': 0.07715907206689546, 'train_learning_rate': 0.0005848704642130627, 'train_lr_reduce': 0.6}. Best is trial 122 with value: 0.09548358619213104.
[I 2024-12-19 20:38:06,019] Trial 1537 finished with value: 0.1600726991891861 and parameters: {'mlp_n_layers': 4, 'mlp_dim_00': 66, 'mlp_dim_01': 447, 'mlp_dim_02': 314, 'mlp_dim_03': 401, 'node_hidden_dim': 77, 'edge_hidden_dim': 70, 'depth': 1, 'rep_dropout': 0.09704294040345879, 'train_learning_rate': 0.0017541217910917953, 'train_lr_reduce': 0.6}. Best is trial 122 with value: 0.09548358619213104.
[I 2024-12-19 20:38:11,389] Trial 1538 finished with value: 1.6364548206329346 and parameters: {'mlp_n_layers': 4, 'mlp_dim_00': 490, 'mlp_dim_01': 250, 'mlp_dim_02': 367, 'mlp_dim_03': 512, 'node_hidden_dim': 36, 'edge_hidden_dim': 58, 'depth': 1, 'rep_dropout': 0.10559944900861325, 'train_learning_rate': 0.001814470667701173, 'train_lr_reduce': 0.6}. Best is trial 122 with value: 0.09548358619213104.
[I 2024-12-19 20:38:13,828] Trial 1536 finished with value: 0.12065030634403229 and parameters: {'mlp_n_layers': 4, 'mlp_dim_00': 346, 'mlp_dim_01': 511, 'mlp_dim_02': 439, 'mlp_dim_03': 482, 'node_hidden_dim': 70, 'edge_hidden_dim': 87, 'depth': 1, 'rep_dropout': 0.11254893304687734, 'train_learning_rate': 0.0002880778615725688, 'train_lr_reduce': 0.6}. Best is trial 122 with value: 0.09548358619213104.
[I 2024-12-19 20:38:15,880] Trial 1535 finished with value: 0.12774915993213654 and parameters: {'mlp_n_layers': 3, 'mlp_dim_00': 422, 'mlp_dim_01': 399, 'mlp_dim_02': 365, 'node_hidden_dim': 101, 'edge_hidden_dim': 65, 'depth': 1, 'rep_dropout': 0.12416125128324956, 'train_learning_rate': 0.0003063483753769551, 'train_lr_reduce': 0.6}. Best is trial 122 with value: 0.09548358619213104.
[I 2024-12-19 20:38:36,599] Trial 1539 finished with value: 0.309284508228302 and parameters: {'mlp_n_layers': 4, 'mlp_dim_00': 335, 'mlp_dim_01': 443, 'mlp_dim_02': 466, 'mlp_dim_03': 441, 'node_hidden_dim': 107, 'edge_hidden_dim': 44, 'depth': 1, 'rep_dropout': 0.1134034502540922, 'train_learning_rate': 0.002095269731808347, 'train_lr_reduce': 0.6}. Best is trial 122 with value: 0.09548358619213104.
[I 2024-12-19 20:38:58,858] Trial 1540 finished with value: 0.10010424256324768 and parameters: {'mlp_n_layers': 4, 'mlp_dim_00': 481, 'mlp_dim_01': 336, 'mlp_dim_02': 391, 'mlp_dim_03': 311, 'node_hidden_dim': 87, 'edge_hidden_dim': 41, 'depth': 1, 'rep_dropout': 0.08859586620163262, 'train_learning_rate': 0.0005945098367148897, 'train_lr_reduce': 0.6}. Best is trial 122 with value: 0.09548358619213104.
