[I 2024-12-26 10:20:56,426] Trial 2411 finished with value: 0.09552860260009766 and parameters: {'L1_hidden_dim': 176, 'L1_layers_atom': 2, 'L1_layers_mol': 2, 'L1_dropout': 0.28829840422884645, 'L1_out_dim': 64, 'L2_hidden_dim': 96, 'L2_layers_atom': 1, 'L2_layers_mol': 3, 'L2_out_dim': 96, 'L2_dropout': 0.1333175154134639, 'L3_hidden_dim': 128, 'L3_layers_atom': 1, 'L3_layers_mol': 3, 'L3_out_dim': 48, 'L3_dropout': 0.026121236880372906, 'n_mlp_layers': 2, 'mlp_dim_0': 408, 'mlp_dim_1': 440, 'num_heads': 2, 'final_dropout': 0.19436655119204313, 'train_learning_rate': 0.006703439947536218, 'train_lr_reduce': 0.6}. Best is trial 1286 with value: 0.03935658559203148.
[I 2024-12-26 10:20:57,138] Trial 2409 finished with value: 0.09170489013195038 and parameters: {'L1_hidden_dim': 240, 'L1_layers_atom': 1, 'L1_layers_mol': 3, 'L1_dropout': 0.23739257282555692, 'L1_out_dim': 128, 'L2_hidden_dim': 256, 'L2_layers_atom': 4, 'L2_layers_mol': 1, 'L2_out_dim': 128, 'L2_dropout': 0.16560081758696335, 'L3_hidden_dim': 32, 'L3_layers_atom': 3, 'L3_layers_mol': 2, 'L3_out_dim': 112, 'L3_dropout': 0.019283635212174077, 'n_mlp_layers': 3, 'mlp_dim_0': 80, 'mlp_dim_1': 408, 'mlp_dim_2': 288, 'num_heads': 2, 'final_dropout': 0.10056586499439318, 'train_learning_rate': 0.0016963687144685114, 'train_lr_reduce': 0.6}. Best is trial 1286 with value: 0.03935658559203148.
[I 2024-12-26 10:21:59,778] Trial 2413 finished with value: 0.09096049517393112 and parameters: {'L1_hidden_dim': 128, 'L1_layers_atom': 1, 'L1_layers_mol': 2, 'L1_dropout': 0.005518152696216916, 'L1_out_dim': 48, 'L2_hidden_dim': 224, 'L2_layers_atom': 1, 'L2_layers_mol': 1, 'L2_out_dim': 128, 'L2_dropout': 0.16359745979228446, 'L3_hidden_dim': 64, 'L3_layers_atom': 3, 'L3_layers_mol': 1, 'L3_out_dim': 32, 'L3_dropout': 0.2605288981238123, 'n_mlp_layers': 1, 'mlp_dim_0': 472, 'num_heads': 2, 'final_dropout': 0.17125901643002372, 'train_learning_rate': 0.0013281543399397448, 'train_lr_reduce': 0.6}. Best is trial 1286 with value: 0.03935658559203148.
[I 2024-12-26 10:22:04,299] Trial 2412 finished with value: 0.09793209284543991 and parameters: {'L1_hidden_dim': 64, 'L1_layers_atom': 3, 'L1_layers_mol': 3, 'L1_dropout': 0.161147116073921, 'L1_out_dim': 64, 'L2_hidden_dim': 176, 'L2_layers_atom': 2, 'L2_layers_mol': 4, 'L2_out_dim': 80, 'L2_dropout': 0.03478892685808519, 'L3_hidden_dim': 64, 'L3_layers_atom': 4, 'L3_layers_mol': 1, 'L3_out_dim': 32, 'L3_dropout': 0.29970620932112035, 'n_mlp_layers': 2, 'mlp_dim_0': 144, 'mlp_dim_1': 296, 'num_heads': 1, 'final_dropout': 0.042386333292635754, 'train_learning_rate': 0.004507198708898443, 'train_lr_reduce': 0.6}. Best is trial 1286 with value: 0.03935658559203148.
[I 2024-12-26 10:22:21,823] Trial 2414 finished with value: 0.07600137591362 and parameters: {'L1_hidden_dim': 80, 'L1_layers_atom': 3, 'L1_layers_mol': 3, 'L1_dropout': 0.23545280311777356, 'L1_out_dim': 32, 'L2_hidden_dim': 160, 'L2_layers_atom': 2, 'L2_layers_mol': 2, 'L2_out_dim': 96, 'L2_dropout': 0.035766028376820566, 'L3_hidden_dim': 128, 'L3_layers_atom': 3, 'L3_layers_mol': 1, 'L3_out_dim': 32, 'L3_dropout': 0.18083127677057304, 'n_mlp_layers': 3, 'mlp_dim_0': 232, 'mlp_dim_1': 512, 'mlp_dim_2': 104, 'num_heads': 1, 'final_dropout': 0.17393026679310608, 'train_learning_rate': 0.0008399319085285952, 'train_lr_reduce': 0.6}. Best is trial 1286 with value: 0.03935658559203148.
[I 2024-12-26 10:23:11,732] Trial 2417 finished with value: 0.10615398734807968 and parameters: {'L1_hidden_dim': 96, 'L1_layers_atom': 4, 'L1_layers_mol': 3, 'L1_dropout': 0.24143115692578263, 'L1_out_dim': 80, 'L2_hidden_dim': 176, 'L2_layers_atom': 1, 'L2_layers_mol': 1, 'L2_out_dim': 128, 'L2_dropout': 0.14735712171050935, 'L3_hidden_dim': 64, 'L3_layers_atom': 4, 'L3_layers_mol': 1, 'L3_out_dim': 112, 'L3_dropout': 0.2416102907235964, 'n_mlp_layers': 2, 'mlp_dim_0': 72, 'mlp_dim_1': 344, 'num_heads': 2, 'final_dropout': 0.052961045820787214, 'train_learning_rate': 0.0042605536715422075, 'train_lr_reduce': 0.6}. Best is trial 1286 with value: 0.03935658559203148.
[I 2024-12-26 10:23:16,767] Trial 2415 finished with value: 0.091790109872818 and parameters: {'L1_hidden_dim': 224, 'L1_layers_atom': 4, 'L1_layers_mol': 2, 'L1_dropout': 0.07962281504656497, 'L1_out_dim': 96, 'L2_hidden_dim': 64, 'L2_layers_atom': 1, 'L2_layers_mol': 3, 'L2_out_dim': 80, 'L2_dropout': 0.2611377264419981, 'L3_hidden_dim': 48, 'L3_layers_atom': 4, 'L3_layers_mol': 2, 'L3_out_dim': 96, 'L3_dropout': 0.09367247791019781, 'n_mlp_layers': 3, 'mlp_dim_0': 200, 'mlp_dim_1': 376, 'mlp_dim_2': 64, 'num_heads': 2, 'final_dropout': 0.05788426864213152, 'train_learning_rate': 0.004193211233619291, 'train_lr_reduce': 0.6}. Best is trial 1286 with value: 0.03935658559203148.
[I 2024-12-26 10:23:44,791] Trial 2416 finished with value: 0.06539060920476913 and parameters: {'L1_hidden_dim': 80, 'L1_layers_atom': 4, 'L1_layers_mol': 3, 'L1_dropout': 0.25981186737803846, 'L1_out_dim': 32, 'L2_hidden_dim': 64, 'L2_layers_atom': 2, 'L2_layers_mol': 2, 'L2_out_dim': 64, 'L2_dropout': 0.003720991694319397, 'L3_hidden_dim': 128, 'L3_layers_atom': 4, 'L3_layers_mol': 1, 'L3_out_dim': 48, 'L3_dropout': 0.1658638046825315, 'n_mlp_layers': 3, 'mlp_dim_0': 48, 'mlp_dim_1': 448, 'mlp_dim_2': 144, 'num_heads': 1, 'final_dropout': 0.07450889321833211, 'train_learning_rate': 0.00504985929405333, 'train_lr_reduce': 0.6}. Best is trial 1286 with value: 0.03935658559203148.
[I 2024-12-26 10:24:02,773] Trial 2420 finished with value: 0.9693812727928162 and parameters: {'L1_hidden_dim': 64, 'L1_layers_atom': 2, 'L1_layers_mol': 2, 'L1_dropout': 0.2786737575143713, 'L1_out_dim': 80, 'L2_hidden_dim': 208, 'L2_layers_atom': 1, 'L2_layers_mol': 3, 'L2_out_dim': 80, 'L2_dropout': 0.06961583749060729, 'L3_hidden_dim': 48, 'L3_layers_atom': 3, 'L3_layers_mol': 3, 'L3_out_dim': 96, 'L3_dropout': 0.2372109075504389, 'n_mlp_layers': 1, 'mlp_dim_0': 112, 'num_heads': 1, 'final_dropout': 0.17770157206587206, 'train_learning_rate': 0.00569419114036974, 'train_lr_reduce': 0.6}. Best is trial 1286 with value: 0.03935658559203148.
[I 2024-12-26 10:24:32,736] Trial 2421 finished with value: 0.5116832256317139 and parameters: {'L1_hidden_dim': 144, 'L1_layers_atom': 2, 'L1_layers_mol': 3, 'L1_dropout': 0.278726262389374, 'L1_out_dim': 96, 'L2_hidden_dim': 96, 'L2_layers_atom': 2, 'L2_layers_mol': 2, 'L2_out_dim': 96, 'L2_dropout': 0.004906862311639362, 'L3_hidden_dim': 112, 'L3_layers_atom': 3, 'L3_layers_mol': 1, 'L3_out_dim': 112, 'L3_dropout': 0.13420842922388102, 'n_mlp_layers': 2, 'mlp_dim_0': 472, 'mlp_dim_1': 408, 'num_heads': 1, 'final_dropout': 0.11552298125815873, 'train_learning_rate': 0.004655299862771088, 'train_lr_reduce': 0.6}. Best is trial 1286 with value: 0.03935658559203148.
[I 2024-12-26 10:24:52,945] Trial 2418 finished with value: 0.07557306438684464 and parameters: {'L1_hidden_dim': 176, 'L1_layers_atom': 1, 'L1_layers_mol': 3, 'L1_dropout': 0.2954364980055402, 'L1_out_dim': 128, 'L2_hidden_dim': 208, 'L2_layers_atom': 1, 'L2_layers_mol': 4, 'L2_out_dim': 128, 'L2_dropout': 0.1390366322120205, 'L3_hidden_dim': 128, 'L3_layers_atom': 2, 'L3_layers_mol': 1, 'L3_out_dim': 128, 'L3_dropout': 0.16765042990824996, 'n_mlp_layers': 2, 'mlp_dim_0': 288, 'mlp_dim_1': 408, 'num_heads': 1, 'final_dropout': 0.1552053279209225, 'train_learning_rate': 0.0012288990898636127, 'train_lr_reduce': 0.6}. Best is trial 1286 with value: 0.03935658559203148.
[I 2024-12-26 10:25:05,485] Trial 2419 finished with value: 0.08386809378862381 and parameters: {'L1_hidden_dim': 112, 'L1_layers_atom': 2, 'L1_layers_mol': 3, 'L1_dropout': 0.22946935137122643, 'L1_out_dim': 128, 'L2_hidden_dim': 192, 'L2_layers_atom': 1, 'L2_layers_mol': 4, 'L2_out_dim': 128, 'L2_dropout': 0.26962359337716985, 'L3_hidden_dim': 112, 'L3_layers_atom': 2, 'L3_layers_mol': 2, 'L3_out_dim': 80, 'L3_dropout': 0.005237916318468039, 'n_mlp_layers': 3, 'mlp_dim_0': 256, 'mlp_dim_1': 480, 'mlp_dim_2': 112, 'num_heads': 2, 'final_dropout': 0.23650238819122238, 'train_learning_rate': 0.0038989106884781094, 'train_lr_reduce': 0.6}. Best is trial 1286 with value: 0.03935658559203148.
[I 2024-12-26 10:25:48,666] Trial 2423 finished with value: 0.11351324617862701 and parameters: {'L1_hidden_dim': 80, 'L1_layers_atom': 4, 'L1_layers_mol': 3, 'L1_dropout': 0.2816497636136323, 'L1_out_dim': 48, 'L2_hidden_dim': 144, 'L2_layers_atom': 2, 'L2_layers_mol': 3, 'L2_out_dim': 48, 'L2_dropout': 0.052034438824779414, 'L3_hidden_dim': 112, 'L3_layers_atom': 4, 'L3_layers_mol': 1, 'L3_out_dim': 48, 'L3_dropout': 0.24761174565196342, 'n_mlp_layers': 3, 'mlp_dim_0': 304, 'mlp_dim_1': 240, 'mlp_dim_2': 72, 'num_heads': 1, 'final_dropout': 0.00862784392515946, 'train_learning_rate': 0.007059837943401665, 'train_lr_reduce': 0.6}. Best is trial 1286 with value: 0.03935658559203148.
[I 2024-12-26 10:26:06,277] Trial 2422 finished with value: 0.04924600571393967 and parameters: {'L1_hidden_dim': 80, 'L1_layers_atom': 4, 'L1_layers_mol': 4, 'L1_dropout': 0.19811957119210494, 'L1_out_dim': 112, 'L2_hidden_dim': 144, 'L2_layers_atom': 1, 'L2_layers_mol': 1, 'L2_out_dim': 96, 'L2_dropout': 0.009211947420638324, 'L3_hidden_dim': 112, 'L3_layers_atom': 4, 'L3_layers_mol': 2, 'L3_out_dim': 48, 'L3_dropout': 0.17827745161198597, 'n_mlp_layers': 2, 'mlp_dim_0': 184, 'mlp_dim_1': 320, 'num_heads': 1, 'final_dropout': 0.12287234262238605, 'train_learning_rate': 0.003109400955688065, 'train_lr_reduce': 0.6}. Best is trial 1286 with value: 0.03935658559203148.
[I 2024-12-26 10:26:28,931] Trial 2424 finished with value: 0.08901216834783554 and parameters: {'L1_hidden_dim': 256, 'L1_layers_atom': 2, 'L1_layers_mol': 1, 'L1_dropout': 0.20697146858372087, 'L1_out_dim': 64, 'L2_hidden_dim': 144, 'L2_layers_atom': 3, 'L2_layers_mol': 2, 'L2_out_dim': 128, 'L2_dropout': 0.1388534029129271, 'L3_hidden_dim': 80, 'L3_layers_atom': 4, 'L3_layers_mol': 2, 'L3_out_dim': 96, 'L3_dropout': 0.1671250752034998, 'n_mlp_layers': 2, 'mlp_dim_0': 40, 'mlp_dim_1': 448, 'num_heads': 1, 'final_dropout': 0.2027821408955715, 'train_learning_rate': 0.004788127029850571, 'train_lr_reduce': 0.6}. Best is trial 1286 with value: 0.03935658559203148.
[I 2024-12-26 10:26:48,402] Trial 2425 finished with value: 0.10138913989067078 and parameters: {'L1_hidden_dim': 64, 'L1_layers_atom': 4, 'L1_layers_mol': 4, 'L1_dropout': 0.2997007458496283, 'L1_out_dim': 48, 'L2_hidden_dim': 128, 'L2_layers_atom': 2, 'L2_layers_mol': 3, 'L2_out_dim': 32, 'L2_dropout': 0.08126032640139726, 'L3_hidden_dim': 112, 'L3_layers_atom': 4, 'L3_layers_mol': 1, 'L3_out_dim': 32, 'L3_dropout': 0.135002240359114, 'n_mlp_layers': 3, 'mlp_dim_0': 168, 'mlp_dim_1': 368, 'mlp_dim_2': 256, 'num_heads': 1, 'final_dropout': 0.02044602656852972, 'train_learning_rate': 0.00449023302711404, 'train_lr_reduce': 0.6}. Best is trial 1286 with value: 0.03935658559203148.
[I 2024-12-26 10:27:05,396] Trial 2426 finished with value: 0.07142938673496246 and parameters: {'L1_hidden_dim': 96, 'L1_layers_atom': 4, 'L1_layers_mol': 4, 'L1_dropout': 0.2777972894961203, 'L1_out_dim': 112, 'L2_hidden_dim': 160, 'L2_layers_atom': 1, 'L2_layers_mol': 1, 'L2_out_dim': 96, 'L2_dropout': 0.04377446288300431, 'L3_hidden_dim': 96, 'L3_layers_atom': 4, 'L3_layers_mol': 2, 'L3_out_dim': 32, 'L3_dropout': 0.1903555151818422, 'n_mlp_layers': 2, 'mlp_dim_0': 240, 'mlp_dim_1': 352, 'num_heads': 1, 'final_dropout': 0.14692888190480233, 'train_learning_rate': 0.0027895986669860583, 'train_lr_reduce': 0.6}. Best is trial 1286 with value: 0.03935658559203148.
[I 2024-12-26 10:27:42,920] Trial 2428 finished with value: 0.08170169591903687 and parameters: {'L1_hidden_dim': 128, 'L1_layers_atom': 4, 'L1_layers_mol': 3, 'L1_dropout': 0.23049164344206585, 'L1_out_dim': 64, 'L2_hidden_dim': 128, 'L2_layers_atom': 1, 'L2_layers_mol': 1, 'L2_out_dim': 128, 'L2_dropout': 0.0603021996131304, 'L3_hidden_dim': 80, 'L3_layers_atom': 3, 'L3_layers_mol': 1, 'L3_out_dim': 80, 'L3_dropout': 0.27509726136103957, 'n_mlp_layers': 2, 'mlp_dim_0': 32, 'mlp_dim_1': 480, 'num_heads': 2, 'final_dropout': 0.1800022432787845, 'train_learning_rate': 0.0026190008763070064, 'train_lr_reduce': 0.6}. Best is trial 1286 with value: 0.03935658559203148.
[I 2024-12-26 10:27:45,697] Trial 2427 finished with value: 0.09983133524656296 and parameters: {'L1_hidden_dim': 80, 'L1_layers_atom': 3, 'L1_layers_mol': 3, 'L1_dropout': 0.26508361311159984, 'L1_out_dim': 128, 'L2_hidden_dim': 224, 'L2_layers_atom': 1, 'L2_layers_mol': 2, 'L2_out_dim': 48, 'L2_dropout': 0.05231715188299557, 'L3_hidden_dim': 32, 'L3_layers_atom': 3, 'L3_layers_mol': 2, 'L3_out_dim': 112, 'L3_dropout': 0.2750278993086253, 'n_mlp_layers': 2, 'mlp_dim_0': 264, 'mlp_dim_1': 384, 'num_heads': 1, 'final_dropout': 0.05469994821087941, 'train_learning_rate': 0.0025939402091088738, 'train_lr_reduce': 0.6}. Best is trial 1286 with value: 0.03935658559203148.
[I 2024-12-26 10:28:49,901] Trial 2429 finished with value: 0.0987255722284317 and parameters: {'L1_hidden_dim': 192, 'L1_layers_atom': 1, 'L1_layers_mol': 3, 'L1_dropout': 0.23430036852588138, 'L1_out_dim': 64, 'L2_hidden_dim': 112, 'L2_layers_atom': 4, 'L2_layers_mol': 1, 'L2_out_dim': 64, 'L2_dropout': 0.01589720605174999, 'L3_hidden_dim': 48, 'L3_layers_atom': 4, 'L3_layers_mol': 3, 'L3_out_dim': 64, 'L3_dropout': 0.20326646955865635, 'n_mlp_layers': 1, 'mlp_dim_0': 504, 'num_heads': 2, 'final_dropout': 0.0413803217055064, 'train_learning_rate': 0.0005005639392372116, 'train_lr_reduce': 0.6}. Best is trial 1286 with value: 0.03935658559203148.
[I 2024-12-26 10:29:14,648] Trial 2430 finished with value: 0.08319404721260071 and parameters: {'L1_hidden_dim': 112, 'L1_layers_atom': 4, 'L1_layers_mol': 2, 'L1_dropout': 0.19539991556002007, 'L1_out_dim': 128, 'L2_hidden_dim': 144, 'L2_layers_atom': 2, 'L2_layers_mol': 3, 'L2_out_dim': 128, 'L2_dropout': 0.06611619876078043, 'L3_hidden_dim': 96, 'L3_layers_atom': 2, 'L3_layers_mol': 1, 'L3_out_dim': 112, 'L3_dropout': 0.26000962507608566, 'n_mlp_layers': 3, 'mlp_dim_0': 256, 'mlp_dim_1': 328, 'mlp_dim_2': 344, 'num_heads': 1, 'final_dropout': 0.11405589165538323, 'train_learning_rate': 0.000437785653856076, 'train_lr_reduce': 0.6}. Best is trial 1286 with value: 0.03935658559203148.
[I 2024-12-26 10:29:47,460] Trial 2431 finished with value: 0.08256515115499496 and parameters: {'L1_hidden_dim': 128, 'L1_layers_atom': 4, 'L1_layers_mol': 3, 'L1_dropout': 0.28286587733371354, 'L1_out_dim': 112, 'L2_hidden_dim': 112, 'L2_layers_atom': 2, 'L2_layers_mol': 2, 'L2_out_dim': 80, 'L2_dropout': 0.04172187169842659, 'L3_hidden_dim': 128, 'L3_layers_atom': 4, 'L3_layers_mol': 2, 'L3_out_dim': 48, 'L3_dropout': 0.1456414329907557, 'n_mlp_layers': 2, 'mlp_dim_0': 112, 'mlp_dim_1': 424, 'num_heads': 1, 'final_dropout': 0.0667447903410246, 'train_learning_rate': 0.004629450454739932, 'train_lr_reduce': 0.6}. Best is trial 1286 with value: 0.03935658559203148.
[I 2024-12-26 10:29:56,699] Trial 2432 finished with value: 0.09841536730527878 and parameters: {'L1_hidden_dim': 96, 'L1_layers_atom': 3, 'L1_layers_mol': 4, 'L1_dropout': 0.1416161193253255, 'L1_out_dim': 96, 'L2_hidden_dim': 144, 'L2_layers_atom': 1, 'L2_layers_mol': 1, 'L2_out_dim': 112, 'L2_dropout': 0.11703949150220658, 'L3_hidden_dim': 96, 'L3_layers_atom': 4, 'L3_layers_mol': 2, 'L3_out_dim': 64, 'L3_dropout': 0.2002015625251371, 'n_mlp_layers': 3, 'mlp_dim_0': 264, 'mlp_dim_1': 392, 'mlp_dim_2': 448, 'num_heads': 1, 'final_dropout': 0.06375061977387353, 'train_learning_rate': 0.006101174046530812, 'train_lr_reduce': 0.6}. Best is trial 1286 with value: 0.03935658559203148.
[I 2024-12-26 10:30:15,643] Trial 2435 finished with value: 1.0335698127746582 and parameters: {'L1_hidden_dim': 80, 'L1_layers_atom': 4, 'L1_layers_mol': 4, 'L1_dropout': 0.14833596050597314, 'L1_out_dim': 96, 'L2_hidden_dim': 128, 'L2_layers_atom': 1, 'L2_layers_mol': 2, 'L2_out_dim': 112, 'L2_dropout': 0.06103357920152265, 'L3_hidden_dim': 80, 'L3_layers_atom': 4, 'L3_layers_mol': 2, 'L3_out_dim': 64, 'L3_dropout': 0.16301010922768538, 'n_mlp_layers': 1, 'mlp_dim_0': 200, 'num_heads': 1, 'final_dropout': 0.03983991711378092, 'train_learning_rate': 0.0008223829424920198, 'train_lr_reduce': 0.6}. Best is trial 1286 with value: 0.03935658559203148.
[I 2024-12-26 10:31:27,634] Trial 2433 finished with value: 0.16138878464698792 and parameters: {'L1_hidden_dim': 144, 'L1_layers_atom': 2, 'L1_layers_mol': 2, 'L1_dropout': 0.2856143241657859, 'L1_out_dim': 128, 'L2_hidden_dim': 240, 'L2_layers_atom': 4, 'L2_layers_mol': 2, 'L2_out_dim': 96, 'L2_dropout': 0.0792028304554326, 'L3_hidden_dim': 64, 'L3_layers_atom': 4, 'L3_layers_mol': 1, 'L3_out_dim': 32, 'L3_dropout': 0.2898788164328151, 'n_mlp_layers': 2, 'mlp_dim_0': 480, 'mlp_dim_1': 512, 'num_heads': 1, 'final_dropout': 0.2108218416695763, 'train_learning_rate': 0.0066933543239114665, 'train_lr_reduce': 0.6}. Best is trial 1286 with value: 0.03935658559203148.
[I 2024-12-26 10:31:34,223] Trial 2436 finished with value: 0.0694853663444519 and parameters: {'L1_hidden_dim': 128, 'L1_layers_atom': 4, 'L1_layers_mol': 3, 'L1_dropout': 0.13736574219149422, 'L1_out_dim': 80, 'L2_hidden_dim': 144, 'L2_layers_atom': 1, 'L2_layers_mol': 1, 'L2_out_dim': 80, 'L2_dropout': 0.03330929239008035, 'L3_hidden_dim': 128, 'L3_layers_atom': 4, 'L3_layers_mol': 2, 'L3_out_dim': 32, 'L3_dropout': 0.24212959968189618, 'n_mlp_layers': 1, 'mlp_dim_0': 128, 'num_heads': 1, 'final_dropout': 0.17195174516259515, 'train_learning_rate': 0.0009599505442101007, 'train_lr_reduce': 0.6}. Best is trial 1286 with value: 0.03935658559203148.
[I 2024-12-26 10:32:22,206] Trial 2438 finished with value: 0.16256870329380035 and parameters: {'L1_hidden_dim': 128, 'L1_layers_atom': 4, 'L1_layers_mol': 4, 'L1_dropout': 0.14123974207514955, 'L1_out_dim': 112, 'L2_hidden_dim': 144, 'L2_layers_atom': 1, 'L2_layers_mol': 2, 'L2_out_dim': 80, 'L2_dropout': 0.015431907623210707, 'L3_hidden_dim': 112, 'L3_layers_atom': 4, 'L3_layers_mol': 2, 'L3_out_dim': 32, 'L3_dropout': 0.13056390543330176, 'n_mlp_layers': 2, 'mlp_dim_0': 72, 'mlp_dim_1': 416, 'num_heads': 1, 'final_dropout': 0.2525364486871905, 'train_learning_rate': 0.005153329917063578, 'train_lr_reduce': 0.6}. Best is trial 1286 with value: 0.03935658559203148.
[I 2024-12-26 10:32:25,658] Trial 2434 finished with value: 0.07914777100086212 and parameters: {'L1_hidden_dim': 128, 'L1_layers_atom': 4, 'L1_layers_mol': 3, 'L1_dropout': 0.2101525456744315, 'L1_out_dim': 96, 'L2_hidden_dim': 144, 'L2_layers_atom': 1, 'L2_layers_mol': 1, 'L2_out_dim': 80, 'L2_dropout': 0.03892565570679317, 'L3_hidden_dim': 112, 'L3_layers_atom': 4, 'L3_layers_mol': 2, 'L3_out_dim': 64, 'L3_dropout': 0.21616453673556213, 'n_mlp_layers': 3, 'mlp_dim_0': 136, 'mlp_dim_1': 448, 'mlp_dim_2': 296, 'num_heads': 1, 'final_dropout': 0.09924977279226879, 'train_learning_rate': 0.005326732732663505, 'train_lr_reduce': 0.6}. Best is trial 1286 with value: 0.03935658559203148.
[I 2024-12-26 10:32:50,669] Trial 2437 finished with value: 0.06641749292612076 and parameters: {'L1_hidden_dim': 64, 'L1_layers_atom': 4, 'L1_layers_mol': 3, 'L1_dropout': 0.22944154013237023, 'L1_out_dim': 112, 'L2_hidden_dim': 160, 'L2_layers_atom': 2, 'L2_layers_mol': 1, 'L2_out_dim': 128, 'L2_dropout': 0.05641051052150968, 'L3_hidden_dim': 128, 'L3_layers_atom': 4, 'L3_layers_mol': 1, 'L3_out_dim': 48, 'L3_dropout': 0.12986786235164996, 'n_mlp_layers': 2, 'mlp_dim_0': 136, 'mlp_dim_1': 344, 'num_heads': 1, 'final_dropout': 0.08379642173325576, 'train_learning_rate': 0.0010251653036680137, 'train_lr_reduce': 0.6}. Best is trial 1286 with value: 0.03935658559203148.
[I 2024-12-26 10:33:27,107] Trial 2440 finished with value: 0.08277753740549088 and parameters: {'L1_hidden_dim': 96, 'L1_layers_atom': 3, 'L1_layers_mol': 4, 'L1_dropout': 0.15930767986064046, 'L1_out_dim': 80, 'L2_hidden_dim': 112, 'L2_layers_atom': 1, 'L2_layers_mol': 1, 'L2_out_dim': 128, 'L2_dropout': 0.005818136919158928, 'L3_hidden_dim': 128, 'L3_layers_atom': 1, 'L3_layers_mol': 1, 'L3_out_dim': 128, 'L3_dropout': 0.022454858976716716, 'n_mlp_layers': 2, 'mlp_dim_0': 128, 'mlp_dim_1': 368, 'num_heads': 1, 'final_dropout': 0.0855734269002687, 'train_learning_rate': 0.0020859967967679386, 'train_lr_reduce': 0.6}. Best is trial 1286 with value: 0.03935658559203148.
[I 2024-12-26 10:33:55,681] Trial 2441 finished with value: 0.08008525520563126 and parameters: {'L1_hidden_dim': 176, 'L1_layers_atom': 2, 'L1_layers_mol': 3, 'L1_dropout': 0.21579805440159813, 'L1_out_dim': 96, 'L2_hidden_dim': 112, 'L2_layers_atom': 3, 'L2_layers_mol': 2, 'L2_out_dim': 128, 'L2_dropout': 0.0534600192113641, 'L3_hidden_dim': 128, 'L3_layers_atom': 2, 'L3_layers_mol': 1, 'L3_out_dim': 112, 'L3_dropout': 0.04429763500238827, 'n_mlp_layers': 3, 'mlp_dim_0': 360, 'mlp_dim_1': 80, 'mlp_dim_2': 256, 'num_heads': 1, 'final_dropout': 0.0774764708725659, 'train_learning_rate': 0.001902533200318336, 'train_lr_reduce': 0.6}. Best is trial 1286 with value: 0.03935658559203148.
[I 2024-12-26 10:34:06,037] Trial 2439 finished with value: 0.29472851753234863 and parameters: {'L1_hidden_dim': 128, 'L1_layers_atom': 2, 'L1_layers_mol': 1, 'L1_dropout': 0.03242819463046176, 'L1_out_dim': 80, 'L2_hidden_dim': 80, 'L2_layers_atom': 1, 'L2_layers_mol': 4, 'L2_out_dim': 128, 'L2_dropout': 0.2549230281721971, 'L3_hidden_dim': 32, 'L3_layers_atom': 2, 'L3_layers_mol': 4, 'L3_out_dim': 32, 'L3_dropout': 0.2545285592024726, 'n_mlp_layers': 3, 'mlp_dim_0': 168, 'mlp_dim_1': 480, 'mlp_dim_2': 240, 'num_heads': 2, 'final_dropout': 0.2535515834151478, 'train_learning_rate': 0.0006555316153574483, 'train_lr_reduce': 0.6}. Best is trial 1286 with value: 0.03935658559203148.
