[I 2024-12-19 21:36:19,457] Trial 1872 finished with value: 1.1483608484268188 and parameters: {'mlp_n_layers': 4, 'mlp_dim_00': 102, 'mlp_dim_01': 431, 'mlp_dim_02': 116, 'mlp_dim_03': 354, 'node_hidden_dim': 80, 'edge_hidden_dim': 56, 'depth': 3, 'rep_dropout': 0.14236482848234594, 'train_learning_rate': 0.004936235516243381, 'train_lr_reduce': 0.6}. Best is trial 1559 with value: 0.11043421924114227.
[I 2024-12-19 21:36:32,310] Trial 1873 finished with value: 0.7212363481521606 and parameters: {'mlp_n_layers': 2, 'mlp_dim_00': 373, 'mlp_dim_01': 343, 'node_hidden_dim': 32, 'edge_hidden_dim': 122, 'depth': 3, 'rep_dropout': 0.143704392706987, 'train_learning_rate': 0.008330160416299297, 'train_lr_reduce': 0.6}. Best is trial 1559 with value: 0.11043421924114227.
[I 2024-12-19 21:36:37,751] Trial 1874 finished with value: 1.1419398784637451 and parameters: {'mlp_n_layers': 1, 'mlp_dim_00': 286, 'node_hidden_dim': 58, 'edge_hidden_dim': 56, 'depth': 1, 'rep_dropout': 0.11198333449509106, 'train_learning_rate': 0.0001504866033394982, 'train_lr_reduce': 0.6}. Best is trial 1559 with value: 0.11043421924114227.
[I 2024-12-19 21:36:41,813] Trial 1870 finished with value: 0.22809305787086487 and parameters: {'mlp_n_layers': 1, 'mlp_dim_00': 501, 'node_hidden_dim': 57, 'edge_hidden_dim': 60, 'depth': 2, 'rep_dropout': 0.07464184192469306, 'train_learning_rate': 0.0035595990045633554, 'train_lr_reduce': 0.6}. Best is trial 1559 with value: 0.11043421924114227.
[I 2024-12-19 21:36:43,272] Trial 1871 finished with value: 0.1522107571363449 and parameters: {'mlp_n_layers': 1, 'mlp_dim_00': 411, 'node_hidden_dim': 52, 'edge_hidden_dim': 43, 'depth': 1, 'rep_dropout': 0.004961413141631489, 'train_learning_rate': 0.0027794631088771987, 'train_lr_reduce': 0.6}. Best is trial 1559 with value: 0.11043421924114227.
[I 2024-12-19 21:36:49,109] Trial 1876 finished with value: 1.142522931098938 and parameters: {'mlp_n_layers': 3, 'mlp_dim_00': 506, 'mlp_dim_01': 468, 'mlp_dim_02': 405, 'node_hidden_dim': 39, 'edge_hidden_dim': 78, 'depth': 2, 'rep_dropout': 0.07798637744027155, 'train_learning_rate': 0.00013512176850903637, 'train_lr_reduce': 0.6}. Best is trial 1559 with value: 0.11043421924114227.
[I 2024-12-19 21:36:53,312] Trial 1877 finished with value: 0.6260027289390564 and parameters: {'mlp_n_layers': 1, 'mlp_dim_00': 404, 'node_hidden_dim': 49, 'edge_hidden_dim': 70, 'depth': 1, 'rep_dropout': 0.025566120802301157, 'train_learning_rate': 0.0053884916574168705, 'train_lr_reduce': 0.6}. Best is trial 1559 with value: 0.11043421924114227.
[I 2024-12-19 21:36:58,625] Trial 1879 finished with value: 1.1424480676651 and parameters: {'mlp_n_layers': 1, 'mlp_dim_00': 486, 'node_hidden_dim': 58, 'edge_hidden_dim': 60, 'depth': 2, 'rep_dropout': 0.057991478445412734, 'train_learning_rate': 0.00047690593821978595, 'train_lr_reduce': 0.6}. Best is trial 1559 with value: 0.11043421924114227.
[I 2024-12-19 21:37:20,381] Trial 1875 finished with value: 0.14327503740787506 and parameters: {'mlp_n_layers': 2, 'mlp_dim_00': 480, 'mlp_dim_01': 391, 'node_hidden_dim': 42, 'edge_hidden_dim': 100, 'depth': 1, 'rep_dropout': 0.030167885154331907, 'train_learning_rate': 0.006646322915016537, 'train_lr_reduce': 0.6}. Best is trial 1559 with value: 0.11043421924114227.
[I 2024-12-19 21:37:27,283] Trial 1881 finished with value: 1.1442444324493408 and parameters: {'mlp_n_layers': 1, 'mlp_dim_00': 478, 'node_hidden_dim': 57, 'edge_hidden_dim': 36, 'depth': 2, 'rep_dropout': 0.07048688586361332, 'train_learning_rate': 0.001309738431350811, 'train_lr_reduce': 0.6}. Best is trial 1559 with value: 0.11043421924114227.
[I 2024-12-19 21:37:29,354] Trial 1878 finished with value: 0.13647322356700897 and parameters: {'mlp_n_layers': 2, 'mlp_dim_00': 489, 'mlp_dim_01': 512, 'node_hidden_dim': 34, 'edge_hidden_dim': 76, 'depth': 1, 'rep_dropout': 0.03274531296211997, 'train_learning_rate': 0.005310791571406072, 'train_lr_reduce': 0.6}. Best is trial 1559 with value: 0.11043421924114227.
[I 2024-12-19 21:37:31,981] Trial 1882 finished with value: 1.1457445621490479 and parameters: {'mlp_n_layers': 2, 'mlp_dim_00': 480, 'mlp_dim_01': 428, 'node_hidden_dim': 38, 'edge_hidden_dim': 83, 'depth': 1, 'rep_dropout': 0.058433685342202626, 'train_learning_rate': 0.00178588178596765, 'train_lr_reduce': 0.6}. Best is trial 1559 with value: 0.11043421924114227.
[I 2024-12-19 21:37:36,792] Trial 1884 finished with value: 1.1441140174865723 and parameters: {'mlp_n_layers': 1, 'mlp_dim_00': 502, 'node_hidden_dim': 51, 'edge_hidden_dim': 44, 'depth': 1, 'rep_dropout': 0.008061979109412386, 'train_learning_rate': 0.0007935990945007518, 'train_lr_reduce': 0.6}. Best is trial 1559 with value: 0.11043421924114227.
[I 2024-12-19 21:37:41,377] Trial 1880 finished with value: 0.11766213923692703 and parameters: {'mlp_n_layers': 2, 'mlp_dim_00': 371, 'mlp_dim_01': 109, 'node_hidden_dim': 36, 'edge_hidden_dim': 64, 'depth': 1, 'rep_dropout': 0.00041625020056244855, 'train_learning_rate': 0.0046766543988363855, 'train_lr_reduce': 0.6}. Best is trial 1559 with value: 0.11043421924114227.
[I 2024-12-19 21:38:12,095] Trial 1883 finished with value: 0.19085119664669037 and parameters: {'mlp_n_layers': 1, 'mlp_dim_00': 479, 'node_hidden_dim': 56, 'edge_hidden_dim': 40, 'depth': 1, 'rep_dropout': 0.08467595228308844, 'train_learning_rate': 0.001257713648488411, 'train_lr_reduce': 0.6}. Best is trial 1559 with value: 0.11043421924114227.
[I 2024-12-19 21:38:17,798] Trial 1887 finished with value: 1.1434005498886108 and parameters: {'mlp_n_layers': 4, 'mlp_dim_00': 242, 'mlp_dim_01': 110, 'mlp_dim_02': 66, 'mlp_dim_03': 511, 'node_hidden_dim': 54, 'edge_hidden_dim': 80, 'depth': 3, 'rep_dropout': 0.1380291073790808, 'train_learning_rate': 0.002006673316159346, 'train_lr_reduce': 0.6}. Best is trial 1559 with value: 0.11043421924114227.
[I 2024-12-19 21:38:21,738] Trial 1885 finished with value: 0.12892012298107147 and parameters: {'mlp_n_layers': 1, 'mlp_dim_00': 389, 'node_hidden_dim': 50, 'edge_hidden_dim': 77, 'depth': 1, 'rep_dropout': 0.018433269122400942, 'train_learning_rate': 0.002949423482635131, 'train_lr_reduce': 0.6}. Best is trial 1559 with value: 0.11043421924114227.
[I 2024-12-19 21:38:22,503] Trial 1886 finished with value: 0.23487302660942078 and parameters: {'mlp_n_layers': 1, 'mlp_dim_00': 436, 'node_hidden_dim': 32, 'edge_hidden_dim': 101, 'depth': 1, 'rep_dropout': 0.021549803224286693, 'train_learning_rate': 0.008021174735686809, 'train_lr_reduce': 0.6}. Best is trial 1559 with value: 0.11043421924114227.
[I 2024-12-19 21:38:22,934] Trial 1888 finished with value: 1.150916576385498 and parameters: {'mlp_n_layers': 2, 'mlp_dim_00': 356, 'mlp_dim_01': 100, 'node_hidden_dim': 34, 'edge_hidden_dim': 57, 'depth': 2, 'rep_dropout': 0.02047906926984056, 'train_learning_rate': 0.008000625165259845, 'train_lr_reduce': 0.6}. Best is trial 1559 with value: 0.11043421924114227.
[I 2024-12-19 21:38:59,016] Trial 1891 finished with value: 0.1627114713191986 and parameters: {'mlp_n_layers': 1, 'mlp_dim_00': 464, 'node_hidden_dim': 58, 'edge_hidden_dim': 87, 'depth': 1, 'rep_dropout': 0.00570521117096643, 'train_learning_rate': 0.004271793631205941, 'train_lr_reduce': 0.6}. Best is trial 1559 with value: 0.11043421924114227.
[I 2024-12-19 21:39:02,373] Trial 1889 finished with value: 0.22607837617397308 and parameters: {'mlp_n_layers': 2, 'mlp_dim_00': 404, 'mlp_dim_01': 106, 'node_hidden_dim': 33, 'edge_hidden_dim': 90, 'depth': 1, 'rep_dropout': 0.0017764429990751035, 'train_learning_rate': 0.006311075504625235, 'train_lr_reduce': 0.6}. Best is trial 1559 with value: 0.11043421924114227.
[I 2024-12-19 21:39:04,055] Trial 1892 finished with value: 1.14377760887146 and parameters: {'mlp_n_layers': 2, 'mlp_dim_00': 346, 'mlp_dim_01': 131, 'node_hidden_dim': 54, 'edge_hidden_dim': 62, 'depth': 2, 'rep_dropout': 0.002656949531379255, 'train_learning_rate': 0.004166637189622972, 'train_lr_reduce': 0.6}. Best is trial 1559 with value: 0.11043421924114227.
[I 2024-12-19 21:39:05,448] Trial 1890 finished with value: 0.1339157521724701 and parameters: {'mlp_n_layers': 1, 'mlp_dim_00': 463, 'node_hidden_dim': 58, 'edge_hidden_dim': 87, 'depth': 1, 'rep_dropout': 0.02654070501783405, 'train_learning_rate': 0.002639676335106383, 'train_lr_reduce': 0.6}. Best is trial 1559 with value: 0.11043421924114227.
[I 2024-12-19 21:39:11,963] Trial 1895 finished with value: 1.1414225101470947 and parameters: {'mlp_n_layers': 4, 'mlp_dim_00': 238, 'mlp_dim_01': 83, 'mlp_dim_02': 317, 'mlp_dim_03': 131, 'node_hidden_dim': 109, 'edge_hidden_dim': 95, 'depth': 4, 'rep_dropout': 0.0898927055243621, 'train_learning_rate': 0.0008139405414793335, 'train_lr_reduce': 0.6}. Best is trial 1559 with value: 0.11043421924114227.
[I 2024-12-19 21:39:31,948] Trial 1893 finished with value: 0.17068202793598175 and parameters: {'mlp_n_layers': 2, 'mlp_dim_00': 355, 'mlp_dim_01': 151, 'node_hidden_dim': 36, 'edge_hidden_dim': 69, 'depth': 1, 'rep_dropout': 0.004469302181644166, 'train_learning_rate': 0.0038412070912874213, 'train_lr_reduce': 0.6}. Best is trial 1559 with value: 0.11043421924114227.
[I 2024-12-19 21:39:37,078] Trial 1894 finished with value: 0.16634024679660797 and parameters: {'mlp_n_layers': 1, 'mlp_dim_00': 467, 'node_hidden_dim': 51, 'edge_hidden_dim': 79, 'depth': 1, 'rep_dropout': 0.002550057253781178, 'train_learning_rate': 0.008703481029220372, 'train_lr_reduce': 0.6}. Best is trial 1559 with value: 0.11043421924114227.
[I 2024-12-19 21:39:46,901] Trial 1898 finished with value: 1.1136022806167603 and parameters: {'mlp_n_layers': 1, 'mlp_dim_00': 242, 'node_hidden_dim': 113, 'edge_hidden_dim': 121, 'depth': 4, 'rep_dropout': 0.0056544563224363575, 'train_learning_rate': 0.00551230437813354, 'train_lr_reduce': 0.6}. Best is trial 1559 with value: 0.11043421924114227.
[I 2024-12-19 21:39:52,472] Trial 1896 finished with value: 0.12177212536334991 and parameters: {'mlp_n_layers': 2, 'mlp_dim_00': 366, 'mlp_dim_01': 148, 'node_hidden_dim': 33, 'edge_hidden_dim': 60, 'depth': 1, 'rep_dropout': 0.0088516613783283, 'train_learning_rate': 0.008391773308099967, 'train_lr_reduce': 0.6}. Best is trial 1559 with value: 0.11043421924114227.
[I 2024-12-19 21:40:14,794] Trial 1897 finished with value: 0.13956832885742188 and parameters: {'mlp_n_layers': 1, 'mlp_dim_00': 400, 'node_hidden_dim': 48, 'edge_hidden_dim': 74, 'depth': 1, 'rep_dropout': 0.017269227639146612, 'train_learning_rate': 0.001372187726255161, 'train_lr_reduce': 0.6}. Best is trial 1559 with value: 0.11043421924114227.
[I 2024-12-19 21:40:16,811] Trial 1899 finished with value: 0.22105933725833893 and parameters: {'mlp_n_layers': 3, 'mlp_dim_00': 382, 'mlp_dim_01': 112, 'mlp_dim_02': 459, 'node_hidden_dim': 37, 'edge_hidden_dim': 70, 'depth': 1, 'rep_dropout': 0.01626717635961261, 'train_learning_rate': 0.008595714755319346, 'train_lr_reduce': 0.6}. Best is trial 1559 with value: 0.11043421924114227.
[I 2024-12-19 21:40:30,153] Trial 1900 finished with value: 0.15436451137065887 and parameters: {'mlp_n_layers': 2, 'mlp_dim_00': 368, 'mlp_dim_01': 138, 'node_hidden_dim': 40, 'edge_hidden_dim': 68, 'depth': 1, 'rep_dropout': 0.00891029298627195, 'train_learning_rate': 0.0026095952282743635, 'train_lr_reduce': 0.6}. Best is trial 1559 with value: 0.11043421924114227.
[I 2024-12-19 21:40:35,251] Trial 1903 finished with value: 1.1428471803665161 and parameters: {'mlp_n_layers': 3, 'mlp_dim_00': 436, 'mlp_dim_01': 68, 'mlp_dim_02': 264, 'node_hidden_dim': 38, 'edge_hidden_dim': 77, 'depth': 1, 'rep_dropout': 0.0017156743493082298, 'train_learning_rate': 0.002333036506121586, 'train_lr_reduce': 0.6}. Best is trial 1559 with value: 0.11043421924114227.
[I 2024-12-19 21:40:56,191] Trial 1902 finished with value: 0.11965543776750565 and parameters: {'mlp_n_layers': 1, 'mlp_dim_00': 459, 'node_hidden_dim': 32, 'edge_hidden_dim': 70, 'depth': 1, 'rep_dropout': 0.019277179309705184, 'train_learning_rate': 0.002026483927979811, 'train_lr_reduce': 0.6}. Best is trial 1559 with value: 0.11043421924114227.
[I 2024-12-19 21:40:57,227] Trial 1901 finished with value: 0.20513348281383514 and parameters: {'mlp_n_layers': 1, 'mlp_dim_00': 473, 'node_hidden_dim': 41, 'edge_hidden_dim': 75, 'depth': 2, 'rep_dropout': 0.0022172870371952366, 'train_learning_rate': 0.0024414266439075514, 'train_lr_reduce': 0.6}. Best is trial 1559 with value: 0.11043421924114227.
[I 2024-12-19 21:40:57,276] Trial 1904 finished with value: 0.19853761792182922 and parameters: {'mlp_n_layers': 2, 'mlp_dim_00': 310, 'mlp_dim_01': 164, 'node_hidden_dim': 35, 'edge_hidden_dim': 77, 'depth': 1, 'rep_dropout': 0.02148398383029824, 'train_learning_rate': 0.0044569729935655744, 'train_lr_reduce': 0.6}. Best is trial 1559 with value: 0.11043421924114227.
[I 2024-12-19 21:41:04,014] Trial 1907 finished with value: 1.1417449712753296 and parameters: {'mlp_n_layers': 3, 'mlp_dim_00': 104, 'mlp_dim_01': 69, 'mlp_dim_02': 161, 'node_hidden_dim': 59, 'edge_hidden_dim': 55, 'depth': 4, 'rep_dropout': 0.08072114133604023, 'train_learning_rate': 0.0006859526235365895, 'train_lr_reduce': 0.6}. Best is trial 1559 with value: 0.11043421924114227.
[I 2024-12-19 21:41:14,145] Trial 1908 finished with value: 0.36930301785469055 and parameters: {'mlp_n_layers': 1, 'mlp_dim_00': 418, 'node_hidden_dim': 35, 'edge_hidden_dim': 34, 'depth': 1, 'rep_dropout': 0.044709470764442656, 'train_learning_rate': 0.009768267954582018, 'train_lr_reduce': 0.6}. Best is trial 1559 with value: 0.11043421924114227.
[I 2024-12-19 21:41:21,726] Trial 1906 finished with value: 0.17262358963489532 and parameters: {'mlp_n_layers': 1, 'mlp_dim_00': 483, 'node_hidden_dim': 34, 'edge_hidden_dim': 62, 'depth': 1, 'rep_dropout': 0.019352672975787806, 'train_learning_rate': 0.004352458209995544, 'train_lr_reduce': 0.6}. Best is trial 1559 with value: 0.11043421924114227.
[I 2024-12-19 21:41:30,879] Trial 1905 finished with value: 0.34389299154281616 and parameters: {'mlp_n_layers': 2, 'mlp_dim_00': 219, 'mlp_dim_01': 109, 'node_hidden_dim': 49, 'edge_hidden_dim': 80, 'depth': 2, 'rep_dropout': 0.00382879276577169, 'train_learning_rate': 0.004547793243974059, 'train_lr_reduce': 0.6}. Best is trial 1559 with value: 0.11043421924114227.
[I 2024-12-19 21:41:55,807] Trial 1909 finished with value: 0.10777772963047028 and parameters: {'mlp_n_layers': 2, 'mlp_dim_00': 505, 'mlp_dim_01': 137, 'node_hidden_dim': 36, 'edge_hidden_dim': 74, 'depth': 1, 'rep_dropout': 0.004974835444413121, 'train_learning_rate': 0.0048039871736196066, 'train_lr_reduce': 0.6}. Best is trial 1909 with value: 0.10777772963047028.
[I 2024-12-19 21:42:02,957] Trial 1910 finished with value: 0.14140892028808594 and parameters: {'mlp_n_layers': 1, 'mlp_dim_00': 459, 'node_hidden_dim': 36, 'edge_hidden_dim': 73, 'depth': 1, 'rep_dropout': 0.015617094547376946, 'train_learning_rate': 0.008041284420635297, 'train_lr_reduce': 0.6}. Best is trial 1909 with value: 0.10777772963047028.
[I 2024-12-19 21:42:09,693] Trial 1912 finished with value: 0.3701840341091156 and parameters: {'mlp_n_layers': 1, 'mlp_dim_00': 336, 'node_hidden_dim': 33, 'edge_hidden_dim': 45, 'depth': 2, 'rep_dropout': 0.0008827338348056636, 'train_learning_rate': 0.008304783692291932, 'train_lr_reduce': 0.6}. Best is trial 1909 with value: 0.10777772963047028.
[I 2024-12-19 21:42:10,542] Trial 1911 finished with value: 0.14197371900081635 and parameters: {'mlp_n_layers': 1, 'mlp_dim_00': 440, 'node_hidden_dim': 48, 'edge_hidden_dim': 65, 'depth': 1, 'rep_dropout': 0.02666503110858068, 'train_learning_rate': 0.002656293286889401, 'train_lr_reduce': 0.6}. Best is trial 1909 with value: 0.10777772963047028.
[I 2024-12-19 21:42:28,072] Trial 1914 finished with value: 0.22763079404830933 and parameters: {'mlp_n_layers': 2, 'mlp_dim_00': 484, 'mlp_dim_01': 161, 'node_hidden_dim': 45, 'edge_hidden_dim': 68, 'depth': 1, 'rep_dropout': 0.030728708624544666, 'train_learning_rate': 0.005383232742200764, 'train_lr_reduce': 0.6}. Best is trial 1909 with value: 0.10777772963047028.
[I 2024-12-19 21:42:40,427] Trial 1915 finished with value: 0.1814872771501541 and parameters: {'mlp_n_layers': 3, 'mlp_dim_00': 459, 'mlp_dim_01': 122, 'mlp_dim_02': 348, 'node_hidden_dim': 48, 'edge_hidden_dim': 91, 'depth': 1, 'rep_dropout': 0.02603483190850902, 'train_learning_rate': 0.007720973060019836, 'train_lr_reduce': 0.6}. Best is trial 1909 with value: 0.10777772963047028.
[I 2024-12-19 21:42:45,131] Trial 1913 finished with value: 0.21109886467456818 and parameters: {'mlp_n_layers': 2, 'mlp_dim_00': 351, 'mlp_dim_01': 157, 'node_hidden_dim': 33, 'edge_hidden_dim': 43, 'depth': 1, 'rep_dropout': 0.040523392244258646, 'train_learning_rate': 0.007339844326420621, 'train_lr_reduce': 0.6}. Best is trial 1909 with value: 0.10777772963047028.
[I 2024-12-19 21:43:12,019] Trial 1916 finished with value: 0.11587005108594894 and parameters: {'mlp_n_layers': 1, 'mlp_dim_00': 386, 'node_hidden_dim': 35, 'edge_hidden_dim': 58, 'depth': 1, 'rep_dropout': 0.0133537785933825, 'train_learning_rate': 0.002554369840467958, 'train_lr_reduce': 0.6}. Best is trial 1909 with value: 0.10777772963047028.
[I 2024-12-19 21:43:17,509] Trial 1919 finished with value: 1.1438175439834595 and parameters: {'mlp_n_layers': 3, 'mlp_dim_00': 427, 'mlp_dim_01': 176, 'mlp_dim_02': 512, 'node_hidden_dim': 54, 'edge_hidden_dim': 91, 'depth': 2, 'rep_dropout': 0.04141605214010159, 'train_learning_rate': 0.0019003207175289022, 'train_lr_reduce': 0.6}. Best is trial 1909 with value: 0.10777772963047028.
[I 2024-12-19 21:43:23,961] Trial 1917 finished with value: 0.1610804945230484 and parameters: {'mlp_n_layers': 2, 'mlp_dim_00': 511, 'mlp_dim_01': 106, 'node_hidden_dim': 34, 'edge_hidden_dim': 75, 'depth': 1, 'rep_dropout': 0.0291829721381926, 'train_learning_rate': 0.005502060360310365, 'train_lr_reduce': 0.6}. Best is trial 1909 with value: 0.10777772963047028.
[I 2024-12-19 21:43:26,119] Trial 1920 finished with value: 0.4913555085659027 and parameters: {'mlp_n_layers': 2, 'mlp_dim_00': 319, 'mlp_dim_01': 122, 'node_hidden_dim': 45, 'edge_hidden_dim': 60, 'depth': 1, 'rep_dropout': 0.013246955981008094, 'train_learning_rate': 0.005758142493401471, 'train_lr_reduce': 0.6}. Best is trial 1909 with value: 0.10777772963047028.
[I 2024-12-19 21:43:30,316] Trial 1922 finished with value: 1.1420936584472656 and parameters: {'mlp_n_layers': 1, 'mlp_dim_00': 511, 'node_hidden_dim': 32, 'edge_hidden_dim': 90, 'depth': 1, 'rep_dropout': 0.024505089963502598, 'train_learning_rate': 0.0051082702783248665, 'train_lr_reduce': 0.6}. Best is trial 1909 with value: 0.10777772963047028.
[I 2024-12-19 21:43:33,125] Trial 1918 finished with value: 0.16474218666553497 and parameters: {'mlp_n_layers': 1, 'mlp_dim_00': 419, 'node_hidden_dim': 47, 'edge_hidden_dim': 63, 'depth': 1, 'rep_dropout': 0.0011546902150750549, 'train_learning_rate': 0.0046203997477726275, 'train_lr_reduce': 0.6}. Best is trial 1909 with value: 0.10777772963047028.
[I 2024-12-19 21:43:38,943] Trial 1924 finished with value: 1.1429951190948486 and parameters: {'mlp_n_layers': 2, 'mlp_dim_00': 434, 'mlp_dim_01': 100, 'node_hidden_dim': 55, 'edge_hidden_dim': 78, 'depth': 2, 'rep_dropout': 0.015008896367335541, 'train_learning_rate': 0.0067042527932019815, 'train_lr_reduce': 0.6}. Best is trial 1909 with value: 0.10777772963047028.
[I 2024-12-19 21:43:43,505] Trial 1925 finished with value: 1.1422213315963745 and parameters: {'mlp_n_layers': 2, 'mlp_dim_00': 452, 'mlp_dim_01': 66, 'node_hidden_dim': 33, 'edge_hidden_dim': 70, 'depth': 1, 'rep_dropout': 0.0058500425527153455, 'train_learning_rate': 0.0018653513014253646, 'train_lr_reduce': 0.6}. Best is trial 1909 with value: 0.10777772963047028.
[I 2024-12-19 21:44:04,123] Trial 1921 finished with value: 0.12469973415136337 and parameters: {'mlp_n_layers': 1, 'mlp_dim_00': 355, 'node_hidden_dim': 34, 'edge_hidden_dim': 82, 'depth': 1, 'rep_dropout': 0.013903512023578592, 'train_learning_rate': 0.003744661643463142, 'train_lr_reduce': 0.6}. Best is trial 1909 with value: 0.10777772963047028.
[I 2024-12-19 21:44:11,328] Trial 1923 finished with value: 0.13398957252502441 and parameters: {'mlp_n_layers': 2, 'mlp_dim_00': 425, 'mlp_dim_01': 164, 'node_hidden_dim': 35, 'edge_hidden_dim': 64, 'depth': 1, 'rep_dropout': 0.0113868040503546, 'train_learning_rate': 0.0026061695796646476, 'train_lr_reduce': 0.6}. Best is trial 1909 with value: 0.10777772963047028.
[I 2024-12-19 21:44:17,640] Trial 1928 finished with value: 1.142470359802246 and parameters: {'mlp_n_layers': 3, 'mlp_dim_00': 165, 'mlp_dim_01': 173, 'mlp_dim_02': 227, 'node_hidden_dim': 116, 'edge_hidden_dim': 83, 'depth': 3, 'rep_dropout': 0.12173345910778197, 'train_learning_rate': 0.0029571166604747006, 'train_lr_reduce': 0.6}. Best is trial 1909 with value: 0.10777772963047028.
[I 2024-12-19 21:44:31,098] Trial 1926 finished with value: 0.28531017899513245 and parameters: {'mlp_n_layers': 1, 'mlp_dim_00': 472, 'node_hidden_dim': 36, 'edge_hidden_dim': 75, 'depth': 2, 'rep_dropout': 0.005909698505731307, 'train_learning_rate': 0.006068937819453375, 'train_lr_reduce': 0.6}. Best is trial 1909 with value: 0.10777772963047028.
[I 2024-12-19 21:44:35,874] Trial 1930 finished with value: 1.1420141458511353 and parameters: {'mlp_n_layers': 1, 'mlp_dim_00': 432, 'node_hidden_dim': 33, 'edge_hidden_dim': 68, 'depth': 2, 'rep_dropout': 0.005951186210722149, 'train_learning_rate': 0.0024217059175719704, 'train_lr_reduce': 0.6}. Best is trial 1909 with value: 0.10777772963047028.
[I 2024-12-19 21:44:44,949] Trial 1927 finished with value: 0.14485478401184082 and parameters: {'mlp_n_layers': 2, 'mlp_dim_00': 500, 'mlp_dim_01': 138, 'node_hidden_dim': 37, 'edge_hidden_dim': 61, 'depth': 1, 'rep_dropout': 0.003717750658137023, 'train_learning_rate': 0.0058044923950223894, 'train_lr_reduce': 0.6}. Best is trial 1909 with value: 0.10777772963047028.
