[I 2024-12-19 08:08:30,369] Trial 514 finished with value: 1.1562352180480957 and parameters: {'mlp_n_layers': 2, 'mlp_dim_00': 431, 'mlp_dim_01': 512, 'node_hidden_dim': 125, 'edge_hidden_dim': 86, 'depth': 2, 'rep_dropout': 0.05873491798925152, 'train_learning_rate': 0.0012184899133205515, 'train_lr_reduce': 0.6}. Best is trial 231 with value: 0.17593608796596527.
[I 2024-12-19 08:08:36,717] Trial 512 finished with value: 0.5108329653739929 and parameters: {'mlp_n_layers': 2, 'mlp_dim_00': 488, 'mlp_dim_01': 497, 'node_hidden_dim': 121, 'edge_hidden_dim': 55, 'depth': 2, 'rep_dropout': 0.07383401806685723, 'train_learning_rate': 0.00829926002826635, 'train_lr_reduce': 0.6}. Best is trial 231 with value: 0.17593608796596527.
[I 2024-12-19 08:08:45,740] Trial 517 finished with value: 1.1424461603164673 and parameters: {'mlp_n_layers': 4, 'mlp_dim_00': 349, 'mlp_dim_01': 440, 'mlp_dim_02': 506, 'mlp_dim_03': 66, 'node_hidden_dim': 122, 'edge_hidden_dim': 42, 'depth': 4, 'rep_dropout': 0.06481994717024933, 'train_learning_rate': 0.0002802064594760653, 'train_lr_reduce': 0.6}. Best is trial 231 with value: 0.17593608796596527.
[I 2024-12-19 08:08:46,196] Trial 515 finished with value: 0.44081827998161316 and parameters: {'mlp_n_layers': 2, 'mlp_dim_00': 325, 'mlp_dim_01': 489, 'node_hidden_dim': 121, 'edge_hidden_dim': 95, 'depth': 2, 'rep_dropout': 0.06270632764734525, 'train_learning_rate': 0.003444353242414542, 'train_lr_reduce': 0.6}. Best is trial 231 with value: 0.17593608796596527.
[I 2024-12-19 08:08:51,297] Trial 516 finished with value: 0.4670778512954712 and parameters: {'mlp_n_layers': 2, 'mlp_dim_00': 375, 'mlp_dim_01': 491, 'node_hidden_dim': 124, 'edge_hidden_dim': 59, 'depth': 2, 'rep_dropout': 0.11935594451996981, 'train_learning_rate': 0.006896323586981427, 'train_lr_reduce': 0.6}. Best is trial 231 with value: 0.17593608796596527.
[I 2024-12-19 08:09:07,698] Trial 519 finished with value: 0.3803713023662567 and parameters: {'mlp_n_layers': 2, 'mlp_dim_00': 443, 'mlp_dim_01': 497, 'node_hidden_dim': 115, 'edge_hidden_dim': 80, 'depth': 2, 'rep_dropout': 0.011245467084475309, 'train_learning_rate': 0.0033904391148882607, 'train_lr_reduce': 0.6}. Best is trial 231 with value: 0.17593608796596527.
[I 2024-12-19 08:09:09,332] Trial 518 finished with value: 0.21327544748783112 and parameters: {'mlp_n_layers': 2, 'mlp_dim_00': 451, 'mlp_dim_01': 509, 'node_hidden_dim': 112, 'edge_hidden_dim': 72, 'depth': 2, 'rep_dropout': 0.023180485053674326, 'train_learning_rate': 0.0059896718732700555, 'train_lr_reduce': 0.6}. Best is trial 231 with value: 0.17593608796596527.
[I 2024-12-19 08:09:11,838] Trial 520 finished with value: 0.26327991485595703 and parameters: {'mlp_n_layers': 2, 'mlp_dim_00': 374, 'mlp_dim_01': 501, 'node_hidden_dim': 93, 'edge_hidden_dim': 62, 'depth': 2, 'rep_dropout': 0.02936303439332113, 'train_learning_rate': 0.005133606278241921, 'train_lr_reduce': 0.6}. Best is trial 231 with value: 0.17593608796596527.
[I 2024-12-19 08:09:30,194] Trial 521 finished with value: 0.47421085834503174 and parameters: {'mlp_n_layers': 2, 'mlp_dim_00': 503, 'mlp_dim_01': 508, 'node_hidden_dim': 122, 'edge_hidden_dim': 80, 'depth': 2, 'rep_dropout': 0.09048809558128582, 'train_learning_rate': 0.00822980533254515, 'train_lr_reduce': 0.6}. Best is trial 231 with value: 0.17593608796596527.
[I 2024-12-19 08:09:32,298] Trial 523 finished with value: 0.4827280640602112 and parameters: {'mlp_n_layers': 2, 'mlp_dim_00': 506, 'mlp_dim_01': 445, 'node_hidden_dim': 118, 'edge_hidden_dim': 59, 'depth': 2, 'rep_dropout': 0.010716673058348572, 'train_learning_rate': 0.007263301380535004, 'train_lr_reduce': 0.6}. Best is trial 231 with value: 0.17593608796596527.
[I 2024-12-19 08:09:33,799] Trial 522 finished with value: 0.4583292603492737 and parameters: {'mlp_n_layers': 2, 'mlp_dim_00': 503, 'mlp_dim_01': 443, 'node_hidden_dim': 104, 'edge_hidden_dim': 77, 'depth': 2, 'rep_dropout': 0.03448161280680536, 'train_learning_rate': 0.004796160635202587, 'train_lr_reduce': 0.6}. Best is trial 231 with value: 0.17593608796596527.
[I 2024-12-19 08:09:52,098] Trial 524 finished with value: 0.22627465426921844 and parameters: {'mlp_n_layers': 2, 'mlp_dim_00': 409, 'mlp_dim_01': 450, 'node_hidden_dim': 115, 'edge_hidden_dim': 61, 'depth': 2, 'rep_dropout': 0.01901175299470985, 'train_learning_rate': 0.005593675042171269, 'train_lr_reduce': 0.6}. Best is trial 231 with value: 0.17593608796596527.
[I 2024-12-19 08:09:53,075] Trial 525 finished with value: 0.25698062777519226 and parameters: {'mlp_n_layers': 2, 'mlp_dim_00': 418, 'mlp_dim_01': 490, 'node_hidden_dim': 112, 'edge_hidden_dim': 53, 'depth': 2, 'rep_dropout': 0.06525429642940721, 'train_learning_rate': 0.005911565364729169, 'train_lr_reduce': 0.6}. Best is trial 231 with value: 0.17593608796596527.
[I 2024-12-19 08:09:57,644] Trial 526 finished with value: 0.32660219073295593 and parameters: {'mlp_n_layers': 3, 'mlp_dim_00': 405, 'mlp_dim_01': 371, 'mlp_dim_02': 510, 'node_hidden_dim': 68, 'edge_hidden_dim': 82, 'depth': 2, 'rep_dropout': 0.0124848730619068, 'train_learning_rate': 0.005138084185450134, 'train_lr_reduce': 0.6}. Best is trial 231 with value: 0.17593608796596527.
[I 2024-12-19 08:10:04,761] Trial 529 finished with value: 1.143487572669983 and parameters: {'mlp_n_layers': 2, 'mlp_dim_00': 411, 'mlp_dim_01': 464, 'node_hidden_dim': 125, 'edge_hidden_dim': 67, 'depth': 2, 'rep_dropout': 0.003519460262078177, 'train_learning_rate': 0.003270114907764379, 'train_lr_reduce': 0.6}. Best is trial 231 with value: 0.17593608796596527.
[I 2024-12-19 08:10:14,123] Trial 528 finished with value: 0.553615152835846 and parameters: {'mlp_n_layers': 2, 'mlp_dim_00': 501, 'mlp_dim_01': 410, 'node_hidden_dim': 101, 'edge_hidden_dim': 62, 'depth': 2, 'rep_dropout': 0.06748840886768981, 'train_learning_rate': 0.00326551411787864, 'train_lr_reduce': 0.6}. Best is trial 231 with value: 0.17593608796596527.
[I 2024-12-19 08:10:14,243] Trial 527 finished with value: 0.5087659358978271 and parameters: {'mlp_n_layers': 2, 'mlp_dim_00': 451, 'mlp_dim_01': 481, 'node_hidden_dim': 103, 'edge_hidden_dim': 52, 'depth': 2, 'rep_dropout': 0.04883971066754316, 'train_learning_rate': 0.00830682021898107, 'train_lr_reduce': 0.6}. Best is trial 231 with value: 0.17593608796596527.
[I 2024-12-19 08:10:20,063] Trial 532 finished with value: 1.1421985626220703 and parameters: {'mlp_n_layers': 2, 'mlp_dim_00': 440, 'mlp_dim_01': 320, 'node_hidden_dim': 109, 'edge_hidden_dim': 36, 'depth': 2, 'rep_dropout': 0.07125949895834655, 'train_learning_rate': 0.0028869866879692417, 'train_lr_reduce': 0.6}. Best is trial 231 with value: 0.17593608796596527.
[I 2024-12-19 08:10:25,990] Trial 533 finished with value: 1.142228364944458 and parameters: {'mlp_n_layers': 2, 'mlp_dim_00': 416, 'mlp_dim_01': 487, 'node_hidden_dim': 109, 'edge_hidden_dim': 51, 'depth': 2, 'rep_dropout': 0.010509521139631509, 'train_learning_rate': 0.0026692128351023196, 'train_lr_reduce': 0.6}. Best is trial 231 with value: 0.17593608796596527.
[I 2024-12-19 08:10:26,846] Trial 530 finished with value: 0.2455781251192093 and parameters: {'mlp_n_layers': 2, 'mlp_dim_00': 392, 'mlp_dim_01': 483, 'node_hidden_dim': 127, 'edge_hidden_dim': 82, 'depth': 2, 'rep_dropout': 0.015037690347411467, 'train_learning_rate': 0.0066348255052696755, 'train_lr_reduce': 0.6}. Best is trial 231 with value: 0.17593608796596527.
[I 2024-12-19 08:10:33,390] Trial 535 finished with value: 1.1424055099487305 and parameters: {'mlp_n_layers': 2, 'mlp_dim_00': 479, 'mlp_dim_01': 504, 'node_hidden_dim': 110, 'edge_hidden_dim': 60, 'depth': 2, 'rep_dropout': 0.05225398441675411, 'train_learning_rate': 0.003636545203184751, 'train_lr_reduce': 0.6}. Best is trial 231 with value: 0.17593608796596527.
[I 2024-12-19 08:10:33,788] Trial 531 finished with value: 0.2085159718990326 and parameters: {'mlp_n_layers': 2, 'mlp_dim_00': 419, 'mlp_dim_01': 497, 'node_hidden_dim': 114, 'edge_hidden_dim': 67, 'depth': 2, 'rep_dropout': 0.02073834628889505, 'train_learning_rate': 0.006805998673664953, 'train_lr_reduce': 0.6}. Best is trial 231 with value: 0.17593608796596527.
[I 2024-12-19 08:10:40,823] Trial 537 finished with value: 1.1425776481628418 and parameters: {'mlp_n_layers': 3, 'mlp_dim_00': 436, 'mlp_dim_01': 506, 'mlp_dim_02': 509, 'node_hidden_dim': 55, 'edge_hidden_dim': 112, 'depth': 2, 'rep_dropout': 0.24746274785285205, 'train_learning_rate': 0.00017702312280993545, 'train_lr_reduce': 0.6}. Best is trial 231 with value: 0.17593608796596527.
[I 2024-12-19 08:10:43,135] Trial 534 finished with value: 0.39639943838119507 and parameters: {'mlp_n_layers': 2, 'mlp_dim_00': 482, 'mlp_dim_01': 500, 'node_hidden_dim': 103, 'edge_hidden_dim': 34, 'depth': 2, 'rep_dropout': 0.06681868571998129, 'train_learning_rate': 0.007808996894426236, 'train_lr_reduce': 0.6}. Best is trial 231 with value: 0.17593608796596527.
[I 2024-12-19 08:10:56,685] Trial 536 finished with value: 0.4939888119697571 and parameters: {'mlp_n_layers': 2, 'mlp_dim_00': 432, 'mlp_dim_01': 478, 'node_hidden_dim': 115, 'edge_hidden_dim': 84, 'depth': 2, 'rep_dropout': 0.036315313898495946, 'train_learning_rate': 0.0034192897985567666, 'train_lr_reduce': 0.6}. Best is trial 231 with value: 0.17593608796596527.
[I 2024-12-19 08:11:01,612] Trial 538 finished with value: 0.4665091037750244 and parameters: {'mlp_n_layers': 2, 'mlp_dim_00': 436, 'mlp_dim_01': 406, 'node_hidden_dim': 106, 'edge_hidden_dim': 72, 'depth': 2, 'rep_dropout': 0.02074534808115604, 'train_learning_rate': 0.009577562816892989, 'train_lr_reduce': 0.6}. Best is trial 231 with value: 0.17593608796596527.
[I 2024-12-19 08:11:04,427] Trial 540 finished with value: 1.1423754692077637 and parameters: {'mlp_n_layers': 2, 'mlp_dim_00': 491, 'mlp_dim_01': 303, 'node_hidden_dim': 123, 'edge_hidden_dim': 127, 'depth': 4, 'rep_dropout': 0.1387234319008951, 'train_learning_rate': 0.0002819419984088549, 'train_lr_reduce': 0.6}. Best is trial 231 with value: 0.17593608796596527.
[I 2024-12-19 08:11:05,097] Trial 539 finished with value: 0.21005874872207642 and parameters: {'mlp_n_layers': 2, 'mlp_dim_00': 484, 'mlp_dim_01': 479, 'node_hidden_dim': 104, 'edge_hidden_dim': 53, 'depth': 2, 'rep_dropout': 0.014191476084815875, 'train_learning_rate': 0.00895281567585722, 'train_lr_reduce': 0.6}. Best is trial 231 with value: 0.17593608796596527.
[I 2024-12-19 08:11:22,514] Trial 541 finished with value: 0.3779011070728302 and parameters: {'mlp_n_layers': 2, 'mlp_dim_00': 496, 'mlp_dim_01': 465, 'node_hidden_dim': 127, 'edge_hidden_dim': 76, 'depth': 2, 'rep_dropout': 0.034748104125218726, 'train_learning_rate': 0.005265327779331892, 'train_lr_reduce': 0.6}. Best is trial 231 with value: 0.17593608796596527.
[I 2024-12-19 08:11:27,213] Trial 543 finished with value: 0.36981359124183655 and parameters: {'mlp_n_layers': 2, 'mlp_dim_00': 353, 'mlp_dim_01': 452, 'node_hidden_dim': 117, 'edge_hidden_dim': 58, 'depth': 2, 'rep_dropout': 0.0006053815173391354, 'train_learning_rate': 0.006819224892859327, 'train_lr_reduce': 0.6}. Best is trial 231 with value: 0.17593608796596527.
[I 2024-12-19 08:11:27,525] Trial 542 finished with value: 0.4797371029853821 and parameters: {'mlp_n_layers': 2, 'mlp_dim_00': 228, 'mlp_dim_01': 440, 'node_hidden_dim': 36, 'edge_hidden_dim': 33, 'depth': 2, 'rep_dropout': 0.05286528462181439, 'train_learning_rate': 0.007594964155947897, 'train_lr_reduce': 0.6}. Best is trial 231 with value: 0.17593608796596527.
[I 2024-12-19 08:11:29,940] Trial 544 finished with value: 1.1418770551681519 and parameters: {'mlp_n_layers': 4, 'mlp_dim_00': 415, 'mlp_dim_01': 415, 'mlp_dim_02': 511, 'mlp_dim_03': 280, 'node_hidden_dim': 99, 'edge_hidden_dim': 37, 'depth': 4, 'rep_dropout': 0.16310148206050862, 'train_learning_rate': 0.007695564459472177, 'train_lr_reduce': 0.6}. Best is trial 231 with value: 0.17593608796596527.
[I 2024-12-19 08:11:34,770] Trial 546 finished with value: 1.1452964544296265 and parameters: {'mlp_n_layers': 3, 'mlp_dim_00': 188, 'mlp_dim_01': 87, 'mlp_dim_02': 511, 'node_hidden_dim': 119, 'edge_hidden_dim': 104, 'depth': 3, 'rep_dropout': 0.13035407100540355, 'train_learning_rate': 0.0008998104316292348, 'train_lr_reduce': 0.6}. Best is trial 231 with value: 0.17593608796596527.
[I 2024-12-19 08:11:49,473] Trial 545 finished with value: 0.4685445725917816 and parameters: {'mlp_n_layers': 2, 'mlp_dim_00': 425, 'mlp_dim_01': 455, 'node_hidden_dim': 110, 'edge_hidden_dim': 57, 'depth': 2, 'rep_dropout': 0.0033861236822044193, 'train_learning_rate': 0.006353991852100075, 'train_lr_reduce': 0.6}. Best is trial 231 with value: 0.17593608796596527.
[I 2024-12-19 08:11:50,493] Trial 547 finished with value: 0.5297349095344543 and parameters: {'mlp_n_layers': 2, 'mlp_dim_00': 474, 'mlp_dim_01': 507, 'node_hidden_dim': 101, 'edge_hidden_dim': 60, 'depth': 2, 'rep_dropout': 0.0010665231897644852, 'train_learning_rate': 0.008806918101650523, 'train_lr_reduce': 0.6}. Best is trial 231 with value: 0.17593608796596527.
[I 2024-12-19 08:11:55,132] Trial 548 finished with value: 0.67137211561203 and parameters: {'mlp_n_layers': 3, 'mlp_dim_00': 504, 'mlp_dim_01': 512, 'mlp_dim_02': 460, 'node_hidden_dim': 120, 'edge_hidden_dim': 67, 'depth': 3, 'rep_dropout': 0.052095699575391397, 'train_learning_rate': 0.004311796207653022, 'train_lr_reduce': 0.6}. Best is trial 231 with value: 0.17593608796596527.
[I 2024-12-19 08:11:55,923] Trial 549 finished with value: 1.147092342376709 and parameters: {'mlp_n_layers': 3, 'mlp_dim_00': 411, 'mlp_dim_01': 508, 'mlp_dim_02': 511, 'node_hidden_dim': 122, 'edge_hidden_dim': 81, 'depth': 2, 'rep_dropout': 0.06171378141590674, 'train_learning_rate': 0.0039952092533829635, 'train_lr_reduce': 0.6}. Best is trial 231 with value: 0.17593608796596527.
[I 2024-12-19 08:12:02,100] Trial 550 finished with value: 0.5343272089958191 and parameters: {'mlp_n_layers': 2, 'mlp_dim_00': 434, 'mlp_dim_01': 495, 'node_hidden_dim': 113, 'edge_hidden_dim': 71, 'depth': 2, 'rep_dropout': 0.06066329767753799, 'train_learning_rate': 0.005814537097008422, 'train_lr_reduce': 0.6}. Best is trial 231 with value: 0.17593608796596527.
[I 2024-12-19 08:12:19,699] Trial 552 finished with value: 0.4087294340133667 and parameters: {'mlp_n_layers': 2, 'mlp_dim_00': 387, 'mlp_dim_01': 497, 'node_hidden_dim': 119, 'edge_hidden_dim': 96, 'depth': 3, 'rep_dropout': 0.04166784403825506, 'train_learning_rate': 0.0059069524784071915, 'train_lr_reduce': 0.6}. Best is trial 231 with value: 0.17593608796596527.
[I 2024-12-19 08:12:20,233] Trial 551 finished with value: 0.5170570015907288 and parameters: {'mlp_n_layers': 2, 'mlp_dim_00': 369, 'mlp_dim_01': 488, 'node_hidden_dim': 128, 'edge_hidden_dim': 41, 'depth': 2, 'rep_dropout': 0.007871502367646664, 'train_learning_rate': 0.006697162137847878, 'train_lr_reduce': 0.6}. Best is trial 231 with value: 0.17593608796596527.
[I 2024-12-19 08:12:22,984] Trial 553 finished with value: 0.7059953212738037 and parameters: {'mlp_n_layers': 2, 'mlp_dim_00': 378, 'mlp_dim_01': 508, 'node_hidden_dim': 117, 'edge_hidden_dim': 89, 'depth': 2, 'rep_dropout': 0.022149012314670813, 'train_learning_rate': 0.009515751833956131, 'train_lr_reduce': 0.6}. Best is trial 231 with value: 0.17593608796596527.
[I 2024-12-19 08:12:37,629] Trial 556 finished with value: 0.46045902371406555 and parameters: {'mlp_n_layers': 2, 'mlp_dim_00': 419, 'mlp_dim_01': 499, 'node_hidden_dim': 126, 'edge_hidden_dim': 67, 'depth': 2, 'rep_dropout': 0.01457223399530642, 'train_learning_rate': 0.005005423898978277, 'train_lr_reduce': 0.6}. Best is trial 231 with value: 0.17593608796596527.
[I 2024-12-19 08:12:42,254] Trial 554 finished with value: 0.3303217589855194 and parameters: {'mlp_n_layers': 2, 'mlp_dim_00': 223, 'mlp_dim_01': 369, 'node_hidden_dim': 102, 'edge_hidden_dim': 59, 'depth': 2, 'rep_dropout': 0.10634136471734729, 'train_learning_rate': 0.008327645913431282, 'train_lr_reduce': 0.6}. Best is trial 231 with value: 0.17593608796596527.
[I 2024-12-19 08:12:44,282] Trial 555 finished with value: 0.6135056614875793 and parameters: {'mlp_n_layers': 2, 'mlp_dim_00': 379, 'mlp_dim_01': 503, 'node_hidden_dim': 89, 'edge_hidden_dim': 39, 'depth': 2, 'rep_dropout': 0.021271184020021337, 'train_learning_rate': 0.007118015237044286, 'train_lr_reduce': 0.6}. Best is trial 231 with value: 0.17593608796596527.
[I 2024-12-19 08:12:49,333] Trial 558 finished with value: 1.1498818397521973 and parameters: {'mlp_n_layers': 3, 'mlp_dim_00': 263, 'mlp_dim_01': 427, 'mlp_dim_02': 512, 'node_hidden_dim': 118, 'edge_hidden_dim': 81, 'depth': 2, 'rep_dropout': 0.02224062324835066, 'train_learning_rate': 0.0014777036081113756, 'train_lr_reduce': 0.6}. Best is trial 231 with value: 0.17593608796596527.
[I 2024-12-19 08:12:51,203] Trial 559 finished with value: 1.1461137533187866 and parameters: {'mlp_n_layers': 2, 'mlp_dim_00': 399, 'mlp_dim_01': 456, 'node_hidden_dim': 128, 'edge_hidden_dim': 79, 'depth': 2, 'rep_dropout': 0.08174295934206235, 'train_learning_rate': 0.002613307291468154, 'train_lr_reduce': 0.6}. Best is trial 231 with value: 0.17593608796596527.
[I 2024-12-19 08:12:55,761] Trial 560 finished with value: 1.1440935134887695 and parameters: {'mlp_n_layers': 2, 'mlp_dim_00': 358, 'mlp_dim_01': 501, 'node_hidden_dim': 127, 'edge_hidden_dim': 95, 'depth': 2, 'rep_dropout': 0.03357327460528012, 'train_learning_rate': 0.002651968826659836, 'train_lr_reduce': 0.6}. Best is trial 231 with value: 0.17593608796596527.
[I 2024-12-19 08:12:59,127] Trial 561 finished with value: 1.1485382318496704 and parameters: {'mlp_n_layers': 4, 'mlp_dim_00': 418, 'mlp_dim_01': 377, 'mlp_dim_02': 444, 'mlp_dim_03': 179, 'node_hidden_dim': 124, 'edge_hidden_dim': 96, 'depth': 3, 'rep_dropout': 0.0734099054151168, 'train_learning_rate': 0.004928813582030316, 'train_lr_reduce': 0.6}. Best is trial 231 with value: 0.17593608796596527.
[I 2024-12-19 08:12:59,404] Trial 557 finished with value: 0.301641583442688 and parameters: {'mlp_n_layers': 2, 'mlp_dim_00': 428, 'mlp_dim_01': 502, 'node_hidden_dim': 125, 'edge_hidden_dim': 74, 'depth': 2, 'rep_dropout': 0.018719421033025936, 'train_learning_rate': 0.008394385282527205, 'train_lr_reduce': 0.6}. Best is trial 231 with value: 0.17593608796596527.
[I 2024-12-19 08:13:02,109] Trial 562 finished with value: 1.143648386001587 and parameters: {'mlp_n_layers': 4, 'mlp_dim_00': 488, 'mlp_dim_01': 371, 'mlp_dim_02': 455, 'mlp_dim_03': 352, 'node_hidden_dim': 91, 'edge_hidden_dim': 76, 'depth': 2, 'rep_dropout': 0.011768391446057735, 'train_learning_rate': 0.0022908312462067114, 'train_lr_reduce': 0.6}. Best is trial 231 with value: 0.17593608796596527.
[I 2024-12-19 08:13:06,049] Trial 564 finished with value: 1.1423286199569702 and parameters: {'mlp_n_layers': 4, 'mlp_dim_00': 432, 'mlp_dim_01': 101, 'mlp_dim_02': 196, 'mlp_dim_03': 130, 'node_hidden_dim': 47, 'edge_hidden_dim': 43, 'depth': 2, 'rep_dropout': 0.21761017000249294, 'train_learning_rate': 0.0009135244762592294, 'train_lr_reduce': 0.6}. Best is trial 231 with value: 0.17593608796596527.
[I 2024-12-19 08:13:07,960] Trial 565 finished with value: 1.1477922201156616 and parameters: {'mlp_n_layers': 2, 'mlp_dim_00': 382, 'mlp_dim_01': 488, 'node_hidden_dim': 97, 'edge_hidden_dim': 73, 'depth': 2, 'rep_dropout': 0.08140991569788378, 'train_learning_rate': 0.0041740879438802786, 'train_lr_reduce': 0.6}. Best is trial 231 with value: 0.17593608796596527.
[I 2024-12-19 08:13:11,942] Trial 566 finished with value: 1.1440304517745972 and parameters: {'mlp_n_layers': 2, 'mlp_dim_00': 440, 'mlp_dim_01': 463, 'node_hidden_dim': 77, 'edge_hidden_dim': 81, 'depth': 2, 'rep_dropout': 0.0681884952350193, 'train_learning_rate': 0.009918297854130426, 'train_lr_reduce': 0.6}. Best is trial 231 with value: 0.17593608796596527.
[I 2024-12-19 08:13:17,653] Trial 568 finished with value: 1.1451804637908936 and parameters: {'mlp_n_layers': 2, 'mlp_dim_00': 265, 'mlp_dim_01': 489, 'node_hidden_dim': 117, 'edge_hidden_dim': 83, 'depth': 2, 'rep_dropout': 0.012325846112429597, 'train_learning_rate': 0.0026352576695355266, 'train_lr_reduce': 0.6}. Best is trial 231 with value: 0.17593608796596527.
[I 2024-12-19 08:13:21,247] Trial 563 finished with value: 0.2725939154624939 and parameters: {'mlp_n_layers': 2, 'mlp_dim_00': 352, 'mlp_dim_01': 477, 'node_hidden_dim': 93, 'edge_hidden_dim': 74, 'depth': 2, 'rep_dropout': 0.022878961837481455, 'train_learning_rate': 0.004010016352096024, 'train_lr_reduce': 0.6}. Best is trial 231 with value: 0.17593608796596527.
[I 2024-12-19 08:13:28,788] Trial 567 finished with value: 0.527940034866333 and parameters: {'mlp_n_layers': 2, 'mlp_dim_00': 342, 'mlp_dim_01': 298, 'node_hidden_dim': 126, 'edge_hidden_dim': 56, 'depth': 2, 'rep_dropout': 0.05781960811944544, 'train_learning_rate': 0.006412205126437436, 'train_lr_reduce': 0.6}. Best is trial 231 with value: 0.17593608796596527.
[I 2024-12-19 08:13:35,778] Trial 571 finished with value: 1.1463353633880615 and parameters: {'mlp_n_layers': 4, 'mlp_dim_00': 509, 'mlp_dim_01': 337, 'mlp_dim_02': 510, 'mlp_dim_03': 231, 'node_hidden_dim': 100, 'edge_hidden_dim': 36, 'depth': 2, 'rep_dropout': 0.05092309793402261, 'train_learning_rate': 0.009706202036468782, 'train_lr_reduce': 0.6}. Best is trial 231 with value: 0.17593608796596527.
[I 2024-12-19 08:13:39,520] Trial 569 finished with value: 0.47825130820274353 and parameters: {'mlp_n_layers': 2, 'mlp_dim_00': 497, 'mlp_dim_01': 441, 'node_hidden_dim': 83, 'edge_hidden_dim': 73, 'depth': 3, 'rep_dropout': 0.010252972668103912, 'train_learning_rate': 0.005972700477366948, 'train_lr_reduce': 0.6}. Best is trial 231 with value: 0.17593608796596527.
