[I 2024-12-20 00:33:57,843] Trial 1106 finished with value: 1.3122014999389648 and parameters: {'mlp_n_layers': 4, 'mlp_dim_00': 326, 'mlp_dim_01': 213, 'mlp_dim_02': 436, 'mlp_dim_03': 240, 'node_hidden_dim': 69, 'edge_hidden_dim': 77, 'depth': 1, 'rep_dropout': 0.0810224298388466, 'train_learning_rate': 0.005343598392705351, 'train_lr_reduce': 0.6}. Best is trial 558 with value: 0.30280801653862.
[I 2024-12-20 00:33:59,622] Trial 1107 finished with value: 1.311768889427185 and parameters: {'mlp_n_layers': 4, 'mlp_dim_00': 387, 'mlp_dim_01': 275, 'mlp_dim_02': 395, 'mlp_dim_03': 291, 'node_hidden_dim': 76, 'edge_hidden_dim': 85, 'depth': 2, 'rep_dropout': 0.053865615216459786, 'train_learning_rate': 0.004020146620225128, 'train_lr_reduce': 0.6}. Best is trial 558 with value: 0.30280801653862.
[I 2024-12-20 00:34:03,314] Trial 1110 finished with value: 1.4690492153167725 and parameters: {'mlp_n_layers': 4, 'mlp_dim_00': 368, 'mlp_dim_01': 281, 'mlp_dim_02': 383, 'mlp_dim_03': 262, 'node_hidden_dim': 37, 'edge_hidden_dim': 95, 'depth': 1, 'rep_dropout': 0.07985182844034563, 'train_learning_rate': 0.0024957743624631555, 'train_lr_reduce': 0.6}. Best is trial 558 with value: 0.30280801653862.
[I 2024-12-20 00:34:07,397] Trial 1111 finished with value: 1.550919771194458 and parameters: {'mlp_n_layers': 3, 'mlp_dim_00': 497, 'mlp_dim_01': 220, 'mlp_dim_02': 511, 'node_hidden_dim': 114, 'edge_hidden_dim': 39, 'depth': 1, 'rep_dropout': 0.0010487129503475297, 'train_learning_rate': 0.0010725166375218252, 'train_lr_reduce': 0.6}. Best is trial 558 with value: 0.30280801653862.
[I 2024-12-20 00:34:14,322] Trial 1108 finished with value: 0.3760645091533661 and parameters: {'mlp_n_layers': 4, 'mlp_dim_00': 284, 'mlp_dim_01': 265, 'mlp_dim_02': 446, 'mlp_dim_03': 326, 'node_hidden_dim': 122, 'edge_hidden_dim': 42, 'depth': 1, 'rep_dropout': 3.152743137822822e-05, 'train_learning_rate': 0.0023145487507021363, 'train_lr_reduce': 0.6}. Best is trial 558 with value: 0.30280801653862.
[I 2024-12-20 00:34:20,661] Trial 1109 finished with value: 0.39476048946380615 and parameters: {'mlp_n_layers': 4, 'mlp_dim_00': 255, 'mlp_dim_01': 169, 'mlp_dim_02': 367, 'mlp_dim_03': 354, 'node_hidden_dim': 122, 'edge_hidden_dim': 38, 'depth': 1, 'rep_dropout': 0.0036846481588597786, 'train_learning_rate': 0.001954941593190046, 'train_lr_reduce': 0.6}. Best is trial 558 with value: 0.30280801653862.
[I 2024-12-20 00:34:24,610] Trial 1114 finished with value: 1.3217660188674927 and parameters: {'mlp_n_layers': 4, 'mlp_dim_00': 373, 'mlp_dim_01': 169, 'mlp_dim_02': 437, 'mlp_dim_03': 228, 'node_hidden_dim': 66, 'edge_hidden_dim': 87, 'depth': 1, 'rep_dropout': 0.05848534713170863, 'train_learning_rate': 0.00405141586901544, 'train_lr_reduce': 0.6}. Best is trial 558 with value: 0.30280801653862.
[I 2024-12-20 00:34:27,301] Trial 1112 finished with value: 0.36172229051589966 and parameters: {'mlp_n_layers': 4, 'mlp_dim_00': 184, 'mlp_dim_01': 280, 'mlp_dim_02': 378, 'mlp_dim_03': 357, 'node_hidden_dim': 118, 'edge_hidden_dim': 52, 'depth': 1, 'rep_dropout': 3.083514093084848e-05, 'train_learning_rate': 0.001412245912793784, 'train_lr_reduce': 0.6}. Best is trial 558 with value: 0.30280801653862.
[I 2024-12-20 00:34:28,582] Trial 1115 finished with value: 1.559201955795288 and parameters: {'mlp_n_layers': 3, 'mlp_dim_00': 381, 'mlp_dim_01': 286, 'mlp_dim_02': 362, 'node_hidden_dim': 122, 'edge_hidden_dim': 43, 'depth': 1, 'rep_dropout': 0.002257976802495439, 'train_learning_rate': 0.0007245031511476801, 'train_lr_reduce': 0.6}. Best is trial 558 with value: 0.30280801653862.
[I 2024-12-20 00:34:30,765] Trial 1116 finished with value: 1.5647763013839722 and parameters: {'mlp_n_layers': 4, 'mlp_dim_00': 216, 'mlp_dim_01': 232, 'mlp_dim_02': 427, 'mlp_dim_03': 361, 'node_hidden_dim': 118, 'edge_hidden_dim': 39, 'depth': 1, 'rep_dropout': 0.007641683356210492, 'train_learning_rate': 0.0006267950799099824, 'train_lr_reduce': 0.6}. Best is trial 558 with value: 0.30280801653862.
[I 2024-12-20 00:34:30,784] Trial 1113 finished with value: 0.3758394420146942 and parameters: {'mlp_n_layers': 4, 'mlp_dim_00': 228, 'mlp_dim_01': 217, 'mlp_dim_02': 400, 'mlp_dim_03': 295, 'node_hidden_dim': 127, 'edge_hidden_dim': 58, 'depth': 1, 'rep_dropout': 0.0018103892999595098, 'train_learning_rate': 0.0013666093302352768, 'train_lr_reduce': 0.6}. Best is trial 558 with value: 0.30280801653862.
[I 2024-12-20 00:34:34,704] Trial 1119 finished with value: 1.4867970943450928 and parameters: {'mlp_n_layers': 4, 'mlp_dim_00': 299, 'mlp_dim_01': 176, 'mlp_dim_02': 406, 'mlp_dim_03': 363, 'node_hidden_dim': 127, 'edge_hidden_dim': 56, 'depth': 2, 'rep_dropout': 0.0345338741597675, 'train_learning_rate': 0.0021729147777834437, 'train_lr_reduce': 0.6}. Best is trial 558 with value: 0.30280801653862.
[I 2024-12-20 00:34:34,780] Trial 1118 finished with value: 1.5595202445983887 and parameters: {'mlp_n_layers': 3, 'mlp_dim_00': 459, 'mlp_dim_01': 182, 'mlp_dim_02': 371, 'node_hidden_dim': 57, 'edge_hidden_dim': 104, 'depth': 2, 'rep_dropout': 0.07864806944672977, 'train_learning_rate': 0.0009999220820123857, 'train_lr_reduce': 0.6}. Best is trial 558 with value: 0.30280801653862.
[I 2024-12-20 00:34:37,386] Trial 1117 finished with value: 0.4527553915977478 and parameters: {'mlp_n_layers': 4, 'mlp_dim_00': 508, 'mlp_dim_01': 280, 'mlp_dim_02': 361, 'mlp_dim_03': 304, 'node_hidden_dim': 91, 'edge_hidden_dim': 77, 'depth': 1, 'rep_dropout': 0.04287044834889111, 'train_learning_rate': 0.002863888812390119, 'train_lr_reduce': 0.6}. Best is trial 558 with value: 0.30280801653862.
[I 2024-12-20 00:34:42,627] Trial 1120 finished with value: 1.3636267185211182 and parameters: {'mlp_n_layers': 4, 'mlp_dim_00': 374, 'mlp_dim_01': 279, 'mlp_dim_02': 455, 'mlp_dim_03': 283, 'node_hidden_dim': 59, 'edge_hidden_dim': 89, 'depth': 2, 'rep_dropout': 0.06327806144223322, 'train_learning_rate': 0.0019182123972678543, 'train_lr_reduce': 0.6}. Best is trial 558 with value: 0.30280801653862.
[I 2024-12-20 00:34:46,541] Trial 1123 finished with value: 1.2879995107650757 and parameters: {'mlp_n_layers': 3, 'mlp_dim_00': 247, 'mlp_dim_01': 238, 'mlp_dim_02': 431, 'node_hidden_dim': 123, 'edge_hidden_dim': 34, 'depth': 2, 'rep_dropout': 0.04258060917748925, 'train_learning_rate': 0.0038563308109111944, 'train_lr_reduce': 0.6}. Best is trial 558 with value: 0.30280801653862.
[I 2024-12-20 00:34:49,693] Trial 1121 finished with value: 0.353956013917923 and parameters: {'mlp_n_layers': 4, 'mlp_dim_00': 488, 'mlp_dim_01': 225, 'mlp_dim_02': 355, 'mlp_dim_03': 343, 'node_hidden_dim': 99, 'edge_hidden_dim': 50, 'depth': 1, 'rep_dropout': 0.0025261261922065927, 'train_learning_rate': 0.0014512104893819016, 'train_lr_reduce': 0.6}. Best is trial 558 with value: 0.30280801653862.
[I 2024-12-20 00:34:59,353] Trial 1122 finished with value: 0.32137182354927063 and parameters: {'mlp_n_layers': 3, 'mlp_dim_00': 188, 'mlp_dim_01': 294, 'mlp_dim_02': 365, 'node_hidden_dim': 124, 'edge_hidden_dim': 44, 'depth': 1, 'rep_dropout': 0.009918914517633848, 'train_learning_rate': 0.0020511852814859934, 'train_lr_reduce': 0.6}. Best is trial 558 with value: 0.30280801653862.
[I 2024-12-20 00:35:02,815] Trial 1125 finished with value: 0.45022445917129517 and parameters: {'mlp_n_layers': 4, 'mlp_dim_00': 223, 'mlp_dim_01': 291, 'mlp_dim_02': 344, 'mlp_dim_03': 253, 'node_hidden_dim': 124, 'edge_hidden_dim': 32, 'depth': 1, 'rep_dropout': 0.011723052306731149, 'train_learning_rate': 0.0020828272919821275, 'train_lr_reduce': 0.6}. Best is trial 558 with value: 0.30280801653862.
[I 2024-12-20 00:35:04,080] Trial 1126 finished with value: 1.57666015625 and parameters: {'mlp_n_layers': 4, 'mlp_dim_00': 508, 'mlp_dim_01': 307, 'mlp_dim_02': 372, 'mlp_dim_03': 245, 'node_hidden_dim': 121, 'edge_hidden_dim': 43, 'depth': 1, 'rep_dropout': 0.009074001425415913, 'train_learning_rate': 0.0005052892503503867, 'train_lr_reduce': 0.6}. Best is trial 558 with value: 0.30280801653862.
[I 2024-12-20 00:35:07,865] Trial 1128 finished with value: 1.5188571214675903 and parameters: {'mlp_n_layers': 3, 'mlp_dim_00': 437, 'mlp_dim_01': 303, 'mlp_dim_02': 387, 'node_hidden_dim': 47, 'edge_hidden_dim': 88, 'depth': 1, 'rep_dropout': 0.07523971595103501, 'train_learning_rate': 0.0010195566608487581, 'train_lr_reduce': 0.6}. Best is trial 558 with value: 0.30280801653862.
[I 2024-12-20 00:35:11,837] Trial 1129 finished with value: 1.306023359298706 and parameters: {'mlp_n_layers': 3, 'mlp_dim_00': 508, 'mlp_dim_01': 305, 'mlp_dim_02': 363, 'node_hidden_dim': 64, 'edge_hidden_dim': 119, 'depth': 1, 'rep_dropout': 0.055179643118375754, 'train_learning_rate': 0.009018451878519405, 'train_lr_reduce': 0.6}. Best is trial 558 with value: 0.30280801653862.
[I 2024-12-20 00:35:15,225] Trial 1124 finished with value: 0.4009236693382263 and parameters: {'mlp_n_layers': 4, 'mlp_dim_00': 432, 'mlp_dim_01': 284, 'mlp_dim_02': 396, 'mlp_dim_03': 358, 'node_hidden_dim': 109, 'edge_hidden_dim': 36, 'depth': 1, 'rep_dropout': 0.002400924676064703, 'train_learning_rate': 0.002759458663737326, 'train_lr_reduce': 0.6}. Best is trial 558 with value: 0.30280801653862.
[I 2024-12-20 00:35:19,957] Trial 1131 finished with value: 1.5475187301635742 and parameters: {'mlp_n_layers': 4, 'mlp_dim_00': 198, 'mlp_dim_01': 315, 'mlp_dim_02': 354, 'mlp_dim_03': 216, 'node_hidden_dim': 73, 'edge_hidden_dim': 60, 'depth': 1, 'rep_dropout': 0.13672300605606763, 'train_learning_rate': 0.0001927329661937211, 'train_lr_reduce': 0.6}. Best is trial 558 with value: 0.30280801653862.
[I 2024-12-20 00:35:21,849] Trial 1127 finished with value: 0.34317758679389954 and parameters: {'mlp_n_layers': 4, 'mlp_dim_00': 485, 'mlp_dim_01': 317, 'mlp_dim_02': 360, 'mlp_dim_03': 266, 'node_hidden_dim': 124, 'edge_hidden_dim': 35, 'depth': 1, 'rep_dropout': 0.00648557171755323, 'train_learning_rate': 0.0015999791918833097, 'train_lr_reduce': 0.6}. Best is trial 558 with value: 0.30280801653862.
[I 2024-12-20 00:35:24,441] Trial 1132 finished with value: 1.3795819282531738 and parameters: {'mlp_n_layers': 3, 'mlp_dim_00': 207, 'mlp_dim_01': 286, 'mlp_dim_02': 352, 'node_hidden_dim': 127, 'edge_hidden_dim': 68, 'depth': 2, 'rep_dropout': 0.0009218825145165302, 'train_learning_rate': 0.0020172628622486203, 'train_lr_reduce': 0.6}. Best is trial 558 with value: 0.30280801653862.
[I 2024-12-20 00:35:25,607] Trial 1133 finished with value: 1.5588698387145996 and parameters: {'mlp_n_layers': 3, 'mlp_dim_00': 136, 'mlp_dim_01': 307, 'mlp_dim_02': 405, 'node_hidden_dim': 110, 'edge_hidden_dim': 50, 'depth': 1, 'rep_dropout': 0.007742837187311349, 'train_learning_rate': 0.0006309014479706039, 'train_lr_reduce': 0.6}. Best is trial 558 with value: 0.30280801653862.
[I 2024-12-20 00:35:28,036] Trial 1134 finished with value: 1.3012017011642456 and parameters: {'mlp_n_layers': 3, 'mlp_dim_00': 125, 'mlp_dim_01': 336, 'mlp_dim_02': 347, 'node_hidden_dim': 107, 'edge_hidden_dim': 36, 'depth': 1, 'rep_dropout': 0.011706108533356114, 'train_learning_rate': 0.006853100150144119, 'train_lr_reduce': 0.6}. Best is trial 558 with value: 0.30280801653862.
[I 2024-12-20 00:35:29,359] Trial 1135 finished with value: 1.57053804397583 and parameters: {'mlp_n_layers': 3, 'mlp_dim_00': 223, 'mlp_dim_01': 275, 'mlp_dim_02': 417, 'node_hidden_dim': 122, 'edge_hidden_dim': 39, 'depth': 2, 'rep_dropout': 0.04396625397159902, 'train_learning_rate': 0.0007756703644154204, 'train_lr_reduce': 0.6}. Best is trial 558 with value: 0.30280801653862.
[I 2024-12-20 00:35:30,287] Trial 1130 finished with value: 0.37280094623565674 and parameters: {'mlp_n_layers': 4, 'mlp_dim_00': 199, 'mlp_dim_01': 158, 'mlp_dim_02': 399, 'mlp_dim_03': 293, 'node_hidden_dim': 125, 'edge_hidden_dim': 42, 'depth': 1, 'rep_dropout': 0.012170960535849042, 'train_learning_rate': 0.00461862462144101, 'train_lr_reduce': 0.6}. Best is trial 558 with value: 0.30280801653862.
[I 2024-12-20 00:35:33,876] Trial 1138 finished with value: 1.5436636209487915 and parameters: {'mlp_n_layers': 3, 'mlp_dim_00': 143, 'mlp_dim_01': 335, 'mlp_dim_02': 469, 'node_hidden_dim': 123, 'edge_hidden_dim': 40, 'depth': 1, 'rep_dropout': 0.0013285908573224055, 'train_learning_rate': 0.00048653618514634084, 'train_lr_reduce': 0.6}. Best is trial 558 with value: 0.30280801653862.
[I 2024-12-20 00:35:40,948] Trial 1139 finished with value: 1.3627866506576538 and parameters: {'mlp_n_layers': 4, 'mlp_dim_00': 413, 'mlp_dim_01': 199, 'mlp_dim_02': 392, 'mlp_dim_03': 302, 'node_hidden_dim': 65, 'edge_hidden_dim': 91, 'depth': 2, 'rep_dropout': 0.09832352958721693, 'train_learning_rate': 0.002517449550836735, 'train_lr_reduce': 0.6}. Best is trial 558 with value: 0.30280801653862.
[I 2024-12-20 00:35:43,316] Trial 1136 finished with value: 0.4905809760093689 and parameters: {'mlp_n_layers': 3, 'mlp_dim_00': 183, 'mlp_dim_01': 171, 'mlp_dim_02': 382, 'node_hidden_dim': 111, 'edge_hidden_dim': 62, 'depth': 1, 'rep_dropout': 0.017765875567393445, 'train_learning_rate': 0.006048993154638148, 'train_lr_reduce': 0.6}. Best is trial 558 with value: 0.30280801653862.
[I 2024-12-20 00:35:55,362] Trial 1137 finished with value: 0.33305811882019043 and parameters: {'mlp_n_layers': 4, 'mlp_dim_00': 293, 'mlp_dim_01': 315, 'mlp_dim_02': 341, 'mlp_dim_03': 98, 'node_hidden_dim': 110, 'edge_hidden_dim': 41, 'depth': 1, 'rep_dropout': 0.014844070715790381, 'train_learning_rate': 0.0008838405955869128, 'train_lr_reduce': 0.6}. Best is trial 558 with value: 0.30280801653862.
[I 2024-12-20 00:36:00,364] Trial 1142 finished with value: 1.5480419397354126 and parameters: {'mlp_n_layers': 4, 'mlp_dim_00': 170, 'mlp_dim_01': 291, 'mlp_dim_02': 324, 'mlp_dim_03': 102, 'node_hidden_dim': 108, 'edge_hidden_dim': 43, 'depth': 2, 'rep_dropout': 0.010202910100620936, 'train_learning_rate': 0.0006092593085697291, 'train_lr_reduce': 0.6}. Best is trial 558 with value: 0.30280801653862.
[I 2024-12-20 00:36:01,863] Trial 1140 finished with value: 0.3889946937561035 and parameters: {'mlp_n_layers': 3, 'mlp_dim_00': 175, 'mlp_dim_01': 256, 'mlp_dim_02': 341, 'node_hidden_dim': 128, 'edge_hidden_dim': 44, 'depth': 1, 'rep_dropout': 0.03880875560414537, 'train_learning_rate': 0.0007643288372517119, 'train_lr_reduce': 0.6}. Best is trial 558 with value: 0.30280801653862.
[I 2024-12-20 00:36:04,333] Trial 1143 finished with value: 1.5722380876541138 and parameters: {'mlp_n_layers': 4, 'mlp_dim_00': 221, 'mlp_dim_01': 285, 'mlp_dim_02': 326, 'mlp_dim_03': 117, 'node_hidden_dim': 105, 'edge_hidden_dim': 42, 'depth': 1, 'rep_dropout': 0.04605844322662066, 'train_learning_rate': 0.0006831831897382835, 'train_lr_reduce': 0.6}. Best is trial 558 with value: 0.30280801653862.
[I 2024-12-20 00:36:05,405] Trial 1144 finished with value: 1.31448495388031 and parameters: {'mlp_n_layers': 3, 'mlp_dim_00': 152, 'mlp_dim_01': 269, 'mlp_dim_02': 328, 'node_hidden_dim': 111, 'edge_hidden_dim': 54, 'depth': 1, 'rep_dropout': 0.0068115263669941885, 'train_learning_rate': 0.00364428221845521, 'train_lr_reduce': 0.6}. Best is trial 558 with value: 0.30280801653862.
[I 2024-12-20 00:36:07,690] Trial 1141 finished with value: 0.37812817096710205 and parameters: {'mlp_n_layers': 4, 'mlp_dim_00': 150, 'mlp_dim_01': 303, 'mlp_dim_02': 424, 'mlp_dim_03': 313, 'node_hidden_dim': 118, 'edge_hidden_dim': 55, 'depth': 1, 'rep_dropout': 0.05692744576254882, 'train_learning_rate': 0.0007810826876943269, 'train_lr_reduce': 0.6}. Best is trial 558 with value: 0.30280801653862.
[I 2024-12-20 00:36:12,080] Trial 1147 finished with value: 1.5631223917007446 and parameters: {'mlp_n_layers': 4, 'mlp_dim_00': 281, 'mlp_dim_01': 312, 'mlp_dim_02': 361, 'mlp_dim_03': 155, 'node_hidden_dim': 92, 'edge_hidden_dim': 34, 'depth': 2, 'rep_dropout': 0.021560306330468324, 'train_learning_rate': 0.0011010094237333852, 'train_lr_reduce': 0.6}. Best is trial 558 with value: 0.30280801653862.
[I 2024-12-20 00:36:19,003] Trial 1145 finished with value: 0.396707683801651 and parameters: {'mlp_n_layers': 4, 'mlp_dim_00': 456, 'mlp_dim_01': 298, 'mlp_dim_02': 331, 'mlp_dim_03': 96, 'node_hidden_dim': 90, 'edge_hidden_dim': 42, 'depth': 1, 'rep_dropout': 8.367982772248227e-05, 'train_learning_rate': 0.003947103925823997, 'train_lr_reduce': 0.6}. Best is trial 558 with value: 0.30280801653862.
[I 2024-12-20 00:36:19,601] Trial 1146 finished with value: 0.3966127932071686 and parameters: {'mlp_n_layers': 3, 'mlp_dim_00': 236, 'mlp_dim_01': 242, 'mlp_dim_02': 329, 'node_hidden_dim': 127, 'edge_hidden_dim': 44, 'depth': 1, 'rep_dropout': 0.03176225230712557, 'train_learning_rate': 0.0026060861302478165, 'train_lr_reduce': 0.6}. Best is trial 558 with value: 0.30280801653862.
[I 2024-12-20 00:36:22,560] Trial 1149 finished with value: 1.5537444353103638 and parameters: {'mlp_n_layers': 3, 'mlp_dim_00': 183, 'mlp_dim_01': 313, 'mlp_dim_02': 326, 'node_hidden_dim': 123, 'edge_hidden_dim': 35, 'depth': 2, 'rep_dropout': 0.02153001007859639, 'train_learning_rate': 0.0017373597003164816, 'train_lr_reduce': 0.6}. Best is trial 558 with value: 0.30280801653862.
[I 2024-12-20 00:36:22,760] Trial 1150 finished with value: 1.5500884056091309 and parameters: {'mlp_n_layers': 3, 'mlp_dim_00': 217, 'mlp_dim_01': 211, 'mlp_dim_02': 349, 'node_hidden_dim': 103, 'edge_hidden_dim': 58, 'depth': 1, 'rep_dropout': 0.012917057469932897, 'train_learning_rate': 0.0007792291552282121, 'train_lr_reduce': 0.6}. Best is trial 558 with value: 0.30280801653862.
[I 2024-12-20 00:36:26,690] Trial 1151 finished with value: 1.564069390296936 and parameters: {'mlp_n_layers': 2, 'mlp_dim_00': 194, 'mlp_dim_01': 323, 'node_hidden_dim': 83, 'edge_hidden_dim': 124, 'depth': 1, 'rep_dropout': 0.11422674370965505, 'train_learning_rate': 0.0002340019927729948, 'train_lr_reduce': 0.6}. Best is trial 558 with value: 0.30280801653862.
[I 2024-12-20 00:36:26,844] Trial 1152 finished with value: 1.5373462438583374 and parameters: {'mlp_n_layers': 4, 'mlp_dim_00': 343, 'mlp_dim_01': 280, 'mlp_dim_02': 313, 'mlp_dim_03': 71, 'node_hidden_dim': 99, 'edge_hidden_dim': 34, 'depth': 2, 'rep_dropout': 0.004529598478074904, 'train_learning_rate': 0.003918152878043532, 'train_lr_reduce': 0.6}. Best is trial 558 with value: 0.30280801653862.
[I 2024-12-20 00:36:32,951] Trial 1154 finished with value: 1.2906025648117065 and parameters: {'mlp_n_layers': 2, 'mlp_dim_00': 333, 'mlp_dim_01': 336, 'node_hidden_dim': 87, 'edge_hidden_dim': 87, 'depth': 3, 'rep_dropout': 0.023315811017719262, 'train_learning_rate': 0.009051349464675703, 'train_lr_reduce': 0.6}. Best is trial 558 with value: 0.30280801653862.
[I 2024-12-20 00:36:36,867] Trial 1148 finished with value: 0.4291920065879822 and parameters: {'mlp_n_layers': 4, 'mlp_dim_00': 240, 'mlp_dim_01': 256, 'mlp_dim_02': 333, 'mlp_dim_03': 211, 'node_hidden_dim': 108, 'edge_hidden_dim': 32, 'depth': 1, 'rep_dropout': 0.043675117973788855, 'train_learning_rate': 0.0011694810698992184, 'train_lr_reduce': 0.6}. Best is trial 558 with value: 0.30280801653862.
[I 2024-12-20 00:36:37,422] Trial 1155 finished with value: 1.580049991607666 and parameters: {'mlp_n_layers': 2, 'mlp_dim_00': 98, 'mlp_dim_01': 247, 'node_hidden_dim': 87, 'edge_hidden_dim': 86, 'depth': 4, 'rep_dropout': 0.037374173967335146, 'train_learning_rate': 0.00010196792080626882, 'train_lr_reduce': 0.6}. Best is trial 558 with value: 0.30280801653862.
[I 2024-12-20 00:36:40,297] Trial 1156 finished with value: 1.4804712533950806 and parameters: {'mlp_n_layers': 3, 'mlp_dim_00': 202, 'mlp_dim_01': 299, 'mlp_dim_02': 478, 'node_hidden_dim': 115, 'edge_hidden_dim': 50, 'depth': 1, 'rep_dropout': 0.006232952213298119, 'train_learning_rate': 0.0010006681458392958, 'train_lr_reduce': 0.6}. Best is trial 558 with value: 0.30280801653862.
[I 2024-12-20 00:36:41,223] Trial 1157 finished with value: 1.3533083200454712 and parameters: {'mlp_n_layers': 4, 'mlp_dim_00': 407, 'mlp_dim_01': 212, 'mlp_dim_02': 368, 'mlp_dim_03': 261, 'node_hidden_dim': 48, 'edge_hidden_dim': 80, 'depth': 1, 'rep_dropout': 0.06101285882276092, 'train_learning_rate': 0.004554620068734923, 'train_lr_reduce': 0.6}. Best is trial 558 with value: 0.30280801653862.
[I 2024-12-20 00:36:44,934] Trial 1153 finished with value: 0.3365423381328583 and parameters: {'mlp_n_layers': 3, 'mlp_dim_00': 327, 'mlp_dim_01': 167, 'mlp_dim_02': 376, 'node_hidden_dim': 127, 'edge_hidden_dim': 53, 'depth': 1, 'rep_dropout': 0.0866694680427319, 'train_learning_rate': 0.0020308560741539236, 'train_lr_reduce': 0.6}. Best is trial 558 with value: 0.30280801653862.
[I 2024-12-20 00:36:45,110] Trial 1159 finished with value: 1.5475267171859741 and parameters: {'mlp_n_layers': 3, 'mlp_dim_00': 160, 'mlp_dim_01': 336, 'mlp_dim_02': 447, 'node_hidden_dim': 124, 'edge_hidden_dim': 36, 'depth': 1, 'rep_dropout': 0.006353004160724074, 'train_learning_rate': 0.0010710444070237718, 'train_lr_reduce': 0.6}. Best is trial 558 with value: 0.30280801653862.
[I 2024-12-20 00:36:49,496] Trial 1161 finished with value: 1.557737946510315 and parameters: {'mlp_n_layers': 4, 'mlp_dim_00': 373, 'mlp_dim_01': 335, 'mlp_dim_02': 342, 'mlp_dim_03': 144, 'node_hidden_dim': 103, 'edge_hidden_dim': 47, 'depth': 2, 'rep_dropout': 0.022064190934336387, 'train_learning_rate': 0.0014819021606918283, 'train_lr_reduce': 0.6}. Best is trial 558 with value: 0.30280801653862.
[I 2024-12-20 00:36:53,086] Trial 1162 finished with value: 1.4527047872543335 and parameters: {'mlp_n_layers': 3, 'mlp_dim_00': 406, 'mlp_dim_01': 298, 'mlp_dim_02': 384, 'node_hidden_dim': 107, 'edge_hidden_dim': 34, 'depth': 1, 'rep_dropout': 0.04461770572104365, 'train_learning_rate': 0.00180049545655483, 'train_lr_reduce': 0.6}. Best is trial 558 with value: 0.30280801653862.
