[I 2024-12-25 17:26:29,913] Trial 541 finished with value: 0.06607049703598022 and parameters: {'L1_hidden_dim': 80, 'L1_layers_atom': 4, 'L1_layers_mol': 3, 'L1_dropout': 0.17239910633613004, 'L1_out_dim': 96, 'L2_hidden_dim': 144, 'L2_layers_atom': 4, 'L2_layers_mol': 1, 'L2_out_dim': 128, 'L2_dropout': 0.03761168876507981, 'L3_hidden_dim': 48, 'L3_layers_atom': 4, 'L3_layers_mol': 2, 'L3_out_dim': 128, 'L3_dropout': 0.2728289806555169, 'n_mlp_layers': 2, 'mlp_dim_0': 112, 'mlp_dim_1': 464, 'num_heads': 2, 'final_dropout': 0.005667905972647069, 'train_learning_rate': 0.0003486094628718244, 'train_lr_reduce': 0.6}. Best is trial 332 with value: 0.04597867280244827.
[I 2024-12-25 17:26:48,385] Trial 544 finished with value: 0.08558281511068344 and parameters: {'L1_hidden_dim': 80, 'L1_layers_atom': 1, 'L1_layers_mol': 2, 'L1_dropout': 0.28362455515562945, 'L1_out_dim': 64, 'L2_hidden_dim': 144, 'L2_layers_atom': 1, 'L2_layers_mol': 1, 'L2_out_dim': 112, 'L2_dropout': 0.011627926823459669, 'L3_hidden_dim': 64, 'L3_layers_atom': 4, 'L3_layers_mol': 1, 'L3_out_dim': 128, 'L3_dropout': 0.2773526281628644, 'n_mlp_layers': 2, 'mlp_dim_0': 128, 'mlp_dim_1': 40, 'num_heads': 1, 'final_dropout': 0.024164008552141472, 'train_learning_rate': 0.00030689431976723715, 'train_lr_reduce': 0.6}. Best is trial 332 with value: 0.04597867280244827.
[I 2024-12-25 17:27:40,858] Trial 546 finished with value: 0.07347479462623596 and parameters: {'L1_hidden_dim': 80, 'L1_layers_atom': 2, 'L1_layers_mol': 2, 'L1_dropout': 0.2002119051255435, 'L1_out_dim': 96, 'L2_hidden_dim': 256, 'L2_layers_atom': 3, 'L2_layers_mol': 1, 'L2_out_dim': 80, 'L2_dropout': 0.025790892108814162, 'L3_hidden_dim': 64, 'L3_layers_atom': 4, 'L3_layers_mol': 1, 'L3_out_dim': 112, 'L3_dropout': 0.291564725492413, 'n_mlp_layers': 2, 'mlp_dim_0': 104, 'mlp_dim_1': 464, 'num_heads': 2, 'final_dropout': 0.04127409796852859, 'train_learning_rate': 0.0017755450783253108, 'train_lr_reduce': 0.6}. Best is trial 332 with value: 0.04597867280244827.
[I 2024-12-25 17:28:51,943] Trial 548 finished with value: 0.060160811990499496 and parameters: {'L1_hidden_dim': 80, 'L1_layers_atom': 4, 'L1_layers_mol': 3, 'L1_dropout': 0.2546287709191428, 'L1_out_dim': 80, 'L2_hidden_dim': 240, 'L2_layers_atom': 3, 'L2_layers_mol': 3, 'L2_out_dim': 32, 'L2_dropout': 0.03489824553627523, 'L3_hidden_dim': 48, 'L3_layers_atom': 3, 'L3_layers_mol': 3, 'L3_out_dim': 96, 'L3_dropout': 0.015292227866916863, 'n_mlp_layers': 3, 'mlp_dim_0': 392, 'mlp_dim_1': 296, 'mlp_dim_2': 112, 'num_heads': 1, 'final_dropout': 0.15688278914956225, 'train_learning_rate': 0.0036160363012941125, 'train_lr_reduce': 0.6}. Best is trial 332 with value: 0.04597867280244827.
[I 2024-12-25 17:29:17,769] Trial 549 finished with value: 0.09945929050445557 and parameters: {'L1_hidden_dim': 80, 'L1_layers_atom': 1, 'L1_layers_mol': 1, 'L1_dropout': 0.15914978563718854, 'L1_out_dim': 32, 'L2_hidden_dim': 176, 'L2_layers_atom': 3, 'L2_layers_mol': 3, 'L2_out_dim': 128, 'L2_dropout': 0.011529028937717303, 'L3_hidden_dim': 128, 'L3_layers_atom': 4, 'L3_layers_mol': 2, 'L3_out_dim': 112, 'L3_dropout': 0.16768021536608962, 'n_mlp_layers': 2, 'mlp_dim_0': 208, 'mlp_dim_1': 464, 'num_heads': 2, 'final_dropout': 0.19650478112883674, 'train_learning_rate': 0.0007782727425935928, 'train_lr_reduce': 0.6}. Best is trial 332 with value: 0.04597867280244827.
[I 2024-12-25 17:29:54,772] Trial 547 finished with value: 0.08093404769897461 and parameters: {'L1_hidden_dim': 80, 'L1_layers_atom': 4, 'L1_layers_mol': 4, 'L1_dropout': 0.036237996919440185, 'L1_out_dim': 96, 'L2_hidden_dim': 176, 'L2_layers_atom': 3, 'L2_layers_mol': 2, 'L2_out_dim': 112, 'L2_dropout': 0.012873422159252836, 'L3_hidden_dim': 64, 'L3_layers_atom': 3, 'L3_layers_mol': 2, 'L3_out_dim': 96, 'L3_dropout': 0.17241317455679706, 'n_mlp_layers': 1, 'mlp_dim_0': 200, 'num_heads': 2, 'final_dropout': 0.00314514630630081, 'train_learning_rate': 0.00019604494098859554, 'train_lr_reduce': 0.6}. Best is trial 332 with value: 0.04597867280244827.
[I 2024-12-25 17:30:55,337] Trial 551 finished with value: 0.051060955971479416 and parameters: {'L1_hidden_dim': 96, 'L1_layers_atom': 3, 'L1_layers_mol': 2, 'L1_dropout': 0.27717876570909533, 'L1_out_dim': 80, 'L2_hidden_dim': 256, 'L2_layers_atom': 2, 'L2_layers_mol': 3, 'L2_out_dim': 32, 'L2_dropout': 0.04906249271388186, 'L3_hidden_dim': 48, 'L3_layers_atom': 4, 'L3_layers_mol': 3, 'L3_out_dim': 96, 'L3_dropout': 0.0038310517245686085, 'n_mlp_layers': 3, 'mlp_dim_0': 352, 'mlp_dim_1': 240, 'mlp_dim_2': 104, 'num_heads': 1, 'final_dropout': 0.1374435987862995, 'train_learning_rate': 0.003105763082316203, 'train_lr_reduce': 0.6}. Best is trial 332 with value: 0.04597867280244827.
[I 2024-12-25 17:31:13,625] Trial 552 finished with value: 0.07844728231430054 and parameters: {'L1_hidden_dim': 112, 'L1_layers_atom': 4, 'L1_layers_mol': 2, 'L1_dropout': 0.19662569231084984, 'L1_out_dim': 96, 'L2_hidden_dim': 192, 'L2_layers_atom': 2, 'L2_layers_mol': 4, 'L2_out_dim': 112, 'L2_dropout': 0.04207817459835634, 'L3_hidden_dim': 128, 'L3_layers_atom': 3, 'L3_layers_mol': 1, 'L3_out_dim': 96, 'L3_dropout': 0.25359095608704035, 'n_mlp_layers': 2, 'mlp_dim_0': 320, 'mlp_dim_1': 264, 'num_heads': 1, 'final_dropout': 0.07476859419035188, 'train_learning_rate': 0.002065853679803796, 'train_lr_reduce': 0.6}. Best is trial 332 with value: 0.04597867280244827.
[I 2024-12-25 17:31:41,949] Trial 550 finished with value: 0.10796265304088593 and parameters: {'L1_hidden_dim': 80, 'L1_layers_atom': 4, 'L1_layers_mol': 3, 'L1_dropout': 0.27342060454280737, 'L1_out_dim': 96, 'L2_hidden_dim': 208, 'L2_layers_atom': 3, 'L2_layers_mol': 3, 'L2_out_dim': 48, 'L2_dropout': 0.11546173717405298, 'L3_hidden_dim': 64, 'L3_layers_atom': 2, 'L3_layers_mol': 4, 'L3_out_dim': 96, 'L3_dropout': 0.050927323015312984, 'n_mlp_layers': 3, 'mlp_dim_0': 320, 'mlp_dim_1': 264, 'mlp_dim_2': 104, 'num_heads': 1, 'final_dropout': 0.2009477923395841, 'train_learning_rate': 0.004026245585172781, 'train_lr_reduce': 0.6}. Best is trial 332 with value: 0.04597867280244827.
[I 2024-12-25 17:32:24,973] Trial 554 finished with value: 0.14282189309597015 and parameters: {'L1_hidden_dim': 128, 'L1_layers_atom': 2, 'L1_layers_mol': 2, 'L1_dropout': 0.2826957147824488, 'L1_out_dim': 48, 'L2_hidden_dim': 240, 'L2_layers_atom': 2, 'L2_layers_mol': 3, 'L2_out_dim': 32, 'L2_dropout': 0.10312641057819968, 'L3_hidden_dim': 48, 'L3_layers_atom': 4, 'L3_layers_mol': 2, 'L3_out_dim': 96, 'L3_dropout': 0.02701208694472359, 'n_mlp_layers': 3, 'mlp_dim_0': 368, 'mlp_dim_1': 264, 'mlp_dim_2': 104, 'num_heads': 1, 'final_dropout': 0.10795352431884483, 'train_learning_rate': 0.009789295164636, 'train_lr_reduce': 0.6}. Best is trial 332 with value: 0.04597867280244827.
[I 2024-12-25 17:32:44,206] Trial 553 finished with value: 0.09348984062671661 and parameters: {'L1_hidden_dim': 176, 'L1_layers_atom': 3, 'L1_layers_mol': 3, 'L1_dropout': 0.2791293322773446, 'L1_out_dim': 80, 'L2_hidden_dim': 256, 'L2_layers_atom': 2, 'L2_layers_mol': 4, 'L2_out_dim': 48, 'L2_dropout': 0.06977492018046812, 'L3_hidden_dim': 32, 'L3_layers_atom': 4, 'L3_layers_mol': 4, 'L3_out_dim': 96, 'L3_dropout': 0.09372453306304179, 'n_mlp_layers': 3, 'mlp_dim_0': 352, 'mlp_dim_1': 192, 'mlp_dim_2': 104, 'num_heads': 1, 'final_dropout': 0.1499779112731618, 'train_learning_rate': 0.004779784053453193, 'train_lr_reduce': 0.6}. Best is trial 332 with value: 0.04597867280244827.
[I 2024-12-25 17:33:20,881] Trial 555 finished with value: 0.07325706630945206 and parameters: {'L1_hidden_dim': 64, 'L1_layers_atom': 4, 'L1_layers_mol': 2, 'L1_dropout': 0.24702747125550628, 'L1_out_dim': 96, 'L2_hidden_dim': 224, 'L2_layers_atom': 3, 'L2_layers_mol': 3, 'L2_out_dim': 48, 'L2_dropout': 0.04291237710435466, 'L3_hidden_dim': 32, 'L3_layers_atom': 4, 'L3_layers_mol': 3, 'L3_out_dim': 64, 'L3_dropout': 0.11953172206825352, 'n_mlp_layers': 3, 'mlp_dim_0': 288, 'mlp_dim_1': 240, 'mlp_dim_2': 88, 'num_heads': 1, 'final_dropout': 0.2196127611996137, 'train_learning_rate': 0.0027183560191032657, 'train_lr_reduce': 0.6}. Best is trial 332 with value: 0.04597867280244827.
[I 2024-12-25 17:33:50,654] Trial 556 finished with value: 0.09596053510904312 and parameters: {'L1_hidden_dim': 128, 'L1_layers_atom': 4, 'L1_layers_mol': 2, 'L1_dropout': 0.1735384595920089, 'L1_out_dim': 64, 'L2_hidden_dim': 208, 'L2_layers_atom': 3, 'L2_layers_mol': 3, 'L2_out_dim': 32, 'L2_dropout': 0.004640422137380189, 'L3_hidden_dim': 48, 'L3_layers_atom': 3, 'L3_layers_mol': 3, 'L3_out_dim': 112, 'L3_dropout': 0.05086686318865311, 'n_mlp_layers': 3, 'mlp_dim_0': 456, 'mlp_dim_1': 240, 'mlp_dim_2': 128, 'num_heads': 1, 'final_dropout': 0.20759878490767847, 'train_learning_rate': 0.006091677704609763, 'train_lr_reduce': 0.6}. Best is trial 332 with value: 0.04597867280244827.
[I 2024-12-25 17:34:38,787] Trial 557 finished with value: 0.13004706799983978 and parameters: {'L1_hidden_dim': 112, 'L1_layers_atom': 3, 'L1_layers_mol': 2, 'L1_dropout': 0.23400921829184693, 'L1_out_dim': 80, 'L2_hidden_dim': 224, 'L2_layers_atom': 2, 'L2_layers_mol': 3, 'L2_out_dim': 48, 'L2_dropout': 0.03042048229209328, 'L3_hidden_dim': 64, 'L3_layers_atom': 4, 'L3_layers_mol': 3, 'L3_out_dim': 64, 'L3_dropout': 0.012903988911022596, 'n_mlp_layers': 3, 'mlp_dim_0': 416, 'mlp_dim_1': 264, 'mlp_dim_2': 80, 'num_heads': 1, 'final_dropout': 0.15415570650349444, 'train_learning_rate': 0.008837621639393061, 'train_lr_reduce': 0.6}. Best is trial 332 with value: 0.04597867280244827.
[I 2024-12-25 17:34:49,698] Trial 558 finished with value: 0.08488326519727707 and parameters: {'L1_hidden_dim': 64, 'L1_layers_atom': 2, 'L1_layers_mol': 1, 'L1_dropout': 0.15723386935063216, 'L1_out_dim': 32, 'L2_hidden_dim': 176, 'L2_layers_atom': 2, 'L2_layers_mol': 1, 'L2_out_dim': 80, 'L2_dropout': 0.09625126867625197, 'L3_hidden_dim': 80, 'L3_layers_atom': 4, 'L3_layers_mol': 1, 'L3_out_dim': 48, 'L3_dropout': 0.021693430245678144, 'n_mlp_layers': 2, 'mlp_dim_0': 480, 'mlp_dim_1': 272, 'num_heads': 1, 'final_dropout': 0.07398416848588843, 'train_learning_rate': 0.00015451607756137095, 'train_lr_reduce': 0.6}. Best is trial 332 with value: 0.04597867280244827.
[I 2024-12-25 17:35:23,848] Trial 559 finished with value: 0.09114283323287964 and parameters: {'L1_hidden_dim': 128, 'L1_layers_atom': 3, 'L1_layers_mol': 1, 'L1_dropout': 0.17330362444782604, 'L1_out_dim': 64, 'L2_hidden_dim': 192, 'L2_layers_atom': 1, 'L2_layers_mol': 3, 'L2_out_dim': 32, 'L2_dropout': 0.041234492865861935, 'L3_hidden_dim': 48, 'L3_layers_atom': 3, 'L3_layers_mol': 3, 'L3_out_dim': 80, 'L3_dropout': 0.023780387113777265, 'n_mlp_layers': 2, 'mlp_dim_0': 216, 'mlp_dim_1': 224, 'num_heads': 2, 'final_dropout': 0.09887930563372785, 'train_learning_rate': 0.003427746455696528, 'train_lr_reduce': 0.6}. Best is trial 332 with value: 0.04597867280244827.
[I 2024-12-25 17:35:44,233] Trial 562 finished with value: 1.1539394855499268 and parameters: {'L1_hidden_dim': 96, 'L1_layers_atom': 4, 'L1_layers_mol': 1, 'L1_dropout': 0.011735130668587057, 'L1_out_dim': 96, 'L2_hidden_dim': 176, 'L2_layers_atom': 4, 'L2_layers_mol': 4, 'L2_out_dim': 80, 'L2_dropout': 0.022435363898877313, 'L3_hidden_dim': 64, 'L3_layers_atom': 4, 'L3_layers_mol': 4, 'L3_out_dim': 80, 'L3_dropout': 0.13148710766968408, 'n_mlp_layers': 2, 'mlp_dim_0': 264, 'mlp_dim_1': 288, 'num_heads': 1, 'final_dropout': 0.24091844696970735, 'train_learning_rate': 0.00010899941974622998, 'train_lr_reduce': 0.6}. Best is trial 332 with value: 0.04597867280244827.
[I 2024-12-25 17:36:03,745] Trial 560 finished with value: 0.07366739958524704 and parameters: {'L1_hidden_dim': 112, 'L1_layers_atom': 4, 'L1_layers_mol': 3, 'L1_dropout': 0.2544373437946544, 'L1_out_dim': 96, 'L2_hidden_dim': 256, 'L2_layers_atom': 3, 'L2_layers_mol': 3, 'L2_out_dim': 32, 'L2_dropout': 0.07355283659847812, 'L3_hidden_dim': 48, 'L3_layers_atom': 3, 'L3_layers_mol': 2, 'L3_out_dim': 112, 'L3_dropout': 0.05627348178670668, 'n_mlp_layers': 3, 'mlp_dim_0': 328, 'mlp_dim_1': 184, 'mlp_dim_2': 136, 'num_heads': 1, 'final_dropout': 0.1919498301774418, 'train_learning_rate': 0.001243354004176241, 'train_lr_reduce': 0.6}. Best is trial 332 with value: 0.04597867280244827.
[I 2024-12-25 17:36:27,056] Trial 561 finished with value: 0.09388156235218048 and parameters: {'L1_hidden_dim': 64, 'L1_layers_atom': 4, 'L1_layers_mol': 3, 'L1_dropout': 0.24610268944863836, 'L1_out_dim': 112, 'L2_hidden_dim': 256, 'L2_layers_atom': 2, 'L2_layers_mol': 1, 'L2_out_dim': 80, 'L2_dropout': 0.01967337690366625, 'L3_hidden_dim': 32, 'L3_layers_atom': 1, 'L3_layers_mol': 1, 'L3_out_dim': 112, 'L3_dropout': 0.27635036874789143, 'n_mlp_layers': 3, 'mlp_dim_0': 104, 'mlp_dim_1': 224, 'mlp_dim_2': 72, 'num_heads': 1, 'final_dropout': 0.06355324958566536, 'train_learning_rate': 0.0016564499688359734, 'train_lr_reduce': 0.6}. Best is trial 332 with value: 0.04597867280244827.
[I 2024-12-25 17:37:27,121] Trial 563 finished with value: 0.13192898035049438 and parameters: {'L1_hidden_dim': 96, 'L1_layers_atom': 3, 'L1_layers_mol': 3, 'L1_dropout': 0.26140714599956816, 'L1_out_dim': 96, 'L2_hidden_dim': 256, 'L2_layers_atom': 3, 'L2_layers_mol': 2, 'L2_out_dim': 64, 'L2_dropout': 0.018488436456035, 'L3_hidden_dim': 48, 'L3_layers_atom': 3, 'L3_layers_mol': 3, 'L3_out_dim': 96, 'L3_dropout': 0.03729964395193799, 'n_mlp_layers': 3, 'mlp_dim_0': 400, 'mlp_dim_1': 296, 'mlp_dim_2': 144, 'num_heads': 1, 'final_dropout': 0.11671027417106028, 'train_learning_rate': 0.009288491432265292, 'train_lr_reduce': 0.6}. Best is trial 332 with value: 0.04597867280244827.
[I 2024-12-25 17:38:20,022] Trial 565 finished with value: 0.07746382802724838 and parameters: {'L1_hidden_dim': 64, 'L1_layers_atom': 4, 'L1_layers_mol': 3, 'L1_dropout': 0.16717171199920391, 'L1_out_dim': 96, 'L2_hidden_dim': 192, 'L2_layers_atom': 2, 'L2_layers_mol': 1, 'L2_out_dim': 128, 'L2_dropout': 0.05254679067219086, 'L3_hidden_dim': 32, 'L3_layers_atom': 3, 'L3_layers_mol': 2, 'L3_out_dim': 112, 'L3_dropout': 0.14955775814414934, 'n_mlp_layers': 1, 'mlp_dim_0': 96, 'num_heads': 2, 'final_dropout': 0.022775887569137687, 'train_learning_rate': 0.000620281027356518, 'train_lr_reduce': 0.6}. Best is trial 332 with value: 0.04597867280244827.
[I 2024-12-25 17:38:32,871] Trial 564 finished with value: 0.09767811745405197 and parameters: {'L1_hidden_dim': 80, 'L1_layers_atom': 2, 'L1_layers_mol': 4, 'L1_dropout': 0.29436875997969525, 'L1_out_dim': 128, 'L2_hidden_dim': 256, 'L2_layers_atom': 2, 'L2_layers_mol': 1, 'L2_out_dim': 112, 'L2_dropout': 0.026821375176928786, 'L3_hidden_dim': 64, 'L3_layers_atom': 4, 'L3_layers_mol': 1, 'L3_out_dim': 128, 'L3_dropout': 0.2911563872835123, 'n_mlp_layers': 2, 'mlp_dim_0': 144, 'mlp_dim_1': 232, 'num_heads': 2, 'final_dropout': 0.08178362723361846, 'train_learning_rate': 0.0038323940740789156, 'train_lr_reduce': 0.6}. Best is trial 332 with value: 0.04597867280244827.
[I 2024-12-25 17:38:55,434] Trial 566 finished with value: 0.08363139629364014 and parameters: {'L1_hidden_dim': 80, 'L1_layers_atom': 2, 'L1_layers_mol': 3, 'L1_dropout': 0.16928877455674762, 'L1_out_dim': 128, 'L2_hidden_dim': 256, 'L2_layers_atom': 3, 'L2_layers_mol': 1, 'L2_out_dim': 112, 'L2_dropout': 0.030172762889622354, 'L3_hidden_dim': 48, 'L3_layers_atom': 4, 'L3_layers_mol': 2, 'L3_out_dim': 112, 'L3_dropout': 0.2374537237525562, 'n_mlp_layers': 2, 'mlp_dim_0': 96, 'mlp_dim_1': 312, 'num_heads': 2, 'final_dropout': 0.0517004232113583, 'train_learning_rate': 0.002026420396226997, 'train_lr_reduce': 0.6}. Best is trial 332 with value: 0.04597867280244827.
[I 2024-12-25 17:39:23,784] Trial 567 finished with value: 0.08457256108522415 and parameters: {'L1_hidden_dim': 144, 'L1_layers_atom': 2, 'L1_layers_mol': 3, 'L1_dropout': 0.20463229254692172, 'L1_out_dim': 96, 'L2_hidden_dim': 208, 'L2_layers_atom': 2, 'L2_layers_mol': 3, 'L2_out_dim': 128, 'L2_dropout': 0.006247722644683415, 'L3_hidden_dim': 128, 'L3_layers_atom': 4, 'L3_layers_mol': 1, 'L3_out_dim': 80, 'L3_dropout': 0.13173248070728097, 'n_mlp_layers': 2, 'mlp_dim_0': 336, 'mlp_dim_1': 296, 'num_heads': 1, 'final_dropout': 0.07747380240537641, 'train_learning_rate': 0.0010122208979023743, 'train_lr_reduce': 0.6}. Best is trial 332 with value: 0.04597867280244827.
[I 2024-12-25 17:41:01,439] Trial 568 finished with value: 0.07198471575975418 and parameters: {'L1_hidden_dim': 144, 'L1_layers_atom': 2, 'L1_layers_mol': 2, 'L1_dropout': 0.23790019694768022, 'L1_out_dim': 64, 'L2_hidden_dim': 256, 'L2_layers_atom': 1, 'L2_layers_mol': 2, 'L2_out_dim': 48, 'L2_dropout': 0.021398327974723574, 'L3_hidden_dim': 32, 'L3_layers_atom': 4, 'L3_layers_mol': 1, 'L3_out_dim': 96, 'L3_dropout': 0.13060241467469685, 'n_mlp_layers': 3, 'mlp_dim_0': 360, 'mlp_dim_1': 512, 'mlp_dim_2': 136, 'num_heads': 1, 'final_dropout': 0.17417261906835804, 'train_learning_rate': 0.0016630239258351455, 'train_lr_reduce': 0.6}. Best is trial 332 with value: 0.04597867280244827.
[I 2024-12-25 17:41:17,634] Trial 569 finished with value: 0.1310519278049469 and parameters: {'L1_hidden_dim': 80, 'L1_layers_atom': 4, 'L1_layers_mol': 4, 'L1_dropout': 0.24436247704603356, 'L1_out_dim': 80, 'L2_hidden_dim': 224, 'L2_layers_atom': 4, 'L2_layers_mol': 3, 'L2_out_dim': 64, 'L2_dropout': 0.013404471014950764, 'L3_hidden_dim': 64, 'L3_layers_atom': 4, 'L3_layers_mol': 2, 'L3_out_dim': 64, 'L3_dropout': 0.01012854573222559, 'n_mlp_layers': 3, 'mlp_dim_0': 232, 'mlp_dim_1': 304, 'mlp_dim_2': 56, 'num_heads': 1, 'final_dropout': 0.03172851680799238, 'train_learning_rate': 0.007406784864945746, 'train_lr_reduce': 0.6}. Best is trial 332 with value: 0.04597867280244827.
[I 2024-12-25 17:42:30,452] Trial 572 finished with value: 0.08749184012413025 and parameters: {'L1_hidden_dim': 96, 'L1_layers_atom': 4, 'L1_layers_mol': 3, 'L1_dropout': 0.2587958290071904, 'L1_out_dim': 64, 'L2_hidden_dim': 224, 'L2_layers_atom': 2, 'L2_layers_mol': 3, 'L2_out_dim': 32, 'L2_dropout': 0.06766523527362467, 'L3_hidden_dim': 32, 'L3_layers_atom': 3, 'L3_layers_mol': 4, 'L3_out_dim': 96, 'L3_dropout': 0.012026067344918085, 'n_mlp_layers': 2, 'mlp_dim_0': 336, 'mlp_dim_1': 168, 'num_heads': 1, 'final_dropout': 0.12525904604711843, 'train_learning_rate': 0.0018470350257419306, 'train_lr_reduce': 0.6}. Best is trial 332 with value: 0.04597867280244827.
[I 2024-12-25 17:42:32,586] Trial 570 finished with value: 0.12239784747362137 and parameters: {'L1_hidden_dim': 144, 'L1_layers_atom': 4, 'L1_layers_mol': 2, 'L1_dropout': 0.19366302078759912, 'L1_out_dim': 112, 'L2_hidden_dim': 240, 'L2_layers_atom': 2, 'L2_layers_mol': 3, 'L2_out_dim': 32, 'L2_dropout': 0.08969756082209271, 'L3_hidden_dim': 32, 'L3_layers_atom': 4, 'L3_layers_mol': 3, 'L3_out_dim': 128, 'L3_dropout': 0.028616838014657812, 'n_mlp_layers': 2, 'mlp_dim_0': 432, 'mlp_dim_1': 512, 'num_heads': 1, 'final_dropout': 0.07380593123355925, 'train_learning_rate': 0.004510506197680839, 'train_lr_reduce': 0.6}. Best is trial 332 with value: 0.04597867280244827.
[I 2024-12-25 17:42:53,802] Trial 571 finished with value: 0.0768139585852623 and parameters: {'L1_hidden_dim': 80, 'L1_layers_atom': 4, 'L1_layers_mol': 4, 'L1_dropout': 0.12692945089616603, 'L1_out_dim': 80, 'L2_hidden_dim': 224, 'L2_layers_atom': 4, 'L2_layers_mol': 4, 'L2_out_dim': 128, 'L2_dropout': 0.1021452971313419, 'L3_hidden_dim': 64, 'L3_layers_atom': 2, 'L3_layers_mol': 1, 'L3_out_dim': 112, 'L3_dropout': 0.2947844478849233, 'n_mlp_layers': 3, 'mlp_dim_0': 128, 'mlp_dim_1': 472, 'mlp_dim_2': 136, 'num_heads': 1, 'final_dropout': 0.07160932403041273, 'train_learning_rate': 0.0037781108953108965, 'train_lr_reduce': 0.6}. Best is trial 332 with value: 0.04597867280244827.
[I 2024-12-25 17:43:34,189] Trial 573 finished with value: 0.08819980919361115 and parameters: {'L1_hidden_dim': 112, 'L1_layers_atom': 3, 'L1_layers_mol': 2, 'L1_dropout': 0.2126295279594565, 'L1_out_dim': 96, 'L2_hidden_dim': 256, 'L2_layers_atom': 3, 'L2_layers_mol': 3, 'L2_out_dim': 64, 'L2_dropout': 0.11033517473919766, 'L3_hidden_dim': 48, 'L3_layers_atom': 4, 'L3_layers_mol': 3, 'L3_out_dim': 96, 'L3_dropout': 0.03643545923140795, 'n_mlp_layers': 3, 'mlp_dim_0': 152, 'mlp_dim_1': 512, 'mlp_dim_2': 168, 'num_heads': 1, 'final_dropout': 0.0944747008364336, 'train_learning_rate': 0.0017467884010069958, 'train_lr_reduce': 0.6}. Best is trial 332 with value: 0.04597867280244827.
[I 2024-12-25 17:43:55,840] Trial 576 finished with value: 1.0794541835784912 and parameters: {'L1_hidden_dim': 96, 'L1_layers_atom': 4, 'L1_layers_mol': 4, 'L1_dropout': 0.09840705996259846, 'L1_out_dim': 128, 'L2_hidden_dim': 176, 'L2_layers_atom': 2, 'L2_layers_mol': 2, 'L2_out_dim': 128, 'L2_dropout': 0.016116733255788766, 'L3_hidden_dim': 48, 'L3_layers_atom': 2, 'L3_layers_mol': 2, 'L3_out_dim': 128, 'L3_dropout': 0.27546945905964465, 'n_mlp_layers': 1, 'mlp_dim_0': 96, 'num_heads': 2, 'final_dropout': 0.06071425290597879, 'train_learning_rate': 0.0004465576266361962, 'train_lr_reduce': 0.6}. Best is trial 332 with value: 0.04597867280244827.
[I 2024-12-25 17:44:07,202] Trial 574 finished with value: 0.10017526894807816 and parameters: {'L1_hidden_dim': 96, 'L1_layers_atom': 4, 'L1_layers_mol': 4, 'L1_dropout': 0.12137451237663635, 'L1_out_dim': 128, 'L2_hidden_dim': 192, 'L2_layers_atom': 4, 'L2_layers_mol': 1, 'L2_out_dim': 128, 'L2_dropout': 0.05119453891587103, 'L3_hidden_dim': 32, 'L3_layers_atom': 4, 'L3_layers_mol': 2, 'L3_out_dim': 128, 'L3_dropout': 0.24038951752892554, 'n_mlp_layers': 1, 'mlp_dim_0': 112, 'num_heads': 2, 'final_dropout': 0.07253321116466614, 'train_learning_rate': 0.0025458753646262857, 'train_lr_reduce': 0.6}. Best is trial 332 with value: 0.04597867280244827.
