[I 2024-12-04 17:41:31,633] Trial 996 finished with value: 0.31896332459710336 and parameters: {'n_estimators': 900, 'max_depth': 6, 'learning_rate': 0.07434818261965312, 'subsample': 0.7724905264630391, 'colsample_bytree': 0.7234747085601494, 'min_child_weight': 2, 'gamma': 0.0005861918968590231, 'reg_alpha': 4.592387487639961e-05, 'reg_lambda': 0.018601532874007908}. Best is trial 821 with value: 0.30830442867849367.
[I 2024-12-04 17:41:33,032] Trial 997 finished with value: 0.31999878547116145 and parameters: {'n_estimators': 912, 'max_depth': 6, 'learning_rate': 0.07569708694324342, 'subsample': 0.7679656671799693, 'colsample_bytree': 0.7176969587440476, 'min_child_weight': 2, 'gamma': 0.0007076129833459763, 'reg_alpha': 4.24101132647093e-05, 'reg_lambda': 0.01858893479174204}. Best is trial 821 with value: 0.30830442867849367.
[I 2024-12-04 17:41:34,446] Trial 998 finished with value: 0.31848712250707295 and parameters: {'n_estimators': 935, 'max_depth': 6, 'learning_rate': 0.07302386048711068, 'subsample': 0.7706115485531476, 'colsample_bytree': 0.7184909185239253, 'min_child_weight': 2, 'gamma': 0.0008444358443935282, 'reg_alpha': 5.263932639869873e-05, 'reg_lambda': 0.01707446404761554}. Best is trial 821 with value: 0.30830442867849367.
[I 2024-12-04 17:41:35,991] Trial 999 finished with value: 0.3189381101059852 and parameters: {'n_estimators': 915, 'max_depth': 6, 'learning_rate': 0.07716868773701195, 'subsample': 0.7688519545314326, 'colsample_bytree': 0.7165500612931597, 'min_child_weight': 2, 'gamma': 0.0006837381791999528, 'reg_alpha': 6.265935627804789e-05, 'reg_lambda': 0.018445123346117233}. Best is trial 821 with value: 0.30830442867849367.
[I 2024-12-04 17:41:37,429] Trial 1000 finished with value: 0.3111472180833673 and parameters: {'n_estimators': 908, 'max_depth': 6, 'learning_rate': 0.07409928024661841, 'subsample': 0.7703935573012226, 'colsample_bytree': 0.7199984474672264, 'min_child_weight': 2, 'gamma': 0.0005703745464799528, 'reg_alpha': 5.379914361282472e-05, 'reg_lambda': 0.014570022068332548}. Best is trial 821 with value: 0.30830442867849367.
[I 2024-12-04 17:41:38,840] Trial 1001 finished with value: 0.3219236585660478 and parameters: {'n_estimators': 925, 'max_depth': 6, 'learning_rate': 0.0743366152318316, 'subsample': 0.7664724385607108, 'colsample_bytree': 0.7217847749210808, 'min_child_weight': 2, 'gamma': 0.0006607950315267597, 'reg_alpha': 5.568871890487377e-05, 'reg_lambda': 0.01845064540168367}. Best is trial 821 with value: 0.30830442867849367.
[I 2024-12-04 17:41:40,281] Trial 1002 finished with value: 0.31572314733100243 and parameters: {'n_estimators': 912, 'max_depth': 6, 'learning_rate': 0.0745515679759628, 'subsample': 0.7688344972207001, 'colsample_bytree': 0.7226235963028452, 'min_child_weight': 2, 'gamma': 0.0008245755518976203, 'reg_alpha': 6.017465003551168e-05, 'reg_lambda': 0.01880602632122}. Best is trial 821 with value: 0.30830442867849367.
[I 2024-12-04 17:41:41,723] Trial 1003 finished with value: 0.3235726624269151 and parameters: {'n_estimators': 917, 'max_depth': 6, 'learning_rate': 0.07619230618965309, 'subsample': 0.7687509820773009, 'colsample_bytree': 0.7180511302960986, 'min_child_weight': 2, 'gamma': 0.0006129487889779331, 'reg_alpha': 4.7129478650333706e-05, 'reg_lambda': 0.01707169421671074}. Best is trial 821 with value: 0.30830442867849367.
[I 2024-12-04 17:41:43,182] Trial 1004 finished with value: 0.3114850060496146 and parameters: {'n_estimators': 920, 'max_depth': 6, 'learning_rate': 0.07539869755389149, 'subsample': 0.7690598212379693, 'colsample_bytree': 0.7165888770219153, 'min_child_weight': 2, 'gamma': 0.0007082952867134236, 'reg_alpha': 5.416652915568615e-05, 'reg_lambda': 0.020108021625508874}. Best is trial 821 with value: 0.30830442867849367.
[I 2024-12-04 17:41:44,580] Trial 1005 finished with value: 0.31839189423262887 and parameters: {'n_estimators': 922, 'max_depth': 6, 'learning_rate': 0.07562624872623086, 'subsample': 0.7683137580365142, 'colsample_bytree': 0.7161751977004639, 'min_child_weight': 2, 'gamma': 0.0005281654840173212, 'reg_alpha': 5.0478770136618276e-05, 'reg_lambda': 0.017513744578333795}. Best is trial 821 with value: 0.30830442867849367.
[I 2024-12-04 17:41:46,111] Trial 1006 finished with value: 0.3182800972486834 and parameters: {'n_estimators': 911, 'max_depth': 6, 'learning_rate': 0.07367954135736236, 'subsample': 0.7706700442509864, 'colsample_bytree': 0.7231934999903946, 'min_child_weight': 2, 'gamma': 0.0007944624288022078, 'reg_alpha': 5.4307370271275684e-05, 'reg_lambda': 0.016622253683955375}. Best is trial 821 with value: 0.30830442867849367.
[I 2024-12-04 17:41:47,549] Trial 1007 finished with value: 0.31716779162396563 and parameters: {'n_estimators': 905, 'max_depth': 6, 'learning_rate': 0.07585653938131985, 'subsample': 0.7679759578225226, 'colsample_bytree': 0.7192607714845405, 'min_child_weight': 2, 'gamma': 0.0007263397847742896, 'reg_alpha': 7.166720646307038e-05, 'reg_lambda': 0.0195234409540247}. Best is trial 821 with value: 0.30830442867849367.
[I 2024-12-04 17:41:49,027] Trial 1008 finished with value: 0.3138532582211486 and parameters: {'n_estimators': 907, 'max_depth': 6, 'learning_rate': 0.07440215988321004, 'subsample': 0.7708230741879178, 'colsample_bytree': 0.7233679932633212, 'min_child_weight': 2, 'gamma': 0.0007578210958949419, 'reg_alpha': 6.581431438081147e-05, 'reg_lambda': 0.018877023047631652}. Best is trial 821 with value: 0.30830442867849367.
[I 2024-12-04 17:41:50,555] Trial 1009 finished with value: 0.31338217037395 and parameters: {'n_estimators': 922, 'max_depth': 6, 'learning_rate': 0.07399223716313696, 'subsample': 0.7700851590996054, 'colsample_bytree': 0.7195028036961283, 'min_child_weight': 2, 'gamma': 0.0006572313508393671, 'reg_alpha': 5.396187176588402e-05, 'reg_lambda': 0.01647319775471864}. Best is trial 821 with value: 0.30830442867849367.
[I 2024-12-04 17:41:52,063] Trial 1010 finished with value: 0.3155532081421839 and parameters: {'n_estimators': 918, 'max_depth': 6, 'learning_rate': 0.07451773765320982, 'subsample': 0.7729463888148038, 'colsample_bytree': 0.7152027525405267, 'min_child_weight': 2, 'gamma': 0.0006501529581112836, 'reg_alpha': 6.446087539934195e-05, 'reg_lambda': 0.01888086297435195}. Best is trial 821 with value: 0.30830442867849367.
[I 2024-12-04 17:41:53,675] Trial 1011 finished with value: 0.31192826172311394 and parameters: {'n_estimators': 909, 'max_depth': 6, 'learning_rate': 0.07423863734984203, 'subsample': 0.7721479884413529, 'colsample_bytree': 0.7193073025891081, 'min_child_weight': 2, 'gamma': 0.0007307348326259183, 'reg_alpha': 6.479977953196032e-05, 'reg_lambda': 0.019233426818371608}. Best is trial 821 with value: 0.30830442867849367.
[I 2024-12-04 17:41:55,221] Trial 1012 finished with value: 0.3128631010824588 and parameters: {'n_estimators': 891, 'max_depth': 6, 'learning_rate': 0.07461587579324508, 'subsample': 0.7698223341706738, 'colsample_bytree': 0.7224662915464243, 'min_child_weight': 2, 'gamma': 0.0007397812042159493, 'reg_alpha': 6.892841111729228e-05, 'reg_lambda': 0.01495552852827685}. Best is trial 821 with value: 0.30830442867849367.
[I 2024-12-04 17:41:56,708] Trial 1013 finished with value: 0.31774333846194974 and parameters: {'n_estimators': 921, 'max_depth': 6, 'learning_rate': 0.07533957745098172, 'subsample': 0.7677121097269838, 'colsample_bytree': 0.7169199739169361, 'min_child_weight': 2, 'gamma': 0.0005597623200568903, 'reg_alpha': 4.7266623481672416e-05, 'reg_lambda': 0.02133743523399646}. Best is trial 821 with value: 0.30830442867849367.
[I 2024-12-04 17:41:58,239] Trial 1014 finished with value: 0.3190814087212134 and parameters: {'n_estimators': 918, 'max_depth': 6, 'learning_rate': 0.07502556801643726, 'subsample': 0.7678681694249103, 'colsample_bytree': 0.7193917749705556, 'min_child_weight': 2, 'gamma': 0.0005842917427782169, 'reg_alpha': 5.487127982449056e-05, 'reg_lambda': 0.019402561281712274}. Best is trial 821 with value: 0.30830442867849367.
[I 2024-12-04 17:41:59,735] Trial 1015 finished with value: 0.31576380267433163 and parameters: {'n_estimators': 922, 'max_depth': 6, 'learning_rate': 0.07425010446836232, 'subsample': 0.7685704487051983, 'colsample_bytree': 0.7189633835027502, 'min_child_weight': 2, 'gamma': 0.0006783060641341202, 'reg_alpha': 5.310971112674114e-05, 'reg_lambda': 0.014077250690521844}. Best is trial 821 with value: 0.30830442867849367.
[I 2024-12-04 17:42:01,220] Trial 1016 finished with value: 0.3194174768882997 and parameters: {'n_estimators': 892, 'max_depth': 6, 'learning_rate': 0.0748779068589566, 'subsample': 0.7699314038309646, 'colsample_bytree': 0.7238563221638367, 'min_child_weight': 2, 'gamma': 0.0006431893910842978, 'reg_alpha': 7.228157029074073e-05, 'reg_lambda': 0.015160970572304188}. Best is trial 821 with value: 0.30830442867849367.
[I 2024-12-04 17:42:02,659] Trial 1017 finished with value: 0.31488711843974815 and parameters: {'n_estimators': 917, 'max_depth': 6, 'learning_rate': 0.07433287687773495, 'subsample': 0.7683303614838604, 'colsample_bytree': 0.7219112760950442, 'min_child_weight': 2, 'gamma': 0.0007046491870387212, 'reg_alpha': 5.160848454458233e-05, 'reg_lambda': 0.018442282139615795}. Best is trial 821 with value: 0.30830442867849367.
[I 2024-12-04 17:42:04,372] Trial 1018 finished with value: 0.31818388507609335 and parameters: {'n_estimators': 903, 'max_depth': 6, 'learning_rate': 0.07406759915225551, 'subsample': 0.7719215367006416, 'colsample_bytree': 0.7226308659270505, 'min_child_weight': 2, 'gamma': 0.0005952326744674463, 'reg_alpha': 5.6228449650958446e-05, 'reg_lambda': 0.016527544186896483}. Best is trial 821 with value: 0.30830442867849367.
[I 2024-12-04 17:42:06,508] Trial 1019 finished with value: 0.31369552010525786 and parameters: {'n_estimators': 908, 'max_depth': 6, 'learning_rate': 0.0730618521654183, 'subsample': 0.770579328372298, 'colsample_bytree': 0.7193648594864708, 'min_child_weight': 2, 'gamma': 0.0008223029693278735, 'reg_alpha': 5.519938176524247e-05, 'reg_lambda': 0.01910797857062702}. Best is trial 821 with value: 0.30830442867849367.
[I 2024-12-04 17:42:08,050] Trial 1020 finished with value: 0.3231822367046132 and parameters: {'n_estimators': 912, 'max_depth': 6, 'learning_rate': 0.07381419625727975, 'subsample': 0.7718497825049587, 'colsample_bytree': 0.7220627334983196, 'min_child_weight': 2, 'gamma': 0.0008542526358765865, 'reg_alpha': 7.45484453609185e-05, 'reg_lambda': 0.0195833396727703}. Best is trial 821 with value: 0.30830442867849367.
[I 2024-12-04 17:42:10,274] Trial 1021 finished with value: 0.315571344301994 and parameters: {'n_estimators': 904, 'max_depth': 6, 'learning_rate': 0.07581410920142098, 'subsample': 0.7713928429473886, 'colsample_bytree': 0.7246994501540494, 'min_child_weight': 2, 'gamma': 0.000726457516014861, 'reg_alpha': 5.389315403482704e-05, 'reg_lambda': 0.01927779538544851}. Best is trial 821 with value: 0.30830442867849367.
[I 2024-12-04 17:42:12,116] Trial 1022 finished with value: 0.3201434219252697 and parameters: {'n_estimators': 877, 'max_depth': 6, 'learning_rate': 0.07509439907483145, 'subsample': 0.769971794317521, 'colsample_bytree': 0.7227906066758929, 'min_child_weight': 2, 'gamma': 0.0008211949370770964, 'reg_alpha': 8.377119852306864e-05, 'reg_lambda': 0.018324634635254116}. Best is trial 821 with value: 0.30830442867849367.
[I 2024-12-04 17:42:14,264] Trial 1023 finished with value: 0.31270163288343233 and parameters: {'n_estimators': 892, 'max_depth': 6, 'learning_rate': 0.07409702219071437, 'subsample': 0.7725756922124276, 'colsample_bytree': 0.7208382256771858, 'min_child_weight': 2, 'gamma': 0.0007562614818390081, 'reg_alpha': 5.773777675027477e-05, 'reg_lambda': 0.017828463821295586}. Best is trial 821 with value: 0.30830442867849367.
[I 2024-12-04 17:42:16,298] Trial 1024 finished with value: 0.3204845600378633 and parameters: {'n_estimators': 906, 'max_depth': 6, 'learning_rate': 0.07668411753817424, 'subsample': 0.768150452405834, 'colsample_bytree': 0.7196250165885458, 'min_child_weight': 2, 'gamma': 0.0006721309264798464, 'reg_alpha': 7.76805199593996e-05, 'reg_lambda': 0.017941951897415844}. Best is trial 821 with value: 0.30830442867849367.
[I 2024-12-04 17:42:18,116] Trial 1025 finished with value: 0.3156794742355692 and parameters: {'n_estimators': 918, 'max_depth': 6, 'learning_rate': 0.0745426513014327, 'subsample': 0.7716458349072561, 'colsample_bytree': 0.7175541918949189, 'min_child_weight': 2, 'gamma': 0.0006168088070391195, 'reg_alpha': 6.317126863139706e-05, 'reg_lambda': 0.015741288962399656}. Best is trial 821 with value: 0.30830442867849367.
[I 2024-12-04 17:42:19,574] Trial 1026 finished with value: 0.3136844014747074 and parameters: {'n_estimators': 889, 'max_depth': 6, 'learning_rate': 0.07443618229688631, 'subsample': 0.7705288698425723, 'colsample_bytree': 0.7200366021790167, 'min_child_weight': 2, 'gamma': 0.0006489849142027674, 'reg_alpha': 6.380261986621493e-05, 'reg_lambda': 0.016379613721886732}. Best is trial 821 with value: 0.30830442867849367.
[I 2024-12-04 17:42:21,008] Trial 1027 finished with value: 0.32056206372334395 and parameters: {'n_estimators': 904, 'max_depth': 6, 'learning_rate': 0.07331035006614177, 'subsample': 0.7740528574700885, 'colsample_bytree': 0.7219830258435052, 'min_child_weight': 2, 'gamma': 0.0007193923001953067, 'reg_alpha': 6.585338780695663e-05, 'reg_lambda': 0.015770612177626684}. Best is trial 821 with value: 0.30830442867849367.
[I 2024-12-04 17:42:22,455] Trial 1028 finished with value: 0.30714193220690206 and parameters: {'n_estimators': 892, 'max_depth': 6, 'learning_rate': 0.07481366183836531, 'subsample': 0.768716905744985, 'colsample_bytree': 0.723986620554681, 'min_child_weight': 2, 'gamma': 0.0007428734936432543, 'reg_alpha': 6.801908646802352e-05, 'reg_lambda': 0.019720653796442326}. Best is trial 1028 with value: 0.30714193220690206.
[I 2024-12-04 17:42:24,241] Trial 1029 finished with value: 0.31923379663584117 and parameters: {'n_estimators': 893, 'max_depth': 6, 'learning_rate': 0.07451262939691644, 'subsample': 0.7731078132431837, 'colsample_bytree': 0.7217736188816745, 'min_child_weight': 2, 'gamma': 0.0006392706932410458, 'reg_alpha': 7.328789361782728e-05, 'reg_lambda': 0.018148499153776358}. Best is trial 1028 with value: 0.30714193220690206.
[I 2024-12-04 17:42:25,701] Trial 1030 finished with value: 0.3104892176820631 and parameters: {'n_estimators': 899, 'max_depth': 6, 'learning_rate': 0.0735566277266894, 'subsample': 0.7730937408807415, 'colsample_bytree': 0.7205762387253247, 'min_child_weight': 2, 'gamma': 0.0006884551200474231, 'reg_alpha': 6.240022857027185e-05, 'reg_lambda': 0.016539034248669454}. Best is trial 1028 with value: 0.30714193220690206.
[I 2024-12-04 17:42:27,250] Trial 1031 finished with value: 0.3106834506600554 and parameters: {'n_estimators': 901, 'max_depth': 6, 'learning_rate': 0.07467845017156804, 'subsample': 0.7687554965446453, 'colsample_bytree': 0.7205770289372782, 'min_child_weight': 2, 'gamma': 0.0008235421945646277, 'reg_alpha': 5.415775918824614e-05, 'reg_lambda': 0.020125161541184936}. Best is trial 1028 with value: 0.30714193220690206.
[I 2024-12-04 17:42:28,675] Trial 1032 finished with value: 0.31603807995534305 and parameters: {'n_estimators': 897, 'max_depth': 6, 'learning_rate': 0.07606041850161653, 'subsample': 0.7693930438104031, 'colsample_bytree': 0.7195212775690694, 'min_child_weight': 2, 'gamma': 0.0007136993954610448, 'reg_alpha': 6.67271805597304e-05, 'reg_lambda': 0.019838970013269525}. Best is trial 1028 with value: 0.30714193220690206.
[I 2024-12-04 17:42:30,074] Trial 1033 finished with value: 0.31044193850347623 and parameters: {'n_estimators': 881, 'max_depth': 6, 'learning_rate': 0.0727470229240599, 'subsample': 0.7702334910903638, 'colsample_bytree': 0.7234959467956747, 'min_child_weight': 2, 'gamma': 0.0008261896366424564, 'reg_alpha': 6.177150152798772e-05, 'reg_lambda': 0.016261635138623807}. Best is trial 1028 with value: 0.30714193220690206.
[I 2024-12-04 17:42:31,470] Trial 1034 finished with value: 0.3142345566797954 and parameters: {'n_estimators': 889, 'max_depth': 6, 'learning_rate': 0.07309077277107288, 'subsample': 0.7684253903121574, 'colsample_bytree': 0.7251412137167949, 'min_child_weight': 2, 'gamma': 0.0007197344080995698, 'reg_alpha': 5.478247959660976e-05, 'reg_lambda': 0.017544219705162043}. Best is trial 1028 with value: 0.30714193220690206.
[I 2024-12-04 17:42:32,876] Trial 1035 finished with value: 0.31209761199547675 and parameters: {'n_estimators': 884, 'max_depth': 6, 'learning_rate': 0.07443831094041693, 'subsample': 0.7706175284355793, 'colsample_bytree': 0.7213068270318722, 'min_child_weight': 2, 'gamma': 0.0007321002196681689, 'reg_alpha': 5.9938221645202586e-05, 'reg_lambda': 0.0183432656915278}. Best is trial 1028 with value: 0.30714193220690206.
[I 2024-12-04 17:42:34,358] Trial 1036 finished with value: 0.31582548753477135 and parameters: {'n_estimators': 921, 'max_depth': 6, 'learning_rate': 0.07572178335048585, 'subsample': 0.7650997322010946, 'colsample_bytree': 0.7212773112526949, 'min_child_weight': 2, 'gamma': 0.0006634248148275918, 'reg_alpha': 5.921082712904161e-05, 'reg_lambda': 0.020648322485206046}. Best is trial 1028 with value: 0.30714193220690206.
[I 2024-12-04 17:42:35,884] Trial 1037 finished with value: 0.3151740802420348 and parameters: {'n_estimators': 892, 'max_depth': 6, 'learning_rate': 0.07375566889362578, 'subsample': 0.7714786157227191, 'colsample_bytree': 0.7246535505680992, 'min_child_weight': 2, 'gamma': 0.0007350977596252788, 'reg_alpha': 6.20015732046532e-05, 'reg_lambda': 0.02005058852521303}. Best is trial 1028 with value: 0.30714193220690206.
[I 2024-12-04 17:42:37,394] Trial 1038 finished with value: 0.31812252541908587 and parameters: {'n_estimators': 900, 'max_depth': 6, 'learning_rate': 0.07466508901814546, 'subsample': 0.7664157382876648, 'colsample_bytree': 0.7229537569089282, 'min_child_weight': 2, 'gamma': 0.0006322593998240131, 'reg_alpha': 5.6046950256088144e-05, 'reg_lambda': 0.015493086825811004}. Best is trial 1028 with value: 0.30714193220690206.
[I 2024-12-04 17:42:38,872] Trial 1039 finished with value: 0.31979135320156565 and parameters: {'n_estimators': 879, 'max_depth': 6, 'learning_rate': 0.07350052220437044, 'subsample': 0.7717836209042772, 'colsample_bytree': 0.723811250767302, 'min_child_weight': 2, 'gamma': 0.000856885117706516, 'reg_alpha': 6.554833936521013e-05, 'reg_lambda': 0.016106199538052705}. Best is trial 1028 with value: 0.30714193220690206.
[I 2024-12-04 17:42:40,422] Trial 1040 finished with value: 0.3218883899773646 and parameters: {'n_estimators': 915, 'max_depth': 6, 'learning_rate': 0.07419697045036874, 'subsample': 0.7718488564749773, 'colsample_bytree': 0.7197807218169385, 'min_child_weight': 2, 'gamma': 0.0006604601701869084, 'reg_alpha': 5.7753436873601417e-05, 'reg_lambda': 0.016631494414530185}. Best is trial 1028 with value: 0.30714193220690206.
[I 2024-12-04 17:42:41,851] Trial 1041 finished with value: 0.313952528666248 and parameters: {'n_estimators': 903, 'max_depth': 6, 'learning_rate': 0.0732299867364957, 'subsample': 0.7716269001521039, 'colsample_bytree': 0.7204298146700743, 'min_child_weight': 2, 'gamma': 0.0007679569760354211, 'reg_alpha': 5.744133759128045e-05, 'reg_lambda': 0.015450182778695443}. Best is trial 1028 with value: 0.30714193220690206.
[I 2024-12-04 17:42:43,317] Trial 1042 finished with value: 0.3137704002555593 and parameters: {'n_estimators': 879, 'max_depth': 6, 'learning_rate': 0.07459036455814141, 'subsample': 0.7723181819763166, 'colsample_bytree': 0.7196824663285054, 'min_child_weight': 2, 'gamma': 0.0007367883283243628, 'reg_alpha': 9.568120128765372e-05, 'reg_lambda': 0.015625744106400857}. Best is trial 1028 with value: 0.30714193220690206.
[I 2024-12-04 17:42:44,830] Trial 1043 finished with value: 0.3077096340697358 and parameters: {'n_estimators': 890, 'max_depth': 6, 'learning_rate': 0.07232880428955597, 'subsample': 0.7701209549071386, 'colsample_bytree': 0.7201972111298676, 'min_child_weight': 2, 'gamma': 0.0007005521017503781, 'reg_alpha': 5.908633445738751e-05, 'reg_lambda': 0.015491107761464274}. Best is trial 1028 with value: 0.30714193220690206.
[I 2024-12-04 17:42:46,237] Trial 1044 finished with value: 0.31586166098458957 and parameters: {'n_estimators': 888, 'max_depth': 6, 'learning_rate': 0.07340891914632611, 'subsample': 0.7698201451171204, 'colsample_bytree': 0.7223905900536476, 'min_child_weight': 2, 'gamma': 0.0006416504909077296, 'reg_alpha': 5.4218365672214976e-05, 'reg_lambda': 0.01794511350023273}. Best is trial 1028 with value: 0.30714193220690206.
[I 2024-12-04 17:42:47,642] Trial 1045 finished with value: 0.31065853427791357 and parameters: {'n_estimators': 897, 'max_depth': 6, 'learning_rate': 0.07307214265618586, 'subsample': 0.768736191666985, 'colsample_bytree': 0.7185870809958775, 'min_child_weight': 2, 'gamma': 0.0007065571509580749, 'reg_alpha': 6.701327485288239e-05, 'reg_lambda': 0.014609048049823171}. Best is trial 1028 with value: 0.30714193220690206.
[I 2024-12-04 17:42:49,042] Trial 1046 finished with value: 0.3186503716840357 and parameters: {'n_estimators': 874, 'max_depth': 6, 'learning_rate': 0.07263670390823362, 'subsample': 0.7721259082599696, 'colsample_bytree': 0.7237431682958126, 'min_child_weight': 2, 'gamma': 0.0008216296996708452, 'reg_alpha': 5.596654429296096e-05, 'reg_lambda': 0.01627191980448448}. Best is trial 1028 with value: 0.30714193220690206.
[I 2024-12-04 17:42:50,477] Trial 1047 finished with value: 0.324186268251368 and parameters: {'n_estimators': 882, 'max_depth': 6, 'learning_rate': 0.073402387567166, 'subsample': 0.7711827796116736, 'colsample_bytree': 0.7222720253919539, 'min_child_weight': 2, 'gamma': 0.0008319328170317824, 'reg_alpha': 6.946337345031494e-05, 'reg_lambda': 0.016019126640489958}. Best is trial 1028 with value: 0.30714193220690206.
