[I 2024-12-26 07:18:10,593] Trial 2058 finished with value: 0.07555050402879715 and parameters: {'L1_hidden_dim': 112, 'L1_layers_atom': 4, 'L1_layers_mol': 4, 'L1_dropout': 0.28408106449576354, 'L1_out_dim': 112, 'L2_hidden_dim': 256, 'L2_layers_atom': 1, 'L2_layers_mol': 1, 'L2_out_dim': 112, 'L2_dropout': 0.2897965267742234, 'L3_hidden_dim': 96, 'L3_layers_atom': 1, 'L3_layers_mol': 3, 'L3_out_dim': 32, 'L3_dropout': 0.2969019129165235, 'n_mlp_layers': 2, 'mlp_dim_0': 504, 'mlp_dim_1': 256, 'num_heads': 2, 'final_dropout': 0.15868102355528013, 'train_learning_rate': 0.00042861181197193133, 'train_lr_reduce': 0.6}. Best is trial 1286 with value: 0.03935658559203148.
[I 2024-12-26 07:19:04,481] Trial 2060 finished with value: 0.10656164586544037 and parameters: {'L1_hidden_dim': 144, 'L1_layers_atom': 3, 'L1_layers_mol': 2, 'L1_dropout': 0.10680465556616328, 'L1_out_dim': 64, 'L2_hidden_dim': 208, 'L2_layers_atom': 1, 'L2_layers_mol': 4, 'L2_out_dim': 112, 'L2_dropout': 0.10765182835307151, 'L3_hidden_dim': 64, 'L3_layers_atom': 2, 'L3_layers_mol': 4, 'L3_out_dim': 32, 'L3_dropout': 0.15380903629884105, 'n_mlp_layers': 3, 'mlp_dim_0': 224, 'mlp_dim_1': 424, 'mlp_dim_2': 120, 'num_heads': 2, 'final_dropout': 0.2201223081427175, 'train_learning_rate': 0.007865674518615695, 'train_lr_reduce': 0.6}. Best is trial 1286 with value: 0.03935658559203148.
[I 2024-12-26 07:19:21,997] Trial 2062 finished with value: 1.16202712059021 and parameters: {'L1_hidden_dim': 112, 'L1_layers_atom': 2, 'L1_layers_mol': 3, 'L1_dropout': 0.24023886864918545, 'L1_out_dim': 48, 'L2_hidden_dim': 96, 'L2_layers_atom': 2, 'L2_layers_mol': 2, 'L2_out_dim': 80, 'L2_dropout': 0.038213873968805205, 'L3_hidden_dim': 112, 'L3_layers_atom': 3, 'L3_layers_mol': 1, 'L3_out_dim': 128, 'L3_dropout': 0.02598335712370213, 'n_mlp_layers': 2, 'mlp_dim_0': 440, 'mlp_dim_1': 368, 'num_heads': 1, 'final_dropout': 0.10201369106234293, 'train_learning_rate': 0.00018653584799943596, 'train_lr_reduce': 0.6}. Best is trial 1286 with value: 0.03935658559203148.
[I 2024-12-26 07:19:23,057] Trial 2059 finished with value: 0.11635671555995941 and parameters: {'L1_hidden_dim': 80, 'L1_layers_atom': 1, 'L1_layers_mol': 3, 'L1_dropout': 0.23071052709201412, 'L1_out_dim': 128, 'L2_hidden_dim': 208, 'L2_layers_atom': 3, 'L2_layers_mol': 3, 'L2_out_dim': 48, 'L2_dropout': 0.2791078901382331, 'L3_hidden_dim': 128, 'L3_layers_atom': 2, 'L3_layers_mol': 1, 'L3_out_dim': 80, 'L3_dropout': 0.236302608644464, 'n_mlp_layers': 2, 'mlp_dim_0': 296, 'mlp_dim_1': 312, 'num_heads': 2, 'final_dropout': 0.0566103090278115, 'train_learning_rate': 0.00545651024797617, 'train_lr_reduce': 0.6}. Best is trial 1286 with value: 0.03935658559203148.
[I 2024-12-26 07:19:39,223] Trial 2063 finished with value: 1.1163259744644165 and parameters: {'L1_hidden_dim': 96, 'L1_layers_atom': 3, 'L1_layers_mol': 1, 'L1_dropout': 0.2597009249554223, 'L1_out_dim': 112, 'L2_hidden_dim': 144, 'L2_layers_atom': 4, 'L2_layers_mol': 1, 'L2_out_dim': 64, 'L2_dropout': 0.00692688157476008, 'L3_hidden_dim': 96, 'L3_layers_atom': 3, 'L3_layers_mol': 2, 'L3_out_dim': 112, 'L3_dropout': 0.254348419045215, 'n_mlp_layers': 3, 'mlp_dim_0': 64, 'mlp_dim_1': 448, 'mlp_dim_2': 328, 'num_heads': 1, 'final_dropout': 0.01089744853148656, 'train_learning_rate': 0.0008018798173872467, 'train_lr_reduce': 0.6}. Best is trial 1286 with value: 0.03935658559203148.
[I 2024-12-26 07:19:57,327] Trial 2061 finished with value: 0.08641780912876129 and parameters: {'L1_hidden_dim': 64, 'L1_layers_atom': 4, 'L1_layers_mol': 4, 'L1_dropout': 0.2882105411187212, 'L1_out_dim': 64, 'L2_hidden_dim': 192, 'L2_layers_atom': 2, 'L2_layers_mol': 2, 'L2_out_dim': 128, 'L2_dropout': 0.06258769801758428, 'L3_hidden_dim': 128, 'L3_layers_atom': 4, 'L3_layers_mol': 1, 'L3_out_dim': 64, 'L3_dropout': 0.25854160491537137, 'n_mlp_layers': 2, 'mlp_dim_0': 272, 'mlp_dim_1': 472, 'num_heads': 2, 'final_dropout': 0.17313569737918502, 'train_learning_rate': 0.0028822514627212113, 'train_lr_reduce': 0.6}. Best is trial 1286 with value: 0.03935658559203148.
[I 2024-12-26 07:20:49,138] Trial 2065 finished with value: 0.07787752896547318 and parameters: {'L1_hidden_dim': 80, 'L1_layers_atom': 2, 'L1_layers_mol': 1, 'L1_dropout': 0.23663308885067919, 'L1_out_dim': 96, 'L2_hidden_dim': 208, 'L2_layers_atom': 1, 'L2_layers_mol': 4, 'L2_out_dim': 64, 'L2_dropout': 0.01795449571342667, 'L3_hidden_dim': 80, 'L3_layers_atom': 3, 'L3_layers_mol': 4, 'L3_out_dim': 128, 'L3_dropout': 0.28906135207594286, 'n_mlp_layers': 2, 'mlp_dim_0': 96, 'mlp_dim_1': 296, 'num_heads': 1, 'final_dropout': 0.11165779181062606, 'train_learning_rate': 0.0013312697560360406, 'train_lr_reduce': 0.6}. Best is trial 1286 with value: 0.03935658559203148.
[I 2024-12-26 07:21:20,138] Trial 2064 finished with value: 0.06416329741477966 and parameters: {'L1_hidden_dim': 80, 'L1_layers_atom': 4, 'L1_layers_mol': 2, 'L1_dropout': 0.22270566112024562, 'L1_out_dim': 64, 'L2_hidden_dim': 256, 'L2_layers_atom': 2, 'L2_layers_mol': 4, 'L2_out_dim': 32, 'L2_dropout': 0.07255577391335644, 'L3_hidden_dim': 80, 'L3_layers_atom': 4, 'L3_layers_mol': 1, 'L3_out_dim': 48, 'L3_dropout': 0.24204508221926324, 'n_mlp_layers': 2, 'mlp_dim_0': 192, 'mlp_dim_1': 512, 'num_heads': 1, 'final_dropout': 0.016796141382437773, 'train_learning_rate': 0.001974523208078185, 'train_lr_reduce': 0.6}. Best is trial 1286 with value: 0.03935658559203148.
[I 2024-12-26 07:22:22,104] Trial 2066 finished with value: 0.08301109820604324 and parameters: {'L1_hidden_dim': 64, 'L1_layers_atom': 4, 'L1_layers_mol': 4, 'L1_dropout': 0.013421081723612616, 'L1_out_dim': 128, 'L2_hidden_dim': 192, 'L2_layers_atom': 2, 'L2_layers_mol': 3, 'L2_out_dim': 32, 'L2_dropout': 0.033543757975645544, 'L3_hidden_dim': 96, 'L3_layers_atom': 3, 'L3_layers_mol': 3, 'L3_out_dim': 64, 'L3_dropout': 0.22456989315392994, 'n_mlp_layers': 1, 'mlp_dim_0': 48, 'num_heads': 2, 'final_dropout': 0.08129107630028347, 'train_learning_rate': 0.00227083905381035, 'train_lr_reduce': 0.6}. Best is trial 1286 with value: 0.03935658559203148.
[I 2024-12-26 07:22:45,144] Trial 2067 finished with value: 0.06656333059072495 and parameters: {'L1_hidden_dim': 80, 'L1_layers_atom': 3, 'L1_layers_mol': 2, 'L1_dropout': 0.1558926073711206, 'L1_out_dim': 96, 'L2_hidden_dim': 208, 'L2_layers_atom': 4, 'L2_layers_mol': 4, 'L2_out_dim': 96, 'L2_dropout': 0.04852548214729432, 'L3_hidden_dim': 80, 'L3_layers_atom': 2, 'L3_layers_mol': 1, 'L3_out_dim': 112, 'L3_dropout': 0.09188170540868941, 'n_mlp_layers': 3, 'mlp_dim_0': 448, 'mlp_dim_1': 400, 'mlp_dim_2': 240, 'num_heads': 1, 'final_dropout': 0.09291026781597145, 'train_learning_rate': 0.0010555058826677605, 'train_lr_reduce': 0.6}. Best is trial 1286 with value: 0.03935658559203148.
[I 2024-12-26 07:23:08,076] Trial 2068 finished with value: 0.10313676297664642 and parameters: {'L1_hidden_dim': 64, 'L1_layers_atom': 3, 'L1_layers_mol': 2, 'L1_dropout': 0.20022144284597987, 'L1_out_dim': 128, 'L2_hidden_dim': 160, 'L2_layers_atom': 2, 'L2_layers_mol': 3, 'L2_out_dim': 128, 'L2_dropout': 0.08122616986376713, 'L3_hidden_dim': 96, 'L3_layers_atom': 1, 'L3_layers_mol': 1, 'L3_out_dim': 96, 'L3_dropout': 0.20929012116689738, 'n_mlp_layers': 3, 'mlp_dim_0': 512, 'mlp_dim_1': 344, 'mlp_dim_2': 32, 'num_heads': 1, 'final_dropout': 0.04645666009291048, 'train_learning_rate': 0.0003436220122316314, 'train_lr_reduce': 0.6}. Best is trial 1286 with value: 0.03935658559203148.
[I 2024-12-26 07:24:08,843] Trial 2070 finished with value: 0.07143951952457428 and parameters: {'L1_hidden_dim': 64, 'L1_layers_atom': 1, 'L1_layers_mol': 2, 'L1_dropout': 0.24557524320702268, 'L1_out_dim': 128, 'L2_hidden_dim': 208, 'L2_layers_atom': 4, 'L2_layers_mol': 4, 'L2_out_dim': 112, 'L2_dropout': 0.09641059468333595, 'L3_hidden_dim': 96, 'L3_layers_atom': 2, 'L3_layers_mol': 1, 'L3_out_dim': 96, 'L3_dropout': 0.004387138471386776, 'n_mlp_layers': 3, 'mlp_dim_0': 464, 'mlp_dim_1': 440, 'mlp_dim_2': 176, 'num_heads': 1, 'final_dropout': 0.09254474955966913, 'train_learning_rate': 0.001553994467418239, 'train_lr_reduce': 0.6}. Best is trial 1286 with value: 0.03935658559203148.
[I 2024-12-26 07:24:41,682] Trial 2071 finished with value: 0.09827098995447159 and parameters: {'L1_hidden_dim': 144, 'L1_layers_atom': 2, 'L1_layers_mol': 3, 'L1_dropout': 0.2685005877633571, 'L1_out_dim': 80, 'L2_hidden_dim': 256, 'L2_layers_atom': 2, 'L2_layers_mol': 2, 'L2_out_dim': 32, 'L2_dropout': 0.0006584593057132257, 'L3_hidden_dim': 64, 'L3_layers_atom': 4, 'L3_layers_mol': 3, 'L3_out_dim': 112, 'L3_dropout': 0.013532093429251702, 'n_mlp_layers': 3, 'mlp_dim_0': 248, 'mlp_dim_1': 392, 'mlp_dim_2': 72, 'num_heads': 1, 'final_dropout': 0.1168080507023597, 'train_learning_rate': 0.0047848092090901915, 'train_lr_reduce': 0.6}. Best is trial 1286 with value: 0.03935658559203148.
[I 2024-12-26 07:25:35,705] Trial 2069 finished with value: 0.09402845799922943 and parameters: {'L1_hidden_dim': 96, 'L1_layers_atom': 4, 'L1_layers_mol': 2, 'L1_dropout': 0.18733626274422466, 'L1_out_dim': 128, 'L2_hidden_dim': 128, 'L2_layers_atom': 3, 'L2_layers_mol': 3, 'L2_out_dim': 128, 'L2_dropout': 0.1356475720989449, 'L3_hidden_dim': 96, 'L3_layers_atom': 2, 'L3_layers_mol': 1, 'L3_out_dim': 112, 'L3_dropout': 0.2815354189814564, 'n_mlp_layers': 1, 'mlp_dim_0': 272, 'num_heads': 1, 'final_dropout': 0.06285911651298826, 'train_learning_rate': 0.0023496632024551443, 'train_lr_reduce': 0.6}. Best is trial 1286 with value: 0.03935658559203148.
[I 2024-12-26 07:25:46,669] Trial 2073 finished with value: 0.08881309628486633 and parameters: {'L1_hidden_dim': 128, 'L1_layers_atom': 4, 'L1_layers_mol': 1, 'L1_dropout': 0.29613086041651904, 'L1_out_dim': 128, 'L2_hidden_dim': 224, 'L2_layers_atom': 3, 'L2_layers_mol': 2, 'L2_out_dim': 64, 'L2_dropout': 0.012300292079620016, 'L3_hidden_dim': 96, 'L3_layers_atom': 4, 'L3_layers_mol': 1, 'L3_out_dim': 96, 'L3_dropout': 0.2932520867025055, 'n_mlp_layers': 3, 'mlp_dim_0': 224, 'mlp_dim_1': 344, 'mlp_dim_2': 112, 'num_heads': 1, 'final_dropout': 0.030173365472044154, 'train_learning_rate': 0.0014663549891738253, 'train_lr_reduce': 0.6}. Best is trial 1286 with value: 0.03935658559203148.
[I 2024-12-26 07:26:13,851] Trial 2072 finished with value: 0.08076046407222748 and parameters: {'L1_hidden_dim': 96, 'L1_layers_atom': 1, 'L1_layers_mol': 3, 'L1_dropout': 0.19853821289258547, 'L1_out_dim': 128, 'L2_hidden_dim': 192, 'L2_layers_atom': 2, 'L2_layers_mol': 2, 'L2_out_dim': 64, 'L2_dropout': 0.04258708607582955, 'L3_hidden_dim': 80, 'L3_layers_atom': 4, 'L3_layers_mol': 3, 'L3_out_dim': 96, 'L3_dropout': 0.20902512737610085, 'n_mlp_layers': 2, 'mlp_dim_0': 64, 'mlp_dim_1': 472, 'num_heads': 1, 'final_dropout': 0.1600458311884117, 'train_learning_rate': 0.0051937583970156475, 'train_lr_reduce': 0.6}. Best is trial 1286 with value: 0.03935658559203148.
[I 2024-12-26 07:27:04,953] Trial 2075 finished with value: 0.12306460738182068 and parameters: {'L1_hidden_dim': 256, 'L1_layers_atom': 1, 'L1_layers_mol': 3, 'L1_dropout': 0.1093227025715837, 'L1_out_dim': 48, 'L2_hidden_dim': 80, 'L2_layers_atom': 1, 'L2_layers_mol': 1, 'L2_out_dim': 64, 'L2_dropout': 0.10507463733252573, 'L3_hidden_dim': 128, 'L3_layers_atom': 3, 'L3_layers_mol': 4, 'L3_out_dim': 112, 'L3_dropout': 0.11297039190185422, 'n_mlp_layers': 1, 'mlp_dim_0': 144, 'num_heads': 1, 'final_dropout': 0.05547156642097485, 'train_learning_rate': 0.00046648413463457825, 'train_lr_reduce': 0.6}. Best is trial 1286 with value: 0.03935658559203148.
[I 2024-12-26 07:27:38,519] Trial 2074 finished with value: 0.07108723372220993 and parameters: {'L1_hidden_dim': 64, 'L1_layers_atom': 2, 'L1_layers_mol': 3, 'L1_dropout': 0.217182390364966, 'L1_out_dim': 128, 'L2_hidden_dim': 240, 'L2_layers_atom': 2, 'L2_layers_mol': 4, 'L2_out_dim': 96, 'L2_dropout': 0.016568897801885144, 'L3_hidden_dim': 64, 'L3_layers_atom': 3, 'L3_layers_mol': 3, 'L3_out_dim': 112, 'L3_dropout': 0.18590232002871732, 'n_mlp_layers': 2, 'mlp_dim_0': 72, 'mlp_dim_1': 256, 'num_heads': 1, 'final_dropout': 0.17903488631423664, 'train_learning_rate': 0.001118980826312543, 'train_lr_reduce': 0.6}. Best is trial 1286 with value: 0.03935658559203148.
[I 2024-12-26 07:27:42,633] Trial 2076 finished with value: 0.06916508078575134 and parameters: {'L1_hidden_dim': 64, 'L1_layers_atom': 2, 'L1_layers_mol': 4, 'L1_dropout': 0.28789934141490947, 'L1_out_dim': 80, 'L2_hidden_dim': 176, 'L2_layers_atom': 2, 'L2_layers_mol': 1, 'L2_out_dim': 96, 'L2_dropout': 0.03340103590144376, 'L3_hidden_dim': 112, 'L3_layers_atom': 3, 'L3_layers_mol': 1, 'L3_out_dim': 128, 'L3_dropout': 0.0384484765888896, 'n_mlp_layers': 2, 'mlp_dim_0': 376, 'mlp_dim_1': 416, 'num_heads': 2, 'final_dropout': 0.06472327406453744, 'train_learning_rate': 0.0008112185107517159, 'train_lr_reduce': 0.6}. Best is trial 1286 with value: 0.03935658559203148.
[I 2024-12-26 07:28:18,417] Trial 2077 finished with value: 0.08899236470460892 and parameters: {'L1_hidden_dim': 208, 'L1_layers_atom': 3, 'L1_layers_mol': 2, 'L1_dropout': 0.015102184972030114, 'L1_out_dim': 32, 'L2_hidden_dim': 128, 'L2_layers_atom': 1, 'L2_layers_mol': 1, 'L2_out_dim': 112, 'L2_dropout': 0.06033393140119407, 'L3_hidden_dim': 128, 'L3_layers_atom': 4, 'L3_layers_mol': 3, 'L3_out_dim': 128, 'L3_dropout': 0.22649737683389948, 'n_mlp_layers': 2, 'mlp_dim_0': 184, 'mlp_dim_1': 312, 'num_heads': 2, 'final_dropout': 0.18314966322018295, 'train_learning_rate': 0.005259557084639524, 'train_lr_reduce': 0.6}. Best is trial 1286 with value: 0.03935658559203148.
[I 2024-12-26 07:28:48,529] Trial 2078 finished with value: 0.09136161208152771 and parameters: {'L1_hidden_dim': 64, 'L1_layers_atom': 2, 'L1_layers_mol': 2, 'L1_dropout': 0.15830880869007918, 'L1_out_dim': 128, 'L2_hidden_dim': 208, 'L2_layers_atom': 1, 'L2_layers_mol': 3, 'L2_out_dim': 96, 'L2_dropout': 0.024145629848531486, 'L3_hidden_dim': 32, 'L3_layers_atom': 3, 'L3_layers_mol': 3, 'L3_out_dim': 80, 'L3_dropout': 0.2205606054130647, 'n_mlp_layers': 3, 'mlp_dim_0': 176, 'mlp_dim_1': 472, 'mlp_dim_2': 152, 'num_heads': 1, 'final_dropout': 0.10670976444164171, 'train_learning_rate': 0.0038194947035885994, 'train_lr_reduce': 0.6}. Best is trial 1286 with value: 0.03935658559203148.
[I 2024-12-26 07:29:09,363] Trial 2081 finished with value: 1.1628124713897705 and parameters: {'L1_hidden_dim': 64, 'L1_layers_atom': 2, 'L1_layers_mol': 2, 'L1_dropout': 0.23100892865987135, 'L1_out_dim': 128, 'L2_hidden_dim': 80, 'L2_layers_atom': 3, 'L2_layers_mol': 4, 'L2_out_dim': 48, 'L2_dropout': 0.285832824386947, 'L3_hidden_dim': 112, 'L3_layers_atom': 2, 'L3_layers_mol': 3, 'L3_out_dim': 112, 'L3_dropout': 0.20501994898700865, 'n_mlp_layers': 3, 'mlp_dim_0': 208, 'mlp_dim_1': 392, 'mlp_dim_2': 72, 'num_heads': 1, 'final_dropout': 0.210824712874517, 'train_learning_rate': 0.0004093472304987681, 'train_lr_reduce': 0.6}. Best is trial 1286 with value: 0.03935658559203148.
[I 2024-12-26 07:29:43,127] Trial 2080 finished with value: 0.14880625903606415 and parameters: {'L1_hidden_dim': 208, 'L1_layers_atom': 1, 'L1_layers_mol': 3, 'L1_dropout': 0.29517782252079305, 'L1_out_dim': 64, 'L2_hidden_dim': 256, 'L2_layers_atom': 3, 'L2_layers_mol': 2, 'L2_out_dim': 32, 'L2_dropout': 0.20409550500168128, 'L3_hidden_dim': 32, 'L3_layers_atom': 3, 'L3_layers_mol': 1, 'L3_out_dim': 128, 'L3_dropout': 0.2682118086457209, 'n_mlp_layers': 1, 'mlp_dim_0': 464, 'num_heads': 2, 'final_dropout': 0.24273235086860395, 'train_learning_rate': 0.005312254817083989, 'train_lr_reduce': 0.6}. Best is trial 1286 with value: 0.03935658559203148.
[I 2024-12-26 07:30:15,828] Trial 2079 finished with value: 0.11628176271915436 and parameters: {'L1_hidden_dim': 112, 'L1_layers_atom': 2, 'L1_layers_mol': 2, 'L1_dropout': 0.04594917751023091, 'L1_out_dim': 64, 'L2_hidden_dim': 224, 'L2_layers_atom': 4, 'L2_layers_mol': 2, 'L2_out_dim': 112, 'L2_dropout': 0.20135526346643584, 'L3_hidden_dim': 32, 'L3_layers_atom': 4, 'L3_layers_mol': 2, 'L3_out_dim': 112, 'L3_dropout': 0.07355371064538828, 'n_mlp_layers': 1, 'mlp_dim_0': 240, 'num_heads': 2, 'final_dropout': 0.15767299323570916, 'train_learning_rate': 0.0004633200015124514, 'train_lr_reduce': 0.6}. Best is trial 1286 with value: 0.03935658559203148.
[I 2024-12-26 07:31:19,817] Trial 2083 finished with value: 0.0798761174082756 and parameters: {'L1_hidden_dim': 64, 'L1_layers_atom': 2, 'L1_layers_mol': 3, 'L1_dropout': 0.23742993067070317, 'L1_out_dim': 80, 'L2_hidden_dim': 176, 'L2_layers_atom': 2, 'L2_layers_mol': 2, 'L2_out_dim': 128, 'L2_dropout': 0.002825944054546562, 'L3_hidden_dim': 80, 'L3_layers_atom': 3, 'L3_layers_mol': 1, 'L3_out_dim': 96, 'L3_dropout': 0.16420371745597606, 'n_mlp_layers': 2, 'mlp_dim_0': 232, 'mlp_dim_1': 480, 'num_heads': 1, 'final_dropout': 0.09678108380529211, 'train_learning_rate': 0.0036912164408381153, 'train_lr_reduce': 0.6}. Best is trial 1286 with value: 0.03935658559203148.
[I 2024-12-26 07:31:35,529] Trial 2082 finished with value: 0.07666295766830444 and parameters: {'L1_hidden_dim': 144, 'L1_layers_atom': 3, 'L1_layers_mol': 3, 'L1_dropout': 0.1568050749617169, 'L1_out_dim': 80, 'L2_hidden_dim': 224, 'L2_layers_atom': 2, 'L2_layers_mol': 3, 'L2_out_dim': 48, 'L2_dropout': 0.08463271617219723, 'L3_hidden_dim': 64, 'L3_layers_atom': 4, 'L3_layers_mol': 2, 'L3_out_dim': 96, 'L3_dropout': 0.0017323380498990952, 'n_mlp_layers': 3, 'mlp_dim_0': 208, 'mlp_dim_1': 432, 'mlp_dim_2': 112, 'num_heads': 1, 'final_dropout': 0.23723388298712406, 'train_learning_rate': 0.000732194932288164, 'train_lr_reduce': 0.6}. Best is trial 1286 with value: 0.03935658559203148.
[I 2024-12-26 07:31:45,791] Trial 2084 finished with value: 0.09886013716459274 and parameters: {'L1_hidden_dim': 96, 'L1_layers_atom': 4, 'L1_layers_mol': 3, 'L1_dropout': 0.26719567178604026, 'L1_out_dim': 96, 'L2_hidden_dim': 224, 'L2_layers_atom': 3, 'L2_layers_mol': 1, 'L2_out_dim': 112, 'L2_dropout': 0.029801518943270412, 'L3_hidden_dim': 112, 'L3_layers_atom': 4, 'L3_layers_mol': 3, 'L3_out_dim': 64, 'L3_dropout': 0.27606972624975723, 'n_mlp_layers': 2, 'mlp_dim_0': 216, 'mlp_dim_1': 512, 'num_heads': 2, 'final_dropout': 0.11082141564881623, 'train_learning_rate': 0.007862951348192124, 'train_lr_reduce': 0.6}. Best is trial 1286 with value: 0.03935658559203148.
[I 2024-12-26 07:31:52,293] Trial 2086 finished with value: 1.0191932916641235 and parameters: {'L1_hidden_dim': 80, 'L1_layers_atom': 1, 'L1_layers_mol': 2, 'L1_dropout': 0.22885620459010952, 'L1_out_dim': 128, 'L2_hidden_dim': 256, 'L2_layers_atom': 4, 'L2_layers_mol': 2, 'L2_out_dim': 112, 'L2_dropout': 0.03421363552902785, 'L3_hidden_dim': 128, 'L3_layers_atom': 3, 'L3_layers_mol': 1, 'L3_out_dim': 112, 'L3_dropout': 0.08697574045922693, 'n_mlp_layers': 3, 'mlp_dim_0': 400, 'mlp_dim_1': 288, 'mlp_dim_2': 72, 'num_heads': 1, 'final_dropout': 0.10335900967471945, 'train_learning_rate': 0.0028113774516742465, 'train_lr_reduce': 0.6}. Best is trial 1286 with value: 0.03935658559203148.
[I 2024-12-26 07:33:24,811] Trial 2085 finished with value: 0.150136336684227 and parameters: {'L1_hidden_dim': 96, 'L1_layers_atom': 1, 'L1_layers_mol': 3, 'L1_dropout': 0.09710745257016538, 'L1_out_dim': 48, 'L2_hidden_dim': 128, 'L2_layers_atom': 1, 'L2_layers_mol': 4, 'L2_out_dim': 64, 'L2_dropout': 0.2009855803191251, 'L3_hidden_dim': 96, 'L3_layers_atom': 4, 'L3_layers_mol': 3, 'L3_out_dim': 48, 'L3_dropout': 0.034047272634121606, 'n_mlp_layers': 2, 'mlp_dim_0': 112, 'mlp_dim_1': 352, 'num_heads': 1, 'final_dropout': 0.29167299882166187, 'train_learning_rate': 0.00017263119243020626, 'train_lr_reduce': 0.6}. Best is trial 1286 with value: 0.03935658559203148.
[I 2024-12-26 07:33:27,110] Trial 2087 finished with value: 0.09293204545974731 and parameters: {'L1_hidden_dim': 128, 'L1_layers_atom': 3, 'L1_layers_mol': 4, 'L1_dropout': 0.2551158807127553, 'L1_out_dim': 32, 'L2_hidden_dim': 80, 'L2_layers_atom': 1, 'L2_layers_mol': 1, 'L2_out_dim': 32, 'L2_dropout': 0.19273959587179432, 'L3_hidden_dim': 112, 'L3_layers_atom': 2, 'L3_layers_mol': 3, 'L3_out_dim': 32, 'L3_dropout': 0.2543303666261752, 'n_mlp_layers': 1, 'mlp_dim_0': 448, 'num_heads': 2, 'final_dropout': 0.28459718173487936, 'train_learning_rate': 0.0014181799808078367, 'train_lr_reduce': 0.6}. Best is trial 1286 with value: 0.03935658559203148.
[I 2024-12-26 07:33:41,408] Trial 2088 finished with value: 0.06016773730516434 and parameters: {'L1_hidden_dim': 64, 'L1_layers_atom': 4, 'L1_layers_mol': 3, 'L1_dropout': 0.2744491654207099, 'L1_out_dim': 64, 'L2_hidden_dim': 176, 'L2_layers_atom': 4, 'L2_layers_mol': 2, 'L2_out_dim': 32, 'L2_dropout': 0.07545695563988472, 'L3_hidden_dim': 64, 'L3_layers_atom': 2, 'L3_layers_mol': 2, 'L3_out_dim': 96, 'L3_dropout': 0.0008600447693003547, 'n_mlp_layers': 3, 'mlp_dim_0': 488, 'mlp_dim_1': 440, 'mlp_dim_2': 32, 'num_heads': 2, 'final_dropout': 0.1853708794977627, 'train_learning_rate': 0.0005886499121185174, 'train_lr_reduce': 0.6}. Best is trial 1286 with value: 0.03935658559203148.
[I 2024-12-26 07:35:15,750] Trial 2090 finished with value: 0.058225151151418686 and parameters: {'L1_hidden_dim': 80, 'L1_layers_atom': 3, 'L1_layers_mol': 3, 'L1_dropout': 0.2675107194192557, 'L1_out_dim': 32, 'L2_hidden_dim': 80, 'L2_layers_atom': 2, 'L2_layers_mol': 2, 'L2_out_dim': 96, 'L2_dropout': 0.0030996772035740625, 'L3_hidden_dim': 128, 'L3_layers_atom': 3, 'L3_layers_mol': 2, 'L3_out_dim': 128, 'L3_dropout': 0.028753557118125918, 'n_mlp_layers': 1, 'mlp_dim_0': 384, 'num_heads': 2, 'final_dropout': 0.0169406287986466, 'train_learning_rate': 0.003257357117990012, 'train_lr_reduce': 0.6}. Best is trial 1286 with value: 0.03935658559203148.
