[I 2024-12-16 01:01:43,257] Trial 2098 finished with value: 0.12781648337841034 and parameters: {'mlp_n_layers': 2, 'mlp_dim_00': 128, 'mlp_dim_01': 160, 'hidden_channels': 48, 'num_layers': 1, 'num_timesteps': 4, 'dropout': 0.19961313733795272, 'train_learning_rate': 0.004726689863550777, 'train_lr_reduce': 0.6}. Best is trial 130 with value: 0.0812772810459137.
[I 2024-12-16 01:01:43,870] Trial 2099 finished with value: 0.10389965772628784 and parameters: {'mlp_n_layers': 2, 'mlp_dim_00': 192, 'mlp_dim_01': 208, 'hidden_channels': 48, 'num_layers': 2, 'num_timesteps': 2, 'dropout': 0.2285825546147556, 'train_learning_rate': 0.008568054492179584, 'train_lr_reduce': 0.6}. Best is trial 130 with value: 0.0812772810459137.
[I 2024-12-16 01:01:56,505] Trial 2102 finished with value: 0.12203060835599899 and parameters: {'mlp_n_layers': 3, 'mlp_dim_00': 144, 'mlp_dim_01': 128, 'mlp_dim_02': 208, 'hidden_channels': 80, 'num_layers': 2, 'num_timesteps': 3, 'dropout': 0.1520004715398552, 'train_learning_rate': 0.004404900119400342, 'train_lr_reduce': 0.6}. Best is trial 130 with value: 0.0812772810459137.
[I 2024-12-16 01:01:56,709] Trial 2101 finished with value: 0.13562963902950287 and parameters: {'mlp_n_layers': 3, 'mlp_dim_00': 192, 'mlp_dim_01': 240, 'mlp_dim_02': 240, 'hidden_channels': 80, 'num_layers': 2, 'num_timesteps': 4, 'dropout': 0.08036104679344795, 'train_learning_rate': 0.006342256905975028, 'train_lr_reduce': 0.6}. Best is trial 130 with value: 0.0812772810459137.
[I 2024-12-16 01:02:06,498] Trial 2100 finished with value: 0.14977283775806427 and parameters: {'mlp_n_layers': 2, 'mlp_dim_00': 176, 'mlp_dim_01': 48, 'hidden_channels': 96, 'num_layers': 3, 'num_timesteps': 3, 'dropout': 0.22739903102483272, 'train_learning_rate': 0.0003157819112770476, 'train_lr_reduce': 0.6}. Best is trial 130 with value: 0.0812772810459137.
[I 2024-12-16 01:02:07,801] Trial 2104 finished with value: 0.08920180797576904 and parameters: {'mlp_n_layers': 2, 'mlp_dim_00': 240, 'mlp_dim_01': 176, 'hidden_channels': 48, 'num_layers': 1, 'num_timesteps': 3, 'dropout': 0.29452709886613915, 'train_learning_rate': 0.009853684451526306, 'train_lr_reduce': 0.6}. Best is trial 130 with value: 0.0812772810459137.
[I 2024-12-16 01:02:10,105] Trial 2103 finished with value: 0.1131405383348465 and parameters: {'mlp_n_layers': 2, 'mlp_dim_00': 256, 'mlp_dim_01': 144, 'hidden_channels': 32, 'num_layers': 1, 'num_timesteps': 4, 'dropout': 0.2008590985709265, 'train_learning_rate': 0.009422809425988018, 'train_lr_reduce': 0.6}. Best is trial 130 with value: 0.0812772810459137.
[I 2024-12-16 01:02:18,508] Trial 2105 finished with value: 0.0959530845284462 and parameters: {'mlp_n_layers': 2, 'mlp_dim_00': 144, 'mlp_dim_01': 256, 'hidden_channels': 32, 'num_layers': 2, 'num_timesteps': 3, 'dropout': 0.015458489744649952, 'train_learning_rate': 0.006373777151718182, 'train_lr_reduce': 0.6}. Best is trial 130 with value: 0.0812772810459137.
[I 2024-12-16 01:02:27,502] Trial 2106 finished with value: 0.13077662885189056 and parameters: {'mlp_n_layers': 3, 'mlp_dim_00': 256, 'mlp_dim_01': 176, 'mlp_dim_02': 224, 'hidden_channels': 32, 'num_layers': 1, 'num_timesteps': 3, 'dropout': 0.24117441848730423, 'train_learning_rate': 0.007023513369609724, 'train_lr_reduce': 0.6}. Best is trial 130 with value: 0.0812772810459137.
[I 2024-12-16 01:02:28,235] Trial 2107 finished with value: 0.09599562734365463 and parameters: {'mlp_n_layers': 2, 'mlp_dim_00': 224, 'mlp_dim_01': 32, 'hidden_channels': 144, 'num_layers': 2, 'num_timesteps': 3, 'dropout': 0.29555984286759435, 'train_learning_rate': 0.0072542075770263064, 'train_lr_reduce': 0.6}. Best is trial 130 with value: 0.0812772810459137.
[I 2024-12-16 01:02:33,669] Trial 2108 finished with value: 0.12576723098754883 and parameters: {'mlp_n_layers': 3, 'mlp_dim_00': 224, 'mlp_dim_01': 208, 'mlp_dim_02': 80, 'hidden_channels': 112, 'num_layers': 2, 'num_timesteps': 3, 'dropout': 0.1702748475285444, 'train_learning_rate': 0.009974635546772985, 'train_lr_reduce': 0.6}. Best is trial 130 with value: 0.0812772810459137.
[I 2024-12-16 01:02:44,877] Trial 2110 finished with value: 0.1502186805009842 and parameters: {'mlp_n_layers': 3, 'mlp_dim_00': 256, 'mlp_dim_01': 144, 'mlp_dim_02': 208, 'hidden_channels': 96, 'num_layers': 2, 'num_timesteps': 3, 'dropout': 0.24855950919384545, 'train_learning_rate': 0.00854517483750389, 'train_lr_reduce': 0.6}. Best is trial 130 with value: 0.0812772810459137.
[I 2024-12-16 01:02:48,333] Trial 2111 finished with value: 0.14069809019565582 and parameters: {'mlp_n_layers': 2, 'mlp_dim_00': 176, 'mlp_dim_01': 144, 'hidden_channels': 176, 'num_layers': 1, 'num_timesteps': 3, 'dropout': 0.2932365982741658, 'train_learning_rate': 0.0065732528499005734, 'train_lr_reduce': 0.6}. Best is trial 130 with value: 0.0812772810459137.
[I 2024-12-16 01:02:49,138] Trial 2109 finished with value: 0.13163039088249207 and parameters: {'mlp_n_layers': 3, 'mlp_dim_00': 240, 'mlp_dim_01': 48, 'mlp_dim_02': 256, 'hidden_channels': 80, 'num_layers': 2, 'num_timesteps': 4, 'dropout': 0.08439007721662663, 'train_learning_rate': 0.0011719795209807892, 'train_lr_reduce': 0.6}. Best is trial 130 with value: 0.0812772810459137.
[I 2024-12-16 01:03:02,913] Trial 2113 finished with value: 0.18056024610996246 and parameters: {'mlp_n_layers': 3, 'mlp_dim_00': 208, 'mlp_dim_01': 32, 'mlp_dim_02': 64, 'hidden_channels': 176, 'num_layers': 3, 'num_timesteps': 4, 'dropout': 0.29357774269324416, 'train_learning_rate': 0.008188554115758992, 'train_lr_reduce': 0.6}. Best is trial 130 with value: 0.0812772810459137.
[I 2024-12-16 01:03:05,650] Trial 2114 finished with value: 0.1404498964548111 and parameters: {'mlp_n_layers': 4, 'mlp_dim_00': 32, 'mlp_dim_01': 80, 'mlp_dim_02': 240, 'mlp_dim_03': 64, 'hidden_channels': 128, 'num_layers': 1, 'num_timesteps': 4, 'dropout': 0.029735737951222654, 'train_learning_rate': 0.0016291151400645981, 'train_lr_reduce': 0.6}. Best is trial 130 with value: 0.0812772810459137.
[I 2024-12-16 01:03:06,788] Trial 2112 finished with value: 0.12642298638820648 and parameters: {'mlp_n_layers': 4, 'mlp_dim_00': 80, 'mlp_dim_01': 48, 'mlp_dim_02': 208, 'mlp_dim_03': 160, 'hidden_channels': 96, 'num_layers': 4, 'num_timesteps': 4, 'dropout': 0.012862435986542797, 'train_learning_rate': 0.0020904241242936227, 'train_lr_reduce': 0.6}. Best is trial 130 with value: 0.0812772810459137.
[I 2024-12-16 01:03:16,601] Trial 2116 finished with value: 0.11895737797021866 and parameters: {'mlp_n_layers': 3, 'mlp_dim_00': 208, 'mlp_dim_01': 128, 'mlp_dim_02': 208, 'hidden_channels': 64, 'num_layers': 1, 'num_timesteps': 3, 'dropout': 0.23768043487312526, 'train_learning_rate': 0.0034895387517477772, 'train_lr_reduce': 0.6}. Best is trial 130 with value: 0.0812772810459137.
[I 2024-12-16 01:03:23,961] Trial 2115 finished with value: 0.09729354828596115 and parameters: {'mlp_n_layers': 2, 'mlp_dim_00': 32, 'mlp_dim_01': 224, 'hidden_channels': 32, 'num_layers': 4, 'num_timesteps': 4, 'dropout': 0.16004858512212358, 'train_learning_rate': 0.0054642383240787245, 'train_lr_reduce': 0.6}. Best is trial 130 with value: 0.0812772810459137.
[I 2024-12-16 01:03:27,205] Trial 2118 finished with value: 0.09943315386772156 and parameters: {'mlp_n_layers': 2, 'mlp_dim_00': 160, 'mlp_dim_01': 96, 'hidden_channels': 112, 'num_layers': 1, 'num_timesteps': 4, 'dropout': 0.24147945950890912, 'train_learning_rate': 0.004557000286737819, 'train_lr_reduce': 0.6}. Best is trial 130 with value: 0.0812772810459137.
[I 2024-12-16 01:03:33,589] Trial 2117 finished with value: 0.3110828101634979 and parameters: {'mlp_n_layers': 4, 'mlp_dim_00': 96, 'mlp_dim_01': 48, 'mlp_dim_02': 80, 'mlp_dim_03': 224, 'hidden_channels': 32, 'num_layers': 2, 'num_timesteps': 2, 'dropout': 0.2601518697507485, 'train_learning_rate': 0.00020092296775485837, 'train_lr_reduce': 0.6}. Best is trial 130 with value: 0.0812772810459137.
[I 2024-12-16 01:03:39,737] Trial 2119 finished with value: 0.10970953851938248 and parameters: {'mlp_n_layers': 2, 'mlp_dim_00': 224, 'mlp_dim_01': 256, 'hidden_channels': 192, 'num_layers': 1, 'num_timesteps': 4, 'dropout': 0.22031267257753634, 'train_learning_rate': 0.0066299013343059125, 'train_lr_reduce': 0.6}. Best is trial 130 with value: 0.0812772810459137.
[I 2024-12-16 01:03:42,991] Trial 2120 finished with value: 0.1011253297328949 and parameters: {'mlp_n_layers': 2, 'mlp_dim_00': 208, 'mlp_dim_01': 192, 'hidden_channels': 80, 'num_layers': 2, 'num_timesteps': 3, 'dropout': 0.18881435357021864, 'train_learning_rate': 0.008895816264761715, 'train_lr_reduce': 0.6}. Best is trial 130 with value: 0.0812772810459137.
[I 2024-12-16 01:03:47,162] Trial 2121 finished with value: 0.108102947473526 and parameters: {'mlp_n_layers': 2, 'mlp_dim_00': 256, 'mlp_dim_01': 224, 'hidden_channels': 32, 'num_layers': 2, 'num_timesteps': 3, 'dropout': 0.26870886875851013, 'train_learning_rate': 0.00953533511582326, 'train_lr_reduce': 0.6}. Best is trial 130 with value: 0.0812772810459137.
[I 2024-12-16 01:03:48,723] Trial 2123 finished with value: 0.5363103151321411 and parameters: {'mlp_n_layers': 3, 'mlp_dim_00': 144, 'mlp_dim_01': 144, 'mlp_dim_02': 256, 'hidden_channels': 96, 'num_layers': 1, 'num_timesteps': 4, 'dropout': 0.20941565849518395, 'train_learning_rate': 0.007363381494576923, 'train_lr_reduce': 0.6}. Best is trial 130 with value: 0.0812772810459137.
[I 2024-12-16 01:03:54,128] Trial 2122 finished with value: 0.10283135622739792 and parameters: {'mlp_n_layers': 2, 'mlp_dim_00': 176, 'mlp_dim_01': 160, 'hidden_channels': 80, 'num_layers': 1, 'num_timesteps': 4, 'dropout': 0.21971286488950886, 'train_learning_rate': 0.009254158302863726, 'train_lr_reduce': 0.6}. Best is trial 130 with value: 0.0812772810459137.
[I 2024-12-16 01:03:56,713] Trial 2124 finished with value: 0.11158227920532227 and parameters: {'mlp_n_layers': 2, 'mlp_dim_00': 192, 'mlp_dim_01': 176, 'hidden_channels': 96, 'num_layers': 2, 'num_timesteps': 2, 'dropout': 0.2003710997792138, 'train_learning_rate': 0.0036141423673024587, 'train_lr_reduce': 0.6}. Best is trial 130 with value: 0.0812772810459137.
[I 2024-12-16 01:04:01,077] Trial 2125 finished with value: 0.1140429899096489 and parameters: {'mlp_n_layers': 2, 'mlp_dim_00': 256, 'mlp_dim_01': 192, 'hidden_channels': 128, 'num_layers': 1, 'num_timesteps': 3, 'dropout': 0.23699341202805405, 'train_learning_rate': 0.008855689168556382, 'train_lr_reduce': 0.6}. Best is trial 130 with value: 0.0812772810459137.
[I 2024-12-16 01:04:11,276] Trial 2127 finished with value: 0.13483554124832153 and parameters: {'mlp_n_layers': 4, 'mlp_dim_00': 224, 'mlp_dim_01': 32, 'mlp_dim_02': 224, 'mlp_dim_03': 112, 'hidden_channels': 224, 'num_layers': 1, 'num_timesteps': 4, 'dropout': 0.06753885783521167, 'train_learning_rate': 0.0024149970794447063, 'train_lr_reduce': 0.6}. Best is trial 130 with value: 0.0812772810459137.
[I 2024-12-16 01:04:15,284] Trial 2126 finished with value: 0.12338345497846603 and parameters: {'mlp_n_layers': 3, 'mlp_dim_00': 48, 'mlp_dim_01': 176, 'mlp_dim_02': 48, 'hidden_channels': 32, 'num_layers': 3, 'num_timesteps': 4, 'dropout': 0.1386205069451499, 'train_learning_rate': 0.002073682240729777, 'train_lr_reduce': 0.6}. Best is trial 130 with value: 0.0812772810459137.
[I 2024-12-16 01:04:18,671] Trial 2128 finished with value: 0.12827682495117188 and parameters: {'mlp_n_layers': 4, 'mlp_dim_00': 240, 'mlp_dim_01': 64, 'mlp_dim_02': 208, 'mlp_dim_03': 32, 'hidden_channels': 48, 'num_layers': 4, 'num_timesteps': 1, 'dropout': 0.22753030848824501, 'train_learning_rate': 0.002396951075644786, 'train_lr_reduce': 0.6}. Best is trial 130 with value: 0.0812772810459137.
[I 2024-12-16 01:04:25,200] Trial 2129 finished with value: 0.09772418439388275 and parameters: {'mlp_n_layers': 2, 'mlp_dim_00': 160, 'mlp_dim_01': 112, 'hidden_channels': 128, 'num_layers': 1, 'num_timesteps': 4, 'dropout': 0.1564608542833807, 'train_learning_rate': 0.009181222688012278, 'train_lr_reduce': 0.6}. Best is trial 130 with value: 0.0812772810459137.
[I 2024-12-16 01:04:28,230] Trial 2130 finished with value: 0.13408417999744415 and parameters: {'mlp_n_layers': 2, 'mlp_dim_00': 224, 'mlp_dim_01': 176, 'hidden_channels': 144, 'num_layers': 2, 'num_timesteps': 4, 'dropout': 0.21416721803622604, 'train_learning_rate': 0.0037944601762815553, 'train_lr_reduce': 0.6}. Best is trial 130 with value: 0.0812772810459137.
[I 2024-12-16 01:04:32,465] Trial 2131 finished with value: 0.10833385586738586 and parameters: {'mlp_n_layers': 2, 'mlp_dim_00': 192, 'mlp_dim_01': 176, 'hidden_channels': 32, 'num_layers': 1, 'num_timesteps': 3, 'dropout': 0.15443447396011467, 'train_learning_rate': 0.007722036658345475, 'train_lr_reduce': 0.6}. Best is trial 130 with value: 0.0812772810459137.
[I 2024-12-16 01:04:44,913] Trial 2132 finished with value: 0.12911811470985413 and parameters: {'mlp_n_layers': 4, 'mlp_dim_00': 160, 'mlp_dim_01': 112, 'mlp_dim_02': 80, 'mlp_dim_03': 208, 'hidden_channels': 224, 'num_layers': 2, 'num_timesteps': 2, 'dropout': 0.1182212310283339, 'train_learning_rate': 0.001001683619057818, 'train_lr_reduce': 0.6}. Best is trial 130 with value: 0.0812772810459137.
[I 2024-12-16 01:04:45,664] Trial 2134 finished with value: 0.14159321784973145 and parameters: {'mlp_n_layers': 2, 'mlp_dim_00': 208, 'mlp_dim_01': 160, 'hidden_channels': 48, 'num_layers': 1, 'num_timesteps': 3, 'dropout': 0.1953068241379794, 'train_learning_rate': 0.009989943060052452, 'train_lr_reduce': 0.6}. Best is trial 130 with value: 0.0812772810459137.
[I 2024-12-16 01:04:46,176] Trial 2133 finished with value: 0.10024023056030273 and parameters: {'mlp_n_layers': 2, 'mlp_dim_00': 112, 'mlp_dim_01': 192, 'hidden_channels': 48, 'num_layers': 4, 'num_timesteps': 4, 'dropout': 0.023343268724587814, 'train_learning_rate': 0.0052970594380479154, 'train_lr_reduce': 0.6}. Best is trial 130 with value: 0.0812772810459137.
[I 2024-12-16 01:05:01,764] Trial 2137 finished with value: 0.10143563151359558 and parameters: {'mlp_n_layers': 2, 'mlp_dim_00': 256, 'mlp_dim_01': 160, 'hidden_channels': 80, 'num_layers': 1, 'num_timesteps': 3, 'dropout': 0.2074704476755631, 'train_learning_rate': 0.007717406631369646, 'train_lr_reduce': 0.6}. Best is trial 130 with value: 0.0812772810459137.
[I 2024-12-16 01:05:02,677] Trial 2135 finished with value: 0.10755100101232529 and parameters: {'mlp_n_layers': 2, 'mlp_dim_00': 256, 'mlp_dim_01': 208, 'hidden_channels': 48, 'num_layers': 1, 'num_timesteps': 3, 'dropout': 0.24418339708745787, 'train_learning_rate': 0.005903024122790211, 'train_lr_reduce': 0.6}. Best is trial 130 with value: 0.0812772810459137.
[I 2024-12-16 01:05:06,879] Trial 2136 finished with value: 0.12092503905296326 and parameters: {'mlp_n_layers': 2, 'mlp_dim_00': 224, 'mlp_dim_01': 32, 'hidden_channels': 96, 'num_layers': 1, 'num_timesteps': 2, 'dropout': 0.23763559249583646, 'train_learning_rate': 0.0003848059933158602, 'train_lr_reduce': 0.6}. Best is trial 130 with value: 0.0812772810459137.
[I 2024-12-16 01:05:12,432] Trial 2138 finished with value: 0.11520781368017197 and parameters: {'mlp_n_layers': 2, 'mlp_dim_00': 256, 'mlp_dim_01': 240, 'hidden_channels': 64, 'num_layers': 1, 'num_timesteps': 4, 'dropout': 0.18185574307193073, 'train_learning_rate': 0.00272680775884615, 'train_lr_reduce': 0.6}. Best is trial 130 with value: 0.0812772810459137.
[I 2024-12-16 01:05:14,028] Trial 2139 finished with value: 0.1079617515206337 and parameters: {'mlp_n_layers': 3, 'mlp_dim_00': 256, 'mlp_dim_01': 160, 'mlp_dim_02': 208, 'hidden_channels': 128, 'num_layers': 1, 'num_timesteps': 4, 'dropout': 0.0633819182182976, 'train_learning_rate': 0.006747696021301149, 'train_lr_reduce': 0.6}. Best is trial 130 with value: 0.0812772810459137.
[I 2024-12-16 01:05:19,296] Trial 2140 finished with value: 0.12356343120336533 and parameters: {'mlp_n_layers': 3, 'mlp_dim_00': 256, 'mlp_dim_01': 208, 'mlp_dim_02': 32, 'hidden_channels': 64, 'num_layers': 1, 'num_timesteps': 3, 'dropout': 0.1619378207391512, 'train_learning_rate': 0.001554107757108556, 'train_lr_reduce': 0.6}. Best is trial 130 with value: 0.0812772810459137.
[I 2024-12-16 01:05:22,450] Trial 2142 finished with value: 0.11318330466747284 and parameters: {'mlp_n_layers': 2, 'mlp_dim_00': 224, 'mlp_dim_01': 224, 'hidden_channels': 80, 'num_layers': 1, 'num_timesteps': 3, 'dropout': 0.22928663569045665, 'train_learning_rate': 0.00283694892810489, 'train_lr_reduce': 0.6}. Best is trial 130 with value: 0.0812772810459137.
[I 2024-12-16 01:05:25,479] Trial 2141 finished with value: 0.09651544690132141 and parameters: {'mlp_n_layers': 2, 'mlp_dim_00': 144, 'mlp_dim_01': 176, 'hidden_channels': 80, 'num_layers': 2, 'num_timesteps': 2, 'dropout': 0.1690229471765481, 'train_learning_rate': 0.0074553814961764355, 'train_lr_reduce': 0.6}. Best is trial 130 with value: 0.0812772810459137.
[I 2024-12-16 01:05:30,990] Trial 2143 finished with value: 0.10037265717983246 and parameters: {'mlp_n_layers': 3, 'mlp_dim_00': 240, 'mlp_dim_01': 128, 'mlp_dim_02': 240, 'hidden_channels': 32, 'num_layers': 1, 'num_timesteps': 3, 'dropout': 0.21908139274407318, 'train_learning_rate': 0.007151835741347243, 'train_lr_reduce': 0.6}. Best is trial 130 with value: 0.0812772810459137.
[I 2024-12-16 01:05:36,229] Trial 2144 finished with value: 0.11687895655632019 and parameters: {'mlp_n_layers': 3, 'mlp_dim_00': 224, 'mlp_dim_01': 144, 'mlp_dim_02': 208, 'hidden_channels': 80, 'num_layers': 2, 'num_timesteps': 3, 'dropout': 0.20324262841987195, 'train_learning_rate': 0.0026124211799941617, 'train_lr_reduce': 0.6}. Best is trial 130 with value: 0.0812772810459137.
[I 2024-12-16 01:05:44,442] Trial 2146 finished with value: 0.12143827229738235 and parameters: {'mlp_n_layers': 2, 'mlp_dim_00': 256, 'mlp_dim_01': 176, 'hidden_channels': 112, 'num_layers': 2, 'num_timesteps': 3, 'dropout': 0.2141170020590909, 'train_learning_rate': 0.004240598300584663, 'train_lr_reduce': 0.6}. Best is trial 130 with value: 0.0812772810459137.
[I 2024-12-16 01:05:55,543] Trial 2145 finished with value: 0.3198244273662567 and parameters: {'mlp_n_layers': 3, 'mlp_dim_00': 208, 'mlp_dim_01': 128, 'mlp_dim_02': 256, 'hidden_channels': 112, 'num_layers': 3, 'num_timesteps': 1, 'dropout': 0.20573795427631894, 'train_learning_rate': 0.00010623566184282714, 'train_lr_reduce': 0.6}. Best is trial 130 with value: 0.0812772810459137.
[I 2024-12-16 01:05:58,569] Trial 2148 finished with value: 0.09460347145795822 and parameters: {'mlp_n_layers': 2, 'mlp_dim_00': 256, 'mlp_dim_01': 80, 'hidden_channels': 48, 'num_layers': 2, 'num_timesteps': 3, 'dropout': 0.2904150917304227, 'train_learning_rate': 0.009510479518015149, 'train_lr_reduce': 0.6}. Best is trial 130 with value: 0.0812772810459137.
[I 2024-12-16 01:06:04,806] Trial 2147 finished with value: 0.14531207084655762 and parameters: {'mlp_n_layers': 3, 'mlp_dim_00': 144, 'mlp_dim_01': 96, 'mlp_dim_02': 96, 'hidden_channels': 160, 'num_layers': 2, 'num_timesteps': 3, 'dropout': 0.019545137422336212, 'train_learning_rate': 0.00020114149137094285, 'train_lr_reduce': 0.6}. Best is trial 130 with value: 0.0812772810459137.
[I 2024-12-16 01:06:09,584] Trial 2150 finished with value: 0.11855750530958176 and parameters: {'mlp_n_layers': 2, 'mlp_dim_00': 192, 'mlp_dim_01': 256, 'hidden_channels': 160, 'num_layers': 1, 'num_timesteps': 3, 'dropout': 0.17182064264752162, 'train_learning_rate': 0.004952088767068896, 'train_lr_reduce': 0.6}. Best is trial 130 with value: 0.0812772810459137.
[I 2024-12-16 01:06:15,548] Trial 2151 finished with value: 0.11637583374977112 and parameters: {'mlp_n_layers': 2, 'mlp_dim_00': 240, 'mlp_dim_01': 192, 'hidden_channels': 64, 'num_layers': 2, 'num_timesteps': 2, 'dropout': 0.09605886485429037, 'train_learning_rate': 0.0036870112159030233, 'train_lr_reduce': 0.6}. Best is trial 130 with value: 0.0812772810459137.
[I 2024-12-16 01:06:20,969] Trial 2149 finished with value: 0.109096460044384 and parameters: {'mlp_n_layers': 2, 'mlp_dim_00': 208, 'mlp_dim_01': 64, 'hidden_channels': 96, 'num_layers': 3, 'num_timesteps': 4, 'dropout': 0.25085875962159626, 'train_learning_rate': 0.00957127664710044, 'train_lr_reduce': 0.6}. Best is trial 130 with value: 0.0812772810459137.
[I 2024-12-16 01:06:29,530] Trial 2152 finished with value: 0.13325189054012299 and parameters: {'mlp_n_layers': 2, 'mlp_dim_00': 160, 'mlp_dim_01': 112, 'hidden_channels': 240, 'num_layers': 2, 'num_timesteps': 3, 'dropout': 0.09090397097305204, 'train_learning_rate': 0.00047408984787751117, 'train_lr_reduce': 0.6}. Best is trial 130 with value: 0.0812772810459137.
[I 2024-12-16 01:06:31,879] Trial 2153 finished with value: 0.10589063912630081 and parameters: {'mlp_n_layers': 2, 'mlp_dim_00': 64, 'mlp_dim_01': 208, 'hidden_channels': 80, 'num_layers': 3, 'num_timesteps': 3, 'dropout': 0.09459850123964864, 'train_learning_rate': 0.0024683908597258387, 'train_lr_reduce': 0.6}. Best is trial 130 with value: 0.0812772810459137.
[I 2024-12-16 01:06:32,431] Trial 2154 finished with value: 0.113578200340271 and parameters: {'mlp_n_layers': 2, 'mlp_dim_00': 256, 'mlp_dim_01': 224, 'hidden_channels': 192, 'num_layers': 1, 'num_timesteps': 3, 'dropout': 0.19375677568841637, 'train_learning_rate': 0.007385416737088929, 'train_lr_reduce': 0.6}. Best is trial 130 with value: 0.0812772810459137.
[I 2024-12-16 01:06:44,492] Trial 2157 finished with value: 0.11814103275537491 and parameters: {'mlp_n_layers': 2, 'mlp_dim_00': 224, 'mlp_dim_01': 144, 'hidden_channels': 80, 'num_layers': 2, 'num_timesteps': 3, 'dropout': 0.17427133438169393, 'train_learning_rate': 0.00568831441939883, 'train_lr_reduce': 0.6}. Best is trial 130 with value: 0.0812772810459137.
