[I 2024-12-15 22:57:24,200] Trial 699 finished with value: 0.10652287304401398 and parameters: {'mlp_n_layers': 2, 'mlp_dim_00': 176, 'mlp_dim_01': 208, 'hidden_channels': 64, 'num_layers': 1, 'num_timesteps': 3, 'dropout': 0.296035453166986, 'train_learning_rate': 0.009300431100006184, 'train_lr_reduce': 0.6}. Best is trial 130 with value: 0.0812772810459137.
[I 2024-12-15 22:57:29,758] Trial 700 finished with value: 0.10667809844017029 and parameters: {'mlp_n_layers': 2, 'mlp_dim_00': 64, 'mlp_dim_01': 256, 'hidden_channels': 48, 'num_layers': 2, 'num_timesteps': 4, 'dropout': 0.13203454039250143, 'train_learning_rate': 0.004968614051362139, 'train_lr_reduce': 0.6}. Best is trial 130 with value: 0.0812772810459137.
[I 2024-12-15 22:57:35,916] Trial 702 finished with value: 0.12602192163467407 and parameters: {'mlp_n_layers': 4, 'mlp_dim_00': 256, 'mlp_dim_01': 192, 'mlp_dim_02': 96, 'mlp_dim_03': 64, 'hidden_channels': 32, 'num_layers': 1, 'num_timesteps': 3, 'dropout': 0.1435373814450668, 'train_learning_rate': 0.005150082216152193, 'train_lr_reduce': 0.6}. Best is trial 130 with value: 0.0812772810459137.
[I 2024-12-15 22:57:36,601] Trial 701 finished with value: 0.1982051134109497 and parameters: {'mlp_n_layers': 4, 'mlp_dim_00': 144, 'mlp_dim_01': 32, 'mlp_dim_02': 176, 'mlp_dim_03': 176, 'hidden_channels': 240, 'num_layers': 4, 'num_timesteps': 2, 'dropout': 0.23927446368115068, 'train_learning_rate': 0.0007231694729972952, 'train_lr_reduce': 0.6}. Best is trial 130 with value: 0.0812772810459137.
[I 2024-12-15 22:57:44,521] Trial 705 finished with value: 0.12368664145469666 and parameters: {'mlp_n_layers': 2, 'mlp_dim_00': 112, 'mlp_dim_01': 144, 'hidden_channels': 32, 'num_layers': 1, 'num_timesteps': 1, 'dropout': 0.28258204976074314, 'train_learning_rate': 0.004818885580570891, 'train_lr_reduce': 0.6}. Best is trial 130 with value: 0.0812772810459137.
[I 2024-12-15 22:57:45,526] Trial 704 finished with value: 0.1146923080086708 and parameters: {'mlp_n_layers': 2, 'mlp_dim_00': 80, 'mlp_dim_01': 208, 'hidden_channels': 32, 'num_layers': 2, 'num_timesteps': 4, 'dropout': 0.1537531144903152, 'train_learning_rate': 0.0071361678666566125, 'train_lr_reduce': 0.6}. Best is trial 130 with value: 0.0812772810459137.
[I 2024-12-15 22:57:47,175] Trial 703 finished with value: 0.09182153642177582 and parameters: {'mlp_n_layers': 3, 'mlp_dim_00': 208, 'mlp_dim_01': 32, 'mlp_dim_02': 144, 'hidden_channels': 96, 'num_layers': 4, 'num_timesteps': 4, 'dropout': 0.04820895061372134, 'train_learning_rate': 0.006847279659397366, 'train_lr_reduce': 0.6}. Best is trial 130 with value: 0.0812772810459137.
[I 2024-12-15 22:58:00,896] Trial 706 finished with value: 0.11596748977899551 and parameters: {'mlp_n_layers': 4, 'mlp_dim_00': 224, 'mlp_dim_01': 192, 'mlp_dim_02': 112, 'mlp_dim_03': 112, 'hidden_channels': 64, 'num_layers': 1, 'num_timesteps': 2, 'dropout': 0.20295086561537454, 'train_learning_rate': 0.0022490080100665533, 'train_lr_reduce': 0.6}. Best is trial 130 with value: 0.0812772810459137.
[I 2024-12-15 22:58:05,036] Trial 707 finished with value: 0.1283370554447174 and parameters: {'mlp_n_layers': 4, 'mlp_dim_00': 176, 'mlp_dim_01': 176, 'mlp_dim_02': 160, 'mlp_dim_03': 160, 'hidden_channels': 176, 'num_layers': 1, 'num_timesteps': 2, 'dropout': 0.1501778304491428, 'train_learning_rate': 0.0006716533916270545, 'train_lr_reduce': 0.6}. Best is trial 130 with value: 0.0812772810459137.
[I 2024-12-15 22:58:08,034] Trial 708 finished with value: 0.12370631843805313 and parameters: {'mlp_n_layers': 3, 'mlp_dim_00': 144, 'mlp_dim_01': 32, 'mlp_dim_02': 144, 'hidden_channels': 96, 'num_layers': 4, 'num_timesteps': 4, 'dropout': 0.08322503753763177, 'train_learning_rate': 0.002318897194671958, 'train_lr_reduce': 0.6}. Best is trial 130 with value: 0.0812772810459137.
[I 2024-12-15 22:58:20,963] Trial 711 finished with value: 0.12281379103660583 and parameters: {'mlp_n_layers': 4, 'mlp_dim_00': 64, 'mlp_dim_01': 240, 'mlp_dim_02': 160, 'mlp_dim_03': 192, 'hidden_channels': 80, 'num_layers': 1, 'num_timesteps': 2, 'dropout': 0.030893977664433594, 'train_learning_rate': 0.004347837191575169, 'train_lr_reduce': 0.6}. Best is trial 130 with value: 0.0812772810459137.
[I 2024-12-15 22:58:22,742] Trial 709 finished with value: 0.13351024687290192 and parameters: {'mlp_n_layers': 4, 'mlp_dim_00': 208, 'mlp_dim_01': 64, 'mlp_dim_02': 144, 'mlp_dim_03': 80, 'hidden_channels': 128, 'num_layers': 4, 'num_timesteps': 3, 'dropout': 0.023241770083827443, 'train_learning_rate': 0.007285917060471749, 'train_lr_reduce': 0.6}. Best is trial 130 with value: 0.0812772810459137.
[I 2024-12-15 22:58:25,535] Trial 710 finished with value: 0.14454783499240875 and parameters: {'mlp_n_layers': 3, 'mlp_dim_00': 192, 'mlp_dim_01': 64, 'mlp_dim_02': 144, 'hidden_channels': 128, 'num_layers': 4, 'num_timesteps': 4, 'dropout': 0.044526150028031765, 'train_learning_rate': 0.001792068279144562, 'train_lr_reduce': 0.6}. Best is trial 130 with value: 0.0812772810459137.
[I 2024-12-15 22:58:29,795] Trial 712 finished with value: 0.11186179518699646 and parameters: {'mlp_n_layers': 2, 'mlp_dim_00': 176, 'mlp_dim_01': 144, 'hidden_channels': 48, 'num_layers': 1, 'num_timesteps': 2, 'dropout': 0.25864924944569256, 'train_learning_rate': 0.002653616739755716, 'train_lr_reduce': 0.6}. Best is trial 130 with value: 0.0812772810459137.
[I 2024-12-15 22:58:40,073] Trial 715 finished with value: 0.1292712688446045 and parameters: {'mlp_n_layers': 3, 'mlp_dim_00': 208, 'mlp_dim_01': 208, 'mlp_dim_02': 128, 'hidden_channels': 80, 'num_layers': 1, 'num_timesteps': 1, 'dropout': 0.2516401982952215, 'train_learning_rate': 0.009697832789844705, 'train_lr_reduce': 0.6}. Best is trial 130 with value: 0.0812772810459137.
[I 2024-12-15 22:58:43,565] Trial 714 finished with value: 0.13309170305728912 and parameters: {'mlp_n_layers': 2, 'mlp_dim_00': 240, 'mlp_dim_01': 48, 'hidden_channels': 80, 'num_layers': 3, 'num_timesteps': 3, 'dropout': 0.25214305125006214, 'train_learning_rate': 0.008518608412294413, 'train_lr_reduce': 0.6}. Best is trial 130 with value: 0.0812772810459137.
[I 2024-12-15 22:58:46,036] Trial 713 finished with value: 0.11249281466007233 and parameters: {'mlp_n_layers': 3, 'mlp_dim_00': 224, 'mlp_dim_01': 48, 'mlp_dim_02': 128, 'hidden_channels': 48, 'num_layers': 4, 'num_timesteps': 4, 'dropout': 0.0496861266473569, 'train_learning_rate': 0.0064050391929338655, 'train_lr_reduce': 0.6}. Best is trial 130 with value: 0.0812772810459137.
[I 2024-12-15 22:58:54,035] Trial 716 finished with value: 0.14222916960716248 and parameters: {'mlp_n_layers': 2, 'mlp_dim_00': 144, 'mlp_dim_01': 64, 'hidden_channels': 80, 'num_layers': 4, 'num_timesteps': 4, 'dropout': 0.026702609523932278, 'train_learning_rate': 0.009491646468369063, 'train_lr_reduce': 0.6}. Best is trial 130 with value: 0.0812772810459137.
[I 2024-12-15 22:58:58,505] Trial 718 finished with value: 0.10668016970157623 and parameters: {'mlp_n_layers': 2, 'mlp_dim_00': 48, 'mlp_dim_01': 256, 'hidden_channels': 32, 'num_layers': 2, 'num_timesteps': 4, 'dropout': 0.15139481507606828, 'train_learning_rate': 0.006537253424102506, 'train_lr_reduce': 0.6}. Best is trial 130 with value: 0.0812772810459137.
[I 2024-12-15 22:58:59,298] Trial 717 finished with value: 0.16160538792610168 and parameters: {'mlp_n_layers': 3, 'mlp_dim_00': 176, 'mlp_dim_01': 48, 'mlp_dim_02': 176, 'hidden_channels': 208, 'num_layers': 3, 'num_timesteps': 4, 'dropout': 0.05543676078589601, 'train_learning_rate': 0.00763348453710995, 'train_lr_reduce': 0.6}. Best is trial 130 with value: 0.0812772810459137.
[I 2024-12-15 22:59:03,918] Trial 719 finished with value: 0.12284763157367706 and parameters: {'mlp_n_layers': 2, 'mlp_dim_00': 224, 'mlp_dim_01': 240, 'hidden_channels': 128, 'num_layers': 2, 'num_timesteps': 2, 'dropout': 0.2914529812286327, 'train_learning_rate': 0.005251769915317412, 'train_lr_reduce': 0.6}. Best is trial 130 with value: 0.0812772810459137.
[I 2024-12-15 22:59:08,768] Trial 720 finished with value: 0.10694440454244614 and parameters: {'mlp_n_layers': 3, 'mlp_dim_00': 64, 'mlp_dim_01': 224, 'mlp_dim_02': 144, 'hidden_channels': 32, 'num_layers': 1, 'num_timesteps': 3, 'dropout': 0.12739093886098907, 'train_learning_rate': 0.004161901065727602, 'train_lr_reduce': 0.6}. Best is trial 130 with value: 0.0812772810459137.
[I 2024-12-15 22:59:16,763] Trial 722 finished with value: 0.10245958715677261 and parameters: {'mlp_n_layers': 3, 'mlp_dim_00': 208, 'mlp_dim_01': 256, 'mlp_dim_02': 160, 'hidden_channels': 32, 'num_layers': 2, 'num_timesteps': 2, 'dropout': 0.18948529210369328, 'train_learning_rate': 0.009811939381897759, 'train_lr_reduce': 0.6}. Best is trial 130 with value: 0.0812772810459137.
[I 2024-12-15 22:59:19,342] Trial 721 finished with value: 0.11926774680614471 and parameters: {'mlp_n_layers': 3, 'mlp_dim_00': 192, 'mlp_dim_01': 32, 'mlp_dim_02': 112, 'hidden_channels': 80, 'num_layers': 4, 'num_timesteps': 4, 'dropout': 0.12612039830209276, 'train_learning_rate': 0.005848770785463629, 'train_lr_reduce': 0.6}. Best is trial 130 with value: 0.0812772810459137.
[I 2024-12-15 22:59:31,796] Trial 723 finished with value: 0.10258673131465912 and parameters: {'mlp_n_layers': 3, 'mlp_dim_00': 192, 'mlp_dim_01': 48, 'mlp_dim_02': 192, 'hidden_channels': 128, 'num_layers': 3, 'num_timesteps': 4, 'dropout': 0.05119478696869855, 'train_learning_rate': 0.004441678082796013, 'train_lr_reduce': 0.6}. Best is trial 130 with value: 0.0812772810459137.
[I 2024-12-15 22:59:32,037] Trial 725 finished with value: 0.11621227860450745 and parameters: {'mlp_n_layers': 3, 'mlp_dim_00': 80, 'mlp_dim_01': 240, 'mlp_dim_02': 112, 'hidden_channels': 32, 'num_layers': 3, 'num_timesteps': 4, 'dropout': 0.19408097282097267, 'train_learning_rate': 0.006862577934026724, 'train_lr_reduce': 0.6}. Best is trial 130 with value: 0.0812772810459137.
[I 2024-12-15 22:59:36,527] Trial 724 finished with value: 0.16026809811592102 and parameters: {'mlp_n_layers': 4, 'mlp_dim_00': 32, 'mlp_dim_01': 192, 'mlp_dim_02': 128, 'mlp_dim_03': 224, 'hidden_channels': 32, 'num_layers': 4, 'num_timesteps': 1, 'dropout': 0.1416357095227515, 'train_learning_rate': 0.001996354867465715, 'train_lr_reduce': 0.6}. Best is trial 130 with value: 0.0812772810459137.
[I 2024-12-15 22:59:44,294] Trial 727 finished with value: 0.12210921198129654 and parameters: {'mlp_n_layers': 2, 'mlp_dim_00': 32, 'mlp_dim_01': 192, 'hidden_channels': 64, 'num_layers': 3, 'num_timesteps': 4, 'dropout': 0.11179787295124637, 'train_learning_rate': 0.005422911233619439, 'train_lr_reduce': 0.6}. Best is trial 130 with value: 0.0812772810459137.
[I 2024-12-15 22:59:50,720] Trial 726 finished with value: 0.1548546999692917 and parameters: {'mlp_n_layers': 3, 'mlp_dim_00': 192, 'mlp_dim_01': 32, 'mlp_dim_02': 160, 'hidden_channels': 96, 'num_layers': 4, 'num_timesteps': 4, 'dropout': 0.015618532303075694, 'train_learning_rate': 0.004152002893800142, 'train_lr_reduce': 0.6}. Best is trial 130 with value: 0.0812772810459137.
[I 2024-12-15 22:59:54,862] Trial 728 finished with value: 0.1336648017168045 and parameters: {'mlp_n_layers': 2, 'mlp_dim_00': 160, 'mlp_dim_01': 160, 'hidden_channels': 128, 'num_layers': 1, 'num_timesteps': 1, 'dropout': 0.2740356053469085, 'train_learning_rate': 0.007192432951921085, 'train_lr_reduce': 0.6}. Best is trial 130 with value: 0.0812772810459137.
[I 2024-12-15 23:00:00,284] Trial 729 finished with value: 0.0943712517619133 and parameters: {'mlp_n_layers': 2, 'mlp_dim_00': 192, 'mlp_dim_01': 32, 'hidden_channels': 128, 'num_layers': 4, 'num_timesteps': 3, 'dropout': 0.29195063944432553, 'train_learning_rate': 0.009181359788465392, 'train_lr_reduce': 0.6}. Best is trial 130 with value: 0.0812772810459137.
[I 2024-12-15 23:00:04,067] Trial 730 finished with value: 0.12646512687206268 and parameters: {'mlp_n_layers': 3, 'mlp_dim_00': 160, 'mlp_dim_01': 48, 'mlp_dim_02': 208, 'hidden_channels': 80, 'num_layers': 4, 'num_timesteps': 4, 'dropout': 0.061782436600828244, 'train_learning_rate': 0.0077419394590444975, 'train_lr_reduce': 0.6}. Best is trial 130 with value: 0.0812772810459137.
[I 2024-12-15 23:00:13,126] Trial 731 finished with value: 0.10656006634235382 and parameters: {'mlp_n_layers': 2, 'mlp_dim_00': 112, 'mlp_dim_01': 256, 'hidden_channels': 32, 'num_layers': 3, 'num_timesteps': 4, 'dropout': 0.1345209496600355, 'train_learning_rate': 0.008281710191942829, 'train_lr_reduce': 0.6}. Best is trial 130 with value: 0.0812772810459137.
[I 2024-12-15 23:00:14,032] Trial 732 finished with value: 0.12203333526849747 and parameters: {'mlp_n_layers': 2, 'mlp_dim_00': 256, 'mlp_dim_01': 80, 'hidden_channels': 96, 'num_layers': 4, 'num_timesteps': 4, 'dropout': 0.0039873381648702355, 'train_learning_rate': 0.0031643182567742145, 'train_lr_reduce': 0.6}. Best is trial 130 with value: 0.0812772810459137.
[I 2024-12-15 23:00:17,581] Trial 733 finished with value: 0.1028323769569397 and parameters: {'mlp_n_layers': 3, 'mlp_dim_00': 240, 'mlp_dim_01': 48, 'mlp_dim_02': 128, 'hidden_channels': 80, 'num_layers': 4, 'num_timesteps': 3, 'dropout': 0.06830917466668664, 'train_learning_rate': 0.007357437593997297, 'train_lr_reduce': 0.6}. Best is trial 130 with value: 0.0812772810459137.
[I 2024-12-15 23:00:26,924] Trial 736 finished with value: 0.10623836517333984 and parameters: {'mlp_n_layers': 2, 'mlp_dim_00': 192, 'mlp_dim_01': 256, 'hidden_channels': 128, 'num_layers': 1, 'num_timesteps': 3, 'dropout': 0.1678183900962818, 'train_learning_rate': 0.005215115204620242, 'train_lr_reduce': 0.6}. Best is trial 130 with value: 0.0812772810459137.
[I 2024-12-15 23:00:27,304] Trial 734 finished with value: 0.09537512063980103 and parameters: {'mlp_n_layers': 2, 'mlp_dim_00': 176, 'mlp_dim_01': 176, 'hidden_channels': 32, 'num_layers': 1, 'num_timesteps': 2, 'dropout': 0.27358372180773555, 'train_learning_rate': 0.008963424591515593, 'train_lr_reduce': 0.6}. Best is trial 130 with value: 0.0812772810459137.
[I 2024-12-15 23:00:30,594] Trial 735 finished with value: 0.11091957241296768 and parameters: {'mlp_n_layers': 3, 'mlp_dim_00': 224, 'mlp_dim_01': 96, 'mlp_dim_02': 256, 'hidden_channels': 96, 'num_layers': 4, 'num_timesteps': 4, 'dropout': 0.014072826831147162, 'train_learning_rate': 0.005763335196429975, 'train_lr_reduce': 0.6}. Best is trial 130 with value: 0.0812772810459137.
[I 2024-12-15 23:00:38,750] Trial 738 finished with value: 0.1357477605342865 and parameters: {'mlp_n_layers': 2, 'mlp_dim_00': 48, 'mlp_dim_01': 192, 'hidden_channels': 80, 'num_layers': 2, 'num_timesteps': 4, 'dropout': 0.14251308797879816, 'train_learning_rate': 0.009271307826217164, 'train_lr_reduce': 0.6}. Best is trial 130 with value: 0.0812772810459137.
[I 2024-12-15 23:00:40,060] Trial 737 finished with value: 0.13826431334018707 and parameters: {'mlp_n_layers': 2, 'mlp_dim_00': 208, 'mlp_dim_01': 32, 'hidden_channels': 112, 'num_layers': 4, 'num_timesteps': 4, 'dropout': 0.11193192185024199, 'train_learning_rate': 0.006132766475629432, 'train_lr_reduce': 0.6}. Best is trial 130 with value: 0.0812772810459137.
[I 2024-12-15 23:00:48,921] Trial 739 finished with value: 0.13007216155529022 and parameters: {'mlp_n_layers': 4, 'mlp_dim_00': 192, 'mlp_dim_01': 64, 'mlp_dim_02': 96, 'mlp_dim_03': 128, 'hidden_channels': 64, 'num_layers': 3, 'num_timesteps': 4, 'dropout': 0.07481765635695159, 'train_learning_rate': 0.0031168669789930596, 'train_lr_reduce': 0.6}. Best is trial 130 with value: 0.0812772810459137.
[I 2024-12-15 23:00:52,020] Trial 740 finished with value: 0.12454568594694138 and parameters: {'mlp_n_layers': 4, 'mlp_dim_00': 240, 'mlp_dim_01': 192, 'mlp_dim_02': 160, 'mlp_dim_03': 32, 'hidden_channels': 32, 'num_layers': 1, 'num_timesteps': 3, 'dropout': 0.2646038400608395, 'train_learning_rate': 0.007624430855451497, 'train_lr_reduce': 0.6}. Best is trial 130 with value: 0.0812772810459137.
[I 2024-12-15 23:00:57,788] Trial 741 finished with value: 0.12789258360862732 and parameters: {'mlp_n_layers': 3, 'mlp_dim_00': 224, 'mlp_dim_01': 80, 'mlp_dim_02': 128, 'hidden_channels': 208, 'num_layers': 3, 'num_timesteps': 1, 'dropout': 0.24147206626207265, 'train_learning_rate': 0.004681843201869332, 'train_lr_reduce': 0.6}. Best is trial 130 with value: 0.0812772810459137.
[I 2024-12-15 23:01:00,059] Trial 742 finished with value: 0.11203707009553909 and parameters: {'mlp_n_layers': 4, 'mlp_dim_00': 256, 'mlp_dim_01': 160, 'mlp_dim_02': 192, 'mlp_dim_03': 256, 'hidden_channels': 32, 'num_layers': 1, 'num_timesteps': 2, 'dropout': 0.1822931259114141, 'train_learning_rate': 0.003977503222570036, 'train_lr_reduce': 0.6}. Best is trial 130 with value: 0.0812772810459137.
[I 2024-12-15 23:01:02,212] Trial 743 finished with value: 0.11152809113264084 and parameters: {'mlp_n_layers': 2, 'mlp_dim_00': 240, 'mlp_dim_01': 256, 'hidden_channels': 96, 'num_layers': 1, 'num_timesteps': 2, 'dropout': 0.18035459446233928, 'train_learning_rate': 0.0039603060400044575, 'train_lr_reduce': 0.6}. Best is trial 130 with value: 0.0812772810459137.
[I 2024-12-15 23:01:12,363] Trial 745 finished with value: 0.10993736237287521 and parameters: {'mlp_n_layers': 3, 'mlp_dim_00': 208, 'mlp_dim_01': 192, 'mlp_dim_02': 144, 'hidden_channels': 80, 'num_layers': 2, 'num_timesteps': 2, 'dropout': 0.2991459552969596, 'train_learning_rate': 0.0029090041969470587, 'train_lr_reduce': 0.6}. Best is trial 130 with value: 0.0812772810459137.
[I 2024-12-15 23:01:12,933] Trial 744 finished with value: 0.11124512553215027 and parameters: {'mlp_n_layers': 2, 'mlp_dim_00': 64, 'mlp_dim_01': 256, 'hidden_channels': 32, 'num_layers': 3, 'num_timesteps': 4, 'dropout': 0.15995142550291047, 'train_learning_rate': 0.003574294705942369, 'train_lr_reduce': 0.6}. Best is trial 130 with value: 0.0812772810459137.
[I 2024-12-15 23:01:18,965] Trial 746 finished with value: 0.10526192933320999 and parameters: {'mlp_n_layers': 2, 'mlp_dim_00': 144, 'mlp_dim_01': 144, 'hidden_channels': 32, 'num_layers': 3, 'num_timesteps': 3, 'dropout': 0.19084698199517175, 'train_learning_rate': 0.0017900902820378844, 'train_lr_reduce': 0.6}. Best is trial 130 with value: 0.0812772810459137.
[I 2024-12-15 23:01:22,207] Trial 748 finished with value: 0.11342930048704147 and parameters: {'mlp_n_layers': 2, 'mlp_dim_00': 160, 'mlp_dim_01': 192, 'hidden_channels': 64, 'num_layers': 1, 'num_timesteps': 2, 'dropout': 0.21350199555582977, 'train_learning_rate': 0.0049666940921451845, 'train_lr_reduce': 0.6}. Best is trial 130 with value: 0.0812772810459137.
[I 2024-12-15 23:01:31,950] Trial 750 finished with value: 0.12013135850429535 and parameters: {'mlp_n_layers': 2, 'mlp_dim_00': 96, 'mlp_dim_01': 240, 'hidden_channels': 32, 'num_layers': 1, 'num_timesteps': 4, 'dropout': 0.09805133836865093, 'train_learning_rate': 0.004078668581739695, 'train_lr_reduce': 0.6}. Best is trial 130 with value: 0.0812772810459137.
[I 2024-12-15 23:01:36,821] Trial 749 finished with value: 0.12813936173915863 and parameters: {'mlp_n_layers': 4, 'mlp_dim_00': 256, 'mlp_dim_01': 208, 'mlp_dim_02': 64, 'mlp_dim_03': 96, 'hidden_channels': 32, 'num_layers': 2, 'num_timesteps': 2, 'dropout': 0.18683512344333045, 'train_learning_rate': 0.0013713232583384362, 'train_lr_reduce': 0.6}. Best is trial 130 with value: 0.0812772810459137.
[I 2024-12-15 23:01:36,941] Trial 747 finished with value: 0.10656985640525818 and parameters: {'mlp_n_layers': 2, 'mlp_dim_00': 256, 'mlp_dim_01': 48, 'hidden_channels': 80, 'num_layers': 3, 'num_timesteps': 4, 'dropout': 0.25085961639474713, 'train_learning_rate': 0.009774687944772513, 'train_lr_reduce': 0.6}. Best is trial 130 with value: 0.0812772810459137.
[I 2024-12-15 23:01:43,409] Trial 751 finished with value: 0.0904717892408371 and parameters: {'mlp_n_layers': 2, 'mlp_dim_00': 240, 'mlp_dim_01': 176, 'hidden_channels': 32, 'num_layers': 2, 'num_timesteps': 3, 'dropout': 0.17716628055490852, 'train_learning_rate': 0.009298953626633334, 'train_lr_reduce': 0.6}. Best is trial 130 with value: 0.0812772810459137.
[I 2024-12-15 23:01:46,640] Trial 753 finished with value: 0.1031646579504013 and parameters: {'mlp_n_layers': 2, 'mlp_dim_00': 176, 'mlp_dim_01': 224, 'hidden_channels': 64, 'num_layers': 1, 'num_timesteps': 2, 'dropout': 0.2910065023564235, 'train_learning_rate': 0.0034592164218430923, 'train_lr_reduce': 0.6}. Best is trial 130 with value: 0.0812772810459137.
[I 2024-12-15 23:01:56,284] Trial 755 finished with value: 0.1332254707813263 and parameters: {'mlp_n_layers': 2, 'mlp_dim_00': 192, 'mlp_dim_01': 176, 'hidden_channels': 48, 'num_layers': 2, 'num_timesteps': 4, 'dropout': 0.15322319147814262, 'train_learning_rate': 0.007087690501705409, 'train_lr_reduce': 0.6}. Best is trial 130 with value: 0.0812772810459137.
[I 2024-12-15 23:01:56,495] Trial 754 finished with value: 0.12464997917413712 and parameters: {'mlp_n_layers': 2, 'mlp_dim_00': 224, 'mlp_dim_01': 224, 'hidden_channels': 48, 'num_layers': 3, 'num_timesteps': 3, 'dropout': 0.11410262644186328, 'train_learning_rate': 0.008976882052991707, 'train_lr_reduce': 0.6}. Best is trial 130 with value: 0.0812772810459137.
[I 2024-12-15 23:02:05,257] Trial 752 finished with value: 0.136429101228714 and parameters: {'mlp_n_layers': 3, 'mlp_dim_00': 192, 'mlp_dim_01': 160, 'mlp_dim_02': 96, 'hidden_channels': 64, 'num_layers': 4, 'num_timesteps': 4, 'dropout': 0.14992987142709552, 'train_learning_rate': 0.0008660364254680563, 'train_lr_reduce': 0.6}. Best is trial 130 with value: 0.0812772810459137.
[I 2024-12-15 23:02:08,728] Trial 757 finished with value: 0.10373903810977936 and parameters: {'mlp_n_layers': 2, 'mlp_dim_00': 240, 'mlp_dim_01': 208, 'hidden_channels': 64, 'num_layers': 1, 'num_timesteps': 3, 'dropout': 0.16323967945273413, 'train_learning_rate': 0.00822786443654294, 'train_lr_reduce': 0.6}. Best is trial 130 with value: 0.0812772810459137.
