[I 2024-12-19 18:45:26,061] Trial 543 finished with value: 1.1466867923736572 and parameters: {'mlp_n_layers': 1, 'mlp_dim_00': 432, 'node_hidden_dim': 34, 'edge_hidden_dim': 53, 'depth': 2, 'rep_dropout': 0.002222261824822506, 'train_learning_rate': 0.0007285997564576768, 'train_lr_reduce': 0.6}. Best is trial 483 with value: 0.11390723288059235.
[I 2024-12-19 18:45:32,041] Trial 544 finished with value: 1.1426060199737549 and parameters: {'mlp_n_layers': 1, 'mlp_dim_00': 386, 'node_hidden_dim': 32, 'edge_hidden_dim': 43, 'depth': 2, 'rep_dropout': 0.027678465793332538, 'train_learning_rate': 0.003758970187800016, 'train_lr_reduce': 0.6}. Best is trial 483 with value: 0.11390723288059235.
[I 2024-12-19 18:45:32,794] Trial 538 finished with value: 0.15216723084449768 and parameters: {'mlp_n_layers': 1, 'mlp_dim_00': 400, 'node_hidden_dim': 58, 'edge_hidden_dim': 47, 'depth': 1, 'rep_dropout': 0.03649047478151409, 'train_learning_rate': 0.0023401448545530006, 'train_lr_reduce': 0.6}. Best is trial 483 with value: 0.11390723288059235.
[I 2024-12-19 18:45:37,427] Trial 545 finished with value: 1.142763614654541 and parameters: {'mlp_n_layers': 2, 'mlp_dim_00': 431, 'mlp_dim_01': 153, 'node_hidden_dim': 32, 'edge_hidden_dim': 53, 'depth': 2, 'rep_dropout': 0.0708455958236599, 'train_learning_rate': 0.005522041210728883, 'train_lr_reduce': 0.6}. Best is trial 483 with value: 0.11390723288059235.
[I 2024-12-19 18:45:38,700] Trial 546 finished with value: 1.1456478834152222 and parameters: {'mlp_n_layers': 2, 'mlp_dim_00': 224, 'mlp_dim_01': 265, 'node_hidden_dim': 81, 'edge_hidden_dim': 82, 'depth': 3, 'rep_dropout': 0.028534300743082282, 'train_learning_rate': 0.001493783427061404, 'train_lr_reduce': 0.6}. Best is trial 483 with value: 0.11390723288059235.
[I 2024-12-19 18:45:50,483] Trial 542 finished with value: 0.16300025582313538 and parameters: {'mlp_n_layers': 1, 'mlp_dim_00': 379, 'node_hidden_dim': 34, 'edge_hidden_dim': 38, 'depth': 1, 'rep_dropout': 0.036737285540973566, 'train_learning_rate': 0.008915358030291165, 'train_lr_reduce': 0.6}. Best is trial 483 with value: 0.11390723288059235.
[I 2024-12-19 18:46:02,941] Trial 548 finished with value: 0.2610280513763428 and parameters: {'mlp_n_layers': 1, 'mlp_dim_00': 479, 'node_hidden_dim': 37, 'edge_hidden_dim': 60, 'depth': 1, 'rep_dropout': 0.05651045370918803, 'train_learning_rate': 0.004898759577836937, 'train_lr_reduce': 0.6}. Best is trial 483 with value: 0.11390723288059235.
[I 2024-12-19 18:46:05,701] Trial 547 finished with value: 0.154900461435318 and parameters: {'mlp_n_layers': 1, 'mlp_dim_00': 341, 'node_hidden_dim': 34, 'edge_hidden_dim': 34, 'depth': 1, 'rep_dropout': 0.007924002618958655, 'train_learning_rate': 0.00797065014887568, 'train_lr_reduce': 0.6}. Best is trial 483 with value: 0.11390723288059235.
[I 2024-12-19 18:46:13,325] Trial 550 finished with value: 0.47068074345588684 and parameters: {'mlp_n_layers': 1, 'mlp_dim_00': 504, 'node_hidden_dim': 36, 'edge_hidden_dim': 67, 'depth': 1, 'rep_dropout': 0.06262030362843847, 'train_learning_rate': 0.005955085422575355, 'train_lr_reduce': 0.6}. Best is trial 483 with value: 0.11390723288059235.
[I 2024-12-19 18:46:25,224] Trial 549 finished with value: 0.13080155849456787 and parameters: {'mlp_n_layers': 2, 'mlp_dim_00': 389, 'mlp_dim_01': 325, 'node_hidden_dim': 37, 'edge_hidden_dim': 48, 'depth': 1, 'rep_dropout': 0.0023649931479863663, 'train_learning_rate': 0.008249483887967606, 'train_lr_reduce': 0.6}. Best is trial 483 with value: 0.11390723288059235.
[I 2024-12-19 18:46:34,466] Trial 551 finished with value: 0.200783833861351 and parameters: {'mlp_n_layers': 1, 'mlp_dim_00': 500, 'node_hidden_dim': 38, 'edge_hidden_dim': 72, 'depth': 2, 'rep_dropout': 0.013814186486634, 'train_learning_rate': 0.004636462419792471, 'train_lr_reduce': 0.6}. Best is trial 483 with value: 0.11390723288059235.
[I 2024-12-19 18:46:39,168] Trial 554 finished with value: 1.1409499645233154 and parameters: {'mlp_n_layers': 1, 'mlp_dim_00': 400, 'node_hidden_dim': 38, 'edge_hidden_dim': 58, 'depth': 1, 'rep_dropout': 0.03576081297416982, 'train_learning_rate': 0.0007639924128867815, 'train_lr_reduce': 0.6}. Best is trial 483 with value: 0.11390723288059235.
[I 2024-12-19 18:46:43,624] Trial 555 finished with value: 1.1567816734313965 and parameters: {'mlp_n_layers': 1, 'mlp_dim_00': 295, 'node_hidden_dim': 32, 'edge_hidden_dim': 54, 'depth': 2, 'rep_dropout': 0.04529994612330716, 'train_learning_rate': 0.004708080699898664, 'train_lr_reduce': 0.6}. Best is trial 483 with value: 0.11390723288059235.
[I 2024-12-19 18:46:51,888] Trial 552 finished with value: 0.1538386195898056 and parameters: {'mlp_n_layers': 1, 'mlp_dim_00': 435, 'node_hidden_dim': 36, 'edge_hidden_dim': 59, 'depth': 1, 'rep_dropout': 0.03744496535459799, 'train_learning_rate': 0.0031311587817967794, 'train_lr_reduce': 0.6}. Best is trial 483 with value: 0.11390723288059235.
[I 2024-12-19 18:47:04,090] Trial 553 finished with value: 0.1829688847064972 and parameters: {'mlp_n_layers': 4, 'mlp_dim_00': 401, 'mlp_dim_01': 344, 'mlp_dim_02': 309, 'mlp_dim_03': 446, 'node_hidden_dim': 92, 'edge_hidden_dim': 42, 'depth': 1, 'rep_dropout': 0.10755360806950423, 'train_learning_rate': 0.002429117757889589, 'train_lr_reduce': 0.6}. Best is trial 483 with value: 0.11390723288059235.
[I 2024-12-19 18:47:20,657] Trial 556 finished with value: 0.17197099328041077 and parameters: {'mlp_n_layers': 1, 'mlp_dim_00': 193, 'node_hidden_dim': 49, 'edge_hidden_dim': 41, 'depth': 1, 'rep_dropout': 0.04238794977407269, 'train_learning_rate': 0.0022186978192605842, 'train_lr_reduce': 0.6}. Best is trial 483 with value: 0.11390723288059235.
[I 2024-12-19 18:47:23,822] Trial 557 finished with value: 0.18025104701519012 and parameters: {'mlp_n_layers': 1, 'mlp_dim_00': 381, 'node_hidden_dim': 53, 'edge_hidden_dim': 40, 'depth': 1, 'rep_dropout': 0.042128772496309204, 'train_learning_rate': 0.002292519971841643, 'train_lr_reduce': 0.6}. Best is trial 483 with value: 0.11390723288059235.
[I 2024-12-19 18:47:25,192] Trial 558 finished with value: 0.21626883745193481 and parameters: {'mlp_n_layers': 1, 'mlp_dim_00': 402, 'node_hidden_dim': 35, 'edge_hidden_dim': 35, 'depth': 1, 'rep_dropout': 0.0055536665216484385, 'train_learning_rate': 0.003008007524172302, 'train_lr_reduce': 0.6}. Best is trial 483 with value: 0.11390723288059235.
[I 2024-12-19 18:47:30,038] Trial 560 finished with value: 1.144166350364685 and parameters: {'mlp_n_layers': 1, 'mlp_dim_00': 407, 'node_hidden_dim': 38, 'edge_hidden_dim': 70, 'depth': 4, 'rep_dropout': 0.1311965816692571, 'train_learning_rate': 0.003489457459863909, 'train_lr_reduce': 0.6}. Best is trial 483 with value: 0.11390723288059235.
[I 2024-12-19 18:48:01,379] Trial 559 finished with value: 0.13333381712436676 and parameters: {'mlp_n_layers': 1, 'mlp_dim_00': 487, 'node_hidden_dim': 33, 'edge_hidden_dim': 86, 'depth': 1, 'rep_dropout': 0.022185860637850018, 'train_learning_rate': 0.002447569811728348, 'train_lr_reduce': 0.6}. Best is trial 483 with value: 0.11390723288059235.
[I 2024-12-19 18:48:02,503] Trial 562 finished with value: 0.18264524638652802 and parameters: {'mlp_n_layers': 1, 'mlp_dim_00': 465, 'node_hidden_dim': 37, 'edge_hidden_dim': 54, 'depth': 1, 'rep_dropout': 0.03775558896712569, 'train_learning_rate': 0.005970831604612791, 'train_lr_reduce': 0.6}. Best is trial 483 with value: 0.11390723288059235.
[I 2024-12-19 18:48:05,722] Trial 561 finished with value: 0.1857796013355255 and parameters: {'mlp_n_layers': 1, 'mlp_dim_00': 256, 'node_hidden_dim': 39, 'edge_hidden_dim': 91, 'depth': 1, 'rep_dropout': 0.03528553535274753, 'train_learning_rate': 0.0020294347798536405, 'train_lr_reduce': 0.6}. Best is trial 483 with value: 0.11390723288059235.
[I 2024-12-19 18:48:06,279] Trial 563 finished with value: 1.1417903900146484 and parameters: {'mlp_n_layers': 4, 'mlp_dim_00': 216, 'mlp_dim_01': 197, 'mlp_dim_02': 119, 'mlp_dim_03': 315, 'node_hidden_dim': 38, 'edge_hidden_dim': 125, 'depth': 1, 'rep_dropout': 0.11888921507872055, 'train_learning_rate': 0.0007663342805804657, 'train_lr_reduce': 0.6}. Best is trial 483 with value: 0.11390723288059235.
[I 2024-12-19 18:48:36,450] Trial 564 finished with value: 0.1365148425102234 and parameters: {'mlp_n_layers': 1, 'mlp_dim_00': 421, 'node_hidden_dim': 34, 'edge_hidden_dim': 32, 'depth': 1, 'rep_dropout': 0.004082531690182002, 'train_learning_rate': 0.007050392203042839, 'train_lr_reduce': 0.6}. Best is trial 483 with value: 0.11390723288059235.
[I 2024-12-19 18:48:37,957] Trial 566 finished with value: 0.15539486706256866 and parameters: {'mlp_n_layers': 1, 'mlp_dim_00': 279, 'node_hidden_dim': 54, 'edge_hidden_dim': 59, 'depth': 1, 'rep_dropout': 0.0340022143112431, 'train_learning_rate': 0.0030173445118319656, 'train_lr_reduce': 0.6}. Best is trial 483 with value: 0.11390723288059235.
[I 2024-12-19 18:48:42,488] Trial 567 finished with value: 1.1428834199905396 and parameters: {'mlp_n_layers': 3, 'mlp_dim_00': 447, 'mlp_dim_01': 64, 'mlp_dim_02': 511, 'node_hidden_dim': 61, 'edge_hidden_dim': 80, 'depth': 3, 'rep_dropout': 0.06847137389481553, 'train_learning_rate': 0.0004812504085214397, 'train_lr_reduce': 0.6}. Best is trial 483 with value: 0.11390723288059235.
[I 2024-12-19 18:48:42,949] Trial 565 finished with value: 0.12948226928710938 and parameters: {'mlp_n_layers': 1, 'mlp_dim_00': 502, 'node_hidden_dim': 36, 'edge_hidden_dim': 65, 'depth': 1, 'rep_dropout': 0.019731492702476764, 'train_learning_rate': 0.004113203693113937, 'train_lr_reduce': 0.6}. Best is trial 483 with value: 0.11390723288059235.
[I 2024-12-19 18:48:48,196] Trial 569 finished with value: 1.1423665285110474 and parameters: {'mlp_n_layers': 4, 'mlp_dim_00': 472, 'mlp_dim_01': 510, 'mlp_dim_02': 64, 'mlp_dim_03': 172, 'node_hidden_dim': 36, 'edge_hidden_dim': 81, 'depth': 1, 'rep_dropout': 0.13394791667631584, 'train_learning_rate': 0.000817060489590055, 'train_lr_reduce': 0.6}. Best is trial 483 with value: 0.11390723288059235.
[I 2024-12-19 18:48:49,521] Trial 570 finished with value: 1.1418074369430542 and parameters: {'mlp_n_layers': 2, 'mlp_dim_00': 104, 'mlp_dim_01': 355, 'node_hidden_dim': 80, 'edge_hidden_dim': 104, 'depth': 2, 'rep_dropout': 0.0028400753206897084, 'train_learning_rate': 0.00012060222508600925, 'train_lr_reduce': 0.6}. Best is trial 483 with value: 0.11390723288059235.
[I 2024-12-19 18:48:52,805] Trial 571 finished with value: 1.1436960697174072 and parameters: {'mlp_n_layers': 2, 'mlp_dim_00': 305, 'mlp_dim_01': 253, 'node_hidden_dim': 38, 'edge_hidden_dim': 34, 'depth': 2, 'rep_dropout': 0.04044638353046966, 'train_learning_rate': 0.006157833286752231, 'train_lr_reduce': 0.6}. Best is trial 483 with value: 0.11390723288059235.
[I 2024-12-19 18:48:58,685] Trial 573 finished with value: 1.1478116512298584 and parameters: {'mlp_n_layers': 1, 'mlp_dim_00': 485, 'node_hidden_dim': 37, 'edge_hidden_dim': 49, 'depth': 1, 'rep_dropout': 0.008635024996869817, 'train_learning_rate': 0.0011316611149227028, 'train_lr_reduce': 0.6}. Best is trial 483 with value: 0.11390723288059235.
[I 2024-12-19 18:49:18,904] Trial 568 finished with value: 0.24875415861606598 and parameters: {'mlp_n_layers': 1, 'mlp_dim_00': 418, 'node_hidden_dim': 33, 'edge_hidden_dim': 65, 'depth': 2, 'rep_dropout': 0.0018387925810404667, 'train_learning_rate': 0.00508212757875474, 'train_lr_reduce': 0.6}. Best is trial 483 with value: 0.11390723288059235.
[I 2024-12-19 18:49:24,443] Trial 575 finished with value: 1.142783522605896 and parameters: {'mlp_n_layers': 2, 'mlp_dim_00': 472, 'mlp_dim_01': 380, 'node_hidden_dim': 101, 'edge_hidden_dim': 104, 'depth': 4, 'rep_dropout': 0.036972049948146325, 'train_learning_rate': 0.0050134205321045915, 'train_lr_reduce': 0.6}. Best is trial 483 with value: 0.11390723288059235.
[I 2024-12-19 18:49:29,831] Trial 572 finished with value: 0.15444843471050262 and parameters: {'mlp_n_layers': 2, 'mlp_dim_00': 449, 'mlp_dim_01': 316, 'node_hidden_dim': 49, 'edge_hidden_dim': 40, 'depth': 1, 'rep_dropout': 0.014263797826145619, 'train_learning_rate': 0.0028664601141927108, 'train_lr_reduce': 0.6}. Best is trial 483 with value: 0.11390723288059235.
[I 2024-12-19 18:49:35,628] Trial 577 finished with value: 1.1421107053756714 and parameters: {'mlp_n_layers': 3, 'mlp_dim_00': 456, 'mlp_dim_01': 511, 'mlp_dim_02': 189, 'node_hidden_dim': 84, 'edge_hidden_dim': 124, 'depth': 1, 'rep_dropout': 0.00392594562039221, 'train_learning_rate': 0.0001994195586476153, 'train_lr_reduce': 0.6}. Best is trial 483 with value: 0.11390723288059235.
[I 2024-12-19 18:49:42,031] Trial 574 finished with value: 0.14749227464199066 and parameters: {'mlp_n_layers': 1, 'mlp_dim_00': 376, 'node_hidden_dim': 68, 'edge_hidden_dim': 61, 'depth': 2, 'rep_dropout': 0.05201106824154458, 'train_learning_rate': 0.0067932301623501515, 'train_lr_reduce': 0.6}. Best is trial 483 with value: 0.11390723288059235.
[I 2024-12-19 18:49:49,246] Trial 576 finished with value: 0.20494939386844635 and parameters: {'mlp_n_layers': 1, 'mlp_dim_00': 445, 'node_hidden_dim': 68, 'edge_hidden_dim': 50, 'depth': 1, 'rep_dropout': 0.06693945407204131, 'train_learning_rate': 0.0037784855676995677, 'train_lr_reduce': 0.6}. Best is trial 483 with value: 0.11390723288059235.
[I 2024-12-19 18:50:13,011] Trial 578 finished with value: 0.13189241290092468 and parameters: {'mlp_n_layers': 1, 'mlp_dim_00': 438, 'node_hidden_dim': 34, 'edge_hidden_dim': 66, 'depth': 1, 'rep_dropout': 0.03990251000859042, 'train_learning_rate': 0.0036044037916465256, 'train_lr_reduce': 0.6}. Best is trial 483 with value: 0.11390723288059235.
[I 2024-12-19 18:50:19,990] Trial 579 finished with value: 0.1888531744480133 and parameters: {'mlp_n_layers': 1, 'mlp_dim_00': 219, 'node_hidden_dim': 34, 'edge_hidden_dim': 43, 'depth': 1, 'rep_dropout': 0.0572965222445056, 'train_learning_rate': 0.00643973263358692, 'train_lr_reduce': 0.6}. Best is trial 483 with value: 0.11390723288059235.
[I 2024-12-19 18:50:25,725] Trial 580 finished with value: 0.1521080881357193 and parameters: {'mlp_n_layers': 1, 'mlp_dim_00': 392, 'node_hidden_dim': 33, 'edge_hidden_dim': 60, 'depth': 1, 'rep_dropout': 0.0010550232281172117, 'train_learning_rate': 0.0020183512411536056, 'train_lr_reduce': 0.6}. Best is trial 483 with value: 0.11390723288059235.
[I 2024-12-19 18:50:32,006] Trial 583 finished with value: 1.1426551342010498 and parameters: {'mlp_n_layers': 4, 'mlp_dim_00': 131, 'mlp_dim_01': 276, 'mlp_dim_02': 382, 'mlp_dim_03': 509, 'node_hidden_dim': 94, 'edge_hidden_dim': 71, 'depth': 4, 'rep_dropout': 0.04906554001987641, 'train_learning_rate': 0.0008586881973608733, 'train_lr_reduce': 0.6}. Best is trial 483 with value: 0.11390723288059235.
[I 2024-12-19 18:50:36,886] Trial 581 finished with value: 0.2849366068840027 and parameters: {'mlp_n_layers': 1, 'mlp_dim_00': 253, 'node_hidden_dim': 32, 'edge_hidden_dim': 33, 'depth': 2, 'rep_dropout': 0.030053305005806566, 'train_learning_rate': 0.003879560072528887, 'train_lr_reduce': 0.6}. Best is trial 483 with value: 0.11390723288059235.
[I 2024-12-19 18:50:59,571] Trial 582 finished with value: 0.1463034749031067 and parameters: {'mlp_n_layers': 1, 'mlp_dim_00': 331, 'node_hidden_dim': 44, 'edge_hidden_dim': 49, 'depth': 1, 'rep_dropout': 0.03489380100330482, 'train_learning_rate': 0.003896428338124216, 'train_lr_reduce': 0.6}. Best is trial 483 with value: 0.11390723288059235.
[I 2024-12-19 18:51:00,649] Trial 584 finished with value: 0.1487966626882553 and parameters: {'mlp_n_layers': 1, 'mlp_dim_00': 366, 'node_hidden_dim': 32, 'edge_hidden_dim': 64, 'depth': 1, 'rep_dropout': 0.01933616074240818, 'train_learning_rate': 0.007297670837005827, 'train_lr_reduce': 0.6}. Best is trial 483 with value: 0.11390723288059235.
[I 2024-12-19 18:51:03,942] Trial 586 finished with value: 1.1430723667144775 and parameters: {'mlp_n_layers': 2, 'mlp_dim_00': 424, 'mlp_dim_01': 382, 'node_hidden_dim': 45, 'edge_hidden_dim': 49, 'depth': 1, 'rep_dropout': 0.03436905783544557, 'train_learning_rate': 0.007796233066198395, 'train_lr_reduce': 0.6}. Best is trial 483 with value: 0.11390723288059235.
[I 2024-12-19 18:51:06,921] Trial 585 finished with value: 0.23798339068889618 and parameters: {'mlp_n_layers': 1, 'mlp_dim_00': 427, 'node_hidden_dim': 61, 'edge_hidden_dim': 36, 'depth': 1, 'rep_dropout': 0.038518699829545096, 'train_learning_rate': 0.0058441617710394255, 'train_lr_reduce': 0.6}. Best is trial 483 with value: 0.11390723288059235.
[I 2024-12-19 18:51:09,675] Trial 588 finished with value: 1.1433972120285034 and parameters: {'mlp_n_layers': 2, 'mlp_dim_00': 471, 'mlp_dim_01': 333, 'node_hidden_dim': 54, 'edge_hidden_dim': 62, 'depth': 2, 'rep_dropout': 0.04813375432715309, 'train_learning_rate': 0.0027544037408678674, 'train_lr_reduce': 0.6}. Best is trial 483 with value: 0.11390723288059235.
[I 2024-12-19 18:51:11,777] Trial 589 finished with value: 1.145666241645813 and parameters: {'mlp_n_layers': 2, 'mlp_dim_00': 334, 'mlp_dim_01': 127, 'node_hidden_dim': 37, 'edge_hidden_dim': 46, 'depth': 1, 'rep_dropout': 0.045853904850248275, 'train_learning_rate': 0.001931783571863376, 'train_lr_reduce': 0.6}. Best is trial 483 with value: 0.11390723288059235.
[I 2024-12-19 18:51:15,345] Trial 590 finished with value: 1.142316222190857 and parameters: {'mlp_n_layers': 2, 'mlp_dim_00': 402, 'mlp_dim_01': 409, 'node_hidden_dim': 32, 'edge_hidden_dim': 53, 'depth': 2, 'rep_dropout': 0.03668018404135933, 'train_learning_rate': 0.004213921242051689, 'train_lr_reduce': 0.6}. Best is trial 483 with value: 0.11390723288059235.
[I 2024-12-19 18:51:18,856] Trial 587 finished with value: 0.21480220556259155 and parameters: {'mlp_n_layers': 2, 'mlp_dim_00': 473, 'mlp_dim_01': 205, 'node_hidden_dim': 57, 'edge_hidden_dim': 53, 'depth': 1, 'rep_dropout': 0.06174047751472285, 'train_learning_rate': 0.004675697389663796, 'train_lr_reduce': 0.6}. Best is trial 483 with value: 0.11390723288059235.
[I 2024-12-19 18:51:22,314] Trial 592 finished with value: 1.1457374095916748 and parameters: {'mlp_n_layers': 1, 'mlp_dim_00': 191, 'node_hidden_dim': 128, 'edge_hidden_dim': 114, 'depth': 4, 'rep_dropout': 0.07168146556778508, 'train_learning_rate': 0.0006951693867064386, 'train_lr_reduce': 0.6}. Best is trial 483 with value: 0.11390723288059235.
[I 2024-12-19 18:51:41,903] Trial 594 finished with value: 0.21605688333511353 and parameters: {'mlp_n_layers': 2, 'mlp_dim_00': 311, 'mlp_dim_01': 463, 'node_hidden_dim': 34, 'edge_hidden_dim': 62, 'depth': 1, 'rep_dropout': 0.09444311306457917, 'train_learning_rate': 0.0034572691077877854, 'train_lr_reduce': 0.6}. Best is trial 483 with value: 0.11390723288059235.
[I 2024-12-19 18:51:48,017] Trial 595 finished with value: 1.1520662307739258 and parameters: {'mlp_n_layers': 1, 'mlp_dim_00': 322, 'node_hidden_dim': 32, 'edge_hidden_dim': 33, 'depth': 1, 'rep_dropout': 0.0727319002366763, 'train_learning_rate': 0.0015145746272031265, 'train_lr_reduce': 0.6}. Best is trial 483 with value: 0.11390723288059235.
[I 2024-12-19 18:51:49,397] Trial 591 finished with value: 0.33720123767852783 and parameters: {'mlp_n_layers': 1, 'mlp_dim_00': 461, 'node_hidden_dim': 128, 'edge_hidden_dim': 78, 'depth': 1, 'rep_dropout': 0.08296300476122347, 'train_learning_rate': 0.0037939938812427756, 'train_lr_reduce': 0.6}. Best is trial 483 with value: 0.11390723288059235.
[I 2024-12-19 18:51:54,908] Trial 596 finished with value: 1.1423972845077515 and parameters: {'mlp_n_layers': 4, 'mlp_dim_00': 260, 'mlp_dim_01': 357, 'mlp_dim_02': 314, 'mlp_dim_03': 351, 'node_hidden_dim': 76, 'edge_hidden_dim': 66, 'depth': 2, 'rep_dropout': 0.016823100227100984, 'train_learning_rate': 0.0004063738171265254, 'train_lr_reduce': 0.6}. Best is trial 483 with value: 0.11390723288059235.
[I 2024-12-19 18:51:56,762] Trial 593 finished with value: 0.12532351911067963 and parameters: {'mlp_n_layers': 1, 'mlp_dim_00': 383, 'node_hidden_dim': 36, 'edge_hidden_dim': 46, 'depth': 1, 'rep_dropout': 0.051567323230534125, 'train_learning_rate': 0.005905642649873483, 'train_lr_reduce': 0.6}. Best is trial 483 with value: 0.11390723288059235.
[I 2024-12-19 18:52:20,546] Trial 598 finished with value: 0.1627303808927536 and parameters: {'mlp_n_layers': 1, 'mlp_dim_00': 375, 'node_hidden_dim': 39, 'edge_hidden_dim': 32, 'depth': 1, 'rep_dropout': 0.045986332813796146, 'train_learning_rate': 0.0035942389937571365, 'train_lr_reduce': 0.6}. Best is trial 483 with value: 0.11390723288059235.
[I 2024-12-19 18:52:27,057] Trial 597 finished with value: 0.18878041207790375 and parameters: {'mlp_n_layers': 1, 'mlp_dim_00': 476, 'node_hidden_dim': 32, 'edge_hidden_dim': 57, 'depth': 1, 'rep_dropout': 0.039207033561000436, 'train_learning_rate': 0.007773172723890076, 'train_lr_reduce': 0.6}. Best is trial 483 with value: 0.11390723288059235.
[I 2024-12-19 18:52:37,594] Trial 599 finished with value: 0.12300579249858856 and parameters: {'mlp_n_layers': 1, 'mlp_dim_00': 387, 'node_hidden_dim': 36, 'edge_hidden_dim': 52, 'depth': 1, 'rep_dropout': 0.060054865928197726, 'train_learning_rate': 0.00301053598098988, 'train_lr_reduce': 0.6}. Best is trial 483 with value: 0.11390723288059235.
[I 2024-12-19 18:52:50,592] Trial 601 finished with value: 0.21655888855457306 and parameters: {'mlp_n_layers': 1, 'mlp_dim_00': 509, 'node_hidden_dim': 32, 'edge_hidden_dim': 37, 'depth': 1, 'rep_dropout': 0.07038321227082955, 'train_learning_rate': 0.008099234442316878, 'train_lr_reduce': 0.6}. Best is trial 483 with value: 0.11390723288059235.
[I 2024-12-19 18:53:05,330] Trial 600 finished with value: 0.2520742416381836 and parameters: {'mlp_n_layers': 2, 'mlp_dim_00': 250, 'mlp_dim_01': 255, 'node_hidden_dim': 120, 'edge_hidden_dim': 85, 'depth': 1, 'rep_dropout': 0.13379127170761185, 'train_learning_rate': 0.002271246248968977, 'train_lr_reduce': 0.6}. Best is trial 483 with value: 0.11390723288059235.
