[I 2024-12-26 08:59:22,126] Trial 2250 finished with value: 0.11006055772304535 and parameters: {'L1_hidden_dim': 256, 'L1_layers_atom': 2, 'L1_layers_mol': 2, 'L1_dropout': 0.13983835287124094, 'L1_out_dim': 112, 'L2_hidden_dim': 96, 'L2_layers_atom': 3, 'L2_layers_mol': 2, 'L2_out_dim': 96, 'L2_dropout': 0.0758369406217597, 'L3_hidden_dim': 48, 'L3_layers_atom': 2, 'L3_layers_mol': 4, 'L3_out_dim': 32, 'L3_dropout': 0.0933039512840482, 'n_mlp_layers': 1, 'mlp_dim_0': 32, 'num_heads': 2, 'final_dropout': 0.2407954875117256, 'train_learning_rate': 0.0004832786498205083, 'train_lr_reduce': 0.6}. Best is trial 1286 with value: 0.03935658559203148.
[I 2024-12-26 08:59:23,273] Trial 2252 finished with value: 0.1262359619140625 and parameters: {'L1_hidden_dim': 192, 'L1_layers_atom': 3, 'L1_layers_mol': 3, 'L1_dropout': 0.07290714694284736, 'L1_out_dim': 80, 'L2_hidden_dim': 208, 'L2_layers_atom': 4, 'L2_layers_mol': 1, 'L2_out_dim': 80, 'L2_dropout': 0.23553337924699033, 'L3_hidden_dim': 32, 'L3_layers_atom': 2, 'L3_layers_mol': 2, 'L3_out_dim': 64, 'L3_dropout': 0.17484945033575044, 'n_mlp_layers': 3, 'mlp_dim_0': 248, 'mlp_dim_1': 512, 'mlp_dim_2': 176, 'num_heads': 1, 'final_dropout': 0.25599976509732386, 'train_learning_rate': 0.000537364736148999, 'train_lr_reduce': 0.6}. Best is trial 1286 with value: 0.03935658559203148.
[I 2024-12-26 08:59:46,578] Trial 2251 finished with value: 0.11547643691301346 and parameters: {'L1_hidden_dim': 112, 'L1_layers_atom': 3, 'L1_layers_mol': 4, 'L1_dropout': 0.2809771640720688, 'L1_out_dim': 96, 'L2_hidden_dim': 256, 'L2_layers_atom': 2, 'L2_layers_mol': 1, 'L2_out_dim': 128, 'L2_dropout': 0.005384472018677262, 'L3_hidden_dim': 80, 'L3_layers_atom': 2, 'L3_layers_mol': 1, 'L3_out_dim': 112, 'L3_dropout': 0.13253329829477487, 'n_mlp_layers': 3, 'mlp_dim_0': 288, 'mlp_dim_1': 440, 'mlp_dim_2': 104, 'num_heads': 2, 'final_dropout': 0.13885238622081686, 'train_learning_rate': 0.004451745762123254, 'train_lr_reduce': 0.6}. Best is trial 1286 with value: 0.03935658559203148.
[I 2024-12-26 09:00:33,368] Trial 2254 finished with value: 0.08265136927366257 and parameters: {'L1_hidden_dim': 96, 'L1_layers_atom': 3, 'L1_layers_mol': 4, 'L1_dropout': 0.2309974009287346, 'L1_out_dim': 112, 'L2_hidden_dim': 144, 'L2_layers_atom': 1, 'L2_layers_mol': 1, 'L2_out_dim': 128, 'L2_dropout': 0.006457451825400556, 'L3_hidden_dim': 112, 'L3_layers_atom': 4, 'L3_layers_mol': 1, 'L3_out_dim': 64, 'L3_dropout': 0.17069087723615067, 'n_mlp_layers': 1, 'mlp_dim_0': 352, 'num_heads': 2, 'final_dropout': 0.10789496404672987, 'train_learning_rate': 0.0011124814957492212, 'train_lr_reduce': 0.6}. Best is trial 1286 with value: 0.03935658559203148.
[I 2024-12-26 09:00:45,059] Trial 2253 finished with value: 0.07211726903915405 and parameters: {'L1_hidden_dim': 96, 'L1_layers_atom': 4, 'L1_layers_mol': 2, 'L1_dropout': 0.2957235352095908, 'L1_out_dim': 128, 'L2_hidden_dim': 224, 'L2_layers_atom': 3, 'L2_layers_mol': 1, 'L2_out_dim': 32, 'L2_dropout': 0.05695004582706904, 'L3_hidden_dim': 48, 'L3_layers_atom': 3, 'L3_layers_mol': 2, 'L3_out_dim': 80, 'L3_dropout': 0.2856352523831355, 'n_mlp_layers': 3, 'mlp_dim_0': 48, 'mlp_dim_1': 408, 'mlp_dim_2': 72, 'num_heads': 1, 'final_dropout': 0.003890344542225156, 'train_learning_rate': 0.00076091583310083, 'train_lr_reduce': 0.6}. Best is trial 1286 with value: 0.03935658559203148.
[I 2024-12-26 09:01:13,774] Trial 2255 finished with value: 0.09416523575782776 and parameters: {'L1_hidden_dim': 112, 'L1_layers_atom': 4, 'L1_layers_mol': 3, 'L1_dropout': 0.19758288614233327, 'L1_out_dim': 64, 'L2_hidden_dim': 128, 'L2_layers_atom': 3, 'L2_layers_mol': 4, 'L2_out_dim': 64, 'L2_dropout': 0.011843513980707675, 'L3_hidden_dim': 112, 'L3_layers_atom': 4, 'L3_layers_mol': 1, 'L3_out_dim': 48, 'L3_dropout': 0.22120079704403953, 'n_mlp_layers': 2, 'mlp_dim_0': 176, 'mlp_dim_1': 272, 'num_heads': 1, 'final_dropout': 0.07385655310371733, 'train_learning_rate': 0.0011316518345875213, 'train_lr_reduce': 0.6}. Best is trial 1286 with value: 0.03935658559203148.
[I 2024-12-26 09:02:13,952] Trial 2257 finished with value: 0.10037684440612793 and parameters: {'L1_hidden_dim': 128, 'L1_layers_atom': 4, 'L1_layers_mol': 4, 'L1_dropout': 0.2616591742051577, 'L1_out_dim': 64, 'L2_hidden_dim': 256, 'L2_layers_atom': 3, 'L2_layers_mol': 3, 'L2_out_dim': 32, 'L2_dropout': 0.0802238733159647, 'L3_hidden_dim': 48, 'L3_layers_atom': 4, 'L3_layers_mol': 2, 'L3_out_dim': 64, 'L3_dropout': 0.09659927677398264, 'n_mlp_layers': 3, 'mlp_dim_0': 304, 'mlp_dim_1': 448, 'mlp_dim_2': 112, 'num_heads': 2, 'final_dropout': 0.026303495377002717, 'train_learning_rate': 0.007548205011923467, 'train_lr_reduce': 0.6}. Best is trial 1286 with value: 0.03935658559203148.
[I 2024-12-26 09:02:56,305] Trial 2256 finished with value: 0.07160363346338272 and parameters: {'L1_hidden_dim': 80, 'L1_layers_atom': 4, 'L1_layers_mol': 4, 'L1_dropout': 0.2845566974123242, 'L1_out_dim': 96, 'L2_hidden_dim': 224, 'L2_layers_atom': 1, 'L2_layers_mol': 2, 'L2_out_dim': 128, 'L2_dropout': 0.05011472576217843, 'L3_hidden_dim': 80, 'L3_layers_atom': 3, 'L3_layers_mol': 1, 'L3_out_dim': 112, 'L3_dropout': 0.13199572842353285, 'n_mlp_layers': 2, 'mlp_dim_0': 200, 'mlp_dim_1': 352, 'num_heads': 2, 'final_dropout': 0.12872511061630248, 'train_learning_rate': 0.00419730860093679, 'train_lr_reduce': 0.6}. Best is trial 1286 with value: 0.03935658559203148.
[I 2024-12-26 09:02:58,651] Trial 2258 finished with value: 0.06576021760702133 and parameters: {'L1_hidden_dim': 80, 'L1_layers_atom': 1, 'L1_layers_mol': 2, 'L1_dropout': 0.2664515579210196, 'L1_out_dim': 112, 'L2_hidden_dim': 192, 'L2_layers_atom': 4, 'L2_layers_mol': 4, 'L2_out_dim': 112, 'L2_dropout': 0.013058889047906818, 'L3_hidden_dim': 112, 'L3_layers_atom': 3, 'L3_layers_mol': 1, 'L3_out_dim': 128, 'L3_dropout': 0.12935909157017828, 'n_mlp_layers': 3, 'mlp_dim_0': 464, 'mlp_dim_1': 320, 'mlp_dim_2': 32, 'num_heads': 1, 'final_dropout': 0.1322905541651887, 'train_learning_rate': 0.0010977298703939943, 'train_lr_reduce': 0.6}. Best is trial 1286 with value: 0.03935658559203148.
[I 2024-12-26 09:03:50,516] Trial 2259 finished with value: 0.07117246091365814 and parameters: {'L1_hidden_dim': 80, 'L1_layers_atom': 4, 'L1_layers_mol': 2, 'L1_dropout': 0.1473582450274778, 'L1_out_dim': 80, 'L2_hidden_dim': 160, 'L2_layers_atom': 3, 'L2_layers_mol': 4, 'L2_out_dim': 48, 'L2_dropout': 0.04740901482199825, 'L3_hidden_dim': 80, 'L3_layers_atom': 3, 'L3_layers_mol': 1, 'L3_out_dim': 64, 'L3_dropout': 0.29376484279617215, 'n_mlp_layers': 2, 'mlp_dim_0': 144, 'mlp_dim_1': 192, 'num_heads': 1, 'final_dropout': 0.09355147981107967, 'train_learning_rate': 0.0007326138903936782, 'train_lr_reduce': 0.6}. Best is trial 1286 with value: 0.03935658559203148.
[I 2024-12-26 09:04:15,146] Trial 2260 finished with value: 0.07663792371749878 and parameters: {'L1_hidden_dim': 112, 'L1_layers_atom': 3, 'L1_layers_mol': 3, 'L1_dropout': 0.17156700968227317, 'L1_out_dim': 80, 'L2_hidden_dim': 160, 'L2_layers_atom': 1, 'L2_layers_mol': 3, 'L2_out_dim': 80, 'L2_dropout': 0.03966434881303925, 'L3_hidden_dim': 48, 'L3_layers_atom': 3, 'L3_layers_mol': 3, 'L3_out_dim': 128, 'L3_dropout': 0.25861820731213375, 'n_mlp_layers': 3, 'mlp_dim_0': 256, 'mlp_dim_1': 400, 'mlp_dim_2': 256, 'num_heads': 1, 'final_dropout': 0.0914799999385382, 'train_learning_rate': 0.0008377079413954746, 'train_lr_reduce': 0.6}. Best is trial 1286 with value: 0.03935658559203148.
[I 2024-12-26 09:04:45,001] Trial 2261 finished with value: 0.19005648791790009 and parameters: {'L1_hidden_dim': 112, 'L1_layers_atom': 4, 'L1_layers_mol': 1, 'L1_dropout': 0.2107322290209746, 'L1_out_dim': 128, 'L2_hidden_dim': 64, 'L2_layers_atom': 2, 'L2_layers_mol': 2, 'L2_out_dim': 112, 'L2_dropout': 0.16154551986223012, 'L3_hidden_dim': 64, 'L3_layers_atom': 1, 'L3_layers_mol': 4, 'L3_out_dim': 80, 'L3_dropout': 0.12480748683054066, 'n_mlp_layers': 2, 'mlp_dim_0': 464, 'mlp_dim_1': 448, 'num_heads': 2, 'final_dropout': 0.22409785475140065, 'train_learning_rate': 0.000404156678142319, 'train_lr_reduce': 0.6}. Best is trial 1286 with value: 0.03935658559203148.
[I 2024-12-26 09:05:05,588] Trial 2264 finished with value: 1.1072596311569214 and parameters: {'L1_hidden_dim': 96, 'L1_layers_atom': 4, 'L1_layers_mol': 4, 'L1_dropout': 0.010505089807292367, 'L1_out_dim': 48, 'L2_hidden_dim': 80, 'L2_layers_atom': 1, 'L2_layers_mol': 2, 'L2_out_dim': 32, 'L2_dropout': 0.2380776055770618, 'L3_hidden_dim': 32, 'L3_layers_atom': 1, 'L3_layers_mol': 2, 'L3_out_dim': 112, 'L3_dropout': 0.1660909984347628, 'n_mlp_layers': 1, 'mlp_dim_0': 360, 'num_heads': 2, 'final_dropout': 0.14887915401527704, 'train_learning_rate': 0.00011987246087607963, 'train_lr_reduce': 0.6}. Best is trial 1286 with value: 0.03935658559203148.
[I 2024-12-26 09:05:15,134] Trial 2262 finished with value: 0.08598914742469788 and parameters: {'L1_hidden_dim': 96, 'L1_layers_atom': 1, 'L1_layers_mol': 3, 'L1_dropout': 0.23202760287094398, 'L1_out_dim': 96, 'L2_hidden_dim': 128, 'L2_layers_atom': 2, 'L2_layers_mol': 2, 'L2_out_dim': 112, 'L2_dropout': 0.0281675943349543, 'L3_hidden_dim': 112, 'L3_layers_atom': 3, 'L3_layers_mol': 1, 'L3_out_dim': 128, 'L3_dropout': 0.13515477709649945, 'n_mlp_layers': 3, 'mlp_dim_0': 312, 'mlp_dim_1': 480, 'mlp_dim_2': 144, 'num_heads': 1, 'final_dropout': 0.052194590538973115, 'train_learning_rate': 0.0006237310992176887, 'train_lr_reduce': 0.6}. Best is trial 1286 with value: 0.03935658559203148.
[I 2024-12-26 09:06:23,369] Trial 2265 finished with value: 0.11383669823408127 and parameters: {'L1_hidden_dim': 256, 'L1_layers_atom': 4, 'L1_layers_mol': 1, 'L1_dropout': 0.079513371123087, 'L1_out_dim': 128, 'L2_hidden_dim': 80, 'L2_layers_atom': 1, 'L2_layers_mol': 1, 'L2_out_dim': 112, 'L2_dropout': 0.16305139135324465, 'L3_hidden_dim': 80, 'L3_layers_atom': 3, 'L3_layers_mol': 1, 'L3_out_dim': 48, 'L3_dropout': 0.11365932690077049, 'n_mlp_layers': 1, 'mlp_dim_0': 296, 'num_heads': 1, 'final_dropout': 0.27975812481056733, 'train_learning_rate': 0.0008994260960976147, 'train_lr_reduce': 0.6}. Best is trial 1286 with value: 0.03935658559203148.
[I 2024-12-26 09:06:31,047] Trial 2266 finished with value: 0.07268409430980682 and parameters: {'L1_hidden_dim': 80, 'L1_layers_atom': 4, 'L1_layers_mol': 4, 'L1_dropout': 0.16670736591659313, 'L1_out_dim': 64, 'L2_hidden_dim': 160, 'L2_layers_atom': 1, 'L2_layers_mol': 2, 'L2_out_dim': 128, 'L2_dropout': 0.017347811808457653, 'L3_hidden_dim': 96, 'L3_layers_atom': 2, 'L3_layers_mol': 1, 'L3_out_dim': 80, 'L3_dropout': 0.24178075829340304, 'n_mlp_layers': 2, 'mlp_dim_0': 176, 'mlp_dim_1': 376, 'num_heads': 1, 'final_dropout': 0.14663124581330605, 'train_learning_rate': 0.0039740405511674015, 'train_lr_reduce': 0.6}. Best is trial 1286 with value: 0.03935658559203148.
[I 2024-12-26 09:07:05,168] Trial 2263 finished with value: 0.14633072912693024 and parameters: {'L1_hidden_dim': 112, 'L1_layers_atom': 4, 'L1_layers_mol': 3, 'L1_dropout': 0.237238527922142, 'L1_out_dim': 112, 'L2_hidden_dim': 256, 'L2_layers_atom': 3, 'L2_layers_mol': 1, 'L2_out_dim': 112, 'L2_dropout': 0.04092094058554394, 'L3_hidden_dim': 96, 'L3_layers_atom': 4, 'L3_layers_mol': 2, 'L3_out_dim': 112, 'L3_dropout': 0.26779685853488866, 'n_mlp_layers': 1, 'mlp_dim_0': 264, 'num_heads': 2, 'final_dropout': 0.04831903706197729, 'train_learning_rate': 0.003716966824407608, 'train_lr_reduce': 0.6}. Best is trial 1286 with value: 0.03935658559203148.
[I 2024-12-26 09:07:28,266] Trial 2267 finished with value: 0.13290058076381683 and parameters: {'L1_hidden_dim': 112, 'L1_layers_atom': 1, 'L1_layers_mol': 3, 'L1_dropout': 0.13210015438224745, 'L1_out_dim': 32, 'L2_hidden_dim': 256, 'L2_layers_atom': 1, 'L2_layers_mol': 2, 'L2_out_dim': 128, 'L2_dropout': 0.24841862352294694, 'L3_hidden_dim': 112, 'L3_layers_atom': 2, 'L3_layers_mol': 1, 'L3_out_dim': 96, 'L3_dropout': 0.12195417041267298, 'n_mlp_layers': 1, 'mlp_dim_0': 184, 'num_heads': 1, 'final_dropout': 0.2107118241362509, 'train_learning_rate': 0.00896077848643729, 'train_lr_reduce': 0.6}. Best is trial 1286 with value: 0.03935658559203148.
[I 2024-12-26 09:07:50,807] Trial 2268 finished with value: 0.10638090968132019 and parameters: {'L1_hidden_dim': 112, 'L1_layers_atom': 4, 'L1_layers_mol': 4, 'L1_dropout': 0.22216730408948915, 'L1_out_dim': 48, 'L2_hidden_dim': 208, 'L2_layers_atom': 2, 'L2_layers_mol': 1, 'L2_out_dim': 112, 'L2_dropout': 0.09417439571994916, 'L3_hidden_dim': 128, 'L3_layers_atom': 4, 'L3_layers_mol': 1, 'L3_out_dim': 96, 'L3_dropout': 0.1629971070436768, 'n_mlp_layers': 2, 'mlp_dim_0': 240, 'mlp_dim_1': 248, 'num_heads': 1, 'final_dropout': 0.17864761271302154, 'train_learning_rate': 0.005218162338271197, 'train_lr_reduce': 0.6}. Best is trial 1286 with value: 0.03935658559203148.
[I 2024-12-26 09:08:18,676] Trial 2269 finished with value: 0.09326904267072678 and parameters: {'L1_hidden_dim': 112, 'L1_layers_atom': 1, 'L1_layers_mol': 4, 'L1_dropout': 0.198318550582195, 'L1_out_dim': 128, 'L2_hidden_dim': 208, 'L2_layers_atom': 1, 'L2_layers_mol': 4, 'L2_out_dim': 128, 'L2_dropout': 0.07250527355047286, 'L3_hidden_dim': 96, 'L3_layers_atom': 4, 'L3_layers_mol': 2, 'L3_out_dim': 96, 'L3_dropout': 0.25559367271515465, 'n_mlp_layers': 3, 'mlp_dim_0': 264, 'mlp_dim_1': 312, 'mlp_dim_2': 72, 'num_heads': 1, 'final_dropout': 0.1072363796402963, 'train_learning_rate': 0.0007960247829635784, 'train_lr_reduce': 0.6}. Best is trial 1286 with value: 0.03935658559203148.
[I 2024-12-26 09:08:56,809] Trial 2270 finished with value: 0.10283702611923218 and parameters: {'L1_hidden_dim': 112, 'L1_layers_atom': 1, 'L1_layers_mol': 3, 'L1_dropout': 0.2541171281217793, 'L1_out_dim': 64, 'L2_hidden_dim': 128, 'L2_layers_atom': 2, 'L2_layers_mol': 2, 'L2_out_dim': 96, 'L2_dropout': 0.0019949848562032454, 'L3_hidden_dim': 96, 'L3_layers_atom': 3, 'L3_layers_mol': 1, 'L3_out_dim': 128, 'L3_dropout': 0.15150651772013704, 'n_mlp_layers': 2, 'mlp_dim_0': 232, 'mlp_dim_1': 408, 'num_heads': 1, 'final_dropout': 0.0972148808003484, 'train_learning_rate': 0.00639113923379313, 'train_lr_reduce': 0.6}. Best is trial 1286 with value: 0.03935658559203148.
[I 2024-12-26 09:09:51,518] Trial 2272 finished with value: 0.09124717116355896 and parameters: {'L1_hidden_dim': 96, 'L1_layers_atom': 3, 'L1_layers_mol': 3, 'L1_dropout': 0.10207498629875195, 'L1_out_dim': 96, 'L2_hidden_dim': 208, 'L2_layers_atom': 1, 'L2_layers_mol': 2, 'L2_out_dim': 80, 'L2_dropout': 0.08550127655701908, 'L3_hidden_dim': 48, 'L3_layers_atom': 4, 'L3_layers_mol': 2, 'L3_out_dim': 64, 'L3_dropout': 0.23502262792836304, 'n_mlp_layers': 3, 'mlp_dim_0': 472, 'mlp_dim_1': 360, 'mlp_dim_2': 112, 'num_heads': 1, 'final_dropout': 0.29073673516313325, 'train_learning_rate': 0.00020720142937566356, 'train_lr_reduce': 0.6}. Best is trial 1286 with value: 0.03935658559203148.
[I 2024-12-26 09:10:00,479] Trial 2273 finished with value: 0.14002881944179535 and parameters: {'L1_hidden_dim': 112, 'L1_layers_atom': 4, 'L1_layers_mol': 4, 'L1_dropout': 0.29387382335430723, 'L1_out_dim': 64, 'L2_hidden_dim': 208, 'L2_layers_atom': 1, 'L2_layers_mol': 1, 'L2_out_dim': 112, 'L2_dropout': 0.01138900514862573, 'L3_hidden_dim': 64, 'L3_layers_atom': 3, 'L3_layers_mol': 1, 'L3_out_dim': 96, 'L3_dropout': 0.29205094111457, 'n_mlp_layers': 2, 'mlp_dim_0': 104, 'mlp_dim_1': 472, 'num_heads': 2, 'final_dropout': 0.11039834957947203, 'train_learning_rate': 0.005796521269839576, 'train_lr_reduce': 0.6}. Best is trial 1286 with value: 0.03935658559203148.
[I 2024-12-26 09:10:43,843] Trial 2271 finished with value: 0.0789961963891983 and parameters: {'L1_hidden_dim': 256, 'L1_layers_atom': 4, 'L1_layers_mol': 1, 'L1_dropout': 0.2781157682933272, 'L1_out_dim': 64, 'L2_hidden_dim': 176, 'L2_layers_atom': 1, 'L2_layers_mol': 2, 'L2_out_dim': 128, 'L2_dropout': 0.21847156205365986, 'L3_hidden_dim': 80, 'L3_layers_atom': 3, 'L3_layers_mol': 4, 'L3_out_dim': 32, 'L3_dropout': 0.1096696575781752, 'n_mlp_layers': 3, 'mlp_dim_0': 64, 'mlp_dim_1': 512, 'mlp_dim_2': 200, 'num_heads': 2, 'final_dropout': 0.03561187338305559, 'train_learning_rate': 0.0038271386169597098, 'train_lr_reduce': 0.6}. Best is trial 1286 with value: 0.03935658559203148.
[I 2024-12-26 09:11:01,909] Trial 2275 finished with value: 0.09670040756464005 and parameters: {'L1_hidden_dim': 128, 'L1_layers_atom': 4, 'L1_layers_mol': 3, 'L1_dropout': 0.2434066419845811, 'L1_out_dim': 80, 'L2_hidden_dim': 224, 'L2_layers_atom': 4, 'L2_layers_mol': 3, 'L2_out_dim': 48, 'L2_dropout': 0.17113150571711086, 'L3_hidden_dim': 64, 'L3_layers_atom': 3, 'L3_layers_mol': 3, 'L3_out_dim': 80, 'L3_dropout': 0.05997026823654293, 'n_mlp_layers': 3, 'mlp_dim_0': 240, 'mlp_dim_1': 304, 'mlp_dim_2': 112, 'num_heads': 1, 'final_dropout': 0.10582213481998838, 'train_learning_rate': 0.0027327886973034657, 'train_lr_reduce': 0.6}. Best is trial 1286 with value: 0.03935658559203148.
[I 2024-12-26 09:12:05,413] Trial 2276 finished with value: 0.11630705744028091 and parameters: {'L1_hidden_dim': 256, 'L1_layers_atom': 1, 'L1_layers_mol': 1, 'L1_dropout': 0.04306906585734516, 'L1_out_dim': 128, 'L2_hidden_dim': 80, 'L2_layers_atom': 4, 'L2_layers_mol': 1, 'L2_out_dim': 48, 'L2_dropout': 0.03619478503516947, 'L3_hidden_dim': 80, 'L3_layers_atom': 2, 'L3_layers_mol': 3, 'L3_out_dim': 64, 'L3_dropout': 0.10476010763293978, 'n_mlp_layers': 2, 'mlp_dim_0': 328, 'mlp_dim_1': 352, 'num_heads': 2, 'final_dropout': 0.10585010931530436, 'train_learning_rate': 0.00191128420571443, 'train_lr_reduce': 0.6}. Best is trial 1286 with value: 0.03935658559203148.
[I 2024-12-26 09:12:08,302] Trial 2277 finished with value: 0.07138156145811081 and parameters: {'L1_hidden_dim': 80, 'L1_layers_atom': 2, 'L1_layers_mol': 2, 'L1_dropout': 0.29208213824961105, 'L1_out_dim': 112, 'L2_hidden_dim': 240, 'L2_layers_atom': 1, 'L2_layers_mol': 3, 'L2_out_dim': 64, 'L2_dropout': 0.0601482674708749, 'L3_hidden_dim': 48, 'L3_layers_atom': 3, 'L3_layers_mol': 3, 'L3_out_dim': 112, 'L3_dropout': 0.22261476824288465, 'n_mlp_layers': 2, 'mlp_dim_0': 32, 'mlp_dim_1': 408, 'num_heads': 1, 'final_dropout': 0.13542494269310199, 'train_learning_rate': 0.0011920740494175133, 'train_lr_reduce': 0.6}. Best is trial 1286 with value: 0.03935658559203148.
[I 2024-12-26 09:12:28,990] Trial 2274 finished with value: 0.142336905002594 and parameters: {'L1_hidden_dim': 80, 'L1_layers_atom': 4, 'L1_layers_mol': 4, 'L1_dropout': 0.29093499084187774, 'L1_out_dim': 48, 'L2_hidden_dim': 208, 'L2_layers_atom': 2, 'L2_layers_mol': 2, 'L2_out_dim': 80, 'L2_dropout': 0.061677294300400524, 'L3_hidden_dim': 128, 'L3_layers_atom': 4, 'L3_layers_mol': 1, 'L3_out_dim': 48, 'L3_dropout': 0.11841953427457512, 'n_mlp_layers': 3, 'mlp_dim_0': 144, 'mlp_dim_1': 432, 'mlp_dim_2': 64, 'num_heads': 1, 'final_dropout': 0.13630493290406331, 'train_learning_rate': 0.00756986385690867, 'train_lr_reduce': 0.6}. Best is trial 1286 with value: 0.03935658559203148.
[I 2024-12-26 09:13:23,412] Trial 2278 finished with value: 0.10366422683000565 and parameters: {'L1_hidden_dim': 96, 'L1_layers_atom': 3, 'L1_layers_mol': 1, 'L1_dropout': 0.1613097374330924, 'L1_out_dim': 128, 'L2_hidden_dim': 160, 'L2_layers_atom': 3, 'L2_layers_mol': 2, 'L2_out_dim': 96, 'L2_dropout': 0.17824375515022758, 'L3_hidden_dim': 128, 'L3_layers_atom': 1, 'L3_layers_mol': 1, 'L3_out_dim': 128, 'L3_dropout': 0.2855165403825482, 'n_mlp_layers': 3, 'mlp_dim_0': 456, 'mlp_dim_1': 472, 'mlp_dim_2': 160, 'num_heads': 1, 'final_dropout': 0.1879027206462345, 'train_learning_rate': 0.005163009422853868, 'train_lr_reduce': 0.6}. Best is trial 1286 with value: 0.03935658559203148.
[I 2024-12-26 09:14:23,975] Trial 2281 finished with value: 0.19823573529720306 and parameters: {'L1_hidden_dim': 208, 'L1_layers_atom': 4, 'L1_layers_mol': 1, 'L1_dropout': 0.24557068251812153, 'L1_out_dim': 64, 'L2_hidden_dim': 224, 'L2_layers_atom': 4, 'L2_layers_mol': 2, 'L2_out_dim': 80, 'L2_dropout': 0.2286025323639082, 'L3_hidden_dim': 48, 'L3_layers_atom': 1, 'L3_layers_mol': 3, 'L3_out_dim': 48, 'L3_dropout': 0.10440239227934209, 'n_mlp_layers': 3, 'mlp_dim_0': 224, 'mlp_dim_1': 384, 'mlp_dim_2': 112, 'num_heads': 2, 'final_dropout': 0.20943244224817106, 'train_learning_rate': 0.006991808120621856, 'train_lr_reduce': 0.6}. Best is trial 1286 with value: 0.03935658559203148.
[I 2024-12-26 09:14:26,067] Trial 2280 finished with value: 0.15306396782398224 and parameters: {'L1_hidden_dim': 128, 'L1_layers_atom': 1, 'L1_layers_mol': 4, 'L1_dropout': 0.006953300319598565, 'L1_out_dim': 64, 'L2_hidden_dim': 240, 'L2_layers_atom': 2, 'L2_layers_mol': 2, 'L2_out_dim': 112, 'L2_dropout': 0.2804404767788543, 'L3_hidden_dim': 80, 'L3_layers_atom': 3, 'L3_layers_mol': 4, 'L3_out_dim': 80, 'L3_dropout': 0.0382248603263574, 'n_mlp_layers': 3, 'mlp_dim_0': 216, 'mlp_dim_1': 272, 'mlp_dim_2': 72, 'num_heads': 1, 'final_dropout': 0.1312935327903291, 'train_learning_rate': 0.008616278992722957, 'train_lr_reduce': 0.6}. Best is trial 1286 with value: 0.03935658559203148.
[I 2024-12-26 09:14:54,436] Trial 2279 finished with value: 0.25948479771614075 and parameters: {'L1_hidden_dim': 128, 'L1_layers_atom': 1, 'L1_layers_mol': 3, 'L1_dropout': 0.1312518310451108, 'L1_out_dim': 64, 'L2_hidden_dim': 144, 'L2_layers_atom': 4, 'L2_layers_mol': 3, 'L2_out_dim': 80, 'L2_dropout': 0.17249973037524083, 'L3_hidden_dim': 32, 'L3_layers_atom': 2, 'L3_layers_mol': 4, 'L3_out_dim': 128, 'L3_dropout': 0.07675491875896168, 'n_mlp_layers': 3, 'mlp_dim_0': 336, 'mlp_dim_1': 448, 'mlp_dim_2': 296, 'num_heads': 2, 'final_dropout': 0.22879053265573143, 'train_learning_rate': 0.0002543410973430135, 'train_lr_reduce': 0.6}. Best is trial 1286 with value: 0.03935658559203148.
