[I 2024-12-19 22:19:04,734] Trial 2170 finished with value: 1.1459410190582275 and parameters: {'mlp_n_layers': 1, 'mlp_dim_00': 410, 'node_hidden_dim': 49, 'edge_hidden_dim': 73, 'depth': 2, 'rep_dropout': 0.04301559993966162, 'train_learning_rate': 0.002670691725260928, 'train_lr_reduce': 0.6}. Best is trial 1909 with value: 0.10777772963047028.
[I 2024-12-19 22:19:38,517] Trial 2169 finished with value: 0.18105928599834442 and parameters: {'mlp_n_layers': 1, 'mlp_dim_00': 501, 'node_hidden_dim': 47, 'edge_hidden_dim': 33, 'depth': 2, 'rep_dropout': 0.02999647374598948, 'train_learning_rate': 0.009341503040419119, 'train_lr_reduce': 0.6}. Best is trial 1909 with value: 0.10777772963047028.
[I 2024-12-19 22:19:41,295] Trial 2172 finished with value: 0.1399521380662918 and parameters: {'mlp_n_layers': 1, 'mlp_dim_00': 492, 'node_hidden_dim': 32, 'edge_hidden_dim': 85, 'depth': 1, 'rep_dropout': 0.022924506645681686, 'train_learning_rate': 0.003649124069511551, 'train_lr_reduce': 0.6}. Best is trial 1909 with value: 0.10777772963047028.
[I 2024-12-19 22:19:42,978] Trial 2171 finished with value: 0.1340402066707611 and parameters: {'mlp_n_layers': 1, 'mlp_dim_00': 445, 'node_hidden_dim': 32, 'edge_hidden_dim': 66, 'depth': 1, 'rep_dropout': 0.022012823883438247, 'train_learning_rate': 0.009066972149602184, 'train_lr_reduce': 0.6}. Best is trial 1909 with value: 0.10777772963047028.
[I 2024-12-19 22:19:43,910] Trial 2173 finished with value: 1.142586588859558 and parameters: {'mlp_n_layers': 3, 'mlp_dim_00': 303, 'mlp_dim_01': 129, 'mlp_dim_02': 509, 'node_hidden_dim': 37, 'edge_hidden_dim': 52, 'depth': 1, 'rep_dropout': 0.006460658479429008, 'train_learning_rate': 0.0022754473608426586, 'train_lr_reduce': 0.6}. Best is trial 1909 with value: 0.10777772963047028.
[I 2024-12-19 22:20:02,390] Trial 2175 finished with value: 0.18957450985908508 and parameters: {'mlp_n_layers': 3, 'mlp_dim_00': 272, 'mlp_dim_01': 148, 'mlp_dim_02': 113, 'node_hidden_dim': 34, 'edge_hidden_dim': 86, 'depth': 1, 'rep_dropout': 0.004091767700429018, 'train_learning_rate': 0.004704248387533452, 'train_lr_reduce': 0.6}. Best is trial 1909 with value: 0.10777772963047028.
[I 2024-12-19 22:20:15,688] Trial 2174 finished with value: 0.166595458984375 and parameters: {'mlp_n_layers': 2, 'mlp_dim_00': 437, 'mlp_dim_01': 215, 'node_hidden_dim': 46, 'edge_hidden_dim': 62, 'depth': 1, 'rep_dropout': 0.027077773365621366, 'train_learning_rate': 0.0024039238652532988, 'train_lr_reduce': 0.6}. Best is trial 1909 with value: 0.10777772963047028.
[I 2024-12-19 22:20:26,627] Trial 2176 finished with value: 0.1352742314338684 and parameters: {'mlp_n_layers': 1, 'mlp_dim_00': 498, 'node_hidden_dim': 34, 'edge_hidden_dim': 72, 'depth': 1, 'rep_dropout': 0.007018753242605681, 'train_learning_rate': 0.004105196292571444, 'train_lr_reduce': 0.6}. Best is trial 1909 with value: 0.10777772963047028.
[I 2024-12-19 22:20:32,419] Trial 2179 finished with value: 1.1529905796051025 and parameters: {'mlp_n_layers': 1, 'mlp_dim_00': 467, 'node_hidden_dim': 39, 'edge_hidden_dim': 68, 'depth': 2, 'rep_dropout': 0.024857770546511584, 'train_learning_rate': 0.0025790437538808822, 'train_lr_reduce': 0.6}. Best is trial 1909 with value: 0.10777772963047028.
[I 2024-12-19 22:20:36,549] Trial 2177 finished with value: 0.2726288437843323 and parameters: {'mlp_n_layers': 1, 'mlp_dim_00': 480, 'node_hidden_dim': 33, 'edge_hidden_dim': 61, 'depth': 1, 'rep_dropout': 0.001105928057087272, 'train_learning_rate': 0.006848174025017648, 'train_lr_reduce': 0.6}. Best is trial 1909 with value: 0.10777772963047028.
[I 2024-12-19 22:20:57,417] Trial 2178 finished with value: 0.21644650399684906 and parameters: {'mlp_n_layers': 2, 'mlp_dim_00': 473, 'mlp_dim_01': 93, 'node_hidden_dim': 39, 'edge_hidden_dim': 53, 'depth': 2, 'rep_dropout': 0.0008487564925354213, 'train_learning_rate': 0.006888658093173773, 'train_lr_reduce': 0.6}. Best is trial 1909 with value: 0.10777772963047028.
[I 2024-12-19 22:21:11,738] Trial 2180 finished with value: 0.13315534591674805 and parameters: {'mlp_n_layers': 2, 'mlp_dim_00': 408, 'mlp_dim_01': 176, 'node_hidden_dim': 53, 'edge_hidden_dim': 71, 'depth': 1, 'rep_dropout': 0.02801371320727147, 'train_learning_rate': 0.008540623037417362, 'train_lr_reduce': 0.6}. Best is trial 1909 with value: 0.10777772963047028.
[I 2024-12-19 22:21:17,113] Trial 2181 finished with value: 0.18747466802597046 and parameters: {'mlp_n_layers': 1, 'mlp_dim_00': 437, 'node_hidden_dim': 33, 'edge_hidden_dim': 58, 'depth': 1, 'rep_dropout': 0.02886211959216141, 'train_learning_rate': 0.005902393431221051, 'train_lr_reduce': 0.6}. Best is trial 1909 with value: 0.10777772963047028.
[I 2024-12-19 22:21:20,005] Trial 2183 finished with value: 1.1415984630584717 and parameters: {'mlp_n_layers': 3, 'mlp_dim_00': 306, 'mlp_dim_01': 66, 'mlp_dim_02': 197, 'node_hidden_dim': 101, 'edge_hidden_dim': 80, 'depth': 1, 'rep_dropout': 0.14188822905760387, 'train_learning_rate': 0.00011115294470011202, 'train_lr_reduce': 0.6}. Best is trial 1909 with value: 0.10777772963047028.
[I 2024-12-19 22:21:38,216] Trial 2182 finished with value: 0.14504152536392212 and parameters: {'mlp_n_layers': 1, 'mlp_dim_00': 438, 'node_hidden_dim': 32, 'edge_hidden_dim': 90, 'depth': 1, 'rep_dropout': 0.04437467188485594, 'train_learning_rate': 0.003223639182617292, 'train_lr_reduce': 0.6}. Best is trial 1909 with value: 0.10777772963047028.
[I 2024-12-19 22:21:45,729] Trial 2186 finished with value: 1.1422502994537354 and parameters: {'mlp_n_layers': 4, 'mlp_dim_00': 365, 'mlp_dim_01': 185, 'mlp_dim_02': 419, 'mlp_dim_03': 352, 'node_hidden_dim': 43, 'edge_hidden_dim': 51, 'depth': 1, 'rep_dropout': 0.04321307969456992, 'train_learning_rate': 0.00010702289874591434, 'train_lr_reduce': 0.6}. Best is trial 1909 with value: 0.10777772963047028.
[I 2024-12-19 22:21:50,662] Trial 2184 finished with value: 0.16848862171173096 and parameters: {'mlp_n_layers': 1, 'mlp_dim_00': 402, 'node_hidden_dim': 109, 'edge_hidden_dim': 85, 'depth': 2, 'rep_dropout': 0.022921580737158873, 'train_learning_rate': 0.0055456811930994785, 'train_lr_reduce': 0.6}. Best is trial 1909 with value: 0.10777772963047028.
[I 2024-12-19 22:22:02,130] Trial 2188 finished with value: 0.826995313167572 and parameters: {'mlp_n_layers': 3, 'mlp_dim_00': 209, 'mlp_dim_01': 105, 'mlp_dim_02': 323, 'node_hidden_dim': 122, 'edge_hidden_dim': 115, 'depth': 2, 'rep_dropout': 0.08804653441682248, 'train_learning_rate': 0.008393855626294142, 'train_lr_reduce': 0.6}. Best is trial 1909 with value: 0.10777772963047028.
[I 2024-12-19 22:22:05,612] Trial 2185 finished with value: 0.11793644726276398 and parameters: {'mlp_n_layers': 2, 'mlp_dim_00': 450, 'mlp_dim_01': 128, 'node_hidden_dim': 44, 'edge_hidden_dim': 48, 'depth': 1, 'rep_dropout': 0.0016586877473046156, 'train_learning_rate': 0.005071710557870565, 'train_lr_reduce': 0.6}. Best is trial 1909 with value: 0.10777772963047028.
[I 2024-12-19 22:22:09,244] Trial 2187 finished with value: 0.2978146970272064 and parameters: {'mlp_n_layers': 1, 'mlp_dim_00': 503, 'node_hidden_dim': 65, 'edge_hidden_dim': 72, 'depth': 2, 'rep_dropout': 0.030614796635280328, 'train_learning_rate': 0.0081905456056246, 'train_lr_reduce': 0.6}. Best is trial 1909 with value: 0.10777772963047028.
[I 2024-12-19 22:22:11,225] Trial 2190 finished with value: 1.1447197198867798 and parameters: {'mlp_n_layers': 1, 'mlp_dim_00': 505, 'node_hidden_dim': 38, 'edge_hidden_dim': 84, 'depth': 2, 'rep_dropout': 0.08894792769206328, 'train_learning_rate': 0.0002888646424509854, 'train_lr_reduce': 0.6}. Best is trial 1909 with value: 0.10777772963047028.
[I 2024-12-19 22:22:37,200] Trial 2189 finished with value: 0.1591476947069168 and parameters: {'mlp_n_layers': 2, 'mlp_dim_00': 245, 'mlp_dim_01': 157, 'node_hidden_dim': 82, 'edge_hidden_dim': 82, 'depth': 2, 'rep_dropout': 0.06590802323816033, 'train_learning_rate': 0.0056516964258541535, 'train_lr_reduce': 0.6}. Best is trial 1909 with value: 0.10777772963047028.
[I 2024-12-19 22:22:41,335] Trial 2192 finished with value: 0.21488924324512482 and parameters: {'mlp_n_layers': 2, 'mlp_dim_00': 385, 'mlp_dim_01': 126, 'node_hidden_dim': 38, 'edge_hidden_dim': 46, 'depth': 1, 'rep_dropout': 0.002949760996760701, 'train_learning_rate': 0.008535176113412032, 'train_lr_reduce': 0.6}. Best is trial 1909 with value: 0.10777772963047028.
[I 2024-12-19 22:22:43,070] Trial 2191 finished with value: 0.20953303575515747 and parameters: {'mlp_n_layers': 2, 'mlp_dim_00': 505, 'mlp_dim_01': 125, 'node_hidden_dim': 70, 'edge_hidden_dim': 68, 'depth': 1, 'rep_dropout': 0.013677861959499639, 'train_learning_rate': 0.002769887170037887, 'train_lr_reduce': 0.6}. Best is trial 1909 with value: 0.10777772963047028.
[I 2024-12-19 22:22:48,517] Trial 2194 finished with value: 1.1422419548034668 and parameters: {'mlp_n_layers': 3, 'mlp_dim_00': 437, 'mlp_dim_01': 101, 'mlp_dim_02': 253, 'node_hidden_dim': 36, 'edge_hidden_dim': 59, 'depth': 1, 'rep_dropout': 0.012953602762968768, 'train_learning_rate': 0.005861817639466852, 'train_lr_reduce': 0.6}. Best is trial 1909 with value: 0.10777772963047028.
[I 2024-12-19 22:22:49,336] Trial 2195 finished with value: 1.144412636756897 and parameters: {'mlp_n_layers': 3, 'mlp_dim_00': 463, 'mlp_dim_01': 140, 'mlp_dim_02': 461, 'node_hidden_dim': 42, 'edge_hidden_dim': 47, 'depth': 1, 'rep_dropout': 0.02240957954918185, 'train_learning_rate': 0.0038191945320477155, 'train_lr_reduce': 0.6}. Best is trial 1909 with value: 0.10777772963047028.
[I 2024-12-19 22:23:04,708] Trial 2193 finished with value: 0.22670099139213562 and parameters: {'mlp_n_layers': 2, 'mlp_dim_00': 397, 'mlp_dim_01': 134, 'node_hidden_dim': 51, 'edge_hidden_dim': 65, 'depth': 1, 'rep_dropout': 0.006839597528525372, 'train_learning_rate': 0.007404686880875721, 'train_lr_reduce': 0.6}. Best is trial 1909 with value: 0.10777772963047028.
[I 2024-12-19 22:23:09,678] Trial 2198 finished with value: 1.145052433013916 and parameters: {'mlp_n_layers': 2, 'mlp_dim_00': 413, 'mlp_dim_01': 100, 'node_hidden_dim': 59, 'edge_hidden_dim': 50, 'depth': 2, 'rep_dropout': 0.004029171533741162, 'train_learning_rate': 0.005701446827451885, 'train_lr_reduce': 0.6}. Best is trial 1909 with value: 0.10777772963047028.
[I 2024-12-19 22:23:10,193] Trial 2196 finished with value: 0.24782617390155792 and parameters: {'mlp_n_layers': 2, 'mlp_dim_00': 510, 'mlp_dim_01': 105, 'node_hidden_dim': 57, 'edge_hidden_dim': 33, 'depth': 1, 'rep_dropout': 0.013248513911200088, 'train_learning_rate': 0.005760181266121102, 'train_lr_reduce': 0.6}. Best is trial 1909 with value: 0.10777772963047028.
[I 2024-12-19 22:23:30,992] Trial 2197 finished with value: 0.11918273568153381 and parameters: {'mlp_n_layers': 2, 'mlp_dim_00': 493, 'mlp_dim_01': 160, 'node_hidden_dim': 36, 'edge_hidden_dim': 38, 'depth': 1, 'rep_dropout': 0.006512449013209926, 'train_learning_rate': 0.008753912589286476, 'train_lr_reduce': 0.6}. Best is trial 1909 with value: 0.10777772963047028.
[I 2024-12-19 22:23:37,402] Trial 2200 finished with value: 0.16665877401828766 and parameters: {'mlp_n_layers': 2, 'mlp_dim_00': 471, 'mlp_dim_01': 138, 'node_hidden_dim': 35, 'edge_hidden_dim': 44, 'depth': 1, 'rep_dropout': 0.018367236553431407, 'train_learning_rate': 0.004814200384408444, 'train_lr_reduce': 0.6}. Best is trial 1909 with value: 0.10777772963047028.
[I 2024-12-19 22:23:50,931] Trial 2199 finished with value: 0.161245197057724 and parameters: {'mlp_n_layers': 2, 'mlp_dim_00': 460, 'mlp_dim_01': 153, 'node_hidden_dim': 33, 'edge_hidden_dim': 79, 'depth': 1, 'rep_dropout': 0.0019124068269972083, 'train_learning_rate': 0.007049626942790588, 'train_lr_reduce': 0.6}. Best is trial 1909 with value: 0.10777772963047028.
[I 2024-12-19 22:23:57,387] Trial 2201 finished with value: 0.2101142704486847 and parameters: {'mlp_n_layers': 1, 'mlp_dim_00': 436, 'node_hidden_dim': 32, 'edge_hidden_dim': 54, 'depth': 1, 'rep_dropout': 0.0162222681591557, 'train_learning_rate': 0.002479982073570784, 'train_lr_reduce': 0.6}. Best is trial 1909 with value: 0.10777772963047028.
[I 2024-12-19 22:24:02,083] Trial 2204 finished with value: 1.1435339450836182 and parameters: {'mlp_n_layers': 1, 'mlp_dim_00': 509, 'node_hidden_dim': 34, 'edge_hidden_dim': 43, 'depth': 1, 'rep_dropout': 0.0003848961894886045, 'train_learning_rate': 0.0031549819471824382, 'train_lr_reduce': 0.6}. Best is trial 1909 with value: 0.10777772963047028.
[I 2024-12-19 22:24:16,261] Trial 2203 finished with value: 0.22850735485553741 and parameters: {'mlp_n_layers': 2, 'mlp_dim_00': 433, 'mlp_dim_01': 100, 'node_hidden_dim': 50, 'edge_hidden_dim': 59, 'depth': 1, 'rep_dropout': 0.0017548716658240108, 'train_learning_rate': 0.004971313797820172, 'train_lr_reduce': 0.6}. Best is trial 1909 with value: 0.10777772963047028.
[I 2024-12-19 22:24:17,904] Trial 2202 finished with value: 0.11871131509542465 and parameters: {'mlp_n_layers': 2, 'mlp_dim_00': 420, 'mlp_dim_01': 183, 'node_hidden_dim': 33, 'edge_hidden_dim': 48, 'depth': 1, 'rep_dropout': 0.025495594957563945, 'train_learning_rate': 0.004078517157316162, 'train_lr_reduce': 0.6}. Best is trial 1909 with value: 0.10777772963047028.
[I 2024-12-19 22:24:20,964] Trial 2205 finished with value: 0.23069465160369873 and parameters: {'mlp_n_layers': 2, 'mlp_dim_00': 492, 'mlp_dim_01': 70, 'node_hidden_dim': 51, 'edge_hidden_dim': 87, 'depth': 1, 'rep_dropout': 0.0583593803948598, 'train_learning_rate': 0.006094178135145094, 'train_lr_reduce': 0.6}. Best is trial 1909 with value: 0.10777772963047028.
[I 2024-12-19 22:24:21,153] Trial 2206 finished with value: 1.1480566263198853 and parameters: {'mlp_n_layers': 2, 'mlp_dim_00': 431, 'mlp_dim_01': 140, 'node_hidden_dim': 42, 'edge_hidden_dim': 65, 'depth': 2, 'rep_dropout': 0.03880738529124124, 'train_learning_rate': 0.0058577226178929765, 'train_lr_reduce': 0.6}. Best is trial 1909 with value: 0.10777772963047028.
[I 2024-12-19 22:24:26,776] Trial 2209 finished with value: 1.1424627304077148 and parameters: {'mlp_n_layers': 1, 'mlp_dim_00': 217, 'node_hidden_dim': 65, 'edge_hidden_dim': 65, 'depth': 2, 'rep_dropout': 0.10918896106345699, 'train_learning_rate': 0.0022020118240960915, 'train_lr_reduce': 0.6}. Best is trial 1909 with value: 0.10777772963047028.
[I 2024-12-19 22:24:28,146] Trial 2207 finished with value: 0.7728456854820251 and parameters: {'mlp_n_layers': 4, 'mlp_dim_00': 208, 'mlp_dim_01': 188, 'mlp_dim_02': 161, 'mlp_dim_03': 68, 'node_hidden_dim': 96, 'edge_hidden_dim': 109, 'depth': 1, 'rep_dropout': 0.11250468651349399, 'train_learning_rate': 0.0023165354462725014, 'train_lr_reduce': 0.6}. Best is trial 1909 with value: 0.10777772963047028.
[I 2024-12-19 22:24:32,687] Trial 2210 finished with value: 1.1443628072738647 and parameters: {'mlp_n_layers': 4, 'mlp_dim_00': 227, 'mlp_dim_01': 163, 'mlp_dim_02': 358, 'mlp_dim_03': 165, 'node_hidden_dim': 51, 'edge_hidden_dim': 100, 'depth': 4, 'rep_dropout': 0.08651805010054202, 'train_learning_rate': 0.006292820744929738, 'train_lr_reduce': 0.6}. Best is trial 1909 with value: 0.10777772963047028.
[I 2024-12-19 22:24:33,500] Trial 2211 finished with value: 1.142526626586914 and parameters: {'mlp_n_layers': 2, 'mlp_dim_00': 408, 'mlp_dim_01': 67, 'node_hidden_dim': 35, 'edge_hidden_dim': 81, 'depth': 2, 'rep_dropout': 0.03531811164527799, 'train_learning_rate': 0.005310670718588239, 'train_lr_reduce': 0.6}. Best is trial 1909 with value: 0.10777772963047028.
[I 2024-12-19 22:24:38,010] Trial 2212 finished with value: 1.1427738666534424 and parameters: {'mlp_n_layers': 2, 'mlp_dim_00': 437, 'mlp_dim_01': 220, 'node_hidden_dim': 33, 'edge_hidden_dim': 73, 'depth': 1, 'rep_dropout': 0.042166976446296474, 'train_learning_rate': 0.0028315596868972383, 'train_lr_reduce': 0.6}. Best is trial 1909 with value: 0.10777772963047028.
[I 2024-12-19 22:24:41,046] Trial 2213 finished with value: 1.1414217948913574 and parameters: {'mlp_n_layers': 3, 'mlp_dim_00': 201, 'mlp_dim_01': 110, 'mlp_dim_02': 69, 'node_hidden_dim': 90, 'edge_hidden_dim': 58, 'depth': 2, 'rep_dropout': 0.006921284275137371, 'train_learning_rate': 0.00021216418023384777, 'train_lr_reduce': 0.6}. Best is trial 1909 with value: 0.10777772963047028.
[I 2024-12-19 22:24:52,732] Trial 2214 finished with value: 0.613742470741272 and parameters: {'mlp_n_layers': 3, 'mlp_dim_00': 404, 'mlp_dim_01': 167, 'mlp_dim_02': 205, 'node_hidden_dim': 47, 'edge_hidden_dim': 60, 'depth': 2, 'rep_dropout': 0.010626948373086389, 'train_learning_rate': 0.008666703914507733, 'train_lr_reduce': 0.6}. Best is trial 1909 with value: 0.10777772963047028.
[I 2024-12-19 22:25:00,685] Trial 2208 finished with value: 0.21384280920028687 and parameters: {'mlp_n_layers': 2, 'mlp_dim_00': 486, 'mlp_dim_01': 123, 'node_hidden_dim': 34, 'edge_hidden_dim': 46, 'depth': 1, 'rep_dropout': 0.03847748009369777, 'train_learning_rate': 0.005619815601733143, 'train_lr_reduce': 0.6}. Best is trial 1909 with value: 0.10777772963047028.
[I 2024-12-19 22:25:23,569] Trial 2216 finished with value: 0.2760196030139923 and parameters: {'mlp_n_layers': 2, 'mlp_dim_00': 399, 'mlp_dim_01': 96, 'node_hidden_dim': 43, 'edge_hidden_dim': 74, 'depth': 1, 'rep_dropout': 0.03593411056071606, 'train_learning_rate': 0.006387375932786441, 'train_lr_reduce': 0.6}. Best is trial 1909 with value: 0.10777772963047028.
[I 2024-12-19 22:25:23,724] Trial 2215 finished with value: 0.13635028898715973 and parameters: {'mlp_n_layers': 2, 'mlp_dim_00': 505, 'mlp_dim_01': 127, 'node_hidden_dim': 35, 'edge_hidden_dim': 62, 'depth': 1, 'rep_dropout': 0.0328810994468139, 'train_learning_rate': 0.004035454175014807, 'train_lr_reduce': 0.6}. Best is trial 1909 with value: 0.10777772963047028.
[I 2024-12-19 22:25:40,214] Trial 2217 finished with value: 0.1552695333957672 and parameters: {'mlp_n_layers': 2, 'mlp_dim_00': 433, 'mlp_dim_01': 180, 'node_hidden_dim': 50, 'edge_hidden_dim': 48, 'depth': 1, 'rep_dropout': 0.013600518612985639, 'train_learning_rate': 0.004560314718887567, 'train_lr_reduce': 0.6}. Best is trial 1909 with value: 0.10777772963047028.
[I 2024-12-19 22:25:54,645] Trial 2220 finished with value: 0.23099610209465027 and parameters: {'mlp_n_layers': 3, 'mlp_dim_00': 389, 'mlp_dim_01': 210, 'mlp_dim_02': 294, 'node_hidden_dim': 66, 'edge_hidden_dim': 53, 'depth': 1, 'rep_dropout': 0.008705975373660763, 'train_learning_rate': 0.005054138319853833, 'train_lr_reduce': 0.6}. Best is trial 1909 with value: 0.10777772963047028.
[I 2024-12-19 22:25:59,503] Trial 2221 finished with value: 1.1427160501480103 and parameters: {'mlp_n_layers': 2, 'mlp_dim_00': 436, 'mlp_dim_01': 130, 'node_hidden_dim': 50, 'edge_hidden_dim': 60, 'depth': 1, 'rep_dropout': 0.0009828867537632659, 'train_learning_rate': 0.0020848288307135435, 'train_lr_reduce': 0.6}. Best is trial 1909 with value: 0.10777772963047028.
[I 2024-12-19 22:26:00,809] Trial 2219 finished with value: 0.4123449921607971 and parameters: {'mlp_n_layers': 2, 'mlp_dim_00': 482, 'mlp_dim_01': 138, 'node_hidden_dim': 32, 'edge_hidden_dim': 83, 'depth': 2, 'rep_dropout': 0.001792259531875008, 'train_learning_rate': 0.007140371780331611, 'train_lr_reduce': 0.6}. Best is trial 1909 with value: 0.10777772963047028.
[I 2024-12-19 22:26:03,968] Trial 2218 finished with value: 0.16395220160484314 and parameters: {'mlp_n_layers': 2, 'mlp_dim_00': 412, 'mlp_dim_01': 65, 'node_hidden_dim': 35, 'edge_hidden_dim': 57, 'depth': 1, 'rep_dropout': 0.026105001078567613, 'train_learning_rate': 0.0056085578134164515, 'train_lr_reduce': 0.6}. Best is trial 1909 with value: 0.10777772963047028.
[I 2024-12-19 22:26:10,111] Trial 2224 finished with value: 1.1420412063598633 and parameters: {'mlp_n_layers': 4, 'mlp_dim_00': 78, 'mlp_dim_01': 115, 'mlp_dim_02': 119, 'mlp_dim_03': 458, 'node_hidden_dim': 73, 'edge_hidden_dim': 61, 'depth': 1, 'rep_dropout': 0.09469353623589032, 'train_learning_rate': 0.0010919122492803975, 'train_lr_reduce': 0.6}. Best is trial 1909 with value: 0.10777772963047028.
[I 2024-12-19 22:26:16,736] Trial 2225 finished with value: 1.1421693563461304 and parameters: {'mlp_n_layers': 2, 'mlp_dim_00': 147, 'mlp_dim_01': 98, 'node_hidden_dim': 64, 'edge_hidden_dim': 62, 'depth': 3, 'rep_dropout': 0.10844532424842468, 'train_learning_rate': 0.00021264104559272644, 'train_lr_reduce': 0.6}. Best is trial 1909 with value: 0.10777772963047028.
[I 2024-12-19 22:26:22,351] Trial 2223 finished with value: 0.21400968730449677 and parameters: {'mlp_n_layers': 3, 'mlp_dim_00': 445, 'mlp_dim_01': 180, 'mlp_dim_02': 377, 'node_hidden_dim': 52, 'edge_hidden_dim': 47, 'depth': 1, 'rep_dropout': 0.015083285981490644, 'train_learning_rate': 0.006156210204797669, 'train_lr_reduce': 0.6}. Best is trial 1909 with value: 0.10777772963047028.
[I 2024-12-19 22:26:40,277] Trial 2222 finished with value: 0.13034850358963013 and parameters: {'mlp_n_layers': 1, 'mlp_dim_00': 502, 'node_hidden_dim': 40, 'edge_hidden_dim': 75, 'depth': 1, 'rep_dropout': 0.04511652567712636, 'train_learning_rate': 0.0017221013386141115, 'train_lr_reduce': 0.6}. Best is trial 1909 with value: 0.10777772963047028.
[I 2024-12-19 22:26:54,697] Trial 2226 finished with value: 0.16478092968463898 and parameters: {'mlp_n_layers': 1, 'mlp_dim_00': 394, 'node_hidden_dim': 47, 'edge_hidden_dim': 70, 'depth': 1, 'rep_dropout': 0.039733823609310284, 'train_learning_rate': 0.006334094788675076, 'train_lr_reduce': 0.6}. Best is trial 1909 with value: 0.10777772963047028.
[I 2024-12-19 22:26:58,539] Trial 2228 finished with value: 0.22720728814601898 and parameters: {'mlp_n_layers': 1, 'mlp_dim_00': 466, 'node_hidden_dim': 32, 'edge_hidden_dim': 49, 'depth': 1, 'rep_dropout': 0.024336945523795367, 'train_learning_rate': 0.0070230092818389335, 'train_lr_reduce': 0.6}. Best is trial 1909 with value: 0.10777772963047028.
