[I 2024-12-16 01:22:52,304] Trial 2332 finished with value: 0.10655228793621063 and parameters: {'mlp_n_layers': 2, 'mlp_dim_00': 160, 'mlp_dim_01': 80, 'hidden_channels': 64, 'num_layers': 3, 'num_timesteps': 3, 'dropout': 0.17994012186420577, 'train_learning_rate': 0.0021452389135105457, 'train_lr_reduce': 0.6}. Best is trial 130 with value: 0.0812772810459137.
[I 2024-12-16 01:22:55,599] Trial 2334 finished with value: 0.11741259694099426 and parameters: {'mlp_n_layers': 2, 'mlp_dim_00': 48, 'mlp_dim_01': 192, 'hidden_channels': 48, 'num_layers': 2, 'num_timesteps': 4, 'dropout': 0.1634113426478544, 'train_learning_rate': 0.006971429437304047, 'train_lr_reduce': 0.6}. Best is trial 130 with value: 0.0812772810459137.
[I 2024-12-16 01:22:59,552] Trial 2333 finished with value: 0.15032276511192322 and parameters: {'mlp_n_layers': 4, 'mlp_dim_00': 240, 'mlp_dim_01': 80, 'mlp_dim_02': 256, 'mlp_dim_03': 176, 'hidden_channels': 80, 'num_layers': 4, 'num_timesteps': 4, 'dropout': 0.20159649850117128, 'train_learning_rate': 0.0014534418341094527, 'train_lr_reduce': 0.6}. Best is trial 130 with value: 0.0812772810459137.
[I 2024-12-16 01:23:06,433] Trial 2335 finished with value: 0.11320646107196808 and parameters: {'mlp_n_layers': 2, 'mlp_dim_00': 96, 'mlp_dim_01': 256, 'hidden_channels': 80, 'num_layers': 2, 'num_timesteps': 3, 'dropout': 0.0452427796191467, 'train_learning_rate': 0.005396347253741837, 'train_lr_reduce': 0.6}. Best is trial 130 with value: 0.0812772810459137.
[I 2024-12-16 01:23:09,028] Trial 2336 finished with value: 0.11332431435585022 and parameters: {'mlp_n_layers': 2, 'mlp_dim_00': 112, 'mlp_dim_01': 256, 'hidden_channels': 64, 'num_layers': 2, 'num_timesteps': 4, 'dropout': 0.017382879405707805, 'train_learning_rate': 0.005866029834515103, 'train_lr_reduce': 0.6}. Best is trial 130 with value: 0.0812772810459137.
[I 2024-12-16 01:23:12,060] Trial 2337 finished with value: 0.10764607787132263 and parameters: {'mlp_n_layers': 2, 'mlp_dim_00': 208, 'mlp_dim_01': 192, 'hidden_channels': 96, 'num_layers': 2, 'num_timesteps': 2, 'dropout': 0.15784835539534975, 'train_learning_rate': 0.008362918725705612, 'train_lr_reduce': 0.6}. Best is trial 130 with value: 0.0812772810459137.
[I 2024-12-16 01:23:19,041] Trial 2338 finished with value: 0.1262706220149994 and parameters: {'mlp_n_layers': 3, 'mlp_dim_00': 144, 'mlp_dim_01': 160, 'mlp_dim_02': 112, 'hidden_channels': 32, 'num_layers': 1, 'num_timesteps': 3, 'dropout': 0.2566285927602058, 'train_learning_rate': 0.002701578535840953, 'train_lr_reduce': 0.6}. Best is trial 130 with value: 0.0812772810459137.
[I 2024-12-16 01:23:22,875] Trial 2339 finished with value: 0.11827883869409561 and parameters: {'mlp_n_layers': 3, 'mlp_dim_00': 176, 'mlp_dim_01': 192, 'mlp_dim_02': 176, 'hidden_channels': 32, 'num_layers': 2, 'num_timesteps': 3, 'dropout': 0.197385493512504, 'train_learning_rate': 0.005765102868560301, 'train_lr_reduce': 0.6}. Best is trial 130 with value: 0.0812772810459137.
[I 2024-12-16 01:23:29,816] Trial 2340 finished with value: 0.13258278369903564 and parameters: {'mlp_n_layers': 2, 'mlp_dim_00': 160, 'mlp_dim_01': 80, 'hidden_channels': 64, 'num_layers': 2, 'num_timesteps': 3, 'dropout': 0.2425627333755786, 'train_learning_rate': 0.009248649402190548, 'train_lr_reduce': 0.6}. Best is trial 130 with value: 0.0812772810459137.
[I 2024-12-16 01:23:33,641] Trial 2342 finished with value: 0.10099760442972183 and parameters: {'mlp_n_layers': 2, 'mlp_dim_00': 256, 'mlp_dim_01': 208, 'hidden_channels': 32, 'num_layers': 1, 'num_timesteps': 2, 'dropout': 0.22710975958979612, 'train_learning_rate': 0.002131631493967098, 'train_lr_reduce': 0.6}. Best is trial 130 with value: 0.0812772810459137.
[I 2024-12-16 01:23:33,729] Trial 2341 finished with value: 0.10675002634525299 and parameters: {'mlp_n_layers': 3, 'mlp_dim_00': 224, 'mlp_dim_01': 192, 'mlp_dim_02': 224, 'hidden_channels': 128, 'num_layers': 1, 'num_timesteps': 4, 'dropout': 0.24468703069506836, 'train_learning_rate': 0.008813710739363104, 'train_lr_reduce': 0.6}. Best is trial 130 with value: 0.0812772810459137.
[I 2024-12-16 01:23:44,987] Trial 2344 finished with value: 0.12145502120256424 and parameters: {'mlp_n_layers': 2, 'mlp_dim_00': 208, 'mlp_dim_01': 144, 'hidden_channels': 128, 'num_layers': 2, 'num_timesteps': 2, 'dropout': 0.20425619262857547, 'train_learning_rate': 0.008487983578097578, 'train_lr_reduce': 0.6}. Best is trial 130 with value: 0.0812772810459137.
[I 2024-12-16 01:23:45,221] Trial 2343 finished with value: 0.11624117940664291 and parameters: {'mlp_n_layers': 3, 'mlp_dim_00': 80, 'mlp_dim_01': 144, 'mlp_dim_02': 48, 'hidden_channels': 32, 'num_layers': 1, 'num_timesteps': 2, 'dropout': 0.25059634121611324, 'train_learning_rate': 0.0022802120610281806, 'train_lr_reduce': 0.6}. Best is trial 130 with value: 0.0812772810459137.
[I 2024-12-16 01:23:52,134] Trial 2345 finished with value: 0.09887873381376266 and parameters: {'mlp_n_layers': 3, 'mlp_dim_00': 160, 'mlp_dim_01': 64, 'mlp_dim_02': 160, 'hidden_channels': 48, 'num_layers': 3, 'num_timesteps': 4, 'dropout': 0.20999588047134987, 'train_learning_rate': 0.004679807373429499, 'train_lr_reduce': 0.6}. Best is trial 130 with value: 0.0812772810459137.
[I 2024-12-16 01:24:01,746] Trial 2347 finished with value: 0.117728590965271 and parameters: {'mlp_n_layers': 2, 'mlp_dim_00': 192, 'mlp_dim_01': 208, 'hidden_channels': 144, 'num_layers': 1, 'num_timesteps': 3, 'dropout': 0.23325051303842997, 'train_learning_rate': 0.003687709516418825, 'train_lr_reduce': 0.6}. Best is trial 130 with value: 0.0812772810459137.
[I 2024-12-16 01:24:02,571] Trial 2346 finished with value: 0.12836875021457672 and parameters: {'mlp_n_layers': 3, 'mlp_dim_00': 208, 'mlp_dim_01': 144, 'mlp_dim_02': 96, 'hidden_channels': 80, 'num_layers': 4, 'num_timesteps': 1, 'dropout': 0.19432750955442402, 'train_learning_rate': 0.0012363329035413233, 'train_lr_reduce': 0.6}. Best is trial 130 with value: 0.0812772810459137.
[I 2024-12-16 01:24:03,114] Trial 2348 finished with value: 0.11511855572462082 and parameters: {'mlp_n_layers': 2, 'mlp_dim_00': 256, 'mlp_dim_01': 144, 'hidden_channels': 80, 'num_layers': 1, 'num_timesteps': 3, 'dropout': 0.12254352558044027, 'train_learning_rate': 0.0014517491605852792, 'train_lr_reduce': 0.6}. Best is trial 130 with value: 0.0812772810459137.
[I 2024-12-16 01:24:15,469] Trial 2351 finished with value: 0.13251599669456482 and parameters: {'mlp_n_layers': 2, 'mlp_dim_00': 32, 'mlp_dim_01': 192, 'hidden_channels': 32, 'num_layers': 1, 'num_timesteps': 4, 'dropout': 0.0923902935484576, 'train_learning_rate': 0.004217377810778213, 'train_lr_reduce': 0.6}. Best is trial 130 with value: 0.0812772810459137.
[I 2024-12-16 01:24:15,758] Trial 2349 finished with value: 0.10021862387657166 and parameters: {'mlp_n_layers': 2, 'mlp_dim_00': 96, 'mlp_dim_01': 256, 'hidden_channels': 32, 'num_layers': 2, 'num_timesteps': 3, 'dropout': 0.08656247894193375, 'train_learning_rate': 0.0025264590798588504, 'train_lr_reduce': 0.6}. Best is trial 130 with value: 0.0812772810459137.
[I 2024-12-16 01:24:25,496] Trial 2350 finished with value: 0.1433558166027069 and parameters: {'mlp_n_layers': 2, 'mlp_dim_00': 256, 'mlp_dim_01': 32, 'hidden_channels': 144, 'num_layers': 3, 'num_timesteps': 2, 'dropout': 0.2811309154243259, 'train_learning_rate': 0.0004796466702972008, 'train_lr_reduce': 0.6}. Best is trial 130 with value: 0.0812772810459137.
[I 2024-12-16 01:24:28,178] Trial 2352 finished with value: 0.10025840252637863 and parameters: {'mlp_n_layers': 2, 'mlp_dim_00': 224, 'mlp_dim_01': 176, 'hidden_channels': 96, 'num_layers': 2, 'num_timesteps': 3, 'dropout': 0.18857664527905255, 'train_learning_rate': 0.008742151715634618, 'train_lr_reduce': 0.6}. Best is trial 130 with value: 0.0812772810459137.
[I 2024-12-16 01:24:31,255] Trial 2353 finished with value: 0.1000741645693779 and parameters: {'mlp_n_layers': 2, 'mlp_dim_00': 224, 'mlp_dim_01': 176, 'hidden_channels': 64, 'num_layers': 2, 'num_timesteps': 4, 'dropout': 0.2966357835709443, 'train_learning_rate': 0.008636497422942356, 'train_lr_reduce': 0.6}. Best is trial 130 with value: 0.0812772810459137.
[I 2024-12-16 01:24:35,643] Trial 2354 finished with value: 0.11133522540330887 and parameters: {'mlp_n_layers': 2, 'mlp_dim_00': 192, 'mlp_dim_01': 192, 'hidden_channels': 32, 'num_layers': 1, 'num_timesteps': 2, 'dropout': 0.2535025026192975, 'train_learning_rate': 0.004867767685051007, 'train_lr_reduce': 0.6}. Best is trial 130 with value: 0.0812772810459137.
[I 2024-12-16 01:24:43,365] Trial 2355 finished with value: 0.10623374581336975 and parameters: {'mlp_n_layers': 2, 'mlp_dim_00': 192, 'mlp_dim_01': 64, 'hidden_channels': 128, 'num_layers': 2, 'num_timesteps': 3, 'dropout': 0.15107434785188265, 'train_learning_rate': 0.0032669377856883327, 'train_lr_reduce': 0.6}. Best is trial 130 with value: 0.0812772810459137.
[I 2024-12-16 01:24:49,186] Trial 2356 finished with value: 0.14561305940151215 and parameters: {'mlp_n_layers': 3, 'mlp_dim_00': 208, 'mlp_dim_01': 96, 'mlp_dim_02': 208, 'hidden_channels': 96, 'num_layers': 2, 'num_timesteps': 4, 'dropout': 0.28439608087500445, 'train_learning_rate': 0.009752882968867175, 'train_lr_reduce': 0.6}. Best is trial 130 with value: 0.0812772810459137.
[I 2024-12-16 01:24:49,512] Trial 2357 finished with value: 0.11152533441781998 and parameters: {'mlp_n_layers': 2, 'mlp_dim_00': 240, 'mlp_dim_01': 192, 'hidden_channels': 32, 'num_layers': 1, 'num_timesteps': 2, 'dropout': 0.2545348961898012, 'train_learning_rate': 0.009701525226513862, 'train_lr_reduce': 0.6}. Best is trial 130 with value: 0.0812772810459137.
[I 2024-12-16 01:24:56,675] Trial 2358 finished with value: 0.11501135677099228 and parameters: {'mlp_n_layers': 2, 'mlp_dim_00': 256, 'mlp_dim_01': 32, 'hidden_channels': 64, 'num_layers': 3, 'num_timesteps': 3, 'dropout': 0.22135538152649492, 'train_learning_rate': 0.00850917157109441, 'train_lr_reduce': 0.6}. Best is trial 130 with value: 0.0812772810459137.
[I 2024-12-16 01:24:59,913] Trial 2359 finished with value: 0.11738009750843048 and parameters: {'mlp_n_layers': 2, 'mlp_dim_00': 160, 'mlp_dim_01': 256, 'hidden_channels': 64, 'num_layers': 2, 'num_timesteps': 3, 'dropout': 0.11296354354191648, 'train_learning_rate': 0.004156997939866702, 'train_lr_reduce': 0.6}. Best is trial 130 with value: 0.0812772810459137.
[I 2024-12-16 01:25:08,419] Trial 2362 finished with value: 0.11407367885112762 and parameters: {'mlp_n_layers': 2, 'mlp_dim_00': 192, 'mlp_dim_01': 208, 'hidden_channels': 32, 'num_layers': 1, 'num_timesteps': 2, 'dropout': 0.17515516676743564, 'train_learning_rate': 0.00457398521909291, 'train_lr_reduce': 0.6}. Best is trial 130 with value: 0.0812772810459137.
[I 2024-12-16 01:25:10,977] Trial 2360 finished with value: 0.11435907334089279 and parameters: {'mlp_n_layers': 2, 'mlp_dim_00': 80, 'mlp_dim_01': 96, 'hidden_channels': 32, 'num_layers': 3, 'num_timesteps': 4, 'dropout': 0.030290079898460758, 'train_learning_rate': 0.009701357075905736, 'train_lr_reduce': 0.6}. Best is trial 130 with value: 0.0812772810459137.
[I 2024-12-16 01:25:12,423] Trial 2361 finished with value: 0.10392177850008011 and parameters: {'mlp_n_layers': 2, 'mlp_dim_00': 80, 'mlp_dim_01': 208, 'hidden_channels': 32, 'num_layers': 3, 'num_timesteps': 3, 'dropout': 0.09510550950585638, 'train_learning_rate': 0.009198231531700945, 'train_lr_reduce': 0.6}. Best is trial 130 with value: 0.0812772810459137.
[I 2024-12-16 01:25:21,503] Trial 2363 finished with value: 0.11924339830875397 and parameters: {'mlp_n_layers': 2, 'mlp_dim_00': 64, 'mlp_dim_01': 208, 'hidden_channels': 224, 'num_layers': 2, 'num_timesteps': 4, 'dropout': 0.26954003217847927, 'train_learning_rate': 0.002899417761964939, 'train_lr_reduce': 0.6}. Best is trial 130 with value: 0.0812772810459137.
[I 2024-12-16 01:25:23,736] Trial 2365 finished with value: 0.10665377974510193 and parameters: {'mlp_n_layers': 2, 'mlp_dim_00': 208, 'mlp_dim_01': 192, 'hidden_channels': 32, 'num_layers': 2, 'num_timesteps': 3, 'dropout': 0.24776020463287363, 'train_learning_rate': 0.008435094294617433, 'train_lr_reduce': 0.6}. Best is trial 130 with value: 0.0812772810459137.
[I 2024-12-16 01:25:24,054] Trial 2364 finished with value: 0.13939198851585388 and parameters: {'mlp_n_layers': 2, 'mlp_dim_00': 160, 'mlp_dim_01': 144, 'hidden_channels': 96, 'num_layers': 2, 'num_timesteps': 3, 'dropout': 0.252929658944011, 'train_learning_rate': 0.007969138260782174, 'train_lr_reduce': 0.6}. Best is trial 130 with value: 0.0812772810459137.
[I 2024-12-16 01:25:30,466] Trial 2366 finished with value: 0.10504887998104095 and parameters: {'mlp_n_layers': 3, 'mlp_dim_00': 224, 'mlp_dim_01': 192, 'mlp_dim_02': 192, 'hidden_channels': 32, 'num_layers': 1, 'num_timesteps': 3, 'dropout': 0.20606426190669247, 'train_learning_rate': 0.005919024504159958, 'train_lr_reduce': 0.6}. Best is trial 130 with value: 0.0812772810459137.
[I 2024-12-16 01:25:34,362] Trial 2367 finished with value: 0.09639876335859299 and parameters: {'mlp_n_layers': 2, 'mlp_dim_00': 208, 'mlp_dim_01': 240, 'hidden_channels': 64, 'num_layers': 2, 'num_timesteps': 2, 'dropout': 0.2519312994256614, 'train_learning_rate': 0.0064599364539015955, 'train_lr_reduce': 0.6}. Best is trial 130 with value: 0.0812772810459137.
[I 2024-12-16 01:25:38,884] Trial 2368 finished with value: 0.1474328637123108 and parameters: {'mlp_n_layers': 3, 'mlp_dim_00': 224, 'mlp_dim_01': 176, 'mlp_dim_02': 240, 'hidden_channels': 32, 'num_layers': 1, 'num_timesteps': 3, 'dropout': 0.28645333662850747, 'train_learning_rate': 0.009957645015412598, 'train_lr_reduce': 0.6}. Best is trial 130 with value: 0.0812772810459137.
[I 2024-12-16 01:25:48,208] Trial 2370 finished with value: 0.10768521577119827 and parameters: {'mlp_n_layers': 3, 'mlp_dim_00': 32, 'mlp_dim_01': 176, 'mlp_dim_02': 160, 'hidden_channels': 48, 'num_layers': 2, 'num_timesteps': 4, 'dropout': 0.1111310130885738, 'train_learning_rate': 0.005888677584842856, 'train_lr_reduce': 0.6}. Best is trial 130 with value: 0.0812772810459137.
[I 2024-12-16 01:25:48,408] Trial 2369 finished with value: 0.1396295577287674 and parameters: {'mlp_n_layers': 4, 'mlp_dim_00': 224, 'mlp_dim_01': 144, 'mlp_dim_02': 112, 'mlp_dim_03': 112, 'hidden_channels': 160, 'num_layers': 2, 'num_timesteps': 1, 'dropout': 0.1587649342926055, 'train_learning_rate': 0.0010080723288827752, 'train_lr_reduce': 0.6}. Best is trial 130 with value: 0.0812772810459137.
[I 2024-12-16 01:25:50,103] Trial 2371 finished with value: 0.1052551418542862 and parameters: {'mlp_n_layers': 3, 'mlp_dim_00': 256, 'mlp_dim_01': 192, 'mlp_dim_02': 80, 'hidden_channels': 192, 'num_layers': 1, 'num_timesteps': 3, 'dropout': 0.23098002929751915, 'train_learning_rate': 0.005448101517046047, 'train_lr_reduce': 0.6}. Best is trial 130 with value: 0.0812772810459137.
[I 2024-12-16 01:26:01,921] Trial 2373 finished with value: 0.10359574854373932 and parameters: {'mlp_n_layers': 2, 'mlp_dim_00': 128, 'mlp_dim_01': 240, 'hidden_channels': 32, 'num_layers': 3, 'num_timesteps': 3, 'dropout': 0.104811738138473, 'train_learning_rate': 0.009605612168535577, 'train_lr_reduce': 0.6}. Best is trial 130 with value: 0.0812772810459137.
[I 2024-12-16 01:26:05,373] Trial 2372 finished with value: 0.17344456911087036 and parameters: {'mlp_n_layers': 2, 'mlp_dim_00': 32, 'mlp_dim_01': 160, 'hidden_channels': 144, 'num_layers': 3, 'num_timesteps': 2, 'dropout': 0.2581140196599191, 'train_learning_rate': 0.001939437859036104, 'train_lr_reduce': 0.6}. Best is trial 130 with value: 0.0812772810459137.
[I 2024-12-16 01:26:06,742] Trial 2374 finished with value: 0.10498306900262833 and parameters: {'mlp_n_layers': 2, 'mlp_dim_00': 240, 'mlp_dim_01': 192, 'hidden_channels': 96, 'num_layers': 2, 'num_timesteps': 3, 'dropout': 0.27224802248289953, 'train_learning_rate': 0.009369737387859978, 'train_lr_reduce': 0.6}. Best is trial 130 with value: 0.0812772810459137.
[I 2024-12-16 01:26:16,043] Trial 2376 finished with value: 0.11752951145172119 and parameters: {'mlp_n_layers': 2, 'mlp_dim_00': 80, 'mlp_dim_01': 48, 'hidden_channels': 160, 'num_layers': 1, 'num_timesteps': 4, 'dropout': 0.09054924504640864, 'train_learning_rate': 0.008093203088960834, 'train_lr_reduce': 0.6}. Best is trial 130 with value: 0.0812772810459137.
[I 2024-12-16 01:26:16,045] Trial 2375 finished with value: 0.1239161491394043 and parameters: {'mlp_n_layers': 3, 'mlp_dim_00': 80, 'mlp_dim_01': 160, 'mlp_dim_02': 208, 'hidden_channels': 32, 'num_layers': 2, 'num_timesteps': 2, 'dropout': 0.20530918764527817, 'train_learning_rate': 0.0013899640761393535, 'train_lr_reduce': 0.6}. Best is trial 130 with value: 0.0812772810459137.
[I 2024-12-16 01:26:21,371] Trial 2377 finished with value: 0.10761149972677231 and parameters: {'mlp_n_layers': 2, 'mlp_dim_00': 256, 'mlp_dim_01': 208, 'hidden_channels': 32, 'num_layers': 2, 'num_timesteps': 3, 'dropout': 0.2308052328999863, 'train_learning_rate': 0.008973853269781286, 'train_lr_reduce': 0.6}. Best is trial 130 with value: 0.0812772810459137.
[I 2024-12-16 01:26:29,247] Trial 2379 finished with value: 0.10217497497797012 and parameters: {'mlp_n_layers': 2, 'mlp_dim_00': 240, 'mlp_dim_01': 208, 'hidden_channels': 80, 'num_layers': 2, 'num_timesteps': 2, 'dropout': 0.2232346278459813, 'train_learning_rate': 0.00970967442302612, 'train_lr_reduce': 0.6}. Best is trial 130 with value: 0.0812772810459137.
[I 2024-12-16 01:26:30,039] Trial 2378 finished with value: 0.10623112320899963 and parameters: {'mlp_n_layers': 2, 'mlp_dim_00': 80, 'mlp_dim_01': 208, 'hidden_channels': 32, 'num_layers': 2, 'num_timesteps': 4, 'dropout': 0.16499185355457963, 'train_learning_rate': 0.005074149276069195, 'train_lr_reduce': 0.6}. Best is trial 130 with value: 0.0812772810459137.
[I 2024-12-16 01:26:37,802] Trial 2380 finished with value: 0.10386514663696289 and parameters: {'mlp_n_layers': 2, 'mlp_dim_00': 144, 'mlp_dim_01': 80, 'hidden_channels': 48, 'num_layers': 4, 'num_timesteps': 4, 'dropout': 0.14103439503065363, 'train_learning_rate': 0.007392891308388365, 'train_lr_reduce': 0.6}. Best is trial 130 with value: 0.0812772810459137.
[I 2024-12-16 01:26:50,248] Trial 2383 finished with value: 0.1068263053894043 and parameters: {'mlp_n_layers': 4, 'mlp_dim_00': 112, 'mlp_dim_01': 128, 'mlp_dim_02': 128, 'mlp_dim_03': 256, 'hidden_channels': 32, 'num_layers': 1, 'num_timesteps': 3, 'dropout': 0.20096026801110697, 'train_learning_rate': 0.002353584394440299, 'train_lr_reduce': 0.6}. Best is trial 130 with value: 0.0812772810459137.
[I 2024-12-16 01:26:51,409] Trial 2382 finished with value: 0.10026683658361435 and parameters: {'mlp_n_layers': 2, 'mlp_dim_00': 32, 'mlp_dim_01': 224, 'hidden_channels': 32, 'num_layers': 3, 'num_timesteps': 4, 'dropout': 0.11801245017936794, 'train_learning_rate': 0.009804995382802951, 'train_lr_reduce': 0.6}. Best is trial 130 with value: 0.0812772810459137.
[I 2024-12-16 01:26:55,989] Trial 2381 finished with value: 0.18270161747932434 and parameters: {'mlp_n_layers': 4, 'mlp_dim_00': 224, 'mlp_dim_01': 256, 'mlp_dim_02': 176, 'mlp_dim_03': 64, 'hidden_channels': 192, 'num_layers': 4, 'num_timesteps': 4, 'dropout': 0.2475647816006435, 'train_learning_rate': 0.0070857752556200415, 'train_lr_reduce': 0.6}. Best is trial 130 with value: 0.0812772810459137.
[I 2024-12-16 01:27:08,943] Trial 2385 finished with value: 0.10057689994573593 and parameters: {'mlp_n_layers': 2, 'mlp_dim_00': 224, 'mlp_dim_01': 160, 'hidden_channels': 112, 'num_layers': 1, 'num_timesteps': 4, 'dropout': 0.20005375736029532, 'train_learning_rate': 0.008592407430457569, 'train_lr_reduce': 0.6}. Best is trial 130 with value: 0.0812772810459137.
[I 2024-12-16 01:27:09,069] Trial 2386 finished with value: 0.09694314748048782 and parameters: {'mlp_n_layers': 2, 'mlp_dim_00': 224, 'mlp_dim_01': 192, 'hidden_channels': 64, 'num_layers': 2, 'num_timesteps': 3, 'dropout': 0.1857029293687532, 'train_learning_rate': 0.0043829422111071464, 'train_lr_reduce': 0.6}. Best is trial 130 with value: 0.0812772810459137.
[I 2024-12-16 01:27:10,331] Trial 2384 finished with value: 0.14912515878677368 and parameters: {'mlp_n_layers': 2, 'mlp_dim_00': 64, 'mlp_dim_01': 256, 'hidden_channels': 176, 'num_layers': 4, 'num_timesteps': 4, 'dropout': 0.12760568509194087, 'train_learning_rate': 0.0011795213421210322, 'train_lr_reduce': 0.6}. Best is trial 130 with value: 0.0812772810459137.
[I 2024-12-16 01:27:20,510] Trial 2389 finished with value: 0.12461691349744797 and parameters: {'mlp_n_layers': 2, 'mlp_dim_00': 192, 'mlp_dim_01': 160, 'hidden_channels': 48, 'num_layers': 2, 'num_timesteps': 2, 'dropout': 0.14781967304064839, 'train_learning_rate': 0.009101307267590073, 'train_lr_reduce': 0.6}. Best is trial 130 with value: 0.0812772810459137.
[I 2024-12-16 01:27:24,784] Trial 2388 finished with value: 0.10802062600851059 and parameters: {'mlp_n_layers': 2, 'mlp_dim_00': 144, 'mlp_dim_01': 224, 'hidden_channels': 32, 'num_layers': 2, 'num_timesteps': 4, 'dropout': 0.037318804070017975, 'train_learning_rate': 0.004672280270587389, 'train_lr_reduce': 0.6}. Best is trial 130 with value: 0.0812772810459137.
[I 2024-12-16 01:27:30,718] Trial 2387 finished with value: 0.14817312359809875 and parameters: {'mlp_n_layers': 2, 'mlp_dim_00': 192, 'mlp_dim_01': 208, 'hidden_channels': 160, 'num_layers': 1, 'num_timesteps': 3, 'dropout': 0.23905517606508317, 'train_learning_rate': 0.008470650238472124, 'train_lr_reduce': 0.6}. Best is trial 130 with value: 0.0812772810459137.
[I 2024-12-16 01:27:34,374] Trial 2390 finished with value: 0.1149594709277153 and parameters: {'mlp_n_layers': 2, 'mlp_dim_00': 224, 'mlp_dim_01': 224, 'hidden_channels': 176, 'num_layers': 1, 'num_timesteps': 3, 'dropout': 0.2758058138231614, 'train_learning_rate': 0.0008897636941107577, 'train_lr_reduce': 0.6}. Best is trial 130 with value: 0.0812772810459137.
