[I 2024-12-19 20:19:12,956] Trial 1265 finished with value: 0.15868736803531647 and parameters: {'mlp_n_layers': 1, 'mlp_dim_00': 354, 'node_hidden_dim': 34, 'edge_hidden_dim': 43, 'depth': 1, 'rep_dropout': 0.01994406991568888, 'train_learning_rate': 0.003255100882958521, 'train_lr_reduce': 0.6}. Best is trial 673 with value: 0.11172225326299667.
[I 2024-12-19 20:19:21,033] Trial 1269 finished with value: 1.141939401626587 and parameters: {'mlp_n_layers': 4, 'mlp_dim_00': 68, 'mlp_dim_01': 430, 'mlp_dim_02': 67, 'mlp_dim_03': 271, 'node_hidden_dim': 113, 'edge_hidden_dim': 37, 'depth': 1, 'rep_dropout': 0.1180790700000173, 'train_learning_rate': 0.00021766234293735666, 'train_lr_reduce': 0.6}. Best is trial 673 with value: 0.11172225326299667.
[I 2024-12-19 20:19:26,923] Trial 1270 finished with value: 1.144499659538269 and parameters: {'mlp_n_layers': 1, 'mlp_dim_00': 406, 'node_hidden_dim': 33, 'edge_hidden_dim': 55, 'depth': 2, 'rep_dropout': 0.041624934247249806, 'train_learning_rate': 0.0029473420055820647, 'train_lr_reduce': 0.6}. Best is trial 673 with value: 0.11172225326299667.
[I 2024-12-19 20:19:33,453] Trial 1271 finished with value: 1.1423083543777466 and parameters: {'mlp_n_layers': 2, 'mlp_dim_00': 77, 'mlp_dim_01': 457, 'node_hidden_dim': 123, 'edge_hidden_dim': 36, 'depth': 4, 'rep_dropout': 0.06918260893314031, 'train_learning_rate': 0.006876513138749099, 'train_lr_reduce': 0.6}. Best is trial 673 with value: 0.11172225326299667.
[I 2024-12-19 20:19:38,402] Trial 1267 finished with value: 0.1326122134923935 and parameters: {'mlp_n_layers': 2, 'mlp_dim_00': 376, 'mlp_dim_01': 401, 'node_hidden_dim': 43, 'edge_hidden_dim': 71, 'depth': 1, 'rep_dropout': 0.010815755530835804, 'train_learning_rate': 0.004523500730741297, 'train_lr_reduce': 0.6}. Best is trial 673 with value: 0.11172225326299667.
[I 2024-12-19 20:19:40,609] Trial 1272 finished with value: 1.1422775983810425 and parameters: {'mlp_n_layers': 2, 'mlp_dim_00': 257, 'mlp_dim_01': 342, 'node_hidden_dim': 56, 'edge_hidden_dim': 108, 'depth': 3, 'rep_dropout': 0.0029002477829795786, 'train_learning_rate': 0.00010797152226981468, 'train_lr_reduce': 0.6}. Best is trial 673 with value: 0.11172225326299667.
[I 2024-12-19 20:19:55,077] Trial 1268 finished with value: 0.13027127087116241 and parameters: {'mlp_n_layers': 2, 'mlp_dim_00': 395, 'mlp_dim_01': 362, 'node_hidden_dim': 37, 'edge_hidden_dim': 60, 'depth': 1, 'rep_dropout': 0.02023634285795338, 'train_learning_rate': 0.003745599917477374, 'train_lr_reduce': 0.6}. Best is trial 673 with value: 0.11172225326299667.
[I 2024-12-19 20:20:07,572] Trial 1274 finished with value: 0.24856509268283844 and parameters: {'mlp_n_layers': 2, 'mlp_dim_00': 483, 'mlp_dim_01': 64, 'node_hidden_dim': 33, 'edge_hidden_dim': 58, 'depth': 1, 'rep_dropout': 0.059436674178793114, 'train_learning_rate': 0.005851625068782359, 'train_lr_reduce': 0.6}. Best is trial 673 with value: 0.11172225326299667.
[I 2024-12-19 20:20:12,471] Trial 1276 finished with value: 1.1425719261169434 and parameters: {'mlp_n_layers': 2, 'mlp_dim_00': 479, 'mlp_dim_01': 472, 'node_hidden_dim': 35, 'edge_hidden_dim': 57, 'depth': 2, 'rep_dropout': 0.0389085465669521, 'train_learning_rate': 0.0035091205086347412, 'train_lr_reduce': 0.6}. Best is trial 673 with value: 0.11172225326299667.
[I 2024-12-19 20:20:18,332] Trial 1277 finished with value: 1.1515623331069946 and parameters: {'mlp_n_layers': 1, 'mlp_dim_00': 404, 'node_hidden_dim': 92, 'edge_hidden_dim': 32, 'depth': 2, 'rep_dropout': 0.14979481682246054, 'train_learning_rate': 0.0008849305073516657, 'train_lr_reduce': 0.6}. Best is trial 673 with value: 0.11172225326299667.
[I 2024-12-19 20:20:19,741] Trial 1273 finished with value: 0.20498687028884888 and parameters: {'mlp_n_layers': 1, 'mlp_dim_00': 430, 'node_hidden_dim': 32, 'edge_hidden_dim': 60, 'depth': 1, 'rep_dropout': 0.01445709967108156, 'train_learning_rate': 0.0032768108926660047, 'train_lr_reduce': 0.6}. Best is trial 673 with value: 0.11172225326299667.
[I 2024-12-19 20:20:24,486] Trial 1278 finished with value: 1.1422481536865234 and parameters: {'mlp_n_layers': 2, 'mlp_dim_00': 457, 'mlp_dim_01': 407, 'node_hidden_dim': 55, 'edge_hidden_dim': 99, 'depth': 4, 'rep_dropout': 0.04600697544595027, 'train_learning_rate': 0.0002811361887567426, 'train_lr_reduce': 0.6}. Best is trial 673 with value: 0.11172225326299667.
[I 2024-12-19 20:20:24,838] Trial 1279 finished with value: 1.142043113708496 and parameters: {'mlp_n_layers': 1, 'mlp_dim_00': 74, 'node_hidden_dim': 90, 'edge_hidden_dim': 77, 'depth': 1, 'rep_dropout': 0.05311408361377772, 'train_learning_rate': 0.0001365211678927113, 'train_lr_reduce': 0.6}. Best is trial 673 with value: 0.11172225326299667.
[I 2024-12-19 20:20:29,779] Trial 1280 finished with value: 1.1454272270202637 and parameters: {'mlp_n_layers': 1, 'mlp_dim_00': 95, 'node_hidden_dim': 32, 'edge_hidden_dim': 111, 'depth': 4, 'rep_dropout': 0.008567747661798658, 'train_learning_rate': 0.0007214351791216975, 'train_lr_reduce': 0.6}. Best is trial 673 with value: 0.11172225326299667.
[I 2024-12-19 20:20:30,339] Trial 1281 finished with value: 1.1489671468734741 and parameters: {'mlp_n_layers': 1, 'mlp_dim_00': 479, 'node_hidden_dim': 63, 'edge_hidden_dim': 66, 'depth': 2, 'rep_dropout': 0.045581142880340784, 'train_learning_rate': 0.0025280500575982825, 'train_lr_reduce': 0.6}. Best is trial 673 with value: 0.11172225326299667.
[I 2024-12-19 20:20:36,760] Trial 1275 finished with value: 0.14204542338848114 and parameters: {'mlp_n_layers': 1, 'mlp_dim_00': 405, 'node_hidden_dim': 34, 'edge_hidden_dim': 49, 'depth': 1, 'rep_dropout': 0.040145763815702236, 'train_learning_rate': 0.00419906514637563, 'train_lr_reduce': 0.6}. Best is trial 673 with value: 0.11172225326299667.
[I 2024-12-19 20:20:44,187] Trial 1284 finished with value: 1.1423014402389526 and parameters: {'mlp_n_layers': 4, 'mlp_dim_00': 265, 'mlp_dim_01': 473, 'mlp_dim_02': 223, 'mlp_dim_03': 442, 'node_hidden_dim': 89, 'edge_hidden_dim': 105, 'depth': 2, 'rep_dropout': 0.007605718149794299, 'train_learning_rate': 0.00023446902205640922, 'train_lr_reduce': 0.6}. Best is trial 673 with value: 0.11172225326299667.
[I 2024-12-19 20:21:04,303] Trial 1285 finished with value: 0.2237045168876648 and parameters: {'mlp_n_layers': 2, 'mlp_dim_00': 404, 'mlp_dim_01': 388, 'node_hidden_dim': 77, 'edge_hidden_dim': 67, 'depth': 1, 'rep_dropout': 0.004539087813851948, 'train_learning_rate': 0.002779679746496024, 'train_lr_reduce': 0.6}. Best is trial 673 with value: 0.11172225326299667.
[I 2024-12-19 20:21:09,710] Trial 1286 finished with value: 1.1428518295288086 and parameters: {'mlp_n_layers': 2, 'mlp_dim_00': 486, 'mlp_dim_01': 512, 'node_hidden_dim': 124, 'edge_hidden_dim': 104, 'depth': 1, 'rep_dropout': 0.05687178256805436, 'train_learning_rate': 0.0003520014537055841, 'train_lr_reduce': 0.6}. Best is trial 673 with value: 0.11172225326299667.
[I 2024-12-19 20:21:11,448] Trial 1283 finished with value: 0.1617998331785202 and parameters: {'mlp_n_layers': 1, 'mlp_dim_00': 361, 'node_hidden_dim': 51, 'edge_hidden_dim': 56, 'depth': 1, 'rep_dropout': 0.002633781326972638, 'train_learning_rate': 0.0029882489759992985, 'train_lr_reduce': 0.6}. Best is trial 673 with value: 0.11172225326299667.
[I 2024-12-19 20:21:12,101] Trial 1282 finished with value: 0.17818476259708405 and parameters: {'mlp_n_layers': 1, 'mlp_dim_00': 388, 'node_hidden_dim': 32, 'edge_hidden_dim': 38, 'depth': 1, 'rep_dropout': 0.005105218490770627, 'train_learning_rate': 0.005294644861006193, 'train_lr_reduce': 0.6}. Best is trial 673 with value: 0.11172225326299667.
[I 2024-12-19 20:21:17,220] Trial 1288 finished with value: 1.1505340337753296 and parameters: {'mlp_n_layers': 1, 'mlp_dim_00': 375, 'node_hidden_dim': 36, 'edge_hidden_dim': 68, 'depth': 2, 'rep_dropout': 0.0005483353156780979, 'train_learning_rate': 0.001391514111551205, 'train_lr_reduce': 0.6}. Best is trial 673 with value: 0.11172225326299667.
[I 2024-12-19 20:21:22,602] Trial 1290 finished with value: 1.1418535709381104 and parameters: {'mlp_n_layers': 1, 'mlp_dim_00': 390, 'node_hidden_dim': 32, 'edge_hidden_dim': 66, 'depth': 1, 'rep_dropout': 0.024051243907659114, 'train_learning_rate': 0.0021264865027699055, 'train_lr_reduce': 0.6}. Best is trial 673 with value: 0.11172225326299667.
[I 2024-12-19 20:21:27,574] Trial 1291 finished with value: 1.1438448429107666 and parameters: {'mlp_n_layers': 2, 'mlp_dim_00': 400, 'mlp_dim_01': 337, 'node_hidden_dim': 51, 'edge_hidden_dim': 73, 'depth': 1, 'rep_dropout': 0.03587078221536934, 'train_learning_rate': 0.001836964731106582, 'train_lr_reduce': 0.6}. Best is trial 673 with value: 0.11172225326299667.
[I 2024-12-19 20:21:39,977] Trial 1292 finished with value: 0.6301119327545166 and parameters: {'mlp_n_layers': 1, 'mlp_dim_00': 359, 'node_hidden_dim': 50, 'edge_hidden_dim': 49, 'depth': 2, 'rep_dropout': 0.02829217849191931, 'train_learning_rate': 0.006238823539957355, 'train_lr_reduce': 0.6}. Best is trial 673 with value: 0.11172225326299667.
[I 2024-12-19 20:21:53,785] Trial 1287 finished with value: 0.13817331194877625 and parameters: {'mlp_n_layers': 1, 'mlp_dim_00': 291, 'node_hidden_dim': 32, 'edge_hidden_dim': 62, 'depth': 1, 'rep_dropout': 0.04586536008915673, 'train_learning_rate': 0.0014711201699436625, 'train_lr_reduce': 0.6}. Best is trial 673 with value: 0.11172225326299667.
[I 2024-12-19 20:21:55,490] Trial 1289 finished with value: 0.12816226482391357 and parameters: {'mlp_n_layers': 2, 'mlp_dim_00': 466, 'mlp_dim_01': 422, 'node_hidden_dim': 32, 'edge_hidden_dim': 58, 'depth': 1, 'rep_dropout': 0.004357524166484217, 'train_learning_rate': 0.003201919088176532, 'train_lr_reduce': 0.6}. Best is trial 673 with value: 0.11172225326299667.
[I 2024-12-19 20:22:00,574] Trial 1295 finished with value: 1.1441166400909424 and parameters: {'mlp_n_layers': 2, 'mlp_dim_00': 506, 'mlp_dim_01': 427, 'node_hidden_dim': 39, 'edge_hidden_dim': 65, 'depth': 1, 'rep_dropout': 0.04370478784688211, 'train_learning_rate': 0.0011354745162696876, 'train_lr_reduce': 0.6}. Best is trial 673 with value: 0.11172225326299667.
[I 2024-12-19 20:22:06,747] Trial 1296 finished with value: 1.1437543630599976 and parameters: {'mlp_n_layers': 1, 'mlp_dim_00': 409, 'node_hidden_dim': 49, 'edge_hidden_dim': 49, 'depth': 2, 'rep_dropout': 0.016777968308630695, 'train_learning_rate': 0.0016000220408283108, 'train_lr_reduce': 0.6}. Best is trial 673 with value: 0.11172225326299667.
[I 2024-12-19 20:22:12,442] Trial 1293 finished with value: 0.19958385825157166 and parameters: {'mlp_n_layers': 1, 'mlp_dim_00': 503, 'node_hidden_dim': 50, 'edge_hidden_dim': 76, 'depth': 1, 'rep_dropout': 0.04304319345689797, 'train_learning_rate': 0.005624676472339301, 'train_lr_reduce': 0.6}. Best is trial 673 with value: 0.11172225326299667.
[I 2024-12-19 20:22:12,735] Trial 1297 finished with value: 1.1422860622406006 and parameters: {'mlp_n_layers': 4, 'mlp_dim_00': 246, 'mlp_dim_01': 468, 'mlp_dim_02': 467, 'mlp_dim_03': 375, 'node_hidden_dim': 110, 'edge_hidden_dim': 49, 'depth': 2, 'rep_dropout': 0.12799813969016968, 'train_learning_rate': 0.0010410515573865099, 'train_lr_reduce': 0.6}. Best is trial 673 with value: 0.11172225326299667.
[I 2024-12-19 20:22:36,783] Trial 1294 finished with value: 0.1420346349477768 and parameters: {'mlp_n_layers': 1, 'mlp_dim_00': 396, 'node_hidden_dim': 45, 'edge_hidden_dim': 48, 'depth': 1, 'rep_dropout': 0.04099618557539212, 'train_learning_rate': 0.0032114204327411506, 'train_lr_reduce': 0.6}. Best is trial 673 with value: 0.11172225326299667.
[I 2024-12-19 20:22:44,234] Trial 1299 finished with value: 0.2996779978275299 and parameters: {'mlp_n_layers': 1, 'mlp_dim_00': 411, 'node_hidden_dim': 34, 'edge_hidden_dim': 51, 'depth': 1, 'rep_dropout': 0.033508053156088145, 'train_learning_rate': 0.006949214312148016, 'train_lr_reduce': 0.6}. Best is trial 673 with value: 0.11172225326299667.
[I 2024-12-19 20:22:45,576] Trial 1298 finished with value: 0.1614471971988678 and parameters: {'mlp_n_layers': 1, 'mlp_dim_00': 423, 'node_hidden_dim': 60, 'edge_hidden_dim': 34, 'depth': 1, 'rep_dropout': 0.004985421931593868, 'train_learning_rate': 0.004309792844751686, 'train_lr_reduce': 0.6}. Best is trial 673 with value: 0.11172225326299667.
[I 2024-12-19 20:22:49,550] Trial 1301 finished with value: 1.1504688262939453 and parameters: {'mlp_n_layers': 1, 'mlp_dim_00': 285, 'node_hidden_dim': 35, 'edge_hidden_dim': 63, 'depth': 2, 'rep_dropout': 0.014945627308631776, 'train_learning_rate': 0.002293295377787506, 'train_lr_reduce': 0.6}. Best is trial 673 with value: 0.11172225326299667.
[I 2024-12-19 20:22:52,018] Trial 1302 finished with value: 1.1424692869186401 and parameters: {'mlp_n_layers': 1, 'mlp_dim_00': 492, 'node_hidden_dim': 34, 'edge_hidden_dim': 45, 'depth': 2, 'rep_dropout': 0.04259214358370119, 'train_learning_rate': 0.0050756134727994425, 'train_lr_reduce': 0.6}. Best is trial 673 with value: 0.11172225326299667.
[I 2024-12-19 20:22:55,881] Trial 1303 finished with value: 1.1428359746932983 and parameters: {'mlp_n_layers': 2, 'mlp_dim_00': 270, 'mlp_dim_01': 333, 'node_hidden_dim': 48, 'edge_hidden_dim': 57, 'depth': 1, 'rep_dropout': 0.04002603756828363, 'train_learning_rate': 0.0014657063019362564, 'train_lr_reduce': 0.6}. Best is trial 673 with value: 0.11172225326299667.
[I 2024-12-19 20:23:01,436] Trial 1305 finished with value: 1.1452631950378418 and parameters: {'mlp_n_layers': 2, 'mlp_dim_00': 397, 'mlp_dim_01': 429, 'node_hidden_dim': 56, 'edge_hidden_dim': 48, 'depth': 1, 'rep_dropout': 0.05392920192156085, 'train_learning_rate': 0.0018993345017915878, 'train_lr_reduce': 0.6}. Best is trial 673 with value: 0.11172225326299667.
[I 2024-12-19 20:23:15,804] Trial 1300 finished with value: 0.2128313183784485 and parameters: {'mlp_n_layers': 4, 'mlp_dim_00': 185, 'mlp_dim_01': 386, 'mlp_dim_02': 507, 'mlp_dim_03': 182, 'node_hidden_dim': 32, 'edge_hidden_dim': 76, 'depth': 1, 'rep_dropout': 0.09256335140685495, 'train_learning_rate': 0.004065749690794778, 'train_lr_reduce': 0.6}. Best is trial 673 with value: 0.11172225326299667.
[I 2024-12-19 20:23:22,102] Trial 1307 finished with value: 1.1436611413955688 and parameters: {'mlp_n_layers': 1, 'mlp_dim_00': 393, 'node_hidden_dim': 56, 'edge_hidden_dim': 68, 'depth': 2, 'rep_dropout': 0.01749993130399831, 'train_learning_rate': 0.00874044403007769, 'train_lr_reduce': 0.6}. Best is trial 673 with value: 0.11172225326299667.
[I 2024-12-19 20:23:38,162] Trial 1304 finished with value: 0.1308550238609314 and parameters: {'mlp_n_layers': 1, 'mlp_dim_00': 423, 'node_hidden_dim': 40, 'edge_hidden_dim': 64, 'depth': 1, 'rep_dropout': 0.0451645500166596, 'train_learning_rate': 0.0033995720716349215, 'train_lr_reduce': 0.6}. Best is trial 673 with value: 0.11172225326299667.
[I 2024-12-19 20:23:45,628] Trial 1309 finished with value: 1.1418746709823608 and parameters: {'mlp_n_layers': 4, 'mlp_dim_00': 405, 'mlp_dim_01': 480, 'mlp_dim_02': 160, 'mlp_dim_03': 456, 'node_hidden_dim': 128, 'edge_hidden_dim': 123, 'depth': 2, 'rep_dropout': 0.0030103278810912487, 'train_learning_rate': 0.0001896182199563313, 'train_lr_reduce': 0.6}. Best is trial 673 with value: 0.11172225326299667.
[I 2024-12-19 20:23:47,830] Trial 1306 finished with value: 0.34294694662094116 and parameters: {'mlp_n_layers': 2, 'mlp_dim_00': 409, 'mlp_dim_01': 469, 'node_hidden_dim': 34, 'edge_hidden_dim': 62, 'depth': 1, 'rep_dropout': 0.0009556142321979681, 'train_learning_rate': 0.00607705085089438, 'train_lr_reduce': 0.6}. Best is trial 673 with value: 0.11172225326299667.
[I 2024-12-19 20:23:51,426] Trial 1310 finished with value: 1.1473000049591064 and parameters: {'mlp_n_layers': 1, 'mlp_dim_00': 432, 'node_hidden_dim': 54, 'edge_hidden_dim': 56, 'depth': 1, 'rep_dropout': 0.011873480676930932, 'train_learning_rate': 0.0012268558952728877, 'train_lr_reduce': 0.6}. Best is trial 673 with value: 0.11172225326299667.
[I 2024-12-19 20:23:57,808] Trial 1312 finished with value: 1.1497008800506592 and parameters: {'mlp_n_layers': 4, 'mlp_dim_00': 96, 'mlp_dim_01': 511, 'mlp_dim_02': 332, 'mlp_dim_03': 298, 'node_hidden_dim': 51, 'edge_hidden_dim': 112, 'depth': 4, 'rep_dropout': 0.04077003538201892, 'train_learning_rate': 0.004260939328293747, 'train_lr_reduce': 0.6}. Best is trial 673 with value: 0.11172225326299667.
[I 2024-12-19 20:24:04,337] Trial 1313 finished with value: 1.149596095085144 and parameters: {'mlp_n_layers': 1, 'mlp_dim_00': 319, 'node_hidden_dim': 126, 'edge_hidden_dim': 88, 'depth': 3, 'rep_dropout': 0.015917006744967176, 'train_learning_rate': 0.0010921942299241256, 'train_lr_reduce': 0.6}. Best is trial 673 with value: 0.11172225326299667.
[I 2024-12-19 20:24:06,684] Trial 1308 finished with value: 0.12688159942626953 and parameters: {'mlp_n_layers': 2, 'mlp_dim_00': 466, 'mlp_dim_01': 379, 'node_hidden_dim': 69, 'edge_hidden_dim': 45, 'depth': 1, 'rep_dropout': 0.0108531415209632, 'train_learning_rate': 0.007905655085633132, 'train_lr_reduce': 0.6}. Best is trial 673 with value: 0.11172225326299667.
[I 2024-12-19 20:24:09,036] Trial 1314 finished with value: 1.1399952173233032 and parameters: {'mlp_n_layers': 1, 'mlp_dim_00': 351, 'node_hidden_dim': 39, 'edge_hidden_dim': 51, 'depth': 2, 'rep_dropout': 0.0018840697689067, 'train_learning_rate': 0.0036588674961697248, 'train_lr_reduce': 0.6}. Best is trial 673 with value: 0.11172225326299667.
[I 2024-12-19 20:24:12,229] Trial 1315 finished with value: 1.1438264846801758 and parameters: {'mlp_n_layers': 2, 'mlp_dim_00': 491, 'mlp_dim_01': 421, 'node_hidden_dim': 60, 'edge_hidden_dim': 39, 'depth': 2, 'rep_dropout': 3.9851640680327186e-05, 'train_learning_rate': 0.0018002340867450306, 'train_lr_reduce': 0.6}. Best is trial 673 with value: 0.11172225326299667.
[I 2024-12-19 20:24:13,758] Trial 1316 finished with value: 1.1423780918121338 and parameters: {'mlp_n_layers': 2, 'mlp_dim_00': 497, 'mlp_dim_01': 348, 'node_hidden_dim': 37, 'edge_hidden_dim': 53, 'depth': 1, 'rep_dropout': 0.04976109015192745, 'train_learning_rate': 0.0019521684467765355, 'train_lr_reduce': 0.6}. Best is trial 673 with value: 0.11172225326299667.
[I 2024-12-19 20:24:19,988] Trial 1318 finished with value: 1.1427619457244873 and parameters: {'mlp_n_layers': 4, 'mlp_dim_00': 65, 'mlp_dim_01': 395, 'mlp_dim_02': 245, 'mlp_dim_03': 225, 'node_hidden_dim': 93, 'edge_hidden_dim': 38, 'depth': 3, 'rep_dropout': 0.0041169341674661825, 'train_learning_rate': 0.004054516671340493, 'train_lr_reduce': 0.6}. Best is trial 673 with value: 0.11172225326299667.
[I 2024-12-19 20:24:30,703] Trial 1311 finished with value: 0.12592299282550812 and parameters: {'mlp_n_layers': 1, 'mlp_dim_00': 305, 'node_hidden_dim': 49, 'edge_hidden_dim': 98, 'depth': 1, 'rep_dropout': 0.016412468645344597, 'train_learning_rate': 0.007811134715652288, 'train_lr_reduce': 0.6}. Best is trial 673 with value: 0.11172225326299667.
[I 2024-12-19 20:24:57,624] Trial 1317 finished with value: 0.1244686171412468 and parameters: {'mlp_n_layers': 1, 'mlp_dim_00': 252, 'node_hidden_dim': 36, 'edge_hidden_dim': 49, 'depth': 1, 'rep_dropout': 0.04056171046165245, 'train_learning_rate': 0.0016856427073054033, 'train_lr_reduce': 0.6}. Best is trial 673 with value: 0.11172225326299667.
[I 2024-12-19 20:25:02,189] Trial 1319 finished with value: 0.14405085146427155 and parameters: {'mlp_n_layers': 2, 'mlp_dim_00': 340, 'mlp_dim_01': 138, 'node_hidden_dim': 49, 'edge_hidden_dim': 34, 'depth': 1, 'rep_dropout': 0.030152511202123165, 'train_learning_rate': 0.00379212264268754, 'train_lr_reduce': 0.6}. Best is trial 673 with value: 0.11172225326299667.
[I 2024-12-19 20:25:16,186] Trial 1320 finished with value: 0.2915057837963104 and parameters: {'mlp_n_layers': 2, 'mlp_dim_00': 427, 'mlp_dim_01': 453, 'node_hidden_dim': 60, 'edge_hidden_dim': 89, 'depth': 2, 'rep_dropout': 0.0008077216132131295, 'train_learning_rate': 0.004493638552996868, 'train_lr_reduce': 0.6}. Best is trial 673 with value: 0.11172225326299667.
[I 2024-12-19 20:25:41,427] Trial 1321 finished with value: 0.142724871635437 and parameters: {'mlp_n_layers': 2, 'mlp_dim_00': 420, 'mlp_dim_01': 429, 'node_hidden_dim': 33, 'edge_hidden_dim': 46, 'depth': 1, 'rep_dropout': 0.029083765990162914, 'train_learning_rate': 0.0031262695870043463, 'train_lr_reduce': 0.6}. Best is trial 673 with value: 0.11172225326299667.
[I 2024-12-19 20:25:43,146] Trial 1322 finished with value: 0.12540005147457123 and parameters: {'mlp_n_layers': 1, 'mlp_dim_00': 379, 'node_hidden_dim': 34, 'edge_hidden_dim': 44, 'depth': 1, 'rep_dropout': 0.03465694181276286, 'train_learning_rate': 0.007595963967438504, 'train_lr_reduce': 0.6}. Best is trial 673 with value: 0.11172225326299667.
[I 2024-12-19 20:25:59,961] Trial 1323 finished with value: 0.1441248059272766 and parameters: {'mlp_n_layers': 2, 'mlp_dim_00': 415, 'mlp_dim_01': 348, 'node_hidden_dim': 33, 'edge_hidden_dim': 42, 'depth': 1, 'rep_dropout': 0.0036051583520000305, 'train_learning_rate': 0.004492959910654915, 'train_lr_reduce': 0.6}. Best is trial 673 with value: 0.11172225326299667.
[I 2024-12-19 20:26:05,578] Trial 1326 finished with value: 1.1421581506729126 and parameters: {'mlp_n_layers': 1, 'mlp_dim_00': 497, 'node_hidden_dim': 44, 'edge_hidden_dim': 74, 'depth': 1, 'rep_dropout': 0.028073836701582918, 'train_learning_rate': 0.001727354099941787, 'train_lr_reduce': 0.6}. Best is trial 673 with value: 0.11172225326299667.
[I 2024-12-19 20:26:24,295] Trial 1325 finished with value: 0.1443951278924942 and parameters: {'mlp_n_layers': 1, 'mlp_dim_00': 505, 'node_hidden_dim': 45, 'edge_hidden_dim': 44, 'depth': 1, 'rep_dropout': 0.037347291227910605, 'train_learning_rate': 0.004959883211189365, 'train_lr_reduce': 0.6}. Best is trial 673 with value: 0.11172225326299667.
