[I 2024-12-04 18:03:12,974] Trial 1865 finished with value: 0.3072725379760386 and parameters: {'n_estimators': 906, 'max_depth': 6, 'learning_rate': 0.07488477321256877, 'subsample': 0.7689764822850669, 'colsample_bytree': 0.7195768948124424, 'min_child_weight': 2, 'gamma': 0.0007907167688527333, 'reg_alpha': 0.0001126911704550012, 'reg_lambda': 0.01352700186915717}. Best is trial 1319 with value: 0.30197738672869706.
[I 2024-12-04 18:03:14,404] Trial 1866 finished with value: 0.31030841468604314 and parameters: {'n_estimators': 907, 'max_depth': 6, 'learning_rate': 0.0750699543415199, 'subsample': 0.7685515207840737, 'colsample_bytree': 0.7181272181780214, 'min_child_weight': 2, 'gamma': 0.0008119677464968902, 'reg_alpha': 0.00012880527891424436, 'reg_lambda': 0.012644217622913111}. Best is trial 1319 with value: 0.30197738672869706.
[I 2024-12-04 18:03:16,037] Trial 1867 finished with value: 0.31361637660823033 and parameters: {'n_estimators': 911, 'max_depth': 6, 'learning_rate': 0.07508226019320703, 'subsample': 0.769464927327834, 'colsample_bytree': 0.7180227010794052, 'min_child_weight': 2, 'gamma': 0.000805727765181493, 'reg_alpha': 0.00012242151921901237, 'reg_lambda': 0.013176864932573128}. Best is trial 1319 with value: 0.30197738672869706.
[I 2024-12-04 18:03:17,495] Trial 1868 finished with value: 0.31407329971986253 and parameters: {'n_estimators': 904, 'max_depth': 6, 'learning_rate': 0.07532364451632827, 'subsample': 0.7696259474610302, 'colsample_bytree': 0.7194901666692649, 'min_child_weight': 2, 'gamma': 0.000805683771049426, 'reg_alpha': 0.00012791418737670584, 'reg_lambda': 0.013277016586749272}. Best is trial 1319 with value: 0.30197738672869706.
[I 2024-12-04 18:03:19,219] Trial 1869 finished with value: 0.31392899115571227 and parameters: {'n_estimators': 904, 'max_depth': 6, 'learning_rate': 0.07522918238467735, 'subsample': 0.7695209982257581, 'colsample_bytree': 0.7184429692786632, 'min_child_weight': 2, 'gamma': 0.0008009228718811532, 'reg_alpha': 0.00013133140634756827, 'reg_lambda': 0.012594513614339758}. Best is trial 1319 with value: 0.30197738672869706.
[I 2024-12-04 18:03:20,657] Trial 1870 finished with value: 0.310964657774498 and parameters: {'n_estimators': 903, 'max_depth': 6, 'learning_rate': 0.07485176234642103, 'subsample': 0.7696823226712667, 'colsample_bytree': 0.7195988711933144, 'min_child_weight': 2, 'gamma': 0.0007978234978441599, 'reg_alpha': 0.00011436496541948047, 'reg_lambda': 0.012918806576086126}. Best is trial 1319 with value: 0.30197738672869706.
[I 2024-12-04 18:03:22,143] Trial 1871 finished with value: 0.312861160669161 and parameters: {'n_estimators': 902, 'max_depth': 6, 'learning_rate': 0.07475999576730505, 'subsample': 0.7693747038368492, 'colsample_bytree': 0.7186695225828758, 'min_child_weight': 2, 'gamma': 0.0008149883486335768, 'reg_alpha': 0.0001155978185443722, 'reg_lambda': 0.012768361909284695}. Best is trial 1319 with value: 0.30197738672869706.
[I 2024-12-04 18:03:23,619] Trial 1872 finished with value: 0.31103602862362917 and parameters: {'n_estimators': 907, 'max_depth': 6, 'learning_rate': 0.07491360740714155, 'subsample': 0.7689611052392142, 'colsample_bytree': 0.7188228678839493, 'min_child_weight': 2, 'gamma': 0.0008039209172068259, 'reg_alpha': 0.00012066854244969607, 'reg_lambda': 0.013260234755705582}. Best is trial 1319 with value: 0.30197738672869706.
[I 2024-12-04 18:03:25,055] Trial 1873 finished with value: 0.3128219473484602 and parameters: {'n_estimators': 904, 'max_depth': 6, 'learning_rate': 0.07509120997061546, 'subsample': 0.7687785088015414, 'colsample_bytree': 0.7189972490891332, 'min_child_weight': 2, 'gamma': 0.0008171152053798876, 'reg_alpha': 0.0001235057613991841, 'reg_lambda': 0.013525789112840367}. Best is trial 1319 with value: 0.30197738672869706.
[I 2024-12-04 18:03:26,495] Trial 1874 finished with value: 0.31169921942410406 and parameters: {'n_estimators': 911, 'max_depth': 6, 'learning_rate': 0.0750408104730503, 'subsample': 0.7689168663637849, 'colsample_bytree': 0.7183351246315168, 'min_child_weight': 2, 'gamma': 0.0008073147198573457, 'reg_alpha': 0.00011783433727839907, 'reg_lambda': 0.013359483192612459}. Best is trial 1319 with value: 0.30197738672869706.
[I 2024-12-04 18:03:27,954] Trial 1875 finished with value: 0.31450124366654997 and parameters: {'n_estimators': 909, 'max_depth': 6, 'learning_rate': 0.07487386836511667, 'subsample': 0.7690164684707065, 'colsample_bytree': 0.7191350523918174, 'min_child_weight': 2, 'gamma': 0.0007664279308829643, 'reg_alpha': 0.00011507714056828715, 'reg_lambda': 0.012756470079742175}. Best is trial 1319 with value: 0.30197738672869706.
[I 2024-12-04 18:03:29,401] Trial 1876 finished with value: 0.3104073442845299 and parameters: {'n_estimators': 905, 'max_depth': 6, 'learning_rate': 0.07494682237658153, 'subsample': 0.7696064270230145, 'colsample_bytree': 0.7190243973182744, 'min_child_weight': 2, 'gamma': 0.0008101300250352595, 'reg_alpha': 0.00012101295182025335, 'reg_lambda': 0.013186896983103071}. Best is trial 1319 with value: 0.30197738672869706.
[I 2024-12-04 18:03:30,847] Trial 1877 finished with value: 0.314834931081829 and parameters: {'n_estimators': 906, 'max_depth': 6, 'learning_rate': 0.07457169924964939, 'subsample': 0.7695360060261336, 'colsample_bytree': 0.7193565955311242, 'min_child_weight': 2, 'gamma': 0.0007922852944338752, 'reg_alpha': 0.00011330189240174436, 'reg_lambda': 0.013046552602677546}. Best is trial 1319 with value: 0.30197738672869706.
[I 2024-12-04 18:03:32,288] Trial 1878 finished with value: 0.31684889196294097 and parameters: {'n_estimators': 908, 'max_depth': 6, 'learning_rate': 0.07460824646387304, 'subsample': 0.7695047339657706, 'colsample_bytree': 0.7183297109726375, 'min_child_weight': 2, 'gamma': 0.0007936144628792573, 'reg_alpha': 0.00011539937821975636, 'reg_lambda': 0.012783887121981303}. Best is trial 1319 with value: 0.30197738672869706.
[I 2024-12-04 18:03:33,853] Trial 1879 finished with value: 0.3122509471625615 and parameters: {'n_estimators': 905, 'max_depth': 6, 'learning_rate': 0.0747734783217774, 'subsample': 0.7695103740011263, 'colsample_bytree': 0.7191926080168436, 'min_child_weight': 2, 'gamma': 0.0008027591935316772, 'reg_alpha': 0.00011887202973252349, 'reg_lambda': 0.01275257358708529}. Best is trial 1319 with value: 0.30197738672869706.
[I 2024-12-04 18:03:35,430] Trial 1880 finished with value: 0.3095188313011088 and parameters: {'n_estimators': 907, 'max_depth': 6, 'learning_rate': 0.07458434915404699, 'subsample': 0.7698265374044727, 'colsample_bytree': 0.7187073814422464, 'min_child_weight': 2, 'gamma': 0.0007810344459764059, 'reg_alpha': 0.00011039285015260712, 'reg_lambda': 0.012329872962772494}. Best is trial 1319 with value: 0.30197738672869706.
[I 2024-12-04 18:03:36,871] Trial 1881 finished with value: 0.3118373737766244 and parameters: {'n_estimators': 906, 'max_depth': 6, 'learning_rate': 0.07479485738571214, 'subsample': 0.7697997300726993, 'colsample_bytree': 0.7191665830515164, 'min_child_weight': 2, 'gamma': 0.0007889923433542032, 'reg_alpha': 0.0001125109257863774, 'reg_lambda': 0.013542086684230282}. Best is trial 1319 with value: 0.30197738672869706.
[I 2024-12-04 18:03:38,317] Trial 1882 finished with value: 0.30982017430584163 and parameters: {'n_estimators': 905, 'max_depth': 6, 'learning_rate': 0.07462294254606518, 'subsample': 0.7698009387616648, 'colsample_bytree': 0.7194168825653483, 'min_child_weight': 2, 'gamma': 0.0007740042923418468, 'reg_alpha': 0.00010864061775005714, 'reg_lambda': 0.012364621437221283}. Best is trial 1319 with value: 0.30197738672869706.
[I 2024-12-04 18:03:39,759] Trial 1883 finished with value: 0.309967427093324 and parameters: {'n_estimators': 907, 'max_depth': 6, 'learning_rate': 0.07501270902148197, 'subsample': 0.7691198976305247, 'colsample_bytree': 0.7193098246092257, 'min_child_weight': 2, 'gamma': 0.0007915087843814593, 'reg_alpha': 0.00012155573287974334, 'reg_lambda': 0.013382693361704555}. Best is trial 1319 with value: 0.30197738672869706.
[I 2024-12-04 18:03:41,207] Trial 1884 finished with value: 0.3135011035681325 and parameters: {'n_estimators': 899, 'max_depth': 6, 'learning_rate': 0.07506362156293576, 'subsample': 0.7697500595931399, 'colsample_bytree': 0.719516959412692, 'min_child_weight': 2, 'gamma': 0.0008411852347339936, 'reg_alpha': 0.00012565329687820665, 'reg_lambda': 0.01356133703652673}. Best is trial 1319 with value: 0.30197738672869706.
[I 2024-12-04 18:03:42,666] Trial 1885 finished with value: 0.3136498134725773 and parameters: {'n_estimators': 904, 'max_depth': 6, 'learning_rate': 0.07545214778031077, 'subsample': 0.7689681372389361, 'colsample_bytree': 0.7199294283537075, 'min_child_weight': 2, 'gamma': 0.0007877132914404135, 'reg_alpha': 0.00012154489701528737, 'reg_lambda': 0.014275595404687603}. Best is trial 1319 with value: 0.30197738672869706.
[I 2024-12-04 18:03:44,108] Trial 1886 finished with value: 0.31319882594132653 and parameters: {'n_estimators': 906, 'max_depth': 6, 'learning_rate': 0.07464210731524888, 'subsample': 0.7698201271304064, 'colsample_bytree': 0.7188339333715473, 'min_child_weight': 2, 'gamma': 0.0007868766626430351, 'reg_alpha': 0.0001147307321950171, 'reg_lambda': 0.012613381727106925}. Best is trial 1319 with value: 0.30197738672869706.
[I 2024-12-04 18:03:45,616] Trial 1887 finished with value: 0.3122402666310841 and parameters: {'n_estimators': 908, 'max_depth': 6, 'learning_rate': 0.0748665193790038, 'subsample': 0.7691987021898287, 'colsample_bytree': 0.719641834658485, 'min_child_weight': 2, 'gamma': 0.0007542847834042382, 'reg_alpha': 0.00011249649572599686, 'reg_lambda': 0.013338618687784926}. Best is trial 1319 with value: 0.30197738672869706.
[I 2024-12-04 18:03:47,073] Trial 1888 finished with value: 0.3150759087341934 and parameters: {'n_estimators': 906, 'max_depth': 6, 'learning_rate': 0.07518926783509225, 'subsample': 0.7691746713732619, 'colsample_bytree': 0.7194266002279115, 'min_child_weight': 2, 'gamma': 0.0007820488303155952, 'reg_alpha': 0.00012189321751957987, 'reg_lambda': 0.013505340017316384}. Best is trial 1319 with value: 0.30197738672869706.
[I 2024-12-04 18:03:48,623] Trial 1889 finished with value: 0.3173310846420046 and parameters: {'n_estimators': 907, 'max_depth': 6, 'learning_rate': 0.07501484439264063, 'subsample': 0.7697123421125129, 'colsample_bytree': 0.7195695874005807, 'min_child_weight': 2, 'gamma': 0.0007609696273802874, 'reg_alpha': 0.0001119942945357708, 'reg_lambda': 0.013225040341881322}. Best is trial 1319 with value: 0.30197738672869706.
[I 2024-12-04 18:03:50,078] Trial 1890 finished with value: 0.31312851095890404 and parameters: {'n_estimators': 907, 'max_depth': 6, 'learning_rate': 0.07501220795062509, 'subsample': 0.7690757441658828, 'colsample_bytree': 0.7190840116033406, 'min_child_weight': 2, 'gamma': 0.0007887364720139004, 'reg_alpha': 0.00011701544269035631, 'reg_lambda': 0.01301242330608168}. Best is trial 1319 with value: 0.30197738672869706.
[I 2024-12-04 18:03:51,631] Trial 1891 finished with value: 0.31298955625510694 and parameters: {'n_estimators': 907, 'max_depth': 6, 'learning_rate': 0.07463480144895362, 'subsample': 0.7692515134324487, 'colsample_bytree': 0.7200427103617006, 'min_child_weight': 2, 'gamma': 0.0007427511435542842, 'reg_alpha': 9.887944593571153e-05, 'reg_lambda': 0.013103451560615308}. Best is trial 1319 with value: 0.30197738672869706.
[I 2024-12-04 18:03:53,073] Trial 1892 finished with value: 0.3153220527432503 and parameters: {'n_estimators': 902, 'max_depth': 6, 'learning_rate': 0.07485733845044631, 'subsample': 0.769719250596091, 'colsample_bytree': 0.7185271572686022, 'min_child_weight': 2, 'gamma': 0.0008216961651319745, 'reg_alpha': 0.00012306233680135965, 'reg_lambda': 0.012278155468868955}. Best is trial 1319 with value: 0.30197738672869706.
[I 2024-12-04 18:03:54,732] Trial 1893 finished with value: 0.3130774336081914 and parameters: {'n_estimators': 906, 'max_depth': 6, 'learning_rate': 0.07434884037315007, 'subsample': 0.7697556756151189, 'colsample_bytree': 0.7197552073072491, 'min_child_weight': 2, 'gamma': 0.0007591506830693534, 'reg_alpha': 0.0001053524855458891, 'reg_lambda': 0.012199110314372172}. Best is trial 1319 with value: 0.30197738672869706.
[I 2024-12-04 18:03:56,278] Trial 1894 finished with value: 0.3108581512027308 and parameters: {'n_estimators': 904, 'max_depth': 6, 'learning_rate': 0.07517114296528521, 'subsample': 0.7692721644917446, 'colsample_bytree': 0.7195762088280242, 'min_child_weight': 2, 'gamma': 0.0008066803550148903, 'reg_alpha': 0.00012118343493329322, 'reg_lambda': 0.013332157884042893}. Best is trial 1319 with value: 0.30197738672869706.
[I 2024-12-04 18:03:57,912] Trial 1895 finished with value: 0.31621182145993665 and parameters: {'n_estimators': 909, 'max_depth': 6, 'learning_rate': 0.07472281623553051, 'subsample': 0.7693817166429373, 'colsample_bytree': 0.7180122673161438, 'min_child_weight': 2, 'gamma': 0.0007924118847767821, 'reg_alpha': 0.00011746715548903406, 'reg_lambda': 0.012478367272493648}. Best is trial 1319 with value: 0.30197738672869706.
[I 2024-12-04 18:03:59,410] Trial 1896 finished with value: 0.31435881656554854 and parameters: {'n_estimators': 911, 'max_depth': 6, 'learning_rate': 0.07457307943258987, 'subsample': 0.768899035539387, 'colsample_bytree': 0.7185745957740538, 'min_child_weight': 2, 'gamma': 0.0007405604821294208, 'reg_alpha': 0.00011226492936734767, 'reg_lambda': 0.011905684125135893}. Best is trial 1319 with value: 0.30197738672869706.
[I 2024-12-04 18:04:00,867] Trial 1897 finished with value: 0.3140511293390944 and parameters: {'n_estimators': 907, 'max_depth': 6, 'learning_rate': 0.07429524021254127, 'subsample': 0.7701723324858535, 'colsample_bytree': 0.7188295840116388, 'min_child_weight': 2, 'gamma': 0.0007976855641148144, 'reg_alpha': 0.00011574918986187722, 'reg_lambda': 0.012478033896321319}. Best is trial 1319 with value: 0.30197738672869706.
[I 2024-12-04 18:04:02,353] Trial 1898 finished with value: 0.3101603896911759 and parameters: {'n_estimators': 905, 'max_depth': 6, 'learning_rate': 0.07455234927241673, 'subsample': 0.769052508162106, 'colsample_bytree': 0.7184824728621385, 'min_child_weight': 2, 'gamma': 0.0007409257749599583, 'reg_alpha': 0.00010691469270083376, 'reg_lambda': 0.013415634552046172}. Best is trial 1319 with value: 0.30197738672869706.
[I 2024-12-04 18:04:03,888] Trial 1899 finished with value: 0.3138384828342057 and parameters: {'n_estimators': 903, 'max_depth': 6, 'learning_rate': 0.07467467273819606, 'subsample': 0.7691120314776552, 'colsample_bytree': 0.7191236386703017, 'min_child_weight': 2, 'gamma': 0.0007912897664674989, 'reg_alpha': 0.00012028623708548469, 'reg_lambda': 0.01286145540683311}. Best is trial 1319 with value: 0.30197738672869706.
[I 2024-12-04 18:04:05,349] Trial 1900 finished with value: 0.30973417229818206 and parameters: {'n_estimators': 904, 'max_depth': 6, 'learning_rate': 0.07472270393501054, 'subsample': 0.7696509997214466, 'colsample_bytree': 0.7197001979452465, 'min_child_weight': 2, 'gamma': 0.0007511270262669476, 'reg_alpha': 0.00011269159868087111, 'reg_lambda': 0.012991080282667456}. Best is trial 1319 with value: 0.30197738672869706.
[I 2024-12-04 18:04:06,820] Trial 1901 finished with value: 0.3142368900946066 and parameters: {'n_estimators': 907, 'max_depth': 6, 'learning_rate': 0.07498260172618872, 'subsample': 0.7691730091047801, 'colsample_bytree': 0.7184688934096074, 'min_child_weight': 2, 'gamma': 0.0007389899874158877, 'reg_alpha': 9.96748257867429e-05, 'reg_lambda': 0.013839064708990096}. Best is trial 1319 with value: 0.30197738672869706.
[I 2024-12-04 18:04:08,438] Trial 1902 finished with value: 0.30905399683488294 and parameters: {'n_estimators': 910, 'max_depth': 6, 'learning_rate': 0.07421399784404023, 'subsample': 0.7691894930682336, 'colsample_bytree': 0.7187603205231814, 'min_child_weight': 2, 'gamma': 0.0007246298481163256, 'reg_alpha': 0.00010188130420421402, 'reg_lambda': 0.012238654432013754}. Best is trial 1319 with value: 0.30197738672869706.
[I 2024-12-04 18:04:09,909] Trial 1903 finished with value: 0.3100462653467989 and parameters: {'n_estimators': 907, 'max_depth': 6, 'learning_rate': 0.07519900320480254, 'subsample': 0.7686745404602089, 'colsample_bytree': 0.7188662081901628, 'min_child_weight': 2, 'gamma': 0.0007995153262963086, 'reg_alpha': 0.00011978842064437059, 'reg_lambda': 0.013139190730099613}. Best is trial 1319 with value: 0.30197738672869706.
[I 2024-12-04 18:04:11,363] Trial 1904 finished with value: 0.3147491946209101 and parameters: {'n_estimators': 904, 'max_depth': 6, 'learning_rate': 0.07506457067348868, 'subsample': 0.7691088351896582, 'colsample_bytree': 0.7195503118549823, 'min_child_weight': 2, 'gamma': 0.000848004473252997, 'reg_alpha': 0.00011997667335630486, 'reg_lambda': 0.013547725265010656}. Best is trial 1319 with value: 0.30197738672869706.
[I 2024-12-04 18:04:13,044] Trial 1905 finished with value: 0.3131366900625567 and parameters: {'n_estimators': 903, 'max_depth': 6, 'learning_rate': 0.074459445109556, 'subsample': 0.7684951844089032, 'colsample_bytree': 0.7181705978677482, 'min_child_weight': 2, 'gamma': 0.0007469455023941757, 'reg_alpha': 0.00010895544048091043, 'reg_lambda': 0.013076071309839055}. Best is trial 1319 with value: 0.30197738672869706.
[I 2024-12-04 18:04:14,530] Trial 1906 finished with value: 0.3135290177532275 and parameters: {'n_estimators': 906, 'max_depth': 6, 'learning_rate': 0.07428837894608012, 'subsample': 0.7698918184031013, 'colsample_bytree': 0.7188960477509316, 'min_child_weight': 2, 'gamma': 0.0007583318429351654, 'reg_alpha': 0.000111130890748542, 'reg_lambda': 0.012716877607357575}. Best is trial 1319 with value: 0.30197738672869706.
[I 2024-12-04 18:04:16,004] Trial 1907 finished with value: 0.30795890576423746 and parameters: {'n_estimators': 912, 'max_depth': 6, 'learning_rate': 0.07459768568241047, 'subsample': 0.7687831276771804, 'colsample_bytree': 0.718119676113955, 'min_child_weight': 2, 'gamma': 0.0007304866819829987, 'reg_alpha': 0.00010677548279451217, 'reg_lambda': 0.012740645535629293}. Best is trial 1319 with value: 0.30197738672869706.
[I 2024-12-04 18:04:17,479] Trial 1908 finished with value: 0.31239422157096897 and parameters: {'n_estimators': 908, 'max_depth': 6, 'learning_rate': 0.07500269279342073, 'subsample': 0.7691764060539072, 'colsample_bytree': 0.7188946658460619, 'min_child_weight': 2, 'gamma': 0.0007468139830346704, 'reg_alpha': 0.0001149774363800407, 'reg_lambda': 0.01343463213123003}. Best is trial 1319 with value: 0.30197738672869706.
[I 2024-12-04 18:04:19,076] Trial 1909 finished with value: 0.30965595067183005 and parameters: {'n_estimators': 915, 'max_depth': 6, 'learning_rate': 0.07424482708581202, 'subsample': 0.7689798484480637, 'colsample_bytree': 0.718372409917605, 'min_child_weight': 2, 'gamma': 0.0007107548622630957, 'reg_alpha': 0.00010017821499302629, 'reg_lambda': 0.011827404636458266}. Best is trial 1319 with value: 0.30197738672869706.
[I 2024-12-04 18:04:20,544] Trial 1910 finished with value: 0.31501305861826134 and parameters: {'n_estimators': 914, 'max_depth': 6, 'learning_rate': 0.0745651572356578, 'subsample': 0.7684075959790528, 'colsample_bytree': 0.7180956435065652, 'min_child_weight': 2, 'gamma': 0.0007021924331766297, 'reg_alpha': 0.00010219024858189309, 'reg_lambda': 0.012527607185277649}. Best is trial 1319 with value: 0.30197738672869706.
[I 2024-12-04 18:04:22,006] Trial 1911 finished with value: 0.3195037228198135 and parameters: {'n_estimators': 909, 'max_depth': 6, 'learning_rate': 0.07448853794727996, 'subsample': 0.7686664363932494, 'colsample_bytree': 0.7197285763383169, 'min_child_weight': 2, 'gamma': 0.0007250703502110148, 'reg_alpha': 0.00010238630026271337, 'reg_lambda': 0.012739333496814798}. Best is trial 1319 with value: 0.30197738672869706.
[I 2024-12-04 18:04:23,509] Trial 1912 finished with value: 0.3115210437707728 and parameters: {'n_estimators': 913, 'max_depth': 6, 'learning_rate': 0.0748072293457744, 'subsample': 0.7679243674931658, 'colsample_bytree': 0.7181666159122604, 'min_child_weight': 2, 'gamma': 0.000721148926414668, 'reg_alpha': 0.00010099117271208434, 'reg_lambda': 0.012950275132596207}. Best is trial 1319 with value: 0.30197738672869706.
[I 2024-12-04 18:04:24,961] Trial 1913 finished with value: 0.3175885517968846 and parameters: {'n_estimators': 914, 'max_depth': 6, 'learning_rate': 0.07462394625470825, 'subsample': 0.7684414306716439, 'colsample_bytree': 0.7185855449015769, 'min_child_weight': 2, 'gamma': 0.0007233798178615246, 'reg_alpha': 0.0001081433658242254, 'reg_lambda': 0.01271741482850213}. Best is trial 1319 with value: 0.30197738672869706.
[I 2024-12-04 18:04:26,365] Trial 1914 finished with value: 0.3136465004774532 and parameters: {'n_estimators': 905, 'max_depth': 6, 'learning_rate': 0.07397795420769947, 'subsample': 0.7692798074134448, 'colsample_bytree': 0.7188274343169312, 'min_child_weight': 2, 'gamma': 0.0007127007313084955, 'reg_alpha': 9.865586694074223e-05, 'reg_lambda': 0.012310695165127854}. Best is trial 1319 with value: 0.30197738672869706.
[I 2024-12-04 18:04:27,780] Trial 1915 finished with value: 0.3117728426746917 and parameters: {'n_estimators': 913, 'max_depth': 6, 'learning_rate': 0.07464628822917004, 'subsample': 0.7690604552149057, 'colsample_bytree': 0.7184454501230952, 'min_child_weight': 2, 'gamma': 0.0007307411142490618, 'reg_alpha': 0.00011050071251169994, 'reg_lambda': 0.012520257849267373}. Best is trial 1319 with value: 0.30197738672869706.
