[I 2024-12-26 00:56:07,092] Trial 1374 finished with value: 0.10719025135040283 and parameters: {'L1_hidden_dim': 96, 'L1_layers_atom': 3, 'L1_layers_mol': 3, 'L1_dropout': 0.25605470385781604, 'L1_out_dim': 48, 'L2_hidden_dim': 192, 'L2_layers_atom': 4, 'L2_layers_mol': 4, 'L2_out_dim': 64, 'L2_dropout': 0.06533342705815814, 'L3_hidden_dim': 96, 'L3_layers_atom': 4, 'L3_layers_mol': 1, 'L3_out_dim': 48, 'L3_dropout': 0.196634001989626, 'n_mlp_layers': 1, 'mlp_dim_0': 200, 'num_heads': 1, 'final_dropout': 0.007748871063573873, 'train_learning_rate': 0.0021944856863347468, 'train_lr_reduce': 0.6}. Best is trial 1286 with value: 0.03935658559203148.
[I 2024-12-26 00:56:08,583] Trial 1376 finished with value: 0.07842361181974411 and parameters: {'L1_hidden_dim': 64, 'L1_layers_atom': 4, 'L1_layers_mol': 3, 'L1_dropout': 0.24150932093279578, 'L1_out_dim': 64, 'L2_hidden_dim': 176, 'L2_layers_atom': 3, 'L2_layers_mol': 1, 'L2_out_dim': 80, 'L2_dropout': 0.08517101674088909, 'L3_hidden_dim': 112, 'L3_layers_atom': 4, 'L3_layers_mol': 2, 'L3_out_dim': 64, 'L3_dropout': 0.2479960402664788, 'n_mlp_layers': 3, 'mlp_dim_0': 232, 'mlp_dim_1': 320, 'mlp_dim_2': 112, 'num_heads': 1, 'final_dropout': 0.09608809803508178, 'train_learning_rate': 0.0010909342643098086, 'train_lr_reduce': 0.6}. Best is trial 1286 with value: 0.03935658559203148.
[I 2024-12-26 00:56:18,196] Trial 1377 finished with value: 1.1641627550125122 and parameters: {'L1_hidden_dim': 96, 'L1_layers_atom': 4, 'L1_layers_mol': 3, 'L1_dropout': 0.06261689330932799, 'L1_out_dim': 48, 'L2_hidden_dim': 144, 'L2_layers_atom': 4, 'L2_layers_mol': 4, 'L2_out_dim': 80, 'L2_dropout': 0.05083461366338161, 'L3_hidden_dim': 80, 'L3_layers_atom': 4, 'L3_layers_mol': 1, 'L3_out_dim': 80, 'L3_dropout': 0.29023617335947294, 'n_mlp_layers': 3, 'mlp_dim_0': 40, 'mlp_dim_1': 480, 'mlp_dim_2': 112, 'num_heads': 1, 'final_dropout': 0.006968171316500401, 'train_learning_rate': 0.0006635109426235313, 'train_lr_reduce': 0.6}. Best is trial 1286 with value: 0.03935658559203148.
[I 2024-12-26 00:57:16,997] Trial 1378 finished with value: 0.07696554064750671 and parameters: {'L1_hidden_dim': 112, 'L1_layers_atom': 4, 'L1_layers_mol': 4, 'L1_dropout': 0.29545104355669455, 'L1_out_dim': 112, 'L2_hidden_dim': 160, 'L2_layers_atom': 1, 'L2_layers_mol': 2, 'L2_out_dim': 128, 'L2_dropout': 0.09956499954007747, 'L3_hidden_dim': 128, 'L3_layers_atom': 2, 'L3_layers_mol': 1, 'L3_out_dim': 80, 'L3_dropout': 0.28842946231188543, 'n_mlp_layers': 2, 'mlp_dim_0': 64, 'mlp_dim_1': 376, 'num_heads': 2, 'final_dropout': 0.14881937833218448, 'train_learning_rate': 0.0015812809967359117, 'train_lr_reduce': 0.6}. Best is trial 1286 with value: 0.03935658559203148.
[I 2024-12-26 00:57:36,007] Trial 1381 finished with value: 1.1163824796676636 and parameters: {'L1_hidden_dim': 64, 'L1_layers_atom': 4, 'L1_layers_mol': 4, 'L1_dropout': 0.10159264695200504, 'L1_out_dim': 64, 'L2_hidden_dim': 160, 'L2_layers_atom': 4, 'L2_layers_mol': 4, 'L2_out_dim': 48, 'L2_dropout': 0.054754233165930546, 'L3_hidden_dim': 128, 'L3_layers_atom': 4, 'L3_layers_mol': 1, 'L3_out_dim': 48, 'L3_dropout': 0.23977792880213245, 'n_mlp_layers': 1, 'mlp_dim_0': 88, 'num_heads': 1, 'final_dropout': 0.08546411612450837, 'train_learning_rate': 0.0012588356013263434, 'train_lr_reduce': 0.6}. Best is trial 1286 with value: 0.03935658559203148.
[I 2024-12-26 00:57:50,296] Trial 1379 finished with value: 0.07078471034765244 and parameters: {'L1_hidden_dim': 80, 'L1_layers_atom': 2, 'L1_layers_mol': 3, 'L1_dropout': 0.26157612548570147, 'L1_out_dim': 96, 'L2_hidden_dim': 192, 'L2_layers_atom': 2, 'L2_layers_mol': 1, 'L2_out_dim': 128, 'L2_dropout': 0.04678402288623188, 'L3_hidden_dim': 48, 'L3_layers_atom': 3, 'L3_layers_mol': 4, 'L3_out_dim': 80, 'L3_dropout': 0.2793100947718246, 'n_mlp_layers': 1, 'mlp_dim_0': 240, 'num_heads': 1, 'final_dropout': 0.01308534311782679, 'train_learning_rate': 0.00022898019571189913, 'train_lr_reduce': 0.6}. Best is trial 1286 with value: 0.03935658559203148.
[I 2024-12-26 00:58:12,508] Trial 1380 finished with value: 0.06999059021472931 and parameters: {'L1_hidden_dim': 64, 'L1_layers_atom': 4, 'L1_layers_mol': 2, 'L1_dropout': 0.28035190576923225, 'L1_out_dim': 64, 'L2_hidden_dim': 80, 'L2_layers_atom': 2, 'L2_layers_mol': 1, 'L2_out_dim': 112, 'L2_dropout': 0.11955312434611622, 'L3_hidden_dim': 112, 'L3_layers_atom': 4, 'L3_layers_mol': 2, 'L3_out_dim': 48, 'L3_dropout': 0.2338722927377951, 'n_mlp_layers': 3, 'mlp_dim_0': 120, 'mlp_dim_1': 240, 'mlp_dim_2': 80, 'num_heads': 1, 'final_dropout': 0.08028934531019197, 'train_learning_rate': 0.0005603806409645533, 'train_lr_reduce': 0.6}. Best is trial 1286 with value: 0.03935658559203148.
[I 2024-12-26 00:59:16,089] Trial 1382 finished with value: 0.1306733340024948 and parameters: {'L1_hidden_dim': 64, 'L1_layers_atom': 4, 'L1_layers_mol': 4, 'L1_dropout': 0.2709170805696331, 'L1_out_dim': 112, 'L2_hidden_dim': 192, 'L2_layers_atom': 1, 'L2_layers_mol': 1, 'L2_out_dim': 128, 'L2_dropout': 0.06033837878117078, 'L3_hidden_dim': 112, 'L3_layers_atom': 4, 'L3_layers_mol': 2, 'L3_out_dim': 80, 'L3_dropout': 0.15742299639074572, 'n_mlp_layers': 2, 'mlp_dim_0': 344, 'mlp_dim_1': 328, 'num_heads': 2, 'final_dropout': 0.1984970611978253, 'train_learning_rate': 0.008048910017678546, 'train_lr_reduce': 0.6}. Best is trial 1286 with value: 0.03935658559203148.
[I 2024-12-26 00:59:24,932] Trial 1384 finished with value: 0.07664217054843903 and parameters: {'L1_hidden_dim': 112, 'L1_layers_atom': 2, 'L1_layers_mol': 3, 'L1_dropout': 0.1910776773775129, 'L1_out_dim': 128, 'L2_hidden_dim': 160, 'L2_layers_atom': 1, 'L2_layers_mol': 4, 'L2_out_dim': 112, 'L2_dropout': 0.049777702064878256, 'L3_hidden_dim': 80, 'L3_layers_atom': 3, 'L3_layers_mol': 2, 'L3_out_dim': 112, 'L3_dropout': 0.24332711378952318, 'n_mlp_layers': 3, 'mlp_dim_0': 128, 'mlp_dim_1': 280, 'mlp_dim_2': 72, 'num_heads': 1, 'final_dropout': 0.10721673890411845, 'train_learning_rate': 0.0019234428926549311, 'train_lr_reduce': 0.6}. Best is trial 1286 with value: 0.03935658559203148.
[I 2024-12-26 00:59:36,066] Trial 1383 finished with value: 0.12848173081874847 and parameters: {'L1_hidden_dim': 80, 'L1_layers_atom': 4, 'L1_layers_mol': 4, 'L1_dropout': 0.0838380469507709, 'L1_out_dim': 32, 'L2_hidden_dim': 176, 'L2_layers_atom': 2, 'L2_layers_mol': 4, 'L2_out_dim': 64, 'L2_dropout': 0.09112882093937885, 'L3_hidden_dim': 96, 'L3_layers_atom': 4, 'L3_layers_mol': 1, 'L3_out_dim': 48, 'L3_dropout': 0.29620318809076135, 'n_mlp_layers': 1, 'mlp_dim_0': 136, 'num_heads': 1, 'final_dropout': 0.017905775024603512, 'train_learning_rate': 0.0009583827564734535, 'train_lr_reduce': 0.6}. Best is trial 1286 with value: 0.03935658559203148.
[I 2024-12-26 01:00:14,974] Trial 1385 finished with value: 0.08956636488437653 and parameters: {'L1_hidden_dim': 64, 'L1_layers_atom': 2, 'L1_layers_mol': 2, 'L1_dropout': 0.21144515160429203, 'L1_out_dim': 112, 'L2_hidden_dim': 240, 'L2_layers_atom': 1, 'L2_layers_mol': 4, 'L2_out_dim': 128, 'L2_dropout': 0.12323765065556015, 'L3_hidden_dim': 80, 'L3_layers_atom': 4, 'L3_layers_mol': 2, 'L3_out_dim': 64, 'L3_dropout': 0.2492205765208041, 'n_mlp_layers': 3, 'mlp_dim_0': 48, 'mlp_dim_1': 392, 'mlp_dim_2': 32, 'num_heads': 1, 'final_dropout': 0.05938178511333952, 'train_learning_rate': 0.0014705610553640283, 'train_lr_reduce': 0.6}. Best is trial 1286 with value: 0.03935658559203148.
[I 2024-12-26 01:00:47,730] Trial 1386 finished with value: 0.07409264892339706 and parameters: {'L1_hidden_dim': 64, 'L1_layers_atom': 2, 'L1_layers_mol': 2, 'L1_dropout': 0.22392094496763434, 'L1_out_dim': 128, 'L2_hidden_dim': 144, 'L2_layers_atom': 2, 'L2_layers_mol': 1, 'L2_out_dim': 64, 'L2_dropout': 0.06661339674914099, 'L3_hidden_dim': 48, 'L3_layers_atom': 3, 'L3_layers_mol': 1, 'L3_out_dim': 128, 'L3_dropout': 0.22789258983821514, 'n_mlp_layers': 2, 'mlp_dim_0': 136, 'mlp_dim_1': 480, 'num_heads': 2, 'final_dropout': 0.03500731333822906, 'train_learning_rate': 0.0007354878693756347, 'train_lr_reduce': 0.6}. Best is trial 1286 with value: 0.03935658559203148.
[I 2024-12-26 01:01:24,926] Trial 1388 finished with value: 0.07323300093412399 and parameters: {'L1_hidden_dim': 64, 'L1_layers_atom': 4, 'L1_layers_mol': 2, 'L1_dropout': 0.25439667723936066, 'L1_out_dim': 80, 'L2_hidden_dim': 128, 'L2_layers_atom': 1, 'L2_layers_mol': 2, 'L2_out_dim': 112, 'L2_dropout': 0.11167179043736186, 'L3_hidden_dim': 128, 'L3_layers_atom': 3, 'L3_layers_mol': 2, 'L3_out_dim': 32, 'L3_dropout': 0.2859145295159553, 'n_mlp_layers': 3, 'mlp_dim_0': 232, 'mlp_dim_1': 336, 'mlp_dim_2': 128, 'num_heads': 1, 'final_dropout': 0.137128805636701, 'train_learning_rate': 0.0018911807851319789, 'train_lr_reduce': 0.6}. Best is trial 1286 with value: 0.03935658559203148.
[I 2024-12-26 01:02:25,837] Trial 1387 finished with value: 0.11208675801753998 and parameters: {'L1_hidden_dim': 80, 'L1_layers_atom': 4, 'L1_layers_mol': 3, 'L1_dropout': 0.18909943047456793, 'L1_out_dim': 48, 'L2_hidden_dim': 112, 'L2_layers_atom': 3, 'L2_layers_mol': 4, 'L2_out_dim': 32, 'L2_dropout': 0.03345895533278624, 'L3_hidden_dim': 80, 'L3_layers_atom': 4, 'L3_layers_mol': 1, 'L3_out_dim': 48, 'L3_dropout': 0.28412049416114915, 'n_mlp_layers': 1, 'mlp_dim_0': 168, 'num_heads': 1, 'final_dropout': 0.0969460692806518, 'train_learning_rate': 0.004140136646765637, 'train_lr_reduce': 0.6}. Best is trial 1286 with value: 0.03935658559203148.
[I 2024-12-26 01:02:26,015] Trial 1389 finished with value: 0.05526817589998245 and parameters: {'L1_hidden_dim': 80, 'L1_layers_atom': 4, 'L1_layers_mol': 1, 'L1_dropout': 0.2971360214848419, 'L1_out_dim': 128, 'L2_hidden_dim': 208, 'L2_layers_atom': 4, 'L2_layers_mol': 1, 'L2_out_dim': 64, 'L2_dropout': 0.0053313617158343585, 'L3_hidden_dim': 80, 'L3_layers_atom': 3, 'L3_layers_mol': 1, 'L3_out_dim': 96, 'L3_dropout': 0.28356283440620117, 'n_mlp_layers': 3, 'mlp_dim_0': 40, 'mlp_dim_1': 432, 'mlp_dim_2': 80, 'num_heads': 1, 'final_dropout': 0.012939665894833832, 'train_learning_rate': 0.0011290611759115084, 'train_lr_reduce': 0.6}. Best is trial 1286 with value: 0.03935658559203148.
[I 2024-12-26 01:03:23,855] Trial 1390 finished with value: 0.13944575190544128 and parameters: {'L1_hidden_dim': 160, 'L1_layers_atom': 3, 'L1_layers_mol': 3, 'L1_dropout': 0.06469769773388408, 'L1_out_dim': 48, 'L2_hidden_dim': 80, 'L2_layers_atom': 1, 'L2_layers_mol': 4, 'L2_out_dim': 112, 'L2_dropout': 0.2656761715139513, 'L3_hidden_dim': 64, 'L3_layers_atom': 2, 'L3_layers_mol': 3, 'L3_out_dim': 80, 'L3_dropout': 0.1554844252341392, 'n_mlp_layers': 1, 'mlp_dim_0': 208, 'num_heads': 2, 'final_dropout': 0.2989104730306284, 'train_learning_rate': 0.0018268247065530443, 'train_lr_reduce': 0.6}. Best is trial 1286 with value: 0.03935658559203148.
[I 2024-12-26 01:03:43,419] Trial 1393 finished with value: 1.1363563537597656 and parameters: {'L1_hidden_dim': 64, 'L1_layers_atom': 4, 'L1_layers_mol': 1, 'L1_dropout': 0.237320770779179, 'L1_out_dim': 112, 'L2_hidden_dim': 192, 'L2_layers_atom': 4, 'L2_layers_mol': 1, 'L2_out_dim': 32, 'L2_dropout': 0.053536899921786923, 'L3_hidden_dim': 64, 'L3_layers_atom': 3, 'L3_layers_mol': 1, 'L3_out_dim': 80, 'L3_dropout': 0.23338599635776863, 'n_mlp_layers': 3, 'mlp_dim_0': 64, 'mlp_dim_1': 440, 'mlp_dim_2': 136, 'num_heads': 1, 'final_dropout': 0.030127456150132154, 'train_learning_rate': 0.000833818537627557, 'train_lr_reduce': 0.6}. Best is trial 1286 with value: 0.03935658559203148.
[I 2024-12-26 01:03:43,481] Trial 1392 finished with value: 0.06750715523958206 and parameters: {'L1_hidden_dim': 80, 'L1_layers_atom': 4, 'L1_layers_mol': 1, 'L1_dropout': 0.27000076437960957, 'L1_out_dim': 128, 'L2_hidden_dim': 224, 'L2_layers_atom': 3, 'L2_layers_mol': 1, 'L2_out_dim': 64, 'L2_dropout': 0.037052184788729625, 'L3_hidden_dim': 80, 'L3_layers_atom': 2, 'L3_layers_mol': 1, 'L3_out_dim': 80, 'L3_dropout': 0.2158573186826227, 'n_mlp_layers': 3, 'mlp_dim_0': 64, 'mlp_dim_1': 472, 'mlp_dim_2': 136, 'num_heads': 1, 'final_dropout': 0.06795532109045287, 'train_learning_rate': 0.0014805017786812256, 'train_lr_reduce': 0.6}. Best is trial 1286 with value: 0.03935658559203148.
[I 2024-12-26 01:04:02,598] Trial 1394 finished with value: 1.1538878679275513 and parameters: {'L1_hidden_dim': 80, 'L1_layers_atom': 4, 'L1_layers_mol': 2, 'L1_dropout': 0.23426713230312834, 'L1_out_dim': 32, 'L2_hidden_dim': 240, 'L2_layers_atom': 3, 'L2_layers_mol': 4, 'L2_out_dim': 32, 'L2_dropout': 0.039860249904288755, 'L3_hidden_dim': 64, 'L3_layers_atom': 4, 'L3_layers_mol': 1, 'L3_out_dim': 48, 'L3_dropout': 0.21521993540800727, 'n_mlp_layers': 2, 'mlp_dim_0': 64, 'mlp_dim_1': 448, 'num_heads': 1, 'final_dropout': 0.08065758306881804, 'train_learning_rate': 0.0002429476285923442, 'train_lr_reduce': 0.6}. Best is trial 1286 with value: 0.03935658559203148.
[I 2024-12-26 01:04:06,754] Trial 1395 finished with value: 0.8808555603027344 and parameters: {'L1_hidden_dim': 64, 'L1_layers_atom': 3, 'L1_layers_mol': 2, 'L1_dropout': 0.2287801872592463, 'L1_out_dim': 64, 'L2_hidden_dim': 192, 'L2_layers_atom': 2, 'L2_layers_mol': 2, 'L2_out_dim': 112, 'L2_dropout': 0.03552671707985096, 'L3_hidden_dim': 128, 'L3_layers_atom': 4, 'L3_layers_mol': 1, 'L3_out_dim': 32, 'L3_dropout': 0.28034599370967483, 'n_mlp_layers': 3, 'mlp_dim_0': 184, 'mlp_dim_1': 448, 'mlp_dim_2': 120, 'num_heads': 1, 'final_dropout': 0.09476359980806237, 'train_learning_rate': 0.007141373313206002, 'train_lr_reduce': 0.6}. Best is trial 1286 with value: 0.03935658559203148.
[I 2024-12-26 01:04:40,987] Trial 1391 finished with value: 0.07499638199806213 and parameters: {'L1_hidden_dim': 112, 'L1_layers_atom': 4, 'L1_layers_mol': 1, 'L1_dropout': 0.2924577758957838, 'L1_out_dim': 112, 'L2_hidden_dim': 192, 'L2_layers_atom': 4, 'L2_layers_mol': 1, 'L2_out_dim': 64, 'L2_dropout': 0.11129007123598722, 'L3_hidden_dim': 80, 'L3_layers_atom': 4, 'L3_layers_mol': 2, 'L3_out_dim': 112, 'L3_dropout': 0.21296212002258946, 'n_mlp_layers': 3, 'mlp_dim_0': 48, 'mlp_dim_1': 464, 'mlp_dim_2': 136, 'num_heads': 1, 'final_dropout': 0.04221313603752262, 'train_learning_rate': 0.0010860087802594112, 'train_lr_reduce': 0.6}. Best is trial 1286 with value: 0.03935658559203148.
[I 2024-12-26 01:05:28,535] Trial 1396 finished with value: 0.07773147523403168 and parameters: {'L1_hidden_dim': 96, 'L1_layers_atom': 3, 'L1_layers_mol': 2, 'L1_dropout': 0.26297472125897314, 'L1_out_dim': 96, 'L2_hidden_dim': 192, 'L2_layers_atom': 3, 'L2_layers_mol': 2, 'L2_out_dim': 32, 'L2_dropout': 0.06395831165509683, 'L3_hidden_dim': 80, 'L3_layers_atom': 3, 'L3_layers_mol': 1, 'L3_out_dim': 128, 'L3_dropout': 0.2885316315965901, 'n_mlp_layers': 3, 'mlp_dim_0': 64, 'mlp_dim_1': 480, 'mlp_dim_2': 184, 'num_heads': 1, 'final_dropout': 0.0688911346585456, 'train_learning_rate': 0.0012832684715349642, 'train_lr_reduce': 0.6}. Best is trial 1286 with value: 0.03935658559203148.
[I 2024-12-26 01:05:46,386] Trial 1397 finished with value: 0.08018407225608826 and parameters: {'L1_hidden_dim': 128, 'L1_layers_atom': 2, 'L1_layers_mol': 3, 'L1_dropout': 0.28423622945852295, 'L1_out_dim': 96, 'L2_hidden_dim': 176, 'L2_layers_atom': 4, 'L2_layers_mol': 4, 'L2_out_dim': 96, 'L2_dropout': 0.046204543475682494, 'L3_hidden_dim': 112, 'L3_layers_atom': 3, 'L3_layers_mol': 1, 'L3_out_dim': 112, 'L3_dropout': 0.14337599138444068, 'n_mlp_layers': 3, 'mlp_dim_0': 328, 'mlp_dim_1': 440, 'mlp_dim_2': 120, 'num_heads': 1, 'final_dropout': 0.10533497014807888, 'train_learning_rate': 0.0007913885789598439, 'train_lr_reduce': 0.6}. Best is trial 1286 with value: 0.03935658559203148.
[I 2024-12-26 01:07:00,337] Trial 1399 finished with value: 0.07729131728410721 and parameters: {'L1_hidden_dim': 128, 'L1_layers_atom': 4, 'L1_layers_mol': 2, 'L1_dropout': 0.28564160484022233, 'L1_out_dim': 80, 'L2_hidden_dim': 160, 'L2_layers_atom': 1, 'L2_layers_mol': 2, 'L2_out_dim': 112, 'L2_dropout': 0.01442211855782917, 'L3_hidden_dim': 112, 'L3_layers_atom': 3, 'L3_layers_mol': 1, 'L3_out_dim': 32, 'L3_dropout': 0.2663091615416584, 'n_mlp_layers': 2, 'mlp_dim_0': 192, 'mlp_dim_1': 512, 'num_heads': 2, 'final_dropout': 0.05501798931930318, 'train_learning_rate': 0.0007866901355850676, 'train_lr_reduce': 0.6}. Best is trial 1286 with value: 0.03935658559203148.
[I 2024-12-26 01:07:03,719] Trial 1398 finished with value: 0.06854834407567978 and parameters: {'L1_hidden_dim': 96, 'L1_layers_atom': 1, 'L1_layers_mol': 2, 'L1_dropout': 0.15726764905242568, 'L1_out_dim': 96, 'L2_hidden_dim': 208, 'L2_layers_atom': 4, 'L2_layers_mol': 4, 'L2_out_dim': 112, 'L2_dropout': 0.019658670994740262, 'L3_hidden_dim': 96, 'L3_layers_atom': 4, 'L3_layers_mol': 1, 'L3_out_dim': 128, 'L3_dropout': 0.14042694034501732, 'n_mlp_layers': 2, 'mlp_dim_0': 312, 'mlp_dim_1': 440, 'num_heads': 1, 'final_dropout': 0.02616734528598649, 'train_learning_rate': 0.0013921275607709119, 'train_lr_reduce': 0.6}. Best is trial 1286 with value: 0.03935658559203148.
[I 2024-12-26 01:07:03,854] Trial 1400 finished with value: 0.07356637716293335 and parameters: {'L1_hidden_dim': 64, 'L1_layers_atom': 3, 'L1_layers_mol': 1, 'L1_dropout': 0.1893056380105407, 'L1_out_dim': 64, 'L2_hidden_dim': 176, 'L2_layers_atom': 2, 'L2_layers_mol': 1, 'L2_out_dim': 112, 'L2_dropout': 0.15313854511184433, 'L3_hidden_dim': 128, 'L3_layers_atom': 4, 'L3_layers_mol': 1, 'L3_out_dim': 32, 'L3_dropout': 0.11314807419750456, 'n_mlp_layers': 3, 'mlp_dim_0': 88, 'mlp_dim_1': 480, 'mlp_dim_2': 120, 'num_heads': 1, 'final_dropout': 0.03183770217442171, 'train_learning_rate': 0.0029164552011606165, 'train_lr_reduce': 0.6}. Best is trial 1286 with value: 0.03935658559203148.
[I 2024-12-26 01:08:32,614] Trial 1403 finished with value: 0.07408852130174637 and parameters: {'L1_hidden_dim': 80, 'L1_layers_atom': 4, 'L1_layers_mol': 2, 'L1_dropout': 0.2850435110888373, 'L1_out_dim': 32, 'L2_hidden_dim': 112, 'L2_layers_atom': 4, 'L2_layers_mol': 2, 'L2_out_dim': 112, 'L2_dropout': 0.10748775895794141, 'L3_hidden_dim': 80, 'L3_layers_atom': 4, 'L3_layers_mol': 1, 'L3_out_dim': 32, 'L3_dropout': 0.2741533997247942, 'n_mlp_layers': 3, 'mlp_dim_0': 144, 'mlp_dim_1': 480, 'mlp_dim_2': 112, 'num_heads': 1, 'final_dropout': 0.054009752720018525, 'train_learning_rate': 0.002106603929653149, 'train_lr_reduce': 0.6}. Best is trial 1286 with value: 0.03935658559203148.
[I 2024-12-26 01:08:34,859] Trial 1402 finished with value: 0.11479879170656204 and parameters: {'L1_hidden_dim': 256, 'L1_layers_atom': 4, 'L1_layers_mol': 1, 'L1_dropout': 0.03778859159798112, 'L1_out_dim': 64, 'L2_hidden_dim': 144, 'L2_layers_atom': 1, 'L2_layers_mol': 4, 'L2_out_dim': 64, 'L2_dropout': 0.12147441796979512, 'L3_hidden_dim': 80, 'L3_layers_atom': 4, 'L3_layers_mol': 4, 'L3_out_dim': 80, 'L3_dropout': 0.0836695732244989, 'n_mlp_layers': 1, 'mlp_dim_0': 192, 'num_heads': 1, 'final_dropout': 0.24840612238917104, 'train_learning_rate': 0.00020116762372704794, 'train_lr_reduce': 0.6}. Best is trial 1286 with value: 0.03935658559203148.
[I 2024-12-26 01:08:39,989] Trial 1401 finished with value: 0.07371028512716293 and parameters: {'L1_hidden_dim': 96, 'L1_layers_atom': 3, 'L1_layers_mol': 4, 'L1_dropout': 0.18333574552438087, 'L1_out_dim': 64, 'L2_hidden_dim': 128, 'L2_layers_atom': 2, 'L2_layers_mol': 4, 'L2_out_dim': 64, 'L2_dropout': 0.08760105375015736, 'L3_hidden_dim': 112, 'L3_layers_atom': 3, 'L3_layers_mol': 1, 'L3_out_dim': 64, 'L3_dropout': 0.23198913295826745, 'n_mlp_layers': 2, 'mlp_dim_0': 328, 'mlp_dim_1': 432, 'num_heads': 1, 'final_dropout': 0.043330376717274716, 'train_learning_rate': 0.0018745169200406213, 'train_lr_reduce': 0.6}. Best is trial 1286 with value: 0.03935658559203148.
[I 2024-12-26 01:09:44,197] Trial 1406 finished with value: 0.10632012039422989 and parameters: {'L1_hidden_dim': 128, 'L1_layers_atom': 4, 'L1_layers_mol': 3, 'L1_dropout': 0.20276683981553462, 'L1_out_dim': 128, 'L2_hidden_dim': 256, 'L2_layers_atom': 4, 'L2_layers_mol': 1, 'L2_out_dim': 64, 'L2_dropout': 0.045322479780395726, 'L3_hidden_dim': 96, 'L3_layers_atom': 2, 'L3_layers_mol': 1, 'L3_out_dim': 112, 'L3_dropout': 0.2916555388900934, 'n_mlp_layers': 3, 'mlp_dim_0': 48, 'mlp_dim_1': 240, 'mlp_dim_2': 96, 'num_heads': 1, 'final_dropout': 0.06763864333552895, 'train_learning_rate': 0.0014955375609243843, 'train_lr_reduce': 0.6}. Best is trial 1286 with value: 0.03935658559203148.
[I 2024-12-26 01:09:51,944] Trial 1405 finished with value: 0.10794971883296967 and parameters: {'L1_hidden_dim': 80, 'L1_layers_atom': 4, 'L1_layers_mol': 1, 'L1_dropout': 0.20548922881669857, 'L1_out_dim': 112, 'L2_hidden_dim': 224, 'L2_layers_atom': 4, 'L2_layers_mol': 1, 'L2_out_dim': 48, 'L2_dropout': 0.023592261446668872, 'L3_hidden_dim': 112, 'L3_layers_atom': 3, 'L3_layers_mol': 1, 'L3_out_dim': 112, 'L3_dropout': 0.2314942021833353, 'n_mlp_layers': 3, 'mlp_dim_0': 104, 'mlp_dim_1': 432, 'mlp_dim_2': 160, 'num_heads': 1, 'final_dropout': 0.01712873192095945, 'train_learning_rate': 0.0022015487669117613, 'train_lr_reduce': 0.6}. Best is trial 1286 with value: 0.03935658559203148.
[I 2024-12-26 01:10:25,059] Trial 1404 finished with value: 0.083060123026371 and parameters: {'L1_hidden_dim': 64, 'L1_layers_atom': 4, 'L1_layers_mol': 3, 'L1_dropout': 0.20687857938968796, 'L1_out_dim': 32, 'L2_hidden_dim': 208, 'L2_layers_atom': 3, 'L2_layers_mol': 4, 'L2_out_dim': 64, 'L2_dropout': 0.0271979650520557, 'L3_hidden_dim': 96, 'L3_layers_atom': 3, 'L3_layers_mol': 1, 'L3_out_dim': 48, 'L3_dropout': 0.25173835563650515, 'n_mlp_layers': 1, 'mlp_dim_0': 56, 'num_heads': 1, 'final_dropout': 0.021216434886969112, 'train_learning_rate': 0.0028511980216857553, 'train_lr_reduce': 0.6}. Best is trial 1286 with value: 0.03935658559203148.
