[I 2024-12-15 17:35:23,648] Trial 2438 finished with value: 0.23516027629375458 and parameters: {'mlp_n_layers': 4, 'mlp_dim_00': 80, 'mlp_dim_01': 80, 'mlp_dim_02': 48, 'mlp_dim_03': 48, 'hidden_channels': 64, 'num_layers': 1, 'num_timesteps': 1, 'dropout': 0.1933078175407978, 'train_learning_rate': 0.009156427349416858, 'train_lr_reduce': 0.6}. Best is trial 2056 with value: 0.13246719539165497.
[I 2024-12-15 17:35:27,513] Trial 2439 finished with value: 0.19918771088123322 and parameters: {'mlp_n_layers': 4, 'mlp_dim_00': 176, 'mlp_dim_01': 256, 'mlp_dim_02': 80, 'mlp_dim_03': 80, 'hidden_channels': 80, 'num_layers': 2, 'num_timesteps': 4, 'dropout': 0.1353393652671947, 'train_learning_rate': 0.006226705109787381, 'train_lr_reduce': 0.6}. Best is trial 2056 with value: 0.13246719539165497.
[I 2024-12-15 17:35:29,407] Trial 2440 finished with value: 0.19225044548511505 and parameters: {'mlp_n_layers': 4, 'mlp_dim_00': 96, 'mlp_dim_01': 96, 'mlp_dim_02': 32, 'mlp_dim_03': 32, 'hidden_channels': 240, 'num_layers': 2, 'num_timesteps': 4, 'dropout': 0.11320445841446657, 'train_learning_rate': 0.00549822825701431, 'train_lr_reduce': 0.6}. Best is trial 2056 with value: 0.13246719539165497.
[I 2024-12-15 17:35:33,524] Trial 2441 finished with value: 0.20138342678546906 and parameters: {'mlp_n_layers': 3, 'mlp_dim_00': 112, 'mlp_dim_01': 192, 'mlp_dim_02': 96, 'hidden_channels': 224, 'num_layers': 1, 'num_timesteps': 3, 'dropout': 0.087870494624234, 'train_learning_rate': 0.0011568179934034267, 'train_lr_reduce': 0.6}. Best is trial 2056 with value: 0.13246719539165497.
[I 2024-12-15 17:35:37,161] Trial 2444 finished with value: 0.988037109375 and parameters: {'mlp_n_layers': 4, 'mlp_dim_00': 144, 'mlp_dim_01': 208, 'mlp_dim_02': 64, 'mlp_dim_03': 144, 'hidden_channels': 192, 'num_layers': 3, 'num_timesteps': 1, 'dropout': 0.2899909002902703, 'train_learning_rate': 0.004835427406480661, 'train_lr_reduce': 0.6}. Best is trial 2056 with value: 0.13246719539165497.
[I 2024-12-15 17:35:40,313] Trial 2442 finished with value: 0.2366914451122284 and parameters: {'mlp_n_layers': 2, 'mlp_dim_00': 128, 'mlp_dim_01': 48, 'hidden_channels': 144, 'num_layers': 1, 'num_timesteps': 3, 'dropout': 0.19422449029809985, 'train_learning_rate': 0.0003378671577409369, 'train_lr_reduce': 0.6}. Best is trial 2056 with value: 0.13246719539165497.
[I 2024-12-15 17:35:44,821] Trial 2443 finished with value: 0.16960850358009338 and parameters: {'mlp_n_layers': 2, 'mlp_dim_00': 96, 'mlp_dim_01': 96, 'hidden_channels': 208, 'num_layers': 1, 'num_timesteps': 4, 'dropout': 0.005804255075514259, 'train_learning_rate': 0.0021830958055982026, 'train_lr_reduce': 0.6}. Best is trial 2056 with value: 0.13246719539165497.
[I 2024-12-15 17:35:49,298] Trial 2445 finished with value: 0.16859696805477142 and parameters: {'mlp_n_layers': 4, 'mlp_dim_00': 64, 'mlp_dim_01': 176, 'mlp_dim_02': 48, 'mlp_dim_03': 96, 'hidden_channels': 224, 'num_layers': 1, 'num_timesteps': 3, 'dropout': 0.0030054216497137553, 'train_learning_rate': 0.0035866540605772553, 'train_lr_reduce': 0.6}. Best is trial 2056 with value: 0.13246719539165497.
[I 2024-12-15 17:35:54,109] Trial 2447 finished with value: 0.18712909519672394 and parameters: {'mlp_n_layers': 3, 'mlp_dim_00': 96, 'mlp_dim_01': 128, 'mlp_dim_02': 96, 'hidden_channels': 208, 'num_layers': 1, 'num_timesteps': 4, 'dropout': 0.0791565249314827, 'train_learning_rate': 0.0035523797935083884, 'train_lr_reduce': 0.6}. Best is trial 2056 with value: 0.13246719539165497.
[I 2024-12-15 17:35:58,340] Trial 2446 finished with value: 0.23198410868644714 and parameters: {'mlp_n_layers': 3, 'mlp_dim_00': 240, 'mlp_dim_01': 112, 'mlp_dim_02': 64, 'hidden_channels': 112, 'num_layers': 2, 'num_timesteps': 1, 'dropout': 0.16949165394767343, 'train_learning_rate': 0.0002502055904069547, 'train_lr_reduce': 0.6}. Best is trial 2056 with value: 0.13246719539165497.
[I 2024-12-15 17:36:01,348] Trial 2449 finished with value: 0.257431298494339 and parameters: {'mlp_n_layers': 3, 'mlp_dim_00': 128, 'mlp_dim_01': 160, 'mlp_dim_02': 32, 'hidden_channels': 208, 'num_layers': 1, 'num_timesteps': 4, 'dropout': 0.007268038638757097, 'train_learning_rate': 0.0078021834716578585, 'train_lr_reduce': 0.6}. Best is trial 2056 with value: 0.13246719539165497.
[I 2024-12-15 17:36:02,092] Trial 2448 finished with value: 0.2286505252122879 and parameters: {'mlp_n_layers': 3, 'mlp_dim_00': 32, 'mlp_dim_01': 192, 'mlp_dim_02': 80, 'hidden_channels': 208, 'num_layers': 2, 'num_timesteps': 4, 'dropout': 0.0034537324938525584, 'train_learning_rate': 0.007580873360573111, 'train_lr_reduce': 0.6}. Best is trial 2056 with value: 0.13246719539165497.
[I 2024-12-15 17:36:06,257] Trial 2450 finished with value: 0.19495879113674164 and parameters: {'mlp_n_layers': 3, 'mlp_dim_00': 32, 'mlp_dim_01': 224, 'mlp_dim_02': 64, 'hidden_channels': 128, 'num_layers': 1, 'num_timesteps': 3, 'dropout': 0.08861946919378282, 'train_learning_rate': 0.009669758447537662, 'train_lr_reduce': 0.6}. Best is trial 2056 with value: 0.13246719539165497.
[I 2024-12-15 17:36:10,095] Trial 2451 finished with value: 0.21079260110855103 and parameters: {'mlp_n_layers': 3, 'mlp_dim_00': 80, 'mlp_dim_01': 112, 'mlp_dim_02': 96, 'hidden_channels': 208, 'num_layers': 1, 'num_timesteps': 4, 'dropout': 0.0316568364430178, 'train_learning_rate': 0.005655074753355007, 'train_lr_reduce': 0.6}. Best is trial 2056 with value: 0.13246719539165497.
[I 2024-12-15 17:36:15,234] Trial 2453 finished with value: 0.18897227942943573 and parameters: {'mlp_n_layers': 3, 'mlp_dim_00': 128, 'mlp_dim_01': 208, 'mlp_dim_02': 48, 'hidden_channels': 224, 'num_layers': 1, 'num_timesteps': 1, 'dropout': 0.20128209518089063, 'train_learning_rate': 0.0012601310812445795, 'train_lr_reduce': 0.6}. Best is trial 2056 with value: 0.13246719539165497.
[I 2024-12-15 17:36:17,592] Trial 2452 finished with value: 0.20999854803085327 and parameters: {'mlp_n_layers': 2, 'mlp_dim_00': 192, 'mlp_dim_01': 48, 'hidden_channels': 240, 'num_layers': 2, 'num_timesteps': 3, 'dropout': 0.2131790626747711, 'train_learning_rate': 0.00020972885385307124, 'train_lr_reduce': 0.6}. Best is trial 2056 with value: 0.13246719539165497.
[I 2024-12-15 17:36:20,406] Trial 2454 finished with value: 0.17550745606422424 and parameters: {'mlp_n_layers': 3, 'mlp_dim_00': 112, 'mlp_dim_01': 128, 'mlp_dim_02': 64, 'hidden_channels': 224, 'num_layers': 1, 'num_timesteps': 4, 'dropout': 0.03311683907807312, 'train_learning_rate': 0.00205245919944, 'train_lr_reduce': 0.6}. Best is trial 2056 with value: 0.13246719539165497.
[I 2024-12-15 17:36:28,512] Trial 2456 finished with value: 0.1407565474510193 and parameters: {'mlp_n_layers': 3, 'mlp_dim_00': 48, 'mlp_dim_01': 144, 'mlp_dim_02': 80, 'hidden_channels': 224, 'num_layers': 1, 'num_timesteps': 4, 'dropout': 0.008188535469309782, 'train_learning_rate': 0.0034374351852423622, 'train_lr_reduce': 0.6}. Best is trial 2056 with value: 0.13246719539165497.
[I 2024-12-15 17:36:28,586] Trial 2457 finished with value: 0.20561225712299347 and parameters: {'mlp_n_layers': 3, 'mlp_dim_00': 80, 'mlp_dim_01': 128, 'mlp_dim_02': 32, 'hidden_channels': 224, 'num_layers': 1, 'num_timesteps': 3, 'dropout': 0.0013026095169536202, 'train_learning_rate': 0.004445881196732042, 'train_lr_reduce': 0.6}. Best is trial 2056 with value: 0.13246719539165497.
[I 2024-12-15 17:36:29,219] Trial 2455 finished with value: 0.16522955894470215 and parameters: {'mlp_n_layers': 2, 'mlp_dim_00': 96, 'mlp_dim_01': 192, 'hidden_channels': 256, 'num_layers': 1, 'num_timesteps': 3, 'dropout': 0.019582341584884966, 'train_learning_rate': 0.001524458829273224, 'train_lr_reduce': 0.6}. Best is trial 2056 with value: 0.13246719539165497.
[I 2024-12-15 17:36:33,439] Trial 2460 finished with value: 0.8780689239501953 and parameters: {'mlp_n_layers': 3, 'mlp_dim_00': 64, 'mlp_dim_01': 144, 'mlp_dim_02': 112, 'hidden_channels': 240, 'num_layers': 1, 'num_timesteps': 4, 'dropout': 0.020007108356708835, 'train_learning_rate': 0.00837268702487038, 'train_lr_reduce': 0.6}. Best is trial 2056 with value: 0.13246719539165497.
[I 2024-12-15 17:36:40,582] Trial 2459 finished with value: 0.18841154873371124 and parameters: {'mlp_n_layers': 3, 'mlp_dim_00': 80, 'mlp_dim_01': 176, 'mlp_dim_02': 112, 'hidden_channels': 240, 'num_layers': 1, 'num_timesteps': 4, 'dropout': 0.01736170718120525, 'train_learning_rate': 0.0023779499300969034, 'train_lr_reduce': 0.6}. Best is trial 2056 with value: 0.13246719539165497.
[I 2024-12-15 17:36:40,755] Trial 2458 finished with value: 0.14589722454547882 and parameters: {'mlp_n_layers': 3, 'mlp_dim_00': 96, 'mlp_dim_01': 160, 'mlp_dim_02': 96, 'hidden_channels': 224, 'num_layers': 1, 'num_timesteps': 4, 'dropout': 0.0030671390421453952, 'train_learning_rate': 0.002532295512584113, 'train_lr_reduce': 0.6}. Best is trial 2056 with value: 0.13246719539165497.
[I 2024-12-15 17:36:50,655] Trial 2461 finished with value: 0.21308055520057678 and parameters: {'mlp_n_layers': 3, 'mlp_dim_00': 48, 'mlp_dim_01': 112, 'mlp_dim_02': 112, 'hidden_channels': 256, 'num_layers': 1, 'num_timesteps': 4, 'dropout': 0.021900521022885075, 'train_learning_rate': 0.0032073293957713975, 'train_lr_reduce': 0.6}. Best is trial 2056 with value: 0.13246719539165497.
[I 2024-12-15 17:36:58,405] Trial 2463 finished with value: 0.14477583765983582 and parameters: {'mlp_n_layers': 3, 'mlp_dim_00': 112, 'mlp_dim_01': 144, 'mlp_dim_02': 96, 'hidden_channels': 240, 'num_layers': 1, 'num_timesteps': 4, 'dropout': 0.005038131315178772, 'train_learning_rate': 0.0017901141853595409, 'train_lr_reduce': 0.6}. Best is trial 2056 with value: 0.13246719539165497.
[I 2024-12-15 17:36:58,449] Trial 2462 finished with value: 0.2767292857170105 and parameters: {'mlp_n_layers': 3, 'mlp_dim_00': 32, 'mlp_dim_01': 144, 'mlp_dim_02': 112, 'hidden_channels': 208, 'num_layers': 4, 'num_timesteps': 2, 'dropout': 0.002827067141457057, 'train_learning_rate': 0.00011182975422980814, 'train_lr_reduce': 0.6}. Best is trial 2056 with value: 0.13246719539165497.
[I 2024-12-15 17:37:05,728] Trial 2464 finished with value: 0.19888730347156525 and parameters: {'mlp_n_layers': 3, 'mlp_dim_00': 144, 'mlp_dim_01': 160, 'mlp_dim_02': 96, 'hidden_channels': 240, 'num_layers': 1, 'num_timesteps': 4, 'dropout': 0.07158059247102701, 'train_learning_rate': 0.0009391010569530162, 'train_lr_reduce': 0.6}. Best is trial 2056 with value: 0.13246719539165497.
[I 2024-12-15 17:37:06,792] Trial 2465 finished with value: 0.21717090904712677 and parameters: {'mlp_n_layers': 4, 'mlp_dim_00': 208, 'mlp_dim_01': 240, 'mlp_dim_02': 96, 'mlp_dim_03': 224, 'hidden_channels': 144, 'num_layers': 2, 'num_timesteps': 3, 'dropout': 0.2991179036547039, 'train_learning_rate': 0.0028828796471967, 'train_lr_reduce': 0.6}. Best is trial 2056 with value: 0.13246719539165497.
[I 2024-12-15 17:37:13,027] Trial 2466 finished with value: 0.1393163949251175 and parameters: {'mlp_n_layers': 3, 'mlp_dim_00': 96, 'mlp_dim_01': 144, 'mlp_dim_02': 96, 'hidden_channels': 256, 'num_layers': 1, 'num_timesteps': 3, 'dropout': 0.04332853573298835, 'train_learning_rate': 0.0024737008432169634, 'train_lr_reduce': 0.6}. Best is trial 2056 with value: 0.13246719539165497.
[I 2024-12-15 17:37:14,647] Trial 2468 finished with value: 0.26269611716270447 and parameters: {'mlp_n_layers': 2, 'mlp_dim_00': 128, 'mlp_dim_01': 128, 'hidden_channels': 240, 'num_layers': 2, 'num_timesteps': 4, 'dropout': 0.0015340409559788828, 'train_learning_rate': 0.0016362238015603754, 'train_lr_reduce': 0.6}. Best is trial 2056 with value: 0.13246719539165497.
[I 2024-12-15 17:37:17,555] Trial 2467 finished with value: 0.18862485885620117 and parameters: {'mlp_n_layers': 3, 'mlp_dim_00': 80, 'mlp_dim_01': 160, 'mlp_dim_02': 96, 'hidden_channels': 208, 'num_layers': 1, 'num_timesteps': 4, 'dropout': 0.011071781254951426, 'train_learning_rate': 0.0012244122662347999, 'train_lr_reduce': 0.6}. Best is trial 2056 with value: 0.13246719539165497.
[I 2024-12-15 17:37:26,054] Trial 2469 finished with value: 0.17394985258579254 and parameters: {'mlp_n_layers': 3, 'mlp_dim_00': 112, 'mlp_dim_01': 128, 'mlp_dim_02': 112, 'hidden_channels': 240, 'num_layers': 1, 'num_timesteps': 4, 'dropout': 0.0881717448920333, 'train_learning_rate': 0.0015612537736434937, 'train_lr_reduce': 0.6}. Best is trial 2056 with value: 0.13246719539165497.
[I 2024-12-15 17:37:29,159] Trial 2470 finished with value: 0.23247936367988586 and parameters: {'mlp_n_layers': 2, 'mlp_dim_00': 224, 'mlp_dim_01': 48, 'hidden_channels': 256, 'num_layers': 4, 'num_timesteps': 4, 'dropout': 0.13091134339499397, 'train_learning_rate': 0.007414173675585584, 'train_lr_reduce': 0.6}. Best is trial 2056 with value: 0.13246719539165497.
[I 2024-12-15 17:37:32,653] Trial 2471 finished with value: 0.17624783515930176 and parameters: {'mlp_n_layers': 3, 'mlp_dim_00': 48, 'mlp_dim_01': 128, 'mlp_dim_02': 112, 'hidden_channels': 256, 'num_layers': 1, 'num_timesteps': 4, 'dropout': 0.07300538053526066, 'train_learning_rate': 0.0019712809016143203, 'train_lr_reduce': 0.6}. Best is trial 2056 with value: 0.13246719539165497.
[I 2024-12-15 17:37:38,255] Trial 2472 finished with value: 0.1539781391620636 and parameters: {'mlp_n_layers': 3, 'mlp_dim_00': 48, 'mlp_dim_01': 144, 'mlp_dim_02': 96, 'hidden_channels': 240, 'num_layers': 1, 'num_timesteps': 3, 'dropout': 0.040035759883403015, 'train_learning_rate': 0.002583037552047251, 'train_lr_reduce': 0.6}. Best is trial 2056 with value: 0.13246719539165497.
[I 2024-12-15 17:37:39,069] Trial 2473 finished with value: 0.18675170838832855 and parameters: {'mlp_n_layers': 2, 'mlp_dim_00': 128, 'mlp_dim_01': 128, 'hidden_channels': 224, 'num_layers': 1, 'num_timesteps': 4, 'dropout': 0.03780772064201747, 'train_learning_rate': 0.0028670238260073595, 'train_lr_reduce': 0.6}. Best is trial 2056 with value: 0.13246719539165497.
[I 2024-12-15 17:37:44,047] Trial 2474 finished with value: 0.18419891595840454 and parameters: {'mlp_n_layers': 3, 'mlp_dim_00': 112, 'mlp_dim_01': 160, 'mlp_dim_02': 112, 'hidden_channels': 256, 'num_layers': 1, 'num_timesteps': 3, 'dropout': 0.02802281736381307, 'train_learning_rate': 0.0014182436833314702, 'train_lr_reduce': 0.6}. Best is trial 2056 with value: 0.13246719539165497.
[I 2024-12-15 17:37:44,586] Trial 2475 finished with value: 0.22542376816272736 and parameters: {'mlp_n_layers': 2, 'mlp_dim_00': 80, 'mlp_dim_01': 112, 'hidden_channels': 256, 'num_layers': 1, 'num_timesteps': 3, 'dropout': 0.025792760357435617, 'train_learning_rate': 0.004250387691276888, 'train_lr_reduce': 0.6}. Best is trial 2056 with value: 0.13246719539165497.
[I 2024-12-15 17:38:07,265] Trial 2476 finished with value: 0.20901921391487122 and parameters: {'mlp_n_layers': 3, 'mlp_dim_00': 80, 'mlp_dim_01': 112, 'mlp_dim_02': 96, 'hidden_channels': 192, 'num_layers': 1, 'num_timesteps': 4, 'dropout': 0.051543055356063204, 'train_learning_rate': 0.0008506990375914803, 'train_lr_reduce': 0.6}. Best is trial 2056 with value: 0.13246719539165497.
[I 2024-12-15 17:38:11,240] Trial 2477 finished with value: 0.18506267666816711 and parameters: {'mlp_n_layers': 3, 'mlp_dim_00': 80, 'mlp_dim_01': 112, 'mlp_dim_02': 96, 'hidden_channels': 208, 'num_layers': 1, 'num_timesteps': 3, 'dropout': 0.07686517915285578, 'train_learning_rate': 0.0030786296774969616, 'train_lr_reduce': 0.6}. Best is trial 2056 with value: 0.13246719539165497.
[I 2024-12-15 17:38:14,004] Trial 2478 finished with value: 0.1874908208847046 and parameters: {'mlp_n_layers': 3, 'mlp_dim_00': 80, 'mlp_dim_01': 176, 'mlp_dim_02': 96, 'hidden_channels': 256, 'num_layers': 1, 'num_timesteps': 4, 'dropout': 0.031336518105623754, 'train_learning_rate': 0.0016691052807323431, 'train_lr_reduce': 0.6}. Best is trial 2056 with value: 0.13246719539165497.
[I 2024-12-15 17:38:20,652] Trial 2480 finished with value: 0.22512933611869812 and parameters: {'mlp_n_layers': 4, 'mlp_dim_00': 48, 'mlp_dim_01': 160, 'mlp_dim_02': 96, 'mlp_dim_03': 208, 'hidden_channels': 256, 'num_layers': 2, 'num_timesteps': 3, 'dropout': 0.009250942474911768, 'train_learning_rate': 0.0013286485905177308, 'train_lr_reduce': 0.6}. Best is trial 2056 with value: 0.13246719539165497.
[I 2024-12-15 17:38:23,172] Trial 2481 finished with value: 0.18781054019927979 and parameters: {'mlp_n_layers': 3, 'mlp_dim_00': 128, 'mlp_dim_01': 128, 'mlp_dim_02': 96, 'hidden_channels': 256, 'num_layers': 1, 'num_timesteps': 4, 'dropout': 0.05492478133969414, 'train_learning_rate': 0.0013742332261926877, 'train_lr_reduce': 0.6}. Best is trial 2056 with value: 0.13246719539165497.
[I 2024-12-15 17:38:25,482] Trial 2479 finished with value: 0.19460555911064148 and parameters: {'mlp_n_layers': 3, 'mlp_dim_00': 32, 'mlp_dim_01': 128, 'mlp_dim_02': 112, 'hidden_channels': 224, 'num_layers': 2, 'num_timesteps': 4, 'dropout': 0.00017477258286062447, 'train_learning_rate': 0.0017733254423472323, 'train_lr_reduce': 0.6}. Best is trial 2056 with value: 0.13246719539165497.
[I 2024-12-15 17:38:29,895] Trial 2482 finished with value: 0.2095210701227188 and parameters: {'mlp_n_layers': 2, 'mlp_dim_00': 80, 'mlp_dim_01': 128, 'hidden_channels': 224, 'num_layers': 1, 'num_timesteps': 4, 'dropout': 0.000389055274081963, 'train_learning_rate': 0.0017649234256652707, 'train_lr_reduce': 0.6}. Best is trial 2056 with value: 0.13246719539165497.
[I 2024-12-15 17:38:36,699] Trial 2483 finished with value: 0.18010693788528442 and parameters: {'mlp_n_layers': 3, 'mlp_dim_00': 112, 'mlp_dim_01': 112, 'mlp_dim_02': 112, 'hidden_channels': 240, 'num_layers': 1, 'num_timesteps': 4, 'dropout': 0.030470042223811042, 'train_learning_rate': 0.0011217665700199145, 'train_lr_reduce': 0.6}. Best is trial 2056 with value: 0.13246719539165497.
[I 2024-12-15 17:38:39,076] Trial 2485 finished with value: 0.22411338984966278 and parameters: {'mlp_n_layers': 3, 'mlp_dim_00': 112, 'mlp_dim_01': 160, 'mlp_dim_02': 96, 'hidden_channels': 256, 'num_layers': 1, 'num_timesteps': 3, 'dropout': 0.026925772168716302, 'train_learning_rate': 0.004608932884067386, 'train_lr_reduce': 0.6}. Best is trial 2056 with value: 0.13246719539165497.
[I 2024-12-15 17:38:39,154] Trial 2484 finished with value: 0.19131341576576233 and parameters: {'mlp_n_layers': 3, 'mlp_dim_00': 128, 'mlp_dim_01': 160, 'mlp_dim_02': 96, 'hidden_channels': 208, 'num_layers': 1, 'num_timesteps': 3, 'dropout': 0.07384477277405405, 'train_learning_rate': 0.003541044849291336, 'train_lr_reduce': 0.6}. Best is trial 2056 with value: 0.13246719539165497.
[I 2024-12-15 17:38:49,282] Trial 2486 finished with value: 0.15568311512470245 and parameters: {'mlp_n_layers': 4, 'mlp_dim_00': 32, 'mlp_dim_01': 192, 'mlp_dim_02': 80, 'mlp_dim_03': 176, 'hidden_channels': 240, 'num_layers': 1, 'num_timesteps': 3, 'dropout': 0.000564789562871407, 'train_learning_rate': 0.005105687844187008, 'train_lr_reduce': 0.6}. Best is trial 2056 with value: 0.13246719539165497.
[I 2024-12-15 17:38:55,729] Trial 2487 finished with value: 0.18572376668453217 and parameters: {'mlp_n_layers': 3, 'mlp_dim_00': 112, 'mlp_dim_01': 176, 'mlp_dim_02': 128, 'hidden_channels': 192, 'num_layers': 1, 'num_timesteps': 4, 'dropout': 0.009501046561788429, 'train_learning_rate': 0.002184701695721972, 'train_lr_reduce': 0.6}. Best is trial 2056 with value: 0.13246719539165497.
[I 2024-12-15 17:38:56,101] Trial 2488 finished with value: 0.20657725632190704 and parameters: {'mlp_n_layers': 4, 'mlp_dim_00': 256, 'mlp_dim_01': 32, 'mlp_dim_02': 128, 'mlp_dim_03': 144, 'hidden_channels': 144, 'num_layers': 1, 'num_timesteps': 3, 'dropout': 0.07213560614255879, 'train_learning_rate': 0.0005051301857231417, 'train_lr_reduce': 0.6}. Best is trial 2056 with value: 0.13246719539165497.
[I 2024-12-15 17:38:59,899] Trial 2489 finished with value: 0.24050946533679962 and parameters: {'mlp_n_layers': 4, 'mlp_dim_00': 48, 'mlp_dim_01': 80, 'mlp_dim_02': 80, 'mlp_dim_03': 144, 'hidden_channels': 128, 'num_layers': 4, 'num_timesteps': 1, 'dropout': 0.16751818621397285, 'train_learning_rate': 0.0008483062378158865, 'train_lr_reduce': 0.6}. Best is trial 2056 with value: 0.13246719539165497.
[I 2024-12-15 17:39:06,662] Trial 2491 finished with value: 0.19959230720996857 and parameters: {'mlp_n_layers': 3, 'mlp_dim_00': 112, 'mlp_dim_01': 128, 'mlp_dim_02': 112, 'hidden_channels': 208, 'num_layers': 2, 'num_timesteps': 4, 'dropout': 0.00036556651262920374, 'train_learning_rate': 0.0007641284891502116, 'train_lr_reduce': 0.6}. Best is trial 2056 with value: 0.13246719539165497.
[I 2024-12-15 17:39:10,582] Trial 2492 finished with value: 0.21949176490306854 and parameters: {'mlp_n_layers': 3, 'mlp_dim_00': 32, 'mlp_dim_01': 144, 'mlp_dim_02': 80, 'hidden_channels': 208, 'num_layers': 1, 'num_timesteps': 4, 'dropout': 0.0018789900165316299, 'train_learning_rate': 0.00811690347620857, 'train_lr_reduce': 0.6}. Best is trial 2056 with value: 0.13246719539165497.
[I 2024-12-15 17:39:11,453] Trial 2490 finished with value: 0.17535816133022308 and parameters: {'mlp_n_layers': 3, 'mlp_dim_00': 32, 'mlp_dim_01': 192, 'mlp_dim_02': 96, 'hidden_channels': 192, 'num_layers': 1, 'num_timesteps': 4, 'dropout': 0.014861627960518532, 'train_learning_rate': 0.00882170665236109, 'train_lr_reduce': 0.6}. Best is trial 2056 with value: 0.13246719539165497.
[I 2024-12-15 17:39:18,561] Trial 2495 finished with value: 0.20584383606910706 and parameters: {'mlp_n_layers': 3, 'mlp_dim_00': 144, 'mlp_dim_01': 128, 'mlp_dim_02': 112, 'hidden_channels': 240, 'num_layers': 1, 'num_timesteps': 3, 'dropout': 0.049766372944781236, 'train_learning_rate': 0.0019308742829735484, 'train_lr_reduce': 0.6}. Best is trial 2056 with value: 0.13246719539165497.
