[I 2024-12-20 01:49:03,026] Trial 2428 finished with value: 1.556650161743164 and parameters: {'mlp_n_layers': 4, 'mlp_dim_00': 193, 'mlp_dim_01': 356, 'mlp_dim_02': 473, 'mlp_dim_03': 167, 'node_hidden_dim': 96, 'edge_hidden_dim': 55, 'depth': 2, 'rep_dropout': 0.060380623667404446, 'train_learning_rate': 0.0007624004100521738, 'train_lr_reduce': 0.6}. Best is trial 558 with value: 0.30280801653862.
[I 2024-12-20 01:49:06,318] Trial 2430 finished with value: 1.5744277238845825 and parameters: {'mlp_n_layers': 4, 'mlp_dim_00': 84, 'mlp_dim_01': 267, 'mlp_dim_02': 392, 'mlp_dim_03': 364, 'node_hidden_dim': 110, 'edge_hidden_dim': 63, 'depth': 1, 'rep_dropout': 0.018138860453398468, 'train_learning_rate': 0.00020696148576476237, 'train_lr_reduce': 0.6}. Best is trial 558 with value: 0.30280801653862.
[I 2024-12-20 01:49:06,816] Trial 2432 finished with value: 1.5487158298492432 and parameters: {'mlp_n_layers': 4, 'mlp_dim_00': 433, 'mlp_dim_01': 381, 'mlp_dim_02': 434, 'mlp_dim_03': 427, 'node_hidden_dim': 115, 'edge_hidden_dim': 52, 'depth': 1, 'rep_dropout': 0.012918217529502542, 'train_learning_rate': 0.0007172671233351518, 'train_lr_reduce': 0.6}. Best is trial 558 with value: 0.30280801653862.
[I 2024-12-20 01:49:06,819] Trial 2431 finished with value: 1.5088077783584595 and parameters: {'mlp_n_layers': 4, 'mlp_dim_00': 431, 'mlp_dim_01': 321, 'mlp_dim_02': 429, 'mlp_dim_03': 406, 'node_hidden_dim': 108, 'edge_hidden_dim': 57, 'depth': 1, 'rep_dropout': 0.0006161638284474776, 'train_learning_rate': 0.0012263238931329687, 'train_lr_reduce': 0.6}. Best is trial 558 with value: 0.30280801653862.
[I 2024-12-20 01:49:09,953] Trial 2433 finished with value: 1.4392064809799194 and parameters: {'mlp_n_layers': 3, 'mlp_dim_00': 143, 'mlp_dim_01': 295, 'mlp_dim_02': 291, 'node_hidden_dim': 108, 'edge_hidden_dim': 45, 'depth': 2, 'rep_dropout': 0.02028604591488407, 'train_learning_rate': 0.0019477535610198241, 'train_lr_reduce': 0.6}. Best is trial 558 with value: 0.30280801653862.
[I 2024-12-20 01:49:10,695] Trial 2434 finished with value: 1.4281597137451172 and parameters: {'mlp_n_layers': 1, 'mlp_dim_00': 66, 'node_hidden_dim': 45, 'edge_hidden_dim': 81, 'depth': 2, 'rep_dropout': 0.021605706864489344, 'train_learning_rate': 0.0026804465367989113, 'train_lr_reduce': 0.6}. Best is trial 558 with value: 0.30280801653862.
[I 2024-12-20 01:49:13,728] Trial 2435 finished with value: 1.4017254114151 and parameters: {'mlp_n_layers': 4, 'mlp_dim_00': 211, 'mlp_dim_01': 337, 'mlp_dim_02': 364, 'mlp_dim_03': 105, 'node_hidden_dim': 112, 'edge_hidden_dim': 47, 'depth': 2, 'rep_dropout': 0.03974318217205712, 'train_learning_rate': 0.0026222827789340935, 'train_lr_reduce': 0.6}. Best is trial 558 with value: 0.30280801653862.
[I 2024-12-20 01:49:18,802] Trial 2438 finished with value: 1.5468896627426147 and parameters: {'mlp_n_layers': 4, 'mlp_dim_00': 503, 'mlp_dim_01': 354, 'mlp_dim_02': 321, 'mlp_dim_03': 64, 'node_hidden_dim': 119, 'edge_hidden_dim': 32, 'depth': 2, 'rep_dropout': 0.026890485535640246, 'train_learning_rate': 0.0013304205539786172, 'train_lr_reduce': 0.6}. Best is trial 558 with value: 0.30280801653862.
[I 2024-12-20 01:49:22,383] Trial 2437 finished with value: 0.5715866088867188 and parameters: {'mlp_n_layers': 4, 'mlp_dim_00': 369, 'mlp_dim_01': 239, 'mlp_dim_02': 399, 'mlp_dim_03': 331, 'node_hidden_dim': 115, 'edge_hidden_dim': 32, 'depth': 1, 'rep_dropout': 0.04495867651806729, 'train_learning_rate': 0.0033485230701294244, 'train_lr_reduce': 0.6}. Best is trial 558 with value: 0.30280801653862.
[I 2024-12-20 01:49:26,909] Trial 2440 finished with value: 1.530794620513916 and parameters: {'mlp_n_layers': 4, 'mlp_dim_00': 159, 'mlp_dim_01': 374, 'mlp_dim_02': 449, 'mlp_dim_03': 463, 'node_hidden_dim': 108, 'edge_hidden_dim': 51, 'depth': 1, 'rep_dropout': 0.04222925162984223, 'train_learning_rate': 0.0011161015903102544, 'train_lr_reduce': 0.6}. Best is trial 558 with value: 0.30280801653862.
[I 2024-12-20 01:49:32,268] Trial 2436 finished with value: 0.32034286856651306 and parameters: {'mlp_n_layers': 4, 'mlp_dim_00': 140, 'mlp_dim_01': 405, 'mlp_dim_02': 483, 'mlp_dim_03': 512, 'node_hidden_dim': 121, 'edge_hidden_dim': 39, 'depth': 1, 'rep_dropout': 0.03172611752521697, 'train_learning_rate': 0.0008881909630277284, 'train_lr_reduce': 0.6}. Best is trial 558 with value: 0.30280801653862.
[I 2024-12-20 01:49:37,263] Trial 2442 finished with value: 1.508732557296753 and parameters: {'mlp_n_layers': 4, 'mlp_dim_00': 170, 'mlp_dim_01': 431, 'mlp_dim_02': 512, 'mlp_dim_03': 64, 'node_hidden_dim': 123, 'edge_hidden_dim': 35, 'depth': 2, 'rep_dropout': 0.03737664979432069, 'train_learning_rate': 0.0006321192606765973, 'train_lr_reduce': 0.6}. Best is trial 558 with value: 0.30280801653862.
[I 2024-12-20 01:49:54,737] Trial 2439 finished with value: 0.3620753288269043 and parameters: {'mlp_n_layers': 4, 'mlp_dim_00': 71, 'mlp_dim_01': 315, 'mlp_dim_02': 367, 'mlp_dim_03': 373, 'node_hidden_dim': 117, 'edge_hidden_dim': 45, 'depth': 1, 'rep_dropout': 0.010230387392576246, 'train_learning_rate': 0.004123719991639455, 'train_lr_reduce': 0.6}. Best is trial 558 with value: 0.30280801653862.
[I 2024-12-20 01:50:01,231] Trial 2443 finished with value: 0.333585649728775 and parameters: {'mlp_n_layers': 4, 'mlp_dim_00': 130, 'mlp_dim_01': 347, 'mlp_dim_02': 334, 'mlp_dim_03': 260, 'node_hidden_dim': 115, 'edge_hidden_dim': 35, 'depth': 1, 'rep_dropout': 0.017398012851615935, 'train_learning_rate': 0.00193124953803541, 'train_lr_reduce': 0.6}. Best is trial 558 with value: 0.30280801653862.
[I 2024-12-20 01:50:04,786] Trial 2441 finished with value: 0.3941473960876465 and parameters: {'mlp_n_layers': 4, 'mlp_dim_00': 434, 'mlp_dim_01': 281, 'mlp_dim_02': 410, 'mlp_dim_03': 217, 'node_hidden_dim': 117, 'edge_hidden_dim': 52, 'depth': 1, 'rep_dropout': 0.0002497588072899008, 'train_learning_rate': 0.004000905135653865, 'train_lr_reduce': 0.6}. Best is trial 558 with value: 0.30280801653862.
[I 2024-12-20 01:50:08,977] Trial 2446 finished with value: 1.3922256231307983 and parameters: {'mlp_n_layers': 4, 'mlp_dim_00': 155, 'mlp_dim_01': 307, 'mlp_dim_02': 407, 'mlp_dim_03': 448, 'node_hidden_dim': 85, 'edge_hidden_dim': 54, 'depth': 1, 'rep_dropout': 0.005165938697892128, 'train_learning_rate': 0.00321787036490967, 'train_lr_reduce': 0.6}. Best is trial 558 with value: 0.30280801653862.
[I 2024-12-20 01:50:12,782] Trial 2447 finished with value: 1.4697538614273071 and parameters: {'mlp_n_layers': 4, 'mlp_dim_00': 143, 'mlp_dim_01': 116, 'mlp_dim_02': 352, 'mlp_dim_03': 369, 'node_hidden_dim': 124, 'edge_hidden_dim': 53, 'depth': 1, 'rep_dropout': 0.004979680509692105, 'train_learning_rate': 0.001583914273737871, 'train_lr_reduce': 0.6}. Best is trial 558 with value: 0.30280801653862.
[I 2024-12-20 01:50:18,192] Trial 2444 finished with value: 0.40216198563575745 and parameters: {'mlp_n_layers': 4, 'mlp_dim_00': 188, 'mlp_dim_01': 157, 'mlp_dim_02': 380, 'mlp_dim_03': 323, 'node_hidden_dim': 91, 'edge_hidden_dim': 32, 'depth': 1, 'rep_dropout': 0.04385754645328307, 'train_learning_rate': 0.0011849717754548487, 'train_lr_reduce': 0.6}. Best is trial 558 with value: 0.30280801653862.
[I 2024-12-20 01:50:24,026] Trial 2445 finished with value: 0.4607093632221222 and parameters: {'mlp_n_layers': 4, 'mlp_dim_00': 64, 'mlp_dim_01': 398, 'mlp_dim_02': 447, 'mlp_dim_03': 123, 'node_hidden_dim': 126, 'edge_hidden_dim': 40, 'depth': 1, 'rep_dropout': 0.05773453709644567, 'train_learning_rate': 0.0034372102526478046, 'train_lr_reduce': 0.6}. Best is trial 558 with value: 0.30280801653862.
[I 2024-12-20 01:50:28,832] Trial 2450 finished with value: 1.2951700687408447 and parameters: {'mlp_n_layers': 4, 'mlp_dim_00': 170, 'mlp_dim_01': 374, 'mlp_dim_02': 422, 'mlp_dim_03': 404, 'node_hidden_dim': 87, 'edge_hidden_dim': 77, 'depth': 1, 'rep_dropout': 0.06923105245589382, 'train_learning_rate': 0.007546230168330512, 'train_lr_reduce': 0.6}. Best is trial 558 with value: 0.30280801653862.
[I 2024-12-20 01:50:32,818] Trial 2451 finished with value: 1.285071849822998 and parameters: {'mlp_n_layers': 1, 'mlp_dim_00': 231, 'node_hidden_dim': 98, 'edge_hidden_dim': 124, 'depth': 3, 'rep_dropout': 0.05943992474117865, 'train_learning_rate': 0.0011870261307748069, 'train_lr_reduce': 0.6}. Best is trial 558 with value: 0.30280801653862.
[I 2024-12-20 01:50:37,956] Trial 2448 finished with value: 0.40148213505744934 and parameters: {'mlp_n_layers': 3, 'mlp_dim_00': 112, 'mlp_dim_01': 345, 'mlp_dim_02': 293, 'node_hidden_dim': 110, 'edge_hidden_dim': 34, 'depth': 1, 'rep_dropout': 0.02248069829119609, 'train_learning_rate': 0.0022124812186916747, 'train_lr_reduce': 0.6}. Best is trial 558 with value: 0.30280801653862.
[I 2024-12-20 01:50:41,542] Trial 2449 finished with value: 0.33435893058776855 and parameters: {'mlp_n_layers': 4, 'mlp_dim_00': 220, 'mlp_dim_01': 265, 'mlp_dim_02': 478, 'mlp_dim_03': 279, 'node_hidden_dim': 91, 'edge_hidden_dim': 53, 'depth': 1, 'rep_dropout': 0.04204012370763243, 'train_learning_rate': 0.0015916783321562624, 'train_lr_reduce': 0.6}. Best is trial 558 with value: 0.30280801653862.
[I 2024-12-20 01:50:42,709] Trial 2453 finished with value: 1.562595009803772 and parameters: {'mlp_n_layers': 4, 'mlp_dim_00': 488, 'mlp_dim_01': 198, 'mlp_dim_02': 448, 'mlp_dim_03': 338, 'node_hidden_dim': 118, 'edge_hidden_dim': 32, 'depth': 2, 'rep_dropout': 0.004511423380248586, 'train_learning_rate': 0.0014027872084794613, 'train_lr_reduce': 0.6}. Best is trial 558 with value: 0.30280801653862.
[I 2024-12-20 01:50:45,866] Trial 2454 finished with value: 1.5817676782608032 and parameters: {'mlp_n_layers': 4, 'mlp_dim_00': 508, 'mlp_dim_01': 332, 'mlp_dim_02': 324, 'mlp_dim_03': 99, 'node_hidden_dim': 109, 'edge_hidden_dim': 51, 'depth': 1, 'rep_dropout': 0.05406056776811742, 'train_learning_rate': 0.0005537411496286026, 'train_lr_reduce': 0.6}. Best is trial 558 with value: 0.30280801653862.
[I 2024-12-20 01:50:50,424] Trial 2452 finished with value: 0.3801563084125519 and parameters: {'mlp_n_layers': 4, 'mlp_dim_00': 385, 'mlp_dim_01': 316, 'mlp_dim_02': 381, 'mlp_dim_03': 156, 'node_hidden_dim': 100, 'edge_hidden_dim': 33, 'depth': 1, 'rep_dropout': 0.057287486878638105, 'train_learning_rate': 0.00242053283539656, 'train_lr_reduce': 0.6}. Best is trial 558 with value: 0.30280801653862.
[I 2024-12-20 01:51:00,841] Trial 2457 finished with value: 0.6066660284996033 and parameters: {'mlp_n_layers': 4, 'mlp_dim_00': 174, 'mlp_dim_01': 395, 'mlp_dim_02': 416, 'mlp_dim_03': 473, 'node_hidden_dim': 102, 'edge_hidden_dim': 33, 'depth': 1, 'rep_dropout': 0.008349389022934646, 'train_learning_rate': 0.002880810739533986, 'train_lr_reduce': 0.6}. Best is trial 558 with value: 0.30280801653862.
[I 2024-12-20 01:51:01,146] Trial 2456 finished with value: 0.3331037163734436 and parameters: {'mlp_n_layers': 4, 'mlp_dim_00': 77, 'mlp_dim_01': 292, 'mlp_dim_02': 476, 'mlp_dim_03': 302, 'node_hidden_dim': 127, 'edge_hidden_dim': 61, 'depth': 1, 'rep_dropout': 0.05726760035495844, 'train_learning_rate': 0.0004907838382369968, 'train_lr_reduce': 0.6}. Best is trial 558 with value: 0.30280801653862.
[I 2024-12-20 01:51:04,119] Trial 2455 finished with value: 0.36219656467437744 and parameters: {'mlp_n_layers': 4, 'mlp_dim_00': 482, 'mlp_dim_01': 451, 'mlp_dim_02': 383, 'mlp_dim_03': 437, 'node_hidden_dim': 105, 'edge_hidden_dim': 32, 'depth': 1, 'rep_dropout': 0.035736040516091895, 'train_learning_rate': 0.0020670431818444342, 'train_lr_reduce': 0.6}. Best is trial 558 with value: 0.30280801653862.
[I 2024-12-20 01:51:05,314] Trial 2458 finished with value: 1.5590146780014038 and parameters: {'mlp_n_layers': 4, 'mlp_dim_00': 330, 'mlp_dim_01': 360, 'mlp_dim_02': 351, 'mlp_dim_03': 377, 'node_hidden_dim': 85, 'edge_hidden_dim': 45, 'depth': 1, 'rep_dropout': 0.01947716800167263, 'train_learning_rate': 0.0017203887987022324, 'train_lr_reduce': 0.6}. Best is trial 558 with value: 0.30280801653862.
[I 2024-12-20 01:51:08,091] Trial 2460 finished with value: 1.4685245752334595 and parameters: {'mlp_n_layers': 3, 'mlp_dim_00': 162, 'mlp_dim_01': 328, 'mlp_dim_02': 385, 'node_hidden_dim': 109, 'edge_hidden_dim': 32, 'depth': 1, 'rep_dropout': 0.03261503699610194, 'train_learning_rate': 0.0020069092873293624, 'train_lr_reduce': 0.6}. Best is trial 558 with value: 0.30280801653862.
[I 2024-12-20 01:51:09,716] Trial 2461 finished with value: 1.4874612092971802 and parameters: {'mlp_n_layers': 4, 'mlp_dim_00': 434, 'mlp_dim_01': 286, 'mlp_dim_02': 270, 'mlp_dim_03': 397, 'node_hidden_dim': 103, 'edge_hidden_dim': 53, 'depth': 2, 'rep_dropout': 0.005325030956173084, 'train_learning_rate': 0.0019557971026198454, 'train_lr_reduce': 0.6}. Best is trial 558 with value: 0.30280801653862.
[I 2024-12-20 01:51:13,968] Trial 2463 finished with value: 1.5685234069824219 and parameters: {'mlp_n_layers': 3, 'mlp_dim_00': 435, 'mlp_dim_01': 409, 'mlp_dim_02': 451, 'node_hidden_dim': 103, 'edge_hidden_dim': 40, 'depth': 1, 'rep_dropout': 0.02108834465300144, 'train_learning_rate': 0.0005991753455066091, 'train_lr_reduce': 0.6}. Best is trial 558 with value: 0.30280801653862.
[I 2024-12-20 01:51:25,963] Trial 2462 finished with value: 0.45079517364501953 and parameters: {'mlp_n_layers': 4, 'mlp_dim_00': 138, 'mlp_dim_01': 360, 'mlp_dim_02': 331, 'mlp_dim_03': 141, 'node_hidden_dim': 107, 'edge_hidden_dim': 82, 'depth': 1, 'rep_dropout': 0.04185918599794628, 'train_learning_rate': 0.0010216230389321743, 'train_lr_reduce': 0.6}. Best is trial 558 with value: 0.30280801653862.
[I 2024-12-20 01:51:31,478] Trial 2464 finished with value: 0.3459463119506836 and parameters: {'mlp_n_layers': 4, 'mlp_dim_00': 512, 'mlp_dim_01': 323, 'mlp_dim_02': 401, 'mlp_dim_03': 196, 'node_hidden_dim': 101, 'edge_hidden_dim': 33, 'depth': 1, 'rep_dropout': 0.06345608543471895, 'train_learning_rate': 0.0006950648686932508, 'train_lr_reduce': 0.6}. Best is trial 558 with value: 0.30280801653862.
[I 2024-12-20 01:51:38,331] Trial 2459 finished with value: 0.36866530776023865 and parameters: {'mlp_n_layers': 3, 'mlp_dim_00': 390, 'mlp_dim_01': 238, 'mlp_dim_02': 433, 'node_hidden_dim': 124, 'edge_hidden_dim': 48, 'depth': 1, 'rep_dropout': 0.01761844761665395, 'train_learning_rate': 0.0012133998595356753, 'train_lr_reduce': 0.6}. Best is trial 558 with value: 0.30280801653862.
[I 2024-12-20 01:51:41,280] Trial 2466 finished with value: 1.2537013292312622 and parameters: {'mlp_n_layers': 4, 'mlp_dim_00': 77, 'mlp_dim_01': 288, 'mlp_dim_02': 482, 'mlp_dim_03': 332, 'node_hidden_dim': 113, 'edge_hidden_dim': 51, 'depth': 2, 'rep_dropout': 0.00910078123582594, 'train_learning_rate': 0.0024078776331265296, 'train_lr_reduce': 0.6}. Best is trial 558 with value: 0.30280801653862.
[I 2024-12-20 01:51:43,591] Trial 2467 finished with value: 1.5301886796951294 and parameters: {'mlp_n_layers': 4, 'mlp_dim_00': 118, 'mlp_dim_01': 339, 'mlp_dim_02': 308, 'mlp_dim_03': 93, 'node_hidden_dim': 40, 'edge_hidden_dim': 115, 'depth': 4, 'rep_dropout': 0.0941253545617301, 'train_learning_rate': 0.0005377603489440446, 'train_lr_reduce': 0.6}. Best is trial 558 with value: 0.30280801653862.
[I 2024-12-20 01:51:48,005] Trial 2469 finished with value: 1.3375335931777954 and parameters: {'mlp_n_layers': 3, 'mlp_dim_00': 152, 'mlp_dim_01': 403, 'mlp_dim_02': 361, 'node_hidden_dim': 88, 'edge_hidden_dim': 36, 'depth': 2, 'rep_dropout': 0.020974490960954405, 'train_learning_rate': 0.004867776484351532, 'train_lr_reduce': 0.6}. Best is trial 558 with value: 0.30280801653862.
[I 2024-12-20 01:51:51,083] Trial 2465 finished with value: 0.345459908246994 and parameters: {'mlp_n_layers': 4, 'mlp_dim_00': 391, 'mlp_dim_01': 375, 'mlp_dim_02': 367, 'mlp_dim_03': 512, 'node_hidden_dim': 109, 'edge_hidden_dim': 49, 'depth': 1, 'rep_dropout': 0.023323211977473727, 'train_learning_rate': 0.0018582397830507304, 'train_lr_reduce': 0.6}. Best is trial 558 with value: 0.30280801653862.
[I 2024-12-20 01:51:52,889] Trial 2470 finished with value: 1.5423675775527954 and parameters: {'mlp_n_layers': 4, 'mlp_dim_00': 152, 'mlp_dim_01': 314, 'mlp_dim_02': 409, 'mlp_dim_03': 435, 'node_hidden_dim': 114, 'edge_hidden_dim': 48, 'depth': 2, 'rep_dropout': 0.02240963582303103, 'train_learning_rate': 0.0013563617732729027, 'train_lr_reduce': 0.6}. Best is trial 558 with value: 0.30280801653862.
[I 2024-12-20 01:51:55,227] Trial 2471 finished with value: 1.5454555749893188 and parameters: {'mlp_n_layers': 3, 'mlp_dim_00': 329, 'mlp_dim_01': 363, 'mlp_dim_02': 476, 'node_hidden_dim': 95, 'edge_hidden_dim': 107, 'depth': 4, 'rep_dropout': 0.005343294734085069, 'train_learning_rate': 0.0004570207127038628, 'train_lr_reduce': 0.6}. Best is trial 558 with value: 0.30280801653862.
[I 2024-12-20 01:51:55,526] Trial 2468 finished with value: 0.3732497990131378 and parameters: {'mlp_n_layers': 3, 'mlp_dim_00': 107, 'mlp_dim_01': 252, 'mlp_dim_02': 427, 'node_hidden_dim': 82, 'edge_hidden_dim': 56, 'depth': 1, 'rep_dropout': 0.029711038698450792, 'train_learning_rate': 0.0013273269106156445, 'train_lr_reduce': 0.6}. Best is trial 558 with value: 0.30280801653862.
[I 2024-12-20 01:51:57,548] Trial 2472 finished with value: 1.454182744026184 and parameters: {'mlp_n_layers': 1, 'mlp_dim_00': 165, 'node_hidden_dim': 108, 'edge_hidden_dim': 43, 'depth': 4, 'rep_dropout': 0.12896756325494707, 'train_learning_rate': 0.0009292888785186016, 'train_lr_reduce': 0.6}. Best is trial 558 with value: 0.30280801653862.
[I 2024-12-20 01:51:59,088] Trial 2474 finished with value: 1.5134299993515015 and parameters: {'mlp_n_layers': 3, 'mlp_dim_00': 139, 'mlp_dim_01': 346, 'mlp_dim_02': 385, 'node_hidden_dim': 107, 'edge_hidden_dim': 50, 'depth': 1, 'rep_dropout': 0.022120561988309168, 'train_learning_rate': 0.0014935287648426188, 'train_lr_reduce': 0.6}. Best is trial 558 with value: 0.30280801653862.
[I 2024-12-20 01:51:59,513] Trial 2473 finished with value: 1.5798527002334595 and parameters: {'mlp_n_layers': 4, 'mlp_dim_00': 444, 'mlp_dim_01': 439, 'mlp_dim_02': 439, 'mlp_dim_03': 264, 'node_hidden_dim': 62, 'edge_hidden_dim': 40, 'depth': 2, 'rep_dropout': 0.023233449552946317, 'train_learning_rate': 0.00044285775377867083, 'train_lr_reduce': 0.6}. Best is trial 558 with value: 0.30280801653862.
[I 2024-12-20 01:52:01,875] Trial 2475 finished with value: 1.5501117706298828 and parameters: {'mlp_n_layers': 4, 'mlp_dim_00': 141, 'mlp_dim_01': 297, 'mlp_dim_02': 512, 'mlp_dim_03': 361, 'node_hidden_dim': 82, 'edge_hidden_dim': 39, 'depth': 1, 'rep_dropout': 0.02627444064129001, 'train_learning_rate': 0.0028562957788727545, 'train_lr_reduce': 0.6}. Best is trial 558 with value: 0.30280801653862.
[I 2024-12-20 01:52:03,113] Trial 2476 finished with value: 1.555702805519104 and parameters: {'mlp_n_layers': 4, 'mlp_dim_00': 260, 'mlp_dim_01': 394, 'mlp_dim_02': 346, 'mlp_dim_03': 473, 'node_hidden_dim': 100, 'edge_hidden_dim': 32, 'depth': 2, 'rep_dropout': 0.008138512136186108, 'train_learning_rate': 0.0007744332082174549, 'train_lr_reduce': 0.6}. Best is trial 558 with value: 0.30280801653862.
[I 2024-12-20 01:52:03,853] Trial 2477 finished with value: 1.2946720123291016 and parameters: {'mlp_n_layers': 4, 'mlp_dim_00': 400, 'mlp_dim_01': 158, 'mlp_dim_02': 301, 'mlp_dim_03': 406, 'node_hidden_dim': 126, 'edge_hidden_dim': 38, 'depth': 1, 'rep_dropout': 0.04336420773122644, 'train_learning_rate': 0.006783577759978811, 'train_lr_reduce': 0.6}. Best is trial 558 with value: 0.30280801653862.
[I 2024-12-20 01:52:05,930] Trial 2478 finished with value: 1.4893916845321655 and parameters: {'mlp_n_layers': 3, 'mlp_dim_00': 446, 'mlp_dim_01': 213, 'mlp_dim_02': 409, 'node_hidden_dim': 103, 'edge_hidden_dim': 52, 'depth': 1, 'rep_dropout': 0.012690518768081076, 'train_learning_rate': 0.003511588092380223, 'train_lr_reduce': 0.6}. Best is trial 558 with value: 0.30280801653862.
[I 2024-12-20 01:52:10,025] Trial 2481 finished with value: 1.5315371751785278 and parameters: {'mlp_n_layers': 2, 'mlp_dim_00': 375, 'mlp_dim_01': 372, 'node_hidden_dim': 112, 'edge_hidden_dim': 94, 'depth': 2, 'rep_dropout': 0.11576662206626348, 'train_learning_rate': 0.0004100760947011956, 'train_lr_reduce': 0.6}. Best is trial 558 with value: 0.30280801653862.
[I 2024-12-20 01:52:11,534] Trial 2480 finished with value: 1.3270494937896729 and parameters: {'mlp_n_layers': 4, 'mlp_dim_00': 448, 'mlp_dim_01': 272, 'mlp_dim_02': 447, 'mlp_dim_03': 136, 'node_hidden_dim': 103, 'edge_hidden_dim': 44, 'depth': 2, 'rep_dropout': 0.05870725159331425, 'train_learning_rate': 0.0017169364042908036, 'train_lr_reduce': 0.6}. Best is trial 558 with value: 0.30280801653862.
[I 2024-12-20 01:52:14,110] Trial 2482 finished with value: 1.561031460762024 and parameters: {'mlp_n_layers': 4, 'mlp_dim_00': 138, 'mlp_dim_01': 312, 'mlp_dim_02': 407, 'mlp_dim_03': 234, 'node_hidden_dim': 99, 'edge_hidden_dim': 32, 'depth': 1, 'rep_dropout': 0.02109101778094814, 'train_learning_rate': 0.0006200362005905971, 'train_lr_reduce': 0.6}. Best is trial 558 with value: 0.30280801653862.
[I 2024-12-20 01:52:18,630] Trial 2484 finished with value: 1.535744309425354 and parameters: {'mlp_n_layers': 4, 'mlp_dim_00': 174, 'mlp_dim_01': 342, 'mlp_dim_02': 450, 'mlp_dim_03': 414, 'node_hidden_dim': 124, 'edge_hidden_dim': 32, 'depth': 2, 'rep_dropout': 0.014763855267811508, 'train_learning_rate': 0.0010577691533360967, 'train_lr_reduce': 0.6}. Best is trial 558 with value: 0.30280801653862.
[I 2024-12-20 01:52:23,062] Trial 2485 finished with value: 1.3285213708877563 and parameters: {'mlp_n_layers': 3, 'mlp_dim_00': 158, 'mlp_dim_01': 382, 'mlp_dim_02': 379, 'node_hidden_dim': 102, 'edge_hidden_dim': 34, 'depth': 2, 'rep_dropout': 0.05046555452319461, 'train_learning_rate': 0.003313309432881307, 'train_lr_reduce': 0.6}. Best is trial 558 with value: 0.30280801653862.
