[I 2024-12-19 21:22:53,721] Trial 1920 finished with value: 0.17326948046684265 and parameters: {'mlp_n_layers': 4, 'mlp_dim_00': 427, 'mlp_dim_01': 510, 'mlp_dim_02': 177, 'mlp_dim_03': 414, 'node_hidden_dim': 91, 'edge_hidden_dim': 70, 'depth': 2, 'rep_dropout': 0.12039395222637647, 'train_learning_rate': 0.0005842121919495423, 'train_lr_reduce': 0.6}. Best is trial 122 with value: 0.09548358619213104.
[I 2024-12-19 21:22:58,235] Trial 1922 finished with value: 0.1215871125459671 and parameters: {'mlp_n_layers': 4, 'mlp_dim_00': 404, 'mlp_dim_01': 311, 'mlp_dim_02': 477, 'mlp_dim_03': 453, 'node_hidden_dim': 85, 'edge_hidden_dim': 48, 'depth': 1, 'rep_dropout': 0.12474592819668616, 'train_learning_rate': 0.0008257523627241046, 'train_lr_reduce': 0.6}. Best is trial 122 with value: 0.09548358619213104.
[I 2024-12-19 21:23:18,976] Trial 1930 finished with value: 0.26317766308784485 and parameters: {'mlp_n_layers': 4, 'mlp_dim_00': 285, 'mlp_dim_01': 452, 'mlp_dim_02': 510, 'mlp_dim_03': 431, 'node_hidden_dim': 86, 'edge_hidden_dim': 90, 'depth': 1, 'rep_dropout': 0.08762929876020537, 'train_learning_rate': 0.0015605751718300164, 'train_lr_reduce': 0.6}. Best is trial 122 with value: 0.09548358619213104.
[I 2024-12-19 21:23:31,644] Trial 1931 finished with value: 0.5456224083900452 and parameters: {'mlp_n_layers': 4, 'mlp_dim_00': 511, 'mlp_dim_01': 393, 'mlp_dim_02': 512, 'mlp_dim_03': 480, 'node_hidden_dim': 86, 'edge_hidden_dim': 46, 'depth': 1, 'rep_dropout': 0.09160562307437457, 'train_learning_rate': 0.0021394821883352886, 'train_lr_reduce': 0.6}. Best is trial 122 with value: 0.09548358619213104.
[I 2024-12-19 21:23:34,581] Trial 1928 finished with value: 0.11857041716575623 and parameters: {'mlp_n_layers': 3, 'mlp_dim_00': 213, 'mlp_dim_01': 415, 'mlp_dim_02': 444, 'node_hidden_dim': 85, 'edge_hidden_dim': 80, 'depth': 1, 'rep_dropout': 0.10390559380337733, 'train_learning_rate': 0.001175417881625642, 'train_lr_reduce': 0.6}. Best is trial 122 with value: 0.09548358619213104.
[I 2024-12-19 21:23:37,142] Trial 1932 finished with value: 1.678613543510437 and parameters: {'mlp_n_layers': 4, 'mlp_dim_00': 271, 'mlp_dim_01': 480, 'mlp_dim_02': 410, 'mlp_dim_03': 410, 'node_hidden_dim': 65, 'edge_hidden_dim': 79, 'depth': 1, 'rep_dropout': 0.10995479470424145, 'train_learning_rate': 0.0003439290425398891, 'train_lr_reduce': 0.6}. Best is trial 122 with value: 0.09548358619213104.
[I 2024-12-19 21:23:37,206] Trial 1929 finished with value: 0.14022332429885864 and parameters: {'mlp_n_layers': 4, 'mlp_dim_00': 377, 'mlp_dim_01': 327, 'mlp_dim_02': 299, 'mlp_dim_03': 480, 'node_hidden_dim': 52, 'edge_hidden_dim': 87, 'depth': 1, 'rep_dropout': 0.048182224562667936, 'train_learning_rate': 0.0005728860936218734, 'train_lr_reduce': 0.6}. Best is trial 122 with value: 0.09548358619213104.
[I 2024-12-19 21:23:39,875] Trial 1933 finished with value: 1.6840734481811523 and parameters: {'mlp_n_layers': 4, 'mlp_dim_00': 264, 'mlp_dim_01': 289, 'mlp_dim_02': 348, 'mlp_dim_03': 367, 'node_hidden_dim': 83, 'edge_hidden_dim': 64, 'depth': 2, 'rep_dropout': 0.08300352386858131, 'train_learning_rate': 0.0003628304287855094, 'train_lr_reduce': 0.6}. Best is trial 122 with value: 0.09548358619213104.
[I 2024-12-19 21:23:45,459] Trial 1936 finished with value: 1.686556339263916 and parameters: {'mlp_n_layers': 4, 'mlp_dim_00': 414, 'mlp_dim_01': 449, 'mlp_dim_02': 116, 'mlp_dim_03': 412, 'node_hidden_dim': 88, 'edge_hidden_dim': 64, 'depth': 1, 'rep_dropout': 0.1475676110838889, 'train_learning_rate': 0.00029395510823096205, 'train_lr_reduce': 0.6}. Best is trial 122 with value: 0.09548358619213104.
[I 2024-12-19 21:24:13,079] Trial 1934 finished with value: 0.1466347575187683 and parameters: {'mlp_n_layers': 4, 'mlp_dim_00': 113, 'mlp_dim_01': 365, 'mlp_dim_02': 443, 'mlp_dim_03': 445, 'node_hidden_dim': 114, 'edge_hidden_dim': 37, 'depth': 1, 'rep_dropout': 0.11227592301080382, 'train_learning_rate': 0.000609433929177764, 'train_lr_reduce': 0.6}. Best is trial 122 with value: 0.09548358619213104.
[I 2024-12-19 21:24:26,143] Trial 1937 finished with value: 0.20056094229221344 and parameters: {'mlp_n_layers': 2, 'mlp_dim_00': 495, 'mlp_dim_01': 233, 'node_hidden_dim': 39, 'edge_hidden_dim': 109, 'depth': 1, 'rep_dropout': 0.09052795039933212, 'train_learning_rate': 0.007455754467630411, 'train_lr_reduce': 0.6}. Best is trial 122 with value: 0.09548358619213104.
[I 2024-12-19 21:24:27,440] Trial 1935 finished with value: 0.24976222217082977 and parameters: {'mlp_n_layers': 4, 'mlp_dim_00': 504, 'mlp_dim_01': 361, 'mlp_dim_02': 388, 'mlp_dim_03': 476, 'node_hidden_dim': 99, 'edge_hidden_dim': 55, 'depth': 2, 'rep_dropout': 0.1355114313769936, 'train_learning_rate': 0.0005300327701821346, 'train_lr_reduce': 0.6}. Best is trial 122 with value: 0.09548358619213104.
[I 2024-12-19 21:24:32,299] Trial 1939 finished with value: 1.5653765201568604 and parameters: {'mlp_n_layers': 2, 'mlp_dim_00': 305, 'mlp_dim_01': 410, 'node_hidden_dim': 115, 'edge_hidden_dim': 78, 'depth': 4, 'rep_dropout': 0.07814399018015536, 'train_learning_rate': 0.009410372571347966, 'train_lr_reduce': 0.6}. Best is trial 122 with value: 0.09548358619213104.
[I 2024-12-19 21:24:55,410] Trial 1938 finished with value: 0.1065637543797493 and parameters: {'mlp_n_layers': 4, 'mlp_dim_00': 307, 'mlp_dim_01': 315, 'mlp_dim_02': 333, 'mlp_dim_03': 511, 'node_hidden_dim': 86, 'edge_hidden_dim': 73, 'depth': 1, 'rep_dropout': 0.109324573919767, 'train_learning_rate': 0.0012495083436002685, 'train_lr_reduce': 0.6}. Best is trial 122 with value: 0.09548358619213104.
[I 2024-12-19 21:24:59,311] Trial 1941 finished with value: 0.1790742129087448 and parameters: {'mlp_n_layers': 3, 'mlp_dim_00': 360, 'mlp_dim_01': 512, 'mlp_dim_02': 227, 'node_hidden_dim': 102, 'edge_hidden_dim': 69, 'depth': 1, 'rep_dropout': 0.07897535440069851, 'train_learning_rate': 0.0009232430818487507, 'train_lr_reduce': 0.6}. Best is trial 122 with value: 0.09548358619213104.
[I 2024-12-19 21:25:09,112] Trial 1942 finished with value: 0.46249112486839294 and parameters: {'mlp_n_layers': 4, 'mlp_dim_00': 271, 'mlp_dim_01': 267, 'mlp_dim_02': 297, 'mlp_dim_03': 511, 'node_hidden_dim': 93, 'edge_hidden_dim': 62, 'depth': 1, 'rep_dropout': 0.10895459001892333, 'train_learning_rate': 0.0008940878011452298, 'train_lr_reduce': 0.6}. Best is trial 122 with value: 0.09548358619213104.
[I 2024-12-19 21:25:09,217] Trial 1940 finished with value: 0.0983232632279396 and parameters: {'mlp_n_layers': 4, 'mlp_dim_00': 312, 'mlp_dim_01': 452, 'mlp_dim_02': 413, 'mlp_dim_03': 364, 'node_hidden_dim': 75, 'edge_hidden_dim': 73, 'depth': 1, 'rep_dropout': 0.08019675956683736, 'train_learning_rate': 0.0011266350387765447, 'train_lr_reduce': 0.6}. Best is trial 122 with value: 0.09548358619213104.
[I 2024-12-19 21:25:12,755] Trial 1943 finished with value: 0.5551024079322815 and parameters: {'mlp_n_layers': 4, 'mlp_dim_00': 415, 'mlp_dim_01': 336, 'mlp_dim_02': 367, 'mlp_dim_03': 442, 'node_hidden_dim': 64, 'edge_hidden_dim': 67, 'depth': 1, 'rep_dropout': 0.11048713983742522, 'train_learning_rate': 0.0007702746795006348, 'train_lr_reduce': 0.6}. Best is trial 122 with value: 0.09548358619213104.
[I 2024-12-19 21:25:14,213] Trial 1945 finished with value: 1.6498353481292725 and parameters: {'mlp_n_layers': 1, 'mlp_dim_00': 249, 'node_hidden_dim': 76, 'edge_hidden_dim': 84, 'depth': 1, 'rep_dropout': 0.05160096744830824, 'train_learning_rate': 0.00044384709388269153, 'train_lr_reduce': 0.6}. Best is trial 122 with value: 0.09548358619213104.
[I 2024-12-19 21:25:29,934] Trial 1944 finished with value: 0.20625334978103638 and parameters: {'mlp_n_layers': 4, 'mlp_dim_00': 343, 'mlp_dim_01': 460, 'mlp_dim_02': 447, 'mlp_dim_03': 368, 'node_hidden_dim': 67, 'edge_hidden_dim': 56, 'depth': 1, 'rep_dropout': 0.07825536732991785, 'train_learning_rate': 0.0010091368736696838, 'train_lr_reduce': 0.6}. Best is trial 122 with value: 0.09548358619213104.
[I 2024-12-19 21:25:44,063] Trial 1947 finished with value: 0.15870167315006256 and parameters: {'mlp_n_layers': 4, 'mlp_dim_00': 314, 'mlp_dim_01': 465, 'mlp_dim_02': 439, 'mlp_dim_03': 356, 'node_hidden_dim': 56, 'edge_hidden_dim': 69, 'depth': 1, 'rep_dropout': 0.12708395794555244, 'train_learning_rate': 0.000855867504171645, 'train_lr_reduce': 0.6}. Best is trial 122 with value: 0.09548358619213104.
[I 2024-12-19 21:25:56,442] Trial 1946 finished with value: 0.11370404809713364 and parameters: {'mlp_n_layers': 4, 'mlp_dim_00': 321, 'mlp_dim_01': 465, 'mlp_dim_02': 448, 'mlp_dim_03': 359, 'node_hidden_dim': 79, 'edge_hidden_dim': 83, 'depth': 1, 'rep_dropout': 0.07132104350764468, 'train_learning_rate': 0.0017836801084345163, 'train_lr_reduce': 0.6}. Best is trial 122 with value: 0.09548358619213104.
[I 2024-12-19 21:26:02,110] Trial 1950 finished with value: 1.6653131246566772 and parameters: {'mlp_n_layers': 3, 'mlp_dim_00': 401, 'mlp_dim_01': 448, 'mlp_dim_02': 428, 'node_hidden_dim': 65, 'edge_hidden_dim': 79, 'depth': 2, 'rep_dropout': 0.07368532534589775, 'train_learning_rate': 0.0006763728536811492, 'train_lr_reduce': 0.6}. Best is trial 122 with value: 0.09548358619213104.
[I 2024-12-19 21:26:11,563] Trial 1948 finished with value: 0.14346373081207275 and parameters: {'mlp_n_layers': 4, 'mlp_dim_00': 280, 'mlp_dim_01': 479, 'mlp_dim_02': 442, 'mlp_dim_03': 359, 'node_hidden_dim': 113, 'edge_hidden_dim': 56, 'depth': 2, 'rep_dropout': 0.08589722829043725, 'train_learning_rate': 0.0014677328338504338, 'train_lr_reduce': 0.6}. Best is trial 122 with value: 0.09548358619213104.
[I 2024-12-19 21:26:25,015] Trial 1949 finished with value: 0.13225936889648438 and parameters: {'mlp_n_layers': 4, 'mlp_dim_00': 275, 'mlp_dim_01': 477, 'mlp_dim_02': 476, 'mlp_dim_03': 364, 'node_hidden_dim': 89, 'edge_hidden_dim': 69, 'depth': 1, 'rep_dropout': 0.08625016475352464, 'train_learning_rate': 0.0019196214221628054, 'train_lr_reduce': 0.6}. Best is trial 122 with value: 0.09548358619213104.
[I 2024-12-19 21:26:37,010] Trial 1952 finished with value: 0.2778199017047882 and parameters: {'mlp_n_layers': 4, 'mlp_dim_00': 367, 'mlp_dim_01': 453, 'mlp_dim_02': 484, 'mlp_dim_03': 348, 'node_hidden_dim': 78, 'edge_hidden_dim': 75, 'depth': 2, 'rep_dropout': 0.0857633742187243, 'train_learning_rate': 0.001964589489501761, 'train_lr_reduce': 0.6}. Best is trial 122 with value: 0.09548358619213104.
[I 2024-12-19 21:26:48,962] Trial 1951 finished with value: 0.20468854904174805 and parameters: {'mlp_n_layers': 4, 'mlp_dim_00': 253, 'mlp_dim_01': 454, 'mlp_dim_02': 421, 'mlp_dim_03': 382, 'node_hidden_dim': 114, 'edge_hidden_dim': 47, 'depth': 4, 'rep_dropout': 0.1284201227996914, 'train_learning_rate': 0.006029933729377911, 'train_lr_reduce': 0.6}. Best is trial 122 with value: 0.09548358619213104.
[I 2024-12-19 21:27:10,953] Trial 1953 finished with value: 0.10492493957281113 and parameters: {'mlp_n_layers': 4, 'mlp_dim_00': 251, 'mlp_dim_01': 478, 'mlp_dim_02': 425, 'mlp_dim_03': 381, 'node_hidden_dim': 82, 'edge_hidden_dim': 81, 'depth': 1, 'rep_dropout': 0.07385580821420475, 'train_learning_rate': 0.0009712065916662935, 'train_lr_reduce': 0.6}. Best is trial 122 with value: 0.09548358619213104.
[I 2024-12-19 21:27:19,535] Trial 1954 finished with value: 0.11438499391078949 and parameters: {'mlp_n_layers': 4, 'mlp_dim_00': 311, 'mlp_dim_01': 486, 'mlp_dim_02': 476, 'mlp_dim_03': 355, 'node_hidden_dim': 63, 'edge_hidden_dim': 61, 'depth': 1, 'rep_dropout': 0.11291450978255002, 'train_learning_rate': 0.000624785967247029, 'train_lr_reduce': 0.6}. Best is trial 122 with value: 0.09548358619213104.
[I 2024-12-19 21:27:36,063] Trial 1955 finished with value: 0.16171839833259583 and parameters: {'mlp_n_layers': 4, 'mlp_dim_00': 388, 'mlp_dim_01': 445, 'mlp_dim_02': 418, 'mlp_dim_03': 392, 'node_hidden_dim': 88, 'edge_hidden_dim': 70, 'depth': 1, 'rep_dropout': 0.04591161965474119, 'train_learning_rate': 0.0009172930844027799, 'train_lr_reduce': 0.6}. Best is trial 122 with value: 0.09548358619213104.
[I 2024-12-19 21:27:42,136] Trial 1958 finished with value: 1.6177600622177124 and parameters: {'mlp_n_layers': 4, 'mlp_dim_00': 353, 'mlp_dim_01': 482, 'mlp_dim_02': 447, 'mlp_dim_03': 349, 'node_hidden_dim': 69, 'edge_hidden_dim': 62, 'depth': 2, 'rep_dropout': 0.08808127559201817, 'train_learning_rate': 0.0017528617110179807, 'train_lr_reduce': 0.6}. Best is trial 122 with value: 0.09548358619213104.
[I 2024-12-19 21:27:43,820] Trial 1957 finished with value: 0.205206036567688 and parameters: {'mlp_n_layers': 4, 'mlp_dim_00': 494, 'mlp_dim_01': 457, 'mlp_dim_02': 422, 'mlp_dim_03': 391, 'node_hidden_dim': 88, 'edge_hidden_dim': 84, 'depth': 1, 'rep_dropout': 0.14982843725282965, 'train_learning_rate': 0.0007831203092851821, 'train_lr_reduce': 0.6}. Best is trial 122 with value: 0.09548358619213104.
[I 2024-12-19 21:28:00,449] Trial 1956 finished with value: 0.15390543639659882 and parameters: {'mlp_n_layers': 3, 'mlp_dim_00': 280, 'mlp_dim_01': 488, 'mlp_dim_02': 475, 'node_hidden_dim': 65, 'edge_hidden_dim': 97, 'depth': 1, 'rep_dropout': 0.10849460273849608, 'train_learning_rate': 0.000683149720912819, 'train_lr_reduce': 0.6}. Best is trial 122 with value: 0.09548358619213104.
[I 2024-12-19 21:28:32,936] Trial 1960 finished with value: 0.1259603500366211 and parameters: {'mlp_n_layers': 4, 'mlp_dim_00': 364, 'mlp_dim_01': 435, 'mlp_dim_02': 410, 'mlp_dim_03': 418, 'node_hidden_dim': 78, 'edge_hidden_dim': 68, 'depth': 1, 'rep_dropout': 0.11003418968270443, 'train_learning_rate': 0.0008481727121403574, 'train_lr_reduce': 0.6}. Best is trial 122 with value: 0.09548358619213104.
[I 2024-12-19 21:28:34,264] Trial 1959 finished with value: 0.29197293519973755 and parameters: {'mlp_n_layers': 4, 'mlp_dim_00': 248, 'mlp_dim_01': 451, 'mlp_dim_02': 480, 'mlp_dim_03': 408, 'node_hidden_dim': 63, 'edge_hidden_dim': 81, 'depth': 2, 'rep_dropout': 0.06799814739388772, 'train_learning_rate': 0.002544338913506923, 'train_lr_reduce': 0.6}. Best is trial 122 with value: 0.09548358619213104.
[I 2024-12-19 21:28:40,266] Trial 1963 finished with value: 1.6814501285552979 and parameters: {'mlp_n_layers': 1, 'mlp_dim_00': 505, 'node_hidden_dim': 114, 'edge_hidden_dim': 100, 'depth': 4, 'rep_dropout': 0.14582936772906088, 'train_learning_rate': 0.00012269088430213548, 'train_lr_reduce': 0.6}. Best is trial 122 with value: 0.09548358619213104.
[I 2024-12-19 21:28:41,055] Trial 1961 finished with value: 0.40990111231803894 and parameters: {'mlp_n_layers': 2, 'mlp_dim_00': 322, 'mlp_dim_01': 484, 'node_hidden_dim': 63, 'edge_hidden_dim': 124, 'depth': 2, 'rep_dropout': 0.11715199613038713, 'train_learning_rate': 0.009738451096977178, 'train_lr_reduce': 0.6}. Best is trial 122 with value: 0.09548358619213104.
[I 2024-12-19 21:28:46,057] Trial 1965 finished with value: 1.6780966520309448 and parameters: {'mlp_n_layers': 4, 'mlp_dim_00': 494, 'mlp_dim_01': 511, 'mlp_dim_02': 474, 'mlp_dim_03': 341, 'node_hidden_dim': 46, 'edge_hidden_dim': 60, 'depth': 1, 'rep_dropout': 0.13730779317921118, 'train_learning_rate': 0.0003759769009385555, 'train_lr_reduce': 0.6}. Best is trial 122 with value: 0.09548358619213104.
[I 2024-12-19 21:28:59,398] Trial 1962 finished with value: 0.15906113386154175 and parameters: {'mlp_n_layers': 4, 'mlp_dim_00': 271, 'mlp_dim_01': 447, 'mlp_dim_02': 403, 'mlp_dim_03': 356, 'node_hidden_dim': 70, 'edge_hidden_dim': 87, 'depth': 1, 'rep_dropout': 0.07934870320101067, 'train_learning_rate': 0.0014709783689419768, 'train_lr_reduce': 0.6}. Best is trial 122 with value: 0.09548358619213104.
[I 2024-12-19 21:29:28,004] Trial 1964 finished with value: 0.10636461526155472 and parameters: {'mlp_n_layers': 4, 'mlp_dim_00': 493, 'mlp_dim_01': 484, 'mlp_dim_02': 156, 'mlp_dim_03': 407, 'node_hidden_dim': 60, 'edge_hidden_dim': 74, 'depth': 1, 'rep_dropout': 0.14656058563730096, 'train_learning_rate': 0.0011846301081915118, 'train_lr_reduce': 0.6}. Best is trial 122 with value: 0.09548358619213104.
[I 2024-12-19 21:29:29,392] Trial 1966 finished with value: 0.10746628046035767 and parameters: {'mlp_n_layers': 4, 'mlp_dim_00': 494, 'mlp_dim_01': 437, 'mlp_dim_02': 446, 'mlp_dim_03': 409, 'node_hidden_dim': 84, 'edge_hidden_dim': 55, 'depth': 1, 'rep_dropout': 0.14463688396999044, 'train_learning_rate': 0.0005073031630294574, 'train_lr_reduce': 0.6}. Best is trial 122 with value: 0.09548358619213104.
[I 2024-12-19 21:29:34,711] Trial 1968 finished with value: 1.6855504512786865 and parameters: {'mlp_n_layers': 4, 'mlp_dim_00': 486, 'mlp_dim_01': 430, 'mlp_dim_02': 400, 'mlp_dim_03': 377, 'node_hidden_dim': 82, 'edge_hidden_dim': 50, 'depth': 2, 'rep_dropout': 0.12098724239490505, 'train_learning_rate': 0.00011961590671357396, 'train_lr_reduce': 0.6}. Best is trial 122 with value: 0.09548358619213104.
[I 2024-12-19 21:29:40,958] Trial 1970 finished with value: 1.6835719347000122 and parameters: {'mlp_n_layers': 4, 'mlp_dim_00': 352, 'mlp_dim_01': 512, 'mlp_dim_02': 455, 'mlp_dim_03': 400, 'node_hidden_dim': 82, 'edge_hidden_dim': 87, 'depth': 1, 'rep_dropout': 0.14270690832251393, 'train_learning_rate': 0.00019823955447178902, 'train_lr_reduce': 0.6}. Best is trial 122 with value: 0.09548358619213104.
[I 2024-12-19 21:29:47,596] Trial 1967 finished with value: 0.1213417574763298 and parameters: {'mlp_n_layers': 4, 'mlp_dim_00': 343, 'mlp_dim_01': 441, 'mlp_dim_02': 512, 'mlp_dim_03': 449, 'node_hidden_dim': 81, 'edge_hidden_dim': 77, 'depth': 1, 'rep_dropout': 0.0910683425154534, 'train_learning_rate': 0.0004672848872671615, 'train_lr_reduce': 0.6}. Best is trial 122 with value: 0.09548358619213104.
[I 2024-12-19 21:29:48,222] Trial 1969 finished with value: 0.28927356004714966 and parameters: {'mlp_n_layers': 4, 'mlp_dim_00': 290, 'mlp_dim_01': 512, 'mlp_dim_02': 273, 'mlp_dim_03': 445, 'node_hidden_dim': 90, 'edge_hidden_dim': 51, 'depth': 1, 'rep_dropout': 0.11791570570557364, 'train_learning_rate': 0.001273510581518258, 'train_lr_reduce': 0.6}. Best is trial 122 with value: 0.09548358619213104.
[I 2024-12-19 21:29:53,590] Trial 1973 finished with value: 1.6461631059646606 and parameters: {'mlp_n_layers': 3, 'mlp_dim_00': 236, 'mlp_dim_01': 512, 'mlp_dim_02': 479, 'node_hidden_dim': 93, 'edge_hidden_dim': 60, 'depth': 1, 'rep_dropout': 0.14679515472203541, 'train_learning_rate': 0.002447450528715203, 'train_lr_reduce': 0.6}. Best is trial 122 with value: 0.09548358619213104.
[I 2024-12-19 21:29:55,939] Trial 1971 finished with value: 0.6157917976379395 and parameters: {'mlp_n_layers': 4, 'mlp_dim_00': 344, 'mlp_dim_01': 482, 'mlp_dim_02': 192, 'mlp_dim_03': 476, 'node_hidden_dim': 71, 'edge_hidden_dim': 74, 'depth': 1, 'rep_dropout': 0.067231390632154, 'train_learning_rate': 0.0010418761941107099, 'train_lr_reduce': 0.6}. Best is trial 122 with value: 0.09548358619213104.
[I 2024-12-19 21:29:59,177] Trial 1974 finished with value: 1.632925271987915 and parameters: {'mlp_n_layers': 4, 'mlp_dim_00': 286, 'mlp_dim_01': 265, 'mlp_dim_02': 401, 'mlp_dim_03': 478, 'node_hidden_dim': 60, 'edge_hidden_dim': 72, 'depth': 2, 'rep_dropout': 0.11516936536585039, 'train_learning_rate': 0.0021097945586782078, 'train_lr_reduce': 0.6}. Best is trial 122 with value: 0.09548358619213104.
[I 2024-12-19 21:30:00,782] Trial 1975 finished with value: 1.6402935981750488 and parameters: {'mlp_n_layers': 2, 'mlp_dim_00': 390, 'mlp_dim_01': 455, 'node_hidden_dim': 85, 'edge_hidden_dim': 118, 'depth': 1, 'rep_dropout': 0.0541825656963115, 'train_learning_rate': 0.00011346880367789769, 'train_lr_reduce': 0.6}. Best is trial 122 with value: 0.09548358619213104.
[I 2024-12-19 21:30:06,029] Trial 1977 finished with value: 1.6573388576507568 and parameters: {'mlp_n_layers': 3, 'mlp_dim_00': 385, 'mlp_dim_01': 419, 'mlp_dim_02': 239, 'node_hidden_dim': 73, 'edge_hidden_dim': 61, 'depth': 1, 'rep_dropout': 0.08572820540766624, 'train_learning_rate': 0.0007905589526747567, 'train_lr_reduce': 0.6}. Best is trial 122 with value: 0.09548358619213104.
[I 2024-12-19 21:30:25,474] Trial 1972 finished with value: 0.1298915594816208 and parameters: {'mlp_n_layers': 4, 'mlp_dim_00': 353, 'mlp_dim_01': 427, 'mlp_dim_02': 400, 'mlp_dim_03': 365, 'node_hidden_dim': 55, 'edge_hidden_dim': 90, 'depth': 1, 'rep_dropout': 0.0862040617039328, 'train_learning_rate': 0.0009795107308776863, 'train_lr_reduce': 0.6}. Best is trial 122 with value: 0.09548358619213104.
[I 2024-12-19 21:30:29,232] Trial 1976 finished with value: 0.1542002558708191 and parameters: {'mlp_n_layers': 4, 'mlp_dim_00': 300, 'mlp_dim_01': 478, 'mlp_dim_02': 446, 'mlp_dim_03': 434, 'node_hidden_dim': 74, 'edge_hidden_dim': 61, 'depth': 1, 'rep_dropout': 0.10443801343066757, 'train_learning_rate': 0.0005357470579220095, 'train_lr_reduce': 0.6}. Best is trial 122 with value: 0.09548358619213104.
[I 2024-12-19 21:30:30,573] Trial 1979 finished with value: 1.6736007928848267 and parameters: {'mlp_n_layers': 3, 'mlp_dim_00': 308, 'mlp_dim_01': 450, 'mlp_dim_02': 313, 'node_hidden_dim': 51, 'edge_hidden_dim': 83, 'depth': 1, 'rep_dropout': 0.14584350976092134, 'train_learning_rate': 0.00025969071839705883, 'train_lr_reduce': 0.6}. Best is trial 122 with value: 0.09548358619213104.
[I 2024-12-19 21:30:30,686] Trial 1978 finished with value: 0.27702510356903076 and parameters: {'mlp_n_layers': 4, 'mlp_dim_00': 268, 'mlp_dim_01': 278, 'mlp_dim_02': 380, 'mlp_dim_03': 334, 'node_hidden_dim': 70, 'edge_hidden_dim': 73, 'depth': 1, 'rep_dropout': 0.05997875674965353, 'train_learning_rate': 0.0010613753921712664, 'train_lr_reduce': 0.6}. Best is trial 122 with value: 0.09548358619213104.
[I 2024-12-19 21:30:33,920] Trial 1980 finished with value: 1.6712849140167236 and parameters: {'mlp_n_layers': 3, 'mlp_dim_00': 314, 'mlp_dim_01': 203, 'mlp_dim_02': 479, 'node_hidden_dim': 91, 'edge_hidden_dim': 70, 'depth': 1, 'rep_dropout': 0.09081402034589414, 'train_learning_rate': 0.00043150855844873267, 'train_lr_reduce': 0.6}. Best is trial 122 with value: 0.09548358619213104.
