[I 2024-12-19 18:52:11,100] Trial 609 finished with value: 1.6258869171142578 and parameters: {'mlp_n_layers': 3, 'mlp_dim_00': 471, 'mlp_dim_01': 374, 'mlp_dim_02': 270, 'node_hidden_dim': 54, 'edge_hidden_dim': 58, 'depth': 1, 'rep_dropout': 0.10475640596649015, 'train_learning_rate': 0.0010832014584523514, 'train_lr_reduce': 0.6}. Best is trial 122 with value: 0.09548358619213104.
[I 2024-12-19 18:52:16,587] Trial 606 finished with value: 0.13542944192886353 and parameters: {'mlp_n_layers': 4, 'mlp_dim_00': 265, 'mlp_dim_01': 430, 'mlp_dim_02': 320, 'mlp_dim_03': 317, 'node_hidden_dim': 85, 'edge_hidden_dim': 38, 'depth': 1, 'rep_dropout': 0.14870252779093251, 'train_learning_rate': 0.002497034625078805, 'train_lr_reduce': 0.6}. Best is trial 122 with value: 0.09548358619213104.
[I 2024-12-19 18:52:23,953] Trial 608 finished with value: 0.24428047239780426 and parameters: {'mlp_n_layers': 4, 'mlp_dim_00': 470, 'mlp_dim_01': 472, 'mlp_dim_02': 186, 'mlp_dim_03': 422, 'node_hidden_dim': 125, 'edge_hidden_dim': 73, 'depth': 1, 'rep_dropout': 0.1369603205185185, 'train_learning_rate': 0.00058618339598104, 'train_lr_reduce': 0.6}. Best is trial 122 with value: 0.09548358619213104.
[I 2024-12-19 18:52:35,362] Trial 610 finished with value: 0.2565154731273651 and parameters: {'mlp_n_layers': 4, 'mlp_dim_00': 359, 'mlp_dim_01': 511, 'mlp_dim_02': 415, 'mlp_dim_03': 464, 'node_hidden_dim': 69, 'edge_hidden_dim': 84, 'depth': 1, 'rep_dropout': 0.1159119232464432, 'train_learning_rate': 0.0003484489875451565, 'train_lr_reduce': 0.6}. Best is trial 122 with value: 0.09548358619213104.
[I 2024-12-19 18:52:57,641] Trial 613 finished with value: 1.3334892988204956 and parameters: {'mlp_n_layers': 3, 'mlp_dim_00': 99, 'mlp_dim_01': 150, 'mlp_dim_02': 197, 'node_hidden_dim': 90, 'edge_hidden_dim': 110, 'depth': 3, 'rep_dropout': 0.08537908317001255, 'train_learning_rate': 0.0022060787428427177, 'train_lr_reduce': 0.6}. Best is trial 122 with value: 0.09548358619213104.
[I 2024-12-19 18:53:02,955] Trial 611 finished with value: 0.11460630595684052 and parameters: {'mlp_n_layers': 4, 'mlp_dim_00': 437, 'mlp_dim_01': 427, 'mlp_dim_02': 110, 'mlp_dim_03': 395, 'node_hidden_dim': 75, 'edge_hidden_dim': 50, 'depth': 1, 'rep_dropout': 0.1249148904779576, 'train_learning_rate': 0.000596202850560727, 'train_lr_reduce': 0.6}. Best is trial 122 with value: 0.09548358619213104.
[I 2024-12-19 18:53:05,591] Trial 612 finished with value: 0.14864543080329895 and parameters: {'mlp_n_layers': 3, 'mlp_dim_00': 363, 'mlp_dim_01': 478, 'mlp_dim_02': 344, 'node_hidden_dim': 86, 'edge_hidden_dim': 82, 'depth': 1, 'rep_dropout': 0.11609817195743113, 'train_learning_rate': 0.0004745796471615545, 'train_lr_reduce': 0.6}. Best is trial 122 with value: 0.09548358619213104.
[I 2024-12-19 18:53:09,163] Trial 615 finished with value: 1.6761820316314697 and parameters: {'mlp_n_layers': 3, 'mlp_dim_00': 461, 'mlp_dim_01': 421, 'mlp_dim_02': 280, 'node_hidden_dim': 61, 'edge_hidden_dim': 64, 'depth': 2, 'rep_dropout': 0.1146454734659575, 'train_learning_rate': 0.00031178848174109484, 'train_lr_reduce': 0.6}. Best is trial 122 with value: 0.09548358619213104.
[I 2024-12-19 18:53:11,445] Trial 616 finished with value: 1.659012794494629 and parameters: {'mlp_n_layers': 3, 'mlp_dim_00': 342, 'mlp_dim_01': 474, 'mlp_dim_02': 431, 'node_hidden_dim': 48, 'edge_hidden_dim': 88, 'depth': 3, 'rep_dropout': 0.05586211413892267, 'train_learning_rate': 0.0005244891262205349, 'train_lr_reduce': 0.6}. Best is trial 122 with value: 0.09548358619213104.
[I 2024-12-19 18:53:16,871] Trial 618 finished with value: 1.6157008409500122 and parameters: {'mlp_n_layers': 3, 'mlp_dim_00': 355, 'mlp_dim_01': 509, 'mlp_dim_02': 110, 'node_hidden_dim': 35, 'edge_hidden_dim': 37, 'depth': 1, 'rep_dropout': 0.1264211610198753, 'train_learning_rate': 0.008952292513866767, 'train_lr_reduce': 0.6}. Best is trial 122 with value: 0.09548358619213104.
[I 2024-12-19 18:53:22,293] Trial 614 finished with value: 0.23564042150974274 and parameters: {'mlp_n_layers': 2, 'mlp_dim_00': 398, 'mlp_dim_01': 339, 'node_hidden_dim': 45, 'edge_hidden_dim': 58, 'depth': 1, 'rep_dropout': 0.1491085866662504, 'train_learning_rate': 0.0064557571955804, 'train_lr_reduce': 0.6}. Best is trial 122 with value: 0.09548358619213104.
[I 2024-12-19 18:53:22,713] Trial 619 finished with value: 1.674583077430725 and parameters: {'mlp_n_layers': 4, 'mlp_dim_00': 506, 'mlp_dim_01': 220, 'mlp_dim_02': 373, 'mlp_dim_03': 472, 'node_hidden_dim': 49, 'edge_hidden_dim': 75, 'depth': 2, 'rep_dropout': 0.11242453352911884, 'train_learning_rate': 0.00026581300585566654, 'train_lr_reduce': 0.6}. Best is trial 122 with value: 0.09548358619213104.
[I 2024-12-19 18:53:27,170] Trial 621 finished with value: 1.640392780303955 and parameters: {'mlp_n_layers': 3, 'mlp_dim_00': 498, 'mlp_dim_01': 378, 'mlp_dim_02': 229, 'node_hidden_dim': 85, 'edge_hidden_dim': 74, 'depth': 1, 'rep_dropout': 0.1403543282862133, 'train_learning_rate': 0.000677321862793212, 'train_lr_reduce': 0.6}. Best is trial 122 with value: 0.09548358619213104.
[I 2024-12-19 18:53:27,175] Trial 620 finished with value: 1.67973792552948 and parameters: {'mlp_n_layers': 4, 'mlp_dim_00': 476, 'mlp_dim_01': 446, 'mlp_dim_02': 319, 'mlp_dim_03': 212, 'node_hidden_dim': 53, 'edge_hidden_dim': 64, 'depth': 1, 'rep_dropout': 0.11240681798205385, 'train_learning_rate': 0.0005563883209919985, 'train_lr_reduce': 0.6}. Best is trial 122 with value: 0.09548358619213104.
[I 2024-12-19 18:53:31,659] Trial 623 finished with value: 1.6620012521743774 and parameters: {'mlp_n_layers': 3, 'mlp_dim_00': 438, 'mlp_dim_01': 512, 'mlp_dim_02': 322, 'node_hidden_dim': 84, 'edge_hidden_dim': 50, 'depth': 1, 'rep_dropout': 0.1440681817895371, 'train_learning_rate': 0.00048646962780466476, 'train_lr_reduce': 0.6}. Best is trial 122 with value: 0.09548358619213104.
[I 2024-12-19 18:53:51,791] Trial 617 finished with value: 0.1325870305299759 and parameters: {'mlp_n_layers': 3, 'mlp_dim_00': 499, 'mlp_dim_01': 405, 'mlp_dim_02': 159, 'node_hidden_dim': 121, 'edge_hidden_dim': 61, 'depth': 1, 'rep_dropout': 0.1449366759960833, 'train_learning_rate': 0.0005566440480373721, 'train_lr_reduce': 0.6}. Best is trial 122 with value: 0.09548358619213104.
[I 2024-12-19 18:54:11,584] Trial 622 finished with value: 0.14326435327529907 and parameters: {'mlp_n_layers': 3, 'mlp_dim_00': 509, 'mlp_dim_01': 467, 'mlp_dim_02': 304, 'node_hidden_dim': 95, 'edge_hidden_dim': 43, 'depth': 1, 'rep_dropout': 0.10364814688379899, 'train_learning_rate': 0.0007267478075734501, 'train_lr_reduce': 0.6}. Best is trial 122 with value: 0.09548358619213104.
[I 2024-12-19 18:54:16,133] Trial 626 finished with value: 1.684930443763733 and parameters: {'mlp_n_layers': 4, 'mlp_dim_00': 417, 'mlp_dim_01': 472, 'mlp_dim_02': 176, 'mlp_dim_03': 374, 'node_hidden_dim': 89, 'edge_hidden_dim': 43, 'depth': 1, 'rep_dropout': 0.10181609378522703, 'train_learning_rate': 0.00027427949879514765, 'train_lr_reduce': 0.6}. Best is trial 122 with value: 0.09548358619213104.
[I 2024-12-19 18:54:16,647] Trial 624 finished with value: 0.11955080181360245 and parameters: {'mlp_n_layers': 4, 'mlp_dim_00': 433, 'mlp_dim_01': 438, 'mlp_dim_02': 116, 'mlp_dim_03': 422, 'node_hidden_dim': 103, 'edge_hidden_dim': 62, 'depth': 1, 'rep_dropout': 0.07323083667234664, 'train_learning_rate': 0.0005380774191865249, 'train_lr_reduce': 0.6}. Best is trial 122 with value: 0.09548358619213104.
[I 2024-12-19 18:54:33,204] Trial 625 finished with value: 0.13957282900810242 and parameters: {'mlp_n_layers': 4, 'mlp_dim_00': 506, 'mlp_dim_01': 351, 'mlp_dim_02': 437, 'mlp_dim_03': 480, 'node_hidden_dim': 76, 'edge_hidden_dim': 50, 'depth': 1, 'rep_dropout': 0.1464008164862973, 'train_learning_rate': 0.0005196312705663344, 'train_lr_reduce': 0.6}. Best is trial 122 with value: 0.09548358619213104.
[I 2024-12-19 18:54:39,133] Trial 629 finished with value: 1.6696631908416748 and parameters: {'mlp_n_layers': 2, 'mlp_dim_00': 345, 'mlp_dim_01': 174, 'node_hidden_dim': 63, 'edge_hidden_dim': 122, 'depth': 3, 'rep_dropout': 0.128004185030811, 'train_learning_rate': 0.00010315943758054814, 'train_lr_reduce': 0.6}. Best is trial 122 with value: 0.09548358619213104.
[I 2024-12-19 18:54:41,399] Trial 627 finished with value: 0.2361147403717041 and parameters: {'mlp_n_layers': 4, 'mlp_dim_00': 425, 'mlp_dim_01': 401, 'mlp_dim_02': 388, 'mlp_dim_03': 470, 'node_hidden_dim': 111, 'edge_hidden_dim': 62, 'depth': 1, 'rep_dropout': 0.09614728094088903, 'train_learning_rate': 0.0006073957167295108, 'train_lr_reduce': 0.6}. Best is trial 122 with value: 0.09548358619213104.
[I 2024-12-19 18:54:46,235] Trial 628 finished with value: 0.17403128743171692 and parameters: {'mlp_n_layers': 3, 'mlp_dim_00': 415, 'mlp_dim_01': 511, 'mlp_dim_02': 65, 'node_hidden_dim': 93, 'edge_hidden_dim': 57, 'depth': 1, 'rep_dropout': 0.12772501085687643, 'train_learning_rate': 0.0011155539821107532, 'train_lr_reduce': 0.6}. Best is trial 122 with value: 0.09548358619213104.
[I 2024-12-19 18:55:19,596] Trial 630 finished with value: 0.1257840096950531 and parameters: {'mlp_n_layers': 4, 'mlp_dim_00': 491, 'mlp_dim_01': 70, 'mlp_dim_02': 239, 'mlp_dim_03': 288, 'node_hidden_dim': 86, 'edge_hidden_dim': 44, 'depth': 1, 'rep_dropout': 0.10986231363167281, 'train_learning_rate': 0.0009069406644750877, 'train_lr_reduce': 0.6}. Best is trial 122 with value: 0.09548358619213104.
[I 2024-12-19 18:55:21,530] Trial 631 finished with value: 0.13042064011096954 and parameters: {'mlp_n_layers': 3, 'mlp_dim_00': 397, 'mlp_dim_01': 436, 'mlp_dim_02': 148, 'node_hidden_dim': 110, 'edge_hidden_dim': 33, 'depth': 2, 'rep_dropout': 0.08812812040203362, 'train_learning_rate': 0.0026216536133489934, 'train_lr_reduce': 0.6}. Best is trial 122 with value: 0.09548358619213104.
[I 2024-12-19 18:55:25,728] Trial 634 finished with value: 1.6430885791778564 and parameters: {'mlp_n_layers': 4, 'mlp_dim_00': 488, 'mlp_dim_01': 512, 'mlp_dim_02': 461, 'mlp_dim_03': 473, 'node_hidden_dim': 50, 'edge_hidden_dim': 55, 'depth': 1, 'rep_dropout': 0.12210166013809473, 'train_learning_rate': 0.0010991828721659597, 'train_lr_reduce': 0.6}. Best is trial 122 with value: 0.09548358619213104.
[I 2024-12-19 18:55:26,067] Trial 632 finished with value: 0.09648969024419785 and parameters: {'mlp_n_layers': 4, 'mlp_dim_00': 509, 'mlp_dim_01': 474, 'mlp_dim_02': 360, 'mlp_dim_03': 414, 'node_hidden_dim': 72, 'edge_hidden_dim': 42, 'depth': 1, 'rep_dropout': 0.12365964597363538, 'train_learning_rate': 0.0013823182687553103, 'train_lr_reduce': 0.6}. Best is trial 122 with value: 0.09548358619213104.
[I 2024-12-19 18:55:30,284] Trial 635 finished with value: 1.6318261623382568 and parameters: {'mlp_n_layers': 4, 'mlp_dim_00': 358, 'mlp_dim_01': 465, 'mlp_dim_02': 369, 'mlp_dim_03': 398, 'node_hidden_dim': 67, 'edge_hidden_dim': 64, 'depth': 1, 'rep_dropout': 0.10490360060663677, 'train_learning_rate': 0.0021237322075373867, 'train_lr_reduce': 0.6}. Best is trial 122 with value: 0.09548358619213104.
[I 2024-12-19 18:55:30,326] Trial 636 finished with value: 1.6165170669555664 and parameters: {'mlp_n_layers': 3, 'mlp_dim_00': 384, 'mlp_dim_01': 471, 'mlp_dim_02': 366, 'node_hidden_dim': 70, 'edge_hidden_dim': 39, 'depth': 1, 'rep_dropout': 0.11221803292709519, 'train_learning_rate': 0.001190354888667553, 'train_lr_reduce': 0.6}. Best is trial 122 with value: 0.09548358619213104.
[I 2024-12-19 18:55:35,401] Trial 637 finished with value: 1.6787114143371582 and parameters: {'mlp_n_layers': 4, 'mlp_dim_00': 476, 'mlp_dim_01': 470, 'mlp_dim_02': 376, 'mlp_dim_03': 410, 'node_hidden_dim': 95, 'edge_hidden_dim': 77, 'depth': 1, 'rep_dropout': 0.1070072965503428, 'train_learning_rate': 0.0003515304013112847, 'train_lr_reduce': 0.6}. Best is trial 122 with value: 0.09548358619213104.
[I 2024-12-19 18:55:36,716] Trial 638 finished with value: 1.683339238166809 and parameters: {'mlp_n_layers': 1, 'mlp_dim_00': 88, 'node_hidden_dim': 124, 'edge_hidden_dim': 120, 'depth': 2, 'rep_dropout': 0.1343331354970715, 'train_learning_rate': 0.00010022414076135973, 'train_lr_reduce': 0.6}. Best is trial 122 with value: 0.09548358619213104.
[I 2024-12-19 18:55:39,816] Trial 639 finished with value: 1.5565117597579956 and parameters: {'mlp_n_layers': 4, 'mlp_dim_00': 382, 'mlp_dim_01': 465, 'mlp_dim_02': 347, 'mlp_dim_03': 426, 'node_hidden_dim': 75, 'edge_hidden_dim': 44, 'depth': 1, 'rep_dropout': 0.13681973068236283, 'train_learning_rate': 0.0028003728384447873, 'train_lr_reduce': 0.6}. Best is trial 122 with value: 0.09548358619213104.
[I 2024-12-19 18:55:40,502] Trial 633 finished with value: 0.26190730929374695 and parameters: {'mlp_n_layers': 2, 'mlp_dim_00': 450, 'mlp_dim_01': 386, 'node_hidden_dim': 85, 'edge_hidden_dim': 56, 'depth': 2, 'rep_dropout': 0.10446081896187268, 'train_learning_rate': 0.0024909405001151998, 'train_lr_reduce': 0.6}. Best is trial 122 with value: 0.09548358619213104.
[I 2024-12-19 18:55:44,841] Trial 641 finished with value: 1.6774795055389404 and parameters: {'mlp_n_layers': 4, 'mlp_dim_00': 510, 'mlp_dim_01': 474, 'mlp_dim_02': 362, 'mlp_dim_03': 421, 'node_hidden_dim': 47, 'edge_hidden_dim': 47, 'depth': 1, 'rep_dropout': 0.10680059877039733, 'train_learning_rate': 0.00039301822813409264, 'train_lr_reduce': 0.6}. Best is trial 122 with value: 0.09548358619213104.
[I 2024-12-19 18:55:50,007] Trial 643 finished with value: 1.6302791833877563 and parameters: {'mlp_n_layers': 4, 'mlp_dim_00': 460, 'mlp_dim_01': 438, 'mlp_dim_02': 341, 'mlp_dim_03': 362, 'node_hidden_dim': 51, 'edge_hidden_dim': 33, 'depth': 1, 'rep_dropout': 0.11674698408896624, 'train_learning_rate': 0.0015825230523851205, 'train_lr_reduce': 0.6}. Best is trial 122 with value: 0.09548358619213104.
[I 2024-12-19 18:55:55,570] Trial 640 finished with value: 0.2706007659435272 and parameters: {'mlp_n_layers': 4, 'mlp_dim_00': 361, 'mlp_dim_01': 436, 'mlp_dim_02': 401, 'mlp_dim_03': 350, 'node_hidden_dim': 85, 'edge_hidden_dim': 66, 'depth': 1, 'rep_dropout': 0.1484075968044834, 'train_learning_rate': 0.0014177761815930157, 'train_lr_reduce': 0.6}. Best is trial 122 with value: 0.09548358619213104.
[I 2024-12-19 18:55:58,894] Trial 642 finished with value: 0.2529856860637665 and parameters: {'mlp_n_layers': 4, 'mlp_dim_00': 80, 'mlp_dim_01': 511, 'mlp_dim_02': 423, 'mlp_dim_03': 426, 'node_hidden_dim': 107, 'edge_hidden_dim': 59, 'depth': 1, 'rep_dropout': 0.10546887704150908, 'train_learning_rate': 0.001042278454901661, 'train_lr_reduce': 0.6}. Best is trial 122 with value: 0.09548358619213104.
[I 2024-12-19 18:56:15,740] Trial 644 finished with value: 0.2050926387310028 and parameters: {'mlp_n_layers': 4, 'mlp_dim_00': 417, 'mlp_dim_01': 470, 'mlp_dim_02': 336, 'mlp_dim_03': 439, 'node_hidden_dim': 122, 'edge_hidden_dim': 67, 'depth': 1, 'rep_dropout': 0.05538308938731873, 'train_learning_rate': 0.0005913128213266545, 'train_lr_reduce': 0.6}. Best is trial 122 with value: 0.09548358619213104.
[I 2024-12-19 18:56:25,022] Trial 645 finished with value: 0.13181331753730774 and parameters: {'mlp_n_layers': 4, 'mlp_dim_00': 462, 'mlp_dim_01': 436, 'mlp_dim_02': 411, 'mlp_dim_03': 476, 'node_hidden_dim': 73, 'edge_hidden_dim': 57, 'depth': 1, 'rep_dropout': 0.1180681252202472, 'train_learning_rate': 0.0009403802087935486, 'train_lr_reduce': 0.6}. Best is trial 122 with value: 0.09548358619213104.
[I 2024-12-19 18:56:42,114] Trial 646 finished with value: 0.12082143127918243 and parameters: {'mlp_n_layers': 4, 'mlp_dim_00': 389, 'mlp_dim_01': 475, 'mlp_dim_02': 118, 'mlp_dim_03': 391, 'node_hidden_dim': 65, 'edge_hidden_dim': 58, 'depth': 1, 'rep_dropout': 0.13600198341626576, 'train_learning_rate': 0.0009906756009499778, 'train_lr_reduce': 0.6}. Best is trial 122 with value: 0.09548358619213104.
[I 2024-12-19 18:56:46,848] Trial 649 finished with value: 1.6332802772521973 and parameters: {'mlp_n_layers': 3, 'mlp_dim_00': 506, 'mlp_dim_01': 474, 'mlp_dim_02': 471, 'node_hidden_dim': 63, 'edge_hidden_dim': 36, 'depth': 1, 'rep_dropout': 0.13582729679253727, 'train_learning_rate': 0.0010045466271047312, 'train_lr_reduce': 0.6}. Best is trial 122 with value: 0.09548358619213104.
[I 2024-12-19 18:57:04,705] Trial 647 finished with value: 0.3450661897659302 and parameters: {'mlp_n_layers': 3, 'mlp_dim_00': 391, 'mlp_dim_01': 438, 'mlp_dim_02': 365, 'node_hidden_dim': 97, 'edge_hidden_dim': 67, 'depth': 1, 'rep_dropout': 0.14337924773742272, 'train_learning_rate': 0.0002813258533949775, 'train_lr_reduce': 0.6}. Best is trial 122 with value: 0.09548358619213104.
[I 2024-12-19 18:57:12,204] Trial 648 finished with value: 0.10574517399072647 and parameters: {'mlp_n_layers': 4, 'mlp_dim_00': 495, 'mlp_dim_01': 510, 'mlp_dim_02': 329, 'mlp_dim_03': 470, 'node_hidden_dim': 68, 'edge_hidden_dim': 57, 'depth': 1, 'rep_dropout': 0.13746953185054267, 'train_learning_rate': 0.0009248626161645901, 'train_lr_reduce': 0.6}. Best is trial 122 with value: 0.09548358619213104.
[I 2024-12-19 18:57:30,223] Trial 650 finished with value: 0.10815862566232681 and parameters: {'mlp_n_layers': 4, 'mlp_dim_00': 447, 'mlp_dim_01': 224, 'mlp_dim_02': 159, 'mlp_dim_03': 431, 'node_hidden_dim': 93, 'edge_hidden_dim': 44, 'depth': 1, 'rep_dropout': 0.13157584907986303, 'train_learning_rate': 0.0010991070267291423, 'train_lr_reduce': 0.6}. Best is trial 122 with value: 0.09548358619213104.
[I 2024-12-19 18:57:35,477] Trial 653 finished with value: 1.6627284288406372 and parameters: {'mlp_n_layers': 4, 'mlp_dim_00': 478, 'mlp_dim_01': 510, 'mlp_dim_02': 302, 'mlp_dim_03': 460, 'node_hidden_dim': 71, 'edge_hidden_dim': 53, 'depth': 2, 'rep_dropout': 0.13557454170806996, 'train_learning_rate': 0.000786686066795403, 'train_lr_reduce': 0.6}. Best is trial 122 with value: 0.09548358619213104.
[I 2024-12-19 18:57:35,598] Trial 651 finished with value: 0.2291015386581421 and parameters: {'mlp_n_layers': 4, 'mlp_dim_00': 499, 'mlp_dim_01': 433, 'mlp_dim_02': 107, 'mlp_dim_03': 508, 'node_hidden_dim': 101, 'edge_hidden_dim': 63, 'depth': 1, 'rep_dropout': 0.10536016873763163, 'train_learning_rate': 0.0016410886637106099, 'train_lr_reduce': 0.6}. Best is trial 122 with value: 0.09548358619213104.
[I 2024-12-19 18:57:39,403] Trial 654 finished with value: 1.6528148651123047 and parameters: {'mlp_n_layers': 3, 'mlp_dim_00': 505, 'mlp_dim_01': 511, 'mlp_dim_02': 339, 'node_hidden_dim': 54, 'edge_hidden_dim': 64, 'depth': 1, 'rep_dropout': 0.14635292294542718, 'train_learning_rate': 0.0006231553402145057, 'train_lr_reduce': 0.6}. Best is trial 122 with value: 0.09548358619213104.
[I 2024-12-19 18:57:41,105] Trial 652 finished with value: 0.18734575808048248 and parameters: {'mlp_n_layers': 4, 'mlp_dim_00': 503, 'mlp_dim_01': 511, 'mlp_dim_02': 329, 'mlp_dim_03': 478, 'node_hidden_dim': 67, 'edge_hidden_dim': 58, 'depth': 1, 'rep_dropout': 0.12635157959771887, 'train_learning_rate': 0.0028995568141956083, 'train_lr_reduce': 0.6}. Best is trial 122 with value: 0.09548358619213104.
[I 2024-12-19 18:57:44,808] Trial 656 finished with value: 1.5667431354522705 and parameters: {'mlp_n_layers': 3, 'mlp_dim_00': 456, 'mlp_dim_01': 511, 'mlp_dim_02': 367, 'node_hidden_dim': 33, 'edge_hidden_dim': 40, 'depth': 1, 'rep_dropout': 0.12291849092800848, 'train_learning_rate': 0.007498917186737611, 'train_lr_reduce': 0.6}. Best is trial 122 with value: 0.09548358619213104.
[I 2024-12-19 18:57:50,959] Trial 658 finished with value: 1.6823973655700684 and parameters: {'mlp_n_layers': 4, 'mlp_dim_00': 330, 'mlp_dim_01': 480, 'mlp_dim_02': 384, 'mlp_dim_03': 512, 'node_hidden_dim': 120, 'edge_hidden_dim': 65, 'depth': 1, 'rep_dropout': 0.09543901194900604, 'train_learning_rate': 0.00017345382336345736, 'train_lr_reduce': 0.6}. Best is trial 122 with value: 0.09548358619213104.
[I 2024-12-19 18:57:52,263] Trial 657 finished with value: 1.1392951011657715 and parameters: {'mlp_n_layers': 4, 'mlp_dim_00': 474, 'mlp_dim_01': 474, 'mlp_dim_02': 318, 'mlp_dim_03': 433, 'node_hidden_dim': 96, 'edge_hidden_dim': 44, 'depth': 2, 'rep_dropout': 0.14282850624477247, 'train_learning_rate': 0.0007113524207036999, 'train_lr_reduce': 0.6}. Best is trial 122 with value: 0.09548358619213104.
[I 2024-12-19 18:57:56,017] Trial 659 finished with value: 1.6341047286987305 and parameters: {'mlp_n_layers': 4, 'mlp_dim_00': 502, 'mlp_dim_01': 478, 'mlp_dim_02': 326, 'mlp_dim_03': 440, 'node_hidden_dim': 63, 'edge_hidden_dim': 55, 'depth': 1, 'rep_dropout': 0.1330900468649294, 'train_learning_rate': 0.001675452846344421, 'train_lr_reduce': 0.6}. Best is trial 122 with value: 0.09548358619213104.
[I 2024-12-19 18:58:22,055] Trial 655 finished with value: 0.11438536643981934 and parameters: {'mlp_n_layers': 4, 'mlp_dim_00': 512, 'mlp_dim_01': 509, 'mlp_dim_02': 338, 'mlp_dim_03': 472, 'node_hidden_dim': 70, 'edge_hidden_dim': 62, 'depth': 1, 'rep_dropout': 0.14858368310118897, 'train_learning_rate': 0.0009988651529573489, 'train_lr_reduce': 0.6}. Best is trial 122 with value: 0.09548358619213104.
[I 2024-12-19 18:58:26,934] Trial 661 finished with value: 0.18182829022407532 and parameters: {'mlp_n_layers': 4, 'mlp_dim_00': 450, 'mlp_dim_01': 476, 'mlp_dim_02': 395, 'mlp_dim_03': 422, 'node_hidden_dim': 83, 'edge_hidden_dim': 58, 'depth': 1, 'rep_dropout': 0.11905790247742992, 'train_learning_rate': 0.0016964621471701388, 'train_lr_reduce': 0.6}. Best is trial 122 with value: 0.09548358619213104.
[I 2024-12-19 18:58:32,884] Trial 663 finished with value: 1.5592520236968994 and parameters: {'mlp_n_layers': 2, 'mlp_dim_00': 473, 'mlp_dim_01': 477, 'node_hidden_dim': 120, 'edge_hidden_dim': 92, 'depth': 4, 'rep_dropout': 0.020412732261823288, 'train_learning_rate': 0.006978311482470809, 'train_lr_reduce': 0.6}. Best is trial 122 with value: 0.09548358619213104.
