[I 2024-12-25 15:43:38,400] Trial 384 finished with value: 0.07841737568378448 and parameters: {'L1_hidden_dim': 96, 'L1_layers_atom': 3, 'L1_layers_mol': 1, 'L1_dropout': 0.11405545663160133, 'L1_out_dim': 80, 'L2_hidden_dim': 176, 'L2_layers_atom': 4, 'L2_layers_mol': 4, 'L2_out_dim': 112, 'L2_dropout': 0.0015382211051019165, 'L3_hidden_dim': 64, 'L3_layers_atom': 3, 'L3_layers_mol': 3, 'L3_out_dim': 64, 'L3_dropout': 0.24185137836448398, 'n_mlp_layers': 1, 'mlp_dim_0': 280, 'num_heads': 2, 'final_dropout': 0.21394733089076454, 'train_learning_rate': 0.00022882663491786344, 'train_lr_reduce': 0.6}. Best is trial 332 with value: 0.04597867280244827.
[I 2024-12-25 15:43:39,153] Trial 385 finished with value: 0.06528328359127045 and parameters: {'L1_hidden_dim': 128, 'L1_layers_atom': 2, 'L1_layers_mol': 1, 'L1_dropout': 0.15042892922390597, 'L1_out_dim': 64, 'L2_hidden_dim': 256, 'L2_layers_atom': 4, 'L2_layers_mol': 4, 'L2_out_dim': 128, 'L2_dropout': 0.013972948837309549, 'L3_hidden_dim': 80, 'L3_layers_atom': 4, 'L3_layers_mol': 4, 'L3_out_dim': 32, 'L3_dropout': 0.2536201433717062, 'n_mlp_layers': 2, 'mlp_dim_0': 32, 'mlp_dim_1': 400, 'num_heads': 2, 'final_dropout': 0.09157278886957143, 'train_learning_rate': 0.0003070697289754191, 'train_lr_reduce': 0.6}. Best is trial 332 with value: 0.04597867280244827.
[I 2024-12-25 15:45:25,981] Trial 386 finished with value: 0.0771210715174675 and parameters: {'L1_hidden_dim': 96, 'L1_layers_atom': 3, 'L1_layers_mol': 1, 'L1_dropout': 0.1789090107125492, 'L1_out_dim': 32, 'L2_hidden_dim': 192, 'L2_layers_atom': 4, 'L2_layers_mol': 3, 'L2_out_dim': 64, 'L2_dropout': 0.02136722511677843, 'L3_hidden_dim': 96, 'L3_layers_atom': 3, 'L3_layers_mol': 4, 'L3_out_dim': 32, 'L3_dropout': 0.21095903908210964, 'n_mlp_layers': 1, 'mlp_dim_0': 136, 'num_heads': 2, 'final_dropout': 0.1894565934722276, 'train_learning_rate': 0.00013145359014543097, 'train_lr_reduce': 0.6}. Best is trial 332 with value: 0.04597867280244827.
[I 2024-12-25 15:45:32,509] Trial 387 finished with value: 0.06970933079719543 and parameters: {'L1_hidden_dim': 64, 'L1_layers_atom': 3, 'L1_layers_mol': 4, 'L1_dropout': 0.19008229208143676, 'L1_out_dim': 64, 'L2_hidden_dim': 224, 'L2_layers_atom': 2, 'L2_layers_mol': 1, 'L2_out_dim': 128, 'L2_dropout': 0.008782109406939851, 'L3_hidden_dim': 64, 'L3_layers_atom': 3, 'L3_layers_mol': 1, 'L3_out_dim': 112, 'L3_dropout': 0.25168273842738165, 'n_mlp_layers': 3, 'mlp_dim_0': 136, 'mlp_dim_1': 384, 'mlp_dim_2': 72, 'num_heads': 1, 'final_dropout': 0.017464648188086986, 'train_learning_rate': 0.0005289905065038592, 'train_lr_reduce': 0.6}. Best is trial 332 with value: 0.04597867280244827.
[I 2024-12-25 15:46:03,905] Trial 388 finished with value: 0.37197229266166687 and parameters: {'L1_hidden_dim': 64, 'L1_layers_atom': 2, 'L1_layers_mol': 2, 'L1_dropout': 0.151678059546905, 'L1_out_dim': 64, 'L2_hidden_dim': 208, 'L2_layers_atom': 3, 'L2_layers_mol': 4, 'L2_out_dim': 112, 'L2_dropout': 0.17129132164575622, 'L3_hidden_dim': 80, 'L3_layers_atom': 3, 'L3_layers_mol': 4, 'L3_out_dim': 80, 'L3_dropout': 0.1183193666172084, 'n_mlp_layers': 2, 'mlp_dim_0': 280, 'mlp_dim_1': 400, 'num_heads': 2, 'final_dropout': 0.27394605090643376, 'train_learning_rate': 0.00011153354569561541, 'train_lr_reduce': 0.6}. Best is trial 332 with value: 0.04597867280244827.
[I 2024-12-25 15:47:25,042] Trial 389 finished with value: 0.07086113840341568 and parameters: {'L1_hidden_dim': 80, 'L1_layers_atom': 4, 'L1_layers_mol': 4, 'L1_dropout': 0.1650300957307158, 'L1_out_dim': 128, 'L2_hidden_dim': 144, 'L2_layers_atom': 1, 'L2_layers_mol': 1, 'L2_out_dim': 128, 'L2_dropout': 0.009288176113631839, 'L3_hidden_dim': 32, 'L3_layers_atom': 1, 'L3_layers_mol': 2, 'L3_out_dim': 96, 'L3_dropout': 0.2959389226877814, 'n_mlp_layers': 3, 'mlp_dim_0': 160, 'mlp_dim_1': 248, 'mlp_dim_2': 88, 'num_heads': 1, 'final_dropout': 0.0305481032247174, 'train_learning_rate': 0.00042610967607047313, 'train_lr_reduce': 0.6}. Best is trial 332 with value: 0.04597867280244827.
[I 2024-12-25 15:47:54,640] Trial 391 finished with value: 0.07995248585939407 and parameters: {'L1_hidden_dim': 96, 'L1_layers_atom': 1, 'L1_layers_mol': 2, 'L1_dropout': 0.17949258813370228, 'L1_out_dim': 64, 'L2_hidden_dim': 256, 'L2_layers_atom': 2, 'L2_layers_mol': 3, 'L2_out_dim': 96, 'L2_dropout': 0.04283502984961579, 'L3_hidden_dim': 112, 'L3_layers_atom': 4, 'L3_layers_mol': 4, 'L3_out_dim': 128, 'L3_dropout': 0.2007776172035604, 'n_mlp_layers': 2, 'mlp_dim_0': 96, 'mlp_dim_1': 344, 'num_heads': 2, 'final_dropout': 0.27956030388654024, 'train_learning_rate': 0.00035394002998106273, 'train_lr_reduce': 0.6}. Best is trial 332 with value: 0.04597867280244827.
[I 2024-12-25 15:48:07,462] Trial 390 finished with value: 0.08186689764261246 and parameters: {'L1_hidden_dim': 112, 'L1_layers_atom': 2, 'L1_layers_mol': 2, 'L1_dropout': 0.20252050283535597, 'L1_out_dim': 48, 'L2_hidden_dim': 240, 'L2_layers_atom': 3, 'L2_layers_mol': 2, 'L2_out_dim': 128, 'L2_dropout': 0.11192294913941485, 'L3_hidden_dim': 112, 'L3_layers_atom': 4, 'L3_layers_mol': 4, 'L3_out_dim': 32, 'L3_dropout': 0.12991527654528112, 'n_mlp_layers': 3, 'mlp_dim_0': 200, 'mlp_dim_1': 408, 'mlp_dim_2': 192, 'num_heads': 2, 'final_dropout': 0.27571152873010124, 'train_learning_rate': 0.00019379123406707246, 'train_lr_reduce': 0.6}. Best is trial 332 with value: 0.04597867280244827.
[I 2024-12-25 15:49:59,228] Trial 392 finished with value: 0.07550845295190811 and parameters: {'L1_hidden_dim': 64, 'L1_layers_atom': 2, 'L1_layers_mol': 2, 'L1_dropout': 0.04054412826483551, 'L1_out_dim': 32, 'L2_hidden_dim': 256, 'L2_layers_atom': 3, 'L2_layers_mol': 4, 'L2_out_dim': 128, 'L2_dropout': 0.09598228753971486, 'L3_hidden_dim': 128, 'L3_layers_atom': 4, 'L3_layers_mol': 4, 'L3_out_dim': 80, 'L3_dropout': 0.19566465680337608, 'n_mlp_layers': 1, 'mlp_dim_0': 120, 'num_heads': 2, 'final_dropout': 0.2411919721612413, 'train_learning_rate': 0.0001204454822685271, 'train_lr_reduce': 0.6}. Best is trial 332 with value: 0.04597867280244827.
[I 2024-12-25 15:50:04,192] Trial 394 finished with value: 0.07623645663261414 and parameters: {'L1_hidden_dim': 112, 'L1_layers_atom': 1, 'L1_layers_mol': 1, 'L1_dropout': 0.2116810203362182, 'L1_out_dim': 48, 'L2_hidden_dim': 240, 'L2_layers_atom': 3, 'L2_layers_mol': 1, 'L2_out_dim': 128, 'L2_dropout': 0.006148284057759807, 'L3_hidden_dim': 112, 'L3_layers_atom': 4, 'L3_layers_mol': 3, 'L3_out_dim': 80, 'L3_dropout': 0.15385176120237432, 'n_mlp_layers': 3, 'mlp_dim_0': 32, 'mlp_dim_1': 440, 'mlp_dim_2': 120, 'num_heads': 2, 'final_dropout': 0.25908926403823784, 'train_learning_rate': 0.00028179749107940736, 'train_lr_reduce': 0.6}. Best is trial 332 with value: 0.04597867280244827.
[I 2024-12-25 15:50:06,215] Trial 393 finished with value: 0.06434979289770126 and parameters: {'L1_hidden_dim': 112, 'L1_layers_atom': 4, 'L1_layers_mol': 1, 'L1_dropout': 0.1677807916851992, 'L1_out_dim': 32, 'L2_hidden_dim': 192, 'L2_layers_atom': 4, 'L2_layers_mol': 4, 'L2_out_dim': 112, 'L2_dropout': 0.01122605035036468, 'L3_hidden_dim': 80, 'L3_layers_atom': 4, 'L3_layers_mol': 4, 'L3_out_dim': 64, 'L3_dropout': 0.2161845714786305, 'n_mlp_layers': 2, 'mlp_dim_0': 200, 'mlp_dim_1': 400, 'num_heads': 2, 'final_dropout': 0.22209921218797646, 'train_learning_rate': 0.00013647098637123274, 'train_lr_reduce': 0.6}. Best is trial 332 with value: 0.04597867280244827.
[I 2024-12-25 15:51:41,057] Trial 397 finished with value: 0.07797332853078842 and parameters: {'L1_hidden_dim': 96, 'L1_layers_atom': 4, 'L1_layers_mol': 1, 'L1_dropout': 0.2379969863543282, 'L1_out_dim': 128, 'L2_hidden_dim': 176, 'L2_layers_atom': 4, 'L2_layers_mol': 1, 'L2_out_dim': 64, 'L2_dropout': 0.0034887650019930078, 'L3_hidden_dim': 96, 'L3_layers_atom': 2, 'L3_layers_mol': 2, 'L3_out_dim': 32, 'L3_dropout': 0.2743235760100887, 'n_mlp_layers': 2, 'mlp_dim_0': 104, 'mlp_dim_1': 304, 'num_heads': 1, 'final_dropout': 0.026458316972284974, 'train_learning_rate': 0.0017771654972575043, 'train_lr_reduce': 0.6}. Best is trial 332 with value: 0.04597867280244827.
[I 2024-12-25 15:52:11,162] Trial 395 finished with value: 0.07523684203624725 and parameters: {'L1_hidden_dim': 80, 'L1_layers_atom': 1, 'L1_layers_mol': 2, 'L1_dropout': 0.09759125005791168, 'L1_out_dim': 32, 'L2_hidden_dim': 192, 'L2_layers_atom': 3, 'L2_layers_mol': 1, 'L2_out_dim': 80, 'L2_dropout': 0.004906810511800152, 'L3_hidden_dim': 128, 'L3_layers_atom': 4, 'L3_layers_mol': 3, 'L3_out_dim': 112, 'L3_dropout': 0.17732927286462857, 'n_mlp_layers': 1, 'mlp_dim_0': 168, 'num_heads': 2, 'final_dropout': 0.29154408253317604, 'train_learning_rate': 0.00011617001127676566, 'train_lr_reduce': 0.6}. Best is trial 332 with value: 0.04597867280244827.
[I 2024-12-25 15:52:23,860] Trial 396 finished with value: 0.07291419059038162 and parameters: {'L1_hidden_dim': 96, 'L1_layers_atom': 1, 'L1_layers_mol': 1, 'L1_dropout': 0.1924247193982329, 'L1_out_dim': 48, 'L2_hidden_dim': 208, 'L2_layers_atom': 3, 'L2_layers_mol': 1, 'L2_out_dim': 128, 'L2_dropout': 0.05376817623942721, 'L3_hidden_dim': 128, 'L3_layers_atom': 4, 'L3_layers_mol': 4, 'L3_out_dim': 128, 'L3_dropout': 0.19117280444997467, 'n_mlp_layers': 2, 'mlp_dim_0': 96, 'mlp_dim_1': 424, 'num_heads': 2, 'final_dropout': 0.2232306654405742, 'train_learning_rate': 0.0001099216922744772, 'train_lr_reduce': 0.6}. Best is trial 332 with value: 0.04597867280244827.
[I 2024-12-25 15:52:29,635] Trial 399 finished with value: 1.177689552307129 and parameters: {'L1_hidden_dim': 80, 'L1_layers_atom': 4, 'L1_layers_mol': 2, 'L1_dropout': 0.25268928395134205, 'L1_out_dim': 128, 'L2_hidden_dim': 192, 'L2_layers_atom': 4, 'L2_layers_mol': 2, 'L2_out_dim': 80, 'L2_dropout': 0.059525126335119596, 'L3_hidden_dim': 48, 'L3_layers_atom': 4, 'L3_layers_mol': 2, 'L3_out_dim': 32, 'L3_dropout': 0.26760777517172685, 'n_mlp_layers': 3, 'mlp_dim_0': 96, 'mlp_dim_1': 424, 'mlp_dim_2': 200, 'num_heads': 1, 'final_dropout': 0.030705419531587664, 'train_learning_rate': 0.0010243383314781052, 'train_lr_reduce': 0.6}. Best is trial 332 with value: 0.04597867280244827.
[I 2024-12-25 15:52:53,826] Trial 398 finished with value: 0.0778978168964386 and parameters: {'L1_hidden_dim': 80, 'L1_layers_atom': 2, 'L1_layers_mol': 3, 'L1_dropout': 0.23781080429395265, 'L1_out_dim': 112, 'L2_hidden_dim': 224, 'L2_layers_atom': 3, 'L2_layers_mol': 2, 'L2_out_dim': 128, 'L2_dropout': 0.07523541475257464, 'L3_hidden_dim': 96, 'L3_layers_atom': 2, 'L3_layers_mol': 2, 'L3_out_dim': 128, 'L3_dropout': 0.23555861871571038, 'n_mlp_layers': 3, 'mlp_dim_0': 176, 'mlp_dim_1': 416, 'mlp_dim_2': 40, 'num_heads': 1, 'final_dropout': 0.15086976014307119, 'train_learning_rate': 0.0012416494500742262, 'train_lr_reduce': 0.6}. Best is trial 332 with value: 0.04597867280244827.
[I 2024-12-25 15:54:18,434] Trial 401 finished with value: 0.09099739044904709 and parameters: {'L1_hidden_dim': 64, 'L1_layers_atom': 2, 'L1_layers_mol': 2, 'L1_dropout': 0.25865706793664567, 'L1_out_dim': 64, 'L2_hidden_dim': 256, 'L2_layers_atom': 3, 'L2_layers_mol': 2, 'L2_out_dim': 128, 'L2_dropout': 0.02715358790257864, 'L3_hidden_dim': 112, 'L3_layers_atom': 2, 'L3_layers_mol': 1, 'L3_out_dim': 128, 'L3_dropout': 0.1560249583153586, 'n_mlp_layers': 3, 'mlp_dim_0': 216, 'mlp_dim_1': 432, 'mlp_dim_2': 32, 'num_heads': 1, 'final_dropout': 0.19572820405465108, 'train_learning_rate': 0.0008594289949488781, 'train_lr_reduce': 0.6}. Best is trial 332 with value: 0.04597867280244827.
[I 2024-12-25 15:54:26,749] Trial 400 finished with value: 0.08907363563776016 and parameters: {'L1_hidden_dim': 80, 'L1_layers_atom': 4, 'L1_layers_mol': 2, 'L1_dropout': 0.2739389340501804, 'L1_out_dim': 112, 'L2_hidden_dim': 176, 'L2_layers_atom': 2, 'L2_layers_mol': 3, 'L2_out_dim': 32, 'L2_dropout': 0.034280038633177044, 'L3_hidden_dim': 80, 'L3_layers_atom': 4, 'L3_layers_mol': 1, 'L3_out_dim': 112, 'L3_dropout': 0.04446997035812708, 'n_mlp_layers': 3, 'mlp_dim_0': 352, 'mlp_dim_1': 352, 'mlp_dim_2': 120, 'num_heads': 1, 'final_dropout': 0.14876765454984764, 'train_learning_rate': 0.003015297721433135, 'train_lr_reduce': 0.6}. Best is trial 332 with value: 0.04597867280244827.
[I 2024-12-25 15:54:46,601] Trial 404 finished with value: 1.1468641757965088 and parameters: {'L1_hidden_dim': 64, 'L1_layers_atom': 4, 'L1_layers_mol': 3, 'L1_dropout': 0.1702233764352763, 'L1_out_dim': 32, 'L2_hidden_dim': 224, 'L2_layers_atom': 4, 'L2_layers_mol': 3, 'L2_out_dim': 128, 'L2_dropout': 0.040180378144505036, 'L3_hidden_dim': 96, 'L3_layers_atom': 4, 'L3_layers_mol': 1, 'L3_out_dim': 112, 'L3_dropout': 0.21790161074132636, 'n_mlp_layers': 3, 'mlp_dim_0': 64, 'mlp_dim_1': 464, 'mlp_dim_2': 128, 'num_heads': 1, 'final_dropout': 0.002901382161217804, 'train_learning_rate': 0.0014507234659955465, 'train_lr_reduce': 0.6}. Best is trial 332 with value: 0.04597867280244827.
[I 2024-12-25 15:56:33,836] Trial 403 finished with value: 0.0769987553358078 and parameters: {'L1_hidden_dim': 160, 'L1_layers_atom': 1, 'L1_layers_mol': 1, 'L1_dropout': 0.2547521330471751, 'L1_out_dim': 80, 'L2_hidden_dim': 208, 'L2_layers_atom': 3, 'L2_layers_mol': 2, 'L2_out_dim': 48, 'L2_dropout': 0.006603210904412578, 'L3_hidden_dim': 32, 'L3_layers_atom': 3, 'L3_layers_mol': 2, 'L3_out_dim': 64, 'L3_dropout': 0.06482470709283715, 'n_mlp_layers': 3, 'mlp_dim_0': 504, 'mlp_dim_1': 464, 'mlp_dim_2': 184, 'num_heads': 1, 'final_dropout': 0.1239810896905604, 'train_learning_rate': 0.0005678627650400909, 'train_lr_reduce': 0.6}. Best is trial 332 with value: 0.04597867280244827.
[I 2024-12-25 15:56:34,203] Trial 405 finished with value: 0.06576336920261383 and parameters: {'L1_hidden_dim': 64, 'L1_layers_atom': 3, 'L1_layers_mol': 3, 'L1_dropout': 0.1607800264051527, 'L1_out_dim': 96, 'L2_hidden_dim': 192, 'L2_layers_atom': 2, 'L2_layers_mol': 1, 'L2_out_dim': 128, 'L2_dropout': 0.021064523161801886, 'L3_hidden_dim': 32, 'L3_layers_atom': 3, 'L3_layers_mol': 2, 'L3_out_dim': 64, 'L3_dropout': 0.17948151541464652, 'n_mlp_layers': 2, 'mlp_dim_0': 96, 'mlp_dim_1': 352, 'num_heads': 2, 'final_dropout': 0.02821935867687401, 'train_learning_rate': 0.0005293744647545101, 'train_lr_reduce': 0.6}. Best is trial 332 with value: 0.04597867280244827.
[I 2024-12-25 15:56:46,802] Trial 402 finished with value: 0.07451266050338745 and parameters: {'L1_hidden_dim': 64, 'L1_layers_atom': 3, 'L1_layers_mol': 3, 'L1_dropout': 0.19863895766988593, 'L1_out_dim': 48, 'L2_hidden_dim': 256, 'L2_layers_atom': 3, 'L2_layers_mol': 2, 'L2_out_dim': 112, 'L2_dropout': 0.043990865996886716, 'L3_hidden_dim': 48, 'L3_layers_atom': 3, 'L3_layers_mol': 2, 'L3_out_dim': 80, 'L3_dropout': 0.25478059988441737, 'n_mlp_layers': 2, 'mlp_dim_0': 64, 'mlp_dim_1': 456, 'num_heads': 2, 'final_dropout': 0.13980266930366006, 'train_learning_rate': 0.00017668130732138097, 'train_lr_reduce': 0.6}. Best is trial 332 with value: 0.04597867280244827.
[I 2024-12-25 15:59:02,295] Trial 408 finished with value: 0.07704252004623413 and parameters: {'L1_hidden_dim': 160, 'L1_layers_atom': 4, 'L1_layers_mol': 1, 'L1_dropout': 0.1832813876028346, 'L1_out_dim': 80, 'L2_hidden_dim': 240, 'L2_layers_atom': 3, 'L2_layers_mol': 4, 'L2_out_dim': 112, 'L2_dropout': 0.03591686527537178, 'L3_hidden_dim': 96, 'L3_layers_atom': 2, 'L3_layers_mol': 4, 'L3_out_dim': 128, 'L3_dropout': 0.04989165921004955, 'n_mlp_layers': 2, 'mlp_dim_0': 136, 'mlp_dim_1': 464, 'num_heads': 2, 'final_dropout': 0.10075799159365327, 'train_learning_rate': 0.0001853976910383382, 'train_lr_reduce': 0.6}. Best is trial 332 with value: 0.04597867280244827.
[I 2024-12-25 15:59:07,433] Trial 406 finished with value: 0.07763075828552246 and parameters: {'L1_hidden_dim': 96, 'L1_layers_atom': 2, 'L1_layers_mol': 1, 'L1_dropout': 0.19421765899142432, 'L1_out_dim': 48, 'L2_hidden_dim': 176, 'L2_layers_atom': 4, 'L2_layers_mol': 3, 'L2_out_dim': 96, 'L2_dropout': 0.026664088084629542, 'L3_hidden_dim': 96, 'L3_layers_atom': 4, 'L3_layers_mol': 4, 'L3_out_dim': 96, 'L3_dropout': 0.21963915914858262, 'n_mlp_layers': 2, 'mlp_dim_0': 248, 'mlp_dim_1': 416, 'num_heads': 2, 'final_dropout': 0.2676759011492155, 'train_learning_rate': 0.00014062777474325218, 'train_lr_reduce': 0.6}. Best is trial 332 with value: 0.04597867280244827.
[I 2024-12-25 15:59:16,455] Trial 407 finished with value: 0.07109197974205017 and parameters: {'L1_hidden_dim': 80, 'L1_layers_atom': 1, 'L1_layers_mol': 2, 'L1_dropout': 0.29288608290026974, 'L1_out_dim': 48, 'L2_hidden_dim': 160, 'L2_layers_atom': 4, 'L2_layers_mol': 3, 'L2_out_dim': 96, 'L2_dropout': 0.005140688932268801, 'L3_hidden_dim': 96, 'L3_layers_atom': 4, 'L3_layers_mol': 4, 'L3_out_dim': 96, 'L3_dropout': 0.21786466241849947, 'n_mlp_layers': 2, 'mlp_dim_0': 224, 'mlp_dim_1': 512, 'num_heads': 2, 'final_dropout': 0.20222754464911213, 'train_learning_rate': 0.00034729068914083467, 'train_lr_reduce': 0.6}. Best is trial 332 with value: 0.04597867280244827.
[I 2024-12-25 16:00:04,800] Trial 410 finished with value: 0.08895827829837799 and parameters: {'L1_hidden_dim': 80, 'L1_layers_atom': 4, 'L1_layers_mol': 2, 'L1_dropout': 0.29311164670348555, 'L1_out_dim': 96, 'L2_hidden_dim': 240, 'L2_layers_atom': 4, 'L2_layers_mol': 2, 'L2_out_dim': 96, 'L2_dropout': 0.03753873845937556, 'L3_hidden_dim': 80, 'L3_layers_atom': 3, 'L3_layers_mol': 1, 'L3_out_dim': 48, 'L3_dropout': 0.26943422920880816, 'n_mlp_layers': 3, 'mlp_dim_0': 96, 'mlp_dim_1': 288, 'mlp_dim_2': 216, 'num_heads': 1, 'final_dropout': 0.01919858357222778, 'train_learning_rate': 0.003523836389459342, 'train_lr_reduce': 0.6}. Best is trial 332 with value: 0.04597867280244827.
[I 2024-12-25 16:01:26,585] Trial 411 finished with value: 0.08700533956289291 and parameters: {'L1_hidden_dim': 160, 'L1_layers_atom': 2, 'L1_layers_mol': 1, 'L1_dropout': 0.21595156945398195, 'L1_out_dim': 96, 'L2_hidden_dim': 208, 'L2_layers_atom': 3, 'L2_layers_mol': 3, 'L2_out_dim': 64, 'L2_dropout': 0.07942833249867898, 'L3_hidden_dim': 80, 'L3_layers_atom': 4, 'L3_layers_mol': 1, 'L3_out_dim': 112, 'L3_dropout': 0.01895401411335107, 'n_mlp_layers': 2, 'mlp_dim_0': 336, 'mlp_dim_1': 464, 'num_heads': 1, 'final_dropout': 0.17641480507805718, 'train_learning_rate': 0.0023411030342362664, 'train_lr_reduce': 0.6}. Best is trial 332 with value: 0.04597867280244827.
[I 2024-12-25 16:01:46,603] Trial 412 finished with value: 0.09518333524465561 and parameters: {'L1_hidden_dim': 208, 'L1_layers_atom': 2, 'L1_layers_mol': 3, 'L1_dropout': 0.27273013976512783, 'L1_out_dim': 96, 'L2_hidden_dim': 224, 'L2_layers_atom': 3, 'L2_layers_mol': 3, 'L2_out_dim': 64, 'L2_dropout': 0.10171667854936706, 'L3_hidden_dim': 32, 'L3_layers_atom': 4, 'L3_layers_mol': 1, 'L3_out_dim': 112, 'L3_dropout': 0.1307546304727573, 'n_mlp_layers': 3, 'mlp_dim_0': 384, 'mlp_dim_1': 512, 'mlp_dim_2': 104, 'num_heads': 1, 'final_dropout': 0.19418704522405353, 'train_learning_rate': 0.0006849888657881792, 'train_lr_reduce': 0.6}. Best is trial 332 with value: 0.04597867280244827.
[I 2024-12-25 16:01:57,322] Trial 409 finished with value: 0.06504835933446884 and parameters: {'L1_hidden_dim': 96, 'L1_layers_atom': 3, 'L1_layers_mol': 4, 'L1_dropout': 0.2478748337274677, 'L1_out_dim': 112, 'L2_hidden_dim': 240, 'L2_layers_atom': 3, 'L2_layers_mol': 1, 'L2_out_dim': 112, 'L2_dropout': 0.052883007202562324, 'L3_hidden_dim': 32, 'L3_layers_atom': 2, 'L3_layers_mol': 3, 'L3_out_dim': 128, 'L3_dropout': 0.257091633861712, 'n_mlp_layers': 2, 'mlp_dim_0': 40, 'mlp_dim_1': 416, 'num_heads': 1, 'final_dropout': 0.007385874174648968, 'train_learning_rate': 0.0005701288031345872, 'train_lr_reduce': 0.6}. Best is trial 332 with value: 0.04597867280244827.
[I 2024-12-25 16:02:47,283] Trial 413 finished with value: 0.09200377017259598 and parameters: {'L1_hidden_dim': 80, 'L1_layers_atom': 2, 'L1_layers_mol': 4, 'L1_dropout': 0.2280274415830967, 'L1_out_dim': 112, 'L2_hidden_dim': 240, 'L2_layers_atom': 2, 'L2_layers_mol': 3, 'L2_out_dim': 112, 'L2_dropout': 0.12193869780003805, 'L3_hidden_dim': 128, 'L3_layers_atom': 3, 'L3_layers_mol': 1, 'L3_out_dim': 80, 'L3_dropout': 0.15312838808347587, 'n_mlp_layers': 3, 'mlp_dim_0': 464, 'mlp_dim_1': 464, 'mlp_dim_2': 168, 'num_heads': 1, 'final_dropout': 0.053507378642365065, 'train_learning_rate': 0.0057814048809277235, 'train_lr_reduce': 0.6}. Best is trial 332 with value: 0.04597867280244827.
[I 2024-12-25 16:03:13,190] Trial 416 finished with value: 1.221773624420166 and parameters: {'L1_hidden_dim': 96, 'L1_layers_atom': 4, 'L1_layers_mol': 3, 'L1_dropout': 0.27311666127321665, 'L1_out_dim': 48, 'L2_hidden_dim': 240, 'L2_layers_atom': 4, 'L2_layers_mol': 2, 'L2_out_dim': 112, 'L2_dropout': 0.06397106836345724, 'L3_hidden_dim': 32, 'L3_layers_atom': 4, 'L3_layers_mol': 1, 'L3_out_dim': 80, 'L3_dropout': 0.25991034402231167, 'n_mlp_layers': 3, 'mlp_dim_0': 64, 'mlp_dim_1': 512, 'mlp_dim_2': 96, 'num_heads': 1, 'final_dropout': 0.16740265364613285, 'train_learning_rate': 0.00025429891298856563, 'train_lr_reduce': 0.6}. Best is trial 332 with value: 0.04597867280244827.
[I 2024-12-25 16:04:09,813] Trial 414 finished with value: 0.0758698359131813 and parameters: {'L1_hidden_dim': 112, 'L1_layers_atom': 3, 'L1_layers_mol': 1, 'L1_dropout': 0.03949266011132477, 'L1_out_dim': 48, 'L2_hidden_dim': 240, 'L2_layers_atom': 4, 'L2_layers_mol': 4, 'L2_out_dim': 96, 'L2_dropout': 0.020496376395995244, 'L3_hidden_dim': 112, 'L3_layers_atom': 4, 'L3_layers_mol': 3, 'L3_out_dim': 48, 'L3_dropout': 0.1610397430444024, 'n_mlp_layers': 2, 'mlp_dim_0': 56, 'mlp_dim_1': 376, 'num_heads': 2, 'final_dropout': 0.17859935219829698, 'train_learning_rate': 0.00019609178394200394, 'train_lr_reduce': 0.6}. Best is trial 332 with value: 0.04597867280244827.
