[I 2024-12-20 01:36:49,623] Trial 2210 finished with value: 1.4783185720443726 and parameters: {'mlp_n_layers': 2, 'mlp_dim_00': 501, 'mlp_dim_01': 331, 'node_hidden_dim': 101, 'edge_hidden_dim': 80, 'depth': 2, 'rep_dropout': 0.13368485838697264, 'train_learning_rate': 0.0010218183484667883, 'train_lr_reduce': 0.6}. Best is trial 558 with value: 0.30280801653862.
[I 2024-12-20 01:36:53,833] Trial 2208 finished with value: 0.32435423135757446 and parameters: {'mlp_n_layers': 4, 'mlp_dim_00': 94, 'mlp_dim_01': 303, 'mlp_dim_02': 512, 'mlp_dim_03': 133, 'node_hidden_dim': 103, 'edge_hidden_dim': 32, 'depth': 1, 'rep_dropout': 0.0006750194305908119, 'train_learning_rate': 0.0014369185669377397, 'train_lr_reduce': 0.6}. Best is trial 558 with value: 0.30280801653862.
[I 2024-12-20 01:36:54,141] Trial 2212 finished with value: 1.574724793434143 and parameters: {'mlp_n_layers': 4, 'mlp_dim_00': 113, 'mlp_dim_01': 369, 'mlp_dim_02': 445, 'mlp_dim_03': 322, 'node_hidden_dim': 95, 'edge_hidden_dim': 33, 'depth': 1, 'rep_dropout': 0.012857162925623836, 'train_learning_rate': 0.0007131269935803652, 'train_lr_reduce': 0.6}. Best is trial 558 with value: 0.30280801653862.
[I 2024-12-20 01:36:57,834] Trial 2213 finished with value: 1.5105987787246704 and parameters: {'mlp_n_layers': 4, 'mlp_dim_00': 166, 'mlp_dim_01': 153, 'mlp_dim_02': 378, 'mlp_dim_03': 419, 'node_hidden_dim': 118, 'edge_hidden_dim': 32, 'depth': 2, 'rep_dropout': 0.022103501416916447, 'train_learning_rate': 0.0014185930572217394, 'train_lr_reduce': 0.6}. Best is trial 558 with value: 0.30280801653862.
[I 2024-12-20 01:36:58,736] Trial 2214 finished with value: 1.2835307121276855 and parameters: {'mlp_n_layers': 2, 'mlp_dim_00': 187, 'mlp_dim_01': 329, 'node_hidden_dim': 83, 'edge_hidden_dim': 75, 'depth': 2, 'rep_dropout': 0.14619857132792102, 'train_learning_rate': 0.009428453596518517, 'train_lr_reduce': 0.6}. Best is trial 558 with value: 0.30280801653862.
[I 2024-12-20 01:37:03,793] Trial 2216 finished with value: 1.574556589126587 and parameters: {'mlp_n_layers': 3, 'mlp_dim_00': 228, 'mlp_dim_01': 351, 'mlp_dim_02': 406, 'node_hidden_dim': 38, 'edge_hidden_dim': 93, 'depth': 4, 'rep_dropout': 0.09583464736297519, 'train_learning_rate': 0.0006246083327514404, 'train_lr_reduce': 0.6}. Best is trial 558 with value: 0.30280801653862.
[I 2024-12-20 01:37:08,968] Trial 2217 finished with value: 1.569460153579712 and parameters: {'mlp_n_layers': 4, 'mlp_dim_00': 498, 'mlp_dim_01': 287, 'mlp_dim_02': 446, 'mlp_dim_03': 469, 'node_hidden_dim': 108, 'edge_hidden_dim': 38, 'depth': 2, 'rep_dropout': 0.03742470533257256, 'train_learning_rate': 0.0022097566977335816, 'train_lr_reduce': 0.6}. Best is trial 558 with value: 0.30280801653862.
[I 2024-12-20 01:37:14,016] Trial 2218 finished with value: 1.5147664546966553 and parameters: {'mlp_n_layers': 4, 'mlp_dim_00': 389, 'mlp_dim_01': 324, 'mlp_dim_02': 370, 'mlp_dim_03': 376, 'node_hidden_dim': 105, 'edge_hidden_dim': 52, 'depth': 1, 'rep_dropout': 0.00761140029840689, 'train_learning_rate': 0.0010158856959428175, 'train_lr_reduce': 0.6}. Best is trial 558 with value: 0.30280801653862.
[I 2024-12-20 01:37:16,504] Trial 2215 finished with value: 0.38969773054122925 and parameters: {'mlp_n_layers': 4, 'mlp_dim_00': 415, 'mlp_dim_01': 403, 'mlp_dim_02': 325, 'mlp_dim_03': 118, 'node_hidden_dim': 72, 'edge_hidden_dim': 57, 'depth': 1, 'rep_dropout': 0.01528489385119835, 'train_learning_rate': 0.0017338400694127342, 'train_lr_reduce': 0.6}. Best is trial 558 with value: 0.30280801653862.
[I 2024-12-20 01:37:17,730] Trial 2211 finished with value: 0.4118097126483917 and parameters: {'mlp_n_layers': 3, 'mlp_dim_00': 505, 'mlp_dim_01': 292, 'mlp_dim_02': 350, 'node_hidden_dim': 99, 'edge_hidden_dim': 49, 'depth': 1, 'rep_dropout': 0.027681467720901912, 'train_learning_rate': 0.0011603690029287196, 'train_lr_reduce': 0.6}. Best is trial 558 with value: 0.30280801653862.
[I 2024-12-20 01:37:17,970] Trial 2219 finished with value: 1.5627037286758423 and parameters: {'mlp_n_layers': 4, 'mlp_dim_00': 168, 'mlp_dim_01': 385, 'mlp_dim_02': 471, 'mlp_dim_03': 312, 'node_hidden_dim': 116, 'edge_hidden_dim': 35, 'depth': 1, 'rep_dropout': 0.020820482098615093, 'train_learning_rate': 0.0006597066664880719, 'train_lr_reduce': 0.6}. Best is trial 558 with value: 0.30280801653862.
[I 2024-12-20 01:37:20,872] Trial 2220 finished with value: 1.283103346824646 and parameters: {'mlp_n_layers': 4, 'mlp_dim_00': 434, 'mlp_dim_01': 417, 'mlp_dim_02': 410, 'mlp_dim_03': 198, 'node_hidden_dim': 108, 'edge_hidden_dim': 45, 'depth': 1, 'rep_dropout': 0.06884430276185095, 'train_learning_rate': 0.004653662678846439, 'train_lr_reduce': 0.6}. Best is trial 558 with value: 0.30280801653862.
[I 2024-12-20 01:37:22,025] Trial 2222 finished with value: 1.4734889268875122 and parameters: {'mlp_n_layers': 3, 'mlp_dim_00': 411, 'mlp_dim_01': 288, 'mlp_dim_02': 432, 'node_hidden_dim': 110, 'edge_hidden_dim': 45, 'depth': 2, 'rep_dropout': 0.03427301562998785, 'train_learning_rate': 0.001986663837063894, 'train_lr_reduce': 0.6}. Best is trial 558 with value: 0.30280801653862.
[I 2024-12-20 01:37:26,459] Trial 2224 finished with value: 1.5181196928024292 and parameters: {'mlp_n_layers': 4, 'mlp_dim_00': 153, 'mlp_dim_01': 373, 'mlp_dim_02': 402, 'mlp_dim_03': 350, 'node_hidden_dim': 94, 'edge_hidden_dim': 34, 'depth': 1, 'rep_dropout': 0.04351086999905944, 'train_learning_rate': 0.0020629110480791216, 'train_lr_reduce': 0.6}. Best is trial 558 with value: 0.30280801653862.
[I 2024-12-20 01:37:30,489] Trial 2225 finished with value: 1.5816704034805298 and parameters: {'mlp_n_layers': 2, 'mlp_dim_00': 153, 'mlp_dim_01': 323, 'node_hidden_dim': 87, 'edge_hidden_dim': 44, 'depth': 1, 'rep_dropout': 0.10187511621117411, 'train_learning_rate': 0.00011131732961741788, 'train_lr_reduce': 0.6}. Best is trial 558 with value: 0.30280801653862.
[I 2024-12-20 01:37:34,525] Trial 2223 finished with value: 0.39227306842803955 and parameters: {'mlp_n_layers': 3, 'mlp_dim_00': 96, 'mlp_dim_01': 331, 'mlp_dim_02': 375, 'node_hidden_dim': 114, 'edge_hidden_dim': 32, 'depth': 1, 'rep_dropout': 0.04743953622974723, 'train_learning_rate': 0.003968517226223018, 'train_lr_reduce': 0.6}. Best is trial 558 with value: 0.30280801653862.
[I 2024-12-20 01:37:35,235] Trial 2226 finished with value: 1.5655988454818726 and parameters: {'mlp_n_layers': 4, 'mlp_dim_00': 365, 'mlp_dim_01': 293, 'mlp_dim_02': 476, 'mlp_dim_03': 510, 'node_hidden_dim': 95, 'edge_hidden_dim': 32, 'depth': 1, 'rep_dropout': 0.003088431055488583, 'train_learning_rate': 0.0007775918414773587, 'train_lr_reduce': 0.6}. Best is trial 558 with value: 0.30280801653862.
[I 2024-12-20 01:37:35,571] Trial 2221 finished with value: 0.4241494834423065 and parameters: {'mlp_n_layers': 4, 'mlp_dim_00': 474, 'mlp_dim_01': 359, 'mlp_dim_02': 335, 'mlp_dim_03': 397, 'node_hidden_dim': 108, 'edge_hidden_dim': 32, 'depth': 2, 'rep_dropout': 0.002105791866210044, 'train_learning_rate': 0.001913773378170305, 'train_lr_reduce': 0.6}. Best is trial 558 with value: 0.30280801653862.
[I 2024-12-20 01:37:38,477] Trial 2227 finished with value: 1.396224856376648 and parameters: {'mlp_n_layers': 3, 'mlp_dim_00': 404, 'mlp_dim_01': 359, 'mlp_dim_02': 336, 'node_hidden_dim': 110, 'edge_hidden_dim': 41, 'depth': 1, 'rep_dropout': 0.029778469257685493, 'train_learning_rate': 0.001752993075445811, 'train_lr_reduce': 0.6}. Best is trial 558 with value: 0.30280801653862.
[I 2024-12-20 01:37:39,115] Trial 2228 finished with value: 1.53458833694458 and parameters: {'mlp_n_layers': 4, 'mlp_dim_00': 130, 'mlp_dim_01': 109, 'mlp_dim_02': 444, 'mlp_dim_03': 106, 'node_hidden_dim': 95, 'edge_hidden_dim': 49, 'depth': 2, 'rep_dropout': 0.030031046222175548, 'train_learning_rate': 0.00034553785781065447, 'train_lr_reduce': 0.6}. Best is trial 558 with value: 0.30280801653862.
[I 2024-12-20 01:37:39,613] Trial 2229 finished with value: 1.4907931089401245 and parameters: {'mlp_n_layers': 4, 'mlp_dim_00': 412, 'mlp_dim_01': 401, 'mlp_dim_02': 367, 'mlp_dim_03': 426, 'node_hidden_dim': 116, 'edge_hidden_dim': 50, 'depth': 1, 'rep_dropout': 0.024635207313481594, 'train_learning_rate': 0.0020488647055158437, 'train_lr_reduce': 0.6}. Best is trial 558 with value: 0.30280801653862.
[I 2024-12-20 01:37:44,080] Trial 2232 finished with value: 1.5496010780334473 and parameters: {'mlp_n_layers': 3, 'mlp_dim_00': 164, 'mlp_dim_01': 161, 'mlp_dim_02': 334, 'node_hidden_dim': 72, 'edge_hidden_dim': 35, 'depth': 3, 'rep_dropout': 0.10601682215827736, 'train_learning_rate': 0.0015314507799907321, 'train_lr_reduce': 0.6}. Best is trial 558 with value: 0.30280801653862.
[I 2024-12-20 01:37:44,207] Trial 2231 finished with value: 1.5765084028244019 and parameters: {'mlp_n_layers': 4, 'mlp_dim_00': 247, 'mlp_dim_01': 285, 'mlp_dim_02': 425, 'mlp_dim_03': 381, 'node_hidden_dim': 112, 'edge_hidden_dim': 32, 'depth': 2, 'rep_dropout': 0.037708525938460226, 'train_learning_rate': 0.0005860093051951598, 'train_lr_reduce': 0.6}. Best is trial 558 with value: 0.30280801653862.
[I 2024-12-20 01:37:49,488] Trial 2234 finished with value: 1.4459949731826782 and parameters: {'mlp_n_layers': 3, 'mlp_dim_00': 225, 'mlp_dim_01': 426, 'mlp_dim_02': 405, 'node_hidden_dim': 89, 'edge_hidden_dim': 37, 'depth': 1, 'rep_dropout': 0.00036912106433020786, 'train_learning_rate': 0.0018202234024319993, 'train_lr_reduce': 0.6}. Best is trial 558 with value: 0.30280801653862.
[I 2024-12-20 01:37:50,332] Trial 2230 finished with value: 0.3698771893978119 and parameters: {'mlp_n_layers': 4, 'mlp_dim_00': 455, 'mlp_dim_01': 325, 'mlp_dim_02': 393, 'mlp_dim_03': 154, 'node_hidden_dim': 113, 'edge_hidden_dim': 49, 'depth': 1, 'rep_dropout': 0.0360777482865305, 'train_learning_rate': 0.0013810950253324698, 'train_lr_reduce': 0.6}. Best is trial 558 with value: 0.30280801653862.
[I 2024-12-20 01:37:55,345] Trial 2235 finished with value: 1.585411787033081 and parameters: {'mlp_n_layers': 4, 'mlp_dim_00': 148, 'mlp_dim_01': 377, 'mlp_dim_02': 365, 'mlp_dim_03': 102, 'node_hidden_dim': 54, 'edge_hidden_dim': 71, 'depth': 4, 'rep_dropout': 0.013552339480819756, 'train_learning_rate': 0.00014392505049397222, 'train_lr_reduce': 0.6}. Best is trial 558 with value: 0.30280801653862.
[I 2024-12-20 01:37:57,268] Trial 2236 finished with value: 1.5787276029586792 and parameters: {'mlp_n_layers': 4, 'mlp_dim_00': 411, 'mlp_dim_01': 327, 'mlp_dim_02': 449, 'mlp_dim_03': 334, 'node_hidden_dim': 104, 'edge_hidden_dim': 37, 'depth': 2, 'rep_dropout': 0.018168650111508852, 'train_learning_rate': 0.0004813026982867114, 'train_lr_reduce': 0.6}. Best is trial 558 with value: 0.30280801653862.
[I 2024-12-20 01:38:00,159] Trial 2237 finished with value: 1.3654412031173706 and parameters: {'mlp_n_layers': 1, 'mlp_dim_00': 82, 'node_hidden_dim': 110, 'edge_hidden_dim': 48, 'depth': 3, 'rep_dropout': 0.008150158214140307, 'train_learning_rate': 0.005367035805980771, 'train_lr_reduce': 0.6}. Best is trial 558 with value: 0.30280801653862.
[I 2024-12-20 01:38:01,757] Trial 2238 finished with value: 1.5508626699447632 and parameters: {'mlp_n_layers': 4, 'mlp_dim_00': 170, 'mlp_dim_01': 311, 'mlp_dim_02': 312, 'mlp_dim_03': 443, 'node_hidden_dim': 81, 'edge_hidden_dim': 50, 'depth': 1, 'rep_dropout': 0.05270700686264821, 'train_learning_rate': 0.0013977168446632248, 'train_lr_reduce': 0.6}. Best is trial 558 with value: 0.30280801653862.
[I 2024-12-20 01:38:05,239] Trial 2239 finished with value: 1.5189824104309082 and parameters: {'mlp_n_layers': 4, 'mlp_dim_00': 457, 'mlp_dim_01': 376, 'mlp_dim_02': 409, 'mlp_dim_03': 302, 'node_hidden_dim': 90, 'edge_hidden_dim': 121, 'depth': 3, 'rep_dropout': 0.08637783221876963, 'train_learning_rate': 0.0013138942492157797, 'train_lr_reduce': 0.6}. Best is trial 558 with value: 0.30280801653862.
[I 2024-12-20 01:38:06,633] Trial 2240 finished with value: 1.5824203491210938 and parameters: {'mlp_n_layers': 4, 'mlp_dim_00': 150, 'mlp_dim_01': 283, 'mlp_dim_02': 366, 'mlp_dim_03': 389, 'node_hidden_dim': 45, 'edge_hidden_dim': 38, 'depth': 2, 'rep_dropout': 0.03801882470279732, 'train_learning_rate': 0.0005320020637476886, 'train_lr_reduce': 0.6}. Best is trial 558 with value: 0.30280801653862.
[I 2024-12-20 01:38:11,428] Trial 2233 finished with value: 0.39627304673194885 and parameters: {'mlp_n_layers': 4, 'mlp_dim_00': 511, 'mlp_dim_01': 351, 'mlp_dim_02': 478, 'mlp_dim_03': 474, 'node_hidden_dim': 107, 'edge_hidden_dim': 39, 'depth': 1, 'rep_dropout': 0.03501935699726994, 'train_learning_rate': 0.0022405760388239607, 'train_lr_reduce': 0.6}. Best is trial 558 with value: 0.30280801653862.
[I 2024-12-20 01:38:16,078] Trial 2243 finished with value: 1.5811043977737427 and parameters: {'mlp_n_layers': 2, 'mlp_dim_00': 345, 'mlp_dim_01': 323, 'node_hidden_dim': 67, 'edge_hidden_dim': 75, 'depth': 3, 'rep_dropout': 0.11622489670810052, 'train_learning_rate': 0.0001080114212707307, 'train_lr_reduce': 0.6}. Best is trial 558 with value: 0.30280801653862.
[I 2024-12-20 01:38:20,333] Trial 2244 finished with value: 1.4891483783721924 and parameters: {'mlp_n_layers': 4, 'mlp_dim_00': 158, 'mlp_dim_01': 372, 'mlp_dim_02': 439, 'mlp_dim_03': 353, 'node_hidden_dim': 108, 'edge_hidden_dim': 33, 'depth': 1, 'rep_dropout': 0.0025649295339408365, 'train_learning_rate': 0.001362089856090472, 'train_lr_reduce': 0.6}. Best is trial 558 with value: 0.30280801653862.
[I 2024-12-20 01:38:27,815] Trial 2242 finished with value: 0.4843759536743164 and parameters: {'mlp_n_layers': 4, 'mlp_dim_00': 250, 'mlp_dim_01': 415, 'mlp_dim_02': 511, 'mlp_dim_03': 146, 'node_hidden_dim': 88, 'edge_hidden_dim': 34, 'depth': 1, 'rep_dropout': 0.041991147532322914, 'train_learning_rate': 0.0032886967568062425, 'train_lr_reduce': 0.6}. Best is trial 558 with value: 0.30280801653862.
[I 2024-12-20 01:38:29,540] Trial 2245 finished with value: 0.4755663275718689 and parameters: {'mlp_n_layers': 4, 'mlp_dim_00': 440, 'mlp_dim_01': 294, 'mlp_dim_02': 324, 'mlp_dim_03': 414, 'node_hidden_dim': 96, 'edge_hidden_dim': 42, 'depth': 1, 'rep_dropout': 0.03709170396195016, 'train_learning_rate': 0.0030229091158183686, 'train_lr_reduce': 0.6}. Best is trial 558 with value: 0.30280801653862.
[I 2024-12-20 01:38:32,710] Trial 2246 finished with value: 1.5095622539520264 and parameters: {'mlp_n_layers': 4, 'mlp_dim_00': 99, 'mlp_dim_01': 349, 'mlp_dim_02': 388, 'mlp_dim_03': 511, 'node_hidden_dim': 83, 'edge_hidden_dim': 51, 'depth': 2, 'rep_dropout': 0.03458122460922074, 'train_learning_rate': 0.0012458130057984083, 'train_lr_reduce': 0.6}. Best is trial 558 with value: 0.30280801653862.
[I 2024-12-20 01:38:37,745] Trial 2248 finished with value: 1.559097170829773 and parameters: {'mlp_n_layers': 3, 'mlp_dim_00': 156, 'mlp_dim_01': 325, 'mlp_dim_02': 354, 'node_hidden_dim': 101, 'edge_hidden_dim': 36, 'depth': 2, 'rep_dropout': 0.08183983983463392, 'train_learning_rate': 0.0013631788709870815, 'train_lr_reduce': 0.6}. Best is trial 558 with value: 0.30280801653862.
[I 2024-12-20 01:38:42,284] Trial 2241 finished with value: 0.40234342217445374 and parameters: {'mlp_n_layers': 4, 'mlp_dim_00': 67, 'mlp_dim_01': 347, 'mlp_dim_02': 474, 'mlp_dim_03': 65, 'node_hidden_dim': 127, 'edge_hidden_dim': 38, 'depth': 1, 'rep_dropout': 0.0009886658939217297, 'train_learning_rate': 0.0008017608719650504, 'train_lr_reduce': 0.6}. Best is trial 558 with value: 0.30280801653862.
[I 2024-12-20 01:38:47,597] Trial 2247 finished with value: 0.32156234979629517 and parameters: {'mlp_n_layers': 3, 'mlp_dim_00': 502, 'mlp_dim_01': 424, 'mlp_dim_02': 423, 'node_hidden_dim': 110, 'edge_hidden_dim': 36, 'depth': 1, 'rep_dropout': 0.013049562734917008, 'train_learning_rate': 0.0013832478282421417, 'train_lr_reduce': 0.6}. Best is trial 558 with value: 0.30280801653862.
[I 2024-12-20 01:38:52,444] Trial 2251 finished with value: 1.584405541419983 and parameters: {'mlp_n_layers': 4, 'mlp_dim_00': 477, 'mlp_dim_01': 164, 'mlp_dim_02': 326, 'mlp_dim_03': 111, 'node_hidden_dim': 113, 'edge_hidden_dim': 38, 'depth': 1, 'rep_dropout': 0.005145139640176291, 'train_learning_rate': 0.0002663203016962929, 'train_lr_reduce': 0.6}. Best is trial 558 with value: 0.30280801653862.
[I 2024-12-20 01:38:57,158] Trial 2249 finished with value: 0.4376696050167084 and parameters: {'mlp_n_layers': 4, 'mlp_dim_00': 107, 'mlp_dim_01': 279, 'mlp_dim_02': 446, 'mlp_dim_03': 312, 'node_hidden_dim': 82, 'edge_hidden_dim': 47, 'depth': 1, 'rep_dropout': 0.03000863271813519, 'train_learning_rate': 0.0009058912685342259, 'train_lr_reduce': 0.6}. Best is trial 558 with value: 0.30280801653862.
[I 2024-12-20 01:38:59,534] Trial 2250 finished with value: 0.37309497594833374 and parameters: {'mlp_n_layers': 4, 'mlp_dim_00': 101, 'mlp_dim_01': 384, 'mlp_dim_02': 389, 'mlp_dim_03': 466, 'node_hidden_dim': 107, 'edge_hidden_dim': 59, 'depth': 1, 'rep_dropout': 0.04391824608622212, 'train_learning_rate': 0.0011871380042278088, 'train_lr_reduce': 0.6}. Best is trial 558 with value: 0.30280801653862.
[I 2024-12-20 01:39:03,638] Trial 2254 finished with value: 1.5520175695419312 and parameters: {'mlp_n_layers': 3, 'mlp_dim_00': 176, 'mlp_dim_01': 382, 'mlp_dim_02': 360, 'node_hidden_dim': 104, 'edge_hidden_dim': 58, 'depth': 1, 'rep_dropout': 0.0618813005410475, 'train_learning_rate': 0.0008799460099397565, 'train_lr_reduce': 0.6}. Best is trial 558 with value: 0.30280801653862.
[I 2024-12-20 01:39:07,896] Trial 2255 finished with value: 1.4640623331069946 and parameters: {'mlp_n_layers': 4, 'mlp_dim_00': 130, 'mlp_dim_01': 280, 'mlp_dim_02': 439, 'mlp_dim_03': 512, 'node_hidden_dim': 112, 'edge_hidden_dim': 32, 'depth': 1, 'rep_dropout': 0.04153973922797002, 'train_learning_rate': 0.0018666080228363488, 'train_lr_reduce': 0.6}. Best is trial 558 with value: 0.30280801653862.
[I 2024-12-20 01:39:10,524] Trial 2252 finished with value: 0.4097626507282257 and parameters: {'mlp_n_layers': 4, 'mlp_dim_00': 84, 'mlp_dim_01': 352, 'mlp_dim_02': 412, 'mlp_dim_03': 367, 'node_hidden_dim': 105, 'edge_hidden_dim': 61, 'depth': 2, 'rep_dropout': 0.004875153488645527, 'train_learning_rate': 0.0033742986353743295, 'train_lr_reduce': 0.6}. Best is trial 558 with value: 0.30280801653862.
[I 2024-12-20 01:39:11,953] Trial 2256 finished with value: 1.5746837854385376 and parameters: {'mlp_n_layers': 4, 'mlp_dim_00': 161, 'mlp_dim_01': 118, 'mlp_dim_02': 390, 'mlp_dim_03': 433, 'node_hidden_dim': 112, 'edge_hidden_dim': 55, 'depth': 2, 'rep_dropout': 0.041135494200123, 'train_learning_rate': 0.0004940306902561603, 'train_lr_reduce': 0.6}. Best is trial 558 with value: 0.30280801653862.
[I 2024-12-20 01:39:12,147] Trial 2253 finished with value: 0.40844181180000305 and parameters: {'mlp_n_layers': 4, 'mlp_dim_00': 459, 'mlp_dim_01': 312, 'mlp_dim_02': 473, 'mlp_dim_03': 192, 'node_hidden_dim': 114, 'edge_hidden_dim': 44, 'depth': 1, 'rep_dropout': 0.00010153305467402486, 'train_learning_rate': 0.0014333155609692798, 'train_lr_reduce': 0.6}. Best is trial 558 with value: 0.30280801653862.
[I 2024-12-20 01:39:16,237] Trial 2258 finished with value: 1.2825875282287598 and parameters: {'mlp_n_layers': 1, 'mlp_dim_00': 201, 'node_hidden_dim': 73, 'edge_hidden_dim': 40, 'depth': 3, 'rep_dropout': 0.1357895567434156, 'train_learning_rate': 0.008879420828359234, 'train_lr_reduce': 0.6}. Best is trial 558 with value: 0.30280801653862.
[I 2024-12-20 01:39:16,753] Trial 2259 finished with value: 1.5777779817581177 and parameters: {'mlp_n_layers': 4, 'mlp_dim_00': 211, 'mlp_dim_01': 72, 'mlp_dim_02': 411, 'mlp_dim_03': 277, 'node_hidden_dim': 100, 'edge_hidden_dim': 34, 'depth': 1, 'rep_dropout': 0.0007199582546428447, 'train_learning_rate': 0.000724639057864813, 'train_lr_reduce': 0.6}. Best is trial 558 with value: 0.30280801653862.
[I 2024-12-20 01:39:29,941] Trial 2261 finished with value: 0.49634090065956116 and parameters: {'mlp_n_layers': 4, 'mlp_dim_00': 149, 'mlp_dim_01': 394, 'mlp_dim_02': 326, 'mlp_dim_03': 64, 'node_hidden_dim': 103, 'edge_hidden_dim': 56, 'depth': 1, 'rep_dropout': 0.032750859961188684, 'train_learning_rate': 0.0029713470225780883, 'train_lr_reduce': 0.6}. Best is trial 558 with value: 0.30280801653862.
[I 2024-12-20 01:39:33,814] Trial 2260 finished with value: 0.3240520656108856 and parameters: {'mlp_n_layers': 4, 'mlp_dim_00': 149, 'mlp_dim_01': 353, 'mlp_dim_02': 357, 'mlp_dim_03': 337, 'node_hidden_dim': 84, 'edge_hidden_dim': 58, 'depth': 1, 'rep_dropout': 0.02986949729761493, 'train_learning_rate': 0.002198046257790317, 'train_lr_reduce': 0.6}. Best is trial 558 with value: 0.30280801653862.
[I 2024-12-20 01:39:36,969] Trial 2257 finished with value: 0.4443528950214386 and parameters: {'mlp_n_layers': 3, 'mlp_dim_00': 160, 'mlp_dim_01': 333, 'mlp_dim_02': 478, 'node_hidden_dim': 86, 'edge_hidden_dim': 57, 'depth': 1, 'rep_dropout': 0.03548995456743185, 'train_learning_rate': 0.0030550707518275486, 'train_lr_reduce': 0.6}. Best is trial 558 with value: 0.30280801653862.
[I 2024-12-20 01:39:42,111] Trial 2264 finished with value: 1.5578173398971558 and parameters: {'mlp_n_layers': 4, 'mlp_dim_00': 502, 'mlp_dim_01': 276, 'mlp_dim_02': 415, 'mlp_dim_03': 472, 'node_hidden_dim': 98, 'edge_hidden_dim': 35, 'depth': 1, 'rep_dropout': 0.03578291663310776, 'train_learning_rate': 0.0009880207013440163, 'train_lr_reduce': 0.6}. Best is trial 558 with value: 0.30280801653862.
[I 2024-12-20 01:39:45,384] Trial 2262 finished with value: 0.38481950759887695 and parameters: {'mlp_n_layers': 4, 'mlp_dim_00': 390, 'mlp_dim_01': 314, 'mlp_dim_02': 448, 'mlp_dim_03': 394, 'node_hidden_dim': 105, 'edge_hidden_dim': 48, 'depth': 1, 'rep_dropout': 0.027545121570650095, 'train_learning_rate': 0.00201364469062954, 'train_lr_reduce': 0.6}. Best is trial 558 with value: 0.30280801653862.
