[I 2024-12-20 00:13:20,740] Trial 717 finished with value: 1.2927318811416626 and parameters: {'mlp_n_layers': 4, 'mlp_dim_00': 497, 'mlp_dim_01': 341, 'mlp_dim_02': 422, 'mlp_dim_03': 396, 'node_hidden_dim': 97, 'edge_hidden_dim': 75, 'depth': 2, 'rep_dropout': 0.028740396588629584, 'train_learning_rate': 0.0027919039014149814, 'train_lr_reduce': 0.6}. Best is trial 558 with value: 0.30280801653862.
[I 2024-12-20 00:13:22,740] Trial 721 finished with value: 1.2877538204193115 and parameters: {'mlp_n_layers': 4, 'mlp_dim_00': 161, 'mlp_dim_01': 390, 'mlp_dim_02': 196, 'mlp_dim_03': 337, 'node_hidden_dim': 121, 'edge_hidden_dim': 110, 'depth': 1, 'rep_dropout': 0.0035822566038826997, 'train_learning_rate': 0.006697352379296545, 'train_lr_reduce': 0.6}. Best is trial 558 with value: 0.30280801653862.
[I 2024-12-20 00:13:24,522] Trial 722 finished with value: 1.3050493001937866 and parameters: {'mlp_n_layers': 3, 'mlp_dim_00': 271, 'mlp_dim_01': 347, 'mlp_dim_02': 395, 'node_hidden_dim': 94, 'edge_hidden_dim': 88, 'depth': 1, 'rep_dropout': 0.0024501028377968553, 'train_learning_rate': 0.004791855635531677, 'train_lr_reduce': 0.6}. Best is trial 558 with value: 0.30280801653862.
[I 2024-12-20 00:13:28,906] Trial 724 finished with value: 1.5123347043991089 and parameters: {'mlp_n_layers': 4, 'mlp_dim_00': 327, 'mlp_dim_01': 394, 'mlp_dim_02': 391, 'mlp_dim_03': 390, 'node_hidden_dim': 97, 'edge_hidden_dim': 61, 'depth': 2, 'rep_dropout': 0.016121605172222254, 'train_learning_rate': 0.004837210423722502, 'train_lr_reduce': 0.6}. Best is trial 558 with value: 0.30280801653862.
[I 2024-12-20 00:13:37,538] Trial 723 finished with value: 0.3972639739513397 and parameters: {'mlp_n_layers': 4, 'mlp_dim_00': 422, 'mlp_dim_01': 294, 'mlp_dim_02': 257, 'mlp_dim_03': 409, 'node_hidden_dim': 98, 'edge_hidden_dim': 84, 'depth': 1, 'rep_dropout': 0.0030055006484632748, 'train_learning_rate': 0.002338865015305644, 'train_lr_reduce': 0.6}. Best is trial 558 with value: 0.30280801653862.
[I 2024-12-20 00:13:41,391] Trial 725 finished with value: 0.4183841347694397 and parameters: {'mlp_n_layers': 4, 'mlp_dim_00': 304, 'mlp_dim_01': 347, 'mlp_dim_02': 221, 'mlp_dim_03': 316, 'node_hidden_dim': 87, 'edge_hidden_dim': 75, 'depth': 1, 'rep_dropout': 0.012025783124964438, 'train_learning_rate': 0.0010907706919454987, 'train_lr_reduce': 0.6}. Best is trial 558 with value: 0.30280801653862.
[I 2024-12-20 00:13:43,295] Trial 720 finished with value: 0.33206263184547424 and parameters: {'mlp_n_layers': 3, 'mlp_dim_00': 170, 'mlp_dim_01': 303, 'mlp_dim_02': 224, 'node_hidden_dim': 123, 'edge_hidden_dim': 49, 'depth': 1, 'rep_dropout': 0.017740291531558875, 'train_learning_rate': 0.0018194302597544802, 'train_lr_reduce': 0.6}. Best is trial 558 with value: 0.30280801653862.
[I 2024-12-20 00:13:44,868] Trial 727 finished with value: 1.3261078596115112 and parameters: {'mlp_n_layers': 2, 'mlp_dim_00': 256, 'mlp_dim_01': 288, 'node_hidden_dim': 75, 'edge_hidden_dim': 48, 'depth': 2, 'rep_dropout': 0.10665446528193914, 'train_learning_rate': 0.0030536797039726477, 'train_lr_reduce': 0.6}. Best is trial 558 with value: 0.30280801653862.
[I 2024-12-20 00:13:46,054] Trial 726 finished with value: 1.40717351436615 and parameters: {'mlp_n_layers': 4, 'mlp_dim_00': 399, 'mlp_dim_01': 401, 'mlp_dim_02': 395, 'mlp_dim_03': 443, 'node_hidden_dim': 92, 'edge_hidden_dim': 42, 'depth': 2, 'rep_dropout': 0.026027167551987963, 'train_learning_rate': 0.0006900075516898635, 'train_lr_reduce': 0.6}. Best is trial 558 with value: 0.30280801653862.
[I 2024-12-20 00:13:46,627] Trial 728 finished with value: 1.5339677333831787 and parameters: {'mlp_n_layers': 4, 'mlp_dim_00': 386, 'mlp_dim_01': 266, 'mlp_dim_02': 214, 'mlp_dim_03': 326, 'node_hidden_dim': 48, 'edge_hidden_dim': 74, 'depth': 4, 'rep_dropout': 0.014187610586799286, 'train_learning_rate': 0.0016050627477664026, 'train_lr_reduce': 0.6}. Best is trial 558 with value: 0.30280801653862.
[I 2024-12-20 00:13:49,460] Trial 730 finished with value: 1.5345286130905151 and parameters: {'mlp_n_layers': 4, 'mlp_dim_00': 409, 'mlp_dim_01': 310, 'mlp_dim_02': 227, 'mlp_dim_03': 343, 'node_hidden_dim': 92, 'edge_hidden_dim': 69, 'depth': 1, 'rep_dropout': 0.026446190949880745, 'train_learning_rate': 0.001811419132721584, 'train_lr_reduce': 0.6}. Best is trial 558 with value: 0.30280801653862.
[I 2024-12-20 00:13:55,345] Trial 731 finished with value: 0.6370964050292969 and parameters: {'mlp_n_layers': 3, 'mlp_dim_00': 115, 'mlp_dim_01': 288, 'mlp_dim_02': 210, 'node_hidden_dim': 121, 'edge_hidden_dim': 50, 'depth': 1, 'rep_dropout': 0.025359476355078438, 'train_learning_rate': 0.003763746289730176, 'train_lr_reduce': 0.6}. Best is trial 558 with value: 0.30280801653862.
[I 2024-12-20 00:14:06,533] Trial 732 finished with value: 0.4242536127567291 and parameters: {'mlp_n_layers': 4, 'mlp_dim_00': 197, 'mlp_dim_01': 291, 'mlp_dim_02': 181, 'mlp_dim_03': 316, 'node_hidden_dim': 125, 'edge_hidden_dim': 62, 'depth': 1, 'rep_dropout': 0.04083522909208407, 'train_learning_rate': 0.0018415028354808207, 'train_lr_reduce': 0.6}. Best is trial 558 with value: 0.30280801653862.
[I 2024-12-20 00:14:14,863] Trial 734 finished with value: 1.3180572986602783 and parameters: {'mlp_n_layers': 4, 'mlp_dim_00': 171, 'mlp_dim_01': 346, 'mlp_dim_02': 237, 'mlp_dim_03': 362, 'node_hidden_dim': 105, 'edge_hidden_dim': 42, 'depth': 2, 'rep_dropout': 0.00015223566769539607, 'train_learning_rate': 0.002409716173903062, 'train_lr_reduce': 0.6}. Best is trial 558 with value: 0.30280801653862.
[I 2024-12-20 00:14:15,300] Trial 733 finished with value: 0.39262092113494873 and parameters: {'mlp_n_layers': 3, 'mlp_dim_00': 123, 'mlp_dim_01': 406, 'mlp_dim_02': 232, 'node_hidden_dim': 120, 'edge_hidden_dim': 35, 'depth': 1, 'rep_dropout': 0.02838265412035839, 'train_learning_rate': 0.0012323392328275557, 'train_lr_reduce': 0.6}. Best is trial 558 with value: 0.30280801653862.
[I 2024-12-20 00:14:15,404] Trial 729 finished with value: 0.4004346430301666 and parameters: {'mlp_n_layers': 3, 'mlp_dim_00': 153, 'mlp_dim_01': 297, 'mlp_dim_02': 201, 'node_hidden_dim': 104, 'edge_hidden_dim': 41, 'depth': 1, 'rep_dropout': 0.02247153194168048, 'train_learning_rate': 0.002290220375568004, 'train_lr_reduce': 0.6}. Best is trial 558 with value: 0.30280801653862.
[I 2024-12-20 00:14:19,176] Trial 736 finished with value: 1.327720046043396 and parameters: {'mlp_n_layers': 3, 'mlp_dim_00': 341, 'mlp_dim_01': 408, 'mlp_dim_02': 198, 'node_hidden_dim': 94, 'edge_hidden_dim': 68, 'depth': 1, 'rep_dropout': 0.023444820052852568, 'train_learning_rate': 0.005609491064151721, 'train_lr_reduce': 0.6}. Best is trial 558 with value: 0.30280801653862.
[I 2024-12-20 00:14:23,264] Trial 738 finished with value: 1.5812724828720093 and parameters: {'mlp_n_layers': 4, 'mlp_dim_00': 405, 'mlp_dim_01': 341, 'mlp_dim_02': 250, 'mlp_dim_03': 366, 'node_hidden_dim': 47, 'edge_hidden_dim': 128, 'depth': 1, 'rep_dropout': 0.09361240551700924, 'train_learning_rate': 0.0003311087286399116, 'train_lr_reduce': 0.6}. Best is trial 558 with value: 0.30280801653862.
[I 2024-12-20 00:14:29,657] Trial 737 finished with value: 0.45672574639320374 and parameters: {'mlp_n_layers': 3, 'mlp_dim_00': 194, 'mlp_dim_01': 411, 'mlp_dim_02': 166, 'node_hidden_dim': 119, 'edge_hidden_dim': 70, 'depth': 1, 'rep_dropout': 0.021561765250267796, 'train_learning_rate': 0.0013025385650753056, 'train_lr_reduce': 0.6}. Best is trial 558 with value: 0.30280801653862.
[I 2024-12-20 00:14:31,261] Trial 735 finished with value: 0.35787680745124817 and parameters: {'mlp_n_layers': 4, 'mlp_dim_00': 140, 'mlp_dim_01': 290, 'mlp_dim_02': 261, 'mlp_dim_03': 302, 'node_hidden_dim': 124, 'edge_hidden_dim': 46, 'depth': 1, 'rep_dropout': 0.007954355852877893, 'train_learning_rate': 0.001246793610482191, 'train_lr_reduce': 0.6}. Best is trial 558 with value: 0.30280801653862.
[I 2024-12-20 00:14:32,642] Trial 739 finished with value: 0.4594165086746216 and parameters: {'mlp_n_layers': 3, 'mlp_dim_00': 77, 'mlp_dim_01': 359, 'mlp_dim_02': 133, 'node_hidden_dim': 122, 'edge_hidden_dim': 77, 'depth': 1, 'rep_dropout': 0.019706619758437398, 'train_learning_rate': 0.004485169880942811, 'train_lr_reduce': 0.6}. Best is trial 558 with value: 0.30280801653862.
[I 2024-12-20 00:14:32,941] Trial 740 finished with value: 1.5757489204406738 and parameters: {'mlp_n_layers': 3, 'mlp_dim_00': 156, 'mlp_dim_01': 374, 'mlp_dim_02': 207, 'node_hidden_dim': 78, 'edge_hidden_dim': 38, 'depth': 4, 'rep_dropout': 0.12852397969728424, 'train_learning_rate': 0.0001373028940417382, 'train_lr_reduce': 0.6}. Best is trial 558 with value: 0.30280801653862.
[I 2024-12-20 00:14:34,818] Trial 741 finished with value: 1.5367299318313599 and parameters: {'mlp_n_layers': 4, 'mlp_dim_00': 404, 'mlp_dim_01': 298, 'mlp_dim_02': 260, 'mlp_dim_03': 389, 'node_hidden_dim': 123, 'edge_hidden_dim': 45, 'depth': 1, 'rep_dropout': 0.0025305075773548076, 'train_learning_rate': 0.0009591298093654971, 'train_lr_reduce': 0.6}. Best is trial 558 with value: 0.30280801653862.
[I 2024-12-20 00:14:36,419] Trial 743 finished with value: 1.341766119003296 and parameters: {'mlp_n_layers': 3, 'mlp_dim_00': 249, 'mlp_dim_01': 332, 'mlp_dim_02': 164, 'node_hidden_dim': 109, 'edge_hidden_dim': 35, 'depth': 3, 'rep_dropout': 0.12797118760075027, 'train_learning_rate': 0.0054140261177223, 'train_lr_reduce': 0.6}. Best is trial 558 with value: 0.30280801653862.
[I 2024-12-20 00:14:37,942] Trial 744 finished with value: 1.345571517944336 and parameters: {'mlp_n_layers': 3, 'mlp_dim_00': 471, 'mlp_dim_01': 422, 'mlp_dim_02': 252, 'node_hidden_dim': 95, 'edge_hidden_dim': 58, 'depth': 1, 'rep_dropout': 0.04668450607687756, 'train_learning_rate': 0.0049024418571006045, 'train_lr_reduce': 0.6}. Best is trial 558 with value: 0.30280801653862.
[I 2024-12-20 00:14:38,566] Trial 742 finished with value: 1.3583685159683228 and parameters: {'mlp_n_layers': 1, 'mlp_dim_00': 67, 'node_hidden_dim': 90, 'edge_hidden_dim': 114, 'depth': 3, 'rep_dropout': 0.006878088882057862, 'train_learning_rate': 0.004628304994987797, 'train_lr_reduce': 0.6}. Best is trial 558 with value: 0.30280801653862.
[I 2024-12-20 00:14:39,617] Trial 745 finished with value: 1.470691442489624 and parameters: {'mlp_n_layers': 2, 'mlp_dim_00': 295, 'mlp_dim_01': 368, 'node_hidden_dim': 53, 'edge_hidden_dim': 93, 'depth': 2, 'rep_dropout': 0.08303362528691527, 'train_learning_rate': 0.001034037393883054, 'train_lr_reduce': 0.6}. Best is trial 558 with value: 0.30280801653862.
[I 2024-12-20 00:14:43,176] Trial 747 finished with value: 1.5754852294921875 and parameters: {'mlp_n_layers': 2, 'mlp_dim_00': 140, 'mlp_dim_01': 345, 'node_hidden_dim': 118, 'edge_hidden_dim': 33, 'depth': 4, 'rep_dropout': 0.004861133363635584, 'train_learning_rate': 0.0003196324972800394, 'train_lr_reduce': 0.6}. Best is trial 558 with value: 0.30280801653862.
[I 2024-12-20 00:14:43,310] Trial 748 finished with value: 1.5501906871795654 and parameters: {'mlp_n_layers': 4, 'mlp_dim_00': 153, 'mlp_dim_01': 389, 'mlp_dim_02': 200, 'mlp_dim_03': 375, 'node_hidden_dim': 80, 'edge_hidden_dim': 57, 'depth': 3, 'rep_dropout': 0.015191271663609139, 'train_learning_rate': 0.00013135687873982606, 'train_lr_reduce': 0.6}. Best is trial 558 with value: 0.30280801653862.
[I 2024-12-20 00:14:47,192] Trial 749 finished with value: 1.5144723653793335 and parameters: {'mlp_n_layers': 3, 'mlp_dim_00': 405, 'mlp_dim_01': 426, 'mlp_dim_02': 214, 'node_hidden_dim': 104, 'edge_hidden_dim': 53, 'depth': 2, 'rep_dropout': 0.004420170721871983, 'train_learning_rate': 0.0011171533305995467, 'train_lr_reduce': 0.6}. Best is trial 558 with value: 0.30280801653862.
[I 2024-12-20 00:14:51,245] Trial 751 finished with value: 1.5671360492706299 and parameters: {'mlp_n_layers': 3, 'mlp_dim_00': 177, 'mlp_dim_01': 271, 'mlp_dim_02': 123, 'node_hidden_dim': 123, 'edge_hidden_dim': 47, 'depth': 2, 'rep_dropout': 0.017878411358608758, 'train_learning_rate': 0.0010665149974552158, 'train_lr_reduce': 0.6}. Best is trial 558 with value: 0.30280801653862.
[I 2024-12-20 00:14:51,871] Trial 746 finished with value: 0.3628380298614502 and parameters: {'mlp_n_layers': 4, 'mlp_dim_00': 255, 'mlp_dim_01': 291, 'mlp_dim_02': 264, 'mlp_dim_03': 302, 'node_hidden_dim': 123, 'edge_hidden_dim': 46, 'depth': 1, 'rep_dropout': 0.01259240671913579, 'train_learning_rate': 0.0012970146771328782, 'train_lr_reduce': 0.6}. Best is trial 558 with value: 0.30280801653862.
[I 2024-12-20 00:14:54,232] Trial 752 finished with value: 1.501647710800171 and parameters: {'mlp_n_layers': 3, 'mlp_dim_00': 289, 'mlp_dim_01': 377, 'mlp_dim_02': 423, 'node_hidden_dim': 90, 'edge_hidden_dim': 70, 'depth': 1, 'rep_dropout': 0.0054033153562852935, 'train_learning_rate': 0.0007073952086891058, 'train_lr_reduce': 0.6}. Best is trial 558 with value: 0.30280801653862.
[I 2024-12-20 00:14:55,863] Trial 750 finished with value: 0.3595038652420044 and parameters: {'mlp_n_layers': 4, 'mlp_dim_00': 392, 'mlp_dim_01': 330, 'mlp_dim_02': 269, 'mlp_dim_03': 503, 'node_hidden_dim': 92, 'edge_hidden_dim': 49, 'depth': 1, 'rep_dropout': 0.01682994720122459, 'train_learning_rate': 0.002175101884361282, 'train_lr_reduce': 0.6}. Best is trial 558 with value: 0.30280801653862.
[I 2024-12-20 00:15:00,488] Trial 755 finished with value: 1.5590729713439941 and parameters: {'mlp_n_layers': 4, 'mlp_dim_00': 324, 'mlp_dim_01': 367, 'mlp_dim_02': 386, 'mlp_dim_03': 412, 'node_hidden_dim': 110, 'edge_hidden_dim': 71, 'depth': 2, 'rep_dropout': 0.02331553705072742, 'train_learning_rate': 0.0008959230429045747, 'train_lr_reduce': 0.6}. Best is trial 558 with value: 0.30280801653862.
[I 2024-12-20 00:15:04,778] Trial 756 finished with value: 1.5640569925308228 and parameters: {'mlp_n_layers': 4, 'mlp_dim_00': 410, 'mlp_dim_01': 281, 'mlp_dim_02': 221, 'mlp_dim_03': 366, 'node_hidden_dim': 96, 'edge_hidden_dim': 35, 'depth': 2, 'rep_dropout': 0.011577771106050311, 'train_learning_rate': 0.0020323317706179562, 'train_lr_reduce': 0.6}. Best is trial 558 with value: 0.30280801653862.
[I 2024-12-20 00:15:07,127] Trial 753 finished with value: 0.3998160660266876 and parameters: {'mlp_n_layers': 3, 'mlp_dim_00': 196, 'mlp_dim_01': 330, 'mlp_dim_02': 262, 'node_hidden_dim': 119, 'edge_hidden_dim': 56, 'depth': 1, 'rep_dropout': 0.023703801675364813, 'train_learning_rate': 0.0017909750330948535, 'train_lr_reduce': 0.6}. Best is trial 558 with value: 0.30280801653862.
[I 2024-12-20 00:15:10,465] Trial 757 finished with value: 1.2741700410842896 and parameters: {'mlp_n_layers': 4, 'mlp_dim_00': 380, 'mlp_dim_01': 374, 'mlp_dim_02': 280, 'mlp_dim_03': 455, 'node_hidden_dim': 100, 'edge_hidden_dim': 43, 'depth': 1, 'rep_dropout': 0.0006516169088263517, 'train_learning_rate': 0.005571464085854053, 'train_lr_reduce': 0.6}. Best is trial 558 with value: 0.30280801653862.
[I 2024-12-20 00:15:10,817] Trial 758 finished with value: 1.547268033027649 and parameters: {'mlp_n_layers': 4, 'mlp_dim_00': 500, 'mlp_dim_01': 333, 'mlp_dim_02': 394, 'mlp_dim_03': 335, 'node_hidden_dim': 104, 'edge_hidden_dim': 60, 'depth': 1, 'rep_dropout': 0.02574466824253101, 'train_learning_rate': 0.0014568281020081021, 'train_lr_reduce': 0.6}. Best is trial 558 with value: 0.30280801653862.
[I 2024-12-20 00:15:14,380] Trial 759 finished with value: 1.566982388496399 and parameters: {'mlp_n_layers': 4, 'mlp_dim_00': 106, 'mlp_dim_01': 416, 'mlp_dim_02': 167, 'mlp_dim_03': 396, 'node_hidden_dim': 102, 'edge_hidden_dim': 50, 'depth': 1, 'rep_dropout': 0.0018814655985035632, 'train_learning_rate': 0.0007786250431941158, 'train_lr_reduce': 0.6}. Best is trial 558 with value: 0.30280801653862.
[I 2024-12-20 00:15:16,012] Trial 754 finished with value: 0.3389758765697479 and parameters: {'mlp_n_layers': 4, 'mlp_dim_00': 79, 'mlp_dim_01': 427, 'mlp_dim_02': 176, 'mlp_dim_03': 292, 'node_hidden_dim': 128, 'edge_hidden_dim': 48, 'depth': 1, 'rep_dropout': 0.023178867226685374, 'train_learning_rate': 0.0023597454983386827, 'train_lr_reduce': 0.6}. Best is trial 558 with value: 0.30280801653862.
[I 2024-12-20 00:15:18,133] Trial 761 finished with value: 1.549268126487732 and parameters: {'mlp_n_layers': 3, 'mlp_dim_00': 65, 'mlp_dim_01': 384, 'mlp_dim_02': 500, 'node_hidden_dim': 126, 'edge_hidden_dim': 32, 'depth': 2, 'rep_dropout': 0.006538096667188761, 'train_learning_rate': 0.001037885816163574, 'train_lr_reduce': 0.6}. Best is trial 558 with value: 0.30280801653862.
[I 2024-12-20 00:15:19,607] Trial 762 finished with value: 1.5322449207305908 and parameters: {'mlp_n_layers': 4, 'mlp_dim_00': 153, 'mlp_dim_01': 468, 'mlp_dim_02': 162, 'mlp_dim_03': 315, 'node_hidden_dim': 121, 'edge_hidden_dim': 40, 'depth': 2, 'rep_dropout': 0.03731987855437423, 'train_learning_rate': 0.002594999453424936, 'train_lr_reduce': 0.6}. Best is trial 558 with value: 0.30280801653862.
[I 2024-12-20 00:15:21,876] Trial 763 finished with value: 1.4865386486053467 and parameters: {'mlp_n_layers': 4, 'mlp_dim_00': 136, 'mlp_dim_01': 431, 'mlp_dim_02': 179, 'mlp_dim_03': 281, 'node_hidden_dim': 123, 'edge_hidden_dim': 54, 'depth': 2, 'rep_dropout': 0.004329796773969673, 'train_learning_rate': 0.0038909242688754194, 'train_lr_reduce': 0.6}. Best is trial 558 with value: 0.30280801653862.
[I 2024-12-20 00:15:23,894] Trial 764 finished with value: 1.5383802652359009 and parameters: {'mlp_n_layers': 4, 'mlp_dim_00': 102, 'mlp_dim_01': 440, 'mlp_dim_02': 121, 'mlp_dim_03': 319, 'node_hidden_dim': 116, 'edge_hidden_dim': 58, 'depth': 1, 'rep_dropout': 0.014297227615748195, 'train_learning_rate': 0.004676321081147912, 'train_lr_reduce': 0.6}. Best is trial 558 with value: 0.30280801653862.
[I 2024-12-20 00:15:24,968] Trial 765 finished with value: 1.3562027215957642 and parameters: {'mlp_n_layers': 3, 'mlp_dim_00': 410, 'mlp_dim_01': 454, 'mlp_dim_02': 167, 'node_hidden_dim': 82, 'edge_hidden_dim': 60, 'depth': 1, 'rep_dropout': 3.28738551216793e-05, 'train_learning_rate': 0.003142626692408305, 'train_lr_reduce': 0.6}. Best is trial 558 with value: 0.30280801653862.
[I 2024-12-20 00:15:26,023] Trial 760 finished with value: 0.34766408801078796 and parameters: {'mlp_n_layers': 4, 'mlp_dim_00': 305, 'mlp_dim_01': 322, 'mlp_dim_02': 280, 'mlp_dim_03': 307, 'node_hidden_dim': 94, 'edge_hidden_dim': 57, 'depth': 1, 'rep_dropout': 0.00031017710791923433, 'train_learning_rate': 0.0026609985066079157, 'train_lr_reduce': 0.6}. Best is trial 558 with value: 0.30280801653862.
[I 2024-12-20 00:15:26,894] Trial 766 finished with value: 1.2996902465820312 and parameters: {'mlp_n_layers': 2, 'mlp_dim_00': 122, 'mlp_dim_01': 450, 'node_hidden_dim': 109, 'edge_hidden_dim': 43, 'depth': 1, 'rep_dropout': 0.004514683520466715, 'train_learning_rate': 0.0033772631193477484, 'train_lr_reduce': 0.6}. Best is trial 558 with value: 0.30280801653862.
[I 2024-12-20 00:15:31,558] Trial 767 finished with value: 1.348619818687439 and parameters: {'mlp_n_layers': 4, 'mlp_dim_00': 371, 'mlp_dim_01': 495, 'mlp_dim_02': 175, 'mlp_dim_03': 290, 'node_hidden_dim': 102, 'edge_hidden_dim': 55, 'depth': 1, 'rep_dropout': 0.0005593057702512269, 'train_learning_rate': 0.000799156373701344, 'train_lr_reduce': 0.6}. Best is trial 558 with value: 0.30280801653862.
[I 2024-12-20 00:15:42,731] Trial 769 finished with value: 0.42042678594589233 and parameters: {'mlp_n_layers': 4, 'mlp_dim_00': 102, 'mlp_dim_01': 67, 'mlp_dim_02': 181, 'mlp_dim_03': 283, 'node_hidden_dim': 125, 'edge_hidden_dim': 37, 'depth': 1, 'rep_dropout': 0.038690419610940614, 'train_learning_rate': 0.0015824121003177815, 'train_lr_reduce': 0.6}. Best is trial 558 with value: 0.30280801653862.
[I 2024-12-20 00:15:43,847] Trial 770 finished with value: 0.42945972084999084 and parameters: {'mlp_n_layers': 3, 'mlp_dim_00': 89, 'mlp_dim_01': 427, 'mlp_dim_02': 206, 'node_hidden_dim': 105, 'edge_hidden_dim': 60, 'depth': 1, 'rep_dropout': 0.060516616334417614, 'train_learning_rate': 0.002049217947912096, 'train_lr_reduce': 0.6}. Best is trial 558 with value: 0.30280801653862.
[I 2024-12-20 00:15:46,277] Trial 771 finished with value: 1.4485728740692139 and parameters: {'mlp_n_layers': 3, 'mlp_dim_00': 170, 'mlp_dim_01': 425, 'mlp_dim_02': 225, 'node_hidden_dim': 118, 'edge_hidden_dim': 58, 'depth': 1, 'rep_dropout': 0.0010448717074367023, 'train_learning_rate': 0.0016429191262143923, 'train_lr_reduce': 0.6}. Best is trial 558 with value: 0.30280801653862.
[I 2024-12-20 00:15:56,299] Trial 772 finished with value: 0.35953131318092346 and parameters: {'mlp_n_layers': 4, 'mlp_dim_00': 70, 'mlp_dim_01': 274, 'mlp_dim_02': 148, 'mlp_dim_03': 291, 'node_hidden_dim': 122, 'edge_hidden_dim': 49, 'depth': 1, 'rep_dropout': 0.04574264781157904, 'train_learning_rate': 0.0021283219781104423, 'train_lr_reduce': 0.6}. Best is trial 558 with value: 0.30280801653862.
[I 2024-12-20 00:15:58,063] Trial 768 finished with value: 0.3755793571472168 and parameters: {'mlp_n_layers': 4, 'mlp_dim_00': 178, 'mlp_dim_01': 431, 'mlp_dim_02': 112, 'mlp_dim_03': 283, 'node_hidden_dim': 116, 'edge_hidden_dim': 57, 'depth': 1, 'rep_dropout': 0.016593226055346855, 'train_learning_rate': 0.0021484429213633593, 'train_lr_reduce': 0.6}. Best is trial 558 with value: 0.30280801653862.
[I 2024-12-20 00:16:00,872] Trial 774 finished with value: 1.332853078842163 and parameters: {'mlp_n_layers': 4, 'mlp_dim_00': 333, 'mlp_dim_01': 413, 'mlp_dim_02': 210, 'mlp_dim_03': 322, 'node_hidden_dim': 74, 'edge_hidden_dim': 98, 'depth': 1, 'rep_dropout': 0.000581142332319126, 'train_learning_rate': 0.00673172199925356, 'train_lr_reduce': 0.6}. Best is trial 558 with value: 0.30280801653862.
