[I 2024-12-24 15:38:17,579] Trial 192 finished with value: 0.011816115118563175 and parameters: {'L1_hidden_dim': 80, 'L1_layers_atom': 2, 'L1_layers_mol': 3, 'L1_dropout': 0.04481801060154538, 'L1_out_dim': 64, 'L2_hidden_dim': 96, 'L2_layers_atom': 4, 'L2_layers_mol': 3, 'L2_out_dim': 32, 'L2_dropout': 0.0425290455960272, 'L3_hidden_dim': 128, 'L3_layers_atom': 4, 'L3_layers_mol': 3, 'L3_out_dim': 128, 'L3_dropout': 0.29113990394444295, 'n_mlp_layers': 3, 'mlp_dim_0': 456, 'mlp_dim_1': 184, 'mlp_dim_2': 216, 'num_heads': 2, 'final_dropout': 0.18854011470206694, 'train_learning_rate': 0.0012124842508388215, 'train_lr_reduce': 0.6}. Best is trial 162 with value: 0.010640937834978104.
[I 2024-12-24 15:38:21,475] Trial 194 finished with value: 0.011308877728879452 and parameters: {'L1_hidden_dim': 80, 'L1_layers_atom': 1, 'L1_layers_mol': 3, 'L1_dropout': 0.0325494779228537, 'L1_out_dim': 80, 'L2_hidden_dim': 128, 'L2_layers_atom': 1, 'L2_layers_mol': 1, 'L2_out_dim': 48, 'L2_dropout': 0.23452676301674322, 'L3_hidden_dim': 112, 'L3_layers_atom': 3, 'L3_layers_mol': 1, 'L3_out_dim': 128, 'L3_dropout': 0.1889176992746855, 'n_mlp_layers': 3, 'mlp_dim_0': 480, 'mlp_dim_1': 144, 'mlp_dim_2': 176, 'num_heads': 2, 'final_dropout': 0.16632874116080293, 'train_learning_rate': 0.002059863773879567, 'train_lr_reduce': 0.6}. Best is trial 162 with value: 0.010640937834978104.
[I 2024-12-24 15:39:23,129] Trial 196 finished with value: 0.013389820232987404 and parameters: {'L1_hidden_dim': 112, 'L1_layers_atom': 2, 'L1_layers_mol': 3, 'L1_dropout': 0.02911957873769507, 'L1_out_dim': 64, 'L2_hidden_dim': 224, 'L2_layers_atom': 3, 'L2_layers_mol': 1, 'L2_out_dim': 32, 'L2_dropout': 0.27807555436273246, 'L3_hidden_dim': 80, 'L3_layers_atom': 2, 'L3_layers_mol': 3, 'L3_out_dim': 96, 'L3_dropout': 0.2868592929915202, 'n_mlp_layers': 2, 'mlp_dim_0': 320, 'mlp_dim_1': 112, 'num_heads': 1, 'final_dropout': 0.21306072340638826, 'train_learning_rate': 0.0031378759571990774, 'train_lr_reduce': 0.6}. Best is trial 162 with value: 0.010640937834978104.
[I 2024-12-24 15:39:30,763] Trial 193 finished with value: 0.011596578173339367 and parameters: {'L1_hidden_dim': 80, 'L1_layers_atom': 2, 'L1_layers_mol': 3, 'L1_dropout': 0.048098509520835275, 'L1_out_dim': 32, 'L2_hidden_dim': 96, 'L2_layers_atom': 3, 'L2_layers_mol': 1, 'L2_out_dim': 80, 'L2_dropout': 0.00017991226174486966, 'L3_hidden_dim': 128, 'L3_layers_atom': 4, 'L3_layers_mol': 1, 'L3_out_dim': 128, 'L3_dropout': 0.2993564349022766, 'n_mlp_layers': 3, 'mlp_dim_0': 368, 'mlp_dim_1': 184, 'mlp_dim_2': 208, 'num_heads': 2, 'final_dropout': 0.15592842479371855, 'train_learning_rate': 0.00040829144684801337, 'train_lr_reduce': 0.6}. Best is trial 162 with value: 0.010640937834978104.
[I 2024-12-24 15:40:29,738] Trial 195 finished with value: 0.011956095695495605 and parameters: {'L1_hidden_dim': 112, 'L1_layers_atom': 3, 'L1_layers_mol': 4, 'L1_dropout': 0.012972815048375429, 'L1_out_dim': 96, 'L2_hidden_dim': 80, 'L2_layers_atom': 3, 'L2_layers_mol': 3, 'L2_out_dim': 48, 'L2_dropout': 0.02274799748045521, 'L3_hidden_dim': 48, 'L3_layers_atom': 2, 'L3_layers_mol': 2, 'L3_out_dim': 96, 'L3_dropout': 0.2841207590913595, 'n_mlp_layers': 2, 'mlp_dim_0': 416, 'mlp_dim_1': 136, 'num_heads': 2, 'final_dropout': 0.2674789228176181, 'train_learning_rate': 0.0009450210839148345, 'train_lr_reduce': 0.6}. Best is trial 162 with value: 0.010640937834978104.
[I 2024-12-24 15:40:35,748] Trial 197 finished with value: 0.010102599859237671 and parameters: {'L1_hidden_dim': 224, 'L1_layers_atom': 2, 'L1_layers_mol': 4, 'L1_dropout': 0.011398369433260579, 'L1_out_dim': 96, 'L2_hidden_dim': 160, 'L2_layers_atom': 3, 'L2_layers_mol': 4, 'L2_out_dim': 80, 'L2_dropout': 0.21170505666886769, 'L3_hidden_dim': 48, 'L3_layers_atom': 3, 'L3_layers_mol': 1, 'L3_out_dim': 112, 'L3_dropout': 0.25824880564403696, 'n_mlp_layers': 3, 'mlp_dim_0': 168, 'mlp_dim_1': 72, 'mlp_dim_2': 240, 'num_heads': 2, 'final_dropout': 0.28557960755685313, 'train_learning_rate': 0.00437106385809639, 'train_lr_reduce': 0.6}. Best is trial 197 with value: 0.010102599859237671.
[I 2024-12-24 15:40:50,451] Trial 198 finished with value: 0.01216220110654831 and parameters: {'L1_hidden_dim': 64, 'L1_layers_atom': 1, 'L1_layers_mol': 3, 'L1_dropout': 0.03138761233161492, 'L1_out_dim': 128, 'L2_hidden_dim': 64, 'L2_layers_atom': 3, 'L2_layers_mol': 1, 'L2_out_dim': 64, 'L2_dropout': 0.019787916442661594, 'L3_hidden_dim': 48, 'L3_layers_atom': 2, 'L3_layers_mol': 2, 'L3_out_dim': 80, 'L3_dropout': 0.24919931820103652, 'n_mlp_layers': 2, 'mlp_dim_0': 336, 'mlp_dim_1': 184, 'num_heads': 1, 'final_dropout': 0.20836196598639511, 'train_learning_rate': 0.0017824129280673998, 'train_lr_reduce': 0.6}. Best is trial 197 with value: 0.010102599859237671.
[I 2024-12-24 15:42:37,725] Trial 201 finished with value: 0.012707195244729519 and parameters: {'L1_hidden_dim': 224, 'L1_layers_atom': 1, 'L1_layers_mol': 3, 'L1_dropout': 0.03364950732366348, 'L1_out_dim': 80, 'L2_hidden_dim': 160, 'L2_layers_atom': 2, 'L2_layers_mol': 4, 'L2_out_dim': 96, 'L2_dropout': 0.25714424632122246, 'L3_hidden_dim': 64, 'L3_layers_atom': 4, 'L3_layers_mol': 1, 'L3_out_dim': 64, 'L3_dropout': 0.2358576924204449, 'n_mlp_layers': 3, 'mlp_dim_0': 72, 'mlp_dim_1': 32, 'mlp_dim_2': 240, 'num_heads': 2, 'final_dropout': 0.2798141391973653, 'train_learning_rate': 0.005802784577889942, 'train_lr_reduce': 0.6}. Best is trial 197 with value: 0.010102599859237671.
[I 2024-12-24 15:43:02,133] Trial 200 finished with value: 0.014325170777738094 and parameters: {'L1_hidden_dim': 208, 'L1_layers_atom': 2, 'L1_layers_mol': 3, 'L1_dropout': 0.0517684792884862, 'L1_out_dim': 96, 'L2_hidden_dim': 160, 'L2_layers_atom': 2, 'L2_layers_mol': 3, 'L2_out_dim': 128, 'L2_dropout': 0.15347783722455574, 'L3_hidden_dim': 64, 'L3_layers_atom': 3, 'L3_layers_mol': 1, 'L3_out_dim': 128, 'L3_dropout': 0.2583530619179142, 'n_mlp_layers': 3, 'mlp_dim_0': 152, 'mlp_dim_1': 48, 'mlp_dim_2': 256, 'num_heads': 2, 'final_dropout': 0.2522322055135716, 'train_learning_rate': 0.007047029997711356, 'train_lr_reduce': 0.6}. Best is trial 197 with value: 0.010102599859237671.
[I 2024-12-24 15:43:47,120] Trial 202 finished with value: 0.015313751995563507 and parameters: {'L1_hidden_dim': 80, 'L1_layers_atom': 2, 'L1_layers_mol': 4, 'L1_dropout': 0.008551219938473357, 'L1_out_dim': 64, 'L2_hidden_dim': 128, 'L2_layers_atom': 3, 'L2_layers_mol': 3, 'L2_out_dim': 64, 'L2_dropout': 0.21529148789617383, 'L3_hidden_dim': 128, 'L3_layers_atom': 4, 'L3_layers_mol': 1, 'L3_out_dim': 128, 'L3_dropout': 0.23344323158633934, 'n_mlp_layers': 3, 'mlp_dim_0': 472, 'mlp_dim_1': 96, 'mlp_dim_2': 240, 'num_heads': 2, 'final_dropout': 0.0700154313216134, 'train_learning_rate': 0.0030896415242251075, 'train_lr_reduce': 0.6}. Best is trial 197 with value: 0.010102599859237671.
[I 2024-12-24 15:44:02,638] Trial 199 finished with value: 0.012108448892831802 and parameters: {'L1_hidden_dim': 64, 'L1_layers_atom': 1, 'L1_layers_mol': 4, 'L1_dropout': 0.038743279450294696, 'L1_out_dim': 48, 'L2_hidden_dim': 192, 'L2_layers_atom': 4, 'L2_layers_mol': 1, 'L2_out_dim': 32, 'L2_dropout': 0.023179088826892534, 'L3_hidden_dim': 112, 'L3_layers_atom': 3, 'L3_layers_mol': 1, 'L3_out_dim': 112, 'L3_dropout': 0.28073394369174914, 'n_mlp_layers': 3, 'mlp_dim_0': 472, 'mlp_dim_1': 128, 'mlp_dim_2': 176, 'num_heads': 2, 'final_dropout': 0.1839611681249964, 'train_learning_rate': 0.005233164392637299, 'train_lr_reduce': 0.6}. Best is trial 197 with value: 0.010102599859237671.
[I 2024-12-24 15:45:02,878] Trial 203 finished with value: 0.011455264873802662 and parameters: {'L1_hidden_dim': 256, 'L1_layers_atom': 2, 'L1_layers_mol': 4, 'L1_dropout': 0.050979359966500375, 'L1_out_dim': 80, 'L2_hidden_dim': 176, 'L2_layers_atom': 3, 'L2_layers_mol': 4, 'L2_out_dim': 64, 'L2_dropout': 0.19283347868776785, 'L3_hidden_dim': 64, 'L3_layers_atom': 2, 'L3_layers_mol': 1, 'L3_out_dim': 112, 'L3_dropout': 0.26640230945002974, 'n_mlp_layers': 3, 'mlp_dim_0': 224, 'mlp_dim_1': 80, 'mlp_dim_2': 328, 'num_heads': 2, 'final_dropout': 0.279341505809095, 'train_learning_rate': 0.0012309924492607388, 'train_lr_reduce': 0.6}. Best is trial 197 with value: 0.010102599859237671.
[I 2024-12-24 15:45:31,957] Trial 204 finished with value: 0.013128741644322872 and parameters: {'L1_hidden_dim': 96, 'L1_layers_atom': 2, 'L1_layers_mol': 4, 'L1_dropout': 0.023551378581620687, 'L1_out_dim': 48, 'L2_hidden_dim': 80, 'L2_layers_atom': 4, 'L2_layers_mol': 1, 'L2_out_dim': 64, 'L2_dropout': 0.055470013195122375, 'L3_hidden_dim': 112, 'L3_layers_atom': 4, 'L3_layers_mol': 2, 'L3_out_dim': 112, 'L3_dropout': 0.22565132627366413, 'n_mlp_layers': 3, 'mlp_dim_0': 384, 'mlp_dim_1': 72, 'mlp_dim_2': 176, 'num_heads': 2, 'final_dropout': 0.11449964705190926, 'train_learning_rate': 0.006714238692886078, 'train_lr_reduce': 0.6}. Best is trial 197 with value: 0.010102599859237671.
[I 2024-12-24 15:45:46,995] Trial 205 finished with value: 0.011967985890805721 and parameters: {'L1_hidden_dim': 192, 'L1_layers_atom': 2, 'L1_layers_mol': 3, 'L1_dropout': 0.1743551037907579, 'L1_out_dim': 128, 'L2_hidden_dim': 208, 'L2_layers_atom': 4, 'L2_layers_mol': 2, 'L2_out_dim': 48, 'L2_dropout': 0.024556914721010837, 'L3_hidden_dim': 48, 'L3_layers_atom': 1, 'L3_layers_mol': 1, 'L3_out_dim': 112, 'L3_dropout': 0.20328941502204045, 'n_mlp_layers': 3, 'mlp_dim_0': 200, 'mlp_dim_1': 120, 'mlp_dim_2': 240, 'num_heads': 2, 'final_dropout': 0.1292344999990736, 'train_learning_rate': 0.00639095720795529, 'train_lr_reduce': 0.6}. Best is trial 197 with value: 0.010102599859237671.
[I 2024-12-24 15:46:38,657] Trial 206 finished with value: 0.011020028963685036 and parameters: {'L1_hidden_dim': 80, 'L1_layers_atom': 2, 'L1_layers_mol': 3, 'L1_dropout': 0.03500685425785922, 'L1_out_dim': 96, 'L2_hidden_dim': 112, 'L2_layers_atom': 1, 'L2_layers_mol': 1, 'L2_out_dim': 32, 'L2_dropout': 0.0707207341437857, 'L3_hidden_dim': 128, 'L3_layers_atom': 3, 'L3_layers_mol': 1, 'L3_out_dim': 128, 'L3_dropout': 0.2798350739301548, 'n_mlp_layers': 3, 'mlp_dim_0': 304, 'mlp_dim_1': 96, 'mlp_dim_2': 168, 'num_heads': 2, 'final_dropout': 0.14958623109697963, 'train_learning_rate': 0.00391874975969624, 'train_lr_reduce': 0.6}. Best is trial 197 with value: 0.010102599859237671.
[I 2024-12-24 15:47:06,069] Trial 207 finished with value: 0.011434323154389858 and parameters: {'L1_hidden_dim': 128, 'L1_layers_atom': 2, 'L1_layers_mol': 4, 'L1_dropout': 0.09953766349321726, 'L1_out_dim': 112, 'L2_hidden_dim': 80, 'L2_layers_atom': 3, 'L2_layers_mol': 3, 'L2_out_dim': 80, 'L2_dropout': 0.09552192404914286, 'L3_hidden_dim': 48, 'L3_layers_atom': 2, 'L3_layers_mol': 1, 'L3_out_dim': 128, 'L3_dropout': 0.29659553525956583, 'n_mlp_layers': 2, 'mlp_dim_0': 176, 'mlp_dim_1': 192, 'num_heads': 1, 'final_dropout': 0.2694348464977606, 'train_learning_rate': 0.003544833261815069, 'train_lr_reduce': 0.6}. Best is trial 197 with value: 0.010102599859237671.
[I 2024-12-24 15:47:36,638] Trial 208 finished with value: 0.012720054015517235 and parameters: {'L1_hidden_dim': 112, 'L1_layers_atom': 3, 'L1_layers_mol': 4, 'L1_dropout': 0.02069641808171513, 'L1_out_dim': 96, 'L2_hidden_dim': 64, 'L2_layers_atom': 2, 'L2_layers_mol': 4, 'L2_out_dim': 32, 'L2_dropout': 0.05169195094013589, 'L3_hidden_dim': 48, 'L3_layers_atom': 1, 'L3_layers_mol': 1, 'L3_out_dim': 128, 'L3_dropout': 0.21745057617779848, 'n_mlp_layers': 2, 'mlp_dim_0': 280, 'mlp_dim_1': 80, 'num_heads': 2, 'final_dropout': 0.12990830339977683, 'train_learning_rate': 0.0009424040249865124, 'train_lr_reduce': 0.6}. Best is trial 197 with value: 0.010102599859237671.
[I 2024-12-24 15:47:59,739] Trial 209 finished with value: 0.011931018903851509 and parameters: {'L1_hidden_dim': 224, 'L1_layers_atom': 2, 'L1_layers_mol': 4, 'L1_dropout': 0.042714093322916716, 'L1_out_dim': 112, 'L2_hidden_dim': 144, 'L2_layers_atom': 4, 'L2_layers_mol': 4, 'L2_out_dim': 80, 'L2_dropout': 0.23878379752500678, 'L3_hidden_dim': 48, 'L3_layers_atom': 4, 'L3_layers_mol': 1, 'L3_out_dim': 96, 'L3_dropout': 0.2995258421862946, 'n_mlp_layers': 3, 'mlp_dim_0': 144, 'mlp_dim_1': 136, 'mlp_dim_2': 136, 'num_heads': 2, 'final_dropout': 0.2225062356650207, 'train_learning_rate': 0.002922229464745614, 'train_lr_reduce': 0.6}. Best is trial 197 with value: 0.010102599859237671.
[I 2024-12-24 15:49:34,598] Trial 212 finished with value: 0.01072875689715147 and parameters: {'L1_hidden_dim': 112, 'L1_layers_atom': 1, 'L1_layers_mol': 4, 'L1_dropout': 0.04542602055401288, 'L1_out_dim': 112, 'L2_hidden_dim': 144, 'L2_layers_atom': 4, 'L2_layers_mol': 1, 'L2_out_dim': 64, 'L2_dropout': 0.009640451233858306, 'L3_hidden_dim': 96, 'L3_layers_atom': 2, 'L3_layers_mol': 2, 'L3_out_dim': 80, 'L3_dropout': 0.22284934966284747, 'n_mlp_layers': 3, 'mlp_dim_0': 472, 'mlp_dim_1': 120, 'mlp_dim_2': 176, 'num_heads': 1, 'final_dropout': 0.19350644783026025, 'train_learning_rate': 0.0006457194258517049, 'train_lr_reduce': 0.6}. Best is trial 197 with value: 0.010102599859237671.
[I 2024-12-24 15:49:35,102] Trial 211 finished with value: 0.014741086401045322 and parameters: {'L1_hidden_dim': 80, 'L1_layers_atom': 1, 'L1_layers_mol': 3, 'L1_dropout': 0.1460651396723196, 'L1_out_dim': 80, 'L2_hidden_dim': 112, 'L2_layers_atom': 1, 'L2_layers_mol': 1, 'L2_out_dim': 32, 'L2_dropout': 0.006492944390429703, 'L3_hidden_dim': 128, 'L3_layers_atom': 3, 'L3_layers_mol': 1, 'L3_out_dim': 96, 'L3_dropout': 0.22250757016497572, 'n_mlp_layers': 3, 'mlp_dim_0': 296, 'mlp_dim_1': 32, 'mlp_dim_2': 208, 'num_heads': 2, 'final_dropout': 0.09666651993368144, 'train_learning_rate': 0.0050958302605122454, 'train_lr_reduce': 0.6}. Best is trial 197 with value: 0.010102599859237671.
[I 2024-12-24 15:49:54,464] Trial 210 finished with value: 0.012583347968757153 and parameters: {'L1_hidden_dim': 64, 'L1_layers_atom': 1, 'L1_layers_mol': 2, 'L1_dropout': 0.05352345186057551, 'L1_out_dim': 112, 'L2_hidden_dim': 128, 'L2_layers_atom': 2, 'L2_layers_mol': 2, 'L2_out_dim': 64, 'L2_dropout': 0.0415111888189932, 'L3_hidden_dim': 96, 'L3_layers_atom': 3, 'L3_layers_mol': 1, 'L3_out_dim': 128, 'L3_dropout': 0.27739353744050876, 'n_mlp_layers': 3, 'mlp_dim_0': 328, 'mlp_dim_1': 128, 'mlp_dim_2': 176, 'num_heads': 2, 'final_dropout': 0.14105238551204705, 'train_learning_rate': 0.00031901316813164385, 'train_lr_reduce': 0.6}. Best is trial 197 with value: 0.010102599859237671.
[I 2024-12-24 15:50:16,886] Trial 213 finished with value: 0.028094463050365448 and parameters: {'L1_hidden_dim': 176, 'L1_layers_atom': 2, 'L1_layers_mol': 3, 'L1_dropout': 0.06391934314272825, 'L1_out_dim': 96, 'L2_hidden_dim': 80, 'L2_layers_atom': 3, 'L2_layers_mol': 3, 'L2_out_dim': 80, 'L2_dropout': 0.11770863992793847, 'L3_hidden_dim': 96, 'L3_layers_atom': 1, 'L3_layers_mol': 1, 'L3_out_dim': 64, 'L3_dropout': 0.22955576541780454, 'n_mlp_layers': 3, 'mlp_dim_0': 176, 'mlp_dim_1': 136, 'mlp_dim_2': 160, 'num_heads': 2, 'final_dropout': 0.2657316870278056, 'train_learning_rate': 0.0025867666735396675, 'train_lr_reduce': 0.6}. Best is trial 197 with value: 0.010102599859237671.
[I 2024-12-24 15:51:46,340] Trial 215 finished with value: 0.25111064314842224 and parameters: {'L1_hidden_dim': 240, 'L1_layers_atom': 1, 'L1_layers_mol': 4, 'L1_dropout': 0.10649820670968607, 'L1_out_dim': 112, 'L2_hidden_dim': 256, 'L2_layers_atom': 4, 'L2_layers_mol': 2, 'L2_out_dim': 32, 'L2_dropout': 0.05499982716449748, 'L3_hidden_dim': 96, 'L3_layers_atom': 2, 'L3_layers_mol': 1, 'L3_out_dim': 128, 'L3_dropout': 0.22519350352488743, 'n_mlp_layers': 1, 'mlp_dim_0': 168, 'num_heads': 1, 'final_dropout': 0.05999682499343054, 'train_learning_rate': 0.006872690536221117, 'train_lr_reduce': 0.6}. Best is trial 197 with value: 0.010102599859237671.
[I 2024-12-24 15:51:50,889] Trial 216 finished with value: 0.012647760100662708 and parameters: {'L1_hidden_dim': 144, 'L1_layers_atom': 1, 'L1_layers_mol': 4, 'L1_dropout': 0.1208740424571513, 'L1_out_dim': 128, 'L2_hidden_dim': 160, 'L2_layers_atom': 4, 'L2_layers_mol': 2, 'L2_out_dim': 32, 'L2_dropout': 0.011802035192371559, 'L3_hidden_dim': 112, 'L3_layers_atom': 2, 'L3_layers_mol': 2, 'L3_out_dim': 96, 'L3_dropout': 0.2707633485631958, 'n_mlp_layers': 3, 'mlp_dim_0': 464, 'mlp_dim_1': 112, 'mlp_dim_2': 168, 'num_heads': 1, 'final_dropout': 0.2312303016178104, 'train_learning_rate': 0.000970397680676602, 'train_lr_reduce': 0.6}. Best is trial 197 with value: 0.010102599859237671.
[I 2024-12-24 15:52:38,236] Trial 214 finished with value: 0.01299248356372118 and parameters: {'L1_hidden_dim': 128, 'L1_layers_atom': 3, 'L1_layers_mol': 4, 'L1_dropout': 0.073382411911512, 'L1_out_dim': 112, 'L2_hidden_dim': 240, 'L2_layers_atom': 3, 'L2_layers_mol': 1, 'L2_out_dim': 32, 'L2_dropout': 0.005658727945650213, 'L3_hidden_dim': 80, 'L3_layers_atom': 2, 'L3_layers_mol': 1, 'L3_out_dim': 80, 'L3_dropout': 0.11436918015474065, 'n_mlp_layers': 1, 'mlp_dim_0': 384, 'num_heads': 1, 'final_dropout': 0.0919985709628745, 'train_learning_rate': 0.0033966284227290216, 'train_lr_reduce': 0.6}. Best is trial 197 with value: 0.010102599859237671.
[I 2024-12-24 15:53:21,506] Trial 217 finished with value: 0.011611312627792358 and parameters: {'L1_hidden_dim': 80, 'L1_layers_atom': 1, 'L1_layers_mol': 4, 'L1_dropout': 0.02841444013989288, 'L1_out_dim': 112, 'L2_hidden_dim': 80, 'L2_layers_atom': 4, 'L2_layers_mol': 1, 'L2_out_dim': 32, 'L2_dropout': 0.048093871826834216, 'L3_hidden_dim': 64, 'L3_layers_atom': 2, 'L3_layers_mol': 1, 'L3_out_dim': 80, 'L3_dropout': 0.2060352298696589, 'n_mlp_layers': 3, 'mlp_dim_0': 504, 'mlp_dim_1': 96, 'mlp_dim_2': 232, 'num_heads': 1, 'final_dropout': 0.24926568072508304, 'train_learning_rate': 0.001232282291326628, 'train_lr_reduce': 0.6}. Best is trial 197 with value: 0.010102599859237671.
[I 2024-12-24 15:53:47,533] Trial 218 finished with value: 0.011341857723891735 and parameters: {'L1_hidden_dim': 128, 'L1_layers_atom': 1, 'L1_layers_mol': 4, 'L1_dropout': 0.0343067297851342, 'L1_out_dim': 80, 'L2_hidden_dim': 208, 'L2_layers_atom': 4, 'L2_layers_mol': 1, 'L2_out_dim': 64, 'L2_dropout': 0.019877293077439667, 'L3_hidden_dim': 64, 'L3_layers_atom': 1, 'L3_layers_mol': 3, 'L3_out_dim': 64, 'L3_dropout': 0.18853055205449484, 'n_mlp_layers': 3, 'mlp_dim_0': 456, 'mlp_dim_1': 192, 'mlp_dim_2': 168, 'num_heads': 1, 'final_dropout': 0.1482825510704397, 'train_learning_rate': 0.0001637495139631944, 'train_lr_reduce': 0.6}. Best is trial 197 with value: 0.010102599859237671.
[I 2024-12-24 15:54:04,080] Trial 219 finished with value: 0.011957099661231041 and parameters: {'L1_hidden_dim': 144, 'L1_layers_atom': 2, 'L1_layers_mol': 4, 'L1_dropout': 0.014701107794496904, 'L1_out_dim': 112, 'L2_hidden_dim': 64, 'L2_layers_atom': 2, 'L2_layers_mol': 2, 'L2_out_dim': 80, 'L2_dropout': 0.15854034868236266, 'L3_hidden_dim': 64, 'L3_layers_atom': 2, 'L3_layers_mol': 1, 'L3_out_dim': 112, 'L3_dropout': 0.25472967732998464, 'n_mlp_layers': 3, 'mlp_dim_0': 200, 'mlp_dim_1': 88, 'mlp_dim_2': 232, 'num_heads': 2, 'final_dropout': 0.2773600521008865, 'train_learning_rate': 0.0035036934399129056, 'train_lr_reduce': 0.6}. Best is trial 197 with value: 0.010102599859237671.
[I 2024-12-24 15:55:15,251] Trial 220 finished with value: 0.011431179940700531 and parameters: {'L1_hidden_dim': 112, 'L1_layers_atom': 3, 'L1_layers_mol': 3, 'L1_dropout': 0.03562625926710255, 'L1_out_dim': 48, 'L2_hidden_dim': 192, 'L2_layers_atom': 2, 'L2_layers_mol': 1, 'L2_out_dim': 32, 'L2_dropout': 0.13334126189734624, 'L3_hidden_dim': 96, 'L3_layers_atom': 1, 'L3_layers_mol': 2, 'L3_out_dim': 80, 'L3_dropout': 0.2836554904340073, 'n_mlp_layers': 1, 'mlp_dim_0': 280, 'num_heads': 1, 'final_dropout': 0.12132452033790996, 'train_learning_rate': 0.0007103576830853508, 'train_lr_reduce': 0.6}. Best is trial 197 with value: 0.010102599859237671.
[I 2024-12-24 15:55:17,265] Trial 221 finished with value: 0.012551713734865189 and parameters: {'L1_hidden_dim': 208, 'L1_layers_atom': 1, 'L1_layers_mol': 2, 'L1_dropout': 0.042147704407856326, 'L1_out_dim': 96, 'L2_hidden_dim': 192, 'L2_layers_atom': 2, 'L2_layers_mol': 1, 'L2_out_dim': 32, 'L2_dropout': 0.014289965855010881, 'L3_hidden_dim': 112, 'L3_layers_atom': 1, 'L3_layers_mol': 3, 'L3_out_dim': 128, 'L3_dropout': 0.20708077091810506, 'n_mlp_layers': 2, 'mlp_dim_0': 448, 'mlp_dim_1': 144, 'num_heads': 1, 'final_dropout': 0.10038220806268713, 'train_learning_rate': 0.005265318033841418, 'train_lr_reduce': 0.6}. Best is trial 197 with value: 0.010102599859237671.
[I 2024-12-24 15:56:10,778] Trial 222 finished with value: 0.012146343477070332 and parameters: {'L1_hidden_dim': 128, 'L1_layers_atom': 2, 'L1_layers_mol': 3, 'L1_dropout': 0.029110157073262956, 'L1_out_dim': 64, 'L2_hidden_dim': 64, 'L2_layers_atom': 4, 'L2_layers_mol': 2, 'L2_out_dim': 48, 'L2_dropout': 0.13377730545246155, 'L3_hidden_dim': 96, 'L3_layers_atom': 4, 'L3_layers_mol': 1, 'L3_out_dim': 128, 'L3_dropout': 0.22917307640422196, 'n_mlp_layers': 3, 'mlp_dim_0': 488, 'mlp_dim_1': 80, 'mlp_dim_2': 144, 'num_heads': 2, 'final_dropout': 0.19606173132348026, 'train_learning_rate': 0.0016169098607804395, 'train_lr_reduce': 0.6}. Best is trial 197 with value: 0.010102599859237671.
[I 2024-12-24 15:57:10,068] Trial 224 finished with value: 0.010948061011731625 and parameters: {'L1_hidden_dim': 240, 'L1_layers_atom': 2, 'L1_layers_mol': 4, 'L1_dropout': 0.007041218332270756, 'L1_out_dim': 64, 'L2_hidden_dim': 176, 'L2_layers_atom': 4, 'L2_layers_mol': 1, 'L2_out_dim': 48, 'L2_dropout': 0.141488551286072, 'L3_hidden_dim': 96, 'L3_layers_atom': 2, 'L3_layers_mol': 4, 'L3_out_dim': 112, 'L3_dropout': 0.2811917978402448, 'n_mlp_layers': 3, 'mlp_dim_0': 416, 'mlp_dim_1': 88, 'mlp_dim_2': 320, 'num_heads': 1, 'final_dropout': 0.1777907031685471, 'train_learning_rate': 0.0007177015295849783, 'train_lr_reduce': 0.6}. Best is trial 197 with value: 0.010102599859237671.
