[I 2024-12-19 22:34:34,128] Trial 2287 finished with value: 0.1829943060874939 and parameters: {'mlp_n_layers': 2, 'mlp_dim_00': 492, 'mlp_dim_01': 95, 'node_hidden_dim': 58, 'edge_hidden_dim': 71, 'depth': 1, 'rep_dropout': 0.03315715496892876, 'train_learning_rate': 0.004432298918015425, 'train_lr_reduce': 0.6}. Best is trial 1909 with value: 0.10777772963047028.
[I 2024-12-19 22:34:38,713] Trial 2291 finished with value: 1.1427735090255737 and parameters: {'mlp_n_layers': 2, 'mlp_dim_00': 508, 'mlp_dim_01': 101, 'node_hidden_dim': 38, 'edge_hidden_dim': 52, 'depth': 1, 'rep_dropout': 0.017464106175027146, 'train_learning_rate': 0.0017173778648549441, 'train_lr_reduce': 0.6}. Best is trial 1909 with value: 0.10777772963047028.
[I 2024-12-19 22:34:42,285] Trial 2290 finished with value: 0.6313139796257019 and parameters: {'mlp_n_layers': 1, 'mlp_dim_00': 512, 'node_hidden_dim': 38, 'edge_hidden_dim': 58, 'depth': 1, 'rep_dropout': 0.024834176412098986, 'train_learning_rate': 0.005940815860313852, 'train_lr_reduce': 0.6}. Best is trial 1909 with value: 0.10777772963047028.
[I 2024-12-19 22:34:56,221] Trial 2289 finished with value: 0.3662397563457489 and parameters: {'mlp_n_layers': 1, 'mlp_dim_00': 418, 'node_hidden_dim': 56, 'edge_hidden_dim': 63, 'depth': 2, 'rep_dropout': 0.02088063753718337, 'train_learning_rate': 0.005338438550729814, 'train_lr_reduce': 0.6}. Best is trial 1909 with value: 0.10777772963047028.
[I 2024-12-19 22:35:01,745] Trial 2294 finished with value: 1.1434656381607056 and parameters: {'mlp_n_layers': 1, 'mlp_dim_00': 432, 'node_hidden_dim': 47, 'edge_hidden_dim': 55, 'depth': 1, 'rep_dropout': 0.02250738412528567, 'train_learning_rate': 0.00310835513751354, 'train_lr_reduce': 0.6}. Best is trial 1909 with value: 0.10777772963047028.
[I 2024-12-19 22:35:19,626] Trial 2293 finished with value: 0.19638580083847046 and parameters: {'mlp_n_layers': 1, 'mlp_dim_00': 488, 'node_hidden_dim': 48, 'edge_hidden_dim': 69, 'depth': 1, 'rep_dropout': 0.020963573508687446, 'train_learning_rate': 0.004358028118073873, 'train_lr_reduce': 0.6}. Best is trial 1909 with value: 0.10777772963047028.
[I 2024-12-19 22:35:19,806] Trial 2292 finished with value: 0.1354827582836151 and parameters: {'mlp_n_layers': 2, 'mlp_dim_00': 422, 'mlp_dim_01': 179, 'node_hidden_dim': 40, 'edge_hidden_dim': 85, 'depth': 1, 'rep_dropout': 0.009260210205379815, 'train_learning_rate': 0.0022600365604361124, 'train_lr_reduce': 0.6}. Best is trial 1909 with value: 0.10777772963047028.
[I 2024-12-19 22:35:41,800] Trial 2295 finished with value: 0.18044140934944153 and parameters: {'mlp_n_layers': 2, 'mlp_dim_00': 390, 'mlp_dim_01': 231, 'node_hidden_dim': 42, 'edge_hidden_dim': 60, 'depth': 1, 'rep_dropout': 0.0003335550574492538, 'train_learning_rate': 0.009004402007141359, 'train_lr_reduce': 0.6}. Best is trial 1909 with value: 0.10777772963047028.
[I 2024-12-19 22:35:46,795] Trial 2298 finished with value: 1.147163987159729 and parameters: {'mlp_n_layers': 1, 'mlp_dim_00': 436, 'node_hidden_dim': 52, 'edge_hidden_dim': 60, 'depth': 2, 'rep_dropout': 0.03422773546897241, 'train_learning_rate': 0.003656318245987046, 'train_lr_reduce': 0.6}. Best is trial 1909 with value: 0.10777772963047028.
[I 2024-12-19 22:35:59,182] Trial 2297 finished with value: 0.13685216009616852 and parameters: {'mlp_n_layers': 2, 'mlp_dim_00': 400, 'mlp_dim_01': 67, 'node_hidden_dim': 52, 'edge_hidden_dim': 52, 'depth': 1, 'rep_dropout': 3.454649125564542e-05, 'train_learning_rate': 0.0037398143877557613, 'train_lr_reduce': 0.6}. Best is trial 1909 with value: 0.10777772963047028.
[I 2024-12-19 22:36:02,207] Trial 2296 finished with value: 0.12031201273202896 and parameters: {'mlp_n_layers': 1, 'mlp_dim_00': 448, 'node_hidden_dim': 32, 'edge_hidden_dim': 64, 'depth': 1, 'rep_dropout': 0.03296879241672013, 'train_learning_rate': 0.002656848425055797, 'train_lr_reduce': 0.6}. Best is trial 1909 with value: 0.10777772963047028.
[I 2024-12-19 22:36:07,270] Trial 2301 finished with value: 1.1428147554397583 and parameters: {'mlp_n_layers': 2, 'mlp_dim_00': 483, 'mlp_dim_01': 145, 'node_hidden_dim': 38, 'edge_hidden_dim': 37, 'depth': 2, 'rep_dropout': 0.0007456050288348146, 'train_learning_rate': 0.0010237894786062462, 'train_lr_reduce': 0.6}. Best is trial 1909 with value: 0.10777772963047028.
[I 2024-12-19 22:36:16,948] Trial 2302 finished with value: 1.1419219970703125 and parameters: {'mlp_n_layers': 4, 'mlp_dim_00': 247, 'mlp_dim_01': 169, 'mlp_dim_02': 155, 'mlp_dim_03': 189, 'node_hidden_dim': 44, 'edge_hidden_dim': 52, 'depth': 4, 'rep_dropout': 0.004859558051633142, 'train_learning_rate': 0.00019857331084197717, 'train_lr_reduce': 0.6}. Best is trial 1909 with value: 0.10777772963047028.
[I 2024-12-19 22:36:24,161] Trial 2300 finished with value: 0.17644725739955902 and parameters: {'mlp_n_layers': 2, 'mlp_dim_00': 463, 'mlp_dim_01': 128, 'node_hidden_dim': 51, 'edge_hidden_dim': 68, 'depth': 1, 'rep_dropout': 0.00018292168345312326, 'train_learning_rate': 0.0029410009822566255, 'train_lr_reduce': 0.6}. Best is trial 1909 with value: 0.10777772963047028.
[I 2024-12-19 22:36:26,058] Trial 2299 finished with value: 0.14873985946178436 and parameters: {'mlp_n_layers': 1, 'mlp_dim_00': 400, 'node_hidden_dim': 32, 'edge_hidden_dim': 67, 'depth': 1, 'rep_dropout': 0.018342979052936335, 'train_learning_rate': 0.0030248627118942516, 'train_lr_reduce': 0.6}. Best is trial 1909 with value: 0.10777772963047028.
[I 2024-12-19 22:36:31,149] Trial 2304 finished with value: 1.14206063747406 and parameters: {'mlp_n_layers': 2, 'mlp_dim_00': 154, 'mlp_dim_01': 196, 'node_hidden_dim': 114, 'edge_hidden_dim': 68, 'depth': 2, 'rep_dropout': 0.061101366296499246, 'train_learning_rate': 0.00011700680808600077, 'train_lr_reduce': 0.6}. Best is trial 1909 with value: 0.10777772963047028.
[I 2024-12-19 22:36:31,920] Trial 2305 finished with value: 1.145027995109558 and parameters: {'mlp_n_layers': 1, 'mlp_dim_00': 225, 'node_hidden_dim': 126, 'edge_hidden_dim': 76, 'depth': 4, 'rep_dropout': 0.13028429317093543, 'train_learning_rate': 0.006736644113958009, 'train_lr_reduce': 0.6}. Best is trial 1909 with value: 0.10777772963047028.
[I 2024-12-19 22:36:35,842] Trial 2306 finished with value: 1.14161217212677 and parameters: {'mlp_n_layers': 1, 'mlp_dim_00': 425, 'node_hidden_dim': 32, 'edge_hidden_dim': 54, 'depth': 1, 'rep_dropout': 0.030686309413503268, 'train_learning_rate': 0.0035715930665676586, 'train_lr_reduce': 0.6}. Best is trial 1909 with value: 0.10777772963047028.
[I 2024-12-19 22:36:58,866] Trial 2303 finished with value: 0.19581465423107147 and parameters: {'mlp_n_layers': 3, 'mlp_dim_00': 319, 'mlp_dim_01': 100, 'mlp_dim_02': 320, 'node_hidden_dim': 60, 'edge_hidden_dim': 83, 'depth': 1, 'rep_dropout': 0.03843764881920007, 'train_learning_rate': 0.0067136247942305135, 'train_lr_reduce': 0.6}. Best is trial 1909 with value: 0.10777772963047028.
[I 2024-12-19 22:37:02,218] Trial 2307 finished with value: 0.5883588790893555 and parameters: {'mlp_n_layers': 1, 'mlp_dim_00': 404, 'node_hidden_dim': 76, 'edge_hidden_dim': 78, 'depth': 1, 'rep_dropout': 0.0167491335548709, 'train_learning_rate': 0.0061677297609574735, 'train_lr_reduce': 0.6}. Best is trial 1909 with value: 0.10777772963047028.
[I 2024-12-19 22:37:19,210] Trial 2308 finished with value: 0.2897995114326477 and parameters: {'mlp_n_layers': 1, 'mlp_dim_00': 442, 'node_hidden_dim': 36, 'edge_hidden_dim': 50, 'depth': 2, 'rep_dropout': 0.03416516523969365, 'train_learning_rate': 0.00668492534630704, 'train_lr_reduce': 0.6}. Best is trial 1909 with value: 0.10777772963047028.
[I 2024-12-19 22:37:39,711] Trial 2309 finished with value: 0.14860175549983978 and parameters: {'mlp_n_layers': 1, 'mlp_dim_00': 468, 'node_hidden_dim': 35, 'edge_hidden_dim': 79, 'depth': 1, 'rep_dropout': 0.04852796003533348, 'train_learning_rate': 0.007834827238305805, 'train_lr_reduce': 0.6}. Best is trial 1909 with value: 0.10777772963047028.
[I 2024-12-19 22:37:45,376] Trial 2310 finished with value: 0.16571931540966034 and parameters: {'mlp_n_layers': 2, 'mlp_dim_00': 456, 'mlp_dim_01': 131, 'node_hidden_dim': 32, 'edge_hidden_dim': 96, 'depth': 1, 'rep_dropout': 0.009517772995639082, 'train_learning_rate': 0.002769014123573115, 'train_lr_reduce': 0.6}. Best is trial 1909 with value: 0.10777772963047028.
[I 2024-12-19 22:37:51,444] Trial 2311 finished with value: 0.16973163187503815 and parameters: {'mlp_n_layers': 2, 'mlp_dim_00': 450, 'mlp_dim_01': 68, 'node_hidden_dim': 55, 'edge_hidden_dim': 51, 'depth': 1, 'rep_dropout': 0.005414232231700941, 'train_learning_rate': 0.009101938217192091, 'train_lr_reduce': 0.6}. Best is trial 1909 with value: 0.10777772963047028.
[I 2024-12-19 22:38:07,636] Trial 2312 finished with value: 0.2321116030216217 and parameters: {'mlp_n_layers': 2, 'mlp_dim_00': 472, 'mlp_dim_01': 143, 'node_hidden_dim': 59, 'edge_hidden_dim': 35, 'depth': 1, 'rep_dropout': 0.0012676541357660998, 'train_learning_rate': 0.003617575201987265, 'train_lr_reduce': 0.6}. Best is trial 1909 with value: 0.10777772963047028.
[I 2024-12-19 22:38:18,907] Trial 2314 finished with value: 0.18515998125076294 and parameters: {'mlp_n_layers': 3, 'mlp_dim_00': 445, 'mlp_dim_01': 108, 'mlp_dim_02': 265, 'node_hidden_dim': 32, 'edge_hidden_dim': 48, 'depth': 1, 'rep_dropout': 0.0006163871217887071, 'train_learning_rate': 0.0046669447957918865, 'train_lr_reduce': 0.6}. Best is trial 1909 with value: 0.10777772963047028.
[I 2024-12-19 22:38:26,222] Trial 2313 finished with value: 0.1460394263267517 and parameters: {'mlp_n_layers': 1, 'mlp_dim_00': 420, 'node_hidden_dim': 32, 'edge_hidden_dim': 65, 'depth': 1, 'rep_dropout': 0.03068275122698851, 'train_learning_rate': 0.001997604725282455, 'train_lr_reduce': 0.6}. Best is trial 1909 with value: 0.10777772963047028.
[I 2024-12-19 22:38:26,226] Trial 2316 finished with value: 1.142128825187683 and parameters: {'mlp_n_layers': 4, 'mlp_dim_00': 170, 'mlp_dim_01': 230, 'mlp_dim_02': 172, 'mlp_dim_03': 512, 'node_hidden_dim': 57, 'edge_hidden_dim': 33, 'depth': 3, 'rep_dropout': 0.027153874304903833, 'train_learning_rate': 0.00015737345597606657, 'train_lr_reduce': 0.6}. Best is trial 1909 with value: 0.10777772963047028.
[I 2024-12-19 22:38:31,262] Trial 2318 finished with value: 1.149140477180481 and parameters: {'mlp_n_layers': 1, 'mlp_dim_00': 96, 'node_hidden_dim': 128, 'edge_hidden_dim': 89, 'depth': 2, 'rep_dropout': 0.09760726525288715, 'train_learning_rate': 0.0006000152368431219, 'train_lr_reduce': 0.6}. Best is trial 1909 with value: 0.10777772963047028.
[I 2024-12-19 22:38:48,571] Trial 2315 finished with value: 0.2368459701538086 and parameters: {'mlp_n_layers': 1, 'mlp_dim_00': 417, 'node_hidden_dim': 51, 'edge_hidden_dim': 35, 'depth': 1, 'rep_dropout': 0.002570681132140408, 'train_learning_rate': 0.004025470905382706, 'train_lr_reduce': 0.6}. Best is trial 1909 with value: 0.10777772963047028.
[I 2024-12-19 22:38:50,789] Trial 2319 finished with value: 0.190047487616539 and parameters: {'mlp_n_layers': 1, 'mlp_dim_00': 495, 'node_hidden_dim': 33, 'edge_hidden_dim': 64, 'depth': 1, 'rep_dropout': 0.058957364143778876, 'train_learning_rate': 0.004937595505944986, 'train_lr_reduce': 0.6}. Best is trial 1909 with value: 0.10777772963047028.
[I 2024-12-19 22:38:55,888] Trial 2321 finished with value: 1.145708680152893 and parameters: {'mlp_n_layers': 3, 'mlp_dim_00': 451, 'mlp_dim_01': 64, 'mlp_dim_02': 422, 'node_hidden_dim': 52, 'edge_hidden_dim': 46, 'depth': 1, 'rep_dropout': 0.0005426732600554106, 'train_learning_rate': 0.0018223518458825936, 'train_lr_reduce': 0.6}. Best is trial 1909 with value: 0.10777772963047028.
[I 2024-12-19 22:39:04,882] Trial 2317 finished with value: 0.1395980715751648 and parameters: {'mlp_n_layers': 2, 'mlp_dim_00': 398, 'mlp_dim_01': 177, 'node_hidden_dim': 34, 'edge_hidden_dim': 77, 'depth': 1, 'rep_dropout': 0.03772130848369146, 'train_learning_rate': 0.007685025003902298, 'train_lr_reduce': 0.6}. Best is trial 1909 with value: 0.10777772963047028.
[I 2024-12-19 22:39:09,863] Trial 2323 finished with value: 1.1429227590560913 and parameters: {'mlp_n_layers': 2, 'mlp_dim_00': 444, 'mlp_dim_01': 183, 'node_hidden_dim': 51, 'edge_hidden_dim': 69, 'depth': 1, 'rep_dropout': 0.05903836890530881, 'train_learning_rate': 0.0010100679683487212, 'train_lr_reduce': 0.6}. Best is trial 1909 with value: 0.10777772963047028.
[I 2024-12-19 22:39:12,621] Trial 2320 finished with value: 0.21537527441978455 and parameters: {'mlp_n_layers': 2, 'mlp_dim_00': 363, 'mlp_dim_01': 142, 'node_hidden_dim': 68, 'edge_hidden_dim': 58, 'depth': 1, 'rep_dropout': 0.029677567040654777, 'train_learning_rate': 0.004764607334980031, 'train_lr_reduce': 0.6}. Best is trial 1909 with value: 0.10777772963047028.
[I 2024-12-19 22:39:15,787] Trial 2324 finished with value: 1.1433025598526 and parameters: {'mlp_n_layers': 1, 'mlp_dim_00': 82, 'node_hidden_dim': 67, 'edge_hidden_dim': 38, 'depth': 4, 'rep_dropout': 0.017497273248020563, 'train_learning_rate': 0.0005116136230902517, 'train_lr_reduce': 0.6}. Best is trial 1909 with value: 0.10777772963047028.
[I 2024-12-19 22:39:20,501] Trial 2322 finished with value: 0.27705636620521545 and parameters: {'mlp_n_layers': 2, 'mlp_dim_00': 382, 'mlp_dim_01': 108, 'node_hidden_dim': 40, 'edge_hidden_dim': 52, 'depth': 2, 'rep_dropout': 0.0014776202531373225, 'train_learning_rate': 0.009908655253941934, 'train_lr_reduce': 0.6}. Best is trial 1909 with value: 0.10777772963047028.
[I 2024-12-19 22:39:25,641] Trial 2327 finished with value: 1.1519719362258911 and parameters: {'mlp_n_layers': 1, 'mlp_dim_00': 506, 'node_hidden_dim': 50, 'edge_hidden_dim': 45, 'depth': 2, 'rep_dropout': 0.03320560546135849, 'train_learning_rate': 0.0046688062568807885, 'train_lr_reduce': 0.6}. Best is trial 1909 with value: 0.10777772963047028.
[I 2024-12-19 22:39:30,479] Trial 2328 finished with value: 1.1434108018875122 and parameters: {'mlp_n_layers': 2, 'mlp_dim_00': 386, 'mlp_dim_01': 231, 'node_hidden_dim': 32, 'edge_hidden_dim': 66, 'depth': 1, 'rep_dropout': 0.03300178225804359, 'train_learning_rate': 0.005100744762456805, 'train_lr_reduce': 0.6}. Best is trial 1909 with value: 0.10777772963047028.
[I 2024-12-19 22:39:35,409] Trial 2329 finished with value: 1.142348051071167 and parameters: {'mlp_n_layers': 2, 'mlp_dim_00': 408, 'mlp_dim_01': 157, 'node_hidden_dim': 52, 'edge_hidden_dim': 33, 'depth': 2, 'rep_dropout': 0.015376322612940562, 'train_learning_rate': 0.005807709491997694, 'train_lr_reduce': 0.6}. Best is trial 1909 with value: 0.10777772963047028.
[I 2024-12-19 22:39:41,989] Trial 2330 finished with value: 1.142247200012207 and parameters: {'mlp_n_layers': 2, 'mlp_dim_00': 284, 'mlp_dim_01': 98, 'node_hidden_dim': 91, 'edge_hidden_dim': 36, 'depth': 4, 'rep_dropout': 0.08597385589027268, 'train_learning_rate': 0.00016625618826646773, 'train_lr_reduce': 0.6}. Best is trial 1909 with value: 0.10777772963047028.
[I 2024-12-19 22:39:48,644] Trial 2331 finished with value: 1.142411231994629 and parameters: {'mlp_n_layers': 4, 'mlp_dim_00': 501, 'mlp_dim_01': 196, 'mlp_dim_02': 219, 'mlp_dim_03': 119, 'node_hidden_dim': 113, 'edge_hidden_dim': 78, 'depth': 2, 'rep_dropout': 0.030697890407917677, 'train_learning_rate': 0.0003023672840316268, 'train_lr_reduce': 0.6}. Best is trial 1909 with value: 0.10777772963047028.
[I 2024-12-19 22:39:56,472] Trial 2326 finished with value: 0.12517938017845154 and parameters: {'mlp_n_layers': 1, 'mlp_dim_00': 430, 'node_hidden_dim': 36, 'edge_hidden_dim': 48, 'depth': 1, 'rep_dropout': 0.002003864395333614, 'train_learning_rate': 0.005401415864968454, 'train_lr_reduce': 0.6}. Best is trial 1909 with value: 0.10777772963047028.
[I 2024-12-19 22:39:59,066] Trial 2325 finished with value: 0.4292425513267517 and parameters: {'mlp_n_layers': 3, 'mlp_dim_00': 400, 'mlp_dim_01': 126, 'mlp_dim_02': 351, 'node_hidden_dim': 59, 'edge_hidden_dim': 66, 'depth': 1, 'rep_dropout': 0.00289443945354787, 'train_learning_rate': 0.007255986353127637, 'train_lr_reduce': 0.6}. Best is trial 1909 with value: 0.10777772963047028.
[I 2024-12-19 22:40:03,266] Trial 2333 finished with value: 1.1418284177780151 and parameters: {'mlp_n_layers': 3, 'mlp_dim_00': 348, 'mlp_dim_01': 136, 'mlp_dim_02': 114, 'node_hidden_dim': 61, 'edge_hidden_dim': 67, 'depth': 1, 'rep_dropout': 0.1406169735557776, 'train_learning_rate': 0.00019492943161486764, 'train_lr_reduce': 0.6}. Best is trial 1909 with value: 0.10777772963047028.
[I 2024-12-19 22:40:09,258] Trial 2335 finished with value: 1.142965316772461 and parameters: {'mlp_n_layers': 3, 'mlp_dim_00': 219, 'mlp_dim_01': 99, 'mlp_dim_02': 300, 'node_hidden_dim': 75, 'edge_hidden_dim': 106, 'depth': 4, 'rep_dropout': 0.011836540426270206, 'train_learning_rate': 0.001825718357435805, 'train_lr_reduce': 0.6}. Best is trial 1909 with value: 0.10777772963047028.
[I 2024-12-19 22:40:27,523] Trial 2332 finished with value: 0.1432090848684311 and parameters: {'mlp_n_layers': 1, 'mlp_dim_00': 511, 'node_hidden_dim': 32, 'edge_hidden_dim': 67, 'depth': 1, 'rep_dropout': 0.03610293340774853, 'train_learning_rate': 0.007448096849086532, 'train_lr_reduce': 0.6}. Best is trial 1909 with value: 0.10777772963047028.
[I 2024-12-19 22:40:28,431] Trial 2336 finished with value: 0.24684111773967743 and parameters: {'mlp_n_layers': 1, 'mlp_dim_00': 509, 'node_hidden_dim': 52, 'edge_hidden_dim': 34, 'depth': 1, 'rep_dropout': 0.027309589678630113, 'train_learning_rate': 0.0037277796610317134, 'train_lr_reduce': 0.6}. Best is trial 1909 with value: 0.10777772963047028.
[I 2024-12-19 22:40:36,161] Trial 2338 finished with value: 1.1420029401779175 and parameters: {'mlp_n_layers': 4, 'mlp_dim_00': 359, 'mlp_dim_01': 104, 'mlp_dim_02': 464, 'mlp_dim_03': 300, 'node_hidden_dim': 52, 'edge_hidden_dim': 127, 'depth': 1, 'rep_dropout': 0.093614515596352, 'train_learning_rate': 0.0001266836654381419, 'train_lr_reduce': 0.6}. Best is trial 1909 with value: 0.10777772963047028.
[I 2024-12-19 22:40:40,265] Trial 2334 finished with value: 0.18556365370750427 and parameters: {'mlp_n_layers': 1, 'mlp_dim_00': 409, 'node_hidden_dim': 56, 'edge_hidden_dim': 73, 'depth': 1, 'rep_dropout': 0.020530025851687055, 'train_learning_rate': 0.003851419422224495, 'train_lr_reduce': 0.6}. Best is trial 1909 with value: 0.10777772963047028.
[I 2024-12-19 22:40:43,253] Trial 2339 finished with value: 1.142258882522583 and parameters: {'mlp_n_layers': 4, 'mlp_dim_00': 84, 'mlp_dim_01': 193, 'mlp_dim_02': 369, 'mlp_dim_03': 397, 'node_hidden_dim': 37, 'edge_hidden_dim': 35, 'depth': 4, 'rep_dropout': 0.1349191195675174, 'train_learning_rate': 0.0005537929677664744, 'train_lr_reduce': 0.6}. Best is trial 1909 with value: 0.10777772963047028.
[I 2024-12-19 22:41:00,481] Trial 2337 finished with value: 0.22344018518924713 and parameters: {'mlp_n_layers': 2, 'mlp_dim_00': 361, 'mlp_dim_01': 160, 'node_hidden_dim': 70, 'edge_hidden_dim': 60, 'depth': 2, 'rep_dropout': 0.005403666363810711, 'train_learning_rate': 0.008273299706301146, 'train_lr_reduce': 0.6}. Best is trial 1909 with value: 0.10777772963047028.
[I 2024-12-19 22:41:09,311] Trial 2341 finished with value: 0.22298270463943481 and parameters: {'mlp_n_layers': 1, 'mlp_dim_00': 504, 'node_hidden_dim': 33, 'edge_hidden_dim': 76, 'depth': 1, 'rep_dropout': 0.0024543198061226616, 'train_learning_rate': 0.005612476136995019, 'train_lr_reduce': 0.6}. Best is trial 1909 with value: 0.10777772963047028.
[I 2024-12-19 22:41:16,887] Trial 2343 finished with value: 1.1418205499649048 and parameters: {'mlp_n_layers': 4, 'mlp_dim_00': 127, 'mlp_dim_01': 144, 'mlp_dim_02': 198, 'mlp_dim_03': 217, 'node_hidden_dim': 120, 'edge_hidden_dim': 86, 'depth': 3, 'rep_dropout': 0.04645781310563822, 'train_learning_rate': 0.00024970639268237705, 'train_lr_reduce': 0.6}. Best is trial 1909 with value: 0.10777772963047028.
[I 2024-12-19 22:41:21,905] Trial 2344 finished with value: 1.1425334215164185 and parameters: {'mlp_n_layers': 2, 'mlp_dim_00': 284, 'mlp_dim_01': 193, 'node_hidden_dim': 73, 'edge_hidden_dim': 39, 'depth': 2, 'rep_dropout': 0.12484338924889826, 'train_learning_rate': 0.002450485872225341, 'train_lr_reduce': 0.6}. Best is trial 1909 with value: 0.10777772963047028.
[I 2024-12-19 22:41:22,970] Trial 2340 finished with value: 0.16834509372711182 and parameters: {'mlp_n_layers': 2, 'mlp_dim_00': 409, 'mlp_dim_01': 142, 'node_hidden_dim': 77, 'edge_hidden_dim': 74, 'depth': 1, 'rep_dropout': 0.03965028932563758, 'train_learning_rate': 0.0015083689336076894, 'train_lr_reduce': 0.6}. Best is trial 1909 with value: 0.10777772963047028.
[I 2024-12-19 22:41:26,837] Trial 2345 finished with value: 1.143072247505188 and parameters: {'mlp_n_layers': 2, 'mlp_dim_00': 415, 'mlp_dim_01': 100, 'node_hidden_dim': 50, 'edge_hidden_dim': 59, 'depth': 1, 'rep_dropout': 0.02632299931889213, 'train_learning_rate': 0.00357980678753985, 'train_lr_reduce': 0.6}. Best is trial 1909 with value: 0.10777772963047028.
[I 2024-12-19 22:41:40,913] Trial 2342 finished with value: 0.14772500097751617 and parameters: {'mlp_n_layers': 2, 'mlp_dim_00': 493, 'mlp_dim_01': 64, 'node_hidden_dim': 32, 'edge_hidden_dim': 52, 'depth': 1, 'rep_dropout': 0.004877127680845679, 'train_learning_rate': 0.002938447727742434, 'train_lr_reduce': 0.6}. Best is trial 1909 with value: 0.10777772963047028.
[I 2024-12-19 22:42:01,993] Trial 2346 finished with value: 0.13881374895572662 and parameters: {'mlp_n_layers': 1, 'mlp_dim_00': 506, 'node_hidden_dim': 32, 'edge_hidden_dim': 57, 'depth': 1, 'rep_dropout': 0.021369587931403512, 'train_learning_rate': 0.0038437342369011442, 'train_lr_reduce': 0.6}. Best is trial 1909 with value: 0.10777772963047028.
