[I 2024-12-25 13:15:39,366] Trial 129 finished with value: 0.07188522070646286 and parameters: {'L1_hidden_dim': 96, 'L1_layers_atom': 3, 'L1_layers_mol': 4, 'L1_dropout': 0.18344616210728568, 'L1_out_dim': 80, 'L2_hidden_dim': 144, 'L2_layers_atom': 1, 'L2_layers_mol': 2, 'L2_out_dim': 112, 'L2_dropout': 0.12882914588125732, 'L3_hidden_dim': 64, 'L3_layers_atom': 4, 'L3_layers_mol': 1, 'L3_out_dim': 80, 'L3_dropout': 0.2136318395199363, 'n_mlp_layers': 3, 'mlp_dim_0': 232, 'mlp_dim_1': 512, 'mlp_dim_2': 112, 'num_heads': 1, 'final_dropout': 0.18533151251001545, 'train_learning_rate': 0.0008566942386504491, 'train_lr_reduce': 0.6}. Best is trial 94 with value: 0.061345893889665604.
[I 2024-12-25 13:15:54,148] Trial 128 finished with value: 0.06760028004646301 and parameters: {'L1_hidden_dim': 64, 'L1_layers_atom': 2, 'L1_layers_mol': 4, 'L1_dropout': 0.2318641509864443, 'L1_out_dim': 48, 'L2_hidden_dim': 224, 'L2_layers_atom': 3, 'L2_layers_mol': 1, 'L2_out_dim': 128, 'L2_dropout': 0.03420271111495088, 'L3_hidden_dim': 32, 'L3_layers_atom': 4, 'L3_layers_mol': 1, 'L3_out_dim': 128, 'L3_dropout': 0.2511503822888543, 'n_mlp_layers': 2, 'mlp_dim_0': 200, 'mlp_dim_1': 440, 'num_heads': 1, 'final_dropout': 0.013119385896807896, 'train_learning_rate': 0.0005515942045241611, 'train_lr_reduce': 0.6}. Best is trial 94 with value: 0.061345893889665604.
[I 2024-12-25 13:17:14,652] Trial 131 finished with value: 0.0759153738617897 and parameters: {'L1_hidden_dim': 96, 'L1_layers_atom': 1, 'L1_layers_mol': 2, 'L1_dropout': 0.27589119498557574, 'L1_out_dim': 48, 'L2_hidden_dim': 224, 'L2_layers_atom': 3, 'L2_layers_mol': 1, 'L2_out_dim': 112, 'L2_dropout': 0.05784386806360539, 'L3_hidden_dim': 80, 'L3_layers_atom': 3, 'L3_layers_mol': 1, 'L3_out_dim': 128, 'L3_dropout': 0.18115758502153406, 'n_mlp_layers': 2, 'mlp_dim_0': 72, 'mlp_dim_1': 432, 'num_heads': 1, 'final_dropout': 0.13372066428427082, 'train_learning_rate': 0.0005683070534639387, 'train_lr_reduce': 0.6}. Best is trial 94 with value: 0.061345893889665604.
[I 2024-12-25 13:17:38,334] Trial 132 finished with value: 0.06992212682962418 and parameters: {'L1_hidden_dim': 128, 'L1_layers_atom': 3, 'L1_layers_mol': 4, 'L1_dropout': 0.2759424899298296, 'L1_out_dim': 32, 'L2_hidden_dim': 160, 'L2_layers_atom': 1, 'L2_layers_mol': 4, 'L2_out_dim': 128, 'L2_dropout': 0.0031307778168063074, 'L3_hidden_dim': 128, 'L3_layers_atom': 2, 'L3_layers_mol': 1, 'L3_out_dim': 64, 'L3_dropout': 0.05546716342159648, 'n_mlp_layers': 2, 'mlp_dim_0': 496, 'mlp_dim_1': 392, 'num_heads': 1, 'final_dropout': 0.16058508213863307, 'train_learning_rate': 0.00045844328089748203, 'train_lr_reduce': 0.6}. Best is trial 94 with value: 0.061345893889665604.
[I 2024-12-25 13:17:51,478] Trial 130 finished with value: 0.09242087602615356 and parameters: {'L1_hidden_dim': 112, 'L1_layers_atom': 3, 'L1_layers_mol': 4, 'L1_dropout': 0.23307689728657718, 'L1_out_dim': 48, 'L2_hidden_dim': 176, 'L2_layers_atom': 1, 'L2_layers_mol': 3, 'L2_out_dim': 128, 'L2_dropout': 0.055203493295571, 'L3_hidden_dim': 32, 'L3_layers_atom': 4, 'L3_layers_mol': 2, 'L3_out_dim': 128, 'L3_dropout': 0.2400777526187114, 'n_mlp_layers': 1, 'mlp_dim_0': 248, 'num_heads': 1, 'final_dropout': 0.029907404708224658, 'train_learning_rate': 0.00022414217097791987, 'train_lr_reduce': 0.6}. Best is trial 94 with value: 0.061345893889665604.
[I 2024-12-25 13:19:02,249] Trial 133 finished with value: 0.0675782859325409 and parameters: {'L1_hidden_dim': 80, 'L1_layers_atom': 1, 'L1_layers_mol': 4, 'L1_dropout': 0.23564423557096675, 'L1_out_dim': 32, 'L2_hidden_dim': 224, 'L2_layers_atom': 4, 'L2_layers_mol': 2, 'L2_out_dim': 128, 'L2_dropout': 0.08176040572633568, 'L3_hidden_dim': 32, 'L3_layers_atom': 3, 'L3_layers_mol': 2, 'L3_out_dim': 128, 'L3_dropout': 0.1821686213268441, 'n_mlp_layers': 2, 'mlp_dim_0': 56, 'mlp_dim_1': 448, 'num_heads': 1, 'final_dropout': 0.057578513741833315, 'train_learning_rate': 0.000531731717953155, 'train_lr_reduce': 0.6}. Best is trial 94 with value: 0.061345893889665604.
[I 2024-12-25 13:19:10,341] Trial 134 finished with value: 0.07666625827550888 and parameters: {'L1_hidden_dim': 144, 'L1_layers_atom': 3, 'L1_layers_mol': 3, 'L1_dropout': 0.28147920407613286, 'L1_out_dim': 64, 'L2_hidden_dim': 192, 'L2_layers_atom': 1, 'L2_layers_mol': 3, 'L2_out_dim': 80, 'L2_dropout': 0.023014398633673126, 'L3_hidden_dim': 128, 'L3_layers_atom': 2, 'L3_layers_mol': 1, 'L3_out_dim': 48, 'L3_dropout': 0.14808444067902077, 'n_mlp_layers': 2, 'mlp_dim_0': 424, 'mlp_dim_1': 392, 'num_heads': 1, 'final_dropout': 0.13386275118102886, 'train_learning_rate': 0.0004214434307838405, 'train_lr_reduce': 0.6}. Best is trial 94 with value: 0.061345893889665604.
[I 2024-12-25 13:20:15,515] Trial 135 finished with value: 0.06865137815475464 and parameters: {'L1_hidden_dim': 128, 'L1_layers_atom': 3, 'L1_layers_mol': 4, 'L1_dropout': 0.287613860346393, 'L1_out_dim': 32, 'L2_hidden_dim': 176, 'L2_layers_atom': 2, 'L2_layers_mol': 4, 'L2_out_dim': 128, 'L2_dropout': 0.025733416265239804, 'L3_hidden_dim': 128, 'L3_layers_atom': 2, 'L3_layers_mol': 1, 'L3_out_dim': 80, 'L3_dropout': 0.1285845148207501, 'n_mlp_layers': 2, 'mlp_dim_0': 416, 'mlp_dim_1': 408, 'num_heads': 2, 'final_dropout': 0.08567065929489259, 'train_learning_rate': 0.00021037139656365642, 'train_lr_reduce': 0.6}. Best is trial 94 with value: 0.061345893889665604.
[I 2024-12-25 13:20:56,951] Trial 136 finished with value: 0.12280763685703278 and parameters: {'L1_hidden_dim': 144, 'L1_layers_atom': 3, 'L1_layers_mol': 3, 'L1_dropout': 0.1891950562178294, 'L1_out_dim': 32, 'L2_hidden_dim': 224, 'L2_layers_atom': 1, 'L2_layers_mol': 4, 'L2_out_dim': 128, 'L2_dropout': 0.11920425261020681, 'L3_hidden_dim': 128, 'L3_layers_atom': 1, 'L3_layers_mol': 1, 'L3_out_dim': 80, 'L3_dropout': 0.07331750256352357, 'n_mlp_layers': 2, 'mlp_dim_0': 456, 'mlp_dim_1': 392, 'num_heads': 1, 'final_dropout': 0.2254644669635596, 'train_learning_rate': 0.0005826344803635538, 'train_lr_reduce': 0.6}. Best is trial 94 with value: 0.061345893889665604.
[I 2024-12-25 13:21:03,882] Trial 137 finished with value: 0.08067584782838821 and parameters: {'L1_hidden_dim': 64, 'L1_layers_atom': 1, 'L1_layers_mol': 3, 'L1_dropout': 0.23931772500206802, 'L1_out_dim': 32, 'L2_hidden_dim': 208, 'L2_layers_atom': 4, 'L2_layers_mol': 1, 'L2_out_dim': 128, 'L2_dropout': 0.22536729898261187, 'L3_hidden_dim': 32, 'L3_layers_atom': 4, 'L3_layers_mol': 3, 'L3_out_dim': 128, 'L3_dropout': 0.22846648581482926, 'n_mlp_layers': 2, 'mlp_dim_0': 40, 'mlp_dim_1': 416, 'num_heads': 1, 'final_dropout': 0.10365565803914295, 'train_learning_rate': 0.0007877207504465465, 'train_lr_reduce': 0.6}. Best is trial 94 with value: 0.061345893889665604.
[I 2024-12-25 13:21:16,952] Trial 139 finished with value: 1.1308108568191528 and parameters: {'L1_hidden_dim': 64, 'L1_layers_atom': 2, 'L1_layers_mol': 4, 'L1_dropout': 0.17620032539668404, 'L1_out_dim': 64, 'L2_hidden_dim': 192, 'L2_layers_atom': 4, 'L2_layers_mol': 1, 'L2_out_dim': 128, 'L2_dropout': 0.07946512595240246, 'L3_hidden_dim': 48, 'L3_layers_atom': 4, 'L3_layers_mol': 2, 'L3_out_dim': 112, 'L3_dropout': 0.20570887640282656, 'n_mlp_layers': 2, 'mlp_dim_0': 176, 'mlp_dim_1': 432, 'num_heads': 1, 'final_dropout': 0.022771950919789653, 'train_learning_rate': 0.0005027052039333657, 'train_lr_reduce': 0.6}. Best is trial 94 with value: 0.061345893889665604.
[I 2024-12-25 13:22:33,673] Trial 138 finished with value: 0.07100935280323029 and parameters: {'L1_hidden_dim': 160, 'L1_layers_atom': 3, 'L1_layers_mol': 4, 'L1_dropout': 0.24548806025420172, 'L1_out_dim': 32, 'L2_hidden_dim': 224, 'L2_layers_atom': 3, 'L2_layers_mol': 4, 'L2_out_dim': 128, 'L2_dropout': 0.021986173130699352, 'L3_hidden_dim': 112, 'L3_layers_atom': 3, 'L3_layers_mol': 1, 'L3_out_dim': 64, 'L3_dropout': 0.15333155823508546, 'n_mlp_layers': 3, 'mlp_dim_0': 392, 'mlp_dim_1': 432, 'mlp_dim_2': 456, 'num_heads': 2, 'final_dropout': 0.05751702175759108, 'train_learning_rate': 0.00029917210431480625, 'train_lr_reduce': 0.6}. Best is trial 94 with value: 0.061345893889665604.
[I 2024-12-25 13:22:46,368] Trial 140 finished with value: 0.08313129097223282 and parameters: {'L1_hidden_dim': 128, 'L1_layers_atom': 2, 'L1_layers_mol': 4, 'L1_dropout': 0.24040526492321798, 'L1_out_dim': 48, 'L2_hidden_dim': 240, 'L2_layers_atom': 3, 'L2_layers_mol': 3, 'L2_out_dim': 128, 'L2_dropout': 0.13183034688620268, 'L3_hidden_dim': 32, 'L3_layers_atom': 3, 'L3_layers_mol': 2, 'L3_out_dim': 96, 'L3_dropout': 0.14444272777580322, 'n_mlp_layers': 1, 'mlp_dim_0': 48, 'num_heads': 1, 'final_dropout': 0.0047054958538513825, 'train_learning_rate': 0.0005337396634158731, 'train_lr_reduce': 0.6}. Best is trial 94 with value: 0.061345893889665604.
[I 2024-12-25 13:22:58,076] Trial 141 finished with value: 0.14091697335243225 and parameters: {'L1_hidden_dim': 144, 'L1_layers_atom': 2, 'L1_layers_mol': 2, 'L1_dropout': 0.21656761720585355, 'L1_out_dim': 64, 'L2_hidden_dim': 128, 'L2_layers_atom': 1, 'L2_layers_mol': 4, 'L2_out_dim': 112, 'L2_dropout': 0.03961480936451955, 'L3_hidden_dim': 128, 'L3_layers_atom': 1, 'L3_layers_mol': 2, 'L3_out_dim': 96, 'L3_dropout': 0.07911876445228368, 'n_mlp_layers': 2, 'mlp_dim_0': 248, 'mlp_dim_1': 432, 'num_heads': 1, 'final_dropout': 0.21036455880400842, 'train_learning_rate': 0.0006246828392220641, 'train_lr_reduce': 0.6}. Best is trial 94 with value: 0.061345893889665604.
[I 2024-12-25 13:24:22,925] Trial 142 finished with value: 0.18917347490787506 and parameters: {'L1_hidden_dim': 160, 'L1_layers_atom': 4, 'L1_layers_mol': 4, 'L1_dropout': 0.232236870792388, 'L1_out_dim': 48, 'L2_hidden_dim': 144, 'L2_layers_atom': 2, 'L2_layers_mol': 4, 'L2_out_dim': 128, 'L2_dropout': 0.05752850572942259, 'L3_hidden_dim': 112, 'L3_layers_atom': 2, 'L3_layers_mol': 2, 'L3_out_dim': 112, 'L3_dropout': 0.15279141372890168, 'n_mlp_layers': 2, 'mlp_dim_0': 256, 'mlp_dim_1': 440, 'num_heads': 1, 'final_dropout': 0.08675402594029652, 'train_learning_rate': 0.0001308388471106295, 'train_lr_reduce': 0.6}. Best is trial 94 with value: 0.061345893889665604.
[I 2024-12-25 13:24:35,758] Trial 143 finished with value: 0.08681095391511917 and parameters: {'L1_hidden_dim': 112, 'L1_layers_atom': 3, 'L1_layers_mol': 4, 'L1_dropout': 0.2806276553988796, 'L1_out_dim': 48, 'L2_hidden_dim': 160, 'L2_layers_atom': 2, 'L2_layers_mol': 4, 'L2_out_dim': 128, 'L2_dropout': 0.011277142342006347, 'L3_hidden_dim': 128, 'L3_layers_atom': 2, 'L3_layers_mol': 1, 'L3_out_dim': 96, 'L3_dropout': 0.12077284528494153, 'n_mlp_layers': 2, 'mlp_dim_0': 296, 'mlp_dim_1': 376, 'num_heads': 2, 'final_dropout': 0.14840090341013423, 'train_learning_rate': 0.0004892999206445172, 'train_lr_reduce': 0.6}. Best is trial 94 with value: 0.061345893889665604.
[I 2024-12-25 13:24:40,175] Trial 145 finished with value: 1.137058973312378 and parameters: {'L1_hidden_dim': 128, 'L1_layers_atom': 3, 'L1_layers_mol': 4, 'L1_dropout': 0.21672023162530613, 'L1_out_dim': 32, 'L2_hidden_dim': 144, 'L2_layers_atom': 1, 'L2_layers_mol': 3, 'L2_out_dim': 128, 'L2_dropout': 0.07773961920413819, 'L3_hidden_dim': 128, 'L3_layers_atom': 2, 'L3_layers_mol': 2, 'L3_out_dim': 48, 'L3_dropout': 0.07356217931493293, 'n_mlp_layers': 2, 'mlp_dim_0': 440, 'mlp_dim_1': 392, 'num_heads': 1, 'final_dropout': 0.08009999921674549, 'train_learning_rate': 0.0002820656520965964, 'train_lr_reduce': 0.6}. Best is trial 94 with value: 0.061345893889665604.
[I 2024-12-25 13:24:54,761] Trial 144 finished with value: 0.07653230428695679 and parameters: {'L1_hidden_dim': 112, 'L1_layers_atom': 1, 'L1_layers_mol': 4, 'L1_dropout': 0.19746339672325972, 'L1_out_dim': 48, 'L2_hidden_dim': 176, 'L2_layers_atom': 4, 'L2_layers_mol': 1, 'L2_out_dim': 128, 'L2_dropout': 0.017349169508643583, 'L3_hidden_dim': 32, 'L3_layers_atom': 2, 'L3_layers_mol': 2, 'L3_out_dim': 128, 'L3_dropout': 0.14829013638482672, 'n_mlp_layers': 2, 'mlp_dim_0': 104, 'mlp_dim_1': 376, 'num_heads': 1, 'final_dropout': 0.05876051054005784, 'train_learning_rate': 0.000878922465141548, 'train_lr_reduce': 0.6}. Best is trial 94 with value: 0.061345893889665604.
[I 2024-12-25 13:26:23,013] Trial 147 finished with value: 0.07583554834127426 and parameters: {'L1_hidden_dim': 96, 'L1_layers_atom': 2, 'L1_layers_mol': 4, 'L1_dropout': 0.25467235253130194, 'L1_out_dim': 80, 'L2_hidden_dim': 208, 'L2_layers_atom': 2, 'L2_layers_mol': 1, 'L2_out_dim': 112, 'L2_dropout': 0.1070644959894952, 'L3_hidden_dim': 32, 'L3_layers_atom': 4, 'L3_layers_mol': 1, 'L3_out_dim': 128, 'L3_dropout': 0.26495528112099775, 'n_mlp_layers': 2, 'mlp_dim_0': 312, 'mlp_dim_1': 216, 'num_heads': 1, 'final_dropout': 0.01426226896877808, 'train_learning_rate': 0.0007423444943397611, 'train_lr_reduce': 0.6}. Best is trial 94 with value: 0.061345893889665604.
[I 2024-12-25 13:27:36,646] Trial 148 finished with value: 0.08546941727399826 and parameters: {'L1_hidden_dim': 144, 'L1_layers_atom': 4, 'L1_layers_mol': 4, 'L1_dropout': 0.2864373277306087, 'L1_out_dim': 32, 'L2_hidden_dim': 128, 'L2_layers_atom': 1, 'L2_layers_mol': 4, 'L2_out_dim': 128, 'L2_dropout': 0.02999538860830706, 'L3_hidden_dim': 96, 'L3_layers_atom': 1, 'L3_layers_mol': 1, 'L3_out_dim': 64, 'L3_dropout': 0.04953348761371646, 'n_mlp_layers': 1, 'mlp_dim_0': 416, 'num_heads': 1, 'final_dropout': 0.2024394848219012, 'train_learning_rate': 0.0018173484672030454, 'train_lr_reduce': 0.6}. Best is trial 94 with value: 0.061345893889665604.
[I 2024-12-25 13:27:41,023] Trial 146 finished with value: 0.08027168363332748 and parameters: {'L1_hidden_dim': 64, 'L1_layers_atom': 1, 'L1_layers_mol': 2, 'L1_dropout': 0.2881634485359465, 'L1_out_dim': 48, 'L2_hidden_dim': 80, 'L2_layers_atom': 1, 'L2_layers_mol': 2, 'L2_out_dim': 128, 'L2_dropout': 0.004380277432385241, 'L3_hidden_dim': 32, 'L3_layers_atom': 4, 'L3_layers_mol': 2, 'L3_out_dim': 128, 'L3_dropout': 0.2858894713413652, 'n_mlp_layers': 2, 'mlp_dim_0': 184, 'mlp_dim_1': 432, 'num_heads': 1, 'final_dropout': 0.06271533741893978, 'train_learning_rate': 0.00013731897653257018, 'train_lr_reduce': 0.6}. Best is trial 94 with value: 0.061345893889665604.
[I 2024-12-25 13:28:09,693] Trial 149 finished with value: 0.16847749054431915 and parameters: {'L1_hidden_dim': 64, 'L1_layers_atom': 1, 'L1_layers_mol': 3, 'L1_dropout': 0.2613617909723509, 'L1_out_dim': 32, 'L2_hidden_dim': 176, 'L2_layers_atom': 1, 'L2_layers_mol': 3, 'L2_out_dim': 128, 'L2_dropout': 0.09144857686074263, 'L3_hidden_dim': 112, 'L3_layers_atom': 2, 'L3_layers_mol': 3, 'L3_out_dim': 128, 'L3_dropout': 0.08946563372494258, 'n_mlp_layers': 2, 'mlp_dim_0': 264, 'mlp_dim_1': 376, 'num_heads': 1, 'final_dropout': 0.10295860989631858, 'train_learning_rate': 0.00011100670867823617, 'train_lr_reduce': 0.6}. Best is trial 94 with value: 0.061345893889665604.
[I 2024-12-25 13:29:07,037] Trial 150 finished with value: 0.0770573690533638 and parameters: {'L1_hidden_dim': 64, 'L1_layers_atom': 2, 'L1_layers_mol': 2, 'L1_dropout': 0.141111731548322, 'L1_out_dim': 48, 'L2_hidden_dim': 64, 'L2_layers_atom': 1, 'L2_layers_mol': 1, 'L2_out_dim': 128, 'L2_dropout': 0.06916364669313162, 'L3_hidden_dim': 64, 'L3_layers_atom': 2, 'L3_layers_mol': 1, 'L3_out_dim': 96, 'L3_dropout': 0.20753487869668594, 'n_mlp_layers': 3, 'mlp_dim_0': 224, 'mlp_dim_1': 456, 'mlp_dim_2': 216, 'num_heads': 1, 'final_dropout': 0.07954149923994625, 'train_learning_rate': 0.001120079818703963, 'train_lr_reduce': 0.6}. Best is trial 94 with value: 0.061345893889665604.
[I 2024-12-25 13:30:11,383] Trial 152 finished with value: 0.22026248276233673 and parameters: {'L1_hidden_dim': 192, 'L1_layers_atom': 2, 'L1_layers_mol': 3, 'L1_dropout': 0.22112168977831467, 'L1_out_dim': 48, 'L2_hidden_dim': 128, 'L2_layers_atom': 3, 'L2_layers_mol': 3, 'L2_out_dim': 96, 'L2_dropout': 0.13957001979103836, 'L3_hidden_dim': 112, 'L3_layers_atom': 2, 'L3_layers_mol': 1, 'L3_out_dim': 80, 'L3_dropout': 0.18256056244793378, 'n_mlp_layers': 1, 'mlp_dim_0': 416, 'num_heads': 2, 'final_dropout': 0.09653210977393713, 'train_learning_rate': 0.00022435586827066807, 'train_lr_reduce': 0.6}. Best is trial 94 with value: 0.061345893889665604.
[I 2024-12-25 13:30:43,338] Trial 153 finished with value: 0.07333490997552872 and parameters: {'L1_hidden_dim': 112, 'L1_layers_atom': 1, 'L1_layers_mol': 1, 'L1_dropout': 0.1528308257208077, 'L1_out_dim': 32, 'L2_hidden_dim': 240, 'L2_layers_atom': 1, 'L2_layers_mol': 2, 'L2_out_dim': 80, 'L2_dropout': 0.08214446794601761, 'L3_hidden_dim': 64, 'L3_layers_atom': 4, 'L3_layers_mol': 1, 'L3_out_dim': 32, 'L3_dropout': 0.028171699074448435, 'n_mlp_layers': 2, 'mlp_dim_0': 256, 'mlp_dim_1': 80, 'num_heads': 1, 'final_dropout': 0.08087218704997065, 'train_learning_rate': 0.00015112194365726213, 'train_lr_reduce': 0.6}. Best is trial 94 with value: 0.061345893889665604.
[I 2024-12-25 13:30:47,029] Trial 151 finished with value: 0.08933798223733902 and parameters: {'L1_hidden_dim': 80, 'L1_layers_atom': 4, 'L1_layers_mol': 4, 'L1_dropout': 0.29484425705027306, 'L1_out_dim': 32, 'L2_hidden_dim': 128, 'L2_layers_atom': 1, 'L2_layers_mol': 4, 'L2_out_dim': 128, 'L2_dropout': 0.017479021827477098, 'L3_hidden_dim': 112, 'L3_layers_atom': 2, 'L3_layers_mol': 1, 'L3_out_dim': 80, 'L3_dropout': 0.09650523020193015, 'n_mlp_layers': 2, 'mlp_dim_0': 456, 'mlp_dim_1': 280, 'num_heads': 1, 'final_dropout': 0.1345839926389839, 'train_learning_rate': 0.00012062777307929284, 'train_lr_reduce': 0.6}. Best is trial 94 with value: 0.061345893889665604.
[I 2024-12-25 13:32:10,724] Trial 154 finished with value: 0.07700124382972717 and parameters: {'L1_hidden_dim': 128, 'L1_layers_atom': 2, 'L1_layers_mol': 2, 'L1_dropout': 0.1730344046599267, 'L1_out_dim': 48, 'L2_hidden_dim': 144, 'L2_layers_atom': 1, 'L2_layers_mol': 3, 'L2_out_dim': 96, 'L2_dropout': 0.003061500515404333, 'L3_hidden_dim': 80, 'L3_layers_atom': 4, 'L3_layers_mol': 2, 'L3_out_dim': 96, 'L3_dropout': 0.01683603960164555, 'n_mlp_layers': 2, 'mlp_dim_0': 496, 'mlp_dim_1': 128, 'num_heads': 1, 'final_dropout': 0.2314349995278955, 'train_learning_rate': 0.00011384039241401508, 'train_lr_reduce': 0.6}. Best is trial 94 with value: 0.061345893889665604.
[I 2024-12-25 13:32:28,053] Trial 156 finished with value: 0.10334358364343643 and parameters: {'L1_hidden_dim': 80, 'L1_layers_atom': 3, 'L1_layers_mol': 4, 'L1_dropout': 0.2187859015973748, 'L1_out_dim': 48, 'L2_hidden_dim': 160, 'L2_layers_atom': 1, 'L2_layers_mol': 4, 'L2_out_dim': 112, 'L2_dropout': 0.01572197003798968, 'L3_hidden_dim': 128, 'L3_layers_atom': 1, 'L3_layers_mol': 1, 'L3_out_dim': 32, 'L3_dropout': 0.0528740133702798, 'n_mlp_layers': 2, 'mlp_dim_0': 504, 'mlp_dim_1': 64, 'num_heads': 1, 'final_dropout': 0.2534790237097983, 'train_learning_rate': 0.00041552351550245946, 'train_lr_reduce': 0.6}. Best is trial 94 with value: 0.061345893889665604.
[I 2024-12-25 13:32:34,019] Trial 155 finished with value: 0.0680822804570198 and parameters: {'L1_hidden_dim': 64, 'L1_layers_atom': 2, 'L1_layers_mol': 3, 'L1_dropout': 0.252376449640936, 'L1_out_dim': 32, 'L2_hidden_dim': 240, 'L2_layers_atom': 4, 'L2_layers_mol': 1, 'L2_out_dim': 128, 'L2_dropout': 0.0010558877145320222, 'L3_hidden_dim': 32, 'L3_layers_atom': 4, 'L3_layers_mol': 1, 'L3_out_dim': 128, 'L3_dropout': 0.23799621226520576, 'n_mlp_layers': 2, 'mlp_dim_0': 232, 'mlp_dim_1': 464, 'num_heads': 1, 'final_dropout': 0.06656835887377155, 'train_learning_rate': 0.0008256297523249358, 'train_lr_reduce': 0.6}. Best is trial 94 with value: 0.061345893889665604.
[I 2024-12-25 13:33:38,608] Trial 157 finished with value: 0.09530643373727798 and parameters: {'L1_hidden_dim': 128, 'L1_layers_atom': 1, 'L1_layers_mol': 4, 'L1_dropout': 0.1646308421441594, 'L1_out_dim': 32, 'L2_hidden_dim': 80, 'L2_layers_atom': 3, 'L2_layers_mol': 2, 'L2_out_dim': 64, 'L2_dropout': 0.2237925942932937, 'L3_hidden_dim': 128, 'L3_layers_atom': 2, 'L3_layers_mol': 3, 'L3_out_dim': 112, 'L3_dropout': 0.2011498175109662, 'n_mlp_layers': 3, 'mlp_dim_0': 48, 'mlp_dim_1': 368, 'mlp_dim_2': 512, 'num_heads': 1, 'final_dropout': 0.03278597023380773, 'train_learning_rate': 0.007183277909650492, 'train_lr_reduce': 0.6}. Best is trial 94 with value: 0.061345893889665604.
[I 2024-12-25 13:34:01,059] Trial 158 finished with value: 0.1275377720594406 and parameters: {'L1_hidden_dim': 128, 'L1_layers_atom': 3, 'L1_layers_mol': 2, 'L1_dropout': 0.22402506943613018, 'L1_out_dim': 48, 'L2_hidden_dim': 112, 'L2_layers_atom': 3, 'L2_layers_mol': 4, 'L2_out_dim': 32, 'L2_dropout': 0.21527267067596925, 'L3_hidden_dim': 128, 'L3_layers_atom': 1, 'L3_layers_mol': 3, 'L3_out_dim': 112, 'L3_dropout': 0.21675827562983774, 'n_mlp_layers': 2, 'mlp_dim_0': 32, 'mlp_dim_1': 464, 'num_heads': 1, 'final_dropout': 0.005909866731791479, 'train_learning_rate': 0.006448344123609535, 'train_lr_reduce': 0.6}. Best is trial 94 with value: 0.061345893889665604.
[I 2024-12-25 13:34:21,356] Trial 161 finished with value: 1.1230299472808838 and parameters: {'L1_hidden_dim': 64, 'L1_layers_atom': 1, 'L1_layers_mol': 3, 'L1_dropout': 0.18562894384663042, 'L1_out_dim': 32, 'L2_hidden_dim': 192, 'L2_layers_atom': 4, 'L2_layers_mol': 3, 'L2_out_dim': 128, 'L2_dropout': 0.0773483323718959, 'L3_hidden_dim': 32, 'L3_layers_atom': 3, 'L3_layers_mol': 2, 'L3_out_dim': 96, 'L3_dropout': 0.20067237370777719, 'n_mlp_layers': 2, 'mlp_dim_0': 168, 'mlp_dim_1': 464, 'num_heads': 1, 'final_dropout': 0.0726186326164681, 'train_learning_rate': 0.0003267040823277865, 'train_lr_reduce': 0.6}. Best is trial 94 with value: 0.061345893889665604.
