[I 2024-12-15 22:09:20,841] Trial 175 finished with value: 0.1478230208158493 and parameters: {'mlp_n_layers': 4, 'mlp_dim_00': 128, 'mlp_dim_01': 160, 'mlp_dim_02': 112, 'mlp_dim_03': 96, 'hidden_channels': 224, 'num_layers': 1, 'num_timesteps': 3, 'dropout': 0.04878081521793011, 'train_learning_rate': 0.0005537557357847117, 'train_lr_reduce': 0.6}. Best is trial 130 with value: 0.0812772810459137.
[I 2024-12-15 22:09:21,555] Trial 176 finished with value: 0.11283300817012787 and parameters: {'mlp_n_layers': 2, 'mlp_dim_00': 192, 'mlp_dim_01': 64, 'hidden_channels': 32, 'num_layers': 3, 'num_timesteps': 2, 'dropout': 0.06416957920831, 'train_learning_rate': 0.0025473507562043863, 'train_lr_reduce': 0.6}. Best is trial 130 with value: 0.0812772810459137.
[I 2024-12-15 22:09:24,867] Trial 177 finished with value: 0.11641368269920349 and parameters: {'mlp_n_layers': 3, 'mlp_dim_00': 144, 'mlp_dim_01': 160, 'mlp_dim_02': 224, 'hidden_channels': 112, 'num_layers': 1, 'num_timesteps': 2, 'dropout': 0.29502750073262524, 'train_learning_rate': 0.0008458137261424623, 'train_lr_reduce': 0.6}. Best is trial 130 with value: 0.0812772810459137.
[I 2024-12-15 22:09:36,163] Trial 179 finished with value: 0.11748997122049332 and parameters: {'mlp_n_layers': 3, 'mlp_dim_00': 192, 'mlp_dim_01': 128, 'mlp_dim_02': 208, 'hidden_channels': 64, 'num_layers': 1, 'num_timesteps': 2, 'dropout': 0.2599783596008284, 'train_learning_rate': 0.002971392650954288, 'train_lr_reduce': 0.6}. Best is trial 130 with value: 0.0812772810459137.
[I 2024-12-15 22:09:37,111] Trial 180 finished with value: 0.1283666044473648 and parameters: {'mlp_n_layers': 4, 'mlp_dim_00': 208, 'mlp_dim_01': 144, 'mlp_dim_02': 192, 'mlp_dim_03': 208, 'hidden_channels': 32, 'num_layers': 2, 'num_timesteps': 2, 'dropout': 0.1310496319771501, 'train_learning_rate': 0.005794125516358747, 'train_lr_reduce': 0.6}. Best is trial 130 with value: 0.0812772810459137.
[I 2024-12-15 22:09:37,149] Trial 178 finished with value: 0.11657310277223587 and parameters: {'mlp_n_layers': 3, 'mlp_dim_00': 160, 'mlp_dim_01': 208, 'mlp_dim_02': 224, 'hidden_channels': 144, 'num_layers': 1, 'num_timesteps': 2, 'dropout': 0.28158830451869044, 'train_learning_rate': 0.00348351618002006, 'train_lr_reduce': 0.6}. Best is trial 130 with value: 0.0812772810459137.
[I 2024-12-15 22:09:46,619] Trial 181 finished with value: 0.10217484831809998 and parameters: {'mlp_n_layers': 2, 'mlp_dim_00': 224, 'mlp_dim_01': 48, 'hidden_channels': 32, 'num_layers': 2, 'num_timesteps': 4, 'dropout': 0.25768502500080886, 'train_learning_rate': 0.008763307244499577, 'train_lr_reduce': 0.6}. Best is trial 130 with value: 0.0812772810459137.
[I 2024-12-15 22:09:48,169] Trial 183 finished with value: 0.11958684772253036 and parameters: {'mlp_n_layers': 3, 'mlp_dim_00': 256, 'mlp_dim_01': 208, 'mlp_dim_02': 256, 'hidden_channels': 128, 'num_layers': 1, 'num_timesteps': 2, 'dropout': 0.2956980467478904, 'train_learning_rate': 0.007167731929398447, 'train_lr_reduce': 0.6}. Best is trial 130 with value: 0.0812772810459137.
[I 2024-12-15 22:10:00,259] Trial 182 finished with value: 0.1372574269771576 and parameters: {'mlp_n_layers': 2, 'mlp_dim_00': 48, 'mlp_dim_01': 256, 'hidden_channels': 64, 'num_layers': 2, 'num_timesteps': 4, 'dropout': 0.11186078299811941, 'train_learning_rate': 0.009243332109531164, 'train_lr_reduce': 0.6}. Best is trial 130 with value: 0.0812772810459137.
[I 2024-12-15 22:10:08,961] Trial 184 finished with value: 0.12370303273200989 and parameters: {'mlp_n_layers': 3, 'mlp_dim_00': 48, 'mlp_dim_01': 224, 'mlp_dim_02': 192, 'hidden_channels': 32, 'num_layers': 4, 'num_timesteps': 3, 'dropout': 0.14556241287116856, 'train_learning_rate': 0.0049117263347905, 'train_lr_reduce': 0.6}. Best is trial 130 with value: 0.0812772810459137.
[I 2024-12-15 22:10:13,242] Trial 185 finished with value: 0.1904366910457611 and parameters: {'mlp_n_layers': 3, 'mlp_dim_00': 224, 'mlp_dim_01': 224, 'mlp_dim_02': 160, 'hidden_channels': 48, 'num_layers': 4, 'num_timesteps': 3, 'dropout': 0.24411535415825186, 'train_learning_rate': 0.00017845577129519224, 'train_lr_reduce': 0.6}. Best is trial 130 with value: 0.0812772810459137.
[I 2024-12-15 22:10:15,918] Trial 186 finished with value: 0.13619758188724518 and parameters: {'mlp_n_layers': 2, 'mlp_dim_00': 80, 'mlp_dim_01': 256, 'hidden_channels': 64, 'num_layers': 3, 'num_timesteps': 3, 'dropout': 0.16105012833602547, 'train_learning_rate': 0.006848835985995876, 'train_lr_reduce': 0.6}. Best is trial 130 with value: 0.0812772810459137.
[I 2024-12-15 22:10:22,512] Trial 187 finished with value: 0.10684896260499954 and parameters: {'mlp_n_layers': 3, 'mlp_dim_00': 224, 'mlp_dim_01': 224, 'mlp_dim_02': 192, 'hidden_channels': 32, 'num_layers': 2, 'num_timesteps': 2, 'dropout': 0.24823677539948652, 'train_learning_rate': 0.004155845714788892, 'train_lr_reduce': 0.6}. Best is trial 130 with value: 0.0812772810459137.
[I 2024-12-15 22:10:33,360] Trial 189 finished with value: 0.12287534028291702 and parameters: {'mlp_n_layers': 2, 'mlp_dim_00': 240, 'mlp_dim_01': 32, 'hidden_channels': 32, 'num_layers': 1, 'num_timesteps': 4, 'dropout': 0.29237816700137753, 'train_learning_rate': 0.0021081822027150844, 'train_lr_reduce': 0.6}. Best is trial 130 with value: 0.0812772810459137.
[I 2024-12-15 22:10:39,952] Trial 188 finished with value: 0.1451675444841385 and parameters: {'mlp_n_layers': 4, 'mlp_dim_00': 32, 'mlp_dim_01': 176, 'mlp_dim_02': 32, 'mlp_dim_03': 224, 'hidden_channels': 256, 'num_layers': 4, 'num_timesteps': 4, 'dropout': 0.051368961087110546, 'train_learning_rate': 0.0013657924989986749, 'train_lr_reduce': 0.6}. Best is trial 130 with value: 0.0812772810459137.
[I 2024-12-15 22:10:44,304] Trial 190 finished with value: 0.09316306561231613 and parameters: {'mlp_n_layers': 2, 'mlp_dim_00': 64, 'mlp_dim_01': 240, 'hidden_channels': 32, 'num_layers': 3, 'num_timesteps': 4, 'dropout': 0.14307670248788268, 'train_learning_rate': 0.0056161110872253684, 'train_lr_reduce': 0.6}. Best is trial 130 with value: 0.0812772810459137.
[I 2024-12-15 22:10:46,256] Trial 191 finished with value: 0.0954899713397026 and parameters: {'mlp_n_layers': 2, 'mlp_dim_00': 240, 'mlp_dim_01': 224, 'hidden_channels': 128, 'num_layers': 1, 'num_timesteps': 3, 'dropout': 0.24151235037442892, 'train_learning_rate': 0.006013580169155643, 'train_lr_reduce': 0.6}. Best is trial 130 with value: 0.0812772810459137.
[I 2024-12-15 22:11:07,392] Trial 193 finished with value: 0.1373782604932785 and parameters: {'mlp_n_layers': 2, 'mlp_dim_00': 80, 'mlp_dim_01': 256, 'hidden_channels': 48, 'num_layers': 3, 'num_timesteps': 4, 'dropout': 0.1522642957755147, 'train_learning_rate': 0.004964618373775286, 'train_lr_reduce': 0.6}. Best is trial 130 with value: 0.0812772810459137.
[I 2024-12-15 22:11:12,780] Trial 192 finished with value: 0.15600460767745972 and parameters: {'mlp_n_layers': 3, 'mlp_dim_00': 112, 'mlp_dim_01': 256, 'mlp_dim_02': 144, 'hidden_channels': 176, 'num_layers': 3, 'num_timesteps': 1, 'dropout': 0.11254781426493249, 'train_learning_rate': 0.00014533735123041164, 'train_lr_reduce': 0.6}. Best is trial 130 with value: 0.0812772810459137.
[I 2024-12-15 22:11:25,993] Trial 194 finished with value: 0.16010917723178864 and parameters: {'mlp_n_layers': 4, 'mlp_dim_00': 208, 'mlp_dim_01': 48, 'mlp_dim_02': 208, 'mlp_dim_03': 160, 'hidden_channels': 240, 'num_layers': 4, 'num_timesteps': 4, 'dropout': 0.14216986170466664, 'train_learning_rate': 0.00019222729411294255, 'train_lr_reduce': 0.6}. Best is trial 130 with value: 0.0812772810459137.
[I 2024-12-15 22:11:27,025] Trial 195 finished with value: 0.09716479480266571 and parameters: {'mlp_n_layers': 2, 'mlp_dim_00': 240, 'mlp_dim_01': 224, 'hidden_channels': 112, 'num_layers': 2, 'num_timesteps': 3, 'dropout': 0.29183900929689854, 'train_learning_rate': 0.003884051174987165, 'train_lr_reduce': 0.6}. Best is trial 130 with value: 0.0812772810459137.
[I 2024-12-15 22:11:33,741] Trial 196 finished with value: 0.2011045217514038 and parameters: {'mlp_n_layers': 3, 'mlp_dim_00': 192, 'mlp_dim_01': 96, 'mlp_dim_02': 80, 'hidden_channels': 240, 'num_layers': 4, 'num_timesteps': 2, 'dropout': 0.16136669133634782, 'train_learning_rate': 0.008592763605718869, 'train_lr_reduce': 0.6}. Best is trial 130 with value: 0.0812772810459137.
[I 2024-12-15 22:11:38,212] Trial 197 finished with value: 0.10475364327430725 and parameters: {'mlp_n_layers': 2, 'mlp_dim_00': 64, 'mlp_dim_01': 224, 'hidden_channels': 32, 'num_layers': 2, 'num_timesteps': 4, 'dropout': 0.0456054812305251, 'train_learning_rate': 0.00861692661851056, 'train_lr_reduce': 0.6}. Best is trial 130 with value: 0.0812772810459137.
[I 2024-12-15 22:11:39,912] Trial 198 finished with value: 0.20121988654136658 and parameters: {'mlp_n_layers': 2, 'mlp_dim_00': 64, 'mlp_dim_01': 48, 'hidden_channels': 176, 'num_layers': 4, 'num_timesteps': 3, 'dropout': 0.26208573350908415, 'train_learning_rate': 0.007948566039983956, 'train_lr_reduce': 0.6}. Best is trial 130 with value: 0.0812772810459137.
[I 2024-12-15 22:11:45,228] Trial 199 finished with value: 0.10661546885967255 and parameters: {'mlp_n_layers': 2, 'mlp_dim_00': 240, 'mlp_dim_01': 192, 'hidden_channels': 96, 'num_layers': 2, 'num_timesteps': 3, 'dropout': 0.2566350685306701, 'train_learning_rate': 0.0036642161441348955, 'train_lr_reduce': 0.6}. Best is trial 130 with value: 0.0812772810459137.
[I 2024-12-15 22:11:54,328] Trial 201 finished with value: 0.0958181619644165 and parameters: {'mlp_n_layers': 2, 'mlp_dim_00': 256, 'mlp_dim_01': 224, 'hidden_channels': 176, 'num_layers': 1, 'num_timesteps': 4, 'dropout': 0.23703068848245473, 'train_learning_rate': 0.007289888687074714, 'train_lr_reduce': 0.6}. Best is trial 130 with value: 0.0812772810459137.
[I 2024-12-15 22:11:54,682] Trial 200 finished with value: 0.12547513842582703 and parameters: {'mlp_n_layers': 4, 'mlp_dim_00': 208, 'mlp_dim_01': 176, 'mlp_dim_02': 144, 'mlp_dim_03': 208, 'hidden_channels': 32, 'num_layers': 2, 'num_timesteps': 2, 'dropout': 0.27839855219023435, 'train_learning_rate': 0.0016727993703478817, 'train_lr_reduce': 0.6}. Best is trial 130 with value: 0.0812772810459137.
[I 2024-12-15 22:11:59,773] Trial 202 finished with value: 0.12578721344470978 and parameters: {'mlp_n_layers': 3, 'mlp_dim_00': 176, 'mlp_dim_01': 240, 'mlp_dim_02': 176, 'hidden_channels': 128, 'num_layers': 3, 'num_timesteps': 3, 'dropout': 0.22998153642745967, 'train_learning_rate': 0.002924167269197045, 'train_lr_reduce': 0.6}. Best is trial 130 with value: 0.0812772810459137.
[I 2024-12-15 22:12:05,293] Trial 203 finished with value: 0.11806578189134598 and parameters: {'mlp_n_layers': 2, 'mlp_dim_00': 224, 'mlp_dim_01': 224, 'hidden_channels': 144, 'num_layers': 1, 'num_timesteps': 4, 'dropout': 0.14752549652194547, 'train_learning_rate': 0.0046761673252023045, 'train_lr_reduce': 0.6}. Best is trial 130 with value: 0.0812772810459137.
[I 2024-12-15 22:12:11,703] Trial 204 finished with value: 0.12903113663196564 and parameters: {'mlp_n_layers': 2, 'mlp_dim_00': 224, 'mlp_dim_01': 256, 'hidden_channels': 96, 'num_layers': 2, 'num_timesteps': 3, 'dropout': 0.248673964351815, 'train_learning_rate': 0.008480507368564039, 'train_lr_reduce': 0.6}. Best is trial 130 with value: 0.0812772810459137.
[I 2024-12-15 22:12:14,809] Trial 205 finished with value: 0.12648074328899384 and parameters: {'mlp_n_layers': 2, 'mlp_dim_00': 208, 'mlp_dim_01': 208, 'hidden_channels': 256, 'num_layers': 2, 'num_timesteps': 4, 'dropout': 0.27728038838585733, 'train_learning_rate': 0.00271788315361529, 'train_lr_reduce': 0.6}. Best is trial 130 with value: 0.0812772810459137.
[I 2024-12-15 22:12:20,117] Trial 206 finished with value: 0.10964789986610413 and parameters: {'mlp_n_layers': 2, 'mlp_dim_00': 256, 'mlp_dim_01': 224, 'hidden_channels': 208, 'num_layers': 1, 'num_timesteps': 4, 'dropout': 0.1981008901693418, 'train_learning_rate': 0.00573071788908444, 'train_lr_reduce': 0.6}. Best is trial 130 with value: 0.0812772810459137.
[I 2024-12-15 22:12:23,343] Trial 208 finished with value: 0.140410915017128 and parameters: {'mlp_n_layers': 2, 'mlp_dim_00': 192, 'mlp_dim_01': 192, 'hidden_channels': 144, 'num_layers': 1, 'num_timesteps': 2, 'dropout': 0.19846818248497822, 'train_learning_rate': 0.004870974949765522, 'train_lr_reduce': 0.6}. Best is trial 130 with value: 0.0812772810459137.
[I 2024-12-15 22:12:25,770] Trial 207 finished with value: 0.12540367245674133 and parameters: {'mlp_n_layers': 2, 'mlp_dim_00': 224, 'mlp_dim_01': 240, 'hidden_channels': 128, 'num_layers': 1, 'num_timesteps': 3, 'dropout': 0.2320207580624525, 'train_learning_rate': 0.0019077254602487546, 'train_lr_reduce': 0.6}. Best is trial 130 with value: 0.0812772810459137.
[I 2024-12-15 22:12:36,530] Trial 210 finished with value: 0.08714520931243896 and parameters: {'mlp_n_layers': 2, 'mlp_dim_00': 224, 'mlp_dim_01': 208, 'hidden_channels': 128, 'num_layers': 1, 'num_timesteps': 3, 'dropout': 0.2442806731045668, 'train_learning_rate': 0.004923448551864299, 'train_lr_reduce': 0.6}. Best is trial 130 with value: 0.0812772810459137.
[I 2024-12-15 22:12:39,035] Trial 209 finished with value: 0.14415599405765533 and parameters: {'mlp_n_layers': 2, 'mlp_dim_00': 256, 'mlp_dim_01': 240, 'hidden_channels': 144, 'num_layers': 2, 'num_timesteps': 4, 'dropout': 0.2849158154185022, 'train_learning_rate': 0.005910428701715323, 'train_lr_reduce': 0.6}. Best is trial 130 with value: 0.0812772810459137.
[I 2024-12-15 22:12:39,097] Trial 211 finished with value: 0.1450958251953125 and parameters: {'mlp_n_layers': 2, 'mlp_dim_00': 256, 'mlp_dim_01': 256, 'hidden_channels': 144, 'num_layers': 1, 'num_timesteps': 3, 'dropout': 0.2371198654388897, 'train_learning_rate': 0.009689082078787216, 'train_lr_reduce': 0.6}. Best is trial 130 with value: 0.0812772810459137.
[I 2024-12-15 22:12:49,105] Trial 212 finished with value: 0.1143258810043335 and parameters: {'mlp_n_layers': 3, 'mlp_dim_00': 208, 'mlp_dim_01': 192, 'mlp_dim_02': 112, 'hidden_channels': 80, 'num_layers': 1, 'num_timesteps': 2, 'dropout': 0.27104691611572257, 'train_learning_rate': 0.004445899147736007, 'train_lr_reduce': 0.6}. Best is trial 130 with value: 0.0812772810459137.
[I 2024-12-15 22:12:51,653] Trial 214 finished with value: 0.1282031238079071 and parameters: {'mlp_n_layers': 2, 'mlp_dim_00': 192, 'mlp_dim_01': 176, 'hidden_channels': 96, 'num_layers': 1, 'num_timesteps': 4, 'dropout': 0.25591675761902527, 'train_learning_rate': 0.002680938758608297, 'train_lr_reduce': 0.6}. Best is trial 130 with value: 0.0812772810459137.
[I 2024-12-15 22:12:51,777] Trial 213 finished with value: 0.11463122814893723 and parameters: {'mlp_n_layers': 3, 'mlp_dim_00': 224, 'mlp_dim_01': 160, 'mlp_dim_02': 224, 'hidden_channels': 112, 'num_layers': 1, 'num_timesteps': 4, 'dropout': 0.2898887400586969, 'train_learning_rate': 0.0025326391369838697, 'train_lr_reduce': 0.6}. Best is trial 130 with value: 0.0812772810459137.
[I 2024-12-15 22:13:00,564] Trial 215 finished with value: 0.11430951952934265 and parameters: {'mlp_n_layers': 4, 'mlp_dim_00': 256, 'mlp_dim_01': 96, 'mlp_dim_02': 160, 'mlp_dim_03': 96, 'hidden_channels': 32, 'num_layers': 1, 'num_timesteps': 2, 'dropout': 0.12727847262763647, 'train_learning_rate': 0.003441993452891683, 'train_lr_reduce': 0.6}. Best is trial 130 with value: 0.0812772810459137.
[I 2024-12-15 22:13:04,557] Trial 216 finished with value: 0.11060063540935516 and parameters: {'mlp_n_layers': 2, 'mlp_dim_00': 256, 'mlp_dim_01': 208, 'hidden_channels': 128, 'num_layers': 1, 'num_timesteps': 4, 'dropout': 0.24088666819270876, 'train_learning_rate': 0.008485432572725504, 'train_lr_reduce': 0.6}. Best is trial 130 with value: 0.0812772810459137.
[I 2024-12-15 22:13:07,172] Trial 217 finished with value: 0.1624125838279724 and parameters: {'mlp_n_layers': 2, 'mlp_dim_00': 192, 'mlp_dim_01': 192, 'hidden_channels': 192, 'num_layers': 1, 'num_timesteps': 3, 'dropout': 0.2569556318492217, 'train_learning_rate': 0.007430467152012867, 'train_lr_reduce': 0.6}. Best is trial 130 with value: 0.0812772810459137.
[I 2024-12-15 22:13:16,409] Trial 218 finished with value: 0.09941677749156952 and parameters: {'mlp_n_layers': 2, 'mlp_dim_00': 240, 'mlp_dim_01': 224, 'hidden_channels': 96, 'num_layers': 3, 'num_timesteps': 3, 'dropout': 0.27916171148442037, 'train_learning_rate': 0.0026503157715546217, 'train_lr_reduce': 0.6}. Best is trial 130 with value: 0.0812772810459137.
[I 2024-12-15 22:13:26,634] Trial 220 finished with value: 0.17140543460845947 and parameters: {'mlp_n_layers': 2, 'mlp_dim_00': 128, 'mlp_dim_01': 80, 'hidden_channels': 208, 'num_layers': 4, 'num_timesteps': 3, 'dropout': 0.004267003835388583, 'train_learning_rate': 0.004878057604387364, 'train_lr_reduce': 0.6}. Best is trial 130 with value: 0.0812772810459137.
[I 2024-12-15 22:13:27,128] Trial 221 finished with value: 0.11384515464305878 and parameters: {'mlp_n_layers': 2, 'mlp_dim_00': 208, 'mlp_dim_01': 224, 'hidden_channels': 144, 'num_layers': 1, 'num_timesteps': 2, 'dropout': 0.2891361427155182, 'train_learning_rate': 0.004540393609035696, 'train_lr_reduce': 0.6}. Best is trial 130 with value: 0.0812772810459137.
[I 2024-12-15 22:13:33,602] Trial 219 finished with value: 0.14483439922332764 and parameters: {'mlp_n_layers': 2, 'mlp_dim_00': 176, 'mlp_dim_01': 192, 'hidden_channels': 256, 'num_layers': 2, 'num_timesteps': 1, 'dropout': 0.07842953889679215, 'train_learning_rate': 0.00011853704593202254, 'train_lr_reduce': 0.6}. Best is trial 130 with value: 0.0812772810459137.
[I 2024-12-15 22:13:38,428] Trial 222 finished with value: 0.11057531088590622 and parameters: {'mlp_n_layers': 2, 'mlp_dim_00': 256, 'mlp_dim_01': 192, 'hidden_channels': 192, 'num_layers': 1, 'num_timesteps': 4, 'dropout': 0.29759369716808276, 'train_learning_rate': 0.0021382719460856688, 'train_lr_reduce': 0.6}. Best is trial 130 with value: 0.0812772810459137.
[I 2024-12-15 22:13:47,428] Trial 224 finished with value: 0.11470050364732742 and parameters: {'mlp_n_layers': 2, 'mlp_dim_00': 256, 'mlp_dim_01': 208, 'hidden_channels': 48, 'num_layers': 3, 'num_timesteps': 4, 'dropout': 0.24487720751241962, 'train_learning_rate': 0.004025186401199521, 'train_lr_reduce': 0.6}. Best is trial 130 with value: 0.0812772810459137.
[I 2024-12-15 22:13:54,502] Trial 225 finished with value: 0.18143706023693085 and parameters: {'mlp_n_layers': 2, 'mlp_dim_00': 48, 'mlp_dim_01': 112, 'hidden_channels': 224, 'num_layers': 1, 'num_timesteps': 2, 'dropout': 0.29900998318046007, 'train_learning_rate': 0.008499394318984315, 'train_lr_reduce': 0.6}. Best is trial 130 with value: 0.0812772810459137.
[I 2024-12-15 22:13:55,270] Trial 223 finished with value: 0.2554873526096344 and parameters: {'mlp_n_layers': 4, 'mlp_dim_00': 192, 'mlp_dim_01': 176, 'mlp_dim_02': 128, 'mlp_dim_03': 160, 'hidden_channels': 32, 'num_layers': 4, 'num_timesteps': 2, 'dropout': 0.04880101117735007, 'train_learning_rate': 0.00013729029787592183, 'train_lr_reduce': 0.6}. Best is trial 130 with value: 0.0812772810459137.
[I 2024-12-15 22:14:06,557] Trial 226 finished with value: 0.13175222277641296 and parameters: {'mlp_n_layers': 2, 'mlp_dim_00': 208, 'mlp_dim_01': 160, 'hidden_channels': 128, 'num_layers': 4, 'num_timesteps': 3, 'dropout': 0.2480923917283191, 'train_learning_rate': 0.0009754533132553408, 'train_lr_reduce': 0.6}. Best is trial 130 with value: 0.0812772810459137.
[I 2024-12-15 22:14:07,613] Trial 228 finished with value: 0.11079529672861099 and parameters: {'mlp_n_layers': 2, 'mlp_dim_00': 240, 'mlp_dim_01': 208, 'hidden_channels': 96, 'num_layers': 1, 'num_timesteps': 3, 'dropout': 0.2256244850174921, 'train_learning_rate': 0.0044892518263848795, 'train_lr_reduce': 0.6}. Best is trial 130 with value: 0.0812772810459137.
[I 2024-12-15 22:14:14,889] Trial 227 finished with value: 0.08719349652528763 and parameters: {'mlp_n_layers': 3, 'mlp_dim_00': 240, 'mlp_dim_01': 176, 'mlp_dim_02': 192, 'hidden_channels': 32, 'num_layers': 1, 'num_timesteps': 3, 'dropout': 0.2453096577774157, 'train_learning_rate': 0.009786375910329326, 'train_lr_reduce': 0.6}. Best is trial 130 with value: 0.0812772810459137.
[I 2024-12-15 22:14:19,056] Trial 229 finished with value: 0.1515250951051712 and parameters: {'mlp_n_layers': 2, 'mlp_dim_00': 256, 'mlp_dim_01': 80, 'hidden_channels': 128, 'num_layers': 4, 'num_timesteps': 2, 'dropout': 0.2955220973050888, 'train_learning_rate': 0.006191190305788421, 'train_lr_reduce': 0.6}. Best is trial 130 with value: 0.0812772810459137.
[I 2024-12-15 22:14:19,573] Trial 230 finished with value: 0.1112891361117363 and parameters: {'mlp_n_layers': 2, 'mlp_dim_00': 176, 'mlp_dim_01': 64, 'hidden_channels': 48, 'num_layers': 3, 'num_timesteps': 2, 'dropout': 0.1468498487681275, 'train_learning_rate': 0.00262944211501949, 'train_lr_reduce': 0.6}. Best is trial 130 with value: 0.0812772810459137.
[I 2024-12-15 22:14:30,017] Trial 231 finished with value: 0.12672528624534607 and parameters: {'mlp_n_layers': 3, 'mlp_dim_00': 208, 'mlp_dim_01': 256, 'mlp_dim_02': 208, 'hidden_channels': 128, 'num_layers': 1, 'num_timesteps': 2, 'dropout': 0.1670782602441036, 'train_learning_rate': 0.004333709822037243, 'train_lr_reduce': 0.6}. Best is trial 130 with value: 0.0812772810459137.
[I 2024-12-15 22:14:33,191] Trial 233 finished with value: 0.12736265361309052 and parameters: {'mlp_n_layers': 2, 'mlp_dim_00': 176, 'mlp_dim_01': 208, 'hidden_channels': 80, 'num_layers': 2, 'num_timesteps': 4, 'dropout': 0.09044799924421372, 'train_learning_rate': 0.002068596889917953, 'train_lr_reduce': 0.6}. Best is trial 130 with value: 0.0812772810459137.
