[I 2024-12-24 18:34:43,368] Trial 448 finished with value: 0.011548571288585663 and parameters: {'L1_hidden_dim': 64, 'L1_layers_atom': 2, 'L1_layers_mol': 2, 'L1_dropout': 0.029389743341231154, 'L1_out_dim': 32, 'L2_hidden_dim': 80, 'L2_layers_atom': 2, 'L2_layers_mol': 1, 'L2_out_dim': 80, 'L2_dropout': 0.08786572621448248, 'L3_hidden_dim': 112, 'L3_layers_atom': 4, 'L3_layers_mol': 1, 'L3_out_dim': 128, 'L3_dropout': 0.2422485472796336, 'n_mlp_layers': 3, 'mlp_dim_0': 480, 'mlp_dim_1': 72, 'mlp_dim_2': 432, 'num_heads': 2, 'final_dropout': 0.14857819686489104, 'train_learning_rate': 0.0029634298431871786, 'train_lr_reduce': 0.6}. Best is trial 236 with value: 0.009785382077097893.
[I 2024-12-24 18:35:27,575] Trial 449 finished with value: 0.07824055105447769 and parameters: {'L1_hidden_dim': 128, 'L1_layers_atom': 3, 'L1_layers_mol': 1, 'L1_dropout': 0.10882388786871529, 'L1_out_dim': 32, 'L2_hidden_dim': 192, 'L2_layers_atom': 4, 'L2_layers_mol': 4, 'L2_out_dim': 32, 'L2_dropout': 0.05322320562403096, 'L3_hidden_dim': 112, 'L3_layers_atom': 3, 'L3_layers_mol': 1, 'L3_out_dim': 112, 'L3_dropout': 0.1821124052859791, 'n_mlp_layers': 1, 'mlp_dim_0': 480, 'num_heads': 2, 'final_dropout': 0.07947401229843669, 'train_learning_rate': 0.00042392035073009286, 'train_lr_reduce': 0.6}. Best is trial 236 with value: 0.009785382077097893.
[I 2024-12-24 18:36:42,678] Trial 450 finished with value: 0.01148440781980753 and parameters: {'L1_hidden_dim': 96, 'L1_layers_atom': 4, 'L1_layers_mol': 3, 'L1_dropout': 0.09696354602801859, 'L1_out_dim': 48, 'L2_hidden_dim': 128, 'L2_layers_atom': 4, 'L2_layers_mol': 1, 'L2_out_dim': 80, 'L2_dropout': 0.07395481399068482, 'L3_hidden_dim': 112, 'L3_layers_atom': 4, 'L3_layers_mol': 1, 'L3_out_dim': 80, 'L3_dropout': 0.23152524534223645, 'n_mlp_layers': 1, 'mlp_dim_0': 256, 'num_heads': 2, 'final_dropout': 0.09697900644515828, 'train_learning_rate': 0.00045469350577889966, 'train_lr_reduce': 0.6}. Best is trial 236 with value: 0.009785382077097893.
[I 2024-12-24 18:36:54,596] Trial 451 finished with value: 0.012027640827000141 and parameters: {'L1_hidden_dim': 224, 'L1_layers_atom': 3, 'L1_layers_mol': 4, 'L1_dropout': 0.14187599947527224, 'L1_out_dim': 112, 'L2_hidden_dim': 240, 'L2_layers_atom': 2, 'L2_layers_mol': 3, 'L2_out_dim': 32, 'L2_dropout': 0.009153720541961494, 'L3_hidden_dim': 64, 'L3_layers_atom': 3, 'L3_layers_mol': 3, 'L3_out_dim': 128, 'L3_dropout': 0.1350800596384246, 'n_mlp_layers': 3, 'mlp_dim_0': 40, 'mlp_dim_1': 176, 'mlp_dim_2': 408, 'num_heads': 2, 'final_dropout': 0.15086171867641981, 'train_learning_rate': 0.000638099355856924, 'train_lr_reduce': 0.6}. Best is trial 236 with value: 0.009785382077097893.
[I 2024-12-24 18:37:55,294] Trial 452 finished with value: 0.012559588998556137 and parameters: {'L1_hidden_dim': 128, 'L1_layers_atom': 4, 'L1_layers_mol': 3, 'L1_dropout': 0.002326988544190273, 'L1_out_dim': 32, 'L2_hidden_dim': 176, 'L2_layers_atom': 3, 'L2_layers_mol': 2, 'L2_out_dim': 80, 'L2_dropout': 0.0038115575647378764, 'L3_hidden_dim': 96, 'L3_layers_atom': 3, 'L3_layers_mol': 1, 'L3_out_dim': 128, 'L3_dropout': 0.2887693234443468, 'n_mlp_layers': 1, 'mlp_dim_0': 312, 'num_heads': 1, 'final_dropout': 0.09053296414768838, 'train_learning_rate': 0.003608235076309931, 'train_lr_reduce': 0.6}. Best is trial 236 with value: 0.009785382077097893.
[I 2024-12-24 18:38:11,981] Trial 453 finished with value: 0.014693194068968296 and parameters: {'L1_hidden_dim': 208, 'L1_layers_atom': 4, 'L1_layers_mol': 3, 'L1_dropout': 0.0511059962095303, 'L1_out_dim': 112, 'L2_hidden_dim': 128, 'L2_layers_atom': 2, 'L2_layers_mol': 3, 'L2_out_dim': 48, 'L2_dropout': 0.21387401079268806, 'L3_hidden_dim': 64, 'L3_layers_atom': 2, 'L3_layers_mol': 3, 'L3_out_dim': 128, 'L3_dropout': 0.15065946836636745, 'n_mlp_layers': 3, 'mlp_dim_0': 144, 'mlp_dim_1': 32, 'mlp_dim_2': 400, 'num_heads': 2, 'final_dropout': 0.26421701333813824, 'train_learning_rate': 0.004851203573670071, 'train_lr_reduce': 0.6}. Best is trial 236 with value: 0.009785382077097893.
[I 2024-12-24 18:38:56,941] Trial 454 finished with value: 0.011822327971458435 and parameters: {'L1_hidden_dim': 144, 'L1_layers_atom': 4, 'L1_layers_mol': 4, 'L1_dropout': 0.004663132504670056, 'L1_out_dim': 32, 'L2_hidden_dim': 160, 'L2_layers_atom': 3, 'L2_layers_mol': 2, 'L2_out_dim': 32, 'L2_dropout': 0.0715274360999061, 'L3_hidden_dim': 96, 'L3_layers_atom': 3, 'L3_layers_mol': 1, 'L3_out_dim': 96, 'L3_dropout': 0.25902298385618827, 'n_mlp_layers': 3, 'mlp_dim_0': 304, 'mlp_dim_1': 136, 'mlp_dim_2': 472, 'num_heads': 2, 'final_dropout': 0.0802493997957497, 'train_learning_rate': 0.002485204336986433, 'train_lr_reduce': 0.6}. Best is trial 236 with value: 0.009785382077097893.
[I 2024-12-24 18:40:07,567] Trial 455 finished with value: 0.011141608469188213 and parameters: {'L1_hidden_dim': 224, 'L1_layers_atom': 1, 'L1_layers_mol': 4, 'L1_dropout': 0.019133942957622243, 'L1_out_dim': 96, 'L2_hidden_dim': 160, 'L2_layers_atom': 2, 'L2_layers_mol': 4, 'L2_out_dim': 48, 'L2_dropout': 0.12761234052064596, 'L3_hidden_dim': 64, 'L3_layers_atom': 3, 'L3_layers_mol': 1, 'L3_out_dim': 128, 'L3_dropout': 0.25080815498786335, 'n_mlp_layers': 3, 'mlp_dim_0': 152, 'mlp_dim_1': 120, 'mlp_dim_2': 344, 'num_heads': 2, 'final_dropout': 0.2482138734244791, 'train_learning_rate': 0.008544296666008895, 'train_lr_reduce': 0.6}. Best is trial 236 with value: 0.009785382077097893.
[I 2024-12-24 18:40:21,592] Trial 456 finished with value: 0.011393975466489792 and parameters: {'L1_hidden_dim': 176, 'L1_layers_atom': 3, 'L1_layers_mol': 4, 'L1_dropout': 0.11426158033397263, 'L1_out_dim': 80, 'L2_hidden_dim': 240, 'L2_layers_atom': 1, 'L2_layers_mol': 3, 'L2_out_dim': 32, 'L2_dropout': 0.08582284791848198, 'L3_hidden_dim': 48, 'L3_layers_atom': 3, 'L3_layers_mol': 4, 'L3_out_dim': 112, 'L3_dropout': 0.23135795386651306, 'n_mlp_layers': 3, 'mlp_dim_0': 32, 'mlp_dim_1': 176, 'mlp_dim_2': 392, 'num_heads': 2, 'final_dropout': 0.19705334180040188, 'train_learning_rate': 0.001794678849548375, 'train_lr_reduce': 0.6}. Best is trial 236 with value: 0.009785382077097893.
[I 2024-12-24 18:41:06,373] Trial 457 finished with value: 0.010990729555487633 and parameters: {'L1_hidden_dim': 176, 'L1_layers_atom': 3, 'L1_layers_mol': 4, 'L1_dropout': 0.009859351840851401, 'L1_out_dim': 48, 'L2_hidden_dim': 224, 'L2_layers_atom': 4, 'L2_layers_mol': 2, 'L2_out_dim': 64, 'L2_dropout': 0.045560727317448535, 'L3_hidden_dim': 112, 'L3_layers_atom': 3, 'L3_layers_mol': 2, 'L3_out_dim': 80, 'L3_dropout': 0.2506743273624708, 'n_mlp_layers': 2, 'mlp_dim_0': 328, 'mlp_dim_1': 80, 'num_heads': 2, 'final_dropout': 0.18059770605014344, 'train_learning_rate': 0.0015294402267985044, 'train_lr_reduce': 0.6}. Best is trial 236 with value: 0.009785382077097893.
[I 2024-12-24 18:41:31,607] Trial 458 finished with value: 0.011684338562190533 and parameters: {'L1_hidden_dim': 144, 'L1_layers_atom': 3, 'L1_layers_mol': 3, 'L1_dropout': 0.07951041845986201, 'L1_out_dim': 64, 'L2_hidden_dim': 160, 'L2_layers_atom': 4, 'L2_layers_mol': 1, 'L2_out_dim': 96, 'L2_dropout': 0.0003786352133306418, 'L3_hidden_dim': 112, 'L3_layers_atom': 4, 'L3_layers_mol': 3, 'L3_out_dim': 96, 'L3_dropout': 0.26310717465402084, 'n_mlp_layers': 2, 'mlp_dim_0': 184, 'mlp_dim_1': 192, 'num_heads': 2, 'final_dropout': 0.10237694272905944, 'train_learning_rate': 0.0016972648767175763, 'train_lr_reduce': 0.6}. Best is trial 236 with value: 0.009785382077097893.
[I 2024-12-24 18:42:23,373] Trial 459 finished with value: 0.011782392859458923 and parameters: {'L1_hidden_dim': 128, 'L1_layers_atom': 4, 'L1_layers_mol': 4, 'L1_dropout': 0.015746063404804892, 'L1_out_dim': 48, 'L2_hidden_dim': 208, 'L2_layers_atom': 4, 'L2_layers_mol': 1, 'L2_out_dim': 32, 'L2_dropout': 0.08840156500453958, 'L3_hidden_dim': 112, 'L3_layers_atom': 4, 'L3_layers_mol': 1, 'L3_out_dim': 80, 'L3_dropout': 0.21403078015513283, 'n_mlp_layers': 3, 'mlp_dim_0': 424, 'mlp_dim_1': 88, 'mlp_dim_2': 320, 'num_heads': 2, 'final_dropout': 0.14433571170931414, 'train_learning_rate': 0.0035103660109581315, 'train_lr_reduce': 0.6}. Best is trial 236 with value: 0.009785382077097893.
[I 2024-12-24 18:43:04,658] Trial 460 finished with value: 0.010795222595334053 and parameters: {'L1_hidden_dim': 224, 'L1_layers_atom': 1, 'L1_layers_mol': 3, 'L1_dropout': 0.00495490756141885, 'L1_out_dim': 80, 'L2_hidden_dim': 96, 'L2_layers_atom': 4, 'L2_layers_mol': 1, 'L2_out_dim': 112, 'L2_dropout': 0.027524676733478054, 'L3_hidden_dim': 64, 'L3_layers_atom': 3, 'L3_layers_mol': 3, 'L3_out_dim': 80, 'L3_dropout': 0.17513879098431087, 'n_mlp_layers': 2, 'mlp_dim_0': 448, 'mlp_dim_1': 128, 'num_heads': 1, 'final_dropout': 0.03121371100911669, 'train_learning_rate': 0.00026966879165432313, 'train_lr_reduce': 0.6}. Best is trial 236 with value: 0.009785382077097893.
[I 2024-12-24 18:43:17,399] Trial 461 finished with value: 0.011605591513216496 and parameters: {'L1_hidden_dim': 144, 'L1_layers_atom': 1, 'L1_layers_mol': 3, 'L1_dropout': 0.044931084617724805, 'L1_out_dim': 64, 'L2_hidden_dim': 160, 'L2_layers_atom': 4, 'L2_layers_mol': 1, 'L2_out_dim': 128, 'L2_dropout': 0.011621995744894448, 'L3_hidden_dim': 96, 'L3_layers_atom': 3, 'L3_layers_mol': 3, 'L3_out_dim': 48, 'L3_dropout': 0.22225537543383034, 'n_mlp_layers': 2, 'mlp_dim_0': 416, 'mlp_dim_1': 192, 'num_heads': 1, 'final_dropout': 0.023804688962957475, 'train_learning_rate': 0.00022879583525459144, 'train_lr_reduce': 0.6}. Best is trial 236 with value: 0.009785382077097893.
[I 2024-12-24 18:44:18,462] Trial 462 finished with value: 0.011795703321695328 and parameters: {'L1_hidden_dim': 80, 'L1_layers_atom': 2, 'L1_layers_mol': 4, 'L1_dropout': 0.044537844809345625, 'L1_out_dim': 32, 'L2_hidden_dim': 128, 'L2_layers_atom': 3, 'L2_layers_mol': 1, 'L2_out_dim': 64, 'L2_dropout': 0.0656502903936604, 'L3_hidden_dim': 128, 'L3_layers_atom': 3, 'L3_layers_mol': 1, 'L3_out_dim': 128, 'L3_dropout': 0.24168712259682978, 'n_mlp_layers': 3, 'mlp_dim_0': 504, 'mlp_dim_1': 72, 'mlp_dim_2': 424, 'num_heads': 2, 'final_dropout': 0.16586646731949997, 'train_learning_rate': 0.0029532157386633626, 'train_lr_reduce': 0.6}. Best is trial 236 with value: 0.009785382077097893.
[I 2024-12-24 18:44:20,028] Trial 464 finished with value: 0.011564822867512703 and parameters: {'L1_hidden_dim': 208, 'L1_layers_atom': 4, 'L1_layers_mol': 4, 'L1_dropout': 0.04735620887424316, 'L1_out_dim': 96, 'L2_hidden_dim': 112, 'L2_layers_atom': 2, 'L2_layers_mol': 2, 'L2_out_dim': 32, 'L2_dropout': 0.15766548208609632, 'L3_hidden_dim': 64, 'L3_layers_atom': 4, 'L3_layers_mol': 2, 'L3_out_dim': 96, 'L3_dropout': 0.28716413941215835, 'n_mlp_layers': 2, 'mlp_dim_0': 136, 'mlp_dim_1': 128, 'num_heads': 1, 'final_dropout': 0.28630913456816903, 'train_learning_rate': 0.004164414053222674, 'train_lr_reduce': 0.6}. Best is trial 236 with value: 0.009785382077097893.
[I 2024-12-24 18:46:04,679] Trial 466 finished with value: 0.012569417245686054 and parameters: {'L1_hidden_dim': 176, 'L1_layers_atom': 1, 'L1_layers_mol': 4, 'L1_dropout': 0.060359062146825286, 'L1_out_dim': 80, 'L2_hidden_dim': 112, 'L2_layers_atom': 3, 'L2_layers_mol': 1, 'L2_out_dim': 96, 'L2_dropout': 0.09427192580840381, 'L3_hidden_dim': 80, 'L3_layers_atom': 1, 'L3_layers_mol': 2, 'L3_out_dim': 64, 'L3_dropout': 0.1591543645276504, 'n_mlp_layers': 3, 'mlp_dim_0': 344, 'mlp_dim_1': 136, 'mlp_dim_2': 488, 'num_heads': 1, 'final_dropout': 0.22804863493856653, 'train_learning_rate': 0.006408655359663057, 'train_lr_reduce': 0.6}. Best is trial 236 with value: 0.009785382077097893.
[I 2024-12-24 18:46:11,558] Trial 463 finished with value: 0.01789950206875801 and parameters: {'L1_hidden_dim': 240, 'L1_layers_atom': 2, 'L1_layers_mol': 4, 'L1_dropout': 0.10254619386839844, 'L1_out_dim': 80, 'L2_hidden_dim': 144, 'L2_layers_atom': 3, 'L2_layers_mol': 4, 'L2_out_dim': 32, 'L2_dropout': 0.07876390332775933, 'L3_hidden_dim': 48, 'L3_layers_atom': 4, 'L3_layers_mol': 2, 'L3_out_dim': 128, 'L3_dropout': 0.15775690749782295, 'n_mlp_layers': 3, 'mlp_dim_0': 176, 'mlp_dim_1': 128, 'mlp_dim_2': 384, 'num_heads': 2, 'final_dropout': 0.24977227364126092, 'train_learning_rate': 0.008550958166549645, 'train_lr_reduce': 0.6}. Best is trial 236 with value: 0.009785382077097893.
[I 2024-12-24 18:47:00,060] Trial 465 finished with value: 0.010422241874039173 and parameters: {'L1_hidden_dim': 240, 'L1_layers_atom': 4, 'L1_layers_mol': 4, 'L1_dropout': 0.05604938296278105, 'L1_out_dim': 64, 'L2_hidden_dim': 160, 'L2_layers_atom': 3, 'L2_layers_mol': 2, 'L2_out_dim': 32, 'L2_dropout': 0.07650530307950407, 'L3_hidden_dim': 96, 'L3_layers_atom': 3, 'L3_layers_mol': 4, 'L3_out_dim': 112, 'L3_dropout': 0.2366949115924585, 'n_mlp_layers': 2, 'mlp_dim_0': 168, 'mlp_dim_1': 128, 'num_heads': 2, 'final_dropout': 0.20990015965865916, 'train_learning_rate': 0.0010572987633203593, 'train_lr_reduce': 0.6}. Best is trial 236 with value: 0.009785382077097893.
[I 2024-12-24 18:48:21,380] Trial 467 finished with value: 0.010405565612018108 and parameters: {'L1_hidden_dim': 176, 'L1_layers_atom': 4, 'L1_layers_mol': 2, 'L1_dropout': 0.06968794922097926, 'L1_out_dim': 32, 'L2_hidden_dim': 176, 'L2_layers_atom': 4, 'L2_layers_mol': 1, 'L2_out_dim': 96, 'L2_dropout': 0.08449152615839046, 'L3_hidden_dim': 112, 'L3_layers_atom': 3, 'L3_layers_mol': 3, 'L3_out_dim': 80, 'L3_dropout': 0.27937669963918793, 'n_mlp_layers': 2, 'mlp_dim_0': 408, 'mlp_dim_1': 88, 'num_heads': 2, 'final_dropout': 0.06476843339918802, 'train_learning_rate': 0.0008353011944959816, 'train_lr_reduce': 0.6}. Best is trial 236 with value: 0.009785382077097893.
[I 2024-12-24 18:48:36,565] Trial 469 finished with value: 0.011865973472595215 and parameters: {'L1_hidden_dim': 160, 'L1_layers_atom': 2, 'L1_layers_mol': 4, 'L1_dropout': 0.03935372401050514, 'L1_out_dim': 112, 'L2_hidden_dim': 144, 'L2_layers_atom': 3, 'L2_layers_mol': 4, 'L2_out_dim': 96, 'L2_dropout': 0.24841484565525057, 'L3_hidden_dim': 32, 'L3_layers_atom': 3, 'L3_layers_mol': 2, 'L3_out_dim': 128, 'L3_dropout': 0.21059634589974904, 'n_mlp_layers': 2, 'mlp_dim_0': 128, 'mlp_dim_1': 152, 'num_heads': 2, 'final_dropout': 0.26883831325929924, 'train_learning_rate': 0.0026938171336880045, 'train_lr_reduce': 0.6}. Best is trial 236 with value: 0.009785382077097893.
[I 2024-12-24 18:48:41,258] Trial 468 finished with value: 0.011667925864458084 and parameters: {'L1_hidden_dim': 144, 'L1_layers_atom': 4, 'L1_layers_mol': 1, 'L1_dropout': 0.09877605597939945, 'L1_out_dim': 32, 'L2_hidden_dim': 96, 'L2_layers_atom': 4, 'L2_layers_mol': 2, 'L2_out_dim': 80, 'L2_dropout': 0.0022104235799168936, 'L3_hidden_dim': 80, 'L3_layers_atom': 4, 'L3_layers_mol': 2, 'L3_out_dim': 96, 'L3_dropout': 0.21411087745594698, 'n_mlp_layers': 1, 'mlp_dim_0': 176, 'num_heads': 2, 'final_dropout': 0.1144071205069553, 'train_learning_rate': 0.0010891629341427918, 'train_lr_reduce': 0.6}. Best is trial 236 with value: 0.009785382077097893.
[I 2024-12-24 18:48:57,050] Trial 470 finished with value: 0.015800517052412033 and parameters: {'L1_hidden_dim': 192, 'L1_layers_atom': 1, 'L1_layers_mol': 3, 'L1_dropout': 0.014806907413872706, 'L1_out_dim': 64, 'L2_hidden_dim': 64, 'L2_layers_atom': 2, 'L2_layers_mol': 2, 'L2_out_dim': 64, 'L2_dropout': 0.16718164802949786, 'L3_hidden_dim': 128, 'L3_layers_atom': 3, 'L3_layers_mol': 1, 'L3_out_dim': 112, 'L3_dropout': 0.2800060552179483, 'n_mlp_layers': 3, 'mlp_dim_0': 472, 'mlp_dim_1': 88, 'mlp_dim_2': 312, 'num_heads': 1, 'final_dropout': 0.1576886506615657, 'train_learning_rate': 0.0021952180847672996, 'train_lr_reduce': 0.6}. Best is trial 236 with value: 0.009785382077097893.
[I 2024-12-24 18:50:44,411] Trial 471 finished with value: 0.01324770413339138 and parameters: {'L1_hidden_dim': 160, 'L1_layers_atom': 3, 'L1_layers_mol': 3, 'L1_dropout': 0.13490817529925497, 'L1_out_dim': 48, 'L2_hidden_dim': 176, 'L2_layers_atom': 4, 'L2_layers_mol': 2, 'L2_out_dim': 48, 'L2_dropout': 0.06591981455248057, 'L3_hidden_dim': 80, 'L3_layers_atom': 2, 'L3_layers_mol': 4, 'L3_out_dim': 80, 'L3_dropout': 0.2923650932167826, 'n_mlp_layers': 2, 'mlp_dim_0': 128, 'mlp_dim_1': 72, 'num_heads': 1, 'final_dropout': 0.2477569169561291, 'train_learning_rate': 0.0005268760458217962, 'train_lr_reduce': 0.6}. Best is trial 236 with value: 0.009785382077097893.
[I 2024-12-24 18:51:09,445] Trial 472 finished with value: 0.010339947417378426 and parameters: {'L1_hidden_dim': 256, 'L1_layers_atom': 4, 'L1_layers_mol': 4, 'L1_dropout': 0.03206741590569723, 'L1_out_dim': 80, 'L2_hidden_dim': 160, 'L2_layers_atom': 3, 'L2_layers_mol': 1, 'L2_out_dim': 64, 'L2_dropout': 0.12755614609751836, 'L3_hidden_dim': 112, 'L3_layers_atom': 2, 'L3_layers_mol': 4, 'L3_out_dim': 80, 'L3_dropout': 0.2565886354520699, 'n_mlp_layers': 1, 'mlp_dim_0': 200, 'num_heads': 2, 'final_dropout': 0.2720407512638261, 'train_learning_rate': 0.0006107709947184152, 'train_lr_reduce': 0.6}. Best is trial 236 with value: 0.009785382077097893.
[I 2024-12-24 18:51:55,845] Trial 473 finished with value: 0.012651033699512482 and parameters: {'L1_hidden_dim': 240, 'L1_layers_atom': 3, 'L1_layers_mol': 4, 'L1_dropout': 0.116386973646227, 'L1_out_dim': 64, 'L2_hidden_dim': 176, 'L2_layers_atom': 3, 'L2_layers_mol': 2, 'L2_out_dim': 32, 'L2_dropout': 0.06897989004890678, 'L3_hidden_dim': 32, 'L3_layers_atom': 2, 'L3_layers_mol': 4, 'L3_out_dim': 112, 'L3_dropout': 0.22095982220920543, 'n_mlp_layers': 2, 'mlp_dim_0': 64, 'mlp_dim_1': 80, 'num_heads': 2, 'final_dropout': 0.24650990476068668, 'train_learning_rate': 0.0002332246904902717, 'train_lr_reduce': 0.6}. Best is trial 236 with value: 0.009785382077097893.
[I 2024-12-24 18:52:36,144] Trial 474 finished with value: 0.028248082846403122 and parameters: {'L1_hidden_dim': 224, 'L1_layers_atom': 1, 'L1_layers_mol': 4, 'L1_dropout': 0.00797136329520323, 'L1_out_dim': 32, 'L2_hidden_dim': 192, 'L2_layers_atom': 2, 'L2_layers_mol': 1, 'L2_out_dim': 48, 'L2_dropout': 0.07710075301245191, 'L3_hidden_dim': 112, 'L3_layers_atom': 1, 'L3_layers_mol': 2, 'L3_out_dim': 112, 'L3_dropout': 0.2647672608641321, 'n_mlp_layers': 1, 'mlp_dim_0': 464, 'num_heads': 1, 'final_dropout': 0.0649741423591324, 'train_learning_rate': 0.00340173954557021, 'train_lr_reduce': 0.6}. Best is trial 236 with value: 0.009785382077097893.
[I 2024-12-24 18:54:09,359] Trial 476 finished with value: 0.01134362444281578 and parameters: {'L1_hidden_dim': 256, 'L1_layers_atom': 4, 'L1_layers_mol': 4, 'L1_dropout': 0.050761728528999336, 'L1_out_dim': 112, 'L2_hidden_dim': 144, 'L2_layers_atom': 4, 'L2_layers_mol': 1, 'L2_out_dim': 48, 'L2_dropout': 0.105430565361439, 'L3_hidden_dim': 128, 'L3_layers_atom': 2, 'L3_layers_mol': 4, 'L3_out_dim': 96, 'L3_dropout': 0.2814551321665942, 'n_mlp_layers': 1, 'mlp_dim_0': 288, 'num_heads': 1, 'final_dropout': 0.27641344190395406, 'train_learning_rate': 0.0004711412338380322, 'train_lr_reduce': 0.6}. Best is trial 236 with value: 0.009785382077097893.
[I 2024-12-24 18:54:11,845] Trial 475 finished with value: 0.03720022365450859 and parameters: {'L1_hidden_dim': 256, 'L1_layers_atom': 4, 'L1_layers_mol': 4, 'L1_dropout': 0.022062759723507845, 'L1_out_dim': 80, 'L2_hidden_dim': 144, 'L2_layers_atom': 3, 'L2_layers_mol': 1, 'L2_out_dim': 80, 'L2_dropout': 0.184492848794248, 'L3_hidden_dim': 112, 'L3_layers_atom': 2, 'L3_layers_mol': 3, 'L3_out_dim': 64, 'L3_dropout': 0.24761279430792035, 'n_mlp_layers': 1, 'mlp_dim_0': 160, 'num_heads': 1, 'final_dropout': 0.2211086199983138, 'train_learning_rate': 0.00012332168059085992, 'train_lr_reduce': 0.6}. Best is trial 236 with value: 0.009785382077097893.
[I 2024-12-24 18:56:12,114] Trial 477 finished with value: 0.012126797810196877 and parameters: {'L1_hidden_dim': 256, 'L1_layers_atom': 4, 'L1_layers_mol': 4, 'L1_dropout': 0.07975830570366692, 'L1_out_dim': 48, 'L2_hidden_dim': 160, 'L2_layers_atom': 3, 'L2_layers_mol': 3, 'L2_out_dim': 32, 'L2_dropout': 0.0818001940444832, 'L3_hidden_dim': 96, 'L3_layers_atom': 4, 'L3_layers_mol': 3, 'L3_out_dim': 112, 'L3_dropout': 0.18258123610209923, 'n_mlp_layers': 1, 'mlp_dim_0': 64, 'num_heads': 2, 'final_dropout': 0.20082419096022763, 'train_learning_rate': 0.0011804820347858427, 'train_lr_reduce': 0.6}. Best is trial 236 with value: 0.009785382077097893.
[I 2024-12-24 18:56:59,869] Trial 478 finished with value: 0.011116239242255688 and parameters: {'L1_hidden_dim': 256, 'L1_layers_atom': 3, 'L1_layers_mol': 4, 'L1_dropout': 0.06131856015772881, 'L1_out_dim': 96, 'L2_hidden_dim': 128, 'L2_layers_atom': 3, 'L2_layers_mol': 1, 'L2_out_dim': 96, 'L2_dropout': 0.15307930503082995, 'L3_hidden_dim': 112, 'L3_layers_atom': 2, 'L3_layers_mol': 4, 'L3_out_dim': 112, 'L3_dropout': 0.09991523579877623, 'n_mlp_layers': 1, 'mlp_dim_0': 280, 'num_heads': 2, 'final_dropout': 0.25747189059494063, 'train_learning_rate': 0.00047775703876447735, 'train_lr_reduce': 0.6}. Best is trial 236 with value: 0.009785382077097893.
[I 2024-12-24 18:57:59,727] Trial 480 finished with value: 0.012648149393498898 and parameters: {'L1_hidden_dim': 224, 'L1_layers_atom': 3, 'L1_layers_mol': 4, 'L1_dropout': 0.08258470146679076, 'L1_out_dim': 64, 'L2_hidden_dim': 128, 'L2_layers_atom': 4, 'L2_layers_mol': 2, 'L2_out_dim': 32, 'L2_dropout': 0.12301432623587479, 'L3_hidden_dim': 80, 'L3_layers_atom': 2, 'L3_layers_mol': 3, 'L3_out_dim': 112, 'L3_dropout': 0.25880808070229244, 'n_mlp_layers': 2, 'mlp_dim_0': 216, 'mlp_dim_1': 32, 'num_heads': 2, 'final_dropout': 0.28316981326660184, 'train_learning_rate': 0.0016911052637244395, 'train_lr_reduce': 0.6}. Best is trial 236 with value: 0.009785382077097893.
