[I 2024-12-15 23:07:53,833] Trial 816 finished with value: 0.1134752482175827 and parameters: {'mlp_n_layers': 2, 'mlp_dim_00': 256, 'mlp_dim_01': 96, 'hidden_channels': 80, 'num_layers': 3, 'num_timesteps': 3, 'dropout': 0.28209222653030525, 'train_learning_rate': 0.008296880845237792, 'train_lr_reduce': 0.6}. Best is trial 130 with value: 0.0812772810459137.
[I 2024-12-15 23:07:59,073] Trial 817 finished with value: 0.10437721759080887 and parameters: {'mlp_n_layers': 2, 'mlp_dim_00': 32, 'mlp_dim_01': 240, 'hidden_channels': 32, 'num_layers': 2, 'num_timesteps': 3, 'dropout': 0.11896294369721741, 'train_learning_rate': 0.002526547418748449, 'train_lr_reduce': 0.6}. Best is trial 130 with value: 0.0812772810459137.
[I 2024-12-15 23:08:02,360] Trial 815 finished with value: 0.18237224221229553 and parameters: {'mlp_n_layers': 4, 'mlp_dim_00': 112, 'mlp_dim_01': 112, 'mlp_dim_02': 192, 'mlp_dim_03': 256, 'hidden_channels': 176, 'num_layers': 4, 'num_timesteps': 1, 'dropout': 0.11348742120336358, 'train_learning_rate': 0.00011014570662928816, 'train_lr_reduce': 0.6}. Best is trial 130 with value: 0.0812772810459137.
[I 2024-12-15 23:08:11,488] Trial 818 finished with value: 0.11547251790761948 and parameters: {'mlp_n_layers': 2, 'mlp_dim_00': 256, 'mlp_dim_01': 224, 'hidden_channels': 48, 'num_layers': 2, 'num_timesteps': 3, 'dropout': 0.19771121946647285, 'train_learning_rate': 0.00899655691405229, 'train_lr_reduce': 0.6}. Best is trial 130 with value: 0.0812772810459137.
[I 2024-12-15 23:08:16,676] Trial 819 finished with value: 0.1073610782623291 and parameters: {'mlp_n_layers': 2, 'mlp_dim_00': 176, 'mlp_dim_01': 224, 'hidden_channels': 80, 'num_layers': 3, 'num_timesteps': 3, 'dropout': 0.15904482459228664, 'train_learning_rate': 0.006625939132462351, 'train_lr_reduce': 0.6}. Best is trial 130 with value: 0.0812772810459137.
[I 2024-12-15 23:08:22,280] Trial 821 finished with value: 0.111368328332901 and parameters: {'mlp_n_layers': 2, 'mlp_dim_00': 208, 'mlp_dim_01': 224, 'hidden_channels': 32, 'num_layers': 3, 'num_timesteps': 2, 'dropout': 0.2082556714455365, 'train_learning_rate': 0.00854206663126535, 'train_lr_reduce': 0.6}. Best is trial 130 with value: 0.0812772810459137.
[I 2024-12-15 23:08:28,905] Trial 820 finished with value: 0.16473080217838287 and parameters: {'mlp_n_layers': 4, 'mlp_dim_00': 224, 'mlp_dim_01': 176, 'mlp_dim_02': 176, 'mlp_dim_03': 192, 'hidden_channels': 96, 'num_layers': 4, 'num_timesteps': 2, 'dropout': 0.19260661409738633, 'train_learning_rate': 0.00044798124396312847, 'train_lr_reduce': 0.6}. Best is trial 130 with value: 0.0812772810459137.
[I 2024-12-15 23:08:31,981] Trial 822 finished with value: 0.1497279554605484 and parameters: {'mlp_n_layers': 3, 'mlp_dim_00': 208, 'mlp_dim_01': 32, 'mlp_dim_02': 224, 'hidden_channels': 144, 'num_layers': 4, 'num_timesteps': 3, 'dropout': 0.06405700100169427, 'train_learning_rate': 0.008885778351798462, 'train_lr_reduce': 0.6}. Best is trial 130 with value: 0.0812772810459137.
[I 2024-12-15 23:08:34,000] Trial 823 finished with value: 0.11484374850988388 and parameters: {'mlp_n_layers': 2, 'mlp_dim_00': 240, 'mlp_dim_01': 192, 'hidden_channels': 48, 'num_layers': 3, 'num_timesteps': 3, 'dropout': 0.15109088726880643, 'train_learning_rate': 0.003743381487951745, 'train_lr_reduce': 0.6}. Best is trial 130 with value: 0.0812772810459137.
[I 2024-12-15 23:08:40,269] Trial 825 finished with value: 0.17101871967315674 and parameters: {'mlp_n_layers': 3, 'mlp_dim_00': 128, 'mlp_dim_01': 112, 'mlp_dim_02': 160, 'hidden_channels': 144, 'num_layers': 1, 'num_timesteps': 1, 'dropout': 0.12318010805750373, 'train_learning_rate': 0.005906656640670073, 'train_lr_reduce': 0.6}. Best is trial 130 with value: 0.0812772810459137.
[I 2024-12-15 23:08:41,192] Trial 824 finished with value: 0.11766693741083145 and parameters: {'mlp_n_layers': 2, 'mlp_dim_00': 256, 'mlp_dim_01': 208, 'hidden_channels': 48, 'num_layers': 4, 'num_timesteps': 2, 'dropout': 0.27684160685533327, 'train_learning_rate': 0.0030353014229936963, 'train_lr_reduce': 0.6}. Best is trial 130 with value: 0.0812772810459137.
[I 2024-12-15 23:08:45,305] Trial 826 finished with value: 0.11136069893836975 and parameters: {'mlp_n_layers': 2, 'mlp_dim_00': 96, 'mlp_dim_01': 240, 'hidden_channels': 32, 'num_layers': 2, 'num_timesteps': 3, 'dropout': 0.14011513047179536, 'train_learning_rate': 0.009477305129723914, 'train_lr_reduce': 0.6}. Best is trial 130 with value: 0.0812772810459137.
[I 2024-12-15 23:08:50,846] Trial 828 finished with value: 0.11924703419208527 and parameters: {'mlp_n_layers': 2, 'mlp_dim_00': 256, 'mlp_dim_01': 240, 'hidden_channels': 160, 'num_layers': 1, 'num_timesteps': 2, 'dropout': 0.1801376832929802, 'train_learning_rate': 0.003613720452031043, 'train_lr_reduce': 0.6}. Best is trial 130 with value: 0.0812772810459137.
[I 2024-12-15 23:08:53,237] Trial 827 finished with value: 0.12135545909404755 and parameters: {'mlp_n_layers': 2, 'mlp_dim_00': 256, 'mlp_dim_01': 144, 'hidden_channels': 160, 'num_layers': 1, 'num_timesteps': 4, 'dropout': 0.0665917645562239, 'train_learning_rate': 0.0008517506716852922, 'train_lr_reduce': 0.6}. Best is trial 130 with value: 0.0812772810459137.
[I 2024-12-15 23:08:57,297] Trial 829 finished with value: 0.1203766018152237 and parameters: {'mlp_n_layers': 3, 'mlp_dim_00': 240, 'mlp_dim_01': 208, 'mlp_dim_02': 160, 'hidden_channels': 80, 'num_layers': 2, 'num_timesteps': 3, 'dropout': 0.18397558820693607, 'train_learning_rate': 0.007012653175067972, 'train_lr_reduce': 0.6}. Best is trial 130 with value: 0.0812772810459137.
[I 2024-12-15 23:09:05,261] Trial 830 finished with value: 0.10271508246660233 and parameters: {'mlp_n_layers': 2, 'mlp_dim_00': 240, 'mlp_dim_01': 176, 'hidden_channels': 32, 'num_layers': 4, 'num_timesteps': 3, 'dropout': 0.25663131025934655, 'train_learning_rate': 0.005867272656917597, 'train_lr_reduce': 0.6}. Best is trial 130 with value: 0.0812772810459137.
[I 2024-12-15 23:09:07,904] Trial 831 finished with value: 0.13073952496051788 and parameters: {'mlp_n_layers': 2, 'mlp_dim_00': 176, 'mlp_dim_01': 208, 'hidden_channels': 112, 'num_layers': 2, 'num_timesteps': 3, 'dropout': 0.22621220249072357, 'train_learning_rate': 0.0037216957956984907, 'train_lr_reduce': 0.6}. Best is trial 130 with value: 0.0812772810459137.
[I 2024-12-15 23:09:07,954] Trial 832 finished with value: 0.11734849959611893 and parameters: {'mlp_n_layers': 2, 'mlp_dim_00': 256, 'mlp_dim_01': 64, 'hidden_channels': 80, 'num_layers': 3, 'num_timesteps': 2, 'dropout': 0.29801639320618417, 'train_learning_rate': 0.0028563040919984467, 'train_lr_reduce': 0.6}. Best is trial 130 with value: 0.0812772810459137.
[I 2024-12-15 23:09:16,644] Trial 833 finished with value: 0.1273285448551178 and parameters: {'mlp_n_layers': 2, 'mlp_dim_00': 256, 'mlp_dim_01': 256, 'hidden_channels': 144, 'num_layers': 1, 'num_timesteps': 1, 'dropout': 0.19749925119625097, 'train_learning_rate': 0.009140112419245457, 'train_lr_reduce': 0.6}. Best is trial 130 with value: 0.0812772810459137.
[I 2024-12-15 23:09:18,734] Trial 835 finished with value: 0.1030002012848854 and parameters: {'mlp_n_layers': 2, 'mlp_dim_00': 240, 'mlp_dim_01': 160, 'hidden_channels': 144, 'num_layers': 1, 'num_timesteps': 2, 'dropout': 0.22927918153976293, 'train_learning_rate': 0.008621196409595982, 'train_lr_reduce': 0.6}. Best is trial 130 with value: 0.0812772810459137.
[I 2024-12-15 23:09:27,601] Trial 834 finished with value: 0.15508581697940826 and parameters: {'mlp_n_layers': 2, 'mlp_dim_00': 32, 'mlp_dim_01': 80, 'hidden_channels': 64, 'num_layers': 4, 'num_timesteps': 3, 'dropout': 0.1712300573843213, 'train_learning_rate': 0.0038102362509830714, 'train_lr_reduce': 0.6}. Best is trial 130 with value: 0.0812772810459137.
[I 2024-12-15 23:09:28,728] Trial 836 finished with value: 0.12019775807857513 and parameters: {'mlp_n_layers': 3, 'mlp_dim_00': 256, 'mlp_dim_01': 240, 'mlp_dim_02': 80, 'hidden_channels': 48, 'num_layers': 1, 'num_timesteps': 2, 'dropout': 0.23110709382474742, 'train_learning_rate': 0.007089066324701011, 'train_lr_reduce': 0.6}. Best is trial 130 with value: 0.0812772810459137.
[I 2024-12-15 23:09:30,314] Trial 837 finished with value: 0.0959789901971817 and parameters: {'mlp_n_layers': 3, 'mlp_dim_00': 224, 'mlp_dim_01': 80, 'mlp_dim_02': 192, 'hidden_channels': 32, 'num_layers': 1, 'num_timesteps': 4, 'dropout': 0.2331297816997224, 'train_learning_rate': 0.004245283852763185, 'train_lr_reduce': 0.6}. Best is trial 130 with value: 0.0812772810459137.
[I 2024-12-15 23:09:37,228] Trial 839 finished with value: 0.09656642377376556 and parameters: {'mlp_n_layers': 2, 'mlp_dim_00': 256, 'mlp_dim_01': 208, 'hidden_channels': 48, 'num_layers': 1, 'num_timesteps': 3, 'dropout': 0.28965119645460485, 'train_learning_rate': 0.0028172149602569067, 'train_lr_reduce': 0.6}. Best is trial 130 with value: 0.0812772810459137.
[I 2024-12-15 23:09:42,341] Trial 840 finished with value: 0.12008129805326462 and parameters: {'mlp_n_layers': 3, 'mlp_dim_00': 240, 'mlp_dim_01': 208, 'mlp_dim_02': 208, 'hidden_channels': 48, 'num_layers': 2, 'num_timesteps': 1, 'dropout': 0.289854080977316, 'train_learning_rate': 0.008498611090848854, 'train_lr_reduce': 0.6}. Best is trial 130 with value: 0.0812772810459137.
[I 2024-12-15 23:09:50,680] Trial 841 finished with value: 0.18411216139793396 and parameters: {'mlp_n_layers': 3, 'mlp_dim_00': 32, 'mlp_dim_01': 48, 'mlp_dim_02': 160, 'hidden_channels': 208, 'num_layers': 2, 'num_timesteps': 4, 'dropout': 0.16109762882075856, 'train_learning_rate': 0.0023852352561624496, 'train_lr_reduce': 0.6}. Best is trial 130 with value: 0.0812772810459137.
[I 2024-12-15 23:09:52,877] Trial 838 finished with value: 0.11958420276641846 and parameters: {'mlp_n_layers': 4, 'mlp_dim_00': 96, 'mlp_dim_01': 64, 'mlp_dim_02': 144, 'mlp_dim_03': 208, 'hidden_channels': 32, 'num_layers': 4, 'num_timesteps': 3, 'dropout': 0.12235593940901152, 'train_learning_rate': 0.0009525098645367295, 'train_lr_reduce': 0.6}. Best is trial 130 with value: 0.0812772810459137.
[I 2024-12-15 23:09:54,549] Trial 842 finished with value: 0.12138716131448746 and parameters: {'mlp_n_layers': 2, 'mlp_dim_00': 224, 'mlp_dim_01': 192, 'hidden_channels': 48, 'num_layers': 2, 'num_timesteps': 3, 'dropout': 0.1982709469864773, 'train_learning_rate': 0.00410476883765887, 'train_lr_reduce': 0.6}. Best is trial 130 with value: 0.0812772810459137.
[I 2024-12-15 23:10:01,878] Trial 843 finished with value: 0.4307246804237366 and parameters: {'mlp_n_layers': 4, 'mlp_dim_00': 80, 'mlp_dim_01': 160, 'mlp_dim_02': 112, 'mlp_dim_03': 176, 'hidden_channels': 208, 'num_layers': 4, 'num_timesteps': 4, 'dropout': 0.26823015149398616, 'train_learning_rate': 0.00886884919223607, 'train_lr_reduce': 0.6}. Best is trial 130 with value: 0.0812772810459137.
[I 2024-12-15 23:10:03,205] Trial 844 finished with value: 0.10426060110330582 and parameters: {'mlp_n_layers': 2, 'mlp_dim_00': 144, 'mlp_dim_01': 176, 'hidden_channels': 64, 'num_layers': 1, 'num_timesteps': 2, 'dropout': 0.28518220044186665, 'train_learning_rate': 0.0042925500005129985, 'train_lr_reduce': 0.6}. Best is trial 130 with value: 0.0812772810459137.
[I 2024-12-15 23:10:06,409] Trial 845 finished with value: 0.10763095319271088 and parameters: {'mlp_n_layers': 2, 'mlp_dim_00': 32, 'mlp_dim_01': 224, 'hidden_channels': 32, 'num_layers': 2, 'num_timesteps': 4, 'dropout': 0.13865857423466793, 'train_learning_rate': 0.009985235258297113, 'train_lr_reduce': 0.6}. Best is trial 130 with value: 0.0812772810459137.
[I 2024-12-15 23:10:13,463] Trial 846 finished with value: 0.11230620741844177 and parameters: {'mlp_n_layers': 2, 'mlp_dim_00': 144, 'mlp_dim_01': 160, 'hidden_channels': 32, 'num_layers': 2, 'num_timesteps': 4, 'dropout': 0.24597479670488157, 'train_learning_rate': 0.004369464529274181, 'train_lr_reduce': 0.6}. Best is trial 130 with value: 0.0812772810459137.
[I 2024-12-15 23:10:19,517] Trial 847 finished with value: 0.10041533410549164 and parameters: {'mlp_n_layers': 2, 'mlp_dim_00': 192, 'mlp_dim_01': 48, 'hidden_channels': 48, 'num_layers': 3, 'num_timesteps': 3, 'dropout': 0.2901592362069996, 'train_learning_rate': 0.006376459935457237, 'train_lr_reduce': 0.6}. Best is trial 130 with value: 0.0812772810459137.
[I 2024-12-15 23:10:24,055] Trial 848 finished with value: 0.12334110587835312 and parameters: {'mlp_n_layers': 3, 'mlp_dim_00': 224, 'mlp_dim_01': 144, 'mlp_dim_02': 240, 'hidden_channels': 48, 'num_layers': 2, 'num_timesteps': 3, 'dropout': 0.19305501585700008, 'train_learning_rate': 0.009183809385886121, 'train_lr_reduce': 0.6}. Best is trial 130 with value: 0.0812772810459137.
[I 2024-12-15 23:10:43,107] Trial 849 finished with value: 0.5530687570571899 and parameters: {'mlp_n_layers': 4, 'mlp_dim_00': 32, 'mlp_dim_01': 176, 'mlp_dim_02': 64, 'mlp_dim_03': 224, 'hidden_channels': 240, 'num_layers': 3, 'num_timesteps': 2, 'dropout': 0.17287531518990965, 'train_learning_rate': 0.009102346627622432, 'train_lr_reduce': 0.6}. Best is trial 130 with value: 0.0812772810459137.
[I 2024-12-15 23:10:44,081] Trial 850 finished with value: 0.12270696461200714 and parameters: {'mlp_n_layers': 2, 'mlp_dim_00': 224, 'mlp_dim_01': 176, 'hidden_channels': 128, 'num_layers': 1, 'num_timesteps': 3, 'dropout': 0.20913730481593684, 'train_learning_rate': 0.0005095507254575808, 'train_lr_reduce': 0.6}. Best is trial 130 with value: 0.0812772810459137.
[I 2024-12-15 23:10:48,923] Trial 851 finished with value: 0.16590440273284912 and parameters: {'mlp_n_layers': 3, 'mlp_dim_00': 80, 'mlp_dim_01': 96, 'mlp_dim_02': 144, 'hidden_channels': 240, 'num_layers': 2, 'num_timesteps': 4, 'dropout': 0.28685624832174694, 'train_learning_rate': 0.00028459842619365757, 'train_lr_reduce': 0.6}. Best is trial 130 with value: 0.0812772810459137.
[I 2024-12-15 23:11:03,483] Trial 852 finished with value: 0.10475713759660721 and parameters: {'mlp_n_layers': 3, 'mlp_dim_00': 224, 'mlp_dim_01': 192, 'mlp_dim_02': 192, 'hidden_channels': 48, 'num_layers': 4, 'num_timesteps': 3, 'dropout': 0.16478514333349467, 'train_learning_rate': 0.0035307204401941877, 'train_lr_reduce': 0.6}. Best is trial 130 with value: 0.0812772810459137.
[I 2024-12-15 23:11:05,805] Trial 853 finished with value: 0.12840262055397034 and parameters: {'mlp_n_layers': 4, 'mlp_dim_00': 64, 'mlp_dim_01': 208, 'mlp_dim_02': 176, 'mlp_dim_03': 160, 'hidden_channels': 144, 'num_layers': 2, 'num_timesteps': 1, 'dropout': 0.0061304693639350205, 'train_learning_rate': 0.0002828429330536951, 'train_lr_reduce': 0.6}. Best is trial 130 with value: 0.0812772810459137.
[I 2024-12-15 23:11:06,158] Trial 854 finished with value: 0.10630147904157639 and parameters: {'mlp_n_layers': 3, 'mlp_dim_00': 224, 'mlp_dim_01': 48, 'mlp_dim_02': 96, 'hidden_channels': 80, 'num_layers': 3, 'num_timesteps': 4, 'dropout': 0.01613059067729094, 'train_learning_rate': 0.007131762445933407, 'train_lr_reduce': 0.6}. Best is trial 130 with value: 0.0812772810459137.
[I 2024-12-15 23:11:16,684] Trial 855 finished with value: 0.11468230932950974 and parameters: {'mlp_n_layers': 2, 'mlp_dim_00': 240, 'mlp_dim_01': 176, 'hidden_channels': 80, 'num_layers': 1, 'num_timesteps': 2, 'dropout': 0.27756777296120705, 'train_learning_rate': 0.006304900845174356, 'train_lr_reduce': 0.6}. Best is trial 130 with value: 0.0812772810459137.
[I 2024-12-15 23:11:17,194] Trial 857 finished with value: 0.10403187572956085 and parameters: {'mlp_n_layers': 2, 'mlp_dim_00': 256, 'mlp_dim_01': 224, 'hidden_channels': 64, 'num_layers': 2, 'num_timesteps': 2, 'dropout': 0.2920071784122519, 'train_learning_rate': 0.009323138758011088, 'train_lr_reduce': 0.6}. Best is trial 130 with value: 0.0812772810459137.
[I 2024-12-15 23:11:28,406] Trial 856 finished with value: 0.1475917249917984 and parameters: {'mlp_n_layers': 2, 'mlp_dim_00': 48, 'mlp_dim_01': 32, 'hidden_channels': 144, 'num_layers': 1, 'num_timesteps': 2, 'dropout': 0.015995614234991212, 'train_learning_rate': 0.00024663133925437907, 'train_lr_reduce': 0.6}. Best is trial 130 with value: 0.0812772810459137.
[I 2024-12-15 23:11:35,898] Trial 859 finished with value: 0.1035132110118866 and parameters: {'mlp_n_layers': 2, 'mlp_dim_00': 256, 'mlp_dim_01': 96, 'hidden_channels': 176, 'num_layers': 3, 'num_timesteps': 1, 'dropout': 0.1996656503884383, 'train_learning_rate': 0.0096329675706641, 'train_lr_reduce': 0.6}. Best is trial 130 with value: 0.0812772810459137.
[I 2024-12-15 23:11:36,702] Trial 858 finished with value: 0.1018434390425682 and parameters: {'mlp_n_layers': 3, 'mlp_dim_00': 240, 'mlp_dim_01': 176, 'mlp_dim_02': 144, 'hidden_channels': 64, 'num_layers': 1, 'num_timesteps': 2, 'dropout': 0.29784347449910653, 'train_learning_rate': 0.00699358232796088, 'train_lr_reduce': 0.6}. Best is trial 130 with value: 0.0812772810459137.
[I 2024-12-15 23:11:44,203] Trial 860 finished with value: 0.1786741465330124 and parameters: {'mlp_n_layers': 2, 'mlp_dim_00': 240, 'mlp_dim_01': 64, 'hidden_channels': 112, 'num_layers': 4, 'num_timesteps': 4, 'dropout': 0.29979003749877897, 'train_learning_rate': 0.008959585682660283, 'train_lr_reduce': 0.6}. Best is trial 130 with value: 0.0812772810459137.
[I 2024-12-15 23:11:49,710] Trial 861 finished with value: 0.12189118564128876 and parameters: {'mlp_n_layers': 3, 'mlp_dim_00': 240, 'mlp_dim_01': 176, 'mlp_dim_02': 112, 'hidden_channels': 32, 'num_layers': 1, 'num_timesteps': 3, 'dropout': 0.21505187318636945, 'train_learning_rate': 0.008592363917893052, 'train_lr_reduce': 0.6}. Best is trial 130 with value: 0.0812772810459137.
[I 2024-12-15 23:11:51,570] Trial 862 finished with value: 0.12075350433588028 and parameters: {'mlp_n_layers': 2, 'mlp_dim_00': 256, 'mlp_dim_01': 160, 'hidden_channels': 32, 'num_layers': 3, 'num_timesteps': 3, 'dropout': 0.21590746121659168, 'train_learning_rate': 0.005795390889674427, 'train_lr_reduce': 0.6}. Best is trial 130 with value: 0.0812772810459137.
[I 2024-12-15 23:11:53,477] Trial 863 finished with value: 0.1012784019112587 and parameters: {'mlp_n_layers': 2, 'mlp_dim_00': 208, 'mlp_dim_01': 48, 'hidden_channels': 32, 'num_layers': 1, 'num_timesteps': 4, 'dropout': 0.19286272678577654, 'train_learning_rate': 0.00841822599071321, 'train_lr_reduce': 0.6}. Best is trial 130 with value: 0.0812772810459137.
[I 2024-12-15 23:12:01,244] Trial 864 finished with value: 0.13252036273479462 and parameters: {'mlp_n_layers': 2, 'mlp_dim_00': 176, 'mlp_dim_01': 160, 'hidden_channels': 80, 'num_layers': 2, 'num_timesteps': 1, 'dropout': 0.29722463111106334, 'train_learning_rate': 0.009204156769829877, 'train_lr_reduce': 0.6}. Best is trial 130 with value: 0.0812772810459137.
[I 2024-12-15 23:12:01,664] Trial 865 finished with value: 0.11915330588817596 and parameters: {'mlp_n_layers': 2, 'mlp_dim_00': 224, 'mlp_dim_01': 160, 'hidden_channels': 96, 'num_layers': 2, 'num_timesteps': 1, 'dropout': 0.24573665165819747, 'train_learning_rate': 0.002804267269872258, 'train_lr_reduce': 0.6}. Best is trial 130 with value: 0.0812772810459137.
[I 2024-12-15 23:12:11,909] Trial 868 finished with value: 0.09334742277860641 and parameters: {'mlp_n_layers': 2, 'mlp_dim_00': 96, 'mlp_dim_01': 176, 'hidden_channels': 32, 'num_layers': 1, 'num_timesteps': 4, 'dropout': 0.1897927695561225, 'train_learning_rate': 0.004564082892511616, 'train_lr_reduce': 0.6}. Best is trial 130 with value: 0.0812772810459137.
[I 2024-12-15 23:12:14,611] Trial 866 finished with value: 0.1384211778640747 and parameters: {'mlp_n_layers': 2, 'mlp_dim_00': 256, 'mlp_dim_01': 48, 'hidden_channels': 64, 'num_layers': 1, 'num_timesteps': 1, 'dropout': 0.008063278175684196, 'train_learning_rate': 0.0002680091859381359, 'train_lr_reduce': 0.6}. Best is trial 130 with value: 0.0812772810459137.
[I 2024-12-15 23:12:18,377] Trial 867 finished with value: 0.14403316378593445 and parameters: {'mlp_n_layers': 2, 'mlp_dim_00': 256, 'mlp_dim_01': 240, 'hidden_channels': 64, 'num_layers': 4, 'num_timesteps': 3, 'dropout': 0.2081080437228853, 'train_learning_rate': 0.0022137766885759707, 'train_lr_reduce': 0.6}. Best is trial 130 with value: 0.0812772810459137.
[I 2024-12-15 23:12:29,580] Trial 870 finished with value: 0.10517429560422897 and parameters: {'mlp_n_layers': 2, 'mlp_dim_00': 48, 'mlp_dim_01': 208, 'hidden_channels': 32, 'num_layers': 3, 'num_timesteps': 4, 'dropout': 0.056152016889866485, 'train_learning_rate': 0.004129374183714382, 'train_lr_reduce': 0.6}. Best is trial 130 with value: 0.0812772810459137.
[I 2024-12-15 23:12:31,328] Trial 869 finished with value: 0.10531699657440186 and parameters: {'mlp_n_layers': 3, 'mlp_dim_00': 256, 'mlp_dim_01': 224, 'mlp_dim_02': 208, 'hidden_channels': 32, 'num_layers': 1, 'num_timesteps': 2, 'dropout': 0.2926750859697762, 'train_learning_rate': 0.007725020180887557, 'train_lr_reduce': 0.6}. Best is trial 130 with value: 0.0812772810459137.
[I 2024-12-15 23:12:41,583] Trial 871 finished with value: 0.11892376840114594 and parameters: {'mlp_n_layers': 2, 'mlp_dim_00': 256, 'mlp_dim_01': 80, 'hidden_channels': 32, 'num_layers': 1, 'num_timesteps': 4, 'dropout': 0.2879185740846977, 'train_learning_rate': 0.0006650108572852743, 'train_lr_reduce': 0.6}. Best is trial 130 with value: 0.0812772810459137.
[I 2024-12-15 23:12:43,125] Trial 872 finished with value: 0.1152576208114624 and parameters: {'mlp_n_layers': 3, 'mlp_dim_00': 32, 'mlp_dim_01': 224, 'mlp_dim_02': 144, 'hidden_channels': 112, 'num_layers': 3, 'num_timesteps': 3, 'dropout': 0.10163262429890527, 'train_learning_rate': 0.005101913480955681, 'train_lr_reduce': 0.6}. Best is trial 130 with value: 0.0812772810459137.
