[I 2024-12-26 15:03:51,809] Trial 1917 finished with value: 0.012613419443368912 and parameters: {'L1_hidden_dim': 208, 'L1_layers_atom': 1, 'L1_layers_mol': 2, 'L1_dropout': 0.11805724359317431, 'L1_out_dim': 32, 'L2_hidden_dim': 96, 'L2_layers_atom': 2, 'L2_layers_mol': 1, 'L2_out_dim': 80, 'L2_dropout': 0.0022707945705351465, 'L3_hidden_dim': 128, 'L3_layers_atom': 3, 'L3_layers_mol': 3, 'L3_out_dim': 112, 'L3_dropout': 0.18948597811211718, 'n_mlp_layers': 1, 'mlp_dim_0': 376, 'num_heads': 2, 'final_dropout': 0.268442473672076, 'train_learning_rate': 0.0008526647584074324, 'train_lr_reduce': 0.6}. Best is trial 1073 with value: 0.009419886395335197.
[I 2024-12-26 15:04:41,950] Trial 1918 finished with value: 0.03151543065905571 and parameters: {'L1_hidden_dim': 224, 'L1_layers_atom': 3, 'L1_layers_mol': 2, 'L1_dropout': 0.22420362045958458, 'L1_out_dim': 32, 'L2_hidden_dim': 208, 'L2_layers_atom': 1, 'L2_layers_mol': 1, 'L2_out_dim': 32, 'L2_dropout': 0.09739296344450091, 'L3_hidden_dim': 80, 'L3_layers_atom': 2, 'L3_layers_mol': 1, 'L3_out_dim': 80, 'L3_dropout': 0.29724269719754437, 'n_mlp_layers': 3, 'mlp_dim_0': 256, 'mlp_dim_1': 192, 'mlp_dim_2': 432, 'num_heads': 1, 'final_dropout': 0.13850828062265705, 'train_learning_rate': 0.00010445333843925588, 'train_lr_reduce': 0.6}. Best is trial 1073 with value: 0.009419886395335197.
[I 2024-12-26 15:04:56,506] Trial 1916 finished with value: 0.07657574862241745 and parameters: {'L1_hidden_dim': 96, 'L1_layers_atom': 4, 'L1_layers_mol': 2, 'L1_dropout': 0.25463857420801383, 'L1_out_dim': 112, 'L2_hidden_dim': 80, 'L2_layers_atom': 3, 'L2_layers_mol': 4, 'L2_out_dim': 128, 'L2_dropout': 0.2759605520521642, 'L3_hidden_dim': 32, 'L3_layers_atom': 3, 'L3_layers_mol': 2, 'L3_out_dim': 48, 'L3_dropout': 0.13833841273917794, 'n_mlp_layers': 2, 'mlp_dim_0': 168, 'mlp_dim_1': 240, 'num_heads': 2, 'final_dropout': 0.2128027671655962, 'train_learning_rate': 0.001651429886155594, 'train_lr_reduce': 0.6}. Best is trial 1073 with value: 0.009419886395335197.
[I 2024-12-26 15:06:15,514] Trial 1919 finished with value: 0.011564849875867367 and parameters: {'L1_hidden_dim': 240, 'L1_layers_atom': 1, 'L1_layers_mol': 1, 'L1_dropout': 0.04697172566076212, 'L1_out_dim': 96, 'L2_hidden_dim': 192, 'L2_layers_atom': 1, 'L2_layers_mol': 4, 'L2_out_dim': 96, 'L2_dropout': 0.022903100351224673, 'L3_hidden_dim': 80, 'L3_layers_atom': 4, 'L3_layers_mol': 1, 'L3_out_dim': 80, 'L3_dropout': 0.030914397044487157, 'n_mlp_layers': 3, 'mlp_dim_0': 176, 'mlp_dim_1': 344, 'mlp_dim_2': 64, 'num_heads': 2, 'final_dropout': 0.09099717093443234, 'train_learning_rate': 0.0005349442691056835, 'train_lr_reduce': 0.6}. Best is trial 1073 with value: 0.009419886395335197.
[I 2024-12-26 15:07:12,080] Trial 1920 finished with value: 0.011918474920094013 and parameters: {'L1_hidden_dim': 80, 'L1_layers_atom': 3, 'L1_layers_mol': 2, 'L1_dropout': 0.00030200186073456575, 'L1_out_dim': 32, 'L2_hidden_dim': 208, 'L2_layers_atom': 1, 'L2_layers_mol': 3, 'L2_out_dim': 112, 'L2_dropout': 0.0662250167984155, 'L3_hidden_dim': 96, 'L3_layers_atom': 2, 'L3_layers_mol': 3, 'L3_out_dim': 128, 'L3_dropout': 0.0376463338599792, 'n_mlp_layers': 3, 'mlp_dim_0': 216, 'mlp_dim_1': 296, 'mlp_dim_2': 480, 'num_heads': 2, 'final_dropout': 0.11080069724164576, 'train_learning_rate': 0.0006278342973078107, 'train_lr_reduce': 0.6}. Best is trial 1073 with value: 0.009419886395335197.
[I 2024-12-26 15:08:18,621] Trial 1922 finished with value: 0.01094737183302641 and parameters: {'L1_hidden_dim': 144, 'L1_layers_atom': 2, 'L1_layers_mol': 2, 'L1_dropout': 0.046848067789197104, 'L1_out_dim': 64, 'L2_hidden_dim': 192, 'L2_layers_atom': 1, 'L2_layers_mol': 1, 'L2_out_dim': 128, 'L2_dropout': 0.013567636762201421, 'L3_hidden_dim': 96, 'L3_layers_atom': 4, 'L3_layers_mol': 2, 'L3_out_dim': 96, 'L3_dropout': 0.08555598793577489, 'n_mlp_layers': 3, 'mlp_dim_0': 144, 'mlp_dim_1': 512, 'mlp_dim_2': 392, 'num_heads': 2, 'final_dropout': 0.012655754426014715, 'train_learning_rate': 0.00027116249045316796, 'train_lr_reduce': 0.6}. Best is trial 1073 with value: 0.009419886395335197.
[I 2024-12-26 15:08:49,254] Trial 1921 finished with value: 0.01735600456595421 and parameters: {'L1_hidden_dim': 192, 'L1_layers_atom': 3, 'L1_layers_mol': 4, 'L1_dropout': 0.07152236406989823, 'L1_out_dim': 64, 'L2_hidden_dim': 240, 'L2_layers_atom': 1, 'L2_layers_mol': 3, 'L2_out_dim': 64, 'L2_dropout': 0.07763226727538418, 'L3_hidden_dim': 80, 'L3_layers_atom': 3, 'L3_layers_mol': 2, 'L3_out_dim': 80, 'L3_dropout': 0.17256429131304651, 'n_mlp_layers': 2, 'mlp_dim_0': 216, 'mlp_dim_1': 256, 'num_heads': 2, 'final_dropout': 0.1659527093770318, 'train_learning_rate': 0.002140715998752596, 'train_lr_reduce': 0.6}. Best is trial 1073 with value: 0.009419886395335197.
[I 2024-12-26 15:09:23,071] Trial 1923 finished with value: 0.03159363940358162 and parameters: {'L1_hidden_dim': 160, 'L1_layers_atom': 2, 'L1_layers_mol': 2, 'L1_dropout': 0.22016619035796509, 'L1_out_dim': 96, 'L2_hidden_dim': 160, 'L2_layers_atom': 4, 'L2_layers_mol': 1, 'L2_out_dim': 48, 'L2_dropout': 0.15427466523142921, 'L3_hidden_dim': 128, 'L3_layers_atom': 4, 'L3_layers_mol': 3, 'L3_out_dim': 128, 'L3_dropout': 0.007714580230559598, 'n_mlp_layers': 3, 'mlp_dim_0': 512, 'mlp_dim_1': 344, 'mlp_dim_2': 448, 'num_heads': 1, 'final_dropout': 0.1873396876438224, 'train_learning_rate': 0.0033841190559313747, 'train_lr_reduce': 0.6}. Best is trial 1073 with value: 0.009419886395335197.
[I 2024-12-26 15:10:17,145] Trial 1924 finished with value: 0.011960352770984173 and parameters: {'L1_hidden_dim': 144, 'L1_layers_atom': 3, 'L1_layers_mol': 3, 'L1_dropout': 0.03223112983154182, 'L1_out_dim': 32, 'L2_hidden_dim': 208, 'L2_layers_atom': 2, 'L2_layers_mol': 4, 'L2_out_dim': 80, 'L2_dropout': 0.03319474061371232, 'L3_hidden_dim': 80, 'L3_layers_atom': 4, 'L3_layers_mol': 1, 'L3_out_dim': 96, 'L3_dropout': 0.06773150792724665, 'n_mlp_layers': 3, 'mlp_dim_0': 248, 'mlp_dim_1': 216, 'mlp_dim_2': 512, 'num_heads': 1, 'final_dropout': 0.09189076967175175, 'train_learning_rate': 0.0012285019429537438, 'train_lr_reduce': 0.6}. Best is trial 1073 with value: 0.009419886395335197.
[I 2024-12-26 15:11:09,864] Trial 1926 finished with value: 0.02091294340789318 and parameters: {'L1_hidden_dim': 224, 'L1_layers_atom': 3, 'L1_layers_mol': 3, 'L1_dropout': 0.23854678450960898, 'L1_out_dim': 128, 'L2_hidden_dim': 112, 'L2_layers_atom': 4, 'L2_layers_mol': 1, 'L2_out_dim': 32, 'L2_dropout': 0.08375037535866237, 'L3_hidden_dim': 64, 'L3_layers_atom': 1, 'L3_layers_mol': 1, 'L3_out_dim': 80, 'L3_dropout': 0.24977098506623338, 'n_mlp_layers': 3, 'mlp_dim_0': 40, 'mlp_dim_1': 144, 'mlp_dim_2': 352, 'num_heads': 2, 'final_dropout': 0.2939912223910387, 'train_learning_rate': 0.00213330344410591, 'train_lr_reduce': 0.6}. Best is trial 1073 with value: 0.009419886395335197.
[I 2024-12-26 15:12:17,225] Trial 1925 finished with value: 0.018222348764538765 and parameters: {'L1_hidden_dim': 96, 'L1_layers_atom': 4, 'L1_layers_mol': 3, 'L1_dropout': 0.03360390142112276, 'L1_out_dim': 96, 'L2_hidden_dim': 192, 'L2_layers_atom': 1, 'L2_layers_mol': 4, 'L2_out_dim': 128, 'L2_dropout': 0.05044660747353096, 'L3_hidden_dim': 64, 'L3_layers_atom': 4, 'L3_layers_mol': 1, 'L3_out_dim': 128, 'L3_dropout': 0.02411836228302892, 'n_mlp_layers': 3, 'mlp_dim_0': 464, 'mlp_dim_1': 296, 'mlp_dim_2': 120, 'num_heads': 2, 'final_dropout': 0.1771678972935726, 'train_learning_rate': 0.0016562263071995397, 'train_lr_reduce': 0.6}. Best is trial 1073 with value: 0.009419886395335197.
[I 2024-12-26 15:12:43,659] Trial 1927 finished with value: 0.017218556255102158 and parameters: {'L1_hidden_dim': 240, 'L1_layers_atom': 1, 'L1_layers_mol': 2, 'L1_dropout': 0.1520693444438465, 'L1_out_dim': 48, 'L2_hidden_dim': 80, 'L2_layers_atom': 1, 'L2_layers_mol': 2, 'L2_out_dim': 48, 'L2_dropout': 0.011213702952387982, 'L3_hidden_dim': 112, 'L3_layers_atom': 3, 'L3_layers_mol': 4, 'L3_out_dim': 96, 'L3_dropout': 0.18416450365170997, 'n_mlp_layers': 1, 'mlp_dim_0': 408, 'num_heads': 2, 'final_dropout': 0.21044155324529085, 'train_learning_rate': 0.00019780915347764763, 'train_lr_reduce': 0.6}. Best is trial 1073 with value: 0.009419886395335197.
[I 2024-12-26 15:13:20,699] Trial 1928 finished with value: 0.030903227627277374 and parameters: {'L1_hidden_dim': 96, 'L1_layers_atom': 4, 'L1_layers_mol': 1, 'L1_dropout': 0.22117211384023377, 'L1_out_dim': 112, 'L2_hidden_dim': 80, 'L2_layers_atom': 3, 'L2_layers_mol': 2, 'L2_out_dim': 128, 'L2_dropout': 0.09095611297219505, 'L3_hidden_dim': 96, 'L3_layers_atom': 4, 'L3_layers_mol': 2, 'L3_out_dim': 96, 'L3_dropout': 0.2782616586512652, 'n_mlp_layers': 3, 'mlp_dim_0': 400, 'mlp_dim_1': 248, 'mlp_dim_2': 64, 'num_heads': 1, 'final_dropout': 0.20081739786555877, 'train_learning_rate': 0.005501677675799009, 'train_lr_reduce': 0.6}. Best is trial 1073 with value: 0.009419886395335197.
[I 2024-12-26 15:15:25,826] Trial 1930 finished with value: 0.019172046333551407 and parameters: {'L1_hidden_dim': 208, 'L1_layers_atom': 3, 'L1_layers_mol': 4, 'L1_dropout': 0.2289554018490073, 'L1_out_dim': 32, 'L2_hidden_dim': 112, 'L2_layers_atom': 1, 'L2_layers_mol': 2, 'L2_out_dim': 112, 'L2_dropout': 0.07109241550521588, 'L3_hidden_dim': 112, 'L3_layers_atom': 4, 'L3_layers_mol': 4, 'L3_out_dim': 128, 'L3_dropout': 0.28307676208335175, 'n_mlp_layers': 3, 'mlp_dim_0': 360, 'mlp_dim_1': 288, 'mlp_dim_2': 408, 'num_heads': 2, 'final_dropout': 0.02087854087849017, 'train_learning_rate': 0.0015135484855688382, 'train_lr_reduce': 0.6}. Best is trial 1073 with value: 0.009419886395335197.
[I 2024-12-26 15:15:34,609] Trial 1929 finished with value: 0.021656982600688934 and parameters: {'L1_hidden_dim': 160, 'L1_layers_atom': 2, 'L1_layers_mol': 1, 'L1_dropout': 0.004988639931986588, 'L1_out_dim': 112, 'L2_hidden_dim': 160, 'L2_layers_atom': 2, 'L2_layers_mol': 4, 'L2_out_dim': 96, 'L2_dropout': 0.06953593112358117, 'L3_hidden_dim': 80, 'L3_layers_atom': 4, 'L3_layers_mol': 2, 'L3_out_dim': 96, 'L3_dropout': 0.13775252074476735, 'n_mlp_layers': 2, 'mlp_dim_0': 512, 'mlp_dim_1': 352, 'num_heads': 1, 'final_dropout': 0.05104384117973303, 'train_learning_rate': 0.00025946115449928213, 'train_lr_reduce': 0.6}. Best is trial 1073 with value: 0.009419886395335197.
[I 2024-12-26 15:15:57,899] Trial 1931 finished with value: 0.011946208775043488 and parameters: {'L1_hidden_dim': 144, 'L1_layers_atom': 4, 'L1_layers_mol': 2, 'L1_dropout': 0.0093633966293639, 'L1_out_dim': 64, 'L2_hidden_dim': 224, 'L2_layers_atom': 1, 'L2_layers_mol': 4, 'L2_out_dim': 112, 'L2_dropout': 0.08371044107390184, 'L3_hidden_dim': 96, 'L3_layers_atom': 4, 'L3_layers_mol': 1, 'L3_out_dim': 112, 'L3_dropout': 0.0292639299440048, 'n_mlp_layers': 3, 'mlp_dim_0': 456, 'mlp_dim_1': 184, 'mlp_dim_2': 480, 'num_heads': 2, 'final_dropout': 0.08084745388082691, 'train_learning_rate': 0.0012349258001922078, 'train_lr_reduce': 0.6}. Best is trial 1073 with value: 0.009419886395335197.
[I 2024-12-26 15:17:48,836] Trial 1932 finished with value: 0.00994044728577137 and parameters: {'L1_hidden_dim': 112, 'L1_layers_atom': 1, 'L1_layers_mol': 2, 'L1_dropout': 0.11763175447835297, 'L1_out_dim': 80, 'L2_hidden_dim': 208, 'L2_layers_atom': 1, 'L2_layers_mol': 4, 'L2_out_dim': 96, 'L2_dropout': 0.012597396090508826, 'L3_hidden_dim': 64, 'L3_layers_atom': 4, 'L3_layers_mol': 1, 'L3_out_dim': 128, 'L3_dropout': 0.07336205367740557, 'n_mlp_layers': 3, 'mlp_dim_0': 432, 'mlp_dim_1': 256, 'mlp_dim_2': 440, 'num_heads': 2, 'final_dropout': 0.11485112447627169, 'train_learning_rate': 0.0005284389981067668, 'train_lr_reduce': 0.6}. Best is trial 1073 with value: 0.009419886395335197.
[I 2024-12-26 15:17:59,424] Trial 1933 finished with value: 0.011424335651099682 and parameters: {'L1_hidden_dim': 128, 'L1_layers_atom': 4, 'L1_layers_mol': 3, 'L1_dropout': 0.025585375933872286, 'L1_out_dim': 32, 'L2_hidden_dim': 112, 'L2_layers_atom': 2, 'L2_layers_mol': 1, 'L2_out_dim': 128, 'L2_dropout': 0.10009891437880869, 'L3_hidden_dim': 96, 'L3_layers_atom': 3, 'L3_layers_mol': 1, 'L3_out_dim': 96, 'L3_dropout': 0.032092369790784184, 'n_mlp_layers': 3, 'mlp_dim_0': 504, 'mlp_dim_1': 488, 'mlp_dim_2': 64, 'num_heads': 2, 'final_dropout': 0.11364505267676642, 'train_learning_rate': 0.0005410110564366653, 'train_lr_reduce': 0.6}. Best is trial 1073 with value: 0.009419886395335197.
[I 2024-12-26 15:18:33,515] Trial 1934 finished with value: 0.012916317209601402 and parameters: {'L1_hidden_dim': 112, 'L1_layers_atom': 2, 'L1_layers_mol': 1, 'L1_dropout': 0.1195179682491368, 'L1_out_dim': 80, 'L2_hidden_dim': 208, 'L2_layers_atom': 1, 'L2_layers_mol': 4, 'L2_out_dim': 128, 'L2_dropout': 0.09076760810629184, 'L3_hidden_dim': 80, 'L3_layers_atom': 2, 'L3_layers_mol': 1, 'L3_out_dim': 128, 'L3_dropout': 0.10005428358331744, 'n_mlp_layers': 3, 'mlp_dim_0': 464, 'mlp_dim_1': 304, 'mlp_dim_2': 400, 'num_heads': 2, 'final_dropout': 0.0905819429568456, 'train_learning_rate': 0.0003620591213684284, 'train_lr_reduce': 0.6}. Best is trial 1073 with value: 0.009419886395335197.
[I 2024-12-26 15:19:47,087] Trial 1935 finished with value: 0.01263635978102684 and parameters: {'L1_hidden_dim': 208, 'L1_layers_atom': 4, 'L1_layers_mol': 1, 'L1_dropout': 0.025002186334051484, 'L1_out_dim': 32, 'L2_hidden_dim': 240, 'L2_layers_atom': 1, 'L2_layers_mol': 2, 'L2_out_dim': 128, 'L2_dropout': 0.01156985461033357, 'L3_hidden_dim': 32, 'L3_layers_atom': 4, 'L3_layers_mol': 1, 'L3_out_dim': 96, 'L3_dropout': 0.014968312426022742, 'n_mlp_layers': 2, 'mlp_dim_0': 288, 'mlp_dim_1': 280, 'num_heads': 1, 'final_dropout': 0.20387229718267097, 'train_learning_rate': 0.0009536034443298007, 'train_lr_reduce': 0.6}. Best is trial 1073 with value: 0.009419886395335197.
[I 2024-12-26 15:20:57,802] Trial 1936 finished with value: 0.011022410355508327 and parameters: {'L1_hidden_dim': 176, 'L1_layers_atom': 4, 'L1_layers_mol': 1, 'L1_dropout': 0.029698736956732044, 'L1_out_dim': 80, 'L2_hidden_dim': 256, 'L2_layers_atom': 1, 'L2_layers_mol': 2, 'L2_out_dim': 48, 'L2_dropout': 0.07433029169453229, 'L3_hidden_dim': 80, 'L3_layers_atom': 1, 'L3_layers_mol': 1, 'L3_out_dim': 80, 'L3_dropout': 0.26864683840434017, 'n_mlp_layers': 3, 'mlp_dim_0': 488, 'mlp_dim_1': 280, 'mlp_dim_2': 480, 'num_heads': 2, 'final_dropout': 0.28650647512730243, 'train_learning_rate': 0.0008460782728953193, 'train_lr_reduce': 0.6}. Best is trial 1073 with value: 0.009419886395335197.
[I 2024-12-26 15:21:17,456] Trial 1937 finished with value: 0.012744822539389133 and parameters: {'L1_hidden_dim': 96, 'L1_layers_atom': 1, 'L1_layers_mol': 1, 'L1_dropout': 0.13049264309834943, 'L1_out_dim': 32, 'L2_hidden_dim': 224, 'L2_layers_atom': 2, 'L2_layers_mol': 1, 'L2_out_dim': 96, 'L2_dropout': 0.018666812308589346, 'L3_hidden_dim': 112, 'L3_layers_atom': 4, 'L3_layers_mol': 1, 'L3_out_dim': 128, 'L3_dropout': 0.1899557097058488, 'n_mlp_layers': 3, 'mlp_dim_0': 328, 'mlp_dim_1': 312, 'mlp_dim_2': 128, 'num_heads': 2, 'final_dropout': 0.0011977076605563658, 'train_learning_rate': 0.0005091215297758343, 'train_lr_reduce': 0.6}. Best is trial 1073 with value: 0.009419886395335197.
[I 2024-12-26 15:22:33,058] Trial 1938 finished with value: 0.010281415656208992 and parameters: {'L1_hidden_dim': 112, 'L1_layers_atom': 1, 'L1_layers_mol': 2, 'L1_dropout': 0.09822278526306416, 'L1_out_dim': 64, 'L2_hidden_dim': 192, 'L2_layers_atom': 1, 'L2_layers_mol': 1, 'L2_out_dim': 128, 'L2_dropout': 0.024826778763269667, 'L3_hidden_dim': 80, 'L3_layers_atom': 2, 'L3_layers_mol': 1, 'L3_out_dim': 128, 'L3_dropout': 0.04682942723793106, 'n_mlp_layers': 3, 'mlp_dim_0': 376, 'mlp_dim_1': 264, 'mlp_dim_2': 440, 'num_heads': 2, 'final_dropout': 0.08590204290466157, 'train_learning_rate': 0.00022654959307247057, 'train_lr_reduce': 0.6}. Best is trial 1073 with value: 0.009419886395335197.
[I 2024-12-26 15:23:17,019] Trial 1939 finished with value: 0.02401428110897541 and parameters: {'L1_hidden_dim': 64, 'L1_layers_atom': 4, 'L1_layers_mol': 4, 'L1_dropout': 0.0801339010463019, 'L1_out_dim': 128, 'L2_hidden_dim': 128, 'L2_layers_atom': 2, 'L2_layers_mol': 3, 'L2_out_dim': 32, 'L2_dropout': 0.11491247950939495, 'L3_hidden_dim': 64, 'L3_layers_atom': 2, 'L3_layers_mol': 4, 'L3_out_dim': 32, 'L3_dropout': 0.08538452791902314, 'n_mlp_layers': 2, 'mlp_dim_0': 376, 'mlp_dim_1': 296, 'num_heads': 1, 'final_dropout': 0.10609597142822336, 'train_learning_rate': 0.0017010870641044867, 'train_lr_reduce': 0.6}. Best is trial 1073 with value: 0.009419886395335197.
[I 2024-12-26 15:23:29,942] Trial 1940 finished with value: 0.01096418034285307 and parameters: {'L1_hidden_dim': 144, 'L1_layers_atom': 4, 'L1_layers_mol': 2, 'L1_dropout': 0.06461610826349282, 'L1_out_dim': 64, 'L2_hidden_dim': 256, 'L2_layers_atom': 1, 'L2_layers_mol': 4, 'L2_out_dim': 128, 'L2_dropout': 0.03012455152738188, 'L3_hidden_dim': 80, 'L3_layers_atom': 4, 'L3_layers_mol': 2, 'L3_out_dim': 80, 'L3_dropout': 0.05382574570967493, 'n_mlp_layers': 3, 'mlp_dim_0': 296, 'mlp_dim_1': 272, 'mlp_dim_2': 344, 'num_heads': 2, 'final_dropout': 0.11785047973472779, 'train_learning_rate': 0.0006760630536575324, 'train_lr_reduce': 0.6}. Best is trial 1073 with value: 0.009419886395335197.
[I 2024-12-26 15:25:20,492] Trial 1941 finished with value: 0.011233600787818432 and parameters: {'L1_hidden_dim': 128, 'L1_layers_atom': 1, 'L1_layers_mol': 1, 'L1_dropout': 0.08108995386707865, 'L1_out_dim': 48, 'L2_hidden_dim': 160, 'L2_layers_atom': 1, 'L2_layers_mol': 2, 'L2_out_dim': 80, 'L2_dropout': 0.023614771653605558, 'L3_hidden_dim': 96, 'L3_layers_atom': 4, 'L3_layers_mol': 1, 'L3_out_dim': 128, 'L3_dropout': 0.03099455810474145, 'n_mlp_layers': 3, 'mlp_dim_0': 352, 'mlp_dim_1': 328, 'mlp_dim_2': 32, 'num_heads': 2, 'final_dropout': 0.018487530517568202, 'train_learning_rate': 0.0002622425253205977, 'train_lr_reduce': 0.6}. Best is trial 1073 with value: 0.009419886395335197.
[I 2024-12-26 15:25:28,774] Trial 1942 finished with value: 0.021358471363782883 and parameters: {'L1_hidden_dim': 224, 'L1_layers_atom': 3, 'L1_layers_mol': 3, 'L1_dropout': 0.14848386897818244, 'L1_out_dim': 96, 'L2_hidden_dim': 64, 'L2_layers_atom': 3, 'L2_layers_mol': 1, 'L2_out_dim': 32, 'L2_dropout': 0.04519942158357772, 'L3_hidden_dim': 128, 'L3_layers_atom': 3, 'L3_layers_mol': 2, 'L3_out_dim': 112, 'L3_dropout': 0.2783304021364257, 'n_mlp_layers': 1, 'mlp_dim_0': 328, 'num_heads': 1, 'final_dropout': 0.13590801977449418, 'train_learning_rate': 0.0003492343019639512, 'train_lr_reduce': 0.6}. Best is trial 1073 with value: 0.009419886395335197.
[I 2024-12-26 15:25:38,420] Trial 1943 finished with value: 0.03264249116182327 and parameters: {'L1_hidden_dim': 192, 'L1_layers_atom': 4, 'L1_layers_mol': 3, 'L1_dropout': 0.15088922916583003, 'L1_out_dim': 64, 'L2_hidden_dim': 224, 'L2_layers_atom': 3, 'L2_layers_mol': 4, 'L2_out_dim': 128, 'L2_dropout': 0.26819707616649285, 'L3_hidden_dim': 48, 'L3_layers_atom': 1, 'L3_layers_mol': 2, 'L3_out_dim': 64, 'L3_dropout': 0.277244205723225, 'n_mlp_layers': 1, 'mlp_dim_0': 344, 'num_heads': 1, 'final_dropout': 0.23567196578444258, 'train_learning_rate': 0.0036027510505561066, 'train_lr_reduce': 0.6}. Best is trial 1073 with value: 0.009419886395335197.
[I 2024-12-26 15:27:38,813] Trial 1944 finished with value: 0.017950765788555145 and parameters: {'L1_hidden_dim': 160, 'L1_layers_atom': 1, 'L1_layers_mol': 2, 'L1_dropout': 0.19947122537699413, 'L1_out_dim': 128, 'L2_hidden_dim': 80, 'L2_layers_atom': 3, 'L2_layers_mol': 2, 'L2_out_dim': 80, 'L2_dropout': 0.11576042862945135, 'L3_hidden_dim': 112, 'L3_layers_atom': 4, 'L3_layers_mol': 3, 'L3_out_dim': 128, 'L3_dropout': 0.22572501328144357, 'n_mlp_layers': 3, 'mlp_dim_0': 456, 'mlp_dim_1': 264, 'mlp_dim_2': 472, 'num_heads': 2, 'final_dropout': 0.28451498883582654, 'train_learning_rate': 0.0018391819518667092, 'train_lr_reduce': 0.6}. Best is trial 1073 with value: 0.009419886395335197.
[I 2024-12-26 15:27:40,598] Trial 1945 finished with value: 0.044948503375053406 and parameters: {'L1_hidden_dim': 240, 'L1_layers_atom': 2, 'L1_layers_mol': 4, 'L1_dropout': 0.023989495865630733, 'L1_out_dim': 64, 'L2_hidden_dim': 64, 'L2_layers_atom': 1, 'L2_layers_mol': 4, 'L2_out_dim': 96, 'L2_dropout': 0.27637042020545344, 'L3_hidden_dim': 48, 'L3_layers_atom': 4, 'L3_layers_mol': 4, 'L3_out_dim': 64, 'L3_dropout': 0.27405651067159487, 'n_mlp_layers': 1, 'mlp_dim_0': 424, 'num_heads': 1, 'final_dropout': 0.20319392780946977, 'train_learning_rate': 0.0002753611644153363, 'train_lr_reduce': 0.6}. Best is trial 1073 with value: 0.009419886395335197.
[I 2024-12-26 15:27:49,023] Trial 1946 finished with value: 0.0195651613175869 and parameters: {'L1_hidden_dim': 128, 'L1_layers_atom': 4, 'L1_layers_mol': 4, 'L1_dropout': 0.028164280741035205, 'L1_out_dim': 128, 'L2_hidden_dim': 96, 'L2_layers_atom': 1, 'L2_layers_mol': 2, 'L2_out_dim': 96, 'L2_dropout': 0.15650291690387558, 'L3_hidden_dim': 80, 'L3_layers_atom': 4, 'L3_layers_mol': 4, 'L3_out_dim': 80, 'L3_dropout': 0.11765583152150791, 'n_mlp_layers': 1, 'mlp_dim_0': 408, 'num_heads': 2, 'final_dropout': 0.05461842667320084, 'train_learning_rate': 0.009180978445901244, 'train_lr_reduce': 0.6}. Best is trial 1073 with value: 0.009419886395335197.
[I 2024-12-26 15:30:08,355] Trial 1947 finished with value: 0.010421110317111015 and parameters: {'L1_hidden_dim': 144, 'L1_layers_atom': 3, 'L1_layers_mol': 3, 'L1_dropout': 0.01323843090734254, 'L1_out_dim': 48, 'L2_hidden_dim': 176, 'L2_layers_atom': 1, 'L2_layers_mol': 4, 'L2_out_dim': 112, 'L2_dropout': 0.013952276792300905, 'L3_hidden_dim': 112, 'L3_layers_atom': 4, 'L3_layers_mol': 2, 'L3_out_dim': 128, 'L3_dropout': 0.09069508256332492, 'n_mlp_layers': 3, 'mlp_dim_0': 512, 'mlp_dim_1': 312, 'mlp_dim_2': 400, 'num_heads': 2, 'final_dropout': 0.11967813168869686, 'train_learning_rate': 0.0005440091261018793, 'train_lr_reduce': 0.6}. Best is trial 1073 with value: 0.009419886395335197.
