[I 2024-12-20 00:03:40,460] Trial 554 finished with value: 1.2841876745224 and parameters: {'mlp_n_layers': 2, 'mlp_dim_00': 476, 'mlp_dim_01': 382, 'node_hidden_dim': 84, 'edge_hidden_dim': 92, 'depth': 1, 'rep_dropout': 0.0026043730141225036, 'train_learning_rate': 0.0025339548256238507, 'train_lr_reduce': 0.6}. Best is trial 544 with value: 0.30370381474494934.
[I 2024-12-20 00:03:44,039] Trial 556 finished with value: 1.5453158617019653 and parameters: {'mlp_n_layers': 3, 'mlp_dim_00': 469, 'mlp_dim_01': 404, 'mlp_dim_02': 341, 'node_hidden_dim': 96, 'edge_hidden_dim': 67, 'depth': 2, 'rep_dropout': 0.01435524610821031, 'train_learning_rate': 0.0017638161039101954, 'train_lr_reduce': 0.6}. Best is trial 544 with value: 0.30370381474494934.
[I 2024-12-20 00:03:44,080] Trial 547 finished with value: 0.37995901703834534 and parameters: {'mlp_n_layers': 3, 'mlp_dim_00': 247, 'mlp_dim_01': 394, 'mlp_dim_02': 353, 'node_hidden_dim': 107, 'edge_hidden_dim': 63, 'depth': 1, 'rep_dropout': 0.12385981823615365, 'train_learning_rate': 0.00029524410620685023, 'train_lr_reduce': 0.6}. Best is trial 544 with value: 0.30370381474494934.
[I 2024-12-20 00:03:53,224] Trial 557 finished with value: 1.246451735496521 and parameters: {'mlp_n_layers': 4, 'mlp_dim_00': 353, 'mlp_dim_01': 352, 'mlp_dim_02': 412, 'mlp_dim_03': 379, 'node_hidden_dim': 107, 'edge_hidden_dim': 54, 'depth': 1, 'rep_dropout': 0.016989867566276594, 'train_learning_rate': 0.0008092372365788837, 'train_lr_reduce': 0.6}. Best is trial 544 with value: 0.30370381474494934.
[I 2024-12-20 00:03:56,093] Trial 555 finished with value: 0.3458515703678131 and parameters: {'mlp_n_layers': 4, 'mlp_dim_00': 204, 'mlp_dim_01': 336, 'mlp_dim_02': 344, 'mlp_dim_03': 435, 'node_hidden_dim': 77, 'edge_hidden_dim': 96, 'depth': 1, 'rep_dropout': 0.051930165007229453, 'train_learning_rate': 0.001958610481324087, 'train_lr_reduce': 0.6}. Best is trial 544 with value: 0.30370381474494934.
[I 2024-12-20 00:03:56,750] Trial 559 finished with value: 1.293371558189392 and parameters: {'mlp_n_layers': 1, 'mlp_dim_00': 302, 'node_hidden_dim': 78, 'edge_hidden_dim': 90, 'depth': 1, 'rep_dropout': 0.10937146308829566, 'train_learning_rate': 0.006807696126025812, 'train_lr_reduce': 0.6}. Best is trial 544 with value: 0.30370381474494934.
[I 2024-12-20 00:04:01,962] Trial 558 finished with value: 0.30280801653862 and parameters: {'mlp_n_layers': 4, 'mlp_dim_00': 403, 'mlp_dim_01': 462, 'mlp_dim_02': 345, 'mlp_dim_03': 458, 'node_hidden_dim': 105, 'edge_hidden_dim': 46, 'depth': 1, 'rep_dropout': 0.018853555233113835, 'train_learning_rate': 0.001286127895326412, 'train_lr_reduce': 0.6}. Best is trial 558 with value: 0.30280801653862.
[I 2024-12-20 00:04:03,754] Trial 561 finished with value: 1.3699616193771362 and parameters: {'mlp_n_layers': 4, 'mlp_dim_00': 247, 'mlp_dim_01': 337, 'mlp_dim_02': 353, 'mlp_dim_03': 461, 'node_hidden_dim': 65, 'edge_hidden_dim': 96, 'depth': 2, 'rep_dropout': 0.06781353227900175, 'train_learning_rate': 0.0012752840098635568, 'train_lr_reduce': 0.6}. Best is trial 558 with value: 0.30280801653862.
[I 2024-12-20 00:04:06,603] Trial 562 finished with value: 1.575087070465088 and parameters: {'mlp_n_layers': 3, 'mlp_dim_00': 224, 'mlp_dim_01': 438, 'mlp_dim_02': 344, 'node_hidden_dim': 32, 'edge_hidden_dim': 53, 'depth': 2, 'rep_dropout': 0.09148168596009587, 'train_learning_rate': 0.0001703141268874194, 'train_lr_reduce': 0.6}. Best is trial 558 with value: 0.30280801653862.
[I 2024-12-20 00:04:08,401] Trial 563 finished with value: 1.577872633934021 and parameters: {'mlp_n_layers': 4, 'mlp_dim_00': 473, 'mlp_dim_01': 454, 'mlp_dim_02': 326, 'mlp_dim_03': 457, 'node_hidden_dim': 103, 'edge_hidden_dim': 58, 'depth': 2, 'rep_dropout': 0.007469324117829319, 'train_learning_rate': 0.0006619615536673314, 'train_lr_reduce': 0.6}. Best is trial 558 with value: 0.30280801653862.
[I 2024-12-20 00:04:11,765] Trial 565 finished with value: 1.4675114154815674 and parameters: {'mlp_n_layers': 3, 'mlp_dim_00': 235, 'mlp_dim_01': 508, 'mlp_dim_02': 339, 'node_hidden_dim': 112, 'edge_hidden_dim': 32, 'depth': 1, 'rep_dropout': 0.027396958787431182, 'train_learning_rate': 0.0011840848611300444, 'train_lr_reduce': 0.6}. Best is trial 558 with value: 0.30280801653862.
[I 2024-12-20 00:04:13,995] Trial 560 finished with value: 0.5594559907913208 and parameters: {'mlp_n_layers': 4, 'mlp_dim_00': 234, 'mlp_dim_01': 341, 'mlp_dim_02': 370, 'mlp_dim_03': 497, 'node_hidden_dim': 72, 'edge_hidden_dim': 118, 'depth': 1, 'rep_dropout': 0.052223299340903084, 'train_learning_rate': 0.001457401144782338, 'train_lr_reduce': 0.6}. Best is trial 558 with value: 0.30280801653862.
[I 2024-12-20 00:04:15,767] Trial 566 finished with value: 1.387203574180603 and parameters: {'mlp_n_layers': 4, 'mlp_dim_00': 189, 'mlp_dim_01': 468, 'mlp_dim_02': 330, 'mlp_dim_03': 432, 'node_hidden_dim': 61, 'edge_hidden_dim': 101, 'depth': 1, 'rep_dropout': 0.06306257535525664, 'train_learning_rate': 0.008078127945364886, 'train_lr_reduce': 0.6}. Best is trial 558 with value: 0.30280801653862.
[I 2024-12-20 00:04:24,217] Trial 564 finished with value: 0.34225723147392273 and parameters: {'mlp_n_layers': 4, 'mlp_dim_00': 373, 'mlp_dim_01': 475, 'mlp_dim_02': 345, 'mlp_dim_03': 459, 'node_hidden_dim': 124, 'edge_hidden_dim': 49, 'depth': 1, 'rep_dropout': 0.008519539431853521, 'train_learning_rate': 0.0043956337669551265, 'train_lr_reduce': 0.6}. Best is trial 558 with value: 0.30280801653862.
[I 2024-12-20 00:04:26,199] Trial 568 finished with value: 0.47485288977622986 and parameters: {'mlp_n_layers': 3, 'mlp_dim_00': 304, 'mlp_dim_01': 442, 'mlp_dim_02': 347, 'node_hidden_dim': 127, 'edge_hidden_dim': 38, 'depth': 1, 'rep_dropout': 0.016292078970275375, 'train_learning_rate': 0.0019385593492168367, 'train_lr_reduce': 0.6}. Best is trial 558 with value: 0.30280801653862.
[I 2024-12-20 00:04:28,503] Trial 569 finished with value: 1.2926326990127563 and parameters: {'mlp_n_layers': 4, 'mlp_dim_00': 355, 'mlp_dim_01': 494, 'mlp_dim_02': 337, 'mlp_dim_03': 508, 'node_hidden_dim': 123, 'edge_hidden_dim': 48, 'depth': 1, 'rep_dropout': 0.01881624800142411, 'train_learning_rate': 0.006292706654880169, 'train_lr_reduce': 0.6}. Best is trial 558 with value: 0.30280801653862.
[I 2024-12-20 00:04:30,019] Trial 570 finished with value: 1.499146819114685 and parameters: {'mlp_n_layers': 4, 'mlp_dim_00': 424, 'mlp_dim_01': 449, 'mlp_dim_02': 365, 'mlp_dim_03': 482, 'node_hidden_dim': 118, 'edge_hidden_dim': 55, 'depth': 1, 'rep_dropout': 0.012129011633028371, 'train_learning_rate': 0.0011828834606494427, 'train_lr_reduce': 0.6}. Best is trial 558 with value: 0.30280801653862.
[I 2024-12-20 00:04:32,843] Trial 571 finished with value: 1.4080238342285156 and parameters: {'mlp_n_layers': 2, 'mlp_dim_00': 133, 'mlp_dim_01': 492, 'node_hidden_dim': 65, 'edge_hidden_dim': 40, 'depth': 4, 'rep_dropout': 0.06540122902195347, 'train_learning_rate': 0.004163233582077735, 'train_lr_reduce': 0.6}. Best is trial 558 with value: 0.30280801653862.
[I 2024-12-20 00:04:34,952] Trial 572 finished with value: 1.578438639640808 and parameters: {'mlp_n_layers': 3, 'mlp_dim_00': 418, 'mlp_dim_01': 498, 'mlp_dim_02': 351, 'node_hidden_dim': 127, 'edge_hidden_dim': 32, 'depth': 3, 'rep_dropout': 0.014925738524540218, 'train_learning_rate': 0.00014139428806758227, 'train_lr_reduce': 0.6}. Best is trial 558 with value: 0.30280801653862.
[I 2024-12-20 00:04:47,146] Trial 567 finished with value: 0.3755355477333069 and parameters: {'mlp_n_layers': 4, 'mlp_dim_00': 477, 'mlp_dim_01': 460, 'mlp_dim_02': 341, 'mlp_dim_03': 440, 'node_hidden_dim': 123, 'edge_hidden_dim': 50, 'depth': 2, 'rep_dropout': 0.0035183616298984097, 'train_learning_rate': 0.0018537875798331446, 'train_lr_reduce': 0.6}. Best is trial 558 with value: 0.30280801653862.
[I 2024-12-20 00:04:50,901] Trial 574 finished with value: 0.3658955991268158 and parameters: {'mlp_n_layers': 4, 'mlp_dim_00': 364, 'mlp_dim_01': 477, 'mlp_dim_02': 390, 'mlp_dim_03': 455, 'node_hidden_dim': 107, 'edge_hidden_dim': 44, 'depth': 1, 'rep_dropout': 0.0018707514525281854, 'train_learning_rate': 0.0011455836539377867, 'train_lr_reduce': 0.6}. Best is trial 558 with value: 0.30280801653862.
[I 2024-12-20 00:04:51,423] Trial 575 finished with value: 1.5743504762649536 and parameters: {'mlp_n_layers': 2, 'mlp_dim_00': 95, 'mlp_dim_01': 512, 'node_hidden_dim': 52, 'edge_hidden_dim': 125, 'depth': 1, 'rep_dropout': 0.0433225649212229, 'train_learning_rate': 0.000183560145835689, 'train_lr_reduce': 0.6}. Best is trial 558 with value: 0.30280801653862.
[I 2024-12-20 00:05:00,180] Trial 577 finished with value: 1.340057373046875 and parameters: {'mlp_n_layers': 4, 'mlp_dim_00': 182, 'mlp_dim_01': 325, 'mlp_dim_02': 333, 'mlp_dim_03': 431, 'node_hidden_dim': 94, 'edge_hidden_dim': 105, 'depth': 2, 'rep_dropout': 0.0669203379162244, 'train_learning_rate': 0.001162901685921813, 'train_lr_reduce': 0.6}. Best is trial 558 with value: 0.30280801653862.
[I 2024-12-20 00:05:00,813] Trial 573 finished with value: 0.41023489832878113 and parameters: {'mlp_n_layers': 4, 'mlp_dim_00': 124, 'mlp_dim_01': 489, 'mlp_dim_02': 331, 'mlp_dim_03': 448, 'node_hidden_dim': 62, 'edge_hidden_dim': 79, 'depth': 1, 'rep_dropout': 0.05653655819414048, 'train_learning_rate': 0.0023144808809431225, 'train_lr_reduce': 0.6}. Best is trial 558 with value: 0.30280801653862.
[I 2024-12-20 00:05:01,645] Trial 576 finished with value: 0.3694826364517212 and parameters: {'mlp_n_layers': 4, 'mlp_dim_00': 431, 'mlp_dim_01': 436, 'mlp_dim_02': 337, 'mlp_dim_03': 451, 'node_hidden_dim': 111, 'edge_hidden_dim': 47, 'depth': 1, 'rep_dropout': 0.01337433524068165, 'train_learning_rate': 0.008062333780658779, 'train_lr_reduce': 0.6}. Best is trial 558 with value: 0.30280801653862.
[I 2024-12-20 00:05:05,824] Trial 580 finished with value: 1.4810833930969238 and parameters: {'mlp_n_layers': 4, 'mlp_dim_00': 377, 'mlp_dim_01': 443, 'mlp_dim_02': 325, 'mlp_dim_03': 435, 'node_hidden_dim': 127, 'edge_hidden_dim': 38, 'depth': 1, 'rep_dropout': 0.01319329668686221, 'train_learning_rate': 0.0013565544883036335, 'train_lr_reduce': 0.6}. Best is trial 558 with value: 0.30280801653862.
[I 2024-12-20 00:05:17,112] Trial 578 finished with value: 0.3968657851219177 and parameters: {'mlp_n_layers': 4, 'mlp_dim_00': 427, 'mlp_dim_01': 465, 'mlp_dim_02': 384, 'mlp_dim_03': 463, 'node_hidden_dim': 126, 'edge_hidden_dim': 43, 'depth': 1, 'rep_dropout': 0.00832794347899285, 'train_learning_rate': 0.0017432901308459437, 'train_lr_reduce': 0.6}. Best is trial 558 with value: 0.30280801653862.
[I 2024-12-20 00:05:19,176] Trial 579 finished with value: 0.3359065651893616 and parameters: {'mlp_n_layers': 4, 'mlp_dim_00': 365, 'mlp_dim_01': 326, 'mlp_dim_02': 332, 'mlp_dim_03': 430, 'node_hidden_dim': 115, 'edge_hidden_dim': 46, 'depth': 1, 'rep_dropout': 0.03337845531936044, 'train_learning_rate': 0.0010019377363747134, 'train_lr_reduce': 0.6}. Best is trial 558 with value: 0.30280801653862.
[I 2024-12-20 00:05:24,274] Trial 583 finished with value: 1.5824222564697266 and parameters: {'mlp_n_layers': 2, 'mlp_dim_00': 154, 'mlp_dim_01': 348, 'node_hidden_dim': 70, 'edge_hidden_dim': 66, 'depth': 1, 'rep_dropout': 0.02581704398283586, 'train_learning_rate': 0.0001641909288046214, 'train_lr_reduce': 0.6}. Best is trial 558 with value: 0.30280801653862.
[I 2024-12-20 00:05:28,888] Trial 581 finished with value: 0.3636743128299713 and parameters: {'mlp_n_layers': 4, 'mlp_dim_00': 248, 'mlp_dim_01': 324, 'mlp_dim_02': 382, 'mlp_dim_03': 485, 'node_hidden_dim': 81, 'edge_hidden_dim': 99, 'depth': 1, 'rep_dropout': 0.03476973593365344, 'train_learning_rate': 0.001822831918802254, 'train_lr_reduce': 0.6}. Best is trial 558 with value: 0.30280801653862.
[I 2024-12-20 00:05:35,493] Trial 582 finished with value: 0.3932245671749115 and parameters: {'mlp_n_layers': 4, 'mlp_dim_00': 187, 'mlp_dim_01': 401, 'mlp_dim_02': 320, 'mlp_dim_03': 402, 'node_hidden_dim': 82, 'edge_hidden_dim': 81, 'depth': 1, 'rep_dropout': 0.050051866921620745, 'train_learning_rate': 0.002916512350901468, 'train_lr_reduce': 0.6}. Best is trial 558 with value: 0.30280801653862.
[I 2024-12-20 00:05:42,407] Trial 584 finished with value: 0.3712408244609833 and parameters: {'mlp_n_layers': 3, 'mlp_dim_00': 420, 'mlp_dim_01': 346, 'mlp_dim_02': 365, 'node_hidden_dim': 121, 'edge_hidden_dim': 108, 'depth': 1, 'rep_dropout': 0.07952002385704775, 'train_learning_rate': 0.0012342642298855044, 'train_lr_reduce': 0.6}. Best is trial 558 with value: 0.30280801653862.
[I 2024-12-20 00:05:46,794] Trial 587 finished with value: 1.5513464212417603 and parameters: {'mlp_n_layers': 3, 'mlp_dim_00': 345, 'mlp_dim_01': 324, 'mlp_dim_02': 388, 'node_hidden_dim': 118, 'edge_hidden_dim': 66, 'depth': 2, 'rep_dropout': 0.009453186325334144, 'train_learning_rate': 0.0006110254091165379, 'train_lr_reduce': 0.6}. Best is trial 558 with value: 0.30280801653862.
[I 2024-12-20 00:05:54,026] Trial 586 finished with value: 0.425881564617157 and parameters: {'mlp_n_layers': 3, 'mlp_dim_00': 239, 'mlp_dim_01': 460, 'mlp_dim_02': 332, 'node_hidden_dim': 125, 'edge_hidden_dim': 81, 'depth': 2, 'rep_dropout': 0.004208048405613278, 'train_learning_rate': 0.0038825507925614217, 'train_lr_reduce': 0.6}. Best is trial 558 with value: 0.30280801653862.
[I 2024-12-20 00:05:58,949] Trial 589 finished with value: 1.4633725881576538 and parameters: {'mlp_n_layers': 2, 'mlp_dim_00': 353, 'mlp_dim_01': 336, 'node_hidden_dim': 69, 'edge_hidden_dim': 62, 'depth': 4, 'rep_dropout': 0.08794410401070421, 'train_learning_rate': 0.0012581511663958156, 'train_lr_reduce': 0.6}. Best is trial 558 with value: 0.30280801653862.
[I 2024-12-20 00:06:02,092] Trial 585 finished with value: 0.3606557250022888 and parameters: {'mlp_n_layers': 4, 'mlp_dim_00': 359, 'mlp_dim_01': 378, 'mlp_dim_02': 335, 'mlp_dim_03': 438, 'node_hidden_dim': 116, 'edge_hidden_dim': 60, 'depth': 1, 'rep_dropout': 0.01155217698501675, 'train_learning_rate': 0.003088834785089541, 'train_lr_reduce': 0.6}. Best is trial 558 with value: 0.30280801653862.
[I 2024-12-20 00:06:02,682] Trial 590 finished with value: 1.4485409259796143 and parameters: {'mlp_n_layers': 4, 'mlp_dim_00': 226, 'mlp_dim_01': 410, 'mlp_dim_02': 324, 'mlp_dim_03': 433, 'node_hidden_dim': 78, 'edge_hidden_dim': 74, 'depth': 2, 'rep_dropout': 0.02383752884217477, 'train_learning_rate': 0.006072490010017258, 'train_lr_reduce': 0.6}. Best is trial 558 with value: 0.30280801653862.
[I 2024-12-20 00:06:04,033] Trial 588 finished with value: 0.40029188990592957 and parameters: {'mlp_n_layers': 4, 'mlp_dim_00': 398, 'mlp_dim_01': 394, 'mlp_dim_02': 334, 'mlp_dim_03': 433, 'node_hidden_dim': 116, 'edge_hidden_dim': 70, 'depth': 1, 'rep_dropout': 0.010931654026386423, 'train_learning_rate': 0.0028112194670575487, 'train_lr_reduce': 0.6}. Best is trial 558 with value: 0.30280801653862.
[I 2024-12-20 00:06:05,637] Trial 591 finished with value: 1.2886066436767578 and parameters: {'mlp_n_layers': 3, 'mlp_dim_00': 112, 'mlp_dim_01': 357, 'mlp_dim_02': 403, 'node_hidden_dim': 119, 'edge_hidden_dim': 71, 'depth': 2, 'rep_dropout': 0.10236330704487631, 'train_learning_rate': 0.009892295394937507, 'train_lr_reduce': 0.6}. Best is trial 558 with value: 0.30280801653862.
[I 2024-12-20 00:06:10,062] Trial 594 finished with value: 1.5565612316131592 and parameters: {'mlp_n_layers': 3, 'mlp_dim_00': 392, 'mlp_dim_01': 384, 'mlp_dim_02': 324, 'node_hidden_dim': 116, 'edge_hidden_dim': 58, 'depth': 1, 'rep_dropout': 0.03527732317761627, 'train_learning_rate': 0.0007669052577297196, 'train_lr_reduce': 0.6}. Best is trial 558 with value: 0.30280801653862.
[I 2024-12-20 00:06:14,130] Trial 595 finished with value: 1.3042024374008179 and parameters: {'mlp_n_layers': 4, 'mlp_dim_00': 389, 'mlp_dim_01': 420, 'mlp_dim_02': 373, 'mlp_dim_03': 473, 'node_hidden_dim': 118, 'edge_hidden_dim': 51, 'depth': 2, 'rep_dropout': 0.01112688929576743, 'train_learning_rate': 0.003690650136812787, 'train_lr_reduce': 0.6}. Best is trial 558 with value: 0.30280801653862.
[I 2024-12-20 00:06:18,031] Trial 593 finished with value: 0.3568361699581146 and parameters: {'mlp_n_layers': 3, 'mlp_dim_00': 396, 'mlp_dim_01': 466, 'mlp_dim_02': 318, 'node_hidden_dim': 94, 'edge_hidden_dim': 73, 'depth': 1, 'rep_dropout': 0.008977172438569287, 'train_learning_rate': 0.0020363195129082497, 'train_lr_reduce': 0.6}. Best is trial 558 with value: 0.30280801653862.
[I 2024-12-20 00:06:18,205] Trial 596 finished with value: 1.303063988685608 and parameters: {'mlp_n_layers': 1, 'mlp_dim_00': 288, 'node_hidden_dim': 125, 'edge_hidden_dim': 74, 'depth': 3, 'rep_dropout': 0.009117510240647664, 'train_learning_rate': 0.00694690941576391, 'train_lr_reduce': 0.6}. Best is trial 558 with value: 0.30280801653862.
[I 2024-12-20 00:06:22,157] Trial 597 finished with value: 1.4667171239852905 and parameters: {'mlp_n_layers': 3, 'mlp_dim_00': 211, 'mlp_dim_01': 333, 'mlp_dim_02': 315, 'node_hidden_dim': 77, 'edge_hidden_dim': 106, 'depth': 2, 'rep_dropout': 0.06167265455434967, 'train_learning_rate': 0.00382534079177932, 'train_lr_reduce': 0.6}. Best is trial 558 with value: 0.30280801653862.
[I 2024-12-20 00:06:22,718] Trial 598 finished with value: 1.4708504676818848 and parameters: {'mlp_n_layers': 4, 'mlp_dim_00': 251, 'mlp_dim_01': 377, 'mlp_dim_02': 315, 'mlp_dim_03': 417, 'node_hidden_dim': 64, 'edge_hidden_dim': 65, 'depth': 1, 'rep_dropout': 0.039825156256700224, 'train_learning_rate': 0.0057617311138548274, 'train_lr_reduce': 0.6}. Best is trial 558 with value: 0.30280801653862.
[I 2024-12-20 00:06:23,569] Trial 592 finished with value: 0.34615013003349304 and parameters: {'mlp_n_layers': 4, 'mlp_dim_00': 376, 'mlp_dim_01': 330, 'mlp_dim_02': 368, 'mlp_dim_03': 425, 'node_hidden_dim': 111, 'edge_hidden_dim': 52, 'depth': 1, 'rep_dropout': 0.035163134719047646, 'train_learning_rate': 0.0019037570860888395, 'train_lr_reduce': 0.6}. Best is trial 558 with value: 0.30280801653862.
[I 2024-12-20 00:06:27,085] Trial 599 finished with value: 1.3120242357254028 and parameters: {'mlp_n_layers': 3, 'mlp_dim_00': 216, 'mlp_dim_01': 327, 'mlp_dim_02': 369, 'node_hidden_dim': 110, 'edge_hidden_dim': 66, 'depth': 4, 'rep_dropout': 0.08167457313249771, 'train_learning_rate': 0.007183235763051768, 'train_lr_reduce': 0.6}. Best is trial 558 with value: 0.30280801653862.
[I 2024-12-20 00:06:27,102] Trial 601 finished with value: 1.4757804870605469 and parameters: {'mlp_n_layers': 4, 'mlp_dim_00': 382, 'mlp_dim_01': 333, 'mlp_dim_02': 405, 'mlp_dim_03': 506, 'node_hidden_dim': 125, 'edge_hidden_dim': 36, 'depth': 2, 'rep_dropout': 0.003087677699599163, 'train_learning_rate': 0.002651689607472787, 'train_lr_reduce': 0.6}. Best is trial 558 with value: 0.30280801653862.
[I 2024-12-20 00:06:30,601] Trial 602 finished with value: 1.3723522424697876 and parameters: {'mlp_n_layers': 3, 'mlp_dim_00': 439, 'mlp_dim_01': 318, 'mlp_dim_02': 378, 'node_hidden_dim': 101, 'edge_hidden_dim': 56, 'depth': 1, 'rep_dropout': 0.03115323691631251, 'train_learning_rate': 0.001991256120709409, 'train_lr_reduce': 0.6}. Best is trial 558 with value: 0.30280801653862.
[I 2024-12-20 00:06:31,280] Trial 603 finished with value: 1.422857642173767 and parameters: {'mlp_n_layers': 3, 'mlp_dim_00': 285, 'mlp_dim_01': 317, 'mlp_dim_02': 384, 'node_hidden_dim': 128, 'edge_hidden_dim': 50, 'depth': 2, 'rep_dropout': 0.010786221332234912, 'train_learning_rate': 0.0063276979742436365, 'train_lr_reduce': 0.6}. Best is trial 558 with value: 0.30280801653862.
[I 2024-12-20 00:06:44,986] Trial 600 finished with value: 0.3861948549747467 and parameters: {'mlp_n_layers': 4, 'mlp_dim_00': 417, 'mlp_dim_01': 319, 'mlp_dim_02': 442, 'mlp_dim_03': 419, 'node_hidden_dim': 93, 'edge_hidden_dim': 60, 'depth': 1, 'rep_dropout': 0.022657093181391422, 'train_learning_rate': 0.0006767023807314269, 'train_lr_reduce': 0.6}. Best is trial 558 with value: 0.30280801653862.
[I 2024-12-20 00:06:48,407] Trial 605 finished with value: 0.42200303077697754 and parameters: {'mlp_n_layers': 4, 'mlp_dim_00': 371, 'mlp_dim_01': 365, 'mlp_dim_02': 410, 'mlp_dim_03': 418, 'node_hidden_dim': 102, 'edge_hidden_dim': 35, 'depth': 1, 'rep_dropout': 0.026105284612698246, 'train_learning_rate': 0.0024772836845534272, 'train_lr_reduce': 0.6}. Best is trial 558 with value: 0.30280801653862.
[I 2024-12-20 00:06:48,750] Trial 606 finished with value: 1.5321004390716553 and parameters: {'mlp_n_layers': 1, 'mlp_dim_00': 420, 'node_hidden_dim': 73, 'edge_hidden_dim': 125, 'depth': 1, 'rep_dropout': 0.06283576548843958, 'train_learning_rate': 0.00021424108692343354, 'train_lr_reduce': 0.6}. Best is trial 558 with value: 0.30280801653862.
[I 2024-12-20 00:06:55,158] Trial 604 finished with value: 0.38531139492988586 and parameters: {'mlp_n_layers': 4, 'mlp_dim_00': 351, 'mlp_dim_01': 369, 'mlp_dim_02': 370, 'mlp_dim_03': 415, 'node_hidden_dim': 117, 'edge_hidden_dim': 44, 'depth': 1, 'rep_dropout': 0.07120055882286164, 'train_learning_rate': 0.0017275846952614572, 'train_lr_reduce': 0.6}. Best is trial 558 with value: 0.30280801653862.
[I 2024-12-20 00:06:59,248] Trial 609 finished with value: 1.28374445438385 and parameters: {'mlp_n_layers': 4, 'mlp_dim_00': 381, 'mlp_dim_01': 425, 'mlp_dim_02': 318, 'mlp_dim_03': 416, 'node_hidden_dim': 119, 'edge_hidden_dim': 47, 'depth': 1, 'rep_dropout': 0.0258183064342323, 'train_learning_rate': 0.0037662400278870565, 'train_lr_reduce': 0.6}. Best is trial 558 with value: 0.30280801653862.
[I 2024-12-20 00:07:04,400] Trial 607 finished with value: 0.34453901648521423 and parameters: {'mlp_n_layers': 4, 'mlp_dim_00': 447, 'mlp_dim_01': 313, 'mlp_dim_02': 370, 'mlp_dim_03': 477, 'node_hidden_dim': 110, 'edge_hidden_dim': 50, 'depth': 1, 'rep_dropout': 0.04840963687232371, 'train_learning_rate': 0.003013100434928886, 'train_lr_reduce': 0.6}. Best is trial 558 with value: 0.30280801653862.
