[I 2024-12-19 20:07:32,056] Trial 1266 finished with value: 1.6405940055847168 and parameters: {'mlp_n_layers': 1, 'mlp_dim_00': 189, 'node_hidden_dim': 68, 'edge_hidden_dim': 35, 'depth': 3, 'rep_dropout': 0.08496486843297629, 'train_learning_rate': 0.0005101536870902934, 'train_lr_reduce': 0.6}. Best is trial 122 with value: 0.09548358619213104.
[I 2024-12-19 20:07:33,598] Trial 1267 finished with value: 1.642214059829712 and parameters: {'mlp_n_layers': 1, 'mlp_dim_00': 219, 'node_hidden_dim': 96, 'edge_hidden_dim': 107, 'depth': 2, 'rep_dropout': 0.045884937271591236, 'train_learning_rate': 0.00011924404045155378, 'train_lr_reduce': 0.6}. Best is trial 122 with value: 0.09548358619213104.
[I 2024-12-19 20:07:34,456] Trial 1268 finished with value: 1.643188714981079 and parameters: {'mlp_n_layers': 4, 'mlp_dim_00': 237, 'mlp_dim_01': 407, 'mlp_dim_02': 477, 'mlp_dim_03': 286, 'node_hidden_dim': 87, 'edge_hidden_dim': 55, 'depth': 2, 'rep_dropout': 0.1306034417280134, 'train_learning_rate': 0.001196692011595657, 'train_lr_reduce': 0.6}. Best is trial 122 with value: 0.09548358619213104.
[I 2024-12-19 20:07:37,959] Trial 1270 finished with value: 1.6760988235473633 and parameters: {'mlp_n_layers': 3, 'mlp_dim_00': 205, 'mlp_dim_01': 322, 'mlp_dim_02': 512, 'node_hidden_dim': 98, 'edge_hidden_dim': 70, 'depth': 1, 'rep_dropout': 0.08935400836310516, 'train_learning_rate': 0.0003953990160322814, 'train_lr_reduce': 0.6}. Best is trial 122 with value: 0.09548358619213104.
[I 2024-12-19 20:07:39,466] Trial 1271 finished with value: 1.6715949773788452 and parameters: {'mlp_n_layers': 3, 'mlp_dim_00': 343, 'mlp_dim_01': 269, 'mlp_dim_02': 440, 'node_hidden_dim': 89, 'edge_hidden_dim': 39, 'depth': 1, 'rep_dropout': 0.11769537499184797, 'train_learning_rate': 0.0003757579711230449, 'train_lr_reduce': 0.6}. Best is trial 122 with value: 0.09548358619213104.
[I 2024-12-19 20:07:44,202] Trial 1273 finished with value: 1.5842080116271973 and parameters: {'mlp_n_layers': 4, 'mlp_dim_00': 473, 'mlp_dim_01': 408, 'mlp_dim_02': 512, 'mlp_dim_03': 346, 'node_hidden_dim': 32, 'edge_hidden_dim': 55, 'depth': 1, 'rep_dropout': 0.1150393043083936, 'train_learning_rate': 0.0032899832400793212, 'train_lr_reduce': 0.6}. Best is trial 122 with value: 0.09548358619213104.
[I 2024-12-19 20:07:50,250] Trial 1272 finished with value: 1.2446117401123047 and parameters: {'mlp_n_layers': 4, 'mlp_dim_00': 347, 'mlp_dim_01': 364, 'mlp_dim_02': 456, 'mlp_dim_03': 290, 'node_hidden_dim': 86, 'edge_hidden_dim': 62, 'depth': 2, 'rep_dropout': 0.06182251068984736, 'train_learning_rate': 0.0007080449817665523, 'train_lr_reduce': 0.6}. Best is trial 122 with value: 0.09548358619213104.
[I 2024-12-19 20:07:51,242] Trial 1274 finished with value: 1.6128994226455688 and parameters: {'mlp_n_layers': 4, 'mlp_dim_00': 475, 'mlp_dim_01': 405, 'mlp_dim_02': 403, 'mlp_dim_03': 358, 'node_hidden_dim': 65, 'edge_hidden_dim': 107, 'depth': 4, 'rep_dropout': 0.12602596380744585, 'train_learning_rate': 0.002032374145561446, 'train_lr_reduce': 0.6}. Best is trial 122 with value: 0.09548358619213104.
[I 2024-12-19 20:08:16,403] Trial 1269 finished with value: 0.11191026866436005 and parameters: {'mlp_n_layers': 4, 'mlp_dim_00': 415, 'mlp_dim_01': 405, 'mlp_dim_02': 510, 'mlp_dim_03': 343, 'node_hidden_dim': 78, 'edge_hidden_dim': 70, 'depth': 1, 'rep_dropout': 0.08643442617051075, 'train_learning_rate': 0.0006545578082235088, 'train_lr_reduce': 0.6}. Best is trial 122 with value: 0.09548358619213104.
[I 2024-12-19 20:08:30,617] Trial 1275 finished with value: 0.10408535599708557 and parameters: {'mlp_n_layers': 3, 'mlp_dim_00': 467, 'mlp_dim_01': 320, 'mlp_dim_02': 452, 'node_hidden_dim': 82, 'edge_hidden_dim': 39, 'depth': 1, 'rep_dropout': 0.13708033775526557, 'train_learning_rate': 0.0007157490384741515, 'train_lr_reduce': 0.6}. Best is trial 122 with value: 0.09548358619213104.
[I 2024-12-19 20:08:31,615] Trial 1276 finished with value: 0.10712791234254837 and parameters: {'mlp_n_layers': 4, 'mlp_dim_00': 337, 'mlp_dim_01': 363, 'mlp_dim_02': 429, 'mlp_dim_03': 315, 'node_hidden_dim': 98, 'edge_hidden_dim': 55, 'depth': 1, 'rep_dropout': 0.08295141046469397, 'train_learning_rate': 0.000848156572934856, 'train_lr_reduce': 0.6}. Best is trial 122 with value: 0.09548358619213104.
[I 2024-12-19 20:08:31,877] Trial 1277 finished with value: 0.28117045760154724 and parameters: {'mlp_n_layers': 4, 'mlp_dim_00': 291, 'mlp_dim_01': 409, 'mlp_dim_02': 410, 'mlp_dim_03': 370, 'node_hidden_dim': 94, 'edge_hidden_dim': 73, 'depth': 1, 'rep_dropout': 0.12868384476433384, 'train_learning_rate': 0.0014313541919897532, 'train_lr_reduce': 0.6}. Best is trial 122 with value: 0.09548358619213104.
[I 2024-12-19 20:08:34,791] Trial 1278 finished with value: 1.6625980138778687 and parameters: {'mlp_n_layers': 3, 'mlp_dim_00': 351, 'mlp_dim_01': 360, 'mlp_dim_02': 448, 'node_hidden_dim': 93, 'edge_hidden_dim': 101, 'depth': 1, 'rep_dropout': 0.14406127794315884, 'train_learning_rate': 0.0005087406437461953, 'train_lr_reduce': 0.6}. Best is trial 122 with value: 0.09548358619213104.
[I 2024-12-19 20:08:36,441] Trial 1279 finished with value: 1.681656837463379 and parameters: {'mlp_n_layers': 3, 'mlp_dim_00': 446, 'mlp_dim_01': 300, 'mlp_dim_02': 512, 'node_hidden_dim': 90, 'edge_hidden_dim': 57, 'depth': 2, 'rep_dropout': 0.11758384378572162, 'train_learning_rate': 0.00015060562146088134, 'train_lr_reduce': 0.6}. Best is trial 122 with value: 0.09548358619213104.
[I 2024-12-19 20:08:58,284] Trial 1281 finished with value: 0.1836618036031723 and parameters: {'mlp_n_layers': 4, 'mlp_dim_00': 309, 'mlp_dim_01': 421, 'mlp_dim_02': 467, 'mlp_dim_03': 355, 'node_hidden_dim': 92, 'edge_hidden_dim': 78, 'depth': 1, 'rep_dropout': 0.05871110383753885, 'train_learning_rate': 0.0012795028447162692, 'train_lr_reduce': 0.6}. Best is trial 122 with value: 0.09548358619213104.
[I 2024-12-19 20:09:16,925] Trial 1280 finished with value: 0.16595850884914398 and parameters: {'mlp_n_layers': 3, 'mlp_dim_00': 375, 'mlp_dim_01': 404, 'mlp_dim_02': 385, 'node_hidden_dim': 86, 'edge_hidden_dim': 75, 'depth': 1, 'rep_dropout': 0.14953741335384138, 'train_learning_rate': 0.0003213787638673925, 'train_lr_reduce': 0.6}. Best is trial 122 with value: 0.09548358619213104.
[I 2024-12-19 20:09:20,844] Trial 1282 finished with value: 0.19444721937179565 and parameters: {'mlp_n_layers': 4, 'mlp_dim_00': 378, 'mlp_dim_01': 352, 'mlp_dim_02': 405, 'mlp_dim_03': 303, 'node_hidden_dim': 105, 'edge_hidden_dim': 47, 'depth': 1, 'rep_dropout': 0.11873203194872577, 'train_learning_rate': 0.000651261257207222, 'train_lr_reduce': 0.6}. Best is trial 122 with value: 0.09548358619213104.
[I 2024-12-19 20:09:21,650] Trial 1284 finished with value: 1.644493818283081 and parameters: {'mlp_n_layers': 3, 'mlp_dim_00': 504, 'mlp_dim_01': 418, 'mlp_dim_02': 467, 'node_hidden_dim': 94, 'edge_hidden_dim': 33, 'depth': 1, 'rep_dropout': 0.12112843856744712, 'train_learning_rate': 0.0011515346299626784, 'train_lr_reduce': 0.6}. Best is trial 122 with value: 0.09548358619213104.
[I 2024-12-19 20:09:24,804] Trial 1285 finished with value: 1.655199646949768 and parameters: {'mlp_n_layers': 3, 'mlp_dim_00': 250, 'mlp_dim_01': 319, 'mlp_dim_02': 410, 'node_hidden_dim': 104, 'edge_hidden_dim': 52, 'depth': 1, 'rep_dropout': 0.13545981750361416, 'train_learning_rate': 0.0006093043105897373, 'train_lr_reduce': 0.6}. Best is trial 122 with value: 0.09548358619213104.
[I 2024-12-19 20:09:33,900] Trial 1283 finished with value: 0.2100812941789627 and parameters: {'mlp_n_layers': 4, 'mlp_dim_00': 397, 'mlp_dim_01': 249, 'mlp_dim_02': 365, 'mlp_dim_03': 377, 'node_hidden_dim': 95, 'edge_hidden_dim': 38, 'depth': 1, 'rep_dropout': 0.11649135554958043, 'train_learning_rate': 0.0022951762346767185, 'train_lr_reduce': 0.6}. Best is trial 122 with value: 0.09548358619213104.
[I 2024-12-19 20:09:42,038] Trial 1286 finished with value: 0.2300299108028412 and parameters: {'mlp_n_layers': 4, 'mlp_dim_00': 215, 'mlp_dim_01': 420, 'mlp_dim_02': 371, 'mlp_dim_03': 357, 'node_hidden_dim': 113, 'edge_hidden_dim': 49, 'depth': 1, 'rep_dropout': 0.10962475090562511, 'train_learning_rate': 0.001013446002399212, 'train_lr_reduce': 0.6}. Best is trial 122 with value: 0.09548358619213104.
[I 2024-12-19 20:09:43,181] Trial 1287 finished with value: 0.27982965111732483 and parameters: {'mlp_n_layers': 4, 'mlp_dim_00': 357, 'mlp_dim_01': 369, 'mlp_dim_02': 359, 'mlp_dim_03': 297, 'node_hidden_dim': 81, 'edge_hidden_dim': 51, 'depth': 1, 'rep_dropout': 0.09875010512239041, 'train_learning_rate': 0.0005176994884856806, 'train_lr_reduce': 0.6}. Best is trial 122 with value: 0.09548358619213104.
[I 2024-12-19 20:09:48,271] Trial 1290 finished with value: 1.6778148412704468 and parameters: {'mlp_n_layers': 4, 'mlp_dim_00': 262, 'mlp_dim_01': 374, 'mlp_dim_02': 470, 'mlp_dim_03': 385, 'node_hidden_dim': 95, 'edge_hidden_dim': 46, 'depth': 2, 'rep_dropout': 0.08898614666949199, 'train_learning_rate': 0.0003343891282496293, 'train_lr_reduce': 0.6}. Best is trial 122 with value: 0.09548358619213104.
[I 2024-12-19 20:10:10,583] Trial 1288 finished with value: 0.11700111627578735 and parameters: {'mlp_n_layers': 4, 'mlp_dim_00': 391, 'mlp_dim_01': 421, 'mlp_dim_02': 417, 'mlp_dim_03': 382, 'node_hidden_dim': 94, 'edge_hidden_dim': 34, 'depth': 1, 'rep_dropout': 0.07691684849189173, 'train_learning_rate': 0.0012995649931333093, 'train_lr_reduce': 0.6}. Best is trial 122 with value: 0.09548358619213104.
[I 2024-12-19 20:10:10,736] Trial 1289 finished with value: 0.10859744250774384 and parameters: {'mlp_n_layers': 4, 'mlp_dim_00': 248, 'mlp_dim_01': 294, 'mlp_dim_02': 343, 'mlp_dim_03': 317, 'node_hidden_dim': 84, 'edge_hidden_dim': 49, 'depth': 1, 'rep_dropout': 0.10818164367806615, 'train_learning_rate': 0.0007581993072445117, 'train_lr_reduce': 0.6}. Best is trial 122 with value: 0.09548358619213104.
[I 2024-12-19 20:10:12,038] Trial 1291 finished with value: 0.29666781425476074 and parameters: {'mlp_n_layers': 3, 'mlp_dim_00': 431, 'mlp_dim_01': 329, 'mlp_dim_02': 227, 'node_hidden_dim': 83, 'edge_hidden_dim': 42, 'depth': 1, 'rep_dropout': 0.08154429494677305, 'train_learning_rate': 0.0028385408860123044, 'train_lr_reduce': 0.6}. Best is trial 122 with value: 0.09548358619213104.
[I 2024-12-19 20:10:16,258] Trial 1293 finished with value: 1.579628825187683 and parameters: {'mlp_n_layers': 1, 'mlp_dim_00': 464, 'node_hidden_dim': 70, 'edge_hidden_dim': 36, 'depth': 2, 'rep_dropout': 0.13764633925075243, 'train_learning_rate': 0.004676055502300721, 'train_lr_reduce': 0.6}. Best is trial 122 with value: 0.09548358619213104.
[I 2024-12-19 20:10:21,265] Trial 1295 finished with value: 1.6501317024230957 and parameters: {'mlp_n_layers': 3, 'mlp_dim_00': 398, 'mlp_dim_01': 430, 'mlp_dim_02': 423, 'node_hidden_dim': 84, 'edge_hidden_dim': 39, 'depth': 2, 'rep_dropout': 0.10704793425323648, 'train_learning_rate': 0.0010618213469045653, 'train_lr_reduce': 0.6}. Best is trial 122 with value: 0.09548358619213104.
[I 2024-12-19 20:10:26,318] Trial 1296 finished with value: 1.680851697921753 and parameters: {'mlp_n_layers': 3, 'mlp_dim_00': 387, 'mlp_dim_01': 334, 'mlp_dim_02': 375, 'node_hidden_dim': 82, 'edge_hidden_dim': 58, 'depth': 1, 'rep_dropout': 0.11807981788479605, 'train_learning_rate': 0.00027280922410398434, 'train_lr_reduce': 0.6}. Best is trial 122 with value: 0.09548358619213104.
[I 2024-12-19 20:10:30,795] Trial 1297 finished with value: 1.6849576234817505 and parameters: {'mlp_n_layers': 3, 'mlp_dim_00': 319, 'mlp_dim_01': 427, 'mlp_dim_02': 464, 'node_hidden_dim': 87, 'edge_hidden_dim': 51, 'depth': 1, 'rep_dropout': 0.04427014694633463, 'train_learning_rate': 0.0001549581261887163, 'train_lr_reduce': 0.6}. Best is trial 122 with value: 0.09548358619213104.
[I 2024-12-19 20:10:35,405] Trial 1298 finished with value: 1.6275243759155273 and parameters: {'mlp_n_layers': 4, 'mlp_dim_00': 100, 'mlp_dim_01': 380, 'mlp_dim_02': 311, 'mlp_dim_03': 343, 'node_hidden_dim': 85, 'edge_hidden_dim': 44, 'depth': 2, 'rep_dropout': 0.0771924305203856, 'train_learning_rate': 0.0020045876393866113, 'train_lr_reduce': 0.6}. Best is trial 122 with value: 0.09548358619213104.
[I 2024-12-19 20:10:46,546] Trial 1292 finished with value: 0.11172542721033096 and parameters: {'mlp_n_layers': 4, 'mlp_dim_00': 311, 'mlp_dim_01': 418, 'mlp_dim_02': 375, 'mlp_dim_03': 425, 'node_hidden_dim': 84, 'edge_hidden_dim': 62, 'depth': 1, 'rep_dropout': 0.09754870853366536, 'train_learning_rate': 0.0008827646540633161, 'train_lr_reduce': 0.6}. Best is trial 122 with value: 0.09548358619213104.
[I 2024-12-19 20:10:46,549] Trial 1294 finished with value: 0.12373480945825577 and parameters: {'mlp_n_layers': 4, 'mlp_dim_00': 266, 'mlp_dim_01': 371, 'mlp_dim_02': 333, 'mlp_dim_03': 120, 'node_hidden_dim': 98, 'edge_hidden_dim': 49, 'depth': 1, 'rep_dropout': 0.08601970543547834, 'train_learning_rate': 0.001857724950224232, 'train_lr_reduce': 0.6}. Best is trial 122 with value: 0.09548358619213104.
[I 2024-12-19 20:10:51,358] Trial 1299 finished with value: 0.3329222798347473 and parameters: {'mlp_n_layers': 3, 'mlp_dim_00': 113, 'mlp_dim_01': 276, 'mlp_dim_02': 387, 'node_hidden_dim': 121, 'edge_hidden_dim': 105, 'depth': 1, 'rep_dropout': 0.022171997013224372, 'train_learning_rate': 0.0005560194814920944, 'train_lr_reduce': 0.6}. Best is trial 122 with value: 0.09548358619213104.
[I 2024-12-19 20:10:51,822] Trial 1301 finished with value: 1.5705170631408691 and parameters: {'mlp_n_layers': 4, 'mlp_dim_00': 181, 'mlp_dim_01': 427, 'mlp_dim_02': 335, 'mlp_dim_03': 441, 'node_hidden_dim': 93, 'edge_hidden_dim': 56, 'depth': 3, 'rep_dropout': 0.102965745137853, 'train_learning_rate': 0.004739449758902894, 'train_lr_reduce': 0.6}. Best is trial 122 with value: 0.09548358619213104.
[I 2024-12-19 20:11:25,998] Trial 1300 finished with value: 0.11031265556812286 and parameters: {'mlp_n_layers': 4, 'mlp_dim_00': 422, 'mlp_dim_01': 431, 'mlp_dim_02': 512, 'mlp_dim_03': 415, 'node_hidden_dim': 99, 'edge_hidden_dim': 57, 'depth': 1, 'rep_dropout': 0.08732003712202811, 'train_learning_rate': 0.0005400993463360024, 'train_lr_reduce': 0.6}. Best is trial 122 with value: 0.09548358619213104.
[I 2024-12-19 20:11:29,671] Trial 1302 finished with value: 0.3595268130302429 and parameters: {'mlp_n_layers': 1, 'mlp_dim_00': 248, 'node_hidden_dim': 67, 'edge_hidden_dim': 91, 'depth': 2, 'rep_dropout': 0.0016773254927947012, 'train_learning_rate': 0.008054949270135128, 'train_lr_reduce': 0.6}. Best is trial 122 with value: 0.09548358619213104.
[I 2024-12-19 20:11:30,154] Trial 1303 finished with value: 0.11187748610973358 and parameters: {'mlp_n_layers': 4, 'mlp_dim_00': 185, 'mlp_dim_01': 364, 'mlp_dim_02': 421, 'mlp_dim_03': 288, 'node_hidden_dim': 79, 'edge_hidden_dim': 84, 'depth': 1, 'rep_dropout': 0.10507975019394131, 'train_learning_rate': 0.001070692718271032, 'train_lr_reduce': 0.6}. Best is trial 122 with value: 0.09548358619213104.
[I 2024-12-19 20:11:31,962] Trial 1304 finished with value: 1.6857128143310547 and parameters: {'mlp_n_layers': 4, 'mlp_dim_00': 81, 'mlp_dim_01': 317, 'mlp_dim_02': 284, 'mlp_dim_03': 373, 'node_hidden_dim': 49, 'edge_hidden_dim': 67, 'depth': 4, 'rep_dropout': 0.08671861304372201, 'train_learning_rate': 0.000365454905684109, 'train_lr_reduce': 0.6}. Best is trial 122 with value: 0.09548358619213104.
[I 2024-12-19 20:11:34,524] Trial 1305 finished with value: 1.676729440689087 and parameters: {'mlp_n_layers': 4, 'mlp_dim_00': 293, 'mlp_dim_01': 388, 'mlp_dim_02': 358, 'mlp_dim_03': 432, 'node_hidden_dim': 75, 'edge_hidden_dim': 36, 'depth': 1, 'rep_dropout': 0.08111573126219902, 'train_learning_rate': 0.00038477483539551345, 'train_lr_reduce': 0.6}. Best is trial 122 with value: 0.09548358619213104.
[I 2024-12-19 20:11:35,944] Trial 1307 finished with value: 1.6671836376190186 and parameters: {'mlp_n_layers': 3, 'mlp_dim_00': 369, 'mlp_dim_01': 430, 'mlp_dim_02': 461, 'node_hidden_dim': 89, 'edge_hidden_dim': 47, 'depth': 1, 'rep_dropout': 0.08677435547434137, 'train_learning_rate': 0.0004541733649766037, 'train_lr_reduce': 0.6}. Best is trial 122 with value: 0.09548358619213104.
[I 2024-12-19 20:11:39,363] Trial 1308 finished with value: 1.674820899963379 and parameters: {'mlp_n_layers': 4, 'mlp_dim_00': 186, 'mlp_dim_01': 338, 'mlp_dim_02': 386, 'mlp_dim_03': 447, 'node_hidden_dim': 94, 'edge_hidden_dim': 58, 'depth': 2, 'rep_dropout': 0.08784617935070943, 'train_learning_rate': 0.0004997985988646159, 'train_lr_reduce': 0.6}. Best is trial 122 with value: 0.09548358619213104.
[I 2024-12-19 20:11:40,508] Trial 1309 finished with value: 1.6285971403121948 and parameters: {'mlp_n_layers': 2, 'mlp_dim_00': 270, 'mlp_dim_01': 383, 'node_hidden_dim': 42, 'edge_hidden_dim': 118, 'depth': 1, 'rep_dropout': 0.10949551557514262, 'train_learning_rate': 0.001188849634623986, 'train_lr_reduce': 0.6}. Best is trial 122 with value: 0.09548358619213104.
[I 2024-12-19 20:11:45,425] Trial 1311 finished with value: 1.656132459640503 and parameters: {'mlp_n_layers': 3, 'mlp_dim_00': 326, 'mlp_dim_01': 428, 'mlp_dim_02': 414, 'node_hidden_dim': 87, 'edge_hidden_dim': 47, 'depth': 2, 'rep_dropout': 0.11374340143941294, 'train_learning_rate': 0.0010953813671209323, 'train_lr_reduce': 0.6}. Best is trial 122 with value: 0.09548358619213104.
[I 2024-12-19 20:11:49,318] Trial 1306 finished with value: 0.22336269915103912 and parameters: {'mlp_n_layers': 3, 'mlp_dim_00': 299, 'mlp_dim_01': 431, 'mlp_dim_02': 317, 'node_hidden_dim': 62, 'edge_hidden_dim': 60, 'depth': 1, 'rep_dropout': 0.07806982801080173, 'train_learning_rate': 0.0014948407075641098, 'train_lr_reduce': 0.6}. Best is trial 122 with value: 0.09548358619213104.
[I 2024-12-19 20:12:06,380] Trial 1312 finished with value: 0.19142267107963562 and parameters: {'mlp_n_layers': 3, 'mlp_dim_00': 485, 'mlp_dim_01': 311, 'mlp_dim_02': 234, 'node_hidden_dim': 87, 'edge_hidden_dim': 55, 'depth': 1, 'rep_dropout': 0.09161740411323262, 'train_learning_rate': 0.00109300275932461, 'train_lr_reduce': 0.6}. Best is trial 122 with value: 0.09548358619213104.
[I 2024-12-19 20:12:11,469] Trial 1314 finished with value: 1.6291011571884155 and parameters: {'mlp_n_layers': 3, 'mlp_dim_00': 325, 'mlp_dim_01': 435, 'mlp_dim_02': 512, 'node_hidden_dim': 89, 'edge_hidden_dim': 54, 'depth': 2, 'rep_dropout': 0.07996274951766139, 'train_learning_rate': 0.0010881461361994776, 'train_lr_reduce': 0.6}. Best is trial 122 with value: 0.09548358619213104.
[I 2024-12-19 20:12:16,916] Trial 1315 finished with value: 1.6386610269546509 and parameters: {'mlp_n_layers': 3, 'mlp_dim_00': 416, 'mlp_dim_01': 343, 'mlp_dim_02': 303, 'node_hidden_dim': 126, 'edge_hidden_dim': 38, 'depth': 4, 'rep_dropout': 0.1301912968694875, 'train_learning_rate': 0.001773144464728879, 'train_lr_reduce': 0.6}. Best is trial 122 with value: 0.09548358619213104.
[I 2024-12-19 20:12:17,287] Trial 1310 finished with value: 0.11708477139472961 and parameters: {'mlp_n_layers': 4, 'mlp_dim_00': 340, 'mlp_dim_01': 256, 'mlp_dim_02': 341, 'mlp_dim_03': 378, 'node_hidden_dim': 80, 'edge_hidden_dim': 60, 'depth': 1, 'rep_dropout': 0.10416253305527395, 'train_learning_rate': 0.0018072865156668818, 'train_lr_reduce': 0.6}. Best is trial 122 with value: 0.09548358619213104.
[I 2024-12-19 20:12:22,217] Trial 1317 finished with value: 1.6407103538513184 and parameters: {'mlp_n_layers': 3, 'mlp_dim_00': 503, 'mlp_dim_01': 438, 'mlp_dim_02': 335, 'node_hidden_dim': 95, 'edge_hidden_dim': 48, 'depth': 2, 'rep_dropout': 0.12181858817229146, 'train_learning_rate': 0.0009635959790137338, 'train_lr_reduce': 0.6}. Best is trial 122 with value: 0.09548358619213104.
[I 2024-12-19 20:12:28,100] Trial 1313 finished with value: 0.10076182335615158 and parameters: {'mlp_n_layers': 4, 'mlp_dim_00': 221, 'mlp_dim_01': 379, 'mlp_dim_02': 366, 'mlp_dim_03': 440, 'node_hidden_dim': 88, 'edge_hidden_dim': 68, 'depth': 1, 'rep_dropout': 0.1114437356059285, 'train_learning_rate': 0.0006159314269502298, 'train_lr_reduce': 0.6}. Best is trial 122 with value: 0.09548358619213104.
[I 2024-12-19 20:12:29,508] Trial 1316 finished with value: 0.7046347260475159 and parameters: {'mlp_n_layers': 4, 'mlp_dim_00': 330, 'mlp_dim_01': 397, 'mlp_dim_02': 457, 'mlp_dim_03': 336, 'node_hidden_dim': 81, 'edge_hidden_dim': 36, 'depth': 2, 'rep_dropout': 0.08578545730909547, 'train_learning_rate': 0.0011052300764001616, 'train_lr_reduce': 0.6}. Best is trial 122 with value: 0.09548358619213104.
[I 2024-12-19 20:12:32,444] Trial 1319 finished with value: 1.5683590173721313 and parameters: {'mlp_n_layers': 3, 'mlp_dim_00': 277, 'mlp_dim_01': 368, 'mlp_dim_02': 385, 'node_hidden_dim': 90, 'edge_hidden_dim': 70, 'depth': 1, 'rep_dropout': 0.10963876874301376, 'train_learning_rate': 0.0019853660787776334, 'train_lr_reduce': 0.6}. Best is trial 122 with value: 0.09548358619213104.
[I 2024-12-19 20:12:48,417] Trial 1318 finished with value: 0.12116061896085739 and parameters: {'mlp_n_layers': 4, 'mlp_dim_00': 342, 'mlp_dim_01': 294, 'mlp_dim_02': 397, 'mlp_dim_03': 468, 'node_hidden_dim': 74, 'edge_hidden_dim': 59, 'depth': 1, 'rep_dropout': 0.06832186740580462, 'train_learning_rate': 0.0009352813188736799, 'train_lr_reduce': 0.6}. Best is trial 122 with value: 0.09548358619213104.
[I 2024-12-19 20:12:53,936] Trial 1320 finished with value: 0.20068737864494324 and parameters: {'mlp_n_layers': 4, 'mlp_dim_00': 274, 'mlp_dim_01': 364, 'mlp_dim_02': 412, 'mlp_dim_03': 456, 'node_hidden_dim': 85, 'edge_hidden_dim': 47, 'depth': 1, 'rep_dropout': 0.07965542813021664, 'train_learning_rate': 0.0016101075047244844, 'train_lr_reduce': 0.6}. Best is trial 122 with value: 0.09548358619213104.
