[I 2024-12-19 21:13:07,550] Trial 1687 finished with value: 1.1464754343032837 and parameters: {'mlp_n_layers': 1, 'mlp_dim_00': 493, 'node_hidden_dim': 33, 'edge_hidden_dim': 45, 'depth': 2, 'rep_dropout': 0.03025036723317492, 'train_learning_rate': 0.0020176488510534273, 'train_lr_reduce': 0.6}. Best is trial 1559 with value: 0.11043421924114227.
[I 2024-12-19 21:13:34,659] Trial 1684 finished with value: 0.1923469603061676 and parameters: {'mlp_n_layers': 1, 'mlp_dim_00': 397, 'node_hidden_dim': 45, 'edge_hidden_dim': 45, 'depth': 1, 'rep_dropout': 0.04932653299870003, 'train_learning_rate': 0.0012504737966040136, 'train_lr_reduce': 0.6}. Best is trial 1559 with value: 0.11043421924114227.
[I 2024-12-19 21:13:41,338] Trial 1690 finished with value: 0.1562691032886505 and parameters: {'mlp_n_layers': 1, 'mlp_dim_00': 475, 'node_hidden_dim': 52, 'edge_hidden_dim': 44, 'depth': 1, 'rep_dropout': 0.0127536422905767, 'train_learning_rate': 0.001908063411696023, 'train_lr_reduce': 0.6}. Best is trial 1559 with value: 0.11043421924114227.
[I 2024-12-19 21:13:42,617] Trial 1689 finished with value: 0.13156208395957947 and parameters: {'mlp_n_layers': 2, 'mlp_dim_00': 361, 'mlp_dim_01': 141, 'node_hidden_dim': 32, 'edge_hidden_dim': 92, 'depth': 1, 'rep_dropout': 0.019249126125565594, 'train_learning_rate': 0.005257564630153201, 'train_lr_reduce': 0.6}. Best is trial 1559 with value: 0.11043421924114227.
[I 2024-12-19 21:14:16,104] Trial 1691 finished with value: 0.16441547870635986 and parameters: {'mlp_n_layers': 1, 'mlp_dim_00': 260, 'node_hidden_dim': 34, 'edge_hidden_dim': 114, 'depth': 2, 'rep_dropout': 0.02621065403907038, 'train_learning_rate': 0.003196698241300241, 'train_lr_reduce': 0.6}. Best is trial 1559 with value: 0.11043421924114227.
[I 2024-12-19 21:14:23,335] Trial 1693 finished with value: 0.1344335973262787 and parameters: {'mlp_n_layers': 1, 'mlp_dim_00': 508, 'node_hidden_dim': 40, 'edge_hidden_dim': 52, 'depth': 1, 'rep_dropout': 0.04375210036629193, 'train_learning_rate': 0.0033750125174944615, 'train_lr_reduce': 0.6}. Best is trial 1559 with value: 0.11043421924114227.
[I 2024-12-19 21:14:25,123] Trial 1692 finished with value: 0.1544131636619568 and parameters: {'mlp_n_layers': 1, 'mlp_dim_00': 459, 'node_hidden_dim': 45, 'edge_hidden_dim': 60, 'depth': 1, 'rep_dropout': 0.05451919403182726, 'train_learning_rate': 0.003888901814382231, 'train_lr_reduce': 0.6}. Best is trial 1559 with value: 0.11043421924114227.
[I 2024-12-19 21:14:54,372] Trial 1695 finished with value: 0.17883825302124023 and parameters: {'mlp_n_layers': 1, 'mlp_dim_00': 439, 'node_hidden_dim': 52, 'edge_hidden_dim': 43, 'depth': 1, 'rep_dropout': 0.03568744496196781, 'train_learning_rate': 0.003266993784744221, 'train_lr_reduce': 0.6}. Best is trial 1559 with value: 0.11043421924114227.
[I 2024-12-19 21:14:55,807] Trial 1694 finished with value: 0.13974137604236603 and parameters: {'mlp_n_layers': 2, 'mlp_dim_00': 408, 'mlp_dim_01': 512, 'node_hidden_dim': 51, 'edge_hidden_dim': 69, 'depth': 1, 'rep_dropout': 0.05896568270349699, 'train_learning_rate': 0.004325587011561254, 'train_lr_reduce': 0.6}. Best is trial 1559 with value: 0.11043421924114227.
[I 2024-12-19 21:15:01,242] Trial 1696 finished with value: 0.17759351432323456 and parameters: {'mlp_n_layers': 1, 'mlp_dim_00': 380, 'node_hidden_dim': 47, 'edge_hidden_dim': 39, 'depth': 1, 'rep_dropout': 0.04686201811372773, 'train_learning_rate': 0.008667475696973417, 'train_lr_reduce': 0.6}. Best is trial 1559 with value: 0.11043421924114227.
[I 2024-12-19 21:15:01,247] Trial 1698 finished with value: 1.1478877067565918 and parameters: {'mlp_n_layers': 1, 'mlp_dim_00': 173, 'node_hidden_dim': 38, 'edge_hidden_dim': 82, 'depth': 2, 'rep_dropout': 0.04120741351748706, 'train_learning_rate': 0.0013453088691900916, 'train_lr_reduce': 0.6}. Best is trial 1559 with value: 0.11043421924114227.
[I 2024-12-19 21:15:06,352] Trial 1699 finished with value: 1.1425907611846924 and parameters: {'mlp_n_layers': 1, 'mlp_dim_00': 445, 'node_hidden_dim': 34, 'edge_hidden_dim': 56, 'depth': 1, 'rep_dropout': 0.018764814609544017, 'train_learning_rate': 0.004246698646198746, 'train_lr_reduce': 0.6}. Best is trial 1559 with value: 0.11043421924114227.
[I 2024-12-19 21:15:06,907] Trial 1700 finished with value: 1.1428500413894653 and parameters: {'mlp_n_layers': 1, 'mlp_dim_00': 113, 'node_hidden_dim': 93, 'edge_hidden_dim': 45, 'depth': 2, 'rep_dropout': 0.03930822007189377, 'train_learning_rate': 0.003577383052444907, 'train_lr_reduce': 0.6}. Best is trial 1559 with value: 0.11043421924114227.
[I 2024-12-19 21:15:34,923] Trial 1697 finished with value: 0.1345635950565338 and parameters: {'mlp_n_layers': 1, 'mlp_dim_00': 489, 'node_hidden_dim': 34, 'edge_hidden_dim': 49, 'depth': 1, 'rep_dropout': 0.05232374673711089, 'train_learning_rate': 0.003425419645040911, 'train_lr_reduce': 0.6}. Best is trial 1559 with value: 0.11043421924114227.
[I 2024-12-19 21:15:39,426] Trial 1703 finished with value: 1.1432831287384033 and parameters: {'mlp_n_layers': 2, 'mlp_dim_00': 468, 'mlp_dim_01': 217, 'node_hidden_dim': 57, 'edge_hidden_dim': 48, 'depth': 1, 'rep_dropout': 0.11713864169342719, 'train_learning_rate': 0.0012001752586935056, 'train_lr_reduce': 0.6}. Best is trial 1559 with value: 0.11043421924114227.
[I 2024-12-19 21:15:41,531] Trial 1701 finished with value: 0.13305315375328064 and parameters: {'mlp_n_layers': 1, 'mlp_dim_00': 436, 'node_hidden_dim': 34, 'edge_hidden_dim': 64, 'depth': 1, 'rep_dropout': 0.041478161858683936, 'train_learning_rate': 0.0024730232257524996, 'train_lr_reduce': 0.6}. Best is trial 1559 with value: 0.11043421924114227.
[I 2024-12-19 21:15:43,921] Trial 1704 finished with value: 1.1449300050735474 and parameters: {'mlp_n_layers': 1, 'mlp_dim_00': 433, 'node_hidden_dim': 34, 'edge_hidden_dim': 44, 'depth': 1, 'rep_dropout': 0.0024132798732610958, 'train_learning_rate': 0.0015697510862327237, 'train_lr_reduce': 0.6}. Best is trial 1559 with value: 0.11043421924114227.
[I 2024-12-19 21:15:45,868] Trial 1702 finished with value: 0.19745281338691711 and parameters: {'mlp_n_layers': 1, 'mlp_dim_00': 395, 'node_hidden_dim': 40, 'edge_hidden_dim': 41, 'depth': 1, 'rep_dropout': 0.0062189884088356216, 'train_learning_rate': 0.009623783630718207, 'train_lr_reduce': 0.6}. Best is trial 1559 with value: 0.11043421924114227.
[I 2024-12-19 21:15:50,711] Trial 1707 finished with value: 1.141874074935913 and parameters: {'mlp_n_layers': 1, 'mlp_dim_00': 447, 'node_hidden_dim': 32, 'edge_hidden_dim': 44, 'depth': 2, 'rep_dropout': 0.007746951639338778, 'train_learning_rate': 0.007877354417265104, 'train_lr_reduce': 0.6}. Best is trial 1559 with value: 0.11043421924114227.
[I 2024-12-19 21:15:56,095] Trial 1708 finished with value: 1.1426409482955933 and parameters: {'mlp_n_layers': 1, 'mlp_dim_00': 510, 'node_hidden_dim': 32, 'edge_hidden_dim': 57, 'depth': 1, 'rep_dropout': 0.0940639982375536, 'train_learning_rate': 0.0025287054063440157, 'train_lr_reduce': 0.6}. Best is trial 1559 with value: 0.11043421924114227.
[I 2024-12-19 21:16:00,956] Trial 1709 finished with value: 1.1496291160583496 and parameters: {'mlp_n_layers': 1, 'mlp_dim_00': 247, 'node_hidden_dim': 52, 'edge_hidden_dim': 100, 'depth': 2, 'rep_dropout': 0.02112939603180556, 'train_learning_rate': 0.0010371988420783906, 'train_lr_reduce': 0.6}. Best is trial 1559 with value: 0.11043421924114227.
[I 2024-12-19 21:16:06,291] Trial 1706 finished with value: 0.21597033739089966 and parameters: {'mlp_n_layers': 1, 'mlp_dim_00': 512, 'node_hidden_dim': 34, 'edge_hidden_dim': 71, 'depth': 2, 'rep_dropout': 0.06540881350662053, 'train_learning_rate': 0.004271911240012532, 'train_lr_reduce': 0.6}. Best is trial 1559 with value: 0.11043421924114227.
[I 2024-12-19 21:16:06,603] Trial 1710 finished with value: 1.148370623588562 and parameters: {'mlp_n_layers': 1, 'mlp_dim_00': 286, 'node_hidden_dim': 37, 'edge_hidden_dim': 85, 'depth': 1, 'rep_dropout': 0.08359339027661188, 'train_learning_rate': 0.0008273000809286377, 'train_lr_reduce': 0.6}. Best is trial 1559 with value: 0.11043421924114227.
[I 2024-12-19 21:16:15,541] Trial 1711 finished with value: 1.1420572996139526 and parameters: {'mlp_n_layers': 4, 'mlp_dim_00': 161, 'mlp_dim_01': 462, 'mlp_dim_02': 106, 'mlp_dim_03': 199, 'node_hidden_dim': 112, 'edge_hidden_dim': 52, 'depth': 4, 'rep_dropout': 0.006471377049841756, 'train_learning_rate': 0.00018662608537568296, 'train_lr_reduce': 0.6}. Best is trial 1559 with value: 0.11043421924114227.
[I 2024-12-19 21:16:16,506] Trial 1705 finished with value: 0.190257266163826 and parameters: {'mlp_n_layers': 1, 'mlp_dim_00': 415, 'node_hidden_dim': 49, 'edge_hidden_dim': 62, 'depth': 1, 'rep_dropout': 0.005226658869516038, 'train_learning_rate': 0.0020735388898919078, 'train_lr_reduce': 0.6}. Best is trial 1559 with value: 0.11043421924114227.
[I 2024-12-19 21:16:22,914] Trial 1714 finished with value: 1.1443663835525513 and parameters: {'mlp_n_layers': 2, 'mlp_dim_00': 407, 'mlp_dim_01': 360, 'node_hidden_dim': 94, 'edge_hidden_dim': 109, 'depth': 3, 'rep_dropout': 0.03608797818307919, 'train_learning_rate': 0.0010854594108957053, 'train_lr_reduce': 0.6}. Best is trial 1559 with value: 0.11043421924114227.
[I 2024-12-19 21:16:29,041] Trial 1715 finished with value: 1.1443322896957397 and parameters: {'mlp_n_layers': 3, 'mlp_dim_00': 436, 'mlp_dim_01': 403, 'mlp_dim_02': 67, 'node_hidden_dim': 124, 'edge_hidden_dim': 93, 'depth': 3, 'rep_dropout': 0.08240216565751951, 'train_learning_rate': 0.0006120657831013522, 'train_lr_reduce': 0.6}. Best is trial 1559 with value: 0.11043421924114227.
[I 2024-12-19 21:16:34,581] Trial 1716 finished with value: 1.1459232568740845 and parameters: {'mlp_n_layers': 3, 'mlp_dim_00': 396, 'mlp_dim_01': 315, 'mlp_dim_02': 171, 'node_hidden_dim': 53, 'edge_hidden_dim': 64, 'depth': 2, 'rep_dropout': 0.003959492495993232, 'train_learning_rate': 0.0034607207513451432, 'train_lr_reduce': 0.6}. Best is trial 1559 with value: 0.11043421924114227.
[I 2024-12-19 21:16:38,508] Trial 1712 finished with value: 0.18022869527339935 and parameters: {'mlp_n_layers': 1, 'mlp_dim_00': 388, 'node_hidden_dim': 50, 'edge_hidden_dim': 58, 'depth': 1, 'rep_dropout': 0.028484783073637703, 'train_learning_rate': 0.009014733106137124, 'train_lr_reduce': 0.6}. Best is trial 1559 with value: 0.11043421924114227.
[I 2024-12-19 21:16:41,017] Trial 1717 finished with value: 1.1422386169433594 and parameters: {'mlp_n_layers': 2, 'mlp_dim_00': 132, 'mlp_dim_01': 463, 'node_hidden_dim': 57, 'edge_hidden_dim': 49, 'depth': 2, 'rep_dropout': 0.0237167770315675, 'train_learning_rate': 0.00020095720644089314, 'train_lr_reduce': 0.6}. Best is trial 1559 with value: 0.11043421924114227.
[I 2024-12-19 21:16:41,757] Trial 1713 finished with value: 0.16797596216201782 and parameters: {'mlp_n_layers': 1, 'mlp_dim_00': 314, 'node_hidden_dim': 48, 'edge_hidden_dim': 65, 'depth': 1, 'rep_dropout': 0.05503023457645967, 'train_learning_rate': 0.002741938273892217, 'train_lr_reduce': 0.6}. Best is trial 1559 with value: 0.11043421924114227.
[I 2024-12-19 21:16:44,255] Trial 1718 finished with value: 1.1537021398544312 and parameters: {'mlp_n_layers': 2, 'mlp_dim_00': 437, 'mlp_dim_01': 407, 'node_hidden_dim': 57, 'edge_hidden_dim': 65, 'depth': 2, 'rep_dropout': 0.023725532959670528, 'train_learning_rate': 0.0013420570447417526, 'train_lr_reduce': 0.6}. Best is trial 1559 with value: 0.11043421924114227.
[I 2024-12-19 21:16:46,429] Trial 1719 finished with value: 1.145527958869934 and parameters: {'mlp_n_layers': 1, 'mlp_dim_00': 496, 'node_hidden_dim': 35, 'edge_hidden_dim': 53, 'depth': 2, 'rep_dropout': 0.058672748654751264, 'train_learning_rate': 0.0055806020459879, 'train_lr_reduce': 0.6}. Best is trial 1559 with value: 0.11043421924114227.
[I 2024-12-19 21:16:50,583] Trial 1721 finished with value: 1.1422570943832397 and parameters: {'mlp_n_layers': 2, 'mlp_dim_00': 358, 'mlp_dim_01': 278, 'node_hidden_dim': 71, 'edge_hidden_dim': 117, 'depth': 3, 'rep_dropout': 0.09356503046474385, 'train_learning_rate': 0.0002600753976413575, 'train_lr_reduce': 0.6}. Best is trial 1559 with value: 0.11043421924114227.
[I 2024-12-19 21:16:52,518] Trial 1722 finished with value: 1.143295407295227 and parameters: {'mlp_n_layers': 3, 'mlp_dim_00': 134, 'mlp_dim_01': 456, 'mlp_dim_02': 379, 'node_hidden_dim': 89, 'edge_hidden_dim': 93, 'depth': 3, 'rep_dropout': 0.006122622559236124, 'train_learning_rate': 0.000638454701900938, 'train_lr_reduce': 0.6}. Best is trial 1559 with value: 0.11043421924114227.
[I 2024-12-19 21:17:08,535] Trial 1720 finished with value: 0.18202726542949677 and parameters: {'mlp_n_layers': 1, 'mlp_dim_00': 512, 'node_hidden_dim': 55, 'edge_hidden_dim': 57, 'depth': 2, 'rep_dropout': 0.053752087185564984, 'train_learning_rate': 0.006476443175466564, 'train_lr_reduce': 0.6}. Best is trial 1559 with value: 0.11043421924114227.
[I 2024-12-19 21:17:31,934] Trial 1723 finished with value: 0.15330266952514648 and parameters: {'mlp_n_layers': 1, 'mlp_dim_00': 343, 'node_hidden_dim': 51, 'edge_hidden_dim': 70, 'depth': 1, 'rep_dropout': 0.051044889395320286, 'train_learning_rate': 0.0013215535743731212, 'train_lr_reduce': 0.6}. Best is trial 1559 with value: 0.11043421924114227.
[I 2024-12-19 21:17:33,174] Trial 1724 finished with value: 0.11986541748046875 and parameters: {'mlp_n_layers': 1, 'mlp_dim_00': 465, 'node_hidden_dim': 46, 'edge_hidden_dim': 53, 'depth': 1, 'rep_dropout': 0.06244772249138825, 'train_learning_rate': 0.00976960194647061, 'train_lr_reduce': 0.6}. Best is trial 1559 with value: 0.11043421924114227.
[I 2024-12-19 21:17:51,041] Trial 1725 finished with value: 0.12701386213302612 and parameters: {'mlp_n_layers': 1, 'mlp_dim_00': 473, 'node_hidden_dim': 33, 'edge_hidden_dim': 66, 'depth': 1, 'rep_dropout': 0.04974075723543539, 'train_learning_rate': 0.003230289903699307, 'train_lr_reduce': 0.6}. Best is trial 1559 with value: 0.11043421924114227.
[I 2024-12-19 21:17:57,517] Trial 1728 finished with value: 1.1426289081573486 and parameters: {'mlp_n_layers': 3, 'mlp_dim_00': 436, 'mlp_dim_01': 346, 'mlp_dim_02': 461, 'node_hidden_dim': 88, 'edge_hidden_dim': 70, 'depth': 2, 'rep_dropout': 0.13633563016377903, 'train_learning_rate': 0.0002454255027219703, 'train_lr_reduce': 0.6}. Best is trial 1559 with value: 0.11043421924114227.
[I 2024-12-19 21:18:03,917] Trial 1729 finished with value: 1.143165946006775 and parameters: {'mlp_n_layers': 2, 'mlp_dim_00': 114, 'mlp_dim_01': 474, 'node_hidden_dim': 103, 'edge_hidden_dim': 34, 'depth': 2, 'rep_dropout': 0.023957281539291837, 'train_learning_rate': 0.000649346091079899, 'train_lr_reduce': 0.6}. Best is trial 1559 with value: 0.11043421924114227.
[I 2024-12-19 21:18:07,268] Trial 1726 finished with value: 0.1675051897764206 and parameters: {'mlp_n_layers': 1, 'mlp_dim_00': 510, 'node_hidden_dim': 43, 'edge_hidden_dim': 59, 'depth': 1, 'rep_dropout': 0.05439267109214874, 'train_learning_rate': 0.00655203585473481, 'train_lr_reduce': 0.6}. Best is trial 1559 with value: 0.11043421924114227.
[I 2024-12-19 21:18:18,566] Trial 1730 finished with value: 0.6938082575798035 and parameters: {'mlp_n_layers': 4, 'mlp_dim_00': 280, 'mlp_dim_01': 511, 'mlp_dim_02': 256, 'mlp_dim_03': 66, 'node_hidden_dim': 100, 'edge_hidden_dim': 77, 'depth': 3, 'rep_dropout': 0.11728915105460429, 'train_learning_rate': 0.009500656188431758, 'train_lr_reduce': 0.6}. Best is trial 1559 with value: 0.11043421924114227.
[I 2024-12-19 21:18:20,176] Trial 1727 finished with value: 0.17916984856128693 and parameters: {'mlp_n_layers': 1, 'mlp_dim_00': 418, 'node_hidden_dim': 33, 'edge_hidden_dim': 76, 'depth': 1, 'rep_dropout': 0.07183787288705162, 'train_learning_rate': 0.006372324528644392, 'train_lr_reduce': 0.6}. Best is trial 1559 with value: 0.11043421924114227.
[I 2024-12-19 21:18:26,085] Trial 1733 finished with value: 1.1441401243209839 and parameters: {'mlp_n_layers': 1, 'mlp_dim_00': 505, 'node_hidden_dim': 33, 'edge_hidden_dim': 46, 'depth': 1, 'rep_dropout': 0.041908737105594375, 'train_learning_rate': 0.0012608320104361495, 'train_lr_reduce': 0.6}. Best is trial 1559 with value: 0.11043421924114227.
[I 2024-12-19 21:18:47,759] Trial 1734 finished with value: 0.26109007000923157 and parameters: {'mlp_n_layers': 1, 'mlp_dim_00': 465, 'node_hidden_dim': 46, 'edge_hidden_dim': 32, 'depth': 1, 'rep_dropout': 0.0661092169069128, 'train_learning_rate': 0.006774270426607165, 'train_lr_reduce': 0.6}. Best is trial 1559 with value: 0.11043421924114227.
[I 2024-12-19 21:18:47,938] Trial 1731 finished with value: 0.1694277673959732 and parameters: {'mlp_n_layers': 1, 'mlp_dim_00': 422, 'node_hidden_dim': 60, 'edge_hidden_dim': 44, 'depth': 2, 'rep_dropout': 0.05873229429899534, 'train_learning_rate': 0.009944400385895629, 'train_lr_reduce': 0.6}. Best is trial 1559 with value: 0.11043421924114227.
[I 2024-12-19 21:18:58,475] Trial 1732 finished with value: 0.2546623647212982 and parameters: {'mlp_n_layers': 1, 'mlp_dim_00': 469, 'node_hidden_dim': 54, 'edge_hidden_dim': 74, 'depth': 1, 'rep_dropout': 0.07323526944698815, 'train_learning_rate': 0.006592274601510931, 'train_lr_reduce': 0.6}. Best is trial 1559 with value: 0.11043421924114227.
[I 2024-12-19 21:19:09,999] Trial 1735 finished with value: 0.22001561522483826 and parameters: {'mlp_n_layers': 1, 'mlp_dim_00': 364, 'node_hidden_dim': 61, 'edge_hidden_dim': 45, 'depth': 1, 'rep_dropout': 0.0619039780481926, 'train_learning_rate': 0.006489067084033946, 'train_lr_reduce': 0.6}. Best is trial 1559 with value: 0.11043421924114227.
[I 2024-12-19 21:19:26,496] Trial 1736 finished with value: 0.15919581055641174 and parameters: {'mlp_n_layers': 1, 'mlp_dim_00': 400, 'node_hidden_dim': 53, 'edge_hidden_dim': 54, 'depth': 1, 'rep_dropout': 0.0721323766181451, 'train_learning_rate': 0.004935871332398081, 'train_lr_reduce': 0.6}. Best is trial 1559 with value: 0.11043421924114227.
[I 2024-12-19 21:19:37,905] Trial 1737 finished with value: 0.15559746325016022 and parameters: {'mlp_n_layers': 2, 'mlp_dim_00': 383, 'mlp_dim_01': 394, 'node_hidden_dim': 43, 'edge_hidden_dim': 34, 'depth': 1, 'rep_dropout': 0.06758272865644253, 'train_learning_rate': 0.002985201779059448, 'train_lr_reduce': 0.6}. Best is trial 1559 with value: 0.11043421924114227.
[I 2024-12-19 21:19:45,156] Trial 1738 finished with value: 0.2129131257534027 and parameters: {'mlp_n_layers': 1, 'mlp_dim_00': 478, 'node_hidden_dim': 33, 'edge_hidden_dim': 44, 'depth': 1, 'rep_dropout': 0.07169034992329479, 'train_learning_rate': 0.008047882758161116, 'train_lr_reduce': 0.6}. Best is trial 1559 with value: 0.11043421924114227.
[I 2024-12-19 21:20:04,008] Trial 1739 finished with value: 0.1296156942844391 and parameters: {'mlp_n_layers': 1, 'mlp_dim_00': 428, 'node_hidden_dim': 45, 'edge_hidden_dim': 55, 'depth': 1, 'rep_dropout': 0.03036561369856134, 'train_learning_rate': 0.006016117733148378, 'train_lr_reduce': 0.6}. Best is trial 1559 with value: 0.11043421924114227.
[I 2024-12-19 21:20:09,381] Trial 1742 finished with value: 1.1427029371261597 and parameters: {'mlp_n_layers': 2, 'mlp_dim_00': 420, 'mlp_dim_01': 64, 'node_hidden_dim': 45, 'edge_hidden_dim': 45, 'depth': 2, 'rep_dropout': 0.059340387249483234, 'train_learning_rate': 0.004735692202924088, 'train_lr_reduce': 0.6}. Best is trial 1559 with value: 0.11043421924114227.
[I 2024-12-19 21:20:16,305] Trial 1740 finished with value: 0.13756728172302246 and parameters: {'mlp_n_layers': 1, 'mlp_dim_00': 482, 'node_hidden_dim': 34, 'edge_hidden_dim': 58, 'depth': 1, 'rep_dropout': 0.0663858140757004, 'train_learning_rate': 0.007069635118044393, 'train_lr_reduce': 0.6}. Best is trial 1559 with value: 0.11043421924114227.
[I 2024-12-19 21:20:21,961] Trial 1744 finished with value: 1.1458392143249512 and parameters: {'mlp_n_layers': 4, 'mlp_dim_00': 169, 'mlp_dim_01': 430, 'mlp_dim_02': 332, 'mlp_dim_03': 392, 'node_hidden_dim': 111, 'edge_hidden_dim': 42, 'depth': 4, 'rep_dropout': 0.05185557642313998, 'train_learning_rate': 0.002297025627634682, 'train_lr_reduce': 0.6}. Best is trial 1559 with value: 0.11043421924114227.
[I 2024-12-19 21:20:23,740] Trial 1741 finished with value: 0.18058179318904877 and parameters: {'mlp_n_layers': 1, 'mlp_dim_00': 461, 'node_hidden_dim': 44, 'edge_hidden_dim': 64, 'depth': 1, 'rep_dropout': 0.08746100995943223, 'train_learning_rate': 0.009212240756481504, 'train_lr_reduce': 0.6}. Best is trial 1559 with value: 0.11043421924114227.
[I 2024-12-19 21:20:27,159] Trial 1743 finished with value: 0.4883088171482086 and parameters: {'mlp_n_layers': 1, 'mlp_dim_00': 427, 'node_hidden_dim': 33, 'edge_hidden_dim': 48, 'depth': 2, 'rep_dropout': 0.05032134584921052, 'train_learning_rate': 0.004606167657545045, 'train_lr_reduce': 0.6}. Best is trial 1559 with value: 0.11043421924114227.
[I 2024-12-19 21:20:27,575] Trial 1745 finished with value: 1.1433978080749512 and parameters: {'mlp_n_layers': 3, 'mlp_dim_00': 68, 'mlp_dim_01': 349, 'mlp_dim_02': 170, 'node_hidden_dim': 88, 'edge_hidden_dim': 122, 'depth': 2, 'rep_dropout': 0.07123913198393668, 'train_learning_rate': 0.0010649603413996722, 'train_lr_reduce': 0.6}. Best is trial 1559 with value: 0.11043421924114227.
[I 2024-12-19 21:21:02,580] Trial 1746 finished with value: 0.13533322513103485 and parameters: {'mlp_n_layers': 2, 'mlp_dim_00': 419, 'mlp_dim_01': 245, 'node_hidden_dim': 33, 'edge_hidden_dim': 39, 'depth': 1, 'rep_dropout': 0.05504336590083623, 'train_learning_rate': 0.00616769069659546, 'train_lr_reduce': 0.6}. Best is trial 1559 with value: 0.11043421924114227.
[I 2024-12-19 21:21:04,340] Trial 1747 finished with value: 0.120579294860363 and parameters: {'mlp_n_layers': 1, 'mlp_dim_00': 506, 'node_hidden_dim': 34, 'edge_hidden_dim': 63, 'depth': 1, 'rep_dropout': 0.055547978615588744, 'train_learning_rate': 0.004802632337903862, 'train_lr_reduce': 0.6}. Best is trial 1559 with value: 0.11043421924114227.
