[I 2024-12-04 17:54:25,381] Trial 1508 finished with value: 0.31530833760092347 and parameters: {'n_estimators': 898, 'max_depth': 6, 'learning_rate': 0.07512728135028693, 'subsample': 0.7683087439638001, 'colsample_bytree': 0.7197826536367682, 'min_child_weight': 2, 'gamma': 0.0007547842033207439, 'reg_alpha': 0.00011758254191912158, 'reg_lambda': 0.01645831210881264}. Best is trial 1319 with value: 0.30197738672869706.
[I 2024-12-04 17:54:26,957] Trial 1509 finished with value: 0.31631698051380747 and parameters: {'n_estimators': 901, 'max_depth': 6, 'learning_rate': 0.07502812531497795, 'subsample': 0.7682453704268299, 'colsample_bytree': 0.7201407116669335, 'min_child_weight': 2, 'gamma': 0.0007718131629513299, 'reg_alpha': 0.00012243401685962853, 'reg_lambda': 0.013827514788110482}. Best is trial 1319 with value: 0.30197738672869706.
[I 2024-12-04 17:54:28,428] Trial 1510 finished with value: 0.31343416392551526 and parameters: {'n_estimators': 891, 'max_depth': 6, 'learning_rate': 0.07473298495681426, 'subsample': 0.7686049208213103, 'colsample_bytree': 0.7217292671943223, 'min_child_weight': 2, 'gamma': 0.0007369880120888613, 'reg_alpha': 0.00010461857823756081, 'reg_lambda': 0.013446574203698056}. Best is trial 1319 with value: 0.30197738672869706.
[I 2024-12-04 17:54:29,809] Trial 1511 finished with value: 0.31903057684558295 and parameters: {'n_estimators': 901, 'max_depth': 6, 'learning_rate': 0.07590843036855449, 'subsample': 0.7682817188078856, 'colsample_bytree': 0.7182227495335839, 'min_child_weight': 2, 'gamma': 0.0008125641389998745, 'reg_alpha': 0.0001212592311717105, 'reg_lambda': 0.015711669907992373}. Best is trial 1319 with value: 0.30197738672869706.
[I 2024-12-04 17:54:31,180] Trial 1512 finished with value: 0.3088681414977389 and parameters: {'n_estimators': 902, 'max_depth': 6, 'learning_rate': 0.07540820574659508, 'subsample': 0.7682681506240688, 'colsample_bytree': 0.7208001422682272, 'min_child_weight': 2, 'gamma': 0.0007614829115803729, 'reg_alpha': 0.00010995136836143049, 'reg_lambda': 0.014848112510609059}. Best is trial 1319 with value: 0.30197738672869706.
[I 2024-12-04 17:54:32,538] Trial 1513 finished with value: 0.3129361342938412 and parameters: {'n_estimators': 894, 'max_depth': 6, 'learning_rate': 0.07501747992735341, 'subsample': 0.7690625777109789, 'colsample_bytree': 0.7201303657949845, 'min_child_weight': 2, 'gamma': 0.0007876708467618341, 'reg_alpha': 0.00013419009061075248, 'reg_lambda': 0.013554190468319237}. Best is trial 1319 with value: 0.30197738672869706.
[I 2024-12-04 17:54:33,905] Trial 1514 finished with value: 0.3120606657723747 and parameters: {'n_estimators': 897, 'max_depth': 6, 'learning_rate': 0.0751057074814446, 'subsample': 0.7689541262476174, 'colsample_bytree': 0.7212909054760858, 'min_child_weight': 2, 'gamma': 0.0007695610110223515, 'reg_alpha': 0.00011126484715840602, 'reg_lambda': 0.01403045452744356}. Best is trial 1319 with value: 0.30197738672869706.
[I 2024-12-04 17:54:35,257] Trial 1515 finished with value: 0.31719584202576934 and parameters: {'n_estimators': 890, 'max_depth': 6, 'learning_rate': 0.07635904429995685, 'subsample': 0.7680991846393347, 'colsample_bytree': 0.7200836531325743, 'min_child_weight': 2, 'gamma': 0.000751865612610528, 'reg_alpha': 0.0001510985626877395, 'reg_lambda': 0.01504470802972202}. Best is trial 1319 with value: 0.30197738672869706.
[I 2024-12-04 17:54:36,606] Trial 1516 finished with value: 0.3167090593160157 and parameters: {'n_estimators': 889, 'max_depth': 6, 'learning_rate': 0.07547400675930854, 'subsample': 0.7679675704203819, 'colsample_bytree': 0.7222847625986745, 'min_child_weight': 2, 'gamma': 0.0007658123333085414, 'reg_alpha': 0.00012059558906785681, 'reg_lambda': 0.01367358923554557}. Best is trial 1319 with value: 0.30197738672869706.
[I 2024-12-04 17:54:37,979] Trial 1517 finished with value: 0.3139544785166615 and parameters: {'n_estimators': 898, 'max_depth': 6, 'learning_rate': 0.07503017822010019, 'subsample': 0.7690853359811309, 'colsample_bytree': 0.7214911480039047, 'min_child_weight': 2, 'gamma': 0.0008241866484100969, 'reg_alpha': 0.00011176494045590832, 'reg_lambda': 0.015389183924165885}. Best is trial 1319 with value: 0.30197738672869706.
[I 2024-12-04 17:54:39,328] Trial 1518 finished with value: 0.3113552280251688 and parameters: {'n_estimators': 889, 'max_depth': 6, 'learning_rate': 0.07501802700365233, 'subsample': 0.7694808283698444, 'colsample_bytree': 0.7187088397187925, 'min_child_weight': 2, 'gamma': 0.0007882309309842684, 'reg_alpha': 0.00011843653442605243, 'reg_lambda': 0.013127396157018432}. Best is trial 1319 with value: 0.30197738672869706.
[I 2024-12-04 17:54:40,774] Trial 1519 finished with value: 0.3175343013727253 and parameters: {'n_estimators': 896, 'max_depth': 6, 'learning_rate': 0.07540839068198697, 'subsample': 0.768337120263374, 'colsample_bytree': 0.7222905536300973, 'min_child_weight': 2, 'gamma': 0.0007717228248166913, 'reg_alpha': 0.00010720988132593317, 'reg_lambda': 0.014432245361297863}. Best is trial 1319 with value: 0.30197738672869706.
[I 2024-12-04 17:54:42,148] Trial 1520 finished with value: 0.3152188359701703 and parameters: {'n_estimators': 896, 'max_depth': 6, 'learning_rate': 0.07498050463443698, 'subsample': 0.7684720133519836, 'colsample_bytree': 0.7208420176910582, 'min_child_weight': 2, 'gamma': 0.0007924673691428237, 'reg_alpha': 0.00011191892464256394, 'reg_lambda': 0.013462168324894273}. Best is trial 1319 with value: 0.30197738672869706.
[I 2024-12-04 17:54:43,531] Trial 1521 finished with value: 0.31417122874204056 and parameters: {'n_estimators': 901, 'max_depth': 6, 'learning_rate': 0.07630285049679073, 'subsample': 0.76753416189203, 'colsample_bytree': 0.7184269633633635, 'min_child_weight': 2, 'gamma': 0.0007568382139555366, 'reg_alpha': 0.0001224363136748021, 'reg_lambda': 0.014950300975268036}. Best is trial 1319 with value: 0.30197738672869706.
[I 2024-12-04 17:54:44,912] Trial 1522 finished with value: 0.31881761079869925 and parameters: {'n_estimators': 893, 'max_depth': 6, 'learning_rate': 0.07447773207115722, 'subsample': 0.7689296411885472, 'colsample_bytree': 0.7217201496495443, 'min_child_weight': 2, 'gamma': 0.0007732922772657071, 'reg_alpha': 0.00010052979331716441, 'reg_lambda': 0.012455202824076339}. Best is trial 1319 with value: 0.30197738672869706.
[I 2024-12-04 17:54:46,296] Trial 1523 finished with value: 0.3138466501869882 and parameters: {'n_estimators': 890, 'max_depth': 6, 'learning_rate': 0.07489525609802744, 'subsample': 0.7685470779384266, 'colsample_bytree': 0.7225226675570554, 'min_child_weight': 2, 'gamma': 0.0007407934351483661, 'reg_alpha': 0.00011151804764691941, 'reg_lambda': 0.014381846781236458}. Best is trial 1319 with value: 0.30197738672869706.
[I 2024-12-04 17:54:47,693] Trial 1524 finished with value: 0.3140956778569089 and parameters: {'n_estimators': 895, 'max_depth': 6, 'learning_rate': 0.0759878660505551, 'subsample': 0.7688263049766562, 'colsample_bytree': 0.7229804874895355, 'min_child_weight': 2, 'gamma': 0.0007375480044501275, 'reg_alpha': 0.0001175162028189258, 'reg_lambda': 0.015439075751248997}. Best is trial 1319 with value: 0.30197738672869706.
[I 2024-12-04 17:54:49,087] Trial 1525 finished with value: 0.31330927904325945 and parameters: {'n_estimators': 897, 'max_depth': 6, 'learning_rate': 0.0752752641042945, 'subsample': 0.7690932009673903, 'colsample_bytree': 0.7210180308399927, 'min_child_weight': 2, 'gamma': 0.0007385257262398943, 'reg_alpha': 0.00011417613463845646, 'reg_lambda': 0.0152671956716307}. Best is trial 1319 with value: 0.30197738672869706.
[I 2024-12-04 17:54:50,468] Trial 1526 finished with value: 0.31378593462949894 and parameters: {'n_estimators': 893, 'max_depth': 6, 'learning_rate': 0.07506770723092253, 'subsample': 0.7698271915967045, 'colsample_bytree': 0.7191255946178468, 'min_child_weight': 2, 'gamma': 0.0008669611756340593, 'reg_alpha': 0.00013187075508481306, 'reg_lambda': 0.013755222021471716}. Best is trial 1319 with value: 0.30197738672869706.
[I 2024-12-04 17:54:51,843] Trial 1527 finished with value: 0.3153098833786004 and parameters: {'n_estimators': 897, 'max_depth': 6, 'learning_rate': 0.07474356285384268, 'subsample': 0.7686230522573448, 'colsample_bytree': 0.720962768207414, 'min_child_weight': 2, 'gamma': 0.0007879367565373706, 'reg_alpha': 0.00011208843350509775, 'reg_lambda': 0.012877879133507696}. Best is trial 1319 with value: 0.30197738672869706.
[I 2024-12-04 17:54:53,250] Trial 1528 finished with value: 0.32097456460080526 and parameters: {'n_estimators': 902, 'max_depth': 6, 'learning_rate': 0.07556557454780168, 'subsample': 0.7682663950871864, 'colsample_bytree': 0.7196149089450876, 'min_child_weight': 2, 'gamma': 0.0007125286210732118, 'reg_alpha': 0.0001176469412747023, 'reg_lambda': 0.014142006519206165}. Best is trial 1319 with value: 0.30197738672869706.
[I 2024-12-04 17:54:54,706] Trial 1529 finished with value: 0.31121179518241787 and parameters: {'n_estimators': 903, 'max_depth': 6, 'learning_rate': 0.07537920881612122, 'subsample': 0.7682449650136096, 'colsample_bytree': 0.7204167680689272, 'min_child_weight': 2, 'gamma': 0.0007395575315915524, 'reg_alpha': 0.00012268209428349615, 'reg_lambda': 0.015003071484849514}. Best is trial 1319 with value: 0.30197738672869706.
[I 2024-12-04 17:54:56,087] Trial 1530 finished with value: 0.3159356759804431 and parameters: {'n_estimators': 896, 'max_depth': 6, 'learning_rate': 0.07586678436160413, 'subsample': 0.7688663184661727, 'colsample_bytree': 0.7224427966953988, 'min_child_weight': 2, 'gamma': 0.0008092022983712436, 'reg_alpha': 0.00013933956078069872, 'reg_lambda': 0.015302741209717793}. Best is trial 1319 with value: 0.30197738672869706.
[I 2024-12-04 17:54:57,442] Trial 1531 finished with value: 0.31390620731374697 and parameters: {'n_estimators': 898, 'max_depth': 6, 'learning_rate': 0.07504965139315677, 'subsample': 0.7696543836598897, 'colsample_bytree': 0.720694707797292, 'min_child_weight': 2, 'gamma': 0.0007255646784096663, 'reg_alpha': 0.0001084597006518318, 'reg_lambda': 0.014556346690510353}. Best is trial 1319 with value: 0.30197738672869706.
[I 2024-12-04 17:54:58,806] Trial 1532 finished with value: 0.31434759169824117 and parameters: {'n_estimators': 894, 'max_depth': 6, 'learning_rate': 0.07528089877163964, 'subsample': 0.7687420985403395, 'colsample_bytree': 0.7209341762344035, 'min_child_weight': 2, 'gamma': 0.0008435912694784851, 'reg_alpha': 0.00012198011362121742, 'reg_lambda': 0.015941350121723402}. Best is trial 1319 with value: 0.30197738672869706.
[I 2024-12-04 17:55:00,199] Trial 1533 finished with value: 0.3178842442285877 and parameters: {'n_estimators': 893, 'max_depth': 6, 'learning_rate': 0.07504400992028365, 'subsample': 0.769295674992323, 'colsample_bytree': 0.7220618742636475, 'min_child_weight': 2, 'gamma': 0.0007909188753882136, 'reg_alpha': 0.0001270611424120807, 'reg_lambda': 0.01506241002111218}. Best is trial 1319 with value: 0.30197738672869706.
[I 2024-12-04 17:55:01,586] Trial 1534 finished with value: 0.31557726574986816 and parameters: {'n_estimators': 901, 'max_depth': 6, 'learning_rate': 0.07600244993375119, 'subsample': 0.7681171237993355, 'colsample_bytree': 0.7210738874689407, 'min_child_weight': 2, 'gamma': 0.0008043829293082033, 'reg_alpha': 0.00012614120693808196, 'reg_lambda': 0.015563639432094982}. Best is trial 1319 with value: 0.30197738672869706.
[I 2024-12-04 17:55:02,975] Trial 1535 finished with value: 0.3141631921161973 and parameters: {'n_estimators': 896, 'max_depth': 6, 'learning_rate': 0.07471755418336799, 'subsample': 0.7683323172148503, 'colsample_bytree': 0.7213781233596569, 'min_child_weight': 2, 'gamma': 0.0008362548468216718, 'reg_alpha': 0.00011936380569768288, 'reg_lambda': 0.014281895088375351}. Best is trial 1319 with value: 0.30197738672869706.
[I 2024-12-04 17:55:04,367] Trial 1536 finished with value: 0.31703303220849766 and parameters: {'n_estimators': 896, 'max_depth': 6, 'learning_rate': 0.07592776334706958, 'subsample': 0.7689492383595384, 'colsample_bytree': 0.721791399072229, 'min_child_weight': 2, 'gamma': 0.0007884636254932363, 'reg_alpha': 0.00012174598725531986, 'reg_lambda': 0.014037527183678332}. Best is trial 1319 with value: 0.30197738672869706.
[I 2024-12-04 17:55:05,755] Trial 1537 finished with value: 0.3159235389508986 and parameters: {'n_estimators': 889, 'max_depth': 6, 'learning_rate': 0.07487677320285455, 'subsample': 0.7696673583863399, 'colsample_bytree': 0.720786374391429, 'min_child_weight': 2, 'gamma': 0.0007576795913499843, 'reg_alpha': 0.00012245831779034806, 'reg_lambda': 0.01462515459759479}. Best is trial 1319 with value: 0.30197738672869706.
[I 2024-12-04 17:55:07,146] Trial 1538 finished with value: 0.3137464342145756 and parameters: {'n_estimators': 895, 'max_depth': 6, 'learning_rate': 0.07486510845131306, 'subsample': 0.7700595636541098, 'colsample_bytree': 0.720183153109192, 'min_child_weight': 2, 'gamma': 0.000763968190932633, 'reg_alpha': 0.00010310616096254119, 'reg_lambda': 0.014385854156907667}. Best is trial 1319 with value: 0.30197738672869706.
[I 2024-12-04 17:55:08,629] Trial 1539 finished with value: 0.3144683036510186 and parameters: {'n_estimators': 901, 'max_depth': 6, 'learning_rate': 0.07516721064746032, 'subsample': 0.7701375354692677, 'colsample_bytree': 0.7179476561096609, 'min_child_weight': 2, 'gamma': 0.0008246031726917371, 'reg_alpha': 0.00010759057936452946, 'reg_lambda': 0.013728707316969065}. Best is trial 1319 with value: 0.30197738672869706.
[I 2024-12-04 17:55:10,233] Trial 1540 finished with value: 0.3129725936546335 and parameters: {'n_estimators': 895, 'max_depth': 6, 'learning_rate': 0.07533114815358635, 'subsample': 0.7686351531773118, 'colsample_bytree': 0.7212649154011999, 'min_child_weight': 2, 'gamma': 0.000842395410112373, 'reg_alpha': 0.0001295080189089649, 'reg_lambda': 0.016897238654734883}. Best is trial 1319 with value: 0.30197738672869706.
[I 2024-12-04 17:55:11,644] Trial 1541 finished with value: 0.31058151728351563 and parameters: {'n_estimators': 896, 'max_depth': 6, 'learning_rate': 0.07470805610592092, 'subsample': 0.769158806180993, 'colsample_bytree': 0.7206883532548883, 'min_child_weight': 2, 'gamma': 0.0007269906013338526, 'reg_alpha': 0.00011302812036764699, 'reg_lambda': 0.01406596453409926}. Best is trial 1319 with value: 0.30197738672869706.
[I 2024-12-04 17:55:13,025] Trial 1542 finished with value: 0.3148832884078556 and parameters: {'n_estimators': 897, 'max_depth': 6, 'learning_rate': 0.07552110333769259, 'subsample': 0.7686121973477843, 'colsample_bytree': 0.7197385786285999, 'min_child_weight': 2, 'gamma': 0.0007601757587272751, 'reg_alpha': 0.00011992897065841818, 'reg_lambda': 0.014187354437058161}. Best is trial 1319 with value: 0.30197738672869706.
[I 2024-12-04 17:55:14,414] Trial 1543 finished with value: 0.3108781135165855 and parameters: {'n_estimators': 898, 'max_depth': 6, 'learning_rate': 0.07505496368572592, 'subsample': 0.7688145320643506, 'colsample_bytree': 0.7206550202757385, 'min_child_weight': 2, 'gamma': 0.0007402876038581718, 'reg_alpha': 0.0001089730953476583, 'reg_lambda': 0.015039668266337987}. Best is trial 1319 with value: 0.30197738672869706.
[I 2024-12-04 17:55:15,806] Trial 1544 finished with value: 0.31670803176221557 and parameters: {'n_estimators': 899, 'max_depth': 6, 'learning_rate': 0.07604266791890069, 'subsample': 0.76831608076355, 'colsample_bytree': 0.7219316106833993, 'min_child_weight': 2, 'gamma': 0.0007625068573722347, 'reg_alpha': 0.00011723202405925562, 'reg_lambda': 0.01537858615991442}. Best is trial 1319 with value: 0.30197738672869706.
[I 2024-12-04 17:55:17,195] Trial 1545 finished with value: 0.3086207845474766 and parameters: {'n_estimators': 902, 'max_depth': 6, 'learning_rate': 0.0745701662805743, 'subsample': 0.7689479219122717, 'colsample_bytree': 0.7191605275396308, 'min_child_weight': 2, 'gamma': 0.0007684271144264991, 'reg_alpha': 0.00011496919807837624, 'reg_lambda': 0.013716986067187}. Best is trial 1319 with value: 0.30197738672869706.
[I 2024-12-04 17:55:18,567] Trial 1546 finished with value: 0.31250044269512767 and parameters: {'n_estimators': 896, 'max_depth': 6, 'learning_rate': 0.07533225698968131, 'subsample': 0.7679836951407656, 'colsample_bytree': 0.7211293756214895, 'min_child_weight': 2, 'gamma': 0.0007563264005712434, 'reg_alpha': 0.0001261821166223044, 'reg_lambda': 0.014742568608897787}. Best is trial 1319 with value: 0.30197738672869706.
[I 2024-12-04 17:55:19,938] Trial 1547 finished with value: 0.31001873191093043 and parameters: {'n_estimators': 895, 'max_depth': 6, 'learning_rate': 0.07469531214893359, 'subsample': 0.7693906624456638, 'colsample_bytree': 0.7217572975693907, 'min_child_weight': 2, 'gamma': 0.0007862826399023544, 'reg_alpha': 0.00011607833406258782, 'reg_lambda': 0.014938245382759046}. Best is trial 1319 with value: 0.30197738672869706.
[I 2024-12-04 17:55:21,306] Trial 1548 finished with value: 0.3224381338439957 and parameters: {'n_estimators': 892, 'max_depth': 6, 'learning_rate': 0.07544178743214736, 'subsample': 0.7694833790949839, 'colsample_bytree': 0.72233321083311, 'min_child_weight': 2, 'gamma': 0.0008079528637305138, 'reg_alpha': 0.00012313413503211402, 'reg_lambda': 0.01504307042679511}. Best is trial 1319 with value: 0.30197738672869706.
[I 2024-12-04 17:55:22,756] Trial 1549 finished with value: 0.315958284377013 and parameters: {'n_estimators': 892, 'max_depth': 6, 'learning_rate': 0.07481614643844985, 'subsample': 0.7695754652226511, 'colsample_bytree': 0.7196592915933909, 'min_child_weight': 2, 'gamma': 0.0007894342762567078, 'reg_alpha': 0.00012473015316688158, 'reg_lambda': 0.014504154778326018}. Best is trial 1319 with value: 0.30197738672869706.
[I 2024-12-04 17:55:24,133] Trial 1550 finished with value: 0.3139379647195353 and parameters: {'n_estimators': 896, 'max_depth': 6, 'learning_rate': 0.07460746814706412, 'subsample': 0.7693823093709173, 'colsample_bytree': 0.7215206893345124, 'min_child_weight': 2, 'gamma': 0.0007828439729390238, 'reg_alpha': 0.0001105962147422143, 'reg_lambda': 0.014581920733042191}. Best is trial 1319 with value: 0.30197738672869706.
[I 2024-12-04 17:55:25,545] Trial 1551 finished with value: 0.31092034766235005 and parameters: {'n_estimators': 894, 'max_depth': 6, 'learning_rate': 0.0746207067497473, 'subsample': 0.7696966475299003, 'colsample_bytree': 0.7210113162434771, 'min_child_weight': 2, 'gamma': 0.0007471863659631754, 'reg_alpha': 0.00011697125601543383, 'reg_lambda': 0.014549134025636363}. Best is trial 1319 with value: 0.30197738672869706.
[I 2024-12-04 17:55:26,961] Trial 1552 finished with value: 0.31602540993736156 and parameters: {'n_estimators': 897, 'max_depth': 6, 'learning_rate': 0.07415558948907687, 'subsample': 0.7694289541824205, 'colsample_bytree': 0.7209220798029027, 'min_child_weight': 2, 'gamma': 0.0008100260792253883, 'reg_alpha': 0.00010825051427443155, 'reg_lambda': 0.014690996159716188}. Best is trial 1319 with value: 0.30197738672869706.
[I 2024-12-04 17:55:28,368] Trial 1553 finished with value: 0.30893522372340687 and parameters: {'n_estimators': 897, 'max_depth': 6, 'learning_rate': 0.07467978436144389, 'subsample': 0.7690432863730092, 'colsample_bytree': 0.7209488288675533, 'min_child_weight': 2, 'gamma': 0.0007889637007111177, 'reg_alpha': 0.00011278002123363569, 'reg_lambda': 0.014587870578038413}. Best is trial 1319 with value: 0.30197738672869706.
[I 2024-12-04 17:55:29,777] Trial 1554 finished with value: 0.31429541935609345 and parameters: {'n_estimators': 900, 'max_depth': 6, 'learning_rate': 0.07468145384708555, 'subsample': 0.7701014355613316, 'colsample_bytree': 0.7194667243234796, 'min_child_weight': 2, 'gamma': 0.0007908010400531771, 'reg_alpha': 0.00012348958634497443, 'reg_lambda': 0.013647853592797953}. Best is trial 1319 with value: 0.30197738672869706.
[I 2024-12-04 17:55:31,168] Trial 1555 finished with value: 0.31560975387774604 and parameters: {'n_estimators': 899, 'max_depth': 6, 'learning_rate': 0.07439710963124867, 'subsample': 0.7692650949164447, 'colsample_bytree': 0.7189232782082237, 'min_child_weight': 2, 'gamma': 0.0007692804667137381, 'reg_alpha': 0.00011447357979096325, 'reg_lambda': 0.013962523953753254}. Best is trial 1319 with value: 0.30197738672869706.
[I 2024-12-04 17:55:32,561] Trial 1556 finished with value: 0.31563783844541643 and parameters: {'n_estimators': 895, 'max_depth': 6, 'learning_rate': 0.07467578900362044, 'subsample': 0.7703426706262841, 'colsample_bytree': 0.7202114161378576, 'min_child_weight': 2, 'gamma': 0.0008257990450489866, 'reg_alpha': 0.00011756916733186647, 'reg_lambda': 0.014566262775712392}. Best is trial 1319 with value: 0.30197738672869706.
[I 2024-12-04 17:55:33,944] Trial 1557 finished with value: 0.31509063332035625 and parameters: {'n_estimators': 898, 'max_depth': 6, 'learning_rate': 0.07433880297440965, 'subsample': 0.7682972832934645, 'colsample_bytree': 0.7203262052276965, 'min_child_weight': 2, 'gamma': 0.0007884357773679205, 'reg_alpha': 0.00011138312152920392, 'reg_lambda': 0.014548079627320548}. Best is trial 1319 with value: 0.30197738672869706.
[I 2024-12-04 17:55:35,323] Trial 1558 finished with value: 0.314405521626147 and parameters: {'n_estimators': 898, 'max_depth': 6, 'learning_rate': 0.07485068556248625, 'subsample': 0.768722971682314, 'colsample_bytree': 0.721692267540141, 'min_child_weight': 2, 'gamma': 0.0007690302149504556, 'reg_alpha': 0.00011776679435873101, 'reg_lambda': 0.01430173784293895}. Best is trial 1319 with value: 0.30197738672869706.
