[I 2024-12-19 20:36:13,503] Trial 1386 finished with value: 0.13767722249031067 and parameters: {'mlp_n_layers': 1, 'mlp_dim_00': 414, 'node_hidden_dim': 32, 'edge_hidden_dim': 50, 'depth': 1, 'rep_dropout': 0.03559631397763968, 'train_learning_rate': 0.004137330820791622, 'train_lr_reduce': 0.6}. Best is trial 673 with value: 0.11172225326299667.
[I 2024-12-19 20:36:15,401] Trial 1387 finished with value: 0.23639941215515137 and parameters: {'mlp_n_layers': 2, 'mlp_dim_00': 507, 'mlp_dim_01': 119, 'node_hidden_dim': 55, 'edge_hidden_dim': 53, 'depth': 2, 'rep_dropout': 0.027868565213892322, 'train_learning_rate': 0.00683939355229826, 'train_lr_reduce': 0.6}. Best is trial 673 with value: 0.11172225326299667.
[I 2024-12-19 20:36:28,854] Trial 1388 finished with value: 0.15861889719963074 and parameters: {'mlp_n_layers': 1, 'mlp_dim_00': 385, 'node_hidden_dim': 36, 'edge_hidden_dim': 73, 'depth': 1, 'rep_dropout': 0.04179118391639444, 'train_learning_rate': 0.003600340877036418, 'train_lr_reduce': 0.6}. Best is trial 673 with value: 0.11172225326299667.
[I 2024-12-19 20:36:43,562] Trial 1389 finished with value: 0.14490261673927307 and parameters: {'mlp_n_layers': 4, 'mlp_dim_00': 443, 'mlp_dim_01': 421, 'mlp_dim_02': 319, 'mlp_dim_03': 387, 'node_hidden_dim': 84, 'edge_hidden_dim': 75, 'depth': 1, 'rep_dropout': 0.10359276415698154, 'train_learning_rate': 0.005544411560428267, 'train_lr_reduce': 0.6}. Best is trial 673 with value: 0.11172225326299667.
[I 2024-12-19 20:36:56,638] Trial 1391 finished with value: 0.18615145981311798 and parameters: {'mlp_n_layers': 1, 'mlp_dim_00': 492, 'node_hidden_dim': 42, 'edge_hidden_dim': 69, 'depth': 1, 'rep_dropout': 0.040410164732998174, 'train_learning_rate': 0.0031187918848826993, 'train_lr_reduce': 0.6}. Best is trial 673 with value: 0.11172225326299667.
[I 2024-12-19 20:36:56,661] Trial 1390 finished with value: 0.14362254738807678 and parameters: {'mlp_n_layers': 1, 'mlp_dim_00': 329, 'node_hidden_dim': 50, 'edge_hidden_dim': 55, 'depth': 1, 'rep_dropout': 0.01140848783237379, 'train_learning_rate': 0.00592921930987921, 'train_lr_reduce': 0.6}. Best is trial 673 with value: 0.11172225326299667.
[I 2024-12-19 20:37:03,799] Trial 1394 finished with value: 1.1429741382598877 and parameters: {'mlp_n_layers': 3, 'mlp_dim_00': 272, 'mlp_dim_01': 285, 'mlp_dim_02': 198, 'node_hidden_dim': 37, 'edge_hidden_dim': 126, 'depth': 3, 'rep_dropout': 0.02510750898125061, 'train_learning_rate': 0.0005340024396623966, 'train_lr_reduce': 0.6}. Best is trial 673 with value: 0.11172225326299667.
[I 2024-12-19 20:37:27,248] Trial 1392 finished with value: 0.12404142320156097 and parameters: {'mlp_n_layers': 1, 'mlp_dim_00': 470, 'node_hidden_dim': 32, 'edge_hidden_dim': 75, 'depth': 1, 'rep_dropout': 0.04750492603392355, 'train_learning_rate': 0.006444313189402588, 'train_lr_reduce': 0.6}. Best is trial 673 with value: 0.11172225326299667.
[I 2024-12-19 20:37:32,226] Trial 1393 finished with value: 0.15707385540008545 and parameters: {'mlp_n_layers': 1, 'mlp_dim_00': 396, 'node_hidden_dim': 36, 'edge_hidden_dim': 75, 'depth': 1, 'rep_dropout': 0.030344282725657663, 'train_learning_rate': 0.003175144638932648, 'train_lr_reduce': 0.6}. Best is trial 673 with value: 0.11172225326299667.
[I 2024-12-19 20:37:38,474] Trial 1397 finished with value: 1.1432584524154663 and parameters: {'mlp_n_layers': 4, 'mlp_dim_00': 500, 'mlp_dim_01': 348, 'mlp_dim_02': 371, 'mlp_dim_03': 125, 'node_hidden_dim': 35, 'edge_hidden_dim': 47, 'depth': 2, 'rep_dropout': 0.10730775729210806, 'train_learning_rate': 0.0009033946950944958, 'train_lr_reduce': 0.6}. Best is trial 673 with value: 0.11172225326299667.
[I 2024-12-19 20:37:39,508] Trial 1395 finished with value: 0.18853144347667694 and parameters: {'mlp_n_layers': 2, 'mlp_dim_00': 417, 'mlp_dim_01': 462, 'node_hidden_dim': 49, 'edge_hidden_dim': 55, 'depth': 1, 'rep_dropout': 0.0643072530512752, 'train_learning_rate': 0.009206504723874935, 'train_lr_reduce': 0.6}. Best is trial 673 with value: 0.11172225326299667.
[I 2024-12-19 20:37:43,678] Trial 1398 finished with value: 1.143537998199463 and parameters: {'mlp_n_layers': 2, 'mlp_dim_00': 318, 'mlp_dim_01': 425, 'node_hidden_dim': 32, 'edge_hidden_dim': 87, 'depth': 1, 'rep_dropout': 0.020749188133780537, 'train_learning_rate': 0.0011570854974570779, 'train_lr_reduce': 0.6}. Best is trial 673 with value: 0.11172225326299667.
[I 2024-12-19 20:37:46,056] Trial 1399 finished with value: 1.1420891284942627 and parameters: {'mlp_n_layers': 2, 'mlp_dim_00': 320, 'mlp_dim_01': 511, 'node_hidden_dim': 106, 'edge_hidden_dim': 95, 'depth': 3, 'rep_dropout': 0.03051303666537128, 'train_learning_rate': 0.0001585068813882739, 'train_lr_reduce': 0.6}. Best is trial 673 with value: 0.11172225326299667.
[I 2024-12-19 20:37:50,080] Trial 1400 finished with value: 1.1507704257965088 and parameters: {'mlp_n_layers': 4, 'mlp_dim_00': 475, 'mlp_dim_01': 385, 'mlp_dim_02': 465, 'mlp_dim_03': 216, 'node_hidden_dim': 89, 'edge_hidden_dim': 66, 'depth': 4, 'rep_dropout': 0.14066132000916093, 'train_learning_rate': 0.004191987467151678, 'train_lr_reduce': 0.6}. Best is trial 673 with value: 0.11172225326299667.
[I 2024-12-19 20:38:16,270] Trial 1396 finished with value: 0.15065985918045044 and parameters: {'mlp_n_layers': 1, 'mlp_dim_00': 411, 'node_hidden_dim': 67, 'edge_hidden_dim': 53, 'depth': 1, 'rep_dropout': 0.02602609712966699, 'train_learning_rate': 0.009565886218867206, 'train_lr_reduce': 0.6}. Best is trial 673 with value: 0.11172225326299667.
[I 2024-12-19 20:38:23,162] Trial 1403 finished with value: 1.1468900442123413 and parameters: {'mlp_n_layers': 4, 'mlp_dim_00': 175, 'mlp_dim_01': 435, 'mlp_dim_02': 256, 'mlp_dim_03': 448, 'node_hidden_dim': 47, 'edge_hidden_dim': 113, 'depth': 4, 'rep_dropout': 0.13939336057212975, 'train_learning_rate': 0.001072139639179956, 'train_lr_reduce': 0.6}. Best is trial 673 with value: 0.11172225326299667.
[I 2024-12-19 20:38:27,198] Trial 1402 finished with value: 0.2138117253780365 and parameters: {'mlp_n_layers': 1, 'mlp_dim_00': 299, 'node_hidden_dim': 35, 'edge_hidden_dim': 56, 'depth': 1, 'rep_dropout': 0.017110871948956292, 'train_learning_rate': 0.002594590016021822, 'train_lr_reduce': 0.6}. Best is trial 673 with value: 0.11172225326299667.
[I 2024-12-19 20:38:32,087] Trial 1401 finished with value: 0.12355038523674011 and parameters: {'mlp_n_layers': 2, 'mlp_dim_00': 309, 'mlp_dim_01': 509, 'node_hidden_dim': 33, 'edge_hidden_dim': 59, 'depth': 1, 'rep_dropout': 0.040700638053633775, 'train_learning_rate': 0.004460637590169446, 'train_lr_reduce': 0.6}. Best is trial 673 with value: 0.11172225326299667.
[I 2024-12-19 20:38:32,468] Trial 1405 finished with value: 1.1560211181640625 and parameters: {'mlp_n_layers': 1, 'mlp_dim_00': 163, 'node_hidden_dim': 42, 'edge_hidden_dim': 74, 'depth': 2, 'rep_dropout': 0.06870662738845358, 'train_learning_rate': 0.0031579833324134267, 'train_lr_reduce': 0.6}. Best is trial 673 with value: 0.11172225326299667.
[I 2024-12-19 20:38:37,207] Trial 1406 finished with value: 1.144169569015503 and parameters: {'mlp_n_layers': 1, 'mlp_dim_00': 499, 'node_hidden_dim': 113, 'edge_hidden_dim': 69, 'depth': 1, 'rep_dropout': 0.1234094538729181, 'train_learning_rate': 0.00018361998226876377, 'train_lr_reduce': 0.6}. Best is trial 673 with value: 0.11172225326299667.
[I 2024-12-19 20:38:42,222] Trial 1408 finished with value: 1.1450324058532715 and parameters: {'mlp_n_layers': 2, 'mlp_dim_00': 238, 'mlp_dim_01': 383, 'node_hidden_dim': 59, 'edge_hidden_dim': 103, 'depth': 1, 'rep_dropout': 0.04284013439999906, 'train_learning_rate': 0.0008434218973891943, 'train_lr_reduce': 0.6}. Best is trial 673 with value: 0.11172225326299667.
[I 2024-12-19 20:39:08,409] Trial 1404 finished with value: 0.2097441703081131 and parameters: {'mlp_n_layers': 2, 'mlp_dim_00': 486, 'mlp_dim_01': 313, 'node_hidden_dim': 65, 'edge_hidden_dim': 72, 'depth': 1, 'rep_dropout': 0.0026172230405608543, 'train_learning_rate': 0.00914707177876905, 'train_lr_reduce': 0.6}. Best is trial 673 with value: 0.11172225326299667.
[I 2024-12-19 20:39:10,151] Trial 1409 finished with value: 0.1723094880580902 and parameters: {'mlp_n_layers': 1, 'mlp_dim_00': 508, 'node_hidden_dim': 33, 'edge_hidden_dim': 67, 'depth': 1, 'rep_dropout': 0.042742060477220775, 'train_learning_rate': 0.003838199620107888, 'train_lr_reduce': 0.6}. Best is trial 673 with value: 0.11172225326299667.
[I 2024-12-19 20:39:15,133] Trial 1407 finished with value: 0.14437144994735718 and parameters: {'mlp_n_layers': 1, 'mlp_dim_00': 427, 'node_hidden_dim': 34, 'edge_hidden_dim': 61, 'depth': 1, 'rep_dropout': 0.06366986200477813, 'train_learning_rate': 0.0020247955280867677, 'train_lr_reduce': 0.6}. Best is trial 673 with value: 0.11172225326299667.
[I 2024-12-19 20:39:43,446] Trial 1410 finished with value: 0.17860957980155945 and parameters: {'mlp_n_layers': 1, 'mlp_dim_00': 467, 'node_hidden_dim': 51, 'edge_hidden_dim': 32, 'depth': 1, 'rep_dropout': 0.023351766938014322, 'train_learning_rate': 0.004518560018386167, 'train_lr_reduce': 0.6}. Best is trial 673 with value: 0.11172225326299667.
[I 2024-12-19 20:39:49,332] Trial 1413 finished with value: 1.150578260421753 and parameters: {'mlp_n_layers': 1, 'mlp_dim_00': 325, 'node_hidden_dim': 97, 'edge_hidden_dim': 74, 'depth': 4, 'rep_dropout': 0.14882523019656896, 'train_learning_rate': 0.0006580087172775367, 'train_lr_reduce': 0.6}. Best is trial 673 with value: 0.11172225326299667.
[I 2024-12-19 20:39:54,037] Trial 1411 finished with value: 0.14352485537528992 and parameters: {'mlp_n_layers': 2, 'mlp_dim_00': 498, 'mlp_dim_01': 468, 'node_hidden_dim': 63, 'edge_hidden_dim': 60, 'depth': 1, 'rep_dropout': 0.027269893984579727, 'train_learning_rate': 0.0016957689394870592, 'train_lr_reduce': 0.6}. Best is trial 673 with value: 0.11172225326299667.
[I 2024-12-19 20:39:57,167] Trial 1412 finished with value: 0.12511932849884033 and parameters: {'mlp_n_layers': 1, 'mlp_dim_00': 508, 'node_hidden_dim': 50, 'edge_hidden_dim': 59, 'depth': 1, 'rep_dropout': 0.07179554077562786, 'train_learning_rate': 0.0016896452009559832, 'train_lr_reduce': 0.6}. Best is trial 673 with value: 0.11172225326299667.
[I 2024-12-19 20:39:59,166] Trial 1414 finished with value: 1.1422489881515503 and parameters: {'mlp_n_layers': 4, 'mlp_dim_00': 134, 'mlp_dim_01': 420, 'mlp_dim_02': 120, 'mlp_dim_03': 321, 'node_hidden_dim': 42, 'edge_hidden_dim': 127, 'depth': 2, 'rep_dropout': 0.0009757454899730067, 'train_learning_rate': 0.0001217713425895117, 'train_lr_reduce': 0.6}. Best is trial 673 with value: 0.11172225326299667.
[I 2024-12-19 20:39:59,536] Trial 1415 finished with value: 1.1424016952514648 and parameters: {'mlp_n_layers': 1, 'mlp_dim_00': 470, 'node_hidden_dim': 35, 'edge_hidden_dim': 62, 'depth': 2, 'rep_dropout': 0.043626350254047354, 'train_learning_rate': 0.0016829257516651137, 'train_lr_reduce': 0.6}. Best is trial 673 with value: 0.11172225326299667.
[I 2024-12-19 20:40:18,487] Trial 1416 finished with value: 0.2577655017375946 and parameters: {'mlp_n_layers': 1, 'mlp_dim_00': 388, 'node_hidden_dim': 45, 'edge_hidden_dim': 72, 'depth': 2, 'rep_dropout': 0.002287952953919911, 'train_learning_rate': 0.004285650578920635, 'train_lr_reduce': 0.6}. Best is trial 673 with value: 0.11172225326299667.
[I 2024-12-19 20:40:23,219] Trial 1419 finished with value: 1.1432557106018066 and parameters: {'mlp_n_layers': 2, 'mlp_dim_00': 486, 'mlp_dim_01': 467, 'node_hidden_dim': 35, 'edge_hidden_dim': 58, 'depth': 1, 'rep_dropout': 0.017397628234968973, 'train_learning_rate': 0.0015186832633400978, 'train_lr_reduce': 0.6}. Best is trial 673 with value: 0.11172225326299667.
[I 2024-12-19 20:40:25,703] Trial 1418 finished with value: 0.23679813742637634 and parameters: {'mlp_n_layers': 2, 'mlp_dim_00': 363, 'mlp_dim_01': 346, 'node_hidden_dim': 55, 'edge_hidden_dim': 54, 'depth': 1, 'rep_dropout': 0.0070588864614472766, 'train_learning_rate': 0.006799185408234898, 'train_lr_reduce': 0.6}. Best is trial 673 with value: 0.11172225326299667.
[I 2024-12-19 20:40:41,462] Trial 1417 finished with value: 0.11690475046634674 and parameters: {'mlp_n_layers': 1, 'mlp_dim_00': 466, 'node_hidden_dim': 32, 'edge_hidden_dim': 42, 'depth': 1, 'rep_dropout': 0.05111546419459729, 'train_learning_rate': 0.002204302317366298, 'train_lr_reduce': 0.6}. Best is trial 673 with value: 0.11172225326299667.
[I 2024-12-19 20:40:47,666] Trial 1422 finished with value: 1.1438945531845093 and parameters: {'mlp_n_layers': 3, 'mlp_dim_00': 148, 'mlp_dim_01': 511, 'mlp_dim_02': 370, 'node_hidden_dim': 110, 'edge_hidden_dim': 40, 'depth': 3, 'rep_dropout': 0.10888561090581478, 'train_learning_rate': 0.0024929265775044465, 'train_lr_reduce': 0.6}. Best is trial 673 with value: 0.11172225326299667.
[I 2024-12-19 20:40:56,222] Trial 1420 finished with value: 0.18527363240718842 and parameters: {'mlp_n_layers': 1, 'mlp_dim_00': 478, 'node_hidden_dim': 47, 'edge_hidden_dim': 54, 'depth': 1, 'rep_dropout': 0.04852429806515203, 'train_learning_rate': 0.008963413568520134, 'train_lr_reduce': 0.6}. Best is trial 673 with value: 0.11172225326299667.
[I 2024-12-19 20:41:05,175] Trial 1423 finished with value: 0.2693764269351959 and parameters: {'mlp_n_layers': 2, 'mlp_dim_00': 484, 'mlp_dim_01': 158, 'node_hidden_dim': 57, 'edge_hidden_dim': 53, 'depth': 1, 'rep_dropout': 0.029343818271485127, 'train_learning_rate': 0.004727865151055118, 'train_lr_reduce': 0.6}. Best is trial 673 with value: 0.11172225326299667.
[I 2024-12-19 20:41:07,632] Trial 1421 finished with value: 0.1349778175354004 and parameters: {'mlp_n_layers': 1, 'mlp_dim_00': 302, 'node_hidden_dim': 32, 'edge_hidden_dim': 79, 'depth': 1, 'rep_dropout': 0.0410753056709446, 'train_learning_rate': 0.003182311524590463, 'train_lr_reduce': 0.6}. Best is trial 673 with value: 0.11172225326299667.
[I 2024-12-19 20:41:13,537] Trial 1426 finished with value: 1.1472426652908325 and parameters: {'mlp_n_layers': 1, 'mlp_dim_00': 505, 'node_hidden_dim': 39, 'edge_hidden_dim': 49, 'depth': 2, 'rep_dropout': 0.07582284495645575, 'train_learning_rate': 0.0012655565052457542, 'train_lr_reduce': 0.6}. Best is trial 673 with value: 0.11172225326299667.
[I 2024-12-19 20:41:35,692] Trial 1424 finished with value: 0.13274313509464264 and parameters: {'mlp_n_layers': 1, 'mlp_dim_00': 448, 'node_hidden_dim': 36, 'edge_hidden_dim': 33, 'depth': 1, 'rep_dropout': 0.04811864869923181, 'train_learning_rate': 0.003225118387067084, 'train_lr_reduce': 0.6}. Best is trial 673 with value: 0.11172225326299667.
[I 2024-12-19 20:41:44,007] Trial 1425 finished with value: 0.17515921592712402 and parameters: {'mlp_n_layers': 1, 'mlp_dim_00': 340, 'node_hidden_dim': 32, 'edge_hidden_dim': 49, 'depth': 1, 'rep_dropout': 0.018448743508568066, 'train_learning_rate': 0.008459191122155783, 'train_lr_reduce': 0.6}. Best is trial 673 with value: 0.11172225326299667.
[I 2024-12-19 20:41:49,083] Trial 1429 finished with value: 1.1426291465759277 and parameters: {'mlp_n_layers': 2, 'mlp_dim_00': 490, 'mlp_dim_01': 263, 'node_hidden_dim': 36, 'edge_hidden_dim': 45, 'depth': 1, 'rep_dropout': 0.05732932742549795, 'train_learning_rate': 0.002427795575869897, 'train_lr_reduce': 0.6}. Best is trial 673 with value: 0.11172225326299667.
[I 2024-12-19 20:41:52,367] Trial 1428 finished with value: 0.2642584443092346 and parameters: {'mlp_n_layers': 1, 'mlp_dim_00': 427, 'node_hidden_dim': 48, 'edge_hidden_dim': 38, 'depth': 1, 'rep_dropout': 0.038920124348156615, 'train_learning_rate': 0.009205467436317834, 'train_lr_reduce': 0.6}. Best is trial 673 with value: 0.11172225326299667.
[I 2024-12-19 20:41:53,995] Trial 1427 finished with value: 0.1659589558839798 and parameters: {'mlp_n_layers': 1, 'mlp_dim_00': 508, 'node_hidden_dim': 39, 'edge_hidden_dim': 33, 'depth': 1, 'rep_dropout': 0.050425894126681914, 'train_learning_rate': 0.0020784951366061804, 'train_lr_reduce': 0.6}. Best is trial 673 with value: 0.11172225326299667.
[I 2024-12-19 20:41:59,703] Trial 1432 finished with value: 1.142853021621704 and parameters: {'mlp_n_layers': 2, 'mlp_dim_00': 280, 'mlp_dim_01': 391, 'node_hidden_dim': 128, 'edge_hidden_dim': 114, 'depth': 2, 'rep_dropout': 0.08301028268757216, 'train_learning_rate': 0.0004223727213604583, 'train_lr_reduce': 0.6}. Best is trial 673 with value: 0.11172225326299667.
[I 2024-12-19 20:42:05,599] Trial 1433 finished with value: 1.1419240236282349 and parameters: {'mlp_n_layers': 4, 'mlp_dim_00': 150, 'mlp_dim_01': 432, 'mlp_dim_02': 302, 'mlp_dim_03': 507, 'node_hidden_dim': 60, 'edge_hidden_dim': 106, 'depth': 1, 'rep_dropout': 0.08470032637951057, 'train_learning_rate': 0.00040979909787404174, 'train_lr_reduce': 0.6}. Best is trial 673 with value: 0.11172225326299667.
[I 2024-12-19 20:42:27,396] Trial 1430 finished with value: 0.1909252554178238 and parameters: {'mlp_n_layers': 1, 'mlp_dim_00': 477, 'node_hidden_dim': 49, 'edge_hidden_dim': 34, 'depth': 1, 'rep_dropout': 0.049473239618487104, 'train_learning_rate': 0.0012934178240250269, 'train_lr_reduce': 0.6}. Best is trial 673 with value: 0.11172225326299667.
[I 2024-12-19 20:42:33,455] Trial 1435 finished with value: 1.1462191343307495 and parameters: {'mlp_n_layers': 1, 'mlp_dim_00': 451, 'node_hidden_dim': 51, 'edge_hidden_dim': 48, 'depth': 2, 'rep_dropout': 0.07693324008225702, 'train_learning_rate': 0.0055242370488923455, 'train_lr_reduce': 0.6}. Best is trial 673 with value: 0.11172225326299667.
[I 2024-12-19 20:42:35,175] Trial 1431 finished with value: 0.2984752655029297 and parameters: {'mlp_n_layers': 1, 'mlp_dim_00': 360, 'node_hidden_dim': 36, 'edge_hidden_dim': 61, 'depth': 2, 'rep_dropout': 0.07147317032513761, 'train_learning_rate': 0.005887410202457308, 'train_lr_reduce': 0.6}. Best is trial 673 with value: 0.11172225326299667.
[I 2024-12-19 20:42:41,651] Trial 1437 finished with value: 1.1424510478973389 and parameters: {'mlp_n_layers': 2, 'mlp_dim_00': 422, 'mlp_dim_01': 332, 'node_hidden_dim': 73, 'edge_hidden_dim': 127, 'depth': 3, 'rep_dropout': 0.035199119366256824, 'train_learning_rate': 0.005378464459417741, 'train_lr_reduce': 0.6}. Best is trial 673 with value: 0.11172225326299667.
[I 2024-12-19 20:42:46,641] Trial 1438 finished with value: 1.144466519355774 and parameters: {'mlp_n_layers': 2, 'mlp_dim_00': 401, 'mlp_dim_01': 466, 'node_hidden_dim': 54, 'edge_hidden_dim': 49, 'depth': 1, 'rep_dropout': 0.026258024275925714, 'train_learning_rate': 0.0020222960468874456, 'train_lr_reduce': 0.6}. Best is trial 673 with value: 0.11172225326299667.
[I 2024-12-19 20:42:47,271] Trial 1434 finished with value: 0.16525736451148987 and parameters: {'mlp_n_layers': 1, 'mlp_dim_00': 415, 'node_hidden_dim': 34, 'edge_hidden_dim': 48, 'depth': 1, 'rep_dropout': 0.05629802760593676, 'train_learning_rate': 0.0018463222556611768, 'train_lr_reduce': 0.6}. Best is trial 673 with value: 0.11172225326299667.
[I 2024-12-19 20:43:19,135] Trial 1439 finished with value: 0.3011234998703003 and parameters: {'mlp_n_layers': 1, 'mlp_dim_00': 300, 'node_hidden_dim': 59, 'edge_hidden_dim': 73, 'depth': 1, 'rep_dropout': 0.004939014559642879, 'train_learning_rate': 0.009843536702332553, 'train_lr_reduce': 0.6}. Best is trial 673 with value: 0.11172225326299667.
[I 2024-12-19 20:43:21,696] Trial 1436 finished with value: 0.1312737762928009 and parameters: {'mlp_n_layers': 1, 'mlp_dim_00': 443, 'node_hidden_dim': 46, 'edge_hidden_dim': 42, 'depth': 1, 'rep_dropout': 0.07311309643288595, 'train_learning_rate': 0.0029594525548069196, 'train_lr_reduce': 0.6}. Best is trial 673 with value: 0.11172225326299667.
[I 2024-12-19 20:43:24,985] Trial 1441 finished with value: 1.1428214311599731 and parameters: {'mlp_n_layers': 3, 'mlp_dim_00': 236, 'mlp_dim_01': 512, 'mlp_dim_02': 178, 'node_hidden_dim': 127, 'edge_hidden_dim': 84, 'depth': 4, 'rep_dropout': 0.139728608454926, 'train_learning_rate': 0.0006424566206406207, 'train_lr_reduce': 0.6}. Best is trial 673 with value: 0.11172225326299667.
[I 2024-12-19 20:43:29,461] Trial 1443 finished with value: 1.1456787586212158 and parameters: {'mlp_n_layers': 1, 'mlp_dim_00': 512, 'node_hidden_dim': 47, 'edge_hidden_dim': 46, 'depth': 1, 'rep_dropout': 0.029893168783827227, 'train_learning_rate': 0.0009996471061345042, 'train_lr_reduce': 0.6}. Best is trial 673 with value: 0.11172225326299667.
[I 2024-12-19 20:43:32,004] Trial 1440 finished with value: 0.1621832400560379 and parameters: {'mlp_n_layers': 1, 'mlp_dim_00': 497, 'node_hidden_dim': 35, 'edge_hidden_dim': 41, 'depth': 1, 'rep_dropout': 0.05024230065037488, 'train_learning_rate': 0.0027899922778451573, 'train_lr_reduce': 0.6}. Best is trial 673 with value: 0.11172225326299667.
[I 2024-12-19 20:43:34,688] Trial 1444 finished with value: 1.144231915473938 and parameters: {'mlp_n_layers': 2, 'mlp_dim_00': 405, 'mlp_dim_01': 195, 'node_hidden_dim': 48, 'edge_hidden_dim': 85, 'depth': 2, 'rep_dropout': 0.08235788280871637, 'train_learning_rate': 0.0025499086284799083, 'train_lr_reduce': 0.6}. Best is trial 673 with value: 0.11172225326299667.
[I 2024-12-19 20:43:36,917] Trial 1445 finished with value: 1.149904727935791 and parameters: {'mlp_n_layers': 2, 'mlp_dim_00': 458, 'mlp_dim_01': 384, 'node_hidden_dim': 33, 'edge_hidden_dim': 43, 'depth': 1, 'rep_dropout': 0.06258290808503611, 'train_learning_rate': 0.0022643843122047767, 'train_lr_reduce': 0.6}. Best is trial 673 with value: 0.11172225326299667.
[I 2024-12-19 20:44:04,873] Trial 1442 finished with value: 0.1408945620059967 and parameters: {'mlp_n_layers': 1, 'mlp_dim_00': 296, 'node_hidden_dim': 32, 'edge_hidden_dim': 57, 'depth': 1, 'rep_dropout': 0.02325193292891883, 'train_learning_rate': 0.0015711186923878634, 'train_lr_reduce': 0.6}. Best is trial 673 with value: 0.11172225326299667.
