[I 2024-12-04 18:07:00,460] Trial 2018 finished with value: 0.3125045844439966 and parameters: {'n_estimators': 914, 'max_depth': 6, 'learning_rate': 0.07441122036936097, 'subsample': 0.7686844434434631, 'colsample_bytree': 0.7186585319772217, 'min_child_weight': 2, 'gamma': 0.0007541714669085446, 'reg_alpha': 0.0001041504881097837, 'reg_lambda': 0.013350674428809611}. Best is trial 1319 with value: 0.30197738672869706.
[I 2024-12-04 18:07:02,295] Trial 2019 finished with value: 0.3093761284944275 and parameters: {'n_estimators': 913, 'max_depth': 6, 'learning_rate': 0.07412463882471866, 'subsample': 0.7686902341775592, 'colsample_bytree': 0.7187470742443709, 'min_child_weight': 2, 'gamma': 0.000830750083438924, 'reg_alpha': 0.00011812520843794924, 'reg_lambda': 0.013283044867354519}. Best is trial 1319 with value: 0.30197738672869706.
[I 2024-12-04 18:07:04,151] Trial 2020 finished with value: 0.3054712812861338 and parameters: {'n_estimators': 910, 'max_depth': 6, 'learning_rate': 0.0746032435514855, 'subsample': 0.7690191520518651, 'colsample_bytree': 0.7197103986842052, 'min_child_weight': 2, 'gamma': 0.0007402740089875496, 'reg_alpha': 0.00011225193222531666, 'reg_lambda': 0.014050936107330662}. Best is trial 1319 with value: 0.30197738672869706.
[I 2024-12-04 18:07:05,804] Trial 2021 finished with value: 0.3136670429724672 and parameters: {'n_estimators': 913, 'max_depth': 6, 'learning_rate': 0.07445356258094828, 'subsample': 0.768483202192769, 'colsample_bytree': 0.7196559842597086, 'min_child_weight': 2, 'gamma': 0.0007163175393142833, 'reg_alpha': 0.00010765319299740317, 'reg_lambda': 0.012786518935779343}. Best is trial 1319 with value: 0.30197738672869706.
[I 2024-12-04 18:07:07,788] Trial 2022 finished with value: 0.31220496336538894 and parameters: {'n_estimators': 911, 'max_depth': 6, 'learning_rate': 0.07437211688249803, 'subsample': 0.7685526581642713, 'colsample_bytree': 0.7190165074895362, 'min_child_weight': 2, 'gamma': 0.0007792850492279172, 'reg_alpha': 0.00011564965685139268, 'reg_lambda': 0.013127686691923246}. Best is trial 1319 with value: 0.30197738672869706.
[I 2024-12-04 18:07:09,777] Trial 2023 finished with value: 0.3129762249575254 and parameters: {'n_estimators': 912, 'max_depth': 6, 'learning_rate': 0.07420273297953882, 'subsample': 0.7690060466739468, 'colsample_bytree': 0.7188655442814875, 'min_child_weight': 2, 'gamma': 0.0007857793051651078, 'reg_alpha': 0.00011440118600715323, 'reg_lambda': 0.013285138965788257}. Best is trial 1319 with value: 0.30197738672869706.
[I 2024-12-04 18:07:11,428] Trial 2024 finished with value: 0.3119232004559714 and parameters: {'n_estimators': 912, 'max_depth': 6, 'learning_rate': 0.07440560450605635, 'subsample': 0.7687529568289646, 'colsample_bytree': 0.7180863569967991, 'min_child_weight': 2, 'gamma': 0.0007767148937824848, 'reg_alpha': 0.0001288511387470441, 'reg_lambda': 0.012498911361160474}. Best is trial 1319 with value: 0.30197738672869706.
[I 2024-12-04 18:07:12,908] Trial 2025 finished with value: 0.316696267671948 and parameters: {'n_estimators': 913, 'max_depth': 6, 'learning_rate': 0.07415711674001742, 'subsample': 0.769081796598793, 'colsample_bytree': 0.7189174394951054, 'min_child_weight': 2, 'gamma': 0.0007648831507258693, 'reg_alpha': 0.00010139703452769717, 'reg_lambda': 0.01318386238352913}. Best is trial 1319 with value: 0.30197738672869706.
[I 2024-12-04 18:07:14,866] Trial 2026 finished with value: 0.31510373485538695 and parameters: {'n_estimators': 908, 'max_depth': 6, 'learning_rate': 0.07461872938927024, 'subsample': 0.7684945404482881, 'colsample_bytree': 0.7192890030229551, 'min_child_weight': 2, 'gamma': 0.0008311798473516109, 'reg_alpha': 0.00011998426103242198, 'reg_lambda': 0.013745538736913181}. Best is trial 1319 with value: 0.30197738672869706.
[I 2024-12-04 18:07:16,835] Trial 2027 finished with value: 0.3090987764129056 and parameters: {'n_estimators': 912, 'max_depth': 6, 'learning_rate': 0.0749345177184744, 'subsample': 0.7686129864173964, 'colsample_bytree': 0.7181819792400379, 'min_child_weight': 2, 'gamma': 0.0007974551209504104, 'reg_alpha': 0.00013063439420942587, 'reg_lambda': 0.01399045242945684}. Best is trial 1319 with value: 0.30197738672869706.
[I 2024-12-04 18:07:18,392] Trial 2028 finished with value: 0.3173472292899155 and parameters: {'n_estimators': 911, 'max_depth': 6, 'learning_rate': 0.07432354990277215, 'subsample': 0.7683392203543864, 'colsample_bytree': 0.7188290992334845, 'min_child_weight': 2, 'gamma': 0.0008051949311125236, 'reg_alpha': 0.00011710669842214557, 'reg_lambda': 0.013914121117837503}. Best is trial 1319 with value: 0.30197738672869706.
[I 2024-12-04 18:07:19,929] Trial 2029 finished with value: 0.31648095813685756 and parameters: {'n_estimators': 907, 'max_depth': 6, 'learning_rate': 0.0747855952926914, 'subsample': 0.7688330333772097, 'colsample_bytree': 0.7195353966311833, 'min_child_weight': 2, 'gamma': 0.0007845602835632005, 'reg_alpha': 0.00012610082311843892, 'reg_lambda': 0.01315865513062021}. Best is trial 1319 with value: 0.30197738672869706.
[I 2024-12-04 18:07:21,373] Trial 2030 finished with value: 0.3116565381972452 and parameters: {'n_estimators': 910, 'max_depth': 6, 'learning_rate': 0.0747660239537962, 'subsample': 0.7686804605247048, 'colsample_bytree': 0.7201870563616937, 'min_child_weight': 2, 'gamma': 0.0007391211335596603, 'reg_alpha': 0.00011083721749283098, 'reg_lambda': 0.014257796409015078}. Best is trial 1319 with value: 0.30197738672869706.
[I 2024-12-04 18:07:22,811] Trial 2031 finished with value: 0.3147732730422187 and parameters: {'n_estimators': 905, 'max_depth': 6, 'learning_rate': 0.07469752939824313, 'subsample': 0.7691443193615987, 'colsample_bytree': 0.718458600653914, 'min_child_weight': 2, 'gamma': 0.0008110342367691973, 'reg_alpha': 0.0001231191609112546, 'reg_lambda': 0.014186635641889225}. Best is trial 1319 with value: 0.30197738672869706.
[I 2024-12-04 18:07:24,296] Trial 2032 finished with value: 0.3086369785457602 and parameters: {'n_estimators': 909, 'max_depth': 6, 'learning_rate': 0.07413610135346961, 'subsample': 0.7692159698227894, 'colsample_bytree': 0.7185012872310703, 'min_child_weight': 2, 'gamma': 0.0008339787310508537, 'reg_alpha': 0.00013960649600722397, 'reg_lambda': 0.0130116198103643}. Best is trial 1319 with value: 0.30197738672869706.
[I 2024-12-04 18:07:25,722] Trial 2033 finished with value: 0.31080027656114895 and parameters: {'n_estimators': 907, 'max_depth': 6, 'learning_rate': 0.07484489618154797, 'subsample': 0.7685996830958381, 'colsample_bytree': 0.7174206401261739, 'min_child_weight': 2, 'gamma': 0.0008002737975321546, 'reg_alpha': 0.00012609750754633532, 'reg_lambda': 0.013766090149347548}. Best is trial 1319 with value: 0.30197738672869706.
[I 2024-12-04 18:07:27,144] Trial 2034 finished with value: 0.31061063317897397 and parameters: {'n_estimators': 912, 'max_depth': 6, 'learning_rate': 0.07490757632349372, 'subsample': 0.7686878468729911, 'colsample_bytree': 0.7192088365675121, 'min_child_weight': 2, 'gamma': 0.0007769267004283905, 'reg_alpha': 0.00011796597184080259, 'reg_lambda': 0.014405704498141063}. Best is trial 1319 with value: 0.30197738672869706.
[I 2024-12-04 18:07:28,575] Trial 2035 finished with value: 0.31103776182293746 and parameters: {'n_estimators': 908, 'max_depth': 6, 'learning_rate': 0.0744085631349624, 'subsample': 0.7693822456488288, 'colsample_bytree': 0.7180333931926347, 'min_child_weight': 2, 'gamma': 0.000808947054698757, 'reg_alpha': 0.00012138300082487692, 'reg_lambda': 0.013698097421677673}. Best is trial 1319 with value: 0.30197738672869706.
[I 2024-12-04 18:07:30,013] Trial 2036 finished with value: 0.31637463163364654 and parameters: {'n_estimators': 910, 'max_depth': 6, 'learning_rate': 0.07457455224244013, 'subsample': 0.7693561365619356, 'colsample_bytree': 0.719856725595474, 'min_child_weight': 2, 'gamma': 0.000773535777467767, 'reg_alpha': 0.00011478211939009381, 'reg_lambda': 0.013720345791239947}. Best is trial 1319 with value: 0.30197738672869706.
[I 2024-12-04 18:07:31,447] Trial 2037 finished with value: 0.31403310253360434 and parameters: {'n_estimators': 909, 'max_depth': 6, 'learning_rate': 0.07475796065490811, 'subsample': 0.768787388904238, 'colsample_bytree': 0.7192482905803509, 'min_child_weight': 2, 'gamma': 0.0008104580638945415, 'reg_alpha': 0.00011693642709955408, 'reg_lambda': 0.013776275532877053}. Best is trial 1319 with value: 0.30197738672869706.
[I 2024-12-04 18:07:32,892] Trial 2038 finished with value: 0.3099646152120867 and parameters: {'n_estimators': 911, 'max_depth': 6, 'learning_rate': 0.07458501072133157, 'subsample': 0.7690463276444892, 'colsample_bytree': 0.7188124120111467, 'min_child_weight': 2, 'gamma': 0.0007897843335617569, 'reg_alpha': 0.000131144037993823, 'reg_lambda': 0.01222692492555979}. Best is trial 1319 with value: 0.30197738672869706.
[I 2024-12-04 18:07:34,561] Trial 2039 finished with value: 0.31181605753221314 and parameters: {'n_estimators': 908, 'max_depth': 6, 'learning_rate': 0.07478172099761204, 'subsample': 0.7684248352481996, 'colsample_bytree': 0.7186737778513974, 'min_child_weight': 2, 'gamma': 0.0007935995643900487, 'reg_alpha': 0.00012291726524111981, 'reg_lambda': 0.01384741566562691}. Best is trial 1319 with value: 0.30197738672869706.
[I 2024-12-04 18:07:35,997] Trial 2040 finished with value: 0.31201382919263754 and parameters: {'n_estimators': 907, 'max_depth': 6, 'learning_rate': 0.07463436461630403, 'subsample': 0.769245337087778, 'colsample_bytree': 0.7187503968996789, 'min_child_weight': 2, 'gamma': 0.0008144842866524596, 'reg_alpha': 0.00014824595063458242, 'reg_lambda': 0.013236479274538991}. Best is trial 1319 with value: 0.30197738672869706.
[I 2024-12-04 18:07:37,572] Trial 2041 finished with value: 0.3184679655953314 and parameters: {'n_estimators': 905, 'max_depth': 6, 'learning_rate': 0.07500096709485778, 'subsample': 0.7692131041467286, 'colsample_bytree': 0.7188470956616619, 'min_child_weight': 2, 'gamma': 0.0008144679270654632, 'reg_alpha': 0.00014330395884070362, 'reg_lambda': 0.013475352657028278}. Best is trial 1319 with value: 0.30197738672869706.
[I 2024-12-04 18:07:39,032] Trial 2042 finished with value: 0.30831706348141613 and parameters: {'n_estimators': 911, 'max_depth': 6, 'learning_rate': 0.07472818141947916, 'subsample': 0.7688696431753288, 'colsample_bytree': 0.7187839740623765, 'min_child_weight': 2, 'gamma': 0.0007712665226429141, 'reg_alpha': 0.00013056234129680318, 'reg_lambda': 0.014020626973135164}. Best is trial 1319 with value: 0.30197738672869706.
[I 2024-12-04 18:07:40,493] Trial 2043 finished with value: 0.3136804946791166 and parameters: {'n_estimators': 909, 'max_depth': 6, 'learning_rate': 0.07434240101339325, 'subsample': 0.7690090487149563, 'colsample_bytree': 0.7174203317011113, 'min_child_weight': 2, 'gamma': 0.0008269357597170662, 'reg_alpha': 0.00014132628196998704, 'reg_lambda': 0.013222247683659418}. Best is trial 1319 with value: 0.30197738672869706.
[I 2024-12-04 18:07:41,934] Trial 2044 finished with value: 0.31244753124561114 and parameters: {'n_estimators': 909, 'max_depth': 6, 'learning_rate': 0.07459838145182465, 'subsample': 0.7687356914288852, 'colsample_bytree': 0.7187880290457651, 'min_child_weight': 2, 'gamma': 0.0007829257360019453, 'reg_alpha': 0.00012508233506918037, 'reg_lambda': 0.013232100572211738}. Best is trial 1319 with value: 0.30197738672869706.
[I 2024-12-04 18:07:43,378] Trial 2045 finished with value: 0.3093672202576661 and parameters: {'n_estimators': 914, 'max_depth': 6, 'learning_rate': 0.07394319581495543, 'subsample': 0.76879458594204, 'colsample_bytree': 0.717088420471562, 'min_child_weight': 2, 'gamma': 0.0007814386641976295, 'reg_alpha': 0.00012821253644657222, 'reg_lambda': 0.012019745818055375}. Best is trial 1319 with value: 0.30197738672869706.
[I 2024-12-04 18:07:44,934] Trial 2046 finished with value: 0.3129707072479931 and parameters: {'n_estimators': 910, 'max_depth': 6, 'learning_rate': 0.07431852111261861, 'subsample': 0.7688696317888463, 'colsample_bytree': 0.7192118202319486, 'min_child_weight': 2, 'gamma': 0.0008147840480422356, 'reg_alpha': 0.00011823328067952597, 'reg_lambda': 0.013252854095569597}. Best is trial 1319 with value: 0.30197738672869706.
[I 2024-12-04 18:07:46,361] Trial 2047 finished with value: 0.30991166965976896 and parameters: {'n_estimators': 905, 'max_depth': 6, 'learning_rate': 0.07458555697291973, 'subsample': 0.7697551353290447, 'colsample_bytree': 0.717034594666808, 'min_child_weight': 2, 'gamma': 0.0008980776338556801, 'reg_alpha': 0.00016299999196784387, 'reg_lambda': 0.012541841277064007}. Best is trial 1319 with value: 0.30197738672869706.
[I 2024-12-04 18:07:47,792] Trial 2048 finished with value: 0.31498983875796555 and parameters: {'n_estimators': 913, 'max_depth': 6, 'learning_rate': 0.07506359722928471, 'subsample': 0.7684769354595227, 'colsample_bytree': 0.71856233749458, 'min_child_weight': 2, 'gamma': 0.0007962688348251287, 'reg_alpha': 0.00014288844388820961, 'reg_lambda': 0.013207092463394389}. Best is trial 1319 with value: 0.30197738672869706.
[I 2024-12-04 18:07:49,285] Trial 2049 finished with value: 0.315616144787044 and parameters: {'n_estimators': 907, 'max_depth': 6, 'learning_rate': 0.07464868156147057, 'subsample': 0.7690293236387546, 'colsample_bytree': 0.7184219095771847, 'min_child_weight': 2, 'gamma': 0.0008142323491571526, 'reg_alpha': 0.000137322853910384, 'reg_lambda': 0.01330634219096864}. Best is trial 1319 with value: 0.30197738672869706.
[I 2024-12-04 18:07:50,702] Trial 2050 finished with value: 0.31094095270677224 and parameters: {'n_estimators': 903, 'max_depth': 6, 'learning_rate': 0.07445331494411056, 'subsample': 0.7698386875833981, 'colsample_bytree': 0.7193656746197088, 'min_child_weight': 2, 'gamma': 0.0008525366716992187, 'reg_alpha': 0.0001437559467949649, 'reg_lambda': 0.013614538188035005}. Best is trial 1319 with value: 0.30197738672869706.
[I 2024-12-04 18:07:52,140] Trial 2051 finished with value: 0.31351463114725986 and parameters: {'n_estimators': 912, 'max_depth': 6, 'learning_rate': 0.0743385937317747, 'subsample': 0.7693505627183297, 'colsample_bytree': 0.7195608197665062, 'min_child_weight': 2, 'gamma': 0.0007572670723074051, 'reg_alpha': 0.00012196802760274742, 'reg_lambda': 0.012710964956202636}. Best is trial 1319 with value: 0.30197738672869706.
[I 2024-12-04 18:07:53,586] Trial 2052 finished with value: 0.3146519986975091 and parameters: {'n_estimators': 909, 'max_depth': 6, 'learning_rate': 0.07439091946251157, 'subsample': 0.768406807571109, 'colsample_bytree': 0.7189238976304739, 'min_child_weight': 2, 'gamma': 0.0007912141422930052, 'reg_alpha': 0.00013325146750051234, 'reg_lambda': 0.0136099404915501}. Best is trial 1319 with value: 0.30197738672869706.
[I 2024-12-04 18:07:55,023] Trial 2053 finished with value: 0.30874560146129604 and parameters: {'n_estimators': 907, 'max_depth': 6, 'learning_rate': 0.0744335260559754, 'subsample': 0.7693739950201199, 'colsample_bytree': 0.718227556231806, 'min_child_weight': 2, 'gamma': 0.0008426803374038946, 'reg_alpha': 0.00014020866268319476, 'reg_lambda': 0.013793335625185739}. Best is trial 1319 with value: 0.30197738672869706.
[I 2024-12-04 18:07:56,470] Trial 2054 finished with value: 0.316608049799142 and parameters: {'n_estimators': 912, 'max_depth': 6, 'learning_rate': 0.07485853850404561, 'subsample': 0.7684965322466166, 'colsample_bytree': 0.7183389508384853, 'min_child_weight': 2, 'gamma': 0.0008188230391605994, 'reg_alpha': 0.00014471775425374417, 'reg_lambda': 0.014403647753841349}. Best is trial 1319 with value: 0.30197738672869706.
[I 2024-12-04 18:07:57,923] Trial 2055 finished with value: 0.31338275056125114 and parameters: {'n_estimators': 910, 'max_depth': 6, 'learning_rate': 0.07460807931723258, 'subsample': 0.7685777016521657, 'colsample_bytree': 0.717408297523457, 'min_child_weight': 2, 'gamma': 0.000742945585973874, 'reg_alpha': 0.0001223519391893812, 'reg_lambda': 0.013037942049221232}. Best is trial 1319 with value: 0.30197738672869706.
[I 2024-12-04 18:07:59,464] Trial 2056 finished with value: 0.3120092843783231 and parameters: {'n_estimators': 911, 'max_depth': 6, 'learning_rate': 0.07411605078288276, 'subsample': 0.7697156931081023, 'colsample_bytree': 0.7170263609780906, 'min_child_weight': 2, 'gamma': 0.0008090687731963677, 'reg_alpha': 0.00014140497396259845, 'reg_lambda': 0.012303295397975063}. Best is trial 1319 with value: 0.30197738672869706.
[I 2024-12-04 18:08:00,917] Trial 2057 finished with value: 0.31558985732686295 and parameters: {'n_estimators': 911, 'max_depth': 6, 'learning_rate': 0.07471646285061463, 'subsample': 0.7683086244845003, 'colsample_bytree': 0.7169435728666547, 'min_child_weight': 2, 'gamma': 0.0007985941778779902, 'reg_alpha': 0.00015826368223097485, 'reg_lambda': 0.01386422930956309}. Best is trial 1319 with value: 0.30197738672869706.
[I 2024-12-04 18:08:02,376] Trial 2058 finished with value: 0.3115926217800821 and parameters: {'n_estimators': 909, 'max_depth': 6, 'learning_rate': 0.07432225352474003, 'subsample': 0.7692273376578308, 'colsample_bytree': 0.7177996196470597, 'min_child_weight': 2, 'gamma': 0.0008048403335044576, 'reg_alpha': 0.00013989157895545897, 'reg_lambda': 0.012857153792714668}. Best is trial 1319 with value: 0.30197738672869706.
[I 2024-12-04 18:08:03,946] Trial 2059 finished with value: 0.311427557953323 and parameters: {'n_estimators': 901, 'max_depth': 6, 'learning_rate': 0.07458511500564868, 'subsample': 0.7697116886260497, 'colsample_bytree': 0.7177718563524826, 'min_child_weight': 2, 'gamma': 0.0008643511204106171, 'reg_alpha': 0.0001460303088061601, 'reg_lambda': 0.014044108662924177}. Best is trial 1319 with value: 0.30197738672869706.
[I 2024-12-04 18:08:05,387] Trial 2060 finished with value: 0.3142379050341835 and parameters: {'n_estimators': 905, 'max_depth': 6, 'learning_rate': 0.07416416739421736, 'subsample': 0.7691375137509228, 'colsample_bytree': 0.7189806527100888, 'min_child_weight': 2, 'gamma': 0.0008776539571865136, 'reg_alpha': 0.00014962679999555524, 'reg_lambda': 0.013419129343712723}. Best is trial 1319 with value: 0.30197738672869706.
[I 2024-12-04 18:08:06,824] Trial 2061 finished with value: 0.31632520149794835 and parameters: {'n_estimators': 914, 'max_depth': 6, 'learning_rate': 0.07421933422896708, 'subsample': 0.769440069184874, 'colsample_bytree': 0.7186466989651371, 'min_child_weight': 2, 'gamma': 0.0007961314017014353, 'reg_alpha': 0.00012138759219498822, 'reg_lambda': 0.01358188318194767}. Best is trial 1319 with value: 0.30197738672869706.
[I 2024-12-04 18:08:08,248] Trial 2062 finished with value: 0.3084142120570812 and parameters: {'n_estimators': 908, 'max_depth': 6, 'learning_rate': 0.074377131078014, 'subsample': 0.7692134147053881, 'colsample_bytree': 0.7174995324996973, 'min_child_weight': 2, 'gamma': 0.0008419806138797797, 'reg_alpha': 0.00013411662377288758, 'reg_lambda': 0.012785840944729699}. Best is trial 1319 with value: 0.30197738672869706.
[I 2024-12-04 18:08:10,019] Trial 2063 finished with value: 0.3156956899179825 and parameters: {'n_estimators': 906, 'max_depth': 6, 'learning_rate': 0.07422846045244105, 'subsample': 0.7695072165563571, 'colsample_bytree': 0.7188731725167555, 'min_child_weight': 2, 'gamma': 0.0008077743085779307, 'reg_alpha': 0.00013329025717847805, 'reg_lambda': 0.013602221294257682}. Best is trial 1319 with value: 0.30197738672869706.
[I 2024-12-04 18:08:11,466] Trial 2064 finished with value: 0.3152841216198485 and parameters: {'n_estimators': 909, 'max_depth': 6, 'learning_rate': 0.07419414679365709, 'subsample': 0.7691870578065928, 'colsample_bytree': 0.7187264901033222, 'min_child_weight': 2, 'gamma': 0.0008050533904851626, 'reg_alpha': 0.00013279142945974042, 'reg_lambda': 0.01392130187839163}. Best is trial 1319 with value: 0.30197738672869706.
[I 2024-12-04 18:08:12,934] Trial 2065 finished with value: 0.310678825386197 and parameters: {'n_estimators': 904, 'max_depth': 6, 'learning_rate': 0.0742108082660638, 'subsample': 0.7693271667957131, 'colsample_bytree': 0.719021493329394, 'min_child_weight': 2, 'gamma': 0.0008140919521737122, 'reg_alpha': 0.00013507731287893649, 'reg_lambda': 0.013456952334191342}. Best is trial 1319 with value: 0.30197738672869706.
[I 2024-12-04 18:08:14,373] Trial 2066 finished with value: 0.3142506947402835 and parameters: {'n_estimators': 912, 'max_depth': 6, 'learning_rate': 0.07470601113523362, 'subsample': 0.7691324430584183, 'colsample_bytree': 0.716558861578914, 'min_child_weight': 2, 'gamma': 0.0008443084935644529, 'reg_alpha': 0.00014377135599520568, 'reg_lambda': 0.013127151215415534}. Best is trial 1319 with value: 0.30197738672869706.
[I 2024-12-04 18:08:15,813] Trial 2067 finished with value: 0.31303282232032076 and parameters: {'n_estimators': 907, 'max_depth': 6, 'learning_rate': 0.07463028402030321, 'subsample': 0.768886238320377, 'colsample_bytree': 0.719474063513128, 'min_child_weight': 2, 'gamma': 0.000820952393645967, 'reg_alpha': 0.00013667738357903941, 'reg_lambda': 0.015409768522094124}. Best is trial 1319 with value: 0.30197738672869706.
[I 2024-12-04 18:08:17,256] Trial 2068 finished with value: 0.3103552438044798 and parameters: {'n_estimators': 905, 'max_depth': 6, 'learning_rate': 0.07429332637647625, 'subsample': 0.7695622583677809, 'colsample_bytree': 0.7183928491099079, 'min_child_weight': 2, 'gamma': 0.0008124639829819621, 'reg_alpha': 0.00014027645106679998, 'reg_lambda': 0.013040436206041997}. Best is trial 1319 with value: 0.30197738672869706.
