[I 2024-12-19 08:49:54,857] Trial 2134 finished with value: 1.3715964555740356 and parameters: {'mlp_n_layers': 4, 'mlp_dim_00': 296, 'mlp_dim_01': 222, 'mlp_dim_02': 296, 'mlp_dim_03': 182, 'node_hidden_dim': 34, 'edge_hidden_dim': 93, 'depth': 2, 'rep_dropout': 0.17905260550506558, 'train_learning_rate': 0.009995268619452276, 'train_lr_reduce': 0.6}. Best is trial 1483 with value: 0.2768918573856354.
[I 2024-12-19 08:49:56,488] Trial 2135 finished with value: 1.3256932497024536 and parameters: {'mlp_n_layers': 2, 'mlp_dim_00': 284, 'mlp_dim_01': 268, 'node_hidden_dim': 91, 'edge_hidden_dim': 50, 'depth': 2, 'rep_dropout': 0.07912876147326486, 'train_learning_rate': 0.0034441774645962713, 'train_lr_reduce': 0.6}. Best is trial 1483 with value: 0.2768918573856354.
[I 2024-12-19 08:49:58,173] Trial 2136 finished with value: 1.284598469734192 and parameters: {'mlp_n_layers': 3, 'mlp_dim_00': 455, 'mlp_dim_01': 505, 'mlp_dim_02': 421, 'node_hidden_dim': 107, 'edge_hidden_dim': 99, 'depth': 2, 'rep_dropout': 0.11340359853456142, 'train_learning_rate': 0.003156835481955539, 'train_lr_reduce': 0.6}. Best is trial 1483 with value: 0.2768918573856354.
[I 2024-12-19 08:49:59,702] Trial 2137 finished with value: 1.2991759777069092 and parameters: {'mlp_n_layers': 3, 'mlp_dim_00': 157, 'mlp_dim_01': 65, 'mlp_dim_02': 365, 'node_hidden_dim': 113, 'edge_hidden_dim': 32, 'depth': 3, 'rep_dropout': 0.04386964352025457, 'train_learning_rate': 0.004496813051407279, 'train_lr_reduce': 0.6}. Best is trial 1483 with value: 0.2768918573856354.
[I 2024-12-19 08:50:01,916] Trial 2138 finished with value: 1.3310621976852417 and parameters: {'mlp_n_layers': 2, 'mlp_dim_00': 284, 'mlp_dim_01': 71, 'node_hidden_dim': 107, 'edge_hidden_dim': 83, 'depth': 3, 'rep_dropout': 0.003367014774677348, 'train_learning_rate': 0.007240109061814976, 'train_lr_reduce': 0.6}. Best is trial 1483 with value: 0.2768918573856354.
[I 2024-12-19 08:50:03,243] Trial 2139 finished with value: 1.4943424463272095 and parameters: {'mlp_n_layers': 2, 'mlp_dim_00': 206, 'mlp_dim_01': 268, 'node_hidden_dim': 103, 'edge_hidden_dim': 62, 'depth': 2, 'rep_dropout': 0.09184758860226691, 'train_learning_rate': 0.004382666527266953, 'train_lr_reduce': 0.6}. Best is trial 1483 with value: 0.2768918573856354.
[I 2024-12-19 08:50:04,720] Trial 2140 finished with value: 1.3421732187271118 and parameters: {'mlp_n_layers': 2, 'mlp_dim_00': 265, 'mlp_dim_01': 109, 'node_hidden_dim': 97, 'edge_hidden_dim': 35, 'depth': 4, 'rep_dropout': 0.002960177351531937, 'train_learning_rate': 0.0023128701797470877, 'train_lr_reduce': 0.6}. Best is trial 1483 with value: 0.2768918573856354.
[I 2024-12-19 08:50:06,595] Trial 2141 finished with value: 1.2831859588623047 and parameters: {'mlp_n_layers': 3, 'mlp_dim_00': 118, 'mlp_dim_01': 211, 'mlp_dim_02': 247, 'node_hidden_dim': 36, 'edge_hidden_dim': 61, 'depth': 3, 'rep_dropout': 0.16479888230666995, 'train_learning_rate': 0.006992539642619439, 'train_lr_reduce': 0.6}. Best is trial 1483 with value: 0.2768918573856354.
[I 2024-12-19 08:50:07,490] Trial 2142 finished with value: 1.3363274335861206 and parameters: {'mlp_n_layers': 2, 'mlp_dim_00': 311, 'mlp_dim_01': 184, 'node_hidden_dim': 91, 'edge_hidden_dim': 57, 'depth': 2, 'rep_dropout': 0.0613926841741789, 'train_learning_rate': 0.007475673121976725, 'train_lr_reduce': 0.6}. Best is trial 1483 with value: 0.2768918573856354.
[I 2024-12-19 08:50:11,727] Trial 2144 finished with value: 1.3889315128326416 and parameters: {'mlp_n_layers': 3, 'mlp_dim_00': 90, 'mlp_dim_01': 219, 'mlp_dim_02': 319, 'node_hidden_dim': 121, 'edge_hidden_dim': 44, 'depth': 3, 'rep_dropout': 0.032542593385007756, 'train_learning_rate': 0.00938370832993268, 'train_lr_reduce': 0.6}. Best is trial 1483 with value: 0.2768918573856354.
[I 2024-12-19 08:50:12,493] Trial 2145 finished with value: 1.2937630414962769 and parameters: {'mlp_n_layers': 2, 'mlp_dim_00': 69, 'mlp_dim_01': 202, 'node_hidden_dim': 81, 'edge_hidden_dim': 101, 'depth': 4, 'rep_dropout': 0.0757200772686018, 'train_learning_rate': 0.0098234426685514, 'train_lr_reduce': 0.6}. Best is trial 1483 with value: 0.2768918573856354.
[I 2024-12-19 08:50:15,449] Trial 2143 finished with value: 0.5402755737304688 and parameters: {'mlp_n_layers': 2, 'mlp_dim_00': 171, 'mlp_dim_01': 328, 'node_hidden_dim': 99, 'edge_hidden_dim': 78, 'depth': 2, 'rep_dropout': 0.08041585540121811, 'train_learning_rate': 0.00876226786099396, 'train_lr_reduce': 0.6}. Best is trial 1483 with value: 0.2768918573856354.
[I 2024-12-19 08:50:16,553] Trial 2146 finished with value: 1.4975796937942505 and parameters: {'mlp_n_layers': 4, 'mlp_dim_00': 286, 'mlp_dim_01': 436, 'mlp_dim_02': 476, 'mlp_dim_03': 117, 'node_hidden_dim': 127, 'edge_hidden_dim': 42, 'depth': 2, 'rep_dropout': 0.022292506590350702, 'train_learning_rate': 0.0019356830415592791, 'train_lr_reduce': 0.6}. Best is trial 1483 with value: 0.2768918573856354.
[I 2024-12-19 08:50:17,133] Trial 2147 finished with value: 1.284271478652954 and parameters: {'mlp_n_layers': 3, 'mlp_dim_00': 236, 'mlp_dim_01': 324, 'mlp_dim_02': 395, 'node_hidden_dim': 101, 'edge_hidden_dim': 67, 'depth': 2, 'rep_dropout': 0.03972324392373697, 'train_learning_rate': 0.0040674805712195205, 'train_lr_reduce': 0.6}. Best is trial 1483 with value: 0.2768918573856354.
[I 2024-12-19 08:50:21,168] Trial 2149 finished with value: 1.369273066520691 and parameters: {'mlp_n_layers': 3, 'mlp_dim_00': 454, 'mlp_dim_01': 193, 'mlp_dim_02': 436, 'node_hidden_dim': 57, 'edge_hidden_dim': 102, 'depth': 2, 'rep_dropout': 0.1406411302221248, 'train_learning_rate': 0.004407701887735085, 'train_lr_reduce': 0.6}. Best is trial 1483 with value: 0.2768918573856354.
[I 2024-12-19 08:50:21,695] Trial 2150 finished with value: 1.5890001058578491 and parameters: {'mlp_n_layers': 3, 'mlp_dim_00': 309, 'mlp_dim_01': 178, 'mlp_dim_02': 346, 'node_hidden_dim': 102, 'edge_hidden_dim': 48, 'depth': 4, 'rep_dropout': 0.11736906274494498, 'train_learning_rate': 0.00014877418435887103, 'train_lr_reduce': 0.6}. Best is trial 1483 with value: 0.2768918573856354.
[I 2024-12-19 08:50:21,878] Trial 2148 finished with value: 1.2032504081726074 and parameters: {'mlp_n_layers': 2, 'mlp_dim_00': 304, 'mlp_dim_01': 69, 'node_hidden_dim': 126, 'edge_hidden_dim': 42, 'depth': 2, 'rep_dropout': 0.008600792786942146, 'train_learning_rate': 0.009426415015629122, 'train_lr_reduce': 0.6}. Best is trial 1483 with value: 0.2768918573856354.
[I 2024-12-19 08:50:26,186] Trial 2151 finished with value: 1.588391661643982 and parameters: {'mlp_n_layers': 4, 'mlp_dim_00': 205, 'mlp_dim_01': 310, 'mlp_dim_02': 284, 'mlp_dim_03': 506, 'node_hidden_dim': 48, 'edge_hidden_dim': 90, 'depth': 3, 'rep_dropout': 0.22621593732046927, 'train_learning_rate': 0.00013453878793026654, 'train_lr_reduce': 0.6}. Best is trial 1483 with value: 0.2768918573856354.
[I 2024-12-19 08:50:26,724] Trial 2153 finished with value: 1.5387941598892212 and parameters: {'mlp_n_layers': 2, 'mlp_dim_00': 142, 'mlp_dim_01': 200, 'node_hidden_dim': 72, 'edge_hidden_dim': 43, 'depth': 3, 'rep_dropout': 0.24185732130742182, 'train_learning_rate': 0.0014042605605155071, 'train_lr_reduce': 0.6}. Best is trial 1483 with value: 0.2768918573856354.
[I 2024-12-19 08:50:30,757] Trial 2152 finished with value: 1.3452345132827759 and parameters: {'mlp_n_layers': 4, 'mlp_dim_00': 471, 'mlp_dim_01': 217, 'mlp_dim_02': 474, 'mlp_dim_03': 251, 'node_hidden_dim': 90, 'edge_hidden_dim': 119, 'depth': 3, 'rep_dropout': 0.14139881579981417, 'train_learning_rate': 0.0005354242200914591, 'train_lr_reduce': 0.6}. Best is trial 1483 with value: 0.2768918573856354.
[I 2024-12-19 08:50:31,133] Trial 2155 finished with value: 1.2828031778335571 and parameters: {'mlp_n_layers': 2, 'mlp_dim_00': 104, 'mlp_dim_01': 100, 'node_hidden_dim': 110, 'edge_hidden_dim': 78, 'depth': 4, 'rep_dropout': 0.0387235026386253, 'train_learning_rate': 0.007228761486138269, 'train_lr_reduce': 0.6}. Best is trial 1483 with value: 0.2768918573856354.
[I 2024-12-19 08:50:31,140] Trial 2154 finished with value: 1.3144642114639282 and parameters: {'mlp_n_layers': 3, 'mlp_dim_00': 504, 'mlp_dim_01': 361, 'mlp_dim_02': 336, 'node_hidden_dim': 90, 'edge_hidden_dim': 80, 'depth': 2, 'rep_dropout': 0.1343206885834183, 'train_learning_rate': 0.007906973606747128, 'train_lr_reduce': 0.6}. Best is trial 1483 with value: 0.2768918573856354.
[I 2024-12-19 08:50:35,846] Trial 2158 finished with value: 1.5118658542633057 and parameters: {'mlp_n_layers': 2, 'mlp_dim_00': 222, 'mlp_dim_01': 187, 'node_hidden_dim': 91, 'edge_hidden_dim': 34, 'depth': 2, 'rep_dropout': 0.11883197645695973, 'train_learning_rate': 0.003880947639903823, 'train_lr_reduce': 0.6}. Best is trial 1483 with value: 0.2768918573856354.
[I 2024-12-19 08:50:36,225] Trial 2156 finished with value: 1.3078861236572266 and parameters: {'mlp_n_layers': 2, 'mlp_dim_00': 342, 'mlp_dim_01': 292, 'node_hidden_dim': 98, 'edge_hidden_dim': 68, 'depth': 3, 'rep_dropout': 0.05431616128212849, 'train_learning_rate': 0.00959932193280472, 'train_lr_reduce': 0.6}. Best is trial 1483 with value: 0.2768918573856354.
[I 2024-12-19 08:50:38,521] Trial 2157 finished with value: 0.942542314529419 and parameters: {'mlp_n_layers': 4, 'mlp_dim_00': 230, 'mlp_dim_01': 315, 'mlp_dim_02': 255, 'mlp_dim_03': 112, 'node_hidden_dim': 126, 'edge_hidden_dim': 75, 'depth': 2, 'rep_dropout': 0.04917118623279895, 'train_learning_rate': 0.008874151914670747, 'train_lr_reduce': 0.6}. Best is trial 1483 with value: 0.2768918573856354.
[I 2024-12-19 08:50:40,689] Trial 2160 finished with value: 1.3921345472335815 and parameters: {'mlp_n_layers': 4, 'mlp_dim_00': 512, 'mlp_dim_01': 429, 'mlp_dim_02': 399, 'mlp_dim_03': 65, 'node_hidden_dim': 88, 'edge_hidden_dim': 107, 'depth': 2, 'rep_dropout': 0.11245807582163053, 'train_learning_rate': 0.00350550006555937, 'train_lr_reduce': 0.6}. Best is trial 1483 with value: 0.2768918573856354.
[I 2024-12-19 08:50:41,294] Trial 2159 finished with value: 1.5834060907363892 and parameters: {'mlp_n_layers': 2, 'mlp_dim_00': 232, 'mlp_dim_01': 496, 'node_hidden_dim': 60, 'edge_hidden_dim': 70, 'depth': 2, 'rep_dropout': 0.08233463238882066, 'train_learning_rate': 0.00015255520865666916, 'train_lr_reduce': 0.6}. Best is trial 1483 with value: 0.2768918573856354.
[I 2024-12-19 08:50:45,677] Trial 2162 finished with value: 1.4399667978286743 and parameters: {'mlp_n_layers': 3, 'mlp_dim_00': 220, 'mlp_dim_01': 290, 'mlp_dim_02': 367, 'node_hidden_dim': 101, 'edge_hidden_dim': 34, 'depth': 2, 'rep_dropout': 0.0692637961942573, 'train_learning_rate': 0.004525714685024707, 'train_lr_reduce': 0.6}. Best is trial 1483 with value: 0.2768918573856354.
[I 2024-12-19 08:50:46,437] Trial 2163 finished with value: 1.4033548831939697 and parameters: {'mlp_n_layers': 2, 'mlp_dim_00': 212, 'mlp_dim_01': 230, 'node_hidden_dim': 95, 'edge_hidden_dim': 82, 'depth': 3, 'rep_dropout': 0.01253462540967531, 'train_learning_rate': 0.008774109115573548, 'train_lr_reduce': 0.6}. Best is trial 1483 with value: 0.2768918573856354.
[I 2024-12-19 08:50:50,354] Trial 2164 finished with value: 1.49594247341156 and parameters: {'mlp_n_layers': 3, 'mlp_dim_00': 335, 'mlp_dim_01': 118, 'mlp_dim_02': 445, 'node_hidden_dim': 45, 'edge_hidden_dim': 128, 'depth': 2, 'rep_dropout': 0.07296565559405274, 'train_learning_rate': 0.002715668318117995, 'train_lr_reduce': 0.6}. Best is trial 1483 with value: 0.2768918573856354.
[I 2024-12-19 08:50:51,409] Trial 2165 finished with value: 1.4947057962417603 and parameters: {'mlp_n_layers': 2, 'mlp_dim_00': 414, 'mlp_dim_01': 138, 'node_hidden_dim': 108, 'edge_hidden_dim': 37, 'depth': 3, 'rep_dropout': 0.0020394700310616947, 'train_learning_rate': 0.0028107705723338333, 'train_lr_reduce': 0.6}. Best is trial 1483 with value: 0.2768918573856354.
[I 2024-12-19 08:50:52,170] Trial 2161 finished with value: 0.4477287828922272 and parameters: {'mlp_n_layers': 3, 'mlp_dim_00': 128, 'mlp_dim_01': 65, 'mlp_dim_02': 293, 'node_hidden_dim': 127, 'edge_hidden_dim': 81, 'depth': 2, 'rep_dropout': 0.014743917849647249, 'train_learning_rate': 0.0037226817438349227, 'train_lr_reduce': 0.6}. Best is trial 1483 with value: 0.2768918573856354.
[I 2024-12-19 08:50:55,595] Trial 2166 finished with value: 1.2837685346603394 and parameters: {'mlp_n_layers': 3, 'mlp_dim_00': 342, 'mlp_dim_01': 366, 'mlp_dim_02': 324, 'node_hidden_dim': 60, 'edge_hidden_dim': 35, 'depth': 4, 'rep_dropout': 0.24256993837390106, 'train_learning_rate': 0.004838313699503909, 'train_lr_reduce': 0.6}. Best is trial 1483 with value: 0.2768918573856354.
[I 2024-12-19 08:50:56,833] Trial 2168 finished with value: 1.292126178741455 and parameters: {'mlp_n_layers': 4, 'mlp_dim_00': 354, 'mlp_dim_01': 472, 'mlp_dim_02': 239, 'mlp_dim_03': 176, 'node_hidden_dim': 103, 'edge_hidden_dim': 108, 'depth': 2, 'rep_dropout': 0.11580699879576753, 'train_learning_rate': 0.008628273310114986, 'train_lr_reduce': 0.6}. Best is trial 1483 with value: 0.2768918573856354.
[I 2024-12-19 08:51:01,087] Trial 2169 finished with value: 1.3518120050430298 and parameters: {'mlp_n_layers': 4, 'mlp_dim_00': 490, 'mlp_dim_01': 493, 'mlp_dim_02': 478, 'mlp_dim_03': 151, 'node_hidden_dim': 109, 'edge_hidden_dim': 93, 'depth': 2, 'rep_dropout': 0.09054520796967, 'train_learning_rate': 0.004669236151133567, 'train_lr_reduce': 0.6}. Best is trial 1483 with value: 0.2768918573856354.
[I 2024-12-19 08:51:01,467] Trial 2170 finished with value: 1.3038923740386963 and parameters: {'mlp_n_layers': 2, 'mlp_dim_00': 192, 'mlp_dim_01': 207, 'node_hidden_dim': 109, 'edge_hidden_dim': 99, 'depth': 2, 'rep_dropout': 0.007463540962274182, 'train_learning_rate': 0.0050510450953109584, 'train_lr_reduce': 0.6}. Best is trial 1483 with value: 0.2768918573856354.
[I 2024-12-19 08:51:05,610] Trial 2171 finished with value: 1.2884708642959595 and parameters: {'mlp_n_layers': 4, 'mlp_dim_00': 183, 'mlp_dim_01': 365, 'mlp_dim_02': 512, 'mlp_dim_03': 333, 'node_hidden_dim': 111, 'edge_hidden_dim': 54, 'depth': 3, 'rep_dropout': 0.058306616350119744, 'train_learning_rate': 0.004734373666826713, 'train_lr_reduce': 0.6}. Best is trial 1483 with value: 0.2768918573856354.
[I 2024-12-19 08:51:05,927] Trial 2172 finished with value: 1.3883075714111328 and parameters: {'mlp_n_layers': 3, 'mlp_dim_00': 482, 'mlp_dim_01': 474, 'mlp_dim_02': 410, 'node_hidden_dim': 81, 'edge_hidden_dim': 99, 'depth': 3, 'rep_dropout': 0.02614261169872535, 'train_learning_rate': 0.0021567043685006616, 'train_lr_reduce': 0.6}. Best is trial 1483 with value: 0.2768918573856354.
[I 2024-12-19 08:51:07,959] Trial 2167 finished with value: 0.5041028261184692 and parameters: {'mlp_n_layers': 2, 'mlp_dim_00': 188, 'mlp_dim_01': 250, 'node_hidden_dim': 87, 'edge_hidden_dim': 73, 'depth': 2, 'rep_dropout': 0.11556326210762398, 'train_learning_rate': 0.009417979033145408, 'train_lr_reduce': 0.6}. Best is trial 1483 with value: 0.2768918573856354.
[I 2024-12-19 08:51:10,600] Trial 2173 finished with value: 1.4234566688537598 and parameters: {'mlp_n_layers': 4, 'mlp_dim_00': 320, 'mlp_dim_01': 211, 'mlp_dim_02': 368, 'mlp_dim_03': 214, 'node_hidden_dim': 56, 'edge_hidden_dim': 92, 'depth': 2, 'rep_dropout': 0.1391811651414513, 'train_learning_rate': 0.0032224026328033254, 'train_lr_reduce': 0.6}. Best is trial 1483 with value: 0.2768918573856354.
[I 2024-12-19 08:51:10,913] Trial 2174 finished with value: 1.2947673797607422 and parameters: {'mlp_n_layers': 2, 'mlp_dim_00': 143, 'mlp_dim_01': 377, 'node_hidden_dim': 97, 'edge_hidden_dim': 124, 'depth': 2, 'rep_dropout': 0.1162861008947858, 'train_learning_rate': 0.008515593557270114, 'train_lr_reduce': 0.6}. Best is trial 1483 with value: 0.2768918573856354.
[I 2024-12-19 08:51:12,946] Trial 2175 finished with value: 1.4199620485305786 and parameters: {'mlp_n_layers': 3, 'mlp_dim_00': 496, 'mlp_dim_01': 348, 'mlp_dim_02': 296, 'node_hidden_dim': 124, 'edge_hidden_dim': 124, 'depth': 2, 'rep_dropout': 0.15075760407797137, 'train_learning_rate': 0.005710952431906345, 'train_lr_reduce': 0.6}. Best is trial 1483 with value: 0.2768918573856354.
[I 2024-12-19 08:51:15,355] Trial 2176 finished with value: 1.4553258419036865 and parameters: {'mlp_n_layers': 2, 'mlp_dim_00': 224, 'mlp_dim_01': 71, 'node_hidden_dim': 125, 'edge_hidden_dim': 69, 'depth': 3, 'rep_dropout': 0.016680405442040767, 'train_learning_rate': 0.004766244300963491, 'train_lr_reduce': 0.6}. Best is trial 1483 with value: 0.2768918573856354.
[I 2024-12-19 08:51:15,972] Trial 2177 finished with value: 1.5667951107025146 and parameters: {'mlp_n_layers': 3, 'mlp_dim_00': 379, 'mlp_dim_01': 97, 'mlp_dim_02': 332, 'node_hidden_dim': 79, 'edge_hidden_dim': 125, 'depth': 3, 'rep_dropout': 0.10623299432447642, 'train_learning_rate': 0.0003943450387829155, 'train_lr_reduce': 0.6}. Best is trial 1483 with value: 0.2768918573856354.
[I 2024-12-19 08:51:18,046] Trial 2178 finished with value: 1.3316839933395386 and parameters: {'mlp_n_layers': 3, 'mlp_dim_00': 493, 'mlp_dim_01': 370, 'mlp_dim_02': 446, 'node_hidden_dim': 105, 'edge_hidden_dim': 97, 'depth': 2, 'rep_dropout': 0.044480915362477336, 'train_learning_rate': 0.006537685978013054, 'train_lr_reduce': 0.6}. Best is trial 1483 with value: 0.2768918573856354.
[I 2024-12-19 08:51:20,156] Trial 2180 finished with value: 1.458255410194397 and parameters: {'mlp_n_layers': 3, 'mlp_dim_00': 480, 'mlp_dim_01': 146, 'mlp_dim_02': 251, 'node_hidden_dim': 46, 'edge_hidden_dim': 82, 'depth': 2, 'rep_dropout': 0.10568228710366964, 'train_learning_rate': 0.002152826896705752, 'train_lr_reduce': 0.6}. Best is trial 1483 with value: 0.2768918573856354.
[I 2024-12-19 08:51:20,332] Trial 2179 finished with value: 1.2853736877441406 and parameters: {'mlp_n_layers': 2, 'mlp_dim_00': 226, 'mlp_dim_01': 233, 'node_hidden_dim': 98, 'edge_hidden_dim': 80, 'depth': 2, 'rep_dropout': 0.11547466965096462, 'train_learning_rate': 0.009664822425070824, 'train_lr_reduce': 0.6}. Best is trial 1483 with value: 0.2768918573856354.
[I 2024-12-19 08:51:22,387] Trial 2181 finished with value: 1.3144108057022095 and parameters: {'mlp_n_layers': 2, 'mlp_dim_00': 181, 'mlp_dim_01': 397, 'node_hidden_dim': 117, 'edge_hidden_dim': 111, 'depth': 2, 'rep_dropout': 0.08286127227492492, 'train_learning_rate': 0.00358916313696363, 'train_lr_reduce': 0.6}. Best is trial 1483 with value: 0.2768918573856354.
[I 2024-12-19 08:51:24,707] Trial 2183 finished with value: 1.3849414587020874 and parameters: {'mlp_n_layers': 2, 'mlp_dim_00': 284, 'mlp_dim_01': 231, 'node_hidden_dim': 78, 'edge_hidden_dim': 65, 'depth': 2, 'rep_dropout': 0.06554964477619313, 'train_learning_rate': 0.002185236061382765, 'train_lr_reduce': 0.6}. Best is trial 1483 with value: 0.2768918573856354.
[I 2024-12-19 08:51:24,733] Trial 2182 finished with value: 1.2833147048950195 and parameters: {'mlp_n_layers': 3, 'mlp_dim_00': 210, 'mlp_dim_01': 196, 'mlp_dim_02': 383, 'node_hidden_dim': 115, 'edge_hidden_dim': 105, 'depth': 2, 'rep_dropout': 0.03389526940199798, 'train_learning_rate': 0.003935016989389019, 'train_lr_reduce': 0.6}. Best is trial 1483 with value: 0.2768918573856354.
[I 2024-12-19 08:51:26,932] Trial 2184 finished with value: 1.4468364715576172 and parameters: {'mlp_n_layers': 3, 'mlp_dim_00': 305, 'mlp_dim_01': 68, 'mlp_dim_02': 324, 'node_hidden_dim': 47, 'edge_hidden_dim': 94, 'depth': 2, 'rep_dropout': 0.029387810008231704, 'train_learning_rate': 0.0029473933341289922, 'train_lr_reduce': 0.6}. Best is trial 1483 with value: 0.2768918573856354.
[I 2024-12-19 08:51:30,225] Trial 2185 finished with value: 1.5791393518447876 and parameters: {'mlp_n_layers': 4, 'mlp_dim_00': 188, 'mlp_dim_01': 486, 'mlp_dim_02': 279, 'mlp_dim_03': 113, 'node_hidden_dim': 128, 'edge_hidden_dim': 51, 'depth': 2, 'rep_dropout': 0.026758577187550432, 'train_learning_rate': 0.0007876499713141389, 'train_lr_reduce': 0.6}. Best is trial 1483 with value: 0.2768918573856354.
[I 2024-12-19 08:51:31,697] Trial 2187 finished with value: 1.3065541982650757 and parameters: {'mlp_n_layers': 3, 'mlp_dim_00': 462, 'mlp_dim_01': 379, 'mlp_dim_02': 431, 'node_hidden_dim': 110, 'edge_hidden_dim': 97, 'depth': 3, 'rep_dropout': 0.11197462975456207, 'train_learning_rate': 0.003850188615277563, 'train_lr_reduce': 0.6}. Best is trial 1483 with value: 0.2768918573856354.
[I 2024-12-19 08:51:35,235] Trial 2188 finished with value: 1.3351892232894897 and parameters: {'mlp_n_layers': 3, 'mlp_dim_00': 261, 'mlp_dim_01': 361, 'mlp_dim_02': 475, 'node_hidden_dim': 90, 'edge_hidden_dim': 43, 'depth': 2, 'rep_dropout': 0.15165604227285023, 'train_learning_rate': 0.004181135675722976, 'train_lr_reduce': 0.6}. Best is trial 1483 with value: 0.2768918573856354.
[I 2024-12-19 08:51:37,430] Trial 2189 finished with value: 1.461293339729309 and parameters: {'mlp_n_layers': 3, 'mlp_dim_00': 328, 'mlp_dim_01': 512, 'mlp_dim_02': 360, 'node_hidden_dim': 111, 'edge_hidden_dim': 107, 'depth': 2, 'rep_dropout': 0.023875979683503093, 'train_learning_rate': 0.002318179444383022, 'train_lr_reduce': 0.6}. Best is trial 1483 with value: 0.2768918573856354.
[I 2024-12-19 08:51:39,492] Trial 2186 finished with value: 0.3773890733718872 and parameters: {'mlp_n_layers': 2, 'mlp_dim_00': 166, 'mlp_dim_01': 216, 'node_hidden_dim': 74, 'edge_hidden_dim': 79, 'depth': 2, 'rep_dropout': 0.054154948694976834, 'train_learning_rate': 0.0031902396067590207, 'train_lr_reduce': 0.6}. Best is trial 1483 with value: 0.2768918573856354.
[I 2024-12-19 08:51:40,219] Trial 2190 finished with value: 1.5439118146896362 and parameters: {'mlp_n_layers': 4, 'mlp_dim_00': 489, 'mlp_dim_01': 481, 'mlp_dim_02': 245, 'mlp_dim_03': 186, 'node_hidden_dim': 123, 'edge_hidden_dim': 50, 'depth': 3, 'rep_dropout': 0.1822809178946502, 'train_learning_rate': 0.0002052402153939795, 'train_lr_reduce': 0.6}. Best is trial 1483 with value: 0.2768918573856354.
