[I 2024-12-19 21:30:39,086] Trial 1983 finished with value: 1.6693086624145508 and parameters: {'mlp_n_layers': 1, 'mlp_dim_00': 69, 'node_hidden_dim': 128, 'edge_hidden_dim': 62, 'depth': 2, 'rep_dropout': 0.013546895121528811, 'train_learning_rate': 0.00011965148205483825, 'train_lr_reduce': 0.6}. Best is trial 122 with value: 0.09548358619213104.
[I 2024-12-19 21:30:59,061] Trial 1982 finished with value: 0.1439196616411209 and parameters: {'mlp_n_layers': 4, 'mlp_dim_00': 480, 'mlp_dim_01': 421, 'mlp_dim_02': 372, 'mlp_dim_03': 512, 'node_hidden_dim': 77, 'edge_hidden_dim': 37, 'depth': 1, 'rep_dropout': 0.1294459658625289, 'train_learning_rate': 0.003528919880172185, 'train_lr_reduce': 0.6}. Best is trial 122 with value: 0.09548358619213104.
[I 2024-12-19 21:31:12,696] Trial 1984 finished with value: 0.2871716618537903 and parameters: {'mlp_n_layers': 3, 'mlp_dim_00': 386, 'mlp_dim_01': 237, 'mlp_dim_02': 512, 'node_hidden_dim': 92, 'edge_hidden_dim': 75, 'depth': 1, 'rep_dropout': 0.07980457566664857, 'train_learning_rate': 0.0022100885277523646, 'train_lr_reduce': 0.6}. Best is trial 122 with value: 0.09548358619213104.
[I 2024-12-19 21:31:17,447] Trial 1981 finished with value: 0.16261304914951324 and parameters: {'mlp_n_layers': 4, 'mlp_dim_00': 201, 'mlp_dim_01': 479, 'mlp_dim_02': 421, 'mlp_dim_03': 414, 'node_hidden_dim': 101, 'edge_hidden_dim': 76, 'depth': 2, 'rep_dropout': 0.06489648490123169, 'train_learning_rate': 0.0009856434325185154, 'train_lr_reduce': 0.6}. Best is trial 122 with value: 0.09548358619213104.
[I 2024-12-19 21:31:35,770] Trial 1986 finished with value: 0.3226107358932495 and parameters: {'mlp_n_layers': 4, 'mlp_dim_00': 309, 'mlp_dim_01': 429, 'mlp_dim_02': 439, 'mlp_dim_03': 385, 'node_hidden_dim': 88, 'edge_hidden_dim': 32, 'depth': 2, 'rep_dropout': 0.12183556905531513, 'train_learning_rate': 0.0006968408542843801, 'train_lr_reduce': 0.6}. Best is trial 122 with value: 0.09548358619213104.
[I 2024-12-19 21:31:44,052] Trial 1985 finished with value: 0.12263308465480804 and parameters: {'mlp_n_layers': 4, 'mlp_dim_00': 298, 'mlp_dim_01': 293, 'mlp_dim_02': 277, 'mlp_dim_03': 445, 'node_hidden_dim': 92, 'edge_hidden_dim': 56, 'depth': 1, 'rep_dropout': 0.07828662575246667, 'train_learning_rate': 0.0010938175015496646, 'train_lr_reduce': 0.6}. Best is trial 122 with value: 0.09548358619213104.
[I 2024-12-19 21:32:01,162] Trial 1987 finished with value: 0.24261575937271118 and parameters: {'mlp_n_layers': 2, 'mlp_dim_00': 180, 'mlp_dim_01': 292, 'node_hidden_dim': 61, 'edge_hidden_dim': 95, 'depth': 3, 'rep_dropout': 0.10291304465603265, 'train_learning_rate': 0.0037414987833263016, 'train_lr_reduce': 0.6}. Best is trial 122 with value: 0.09548358619213104.
[I 2024-12-19 21:32:02,777] Trial 1988 finished with value: 0.17952080070972443 and parameters: {'mlp_n_layers': 4, 'mlp_dim_00': 413, 'mlp_dim_01': 477, 'mlp_dim_02': 342, 'mlp_dim_03': 473, 'node_hidden_dim': 98, 'edge_hidden_dim': 62, 'depth': 1, 'rep_dropout': 0.10358848898029321, 'train_learning_rate': 0.0019756933601068243, 'train_lr_reduce': 0.6}. Best is trial 122 with value: 0.09548358619213104.
[I 2024-12-19 21:32:08,027] Trial 1990 finished with value: 1.6463905572891235 and parameters: {'mlp_n_layers': 4, 'mlp_dim_00': 186, 'mlp_dim_01': 423, 'mlp_dim_02': 512, 'mlp_dim_03': 342, 'node_hidden_dim': 74, 'edge_hidden_dim': 94, 'depth': 4, 'rep_dropout': 0.11412205382535143, 'train_learning_rate': 0.005642738751144496, 'train_lr_reduce': 0.6}. Best is trial 122 with value: 0.09548358619213104.
[I 2024-12-19 21:32:17,445] Trial 1992 finished with value: 1.5079559087753296 and parameters: {'mlp_n_layers': 2, 'mlp_dim_00': 70, 'mlp_dim_01': 301, 'node_hidden_dim': 62, 'edge_hidden_dim': 35, 'depth': 3, 'rep_dropout': 0.030984056328968702, 'train_learning_rate': 0.004743551338625604, 'train_lr_reduce': 0.6}. Best is trial 122 with value: 0.09548358619213104.
[I 2024-12-19 21:32:35,013] Trial 1989 finished with value: 0.49150335788726807 and parameters: {'mlp_n_layers': 4, 'mlp_dim_00': 350, 'mlp_dim_01': 483, 'mlp_dim_02': 478, 'mlp_dim_03': 412, 'node_hidden_dim': 45, 'edge_hidden_dim': 71, 'depth': 1, 'rep_dropout': 0.13352194402710976, 'train_learning_rate': 0.0005431778721624823, 'train_lr_reduce': 0.6}. Best is trial 122 with value: 0.09548358619213104.
[I 2024-12-19 21:32:41,040] Trial 1994 finished with value: 1.6802659034729004 and parameters: {'mlp_n_layers': 4, 'mlp_dim_00': 339, 'mlp_dim_01': 451, 'mlp_dim_02': 443, 'mlp_dim_03': 182, 'node_hidden_dim': 58, 'edge_hidden_dim': 100, 'depth': 1, 'rep_dropout': 0.09583206804992955, 'train_learning_rate': 0.00040475519451247993, 'train_lr_reduce': 0.6}. Best is trial 122 with value: 0.09548358619213104.
[I 2024-12-19 21:32:51,289] Trial 1991 finished with value: 0.11108140647411346 and parameters: {'mlp_n_layers': 4, 'mlp_dim_00': 370, 'mlp_dim_01': 512, 'mlp_dim_02': 402, 'mlp_dim_03': 476, 'node_hidden_dim': 88, 'edge_hidden_dim': 70, 'depth': 1, 'rep_dropout': 0.0511044733137784, 'train_learning_rate': 0.0004005371418425222, 'train_lr_reduce': 0.6}. Best is trial 122 with value: 0.09548358619213104.
[I 2024-12-19 21:32:57,131] Trial 1996 finished with value: 1.680198073387146 and parameters: {'mlp_n_layers': 4, 'mlp_dim_00': 260, 'mlp_dim_01': 512, 'mlp_dim_02': 404, 'mlp_dim_03': 382, 'node_hidden_dim': 43, 'edge_hidden_dim': 37, 'depth': 1, 'rep_dropout': 0.14149856348970527, 'train_learning_rate': 0.0003839389677044061, 'train_lr_reduce': 0.6}. Best is trial 122 with value: 0.09548358619213104.
[I 2024-12-19 21:33:04,357] Trial 1993 finished with value: 0.11073996871709824 and parameters: {'mlp_n_layers': 3, 'mlp_dim_00': 238, 'mlp_dim_01': 256, 'mlp_dim_02': 311, 'node_hidden_dim': 76, 'edge_hidden_dim': 61, 'depth': 1, 'rep_dropout': 0.10003345734353569, 'train_learning_rate': 0.0013797863370621684, 'train_lr_reduce': 0.6}. Best is trial 122 with value: 0.09548358619213104.
[I 2024-12-19 21:33:28,163] Trial 1998 finished with value: 0.2034304440021515 and parameters: {'mlp_n_layers': 4, 'mlp_dim_00': 394, 'mlp_dim_01': 451, 'mlp_dim_02': 329, 'mlp_dim_03': 416, 'node_hidden_dim': 95, 'edge_hidden_dim': 88, 'depth': 1, 'rep_dropout': 0.05385675015731242, 'train_learning_rate': 0.0019436580875223024, 'train_lr_reduce': 0.6}. Best is trial 122 with value: 0.09548358619213104.
[I 2024-12-19 21:33:31,302] Trial 1995 finished with value: 0.14341674745082855 and parameters: {'mlp_n_layers': 4, 'mlp_dim_00': 396, 'mlp_dim_01': 409, 'mlp_dim_02': 361, 'mlp_dim_03': 444, 'node_hidden_dim': 70, 'edge_hidden_dim': 83, 'depth': 2, 'rep_dropout': 0.12477961939476134, 'train_learning_rate': 0.0007574473047889227, 'train_lr_reduce': 0.6}. Best is trial 122 with value: 0.09548358619213104.
[I 2024-12-19 21:33:34,329] Trial 1999 finished with value: 1.681677222251892 and parameters: {'mlp_n_layers': 3, 'mlp_dim_00': 186, 'mlp_dim_01': 409, 'mlp_dim_02': 449, 'node_hidden_dim': 71, 'edge_hidden_dim': 68, 'depth': 1, 'rep_dropout': 0.11831715836662282, 'train_learning_rate': 0.000312310303058786, 'train_lr_reduce': 0.6}. Best is trial 122 with value: 0.09548358619213104.
[I 2024-12-19 21:33:38,706] Trial 2000 finished with value: 1.6842560768127441 and parameters: {'mlp_n_layers': 4, 'mlp_dim_00': 467, 'mlp_dim_01': 478, 'mlp_dim_02': 143, 'mlp_dim_03': 341, 'node_hidden_dim': 73, 'edge_hidden_dim': 82, 'depth': 2, 'rep_dropout': 0.09491700124797225, 'train_learning_rate': 0.00014479782853551518, 'train_lr_reduce': 0.6}. Best is trial 122 with value: 0.09548358619213104.
[I 2024-12-19 21:33:45,350] Trial 2002 finished with value: 1.5717135667800903 and parameters: {'mlp_n_layers': 2, 'mlp_dim_00': 489, 'mlp_dim_01': 266, 'node_hidden_dim': 66, 'edge_hidden_dim': 102, 'depth': 4, 'rep_dropout': 0.10655620265383381, 'train_learning_rate': 0.0022807715317326093, 'train_lr_reduce': 0.6}. Best is trial 122 with value: 0.09548358619213104.
[I 2024-12-19 21:33:47,546] Trial 1997 finished with value: 1.2200491428375244 and parameters: {'mlp_n_layers': 4, 'mlp_dim_00': 264, 'mlp_dim_01': 307, 'mlp_dim_02': 104, 'mlp_dim_03': 478, 'node_hidden_dim': 59, 'edge_hidden_dim': 96, 'depth': 3, 'rep_dropout': 0.043587245027250705, 'train_learning_rate': 0.0007500418253406728, 'train_lr_reduce': 0.6}. Best is trial 122 with value: 0.09548358619213104.
[I 2024-12-19 21:33:52,658] Trial 2004 finished with value: 1.5732518434524536 and parameters: {'mlp_n_layers': 3, 'mlp_dim_00': 419, 'mlp_dim_01': 451, 'mlp_dim_02': 280, 'node_hidden_dim': 63, 'edge_hidden_dim': 55, 'depth': 1, 'rep_dropout': 0.09207453848609634, 'train_learning_rate': 0.002189689230002728, 'train_lr_reduce': 0.6}. Best is trial 122 with value: 0.09548358619213104.
[I 2024-12-19 21:34:05,919] Trial 2003 finished with value: 0.2664070725440979 and parameters: {'mlp_n_layers': 4, 'mlp_dim_00': 463, 'mlp_dim_01': 415, 'mlp_dim_02': 512, 'mlp_dim_03': 448, 'node_hidden_dim': 94, 'edge_hidden_dim': 66, 'depth': 1, 'rep_dropout': 0.06302649985076157, 'train_learning_rate': 0.0016792149594227943, 'train_lr_reduce': 0.6}. Best is trial 122 with value: 0.09548358619213104.
[I 2024-12-19 21:34:10,903] Trial 2006 finished with value: 1.6673791408538818 and parameters: {'mlp_n_layers': 3, 'mlp_dim_00': 252, 'mlp_dim_01': 319, 'mlp_dim_02': 215, 'node_hidden_dim': 76, 'edge_hidden_dim': 69, 'depth': 1, 'rep_dropout': 0.0790162528097819, 'train_learning_rate': 0.00020441273375960837, 'train_lr_reduce': 0.6}. Best is trial 122 with value: 0.09548358619213104.
[I 2024-12-19 21:34:18,567] Trial 2001 finished with value: 0.12104247510433197 and parameters: {'mlp_n_layers': 4, 'mlp_dim_00': 354, 'mlp_dim_01': 318, 'mlp_dim_02': 381, 'mlp_dim_03': 512, 'node_hidden_dim': 77, 'edge_hidden_dim': 62, 'depth': 2, 'rep_dropout': 0.08478074851540084, 'train_learning_rate': 0.00046328481347164346, 'train_lr_reduce': 0.6}. Best is trial 122 with value: 0.09548358619213104.
[I 2024-12-19 21:34:25,224] Trial 2008 finished with value: 1.6777222156524658 and parameters: {'mlp_n_layers': 3, 'mlp_dim_00': 363, 'mlp_dim_01': 390, 'mlp_dim_02': 323, 'node_hidden_dim': 117, 'edge_hidden_dim': 111, 'depth': 3, 'rep_dropout': 0.10527640632640373, 'train_learning_rate': 0.00012037470419007345, 'train_lr_reduce': 0.6}. Best is trial 122 with value: 0.09548358619213104.
[I 2024-12-19 21:34:30,653] Trial 2009 finished with value: 1.6313464641571045 and parameters: {'mlp_n_layers': 4, 'mlp_dim_00': 479, 'mlp_dim_01': 279, 'mlp_dim_02': 412, 'mlp_dim_03': 453, 'node_hidden_dim': 32, 'edge_hidden_dim': 54, 'depth': 2, 'rep_dropout': 0.09888870406390585, 'train_learning_rate': 0.0019622283535138097, 'train_lr_reduce': 0.6}. Best is trial 122 with value: 0.09548358619213104.
[I 2024-12-19 21:34:35,077] Trial 2005 finished with value: 0.10524121671915054 and parameters: {'mlp_n_layers': 4, 'mlp_dim_00': 359, 'mlp_dim_01': 480, 'mlp_dim_02': 359, 'mlp_dim_03': 380, 'node_hidden_dim': 69, 'edge_hidden_dim': 34, 'depth': 1, 'rep_dropout': 0.11067783127899174, 'train_learning_rate': 0.001019911435783257, 'train_lr_reduce': 0.6}. Best is trial 122 with value: 0.09548358619213104.
[I 2024-12-19 21:34:35,423] Trial 2010 finished with value: 1.6305636167526245 and parameters: {'mlp_n_layers': 3, 'mlp_dim_00': 321, 'mlp_dim_01': 439, 'mlp_dim_02': 471, 'node_hidden_dim': 73, 'edge_hidden_dim': 53, 'depth': 1, 'rep_dropout': 0.09575583592928946, 'train_learning_rate': 0.0010864520137038524, 'train_lr_reduce': 0.6}. Best is trial 122 with value: 0.09548358619213104.
[I 2024-12-19 21:34:40,025] Trial 2011 finished with value: 1.6500717401504517 and parameters: {'mlp_n_layers': 4, 'mlp_dim_00': 317, 'mlp_dim_01': 332, 'mlp_dim_02': 373, 'mlp_dim_03': 327, 'node_hidden_dim': 70, 'edge_hidden_dim': 59, 'depth': 1, 'rep_dropout': 0.08883347815839232, 'train_learning_rate': 0.0018823852698210352, 'train_lr_reduce': 0.6}. Best is trial 122 with value: 0.09548358619213104.
[I 2024-12-19 21:34:40,609] Trial 2012 finished with value: 1.6596826314926147 and parameters: {'mlp_n_layers': 3, 'mlp_dim_00': 77, 'mlp_dim_01': 450, 'mlp_dim_02': 296, 'node_hidden_dim': 91, 'edge_hidden_dim': 67, 'depth': 1, 'rep_dropout': 0.14784451174791283, 'train_learning_rate': 0.0007632749463486945, 'train_lr_reduce': 0.6}. Best is trial 122 with value: 0.09548358619213104.
[I 2024-12-19 21:34:51,175] Trial 2007 finished with value: 0.1540168672800064 and parameters: {'mlp_n_layers': 4, 'mlp_dim_00': 328, 'mlp_dim_01': 512, 'mlp_dim_02': 444, 'mlp_dim_03': 415, 'node_hidden_dim': 49, 'edge_hidden_dim': 70, 'depth': 1, 'rep_dropout': 0.095019612634688, 'train_learning_rate': 0.003404954480693825, 'train_lr_reduce': 0.6}. Best is trial 122 with value: 0.09548358619213104.
[I 2024-12-19 21:34:56,865] Trial 2015 finished with value: 1.6702286005020142 and parameters: {'mlp_n_layers': 2, 'mlp_dim_00': 385, 'mlp_dim_01': 305, 'node_hidden_dim': 111, 'edge_hidden_dim': 112, 'depth': 2, 'rep_dropout': 0.023872293397960438, 'train_learning_rate': 0.00013059641239547285, 'train_lr_reduce': 0.6}. Best is trial 122 with value: 0.09548358619213104.
[I 2024-12-19 21:35:02,915] Trial 2016 finished with value: 1.6071691513061523 and parameters: {'mlp_n_layers': 2, 'mlp_dim_00': 232, 'mlp_dim_01': 480, 'node_hidden_dim': 36, 'edge_hidden_dim': 82, 'depth': 3, 'rep_dropout': 0.028381230762119104, 'train_learning_rate': 0.004867363891870388, 'train_lr_reduce': 0.6}. Best is trial 122 with value: 0.09548358619213104.
[I 2024-12-19 21:35:08,346] Trial 2017 finished with value: 1.609943151473999 and parameters: {'mlp_n_layers': 2, 'mlp_dim_00': 452, 'mlp_dim_01': 512, 'node_hidden_dim': 96, 'edge_hidden_dim': 33, 'depth': 2, 'rep_dropout': 0.10314588099306729, 'train_learning_rate': 0.0008253553337464611, 'train_lr_reduce': 0.6}. Best is trial 122 with value: 0.09548358619213104.
[I 2024-12-19 21:35:09,539] Trial 2014 finished with value: 0.16446144878864288 and parameters: {'mlp_n_layers': 4, 'mlp_dim_00': 392, 'mlp_dim_01': 237, 'mlp_dim_02': 419, 'mlp_dim_03': 387, 'node_hidden_dim': 76, 'edge_hidden_dim': 96, 'depth': 1, 'rep_dropout': 0.11828435090821118, 'train_learning_rate': 0.0009100295390383278, 'train_lr_reduce': 0.6}. Best is trial 122 with value: 0.09548358619213104.
[I 2024-12-19 21:35:20,525] Trial 2013 finished with value: 0.11494410037994385 and parameters: {'mlp_n_layers': 4, 'mlp_dim_00': 367, 'mlp_dim_01': 397, 'mlp_dim_02': 512, 'mlp_dim_03': 468, 'node_hidden_dim': 87, 'edge_hidden_dim': 71, 'depth': 1, 'rep_dropout': 0.07251657812862959, 'train_learning_rate': 0.0015269604602328503, 'train_lr_reduce': 0.6}. Best is trial 122 with value: 0.09548358619213104.
[I 2024-12-19 21:35:47,586] Trial 2020 finished with value: 0.16950424015522003 and parameters: {'mlp_n_layers': 4, 'mlp_dim_00': 353, 'mlp_dim_01': 359, 'mlp_dim_02': 379, 'mlp_dim_03': 477, 'node_hidden_dim': 88, 'edge_hidden_dim': 62, 'depth': 1, 'rep_dropout': 0.07612861975902455, 'train_learning_rate': 0.0006888472951427331, 'train_lr_reduce': 0.6}. Best is trial 122 with value: 0.09548358619213104.
[I 2024-12-19 21:35:51,496] Trial 2018 finished with value: 0.10986551642417908 and parameters: {'mlp_n_layers': 4, 'mlp_dim_00': 449, 'mlp_dim_01': 128, 'mlp_dim_02': 340, 'mlp_dim_03': 422, 'node_hidden_dim': 84, 'edge_hidden_dim': 57, 'depth': 1, 'rep_dropout': 0.11406929101715421, 'train_learning_rate': 0.001827381077129242, 'train_lr_reduce': 0.6}. Best is trial 122 with value: 0.09548358619213104.
[I 2024-12-19 21:35:51,978] Trial 2021 finished with value: 1.6230071783065796 and parameters: {'mlp_n_layers': 1, 'mlp_dim_00': 113, 'node_hidden_dim': 118, 'edge_hidden_dim': 103, 'depth': 1, 'rep_dropout': 0.10487517822306146, 'train_learning_rate': 0.00029709279881017805, 'train_lr_reduce': 0.6}. Best is trial 122 with value: 0.09548358619213104.
[I 2024-12-19 21:35:53,116] Trial 2019 finished with value: 0.13589908182621002 and parameters: {'mlp_n_layers': 4, 'mlp_dim_00': 501, 'mlp_dim_01': 417, 'mlp_dim_02': 470, 'mlp_dim_03': 218, 'node_hidden_dim': 44, 'edge_hidden_dim': 32, 'depth': 1, 'rep_dropout': 0.12988590499863878, 'train_learning_rate': 0.0013223851113053134, 'train_lr_reduce': 0.6}. Best is trial 122 with value: 0.09548358619213104.
[I 2024-12-19 21:35:56,757] Trial 2023 finished with value: 1.5637418031692505 and parameters: {'mlp_n_layers': 3, 'mlp_dim_00': 491, 'mlp_dim_01': 281, 'mlp_dim_02': 421, 'node_hidden_dim': 38, 'edge_hidden_dim': 48, 'depth': 1, 'rep_dropout': 0.09486020145174676, 'train_learning_rate': 0.0030599575310718517, 'train_lr_reduce': 0.6}. Best is trial 122 with value: 0.09548358619213104.
[I 2024-12-19 21:35:57,883] Trial 2024 finished with value: 1.6795170307159424 and parameters: {'mlp_n_layers': 4, 'mlp_dim_00': 174, 'mlp_dim_01': 388, 'mlp_dim_02': 340, 'mlp_dim_03': 127, 'node_hidden_dim': 100, 'edge_hidden_dim': 62, 'depth': 1, 'rep_dropout': 0.10757457460771251, 'train_learning_rate': 0.0006305797412506089, 'train_lr_reduce': 0.6}. Best is trial 122 with value: 0.09548358619213104.
[I 2024-12-19 21:36:06,103] Trial 2026 finished with value: 1.6863155364990234 and parameters: {'mlp_n_layers': 2, 'mlp_dim_00': 117, 'mlp_dim_01': 475, 'node_hidden_dim': 47, 'edge_hidden_dim': 47, 'depth': 4, 'rep_dropout': 0.10079222515014379, 'train_learning_rate': 0.0002600274387104917, 'train_lr_reduce': 0.6}. Best is trial 122 with value: 0.09548358619213104.
[I 2024-12-19 21:36:10,956] Trial 2027 finished with value: 1.5953999757766724 and parameters: {'mlp_n_layers': 1, 'mlp_dim_00': 240, 'node_hidden_dim': 64, 'edge_hidden_dim': 35, 'depth': 1, 'rep_dropout': 0.01964382405295033, 'train_learning_rate': 0.0014148342479227119, 'train_lr_reduce': 0.6}. Best is trial 122 with value: 0.09548358619213104.
[I 2024-12-19 21:36:26,166] Trial 2022 finished with value: 0.12473314255475998 and parameters: {'mlp_n_layers': 4, 'mlp_dim_00': 215, 'mlp_dim_01': 452, 'mlp_dim_02': 248, 'mlp_dim_03': 342, 'node_hidden_dim': 99, 'edge_hidden_dim': 66, 'depth': 1, 'rep_dropout': 0.1301802779699376, 'train_learning_rate': 0.0009425694913295541, 'train_lr_reduce': 0.6}. Best is trial 122 with value: 0.09548358619213104.
[I 2024-12-19 21:36:38,086] Trial 2025 finished with value: 0.11492542177438736 and parameters: {'mlp_n_layers': 4, 'mlp_dim_00': 392, 'mlp_dim_01': 333, 'mlp_dim_02': 477, 'mlp_dim_03': 481, 'node_hidden_dim': 39, 'edge_hidden_dim': 59, 'depth': 1, 'rep_dropout': 0.09664595565751324, 'train_learning_rate': 0.001539227679568326, 'train_lr_reduce': 0.6}. Best is trial 122 with value: 0.09548358619213104.
[I 2024-12-19 21:36:46,810] Trial 2028 finished with value: 0.12840536236763 and parameters: {'mlp_n_layers': 4, 'mlp_dim_00': 343, 'mlp_dim_01': 416, 'mlp_dim_02': 178, 'mlp_dim_03': 416, 'node_hidden_dim': 78, 'edge_hidden_dim': 77, 'depth': 1, 'rep_dropout': 0.09461885649804667, 'train_learning_rate': 0.002158154758123246, 'train_lr_reduce': 0.6}. Best is trial 122 with value: 0.09548358619213104.
[I 2024-12-19 21:37:01,373] Trial 2029 finished with value: 0.16300594806671143 and parameters: {'mlp_n_layers': 3, 'mlp_dim_00': 362, 'mlp_dim_01': 309, 'mlp_dim_02': 396, 'node_hidden_dim': 57, 'edge_hidden_dim': 82, 'depth': 1, 'rep_dropout': 0.09988556164553544, 'train_learning_rate': 0.0006877081639006813, 'train_lr_reduce': 0.6}. Best is trial 122 with value: 0.09548358619213104.
[I 2024-12-19 21:37:07,199] Trial 2032 finished with value: 1.6814708709716797 and parameters: {'mlp_n_layers': 4, 'mlp_dim_00': 361, 'mlp_dim_01': 262, 'mlp_dim_02': 310, 'mlp_dim_03': 484, 'node_hidden_dim': 66, 'edge_hidden_dim': 66, 'depth': 1, 'rep_dropout': 0.12120582483447212, 'train_learning_rate': 0.0002316081457079489, 'train_lr_reduce': 0.6}. Best is trial 122 with value: 0.09548358619213104.
[I 2024-12-19 21:37:07,856] Trial 2031 finished with value: 0.21554416418075562 and parameters: {'mlp_n_layers': 4, 'mlp_dim_00': 346, 'mlp_dim_01': 355, 'mlp_dim_02': 351, 'mlp_dim_03': 441, 'node_hidden_dim': 84, 'edge_hidden_dim': 62, 'depth': 1, 'rep_dropout': 0.09792671726423807, 'train_learning_rate': 0.0008120339407016914, 'train_lr_reduce': 0.6}. Best is trial 122 with value: 0.09548358619213104.
[I 2024-12-19 21:37:14,330] Trial 2034 finished with value: 1.6888983249664307 and parameters: {'mlp_n_layers': 4, 'mlp_dim_00': 380, 'mlp_dim_01': 476, 'mlp_dim_02': 449, 'mlp_dim_03': 512, 'node_hidden_dim': 58, 'edge_hidden_dim': 81, 'depth': 1, 'rep_dropout': 0.0830075571499171, 'train_learning_rate': 0.00010858351997667127, 'train_lr_reduce': 0.6}. Best is trial 122 with value: 0.09548358619213104.
[I 2024-12-19 21:37:22,451] Trial 2030 finished with value: 0.11687926203012466 and parameters: {'mlp_n_layers': 4, 'mlp_dim_00': 232, 'mlp_dim_01': 224, 'mlp_dim_02': 447, 'mlp_dim_03': 361, 'node_hidden_dim': 75, 'edge_hidden_dim': 63, 'depth': 1, 'rep_dropout': 0.09157498062485693, 'train_learning_rate': 0.0011241765869973415, 'train_lr_reduce': 0.6}. Best is trial 122 with value: 0.09548358619213104.
[I 2024-12-19 21:37:22,918] Trial 2035 finished with value: 1.6846920251846313 and parameters: {'mlp_n_layers': 4, 'mlp_dim_00': 359, 'mlp_dim_01': 385, 'mlp_dim_02': 485, 'mlp_dim_03': 388, 'node_hidden_dim': 51, 'edge_hidden_dim': 82, 'depth': 1, 'rep_dropout': 0.13642118038765927, 'train_learning_rate': 0.0002823965777541482, 'train_lr_reduce': 0.6}. Best is trial 122 with value: 0.09548358619213104.
[I 2024-12-19 21:37:28,476] Trial 2037 finished with value: 1.62642240524292 and parameters: {'mlp_n_layers': 2, 'mlp_dim_00': 381, 'mlp_dim_01': 482, 'node_hidden_dim': 83, 'edge_hidden_dim': 38, 'depth': 1, 'rep_dropout': 0.10021991102943309, 'train_learning_rate': 0.0009329341652618599, 'train_lr_reduce': 0.6}. Best is trial 122 with value: 0.09548358619213104.
