[I 2024-12-19 19:06:58,206] Trial 721 finished with value: 0.3349728286266327 and parameters: {'mlp_n_layers': 3, 'mlp_dim_00': 385, 'mlp_dim_01': 356, 'mlp_dim_02': 448, 'node_hidden_dim': 94, 'edge_hidden_dim': 33, 'depth': 3, 'rep_dropout': 0.13901021606274622, 'train_learning_rate': 0.005135710062946977, 'train_lr_reduce': 0.6}. Best is trial 673 with value: 0.11172225326299667.
[I 2024-12-19 19:07:03,600] Trial 726 finished with value: 1.141858458518982 and parameters: {'mlp_n_layers': 2, 'mlp_dim_00': 404, 'mlp_dim_01': 347, 'node_hidden_dim': 57, 'edge_hidden_dim': 58, 'depth': 2, 'rep_dropout': 0.006533595278822857, 'train_learning_rate': 0.0008253452061034711, 'train_lr_reduce': 0.6}. Best is trial 673 with value: 0.11172225326299667.
[I 2024-12-19 19:07:34,518] Trial 724 finished with value: 0.15465544164180756 and parameters: {'mlp_n_layers': 1, 'mlp_dim_00': 399, 'node_hidden_dim': 56, 'edge_hidden_dim': 58, 'depth': 1, 'rep_dropout': 0.004059227203276054, 'train_learning_rate': 0.005090377897795135, 'train_lr_reduce': 0.6}. Best is trial 673 with value: 0.11172225326299667.
[I 2024-12-19 19:07:35,096] Trial 725 finished with value: 0.1253308206796646 and parameters: {'mlp_n_layers': 2, 'mlp_dim_00': 504, 'mlp_dim_01': 396, 'node_hidden_dim': 52, 'edge_hidden_dim': 52, 'depth': 1, 'rep_dropout': 0.04751530035532127, 'train_learning_rate': 0.0028393196770814017, 'train_lr_reduce': 0.6}. Best is trial 673 with value: 0.11172225326299667.
[I 2024-12-19 19:07:40,859] Trial 729 finished with value: 1.1462682485580444 and parameters: {'mlp_n_layers': 2, 'mlp_dim_00': 472, 'mlp_dim_01': 411, 'node_hidden_dim': 40, 'edge_hidden_dim': 117, 'depth': 4, 'rep_dropout': 0.08259669161118033, 'train_learning_rate': 0.0010854037695619476, 'train_lr_reduce': 0.6}. Best is trial 673 with value: 0.11172225326299667.
[I 2024-12-19 19:07:45,526] Trial 730 finished with value: 1.1580870151519775 and parameters: {'mlp_n_layers': 2, 'mlp_dim_00': 412, 'mlp_dim_01': 344, 'node_hidden_dim': 40, 'edge_hidden_dim': 63, 'depth': 1, 'rep_dropout': 0.030764648262728886, 'train_learning_rate': 0.0010064553222852409, 'train_lr_reduce': 0.6}. Best is trial 673 with value: 0.11172225326299667.
[I 2024-12-19 19:07:49,218] Trial 727 finished with value: 0.12124001979827881 and parameters: {'mlp_n_layers': 1, 'mlp_dim_00': 348, 'node_hidden_dim': 32, 'edge_hidden_dim': 47, 'depth': 1, 'rep_dropout': 0.021748292654314088, 'train_learning_rate': 0.0033854143618594146, 'train_lr_reduce': 0.6}. Best is trial 673 with value: 0.11172225326299667.
[I 2024-12-19 19:07:51,551] Trial 731 finished with value: 1.1423437595367432 and parameters: {'mlp_n_layers': 2, 'mlp_dim_00': 366, 'mlp_dim_01': 470, 'node_hidden_dim': 55, 'edge_hidden_dim': 71, 'depth': 3, 'rep_dropout': 0.01010296004322507, 'train_learning_rate': 0.0001398601087992672, 'train_lr_reduce': 0.6}. Best is trial 673 with value: 0.11172225326299667.
[I 2024-12-19 19:07:56,279] Trial 732 finished with value: 1.1546900272369385 and parameters: {'mlp_n_layers': 1, 'mlp_dim_00': 91, 'node_hidden_dim': 41, 'edge_hidden_dim': 105, 'depth': 3, 'rep_dropout': 0.05472581567856158, 'train_learning_rate': 0.001365829399262685, 'train_lr_reduce': 0.6}. Best is trial 673 with value: 0.11172225326299667.
[I 2024-12-19 19:07:57,095] Trial 733 finished with value: 1.1449569463729858 and parameters: {'mlp_n_layers': 1, 'mlp_dim_00': 309, 'node_hidden_dim': 32, 'edge_hidden_dim': 115, 'depth': 4, 'rep_dropout': 0.08403899043367956, 'train_learning_rate': 0.00030210352563228354, 'train_lr_reduce': 0.6}. Best is trial 673 with value: 0.11172225326299667.
[I 2024-12-19 19:08:01,137] Trial 728 finished with value: 0.20790773630142212 and parameters: {'mlp_n_layers': 2, 'mlp_dim_00': 394, 'mlp_dim_01': 453, 'node_hidden_dim': 49, 'edge_hidden_dim': 53, 'depth': 1, 'rep_dropout': 0.03634482841738023, 'train_learning_rate': 0.002858786843222739, 'train_lr_reduce': 0.6}. Best is trial 673 with value: 0.11172225326299667.
[I 2024-12-19 19:08:18,984] Trial 735 finished with value: 0.35204917192459106 and parameters: {'mlp_n_layers': 1, 'mlp_dim_00': 327, 'node_hidden_dim': 83, 'edge_hidden_dim': 78, 'depth': 3, 'rep_dropout': 0.12406988521740026, 'train_learning_rate': 0.008465031499410452, 'train_lr_reduce': 0.6}. Best is trial 673 with value: 0.11172225326299667.
[I 2024-12-19 19:08:24,155] Trial 737 finished with value: 1.1438082456588745 and parameters: {'mlp_n_layers': 3, 'mlp_dim_00': 80, 'mlp_dim_01': 333, 'mlp_dim_02': 242, 'node_hidden_dim': 104, 'edge_hidden_dim': 64, 'depth': 3, 'rep_dropout': 0.01757681979044661, 'train_learning_rate': 0.008751653508074192, 'train_lr_reduce': 0.6}. Best is trial 673 with value: 0.11172225326299667.
[I 2024-12-19 19:08:41,150] Trial 734 finished with value: 0.1889341026544571 and parameters: {'mlp_n_layers': 2, 'mlp_dim_00': 310, 'mlp_dim_01': 398, 'node_hidden_dim': 42, 'edge_hidden_dim': 39, 'depth': 1, 'rep_dropout': 0.03517068596997182, 'train_learning_rate': 0.003413971097186921, 'train_lr_reduce': 0.6}. Best is trial 673 with value: 0.11172225326299667.
[I 2024-12-19 19:08:43,262] Trial 736 finished with value: 0.13887988030910492 and parameters: {'mlp_n_layers': 1, 'mlp_dim_00': 245, 'node_hidden_dim': 58, 'edge_hidden_dim': 74, 'depth': 1, 'rep_dropout': 0.06884573147250328, 'train_learning_rate': 0.0020050262430086293, 'train_lr_reduce': 0.6}. Best is trial 673 with value: 0.11172225326299667.
[I 2024-12-19 19:08:49,062] Trial 740 finished with value: 1.152669906616211 and parameters: {'mlp_n_layers': 1, 'mlp_dim_00': 251, 'node_hidden_dim': 33, 'edge_hidden_dim': 60, 'depth': 2, 'rep_dropout': 0.02905887399874532, 'train_learning_rate': 0.002465160804947725, 'train_lr_reduce': 0.6}. Best is trial 673 with value: 0.11172225326299667.
[I 2024-12-19 19:08:49,510] Trial 738 finished with value: 0.17898844182491302 and parameters: {'mlp_n_layers': 1, 'mlp_dim_00': 295, 'node_hidden_dim': 42, 'edge_hidden_dim': 54, 'depth': 1, 'rep_dropout': 0.025974395765425092, 'train_learning_rate': 0.005917923292931911, 'train_lr_reduce': 0.6}. Best is trial 673 with value: 0.11172225326299667.
[I 2024-12-19 19:08:58,642] Trial 739 finished with value: 0.6845512390136719 and parameters: {'mlp_n_layers': 1, 'mlp_dim_00': 231, 'node_hidden_dim': 89, 'edge_hidden_dim': 110, 'depth': 1, 'rep_dropout': 0.07287481448980898, 'train_learning_rate': 0.008249939317240846, 'train_lr_reduce': 0.6}. Best is trial 673 with value: 0.11172225326299667.
[I 2024-12-19 19:09:04,070] Trial 743 finished with value: 1.1574050188064575 and parameters: {'mlp_n_layers': 3, 'mlp_dim_00': 291, 'mlp_dim_01': 469, 'mlp_dim_02': 317, 'node_hidden_dim': 89, 'edge_hidden_dim': 117, 'depth': 2, 'rep_dropout': 0.0824114235194712, 'train_learning_rate': 0.0031742652414741583, 'train_lr_reduce': 0.6}. Best is trial 673 with value: 0.11172225326299667.
[I 2024-12-19 19:09:08,920] Trial 742 finished with value: 0.22087742388248444 and parameters: {'mlp_n_layers': 1, 'mlp_dim_00': 322, 'node_hidden_dim': 33, 'edge_hidden_dim': 57, 'depth': 1, 'rep_dropout': 0.036859444602740404, 'train_learning_rate': 0.00263473405568823, 'train_lr_reduce': 0.6}. Best is trial 673 with value: 0.11172225326299667.
[I 2024-12-19 19:09:09,864] Trial 744 finished with value: 1.1424217224121094 and parameters: {'mlp_n_layers': 4, 'mlp_dim_00': 259, 'mlp_dim_01': 365, 'mlp_dim_02': 511, 'mlp_dim_03': 426, 'node_hidden_dim': 105, 'edge_hidden_dim': 76, 'depth': 2, 'rep_dropout': 0.015613528456197137, 'train_learning_rate': 0.004006774509877839, 'train_lr_reduce': 0.6}. Best is trial 673 with value: 0.11172225326299667.
[I 2024-12-19 19:09:14,328] Trial 745 finished with value: 1.1422265768051147 and parameters: {'mlp_n_layers': 2, 'mlp_dim_00': 424, 'mlp_dim_01': 420, 'node_hidden_dim': 32, 'edge_hidden_dim': 34, 'depth': 1, 'rep_dropout': 0.01008822549366142, 'train_learning_rate': 0.003029669417585231, 'train_lr_reduce': 0.6}. Best is trial 673 with value: 0.11172225326299667.
[I 2024-12-19 19:09:15,114] Trial 746 finished with value: 1.147468090057373 and parameters: {'mlp_n_layers': 1, 'mlp_dim_00': 409, 'node_hidden_dim': 32, 'edge_hidden_dim': 57, 'depth': 1, 'rep_dropout': 0.03817038627997728, 'train_learning_rate': 0.0012670574886801788, 'train_lr_reduce': 0.6}. Best is trial 673 with value: 0.11172225326299667.
[I 2024-12-19 19:09:19,918] Trial 747 finished with value: 1.1483027935028076 and parameters: {'mlp_n_layers': 1, 'mlp_dim_00': 351, 'node_hidden_dim': 49, 'edge_hidden_dim': 48, 'depth': 1, 'rep_dropout': 0.002389373342602352, 'train_learning_rate': 0.0012634255655837006, 'train_lr_reduce': 0.6}. Best is trial 673 with value: 0.11172225326299667.
[I 2024-12-19 19:09:29,652] Trial 741 finished with value: 0.1302705854177475 and parameters: {'mlp_n_layers': 2, 'mlp_dim_00': 289, 'mlp_dim_01': 409, 'node_hidden_dim': 32, 'edge_hidden_dim': 54, 'depth': 1, 'rep_dropout': 0.026716388990833326, 'train_learning_rate': 0.001823823643377238, 'train_lr_reduce': 0.6}. Best is trial 673 with value: 0.11172225326299667.
[I 2024-12-19 19:09:54,231] Trial 750 finished with value: 0.2321304976940155 and parameters: {'mlp_n_layers': 1, 'mlp_dim_00': 366, 'node_hidden_dim': 45, 'edge_hidden_dim': 47, 'depth': 1, 'rep_dropout': 0.019102743475260173, 'train_learning_rate': 0.006426836297018546, 'train_lr_reduce': 0.6}. Best is trial 673 with value: 0.11172225326299667.
[I 2024-12-19 19:09:54,954] Trial 748 finished with value: 0.13979411125183105 and parameters: {'mlp_n_layers': 1, 'mlp_dim_00': 287, 'node_hidden_dim': 60, 'edge_hidden_dim': 35, 'depth': 1, 'rep_dropout': 0.011239751056999838, 'train_learning_rate': 0.004132110798676714, 'train_lr_reduce': 0.6}. Best is trial 673 with value: 0.11172225326299667.
[I 2024-12-19 19:09:58,548] Trial 749 finished with value: 0.11862345784902573 and parameters: {'mlp_n_layers': 1, 'mlp_dim_00': 337, 'node_hidden_dim': 33, 'edge_hidden_dim': 43, 'depth': 1, 'rep_dropout': 0.033589119053387274, 'train_learning_rate': 0.00458952515344757, 'train_lr_reduce': 0.6}. Best is trial 673 with value: 0.11172225326299667.
[I 2024-12-19 19:10:01,661] Trial 751 finished with value: 1.1420090198516846 and parameters: {'mlp_n_layers': 2, 'mlp_dim_00': 128, 'mlp_dim_01': 472, 'node_hidden_dim': 102, 'edge_hidden_dim': 83, 'depth': 4, 'rep_dropout': 0.12576548811789046, 'train_learning_rate': 0.00010946162359174068, 'train_lr_reduce': 0.6}. Best is trial 673 with value: 0.11172225326299667.
[I 2024-12-19 19:10:27,867] Trial 752 finished with value: 0.20272186398506165 and parameters: {'mlp_n_layers': 1, 'mlp_dim_00': 390, 'node_hidden_dim': 48, 'edge_hidden_dim': 41, 'depth': 1, 'rep_dropout': 0.023011872328885217, 'train_learning_rate': 0.002897827732700473, 'train_lr_reduce': 0.6}. Best is trial 673 with value: 0.11172225326299667.
[I 2024-12-19 19:10:33,284] Trial 755 finished with value: 1.1432281732559204 and parameters: {'mlp_n_layers': 1, 'mlp_dim_00': 491, 'node_hidden_dim': 62, 'edge_hidden_dim': 122, 'depth': 3, 'rep_dropout': 0.08978322426409366, 'train_learning_rate': 0.00015836817050407864, 'train_lr_reduce': 0.6}. Best is trial 673 with value: 0.11172225326299667.
[I 2024-12-19 19:10:37,478] Trial 753 finished with value: 0.13565781712532043 and parameters: {'mlp_n_layers': 1, 'mlp_dim_00': 341, 'node_hidden_dim': 37, 'edge_hidden_dim': 62, 'depth': 1, 'rep_dropout': 0.01741847351665791, 'train_learning_rate': 0.0030552995270066337, 'train_lr_reduce': 0.6}. Best is trial 673 with value: 0.11172225326299667.
[I 2024-12-19 19:10:40,186] Trial 754 finished with value: 0.13136988878250122 and parameters: {'mlp_n_layers': 1, 'mlp_dim_00': 311, 'node_hidden_dim': 32, 'edge_hidden_dim': 64, 'depth': 1, 'rep_dropout': 0.02614052880535788, 'train_learning_rate': 0.00553580626492677, 'train_lr_reduce': 0.6}. Best is trial 673 with value: 0.11172225326299667.
[I 2024-12-19 19:10:45,956] Trial 758 finished with value: 1.1422377824783325 and parameters: {'mlp_n_layers': 2, 'mlp_dim_00': 310, 'mlp_dim_01': 382, 'node_hidden_dim': 54, 'edge_hidden_dim': 39, 'depth': 3, 'rep_dropout': 0.12614203090399417, 'train_learning_rate': 0.0002066265846030771, 'train_lr_reduce': 0.6}. Best is trial 673 with value: 0.11172225326299667.
[I 2024-12-19 19:10:51,387] Trial 759 finished with value: 1.1429489850997925 and parameters: {'mlp_n_layers': 1, 'mlp_dim_00': 319, 'node_hidden_dim': 35, 'edge_hidden_dim': 38, 'depth': 2, 'rep_dropout': 0.03554546263619602, 'train_learning_rate': 0.0038824538242161278, 'train_lr_reduce': 0.6}. Best is trial 673 with value: 0.11172225326299667.
[I 2024-12-19 19:11:07,792] Trial 757 finished with value: 0.2653377652168274 and parameters: {'mlp_n_layers': 1, 'mlp_dim_00': 311, 'node_hidden_dim': 69, 'edge_hidden_dim': 37, 'depth': 2, 'rep_dropout': 0.05232532862682544, 'train_learning_rate': 0.0030721946292424237, 'train_lr_reduce': 0.6}. Best is trial 673 with value: 0.11172225326299667.
[I 2024-12-19 19:11:12,290] Trial 761 finished with value: 1.1430307626724243 and parameters: {'mlp_n_layers': 2, 'mlp_dim_00': 501, 'mlp_dim_01': 316, 'node_hidden_dim': 38, 'edge_hidden_dim': 51, 'depth': 1, 'rep_dropout': 0.007334580255999123, 'train_learning_rate': 0.00047733560070377054, 'train_lr_reduce': 0.6}. Best is trial 673 with value: 0.11172225326299667.
[I 2024-12-19 19:11:13,707] Trial 756 finished with value: 0.1338263303041458 and parameters: {'mlp_n_layers': 2, 'mlp_dim_00': 331, 'mlp_dim_01': 342, 'node_hidden_dim': 34, 'edge_hidden_dim': 51, 'depth': 1, 'rep_dropout': 0.034116615316010776, 'train_learning_rate': 0.004159787713163695, 'train_lr_reduce': 0.6}. Best is trial 673 with value: 0.11172225326299667.
[I 2024-12-19 19:11:17,873] Trial 760 finished with value: 0.21615417301654816 and parameters: {'mlp_n_layers': 1, 'mlp_dim_00': 270, 'node_hidden_dim': 34, 'edge_hidden_dim': 32, 'depth': 1, 'rep_dropout': 0.02135925184028048, 'train_learning_rate': 0.006652401644470195, 'train_lr_reduce': 0.6}. Best is trial 673 with value: 0.11172225326299667.
[I 2024-12-19 19:11:22,492] Trial 764 finished with value: 1.1458171606063843 and parameters: {'mlp_n_layers': 2, 'mlp_dim_00': 399, 'mlp_dim_01': 428, 'node_hidden_dim': 32, 'edge_hidden_dim': 36, 'depth': 1, 'rep_dropout': 0.006356332848351057, 'train_learning_rate': 0.0009220348319410504, 'train_lr_reduce': 0.6}. Best is trial 673 with value: 0.11172225326299667.
[I 2024-12-19 19:11:48,763] Trial 765 finished with value: 0.1663568913936615 and parameters: {'mlp_n_layers': 1, 'mlp_dim_00': 289, 'node_hidden_dim': 35, 'edge_hidden_dim': 39, 'depth': 1, 'rep_dropout': 0.051987468441062765, 'train_learning_rate': 0.0025196735523520144, 'train_lr_reduce': 0.6}. Best is trial 673 with value: 0.11172225326299667.
[I 2024-12-19 19:11:51,202] Trial 762 finished with value: 0.31800520420074463 and parameters: {'mlp_n_layers': 1, 'mlp_dim_00': 350, 'node_hidden_dim': 33, 'edge_hidden_dim': 47, 'depth': 2, 'rep_dropout': 0.03573259143068579, 'train_learning_rate': 0.0066107314947454875, 'train_lr_reduce': 0.6}. Best is trial 673 with value: 0.11172225326299667.
[I 2024-12-19 19:11:52,329] Trial 763 finished with value: 0.15106885135173798 and parameters: {'mlp_n_layers': 1, 'mlp_dim_00': 387, 'node_hidden_dim': 36, 'edge_hidden_dim': 48, 'depth': 1, 'rep_dropout': 0.04283189686760087, 'train_learning_rate': 0.004159334278321196, 'train_lr_reduce': 0.6}. Best is trial 673 with value: 0.11172225326299667.
[I 2024-12-19 19:11:55,052] Trial 766 finished with value: 1.1425654888153076 and parameters: {'mlp_n_layers': 4, 'mlp_dim_00': 395, 'mlp_dim_01': 508, 'mlp_dim_02': 190, 'mlp_dim_03': 303, 'node_hidden_dim': 53, 'edge_hidden_dim': 40, 'depth': 4, 'rep_dropout': 0.10556026222071528, 'train_learning_rate': 0.0006189537825517145, 'train_lr_reduce': 0.6}. Best is trial 673 with value: 0.11172225326299667.
[I 2024-12-19 19:12:22,732] Trial 768 finished with value: 0.23868566751480103 and parameters: {'mlp_n_layers': 1, 'mlp_dim_00': 410, 'node_hidden_dim': 39, 'edge_hidden_dim': 52, 'depth': 1, 'rep_dropout': 0.004259731488877396, 'train_learning_rate': 0.009923687245221758, 'train_lr_reduce': 0.6}. Best is trial 673 with value: 0.11172225326299667.
[I 2024-12-19 19:12:25,942] Trial 767 finished with value: 0.17833440005779266 and parameters: {'mlp_n_layers': 1, 'mlp_dim_00': 345, 'node_hidden_dim': 33, 'edge_hidden_dim': 51, 'depth': 1, 'rep_dropout': 0.008608098990162863, 'train_learning_rate': 0.002868131346963567, 'train_lr_reduce': 0.6}. Best is trial 673 with value: 0.11172225326299667.
[I 2024-12-19 19:12:30,066] Trial 771 finished with value: 1.1478595733642578 and parameters: {'mlp_n_layers': 1, 'mlp_dim_00': 349, 'node_hidden_dim': 32, 'edge_hidden_dim': 48, 'depth': 1, 'rep_dropout': 0.06448383245429573, 'train_learning_rate': 0.0015608026451105071, 'train_lr_reduce': 0.6}. Best is trial 673 with value: 0.11172225326299667.
[I 2024-12-19 19:12:30,126] Trial 770 finished with value: 1.1424522399902344 and parameters: {'mlp_n_layers': 4, 'mlp_dim_00': 236, 'mlp_dim_01': 371, 'mlp_dim_02': 109, 'mlp_dim_03': 377, 'node_hidden_dim': 128, 'edge_hidden_dim': 52, 'depth': 3, 'rep_dropout': 0.14352582408987713, 'train_learning_rate': 0.000244189790051465, 'train_lr_reduce': 0.6}. Best is trial 673 with value: 0.11172225326299667.
[I 2024-12-19 19:12:35,231] Trial 769 finished with value: 0.12831103801727295 and parameters: {'mlp_n_layers': 1, 'mlp_dim_00': 447, 'node_hidden_dim': 34, 'edge_hidden_dim': 55, 'depth': 1, 'rep_dropout': 0.015393405051873966, 'train_learning_rate': 0.0034932156073165933, 'train_lr_reduce': 0.6}. Best is trial 673 with value: 0.11172225326299667.
[I 2024-12-19 19:13:04,039] Trial 772 finished with value: 0.2083044946193695 and parameters: {'mlp_n_layers': 3, 'mlp_dim_00': 122, 'mlp_dim_01': 429, 'mlp_dim_02': 406, 'node_hidden_dim': 96, 'edge_hidden_dim': 32, 'depth': 1, 'rep_dropout': 0.09669093026252437, 'train_learning_rate': 0.0015075449959193047, 'train_lr_reduce': 0.6}. Best is trial 673 with value: 0.11172225326299667.
[I 2024-12-19 19:13:09,320] Trial 774 finished with value: 0.37510788440704346 and parameters: {'mlp_n_layers': 2, 'mlp_dim_00': 201, 'mlp_dim_01': 340, 'node_hidden_dim': 103, 'edge_hidden_dim': 52, 'depth': 2, 'rep_dropout': 0.12805793385346836, 'train_learning_rate': 0.00777245145748901, 'train_lr_reduce': 0.6}. Best is trial 673 with value: 0.11172225326299667.
[I 2024-12-19 19:13:15,842] Trial 773 finished with value: 0.13708002865314484 and parameters: {'mlp_n_layers': 1, 'mlp_dim_00': 357, 'node_hidden_dim': 39, 'edge_hidden_dim': 48, 'depth': 1, 'rep_dropout': 0.03926639230086401, 'train_learning_rate': 0.004047037905114555, 'train_lr_reduce': 0.6}. Best is trial 673 with value: 0.11172225326299667.
[I 2024-12-19 19:13:40,890] Trial 775 finished with value: 0.1523228883743286 and parameters: {'mlp_n_layers': 1, 'mlp_dim_00': 334, 'node_hidden_dim': 37, 'edge_hidden_dim': 42, 'depth': 1, 'rep_dropout': 0.034215900221075006, 'train_learning_rate': 0.005049139243472924, 'train_lr_reduce': 0.6}. Best is trial 673 with value: 0.11172225326299667.
[I 2024-12-19 19:13:44,812] Trial 776 finished with value: 0.12770962715148926 and parameters: {'mlp_n_layers': 1, 'mlp_dim_00': 388, 'node_hidden_dim': 33, 'edge_hidden_dim': 53, 'depth': 1, 'rep_dropout': 0.020130837632912447, 'train_learning_rate': 0.004225144950435707, 'train_lr_reduce': 0.6}. Best is trial 673 with value: 0.11172225326299667.
[I 2024-12-19 19:13:57,441] Trial 777 finished with value: 0.17531976103782654 and parameters: {'mlp_n_layers': 1, 'mlp_dim_00': 199, 'node_hidden_dim': 39, 'edge_hidden_dim': 89, 'depth': 1, 'rep_dropout': 0.004362741069161362, 'train_learning_rate': 0.001244370897555976, 'train_lr_reduce': 0.6}. Best is trial 673 with value: 0.11172225326299667.
[I 2024-12-19 19:14:03,214] Trial 780 finished with value: 1.145192265510559 and parameters: {'mlp_n_layers': 1, 'mlp_dim_00': 216, 'node_hidden_dim': 84, 'edge_hidden_dim': 105, 'depth': 3, 'rep_dropout': 0.09131364880720995, 'train_learning_rate': 0.00026683188952713314, 'train_lr_reduce': 0.6}. Best is trial 673 with value: 0.11172225326299667.
[I 2024-12-19 19:14:22,467] Trial 778 finished with value: 0.1475130319595337 and parameters: {'mlp_n_layers': 2, 'mlp_dim_00': 399, 'mlp_dim_01': 462, 'node_hidden_dim': 33, 'edge_hidden_dim': 69, 'depth': 1, 'rep_dropout': 0.0252933763016659, 'train_learning_rate': 0.00302036635740979, 'train_lr_reduce': 0.6}. Best is trial 673 with value: 0.11172225326299667.
[I 2024-12-19 19:14:25,846] Trial 779 finished with value: 0.1313372254371643 and parameters: {'mlp_n_layers': 2, 'mlp_dim_00': 254, 'mlp_dim_01': 304, 'node_hidden_dim': 43, 'edge_hidden_dim': 88, 'depth': 1, 'rep_dropout': 0.04345791814617106, 'train_learning_rate': 0.0033848255770142516, 'train_lr_reduce': 0.6}. Best is trial 673 with value: 0.11172225326299667.
[I 2024-12-19 19:14:27,147] Trial 782 finished with value: 1.1428124904632568 and parameters: {'mlp_n_layers': 2, 'mlp_dim_00': 391, 'mlp_dim_01': 403, 'node_hidden_dim': 54, 'edge_hidden_dim': 46, 'depth': 2, 'rep_dropout': 0.00872559958278088, 'train_learning_rate': 0.008635609096595127, 'train_lr_reduce': 0.6}. Best is trial 673 with value: 0.11172225326299667.
[I 2024-12-19 19:14:27,685] Trial 781 finished with value: 0.1912965476512909 and parameters: {'mlp_n_layers': 1, 'mlp_dim_00': 322, 'node_hidden_dim': 32, 'edge_hidden_dim': 32, 'depth': 1, 'rep_dropout': 0.04368374520931065, 'train_learning_rate': 0.002882973018313712, 'train_lr_reduce': 0.6}. Best is trial 673 with value: 0.11172225326299667.
[I 2024-12-19 19:14:32,303] Trial 785 finished with value: 1.144669532775879 and parameters: {'mlp_n_layers': 2, 'mlp_dim_00': 512, 'mlp_dim_01': 380, 'node_hidden_dim': 33, 'edge_hidden_dim': 48, 'depth': 1, 'rep_dropout': 0.02392483338573704, 'train_learning_rate': 0.004470129194534903, 'train_lr_reduce': 0.6}. Best is trial 673 with value: 0.11172225326299667.
