[I 2024-12-26 12:52:03,800] Trial 1762 finished with value: 0.013035716488957405 and parameters: {'L1_hidden_dim': 176, 'L1_layers_atom': 3, 'L1_layers_mol': 3, 'L1_dropout': 0.0336976305169483, 'L1_out_dim': 32, 'L2_hidden_dim': 256, 'L2_layers_atom': 1, 'L2_layers_mol': 3, 'L2_out_dim': 80, 'L2_dropout': 0.05239660461664998, 'L3_hidden_dim': 64, 'L3_layers_atom': 4, 'L3_layers_mol': 1, 'L3_out_dim': 112, 'L3_dropout': 0.10121602602314783, 'n_mlp_layers': 3, 'mlp_dim_0': 416, 'mlp_dim_1': 272, 'mlp_dim_2': 480, 'num_heads': 1, 'final_dropout': 0.19512598568971962, 'train_learning_rate': 0.0002362664031573707, 'train_lr_reduce': 0.6}. Best is trial 1073 with value: 0.009419886395335197.
[I 2024-12-26 12:52:09,099] Trial 1760 finished with value: 0.010423596948385239 and parameters: {'L1_hidden_dim': 160, 'L1_layers_atom': 2, 'L1_layers_mol': 1, 'L1_dropout': 0.017720650706143436, 'L1_out_dim': 96, 'L2_hidden_dim': 224, 'L2_layers_atom': 1, 'L2_layers_mol': 4, 'L2_out_dim': 96, 'L2_dropout': 0.0023339985826965927, 'L3_hidden_dim': 80, 'L3_layers_atom': 4, 'L3_layers_mol': 1, 'L3_out_dim': 96, 'L3_dropout': 0.036528888756410145, 'n_mlp_layers': 3, 'mlp_dim_0': 432, 'mlp_dim_1': 208, 'mlp_dim_2': 400, 'num_heads': 2, 'final_dropout': 0.019286843362394203, 'train_learning_rate': 0.00041208756271916743, 'train_lr_reduce': 0.6}. Best is trial 1073 with value: 0.009419886395335197.
[I 2024-12-26 12:54:16,778] Trial 1765 finished with value: 0.010636139661073685 and parameters: {'L1_hidden_dim': 96, 'L1_layers_atom': 1, 'L1_layers_mol': 4, 'L1_dropout': 0.11043058746768676, 'L1_out_dim': 48, 'L2_hidden_dim': 208, 'L2_layers_atom': 1, 'L2_layers_mol': 4, 'L2_out_dim': 112, 'L2_dropout': 0.04009180778302518, 'L3_hidden_dim': 48, 'L3_layers_atom': 4, 'L3_layers_mol': 1, 'L3_out_dim': 112, 'L3_dropout': 0.024270162297577794, 'n_mlp_layers': 3, 'mlp_dim_0': 472, 'mlp_dim_1': 320, 'mlp_dim_2': 440, 'num_heads': 2, 'final_dropout': 0.1222063761768168, 'train_learning_rate': 0.0007408281050564213, 'train_lr_reduce': 0.6}. Best is trial 1073 with value: 0.009419886395335197.
[I 2024-12-26 12:54:39,490] Trial 1764 finished with value: 0.013266520574688911 and parameters: {'L1_hidden_dim': 176, 'L1_layers_atom': 4, 'L1_layers_mol': 1, 'L1_dropout': 0.055629954720590305, 'L1_out_dim': 64, 'L2_hidden_dim': 176, 'L2_layers_atom': 1, 'L2_layers_mol': 1, 'L2_out_dim': 112, 'L2_dropout': 0.0015814954725433474, 'L3_hidden_dim': 32, 'L3_layers_atom': 2, 'L3_layers_mol': 1, 'L3_out_dim': 96, 'L3_dropout': 0.06633158903751914, 'n_mlp_layers': 2, 'mlp_dim_0': 328, 'mlp_dim_1': 248, 'num_heads': 1, 'final_dropout': 0.2252342158355484, 'train_learning_rate': 0.0015215996873116557, 'train_lr_reduce': 0.6}. Best is trial 1073 with value: 0.009419886395335197.
[I 2024-12-26 12:54:40,865] Trial 1763 finished with value: 0.01293864008039236 and parameters: {'L1_hidden_dim': 208, 'L1_layers_atom': 2, 'L1_layers_mol': 3, 'L1_dropout': 0.01152423136894662, 'L1_out_dim': 96, 'L2_hidden_dim': 160, 'L2_layers_atom': 2, 'L2_layers_mol': 3, 'L2_out_dim': 96, 'L2_dropout': 0.07310642854784481, 'L3_hidden_dim': 80, 'L3_layers_atom': 1, 'L3_layers_mol': 1, 'L3_out_dim': 128, 'L3_dropout': 0.17428741658347544, 'n_mlp_layers': 2, 'mlp_dim_0': 160, 'mlp_dim_1': 176, 'num_heads': 2, 'final_dropout': 0.29145335102682257, 'train_learning_rate': 0.00022944565763216652, 'train_lr_reduce': 0.6}. Best is trial 1073 with value: 0.009419886395335197.
[I 2024-12-26 12:56:41,228] Trial 1766 finished with value: 0.012798275798559189 and parameters: {'L1_hidden_dim': 80, 'L1_layers_atom': 1, 'L1_layers_mol': 2, 'L1_dropout': 0.17780531081802714, 'L1_out_dim': 64, 'L2_hidden_dim': 176, 'L2_layers_atom': 1, 'L2_layers_mol': 3, 'L2_out_dim': 112, 'L2_dropout': 0.0201452881091174, 'L3_hidden_dim': 96, 'L3_layers_atom': 4, 'L3_layers_mol': 1, 'L3_out_dim': 96, 'L3_dropout': 0.05138388721070472, 'n_mlp_layers': 3, 'mlp_dim_0': 160, 'mlp_dim_1': 272, 'mlp_dim_2': 392, 'num_heads': 2, 'final_dropout': 0.013629772921101718, 'train_learning_rate': 0.0003072609326667599, 'train_lr_reduce': 0.6}. Best is trial 1073 with value: 0.009419886395335197.
[I 2024-12-26 12:56:51,271] Trial 1767 finished with value: 0.025192607194185257 and parameters: {'L1_hidden_dim': 96, 'L1_layers_atom': 3, 'L1_layers_mol': 1, 'L1_dropout': 0.09087384687071284, 'L1_out_dim': 64, 'L2_hidden_dim': 144, 'L2_layers_atom': 3, 'L2_layers_mol': 1, 'L2_out_dim': 128, 'L2_dropout': 0.2424643781827579, 'L3_hidden_dim': 80, 'L3_layers_atom': 1, 'L3_layers_mol': 3, 'L3_out_dim': 80, 'L3_dropout': 0.1643623326525289, 'n_mlp_layers': 1, 'mlp_dim_0': 32, 'num_heads': 1, 'final_dropout': 0.28497601872670175, 'train_learning_rate': 0.0006906632820327033, 'train_lr_reduce': 0.6}. Best is trial 1073 with value: 0.009419886395335197.
[I 2024-12-26 12:57:32,452] Trial 1768 finished with value: 0.011915371753275394 and parameters: {'L1_hidden_dim': 64, 'L1_layers_atom': 1, 'L1_layers_mol': 1, 'L1_dropout': 0.10895988611822563, 'L1_out_dim': 64, 'L2_hidden_dim': 208, 'L2_layers_atom': 1, 'L2_layers_mol': 1, 'L2_out_dim': 112, 'L2_dropout': 0.03822529247711785, 'L3_hidden_dim': 128, 'L3_layers_atom': 4, 'L3_layers_mol': 1, 'L3_out_dim': 112, 'L3_dropout': 0.09692251445551542, 'n_mlp_layers': 2, 'mlp_dim_0': 192, 'mlp_dim_1': 320, 'num_heads': 2, 'final_dropout': 0.04485738448347211, 'train_learning_rate': 0.00045764627434231127, 'train_lr_reduce': 0.6}. Best is trial 1073 with value: 0.009419886395335197.
[I 2024-12-26 12:59:01,992] Trial 1770 finished with value: 0.016621798276901245 and parameters: {'L1_hidden_dim': 64, 'L1_layers_atom': 2, 'L1_layers_mol': 1, 'L1_dropout': 0.09550058746131054, 'L1_out_dim': 80, 'L2_hidden_dim': 176, 'L2_layers_atom': 1, 'L2_layers_mol': 2, 'L2_out_dim': 112, 'L2_dropout': 0.04479994989783233, 'L3_hidden_dim': 128, 'L3_layers_atom': 4, 'L3_layers_mol': 1, 'L3_out_dim': 128, 'L3_dropout': 0.09958431856527289, 'n_mlp_layers': 2, 'mlp_dim_0': 376, 'mlp_dim_1': 272, 'num_heads': 2, 'final_dropout': 0.07926280473432466, 'train_learning_rate': 0.0014373014570561388, 'train_lr_reduce': 0.6}. Best is trial 1073 with value: 0.009419886395335197.
[I 2024-12-26 12:59:17,099] Trial 1769 finished with value: 0.011612930335104465 and parameters: {'L1_hidden_dim': 224, 'L1_layers_atom': 2, 'L1_layers_mol': 1, 'L1_dropout': 0.002221026550099311, 'L1_out_dim': 128, 'L2_hidden_dim': 240, 'L2_layers_atom': 2, 'L2_layers_mol': 4, 'L2_out_dim': 80, 'L2_dropout': 0.004101077427031207, 'L3_hidden_dim': 64, 'L3_layers_atom': 3, 'L3_layers_mol': 2, 'L3_out_dim': 96, 'L3_dropout': 0.07464549120050609, 'n_mlp_layers': 2, 'mlp_dim_0': 424, 'mlp_dim_1': 224, 'num_heads': 2, 'final_dropout': 0.11188532660062579, 'train_learning_rate': 0.0004977313663667657, 'train_lr_reduce': 0.6}. Best is trial 1073 with value: 0.009419886395335197.
[I 2024-12-26 12:59:55,158] Trial 1771 finished with value: 0.011564281769096851 and parameters: {'L1_hidden_dim': 192, 'L1_layers_atom': 4, 'L1_layers_mol': 4, 'L1_dropout': 0.016261514819159606, 'L1_out_dim': 64, 'L2_hidden_dim': 64, 'L2_layers_atom': 1, 'L2_layers_mol': 1, 'L2_out_dim': 128, 'L2_dropout': 0.050768381719333566, 'L3_hidden_dim': 112, 'L3_layers_atom': 4, 'L3_layers_mol': 1, 'L3_out_dim': 80, 'L3_dropout': 0.008543741077839164, 'n_mlp_layers': 3, 'mlp_dim_0': 488, 'mlp_dim_1': 176, 'mlp_dim_2': 512, 'num_heads': 2, 'final_dropout': 0.09881655961699233, 'train_learning_rate': 0.00032631663893844994, 'train_lr_reduce': 0.6}. Best is trial 1073 with value: 0.009419886395335197.
[I 2024-12-26 13:01:17,523] Trial 1772 finished with value: 0.011705429293215275 and parameters: {'L1_hidden_dim': 80, 'L1_layers_atom': 1, 'L1_layers_mol': 3, 'L1_dropout': 0.10788005393456199, 'L1_out_dim': 96, 'L2_hidden_dim': 176, 'L2_layers_atom': 1, 'L2_layers_mol': 4, 'L2_out_dim': 128, 'L2_dropout': 0.0018476009772707168, 'L3_hidden_dim': 48, 'L3_layers_atom': 3, 'L3_layers_mol': 2, 'L3_out_dim': 128, 'L3_dropout': 0.08134059400410448, 'n_mlp_layers': 3, 'mlp_dim_0': 328, 'mlp_dim_1': 312, 'mlp_dim_2': 472, 'num_heads': 2, 'final_dropout': 0.11290019417641418, 'train_learning_rate': 0.000740719711856503, 'train_lr_reduce': 0.6}. Best is trial 1073 with value: 0.009419886395335197.
[I 2024-12-26 13:02:02,003] Trial 1773 finished with value: 0.016017025336623192 and parameters: {'L1_hidden_dim': 80, 'L1_layers_atom': 1, 'L1_layers_mol': 1, 'L1_dropout': 0.10894660233321779, 'L1_out_dim': 96, 'L2_hidden_dim': 176, 'L2_layers_atom': 1, 'L2_layers_mol': 2, 'L2_out_dim': 80, 'L2_dropout': 0.06434503366245141, 'L3_hidden_dim': 80, 'L3_layers_atom': 4, 'L3_layers_mol': 1, 'L3_out_dim': 128, 'L3_dropout': 0.13378022277081314, 'n_mlp_layers': 3, 'mlp_dim_0': 408, 'mlp_dim_1': 224, 'mlp_dim_2': 432, 'num_heads': 2, 'final_dropout': 0.0001202034173560778, 'train_learning_rate': 0.00015042198068058158, 'train_lr_reduce': 0.6}. Best is trial 1073 with value: 0.009419886395335197.
[I 2024-12-26 13:02:29,022] Trial 1774 finished with value: 0.010317325592041016 and parameters: {'L1_hidden_dim': 192, 'L1_layers_atom': 3, 'L1_layers_mol': 4, 'L1_dropout': 0.004760341149063288, 'L1_out_dim': 32, 'L2_hidden_dim': 256, 'L2_layers_atom': 1, 'L2_layers_mol': 3, 'L2_out_dim': 96, 'L2_dropout': 0.009533826705305108, 'L3_hidden_dim': 48, 'L3_layers_atom': 4, 'L3_layers_mol': 2, 'L3_out_dim': 112, 'L3_dropout': 0.01921360715904548, 'n_mlp_layers': 3, 'mlp_dim_0': 216, 'mlp_dim_1': 272, 'mlp_dim_2': 464, 'num_heads': 1, 'final_dropout': 0.11548895003916297, 'train_learning_rate': 0.0002969724654453371, 'train_lr_reduce': 0.6}. Best is trial 1073 with value: 0.009419886395335197.
[I 2024-12-26 13:03:34,737] Trial 1775 finished with value: 0.014660690911114216 and parameters: {'L1_hidden_dim': 80, 'L1_layers_atom': 1, 'L1_layers_mol': 1, 'L1_dropout': 0.09200068924154838, 'L1_out_dim': 32, 'L2_hidden_dim': 144, 'L2_layers_atom': 1, 'L2_layers_mol': 2, 'L2_out_dim': 128, 'L2_dropout': 0.05602973011498483, 'L3_hidden_dim': 80, 'L3_layers_atom': 4, 'L3_layers_mol': 1, 'L3_out_dim': 128, 'L3_dropout': 0.1445154670192652, 'n_mlp_layers': 3, 'mlp_dim_0': 296, 'mlp_dim_1': 320, 'mlp_dim_2': 400, 'num_heads': 2, 'final_dropout': 0.009498381505428713, 'train_learning_rate': 0.00026276188572396203, 'train_lr_reduce': 0.6}. Best is trial 1073 with value: 0.009419886395335197.
[I 2024-12-26 13:04:50,267] Trial 1776 finished with value: 0.012303195893764496 and parameters: {'L1_hidden_dim': 160, 'L1_layers_atom': 4, 'L1_layers_mol': 1, 'L1_dropout': 0.06469060419008907, 'L1_out_dim': 80, 'L2_hidden_dim': 240, 'L2_layers_atom': 1, 'L2_layers_mol': 4, 'L2_out_dim': 128, 'L2_dropout': 0.006062149574931314, 'L3_hidden_dim': 80, 'L3_layers_atom': 3, 'L3_layers_mol': 1, 'L3_out_dim': 128, 'L3_dropout': 0.02350054221201464, 'n_mlp_layers': 3, 'mlp_dim_0': 344, 'mlp_dim_1': 264, 'mlp_dim_2': 472, 'num_heads': 2, 'final_dropout': 0.04335204726462615, 'train_learning_rate': 0.0010246867986763088, 'train_lr_reduce': 0.6}. Best is trial 1073 with value: 0.009419886395335197.
[I 2024-12-26 13:05:16,261] Trial 1777 finished with value: 0.01153186708688736 and parameters: {'L1_hidden_dim': 128, 'L1_layers_atom': 4, 'L1_layers_mol': 4, 'L1_dropout': 0.041734570656600585, 'L1_out_dim': 64, 'L2_hidden_dim': 112, 'L2_layers_atom': 1, 'L2_layers_mol': 1, 'L2_out_dim': 128, 'L2_dropout': 0.17173592310635044, 'L3_hidden_dim': 96, 'L3_layers_atom': 2, 'L3_layers_mol': 1, 'L3_out_dim': 80, 'L3_dropout': 0.03679728277398134, 'n_mlp_layers': 3, 'mlp_dim_0': 440, 'mlp_dim_1': 208, 'mlp_dim_2': 512, 'num_heads': 2, 'final_dropout': 0.0837060634744788, 'train_learning_rate': 0.0007566468617812537, 'train_lr_reduce': 0.6}. Best is trial 1073 with value: 0.009419886395335197.
[I 2024-12-26 13:05:30,487] Trial 1778 finished with value: 0.013494838960468769 and parameters: {'L1_hidden_dim': 176, 'L1_layers_atom': 4, 'L1_layers_mol': 2, 'L1_dropout': 0.03229830575680099, 'L1_out_dim': 32, 'L2_hidden_dim': 192, 'L2_layers_atom': 1, 'L2_layers_mol': 1, 'L2_out_dim': 128, 'L2_dropout': 0.04109404934471398, 'L3_hidden_dim': 64, 'L3_layers_atom': 2, 'L3_layers_mol': 2, 'L3_out_dim': 112, 'L3_dropout': 0.054448323464507356, 'n_mlp_layers': 3, 'mlp_dim_0': 248, 'mlp_dim_1': 328, 'mlp_dim_2': 384, 'num_heads': 1, 'final_dropout': 0.20556599081638374, 'train_learning_rate': 0.0012568460255865399, 'train_lr_reduce': 0.6}. Best is trial 1073 with value: 0.009419886395335197.
[I 2024-12-26 13:06:56,159] Trial 1779 finished with value: 0.012997161597013474 and parameters: {'L1_hidden_dim': 192, 'L1_layers_atom': 4, 'L1_layers_mol': 3, 'L1_dropout': 0.18073556494008505, 'L1_out_dim': 48, 'L2_hidden_dim': 176, 'L2_layers_atom': 1, 'L2_layers_mol': 1, 'L2_out_dim': 96, 'L2_dropout': 0.05515946891802754, 'L3_hidden_dim': 128, 'L3_layers_atom': 4, 'L3_layers_mol': 2, 'L3_out_dim': 112, 'L3_dropout': 0.048161189243198455, 'n_mlp_layers': 3, 'mlp_dim_0': 488, 'mlp_dim_1': 272, 'mlp_dim_2': 448, 'num_heads': 2, 'final_dropout': 0.029921878059367912, 'train_learning_rate': 0.000899758083800984, 'train_lr_reduce': 0.6}. Best is trial 1073 with value: 0.009419886395335197.
[I 2024-12-26 13:07:11,369] Trial 1781 finished with value: 0.08344966918230057 and parameters: {'L1_hidden_dim': 160, 'L1_layers_atom': 4, 'L1_layers_mol': 1, 'L1_dropout': 0.26409719378253854, 'L1_out_dim': 128, 'L2_hidden_dim': 64, 'L2_layers_atom': 1, 'L2_layers_mol': 4, 'L2_out_dim': 64, 'L2_dropout': 0.2791608808665895, 'L3_hidden_dim': 112, 'L3_layers_atom': 1, 'L3_layers_mol': 2, 'L3_out_dim': 128, 'L3_dropout': 0.2656716189572481, 'n_mlp_layers': 2, 'mlp_dim_0': 328, 'mlp_dim_1': 304, 'num_heads': 1, 'final_dropout': 0.16652545617778436, 'train_learning_rate': 0.0003356215825392287, 'train_lr_reduce': 0.6}. Best is trial 1073 with value: 0.009419886395335197.
[I 2024-12-26 13:07:18,875] Trial 1780 finished with value: 0.011014172807335854 and parameters: {'L1_hidden_dim': 112, 'L1_layers_atom': 1, 'L1_layers_mol': 1, 'L1_dropout': 0.0697540006024617, 'L1_out_dim': 128, 'L2_hidden_dim': 208, 'L2_layers_atom': 1, 'L2_layers_mol': 3, 'L2_out_dim': 80, 'L2_dropout': 0.06083875622460534, 'L3_hidden_dim': 80, 'L3_layers_atom': 3, 'L3_layers_mol': 2, 'L3_out_dim': 80, 'L3_dropout': 0.0039039845649578575, 'n_mlp_layers': 3, 'mlp_dim_0': 224, 'mlp_dim_1': 240, 'mlp_dim_2': 432, 'num_heads': 2, 'final_dropout': 0.024493144104685727, 'train_learning_rate': 0.0008192242584169951, 'train_lr_reduce': 0.6}. Best is trial 1073 with value: 0.009419886395335197.
[I 2024-12-26 13:09:18,870] Trial 1782 finished with value: 0.012086886912584305 and parameters: {'L1_hidden_dim': 224, 'L1_layers_atom': 1, 'L1_layers_mol': 3, 'L1_dropout': 0.1326838429648367, 'L1_out_dim': 32, 'L2_hidden_dim': 128, 'L2_layers_atom': 2, 'L2_layers_mol': 1, 'L2_out_dim': 64, 'L2_dropout': 0.06780001796572968, 'L3_hidden_dim': 112, 'L3_layers_atom': 4, 'L3_layers_mol': 4, 'L3_out_dim': 112, 'L3_dropout': 0.19681798031205347, 'n_mlp_layers': 2, 'mlp_dim_0': 432, 'mlp_dim_1': 312, 'num_heads': 2, 'final_dropout': 0.2545387923593412, 'train_learning_rate': 0.0009649816327777434, 'train_lr_reduce': 0.6}. Best is trial 1073 with value: 0.009419886395335197.
[I 2024-12-26 13:09:50,678] Trial 1783 finished with value: 0.01521365437656641 and parameters: {'L1_hidden_dim': 176, 'L1_layers_atom': 1, 'L1_layers_mol': 1, 'L1_dropout': 0.23172939527608657, 'L1_out_dim': 96, 'L2_hidden_dim': 64, 'L2_layers_atom': 1, 'L2_layers_mol': 4, 'L2_out_dim': 48, 'L2_dropout': 0.009916975100979497, 'L3_hidden_dim': 32, 'L3_layers_atom': 3, 'L3_layers_mol': 2, 'L3_out_dim': 80, 'L3_dropout': 0.10444057872524928, 'n_mlp_layers': 3, 'mlp_dim_0': 152, 'mlp_dim_1': 168, 'mlp_dim_2': 464, 'num_heads': 2, 'final_dropout': 0.24782780178815336, 'train_learning_rate': 0.003283051764246687, 'train_lr_reduce': 0.6}. Best is trial 1073 with value: 0.009419886395335197.
[I 2024-12-26 13:09:57,547] Trial 1784 finished with value: 0.013358382508158684 and parameters: {'L1_hidden_dim': 240, 'L1_layers_atom': 4, 'L1_layers_mol': 4, 'L1_dropout': 0.009670686274126422, 'L1_out_dim': 64, 'L2_hidden_dim': 176, 'L2_layers_atom': 1, 'L2_layers_mol': 3, 'L2_out_dim': 112, 'L2_dropout': 0.1507621677669778, 'L3_hidden_dim': 48, 'L3_layers_atom': 3, 'L3_layers_mol': 1, 'L3_out_dim': 96, 'L3_dropout': 0.20985019897819895, 'n_mlp_layers': 2, 'mlp_dim_0': 168, 'mlp_dim_1': 240, 'num_heads': 2, 'final_dropout': 0.24364289350685497, 'train_learning_rate': 0.00019109756843476588, 'train_lr_reduce': 0.6}. Best is trial 1073 with value: 0.009419886395335197.
[I 2024-12-26 13:12:13,620] Trial 1785 finished with value: 0.024161241948604584 and parameters: {'L1_hidden_dim': 80, 'L1_layers_atom': 1, 'L1_layers_mol': 1, 'L1_dropout': 0.14145629660415487, 'L1_out_dim': 80, 'L2_hidden_dim': 208, 'L2_layers_atom': 2, 'L2_layers_mol': 3, 'L2_out_dim': 128, 'L2_dropout': 0.0004235785107708605, 'L3_hidden_dim': 96, 'L3_layers_atom': 4, 'L3_layers_mol': 1, 'L3_out_dim': 96, 'L3_dropout': 0.0819359102912601, 'n_mlp_layers': 3, 'mlp_dim_0': 336, 'mlp_dim_1': 272, 'mlp_dim_2': 512, 'num_heads': 2, 'final_dropout': 0.03123098051767051, 'train_learning_rate': 0.0032183502900748223, 'train_lr_reduce': 0.6}. Best is trial 1073 with value: 0.009419886395335197.
[I 2024-12-26 13:12:20,271] Trial 1786 finished with value: 0.011822128668427467 and parameters: {'L1_hidden_dim': 112, 'L1_layers_atom': 2, 'L1_layers_mol': 4, 'L1_dropout': 0.057699137992275176, 'L1_out_dim': 128, 'L2_hidden_dim': 208, 'L2_layers_atom': 1, 'L2_layers_mol': 4, 'L2_out_dim': 112, 'L2_dropout': 0.05927126224215938, 'L3_hidden_dim': 32, 'L3_layers_atom': 3, 'L3_layers_mol': 1, 'L3_out_dim': 112, 'L3_dropout': 0.16052060195240264, 'n_mlp_layers': 3, 'mlp_dim_0': 200, 'mlp_dim_1': 320, 'mlp_dim_2': 384, 'num_heads': 2, 'final_dropout': 0.22091320765851027, 'train_learning_rate': 0.0008582824605826568, 'train_lr_reduce': 0.6}. Best is trial 1073 with value: 0.009419886395335197.
[I 2024-12-26 13:12:59,026] Trial 1787 finished with value: 0.02620880678296089 and parameters: {'L1_hidden_dim': 192, 'L1_layers_atom': 1, 'L1_layers_mol': 2, 'L1_dropout': 0.12262195141593366, 'L1_out_dim': 64, 'L2_hidden_dim': 128, 'L2_layers_atom': 1, 'L2_layers_mol': 3, 'L2_out_dim': 128, 'L2_dropout': 0.06432558514911976, 'L3_hidden_dim': 96, 'L3_layers_atom': 3, 'L3_layers_mol': 1, 'L3_out_dim': 96, 'L3_dropout': 0.12408591009804332, 'n_mlp_layers': 2, 'mlp_dim_0': 288, 'mlp_dim_1': 320, 'num_heads': 2, 'final_dropout': 0.02109181016696318, 'train_learning_rate': 0.00014504542422854883, 'train_lr_reduce': 0.6}. Best is trial 1073 with value: 0.009419886395335197.
[I 2024-12-26 13:14:25,085] Trial 1788 finished with value: 0.016716908663511276 and parameters: {'L1_hidden_dim': 80, 'L1_layers_atom': 2, 'L1_layers_mol': 1, 'L1_dropout': 0.23857554133844278, 'L1_out_dim': 32, 'L2_hidden_dim': 208, 'L2_layers_atom': 1, 'L2_layers_mol': 3, 'L2_out_dim': 80, 'L2_dropout': 0.0004497850014794514, 'L3_hidden_dim': 96, 'L3_layers_atom': 4, 'L3_layers_mol': 3, 'L3_out_dim': 128, 'L3_dropout': 0.05028105140260995, 'n_mlp_layers': 2, 'mlp_dim_0': 344, 'mlp_dim_1': 192, 'num_heads': 2, 'final_dropout': 0.021266606170653367, 'train_learning_rate': 0.0020262635811632702, 'train_lr_reduce': 0.6}. Best is trial 1073 with value: 0.009419886395335197.
[I 2024-12-26 13:14:45,484] Trial 1789 finished with value: 0.012306565418839455 and parameters: {'L1_hidden_dim': 80, 'L1_layers_atom': 1, 'L1_layers_mol': 1, 'L1_dropout': 0.14817299384662042, 'L1_out_dim': 48, 'L2_hidden_dim': 160, 'L2_layers_atom': 1, 'L2_layers_mol': 3, 'L2_out_dim': 128, 'L2_dropout': 0.026727412888448855, 'L3_hidden_dim': 128, 'L3_layers_atom': 3, 'L3_layers_mol': 1, 'L3_out_dim': 128, 'L3_dropout': 0.04970133285800445, 'n_mlp_layers': 2, 'mlp_dim_0': 416, 'mlp_dim_1': 272, 'num_heads': 2, 'final_dropout': 0.0462121521733756, 'train_learning_rate': 0.0008945584543227109, 'train_lr_reduce': 0.6}. Best is trial 1073 with value: 0.009419886395335197.
[I 2024-12-26 13:15:29,796] Trial 1790 finished with value: 0.01086769625544548 and parameters: {'L1_hidden_dim': 96, 'L1_layers_atom': 2, 'L1_layers_mol': 3, 'L1_dropout': 0.10507831817288293, 'L1_out_dim': 64, 'L2_hidden_dim': 144, 'L2_layers_atom': 1, 'L2_layers_mol': 3, 'L2_out_dim': 96, 'L2_dropout': 0.009262250469929007, 'L3_hidden_dim': 48, 'L3_layers_atom': 4, 'L3_layers_mol': 1, 'L3_out_dim': 128, 'L3_dropout': 0.06904056003278464, 'n_mlp_layers': 3, 'mlp_dim_0': 416, 'mlp_dim_1': 320, 'mlp_dim_2': 432, 'num_heads': 2, 'final_dropout': 0.12125315765893799, 'train_learning_rate': 0.0007307276418956147, 'train_lr_reduce': 0.6}. Best is trial 1073 with value: 0.009419886395335197.
[I 2024-12-26 13:17:07,543] Trial 1792 finished with value: 0.03970637172460556 and parameters: {'L1_hidden_dim': 64, 'L1_layers_atom': 1, 'L1_layers_mol': 4, 'L1_dropout': 0.2163206618376188, 'L1_out_dim': 32, 'L2_hidden_dim': 208, 'L2_layers_atom': 4, 'L2_layers_mol': 3, 'L2_out_dim': 32, 'L2_dropout': 0.19436667091683218, 'L3_hidden_dim': 112, 'L3_layers_atom': 1, 'L3_layers_mol': 2, 'L3_out_dim': 64, 'L3_dropout': 0.25342994894626714, 'n_mlp_layers': 2, 'mlp_dim_0': 256, 'mlp_dim_1': 224, 'num_heads': 2, 'final_dropout': 0.18929935582835986, 'train_learning_rate': 0.0013877090633081445, 'train_lr_reduce': 0.6}. Best is trial 1073 with value: 0.009419886395335197.
