[I 2024-12-26 06:33:17,750] Trial 1962 finished with value: 0.08207579702138901 and parameters: {'L1_hidden_dim': 256, 'L1_layers_atom': 2, 'L1_layers_mol': 1, 'L1_dropout': 0.13088477171482696, 'L1_out_dim': 96, 'L2_hidden_dim': 256, 'L2_layers_atom': 4, 'L2_layers_mol': 1, 'L2_out_dim': 80, 'L2_dropout': 0.09870054072444437, 'L3_hidden_dim': 64, 'L3_layers_atom': 2, 'L3_layers_mol': 1, 'L3_out_dim': 80, 'L3_dropout': 0.10155220964204012, 'n_mlp_layers': 2, 'mlp_dim_0': 48, 'mlp_dim_1': 512, 'num_heads': 2, 'final_dropout': 0.05872639384462565, 'train_learning_rate': 0.00023041712321897621, 'train_lr_reduce': 0.6}. Best is trial 1286 with value: 0.03935658559203148.
[I 2024-12-26 06:33:41,555] Trial 1964 finished with value: 0.07839179784059525 and parameters: {'L1_hidden_dim': 80, 'L1_layers_atom': 3, 'L1_layers_mol': 1, 'L1_dropout': 0.2705565714038996, 'L1_out_dim': 112, 'L2_hidden_dim': 160, 'L2_layers_atom': 1, 'L2_layers_mol': 3, 'L2_out_dim': 112, 'L2_dropout': 0.00960358142423336, 'L3_hidden_dim': 32, 'L3_layers_atom': 4, 'L3_layers_mol': 4, 'L3_out_dim': 128, 'L3_dropout': 0.23856404108043047, 'n_mlp_layers': 2, 'mlp_dim_0': 168, 'mlp_dim_1': 488, 'num_heads': 1, 'final_dropout': 0.20118512250323073, 'train_learning_rate': 0.0008723434373713688, 'train_lr_reduce': 0.6}. Best is trial 1286 with value: 0.03935658559203148.
[I 2024-12-26 06:33:46,704] Trial 1963 finished with value: 0.10138976573944092 and parameters: {'L1_hidden_dim': 112, 'L1_layers_atom': 2, 'L1_layers_mol': 3, 'L1_dropout': 0.2362297821851872, 'L1_out_dim': 128, 'L2_hidden_dim': 192, 'L2_layers_atom': 4, 'L2_layers_mol': 4, 'L2_out_dim': 112, 'L2_dropout': 0.08568444096282986, 'L3_hidden_dim': 48, 'L3_layers_atom': 2, 'L3_layers_mol': 4, 'L3_out_dim': 48, 'L3_dropout': 0.04815537917622274, 'n_mlp_layers': 1, 'mlp_dim_0': 96, 'num_heads': 2, 'final_dropout': 0.2400163202908328, 'train_learning_rate': 0.00021175711349967965, 'train_lr_reduce': 0.6}. Best is trial 1286 with value: 0.03935658559203148.
[I 2024-12-26 06:34:20,932] Trial 1965 finished with value: 0.10985971242189407 and parameters: {'L1_hidden_dim': 224, 'L1_layers_atom': 4, 'L1_layers_mol': 1, 'L1_dropout': 0.23145659478898473, 'L1_out_dim': 80, 'L2_hidden_dim': 112, 'L2_layers_atom': 4, 'L2_layers_mol': 1, 'L2_out_dim': 128, 'L2_dropout': 0.22325870236033876, 'L3_hidden_dim': 128, 'L3_layers_atom': 1, 'L3_layers_mol': 4, 'L3_out_dim': 96, 'L3_dropout': 0.2749894206092657, 'n_mlp_layers': 1, 'mlp_dim_0': 280, 'num_heads': 1, 'final_dropout': 0.23694737916607073, 'train_learning_rate': 0.0013544791458461618, 'train_lr_reduce': 0.6}. Best is trial 1286 with value: 0.03935658559203148.
[I 2024-12-26 06:35:18,212] Trial 1966 finished with value: 0.09820624440908432 and parameters: {'L1_hidden_dim': 80, 'L1_layers_atom': 4, 'L1_layers_mol': 2, 'L1_dropout': 0.18074580988007471, 'L1_out_dim': 80, 'L2_hidden_dim': 144, 'L2_layers_atom': 2, 'L2_layers_mol': 3, 'L2_out_dim': 112, 'L2_dropout': 0.1083752105603398, 'L3_hidden_dim': 96, 'L3_layers_atom': 3, 'L3_layers_mol': 1, 'L3_out_dim': 96, 'L3_dropout': 0.053377430614195115, 'n_mlp_layers': 3, 'mlp_dim_0': 320, 'mlp_dim_1': 512, 'mlp_dim_2': 120, 'num_heads': 2, 'final_dropout': 0.15443078247055575, 'train_learning_rate': 0.002345134562064896, 'train_lr_reduce': 0.6}. Best is trial 1286 with value: 0.03935658559203148.
[I 2024-12-26 06:35:20,335] Trial 1967 finished with value: 0.10141155123710632 and parameters: {'L1_hidden_dim': 64, 'L1_layers_atom': 2, 'L1_layers_mol': 3, 'L1_dropout': 0.19261953873104662, 'L1_out_dim': 96, 'L2_hidden_dim': 208, 'L2_layers_atom': 2, 'L2_layers_mol': 3, 'L2_out_dim': 80, 'L2_dropout': 0.03122014141442457, 'L3_hidden_dim': 64, 'L3_layers_atom': 3, 'L3_layers_mol': 2, 'L3_out_dim': 80, 'L3_dropout': 0.21824712227108506, 'n_mlp_layers': 1, 'mlp_dim_0': 184, 'num_heads': 1, 'final_dropout': 0.12627333324124465, 'train_learning_rate': 0.005909848385616762, 'train_lr_reduce': 0.6}. Best is trial 1286 with value: 0.03935658559203148.
[I 2024-12-26 06:36:07,639] Trial 1968 finished with value: 0.1280069202184677 and parameters: {'L1_hidden_dim': 208, 'L1_layers_atom': 4, 'L1_layers_mol': 2, 'L1_dropout': 0.271057012419894, 'L1_out_dim': 48, 'L2_hidden_dim': 192, 'L2_layers_atom': 2, 'L2_layers_mol': 3, 'L2_out_dim': 96, 'L2_dropout': 0.1577289526860526, 'L3_hidden_dim': 32, 'L3_layers_atom': 1, 'L3_layers_mol': 1, 'L3_out_dim': 48, 'L3_dropout': 0.03975936346493156, 'n_mlp_layers': 3, 'mlp_dim_0': 272, 'mlp_dim_1': 512, 'mlp_dim_2': 72, 'num_heads': 1, 'final_dropout': 0.07298201812603884, 'train_learning_rate': 0.006539023581027733, 'train_lr_reduce': 0.6}. Best is trial 1286 with value: 0.03935658559203148.
[I 2024-12-26 06:36:49,836] Trial 1969 finished with value: 0.08317997306585312 and parameters: {'L1_hidden_dim': 80, 'L1_layers_atom': 4, 'L1_layers_mol': 4, 'L1_dropout': 0.10661776124010267, 'L1_out_dim': 80, 'L2_hidden_dim': 224, 'L2_layers_atom': 1, 'L2_layers_mol': 1, 'L2_out_dim': 112, 'L2_dropout': 0.08363182960343485, 'L3_hidden_dim': 128, 'L3_layers_atom': 4, 'L3_layers_mol': 1, 'L3_out_dim': 96, 'L3_dropout': 0.15335561218566088, 'n_mlp_layers': 2, 'mlp_dim_0': 352, 'mlp_dim_1': 504, 'num_heads': 1, 'final_dropout': 0.13710550708656932, 'train_learning_rate': 0.0017564206520704001, 'train_lr_reduce': 0.6}. Best is trial 1286 with value: 0.03935658559203148.
[I 2024-12-26 06:37:34,824] Trial 1971 finished with value: 0.06720323860645294 and parameters: {'L1_hidden_dim': 80, 'L1_layers_atom': 1, 'L1_layers_mol': 3, 'L1_dropout': 0.271438195702237, 'L1_out_dim': 128, 'L2_hidden_dim': 256, 'L2_layers_atom': 1, 'L2_layers_mol': 4, 'L2_out_dim': 80, 'L2_dropout': 0.030590071481898996, 'L3_hidden_dim': 64, 'L3_layers_atom': 3, 'L3_layers_mol': 4, 'L3_out_dim': 96, 'L3_dropout': 0.2072836365145044, 'n_mlp_layers': 2, 'mlp_dim_0': 328, 'mlp_dim_1': 512, 'num_heads': 1, 'final_dropout': 0.12149921979341725, 'train_learning_rate': 0.001976034165676602, 'train_lr_reduce': 0.6}. Best is trial 1286 with value: 0.03935658559203148.
[I 2024-12-26 06:37:35,815] Trial 1970 finished with value: 0.07277797162532806 and parameters: {'L1_hidden_dim': 80, 'L1_layers_atom': 4, 'L1_layers_mol': 4, 'L1_dropout': 0.25714009571394436, 'L1_out_dim': 112, 'L2_hidden_dim': 192, 'L2_layers_atom': 2, 'L2_layers_mol': 4, 'L2_out_dim': 128, 'L2_dropout': 0.037936968649590466, 'L3_hidden_dim': 112, 'L3_layers_atom': 3, 'L3_layers_mol': 1, 'L3_out_dim': 96, 'L3_dropout': 0.005600112606333266, 'n_mlp_layers': 1, 'mlp_dim_0': 280, 'num_heads': 2, 'final_dropout': 0.15977635660188302, 'train_learning_rate': 0.0013060163920102738, 'train_lr_reduce': 0.6}. Best is trial 1286 with value: 0.03935658559203148.
[I 2024-12-26 06:38:27,294] Trial 1974 finished with value: 0.10259253531694412 and parameters: {'L1_hidden_dim': 64, 'L1_layers_atom': 2, 'L1_layers_mol': 2, 'L1_dropout': 0.12995726146708256, 'L1_out_dim': 112, 'L2_hidden_dim': 224, 'L2_layers_atom': 1, 'L2_layers_mol': 4, 'L2_out_dim': 96, 'L2_dropout': 0.03182308013761345, 'L3_hidden_dim': 48, 'L3_layers_atom': 3, 'L3_layers_mol': 3, 'L3_out_dim': 128, 'L3_dropout': 0.221430060713413, 'n_mlp_layers': 2, 'mlp_dim_0': 40, 'mlp_dim_1': 512, 'num_heads': 1, 'final_dropout': 0.07926053070231259, 'train_learning_rate': 0.004415123497981948, 'train_lr_reduce': 0.6}. Best is trial 1286 with value: 0.03935658559203148.
[I 2024-12-26 06:38:36,197] Trial 1972 finished with value: 0.0886349081993103 and parameters: {'L1_hidden_dim': 64, 'L1_layers_atom': 3, 'L1_layers_mol': 2, 'L1_dropout': 0.2713949208773005, 'L1_out_dim': 128, 'L2_hidden_dim': 192, 'L2_layers_atom': 2, 'L2_layers_mol': 4, 'L2_out_dim': 48, 'L2_dropout': 0.016325531850130817, 'L3_hidden_dim': 64, 'L3_layers_atom': 3, 'L3_layers_mol': 2, 'L3_out_dim': 112, 'L3_dropout': 0.22920870459952772, 'n_mlp_layers': 3, 'mlp_dim_0': 160, 'mlp_dim_1': 488, 'mlp_dim_2': 152, 'num_heads': 2, 'final_dropout': 0.1512851121227534, 'train_learning_rate': 0.004256358824120915, 'train_lr_reduce': 0.6}. Best is trial 1286 with value: 0.03935658559203148.
[I 2024-12-26 06:39:28,276] Trial 1973 finished with value: 0.06857279688119888 and parameters: {'L1_hidden_dim': 64, 'L1_layers_atom': 1, 'L1_layers_mol': 3, 'L1_dropout': 0.22717945393545466, 'L1_out_dim': 112, 'L2_hidden_dim': 176, 'L2_layers_atom': 1, 'L2_layers_mol': 3, 'L2_out_dim': 96, 'L2_dropout': 0.025879783182688246, 'L3_hidden_dim': 64, 'L3_layers_atom': 4, 'L3_layers_mol': 4, 'L3_out_dim': 64, 'L3_dropout': 0.16012803163601852, 'n_mlp_layers': 2, 'mlp_dim_0': 152, 'mlp_dim_1': 512, 'num_heads': 1, 'final_dropout': 0.0542169759286536, 'train_learning_rate': 0.0007526538863510843, 'train_lr_reduce': 0.6}. Best is trial 1286 with value: 0.03935658559203148.
[I 2024-12-26 06:40:11,826] Trial 1976 finished with value: 0.08627904951572418 and parameters: {'L1_hidden_dim': 64, 'L1_layers_atom': 3, 'L1_layers_mol': 2, 'L1_dropout': 0.07470655103706561, 'L1_out_dim': 32, 'L2_hidden_dim': 176, 'L2_layers_atom': 3, 'L2_layers_mol': 1, 'L2_out_dim': 32, 'L2_dropout': 0.24272920378864404, 'L3_hidden_dim': 96, 'L3_layers_atom': 1, 'L3_layers_mol': 3, 'L3_out_dim': 80, 'L3_dropout': 0.2847747619628029, 'n_mlp_layers': 3, 'mlp_dim_0': 504, 'mlp_dim_1': 512, 'mlp_dim_2': 72, 'num_heads': 2, 'final_dropout': 0.25991351705080684, 'train_learning_rate': 0.006555224969114207, 'train_lr_reduce': 0.6}. Best is trial 1286 with value: 0.03935658559203148.
[I 2024-12-26 06:40:33,502] Trial 1977 finished with value: 0.10858393460512161 and parameters: {'L1_hidden_dim': 112, 'L1_layers_atom': 1, 'L1_layers_mol': 3, 'L1_dropout': 0.03504195159600684, 'L1_out_dim': 32, 'L2_hidden_dim': 160, 'L2_layers_atom': 1, 'L2_layers_mol': 3, 'L2_out_dim': 80, 'L2_dropout': 0.23599773624638276, 'L3_hidden_dim': 80, 'L3_layers_atom': 3, 'L3_layers_mol': 4, 'L3_out_dim': 32, 'L3_dropout': 0.1853997876462991, 'n_mlp_layers': 1, 'mlp_dim_0': 376, 'num_heads': 1, 'final_dropout': 0.08841802012495932, 'train_learning_rate': 0.0012307254198562394, 'train_lr_reduce': 0.6}. Best is trial 1286 with value: 0.03935658559203148.
[I 2024-12-26 06:40:51,103] Trial 1975 finished with value: 0.06340542435646057 and parameters: {'L1_hidden_dim': 64, 'L1_layers_atom': 3, 'L1_layers_mol': 3, 'L1_dropout': 0.17827864875894403, 'L1_out_dim': 112, 'L2_hidden_dim': 208, 'L2_layers_atom': 2, 'L2_layers_mol': 3, 'L2_out_dim': 80, 'L2_dropout': 0.02752045210036723, 'L3_hidden_dim': 64, 'L3_layers_atom': 3, 'L3_layers_mol': 4, 'L3_out_dim': 96, 'L3_dropout': 0.17766395071181224, 'n_mlp_layers': 2, 'mlp_dim_0': 232, 'mlp_dim_1': 472, 'num_heads': 1, 'final_dropout': 0.16765868637450887, 'train_learning_rate': 0.0016539971903255313, 'train_lr_reduce': 0.6}. Best is trial 1286 with value: 0.03935658559203148.
[I 2024-12-26 06:41:17,014] Trial 1978 finished with value: 0.07982635498046875 and parameters: {'L1_hidden_dim': 112, 'L1_layers_atom': 3, 'L1_layers_mol': 4, 'L1_dropout': 0.06399310275742494, 'L1_out_dim': 96, 'L2_hidden_dim': 256, 'L2_layers_atom': 1, 'L2_layers_mol': 3, 'L2_out_dim': 64, 'L2_dropout': 0.15285682526584413, 'L3_hidden_dim': 96, 'L3_layers_atom': 2, 'L3_layers_mol': 3, 'L3_out_dim': 32, 'L3_dropout': 0.13070457140116995, 'n_mlp_layers': 2, 'mlp_dim_0': 128, 'mlp_dim_1': 464, 'num_heads': 1, 'final_dropout': 0.07323459614575785, 'train_learning_rate': 0.0018409089667472426, 'train_lr_reduce': 0.6}. Best is trial 1286 with value: 0.03935658559203148.
[I 2024-12-26 06:42:18,286] Trial 1979 finished with value: 0.12125932425260544 and parameters: {'L1_hidden_dim': 80, 'L1_layers_atom': 3, 'L1_layers_mol': 2, 'L1_dropout': 0.22695900057897214, 'L1_out_dim': 80, 'L2_hidden_dim': 208, 'L2_layers_atom': 1, 'L2_layers_mol': 3, 'L2_out_dim': 64, 'L2_dropout': 0.03834513051347113, 'L3_hidden_dim': 80, 'L3_layers_atom': 2, 'L3_layers_mol': 4, 'L3_out_dim': 128, 'L3_dropout': 0.18612749461738898, 'n_mlp_layers': 2, 'mlp_dim_0': 128, 'mlp_dim_1': 480, 'num_heads': 1, 'final_dropout': 0.027631337975338996, 'train_learning_rate': 0.005784561022172849, 'train_lr_reduce': 0.6}. Best is trial 1286 with value: 0.03935658559203148.
[I 2024-12-26 06:42:19,022] Trial 1980 finished with value: 0.08669222891330719 and parameters: {'L1_hidden_dim': 112, 'L1_layers_atom': 2, 'L1_layers_mol': 2, 'L1_dropout': 0.26131344991782296, 'L1_out_dim': 96, 'L2_hidden_dim': 224, 'L2_layers_atom': 1, 'L2_layers_mol': 4, 'L2_out_dim': 80, 'L2_dropout': 0.08002016688154667, 'L3_hidden_dim': 64, 'L3_layers_atom': 4, 'L3_layers_mol': 2, 'L3_out_dim': 112, 'L3_dropout': 0.250095880892904, 'n_mlp_layers': 2, 'mlp_dim_0': 176, 'mlp_dim_1': 480, 'num_heads': 1, 'final_dropout': 0.1161029832325743, 'train_learning_rate': 0.0020915436054943274, 'train_lr_reduce': 0.6}. Best is trial 1286 with value: 0.03935658559203148.
[I 2024-12-26 06:43:02,257] Trial 1981 finished with value: 0.0627068430185318 and parameters: {'L1_hidden_dim': 64, 'L1_layers_atom': 4, 'L1_layers_mol': 3, 'L1_dropout': 0.19503886473997661, 'L1_out_dim': 48, 'L2_hidden_dim': 256, 'L2_layers_atom': 3, 'L2_layers_mol': 2, 'L2_out_dim': 48, 'L2_dropout': 0.06617475638028253, 'L3_hidden_dim': 64, 'L3_layers_atom': 4, 'L3_layers_mol': 2, 'L3_out_dim': 96, 'L3_dropout': 0.022762328571935008, 'n_mlp_layers': 3, 'mlp_dim_0': 512, 'mlp_dim_1': 512, 'mlp_dim_2': 360, 'num_heads': 1, 'final_dropout': 0.1716242445822228, 'train_learning_rate': 0.0012550300037964225, 'train_lr_reduce': 0.6}. Best is trial 1286 with value: 0.03935658559203148.
[I 2024-12-26 06:43:21,645] Trial 1983 finished with value: 0.07263476401567459 and parameters: {'L1_hidden_dim': 64, 'L1_layers_atom': 2, 'L1_layers_mol': 1, 'L1_dropout': 0.2084619196806615, 'L1_out_dim': 80, 'L2_hidden_dim': 192, 'L2_layers_atom': 1, 'L2_layers_mol': 2, 'L2_out_dim': 64, 'L2_dropout': 0.07652821789147925, 'L3_hidden_dim': 80, 'L3_layers_atom': 3, 'L3_layers_mol': 3, 'L3_out_dim': 80, 'L3_dropout': 0.19214997759234992, 'n_mlp_layers': 2, 'mlp_dim_0': 72, 'mlp_dim_1': 512, 'num_heads': 1, 'final_dropout': 0.13975363412128455, 'train_learning_rate': 0.0016024584366025852, 'train_lr_reduce': 0.6}. Best is trial 1286 with value: 0.03935658559203148.
[I 2024-12-26 06:43:44,834] Trial 1982 finished with value: 0.08761393278837204 and parameters: {'L1_hidden_dim': 96, 'L1_layers_atom': 2, 'L1_layers_mol': 2, 'L1_dropout': 0.1662581757111123, 'L1_out_dim': 112, 'L2_hidden_dim': 144, 'L2_layers_atom': 1, 'L2_layers_mol': 2, 'L2_out_dim': 48, 'L2_dropout': 0.0784433692817637, 'L3_hidden_dim': 64, 'L3_layers_atom': 3, 'L3_layers_mol': 3, 'L3_out_dim': 128, 'L3_dropout': 0.18748496911313386, 'n_mlp_layers': 2, 'mlp_dim_0': 160, 'mlp_dim_1': 472, 'num_heads': 1, 'final_dropout': 0.20549874129108844, 'train_learning_rate': 0.005300309445968223, 'train_lr_reduce': 0.6}. Best is trial 1286 with value: 0.03935658559203148.
[I 2024-12-26 06:44:22,122] Trial 1986 finished with value: 0.6170603036880493 and parameters: {'L1_hidden_dim': 128, 'L1_layers_atom': 1, 'L1_layers_mol': 1, 'L1_dropout': 0.2353184011005006, 'L1_out_dim': 112, 'L2_hidden_dim': 224, 'L2_layers_atom': 4, 'L2_layers_mol': 4, 'L2_out_dim': 128, 'L2_dropout': 0.0022396893882653188, 'L3_hidden_dim': 96, 'L3_layers_atom': 4, 'L3_layers_mol': 1, 'L3_out_dim': 128, 'L3_dropout': 0.13763480675159995, 'n_mlp_layers': 3, 'mlp_dim_0': 456, 'mlp_dim_1': 472, 'mlp_dim_2': 184, 'num_heads': 1, 'final_dropout': 0.08569508435620277, 'train_learning_rate': 0.001889188211547221, 'train_lr_reduce': 0.6}. Best is trial 1286 with value: 0.03935658559203148.
[I 2024-12-26 06:44:39,697] Trial 1987 finished with value: 1.0703870058059692 and parameters: {'L1_hidden_dim': 64, 'L1_layers_atom': 1, 'L1_layers_mol': 4, 'L1_dropout': 0.08830782501596385, 'L1_out_dim': 96, 'L2_hidden_dim': 144, 'L2_layers_atom': 2, 'L2_layers_mol': 3, 'L2_out_dim': 112, 'L2_dropout': 0.09589221324025504, 'L3_hidden_dim': 128, 'L3_layers_atom': 3, 'L3_layers_mol': 1, 'L3_out_dim': 128, 'L3_dropout': 0.03886414487852914, 'n_mlp_layers': 2, 'mlp_dim_0': 392, 'mlp_dim_1': 472, 'num_heads': 1, 'final_dropout': 0.12812869761146667, 'train_learning_rate': 0.0006610919769167534, 'train_lr_reduce': 0.6}. Best is trial 1286 with value: 0.03935658559203148.
[I 2024-12-26 06:44:49,825] Trial 1985 finished with value: 0.07172183692455292 and parameters: {'L1_hidden_dim': 80, 'L1_layers_atom': 2, 'L1_layers_mol': 2, 'L1_dropout': 0.2044910875250128, 'L1_out_dim': 48, 'L2_hidden_dim': 144, 'L2_layers_atom': 2, 'L2_layers_mol': 1, 'L2_out_dim': 128, 'L2_dropout': 0.0030527979223407345, 'L3_hidden_dim': 128, 'L3_layers_atom': 4, 'L3_layers_mol': 1, 'L3_out_dim': 128, 'L3_dropout': 0.033196814470422345, 'n_mlp_layers': 3, 'mlp_dim_0': 336, 'mlp_dim_1': 472, 'mlp_dim_2': 112, 'num_heads': 1, 'final_dropout': 0.043466230957916206, 'train_learning_rate': 0.00047713979951285166, 'train_lr_reduce': 0.6}. Best is trial 1286 with value: 0.03935658559203148.
[I 2024-12-26 06:44:52,137] Trial 1984 finished with value: 0.09849637746810913 and parameters: {'L1_hidden_dim': 128, 'L1_layers_atom': 2, 'L1_layers_mol': 3, 'L1_dropout': 0.07549277485674433, 'L1_out_dim': 80, 'L2_hidden_dim': 256, 'L2_layers_atom': 4, 'L2_layers_mol': 3, 'L2_out_dim': 96, 'L2_dropout': 0.05604485914489907, 'L3_hidden_dim': 64, 'L3_layers_atom': 1, 'L3_layers_mol': 4, 'L3_out_dim': 48, 'L3_dropout': 0.211941883986352, 'n_mlp_layers': 3, 'mlp_dim_0': 472, 'mlp_dim_1': 512, 'mlp_dim_2': 288, 'num_heads': 1, 'final_dropout': 0.21743770234955384, 'train_learning_rate': 0.002090488334108007, 'train_lr_reduce': 0.6}. Best is trial 1286 with value: 0.03935658559203148.
[I 2024-12-26 06:45:30,116] Trial 1988 finished with value: 0.08078686147928238 and parameters: {'L1_hidden_dim': 144, 'L1_layers_atom': 2, 'L1_layers_mol': 2, 'L1_dropout': 0.19367480078924248, 'L1_out_dim': 96, 'L2_hidden_dim': 224, 'L2_layers_atom': 1, 'L2_layers_mol': 2, 'L2_out_dim': 64, 'L2_dropout': 0.03409216195214222, 'L3_hidden_dim': 32, 'L3_layers_atom': 3, 'L3_layers_mol': 3, 'L3_out_dim': 112, 'L3_dropout': 0.17945156701867232, 'n_mlp_layers': 3, 'mlp_dim_0': 72, 'mlp_dim_1': 464, 'mlp_dim_2': 72, 'num_heads': 1, 'final_dropout': 0.19183104228736386, 'train_learning_rate': 0.002049246458668849, 'train_lr_reduce': 0.6}. Best is trial 1286 with value: 0.03935658559203148.
[I 2024-12-26 06:46:24,557] Trial 1989 finished with value: 0.07923604547977448 and parameters: {'L1_hidden_dim': 112, 'L1_layers_atom': 3, 'L1_layers_mol': 1, 'L1_dropout': 0.18535441637677386, 'L1_out_dim': 128, 'L2_hidden_dim': 224, 'L2_layers_atom': 2, 'L2_layers_mol': 3, 'L2_out_dim': 64, 'L2_dropout': 0.05436615010661444, 'L3_hidden_dim': 80, 'L3_layers_atom': 3, 'L3_layers_mol': 3, 'L3_out_dim': 112, 'L3_dropout': 0.2576939709515367, 'n_mlp_layers': 2, 'mlp_dim_0': 80, 'mlp_dim_1': 456, 'num_heads': 1, 'final_dropout': 0.08514699483598381, 'train_learning_rate': 0.002756830736101321, 'train_lr_reduce': 0.6}. Best is trial 1286 with value: 0.03935658559203148.
[I 2024-12-26 06:46:56,476] Trial 1990 finished with value: 0.08136051893234253 and parameters: {'L1_hidden_dim': 112, 'L1_layers_atom': 2, 'L1_layers_mol': 2, 'L1_dropout': 0.23954799270851704, 'L1_out_dim': 80, 'L2_hidden_dim': 240, 'L2_layers_atom': 2, 'L2_layers_mol': 2, 'L2_out_dim': 80, 'L2_dropout': 0.0887315194964773, 'L3_hidden_dim': 64, 'L3_layers_atom': 3, 'L3_layers_mol': 3, 'L3_out_dim': 112, 'L3_dropout': 0.27921799007452586, 'n_mlp_layers': 2, 'mlp_dim_0': 168, 'mlp_dim_1': 232, 'num_heads': 1, 'final_dropout': 0.07811641243550405, 'train_learning_rate': 0.0033346014963934567, 'train_lr_reduce': 0.6}. Best is trial 1286 with value: 0.03935658559203148.
[I 2024-12-26 06:47:09,785] Trial 1991 finished with value: 0.06475228816270828 and parameters: {'L1_hidden_dim': 64, 'L1_layers_atom': 3, 'L1_layers_mol': 4, 'L1_dropout': 0.2697142910891846, 'L1_out_dim': 96, 'L2_hidden_dim': 224, 'L2_layers_atom': 3, 'L2_layers_mol': 3, 'L2_out_dim': 128, 'L2_dropout': 0.08062058478726651, 'L3_hidden_dim': 112, 'L3_layers_atom': 4, 'L3_layers_mol': 1, 'L3_out_dim': 112, 'L3_dropout': 0.10213288729106475, 'n_mlp_layers': 3, 'mlp_dim_0': 352, 'mlp_dim_1': 472, 'mlp_dim_2': 112, 'num_heads': 2, 'final_dropout': 0.19124391139878963, 'train_learning_rate': 0.000896059797107193, 'train_lr_reduce': 0.6}. Best is trial 1286 with value: 0.03935658559203148.
[I 2024-12-26 06:47:15,059] Trial 1992 finished with value: 0.11805516481399536 and parameters: {'L1_hidden_dim': 224, 'L1_layers_atom': 1, 'L1_layers_mol': 3, 'L1_dropout': 0.015853645726464916, 'L1_out_dim': 64, 'L2_hidden_dim': 64, 'L2_layers_atom': 4, 'L2_layers_mol': 2, 'L2_out_dim': 32, 'L2_dropout': 0.21962573995121326, 'L3_hidden_dim': 96, 'L3_layers_atom': 4, 'L3_layers_mol': 3, 'L3_out_dim': 96, 'L3_dropout': 0.14854342280992947, 'n_mlp_layers': 2, 'mlp_dim_0': 112, 'mlp_dim_1': 456, 'num_heads': 1, 'final_dropout': 0.12642194283043187, 'train_learning_rate': 0.009201199462825911, 'train_lr_reduce': 0.6}. Best is trial 1286 with value: 0.03935658559203148.
[I 2024-12-26 06:48:47,565] Trial 1994 finished with value: 0.4266532361507416 and parameters: {'L1_hidden_dim': 176, 'L1_layers_atom': 1, 'L1_layers_mol': 4, 'L1_dropout': 0.2526227644728137, 'L1_out_dim': 112, 'L2_hidden_dim': 256, 'L2_layers_atom': 4, 'L2_layers_mol': 4, 'L2_out_dim': 112, 'L2_dropout': 0.1461371832172022, 'L3_hidden_dim': 128, 'L3_layers_atom': 1, 'L3_layers_mol': 2, 'L3_out_dim': 48, 'L3_dropout': 0.12685791500629584, 'n_mlp_layers': 1, 'mlp_dim_0': 160, 'num_heads': 2, 'final_dropout': 0.18718900320258253, 'train_learning_rate': 0.00021912995335745557, 'train_lr_reduce': 0.6}. Best is trial 1286 with value: 0.03935658559203148.
