[I 2024-12-19 08:29:38,622] Trial 1559 finished with value: 1.3254808187484741 and parameters: {'mlp_n_layers': 2, 'mlp_dim_00': 166, 'mlp_dim_01': 249, 'node_hidden_dim': 126, 'edge_hidden_dim': 34, 'depth': 3, 'rep_dropout': 0.09390859924503872, 'train_learning_rate': 0.005339000220478814, 'train_lr_reduce': 0.6}. Best is trial 1483 with value: 0.2768918573856354.
[I 2024-12-19 08:29:42,385] Trial 1562 finished with value: 1.3212023973464966 and parameters: {'mlp_n_layers': 2, 'mlp_dim_00': 159, 'mlp_dim_01': 176, 'node_hidden_dim': 125, 'edge_hidden_dim': 36, 'depth': 2, 'rep_dropout': 0.052246804754237444, 'train_learning_rate': 0.003588134946871687, 'train_lr_reduce': 0.6}. Best is trial 1483 with value: 0.2768918573856354.
[I 2024-12-19 08:29:42,655] Trial 1561 finished with value: 1.333681344985962 and parameters: {'mlp_n_layers': 2, 'mlp_dim_00': 101, 'mlp_dim_01': 123, 'node_hidden_dim': 99, 'edge_hidden_dim': 62, 'depth': 3, 'rep_dropout': 0.08169889380809828, 'train_learning_rate': 0.006742097198051166, 'train_lr_reduce': 0.6}. Best is trial 1483 with value: 0.2768918573856354.
[I 2024-12-19 08:29:46,652] Trial 1564 finished with value: 1.3760915994644165 and parameters: {'mlp_n_layers': 2, 'mlp_dim_00': 220, 'mlp_dim_01': 196, 'node_hidden_dim': 96, 'edge_hidden_dim': 65, 'depth': 2, 'rep_dropout': 0.10843258159769226, 'train_learning_rate': 0.0029402451653188157, 'train_lr_reduce': 0.6}. Best is trial 1483 with value: 0.2768918573856354.
[I 2024-12-19 08:29:47,105] Trial 1563 finished with value: 1.295168161392212 and parameters: {'mlp_n_layers': 2, 'mlp_dim_00': 191, 'mlp_dim_01': 209, 'node_hidden_dim': 106, 'edge_hidden_dim': 67, 'depth': 2, 'rep_dropout': 0.04936949621015322, 'train_learning_rate': 0.00991715753310212, 'train_lr_reduce': 0.6}. Best is trial 1483 with value: 0.2768918573856354.
[I 2024-12-19 08:29:51,289] Trial 1565 finished with value: 1.4926587343215942 and parameters: {'mlp_n_layers': 2, 'mlp_dim_00': 261, 'mlp_dim_01': 216, 'node_hidden_dim': 127, 'edge_hidden_dim': 46, 'depth': 2, 'rep_dropout': 0.031814257565789504, 'train_learning_rate': 0.003377521567935366, 'train_lr_reduce': 0.6}. Best is trial 1483 with value: 0.2768918573856354.
[I 2024-12-19 08:29:51,842] Trial 1566 finished with value: 1.2935088872909546 and parameters: {'mlp_n_layers': 4, 'mlp_dim_00': 446, 'mlp_dim_01': 456, 'mlp_dim_02': 449, 'mlp_dim_03': 106, 'node_hidden_dim': 90, 'edge_hidden_dim': 126, 'depth': 3, 'rep_dropout': 0.19416114437829607, 'train_learning_rate': 0.0037689329223350204, 'train_lr_reduce': 0.6}. Best is trial 1483 with value: 0.2768918573856354.
[I 2024-12-19 08:29:52,992] Trial 1560 finished with value: 0.34762802720069885 and parameters: {'mlp_n_layers': 2, 'mlp_dim_00': 135, 'mlp_dim_01': 178, 'node_hidden_dim': 117, 'edge_hidden_dim': 61, 'depth': 2, 'rep_dropout': 0.06835286943338631, 'train_learning_rate': 0.00707251716743101, 'train_lr_reduce': 0.6}. Best is trial 1483 with value: 0.2768918573856354.
[I 2024-12-19 08:29:55,792] Trial 1568 finished with value: 1.3128478527069092 and parameters: {'mlp_n_layers': 2, 'mlp_dim_00': 171, 'mlp_dim_01': 281, 'node_hidden_dim': 91, 'edge_hidden_dim': 78, 'depth': 2, 'rep_dropout': 0.0960818413828574, 'train_learning_rate': 0.007728427529235748, 'train_lr_reduce': 0.6}. Best is trial 1483 with value: 0.2768918573856354.
[I 2024-12-19 08:29:56,072] Trial 1567 finished with value: 1.4411531686782837 and parameters: {'mlp_n_layers': 2, 'mlp_dim_00': 200, 'mlp_dim_01': 248, 'node_hidden_dim': 101, 'edge_hidden_dim': 55, 'depth': 2, 'rep_dropout': 0.10094152545467519, 'train_learning_rate': 0.005947690702642173, 'train_lr_reduce': 0.6}. Best is trial 1483 with value: 0.2768918573856354.
[I 2024-12-19 08:29:57,676] Trial 1569 finished with value: 1.5070600509643555 and parameters: {'mlp_n_layers': 2, 'mlp_dim_00': 79, 'mlp_dim_01': 185, 'node_hidden_dim': 117, 'edge_hidden_dim': 48, 'depth': 2, 'rep_dropout': 0.09767847391847978, 'train_learning_rate': 0.0032023101132268826, 'train_lr_reduce': 0.6}. Best is trial 1483 with value: 0.2768918573856354.
[I 2024-12-19 08:29:59,692] Trial 1570 finished with value: 1.3999377489089966 and parameters: {'mlp_n_layers': 2, 'mlp_dim_00': 123, 'mlp_dim_01': 163, 'node_hidden_dim': 119, 'edge_hidden_dim': 63, 'depth': 2, 'rep_dropout': 0.041594305312197516, 'train_learning_rate': 0.005181861161527046, 'train_lr_reduce': 0.6}. Best is trial 1483 with value: 0.2768918573856354.
[I 2024-12-19 08:30:00,696] Trial 1571 finished with value: 1.5771077871322632 and parameters: {'mlp_n_layers': 2, 'mlp_dim_00': 273, 'mlp_dim_01': 399, 'node_hidden_dim': 74, 'edge_hidden_dim': 33, 'depth': 4, 'rep_dropout': 0.24915159570753886, 'train_learning_rate': 0.0002110803535943499, 'train_lr_reduce': 0.6}. Best is trial 1483 with value: 0.2768918573856354.
[I 2024-12-19 08:30:02,699] Trial 1572 finished with value: 1.4597140550613403 and parameters: {'mlp_n_layers': 2, 'mlp_dim_00': 308, 'mlp_dim_01': 74, 'node_hidden_dim': 105, 'edge_hidden_dim': 50, 'depth': 3, 'rep_dropout': 0.003043336059877871, 'train_learning_rate': 0.008331194093894892, 'train_lr_reduce': 0.6}. Best is trial 1483 with value: 0.2768918573856354.
[I 2024-12-19 08:30:05,076] Trial 1574 finished with value: 1.3105406761169434 and parameters: {'mlp_n_layers': 2, 'mlp_dim_00': 132, 'mlp_dim_01': 171, 'node_hidden_dim': 119, 'edge_hidden_dim': 51, 'depth': 2, 'rep_dropout': 0.10582222911192686, 'train_learning_rate': 0.0044664222840411745, 'train_lr_reduce': 0.6}. Best is trial 1483 with value: 0.2768918573856354.
[I 2024-12-19 08:30:05,080] Trial 1573 finished with value: 1.5814428329467773 and parameters: {'mlp_n_layers': 3, 'mlp_dim_00': 232, 'mlp_dim_01': 72, 'mlp_dim_02': 464, 'node_hidden_dim': 37, 'edge_hidden_dim': 74, 'depth': 4, 'rep_dropout': 0.13141731265428894, 'train_learning_rate': 0.00021741228020747338, 'train_lr_reduce': 0.6}. Best is trial 1483 with value: 0.2768918573856354.
[I 2024-12-19 08:30:06,959] Trial 1575 finished with value: 1.2835332155227661 and parameters: {'mlp_n_layers': 2, 'mlp_dim_00': 251, 'mlp_dim_01': 67, 'node_hidden_dim': 120, 'edge_hidden_dim': 52, 'depth': 2, 'rep_dropout': 0.04491641288768079, 'train_learning_rate': 0.006151593953907083, 'train_lr_reduce': 0.6}. Best is trial 1483 with value: 0.2768918573856354.
[I 2024-12-19 08:30:09,506] Trial 1577 finished with value: 1.3091017007827759 and parameters: {'mlp_n_layers': 2, 'mlp_dim_00': 155, 'mlp_dim_01': 161, 'node_hidden_dim': 95, 'edge_hidden_dim': 76, 'depth': 2, 'rep_dropout': 0.10944905107153463, 'train_learning_rate': 0.004659636192735174, 'train_lr_reduce': 0.6}. Best is trial 1483 with value: 0.2768918573856354.
[I 2024-12-19 08:30:11,154] Trial 1578 finished with value: 1.2951112985610962 and parameters: {'mlp_n_layers': 2, 'mlp_dim_00': 210, 'mlp_dim_01': 199, 'node_hidden_dim': 114, 'edge_hidden_dim': 63, 'depth': 2, 'rep_dropout': 0.06165939965813225, 'train_learning_rate': 0.009517236772411017, 'train_lr_reduce': 0.6}. Best is trial 1483 with value: 0.2768918573856354.
[I 2024-12-19 08:30:13,948] Trial 1579 finished with value: 1.4289532899856567 and parameters: {'mlp_n_layers': 3, 'mlp_dim_00': 319, 'mlp_dim_01': 373, 'mlp_dim_02': 423, 'node_hidden_dim': 107, 'edge_hidden_dim': 55, 'depth': 2, 'rep_dropout': 0.05330107892358946, 'train_learning_rate': 0.001886377032295643, 'train_lr_reduce': 0.6}. Best is trial 1483 with value: 0.2768918573856354.
[I 2024-12-19 08:30:16,108] Trial 1580 finished with value: 1.28916597366333 and parameters: {'mlp_n_layers': 2, 'mlp_dim_00': 218, 'mlp_dim_01': 210, 'node_hidden_dim': 125, 'edge_hidden_dim': 43, 'depth': 3, 'rep_dropout': 0.03527261628390979, 'train_learning_rate': 0.005460481101354749, 'train_lr_reduce': 0.6}. Best is trial 1483 with value: 0.2768918573856354.
[I 2024-12-19 08:30:18,193] Trial 1581 finished with value: 1.3573408126831055 and parameters: {'mlp_n_layers': 2, 'mlp_dim_00': 267, 'mlp_dim_01': 234, 'node_hidden_dim': 89, 'edge_hidden_dim': 46, 'depth': 2, 'rep_dropout': 0.1438008439424775, 'train_learning_rate': 0.006435925254552468, 'train_lr_reduce': 0.6}. Best is trial 1483 with value: 0.2768918573856354.
[I 2024-12-19 08:30:18,811] Trial 1576 finished with value: 0.3629387319087982 and parameters: {'mlp_n_layers': 3, 'mlp_dim_00': 296, 'mlp_dim_01': 66, 'mlp_dim_02': 429, 'node_hidden_dim': 105, 'edge_hidden_dim': 35, 'depth': 2, 'rep_dropout': 0.009484134742272811, 'train_learning_rate': 0.009062557225716215, 'train_lr_reduce': 0.6}. Best is trial 1483 with value: 0.2768918573856354.
[I 2024-12-19 08:30:23,068] Trial 1584 finished with value: 1.3244528770446777 and parameters: {'mlp_n_layers': 3, 'mlp_dim_00': 211, 'mlp_dim_01': 154, 'mlp_dim_02': 425, 'node_hidden_dim': 92, 'edge_hidden_dim': 69, 'depth': 2, 'rep_dropout': 0.09599939588870729, 'train_learning_rate': 0.006788779960654637, 'train_lr_reduce': 0.6}. Best is trial 1483 with value: 0.2768918573856354.
[I 2024-12-19 08:30:24,067] Trial 1582 finished with value: 1.22954523563385 and parameters: {'mlp_n_layers': 2, 'mlp_dim_00': 259, 'mlp_dim_01': 293, 'node_hidden_dim': 128, 'edge_hidden_dim': 71, 'depth': 3, 'rep_dropout': 0.013574529165396806, 'train_learning_rate': 0.009524688481971499, 'train_lr_reduce': 0.6}. Best is trial 1483 with value: 0.2768918573856354.
[I 2024-12-19 08:30:26,329] Trial 1583 finished with value: 1.40753972530365 and parameters: {'mlp_n_layers': 4, 'mlp_dim_00': 305, 'mlp_dim_01': 346, 'mlp_dim_02': 435, 'mlp_dim_03': 106, 'node_hidden_dim': 48, 'edge_hidden_dim': 73, 'depth': 4, 'rep_dropout': 0.19206305927970724, 'train_learning_rate': 0.0023280167601228787, 'train_lr_reduce': 0.6}. Best is trial 1483 with value: 0.2768918573856354.
[I 2024-12-19 08:30:28,686] Trial 1586 finished with value: 1.4995969533920288 and parameters: {'mlp_n_layers': 4, 'mlp_dim_00': 147, 'mlp_dim_01': 195, 'mlp_dim_02': 430, 'mlp_dim_03': 104, 'node_hidden_dim': 49, 'edge_hidden_dim': 66, 'depth': 2, 'rep_dropout': 0.2300704531404357, 'train_learning_rate': 0.00024215677297305057, 'train_lr_reduce': 0.6}. Best is trial 1483 with value: 0.2768918573856354.
[I 2024-12-19 08:30:34,016] Trial 1588 finished with value: 1.3260304927825928 and parameters: {'mlp_n_layers': 3, 'mlp_dim_00': 485, 'mlp_dim_01': 472, 'mlp_dim_02': 426, 'node_hidden_dim': 87, 'edge_hidden_dim': 69, 'depth': 2, 'rep_dropout': 0.037934666156132016, 'train_learning_rate': 0.003700593071191449, 'train_lr_reduce': 0.6}. Best is trial 1483 with value: 0.2768918573856354.
[I 2024-12-19 08:30:38,097] Trial 1585 finished with value: 0.4060731530189514 and parameters: {'mlp_n_layers': 2, 'mlp_dim_00': 164, 'mlp_dim_01': 81, 'node_hidden_dim': 112, 'edge_hidden_dim': 60, 'depth': 2, 'rep_dropout': 0.08886677935653403, 'train_learning_rate': 0.007530810141339286, 'train_lr_reduce': 0.6}. Best is trial 1483 with value: 0.2768918573856354.
[I 2024-12-19 08:30:39,028] Trial 1589 finished with value: 1.3794574737548828 and parameters: {'mlp_n_layers': 3, 'mlp_dim_00': 269, 'mlp_dim_01': 93, 'mlp_dim_02': 454, 'node_hidden_dim': 113, 'edge_hidden_dim': 37, 'depth': 2, 'rep_dropout': 0.007203042740719326, 'train_learning_rate': 0.009381097019911994, 'train_lr_reduce': 0.6}. Best is trial 1483 with value: 0.2768918573856354.
[I 2024-12-19 08:30:41,816] Trial 1587 finished with value: 0.4013073742389679 and parameters: {'mlp_n_layers': 4, 'mlp_dim_00': 311, 'mlp_dim_01': 122, 'mlp_dim_02': 424, 'mlp_dim_03': 67, 'node_hidden_dim': 95, 'edge_hidden_dim': 41, 'depth': 2, 'rep_dropout': 0.02907716577374633, 'train_learning_rate': 0.004472234378972698, 'train_lr_reduce': 0.6}. Best is trial 1483 with value: 0.2768918573856354.
[I 2024-12-19 08:30:43,086] Trial 1590 finished with value: 1.4730172157287598 and parameters: {'mlp_n_layers': 2, 'mlp_dim_00': 139, 'mlp_dim_01': 354, 'node_hidden_dim': 95, 'edge_hidden_dim': 54, 'depth': 2, 'rep_dropout': 0.0824729712871865, 'train_learning_rate': 0.0024782009299542333, 'train_lr_reduce': 0.6}. Best is trial 1483 with value: 0.2768918573856354.
[I 2024-12-19 08:30:45,302] Trial 1591 finished with value: 1.5287996530532837 and parameters: {'mlp_n_layers': 2, 'mlp_dim_00': 215, 'mlp_dim_01': 179, 'node_hidden_dim': 122, 'edge_hidden_dim': 62, 'depth': 2, 'rep_dropout': 0.009989568302656932, 'train_learning_rate': 0.009646224950827557, 'train_lr_reduce': 0.6}. Best is trial 1483 with value: 0.2768918573856354.
[I 2024-12-19 08:30:46,293] Trial 1592 finished with value: 1.289143443107605 and parameters: {'mlp_n_layers': 2, 'mlp_dim_00': 123, 'mlp_dim_01': 186, 'node_hidden_dim': 98, 'edge_hidden_dim': 46, 'depth': 3, 'rep_dropout': 0.11655011412150254, 'train_learning_rate': 0.008011715101284114, 'train_lr_reduce': 0.6}. Best is trial 1483 with value: 0.2768918573856354.
[I 2024-12-19 08:30:47,757] Trial 1593 finished with value: 1.4757112264633179 and parameters: {'mlp_n_layers': 3, 'mlp_dim_00': 378, 'mlp_dim_01': 75, 'mlp_dim_02': 450, 'node_hidden_dim': 89, 'edge_hidden_dim': 45, 'depth': 2, 'rep_dropout': 0.05231759410868588, 'train_learning_rate': 0.008171977393703022, 'train_lr_reduce': 0.6}. Best is trial 1483 with value: 0.2768918573856354.
[I 2024-12-19 08:30:51,655] Trial 1596 finished with value: 1.3148335218429565 and parameters: {'mlp_n_layers': 2, 'mlp_dim_00': 134, 'mlp_dim_01': 217, 'node_hidden_dim': 97, 'edge_hidden_dim': 58, 'depth': 2, 'rep_dropout': 0.09892754898755114, 'train_learning_rate': 0.008300518555477593, 'train_lr_reduce': 0.6}. Best is trial 1483 with value: 0.2768918573856354.
[I 2024-12-19 08:30:55,434] Trial 1594 finished with value: 0.3589920401573181 and parameters: {'mlp_n_layers': 2, 'mlp_dim_00': 190, 'mlp_dim_01': 290, 'node_hidden_dim': 118, 'edge_hidden_dim': 77, 'depth': 2, 'rep_dropout': 0.12100040829817506, 'train_learning_rate': 0.009657109060233588, 'train_lr_reduce': 0.6}. Best is trial 1483 with value: 0.2768918573856354.
[I 2024-12-19 08:30:59,995] Trial 1595 finished with value: 0.4210229516029358 and parameters: {'mlp_n_layers': 2, 'mlp_dim_00': 219, 'mlp_dim_01': 128, 'node_hidden_dim': 120, 'edge_hidden_dim': 43, 'depth': 2, 'rep_dropout': 0.04027015958568077, 'train_learning_rate': 0.009974653026572288, 'train_lr_reduce': 0.6}. Best is trial 1483 with value: 0.2768918573856354.
[I 2024-12-19 08:31:03,926] Trial 1597 finished with value: 0.5503591299057007 and parameters: {'mlp_n_layers': 2, 'mlp_dim_00': 153, 'mlp_dim_01': 75, 'node_hidden_dim': 116, 'edge_hidden_dim': 89, 'depth': 2, 'rep_dropout': 0.0025116546157598705, 'train_learning_rate': 0.004876117405021446, 'train_lr_reduce': 0.6}. Best is trial 1483 with value: 0.2768918573856354.
[I 2024-12-19 08:31:09,146] Trial 1600 finished with value: 1.3155640363693237 and parameters: {'mlp_n_layers': 3, 'mlp_dim_00': 207, 'mlp_dim_01': 124, 'mlp_dim_02': 410, 'node_hidden_dim': 97, 'edge_hidden_dim': 33, 'depth': 2, 'rep_dropout': 0.05269070529433129, 'train_learning_rate': 0.00817016208795234, 'train_lr_reduce': 0.6}. Best is trial 1483 with value: 0.2768918573856354.
[I 2024-12-19 08:31:10,387] Trial 1598 finished with value: 0.4614918529987335 and parameters: {'mlp_n_layers': 2, 'mlp_dim_00': 145, 'mlp_dim_01': 291, 'node_hidden_dim': 124, 'edge_hidden_dim': 84, 'depth': 2, 'rep_dropout': 0.1448995240645753, 'train_learning_rate': 0.009578189969927464, 'train_lr_reduce': 0.6}. Best is trial 1483 with value: 0.2768918573856354.
[I 2024-12-19 08:31:13,705] Trial 1601 finished with value: 1.5058107376098633 and parameters: {'mlp_n_layers': 3, 'mlp_dim_00': 451, 'mlp_dim_01': 195, 'mlp_dim_02': 425, 'node_hidden_dim': 128, 'edge_hidden_dim': 42, 'depth': 3, 'rep_dropout': 0.14949973855022722, 'train_learning_rate': 0.001409906297096338, 'train_lr_reduce': 0.6}. Best is trial 1483 with value: 0.2768918573856354.
[I 2024-12-19 08:31:13,987] Trial 1599 finished with value: 0.43327632546424866 and parameters: {'mlp_n_layers': 2, 'mlp_dim_00': 173, 'mlp_dim_01': 299, 'node_hidden_dim': 102, 'edge_hidden_dim': 32, 'depth': 2, 'rep_dropout': 0.12211704871486574, 'train_learning_rate': 0.00975770642827194, 'train_lr_reduce': 0.6}. Best is trial 1483 with value: 0.2768918573856354.
[I 2024-12-19 08:31:14,930] Trial 1602 finished with value: 1.283937692642212 and parameters: {'mlp_n_layers': 2, 'mlp_dim_00': 180, 'mlp_dim_01': 181, 'node_hidden_dim': 127, 'edge_hidden_dim': 56, 'depth': 2, 'rep_dropout': 0.1067453461989916, 'train_learning_rate': 0.007608506806907984, 'train_lr_reduce': 0.6}. Best is trial 1483 with value: 0.2768918573856354.
[I 2024-12-19 08:31:19,134] Trial 1604 finished with value: 1.4486730098724365 and parameters: {'mlp_n_layers': 2, 'mlp_dim_00': 203, 'mlp_dim_01': 250, 'node_hidden_dim': 114, 'edge_hidden_dim': 68, 'depth': 2, 'rep_dropout': 0.1018135504545882, 'train_learning_rate': 0.008515256691817387, 'train_lr_reduce': 0.6}. Best is trial 1483 with value: 0.2768918573856354.
[I 2024-12-19 08:31:23,202] Trial 1606 finished with value: 1.457879900932312 and parameters: {'mlp_n_layers': 3, 'mlp_dim_00': 206, 'mlp_dim_01': 181, 'mlp_dim_02': 461, 'node_hidden_dim': 123, 'edge_hidden_dim': 82, 'depth': 2, 'rep_dropout': 0.12203506377500062, 'train_learning_rate': 0.0021839408662898026, 'train_lr_reduce': 0.6}. Best is trial 1483 with value: 0.2768918573856354.
[I 2024-12-19 08:31:24,739] Trial 1603 finished with value: 0.3825475871562958 and parameters: {'mlp_n_layers': 2, 'mlp_dim_00': 137, 'mlp_dim_01': 180, 'node_hidden_dim': 99, 'edge_hidden_dim': 79, 'depth': 2, 'rep_dropout': 0.057475349526557064, 'train_learning_rate': 0.008284137494124304, 'train_lr_reduce': 0.6}. Best is trial 1483 with value: 0.2768918573856354.
[I 2024-12-19 08:31:28,957] Trial 1605 finished with value: 0.34082579612731934 and parameters: {'mlp_n_layers': 2, 'mlp_dim_00': 301, 'mlp_dim_01': 152, 'node_hidden_dim': 97, 'edge_hidden_dim': 37, 'depth': 2, 'rep_dropout': 0.10573207627494205, 'train_learning_rate': 0.009471261893084414, 'train_lr_reduce': 0.6}. Best is trial 1483 with value: 0.2768918573856354.
[I 2024-12-19 08:31:28,961] Trial 1608 finished with value: 1.411394715309143 and parameters: {'mlp_n_layers': 2, 'mlp_dim_00': 231, 'mlp_dim_01': 226, 'node_hidden_dim': 100, 'edge_hidden_dim': 39, 'depth': 3, 'rep_dropout': 0.07438643980448786, 'train_learning_rate': 0.007014949385688445, 'train_lr_reduce': 0.6}. Best is trial 1483 with value: 0.2768918573856354.
[I 2024-12-19 08:31:33,103] Trial 1610 finished with value: 1.3060094118118286 and parameters: {'mlp_n_layers': 2, 'mlp_dim_00': 487, 'mlp_dim_01': 354, 'node_hidden_dim': 39, 'edge_hidden_dim': 48, 'depth': 2, 'rep_dropout': 0.057278398967567534, 'train_learning_rate': 0.009801406064390488, 'train_lr_reduce': 0.6}. Best is trial 1483 with value: 0.2768918573856354.
[I 2024-12-19 08:31:33,483] Trial 1609 finished with value: 1.3749397993087769 and parameters: {'mlp_n_layers': 2, 'mlp_dim_00': 315, 'mlp_dim_01': 221, 'node_hidden_dim': 108, 'edge_hidden_dim': 59, 'depth': 2, 'rep_dropout': 0.09265889147917547, 'train_learning_rate': 0.007579067714394008, 'train_lr_reduce': 0.6}. Best is trial 1483 with value: 0.2768918573856354.
[I 2024-12-19 08:31:37,324] Trial 1607 finished with value: 0.645450234413147 and parameters: {'mlp_n_layers': 2, 'mlp_dim_00': 276, 'mlp_dim_01': 205, 'node_hidden_dim': 122, 'edge_hidden_dim': 47, 'depth': 2, 'rep_dropout': 0.020561668626983373, 'train_learning_rate': 0.008870967762115442, 'train_lr_reduce': 0.6}. Best is trial 1483 with value: 0.2768918573856354.
[I 2024-12-19 08:31:37,878] Trial 1611 finished with value: 1.288433313369751 and parameters: {'mlp_n_layers': 2, 'mlp_dim_00': 261, 'mlp_dim_01': 265, 'node_hidden_dim': 127, 'edge_hidden_dim': 75, 'depth': 2, 'rep_dropout': 0.0937631311561534, 'train_learning_rate': 0.00863760921449805, 'train_lr_reduce': 0.6}. Best is trial 1483 with value: 0.2768918573856354.
[I 2024-12-19 08:31:38,177] Trial 1612 finished with value: 1.3776190280914307 and parameters: {'mlp_n_layers': 2, 'mlp_dim_00': 291, 'mlp_dim_01': 334, 'node_hidden_dim': 112, 'edge_hidden_dim': 91, 'depth': 2, 'rep_dropout': 0.10671583833118697, 'train_learning_rate': 0.0028197318455748226, 'train_lr_reduce': 0.6}. Best is trial 1483 with value: 0.2768918573856354.
[I 2024-12-19 08:31:42,067] Trial 1613 finished with value: 1.2888234853744507 and parameters: {'mlp_n_layers': 2, 'mlp_dim_00': 229, 'mlp_dim_01': 89, 'node_hidden_dim': 91, 'edge_hidden_dim': 34, 'depth': 2, 'rep_dropout': 0.05095359691620535, 'train_learning_rate': 0.0055226254532762175, 'train_lr_reduce': 0.6}. Best is trial 1483 with value: 0.2768918573856354.
[I 2024-12-19 08:31:42,925] Trial 1615 finished with value: 1.296386480331421 and parameters: {'mlp_n_layers': 3, 'mlp_dim_00': 217, 'mlp_dim_01': 91, 'mlp_dim_02': 410, 'node_hidden_dim': 87, 'edge_hidden_dim': 43, 'depth': 2, 'rep_dropout': 0.015270077801952012, 'train_learning_rate': 0.006325308525112089, 'train_lr_reduce': 0.6}. Best is trial 1483 with value: 0.2768918573856354.
[I 2024-12-19 08:31:46,624] Trial 1616 finished with value: 1.2837368249893188 and parameters: {'mlp_n_layers': 2, 'mlp_dim_00': 75, 'mlp_dim_01': 482, 'node_hidden_dim': 95, 'edge_hidden_dim': 118, 'depth': 2, 'rep_dropout': 0.22711553868503964, 'train_learning_rate': 0.007827014317260714, 'train_lr_reduce': 0.6}. Best is trial 1483 with value: 0.2768918573856354.
[I 2024-12-19 08:31:47,747] Trial 1617 finished with value: 1.344551920890808 and parameters: {'mlp_n_layers': 2, 'mlp_dim_00': 90, 'mlp_dim_01': 227, 'node_hidden_dim': 110, 'edge_hidden_dim': 96, 'depth': 3, 'rep_dropout': 0.12009234815694038, 'train_learning_rate': 0.007298568224575489, 'train_lr_reduce': 0.6}. Best is trial 1483 with value: 0.2768918573856354.
