[I 2024-12-26 11:34:17,132] Trial 1669 finished with value: 0.026735475286841393 and parameters: {'L1_hidden_dim': 96, 'L1_layers_atom': 2, 'L1_layers_mol': 1, 'L1_dropout': 0.01292477917115134, 'L1_out_dim': 128, 'L2_hidden_dim': 208, 'L2_layers_atom': 2, 'L2_layers_mol': 1, 'L2_out_dim': 32, 'L2_dropout': 0.11241809678749928, 'L3_hidden_dim': 64, 'L3_layers_atom': 4, 'L3_layers_mol': 3, 'L3_out_dim': 80, 'L3_dropout': 0.20332247945036308, 'n_mlp_layers': 1, 'mlp_dim_0': 104, 'num_heads': 1, 'final_dropout': 0.2761468295492769, 'train_learning_rate': 0.003959172149185427, 'train_lr_reduce': 0.6}. Best is trial 1073 with value: 0.009419886395335197.
[I 2024-12-26 11:34:19,254] Trial 1668 finished with value: 0.01097531896084547 and parameters: {'L1_hidden_dim': 224, 'L1_layers_atom': 3, 'L1_layers_mol': 1, 'L1_dropout': 0.005709512516915045, 'L1_out_dim': 64, 'L2_hidden_dim': 240, 'L2_layers_atom': 1, 'L2_layers_mol': 2, 'L2_out_dim': 128, 'L2_dropout': 0.0003780239746436851, 'L3_hidden_dim': 32, 'L3_layers_atom': 2, 'L3_layers_mol': 2, 'L3_out_dim': 64, 'L3_dropout': 0.15739380598660702, 'n_mlp_layers': 3, 'mlp_dim_0': 312, 'mlp_dim_1': 232, 'mlp_dim_2': 512, 'num_heads': 2, 'final_dropout': 0.11801712528640898, 'train_learning_rate': 0.0003354211842483204, 'train_lr_reduce': 0.6}. Best is trial 1073 with value: 0.009419886395335197.
[I 2024-12-26 11:35:58,544] Trial 1670 finished with value: 0.010530148632824421 and parameters: {'L1_hidden_dim': 128, 'L1_layers_atom': 3, 'L1_layers_mol': 2, 'L1_dropout': 0.012438478772931926, 'L1_out_dim': 80, 'L2_hidden_dim': 192, 'L2_layers_atom': 1, 'L2_layers_mol': 3, 'L2_out_dim': 80, 'L2_dropout': 0.017520864905298753, 'L3_hidden_dim': 48, 'L3_layers_atom': 4, 'L3_layers_mol': 1, 'L3_out_dim': 96, 'L3_dropout': 0.1154865752856898, 'n_mlp_layers': 2, 'mlp_dim_0': 336, 'mlp_dim_1': 304, 'num_heads': 2, 'final_dropout': 0.15807905056272833, 'train_learning_rate': 0.0006577086498131641, 'train_lr_reduce': 0.6}. Best is trial 1073 with value: 0.009419886395335197.
[I 2024-12-26 11:36:43,688] Trial 1672 finished with value: 0.012364929541945457 and parameters: {'L1_hidden_dim': 96, 'L1_layers_atom': 2, 'L1_layers_mol': 3, 'L1_dropout': 0.0836707732216253, 'L1_out_dim': 64, 'L2_hidden_dim': 208, 'L2_layers_atom': 1, 'L2_layers_mol': 3, 'L2_out_dim': 80, 'L2_dropout': 0.06660926813534852, 'L3_hidden_dim': 64, 'L3_layers_atom': 4, 'L3_layers_mol': 1, 'L3_out_dim': 48, 'L3_dropout': 0.1985438228559701, 'n_mlp_layers': 3, 'mlp_dim_0': 344, 'mlp_dim_1': 168, 'mlp_dim_2': 320, 'num_heads': 2, 'final_dropout': 0.1254899597296616, 'train_learning_rate': 0.0005027498701245724, 'train_lr_reduce': 0.6}. Best is trial 1073 with value: 0.009419886395335197.
[I 2024-12-26 11:37:42,413] Trial 1671 finished with value: 0.012875916436314583 and parameters: {'L1_hidden_dim': 176, 'L1_layers_atom': 4, 'L1_layers_mol': 2, 'L1_dropout': 0.032051472005897794, 'L1_out_dim': 80, 'L2_hidden_dim': 256, 'L2_layers_atom': 2, 'L2_layers_mol': 2, 'L2_out_dim': 112, 'L2_dropout': 0.018990831202476396, 'L3_hidden_dim': 96, 'L3_layers_atom': 4, 'L3_layers_mol': 1, 'L3_out_dim': 128, 'L3_dropout': 0.11568635540751088, 'n_mlp_layers': 1, 'mlp_dim_0': 280, 'num_heads': 1, 'final_dropout': 0.11490896166237877, 'train_learning_rate': 0.0003085099188460155, 'train_lr_reduce': 0.6}. Best is trial 1073 with value: 0.009419886395335197.
[I 2024-12-26 11:38:32,348] Trial 1673 finished with value: 0.013110979460179806 and parameters: {'L1_hidden_dim': 224, 'L1_layers_atom': 3, 'L1_layers_mol': 4, 'L1_dropout': 0.04584189994016677, 'L1_out_dim': 96, 'L2_hidden_dim': 176, 'L2_layers_atom': 2, 'L2_layers_mol': 3, 'L2_out_dim': 96, 'L2_dropout': 0.05153804271225387, 'L3_hidden_dim': 48, 'L3_layers_atom': 2, 'L3_layers_mol': 1, 'L3_out_dim': 112, 'L3_dropout': 0.07025542185960745, 'n_mlp_layers': 3, 'mlp_dim_0': 232, 'mlp_dim_1': 288, 'mlp_dim_2': 376, 'num_heads': 2, 'final_dropout': 0.13337180414352046, 'train_learning_rate': 0.0003442428236081287, 'train_lr_reduce': 0.6}. Best is trial 1073 with value: 0.009419886395335197.
[I 2024-12-26 11:39:05,598] Trial 1674 finished with value: 0.009661519899964333 and parameters: {'L1_hidden_dim': 112, 'L1_layers_atom': 1, 'L1_layers_mol': 3, 'L1_dropout': 0.06765433161028347, 'L1_out_dim': 64, 'L2_hidden_dim': 208, 'L2_layers_atom': 1, 'L2_layers_mol': 4, 'L2_out_dim': 112, 'L2_dropout': 0.0024736934978323672, 'L3_hidden_dim': 64, 'L3_layers_atom': 4, 'L3_layers_mol': 1, 'L3_out_dim': 128, 'L3_dropout': 0.08098635280408695, 'n_mlp_layers': 3, 'mlp_dim_0': 464, 'mlp_dim_1': 304, 'mlp_dim_2': 464, 'num_heads': 2, 'final_dropout': 0.09732925021747296, 'train_learning_rate': 0.0005349358951513876, 'train_lr_reduce': 0.6}. Best is trial 1073 with value: 0.009419886395335197.
[I 2024-12-26 11:39:57,722] Trial 1675 finished with value: 0.017110958695411682 and parameters: {'L1_hidden_dim': 64, 'L1_layers_atom': 3, 'L1_layers_mol': 1, 'L1_dropout': 0.05362769285346005, 'L1_out_dim': 48, 'L2_hidden_dim': 192, 'L2_layers_atom': 1, 'L2_layers_mol': 4, 'L2_out_dim': 128, 'L2_dropout': 0.07566718079806903, 'L3_hidden_dim': 96, 'L3_layers_atom': 4, 'L3_layers_mol': 1, 'L3_out_dim': 128, 'L3_dropout': 0.08619976982662433, 'n_mlp_layers': 3, 'mlp_dim_0': 144, 'mlp_dim_1': 240, 'mlp_dim_2': 432, 'num_heads': 2, 'final_dropout': 0.13134220097407018, 'train_learning_rate': 0.00037015111029054155, 'train_lr_reduce': 0.6}. Best is trial 1073 with value: 0.009419886395335197.
[I 2024-12-26 11:41:17,116] Trial 1676 finished with value: 0.012660808861255646 and parameters: {'L1_hidden_dim': 80, 'L1_layers_atom': 1, 'L1_layers_mol': 2, 'L1_dropout': 0.13976539828755905, 'L1_out_dim': 80, 'L2_hidden_dim': 144, 'L2_layers_atom': 2, 'L2_layers_mol': 2, 'L2_out_dim': 128, 'L2_dropout': 0.0053290820062043874, 'L3_hidden_dim': 112, 'L3_layers_atom': 4, 'L3_layers_mol': 2, 'L3_out_dim': 96, 'L3_dropout': 0.0557364409335409, 'n_mlp_layers': 3, 'mlp_dim_0': 480, 'mlp_dim_1': 304, 'mlp_dim_2': 456, 'num_heads': 2, 'final_dropout': 0.008873820099437397, 'train_learning_rate': 0.0002851296948230013, 'train_lr_reduce': 0.6}. Best is trial 1073 with value: 0.009419886395335197.
[I 2024-12-26 11:41:22,448] Trial 1677 finished with value: 0.012195265851914883 and parameters: {'L1_hidden_dim': 192, 'L1_layers_atom': 2, 'L1_layers_mol': 4, 'L1_dropout': 0.07448461960342764, 'L1_out_dim': 32, 'L2_hidden_dim': 192, 'L2_layers_atom': 1, 'L2_layers_mol': 3, 'L2_out_dim': 112, 'L2_dropout': 0.06900611406441803, 'L3_hidden_dim': 112, 'L3_layers_atom': 4, 'L3_layers_mol': 1, 'L3_out_dim': 128, 'L3_dropout': 0.10583458119353065, 'n_mlp_layers': 3, 'mlp_dim_0': 352, 'mlp_dim_1': 304, 'mlp_dim_2': 392, 'num_heads': 2, 'final_dropout': 0.16441553090204755, 'train_learning_rate': 0.0008329564795903991, 'train_lr_reduce': 0.6}. Best is trial 1073 with value: 0.009419886395335197.
[I 2024-12-26 11:42:27,518] Trial 1678 finished with value: 0.02552110143005848 and parameters: {'L1_hidden_dim': 128, 'L1_layers_atom': 1, 'L1_layers_mol': 3, 'L1_dropout': 0.12656661081238862, 'L1_out_dim': 64, 'L2_hidden_dim': 192, 'L2_layers_atom': 2, 'L2_layers_mol': 4, 'L2_out_dim': 112, 'L2_dropout': 0.058827449484968326, 'L3_hidden_dim': 80, 'L3_layers_atom': 3, 'L3_layers_mol': 1, 'L3_out_dim': 128, 'L3_dropout': 0.10928220857956936, 'n_mlp_layers': 3, 'mlp_dim_0': 448, 'mlp_dim_1': 296, 'mlp_dim_2': 376, 'num_heads': 2, 'final_dropout': 0.10119367296020122, 'train_learning_rate': 0.00017521603526786557, 'train_lr_reduce': 0.6}. Best is trial 1073 with value: 0.009419886395335197.
[I 2024-12-26 11:43:17,911] Trial 1680 finished with value: 0.05091797932982445 and parameters: {'L1_hidden_dim': 208, 'L1_layers_atom': 2, 'L1_layers_mol': 4, 'L1_dropout': 0.13530486138776582, 'L1_out_dim': 64, 'L2_hidden_dim': 144, 'L2_layers_atom': 4, 'L2_layers_mol': 2, 'L2_out_dim': 48, 'L2_dropout': 0.22364912481179278, 'L3_hidden_dim': 112, 'L3_layers_atom': 3, 'L3_layers_mol': 3, 'L3_out_dim': 80, 'L3_dropout': 0.23041789945622204, 'n_mlp_layers': 1, 'mlp_dim_0': 344, 'num_heads': 1, 'final_dropout': 0.10559086470034401, 'train_learning_rate': 0.004202925402587652, 'train_lr_reduce': 0.6}. Best is trial 1073 with value: 0.009419886395335197.
[I 2024-12-26 11:43:47,820] Trial 1679 finished with value: 0.011062057688832283 and parameters: {'L1_hidden_dim': 64, 'L1_layers_atom': 1, 'L1_layers_mol': 3, 'L1_dropout': 0.06037965703164553, 'L1_out_dim': 48, 'L2_hidden_dim': 240, 'L2_layers_atom': 1, 'L2_layers_mol': 4, 'L2_out_dim': 80, 'L2_dropout': 0.020061872277823977, 'L3_hidden_dim': 64, 'L3_layers_atom': 4, 'L3_layers_mol': 2, 'L3_out_dim': 128, 'L3_dropout': 0.0661288936863848, 'n_mlp_layers': 3, 'mlp_dim_0': 400, 'mlp_dim_1': 304, 'mlp_dim_2': 336, 'num_heads': 1, 'final_dropout': 0.018984659589666775, 'train_learning_rate': 0.0003023176896754842, 'train_lr_reduce': 0.6}. Best is trial 1073 with value: 0.009419886395335197.
[I 2024-12-26 11:44:46,081] Trial 1681 finished with value: 0.010837101377546787 and parameters: {'L1_hidden_dim': 144, 'L1_layers_atom': 1, 'L1_layers_mol': 2, 'L1_dropout': 0.09494055783521148, 'L1_out_dim': 32, 'L2_hidden_dim': 256, 'L2_layers_atom': 1, 'L2_layers_mol': 4, 'L2_out_dim': 128, 'L2_dropout': 0.0019474953103421557, 'L3_hidden_dim': 48, 'L3_layers_atom': 4, 'L3_layers_mol': 2, 'L3_out_dim': 96, 'L3_dropout': 0.09085258867095707, 'n_mlp_layers': 3, 'mlp_dim_0': 400, 'mlp_dim_1': 304, 'mlp_dim_2': 432, 'num_heads': 2, 'final_dropout': 0.02142222984378722, 'train_learning_rate': 0.0007132762621271138, 'train_lr_reduce': 0.6}. Best is trial 1073 with value: 0.009419886395335197.
[I 2024-12-26 11:45:25,701] Trial 1682 finished with value: 0.010010246187448502 and parameters: {'L1_hidden_dim': 192, 'L1_layers_atom': 3, 'L1_layers_mol': 3, 'L1_dropout': 0.012418268813568943, 'L1_out_dim': 32, 'L2_hidden_dim': 224, 'L2_layers_atom': 1, 'L2_layers_mol': 3, 'L2_out_dim': 96, 'L2_dropout': 0.003654188288183924, 'L3_hidden_dim': 80, 'L3_layers_atom': 4, 'L3_layers_mol': 1, 'L3_out_dim': 112, 'L3_dropout': 0.08339830538069164, 'n_mlp_layers': 3, 'mlp_dim_0': 344, 'mlp_dim_1': 256, 'mlp_dim_2': 472, 'num_heads': 1, 'final_dropout': 0.14563366410759898, 'train_learning_rate': 0.0005942260022241825, 'train_lr_reduce': 0.6}. Best is trial 1073 with value: 0.009419886395335197.
[I 2024-12-26 11:46:22,313] Trial 1683 finished with value: 0.027293696999549866 and parameters: {'L1_hidden_dim': 96, 'L1_layers_atom': 2, 'L1_layers_mol': 1, 'L1_dropout': 0.16286708220126833, 'L1_out_dim': 80, 'L2_hidden_dim': 160, 'L2_layers_atom': 1, 'L2_layers_mol': 2, 'L2_out_dim': 128, 'L2_dropout': 0.024291636585101344, 'L3_hidden_dim': 80, 'L3_layers_atom': 4, 'L3_layers_mol': 1, 'L3_out_dim': 128, 'L3_dropout': 0.1392901481483555, 'n_mlp_layers': 2, 'mlp_dim_0': 288, 'mlp_dim_1': 304, 'num_heads': 2, 'final_dropout': 0.00861505796044527, 'train_learning_rate': 0.00011858061913025238, 'train_lr_reduce': 0.6}. Best is trial 1073 with value: 0.009419886395335197.
[I 2024-12-26 11:47:43,107] Trial 1684 finished with value: 0.01884561963379383 and parameters: {'L1_hidden_dim': 144, 'L1_layers_atom': 4, 'L1_layers_mol': 4, 'L1_dropout': 0.16198544325629363, 'L1_out_dim': 96, 'L2_hidden_dim': 80, 'L2_layers_atom': 1, 'L2_layers_mol': 3, 'L2_out_dim': 48, 'L2_dropout': 0.15243492962007124, 'L3_hidden_dim': 64, 'L3_layers_atom': 3, 'L3_layers_mol': 3, 'L3_out_dim': 64, 'L3_dropout': 0.23986383534315253, 'n_mlp_layers': 3, 'mlp_dim_0': 176, 'mlp_dim_1': 264, 'mlp_dim_2': 320, 'num_heads': 2, 'final_dropout': 0.12763640277237723, 'train_learning_rate': 0.0008807230541063856, 'train_lr_reduce': 0.6}. Best is trial 1073 with value: 0.009419886395335197.
[I 2024-12-26 11:48:05,358] Trial 1685 finished with value: 0.010400349274277687 and parameters: {'L1_hidden_dim': 224, 'L1_layers_atom': 3, 'L1_layers_mol': 1, 'L1_dropout': 0.03344865494531969, 'L1_out_dim': 64, 'L2_hidden_dim': 240, 'L2_layers_atom': 1, 'L2_layers_mol': 3, 'L2_out_dim': 96, 'L2_dropout': 0.0008182522840520651, 'L3_hidden_dim': 80, 'L3_layers_atom': 2, 'L3_layers_mol': 1, 'L3_out_dim': 80, 'L3_dropout': 0.08543677746234894, 'n_mlp_layers': 3, 'mlp_dim_0': 440, 'mlp_dim_1': 248, 'mlp_dim_2': 456, 'num_heads': 2, 'final_dropout': 0.16151202951691873, 'train_learning_rate': 0.00031131525659334054, 'train_lr_reduce': 0.6}. Best is trial 1073 with value: 0.009419886395335197.
[I 2024-12-26 11:48:33,460] Trial 1686 finished with value: 0.011394258588552475 and parameters: {'L1_hidden_dim': 256, 'L1_layers_atom': 3, 'L1_layers_mol': 2, 'L1_dropout': 0.06458509725972214, 'L1_out_dim': 48, 'L2_hidden_dim': 240, 'L2_layers_atom': 1, 'L2_layers_mol': 2, 'L2_out_dim': 112, 'L2_dropout': 0.09445261364206252, 'L3_hidden_dim': 48, 'L3_layers_atom': 2, 'L3_layers_mol': 2, 'L3_out_dim': 80, 'L3_dropout': 0.06311640256331169, 'n_mlp_layers': 3, 'mlp_dim_0': 208, 'mlp_dim_1': 280, 'mlp_dim_2': 472, 'num_heads': 2, 'final_dropout': 0.16335023164766815, 'train_learning_rate': 0.0008396744269983809, 'train_lr_reduce': 0.6}. Best is trial 1073 with value: 0.009419886395335197.
[I 2024-12-26 11:49:48,285] Trial 1687 finished with value: 0.011529677547514439 and parameters: {'L1_hidden_dim': 224, 'L1_layers_atom': 3, 'L1_layers_mol': 1, 'L1_dropout': 0.03137931118198867, 'L1_out_dim': 48, 'L2_hidden_dim': 240, 'L2_layers_atom': 1, 'L2_layers_mol': 1, 'L2_out_dim': 96, 'L2_dropout': 0.0019289697229272797, 'L3_hidden_dim': 48, 'L3_layers_atom': 1, 'L3_layers_mol': 1, 'L3_out_dim': 96, 'L3_dropout': 0.06786235693675738, 'n_mlp_layers': 3, 'mlp_dim_0': 440, 'mlp_dim_1': 256, 'mlp_dim_2': 480, 'num_heads': 1, 'final_dropout': 0.09521537830047974, 'train_learning_rate': 0.0005184761035207435, 'train_lr_reduce': 0.6}. Best is trial 1073 with value: 0.009419886395335197.
[I 2024-12-26 11:50:52,969] Trial 1688 finished with value: 0.02259059064090252 and parameters: {'L1_hidden_dim': 176, 'L1_layers_atom': 3, 'L1_layers_mol': 3, 'L1_dropout': 0.04545631956041275, 'L1_out_dim': 32, 'L2_hidden_dim': 224, 'L2_layers_atom': 1, 'L2_layers_mol': 2, 'L2_out_dim': 96, 'L2_dropout': 0.0338042853764363, 'L3_hidden_dim': 64, 'L3_layers_atom': 4, 'L3_layers_mol': 1, 'L3_out_dim': 128, 'L3_dropout': 0.03927153802621488, 'n_mlp_layers': 2, 'mlp_dim_0': 328, 'mlp_dim_1': 240, 'num_heads': 1, 'final_dropout': 0.15669095993558224, 'train_learning_rate': 0.004675919191961273, 'train_lr_reduce': 0.6}. Best is trial 1073 with value: 0.009419886395335197.
[I 2024-12-26 11:51:00,709] Trial 1689 finished with value: 0.009921180084347725 and parameters: {'L1_hidden_dim': 112, 'L1_layers_atom': 4, 'L1_layers_mol': 2, 'L1_dropout': 0.0011830925071393827, 'L1_out_dim': 80, 'L2_hidden_dim': 208, 'L2_layers_atom': 1, 'L2_layers_mol': 4, 'L2_out_dim': 128, 'L2_dropout': 0.007933961370319693, 'L3_hidden_dim': 80, 'L3_layers_atom': 4, 'L3_layers_mol': 1, 'L3_out_dim': 112, 'L3_dropout': 0.030159133469601487, 'n_mlp_layers': 3, 'mlp_dim_0': 392, 'mlp_dim_1': 264, 'mlp_dim_2': 464, 'num_heads': 2, 'final_dropout': 0.15585840167774975, 'train_learning_rate': 0.0009234369090965436, 'train_lr_reduce': 0.6}. Best is trial 1073 with value: 0.009419886395335197.
[I 2024-12-26 11:52:42,023] Trial 1690 finished with value: 0.01090480200946331 and parameters: {'L1_hidden_dim': 128, 'L1_layers_atom': 4, 'L1_layers_mol': 2, 'L1_dropout': 0.002139800278731341, 'L1_out_dim': 64, 'L2_hidden_dim': 224, 'L2_layers_atom': 2, 'L2_layers_mol': 3, 'L2_out_dim': 128, 'L2_dropout': 0.016581943024958405, 'L3_hidden_dim': 112, 'L3_layers_atom': 3, 'L3_layers_mol': 1, 'L3_out_dim': 128, 'L3_dropout': 0.0196707344168518, 'n_mlp_layers': 2, 'mlp_dim_0': 408, 'mlp_dim_1': 232, 'num_heads': 2, 'final_dropout': 0.029981107192632674, 'train_learning_rate': 0.000550408089700412, 'train_lr_reduce': 0.6}. Best is trial 1073 with value: 0.009419886395335197.
[I 2024-12-26 11:53:08,887] Trial 1692 finished with value: 0.018376361578702927 and parameters: {'L1_hidden_dim': 144, 'L1_layers_atom': 3, 'L1_layers_mol': 2, 'L1_dropout': 0.0479254265346448, 'L1_out_dim': 32, 'L2_hidden_dim': 176, 'L2_layers_atom': 1, 'L2_layers_mol': 2, 'L2_out_dim': 96, 'L2_dropout': 0.041777488287473956, 'L3_hidden_dim': 80, 'L3_layers_atom': 4, 'L3_layers_mol': 1, 'L3_out_dim': 96, 'L3_dropout': 0.018919325496847106, 'n_mlp_layers': 2, 'mlp_dim_0': 440, 'mlp_dim_1': 256, 'num_heads': 1, 'final_dropout': 0.18105857649201967, 'train_learning_rate': 0.00016332300713968012, 'train_lr_reduce': 0.6}. Best is trial 1073 with value: 0.009419886395335197.
[I 2024-12-26 11:53:33,961] Trial 1691 finished with value: 0.013357085175812244 and parameters: {'L1_hidden_dim': 192, 'L1_layers_atom': 3, 'L1_layers_mol': 4, 'L1_dropout': 0.09168488084891112, 'L1_out_dim': 80, 'L2_hidden_dim': 160, 'L2_layers_atom': 1, 'L2_layers_mol': 4, 'L2_out_dim': 96, 'L2_dropout': 0.08959747856482292, 'L3_hidden_dim': 32, 'L3_layers_atom': 2, 'L3_layers_mol': 1, 'L3_out_dim': 96, 'L3_dropout': 0.15892369976788287, 'n_mlp_layers': 3, 'mlp_dim_0': 128, 'mlp_dim_1': 264, 'mlp_dim_2': 512, 'num_heads': 2, 'final_dropout': 0.24284469730602135, 'train_learning_rate': 0.0010964236130610824, 'train_lr_reduce': 0.6}. Best is trial 1073 with value: 0.009419886395335197.
[I 2024-12-26 11:55:05,640] Trial 1693 finished with value: 0.011229126714169979 and parameters: {'L1_hidden_dim': 128, 'L1_layers_atom': 3, 'L1_layers_mol': 2, 'L1_dropout': 0.002982595672170168, 'L1_out_dim': 80, 'L2_hidden_dim': 176, 'L2_layers_atom': 1, 'L2_layers_mol': 3, 'L2_out_dim': 128, 'L2_dropout': 0.06496269731888613, 'L3_hidden_dim': 96, 'L3_layers_atom': 2, 'L3_layers_mol': 1, 'L3_out_dim': 80, 'L3_dropout': 0.1936084484449973, 'n_mlp_layers': 2, 'mlp_dim_0': 184, 'mlp_dim_1': 256, 'num_heads': 1, 'final_dropout': 0.08228574189994269, 'train_learning_rate': 0.0004225680524185081, 'train_lr_reduce': 0.6}. Best is trial 1073 with value: 0.009419886395335197.
[I 2024-12-26 11:55:50,611] Trial 1695 finished with value: 0.013018227182328701 and parameters: {'L1_hidden_dim': 160, 'L1_layers_atom': 3, 'L1_layers_mol': 2, 'L1_dropout': 0.05538130235795187, 'L1_out_dim': 32, 'L2_hidden_dim': 144, 'L2_layers_atom': 2, 'L2_layers_mol': 3, 'L2_out_dim': 112, 'L2_dropout': 0.008977039112522154, 'L3_hidden_dim': 112, 'L3_layers_atom': 2, 'L3_layers_mol': 1, 'L3_out_dim': 112, 'L3_dropout': 0.16856986458266215, 'n_mlp_layers': 2, 'mlp_dim_0': 272, 'mlp_dim_1': 264, 'num_heads': 1, 'final_dropout': 0.04989913821606564, 'train_learning_rate': 0.00040184297834212895, 'train_lr_reduce': 0.6}. Best is trial 1073 with value: 0.009419886395335197.
[I 2024-12-26 11:56:00,736] Trial 1694 finished with value: 0.011700060218572617 and parameters: {'L1_hidden_dim': 144, 'L1_layers_atom': 1, 'L1_layers_mol': 1, 'L1_dropout': 0.007221115824248846, 'L1_out_dim': 96, 'L2_hidden_dim': 240, 'L2_layers_atom': 1, 'L2_layers_mol': 4, 'L2_out_dim': 64, 'L2_dropout': 0.09285982519265458, 'L3_hidden_dim': 112, 'L3_layers_atom': 4, 'L3_layers_mol': 1, 'L3_out_dim': 96, 'L3_dropout': 0.076649242785323, 'n_mlp_layers': 3, 'mlp_dim_0': 456, 'mlp_dim_1': 224, 'mlp_dim_2': 464, 'num_heads': 2, 'final_dropout': 0.05940020006772087, 'train_learning_rate': 0.0006237883956582158, 'train_lr_reduce': 0.6}. Best is trial 1073 with value: 0.009419886395335197.
[I 2024-12-26 11:57:31,869] Trial 1696 finished with value: 0.009978235699236393 and parameters: {'L1_hidden_dim': 192, 'L1_layers_atom': 2, 'L1_layers_mol': 1, 'L1_dropout': 0.01498349460817415, 'L1_out_dim': 112, 'L2_hidden_dim': 192, 'L2_layers_atom': 1, 'L2_layers_mol': 4, 'L2_out_dim': 80, 'L2_dropout': 0.006373623933633367, 'L3_hidden_dim': 80, 'L3_layers_atom': 4, 'L3_layers_mol': 1, 'L3_out_dim': 80, 'L3_dropout': 0.04797479287875073, 'n_mlp_layers': 3, 'mlp_dim_0': 312, 'mlp_dim_1': 272, 'mlp_dim_2': 448, 'num_heads': 2, 'final_dropout': 0.05450108495675059, 'train_learning_rate': 0.0004021994869271352, 'train_lr_reduce': 0.6}. Best is trial 1073 with value: 0.009419886395335197.
[I 2024-12-26 11:58:28,699] Trial 1697 finished with value: 0.012125126086175442 and parameters: {'L1_hidden_dim': 96, 'L1_layers_atom': 4, 'L1_layers_mol': 3, 'L1_dropout': 0.023461367297504247, 'L1_out_dim': 80, 'L2_hidden_dim': 112, 'L2_layers_atom': 1, 'L2_layers_mol': 4, 'L2_out_dim': 128, 'L2_dropout': 0.10609128606835895, 'L3_hidden_dim': 80, 'L3_layers_atom': 3, 'L3_layers_mol': 1, 'L3_out_dim': 96, 'L3_dropout': 0.03814313066552332, 'n_mlp_layers': 3, 'mlp_dim_0': 464, 'mlp_dim_1': 208, 'mlp_dim_2': 464, 'num_heads': 2, 'final_dropout': 0.10065350503218227, 'train_learning_rate': 0.0009525422745645007, 'train_lr_reduce': 0.6}. Best is trial 1073 with value: 0.009419886395335197.
[I 2024-12-26 11:58:36,730] Trial 1698 finished with value: 0.01144152320921421 and parameters: {'L1_hidden_dim': 208, 'L1_layers_atom': 3, 'L1_layers_mol': 3, 'L1_dropout': 0.03148666967323927, 'L1_out_dim': 32, 'L2_hidden_dim': 208, 'L2_layers_atom': 2, 'L2_layers_mol': 3, 'L2_out_dim': 96, 'L2_dropout': 0.0055764360948250295, 'L3_hidden_dim': 96, 'L3_layers_atom': 4, 'L3_layers_mol': 1, 'L3_out_dim': 112, 'L3_dropout': 0.07997882803290217, 'n_mlp_layers': 3, 'mlp_dim_0': 400, 'mlp_dim_1': 264, 'mlp_dim_2': 472, 'num_heads': 1, 'final_dropout': 0.06613994716221425, 'train_learning_rate': 0.00035941640706431904, 'train_lr_reduce': 0.6}. Best is trial 1073 with value: 0.009419886395335197.
