[I 2024-12-16 00:37:28,498] Trial 1804 finished with value: 0.10093820840120316 and parameters: {'mlp_n_layers': 2, 'mlp_dim_00': 240, 'mlp_dim_01': 208, 'hidden_channels': 48, 'num_layers': 1, 'num_timesteps': 3, 'dropout': 0.23726964146032542, 'train_learning_rate': 0.007509181589567266, 'train_lr_reduce': 0.6}. Best is trial 130 with value: 0.0812772810459137.
[I 2024-12-16 00:37:33,382] Trial 1803 finished with value: 0.10619883239269257 and parameters: {'mlp_n_layers': 2, 'mlp_dim_00': 208, 'mlp_dim_01': 256, 'hidden_channels': 32, 'num_layers': 1, 'num_timesteps': 3, 'dropout': 0.21863785632742003, 'train_learning_rate': 0.0045738463935104815, 'train_lr_reduce': 0.6}. Best is trial 130 with value: 0.0812772810459137.
[I 2024-12-16 00:37:37,616] Trial 1805 finished with value: 0.10479149967432022 and parameters: {'mlp_n_layers': 2, 'mlp_dim_00': 240, 'mlp_dim_01': 160, 'hidden_channels': 48, 'num_layers': 1, 'num_timesteps': 2, 'dropout': 0.14741332113694064, 'train_learning_rate': 0.005107164468469925, 'train_lr_reduce': 0.6}. Best is trial 130 with value: 0.0812772810459137.
[I 2024-12-16 00:37:39,936] Trial 1806 finished with value: 0.0969075933098793 and parameters: {'mlp_n_layers': 2, 'mlp_dim_00': 240, 'mlp_dim_01': 224, 'hidden_channels': 48, 'num_layers': 1, 'num_timesteps': 3, 'dropout': 0.23755910995566842, 'train_learning_rate': 0.005585999987385116, 'train_lr_reduce': 0.6}. Best is trial 130 with value: 0.0812772810459137.
[I 2024-12-16 00:37:52,681] Trial 1808 finished with value: 0.09475670009851456 and parameters: {'mlp_n_layers': 2, 'mlp_dim_00': 208, 'mlp_dim_01': 176, 'hidden_channels': 80, 'num_layers': 1, 'num_timesteps': 3, 'dropout': 0.2483915353733255, 'train_learning_rate': 0.009506836333486467, 'train_lr_reduce': 0.6}. Best is trial 130 with value: 0.0812772810459137.
[I 2024-12-16 00:37:52,893] Trial 1807 finished with value: 0.17833250761032104 and parameters: {'mlp_n_layers': 4, 'mlp_dim_00': 64, 'mlp_dim_01': 256, 'mlp_dim_02': 240, 'mlp_dim_03': 256, 'hidden_channels': 240, 'num_layers': 3, 'num_timesteps': 3, 'dropout': 0.27557231143932337, 'train_learning_rate': 0.00320809797759642, 'train_lr_reduce': 0.6}. Best is trial 130 with value: 0.0812772810459137.
[I 2024-12-16 00:37:56,680] Trial 1809 finished with value: 0.10769706964492798 and parameters: {'mlp_n_layers': 2, 'mlp_dim_00': 240, 'mlp_dim_01': 224, 'hidden_channels': 32, 'num_layers': 2, 'num_timesteps': 2, 'dropout': 0.20332161384127803, 'train_learning_rate': 0.009953890752864264, 'train_lr_reduce': 0.6}. Best is trial 130 with value: 0.0812772810459137.
[I 2024-12-16 00:38:05,755] Trial 1810 finished with value: 0.1081475168466568 and parameters: {'mlp_n_layers': 2, 'mlp_dim_00': 176, 'mlp_dim_01': 176, 'hidden_channels': 32, 'num_layers': 2, 'num_timesteps': 3, 'dropout': 0.20264986083634928, 'train_learning_rate': 0.008122186535449707, 'train_lr_reduce': 0.6}. Best is trial 130 with value: 0.0812772810459137.
[I 2024-12-16 00:38:11,764] Trial 1811 finished with value: 0.1355208456516266 and parameters: {'mlp_n_layers': 3, 'mlp_dim_00': 32, 'mlp_dim_01': 224, 'mlp_dim_02': 64, 'hidden_channels': 96, 'num_layers': 4, 'num_timesteps': 4, 'dropout': 0.1157227662410421, 'train_learning_rate': 0.0020546040469279912, 'train_lr_reduce': 0.6}. Best is trial 130 with value: 0.0812772810459137.
[I 2024-12-16 00:38:13,759] Trial 1812 finished with value: 0.12203209847211838 and parameters: {'mlp_n_layers': 2, 'mlp_dim_00': 240, 'mlp_dim_01': 208, 'hidden_channels': 32, 'num_layers': 2, 'num_timesteps': 4, 'dropout': 0.2142663387680579, 'train_learning_rate': 0.002865371426063891, 'train_lr_reduce': 0.6}. Best is trial 130 with value: 0.0812772810459137.
[I 2024-12-16 00:38:14,608] Trial 1813 finished with value: 0.10487566143274307 and parameters: {'mlp_n_layers': 2, 'mlp_dim_00': 240, 'mlp_dim_01': 176, 'hidden_channels': 32, 'num_layers': 1, 'num_timesteps': 2, 'dropout': 0.1970746701311461, 'train_learning_rate': 0.006949920302815693, 'train_lr_reduce': 0.6}. Best is trial 130 with value: 0.0812772810459137.
[I 2024-12-16 00:38:21,569] Trial 1815 finished with value: 0.107345350086689 and parameters: {'mlp_n_layers': 2, 'mlp_dim_00': 256, 'mlp_dim_01': 240, 'hidden_channels': 32, 'num_layers': 1, 'num_timesteps': 3, 'dropout': 0.19332282411225146, 'train_learning_rate': 0.009971833890346934, 'train_lr_reduce': 0.6}. Best is trial 130 with value: 0.0812772810459137.
[I 2024-12-16 00:38:22,176] Trial 1814 finished with value: 0.1019388884305954 and parameters: {'mlp_n_layers': 2, 'mlp_dim_00': 240, 'mlp_dim_01': 208, 'hidden_channels': 48, 'num_layers': 1, 'num_timesteps': 3, 'dropout': 0.19351560582525523, 'train_learning_rate': 0.009118417205814095, 'train_lr_reduce': 0.6}. Best is trial 130 with value: 0.0812772810459137.
[I 2024-12-16 00:38:26,327] Trial 1816 finished with value: 0.11865565925836563 and parameters: {'mlp_n_layers': 2, 'mlp_dim_00': 224, 'mlp_dim_01': 144, 'hidden_channels': 32, 'num_layers': 1, 'num_timesteps': 4, 'dropout': 0.21954270285456495, 'train_learning_rate': 0.006579411783467482, 'train_lr_reduce': 0.6}. Best is trial 130 with value: 0.0812772810459137.
[I 2024-12-16 00:38:30,336] Trial 1817 finished with value: 0.08793190121650696 and parameters: {'mlp_n_layers': 2, 'mlp_dim_00': 256, 'mlp_dim_01': 208, 'hidden_channels': 48, 'num_layers': 1, 'num_timesteps': 2, 'dropout': 0.2736476153704409, 'train_learning_rate': 0.0066014647107061055, 'train_lr_reduce': 0.6}. Best is trial 130 with value: 0.0812772810459137.
[I 2024-12-16 00:38:37,917] Trial 1818 finished with value: 0.1301538348197937 and parameters: {'mlp_n_layers': 2, 'mlp_dim_00': 192, 'mlp_dim_01': 208, 'hidden_channels': 80, 'num_layers': 3, 'num_timesteps': 3, 'dropout': 0.20640300154831576, 'train_learning_rate': 0.008077478461015261, 'train_lr_reduce': 0.6}. Best is trial 130 with value: 0.0812772810459137.
[I 2024-12-16 00:38:39,116] Trial 1819 finished with value: 0.10882855206727982 and parameters: {'mlp_n_layers': 2, 'mlp_dim_00': 208, 'mlp_dim_01': 176, 'hidden_channels': 32, 'num_layers': 1, 'num_timesteps': 3, 'dropout': 0.26667072228462846, 'train_learning_rate': 0.005863691062816546, 'train_lr_reduce': 0.6}. Best is trial 130 with value: 0.0812772810459137.
[I 2024-12-16 00:38:44,430] Trial 1820 finished with value: 0.13666288554668427 and parameters: {'mlp_n_layers': 3, 'mlp_dim_00': 64, 'mlp_dim_01': 176, 'mlp_dim_02': 80, 'hidden_channels': 32, 'num_layers': 3, 'num_timesteps': 4, 'dropout': 0.005893125091097906, 'train_learning_rate': 0.009918533535928161, 'train_lr_reduce': 0.6}. Best is trial 130 with value: 0.0812772810459137.
[I 2024-12-16 00:38:46,613] Trial 1821 finished with value: 0.11103607714176178 and parameters: {'mlp_n_layers': 2, 'mlp_dim_00': 240, 'mlp_dim_01': 224, 'hidden_channels': 32, 'num_layers': 1, 'num_timesteps': 2, 'dropout': 0.24811546176661156, 'train_learning_rate': 0.00447264899619369, 'train_lr_reduce': 0.6}. Best is trial 130 with value: 0.0812772810459137.
[I 2024-12-16 00:38:48,361] Trial 1822 finished with value: 0.08823981881141663 and parameters: {'mlp_n_layers': 2, 'mlp_dim_00': 224, 'mlp_dim_01': 208, 'hidden_channels': 32, 'num_layers': 1, 'num_timesteps': 2, 'dropout': 0.23727885167206744, 'train_learning_rate': 0.00917858771697488, 'train_lr_reduce': 0.6}. Best is trial 130 with value: 0.0812772810459137.
[I 2024-12-16 00:38:56,137] Trial 1824 finished with value: 0.11856123805046082 and parameters: {'mlp_n_layers': 2, 'mlp_dim_00': 256, 'mlp_dim_01': 176, 'hidden_channels': 112, 'num_layers': 1, 'num_timesteps': 4, 'dropout': 0.14365106018799864, 'train_learning_rate': 0.0042483592680896505, 'train_lr_reduce': 0.6}. Best is trial 130 with value: 0.0812772810459137.
[I 2024-12-16 00:38:56,234] Trial 1823 finished with value: 0.09294383227825165 and parameters: {'mlp_n_layers': 3, 'mlp_dim_00': 208, 'mlp_dim_01': 112, 'mlp_dim_02': 32, 'hidden_channels': 32, 'num_layers': 1, 'num_timesteps': 3, 'dropout': 0.22683437725783598, 'train_learning_rate': 0.009415014116273731, 'train_lr_reduce': 0.6}. Best is trial 130 with value: 0.0812772810459137.
[I 2024-12-16 00:38:59,405] Trial 1825 finished with value: 0.1002759262919426 and parameters: {'mlp_n_layers': 2, 'mlp_dim_00': 240, 'mlp_dim_01': 224, 'hidden_channels': 32, 'num_layers': 1, 'num_timesteps': 2, 'dropout': 0.20662725326555084, 'train_learning_rate': 0.00743824594700416, 'train_lr_reduce': 0.6}. Best is trial 130 with value: 0.0812772810459137.
[I 2024-12-16 00:39:08,642] Trial 1828 finished with value: 0.0971575677394867 and parameters: {'mlp_n_layers': 2, 'mlp_dim_00': 208, 'mlp_dim_01': 208, 'hidden_channels': 32, 'num_layers': 1, 'num_timesteps': 1, 'dropout': 0.29424975202503934, 'train_learning_rate': 0.008268518160412547, 'train_lr_reduce': 0.6}. Best is trial 130 with value: 0.0812772810459137.
[I 2024-12-16 00:39:11,343] Trial 1827 finished with value: 0.08291946351528168 and parameters: {'mlp_n_layers': 2, 'mlp_dim_00': 256, 'mlp_dim_01': 176, 'hidden_channels': 48, 'num_layers': 1, 'num_timesteps': 3, 'dropout': 0.27692868675084314, 'train_learning_rate': 0.00767880231213615, 'train_lr_reduce': 0.6}. Best is trial 130 with value: 0.0812772810459137.
[I 2024-12-16 00:39:14,525] Trial 1826 finished with value: 0.11999104917049408 and parameters: {'mlp_n_layers': 3, 'mlp_dim_00': 192, 'mlp_dim_01': 160, 'mlp_dim_02': 48, 'hidden_channels': 176, 'num_layers': 2, 'num_timesteps': 3, 'dropout': 0.17253435606120518, 'train_learning_rate': 0.006551826471384338, 'train_lr_reduce': 0.6}. Best is trial 130 with value: 0.0812772810459137.
[I 2024-12-16 00:39:19,348] Trial 1830 finished with value: 0.1141941025853157 and parameters: {'mlp_n_layers': 2, 'mlp_dim_00': 256, 'mlp_dim_01': 224, 'hidden_channels': 32, 'num_layers': 1, 'num_timesteps': 3, 'dropout': 0.2327602482160753, 'train_learning_rate': 0.007163704473699227, 'train_lr_reduce': 0.6}. Best is trial 130 with value: 0.0812772810459137.
[I 2024-12-16 00:39:19,705] Trial 1829 finished with value: 0.10697395354509354 and parameters: {'mlp_n_layers': 2, 'mlp_dim_00': 224, 'mlp_dim_01': 160, 'hidden_channels': 80, 'num_layers': 1, 'num_timesteps': 2, 'dropout': 0.26515321588078816, 'train_learning_rate': 0.007849923512406978, 'train_lr_reduce': 0.6}. Best is trial 130 with value: 0.0812772810459137.
[I 2024-12-16 00:39:25,000] Trial 1831 finished with value: 0.10897473990917206 and parameters: {'mlp_n_layers': 2, 'mlp_dim_00': 224, 'mlp_dim_01': 256, 'hidden_channels': 32, 'num_layers': 1, 'num_timesteps': 1, 'dropout': 0.1894313937979732, 'train_learning_rate': 0.009319563312497873, 'train_lr_reduce': 0.6}. Best is trial 130 with value: 0.0812772810459137.
[I 2024-12-16 00:39:28,978] Trial 1832 finished with value: 0.0998198390007019 and parameters: {'mlp_n_layers': 2, 'mlp_dim_00': 256, 'mlp_dim_01': 256, 'hidden_channels': 64, 'num_layers': 1, 'num_timesteps': 2, 'dropout': 0.2546554121010964, 'train_learning_rate': 0.007893219514292761, 'train_lr_reduce': 0.6}. Best is trial 130 with value: 0.0812772810459137.
[I 2024-12-16 00:39:30,456] Trial 1833 finished with value: 0.10736048966646194 and parameters: {'mlp_n_layers': 2, 'mlp_dim_00': 240, 'mlp_dim_01': 208, 'hidden_channels': 48, 'num_layers': 1, 'num_timesteps': 2, 'dropout': 0.2377114646167568, 'train_learning_rate': 0.006409724456772425, 'train_lr_reduce': 0.6}. Best is trial 130 with value: 0.0812772810459137.
[I 2024-12-16 00:39:36,156] Trial 1834 finished with value: 0.1292363852262497 and parameters: {'mlp_n_layers': 2, 'mlp_dim_00': 240, 'mlp_dim_01': 160, 'hidden_channels': 48, 'num_layers': 1, 'num_timesteps': 2, 'dropout': 0.2129095264808446, 'train_learning_rate': 0.007650746035442271, 'train_lr_reduce': 0.6}. Best is trial 130 with value: 0.0812772810459137.
[I 2024-12-16 00:39:40,817] Trial 1836 finished with value: 0.1030014306306839 and parameters: {'mlp_n_layers': 2, 'mlp_dim_00': 224, 'mlp_dim_01': 176, 'hidden_channels': 48, 'num_layers': 2, 'num_timesteps': 3, 'dropout': 0.27708080532455637, 'train_learning_rate': 0.004014179478688231, 'train_lr_reduce': 0.6}. Best is trial 130 with value: 0.0812772810459137.
[I 2024-12-16 00:39:41,302] Trial 1835 finished with value: 0.09565945714712143 and parameters: {'mlp_n_layers': 2, 'mlp_dim_00': 256, 'mlp_dim_01': 208, 'hidden_channels': 112, 'num_layers': 1, 'num_timesteps': 2, 'dropout': 0.27261908763075215, 'train_learning_rate': 0.006281596225692798, 'train_lr_reduce': 0.6}. Best is trial 130 with value: 0.0812772810459137.
[I 2024-12-16 00:39:45,596] Trial 1837 finished with value: 0.12234672158956528 and parameters: {'mlp_n_layers': 2, 'mlp_dim_00': 256, 'mlp_dim_01': 208, 'hidden_channels': 64, 'num_layers': 1, 'num_timesteps': 2, 'dropout': 0.2608557634714188, 'train_learning_rate': 0.00309938238931654, 'train_lr_reduce': 0.6}. Best is trial 130 with value: 0.0812772810459137.
[I 2024-12-16 00:39:50,624] Trial 1839 finished with value: 0.11270768195390701 and parameters: {'mlp_n_layers': 2, 'mlp_dim_00': 256, 'mlp_dim_01': 208, 'hidden_channels': 48, 'num_layers': 1, 'num_timesteps': 2, 'dropout': 0.2722411851203319, 'train_learning_rate': 0.006332686690278231, 'train_lr_reduce': 0.6}. Best is trial 130 with value: 0.0812772810459137.
[I 2024-12-16 00:39:54,760] Trial 1838 finished with value: 0.13698744773864746 and parameters: {'mlp_n_layers': 2, 'mlp_dim_00': 208, 'mlp_dim_01': 224, 'hidden_channels': 96, 'num_layers': 2, 'num_timesteps': 2, 'dropout': 0.22957821144242996, 'train_learning_rate': 0.00925837557658613, 'train_lr_reduce': 0.6}. Best is trial 130 with value: 0.0812772810459137.
[I 2024-12-16 00:39:56,510] Trial 1840 finished with value: 0.09125079214572906 and parameters: {'mlp_n_layers': 2, 'mlp_dim_00': 224, 'mlp_dim_01': 176, 'hidden_channels': 80, 'num_layers': 1, 'num_timesteps': 3, 'dropout': 0.24753108106243804, 'train_learning_rate': 0.0068192623504075706, 'train_lr_reduce': 0.6}. Best is trial 130 with value: 0.0812772810459137.
[I 2024-12-16 00:40:04,481] Trial 1841 finished with value: 0.09863360226154327 and parameters: {'mlp_n_layers': 2, 'mlp_dim_00': 208, 'mlp_dim_01': 192, 'hidden_channels': 128, 'num_layers': 2, 'num_timesteps': 4, 'dropout': 0.12162838770401493, 'train_learning_rate': 0.009735100295556588, 'train_lr_reduce': 0.6}. Best is trial 130 with value: 0.0812772810459137.
[I 2024-12-16 00:40:06,980] Trial 1842 finished with value: 0.09266199171543121 and parameters: {'mlp_n_layers': 2, 'mlp_dim_00': 224, 'mlp_dim_01': 224, 'hidden_channels': 64, 'num_layers': 1, 'num_timesteps': 4, 'dropout': 0.2535710797014369, 'train_learning_rate': 0.0071129660740204105, 'train_lr_reduce': 0.6}. Best is trial 130 with value: 0.0812772810459137.
[I 2024-12-16 00:40:07,130] Trial 1843 finished with value: 0.10054129362106323 and parameters: {'mlp_n_layers': 2, 'mlp_dim_00': 224, 'mlp_dim_01': 144, 'hidden_channels': 80, 'num_layers': 1, 'num_timesteps': 4, 'dropout': 0.26304976882246645, 'train_learning_rate': 0.004950253242164362, 'train_lr_reduce': 0.6}. Best is trial 130 with value: 0.0812772810459137.
[I 2024-12-16 00:40:19,508] Trial 1844 finished with value: 0.11392556875944138 and parameters: {'mlp_n_layers': 2, 'mlp_dim_00': 256, 'mlp_dim_01': 192, 'hidden_channels': 32, 'num_layers': 2, 'num_timesteps': 2, 'dropout': 0.2659854409674736, 'train_learning_rate': 0.0023438679106685496, 'train_lr_reduce': 0.6}. Best is trial 130 with value: 0.0812772810459137.
[I 2024-12-16 00:40:20,384] Trial 1846 finished with value: 0.10120364278554916 and parameters: {'mlp_n_layers': 2, 'mlp_dim_00': 176, 'mlp_dim_01': 256, 'hidden_channels': 48, 'num_layers': 2, 'num_timesteps': 3, 'dropout': 0.2160992020966599, 'train_learning_rate': 0.0047404609714453054, 'train_lr_reduce': 0.6}. Best is trial 130 with value: 0.0812772810459137.
[I 2024-12-16 00:40:31,160] Trial 1847 finished with value: 0.12056910246610641 and parameters: {'mlp_n_layers': 2, 'mlp_dim_00': 240, 'mlp_dim_01': 176, 'hidden_channels': 64, 'num_layers': 1, 'num_timesteps': 3, 'dropout': 0.2628207472891811, 'train_learning_rate': 0.002387533154355956, 'train_lr_reduce': 0.6}. Best is trial 130 with value: 0.0812772810459137.
[I 2024-12-16 00:40:35,634] Trial 1848 finished with value: 0.10024315863847733 and parameters: {'mlp_n_layers': 2, 'mlp_dim_00': 240, 'mlp_dim_01': 144, 'hidden_channels': 48, 'num_layers': 1, 'num_timesteps': 3, 'dropout': 0.256174706663699, 'train_learning_rate': 0.0062945707307575025, 'train_lr_reduce': 0.6}. Best is trial 130 with value: 0.0812772810459137.
[I 2024-12-16 00:40:36,683] Trial 1845 finished with value: 0.17389704287052155 and parameters: {'mlp_n_layers': 2, 'mlp_dim_00': 96, 'mlp_dim_01': 144, 'hidden_channels': 208, 'num_layers': 3, 'num_timesteps': 2, 'dropout': 0.25997341526524087, 'train_learning_rate': 0.0001343809475674601, 'train_lr_reduce': 0.6}. Best is trial 130 with value: 0.0812772810459137.
[I 2024-12-16 00:40:44,647] Trial 1849 finished with value: 0.09248275309801102 and parameters: {'mlp_n_layers': 2, 'mlp_dim_00': 240, 'mlp_dim_01': 208, 'hidden_channels': 32, 'num_layers': 1, 'num_timesteps': 3, 'dropout': 0.28131746075967684, 'train_learning_rate': 0.007678119125295492, 'train_lr_reduce': 0.6}. Best is trial 130 with value: 0.0812772810459137.
[I 2024-12-16 00:40:47,246] Trial 1850 finished with value: 0.11014800518751144 and parameters: {'mlp_n_layers': 2, 'mlp_dim_00': 240, 'mlp_dim_01': 208, 'hidden_channels': 32, 'num_layers': 1, 'num_timesteps': 2, 'dropout': 0.2955024379928489, 'train_learning_rate': 0.004693738086049357, 'train_lr_reduce': 0.6}. Best is trial 130 with value: 0.0812772810459137.
[I 2024-12-16 00:40:47,584] Trial 1851 finished with value: 0.10963183641433716 and parameters: {'mlp_n_layers': 2, 'mlp_dim_00': 224, 'mlp_dim_01': 176, 'hidden_channels': 64, 'num_layers': 2, 'num_timesteps': 3, 'dropout': 0.2267454948757778, 'train_learning_rate': 0.005105064867372237, 'train_lr_reduce': 0.6}. Best is trial 130 with value: 0.0812772810459137.
[I 2024-12-16 00:40:55,634] Trial 1854 finished with value: 0.11365366727113724 and parameters: {'mlp_n_layers': 2, 'mlp_dim_00': 160, 'mlp_dim_01': 208, 'hidden_channels': 64, 'num_layers': 1, 'num_timesteps': 2, 'dropout': 0.24536048125755866, 'train_learning_rate': 0.004988880192981309, 'train_lr_reduce': 0.6}. Best is trial 130 with value: 0.0812772810459137.
[I 2024-12-16 00:41:00,143] Trial 1853 finished with value: 0.10783927142620087 and parameters: {'mlp_n_layers': 2, 'mlp_dim_00': 256, 'mlp_dim_01': 224, 'hidden_channels': 32, 'num_layers': 2, 'num_timesteps': 4, 'dropout': 0.12985682334098145, 'train_learning_rate': 0.009344205196756576, 'train_lr_reduce': 0.6}. Best is trial 130 with value: 0.0812772810459137.
[I 2024-12-16 00:41:01,667] Trial 1852 finished with value: 0.13500726222991943 and parameters: {'mlp_n_layers': 2, 'mlp_dim_00': 240, 'mlp_dim_01': 208, 'hidden_channels': 96, 'num_layers': 2, 'num_timesteps': 3, 'dropout': 0.23526708452861983, 'train_learning_rate': 0.009281568896612587, 'train_lr_reduce': 0.6}. Best is trial 130 with value: 0.0812772810459137.
[I 2024-12-16 00:41:05,352] Trial 1855 finished with value: 0.14621616899967194 and parameters: {'mlp_n_layers': 2, 'mlp_dim_00': 208, 'mlp_dim_01': 208, 'hidden_channels': 64, 'num_layers': 1, 'num_timesteps': 2, 'dropout': 0.2824273701424175, 'train_learning_rate': 0.008193860686418135, 'train_lr_reduce': 0.6}. Best is trial 130 with value: 0.0812772810459137.
[I 2024-12-16 00:41:11,242] Trial 1856 finished with value: 0.11106257885694504 and parameters: {'mlp_n_layers': 2, 'mlp_dim_00': 224, 'mlp_dim_01': 192, 'hidden_channels': 64, 'num_layers': 1, 'num_timesteps': 2, 'dropout': 0.17961491870447416, 'train_learning_rate': 0.009711707057808194, 'train_lr_reduce': 0.6}. Best is trial 130 with value: 0.0812772810459137.
[I 2024-12-16 00:41:24,552] Trial 1857 finished with value: 0.12611371278762817 and parameters: {'mlp_n_layers': 3, 'mlp_dim_00': 224, 'mlp_dim_01': 176, 'mlp_dim_02': 64, 'hidden_channels': 80, 'num_layers': 2, 'num_timesteps': 3, 'dropout': 0.11082092260012591, 'train_learning_rate': 0.009665943746031448, 'train_lr_reduce': 0.6}. Best is trial 130 with value: 0.0812772810459137.
[I 2024-12-16 00:41:30,666] Trial 1858 finished with value: 0.12832330167293549 and parameters: {'mlp_n_layers': 2, 'mlp_dim_00': 256, 'mlp_dim_01': 208, 'hidden_channels': 256, 'num_layers': 3, 'num_timesteps': 3, 'dropout': 0.10689489198142563, 'train_learning_rate': 0.0011683952264007862, 'train_lr_reduce': 0.6}. Best is trial 130 with value: 0.0812772810459137.
[I 2024-12-16 00:41:38,391] Trial 1860 finished with value: 0.10399836301803589 and parameters: {'mlp_n_layers': 2, 'mlp_dim_00': 192, 'mlp_dim_01': 192, 'hidden_channels': 32, 'num_layers': 2, 'num_timesteps': 3, 'dropout': 0.1917037253504838, 'train_learning_rate': 0.006318046889599539, 'train_lr_reduce': 0.6}. Best is trial 130 with value: 0.0812772810459137.
[I 2024-12-16 00:41:43,477] Trial 1859 finished with value: 0.15612506866455078 and parameters: {'mlp_n_layers': 3, 'mlp_dim_00': 192, 'mlp_dim_01': 96, 'mlp_dim_02': 48, 'hidden_channels': 240, 'num_layers': 4, 'num_timesteps': 2, 'dropout': 0.006163573837055458, 'train_learning_rate': 0.0016277451863244009, 'train_lr_reduce': 0.6}. Best is trial 130 with value: 0.0812772810459137.
[I 2024-12-16 00:41:44,025] Trial 1861 finished with value: 0.10052981227636337 and parameters: {'mlp_n_layers': 2, 'mlp_dim_00': 224, 'mlp_dim_01': 176, 'hidden_channels': 48, 'num_layers': 2, 'num_timesteps': 2, 'dropout': 0.26480634712576273, 'train_learning_rate': 0.0073285832995314175, 'train_lr_reduce': 0.6}. Best is trial 130 with value: 0.0812772810459137.
