[I 2024-12-26 03:28:03,798] Trial 1610 finished with value: 0.08538299053907394 and parameters: {'L1_hidden_dim': 112, 'L1_layers_atom': 1, 'L1_layers_mol': 3, 'L1_dropout': 0.24333505109428455, 'L1_out_dim': 80, 'L2_hidden_dim': 240, 'L2_layers_atom': 1, 'L2_layers_mol': 4, 'L2_out_dim': 128, 'L2_dropout': 0.10836947852650275, 'L3_hidden_dim': 48, 'L3_layers_atom': 4, 'L3_layers_mol': 3, 'L3_out_dim': 96, 'L3_dropout': 0.29113689477604476, 'n_mlp_layers': 3, 'mlp_dim_0': 256, 'mlp_dim_1': 448, 'mlp_dim_2': 32, 'num_heads': 1, 'final_dropout': 0.015190571420767102, 'train_learning_rate': 0.0007020115096445826, 'train_lr_reduce': 0.6}. Best is trial 1286 with value: 0.03935658559203148.
[I 2024-12-26 03:29:20,348] Trial 1611 finished with value: 0.05742225423455238 and parameters: {'L1_hidden_dim': 64, 'L1_layers_atom': 4, 'L1_layers_mol': 2, 'L1_dropout': 0.17713859452312522, 'L1_out_dim': 64, 'L2_hidden_dim': 160, 'L2_layers_atom': 3, 'L2_layers_mol': 2, 'L2_out_dim': 112, 'L2_dropout': 0.09094406773019578, 'L3_hidden_dim': 128, 'L3_layers_atom': 3, 'L3_layers_mol': 1, 'L3_out_dim': 32, 'L3_dropout': 0.29333880839890225, 'n_mlp_layers': 3, 'mlp_dim_0': 240, 'mlp_dim_1': 472, 'mlp_dim_2': 160, 'num_heads': 1, 'final_dropout': 0.09765337319216076, 'train_learning_rate': 0.0012532695837505564, 'train_lr_reduce': 0.6}. Best is trial 1286 with value: 0.03935658559203148.
[I 2024-12-26 03:29:57,876] Trial 1613 finished with value: 0.48176100850105286 and parameters: {'L1_hidden_dim': 160, 'L1_layers_atom': 2, 'L1_layers_mol': 4, 'L1_dropout': 0.11474964112189232, 'L1_out_dim': 48, 'L2_hidden_dim': 80, 'L2_layers_atom': 4, 'L2_layers_mol': 3, 'L2_out_dim': 64, 'L2_dropout': 0.2594866839749474, 'L3_hidden_dim': 128, 'L3_layers_atom': 2, 'L3_layers_mol': 2, 'L3_out_dim': 48, 'L3_dropout': 0.2705147570895977, 'n_mlp_layers': 2, 'mlp_dim_0': 152, 'mlp_dim_1': 384, 'num_heads': 1, 'final_dropout': 0.09368598899104166, 'train_learning_rate': 0.0002878576256857108, 'train_lr_reduce': 0.6}. Best is trial 1286 with value: 0.03935658559203148.
[I 2024-12-26 03:30:03,463] Trial 1612 finished with value: 0.09479016065597534 and parameters: {'L1_hidden_dim': 240, 'L1_layers_atom': 1, 'L1_layers_mol': 1, 'L1_dropout': 0.04871943306653605, 'L1_out_dim': 64, 'L2_hidden_dim': 64, 'L2_layers_atom': 2, 'L2_layers_mol': 2, 'L2_out_dim': 80, 'L2_dropout': 0.02740259305676296, 'L3_hidden_dim': 128, 'L3_layers_atom': 4, 'L3_layers_mol': 3, 'L3_out_dim': 128, 'L3_dropout': 0.19883873435192895, 'n_mlp_layers': 2, 'mlp_dim_0': 296, 'mlp_dim_1': 384, 'num_heads': 2, 'final_dropout': 0.24381959480293922, 'train_learning_rate': 0.0004231594134919529, 'train_lr_reduce': 0.6}. Best is trial 1286 with value: 0.03935658559203148.
[I 2024-12-26 03:30:54,996] Trial 1614 finished with value: 0.06551948189735413 and parameters: {'L1_hidden_dim': 80, 'L1_layers_atom': 4, 'L1_layers_mol': 3, 'L1_dropout': 0.17381635397917722, 'L1_out_dim': 48, 'L2_hidden_dim': 192, 'L2_layers_atom': 3, 'L2_layers_mol': 2, 'L2_out_dim': 112, 'L2_dropout': 0.042033017887516864, 'L3_hidden_dim': 128, 'L3_layers_atom': 2, 'L3_layers_mol': 1, 'L3_out_dim': 48, 'L3_dropout': 0.2864621254157063, 'n_mlp_layers': 3, 'mlp_dim_0': 336, 'mlp_dim_1': 432, 'mlp_dim_2': 176, 'num_heads': 1, 'final_dropout': 0.16658821553403186, 'train_learning_rate': 0.0007115787940929383, 'train_lr_reduce': 0.6}. Best is trial 1286 with value: 0.03935658559203148.
[I 2024-12-26 03:31:30,485] Trial 1615 finished with value: 0.09502767026424408 and parameters: {'L1_hidden_dim': 224, 'L1_layers_atom': 2, 'L1_layers_mol': 4, 'L1_dropout': 0.06693010100328473, 'L1_out_dim': 128, 'L2_hidden_dim': 192, 'L2_layers_atom': 2, 'L2_layers_mol': 2, 'L2_out_dim': 96, 'L2_dropout': 0.15740520551097298, 'L3_hidden_dim': 64, 'L3_layers_atom': 2, 'L3_layers_mol': 4, 'L3_out_dim': 32, 'L3_dropout': 0.14803355726814169, 'n_mlp_layers': 3, 'mlp_dim_0': 472, 'mlp_dim_1': 432, 'mlp_dim_2': 200, 'num_heads': 1, 'final_dropout': 0.18550112530618598, 'train_learning_rate': 0.0060388797822597635, 'train_lr_reduce': 0.6}. Best is trial 1286 with value: 0.03935658559203148.
[I 2024-12-26 03:31:30,853] Trial 1616 finished with value: 0.08557925373315811 and parameters: {'L1_hidden_dim': 64, 'L1_layers_atom': 1, 'L1_layers_mol': 4, 'L1_dropout': 0.2596981263719261, 'L1_out_dim': 128, 'L2_hidden_dim': 224, 'L2_layers_atom': 1, 'L2_layers_mol': 4, 'L2_out_dim': 128, 'L2_dropout': 0.1041689318109932, 'L3_hidden_dim': 96, 'L3_layers_atom': 4, 'L3_layers_mol': 2, 'L3_out_dim': 96, 'L3_dropout': 0.2536263603880644, 'n_mlp_layers': 2, 'mlp_dim_0': 64, 'mlp_dim_1': 432, 'num_heads': 1, 'final_dropout': 0.06657650685647681, 'train_learning_rate': 0.004552619481479067, 'train_lr_reduce': 0.6}. Best is trial 1286 with value: 0.03935658559203148.
[I 2024-12-26 03:32:15,951] Trial 1617 finished with value: 0.09036397933959961 and parameters: {'L1_hidden_dim': 64, 'L1_layers_atom': 4, 'L1_layers_mol': 2, 'L1_dropout': 0.2176002755252138, 'L1_out_dim': 96, 'L2_hidden_dim': 112, 'L2_layers_atom': 1, 'L2_layers_mol': 1, 'L2_out_dim': 128, 'L2_dropout': 0.045801261188196746, 'L3_hidden_dim': 128, 'L3_layers_atom': 4, 'L3_layers_mol': 1, 'L3_out_dim': 64, 'L3_dropout': 0.23961771863023112, 'n_mlp_layers': 2, 'mlp_dim_0': 232, 'mlp_dim_1': 392, 'num_heads': 2, 'final_dropout': 0.13299187589380623, 'train_learning_rate': 0.0005825370903557791, 'train_lr_reduce': 0.6}. Best is trial 1286 with value: 0.03935658559203148.
[I 2024-12-26 03:32:53,972] Trial 1619 finished with value: 0.08718909323215485 and parameters: {'L1_hidden_dim': 96, 'L1_layers_atom': 3, 'L1_layers_mol': 2, 'L1_dropout': 0.15987201384646008, 'L1_out_dim': 64, 'L2_hidden_dim': 160, 'L2_layers_atom': 3, 'L2_layers_mol': 1, 'L2_out_dim': 80, 'L2_dropout': 0.08904837687788587, 'L3_hidden_dim': 112, 'L3_layers_atom': 2, 'L3_layers_mol': 1, 'L3_out_dim': 48, 'L3_dropout': 0.26013071427928525, 'n_mlp_layers': 3, 'mlp_dim_0': 120, 'mlp_dim_1': 400, 'mlp_dim_2': 240, 'num_heads': 2, 'final_dropout': 0.08055454925036029, 'train_learning_rate': 0.0021060257868132687, 'train_lr_reduce': 0.6}. Best is trial 1286 with value: 0.03935658559203148.
[I 2024-12-26 03:33:08,001] Trial 1618 finished with value: 0.13571378588676453 and parameters: {'L1_hidden_dim': 64, 'L1_layers_atom': 4, 'L1_layers_mol': 3, 'L1_dropout': 0.2977749349740109, 'L1_out_dim': 112, 'L2_hidden_dim': 208, 'L2_layers_atom': 1, 'L2_layers_mol': 4, 'L2_out_dim': 112, 'L2_dropout': 0.0012440253488642597, 'L3_hidden_dim': 96, 'L3_layers_atom': 3, 'L3_layers_mol': 2, 'L3_out_dim': 112, 'L3_dropout': 0.16176286773718665, 'n_mlp_layers': 2, 'mlp_dim_0': 304, 'mlp_dim_1': 440, 'num_heads': 1, 'final_dropout': 0.13051883647545465, 'train_learning_rate': 0.005885537847441998, 'train_lr_reduce': 0.6}. Best is trial 1286 with value: 0.03935658559203148.
[I 2024-12-26 03:33:37,027] Trial 1620 finished with value: 0.06439350545406342 and parameters: {'L1_hidden_dim': 64, 'L1_layers_atom': 4, 'L1_layers_mol': 4, 'L1_dropout': 0.2619081882601733, 'L1_out_dim': 96, 'L2_hidden_dim': 176, 'L2_layers_atom': 2, 'L2_layers_mol': 1, 'L2_out_dim': 128, 'L2_dropout': 0.05854535195878394, 'L3_hidden_dim': 112, 'L3_layers_atom': 4, 'L3_layers_mol': 1, 'L3_out_dim': 96, 'L3_dropout': 0.25701763033336134, 'n_mlp_layers': 2, 'mlp_dim_0': 288, 'mlp_dim_1': 432, 'num_heads': 2, 'final_dropout': 0.11743350890571151, 'train_learning_rate': 0.000971609165872354, 'train_lr_reduce': 0.6}. Best is trial 1286 with value: 0.03935658559203148.
[I 2024-12-26 03:34:22,813] Trial 1621 finished with value: 0.08415848016738892 and parameters: {'L1_hidden_dim': 112, 'L1_layers_atom': 4, 'L1_layers_mol': 4, 'L1_dropout': 0.2086991189885622, 'L1_out_dim': 48, 'L2_hidden_dim': 176, 'L2_layers_atom': 1, 'L2_layers_mol': 1, 'L2_out_dim': 128, 'L2_dropout': 0.04052442072450239, 'L3_hidden_dim': 128, 'L3_layers_atom': 4, 'L3_layers_mol': 1, 'L3_out_dim': 48, 'L3_dropout': 0.13721465258226956, 'n_mlp_layers': 2, 'mlp_dim_0': 200, 'mlp_dim_1': 384, 'num_heads': 2, 'final_dropout': 0.2248319358978785, 'train_learning_rate': 0.00029920293966202385, 'train_lr_reduce': 0.6}. Best is trial 1286 with value: 0.03935658559203148.
[I 2024-12-26 03:34:50,780] Trial 1622 finished with value: 0.055413953959941864 and parameters: {'L1_hidden_dim': 64, 'L1_layers_atom': 4, 'L1_layers_mol': 3, 'L1_dropout': 0.2617922085695728, 'L1_out_dim': 96, 'L2_hidden_dim': 192, 'L2_layers_atom': 2, 'L2_layers_mol': 3, 'L2_out_dim': 128, 'L2_dropout': 0.005012444352997521, 'L3_hidden_dim': 112, 'L3_layers_atom': 3, 'L3_layers_mol': 1, 'L3_out_dim': 80, 'L3_dropout': 0.06364644514509722, 'n_mlp_layers': 2, 'mlp_dim_0': 248, 'mlp_dim_1': 424, 'num_heads': 2, 'final_dropout': 0.1693043914246514, 'train_learning_rate': 0.0022124396267859487, 'train_lr_reduce': 0.6}. Best is trial 1286 with value: 0.03935658559203148.
[I 2024-12-26 03:35:49,951] Trial 1624 finished with value: 0.10295068472623825 and parameters: {'L1_hidden_dim': 80, 'L1_layers_atom': 4, 'L1_layers_mol': 4, 'L1_dropout': 0.28223042281543426, 'L1_out_dim': 112, 'L2_hidden_dim': 208, 'L2_layers_atom': 2, 'L2_layers_mol': 2, 'L2_out_dim': 112, 'L2_dropout': 0.04041724083004854, 'L3_hidden_dim': 128, 'L3_layers_atom': 3, 'L3_layers_mol': 3, 'L3_out_dim': 112, 'L3_dropout': 0.2645039423489761, 'n_mlp_layers': 2, 'mlp_dim_0': 232, 'mlp_dim_1': 376, 'num_heads': 1, 'final_dropout': 0.07578522245183605, 'train_learning_rate': 0.006216084161924167, 'train_lr_reduce': 0.6}. Best is trial 1286 with value: 0.03935658559203148.
[I 2024-12-26 03:36:05,903] Trial 1625 finished with value: 0.07246977835893631 and parameters: {'L1_hidden_dim': 64, 'L1_layers_atom': 2, 'L1_layers_mol': 3, 'L1_dropout': 0.26478552222764123, 'L1_out_dim': 80, 'L2_hidden_dim': 160, 'L2_layers_atom': 2, 'L2_layers_mol': 3, 'L2_out_dim': 128, 'L2_dropout': 0.07398475057219672, 'L3_hidden_dim': 112, 'L3_layers_atom': 2, 'L3_layers_mol': 2, 'L3_out_dim': 96, 'L3_dropout': 0.10247963536755265, 'n_mlp_layers': 2, 'mlp_dim_0': 176, 'mlp_dim_1': 392, 'num_heads': 1, 'final_dropout': 0.19151794508213094, 'train_learning_rate': 0.002668504349559153, 'train_lr_reduce': 0.6}. Best is trial 1286 with value: 0.03935658559203148.
[I 2024-12-26 03:37:21,899] Trial 1626 finished with value: 0.07328428328037262 and parameters: {'L1_hidden_dim': 80, 'L1_layers_atom': 4, 'L1_layers_mol': 1, 'L1_dropout': 0.2339981560670241, 'L1_out_dim': 80, 'L2_hidden_dim': 208, 'L2_layers_atom': 3, 'L2_layers_mol': 3, 'L2_out_dim': 128, 'L2_dropout': 0.09673776587376894, 'L3_hidden_dim': 112, 'L3_layers_atom': 3, 'L3_layers_mol': 1, 'L3_out_dim': 96, 'L3_dropout': 0.06848442558289974, 'n_mlp_layers': 2, 'mlp_dim_0': 128, 'mlp_dim_1': 376, 'num_heads': 2, 'final_dropout': 0.09717573491234546, 'train_learning_rate': 0.00223839063574107, 'train_lr_reduce': 0.6}. Best is trial 1286 with value: 0.03935658559203148.
[I 2024-12-26 03:37:41,031] Trial 1627 finished with value: 0.0729096382856369 and parameters: {'L1_hidden_dim': 64, 'L1_layers_atom': 3, 'L1_layers_mol': 3, 'L1_dropout': 0.1711577087531632, 'L1_out_dim': 32, 'L2_hidden_dim': 176, 'L2_layers_atom': 4, 'L2_layers_mol': 3, 'L2_out_dim': 112, 'L2_dropout': 0.12308172307107554, 'L3_hidden_dim': 112, 'L3_layers_atom': 3, 'L3_layers_mol': 1, 'L3_out_dim': 32, 'L3_dropout': 0.2890839194539937, 'n_mlp_layers': 3, 'mlp_dim_0': 136, 'mlp_dim_1': 400, 'mlp_dim_2': 176, 'num_heads': 1, 'final_dropout': 0.09632252064794712, 'train_learning_rate': 0.001101308175023693, 'train_lr_reduce': 0.6}. Best is trial 1286 with value: 0.03935658559203148.
[I 2024-12-26 03:37:57,239] Trial 1623 finished with value: 0.09768553823232651 and parameters: {'L1_hidden_dim': 96, 'L1_layers_atom': 4, 'L1_layers_mol': 3, 'L1_dropout': 0.27805472651460883, 'L1_out_dim': 80, 'L2_hidden_dim': 208, 'L2_layers_atom': 1, 'L2_layers_mol': 2, 'L2_out_dim': 128, 'L2_dropout': 0.06427055452558289, 'L3_hidden_dim': 64, 'L3_layers_atom': 3, 'L3_layers_mol': 1, 'L3_out_dim': 80, 'L3_dropout': 0.06746980877181644, 'n_mlp_layers': 2, 'mlp_dim_0': 232, 'mlp_dim_1': 448, 'num_heads': 2, 'final_dropout': 0.15697236313650903, 'train_learning_rate': 0.004414804350541945, 'train_lr_reduce': 0.6}. Best is trial 1286 with value: 0.03935658559203148.
[I 2024-12-26 03:38:40,131] Trial 1628 finished with value: 0.07677564024925232 and parameters: {'L1_hidden_dim': 96, 'L1_layers_atom': 1, 'L1_layers_mol': 2, 'L1_dropout': 0.2142734096403174, 'L1_out_dim': 80, 'L2_hidden_dim': 224, 'L2_layers_atom': 4, 'L2_layers_mol': 2, 'L2_out_dim': 128, 'L2_dropout': 0.053582835096363204, 'L3_hidden_dim': 80, 'L3_layers_atom': 4, 'L3_layers_mol': 1, 'L3_out_dim': 112, 'L3_dropout': 0.12636552710980262, 'n_mlp_layers': 3, 'mlp_dim_0': 432, 'mlp_dim_1': 408, 'mlp_dim_2': 208, 'num_heads': 1, 'final_dropout': 0.05968680459423169, 'train_learning_rate': 0.0017201879340401009, 'train_lr_reduce': 0.6}. Best is trial 1286 with value: 0.03935658559203148.
[I 2024-12-26 03:39:18,376] Trial 1630 finished with value: 0.082365021109581 and parameters: {'L1_hidden_dim': 64, 'L1_layers_atom': 4, 'L1_layers_mol': 3, 'L1_dropout': 0.25828930982925713, 'L1_out_dim': 128, 'L2_hidden_dim': 256, 'L2_layers_atom': 2, 'L2_layers_mol': 3, 'L2_out_dim': 96, 'L2_dropout': 0.002413188341747854, 'L3_hidden_dim': 96, 'L3_layers_atom': 3, 'L3_layers_mol': 2, 'L3_out_dim': 80, 'L3_dropout': 0.033639042581467125, 'n_mlp_layers': 2, 'mlp_dim_0': 168, 'mlp_dim_1': 384, 'num_heads': 2, 'final_dropout': 0.1631578845816935, 'train_learning_rate': 0.0022140298146545003, 'train_lr_reduce': 0.6}. Best is trial 1286 with value: 0.03935658559203148.
[I 2024-12-26 03:39:27,228] Trial 1629 finished with value: 0.12576912343502045 and parameters: {'L1_hidden_dim': 112, 'L1_layers_atom': 4, 'L1_layers_mol': 3, 'L1_dropout': 0.23507373428969564, 'L1_out_dim': 96, 'L2_hidden_dim': 160, 'L2_layers_atom': 1, 'L2_layers_mol': 1, 'L2_out_dim': 64, 'L2_dropout': 0.006355230912350084, 'L3_hidden_dim': 128, 'L3_layers_atom': 4, 'L3_layers_mol': 3, 'L3_out_dim': 112, 'L3_dropout': 0.2164509121484888, 'n_mlp_layers': 1, 'mlp_dim_0': 240, 'num_heads': 2, 'final_dropout': 0.0036137927799628627, 'train_learning_rate': 0.003940150405420852, 'train_lr_reduce': 0.6}. Best is trial 1286 with value: 0.03935658559203148.
[I 2024-12-26 03:40:42,785] Trial 1631 finished with value: 0.10631866008043289 and parameters: {'L1_hidden_dim': 112, 'L1_layers_atom': 4, 'L1_layers_mol': 3, 'L1_dropout': 0.23472380622461714, 'L1_out_dim': 96, 'L2_hidden_dim': 176, 'L2_layers_atom': 2, 'L2_layers_mol': 1, 'L2_out_dim': 80, 'L2_dropout': 0.05568568810173868, 'L3_hidden_dim': 128, 'L3_layers_atom': 4, 'L3_layers_mol': 2, 'L3_out_dim': 96, 'L3_dropout': 0.2740118832443176, 'n_mlp_layers': 2, 'mlp_dim_0': 88, 'mlp_dim_1': 424, 'num_heads': 2, 'final_dropout': 0.10080936678450902, 'train_learning_rate': 0.007388271551869824, 'train_lr_reduce': 0.6}. Best is trial 1286 with value: 0.03935658559203148.
[I 2024-12-26 03:40:45,429] Trial 1632 finished with value: 0.09814701229333878 and parameters: {'L1_hidden_dim': 80, 'L1_layers_atom': 4, 'L1_layers_mol': 3, 'L1_dropout': 0.2856926877241411, 'L1_out_dim': 112, 'L2_hidden_dim': 176, 'L2_layers_atom': 2, 'L2_layers_mol': 4, 'L2_out_dim': 112, 'L2_dropout': 0.003309225029868664, 'L3_hidden_dim': 112, 'L3_layers_atom': 4, 'L3_layers_mol': 2, 'L3_out_dim': 96, 'L3_dropout': 0.07488959840621211, 'n_mlp_layers': 3, 'mlp_dim_0': 168, 'mlp_dim_1': 376, 'mlp_dim_2': 200, 'num_heads': 2, 'final_dropout': 0.23525173238107716, 'train_learning_rate': 0.009728548467086106, 'train_lr_reduce': 0.6}. Best is trial 1286 with value: 0.03935658559203148.
[I 2024-12-26 03:41:39,234] Trial 1633 finished with value: 0.10841448605060577 and parameters: {'L1_hidden_dim': 96, 'L1_layers_atom': 4, 'L1_layers_mol': 2, 'L1_dropout': 0.24960944771737278, 'L1_out_dim': 80, 'L2_hidden_dim': 176, 'L2_layers_atom': 2, 'L2_layers_mol': 4, 'L2_out_dim': 128, 'L2_dropout': 0.033736248182859016, 'L3_hidden_dim': 128, 'L3_layers_atom': 2, 'L3_layers_mol': 1, 'L3_out_dim': 80, 'L3_dropout': 0.10929606812456169, 'n_mlp_layers': 3, 'mlp_dim_0': 224, 'mlp_dim_1': 416, 'mlp_dim_2': 216, 'num_heads': 2, 'final_dropout': 0.12803537043192165, 'train_learning_rate': 0.004997845178251315, 'train_lr_reduce': 0.6}. Best is trial 1286 with value: 0.03935658559203148.
[I 2024-12-26 03:42:09,371] Trial 1635 finished with value: 0.07184252887964249 and parameters: {'L1_hidden_dim': 96, 'L1_layers_atom': 3, 'L1_layers_mol': 4, 'L1_dropout': 0.09846716720466678, 'L1_out_dim': 64, 'L2_hidden_dim': 176, 'L2_layers_atom': 3, 'L2_layers_mol': 1, 'L2_out_dim': 128, 'L2_dropout': 0.18507679655897546, 'L3_hidden_dim': 96, 'L3_layers_atom': 2, 'L3_layers_mol': 1, 'L3_out_dim': 32, 'L3_dropout': 0.19952398868992122, 'n_mlp_layers': 3, 'mlp_dim_0': 272, 'mlp_dim_1': 424, 'mlp_dim_2': 240, 'num_heads': 1, 'final_dropout': 0.07650674251886994, 'train_learning_rate': 0.0014845998768398946, 'train_lr_reduce': 0.6}. Best is trial 1286 with value: 0.03935658559203148.
[I 2024-12-26 03:42:19,733] Trial 1634 finished with value: 0.06854310631752014 and parameters: {'L1_hidden_dim': 80, 'L1_layers_atom': 3, 'L1_layers_mol': 4, 'L1_dropout': 0.14838776438658385, 'L1_out_dim': 48, 'L2_hidden_dim': 192, 'L2_layers_atom': 2, 'L2_layers_mol': 3, 'L2_out_dim': 32, 'L2_dropout': 0.084917156300116, 'L3_hidden_dim': 32, 'L3_layers_atom': 2, 'L3_layers_mol': 3, 'L3_out_dim': 64, 'L3_dropout': 0.011739369269586186, 'n_mlp_layers': 3, 'mlp_dim_0': 464, 'mlp_dim_1': 376, 'mlp_dim_2': 160, 'num_heads': 1, 'final_dropout': 0.08861861357093274, 'train_learning_rate': 0.0015049401344065037, 'train_lr_reduce': 0.6}. Best is trial 1286 with value: 0.03935658559203148.
[I 2024-12-26 03:43:04,672] Trial 1636 finished with value: 0.08020452409982681 and parameters: {'L1_hidden_dim': 64, 'L1_layers_atom': 1, 'L1_layers_mol': 2, 'L1_dropout': 0.2746109044592657, 'L1_out_dim': 64, 'L2_hidden_dim': 192, 'L2_layers_atom': 3, 'L2_layers_mol': 2, 'L2_out_dim': 112, 'L2_dropout': 0.09509523715496424, 'L3_hidden_dim': 112, 'L3_layers_atom': 3, 'L3_layers_mol': 1, 'L3_out_dim': 80, 'L3_dropout': 0.17887145699875365, 'n_mlp_layers': 2, 'mlp_dim_0': 248, 'mlp_dim_1': 376, 'num_heads': 1, 'final_dropout': 0.05436533763535092, 'train_learning_rate': 0.0025818839300866332, 'train_lr_reduce': 0.6}. Best is trial 1286 with value: 0.03935658559203148.
[I 2024-12-26 03:43:45,021] Trial 1637 finished with value: 0.10064934939146042 and parameters: {'L1_hidden_dim': 64, 'L1_layers_atom': 4, 'L1_layers_mol': 2, 'L1_dropout': 0.23314514846534715, 'L1_out_dim': 48, 'L2_hidden_dim': 96, 'L2_layers_atom': 3, 'L2_layers_mol': 3, 'L2_out_dim': 128, 'L2_dropout': 0.17859480797983557, 'L3_hidden_dim': 112, 'L3_layers_atom': 2, 'L3_layers_mol': 1, 'L3_out_dim': 32, 'L3_dropout': 0.28656562580684236, 'n_mlp_layers': 3, 'mlp_dim_0': 208, 'mlp_dim_1': 432, 'mlp_dim_2': 168, 'num_heads': 1, 'final_dropout': 0.1376234318511274, 'train_learning_rate': 0.0010342745440358693, 'train_lr_reduce': 0.6}. Best is trial 1286 with value: 0.03935658559203148.
[I 2024-12-26 03:44:51,528] Trial 1638 finished with value: 0.08734098076820374 and parameters: {'L1_hidden_dim': 64, 'L1_layers_atom': 4, 'L1_layers_mol': 4, 'L1_dropout': 0.28299719088149183, 'L1_out_dim': 64, 'L2_hidden_dim': 224, 'L2_layers_atom': 2, 'L2_layers_mol': 2, 'L2_out_dim': 128, 'L2_dropout': 0.024870007573091036, 'L3_hidden_dim': 96, 'L3_layers_atom': 2, 'L3_layers_mol': 1, 'L3_out_dim': 64, 'L3_dropout': 0.15691419658742842, 'n_mlp_layers': 2, 'mlp_dim_0': 416, 'mlp_dim_1': 376, 'num_heads': 2, 'final_dropout': 0.1516945753788069, 'train_learning_rate': 0.00238493118039272, 'train_lr_reduce': 0.6}. Best is trial 1286 with value: 0.03935658559203148.
[I 2024-12-26 03:45:14,453] Trial 1640 finished with value: 0.05758708342909813 and parameters: {'L1_hidden_dim': 64, 'L1_layers_atom': 4, 'L1_layers_mol': 2, 'L1_dropout': 0.2350883192451191, 'L1_out_dim': 128, 'L2_hidden_dim': 160, 'L2_layers_atom': 3, 'L2_layers_mol': 3, 'L2_out_dim': 128, 'L2_dropout': 0.0527811503397541, 'L3_hidden_dim': 112, 'L3_layers_atom': 4, 'L3_layers_mol': 1, 'L3_out_dim': 80, 'L3_dropout': 0.011551572908196521, 'n_mlp_layers': 2, 'mlp_dim_0': 216, 'mlp_dim_1': 448, 'num_heads': 2, 'final_dropout': 0.2303504260591863, 'train_learning_rate': 0.001729346576820126, 'train_lr_reduce': 0.6}. Best is trial 1286 with value: 0.03935658559203148.
[I 2024-12-26 03:45:27,847] Trial 1639 finished with value: 0.08469340950250626 and parameters: {'L1_hidden_dim': 64, 'L1_layers_atom': 4, 'L1_layers_mol': 4, 'L1_dropout': 0.24933656743425123, 'L1_out_dim': 80, 'L2_hidden_dim': 144, 'L2_layers_atom': 1, 'L2_layers_mol': 1, 'L2_out_dim': 128, 'L2_dropout': 0.14344257154071519, 'L3_hidden_dim': 64, 'L3_layers_atom': 4, 'L3_layers_mol': 2, 'L3_out_dim': 64, 'L3_dropout': 0.20121755299171068, 'n_mlp_layers': 2, 'mlp_dim_0': 352, 'mlp_dim_1': 424, 'num_heads': 2, 'final_dropout': 0.09420051232541561, 'train_learning_rate': 0.0004375259709576749, 'train_lr_reduce': 0.6}. Best is trial 1286 with value: 0.03935658559203148.
[I 2024-12-26 03:46:30,405] Trial 1641 finished with value: 0.08085785806179047 and parameters: {'L1_hidden_dim': 64, 'L1_layers_atom': 3, 'L1_layers_mol': 2, 'L1_dropout': 0.1686840083928846, 'L1_out_dim': 112, 'L2_hidden_dim': 128, 'L2_layers_atom': 3, 'L2_layers_mol': 3, 'L2_out_dim': 96, 'L2_dropout': 0.003075296297698797, 'L3_hidden_dim': 128, 'L3_layers_atom': 3, 'L3_layers_mol': 3, 'L3_out_dim': 64, 'L3_dropout': 0.049269826750067344, 'n_mlp_layers': 2, 'mlp_dim_0': 328, 'mlp_dim_1': 376, 'num_heads': 2, 'final_dropout': 0.1277408273383111, 'train_learning_rate': 0.002165020570308034, 'train_lr_reduce': 0.6}. Best is trial 1286 with value: 0.03935658559203148.
