[I 2024-12-19 21:45:00,705] Trial 1929 finished with value: 0.15290921926498413 and parameters: {'mlp_n_layers': 2, 'mlp_dim_00': 360, 'mlp_dim_01': 123, 'node_hidden_dim': 68, 'edge_hidden_dim': 65, 'depth': 1, 'rep_dropout': 0.0003407236892971309, 'train_learning_rate': 0.0032416306223210863, 'train_lr_reduce': 0.6}. Best is trial 1909 with value: 0.10777772963047028.
[I 2024-12-19 21:45:05,967] Trial 1933 finished with value: 1.1456868648529053 and parameters: {'mlp_n_layers': 3, 'mlp_dim_00': 433, 'mlp_dim_01': 104, 'mlp_dim_02': 421, 'node_hidden_dim': 48, 'edge_hidden_dim': 66, 'depth': 1, 'rep_dropout': 0.009098243931665155, 'train_learning_rate': 0.003017761821651053, 'train_lr_reduce': 0.6}. Best is trial 1909 with value: 0.10777772963047028.
[I 2024-12-19 21:45:09,000] Trial 1931 finished with value: 0.15215755999088287 and parameters: {'mlp_n_layers': 2, 'mlp_dim_00': 504, 'mlp_dim_01': 183, 'node_hidden_dim': 34, 'edge_hidden_dim': 70, 'depth': 1, 'rep_dropout': 0.01204634043757792, 'train_learning_rate': 0.008124435591704992, 'train_lr_reduce': 0.6}. Best is trial 1909 with value: 0.10777772963047028.
[I 2024-12-19 21:45:18,796] Trial 1932 finished with value: 0.2672828733921051 and parameters: {'mlp_n_layers': 1, 'mlp_dim_00': 482, 'node_hidden_dim': 32, 'edge_hidden_dim': 77, 'depth': 1, 'rep_dropout': 0.02615487800956655, 'train_learning_rate': 0.004785725565837238, 'train_lr_reduce': 0.6}. Best is trial 1909 with value: 0.10777772963047028.
[I 2024-12-19 21:45:42,999] Trial 1934 finished with value: 0.17131881415843964 and parameters: {'mlp_n_layers': 2, 'mlp_dim_00': 411, 'mlp_dim_01': 69, 'node_hidden_dim': 47, 'edge_hidden_dim': 76, 'depth': 1, 'rep_dropout': 0.03230965434643112, 'train_learning_rate': 0.0031324937784592663, 'train_lr_reduce': 0.6}. Best is trial 1909 with value: 0.10777772963047028.
[I 2024-12-19 21:45:50,682] Trial 1935 finished with value: 0.2287036031484604 and parameters: {'mlp_n_layers': 1, 'mlp_dim_00': 397, 'node_hidden_dim': 35, 'edge_hidden_dim': 82, 'depth': 1, 'rep_dropout': 0.008528720078759825, 'train_learning_rate': 0.00664396869449669, 'train_lr_reduce': 0.6}. Best is trial 1909 with value: 0.10777772963047028.
[I 2024-12-19 21:45:59,931] Trial 1936 finished with value: 0.1604960858821869 and parameters: {'mlp_n_layers': 2, 'mlp_dim_00': 472, 'mlp_dim_01': 146, 'node_hidden_dim': 43, 'edge_hidden_dim': 67, 'depth': 1, 'rep_dropout': 0.012688509117992179, 'train_learning_rate': 0.003168663734774648, 'train_lr_reduce': 0.6}. Best is trial 1909 with value: 0.10777772963047028.
[I 2024-12-19 21:46:21,308] Trial 1938 finished with value: 0.18728265166282654 and parameters: {'mlp_n_layers': 2, 'mlp_dim_00': 450, 'mlp_dim_01': 133, 'node_hidden_dim': 37, 'edge_hidden_dim': 71, 'depth': 1, 'rep_dropout': 0.019230463469908476, 'train_learning_rate': 0.00985622454943343, 'train_lr_reduce': 0.6}. Best is trial 1909 with value: 0.10777772963047028.
[I 2024-12-19 21:46:24,112] Trial 1937 finished with value: 0.14313320815563202 and parameters: {'mlp_n_layers': 2, 'mlp_dim_00': 408, 'mlp_dim_01': 192, 'node_hidden_dim': 56, 'edge_hidden_dim': 83, 'depth': 1, 'rep_dropout': 0.01526905574245018, 'train_learning_rate': 0.004630482419950822, 'train_lr_reduce': 0.6}. Best is trial 1909 with value: 0.10777772963047028.
[I 2024-12-19 21:46:41,656] Trial 1939 finished with value: 0.14873649179935455 and parameters: {'mlp_n_layers': 2, 'mlp_dim_00': 384, 'mlp_dim_01': 135, 'node_hidden_dim': 36, 'edge_hidden_dim': 49, 'depth': 1, 'rep_dropout': 0.004804314121676064, 'train_learning_rate': 0.0034308838690185355, 'train_lr_reduce': 0.6}. Best is trial 1909 with value: 0.10777772963047028.
[I 2024-12-19 21:46:49,812] Trial 1941 finished with value: 0.15673328936100006 and parameters: {'mlp_n_layers': 2, 'mlp_dim_00': 500, 'mlp_dim_01': 190, 'node_hidden_dim': 46, 'edge_hidden_dim': 87, 'depth': 1, 'rep_dropout': 0.01394027759862344, 'train_learning_rate': 0.004918280872582136, 'train_lr_reduce': 0.6}. Best is trial 1909 with value: 0.10777772963047028.
[I 2024-12-19 21:47:05,622] Trial 1940 finished with value: 0.13213074207305908 and parameters: {'mlp_n_layers': 2, 'mlp_dim_00': 509, 'mlp_dim_01': 65, 'node_hidden_dim': 40, 'edge_hidden_dim': 98, 'depth': 1, 'rep_dropout': 0.01298360647581407, 'train_learning_rate': 0.0027455867131654437, 'train_lr_reduce': 0.6}. Best is trial 1909 with value: 0.10777772963047028.
[I 2024-12-19 21:47:26,808] Trial 1942 finished with value: 0.19458501040935516 and parameters: {'mlp_n_layers': 4, 'mlp_dim_00': 196, 'mlp_dim_01': 129, 'mlp_dim_02': 126, 'mlp_dim_03': 450, 'node_hidden_dim': 120, 'edge_hidden_dim': 108, 'depth': 1, 'rep_dropout': 0.0011690485415859209, 'train_learning_rate': 0.0017061511309278265, 'train_lr_reduce': 0.6}. Best is trial 1909 with value: 0.10777772963047028.
[I 2024-12-19 21:47:32,526] Trial 1945 finished with value: 1.1427427530288696 and parameters: {'mlp_n_layers': 2, 'mlp_dim_00': 414, 'mlp_dim_01': 97, 'node_hidden_dim': 51, 'edge_hidden_dim': 73, 'depth': 2, 'rep_dropout': 0.018876808343895213, 'train_learning_rate': 0.0034965912713273567, 'train_lr_reduce': 0.6}. Best is trial 1909 with value: 0.10777772963047028.
[I 2024-12-19 21:47:34,122] Trial 1943 finished with value: 0.13405126333236694 and parameters: {'mlp_n_layers': 2, 'mlp_dim_00': 489, 'mlp_dim_01': 104, 'node_hidden_dim': 34, 'edge_hidden_dim': 73, 'depth': 1, 'rep_dropout': 0.010438428651058575, 'train_learning_rate': 0.001721978335316903, 'train_lr_reduce': 0.6}. Best is trial 1909 with value: 0.10777772963047028.
[I 2024-12-19 21:47:55,869] Trial 1944 finished with value: 0.1697569042444229 and parameters: {'mlp_n_layers': 2, 'mlp_dim_00': 380, 'mlp_dim_01': 178, 'node_hidden_dim': 54, 'edge_hidden_dim': 73, 'depth': 1, 'rep_dropout': 0.00010426539071829022, 'train_learning_rate': 0.004685316657434894, 'train_lr_reduce': 0.6}. Best is trial 1909 with value: 0.10777772963047028.
[I 2024-12-19 21:48:16,969] Trial 1947 finished with value: 0.15490613877773285 and parameters: {'mlp_n_layers': 2, 'mlp_dim_00': 443, 'mlp_dim_01': 168, 'node_hidden_dim': 33, 'edge_hidden_dim': 72, 'depth': 1, 'rep_dropout': 0.032514848606812224, 'train_learning_rate': 0.004657490057055757, 'train_lr_reduce': 0.6}. Best is trial 1909 with value: 0.10777772963047028.
[I 2024-12-19 21:48:17,062] Trial 1946 finished with value: 0.1280284970998764 and parameters: {'mlp_n_layers': 1, 'mlp_dim_00': 368, 'node_hidden_dim': 33, 'edge_hidden_dim': 71, 'depth': 1, 'rep_dropout': 0.017866815092368947, 'train_learning_rate': 0.0022485082713141927, 'train_lr_reduce': 0.6}. Best is trial 1909 with value: 0.10777772963047028.
[I 2024-12-19 21:48:24,247] Trial 1950 finished with value: 1.142228364944458 and parameters: {'mlp_n_layers': 4, 'mlp_dim_00': 295, 'mlp_dim_01': 105, 'mlp_dim_02': 298, 'mlp_dim_03': 247, 'node_hidden_dim': 40, 'edge_hidden_dim': 91, 'depth': 2, 'rep_dropout': 0.06682716748110973, 'train_learning_rate': 0.00021779865600118415, 'train_lr_reduce': 0.6}. Best is trial 1909 with value: 0.10777772963047028.
[I 2024-12-19 21:48:29,946] Trial 1951 finished with value: 1.1441121101379395 and parameters: {'mlp_n_layers': 3, 'mlp_dim_00': 499, 'mlp_dim_01': 163, 'mlp_dim_02': 204, 'node_hidden_dim': 35, 'edge_hidden_dim': 80, 'depth': 2, 'rep_dropout': 0.016173009966840766, 'train_learning_rate': 0.006088283485378349, 'train_lr_reduce': 0.6}. Best is trial 1909 with value: 0.10777772963047028.
[I 2024-12-19 21:48:38,355] Trial 1948 finished with value: 0.14039024710655212 and parameters: {'mlp_n_layers': 1, 'mlp_dim_00': 378, 'node_hidden_dim': 33, 'edge_hidden_dim': 57, 'depth': 1, 'rep_dropout': 0.016896017484181063, 'train_learning_rate': 0.0032656452901929163, 'train_lr_reduce': 0.6}. Best is trial 1909 with value: 0.10777772963047028.
[I 2024-12-19 21:48:41,557] Trial 1949 finished with value: 0.21110500395298004 and parameters: {'mlp_n_layers': 1, 'mlp_dim_00': 411, 'node_hidden_dim': 36, 'edge_hidden_dim': 52, 'depth': 2, 'rep_dropout': 0.017671701824530095, 'train_learning_rate': 0.003793428673740314, 'train_lr_reduce': 0.6}. Best is trial 1909 with value: 0.10777772963047028.
[I 2024-12-19 21:48:47,457] Trial 1954 finished with value: 1.1426260471343994 and parameters: {'mlp_n_layers': 4, 'mlp_dim_00': 138, 'mlp_dim_01': 64, 'mlp_dim_02': 462, 'mlp_dim_03': 355, 'node_hidden_dim': 40, 'edge_hidden_dim': 91, 'depth': 1, 'rep_dropout': 0.1495527852352841, 'train_learning_rate': 0.0006350964720057185, 'train_lr_reduce': 0.6}. Best is trial 1909 with value: 0.10777772963047028.
[I 2024-12-19 21:48:52,577] Trial 1955 finished with value: 1.1430027484893799 and parameters: {'mlp_n_layers': 1, 'mlp_dim_00': 511, 'node_hidden_dim': 33, 'edge_hidden_dim': 110, 'depth': 2, 'rep_dropout': 0.019421007695459548, 'train_learning_rate': 0.00030727213760205403, 'train_lr_reduce': 0.6}. Best is trial 1909 with value: 0.10777772963047028.
[I 2024-12-19 21:48:58,179] Trial 1956 finished with value: 1.1455321311950684 and parameters: {'mlp_n_layers': 4, 'mlp_dim_00': 469, 'mlp_dim_01': 197, 'mlp_dim_02': 377, 'mlp_dim_03': 129, 'node_hidden_dim': 93, 'edge_hidden_dim': 106, 'depth': 3, 'rep_dropout': 0.029610615129375024, 'train_learning_rate': 0.0019145925894953567, 'train_lr_reduce': 0.6}. Best is trial 1909 with value: 0.10777772963047028.
[I 2024-12-19 21:49:10,934] Trial 1952 finished with value: 0.17203068733215332 and parameters: {'mlp_n_layers': 2, 'mlp_dim_00': 489, 'mlp_dim_01': 69, 'node_hidden_dim': 36, 'edge_hidden_dim': 81, 'depth': 1, 'rep_dropout': 0.0035337355096215035, 'train_learning_rate': 0.0020841757346473275, 'train_lr_reduce': 0.6}. Best is trial 1909 with value: 0.10777772963047028.
[I 2024-12-19 21:49:20,057] Trial 1953 finished with value: 0.1538783460855484 and parameters: {'mlp_n_layers': 2, 'mlp_dim_00': 374, 'mlp_dim_01': 140, 'node_hidden_dim': 50, 'edge_hidden_dim': 67, 'depth': 1, 'rep_dropout': 0.03268190550466792, 'train_learning_rate': 0.003477733090406121, 'train_lr_reduce': 0.6}. Best is trial 1909 with value: 0.10777772963047028.
[I 2024-12-19 21:49:25,693] Trial 1959 finished with value: 1.1425145864486694 and parameters: {'mlp_n_layers': 2, 'mlp_dim_00': 369, 'mlp_dim_01': 117, 'node_hidden_dim': 41, 'edge_hidden_dim': 71, 'depth': 1, 'rep_dropout': 0.008685913312542252, 'train_learning_rate': 0.0037175873537970867, 'train_lr_reduce': 0.6}. Best is trial 1909 with value: 0.10777772963047028.
[I 2024-12-19 21:49:39,040] Trial 1957 finished with value: 0.12627239525318146 and parameters: {'mlp_n_layers': 1, 'mlp_dim_00': 420, 'node_hidden_dim': 35, 'edge_hidden_dim': 61, 'depth': 1, 'rep_dropout': 0.011409244936132216, 'train_learning_rate': 0.002981163690001648, 'train_lr_reduce': 0.6}. Best is trial 1909 with value: 0.10777772963047028.
[I 2024-12-19 21:49:44,266] Trial 1960 finished with value: 0.23867380619049072 and parameters: {'mlp_n_layers': 1, 'mlp_dim_00': 388, 'node_hidden_dim': 48, 'edge_hidden_dim': 57, 'depth': 1, 'rep_dropout': 0.005595393899090298, 'train_learning_rate': 0.0025303278330676016, 'train_lr_reduce': 0.6}. Best is trial 1909 with value: 0.10777772963047028.
[I 2024-12-19 21:49:50,195] Trial 1958 finished with value: 0.15379208326339722 and parameters: {'mlp_n_layers': 1, 'mlp_dim_00': 421, 'node_hidden_dim': 33, 'edge_hidden_dim': 89, 'depth': 1, 'rep_dropout': 0.020557243295935505, 'train_learning_rate': 0.002431119235989517, 'train_lr_reduce': 0.6}. Best is trial 1909 with value: 0.10777772963047028.
[I 2024-12-19 21:49:54,735] Trial 1963 finished with value: 1.1439144611358643 and parameters: {'mlp_n_layers': 2, 'mlp_dim_00': 447, 'mlp_dim_01': 152, 'node_hidden_dim': 62, 'edge_hidden_dim': 86, 'depth': 1, 'rep_dropout': 0.010477083159616818, 'train_learning_rate': 0.000674666430837442, 'train_lr_reduce': 0.6}. Best is trial 1909 with value: 0.10777772963047028.
[I 2024-12-19 21:50:19,288] Trial 1961 finished with value: 0.13972386717796326 and parameters: {'mlp_n_layers': 2, 'mlp_dim_00': 439, 'mlp_dim_01': 195, 'node_hidden_dim': 32, 'edge_hidden_dim': 64, 'depth': 1, 'rep_dropout': 0.018506041871506018, 'train_learning_rate': 0.0031716890212074244, 'train_lr_reduce': 0.6}. Best is trial 1909 with value: 0.10777772963047028.
[I 2024-12-19 21:50:24,163] Trial 1962 finished with value: 0.13043084740638733 and parameters: {'mlp_n_layers': 1, 'mlp_dim_00': 377, 'node_hidden_dim': 49, 'edge_hidden_dim': 62, 'depth': 1, 'rep_dropout': 0.02369867126334726, 'train_learning_rate': 0.003422286248490279, 'train_lr_reduce': 0.6}. Best is trial 1909 with value: 0.10777772963047028.
[I 2024-12-19 21:50:25,083] Trial 1964 finished with value: 0.18676802515983582 and parameters: {'mlp_n_layers': 1, 'mlp_dim_00': 427, 'node_hidden_dim': 68, 'edge_hidden_dim': 56, 'depth': 1, 'rep_dropout': 0.025570732199358875, 'train_learning_rate': 0.002449779037911983, 'train_lr_reduce': 0.6}. Best is trial 1909 with value: 0.10777772963047028.
[I 2024-12-19 21:50:29,968] Trial 1965 finished with value: 0.7483250498771667 and parameters: {'mlp_n_layers': 2, 'mlp_dim_00': 298, 'mlp_dim_01': 120, 'node_hidden_dim': 46, 'edge_hidden_dim': 72, 'depth': 1, 'rep_dropout': 0.006460197597457725, 'train_learning_rate': 0.00993802951979289, 'train_lr_reduce': 0.6}. Best is trial 1909 with value: 0.10777772963047028.
[I 2024-12-19 21:50:30,135] Trial 1967 finished with value: 1.1423252820968628 and parameters: {'mlp_n_layers': 2, 'mlp_dim_00': 379, 'mlp_dim_01': 103, 'node_hidden_dim': 37, 'edge_hidden_dim': 50, 'depth': 2, 'rep_dropout': 0.000713038142493713, 'train_learning_rate': 0.002914494475221677, 'train_lr_reduce': 0.6}. Best is trial 1909 with value: 0.10777772963047028.
[I 2024-12-19 21:50:36,783] Trial 1968 finished with value: 1.1454659700393677 and parameters: {'mlp_n_layers': 1, 'mlp_dim_00': 497, 'node_hidden_dim': 122, 'edge_hidden_dim': 46, 'depth': 3, 'rep_dropout': 0.11984320750254476, 'train_learning_rate': 0.000657043589074627, 'train_lr_reduce': 0.6}. Best is trial 1909 with value: 0.10777772963047028.
[I 2024-12-19 21:50:43,974] Trial 1970 finished with value: 1.1415743827819824 and parameters: {'mlp_n_layers': 4, 'mlp_dim_00': 70, 'mlp_dim_01': 139, 'mlp_dim_02': 64, 'mlp_dim_03': 297, 'node_hidden_dim': 108, 'edge_hidden_dim': 69, 'depth': 2, 'rep_dropout': 0.0944714933765875, 'train_learning_rate': 0.00024675048627302684, 'train_lr_reduce': 0.6}. Best is trial 1909 with value: 0.10777772963047028.
[I 2024-12-19 21:50:45,999] Trial 1966 finished with value: 0.3144162893295288 and parameters: {'mlp_n_layers': 1, 'mlp_dim_00': 503, 'node_hidden_dim': 34, 'edge_hidden_dim': 58, 'depth': 2, 'rep_dropout': 0.03418347786840273, 'train_learning_rate': 0.006748286556427234, 'train_lr_reduce': 0.6}. Best is trial 1909 with value: 0.10777772963047028.
[I 2024-12-19 21:50:57,790] Trial 1969 finished with value: 0.1749740093946457 and parameters: {'mlp_n_layers': 2, 'mlp_dim_00': 510, 'mlp_dim_01': 188, 'node_hidden_dim': 53, 'edge_hidden_dim': 64, 'depth': 1, 'rep_dropout': 0.00788736342522869, 'train_learning_rate': 0.0033861437177431565, 'train_lr_reduce': 0.6}. Best is trial 1909 with value: 0.10777772963047028.
[I 2024-12-19 21:51:03,295] Trial 1973 finished with value: 1.1420069932937622 and parameters: {'mlp_n_layers': 2, 'mlp_dim_00': 88, 'mlp_dim_01': 144, 'node_hidden_dim': 47, 'edge_hidden_dim': 58, 'depth': 2, 'rep_dropout': 0.07055234921398858, 'train_learning_rate': 0.0010960604156223315, 'train_lr_reduce': 0.6}. Best is trial 1909 with value: 0.10777772963047028.
[I 2024-12-19 21:51:27,073] Trial 1971 finished with value: 0.28410252928733826 and parameters: {'mlp_n_layers': 2, 'mlp_dim_00': 391, 'mlp_dim_01': 202, 'node_hidden_dim': 40, 'edge_hidden_dim': 73, 'depth': 1, 'rep_dropout': 0.004848421947094185, 'train_learning_rate': 0.005860611647117967, 'train_lr_reduce': 0.6}. Best is trial 1909 with value: 0.10777772963047028.
[I 2024-12-19 21:51:28,345] Trial 1974 finished with value: 0.13073524832725525 and parameters: {'mlp_n_layers': 1, 'mlp_dim_00': 446, 'node_hidden_dim': 33, 'edge_hidden_dim': 56, 'depth': 1, 'rep_dropout': 0.003549414480616799, 'train_learning_rate': 0.003458856198721199, 'train_lr_reduce': 0.6}. Best is trial 1909 with value: 0.10777772963047028.
[I 2024-12-19 21:51:28,377] Trial 1972 finished with value: 0.1730187088251114 and parameters: {'mlp_n_layers': 2, 'mlp_dim_00': 388, 'mlp_dim_01': 66, 'node_hidden_dim': 44, 'edge_hidden_dim': 50, 'depth': 1, 'rep_dropout': 0.00013369530714078814, 'train_learning_rate': 0.004333528875981891, 'train_lr_reduce': 0.6}. Best is trial 1909 with value: 0.10777772963047028.
[I 2024-12-19 21:51:34,852] Trial 1977 finished with value: 1.144754409790039 and parameters: {'mlp_n_layers': 2, 'mlp_dim_00': 488, 'mlp_dim_01': 159, 'node_hidden_dim': 52, 'edge_hidden_dim': 38, 'depth': 4, 'rep_dropout': 0.03739236257908581, 'train_learning_rate': 0.0012693614348824574, 'train_lr_reduce': 0.6}. Best is trial 1909 with value: 0.10777772963047028.
[I 2024-12-19 21:51:45,145] Trial 1975 finished with value: 0.4702490270137787 and parameters: {'mlp_n_layers': 2, 'mlp_dim_00': 479, 'mlp_dim_01': 99, 'node_hidden_dim': 45, 'edge_hidden_dim': 93, 'depth': 2, 'rep_dropout': 0.0038329892699598463, 'train_learning_rate': 0.0057015528194041985, 'train_lr_reduce': 0.6}. Best is trial 1909 with value: 0.10777772963047028.
[I 2024-12-19 21:51:51,047] Trial 1979 finished with value: 1.1447519063949585 and parameters: {'mlp_n_layers': 2, 'mlp_dim_00': 404, 'mlp_dim_01': 65, 'node_hidden_dim': 34, 'edge_hidden_dim': 79, 'depth': 2, 'rep_dropout': 0.010903771101715889, 'train_learning_rate': 0.0020995575117159393, 'train_lr_reduce': 0.6}. Best is trial 1909 with value: 0.10777772963047028.
[I 2024-12-19 21:52:09,893] Trial 1976 finished with value: 0.13491801917552948 and parameters: {'mlp_n_layers': 1, 'mlp_dim_00': 504, 'node_hidden_dim': 40, 'edge_hidden_dim': 84, 'depth': 1, 'rep_dropout': 0.003537428637084365, 'train_learning_rate': 0.003168265149096059, 'train_lr_reduce': 0.6}. Best is trial 1909 with value: 0.10777772963047028.
[I 2024-12-19 21:52:19,068] Trial 1978 finished with value: 0.15944868326187134 and parameters: {'mlp_n_layers': 2, 'mlp_dim_00': 409, 'mlp_dim_01': 200, 'node_hidden_dim': 40, 'edge_hidden_dim': 71, 'depth': 1, 'rep_dropout': 0.0061110734321223065, 'train_learning_rate': 0.006406766892479055, 'train_lr_reduce': 0.6}. Best is trial 1909 with value: 0.10777772963047028.
[I 2024-12-19 21:52:24,550] Trial 1982 finished with value: 1.143158197402954 and parameters: {'mlp_n_layers': 3, 'mlp_dim_00': 349, 'mlp_dim_01': 105, 'mlp_dim_02': 291, 'node_hidden_dim': 32, 'edge_hidden_dim': 62, 'depth': 2, 'rep_dropout': 0.050940487123886886, 'train_learning_rate': 0.002708623519050119, 'train_lr_reduce': 0.6}. Best is trial 1909 with value: 0.10777772963047028.
[I 2024-12-19 21:52:32,178] Trial 1980 finished with value: 0.15184186398983002 and parameters: {'mlp_n_layers': 1, 'mlp_dim_00': 503, 'node_hidden_dim': 32, 'edge_hidden_dim': 76, 'depth': 1, 'rep_dropout': 0.035383804106579694, 'train_learning_rate': 0.0017832156321130614, 'train_lr_reduce': 0.6}. Best is trial 1909 with value: 0.10777772963047028.
[I 2024-12-19 21:52:55,909] Trial 1981 finished with value: 0.3149636387825012 and parameters: {'mlp_n_layers': 2, 'mlp_dim_00': 454, 'mlp_dim_01': 148, 'node_hidden_dim': 32, 'edge_hidden_dim': 75, 'depth': 2, 'rep_dropout': 0.01681312065896036, 'train_learning_rate': 0.004596663335942367, 'train_lr_reduce': 0.6}. Best is trial 1909 with value: 0.10777772963047028.
[I 2024-12-19 21:52:59,160] Trial 1983 finished with value: 0.20781290531158447 and parameters: {'mlp_n_layers': 3, 'mlp_dim_00': 460, 'mlp_dim_01': 111, 'mlp_dim_02': 157, 'node_hidden_dim': 43, 'edge_hidden_dim': 70, 'depth': 1, 'rep_dropout': 0.0014237582530239024, 'train_learning_rate': 0.0054885873107520435, 'train_lr_reduce': 0.6}. Best is trial 1909 with value: 0.10777772963047028.
[I 2024-12-19 21:53:04,356] Trial 1986 finished with value: 1.1441428661346436 and parameters: {'mlp_n_layers': 1, 'mlp_dim_00': 112, 'node_hidden_dim': 34, 'edge_hidden_dim': 32, 'depth': 1, 'rep_dropout': 0.06216019580711317, 'train_learning_rate': 0.0011006833014236355, 'train_lr_reduce': 0.6}. Best is trial 1909 with value: 0.10777772963047028.
[I 2024-12-19 21:53:09,521] Trial 1987 finished with value: 1.1424518823623657 and parameters: {'mlp_n_layers': 2, 'mlp_dim_00': 351, 'mlp_dim_01': 207, 'node_hidden_dim': 48, 'edge_hidden_dim': 71, 'depth': 1, 'rep_dropout': 0.007893876526618764, 'train_learning_rate': 0.000838853757888128, 'train_lr_reduce': 0.6}. Best is trial 1909 with value: 0.10777772963047028.
[I 2024-12-19 21:53:16,121] Trial 1984 finished with value: 0.14475911855697632 and parameters: {'mlp_n_layers': 1, 'mlp_dim_00': 404, 'node_hidden_dim': 41, 'edge_hidden_dim': 67, 'depth': 1, 'rep_dropout': 0.0037087911010238415, 'train_learning_rate': 0.003974695709508569, 'train_lr_reduce': 0.6}. Best is trial 1909 with value: 0.10777772963047028.
[I 2024-12-19 21:53:16,150] Trial 1988 finished with value: 1.141988754272461 and parameters: {'mlp_n_layers': 1, 'mlp_dim_00': 74, 'node_hidden_dim': 116, 'edge_hidden_dim': 127, 'depth': 4, 'rep_dropout': 0.14926991769919856, 'train_learning_rate': 0.00015508177429767226, 'train_lr_reduce': 0.6}. Best is trial 1909 with value: 0.10777772963047028.
[I 2024-12-19 21:53:21,295] Trial 1989 finished with value: 1.143288493156433 and parameters: {'mlp_n_layers': 1, 'mlp_dim_00': 491, 'node_hidden_dim': 37, 'edge_hidden_dim': 61, 'depth': 2, 'rep_dropout': 0.030766801037173094, 'train_learning_rate': 0.003885481301974586, 'train_lr_reduce': 0.6}. Best is trial 1909 with value: 0.10777772963047028.
