[I 2024-12-25 22:47:22,033] Trial 1120 finished with value: 0.06984241306781769 and parameters: {'L1_hidden_dim': 64, 'L1_layers_atom': 3, 'L1_layers_mol': 4, 'L1_dropout': 0.24028856284776456, 'L1_out_dim': 112, 'L2_hidden_dim': 208, 'L2_layers_atom': 3, 'L2_layers_mol': 1, 'L2_out_dim': 128, 'L2_dropout': 0.044489874125992396, 'L3_hidden_dim': 48, 'L3_layers_atom': 4, 'L3_layers_mol': 1, 'L3_out_dim': 112, 'L3_dropout': 0.2612272216698411, 'n_mlp_layers': 3, 'mlp_dim_0': 40, 'mlp_dim_1': 312, 'mlp_dim_2': 40, 'num_heads': 2, 'final_dropout': 0.012991658006867206, 'train_learning_rate': 0.00075795881822357, 'train_lr_reduce': 0.6}. Best is trial 613 with value: 0.045173268765211105.
[I 2024-12-25 22:48:16,181] Trial 1121 finished with value: 0.10208617150783539 and parameters: {'L1_hidden_dim': 144, 'L1_layers_atom': 1, 'L1_layers_mol': 1, 'L1_dropout': 0.27493847978571745, 'L1_out_dim': 96, 'L2_hidden_dim': 160, 'L2_layers_atom': 4, 'L2_layers_mol': 1, 'L2_out_dim': 128, 'L2_dropout': 0.03932989292099663, 'L3_hidden_dim': 64, 'L3_layers_atom': 3, 'L3_layers_mol': 1, 'L3_out_dim': 96, 'L3_dropout': 0.23998858354716351, 'n_mlp_layers': 3, 'mlp_dim_0': 248, 'mlp_dim_1': 384, 'mlp_dim_2': 168, 'num_heads': 1, 'final_dropout': 0.027484607852952318, 'train_learning_rate': 0.0007317835883501784, 'train_lr_reduce': 0.6}. Best is trial 613 with value: 0.045173268765211105.
[I 2024-12-25 22:48:46,032] Trial 1123 finished with value: 0.08383861184120178 and parameters: {'L1_hidden_dim': 64, 'L1_layers_atom': 1, 'L1_layers_mol': 2, 'L1_dropout': 0.20880083626513357, 'L1_out_dim': 128, 'L2_hidden_dim': 208, 'L2_layers_atom': 1, 'L2_layers_mol': 3, 'L2_out_dim': 80, 'L2_dropout': 0.04627672975778764, 'L3_hidden_dim': 80, 'L3_layers_atom': 3, 'L3_layers_mol': 2, 'L3_out_dim': 112, 'L3_dropout': 0.16569530061763937, 'n_mlp_layers': 2, 'mlp_dim_0': 88, 'mlp_dim_1': 248, 'num_heads': 1, 'final_dropout': 0.13315600844080872, 'train_learning_rate': 0.0005167294784380551, 'train_lr_reduce': 0.6}. Best is trial 613 with value: 0.045173268765211105.
[I 2024-12-25 22:49:24,332] Trial 1122 finished with value: 0.09313028305768967 and parameters: {'L1_hidden_dim': 64, 'L1_layers_atom': 3, 'L1_layers_mol': 1, 'L1_dropout': 0.25574984335167594, 'L1_out_dim': 64, 'L2_hidden_dim': 224, 'L2_layers_atom': 3, 'L2_layers_mol': 2, 'L2_out_dim': 80, 'L2_dropout': 0.09779096983916465, 'L3_hidden_dim': 48, 'L3_layers_atom': 4, 'L3_layers_mol': 2, 'L3_out_dim': 80, 'L3_dropout': 0.20748984314294316, 'n_mlp_layers': 3, 'mlp_dim_0': 64, 'mlp_dim_1': 432, 'mlp_dim_2': 104, 'num_heads': 1, 'final_dropout': 0.004333733084857804, 'train_learning_rate': 0.00017021087281262546, 'train_lr_reduce': 0.6}. Best is trial 613 with value: 0.045173268765211105.
[I 2024-12-25 22:49:34,288] Trial 1124 finished with value: 0.06509149074554443 and parameters: {'L1_hidden_dim': 64, 'L1_layers_atom': 4, 'L1_layers_mol': 3, 'L1_dropout': 0.028645989674788347, 'L1_out_dim': 80, 'L2_hidden_dim': 240, 'L2_layers_atom': 3, 'L2_layers_mol': 2, 'L2_out_dim': 128, 'L2_dropout': 0.015922066618600666, 'L3_hidden_dim': 112, 'L3_layers_atom': 2, 'L3_layers_mol': 1, 'L3_out_dim': 128, 'L3_dropout': 0.06941279977753648, 'n_mlp_layers': 3, 'mlp_dim_0': 256, 'mlp_dim_1': 344, 'mlp_dim_2': 464, 'num_heads': 1, 'final_dropout': 0.1878357180055518, 'train_learning_rate': 0.002075328861463571, 'train_lr_reduce': 0.6}. Best is trial 613 with value: 0.045173268765211105.
[I 2024-12-25 22:50:31,449] Trial 1125 finished with value: 0.06287694722414017 and parameters: {'L1_hidden_dim': 64, 'L1_layers_atom': 4, 'L1_layers_mol': 3, 'L1_dropout': 0.23176313877764185, 'L1_out_dim': 96, 'L2_hidden_dim': 240, 'L2_layers_atom': 3, 'L2_layers_mol': 3, 'L2_out_dim': 112, 'L2_dropout': 0.003547105672020257, 'L3_hidden_dim': 112, 'L3_layers_atom': 3, 'L3_layers_mol': 1, 'L3_out_dim': 128, 'L3_dropout': 0.008543021588389958, 'n_mlp_layers': 2, 'mlp_dim_0': 224, 'mlp_dim_1': 160, 'num_heads': 1, 'final_dropout': 0.02890205476982452, 'train_learning_rate': 0.0008065973520031154, 'train_lr_reduce': 0.6}. Best is trial 613 with value: 0.045173268765211105.
[I 2024-12-25 22:51:08,814] Trial 1126 finished with value: 0.09670956432819366 and parameters: {'L1_hidden_dim': 96, 'L1_layers_atom': 4, 'L1_layers_mol': 2, 'L1_dropout': 0.2604411191252319, 'L1_out_dim': 64, 'L2_hidden_dim': 224, 'L2_layers_atom': 2, 'L2_layers_mol': 2, 'L2_out_dim': 32, 'L2_dropout': 0.004531011609606214, 'L3_hidden_dim': 48, 'L3_layers_atom': 4, 'L3_layers_mol': 2, 'L3_out_dim': 96, 'L3_dropout': 0.04851557765385235, 'n_mlp_layers': 3, 'mlp_dim_0': 256, 'mlp_dim_1': 432, 'mlp_dim_2': 32, 'num_heads': 1, 'final_dropout': 0.1456585075420385, 'train_learning_rate': 0.007881208028147879, 'train_lr_reduce': 0.6}. Best is trial 613 with value: 0.045173268765211105.
[I 2024-12-25 22:51:13,415] Trial 1127 finished with value: 0.06182384490966797 and parameters: {'L1_hidden_dim': 96, 'L1_layers_atom': 2, 'L1_layers_mol': 1, 'L1_dropout': 0.2714211032345045, 'L1_out_dim': 128, 'L2_hidden_dim': 256, 'L2_layers_atom': 4, 'L2_layers_mol': 1, 'L2_out_dim': 128, 'L2_dropout': 0.04798481475933007, 'L3_hidden_dim': 96, 'L3_layers_atom': 3, 'L3_layers_mol': 2, 'L3_out_dim': 96, 'L3_dropout': 0.2466704685066456, 'n_mlp_layers': 2, 'mlp_dim_0': 176, 'mlp_dim_1': 288, 'num_heads': 1, 'final_dropout': 0.053693396847636084, 'train_learning_rate': 0.0008517271464553571, 'train_lr_reduce': 0.6}. Best is trial 613 with value: 0.045173268765211105.
[I 2024-12-25 22:51:28,294] Trial 1129 finished with value: 0.8743559718132019 and parameters: {'L1_hidden_dim': 64, 'L1_layers_atom': 4, 'L1_layers_mol': 3, 'L1_dropout': 0.26009962592752667, 'L1_out_dim': 112, 'L2_hidden_dim': 192, 'L2_layers_atom': 3, 'L2_layers_mol': 2, 'L2_out_dim': 32, 'L2_dropout': 0.008371853724094973, 'L3_hidden_dim': 48, 'L3_layers_atom': 3, 'L3_layers_mol': 3, 'L3_out_dim': 80, 'L3_dropout': 0.11057734309301784, 'n_mlp_layers': 2, 'mlp_dim_0': 392, 'mlp_dim_1': 432, 'num_heads': 1, 'final_dropout': 0.1446401643000515, 'train_learning_rate': 0.004131672410339401, 'train_lr_reduce': 0.6}. Best is trial 613 with value: 0.045173268765211105.
[I 2024-12-25 22:52:15,797] Trial 1128 finished with value: 0.07681413739919662 and parameters: {'L1_hidden_dim': 128, 'L1_layers_atom': 3, 'L1_layers_mol': 2, 'L1_dropout': 0.24158585581165856, 'L1_out_dim': 128, 'L2_hidden_dim': 176, 'L2_layers_atom': 2, 'L2_layers_mol': 3, 'L2_out_dim': 96, 'L2_dropout': 0.03721617193421296, 'L3_hidden_dim': 64, 'L3_layers_atom': 3, 'L3_layers_mol': 1, 'L3_out_dim': 32, 'L3_dropout': 0.2574156234450353, 'n_mlp_layers': 3, 'mlp_dim_0': 48, 'mlp_dim_1': 384, 'mlp_dim_2': 168, 'num_heads': 2, 'final_dropout': 0.037203293807857904, 'train_learning_rate': 0.001026216357336587, 'train_lr_reduce': 0.6}. Best is trial 613 with value: 0.045173268765211105.
[I 2024-12-25 22:52:30,773] Trial 1131 finished with value: 0.090887650847435 and parameters: {'L1_hidden_dim': 96, 'L1_layers_atom': 1, 'L1_layers_mol': 1, 'L1_dropout': 0.17665857450296035, 'L1_out_dim': 96, 'L2_hidden_dim': 224, 'L2_layers_atom': 4, 'L2_layers_mol': 4, 'L2_out_dim': 112, 'L2_dropout': 0.07124626287807888, 'L3_hidden_dim': 64, 'L3_layers_atom': 2, 'L3_layers_mol': 1, 'L3_out_dim': 64, 'L3_dropout': 0.06549626279142456, 'n_mlp_layers': 3, 'mlp_dim_0': 456, 'mlp_dim_1': 328, 'mlp_dim_2': 104, 'num_heads': 2, 'final_dropout': 0.07431777164065166, 'train_learning_rate': 0.0015711233282113264, 'train_lr_reduce': 0.6}. Best is trial 613 with value: 0.045173268765211105.
[I 2024-12-25 22:53:12,246] Trial 1130 finished with value: 0.15849138796329498 and parameters: {'L1_hidden_dim': 256, 'L1_layers_atom': 2, 'L1_layers_mol': 3, 'L1_dropout': 0.08696465724939724, 'L1_out_dim': 48, 'L2_hidden_dim': 240, 'L2_layers_atom': 1, 'L2_layers_mol': 3, 'L2_out_dim': 32, 'L2_dropout': 0.16826709063054768, 'L3_hidden_dim': 80, 'L3_layers_atom': 2, 'L3_layers_mol': 2, 'L3_out_dim': 64, 'L3_dropout': 0.21528207216626735, 'n_mlp_layers': 2, 'mlp_dim_0': 312, 'mlp_dim_1': 192, 'num_heads': 1, 'final_dropout': 0.11728846792993675, 'train_learning_rate': 0.00864257790855003, 'train_lr_reduce': 0.6}. Best is trial 613 with value: 0.045173268765211105.
[I 2024-12-25 22:54:14,595] Trial 1132 finished with value: 0.06057624891400337 and parameters: {'L1_hidden_dim': 80, 'L1_layers_atom': 4, 'L1_layers_mol': 3, 'L1_dropout': 0.22281935549435083, 'L1_out_dim': 128, 'L2_hidden_dim': 208, 'L2_layers_atom': 3, 'L2_layers_mol': 1, 'L2_out_dim': 80, 'L2_dropout': 0.008541248675490205, 'L3_hidden_dim': 48, 'L3_layers_atom': 3, 'L3_layers_mol': 1, 'L3_out_dim': 32, 'L3_dropout': 0.2399407676606128, 'n_mlp_layers': 3, 'mlp_dim_0': 64, 'mlp_dim_1': 392, 'mlp_dim_2': 136, 'num_heads': 2, 'final_dropout': 0.02108727068374035, 'train_learning_rate': 0.0007054272245639, 'train_lr_reduce': 0.6}. Best is trial 613 with value: 0.045173268765211105.
[I 2024-12-25 22:54:26,769] Trial 1133 finished with value: 0.07999017834663391 and parameters: {'L1_hidden_dim': 112, 'L1_layers_atom': 4, 'L1_layers_mol': 1, 'L1_dropout': 0.29448599327281144, 'L1_out_dim': 96, 'L2_hidden_dim': 224, 'L2_layers_atom': 4, 'L2_layers_mol': 2, 'L2_out_dim': 112, 'L2_dropout': 0.07525006211202168, 'L3_hidden_dim': 48, 'L3_layers_atom': 3, 'L3_layers_mol': 3, 'L3_out_dim': 96, 'L3_dropout': 0.19233667241283048, 'n_mlp_layers': 3, 'mlp_dim_0': 112, 'mlp_dim_1': 240, 'mlp_dim_2': 80, 'num_heads': 1, 'final_dropout': 0.01589494821810529, 'train_learning_rate': 0.0007459832347090969, 'train_lr_reduce': 0.6}. Best is trial 613 with value: 0.045173268765211105.
[I 2024-12-25 22:55:45,813] Trial 1134 finished with value: 0.11288133263587952 and parameters: {'L1_hidden_dim': 112, 'L1_layers_atom': 4, 'L1_layers_mol': 4, 'L1_dropout': 0.27889542226128267, 'L1_out_dim': 80, 'L2_hidden_dim': 256, 'L2_layers_atom': 3, 'L2_layers_mol': 4, 'L2_out_dim': 32, 'L2_dropout': 0.006087428106653317, 'L3_hidden_dim': 64, 'L3_layers_atom': 4, 'L3_layers_mol': 2, 'L3_out_dim': 64, 'L3_dropout': 0.020093873037906777, 'n_mlp_layers': 3, 'mlp_dim_0': 400, 'mlp_dim_1': 368, 'mlp_dim_2': 184, 'num_heads': 1, 'final_dropout': 0.19159231301631638, 'train_learning_rate': 0.003940700995698041, 'train_lr_reduce': 0.6}. Best is trial 613 with value: 0.045173268765211105.
[I 2024-12-25 22:56:05,289] Trial 1135 finished with value: 0.17085856199264526 and parameters: {'L1_hidden_dim': 112, 'L1_layers_atom': 4, 'L1_layers_mol': 1, 'L1_dropout': 0.08426819936868069, 'L1_out_dim': 80, 'L2_hidden_dim': 224, 'L2_layers_atom': 4, 'L2_layers_mol': 2, 'L2_out_dim': 128, 'L2_dropout': 0.01728433528772389, 'L3_hidden_dim': 96, 'L3_layers_atom': 3, 'L3_layers_mol': 2, 'L3_out_dim': 112, 'L3_dropout': 0.0322127013567578, 'n_mlp_layers': 3, 'mlp_dim_0': 344, 'mlp_dim_1': 448, 'mlp_dim_2': 120, 'num_heads': 1, 'final_dropout': 0.13099357394996672, 'train_learning_rate': 0.009415241714385347, 'train_lr_reduce': 0.6}. Best is trial 613 with value: 0.045173268765211105.
[I 2024-12-25 22:56:06,350] Trial 1136 finished with value: 0.06648485362529755 and parameters: {'L1_hidden_dim': 80, 'L1_layers_atom': 3, 'L1_layers_mol': 3, 'L1_dropout': 0.29962340349700495, 'L1_out_dim': 128, 'L2_hidden_dim': 160, 'L2_layers_atom': 3, 'L2_layers_mol': 2, 'L2_out_dim': 112, 'L2_dropout': 0.037252227764791986, 'L3_hidden_dim': 32, 'L3_layers_atom': 4, 'L3_layers_mol': 4, 'L3_out_dim': 112, 'L3_dropout': 0.27902436461172897, 'n_mlp_layers': 2, 'mlp_dim_0': 88, 'mlp_dim_1': 312, 'num_heads': 1, 'final_dropout': 0.046883746605023924, 'train_learning_rate': 0.001626545888905478, 'train_lr_reduce': 0.6}. Best is trial 613 with value: 0.045173268765211105.
[I 2024-12-25 22:56:54,507] Trial 1137 finished with value: 0.0857127383351326 and parameters: {'L1_hidden_dim': 64, 'L1_layers_atom': 2, 'L1_layers_mol': 3, 'L1_dropout': 0.2953904120483575, 'L1_out_dim': 112, 'L2_hidden_dim': 224, 'L2_layers_atom': 1, 'L2_layers_mol': 3, 'L2_out_dim': 128, 'L2_dropout': 0.03825859260576961, 'L3_hidden_dim': 96, 'L3_layers_atom': 3, 'L3_layers_mol': 1, 'L3_out_dim': 128, 'L3_dropout': 0.16816409520029302, 'n_mlp_layers': 2, 'mlp_dim_0': 112, 'mlp_dim_1': 432, 'num_heads': 1, 'final_dropout': 0.16744660303664533, 'train_learning_rate': 0.001228735542535374, 'train_lr_reduce': 0.6}. Best is trial 613 with value: 0.045173268765211105.
[I 2024-12-25 22:57:02,774] Trial 1138 finished with value: 0.09027068316936493 and parameters: {'L1_hidden_dim': 96, 'L1_layers_atom': 4, 'L1_layers_mol': 3, 'L1_dropout': 0.16688410924501376, 'L1_out_dim': 112, 'L2_hidden_dim': 240, 'L2_layers_atom': 3, 'L2_layers_mol': 3, 'L2_out_dim': 112, 'L2_dropout': 0.06281241532906613, 'L3_hidden_dim': 128, 'L3_layers_atom': 3, 'L3_layers_mol': 1, 'L3_out_dim': 128, 'L3_dropout': 0.07850582174931882, 'n_mlp_layers': 3, 'mlp_dim_0': 192, 'mlp_dim_1': 272, 'mlp_dim_2': 80, 'num_heads': 1, 'final_dropout': 0.18253926123671516, 'train_learning_rate': 0.0024935757303040772, 'train_lr_reduce': 0.6}. Best is trial 613 with value: 0.045173268765211105.
[I 2024-12-25 22:57:13,822] Trial 1139 finished with value: 0.07563668489456177 and parameters: {'L1_hidden_dim': 112, 'L1_layers_atom': 4, 'L1_layers_mol': 3, 'L1_dropout': 0.10301398666496336, 'L1_out_dim': 80, 'L2_hidden_dim': 256, 'L2_layers_atom': 2, 'L2_layers_mol': 3, 'L2_out_dim': 128, 'L2_dropout': 0.07652013596955277, 'L3_hidden_dim': 128, 'L3_layers_atom': 3, 'L3_layers_mol': 1, 'L3_out_dim': 128, 'L3_dropout': 0.12676668077143446, 'n_mlp_layers': 3, 'mlp_dim_0': 344, 'mlp_dim_1': 400, 'mlp_dim_2': 192, 'num_heads': 1, 'final_dropout': 0.12457366034657447, 'train_learning_rate': 0.001953826361065007, 'train_lr_reduce': 0.6}. Best is trial 613 with value: 0.045173268765211105.
[I 2024-12-25 22:57:50,320] Trial 1140 finished with value: 0.17739595472812653 and parameters: {'L1_hidden_dim': 112, 'L1_layers_atom': 2, 'L1_layers_mol': 3, 'L1_dropout': 0.20861196836221893, 'L1_out_dim': 128, 'L2_hidden_dim': 176, 'L2_layers_atom': 3, 'L2_layers_mol': 1, 'L2_out_dim': 128, 'L2_dropout': 0.02488216195705205, 'L3_hidden_dim': 32, 'L3_layers_atom': 4, 'L3_layers_mol': 1, 'L3_out_dim': 112, 'L3_dropout': 0.27243595384009267, 'n_mlp_layers': 2, 'mlp_dim_0': 56, 'mlp_dim_1': 472, 'num_heads': 2, 'final_dropout': 0.04114068580220004, 'train_learning_rate': 0.007048492945561154, 'train_lr_reduce': 0.6}. Best is trial 613 with value: 0.045173268765211105.
[I 2024-12-25 22:58:37,624] Trial 1141 finished with value: 0.05223846808075905 and parameters: {'L1_hidden_dim': 64, 'L1_layers_atom': 4, 'L1_layers_mol': 3, 'L1_dropout': 0.22531163318463224, 'L1_out_dim': 48, 'L2_hidden_dim': 208, 'L2_layers_atom': 3, 'L2_layers_mol': 3, 'L2_out_dim': 32, 'L2_dropout': 0.060570011924999834, 'L3_hidden_dim': 48, 'L3_layers_atom': 3, 'L3_layers_mol': 3, 'L3_out_dim': 96, 'L3_dropout': 0.003905554603874359, 'n_mlp_layers': 3, 'mlp_dim_0': 448, 'mlp_dim_1': 344, 'mlp_dim_2': 136, 'num_heads': 1, 'final_dropout': 0.16413990902155517, 'train_learning_rate': 0.0015812949843219478, 'train_lr_reduce': 0.6}. Best is trial 613 with value: 0.045173268765211105.
[I 2024-12-25 22:59:03,654] Trial 1142 finished with value: 0.08039744198322296 and parameters: {'L1_hidden_dim': 64, 'L1_layers_atom': 2, 'L1_layers_mol': 3, 'L1_dropout': 0.15751840341455683, 'L1_out_dim': 128, 'L2_hidden_dim': 208, 'L2_layers_atom': 2, 'L2_layers_mol': 2, 'L2_out_dim': 128, 'L2_dropout': 0.0822457568430233, 'L3_hidden_dim': 128, 'L3_layers_atom': 2, 'L3_layers_mol': 1, 'L3_out_dim': 128, 'L3_dropout': 0.14492514872781104, 'n_mlp_layers': 3, 'mlp_dim_0': 112, 'mlp_dim_1': 208, 'mlp_dim_2': 80, 'num_heads': 1, 'final_dropout': 0.11678146008551231, 'train_learning_rate': 0.007445897572779163, 'train_lr_reduce': 0.6}. Best is trial 613 with value: 0.045173268765211105.
[I 2024-12-25 23:00:14,033] Trial 1144 finished with value: 0.10300275683403015 and parameters: {'L1_hidden_dim': 128, 'L1_layers_atom': 3, 'L1_layers_mol': 3, 'L1_dropout': 0.18867018699748053, 'L1_out_dim': 48, 'L2_hidden_dim': 176, 'L2_layers_atom': 3, 'L2_layers_mol': 3, 'L2_out_dim': 64, 'L2_dropout': 0.07624954985532952, 'L3_hidden_dim': 32, 'L3_layers_atom': 4, 'L3_layers_mol': 3, 'L3_out_dim': 96, 'L3_dropout': 0.008569163871138418, 'n_mlp_layers': 3, 'mlp_dim_0': 400, 'mlp_dim_1': 360, 'mlp_dim_2': 96, 'num_heads': 1, 'final_dropout': 0.2043073278225699, 'train_learning_rate': 0.0013516995392841603, 'train_lr_reduce': 0.6}. Best is trial 613 with value: 0.045173268765211105.
[I 2024-12-25 23:00:15,117] Trial 1143 finished with value: 0.08805215358734131 and parameters: {'L1_hidden_dim': 64, 'L1_layers_atom': 2, 'L1_layers_mol': 2, 'L1_dropout': 0.2944346000101055, 'L1_out_dim': 96, 'L2_hidden_dim': 160, 'L2_layers_atom': 1, 'L2_layers_mol': 1, 'L2_out_dim': 112, 'L2_dropout': 0.10924149641631936, 'L3_hidden_dim': 64, 'L3_layers_atom': 4, 'L3_layers_mol': 4, 'L3_out_dim': 48, 'L3_dropout': 0.2951871884602184, 'n_mlp_layers': 1, 'mlp_dim_0': 208, 'num_heads': 2, 'final_dropout': 0.08187938343576236, 'train_learning_rate': 0.0017754265085880693, 'train_lr_reduce': 0.6}. Best is trial 613 with value: 0.045173268765211105.
[I 2024-12-25 23:00:33,538] Trial 1145 finished with value: 0.07337092608213425 and parameters: {'L1_hidden_dim': 64, 'L1_layers_atom': 4, 'L1_layers_mol': 3, 'L1_dropout': 0.29158995873196253, 'L1_out_dim': 128, 'L2_hidden_dim': 112, 'L2_layers_atom': 2, 'L2_layers_mol': 1, 'L2_out_dim': 80, 'L2_dropout': 0.034868227772032176, 'L3_hidden_dim': 96, 'L3_layers_atom': 2, 'L3_layers_mol': 1, 'L3_out_dim': 48, 'L3_dropout': 0.2568502919769395, 'n_mlp_layers': 2, 'mlp_dim_0': 112, 'mlp_dim_1': 336, 'num_heads': 2, 'final_dropout': 0.11517482790673243, 'train_learning_rate': 0.0009317842577702425, 'train_lr_reduce': 0.6}. Best is trial 613 with value: 0.045173268765211105.
[I 2024-12-25 23:00:54,413] Trial 1148 finished with value: 1.0333483219146729 and parameters: {'L1_hidden_dim': 64, 'L1_layers_atom': 4, 'L1_layers_mol': 3, 'L1_dropout': 0.1722282884037807, 'L1_out_dim': 32, 'L2_hidden_dim': 176, 'L2_layers_atom': 3, 'L2_layers_mol': 3, 'L2_out_dim': 32, 'L2_dropout': 0.08199596421062785, 'L3_hidden_dim': 32, 'L3_layers_atom': 3, 'L3_layers_mol': 2, 'L3_out_dim': 128, 'L3_dropout': 0.019360466987637992, 'n_mlp_layers': 2, 'mlp_dim_0': 384, 'mlp_dim_1': 344, 'num_heads': 1, 'final_dropout': 0.16240625986578294, 'train_learning_rate': 0.0010594896406119463, 'train_lr_reduce': 0.6}. Best is trial 613 with value: 0.045173268765211105.
[I 2024-12-25 23:01:46,002] Trial 1146 finished with value: 0.07549979537725449 and parameters: {'L1_hidden_dim': 80, 'L1_layers_atom': 4, 'L1_layers_mol': 3, 'L1_dropout': 0.2310244666085083, 'L1_out_dim': 48, 'L2_hidden_dim': 224, 'L2_layers_atom': 4, 'L2_layers_mol': 2, 'L2_out_dim': 32, 'L2_dropout': 0.04948480366393459, 'L3_hidden_dim': 48, 'L3_layers_atom': 3, 'L3_layers_mol': 3, 'L3_out_dim': 112, 'L3_dropout': 0.022376023774971512, 'n_mlp_layers': 3, 'mlp_dim_0': 408, 'mlp_dim_1': 320, 'mlp_dim_2': 120, 'num_heads': 1, 'final_dropout': 0.17824279470419577, 'train_learning_rate': 0.002954204522590776, 'train_lr_reduce': 0.6}. Best is trial 613 with value: 0.045173268765211105.
[I 2024-12-25 23:02:04,581] Trial 1150 finished with value: 1.1392848491668701 and parameters: {'L1_hidden_dim': 80, 'L1_layers_atom': 1, 'L1_layers_mol': 4, 'L1_dropout': 0.20974337372085472, 'L1_out_dim': 128, 'L2_hidden_dim': 208, 'L2_layers_atom': 2, 'L2_layers_mol': 3, 'L2_out_dim': 128, 'L2_dropout': 0.030896184914070434, 'L3_hidden_dim': 128, 'L3_layers_atom': 1, 'L3_layers_mol': 2, 'L3_out_dim': 128, 'L3_dropout': 0.19834999891176175, 'n_mlp_layers': 3, 'mlp_dim_0': 232, 'mlp_dim_1': 360, 'mlp_dim_2': 112, 'num_heads': 1, 'final_dropout': 0.17646465170365455, 'train_learning_rate': 0.0006559442745591019, 'train_lr_reduce': 0.6}. Best is trial 613 with value: 0.045173268765211105.
[I 2024-12-25 23:02:12,429] Trial 1147 finished with value: 0.06598891317844391 and parameters: {'L1_hidden_dim': 80, 'L1_layers_atom': 4, 'L1_layers_mol': 2, 'L1_dropout': 0.2540374314012886, 'L1_out_dim': 128, 'L2_hidden_dim': 192, 'L2_layers_atom': 1, 'L2_layers_mol': 1, 'L2_out_dim': 112, 'L2_dropout': 0.03969625470895695, 'L3_hidden_dim': 96, 'L3_layers_atom': 4, 'L3_layers_mol': 1, 'L3_out_dim': 32, 'L3_dropout': 0.2539375625484116, 'n_mlp_layers': 1, 'mlp_dim_0': 96, 'num_heads': 2, 'final_dropout': 0.002982184832883969, 'train_learning_rate': 0.0013191810551118745, 'train_lr_reduce': 0.6}. Best is trial 613 with value: 0.045173268765211105.
[I 2024-12-25 23:02:41,538] Trial 1149 finished with value: 0.06211331486701965 and parameters: {'L1_hidden_dim': 80, 'L1_layers_atom': 2, 'L1_layers_mol': 3, 'L1_dropout': 0.2265295281543383, 'L1_out_dim': 112, 'L2_hidden_dim': 160, 'L2_layers_atom': 3, 'L2_layers_mol': 1, 'L2_out_dim': 128, 'L2_dropout': 0.03582020080346133, 'L3_hidden_dim': 112, 'L3_layers_atom': 2, 'L3_layers_mol': 2, 'L3_out_dim': 112, 'L3_dropout': 0.2606675668982664, 'n_mlp_layers': 3, 'mlp_dim_0': 392, 'mlp_dim_1': 344, 'mlp_dim_2': 72, 'num_heads': 1, 'final_dropout': 0.1793760529701353, 'train_learning_rate': 0.0007691472717513576, 'train_lr_reduce': 0.6}. Best is trial 613 with value: 0.045173268765211105.
[I 2024-12-25 23:03:56,286] Trial 1152 finished with value: 0.0654362142086029 and parameters: {'L1_hidden_dim': 80, 'L1_layers_atom': 4, 'L1_layers_mol': 2, 'L1_dropout': 0.2705994018681414, 'L1_out_dim': 32, 'L2_hidden_dim': 176, 'L2_layers_atom': 2, 'L2_layers_mol': 4, 'L2_out_dim': 32, 'L2_dropout': 0.013406697517296944, 'L3_hidden_dim': 48, 'L3_layers_atom': 4, 'L3_layers_mol': 3, 'L3_out_dim': 96, 'L3_dropout': 0.0782571349242821, 'n_mlp_layers': 3, 'mlp_dim_0': 464, 'mlp_dim_1': 368, 'mlp_dim_2': 128, 'num_heads': 2, 'final_dropout': 0.18218202544128487, 'train_learning_rate': 0.003430441776756949, 'train_lr_reduce': 0.6}. Best is trial 613 with value: 0.045173268765211105.
