[I 2024-12-16 00:51:18,046] Trial 1978 finished with value: 0.14295683801174164 and parameters: {'mlp_n_layers': 2, 'mlp_dim_00': 48, 'mlp_dim_01': 176, 'hidden_channels': 64, 'num_layers': 3, 'num_timesteps': 4, 'dropout': 0.1944134351973386, 'train_learning_rate': 0.0016031146403232906, 'train_lr_reduce': 0.6}. Best is trial 130 with value: 0.0812772810459137.
[I 2024-12-16 00:51:26,127] Trial 1981 finished with value: 0.11601989716291428 and parameters: {'mlp_n_layers': 3, 'mlp_dim_00': 176, 'mlp_dim_01': 192, 'mlp_dim_02': 256, 'hidden_channels': 112, 'num_layers': 1, 'num_timesteps': 4, 'dropout': 0.19522437051582878, 'train_learning_rate': 0.004006514131565865, 'train_lr_reduce': 0.6}. Best is trial 130 with value: 0.0812772810459137.
[I 2024-12-16 00:51:28,659] Trial 1982 finished with value: 0.12119785696268082 and parameters: {'mlp_n_layers': 2, 'mlp_dim_00': 224, 'mlp_dim_01': 208, 'hidden_channels': 176, 'num_layers': 1, 'num_timesteps': 4, 'dropout': 0.1822743035461321, 'train_learning_rate': 0.005851241578695627, 'train_lr_reduce': 0.6}. Best is trial 130 with value: 0.0812772810459137.
[I 2024-12-16 00:51:39,634] Trial 1985 finished with value: 0.09443444758653641 and parameters: {'mlp_n_layers': 2, 'mlp_dim_00': 128, 'mlp_dim_01': 112, 'hidden_channels': 32, 'num_layers': 1, 'num_timesteps': 4, 'dropout': 0.27926718711895615, 'train_learning_rate': 0.005498650561794056, 'train_lr_reduce': 0.6}. Best is trial 130 with value: 0.0812772810459137.
[I 2024-12-16 00:51:41,676] Trial 1983 finished with value: 0.15155711770057678 and parameters: {'mlp_n_layers': 2, 'mlp_dim_00': 64, 'mlp_dim_01': 192, 'hidden_channels': 240, 'num_layers': 4, 'num_timesteps': 4, 'dropout': 0.07060239840367971, 'train_learning_rate': 0.0019233915704228498, 'train_lr_reduce': 0.6}. Best is trial 130 with value: 0.0812772810459137.
[I 2024-12-16 00:51:47,022] Trial 1984 finished with value: 0.10780366510152817 and parameters: {'mlp_n_layers': 2, 'mlp_dim_00': 192, 'mlp_dim_01': 176, 'hidden_channels': 80, 'num_layers': 2, 'num_timesteps': 4, 'dropout': 0.2178656532940031, 'train_learning_rate': 0.009057137094505936, 'train_lr_reduce': 0.6}. Best is trial 130 with value: 0.0812772810459137.
[I 2024-12-16 00:51:51,581] Trial 1987 finished with value: 0.1003730520606041 and parameters: {'mlp_n_layers': 2, 'mlp_dim_00': 176, 'mlp_dim_01': 208, 'hidden_channels': 48, 'num_layers': 1, 'num_timesteps': 3, 'dropout': 0.23552955543080317, 'train_learning_rate': 0.00908007548466517, 'train_lr_reduce': 0.6}. Best is trial 130 with value: 0.0812772810459137.
[I 2024-12-16 00:51:52,883] Trial 1986 finished with value: 0.12297109514474869 and parameters: {'mlp_n_layers': 2, 'mlp_dim_00': 176, 'mlp_dim_01': 240, 'hidden_channels': 80, 'num_layers': 2, 'num_timesteps': 3, 'dropout': 0.050122487353272384, 'train_learning_rate': 0.0016387777210153803, 'train_lr_reduce': 0.6}. Best is trial 130 with value: 0.0812772810459137.
[I 2024-12-16 00:51:58,772] Trial 1988 finished with value: 0.11645424365997314 and parameters: {'mlp_n_layers': 2, 'mlp_dim_00': 256, 'mlp_dim_01': 240, 'hidden_channels': 48, 'num_layers': 1, 'num_timesteps': 4, 'dropout': 0.2678963463022889, 'train_learning_rate': 0.0030987370358368477, 'train_lr_reduce': 0.6}. Best is trial 130 with value: 0.0812772810459137.
[I 2024-12-16 00:52:02,030] Trial 1990 finished with value: 0.09741848707199097 and parameters: {'mlp_n_layers': 2, 'mlp_dim_00': 256, 'mlp_dim_01': 144, 'hidden_channels': 48, 'num_layers': 1, 'num_timesteps': 3, 'dropout': 0.24624101023418882, 'train_learning_rate': 0.007985905066371752, 'train_lr_reduce': 0.6}. Best is trial 130 with value: 0.0812772810459137.
[I 2024-12-16 00:52:03,244] Trial 1989 finished with value: 0.09811972826719284 and parameters: {'mlp_n_layers': 2, 'mlp_dim_00': 176, 'mlp_dim_01': 176, 'hidden_channels': 32, 'num_layers': 2, 'num_timesteps': 3, 'dropout': 0.06487929124915927, 'train_learning_rate': 0.007361176514111304, 'train_lr_reduce': 0.6}. Best is trial 130 with value: 0.0812772810459137.
[I 2024-12-16 00:52:08,181] Trial 1991 finished with value: 0.11599884182214737 and parameters: {'mlp_n_layers': 3, 'mlp_dim_00': 256, 'mlp_dim_01': 144, 'mlp_dim_02': 32, 'hidden_channels': 80, 'num_layers': 1, 'num_timesteps': 3, 'dropout': 0.2611331903546361, 'train_learning_rate': 0.004768088025971044, 'train_lr_reduce': 0.6}. Best is trial 130 with value: 0.0812772810459137.
[I 2024-12-16 00:52:13,959] Trial 1992 finished with value: 0.09646067023277283 and parameters: {'mlp_n_layers': 2, 'mlp_dim_00': 192, 'mlp_dim_01': 128, 'hidden_channels': 96, 'num_layers': 1, 'num_timesteps': 3, 'dropout': 0.24127527464587872, 'train_learning_rate': 0.009324883868931547, 'train_lr_reduce': 0.6}. Best is trial 130 with value: 0.0812772810459137.
[I 2024-12-16 00:52:20,330] Trial 1994 finished with value: 0.11271663010120392 and parameters: {'mlp_n_layers': 2, 'mlp_dim_00': 208, 'mlp_dim_01': 144, 'hidden_channels': 80, 'num_layers': 1, 'num_timesteps': 4, 'dropout': 0.2230268800761957, 'train_learning_rate': 0.008670492328333858, 'train_lr_reduce': 0.6}. Best is trial 130 with value: 0.0812772810459137.
[I 2024-12-16 00:52:21,954] Trial 1993 finished with value: 0.11407959461212158 and parameters: {'mlp_n_layers': 2, 'mlp_dim_00': 64, 'mlp_dim_01': 160, 'hidden_channels': 32, 'num_layers': 3, 'num_timesteps': 4, 'dropout': 0.13096370788038494, 'train_learning_rate': 0.002988597697713963, 'train_lr_reduce': 0.6}. Best is trial 130 with value: 0.0812772810459137.
[I 2024-12-16 00:52:28,953] Trial 1995 finished with value: 0.12950292229652405 and parameters: {'mlp_n_layers': 3, 'mlp_dim_00': 160, 'mlp_dim_01': 80, 'mlp_dim_02': 224, 'hidden_channels': 96, 'num_layers': 1, 'num_timesteps': 4, 'dropout': 0.19091314582131855, 'train_learning_rate': 0.0081849802116912, 'train_lr_reduce': 0.6}. Best is trial 130 with value: 0.0812772810459137.
[I 2024-12-16 00:52:31,603] Trial 1996 finished with value: 0.11496279388666153 and parameters: {'mlp_n_layers': 2, 'mlp_dim_00': 144, 'mlp_dim_01': 192, 'hidden_channels': 128, 'num_layers': 2, 'num_timesteps': 3, 'dropout': 0.24184042797657035, 'train_learning_rate': 0.009645331769674421, 'train_lr_reduce': 0.6}. Best is trial 130 with value: 0.0812772810459137.
[I 2024-12-16 00:52:33,884] Trial 1997 finished with value: 0.10921989381313324 and parameters: {'mlp_n_layers': 2, 'mlp_dim_00': 160, 'mlp_dim_01': 176, 'hidden_channels': 112, 'num_layers': 1, 'num_timesteps': 4, 'dropout': 0.21197525027075367, 'train_learning_rate': 0.006294084346804525, 'train_lr_reduce': 0.6}. Best is trial 130 with value: 0.0812772810459137.
[I 2024-12-16 00:52:42,110] Trial 1999 finished with value: 0.11852405220270157 and parameters: {'mlp_n_layers': 2, 'mlp_dim_00': 224, 'mlp_dim_01': 176, 'hidden_channels': 144, 'num_layers': 1, 'num_timesteps': 3, 'dropout': 0.2840981321119694, 'train_learning_rate': 0.0027583989596702617, 'train_lr_reduce': 0.6}. Best is trial 130 with value: 0.0812772810459137.
[I 2024-12-16 00:52:45,964] Trial 1998 finished with value: 0.10935740172863007 and parameters: {'mlp_n_layers': 2, 'mlp_dim_00': 192, 'mlp_dim_01': 224, 'hidden_channels': 128, 'num_layers': 2, 'num_timesteps': 3, 'dropout': 0.22688739736453312, 'train_learning_rate': 0.008904673906288166, 'train_lr_reduce': 0.6}. Best is trial 130 with value: 0.0812772810459137.
[I 2024-12-16 00:52:49,960] Trial 2000 finished with value: 0.09484259784221649 and parameters: {'mlp_n_layers': 2, 'mlp_dim_00': 96, 'mlp_dim_01': 176, 'hidden_channels': 32, 'num_layers': 3, 'num_timesteps': 4, 'dropout': 0.06454913788871026, 'train_learning_rate': 0.009163783839547258, 'train_lr_reduce': 0.6}. Best is trial 130 with value: 0.0812772810459137.
[I 2024-12-16 00:53:02,069] Trial 2001 finished with value: 0.12464478611946106 and parameters: {'mlp_n_layers': 2, 'mlp_dim_00': 144, 'mlp_dim_01': 128, 'hidden_channels': 80, 'num_layers': 2, 'num_timesteps': 4, 'dropout': 0.28689355668369376, 'train_learning_rate': 0.009560860086113846, 'train_lr_reduce': 0.6}. Best is trial 130 with value: 0.0812772810459137.
[I 2024-12-16 00:53:02,688] Trial 2002 finished with value: 0.09588293731212616 and parameters: {'mlp_n_layers': 2, 'mlp_dim_00': 192, 'mlp_dim_01': 128, 'hidden_channels': 80, 'num_layers': 2, 'num_timesteps': 4, 'dropout': 0.1665970044166115, 'train_learning_rate': 0.0060196768435161, 'train_lr_reduce': 0.6}. Best is trial 130 with value: 0.0812772810459137.
[I 2024-12-16 00:53:03,888] Trial 2003 finished with value: 0.11670269072055817 and parameters: {'mlp_n_layers': 4, 'mlp_dim_00': 96, 'mlp_dim_01': 160, 'mlp_dim_02': 224, 'mlp_dim_03': 112, 'hidden_channels': 80, 'num_layers': 2, 'num_timesteps': 1, 'dropout': 0.11099928845814484, 'train_learning_rate': 0.0022916266220214428, 'train_lr_reduce': 0.6}. Best is trial 130 with value: 0.0812772810459137.
[I 2024-12-16 00:53:13,949] Trial 2004 finished with value: 0.09257518500089645 and parameters: {'mlp_n_layers': 2, 'mlp_dim_00': 208, 'mlp_dim_01': 176, 'hidden_channels': 64, 'num_layers': 1, 'num_timesteps': 4, 'dropout': 0.17789032467052573, 'train_learning_rate': 0.008930369108589445, 'train_lr_reduce': 0.6}. Best is trial 130 with value: 0.0812772810459137.
[I 2024-12-16 00:53:19,234] Trial 2005 finished with value: 0.10492019355297089 and parameters: {'mlp_n_layers': 2, 'mlp_dim_00': 192, 'mlp_dim_01': 192, 'hidden_channels': 128, 'num_layers': 2, 'num_timesteps': 3, 'dropout': 0.14673316239605175, 'train_learning_rate': 0.0076403621877326406, 'train_lr_reduce': 0.6}. Best is trial 130 with value: 0.0812772810459137.
[I 2024-12-16 00:53:19,923] Trial 2006 finished with value: 0.10904798656702042 and parameters: {'mlp_n_layers': 2, 'mlp_dim_00': 192, 'mlp_dim_01': 192, 'hidden_channels': 112, 'num_layers': 2, 'num_timesteps': 3, 'dropout': 0.227233225181586, 'train_learning_rate': 0.008036822787058499, 'train_lr_reduce': 0.6}. Best is trial 130 with value: 0.0812772810459137.
[I 2024-12-16 00:53:29,686] Trial 2007 finished with value: 0.11482478678226471 and parameters: {'mlp_n_layers': 2, 'mlp_dim_00': 80, 'mlp_dim_01': 96, 'hidden_channels': 32, 'num_layers': 4, 'num_timesteps': 3, 'dropout': 0.03841015749802192, 'train_learning_rate': 0.0036764071640380505, 'train_lr_reduce': 0.6}. Best is trial 130 with value: 0.0812772810459137.
[I 2024-12-16 00:53:31,521] Trial 2009 finished with value: 0.1084943562746048 and parameters: {'mlp_n_layers': 2, 'mlp_dim_00': 208, 'mlp_dim_01': 192, 'hidden_channels': 64, 'num_layers': 1, 'num_timesteps': 3, 'dropout': 0.21377059967731427, 'train_learning_rate': 0.009126646570724609, 'train_lr_reduce': 0.6}. Best is trial 130 with value: 0.0812772810459137.
[I 2024-12-16 00:53:33,013] Trial 2008 finished with value: 0.09942753612995148 and parameters: {'mlp_n_layers': 2, 'mlp_dim_00': 256, 'mlp_dim_01': 192, 'hidden_channels': 80, 'num_layers': 2, 'num_timesteps': 3, 'dropout': 0.23184818101409413, 'train_learning_rate': 0.005768768474429833, 'train_lr_reduce': 0.6}. Best is trial 130 with value: 0.0812772810459137.
[I 2024-12-16 00:53:42,779] Trial 2012 finished with value: 0.10619518905878067 and parameters: {'mlp_n_layers': 2, 'mlp_dim_00': 128, 'mlp_dim_01': 256, 'hidden_channels': 48, 'num_layers': 1, 'num_timesteps': 3, 'dropout': 0.011186336043574607, 'train_learning_rate': 0.008321075301875253, 'train_lr_reduce': 0.6}. Best is trial 130 with value: 0.0812772810459137.
[I 2024-12-16 00:53:45,300] Trial 2011 finished with value: 0.13144129514694214 and parameters: {'mlp_n_layers': 3, 'mlp_dim_00': 208, 'mlp_dim_01': 144, 'mlp_dim_02': 224, 'hidden_channels': 32, 'num_layers': 1, 'num_timesteps': 4, 'dropout': 0.2626247223794425, 'train_learning_rate': 0.009759843885533238, 'train_lr_reduce': 0.6}. Best is trial 130 with value: 0.0812772810459137.
[I 2024-12-16 00:53:52,312] Trial 2010 finished with value: 0.14458054304122925 and parameters: {'mlp_n_layers': 3, 'mlp_dim_00': 192, 'mlp_dim_01': 176, 'mlp_dim_02': 256, 'hidden_channels': 96, 'num_layers': 2, 'num_timesteps': 3, 'dropout': 0.1943737482239883, 'train_learning_rate': 0.006936422048695927, 'train_lr_reduce': 0.6}. Best is trial 130 with value: 0.0812772810459137.
[I 2024-12-16 00:53:53,949] Trial 2013 finished with value: 0.10056450963020325 and parameters: {'mlp_n_layers': 2, 'mlp_dim_00': 176, 'mlp_dim_01': 192, 'hidden_channels': 128, 'num_layers': 1, 'num_timesteps': 4, 'dropout': 0.24310220592085136, 'train_learning_rate': 0.006144839234013391, 'train_lr_reduce': 0.6}. Best is trial 130 with value: 0.0812772810459137.
[I 2024-12-16 00:54:05,072] Trial 2016 finished with value: 0.10966527462005615 and parameters: {'mlp_n_layers': 2, 'mlp_dim_00': 224, 'mlp_dim_01': 208, 'hidden_channels': 80, 'num_layers': 1, 'num_timesteps': 3, 'dropout': 0.2994682898173707, 'train_learning_rate': 0.004420260452548929, 'train_lr_reduce': 0.6}. Best is trial 130 with value: 0.0812772810459137.
[I 2024-12-16 00:54:06,859] Trial 2015 finished with value: 0.09953462332487106 and parameters: {'mlp_n_layers': 2, 'mlp_dim_00': 192, 'mlp_dim_01': 192, 'hidden_channels': 80, 'num_layers': 1, 'num_timesteps': 3, 'dropout': 0.2635923784362435, 'train_learning_rate': 0.00929216160385939, 'train_lr_reduce': 0.6}. Best is trial 130 with value: 0.0812772810459137.
[I 2024-12-16 00:54:14,015] Trial 2014 finished with value: 0.14148584008216858 and parameters: {'mlp_n_layers': 3, 'mlp_dim_00': 240, 'mlp_dim_01': 192, 'mlp_dim_02': 224, 'hidden_channels': 208, 'num_layers': 1, 'num_timesteps': 4, 'dropout': 0.05895413678015669, 'train_learning_rate': 0.00011404323085362927, 'train_lr_reduce': 0.6}. Best is trial 130 with value: 0.0812772810459137.
[I 2024-12-16 00:54:16,061] Trial 2017 finished with value: 0.1119852066040039 and parameters: {'mlp_n_layers': 2, 'mlp_dim_00': 192, 'mlp_dim_01': 208, 'hidden_channels': 32, 'num_layers': 1, 'num_timesteps': 4, 'dropout': 0.2847741899884549, 'train_learning_rate': 0.006017432588693034, 'train_lr_reduce': 0.6}. Best is trial 130 with value: 0.0812772810459137.
[I 2024-12-16 00:54:27,468] Trial 2020 finished with value: 0.12233420461416245 and parameters: {'mlp_n_layers': 2, 'mlp_dim_00': 224, 'mlp_dim_01': 224, 'hidden_channels': 176, 'num_layers': 1, 'num_timesteps': 3, 'dropout': 0.1864970499217455, 'train_learning_rate': 0.0024050372079357603, 'train_lr_reduce': 0.6}. Best is trial 130 with value: 0.0812772810459137.
[I 2024-12-16 00:54:32,713] Trial 2019 finished with value: 0.11106297373771667 and parameters: {'mlp_n_layers': 2, 'mlp_dim_00': 160, 'mlp_dim_01': 256, 'hidden_channels': 64, 'num_layers': 2, 'num_timesteps': 4, 'dropout': 0.0461833872154121, 'train_learning_rate': 0.00906629776547101, 'train_lr_reduce': 0.6}. Best is trial 130 with value: 0.0812772810459137.
[I 2024-12-16 00:54:34,338] Trial 2018 finished with value: 0.27271097898483276 and parameters: {'mlp_n_layers': 4, 'mlp_dim_00': 160, 'mlp_dim_01': 256, 'mlp_dim_02': 32, 'mlp_dim_03': 32, 'hidden_channels': 144, 'num_layers': 4, 'num_timesteps': 1, 'dropout': 0.26796955982410187, 'train_learning_rate': 0.0002351064238232882, 'train_lr_reduce': 0.6}. Best is trial 130 with value: 0.0812772810459137.
[I 2024-12-16 00:54:37,782] Trial 2021 finished with value: 0.10549566149711609 and parameters: {'mlp_n_layers': 2, 'mlp_dim_00': 176, 'mlp_dim_01': 240, 'hidden_channels': 32, 'num_layers': 2, 'num_timesteps': 2, 'dropout': 0.08130669042317139, 'train_learning_rate': 0.006050228523871191, 'train_lr_reduce': 0.6}. Best is trial 130 with value: 0.0812772810459137.
[I 2024-12-16 00:54:47,492] Trial 2023 finished with value: 0.11741548776626587 and parameters: {'mlp_n_layers': 2, 'mlp_dim_00': 64, 'mlp_dim_01': 192, 'hidden_channels': 48, 'num_layers': 3, 'num_timesteps': 4, 'dropout': 0.03937299355592675, 'train_learning_rate': 0.004743727790462513, 'train_lr_reduce': 0.6}. Best is trial 130 with value: 0.0812772810459137.
[I 2024-12-16 00:54:48,527] Trial 2024 finished with value: 0.11062560230493546 and parameters: {'mlp_n_layers': 2, 'mlp_dim_00': 160, 'mlp_dim_01': 144, 'hidden_channels': 80, 'num_layers': 2, 'num_timesteps': 4, 'dropout': 0.2341038961784147, 'train_learning_rate': 0.005014577659824435, 'train_lr_reduce': 0.6}. Best is trial 130 with value: 0.0812772810459137.
[I 2024-12-16 00:54:57,350] Trial 2025 finished with value: 0.11316701769828796 and parameters: {'mlp_n_layers': 2, 'mlp_dim_00': 80, 'mlp_dim_01': 128, 'hidden_channels': 112, 'num_layers': 1, 'num_timesteps': 4, 'dropout': 0.15634711214027577, 'train_learning_rate': 0.006526494791861122, 'train_lr_reduce': 0.6}. Best is trial 130 with value: 0.0812772810459137.
[I 2024-12-16 00:55:01,645] Trial 2026 finished with value: 0.1156524196267128 and parameters: {'mlp_n_layers': 2, 'mlp_dim_00': 144, 'mlp_dim_01': 128, 'hidden_channels': 112, 'num_layers': 1, 'num_timesteps': 3, 'dropout': 0.18982761349153227, 'train_learning_rate': 0.008559446748436185, 'train_lr_reduce': 0.6}. Best is trial 130 with value: 0.0812772810459137.
[I 2024-12-16 00:55:02,370] Trial 2027 finished with value: 0.3953604996204376 and parameters: {'mlp_n_layers': 2, 'mlp_dim_00': 208, 'mlp_dim_01': 144, 'hidden_channels': 80, 'num_layers': 2, 'num_timesteps': 3, 'dropout': 0.27654872425620164, 'train_learning_rate': 0.007689189303221554, 'train_lr_reduce': 0.6}. Best is trial 130 with value: 0.0812772810459137.
[I 2024-12-16 00:55:04,878] Trial 2022 finished with value: 0.5212621688842773 and parameters: {'mlp_n_layers': 3, 'mlp_dim_00': 48, 'mlp_dim_01': 128, 'mlp_dim_02': 256, 'hidden_channels': 32, 'num_layers': 4, 'num_timesteps': 4, 'dropout': 0.06714779003655538, 'train_learning_rate': 0.00012573668314855743, 'train_lr_reduce': 0.6}. Best is trial 130 with value: 0.0812772810459137.
[I 2024-12-16 00:55:16,813] Trial 2028 finished with value: 0.13125741481781006 and parameters: {'mlp_n_layers': 2, 'mlp_dim_00': 80, 'mlp_dim_01': 256, 'hidden_channels': 48, 'num_layers': 3, 'num_timesteps': 3, 'dropout': 0.040473450649248024, 'train_learning_rate': 0.002157910360507356, 'train_lr_reduce': 0.6}. Best is trial 130 with value: 0.0812772810459137.
[I 2024-12-16 00:55:17,409] Trial 2029 finished with value: 0.14446792006492615 and parameters: {'mlp_n_layers': 3, 'mlp_dim_00': 96, 'mlp_dim_01': 48, 'mlp_dim_02': 224, 'hidden_channels': 240, 'num_layers': 1, 'num_timesteps': 3, 'dropout': 0.22994927554944505, 'train_learning_rate': 0.0011234862834957437, 'train_lr_reduce': 0.6}. Best is trial 130 with value: 0.0812772810459137.
[I 2024-12-16 00:55:21,303] Trial 2030 finished with value: 0.12097284942865372 and parameters: {'mlp_n_layers': 2, 'mlp_dim_00': 128, 'mlp_dim_01': 144, 'hidden_channels': 160, 'num_layers': 1, 'num_timesteps': 4, 'dropout': 0.2225341608298667, 'train_learning_rate': 0.008485644522988249, 'train_lr_reduce': 0.6}. Best is trial 130 with value: 0.0812772810459137.
[I 2024-12-16 00:55:28,413] Trial 2031 finished with value: 0.09153403341770172 and parameters: {'mlp_n_layers': 2, 'mlp_dim_00': 144, 'mlp_dim_01': 256, 'hidden_channels': 32, 'num_layers': 2, 'num_timesteps': 2, 'dropout': 0.011786988839851686, 'train_learning_rate': 0.002690489875850484, 'train_lr_reduce': 0.6}. Best is trial 130 with value: 0.0812772810459137.
[I 2024-12-16 00:55:29,907] Trial 2032 finished with value: 0.11290276795625687 and parameters: {'mlp_n_layers': 2, 'mlp_dim_00': 208, 'mlp_dim_01': 176, 'hidden_channels': 64, 'num_layers': 2, 'num_timesteps': 3, 'dropout': 0.11793074388686176, 'train_learning_rate': 0.0023739282281893003, 'train_lr_reduce': 0.6}. Best is trial 130 with value: 0.0812772810459137.
[I 2024-12-16 00:55:35,304] Trial 2033 finished with value: 0.11429978907108307 and parameters: {'mlp_n_layers': 2, 'mlp_dim_00': 240, 'mlp_dim_01': 176, 'hidden_channels': 48, 'num_layers': 1, 'num_timesteps': 3, 'dropout': 0.2995427807636013, 'train_learning_rate': 0.00489357069979417, 'train_lr_reduce': 0.6}. Best is trial 130 with value: 0.0812772810459137.
[I 2024-12-16 00:55:38,455] Trial 2035 finished with value: 0.10474824160337448 and parameters: {'mlp_n_layers': 2, 'mlp_dim_00': 160, 'mlp_dim_01': 224, 'hidden_channels': 80, 'num_layers': 1, 'num_timesteps': 4, 'dropout': 0.19901698248327612, 'train_learning_rate': 0.006810798655122483, 'train_lr_reduce': 0.6}. Best is trial 130 with value: 0.0812772810459137.
[I 2024-12-16 00:55:40,444] Trial 2034 finished with value: 0.0996507778763771 and parameters: {'mlp_n_layers': 2, 'mlp_dim_00': 224, 'mlp_dim_01': 224, 'hidden_channels': 32, 'num_layers': 2, 'num_timesteps': 3, 'dropout': 0.19681618420755545, 'train_learning_rate': 0.007607344049193411, 'train_lr_reduce': 0.6}. Best is trial 130 with value: 0.0812772810459137.
[I 2024-12-16 00:55:50,444] Trial 2036 finished with value: 0.10971401631832123 and parameters: {'mlp_n_layers': 2, 'mlp_dim_00': 240, 'mlp_dim_01': 96, 'hidden_channels': 32, 'num_layers': 1, 'num_timesteps': 2, 'dropout': 0.01715772448621264, 'train_learning_rate': 0.0017535588845825065, 'train_lr_reduce': 0.6}. Best is trial 130 with value: 0.0812772810459137.
[I 2024-12-16 00:55:51,794] Trial 2037 finished with value: 0.11592259258031845 and parameters: {'mlp_n_layers': 2, 'mlp_dim_00': 32, 'mlp_dim_01': 208, 'hidden_channels': 32, 'num_layers': 3, 'num_timesteps': 4, 'dropout': 0.0002989491630619387, 'train_learning_rate': 0.009739214074536755, 'train_lr_reduce': 0.6}. Best is trial 130 with value: 0.0812772810459137.
[I 2024-12-16 00:55:58,971] Trial 2038 finished with value: 0.10091911256313324 and parameters: {'mlp_n_layers': 2, 'mlp_dim_00': 240, 'mlp_dim_01': 96, 'hidden_channels': 144, 'num_layers': 3, 'num_timesteps': 4, 'dropout': 0.29091080987433815, 'train_learning_rate': 0.004079193971358385, 'train_lr_reduce': 0.6}. Best is trial 130 with value: 0.0812772810459137.
