[I 2024-12-15 16:50:07,438] Trial 1718 finished with value: 0.19986705482006073 and parameters: {'mlp_n_layers': 2, 'mlp_dim_00': 240, 'mlp_dim_01': 208, 'hidden_channels': 224, 'num_layers': 2, 'num_timesteps': 3, 'dropout': 0.03376585166021919, 'train_learning_rate': 0.0032767533868475365, 'train_lr_reduce': 0.6}. Best is trial 632 with value: 0.13978464901447296.
[I 2024-12-15 16:50:08,883] Trial 1719 finished with value: 1.0586429834365845 and parameters: {'mlp_n_layers': 4, 'mlp_dim_00': 128, 'mlp_dim_01': 144, 'mlp_dim_02': 224, 'mlp_dim_03': 176, 'hidden_channels': 192, 'num_layers': 1, 'num_timesteps': 4, 'dropout': 0.021521404284180735, 'train_learning_rate': 0.0032244204341430626, 'train_lr_reduce': 0.6}. Best is trial 632 with value: 0.13978464901447296.
[I 2024-12-15 16:50:10,934] Trial 1717 finished with value: 0.7395301461219788 and parameters: {'mlp_n_layers': 2, 'mlp_dim_00': 32, 'mlp_dim_01': 240, 'hidden_channels': 32, 'num_layers': 3, 'num_timesteps': 3, 'dropout': 0.16357733984269016, 'train_learning_rate': 0.00018991314685554205, 'train_lr_reduce': 0.6}. Best is trial 632 with value: 0.13978464901447296.
[I 2024-12-15 16:50:18,557] Trial 1720 finished with value: 0.18431435525417328 and parameters: {'mlp_n_layers': 3, 'mlp_dim_00': 80, 'mlp_dim_01': 80, 'mlp_dim_02': 256, 'hidden_channels': 256, 'num_layers': 1, 'num_timesteps': 4, 'dropout': 0.1851415131490859, 'train_learning_rate': 0.002289520354250399, 'train_lr_reduce': 0.6}. Best is trial 632 with value: 0.13978464901447296.
[I 2024-12-15 16:50:18,700] Trial 1721 finished with value: 0.20900513231754303 and parameters: {'mlp_n_layers': 2, 'mlp_dim_00': 32, 'mlp_dim_01': 176, 'hidden_channels': 48, 'num_layers': 2, 'num_timesteps': 2, 'dropout': 0.055514885662856076, 'train_learning_rate': 0.007210842409259001, 'train_lr_reduce': 0.6}. Best is trial 632 with value: 0.13978464901447296.
[I 2024-12-15 16:50:23,572] Trial 1722 finished with value: 0.17948110401630402 and parameters: {'mlp_n_layers': 2, 'mlp_dim_00': 64, 'mlp_dim_01': 80, 'hidden_channels': 224, 'num_layers': 1, 'num_timesteps': 3, 'dropout': 0.025745547624104137, 'train_learning_rate': 0.005634147104230304, 'train_lr_reduce': 0.6}. Best is trial 632 with value: 0.13978464901447296.
[I 2024-12-15 16:50:30,249] Trial 1725 finished with value: 0.2616296410560608 and parameters: {'mlp_n_layers': 3, 'mlp_dim_00': 176, 'mlp_dim_01': 192, 'mlp_dim_02': 176, 'hidden_channels': 256, 'num_layers': 1, 'num_timesteps': 2, 'dropout': 0.001321887720548788, 'train_learning_rate': 0.004318661786455323, 'train_lr_reduce': 0.6}. Best is trial 632 with value: 0.13978464901447296.
[I 2024-12-15 16:50:31,275] Trial 1724 finished with value: 0.15448863804340363 and parameters: {'mlp_n_layers': 3, 'mlp_dim_00': 160, 'mlp_dim_01': 192, 'mlp_dim_02': 208, 'hidden_channels': 208, 'num_layers': 1, 'num_timesteps': 4, 'dropout': 0.004597351679818013, 'train_learning_rate': 0.0034195538994846618, 'train_lr_reduce': 0.6}. Best is trial 632 with value: 0.13978464901447296.
[I 2024-12-15 16:50:33,180] Trial 1723 finished with value: 0.2267065793275833 and parameters: {'mlp_n_layers': 4, 'mlp_dim_00': 192, 'mlp_dim_01': 224, 'mlp_dim_02': 64, 'mlp_dim_03': 32, 'hidden_channels': 48, 'num_layers': 1, 'num_timesteps': 1, 'dropout': 0.14999074413593205, 'train_learning_rate': 0.0005518351719771851, 'train_lr_reduce': 0.6}. Best is trial 632 with value: 0.13978464901447296.
[I 2024-12-15 16:50:40,948] Trial 1726 finished with value: 0.18393509089946747 and parameters: {'mlp_n_layers': 3, 'mlp_dim_00': 224, 'mlp_dim_01': 192, 'mlp_dim_02': 224, 'hidden_channels': 256, 'num_layers': 1, 'num_timesteps': 3, 'dropout': 0.12036908040813897, 'train_learning_rate': 0.002062893451934446, 'train_lr_reduce': 0.6}. Best is trial 632 with value: 0.13978464901447296.
[I 2024-12-15 16:50:41,235] Trial 1727 finished with value: 0.21091428399085999 and parameters: {'mlp_n_layers': 4, 'mlp_dim_00': 128, 'mlp_dim_01': 176, 'mlp_dim_02': 256, 'mlp_dim_03': 128, 'hidden_channels': 256, 'num_layers': 2, 'num_timesteps': 3, 'dropout': 0.005034201430194301, 'train_learning_rate': 0.000905283921543197, 'train_lr_reduce': 0.6}. Best is trial 632 with value: 0.13978464901447296.
[I 2024-12-15 16:50:45,057] Trial 1728 finished with value: 0.20831744372844696 and parameters: {'mlp_n_layers': 2, 'mlp_dim_00': 32, 'mlp_dim_01': 96, 'hidden_channels': 112, 'num_layers': 1, 'num_timesteps': 3, 'dropout': 0.013020082940578478, 'train_learning_rate': 0.0063279576211831496, 'train_lr_reduce': 0.6}. Best is trial 632 with value: 0.13978464901447296.
[I 2024-12-15 16:50:53,551] Trial 1731 finished with value: 0.2095765620470047 and parameters: {'mlp_n_layers': 3, 'mlp_dim_00': 192, 'mlp_dim_01': 192, 'mlp_dim_02': 240, 'hidden_channels': 240, 'num_layers': 2, 'num_timesteps': 2, 'dropout': 0.0030815631709234757, 'train_learning_rate': 0.006252700146085777, 'train_lr_reduce': 0.6}. Best is trial 632 with value: 0.13978464901447296.
[I 2024-12-15 16:50:53,600] Trial 1730 finished with value: 0.18587572872638702 and parameters: {'mlp_n_layers': 4, 'mlp_dim_00': 176, 'mlp_dim_01': 160, 'mlp_dim_02': 192, 'mlp_dim_03': 144, 'hidden_channels': 144, 'num_layers': 1, 'num_timesteps': 3, 'dropout': 0.007870852674103247, 'train_learning_rate': 0.0008987323836565873, 'train_lr_reduce': 0.6}. Best is trial 632 with value: 0.13978464901447296.
[I 2024-12-15 16:50:55,632] Trial 1729 finished with value: 0.3243386447429657 and parameters: {'mlp_n_layers': 4, 'mlp_dim_00': 112, 'mlp_dim_01': 32, 'mlp_dim_02': 224, 'mlp_dim_03': 192, 'hidden_channels': 256, 'num_layers': 4, 'num_timesteps': 4, 'dropout': 0.23709766995718104, 'train_learning_rate': 0.00047087325106228757, 'train_lr_reduce': 0.6}. Best is trial 632 with value: 0.13978464901447296.
[I 2024-12-15 16:51:06,730] Trial 1733 finished with value: 0.22883309423923492 and parameters: {'mlp_n_layers': 4, 'mlp_dim_00': 80, 'mlp_dim_01': 176, 'mlp_dim_02': 208, 'mlp_dim_03': 160, 'hidden_channels': 128, 'num_layers': 4, 'num_timesteps': 2, 'dropout': 0.11469334319343844, 'train_learning_rate': 0.0006872158002877309, 'train_lr_reduce': 0.6}. Best is trial 632 with value: 0.13978464901447296.
[I 2024-12-15 16:51:11,250] Trial 1734 finished with value: 0.17233695089817047 and parameters: {'mlp_n_layers': 3, 'mlp_dim_00': 32, 'mlp_dim_01': 176, 'mlp_dim_02': 240, 'hidden_channels': 144, 'num_layers': 1, 'num_timesteps': 3, 'dropout': 0.022326270894310066, 'train_learning_rate': 0.003271993408283625, 'train_lr_reduce': 0.6}. Best is trial 632 with value: 0.13978464901447296.
[I 2024-12-15 16:51:12,516] Trial 1732 finished with value: 0.28106313943862915 and parameters: {'mlp_n_layers': 4, 'mlp_dim_00': 96, 'mlp_dim_01': 240, 'mlp_dim_02': 176, 'mlp_dim_03': 64, 'hidden_channels': 240, 'num_layers': 4, 'num_timesteps': 3, 'dropout': 0.13631403611066117, 'train_learning_rate': 0.0002880820964869911, 'train_lr_reduce': 0.6}. Best is trial 632 with value: 0.13978464901447296.
[I 2024-12-15 16:51:15,992] Trial 1735 finished with value: 0.2422221451997757 and parameters: {'mlp_n_layers': 4, 'mlp_dim_00': 192, 'mlp_dim_01': 160, 'mlp_dim_02': 192, 'mlp_dim_03': 192, 'hidden_channels': 224, 'num_layers': 4, 'num_timesteps': 4, 'dropout': 0.29495091278789487, 'train_learning_rate': 0.0013782465298427412, 'train_lr_reduce': 0.6}. Best is trial 632 with value: 0.13978464901447296.
[I 2024-12-15 16:51:16,167] Trial 1737 finished with value: 1.1121793985366821 and parameters: {'mlp_n_layers': 3, 'mlp_dim_00': 32, 'mlp_dim_01': 176, 'mlp_dim_02': 224, 'hidden_channels': 176, 'num_layers': 2, 'num_timesteps': 4, 'dropout': 0.056124893382618925, 'train_learning_rate': 0.005202058124646266, 'train_lr_reduce': 0.6}. Best is trial 632 with value: 0.13978464901447296.
[I 2024-12-15 16:51:20,828] Trial 1736 finished with value: 0.19554948806762695 and parameters: {'mlp_n_layers': 4, 'mlp_dim_00': 48, 'mlp_dim_01': 176, 'mlp_dim_02': 256, 'mlp_dim_03': 128, 'hidden_channels': 192, 'num_layers': 1, 'num_timesteps': 3, 'dropout': 0.05976736517206799, 'train_learning_rate': 0.004854163709456296, 'train_lr_reduce': 0.6}. Best is trial 632 with value: 0.13978464901447296.
[I 2024-12-15 16:51:24,385] Trial 1738 finished with value: 0.20961712300777435 and parameters: {'mlp_n_layers': 4, 'mlp_dim_00': 112, 'mlp_dim_01': 208, 'mlp_dim_02': 176, 'mlp_dim_03': 32, 'hidden_channels': 256, 'num_layers': 1, 'num_timesteps': 4, 'dropout': 0.07957345444357516, 'train_learning_rate': 0.0041235839124918894, 'train_lr_reduce': 0.6}. Best is trial 632 with value: 0.13978464901447296.
[I 2024-12-15 16:51:27,365] Trial 1739 finished with value: 0.2558426260948181 and parameters: {'mlp_n_layers': 2, 'mlp_dim_00': 256, 'mlp_dim_01': 112, 'hidden_channels': 128, 'num_layers': 4, 'num_timesteps': 4, 'dropout': 0.2932864181246586, 'train_learning_rate': 0.0010089489702311226, 'train_lr_reduce': 0.6}. Best is trial 632 with value: 0.13978464901447296.
[I 2024-12-15 16:51:28,113] Trial 1740 finished with value: 0.1920928955078125 and parameters: {'mlp_n_layers': 4, 'mlp_dim_00': 160, 'mlp_dim_01': 256, 'mlp_dim_02': 208, 'mlp_dim_03': 176, 'hidden_channels': 192, 'num_layers': 1, 'num_timesteps': 4, 'dropout': 0.056727615453023225, 'train_learning_rate': 0.003431190072586916, 'train_lr_reduce': 0.6}. Best is trial 632 with value: 0.13978464901447296.
[I 2024-12-15 16:51:28,969] Trial 1741 finished with value: 0.7228784561157227 and parameters: {'mlp_n_layers': 4, 'mlp_dim_00': 160, 'mlp_dim_01': 256, 'mlp_dim_02': 240, 'mlp_dim_03': 144, 'hidden_channels': 192, 'num_layers': 1, 'num_timesteps': 3, 'dropout': 0.0024135781915211735, 'train_learning_rate': 0.002767711608764307, 'train_lr_reduce': 0.6}. Best is trial 632 with value: 0.13978464901447296.
[I 2024-12-15 16:51:38,726] Trial 1742 finished with value: 0.1896960288286209 and parameters: {'mlp_n_layers': 2, 'mlp_dim_00': 48, 'mlp_dim_01': 192, 'hidden_channels': 112, 'num_layers': 1, 'num_timesteps': 4, 'dropout': 0.05414050475394985, 'train_learning_rate': 0.006800069470559984, 'train_lr_reduce': 0.6}. Best is trial 632 with value: 0.13978464901447296.
[I 2024-12-15 16:51:39,859] Trial 1744 finished with value: 0.21769309043884277 and parameters: {'mlp_n_layers': 4, 'mlp_dim_00': 192, 'mlp_dim_01': 128, 'mlp_dim_02': 224, 'mlp_dim_03': 48, 'hidden_channels': 224, 'num_layers': 1, 'num_timesteps': 4, 'dropout': 0.08552692696318778, 'train_learning_rate': 0.0029980819931818004, 'train_lr_reduce': 0.6}. Best is trial 632 with value: 0.13978464901447296.
[I 2024-12-15 16:51:44,935] Trial 1745 finished with value: 0.2161017805337906 and parameters: {'mlp_n_layers': 3, 'mlp_dim_00': 240, 'mlp_dim_01': 144, 'mlp_dim_02': 256, 'hidden_channels': 176, 'num_layers': 1, 'num_timesteps': 3, 'dropout': 0.020806258005687653, 'train_learning_rate': 0.004994569087709254, 'train_lr_reduce': 0.6}. Best is trial 632 with value: 0.13978464901447296.
[I 2024-12-15 16:51:45,209] Trial 1743 finished with value: 0.14924022555351257 and parameters: {'mlp_n_layers': 4, 'mlp_dim_00': 144, 'mlp_dim_01': 128, 'mlp_dim_02': 176, 'mlp_dim_03': 208, 'hidden_channels': 256, 'num_layers': 1, 'num_timesteps': 4, 'dropout': 0.0008350436174278828, 'train_learning_rate': 0.0026216435756545547, 'train_lr_reduce': 0.6}. Best is trial 632 with value: 0.13978464901447296.
[I 2024-12-15 16:51:47,114] Trial 1746 finished with value: 0.19048196077346802 and parameters: {'mlp_n_layers': 3, 'mlp_dim_00': 32, 'mlp_dim_01': 128, 'mlp_dim_02': 208, 'hidden_channels': 160, 'num_layers': 1, 'num_timesteps': 3, 'dropout': 0.008798111265101981, 'train_learning_rate': 0.005591597721434419, 'train_lr_reduce': 0.6}. Best is trial 632 with value: 0.13978464901447296.
[I 2024-12-15 16:51:54,396] Trial 1747 finished with value: 0.22070659697055817 and parameters: {'mlp_n_layers': 4, 'mlp_dim_00': 112, 'mlp_dim_01': 128, 'mlp_dim_02': 176, 'mlp_dim_03': 240, 'hidden_channels': 240, 'num_layers': 2, 'num_timesteps': 4, 'dropout': 0.0034670017862097435, 'train_learning_rate': 0.0018598991542647617, 'train_lr_reduce': 0.6}. Best is trial 632 with value: 0.13978464901447296.
[I 2024-12-15 16:51:55,029] Trial 1748 finished with value: 0.20846213400363922 and parameters: {'mlp_n_layers': 3, 'mlp_dim_00': 32, 'mlp_dim_01': 192, 'mlp_dim_02': 160, 'hidden_channels': 256, 'num_layers': 1, 'num_timesteps': 2, 'dropout': 0.2016808668720578, 'train_learning_rate': 0.0007868698003921931, 'train_lr_reduce': 0.6}. Best is trial 632 with value: 0.13978464901447296.
[I 2024-12-15 16:51:55,524] Trial 1749 finished with value: 0.20483265817165375 and parameters: {'mlp_n_layers': 3, 'mlp_dim_00': 208, 'mlp_dim_01': 160, 'mlp_dim_02': 176, 'hidden_channels': 176, 'num_layers': 1, 'num_timesteps': 4, 'dropout': 0.022524501807389963, 'train_learning_rate': 0.004167218612641604, 'train_lr_reduce': 0.6}. Best is trial 632 with value: 0.13978464901447296.
[I 2024-12-15 16:52:03,635] Trial 1752 finished with value: 0.19108714163303375 and parameters: {'mlp_n_layers': 3, 'mlp_dim_00': 96, 'mlp_dim_01': 144, 'mlp_dim_02': 176, 'hidden_channels': 208, 'num_layers': 2, 'num_timesteps': 4, 'dropout': 0.012152896578239479, 'train_learning_rate': 0.007321928910271199, 'train_lr_reduce': 0.6}. Best is trial 632 with value: 0.13978464901447296.
[I 2024-12-15 16:52:04,986] Trial 1751 finished with value: 0.21897843480110168 and parameters: {'mlp_n_layers': 3, 'mlp_dim_00': 192, 'mlp_dim_01': 192, 'mlp_dim_02': 176, 'hidden_channels': 256, 'num_layers': 1, 'num_timesteps': 3, 'dropout': 0.09034269944388196, 'train_learning_rate': 0.0036287430006216657, 'train_lr_reduce': 0.6}. Best is trial 632 with value: 0.13978464901447296.
[I 2024-12-15 16:52:12,707] Trial 1750 finished with value: 0.16327473521232605 and parameters: {'mlp_n_layers': 4, 'mlp_dim_00': 176, 'mlp_dim_01': 96, 'mlp_dim_02': 176, 'mlp_dim_03': 224, 'hidden_channels': 224, 'num_layers': 1, 'num_timesteps': 3, 'dropout': 0.024054044328479674, 'train_learning_rate': 0.002141962039785855, 'train_lr_reduce': 0.6}. Best is trial 632 with value: 0.13978464901447296.
[I 2024-12-15 16:52:16,198] Trial 1754 finished with value: 0.19460377097129822 and parameters: {'mlp_n_layers': 4, 'mlp_dim_00': 160, 'mlp_dim_01': 96, 'mlp_dim_02': 176, 'mlp_dim_03': 208, 'hidden_channels': 240, 'num_layers': 1, 'num_timesteps': 4, 'dropout': 0.022776821314528815, 'train_learning_rate': 0.0008492376723995915, 'train_lr_reduce': 0.6}. Best is trial 632 with value: 0.13978464901447296.
[I 2024-12-15 16:52:17,340] Trial 1753 finished with value: 0.2414642721414566 and parameters: {'mlp_n_layers': 4, 'mlp_dim_00': 144, 'mlp_dim_01': 160, 'mlp_dim_02': 176, 'mlp_dim_03': 240, 'hidden_channels': 256, 'num_layers': 2, 'num_timesteps': 4, 'dropout': 0.019032806902254115, 'train_learning_rate': 0.0011782554357455627, 'train_lr_reduce': 0.6}. Best is trial 632 with value: 0.13978464901447296.
[I 2024-12-15 16:52:21,561] Trial 1755 finished with value: 0.21189308166503906 and parameters: {'mlp_n_layers': 4, 'mlp_dim_00': 176, 'mlp_dim_01': 144, 'mlp_dim_02': 192, 'mlp_dim_03': 224, 'hidden_channels': 256, 'num_layers': 2, 'num_timesteps': 4, 'dropout': 0.00906909703393741, 'train_learning_rate': 0.005052041601886821, 'train_lr_reduce': 0.6}. Best is trial 632 with value: 0.13978464901447296.
[I 2024-12-15 16:52:30,643] Trial 1757 finished with value: 0.1709258109331131 and parameters: {'mlp_n_layers': 3, 'mlp_dim_00': 96, 'mlp_dim_01': 192, 'mlp_dim_02': 192, 'hidden_channels': 256, 'num_layers': 1, 'num_timesteps': 3, 'dropout': 0.013023175720216416, 'train_learning_rate': 0.0014471455884694179, 'train_lr_reduce': 0.6}. Best is trial 632 with value: 0.13978464901447296.
[I 2024-12-15 16:52:37,814] Trial 1756 finished with value: 0.7875322103500366 and parameters: {'mlp_n_layers': 4, 'mlp_dim_00': 48, 'mlp_dim_01': 128, 'mlp_dim_02': 160, 'mlp_dim_03': 224, 'hidden_channels': 32, 'num_layers': 3, 'num_timesteps': 3, 'dropout': 0.08319262504078535, 'train_learning_rate': 0.00014431737708748635, 'train_lr_reduce': 0.6}. Best is trial 632 with value: 0.13978464901447296.
[I 2024-12-15 16:52:40,720] Trial 1758 finished with value: 0.15273883938789368 and parameters: {'mlp_n_layers': 4, 'mlp_dim_00': 192, 'mlp_dim_01': 112, 'mlp_dim_02': 160, 'mlp_dim_03': 224, 'hidden_channels': 224, 'num_layers': 1, 'num_timesteps': 4, 'dropout': 0.0029145845940683097, 'train_learning_rate': 0.0027504598416013518, 'train_lr_reduce': 0.6}. Best is trial 632 with value: 0.13978464901447296.
[I 2024-12-15 16:52:41,088] Trial 1759 finished with value: 0.16938990354537964 and parameters: {'mlp_n_layers': 3, 'mlp_dim_00': 96, 'mlp_dim_01': 112, 'mlp_dim_02': 192, 'hidden_channels': 256, 'num_layers': 1, 'num_timesteps': 3, 'dropout': 0.0005042093187254278, 'train_learning_rate': 0.003345985734097313, 'train_lr_reduce': 0.6}. Best is trial 632 with value: 0.13978464901447296.
[I 2024-12-15 16:52:46,289] Trial 1760 finished with value: 0.1815573126077652 and parameters: {'mlp_n_layers': 4, 'mlp_dim_00': 160, 'mlp_dim_01': 160, 'mlp_dim_02': 160, 'mlp_dim_03': 208, 'hidden_channels': 240, 'num_layers': 1, 'num_timesteps': 4, 'dropout': 0.0010664712017945431, 'train_learning_rate': 0.001462099154486222, 'train_lr_reduce': 0.6}. Best is trial 632 with value: 0.13978464901447296.
[I 2024-12-15 16:52:53,525] Trial 1762 finished with value: 0.1793392449617386 and parameters: {'mlp_n_layers': 4, 'mlp_dim_00': 128, 'mlp_dim_01': 112, 'mlp_dim_02': 176, 'mlp_dim_03': 208, 'hidden_channels': 240, 'num_layers': 1, 'num_timesteps': 4, 'dropout': 0.008201758983500295, 'train_learning_rate': 0.0012135285474570749, 'train_lr_reduce': 0.6}. Best is trial 632 with value: 0.13978464901447296.
[I 2024-12-15 16:53:00,434] Trial 1761 finished with value: 0.1748439371585846 and parameters: {'mlp_n_layers': 4, 'mlp_dim_00': 144, 'mlp_dim_01': 128, 'mlp_dim_02': 192, 'mlp_dim_03': 208, 'hidden_channels': 224, 'num_layers': 1, 'num_timesteps': 4, 'dropout': 0.04728410829257304, 'train_learning_rate': 0.00203281005332425, 'train_lr_reduce': 0.6}. Best is trial 632 with value: 0.13978464901447296.
[I 2024-12-15 16:53:00,884] Trial 1763 finished with value: 0.16350606083869934 and parameters: {'mlp_n_layers': 4, 'mlp_dim_00': 112, 'mlp_dim_01': 128, 'mlp_dim_02': 160, 'mlp_dim_03': 208, 'hidden_channels': 256, 'num_layers': 1, 'num_timesteps': 4, 'dropout': 0.02404734666384392, 'train_learning_rate': 0.002078643325550549, 'train_lr_reduce': 0.6}. Best is trial 632 with value: 0.13978464901447296.
[I 2024-12-15 16:53:12,423] Trial 1766 finished with value: 0.20848393440246582 and parameters: {'mlp_n_layers': 4, 'mlp_dim_00': 144, 'mlp_dim_01': 112, 'mlp_dim_02': 160, 'mlp_dim_03': 192, 'hidden_channels': 224, 'num_layers': 2, 'num_timesteps': 3, 'dropout': 0.04639703316897912, 'train_learning_rate': 0.003614774982877441, 'train_lr_reduce': 0.6}. Best is trial 632 with value: 0.13978464901447296.
[I 2024-12-15 16:53:13,130] Trial 1765 finished with value: 0.1988658905029297 and parameters: {'mlp_n_layers': 4, 'mlp_dim_00': 128, 'mlp_dim_01': 144, 'mlp_dim_02': 208, 'mlp_dim_03': 208, 'hidden_channels': 192, 'num_layers': 2, 'num_timesteps': 3, 'dropout': 0.046910929361042464, 'train_learning_rate': 0.001325716787240557, 'train_lr_reduce': 0.6}. Best is trial 632 with value: 0.13978464901447296.
[I 2024-12-15 16:53:16,123] Trial 1764 finished with value: 0.18968746066093445 and parameters: {'mlp_n_layers': 4, 'mlp_dim_00': 80, 'mlp_dim_01': 176, 'mlp_dim_02': 192, 'mlp_dim_03': 256, 'hidden_channels': 128, 'num_layers': 1, 'num_timesteps': 3, 'dropout': 0.0628756317882701, 'train_learning_rate': 0.0031661168594066783, 'train_lr_reduce': 0.6}. Best is trial 632 with value: 0.13978464901447296.
[I 2024-12-15 16:53:23,663] Trial 1767 finished with value: 0.22772516310214996 and parameters: {'mlp_n_layers': 3, 'mlp_dim_00': 192, 'mlp_dim_01': 80, 'mlp_dim_02': 192, 'hidden_channels': 144, 'num_layers': 2, 'num_timesteps': 4, 'dropout': 0.0571093907714691, 'train_learning_rate': 0.0012443828128348713, 'train_lr_reduce': 0.6}. Best is trial 632 with value: 0.13978464901447296.
[I 2024-12-15 16:53:25,103] Trial 1768 finished with value: 0.19849906861782074 and parameters: {'mlp_n_layers': 4, 'mlp_dim_00': 160, 'mlp_dim_01': 160, 'mlp_dim_02': 176, 'mlp_dim_03': 224, 'hidden_channels': 176, 'num_layers': 2, 'num_timesteps': 3, 'dropout': 0.076780525243718, 'train_learning_rate': 0.003991498191728044, 'train_lr_reduce': 0.6}. Best is trial 632 with value: 0.13978464901447296.
[I 2024-12-15 16:53:29,710] Trial 1769 finished with value: 0.1826435774564743 and parameters: {'mlp_n_layers': 3, 'mlp_dim_00': 144, 'mlp_dim_01': 192, 'mlp_dim_02': 208, 'hidden_channels': 160, 'num_layers': 1, 'num_timesteps': 4, 'dropout': 0.00330597348011432, 'train_learning_rate': 0.0005000929661692836, 'train_lr_reduce': 0.6}. Best is trial 632 with value: 0.13978464901447296.
[I 2024-12-15 16:53:36,255] Trial 1770 finished with value: 0.21512353420257568 and parameters: {'mlp_n_layers': 3, 'mlp_dim_00': 176, 'mlp_dim_01': 224, 'mlp_dim_02': 224, 'hidden_channels': 224, 'num_layers': 1, 'num_timesteps': 3, 'dropout': 0.02923872575126566, 'train_learning_rate': 0.0038064679328285197, 'train_lr_reduce': 0.6}. Best is trial 632 with value: 0.13978464901447296.
[I 2024-12-15 16:53:37,326] Trial 1772 finished with value: 0.21813859045505524 and parameters: {'mlp_n_layers': 4, 'mlp_dim_00': 128, 'mlp_dim_01': 256, 'mlp_dim_02': 160, 'mlp_dim_03': 192, 'hidden_channels': 224, 'num_layers': 1, 'num_timesteps': 4, 'dropout': 0.10582563565360772, 'train_learning_rate': 0.00663563977177232, 'train_lr_reduce': 0.6}. Best is trial 632 with value: 0.13978464901447296.
