[I 2024-12-20 01:52:26,192] Trial 2483 finished with value: 0.4005163013935089 and parameters: {'mlp_n_layers': 4, 'mlp_dim_00': 440, 'mlp_dim_01': 121, 'mlp_dim_02': 321, 'mlp_dim_03': 364, 'node_hidden_dim': 112, 'edge_hidden_dim': 32, 'depth': 1, 'rep_dropout': 0.03552148847839933, 'train_learning_rate': 0.0012774588577682455, 'train_lr_reduce': 0.6}. Best is trial 558 with value: 0.30280801653862.
[I 2024-12-20 01:52:27,953] Trial 2479 finished with value: 0.4067034125328064 and parameters: {'mlp_n_layers': 4, 'mlp_dim_00': 218, 'mlp_dim_01': 335, 'mlp_dim_02': 365, 'mlp_dim_03': 309, 'node_hidden_dim': 122, 'edge_hidden_dim': 32, 'depth': 1, 'rep_dropout': 0.06979596094773882, 'train_learning_rate': 0.0020102744883408424, 'train_lr_reduce': 0.6}. Best is trial 558 with value: 0.30280801653862.
[I 2024-12-20 01:52:30,003] Trial 2486 finished with value: 1.5773435831069946 and parameters: {'mlp_n_layers': 4, 'mlp_dim_00': 211, 'mlp_dim_01': 439, 'mlp_dim_02': 281, 'mlp_dim_03': 99, 'node_hidden_dim': 111, 'edge_hidden_dim': 56, 'depth': 2, 'rep_dropout': 0.14025236955913428, 'train_learning_rate': 0.00011432397474745672, 'train_lr_reduce': 0.6}. Best is trial 558 with value: 0.30280801653862.
[I 2024-12-20 01:52:30,291] Trial 2487 finished with value: 1.5534467697143555 and parameters: {'mlp_n_layers': 3, 'mlp_dim_00': 480, 'mlp_dim_01': 309, 'mlp_dim_02': 479, 'node_hidden_dim': 114, 'edge_hidden_dim': 60, 'depth': 1, 'rep_dropout': 0.034893456965574006, 'train_learning_rate': 0.0005204595494659125, 'train_lr_reduce': 0.6}. Best is trial 558 with value: 0.30280801653862.
[I 2024-12-20 01:52:34,416] Trial 2489 finished with value: 1.5622671842575073 and parameters: {'mlp_n_layers': 3, 'mlp_dim_00': 196, 'mlp_dim_01': 350, 'mlp_dim_02': 412, 'node_hidden_dim': 111, 'edge_hidden_dim': 34, 'depth': 1, 'rep_dropout': 0.021501291263090604, 'train_learning_rate': 0.0005273626202763567, 'train_lr_reduce': 0.6}. Best is trial 558 with value: 0.30280801653862.
[I 2024-12-20 01:52:34,492] Trial 2490 finished with value: 1.5193291902542114 and parameters: {'mlp_n_layers': 4, 'mlp_dim_00': 428, 'mlp_dim_01': 287, 'mlp_dim_02': 448, 'mlp_dim_03': 477, 'node_hidden_dim': 111, 'edge_hidden_dim': 34, 'depth': 1, 'rep_dropout': 0.019706588135198023, 'train_learning_rate': 0.004208505265446272, 'train_lr_reduce': 0.6}. Best is trial 558 with value: 0.30280801653862.
[I 2024-12-20 01:52:40,355] Trial 2488 finished with value: 0.4271835386753082 and parameters: {'mlp_n_layers': 4, 'mlp_dim_00': 394, 'mlp_dim_01': 253, 'mlp_dim_02': 340, 'mlp_dim_03': 308, 'node_hidden_dim': 116, 'edge_hidden_dim': 35, 'depth': 1, 'rep_dropout': 0.001320434802482149, 'train_learning_rate': 0.0021727142121622544, 'train_lr_reduce': 0.6}. Best is trial 558 with value: 0.30280801653862.
[I 2024-12-20 01:52:45,117] Trial 2493 finished with value: 1.5613094568252563 and parameters: {'mlp_n_layers': 3, 'mlp_dim_00': 120, 'mlp_dim_01': 319, 'mlp_dim_02': 419, 'node_hidden_dim': 116, 'edge_hidden_dim': 34, 'depth': 2, 'rep_dropout': 0.023543734700738284, 'train_learning_rate': 0.0005826076717738693, 'train_lr_reduce': 0.6}. Best is trial 558 with value: 0.30280801653862.
[I 2024-12-20 01:52:50,674] Trial 2494 finished with value: 1.5644214153289795 and parameters: {'mlp_n_layers': 4, 'mlp_dim_00': 71, 'mlp_dim_01': 176, 'mlp_dim_02': 333, 'mlp_dim_03': 430, 'node_hidden_dim': 96, 'edge_hidden_dim': 42, 'depth': 1, 'rep_dropout': 0.0015881174331626065, 'train_learning_rate': 0.0006293318430653037, 'train_lr_reduce': 0.6}. Best is trial 558 with value: 0.30280801653862.
[I 2024-12-20 01:53:02,426] Trial 2491 finished with value: 0.3587305545806885 and parameters: {'mlp_n_layers': 4, 'mlp_dim_00': 413, 'mlp_dim_01': 402, 'mlp_dim_02': 375, 'mlp_dim_03': 358, 'node_hidden_dim': 93, 'edge_hidden_dim': 51, 'depth': 1, 'rep_dropout': 0.011400686983115776, 'train_learning_rate': 0.0034010903926862996, 'train_lr_reduce': 0.6}. Best is trial 558 with value: 0.30280801653862.
[I 2024-12-20 01:53:06,403] Trial 2496 finished with value: 1.5717778205871582 and parameters: {'mlp_n_layers': 2, 'mlp_dim_00': 261, 'mlp_dim_01': 322, 'node_hidden_dim': 53, 'edge_hidden_dim': 73, 'depth': 2, 'rep_dropout': 0.06070523954116152, 'train_learning_rate': 0.00020430043950528552, 'train_lr_reduce': 0.6}. Best is trial 558 with value: 0.30280801653862.
[I 2024-12-20 01:53:07,192] Trial 2495 finished with value: 0.38292980194091797 and parameters: {'mlp_n_layers': 3, 'mlp_dim_00': 475, 'mlp_dim_01': 369, 'mlp_dim_02': 487, 'node_hidden_dim': 108, 'edge_hidden_dim': 58, 'depth': 1, 'rep_dropout': 0.043861184085043324, 'train_learning_rate': 0.0016886554168451284, 'train_lr_reduce': 0.6}. Best is trial 558 with value: 0.30280801653862.
[I 2024-12-20 01:53:09,365] Trial 2492 finished with value: 0.49477121233940125 and parameters: {'mlp_n_layers': 4, 'mlp_dim_00': 220, 'mlp_dim_01': 358, 'mlp_dim_02': 380, 'mlp_dim_03': 371, 'node_hidden_dim': 93, 'edge_hidden_dim': 32, 'depth': 1, 'rep_dropout': 0.05644231150288899, 'train_learning_rate': 0.0030085299873118428, 'train_lr_reduce': 0.6}. Best is trial 558 with value: 0.30280801653862.
[I 2024-12-20 01:53:10,704] Trial 2497 finished with value: 1.4945274591445923 and parameters: {'mlp_n_layers': 4, 'mlp_dim_00': 202, 'mlp_dim_01': 276, 'mlp_dim_02': 445, 'mlp_dim_03': 282, 'node_hidden_dim': 91, 'edge_hidden_dim': 52, 'depth': 1, 'rep_dropout': 0.023019632954507218, 'train_learning_rate': 0.0016263348705081533, 'train_lr_reduce': 0.6}. Best is trial 558 with value: 0.30280801653862.
[I 2024-12-20 01:53:11,189] Trial 2498 finished with value: 1.526526927947998 and parameters: {'mlp_n_layers': 3, 'mlp_dim_00': 64, 'mlp_dim_01': 429, 'mlp_dim_02': 404, 'node_hidden_dim': 109, 'edge_hidden_dim': 42, 'depth': 1, 'rep_dropout': 0.03626470674968291, 'train_learning_rate': 0.0009051141948342634, 'train_lr_reduce': 0.6}. Best is trial 558 with value: 0.30280801653862.
[I 2024-12-20 01:53:20,727] Trial 2499 finished with value: 0.3643417954444885 and parameters: {'mlp_n_layers': 4, 'mlp_dim_00': 223, 'mlp_dim_01': 380, 'mlp_dim_02': 355, 'mlp_dim_03': 178, 'node_hidden_dim': 87, 'edge_hidden_dim': 34, 'depth': 1, 'rep_dropout': 0.02325331676296584, 'train_learning_rate': 0.0009639318127282553, 'train_lr_reduce': 0.6}. Best is trial 558 with value: 0.30280801653862.
/zhome/b1/0/88900/miniconda3/envs/critprops/lib/python3.9/site-packages/torch/_utils.py:831: UserWarning: TypedStorage is deprecated. It will be removed in the future and UntypedStorage will be the only storage class. This should only matter to you if you are using storages directly.  To access UntypedStorage directly, use tensor.untyped_storage() instead of tensor.storage()
  return self.fget.__get__(instance, owner)()
