[I 2024-12-19 23:50:42,832] Trial 277 finished with value: 1.4617971181869507 and parameters: {'mlp_n_layers': 4, 'mlp_dim_00': 407, 'mlp_dim_01': 377, 'mlp_dim_02': 141, 'mlp_dim_03': 177, 'node_hidden_dim': 61, 'edge_hidden_dim': 99, 'depth': 4, 'rep_dropout': 0.12121292234204545, 'train_learning_rate': 0.006699824883572073, 'train_lr_reduce': 0.6}. Best is trial 269 with value: 0.32603323459625244.
[I 2024-12-19 23:50:44,025] Trial 276 finished with value: 0.3801485598087311 and parameters: {'mlp_n_layers': 4, 'mlp_dim_00': 486, 'mlp_dim_01': 423, 'mlp_dim_02': 155, 'mlp_dim_03': 141, 'node_hidden_dim': 80, 'edge_hidden_dim': 62, 'depth': 1, 'rep_dropout': 0.03265776831775924, 'train_learning_rate': 0.001411484851708766, 'train_lr_reduce': 0.6}. Best is trial 269 with value: 0.32603323459625244.
[I 2024-12-19 23:50:46,092] Trial 279 finished with value: 1.3720818758010864 and parameters: {'mlp_n_layers': 2, 'mlp_dim_00': 300, 'mlp_dim_01': 384, 'node_hidden_dim': 54, 'edge_hidden_dim': 121, 'depth': 1, 'rep_dropout': 0.13873821692371577, 'train_learning_rate': 0.004960571888422212, 'train_lr_reduce': 0.6}. Best is trial 269 with value: 0.32603323459625244.
[I 2024-12-19 23:50:47,817] Trial 280 finished with value: 1.4726539850234985 and parameters: {'mlp_n_layers': 4, 'mlp_dim_00': 453, 'mlp_dim_01': 357, 'mlp_dim_02': 170, 'mlp_dim_03': 220, 'node_hidden_dim': 94, 'edge_hidden_dim': 70, 'depth': 1, 'rep_dropout': 0.03886225225250012, 'train_learning_rate': 0.0034970202954148545, 'train_lr_reduce': 0.6}. Best is trial 269 with value: 0.32603323459625244.
[I 2024-12-19 23:50:49,154] Trial 281 finished with value: 1.4141565561294556 and parameters: {'mlp_n_layers': 2, 'mlp_dim_00': 430, 'mlp_dim_01': 456, 'node_hidden_dim': 128, 'edge_hidden_dim': 66, 'depth': 1, 'rep_dropout': 0.06875450192267843, 'train_learning_rate': 0.0006738875140751031, 'train_lr_reduce': 0.6}. Best is trial 269 with value: 0.32603323459625244.
[I 2024-12-19 23:50:51,157] Trial 282 finished with value: 1.4708597660064697 and parameters: {'mlp_n_layers': 4, 'mlp_dim_00': 486, 'mlp_dim_01': 268, 'mlp_dim_02': 176, 'mlp_dim_03': 460, 'node_hidden_dim': 100, 'edge_hidden_dim': 68, 'depth': 1, 'rep_dropout': 0.07676603719787557, 'train_learning_rate': 0.0032574738410263257, 'train_lr_reduce': 0.6}. Best is trial 269 with value: 0.32603323459625244.
[I 2024-12-19 23:50:55,758] Trial 284 finished with value: 1.5641170740127563 and parameters: {'mlp_n_layers': 4, 'mlp_dim_00': 71, 'mlp_dim_01': 358, 'mlp_dim_02': 187, 'mlp_dim_03': 308, 'node_hidden_dim': 82, 'edge_hidden_dim': 40, 'depth': 4, 'rep_dropout': 0.0836076915213995, 'train_learning_rate': 0.0006891658418048211, 'train_lr_reduce': 0.6}. Best is trial 269 with value: 0.32603323459625244.
[I 2024-12-19 23:51:07,966] Trial 283 finished with value: 0.37203437089920044 and parameters: {'mlp_n_layers': 3, 'mlp_dim_00': 473, 'mlp_dim_01': 239, 'mlp_dim_02': 188, 'node_hidden_dim': 110, 'edge_hidden_dim': 57, 'depth': 1, 'rep_dropout': 0.09351462541766511, 'train_learning_rate': 0.0007360301024196123, 'train_lr_reduce': 0.6}. Best is trial 269 with value: 0.32603323459625244.
[I 2024-12-19 23:51:09,071] Trial 285 finished with value: 0.3988845646381378 and parameters: {'mlp_n_layers': 4, 'mlp_dim_00': 431, 'mlp_dim_01': 404, 'mlp_dim_02': 187, 'mlp_dim_03': 214, 'node_hidden_dim': 121, 'edge_hidden_dim': 66, 'depth': 1, 'rep_dropout': 0.06908488473189454, 'train_learning_rate': 0.001221590689339556, 'train_lr_reduce': 0.6}. Best is trial 269 with value: 0.32603323459625244.
[I 2024-12-19 23:51:12,183] Trial 287 finished with value: 1.2960067987442017 and parameters: {'mlp_n_layers': 3, 'mlp_dim_00': 259, 'mlp_dim_01': 354, 'mlp_dim_02': 216, 'node_hidden_dim': 123, 'edge_hidden_dim': 39, 'depth': 1, 'rep_dropout': 0.00392295945754312, 'train_learning_rate': 0.0028113235669225073, 'train_lr_reduce': 0.6}. Best is trial 269 with value: 0.32603323459625244.
[I 2024-12-19 23:51:13,189] Trial 278 finished with value: 0.35017386078834534 and parameters: {'mlp_n_layers': 4, 'mlp_dim_00': 269, 'mlp_dim_01': 392, 'mlp_dim_02': 156, 'mlp_dim_03': 201, 'node_hidden_dim': 56, 'edge_hidden_dim': 38, 'depth': 1, 'rep_dropout': 0.003466544142453243, 'train_learning_rate': 0.0027678316209677717, 'train_lr_reduce': 0.6}. Best is trial 269 with value: 0.32603323459625244.
[I 2024-12-19 23:51:16,140] Trial 288 finished with value: 1.5833162069320679 and parameters: {'mlp_n_layers': 4, 'mlp_dim_00': 448, 'mlp_dim_01': 256, 'mlp_dim_02': 287, 'mlp_dim_03': 415, 'node_hidden_dim': 114, 'edge_hidden_dim': 32, 'depth': 2, 'rep_dropout': 0.08638601722997487, 'train_learning_rate': 0.00022338983289356084, 'train_lr_reduce': 0.6}. Best is trial 269 with value: 0.32603323459625244.
[I 2024-12-19 23:51:16,986] Trial 289 finished with value: 1.535555362701416 and parameters: {'mlp_n_layers': 4, 'mlp_dim_00': 253, 'mlp_dim_01': 425, 'mlp_dim_02': 109, 'mlp_dim_03': 180, 'node_hidden_dim': 58, 'edge_hidden_dim': 35, 'depth': 2, 'rep_dropout': 0.010854022305183605, 'train_learning_rate': 0.0032594149640695516, 'train_lr_reduce': 0.6}. Best is trial 269 with value: 0.32603323459625244.
[I 2024-12-19 23:51:19,189] Trial 286 finished with value: 0.45310544967651367 and parameters: {'mlp_n_layers': 3, 'mlp_dim_00': 447, 'mlp_dim_01': 223, 'mlp_dim_02': 311, 'node_hidden_dim': 122, 'edge_hidden_dim': 55, 'depth': 1, 'rep_dropout': 0.05757437100931168, 'train_learning_rate': 0.0026569081791366508, 'train_lr_reduce': 0.6}. Best is trial 269 with value: 0.32603323459625244.
[I 2024-12-19 23:51:19,300] Trial 290 finished with value: 1.5728641748428345 and parameters: {'mlp_n_layers': 4, 'mlp_dim_00': 250, 'mlp_dim_01': 417, 'mlp_dim_02': 141, 'mlp_dim_03': 182, 'node_hidden_dim': 44, 'edge_hidden_dim': 40, 'depth': 1, 'rep_dropout': 0.011478360041723524, 'train_learning_rate': 0.0015067145372746767, 'train_lr_reduce': 0.6}. Best is trial 269 with value: 0.32603323459625244.
[I 2024-12-19 23:51:20,245] Trial 291 finished with value: 1.5197091102600098 and parameters: {'mlp_n_layers': 3, 'mlp_dim_00': 405, 'mlp_dim_01': 220, 'mlp_dim_02': 139, 'node_hidden_dim': 47, 'edge_hidden_dim': 71, 'depth': 4, 'rep_dropout': 0.1446496301618983, 'train_learning_rate': 0.0018666872675971926, 'train_lr_reduce': 0.6}. Best is trial 269 with value: 0.32603323459625244.
[I 2024-12-19 23:51:25,989] Trial 293 finished with value: 1.581153154373169 and parameters: {'mlp_n_layers': 4, 'mlp_dim_00': 414, 'mlp_dim_01': 373, 'mlp_dim_02': 178, 'mlp_dim_03': 317, 'node_hidden_dim': 111, 'edge_hidden_dim': 59, 'depth': 1, 'rep_dropout': 0.07354140121760083, 'train_learning_rate': 0.00034375258158898467, 'train_lr_reduce': 0.6}. Best is trial 269 with value: 0.32603323459625244.
[I 2024-12-19 23:51:26,335] Trial 292 finished with value: 1.3130022287368774 and parameters: {'mlp_n_layers': 4, 'mlp_dim_00': 271, 'mlp_dim_01': 288, 'mlp_dim_02': 165, 'mlp_dim_03': 378, 'node_hidden_dim': 60, 'edge_hidden_dim': 51, 'depth': 1, 'rep_dropout': 0.0023975334651398904, 'train_learning_rate': 0.0017707464751534235, 'train_lr_reduce': 0.6}. Best is trial 269 with value: 0.32603323459625244.
[I 2024-12-19 23:51:29,145] Trial 294 finished with value: 0.5532564520835876 and parameters: {'mlp_n_layers': 4, 'mlp_dim_00': 277, 'mlp_dim_01': 223, 'mlp_dim_02': 201, 'mlp_dim_03': 243, 'node_hidden_dim': 76, 'edge_hidden_dim': 66, 'depth': 1, 'rep_dropout': 0.028387340284190446, 'train_learning_rate': 0.004081375865901471, 'train_lr_reduce': 0.6}. Best is trial 269 with value: 0.32603323459625244.
[I 2024-12-19 23:51:32,796] Trial 297 finished with value: 1.4891139268875122 and parameters: {'mlp_n_layers': 4, 'mlp_dim_00': 151, 'mlp_dim_01': 237, 'mlp_dim_02': 495, 'mlp_dim_03': 436, 'node_hidden_dim': 122, 'edge_hidden_dim': 32, 'depth': 2, 'rep_dropout': 0.1166280736418516, 'train_learning_rate': 0.002539208727450154, 'train_lr_reduce': 0.6}. Best is trial 269 with value: 0.32603323459625244.
[I 2024-12-19 23:51:36,433] Trial 298 finished with value: 1.5448909997940063 and parameters: {'mlp_n_layers': 4, 'mlp_dim_00': 272, 'mlp_dim_01': 348, 'mlp_dim_02': 190, 'mlp_dim_03': 235, 'node_hidden_dim': 118, 'edge_hidden_dim': 46, 'depth': 1, 'rep_dropout': 0.09974990114956428, 'train_learning_rate': 0.00036663854335549403, 'train_lr_reduce': 0.6}. Best is trial 269 with value: 0.32603323459625244.
[I 2024-12-19 23:51:39,644] Trial 299 finished with value: 1.5258126258850098 and parameters: {'mlp_n_layers': 2, 'mlp_dim_00': 463, 'mlp_dim_01': 283, 'node_hidden_dim': 38, 'edge_hidden_dim': 119, 'depth': 2, 'rep_dropout': 0.002263772196963512, 'train_learning_rate': 0.0003947206373530492, 'train_lr_reduce': 0.6}. Best is trial 269 with value: 0.32603323459625244.
[I 2024-12-19 23:51:43,579] Trial 300 finished with value: 1.4672760963439941 and parameters: {'mlp_n_layers': 3, 'mlp_dim_00': 465, 'mlp_dim_01': 197, 'mlp_dim_02': 436, 'node_hidden_dim': 56, 'edge_hidden_dim': 68, 'depth': 1, 'rep_dropout': 0.025127285009050954, 'train_learning_rate': 0.005287313665347436, 'train_lr_reduce': 0.6}. Best is trial 269 with value: 0.32603323459625244.
[I 2024-12-19 23:51:43,946] Trial 295 finished with value: 0.3569546937942505 and parameters: {'mlp_n_layers': 2, 'mlp_dim_00': 352, 'mlp_dim_01': 326, 'node_hidden_dim': 105, 'edge_hidden_dim': 35, 'depth': 1, 'rep_dropout': 0.020598191220269527, 'train_learning_rate': 0.002755629469152278, 'train_lr_reduce': 0.6}. Best is trial 269 with value: 0.32603323459625244.
[I 2024-12-19 23:51:45,306] Trial 296 finished with value: 0.3763185739517212 and parameters: {'mlp_n_layers': 4, 'mlp_dim_00': 284, 'mlp_dim_01': 404, 'mlp_dim_02': 334, 'mlp_dim_03': 305, 'node_hidden_dim': 87, 'edge_hidden_dim': 63, 'depth': 1, 'rep_dropout': 0.011074202270182172, 'train_learning_rate': 0.002214538762246085, 'train_lr_reduce': 0.6}. Best is trial 269 with value: 0.32603323459625244.
[I 2024-12-19 23:51:46,671] Trial 301 finished with value: 1.3381849527359009 and parameters: {'mlp_n_layers': 1, 'mlp_dim_00': 356, 'node_hidden_dim': 102, 'edge_hidden_dim': 41, 'depth': 1, 'rep_dropout': 0.051182244239083796, 'train_learning_rate': 0.003071743256527564, 'train_lr_reduce': 0.6}. Best is trial 269 with value: 0.32603323459625244.
[I 2024-12-19 23:51:48,486] Trial 303 finished with value: 1.580810785293579 and parameters: {'mlp_n_layers': 4, 'mlp_dim_00': 505, 'mlp_dim_01': 321, 'mlp_dim_02': 136, 'mlp_dim_03': 309, 'node_hidden_dim': 94, 'edge_hidden_dim': 64, 'depth': 2, 'rep_dropout': 0.05488235555270862, 'train_learning_rate': 0.0004235433471857471, 'train_lr_reduce': 0.6}. Best is trial 269 with value: 0.32603323459625244.
[I 2024-12-19 23:51:49,759] Trial 304 finished with value: 1.4124020338058472 and parameters: {'mlp_n_layers': 2, 'mlp_dim_00': 407, 'mlp_dim_01': 351, 'node_hidden_dim': 106, 'edge_hidden_dim': 51, 'depth': 1, 'rep_dropout': 0.025777811795957888, 'train_learning_rate': 0.0023443487135918935, 'train_lr_reduce': 0.6}. Best is trial 269 with value: 0.32603323459625244.
[I 2024-12-19 23:51:52,645] Trial 305 finished with value: 1.4177948236465454 and parameters: {'mlp_n_layers': 1, 'mlp_dim_00': 336, 'node_hidden_dim': 92, 'edge_hidden_dim': 32, 'depth': 2, 'rep_dropout': 0.012023143970872764, 'train_learning_rate': 0.0044489010345235775, 'train_lr_reduce': 0.6}. Best is trial 269 with value: 0.32603323459625244.
[I 2024-12-19 23:51:53,834] Trial 306 finished with value: 1.5615028142929077 and parameters: {'mlp_n_layers': 4, 'mlp_dim_00': 294, 'mlp_dim_01': 310, 'mlp_dim_02': 220, 'mlp_dim_03': 226, 'node_hidden_dim': 81, 'edge_hidden_dim': 74, 'depth': 1, 'rep_dropout': 0.025434904308722982, 'train_learning_rate': 0.0006247422292314595, 'train_lr_reduce': 0.6}. Best is trial 269 with value: 0.32603323459625244.
[I 2024-12-19 23:51:57,236] Trial 307 finished with value: 1.5739860534667969 and parameters: {'mlp_n_layers': 4, 'mlp_dim_00': 172, 'mlp_dim_01': 386, 'mlp_dim_02': 259, 'mlp_dim_03': 287, 'node_hidden_dim': 123, 'edge_hidden_dim': 67, 'depth': 1, 'rep_dropout': 0.04581276153637927, 'train_learning_rate': 0.00016339774529594542, 'train_lr_reduce': 0.6}. Best is trial 269 with value: 0.32603323459625244.
[I 2024-12-19 23:52:00,696] Trial 309 finished with value: 1.5154578685760498 and parameters: {'mlp_n_layers': 2, 'mlp_dim_00': 66, 'mlp_dim_01': 454, 'node_hidden_dim': 49, 'edge_hidden_dim': 58, 'depth': 1, 'rep_dropout': 0.14051133435615065, 'train_learning_rate': 0.0015707833379486529, 'train_lr_reduce': 0.6}. Best is trial 269 with value: 0.32603323459625244.
[I 2024-12-19 23:52:02,540] Trial 302 finished with value: 0.4430958330631256 and parameters: {'mlp_n_layers': 4, 'mlp_dim_00': 381, 'mlp_dim_01': 325, 'mlp_dim_02': 207, 'mlp_dim_03': 149, 'node_hidden_dim': 115, 'edge_hidden_dim': 51, 'depth': 2, 'rep_dropout': 0.08504965659999986, 'train_learning_rate': 0.001318273352258991, 'train_lr_reduce': 0.6}. Best is trial 269 with value: 0.32603323459625244.
[I 2024-12-19 23:52:05,926] Trial 311 finished with value: 1.3464086055755615 and parameters: {'mlp_n_layers': 2, 'mlp_dim_00': 398, 'mlp_dim_01': 273, 'node_hidden_dim': 103, 'edge_hidden_dim': 44, 'depth': 2, 'rep_dropout': 0.019879854983517405, 'train_learning_rate': 0.0017848893716303808, 'train_lr_reduce': 0.6}. Best is trial 269 with value: 0.32603323459625244.
[I 2024-12-19 23:52:06,177] Trial 308 finished with value: 0.3483477830886841 and parameters: {'mlp_n_layers': 4, 'mlp_dim_00': 380, 'mlp_dim_01': 297, 'mlp_dim_02': 224, 'mlp_dim_03': 211, 'node_hidden_dim': 90, 'edge_hidden_dim': 62, 'depth': 1, 'rep_dropout': 0.06720193903962525, 'train_learning_rate': 0.0008820270543617954, 'train_lr_reduce': 0.6}. Best is trial 269 with value: 0.32603323459625244.
[I 2024-12-19 23:52:12,708] Trial 312 finished with value: 1.2581405639648438 and parameters: {'mlp_n_layers': 4, 'mlp_dim_00': 434, 'mlp_dim_01': 283, 'mlp_dim_02': 185, 'mlp_dim_03': 158, 'node_hidden_dim': 75, 'edge_hidden_dim': 89, 'depth': 1, 'rep_dropout': 0.08635605886944038, 'train_learning_rate': 0.000641261442516525, 'train_lr_reduce': 0.6}. Best is trial 269 with value: 0.32603323459625244.
[I 2024-12-19 23:52:15,846] Trial 310 finished with value: 0.38979455828666687 and parameters: {'mlp_n_layers': 3, 'mlp_dim_00': 177, 'mlp_dim_01': 366, 'mlp_dim_02': 271, 'node_hidden_dim': 101, 'edge_hidden_dim': 32, 'depth': 1, 'rep_dropout': 0.10034233021036729, 'train_learning_rate': 0.002523399307565935, 'train_lr_reduce': 0.6}. Best is trial 269 with value: 0.32603323459625244.
[I 2024-12-19 23:52:16,025] Trial 314 finished with value: 1.293987512588501 and parameters: {'mlp_n_layers': 1, 'mlp_dim_00': 175, 'node_hidden_dim': 125, 'edge_hidden_dim': 71, 'depth': 4, 'rep_dropout': 0.07994661102864072, 'train_learning_rate': 0.0011551926215812485, 'train_lr_reduce': 0.6}. Best is trial 269 with value: 0.32603323459625244.
[I 2024-12-19 23:52:16,939] Trial 313 finished with value: 0.41509976983070374 and parameters: {'mlp_n_layers': 4, 'mlp_dim_00': 345, 'mlp_dim_01': 272, 'mlp_dim_02': 192, 'mlp_dim_03': 188, 'node_hidden_dim': 92, 'edge_hidden_dim': 79, 'depth': 1, 'rep_dropout': 0.0804235676608607, 'train_learning_rate': 0.001776847059911244, 'train_lr_reduce': 0.6}. Best is trial 269 with value: 0.32603323459625244.
[I 2024-12-19 23:52:19,555] Trial 315 finished with value: 1.5577973127365112 and parameters: {'mlp_n_layers': 4, 'mlp_dim_00': 371, 'mlp_dim_01': 245, 'mlp_dim_02': 203, 'mlp_dim_03': 206, 'node_hidden_dim': 94, 'edge_hidden_dim': 67, 'depth': 2, 'rep_dropout': 0.0960076908633612, 'train_learning_rate': 0.0009334866833585454, 'train_lr_reduce': 0.6}. Best is trial 269 with value: 0.32603323459625244.
[I 2024-12-19 23:52:20,222] Trial 317 finished with value: 1.5633927583694458 and parameters: {'mlp_n_layers': 3, 'mlp_dim_00': 459, 'mlp_dim_01': 417, 'mlp_dim_02': 225, 'node_hidden_dim': 66, 'edge_hidden_dim': 57, 'depth': 1, 'rep_dropout': 0.09438371092401471, 'train_learning_rate': 0.000542423980768768, 'train_lr_reduce': 0.6}. Best is trial 269 with value: 0.32603323459625244.
[I 2024-12-19 23:52:23,340] Trial 319 finished with value: 1.54140305519104 and parameters: {'mlp_n_layers': 3, 'mlp_dim_00': 427, 'mlp_dim_01': 247, 'mlp_dim_02': 232, 'node_hidden_dim': 115, 'edge_hidden_dim': 82, 'depth': 1, 'rep_dropout': 0.045679751793875185, 'train_learning_rate': 0.000766507002941436, 'train_lr_reduce': 0.6}. Best is trial 269 with value: 0.32603323459625244.
[I 2024-12-19 23:52:23,343] Trial 318 finished with value: 1.3737131357192993 and parameters: {'mlp_n_layers': 1, 'mlp_dim_00': 308, 'node_hidden_dim': 70, 'edge_hidden_dim': 106, 'depth': 3, 'rep_dropout': 0.13419716523614095, 'train_learning_rate': 0.0010570425169980629, 'train_lr_reduce': 0.6}. Best is trial 269 with value: 0.32603323459625244.
[I 2024-12-19 23:52:26,442] Trial 320 finished with value: 1.4863362312316895 and parameters: {'mlp_n_layers': 3, 'mlp_dim_00': 331, 'mlp_dim_01': 400, 'mlp_dim_02': 287, 'node_hidden_dim': 116, 'edge_hidden_dim': 40, 'depth': 1, 'rep_dropout': 0.035446684540131265, 'train_learning_rate': 0.0016883905309488024, 'train_lr_reduce': 0.6}. Best is trial 269 with value: 0.32603323459625244.
[I 2024-12-19 23:52:26,959] Trial 321 finished with value: 1.4977046251296997 and parameters: {'mlp_n_layers': 2, 'mlp_dim_00': 297, 'mlp_dim_01': 384, 'node_hidden_dim': 97, 'edge_hidden_dim': 42, 'depth': 1, 'rep_dropout': 0.004677988273184566, 'train_learning_rate': 0.0026152928528953563, 'train_lr_reduce': 0.6}. Best is trial 269 with value: 0.32603323459625244.
[I 2024-12-19 23:52:28,322] Trial 316 finished with value: 0.38700070977211 and parameters: {'mlp_n_layers': 4, 'mlp_dim_00': 357, 'mlp_dim_01': 301, 'mlp_dim_02': 137, 'mlp_dim_03': 351, 'node_hidden_dim': 95, 'edge_hidden_dim': 53, 'depth': 1, 'rep_dropout': 0.060709740890945135, 'train_learning_rate': 0.0016398239975590556, 'train_lr_reduce': 0.6}. Best is trial 269 with value: 0.32603323459625244.
[I 2024-12-19 23:52:30,310] Trial 323 finished with value: 1.4672917127609253 and parameters: {'mlp_n_layers': 3, 'mlp_dim_00': 418, 'mlp_dim_01': 222, 'mlp_dim_02': 282, 'node_hidden_dim': 115, 'edge_hidden_dim': 58, 'depth': 2, 'rep_dropout': 0.04990764380378493, 'train_learning_rate': 0.0011516478006346914, 'train_lr_reduce': 0.6}. Best is trial 269 with value: 0.32603323459625244.
[I 2024-12-19 23:52:33,971] Trial 325 finished with value: 1.3597534894943237 and parameters: {'mlp_n_layers': 3, 'mlp_dim_00': 449, 'mlp_dim_01': 263, 'mlp_dim_02': 242, 'node_hidden_dim': 86, 'edge_hidden_dim': 84, 'depth': 1, 'rep_dropout': 0.06330591644079488, 'train_learning_rate': 0.0073689775689269555, 'train_lr_reduce': 0.6}. Best is trial 269 with value: 0.32603323459625244.
[I 2024-12-19 23:52:38,097] Trial 322 finished with value: 0.3979248106479645 and parameters: {'mlp_n_layers': 4, 'mlp_dim_00': 476, 'mlp_dim_01': 300, 'mlp_dim_02': 220, 'mlp_dim_03': 200, 'node_hidden_dim': 84, 'edge_hidden_dim': 51, 'depth': 1, 'rep_dropout': 0.06300838605020923, 'train_learning_rate': 0.0038033831214299434, 'train_lr_reduce': 0.6}. Best is trial 269 with value: 0.32603323459625244.
[I 2024-12-19 23:52:38,178] Trial 326 finished with value: 1.289285659790039 and parameters: {'mlp_n_layers': 1, 'mlp_dim_00': 424, 'node_hidden_dim': 77, 'edge_hidden_dim': 57, 'depth': 4, 'rep_dropout': 0.03695489589025502, 'train_learning_rate': 0.008822164898589132, 'train_lr_reduce': 0.6}. Best is trial 269 with value: 0.32603323459625244.
[I 2024-12-19 23:52:41,017] Trial 324 finished with value: 0.34228774905204773 and parameters: {'mlp_n_layers': 4, 'mlp_dim_00': 236, 'mlp_dim_01': 331, 'mlp_dim_02': 157, 'mlp_dim_03': 349, 'node_hidden_dim': 64, 'edge_hidden_dim': 47, 'depth': 1, 'rep_dropout': 0.02458302882530789, 'train_learning_rate': 0.005207387935895206, 'train_lr_reduce': 0.6}. Best is trial 269 with value: 0.32603323459625244.
[I 2024-12-19 23:52:41,248] Trial 327 finished with value: 1.583638072013855 and parameters: {'mlp_n_layers': 3, 'mlp_dim_00': 351, 'mlp_dim_01': 219, 'mlp_dim_02': 428, 'node_hidden_dim': 63, 'edge_hidden_dim': 70, 'depth': 2, 'rep_dropout': 0.09155415584900092, 'train_learning_rate': 0.00010335383432892374, 'train_lr_reduce': 0.6}. Best is trial 269 with value: 0.32603323459625244.
[I 2024-12-19 23:52:45,913] Trial 329 finished with value: 1.5810753107070923 and parameters: {'mlp_n_layers': 3, 'mlp_dim_00': 488, 'mlp_dim_01': 323, 'mlp_dim_02': 73, 'node_hidden_dim': 121, 'edge_hidden_dim': 112, 'depth': 4, 'rep_dropout': 0.061190260712744804, 'train_learning_rate': 0.00016177224817213976, 'train_lr_reduce': 0.6}. Best is trial 269 with value: 0.32603323459625244.
[I 2024-12-19 23:52:47,243] Trial 330 finished with value: 1.488429307937622 and parameters: {'mlp_n_layers': 4, 'mlp_dim_00': 241, 'mlp_dim_01': 328, 'mlp_dim_02': 139, 'mlp_dim_03': 353, 'node_hidden_dim': 60, 'edge_hidden_dim': 42, 'depth': 1, 'rep_dropout': 0.030748957075396984, 'train_learning_rate': 0.0061921565529638655, 'train_lr_reduce': 0.6}. Best is trial 269 with value: 0.32603323459625244.
[I 2024-12-19 23:52:51,672] Trial 332 finished with value: 1.5408945083618164 and parameters: {'mlp_n_layers': 1, 'mlp_dim_00': 491, 'node_hidden_dim': 77, 'edge_hidden_dim': 88, 'depth': 3, 'rep_dropout': 0.041465586084998986, 'train_learning_rate': 0.00014410754666738482, 'train_lr_reduce': 0.6}. Best is trial 269 with value: 0.32603323459625244.
[I 2024-12-19 23:52:56,718] Trial 333 finished with value: 1.575548768043518 and parameters: {'mlp_n_layers': 2, 'mlp_dim_00': 208, 'mlp_dim_01': 335, 'node_hidden_dim': 89, 'edge_hidden_dim': 100, 'depth': 3, 'rep_dropout': 0.07732391856210247, 'train_learning_rate': 0.00035284838564511074, 'train_lr_reduce': 0.6}. Best is trial 269 with value: 0.32603323459625244.
