[I 2024-12-25 00:55:56,631] Trial 930 finished with value: 0.016724709421396255 and parameters: {'L1_hidden_dim': 256, 'L1_layers_atom': 4, 'L1_layers_mol': 4, 'L1_dropout': 0.14607211809070392, 'L1_out_dim': 80, 'L2_hidden_dim': 208, 'L2_layers_atom': 2, 'L2_layers_mol': 1, 'L2_out_dim': 64, 'L2_dropout': 0.15151417496718833, 'L3_hidden_dim': 128, 'L3_layers_atom': 1, 'L3_layers_mol': 4, 'L3_out_dim': 80, 'L3_dropout': 0.23910195864270223, 'n_mlp_layers': 1, 'mlp_dim_0': 128, 'num_heads': 2, 'final_dropout': 0.2240794391019888, 'train_learning_rate': 0.001671174277197593, 'train_lr_reduce': 0.6}. Best is trial 570 with value: 0.00952998548746109.
[I 2024-12-25 00:58:13,694] Trial 934 finished with value: 0.015042262151837349 and parameters: {'L1_hidden_dim': 224, 'L1_layers_atom': 1, 'L1_layers_mol': 4, 'L1_dropout': 0.05460068542956023, 'L1_out_dim': 96, 'L2_hidden_dim': 256, 'L2_layers_atom': 2, 'L2_layers_mol': 4, 'L2_out_dim': 64, 'L2_dropout': 0.2601661738273781, 'L3_hidden_dim': 32, 'L3_layers_atom': 4, 'L3_layers_mol': 1, 'L3_out_dim': 128, 'L3_dropout': 0.28094292253479775, 'n_mlp_layers': 3, 'mlp_dim_0': 280, 'mlp_dim_1': 352, 'mlp_dim_2': 104, 'num_heads': 2, 'final_dropout': 0.27550487580522465, 'train_learning_rate': 0.004192961775019712, 'train_lr_reduce': 0.6}. Best is trial 570 with value: 0.00952998548746109.
[I 2024-12-25 00:58:25,950] Trial 933 finished with value: 0.012277575209736824 and parameters: {'L1_hidden_dim': 176, 'L1_layers_atom': 4, 'L1_layers_mol': 3, 'L1_dropout': 0.00012124994984062491, 'L1_out_dim': 48, 'L2_hidden_dim': 112, 'L2_layers_atom': 3, 'L2_layers_mol': 2, 'L2_out_dim': 96, 'L2_dropout': 0.11200588766888633, 'L3_hidden_dim': 64, 'L3_layers_atom': 1, 'L3_layers_mol': 3, 'L3_out_dim': 96, 'L3_dropout': 0.2523760026527074, 'n_mlp_layers': 2, 'mlp_dim_0': 384, 'mlp_dim_1': 256, 'num_heads': 2, 'final_dropout': 0.0466517097676421, 'train_learning_rate': 0.0013181875369382514, 'train_lr_reduce': 0.6}. Best is trial 570 with value: 0.00952998548746109.
[I 2024-12-25 00:59:32,316] Trial 932 finished with value: 0.019948633387684822 and parameters: {'L1_hidden_dim': 256, 'L1_layers_atom': 4, 'L1_layers_mol': 3, 'L1_dropout': 0.0026064252445230016, 'L1_out_dim': 32, 'L2_hidden_dim': 240, 'L2_layers_atom': 4, 'L2_layers_mol': 2, 'L2_out_dim': 32, 'L2_dropout': 0.2669330314542194, 'L3_hidden_dim': 128, 'L3_layers_atom': 4, 'L3_layers_mol': 2, 'L3_out_dim': 128, 'L3_dropout': 0.2559903360342564, 'n_mlp_layers': 3, 'mlp_dim_0': 368, 'mlp_dim_1': 304, 'mlp_dim_2': 160, 'num_heads': 2, 'final_dropout': 0.015803347700902737, 'train_learning_rate': 0.00014488646844901498, 'train_lr_reduce': 0.6}. Best is trial 570 with value: 0.00952998548746109.
[I 2024-12-25 01:00:50,324] Trial 935 finished with value: 0.023259148001670837 and parameters: {'L1_hidden_dim': 256, 'L1_layers_atom': 2, 'L1_layers_mol': 4, 'L1_dropout': 0.01791502364121435, 'L1_out_dim': 80, 'L2_hidden_dim': 208, 'L2_layers_atom': 3, 'L2_layers_mol': 4, 'L2_out_dim': 48, 'L2_dropout': 0.05153392095686486, 'L3_hidden_dim': 48, 'L3_layers_atom': 4, 'L3_layers_mol': 3, 'L3_out_dim': 128, 'L3_dropout': 0.21840917013715533, 'n_mlp_layers': 2, 'mlp_dim_0': 192, 'mlp_dim_1': 312, 'num_heads': 2, 'final_dropout': 0.27346715574714037, 'train_learning_rate': 0.008159641282303972, 'train_lr_reduce': 0.6}. Best is trial 570 with value: 0.00952998548746109.
[I 2024-12-25 01:01:17,351] Trial 936 finished with value: 0.01189774926751852 and parameters: {'L1_hidden_dim': 128, 'L1_layers_atom': 2, 'L1_layers_mol': 2, 'L1_dropout': 0.11248520126117292, 'L1_out_dim': 32, 'L2_hidden_dim': 160, 'L2_layers_atom': 4, 'L2_layers_mol': 2, 'L2_out_dim': 128, 'L2_dropout': 0.005251147635697828, 'L3_hidden_dim': 112, 'L3_layers_atom': 3, 'L3_layers_mol': 2, 'L3_out_dim': 128, 'L3_dropout': 0.1897772907523492, 'n_mlp_layers': 3, 'mlp_dim_0': 248, 'mlp_dim_1': 272, 'mlp_dim_2': 192, 'num_heads': 2, 'final_dropout': 0.18937189653734834, 'train_learning_rate': 0.001565870830480945, 'train_lr_reduce': 0.6}. Best is trial 570 with value: 0.00952998548746109.
[I 2024-12-25 01:02:06,537] Trial 937 finished with value: 0.014138364233076572 and parameters: {'L1_hidden_dim': 240, 'L1_layers_atom': 3, 'L1_layers_mol': 3, 'L1_dropout': 0.08568933098974915, 'L1_out_dim': 48, 'L2_hidden_dim': 112, 'L2_layers_atom': 4, 'L2_layers_mol': 2, 'L2_out_dim': 96, 'L2_dropout': 0.03331798637252066, 'L3_hidden_dim': 128, 'L3_layers_atom': 3, 'L3_layers_mol': 1, 'L3_out_dim': 128, 'L3_dropout': 0.18409107205047656, 'n_mlp_layers': 2, 'mlp_dim_0': 416, 'mlp_dim_1': 432, 'num_heads': 1, 'final_dropout': 0.06076513201683363, 'train_learning_rate': 0.00043545644621208543, 'train_lr_reduce': 0.6}. Best is trial 570 with value: 0.00952998548746109.
[I 2024-12-25 01:02:59,827] Trial 938 finished with value: 0.009753276593983173 and parameters: {'L1_hidden_dim': 176, 'L1_layers_atom': 3, 'L1_layers_mol': 4, 'L1_dropout': 0.0047186294407700335, 'L1_out_dim': 32, 'L2_hidden_dim': 208, 'L2_layers_atom': 3, 'L2_layers_mol': 1, 'L2_out_dim': 32, 'L2_dropout': 0.09820714632096114, 'L3_hidden_dim': 48, 'L3_layers_atom': 4, 'L3_layers_mol': 1, 'L3_out_dim': 128, 'L3_dropout': 0.28242185389471214, 'n_mlp_layers': 1, 'mlp_dim_0': 368, 'num_heads': 2, 'final_dropout': 0.050170915869210034, 'train_learning_rate': 0.0008685824046197876, 'train_lr_reduce': 0.6}. Best is trial 570 with value: 0.00952998548746109.
[I 2024-12-25 01:03:14,125] Trial 939 finished with value: 0.013367674313485622 and parameters: {'L1_hidden_dim': 96, 'L1_layers_atom': 2, 'L1_layers_mol': 2, 'L1_dropout': 0.007240815182364191, 'L1_out_dim': 48, 'L2_hidden_dim': 224, 'L2_layers_atom': 4, 'L2_layers_mol': 1, 'L2_out_dim': 80, 'L2_dropout': 0.02225926622278927, 'L3_hidden_dim': 128, 'L3_layers_atom': 3, 'L3_layers_mol': 1, 'L3_out_dim': 96, 'L3_dropout': 0.2450123389347847, 'n_mlp_layers': 2, 'mlp_dim_0': 440, 'mlp_dim_1': 352, 'num_heads': 1, 'final_dropout': 0.17964897422840131, 'train_learning_rate': 0.005845073306957536, 'train_lr_reduce': 0.6}. Best is trial 570 with value: 0.00952998548746109.
[I 2024-12-25 01:03:22,522] Trial 941 finished with value: 0.8564172983169556 and parameters: {'L1_hidden_dim': 208, 'L1_layers_atom': 3, 'L1_layers_mol': 4, 'L1_dropout': 0.0709805655316067, 'L1_out_dim': 128, 'L2_hidden_dim': 176, 'L2_layers_atom': 3, 'L2_layers_mol': 4, 'L2_out_dim': 32, 'L2_dropout': 0.034392776123925245, 'L3_hidden_dim': 32, 'L3_layers_atom': 4, 'L3_layers_mol': 1, 'L3_out_dim': 128, 'L3_dropout': 0.2431936878533219, 'n_mlp_layers': 2, 'mlp_dim_0': 176, 'mlp_dim_1': 264, 'num_heads': 2, 'final_dropout': 0.1341391091848598, 'train_learning_rate': 0.007531739790933269, 'train_lr_reduce': 0.6}. Best is trial 570 with value: 0.00952998548746109.
[I 2024-12-25 01:04:04,480] Trial 940 finished with value: 0.019646761938929558 and parameters: {'L1_hidden_dim': 256, 'L1_layers_atom': 1, 'L1_layers_mol': 4, 'L1_dropout': 0.07752333448575707, 'L1_out_dim': 128, 'L2_hidden_dim': 144, 'L2_layers_atom': 2, 'L2_layers_mol': 1, 'L2_out_dim': 48, 'L2_dropout': 0.18747051305178225, 'L3_hidden_dim': 96, 'L3_layers_atom': 1, 'L3_layers_mol': 3, 'L3_out_dim': 128, 'L3_dropout': 0.18842747973351293, 'n_mlp_layers': 1, 'mlp_dim_0': 432, 'num_heads': 1, 'final_dropout': 0.11122727207868682, 'train_learning_rate': 0.003186468354249858, 'train_lr_reduce': 0.6}. Best is trial 570 with value: 0.00952998548746109.
[I 2024-12-25 01:05:25,484] Trial 944 finished with value: 0.012668692506849766 and parameters: {'L1_hidden_dim': 240, 'L1_layers_atom': 3, 'L1_layers_mol': 4, 'L1_dropout': 0.01636225885497472, 'L1_out_dim': 96, 'L2_hidden_dim': 64, 'L2_layers_atom': 4, 'L2_layers_mol': 1, 'L2_out_dim': 32, 'L2_dropout': 0.1408655298670213, 'L3_hidden_dim': 96, 'L3_layers_atom': 3, 'L3_layers_mol': 1, 'L3_out_dim': 128, 'L3_dropout': 0.2074587743346376, 'n_mlp_layers': 1, 'mlp_dim_0': 504, 'num_heads': 1, 'final_dropout': 0.17497180773859736, 'train_learning_rate': 0.0013546237092743154, 'train_lr_reduce': 0.6}. Best is trial 570 with value: 0.00952998548746109.
[I 2024-12-25 01:05:27,198] Trial 943 finished with value: 0.010645493865013123 and parameters: {'L1_hidden_dim': 256, 'L1_layers_atom': 4, 'L1_layers_mol': 3, 'L1_dropout': 0.011206824043606508, 'L1_out_dim': 32, 'L2_hidden_dim': 176, 'L2_layers_atom': 4, 'L2_layers_mol': 3, 'L2_out_dim': 32, 'L2_dropout': 0.13702398539573213, 'L3_hidden_dim': 128, 'L3_layers_atom': 4, 'L3_layers_mol': 4, 'L3_out_dim': 128, 'L3_dropout': 0.1243808879882679, 'n_mlp_layers': 3, 'mlp_dim_0': 192, 'mlp_dim_1': 256, 'mlp_dim_2': 96, 'num_heads': 2, 'final_dropout': 0.07754242970364536, 'train_learning_rate': 0.0011246332443409402, 'train_lr_reduce': 0.6}. Best is trial 570 with value: 0.00952998548746109.
[I 2024-12-25 01:06:00,099] Trial 942 finished with value: 0.010427913628518581 and parameters: {'L1_hidden_dim': 176, 'L1_layers_atom': 3, 'L1_layers_mol': 4, 'L1_dropout': 0.020965558227474354, 'L1_out_dim': 48, 'L2_hidden_dim': 160, 'L2_layers_atom': 3, 'L2_layers_mol': 1, 'L2_out_dim': 32, 'L2_dropout': 0.04075431080393388, 'L3_hidden_dim': 32, 'L3_layers_atom': 4, 'L3_layers_mol': 1, 'L3_out_dim': 96, 'L3_dropout': 0.2773881236107392, 'n_mlp_layers': 2, 'mlp_dim_0': 432, 'mlp_dim_1': 320, 'num_heads': 2, 'final_dropout': 0.037779454817996494, 'train_learning_rate': 0.0006145012670859167, 'train_lr_reduce': 0.6}. Best is trial 570 with value: 0.00952998548746109.
[I 2024-12-25 01:08:02,213] Trial 947 finished with value: 0.013938074931502342 and parameters: {'L1_hidden_dim': 128, 'L1_layers_atom': 3, 'L1_layers_mol': 4, 'L1_dropout': 0.017472804456035378, 'L1_out_dim': 32, 'L2_hidden_dim': 208, 'L2_layers_atom': 1, 'L2_layers_mol': 1, 'L2_out_dim': 32, 'L2_dropout': 0.2290059609201988, 'L3_hidden_dim': 32, 'L3_layers_atom': 4, 'L3_layers_mol': 3, 'L3_out_dim': 128, 'L3_dropout': 0.2748124482486359, 'n_mlp_layers': 1, 'mlp_dim_0': 368, 'num_heads': 2, 'final_dropout': 0.004297377145380428, 'train_learning_rate': 0.0007753162063989626, 'train_lr_reduce': 0.6}. Best is trial 570 with value: 0.00952998548746109.
[I 2024-12-25 01:08:40,479] Trial 946 finished with value: 0.010902456939220428 and parameters: {'L1_hidden_dim': 128, 'L1_layers_atom': 2, 'L1_layers_mol': 2, 'L1_dropout': 0.06061381522426319, 'L1_out_dim': 32, 'L2_hidden_dim': 112, 'L2_layers_atom': 4, 'L2_layers_mol': 1, 'L2_out_dim': 96, 'L2_dropout': 0.01919053381737598, 'L3_hidden_dim': 128, 'L3_layers_atom': 4, 'L3_layers_mol': 1, 'L3_out_dim': 96, 'L3_dropout': 0.11851508376995405, 'n_mlp_layers': 2, 'mlp_dim_0': 432, 'mlp_dim_1': 400, 'num_heads': 2, 'final_dropout': 0.1690882203832192, 'train_learning_rate': 0.0017428343695910006, 'train_lr_reduce': 0.6}. Best is trial 570 with value: 0.00952998548746109.
[I 2024-12-25 01:08:43,889] Trial 945 finished with value: 0.011131438426673412 and parameters: {'L1_hidden_dim': 256, 'L1_layers_atom': 3, 'L1_layers_mol': 4, 'L1_dropout': 0.0050681493268347685, 'L1_out_dim': 64, 'L2_hidden_dim': 64, 'L2_layers_atom': 3, 'L2_layers_mol': 2, 'L2_out_dim': 32, 'L2_dropout': 0.061426927368706155, 'L3_hidden_dim': 96, 'L3_layers_atom': 4, 'L3_layers_mol': 1, 'L3_out_dim': 112, 'L3_dropout': 0.27612863051382974, 'n_mlp_layers': 1, 'mlp_dim_0': 424, 'num_heads': 2, 'final_dropout': 0.039128755108367844, 'train_learning_rate': 0.0012573510671009766, 'train_lr_reduce': 0.6}. Best is trial 570 with value: 0.00952998548746109.
[I 2024-12-25 01:10:51,835] Trial 948 finished with value: 0.012896197848021984 and parameters: {'L1_hidden_dim': 144, 'L1_layers_atom': 3, 'L1_layers_mol': 4, 'L1_dropout': 0.08280498325777108, 'L1_out_dim': 48, 'L2_hidden_dim': 176, 'L2_layers_atom': 4, 'L2_layers_mol': 1, 'L2_out_dim': 48, 'L2_dropout': 0.1161998577171339, 'L3_hidden_dim': 48, 'L3_layers_atom': 4, 'L3_layers_mol': 2, 'L3_out_dim': 112, 'L3_dropout': 0.2774959614983419, 'n_mlp_layers': 1, 'mlp_dim_0': 320, 'num_heads': 2, 'final_dropout': 0.02135182671100834, 'train_learning_rate': 0.00037824578718442114, 'train_lr_reduce': 0.6}. Best is trial 570 with value: 0.00952998548746109.
[I 2024-12-25 01:11:04,704] Trial 949 finished with value: 0.014876702800393105 and parameters: {'L1_hidden_dim': 256, 'L1_layers_atom': 4, 'L1_layers_mol': 4, 'L1_dropout': 0.03142162744945822, 'L1_out_dim': 32, 'L2_hidden_dim': 176, 'L2_layers_atom': 4, 'L2_layers_mol': 2, 'L2_out_dim': 64, 'L2_dropout': 0.057594459163109214, 'L3_hidden_dim': 96, 'L3_layers_atom': 4, 'L3_layers_mol': 1, 'L3_out_dim': 128, 'L3_dropout': 0.2707036251901408, 'n_mlp_layers': 1, 'mlp_dim_0': 360, 'num_heads': 1, 'final_dropout': 0.04634073035267149, 'train_learning_rate': 0.0003019923681107371, 'train_lr_reduce': 0.6}. Best is trial 570 with value: 0.00952998548746109.
[I 2024-12-25 01:11:32,891] Trial 950 finished with value: 0.012110181152820587 and parameters: {'L1_hidden_dim': 176, 'L1_layers_atom': 3, 'L1_layers_mol': 3, 'L1_dropout': 0.04128847906214464, 'L1_out_dim': 32, 'L2_hidden_dim': 224, 'L2_layers_atom': 4, 'L2_layers_mol': 1, 'L2_out_dim': 32, 'L2_dropout': 0.07428351207160175, 'L3_hidden_dim': 64, 'L3_layers_atom': 4, 'L3_layers_mol': 1, 'L3_out_dim': 128, 'L3_dropout': 0.25413329030309134, 'n_mlp_layers': 1, 'mlp_dim_0': 432, 'num_heads': 2, 'final_dropout': 0.06865200537109332, 'train_learning_rate': 0.0006697159370576892, 'train_lr_reduce': 0.6}. Best is trial 570 with value: 0.00952998548746109.
[I 2024-12-25 01:12:31,379] Trial 951 finished with value: 0.013545023277401924 and parameters: {'L1_hidden_dim': 64, 'L1_layers_atom': 3, 'L1_layers_mol': 1, 'L1_dropout': 0.045468282082549105, 'L1_out_dim': 32, 'L2_hidden_dim': 128, 'L2_layers_atom': 4, 'L2_layers_mol': 1, 'L2_out_dim': 96, 'L2_dropout': 0.014399533819732859, 'L3_hidden_dim': 128, 'L3_layers_atom': 4, 'L3_layers_mol': 1, 'L3_out_dim': 96, 'L3_dropout': 0.14389501347584793, 'n_mlp_layers': 3, 'mlp_dim_0': 480, 'mlp_dim_1': 312, 'mlp_dim_2': 176, 'num_heads': 2, 'final_dropout': 0.2550706955643527, 'train_learning_rate': 0.00500770816070024, 'train_lr_reduce': 0.6}. Best is trial 570 with value: 0.00952998548746109.
[I 2024-12-25 01:13:14,234] Trial 952 finished with value: 0.013242938555777073 and parameters: {'L1_hidden_dim': 192, 'L1_layers_atom': 4, 'L1_layers_mol': 3, 'L1_dropout': 0.07921666303889069, 'L1_out_dim': 48, 'L2_hidden_dim': 112, 'L2_layers_atom': 4, 'L2_layers_mol': 1, 'L2_out_dim': 64, 'L2_dropout': 0.006382861681116731, 'L3_hidden_dim': 128, 'L3_layers_atom': 4, 'L3_layers_mol': 1, 'L3_out_dim': 112, 'L3_dropout': 0.23972777115501315, 'n_mlp_layers': 2, 'mlp_dim_0': 216, 'mlp_dim_1': 256, 'num_heads': 1, 'final_dropout': 0.07036347091456185, 'train_learning_rate': 0.0001708323672702562, 'train_lr_reduce': 0.6}. Best is trial 570 with value: 0.00952998548746109.
[I 2024-12-25 01:13:14,597] Trial 953 finished with value: 0.011040881276130676 and parameters: {'L1_hidden_dim': 80, 'L1_layers_atom': 1, 'L1_layers_mol': 3, 'L1_dropout': 0.013837600084329077, 'L1_out_dim': 48, 'L2_hidden_dim': 144, 'L2_layers_atom': 4, 'L2_layers_mol': 1, 'L2_out_dim': 128, 'L2_dropout': 0.01261911935491618, 'L3_hidden_dim': 128, 'L3_layers_atom': 3, 'L3_layers_mol': 1, 'L3_out_dim': 112, 'L3_dropout': 0.10194975022923716, 'n_mlp_layers': 3, 'mlp_dim_0': 416, 'mlp_dim_1': 360, 'mlp_dim_2': 256, 'num_heads': 2, 'final_dropout': 0.24900475624230012, 'train_learning_rate': 0.0032902857503003184, 'train_lr_reduce': 0.6}. Best is trial 570 with value: 0.00952998548746109.
[I 2024-12-25 01:15:10,051] Trial 956 finished with value: 0.011200262233614922 and parameters: {'L1_hidden_dim': 160, 'L1_layers_atom': 4, 'L1_layers_mol': 2, 'L1_dropout': 0.08423077991300874, 'L1_out_dim': 48, 'L2_hidden_dim': 240, 'L2_layers_atom': 4, 'L2_layers_mol': 2, 'L2_out_dim': 80, 'L2_dropout': 0.16670739363723194, 'L3_hidden_dim': 128, 'L3_layers_atom': 3, 'L3_layers_mol': 4, 'L3_out_dim': 128, 'L3_dropout': 0.20607934735449274, 'n_mlp_layers': 3, 'mlp_dim_0': 376, 'mlp_dim_1': 304, 'mlp_dim_2': 128, 'num_heads': 2, 'final_dropout': 0.010562630984620361, 'train_learning_rate': 0.0013283861208933923, 'train_lr_reduce': 0.6}. Best is trial 570 with value: 0.00952998548746109.
[I 2024-12-25 01:15:19,450] Trial 954 finished with value: 0.012485820800065994 and parameters: {'L1_hidden_dim': 256, 'L1_layers_atom': 4, 'L1_layers_mol': 2, 'L1_dropout': 0.0204701842176922, 'L1_out_dim': 48, 'L2_hidden_dim': 128, 'L2_layers_atom': 4, 'L2_layers_mol': 1, 'L2_out_dim': 32, 'L2_dropout': 0.028498596147349425, 'L3_hidden_dim': 112, 'L3_layers_atom': 4, 'L3_layers_mol': 1, 'L3_out_dim': 112, 'L3_dropout': 0.23628833420995507, 'n_mlp_layers': 1, 'mlp_dim_0': 408, 'num_heads': 1, 'final_dropout': 0.05780902772477782, 'train_learning_rate': 0.0001491639408695837, 'train_lr_reduce': 0.6}. Best is trial 570 with value: 0.00952998548746109.
[I 2024-12-25 01:16:24,300] Trial 955 finished with value: 0.010132476687431335 and parameters: {'L1_hidden_dim': 176, 'L1_layers_atom': 4, 'L1_layers_mol': 4, 'L1_dropout': 0.0183914124145386, 'L1_out_dim': 48, 'L2_hidden_dim': 256, 'L2_layers_atom': 3, 'L2_layers_mol': 1, 'L2_out_dim': 32, 'L2_dropout': 0.06489290606812217, 'L3_hidden_dim': 32, 'L3_layers_atom': 4, 'L3_layers_mol': 2, 'L3_out_dim': 112, 'L3_dropout': 0.26834629786511205, 'n_mlp_layers': 1, 'mlp_dim_0': 272, 'num_heads': 2, 'final_dropout': 0.05062121710930334, 'train_learning_rate': 0.0008735470947130045, 'train_lr_reduce': 0.6}. Best is trial 570 with value: 0.00952998548746109.
[I 2024-12-25 01:18:14,978] Trial 957 finished with value: 0.012006419710814953 and parameters: {'L1_hidden_dim': 160, 'L1_layers_atom': 3, 'L1_layers_mol': 4, 'L1_dropout': 0.058785365450593874, 'L1_out_dim': 32, 'L2_hidden_dim': 208, 'L2_layers_atom': 3, 'L2_layers_mol': 2, 'L2_out_dim': 32, 'L2_dropout': 0.16594827320040428, 'L3_hidden_dim': 80, 'L3_layers_atom': 4, 'L3_layers_mol': 1, 'L3_out_dim': 128, 'L3_dropout': 0.27065117618203177, 'n_mlp_layers': 1, 'mlp_dim_0': 280, 'num_heads': 2, 'final_dropout': 0.05998120397953621, 'train_learning_rate': 0.0007529284321909209, 'train_lr_reduce': 0.6}. Best is trial 570 with value: 0.00952998548746109.
[I 2024-12-25 01:18:24,641] Trial 958 finished with value: 0.011716645210981369 and parameters: {'L1_hidden_dim': 144, 'L1_layers_atom': 3, 'L1_layers_mol': 2, 'L1_dropout': 0.032465054953315454, 'L1_out_dim': 48, 'L2_hidden_dim': 192, 'L2_layers_atom': 4, 'L2_layers_mol': 1, 'L2_out_dim': 48, 'L2_dropout': 0.13228188154253923, 'L3_hidden_dim': 128, 'L3_layers_atom': 4, 'L3_layers_mol': 4, 'L3_out_dim': 128, 'L3_dropout': 0.24657532943540827, 'n_mlp_layers': 3, 'mlp_dim_0': 464, 'mlp_dim_1': 248, 'mlp_dim_2': 80, 'num_heads': 2, 'final_dropout': 0.0527177320878642, 'train_learning_rate': 0.0003127158617100387, 'train_lr_reduce': 0.6}. Best is trial 570 with value: 0.00952998548746109.
[I 2024-12-25 01:20:01,315] Trial 959 finished with value: 0.015498174354434013 and parameters: {'L1_hidden_dim': 112, 'L1_layers_atom': 3, 'L1_layers_mol': 4, 'L1_dropout': 0.018032582094387024, 'L1_out_dim': 32, 'L2_hidden_dim': 240, 'L2_layers_atom': 4, 'L2_layers_mol': 1, 'L2_out_dim': 48, 'L2_dropout': 0.23752078366984236, 'L3_hidden_dim': 96, 'L3_layers_atom': 3, 'L3_layers_mol': 3, 'L3_out_dim': 128, 'L3_dropout': 0.25146989913973306, 'n_mlp_layers': 3, 'mlp_dim_0': 280, 'mlp_dim_1': 320, 'mlp_dim_2': 200, 'num_heads': 2, 'final_dropout': 0.043657011430667296, 'train_learning_rate': 0.004667995202858901, 'train_lr_reduce': 0.6}. Best is trial 570 with value: 0.00952998548746109.
[I 2024-12-25 01:21:14,657] Trial 961 finished with value: 0.010728314518928528 and parameters: {'L1_hidden_dim': 208, 'L1_layers_atom': 3, 'L1_layers_mol': 4, 'L1_dropout': 0.02073576557611108, 'L1_out_dim': 64, 'L2_hidden_dim': 224, 'L2_layers_atom': 2, 'L2_layers_mol': 1, 'L2_out_dim': 48, 'L2_dropout': 0.0792310106252321, 'L3_hidden_dim': 48, 'L3_layers_atom': 4, 'L3_layers_mol': 1, 'L3_out_dim': 112, 'L3_dropout': 0.2630353985936474, 'n_mlp_layers': 1, 'mlp_dim_0': 224, 'num_heads': 2, 'final_dropout': 0.06204063223713362, 'train_learning_rate': 0.0008077721467246776, 'train_lr_reduce': 0.6}. Best is trial 570 with value: 0.00952998548746109.
[I 2024-12-25 01:21:55,927] Trial 960 finished with value: 0.011810806579887867 and parameters: {'L1_hidden_dim': 160, 'L1_layers_atom': 4, 'L1_layers_mol': 3, 'L1_dropout': 0.032127531288488706, 'L1_out_dim': 32, 'L2_hidden_dim': 80, 'L2_layers_atom': 4, 'L2_layers_mol': 1, 'L2_out_dim': 32, 'L2_dropout': 0.08351013362030323, 'L3_hidden_dim': 128, 'L3_layers_atom': 4, 'L3_layers_mol': 2, 'L3_out_dim': 112, 'L3_dropout': 0.24618699638808952, 'n_mlp_layers': 2, 'mlp_dim_0': 280, 'mlp_dim_1': 368, 'num_heads': 2, 'final_dropout': 0.06569079899786778, 'train_learning_rate': 0.0003312220102428839, 'train_lr_reduce': 0.6}. Best is trial 570 with value: 0.00952998548746109.
[I 2024-12-25 01:23:01,708] Trial 964 finished with value: 0.022318681702017784 and parameters: {'L1_hidden_dim': 176, 'L1_layers_atom': 4, 'L1_layers_mol': 3, 'L1_dropout': 0.03824836240977865, 'L1_out_dim': 64, 'L2_hidden_dim': 240, 'L2_layers_atom': 3, 'L2_layers_mol': 1, 'L2_out_dim': 32, 'L2_dropout': 0.13054582870825882, 'L3_hidden_dim': 32, 'L3_layers_atom': 4, 'L3_layers_mol': 2, 'L3_out_dim': 112, 'L3_dropout': 0.29935879598431636, 'n_mlp_layers': 1, 'mlp_dim_0': 240, 'num_heads': 2, 'final_dropout': 0.05142769851426375, 'train_learning_rate': 0.0009673091267517999, 'train_lr_reduce': 0.6}. Best is trial 570 with value: 0.00952998548746109.
