[I 2024-12-25 18:03:56,018] Trial 610 finished with value: 0.0783558338880539 and parameters: {'L1_hidden_dim': 96, 'L1_layers_atom': 2, 'L1_layers_mol': 4, 'L1_dropout': 0.07945296702306195, 'L1_out_dim': 80, 'L2_hidden_dim': 176, 'L2_layers_atom': 1, 'L2_layers_mol': 4, 'L2_out_dim': 80, 'L2_dropout': 0.07740854342143519, 'L3_hidden_dim': 96, 'L3_layers_atom': 1, 'L3_layers_mol': 1, 'L3_out_dim': 128, 'L3_dropout': 0.022201121809132883, 'n_mlp_layers': 3, 'mlp_dim_0': 344, 'mlp_dim_1': 512, 'mlp_dim_2': 80, 'num_heads': 1, 'final_dropout': 0.2111171861992125, 'train_learning_rate': 0.002312813982592851, 'train_lr_reduce': 0.6}. Best is trial 332 with value: 0.04597867280244827.
[I 2024-12-25 18:04:35,714] Trial 609 finished with value: 0.09212765842676163 and parameters: {'L1_hidden_dim': 80, 'L1_layers_atom': 4, 'L1_layers_mol': 2, 'L1_dropout': 0.20027989652828004, 'L1_out_dim': 64, 'L2_hidden_dim': 224, 'L2_layers_atom': 2, 'L2_layers_mol': 3, 'L2_out_dim': 48, 'L2_dropout': 0.032153303053235445, 'L3_hidden_dim': 128, 'L3_layers_atom': 2, 'L3_layers_mol': 1, 'L3_out_dim': 128, 'L3_dropout': 0.045310819536966813, 'n_mlp_layers': 3, 'mlp_dim_0': 320, 'mlp_dim_1': 512, 'mlp_dim_2': 96, 'num_heads': 1, 'final_dropout': 0.13112204368881877, 'train_learning_rate': 0.0007014789072881001, 'train_lr_reduce': 0.6}. Best is trial 332 with value: 0.04597867280244827.
[I 2024-12-25 18:04:39,409] Trial 608 finished with value: 0.07651636749505997 and parameters: {'L1_hidden_dim': 80, 'L1_layers_atom': 3, 'L1_layers_mol': 2, 'L1_dropout': 0.10147121907810883, 'L1_out_dim': 32, 'L2_hidden_dim': 208, 'L2_layers_atom': 4, 'L2_layers_mol': 4, 'L2_out_dim': 128, 'L2_dropout': 0.059403810692755424, 'L3_hidden_dim': 64, 'L3_layers_atom': 4, 'L3_layers_mol': 4, 'L3_out_dim': 32, 'L3_dropout': 0.18042807805543465, 'n_mlp_layers': 1, 'mlp_dim_0': 208, 'num_heads': 2, 'final_dropout': 0.11710718041501221, 'train_learning_rate': 0.00018739557798201628, 'train_lr_reduce': 0.6}. Best is trial 332 with value: 0.04597867280244827.
[I 2024-12-25 18:05:24,789] Trial 611 finished with value: 0.07603619247674942 and parameters: {'L1_hidden_dim': 64, 'L1_layers_atom': 3, 'L1_layers_mol': 4, 'L1_dropout': 0.08796677022984256, 'L1_out_dim': 112, 'L2_hidden_dim': 240, 'L2_layers_atom': 2, 'L2_layers_mol': 3, 'L2_out_dim': 48, 'L2_dropout': 0.03816043542483674, 'L3_hidden_dim': 112, 'L3_layers_atom': 2, 'L3_layers_mol': 1, 'L3_out_dim': 80, 'L3_dropout': 0.09643294283545925, 'n_mlp_layers': 3, 'mlp_dim_0': 456, 'mlp_dim_1': 512, 'mlp_dim_2': 104, 'num_heads': 1, 'final_dropout': 0.11155596687875143, 'train_learning_rate': 0.00048151945060748993, 'train_lr_reduce': 0.6}. Best is trial 332 with value: 0.04597867280244827.
[I 2024-12-25 18:05:50,286] Trial 613 finished with value: 0.045173268765211105 and parameters: {'L1_hidden_dim': 80, 'L1_layers_atom': 2, 'L1_layers_mol': 3, 'L1_dropout': 0.29098942066687483, 'L1_out_dim': 112, 'L2_hidden_dim': 208, 'L2_layers_atom': 1, 'L2_layers_mol': 3, 'L2_out_dim': 128, 'L2_dropout': 0.019741644219877244, 'L3_hidden_dim': 112, 'L3_layers_atom': 3, 'L3_layers_mol': 1, 'L3_out_dim': 128, 'L3_dropout': 0.18674026576212585, 'n_mlp_layers': 2, 'mlp_dim_0': 200, 'mlp_dim_1': 464, 'num_heads': 1, 'final_dropout': 0.1321235899502566, 'train_learning_rate': 0.0026389523372700604, 'train_lr_reduce': 0.6}. Best is trial 613 with value: 0.045173268765211105.
[I 2024-12-25 18:06:52,530] Trial 612 finished with value: 0.06934231519699097 and parameters: {'L1_hidden_dim': 112, 'L1_layers_atom': 2, 'L1_layers_mol': 3, 'L1_dropout': 0.23074930070030597, 'L1_out_dim': 96, 'L2_hidden_dim': 192, 'L2_layers_atom': 4, 'L2_layers_mol': 3, 'L2_out_dim': 112, 'L2_dropout': 0.0044550614472475695, 'L3_hidden_dim': 128, 'L3_layers_atom': 2, 'L3_layers_mol': 1, 'L3_out_dim': 128, 'L3_dropout': 0.22647699381921052, 'n_mlp_layers': 3, 'mlp_dim_0': 424, 'mlp_dim_1': 512, 'mlp_dim_2': 120, 'num_heads': 1, 'final_dropout': 0.1708451657618641, 'train_learning_rate': 0.0018733113465134515, 'train_lr_reduce': 0.6}. Best is trial 613 with value: 0.045173268765211105.
[I 2024-12-25 18:07:06,281] Trial 615 finished with value: 0.0713028535246849 and parameters: {'L1_hidden_dim': 128, 'L1_layers_atom': 3, 'L1_layers_mol': 4, 'L1_dropout': 0.2826053697126837, 'L1_out_dim': 128, 'L2_hidden_dim': 224, 'L2_layers_atom': 1, 'L2_layers_mol': 4, 'L2_out_dim': 128, 'L2_dropout': 0.06796264620544185, 'L3_hidden_dim': 64, 'L3_layers_atom': 3, 'L3_layers_mol': 1, 'L3_out_dim': 128, 'L3_dropout': 0.15397386003781088, 'n_mlp_layers': 3, 'mlp_dim_0': 40, 'mlp_dim_1': 512, 'mlp_dim_2': 160, 'num_heads': 1, 'final_dropout': 0.23460202413910258, 'train_learning_rate': 0.0017550943387647081, 'train_lr_reduce': 0.6}. Best is trial 613 with value: 0.045173268765211105.
[I 2024-12-25 18:07:10,993] Trial 614 finished with value: 0.05972941592335701 and parameters: {'L1_hidden_dim': 64, 'L1_layers_atom': 4, 'L1_layers_mol': 3, 'L1_dropout': 0.20995035038398113, 'L1_out_dim': 128, 'L2_hidden_dim': 256, 'L2_layers_atom': 3, 'L2_layers_mol': 3, 'L2_out_dim': 112, 'L2_dropout': 0.021816930842424254, 'L3_hidden_dim': 112, 'L3_layers_atom': 2, 'L3_layers_mol': 1, 'L3_out_dim': 112, 'L3_dropout': 0.007074035474849784, 'n_mlp_layers': 3, 'mlp_dim_0': 304, 'mlp_dim_1': 472, 'mlp_dim_2': 80, 'num_heads': 1, 'final_dropout': 0.07021920720781773, 'train_learning_rate': 0.0009939373207692506, 'train_lr_reduce': 0.6}. Best is trial 613 with value: 0.045173268765211105.
[I 2024-12-25 18:08:12,500] Trial 618 finished with value: 0.10273159295320511 and parameters: {'L1_hidden_dim': 64, 'L1_layers_atom': 1, 'L1_layers_mol': 3, 'L1_dropout': 0.28658293906313415, 'L1_out_dim': 96, 'L2_hidden_dim': 160, 'L2_layers_atom': 1, 'L2_layers_mol': 3, 'L2_out_dim': 128, 'L2_dropout': 2.5088683451808536e-05, 'L3_hidden_dim': 112, 'L3_layers_atom': 3, 'L3_layers_mol': 1, 'L3_out_dim': 128, 'L3_dropout': 0.2329900662963584, 'n_mlp_layers': 2, 'mlp_dim_0': 216, 'mlp_dim_1': 512, 'num_heads': 1, 'final_dropout': 0.22003584030369028, 'train_learning_rate': 0.0036120943315554386, 'train_lr_reduce': 0.6}. Best is trial 613 with value: 0.045173268765211105.
[I 2024-12-25 18:08:26,028] Trial 617 finished with value: 0.07424557209014893 and parameters: {'L1_hidden_dim': 96, 'L1_layers_atom': 2, 'L1_layers_mol': 2, 'L1_dropout': 0.2750903502943478, 'L1_out_dim': 128, 'L2_hidden_dim': 240, 'L2_layers_atom': 2, 'L2_layers_mol': 3, 'L2_out_dim': 128, 'L2_dropout': 0.02990689302579514, 'L3_hidden_dim': 128, 'L3_layers_atom': 3, 'L3_layers_mol': 2, 'L3_out_dim': 112, 'L3_dropout': 0.20784355768819515, 'n_mlp_layers': 2, 'mlp_dim_0': 280, 'mlp_dim_1': 472, 'num_heads': 1, 'final_dropout': 0.11193107725475687, 'train_learning_rate': 0.002130321834905288, 'train_lr_reduce': 0.6}. Best is trial 613 with value: 0.045173268765211105.
[I 2024-12-25 18:08:40,807] Trial 616 finished with value: 0.12145379185676575 and parameters: {'L1_hidden_dim': 80, 'L1_layers_atom': 4, 'L1_layers_mol': 3, 'L1_dropout': 0.1459259843022518, 'L1_out_dim': 80, 'L2_hidden_dim': 224, 'L2_layers_atom': 1, 'L2_layers_mol': 4, 'L2_out_dim': 64, 'L2_dropout': 0.022832121356413132, 'L3_hidden_dim': 96, 'L3_layers_atom': 1, 'L3_layers_mol': 2, 'L3_out_dim': 96, 'L3_dropout': 0.04997836919279326, 'n_mlp_layers': 2, 'mlp_dim_0': 360, 'mlp_dim_1': 472, 'num_heads': 1, 'final_dropout': 0.1467491932569965, 'train_learning_rate': 0.004563031470847424, 'train_lr_reduce': 0.6}. Best is trial 613 with value: 0.045173268765211105.
[I 2024-12-25 18:09:23,652] Trial 619 finished with value: 0.0878320261836052 and parameters: {'L1_hidden_dim': 112, 'L1_layers_atom': 3, 'L1_layers_mol': 4, 'L1_dropout': 0.1958021843628575, 'L1_out_dim': 112, 'L2_hidden_dim': 240, 'L2_layers_atom': 2, 'L2_layers_mol': 3, 'L2_out_dim': 96, 'L2_dropout': 0.008357737767261592, 'L3_hidden_dim': 112, 'L3_layers_atom': 1, 'L3_layers_mol': 1, 'L3_out_dim': 96, 'L3_dropout': 0.09835080618783651, 'n_mlp_layers': 3, 'mlp_dim_0': 296, 'mlp_dim_1': 464, 'mlp_dim_2': 64, 'num_heads': 1, 'final_dropout': 0.03950835211361921, 'train_learning_rate': 0.00237299893168059, 'train_lr_reduce': 0.6}. Best is trial 613 with value: 0.045173268765211105.
[I 2024-12-25 18:09:52,464] Trial 621 finished with value: 0.07012893259525299 and parameters: {'L1_hidden_dim': 64, 'L1_layers_atom': 3, 'L1_layers_mol': 4, 'L1_dropout': 0.14909536720074856, 'L1_out_dim': 96, 'L2_hidden_dim': 224, 'L2_layers_atom': 3, 'L2_layers_mol': 4, 'L2_out_dim': 48, 'L2_dropout': 0.042042265871108646, 'L3_hidden_dim': 112, 'L3_layers_atom': 2, 'L3_layers_mol': 1, 'L3_out_dim': 96, 'L3_dropout': 0.040157420462290525, 'n_mlp_layers': 3, 'mlp_dim_0': 280, 'mlp_dim_1': 512, 'mlp_dim_2': 88, 'num_heads': 1, 'final_dropout': 0.08488504077104725, 'train_learning_rate': 0.0026025274351068966, 'train_lr_reduce': 0.6}. Best is trial 613 with value: 0.045173268765211105.
[I 2024-12-25 18:10:11,525] Trial 623 finished with value: 0.9305831789970398 and parameters: {'L1_hidden_dim': 160, 'L1_layers_atom': 2, 'L1_layers_mol': 1, 'L1_dropout': 0.24753563010423987, 'L1_out_dim': 112, 'L2_hidden_dim': 256, 'L2_layers_atom': 3, 'L2_layers_mol': 1, 'L2_out_dim': 48, 'L2_dropout': 0.033770840072732566, 'L3_hidden_dim': 48, 'L3_layers_atom': 4, 'L3_layers_mol': 1, 'L3_out_dim': 112, 'L3_dropout': 0.0703738470580019, 'n_mlp_layers': 3, 'mlp_dim_0': 480, 'mlp_dim_1': 464, 'mlp_dim_2': 40, 'num_heads': 1, 'final_dropout': 0.1707280560556751, 'train_learning_rate': 0.0037847864307931317, 'train_lr_reduce': 0.6}. Best is trial 613 with value: 0.045173268765211105.
[I 2024-12-25 18:10:57,513] Trial 622 finished with value: 0.07145906239748001 and parameters: {'L1_hidden_dim': 96, 'L1_layers_atom': 1, 'L1_layers_mol': 2, 'L1_dropout': 0.22979038889129766, 'L1_out_dim': 32, 'L2_hidden_dim': 192, 'L2_layers_atom': 1, 'L2_layers_mol': 2, 'L2_out_dim': 128, 'L2_dropout': 0.005241037381297771, 'L3_hidden_dim': 48, 'L3_layers_atom': 4, 'L3_layers_mol': 2, 'L3_out_dim': 112, 'L3_dropout': 0.2738218196428232, 'n_mlp_layers': 3, 'mlp_dim_0': 288, 'mlp_dim_1': 472, 'mlp_dim_2': 96, 'num_heads': 1, 'final_dropout': 0.001533916033494418, 'train_learning_rate': 0.0005543927815716169, 'train_lr_reduce': 0.6}. Best is trial 613 with value: 0.045173268765211105.
[I 2024-12-25 18:11:17,930] Trial 625 finished with value: 1.1773450374603271 and parameters: {'L1_hidden_dim': 96, 'L1_layers_atom': 4, 'L1_layers_mol': 4, 'L1_dropout': 0.25804000099241936, 'L1_out_dim': 112, 'L2_hidden_dim': 224, 'L2_layers_atom': 3, 'L2_layers_mol': 2, 'L2_out_dim': 80, 'L2_dropout': 0.05905480354542404, 'L3_hidden_dim': 112, 'L3_layers_atom': 1, 'L3_layers_mol': 1, 'L3_out_dim': 112, 'L3_dropout': 0.02889253938449971, 'n_mlp_layers': 2, 'mlp_dim_0': 408, 'mlp_dim_1': 472, 'num_heads': 1, 'final_dropout': 0.13412789492744073, 'train_learning_rate': 0.00018451928450837783, 'train_lr_reduce': 0.6}. Best is trial 613 with value: 0.045173268765211105.
[I 2024-12-25 18:11:18,689] Trial 620 finished with value: 0.08565013110637665 and parameters: {'L1_hidden_dim': 80, 'L1_layers_atom': 4, 'L1_layers_mol': 4, 'L1_dropout': 0.2951186761888556, 'L1_out_dim': 128, 'L2_hidden_dim': 256, 'L2_layers_atom': 4, 'L2_layers_mol': 2, 'L2_out_dim': 96, 'L2_dropout': 0.02811709465548684, 'L3_hidden_dim': 112, 'L3_layers_atom': 2, 'L3_layers_mol': 1, 'L3_out_dim': 96, 'L3_dropout': 0.04073562780043384, 'n_mlp_layers': 3, 'mlp_dim_0': 248, 'mlp_dim_1': 472, 'mlp_dim_2': 64, 'num_heads': 1, 'final_dropout': 0.0726459090151448, 'train_learning_rate': 0.004114332637709737, 'train_lr_reduce': 0.6}. Best is trial 613 with value: 0.045173268765211105.
[I 2024-12-25 18:12:15,063] Trial 624 finished with value: 0.07345616072416306 and parameters: {'L1_hidden_dim': 80, 'L1_layers_atom': 2, 'L1_layers_mol': 1, 'L1_dropout': 0.027770864531185283, 'L1_out_dim': 48, 'L2_hidden_dim': 208, 'L2_layers_atom': 3, 'L2_layers_mol': 4, 'L2_out_dim': 128, 'L2_dropout': 0.013937923259710874, 'L3_hidden_dim': 96, 'L3_layers_atom': 4, 'L3_layers_mol': 4, 'L3_out_dim': 32, 'L3_dropout': 0.1834153610760686, 'n_mlp_layers': 2, 'mlp_dim_0': 208, 'mlp_dim_1': 480, 'num_heads': 2, 'final_dropout': 0.23403942113914428, 'train_learning_rate': 0.00017892455673530573, 'train_lr_reduce': 0.6}. Best is trial 613 with value: 0.045173268765211105.
[I 2024-12-25 18:12:41,645] Trial 626 finished with value: 0.07075165957212448 and parameters: {'L1_hidden_dim': 80, 'L1_layers_atom': 2, 'L1_layers_mol': 2, 'L1_dropout': 0.2654279333812552, 'L1_out_dim': 128, 'L2_hidden_dim': 208, 'L2_layers_atom': 2, 'L2_layers_mol': 1, 'L2_out_dim': 128, 'L2_dropout': 0.04239324442581149, 'L3_hidden_dim': 32, 'L3_layers_atom': 4, 'L3_layers_mol': 1, 'L3_out_dim': 112, 'L3_dropout': 0.2813329045448644, 'n_mlp_layers': 2, 'mlp_dim_0': 104, 'mlp_dim_1': 512, 'num_heads': 2, 'final_dropout': 0.010691634801655612, 'train_learning_rate': 0.0008669604948807277, 'train_lr_reduce': 0.6}. Best is trial 613 with value: 0.045173268765211105.
[I 2024-12-25 18:13:07,242] Trial 627 finished with value: 0.07738015800714493 and parameters: {'L1_hidden_dim': 112, 'L1_layers_atom': 3, 'L1_layers_mol': 4, 'L1_dropout': 0.16369832712090412, 'L1_out_dim': 128, 'L2_hidden_dim': 208, 'L2_layers_atom': 2, 'L2_layers_mol': 3, 'L2_out_dim': 128, 'L2_dropout': 0.02465450216615126, 'L3_hidden_dim': 112, 'L3_layers_atom': 3, 'L3_layers_mol': 1, 'L3_out_dim': 112, 'L3_dropout': 0.28809171870757255, 'n_mlp_layers': 3, 'mlp_dim_0': 392, 'mlp_dim_1': 208, 'mlp_dim_2': 104, 'num_heads': 2, 'final_dropout': 0.1536355171362458, 'train_learning_rate': 0.0020926887008289215, 'train_lr_reduce': 0.6}. Best is trial 613 with value: 0.045173268765211105.
[I 2024-12-25 18:13:26,320] Trial 628 finished with value: 0.09083952754735947 and parameters: {'L1_hidden_dim': 80, 'L1_layers_atom': 4, 'L1_layers_mol': 3, 'L1_dropout': 0.0888781163362535, 'L1_out_dim': 112, 'L2_hidden_dim': 224, 'L2_layers_atom': 1, 'L2_layers_mol': 3, 'L2_out_dim': 64, 'L2_dropout': 0.10354455339725031, 'L3_hidden_dim': 112, 'L3_layers_atom': 4, 'L3_layers_mol': 1, 'L3_out_dim': 112, 'L3_dropout': 0.012047636406092958, 'n_mlp_layers': 3, 'mlp_dim_0': 400, 'mlp_dim_1': 472, 'mlp_dim_2': 128, 'num_heads': 1, 'final_dropout': 0.1077956983155734, 'train_learning_rate': 0.0015396426273291805, 'train_lr_reduce': 0.6}. Best is trial 613 with value: 0.045173268765211105.
[I 2024-12-25 18:14:30,564] Trial 630 finished with value: 0.06845419853925705 and parameters: {'L1_hidden_dim': 64, 'L1_layers_atom': 4, 'L1_layers_mol': 3, 'L1_dropout': 0.24015036635846307, 'L1_out_dim': 96, 'L2_hidden_dim': 240, 'L2_layers_atom': 3, 'L2_layers_mol': 3, 'L2_out_dim': 128, 'L2_dropout': 0.04549566606155319, 'L3_hidden_dim': 96, 'L3_layers_atom': 1, 'L3_layers_mol': 1, 'L3_out_dim': 96, 'L3_dropout': 0.016688600422013422, 'n_mlp_layers': 3, 'mlp_dim_0': 352, 'mlp_dim_1': 440, 'mlp_dim_2': 128, 'num_heads': 2, 'final_dropout': 0.04258570030167931, 'train_learning_rate': 0.001687655994110219, 'train_lr_reduce': 0.6}. Best is trial 613 with value: 0.045173268765211105.
[I 2024-12-25 18:14:34,366] Trial 629 finished with value: 0.07129432260990143 and parameters: {'L1_hidden_dim': 64, 'L1_layers_atom': 2, 'L1_layers_mol': 3, 'L1_dropout': 0.23810173620429406, 'L1_out_dim': 112, 'L2_hidden_dim': 240, 'L2_layers_atom': 1, 'L2_layers_mol': 2, 'L2_out_dim': 112, 'L2_dropout': 0.0329355140439553, 'L3_hidden_dim': 128, 'L3_layers_atom': 2, 'L3_layers_mol': 1, 'L3_out_dim': 128, 'L3_dropout': 0.20231192280550425, 'n_mlp_layers': 2, 'mlp_dim_0': 288, 'mlp_dim_1': 512, 'num_heads': 1, 'final_dropout': 0.12086947193489318, 'train_learning_rate': 0.002595904777089747, 'train_lr_reduce': 0.6}. Best is trial 613 with value: 0.045173268765211105.
[I 2024-12-25 18:15:04,268] Trial 631 finished with value: 0.055051401257514954 and parameters: {'L1_hidden_dim': 80, 'L1_layers_atom': 2, 'L1_layers_mol': 2, 'L1_dropout': 0.18690250209376053, 'L1_out_dim': 96, 'L2_hidden_dim': 240, 'L2_layers_atom': 4, 'L2_layers_mol': 4, 'L2_out_dim': 112, 'L2_dropout': 0.06751921601173888, 'L3_hidden_dim': 96, 'L3_layers_atom': 2, 'L3_layers_mol': 1, 'L3_out_dim': 112, 'L3_dropout': 0.09294746672318012, 'n_mlp_layers': 3, 'mlp_dim_0': 416, 'mlp_dim_1': 264, 'mlp_dim_2': 72, 'num_heads': 1, 'final_dropout': 0.04428535304741198, 'train_learning_rate': 0.0016928231315167192, 'train_lr_reduce': 0.6}. Best is trial 613 with value: 0.045173268765211105.
[I 2024-12-25 18:16:10,072] Trial 632 finished with value: 0.0827099084854126 and parameters: {'L1_hidden_dim': 80, 'L1_layers_atom': 4, 'L1_layers_mol': 3, 'L1_dropout': 0.175652294361426, 'L1_out_dim': 112, 'L2_hidden_dim': 192, 'L2_layers_atom': 3, 'L2_layers_mol': 3, 'L2_out_dim': 112, 'L2_dropout': 0.08161344772637816, 'L3_hidden_dim': 112, 'L3_layers_atom': 3, 'L3_layers_mol': 1, 'L3_out_dim': 128, 'L3_dropout': 0.02099425321040746, 'n_mlp_layers': 2, 'mlp_dim_0': 296, 'mlp_dim_1': 464, 'num_heads': 1, 'final_dropout': 0.10033986221762348, 'train_learning_rate': 0.0013588776524968104, 'train_lr_reduce': 0.6}. Best is trial 613 with value: 0.045173268765211105.
[I 2024-12-25 18:16:11,806] Trial 634 finished with value: 0.0840098112821579 and parameters: {'L1_hidden_dim': 96, 'L1_layers_atom': 3, 'L1_layers_mol': 2, 'L1_dropout': 0.1846509842578836, 'L1_out_dim': 128, 'L2_hidden_dim': 224, 'L2_layers_atom': 3, 'L2_layers_mol': 2, 'L2_out_dim': 64, 'L2_dropout': 0.07415988482904859, 'L3_hidden_dim': 128, 'L3_layers_atom': 1, 'L3_layers_mol': 1, 'L3_out_dim': 96, 'L3_dropout': 0.01101273821521238, 'n_mlp_layers': 3, 'mlp_dim_0': 224, 'mlp_dim_1': 240, 'mlp_dim_2': 32, 'num_heads': 1, 'final_dropout': 0.09025084029516668, 'train_learning_rate': 0.0028618534917382683, 'train_lr_reduce': 0.6}. Best is trial 613 with value: 0.045173268765211105.
[I 2024-12-25 18:16:16,837] Trial 633 finished with value: 0.06554323434829712 and parameters: {'L1_hidden_dim': 64, 'L1_layers_atom': 4, 'L1_layers_mol': 4, 'L1_dropout': 0.27946537869303384, 'L1_out_dim': 96, 'L2_hidden_dim': 160, 'L2_layers_atom': 2, 'L2_layers_mol': 2, 'L2_out_dim': 128, 'L2_dropout': 0.011087906373669215, 'L3_hidden_dim': 32, 'L3_layers_atom': 2, 'L3_layers_mol': 3, 'L3_out_dim': 80, 'L3_dropout': 0.29596664618890356, 'n_mlp_layers': 2, 'mlp_dim_0': 184, 'mlp_dim_1': 512, 'num_heads': 1, 'final_dropout': 0.04217218705831003, 'train_learning_rate': 0.0020201560182627233, 'train_lr_reduce': 0.6}. Best is trial 613 with value: 0.045173268765211105.
[I 2024-12-25 18:17:38,384] Trial 636 finished with value: 0.1167801171541214 and parameters: {'L1_hidden_dim': 80, 'L1_layers_atom': 4, 'L1_layers_mol': 3, 'L1_dropout': 0.26052039984271463, 'L1_out_dim': 128, 'L2_hidden_dim': 224, 'L2_layers_atom': 3, 'L2_layers_mol': 4, 'L2_out_dim': 96, 'L2_dropout': 0.09764283877236656, 'L3_hidden_dim': 128, 'L3_layers_atom': 2, 'L3_layers_mol': 1, 'L3_out_dim': 112, 'L3_dropout': 0.033484400419041174, 'n_mlp_layers': 3, 'mlp_dim_0': 328, 'mlp_dim_1': 248, 'mlp_dim_2': 80, 'num_heads': 1, 'final_dropout': 0.0067356833518235765, 'train_learning_rate': 0.0010847750815717316, 'train_lr_reduce': 0.6}. Best is trial 613 with value: 0.045173268765211105.
[I 2024-12-25 18:17:55,875] Trial 635 finished with value: 0.10989094525575638 and parameters: {'L1_hidden_dim': 64, 'L1_layers_atom': 4, 'L1_layers_mol': 4, 'L1_dropout': 0.24466773801143074, 'L1_out_dim': 96, 'L2_hidden_dim': 208, 'L2_layers_atom': 3, 'L2_layers_mol': 3, 'L2_out_dim': 32, 'L2_dropout': 0.04010108054999151, 'L3_hidden_dim': 64, 'L3_layers_atom': 4, 'L3_layers_mol': 2, 'L3_out_dim': 112, 'L3_dropout': 0.011319512239253557, 'n_mlp_layers': 3, 'mlp_dim_0': 256, 'mlp_dim_1': 248, 'mlp_dim_2': 72, 'num_heads': 1, 'final_dropout': 0.16229991500881605, 'train_learning_rate': 0.009085583909496802, 'train_lr_reduce': 0.6}. Best is trial 613 with value: 0.045173268765211105.
[I 2024-12-25 18:18:56,660] Trial 637 finished with value: 0.06662054359912872 and parameters: {'L1_hidden_dim': 64, 'L1_layers_atom': 2, 'L1_layers_mol': 3, 'L1_dropout': 0.29373051065771427, 'L1_out_dim': 64, 'L2_hidden_dim': 240, 'L2_layers_atom': 4, 'L2_layers_mol': 2, 'L2_out_dim': 80, 'L2_dropout': 0.06147302264044492, 'L3_hidden_dim': 64, 'L3_layers_atom': 4, 'L3_layers_mol': 1, 'L3_out_dim': 64, 'L3_dropout': 0.22916263322370245, 'n_mlp_layers': 3, 'mlp_dim_0': 216, 'mlp_dim_1': 264, 'mlp_dim_2': 80, 'num_heads': 2, 'final_dropout': 0.2286856940809509, 'train_learning_rate': 0.00020827709799472042, 'train_lr_reduce': 0.6}. Best is trial 613 with value: 0.045173268765211105.
[I 2024-12-25 18:19:32,201] Trial 638 finished with value: 0.09330891072750092 and parameters: {'L1_hidden_dim': 80, 'L1_layers_atom': 4, 'L1_layers_mol': 2, 'L1_dropout': 0.14984551739117874, 'L1_out_dim': 112, 'L2_hidden_dim': 240, 'L2_layers_atom': 3, 'L2_layers_mol': 3, 'L2_out_dim': 96, 'L2_dropout': 0.043443212498997394, 'L3_hidden_dim': 112, 'L3_layers_atom': 2, 'L3_layers_mol': 1, 'L3_out_dim': 112, 'L3_dropout': 0.03575032576178909, 'n_mlp_layers': 3, 'mlp_dim_0': 432, 'mlp_dim_1': 288, 'mlp_dim_2': 104, 'num_heads': 1, 'final_dropout': 0.03922938679825472, 'train_learning_rate': 0.004674779370701943, 'train_lr_reduce': 0.6}. Best is trial 613 with value: 0.045173268765211105.
[I 2024-12-25 18:19:58,667] Trial 640 finished with value: 0.08542539924383163 and parameters: {'L1_hidden_dim': 96, 'L1_layers_atom': 4, 'L1_layers_mol': 4, 'L1_dropout': 0.18547716557045202, 'L1_out_dim': 64, 'L2_hidden_dim': 256, 'L2_layers_atom': 3, 'L2_layers_mol': 2, 'L2_out_dim': 128, 'L2_dropout': 0.048689778119575415, 'L3_hidden_dim': 96, 'L3_layers_atom': 2, 'L3_layers_mol': 2, 'L3_out_dim': 128, 'L3_dropout': 0.2802255748746793, 'n_mlp_layers': 3, 'mlp_dim_0': 96, 'mlp_dim_1': 280, 'mlp_dim_2': 32, 'num_heads': 1, 'final_dropout': 0.07193208725881681, 'train_learning_rate': 0.0012297797791426604, 'train_lr_reduce': 0.6}. Best is trial 613 with value: 0.045173268765211105.
