[I 2024-12-25 18:55:42,909] Trial 704 finished with value: 0.09571222215890884 and parameters: {'L1_hidden_dim': 112, 'L1_layers_atom': 1, 'L1_layers_mol': 2, 'L1_dropout': 0.24766406902624472, 'L1_out_dim': 112, 'L2_hidden_dim': 240, 'L2_layers_atom': 2, 'L2_layers_mol': 3, 'L2_out_dim': 32, 'L2_dropout': 0.03459939323851638, 'L3_hidden_dim': 32, 'L3_layers_atom': 4, 'L3_layers_mol': 4, 'L3_out_dim': 80, 'L3_dropout': 0.04729632973780934, 'n_mlp_layers': 3, 'mlp_dim_0': 312, 'mlp_dim_1': 424, 'mlp_dim_2': 304, 'num_heads': 2, 'final_dropout': 0.20241549039306725, 'train_learning_rate': 0.0035837160299655997, 'train_lr_reduce': 0.6}. Best is trial 613 with value: 0.045173268765211105.
[I 2024-12-25 18:56:47,845] Trial 705 finished with value: 0.07326893508434296 and parameters: {'L1_hidden_dim': 80, 'L1_layers_atom': 3, 'L1_layers_mol': 3, 'L1_dropout': 0.27495212012077375, 'L1_out_dim': 64, 'L2_hidden_dim': 192, 'L2_layers_atom': 3, 'L2_layers_mol': 3, 'L2_out_dim': 128, 'L2_dropout': 0.012260641999780664, 'L3_hidden_dim': 48, 'L3_layers_atom': 4, 'L3_layers_mol': 1, 'L3_out_dim': 80, 'L3_dropout': 0.1580597048501733, 'n_mlp_layers': 2, 'mlp_dim_0': 168, 'mlp_dim_1': 272, 'num_heads': 2, 'final_dropout': 0.14414304339808204, 'train_learning_rate': 0.00017913516016765027, 'train_lr_reduce': 0.6}. Best is trial 613 with value: 0.045173268765211105.
[I 2024-12-25 18:57:05,076] Trial 706 finished with value: 0.07396749407052994 and parameters: {'L1_hidden_dim': 64, 'L1_layers_atom': 4, 'L1_layers_mol': 3, 'L1_dropout': 0.29588225118853184, 'L1_out_dim': 96, 'L2_hidden_dim': 176, 'L2_layers_atom': 1, 'L2_layers_mol': 2, 'L2_out_dim': 112, 'L2_dropout': 0.07195479636115162, 'L3_hidden_dim': 48, 'L3_layers_atom': 3, 'L3_layers_mol': 3, 'L3_out_dim': 48, 'L3_dropout': 0.19499941039297877, 'n_mlp_layers': 1, 'mlp_dim_0': 216, 'num_heads': 2, 'final_dropout': 0.059820417231288156, 'train_learning_rate': 0.0006165256676622814, 'train_lr_reduce': 0.6}. Best is trial 613 with value: 0.045173268765211105.
[I 2024-12-25 18:57:29,428] Trial 707 finished with value: 0.07738824933767319 and parameters: {'L1_hidden_dim': 96, 'L1_layers_atom': 3, 'L1_layers_mol': 3, 'L1_dropout': 0.23768310549922356, 'L1_out_dim': 128, 'L2_hidden_dim': 240, 'L2_layers_atom': 2, 'L2_layers_mol': 1, 'L2_out_dim': 128, 'L2_dropout': 0.014006935128488752, 'L3_hidden_dim': 48, 'L3_layers_atom': 4, 'L3_layers_mol': 3, 'L3_out_dim': 128, 'L3_dropout': 0.28671845656063305, 'n_mlp_layers': 1, 'mlp_dim_0': 48, 'num_heads': 2, 'final_dropout': 0.026328118501274925, 'train_learning_rate': 0.0019028730964888844, 'train_lr_reduce': 0.6}. Best is trial 613 with value: 0.045173268765211105.
[I 2024-12-25 18:58:31,060] Trial 709 finished with value: 0.07998272776603699 and parameters: {'L1_hidden_dim': 64, 'L1_layers_atom': 4, 'L1_layers_mol': 3, 'L1_dropout': 0.13030000526524518, 'L1_out_dim': 128, 'L2_hidden_dim': 224, 'L2_layers_atom': 3, 'L2_layers_mol': 2, 'L2_out_dim': 112, 'L2_dropout': 0.07644278712602788, 'L3_hidden_dim': 80, 'L3_layers_atom': 2, 'L3_layers_mol': 2, 'L3_out_dim': 128, 'L3_dropout': 0.020782635459722972, 'n_mlp_layers': 3, 'mlp_dim_0': 312, 'mlp_dim_1': 368, 'mlp_dim_2': 192, 'num_heads': 1, 'final_dropout': 0.007012552365573244, 'train_learning_rate': 0.001147329755130313, 'train_lr_reduce': 0.6}. Best is trial 613 with value: 0.045173268765211105.
[I 2024-12-25 18:58:47,819] Trial 710 finished with value: 0.08772731572389603 and parameters: {'L1_hidden_dim': 96, 'L1_layers_atom': 2, 'L1_layers_mol': 3, 'L1_dropout': 0.109475394068325, 'L1_out_dim': 80, 'L2_hidden_dim': 240, 'L2_layers_atom': 4, 'L2_layers_mol': 4, 'L2_out_dim': 112, 'L2_dropout': 0.17273271500760415, 'L3_hidden_dim': 112, 'L3_layers_atom': 2, 'L3_layers_mol': 1, 'L3_out_dim': 112, 'L3_dropout': 0.030781148439380797, 'n_mlp_layers': 2, 'mlp_dim_0': 272, 'mlp_dim_1': 432, 'num_heads': 1, 'final_dropout': 0.16243183562643512, 'train_learning_rate': 0.0019217614101581443, 'train_lr_reduce': 0.6}. Best is trial 613 with value: 0.045173268765211105.
[I 2024-12-25 18:59:26,751] Trial 708 finished with value: 0.10133995115756989 and parameters: {'L1_hidden_dim': 112, 'L1_layers_atom': 3, 'L1_layers_mol': 3, 'L1_dropout': 0.2163840306452368, 'L1_out_dim': 80, 'L2_hidden_dim': 112, 'L2_layers_atom': 1, 'L2_layers_mol': 1, 'L2_out_dim': 112, 'L2_dropout': 0.05802746618960078, 'L3_hidden_dim': 48, 'L3_layers_atom': 4, 'L3_layers_mol': 4, 'L3_out_dim': 64, 'L3_dropout': 0.26158190629010325, 'n_mlp_layers': 1, 'mlp_dim_0': 136, 'num_heads': 2, 'final_dropout': 0.05696552190488583, 'train_learning_rate': 0.0001837512260628264, 'train_lr_reduce': 0.6}. Best is trial 613 with value: 0.045173268765211105.
[I 2024-12-25 18:59:36,812] Trial 712 finished with value: 0.08012335747480392 and parameters: {'L1_hidden_dim': 128, 'L1_layers_atom': 3, 'L1_layers_mol': 3, 'L1_dropout': 0.1331798195728445, 'L1_out_dim': 96, 'L2_hidden_dim': 224, 'L2_layers_atom': 2, 'L2_layers_mol': 2, 'L2_out_dim': 64, 'L2_dropout': 0.09570556042894098, 'L3_hidden_dim': 128, 'L3_layers_atom': 3, 'L3_layers_mol': 2, 'L3_out_dim': 112, 'L3_dropout': 0.02668609263250791, 'n_mlp_layers': 3, 'mlp_dim_0': 232, 'mlp_dim_1': 432, 'mlp_dim_2': 80, 'num_heads': 1, 'final_dropout': 0.13581764895829723, 'train_learning_rate': 0.001874822965105663, 'train_lr_reduce': 0.6}. Best is trial 613 with value: 0.045173268765211105.
[I 2024-12-25 19:00:09,926] Trial 711 finished with value: 0.07675577700138092 and parameters: {'L1_hidden_dim': 112, 'L1_layers_atom': 2, 'L1_layers_mol': 1, 'L1_dropout': 0.26791604163425997, 'L1_out_dim': 128, 'L2_hidden_dim': 208, 'L2_layers_atom': 1, 'L2_layers_mol': 4, 'L2_out_dim': 112, 'L2_dropout': 0.039074497200072555, 'L3_hidden_dim': 96, 'L3_layers_atom': 2, 'L3_layers_mol': 2, 'L3_out_dim': 80, 'L3_dropout': 0.21386434731593273, 'n_mlp_layers': 2, 'mlp_dim_0': 96, 'mlp_dim_1': 216, 'num_heads': 1, 'final_dropout': 0.12031827014406046, 'train_learning_rate': 0.0027721795466052446, 'train_lr_reduce': 0.6}. Best is trial 613 with value: 0.045173268765211105.
[I 2024-12-25 19:01:01,766] Trial 714 finished with value: 0.07883737236261368 and parameters: {'L1_hidden_dim': 96, 'L1_layers_atom': 3, 'L1_layers_mol': 3, 'L1_dropout': 0.24408192272289886, 'L1_out_dim': 80, 'L2_hidden_dim': 256, 'L2_layers_atom': 4, 'L2_layers_mol': 3, 'L2_out_dim': 128, 'L2_dropout': 0.03507206969605526, 'L3_hidden_dim': 48, 'L3_layers_atom': 2, 'L3_layers_mol': 1, 'L3_out_dim': 128, 'L3_dropout': 0.20643916540443713, 'n_mlp_layers': 3, 'mlp_dim_0': 392, 'mlp_dim_1': 464, 'mlp_dim_2': 72, 'num_heads': 1, 'final_dropout': 0.042425302981029644, 'train_learning_rate': 0.003574954214204884, 'train_lr_reduce': 0.6}. Best is trial 613 with value: 0.045173268765211105.
[I 2024-12-25 19:01:13,049] Trial 713 finished with value: 0.07495855540037155 and parameters: {'L1_hidden_dim': 64, 'L1_layers_atom': 1, 'L1_layers_mol': 2, 'L1_dropout': 0.1982866696173122, 'L1_out_dim': 128, 'L2_hidden_dim': 208, 'L2_layers_atom': 4, 'L2_layers_mol': 3, 'L2_out_dim': 128, 'L2_dropout': 0.02219794114980391, 'L3_hidden_dim': 80, 'L3_layers_atom': 2, 'L3_layers_mol': 1, 'L3_out_dim': 112, 'L3_dropout': 0.13350925897985758, 'n_mlp_layers': 3, 'mlp_dim_0': 312, 'mlp_dim_1': 376, 'mlp_dim_2': 168, 'num_heads': 1, 'final_dropout': 0.12280436730686299, 'train_learning_rate': 0.002198788261868057, 'train_lr_reduce': 0.6}. Best is trial 613 with value: 0.045173268765211105.
[I 2024-12-25 19:02:01,958] Trial 716 finished with value: 0.16431228816509247 and parameters: {'L1_hidden_dim': 80, 'L1_layers_atom': 4, 'L1_layers_mol': 3, 'L1_dropout': 0.12155203223252589, 'L1_out_dim': 96, 'L2_hidden_dim': 160, 'L2_layers_atom': 1, 'L2_layers_mol': 2, 'L2_out_dim': 32, 'L2_dropout': 0.09300937297527495, 'L3_hidden_dim': 128, 'L3_layers_atom': 2, 'L3_layers_mol': 1, 'L3_out_dim': 128, 'L3_dropout': 0.07641381265936316, 'n_mlp_layers': 3, 'mlp_dim_0': 216, 'mlp_dim_1': 456, 'mlp_dim_2': 128, 'num_heads': 1, 'final_dropout': 0.0769443815151009, 'train_learning_rate': 0.007021743211621927, 'train_lr_reduce': 0.6}. Best is trial 613 with value: 0.045173268765211105.
[I 2024-12-25 19:02:27,914] Trial 715 finished with value: 0.06639604270458221 and parameters: {'L1_hidden_dim': 96, 'L1_layers_atom': 2, 'L1_layers_mol': 1, 'L1_dropout': 0.12619026993466323, 'L1_out_dim': 32, 'L2_hidden_dim': 80, 'L2_layers_atom': 3, 'L2_layers_mol': 1, 'L2_out_dim': 112, 'L2_dropout': 0.01090089780857395, 'L3_hidden_dim': 128, 'L3_layers_atom': 3, 'L3_layers_mol': 2, 'L3_out_dim': 64, 'L3_dropout': 0.1199821678317916, 'n_mlp_layers': 2, 'mlp_dim_0': 496, 'mlp_dim_1': 288, 'num_heads': 1, 'final_dropout': 0.04784177853724777, 'train_learning_rate': 0.00038825333972398177, 'train_lr_reduce': 0.6}. Best is trial 613 with value: 0.045173268765211105.
[I 2024-12-25 19:03:28,281] Trial 717 finished with value: 0.07941530644893646 and parameters: {'L1_hidden_dim': 128, 'L1_layers_atom': 2, 'L1_layers_mol': 2, 'L1_dropout': 0.2500593917772319, 'L1_out_dim': 32, 'L2_hidden_dim': 192, 'L2_layers_atom': 4, 'L2_layers_mol': 3, 'L2_out_dim': 112, 'L2_dropout': 0.14351063278208176, 'L3_hidden_dim': 64, 'L3_layers_atom': 4, 'L3_layers_mol': 1, 'L3_out_dim': 64, 'L3_dropout': 0.2833187756150705, 'n_mlp_layers': 2, 'mlp_dim_0': 72, 'mlp_dim_1': 144, 'num_heads': 2, 'final_dropout': 0.17037100508340958, 'train_learning_rate': 0.0004470557327545999, 'train_lr_reduce': 0.6}. Best is trial 613 with value: 0.045173268765211105.
[I 2024-12-25 19:04:03,247] Trial 718 finished with value: 0.0678478553891182 and parameters: {'L1_hidden_dim': 64, 'L1_layers_atom': 4, 'L1_layers_mol': 3, 'L1_dropout': 0.262161914434117, 'L1_out_dim': 64, 'L2_hidden_dim': 192, 'L2_layers_atom': 2, 'L2_layers_mol': 1, 'L2_out_dim': 128, 'L2_dropout': 0.0016146143275075297, 'L3_hidden_dim': 96, 'L3_layers_atom': 4, 'L3_layers_mol': 4, 'L3_out_dim': 32, 'L3_dropout': 0.2583789023627918, 'n_mlp_layers': 1, 'mlp_dim_0': 136, 'num_heads': 2, 'final_dropout': 0.07500160159874308, 'train_learning_rate': 0.00040745787270663614, 'train_lr_reduce': 0.6}. Best is trial 613 with value: 0.045173268765211105.
[I 2024-12-25 19:04:04,228] Trial 719 finished with value: 0.10162938386201859 and parameters: {'L1_hidden_dim': 144, 'L1_layers_atom': 3, 'L1_layers_mol': 2, 'L1_dropout': 0.09982185369450924, 'L1_out_dim': 96, 'L2_hidden_dim': 144, 'L2_layers_atom': 2, 'L2_layers_mol': 4, 'L2_out_dim': 48, 'L2_dropout': 6.393795139085848e-05, 'L3_hidden_dim': 80, 'L3_layers_atom': 3, 'L3_layers_mol': 1, 'L3_out_dim': 128, 'L3_dropout': 0.06445100843491994, 'n_mlp_layers': 3, 'mlp_dim_0': 456, 'mlp_dim_1': 384, 'mlp_dim_2': 32, 'num_heads': 1, 'final_dropout': 0.08380579624635441, 'train_learning_rate': 0.001427948084170063, 'train_lr_reduce': 0.6}. Best is trial 613 with value: 0.045173268765211105.
[I 2024-12-25 19:05:24,653] Trial 720 finished with value: 0.06289567053318024 and parameters: {'L1_hidden_dim': 96, 'L1_layers_atom': 3, 'L1_layers_mol': 3, 'L1_dropout': 0.10919358955176135, 'L1_out_dim': 80, 'L2_hidden_dim': 256, 'L2_layers_atom': 2, 'L2_layers_mol': 3, 'L2_out_dim': 80, 'L2_dropout': 0.016877038628252815, 'L3_hidden_dim': 96, 'L3_layers_atom': 2, 'L3_layers_mol': 1, 'L3_out_dim': 128, 'L3_dropout': 0.02375626578604131, 'n_mlp_layers': 2, 'mlp_dim_0': 456, 'mlp_dim_1': 456, 'num_heads': 1, 'final_dropout': 0.14497366434102518, 'train_learning_rate': 0.0011886965574669926, 'train_lr_reduce': 0.6}. Best is trial 613 with value: 0.045173268765211105.
[I 2024-12-25 19:05:29,922] Trial 722 finished with value: 0.07781703025102615 and parameters: {'L1_hidden_dim': 112, 'L1_layers_atom': 4, 'L1_layers_mol': 2, 'L1_dropout': 0.14247034601602754, 'L1_out_dim': 128, 'L2_hidden_dim': 240, 'L2_layers_atom': 2, 'L2_layers_mol': 2, 'L2_out_dim': 128, 'L2_dropout': 0.0987399222383093, 'L3_hidden_dim': 32, 'L3_layers_atom': 4, 'L3_layers_mol': 2, 'L3_out_dim': 128, 'L3_dropout': 0.2724075819455323, 'n_mlp_layers': 2, 'mlp_dim_0': 56, 'mlp_dim_1': 472, 'num_heads': 2, 'final_dropout': 0.017794740075291603, 'train_learning_rate': 0.0007744926824134812, 'train_lr_reduce': 0.6}. Best is trial 613 with value: 0.045173268765211105.
[I 2024-12-25 19:05:54,369] Trial 721 finished with value: 0.07959631085395813 and parameters: {'L1_hidden_dim': 112, 'L1_layers_atom': 4, 'L1_layers_mol': 4, 'L1_dropout': 0.24110335640026878, 'L1_out_dim': 80, 'L2_hidden_dim': 224, 'L2_layers_atom': 3, 'L2_layers_mol': 3, 'L2_out_dim': 32, 'L2_dropout': 0.08229062040500015, 'L3_hidden_dim': 48, 'L3_layers_atom': 4, 'L3_layers_mol': 3, 'L3_out_dim': 80, 'L3_dropout': 0.005112416578361749, 'n_mlp_layers': 3, 'mlp_dim_0': 368, 'mlp_dim_1': 328, 'mlp_dim_2': 128, 'num_heads': 1, 'final_dropout': 0.11871212274984423, 'train_learning_rate': 0.0028183139799240683, 'train_lr_reduce': 0.6}. Best is trial 613 with value: 0.045173268765211105.
[I 2024-12-25 19:06:57,554] Trial 723 finished with value: 0.06444700062274933 and parameters: {'L1_hidden_dim': 80, 'L1_layers_atom': 1, 'L1_layers_mol': 2, 'L1_dropout': 0.18394857994583147, 'L1_out_dim': 80, 'L2_hidden_dim': 240, 'L2_layers_atom': 4, 'L2_layers_mol': 4, 'L2_out_dim': 112, 'L2_dropout': 0.06959848684793978, 'L3_hidden_dim': 96, 'L3_layers_atom': 2, 'L3_layers_mol': 1, 'L3_out_dim': 112, 'L3_dropout': 0.08409081408989956, 'n_mlp_layers': 3, 'mlp_dim_0': 240, 'mlp_dim_1': 424, 'mlp_dim_2': 232, 'num_heads': 1, 'final_dropout': 0.010823463388142378, 'train_learning_rate': 0.00043183339369003436, 'train_lr_reduce': 0.6}. Best is trial 613 with value: 0.045173268765211105.
[I 2024-12-25 19:06:58,758] Trial 725 finished with value: 0.08148455619812012 and parameters: {'L1_hidden_dim': 96, 'L1_layers_atom': 4, 'L1_layers_mol': 4, 'L1_dropout': 0.2509787519885314, 'L1_out_dim': 112, 'L2_hidden_dim': 224, 'L2_layers_atom': 2, 'L2_layers_mol': 1, 'L2_out_dim': 112, 'L2_dropout': 0.0841838057446779, 'L3_hidden_dim': 32, 'L3_layers_atom': 2, 'L3_layers_mol': 1, 'L3_out_dim': 96, 'L3_dropout': 0.28287993239442516, 'n_mlp_layers': 2, 'mlp_dim_0': 72, 'mlp_dim_1': 472, 'num_heads': 1, 'final_dropout': 0.07947439105200639, 'train_learning_rate': 0.002009183902072469, 'train_lr_reduce': 0.6}. Best is trial 613 with value: 0.045173268765211105.
[I 2024-12-25 19:07:18,795] Trial 724 finished with value: 0.07205214351415634 and parameters: {'L1_hidden_dim': 128, 'L1_layers_atom': 2, 'L1_layers_mol': 2, 'L1_dropout': 0.20082423710111041, 'L1_out_dim': 128, 'L2_hidden_dim': 208, 'L2_layers_atom': 3, 'L2_layers_mol': 2, 'L2_out_dim': 64, 'L2_dropout': 0.07119515719846896, 'L3_hidden_dim': 48, 'L3_layers_atom': 4, 'L3_layers_mol': 2, 'L3_out_dim': 80, 'L3_dropout': 0.014205371977050338, 'n_mlp_layers': 3, 'mlp_dim_0': 416, 'mlp_dim_1': 240, 'mlp_dim_2': 88, 'num_heads': 1, 'final_dropout': 0.16382395208804335, 'train_learning_rate': 0.001019076180708689, 'train_lr_reduce': 0.6}. Best is trial 613 with value: 0.045173268765211105.
[I 2024-12-25 19:08:41,761] Trial 728 finished with value: 0.09320993721485138 and parameters: {'L1_hidden_dim': 112, 'L1_layers_atom': 3, 'L1_layers_mol': 3, 'L1_dropout': 0.10645615033741403, 'L1_out_dim': 112, 'L2_hidden_dim': 224, 'L2_layers_atom': 2, 'L2_layers_mol': 4, 'L2_out_dim': 48, 'L2_dropout': 0.10427581942891768, 'L3_hidden_dim': 128, 'L3_layers_atom': 2, 'L3_layers_mol': 1, 'L3_out_dim': 112, 'L3_dropout': 0.06039548486380275, 'n_mlp_layers': 3, 'mlp_dim_0': 288, 'mlp_dim_1': 400, 'mlp_dim_2': 184, 'num_heads': 2, 'final_dropout': 0.07943406921325433, 'train_learning_rate': 0.001124890511956713, 'train_lr_reduce': 0.6}. Best is trial 613 with value: 0.045173268765211105.
[I 2024-12-25 19:08:56,876] Trial 727 finished with value: 0.06823807209730148 and parameters: {'L1_hidden_dim': 80, 'L1_layers_atom': 2, 'L1_layers_mol': 4, 'L1_dropout': 0.2908493742266609, 'L1_out_dim': 64, 'L2_hidden_dim': 144, 'L2_layers_atom': 2, 'L2_layers_mol': 2, 'L2_out_dim': 128, 'L2_dropout': 0.022258119717061053, 'L3_hidden_dim': 64, 'L3_layers_atom': 4, 'L3_layers_mol': 4, 'L3_out_dim': 96, 'L3_dropout': 0.2540507985465913, 'n_mlp_layers': 1, 'mlp_dim_0': 176, 'num_heads': 2, 'final_dropout': 0.05500486095286044, 'train_learning_rate': 0.0005404986688673329, 'train_lr_reduce': 0.6}. Best is trial 613 with value: 0.045173268765211105.
[I 2024-12-25 19:08:59,163] Trial 726 finished with value: 0.07314294576644897 and parameters: {'L1_hidden_dim': 112, 'L1_layers_atom': 3, 'L1_layers_mol': 3, 'L1_dropout': 0.29422877468839287, 'L1_out_dim': 112, 'L2_hidden_dim': 256, 'L2_layers_atom': 1, 'L2_layers_mol': 1, 'L2_out_dim': 80, 'L2_dropout': 0.010994312775261701, 'L3_hidden_dim': 64, 'L3_layers_atom': 4, 'L3_layers_mol': 4, 'L3_out_dim': 80, 'L3_dropout': 0.2858828364621884, 'n_mlp_layers': 1, 'mlp_dim_0': 176, 'num_heads': 2, 'final_dropout': 0.022886020114282368, 'train_learning_rate': 0.0005621858234839681, 'train_lr_reduce': 0.6}. Best is trial 613 with value: 0.045173268765211105.
[I 2024-12-25 19:10:27,465] Trial 731 finished with value: 0.07837037742137909 and parameters: {'L1_hidden_dim': 80, 'L1_layers_atom': 2, 'L1_layers_mol': 2, 'L1_dropout': 0.20859120482675553, 'L1_out_dim': 80, 'L2_hidden_dim': 224, 'L2_layers_atom': 3, 'L2_layers_mol': 2, 'L2_out_dim': 64, 'L2_dropout': 0.008324037969950578, 'L3_hidden_dim': 48, 'L3_layers_atom': 3, 'L3_layers_mol': 1, 'L3_out_dim': 80, 'L3_dropout': 0.10980230959759069, 'n_mlp_layers': 3, 'mlp_dim_0': 448, 'mlp_dim_1': 296, 'mlp_dim_2': 120, 'num_heads': 1, 'final_dropout': 0.18505922844412784, 'train_learning_rate': 0.0015795739371221112, 'train_lr_reduce': 0.6}. Best is trial 613 with value: 0.045173268765211105.
[I 2024-12-25 19:10:30,493] Trial 730 finished with value: 0.07477760314941406 and parameters: {'L1_hidden_dim': 80, 'L1_layers_atom': 2, 'L1_layers_mol': 2, 'L1_dropout': 0.28686436894302186, 'L1_out_dim': 48, 'L2_hidden_dim': 128, 'L2_layers_atom': 1, 'L2_layers_mol': 2, 'L2_out_dim': 112, 'L2_dropout': 0.001046670873713693, 'L3_hidden_dim': 48, 'L3_layers_atom': 4, 'L3_layers_mol': 4, 'L3_out_dim': 48, 'L3_dropout': 0.23349761147097123, 'n_mlp_layers': 2, 'mlp_dim_0': 88, 'mlp_dim_1': 464, 'num_heads': 2, 'final_dropout': 0.0685380859892116, 'train_learning_rate': 0.0008217802226726788, 'train_lr_reduce': 0.6}. Best is trial 613 with value: 0.045173268765211105.
[I 2024-12-25 19:10:34,507] Trial 729 finished with value: 0.08169868588447571 and parameters: {'L1_hidden_dim': 144, 'L1_layers_atom': 3, 'L1_layers_mol': 3, 'L1_dropout': 0.2904762547873652, 'L1_out_dim': 48, 'L2_hidden_dim': 256, 'L2_layers_atom': 2, 'L2_layers_mol': 1, 'L2_out_dim': 128, 'L2_dropout': 0.0019944585745453173, 'L3_hidden_dim': 64, 'L3_layers_atom': 4, 'L3_layers_mol': 4, 'L3_out_dim': 32, 'L3_dropout': 0.2505595442345614, 'n_mlp_layers': 1, 'mlp_dim_0': 48, 'num_heads': 2, 'final_dropout': 0.08766538830996051, 'train_learning_rate': 0.0011867194001277171, 'train_lr_reduce': 0.6}. Best is trial 613 with value: 0.045173268765211105.
[I 2024-12-25 19:10:54,394] Trial 734 finished with value: 1.0405269861221313 and parameters: {'L1_hidden_dim': 64, 'L1_layers_atom': 4, 'L1_layers_mol': 4, 'L1_dropout': 0.21601605315280858, 'L1_out_dim': 48, 'L2_hidden_dim': 256, 'L2_layers_atom': 3, 'L2_layers_mol': 3, 'L2_out_dim': 48, 'L2_dropout': 0.05579574550147977, 'L3_hidden_dim': 48, 'L3_layers_atom': 2, 'L3_layers_mol': 2, 'L3_out_dim': 96, 'L3_dropout': 0.03747891188716866, 'n_mlp_layers': 2, 'mlp_dim_0': 392, 'mlp_dim_1': 512, 'num_heads': 1, 'final_dropout': 0.17050793984038057, 'train_learning_rate': 0.0009845054609574427, 'train_lr_reduce': 0.6}. Best is trial 613 with value: 0.045173268765211105.
[I 2024-12-25 19:12:21,068] Trial 733 finished with value: 0.06943627446889877 and parameters: {'L1_hidden_dim': 80, 'L1_layers_atom': 4, 'L1_layers_mol': 4, 'L1_dropout': 0.2866070713141942, 'L1_out_dim': 128, 'L2_hidden_dim': 240, 'L2_layers_atom': 3, 'L2_layers_mol': 2, 'L2_out_dim': 128, 'L2_dropout': 0.004270201672500376, 'L3_hidden_dim': 80, 'L3_layers_atom': 2, 'L3_layers_mol': 2, 'L3_out_dim': 112, 'L3_dropout': 0.020908869459084593, 'n_mlp_layers': 3, 'mlp_dim_0': 464, 'mlp_dim_1': 424, 'mlp_dim_2': 160, 'num_heads': 1, 'final_dropout': 0.04032242497966174, 'train_learning_rate': 0.0009219827158058595, 'train_lr_reduce': 0.6}. Best is trial 613 with value: 0.045173268765211105.
[I 2024-12-25 19:12:23,290] Trial 732 finished with value: 0.08976519852876663 and parameters: {'L1_hidden_dim': 144, 'L1_layers_atom': 3, 'L1_layers_mol': 2, 'L1_dropout': 0.2774430743892099, 'L1_out_dim': 96, 'L2_hidden_dim': 224, 'L2_layers_atom': 4, 'L2_layers_mol': 2, 'L2_out_dim': 48, 'L2_dropout': 0.13310330008769586, 'L3_hidden_dim': 48, 'L3_layers_atom': 3, 'L3_layers_mol': 1, 'L3_out_dim': 112, 'L3_dropout': 0.08166445958047035, 'n_mlp_layers': 3, 'mlp_dim_0': 472, 'mlp_dim_1': 472, 'mlp_dim_2': 80, 'num_heads': 1, 'final_dropout': 0.2570516303693233, 'train_learning_rate': 0.0006596946018465693, 'train_lr_reduce': 0.6}. Best is trial 613 with value: 0.045173268765211105.
[I 2024-12-25 19:12:55,874] Trial 735 finished with value: 0.07444597780704498 and parameters: {'L1_hidden_dim': 160, 'L1_layers_atom': 3, 'L1_layers_mol': 4, 'L1_dropout': 0.282673990987356, 'L1_out_dim': 32, 'L2_hidden_dim': 256, 'L2_layers_atom': 4, 'L2_layers_mol': 2, 'L2_out_dim': 112, 'L2_dropout': 0.016418380293345396, 'L3_hidden_dim': 32, 'L3_layers_atom': 4, 'L3_layers_mol': 1, 'L3_out_dim': 112, 'L3_dropout': 0.2758303531582257, 'n_mlp_layers': 2, 'mlp_dim_0': 64, 'mlp_dim_1': 344, 'num_heads': 2, 'final_dropout': 0.09445600807055232, 'train_learning_rate': 0.00039180918286896066, 'train_lr_reduce': 0.6}. Best is trial 613 with value: 0.045173268765211105.
