[I 2024-12-19 07:43:48,013] Trial 173 finished with value: 1.142601490020752 and parameters: {'mlp_n_layers': 2, 'mlp_dim_00': 168, 'mlp_dim_01': 316, 'node_hidden_dim': 99, 'edge_hidden_dim': 79, 'depth': 2, 'rep_dropout': 0.08389211787888098, 'train_learning_rate': 0.002370207215394218, 'train_lr_reduce': 0.6}. Best is trial 163 with value: 0.28059011697769165.
[I 2024-12-19 07:43:53,773] Trial 171 finished with value: 0.3765852153301239 and parameters: {'mlp_n_layers': 2, 'mlp_dim_00': 222, 'mlp_dim_01': 378, 'node_hidden_dim': 84, 'edge_hidden_dim': 44, 'depth': 2, 'rep_dropout': 0.011781926494129392, 'train_learning_rate': 0.006035120643895055, 'train_lr_reduce': 0.6}. Best is trial 163 with value: 0.28059011697769165.
[I 2024-12-19 07:44:00,273] Trial 176 finished with value: 1.1425083875656128 and parameters: {'mlp_n_layers': 2, 'mlp_dim_00': 73, 'mlp_dim_01': 109, 'node_hidden_dim': 82, 'edge_hidden_dim': 63, 'depth': 2, 'rep_dropout': 0.02566670145038703, 'train_learning_rate': 0.004746913286587567, 'train_lr_reduce': 0.6}. Best is trial 163 with value: 0.28059011697769165.
[I 2024-12-19 07:44:05,569] Trial 174 finished with value: 0.30241188406944275 and parameters: {'mlp_n_layers': 2, 'mlp_dim_00': 190, 'mlp_dim_01': 78, 'node_hidden_dim': 95, 'edge_hidden_dim': 72, 'depth': 2, 'rep_dropout': 0.08544916601739316, 'train_learning_rate': 0.00818735182407133, 'train_lr_reduce': 0.6}. Best is trial 163 with value: 0.28059011697769165.
[I 2024-12-19 07:44:07,781] Trial 175 finished with value: 0.547985315322876 and parameters: {'mlp_n_layers': 2, 'mlp_dim_00': 94, 'mlp_dim_01': 196, 'node_hidden_dim': 77, 'edge_hidden_dim': 46, 'depth': 2, 'rep_dropout': 0.07741860836373836, 'train_learning_rate': 0.006177073282161078, 'train_lr_reduce': 0.6}. Best is trial 163 with value: 0.28059011697769165.
[I 2024-12-19 07:44:13,140] Trial 178 finished with value: 1.1579612493515015 and parameters: {'mlp_n_layers': 2, 'mlp_dim_00': 108, 'mlp_dim_01': 287, 'node_hidden_dim': 91, 'edge_hidden_dim': 55, 'depth': 3, 'rep_dropout': 0.006656840491682785, 'train_learning_rate': 0.006282963024739205, 'train_lr_reduce': 0.6}. Best is trial 163 with value: 0.28059011697769165.
[I 2024-12-19 07:44:13,145] Trial 179 finished with value: 1.1465834379196167 and parameters: {'mlp_n_layers': 3, 'mlp_dim_00': 95, 'mlp_dim_01': 202, 'mlp_dim_02': 211, 'node_hidden_dim': 43, 'edge_hidden_dim': 62, 'depth': 2, 'rep_dropout': 0.08938670506391531, 'train_learning_rate': 0.002803520636082593, 'train_lr_reduce': 0.6}. Best is trial 163 with value: 0.28059011697769165.
[I 2024-12-19 07:44:18,892] Trial 181 finished with value: 1.1426472663879395 and parameters: {'mlp_n_layers': 2, 'mlp_dim_00': 225, 'mlp_dim_01': 317, 'node_hidden_dim': 58, 'edge_hidden_dim': 49, 'depth': 2, 'rep_dropout': 0.01002432317737918, 'train_learning_rate': 0.004314182154542716, 'train_lr_reduce': 0.6}. Best is trial 163 with value: 0.28059011697769165.
[I 2024-12-19 07:44:23,248] Trial 177 finished with value: 0.4324621856212616 and parameters: {'mlp_n_layers': 3, 'mlp_dim_00': 147, 'mlp_dim_01': 428, 'mlp_dim_02': 440, 'node_hidden_dim': 84, 'edge_hidden_dim': 39, 'depth': 2, 'rep_dropout': 0.014024785694853633, 'train_learning_rate': 0.008560024584109946, 'train_lr_reduce': 0.6}. Best is trial 163 with value: 0.28059011697769165.
[I 2024-12-19 07:44:24,862] Trial 180 finished with value: 0.7896206974983215 and parameters: {'mlp_n_layers': 2, 'mlp_dim_00': 189, 'mlp_dim_01': 96, 'node_hidden_dim': 87, 'edge_hidden_dim': 58, 'depth': 2, 'rep_dropout': 0.1257725198908955, 'train_learning_rate': 0.009054451061956716, 'train_lr_reduce': 0.6}. Best is trial 163 with value: 0.28059011697769165.
[I 2024-12-19 07:44:24,988] Trial 182 finished with value: 1.142645001411438 and parameters: {'mlp_n_layers': 2, 'mlp_dim_00': 318, 'mlp_dim_01': 484, 'node_hidden_dim': 83, 'edge_hidden_dim': 37, 'depth': 3, 'rep_dropout': 0.021067022258532013, 'train_learning_rate': 0.0036485420318712524, 'train_lr_reduce': 0.6}. Best is trial 163 with value: 0.28059011697769165.
[I 2024-12-19 07:44:45,275] Trial 185 finished with value: 0.3026678264141083 and parameters: {'mlp_n_layers': 3, 'mlp_dim_00': 168, 'mlp_dim_01': 468, 'mlp_dim_02': 467, 'node_hidden_dim': 88, 'edge_hidden_dim': 36, 'depth': 2, 'rep_dropout': 0.01111928757211754, 'train_learning_rate': 0.006444586479426701, 'train_lr_reduce': 0.6}. Best is trial 163 with value: 0.28059011697769165.
[I 2024-12-19 07:44:45,908] Trial 183 finished with value: 0.27009129524230957 and parameters: {'mlp_n_layers': 2, 'mlp_dim_00': 64, 'mlp_dim_01': 301, 'node_hidden_dim': 79, 'edge_hidden_dim': 66, 'depth': 2, 'rep_dropout': 0.06193644580257202, 'train_learning_rate': 0.005937463021173378, 'train_lr_reduce': 0.6}. Best is trial 183 with value: 0.27009129524230957.
[I 2024-12-19 07:44:46,466] Trial 184 finished with value: 0.5927539467811584 and parameters: {'mlp_n_layers': 2, 'mlp_dim_00': 187, 'mlp_dim_01': 138, 'node_hidden_dim': 123, 'edge_hidden_dim': 54, 'depth': 2, 'rep_dropout': 0.046603563095865025, 'train_learning_rate': 0.00880309002969241, 'train_lr_reduce': 0.6}. Best is trial 183 with value: 0.27009129524230957.
[I 2024-12-19 07:44:55,513] Trial 188 finished with value: 0.916500985622406 and parameters: {'mlp_n_layers': 2, 'mlp_dim_00': 274, 'mlp_dim_01': 137, 'node_hidden_dim': 82, 'edge_hidden_dim': 75, 'depth': 2, 'rep_dropout': 0.10000289297147405, 'train_learning_rate': 0.009012149526439344, 'train_lr_reduce': 0.6}. Best is trial 183 with value: 0.27009129524230957.
[I 2024-12-19 07:45:03,832] Trial 186 finished with value: 0.49503961205482483 and parameters: {'mlp_n_layers': 4, 'mlp_dim_00': 67, 'mlp_dim_01': 419, 'mlp_dim_02': 471, 'mlp_dim_03': 495, 'node_hidden_dim': 81, 'edge_hidden_dim': 58, 'depth': 2, 'rep_dropout': 0.04232725071439893, 'train_learning_rate': 0.009286990313552608, 'train_lr_reduce': 0.6}. Best is trial 183 with value: 0.27009129524230957.
[I 2024-12-19 07:45:10,410] Trial 187 finished with value: 0.32947930693626404 and parameters: {'mlp_n_layers': 3, 'mlp_dim_00': 337, 'mlp_dim_01': 318, 'mlp_dim_02': 441, 'node_hidden_dim': 103, 'edge_hidden_dim': 32, 'depth': 2, 'rep_dropout': 0.017545023517269956, 'train_learning_rate': 0.006734921740666045, 'train_lr_reduce': 0.6}. Best is trial 183 with value: 0.27009129524230957.
[I 2024-12-19 07:45:17,818] Trial 189 finished with value: 0.6002715229988098 and parameters: {'mlp_n_layers': 2, 'mlp_dim_00': 166, 'mlp_dim_01': 134, 'node_hidden_dim': 124, 'edge_hidden_dim': 61, 'depth': 2, 'rep_dropout': 0.1041378402316197, 'train_learning_rate': 0.007628927769851524, 'train_lr_reduce': 0.6}. Best is trial 183 with value: 0.27009129524230957.
[I 2024-12-19 07:45:24,002] Trial 192 finished with value: 1.1474571228027344 and parameters: {'mlp_n_layers': 4, 'mlp_dim_00': 160, 'mlp_dim_01': 483, 'mlp_dim_02': 465, 'mlp_dim_03': 510, 'node_hidden_dim': 85, 'edge_hidden_dim': 40, 'depth': 2, 'rep_dropout': 0.04234495670673788, 'train_learning_rate': 0.003914560590775704, 'train_lr_reduce': 0.6}. Best is trial 183 with value: 0.27009129524230957.
[I 2024-12-19 07:45:24,391] Trial 190 finished with value: 0.27338430285453796 and parameters: {'mlp_n_layers': 2, 'mlp_dim_00': 333, 'mlp_dim_01': 107, 'node_hidden_dim': 52, 'edge_hidden_dim': 64, 'depth': 2, 'rep_dropout': 0.1282895556901436, 'train_learning_rate': 0.007266792909219521, 'train_lr_reduce': 0.6}. Best is trial 183 with value: 0.27009129524230957.
[I 2024-12-19 07:45:34,071] Trial 191 finished with value: 0.2961047291755676 and parameters: {'mlp_n_layers': 2, 'mlp_dim_00': 222, 'mlp_dim_01': 65, 'node_hidden_dim': 90, 'edge_hidden_dim': 73, 'depth': 2, 'rep_dropout': 0.14765181534540361, 'train_learning_rate': 0.007450250480926314, 'train_lr_reduce': 0.6}. Best is trial 183 with value: 0.27009129524230957.
[I 2024-12-19 07:45:40,779] Trial 195 finished with value: 1.156107783317566 and parameters: {'mlp_n_layers': 3, 'mlp_dim_00': 103, 'mlp_dim_01': 85, 'mlp_dim_02': 429, 'node_hidden_dim': 126, 'edge_hidden_dim': 37, 'depth': 2, 'rep_dropout': 0.0856190767294546, 'train_learning_rate': 0.004123426441170844, 'train_lr_reduce': 0.6}. Best is trial 183 with value: 0.27009129524230957.
[I 2024-12-19 07:45:44,478] Trial 194 finished with value: 0.723774254322052 and parameters: {'mlp_n_layers': 2, 'mlp_dim_00': 206, 'mlp_dim_01': 161, 'node_hidden_dim': 109, 'edge_hidden_dim': 72, 'depth': 2, 'rep_dropout': 0.0820853261905844, 'train_learning_rate': 0.007729463508679911, 'train_lr_reduce': 0.6}. Best is trial 183 with value: 0.27009129524230957.
[I 2024-12-19 07:45:45,543] Trial 193 finished with value: 0.24293258786201477 and parameters: {'mlp_n_layers': 3, 'mlp_dim_00': 390, 'mlp_dim_01': 301, 'mlp_dim_02': 507, 'node_hidden_dim': 94, 'edge_hidden_dim': 39, 'depth': 2, 'rep_dropout': 0.0061566841046981815, 'train_learning_rate': 0.007927884378988273, 'train_lr_reduce': 0.6}. Best is trial 193 with value: 0.24293258786201477.
[I 2024-12-19 07:45:49,632] Trial 197 finished with value: 1.1460763216018677 and parameters: {'mlp_n_layers': 2, 'mlp_dim_00': 323, 'mlp_dim_01': 125, 'node_hidden_dim': 59, 'edge_hidden_dim': 69, 'depth': 2, 'rep_dropout': 0.1952599091650049, 'train_learning_rate': 0.0024753558881796347, 'train_lr_reduce': 0.6}. Best is trial 193 with value: 0.24293258786201477.
[I 2024-12-19 07:45:51,746] Trial 198 finished with value: 1.144447684288025 and parameters: {'mlp_n_layers': 3, 'mlp_dim_00': 458, 'mlp_dim_01': 276, 'mlp_dim_02': 498, 'node_hidden_dim': 100, 'edge_hidden_dim': 39, 'depth': 2, 'rep_dropout': 0.013351532402234242, 'train_learning_rate': 0.0058977794421978475, 'train_lr_reduce': 0.6}. Best is trial 193 with value: 0.24293258786201477.
[I 2024-12-19 07:46:03,084] Trial 196 finished with value: 0.29399508237838745 and parameters: {'mlp_n_layers': 2, 'mlp_dim_00': 73, 'mlp_dim_01': 102, 'node_hidden_dim': 73, 'edge_hidden_dim': 71, 'depth': 2, 'rep_dropout': 0.13400406962315345, 'train_learning_rate': 0.008472500301744729, 'train_lr_reduce': 0.6}. Best is trial 193 with value: 0.24293258786201477.
[I 2024-12-19 07:46:09,899] Trial 201 finished with value: 1.1501293182373047 and parameters: {'mlp_n_layers': 3, 'mlp_dim_00': 141, 'mlp_dim_01': 465, 'mlp_dim_02': 433, 'node_hidden_dim': 54, 'edge_hidden_dim': 42, 'depth': 2, 'rep_dropout': 0.04435037978736698, 'train_learning_rate': 0.009173350674484977, 'train_lr_reduce': 0.6}. Best is trial 193 with value: 0.24293258786201477.
[I 2024-12-19 07:46:10,674] Trial 199 finished with value: 0.23581115901470184 and parameters: {'mlp_n_layers': 3, 'mlp_dim_00': 291, 'mlp_dim_01': 394, 'mlp_dim_02': 510, 'node_hidden_dim': 101, 'edge_hidden_dim': 51, 'depth': 2, 'rep_dropout': 0.09163748631845035, 'train_learning_rate': 0.005294198660492819, 'train_lr_reduce': 0.6}. Best is trial 199 with value: 0.23581115901470184.
[I 2024-12-19 07:46:14,147] Trial 200 finished with value: 0.5710294246673584 and parameters: {'mlp_n_layers': 2, 'mlp_dim_00': 207, 'mlp_dim_01': 387, 'node_hidden_dim': 97, 'edge_hidden_dim': 42, 'depth': 2, 'rep_dropout': 0.011902157646560475, 'train_learning_rate': 0.002945139706881449, 'train_lr_reduce': 0.6}. Best is trial 199 with value: 0.23581115901470184.
[I 2024-12-19 07:46:16,274] Trial 203 finished with value: 1.1466844081878662 and parameters: {'mlp_n_layers': 3, 'mlp_dim_00': 281, 'mlp_dim_01': 320, 'mlp_dim_02': 509, 'node_hidden_dim': 123, 'edge_hidden_dim': 50, 'depth': 2, 'rep_dropout': 0.08010819978024775, 'train_learning_rate': 0.001865735239049472, 'train_lr_reduce': 0.6}. Best is trial 199 with value: 0.23581115901470184.
[I 2024-12-19 07:46:16,287] Trial 202 finished with value: 1.1443392038345337 and parameters: {'mlp_n_layers': 2, 'mlp_dim_00': 101, 'mlp_dim_01': 236, 'node_hidden_dim': 91, 'edge_hidden_dim': 72, 'depth': 2, 'rep_dropout': 0.10151968783427202, 'train_learning_rate': 0.006222165302383088, 'train_lr_reduce': 0.6}. Best is trial 199 with value: 0.23581115901470184.
[I 2024-12-19 07:46:21,690] Trial 205 finished with value: 1.1451605558395386 and parameters: {'mlp_n_layers': 3, 'mlp_dim_00': 74, 'mlp_dim_01': 416, 'mlp_dim_02': 506, 'node_hidden_dim': 92, 'edge_hidden_dim': 36, 'depth': 2, 'rep_dropout': 0.007996615910315695, 'train_learning_rate': 0.0035087299194155566, 'train_lr_reduce': 0.6}. Best is trial 199 with value: 0.23581115901470184.
[I 2024-12-19 07:46:22,620] Trial 206 finished with value: 1.1441808938980103 and parameters: {'mlp_n_layers': 2, 'mlp_dim_00': 370, 'mlp_dim_01': 191, 'node_hidden_dim': 56, 'edge_hidden_dim': 62, 'depth': 2, 'rep_dropout': 0.08189721601894016, 'train_learning_rate': 0.0034202196755528393, 'train_lr_reduce': 0.6}. Best is trial 199 with value: 0.23581115901470184.
[I 2024-12-19 07:46:26,220] Trial 204 finished with value: 0.5127264857292175 and parameters: {'mlp_n_layers': 4, 'mlp_dim_00': 107, 'mlp_dim_01': 346, 'mlp_dim_02': 456, 'mlp_dim_03': 486, 'node_hidden_dim': 71, 'edge_hidden_dim': 50, 'depth': 2, 'rep_dropout': 0.05419577965817116, 'train_learning_rate': 0.008908030377252083, 'train_lr_reduce': 0.6}. Best is trial 199 with value: 0.23581115901470184.
[I 2024-12-19 07:46:27,006] Trial 207 finished with value: 1.1424118280410767 and parameters: {'mlp_n_layers': 2, 'mlp_dim_00': 253, 'mlp_dim_01': 340, 'node_hidden_dim': 105, 'edge_hidden_dim': 33, 'depth': 2, 'rep_dropout': 0.006992184912577186, 'train_learning_rate': 0.0013864904487540517, 'train_lr_reduce': 0.6}. Best is trial 199 with value: 0.23581115901470184.
[I 2024-12-19 07:46:44,469] Trial 208 finished with value: 0.27764952182769775 and parameters: {'mlp_n_layers': 3, 'mlp_dim_00': 328, 'mlp_dim_01': 361, 'mlp_dim_02': 403, 'node_hidden_dim': 97, 'edge_hidden_dim': 36, 'depth': 2, 'rep_dropout': 0.03130375884202084, 'train_learning_rate': 0.005789669930492481, 'train_lr_reduce': 0.6}. Best is trial 199 with value: 0.23581115901470184.
[I 2024-12-19 07:46:46,784] Trial 209 finished with value: 0.4215748608112335 and parameters: {'mlp_n_layers': 2, 'mlp_dim_00': 64, 'mlp_dim_01': 78, 'node_hidden_dim': 52, 'edge_hidden_dim': 74, 'depth': 2, 'rep_dropout': 0.18457124445679032, 'train_learning_rate': 0.005822262229236735, 'train_lr_reduce': 0.6}. Best is trial 199 with value: 0.23581115901470184.
[I 2024-12-19 07:46:47,877] Trial 210 finished with value: 0.7094228863716125 and parameters: {'mlp_n_layers': 4, 'mlp_dim_00': 211, 'mlp_dim_01': 292, 'mlp_dim_02': 452, 'mlp_dim_03': 499, 'node_hidden_dim': 83, 'edge_hidden_dim': 44, 'depth': 3, 'rep_dropout': 0.0344449560646229, 'train_learning_rate': 0.009216887328289678, 'train_lr_reduce': 0.6}. Best is trial 199 with value: 0.23581115901470184.
[I 2024-12-19 07:46:53,069] Trial 212 finished with value: 1.1434937715530396 and parameters: {'mlp_n_layers': 2, 'mlp_dim_00': 89, 'mlp_dim_01': 67, 'node_hidden_dim': 50, 'edge_hidden_dim': 68, 'depth': 2, 'rep_dropout': 0.14873378940390997, 'train_learning_rate': 0.0029395899643891877, 'train_lr_reduce': 0.6}. Best is trial 199 with value: 0.23581115901470184.
[I 2024-12-19 07:46:57,913] Trial 213 finished with value: 0.8859712481498718 and parameters: {'mlp_n_layers': 2, 'mlp_dim_00': 108, 'mlp_dim_01': 219, 'node_hidden_dim': 88, 'edge_hidden_dim': 82, 'depth': 2, 'rep_dropout': 0.2138289607355368, 'train_learning_rate': 0.009593303600763724, 'train_lr_reduce': 0.6}. Best is trial 199 with value: 0.23581115901470184.
[I 2024-12-19 07:46:59,356] Trial 214 finished with value: 1.1427288055419922 and parameters: {'mlp_n_layers': 3, 'mlp_dim_00': 101, 'mlp_dim_01': 327, 'mlp_dim_02': 441, 'node_hidden_dim': 82, 'edge_hidden_dim': 33, 'depth': 2, 'rep_dropout': 0.07389617415695518, 'train_learning_rate': 0.00900963230210041, 'train_lr_reduce': 0.6}. Best is trial 199 with value: 0.23581115901470184.
[I 2024-12-19 07:47:01,937] Trial 211 finished with value: 0.5051457285881042 and parameters: {'mlp_n_layers': 3, 'mlp_dim_00': 273, 'mlp_dim_01': 325, 'mlp_dim_02': 390, 'node_hidden_dim': 99, 'edge_hidden_dim': 46, 'depth': 2, 'rep_dropout': 0.021809307312509317, 'train_learning_rate': 0.006823231278298299, 'train_lr_reduce': 0.6}. Best is trial 199 with value: 0.23581115901470184.
[I 2024-12-19 07:47:03,221] Trial 215 finished with value: 1.1427276134490967 and parameters: {'mlp_n_layers': 2, 'mlp_dim_00': 305, 'mlp_dim_01': 214, 'node_hidden_dim': 36, 'edge_hidden_dim': 42, 'depth': 2, 'rep_dropout': 0.14465805959821426, 'train_learning_rate': 0.006437738109212582, 'train_lr_reduce': 0.6}. Best is trial 199 with value: 0.23581115901470184.
[I 2024-12-19 07:47:05,111] Trial 216 finished with value: 1.142334222793579 and parameters: {'mlp_n_layers': 3, 'mlp_dim_00': 396, 'mlp_dim_01': 353, 'mlp_dim_02': 446, 'node_hidden_dim': 76, 'edge_hidden_dim': 32, 'depth': 2, 'rep_dropout': 0.04107097712381151, 'train_learning_rate': 0.0032916655345237088, 'train_lr_reduce': 0.6}. Best is trial 199 with value: 0.23581115901470184.
[I 2024-12-19 07:47:09,024] Trial 218 finished with value: 1.1420468091964722 and parameters: {'mlp_n_layers': 4, 'mlp_dim_00': 72, 'mlp_dim_01': 482, 'mlp_dim_02': 398, 'mlp_dim_03': 504, 'node_hidden_dim': 92, 'edge_hidden_dim': 66, 'depth': 2, 'rep_dropout': 0.0578045998310599, 'train_learning_rate': 0.005763521105339203, 'train_lr_reduce': 0.6}. Best is trial 199 with value: 0.23581115901470184.
[I 2024-12-19 07:47:14,703] Trial 217 finished with value: 0.5529471635818481 and parameters: {'mlp_n_layers': 3, 'mlp_dim_00': 255, 'mlp_dim_01': 427, 'mlp_dim_02': 377, 'node_hidden_dim': 108, 'edge_hidden_dim': 43, 'depth': 2, 'rep_dropout': 0.09468061051964462, 'train_learning_rate': 0.006571669592496746, 'train_lr_reduce': 0.6}. Best is trial 199 with value: 0.23581115901470184.
[I 2024-12-19 07:47:14,853] Trial 220 finished with value: 1.1503640413284302 and parameters: {'mlp_n_layers': 3, 'mlp_dim_00': 73, 'mlp_dim_01': 169, 'mlp_dim_02': 444, 'node_hidden_dim': 32, 'edge_hidden_dim': 93, 'depth': 2, 'rep_dropout': 0.21849937379699633, 'train_learning_rate': 0.006379408974187514, 'train_lr_reduce': 0.6}. Best is trial 199 with value: 0.23581115901470184.
[I 2024-12-19 07:47:21,386] Trial 221 finished with value: 1.142274260520935 and parameters: {'mlp_n_layers': 3, 'mlp_dim_00': 202, 'mlp_dim_01': 477, 'mlp_dim_02': 334, 'node_hidden_dim': 99, 'edge_hidden_dim': 44, 'depth': 2, 'rep_dropout': 0.030345956538275782, 'train_learning_rate': 0.006972748522123426, 'train_lr_reduce': 0.6}. Best is trial 199 with value: 0.23581115901470184.
[I 2024-12-19 07:47:25,542] Trial 219 finished with value: 0.2912319600582123 and parameters: {'mlp_n_layers': 3, 'mlp_dim_00': 322, 'mlp_dim_01': 390, 'mlp_dim_02': 510, 'node_hidden_dim': 108, 'edge_hidden_dim': 32, 'depth': 2, 'rep_dropout': 0.028170470376378855, 'train_learning_rate': 0.007634389987627177, 'train_lr_reduce': 0.6}. Best is trial 199 with value: 0.23581115901470184.
[I 2024-12-19 07:47:26,357] Trial 222 finished with value: 1.0742863416671753 and parameters: {'mlp_n_layers': 2, 'mlp_dim_00': 204, 'mlp_dim_01': 110, 'node_hidden_dim': 75, 'edge_hidden_dim': 99, 'depth': 2, 'rep_dropout': 0.1686431868501438, 'train_learning_rate': 0.007781298929863664, 'train_lr_reduce': 0.6}. Best is trial 199 with value: 0.23581115901470184.
[I 2024-12-19 07:47:28,091] Trial 223 finished with value: 1.1595771312713623 and parameters: {'mlp_n_layers': 4, 'mlp_dim_00': 73, 'mlp_dim_01': 310, 'mlp_dim_02': 371, 'mlp_dim_03': 501, 'node_hidden_dim': 80, 'edge_hidden_dim': 69, 'depth': 2, 'rep_dropout': 0.05508061340061723, 'train_learning_rate': 0.005143625810994151, 'train_lr_reduce': 0.6}. Best is trial 199 with value: 0.23581115901470184.
[I 2024-12-19 07:47:32,071] Trial 224 finished with value: 1.1462386846542358 and parameters: {'mlp_n_layers': 3, 'mlp_dim_00': 304, 'mlp_dim_01': 399, 'mlp_dim_02': 503, 'node_hidden_dim': 95, 'edge_hidden_dim': 49, 'depth': 2, 'rep_dropout': 0.14815427313902754, 'train_learning_rate': 0.003660309760940724, 'train_lr_reduce': 0.6}. Best is trial 199 with value: 0.23581115901470184.
[I 2024-12-19 07:47:40,511] Trial 227 finished with value: 1.1485962867736816 and parameters: {'mlp_n_layers': 2, 'mlp_dim_00': 400, 'mlp_dim_01': 82, 'node_hidden_dim': 41, 'edge_hidden_dim': 66, 'depth': 3, 'rep_dropout': 0.14253732933909252, 'train_learning_rate': 0.006796485011601537, 'train_lr_reduce': 0.6}. Best is trial 199 with value: 0.23581115901470184.
[I 2024-12-19 07:47:47,280] Trial 225 finished with value: 0.22508707642555237 and parameters: {'mlp_n_layers': 3, 'mlp_dim_00': 338, 'mlp_dim_01': 411, 'mlp_dim_02': 509, 'node_hidden_dim': 86, 'edge_hidden_dim': 35, 'depth': 2, 'rep_dropout': 0.011372131979702682, 'train_learning_rate': 0.009209438296670498, 'train_lr_reduce': 0.6}. Best is trial 225 with value: 0.22508707642555237.
[I 2024-12-19 07:47:53,749] Trial 226 finished with value: 0.2857951819896698 and parameters: {'mlp_n_layers': 4, 'mlp_dim_00': 245, 'mlp_dim_01': 362, 'mlp_dim_02': 387, 'mlp_dim_03': 508, 'node_hidden_dim': 113, 'edge_hidden_dim': 46, 'depth': 2, 'rep_dropout': 0.005876417498240772, 'train_learning_rate': 0.006054167030590554, 'train_lr_reduce': 0.6}. Best is trial 225 with value: 0.22508707642555237.
[I 2024-12-19 07:47:54,527] Trial 229 finished with value: 1.1422450542449951 and parameters: {'mlp_n_layers': 4, 'mlp_dim_00': 369, 'mlp_dim_01': 470, 'mlp_dim_02': 512, 'mlp_dim_03': 451, 'node_hidden_dim': 119, 'edge_hidden_dim': 32, 'depth': 2, 'rep_dropout': 0.013242457882322107, 'train_learning_rate': 0.003131284765105432, 'train_lr_reduce': 0.6}. Best is trial 225 with value: 0.22508707642555237.
