[I 2024-12-26 18:58:28,343] Trial 2198 finished with value: 0.01552084181457758 and parameters: {'L1_hidden_dim': 176, 'L1_layers_atom': 3, 'L1_layers_mol': 3, 'L1_dropout': 0.02380089343468738, 'L1_out_dim': 32, 'L2_hidden_dim': 176, 'L2_layers_atom': 2, 'L2_layers_mol': 3, 'L2_out_dim': 80, 'L2_dropout': 0.09429847057904645, 'L3_hidden_dim': 112, 'L3_layers_atom': 3, 'L3_layers_mol': 1, 'L3_out_dim': 128, 'L3_dropout': 0.09185191036386353, 'n_mlp_layers': 3, 'mlp_dim_0': 376, 'mlp_dim_1': 448, 'mlp_dim_2': 440, 'num_heads': 2, 'final_dropout': 0.18029237456948857, 'train_learning_rate': 0.0002605125349138064, 'train_lr_reduce': 0.6}. Best is trial 2183 with value: 0.009310361929237843.
[I 2024-12-26 18:59:10,081] Trial 2199 finished with value: 0.01832330971956253 and parameters: {'L1_hidden_dim': 160, 'L1_layers_atom': 1, 'L1_layers_mol': 2, 'L1_dropout': 0.23691614665906624, 'L1_out_dim': 96, 'L2_hidden_dim': 128, 'L2_layers_atom': 2, 'L2_layers_mol': 3, 'L2_out_dim': 80, 'L2_dropout': 0.06896411689890705, 'L3_hidden_dim': 48, 'L3_layers_atom': 3, 'L3_layers_mol': 1, 'L3_out_dim': 96, 'L3_dropout': 0.10130035191368578, 'n_mlp_layers': 2, 'mlp_dim_0': 464, 'mlp_dim_1': 336, 'num_heads': 1, 'final_dropout': 0.08829476030181083, 'train_learning_rate': 0.0026493111117943356, 'train_lr_reduce': 0.6}. Best is trial 2183 with value: 0.009310361929237843.
[I 2024-12-26 18:59:53,854] Trial 2200 finished with value: 0.01401455421000719 and parameters: {'L1_hidden_dim': 160, 'L1_layers_atom': 1, 'L1_layers_mol': 3, 'L1_dropout': 0.259061275960175, 'L1_out_dim': 96, 'L2_hidden_dim': 160, 'L2_layers_atom': 2, 'L2_layers_mol': 2, 'L2_out_dim': 128, 'L2_dropout': 0.048261603082794376, 'L3_hidden_dim': 64, 'L3_layers_atom': 3, 'L3_layers_mol': 1, 'L3_out_dim': 112, 'L3_dropout': 0.18664132853801174, 'n_mlp_layers': 3, 'mlp_dim_0': 304, 'mlp_dim_1': 488, 'mlp_dim_2': 408, 'num_heads': 1, 'final_dropout': 0.13835039610449135, 'train_learning_rate': 0.0002994552646582249, 'train_lr_reduce': 0.6}. Best is trial 2183 with value: 0.009310361929237843.
[I 2024-12-26 19:00:29,375] Trial 2201 finished with value: 0.011485189199447632 and parameters: {'L1_hidden_dim': 112, 'L1_layers_atom': 2, 'L1_layers_mol': 3, 'L1_dropout': 0.17860494220018974, 'L1_out_dim': 112, 'L2_hidden_dim': 160, 'L2_layers_atom': 2, 'L2_layers_mol': 2, 'L2_out_dim': 112, 'L2_dropout': 0.01553735586025033, 'L3_hidden_dim': 96, 'L3_layers_atom': 3, 'L3_layers_mol': 1, 'L3_out_dim': 128, 'L3_dropout': 0.1906550581361452, 'n_mlp_layers': 3, 'mlp_dim_0': 480, 'mlp_dim_1': 496, 'mlp_dim_2': 392, 'num_heads': 1, 'final_dropout': 0.12353805637110735, 'train_learning_rate': 0.0007578960393063899, 'train_lr_reduce': 0.6}. Best is trial 2183 with value: 0.009310361929237843.
[I 2024-12-26 19:01:26,534] Trial 2202 finished with value: 0.026966862380504608 and parameters: {'L1_hidden_dim': 144, 'L1_layers_atom': 4, 'L1_layers_mol': 4, 'L1_dropout': 0.246018680294398, 'L1_out_dim': 48, 'L2_hidden_dim': 240, 'L2_layers_atom': 3, 'L2_layers_mol': 2, 'L2_out_dim': 48, 'L2_dropout': 0.03197415971309309, 'L3_hidden_dim': 96, 'L3_layers_atom': 2, 'L3_layers_mol': 2, 'L3_out_dim': 112, 'L3_dropout': 0.15122322760241733, 'n_mlp_layers': 2, 'mlp_dim_0': 144, 'mlp_dim_1': 512, 'num_heads': 1, 'final_dropout': 0.011623817870394376, 'train_learning_rate': 0.00011916291437927807, 'train_lr_reduce': 0.6}. Best is trial 2183 with value: 0.009310361929237843.
[I 2024-12-26 19:02:28,808] Trial 2203 finished with value: 0.032444797456264496 and parameters: {'L1_hidden_dim': 128, 'L1_layers_atom': 1, 'L1_layers_mol': 3, 'L1_dropout': 0.1923815191513924, 'L1_out_dim': 112, 'L2_hidden_dim': 96, 'L2_layers_atom': 1, 'L2_layers_mol': 3, 'L2_out_dim': 112, 'L2_dropout': 0.04683060120149542, 'L3_hidden_dim': 32, 'L3_layers_atom': 3, 'L3_layers_mol': 1, 'L3_out_dim': 80, 'L3_dropout': 0.14120227203028235, 'n_mlp_layers': 3, 'mlp_dim_0': 400, 'mlp_dim_1': 512, 'mlp_dim_2': 400, 'num_heads': 1, 'final_dropout': 0.08039648551930481, 'train_learning_rate': 0.00017213586317981147, 'train_lr_reduce': 0.6}. Best is trial 2183 with value: 0.009310361929237843.
[I 2024-12-26 19:02:39,257] Trial 2204 finished with value: 0.015613177791237831 and parameters: {'L1_hidden_dim': 160, 'L1_layers_atom': 1, 'L1_layers_mol': 2, 'L1_dropout': 0.19388830251450248, 'L1_out_dim': 112, 'L2_hidden_dim': 128, 'L2_layers_atom': 1, 'L2_layers_mol': 2, 'L2_out_dim': 112, 'L2_dropout': 0.052070064405485096, 'L3_hidden_dim': 48, 'L3_layers_atom': 3, 'L3_layers_mol': 1, 'L3_out_dim': 128, 'L3_dropout': 0.02038944284556255, 'n_mlp_layers': 3, 'mlp_dim_0': 480, 'mlp_dim_1': 496, 'mlp_dim_2': 360, 'num_heads': 1, 'final_dropout': 0.11530882133683404, 'train_learning_rate': 0.0008022297360252143, 'train_lr_reduce': 0.6}. Best is trial 2183 with value: 0.009310361929237843.
[I 2024-12-26 19:04:20,752] Trial 2205 finished with value: 0.01168779842555523 and parameters: {'L1_hidden_dim': 128, 'L1_layers_atom': 3, 'L1_layers_mol': 4, 'L1_dropout': 0.021154700911969422, 'L1_out_dim': 112, 'L2_hidden_dim': 160, 'L2_layers_atom': 1, 'L2_layers_mol': 4, 'L2_out_dim': 128, 'L2_dropout': 0.04263686479146723, 'L3_hidden_dim': 64, 'L3_layers_atom': 3, 'L3_layers_mol': 1, 'L3_out_dim': 128, 'L3_dropout': 0.11848552726300525, 'n_mlp_layers': 2, 'mlp_dim_0': 104, 'mlp_dim_1': 504, 'num_heads': 2, 'final_dropout': 0.207856377496561, 'train_learning_rate': 0.00023253676654996097, 'train_lr_reduce': 0.6}. Best is trial 2183 with value: 0.009310361929237843.
[I 2024-12-26 19:05:07,671] Trial 2207 finished with value: 0.020462604239583015 and parameters: {'L1_hidden_dim': 64, 'L1_layers_atom': 2, 'L1_layers_mol': 2, 'L1_dropout': 0.22000769289125902, 'L1_out_dim': 128, 'L2_hidden_dim': 144, 'L2_layers_atom': 2, 'L2_layers_mol': 3, 'L2_out_dim': 96, 'L2_dropout': 0.10485914863643798, 'L3_hidden_dim': 48, 'L3_layers_atom': 3, 'L3_layers_mol': 2, 'L3_out_dim': 112, 'L3_dropout': 0.18888065288173175, 'n_mlp_layers': 3, 'mlp_dim_0': 504, 'mlp_dim_1': 504, 'mlp_dim_2': 400, 'num_heads': 1, 'final_dropout': 0.1350973014935148, 'train_learning_rate': 0.0021654062713540676, 'train_lr_reduce': 0.6}. Best is trial 2183 with value: 0.009310361929237843.
[I 2024-12-26 19:05:17,470] Trial 2206 finished with value: 0.025747550651431084 and parameters: {'L1_hidden_dim': 128, 'L1_layers_atom': 2, 'L1_layers_mol': 2, 'L1_dropout': 0.24615216700726347, 'L1_out_dim': 112, 'L2_hidden_dim': 80, 'L2_layers_atom': 1, 'L2_layers_mol': 3, 'L2_out_dim': 112, 'L2_dropout': 0.0003583752142166108, 'L3_hidden_dim': 96, 'L3_layers_atom': 4, 'L3_layers_mol': 2, 'L3_out_dim': 96, 'L3_dropout': 0.2365008380697631, 'n_mlp_layers': 3, 'mlp_dim_0': 424, 'mlp_dim_1': 496, 'mlp_dim_2': 424, 'num_heads': 1, 'final_dropout': 0.14096567860467857, 'train_learning_rate': 0.0038891425005833677, 'train_lr_reduce': 0.6}. Best is trial 2183 with value: 0.009310361929237843.
[I 2024-12-26 19:06:42,084] Trial 2208 finished with value: 0.012244420126080513 and parameters: {'L1_hidden_dim': 112, 'L1_layers_atom': 1, 'L1_layers_mol': 3, 'L1_dropout': 0.1988988981673074, 'L1_out_dim': 112, 'L2_hidden_dim': 160, 'L2_layers_atom': 2, 'L2_layers_mol': 1, 'L2_out_dim': 96, 'L2_dropout': 0.025224594145089253, 'L3_hidden_dim': 80, 'L3_layers_atom': 4, 'L3_layers_mol': 1, 'L3_out_dim': 128, 'L3_dropout': 0.09167082026749049, 'n_mlp_layers': 2, 'mlp_dim_0': 448, 'mlp_dim_1': 496, 'num_heads': 1, 'final_dropout': 0.05640785771292445, 'train_learning_rate': 0.0006648195128430716, 'train_lr_reduce': 0.6}. Best is trial 2183 with value: 0.009310361929237843.
[I 2024-12-26 19:07:15,549] Trial 2210 finished with value: 0.02003534324467182 and parameters: {'L1_hidden_dim': 80, 'L1_layers_atom': 1, 'L1_layers_mol': 2, 'L1_dropout': 0.20945119966368292, 'L1_out_dim': 112, 'L2_hidden_dim': 160, 'L2_layers_atom': 2, 'L2_layers_mol': 2, 'L2_out_dim': 112, 'L2_dropout': 0.06083279457135122, 'L3_hidden_dim': 64, 'L3_layers_atom': 4, 'L3_layers_mol': 1, 'L3_out_dim': 128, 'L3_dropout': 0.10426832039578866, 'n_mlp_layers': 3, 'mlp_dim_0': 440, 'mlp_dim_1': 464, 'mlp_dim_2': 360, 'num_heads': 1, 'final_dropout': 0.11794873892437502, 'train_learning_rate': 0.00048253984764546725, 'train_lr_reduce': 0.6}. Best is trial 2183 with value: 0.009310361929237843.
[I 2024-12-26 19:07:31,829] Trial 2209 finished with value: 0.058904532343149185 and parameters: {'L1_hidden_dim': 80, 'L1_layers_atom': 1, 'L1_layers_mol': 1, 'L1_dropout': 0.20839292977184626, 'L1_out_dim': 96, 'L2_hidden_dim': 128, 'L2_layers_atom': 2, 'L2_layers_mol': 3, 'L2_out_dim': 128, 'L2_dropout': 0.11037714092945052, 'L3_hidden_dim': 64, 'L3_layers_atom': 3, 'L3_layers_mol': 1, 'L3_out_dim': 128, 'L3_dropout': 0.166292749712639, 'n_mlp_layers': 3, 'mlp_dim_0': 512, 'mlp_dim_1': 488, 'mlp_dim_2': 416, 'num_heads': 1, 'final_dropout': 0.16217828807095072, 'train_learning_rate': 0.0002065489902580298, 'train_lr_reduce': 0.6}. Best is trial 2183 with value: 0.009310361929237843.
[I 2024-12-26 19:09:09,221] Trial 2212 finished with value: 0.01137354876846075 and parameters: {'L1_hidden_dim': 96, 'L1_layers_atom': 1, 'L1_layers_mol': 2, 'L1_dropout': 0.2880198697492315, 'L1_out_dim': 112, 'L2_hidden_dim': 160, 'L2_layers_atom': 1, 'L2_layers_mol': 1, 'L2_out_dim': 112, 'L2_dropout': 0.031252548389487336, 'L3_hidden_dim': 80, 'L3_layers_atom': 4, 'L3_layers_mol': 1, 'L3_out_dim': 80, 'L3_dropout': 0.12643477474695897, 'n_mlp_layers': 3, 'mlp_dim_0': 456, 'mlp_dim_1': 496, 'mlp_dim_2': 432, 'num_heads': 1, 'final_dropout': 0.13928055505373618, 'train_learning_rate': 0.0007152973821060362, 'train_lr_reduce': 0.6}. Best is trial 2183 with value: 0.009310361929237843.
[I 2024-12-26 19:09:36,480] Trial 2211 finished with value: 0.022524433210492134 and parameters: {'L1_hidden_dim': 112, 'L1_layers_atom': 1, 'L1_layers_mol': 1, 'L1_dropout': 0.25047620892850314, 'L1_out_dim': 112, 'L2_hidden_dim': 176, 'L2_layers_atom': 1, 'L2_layers_mol': 3, 'L2_out_dim': 96, 'L2_dropout': 0.06955172453798542, 'L3_hidden_dim': 80, 'L3_layers_atom': 4, 'L3_layers_mol': 1, 'L3_out_dim': 112, 'L3_dropout': 0.04239179657558647, 'n_mlp_layers': 3, 'mlp_dim_0': 360, 'mlp_dim_1': 504, 'mlp_dim_2': 416, 'num_heads': 1, 'final_dropout': 0.07022745583591877, 'train_learning_rate': 0.002342126857615411, 'train_lr_reduce': 0.6}. Best is trial 2183 with value: 0.009310361929237843.
[I 2024-12-26 19:09:47,656] Trial 2213 finished with value: 0.01100466214120388 and parameters: {'L1_hidden_dim': 224, 'L1_layers_atom': 1, 'L1_layers_mol': 2, 'L1_dropout': 0.11580125252734565, 'L1_out_dim': 48, 'L2_hidden_dim': 112, 'L2_layers_atom': 2, 'L2_layers_mol': 1, 'L2_out_dim': 64, 'L2_dropout': 0.01478095550160886, 'L3_hidden_dim': 80, 'L3_layers_atom': 4, 'L3_layers_mol': 3, 'L3_out_dim': 96, 'L3_dropout': 0.16339074291432237, 'n_mlp_layers': 1, 'mlp_dim_0': 392, 'num_heads': 2, 'final_dropout': 0.2674187289788188, 'train_learning_rate': 0.00043460388312418764, 'train_lr_reduce': 0.6}. Best is trial 2183 with value: 0.009310361929237843.
[I 2024-12-26 19:11:34,942] Trial 2214 finished with value: 0.01801202818751335 and parameters: {'L1_hidden_dim': 144, 'L1_layers_atom': 1, 'L1_layers_mol': 3, 'L1_dropout': 0.21901016034625664, 'L1_out_dim': 96, 'L2_hidden_dim': 176, 'L2_layers_atom': 1, 'L2_layers_mol': 3, 'L2_out_dim': 96, 'L2_dropout': 0.03180494847322337, 'L3_hidden_dim': 64, 'L3_layers_atom': 3, 'L3_layers_mol': 1, 'L3_out_dim': 128, 'L3_dropout': 0.07744759908288222, 'n_mlp_layers': 3, 'mlp_dim_0': 416, 'mlp_dim_1': 504, 'mlp_dim_2': 352, 'num_heads': 1, 'final_dropout': 0.0746170270294238, 'train_learning_rate': 0.00014771024407153843, 'train_lr_reduce': 0.6}. Best is trial 2183 with value: 0.009310361929237843.
[I 2024-12-26 19:12:15,132] Trial 2216 finished with value: 0.014200742356479168 and parameters: {'L1_hidden_dim': 96, 'L1_layers_atom': 1, 'L1_layers_mol': 2, 'L1_dropout': 0.22887788893871133, 'L1_out_dim': 96, 'L2_hidden_dim': 208, 'L2_layers_atom': 2, 'L2_layers_mol': 3, 'L2_out_dim': 112, 'L2_dropout': 0.02215719763354102, 'L3_hidden_dim': 80, 'L3_layers_atom': 4, 'L3_layers_mol': 3, 'L3_out_dim': 128, 'L3_dropout': 0.1755077346112083, 'n_mlp_layers': 3, 'mlp_dim_0': 480, 'mlp_dim_1': 480, 'mlp_dim_2': 440, 'num_heads': 1, 'final_dropout': 0.11765761284033303, 'train_learning_rate': 0.0002117072928378882, 'train_lr_reduce': 0.6}. Best is trial 2183 with value: 0.009310361929237843.
[I 2024-12-26 19:12:44,876] Trial 2215 finished with value: 0.012723301537334919 and parameters: {'L1_hidden_dim': 64, 'L1_layers_atom': 3, 'L1_layers_mol': 1, 'L1_dropout': 0.0005335930712145644, 'L1_out_dim': 32, 'L2_hidden_dim': 192, 'L2_layers_atom': 1, 'L2_layers_mol': 4, 'L2_out_dim': 128, 'L2_dropout': 0.1312862363537345, 'L3_hidden_dim': 112, 'L3_layers_atom': 3, 'L3_layers_mol': 2, 'L3_out_dim': 112, 'L3_dropout': 0.0363677742577208, 'n_mlp_layers': 3, 'mlp_dim_0': 424, 'mlp_dim_1': 512, 'mlp_dim_2': 424, 'num_heads': 2, 'final_dropout': 0.024456521266218573, 'train_learning_rate': 0.00042394449045156477, 'train_lr_reduce': 0.6}. Best is trial 2183 with value: 0.009310361929237843.
[I 2024-12-26 19:14:06,258] Trial 2217 finished with value: 0.010820487514138222 and parameters: {'L1_hidden_dim': 80, 'L1_layers_atom': 2, 'L1_layers_mol': 2, 'L1_dropout': 0.019383681832341144, 'L1_out_dim': 32, 'L2_hidden_dim': 256, 'L2_layers_atom': 1, 'L2_layers_mol': 3, 'L2_out_dim': 112, 'L2_dropout': 0.0012950353032586126, 'L3_hidden_dim': 112, 'L3_layers_atom': 3, 'L3_layers_mol': 1, 'L3_out_dim': 96, 'L3_dropout': 0.03139496807782424, 'n_mlp_layers': 3, 'mlp_dim_0': 424, 'mlp_dim_1': 472, 'mlp_dim_2': 408, 'num_heads': 2, 'final_dropout': 0.031883075983094006, 'train_learning_rate': 0.0009486820702994726, 'train_lr_reduce': 0.6}. Best is trial 2183 with value: 0.009310361929237843.
[I 2024-12-26 19:14:16,240] Trial 2218 finished with value: 0.01003468781709671 and parameters: {'L1_hidden_dim': 112, 'L1_layers_atom': 1, 'L1_layers_mol': 1, 'L1_dropout': 0.0779759924798756, 'L1_out_dim': 48, 'L2_hidden_dim': 160, 'L2_layers_atom': 1, 'L2_layers_mol': 1, 'L2_out_dim': 128, 'L2_dropout': 0.002281456161514492, 'L3_hidden_dim': 112, 'L3_layers_atom': 3, 'L3_layers_mol': 1, 'L3_out_dim': 112, 'L3_dropout': 0.06567527837764303, 'n_mlp_layers': 3, 'mlp_dim_0': 440, 'mlp_dim_1': 464, 'mlp_dim_2': 368, 'num_heads': 1, 'final_dropout': 0.003935454114415292, 'train_learning_rate': 0.0009070352793467998, 'train_lr_reduce': 0.6}. Best is trial 2183 with value: 0.009310361929237843.
[I 2024-12-26 19:15:06,059] Trial 2219 finished with value: 0.013840705156326294 and parameters: {'L1_hidden_dim': 112, 'L1_layers_atom': 1, 'L1_layers_mol': 3, 'L1_dropout': 0.1473877619631726, 'L1_out_dim': 80, 'L2_hidden_dim': 176, 'L2_layers_atom': 1, 'L2_layers_mol': 2, 'L2_out_dim': 96, 'L2_dropout': 0.02253778937446437, 'L3_hidden_dim': 32, 'L3_layers_atom': 4, 'L3_layers_mol': 1, 'L3_out_dim': 112, 'L3_dropout': 0.07439276557092435, 'n_mlp_layers': 3, 'mlp_dim_0': 456, 'mlp_dim_1': 472, 'mlp_dim_2': 440, 'num_heads': 1, 'final_dropout': 0.01735037328355893, 'train_learning_rate': 0.0002664515022683772, 'train_lr_reduce': 0.6}. Best is trial 2183 with value: 0.009310361929237843.
[I 2024-12-26 19:16:21,921] Trial 2220 finished with value: 0.012187061831355095 and parameters: {'L1_hidden_dim': 128, 'L1_layers_atom': 1, 'L1_layers_mol': 3, 'L1_dropout': 0.03566223964091135, 'L1_out_dim': 48, 'L2_hidden_dim': 192, 'L2_layers_atom': 1, 'L2_layers_mol': 4, 'L2_out_dim': 112, 'L2_dropout': 0.053797362542994276, 'L3_hidden_dim': 64, 'L3_layers_atom': 4, 'L3_layers_mol': 1, 'L3_out_dim': 112, 'L3_dropout': 0.10424132204097836, 'n_mlp_layers': 3, 'mlp_dim_0': 392, 'mlp_dim_1': 512, 'mlp_dim_2': 376, 'num_heads': 2, 'final_dropout': 0.09833352917026866, 'train_learning_rate': 0.0006042637343050451, 'train_lr_reduce': 0.6}. Best is trial 2183 with value: 0.009310361929237843.
[I 2024-12-26 19:17:06,956] Trial 2221 finished with value: 0.011244715191423893 and parameters: {'L1_hidden_dim': 144, 'L1_layers_atom': 1, 'L1_layers_mol': 2, 'L1_dropout': 0.1952038088492345, 'L1_out_dim': 112, 'L2_hidden_dim': 128, 'L2_layers_atom': 1, 'L2_layers_mol': 2, 'L2_out_dim': 112, 'L2_dropout': 3.360391207949884e-05, 'L3_hidden_dim': 80, 'L3_layers_atom': 4, 'L3_layers_mol': 1, 'L3_out_dim': 112, 'L3_dropout': 0.06879935555031157, 'n_mlp_layers': 3, 'mlp_dim_0': 392, 'mlp_dim_1': 464, 'mlp_dim_2': 448, 'num_heads': 1, 'final_dropout': 0.054340426347876766, 'train_learning_rate': 0.0007899012441378197, 'train_lr_reduce': 0.6}. Best is trial 2183 with value: 0.009310361929237843.
[I 2024-12-26 19:17:18,155] Trial 2222 finished with value: 0.01097261905670166 and parameters: {'L1_hidden_dim': 96, 'L1_layers_atom': 2, 'L1_layers_mol': 1, 'L1_dropout': 0.11389623204929965, 'L1_out_dim': 64, 'L2_hidden_dim': 160, 'L2_layers_atom': 1, 'L2_layers_mol': 1, 'L2_out_dim': 112, 'L2_dropout': 0.030433272527877364, 'L3_hidden_dim': 112, 'L3_layers_atom': 4, 'L3_layers_mol': 2, 'L3_out_dim': 128, 'L3_dropout': 0.021133184214910332, 'n_mlp_layers': 3, 'mlp_dim_0': 280, 'mlp_dim_1': 512, 'mlp_dim_2': 448, 'num_heads': 2, 'final_dropout': 0.00986498140069441, 'train_learning_rate': 0.0006893505847682405, 'train_lr_reduce': 0.6}. Best is trial 2183 with value: 0.009310361929237843.
[I 2024-12-26 19:18:11,377] Trial 2223 finished with value: 0.09455148130655289 and parameters: {'L1_hidden_dim': 192, 'L1_layers_atom': 4, 'L1_layers_mol': 1, 'L1_dropout': 0.2857181051839136, 'L1_out_dim': 64, 'L2_hidden_dim': 208, 'L2_layers_atom': 1, 'L2_layers_mol': 4, 'L2_out_dim': 128, 'L2_dropout': 0.13600367616490275, 'L3_hidden_dim': 48, 'L3_layers_atom': 2, 'L3_layers_mol': 2, 'L3_out_dim': 112, 'L3_dropout': 0.20865765322024846, 'n_mlp_layers': 2, 'mlp_dim_0': 264, 'mlp_dim_1': 504, 'num_heads': 1, 'final_dropout': 0.030272627253753487, 'train_learning_rate': 0.007988155219332846, 'train_lr_reduce': 0.6}. Best is trial 2183 with value: 0.009310361929237843.
[I 2024-12-26 19:19:32,987] Trial 2225 finished with value: 0.015160993672907352 and parameters: {'L1_hidden_dim': 96, 'L1_layers_atom': 1, 'L1_layers_mol': 1, 'L1_dropout': 0.16417298261244354, 'L1_out_dim': 96, 'L2_hidden_dim': 160, 'L2_layers_atom': 2, 'L2_layers_mol': 2, 'L2_out_dim': 128, 'L2_dropout': 0.06874956758464038, 'L3_hidden_dim': 96, 'L3_layers_atom': 4, 'L3_layers_mol': 1, 'L3_out_dim': 112, 'L3_dropout': 0.12329134761911713, 'n_mlp_layers': 2, 'mlp_dim_0': 408, 'mlp_dim_1': 432, 'num_heads': 1, 'final_dropout': 0.12064901058153717, 'train_learning_rate': 0.0005340298918458991, 'train_lr_reduce': 0.6}. Best is trial 2183 with value: 0.009310361929237843.
[I 2024-12-26 19:20:37,038] Trial 2226 finished with value: 0.025457242503762245 and parameters: {'L1_hidden_dim': 112, 'L1_layers_atom': 2, 'L1_layers_mol': 1, 'L1_dropout': 0.1777549291892039, 'L1_out_dim': 112, 'L2_hidden_dim': 128, 'L2_layers_atom': 1, 'L2_layers_mol': 2, 'L2_out_dim': 112, 'L2_dropout': 0.03923518986842802, 'L3_hidden_dim': 80, 'L3_layers_atom': 4, 'L3_layers_mol': 1, 'L3_out_dim': 112, 'L3_dropout': 0.002073948524177499, 'n_mlp_layers': 3, 'mlp_dim_0': 472, 'mlp_dim_1': 456, 'mlp_dim_2': 440, 'num_heads': 1, 'final_dropout': 0.10668878858989912, 'train_learning_rate': 0.00014377232296225567, 'train_lr_reduce': 0.6}. Best is trial 2183 with value: 0.009310361929237843.
[I 2024-12-26 19:20:52,767] Trial 2224 finished with value: 0.016155214980244637 and parameters: {'L1_hidden_dim': 176, 'L1_layers_atom': 3, 'L1_layers_mol': 1, 'L1_dropout': 0.036760544232306736, 'L1_out_dim': 96, 'L2_hidden_dim': 240, 'L2_layers_atom': 1, 'L2_layers_mol': 3, 'L2_out_dim': 64, 'L2_dropout': 0.045722383229350655, 'L3_hidden_dim': 96, 'L3_layers_atom': 4, 'L3_layers_mol': 1, 'L3_out_dim': 112, 'L3_dropout': 0.06515440887397315, 'n_mlp_layers': 3, 'mlp_dim_0': 504, 'mlp_dim_1': 464, 'mlp_dim_2': 400, 'num_heads': 2, 'final_dropout': 0.022447359320240143, 'train_learning_rate': 0.001383489866684912, 'train_lr_reduce': 0.6}. Best is trial 2183 with value: 0.009310361929237843.
[I 2024-12-26 19:22:28,279] Trial 2227 finished with value: 0.027868272736668587 and parameters: {'L1_hidden_dim': 160, 'L1_layers_atom': 2, 'L1_layers_mol': 3, 'L1_dropout': 0.25344521303600764, 'L1_out_dim': 64, 'L2_hidden_dim': 144, 'L2_layers_atom': 1, 'L2_layers_mol': 4, 'L2_out_dim': 32, 'L2_dropout': 0.12081409652695621, 'L3_hidden_dim': 112, 'L3_layers_atom': 1, 'L3_layers_mol': 2, 'L3_out_dim': 32, 'L3_dropout': 0.11698913942253386, 'n_mlp_layers': 1, 'mlp_dim_0': 416, 'num_heads': 1, 'final_dropout': 0.10223040447437082, 'train_learning_rate': 0.001864973123631487, 'train_lr_reduce': 0.6}. Best is trial 2183 with value: 0.009310361929237843.
[I 2024-12-26 19:23:32,072] Trial 2228 finished with value: 0.01652153953909874 and parameters: {'L1_hidden_dim': 80, 'L1_layers_atom': 4, 'L1_layers_mol': 3, 'L1_dropout': 0.046825965143840756, 'L1_out_dim': 80, 'L2_hidden_dim': 144, 'L2_layers_atom': 4, 'L2_layers_mol': 2, 'L2_out_dim': 128, 'L2_dropout': 0.04696089799642218, 'L3_hidden_dim': 112, 'L3_layers_atom': 2, 'L3_layers_mol': 3, 'L3_out_dim': 128, 'L3_dropout': 0.17064086456836078, 'n_mlp_layers': 1, 'mlp_dim_0': 456, 'num_heads': 2, 'final_dropout': 0.2833879375841518, 'train_learning_rate': 0.0015916793412366211, 'train_lr_reduce': 0.6}. Best is trial 2183 with value: 0.009310361929237843.
