[I 2024-12-19 09:01:49,829] Trial 2477 finished with value: 1.5758824348449707 and parameters: {'mlp_n_layers': 4, 'mlp_dim_00': 303, 'mlp_dim_01': 246, 'mlp_dim_02': 200, 'mlp_dim_03': 153, 'node_hidden_dim': 125, 'edge_hidden_dim': 95, 'depth': 4, 'rep_dropout': 0.03694367896609779, 'train_learning_rate': 0.00043783760887064374, 'train_lr_reduce': 0.6}. Best is trial 1483 with value: 0.2768918573856354.
[I 2024-12-19 09:01:54,542] Trial 2479 finished with value: 1.3329310417175293 and parameters: {'mlp_n_layers': 3, 'mlp_dim_00': 208, 'mlp_dim_01': 194, 'mlp_dim_02': 177, 'node_hidden_dim': 112, 'edge_hidden_dim': 38, 'depth': 2, 'rep_dropout': 0.17657023475861822, 'train_learning_rate': 0.0057955384147621875, 'train_lr_reduce': 0.6}. Best is trial 1483 with value: 0.2768918573856354.
[I 2024-12-19 09:01:54,918] Trial 2478 finished with value: 1.3749748468399048 and parameters: {'mlp_n_layers': 2, 'mlp_dim_00': 429, 'mlp_dim_01': 223, 'node_hidden_dim': 59, 'edge_hidden_dim': 101, 'depth': 2, 'rep_dropout': 0.0938948080717563, 'train_learning_rate': 0.007601510944432815, 'train_lr_reduce': 0.6}. Best is trial 1483 with value: 0.2768918573856354.
[I 2024-12-19 09:01:59,357] Trial 2480 finished with value: 1.290837287902832 and parameters: {'mlp_n_layers': 2, 'mlp_dim_00': 386, 'mlp_dim_01': 225, 'node_hidden_dim': 81, 'edge_hidden_dim': 109, 'depth': 2, 'rep_dropout': 0.06856875737398352, 'train_learning_rate': 0.007931413797826262, 'train_lr_reduce': 0.6}. Best is trial 1483 with value: 0.2768918573856354.
[I 2024-12-19 09:01:59,999] Trial 2481 finished with value: 1.3179206848144531 and parameters: {'mlp_n_layers': 2, 'mlp_dim_00': 351, 'mlp_dim_01': 88, 'node_hidden_dim': 81, 'edge_hidden_dim': 97, 'depth': 3, 'rep_dropout': 0.0866067293451556, 'train_learning_rate': 0.0046750304995404005, 'train_lr_reduce': 0.6}. Best is trial 1483 with value: 0.2768918573856354.
[I 2024-12-19 09:02:00,683] Trial 2476 finished with value: 0.662361741065979 and parameters: {'mlp_n_layers': 3, 'mlp_dim_00': 162, 'mlp_dim_01': 496, 'mlp_dim_02': 512, 'node_hidden_dim': 125, 'edge_hidden_dim': 113, 'depth': 2, 'rep_dropout': 0.09981567073429749, 'train_learning_rate': 0.0022057505470306957, 'train_lr_reduce': 0.6}. Best is trial 1483 with value: 0.2768918573856354.
[I 2024-12-19 09:02:04,341] Trial 2482 finished with value: 1.3109450340270996 and parameters: {'mlp_n_layers': 2, 'mlp_dim_00': 417, 'mlp_dim_01': 201, 'node_hidden_dim': 68, 'edge_hidden_dim': 91, 'depth': 3, 'rep_dropout': 0.12924100446211353, 'train_learning_rate': 0.007602409718524318, 'train_lr_reduce': 0.6}. Best is trial 1483 with value: 0.2768918573856354.
[I 2024-12-19 09:02:05,369] Trial 2484 finished with value: 1.2898088693618774 and parameters: {'mlp_n_layers': 3, 'mlp_dim_00': 229, 'mlp_dim_01': 380, 'mlp_dim_02': 512, 'node_hidden_dim': 99, 'edge_hidden_dim': 85, 'depth': 2, 'rep_dropout': 0.052198432391833485, 'train_learning_rate': 0.009502792352870335, 'train_lr_reduce': 0.6}. Best is trial 1483 with value: 0.2768918573856354.
[I 2024-12-19 09:02:06,404] Trial 2483 finished with value: 1.4920138120651245 and parameters: {'mlp_n_layers': 3, 'mlp_dim_00': 211, 'mlp_dim_01': 101, 'mlp_dim_02': 478, 'node_hidden_dim': 120, 'edge_hidden_dim': 32, 'depth': 2, 'rep_dropout': 0.027100615521723395, 'train_learning_rate': 0.008544815328749416, 'train_lr_reduce': 0.6}. Best is trial 1483 with value: 0.2768918573856354.
[I 2024-12-19 09:02:09,225] Trial 2485 finished with value: 1.299565076828003 and parameters: {'mlp_n_layers': 2, 'mlp_dim_00': 511, 'mlp_dim_01': 372, 'node_hidden_dim': 128, 'edge_hidden_dim': 95, 'depth': 2, 'rep_dropout': 0.1636750188358207, 'train_learning_rate': 0.0035719481412173734, 'train_lr_reduce': 0.6}. Best is trial 1483 with value: 0.2768918573856354.
[I 2024-12-19 09:02:10,710] Trial 2486 finished with value: 1.5681605339050293 and parameters: {'mlp_n_layers': 4, 'mlp_dim_00': 66, 'mlp_dim_01': 346, 'mlp_dim_02': 207, 'mlp_dim_03': 231, 'node_hidden_dim': 49, 'edge_hidden_dim': 42, 'depth': 2, 'rep_dropout': 0.11114430793536965, 'train_learning_rate': 0.00022713173507263635, 'train_lr_reduce': 0.6}. Best is trial 1483 with value: 0.2768918573856354.
[I 2024-12-19 09:02:11,820] Trial 2487 finished with value: 1.5856043100357056 and parameters: {'mlp_n_layers': 3, 'mlp_dim_00': 157, 'mlp_dim_01': 66, 'mlp_dim_02': 468, 'node_hidden_dim': 47, 'edge_hidden_dim': 122, 'depth': 3, 'rep_dropout': 0.06815823593716258, 'train_learning_rate': 0.00011327908736712071, 'train_lr_reduce': 0.6}. Best is trial 1483 with value: 0.2768918573856354.
[I 2024-12-19 09:02:16,115] Trial 2489 finished with value: 1.572762131690979 and parameters: {'mlp_n_layers': 2, 'mlp_dim_00': 74, 'mlp_dim_01': 228, 'node_hidden_dim': 104, 'edge_hidden_dim': 87, 'depth': 2, 'rep_dropout': 0.18353226637572256, 'train_learning_rate': 0.0002734320215547409, 'train_lr_reduce': 0.6}. Best is trial 1483 with value: 0.2768918573856354.
[I 2024-12-19 09:02:20,586] Trial 2491 finished with value: 1.3256603479385376 and parameters: {'mlp_n_layers': 2, 'mlp_dim_00': 396, 'mlp_dim_01': 128, 'node_hidden_dim': 82, 'edge_hidden_dim': 123, 'depth': 2, 'rep_dropout': 0.06864730508105163, 'train_learning_rate': 0.0022784256950643964, 'train_lr_reduce': 0.6}. Best is trial 1483 with value: 0.2768918573856354.
[I 2024-12-19 09:02:24,429] Trial 2488 finished with value: 0.4686688780784607 and parameters: {'mlp_n_layers': 2, 'mlp_dim_00': 469, 'mlp_dim_01': 113, 'node_hidden_dim': 67, 'edge_hidden_dim': 96, 'depth': 2, 'rep_dropout': 0.06496408934868482, 'train_learning_rate': 0.008466271962977855, 'train_lr_reduce': 0.6}. Best is trial 1483 with value: 0.2768918573856354.
[I 2024-12-19 09:02:25,945] Trial 2492 finished with value: 1.5697593688964844 and parameters: {'mlp_n_layers': 3, 'mlp_dim_00': 286, 'mlp_dim_01': 205, 'mlp_dim_02': 234, 'node_hidden_dim': 58, 'edge_hidden_dim': 53, 'depth': 3, 'rep_dropout': 0.06463414495001185, 'train_learning_rate': 0.00016890814155295236, 'train_lr_reduce': 0.6}. Best is trial 1483 with value: 0.2768918573856354.
[I 2024-12-19 09:02:29,787] Trial 2490 finished with value: 0.512593686580658 and parameters: {'mlp_n_layers': 3, 'mlp_dim_00': 269, 'mlp_dim_01': 69, 'mlp_dim_02': 157, 'node_hidden_dim': 103, 'edge_hidden_dim': 41, 'depth': 3, 'rep_dropout': 0.1218461699568503, 'train_learning_rate': 0.008493126757928317, 'train_lr_reduce': 0.6}. Best is trial 1483 with value: 0.2768918573856354.
[I 2024-12-19 09:02:30,100] Trial 2493 finished with value: 1.464821696281433 and parameters: {'mlp_n_layers': 3, 'mlp_dim_00': 193, 'mlp_dim_01': 102, 'mlp_dim_02': 451, 'node_hidden_dim': 87, 'edge_hidden_dim': 40, 'depth': 3, 'rep_dropout': 0.1748000711817263, 'train_learning_rate': 0.002622428659394201, 'train_lr_reduce': 0.6}. Best is trial 1483 with value: 0.2768918573856354.
[I 2024-12-19 09:02:32,118] Trial 2494 finished with value: 1.2921314239501953 and parameters: {'mlp_n_layers': 2, 'mlp_dim_00': 202, 'mlp_dim_01': 96, 'node_hidden_dim': 126, 'edge_hidden_dim': 65, 'depth': 3, 'rep_dropout': 0.04988912714017621, 'train_learning_rate': 0.008953182939317947, 'train_lr_reduce': 0.6}. Best is trial 1483 with value: 0.2768918573856354.
[I 2024-12-19 09:02:37,370] Trial 2497 finished with value: 1.3617924451828003 and parameters: {'mlp_n_layers': 2, 'mlp_dim_00': 481, 'mlp_dim_01': 129, 'node_hidden_dim': 84, 'edge_hidden_dim': 115, 'depth': 2, 'rep_dropout': 0.09231058334272137, 'train_learning_rate': 0.004194427082796336, 'train_lr_reduce': 0.6}. Best is trial 1483 with value: 0.2768918573856354.
[I 2024-12-19 09:02:38,956] Trial 2496 finished with value: 1.581850528717041 and parameters: {'mlp_n_layers': 2, 'mlp_dim_00': 199, 'mlp_dim_01': 347, 'node_hidden_dim': 38, 'edge_hidden_dim': 76, 'depth': 3, 'rep_dropout': 0.12273315797217735, 'train_learning_rate': 0.00013404788226324186, 'train_lr_reduce': 0.6}. Best is trial 1483 with value: 0.2768918573856354.
[I 2024-12-19 09:02:43,909] Trial 2495 finished with value: 0.4905419945716858 and parameters: {'mlp_n_layers': 4, 'mlp_dim_00': 255, 'mlp_dim_01': 175, 'mlp_dim_02': 478, 'mlp_dim_03': 108, 'node_hidden_dim': 64, 'edge_hidden_dim': 75, 'depth': 2, 'rep_dropout': 0.21194631273692693, 'train_learning_rate': 0.007267053617295589, 'train_lr_reduce': 0.6}. Best is trial 1483 with value: 0.2768918573856354.
[I 2024-12-19 09:02:46,092] Trial 2499 finished with value: 1.0914230346679688 and parameters: {'mlp_n_layers': 2, 'mlp_dim_00': 101, 'mlp_dim_01': 237, 'node_hidden_dim': 88, 'edge_hidden_dim': 77, 'depth': 2, 'rep_dropout': 0.03318751849806703, 'train_learning_rate': 0.009403452513645133, 'train_lr_reduce': 0.6}. Best is trial 1483 with value: 0.2768918573856354.
[I 2024-12-19 09:02:50,813] Trial 2498 finished with value: 0.3718111217021942 and parameters: {'mlp_n_layers': 2, 'mlp_dim_00': 385, 'mlp_dim_01': 181, 'node_hidden_dim': 88, 'edge_hidden_dim': 92, 'depth': 2, 'rep_dropout': 0.12046704159816635, 'train_learning_rate': 0.00716213678650436, 'train_lr_reduce': 0.6}. Best is trial 1483 with value: 0.2768918573856354.
/zhome/b1/0/88900/miniconda3/envs/critprops/lib/python3.9/site-packages/torch/_utils.py:831: UserWarning: TypedStorage is deprecated. It will be removed in the future and UntypedStorage will be the only storage class. This should only matter to you if you are using storages directly.  To access UntypedStorage directly, use tensor.untyped_storage() instead of tensor.storage()
  return self.fget.__get__(instance, owner)()
