[I 2024-12-04 16:17:55,873] Using an existing study with name 'Vc_xgb' instead of creating a new one.
[I 2024-12-04 16:18:03,847] Trial 276 finished with value: 0.2613104885515605 and parameters: {'n_estimators': 686, 'max_depth': 8, 'learning_rate': 0.08633832960462945, 'subsample': 0.7190884333596892, 'colsample_bytree': 0.5223857972848166, 'min_child_weight': 1, 'gamma': 0.0013337548002893948, 'reg_alpha': 2.415272834668873e-05, 'reg_lambda': 3.268001707667378e-05}. Best is trial 255 with value: 0.2430312101440814.
[I 2024-12-04 16:18:05,237] Trial 290 finished with value: 0.26169753985297467 and parameters: {'n_estimators': 762, 'max_depth': 5, 'learning_rate': 0.07160554705899475, 'subsample': 0.7330410953020531, 'colsample_bytree': 0.6066543927056343, 'min_child_weight': 1, 'gamma': 6.974357009168051e-05, 'reg_alpha': 6.105472895272755e-05, 'reg_lambda': 3.2486578369795226e-05}. Best is trial 255 with value: 0.2430312101440814.
[I 2024-12-04 16:18:05,480] Trial 286 finished with value: 0.2676603044032588 and parameters: {'n_estimators': 551, 'max_depth': 4, 'learning_rate': 0.079769518510908, 'subsample': 0.7250048164729737, 'colsample_bytree': 0.5811871766503469, 'min_child_weight': 1, 'gamma': 0.0013792544383168783, 'reg_alpha': 1.1369968030982441e-05, 'reg_lambda': 0.00042397517888133194}. Best is trial 255 with value: 0.2430312101440814.
[I 2024-12-04 16:18:06,093] Trial 288 finished with value: 0.25571425633073824 and parameters: {'n_estimators': 822, 'max_depth': 4, 'learning_rate': 0.08774160236723859, 'subsample': 0.7352926708698087, 'colsample_bytree': 0.5896284446253873, 'min_child_weight': 1, 'gamma': 0.00033672066591857206, 'reg_alpha': 4.146268310520903e-05, 'reg_lambda': 1.2546108424511343e-05}. Best is trial 255 with value: 0.2430312101440814.
[I 2024-12-04 16:18:06,880] Trial 279 finished with value: 0.26481023945182924 and parameters: {'n_estimators': 707, 'max_depth': 4, 'learning_rate': 0.07369248650040515, 'subsample': 0.7532033242151348, 'colsample_bytree': 0.5696092075715768, 'min_child_weight': 1, 'gamma': 0.00023163153702352677, 'reg_alpha': 1.647650950114808e-05, 'reg_lambda': 3.3946861414017485e-05}. Best is trial 255 with value: 0.2430312101440814.
[I 2024-12-04 16:18:06,988] Trial 287 finished with value: 0.27766946335108894 and parameters: {'n_estimators': 808, 'max_depth': 7, 'learning_rate': 0.08197427063840976, 'subsample': 0.7014173192514352, 'colsample_bytree': 0.5690128853578185, 'min_child_weight': 1, 'gamma': 0.0003060001862165676, 'reg_alpha': 1.1763256174431004e-05, 'reg_lambda': 1.0213583464487657e-05}. Best is trial 255 with value: 0.2430312101440814.
[I 2024-12-04 16:18:07,181] Trial 295 finished with value: 0.2551006256332596 and parameters: {'n_estimators': 876, 'max_depth': 5, 'learning_rate': 0.07794388023766351, 'subsample': 0.7502938927730868, 'colsample_bytree': 0.5412597822402061, 'min_child_weight': 1, 'gamma': 6.222512463366834e-05, 'reg_alpha': 3.327318654324578e-05, 'reg_lambda': 2.8739473455428956e-05}. Best is trial 255 with value: 0.2430312101440814.
[I 2024-12-04 16:18:07,556] Trial 289 finished with value: 0.2625754377013386 and parameters: {'n_estimators': 533, 'max_depth': 6, 'learning_rate': 0.0800002288582754, 'subsample': 0.7165602473325445, 'colsample_bytree': 0.5276883073781655, 'min_child_weight': 1, 'gamma': 0.00037460185568389474, 'reg_alpha': 1.7352828906082762e-05, 'reg_lambda': 2.4102290838742274e-05}. Best is trial 255 with value: 0.2430312101440814.
[I 2024-12-04 16:18:07,780] Trial 281 finished with value: 0.27305948640517375 and parameters: {'n_estimators': 658, 'max_depth': 6, 'learning_rate': 0.08416719189136486, 'subsample': 0.7068765165118022, 'colsample_bytree': 0.6138616822424164, 'min_child_weight': 1, 'gamma': 0.0003184060333857732, 'reg_alpha': 4.0839588209024396e-05, 'reg_lambda': 6.42200776951325e-05}. Best is trial 255 with value: 0.2430312101440814.
[I 2024-12-04 16:18:08,194] Trial 305 finished with value: 0.25387955942196927 and parameters: {'n_estimators': 817, 'max_depth': 5, 'learning_rate': 0.07277028761347448, 'subsample': 0.7139719115527887, 'colsample_bytree': 0.5722049164264235, 'min_child_weight': 1, 'gamma': 3.823764954310252e-05, 'reg_alpha': 2.3001062737841203e-05, 'reg_lambda': 0.0002664957367834136}. Best is trial 255 with value: 0.2430312101440814.
[I 2024-12-04 16:18:08,313] Trial 292 finished with value: 0.267613240481337 and parameters: {'n_estimators': 789, 'max_depth': 6, 'learning_rate': 0.08469567126792311, 'subsample': 0.7546063194013313, 'colsample_bytree': 0.5962082106273132, 'min_child_weight': 1, 'gamma': 3.164868589996111e-05, 'reg_alpha': 1.8512670697838672e-05, 'reg_lambda': 0.00024356791791002884}. Best is trial 255 with value: 0.2430312101440814.
[I 2024-12-04 16:18:08,536] Trial 293 finished with value: 0.264524903608393 and parameters: {'n_estimators': 758, 'max_depth': 6, 'learning_rate': 0.07728905946003689, 'subsample': 0.7079640029339065, 'colsample_bytree': 0.5717235593175225, 'min_child_weight': 1, 'gamma': 0.000730853348804972, 'reg_alpha': 1.141750060043953e-05, 'reg_lambda': 8.211425260389695e-05}. Best is trial 255 with value: 0.2430312101440814.
[I 2024-12-04 16:18:09,004] Trial 285 finished with value: 0.3613736064289756 and parameters: {'n_estimators': 436, 'max_depth': 6, 'learning_rate': 0.0887741477144357, 'subsample': 0.7001835316509822, 'colsample_bytree': 0.5521495242312433, 'min_child_weight': 2, 'gamma': 1.2213468109687189e-05, 'reg_alpha': 4.666760171003777e-05, 'reg_lambda': 0.00010675210195290748}. Best is trial 255 with value: 0.2430312101440814.
[I 2024-12-04 16:18:09,348] Trial 280 finished with value: 0.2525278650863834 and parameters: {'n_estimators': 644, 'max_depth': 5, 'learning_rate': 0.09718770113532804, 'subsample': 0.7283879480361549, 'colsample_bytree': 0.5146865794298088, 'min_child_weight': 1, 'gamma': 0.00025835663032083476, 'reg_alpha': 2.05409147319934e-05, 'reg_lambda': 0.00011919833470472535}. Best is trial 255 with value: 0.2430312101440814.
[I 2024-12-04 16:18:09,350] Trial 278 finished with value: 0.24628867638119167 and parameters: {'n_estimators': 874, 'max_depth': 5, 'learning_rate': 0.08562215602386922, 'subsample': 0.7109793479810856, 'colsample_bytree': 0.580361516445398, 'min_child_weight': 1, 'gamma': 3.301309810927796e-05, 'reg_alpha': 9.415071172556954e-05, 'reg_lambda': 2.1215462248617194e-05}. Best is trial 255 with value: 0.2430312101440814.
[I 2024-12-04 16:18:09,442] Trial 299 finished with value: 0.3355565616993679 and parameters: {'n_estimators': 647, 'max_depth': 4, 'learning_rate': 0.09627812294835189, 'subsample': 0.7040048033132328, 'colsample_bytree': 0.5086483856996421, 'min_child_weight': 2, 'gamma': 0.00014791544426726386, 'reg_alpha': 2.573780639645167e-05, 'reg_lambda': 9.264931221726586e-05}. Best is trial 255 with value: 0.2430312101440814.
[I 2024-12-04 16:18:09,950] Trial 306 finished with value: 0.2552448910590863 and parameters: {'n_estimators': 628, 'max_depth': 5, 'learning_rate': 0.08115309112658352, 'subsample': 0.7065757443870728, 'colsample_bytree': 0.5897277483882376, 'min_child_weight': 1, 'gamma': 0.00010179116750652172, 'reg_alpha': 3.310575674677044e-05, 'reg_lambda': 4.581183783690016e-05}. Best is trial 255 with value: 0.2430312101440814.
[I 2024-12-04 16:18:10,584] Trial 283 finished with value: 0.25170402483591187 and parameters: {'n_estimators': 897, 'max_depth': 6, 'learning_rate': 0.09973493691169898, 'subsample': 0.7679559363816241, 'colsample_bytree': 0.5023563046608008, 'min_child_weight': 1, 'gamma': 3.962966016785125e-05, 'reg_alpha': 1.1540790066825478e-05, 'reg_lambda': 3.132888406398381e-05}. Best is trial 255 with value: 0.2430312101440814.
[I 2024-12-04 16:18:10,860] Trial 284 finished with value: 0.3388027208976564 and parameters: {'n_estimators': 780, 'max_depth': 5, 'learning_rate': 0.07648665743332717, 'subsample': 0.7276326092627569, 'colsample_bytree': 0.5090217919127858, 'min_child_weight': 2, 'gamma': 0.00012337947453900766, 'reg_alpha': 1.3871561368505307e-05, 'reg_lambda': 4.51985614225469e-05}. Best is trial 255 with value: 0.2430312101440814.
[I 2024-12-04 16:18:12,126] Trial 307 finished with value: 0.3247099220727819 and parameters: {'n_estimators': 596, 'max_depth': 5, 'learning_rate': 0.09213669758995612, 'subsample': 0.748992468997095, 'colsample_bytree': 0.5009040600166198, 'min_child_weight': 2, 'gamma': 0.00016220178263328866, 'reg_alpha': 1.3965132254256853e-05, 'reg_lambda': 1.578782040774895e-05}. Best is trial 255 with value: 0.2430312101440814.
[I 2024-12-04 16:18:12,676] Trial 297 finished with value: 0.2635570556602411 and parameters: {'n_estimators': 734, 'max_depth': 4, 'learning_rate': 0.0610293809339744, 'subsample': 0.7120151452637462, 'colsample_bytree': 0.5330012056857252, 'min_child_weight': 1, 'gamma': 7.366805464453683e-05, 'reg_alpha': 1.8145797839602452e-05, 'reg_lambda': 1.5591614944142506e-05}. Best is trial 255 with value: 0.2430312101440814.
[I 2024-12-04 16:18:13,922] Trial 300 finished with value: 0.25442403361694793 and parameters: {'n_estimators': 807, 'max_depth': 6, 'learning_rate': 0.09525476742793111, 'subsample': 0.7327605647857544, 'colsample_bytree': 0.5285853300585243, 'min_child_weight': 1, 'gamma': 0.00026703053664388425, 'reg_alpha': 1.4864421709388747e-05, 'reg_lambda': 0.00021676937230936336}. Best is trial 255 with value: 0.2430312101440814.
[I 2024-12-04 16:18:14,133] Trial 291 finished with value: 0.25115855351614463 and parameters: {'n_estimators': 707, 'max_depth': 5, 'learning_rate': 0.09957025115286983, 'subsample': 0.7537914629773057, 'colsample_bytree': 0.5385948092323809, 'min_child_weight': 1, 'gamma': 0.0002302416553011164, 'reg_alpha': 2.145446064543031e-05, 'reg_lambda': 4.8597466130357887e-05}. Best is trial 255 with value: 0.2430312101440814.
[I 2024-12-04 16:18:14,521] Trial 303 finished with value: 0.3437977948606542 and parameters: {'n_estimators': 766, 'max_depth': 6, 'learning_rate': 0.06607430274996402, 'subsample': 0.7384538860320655, 'colsample_bytree': 0.5488641546762845, 'min_child_weight': 2, 'gamma': 3.618714488251162e-05, 'reg_alpha': 1.4024062176939202e-05, 'reg_lambda': 2.838717397172553e-05}. Best is trial 255 with value: 0.2430312101440814.
[I 2024-12-04 16:18:14,878] Trial 298 finished with value: 0.25361119672654026 and parameters: {'n_estimators': 688, 'max_depth': 6, 'learning_rate': 0.08349390796429271, 'subsample': 0.7030525031151624, 'colsample_bytree': 0.5096976791797151, 'min_child_weight': 1, 'gamma': 2.2411455278197357e-05, 'reg_alpha': 2.528913079218496e-05, 'reg_lambda': 4.265467609045145e-05}. Best is trial 255 with value: 0.2430312101440814.
[I 2024-12-04 16:18:15,829] Trial 301 finished with value: 0.2530357066928214 and parameters: {'n_estimators': 805, 'max_depth': 7, 'learning_rate': 0.07518359578682263, 'subsample': 0.7241989593564457, 'colsample_bytree': 0.533522450651597, 'min_child_weight': 1, 'gamma': 5.382138475505025e-05, 'reg_alpha': 2.082167787200038e-05, 'reg_lambda': 0.0002837087816295922}. Best is trial 255 with value: 0.2430312101440814.
[I 2024-12-04 16:18:15,894] Trial 304 finished with value: 0.2621552862972512 and parameters: {'n_estimators': 384, 'max_depth': 6, 'learning_rate': 0.08603158436701057, 'subsample': 0.729470721617761, 'colsample_bytree': 0.5020183444483934, 'min_child_weight': 1, 'gamma': 0.00044439823263551684, 'reg_alpha': 2.2975808785404968e-05, 'reg_lambda': 1.3321682967899845e-05}. Best is trial 255 with value: 0.2430312101440814.
[I 2024-12-04 16:18:17,329] Trial 277 finished with value: 0.2559380472669312 and parameters: {'n_estimators': 761, 'max_depth': 6, 'learning_rate': 0.09309535080413603, 'subsample': 0.7329532739385491, 'colsample_bytree': 0.562019987740221, 'min_child_weight': 1, 'gamma': 1.5326158028197982e-05, 'reg_alpha': 1.0140071902723279e-05, 'reg_lambda': 1.404665270040081e-05}. Best is trial 255 with value: 0.2430312101440814.
[I 2024-12-04 16:18:17,371] Trial 309 finished with value: 0.27063950627541566 and parameters: {'n_estimators': 929, 'max_depth': 7, 'learning_rate': 0.08438364993081496, 'subsample': 0.7144268769482047, 'colsample_bytree': 0.5799868046508393, 'min_child_weight': 1, 'gamma': 5.1353178900771084e-05, 'reg_alpha': 1.9594349079101023e-05, 'reg_lambda': 0.0004366501973108159}. Best is trial 255 with value: 0.2430312101440814.
[I 2024-12-04 16:18:17,694] Trial 294 finished with value: 0.2616897297345755 and parameters: {'n_estimators': 432, 'max_depth': 5, 'learning_rate': 0.09746196990305106, 'subsample': 0.7058577437094057, 'colsample_bytree': 0.5625738184288187, 'min_child_weight': 1, 'gamma': 0.0005155267259770258, 'reg_alpha': 2.2610438900329372e-05, 'reg_lambda': 1.1036984342538495e-05}. Best is trial 255 with value: 0.2430312101440814.
[I 2024-12-04 16:18:17,744] Trial 282 finished with value: 0.3386114207129294 and parameters: {'n_estimators': 910, 'max_depth': 7, 'learning_rate': 0.0929389670050651, 'subsample': 0.7232677104970514, 'colsample_bytree': 0.5360577477820542, 'min_child_weight': 2, 'gamma': 0.00013700202279084275, 'reg_alpha': 4.286381340044637e-05, 'reg_lambda': 4.371533971674066e-05}. Best is trial 255 with value: 0.2430312101440814.
[I 2024-12-04 16:18:17,932] Trial 308 finished with value: 0.27513637844076605 and parameters: {'n_estimators': 701, 'max_depth': 7, 'learning_rate': 0.09150022491714364, 'subsample': 0.7371742791631561, 'colsample_bytree': 0.6269965140412143, 'min_child_weight': 1, 'gamma': 0.00020590333625259186, 'reg_alpha': 1.4163920978453761e-05, 'reg_lambda': 5.760056086570088e-05}. Best is trial 255 with value: 0.2430312101440814.
[I 2024-12-04 16:18:18,322] Trial 312 finished with value: 0.2838745280079795 and parameters: {'n_estimators': 462, 'max_depth': 6, 'learning_rate': 0.05691496997256926, 'subsample': 0.7471084623774271, 'colsample_bytree': 0.5994452048308041, 'min_child_weight': 1, 'gamma': 0.00283174047539002, 'reg_alpha': 4.791281921700449e-05, 'reg_lambda': 1.1602979118135207e-05}. Best is trial 302 with value: 0.24300377426715497.
[I 2024-12-04 16:18:19,219] Trial 296 finished with value: 0.2631050481645492 and parameters: {'n_estimators': 814, 'max_depth': 3, 'learning_rate': 0.09190074811155786, 'subsample': 0.7205091819378173, 'colsample_bytree': 0.5336608425682967, 'min_child_weight': 1, 'gamma': 0.00012207005552002143, 'reg_alpha': 3.5694423593986514e-05, 'reg_lambda': 4.267780074387178e-05}. Best is trial 302 with value: 0.24300377426715497.
[I 2024-12-04 16:18:19,658] Trial 302 finished with value: 0.24300377426715497 and parameters: {'n_estimators': 903, 'max_depth': 5, 'learning_rate': 0.09609728899033378, 'subsample': 0.7324749998764937, 'colsample_bytree': 0.5541132432136427, 'min_child_weight': 1, 'gamma': 7.314805696409743e-05, 'reg_alpha': 4.2018658226480174e-05, 'reg_lambda': 0.0005538354044203041}. Best is trial 302 with value: 0.24300377426715497.
[I 2024-12-04 16:18:21,039] Trial 314 finished with value: 0.2648973684824935 and parameters: {'n_estimators': 737, 'max_depth': 6, 'learning_rate': 0.08397418507146112, 'subsample': 0.7318008796471055, 'colsample_bytree': 0.5377169861311948, 'min_child_weight': 1, 'gamma': 0.0005716050031014624, 'reg_alpha': 1.7203123412736625e-05, 'reg_lambda': 8.115465595136418e-05}. Best is trial 302 with value: 0.24300377426715497.
[I 2024-12-04 16:18:21,339] Trial 311 finished with value: 0.2744273680429226 and parameters: {'n_estimators': 637, 'max_depth': 6, 'learning_rate': 0.08108937522430601, 'subsample': 0.7185473892832666, 'colsample_bytree': 0.6228156364407066, 'min_child_weight': 1, 'gamma': 0.0017227797706466012, 'reg_alpha': 1.0097369858463309e-05, 'reg_lambda': 1.1384390966109942e-05}. Best is trial 302 with value: 0.24300377426715497.
[I 2024-12-04 16:18:21,462] Trial 320 finished with value: 0.2548232172665529 and parameters: {'n_estimators': 967, 'max_depth': 5, 'learning_rate': 0.07575319544537071, 'subsample': 0.7055733837942134, 'colsample_bytree': 0.5477276314679105, 'min_child_weight': 1, 'gamma': 0.00024184730224278901, 'reg_alpha': 8.137747370423695e-05, 'reg_lambda': 2.037511369225481e-05}. Best is trial 302 with value: 0.24300377426715497.
[I 2024-12-04 16:18:21,816] Trial 321 finished with value: 0.27721764910065244 and parameters: {'n_estimators': 764, 'max_depth': 6, 'learning_rate': 0.06772065739321641, 'subsample': 0.7263190613100428, 'colsample_bytree': 0.6339748574833755, 'min_child_weight': 1, 'gamma': 3.254075763759183e-05, 'reg_alpha': 4.3864435310925014e-05, 'reg_lambda': 0.00047330194381392217}. Best is trial 302 with value: 0.24300377426715497.
[I 2024-12-04 16:18:25,249] Trial 316 finished with value: 0.25343718775818447 and parameters: {'n_estimators': 763, 'max_depth': 5, 'learning_rate': 0.07292293629656693, 'subsample': 0.7166006002444468, 'colsample_bytree': 0.572087358458216, 'min_child_weight': 1, 'gamma': 0.0003694356655509036, 'reg_alpha': 7.937486747838165e-05, 'reg_lambda': 7.670893946779829e-05}. Best is trial 302 with value: 0.24300377426715497.
[I 2024-12-04 16:18:25,766] Trial 310 finished with value: 0.2767244409798557 and parameters: {'n_estimators': 1018, 'max_depth': 6, 'learning_rate': 0.06311290146691223, 'subsample': 0.7276074798875865, 'colsample_bytree': 0.6360567527964122, 'min_child_weight': 1, 'gamma': 0.0004873635615711151, 'reg_alpha': 0.00011632574107012152, 'reg_lambda': 1.7250840259919704e-05}. Best is trial 302 with value: 0.24300377426715497.
[I 2024-12-04 16:18:25,854] Trial 317 finished with value: 0.2746947827451617 and parameters: {'n_estimators': 682, 'max_depth': 6, 'learning_rate': 0.07521246941062136, 'subsample': 0.7235349557080298, 'colsample_bytree': 0.5477445177931436, 'min_child_weight': 1, 'gamma': 0.00022697663744279076, 'reg_alpha': 1.2158821016424826e-05, 'reg_lambda': 0.00023515724370205766}. Best is trial 302 with value: 0.24300377426715497.
[I 2024-12-04 16:18:26,188] Trial 322 finished with value: 0.25420275560491457 and parameters: {'n_estimators': 610, 'max_depth': 7, 'learning_rate': 0.09921006621777059, 'subsample': 0.7175458088433575, 'colsample_bytree': 0.5286831321915871, 'min_child_weight': 1, 'gamma': 3.2981414944623524e-05, 'reg_alpha': 6.634232294313873e-05, 'reg_lambda': 0.0008944682284873432}. Best is trial 302 with value: 0.24300377426715497.
[I 2024-12-04 16:18:27,044] Trial 330 finished with value: 0.2749633843093538 and parameters: {'n_estimators': 1042, 'max_depth': 7, 'learning_rate': 0.08772086264960029, 'subsample': 0.7179638647229393, 'colsample_bytree': 0.6524874005041582, 'min_child_weight': 1, 'gamma': 7.434750591991647e-05, 'reg_alpha': 1.4216155170645788e-05, 'reg_lambda': 0.0002622228391374419}. Best is trial 302 with value: 0.24300377426715497.
[I 2024-12-04 16:18:28,208] Trial 315 finished with value: 0.3346328696967846 and parameters: {'n_estimators': 808, 'max_depth': 7, 'learning_rate': 0.08598729564041865, 'subsample': 0.76834868059726, 'colsample_bytree': 0.5171752506463867, 'min_child_weight': 2, 'gamma': 0.0018055439665973427, 'reg_alpha': 1.0234226537213063e-05, 'reg_lambda': 0.00021298820831744294}. Best is trial 302 with value: 0.24300377426715497.
[I 2024-12-04 16:18:28,498] Trial 324 finished with value: 0.3303901366854414 and parameters: {'n_estimators': 751, 'max_depth': 6, 'learning_rate': 0.09886188336231949, 'subsample': 0.7107180296436767, 'colsample_bytree': 0.5342980499042262, 'min_child_weight': 2, 'gamma': 0.0004159601443739867, 'reg_alpha': 1.1463924766028172e-05, 'reg_lambda': 0.00019521749718878797}. Best is trial 302 with value: 0.24300377426715497.
[I 2024-12-04 16:18:28,733] Trial 339 finished with value: 0.2498298102169197 and parameters: {'n_estimators': 556, 'max_depth': 6, 'learning_rate': 0.07747224236042764, 'subsample': 0.7590720359089554, 'colsample_bytree': 0.5332828592687572, 'min_child_weight': 1, 'gamma': 3.920654960535041e-05, 'reg_alpha': 3.774048209490507e-05, 'reg_lambda': 0.0001450261451402556}. Best is trial 302 with value: 0.24300377426715497.
[I 2024-12-04 16:18:28,782] Trial 326 finished with value: 0.27117478949396473 and parameters: {'n_estimators': 897, 'max_depth': 5, 'learning_rate': 0.08831658514295483, 'subsample': 0.7673288486381208, 'colsample_bytree': 0.6242553132429377, 'min_child_weight': 1, 'gamma': 2.2235440708794483e-05, 'reg_alpha': 7.521330278268879e-05, 'reg_lambda': 0.0005674819926929993}. Best is trial 302 with value: 0.24300377426715497.
[I 2024-12-04 16:18:29,016] Trial 319 finished with value: 0.24998208707015793 and parameters: {'n_estimators': 1155, 'max_depth': 5, 'learning_rate': 0.07883839261726021, 'subsample': 0.7526369521250547, 'colsample_bytree': 0.5752896091432795, 'min_child_weight': 1, 'gamma': 8.914488893489492e-05, 'reg_alpha': 4.0353464569546276e-05, 'reg_lambda': 2.7172843072980084e-05}. Best is trial 302 with value: 0.24300377426715497.
[I 2024-12-04 16:18:29,041] Trial 329 finished with value: 0.2607859445349872 and parameters: {'n_estimators': 490, 'max_depth': 5, 'learning_rate': 0.08479484294904256, 'subsample': 0.725794966960967, 'colsample_bytree': 0.5873484985062958, 'min_child_weight': 1, 'gamma': 0.0004417286490218085, 'reg_alpha': 5.0366058105792596e-05, 'reg_lambda': 1.2570617699269831e-05}. Best is trial 302 with value: 0.24300377426715497.
[I 2024-12-04 16:18:29,874] Trial 313 finished with value: 0.3423026334446491 and parameters: {'n_estimators': 823, 'max_depth': 4, 'learning_rate': 0.09994063132772495, 'subsample': 0.7368846660027354, 'colsample_bytree': 0.5454412399321107, 'min_child_weight': 2, 'gamma': 0.0018046092453495237, 'reg_alpha': 4.146715870436226e-05, 'reg_lambda': 1.2716687579156434e-05}. Best is trial 302 with value: 0.24300377426715497.
