[I 2024-12-19 20:39:04,274] Trial 1543 finished with value: 1.6787365674972534 and parameters: {'mlp_n_layers': 4, 'mlp_dim_00': 395, 'mlp_dim_01': 327, 'mlp_dim_02': 422, 'mlp_dim_03': 301, 'node_hidden_dim': 61, 'edge_hidden_dim': 64, 'depth': 1, 'rep_dropout': 0.12295083989446273, 'train_learning_rate': 0.0002799204508764278, 'train_lr_reduce': 0.6}. Best is trial 122 with value: 0.09548358619213104.
[I 2024-12-19 20:39:06,541] Trial 1541 finished with value: 1.0650429725646973 and parameters: {'mlp_n_layers': 4, 'mlp_dim_00': 450, 'mlp_dim_01': 511, 'mlp_dim_02': 476, 'mlp_dim_03': 369, 'node_hidden_dim': 82, 'edge_hidden_dim': 71, 'depth': 1, 'rep_dropout': 0.08849131307147959, 'train_learning_rate': 0.00027631518987367214, 'train_lr_reduce': 0.6}. Best is trial 122 with value: 0.09548358619213104.
[I 2024-12-19 20:39:22,523] Trial 1542 finished with value: 0.13453060388565063 and parameters: {'mlp_n_layers': 4, 'mlp_dim_00': 487, 'mlp_dim_01': 404, 'mlp_dim_02': 333, 'mlp_dim_03': 472, 'node_hidden_dim': 50, 'edge_hidden_dim': 46, 'depth': 1, 'rep_dropout': 0.09211715660119309, 'train_learning_rate': 0.002654531438588537, 'train_lr_reduce': 0.6}. Best is trial 122 with value: 0.09548358619213104.
[I 2024-12-19 20:39:42,941] Trial 1544 finished with value: 0.14528252184391022 and parameters: {'mlp_n_layers': 3, 'mlp_dim_00': 118, 'mlp_dim_01': 318, 'mlp_dim_02': 418, 'node_hidden_dim': 65, 'edge_hidden_dim': 68, 'depth': 2, 'rep_dropout': 0.13813992270456443, 'train_learning_rate': 0.0009533603383543257, 'train_lr_reduce': 0.6}. Best is trial 122 with value: 0.09548358619213104.
[I 2024-12-19 20:39:58,034] Trial 1545 finished with value: 0.31229349970817566 and parameters: {'mlp_n_layers': 4, 'mlp_dim_00': 512, 'mlp_dim_01': 342, 'mlp_dim_02': 410, 'mlp_dim_03': 272, 'node_hidden_dim': 101, 'edge_hidden_dim': 33, 'depth': 2, 'rep_dropout': 0.06998312452016711, 'train_learning_rate': 0.0006980806974545097, 'train_lr_reduce': 0.6}. Best is trial 122 with value: 0.09548358619213104.
[I 2024-12-19 20:40:03,844] Trial 1548 finished with value: 1.6669361591339111 and parameters: {'mlp_n_layers': 4, 'mlp_dim_00': 464, 'mlp_dim_01': 296, 'mlp_dim_02': 438, 'mlp_dim_03': 304, 'node_hidden_dim': 104, 'edge_hidden_dim': 81, 'depth': 4, 'rep_dropout': 0.023106654422855498, 'train_learning_rate': 0.0002814414922065917, 'train_lr_reduce': 0.6}. Best is trial 122 with value: 0.09548358619213104.
[I 2024-12-19 20:40:09,617] Trial 1549 finished with value: 1.6470569372177124 and parameters: {'mlp_n_layers': 1, 'mlp_dim_00': 218, 'node_hidden_dim': 121, 'edge_hidden_dim': 34, 'depth': 3, 'rep_dropout': 0.051758920110996046, 'train_learning_rate': 0.00041645948858579193, 'train_lr_reduce': 0.6}. Best is trial 122 with value: 0.09548358619213104.
[I 2024-12-19 20:40:10,231] Trial 1546 finished with value: 0.1154426857829094 and parameters: {'mlp_n_layers': 3, 'mlp_dim_00': 459, 'mlp_dim_01': 299, 'mlp_dim_02': 405, 'node_hidden_dim': 87, 'edge_hidden_dim': 40, 'depth': 1, 'rep_dropout': 0.07453392728418252, 'train_learning_rate': 0.00047822211203160875, 'train_lr_reduce': 0.6}. Best is trial 122 with value: 0.09548358619213104.
[I 2024-12-19 20:40:15,121] Trial 1550 finished with value: 1.5714192390441895 and parameters: {'mlp_n_layers': 4, 'mlp_dim_00': 453, 'mlp_dim_01': 331, 'mlp_dim_02': 396, 'mlp_dim_03': 294, 'node_hidden_dim': 106, 'edge_hidden_dim': 50, 'depth': 2, 'rep_dropout': 0.09123109935517278, 'train_learning_rate': 0.0034491337250136104, 'train_lr_reduce': 0.6}. Best is trial 122 with value: 0.09548358619213104.
[I 2024-12-19 20:40:25,849] Trial 1547 finished with value: 0.11330869048833847 and parameters: {'mlp_n_layers': 4, 'mlp_dim_00': 505, 'mlp_dim_01': 342, 'mlp_dim_02': 398, 'mlp_dim_03': 316, 'node_hidden_dim': 101, 'edge_hidden_dim': 49, 'depth': 1, 'rep_dropout': 0.08527259037285762, 'train_learning_rate': 0.0007411234174419375, 'train_lr_reduce': 0.6}. Best is trial 122 with value: 0.09548358619213104.
[I 2024-12-19 20:40:31,359] Trial 1553 finished with value: 1.6088348627090454 and parameters: {'mlp_n_layers': 4, 'mlp_dim_00': 467, 'mlp_dim_01': 361, 'mlp_dim_02': 439, 'mlp_dim_03': 329, 'node_hidden_dim': 58, 'edge_hidden_dim': 32, 'depth': 2, 'rep_dropout': 0.0763920646747716, 'train_learning_rate': 0.0023094426215692055, 'train_lr_reduce': 0.6}. Best is trial 122 with value: 0.09548358619213104.
[I 2024-12-19 20:40:54,914] Trial 1551 finished with value: 0.10457298904657364 and parameters: {'mlp_n_layers': 4, 'mlp_dim_00': 292, 'mlp_dim_01': 353, 'mlp_dim_02': 441, 'mlp_dim_03': 287, 'node_hidden_dim': 60, 'edge_hidden_dim': 79, 'depth': 1, 'rep_dropout': 0.09607202832672955, 'train_learning_rate': 0.001023752211583785, 'train_lr_reduce': 0.6}. Best is trial 122 with value: 0.09548358619213104.
[I 2024-12-19 20:40:55,549] Trial 1552 finished with value: 0.09940227121114731 and parameters: {'mlp_n_layers': 4, 'mlp_dim_00': 374, 'mlp_dim_01': 302, 'mlp_dim_02': 397, 'mlp_dim_03': 239, 'node_hidden_dim': 81, 'edge_hidden_dim': 52, 'depth': 1, 'rep_dropout': 0.09319049336094856, 'train_learning_rate': 0.0010596393049662966, 'train_lr_reduce': 0.6}. Best is trial 122 with value: 0.09548358619213104.
[I 2024-12-19 20:41:00,562] Trial 1555 finished with value: 1.679084062576294 and parameters: {'mlp_n_layers': 4, 'mlp_dim_00': 335, 'mlp_dim_01': 276, 'mlp_dim_02': 434, 'mlp_dim_03': 196, 'node_hidden_dim': 48, 'edge_hidden_dim': 32, 'depth': 1, 'rep_dropout': 0.043419536063599655, 'train_learning_rate': 0.000770285260280459, 'train_lr_reduce': 0.6}. Best is trial 122 with value: 0.09548358619213104.
[I 2024-12-19 20:41:00,895] Trial 1556 finished with value: 1.6783863306045532 and parameters: {'mlp_n_layers': 4, 'mlp_dim_00': 423, 'mlp_dim_01': 266, 'mlp_dim_02': 427, 'mlp_dim_03': 270, 'node_hidden_dim': 93, 'edge_hidden_dim': 45, 'depth': 1, 'rep_dropout': 0.05929334221537981, 'train_learning_rate': 0.00024280428720753277, 'train_lr_reduce': 0.6}. Best is trial 122 with value: 0.09548358619213104.
[I 2024-12-19 20:41:06,033] Trial 1558 finished with value: 1.6736894845962524 and parameters: {'mlp_n_layers': 2, 'mlp_dim_00': 472, 'mlp_dim_01': 280, 'node_hidden_dim': 109, 'edge_hidden_dim': 52, 'depth': 1, 'rep_dropout': 0.13349964038933074, 'train_learning_rate': 0.0002694821080519838, 'train_lr_reduce': 0.6}. Best is trial 122 with value: 0.09548358619213104.
[I 2024-12-19 20:41:13,160] Trial 1554 finished with value: 0.11279883980751038 and parameters: {'mlp_n_layers': 4, 'mlp_dim_00': 443, 'mlp_dim_01': 337, 'mlp_dim_02': 392, 'mlp_dim_03': 252, 'node_hidden_dim': 99, 'edge_hidden_dim': 54, 'depth': 1, 'rep_dropout': 0.0995616974089552, 'train_learning_rate': 0.0009101474550280089, 'train_lr_reduce': 0.6}. Best is trial 122 with value: 0.09548358619213104.
[I 2024-12-19 20:41:18,269] Trial 1560 finished with value: 1.6776256561279297 and parameters: {'mlp_n_layers': 4, 'mlp_dim_00': 384, 'mlp_dim_01': 291, 'mlp_dim_02': 433, 'mlp_dim_03': 266, 'node_hidden_dim': 56, 'edge_hidden_dim': 78, 'depth': 1, 'rep_dropout': 0.08476019714611019, 'train_learning_rate': 0.0004673593242743925, 'train_lr_reduce': 0.6}. Best is trial 122 with value: 0.09548358619213104.
[I 2024-12-19 20:41:41,499] Trial 1557 finished with value: 1.1505590677261353 and parameters: {'mlp_n_layers': 4, 'mlp_dim_00': 504, 'mlp_dim_01': 290, 'mlp_dim_02': 408, 'mlp_dim_03': 270, 'node_hidden_dim': 37, 'edge_hidden_dim': 47, 'depth': 1, 'rep_dropout': 0.1461054483080297, 'train_learning_rate': 0.0008354098823386179, 'train_lr_reduce': 0.6}. Best is trial 122 with value: 0.09548358619213104.
[I 2024-12-19 20:41:43,187] Trial 1559 finished with value: 0.20583273470401764 and parameters: {'mlp_n_layers': 3, 'mlp_dim_00': 369, 'mlp_dim_01': 232, 'mlp_dim_02': 470, 'node_hidden_dim': 65, 'edge_hidden_dim': 59, 'depth': 2, 'rep_dropout': 0.08984327220426594, 'train_learning_rate': 0.0005036459267505768, 'train_lr_reduce': 0.6}. Best is trial 122 with value: 0.09548358619213104.
[I 2024-12-19 20:41:55,633] Trial 1561 finished with value: 0.11598388850688934 and parameters: {'mlp_n_layers': 4, 'mlp_dim_00': 504, 'mlp_dim_01': 295, 'mlp_dim_02': 469, 'mlp_dim_03': 202, 'node_hidden_dim': 70, 'edge_hidden_dim': 38, 'depth': 1, 'rep_dropout': 0.11379587196528793, 'train_learning_rate': 0.0008959885299809243, 'train_lr_reduce': 0.6}. Best is trial 122 with value: 0.09548358619213104.
[I 2024-12-19 20:42:24,489] Trial 1562 finished with value: 0.1255224049091339 and parameters: {'mlp_n_layers': 4, 'mlp_dim_00': 511, 'mlp_dim_01': 257, 'mlp_dim_02': 402, 'mlp_dim_03': 239, 'node_hidden_dim': 91, 'edge_hidden_dim': 54, 'depth': 1, 'rep_dropout': 0.12618042893379433, 'train_learning_rate': 0.0009282404282738778, 'train_lr_reduce': 0.6}. Best is trial 122 with value: 0.09548358619213104.
[I 2024-12-19 20:42:25,262] Trial 1563 finished with value: 0.10677452385425568 and parameters: {'mlp_n_layers': 3, 'mlp_dim_00': 405, 'mlp_dim_01': 318, 'mlp_dim_02': 440, 'node_hidden_dim': 97, 'edge_hidden_dim': 51, 'depth': 1, 'rep_dropout': 0.0890361810575851, 'train_learning_rate': 0.0006441117142344916, 'train_lr_reduce': 0.6}. Best is trial 122 with value: 0.09548358619213104.
[I 2024-12-19 20:42:33,236] Trial 1566 finished with value: 1.5584039688110352 and parameters: {'mlp_n_layers': 4, 'mlp_dim_00': 325, 'mlp_dim_01': 305, 'mlp_dim_02': 391, 'mlp_dim_03': 224, 'node_hidden_dim': 98, 'edge_hidden_dim': 83, 'depth': 4, 'rep_dropout': 0.138131847181334, 'train_learning_rate': 0.008544993155030833, 'train_lr_reduce': 0.6}. Best is trial 122 with value: 0.09548358619213104.
[I 2024-12-19 20:42:39,075] Trial 1567 finished with value: 1.6805782318115234 and parameters: {'mlp_n_layers': 4, 'mlp_dim_00': 502, 'mlp_dim_01': 227, 'mlp_dim_02': 479, 'mlp_dim_03': 212, 'node_hidden_dim': 95, 'edge_hidden_dim': 37, 'depth': 1, 'rep_dropout': 0.1007177873034543, 'train_learning_rate': 0.0004169454442119001, 'train_lr_reduce': 0.6}. Best is trial 122 with value: 0.09548358619213104.
[I 2024-12-19 20:42:44,426] Trial 1564 finished with value: 0.15292797982692719 and parameters: {'mlp_n_layers': 4, 'mlp_dim_00': 442, 'mlp_dim_01': 268, 'mlp_dim_02': 479, 'mlp_dim_03': 163, 'node_hidden_dim': 106, 'edge_hidden_dim': 81, 'depth': 4, 'rep_dropout': 0.061741223802191936, 'train_learning_rate': 0.0028281495585757094, 'train_lr_reduce': 0.6}. Best is trial 122 with value: 0.09548358619213104.
[I 2024-12-19 20:42:44,810] Trial 1568 finished with value: 1.6692909002304077 and parameters: {'mlp_n_layers': 4, 'mlp_dim_00': 342, 'mlp_dim_01': 304, 'mlp_dim_02': 437, 'mlp_dim_03': 205, 'node_hidden_dim': 58, 'edge_hidden_dim': 66, 'depth': 1, 'rep_dropout': 0.0943827726459363, 'train_learning_rate': 0.00019926209872446617, 'train_lr_reduce': 0.6}. Best is trial 122 with value: 0.09548358619213104.
[I 2024-12-19 20:42:49,837] Trial 1569 finished with value: 1.6810178756713867 and parameters: {'mlp_n_layers': 4, 'mlp_dim_00': 449, 'mlp_dim_01': 313, 'mlp_dim_02': 512, 'mlp_dim_03': 231, 'node_hidden_dim': 73, 'edge_hidden_dim': 51, 'depth': 2, 'rep_dropout': 0.0933676206767383, 'train_learning_rate': 0.0005773893555549933, 'train_lr_reduce': 0.6}. Best is trial 122 with value: 0.09548358619213104.
[I 2024-12-19 20:42:50,779] Trial 1570 finished with value: 1.678360104560852 and parameters: {'mlp_n_layers': 4, 'mlp_dim_00': 391, 'mlp_dim_01': 272, 'mlp_dim_02': 396, 'mlp_dim_03': 127, 'node_hidden_dim': 72, 'edge_hidden_dim': 33, 'depth': 2, 'rep_dropout': 0.08850099686317553, 'train_learning_rate': 0.0006031749619654069, 'train_lr_reduce': 0.6}. Best is trial 122 with value: 0.09548358619213104.
[I 2024-12-19 20:42:57,493] Trial 1571 finished with value: 1.674375295639038 and parameters: {'mlp_n_layers': 3, 'mlp_dim_00': 468, 'mlp_dim_01': 310, 'mlp_dim_02': 512, 'node_hidden_dim': 102, 'edge_hidden_dim': 36, 'depth': 2, 'rep_dropout': 0.14663571269341674, 'train_learning_rate': 0.00045997114507273295, 'train_lr_reduce': 0.6}. Best is trial 122 with value: 0.09548358619213104.
[I 2024-12-19 20:42:57,985] Trial 1572 finished with value: 1.5568015575408936 and parameters: {'mlp_n_layers': 2, 'mlp_dim_00': 195, 'mlp_dim_01': 331, 'node_hidden_dim': 128, 'edge_hidden_dim': 49, 'depth': 4, 'rep_dropout': 0.03937810057944691, 'train_learning_rate': 0.00221271025659262, 'train_lr_reduce': 0.6}. Best is trial 122 with value: 0.09548358619213104.
[I 2024-12-19 20:43:17,764] Trial 1565 finished with value: 0.17256395518779755 and parameters: {'mlp_n_layers': 4, 'mlp_dim_00': 474, 'mlp_dim_01': 301, 'mlp_dim_02': 411, 'mlp_dim_03': 299, 'node_hidden_dim': 75, 'edge_hidden_dim': 45, 'depth': 1, 'rep_dropout': 0.09582720419770989, 'train_learning_rate': 0.0003655880211140086, 'train_lr_reduce': 0.6}. Best is trial 122 with value: 0.09548358619213104.
[I 2024-12-19 20:43:22,856] Trial 1575 finished with value: 1.615275263786316 and parameters: {'mlp_n_layers': 3, 'mlp_dim_00': 499, 'mlp_dim_01': 317, 'mlp_dim_02': 384, 'node_hidden_dim': 55, 'edge_hidden_dim': 52, 'depth': 1, 'rep_dropout': 0.1062969939212215, 'train_learning_rate': 0.005419941779888164, 'train_lr_reduce': 0.6}. Best is trial 122 with value: 0.09548358619213104.
[I 2024-12-19 20:43:27,793] Trial 1576 finished with value: 1.6809656620025635 and parameters: {'mlp_n_layers': 4, 'mlp_dim_00': 402, 'mlp_dim_01': 302, 'mlp_dim_02': 464, 'mlp_dim_03': 250, 'node_hidden_dim': 82, 'edge_hidden_dim': 38, 'depth': 1, 'rep_dropout': 0.06131870868776742, 'train_learning_rate': 0.00039640547826338106, 'train_lr_reduce': 0.6}. Best is trial 122 with value: 0.09548358619213104.
[I 2024-12-19 20:43:40,945] Trial 1573 finished with value: 0.1115446388721466 and parameters: {'mlp_n_layers': 4, 'mlp_dim_00': 277, 'mlp_dim_01': 285, 'mlp_dim_02': 440, 'mlp_dim_03': 236, 'node_hidden_dim': 74, 'edge_hidden_dim': 66, 'depth': 1, 'rep_dropout': 0.0987132544322407, 'train_learning_rate': 0.0014440666262203737, 'train_lr_reduce': 0.6}. Best is trial 122 with value: 0.09548358619213104.
[I 2024-12-19 20:43:43,262] Trial 1574 finished with value: 0.11898087710142136 and parameters: {'mlp_n_layers': 3, 'mlp_dim_00': 502, 'mlp_dim_01': 251, 'mlp_dim_02': 400, 'node_hidden_dim': 80, 'edge_hidden_dim': 54, 'depth': 1, 'rep_dropout': 0.13344781296375197, 'train_learning_rate': 0.0006431376247168507, 'train_lr_reduce': 0.6}. Best is trial 122 with value: 0.09548358619213104.
[I 2024-12-19 20:43:45,890] Trial 1578 finished with value: 1.667351484298706 and parameters: {'mlp_n_layers': 4, 'mlp_dim_00': 404, 'mlp_dim_01': 267, 'mlp_dim_02': 384, 'mlp_dim_03': 263, 'node_hidden_dim': 70, 'edge_hidden_dim': 74, 'depth': 1, 'rep_dropout': 0.11103487925996725, 'train_learning_rate': 0.00016189552327764632, 'train_lr_reduce': 0.6}. Best is trial 122 with value: 0.09548358619213104.
[I 2024-12-19 20:44:07,743] Trial 1577 finished with value: 0.1325577348470688 and parameters: {'mlp_n_layers': 3, 'mlp_dim_00': 415, 'mlp_dim_01': 331, 'mlp_dim_02': 473, 'node_hidden_dim': 88, 'edge_hidden_dim': 73, 'depth': 1, 'rep_dropout': 0.09159105907869607, 'train_learning_rate': 0.00047041845156741417, 'train_lr_reduce': 0.6}. Best is trial 122 with value: 0.09548358619213104.
[I 2024-12-19 20:44:15,601] Trial 1581 finished with value: 1.2585898637771606 and parameters: {'mlp_n_layers': 4, 'mlp_dim_00': 343, 'mlp_dim_01': 332, 'mlp_dim_02': 385, 'mlp_dim_03': 252, 'node_hidden_dim': 94, 'edge_hidden_dim': 60, 'depth': 1, 'rep_dropout': 0.056865501363792884, 'train_learning_rate': 0.002877728752916207, 'train_lr_reduce': 0.6}. Best is trial 122 with value: 0.09548358619213104.
[I 2024-12-19 20:44:21,048] Trial 1582 finished with value: 1.6818214654922485 and parameters: {'mlp_n_layers': 3, 'mlp_dim_00': 472, 'mlp_dim_01': 346, 'mlp_dim_02': 476, 'node_hidden_dim': 86, 'edge_hidden_dim': 34, 'depth': 2, 'rep_dropout': 0.04837214967166539, 'train_learning_rate': 0.0003835390541236423, 'train_lr_reduce': 0.6}. Best is trial 122 with value: 0.09548358619213104.
[I 2024-12-19 20:44:24,826] Trial 1579 finished with value: 0.11974579840898514 and parameters: {'mlp_n_layers': 4, 'mlp_dim_00': 401, 'mlp_dim_01': 335, 'mlp_dim_02': 204, 'mlp_dim_03': 301, 'node_hidden_dim': 70, 'edge_hidden_dim': 60, 'depth': 1, 'rep_dropout': 0.07810208416424422, 'train_learning_rate': 0.003228700996757604, 'train_lr_reduce': 0.6}. Best is trial 122 with value: 0.09548358619213104.
[I 2024-12-19 20:44:26,145] Trial 1580 finished with value: 0.1100422665476799 and parameters: {'mlp_n_layers': 4, 'mlp_dim_00': 374, 'mlp_dim_01': 291, 'mlp_dim_02': 438, 'mlp_dim_03': 236, 'node_hidden_dim': 71, 'edge_hidden_dim': 33, 'depth': 1, 'rep_dropout': 0.08419542576777812, 'train_learning_rate': 0.0012567471782233067, 'train_lr_reduce': 0.6}. Best is trial 122 with value: 0.09548358619213104.
[I 2024-12-19 20:44:33,272] Trial 1585 finished with value: 1.6783004999160767 and parameters: {'mlp_n_layers': 4, 'mlp_dim_00': 413, 'mlp_dim_01': 345, 'mlp_dim_02': 384, 'mlp_dim_03': 411, 'node_hidden_dim': 70, 'edge_hidden_dim': 55, 'depth': 1, 'rep_dropout': 0.1097041300260948, 'train_learning_rate': 0.00014695154117714727, 'train_lr_reduce': 0.6}. Best is trial 122 with value: 0.09548358619213104.
[I 2024-12-19 20:44:47,572] Trial 1584 finished with value: 0.17590336501598358 and parameters: {'mlp_n_layers': 4, 'mlp_dim_00': 425, 'mlp_dim_01': 302, 'mlp_dim_02': 152, 'mlp_dim_03': 262, 'node_hidden_dim': 76, 'edge_hidden_dim': 45, 'depth': 1, 'rep_dropout': 0.09990249674366379, 'train_learning_rate': 0.0005339572434092945, 'train_lr_reduce': 0.6}. Best is trial 122 with value: 0.09548358619213104.
[I 2024-12-19 20:44:54,206] Trial 1587 finished with value: 1.5846635103225708 and parameters: {'mlp_n_layers': 4, 'mlp_dim_00': 507, 'mlp_dim_01': 285, 'mlp_dim_02': 512, 'mlp_dim_03': 164, 'node_hidden_dim': 60, 'edge_hidden_dim': 59, 'depth': 2, 'rep_dropout': 0.09625252483606131, 'train_learning_rate': 0.0028955971023014813, 'train_lr_reduce': 0.6}. Best is trial 122 with value: 0.09548358619213104.
[I 2024-12-19 20:44:56,687] Trial 1586 finished with value: 0.24484771490097046 and parameters: {'mlp_n_layers': 4, 'mlp_dim_00': 437, 'mlp_dim_01': 314, 'mlp_dim_02': 476, 'mlp_dim_03': 350, 'node_hidden_dim': 90, 'edge_hidden_dim': 52, 'depth': 1, 'rep_dropout': 0.07700172878048853, 'train_learning_rate': 0.001859128812594192, 'train_lr_reduce': 0.6}. Best is trial 122 with value: 0.09548358619213104.
[I 2024-12-19 20:45:02,404] Trial 1589 finished with value: 1.6040408611297607 and parameters: {'mlp_n_layers': 1, 'mlp_dim_00': 192, 'node_hidden_dim': 102, 'edge_hidden_dim': 57, 'depth': 2, 'rep_dropout': 0.012940537997446967, 'train_learning_rate': 0.0036990631326176094, 'train_lr_reduce': 0.6}. Best is trial 122 with value: 0.09548358619213104.
[I 2024-12-19 20:45:04,923] Trial 1583 finished with value: 0.10963261127471924 and parameters: {'mlp_n_layers': 4, 'mlp_dim_00': 476, 'mlp_dim_01': 252, 'mlp_dim_02': 420, 'mlp_dim_03': 385, 'node_hidden_dim': 81, 'edge_hidden_dim': 41, 'depth': 1, 'rep_dropout': 0.08004887450276019, 'train_learning_rate': 0.0006558016462372505, 'train_lr_reduce': 0.6}. Best is trial 122 with value: 0.09548358619213104.
[I 2024-12-19 20:45:07,567] Trial 1590 finished with value: 1.6086541414260864 and parameters: {'mlp_n_layers': 4, 'mlp_dim_00': 417, 'mlp_dim_01': 358, 'mlp_dim_02': 382, 'mlp_dim_03': 405, 'node_hidden_dim': 34, 'edge_hidden_dim': 44, 'depth': 1, 'rep_dropout': 0.09410833750535552, 'train_learning_rate': 0.0017438726056591878, 'train_lr_reduce': 0.6}. Best is trial 122 with value: 0.09548358619213104.
[I 2024-12-19 20:45:10,387] Trial 1591 finished with value: 1.5606838464736938 and parameters: {'mlp_n_layers': 4, 'mlp_dim_00': 366, 'mlp_dim_01': 348, 'mlp_dim_02': 435, 'mlp_dim_03': 332, 'node_hidden_dim': 76, 'edge_hidden_dim': 46, 'depth': 1, 'rep_dropout': 0.11064438269988865, 'train_learning_rate': 0.0036820390520938017, 'train_lr_reduce': 0.6}. Best is trial 122 with value: 0.09548358619213104.
[I 2024-12-19 20:45:23,215] Trial 1588 finished with value: 0.16836239397525787 and parameters: {'mlp_n_layers': 3, 'mlp_dim_00': 278, 'mlp_dim_01': 229, 'mlp_dim_02': 435, 'node_hidden_dim': 42, 'edge_hidden_dim': 73, 'depth': 2, 'rep_dropout': 0.11980433130170684, 'train_learning_rate': 0.0005588310381589425, 'train_lr_reduce': 0.6}. Best is trial 122 with value: 0.09548358619213104.
[I 2024-12-19 20:45:28,827] Trial 1594 finished with value: 1.6815507411956787 and parameters: {'mlp_n_layers': 4, 'mlp_dim_00': 490, 'mlp_dim_01': 277, 'mlp_dim_02': 474, 'mlp_dim_03': 379, 'node_hidden_dim': 80, 'edge_hidden_dim': 53, 'depth': 1, 'rep_dropout': 0.08389907510286677, 'train_learning_rate': 0.00037628712363059903, 'train_lr_reduce': 0.6}. Best is trial 122 with value: 0.09548358619213104.
[I 2024-12-19 20:45:52,305] Trial 1593 finished with value: 0.13150054216384888 and parameters: {'mlp_n_layers': 3, 'mlp_dim_00': 466, 'mlp_dim_01': 370, 'mlp_dim_02': 436, 'node_hidden_dim': 72, 'edge_hidden_dim': 41, 'depth': 1, 'rep_dropout': 0.09095298370228716, 'train_learning_rate': 0.0018574868075542812, 'train_lr_reduce': 0.6}. Best is trial 122 with value: 0.09548358619213104.
[I 2024-12-19 20:45:57,076] Trial 1592 finished with value: 0.6371505856513977 and parameters: {'mlp_n_layers': 3, 'mlp_dim_00': 146, 'mlp_dim_01': 317, 'mlp_dim_02': 365, 'node_hidden_dim': 84, 'edge_hidden_dim': 88, 'depth': 4, 'rep_dropout': 0.012755412260469473, 'train_learning_rate': 0.0010743697784246088, 'train_lr_reduce': 0.6}. Best is trial 122 with value: 0.09548358619213104.
[I 2024-12-19 20:45:59,540] Trial 1595 finished with value: 0.1341092735528946 and parameters: {'mlp_n_layers': 4, 'mlp_dim_00': 441, 'mlp_dim_01': 338, 'mlp_dim_02': 512, 'mlp_dim_03': 442, 'node_hidden_dim': 74, 'edge_hidden_dim': 53, 'depth': 1, 'rep_dropout': 0.0823377900117542, 'train_learning_rate': 0.001231537369464261, 'train_lr_reduce': 0.6}. Best is trial 122 with value: 0.09548358619213104.
