[I 2024-12-19 19:30:01,710] Trial 938 finished with value: 1.6339211463928223 and parameters: {'mlp_n_layers': 4, 'mlp_dim_00': 440, 'mlp_dim_01': 468, 'mlp_dim_02': 354, 'mlp_dim_03': 430, 'node_hidden_dim': 71, 'edge_hidden_dim': 49, 'depth': 1, 'rep_dropout': 0.0974294513491724, 'train_learning_rate': 0.0013400072858799302, 'train_lr_reduce': 0.6}. Best is trial 122 with value: 0.09548358619213104.
[I 2024-12-19 19:30:07,038] Trial 939 finished with value: 1.6086822748184204 and parameters: {'mlp_n_layers': 4, 'mlp_dim_00': 379, 'mlp_dim_01': 471, 'mlp_dim_02': 424, 'mlp_dim_03': 341, 'node_hidden_dim': 66, 'edge_hidden_dim': 39, 'depth': 1, 'rep_dropout': 0.1152568340902346, 'train_learning_rate': 0.0018933197424749633, 'train_lr_reduce': 0.6}. Best is trial 122 with value: 0.09548358619213104.
[I 2024-12-19 19:30:11,999] Trial 936 finished with value: 0.13700279593467712 and parameters: {'mlp_n_layers': 4, 'mlp_dim_00': 343, 'mlp_dim_01': 470, 'mlp_dim_02': 296, 'mlp_dim_03': 391, 'node_hidden_dim': 83, 'edge_hidden_dim': 58, 'depth': 1, 'rep_dropout': 0.10619370126058213, 'train_learning_rate': 0.0005928260598382876, 'train_lr_reduce': 0.6}. Best is trial 122 with value: 0.09548358619213104.
[I 2024-12-19 19:30:18,103] Trial 941 finished with value: 1.6737254858016968 and parameters: {'mlp_n_layers': 4, 'mlp_dim_00': 463, 'mlp_dim_01': 479, 'mlp_dim_02': 368, 'mlp_dim_03': 381, 'node_hidden_dim': 34, 'edge_hidden_dim': 112, 'depth': 3, 'rep_dropout': 0.06149827223457674, 'train_learning_rate': 0.00043496263411992557, 'train_lr_reduce': 0.6}. Best is trial 122 with value: 0.09548358619213104.
[I 2024-12-19 19:30:20,019] Trial 940 finished with value: 1.349007487297058 and parameters: {'mlp_n_layers': 4, 'mlp_dim_00': 111, 'mlp_dim_01': 472, 'mlp_dim_02': 313, 'mlp_dim_03': 470, 'node_hidden_dim': 114, 'edge_hidden_dim': 102, 'depth': 4, 'rep_dropout': 0.006598185971824336, 'train_learning_rate': 0.0006775042273881281, 'train_lr_reduce': 0.6}. Best is trial 122 with value: 0.09548358619213104.
[I 2024-12-19 19:30:22,580] Trial 942 finished with value: 1.6491659879684448 and parameters: {'mlp_n_layers': 3, 'mlp_dim_00': 389, 'mlp_dim_01': 475, 'mlp_dim_02': 427, 'node_hidden_dim': 45, 'edge_hidden_dim': 70, 'depth': 1, 'rep_dropout': 0.0948364205242138, 'train_learning_rate': 0.0009207337272302621, 'train_lr_reduce': 0.6}. Best is trial 122 with value: 0.09548358619213104.
[I 2024-12-19 19:30:24,732] Trial 943 finished with value: 1.6115801334381104 and parameters: {'mlp_n_layers': 3, 'mlp_dim_00': 136, 'mlp_dim_01': 511, 'mlp_dim_02': 333, 'node_hidden_dim': 32, 'edge_hidden_dim': 103, 'depth': 2, 'rep_dropout': 0.016687977194513898, 'train_learning_rate': 0.00823231374094157, 'train_lr_reduce': 0.6}. Best is trial 122 with value: 0.09548358619213104.
[I 2024-12-19 19:30:27,023] Trial 944 finished with value: 1.6060173511505127 and parameters: {'mlp_n_layers': 2, 'mlp_dim_00': 279, 'mlp_dim_01': 446, 'node_hidden_dim': 32, 'edge_hidden_dim': 92, 'depth': 2, 'rep_dropout': 0.1379827059268773, 'train_learning_rate': 0.0026293753826448635, 'train_lr_reduce': 0.6}. Best is trial 122 with value: 0.09548358619213104.
[I 2024-12-19 19:30:27,703] Trial 937 finished with value: 0.11322833597660065 and parameters: {'mlp_n_layers': 4, 'mlp_dim_00': 497, 'mlp_dim_01': 512, 'mlp_dim_02': 381, 'mlp_dim_03': 470, 'node_hidden_dim': 79, 'edge_hidden_dim': 65, 'depth': 1, 'rep_dropout': 0.10727635877928093, 'train_learning_rate': 0.0005196923071614371, 'train_lr_reduce': 0.6}. Best is trial 122 with value: 0.09548358619213104.
[I 2024-12-19 19:30:30,009] Trial 945 finished with value: 1.6735610961914062 and parameters: {'mlp_n_layers': 4, 'mlp_dim_00': 408, 'mlp_dim_01': 449, 'mlp_dim_02': 481, 'mlp_dim_03': 432, 'node_hidden_dim': 48, 'edge_hidden_dim': 33, 'depth': 1, 'rep_dropout': 0.08947515152517012, 'train_learning_rate': 0.00039773968188529815, 'train_lr_reduce': 0.6}. Best is trial 122 with value: 0.09548358619213104.
[I 2024-12-19 19:30:32,809] Trial 947 finished with value: 1.6625005006790161 and parameters: {'mlp_n_layers': 4, 'mlp_dim_00': 487, 'mlp_dim_01': 512, 'mlp_dim_02': 287, 'mlp_dim_03': 512, 'node_hidden_dim': 49, 'edge_hidden_dim': 64, 'depth': 1, 'rep_dropout': 0.14685119009281486, 'train_learning_rate': 0.000836766751228097, 'train_lr_reduce': 0.6}. Best is trial 122 with value: 0.09548358619213104.
[I 2024-12-19 19:30:35,838] Trial 948 finished with value: 1.6792994737625122 and parameters: {'mlp_n_layers': 1, 'mlp_dim_00': 340, 'node_hidden_dim': 35, 'edge_hidden_dim': 60, 'depth': 3, 'rep_dropout': 0.10223945592735587, 'train_learning_rate': 0.00012167046322685198, 'train_lr_reduce': 0.6}. Best is trial 122 with value: 0.09548358619213104.
[I 2024-12-19 19:31:00,700] Trial 949 finished with value: 0.15805329382419586 and parameters: {'mlp_n_layers': 4, 'mlp_dim_00': 508, 'mlp_dim_01': 444, 'mlp_dim_02': 345, 'mlp_dim_03': 398, 'node_hidden_dim': 78, 'edge_hidden_dim': 48, 'depth': 1, 'rep_dropout': 0.12244262024569152, 'train_learning_rate': 0.0006528118793710672, 'train_lr_reduce': 0.6}. Best is trial 122 with value: 0.09548358619213104.
[I 2024-12-19 19:31:09,296] Trial 946 finished with value: 0.1386283040046692 and parameters: {'mlp_n_layers': 4, 'mlp_dim_00': 465, 'mlp_dim_01': 470, 'mlp_dim_02': 375, 'mlp_dim_03': 479, 'node_hidden_dim': 84, 'edge_hidden_dim': 67, 'depth': 1, 'rep_dropout': 0.14346643397931075, 'train_learning_rate': 0.002322605712525394, 'train_lr_reduce': 0.6}. Best is trial 122 with value: 0.09548358619213104.
[I 2024-12-19 19:31:14,316] Trial 952 finished with value: 1.555364966392517 and parameters: {'mlp_n_layers': 3, 'mlp_dim_00': 391, 'mlp_dim_01': 439, 'mlp_dim_02': 463, 'node_hidden_dim': 72, 'edge_hidden_dim': 51, 'depth': 1, 'rep_dropout': 0.10410348075632556, 'train_learning_rate': 0.0017771558418418088, 'train_lr_reduce': 0.6}. Best is trial 122 with value: 0.09548358619213104.
[I 2024-12-19 19:31:20,230] Trial 950 finished with value: 0.12619823217391968 and parameters: {'mlp_n_layers': 4, 'mlp_dim_00': 444, 'mlp_dim_01': 512, 'mlp_dim_02': 401, 'mlp_dim_03': 437, 'node_hidden_dim': 46, 'edge_hidden_dim': 41, 'depth': 1, 'rep_dropout': 0.13014594587913236, 'train_learning_rate': 0.0008901903365274687, 'train_lr_reduce': 0.6}. Best is trial 122 with value: 0.09548358619213104.
[I 2024-12-19 19:31:35,345] Trial 954 finished with value: 0.5724001526832581 and parameters: {'mlp_n_layers': 4, 'mlp_dim_00': 388, 'mlp_dim_01': 475, 'mlp_dim_02': 371, 'mlp_dim_03': 393, 'node_hidden_dim': 81, 'edge_hidden_dim': 88, 'depth': 1, 'rep_dropout': 0.14818737069513363, 'train_learning_rate': 0.0006681224399724142, 'train_lr_reduce': 0.6}. Best is trial 122 with value: 0.09548358619213104.
[I 2024-12-19 19:31:39,617] Trial 951 finished with value: 0.12020932137966156 and parameters: {'mlp_n_layers': 4, 'mlp_dim_00': 398, 'mlp_dim_01': 467, 'mlp_dim_02': 64, 'mlp_dim_03': 467, 'node_hidden_dim': 83, 'edge_hidden_dim': 41, 'depth': 1, 'rep_dropout': 0.11933347250674294, 'train_learning_rate': 0.0012144080191330666, 'train_lr_reduce': 0.6}. Best is trial 122 with value: 0.09548358619213104.
[I 2024-12-19 19:31:40,840] Trial 955 finished with value: 1.5939501523971558 and parameters: {'mlp_n_layers': 3, 'mlp_dim_00': 367, 'mlp_dim_01': 440, 'mlp_dim_02': 335, 'node_hidden_dim': 107, 'edge_hidden_dim': 35, 'depth': 2, 'rep_dropout': 0.14452577922412563, 'train_learning_rate': 0.001549390728784253, 'train_lr_reduce': 0.6}. Best is trial 122 with value: 0.09548358619213104.
[I 2024-12-19 19:31:44,263] Trial 956 finished with value: 1.6600068807601929 and parameters: {'mlp_n_layers': 4, 'mlp_dim_00': 383, 'mlp_dim_01': 474, 'mlp_dim_02': 425, 'mlp_dim_03': 472, 'node_hidden_dim': 59, 'edge_hidden_dim': 47, 'depth': 1, 'rep_dropout': 0.09535488393209397, 'train_learning_rate': 0.0006933774399093136, 'train_lr_reduce': 0.6}. Best is trial 122 with value: 0.09548358619213104.
[I 2024-12-19 19:31:46,191] Trial 957 finished with value: 1.6857683658599854 and parameters: {'mlp_n_layers': 4, 'mlp_dim_00': 403, 'mlp_dim_01': 474, 'mlp_dim_02': 293, 'mlp_dim_03': 430, 'node_hidden_dim': 92, 'edge_hidden_dim': 85, 'depth': 1, 'rep_dropout': 0.11107165586014535, 'train_learning_rate': 0.00025465832445283347, 'train_lr_reduce': 0.6}. Best is trial 122 with value: 0.09548358619213104.
[I 2024-12-19 19:31:49,358] Trial 958 finished with value: 1.6723307371139526 and parameters: {'mlp_n_layers': 4, 'mlp_dim_00': 398, 'mlp_dim_01': 510, 'mlp_dim_02': 396, 'mlp_dim_03': 383, 'node_hidden_dim': 98, 'edge_hidden_dim': 61, 'depth': 1, 'rep_dropout': 0.11354896602158596, 'train_learning_rate': 0.00037618578835518237, 'train_lr_reduce': 0.6}. Best is trial 122 with value: 0.09548358619213104.
[I 2024-12-19 19:31:50,649] Trial 959 finished with value: 1.6300030946731567 and parameters: {'mlp_n_layers': 3, 'mlp_dim_00': 500, 'mlp_dim_01': 425, 'mlp_dim_02': 344, 'node_hidden_dim': 80, 'edge_hidden_dim': 59, 'depth': 2, 'rep_dropout': 0.07635971063638126, 'train_learning_rate': 0.0022767878083251054, 'train_lr_reduce': 0.6}. Best is trial 122 with value: 0.09548358619213104.
[I 2024-12-19 19:31:54,583] Trial 960 finished with value: 1.659748911857605 and parameters: {'mlp_n_layers': 4, 'mlp_dim_00': 389, 'mlp_dim_01': 474, 'mlp_dim_02': 480, 'mlp_dim_03': 475, 'node_hidden_dim': 39, 'edge_hidden_dim': 72, 'depth': 2, 'rep_dropout': 0.12793246412702858, 'train_learning_rate': 0.0019939727060674377, 'train_lr_reduce': 0.6}. Best is trial 122 with value: 0.09548358619213104.
[I 2024-12-19 19:31:55,811] Trial 961 finished with value: 1.676005244255066 and parameters: {'mlp_n_layers': 4, 'mlp_dim_00': 414, 'mlp_dim_01': 440, 'mlp_dim_02': 373, 'mlp_dim_03': 512, 'node_hidden_dim': 83, 'edge_hidden_dim': 87, 'depth': 1, 'rep_dropout': 0.1487478165804031, 'train_learning_rate': 0.000265953749712629, 'train_lr_reduce': 0.6}. Best is trial 122 with value: 0.09548358619213104.
[I 2024-12-19 19:31:59,014] Trial 953 finished with value: 0.34384679794311523 and parameters: {'mlp_n_layers': 4, 'mlp_dim_00': 420, 'mlp_dim_01': 470, 'mlp_dim_02': 306, 'mlp_dim_03': 331, 'node_hidden_dim': 79, 'edge_hidden_dim': 32, 'depth': 1, 'rep_dropout': 0.09405011260036023, 'train_learning_rate': 0.0003311557528010909, 'train_lr_reduce': 0.6}. Best is trial 122 with value: 0.09548358619213104.
[I 2024-12-19 19:32:04,141] Trial 964 finished with value: 1.6837393045425415 and parameters: {'mlp_n_layers': 4, 'mlp_dim_00': 296, 'mlp_dim_01': 511, 'mlp_dim_02': 355, 'mlp_dim_03': 426, 'node_hidden_dim': 127, 'edge_hidden_dim': 91, 'depth': 1, 'rep_dropout': 0.13174977734211568, 'train_learning_rate': 0.00031109860013399783, 'train_lr_reduce': 0.6}. Best is trial 122 with value: 0.09548358619213104.
[I 2024-12-19 19:32:40,739] Trial 962 finished with value: 0.11845391988754272 and parameters: {'mlp_n_layers': 4, 'mlp_dim_00': 500, 'mlp_dim_01': 476, 'mlp_dim_02': 314, 'mlp_dim_03': 326, 'node_hidden_dim': 85, 'edge_hidden_dim': 36, 'depth': 1, 'rep_dropout': 0.09686613574443789, 'train_learning_rate': 0.001353994487657476, 'train_lr_reduce': 0.6}. Best is trial 122 with value: 0.09548358619213104.
[I 2024-12-19 19:32:45,138] Trial 963 finished with value: 0.14158421754837036 and parameters: {'mlp_n_layers': 4, 'mlp_dim_00': 403, 'mlp_dim_01': 511, 'mlp_dim_02': 430, 'mlp_dim_03': 436, 'node_hidden_dim': 78, 'edge_hidden_dim': 56, 'depth': 1, 'rep_dropout': 0.07946736668039162, 'train_learning_rate': 0.0006108533000627079, 'train_lr_reduce': 0.6}. Best is trial 122 with value: 0.09548358619213104.
[I 2024-12-19 19:32:51,726] Trial 967 finished with value: 1.6530160903930664 and parameters: {'mlp_n_layers': 3, 'mlp_dim_00': 408, 'mlp_dim_01': 512, 'mlp_dim_02': 336, 'node_hidden_dim': 55, 'edge_hidden_dim': 52, 'depth': 1, 'rep_dropout': 0.13187708291091144, 'train_learning_rate': 0.0008127280032661222, 'train_lr_reduce': 0.6}. Best is trial 122 with value: 0.09548358619213104.
[I 2024-12-19 19:32:55,040] Trial 965 finished with value: 0.15320360660552979 and parameters: {'mlp_n_layers': 4, 'mlp_dim_00': 499, 'mlp_dim_01': 434, 'mlp_dim_02': 282, 'mlp_dim_03': 472, 'node_hidden_dim': 61, 'edge_hidden_dim': 98, 'depth': 1, 'rep_dropout': 0.14773205915985907, 'train_learning_rate': 0.00040909168250515004, 'train_lr_reduce': 0.6}. Best is trial 122 with value: 0.09548358619213104.
[I 2024-12-19 19:32:58,455] Trial 968 finished with value: 1.6748350858688354 and parameters: {'mlp_n_layers': 4, 'mlp_dim_00': 417, 'mlp_dim_01': 441, 'mlp_dim_02': 478, 'mlp_dim_03': 423, 'node_hidden_dim': 65, 'edge_hidden_dim': 50, 'depth': 1, 'rep_dropout': 0.14635179448348395, 'train_learning_rate': 0.0006498171185315806, 'train_lr_reduce': 0.6}. Best is trial 122 with value: 0.09548358619213104.
[I 2024-12-19 19:33:05,614] Trial 970 finished with value: 1.6765267848968506 and parameters: {'mlp_n_layers': 4, 'mlp_dim_00': 266, 'mlp_dim_01': 470, 'mlp_dim_02': 380, 'mlp_dim_03': 388, 'node_hidden_dim': 125, 'edge_hidden_dim': 60, 'depth': 2, 'rep_dropout': 0.1100161916126826, 'train_learning_rate': 0.00017168688207769116, 'train_lr_reduce': 0.6}. Best is trial 122 with value: 0.09548358619213104.
[I 2024-12-19 19:33:08,718] Trial 969 finished with value: 1.0705057382583618 and parameters: {'mlp_n_layers': 4, 'mlp_dim_00': 491, 'mlp_dim_01': 474, 'mlp_dim_02': 444, 'mlp_dim_03': 477, 'node_hidden_dim': 59, 'edge_hidden_dim': 78, 'depth': 1, 'rep_dropout': 0.1208172873488312, 'train_learning_rate': 0.001347363070891664, 'train_lr_reduce': 0.6}. Best is trial 122 with value: 0.09548358619213104.
[I 2024-12-19 19:33:14,434] Trial 972 finished with value: 1.6862397193908691 and parameters: {'mlp_n_layers': 1, 'mlp_dim_00': 372, 'node_hidden_dim': 101, 'edge_hidden_dim': 73, 'depth': 4, 'rep_dropout': 0.12109686412853496, 'train_learning_rate': 0.00010501525176342437, 'train_lr_reduce': 0.6}. Best is trial 122 with value: 0.09548358619213104.
[I 2024-12-19 19:33:19,602] Trial 971 finished with value: 1.2428994178771973 and parameters: {'mlp_n_layers': 4, 'mlp_dim_00': 386, 'mlp_dim_01': 511, 'mlp_dim_02': 320, 'mlp_dim_03': 438, 'node_hidden_dim': 112, 'edge_hidden_dim': 64, 'depth': 2, 'rep_dropout': 0.12266609438068009, 'train_learning_rate': 0.0003645603541713821, 'train_lr_reduce': 0.6}. Best is trial 122 with value: 0.09548358619213104.
[I 2024-12-19 19:33:26,798] Trial 966 finished with value: 0.1276334822177887 and parameters: {'mlp_n_layers': 4, 'mlp_dim_00': 432, 'mlp_dim_01': 411, 'mlp_dim_02': 391, 'mlp_dim_03': 368, 'node_hidden_dim': 87, 'edge_hidden_dim': 51, 'depth': 1, 'rep_dropout': 0.1282670481638013, 'train_learning_rate': 0.00028905422168254397, 'train_lr_reduce': 0.6}. Best is trial 122 with value: 0.09548358619213104.
[I 2024-12-19 19:33:31,652] Trial 975 finished with value: 1.6642405986785889 and parameters: {'mlp_n_layers': 3, 'mlp_dim_00': 431, 'mlp_dim_01': 476, 'mlp_dim_02': 407, 'node_hidden_dim': 61, 'edge_hidden_dim': 52, 'depth': 1, 'rep_dropout': 0.08984906195946264, 'train_learning_rate': 0.0005125501900712835, 'train_lr_reduce': 0.6}. Best is trial 122 with value: 0.09548358619213104.
[I 2024-12-19 19:33:36,535] Trial 976 finished with value: 1.6263350248336792 and parameters: {'mlp_n_layers': 2, 'mlp_dim_00': 323, 'mlp_dim_01': 353, 'node_hidden_dim': 88, 'edge_hidden_dim': 112, 'depth': 4, 'rep_dropout': 0.06667682267351435, 'train_learning_rate': 0.000552041289361436, 'train_lr_reduce': 0.6}. Best is trial 122 with value: 0.09548358619213104.
[I 2024-12-19 19:33:49,498] Trial 974 finished with value: 0.1198049932718277 and parameters: {'mlp_n_layers': 3, 'mlp_dim_00': 418, 'mlp_dim_01': 438, 'mlp_dim_02': 357, 'node_hidden_dim': 104, 'edge_hidden_dim': 52, 'depth': 1, 'rep_dropout': 0.11753928692972737, 'train_learning_rate': 0.0009318531388587968, 'train_lr_reduce': 0.6}. Best is trial 122 with value: 0.09548358619213104.
[I 2024-12-19 19:33:53,077] Trial 973 finished with value: 0.10542359948158264 and parameters: {'mlp_n_layers': 3, 'mlp_dim_00': 483, 'mlp_dim_01': 394, 'mlp_dim_02': 273, 'node_hidden_dim': 93, 'edge_hidden_dim': 57, 'depth': 1, 'rep_dropout': 0.13697369288710898, 'train_learning_rate': 0.0010544024802488518, 'train_lr_reduce': 0.6}. Best is trial 122 with value: 0.09548358619213104.
[I 2024-12-19 19:33:53,518] Trial 978 finished with value: 1.6303269863128662 and parameters: {'mlp_n_layers': 3, 'mlp_dim_00': 509, 'mlp_dim_01': 475, 'mlp_dim_02': 325, 'node_hidden_dim': 88, 'edge_hidden_dim': 49, 'depth': 1, 'rep_dropout': 0.11333453737172947, 'train_learning_rate': 0.0019291885477034241, 'train_lr_reduce': 0.6}. Best is trial 122 with value: 0.09548358619213104.
[I 2024-12-19 19:34:04,477] Trial 980 finished with value: 1.261661171913147 and parameters: {'mlp_n_layers': 4, 'mlp_dim_00': 507, 'mlp_dim_01': 476, 'mlp_dim_02': 361, 'mlp_dim_03': 344, 'node_hidden_dim': 76, 'edge_hidden_dim': 56, 'depth': 2, 'rep_dropout': 0.11589745100437154, 'train_learning_rate': 0.0008269214500297604, 'train_lr_reduce': 0.6}. Best is trial 122 with value: 0.09548358619213104.
[I 2024-12-19 19:34:11,660] Trial 977 finished with value: 0.12095682322978973 and parameters: {'mlp_n_layers': 4, 'mlp_dim_00': 440, 'mlp_dim_01': 439, 'mlp_dim_02': 67, 'mlp_dim_03': 509, 'node_hidden_dim': 68, 'edge_hidden_dim': 32, 'depth': 1, 'rep_dropout': 0.08059315049400283, 'train_learning_rate': 0.0013237640019759882, 'train_lr_reduce': 0.6}. Best is trial 122 with value: 0.09548358619213104.
[I 2024-12-19 19:34:16,540] Trial 982 finished with value: 1.6336274147033691 and parameters: {'mlp_n_layers': 1, 'mlp_dim_00': 68, 'node_hidden_dim': 105, 'edge_hidden_dim': 97, 'depth': 3, 'rep_dropout': 0.024456733332758628, 'train_learning_rate': 0.00031045000389403406, 'train_lr_reduce': 0.6}. Best is trial 122 with value: 0.09548358619213104.
[I 2024-12-19 19:34:33,422] Trial 979 finished with value: 0.13173039257526398 and parameters: {'mlp_n_layers': 3, 'mlp_dim_00': 284, 'mlp_dim_01': 390, 'mlp_dim_02': 434, 'node_hidden_dim': 88, 'edge_hidden_dim': 50, 'depth': 1, 'rep_dropout': 0.1077552426000462, 'train_learning_rate': 0.0006949993194062013, 'train_lr_reduce': 0.6}. Best is trial 122 with value: 0.09548358619213104.
[I 2024-12-19 19:34:46,264] Trial 981 finished with value: 0.11052781343460083 and parameters: {'mlp_n_layers': 3, 'mlp_dim_00': 485, 'mlp_dim_01': 510, 'mlp_dim_02': 294, 'node_hidden_dim': 85, 'edge_hidden_dim': 60, 'depth': 1, 'rep_dropout': 0.14849096916287063, 'train_learning_rate': 0.0006071968221823906, 'train_lr_reduce': 0.6}. Best is trial 122 with value: 0.09548358619213104.
[I 2024-12-19 19:34:51,503] Trial 985 finished with value: 1.6018922328948975 and parameters: {'mlp_n_layers': 3, 'mlp_dim_00': 511, 'mlp_dim_01': 410, 'mlp_dim_02': 400, 'node_hidden_dim': 57, 'edge_hidden_dim': 41, 'depth': 1, 'rep_dropout': 0.10125388726205922, 'train_learning_rate': 0.0011302488612075893, 'train_lr_reduce': 0.6}. Best is trial 122 with value: 0.09548358619213104.
[I 2024-12-19 19:34:56,939] Trial 986 finished with value: 1.5702942609786987 and parameters: {'mlp_n_layers': 4, 'mlp_dim_00': 389, 'mlp_dim_01': 471, 'mlp_dim_02': 338, 'mlp_dim_03': 401, 'node_hidden_dim': 69, 'edge_hidden_dim': 62, 'depth': 1, 'rep_dropout': 0.13664842225001722, 'train_learning_rate': 0.0035961069304616005, 'train_lr_reduce': 0.6}. Best is trial 122 with value: 0.09548358619213104.
[I 2024-12-19 19:34:58,358] Trial 984 finished with value: 0.24807687103748322 and parameters: {'mlp_n_layers': 2, 'mlp_dim_00': 252, 'mlp_dim_01': 440, 'node_hidden_dim': 94, 'edge_hidden_dim': 74, 'depth': 2, 'rep_dropout': 0.1458720970203265, 'train_learning_rate': 0.002780147490799842, 'train_lr_reduce': 0.6}. Best is trial 122 with value: 0.09548358619213104.
[I 2024-12-19 19:35:02,596] Trial 983 finished with value: 0.3270905911922455 and parameters: {'mlp_n_layers': 4, 'mlp_dim_00': 510, 'mlp_dim_01': 512, 'mlp_dim_02': 484, 'mlp_dim_03': 462, 'node_hidden_dim': 68, 'edge_hidden_dim': 46, 'depth': 1, 'rep_dropout': 0.09579660454590583, 'train_learning_rate': 0.0007636286127637422, 'train_lr_reduce': 0.6}. Best is trial 122 with value: 0.09548358619213104.
[I 2024-12-19 19:35:36,565] Trial 989 finished with value: 0.24058252573013306 and parameters: {'mlp_n_layers': 2, 'mlp_dim_00': 139, 'mlp_dim_01': 474, 'node_hidden_dim': 119, 'edge_hidden_dim': 128, 'depth': 1, 'rep_dropout': 0.06919218825504553, 'train_learning_rate': 0.00040945565217908437, 'train_lr_reduce': 0.6}. Best is trial 122 with value: 0.09548358619213104.
[I 2024-12-19 19:35:41,106] Trial 987 finished with value: 0.1507461816072464 and parameters: {'mlp_n_layers': 4, 'mlp_dim_00': 446, 'mlp_dim_01': 438, 'mlp_dim_02': 370, 'mlp_dim_03': 301, 'node_hidden_dim': 102, 'edge_hidden_dim': 36, 'depth': 1, 'rep_dropout': 0.11539252140195991, 'train_learning_rate': 0.0005214720002315213, 'train_lr_reduce': 0.6}. Best is trial 122 with value: 0.09548358619213104.
[I 2024-12-19 19:35:41,350] Trial 990 finished with value: 1.6422652006149292 and parameters: {'mlp_n_layers': 4, 'mlp_dim_00': 511, 'mlp_dim_01': 396, 'mlp_dim_02': 316, 'mlp_dim_03': 438, 'node_hidden_dim': 67, 'edge_hidden_dim': 56, 'depth': 1, 'rep_dropout': 0.11043729337869773, 'train_learning_rate': 0.0012116522229741818, 'train_lr_reduce': 0.6}. Best is trial 122 with value: 0.09548358619213104.
[I 2024-12-19 19:35:42,240] Trial 988 finished with value: 0.12891140580177307 and parameters: {'mlp_n_layers': 4, 'mlp_dim_00': 456, 'mlp_dim_01': 466, 'mlp_dim_02': 96, 'mlp_dim_03': 512, 'node_hidden_dim': 39, 'edge_hidden_dim': 45, 'depth': 1, 'rep_dropout': 0.12174005538622872, 'train_learning_rate': 0.0019499825247697694, 'train_lr_reduce': 0.6}. Best is trial 122 with value: 0.09548358619213104.
