[I 2024-12-15 22:52:04,020] Trial 642 finished with value: 0.12255721539258957 and parameters: {'mlp_n_layers': 2, 'mlp_dim_00': 208, 'mlp_dim_01': 224, 'hidden_channels': 96, 'num_layers': 2, 'num_timesteps': 2, 'dropout': 0.1627063704208865, 'train_learning_rate': 0.0041371361312278025, 'train_lr_reduce': 0.6}. Best is trial 130 with value: 0.0812772810459137.
[I 2024-12-15 22:52:10,902] Trial 641 finished with value: 0.14009398221969604 and parameters: {'mlp_n_layers': 4, 'mlp_dim_00': 128, 'mlp_dim_01': 128, 'mlp_dim_02': 176, 'mlp_dim_03': 64, 'hidden_channels': 144, 'num_layers': 3, 'num_timesteps': 4, 'dropout': 0.04000022493314906, 'train_learning_rate': 0.0009084155011861811, 'train_lr_reduce': 0.6}. Best is trial 130 with value: 0.0812772810459137.
[I 2024-12-15 22:52:17,866] Trial 644 finished with value: 0.10690104216337204 and parameters: {'mlp_n_layers': 2, 'mlp_dim_00': 240, 'mlp_dim_01': 80, 'hidden_channels': 32, 'num_layers': 3, 'num_timesteps': 3, 'dropout': 0.28440252379283976, 'train_learning_rate': 0.00598042837282752, 'train_lr_reduce': 0.6}. Best is trial 130 with value: 0.0812772810459137.
[I 2024-12-15 22:52:20,040] Trial 643 finished with value: 0.12040521204471588 and parameters: {'mlp_n_layers': 3, 'mlp_dim_00': 224, 'mlp_dim_01': 160, 'mlp_dim_02': 144, 'hidden_channels': 48, 'num_layers': 1, 'num_timesteps': 3, 'dropout': 0.22764735577031292, 'train_learning_rate': 0.007814231972512253, 'train_lr_reduce': 0.6}. Best is trial 130 with value: 0.0812772810459137.
[I 2024-12-15 22:52:20,473] Trial 645 finished with value: 0.10327999293804169 and parameters: {'mlp_n_layers': 4, 'mlp_dim_00': 240, 'mlp_dim_01': 112, 'mlp_dim_02': 112, 'mlp_dim_03': 96, 'hidden_channels': 48, 'num_layers': 1, 'num_timesteps': 2, 'dropout': 0.21253056539721582, 'train_learning_rate': 0.002049612440675362, 'train_lr_reduce': 0.6}. Best is trial 130 with value: 0.0812772810459137.
[I 2024-12-15 22:52:31,947] Trial 646 finished with value: 0.12472955882549286 and parameters: {'mlp_n_layers': 4, 'mlp_dim_00': 176, 'mlp_dim_01': 192, 'mlp_dim_02': 240, 'mlp_dim_03': 192, 'hidden_channels': 32, 'num_layers': 2, 'num_timesteps': 2, 'dropout': 0.1766906061774733, 'train_learning_rate': 0.001336383053040678, 'train_lr_reduce': 0.6}. Best is trial 130 with value: 0.0812772810459137.
[I 2024-12-15 22:52:33,955] Trial 648 finished with value: 0.09688529372215271 and parameters: {'mlp_n_layers': 3, 'mlp_dim_00': 256, 'mlp_dim_01': 224, 'mlp_dim_02': 208, 'hidden_channels': 48, 'num_layers': 1, 'num_timesteps': 3, 'dropout': 0.23840721924501512, 'train_learning_rate': 0.007715804226979539, 'train_lr_reduce': 0.6}. Best is trial 130 with value: 0.0812772810459137.
[I 2024-12-15 22:52:34,538] Trial 647 finished with value: 0.10883470624685287 and parameters: {'mlp_n_layers': 2, 'mlp_dim_00': 208, 'mlp_dim_01': 160, 'hidden_channels': 32, 'num_layers': 3, 'num_timesteps': 2, 'dropout': 0.278697366103086, 'train_learning_rate': 0.002764805019488885, 'train_lr_reduce': 0.6}. Best is trial 130 with value: 0.0812772810459137.
[I 2024-12-15 22:52:50,542] Trial 650 finished with value: 0.11506731063127518 and parameters: {'mlp_n_layers': 4, 'mlp_dim_00': 240, 'mlp_dim_01': 160, 'mlp_dim_02': 128, 'mlp_dim_03': 112, 'hidden_channels': 48, 'num_layers': 1, 'num_timesteps': 3, 'dropout': 0.15156118519411066, 'train_learning_rate': 0.0019429873554187465, 'train_lr_reduce': 0.6}. Best is trial 130 with value: 0.0812772810459137.
[I 2024-12-15 22:53:00,992] Trial 649 finished with value: 0.17345267534255981 and parameters: {'mlp_n_layers': 4, 'mlp_dim_00': 160, 'mlp_dim_01': 256, 'mlp_dim_02': 160, 'mlp_dim_03': 144, 'hidden_channels': 128, 'num_layers': 2, 'num_timesteps': 4, 'dropout': 0.2949721405778176, 'train_learning_rate': 0.00014164142118890777, 'train_lr_reduce': 0.6}. Best is trial 130 with value: 0.0812772810459137.
[I 2024-12-15 22:53:02,000] Trial 651 finished with value: 0.14993540942668915 and parameters: {'mlp_n_layers': 2, 'mlp_dim_00': 112, 'mlp_dim_01': 32, 'hidden_channels': 32, 'num_layers': 1, 'num_timesteps': 4, 'dropout': 0.01648534878602026, 'train_learning_rate': 0.0004978370891848369, 'train_lr_reduce': 0.6}. Best is trial 130 with value: 0.0812772810459137.
[I 2024-12-15 22:53:16,369] Trial 653 finished with value: 0.11895284056663513 and parameters: {'mlp_n_layers': 2, 'mlp_dim_00': 80, 'mlp_dim_01': 224, 'hidden_channels': 160, 'num_layers': 4, 'num_timesteps': 1, 'dropout': 0.05575447035521529, 'train_learning_rate': 0.007141136218114775, 'train_lr_reduce': 0.6}. Best is trial 130 with value: 0.0812772810459137.
[I 2024-12-15 22:53:17,526] Trial 652 finished with value: 0.12265781313180923 and parameters: {'mlp_n_layers': 2, 'mlp_dim_00': 112, 'mlp_dim_01': 144, 'hidden_channels': 32, 'num_layers': 4, 'num_timesteps': 2, 'dropout': 0.28939988229933344, 'train_learning_rate': 0.0020597741600997675, 'train_lr_reduce': 0.6}. Best is trial 130 with value: 0.0812772810459137.
[I 2024-12-15 22:53:20,694] Trial 654 finished with value: 0.11473117023706436 and parameters: {'mlp_n_layers': 2, 'mlp_dim_00': 240, 'mlp_dim_01': 80, 'hidden_channels': 96, 'num_layers': 3, 'num_timesteps': 3, 'dropout': 0.2624559286708398, 'train_learning_rate': 0.002083891025390315, 'train_lr_reduce': 0.6}. Best is trial 130 with value: 0.0812772810459137.
[I 2024-12-15 22:53:29,745] Trial 656 finished with value: 0.09964459389448166 and parameters: {'mlp_n_layers': 3, 'mlp_dim_00': 240, 'mlp_dim_01': 192, 'mlp_dim_02': 80, 'hidden_channels': 96, 'num_layers': 1, 'num_timesteps': 2, 'dropout': 0.2860181001436258, 'train_learning_rate': 0.008880992295624154, 'train_lr_reduce': 0.6}. Best is trial 130 with value: 0.0812772810459137.
[I 2024-12-15 22:53:31,469] Trial 655 finished with value: 0.11182847619056702 and parameters: {'mlp_n_layers': 2, 'mlp_dim_00': 128, 'mlp_dim_01': 144, 'hidden_channels': 64, 'num_layers': 4, 'num_timesteps': 3, 'dropout': 0.20642673103636167, 'train_learning_rate': 0.0018923255866682644, 'train_lr_reduce': 0.6}. Best is trial 130 with value: 0.0812772810459137.
[I 2024-12-15 22:53:33,189] Trial 657 finished with value: 0.1306663602590561 and parameters: {'mlp_n_layers': 4, 'mlp_dim_00': 240, 'mlp_dim_01': 176, 'mlp_dim_02': 192, 'mlp_dim_03': 64, 'hidden_channels': 80, 'num_layers': 2, 'num_timesteps': 2, 'dropout': 0.22333003697066786, 'train_learning_rate': 0.0033464886331959313, 'train_lr_reduce': 0.6}. Best is trial 130 with value: 0.0812772810459137.
[I 2024-12-15 22:53:48,567] Trial 658 finished with value: 0.13030119240283966 and parameters: {'mlp_n_layers': 4, 'mlp_dim_00': 176, 'mlp_dim_01': 240, 'mlp_dim_02': 112, 'mlp_dim_03': 192, 'hidden_channels': 144, 'num_layers': 3, 'num_timesteps': 2, 'dropout': 0.10584250928448383, 'train_learning_rate': 0.0015175756805055414, 'train_lr_reduce': 0.6}. Best is trial 130 with value: 0.0812772810459137.
[I 2024-12-15 22:53:49,861] Trial 660 finished with value: 0.12476762384176254 and parameters: {'mlp_n_layers': 3, 'mlp_dim_00': 256, 'mlp_dim_01': 48, 'mlp_dim_02': 160, 'hidden_channels': 112, 'num_layers': 3, 'num_timesteps': 4, 'dropout': 0.2115002391906914, 'train_learning_rate': 0.008339514151575453, 'train_lr_reduce': 0.6}. Best is trial 130 with value: 0.0812772810459137.
[I 2024-12-15 22:53:50,369] Trial 659 finished with value: 0.12949208915233612 and parameters: {'mlp_n_layers': 4, 'mlp_dim_00': 176, 'mlp_dim_01': 48, 'mlp_dim_02': 144, 'mlp_dim_03': 144, 'hidden_channels': 192, 'num_layers': 2, 'num_timesteps': 4, 'dropout': 0.2002683162261506, 'train_learning_rate': 0.008649840123148655, 'train_lr_reduce': 0.6}. Best is trial 130 with value: 0.0812772810459137.
[I 2024-12-15 22:54:00,200] Trial 661 finished with value: 0.14311541616916656 and parameters: {'mlp_n_layers': 2, 'mlp_dim_00': 256, 'mlp_dim_01': 144, 'hidden_channels': 208, 'num_layers': 3, 'num_timesteps': 1, 'dropout': 0.23393555875567643, 'train_learning_rate': 0.00430235922125452, 'train_lr_reduce': 0.6}. Best is trial 130 with value: 0.0812772810459137.
[I 2024-12-15 22:54:10,812] Trial 662 finished with value: 0.18556299805641174 and parameters: {'mlp_n_layers': 3, 'mlp_dim_00': 48, 'mlp_dim_01': 32, 'mlp_dim_02': 112, 'hidden_channels': 32, 'num_layers': 4, 'num_timesteps': 3, 'dropout': 0.24940078323180787, 'train_learning_rate': 0.0032605425374729272, 'train_lr_reduce': 0.6}. Best is trial 130 with value: 0.0812772810459137.
[I 2024-12-15 22:54:15,992] Trial 664 finished with value: 0.15428192913532257 and parameters: {'mlp_n_layers': 2, 'mlp_dim_00': 256, 'mlp_dim_01': 192, 'hidden_channels': 240, 'num_layers': 3, 'num_timesteps': 1, 'dropout': 0.29549655715345685, 'train_learning_rate': 0.004761644852342152, 'train_lr_reduce': 0.6}. Best is trial 130 with value: 0.0812772810459137.
[I 2024-12-15 22:54:18,213] Trial 663 finished with value: 0.2101174145936966 and parameters: {'mlp_n_layers': 3, 'mlp_dim_00': 224, 'mlp_dim_01': 256, 'mlp_dim_02': 192, 'hidden_channels': 48, 'num_layers': 4, 'num_timesteps': 1, 'dropout': 0.11302224637660677, 'train_learning_rate': 0.00012652502404659558, 'train_lr_reduce': 0.6}. Best is trial 130 with value: 0.0812772810459137.
[I 2024-12-15 22:54:23,815] Trial 665 finished with value: 0.1042652428150177 and parameters: {'mlp_n_layers': 3, 'mlp_dim_00': 192, 'mlp_dim_01': 176, 'mlp_dim_02': 128, 'hidden_channels': 64, 'num_layers': 2, 'num_timesteps': 2, 'dropout': 0.2698437564426396, 'train_learning_rate': 0.005348266511980178, 'train_lr_reduce': 0.6}. Best is trial 130 with value: 0.0812772810459137.
[I 2024-12-15 22:54:30,089] Trial 668 finished with value: 0.5960871577262878 and parameters: {'mlp_n_layers': 4, 'mlp_dim_00': 256, 'mlp_dim_01': 112, 'mlp_dim_02': 224, 'mlp_dim_03': 208, 'hidden_channels': 32, 'num_layers': 1, 'num_timesteps': 2, 'dropout': 0.14998502852878595, 'train_learning_rate': 0.009088207659081863, 'train_lr_reduce': 0.6}. Best is trial 130 with value: 0.0812772810459137.
[I 2024-12-15 22:54:37,261] Trial 666 finished with value: 0.1619347780942917 and parameters: {'mlp_n_layers': 3, 'mlp_dim_00': 256, 'mlp_dim_01': 48, 'mlp_dim_02': 80, 'hidden_channels': 96, 'num_layers': 3, 'num_timesteps': 3, 'dropout': 0.2976444996302948, 'train_learning_rate': 0.007298255981051441, 'train_lr_reduce': 0.6}. Best is trial 130 with value: 0.0812772810459137.
[I 2024-12-15 22:54:41,366] Trial 669 finished with value: 0.11630339175462723 and parameters: {'mlp_n_layers': 4, 'mlp_dim_00': 208, 'mlp_dim_01': 144, 'mlp_dim_02': 128, 'mlp_dim_03': 96, 'hidden_channels': 64, 'num_layers': 1, 'num_timesteps': 3, 'dropout': 0.01122458885005112, 'train_learning_rate': 0.004326788441663643, 'train_lr_reduce': 0.6}. Best is trial 130 with value: 0.0812772810459137.
[I 2024-12-15 22:54:50,558] Trial 667 finished with value: 0.16352449357509613 and parameters: {'mlp_n_layers': 4, 'mlp_dim_00': 32, 'mlp_dim_01': 48, 'mlp_dim_02': 160, 'mlp_dim_03': 32, 'hidden_channels': 224, 'num_layers': 4, 'num_timesteps': 3, 'dropout': 0.017491967183780377, 'train_learning_rate': 0.0009827661591748664, 'train_lr_reduce': 0.6}. Best is trial 130 with value: 0.0812772810459137.
[I 2024-12-15 22:54:59,727] Trial 670 finished with value: 0.16766813397407532 and parameters: {'mlp_n_layers': 2, 'mlp_dim_00': 240, 'mlp_dim_01': 144, 'hidden_channels': 192, 'num_layers': 3, 'num_timesteps': 1, 'dropout': 0.2764120382311052, 'train_learning_rate': 0.009408331201343722, 'train_lr_reduce': 0.6}. Best is trial 130 with value: 0.0812772810459137.
[I 2024-12-15 22:55:01,243] Trial 671 finished with value: 0.09973688423633575 and parameters: {'mlp_n_layers': 2, 'mlp_dim_00': 240, 'mlp_dim_01': 32, 'hidden_channels': 96, 'num_layers': 3, 'num_timesteps': 3, 'dropout': 0.2960899106469392, 'train_learning_rate': 0.0038887000841308188, 'train_lr_reduce': 0.6}. Best is trial 130 with value: 0.0812772810459137.
[I 2024-12-15 22:55:02,927] Trial 672 finished with value: 0.1048157811164856 and parameters: {'mlp_n_layers': 4, 'mlp_dim_00': 256, 'mlp_dim_01': 208, 'mlp_dim_02': 176, 'mlp_dim_03': 160, 'hidden_channels': 32, 'num_layers': 1, 'num_timesteps': 1, 'dropout': 0.1966316014848961, 'train_learning_rate': 0.001835914909241543, 'train_lr_reduce': 0.6}. Best is trial 130 with value: 0.0812772810459137.
[I 2024-12-15 22:55:10,954] Trial 674 finished with value: 0.08924051374197006 and parameters: {'mlp_n_layers': 2, 'mlp_dim_00': 176, 'mlp_dim_01': 176, 'hidden_channels': 48, 'num_layers': 1, 'num_timesteps': 2, 'dropout': 0.2773074644965403, 'train_learning_rate': 0.005930327337486761, 'train_lr_reduce': 0.6}. Best is trial 130 with value: 0.0812772810459137.
[I 2024-12-15 22:55:11,645] Trial 673 finished with value: 0.11436572670936584 and parameters: {'mlp_n_layers': 2, 'mlp_dim_00': 160, 'mlp_dim_01': 160, 'hidden_channels': 48, 'num_layers': 3, 'num_timesteps': 4, 'dropout': 0.20792023320770325, 'train_learning_rate': 0.007890483920416797, 'train_lr_reduce': 0.6}. Best is trial 130 with value: 0.0812772810459137.
[I 2024-12-15 22:55:13,837] Trial 675 finished with value: 0.11672334372997284 and parameters: {'mlp_n_layers': 2, 'mlp_dim_00': 160, 'mlp_dim_01': 144, 'hidden_channels': 80, 'num_layers': 3, 'num_timesteps': 3, 'dropout': 0.208573484505456, 'train_learning_rate': 0.003631752324699259, 'train_lr_reduce': 0.6}. Best is trial 130 with value: 0.0812772810459137.
[I 2024-12-15 22:55:21,628] Trial 676 finished with value: 0.10205299407243729 and parameters: {'mlp_n_layers': 3, 'mlp_dim_00': 208, 'mlp_dim_01': 224, 'mlp_dim_02': 96, 'hidden_channels': 48, 'num_layers': 1, 'num_timesteps': 3, 'dropout': 0.2598225599056566, 'train_learning_rate': 0.003906464243249286, 'train_lr_reduce': 0.6}. Best is trial 130 with value: 0.0812772810459137.
[I 2024-12-15 22:55:29,197] Trial 677 finished with value: 0.18279920518398285 and parameters: {'mlp_n_layers': 2, 'mlp_dim_00': 256, 'mlp_dim_01': 112, 'hidden_channels': 160, 'num_layers': 3, 'num_timesteps': 1, 'dropout': 0.28441261629846065, 'train_learning_rate': 0.004598619219167906, 'train_lr_reduce': 0.6}. Best is trial 130 with value: 0.0812772810459137.
[I 2024-12-15 22:55:32,568] Trial 678 finished with value: 0.09948316961526871 and parameters: {'mlp_n_layers': 2, 'mlp_dim_00': 192, 'mlp_dim_01': 160, 'hidden_channels': 32, 'num_layers': 2, 'num_timesteps': 2, 'dropout': 0.23319353487133915, 'train_learning_rate': 0.00692562822375288, 'train_lr_reduce': 0.6}. Best is trial 130 with value: 0.0812772810459137.
[I 2024-12-15 22:55:37,296] Trial 679 finished with value: 0.18194226920604706 and parameters: {'mlp_n_layers': 4, 'mlp_dim_00': 48, 'mlp_dim_01': 144, 'mlp_dim_02': 144, 'mlp_dim_03': 128, 'hidden_channels': 208, 'num_layers': 4, 'num_timesteps': 2, 'dropout': 0.2412517516710898, 'train_learning_rate': 0.001428598974763517, 'train_lr_reduce': 0.6}. Best is trial 130 with value: 0.0812772810459137.
[I 2024-12-15 22:55:43,282] Trial 681 finished with value: 0.10512310266494751 and parameters: {'mlp_n_layers': 2, 'mlp_dim_00': 208, 'mlp_dim_01': 176, 'hidden_channels': 48, 'num_layers': 1, 'num_timesteps': 2, 'dropout': 0.2549311960871783, 'train_learning_rate': 0.005708949633457502, 'train_lr_reduce': 0.6}. Best is trial 130 with value: 0.0812772810459137.
[I 2024-12-15 22:55:48,074] Trial 682 finished with value: 0.1228329986333847 and parameters: {'mlp_n_layers': 2, 'mlp_dim_00': 224, 'mlp_dim_01': 256, 'hidden_channels': 128, 'num_layers': 2, 'num_timesteps': 1, 'dropout': 0.20800864610492462, 'train_learning_rate': 0.0073992752688578104, 'train_lr_reduce': 0.6}. Best is trial 130 with value: 0.0812772810459137.
[I 2024-12-15 22:55:50,083] Trial 680 finished with value: 0.13300077617168427 and parameters: {'mlp_n_layers': 2, 'mlp_dim_00': 64, 'mlp_dim_01': 176, 'hidden_channels': 32, 'num_layers': 4, 'num_timesteps': 4, 'dropout': 0.1023423487046437, 'train_learning_rate': 0.003871353072796785, 'train_lr_reduce': 0.6}. Best is trial 130 with value: 0.0812772810459137.
[I 2024-12-15 22:55:54,751] Trial 683 finished with value: 0.11731383204460144 and parameters: {'mlp_n_layers': 3, 'mlp_dim_00': 208, 'mlp_dim_01': 160, 'mlp_dim_02': 112, 'hidden_channels': 48, 'num_layers': 1, 'num_timesteps': 2, 'dropout': 0.22170273149898986, 'train_learning_rate': 0.009915514622282367, 'train_lr_reduce': 0.6}. Best is trial 130 with value: 0.0812772810459137.
[I 2024-12-15 22:56:02,002] Trial 684 finished with value: 0.10486128181219101 and parameters: {'mlp_n_layers': 2, 'mlp_dim_00': 176, 'mlp_dim_01': 208, 'hidden_channels': 64, 'num_layers': 1, 'num_timesteps': 1, 'dropout': 0.28523973788797574, 'train_learning_rate': 0.00635925248600594, 'train_lr_reduce': 0.6}. Best is trial 130 with value: 0.0812772810459137.
[I 2024-12-15 22:56:03,800] Trial 685 finished with value: 0.13320688903331757 and parameters: {'mlp_n_layers': 2, 'mlp_dim_00': 96, 'mlp_dim_01': 208, 'hidden_channels': 112, 'num_layers': 3, 'num_timesteps': 4, 'dropout': 0.13203486406216336, 'train_learning_rate': 0.0025090656123022206, 'train_lr_reduce': 0.6}. Best is trial 130 with value: 0.0812772810459137.
[I 2024-12-15 22:56:05,073] Trial 686 finished with value: 0.13214941322803497 and parameters: {'mlp_n_layers': 2, 'mlp_dim_00': 240, 'mlp_dim_01': 80, 'hidden_channels': 96, 'num_layers': 1, 'num_timesteps': 4, 'dropout': 0.22899460781092557, 'train_learning_rate': 0.0022215216749759516, 'train_lr_reduce': 0.6}. Best is trial 130 with value: 0.0812772810459137.
[I 2024-12-15 22:56:12,577] Trial 687 finished with value: 0.14035527408123016 and parameters: {'mlp_n_layers': 2, 'mlp_dim_00': 96, 'mlp_dim_01': 224, 'hidden_channels': 64, 'num_layers': 1, 'num_timesteps': 2, 'dropout': 0.22037601767778006, 'train_learning_rate': 0.0057109862598092205, 'train_lr_reduce': 0.6}. Best is trial 130 with value: 0.0812772810459137.
[I 2024-12-15 22:56:32,781] Trial 688 finished with value: 0.150941401720047 and parameters: {'mlp_n_layers': 2, 'mlp_dim_00': 144, 'mlp_dim_01': 224, 'hidden_channels': 224, 'num_layers': 1, 'num_timesteps': 3, 'dropout': 0.2995395398978242, 'train_learning_rate': 0.00010743838617079194, 'train_lr_reduce': 0.6}. Best is trial 130 with value: 0.0812772810459137.
[I 2024-12-15 22:56:33,221] Trial 690 finished with value: 0.12218408286571503 and parameters: {'mlp_n_layers': 2, 'mlp_dim_00': 80, 'mlp_dim_01': 96, 'hidden_channels': 32, 'num_layers': 4, 'num_timesteps': 3, 'dropout': 0.26619603888261145, 'train_learning_rate': 0.005760340785106589, 'train_lr_reduce': 0.6}. Best is trial 130 with value: 0.0812772810459137.
[I 2024-12-15 22:56:35,627] Trial 689 finished with value: 0.16404005885124207 and parameters: {'mlp_n_layers': 4, 'mlp_dim_00': 48, 'mlp_dim_01': 112, 'mlp_dim_02': 192, 'mlp_dim_03': 224, 'hidden_channels': 240, 'num_layers': 3, 'num_timesteps': 4, 'dropout': 0.13844742778547256, 'train_learning_rate': 0.006439485698188218, 'train_lr_reduce': 0.6}. Best is trial 130 with value: 0.0812772810459137.
[I 2024-12-15 22:56:46,088] Trial 691 finished with value: 0.1052502915263176 and parameters: {'mlp_n_layers': 2, 'mlp_dim_00': 48, 'mlp_dim_01': 160, 'hidden_channels': 64, 'num_layers': 3, 'num_timesteps': 3, 'dropout': 0.1307471394615565, 'train_learning_rate': 0.006985466318107143, 'train_lr_reduce': 0.6}. Best is trial 130 with value: 0.0812772810459137.
[I 2024-12-15 22:56:52,499] Trial 693 finished with value: 0.09588425606489182 and parameters: {'mlp_n_layers': 2, 'mlp_dim_00': 96, 'mlp_dim_01': 256, 'hidden_channels': 32, 'num_layers': 2, 'num_timesteps': 4, 'dropout': 0.10310145386222129, 'train_learning_rate': 0.0013150637955663795, 'train_lr_reduce': 0.6}. Best is trial 130 with value: 0.0812772810459137.
[I 2024-12-15 22:56:53,068] Trial 692 finished with value: 0.11420979350805283 and parameters: {'mlp_n_layers': 3, 'mlp_dim_00': 80, 'mlp_dim_01': 144, 'mlp_dim_02': 144, 'hidden_channels': 48, 'num_layers': 4, 'num_timesteps': 2, 'dropout': 0.25023993292330177, 'train_learning_rate': 0.008933766562191952, 'train_lr_reduce': 0.6}. Best is trial 130 with value: 0.0812772810459137.
[I 2024-12-15 22:57:00,805] Trial 694 finished with value: 0.08793510496616364 and parameters: {'mlp_n_layers': 2, 'mlp_dim_00': 48, 'mlp_dim_01': 224, 'hidden_channels': 32, 'num_layers': 2, 'num_timesteps': 4, 'dropout': 0.13389641194296087, 'train_learning_rate': 0.006163687604658277, 'train_lr_reduce': 0.6}. Best is trial 130 with value: 0.0812772810459137.
[I 2024-12-15 22:57:01,659] Trial 696 finished with value: 0.1221768707036972 and parameters: {'mlp_n_layers': 3, 'mlp_dim_00': 112, 'mlp_dim_01': 192, 'mlp_dim_02': 128, 'hidden_channels': 176, 'num_layers': 1, 'num_timesteps': 3, 'dropout': 0.0017732233613791948, 'train_learning_rate': 0.004816193107719905, 'train_lr_reduce': 0.6}. Best is trial 130 with value: 0.0812772810459137.
[I 2024-12-15 22:57:07,449] Trial 695 finished with value: 0.12562865018844604 and parameters: {'mlp_n_layers': 3, 'mlp_dim_00': 112, 'mlp_dim_01': 176, 'mlp_dim_02': 224, 'hidden_channels': 32, 'num_layers': 4, 'num_timesteps': 3, 'dropout': 0.21625030428681716, 'train_learning_rate': 0.003915465776638081, 'train_lr_reduce': 0.6}. Best is trial 130 with value: 0.0812772810459137.
[I 2024-12-15 22:57:13,479] Trial 697 finished with value: 0.14738188683986664 and parameters: {'mlp_n_layers': 2, 'mlp_dim_00': 240, 'mlp_dim_01': 32, 'hidden_channels': 112, 'num_layers': 3, 'num_timesteps': 3, 'dropout': 0.29341697371239805, 'train_learning_rate': 0.0074005091390557136, 'train_lr_reduce': 0.6}. Best is trial 130 with value: 0.0812772810459137.
[I 2024-12-15 22:57:15,235] Trial 698 finished with value: 0.11857660859823227 and parameters: {'mlp_n_layers': 2, 'mlp_dim_00': 32, 'mlp_dim_01': 256, 'hidden_channels': 80, 'num_layers': 2, 'num_timesteps': 4, 'dropout': 0.13770880047221093, 'train_learning_rate': 0.002984756308739612, 'train_lr_reduce': 0.6}. Best is trial 130 with value: 0.0812772810459137.
