[I 2024-12-19 21:57:58,779] Trial 2199 finished with value: 0.09914635866880417 and parameters: {'mlp_n_layers': 4, 'mlp_dim_00': 282, 'mlp_dim_01': 315, 'mlp_dim_02': 347, 'mlp_dim_03': 434, 'node_hidden_dim': 52, 'edge_hidden_dim': 61, 'depth': 1, 'rep_dropout': 0.11119666578301007, 'train_learning_rate': 0.0005616926963236853, 'train_lr_reduce': 0.6}. Best is trial 122 with value: 0.09548358619213104.
[I 2024-12-19 21:58:02,647] Trial 2203 finished with value: 0.18484438955783844 and parameters: {'mlp_n_layers': 4, 'mlp_dim_00': 410, 'mlp_dim_01': 362, 'mlp_dim_02': 285, 'mlp_dim_03': 283, 'node_hidden_dim': 80, 'edge_hidden_dim': 101, 'depth': 2, 'rep_dropout': 0.07404225669682248, 'train_learning_rate': 0.001968637166624636, 'train_lr_reduce': 0.6}. Best is trial 122 with value: 0.09548358619213104.
[I 2024-12-19 21:58:04,123] Trial 2205 finished with value: 1.682732343673706 and parameters: {'mlp_n_layers': 3, 'mlp_dim_00': 260, 'mlp_dim_01': 316, 'mlp_dim_02': 330, 'node_hidden_dim': 50, 'edge_hidden_dim': 41, 'depth': 1, 'rep_dropout': 0.09713966779631729, 'train_learning_rate': 0.00025231279218547654, 'train_lr_reduce': 0.6}. Best is trial 122 with value: 0.09548358619213104.
[I 2024-12-19 21:58:10,725] Trial 2207 finished with value: 1.6896787881851196 and parameters: {'mlp_n_layers': 4, 'mlp_dim_00': 495, 'mlp_dim_01': 312, 'mlp_dim_02': 317, 'mlp_dim_03': 437, 'node_hidden_dim': 33, 'edge_hidden_dim': 45, 'depth': 2, 'rep_dropout': 0.14000307799899492, 'train_learning_rate': 0.00010457818946145844, 'train_lr_reduce': 0.6}. Best is trial 122 with value: 0.09548358619213104.
[I 2024-12-19 21:58:17,478] Trial 2208 finished with value: 1.6797480583190918 and parameters: {'mlp_n_layers': 4, 'mlp_dim_00': 238, 'mlp_dim_01': 289, 'mlp_dim_02': 336, 'mlp_dim_03': 444, 'node_hidden_dim': 50, 'edge_hidden_dim': 66, 'depth': 1, 'rep_dropout': 0.13729392777038835, 'train_learning_rate': 0.00043394906416167103, 'train_lr_reduce': 0.6}. Best is trial 122 with value: 0.09548358619213104.
[I 2024-12-19 21:58:22,431] Trial 2209 finished with value: 1.666782021522522 and parameters: {'mlp_n_layers': 4, 'mlp_dim_00': 278, 'mlp_dim_01': 317, 'mlp_dim_02': 356, 'mlp_dim_03': 421, 'node_hidden_dim': 59, 'edge_hidden_dim': 62, 'depth': 1, 'rep_dropout': 0.12985430903757963, 'train_learning_rate': 0.0007691880819544244, 'train_lr_reduce': 0.6}. Best is trial 122 with value: 0.09548358619213104.
[I 2024-12-19 21:58:36,746] Trial 2204 finished with value: 0.13951116800308228 and parameters: {'mlp_n_layers': 4, 'mlp_dim_00': 320, 'mlp_dim_01': 421, 'mlp_dim_02': 338, 'mlp_dim_03': 409, 'node_hidden_dim': 86, 'edge_hidden_dim': 39, 'depth': 2, 'rep_dropout': 0.09369763802341237, 'train_learning_rate': 0.0008310000122943305, 'train_lr_reduce': 0.6}. Best is trial 122 with value: 0.09548358619213104.
[I 2024-12-19 21:58:42,017] Trial 2211 finished with value: 1.6830943822860718 and parameters: {'mlp_n_layers': 4, 'mlp_dim_00': 188, 'mlp_dim_01': 271, 'mlp_dim_02': 353, 'mlp_dim_03': 449, 'node_hidden_dim': 43, 'edge_hidden_dim': 59, 'depth': 2, 'rep_dropout': 0.08334037655448469, 'train_learning_rate': 0.0002799904298822072, 'train_lr_reduce': 0.6}. Best is trial 122 with value: 0.09548358619213104.
[I 2024-12-19 21:58:43,538] Trial 2206 finished with value: 0.10310264676809311 and parameters: {'mlp_n_layers': 4, 'mlp_dim_00': 346, 'mlp_dim_01': 296, 'mlp_dim_02': 343, 'mlp_dim_03': 443, 'node_hidden_dim': 92, 'edge_hidden_dim': 60, 'depth': 1, 'rep_dropout': 0.08726339538150486, 'train_learning_rate': 0.0006570109425246702, 'train_lr_reduce': 0.6}. Best is trial 122 with value: 0.09548358619213104.
[I 2024-12-19 21:58:47,098] Trial 2212 finished with value: 1.6737459897994995 and parameters: {'mlp_n_layers': 4, 'mlp_dim_00': 214, 'mlp_dim_01': 326, 'mlp_dim_02': 352, 'mlp_dim_03': 418, 'node_hidden_dim': 33, 'edge_hidden_dim': 74, 'depth': 1, 'rep_dropout': 0.10498118428686473, 'train_learning_rate': 0.0003575611308365903, 'train_lr_reduce': 0.6}. Best is trial 122 with value: 0.09548358619213104.
[I 2024-12-19 21:58:48,221] Trial 2213 finished with value: 1.6689850091934204 and parameters: {'mlp_n_layers': 4, 'mlp_dim_00': 285, 'mlp_dim_01': 277, 'mlp_dim_02': 287, 'mlp_dim_03': 456, 'node_hidden_dim': 39, 'edge_hidden_dim': 57, 'depth': 1, 'rep_dropout': 0.10549854508434187, 'train_learning_rate': 0.0007605653072728173, 'train_lr_reduce': 0.6}. Best is trial 122 with value: 0.09548358619213104.
[I 2024-12-19 21:59:02,864] Trial 2210 finished with value: 0.11204218119382858 and parameters: {'mlp_n_layers': 3, 'mlp_dim_00': 286, 'mlp_dim_01': 324, 'mlp_dim_02': 309, 'node_hidden_dim': 50, 'edge_hidden_dim': 67, 'depth': 1, 'rep_dropout': 0.1278215839934447, 'train_learning_rate': 0.0003949178775916036, 'train_lr_reduce': 0.6}. Best is trial 122 with value: 0.09548358619213104.
[I 2024-12-19 21:59:08,866] Trial 2216 finished with value: 1.6657817363739014 and parameters: {'mlp_n_layers': 3, 'mlp_dim_00': 472, 'mlp_dim_01': 338, 'mlp_dim_02': 363, 'node_hidden_dim': 68, 'edge_hidden_dim': 93, 'depth': 3, 'rep_dropout': 0.026342635842265996, 'train_learning_rate': 0.0006437478479752465, 'train_lr_reduce': 0.6}. Best is trial 122 with value: 0.09548358619213104.
[I 2024-12-19 21:59:14,290] Trial 2217 finished with value: 1.6798597574234009 and parameters: {'mlp_n_layers': 4, 'mlp_dim_00': 274, 'mlp_dim_01': 287, 'mlp_dim_02': 310, 'mlp_dim_03': 408, 'node_hidden_dim': 58, 'edge_hidden_dim': 40, 'depth': 1, 'rep_dropout': 0.10858743264397352, 'train_learning_rate': 0.0004688191981214577, 'train_lr_reduce': 0.6}. Best is trial 122 with value: 0.09548358619213104.
[I 2024-12-19 21:59:17,300] Trial 2214 finished with value: 0.1328439861536026 and parameters: {'mlp_n_layers': 4, 'mlp_dim_00': 500, 'mlp_dim_01': 337, 'mlp_dim_02': 346, 'mlp_dim_03': 456, 'node_hidden_dim': 70, 'edge_hidden_dim': 73, 'depth': 1, 'rep_dropout': 0.1258748516702272, 'train_learning_rate': 0.0008492407243732143, 'train_lr_reduce': 0.6}. Best is trial 122 with value: 0.09548358619213104.
[I 2024-12-19 21:59:20,252] Trial 2218 finished with value: 1.678701400756836 and parameters: {'mlp_n_layers': 4, 'mlp_dim_00': 301, 'mlp_dim_01': 273, 'mlp_dim_02': 359, 'mlp_dim_03': 460, 'node_hidden_dim': 33, 'edge_hidden_dim': 77, 'depth': 2, 'rep_dropout': 0.14429795110386665, 'train_learning_rate': 0.0003842069088886582, 'train_lr_reduce': 0.6}. Best is trial 122 with value: 0.09548358619213104.
[I 2024-12-19 21:59:22,645] Trial 2215 finished with value: 0.16584110260009766 and parameters: {'mlp_n_layers': 3, 'mlp_dim_00': 325, 'mlp_dim_01': 310, 'mlp_dim_02': 320, 'node_hidden_dim': 74, 'edge_hidden_dim': 41, 'depth': 1, 'rep_dropout': 0.1267503963869523, 'train_learning_rate': 0.0005079816709572549, 'train_lr_reduce': 0.6}. Best is trial 122 with value: 0.09548358619213104.
[I 2024-12-19 21:59:23,202] Trial 2219 finished with value: 1.683596134185791 and parameters: {'mlp_n_layers': 4, 'mlp_dim_00': 508, 'mlp_dim_01': 341, 'mlp_dim_02': 320, 'mlp_dim_03': 414, 'node_hidden_dim': 69, 'edge_hidden_dim': 55, 'depth': 2, 'rep_dropout': 0.14268054698399255, 'train_learning_rate': 0.0006408088973645619, 'train_lr_reduce': 0.6}. Best is trial 122 with value: 0.09548358619213104.
[I 2024-12-19 21:59:25,582] Trial 2220 finished with value: 1.5580869913101196 and parameters: {'mlp_n_layers': 4, 'mlp_dim_00': 245, 'mlp_dim_01': 303, 'mlp_dim_02': 276, 'mlp_dim_03': 457, 'node_hidden_dim': 118, 'edge_hidden_dim': 120, 'depth': 3, 'rep_dropout': 0.02674180569596915, 'train_learning_rate': 0.002898578098850981, 'train_lr_reduce': 0.6}. Best is trial 122 with value: 0.09548358619213104.
[I 2024-12-19 21:59:29,155] Trial 2222 finished with value: 1.6755980253219604 and parameters: {'mlp_n_layers': 4, 'mlp_dim_00': 264, 'mlp_dim_01': 302, 'mlp_dim_02': 369, 'mlp_dim_03': 463, 'node_hidden_dim': 48, 'edge_hidden_dim': 66, 'depth': 2, 'rep_dropout': 0.11816673506602146, 'train_learning_rate': 0.00030301253304065493, 'train_lr_reduce': 0.6}. Best is trial 122 with value: 0.09548358619213104.
[I 2024-12-19 21:59:30,680] Trial 2223 finished with value: 1.5580726861953735 and parameters: {'mlp_n_layers': 1, 'mlp_dim_00': 187, 'node_hidden_dim': 81, 'edge_hidden_dim': 111, 'depth': 1, 'rep_dropout': 0.08629611426175922, 'train_learning_rate': 0.00765040022970171, 'train_lr_reduce': 0.6}. Best is trial 122 with value: 0.09548358619213104.
[I 2024-12-19 21:59:34,130] Trial 2224 finished with value: 1.6798267364501953 and parameters: {'mlp_n_layers': 4, 'mlp_dim_00': 250, 'mlp_dim_01': 233, 'mlp_dim_02': 300, 'mlp_dim_03': 415, 'node_hidden_dim': 67, 'edge_hidden_dim': 76, 'depth': 1, 'rep_dropout': 0.11352409553543646, 'train_learning_rate': 0.00046462295420154876, 'train_lr_reduce': 0.6}. Best is trial 122 with value: 0.09548358619213104.
[I 2024-12-19 21:59:35,171] Trial 2225 finished with value: 1.6731292009353638 and parameters: {'mlp_n_layers': 3, 'mlp_dim_00': 419, 'mlp_dim_01': 263, 'mlp_dim_02': 343, 'node_hidden_dim': 87, 'edge_hidden_dim': 70, 'depth': 1, 'rep_dropout': 0.10382060280559766, 'train_learning_rate': 0.00018261876472464223, 'train_lr_reduce': 0.6}. Best is trial 122 with value: 0.09548358619213104.
[I 2024-12-19 21:59:39,074] Trial 2226 finished with value: 1.6759706735610962 and parameters: {'mlp_n_layers': 4, 'mlp_dim_00': 372, 'mlp_dim_01': 344, 'mlp_dim_02': 378, 'mlp_dim_03': 466, 'node_hidden_dim': 46, 'edge_hidden_dim': 65, 'depth': 1, 'rep_dropout': 0.0881152013080846, 'train_learning_rate': 0.0004991469816689934, 'train_lr_reduce': 0.6}. Best is trial 122 with value: 0.09548358619213104.
[I 2024-12-19 22:00:02,368] Trial 2221 finished with value: 0.17021425068378448 and parameters: {'mlp_n_layers': 4, 'mlp_dim_00': 182, 'mlp_dim_01': 346, 'mlp_dim_02': 366, 'mlp_dim_03': 423, 'node_hidden_dim': 55, 'edge_hidden_dim': 75, 'depth': 1, 'rep_dropout': 0.06647410731761672, 'train_learning_rate': 0.0010302958767821476, 'train_lr_reduce': 0.6}. Best is trial 122 with value: 0.09548358619213104.
[I 2024-12-19 22:00:15,779] Trial 2229 finished with value: 1.290371298789978 and parameters: {'mlp_n_layers': 4, 'mlp_dim_00': 342, 'mlp_dim_01': 320, 'mlp_dim_02': 291, 'mlp_dim_03': 418, 'node_hidden_dim': 48, 'edge_hidden_dim': 83, 'depth': 2, 'rep_dropout': 0.11444119212789938, 'train_learning_rate': 0.0008770304596245875, 'train_lr_reduce': 0.6}. Best is trial 122 with value: 0.09548358619213104.
[I 2024-12-19 22:00:20,635] Trial 2227 finished with value: 0.4583350419998169 and parameters: {'mlp_n_layers': 4, 'mlp_dim_00': 266, 'mlp_dim_01': 307, 'mlp_dim_02': 324, 'mlp_dim_03': 397, 'node_hidden_dim': 51, 'edge_hidden_dim': 65, 'depth': 1, 'rep_dropout': 0.11256193618752122, 'train_learning_rate': 0.0008140308160745385, 'train_lr_reduce': 0.6}. Best is trial 122 with value: 0.09548358619213104.
[I 2024-12-19 22:00:23,043] Trial 2228 finished with value: 0.1478901207447052 and parameters: {'mlp_n_layers': 4, 'mlp_dim_00': 270, 'mlp_dim_01': 358, 'mlp_dim_02': 365, 'mlp_dim_03': 467, 'node_hidden_dim': 44, 'edge_hidden_dim': 56, 'depth': 1, 'rep_dropout': 0.09110766802217149, 'train_learning_rate': 0.0005948738947000976, 'train_lr_reduce': 0.6}. Best is trial 122 with value: 0.09548358619213104.
[I 2024-12-19 22:00:28,248] Trial 2232 finished with value: 1.6247646808624268 and parameters: {'mlp_n_layers': 4, 'mlp_dim_00': 490, 'mlp_dim_01': 285, 'mlp_dim_02': 317, 'mlp_dim_03': 444, 'node_hidden_dim': 33, 'edge_hidden_dim': 59, 'depth': 1, 'rep_dropout': 0.14633192621844432, 'train_learning_rate': 0.001912604748337162, 'train_lr_reduce': 0.6}. Best is trial 122 with value: 0.09548358619213104.
[I 2024-12-19 22:00:34,525] Trial 2231 finished with value: 0.42221421003341675 and parameters: {'mlp_n_layers': 4, 'mlp_dim_00': 134, 'mlp_dim_01': 364, 'mlp_dim_02': 336, 'mlp_dim_03': 473, 'node_hidden_dim': 98, 'edge_hidden_dim': 58, 'depth': 1, 'rep_dropout': 0.08143962062099958, 'train_learning_rate': 0.003133813937088348, 'train_lr_reduce': 0.6}. Best is trial 122 with value: 0.09548358619213104.
[I 2024-12-19 22:00:41,092] Trial 2233 finished with value: 1.2632734775543213 and parameters: {'mlp_n_layers': 4, 'mlp_dim_00': 164, 'mlp_dim_01': 365, 'mlp_dim_02': 375, 'mlp_dim_03': 409, 'node_hidden_dim': 59, 'edge_hidden_dim': 72, 'depth': 2, 'rep_dropout': 0.11467233477110651, 'train_learning_rate': 0.0010302511479960072, 'train_lr_reduce': 0.6}. Best is trial 122 with value: 0.09548358619213104.
[I 2024-12-19 22:00:46,565] Trial 2230 finished with value: 0.1721051186323166 and parameters: {'mlp_n_layers': 4, 'mlp_dim_00': 332, 'mlp_dim_01': 259, 'mlp_dim_02': 377, 'mlp_dim_03': 404, 'node_hidden_dim': 65, 'edge_hidden_dim': 72, 'depth': 1, 'rep_dropout': 0.10115699061757968, 'train_learning_rate': 0.0006439917552386399, 'train_lr_reduce': 0.6}. Best is trial 122 with value: 0.09548358619213104.
[I 2024-12-19 22:00:52,870] Trial 2236 finished with value: 1.5914192199707031 and parameters: {'mlp_n_layers': 3, 'mlp_dim_00': 315, 'mlp_dim_01': 290, 'mlp_dim_02': 380, 'node_hidden_dim': 92, 'edge_hidden_dim': 85, 'depth': 1, 'rep_dropout': 0.09372949169137032, 'train_learning_rate': 0.007470678760927876, 'train_lr_reduce': 0.6}. Best is trial 122 with value: 0.09548358619213104.
[I 2024-12-19 22:00:59,046] Trial 2237 finished with value: 1.6822288036346436 and parameters: {'mlp_n_layers': 3, 'mlp_dim_00': 285, 'mlp_dim_01': 363, 'mlp_dim_02': 317, 'node_hidden_dim': 34, 'edge_hidden_dim': 62, 'depth': 1, 'rep_dropout': 0.10060567431268579, 'train_learning_rate': 0.0003670892871940717, 'train_lr_reduce': 0.6}. Best is trial 122 with value: 0.09548358619213104.
[I 2024-12-19 22:01:04,509] Trial 2238 finished with value: 1.658782720565796 and parameters: {'mlp_n_layers': 4, 'mlp_dim_00': 341, 'mlp_dim_01': 250, 'mlp_dim_02': 389, 'mlp_dim_03': 88, 'node_hidden_dim': 49, 'edge_hidden_dim': 49, 'depth': 1, 'rep_dropout': 0.09632404762865031, 'train_learning_rate': 0.0003678180054172664, 'train_lr_reduce': 0.6}. Best is trial 122 with value: 0.09548358619213104.
[I 2024-12-19 22:01:17,982] Trial 2234 finished with value: 0.10419539362192154 and parameters: {'mlp_n_layers': 4, 'mlp_dim_00': 505, 'mlp_dim_01': 318, 'mlp_dim_02': 277, 'mlp_dim_03': 457, 'node_hidden_dim': 76, 'edge_hidden_dim': 57, 'depth': 1, 'rep_dropout': 0.1427529842452234, 'train_learning_rate': 0.0018752979080191071, 'train_lr_reduce': 0.6}. Best is trial 122 with value: 0.09548358619213104.
[I 2024-12-19 22:01:23,285] Trial 2240 finished with value: 1.6624623537063599 and parameters: {'mlp_n_layers': 4, 'mlp_dim_00': 363, 'mlp_dim_01': 378, 'mlp_dim_02': 379, 'mlp_dim_03': 432, 'node_hidden_dim': 82, 'edge_hidden_dim': 58, 'depth': 2, 'rep_dropout': 0.12642973696602577, 'train_learning_rate': 0.0011854646474660138, 'train_lr_reduce': 0.6}. Best is trial 122 with value: 0.09548358619213104.
[I 2024-12-19 22:01:25,578] Trial 2235 finished with value: 0.10550742596387863 and parameters: {'mlp_n_layers': 4, 'mlp_dim_00': 419, 'mlp_dim_01': 346, 'mlp_dim_02': 343, 'mlp_dim_03': 479, 'node_hidden_dim': 64, 'edge_hidden_dim': 68, 'depth': 1, 'rep_dropout': 0.14904638932157313, 'train_learning_rate': 0.00039350889570440896, 'train_lr_reduce': 0.6}. Best is trial 122 with value: 0.09548358619213104.
[I 2024-12-19 22:01:44,466] Trial 2239 finished with value: 0.10562349855899811 and parameters: {'mlp_n_layers': 4, 'mlp_dim_00': 380, 'mlp_dim_01': 319, 'mlp_dim_02': 347, 'mlp_dim_03': 395, 'node_hidden_dim': 78, 'edge_hidden_dim': 70, 'depth': 1, 'rep_dropout': 0.12595394033304377, 'train_learning_rate': 0.00046137234690792826, 'train_lr_reduce': 0.6}. Best is trial 122 with value: 0.09548358619213104.
[I 2024-12-19 22:01:45,122] Trial 2242 finished with value: 0.25184816122055054 and parameters: {'mlp_n_layers': 4, 'mlp_dim_00': 328, 'mlp_dim_01': 332, 'mlp_dim_02': 290, 'mlp_dim_03': 389, 'node_hidden_dim': 78, 'edge_hidden_dim': 70, 'depth': 1, 'rep_dropout': 0.10038482438556244, 'train_learning_rate': 0.0013582498004037, 'train_lr_reduce': 0.6}. Best is trial 122 with value: 0.09548358619213104.
[I 2024-12-19 22:01:49,466] Trial 2243 finished with value: 1.6792552471160889 and parameters: {'mlp_n_layers': 4, 'mlp_dim_00': 203, 'mlp_dim_01': 384, 'mlp_dim_02': 378, 'mlp_dim_03': 445, 'node_hidden_dim': 54, 'edge_hidden_dim': 45, 'depth': 1, 'rep_dropout': 0.1071740007873278, 'train_learning_rate': 0.0003224253447252209, 'train_lr_reduce': 0.6}. Best is trial 122 with value: 0.09548358619213104.
[I 2024-12-19 22:02:00,865] Trial 2241 finished with value: 0.11030096560716629 and parameters: {'mlp_n_layers': 3, 'mlp_dim_00': 509, 'mlp_dim_01': 290, 'mlp_dim_02': 328, 'node_hidden_dim': 72, 'edge_hidden_dim': 71, 'depth': 1, 'rep_dropout': 0.12444827010532708, 'train_learning_rate': 0.0006143144955727581, 'train_lr_reduce': 0.6}. Best is trial 122 with value: 0.09548358619213104.
[I 2024-12-19 22:02:06,653] Trial 2246 finished with value: 1.6727781295776367 and parameters: {'mlp_n_layers': 3, 'mlp_dim_00': 309, 'mlp_dim_01': 325, 'mlp_dim_02': 389, 'node_hidden_dim': 62, 'edge_hidden_dim': 73, 'depth': 2, 'rep_dropout': 0.09406442285572503, 'train_learning_rate': 0.000327344113281111, 'train_lr_reduce': 0.6}. Best is trial 122 with value: 0.09548358619213104.
[I 2024-12-19 22:02:13,063] Trial 2247 finished with value: 1.668430209159851 and parameters: {'mlp_n_layers': 4, 'mlp_dim_00': 267, 'mlp_dim_01': 380, 'mlp_dim_02': 303, 'mlp_dim_03': 476, 'node_hidden_dim': 76, 'edge_hidden_dim': 124, 'depth': 4, 'rep_dropout': 0.1032952211403873, 'train_learning_rate': 0.00011862687099853908, 'train_lr_reduce': 0.6}. Best is trial 122 with value: 0.09548358619213104.
[I 2024-12-19 22:02:18,263] Trial 2248 finished with value: 1.6095325946807861 and parameters: {'mlp_n_layers': 4, 'mlp_dim_00': 273, 'mlp_dim_01': 296, 'mlp_dim_02': 349, 'mlp_dim_03': 386, 'node_hidden_dim': 37, 'edge_hidden_dim': 42, 'depth': 1, 'rep_dropout': 0.08783576666539583, 'train_learning_rate': 0.0022342616033351526, 'train_lr_reduce': 0.6}. Best is trial 122 with value: 0.09548358619213104.
[I 2024-12-19 22:02:24,166] Trial 2245 finished with value: 0.14442023634910583 and parameters: {'mlp_n_layers': 4, 'mlp_dim_00': 344, 'mlp_dim_01': 212, 'mlp_dim_02': 346, 'mlp_dim_03': 413, 'node_hidden_dim': 56, 'edge_hidden_dim': 57, 'depth': 1, 'rep_dropout': 0.10174066133947464, 'train_learning_rate': 0.0005833489783221099, 'train_lr_reduce': 0.6}. Best is trial 122 with value: 0.09548358619213104.
[I 2024-12-19 22:02:26,229] Trial 2244 finished with value: 0.11066490411758423 and parameters: {'mlp_n_layers': 4, 'mlp_dim_00': 129, 'mlp_dim_01': 264, 'mlp_dim_02': 276, 'mlp_dim_03': 478, 'node_hidden_dim': 94, 'edge_hidden_dim': 51, 'depth': 1, 'rep_dropout': 0.1407425671371988, 'train_learning_rate': 0.0005477532442445506, 'train_lr_reduce': 0.6}. Best is trial 122 with value: 0.09548358619213104.
[I 2024-12-19 22:02:31,913] Trial 2251 finished with value: 1.6861604452133179 and parameters: {'mlp_n_layers': 3, 'mlp_dim_00': 155, 'mlp_dim_01': 252, 'mlp_dim_02': 348, 'node_hidden_dim': 37, 'edge_hidden_dim': 33, 'depth': 2, 'rep_dropout': 0.13324018821482594, 'train_learning_rate': 0.00039550568849788467, 'train_lr_reduce': 0.6}. Best is trial 122 with value: 0.09548358619213104.
[I 2024-12-19 22:02:34,245] Trial 2250 finished with value: 0.5860497951507568 and parameters: {'mlp_n_layers': 3, 'mlp_dim_00': 212, 'mlp_dim_01': 383, 'mlp_dim_02': 323, 'node_hidden_dim': 83, 'edge_hidden_dim': 55, 'depth': 1, 'rep_dropout': 0.10031158907698234, 'train_learning_rate': 0.008946587244478284, 'train_lr_reduce': 0.6}. Best is trial 122 with value: 0.09548358619213104.
[I 2024-12-19 22:02:40,298] Trial 2249 finished with value: 0.2121092528104782 and parameters: {'mlp_n_layers': 4, 'mlp_dim_00': 278, 'mlp_dim_01': 341, 'mlp_dim_02': 395, 'mlp_dim_03': 436, 'node_hidden_dim': 65, 'edge_hidden_dim': 51, 'depth': 1, 'rep_dropout': 0.09646134496374638, 'train_learning_rate': 0.0012345060355319576, 'train_lr_reduce': 0.6}. Best is trial 122 with value: 0.09548358619213104.
[I 2024-12-19 22:02:40,769] Trial 2253 finished with value: 1.6832903623580933 and parameters: {'mlp_n_layers': 4, 'mlp_dim_00': 244, 'mlp_dim_01': 308, 'mlp_dim_02': 267, 'mlp_dim_03': 474, 'node_hidden_dim': 57, 'edge_hidden_dim': 59, 'depth': 1, 'rep_dropout': 0.11953371079891634, 'train_learning_rate': 0.0002786741900968544, 'train_lr_reduce': 0.6}. Best is trial 122 with value: 0.09548358619213104.
[I 2024-12-19 22:02:46,273] Trial 2252 finished with value: 1.3185874223709106 and parameters: {'mlp_n_layers': 3, 'mlp_dim_00': 205, 'mlp_dim_01': 345, 'mlp_dim_02': 102, 'node_hidden_dim': 40, 'edge_hidden_dim': 107, 'depth': 4, 'rep_dropout': 0.055849377985141155, 'train_learning_rate': 0.0014678863441950104, 'train_lr_reduce': 0.6}. Best is trial 122 with value: 0.09548358619213104.
[I 2024-12-19 22:02:46,918] Trial 2254 finished with value: 1.6001008749008179 and parameters: {'mlp_n_layers': 2, 'mlp_dim_00': 299, 'mlp_dim_01': 401, 'node_hidden_dim': 123, 'edge_hidden_dim': 126, 'depth': 4, 'rep_dropout': 0.14539099274254436, 'train_learning_rate': 0.004164853797837671, 'train_lr_reduce': 0.6}. Best is trial 122 with value: 0.09548358619213104.
[I 2024-12-19 22:03:29,450] Trial 2255 finished with value: 0.10324420034885406 and parameters: {'mlp_n_layers': 4, 'mlp_dim_00': 441, 'mlp_dim_01': 291, 'mlp_dim_02': 388, 'mlp_dim_03': 388, 'node_hidden_dim': 42, 'edge_hidden_dim': 67, 'depth': 1, 'rep_dropout': 0.11684699800141216, 'train_learning_rate': 0.0011174320299527757, 'train_lr_reduce': 0.6}. Best is trial 122 with value: 0.09548358619213104.
