[I 2024-12-19 08:44:15,183] Trial 1963 finished with value: 1.2844690084457397 and parameters: {'mlp_n_layers': 2, 'mlp_dim_00': 148, 'mlp_dim_01': 138, 'node_hidden_dim': 100, 'edge_hidden_dim': 108, 'depth': 2, 'rep_dropout': 0.009557198938571631, 'train_learning_rate': 0.005567189529064878, 'train_lr_reduce': 0.6}. Best is trial 1483 with value: 0.2768918573856354.
[I 2024-12-19 08:44:15,493] Trial 1964 finished with value: 1.3041127920150757 and parameters: {'mlp_n_layers': 2, 'mlp_dim_00': 343, 'mlp_dim_01': 194, 'node_hidden_dim': 103, 'edge_hidden_dim': 35, 'depth': 2, 'rep_dropout': 0.11793492594133329, 'train_learning_rate': 0.00955346324228662, 'train_lr_reduce': 0.6}. Best is trial 1483 with value: 0.2768918573856354.
[I 2024-12-19 08:44:18,041] Trial 1965 finished with value: 1.3196792602539062 and parameters: {'mlp_n_layers': 3, 'mlp_dim_00': 440, 'mlp_dim_01': 404, 'mlp_dim_02': 390, 'node_hidden_dim': 126, 'edge_hidden_dim': 102, 'depth': 3, 'rep_dropout': 0.1641041040950071, 'train_learning_rate': 0.0042844442562024335, 'train_lr_reduce': 0.6}. Best is trial 1483 with value: 0.2768918573856354.
[I 2024-12-19 08:44:19,714] Trial 1966 finished with value: 1.2944098711013794 and parameters: {'mlp_n_layers': 2, 'mlp_dim_00': 170, 'mlp_dim_01': 176, 'node_hidden_dim': 107, 'edge_hidden_dim': 117, 'depth': 2, 'rep_dropout': 0.0015149772501650088, 'train_learning_rate': 0.0056893541048607145, 'train_lr_reduce': 0.6}. Best is trial 1483 with value: 0.2768918573856354.
[I 2024-12-19 08:44:20,752] Trial 1967 finished with value: 1.305209755897522 and parameters: {'mlp_n_layers': 3, 'mlp_dim_00': 189, 'mlp_dim_01': 194, 'mlp_dim_02': 326, 'node_hidden_dim': 74, 'edge_hidden_dim': 40, 'depth': 3, 'rep_dropout': 0.07227463351847632, 'train_learning_rate': 0.009323974704015707, 'train_lr_reduce': 0.6}. Best is trial 1483 with value: 0.2768918573856354.
[I 2024-12-19 08:44:22,883] Trial 1968 finished with value: 1.2857882976531982 and parameters: {'mlp_n_layers': 3, 'mlp_dim_00': 512, 'mlp_dim_01': 450, 'mlp_dim_02': 291, 'node_hidden_dim': 121, 'edge_hidden_dim': 97, 'depth': 2, 'rep_dropout': 0.1587111383466976, 'train_learning_rate': 0.007807863723896392, 'train_lr_reduce': 0.6}. Best is trial 1483 with value: 0.2768918573856354.
[I 2024-12-19 08:44:25,177] Trial 1970 finished with value: 1.3502933979034424 and parameters: {'mlp_n_layers': 4, 'mlp_dim_00': 482, 'mlp_dim_01': 497, 'mlp_dim_02': 462, 'mlp_dim_03': 160, 'node_hidden_dim': 77, 'edge_hidden_dim': 89, 'depth': 2, 'rep_dropout': 0.09277000077776562, 'train_learning_rate': 0.004215205592258472, 'train_lr_reduce': 0.6}. Best is trial 1483 with value: 0.2768918573856354.
[I 2024-12-19 08:44:27,479] Trial 1971 finished with value: 1.5657217502593994 and parameters: {'mlp_n_layers': 4, 'mlp_dim_00': 211, 'mlp_dim_01': 240, 'mlp_dim_02': 364, 'mlp_dim_03': 157, 'node_hidden_dim': 108, 'edge_hidden_dim': 69, 'depth': 2, 'rep_dropout': 0.14366329738952238, 'train_learning_rate': 0.00031527081277525843, 'train_lr_reduce': 0.6}. Best is trial 1483 with value: 0.2768918573856354.
[I 2024-12-19 08:44:31,983] Trial 1973 finished with value: 1.4213452339172363 and parameters: {'mlp_n_layers': 2, 'mlp_dim_00': 291, 'mlp_dim_01': 219, 'node_hidden_dim': 128, 'edge_hidden_dim': 58, 'depth': 2, 'rep_dropout': 0.005099933799248912, 'train_learning_rate': 0.004983665671095304, 'train_lr_reduce': 0.6}. Best is trial 1483 with value: 0.2768918573856354.
[I 2024-12-19 08:44:33,377] Trial 1969 finished with value: 0.41689151525497437 and parameters: {'mlp_n_layers': 2, 'mlp_dim_00': 274, 'mlp_dim_01': 143, 'node_hidden_dim': 101, 'edge_hidden_dim': 58, 'depth': 2, 'rep_dropout': 0.06391046372937971, 'train_learning_rate': 0.009304875420302994, 'train_lr_reduce': 0.6}. Best is trial 1483 with value: 0.2768918573856354.
[I 2024-12-19 08:44:36,909] Trial 1974 finished with value: 1.3414169549942017 and parameters: {'mlp_n_layers': 2, 'mlp_dim_00': 169, 'mlp_dim_01': 191, 'node_hidden_dim': 104, 'edge_hidden_dim': 99, 'depth': 2, 'rep_dropout': 0.053009220409113364, 'train_learning_rate': 0.007142634074741799, 'train_lr_reduce': 0.6}. Best is trial 1483 with value: 0.2768918573856354.
[I 2024-12-19 08:44:38,141] Trial 1975 finished with value: 1.3002431392669678 and parameters: {'mlp_n_layers': 2, 'mlp_dim_00': 267, 'mlp_dim_01': 179, 'node_hidden_dim': 115, 'edge_hidden_dim': 98, 'depth': 2, 'rep_dropout': 0.021289220527584144, 'train_learning_rate': 0.008601163727139122, 'train_lr_reduce': 0.6}. Best is trial 1483 with value: 0.2768918573856354.
[I 2024-12-19 08:44:40,198] Trial 1972 finished with value: 0.6990296244621277 and parameters: {'mlp_n_layers': 2, 'mlp_dim_00': 147, 'mlp_dim_01': 234, 'node_hidden_dim': 115, 'edge_hidden_dim': 65, 'depth': 3, 'rep_dropout': 0.07756418878182125, 'train_learning_rate': 0.008506873157895448, 'train_lr_reduce': 0.6}. Best is trial 1483 with value: 0.2768918573856354.
[I 2024-12-19 08:44:41,910] Trial 1976 finished with value: 1.2957407236099243 and parameters: {'mlp_n_layers': 4, 'mlp_dim_00': 275, 'mlp_dim_01': 287, 'mlp_dim_02': 413, 'mlp_dim_03': 157, 'node_hidden_dim': 89, 'edge_hidden_dim': 80, 'depth': 3, 'rep_dropout': 0.10390081949940755, 'train_learning_rate': 0.006144918759641688, 'train_lr_reduce': 0.6}. Best is trial 1483 with value: 0.2768918573856354.
[I 2024-12-19 08:44:43,254] Trial 1977 finished with value: 1.4725910425186157 and parameters: {'mlp_n_layers': 2, 'mlp_dim_00': 165, 'mlp_dim_01': 205, 'node_hidden_dim': 81, 'edge_hidden_dim': 66, 'depth': 3, 'rep_dropout': 0.14078015090724139, 'train_learning_rate': 0.004608154578267749, 'train_lr_reduce': 0.6}. Best is trial 1483 with value: 0.2768918573856354.
[I 2024-12-19 08:44:45,216] Trial 1978 finished with value: 1.2916676998138428 and parameters: {'mlp_n_layers': 2, 'mlp_dim_00': 122, 'mlp_dim_01': 229, 'node_hidden_dim': 96, 'edge_hidden_dim': 66, 'depth': 2, 'rep_dropout': 0.15697456121722023, 'train_learning_rate': 0.008636869863912301, 'train_lr_reduce': 0.6}. Best is trial 1483 with value: 0.2768918573856354.
[I 2024-12-19 08:44:48,045] Trial 1979 finished with value: 1.3782684803009033 and parameters: {'mlp_n_layers': 3, 'mlp_dim_00': 503, 'mlp_dim_01': 381, 'mlp_dim_02': 283, 'node_hidden_dim': 100, 'edge_hidden_dim': 102, 'depth': 3, 'rep_dropout': 0.16949342198527848, 'train_learning_rate': 0.00669923174995067, 'train_lr_reduce': 0.6}. Best is trial 1483 with value: 0.2768918573856354.
[I 2024-12-19 08:44:48,354] Trial 1980 finished with value: 1.2880938053131104 and parameters: {'mlp_n_layers': 2, 'mlp_dim_00': 175, 'mlp_dim_01': 236, 'node_hidden_dim': 125, 'edge_hidden_dim': 72, 'depth': 2, 'rep_dropout': 0.055279494800363316, 'train_learning_rate': 0.00987818319875448, 'train_lr_reduce': 0.6}. Best is trial 1483 with value: 0.2768918573856354.
[I 2024-12-19 08:44:49,517] Trial 1981 finished with value: 1.4988776445388794 and parameters: {'mlp_n_layers': 2, 'mlp_dim_00': 152, 'mlp_dim_01': 191, 'node_hidden_dim': 82, 'edge_hidden_dim': 118, 'depth': 2, 'rep_dropout': 0.05255103495994129, 'train_learning_rate': 0.007036351673710821, 'train_lr_reduce': 0.6}. Best is trial 1483 with value: 0.2768918573856354.
[I 2024-12-19 08:44:52,161] Trial 1982 finished with value: 1.3910481929779053 and parameters: {'mlp_n_layers': 2, 'mlp_dim_00': 194, 'mlp_dim_01': 120, 'node_hidden_dim': 124, 'edge_hidden_dim': 61, 'depth': 2, 'rep_dropout': 0.0525427521289357, 'train_learning_rate': 0.008108185977113876, 'train_lr_reduce': 0.6}. Best is trial 1483 with value: 0.2768918573856354.
[I 2024-12-19 08:44:52,892] Trial 1983 finished with value: 1.4071069955825806 and parameters: {'mlp_n_layers': 2, 'mlp_dim_00': 95, 'mlp_dim_01': 110, 'node_hidden_dim': 128, 'edge_hidden_dim': 35, 'depth': 3, 'rep_dropout': 0.07618757583188325, 'train_learning_rate': 0.0056070991219922695, 'train_lr_reduce': 0.6}. Best is trial 1483 with value: 0.2768918573856354.
[I 2024-12-19 08:44:53,722] Trial 1984 finished with value: 1.4081690311431885 and parameters: {'mlp_n_layers': 2, 'mlp_dim_00': 120, 'mlp_dim_01': 277, 'node_hidden_dim': 95, 'edge_hidden_dim': 110, 'depth': 2, 'rep_dropout': 0.02038489273286339, 'train_learning_rate': 0.006604709343868358, 'train_lr_reduce': 0.6}. Best is trial 1483 with value: 0.2768918573856354.
[I 2024-12-19 08:44:57,325] Trial 1985 finished with value: 1.3732467889785767 and parameters: {'mlp_n_layers': 2, 'mlp_dim_00': 158, 'mlp_dim_01': 443, 'node_hidden_dim': 113, 'edge_hidden_dim': 128, 'depth': 3, 'rep_dropout': 0.07667689680048523, 'train_learning_rate': 0.0043371913498164725, 'train_lr_reduce': 0.6}. Best is trial 1483 with value: 0.2768918573856354.
[I 2024-12-19 08:44:58,935] Trial 1986 finished with value: 1.4527301788330078 and parameters: {'mlp_n_layers': 4, 'mlp_dim_00': 420, 'mlp_dim_01': 386, 'mlp_dim_02': 338, 'mlp_dim_03': 398, 'node_hidden_dim': 92, 'edge_hidden_dim': 99, 'depth': 2, 'rep_dropout': 0.11059335669561399, 'train_learning_rate': 0.007833604846621735, 'train_lr_reduce': 0.6}. Best is trial 1483 with value: 0.2768918573856354.
[I 2024-12-19 08:45:01,821] Trial 1988 finished with value: 1.4805785417556763 and parameters: {'mlp_n_layers': 4, 'mlp_dim_00': 278, 'mlp_dim_01': 92, 'mlp_dim_02': 372, 'mlp_dim_03': 285, 'node_hidden_dim': 52, 'edge_hidden_dim': 89, 'depth': 2, 'rep_dropout': 0.2074846424043461, 'train_learning_rate': 0.0021722548211437205, 'train_lr_reduce': 0.6}. Best is trial 1483 with value: 0.2768918573856354.
[I 2024-12-19 08:45:03,810] Trial 1989 finished with value: 1.3232072591781616 and parameters: {'mlp_n_layers': 2, 'mlp_dim_00': 287, 'mlp_dim_01': 305, 'node_hidden_dim': 78, 'edge_hidden_dim': 39, 'depth': 2, 'rep_dropout': 0.05605574024110543, 'train_learning_rate': 0.0050157640072411415, 'train_lr_reduce': 0.6}. Best is trial 1483 with value: 0.2768918573856354.
[I 2024-12-19 08:45:07,441] Trial 1990 finished with value: 1.2964650392532349 and parameters: {'mlp_n_layers': 3, 'mlp_dim_00': 382, 'mlp_dim_01': 131, 'mlp_dim_02': 316, 'node_hidden_dim': 38, 'edge_hidden_dim': 72, 'depth': 3, 'rep_dropout': 0.052995934868910854, 'train_learning_rate': 0.006687129689038441, 'train_lr_reduce': 0.6}. Best is trial 1483 with value: 0.2768918573856354.
[I 2024-12-19 08:45:08,235] Trial 1987 finished with value: 0.4468899965286255 and parameters: {'mlp_n_layers': 3, 'mlp_dim_00': 174, 'mlp_dim_01': 234, 'mlp_dim_02': 460, 'node_hidden_dim': 82, 'edge_hidden_dim': 97, 'depth': 2, 'rep_dropout': 0.011461317060529604, 'train_learning_rate': 0.003596353667349124, 'train_lr_reduce': 0.6}. Best is trial 1483 with value: 0.2768918573856354.
[I 2024-12-19 08:45:12,526] Trial 1992 finished with value: 1.2951645851135254 and parameters: {'mlp_n_layers': 2, 'mlp_dim_00': 257, 'mlp_dim_01': 510, 'node_hidden_dim': 122, 'edge_hidden_dim': 123, 'depth': 3, 'rep_dropout': 0.09659361304601838, 'train_learning_rate': 0.0076944981894277505, 'train_lr_reduce': 0.6}. Best is trial 1483 with value: 0.2768918573856354.
[I 2024-12-19 08:45:13,440] Trial 1993 finished with value: 1.3338443040847778 and parameters: {'mlp_n_layers': 4, 'mlp_dim_00': 266, 'mlp_dim_01': 427, 'mlp_dim_02': 406, 'mlp_dim_03': 160, 'node_hidden_dim': 113, 'edge_hidden_dim': 56, 'depth': 2, 'rep_dropout': 0.05592897501287406, 'train_learning_rate': 0.0056887042815085085, 'train_lr_reduce': 0.6}. Best is trial 1483 with value: 0.2768918573856354.
[I 2024-12-19 08:45:15,880] Trial 1991 finished with value: 0.3994545340538025 and parameters: {'mlp_n_layers': 2, 'mlp_dim_00': 96, 'mlp_dim_01': 256, 'node_hidden_dim': 101, 'edge_hidden_dim': 51, 'depth': 2, 'rep_dropout': 0.043215206134642206, 'train_learning_rate': 0.009798854490380945, 'train_lr_reduce': 0.6}. Best is trial 1483 with value: 0.2768918573856354.
[I 2024-12-19 08:45:19,866] Trial 1995 finished with value: 1.4917892217636108 and parameters: {'mlp_n_layers': 2, 'mlp_dim_00': 107, 'mlp_dim_01': 500, 'node_hidden_dim': 97, 'edge_hidden_dim': 112, 'depth': 2, 'rep_dropout': 0.04973612376987652, 'train_learning_rate': 0.009940278441828165, 'train_lr_reduce': 0.6}. Best is trial 1483 with value: 0.2768918573856354.
[I 2024-12-19 08:45:21,668] Trial 1996 finished with value: 1.557648777961731 and parameters: {'mlp_n_layers': 3, 'mlp_dim_00': 80, 'mlp_dim_01': 366, 'mlp_dim_02': 276, 'node_hidden_dim': 76, 'edge_hidden_dim': 33, 'depth': 4, 'rep_dropout': 0.1716804912868641, 'train_learning_rate': 0.00031354772540987443, 'train_lr_reduce': 0.6}. Best is trial 1483 with value: 0.2768918573856354.
[I 2024-12-19 08:45:24,297] Trial 1997 finished with value: 1.3239576816558838 and parameters: {'mlp_n_layers': 2, 'mlp_dim_00': 107, 'mlp_dim_01': 200, 'node_hidden_dim': 126, 'edge_hidden_dim': 114, 'depth': 2, 'rep_dropout': 0.03400479005763335, 'train_learning_rate': 0.00678156444831015, 'train_lr_reduce': 0.6}. Best is trial 1483 with value: 0.2768918573856354.
[I 2024-12-19 08:45:26,655] Trial 1998 finished with value: 1.454786777496338 and parameters: {'mlp_n_layers': 2, 'mlp_dim_00': 172, 'mlp_dim_01': 64, 'node_hidden_dim': 116, 'edge_hidden_dim': 71, 'depth': 3, 'rep_dropout': 0.043996105123335655, 'train_learning_rate': 0.005578572670357221, 'train_lr_reduce': 0.6}. Best is trial 1483 with value: 0.2768918573856354.
[I 2024-12-19 08:45:27,340] Trial 1994 finished with value: 0.3590579926967621 and parameters: {'mlp_n_layers': 2, 'mlp_dim_00': 220, 'mlp_dim_01': 208, 'node_hidden_dim': 104, 'edge_hidden_dim': 117, 'depth': 2, 'rep_dropout': 0.011253336737005902, 'train_learning_rate': 0.006387746490366446, 'train_lr_reduce': 0.6}. Best is trial 1483 with value: 0.2768918573856354.
[I 2024-12-19 08:45:29,156] Trial 1999 finished with value: 1.5333431959152222 and parameters: {'mlp_n_layers': 3, 'mlp_dim_00': 346, 'mlp_dim_01': 473, 'mlp_dim_02': 443, 'node_hidden_dim': 65, 'edge_hidden_dim': 103, 'depth': 2, 'rep_dropout': 0.0678978322644721, 'train_learning_rate': 0.0013019584776659211, 'train_lr_reduce': 0.6}. Best is trial 1483 with value: 0.2768918573856354.
[I 2024-12-19 08:45:31,865] Trial 2001 finished with value: 1.4787424802780151 and parameters: {'mlp_n_layers': 4, 'mlp_dim_00': 286, 'mlp_dim_01': 95, 'mlp_dim_02': 355, 'mlp_dim_03': 151, 'node_hidden_dim': 48, 'edge_hidden_dim': 55, 'depth': 2, 'rep_dropout': 0.18157171147954917, 'train_learning_rate': 0.003323494805800032, 'train_lr_reduce': 0.6}. Best is trial 1483 with value: 0.2768918573856354.
[I 2024-12-19 08:45:33,419] Trial 2002 finished with value: 1.566805362701416 and parameters: {'mlp_n_layers': 3, 'mlp_dim_00': 502, 'mlp_dim_01': 392, 'mlp_dim_02': 320, 'node_hidden_dim': 89, 'edge_hidden_dim': 64, 'depth': 2, 'rep_dropout': 0.21811239982872624, 'train_learning_rate': 0.0004859977711149962, 'train_lr_reduce': 0.6}. Best is trial 1483 with value: 0.2768918573856354.
[I 2024-12-19 08:45:34,579] Trial 2000 finished with value: 1.381169319152832 and parameters: {'mlp_n_layers': 2, 'mlp_dim_00': 103, 'mlp_dim_01': 174, 'node_hidden_dim': 99, 'edge_hidden_dim': 112, 'depth': 2, 'rep_dropout': 0.021911919316032244, 'train_learning_rate': 0.0015406080634656062, 'train_lr_reduce': 0.6}. Best is trial 1483 with value: 0.2768918573856354.
[I 2024-12-19 08:45:37,492] Trial 2004 finished with value: 1.4281288385391235 and parameters: {'mlp_n_layers': 2, 'mlp_dim_00': 198, 'mlp_dim_01': 160, 'node_hidden_dim': 100, 'edge_hidden_dim': 65, 'depth': 2, 'rep_dropout': 0.1123301755591603, 'train_learning_rate': 0.004651942654188781, 'train_lr_reduce': 0.6}. Best is trial 1483 with value: 0.2768918573856354.
[I 2024-12-19 08:45:38,168] Trial 2003 finished with value: 1.400762677192688 and parameters: {'mlp_n_layers': 2, 'mlp_dim_00': 428, 'mlp_dim_01': 183, 'node_hidden_dim': 61, 'edge_hidden_dim': 101, 'depth': 3, 'rep_dropout': 0.026424257402058855, 'train_learning_rate': 0.008365106968445928, 'train_lr_reduce': 0.6}. Best is trial 1483 with value: 0.2768918573856354.
[I 2024-12-19 08:45:39,623] Trial 2005 finished with value: 1.2832623720169067 and parameters: {'mlp_n_layers': 2, 'mlp_dim_00': 504, 'mlp_dim_01': 205, 'node_hidden_dim': 118, 'edge_hidden_dim': 42, 'depth': 2, 'rep_dropout': 0.10420015208263769, 'train_learning_rate': 0.005619912388544447, 'train_lr_reduce': 0.6}. Best is trial 1483 with value: 0.2768918573856354.
[I 2024-12-19 08:45:44,364] Trial 2008 finished with value: 1.349644660949707 and parameters: {'mlp_n_layers': 3, 'mlp_dim_00': 212, 'mlp_dim_01': 98, 'mlp_dim_02': 280, 'node_hidden_dim': 126, 'edge_hidden_dim': 33, 'depth': 2, 'rep_dropout': 0.06943471856452518, 'train_learning_rate': 0.005127450841466884, 'train_lr_reduce': 0.6}. Best is trial 1483 with value: 0.2768918573856354.
[I 2024-12-19 08:45:45,893] Trial 2006 finished with value: 1.4194250106811523 and parameters: {'mlp_n_layers': 4, 'mlp_dim_00': 207, 'mlp_dim_01': 450, 'mlp_dim_02': 458, 'mlp_dim_03': 174, 'node_hidden_dim': 108, 'edge_hidden_dim': 67, 'depth': 2, 'rep_dropout': 0.028330287815761156, 'train_learning_rate': 0.0009825095963480895, 'train_lr_reduce': 0.6}. Best is trial 1483 with value: 0.2768918573856354.
[I 2024-12-19 08:45:48,235] Trial 2007 finished with value: 0.6219577789306641 and parameters: {'mlp_n_layers': 2, 'mlp_dim_00': 163, 'mlp_dim_01': 101, 'node_hidden_dim': 101, 'edge_hidden_dim': 82, 'depth': 3, 'rep_dropout': 0.027930694944724985, 'train_learning_rate': 0.008078190731754245, 'train_lr_reduce': 0.6}. Best is trial 1483 with value: 0.2768918573856354.
[I 2024-12-19 08:45:49,253] Trial 2009 finished with value: 1.4678614139556885 and parameters: {'mlp_n_layers': 2, 'mlp_dim_00': 263, 'mlp_dim_01': 179, 'node_hidden_dim': 103, 'edge_hidden_dim': 51, 'depth': 2, 'rep_dropout': 0.1081753160423836, 'train_learning_rate': 0.008974849253445511, 'train_lr_reduce': 0.6}. Best is trial 1483 with value: 0.2768918573856354.
[I 2024-12-19 08:45:52,105] Trial 2010 finished with value: 1.37639582157135 and parameters: {'mlp_n_layers': 3, 'mlp_dim_00': 481, 'mlp_dim_01': 443, 'mlp_dim_02': 373, 'node_hidden_dim': 96, 'edge_hidden_dim': 110, 'depth': 2, 'rep_dropout': 0.11426859923294952, 'train_learning_rate': 0.006055736765569378, 'train_lr_reduce': 0.6}. Best is trial 1483 with value: 0.2768918573856354.
[I 2024-12-19 08:45:53,884] Trial 2012 finished with value: 1.5330458879470825 and parameters: {'mlp_n_layers': 2, 'mlp_dim_00': 86, 'mlp_dim_01': 124, 'node_hidden_dim': 124, 'edge_hidden_dim': 72, 'depth': 3, 'rep_dropout': 0.10992801990354054, 'train_learning_rate': 0.0015222742376124212, 'train_lr_reduce': 0.6}. Best is trial 1483 with value: 0.2768918573856354.
[I 2024-12-19 08:45:54,042] Trial 2011 finished with value: 1.3845058679580688 and parameters: {'mlp_n_layers': 2, 'mlp_dim_00': 227, 'mlp_dim_01': 199, 'node_hidden_dim': 97, 'edge_hidden_dim': 111, 'depth': 3, 'rep_dropout': 0.019028770270148865, 'train_learning_rate': 0.00747034895395723, 'train_lr_reduce': 0.6}. Best is trial 1483 with value: 0.2768918573856354.
[I 2024-12-19 08:45:56,847] Trial 2013 finished with value: 1.5685679912567139 and parameters: {'mlp_n_layers': 4, 'mlp_dim_00': 414, 'mlp_dim_01': 274, 'mlp_dim_02': 405, 'mlp_dim_03': 117, 'node_hidden_dim': 109, 'edge_hidden_dim': 84, 'depth': 3, 'rep_dropout': 0.007357579298774841, 'train_learning_rate': 0.00011197679385660651, 'train_lr_reduce': 0.6}. Best is trial 1483 with value: 0.2768918573856354.
[I 2024-12-19 08:45:58,530] Trial 2015 finished with value: 1.3644776344299316 and parameters: {'mlp_n_layers': 4, 'mlp_dim_00': 159, 'mlp_dim_01': 399, 'mlp_dim_02': 321, 'mlp_dim_03': 67, 'node_hidden_dim': 88, 'edge_hidden_dim': 45, 'depth': 2, 'rep_dropout': 0.03982988516077324, 'train_learning_rate': 0.006431598946615752, 'train_lr_reduce': 0.6}. Best is trial 1483 with value: 0.2768918573856354.
[I 2024-12-19 08:45:59,232] Trial 2014 finished with value: 1.5340847969055176 and parameters: {'mlp_n_layers': 2, 'mlp_dim_00': 250, 'mlp_dim_01': 410, 'node_hidden_dim': 109, 'edge_hidden_dim': 85, 'depth': 4, 'rep_dropout': 0.16626176233304724, 'train_learning_rate': 0.0006774609326774751, 'train_lr_reduce': 0.6}. Best is trial 1483 with value: 0.2768918573856354.
[I 2024-12-19 08:46:01,443] Trial 2016 finished with value: 1.340220332145691 and parameters: {'mlp_n_layers': 2, 'mlp_dim_00': 455, 'mlp_dim_01': 203, 'node_hidden_dim': 54, 'edge_hidden_dim': 125, 'depth': 4, 'rep_dropout': 0.13651127856496592, 'train_learning_rate': 0.0019162228894691407, 'train_lr_reduce': 0.6}. Best is trial 1483 with value: 0.2768918573856354.
[I 2024-12-19 08:46:03,508] Trial 2017 finished with value: 1.3152860403060913 and parameters: {'mlp_n_layers': 3, 'mlp_dim_00': 171, 'mlp_dim_01': 82, 'mlp_dim_02': 472, 'node_hidden_dim': 128, 'edge_hidden_dim': 52, 'depth': 3, 'rep_dropout': 0.020137907501244157, 'train_learning_rate': 0.00929496740144654, 'train_lr_reduce': 0.6}. Best is trial 1483 with value: 0.2768918573856354.
[I 2024-12-19 08:46:04,051] Trial 2018 finished with value: 1.4423032999038696 and parameters: {'mlp_n_layers': 2, 'mlp_dim_00': 456, 'mlp_dim_01': 84, 'node_hidden_dim': 49, 'edge_hidden_dim': 110, 'depth': 2, 'rep_dropout': 0.11378311642611087, 'train_learning_rate': 0.004089290481667663, 'train_lr_reduce': 0.6}. Best is trial 1483 with value: 0.2768918573856354.
[I 2024-12-19 08:46:06,129] Trial 2019 finished with value: 1.3034214973449707 and parameters: {'mlp_n_layers': 2, 'mlp_dim_00': 405, 'mlp_dim_01': 156, 'node_hidden_dim': 118, 'edge_hidden_dim': 32, 'depth': 2, 'rep_dropout': 0.056297665090237675, 'train_learning_rate': 0.008822051057153677, 'train_lr_reduce': 0.6}. Best is trial 1483 with value: 0.2768918573856354.
