[I 2024-12-15 17:24:27,773] Trial 2271 finished with value: 0.199099600315094 and parameters: {'mlp_n_layers': 4, 'mlp_dim_00': 32, 'mlp_dim_01': 224, 'mlp_dim_02': 48, 'mlp_dim_03': 96, 'hidden_channels': 208, 'num_layers': 1, 'num_timesteps': 4, 'dropout': 0.006811744546752916, 'train_learning_rate': 0.008891123415212128, 'train_lr_reduce': 0.6}. Best is trial 2056 with value: 0.13246719539165497.
[I 2024-12-15 17:24:28,029] Trial 2272 finished with value: 0.21572192013263702 and parameters: {'mlp_n_layers': 3, 'mlp_dim_00': 80, 'mlp_dim_01': 192, 'mlp_dim_02': 96, 'hidden_channels': 240, 'num_layers': 1, 'num_timesteps': 4, 'dropout': 0.09157824043085479, 'train_learning_rate': 0.004381106767313186, 'train_lr_reduce': 0.6}. Best is trial 2056 with value: 0.13246719539165497.
[I 2024-12-15 17:24:31,994] Trial 2273 finished with value: 0.19758352637290955 and parameters: {'mlp_n_layers': 3, 'mlp_dim_00': 80, 'mlp_dim_01': 144, 'mlp_dim_02': 64, 'hidden_channels': 192, 'num_layers': 1, 'num_timesteps': 3, 'dropout': 0.0159538268226088, 'train_learning_rate': 0.004797558938929657, 'train_lr_reduce': 0.6}. Best is trial 2056 with value: 0.13246719539165497.
[I 2024-12-15 17:24:37,297] Trial 2275 finished with value: 0.25574690103530884 and parameters: {'mlp_n_layers': 4, 'mlp_dim_00': 96, 'mlp_dim_01': 128, 'mlp_dim_02': 32, 'mlp_dim_03': 96, 'hidden_channels': 208, 'num_layers': 2, 'num_timesteps': 3, 'dropout': 0.08118778723822992, 'train_learning_rate': 0.0029388258792746058, 'train_lr_reduce': 0.6}. Best is trial 2056 with value: 0.13246719539165497.
[I 2024-12-15 17:24:41,027] Trial 2276 finished with value: 0.21988148987293243 and parameters: {'mlp_n_layers': 4, 'mlp_dim_00': 80, 'mlp_dim_01': 176, 'mlp_dim_02': 80, 'mlp_dim_03': 48, 'hidden_channels': 208, 'num_layers': 1, 'num_timesteps': 2, 'dropout': 0.010292043645397455, 'train_learning_rate': 0.00941715755582386, 'train_lr_reduce': 0.6}. Best is trial 2056 with value: 0.13246719539165497.
[I 2024-12-15 17:24:45,310] Trial 2274 finished with value: 0.22287845611572266 and parameters: {'mlp_n_layers': 4, 'mlp_dim_00': 256, 'mlp_dim_01': 192, 'mlp_dim_02': 112, 'mlp_dim_03': 32, 'hidden_channels': 96, 'num_layers': 1, 'num_timesteps': 2, 'dropout': 0.1467572572962909, 'train_learning_rate': 0.00028113524472673444, 'train_lr_reduce': 0.6}. Best is trial 2056 with value: 0.13246719539165497.
[I 2024-12-15 17:24:51,193] Trial 2277 finished with value: 0.1753741055727005 and parameters: {'mlp_n_layers': 4, 'mlp_dim_00': 80, 'mlp_dim_01': 192, 'mlp_dim_02': 64, 'mlp_dim_03': 64, 'hidden_channels': 144, 'num_layers': 2, 'num_timesteps': 4, 'dropout': 0.0014968750330056693, 'train_learning_rate': 0.007345808420681891, 'train_lr_reduce': 0.6}. Best is trial 2056 with value: 0.13246719539165497.
[I 2024-12-15 17:24:51,467] Trial 2278 finished with value: 0.22022144496440887 and parameters: {'mlp_n_layers': 3, 'mlp_dim_00': 96, 'mlp_dim_01': 160, 'mlp_dim_02': 48, 'hidden_channels': 176, 'num_layers': 1, 'num_timesteps': 4, 'dropout': 0.018835505150188434, 'train_learning_rate': 0.00859165115431312, 'train_lr_reduce': 0.6}. Best is trial 2056 with value: 0.13246719539165497.
[I 2024-12-15 17:24:55,960] Trial 2279 finished with value: 0.22890684008598328 and parameters: {'mlp_n_layers': 3, 'mlp_dim_00': 112, 'mlp_dim_01': 176, 'mlp_dim_02': 96, 'hidden_channels': 208, 'num_layers': 1, 'num_timesteps': 4, 'dropout': 0.07430609376829574, 'train_learning_rate': 0.009584392964926525, 'train_lr_reduce': 0.6}. Best is trial 2056 with value: 0.13246719539165497.
[I 2024-12-15 17:24:58,270] Trial 2281 finished with value: 0.2056792974472046 and parameters: {'mlp_n_layers': 3, 'mlp_dim_00': 128, 'mlp_dim_01': 96, 'mlp_dim_02': 48, 'hidden_channels': 176, 'num_layers': 2, 'num_timesteps': 4, 'dropout': 0.026967636376992916, 'train_learning_rate': 0.0064762860283412845, 'train_lr_reduce': 0.6}. Best is trial 2056 with value: 0.13246719539165497.
[I 2024-12-15 17:25:03,634] Trial 2280 finished with value: 0.1881500780582428 and parameters: {'mlp_n_layers': 4, 'mlp_dim_00': 64, 'mlp_dim_01': 32, 'mlp_dim_02': 80, 'mlp_dim_03': 112, 'hidden_channels': 240, 'num_layers': 1, 'num_timesteps': 4, 'dropout': 0.12402238282162402, 'train_learning_rate': 0.0027999177987992055, 'train_lr_reduce': 0.6}. Best is trial 2056 with value: 0.13246719539165497.
[I 2024-12-15 17:25:07,470] Trial 2282 finished with value: 0.1830599457025528 and parameters: {'mlp_n_layers': 3, 'mlp_dim_00': 240, 'mlp_dim_01': 192, 'mlp_dim_02': 112, 'hidden_channels': 224, 'num_layers': 1, 'num_timesteps': 4, 'dropout': 0.071552265670356, 'train_learning_rate': 0.0007530036638735643, 'train_lr_reduce': 0.6}. Best is trial 2056 with value: 0.13246719539165497.
[I 2024-12-15 17:25:09,056] Trial 2283 finished with value: 0.22114473581314087 and parameters: {'mlp_n_layers': 3, 'mlp_dim_00': 80, 'mlp_dim_01': 144, 'mlp_dim_02': 80, 'hidden_channels': 208, 'num_layers': 1, 'num_timesteps': 4, 'dropout': 0.004509149736968726, 'train_learning_rate': 0.005447070690417206, 'train_lr_reduce': 0.6}. Best is trial 2056 with value: 0.13246719539165497.
[I 2024-12-15 17:25:14,041] Trial 2284 finished with value: 0.23922093212604523 and parameters: {'mlp_n_layers': 4, 'mlp_dim_00': 32, 'mlp_dim_01': 256, 'mlp_dim_02': 32, 'mlp_dim_03': 80, 'hidden_channels': 176, 'num_layers': 2, 'num_timesteps': 2, 'dropout': 0.14371093824268133, 'train_learning_rate': 0.001333934656755379, 'train_lr_reduce': 0.6}. Best is trial 2056 with value: 0.13246719539165497.
[I 2024-12-15 17:25:18,727] Trial 2285 finished with value: 0.21540485322475433 and parameters: {'mlp_n_layers': 3, 'mlp_dim_00': 80, 'mlp_dim_01': 144, 'mlp_dim_02': 64, 'hidden_channels': 208, 'num_layers': 1, 'num_timesteps': 4, 'dropout': 0.015135917231786143, 'train_learning_rate': 0.0013552494510664602, 'train_lr_reduce': 0.6}. Best is trial 2056 with value: 0.13246719539165497.
[I 2024-12-15 17:25:27,955] Trial 2286 finished with value: 0.21973806619644165 and parameters: {'mlp_n_layers': 2, 'mlp_dim_00': 96, 'mlp_dim_01': 192, 'hidden_channels': 160, 'num_layers': 2, 'num_timesteps': 3, 'dropout': 0.009218452390052118, 'train_learning_rate': 0.00012590724613945108, 'train_lr_reduce': 0.6}. Best is trial 2056 with value: 0.13246719539165497.
[I 2024-12-15 17:25:31,381] Trial 2288 finished with value: 0.19369111955165863 and parameters: {'mlp_n_layers': 3, 'mlp_dim_00': 112, 'mlp_dim_01': 112, 'mlp_dim_02': 96, 'hidden_channels': 144, 'num_layers': 1, 'num_timesteps': 4, 'dropout': 0.011907559126068088, 'train_learning_rate': 0.00788231942182755, 'train_lr_reduce': 0.6}. Best is trial 2056 with value: 0.13246719539165497.
[I 2024-12-15 17:25:32,617] Trial 2287 finished with value: 0.18743832409381866 and parameters: {'mlp_n_layers': 2, 'mlp_dim_00': 112, 'mlp_dim_01': 96, 'hidden_channels': 48, 'num_layers': 1, 'num_timesteps': 3, 'dropout': 0.07721271488753988, 'train_learning_rate': 0.00035867271914632895, 'train_lr_reduce': 0.6}. Best is trial 2056 with value: 0.13246719539165497.
[I 2024-12-15 17:25:37,012] Trial 2289 finished with value: 0.19919900596141815 and parameters: {'mlp_n_layers': 3, 'mlp_dim_00': 112, 'mlp_dim_01': 160, 'mlp_dim_02': 64, 'hidden_channels': 256, 'num_layers': 1, 'num_timesteps': 3, 'dropout': 0.001978435652426986, 'train_learning_rate': 0.0028996766431240327, 'train_lr_reduce': 0.6}. Best is trial 2056 with value: 0.13246719539165497.
[I 2024-12-15 17:25:40,745] Trial 2290 finished with value: 0.19567503035068512 and parameters: {'mlp_n_layers': 4, 'mlp_dim_00': 80, 'mlp_dim_01': 192, 'mlp_dim_02': 48, 'mlp_dim_03': 96, 'hidden_channels': 224, 'num_layers': 1, 'num_timesteps': 3, 'dropout': 0.006149436925600884, 'train_learning_rate': 0.0027245703442500854, 'train_lr_reduce': 0.6}. Best is trial 2056 with value: 0.13246719539165497.
[I 2024-12-15 17:25:43,650] Trial 2291 finished with value: 0.22274571657180786 and parameters: {'mlp_n_layers': 4, 'mlp_dim_00': 32, 'mlp_dim_01': 128, 'mlp_dim_02': 80, 'mlp_dim_03': 64, 'hidden_channels': 64, 'num_layers': 1, 'num_timesteps': 2, 'dropout': 0.2861925983176985, 'train_learning_rate': 0.0014934788228851787, 'train_lr_reduce': 0.6}. Best is trial 2056 with value: 0.13246719539165497.
[I 2024-12-15 17:25:47,710] Trial 2292 finished with value: 0.20206117630004883 and parameters: {'mlp_n_layers': 4, 'mlp_dim_00': 112, 'mlp_dim_01': 160, 'mlp_dim_02': 112, 'mlp_dim_03': 32, 'hidden_channels': 208, 'num_layers': 1, 'num_timesteps': 2, 'dropout': 0.09421358424185595, 'train_learning_rate': 0.0009734340629993135, 'train_lr_reduce': 0.6}. Best is trial 2056 with value: 0.13246719539165497.
[I 2024-12-15 17:25:52,125] Trial 2293 finished with value: 0.2050543576478958 and parameters: {'mlp_n_layers': 4, 'mlp_dim_00': 48, 'mlp_dim_01': 192, 'mlp_dim_02': 32, 'mlp_dim_03': 96, 'hidden_channels': 240, 'num_layers': 1, 'num_timesteps': 3, 'dropout': 0.019632260158964923, 'train_learning_rate': 0.008918091791609602, 'train_lr_reduce': 0.6}. Best is trial 2056 with value: 0.13246719539165497.
[I 2024-12-15 17:25:58,800] Trial 2294 finished with value: 0.17467103898525238 and parameters: {'mlp_n_layers': 4, 'mlp_dim_00': 48, 'mlp_dim_01': 192, 'mlp_dim_02': 80, 'mlp_dim_03': 112, 'hidden_channels': 224, 'num_layers': 1, 'num_timesteps': 3, 'dropout': 0.00636489525292798, 'train_learning_rate': 0.0021774984637561337, 'train_lr_reduce': 0.6}. Best is trial 2056 with value: 0.13246719539165497.
[I 2024-12-15 17:25:59,489] Trial 2295 finished with value: 0.25351276993751526 and parameters: {'mlp_n_layers': 3, 'mlp_dim_00': 256, 'mlp_dim_01': 224, 'mlp_dim_02': 64, 'hidden_channels': 240, 'num_layers': 2, 'num_timesteps': 4, 'dropout': 0.0936020672264218, 'train_learning_rate': 0.001862534135933498, 'train_lr_reduce': 0.6}. Best is trial 2056 with value: 0.13246719539165497.
[I 2024-12-15 17:26:07,671] Trial 2298 finished with value: 0.17244450747966766 and parameters: {'mlp_n_layers': 3, 'mlp_dim_00': 64, 'mlp_dim_01': 176, 'mlp_dim_02': 48, 'hidden_channels': 224, 'num_layers': 1, 'num_timesteps': 4, 'dropout': 0.01895056706824501, 'train_learning_rate': 0.004125408353396523, 'train_lr_reduce': 0.6}. Best is trial 2056 with value: 0.13246719539165497.
[I 2024-12-15 17:26:08,206] Trial 2297 finished with value: 0.2188860923051834 and parameters: {'mlp_n_layers': 4, 'mlp_dim_00': 32, 'mlp_dim_01': 256, 'mlp_dim_02': 96, 'mlp_dim_03': 64, 'hidden_channels': 240, 'num_layers': 1, 'num_timesteps': 4, 'dropout': 0.0036596641526329653, 'train_learning_rate': 0.002991765511330618, 'train_lr_reduce': 0.6}. Best is trial 2056 with value: 0.13246719539165497.
[I 2024-12-15 17:26:12,144] Trial 2296 finished with value: 0.2505358159542084 and parameters: {'mlp_n_layers': 2, 'mlp_dim_00': 160, 'mlp_dim_01': 64, 'hidden_channels': 32, 'num_layers': 3, 'num_timesteps': 4, 'dropout': 0.043624392412533644, 'train_learning_rate': 0.0003997329642388631, 'train_lr_reduce': 0.6}. Best is trial 2056 with value: 0.13246719539165497.
[I 2024-12-15 17:26:18,731] Trial 2300 finished with value: 0.24522842466831207 and parameters: {'mlp_n_layers': 3, 'mlp_dim_00': 96, 'mlp_dim_01': 160, 'mlp_dim_02': 64, 'hidden_channels': 208, 'num_layers': 2, 'num_timesteps': 4, 'dropout': 0.0029195277966781977, 'train_learning_rate': 0.0025155408112837144, 'train_lr_reduce': 0.6}. Best is trial 2056 with value: 0.13246719539165497.
[I 2024-12-15 17:26:23,789] Trial 2299 finished with value: 0.1708219349384308 and parameters: {'mlp_n_layers': 3, 'mlp_dim_00': 64, 'mlp_dim_01': 160, 'mlp_dim_02': 112, 'hidden_channels': 208, 'num_layers': 2, 'num_timesteps': 4, 'dropout': 0.0013577067686987025, 'train_learning_rate': 0.002067953036956159, 'train_lr_reduce': 0.6}. Best is trial 2056 with value: 0.13246719539165497.
[I 2024-12-15 17:26:24,573] Trial 2301 finished with value: 0.1903323084115982 and parameters: {'mlp_n_layers': 3, 'mlp_dim_00': 96, 'mlp_dim_01': 160, 'mlp_dim_02': 80, 'hidden_channels': 256, 'num_layers': 1, 'num_timesteps': 4, 'dropout': 0.03619620886595397, 'train_learning_rate': 0.0035413647612187074, 'train_lr_reduce': 0.6}. Best is trial 2056 with value: 0.13246719539165497.
[I 2024-12-15 17:26:28,980] Trial 2304 finished with value: 0.9513829350471497 and parameters: {'mlp_n_layers': 4, 'mlp_dim_00': 96, 'mlp_dim_01': 96, 'mlp_dim_02': 64, 'mlp_dim_03': 48, 'hidden_channels': 240, 'num_layers': 1, 'num_timesteps': 4, 'dropout': 0.11275832873795966, 'train_learning_rate': 0.0037897660535435563, 'train_lr_reduce': 0.6}. Best is trial 2056 with value: 0.13246719539165497.
[I 2024-12-15 17:26:31,555] Trial 2302 finished with value: 0.20505936443805695 and parameters: {'mlp_n_layers': 4, 'mlp_dim_00': 80, 'mlp_dim_01': 144, 'mlp_dim_02': 96, 'mlp_dim_03': 80, 'hidden_channels': 256, 'num_layers': 1, 'num_timesteps': 4, 'dropout': 0.16401420321154964, 'train_learning_rate': 0.007996402038719626, 'train_lr_reduce': 0.6}. Best is trial 2056 with value: 0.13246719539165497.
[I 2024-12-15 17:26:40,427] Trial 2305 finished with value: 0.17390774190425873 and parameters: {'mlp_n_layers': 4, 'mlp_dim_00': 80, 'mlp_dim_01': 192, 'mlp_dim_02': 80, 'mlp_dim_03': 80, 'hidden_channels': 256, 'num_layers': 1, 'num_timesteps': 4, 'dropout': 0.003719595365349917, 'train_learning_rate': 0.004411096931231093, 'train_lr_reduce': 0.6}. Best is trial 2056 with value: 0.13246719539165497.
[I 2024-12-15 17:26:41,951] Trial 2303 finished with value: 0.22018550336360931 and parameters: {'mlp_n_layers': 4, 'mlp_dim_00': 160, 'mlp_dim_01': 128, 'mlp_dim_02': 48, 'mlp_dim_03': 112, 'hidden_channels': 176, 'num_layers': 2, 'num_timesteps': 3, 'dropout': 0.007437584230854129, 'train_learning_rate': 0.006192357718434173, 'train_lr_reduce': 0.6}. Best is trial 2056 with value: 0.13246719539165497.
[I 2024-12-15 17:26:42,892] Trial 2306 finished with value: 0.20363067090511322 and parameters: {'mlp_n_layers': 4, 'mlp_dim_00': 32, 'mlp_dim_01': 208, 'mlp_dim_02': 32, 'mlp_dim_03': 32, 'hidden_channels': 192, 'num_layers': 1, 'num_timesteps': 4, 'dropout': 0.04916021178034362, 'train_learning_rate': 0.0010548184995241405, 'train_lr_reduce': 0.6}. Best is trial 2056 with value: 0.13246719539165497.
[I 2024-12-15 17:26:49,074] Trial 2308 finished with value: 0.2318366914987564 and parameters: {'mlp_n_layers': 4, 'mlp_dim_00': 48, 'mlp_dim_01': 192, 'mlp_dim_02': 64, 'mlp_dim_03': 64, 'hidden_channels': 208, 'num_layers': 2, 'num_timesteps': 4, 'dropout': 0.02070344981269759, 'train_learning_rate': 0.004466524618987197, 'train_lr_reduce': 0.6}. Best is trial 2056 with value: 0.13246719539165497.
[I 2024-12-15 17:26:51,630] Trial 2307 finished with value: 0.22665129601955414 and parameters: {'mlp_n_layers': 4, 'mlp_dim_00': 80, 'mlp_dim_01': 176, 'mlp_dim_02': 96, 'mlp_dim_03': 112, 'hidden_channels': 208, 'num_layers': 2, 'num_timesteps': 4, 'dropout': 0.07153072869861518, 'train_learning_rate': 0.0025034838038679084, 'train_lr_reduce': 0.6}. Best is trial 2056 with value: 0.13246719539165497.
[I 2024-12-15 17:26:55,692] Trial 2310 finished with value: 0.2813411056995392 and parameters: {'mlp_n_layers': 4, 'mlp_dim_00': 64, 'mlp_dim_01': 176, 'mlp_dim_02': 48, 'mlp_dim_03': 112, 'hidden_channels': 208, 'num_layers': 1, 'num_timesteps': 4, 'dropout': 0.015863542113445213, 'train_learning_rate': 0.007492865931442156, 'train_lr_reduce': 0.6}. Best is trial 2056 with value: 0.13246719539165497.
[I 2024-12-15 17:26:59,932] Trial 2309 finished with value: 0.231694757938385 and parameters: {'mlp_n_layers': 3, 'mlp_dim_00': 192, 'mlp_dim_01': 128, 'mlp_dim_02': 112, 'hidden_channels': 96, 'num_layers': 1, 'num_timesteps': 4, 'dropout': 0.2827068596504674, 'train_learning_rate': 0.0004596557094206989, 'train_lr_reduce': 0.6}. Best is trial 2056 with value: 0.13246719539165497.
[I 2024-12-15 17:27:03,602] Trial 2313 finished with value: 0.8313628435134888 and parameters: {'mlp_n_layers': 4, 'mlp_dim_00': 64, 'mlp_dim_01': 160, 'mlp_dim_02': 64, 'mlp_dim_03': 96, 'hidden_channels': 240, 'num_layers': 1, 'num_timesteps': 3, 'dropout': 0.005956798845000248, 'train_learning_rate': 0.003364036446701855, 'train_lr_reduce': 0.6}. Best is trial 2056 with value: 0.13246719539165497.
[I 2024-12-15 17:27:04,841] Trial 2311 finished with value: 0.17751015722751617 and parameters: {'mlp_n_layers': 4, 'mlp_dim_00': 80, 'mlp_dim_01': 176, 'mlp_dim_02': 80, 'mlp_dim_03': 80, 'hidden_channels': 224, 'num_layers': 1, 'num_timesteps': 2, 'dropout': 0.021503108256445504, 'train_learning_rate': 0.0023791091642949265, 'train_lr_reduce': 0.6}. Best is trial 2056 with value: 0.13246719539165497.
[I 2024-12-15 17:27:07,676] Trial 2312 finished with value: 0.15846724808216095 and parameters: {'mlp_n_layers': 4, 'mlp_dim_00': 64, 'mlp_dim_01': 224, 'mlp_dim_02': 32, 'mlp_dim_03': 48, 'hidden_channels': 192, 'num_layers': 1, 'num_timesteps': 3, 'dropout': 0.09186493081434749, 'train_learning_rate': 0.003936492284661655, 'train_lr_reduce': 0.6}. Best is trial 2056 with value: 0.13246719539165497.
[I 2024-12-15 17:27:14,329] Trial 2315 finished with value: 0.1937704086303711 and parameters: {'mlp_n_layers': 4, 'mlp_dim_00': 32, 'mlp_dim_01': 208, 'mlp_dim_02': 80, 'mlp_dim_03': 80, 'hidden_channels': 144, 'num_layers': 2, 'num_timesteps': 4, 'dropout': 0.04871202987998983, 'train_learning_rate': 0.007914939670244125, 'train_lr_reduce': 0.6}. Best is trial 2056 with value: 0.13246719539165497.
[I 2024-12-15 17:27:16,188] Trial 2316 finished with value: 0.22903881967067719 and parameters: {'mlp_n_layers': 4, 'mlp_dim_00': 32, 'mlp_dim_01': 176, 'mlp_dim_02': 64, 'mlp_dim_03': 32, 'hidden_channels': 256, 'num_layers': 1, 'num_timesteps': 4, 'dropout': 0.007867435199623886, 'train_learning_rate': 0.006627969421791874, 'train_lr_reduce': 0.6}. Best is trial 2056 with value: 0.13246719539165497.
[I 2024-12-15 17:27:21,507] Trial 2314 finished with value: 0.20774947106838226 and parameters: {'mlp_n_layers': 3, 'mlp_dim_00': 144, 'mlp_dim_01': 144, 'mlp_dim_02': 112, 'hidden_channels': 160, 'num_layers': 1, 'num_timesteps': 4, 'dropout': 0.00014898349948869877, 'train_learning_rate': 0.003258054067511498, 'train_lr_reduce': 0.6}. Best is trial 2056 with value: 0.13246719539165497.
[I 2024-12-15 17:27:24,165] Trial 2318 finished with value: 0.20083607733249664 and parameters: {'mlp_n_layers': 3, 'mlp_dim_00': 48, 'mlp_dim_01': 112, 'mlp_dim_02': 48, 'hidden_channels': 208, 'num_layers': 1, 'num_timesteps': 3, 'dropout': 0.015723106972272395, 'train_learning_rate': 0.0025775727560287, 'train_lr_reduce': 0.6}. Best is trial 2056 with value: 0.13246719539165497.
[I 2024-12-15 17:27:29,999] Trial 2319 finished with value: 0.25732332468032837 and parameters: {'mlp_n_layers': 4, 'mlp_dim_00': 48, 'mlp_dim_01': 256, 'mlp_dim_02': 112, 'mlp_dim_03': 112, 'hidden_channels': 224, 'num_layers': 2, 'num_timesteps': 4, 'dropout': 0.08883518260242619, 'train_learning_rate': 0.0055379507031399905, 'train_lr_reduce': 0.6}. Best is trial 2056 with value: 0.13246719539165497.
[I 2024-12-15 17:27:30,342] Trial 2317 finished with value: 0.1537923365831375 and parameters: {'mlp_n_layers': 2, 'mlp_dim_00': 80, 'mlp_dim_01': 208, 'hidden_channels': 192, 'num_layers': 1, 'num_timesteps': 4, 'dropout': 0.010512911671925685, 'train_learning_rate': 0.0025230132352695614, 'train_lr_reduce': 0.6}. Best is trial 2056 with value: 0.13246719539165497.
[I 2024-12-15 17:27:34,218] Trial 2320 finished with value: 0.19477687776088715 and parameters: {'mlp_n_layers': 4, 'mlp_dim_00': 112, 'mlp_dim_01': 32, 'mlp_dim_02': 96, 'mlp_dim_03': 64, 'hidden_channels': 240, 'num_layers': 1, 'num_timesteps': 3, 'dropout': 0.06051525617913549, 'train_learning_rate': 0.0034128255178306264, 'train_lr_reduce': 0.6}. Best is trial 2056 with value: 0.13246719539165497.
[I 2024-12-15 17:27:39,764] Trial 2321 finished with value: 0.22601556777954102 and parameters: {'mlp_n_layers': 4, 'mlp_dim_00': 48, 'mlp_dim_01': 192, 'mlp_dim_02': 80, 'mlp_dim_03': 96, 'hidden_channels': 208, 'num_layers': 2, 'num_timesteps': 4, 'dropout': 0.047911693149035574, 'train_learning_rate': 0.007918706860890521, 'train_lr_reduce': 0.6}. Best is trial 2056 with value: 0.13246719539165497.
[I 2024-12-15 17:27:40,597] Trial 2322 finished with value: 0.2137988656759262 and parameters: {'mlp_n_layers': 3, 'mlp_dim_00': 96, 'mlp_dim_01': 144, 'mlp_dim_02': 48, 'hidden_channels': 144, 'num_layers': 1, 'num_timesteps': 3, 'dropout': 0.07687361976520728, 'train_learning_rate': 0.0042995474924789594, 'train_lr_reduce': 0.6}. Best is trial 2056 with value: 0.13246719539165497.
[I 2024-12-15 17:27:54,838] Trial 2324 finished with value: 0.25214922428131104 and parameters: {'mlp_n_layers': 2, 'mlp_dim_00': 32, 'mlp_dim_01': 176, 'hidden_channels': 240, 'num_layers': 2, 'num_timesteps': 4, 'dropout': 0.05774755039946149, 'train_learning_rate': 0.004841105810439466, 'train_lr_reduce': 0.6}. Best is trial 2056 with value: 0.13246719539165497.
[I 2024-12-15 17:27:58,078] Trial 2323 finished with value: 0.14704179763793945 and parameters: {'mlp_n_layers': 3, 'mlp_dim_00': 80, 'mlp_dim_01': 144, 'mlp_dim_02': 32, 'hidden_channels': 208, 'num_layers': 1, 'num_timesteps': 4, 'dropout': 0.009381114453654374, 'train_learning_rate': 0.004243658063141189, 'train_lr_reduce': 0.6}. Best is trial 2056 with value: 0.13246719539165497.
[I 2024-12-15 17:28:02,957] Trial 2326 finished with value: 0.8818457722663879 and parameters: {'mlp_n_layers': 4, 'mlp_dim_00': 96, 'mlp_dim_01': 176, 'mlp_dim_02': 96, 'mlp_dim_03': 48, 'hidden_channels': 192, 'num_layers': 1, 'num_timesteps': 3, 'dropout': 0.017057798933383106, 'train_learning_rate': 0.003841978769766381, 'train_lr_reduce': 0.6}. Best is trial 2056 with value: 0.13246719539165497.
