[I 2024-12-24 17:25:08,721] Trial 351 finished with value: 0.012425425462424755 and parameters: {'L1_hidden_dim': 240, 'L1_layers_atom': 1, 'L1_layers_mol': 3, 'L1_dropout': 0.044773523053060274, 'L1_out_dim': 96, 'L2_hidden_dim': 192, 'L2_layers_atom': 3, 'L2_layers_mol': 1, 'L2_out_dim': 128, 'L2_dropout': 0.053431458941052556, 'L3_hidden_dim': 64, 'L3_layers_atom': 3, 'L3_layers_mol': 1, 'L3_out_dim': 32, 'L3_dropout': 0.20262855769887597, 'n_mlp_layers': 3, 'mlp_dim_0': 376, 'mlp_dim_1': 168, 'mlp_dim_2': 104, 'num_heads': 1, 'final_dropout': 0.026870913594538345, 'train_learning_rate': 0.00019473210831163053, 'train_lr_reduce': 0.6}. Best is trial 236 with value: 0.009785382077097893.
[I 2024-12-24 17:26:39,499] Trial 353 finished with value: 0.013260139152407646 and parameters: {'L1_hidden_dim': 176, 'L1_layers_atom': 2, 'L1_layers_mol': 3, 'L1_dropout': 0.10567766089396616, 'L1_out_dim': 64, 'L2_hidden_dim': 176, 'L2_layers_atom': 4, 'L2_layers_mol': 1, 'L2_out_dim': 128, 'L2_dropout': 0.006339980000508933, 'L3_hidden_dim': 80, 'L3_layers_atom': 2, 'L3_layers_mol': 2, 'L3_out_dim': 48, 'L3_dropout': 0.11855907566525785, 'n_mlp_layers': 3, 'mlp_dim_0': 472, 'mlp_dim_1': 136, 'mlp_dim_2': 128, 'num_heads': 1, 'final_dropout': 0.1202903017715799, 'train_learning_rate': 0.00013855520886946215, 'train_lr_reduce': 0.6}. Best is trial 236 with value: 0.009785382077097893.
[I 2024-12-24 17:26:43,114] Trial 354 finished with value: 0.012020806781947613 and parameters: {'L1_hidden_dim': 64, 'L1_layers_atom': 2, 'L1_layers_mol': 3, 'L1_dropout': 0.03220143296655467, 'L1_out_dim': 128, 'L2_hidden_dim': 112, 'L2_layers_atom': 2, 'L2_layers_mol': 3, 'L2_out_dim': 32, 'L2_dropout': 0.01380755756237103, 'L3_hidden_dim': 80, 'L3_layers_atom': 2, 'L3_layers_mol': 2, 'L3_out_dim': 128, 'L3_dropout': 0.24282572239049025, 'n_mlp_layers': 3, 'mlp_dim_0': 256, 'mlp_dim_1': 176, 'mlp_dim_2': 144, 'num_heads': 2, 'final_dropout': 0.17452083265378607, 'train_learning_rate': 0.002799371863822773, 'train_lr_reduce': 0.6}. Best is trial 236 with value: 0.009785382077097893.
[I 2024-12-24 17:26:52,754] Trial 355 finished with value: 0.013110567815601826 and parameters: {'L1_hidden_dim': 176, 'L1_layers_atom': 3, 'L1_layers_mol': 4, 'L1_dropout': 0.013686944111478486, 'L1_out_dim': 96, 'L2_hidden_dim': 160, 'L2_layers_atom': 3, 'L2_layers_mol': 3, 'L2_out_dim': 80, 'L2_dropout': 0.1944906748029331, 'L3_hidden_dim': 48, 'L3_layers_atom': 2, 'L3_layers_mol': 2, 'L3_out_dim': 80, 'L3_dropout': 0.2424784401070122, 'n_mlp_layers': 3, 'mlp_dim_0': 152, 'mlp_dim_1': 120, 'mlp_dim_2': 424, 'num_heads': 2, 'final_dropout': 0.29445693323320943, 'train_learning_rate': 0.0080063547273269, 'train_lr_reduce': 0.6}. Best is trial 236 with value: 0.009785382077097893.
[I 2024-12-24 17:28:53,720] Trial 357 finished with value: 0.011410977691411972 and parameters: {'L1_hidden_dim': 192, 'L1_layers_atom': 1, 'L1_layers_mol': 4, 'L1_dropout': 0.004999725784571762, 'L1_out_dim': 112, 'L2_hidden_dim': 192, 'L2_layers_atom': 4, 'L2_layers_mol': 1, 'L2_out_dim': 128, 'L2_dropout': 0.035874515308770324, 'L3_hidden_dim': 112, 'L3_layers_atom': 1, 'L3_layers_mol': 3, 'L3_out_dim': 32, 'L3_dropout': 0.25347314294094675, 'n_mlp_layers': 2, 'mlp_dim_0': 368, 'mlp_dim_1': 112, 'num_heads': 1, 'final_dropout': 0.2026094744051529, 'train_learning_rate': 0.0002227355519520567, 'train_lr_reduce': 0.6}. Best is trial 236 with value: 0.009785382077097893.
[I 2024-12-24 17:28:55,477] Trial 356 finished with value: 0.011641832999885082 and parameters: {'L1_hidden_dim': 112, 'L1_layers_atom': 3, 'L1_layers_mol': 3, 'L1_dropout': 0.019817747078075466, 'L1_out_dim': 80, 'L2_hidden_dim': 176, 'L2_layers_atom': 4, 'L2_layers_mol': 3, 'L2_out_dim': 80, 'L2_dropout': 0.021445944788701862, 'L3_hidden_dim': 96, 'L3_layers_atom': 2, 'L3_layers_mol': 1, 'L3_out_dim': 112, 'L3_dropout': 0.23538001073265757, 'n_mlp_layers': 1, 'mlp_dim_0': 352, 'num_heads': 2, 'final_dropout': 0.09825733290558288, 'train_learning_rate': 0.0012349584370514644, 'train_lr_reduce': 0.6}. Best is trial 236 with value: 0.009785382077097893.
[I 2024-12-24 17:29:54,205] Trial 358 finished with value: 0.013981522992253304 and parameters: {'L1_hidden_dim': 144, 'L1_layers_atom': 4, 'L1_layers_mol': 1, 'L1_dropout': 0.08801146205871072, 'L1_out_dim': 48, 'L2_hidden_dim': 192, 'L2_layers_atom': 4, 'L2_layers_mol': 3, 'L2_out_dim': 32, 'L2_dropout': 0.039512146133776814, 'L3_hidden_dim': 128, 'L3_layers_atom': 4, 'L3_layers_mol': 3, 'L3_out_dim': 80, 'L3_dropout': 0.2439694023211981, 'n_mlp_layers': 2, 'mlp_dim_0': 376, 'mlp_dim_1': 208, 'num_heads': 2, 'final_dropout': 0.04789201242869667, 'train_learning_rate': 0.0037045116526377977, 'train_lr_reduce': 0.6}. Best is trial 236 with value: 0.009785382077097893.
[I 2024-12-24 17:30:18,062] Trial 360 finished with value: 0.011263052932918072 and parameters: {'L1_hidden_dim': 224, 'L1_layers_atom': 2, 'L1_layers_mol': 3, 'L1_dropout': 0.02525884848755625, 'L1_out_dim': 64, 'L2_hidden_dim': 192, 'L2_layers_atom': 3, 'L2_layers_mol': 3, 'L2_out_dim': 32, 'L2_dropout': 0.0688793486284151, 'L3_hidden_dim': 112, 'L3_layers_atom': 1, 'L3_layers_mol': 3, 'L3_out_dim': 112, 'L3_dropout': 0.279788988419984, 'n_mlp_layers': 2, 'mlp_dim_0': 392, 'mlp_dim_1': 88, 'num_heads': 1, 'final_dropout': 0.019077492204583144, 'train_learning_rate': 0.002845913633264011, 'train_lr_reduce': 0.6}. Best is trial 236 with value: 0.009785382077097893.
[I 2024-12-24 17:31:46,183] Trial 359 finished with value: 0.011567923240363598 and parameters: {'L1_hidden_dim': 208, 'L1_layers_atom': 3, 'L1_layers_mol': 1, 'L1_dropout': 0.025349033999376755, 'L1_out_dim': 32, 'L2_hidden_dim': 96, 'L2_layers_atom': 3, 'L2_layers_mol': 1, 'L2_out_dim': 96, 'L2_dropout': 0.06977216690571707, 'L3_hidden_dim': 112, 'L3_layers_atom': 4, 'L3_layers_mol': 1, 'L3_out_dim': 48, 'L3_dropout': 0.24140252858157685, 'n_mlp_layers': 2, 'mlp_dim_0': 304, 'mlp_dim_1': 128, 'num_heads': 2, 'final_dropout': 0.09044214808770458, 'train_learning_rate': 0.0020541333189298557, 'train_lr_reduce': 0.6}. Best is trial 236 with value: 0.009785382077097893.
[I 2024-12-24 17:32:07,469] Trial 362 finished with value: 0.015712711960077286 and parameters: {'L1_hidden_dim': 192, 'L1_layers_atom': 3, 'L1_layers_mol': 3, 'L1_dropout': 0.11018731086099197, 'L1_out_dim': 80, 'L2_hidden_dim': 208, 'L2_layers_atom': 3, 'L2_layers_mol': 1, 'L2_out_dim': 128, 'L2_dropout': 0.034521114663392596, 'L3_hidden_dim': 80, 'L3_layers_atom': 3, 'L3_layers_mol': 4, 'L3_out_dim': 48, 'L3_dropout': 0.17227008399773766, 'n_mlp_layers': 3, 'mlp_dim_0': 360, 'mlp_dim_1': 360, 'mlp_dim_2': 152, 'num_heads': 1, 'final_dropout': 0.16385353614210163, 'train_learning_rate': 0.00015876466944144153, 'train_lr_reduce': 0.6}. Best is trial 236 with value: 0.009785382077097893.
[I 2024-12-24 17:32:29,129] Trial 361 finished with value: 0.01083866972476244 and parameters: {'L1_hidden_dim': 224, 'L1_layers_atom': 3, 'L1_layers_mol': 2, 'L1_dropout': 0.026608781699194995, 'L1_out_dim': 64, 'L2_hidden_dim': 96, 'L2_layers_atom': 4, 'L2_layers_mol': 2, 'L2_out_dim': 112, 'L2_dropout': 0.06321103478859412, 'L3_hidden_dim': 128, 'L3_layers_atom': 4, 'L3_layers_mol': 2, 'L3_out_dim': 96, 'L3_dropout': 0.2507532888903482, 'n_mlp_layers': 1, 'mlp_dim_0': 352, 'num_heads': 2, 'final_dropout': 0.05029531417384568, 'train_learning_rate': 0.001334920426989474, 'train_lr_reduce': 0.6}. Best is trial 236 with value: 0.009785382077097893.
[I 2024-12-24 17:34:06,899] Trial 363 finished with value: 0.012051794677972794 and parameters: {'L1_hidden_dim': 176, 'L1_layers_atom': 4, 'L1_layers_mol': 3, 'L1_dropout': 0.05741929314191023, 'L1_out_dim': 48, 'L2_hidden_dim': 96, 'L2_layers_atom': 4, 'L2_layers_mol': 2, 'L2_out_dim': 80, 'L2_dropout': 0.02329656786460016, 'L3_hidden_dim': 128, 'L3_layers_atom': 3, 'L3_layers_mol': 1, 'L3_out_dim': 128, 'L3_dropout': 0.21046787781927184, 'n_mlp_layers': 1, 'mlp_dim_0': 256, 'num_heads': 2, 'final_dropout': 0.1435976800574736, 'train_learning_rate': 0.000488793171189024, 'train_lr_reduce': 0.6}. Best is trial 236 with value: 0.009785382077097893.
[I 2024-12-24 17:34:09,023] Trial 364 finished with value: 0.011156836524605751 and parameters: {'L1_hidden_dim': 192, 'L1_layers_atom': 2, 'L1_layers_mol': 3, 'L1_dropout': 0.04812538236959585, 'L1_out_dim': 96, 'L2_hidden_dim': 192, 'L2_layers_atom': 4, 'L2_layers_mol': 1, 'L2_out_dim': 112, 'L2_dropout': 0.03614917292976608, 'L3_hidden_dim': 96, 'L3_layers_atom': 4, 'L3_layers_mol': 3, 'L3_out_dim': 32, 'L3_dropout': 0.1535939118567024, 'n_mlp_layers': 3, 'mlp_dim_0': 424, 'mlp_dim_1': 176, 'mlp_dim_2': 88, 'num_heads': 1, 'final_dropout': 0.12094812984119555, 'train_learning_rate': 0.0002747914509967711, 'train_lr_reduce': 0.6}. Best is trial 236 with value: 0.009785382077097893.
[I 2024-12-24 17:35:02,474] Trial 365 finished with value: 0.01127523835748434 and parameters: {'L1_hidden_dim': 128, 'L1_layers_atom': 3, 'L1_layers_mol': 3, 'L1_dropout': 0.02170995779178614, 'L1_out_dim': 128, 'L2_hidden_dim': 96, 'L2_layers_atom': 2, 'L2_layers_mol': 3, 'L2_out_dim': 32, 'L2_dropout': 0.007486892838466435, 'L3_hidden_dim': 64, 'L3_layers_atom': 2, 'L3_layers_mol': 1, 'L3_out_dim': 96, 'L3_dropout': 0.2143422599025725, 'n_mlp_layers': 3, 'mlp_dim_0': 504, 'mlp_dim_1': 88, 'mlp_dim_2': 168, 'num_heads': 2, 'final_dropout': 0.1537792872124958, 'train_learning_rate': 0.0013764858900502607, 'train_lr_reduce': 0.6}. Best is trial 236 with value: 0.009785382077097893.
[I 2024-12-24 17:36:12,547] Trial 366 finished with value: 0.01272213738411665 and parameters: {'L1_hidden_dim': 96, 'L1_layers_atom': 1, 'L1_layers_mol': 4, 'L1_dropout': 0.053444277044934846, 'L1_out_dim': 112, 'L2_hidden_dim': 192, 'L2_layers_atom': 4, 'L2_layers_mol': 1, 'L2_out_dim': 64, 'L2_dropout': 0.008826201138942016, 'L3_hidden_dim': 80, 'L3_layers_atom': 3, 'L3_layers_mol': 4, 'L3_out_dim': 112, 'L3_dropout': 0.25115610507511615, 'n_mlp_layers': 3, 'mlp_dim_0': 496, 'mlp_dim_1': 152, 'mlp_dim_2': 168, 'num_heads': 1, 'final_dropout': 0.17025799531256133, 'train_learning_rate': 0.00032241793516627566, 'train_lr_reduce': 0.6}. Best is trial 236 with value: 0.009785382077097893.
[I 2024-12-24 17:36:17,712] Trial 367 finished with value: 0.012888635508716106 and parameters: {'L1_hidden_dim': 192, 'L1_layers_atom': 2, 'L1_layers_mol': 1, 'L1_dropout': 0.06102506164983458, 'L1_out_dim': 48, 'L2_hidden_dim': 64, 'L2_layers_atom': 4, 'L2_layers_mol': 3, 'L2_out_dim': 128, 'L2_dropout': 0.00469157919252982, 'L3_hidden_dim': 112, 'L3_layers_atom': 3, 'L3_layers_mol': 2, 'L3_out_dim': 112, 'L3_dropout': 0.2894142881619538, 'n_mlp_layers': 2, 'mlp_dim_0': 456, 'mlp_dim_1': 32, 'num_heads': 2, 'final_dropout': 0.058932834823713184, 'train_learning_rate': 0.0009439804700316797, 'train_lr_reduce': 0.6}. Best is trial 236 with value: 0.009785382077097893.
[I 2024-12-24 17:36:46,933] Trial 370 finished with value: 0.7071924805641174 and parameters: {'L1_hidden_dim': 208, 'L1_layers_atom': 2, 'L1_layers_mol': 3, 'L1_dropout': 0.03386123286170505, 'L1_out_dim': 96, 'L2_hidden_dim': 112, 'L2_layers_atom': 4, 'L2_layers_mol': 2, 'L2_out_dim': 112, 'L2_dropout': 0.00020281234977169438, 'L3_hidden_dim': 112, 'L3_layers_atom': 1, 'L3_layers_mol': 2, 'L3_out_dim': 64, 'L3_dropout': 0.07949320919050563, 'n_mlp_layers': 3, 'mlp_dim_0': 280, 'mlp_dim_1': 112, 'mlp_dim_2': 176, 'num_heads': 1, 'final_dropout': 0.1697256161796107, 'train_learning_rate': 0.008827575715840556, 'train_lr_reduce': 0.6}. Best is trial 236 with value: 0.009785382077097893.
[I 2024-12-24 17:37:33,859] Trial 368 finished with value: 0.010385842062532902 and parameters: {'L1_hidden_dim': 240, 'L1_layers_atom': 4, 'L1_layers_mol': 1, 'L1_dropout': 0.010971862146185306, 'L1_out_dim': 32, 'L2_hidden_dim': 128, 'L2_layers_atom': 4, 'L2_layers_mol': 1, 'L2_out_dim': 96, 'L2_dropout': 0.09020733388161058, 'L3_hidden_dim': 112, 'L3_layers_atom': 3, 'L3_layers_mol': 3, 'L3_out_dim': 96, 'L3_dropout': 0.29751052937758493, 'n_mlp_layers': 2, 'mlp_dim_0': 400, 'mlp_dim_1': 224, 'num_heads': 2, 'final_dropout': 0.0178450029161612, 'train_learning_rate': 0.00058973582654319, 'train_lr_reduce': 0.6}. Best is trial 236 with value: 0.009785382077097893.
[I 2024-12-24 17:37:51,898] Trial 371 finished with value: 0.04123877361416817 and parameters: {'L1_hidden_dim': 208, 'L1_layers_atom': 1, 'L1_layers_mol': 3, 'L1_dropout': 0.017051944891714344, 'L1_out_dim': 128, 'L2_hidden_dim': 192, 'L2_layers_atom': 4, 'L2_layers_mol': 1, 'L2_out_dim': 128, 'L2_dropout': 0.12390535653000717, 'L3_hidden_dim': 96, 'L3_layers_atom': 1, 'L3_layers_mol': 2, 'L3_out_dim': 80, 'L3_dropout': 0.15734390846494667, 'n_mlp_layers': 3, 'mlp_dim_0': 216, 'mlp_dim_1': 168, 'mlp_dim_2': 96, 'num_heads': 1, 'final_dropout': 0.21767402540734107, 'train_learning_rate': 0.009014462821767925, 'train_lr_reduce': 0.6}. Best is trial 236 with value: 0.009785382077097893.
[I 2024-12-24 17:38:53,566] Trial 369 finished with value: 0.011839699931442738 and parameters: {'L1_hidden_dim': 256, 'L1_layers_atom': 3, 'L1_layers_mol': 2, 'L1_dropout': 0.05499520678683175, 'L1_out_dim': 64, 'L2_hidden_dim': 128, 'L2_layers_atom': 4, 'L2_layers_mol': 1, 'L2_out_dim': 112, 'L2_dropout': 0.07267683510636966, 'L3_hidden_dim': 128, 'L3_layers_atom': 4, 'L3_layers_mol': 1, 'L3_out_dim': 112, 'L3_dropout': 0.28537224739852, 'n_mlp_layers': 1, 'mlp_dim_0': 416, 'num_heads': 2, 'final_dropout': 0.12605558991331467, 'train_learning_rate': 0.0015658874654940148, 'train_lr_reduce': 0.6}. Best is trial 236 with value: 0.009785382077097893.
[I 2024-12-24 17:40:12,731] Trial 373 finished with value: 0.017648205161094666 and parameters: {'L1_hidden_dim': 224, 'L1_layers_atom': 2, 'L1_layers_mol': 4, 'L1_dropout': 0.11112097506890337, 'L1_out_dim': 32, 'L2_hidden_dim': 224, 'L2_layers_atom': 3, 'L2_layers_mol': 1, 'L2_out_dim': 48, 'L2_dropout': 0.09747257943584874, 'L3_hidden_dim': 128, 'L3_layers_atom': 1, 'L3_layers_mol': 3, 'L3_out_dim': 128, 'L3_dropout': 0.24160216522560618, 'n_mlp_layers': 3, 'mlp_dim_0': 320, 'mlp_dim_1': 200, 'mlp_dim_2': 200, 'num_heads': 1, 'final_dropout': 0.0748517636104632, 'train_learning_rate': 0.0074818159319775205, 'train_lr_reduce': 0.6}. Best is trial 236 with value: 0.009785382077097893.
[I 2024-12-24 17:40:59,729] Trial 372 finished with value: 0.011160239577293396 and parameters: {'L1_hidden_dim': 208, 'L1_layers_atom': 2, 'L1_layers_mol': 2, 'L1_dropout': 0.09065558531721538, 'L1_out_dim': 32, 'L2_hidden_dim': 144, 'L2_layers_atom': 3, 'L2_layers_mol': 3, 'L2_out_dim': 64, 'L2_dropout': 0.028075479458843287, 'L3_hidden_dim': 128, 'L3_layers_atom': 4, 'L3_layers_mol': 1, 'L3_out_dim': 96, 'L3_dropout': 0.20798540672914811, 'n_mlp_layers': 1, 'mlp_dim_0': 296, 'num_heads': 2, 'final_dropout': 0.0039665655577791545, 'train_learning_rate': 0.001351867238552326, 'train_lr_reduce': 0.6}. Best is trial 236 with value: 0.009785382077097893.
[I 2024-12-24 17:42:01,812] Trial 374 finished with value: 0.015839336439967155 and parameters: {'L1_hidden_dim': 256, 'L1_layers_atom': 4, 'L1_layers_mol': 2, 'L1_dropout': 0.04811583207560063, 'L1_out_dim': 80, 'L2_hidden_dim': 176, 'L2_layers_atom': 4, 'L2_layers_mol': 1, 'L2_out_dim': 112, 'L2_dropout': 0.12233516917082565, 'L3_hidden_dim': 112, 'L3_layers_atom': 1, 'L3_layers_mol': 3, 'L3_out_dim': 80, 'L3_dropout': 0.2680209286853119, 'n_mlp_layers': 2, 'mlp_dim_0': 320, 'mlp_dim_1': 248, 'num_heads': 2, 'final_dropout': 0.014431665138771508, 'train_learning_rate': 0.00015879638376474573, 'train_lr_reduce': 0.6}. Best is trial 236 with value: 0.009785382077097893.
[I 2024-12-24 17:44:41,089] Trial 375 finished with value: 0.01137080043554306 and parameters: {'L1_hidden_dim': 256, 'L1_layers_atom': 4, 'L1_layers_mol': 1, 'L1_dropout': 0.01460589546900959, 'L1_out_dim': 32, 'L2_hidden_dim': 192, 'L2_layers_atom': 4, 'L2_layers_mol': 1, 'L2_out_dim': 64, 'L2_dropout': 0.054863689058500066, 'L3_hidden_dim': 128, 'L3_layers_atom': 3, 'L3_layers_mol': 3, 'L3_out_dim': 96, 'L3_dropout': 0.19517537960629971, 'n_mlp_layers': 3, 'mlp_dim_0': 320, 'mlp_dim_1': 240, 'mlp_dim_2': 144, 'num_heads': 2, 'final_dropout': 0.0017685029450209312, 'train_learning_rate': 0.00017449361290322707, 'train_lr_reduce': 0.6}. Best is trial 236 with value: 0.009785382077097893.
[I 2024-12-24 17:44:46,671] Trial 376 finished with value: 0.015238972380757332 and parameters: {'L1_hidden_dim': 192, 'L1_layers_atom': 4, 'L1_layers_mol': 1, 'L1_dropout': 0.03630160425159354, 'L1_out_dim': 48, 'L2_hidden_dim': 128, 'L2_layers_atom': 3, 'L2_layers_mol': 2, 'L2_out_dim': 96, 'L2_dropout': 0.07723449667910412, 'L3_hidden_dim': 96, 'L3_layers_atom': 3, 'L3_layers_mol': 3, 'L3_out_dim': 96, 'L3_dropout': 0.2553704053673878, 'n_mlp_layers': 1, 'mlp_dim_0': 400, 'num_heads': 2, 'final_dropout': 0.03240392638796026, 'train_learning_rate': 0.00028489722154458736, 'train_lr_reduce': 0.6}. Best is trial 236 with value: 0.009785382077097893.
[I 2024-12-24 17:45:12,632] Trial 377 finished with value: 0.019260669127106667 and parameters: {'L1_hidden_dim': 240, 'L1_layers_atom': 4, 'L1_layers_mol': 1, 'L1_dropout': 0.012714322384715957, 'L1_out_dim': 64, 'L2_hidden_dim': 64, 'L2_layers_atom': 4, 'L2_layers_mol': 2, 'L2_out_dim': 96, 'L2_dropout': 0.1487034779827131, 'L3_hidden_dim': 112, 'L3_layers_atom': 3, 'L3_layers_mol': 2, 'L3_out_dim': 96, 'L3_dropout': 0.2554899059043103, 'n_mlp_layers': 3, 'mlp_dim_0': 504, 'mlp_dim_1': 232, 'mlp_dim_2': 240, 'num_heads': 2, 'final_dropout': 0.022249570287284897, 'train_learning_rate': 0.0006331555926594536, 'train_lr_reduce': 0.6}. Best is trial 236 with value: 0.009785382077097893.
[I 2024-12-24 17:46:37,154] Trial 379 finished with value: 0.010856648907065392 and parameters: {'L1_hidden_dim': 240, 'L1_layers_atom': 2, 'L1_layers_mol': 2, 'L1_dropout': 0.08568045471963293, 'L1_out_dim': 112, 'L2_hidden_dim': 208, 'L2_layers_atom': 4, 'L2_layers_mol': 1, 'L2_out_dim': 112, 'L2_dropout': 0.007726945025865334, 'L3_hidden_dim': 128, 'L3_layers_atom': 2, 'L3_layers_mol': 4, 'L3_out_dim': 32, 'L3_dropout': 0.19592984858538565, 'n_mlp_layers': 3, 'mlp_dim_0': 400, 'mlp_dim_1': 248, 'mlp_dim_2': 40, 'num_heads': 1, 'final_dropout': 0.14366214301975005, 'train_learning_rate': 0.00020757952368576034, 'train_lr_reduce': 0.6}. Best is trial 236 with value: 0.009785382077097893.
[I 2024-12-24 17:46:47,755] Trial 378 finished with value: 0.010927215218544006 and parameters: {'L1_hidden_dim': 64, 'L1_layers_atom': 3, 'L1_layers_mol': 3, 'L1_dropout': 0.048999160196682774, 'L1_out_dim': 32, 'L2_hidden_dim': 112, 'L2_layers_atom': 4, 'L2_layers_mol': 1, 'L2_out_dim': 128, 'L2_dropout': 0.06787305937097204, 'L3_hidden_dim': 96, 'L3_layers_atom': 3, 'L3_layers_mol': 1, 'L3_out_dim': 128, 'L3_dropout': 0.29437179508877354, 'n_mlp_layers': 3, 'mlp_dim_0': 432, 'mlp_dim_1': 80, 'mlp_dim_2': 176, 'num_heads': 2, 'final_dropout': 0.20049494865912745, 'train_learning_rate': 0.004964914907311453, 'train_lr_reduce': 0.6}. Best is trial 236 with value: 0.009785382077097893.
[I 2024-12-24 17:47:00,885] Trial 380 finished with value: 0.012888234108686447 and parameters: {'L1_hidden_dim': 192, 'L1_layers_atom': 2, 'L1_layers_mol': 4, 'L1_dropout': 0.013835906622006441, 'L1_out_dim': 80, 'L2_hidden_dim': 144, 'L2_layers_atom': 3, 'L2_layers_mol': 2, 'L2_out_dim': 96, 'L2_dropout': 0.16680817143053273, 'L3_hidden_dim': 64, 'L3_layers_atom': 2, 'L3_layers_mol': 3, 'L3_out_dim': 32, 'L3_dropout': 0.11488271372702141, 'n_mlp_layers': 3, 'mlp_dim_0': 512, 'mlp_dim_1': 32, 'mlp_dim_2': 240, 'num_heads': 1, 'final_dropout': 0.2508658804752785, 'train_learning_rate': 0.006294835652539063, 'train_lr_reduce': 0.6}. Best is trial 236 with value: 0.009785382077097893.
[I 2024-12-24 17:48:23,958] Trial 381 finished with value: 0.01311986893415451 and parameters: {'L1_hidden_dim': 192, 'L1_layers_atom': 3, 'L1_layers_mol': 2, 'L1_dropout': 0.005917108408031426, 'L1_out_dim': 32, 'L2_hidden_dim': 144, 'L2_layers_atom': 4, 'L2_layers_mol': 2, 'L2_out_dim': 96, 'L2_dropout': 0.09240153232226753, 'L3_hidden_dim': 128, 'L3_layers_atom': 3, 'L3_layers_mol': 3, 'L3_out_dim': 96, 'L3_dropout': 0.278250580159772, 'n_mlp_layers': 1, 'mlp_dim_0': 296, 'num_heads': 1, 'final_dropout': 0.014155084235813145, 'train_learning_rate': 0.002375445132121683, 'train_lr_reduce': 0.6}. Best is trial 236 with value: 0.009785382077097893.
[I 2024-12-24 17:48:36,296] Trial 383 finished with value: 0.013279012404382229 and parameters: {'L1_hidden_dim': 256, 'L1_layers_atom': 2, 'L1_layers_mol': 1, 'L1_dropout': 0.0754893377457887, 'L1_out_dim': 96, 'L2_hidden_dim': 192, 'L2_layers_atom': 4, 'L2_layers_mol': 2, 'L2_out_dim': 112, 'L2_dropout': 0.0811854646930016, 'L3_hidden_dim': 112, 'L3_layers_atom': 3, 'L3_layers_mol': 4, 'L3_out_dim': 48, 'L3_dropout': 0.20643757461431375, 'n_mlp_layers': 3, 'mlp_dim_0': 256, 'mlp_dim_1': 240, 'mlp_dim_2': 40, 'num_heads': 1, 'final_dropout': 0.07727945977051662, 'train_learning_rate': 0.0003649072920068778, 'train_lr_reduce': 0.6}. Best is trial 236 with value: 0.009785382077097893.
[I 2024-12-24 17:49:04,519] Trial 382 finished with value: 0.011357353068888187 and parameters: {'L1_hidden_dim': 64, 'L1_layers_atom': 2, 'L1_layers_mol': 3, 'L1_dropout': 0.006442353680097681, 'L1_out_dim': 128, 'L2_hidden_dim': 80, 'L2_layers_atom': 4, 'L2_layers_mol': 3, 'L2_out_dim': 48, 'L2_dropout': 0.01740257026062271, 'L3_hidden_dim': 80, 'L3_layers_atom': 1, 'L3_layers_mol': 1, 'L3_out_dim': 128, 'L3_dropout': 0.22526352346071654, 'n_mlp_layers': 3, 'mlp_dim_0': 352, 'mlp_dim_1': 280, 'mlp_dim_2': 32, 'num_heads': 2, 'final_dropout': 0.09710400060477299, 'train_learning_rate': 0.0009055414864727574, 'train_lr_reduce': 0.6}. Best is trial 236 with value: 0.009785382077097893.
