[I 2024-12-16 01:17:21,446] Trial 2273 finished with value: 0.5385765433311462 and parameters: {'mlp_n_layers': 2, 'mlp_dim_00': 224, 'mlp_dim_01': 144, 'hidden_channels': 48, 'num_layers': 2, 'num_timesteps': 3, 'dropout': 0.22146569953042633, 'train_learning_rate': 0.009591604805152955, 'train_lr_reduce': 0.6}. Best is trial 130 with value: 0.0812772810459137.
[I 2024-12-16 01:17:31,413] Trial 2274 finished with value: 0.09374230355024338 and parameters: {'mlp_n_layers': 2, 'mlp_dim_00': 224, 'mlp_dim_01': 160, 'hidden_channels': 32, 'num_layers': 2, 'num_timesteps': 3, 'dropout': 0.24156898435586857, 'train_learning_rate': 0.005828150859685067, 'train_lr_reduce': 0.6}. Best is trial 130 with value: 0.0812772810459137.
[I 2024-12-16 01:17:34,201] Trial 2276 finished with value: 0.12375085055828094 and parameters: {'mlp_n_layers': 4, 'mlp_dim_00': 64, 'mlp_dim_01': 240, 'mlp_dim_02': 192, 'mlp_dim_03': 240, 'hidden_channels': 144, 'num_layers': 1, 'num_timesteps': 4, 'dropout': 0.28929558178537584, 'train_learning_rate': 0.0020497815611566967, 'train_lr_reduce': 0.6}. Best is trial 130 with value: 0.0812772810459137.
[I 2024-12-16 01:17:34,881] Trial 2275 finished with value: 0.14353741705417633 and parameters: {'mlp_n_layers': 2, 'mlp_dim_00': 48, 'mlp_dim_01': 240, 'hidden_channels': 80, 'num_layers': 2, 'num_timesteps': 3, 'dropout': 0.03141534750262467, 'train_learning_rate': 0.00708503123159909, 'train_lr_reduce': 0.6}. Best is trial 130 with value: 0.0812772810459137.
[I 2024-12-16 01:17:44,531] Trial 2277 finished with value: 0.10205920040607452 and parameters: {'mlp_n_layers': 2, 'mlp_dim_00': 176, 'mlp_dim_01': 208, 'hidden_channels': 48, 'num_layers': 2, 'num_timesteps': 3, 'dropout': 0.10486404692361395, 'train_learning_rate': 0.006839751600843136, 'train_lr_reduce': 0.6}. Best is trial 130 with value: 0.0812772810459137.
[I 2024-12-16 01:17:46,555] Trial 2278 finished with value: 0.12925374507904053 and parameters: {'mlp_n_layers': 2, 'mlp_dim_00': 208, 'mlp_dim_01': 176, 'hidden_channels': 112, 'num_layers': 1, 'num_timesteps': 3, 'dropout': 0.1960843513907126, 'train_learning_rate': 0.004232710502671803, 'train_lr_reduce': 0.6}. Best is trial 130 with value: 0.0812772810459137.
[I 2024-12-16 01:17:49,425] Trial 2279 finished with value: 0.10032003372907639 and parameters: {'mlp_n_layers': 2, 'mlp_dim_00': 240, 'mlp_dim_01': 192, 'hidden_channels': 32, 'num_layers': 1, 'num_timesteps': 3, 'dropout': 0.18011863292179375, 'train_learning_rate': 0.009907137277561425, 'train_lr_reduce': 0.6}. Best is trial 130 with value: 0.0812772810459137.
[I 2024-12-16 01:18:04,303] Trial 2282 finished with value: 0.12493825703859329 and parameters: {'mlp_n_layers': 2, 'mlp_dim_00': 192, 'mlp_dim_01': 208, 'hidden_channels': 112, 'num_layers': 2, 'num_timesteps': 3, 'dropout': 0.19543382931647474, 'train_learning_rate': 0.009325551276434122, 'train_lr_reduce': 0.6}. Best is trial 130 with value: 0.0812772810459137.
[I 2024-12-16 01:18:05,043] Trial 2280 finished with value: 0.11276009678840637 and parameters: {'mlp_n_layers': 2, 'mlp_dim_00': 32, 'mlp_dim_01': 192, 'hidden_channels': 32, 'num_layers': 3, 'num_timesteps': 4, 'dropout': 0.14666558383074849, 'train_learning_rate': 0.003705879424774688, 'train_lr_reduce': 0.6}. Best is trial 130 with value: 0.0812772810459137.
[I 2024-12-16 01:18:06,480] Trial 2281 finished with value: 0.11136462539434433 and parameters: {'mlp_n_layers': 2, 'mlp_dim_00': 48, 'mlp_dim_01': 160, 'hidden_channels': 32, 'num_layers': 3, 'num_timesteps': 4, 'dropout': 0.04748878622137528, 'train_learning_rate': 0.0023170770022962624, 'train_lr_reduce': 0.6}. Best is trial 130 with value: 0.0812772810459137.
[I 2024-12-16 01:18:16,329] Trial 2283 finished with value: 0.11244121193885803 and parameters: {'mlp_n_layers': 2, 'mlp_dim_00': 128, 'mlp_dim_01': 224, 'hidden_channels': 80, 'num_layers': 2, 'num_timesteps': 3, 'dropout': 0.27185182867227375, 'train_learning_rate': 0.007935283313369615, 'train_lr_reduce': 0.6}. Best is trial 130 with value: 0.0812772810459137.
[I 2024-12-16 01:18:16,776] Trial 2284 finished with value: 0.13416247069835663 and parameters: {'mlp_n_layers': 4, 'mlp_dim_00': 96, 'mlp_dim_01': 160, 'mlp_dim_02': 224, 'mlp_dim_03': 192, 'hidden_channels': 48, 'num_layers': 1, 'num_timesteps': 1, 'dropout': 0.2676925358874992, 'train_learning_rate': 0.0018339489404289925, 'train_lr_reduce': 0.6}. Best is trial 130 with value: 0.0812772810459137.
[I 2024-12-16 01:18:21,287] Trial 2285 finished with value: 0.11379092186689377 and parameters: {'mlp_n_layers': 2, 'mlp_dim_00': 208, 'mlp_dim_01': 160, 'hidden_channels': 80, 'num_layers': 2, 'num_timesteps': 3, 'dropout': 0.22068169966498816, 'train_learning_rate': 0.008020350978482393, 'train_lr_reduce': 0.6}. Best is trial 130 with value: 0.0812772810459137.
[I 2024-12-16 01:18:30,768] Trial 2287 finished with value: 0.11946317553520203 and parameters: {'mlp_n_layers': 2, 'mlp_dim_00': 256, 'mlp_dim_01': 64, 'hidden_channels': 96, 'num_layers': 3, 'num_timesteps': 2, 'dropout': 0.2968262605729584, 'train_learning_rate': 0.008357394138431076, 'train_lr_reduce': 0.6}. Best is trial 130 with value: 0.0812772810459137.
[I 2024-12-16 01:18:30,784] Trial 2286 finished with value: 0.1047603189945221 and parameters: {'mlp_n_layers': 2, 'mlp_dim_00': 256, 'mlp_dim_01': 128, 'hidden_channels': 48, 'num_layers': 2, 'num_timesteps': 2, 'dropout': 0.2853539312265968, 'train_learning_rate': 0.009584610815928823, 'train_lr_reduce': 0.6}. Best is trial 130 with value: 0.0812772810459137.
[I 2024-12-16 01:18:41,305] Trial 2290 finished with value: 0.11156023293733597 and parameters: {'mlp_n_layers': 2, 'mlp_dim_00': 224, 'mlp_dim_01': 192, 'hidden_channels': 32, 'num_layers': 1, 'num_timesteps': 3, 'dropout': 0.20407389104350845, 'train_learning_rate': 0.009561187530120698, 'train_lr_reduce': 0.6}. Best is trial 130 with value: 0.0812772810459137.
[I 2024-12-16 01:18:43,889] Trial 2288 finished with value: 0.10558083653450012 and parameters: {'mlp_n_layers': 3, 'mlp_dim_00': 64, 'mlp_dim_01': 224, 'mlp_dim_02': 80, 'hidden_channels': 80, 'num_layers': 3, 'num_timesteps': 4, 'dropout': 0.15293743510029334, 'train_learning_rate': 0.003461867455335107, 'train_lr_reduce': 0.6}. Best is trial 130 with value: 0.0812772810459137.
[I 2024-12-16 01:18:49,689] Trial 2289 finished with value: 0.13069991767406464 and parameters: {'mlp_n_layers': 2, 'mlp_dim_00': 112, 'mlp_dim_01': 112, 'hidden_channels': 48, 'num_layers': 3, 'num_timesteps': 3, 'dropout': 0.20876529818946513, 'train_learning_rate': 0.008807238958236452, 'train_lr_reduce': 0.6}. Best is trial 130 with value: 0.0812772810459137.
[I 2024-12-16 01:18:55,056] Trial 2292 finished with value: 0.10512439161539078 and parameters: {'mlp_n_layers': 2, 'mlp_dim_00': 256, 'mlp_dim_01': 176, 'hidden_channels': 32, 'num_layers': 1, 'num_timesteps': 3, 'dropout': 0.23511145986888285, 'train_learning_rate': 0.00916497477046168, 'train_lr_reduce': 0.6}. Best is trial 130 with value: 0.0812772810459137.
[I 2024-12-16 01:18:56,507] Trial 2291 finished with value: 0.10087075084447861 and parameters: {'mlp_n_layers': 2, 'mlp_dim_00': 160, 'mlp_dim_01': 32, 'hidden_channels': 80, 'num_layers': 3, 'num_timesteps': 2, 'dropout': 0.21679473116671572, 'train_learning_rate': 0.0022839008223600027, 'train_lr_reduce': 0.6}. Best is trial 130 with value: 0.0812772810459137.
[I 2024-12-16 01:19:08,040] Trial 2294 finished with value: 0.09769257158041 and parameters: {'mlp_n_layers': 2, 'mlp_dim_00': 208, 'mlp_dim_01': 208, 'hidden_channels': 128, 'num_layers': 1, 'num_timesteps': 4, 'dropout': 0.2939602425075255, 'train_learning_rate': 0.00715397245120857, 'train_lr_reduce': 0.6}. Best is trial 130 with value: 0.0812772810459137.
[I 2024-12-16 01:19:13,452] Trial 2293 finished with value: 0.15129780769348145 and parameters: {'mlp_n_layers': 3, 'mlp_dim_00': 160, 'mlp_dim_01': 80, 'mlp_dim_02': 112, 'hidden_channels': 96, 'num_layers': 1, 'num_timesteps': 3, 'dropout': 0.03670447675851159, 'train_learning_rate': 0.006521465205724965, 'train_lr_reduce': 0.6}. Best is trial 130 with value: 0.0812772810459137.
[I 2024-12-16 01:19:16,852] Trial 2295 finished with value: 0.12640486657619476 and parameters: {'mlp_n_layers': 2, 'mlp_dim_00': 48, 'mlp_dim_01': 208, 'hidden_channels': 80, 'num_layers': 3, 'num_timesteps': 4, 'dropout': 0.09578534541286793, 'train_learning_rate': 0.00807957686921238, 'train_lr_reduce': 0.6}. Best is trial 130 with value: 0.0812772810459137.
[I 2024-12-16 01:19:28,204] Trial 2298 finished with value: 0.12362255901098251 and parameters: {'mlp_n_layers': 2, 'mlp_dim_00': 192, 'mlp_dim_01': 176, 'hidden_channels': 96, 'num_layers': 1, 'num_timesteps': 3, 'dropout': 0.2995358243772652, 'train_learning_rate': 0.0029324758982495003, 'train_lr_reduce': 0.6}. Best is trial 130 with value: 0.0812772810459137.
[I 2024-12-16 01:19:29,127] Trial 2297 finished with value: 0.1053665354847908 and parameters: {'mlp_n_layers': 2, 'mlp_dim_00': 256, 'mlp_dim_01': 176, 'hidden_channels': 64, 'num_layers': 1, 'num_timesteps': 4, 'dropout': 0.20994825203422962, 'train_learning_rate': 0.002608286430484074, 'train_lr_reduce': 0.6}. Best is trial 130 with value: 0.0812772810459137.
[I 2024-12-16 01:19:37,091] Trial 2296 finished with value: 0.17765766382217407 and parameters: {'mlp_n_layers': 4, 'mlp_dim_00': 160, 'mlp_dim_01': 48, 'mlp_dim_02': 256, 'mlp_dim_03': 80, 'hidden_channels': 256, 'num_layers': 2, 'num_timesteps': 3, 'dropout': 0.2348399846851722, 'train_learning_rate': 0.0002671825670145752, 'train_lr_reduce': 0.6}. Best is trial 130 with value: 0.0812772810459137.
[I 2024-12-16 01:19:38,542] Trial 2299 finished with value: 0.12823157012462616 and parameters: {'mlp_n_layers': 2, 'mlp_dim_00': 256, 'mlp_dim_01': 224, 'hidden_channels': 144, 'num_layers': 1, 'num_timesteps': 3, 'dropout': 0.16798625145248697, 'train_learning_rate': 0.0034030189933674476, 'train_lr_reduce': 0.6}. Best is trial 130 with value: 0.0812772810459137.
[I 2024-12-16 01:19:44,440] Trial 2300 finished with value: 0.09271024912595749 and parameters: {'mlp_n_layers': 2, 'mlp_dim_00': 80, 'mlp_dim_01': 208, 'hidden_channels': 48, 'num_layers': 3, 'num_timesteps': 4, 'dropout': 0.07050810802841405, 'train_learning_rate': 0.007193663766029592, 'train_lr_reduce': 0.6}. Best is trial 130 with value: 0.0812772810459137.
[I 2024-12-16 01:19:48,959] Trial 2302 finished with value: 0.10673706233501434 and parameters: {'mlp_n_layers': 2, 'mlp_dim_00': 224, 'mlp_dim_01': 176, 'hidden_channels': 48, 'num_layers': 2, 'num_timesteps': 2, 'dropout': 0.1540172915590195, 'train_learning_rate': 0.004335749899978777, 'train_lr_reduce': 0.6}. Best is trial 130 with value: 0.0812772810459137.
[I 2024-12-16 01:19:50,267] Trial 2301 finished with value: 0.1070166826248169 and parameters: {'mlp_n_layers': 3, 'mlp_dim_00': 80, 'mlp_dim_01': 80, 'mlp_dim_02': 192, 'hidden_channels': 32, 'num_layers': 1, 'num_timesteps': 2, 'dropout': 0.2616719959756075, 'train_learning_rate': 0.002069071039466944, 'train_lr_reduce': 0.6}. Best is trial 130 with value: 0.0812772810459137.
[I 2024-12-16 01:20:06,788] Trial 2304 finished with value: 0.15287700295448303 and parameters: {'mlp_n_layers': 3, 'mlp_dim_00': 80, 'mlp_dim_01': 48, 'mlp_dim_02': 224, 'hidden_channels': 176, 'num_layers': 3, 'num_timesteps': 1, 'dropout': 0.11010053651436486, 'train_learning_rate': 0.004078750486562509, 'train_lr_reduce': 0.6}. Best is trial 130 with value: 0.0812772810459137.
[I 2024-12-16 01:20:11,257] Trial 2303 finished with value: 0.12399216741323471 and parameters: {'mlp_n_layers': 3, 'mlp_dim_00': 112, 'mlp_dim_01': 48, 'mlp_dim_02': 48, 'hidden_channels': 48, 'num_layers': 1, 'num_timesteps': 4, 'dropout': 0.22691309824268535, 'train_learning_rate': 0.0004918470478322299, 'train_lr_reduce': 0.6}. Best is trial 130 with value: 0.0812772810459137.
[I 2024-12-16 01:20:17,621] Trial 2305 finished with value: 0.1440087854862213 and parameters: {'mlp_n_layers': 3, 'mlp_dim_00': 96, 'mlp_dim_01': 208, 'mlp_dim_02': 192, 'hidden_channels': 112, 'num_layers': 1, 'num_timesteps': 4, 'dropout': 0.0002601381431083516, 'train_learning_rate': 0.00012639882838568658, 'train_lr_reduce': 0.6}. Best is trial 130 with value: 0.0812772810459137.
[I 2024-12-16 01:20:24,531] Trial 2306 finished with value: 0.09603249281644821 and parameters: {'mlp_n_layers': 3, 'mlp_dim_00': 192, 'mlp_dim_01': 192, 'mlp_dim_02': 112, 'hidden_channels': 32, 'num_layers': 1, 'num_timesteps': 3, 'dropout': 0.2740497402598038, 'train_learning_rate': 0.00960770916449441, 'train_lr_reduce': 0.6}. Best is trial 130 with value: 0.0812772810459137.
[I 2024-12-16 01:20:25,502] Trial 2307 finished with value: 0.1068880707025528 and parameters: {'mlp_n_layers': 3, 'mlp_dim_00': 160, 'mlp_dim_01': 176, 'mlp_dim_02': 176, 'hidden_channels': 64, 'num_layers': 2, 'num_timesteps': 3, 'dropout': 0.19671249605655028, 'train_learning_rate': 0.008376942696561567, 'train_lr_reduce': 0.6}. Best is trial 130 with value: 0.0812772810459137.
[I 2024-12-16 01:20:32,474] Trial 2308 finished with value: 0.10381883382797241 and parameters: {'mlp_n_layers': 2, 'mlp_dim_00': 176, 'mlp_dim_01': 256, 'hidden_channels': 32, 'num_layers': 2, 'num_timesteps': 3, 'dropout': 0.042183641667619884, 'train_learning_rate': 0.009964499646011812, 'train_lr_reduce': 0.6}. Best is trial 130 with value: 0.0812772810459137.
[I 2024-12-16 01:20:37,597] Trial 2310 finished with value: 0.11840000003576279 and parameters: {'mlp_n_layers': 2, 'mlp_dim_00': 224, 'mlp_dim_01': 256, 'hidden_channels': 144, 'num_layers': 1, 'num_timesteps': 3, 'dropout': 0.23485336629397535, 'train_learning_rate': 0.002347496624983363, 'train_lr_reduce': 0.6}. Best is trial 130 with value: 0.0812772810459137.
[I 2024-12-16 01:20:37,901] Trial 2309 finished with value: 0.12305513024330139 and parameters: {'mlp_n_layers': 2, 'mlp_dim_00': 208, 'mlp_dim_01': 240, 'hidden_channels': 128, 'num_layers': 3, 'num_timesteps': 4, 'dropout': 0.18071117689841099, 'train_learning_rate': 0.003955697546557562, 'train_lr_reduce': 0.6}. Best is trial 130 with value: 0.0812772810459137.
[I 2024-12-16 01:20:43,230] Trial 2311 finished with value: 0.11024650186300278 and parameters: {'mlp_n_layers': 2, 'mlp_dim_00': 176, 'mlp_dim_01': 160, 'hidden_channels': 64, 'num_layers': 1, 'num_timesteps': 4, 'dropout': 0.2317435212393408, 'train_learning_rate': 0.004344684484899484, 'train_lr_reduce': 0.6}. Best is trial 130 with value: 0.0812772810459137.
[I 2024-12-16 01:20:50,843] Trial 2312 finished with value: 0.1556018888950348 and parameters: {'mlp_n_layers': 4, 'mlp_dim_00': 32, 'mlp_dim_01': 208, 'mlp_dim_02': 224, 'mlp_dim_03': 144, 'hidden_channels': 224, 'num_layers': 2, 'num_timesteps': 1, 'dropout': 0.16918276608481597, 'train_learning_rate': 0.0013649801624330184, 'train_lr_reduce': 0.6}. Best is trial 130 with value: 0.0812772810459137.
[I 2024-12-16 01:20:54,366] Trial 2313 finished with value: 0.10628966987133026 and parameters: {'mlp_n_layers': 2, 'mlp_dim_00': 96, 'mlp_dim_01': 192, 'hidden_channels': 48, 'num_layers': 2, 'num_timesteps': 3, 'dropout': 0.1788921786178638, 'train_learning_rate': 0.004330303186663121, 'train_lr_reduce': 0.6}. Best is trial 130 with value: 0.0812772810459137.
[I 2024-12-16 01:20:58,265] Trial 2314 finished with value: 0.10393141955137253 and parameters: {'mlp_n_layers': 2, 'mlp_dim_00': 208, 'mlp_dim_01': 240, 'hidden_channels': 80, 'num_layers': 2, 'num_timesteps': 4, 'dropout': 0.23708667928012261, 'train_learning_rate': 0.00994348457157247, 'train_lr_reduce': 0.6}. Best is trial 130 with value: 0.0812772810459137.
[I 2024-12-16 01:21:09,623] Trial 2316 finished with value: 0.12023811787366867 and parameters: {'mlp_n_layers': 2, 'mlp_dim_00': 64, 'mlp_dim_01': 192, 'hidden_channels': 48, 'num_layers': 2, 'num_timesteps': 4, 'dropout': 0.21997689868772521, 'train_learning_rate': 0.0017532645356935772, 'train_lr_reduce': 0.6}. Best is trial 130 with value: 0.0812772810459137.
[I 2024-12-16 01:21:11,719] Trial 2317 finished with value: 0.11715269088745117 and parameters: {'mlp_n_layers': 3, 'mlp_dim_00': 240, 'mlp_dim_01': 192, 'mlp_dim_02': 80, 'hidden_channels': 32, 'num_layers': 1, 'num_timesteps': 3, 'dropout': 0.20414925274552997, 'train_learning_rate': 0.002591723413307135, 'train_lr_reduce': 0.6}. Best is trial 130 with value: 0.0812772810459137.
[I 2024-12-16 01:21:16,985] Trial 2315 finished with value: 0.36573362350463867 and parameters: {'mlp_n_layers': 2, 'mlp_dim_00': 144, 'mlp_dim_01': 144, 'hidden_channels': 32, 'num_layers': 1, 'num_timesteps': 4, 'dropout': 0.049614684753029395, 'train_learning_rate': 0.00023036133713916587, 'train_lr_reduce': 0.6}. Best is trial 130 with value: 0.0812772810459137.
[I 2024-12-16 01:21:29,965] Trial 2319 finished with value: 0.12251245230436325 and parameters: {'mlp_n_layers': 2, 'mlp_dim_00': 144, 'mlp_dim_01': 80, 'hidden_channels': 64, 'num_layers': 3, 'num_timesteps': 2, 'dropout': 0.1802368362336824, 'train_learning_rate': 0.005131318324778704, 'train_lr_reduce': 0.6}. Best is trial 130 with value: 0.0812772810459137.
[I 2024-12-16 01:21:34,596] Trial 2318 finished with value: 0.19579832255840302 and parameters: {'mlp_n_layers': 2, 'mlp_dim_00': 176, 'mlp_dim_01': 192, 'hidden_channels': 96, 'num_layers': 3, 'num_timesteps': 3, 'dropout': 0.2970929635959468, 'train_learning_rate': 0.009153780061872356, 'train_lr_reduce': 0.6}. Best is trial 130 with value: 0.0812772810459137.
[I 2024-12-16 01:21:40,402] Trial 2321 finished with value: 0.11570147424936295 and parameters: {'mlp_n_layers': 2, 'mlp_dim_00': 256, 'mlp_dim_01': 192, 'hidden_channels': 64, 'num_layers': 1, 'num_timesteps': 3, 'dropout': 0.2888740789836489, 'train_learning_rate': 0.004003405761600733, 'train_lr_reduce': 0.6}. Best is trial 130 with value: 0.0812772810459137.
[I 2024-12-16 01:21:44,728] Trial 2320 finished with value: 0.13514898717403412 and parameters: {'mlp_n_layers': 4, 'mlp_dim_00': 256, 'mlp_dim_01': 64, 'mlp_dim_02': 192, 'mlp_dim_03': 224, 'hidden_channels': 144, 'num_layers': 3, 'num_timesteps': 2, 'dropout': 0.04134648518172847, 'train_learning_rate': 0.00037971397449343603, 'train_lr_reduce': 0.6}. Best is trial 130 with value: 0.0812772810459137.
[I 2024-12-16 01:21:52,151] Trial 2322 finished with value: 0.11905564367771149 and parameters: {'mlp_n_layers': 2, 'mlp_dim_00': 144, 'mlp_dim_01': 160, 'hidden_channels': 112, 'num_layers': 2, 'num_timesteps': 2, 'dropout': 0.2547656610423097, 'train_learning_rate': 0.007631828286908985, 'train_lr_reduce': 0.6}. Best is trial 130 with value: 0.0812772810459137.
[I 2024-12-16 01:22:02,267] Trial 2323 finished with value: 0.13417527079582214 and parameters: {'mlp_n_layers': 2, 'mlp_dim_00': 176, 'mlp_dim_01': 144, 'hidden_channels': 176, 'num_layers': 4, 'num_timesteps': 3, 'dropout': 0.09879986906902932, 'train_learning_rate': 0.001001143538691164, 'train_lr_reduce': 0.6}. Best is trial 130 with value: 0.0812772810459137.
[I 2024-12-16 01:22:02,984] Trial 2325 finished with value: 0.14904877543449402 and parameters: {'mlp_n_layers': 2, 'mlp_dim_00': 48, 'mlp_dim_01': 208, 'hidden_channels': 32, 'num_layers': 1, 'num_timesteps': 4, 'dropout': 0.19151839184090405, 'train_learning_rate': 0.0031123552889310005, 'train_lr_reduce': 0.6}. Best is trial 130 with value: 0.0812772810459137.
[I 2024-12-16 01:22:05,987] Trial 2324 finished with value: 0.12033552676439285 and parameters: {'mlp_n_layers': 2, 'mlp_dim_00': 64, 'mlp_dim_01': 160, 'hidden_channels': 32, 'num_layers': 2, 'num_timesteps': 4, 'dropout': 0.11247067978461395, 'train_learning_rate': 0.0015777080937850545, 'train_lr_reduce': 0.6}. Best is trial 130 with value: 0.0812772810459137.
[I 2024-12-16 01:22:17,438] Trial 2328 finished with value: 0.11385664343833923 and parameters: {'mlp_n_layers': 2, 'mlp_dim_00': 240, 'mlp_dim_01': 224, 'hidden_channels': 64, 'num_layers': 2, 'num_timesteps': 3, 'dropout': 0.2071986963254372, 'train_learning_rate': 0.003005094544316169, 'train_lr_reduce': 0.6}. Best is trial 130 with value: 0.0812772810459137.
[I 2024-12-16 01:22:23,522] Trial 2326 finished with value: 0.11785298585891724 and parameters: {'mlp_n_layers': 2, 'mlp_dim_00': 112, 'mlp_dim_01': 160, 'hidden_channels': 96, 'num_layers': 3, 'num_timesteps': 4, 'dropout': 0.16781743452207618, 'train_learning_rate': 0.0017649727350048576, 'train_lr_reduce': 0.6}. Best is trial 130 with value: 0.0812772810459137.
[I 2024-12-16 01:22:26,311] Trial 2327 finished with value: 0.14513954520225525 and parameters: {'mlp_n_layers': 2, 'mlp_dim_00': 176, 'mlp_dim_01': 32, 'hidden_channels': 112, 'num_layers': 3, 'num_timesteps': 3, 'dropout': 0.27659288558822803, 'train_learning_rate': 0.007828961708066582, 'train_lr_reduce': 0.6}. Best is trial 130 with value: 0.0812772810459137.
[I 2024-12-16 01:22:37,153] Trial 2329 finished with value: 0.095438152551651 and parameters: {'mlp_n_layers': 2, 'mlp_dim_00': 96, 'mlp_dim_01': 224, 'hidden_channels': 32, 'num_layers': 3, 'num_timesteps': 4, 'dropout': 0.04153012813229891, 'train_learning_rate': 0.00344944971920221, 'train_lr_reduce': 0.6}. Best is trial 130 with value: 0.0812772810459137.
[I 2024-12-16 01:22:38,730] Trial 2330 finished with value: 0.11494789272546768 and parameters: {'mlp_n_layers': 2, 'mlp_dim_00': 96, 'mlp_dim_01': 192, 'hidden_channels': 80, 'num_layers': 2, 'num_timesteps': 4, 'dropout': 0.19261206191499186, 'train_learning_rate': 0.002864421235941774, 'train_lr_reduce': 0.6}. Best is trial 130 with value: 0.0812772810459137.
[I 2024-12-16 01:22:42,848] Trial 2331 finished with value: 0.15767760574817657 and parameters: {'mlp_n_layers': 2, 'mlp_dim_00': 160, 'mlp_dim_01': 144, 'hidden_channels': 96, 'num_layers': 2, 'num_timesteps': 4, 'dropout': 0.21969567073944496, 'train_learning_rate': 0.009089773156427835, 'train_lr_reduce': 0.6}. Best is trial 130 with value: 0.0812772810459137.
