[I 2024-12-19 08:52:53,015] Trial 1085 finished with value: 1.1452151536941528 and parameters: {'mlp_n_layers': 4, 'mlp_dim_00': 288, 'mlp_dim_01': 178, 'mlp_dim_02': 349, 'mlp_dim_03': 174, 'node_hidden_dim': 35, 'edge_hidden_dim': 120, 'depth': 3, 'rep_dropout': 0.1632081186520354, 'train_learning_rate': 0.0024529942015648607, 'train_lr_reduce': 0.6}. Best is trial 724 with value: 0.1670333594083786.
[I 2024-12-19 08:53:00,557] Trial 1088 finished with value: 1.1427160501480103 and parameters: {'mlp_n_layers': 4, 'mlp_dim_00': 477, 'mlp_dim_01': 373, 'mlp_dim_02': 372, 'mlp_dim_03': 125, 'node_hidden_dim': 58, 'edge_hidden_dim': 32, 'depth': 3, 'rep_dropout': 0.014810695561515163, 'train_learning_rate': 0.0022503451037148643, 'train_lr_reduce': 0.6}. Best is trial 724 with value: 0.1670333594083786.
[I 2024-12-19 08:53:10,347] Trial 1087 finished with value: 0.20613259077072144 and parameters: {'mlp_n_layers': 2, 'mlp_dim_00': 475, 'mlp_dim_01': 310, 'node_hidden_dim': 96, 'edge_hidden_dim': 86, 'depth': 2, 'rep_dropout': 0.05418603136125408, 'train_learning_rate': 0.006119790064359579, 'train_lr_reduce': 0.6}. Best is trial 724 with value: 0.1670333594083786.
[I 2024-12-19 08:53:14,276] Trial 1086 finished with value: 0.2080543041229248 and parameters: {'mlp_n_layers': 3, 'mlp_dim_00': 500, 'mlp_dim_01': 272, 'mlp_dim_02': 413, 'node_hidden_dim': 123, 'edge_hidden_dim': 66, 'depth': 2, 'rep_dropout': 0.04423739202798711, 'train_learning_rate': 0.006882914282386198, 'train_lr_reduce': 0.6}. Best is trial 724 with value: 0.1670333594083786.
[I 2024-12-19 08:53:15,928] Trial 1090 finished with value: 1.1431092023849487 and parameters: {'mlp_n_layers': 2, 'mlp_dim_00': 509, 'mlp_dim_01': 292, 'node_hidden_dim': 99, 'edge_hidden_dim': 89, 'depth': 2, 'rep_dropout': 0.06577837488057524, 'train_learning_rate': 0.0025326441791370625, 'train_lr_reduce': 0.6}. Best is trial 724 with value: 0.1670333594083786.
[I 2024-12-19 08:53:22,636] Trial 1091 finished with value: 1.1427127122879028 and parameters: {'mlp_n_layers': 3, 'mlp_dim_00': 174, 'mlp_dim_01': 292, 'mlp_dim_02': 297, 'node_hidden_dim': 47, 'edge_hidden_dim': 124, 'depth': 2, 'rep_dropout': 0.10334026475126976, 'train_learning_rate': 0.0004144504370867496, 'train_lr_reduce': 0.6}. Best is trial 724 with value: 0.1670333594083786.
[I 2024-12-19 08:53:24,514] Trial 1089 finished with value: 0.5413252711296082 and parameters: {'mlp_n_layers': 4, 'mlp_dim_00': 468, 'mlp_dim_01': 354, 'mlp_dim_02': 426, 'mlp_dim_03': 230, 'node_hidden_dim': 83, 'edge_hidden_dim': 53, 'depth': 3, 'rep_dropout': 0.054742441692442065, 'train_learning_rate': 0.0065205993837174955, 'train_lr_reduce': 0.6}. Best is trial 724 with value: 0.1670333594083786.
[I 2024-12-19 08:53:24,518] Trial 1092 finished with value: 1.1420753002166748 and parameters: {'mlp_n_layers': 4, 'mlp_dim_00': 403, 'mlp_dim_01': 430, 'mlp_dim_02': 332, 'mlp_dim_03': 308, 'node_hidden_dim': 110, 'edge_hidden_dim': 112, 'depth': 2, 'rep_dropout': 0.0733977680053616, 'train_learning_rate': 0.00010940379535245322, 'train_lr_reduce': 0.6}. Best is trial 724 with value: 0.1670333594083786.
[I 2024-12-19 08:53:28,578] Trial 1093 finished with value: 1.1424155235290527 and parameters: {'mlp_n_layers': 2, 'mlp_dim_00': 496, 'mlp_dim_01': 230, 'node_hidden_dim': 118, 'edge_hidden_dim': 60, 'depth': 2, 'rep_dropout': 0.08734816341072524, 'train_learning_rate': 0.00245995314669913, 'train_lr_reduce': 0.6}. Best is trial 724 with value: 0.1670333594083786.
[I 2024-12-19 08:53:31,735] Trial 1095 finished with value: 1.1435238122940063 and parameters: {'mlp_n_layers': 4, 'mlp_dim_00': 442, 'mlp_dim_01': 98, 'mlp_dim_02': 293, 'mlp_dim_03': 224, 'node_hidden_dim': 87, 'edge_hidden_dim': 117, 'depth': 4, 'rep_dropout': 0.040110196506083245, 'train_learning_rate': 0.0021899813065231147, 'train_lr_reduce': 0.6}. Best is trial 724 with value: 0.1670333594083786.
[I 2024-12-19 08:53:37,965] Trial 1097 finished with value: 1.1430267095565796 and parameters: {'mlp_n_layers': 4, 'mlp_dim_00': 404, 'mlp_dim_01': 378, 'mlp_dim_02': 364, 'mlp_dim_03': 109, 'node_hidden_dim': 86, 'edge_hidden_dim': 44, 'depth': 2, 'rep_dropout': 0.004961321984585687, 'train_learning_rate': 0.0034979945194904298, 'train_lr_reduce': 0.6}. Best is trial 724 with value: 0.1670333594083786.
[I 2024-12-19 08:53:43,985] Trial 1098 finished with value: 1.1425758600234985 and parameters: {'mlp_n_layers': 3, 'mlp_dim_00': 103, 'mlp_dim_01': 295, 'mlp_dim_02': 317, 'node_hidden_dim': 108, 'edge_hidden_dim': 107, 'depth': 2, 'rep_dropout': 0.005391043541330409, 'train_learning_rate': 0.002034967312036078, 'train_lr_reduce': 0.6}. Best is trial 724 with value: 0.1670333594083786.
[I 2024-12-19 08:53:45,628] Trial 1094 finished with value: 0.3242757320404053 and parameters: {'mlp_n_layers': 2, 'mlp_dim_00': 466, 'mlp_dim_01': 252, 'node_hidden_dim': 90, 'edge_hidden_dim': 109, 'depth': 2, 'rep_dropout': 0.015759085027377176, 'train_learning_rate': 0.005657043104376972, 'train_lr_reduce': 0.6}. Best is trial 724 with value: 0.1670333594083786.
[I 2024-12-19 08:53:49,969] Trial 1099 finished with value: 1.1424504518508911 and parameters: {'mlp_n_layers': 2, 'mlp_dim_00': 316, 'mlp_dim_01': 325, 'node_hidden_dim': 92, 'edge_hidden_dim': 106, 'depth': 2, 'rep_dropout': 0.02238587042489374, 'train_learning_rate': 0.0026690798266032407, 'train_lr_reduce': 0.6}. Best is trial 724 with value: 0.1670333594083786.
[I 2024-12-19 08:53:51,914] Trial 1096 finished with value: 0.33200812339782715 and parameters: {'mlp_n_layers': 3, 'mlp_dim_00': 467, 'mlp_dim_01': 251, 'mlp_dim_02': 345, 'node_hidden_dim': 128, 'edge_hidden_dim': 65, 'depth': 2, 'rep_dropout': 0.009942851755388383, 'train_learning_rate': 0.005033701140019988, 'train_lr_reduce': 0.6}. Best is trial 724 with value: 0.1670333594083786.
[I 2024-12-19 08:53:52,576] Trial 1100 finished with value: 1.1540563106536865 and parameters: {'mlp_n_layers': 3, 'mlp_dim_00': 438, 'mlp_dim_01': 157, 'mlp_dim_02': 377, 'node_hidden_dim': 114, 'edge_hidden_dim': 63, 'depth': 3, 'rep_dropout': 0.05449527017011066, 'train_learning_rate': 0.004198863222275398, 'train_lr_reduce': 0.6}. Best is trial 724 with value: 0.1670333594083786.
[I 2024-12-19 08:54:03,864] Trial 1103 finished with value: 1.0283323526382446 and parameters: {'mlp_n_layers': 2, 'mlp_dim_00': 489, 'mlp_dim_01': 237, 'node_hidden_dim': 90, 'edge_hidden_dim': 94, 'depth': 3, 'rep_dropout': 0.04789546812355564, 'train_learning_rate': 0.00836350564641444, 'train_lr_reduce': 0.6}. Best is trial 724 with value: 0.1670333594083786.
[I 2024-12-19 08:54:10,346] Trial 1101 finished with value: 0.7370240688323975 and parameters: {'mlp_n_layers': 2, 'mlp_dim_00': 427, 'mlp_dim_01': 289, 'node_hidden_dim': 103, 'edge_hidden_dim': 85, 'depth': 2, 'rep_dropout': 0.08555125014032915, 'train_learning_rate': 0.007038383344527668, 'train_lr_reduce': 0.6}. Best is trial 724 with value: 0.1670333594083786.
[I 2024-12-19 08:54:15,755] Trial 1102 finished with value: 0.6156700849533081 and parameters: {'mlp_n_layers': 3, 'mlp_dim_00': 500, 'mlp_dim_01': 223, 'mlp_dim_02': 425, 'node_hidden_dim': 126, 'edge_hidden_dim': 69, 'depth': 2, 'rep_dropout': 0.04220049989000449, 'train_learning_rate': 0.006345573443065031, 'train_lr_reduce': 0.6}. Best is trial 724 with value: 0.1670333594083786.
[I 2024-12-19 08:54:15,772] Trial 1105 finished with value: 1.1435920000076294 and parameters: {'mlp_n_layers': 2, 'mlp_dim_00': 433, 'mlp_dim_01': 224, 'node_hidden_dim': 85, 'edge_hidden_dim': 98, 'depth': 2, 'rep_dropout': 0.08076409511902566, 'train_learning_rate': 0.003452337239286577, 'train_lr_reduce': 0.6}. Best is trial 724 with value: 0.1670333594083786.
[I 2024-12-19 08:54:18,815] Trial 1104 finished with value: 0.5772669315338135 and parameters: {'mlp_n_layers': 4, 'mlp_dim_00': 433, 'mlp_dim_01': 434, 'mlp_dim_02': 374, 'mlp_dim_03': 332, 'node_hidden_dim': 98, 'edge_hidden_dim': 65, 'depth': 2, 'rep_dropout': 2.6456937029964694e-05, 'train_learning_rate': 0.005233683519324892, 'train_lr_reduce': 0.6}. Best is trial 724 with value: 0.1670333594083786.
[I 2024-12-19 08:54:22,353] Trial 1107 finished with value: 1.1431708335876465 and parameters: {'mlp_n_layers': 4, 'mlp_dim_00': 498, 'mlp_dim_01': 404, 'mlp_dim_02': 418, 'mlp_dim_03': 164, 'node_hidden_dim': 84, 'edge_hidden_dim': 61, 'depth': 2, 'rep_dropout': 0.05204497590704233, 'train_learning_rate': 0.004313100370585604, 'train_lr_reduce': 0.6}. Best is trial 724 with value: 0.1670333594083786.
[I 2024-12-19 08:54:23,618] Trial 1106 finished with value: 1.1463534832000732 and parameters: {'mlp_n_layers': 2, 'mlp_dim_00': 448, 'mlp_dim_01': 251, 'node_hidden_dim': 117, 'edge_hidden_dim': 88, 'depth': 4, 'rep_dropout': 0.2460662724031689, 'train_learning_rate': 0.0012042677861448846, 'train_lr_reduce': 0.6}. Best is trial 724 with value: 0.1670333594083786.
[I 2024-12-19 08:54:24,666] Trial 1108 finished with value: 1.147097110748291 and parameters: {'mlp_n_layers': 3, 'mlp_dim_00': 252, 'mlp_dim_01': 401, 'mlp_dim_02': 430, 'node_hidden_dim': 52, 'edge_hidden_dim': 32, 'depth': 2, 'rep_dropout': 0.009503925062900757, 'train_learning_rate': 0.00580988811365528, 'train_lr_reduce': 0.6}. Best is trial 724 with value: 0.1670333594083786.
[I 2024-12-19 08:54:28,178] Trial 1109 finished with value: 1.1459609270095825 and parameters: {'mlp_n_layers': 2, 'mlp_dim_00': 475, 'mlp_dim_01': 354, 'node_hidden_dim': 79, 'edge_hidden_dim': 86, 'depth': 3, 'rep_dropout': 0.1060837609638052, 'train_learning_rate': 0.0073047803598992635, 'train_lr_reduce': 0.6}. Best is trial 724 with value: 0.1670333594083786.
[I 2024-12-19 08:54:31,182] Trial 1110 finished with value: 1.1430367231369019 and parameters: {'mlp_n_layers': 4, 'mlp_dim_00': 450, 'mlp_dim_01': 120, 'mlp_dim_02': 337, 'mlp_dim_03': 282, 'node_hidden_dim': 49, 'edge_hidden_dim': 77, 'depth': 4, 'rep_dropout': 0.03773565727681011, 'train_learning_rate': 0.0019297301454774224, 'train_lr_reduce': 0.6}. Best is trial 724 with value: 0.1670333594083786.
[I 2024-12-19 08:54:39,632] Trial 1112 finished with value: 0.7456192970275879 and parameters: {'mlp_n_layers': 3, 'mlp_dim_00': 481, 'mlp_dim_01': 354, 'mlp_dim_02': 231, 'node_hidden_dim': 122, 'edge_hidden_dim': 55, 'depth': 2, 'rep_dropout': 0.059586597642365915, 'train_learning_rate': 0.00901054426677877, 'train_lr_reduce': 0.6}. Best is trial 724 with value: 0.1670333594083786.
[I 2024-12-19 08:54:46,324] Trial 1111 finished with value: 0.29540058970451355 and parameters: {'mlp_n_layers': 3, 'mlp_dim_00': 381, 'mlp_dim_01': 262, 'mlp_dim_02': 386, 'node_hidden_dim': 126, 'edge_hidden_dim': 55, 'depth': 2, 'rep_dropout': 0.006430617977468862, 'train_learning_rate': 0.0038482928941435575, 'train_lr_reduce': 0.6}. Best is trial 724 with value: 0.1670333594083786.
[I 2024-12-19 08:54:52,789] Trial 1115 finished with value: 1.1426547765731812 and parameters: {'mlp_n_layers': 2, 'mlp_dim_00': 439, 'mlp_dim_01': 345, 'node_hidden_dim': 103, 'edge_hidden_dim': 102, 'depth': 3, 'rep_dropout': 0.0802464355480878, 'train_learning_rate': 0.002512663174204451, 'train_lr_reduce': 0.6}. Best is trial 724 with value: 0.1670333594083786.
[I 2024-12-19 08:54:55,139] Trial 1113 finished with value: 0.2004600316286087 and parameters: {'mlp_n_layers': 3, 'mlp_dim_00': 409, 'mlp_dim_01': 215, 'mlp_dim_02': 423, 'node_hidden_dim': 101, 'edge_hidden_dim': 68, 'depth': 2, 'rep_dropout': 0.02579063295556745, 'train_learning_rate': 0.0064764802352322935, 'train_lr_reduce': 0.6}. Best is trial 724 with value: 0.1670333594083786.
[I 2024-12-19 08:55:00,461] Trial 1116 finished with value: 1.1459568738937378 and parameters: {'mlp_n_layers': 2, 'mlp_dim_00': 472, 'mlp_dim_01': 264, 'node_hidden_dim': 87, 'edge_hidden_dim': 67, 'depth': 2, 'rep_dropout': 0.03607187345958637, 'train_learning_rate': 0.005172991432735559, 'train_lr_reduce': 0.6}. Best is trial 724 with value: 0.1670333594083786.
[I 2024-12-19 08:55:00,978] Trial 1114 finished with value: 0.6152529716491699 and parameters: {'mlp_n_layers': 2, 'mlp_dim_00': 457, 'mlp_dim_01': 156, 'node_hidden_dim': 127, 'edge_hidden_dim': 62, 'depth': 2, 'rep_dropout': 0.018103248350677073, 'train_learning_rate': 0.006068532396775378, 'train_lr_reduce': 0.6}. Best is trial 724 with value: 0.1670333594083786.
[I 2024-12-19 08:55:06,462] Trial 1118 finished with value: 1.1482750177383423 and parameters: {'mlp_n_layers': 3, 'mlp_dim_00': 383, 'mlp_dim_01': 158, 'mlp_dim_02': 431, 'node_hidden_dim': 88, 'edge_hidden_dim': 82, 'depth': 2, 'rep_dropout': 0.04582082409310906, 'train_learning_rate': 0.0031927897124103613, 'train_lr_reduce': 0.6}. Best is trial 724 with value: 0.1670333594083786.
[I 2024-12-19 08:55:07,182] Trial 1119 finished with value: 1.1478558778762817 and parameters: {'mlp_n_layers': 2, 'mlp_dim_00': 357, 'mlp_dim_01': 505, 'node_hidden_dim': 77, 'edge_hidden_dim': 47, 'depth': 2, 'rep_dropout': 0.027909735748720858, 'train_learning_rate': 0.006547645666532157, 'train_lr_reduce': 0.6}. Best is trial 724 with value: 0.1670333594083786.
[I 2024-12-19 08:55:09,264] Trial 1117 finished with value: 0.7278223037719727 and parameters: {'mlp_n_layers': 3, 'mlp_dim_00': 399, 'mlp_dim_01': 117, 'mlp_dim_02': 431, 'node_hidden_dim': 105, 'edge_hidden_dim': 67, 'depth': 2, 'rep_dropout': 0.005501318969169594, 'train_learning_rate': 0.009571964697304921, 'train_lr_reduce': 0.6}. Best is trial 724 with value: 0.1670333594083786.
[I 2024-12-19 08:55:12,417] Trial 1120 finished with value: 1.142470121383667 and parameters: {'mlp_n_layers': 3, 'mlp_dim_00': 295, 'mlp_dim_01': 193, 'mlp_dim_02': 393, 'node_hidden_dim': 110, 'edge_hidden_dim': 85, 'depth': 2, 'rep_dropout': 0.02493146736904539, 'train_learning_rate': 0.0011731902886272815, 'train_lr_reduce': 0.6}. Best is trial 724 with value: 0.1670333594083786.
[I 2024-12-19 08:55:19,441] Trial 1123 finished with value: 1.1448150873184204 and parameters: {'mlp_n_layers': 3, 'mlp_dim_00': 389, 'mlp_dim_01': 263, 'mlp_dim_02': 438, 'node_hidden_dim': 103, 'edge_hidden_dim': 74, 'depth': 2, 'rep_dropout': 0.024237697472930933, 'train_learning_rate': 0.0023656336737602522, 'train_lr_reduce': 0.6}. Best is trial 724 with value: 0.1670333594083786.
[I 2024-12-19 08:55:26,538] Trial 1124 finished with value: 1.1422024965286255 and parameters: {'mlp_n_layers': 2, 'mlp_dim_00': 399, 'mlp_dim_01': 463, 'node_hidden_dim': 104, 'edge_hidden_dim': 39, 'depth': 4, 'rep_dropout': 0.15929079433975873, 'train_learning_rate': 0.00030687431500265737, 'train_lr_reduce': 0.6}. Best is trial 724 with value: 0.1670333594083786.
[I 2024-12-19 08:55:28,889] Trial 1121 finished with value: 0.2748308777809143 and parameters: {'mlp_n_layers': 2, 'mlp_dim_00': 501, 'mlp_dim_01': 311, 'node_hidden_dim': 104, 'edge_hidden_dim': 81, 'depth': 2, 'rep_dropout': 0.04032351892534129, 'train_learning_rate': 0.004057105024139701, 'train_lr_reduce': 0.6}. Best is trial 724 with value: 0.1670333594083786.
[I 2024-12-19 08:55:33,295] Trial 1125 finished with value: 1.1445523500442505 and parameters: {'mlp_n_layers': 2, 'mlp_dim_00': 432, 'mlp_dim_01': 345, 'node_hidden_dim': 95, 'edge_hidden_dim': 92, 'depth': 3, 'rep_dropout': 0.016778883378996433, 'train_learning_rate': 0.005331844002891458, 'train_lr_reduce': 0.6}. Best is trial 724 with value: 0.1670333594083786.
[I 2024-12-19 08:55:33,603] Trial 1122 finished with value: 0.4742036759853363 and parameters: {'mlp_n_layers': 4, 'mlp_dim_00': 493, 'mlp_dim_01': 284, 'mlp_dim_02': 434, 'mlp_dim_03': 228, 'node_hidden_dim': 81, 'edge_hidden_dim': 59, 'depth': 2, 'rep_dropout': 0.013331475101616055, 'train_learning_rate': 0.004256912622488303, 'train_lr_reduce': 0.6}. Best is trial 724 with value: 0.1670333594083786.
[I 2024-12-19 08:55:35,360] Trial 1126 finished with value: 1.142654538154602 and parameters: {'mlp_n_layers': 3, 'mlp_dim_00': 449, 'mlp_dim_01': 234, 'mlp_dim_02': 401, 'node_hidden_dim': 124, 'edge_hidden_dim': 72, 'depth': 3, 'rep_dropout': 1.8332196701380254e-05, 'train_learning_rate': 0.002429701730850685, 'train_lr_reduce': 0.6}. Best is trial 724 with value: 0.1670333594083786.
[I 2024-12-19 08:55:39,521] Trial 1127 finished with value: 1.1464146375656128 and parameters: {'mlp_n_layers': 2, 'mlp_dim_00': 191, 'mlp_dim_01': 304, 'node_hidden_dim': 127, 'edge_hidden_dim': 125, 'depth': 4, 'rep_dropout': 0.236777582757522, 'train_learning_rate': 0.004603645463341073, 'train_lr_reduce': 0.6}. Best is trial 724 with value: 0.1670333594083786.
[I 2024-12-19 08:55:45,802] Trial 1130 finished with value: 1.1428440809249878 and parameters: {'mlp_n_layers': 2, 'mlp_dim_00': 472, 'mlp_dim_01': 358, 'node_hidden_dim': 87, 'edge_hidden_dim': 83, 'depth': 2, 'rep_dropout': 0.11320853169881935, 'train_learning_rate': 0.00358410673623338, 'train_lr_reduce': 0.6}. Best is trial 724 with value: 0.1670333594083786.
[I 2024-12-19 08:55:48,359] Trial 1128 finished with value: 0.7447400093078613 and parameters: {'mlp_n_layers': 2, 'mlp_dim_00': 470, 'mlp_dim_01': 186, 'node_hidden_dim': 104, 'edge_hidden_dim': 43, 'depth': 2, 'rep_dropout': 0.048171164944049584, 'train_learning_rate': 0.004192095474718182, 'train_lr_reduce': 0.6}. Best is trial 724 with value: 0.1670333594083786.
[I 2024-12-19 08:55:52,843] Trial 1131 finished with value: 1.1418989896774292 and parameters: {'mlp_n_layers': 4, 'mlp_dim_00': 152, 'mlp_dim_01': 134, 'mlp_dim_02': 441, 'mlp_dim_03': 368, 'node_hidden_dim': 40, 'edge_hidden_dim': 108, 'depth': 3, 'rep_dropout': 0.009615710050483534, 'train_learning_rate': 0.0005197250240895764, 'train_lr_reduce': 0.6}. Best is trial 724 with value: 0.1670333594083786.
[I 2024-12-19 08:55:55,691] Trial 1129 finished with value: 0.3121202886104584 and parameters: {'mlp_n_layers': 3, 'mlp_dim_00': 505, 'mlp_dim_01': 161, 'mlp_dim_02': 382, 'node_hidden_dim': 97, 'edge_hidden_dim': 51, 'depth': 2, 'rep_dropout': 0.08064176747541188, 'train_learning_rate': 0.008352611248884782, 'train_lr_reduce': 0.6}. Best is trial 724 with value: 0.1670333594083786.
[I 2024-12-19 08:55:56,874] Trial 1132 finished with value: 1.1466470956802368 and parameters: {'mlp_n_layers': 4, 'mlp_dim_00': 409, 'mlp_dim_01': 351, 'mlp_dim_02': 441, 'mlp_dim_03': 117, 'node_hidden_dim': 80, 'edge_hidden_dim': 67, 'depth': 2, 'rep_dropout': 0.0029129226858373106, 'train_learning_rate': 0.008569911391656491, 'train_lr_reduce': 0.6}. Best is trial 724 with value: 0.1670333594083786.
[I 2024-12-19 08:55:59,784] Trial 1133 finished with value: 1.1507173776626587 and parameters: {'mlp_n_layers': 4, 'mlp_dim_00': 235, 'mlp_dim_01': 95, 'mlp_dim_02': 371, 'mlp_dim_03': 286, 'node_hidden_dim': 75, 'edge_hidden_dim': 68, 'depth': 4, 'rep_dropout': 0.2412679685646082, 'train_learning_rate': 0.0033627231797764565, 'train_lr_reduce': 0.6}. Best is trial 724 with value: 0.1670333594083786.
[I 2024-12-19 08:56:01,880] Trial 1134 finished with value: 1.1426063776016235 and parameters: {'mlp_n_layers': 3, 'mlp_dim_00': 391, 'mlp_dim_01': 248, 'mlp_dim_02': 440, 'node_hidden_dim': 99, 'edge_hidden_dim': 50, 'depth': 2, 'rep_dropout': 0.04697866367739414, 'train_learning_rate': 0.005062333812152736, 'train_lr_reduce': 0.6}. Best is trial 724 with value: 0.1670333594083786.
[I 2024-12-19 08:56:06,671] Trial 1136 finished with value: 1.1423161029815674 and parameters: {'mlp_n_layers': 2, 'mlp_dim_00': 390, 'mlp_dim_01': 285, 'node_hidden_dim': 84, 'edge_hidden_dim': 83, 'depth': 2, 'rep_dropout': 0.025287833124699618, 'train_learning_rate': 0.009896928243017035, 'train_lr_reduce': 0.6}. Best is trial 724 with value: 0.1670333594083786.
[I 2024-12-19 08:56:18,073] Trial 1135 finished with value: 0.6392564177513123 and parameters: {'mlp_n_layers': 4, 'mlp_dim_00': 330, 'mlp_dim_01': 150, 'mlp_dim_02': 381, 'mlp_dim_03': 168, 'node_hidden_dim': 92, 'edge_hidden_dim': 66, 'depth': 2, 'rep_dropout': 0.0003761793520760774, 'train_learning_rate': 0.0038274654030773765, 'train_lr_reduce': 0.6}. Best is trial 724 with value: 0.1670333594083786.
[I 2024-12-19 08:56:22,749] Trial 1137 finished with value: 0.28893738985061646 and parameters: {'mlp_n_layers': 4, 'mlp_dim_00': 506, 'mlp_dim_01': 316, 'mlp_dim_02': 441, 'mlp_dim_03': 211, 'node_hidden_dim': 70, 'edge_hidden_dim': 50, 'depth': 2, 'rep_dropout': 0.0035672237756820273, 'train_learning_rate': 0.0070329265762491084, 'train_lr_reduce': 0.6}. Best is trial 724 with value: 0.1670333594083786.
[I 2024-12-19 08:56:25,556] Trial 1139 finished with value: 1.1483256816864014 and parameters: {'mlp_n_layers': 2, 'mlp_dim_00': 507, 'mlp_dim_01': 354, 'node_hidden_dim': 103, 'edge_hidden_dim': 77, 'depth': 2, 'rep_dropout': 0.08206114212400555, 'train_learning_rate': 0.008603947447576265, 'train_lr_reduce': 0.6}. Best is trial 724 with value: 0.1670333594083786.
[I 2024-12-19 08:56:28,288] Trial 1138 finished with value: 0.28853121399879456 and parameters: {'mlp_n_layers': 3, 'mlp_dim_00': 499, 'mlp_dim_01': 229, 'mlp_dim_02': 146, 'node_hidden_dim': 122, 'edge_hidden_dim': 63, 'depth': 2, 'rep_dropout': 0.018501932943770442, 'train_learning_rate': 0.006650604697030515, 'train_lr_reduce': 0.6}. Best is trial 724 with value: 0.1670333594083786.
[I 2024-12-19 08:56:35,663] Trial 1142 finished with value: 1.143844485282898 and parameters: {'mlp_n_layers': 4, 'mlp_dim_00': 481, 'mlp_dim_01': 457, 'mlp_dim_02': 334, 'mlp_dim_03': 382, 'node_hidden_dim': 74, 'edge_hidden_dim': 63, 'depth': 3, 'rep_dropout': 0.035173860959975066, 'train_learning_rate': 0.00534199189350384, 'train_lr_reduce': 0.6}. Best is trial 724 with value: 0.1670333594083786.
[I 2024-12-19 08:56:37,692] Trial 1141 finished with value: 1.010825276374817 and parameters: {'mlp_n_layers': 3, 'mlp_dim_00': 391, 'mlp_dim_01': 240, 'mlp_dim_02': 395, 'node_hidden_dim': 91, 'edge_hidden_dim': 98, 'depth': 2, 'rep_dropout': 0.05387364351846051, 'train_learning_rate': 0.0085950457452568, 'train_lr_reduce': 0.6}. Best is trial 724 with value: 0.1670333594083786.
