[I 2024-12-19 08:17:51,170] Trial 1221 finished with value: 1.5287549495697021 and parameters: {'mlp_n_layers': 4, 'mlp_dim_00': 431, 'mlp_dim_01': 160, 'mlp_dim_02': 480, 'mlp_dim_03': 220, 'node_hidden_dim': 81, 'edge_hidden_dim': 48, 'depth': 2, 'rep_dropout': 0.0679236439828886, 'train_learning_rate': 0.0011587501737735002, 'train_lr_reduce': 0.6}. Best is trial 1170 with value: 0.3284205496311188.
[I 2024-12-19 08:17:52,804] Trial 1223 finished with value: 1.306559681892395 and parameters: {'mlp_n_layers': 2, 'mlp_dim_00': 105, 'mlp_dim_01': 386, 'node_hidden_dim': 106, 'edge_hidden_dim': 103, 'depth': 3, 'rep_dropout': 0.09702614229705453, 'train_learning_rate': 0.006728739059992814, 'train_lr_reduce': 0.6}. Best is trial 1170 with value: 0.3284205496311188.
[I 2024-12-19 08:17:53,826] Trial 1222 finished with value: 1.5756767988204956 and parameters: {'mlp_n_layers': 4, 'mlp_dim_00': 300, 'mlp_dim_01': 499, 'mlp_dim_02': 384, 'mlp_dim_03': 277, 'node_hidden_dim': 116, 'edge_hidden_dim': 98, 'depth': 2, 'rep_dropout': 0.045058080823233204, 'train_learning_rate': 0.00011213700029379846, 'train_lr_reduce': 0.6}. Best is trial 1170 with value: 0.3284205496311188.
[I 2024-12-19 08:17:55,939] Trial 1224 finished with value: 1.490715742111206 and parameters: {'mlp_n_layers': 4, 'mlp_dim_00': 439, 'mlp_dim_01': 156, 'mlp_dim_02': 468, 'mlp_dim_03': 330, 'node_hidden_dim': 85, 'edge_hidden_dim': 71, 'depth': 2, 'rep_dropout': 0.06555969321641958, 'train_learning_rate': 0.0021558876389702083, 'train_lr_reduce': 0.6}. Best is trial 1170 with value: 0.3284205496311188.
[I 2024-12-19 08:17:57,786] Trial 1225 finished with value: 1.4480383396148682 and parameters: {'mlp_n_layers': 3, 'mlp_dim_00': 234, 'mlp_dim_01': 154, 'mlp_dim_02': 290, 'node_hidden_dim': 125, 'edge_hidden_dim': 41, 'depth': 3, 'rep_dropout': 0.07467170749484213, 'train_learning_rate': 0.006302912867178556, 'train_lr_reduce': 0.6}. Best is trial 1170 with value: 0.3284205496311188.
[I 2024-12-19 08:17:58,422] Trial 1226 finished with value: 1.4018877744674683 and parameters: {'mlp_n_layers': 2, 'mlp_dim_00': 197, 'mlp_dim_01': 487, 'node_hidden_dim': 106, 'edge_hidden_dim': 115, 'depth': 2, 'rep_dropout': 0.09906596515056233, 'train_learning_rate': 0.0037462944584380166, 'train_lr_reduce': 0.6}. Best is trial 1170 with value: 0.3284205496311188.
[I 2024-12-19 08:18:01,743] Trial 1228 finished with value: 1.3746466636657715 and parameters: {'mlp_n_layers': 3, 'mlp_dim_00': 512, 'mlp_dim_01': 87, 'mlp_dim_02': 297, 'node_hidden_dim': 89, 'edge_hidden_dim': 71, 'depth': 2, 'rep_dropout': 0.0931140875173201, 'train_learning_rate': 0.0039986515161322175, 'train_lr_reduce': 0.6}. Best is trial 1170 with value: 0.3284205496311188.
[I 2024-12-19 08:18:02,899] Trial 1229 finished with value: 1.2848392724990845 and parameters: {'mlp_n_layers': 2, 'mlp_dim_00': 262, 'mlp_dim_01': 426, 'node_hidden_dim': 123, 'edge_hidden_dim': 103, 'depth': 2, 'rep_dropout': 0.09016354410714061, 'train_learning_rate': 0.007626814438986097, 'train_lr_reduce': 0.6}. Best is trial 1170 with value: 0.3284205496311188.
[I 2024-12-19 08:18:06,186] Trial 1230 finished with value: 1.5185632705688477 and parameters: {'mlp_n_layers': 2, 'mlp_dim_00': 435, 'mlp_dim_01': 320, 'node_hidden_dim': 76, 'edge_hidden_dim': 72, 'depth': 3, 'rep_dropout': 0.006819480902357261, 'train_learning_rate': 0.0005782921621309375, 'train_lr_reduce': 0.6}. Best is trial 1170 with value: 0.3284205496311188.
[I 2024-12-19 08:18:08,036] Trial 1231 finished with value: 1.2912250757217407 and parameters: {'mlp_n_layers': 3, 'mlp_dim_00': 114, 'mlp_dim_01': 409, 'mlp_dim_02': 386, 'node_hidden_dim': 124, 'edge_hidden_dim': 91, 'depth': 3, 'rep_dropout': 0.12387835231371597, 'train_learning_rate': 0.008067135570941016, 'train_lr_reduce': 0.6}. Best is trial 1170 with value: 0.3284205496311188.
[I 2024-12-19 08:18:10,388] Trial 1227 finished with value: 0.6158161163330078 and parameters: {'mlp_n_layers': 4, 'mlp_dim_00': 254, 'mlp_dim_01': 214, 'mlp_dim_02': 439, 'mlp_dim_03': 216, 'node_hidden_dim': 53, 'edge_hidden_dim': 60, 'depth': 2, 'rep_dropout': 0.18906730138546007, 'train_learning_rate': 0.006663993700233371, 'train_lr_reduce': 0.6}. Best is trial 1170 with value: 0.3284205496311188.
[I 2024-12-19 08:18:10,546] Trial 1232 finished with value: 1.3036973476409912 and parameters: {'mlp_n_layers': 3, 'mlp_dim_00': 177, 'mlp_dim_01': 504, 'mlp_dim_02': 335, 'node_hidden_dim': 109, 'edge_hidden_dim': 97, 'depth': 2, 'rep_dropout': 0.1220751016104544, 'train_learning_rate': 0.00635431925837385, 'train_lr_reduce': 0.6}. Best is trial 1170 with value: 0.3284205496311188.
[I 2024-12-19 08:18:12,558] Trial 1233 finished with value: 1.441449522972107 and parameters: {'mlp_n_layers': 2, 'mlp_dim_00': 406, 'mlp_dim_01': 109, 'node_hidden_dim': 84, 'edge_hidden_dim': 77, 'depth': 2, 'rep_dropout': 0.15525655189809093, 'train_learning_rate': 0.0013803089407383353, 'train_lr_reduce': 0.6}. Best is trial 1170 with value: 0.3284205496311188.
[I 2024-12-19 08:18:14,677] Trial 1235 finished with value: 1.3189588785171509 and parameters: {'mlp_n_layers': 3, 'mlp_dim_00': 308, 'mlp_dim_01': 371, 'mlp_dim_02': 511, 'node_hidden_dim': 110, 'edge_hidden_dim': 70, 'depth': 2, 'rep_dropout': 0.07577942671488373, 'train_learning_rate': 0.008021193524705681, 'train_lr_reduce': 0.6}. Best is trial 1170 with value: 0.3284205496311188.
[I 2024-12-19 08:18:15,042] Trial 1234 finished with value: 1.5497642755508423 and parameters: {'mlp_n_layers': 3, 'mlp_dim_00': 501, 'mlp_dim_01': 65, 'mlp_dim_02': 483, 'node_hidden_dim': 92, 'edge_hidden_dim': 66, 'depth': 2, 'rep_dropout': 0.11496038346822075, 'train_learning_rate': 0.0012008606032466679, 'train_lr_reduce': 0.6}. Best is trial 1170 with value: 0.3284205496311188.
[I 2024-12-19 08:18:18,558] Trial 1236 finished with value: 1.5773245096206665 and parameters: {'mlp_n_layers': 3, 'mlp_dim_00': 469, 'mlp_dim_01': 169, 'mlp_dim_02': 289, 'node_hidden_dim': 80, 'edge_hidden_dim': 61, 'depth': 4, 'rep_dropout': 0.2276298424067001, 'train_learning_rate': 0.00015386631577553352, 'train_lr_reduce': 0.6}. Best is trial 1170 with value: 0.3284205496311188.
[I 2024-12-19 08:18:19,283] Trial 1238 finished with value: 1.3004932403564453 and parameters: {'mlp_n_layers': 3, 'mlp_dim_00': 131, 'mlp_dim_01': 487, 'mlp_dim_02': 354, 'node_hidden_dim': 94, 'edge_hidden_dim': 85, 'depth': 3, 'rep_dropout': 0.08355270001479337, 'train_learning_rate': 0.005365141235880764, 'train_lr_reduce': 0.6}. Best is trial 1170 with value: 0.3284205496311188.
[I 2024-12-19 08:18:23,131] Trial 1239 finished with value: 1.3082538843154907 and parameters: {'mlp_n_layers': 2, 'mlp_dim_00': 192, 'mlp_dim_01': 487, 'node_hidden_dim': 89, 'edge_hidden_dim': 123, 'depth': 3, 'rep_dropout': 0.10779222101164547, 'train_learning_rate': 0.006591656545214138, 'train_lr_reduce': 0.6}. Best is trial 1170 with value: 0.3284205496311188.
[I 2024-12-19 08:18:25,974] Trial 1240 finished with value: 1.265319585800171 and parameters: {'mlp_n_layers': 4, 'mlp_dim_00': 68, 'mlp_dim_01': 413, 'mlp_dim_02': 306, 'mlp_dim_03': 201, 'node_hidden_dim': 100, 'edge_hidden_dim': 81, 'depth': 2, 'rep_dropout': 0.04682764250776625, 'train_learning_rate': 0.008758888218406272, 'train_lr_reduce': 0.6}. Best is trial 1170 with value: 0.3284205496311188.
[I 2024-12-19 08:18:28,613] Trial 1241 finished with value: 1.3133032321929932 and parameters: {'mlp_n_layers': 3, 'mlp_dim_00': 73, 'mlp_dim_01': 460, 'mlp_dim_02': 354, 'node_hidden_dim': 111, 'edge_hidden_dim': 89, 'depth': 2, 'rep_dropout': 0.08583602325475438, 'train_learning_rate': 0.008619884457355866, 'train_lr_reduce': 0.6}. Best is trial 1170 with value: 0.3284205496311188.
[I 2024-12-19 08:18:28,751] Trial 1237 finished with value: 0.5465950965881348 and parameters: {'mlp_n_layers': 3, 'mlp_dim_00': 267, 'mlp_dim_01': 435, 'mlp_dim_02': 408, 'node_hidden_dim': 127, 'edge_hidden_dim': 128, 'depth': 2, 'rep_dropout': 0.04439230949266874, 'train_learning_rate': 0.007561680908772515, 'train_lr_reduce': 0.6}. Best is trial 1170 with value: 0.3284205496311188.
[I 2024-12-19 08:18:31,012] Trial 1242 finished with value: 1.557066798210144 and parameters: {'mlp_n_layers': 2, 'mlp_dim_00': 70, 'mlp_dim_01': 186, 'node_hidden_dim': 127, 'edge_hidden_dim': 38, 'depth': 4, 'rep_dropout': 0.2281628686051127, 'train_learning_rate': 0.0014688025741091868, 'train_lr_reduce': 0.6}. Best is trial 1170 with value: 0.3284205496311188.
[I 2024-12-19 08:18:33,437] Trial 1244 finished with value: 1.3435240983963013 and parameters: {'mlp_n_layers': 2, 'mlp_dim_00': 155, 'mlp_dim_01': 469, 'node_hidden_dim': 104, 'edge_hidden_dim': 91, 'depth': 2, 'rep_dropout': 0.11873481026412794, 'train_learning_rate': 0.0059073447408626075, 'train_lr_reduce': 0.6}. Best is trial 1170 with value: 0.3284205496311188.
[I 2024-12-19 08:18:36,284] Trial 1245 finished with value: 1.2826553583145142 and parameters: {'mlp_n_layers': 3, 'mlp_dim_00': 508, 'mlp_dim_01': 358, 'mlp_dim_02': 391, 'node_hidden_dim': 101, 'edge_hidden_dim': 105, 'depth': 2, 'rep_dropout': 0.1253421641557159, 'train_learning_rate': 0.006226022565445562, 'train_lr_reduce': 0.6}. Best is trial 1170 with value: 0.3284205496311188.
[I 2024-12-19 08:18:37,975] Trial 1243 finished with value: 1.4201868772506714 and parameters: {'mlp_n_layers': 4, 'mlp_dim_00': 510, 'mlp_dim_01': 204, 'mlp_dim_02': 284, 'mlp_dim_03': 271, 'node_hidden_dim': 126, 'edge_hidden_dim': 53, 'depth': 4, 'rep_dropout': 0.1457621428153167, 'train_learning_rate': 0.0021256334441009366, 'train_lr_reduce': 0.6}. Best is trial 1170 with value: 0.3284205496311188.
[I 2024-12-19 08:18:42,569] Trial 1248 finished with value: 1.3602787256240845 and parameters: {'mlp_n_layers': 2, 'mlp_dim_00': 118, 'mlp_dim_01': 461, 'node_hidden_dim': 96, 'edge_hidden_dim': 127, 'depth': 2, 'rep_dropout': 0.03233019845477285, 'train_learning_rate': 0.0033837913566829706, 'train_lr_reduce': 0.6}. Best is trial 1170 with value: 0.3284205496311188.
[I 2024-12-19 08:18:47,108] Trial 1249 finished with value: 1.5663937330245972 and parameters: {'mlp_n_layers': 2, 'mlp_dim_00': 454, 'mlp_dim_01': 104, 'node_hidden_dim': 61, 'edge_hidden_dim': 82, 'depth': 3, 'rep_dropout': 0.10912324690012423, 'train_learning_rate': 0.00010127032719429967, 'train_lr_reduce': 0.6}. Best is trial 1170 with value: 0.3284205496311188.
[I 2024-12-19 08:18:48,021] Trial 1246 finished with value: 0.35328423976898193 and parameters: {'mlp_n_layers': 3, 'mlp_dim_00': 333, 'mlp_dim_01': 85, 'mlp_dim_02': 322, 'node_hidden_dim': 69, 'edge_hidden_dim': 104, 'depth': 2, 'rep_dropout': 0.015260831636429564, 'train_learning_rate': 0.00568606128362106, 'train_lr_reduce': 0.6}. Best is trial 1170 with value: 0.3284205496311188.
[I 2024-12-19 08:18:51,737] Trial 1247 finished with value: 0.3416746258735657 and parameters: {'mlp_n_layers': 3, 'mlp_dim_00': 510, 'mlp_dim_01': 488, 'mlp_dim_02': 439, 'node_hidden_dim': 103, 'edge_hidden_dim': 104, 'depth': 2, 'rep_dropout': 0.07555163924321076, 'train_learning_rate': 0.005103394501188593, 'train_lr_reduce': 0.6}. Best is trial 1170 with value: 0.3284205496311188.
[I 2024-12-19 08:18:52,641] Trial 1251 finished with value: 1.5175251960754395 and parameters: {'mlp_n_layers': 3, 'mlp_dim_00': 375, 'mlp_dim_01': 181, 'mlp_dim_02': 321, 'node_hidden_dim': 82, 'edge_hidden_dim': 107, 'depth': 2, 'rep_dropout': 0.03223811354559558, 'train_learning_rate': 0.0016794545048899878, 'train_lr_reduce': 0.6}. Best is trial 1170 with value: 0.3284205496311188.
[I 2024-12-19 08:18:52,705] Trial 1250 finished with value: 1.4275884628295898 and parameters: {'mlp_n_layers': 3, 'mlp_dim_00': 312, 'mlp_dim_01': 248, 'mlp_dim_02': 311, 'node_hidden_dim': 67, 'edge_hidden_dim': 75, 'depth': 3, 'rep_dropout': 0.1491107547542727, 'train_learning_rate': 0.004132795591738058, 'train_lr_reduce': 0.6}. Best is trial 1170 with value: 0.3284205496311188.
[I 2024-12-19 08:18:55,889] Trial 1252 finished with value: 1.3275718688964844 and parameters: {'mlp_n_layers': 2, 'mlp_dim_00': 113, 'mlp_dim_01': 466, 'node_hidden_dim': 119, 'edge_hidden_dim': 86, 'depth': 2, 'rep_dropout': 0.1757101068768516, 'train_learning_rate': 0.008131219480390105, 'train_lr_reduce': 0.6}. Best is trial 1170 with value: 0.3284205496311188.
[I 2024-12-19 08:18:57,362] Trial 1254 finished with value: 1.3365658521652222 and parameters: {'mlp_n_layers': 2, 'mlp_dim_00': 401, 'mlp_dim_01': 496, 'node_hidden_dim': 110, 'edge_hidden_dim': 122, 'depth': 2, 'rep_dropout': 0.09173116515836847, 'train_learning_rate': 0.004666213535711205, 'train_lr_reduce': 0.6}. Best is trial 1170 with value: 0.3284205496311188.
[I 2024-12-19 08:19:00,004] Trial 1253 finished with value: 1.2378782033920288 and parameters: {'mlp_n_layers': 3, 'mlp_dim_00': 434, 'mlp_dim_01': 457, 'mlp_dim_02': 441, 'node_hidden_dim': 99, 'edge_hidden_dim': 95, 'depth': 2, 'rep_dropout': 0.09753116998478852, 'train_learning_rate': 0.003212888745477578, 'train_lr_reduce': 0.6}. Best is trial 1170 with value: 0.3284205496311188.
[I 2024-12-19 08:19:00,655] Trial 1255 finished with value: 1.301385521888733 and parameters: {'mlp_n_layers': 3, 'mlp_dim_00': 504, 'mlp_dim_01': 441, 'mlp_dim_02': 470, 'node_hidden_dim': 90, 'edge_hidden_dim': 100, 'depth': 2, 'rep_dropout': 0.06325852510098626, 'train_learning_rate': 0.007254000168935019, 'train_lr_reduce': 0.6}. Best is trial 1170 with value: 0.3284205496311188.
[I 2024-12-19 08:19:02,105] Trial 1256 finished with value: 1.3696879148483276 and parameters: {'mlp_n_layers': 3, 'mlp_dim_00': 283, 'mlp_dim_01': 85, 'mlp_dim_02': 360, 'node_hidden_dim': 70, 'edge_hidden_dim': 109, 'depth': 2, 'rep_dropout': 0.050539956934467375, 'train_learning_rate': 0.005614286447976312, 'train_lr_reduce': 0.6}. Best is trial 1170 with value: 0.3284205496311188.
[I 2024-12-19 08:19:04,091] Trial 1257 finished with value: 1.2801872491836548 and parameters: {'mlp_n_layers': 2, 'mlp_dim_00': 472, 'mlp_dim_01': 499, 'node_hidden_dim': 106, 'edge_hidden_dim': 96, 'depth': 2, 'rep_dropout': 0.051477810468304644, 'train_learning_rate': 0.008691534773071668, 'train_lr_reduce': 0.6}. Best is trial 1170 with value: 0.3284205496311188.
[I 2024-12-19 08:19:04,770] Trial 1258 finished with value: 1.335166573524475 and parameters: {'mlp_n_layers': 2, 'mlp_dim_00': 136, 'mlp_dim_01': 288, 'node_hidden_dim': 35, 'edge_hidden_dim': 97, 'depth': 2, 'rep_dropout': 0.05833675556044471, 'train_learning_rate': 0.002901022394857582, 'train_lr_reduce': 0.6}. Best is trial 1170 with value: 0.3284205496311188.
[I 2024-12-19 08:19:09,347] Trial 1261 finished with value: 1.32286536693573 and parameters: {'mlp_n_layers': 2, 'mlp_dim_00': 121, 'mlp_dim_01': 439, 'node_hidden_dim': 125, 'edge_hidden_dim': 128, 'depth': 2, 'rep_dropout': 0.06340030116195591, 'train_learning_rate': 0.004908316000412518, 'train_lr_reduce': 0.6}. Best is trial 1170 with value: 0.3284205496311188.
[I 2024-12-19 08:19:09,933] Trial 1260 finished with value: 1.5384063720703125 and parameters: {'mlp_n_layers': 2, 'mlp_dim_00': 379, 'mlp_dim_01': 83, 'node_hidden_dim': 54, 'edge_hidden_dim': 116, 'depth': 2, 'rep_dropout': 0.0025264721207860098, 'train_learning_rate': 0.007835952058725091, 'train_lr_reduce': 0.6}. Best is trial 1170 with value: 0.3284205496311188.
[I 2024-12-19 08:19:14,141] Trial 1263 finished with value: 1.4288092851638794 and parameters: {'mlp_n_layers': 2, 'mlp_dim_00': 348, 'mlp_dim_01': 86, 'node_hidden_dim': 87, 'edge_hidden_dim': 47, 'depth': 4, 'rep_dropout': 0.04639419658568722, 'train_learning_rate': 0.006654117025041366, 'train_lr_reduce': 0.6}. Best is trial 1170 with value: 0.3284205496311188.
[I 2024-12-19 08:19:14,266] Trial 1262 finished with value: 1.2943779230117798 and parameters: {'mlp_n_layers': 3, 'mlp_dim_00': 148, 'mlp_dim_01': 398, 'mlp_dim_02': 507, 'node_hidden_dim': 109, 'edge_hidden_dim': 114, 'depth': 2, 'rep_dropout': 0.10995770107287774, 'train_learning_rate': 0.009940348766144498, 'train_lr_reduce': 0.6}. Best is trial 1170 with value: 0.3284205496311188.
[I 2024-12-19 08:19:16,374] Trial 1259 finished with value: 0.407486230134964 and parameters: {'mlp_n_layers': 3, 'mlp_dim_00': 312, 'mlp_dim_01': 145, 'mlp_dim_02': 358, 'node_hidden_dim': 54, 'edge_hidden_dim': 103, 'depth': 2, 'rep_dropout': 0.02472230471957448, 'train_learning_rate': 0.008230157431878922, 'train_lr_reduce': 0.6}. Best is trial 1170 with value: 0.3284205496311188.
[I 2024-12-19 08:19:18,041] Trial 1264 finished with value: 1.3732515573501587 and parameters: {'mlp_n_layers': 2, 'mlp_dim_00': 398, 'mlp_dim_01': 293, 'node_hidden_dim': 80, 'edge_hidden_dim': 64, 'depth': 2, 'rep_dropout': 0.22827328097427801, 'train_learning_rate': 0.008262451065177874, 'train_lr_reduce': 0.6}. Best is trial 1170 with value: 0.3284205496311188.
[I 2024-12-19 08:19:18,787] Trial 1265 finished with value: 1.399744987487793 and parameters: {'mlp_n_layers': 3, 'mlp_dim_00': 436, 'mlp_dim_01': 502, 'mlp_dim_02': 336, 'node_hidden_dim': 102, 'edge_hidden_dim': 99, 'depth': 2, 'rep_dropout': 0.06728776401287229, 'train_learning_rate': 0.0027775495177545266, 'train_lr_reduce': 0.6}. Best is trial 1170 with value: 0.3284205496311188.
[I 2024-12-19 08:19:20,588] Trial 1266 finished with value: 1.32257080078125 and parameters: {'mlp_n_layers': 3, 'mlp_dim_00': 357, 'mlp_dim_01': 167, 'mlp_dim_02': 385, 'node_hidden_dim': 66, 'edge_hidden_dim': 97, 'depth': 2, 'rep_dropout': 0.022692904131737007, 'train_learning_rate': 0.00558845954509822, 'train_lr_reduce': 0.6}. Best is trial 1170 with value: 0.3284205496311188.
[I 2024-12-19 08:19:22,172] Trial 1267 finished with value: 1.356591820716858 and parameters: {'mlp_n_layers': 3, 'mlp_dim_00': 352, 'mlp_dim_01': 134, 'mlp_dim_02': 468, 'node_hidden_dim': 55, 'edge_hidden_dim': 112, 'depth': 2, 'rep_dropout': 0.0028002206270143666, 'train_learning_rate': 0.003656996244220141, 'train_lr_reduce': 0.6}. Best is trial 1170 with value: 0.3284205496311188.
[I 2024-12-19 08:19:23,621] Trial 1268 finished with value: 1.3069267272949219 and parameters: {'mlp_n_layers': 2, 'mlp_dim_00': 218, 'mlp_dim_01': 455, 'node_hidden_dim': 107, 'edge_hidden_dim': 119, 'depth': 3, 'rep_dropout': 0.046551101353863415, 'train_learning_rate': 0.0037383620579199165, 'train_lr_reduce': 0.6}. Best is trial 1170 with value: 0.3284205496311188.
[I 2024-12-19 08:19:27,730] Trial 1271 finished with value: 1.2828197479248047 and parameters: {'mlp_n_layers': 3, 'mlp_dim_00': 477, 'mlp_dim_01': 325, 'mlp_dim_02': 338, 'node_hidden_dim': 101, 'edge_hidden_dim': 106, 'depth': 3, 'rep_dropout': 0.22747770856400074, 'train_learning_rate': 0.003678245055089516, 'train_lr_reduce': 0.6}. Best is trial 1170 with value: 0.3284205496311188.
[I 2024-12-19 08:19:29,635] Trial 1269 finished with value: 1.4442188739776611 and parameters: {'mlp_n_layers': 4, 'mlp_dim_00': 329, 'mlp_dim_01': 92, 'mlp_dim_02': 328, 'mlp_dim_03': 97, 'node_hidden_dim': 70, 'edge_hidden_dim': 97, 'depth': 2, 'rep_dropout': 0.036637977264186494, 'train_learning_rate': 0.002350397041532809, 'train_lr_reduce': 0.6}. Best is trial 1170 with value: 0.3284205496311188.
[I 2024-12-19 08:19:30,178] Trial 1270 finished with value: 1.2947592735290527 and parameters: {'mlp_n_layers': 4, 'mlp_dim_00': 435, 'mlp_dim_01': 95, 'mlp_dim_02': 413, 'mlp_dim_03': 98, 'node_hidden_dim': 94, 'edge_hidden_dim': 67, 'depth': 3, 'rep_dropout': 0.09674570495854584, 'train_learning_rate': 0.005927977418307348, 'train_lr_reduce': 0.6}. Best is trial 1170 with value: 0.3284205496311188.
[I 2024-12-19 08:19:32,275] Trial 1272 finished with value: 1.3805322647094727 and parameters: {'mlp_n_layers': 2, 'mlp_dim_00': 489, 'mlp_dim_01': 374, 'node_hidden_dim': 96, 'edge_hidden_dim': 101, 'depth': 2, 'rep_dropout': 0.11906359877191466, 'train_learning_rate': 0.004341503030818592, 'train_lr_reduce': 0.6}. Best is trial 1170 with value: 0.3284205496311188.
[I 2024-12-19 08:19:34,158] Trial 1273 finished with value: 1.3801172971725464 and parameters: {'mlp_n_layers': 3, 'mlp_dim_00': 319, 'mlp_dim_01': 102, 'mlp_dim_02': 277, 'node_hidden_dim': 67, 'edge_hidden_dim': 88, 'depth': 2, 'rep_dropout': 0.006666210517560989, 'train_learning_rate': 0.003705929982954199, 'train_lr_reduce': 0.6}. Best is trial 1170 with value: 0.3284205496311188.
[I 2024-12-19 08:19:35,002] Trial 1274 finished with value: 1.4961847066879272 and parameters: {'mlp_n_layers': 4, 'mlp_dim_00': 173, 'mlp_dim_01': 433, 'mlp_dim_02': 379, 'mlp_dim_03': 101, 'node_hidden_dim': 100, 'edge_hidden_dim': 52, 'depth': 4, 'rep_dropout': 0.21609064563891914, 'train_learning_rate': 0.003315316569127084, 'train_lr_reduce': 0.6}. Best is trial 1170 with value: 0.3284205496311188.
[I 2024-12-19 08:19:37,034] Trial 1275 finished with value: 1.305288314819336 and parameters: {'mlp_n_layers': 3, 'mlp_dim_00': 224, 'mlp_dim_01': 160, 'mlp_dim_02': 317, 'node_hidden_dim': 126, 'edge_hidden_dim': 38, 'depth': 2, 'rep_dropout': 0.0818615689644952, 'train_learning_rate': 0.009855937855551127, 'train_lr_reduce': 0.6}. Best is trial 1170 with value: 0.3284205496311188.
[I 2024-12-19 08:19:39,054] Trial 1276 finished with value: 1.4296573400497437 and parameters: {'mlp_n_layers': 3, 'mlp_dim_00': 267, 'mlp_dim_01': 85, 'mlp_dim_02': 354, 'node_hidden_dim': 50, 'edge_hidden_dim': 96, 'depth': 3, 'rep_dropout': 0.019691870568317667, 'train_learning_rate': 0.002824055537079904, 'train_lr_reduce': 0.6}. Best is trial 1170 with value: 0.3284205496311188.
[I 2024-12-19 08:19:40,490] Trial 1277 finished with value: 1.3601670265197754 and parameters: {'mlp_n_layers': 3, 'mlp_dim_00': 482, 'mlp_dim_01': 480, 'mlp_dim_02': 447, 'node_hidden_dim': 116, 'edge_hidden_dim': 106, 'depth': 2, 'rep_dropout': 0.11531552473151838, 'train_learning_rate': 0.004506294306768243, 'train_lr_reduce': 0.6}. Best is trial 1170 with value: 0.3284205496311188.
