[I 2024-12-19 19:23:57,093] Trial 879 finished with value: 0.10895789414644241 and parameters: {'mlp_n_layers': 4, 'mlp_dim_00': 309, 'mlp_dim_01': 512, 'mlp_dim_02': 341, 'mlp_dim_03': 468, 'node_hidden_dim': 124, 'edge_hidden_dim': 61, 'depth': 1, 'rep_dropout': 0.05296077421701122, 'train_learning_rate': 0.000614540660293343, 'train_lr_reduce': 0.6}. Best is trial 122 with value: 0.09548358619213104.
[I 2024-12-19 19:24:02,576] Trial 884 finished with value: 1.6533327102661133 and parameters: {'mlp_n_layers': 4, 'mlp_dim_00': 381, 'mlp_dim_01': 439, 'mlp_dim_02': 356, 'mlp_dim_03': 200, 'node_hidden_dim': 60, 'edge_hidden_dim': 51, 'depth': 2, 'rep_dropout': 0.11263967845422784, 'train_learning_rate': 0.0012217545723212334, 'train_lr_reduce': 0.6}. Best is trial 122 with value: 0.09548358619213104.
[I 2024-12-19 19:24:04,711] Trial 883 finished with value: 0.3937367796897888 and parameters: {'mlp_n_layers': 4, 'mlp_dim_00': 407, 'mlp_dim_01': 474, 'mlp_dim_02': 302, 'mlp_dim_03': 512, 'node_hidden_dim': 78, 'edge_hidden_dim': 84, 'depth': 1, 'rep_dropout': 0.14489849986388556, 'train_learning_rate': 0.003018125606520631, 'train_lr_reduce': 0.6}. Best is trial 122 with value: 0.09548358619213104.
[I 2024-12-19 19:24:09,740] Trial 886 finished with value: 1.5564661026000977 and parameters: {'mlp_n_layers': 1, 'mlp_dim_00': 430, 'node_hidden_dim': 113, 'edge_hidden_dim': 43, 'depth': 3, 'rep_dropout': 0.00866821011513337, 'train_learning_rate': 0.0007856992078498957, 'train_lr_reduce': 0.6}. Best is trial 122 with value: 0.09548358619213104.
[I 2024-12-19 19:24:14,501] Trial 885 finished with value: 1.0023040771484375 and parameters: {'mlp_n_layers': 4, 'mlp_dim_00': 508, 'mlp_dim_01': 467, 'mlp_dim_02': 429, 'mlp_dim_03': 426, 'node_hidden_dim': 60, 'edge_hidden_dim': 48, 'depth': 1, 'rep_dropout': 0.13163561698715262, 'train_learning_rate': 0.0011405835287799327, 'train_lr_reduce': 0.6}. Best is trial 122 with value: 0.09548358619213104.
[I 2024-12-19 19:24:19,759] Trial 888 finished with value: 1.5572184324264526 and parameters: {'mlp_n_layers': 1, 'mlp_dim_00': 341, 'node_hidden_dim': 115, 'edge_hidden_dim': 76, 'depth': 3, 'rep_dropout': 0.03917047503873753, 'train_learning_rate': 0.0023699812560868828, 'train_lr_reduce': 0.6}. Best is trial 122 with value: 0.09548358619213104.
[I 2024-12-19 19:24:23,442] Trial 881 finished with value: 0.12829537689685822 and parameters: {'mlp_n_layers': 4, 'mlp_dim_00': 491, 'mlp_dim_01': 351, 'mlp_dim_02': 191, 'mlp_dim_03': 391, 'node_hidden_dim': 65, 'edge_hidden_dim': 32, 'depth': 1, 'rep_dropout': 0.09338187347940326, 'train_learning_rate': 0.000679781511748185, 'train_lr_reduce': 0.6}. Best is trial 122 with value: 0.09548358619213104.
[I 2024-12-19 19:24:25,575] Trial 889 finished with value: 1.561141014099121 and parameters: {'mlp_n_layers': 3, 'mlp_dim_00': 486, 'mlp_dim_01': 473, 'mlp_dim_02': 306, 'node_hidden_dim': 75, 'edge_hidden_dim': 61, 'depth': 1, 'rep_dropout': 0.14954741127783527, 'train_learning_rate': 0.00680764674544403, 'train_lr_reduce': 0.6}. Best is trial 122 with value: 0.09548358619213104.
[I 2024-12-19 19:24:50,787] Trial 890 finished with value: 0.15390874445438385 and parameters: {'mlp_n_layers': 4, 'mlp_dim_00': 372, 'mlp_dim_01': 511, 'mlp_dim_02': 150, 'mlp_dim_03': 397, 'node_hidden_dim': 72, 'edge_hidden_dim': 47, 'depth': 1, 'rep_dropout': 0.10962165490966912, 'train_learning_rate': 0.001317736990398352, 'train_lr_reduce': 0.6}. Best is trial 122 with value: 0.09548358619213104.
[I 2024-12-19 19:24:51,797] Trial 887 finished with value: 0.11957409977912903 and parameters: {'mlp_n_layers': 4, 'mlp_dim_00': 482, 'mlp_dim_01': 414, 'mlp_dim_02': 388, 'mlp_dim_03': 465, 'node_hidden_dim': 87, 'edge_hidden_dim': 97, 'depth': 1, 'rep_dropout': 0.14083035288165982, 'train_learning_rate': 0.0005213803732372719, 'train_lr_reduce': 0.6}. Best is trial 122 with value: 0.09548358619213104.
[I 2024-12-19 19:24:56,563] Trial 892 finished with value: 1.6328421831130981 and parameters: {'mlp_n_layers': 4, 'mlp_dim_00': 510, 'mlp_dim_01': 472, 'mlp_dim_02': 486, 'mlp_dim_03': 293, 'node_hidden_dim': 86, 'edge_hidden_dim': 32, 'depth': 2, 'rep_dropout': 0.10107102200883306, 'train_learning_rate': 0.0016424342434008799, 'train_lr_reduce': 0.6}. Best is trial 122 with value: 0.09548358619213104.
[I 2024-12-19 19:24:56,944] Trial 893 finished with value: 1.6429752111434937 and parameters: {'mlp_n_layers': 3, 'mlp_dim_00': 463, 'mlp_dim_01': 350, 'mlp_dim_02': 403, 'node_hidden_dim': 48, 'edge_hidden_dim': 61, 'depth': 1, 'rep_dropout': 0.11825247255834884, 'train_learning_rate': 0.0022394760463902725, 'train_lr_reduce': 0.6}. Best is trial 122 with value: 0.09548358619213104.
[I 2024-12-19 19:25:02,044] Trial 894 finished with value: 1.6810005903244019 and parameters: {'mlp_n_layers': 4, 'mlp_dim_00': 395, 'mlp_dim_01': 435, 'mlp_dim_02': 351, 'mlp_dim_03': 431, 'node_hidden_dim': 126, 'edge_hidden_dim': 59, 'depth': 1, 'rep_dropout': 0.08947315368758538, 'train_learning_rate': 0.00030393987521605916, 'train_lr_reduce': 0.6}. Best is trial 122 with value: 0.09548358619213104.
[I 2024-12-19 19:25:07,764] Trial 896 finished with value: 1.676459789276123 and parameters: {'mlp_n_layers': 4, 'mlp_dim_00': 434, 'mlp_dim_01': 396, 'mlp_dim_02': 293, 'mlp_dim_03': 473, 'node_hidden_dim': 94, 'edge_hidden_dim': 46, 'depth': 1, 'rep_dropout': 0.14638501167583517, 'train_learning_rate': 0.0005281108946813751, 'train_lr_reduce': 0.6}. Best is trial 122 with value: 0.09548358619213104.
[I 2024-12-19 19:25:10,868] Trial 891 finished with value: 0.13439743220806122 and parameters: {'mlp_n_layers': 4, 'mlp_dim_00': 428, 'mlp_dim_01': 403, 'mlp_dim_02': 353, 'mlp_dim_03': 471, 'node_hidden_dim': 81, 'edge_hidden_dim': 53, 'depth': 2, 'rep_dropout': 0.07438077753855636, 'train_learning_rate': 0.001326703359397766, 'train_lr_reduce': 0.6}. Best is trial 122 with value: 0.09548358619213104.
[I 2024-12-19 19:25:12,209] Trial 895 finished with value: 1.2575627565383911 and parameters: {'mlp_n_layers': 4, 'mlp_dim_00': 71, 'mlp_dim_01': 478, 'mlp_dim_02': 203, 'mlp_dim_03': 350, 'node_hidden_dim': 86, 'edge_hidden_dim': 108, 'depth': 2, 'rep_dropout': 0.10150058299752436, 'train_learning_rate': 0.0002856292619072127, 'train_lr_reduce': 0.6}. Best is trial 122 with value: 0.09548358619213104.
[I 2024-12-19 19:25:12,745] Trial 897 finished with value: 1.6739912033081055 and parameters: {'mlp_n_layers': 3, 'mlp_dim_00': 345, 'mlp_dim_01': 512, 'mlp_dim_02': 454, 'node_hidden_dim': 59, 'edge_hidden_dim': 33, 'depth': 2, 'rep_dropout': 0.10216279345721276, 'train_learning_rate': 0.00026500023676982585, 'train_lr_reduce': 0.6}. Best is trial 122 with value: 0.09548358619213104.
[I 2024-12-19 19:25:16,847] Trial 899 finished with value: 1.5566128492355347 and parameters: {'mlp_n_layers': 4, 'mlp_dim_00': 382, 'mlp_dim_01': 476, 'mlp_dim_02': 337, 'mlp_dim_03': 430, 'node_hidden_dim': 101, 'edge_hidden_dim': 35, 'depth': 1, 'rep_dropout': 0.09781310139701625, 'train_learning_rate': 0.005970924463205046, 'train_lr_reduce': 0.6}. Best is trial 122 with value: 0.09548358619213104.
[I 2024-12-19 19:25:46,996] Trial 898 finished with value: 0.15261629223823547 and parameters: {'mlp_n_layers': 3, 'mlp_dim_00': 402, 'mlp_dim_01': 446, 'mlp_dim_02': 138, 'node_hidden_dim': 99, 'edge_hidden_dim': 64, 'depth': 2, 'rep_dropout': 0.053958715214128164, 'train_learning_rate': 0.001264132380810978, 'train_lr_reduce': 0.6}. Best is trial 122 with value: 0.09548358619213104.
[I 2024-12-19 19:25:59,184] Trial 901 finished with value: 0.11791844666004181 and parameters: {'mlp_n_layers': 4, 'mlp_dim_00': 404, 'mlp_dim_01': 429, 'mlp_dim_02': 97, 'mlp_dim_03': 511, 'node_hidden_dim': 98, 'edge_hidden_dim': 73, 'depth': 1, 'rep_dropout': 0.12706091336779377, 'train_learning_rate': 0.0010022997709233919, 'train_lr_reduce': 0.6}. Best is trial 122 with value: 0.09548358619213104.
[I 2024-12-19 19:26:00,788] Trial 900 finished with value: 0.13797825574874878 and parameters: {'mlp_n_layers': 3, 'mlp_dim_00': 510, 'mlp_dim_01': 512, 'mlp_dim_02': 391, 'node_hidden_dim': 84, 'edge_hidden_dim': 47, 'depth': 1, 'rep_dropout': 0.12913422274453418, 'train_learning_rate': 0.0004122811284561054, 'train_lr_reduce': 0.6}. Best is trial 122 with value: 0.09548358619213104.
[I 2024-12-19 19:26:19,192] Trial 904 finished with value: 1.0106661319732666 and parameters: {'mlp_n_layers': 3, 'mlp_dim_00': 416, 'mlp_dim_01': 259, 'mlp_dim_02': 353, 'node_hidden_dim': 62, 'edge_hidden_dim': 44, 'depth': 1, 'rep_dropout': 0.11974638833304502, 'train_learning_rate': 0.000560609087561138, 'train_lr_reduce': 0.6}. Best is trial 122 with value: 0.09548358619213104.
[I 2024-12-19 19:26:30,791] Trial 902 finished with value: 0.10220089554786682 and parameters: {'mlp_n_layers': 4, 'mlp_dim_00': 409, 'mlp_dim_01': 472, 'mlp_dim_02': 321, 'mlp_dim_03': 386, 'node_hidden_dim': 87, 'edge_hidden_dim': 50, 'depth': 1, 'rep_dropout': 0.09909516260543674, 'train_learning_rate': 0.000537918253414232, 'train_lr_reduce': 0.6}. Best is trial 122 with value: 0.09548358619213104.
[I 2024-12-19 19:26:49,646] Trial 903 finished with value: 0.18737907707691193 and parameters: {'mlp_n_layers': 4, 'mlp_dim_00': 375, 'mlp_dim_01': 380, 'mlp_dim_02': 448, 'mlp_dim_03': 130, 'node_hidden_dim': 128, 'edge_hidden_dim': 50, 'depth': 1, 'rep_dropout': 0.06427462699039303, 'train_learning_rate': 0.0015344476870326764, 'train_lr_reduce': 0.6}. Best is trial 122 with value: 0.09548358619213104.
[I 2024-12-19 19:26:55,334] Trial 907 finished with value: 1.6744025945663452 and parameters: {'mlp_n_layers': 4, 'mlp_dim_00': 350, 'mlp_dim_01': 473, 'mlp_dim_02': 314, 'mlp_dim_03': 381, 'node_hidden_dim': 86, 'edge_hidden_dim': 48, 'depth': 1, 'rep_dropout': 0.0845828323523347, 'train_learning_rate': 0.00029306137707281075, 'train_lr_reduce': 0.6}. Best is trial 122 with value: 0.09548358619213104.
[I 2024-12-19 19:27:00,811] Trial 908 finished with value: 1.6590334177017212 and parameters: {'mlp_n_layers': 1, 'mlp_dim_00': 239, 'node_hidden_dim': 106, 'edge_hidden_dim': 123, 'depth': 4, 'rep_dropout': 0.03226471629022885, 'train_learning_rate': 0.00011414677982446103, 'train_lr_reduce': 0.6}. Best is trial 122 with value: 0.09548358619213104.
[I 2024-12-19 19:27:06,685] Trial 909 finished with value: 1.6517961025238037 and parameters: {'mlp_n_layers': 1, 'mlp_dim_00': 144, 'node_hidden_dim': 70, 'edge_hidden_dim': 120, 'depth': 3, 'rep_dropout': 0.09549101029321104, 'train_learning_rate': 0.00042319196635729714, 'train_lr_reduce': 0.6}. Best is trial 122 with value: 0.09548358619213104.
[I 2024-12-19 19:27:07,372] Trial 905 finished with value: 0.11144022643566132 and parameters: {'mlp_n_layers': 4, 'mlp_dim_00': 506, 'mlp_dim_01': 440, 'mlp_dim_02': 278, 'mlp_dim_03': 471, 'node_hidden_dim': 49, 'edge_hidden_dim': 64, 'depth': 1, 'rep_dropout': 0.10526453824684429, 'train_learning_rate': 0.0007263287034111469, 'train_lr_reduce': 0.6}. Best is trial 122 with value: 0.09548358619213104.
[I 2024-12-19 19:27:14,078] Trial 906 finished with value: 0.1060134768486023 and parameters: {'mlp_n_layers': 4, 'mlp_dim_00': 487, 'mlp_dim_01': 473, 'mlp_dim_02': 275, 'mlp_dim_03': 354, 'node_hidden_dim': 77, 'edge_hidden_dim': 72, 'depth': 1, 'rep_dropout': 0.1467551497048184, 'train_learning_rate': 0.0006120437457825821, 'train_lr_reduce': 0.6}. Best is trial 122 with value: 0.09548358619213104.
[I 2024-12-19 19:27:19,652] Trial 912 finished with value: 1.5798767805099487 and parameters: {'mlp_n_layers': 1, 'mlp_dim_00': 279, 'node_hidden_dim': 49, 'edge_hidden_dim': 86, 'depth': 4, 'rep_dropout': 0.05870649512532218, 'train_learning_rate': 0.0020711220381801174, 'train_lr_reduce': 0.6}. Best is trial 122 with value: 0.09548358619213104.
[I 2024-12-19 19:27:25,094] Trial 913 finished with value: 1.5920976400375366 and parameters: {'mlp_n_layers': 1, 'mlp_dim_00': 89, 'node_hidden_dim': 97, 'edge_hidden_dim': 113, 'depth': 4, 'rep_dropout': 0.1304979900698816, 'train_learning_rate': 0.0006236000023960097, 'train_lr_reduce': 0.6}. Best is trial 122 with value: 0.09548358619213104.
[I 2024-12-19 19:27:28,473] Trial 910 finished with value: 0.3255329132080078 and parameters: {'mlp_n_layers': 4, 'mlp_dim_00': 442, 'mlp_dim_01': 468, 'mlp_dim_02': 196, 'mlp_dim_03': 362, 'node_hidden_dim': 97, 'edge_hidden_dim': 74, 'depth': 2, 'rep_dropout': 0.14571377147490783, 'train_learning_rate': 0.0005848468476058688, 'train_lr_reduce': 0.6}. Best is trial 122 with value: 0.09548358619213104.
[I 2024-12-19 19:27:28,865] Trial 911 finished with value: 0.22827556729316711 and parameters: {'mlp_n_layers': 4, 'mlp_dim_00': 456, 'mlp_dim_01': 442, 'mlp_dim_02': 319, 'mlp_dim_03': 391, 'node_hidden_dim': 86, 'edge_hidden_dim': 34, 'depth': 1, 'rep_dropout': 0.06851205316470621, 'train_learning_rate': 0.001155386671726444, 'train_lr_reduce': 0.6}. Best is trial 122 with value: 0.09548358619213104.
[I 2024-12-19 19:27:34,255] Trial 916 finished with value: 1.6463738679885864 and parameters: {'mlp_n_layers': 4, 'mlp_dim_00': 370, 'mlp_dim_01': 438, 'mlp_dim_02': 511, 'mlp_dim_03': 421, 'node_hidden_dim': 83, 'edge_hidden_dim': 53, 'depth': 2, 'rep_dropout': 0.10911763127323529, 'train_learning_rate': 0.0010577841340256636, 'train_lr_reduce': 0.6}. Best is trial 122 with value: 0.09548358619213104.
[I 2024-12-19 19:27:41,262] Trial 917 finished with value: 1.5604809522628784 and parameters: {'mlp_n_layers': 2, 'mlp_dim_00': 329, 'mlp_dim_01': 471, 'node_hidden_dim': 61, 'edge_hidden_dim': 107, 'depth': 4, 'rep_dropout': 0.1344908486136028, 'train_learning_rate': 0.005219067439855192, 'train_lr_reduce': 0.6}. Best is trial 122 with value: 0.09548358619213104.
[I 2024-12-19 19:27:48,023] Trial 918 finished with value: 1.6515138149261475 and parameters: {'mlp_n_layers': 3, 'mlp_dim_00': 474, 'mlp_dim_01': 434, 'mlp_dim_02': 106, 'node_hidden_dim': 69, 'edge_hidden_dim': 48, 'depth': 4, 'rep_dropout': 0.13350529169599712, 'train_learning_rate': 0.0009532586612142089, 'train_lr_reduce': 0.6}. Best is trial 122 with value: 0.09548358619213104.
[I 2024-12-19 19:27:54,427] Trial 919 finished with value: 1.5781952142715454 and parameters: {'mlp_n_layers': 2, 'mlp_dim_00': 178, 'mlp_dim_01': 480, 'node_hidden_dim': 71, 'edge_hidden_dim': 81, 'depth': 4, 'rep_dropout': 0.02990298678063214, 'train_learning_rate': 0.005098883614238911, 'train_lr_reduce': 0.6}. Best is trial 122 with value: 0.09548358619213104.
[I 2024-12-19 19:28:11,373] Trial 915 finished with value: 0.10229410976171494 and parameters: {'mlp_n_layers': 4, 'mlp_dim_00': 415, 'mlp_dim_01': 512, 'mlp_dim_02': 370, 'mlp_dim_03': 391, 'node_hidden_dim': 59, 'edge_hidden_dim': 48, 'depth': 1, 'rep_dropout': 0.10945669394771276, 'train_learning_rate': 0.000847071923895231, 'train_lr_reduce': 0.6}. Best is trial 122 with value: 0.09548358619213104.
[I 2024-12-19 19:28:12,594] Trial 920 finished with value: 1.2897276878356934 and parameters: {'mlp_n_layers': 4, 'mlp_dim_00': 281, 'mlp_dim_01': 400, 'mlp_dim_02': 242, 'mlp_dim_03': 338, 'node_hidden_dim': 79, 'edge_hidden_dim': 127, 'depth': 3, 'rep_dropout': 0.005395725887414202, 'train_learning_rate': 0.0002044752818511525, 'train_lr_reduce': 0.6}. Best is trial 122 with value: 0.09548358619213104.
[I 2024-12-19 19:28:15,133] Trial 914 finished with value: 0.14687104523181915 and parameters: {'mlp_n_layers': 4, 'mlp_dim_00': 393, 'mlp_dim_01': 475, 'mlp_dim_02': 420, 'mlp_dim_03': 390, 'node_hidden_dim': 81, 'edge_hidden_dim': 57, 'depth': 2, 'rep_dropout': 0.08670643798974707, 'train_learning_rate': 0.000513688549744665, 'train_lr_reduce': 0.6}. Best is trial 122 with value: 0.09548358619213104.
[I 2024-12-19 19:28:17,193] Trial 921 finished with value: 1.5609415769577026 and parameters: {'mlp_n_layers': 1, 'mlp_dim_00': 119, 'node_hidden_dim': 66, 'edge_hidden_dim': 80, 'depth': 4, 'rep_dropout': 0.14174121233030496, 'train_learning_rate': 0.0031447118912860117, 'train_lr_reduce': 0.6}. Best is trial 122 with value: 0.09548358619213104.
[I 2024-12-19 19:28:20,136] Trial 923 finished with value: 1.680344581604004 and parameters: {'mlp_n_layers': 4, 'mlp_dim_00': 430, 'mlp_dim_01': 510, 'mlp_dim_02': 381, 'mlp_dim_03': 334, 'node_hidden_dim': 77, 'edge_hidden_dim': 72, 'depth': 1, 'rep_dropout': 0.10064296897641642, 'train_learning_rate': 0.0003847217554461481, 'train_lr_reduce': 0.6}. Best is trial 122 with value: 0.09548358619213104.
[I 2024-12-19 19:28:43,644] Trial 925 finished with value: 0.2677108347415924 and parameters: {'mlp_n_layers': 4, 'mlp_dim_00': 461, 'mlp_dim_01': 508, 'mlp_dim_02': 342, 'mlp_dim_03': 422, 'node_hidden_dim': 58, 'edge_hidden_dim': 62, 'depth': 1, 'rep_dropout': 0.09593543422454943, 'train_learning_rate': 0.0016033224065046567, 'train_lr_reduce': 0.6}. Best is trial 122 with value: 0.09548358619213104.
[I 2024-12-19 19:28:49,669] Trial 926 finished with value: 1.571003794670105 and parameters: {'mlp_n_layers': 3, 'mlp_dim_00': 220, 'mlp_dim_01': 512, 'mlp_dim_02': 406, 'node_hidden_dim': 121, 'edge_hidden_dim': 92, 'depth': 4, 'rep_dropout': 0.06926128831829594, 'train_learning_rate': 0.003474810601379893, 'train_lr_reduce': 0.6}. Best is trial 122 with value: 0.09548358619213104.
[I 2024-12-19 19:28:58,321] Trial 922 finished with value: 0.19850321114063263 and parameters: {'mlp_n_layers': 4, 'mlp_dim_00': 427, 'mlp_dim_01': 494, 'mlp_dim_02': 382, 'mlp_dim_03': 372, 'node_hidden_dim': 62, 'edge_hidden_dim': 52, 'depth': 1, 'rep_dropout': 0.10275439153819105, 'train_learning_rate': 0.000979897724106054, 'train_lr_reduce': 0.6}. Best is trial 122 with value: 0.09548358619213104.
[I 2024-12-19 19:28:59,128] Trial 927 finished with value: 1.1595152616500854 and parameters: {'mlp_n_layers': 4, 'mlp_dim_00': 401, 'mlp_dim_01': 507, 'mlp_dim_02': 348, 'mlp_dim_03': 432, 'node_hidden_dim': 51, 'edge_hidden_dim': 55, 'depth': 1, 'rep_dropout': 0.11274611837887842, 'train_learning_rate': 0.001586970392757046, 'train_lr_reduce': 0.6}. Best is trial 122 with value: 0.09548358619213104.
[I 2024-12-19 19:29:02,401] Trial 924 finished with value: 0.12200826406478882 and parameters: {'mlp_n_layers': 4, 'mlp_dim_00': 382, 'mlp_dim_01': 507, 'mlp_dim_02': 383, 'mlp_dim_03': 398, 'node_hidden_dim': 64, 'edge_hidden_dim': 57, 'depth': 1, 'rep_dropout': 0.11966882434806814, 'train_learning_rate': 0.000767612454843434, 'train_lr_reduce': 0.6}. Best is trial 122 with value: 0.09548358619213104.
[I 2024-12-19 19:29:04,760] Trial 928 finished with value: 1.6828676462173462 and parameters: {'mlp_n_layers': 4, 'mlp_dim_00': 273, 'mlp_dim_01': 511, 'mlp_dim_02': 377, 'mlp_dim_03': 365, 'node_hidden_dim': 116, 'edge_hidden_dim': 128, 'depth': 2, 'rep_dropout': 0.14040240956963768, 'train_learning_rate': 0.0001500509819191608, 'train_lr_reduce': 0.6}. Best is trial 122 with value: 0.09548358619213104.
[I 2024-12-19 19:29:10,959] Trial 931 finished with value: 1.6798471212387085 and parameters: {'mlp_n_layers': 4, 'mlp_dim_00': 425, 'mlp_dim_01': 479, 'mlp_dim_02': 324, 'mlp_dim_03': 512, 'node_hidden_dim': 77, 'edge_hidden_dim': 45, 'depth': 2, 'rep_dropout': 0.09853430276431806, 'train_learning_rate': 0.0004300027711952438, 'train_lr_reduce': 0.6}. Best is trial 122 with value: 0.09548358619213104.
[I 2024-12-19 19:29:17,737] Trial 932 finished with value: 1.683032751083374 and parameters: {'mlp_n_layers': 3, 'mlp_dim_00': 67, 'mlp_dim_01': 512, 'mlp_dim_02': 397, 'node_hidden_dim': 119, 'edge_hidden_dim': 125, 'depth': 3, 'rep_dropout': 0.14689973544012946, 'train_learning_rate': 0.0002988385542861531, 'train_lr_reduce': 0.6}. Best is trial 122 with value: 0.09548358619213104.
[I 2024-12-19 19:29:18,309] Trial 930 finished with value: 1.3293005228042603 and parameters: {'mlp_n_layers': 3, 'mlp_dim_00': 92, 'mlp_dim_01': 476, 'mlp_dim_02': 427, 'node_hidden_dim': 67, 'edge_hidden_dim': 124, 'depth': 4, 'rep_dropout': 0.04648812646217375, 'train_learning_rate': 0.0011277053238209175, 'train_lr_reduce': 0.6}. Best is trial 122 with value: 0.09548358619213104.
[I 2024-12-19 19:29:22,600] Trial 933 finished with value: 1.6619096994400024 and parameters: {'mlp_n_layers': 3, 'mlp_dim_00': 411, 'mlp_dim_01': 476, 'mlp_dim_02': 334, 'node_hidden_dim': 82, 'edge_hidden_dim': 38, 'depth': 1, 'rep_dropout': 0.10275747428503912, 'train_learning_rate': 0.0005509789992314009, 'train_lr_reduce': 0.6}. Best is trial 122 with value: 0.09548358619213104.
[I 2024-12-19 19:29:25,483] Trial 929 finished with value: 0.20802472531795502 and parameters: {'mlp_n_layers': 4, 'mlp_dim_00': 501, 'mlp_dim_01': 510, 'mlp_dim_02': 347, 'mlp_dim_03': 472, 'node_hidden_dim': 91, 'edge_hidden_dim': 42, 'depth': 1, 'rep_dropout': 0.14484389222817817, 'train_learning_rate': 0.0008378945706710814, 'train_lr_reduce': 0.6}. Best is trial 122 with value: 0.09548358619213104.
[I 2024-12-19 19:29:45,993] Trial 934 finished with value: 0.6915076375007629 and parameters: {'mlp_n_layers': 1, 'mlp_dim_00': 334, 'node_hidden_dim': 113, 'edge_hidden_dim': 60, 'depth': 2, 'rep_dropout': 0.11005206603046136, 'train_learning_rate': 0.009666071560616404, 'train_lr_reduce': 0.6}. Best is trial 122 with value: 0.09548358619213104.
[I 2024-12-19 19:29:56,618] Trial 935 finished with value: 0.3487810492515564 and parameters: {'mlp_n_layers': 4, 'mlp_dim_00': 433, 'mlp_dim_01': 512, 'mlp_dim_02': 465, 'mlp_dim_03': 433, 'node_hidden_dim': 100, 'edge_hidden_dim': 34, 'depth': 1, 'rep_dropout': 0.02435144652580378, 'train_learning_rate': 0.002545442953883593, 'train_lr_reduce': 0.6}. Best is trial 122 with value: 0.09548358619213104.
