[I 2024-12-04 18:00:39,393] Trial 1763 finished with value: 0.3128794115276677 and parameters: {'n_estimators': 917, 'max_depth': 6, 'learning_rate': 0.07474972238229238, 'subsample': 0.7690439232103616, 'colsample_bytree': 0.7166141986184565, 'min_child_weight': 2, 'gamma': 0.0007994084408296613, 'reg_alpha': 0.00011752962296756331, 'reg_lambda': 0.01278996770163398}. Best is trial 1319 with value: 0.30197738672869706.
[I 2024-12-04 18:00:40,902] Trial 1764 finished with value: 0.31272877945638355 and parameters: {'n_estimators': 915, 'max_depth': 6, 'learning_rate': 0.0740722003913942, 'subsample': 0.768965306648946, 'colsample_bytree': 0.7174285319117171, 'min_child_weight': 2, 'gamma': 0.0008006732486981224, 'reg_alpha': 0.00012086738890648789, 'reg_lambda': 0.011624639398227554}. Best is trial 1319 with value: 0.30197738672869706.
[I 2024-12-04 18:00:42,493] Trial 1765 finished with value: 0.31385398001308756 and parameters: {'n_estimators': 910, 'max_depth': 6, 'learning_rate': 0.0743542361933267, 'subsample': 0.7703221821618728, 'colsample_bytree': 0.7175741006977973, 'min_child_weight': 2, 'gamma': 0.0008598558404222414, 'reg_alpha': 0.00011177030214971663, 'reg_lambda': 0.013296467647325583}. Best is trial 1319 with value: 0.30197738672869706.
[I 2024-12-04 18:00:43,932] Trial 1766 finished with value: 0.31307523478608446 and parameters: {'n_estimators': 914, 'max_depth': 6, 'learning_rate': 0.07489707691760782, 'subsample': 0.7692600046994521, 'colsample_bytree': 0.7155365322598091, 'min_child_weight': 2, 'gamma': 0.0007883704151792785, 'reg_alpha': 0.00011642148555225163, 'reg_lambda': 0.013200627095567217}. Best is trial 1319 with value: 0.30197738672869706.
[I 2024-12-04 18:00:45,354] Trial 1767 finished with value: 0.313276800625277 and parameters: {'n_estimators': 907, 'max_depth': 6, 'learning_rate': 0.07422662851042844, 'subsample': 0.7692455052036148, 'colsample_bytree': 0.7178896204004811, 'min_child_weight': 2, 'gamma': 0.0008444462853596798, 'reg_alpha': 0.0001255596511459138, 'reg_lambda': 0.012135543819964198}. Best is trial 1319 with value: 0.30197738672869706.
[I 2024-12-04 18:00:46,899] Trial 1768 finished with value: 0.3151201993018676 and parameters: {'n_estimators': 911, 'max_depth': 6, 'learning_rate': 0.07463808949113097, 'subsample': 0.7701301632100025, 'colsample_bytree': 0.7164474585513151, 'min_child_weight': 2, 'gamma': 0.0008262962910561343, 'reg_alpha': 0.00012378197763711056, 'reg_lambda': 0.012527676745715347}. Best is trial 1319 with value: 0.30197738672869706.
[I 2024-12-04 18:00:48,403] Trial 1769 finished with value: 0.3115764202009893 and parameters: {'n_estimators': 906, 'max_depth': 6, 'learning_rate': 0.07500239313188568, 'subsample': 0.7692795854198656, 'colsample_bytree': 0.7171079276183061, 'min_child_weight': 2, 'gamma': 0.0008164591229305665, 'reg_alpha': 0.00012860190667095383, 'reg_lambda': 0.01296902435367525}. Best is trial 1319 with value: 0.30197738672869706.
[I 2024-12-04 18:00:49,840] Trial 1770 finished with value: 0.31104297689736177 and parameters: {'n_estimators': 908, 'max_depth': 6, 'learning_rate': 0.07553758714504683, 'subsample': 0.7693566377864126, 'colsample_bytree': 0.7175572401099737, 'min_child_weight': 2, 'gamma': 0.0008114601222727466, 'reg_alpha': 0.00012937326369930234, 'reg_lambda': 0.01288595466672821}. Best is trial 1319 with value: 0.30197738672869706.
[I 2024-12-04 18:00:51,255] Trial 1771 finished with value: 0.3137258275670238 and parameters: {'n_estimators': 917, 'max_depth': 6, 'learning_rate': 0.07425462074346893, 'subsample': 0.7690662608111158, 'colsample_bytree': 0.71601180673879, 'min_child_weight': 2, 'gamma': 0.0007998481636429759, 'reg_alpha': 0.00011186086452084427, 'reg_lambda': 0.012623282404453725}. Best is trial 1319 with value: 0.30197738672869706.
[I 2024-12-04 18:00:52,785] Trial 1772 finished with value: 0.31318533313033264 and parameters: {'n_estimators': 909, 'max_depth': 6, 'learning_rate': 0.07451010615967366, 'subsample': 0.7694126887557173, 'colsample_bytree': 0.7182383749575871, 'min_child_weight': 2, 'gamma': 0.0007777395184786047, 'reg_alpha': 0.00010187250099768666, 'reg_lambda': 0.013689143806955175}. Best is trial 1319 with value: 0.30197738672869706.
[I 2024-12-04 18:00:54,203] Trial 1773 finished with value: 0.31737989980629794 and parameters: {'n_estimators': 914, 'max_depth': 6, 'learning_rate': 0.0753271495839757, 'subsample': 0.7686213606157906, 'colsample_bytree': 0.7179057914997016, 'min_child_weight': 2, 'gamma': 0.0007607758833063848, 'reg_alpha': 0.00013377914372184166, 'reg_lambda': 0.013099577444874442}. Best is trial 1319 with value: 0.30197738672869706.
[I 2024-12-04 18:00:55,623] Trial 1774 finished with value: 0.3124612880592636 and parameters: {'n_estimators': 913, 'max_depth': 6, 'learning_rate': 0.07457954759706122, 'subsample': 0.7685013276814656, 'colsample_bytree': 0.7152143321655272, 'min_child_weight': 2, 'gamma': 0.0008539218058199944, 'reg_alpha': 0.00011989971791102677, 'reg_lambda': 0.012370111702106262}. Best is trial 1319 with value: 0.30197738672869706.
[I 2024-12-04 18:00:57,150] Trial 1775 finished with value: 0.3140923031636705 and parameters: {'n_estimators': 908, 'max_depth': 6, 'learning_rate': 0.07499873504237839, 'subsample': 0.7685415698040683, 'colsample_bytree': 0.7189649688874312, 'min_child_weight': 2, 'gamma': 0.0007906203201037377, 'reg_alpha': 0.00011971246809520322, 'reg_lambda': 0.013284380219512958}. Best is trial 1319 with value: 0.30197738672869706.
[I 2024-12-04 18:00:58,564] Trial 1776 finished with value: 0.3098908612861873 and parameters: {'n_estimators': 909, 'max_depth': 6, 'learning_rate': 0.07463232419662219, 'subsample': 0.7689186618159113, 'colsample_bytree': 0.7185153530794377, 'min_child_weight': 2, 'gamma': 0.0008407854604955908, 'reg_alpha': 0.00012060032627623145, 'reg_lambda': 0.012699057762297407}. Best is trial 1319 with value: 0.30197738672869706.
[I 2024-12-04 18:00:59,985] Trial 1777 finished with value: 0.31515095842768204 and parameters: {'n_estimators': 914, 'max_depth': 6, 'learning_rate': 0.07520814440508085, 'subsample': 0.7684935982967257, 'colsample_bytree': 0.7162367108654866, 'min_child_weight': 2, 'gamma': 0.0008343310561014131, 'reg_alpha': 0.00012741849930606727, 'reg_lambda': 0.012746762082037422}. Best is trial 1319 with value: 0.30197738672869706.
[I 2024-12-04 18:01:01,491] Trial 1778 finished with value: 0.3136276435396484 and parameters: {'n_estimators': 916, 'max_depth': 6, 'learning_rate': 0.07424145490828955, 'subsample': 0.7691776298401727, 'colsample_bytree': 0.7176384097460067, 'min_child_weight': 2, 'gamma': 0.0007985459365151902, 'reg_alpha': 0.00010435939360672417, 'reg_lambda': 0.012891591298366072}. Best is trial 1319 with value: 0.30197738672869706.
[I 2024-12-04 18:01:02,980] Trial 1779 finished with value: 0.31431443902953005 and parameters: {'n_estimators': 912, 'max_depth': 6, 'learning_rate': 0.07409946542187434, 'subsample': 0.7694699967592095, 'colsample_bytree': 0.7181113333088378, 'min_child_weight': 2, 'gamma': 0.0008117676786004007, 'reg_alpha': 0.00011580117821269589, 'reg_lambda': 0.012736463837017991}. Best is trial 1319 with value: 0.30197738672869706.
[I 2024-12-04 18:01:04,393] Trial 1780 finished with value: 0.31273354311949214 and parameters: {'n_estimators': 907, 'max_depth': 6, 'learning_rate': 0.07516973421458521, 'subsample': 0.7685983672789454, 'colsample_bytree': 0.7181755933510119, 'min_child_weight': 2, 'gamma': 0.0008501648665719196, 'reg_alpha': 0.0001268489896558487, 'reg_lambda': 0.012920557212695957}. Best is trial 1319 with value: 0.30197738672869706.
[I 2024-12-04 18:01:05,804] Trial 1781 finished with value: 0.3133937981040351 and parameters: {'n_estimators': 913, 'max_depth': 6, 'learning_rate': 0.07443541301806769, 'subsample': 0.7691741977954474, 'colsample_bytree': 0.7184914180651923, 'min_child_weight': 2, 'gamma': 0.0008029475246468657, 'reg_alpha': 0.00011405013157813374, 'reg_lambda': 0.012682226645608991}. Best is trial 1319 with value: 0.30197738672869706.
[I 2024-12-04 18:01:07,234] Trial 1782 finished with value: 0.31493547025750307 and parameters: {'n_estimators': 912, 'max_depth': 6, 'learning_rate': 0.07423678403254119, 'subsample': 0.7696418546172865, 'colsample_bytree': 0.7167212748885391, 'min_child_weight': 2, 'gamma': 0.0008580383218590414, 'reg_alpha': 0.00011177758541587898, 'reg_lambda': 0.0120923309244559}. Best is trial 1319 with value: 0.30197738672869706.
[I 2024-12-04 18:01:08,762] Trial 1783 finished with value: 0.3138341246476526 and parameters: {'n_estimators': 911, 'max_depth': 6, 'learning_rate': 0.07528368104929088, 'subsample': 0.7686845344552693, 'colsample_bytree': 0.7164010715468694, 'min_child_weight': 2, 'gamma': 0.0008650814800308333, 'reg_alpha': 0.00012176231857078183, 'reg_lambda': 0.012202851808366617}. Best is trial 1319 with value: 0.30197738672869706.
[I 2024-12-04 18:01:10,199] Trial 1784 finished with value: 0.3133884585374716 and parameters: {'n_estimators': 901, 'max_depth': 6, 'learning_rate': 0.07520475086020752, 'subsample': 0.7690455972485675, 'colsample_bytree': 0.7198673180694539, 'min_child_weight': 2, 'gamma': 0.0008741885137525672, 'reg_alpha': 0.00013481017976386053, 'reg_lambda': 0.012628055797784114}. Best is trial 1319 with value: 0.30197738672869706.
[I 2024-12-04 18:01:11,628] Trial 1785 finished with value: 0.31573827400172494 and parameters: {'n_estimators': 910, 'max_depth': 6, 'learning_rate': 0.07517449170479662, 'subsample': 0.7696746454695368, 'colsample_bytree': 0.7178737334753513, 'min_child_weight': 2, 'gamma': 0.0008207691450820026, 'reg_alpha': 0.00011989902073672761, 'reg_lambda': 0.013367033397900043}. Best is trial 1319 with value: 0.30197738672869706.
[I 2024-12-04 18:01:13,208] Trial 1786 finished with value: 0.30846021912710914 and parameters: {'n_estimators': 905, 'max_depth': 6, 'learning_rate': 0.07496915514959372, 'subsample': 0.7683011793051856, 'colsample_bytree': 0.7187947973697653, 'min_child_weight': 2, 'gamma': 0.0007775920800377508, 'reg_alpha': 0.00011841870777786089, 'reg_lambda': 0.013338355447908934}. Best is trial 1319 with value: 0.30197738672869706.
[I 2024-12-04 18:01:14,669] Trial 1787 finished with value: 0.31503631928673587 and parameters: {'n_estimators': 915, 'max_depth': 6, 'learning_rate': 0.07537824546823356, 'subsample': 0.76797139850128, 'colsample_bytree': 0.7183753308118149, 'min_child_weight': 2, 'gamma': 0.0008190493977911936, 'reg_alpha': 0.0001098536551831115, 'reg_lambda': 0.013972094887662049}. Best is trial 1319 with value: 0.30197738672869706.
[I 2024-12-04 18:01:16,097] Trial 1788 finished with value: 0.30791200622641085 and parameters: {'n_estimators': 907, 'max_depth': 6, 'learning_rate': 0.0751331138165834, 'subsample': 0.7693226390016629, 'colsample_bytree': 0.71843886148898, 'min_child_weight': 2, 'gamma': 0.0008060578119217103, 'reg_alpha': 0.00012019433132297682, 'reg_lambda': 0.013208083832520593}. Best is trial 1319 with value: 0.30197738672869706.
[I 2024-12-04 18:01:17,836] Trial 1789 finished with value: 0.3094301689754071 and parameters: {'n_estimators': 895, 'max_depth': 6, 'learning_rate': 0.07562691394287573, 'subsample': 0.7695959474186269, 'colsample_bytree': 0.7201314455887423, 'min_child_weight': 2, 'gamma': 0.0008158610388190558, 'reg_alpha': 0.00013329052225627264, 'reg_lambda': 0.014154197574632238}. Best is trial 1319 with value: 0.30197738672869706.
[I 2024-12-04 18:01:19,271] Trial 1790 finished with value: 0.3123817938538099 and parameters: {'n_estimators': 901, 'max_depth': 6, 'learning_rate': 0.07495956835368409, 'subsample': 0.7686723168368159, 'colsample_bytree': 0.7192167154327631, 'min_child_weight': 2, 'gamma': 0.0007647106683939023, 'reg_alpha': 0.0001230977483319341, 'reg_lambda': 0.0124361475012904}. Best is trial 1319 with value: 0.30197738672869706.
[I 2024-12-04 18:01:20,833] Trial 1791 finished with value: 0.31353625781425304 and parameters: {'n_estimators': 907, 'max_depth': 6, 'learning_rate': 0.07484063946571916, 'subsample': 0.7685596443811634, 'colsample_bytree': 0.717776173826987, 'min_child_weight': 2, 'gamma': 0.0008544135143943654, 'reg_alpha': 0.00013805166363742261, 'reg_lambda': 0.01301124495778699}. Best is trial 1319 with value: 0.30197738672869706.
[I 2024-12-04 18:01:22,261] Trial 1792 finished with value: 0.31760846861172337 and parameters: {'n_estimators': 908, 'max_depth': 6, 'learning_rate': 0.07465005492608276, 'subsample': 0.7686147706418248, 'colsample_bytree': 0.7176253838025937, 'min_child_weight': 2, 'gamma': 0.0008600520407120539, 'reg_alpha': 0.00012738336898813907, 'reg_lambda': 0.013062359998843686}. Best is trial 1319 with value: 0.30197738672869706.
[I 2024-12-04 18:01:23,726] Trial 1793 finished with value: 0.3134073758077109 and parameters: {'n_estimators': 905, 'max_depth': 6, 'learning_rate': 0.07570184200131241, 'subsample': 0.7685196826249794, 'colsample_bytree': 0.7194771765734445, 'min_child_weight': 2, 'gamma': 0.0008600633721220139, 'reg_alpha': 0.00015655527593877872, 'reg_lambda': 0.01287714922763494}. Best is trial 1319 with value: 0.30197738672869706.
[I 2024-12-04 18:01:25,166] Trial 1794 finished with value: 0.3092256341265409 and parameters: {'n_estimators': 907, 'max_depth': 6, 'learning_rate': 0.07539163459768745, 'subsample': 0.7688182563960207, 'colsample_bytree': 0.7179033073967993, 'min_child_weight': 2, 'gamma': 0.0008330908552704872, 'reg_alpha': 0.00013049990752855544, 'reg_lambda': 0.013644170795766642}. Best is trial 1319 with value: 0.30197738672869706.
[I 2024-12-04 18:01:26,572] Trial 1795 finished with value: 0.3092642732057742 and parameters: {'n_estimators': 911, 'max_depth': 6, 'learning_rate': 0.07485308408716922, 'subsample': 0.7690077692585662, 'colsample_bytree': 0.7184932787844542, 'min_child_weight': 2, 'gamma': 0.0007599046471998582, 'reg_alpha': 0.00010730894898370254, 'reg_lambda': 0.013620660574396766}. Best is trial 1319 with value: 0.30197738672869706.
[I 2024-12-04 18:01:28,005] Trial 1796 finished with value: 0.31987286509386204 and parameters: {'n_estimators': 909, 'max_depth': 6, 'learning_rate': 0.07545246862119265, 'subsample': 0.7682263033114862, 'colsample_bytree': 0.7176158878743496, 'min_child_weight': 2, 'gamma': 0.0008351424666931385, 'reg_alpha': 0.00012762286427851953, 'reg_lambda': 0.012699326848521994}. Best is trial 1319 with value: 0.30197738672869706.
[I 2024-12-04 18:01:29,595] Trial 1797 finished with value: 0.31589995646065727 and parameters: {'n_estimators': 904, 'max_depth': 6, 'learning_rate': 0.0749044730586671, 'subsample': 0.7693566269369785, 'colsample_bytree': 0.7201713782145841, 'min_child_weight': 2, 'gamma': 0.0008055853681066809, 'reg_alpha': 0.00011521531325517393, 'reg_lambda': 0.014001993805351009}. Best is trial 1319 with value: 0.30197738672869706.
[I 2024-12-04 18:01:31,144] Trial 1798 finished with value: 0.3141462834807052 and parameters: {'n_estimators': 904, 'max_depth': 6, 'learning_rate': 0.07538886628996408, 'subsample': 0.7690027339160372, 'colsample_bytree': 0.7183267665864422, 'min_child_weight': 2, 'gamma': 0.0008461624351319087, 'reg_alpha': 0.00012752796656246714, 'reg_lambda': 0.013222470621312953}. Best is trial 1319 with value: 0.30197738672869706.
[I 2024-12-04 18:01:32,634] Trial 1799 finished with value: 0.31020666265379343 and parameters: {'n_estimators': 904, 'max_depth': 6, 'learning_rate': 0.07543343460520828, 'subsample': 0.7688280251835706, 'colsample_bytree': 0.7176395325359695, 'min_child_weight': 2, 'gamma': 0.000830342239860817, 'reg_alpha': 0.00012924317552817898, 'reg_lambda': 0.014135753162888112}. Best is trial 1319 with value: 0.30197738672869706.
[I 2024-12-04 18:01:34,181] Trial 1800 finished with value: 0.31474730214701063 and parameters: {'n_estimators': 902, 'max_depth': 6, 'learning_rate': 0.07564429062444436, 'subsample': 0.769054335178129, 'colsample_bytree': 0.7189584605578447, 'min_child_weight': 2, 'gamma': 0.0007915310046142817, 'reg_alpha': 0.0001323727064318604, 'reg_lambda': 0.014311330901864514}. Best is trial 1319 with value: 0.30197738672869706.
[I 2024-12-04 18:01:35,718] Trial 1801 finished with value: 0.31215572111379214 and parameters: {'n_estimators': 904, 'max_depth': 6, 'learning_rate': 0.07588605692442403, 'subsample': 0.7683816408470201, 'colsample_bytree': 0.718700693389829, 'min_child_weight': 2, 'gamma': 0.0007963281560984877, 'reg_alpha': 0.00013383748639541902, 'reg_lambda': 0.013997461737556215}. Best is trial 1319 with value: 0.30197738672869706.
[I 2024-12-04 18:01:37,139] Trial 1802 finished with value: 0.31009065962210985 and parameters: {'n_estimators': 904, 'max_depth': 6, 'learning_rate': 0.07552270481247317, 'subsample': 0.7689692330158092, 'colsample_bytree': 0.7184967815105223, 'min_child_weight': 2, 'gamma': 0.0008149119276161168, 'reg_alpha': 0.0001241145862201576, 'reg_lambda': 0.01433657932187174}. Best is trial 1319 with value: 0.30197738672869706.
[I 2024-12-04 18:01:38,554] Trial 1803 finished with value: 0.31254362208669556 and parameters: {'n_estimators': 902, 'max_depth': 6, 'learning_rate': 0.075721126499596, 'subsample': 0.7696034768626282, 'colsample_bytree': 0.719278123947085, 'min_child_weight': 2, 'gamma': 0.0008161444911019535, 'reg_alpha': 0.00014373869660552215, 'reg_lambda': 0.014266105817811934}. Best is trial 1319 with value: 0.30197738672869706.
[I 2024-12-04 18:01:39,970] Trial 1804 finished with value: 0.3117255929113137 and parameters: {'n_estimators': 904, 'max_depth': 6, 'learning_rate': 0.07554832836009691, 'subsample': 0.7683566870775742, 'colsample_bytree': 0.7198501275070858, 'min_child_weight': 2, 'gamma': 0.0007907835793876624, 'reg_alpha': 0.0001240189840229894, 'reg_lambda': 0.013562990923520578}. Best is trial 1319 with value: 0.30197738672869706.
[I 2024-12-04 18:01:41,385] Trial 1805 finished with value: 0.31153388204274673 and parameters: {'n_estimators': 908, 'max_depth': 6, 'learning_rate': 0.0748648301444763, 'subsample': 0.7692687813868908, 'colsample_bytree': 0.7186848874552252, 'min_child_weight': 2, 'gamma': 0.0007749635568652921, 'reg_alpha': 0.00011555790916478968, 'reg_lambda': 0.013135669391030252}. Best is trial 1319 with value: 0.30197738672869706.
[I 2024-12-04 18:01:42,800] Trial 1806 finished with value: 0.30867107271470623 and parameters: {'n_estimators': 902, 'max_depth': 6, 'learning_rate': 0.07497708872672501, 'subsample': 0.7699547971748828, 'colsample_bytree': 0.718366191616603, 'min_child_weight': 2, 'gamma': 0.000810316169503055, 'reg_alpha': 0.00012667584998157737, 'reg_lambda': 0.012769938571440678}. Best is trial 1319 with value: 0.30197738672869706.
[I 2024-12-04 18:01:44,225] Trial 1807 finished with value: 0.3113663977055083 and parameters: {'n_estimators': 906, 'max_depth': 6, 'learning_rate': 0.0748602089410141, 'subsample': 0.7696266298417087, 'colsample_bytree': 0.7176608284376752, 'min_child_weight': 2, 'gamma': 0.0008033801646499613, 'reg_alpha': 0.00012733411937354726, 'reg_lambda': 0.012389057870709612}. Best is trial 1319 with value: 0.30197738672869706.
[I 2024-12-04 18:01:45,657] Trial 1808 finished with value: 0.3124246394951989 and parameters: {'n_estimators': 904, 'max_depth': 6, 'learning_rate': 0.07542637904016704, 'subsample': 0.7690531014810744, 'colsample_bytree': 0.7196724726252075, 'min_child_weight': 2, 'gamma': 0.0007494608976339372, 'reg_alpha': 0.00011647109346506204, 'reg_lambda': 0.01351608528086147}. Best is trial 1319 with value: 0.30197738672869706.
[I 2024-12-04 18:01:47,195] Trial 1809 finished with value: 0.3132744030324575 and parameters: {'n_estimators': 902, 'max_depth': 6, 'learning_rate': 0.07514091276794829, 'subsample': 0.769598755674691, 'colsample_bytree': 0.7192917792227893, 'min_child_weight': 2, 'gamma': 0.0007974526380150708, 'reg_alpha': 0.00011878418530259267, 'reg_lambda': 0.013448533889459413}. Best is trial 1319 with value: 0.30197738672869706.
[I 2024-12-04 18:01:48,977] Trial 1810 finished with value: 0.3092964519455107 and parameters: {'n_estimators': 902, 'max_depth': 6, 'learning_rate': 0.07530590270010842, 'subsample': 0.7693280807274203, 'colsample_bytree': 0.7194975449946412, 'min_child_weight': 2, 'gamma': 0.0008061930220441575, 'reg_alpha': 0.00012153195610159129, 'reg_lambda': 0.013025854548486522}. Best is trial 1319 with value: 0.30197738672869706.
[I 2024-12-04 18:01:50,492] Trial 1811 finished with value: 0.3166835066368006 and parameters: {'n_estimators': 905, 'max_depth': 6, 'learning_rate': 0.07500143857276077, 'subsample': 0.7697744520621105, 'colsample_bytree': 0.7177313545083553, 'min_child_weight': 2, 'gamma': 0.0008091294071976907, 'reg_alpha': 0.00012083538224804689, 'reg_lambda': 0.013732016615489144}. Best is trial 1319 with value: 0.30197738672869706.
[I 2024-12-04 18:01:51,916] Trial 1812 finished with value: 0.3155749306266675 and parameters: {'n_estimators': 901, 'max_depth': 6, 'learning_rate': 0.07514337808002267, 'subsample': 0.7687422235009636, 'colsample_bytree': 0.7178824240205895, 'min_child_weight': 2, 'gamma': 0.0008047558908023938, 'reg_alpha': 0.00014086869427717185, 'reg_lambda': 0.012769047306409945}. Best is trial 1319 with value: 0.30197738672869706.
[I 2024-12-04 18:01:53,357] Trial 1813 finished with value: 0.3113177861874828 and parameters: {'n_estimators': 902, 'max_depth': 6, 'learning_rate': 0.07508359037523141, 'subsample': 0.7699949723812406, 'colsample_bytree': 0.7175329760552128, 'min_child_weight': 2, 'gamma': 0.0008530065664891396, 'reg_alpha': 0.00012177808260396649, 'reg_lambda': 0.012655878684160822}. Best is trial 1319 with value: 0.30197738672869706.
