[I 2024-12-19 07:51:25,720] Trial 499 finished with value: 1.3517385721206665 and parameters: {'mlp_n_layers': 3, 'mlp_dim_00': 213, 'mlp_dim_01': 246, 'mlp_dim_02': 78, 'node_hidden_dim': 116, 'edge_hidden_dim': 79, 'depth': 2, 'rep_dropout': 0.036004443116797166, 'train_learning_rate': 0.0038548937142949616, 'train_lr_reduce': 0.6}. Best is trial 156 with value: 0.33254924416542053.
[I 2024-12-19 07:51:28,411] Trial 500 finished with value: 1.3382290601730347 and parameters: {'mlp_n_layers': 3, 'mlp_dim_00': 174, 'mlp_dim_01': 154, 'mlp_dim_02': 66, 'node_hidden_dim': 127, 'edge_hidden_dim': 32, 'depth': 2, 'rep_dropout': 0.005553193065011978, 'train_learning_rate': 0.007608919945361533, 'train_lr_reduce': 0.6}. Best is trial 156 with value: 0.33254924416542053.
[I 2024-12-19 07:51:32,856] Trial 503 finished with value: 1.4506175518035889 and parameters: {'mlp_n_layers': 4, 'mlp_dim_00': 486, 'mlp_dim_01': 180, 'mlp_dim_02': 275, 'mlp_dim_03': 285, 'node_hidden_dim': 117, 'edge_hidden_dim': 51, 'depth': 3, 'rep_dropout': 0.17947548993311613, 'train_learning_rate': 0.002765878822218446, 'train_lr_reduce': 0.6}. Best is trial 156 with value: 0.33254924416542053.
[I 2024-12-19 07:51:39,224] Trial 501 finished with value: 0.6474767327308655 and parameters: {'mlp_n_layers': 3, 'mlp_dim_00': 262, 'mlp_dim_01': 71, 'mlp_dim_02': 87, 'node_hidden_dim': 128, 'edge_hidden_dim': 70, 'depth': 2, 'rep_dropout': 0.00786244463770288, 'train_learning_rate': 0.002794466727155126, 'train_lr_reduce': 0.6}. Best is trial 156 with value: 0.33254924416542053.
[I 2024-12-19 07:51:39,252] Trial 502 finished with value: 0.5449956655502319 and parameters: {'mlp_n_layers': 4, 'mlp_dim_00': 169, 'mlp_dim_01': 82, 'mlp_dim_02': 110, 'mlp_dim_03': 294, 'node_hidden_dim': 120, 'edge_hidden_dim': 94, 'depth': 2, 'rep_dropout': 0.07802869648785268, 'train_learning_rate': 0.007058820639776757, 'train_lr_reduce': 0.6}. Best is trial 156 with value: 0.33254924416542053.
[I 2024-12-19 07:51:43,894] Trial 505 finished with value: 1.315122365951538 and parameters: {'mlp_n_layers': 4, 'mlp_dim_00': 188, 'mlp_dim_01': 403, 'mlp_dim_02': 240, 'mlp_dim_03': 242, 'node_hidden_dim': 96, 'edge_hidden_dim': 68, 'depth': 2, 'rep_dropout': 0.030408129426122407, 'train_learning_rate': 0.007193165328044436, 'train_lr_reduce': 0.6}. Best is trial 156 with value: 0.33254924416542053.
[I 2024-12-19 07:51:43,935] Trial 504 finished with value: 0.7275186777114868 and parameters: {'mlp_n_layers': 4, 'mlp_dim_00': 497, 'mlp_dim_01': 271, 'mlp_dim_02': 110, 'mlp_dim_03': 363, 'node_hidden_dim': 126, 'edge_hidden_dim': 115, 'depth': 2, 'rep_dropout': 0.030722808181904183, 'train_learning_rate': 0.006240036309601287, 'train_lr_reduce': 0.6}. Best is trial 156 with value: 0.33254924416542053.
[I 2024-12-19 07:51:45,306] Trial 506 finished with value: 1.4986969232559204 and parameters: {'mlp_n_layers': 4, 'mlp_dim_00': 364, 'mlp_dim_01': 147, 'mlp_dim_02': 242, 'mlp_dim_03': 111, 'node_hidden_dim': 124, 'edge_hidden_dim': 39, 'depth': 4, 'rep_dropout': 0.19084753332397647, 'train_learning_rate': 0.003364039221485628, 'train_lr_reduce': 0.6}. Best is trial 156 with value: 0.33254924416542053.
[I 2024-12-19 07:51:48,185] Trial 508 finished with value: 1.4595825672149658 and parameters: {'mlp_n_layers': 3, 'mlp_dim_00': 117, 'mlp_dim_01': 300, 'mlp_dim_02': 286, 'node_hidden_dim': 112, 'edge_hidden_dim': 46, 'depth': 2, 'rep_dropout': 0.06238310973810876, 'train_learning_rate': 0.0015646896655217262, 'train_lr_reduce': 0.6}. Best is trial 156 with value: 0.33254924416542053.
[I 2024-12-19 07:51:48,860] Trial 507 finished with value: 1.3060475587844849 and parameters: {'mlp_n_layers': 4, 'mlp_dim_00': 509, 'mlp_dim_01': 411, 'mlp_dim_02': 512, 'mlp_dim_03': 289, 'node_hidden_dim': 124, 'edge_hidden_dim': 125, 'depth': 2, 'rep_dropout': 0.10747316013246146, 'train_learning_rate': 0.003956149882144047, 'train_lr_reduce': 0.6}. Best is trial 156 with value: 0.33254924416542053.
[I 2024-12-19 07:51:53,786] Trial 510 finished with value: 1.57192862033844 and parameters: {'mlp_n_layers': 3, 'mlp_dim_00': 113, 'mlp_dim_01': 390, 'mlp_dim_02': 206, 'node_hidden_dim': 73, 'edge_hidden_dim': 99, 'depth': 3, 'rep_dropout': 0.0640829932594065, 'train_learning_rate': 0.00010584524574225402, 'train_lr_reduce': 0.6}. Best is trial 156 with value: 0.33254924416542053.
[I 2024-12-19 07:51:58,744] Trial 512 finished with value: 1.5009748935699463 and parameters: {'mlp_n_layers': 4, 'mlp_dim_00': 477, 'mlp_dim_01': 446, 'mlp_dim_02': 459, 'mlp_dim_03': 259, 'node_hidden_dim': 103, 'edge_hidden_dim': 89, 'depth': 3, 'rep_dropout': 0.07734026667079537, 'train_learning_rate': 0.004492054694422592, 'train_lr_reduce': 0.6}. Best is trial 156 with value: 0.33254924416542053.
[I 2024-12-19 07:52:00,060] Trial 509 finished with value: 0.6172534227371216 and parameters: {'mlp_n_layers': 4, 'mlp_dim_00': 270, 'mlp_dim_01': 214, 'mlp_dim_02': 100, 'mlp_dim_03': 120, 'node_hidden_dim': 122, 'edge_hidden_dim': 80, 'depth': 2, 'rep_dropout': 0.01730888544871692, 'train_learning_rate': 0.002220056291676909, 'train_lr_reduce': 0.6}. Best is trial 156 with value: 0.33254924416542053.
[I 2024-12-19 07:52:03,273] Trial 513 finished with value: 1.3005937337875366 and parameters: {'mlp_n_layers': 3, 'mlp_dim_00': 511, 'mlp_dim_01': 363, 'mlp_dim_02': 225, 'node_hidden_dim': 103, 'edge_hidden_dim': 91, 'depth': 2, 'rep_dropout': 0.17498675613169204, 'train_learning_rate': 0.006901666337547268, 'train_lr_reduce': 0.6}. Best is trial 156 with value: 0.33254924416542053.
[I 2024-12-19 07:52:03,973] Trial 511 finished with value: 0.3391067683696747 and parameters: {'mlp_n_layers': 4, 'mlp_dim_00': 232, 'mlp_dim_01': 120, 'mlp_dim_02': 311, 'mlp_dim_03': 69, 'node_hidden_dim': 53, 'edge_hidden_dim': 78, 'depth': 2, 'rep_dropout': 0.1749395332424126, 'train_learning_rate': 0.005171950438266486, 'train_lr_reduce': 0.6}. Best is trial 156 with value: 0.33254924416542053.
[I 2024-12-19 07:52:07,495] Trial 515 finished with value: 1.5236523151397705 and parameters: {'mlp_n_layers': 3, 'mlp_dim_00': 495, 'mlp_dim_01': 411, 'mlp_dim_02': 187, 'node_hidden_dim': 116, 'edge_hidden_dim': 114, 'depth': 2, 'rep_dropout': 0.11753561103970186, 'train_learning_rate': 0.002402113358474874, 'train_lr_reduce': 0.6}. Best is trial 156 with value: 0.33254924416542053.
[I 2024-12-19 07:52:09,015] Trial 516 finished with value: 1.5621124505996704 and parameters: {'mlp_n_layers': 4, 'mlp_dim_00': 106, 'mlp_dim_01': 185, 'mlp_dim_02': 297, 'mlp_dim_03': 248, 'node_hidden_dim': 97, 'edge_hidden_dim': 39, 'depth': 4, 'rep_dropout': 0.06984057646588072, 'train_learning_rate': 0.00035946402686630723, 'train_lr_reduce': 0.6}. Best is trial 156 with value: 0.33254924416542053.
[I 2024-12-19 07:52:12,010] Trial 517 finished with value: 1.5310893058776855 and parameters: {'mlp_n_layers': 4, 'mlp_dim_00': 304, 'mlp_dim_01': 224, 'mlp_dim_02': 299, 'mlp_dim_03': 68, 'node_hidden_dim': 61, 'edge_hidden_dim': 69, 'depth': 2, 'rep_dropout': 0.15586107498686094, 'train_learning_rate': 0.0021605982409020233, 'train_lr_reduce': 0.6}. Best is trial 156 with value: 0.33254924416542053.
[I 2024-12-19 07:52:12,529] Trial 514 finished with value: 0.5290352702140808 and parameters: {'mlp_n_layers': 4, 'mlp_dim_00': 475, 'mlp_dim_01': 333, 'mlp_dim_02': 120, 'mlp_dim_03': 112, 'node_hidden_dim': 128, 'edge_hidden_dim': 108, 'depth': 2, 'rep_dropout': 0.09991830183642678, 'train_learning_rate': 0.002409597873786207, 'train_lr_reduce': 0.6}. Best is trial 156 with value: 0.33254924416542053.
[I 2024-12-19 07:52:13,506] Trial 518 finished with value: 1.4942384958267212 and parameters: {'mlp_n_layers': 4, 'mlp_dim_00': 315, 'mlp_dim_01': 129, 'mlp_dim_02': 325, 'mlp_dim_03': 297, 'node_hidden_dim': 40, 'edge_hidden_dim': 89, 'depth': 2, 'rep_dropout': 0.16835773524285244, 'train_learning_rate': 0.0032531370058271527, 'train_lr_reduce': 0.6}. Best is trial 156 with value: 0.33254924416542053.
[I 2024-12-19 07:52:16,375] Trial 519 finished with value: 1.467511773109436 and parameters: {'mlp_n_layers': 4, 'mlp_dim_00': 259, 'mlp_dim_01': 231, 'mlp_dim_02': 319, 'mlp_dim_03': 220, 'node_hidden_dim': 61, 'edge_hidden_dim': 68, 'depth': 3, 'rep_dropout': 0.20896807591703367, 'train_learning_rate': 0.004585776949019358, 'train_lr_reduce': 0.6}. Best is trial 156 with value: 0.33254924416542053.
[I 2024-12-19 07:52:17,487] Trial 521 finished with value: 1.3151912689208984 and parameters: {'mlp_n_layers': 4, 'mlp_dim_00': 510, 'mlp_dim_01': 209, 'mlp_dim_02': 320, 'mlp_dim_03': 410, 'node_hidden_dim': 117, 'edge_hidden_dim': 127, 'depth': 2, 'rep_dropout': 0.08707996066184703, 'train_learning_rate': 0.004605015770378854, 'train_lr_reduce': 0.6}. Best is trial 156 with value: 0.33254924416542053.
[I 2024-12-19 07:52:18,750] Trial 520 finished with value: 1.5742820501327515 and parameters: {'mlp_n_layers': 4, 'mlp_dim_00': 428, 'mlp_dim_01': 99, 'mlp_dim_02': 322, 'mlp_dim_03': 121, 'node_hidden_dim': 79, 'edge_hidden_dim': 76, 'depth': 3, 'rep_dropout': 0.17266007219707014, 'train_learning_rate': 0.00015512752113149174, 'train_lr_reduce': 0.6}. Best is trial 156 with value: 0.33254924416542053.
[I 2024-12-19 07:52:20,551] Trial 522 finished with value: 1.423449993133545 and parameters: {'mlp_n_layers': 3, 'mlp_dim_00': 65, 'mlp_dim_01': 106, 'mlp_dim_02': 271, 'node_hidden_dim': 128, 'edge_hidden_dim': 106, 'depth': 2, 'rep_dropout': 0.1115524222105228, 'train_learning_rate': 0.004035504233445052, 'train_lr_reduce': 0.6}. Best is trial 156 with value: 0.33254924416542053.
[I 2024-12-19 07:52:21,633] Trial 523 finished with value: 1.5012233257293701 and parameters: {'mlp_n_layers': 3, 'mlp_dim_00': 221, 'mlp_dim_01': 193, 'mlp_dim_02': 289, 'node_hidden_dim': 128, 'edge_hidden_dim': 47, 'depth': 2, 'rep_dropout': 0.037980366907622284, 'train_learning_rate': 0.001639828422111092, 'train_lr_reduce': 0.6}. Best is trial 156 with value: 0.33254924416542053.
[I 2024-12-19 07:52:23,734] Trial 524 finished with value: 1.305728793144226 and parameters: {'mlp_n_layers': 3, 'mlp_dim_00': 175, 'mlp_dim_01': 93, 'mlp_dim_02': 321, 'node_hidden_dim': 125, 'edge_hidden_dim': 65, 'depth': 2, 'rep_dropout': 0.06281249534484265, 'train_learning_rate': 0.005544413452542636, 'train_lr_reduce': 0.6}. Best is trial 156 with value: 0.33254924416542053.
[I 2024-12-19 07:52:25,504] Trial 526 finished with value: 1.4350261688232422 and parameters: {'mlp_n_layers': 3, 'mlp_dim_00': 156, 'mlp_dim_01': 88, 'mlp_dim_02': 267, 'node_hidden_dim': 58, 'edge_hidden_dim': 52, 'depth': 2, 'rep_dropout': 0.13003283792214593, 'train_learning_rate': 0.00885343808517517, 'train_lr_reduce': 0.6}. Best is trial 156 with value: 0.33254924416542053.
[I 2024-12-19 07:52:25,557] Trial 525 finished with value: 1.416009545326233 and parameters: {'mlp_n_layers': 4, 'mlp_dim_00': 156, 'mlp_dim_01': 191, 'mlp_dim_02': 464, 'mlp_dim_03': 202, 'node_hidden_dim': 60, 'edge_hidden_dim': 67, 'depth': 2, 'rep_dropout': 0.2329165034228908, 'train_learning_rate': 0.005927298981311829, 'train_lr_reduce': 0.6}. Best is trial 156 with value: 0.33254924416542053.
[I 2024-12-19 07:52:27,934] Trial 527 finished with value: 1.4765839576721191 and parameters: {'mlp_n_layers': 4, 'mlp_dim_00': 252, 'mlp_dim_01': 96, 'mlp_dim_02': 353, 'mlp_dim_03': 122, 'node_hidden_dim': 103, 'edge_hidden_dim': 60, 'depth': 2, 'rep_dropout': 0.06077747501645462, 'train_learning_rate': 0.002994478001426445, 'train_lr_reduce': 0.6}. Best is trial 156 with value: 0.33254924416542053.
[I 2024-12-19 07:52:29,462] Trial 528 finished with value: 1.2891079187393188 and parameters: {'mlp_n_layers': 4, 'mlp_dim_00': 179, 'mlp_dim_01': 71, 'mlp_dim_02': 66, 'mlp_dim_03': 259, 'node_hidden_dim': 123, 'edge_hidden_dim': 46, 'depth': 2, 'rep_dropout': 0.009614968974092064, 'train_learning_rate': 0.007420691038728894, 'train_lr_reduce': 0.6}. Best is trial 156 with value: 0.33254924416542053.
[I 2024-12-19 07:52:32,014] Trial 530 finished with value: 1.4838804006576538 and parameters: {'mlp_n_layers': 2, 'mlp_dim_00': 120, 'mlp_dim_01': 227, 'node_hidden_dim': 122, 'edge_hidden_dim': 69, 'depth': 3, 'rep_dropout': 0.057484253815423936, 'train_learning_rate': 0.0011883775792075162, 'train_lr_reduce': 0.6}. Best is trial 156 with value: 0.33254924416542053.
[I 2024-12-19 07:52:33,313] Trial 529 finished with value: 1.3148967027664185 and parameters: {'mlp_n_layers': 4, 'mlp_dim_00': 153, 'mlp_dim_01': 94, 'mlp_dim_02': 285, 'mlp_dim_03': 169, 'node_hidden_dim': 59, 'edge_hidden_dim': 76, 'depth': 2, 'rep_dropout': 0.2401210274519264, 'train_learning_rate': 0.0019228392940534651, 'train_lr_reduce': 0.6}. Best is trial 156 with value: 0.33254924416542053.
[I 2024-12-19 07:52:34,105] Trial 531 finished with value: 1.5503623485565186 and parameters: {'mlp_n_layers': 2, 'mlp_dim_00': 275, 'mlp_dim_01': 232, 'node_hidden_dim': 72, 'edge_hidden_dim': 127, 'depth': 2, 'rep_dropout': 0.18500129606732058, 'train_learning_rate': 0.0003729516510485996, 'train_lr_reduce': 0.6}. Best is trial 156 with value: 0.33254924416542053.
[I 2024-12-19 07:52:36,197] Trial 532 finished with value: 1.4657570123672485 and parameters: {'mlp_n_layers': 3, 'mlp_dim_00': 259, 'mlp_dim_01': 213, 'mlp_dim_02': 457, 'node_hidden_dim': 122, 'edge_hidden_dim': 79, 'depth': 2, 'rep_dropout': 0.03522276934479231, 'train_learning_rate': 0.001666190364102019, 'train_lr_reduce': 0.6}. Best is trial 156 with value: 0.33254924416542053.
[I 2024-12-19 07:52:37,941] Trial 533 finished with value: 1.5114272832870483 and parameters: {'mlp_n_layers': 4, 'mlp_dim_00': 413, 'mlp_dim_01': 189, 'mlp_dim_02': 262, 'mlp_dim_03': 67, 'node_hidden_dim': 112, 'edge_hidden_dim': 56, 'depth': 2, 'rep_dropout': 0.05813097167107689, 'train_learning_rate': 0.004412575088371057, 'train_lr_reduce': 0.6}. Best is trial 156 with value: 0.33254924416542053.
[I 2024-12-19 07:52:38,138] Trial 534 finished with value: 1.2935750484466553 and parameters: {'mlp_n_layers': 2, 'mlp_dim_00': 67, 'mlp_dim_01': 188, 'node_hidden_dim': 80, 'edge_hidden_dim': 99, 'depth': 2, 'rep_dropout': 0.1468607607726749, 'train_learning_rate': 0.005962678104351014, 'train_lr_reduce': 0.6}. Best is trial 156 with value: 0.33254924416542053.
[I 2024-12-19 07:52:41,130] Trial 535 finished with value: 1.3814367055892944 and parameters: {'mlp_n_layers': 4, 'mlp_dim_00': 282, 'mlp_dim_01': 319, 'mlp_dim_02': 247, 'mlp_dim_03': 219, 'node_hidden_dim': 120, 'edge_hidden_dim': 60, 'depth': 2, 'rep_dropout': 0.05691566822931153, 'train_learning_rate': 0.009848763706826302, 'train_lr_reduce': 0.6}. Best is trial 156 with value: 0.33254924416542053.
[I 2024-12-19 07:52:42,596] Trial 536 finished with value: 1.413735032081604 and parameters: {'mlp_n_layers': 3, 'mlp_dim_00': 152, 'mlp_dim_01': 83, 'mlp_dim_02': 104, 'node_hidden_dim': 60, 'edge_hidden_dim': 86, 'depth': 3, 'rep_dropout': 0.20047502375497134, 'train_learning_rate': 0.008493649273447378, 'train_lr_reduce': 0.6}. Best is trial 156 with value: 0.33254924416542053.
[I 2024-12-19 07:52:43,678] Trial 537 finished with value: 1.477776050567627 and parameters: {'mlp_n_layers': 4, 'mlp_dim_00': 236, 'mlp_dim_01': 122, 'mlp_dim_02': 333, 'mlp_dim_03': 288, 'node_hidden_dim': 56, 'edge_hidden_dim': 78, 'depth': 2, 'rep_dropout': 0.1871659420336443, 'train_learning_rate': 0.004012288357695409, 'train_lr_reduce': 0.6}. Best is trial 156 with value: 0.33254924416542053.
[I 2024-12-19 07:52:45,769] Trial 538 finished with value: 1.317935824394226 and parameters: {'mlp_n_layers': 4, 'mlp_dim_00': 166, 'mlp_dim_01': 152, 'mlp_dim_02': 249, 'mlp_dim_03': 127, 'node_hidden_dim': 125, 'edge_hidden_dim': 59, 'depth': 3, 'rep_dropout': 0.021936868336296204, 'train_learning_rate': 0.008268036380847048, 'train_lr_reduce': 0.6}. Best is trial 156 with value: 0.33254924416542053.
[I 2024-12-19 07:52:47,178] Trial 539 finished with value: 1.5450564622879028 and parameters: {'mlp_n_layers': 2, 'mlp_dim_00': 266, 'mlp_dim_01': 86, 'node_hidden_dim': 50, 'edge_hidden_dim': 70, 'depth': 3, 'rep_dropout': 0.22054149612800603, 'train_learning_rate': 0.0003426079920027635, 'train_lr_reduce': 0.6}. Best is trial 156 with value: 0.33254924416542053.
[I 2024-12-19 07:52:51,224] Trial 541 finished with value: 1.4847248792648315 and parameters: {'mlp_n_layers': 2, 'mlp_dim_00': 154, 'mlp_dim_01': 85, 'node_hidden_dim': 128, 'edge_hidden_dim': 59, 'depth': 2, 'rep_dropout': 0.005645535859012838, 'train_learning_rate': 0.0038616796886040625, 'train_lr_reduce': 0.6}. Best is trial 156 with value: 0.33254924416542053.
[I 2024-12-19 07:52:53,245] Trial 542 finished with value: 1.3634876012802124 and parameters: {'mlp_n_layers': 4, 'mlp_dim_00': 78, 'mlp_dim_01': 85, 'mlp_dim_02': 464, 'mlp_dim_03': 168, 'node_hidden_dim': 118, 'edge_hidden_dim': 114, 'depth': 3, 'rep_dropout': 0.060011258075339184, 'train_learning_rate': 0.004438687905820756, 'train_lr_reduce': 0.6}. Best is trial 156 with value: 0.33254924416542053.
[I 2024-12-19 07:52:56,814] Trial 543 finished with value: 1.4585304260253906 and parameters: {'mlp_n_layers': 2, 'mlp_dim_00': 360, 'mlp_dim_01': 128, 'node_hidden_dim': 116, 'edge_hidden_dim': 58, 'depth': 4, 'rep_dropout': 0.0897049118527625, 'train_learning_rate': 0.0007240695061394226, 'train_lr_reduce': 0.6}. Best is trial 156 with value: 0.33254924416542053.
[I 2024-12-19 07:52:59,095] Trial 544 finished with value: 1.5786082744598389 and parameters: {'mlp_n_layers': 4, 'mlp_dim_00': 427, 'mlp_dim_01': 389, 'mlp_dim_02': 237, 'mlp_dim_03': 220, 'node_hidden_dim': 97, 'edge_hidden_dim': 88, 'depth': 2, 'rep_dropout': 0.04459893149673194, 'train_learning_rate': 0.00024196671569521255, 'train_lr_reduce': 0.6}. Best is trial 156 with value: 0.33254924416542053.
[I 2024-12-19 07:53:01,696] Trial 540 finished with value: 0.39806148409843445 and parameters: {'mlp_n_layers': 3, 'mlp_dim_00': 237, 'mlp_dim_01': 179, 'mlp_dim_02': 120, 'node_hidden_dim': 109, 'edge_hidden_dim': 68, 'depth': 2, 'rep_dropout': 0.0031369684511526746, 'train_learning_rate': 0.002949327347492679, 'train_lr_reduce': 0.6}. Best is trial 156 with value: 0.33254924416542053.
[I 2024-12-19 07:53:03,402] Trial 545 finished with value: 1.4888614416122437 and parameters: {'mlp_n_layers': 2, 'mlp_dim_00': 455, 'mlp_dim_01': 407, 'node_hidden_dim': 121, 'edge_hidden_dim': 124, 'depth': 2, 'rep_dropout': 0.1655431443745796, 'train_learning_rate': 0.0018829884049436784, 'train_lr_reduce': 0.6}. Best is trial 156 with value: 0.33254924416542053.
[I 2024-12-19 07:53:04,490] Trial 546 finished with value: 1.5269819498062134 and parameters: {'mlp_n_layers': 3, 'mlp_dim_00': 316, 'mlp_dim_01': 322, 'mlp_dim_02': 297, 'node_hidden_dim': 108, 'edge_hidden_dim': 117, 'depth': 2, 'rep_dropout': 0.14597890582162165, 'train_learning_rate': 0.0020455837184263108, 'train_lr_reduce': 0.6}. Best is trial 156 with value: 0.33254924416542053.
[I 2024-12-19 07:53:08,095] Trial 548 finished with value: 1.3455225229263306 and parameters: {'mlp_n_layers': 3, 'mlp_dim_00': 243, 'mlp_dim_01': 84, 'mlp_dim_02': 127, 'node_hidden_dim': 44, 'edge_hidden_dim': 89, 'depth': 2, 'rep_dropout': 0.16242238926967137, 'train_learning_rate': 0.006708524854453835, 'train_lr_reduce': 0.6}. Best is trial 156 with value: 0.33254924416542053.
[I 2024-12-19 07:53:08,764] Trial 549 finished with value: 1.3555084466934204 and parameters: {'mlp_n_layers': 2, 'mlp_dim_00': 388, 'mlp_dim_01': 118, 'node_hidden_dim': 78, 'edge_hidden_dim': 78, 'depth': 4, 'rep_dropout': 0.2443274914962319, 'train_learning_rate': 0.003174566944307229, 'train_lr_reduce': 0.6}. Best is trial 156 with value: 0.33254924416542053.
[I 2024-12-19 07:53:08,970] Trial 547 finished with value: 1.2445648908615112 and parameters: {'mlp_n_layers': 3, 'mlp_dim_00': 201, 'mlp_dim_01': 162, 'mlp_dim_02': 138, 'node_hidden_dim': 120, 'edge_hidden_dim': 68, 'depth': 2, 'rep_dropout': 0.011697776685624474, 'train_learning_rate': 0.004577071576594262, 'train_lr_reduce': 0.6}. Best is trial 156 with value: 0.33254924416542053.
[I 2024-12-19 07:53:12,943] Trial 552 finished with value: 1.4156630039215088 and parameters: {'mlp_n_layers': 3, 'mlp_dim_00': 254, 'mlp_dim_01': 201, 'mlp_dim_02': 108, 'node_hidden_dim': 108, 'edge_hidden_dim': 77, 'depth': 2, 'rep_dropout': 0.012004419123344766, 'train_learning_rate': 0.002725343364163126, 'train_lr_reduce': 0.6}. Best is trial 156 with value: 0.33254924416542053.
[I 2024-12-19 07:53:13,502] Trial 551 finished with value: 1.5135084390640259 and parameters: {'mlp_n_layers': 4, 'mlp_dim_00': 430, 'mlp_dim_01': 278, 'mlp_dim_02': 100, 'mlp_dim_03': 114, 'node_hidden_dim': 94, 'edge_hidden_dim': 105, 'depth': 2, 'rep_dropout': 0.12268649772304921, 'train_learning_rate': 0.004418882895781027, 'train_lr_reduce': 0.6}. Best is trial 156 with value: 0.33254924416542053.
[I 2024-12-19 07:53:17,203] Trial 553 finished with value: 1.474204182624817 and parameters: {'mlp_n_layers': 4, 'mlp_dim_00': 220, 'mlp_dim_01': 251, 'mlp_dim_02': 145, 'mlp_dim_03': 266, 'node_hidden_dim': 43, 'edge_hidden_dim': 67, 'depth': 3, 'rep_dropout': 0.10716534451209063, 'train_learning_rate': 0.004329234694138207, 'train_lr_reduce': 0.6}. Best is trial 156 with value: 0.33254924416542053.
[I 2024-12-19 07:53:20,042] Trial 554 finished with value: 1.4930177927017212 and parameters: {'mlp_n_layers': 3, 'mlp_dim_00': 150, 'mlp_dim_01': 66, 'mlp_dim_02': 150, 'node_hidden_dim': 105, 'edge_hidden_dim': 70, 'depth': 2, 'rep_dropout': 0.005556427240956945, 'train_learning_rate': 0.003224226859041865, 'train_lr_reduce': 0.6}. Best is trial 156 with value: 0.33254924416542053.
