[I 2024-12-15 16:06:23,021] Trial 995 finished with value: 0.22111332416534424 and parameters: {'mlp_n_layers': 4, 'mlp_dim_00': 192, 'mlp_dim_01': 208, 'mlp_dim_02': 112, 'mlp_dim_03': 64, 'hidden_channels': 192, 'num_layers': 1, 'num_timesteps': 4, 'dropout': 0.037803359499937184, 'train_learning_rate': 0.0018993856492852694, 'train_lr_reduce': 0.6}. Best is trial 632 with value: 0.13978464901447296.
[I 2024-12-15 16:06:24,714] Trial 994 finished with value: 0.18965159356594086 and parameters: {'mlp_n_layers': 4, 'mlp_dim_00': 160, 'mlp_dim_01': 176, 'mlp_dim_02': 112, 'mlp_dim_03': 64, 'hidden_channels': 208, 'num_layers': 1, 'num_timesteps': 4, 'dropout': 0.02289822781838999, 'train_learning_rate': 0.0011362863116545405, 'train_lr_reduce': 0.6}. Best is trial 632 with value: 0.13978464901447296.
[I 2024-12-15 16:06:29,951] Trial 993 finished with value: 0.2875298261642456 and parameters: {'mlp_n_layers': 4, 'mlp_dim_00': 32, 'mlp_dim_01': 208, 'mlp_dim_02': 144, 'mlp_dim_03': 64, 'hidden_channels': 240, 'num_layers': 4, 'num_timesteps': 3, 'dropout': 0.003683450985757064, 'train_learning_rate': 0.00025190707574002395, 'train_lr_reduce': 0.6}. Best is trial 632 with value: 0.13978464901447296.
[I 2024-12-15 16:06:33,336] Trial 996 finished with value: 0.15813544392585754 and parameters: {'mlp_n_layers': 3, 'mlp_dim_00': 176, 'mlp_dim_01': 160, 'mlp_dim_02': 144, 'hidden_channels': 240, 'num_layers': 1, 'num_timesteps': 4, 'dropout': 0.01906842535161778, 'train_learning_rate': 0.005476416916711853, 'train_lr_reduce': 0.6}. Best is trial 632 with value: 0.13978464901447296.
[I 2024-12-15 16:06:38,159] Trial 997 finished with value: 0.19151417911052704 and parameters: {'mlp_n_layers': 4, 'mlp_dim_00': 32, 'mlp_dim_01': 96, 'mlp_dim_02': 144, 'mlp_dim_03': 176, 'hidden_channels': 160, 'num_layers': 4, 'num_timesteps': 2, 'dropout': 0.1343548922421116, 'train_learning_rate': 0.009737637565988486, 'train_lr_reduce': 0.6}. Best is trial 632 with value: 0.13978464901447296.
[I 2024-12-15 16:06:40,679] Trial 998 finished with value: 0.16720588505268097 and parameters: {'mlp_n_layers': 4, 'mlp_dim_00': 176, 'mlp_dim_01': 224, 'mlp_dim_02': 144, 'mlp_dim_03': 64, 'hidden_channels': 224, 'num_layers': 1, 'num_timesteps': 4, 'dropout': 0.011650812451837432, 'train_learning_rate': 0.0016699902771091703, 'train_lr_reduce': 0.6}. Best is trial 632 with value: 0.13978464901447296.
[I 2024-12-15 16:06:44,673] Trial 999 finished with value: 0.21001751720905304 and parameters: {'mlp_n_layers': 4, 'mlp_dim_00': 80, 'mlp_dim_01': 192, 'mlp_dim_02': 144, 'mlp_dim_03': 80, 'hidden_channels': 256, 'num_layers': 4, 'num_timesteps': 4, 'dropout': 0.15397265547683128, 'train_learning_rate': 0.006778637165280704, 'train_lr_reduce': 0.6}. Best is trial 632 with value: 0.13978464901447296.
[I 2024-12-15 16:06:47,658] Trial 1001 finished with value: 0.2600231468677521 and parameters: {'mlp_n_layers': 4, 'mlp_dim_00': 192, 'mlp_dim_01': 224, 'mlp_dim_02': 144, 'mlp_dim_03': 64, 'hidden_channels': 208, 'num_layers': 2, 'num_timesteps': 1, 'dropout': 0.013847174573993728, 'train_learning_rate': 0.00316245220128229, 'train_lr_reduce': 0.6}. Best is trial 632 with value: 0.13978464901447296.
[I 2024-12-15 16:06:49,430] Trial 1000 finished with value: 0.1486252099275589 and parameters: {'mlp_n_layers': 3, 'mlp_dim_00': 224, 'mlp_dim_01': 144, 'mlp_dim_02': 160, 'hidden_channels': 208, 'num_layers': 1, 'num_timesteps': 4, 'dropout': 0.032123630864721614, 'train_learning_rate': 0.0027681596832106322, 'train_lr_reduce': 0.6}. Best is trial 632 with value: 0.13978464901447296.
[I 2024-12-15 16:06:55,048] Trial 1002 finished with value: 0.17970044910907745 and parameters: {'mlp_n_layers': 4, 'mlp_dim_00': 160, 'mlp_dim_01': 256, 'mlp_dim_02': 160, 'mlp_dim_03': 144, 'hidden_channels': 208, 'num_layers': 1, 'num_timesteps': 4, 'dropout': 0.008511910147366112, 'train_learning_rate': 0.003128998366712543, 'train_lr_reduce': 0.6}. Best is trial 632 with value: 0.13978464901447296.
[I 2024-12-15 16:06:55,457] Trial 1004 finished with value: 0.2461034208536148 and parameters: {'mlp_n_layers': 3, 'mlp_dim_00': 192, 'mlp_dim_01': 160, 'mlp_dim_02': 160, 'hidden_channels': 256, 'num_layers': 1, 'num_timesteps': 4, 'dropout': 0.030748828938907232, 'train_learning_rate': 0.005230517744267728, 'train_lr_reduce': 0.6}. Best is trial 632 with value: 0.13978464901447296.
[I 2024-12-15 16:06:57,496] Trial 1003 finished with value: 0.2136322408914566 and parameters: {'mlp_n_layers': 2, 'mlp_dim_00': 176, 'mlp_dim_01': 160, 'hidden_channels': 240, 'num_layers': 1, 'num_timesteps': 3, 'dropout': 0.060143666486409154, 'train_learning_rate': 0.008880186702055206, 'train_lr_reduce': 0.6}. Best is trial 632 with value: 0.13978464901447296.
[I 2024-12-15 16:07:08,606] Trial 1006 finished with value: 0.2301119714975357 and parameters: {'mlp_n_layers': 3, 'mlp_dim_00': 144, 'mlp_dim_01': 192, 'mlp_dim_02': 160, 'hidden_channels': 224, 'num_layers': 1, 'num_timesteps': 4, 'dropout': 0.014996822437267517, 'train_learning_rate': 0.009331235049931864, 'train_lr_reduce': 0.6}. Best is trial 632 with value: 0.13978464901447296.
[I 2024-12-15 16:07:15,238] Trial 1005 finished with value: 0.34195011854171753 and parameters: {'mlp_n_layers': 3, 'mlp_dim_00': 80, 'mlp_dim_01': 176, 'mlp_dim_02': 160, 'hidden_channels': 96, 'num_layers': 3, 'num_timesteps': 4, 'dropout': 0.24171203373281114, 'train_learning_rate': 0.00025317109819275444, 'train_lr_reduce': 0.6}. Best is trial 632 with value: 0.13978464901447296.
[I 2024-12-15 16:07:18,647] Trial 1007 finished with value: 0.32921043038368225 and parameters: {'mlp_n_layers': 4, 'mlp_dim_00': 256, 'mlp_dim_01': 80, 'mlp_dim_02': 160, 'mlp_dim_03': 64, 'hidden_channels': 96, 'num_layers': 4, 'num_timesteps': 1, 'dropout': 0.16961674018602596, 'train_learning_rate': 0.00010385057860660534, 'train_lr_reduce': 0.6}. Best is trial 632 with value: 0.13978464901447296.
[I 2024-12-15 16:07:18,680] Trial 1009 finished with value: 0.8000277280807495 and parameters: {'mlp_n_layers': 4, 'mlp_dim_00': 144, 'mlp_dim_01': 64, 'mlp_dim_02': 176, 'mlp_dim_03': 64, 'hidden_channels': 160, 'num_layers': 2, 'num_timesteps': 2, 'dropout': 0.0034792345821833617, 'train_learning_rate': 0.0033865381471633324, 'train_lr_reduce': 0.6}. Best is trial 632 with value: 0.13978464901447296.
[I 2024-12-15 16:07:24,820] Trial 1011 finished with value: 0.21636851131916046 and parameters: {'mlp_n_layers': 4, 'mlp_dim_00': 240, 'mlp_dim_01': 256, 'mlp_dim_02': 176, 'mlp_dim_03': 80, 'hidden_channels': 256, 'num_layers': 1, 'num_timesteps': 4, 'dropout': 0.01675966258112447, 'train_learning_rate': 0.0036870197376055337, 'train_lr_reduce': 0.6}. Best is trial 632 with value: 0.13978464901447296.
[I 2024-12-15 16:07:24,876] Trial 1008 finished with value: 0.2067563533782959 and parameters: {'mlp_n_layers': 3, 'mlp_dim_00': 192, 'mlp_dim_01': 176, 'mlp_dim_02': 160, 'hidden_channels': 208, 'num_layers': 2, 'num_timesteps': 4, 'dropout': 0.06457687917535601, 'train_learning_rate': 0.002538212741648741, 'train_lr_reduce': 0.6}. Best is trial 632 with value: 0.13978464901447296.
[I 2024-12-15 16:07:28,803] Trial 1013 finished with value: 1.112582802772522 and parameters: {'mlp_n_layers': 3, 'mlp_dim_00': 224, 'mlp_dim_01': 112, 'mlp_dim_02': 176, 'hidden_channels': 192, 'num_layers': 2, 'num_timesteps': 4, 'dropout': 0.03457994370984949, 'train_learning_rate': 0.004107998492299601, 'train_lr_reduce': 0.6}. Best is trial 632 with value: 0.13978464901447296.
[I 2024-12-15 16:07:29,950] Trial 1010 finished with value: 0.2009117603302002 and parameters: {'mlp_n_layers': 3, 'mlp_dim_00': 176, 'mlp_dim_01': 160, 'mlp_dim_02': 160, 'hidden_channels': 224, 'num_layers': 1, 'num_timesteps': 4, 'dropout': 0.10021227414931685, 'train_learning_rate': 0.004832840095032577, 'train_lr_reduce': 0.6}. Best is trial 632 with value: 0.13978464901447296.
[I 2024-12-15 16:07:36,213] Trial 1015 finished with value: 0.21714632213115692 and parameters: {'mlp_n_layers': 2, 'mlp_dim_00': 80, 'mlp_dim_01': 128, 'hidden_channels': 32, 'num_layers': 2, 'num_timesteps': 2, 'dropout': 0.14129843701208294, 'train_learning_rate': 0.003944643410075062, 'train_lr_reduce': 0.6}. Best is trial 632 with value: 0.13978464901447296.
[I 2024-12-15 16:07:36,878] Trial 1012 finished with value: 0.20354853570461273 and parameters: {'mlp_n_layers': 3, 'mlp_dim_00': 256, 'mlp_dim_01': 176, 'mlp_dim_02': 160, 'hidden_channels': 208, 'num_layers': 1, 'num_timesteps': 3, 'dropout': 0.059278188875620974, 'train_learning_rate': 0.004625603317724314, 'train_lr_reduce': 0.6}. Best is trial 632 with value: 0.13978464901447296.
[I 2024-12-15 16:07:42,300] Trial 1014 finished with value: 0.166583850979805 and parameters: {'mlp_n_layers': 3, 'mlp_dim_00': 144, 'mlp_dim_01': 160, 'mlp_dim_02': 144, 'hidden_channels': 224, 'num_layers': 1, 'num_timesteps': 2, 'dropout': 0.018502255286048496, 'train_learning_rate': 0.0034947262685092184, 'train_lr_reduce': 0.6}. Best is trial 632 with value: 0.13978464901447296.
[I 2024-12-15 16:07:48,105] Trial 1016 finished with value: 0.17502768337726593 and parameters: {'mlp_n_layers': 4, 'mlp_dim_00': 224, 'mlp_dim_01': 256, 'mlp_dim_02': 176, 'mlp_dim_03': 64, 'hidden_channels': 224, 'num_layers': 1, 'num_timesteps': 3, 'dropout': 0.06215011982842403, 'train_learning_rate': 0.004111415853027812, 'train_lr_reduce': 0.6}. Best is trial 632 with value: 0.13978464901447296.
[I 2024-12-15 16:07:56,070] Trial 1018 finished with value: 0.19567421078681946 and parameters: {'mlp_n_layers': 4, 'mlp_dim_00': 224, 'mlp_dim_01': 160, 'mlp_dim_02': 144, 'mlp_dim_03': 80, 'hidden_channels': 256, 'num_layers': 1, 'num_timesteps': 4, 'dropout': 0.015723420827303644, 'train_learning_rate': 0.008812679547980129, 'train_lr_reduce': 0.6}. Best is trial 632 with value: 0.13978464901447296.
[I 2024-12-15 16:08:01,538] Trial 1017 finished with value: 0.14369474351406097 and parameters: {'mlp_n_layers': 3, 'mlp_dim_00': 240, 'mlp_dim_01': 192, 'mlp_dim_02': 160, 'hidden_channels': 224, 'num_layers': 1, 'num_timesteps': 4, 'dropout': 0.03436788064720052, 'train_learning_rate': 0.0019150233021735484, 'train_lr_reduce': 0.6}. Best is trial 632 with value: 0.13978464901447296.
[I 2024-12-15 16:08:09,477] Trial 1020 finished with value: 0.21956683695316315 and parameters: {'mlp_n_layers': 4, 'mlp_dim_00': 144, 'mlp_dim_01': 176, 'mlp_dim_02': 176, 'mlp_dim_03': 64, 'hidden_channels': 256, 'num_layers': 1, 'num_timesteps': 4, 'dropout': 0.11843544572696083, 'train_learning_rate': 0.009309323550984313, 'train_lr_reduce': 0.6}. Best is trial 632 with value: 0.13978464901447296.
[I 2024-12-15 16:08:15,437] Trial 1019 finished with value: 0.3270556628704071 and parameters: {'mlp_n_layers': 2, 'mlp_dim_00': 256, 'mlp_dim_01': 128, 'hidden_channels': 224, 'num_layers': 4, 'num_timesteps': 3, 'dropout': 0.25310078806496134, 'train_learning_rate': 0.00010010329881189558, 'train_lr_reduce': 0.6}. Best is trial 632 with value: 0.13978464901447296.
[I 2024-12-15 16:08:19,997] Trial 1022 finished with value: 0.24287918210029602 and parameters: {'mlp_n_layers': 3, 'mlp_dim_00': 176, 'mlp_dim_01': 192, 'mlp_dim_02': 160, 'hidden_channels': 224, 'num_layers': 1, 'num_timesteps': 4, 'dropout': 0.026192422207015075, 'train_learning_rate': 0.004839431613162116, 'train_lr_reduce': 0.6}. Best is trial 632 with value: 0.13978464901447296.
[I 2024-12-15 16:08:23,887] Trial 1021 finished with value: 0.5856631398200989 and parameters: {'mlp_n_layers': 4, 'mlp_dim_00': 176, 'mlp_dim_01': 160, 'mlp_dim_02': 144, 'mlp_dim_03': 64, 'hidden_channels': 160, 'num_layers': 4, 'num_timesteps': 2, 'dropout': 0.14548860910783765, 'train_learning_rate': 0.00011084634312886999, 'train_lr_reduce': 0.6}. Best is trial 632 with value: 0.13978464901447296.
[I 2024-12-15 16:08:30,579] Trial 1024 finished with value: 0.24762268364429474 and parameters: {'mlp_n_layers': 3, 'mlp_dim_00': 224, 'mlp_dim_01': 160, 'mlp_dim_02': 160, 'hidden_channels': 224, 'num_layers': 1, 'num_timesteps': 4, 'dropout': 0.014532221746095348, 'train_learning_rate': 0.007135250045702086, 'train_lr_reduce': 0.6}. Best is trial 632 with value: 0.13978464901447296.
[I 2024-12-15 16:08:31,566] Trial 1023 finished with value: 0.2112336903810501 and parameters: {'mlp_n_layers': 3, 'mlp_dim_00': 256, 'mlp_dim_01': 176, 'mlp_dim_02': 144, 'hidden_channels': 256, 'num_layers': 2, 'num_timesteps': 4, 'dropout': 0.06251769678852223, 'train_learning_rate': 0.0003050657447917, 'train_lr_reduce': 0.6}. Best is trial 632 with value: 0.13978464901447296.
[I 2024-12-15 16:08:39,442] Trial 1026 finished with value: 0.20793990790843964 and parameters: {'mlp_n_layers': 3, 'mlp_dim_00': 224, 'mlp_dim_01': 128, 'mlp_dim_02': 160, 'hidden_channels': 224, 'num_layers': 1, 'num_timesteps': 4, 'dropout': 0.04628878271591862, 'train_learning_rate': 0.00259964675035826, 'train_lr_reduce': 0.6}. Best is trial 632 with value: 0.13978464901447296.
[I 2024-12-15 16:08:42,548] Trial 1025 finished with value: 0.26893752813339233 and parameters: {'mlp_n_layers': 4, 'mlp_dim_00': 224, 'mlp_dim_01': 48, 'mlp_dim_02': 144, 'mlp_dim_03': 176, 'hidden_channels': 192, 'num_layers': 2, 'num_timesteps': 1, 'dropout': 0.2536007576518727, 'train_learning_rate': 0.00011238558645150214, 'train_lr_reduce': 0.6}. Best is trial 632 with value: 0.13978464901447296.
[I 2024-12-15 16:08:43,599] Trial 1027 finished with value: 0.1883179098367691 and parameters: {'mlp_n_layers': 3, 'mlp_dim_00': 240, 'mlp_dim_01': 176, 'mlp_dim_02': 160, 'hidden_channels': 224, 'num_layers': 1, 'num_timesteps': 3, 'dropout': 0.06386009930644508, 'train_learning_rate': 0.0010787574811320067, 'train_lr_reduce': 0.6}. Best is trial 632 with value: 0.13978464901447296.
[I 2024-12-15 16:08:52,099] Trial 1028 finished with value: 0.24955569207668304 and parameters: {'mlp_n_layers': 4, 'mlp_dim_00': 48, 'mlp_dim_01': 112, 'mlp_dim_02': 144, 'mlp_dim_03': 64, 'hidden_channels': 112, 'num_layers': 4, 'num_timesteps': 4, 'dropout': 0.12727777201042753, 'train_learning_rate': 0.002179209278553194, 'train_lr_reduce': 0.6}. Best is trial 632 with value: 0.13978464901447296.
[I 2024-12-15 16:08:54,284] Trial 1029 finished with value: 0.24328473210334778 and parameters: {'mlp_n_layers': 4, 'mlp_dim_00': 176, 'mlp_dim_01': 176, 'mlp_dim_02': 160, 'mlp_dim_03': 64, 'hidden_channels': 128, 'num_layers': 4, 'num_timesteps': 3, 'dropout': 0.04525204678510028, 'train_learning_rate': 0.000470854934746175, 'train_lr_reduce': 0.6}. Best is trial 632 with value: 0.13978464901447296.
[I 2024-12-15 16:08:58,771] Trial 1030 finished with value: 0.19886022806167603 and parameters: {'mlp_n_layers': 3, 'mlp_dim_00': 160, 'mlp_dim_01': 192, 'mlp_dim_02': 144, 'hidden_channels': 176, 'num_layers': 1, 'num_timesteps': 3, 'dropout': 0.00044789290235673455, 'train_learning_rate': 0.003951047344783662, 'train_lr_reduce': 0.6}. Best is trial 632 with value: 0.13978464901447296.
[I 2024-12-15 16:08:59,852] Trial 1031 finished with value: 0.20176702737808228 and parameters: {'mlp_n_layers': 3, 'mlp_dim_00': 240, 'mlp_dim_01': 224, 'mlp_dim_02': 176, 'hidden_channels': 224, 'num_layers': 1, 'num_timesteps': 4, 'dropout': 0.00505597113209556, 'train_learning_rate': 0.003617110347312734, 'train_lr_reduce': 0.6}. Best is trial 632 with value: 0.13978464901447296.
[I 2024-12-15 16:09:06,333] Trial 1034 finished with value: 0.19628523290157318 and parameters: {'mlp_n_layers': 4, 'mlp_dim_00': 160, 'mlp_dim_01': 256, 'mlp_dim_02': 128, 'mlp_dim_03': 96, 'hidden_channels': 224, 'num_layers': 1, 'num_timesteps': 2, 'dropout': 0.06824751200897342, 'train_learning_rate': 0.002021855420221508, 'train_lr_reduce': 0.6}. Best is trial 632 with value: 0.13978464901447296.
[I 2024-12-15 16:09:08,639] Trial 1032 finished with value: 0.21466882526874542 and parameters: {'mlp_n_layers': 4, 'mlp_dim_00': 240, 'mlp_dim_01': 192, 'mlp_dim_02': 160, 'mlp_dim_03': 48, 'hidden_channels': 192, 'num_layers': 1, 'num_timesteps': 1, 'dropout': 0.010854450576746826, 'train_learning_rate': 0.0011033255116983617, 'train_lr_reduce': 0.6}. Best is trial 632 with value: 0.13978464901447296.
[I 2024-12-15 16:09:16,197] Trial 1036 finished with value: 0.19149336218833923 and parameters: {'mlp_n_layers': 3, 'mlp_dim_00': 208, 'mlp_dim_01': 144, 'mlp_dim_02': 144, 'hidden_channels': 176, 'num_layers': 1, 'num_timesteps': 4, 'dropout': 0.06434829142707484, 'train_learning_rate': 0.0018287776197163336, 'train_lr_reduce': 0.6}. Best is trial 632 with value: 0.13978464901447296.
[I 2024-12-15 16:09:16,637] Trial 1035 finished with value: 0.1933801770210266 and parameters: {'mlp_n_layers': 3, 'mlp_dim_00': 224, 'mlp_dim_01': 112, 'mlp_dim_02': 176, 'hidden_channels': 224, 'num_layers': 1, 'num_timesteps': 3, 'dropout': 0.08398056168962628, 'train_learning_rate': 0.003978992283212898, 'train_lr_reduce': 0.6}. Best is trial 632 with value: 0.13978464901447296.
[I 2024-12-15 16:09:17,320] Trial 1033 finished with value: 0.6675754189491272 and parameters: {'mlp_n_layers': 2, 'mlp_dim_00': 48, 'mlp_dim_01': 80, 'hidden_channels': 48, 'num_layers': 1, 'num_timesteps': 3, 'dropout': 0.2766361514792415, 'train_learning_rate': 0.00011015909416306233, 'train_lr_reduce': 0.6}. Best is trial 632 with value: 0.13978464901447296.
[I 2024-12-15 16:09:23,873] Trial 1037 finished with value: 0.21942546963691711 and parameters: {'mlp_n_layers': 2, 'mlp_dim_00': 192, 'mlp_dim_01': 160, 'hidden_channels': 224, 'num_layers': 2, 'num_timesteps': 4, 'dropout': 0.05872881866589883, 'train_learning_rate': 0.001848530405897671, 'train_lr_reduce': 0.6}. Best is trial 632 with value: 0.13978464901447296.
[I 2024-12-15 16:09:24,319] Trial 1038 finished with value: 0.20824724435806274 and parameters: {'mlp_n_layers': 3, 'mlp_dim_00': 192, 'mlp_dim_01': 160, 'mlp_dim_02': 176, 'hidden_channels': 208, 'num_layers': 1, 'num_timesteps': 3, 'dropout': 0.060799215112142535, 'train_learning_rate': 0.0040522623675518284, 'train_lr_reduce': 0.6}. Best is trial 632 with value: 0.13978464901447296.
[I 2024-12-15 16:09:26,106] Trial 1039 finished with value: 0.24959178268909454 and parameters: {'mlp_n_layers': 4, 'mlp_dim_00': 64, 'mlp_dim_01': 48, 'mlp_dim_02': 160, 'mlp_dim_03': 64, 'hidden_channels': 160, 'num_layers': 2, 'num_timesteps': 1, 'dropout': 0.21331453687880114, 'train_learning_rate': 0.0019987530666706475, 'train_lr_reduce': 0.6}. Best is trial 632 with value: 0.13978464901447296.
[I 2024-12-15 16:09:31,341] Trial 1041 finished with value: 0.22682908177375793 and parameters: {'mlp_n_layers': 3, 'mlp_dim_00': 144, 'mlp_dim_01': 128, 'mlp_dim_02': 176, 'hidden_channels': 240, 'num_layers': 2, 'num_timesteps': 4, 'dropout': 0.02535801610392481, 'train_learning_rate': 0.0059762796459477486, 'train_lr_reduce': 0.6}. Best is trial 632 with value: 0.13978464901447296.
[I 2024-12-15 16:09:33,902] Trial 1040 finished with value: 0.1930447667837143 and parameters: {'mlp_n_layers': 3, 'mlp_dim_00': 128, 'mlp_dim_01': 144, 'mlp_dim_02': 128, 'hidden_channels': 224, 'num_layers': 1, 'num_timesteps': 4, 'dropout': 0.06599451848583848, 'train_learning_rate': 0.005119104525467357, 'train_lr_reduce': 0.6}. Best is trial 632 with value: 0.13978464901447296.
[I 2024-12-15 16:09:35,162] Trial 1042 finished with value: 0.22219544649124146 and parameters: {'mlp_n_layers': 4, 'mlp_dim_00': 128, 'mlp_dim_01': 256, 'mlp_dim_02': 144, 'mlp_dim_03': 160, 'hidden_channels': 208, 'num_layers': 3, 'num_timesteps': 3, 'dropout': 0.2489175303342871, 'train_learning_rate': 0.0011795082059667904, 'train_lr_reduce': 0.6}. Best is trial 632 with value: 0.13978464901447296.
[I 2024-12-15 16:09:39,160] Trial 1043 finished with value: 0.2484174370765686 and parameters: {'mlp_n_layers': 3, 'mlp_dim_00': 48, 'mlp_dim_01': 208, 'mlp_dim_02': 176, 'hidden_channels': 64, 'num_layers': 4, 'num_timesteps': 2, 'dropout': 0.07131001921584462, 'train_learning_rate': 0.002330542458430727, 'train_lr_reduce': 0.6}. Best is trial 632 with value: 0.13978464901447296.
[I 2024-12-15 16:09:43,555] Trial 1044 finished with value: 0.20437216758728027 and parameters: {'mlp_n_layers': 2, 'mlp_dim_00': 224, 'mlp_dim_01': 160, 'hidden_channels': 208, 'num_layers': 1, 'num_timesteps': 4, 'dropout': 0.029115639128742016, 'train_learning_rate': 0.001342916549710582, 'train_lr_reduce': 0.6}. Best is trial 632 with value: 0.13978464901447296.
[I 2024-12-15 16:09:49,847] Trial 1046 finished with value: 0.17074467241764069 and parameters: {'mlp_n_layers': 3, 'mlp_dim_00': 96, 'mlp_dim_01': 128, 'mlp_dim_02': 128, 'hidden_channels': 224, 'num_layers': 1, 'num_timesteps': 1, 'dropout': 0.0075857062122122705, 'train_learning_rate': 0.003444747789398072, 'train_lr_reduce': 0.6}. Best is trial 632 with value: 0.13978464901447296.
[I 2024-12-15 16:09:51,144] Trial 1045 finished with value: 0.16573011875152588 and parameters: {'mlp_n_layers': 3, 'mlp_dim_00': 144, 'mlp_dim_01': 192, 'mlp_dim_02': 160, 'hidden_channels': 208, 'num_layers': 1, 'num_timesteps': 4, 'dropout': 0.0013658179182458614, 'train_learning_rate': 0.0034115891802851406, 'train_lr_reduce': 0.6}. Best is trial 632 with value: 0.13978464901447296.
[I 2024-12-15 16:09:51,514] Trial 1047 finished with value: 0.24601861834526062 and parameters: {'mlp_n_layers': 3, 'mlp_dim_00': 80, 'mlp_dim_01': 96, 'mlp_dim_02': 176, 'hidden_channels': 256, 'num_layers': 1, 'num_timesteps': 2, 'dropout': 0.06649498209504369, 'train_learning_rate': 0.00980925547868297, 'train_lr_reduce': 0.6}. Best is trial 632 with value: 0.13978464901447296.
[I 2024-12-15 16:09:54,998] Trial 1050 finished with value: 0.867095410823822 and parameters: {'mlp_n_layers': 3, 'mlp_dim_00': 192, 'mlp_dim_01': 192, 'mlp_dim_02': 144, 'hidden_channels': 208, 'num_layers': 1, 'num_timesteps': 3, 'dropout': 0.0009688418298989523, 'train_learning_rate': 0.009674580516165493, 'train_lr_reduce': 0.6}. Best is trial 632 with value: 0.13978464901447296.
