[I 2024-12-19 08:48:53,230] Trial 1028 finished with value: 0.45853444933891296 and parameters: {'mlp_n_layers': 3, 'mlp_dim_00': 295, 'mlp_dim_01': 257, 'mlp_dim_02': 377, 'node_hidden_dim': 127, 'edge_hidden_dim': 68, 'depth': 2, 'rep_dropout': 0.01621147720182483, 'train_learning_rate': 0.005686298408506184, 'train_lr_reduce': 0.6}. Best is trial 724 with value: 0.1670333594083786.
[I 2024-12-19 08:49:00,099] Trial 1031 finished with value: 0.7590142488479614 and parameters: {'mlp_n_layers': 2, 'mlp_dim_00': 343, 'mlp_dim_01': 489, 'node_hidden_dim': 72, 'edge_hidden_dim': 38, 'depth': 2, 'rep_dropout': 0.13935295799002115, 'train_learning_rate': 0.00935859346196979, 'train_lr_reduce': 0.6}. Best is trial 724 with value: 0.1670333594083786.
[I 2024-12-19 08:49:00,924] Trial 1032 finished with value: 1.1457537412643433 and parameters: {'mlp_n_layers': 2, 'mlp_dim_00': 494, 'mlp_dim_01': 131, 'node_hidden_dim': 113, 'edge_hidden_dim': 123, 'depth': 4, 'rep_dropout': 0.09103225913763788, 'train_learning_rate': 0.0024288255199796807, 'train_lr_reduce': 0.6}. Best is trial 724 with value: 0.1670333594083786.
[I 2024-12-19 08:49:02,448] Trial 1030 finished with value: 0.5070750117301941 and parameters: {'mlp_n_layers': 3, 'mlp_dim_00': 438, 'mlp_dim_01': 499, 'mlp_dim_02': 473, 'node_hidden_dim': 92, 'edge_hidden_dim': 43, 'depth': 2, 'rep_dropout': 0.1030211836110802, 'train_learning_rate': 0.009316070184494294, 'train_lr_reduce': 0.6}. Best is trial 724 with value: 0.1670333594083786.
[I 2024-12-19 08:49:22,662] Trial 1033 finished with value: 0.55927973985672 and parameters: {'mlp_n_layers': 2, 'mlp_dim_00': 497, 'mlp_dim_01': 508, 'node_hidden_dim': 127, 'edge_hidden_dim': 63, 'depth': 2, 'rep_dropout': 0.04507529659973923, 'train_learning_rate': 0.009420973467523236, 'train_lr_reduce': 0.6}. Best is trial 724 with value: 0.1670333594083786.
[I 2024-12-19 08:49:24,354] Trial 1035 finished with value: 0.3419225513935089 and parameters: {'mlp_n_layers': 4, 'mlp_dim_00': 351, 'mlp_dim_01': 262, 'mlp_dim_02': 343, 'mlp_dim_03': 252, 'node_hidden_dim': 121, 'edge_hidden_dim': 86, 'depth': 2, 'rep_dropout': 0.015826215016872258, 'train_learning_rate': 0.004529146024481216, 'train_lr_reduce': 0.6}. Best is trial 724 with value: 0.1670333594083786.
[I 2024-12-19 08:49:25,579] Trial 1034 finished with value: 0.6290806531906128 and parameters: {'mlp_n_layers': 3, 'mlp_dim_00': 358, 'mlp_dim_01': 346, 'mlp_dim_02': 397, 'node_hidden_dim': 122, 'edge_hidden_dim': 60, 'depth': 2, 'rep_dropout': 0.04638340897238423, 'train_learning_rate': 0.00631464108959081, 'train_lr_reduce': 0.6}. Best is trial 724 with value: 0.1670333594083786.
[I 2024-12-19 08:49:29,761] Trial 1036 finished with value: 1.1427476406097412 and parameters: {'mlp_n_layers': 4, 'mlp_dim_00': 470, 'mlp_dim_01': 315, 'mlp_dim_02': 464, 'mlp_dim_03': 126, 'node_hidden_dim': 33, 'edge_hidden_dim': 50, 'depth': 2, 'rep_dropout': 0.2487175752478529, 'train_learning_rate': 0.0015944797770528275, 'train_lr_reduce': 0.6}. Best is trial 724 with value: 0.1670333594083786.
[I 2024-12-19 08:49:32,415] Trial 1037 finished with value: 1.1419358253479004 and parameters: {'mlp_n_layers': 2, 'mlp_dim_00': 118, 'mlp_dim_01': 126, 'node_hidden_dim': 65, 'edge_hidden_dim': 110, 'depth': 3, 'rep_dropout': 0.15471380211768768, 'train_learning_rate': 0.0001202049579768496, 'train_lr_reduce': 0.6}. Best is trial 724 with value: 0.1670333594083786.
[I 2024-12-19 08:49:38,346] Trial 1040 finished with value: 1.1433372497558594 and parameters: {'mlp_n_layers': 3, 'mlp_dim_00': 499, 'mlp_dim_01': 412, 'mlp_dim_02': 426, 'node_hidden_dim': 111, 'edge_hidden_dim': 68, 'depth': 2, 'rep_dropout': 0.055758891471944676, 'train_learning_rate': 0.0034966774229818936, 'train_lr_reduce': 0.6}. Best is trial 724 with value: 0.1670333594083786.
[I 2024-12-19 08:49:50,765] Trial 1038 finished with value: 0.32581764459609985 and parameters: {'mlp_n_layers': 2, 'mlp_dim_00': 502, 'mlp_dim_01': 108, 'node_hidden_dim': 122, 'edge_hidden_dim': 56, 'depth': 3, 'rep_dropout': 0.07517622401446866, 'train_learning_rate': 0.00832341812422327, 'train_lr_reduce': 0.6}. Best is trial 724 with value: 0.1670333594083786.
[I 2024-12-19 08:49:51,823] Trial 1039 finished with value: 0.26194363832473755 and parameters: {'mlp_n_layers': 3, 'mlp_dim_00': 424, 'mlp_dim_01': 266, 'mlp_dim_02': 510, 'node_hidden_dim': 123, 'edge_hidden_dim': 44, 'depth': 2, 'rep_dropout': 0.05168052089805727, 'train_learning_rate': 0.009343522127175926, 'train_lr_reduce': 0.6}. Best is trial 724 with value: 0.1670333594083786.
[I 2024-12-19 08:49:58,453] Trial 1041 finished with value: 0.19389215111732483 and parameters: {'mlp_n_layers': 3, 'mlp_dim_00': 499, 'mlp_dim_01': 272, 'mlp_dim_02': 388, 'node_hidden_dim': 128, 'edge_hidden_dim': 61, 'depth': 2, 'rep_dropout': 0.02269972015204949, 'train_learning_rate': 0.00630674851513309, 'train_lr_reduce': 0.6}. Best is trial 724 with value: 0.1670333594083786.
[I 2024-12-19 08:50:03,127] Trial 1043 finished with value: 0.9969711899757385 and parameters: {'mlp_n_layers': 3, 'mlp_dim_00': 343, 'mlp_dim_01': 266, 'mlp_dim_02': 427, 'node_hidden_dim': 121, 'edge_hidden_dim': 84, 'depth': 3, 'rep_dropout': 0.062076845721408015, 'train_learning_rate': 0.007846460992470015, 'train_lr_reduce': 0.6}. Best is trial 724 with value: 0.1670333594083786.
[I 2024-12-19 08:50:05,010] Trial 1044 finished with value: 1.1429238319396973 and parameters: {'mlp_n_layers': 3, 'mlp_dim_00': 476, 'mlp_dim_01': 257, 'mlp_dim_02': 353, 'node_hidden_dim': 107, 'edge_hidden_dim': 71, 'depth': 3, 'rep_dropout': 0.11854276649599513, 'train_learning_rate': 0.0015374849635110717, 'train_lr_reduce': 0.6}. Best is trial 724 with value: 0.1670333594083786.
[I 2024-12-19 08:50:11,193] Trial 1046 finished with value: 1.1449159383773804 and parameters: {'mlp_n_layers': 2, 'mlp_dim_00': 420, 'mlp_dim_01': 467, 'node_hidden_dim': 103, 'edge_hidden_dim': 71, 'depth': 2, 'rep_dropout': 0.2133804637444099, 'train_learning_rate': 0.0004747360024922571, 'train_lr_reduce': 0.6}. Best is trial 724 with value: 0.1670333594083786.
[I 2024-12-19 08:50:15,341] Trial 1042 finished with value: 0.32069113850593567 and parameters: {'mlp_n_layers': 3, 'mlp_dim_00': 480, 'mlp_dim_01': 426, 'mlp_dim_02': 474, 'node_hidden_dim': 74, 'edge_hidden_dim': 58, 'depth': 2, 'rep_dropout': 0.0017197693210033466, 'train_learning_rate': 0.004038605252820072, 'train_lr_reduce': 0.6}. Best is trial 724 with value: 0.1670333594083786.
[I 2024-12-19 08:50:21,565] Trial 1048 finished with value: 1.1447348594665527 and parameters: {'mlp_n_layers': 2, 'mlp_dim_00': 239, 'mlp_dim_01': 360, 'node_hidden_dim': 61, 'edge_hidden_dim': 120, 'depth': 2, 'rep_dropout': 0.1425968182818996, 'train_learning_rate': 0.0013439061425941693, 'train_lr_reduce': 0.6}. Best is trial 724 with value: 0.1670333594083786.
[I 2024-12-19 08:50:22,320] Trial 1045 finished with value: 0.3851361870765686 and parameters: {'mlp_n_layers': 3, 'mlp_dim_00': 301, 'mlp_dim_01': 419, 'mlp_dim_02': 359, 'node_hidden_dim': 122, 'edge_hidden_dim': 38, 'depth': 2, 'rep_dropout': 0.07386240904750524, 'train_learning_rate': 0.006141872230078464, 'train_lr_reduce': 0.6}. Best is trial 724 with value: 0.1670333594083786.
[I 2024-12-19 08:50:28,787] Trial 1050 finished with value: 1.1476008892059326 and parameters: {'mlp_n_layers': 3, 'mlp_dim_00': 414, 'mlp_dim_01': 345, 'mlp_dim_02': 334, 'node_hidden_dim': 106, 'edge_hidden_dim': 43, 'depth': 2, 'rep_dropout': 0.03173551199313149, 'train_learning_rate': 0.003202597884249698, 'train_lr_reduce': 0.6}. Best is trial 724 with value: 0.1670333594083786.
[I 2024-12-19 08:50:31,874] Trial 1047 finished with value: 0.20365358889102936 and parameters: {'mlp_n_layers': 3, 'mlp_dim_00': 411, 'mlp_dim_01': 208, 'mlp_dim_02': 378, 'node_hidden_dim': 127, 'edge_hidden_dim': 63, 'depth': 2, 'rep_dropout': 0.005082747631196791, 'train_learning_rate': 0.007607607434084515, 'train_lr_reduce': 0.6}. Best is trial 724 with value: 0.1670333594083786.
[I 2024-12-19 08:50:37,757] Trial 1052 finished with value: 1.14182710647583 and parameters: {'mlp_n_layers': 4, 'mlp_dim_00': 353, 'mlp_dim_01': 329, 'mlp_dim_02': 355, 'mlp_dim_03': 349, 'node_hidden_dim': 73, 'edge_hidden_dim': 108, 'depth': 2, 'rep_dropout': 0.15931402516305243, 'train_learning_rate': 0.008247826833260785, 'train_lr_reduce': 0.6}. Best is trial 724 with value: 0.1670333594083786.
[I 2024-12-19 08:50:43,655] Trial 1053 finished with value: 1.1488368511199951 and parameters: {'mlp_n_layers': 3, 'mlp_dim_00': 476, 'mlp_dim_01': 107, 'mlp_dim_02': 368, 'node_hidden_dim': 127, 'edge_hidden_dim': 69, 'depth': 2, 'rep_dropout': 0.07192525549315208, 'train_learning_rate': 0.0025807938623823913, 'train_lr_reduce': 0.6}. Best is trial 724 with value: 0.1670333594083786.
[I 2024-12-19 08:50:45,611] Trial 1049 finished with value: 0.20054316520690918 and parameters: {'mlp_n_layers': 4, 'mlp_dim_00': 507, 'mlp_dim_01': 393, 'mlp_dim_02': 392, 'mlp_dim_03': 219, 'node_hidden_dim': 85, 'edge_hidden_dim': 58, 'depth': 2, 'rep_dropout': 0.003919016930304886, 'train_learning_rate': 0.006581200450853784, 'train_lr_reduce': 0.6}. Best is trial 724 with value: 0.1670333594083786.
[I 2024-12-19 08:50:48,795] Trial 1051 finished with value: 0.4587749242782593 and parameters: {'mlp_n_layers': 4, 'mlp_dim_00': 475, 'mlp_dim_01': 433, 'mlp_dim_02': 385, 'mlp_dim_03': 510, 'node_hidden_dim': 128, 'edge_hidden_dim': 56, 'depth': 2, 'rep_dropout': 0.12500185219077742, 'train_learning_rate': 0.004304655855467757, 'train_lr_reduce': 0.6}. Best is trial 724 with value: 0.1670333594083786.
[I 2024-12-19 08:50:49,703] Trial 1054 finished with value: 1.1499912738800049 and parameters: {'mlp_n_layers': 2, 'mlp_dim_00': 75, 'mlp_dim_01': 215, 'node_hidden_dim': 40, 'edge_hidden_dim': 69, 'depth': 4, 'rep_dropout': 0.10047001234405122, 'train_learning_rate': 0.0068032008851593145, 'train_lr_reduce': 0.6}. Best is trial 724 with value: 0.1670333594083786.
[I 2024-12-19 08:50:55,327] Trial 1056 finished with value: 1.1420177221298218 and parameters: {'mlp_n_layers': 2, 'mlp_dim_00': 333, 'mlp_dim_01': 460, 'node_hidden_dim': 41, 'edge_hidden_dim': 32, 'depth': 3, 'rep_dropout': 0.11931798120779145, 'train_learning_rate': 0.0025365164408278416, 'train_lr_reduce': 0.6}. Best is trial 724 with value: 0.1670333594083786.
[I 2024-12-19 08:50:56,629] Trial 1057 finished with value: 1.1425602436065674 and parameters: {'mlp_n_layers': 4, 'mlp_dim_00': 363, 'mlp_dim_01': 189, 'mlp_dim_02': 350, 'mlp_dim_03': 177, 'node_hidden_dim': 122, 'edge_hidden_dim': 61, 'depth': 2, 'rep_dropout': 0.01169126486070792, 'train_learning_rate': 0.001141559170654058, 'train_lr_reduce': 0.6}. Best is trial 724 with value: 0.1670333594083786.
[I 2024-12-19 08:51:01,959] Trial 1059 finished with value: 1.1478474140167236 and parameters: {'mlp_n_layers': 3, 'mlp_dim_00': 346, 'mlp_dim_01': 336, 'mlp_dim_02': 379, 'node_hidden_dim': 36, 'edge_hidden_dim': 36, 'depth': 2, 'rep_dropout': 0.09734674375774466, 'train_learning_rate': 0.006370968878094311, 'train_lr_reduce': 0.6}. Best is trial 724 with value: 0.1670333594083786.
[I 2024-12-19 08:51:01,962] Trial 1058 finished with value: 1.1416901350021362 and parameters: {'mlp_n_layers': 4, 'mlp_dim_00': 125, 'mlp_dim_01': 376, 'mlp_dim_02': 381, 'mlp_dim_03': 232, 'node_hidden_dim': 91, 'edge_hidden_dim': 97, 'depth': 2, 'rep_dropout': 0.03147098587200495, 'train_learning_rate': 0.0005344592833485174, 'train_lr_reduce': 0.6}. Best is trial 724 with value: 0.1670333594083786.
[I 2024-12-19 08:51:08,451] Trial 1061 finished with value: 1.142022728919983 and parameters: {'mlp_n_layers': 4, 'mlp_dim_00': 462, 'mlp_dim_01': 209, 'mlp_dim_02': 317, 'mlp_dim_03': 248, 'node_hidden_dim': 104, 'edge_hidden_dim': 61, 'depth': 2, 'rep_dropout': 0.04462438348360613, 'train_learning_rate': 0.009326493302636267, 'train_lr_reduce': 0.6}. Best is trial 724 with value: 0.1670333594083786.
[I 2024-12-19 08:51:11,545] Trial 1055 finished with value: 0.45719024538993835 and parameters: {'mlp_n_layers': 4, 'mlp_dim_00': 371, 'mlp_dim_01': 376, 'mlp_dim_02': 367, 'mlp_dim_03': 205, 'node_hidden_dim': 66, 'edge_hidden_dim': 67, 'depth': 3, 'rep_dropout': 0.012915464414183134, 'train_learning_rate': 0.006574267394603103, 'train_lr_reduce': 0.6}. Best is trial 724 with value: 0.1670333594083786.
[I 2024-12-19 08:51:15,055] Trial 1062 finished with value: 1.1598117351531982 and parameters: {'mlp_n_layers': 4, 'mlp_dim_00': 505, 'mlp_dim_01': 297, 'mlp_dim_02': 383, 'mlp_dim_03': 147, 'node_hidden_dim': 94, 'edge_hidden_dim': 51, 'depth': 2, 'rep_dropout': 0.0286443552419294, 'train_learning_rate': 0.008115978684871046, 'train_lr_reduce': 0.6}. Best is trial 724 with value: 0.1670333594083786.
[I 2024-12-19 08:51:22,745] Trial 1064 finished with value: 1.1459527015686035 and parameters: {'mlp_n_layers': 2, 'mlp_dim_00': 463, 'mlp_dim_01': 350, 'node_hidden_dim': 94, 'edge_hidden_dim': 95, 'depth': 4, 'rep_dropout': 0.10606525215493294, 'train_learning_rate': 0.0005504706774245342, 'train_lr_reduce': 0.6}. Best is trial 724 with value: 0.1670333594083786.
[I 2024-12-19 08:51:23,898] Trial 1060 finished with value: 0.2873220145702362 and parameters: {'mlp_n_layers': 4, 'mlp_dim_00': 484, 'mlp_dim_01': 434, 'mlp_dim_02': 385, 'mlp_dim_03': 187, 'node_hidden_dim': 92, 'edge_hidden_dim': 77, 'depth': 2, 'rep_dropout': 0.0012219189962531332, 'train_learning_rate': 0.006439525375815256, 'train_lr_reduce': 0.6}. Best is trial 724 with value: 0.1670333594083786.
[I 2024-12-19 08:51:30,027] Trial 1065 finished with value: 1.1427538394927979 and parameters: {'mlp_n_layers': 4, 'mlp_dim_00': 429, 'mlp_dim_01': 248, 'mlp_dim_02': 383, 'mlp_dim_03': 250, 'node_hidden_dim': 126, 'edge_hidden_dim': 58, 'depth': 3, 'rep_dropout': 0.036248903406578575, 'train_learning_rate': 0.0031241955779015254, 'train_lr_reduce': 0.6}. Best is trial 724 with value: 0.1670333594083786.
[I 2024-12-19 08:51:31,345] Trial 1066 finished with value: 1.1410856246948242 and parameters: {'mlp_n_layers': 3, 'mlp_dim_00': 313, 'mlp_dim_01': 172, 'mlp_dim_02': 388, 'node_hidden_dim': 126, 'edge_hidden_dim': 61, 'depth': 2, 'rep_dropout': 0.08158530032638826, 'train_learning_rate': 0.00882829129444754, 'train_lr_reduce': 0.6}. Best is trial 724 with value: 0.1670333594083786.
[I 2024-12-19 08:51:35,858] Trial 1063 finished with value: 0.29284346103668213 and parameters: {'mlp_n_layers': 3, 'mlp_dim_00': 429, 'mlp_dim_01': 255, 'mlp_dim_02': 325, 'node_hidden_dim': 123, 'edge_hidden_dim': 53, 'depth': 2, 'rep_dropout': 0.04243316459320316, 'train_learning_rate': 0.0040138714103695565, 'train_lr_reduce': 0.6}. Best is trial 724 with value: 0.1670333594083786.
[I 2024-12-19 08:51:39,401] Trial 1067 finished with value: 1.142381191253662 and parameters: {'mlp_n_layers': 4, 'mlp_dim_00': 447, 'mlp_dim_01': 92, 'mlp_dim_02': 388, 'mlp_dim_03': 195, 'node_hidden_dim': 52, 'edge_hidden_dim': 118, 'depth': 4, 'rep_dropout': 0.054031436718655346, 'train_learning_rate': 0.0001593589438128149, 'train_lr_reduce': 0.6}. Best is trial 724 with value: 0.1670333594083786.
[I 2024-12-19 08:51:43,497] Trial 1069 finished with value: 1.1424856185913086 and parameters: {'mlp_n_layers': 4, 'mlp_dim_00': 450, 'mlp_dim_01': 203, 'mlp_dim_02': 395, 'mlp_dim_03': 287, 'node_hidden_dim': 59, 'edge_hidden_dim': 58, 'depth': 2, 'rep_dropout': 0.029701102230261907, 'train_learning_rate': 0.003253444565853157, 'train_lr_reduce': 0.6}. Best is trial 724 with value: 0.1670333594083786.
[I 2024-12-19 08:51:47,636] Trial 1070 finished with value: 1.1422460079193115 and parameters: {'mlp_n_layers': 4, 'mlp_dim_00': 281, 'mlp_dim_01': 479, 'mlp_dim_02': 393, 'mlp_dim_03': 115, 'node_hidden_dim': 73, 'edge_hidden_dim': 97, 'depth': 4, 'rep_dropout': 0.11589248350006545, 'train_learning_rate': 0.0004704696812780614, 'train_lr_reduce': 0.6}. Best is trial 724 with value: 0.1670333594083786.
[I 2024-12-19 08:51:52,007] Trial 1068 finished with value: 0.4297977089881897 and parameters: {'mlp_n_layers': 3, 'mlp_dim_00': 441, 'mlp_dim_01': 390, 'mlp_dim_02': 333, 'node_hidden_dim': 126, 'edge_hidden_dim': 41, 'depth': 2, 'rep_dropout': 0.05436511905467096, 'train_learning_rate': 0.007340046130240187, 'train_lr_reduce': 0.6}. Best is trial 724 with value: 0.1670333594083786.
[I 2024-12-19 08:51:54,194] Trial 1072 finished with value: 1.1434943675994873 and parameters: {'mlp_n_layers': 2, 'mlp_dim_00': 405, 'mlp_dim_01': 275, 'node_hidden_dim': 86, 'edge_hidden_dim': 93, 'depth': 4, 'rep_dropout': 0.007481121017214, 'train_learning_rate': 0.004633435912073484, 'train_lr_reduce': 0.6}. Best is trial 724 with value: 0.1670333594083786.
[I 2024-12-19 08:51:58,531] Trial 1071 finished with value: 0.6988523006439209 and parameters: {'mlp_n_layers': 3, 'mlp_dim_00': 408, 'mlp_dim_01': 119, 'mlp_dim_02': 337, 'node_hidden_dim': 124, 'edge_hidden_dim': 54, 'depth': 2, 'rep_dropout': 0.007420318756638003, 'train_learning_rate': 0.005914550501045674, 'train_lr_reduce': 0.6}. Best is trial 724 with value: 0.1670333594083786.
[I 2024-12-19 08:52:14,664] Trial 1073 finished with value: 0.6037780046463013 and parameters: {'mlp_n_layers': 3, 'mlp_dim_00': 484, 'mlp_dim_01': 393, 'mlp_dim_02': 404, 'node_hidden_dim': 103, 'edge_hidden_dim': 49, 'depth': 3, 'rep_dropout': 0.02659341800542108, 'train_learning_rate': 0.009067605945758863, 'train_lr_reduce': 0.6}. Best is trial 724 with value: 0.1670333594083786.
[I 2024-12-19 08:52:16,730] Trial 1074 finished with value: 0.34212929010391235 and parameters: {'mlp_n_layers': 4, 'mlp_dim_00': 511, 'mlp_dim_01': 397, 'mlp_dim_02': 409, 'mlp_dim_03': 178, 'node_hidden_dim': 83, 'edge_hidden_dim': 79, 'depth': 2, 'rep_dropout': 0.024030699502744106, 'train_learning_rate': 0.007014213473596656, 'train_lr_reduce': 0.6}. Best is trial 724 with value: 0.1670333594083786.
[I 2024-12-19 08:52:20,793] Trial 1076 finished with value: 1.1431626081466675 and parameters: {'mlp_n_layers': 3, 'mlp_dim_00': 400, 'mlp_dim_01': 362, 'mlp_dim_02': 343, 'node_hidden_dim': 113, 'edge_hidden_dim': 67, 'depth': 2, 'rep_dropout': 0.1320666570499788, 'train_learning_rate': 0.005151579001606526, 'train_lr_reduce': 0.6}. Best is trial 724 with value: 0.1670333594083786.
[I 2024-12-19 08:52:24,041] Trial 1075 finished with value: 0.41128844022750854 and parameters: {'mlp_n_layers': 3, 'mlp_dim_00': 346, 'mlp_dim_01': 165, 'mlp_dim_02': 399, 'node_hidden_dim': 125, 'edge_hidden_dim': 59, 'depth': 2, 'rep_dropout': 0.020354568284148937, 'train_learning_rate': 0.008437462316647392, 'train_lr_reduce': 0.6}. Best is trial 724 with value: 0.1670333594083786.
[I 2024-12-19 08:52:27,281] Trial 1078 finished with value: 1.1466739177703857 and parameters: {'mlp_n_layers': 4, 'mlp_dim_00': 443, 'mlp_dim_01': 392, 'mlp_dim_02': 353, 'mlp_dim_03': 244, 'node_hidden_dim': 102, 'edge_hidden_dim': 58, 'depth': 2, 'rep_dropout': 0.02348387003047724, 'train_learning_rate': 0.003938275907862932, 'train_lr_reduce': 0.6}. Best is trial 724 with value: 0.1670333594083786.
[I 2024-12-19 08:52:31,344] Trial 1079 finished with value: 1.1428894996643066 and parameters: {'mlp_n_layers': 4, 'mlp_dim_00': 490, 'mlp_dim_01': 425, 'mlp_dim_02': 408, 'mlp_dim_03': 306, 'node_hidden_dim': 81, 'edge_hidden_dim': 45, 'depth': 2, 'rep_dropout': 0.020143838753505332, 'train_learning_rate': 0.0059137010865389136, 'train_lr_reduce': 0.6}. Best is trial 724 with value: 0.1670333594083786.
[I 2024-12-19 08:52:34,952] Trial 1080 finished with value: 1.1465646028518677 and parameters: {'mlp_n_layers': 3, 'mlp_dim_00': 495, 'mlp_dim_01': 308, 'mlp_dim_02': 413, 'node_hidden_dim': 125, 'edge_hidden_dim': 62, 'depth': 3, 'rep_dropout': 0.030852646316906807, 'train_learning_rate': 0.008851367844870355, 'train_lr_reduce': 0.6}. Best is trial 724 with value: 0.1670333594083786.
[I 2024-12-19 08:52:38,006] Trial 1077 finished with value: 0.24120129644870758 and parameters: {'mlp_n_layers': 3, 'mlp_dim_00': 344, 'mlp_dim_01': 318, 'mlp_dim_02': 400, 'node_hidden_dim': 125, 'edge_hidden_dim': 47, 'depth': 2, 'rep_dropout': 0.13863915042587446, 'train_learning_rate': 0.004740442371265462, 'train_lr_reduce': 0.6}. Best is trial 724 with value: 0.1670333594083786.
[I 2024-12-19 08:52:40,558] Trial 1081 finished with value: 1.1430857181549072 and parameters: {'mlp_n_layers': 3, 'mlp_dim_00': 512, 'mlp_dim_01': 369, 'mlp_dim_02': 294, 'node_hidden_dim': 78, 'edge_hidden_dim': 64, 'depth': 2, 'rep_dropout': 0.0048252706751425525, 'train_learning_rate': 0.009966625327213015, 'train_lr_reduce': 0.6}. Best is trial 724 with value: 0.1670333594083786.
[I 2024-12-19 08:52:45,181] Trial 1083 finished with value: 1.1427732706069946 and parameters: {'mlp_n_layers': 3, 'mlp_dim_00': 399, 'mlp_dim_01': 231, 'mlp_dim_02': 415, 'node_hidden_dim': 128, 'edge_hidden_dim': 52, 'depth': 2, 'rep_dropout': 0.043308225590937666, 'train_learning_rate': 0.005156177823537205, 'train_lr_reduce': 0.6}. Best is trial 724 with value: 0.1670333594083786.
[I 2024-12-19 08:52:47,690] Trial 1084 finished with value: 1.1422855854034424 and parameters: {'mlp_n_layers': 3, 'mlp_dim_00': 361, 'mlp_dim_01': 317, 'mlp_dim_02': 413, 'node_hidden_dim': 115, 'edge_hidden_dim': 89, 'depth': 2, 'rep_dropout': 0.07204408693368336, 'train_learning_rate': 0.0016953651705408504, 'train_lr_reduce': 0.6}. Best is trial 724 with value: 0.1670333594083786.
[I 2024-12-19 08:52:47,743] Trial 1082 finished with value: 0.7145952582359314 and parameters: {'mlp_n_layers': 3, 'mlp_dim_00': 412, 'mlp_dim_01': 189, 'mlp_dim_02': 359, 'node_hidden_dim': 115, 'edge_hidden_dim': 96, 'depth': 2, 'rep_dropout': 0.0022251401138188506, 'train_learning_rate': 0.006202600403640821, 'train_lr_reduce': 0.6}. Best is trial 724 with value: 0.1670333594083786.
