[I 2024-12-20 00:53:07,839] Trial 1440 finished with value: 0.4341133236885071 and parameters: {'mlp_n_layers': 4, 'mlp_dim_00': 255, 'mlp_dim_01': 392, 'mlp_dim_02': 419, 'mlp_dim_03': 276, 'node_hidden_dim': 125, 'edge_hidden_dim': 43, 'depth': 1, 'rep_dropout': 0.047102387897191705, 'train_learning_rate': 0.006009592981470413, 'train_lr_reduce': 0.6}. Best is trial 558 with value: 0.30280801653862.
[I 2024-12-20 00:53:08,517] Trial 1441 finished with value: 1.5016952753067017 and parameters: {'mlp_n_layers': 4, 'mlp_dim_00': 83, 'mlp_dim_01': 338, 'mlp_dim_02': 430, 'mlp_dim_03': 215, 'node_hidden_dim': 111, 'edge_hidden_dim': 32, 'depth': 1, 'rep_dropout': 0.022952778733461673, 'train_learning_rate': 0.001815613875908806, 'train_lr_reduce': 0.6}. Best is trial 558 with value: 0.30280801653862.
[I 2024-12-20 00:53:15,447] Trial 1435 finished with value: 0.3630710244178772 and parameters: {'mlp_n_layers': 4, 'mlp_dim_00': 411, 'mlp_dim_01': 151, 'mlp_dim_02': 475, 'mlp_dim_03': 277, 'node_hidden_dim': 104, 'edge_hidden_dim': 60, 'depth': 1, 'rep_dropout': 0.0048258866257803144, 'train_learning_rate': 0.0020673719471251853, 'train_lr_reduce': 0.6}. Best is trial 558 with value: 0.30280801653862.
[I 2024-12-20 00:53:15,495] Trial 1443 finished with value: 1.2500543594360352 and parameters: {'mlp_n_layers': 4, 'mlp_dim_00': 238, 'mlp_dim_01': 365, 'mlp_dim_02': 401, 'mlp_dim_03': 306, 'node_hidden_dim': 126, 'edge_hidden_dim': 37, 'depth': 1, 'rep_dropout': 0.038817743835134276, 'train_learning_rate': 0.0021607670281883623, 'train_lr_reduce': 0.6}. Best is trial 558 with value: 0.30280801653862.
[I 2024-12-20 00:53:19,821] Trial 1444 finished with value: 1.5161758661270142 and parameters: {'mlp_n_layers': 1, 'mlp_dim_00': 376, 'node_hidden_dim': 112, 'edge_hidden_dim': 93, 'depth': 1, 'rep_dropout': 0.14721747910569966, 'train_learning_rate': 0.0002127902197201045, 'train_lr_reduce': 0.6}. Best is trial 558 with value: 0.30280801653862.
[I 2024-12-20 00:53:19,824] Trial 1445 finished with value: 1.4310548305511475 and parameters: {'mlp_n_layers': 1, 'mlp_dim_00': 445, 'node_hidden_dim': 41, 'edge_hidden_dim': 107, 'depth': 3, 'rep_dropout': 0.12096045143888134, 'train_learning_rate': 0.0005915454871361598, 'train_lr_reduce': 0.6}. Best is trial 558 with value: 0.30280801653862.
[I 2024-12-20 00:53:22,845] Trial 1442 finished with value: 0.32333844900131226 and parameters: {'mlp_n_layers': 4, 'mlp_dim_00': 419, 'mlp_dim_01': 445, 'mlp_dim_02': 473, 'mlp_dim_03': 320, 'node_hidden_dim': 113, 'edge_hidden_dim': 40, 'depth': 2, 'rep_dropout': 0.006649701154753537, 'train_learning_rate': 0.004429602860833021, 'train_lr_reduce': 0.6}. Best is trial 558 with value: 0.30280801653862.
[I 2024-12-20 00:53:25,138] Trial 1447 finished with value: 1.3103446960449219 and parameters: {'mlp_n_layers': 1, 'mlp_dim_00': 438, 'node_hidden_dim': 103, 'edge_hidden_dim': 39, 'depth': 2, 'rep_dropout': 0.13993261785509034, 'train_learning_rate': 0.0073913305423726336, 'train_lr_reduce': 0.6}. Best is trial 558 with value: 0.30280801653862.
[I 2024-12-20 00:53:27,467] Trial 1448 finished with value: 1.330254077911377 and parameters: {'mlp_n_layers': 4, 'mlp_dim_00': 406, 'mlp_dim_01': 482, 'mlp_dim_02': 506, 'mlp_dim_03': 323, 'node_hidden_dim': 116, 'edge_hidden_dim': 57, 'depth': 2, 'rep_dropout': 0.028335772069826518, 'train_learning_rate': 0.004129794575513478, 'train_lr_reduce': 0.6}. Best is trial 558 with value: 0.30280801653862.
[I 2024-12-20 00:53:28,819] Trial 1449 finished with value: 1.3720203638076782 and parameters: {'mlp_n_layers': 1, 'mlp_dim_00': 371, 'node_hidden_dim': 122, 'edge_hidden_dim': 75, 'depth': 2, 'rep_dropout': 0.13057548117473317, 'train_learning_rate': 0.001099970287621132, 'train_lr_reduce': 0.6}. Best is trial 558 with value: 0.30280801653862.
[I 2024-12-20 00:53:31,651] Trial 1450 finished with value: 1.4275920391082764 and parameters: {'mlp_n_layers': 4, 'mlp_dim_00': 390, 'mlp_dim_01': 465, 'mlp_dim_02': 491, 'mlp_dim_03': 313, 'node_hidden_dim': 117, 'edge_hidden_dim': 52, 'depth': 2, 'rep_dropout': 0.0031602525559073433, 'train_learning_rate': 0.002045269603820387, 'train_lr_reduce': 0.6}. Best is trial 558 with value: 0.30280801653862.
[I 2024-12-20 00:53:33,123] Trial 1446 finished with value: 0.41527071595191956 and parameters: {'mlp_n_layers': 4, 'mlp_dim_00': 181, 'mlp_dim_01': 400, 'mlp_dim_02': 436, 'mlp_dim_03': 267, 'node_hidden_dim': 102, 'edge_hidden_dim': 38, 'depth': 1, 'rep_dropout': 0.03842498173096336, 'train_learning_rate': 0.0016931702504688702, 'train_lr_reduce': 0.6}. Best is trial 558 with value: 0.30280801653862.
[I 2024-12-20 00:53:33,152] Trial 1451 finished with value: 1.4179978370666504 and parameters: {'mlp_n_layers': 3, 'mlp_dim_00': 413, 'mlp_dim_01': 455, 'mlp_dim_02': 509, 'node_hidden_dim': 104, 'edge_hidden_dim': 41, 'depth': 2, 'rep_dropout': 0.006246462166516146, 'train_learning_rate': 0.004945355776010673, 'train_lr_reduce': 0.6}. Best is trial 558 with value: 0.30280801653862.
[I 2024-12-20 00:53:37,412] Trial 1453 finished with value: 1.4046459197998047 and parameters: {'mlp_n_layers': 3, 'mlp_dim_00': 504, 'mlp_dim_01': 484, 'mlp_dim_02': 467, 'node_hidden_dim': 93, 'edge_hidden_dim': 32, 'depth': 3, 'rep_dropout': 0.13935975614075774, 'train_learning_rate': 0.001601438402103274, 'train_lr_reduce': 0.6}. Best is trial 558 with value: 0.30280801653862.
[I 2024-12-20 00:53:38,266] Trial 1454 finished with value: 1.5876456499099731 and parameters: {'mlp_n_layers': 4, 'mlp_dim_00': 506, 'mlp_dim_01': 482, 'mlp_dim_02': 486, 'mlp_dim_03': 341, 'node_hidden_dim': 58, 'edge_hidden_dim': 63, 'depth': 2, 'rep_dropout': 0.08236250931046406, 'train_learning_rate': 0.00012422616352456177, 'train_lr_reduce': 0.6}. Best is trial 558 with value: 0.30280801653862.
[I 2024-12-20 00:53:42,758] Trial 1456 finished with value: 1.4547843933105469 and parameters: {'mlp_n_layers': 4, 'mlp_dim_00': 377, 'mlp_dim_01': 434, 'mlp_dim_02': 471, 'mlp_dim_03': 294, 'node_hidden_dim': 107, 'edge_hidden_dim': 32, 'depth': 2, 'rep_dropout': 0.004683061064941383, 'train_learning_rate': 0.001476714853897295, 'train_lr_reduce': 0.6}. Best is trial 558 with value: 0.30280801653862.
[I 2024-12-20 00:53:45,620] Trial 1455 finished with value: 1.2147527933120728 and parameters: {'mlp_n_layers': 4, 'mlp_dim_00': 434, 'mlp_dim_01': 454, 'mlp_dim_02': 498, 'mlp_dim_03': 309, 'node_hidden_dim': 104, 'edge_hidden_dim': 34, 'depth': 2, 'rep_dropout': 0.023562189371491855, 'train_learning_rate': 0.00244916650266186, 'train_lr_reduce': 0.6}. Best is trial 558 with value: 0.30280801653862.
[I 2024-12-20 00:53:46,470] Trial 1457 finished with value: 1.3842743635177612 and parameters: {'mlp_n_layers': 4, 'mlp_dim_00': 394, 'mlp_dim_01': 448, 'mlp_dim_02': 468, 'mlp_dim_03': 341, 'node_hidden_dim': 123, 'edge_hidden_dim': 46, 'depth': 2, 'rep_dropout': 0.02480423673078926, 'train_learning_rate': 0.005068660298919191, 'train_lr_reduce': 0.6}. Best is trial 558 with value: 0.30280801653862.
[I 2024-12-20 00:53:49,630] Trial 1452 finished with value: 0.3703491687774658 and parameters: {'mlp_n_layers': 4, 'mlp_dim_00': 189, 'mlp_dim_01': 476, 'mlp_dim_02': 470, 'mlp_dim_03': 326, 'node_hidden_dim': 103, 'edge_hidden_dim': 34, 'depth': 1, 'rep_dropout': 0.02010948933409039, 'train_learning_rate': 0.002191723008638893, 'train_lr_reduce': 0.6}. Best is trial 558 with value: 0.30280801653862.
[I 2024-12-20 00:53:50,934] Trial 1459 finished with value: 1.325498104095459 and parameters: {'mlp_n_layers': 4, 'mlp_dim_00': 241, 'mlp_dim_01': 437, 'mlp_dim_02': 470, 'mlp_dim_03': 273, 'node_hidden_dim': 125, 'edge_hidden_dim': 116, 'depth': 4, 'rep_dropout': 0.005905170331894985, 'train_learning_rate': 0.003255080517449322, 'train_lr_reduce': 0.6}. Best is trial 558 with value: 0.30280801653862.
[I 2024-12-20 00:53:57,330] Trial 1458 finished with value: 0.44201937317848206 and parameters: {'mlp_n_layers': 4, 'mlp_dim_00': 448, 'mlp_dim_01': 512, 'mlp_dim_02': 479, 'mlp_dim_03': 352, 'node_hidden_dim': 107, 'edge_hidden_dim': 52, 'depth': 1, 'rep_dropout': 0.02651461148144106, 'train_learning_rate': 0.0030161796713325567, 'train_lr_reduce': 0.6}. Best is trial 558 with value: 0.30280801653862.
[I 2024-12-20 00:53:57,500] Trial 1460 finished with value: 0.5930190682411194 and parameters: {'mlp_n_layers': 4, 'mlp_dim_00': 440, 'mlp_dim_01': 448, 'mlp_dim_02': 507, 'mlp_dim_03': 285, 'node_hidden_dim': 111, 'edge_hidden_dim': 49, 'depth': 1, 'rep_dropout': 0.008176482370329797, 'train_learning_rate': 0.002359723389007792, 'train_lr_reduce': 0.6}. Best is trial 558 with value: 0.30280801653862.
[I 2024-12-20 00:54:01,478] Trial 1462 finished with value: 1.3213955163955688 and parameters: {'mlp_n_layers': 4, 'mlp_dim_00': 116, 'mlp_dim_01': 453, 'mlp_dim_02': 448, 'mlp_dim_03': 329, 'node_hidden_dim': 92, 'edge_hidden_dim': 46, 'depth': 2, 'rep_dropout': 0.04894593605196764, 'train_learning_rate': 0.006199590108520951, 'train_lr_reduce': 0.6}. Best is trial 558 with value: 0.30280801653862.
[I 2024-12-20 00:54:02,932] Trial 1461 finished with value: 0.43903782963752747 and parameters: {'mlp_n_layers': 3, 'mlp_dim_00': 470, 'mlp_dim_01': 146, 'mlp_dim_02': 466, 'node_hidden_dim': 112, 'edge_hidden_dim': 40, 'depth': 1, 'rep_dropout': 0.00617919671788418, 'train_learning_rate': 0.007716177363429705, 'train_lr_reduce': 0.6}. Best is trial 558 with value: 0.30280801653862.
[I 2024-12-20 00:54:10,304] Trial 1464 finished with value: 1.328203797340393 and parameters: {'mlp_n_layers': 4, 'mlp_dim_00': 106, 'mlp_dim_01': 311, 'mlp_dim_02': 459, 'mlp_dim_03': 308, 'node_hidden_dim': 44, 'edge_hidden_dim': 74, 'depth': 4, 'rep_dropout': 0.07189176118604974, 'train_learning_rate': 0.0043368012632476445, 'train_lr_reduce': 0.6}. Best is trial 558 with value: 0.30280801653862.
[I 2024-12-20 00:54:13,184] Trial 1463 finished with value: 0.34453096985816956 and parameters: {'mlp_n_layers': 4, 'mlp_dim_00': 381, 'mlp_dim_01': 439, 'mlp_dim_02': 437, 'mlp_dim_03': 365, 'node_hidden_dim': 127, 'edge_hidden_dim': 34, 'depth': 1, 'rep_dropout': 0.00810650559801734, 'train_learning_rate': 0.001563313855721502, 'train_lr_reduce': 0.6}. Best is trial 558 with value: 0.30280801653862.
[I 2024-12-20 00:54:14,188] Trial 1466 finished with value: 1.3838906288146973 and parameters: {'mlp_n_layers': 4, 'mlp_dim_00': 228, 'mlp_dim_01': 512, 'mlp_dim_02': 453, 'mlp_dim_03': 397, 'node_hidden_dim': 48, 'edge_hidden_dim': 33, 'depth': 1, 'rep_dropout': 0.1117504117074563, 'train_learning_rate': 0.0023924978978154664, 'train_lr_reduce': 0.6}. Best is trial 558 with value: 0.30280801653862.
[I 2024-12-20 00:54:14,756] Trial 1465 finished with value: 0.3534473478794098 and parameters: {'mlp_n_layers': 4, 'mlp_dim_00': 403, 'mlp_dim_01': 125, 'mlp_dim_02': 447, 'mlp_dim_03': 262, 'node_hidden_dim': 115, 'edge_hidden_dim': 50, 'depth': 3, 'rep_dropout': 0.01940176181647526, 'train_learning_rate': 0.009368340911543776, 'train_lr_reduce': 0.6}. Best is trial 558 with value: 0.30280801653862.
[I 2024-12-20 00:54:17,326] Trial 1467 finished with value: 1.2973182201385498 and parameters: {'mlp_n_layers': 4, 'mlp_dim_00': 463, 'mlp_dim_01': 178, 'mlp_dim_02': 511, 'mlp_dim_03': 318, 'node_hidden_dim': 113, 'edge_hidden_dim': 53, 'depth': 2, 'rep_dropout': 0.030572472002243205, 'train_learning_rate': 0.0053464601212157925, 'train_lr_reduce': 0.6}. Best is trial 558 with value: 0.30280801653862.
[I 2024-12-20 00:54:19,430] Trial 1469 finished with value: 1.326846718788147 and parameters: {'mlp_n_layers': 4, 'mlp_dim_00': 421, 'mlp_dim_01': 472, 'mlp_dim_02': 472, 'mlp_dim_03': 234, 'node_hidden_dim': 123, 'edge_hidden_dim': 49, 'depth': 2, 'rep_dropout': 0.0034013942366177066, 'train_learning_rate': 0.006576027657435793, 'train_lr_reduce': 0.6}. Best is trial 558 with value: 0.30280801653862.
[I 2024-12-20 00:54:21,401] Trial 1470 finished with value: 1.492819905281067 and parameters: {'mlp_n_layers': 4, 'mlp_dim_00': 234, 'mlp_dim_01': 311, 'mlp_dim_02': 427, 'mlp_dim_03': 284, 'node_hidden_dim': 125, 'edge_hidden_dim': 46, 'depth': 1, 'rep_dropout': 0.004100445301451476, 'train_learning_rate': 0.0014525576247657421, 'train_lr_reduce': 0.6}. Best is trial 558 with value: 0.30280801653862.
[I 2024-12-20 00:54:27,033] Trial 1472 finished with value: 1.4853633642196655 and parameters: {'mlp_n_layers': 3, 'mlp_dim_00': 453, 'mlp_dim_01': 327, 'mlp_dim_02': 511, 'node_hidden_dim': 109, 'edge_hidden_dim': 50, 'depth': 3, 'rep_dropout': 0.01706616828800544, 'train_learning_rate': 0.005330228252492375, 'train_lr_reduce': 0.6}. Best is trial 558 with value: 0.30280801653862.
[I 2024-12-20 00:54:31,702] Trial 1473 finished with value: 1.3570818901062012 and parameters: {'mlp_n_layers': 4, 'mlp_dim_00': 424, 'mlp_dim_01': 428, 'mlp_dim_02': 421, 'mlp_dim_03': 320, 'node_hidden_dim': 117, 'edge_hidden_dim': 41, 'depth': 3, 'rep_dropout': 0.017289195492685705, 'train_learning_rate': 0.0026494134117569373, 'train_lr_reduce': 0.6}. Best is trial 558 with value: 0.30280801653862.
[I 2024-12-20 00:54:33,880] Trial 1468 finished with value: 0.3799196779727936 and parameters: {'mlp_n_layers': 4, 'mlp_dim_00': 281, 'mlp_dim_01': 440, 'mlp_dim_02': 446, 'mlp_dim_03': 354, 'node_hidden_dim': 102, 'edge_hidden_dim': 38, 'depth': 1, 'rep_dropout': 0.0002643748119321998, 'train_learning_rate': 0.00198064420059644, 'train_lr_reduce': 0.6}. Best is trial 558 with value: 0.30280801653862.
[I 2024-12-20 00:54:35,447] Trial 1474 finished with value: 1.5056724548339844 and parameters: {'mlp_n_layers': 4, 'mlp_dim_00': 432, 'mlp_dim_01': 147, 'mlp_dim_02': 470, 'mlp_dim_03': 254, 'node_hidden_dim': 103, 'edge_hidden_dim': 39, 'depth': 1, 'rep_dropout': 0.0019892308287284915, 'train_learning_rate': 0.0014289126293825253, 'train_lr_reduce': 0.6}. Best is trial 558 with value: 0.30280801653862.
[I 2024-12-20 00:54:36,440] Trial 1471 finished with value: 0.3202221989631653 and parameters: {'mlp_n_layers': 4, 'mlp_dim_00': 260, 'mlp_dim_01': 416, 'mlp_dim_02': 433, 'mlp_dim_03': 379, 'node_hidden_dim': 105, 'edge_hidden_dim': 34, 'depth': 1, 'rep_dropout': 0.039174650545424766, 'train_learning_rate': 0.0012521005139135843, 'train_lr_reduce': 0.6}. Best is trial 558 with value: 0.30280801653862.
[I 2024-12-20 00:54:39,743] Trial 1476 finished with value: 1.5464835166931152 and parameters: {'mlp_n_layers': 4, 'mlp_dim_00': 424, 'mlp_dim_01': 303, 'mlp_dim_02': 433, 'mlp_dim_03': 338, 'node_hidden_dim': 120, 'edge_hidden_dim': 33, 'depth': 2, 'rep_dropout': 0.00652328010029132, 'train_learning_rate': 0.0015591044398327457, 'train_lr_reduce': 0.6}. Best is trial 558 with value: 0.30280801653862.
[I 2024-12-20 00:54:40,222] Trial 1477 finished with value: 1.5366382598876953 and parameters: {'mlp_n_layers': 4, 'mlp_dim_00': 270, 'mlp_dim_01': 480, 'mlp_dim_02': 389, 'mlp_dim_03': 400, 'node_hidden_dim': 108, 'edge_hidden_dim': 43, 'depth': 1, 'rep_dropout': 0.0669146020316776, 'train_learning_rate': 0.0012426314126146496, 'train_lr_reduce': 0.6}. Best is trial 558 with value: 0.30280801653862.
[I 2024-12-20 00:54:43,922] Trial 1479 finished with value: 1.3778705596923828 and parameters: {'mlp_n_layers': 4, 'mlp_dim_00': 311, 'mlp_dim_01': 414, 'mlp_dim_02': 430, 'mlp_dim_03': 409, 'node_hidden_dim': 120, 'edge_hidden_dim': 36, 'depth': 2, 'rep_dropout': 0.008760380304402269, 'train_learning_rate': 0.005182807086494871, 'train_lr_reduce': 0.6}. Best is trial 558 with value: 0.30280801653862.
[I 2024-12-20 00:54:43,947] Trial 1478 finished with value: 1.5665581226348877 and parameters: {'mlp_n_layers': 3, 'mlp_dim_00': 158, 'mlp_dim_01': 453, 'mlp_dim_02': 402, 'node_hidden_dim': 54, 'edge_hidden_dim': 106, 'depth': 1, 'rep_dropout': 0.10933793187758467, 'train_learning_rate': 0.00033792183712366426, 'train_lr_reduce': 0.6}. Best is trial 558 with value: 0.30280801653862.
[I 2024-12-20 00:54:48,228] Trial 1480 finished with value: 1.3302981853485107 and parameters: {'mlp_n_layers': 4, 'mlp_dim_00': 215, 'mlp_dim_01': 426, 'mlp_dim_02': 379, 'mlp_dim_03': 435, 'node_hidden_dim': 94, 'edge_hidden_dim': 39, 'depth': 2, 'rep_dropout': 0.050849661228149684, 'train_learning_rate': 0.0034247449465646556, 'train_lr_reduce': 0.6}. Best is trial 558 with value: 0.30280801653862.
[I 2024-12-20 00:54:53,165] Trial 1482 finished with value: 1.2839304208755493 and parameters: {'mlp_n_layers': 4, 'mlp_dim_00': 481, 'mlp_dim_01': 203, 'mlp_dim_02': 453, 'mlp_dim_03': 379, 'node_hidden_dim': 117, 'edge_hidden_dim': 44, 'depth': 2, 'rep_dropout': 0.00827105502485722, 'train_learning_rate': 0.005188976527410224, 'train_lr_reduce': 0.6}. Best is trial 558 with value: 0.30280801653862.
[I 2024-12-20 00:55:08,721] Trial 1475 finished with value: 0.40370142459869385 and parameters: {'mlp_n_layers': 4, 'mlp_dim_00': 174, 'mlp_dim_01': 333, 'mlp_dim_02': 405, 'mlp_dim_03': 410, 'node_hidden_dim': 95, 'edge_hidden_dim': 56, 'depth': 1, 'rep_dropout': 0.0475474658470428, 'train_learning_rate': 0.0027771332624223796, 'train_lr_reduce': 0.6}. Best is trial 558 with value: 0.30280801653862.
[I 2024-12-20 00:55:13,176] Trial 1481 finished with value: 0.36638620495796204 and parameters: {'mlp_n_layers': 4, 'mlp_dim_00': 239, 'mlp_dim_01': 424, 'mlp_dim_02': 390, 'mlp_dim_03': 394, 'node_hidden_dim': 106, 'edge_hidden_dim': 34, 'depth': 1, 'rep_dropout': 0.014657341191568668, 'train_learning_rate': 0.0011303456967193932, 'train_lr_reduce': 0.6}. Best is trial 558 with value: 0.30280801653862.
[I 2024-12-20 00:55:18,428] Trial 1485 finished with value: 1.3060201406478882 and parameters: {'mlp_n_layers': 4, 'mlp_dim_00': 356, 'mlp_dim_01': 483, 'mlp_dim_02': 385, 'mlp_dim_03': 390, 'node_hidden_dim': 102, 'edge_hidden_dim': 44, 'depth': 2, 'rep_dropout': 0.02048456394428165, 'train_learning_rate': 0.0041116030958363555, 'train_lr_reduce': 0.6}. Best is trial 558 with value: 0.30280801653862.
[I 2024-12-20 00:55:21,124] Trial 1483 finished with value: 0.42260828614234924 and parameters: {'mlp_n_layers': 4, 'mlp_dim_00': 251, 'mlp_dim_01': 359, 'mlp_dim_02': 473, 'mlp_dim_03': 432, 'node_hidden_dim': 99, 'edge_hidden_dim': 33, 'depth': 1, 'rep_dropout': 0.04002914888992453, 'train_learning_rate': 0.001984304055173573, 'train_lr_reduce': 0.6}. Best is trial 558 with value: 0.30280801653862.
[I 2024-12-20 00:55:22,803] Trial 1486 finished with value: 1.5604356527328491 and parameters: {'mlp_n_layers': 4, 'mlp_dim_00': 258, 'mlp_dim_01': 325, 'mlp_dim_02': 418, 'mlp_dim_03': 376, 'node_hidden_dim': 112, 'edge_hidden_dim': 42, 'depth': 2, 'rep_dropout': 0.02716621556137108, 'train_learning_rate': 0.0010648139462904754, 'train_lr_reduce': 0.6}. Best is trial 558 with value: 0.30280801653862.
[I 2024-12-20 00:55:25,159] Trial 1487 finished with value: 1.5684247016906738 and parameters: {'mlp_n_layers': 2, 'mlp_dim_00': 65, 'mlp_dim_01': 374, 'node_hidden_dim': 66, 'edge_hidden_dim': 36, 'depth': 2, 'rep_dropout': 0.016498416584627543, 'train_learning_rate': 0.00037007171712993045, 'train_lr_reduce': 0.6}. Best is trial 558 with value: 0.30280801653862.
[I 2024-12-20 00:55:29,021] Trial 1489 finished with value: 1.5257920026779175 and parameters: {'mlp_n_layers': 4, 'mlp_dim_00': 201, 'mlp_dim_01': 306, 'mlp_dim_02': 376, 'mlp_dim_03': 472, 'node_hidden_dim': 108, 'edge_hidden_dim': 53, 'depth': 1, 'rep_dropout': 0.031683662797833176, 'train_learning_rate': 0.001541692289280091, 'train_lr_reduce': 0.6}. Best is trial 558 with value: 0.30280801653862.
[I 2024-12-20 00:55:30,038] Trial 1484 finished with value: 0.37498679757118225 and parameters: {'mlp_n_layers': 4, 'mlp_dim_00': 202, 'mlp_dim_01': 177, 'mlp_dim_02': 420, 'mlp_dim_03': 380, 'node_hidden_dim': 117, 'edge_hidden_dim': 32, 'depth': 1, 'rep_dropout': 0.014056392366802652, 'train_learning_rate': 0.0012110929701570588, 'train_lr_reduce': 0.6}. Best is trial 558 with value: 0.30280801653862.
[I 2024-12-20 00:55:33,062] Trial 1490 finished with value: 1.57505464553833 and parameters: {'mlp_n_layers': 4, 'mlp_dim_00': 269, 'mlp_dim_01': 406, 'mlp_dim_02': 435, 'mlp_dim_03': 384, 'node_hidden_dim': 107, 'edge_hidden_dim': 34, 'depth': 1, 'rep_dropout': 0.049920787384610824, 'train_learning_rate': 0.0004378144631177979, 'train_lr_reduce': 0.6}. Best is trial 558 with value: 0.30280801653862.
[I 2024-12-20 00:55:37,024] Trial 1492 finished with value: 1.3064079284667969 and parameters: {'mlp_n_layers': 3, 'mlp_dim_00': 390, 'mlp_dim_01': 446, 'mlp_dim_02': 376, 'node_hidden_dim': 112, 'edge_hidden_dim': 42, 'depth': 2, 'rep_dropout': 0.005570761535133713, 'train_learning_rate': 0.004560364182315259, 'train_lr_reduce': 0.6}. Best is trial 558 with value: 0.30280801653862.
[I 2024-12-20 00:55:38,852] Trial 1488 finished with value: 0.4018302857875824 and parameters: {'mlp_n_layers': 4, 'mlp_dim_00': 221, 'mlp_dim_01': 114, 'mlp_dim_02': 464, 'mlp_dim_03': 438, 'node_hidden_dim': 92, 'edge_hidden_dim': 53, 'depth': 1, 'rep_dropout': 0.03589838555648388, 'train_learning_rate': 0.0011828506769724042, 'train_lr_reduce': 0.6}. Best is trial 558 with value: 0.30280801653862.
[I 2024-12-20 00:55:42,493] Trial 1493 finished with value: 1.433483362197876 and parameters: {'mlp_n_layers': 3, 'mlp_dim_00': 416, 'mlp_dim_01': 182, 'mlp_dim_02': 420, 'node_hidden_dim': 107, 'edge_hidden_dim': 82, 'depth': 2, 'rep_dropout': 0.004097921910348787, 'train_learning_rate': 0.009770784952384018, 'train_lr_reduce': 0.6}. Best is trial 558 with value: 0.30280801653862.
[I 2024-12-20 00:55:42,764] Trial 1494 finished with value: 1.5554924011230469 and parameters: {'mlp_n_layers': 4, 'mlp_dim_00': 192, 'mlp_dim_01': 395, 'mlp_dim_02': 511, 'mlp_dim_03': 423, 'node_hidden_dim': 124, 'edge_hidden_dim': 42, 'depth': 1, 'rep_dropout': 0.06104900606357366, 'train_learning_rate': 0.0008374294114147587, 'train_lr_reduce': 0.6}. Best is trial 558 with value: 0.30280801653862.
