[I 2024-12-15 17:17:19,553] Trial 2159 finished with value: 0.1734190732240677 and parameters: {'mlp_n_layers': 3, 'mlp_dim_00': 48, 'mlp_dim_01': 112, 'mlp_dim_02': 80, 'hidden_channels': 176, 'num_layers': 1, 'num_timesteps': 4, 'dropout': 0.03559094404164987, 'train_learning_rate': 0.002485806419989658, 'train_lr_reduce': 0.6}. Best is trial 2056 with value: 0.13246719539165497.
[I 2024-12-15 17:17:23,822] Trial 2161 finished with value: 0.14776045083999634 and parameters: {'mlp_n_layers': 3, 'mlp_dim_00': 64, 'mlp_dim_01': 176, 'mlp_dim_02': 32, 'hidden_channels': 192, 'num_layers': 1, 'num_timesteps': 4, 'dropout': 0.043831359574136544, 'train_learning_rate': 0.003841575204047362, 'train_lr_reduce': 0.6}. Best is trial 2056 with value: 0.13246719539165497.
[I 2024-12-15 17:17:30,571] Trial 2162 finished with value: 0.18622425198554993 and parameters: {'mlp_n_layers': 3, 'mlp_dim_00': 96, 'mlp_dim_01': 144, 'mlp_dim_02': 64, 'hidden_channels': 208, 'num_layers': 1, 'num_timesteps': 3, 'dropout': 0.0005372147815466168, 'train_learning_rate': 0.0017454518990872448, 'train_lr_reduce': 0.6}. Best is trial 2056 with value: 0.13246719539165497.
[I 2024-12-15 17:17:32,528] Trial 2164 finished with value: 0.19947463274002075 and parameters: {'mlp_n_layers': 4, 'mlp_dim_00': 80, 'mlp_dim_01': 144, 'mlp_dim_02': 48, 'mlp_dim_03': 48, 'hidden_channels': 176, 'num_layers': 2, 'num_timesteps': 4, 'dropout': 0.04841310422708377, 'train_learning_rate': 0.00840219226200667, 'train_lr_reduce': 0.6}. Best is trial 2056 with value: 0.13246719539165497.
[I 2024-12-15 17:17:37,046] Trial 2165 finished with value: 0.22590398788452148 and parameters: {'mlp_n_layers': 4, 'mlp_dim_00': 80, 'mlp_dim_01': 160, 'mlp_dim_02': 80, 'mlp_dim_03': 80, 'hidden_channels': 240, 'num_layers': 1, 'num_timesteps': 4, 'dropout': 0.02604136532925858, 'train_learning_rate': 0.009443465101173058, 'train_lr_reduce': 0.6}. Best is trial 2056 with value: 0.13246719539165497.
[I 2024-12-15 17:17:37,581] Trial 2163 finished with value: 0.14691443741321564 and parameters: {'mlp_n_layers': 4, 'mlp_dim_00': 32, 'mlp_dim_01': 224, 'mlp_dim_02': 96, 'mlp_dim_03': 80, 'hidden_channels': 208, 'num_layers': 2, 'num_timesteps': 4, 'dropout': 0.0025600634979486437, 'train_learning_rate': 0.006594137699428361, 'train_lr_reduce': 0.6}. Best is trial 2056 with value: 0.13246719539165497.
[I 2024-12-15 17:17:42,377] Trial 2166 finished with value: 0.19395610690116882 and parameters: {'mlp_n_layers': 2, 'mlp_dim_00': 96, 'mlp_dim_01': 256, 'hidden_channels': 112, 'num_layers': 1, 'num_timesteps': 4, 'dropout': 0.08017014761251952, 'train_learning_rate': 0.0024970175085425703, 'train_lr_reduce': 0.6}. Best is trial 2056 with value: 0.13246719539165497.
[I 2024-12-15 17:17:45,937] Trial 2168 finished with value: 0.2197376936674118 and parameters: {'mlp_n_layers': 3, 'mlp_dim_00': 32, 'mlp_dim_01': 208, 'mlp_dim_02': 96, 'hidden_channels': 192, 'num_layers': 2, 'num_timesteps': 3, 'dropout': 0.005231926764895121, 'train_learning_rate': 0.006773377888858286, 'train_lr_reduce': 0.6}. Best is trial 2056 with value: 0.13246719539165497.
[I 2024-12-15 17:17:53,114] Trial 2167 finished with value: 0.19028563797473907 and parameters: {'mlp_n_layers': 4, 'mlp_dim_00': 32, 'mlp_dim_01': 224, 'mlp_dim_02': 112, 'mlp_dim_03': 64, 'hidden_channels': 208, 'num_layers': 1, 'num_timesteps': 4, 'dropout': 0.024031975385978645, 'train_learning_rate': 0.005628388160095792, 'train_lr_reduce': 0.6}. Best is trial 2056 with value: 0.13246719539165497.
[I 2024-12-15 17:18:02,475] Trial 2170 finished with value: 0.23076507449150085 and parameters: {'mlp_n_layers': 2, 'mlp_dim_00': 112, 'mlp_dim_01': 224, 'hidden_channels': 160, 'num_layers': 2, 'num_timesteps': 3, 'dropout': 0.005888164291714348, 'train_learning_rate': 0.002432685895229944, 'train_lr_reduce': 0.6}. Best is trial 2056 with value: 0.13246719539165497.
[I 2024-12-15 17:18:06,156] Trial 2169 finished with value: 0.1809970885515213 and parameters: {'mlp_n_layers': 4, 'mlp_dim_00': 64, 'mlp_dim_01': 240, 'mlp_dim_02': 112, 'mlp_dim_03': 48, 'hidden_channels': 192, 'num_layers': 1, 'num_timesteps': 4, 'dropout': 0.013263362566719668, 'train_learning_rate': 0.005474435842458971, 'train_lr_reduce': 0.6}. Best is trial 2056 with value: 0.13246719539165497.
[I 2024-12-15 17:18:10,115] Trial 2171 finished with value: 0.18233497440814972 and parameters: {'mlp_n_layers': 2, 'mlp_dim_00': 96, 'mlp_dim_01': 224, 'hidden_channels': 144, 'num_layers': 1, 'num_timesteps': 4, 'dropout': 0.019603823493658627, 'train_learning_rate': 0.002744388202615044, 'train_lr_reduce': 0.6}. Best is trial 2056 with value: 0.13246719539165497.
[I 2024-12-15 17:18:13,219] Trial 2172 finished with value: 0.19063694775104523 and parameters: {'mlp_n_layers': 3, 'mlp_dim_00': 32, 'mlp_dim_01': 144, 'mlp_dim_02': 112, 'hidden_channels': 224, 'num_layers': 1, 'num_timesteps': 4, 'dropout': 0.007147780923335872, 'train_learning_rate': 0.0015464189376096181, 'train_lr_reduce': 0.6}. Best is trial 2056 with value: 0.13246719539165497.
[I 2024-12-15 17:18:17,021] Trial 2174 finished with value: 0.24608734250068665 and parameters: {'mlp_n_layers': 3, 'mlp_dim_00': 64, 'mlp_dim_01': 208, 'mlp_dim_02': 96, 'hidden_channels': 224, 'num_layers': 2, 'num_timesteps': 4, 'dropout': 0.0035484136202956432, 'train_learning_rate': 0.0074390260591589655, 'train_lr_reduce': 0.6}. Best is trial 2056 with value: 0.13246719539165497.
[I 2024-12-15 17:18:19,556] Trial 2173 finished with value: 0.19353805482387543 and parameters: {'mlp_n_layers': 3, 'mlp_dim_00': 160, 'mlp_dim_01': 240, 'mlp_dim_02': 96, 'hidden_channels': 256, 'num_layers': 1, 'num_timesteps': 4, 'dropout': 0.015199435679753485, 'train_learning_rate': 0.0011496948697678343, 'train_lr_reduce': 0.6}. Best is trial 2056 with value: 0.13246719539165497.
[I 2024-12-15 17:18:24,620] Trial 2175 finished with value: 0.20089952647686005 and parameters: {'mlp_n_layers': 4, 'mlp_dim_00': 32, 'mlp_dim_01': 224, 'mlp_dim_02': 48, 'mlp_dim_03': 64, 'hidden_channels': 160, 'num_layers': 3, 'num_timesteps': 4, 'dropout': 0.03830096823528414, 'train_learning_rate': 0.0022829150548144307, 'train_lr_reduce': 0.6}. Best is trial 2056 with value: 0.13246719539165497.
[I 2024-12-15 17:18:25,465] Trial 2176 finished with value: 0.2301829606294632 and parameters: {'mlp_n_layers': 4, 'mlp_dim_00': 32, 'mlp_dim_01': 208, 'mlp_dim_02': 96, 'mlp_dim_03': 32, 'hidden_channels': 208, 'num_layers': 2, 'num_timesteps': 4, 'dropout': 0.04415863610660979, 'train_learning_rate': 0.006218794624594787, 'train_lr_reduce': 0.6}. Best is trial 2056 with value: 0.13246719539165497.
[I 2024-12-15 17:18:26,988] Trial 2177 finished with value: 0.22714975476264954 and parameters: {'mlp_n_layers': 3, 'mlp_dim_00': 112, 'mlp_dim_01': 160, 'mlp_dim_02': 96, 'hidden_channels': 208, 'num_layers': 1, 'num_timesteps': 4, 'dropout': 0.035370037885674444, 'train_learning_rate': 0.005304333610690539, 'train_lr_reduce': 0.6}. Best is trial 2056 with value: 0.13246719539165497.
[I 2024-12-15 17:18:35,629] Trial 2179 finished with value: 0.21613995730876923 and parameters: {'mlp_n_layers': 4, 'mlp_dim_00': 48, 'mlp_dim_01': 208, 'mlp_dim_02': 64, 'mlp_dim_03': 64, 'hidden_channels': 224, 'num_layers': 3, 'num_timesteps': 3, 'dropout': 0.001625198062273194, 'train_learning_rate': 0.00928816692956202, 'train_lr_reduce': 0.6}. Best is trial 2056 with value: 0.13246719539165497.
[I 2024-12-15 17:18:36,255] Trial 2178 finished with value: 0.24432066082954407 and parameters: {'mlp_n_layers': 4, 'mlp_dim_00': 144, 'mlp_dim_01': 176, 'mlp_dim_02': 32, 'mlp_dim_03': 64, 'hidden_channels': 192, 'num_layers': 3, 'num_timesteps': 2, 'dropout': 0.1856901212176, 'train_learning_rate': 0.0008968448131709907, 'train_lr_reduce': 0.6}. Best is trial 2056 with value: 0.13246719539165497.
[I 2024-12-15 17:18:41,683] Trial 2180 finished with value: 0.2306351214647293 and parameters: {'mlp_n_layers': 4, 'mlp_dim_00': 32, 'mlp_dim_01': 176, 'mlp_dim_02': 96, 'mlp_dim_03': 80, 'hidden_channels': 256, 'num_layers': 2, 'num_timesteps': 4, 'dropout': 0.008100778936350105, 'train_learning_rate': 0.007577610892570114, 'train_lr_reduce': 0.6}. Best is trial 2056 with value: 0.13246719539165497.
[I 2024-12-15 17:18:45,133] Trial 2182 finished with value: 0.23387837409973145 and parameters: {'mlp_n_layers': 4, 'mlp_dim_00': 48, 'mlp_dim_01': 240, 'mlp_dim_02': 80, 'mlp_dim_03': 64, 'hidden_channels': 192, 'num_layers': 1, 'num_timesteps': 4, 'dropout': 0.03342090281592769, 'train_learning_rate': 0.009953910672764408, 'train_lr_reduce': 0.6}. Best is trial 2056 with value: 0.13246719539165497.
[I 2024-12-15 17:18:46,236] Trial 2181 finished with value: 0.19507525861263275 and parameters: {'mlp_n_layers': 4, 'mlp_dim_00': 48, 'mlp_dim_01': 240, 'mlp_dim_02': 64, 'mlp_dim_03': 32, 'hidden_channels': 256, 'num_layers': 1, 'num_timesteps': 3, 'dropout': 0.011512442673490669, 'train_learning_rate': 0.007985580281721985, 'train_lr_reduce': 0.6}. Best is trial 2056 with value: 0.13246719539165497.
[I 2024-12-15 17:18:49,747] Trial 2183 finished with value: 0.21732288599014282 and parameters: {'mlp_n_layers': 4, 'mlp_dim_00': 32, 'mlp_dim_01': 224, 'mlp_dim_02': 48, 'mlp_dim_03': 80, 'hidden_channels': 208, 'num_layers': 2, 'num_timesteps': 4, 'dropout': 0.04947295032122288, 'train_learning_rate': 0.0022988398930983522, 'train_lr_reduce': 0.6}. Best is trial 2056 with value: 0.13246719539165497.
[I 2024-12-15 17:18:54,438] Trial 2184 finished with value: 0.1869136542081833 and parameters: {'mlp_n_layers': 4, 'mlp_dim_00': 112, 'mlp_dim_01': 80, 'mlp_dim_02': 96, 'mlp_dim_03': 48, 'hidden_channels': 224, 'num_layers': 1, 'num_timesteps': 4, 'dropout': 0.006343769704765183, 'train_learning_rate': 0.009810085371333283, 'train_lr_reduce': 0.6}. Best is trial 2056 with value: 0.13246719539165497.
[I 2024-12-15 17:18:54,588] Trial 2185 finished with value: 0.2296140491962433 and parameters: {'mlp_n_layers': 4, 'mlp_dim_00': 80, 'mlp_dim_01': 256, 'mlp_dim_02': 64, 'mlp_dim_03': 80, 'hidden_channels': 224, 'num_layers': 2, 'num_timesteps': 4, 'dropout': 0.0022896441378314433, 'train_learning_rate': 0.008532087426710789, 'train_lr_reduce': 0.6}. Best is trial 2056 with value: 0.13246719539165497.
[I 2024-12-15 17:18:59,955] Trial 2186 finished with value: 0.22366438806056976 and parameters: {'mlp_n_layers': 4, 'mlp_dim_00': 64, 'mlp_dim_01': 176, 'mlp_dim_02': 32, 'mlp_dim_03': 48, 'hidden_channels': 208, 'num_layers': 2, 'num_timesteps': 4, 'dropout': 0.007229158483488417, 'train_learning_rate': 0.009540053150208675, 'train_lr_reduce': 0.6}. Best is trial 2056 with value: 0.13246719539165497.
[I 2024-12-15 17:19:00,316] Trial 2187 finished with value: 0.24464865028858185 and parameters: {'mlp_n_layers': 3, 'mlp_dim_00': 96, 'mlp_dim_01': 160, 'mlp_dim_02': 112, 'hidden_channels': 208, 'num_layers': 1, 'num_timesteps': 4, 'dropout': 0.01686613615612627, 'train_learning_rate': 0.004843179905663371, 'train_lr_reduce': 0.6}. Best is trial 2056 with value: 0.13246719539165497.
[I 2024-12-15 17:19:04,216] Trial 2188 finished with value: 0.22545075416564941 and parameters: {'mlp_n_layers': 4, 'mlp_dim_00': 80, 'mlp_dim_01': 224, 'mlp_dim_02': 80, 'mlp_dim_03': 80, 'hidden_channels': 224, 'num_layers': 2, 'num_timesteps': 4, 'dropout': 0.014964085047751832, 'train_learning_rate': 0.0030574462428681415, 'train_lr_reduce': 0.6}. Best is trial 2056 with value: 0.13246719539165497.
[I 2024-12-15 17:19:07,877] Trial 2189 finished with value: 0.2000615894794464 and parameters: {'mlp_n_layers': 4, 'mlp_dim_00': 48, 'mlp_dim_01': 240, 'mlp_dim_02': 48, 'mlp_dim_03': 32, 'hidden_channels': 256, 'num_layers': 2, 'num_timesteps': 4, 'dropout': 0.009341417079686483, 'train_learning_rate': 0.008105942115873703, 'train_lr_reduce': 0.6}. Best is trial 2056 with value: 0.13246719539165497.
[I 2024-12-15 17:19:09,836] Trial 2190 finished with value: 0.21314842998981476 and parameters: {'mlp_n_layers': 4, 'mlp_dim_00': 96, 'mlp_dim_01': 176, 'mlp_dim_02': 64, 'mlp_dim_03': 80, 'hidden_channels': 256, 'num_layers': 1, 'num_timesteps': 4, 'dropout': 0.09381877762220779, 'train_learning_rate': 0.009100819145669473, 'train_lr_reduce': 0.6}. Best is trial 2056 with value: 0.13246719539165497.
[I 2024-12-15 17:19:11,758] Trial 2192 finished with value: 0.9831472039222717 and parameters: {'mlp_n_layers': 3, 'mlp_dim_00': 32, 'mlp_dim_01': 256, 'mlp_dim_02': 80, 'hidden_channels': 208, 'num_layers': 2, 'num_timesteps': 3, 'dropout': 0.03380119860373965, 'train_learning_rate': 0.004148622997153945, 'train_lr_reduce': 0.6}. Best is trial 2056 with value: 0.13246719539165497.
[I 2024-12-15 17:19:13,645] Trial 2191 finished with value: 0.18886055052280426 and parameters: {'mlp_n_layers': 3, 'mlp_dim_00': 48, 'mlp_dim_01': 208, 'mlp_dim_02': 96, 'hidden_channels': 240, 'num_layers': 1, 'num_timesteps': 4, 'dropout': 0.01683625521583095, 'train_learning_rate': 0.005788869986804723, 'train_lr_reduce': 0.6}. Best is trial 2056 with value: 0.13246719539165497.
[I 2024-12-15 17:19:20,493] Trial 2194 finished with value: 0.19772090017795563 and parameters: {'mlp_n_layers': 4, 'mlp_dim_00': 64, 'mlp_dim_01': 256, 'mlp_dim_02': 32, 'mlp_dim_03': 64, 'hidden_channels': 192, 'num_layers': 3, 'num_timesteps': 4, 'dropout': 0.016643905854500235, 'train_learning_rate': 0.0038698387310925563, 'train_lr_reduce': 0.6}. Best is trial 2056 with value: 0.13246719539165497.
[I 2024-12-15 17:19:21,741] Trial 2193 finished with value: 0.15098446607589722 and parameters: {'mlp_n_layers': 2, 'mlp_dim_00': 80, 'mlp_dim_01': 160, 'hidden_channels': 256, 'num_layers': 1, 'num_timesteps': 4, 'dropout': 0.04142914139782874, 'train_learning_rate': 0.0018149693705097458, 'train_lr_reduce': 0.6}. Best is trial 2056 with value: 0.13246719539165497.
[I 2024-12-15 17:19:24,582] Trial 2195 finished with value: 0.16437606513500214 and parameters: {'mlp_n_layers': 3, 'mlp_dim_00': 48, 'mlp_dim_01': 96, 'mlp_dim_02': 112, 'hidden_channels': 224, 'num_layers': 1, 'num_timesteps': 4, 'dropout': 0.03244890172695003, 'train_learning_rate': 0.007861535846991122, 'train_lr_reduce': 0.6}. Best is trial 2056 with value: 0.13246719539165497.
[I 2024-12-15 17:19:34,566] Trial 2196 finished with value: 0.19462914764881134 and parameters: {'mlp_n_layers': 4, 'mlp_dim_00': 144, 'mlp_dim_01': 64, 'mlp_dim_02': 64, 'mlp_dim_03': 80, 'hidden_channels': 160, 'num_layers': 3, 'num_timesteps': 4, 'dropout': 0.10750946340871656, 'train_learning_rate': 0.008655058469070916, 'train_lr_reduce': 0.6}. Best is trial 2056 with value: 0.13246719539165497.
[I 2024-12-15 17:19:34,593] Trial 2197 finished with value: 0.18104268610477448 and parameters: {'mlp_n_layers': 3, 'mlp_dim_00': 96, 'mlp_dim_01': 176, 'mlp_dim_02': 48, 'hidden_channels': 240, 'num_layers': 1, 'num_timesteps': 4, 'dropout': 0.03929566113137273, 'train_learning_rate': 0.003404502303396273, 'train_lr_reduce': 0.6}. Best is trial 2056 with value: 0.13246719539165497.
[I 2024-12-15 17:19:43,402] Trial 2198 finished with value: 0.25991180539131165 and parameters: {'mlp_n_layers': 2, 'mlp_dim_00': 256, 'mlp_dim_01': 80, 'hidden_channels': 48, 'num_layers': 4, 'num_timesteps': 3, 'dropout': 0.015912736122100424, 'train_learning_rate': 0.0003890608283278827, 'train_lr_reduce': 0.6}. Best is trial 2056 with value: 0.13246719539165497.
[I 2024-12-15 17:19:45,988] Trial 2200 finished with value: 0.16747090220451355 and parameters: {'mlp_n_layers': 3, 'mlp_dim_00': 48, 'mlp_dim_01': 128, 'mlp_dim_02': 64, 'hidden_channels': 176, 'num_layers': 1, 'num_timesteps': 4, 'dropout': 0.0017087042290513852, 'train_learning_rate': 0.00454725081413527, 'train_lr_reduce': 0.6}. Best is trial 2056 with value: 0.13246719539165497.
[I 2024-12-15 17:19:53,600] Trial 2199 finished with value: 0.27649062871932983 and parameters: {'mlp_n_layers': 3, 'mlp_dim_00': 256, 'mlp_dim_01': 208, 'mlp_dim_02': 80, 'hidden_channels': 128, 'num_layers': 3, 'num_timesteps': 3, 'dropout': 0.1848226542258427, 'train_learning_rate': 0.00013500247304415477, 'train_lr_reduce': 0.6}. Best is trial 2056 with value: 0.13246719539165497.
[I 2024-12-15 17:19:53,932] Trial 2201 finished with value: 0.22696419060230255 and parameters: {'mlp_n_layers': 3, 'mlp_dim_00': 80, 'mlp_dim_01': 48, 'mlp_dim_02': 96, 'hidden_channels': 240, 'num_layers': 1, 'num_timesteps': 3, 'dropout': 0.11541039480002269, 'train_learning_rate': 0.004302189377825849, 'train_lr_reduce': 0.6}. Best is trial 2056 with value: 0.13246719539165497.
[I 2024-12-15 17:19:55,541] Trial 2202 finished with value: 0.1838168352842331 and parameters: {'mlp_n_layers': 4, 'mlp_dim_00': 64, 'mlp_dim_01': 192, 'mlp_dim_02': 48, 'mlp_dim_03': 48, 'hidden_channels': 176, 'num_layers': 1, 'num_timesteps': 4, 'dropout': 0.005065803264176532, 'train_learning_rate': 0.002926373056264259, 'train_lr_reduce': 0.6}. Best is trial 2056 with value: 0.13246719539165497.
[I 2024-12-15 17:20:03,838] Trial 2203 finished with value: 0.22002096474170685 and parameters: {'mlp_n_layers': 2, 'mlp_dim_00': 96, 'mlp_dim_01': 224, 'hidden_channels': 192, 'num_layers': 2, 'num_timesteps': 4, 'dropout': 0.03782262975518644, 'train_learning_rate': 0.004165390209949385, 'train_lr_reduce': 0.6}. Best is trial 2056 with value: 0.13246719539165497.
[I 2024-12-15 17:20:10,041] Trial 2204 finished with value: 0.1684695929288864 and parameters: {'mlp_n_layers': 2, 'mlp_dim_00': 96, 'mlp_dim_01': 144, 'hidden_channels': 192, 'num_layers': 1, 'num_timesteps': 4, 'dropout': 0.0033975705992886525, 'train_learning_rate': 0.0032322028763357175, 'train_lr_reduce': 0.6}. Best is trial 2056 with value: 0.13246719539165497.
[I 2024-12-15 17:20:10,339] Trial 2206 finished with value: 0.2498612403869629 and parameters: {'mlp_n_layers': 3, 'mlp_dim_00': 64, 'mlp_dim_01': 192, 'mlp_dim_02': 112, 'hidden_channels': 240, 'num_layers': 2, 'num_timesteps': 4, 'dropout': 0.0030352307992197614, 'train_learning_rate': 0.0032843719497419764, 'train_lr_reduce': 0.6}. Best is trial 2056 with value: 0.13246719539165497.
[I 2024-12-15 17:20:12,729] Trial 2205 finished with value: 0.17139416933059692 and parameters: {'mlp_n_layers': 3, 'mlp_dim_00': 80, 'mlp_dim_01': 176, 'mlp_dim_02': 80, 'hidden_channels': 256, 'num_layers': 1, 'num_timesteps': 4, 'dropout': 0.024376346874819575, 'train_learning_rate': 0.001845631557169627, 'train_lr_reduce': 0.6}. Best is trial 2056 with value: 0.13246719539165497.
[I 2024-12-15 17:20:21,382] Trial 2207 finished with value: 0.2420542985200882 and parameters: {'mlp_n_layers': 3, 'mlp_dim_00': 80, 'mlp_dim_01': 176, 'mlp_dim_02': 32, 'hidden_channels': 240, 'num_layers': 2, 'num_timesteps': 4, 'dropout': 0.03249386820201519, 'train_learning_rate': 0.0023145058345127147, 'train_lr_reduce': 0.6}. Best is trial 2056 with value: 0.13246719539165497.
[I 2024-12-15 17:20:22,853] Trial 2209 finished with value: 0.22352094948291779 and parameters: {'mlp_n_layers': 3, 'mlp_dim_00': 80, 'mlp_dim_01': 144, 'mlp_dim_02': 80, 'hidden_channels': 208, 'num_layers': 2, 'num_timesteps': 3, 'dropout': 0.011397269067461923, 'train_learning_rate': 0.006873950846255025, 'train_lr_reduce': 0.6}. Best is trial 2056 with value: 0.13246719539165497.
[I 2024-12-15 17:20:23,431] Trial 2208 finished with value: 0.1808283030986786 and parameters: {'mlp_n_layers': 3, 'mlp_dim_00': 48, 'mlp_dim_01': 240, 'mlp_dim_02': 64, 'hidden_channels': 160, 'num_layers': 1, 'num_timesteps': 3, 'dropout': 0.001368597061675825, 'train_learning_rate': 0.002647217173336859, 'train_lr_reduce': 0.6}. Best is trial 2056 with value: 0.13246719539165497.
[I 2024-12-15 17:20:32,078] Trial 2212 finished with value: 0.23059892654418945 and parameters: {'mlp_n_layers': 2, 'mlp_dim_00': 256, 'mlp_dim_01': 96, 'hidden_channels': 48, 'num_layers': 3, 'num_timesteps': 1, 'dropout': 0.09458468642041287, 'train_learning_rate': 0.0017601407010513768, 'train_lr_reduce': 0.6}. Best is trial 2056 with value: 0.13246719539165497.
[I 2024-12-15 17:20:32,502] Trial 2210 finished with value: 0.23206265270709991 and parameters: {'mlp_n_layers': 4, 'mlp_dim_00': 80, 'mlp_dim_01': 192, 'mlp_dim_02': 48, 'mlp_dim_03': 80, 'hidden_channels': 160, 'num_layers': 2, 'num_timesteps': 4, 'dropout': 0.061330282470610224, 'train_learning_rate': 0.005017742998715495, 'train_lr_reduce': 0.6}. Best is trial 2056 with value: 0.13246719539165497.
[I 2024-12-15 17:20:37,439] Trial 2211 finished with value: 0.24424025416374207 and parameters: {'mlp_n_layers': 4, 'mlp_dim_00': 32, 'mlp_dim_01': 256, 'mlp_dim_02': 64, 'mlp_dim_03': 32, 'hidden_channels': 144, 'num_layers': 2, 'num_timesteps': 4, 'dropout': 0.02126622830414107, 'train_learning_rate': 0.005529386294733162, 'train_lr_reduce': 0.6}. Best is trial 2056 with value: 0.13246719539165497.
[I 2024-12-15 17:20:40,714] Trial 2214 finished with value: 0.17240960896015167 and parameters: {'mlp_n_layers': 3, 'mlp_dim_00': 112, 'mlp_dim_01': 160, 'mlp_dim_02': 80, 'hidden_channels': 144, 'num_layers': 1, 'num_timesteps': 4, 'dropout': 0.025506918344603474, 'train_learning_rate': 0.0030180854866665935, 'train_lr_reduce': 0.6}. Best is trial 2056 with value: 0.13246719539165497.
[I 2024-12-15 17:20:41,678] Trial 2213 finished with value: 0.204428568482399 and parameters: {'mlp_n_layers': 4, 'mlp_dim_00': 64, 'mlp_dim_01': 192, 'mlp_dim_02': 96, 'mlp_dim_03': 64, 'hidden_channels': 208, 'num_layers': 1, 'num_timesteps': 2, 'dropout': 0.0933917826275889, 'train_learning_rate': 0.005436533060537279, 'train_lr_reduce': 0.6}. Best is trial 2056 with value: 0.13246719539165497.
[I 2024-12-15 17:20:48,040] Trial 2215 finished with value: 0.24231648445129395 and parameters: {'mlp_n_layers': 4, 'mlp_dim_00': 48, 'mlp_dim_01': 240, 'mlp_dim_02': 48, 'mlp_dim_03': 96, 'hidden_channels': 240, 'num_layers': 3, 'num_timesteps': 4, 'dropout': 0.05076612150107635, 'train_learning_rate': 0.004036545081491852, 'train_lr_reduce': 0.6}. Best is trial 2056 with value: 0.13246719539165497.
