[I 2024-12-19 18:15:28,453] Trial 277 finished with value: 0.2213716357946396 and parameters: {'mlp_n_layers': 4, 'mlp_dim_00': 390, 'mlp_dim_01': 199, 'mlp_dim_02': 156, 'mlp_dim_03': 411, 'node_hidden_dim': 117, 'edge_hidden_dim': 63, 'depth': 1, 'rep_dropout': 0.06975034675988917, 'train_learning_rate': 0.0008300477162478487, 'train_lr_reduce': 0.6}. Best is trial 122 with value: 0.09548358619213104.
[I 2024-12-19 18:15:29,357] Trial 278 finished with value: 1.6868406534194946 and parameters: {'mlp_n_layers': 3, 'mlp_dim_00': 439, 'mlp_dim_01': 137, 'mlp_dim_02': 152, 'node_hidden_dim': 58, 'edge_hidden_dim': 100, 'depth': 4, 'rep_dropout': 0.035559641707976763, 'train_learning_rate': 0.0001223315814290706, 'train_lr_reduce': 0.6}. Best is trial 122 with value: 0.09548358619213104.
[I 2024-12-19 18:15:31,739] Trial 279 finished with value: 1.6828653812408447 and parameters: {'mlp_n_layers': 4, 'mlp_dim_00': 509, 'mlp_dim_01': 145, 'mlp_dim_02': 183, 'mlp_dim_03': 458, 'node_hidden_dim': 128, 'edge_hidden_dim': 49, 'depth': 1, 'rep_dropout': 0.08098253449604768, 'train_learning_rate': 0.00027935782436094115, 'train_lr_reduce': 0.6}. Best is trial 122 with value: 0.09548358619213104.
[I 2024-12-19 18:15:34,145] Trial 281 finished with value: 1.6746267080307007 and parameters: {'mlp_n_layers': 4, 'mlp_dim_00': 496, 'mlp_dim_01': 175, 'mlp_dim_02': 162, 'mlp_dim_03': 460, 'node_hidden_dim': 33, 'edge_hidden_dim': 48, 'depth': 2, 'rep_dropout': 0.08469641871842445, 'train_learning_rate': 0.0019396596728711122, 'train_lr_reduce': 0.6}. Best is trial 122 with value: 0.09548358619213104.
[I 2024-12-19 18:15:43,113] Trial 282 finished with value: 1.0149441957473755 and parameters: {'mlp_n_layers': 4, 'mlp_dim_00': 421, 'mlp_dim_01': 130, 'mlp_dim_02': 163, 'mlp_dim_03': 418, 'node_hidden_dim': 44, 'edge_hidden_dim': 57, 'depth': 1, 'rep_dropout': 0.11634209659091478, 'train_learning_rate': 0.0012231718250547325, 'train_lr_reduce': 0.6}. Best is trial 122 with value: 0.09548358619213104.
[I 2024-12-19 18:15:46,148] Trial 280 finished with value: 0.23844313621520996 and parameters: {'mlp_n_layers': 4, 'mlp_dim_00': 501, 'mlp_dim_01': 176, 'mlp_dim_02': 162, 'mlp_dim_03': 458, 'node_hidden_dim': 118, 'edge_hidden_dim': 56, 'depth': 1, 'rep_dropout': 0.0665049833143887, 'train_learning_rate': 0.001034633186822111, 'train_lr_reduce': 0.6}. Best is trial 122 with value: 0.09548358619213104.
[I 2024-12-19 18:15:50,202] Trial 285 finished with value: 1.6708924770355225 and parameters: {'mlp_n_layers': 1, 'mlp_dim_00': 440, 'node_hidden_dim': 62, 'edge_hidden_dim': 56, 'depth': 1, 'rep_dropout': 0.00036484984774179385, 'train_learning_rate': 0.0001816953375074008, 'train_lr_reduce': 0.6}. Best is trial 122 with value: 0.09548358619213104.
[I 2024-12-19 18:15:55,113] Trial 283 finished with value: 0.26849523186683655 and parameters: {'mlp_n_layers': 4, 'mlp_dim_00': 74, 'mlp_dim_01': 158, 'mlp_dim_02': 150, 'mlp_dim_03': 479, 'node_hidden_dim': 48, 'edge_hidden_dim': 76, 'depth': 1, 'rep_dropout': 0.019499169323751436, 'train_learning_rate': 0.005762819755504496, 'train_lr_reduce': 0.6}. Best is trial 122 with value: 0.09548358619213104.
[I 2024-12-19 18:15:59,155] Trial 287 finished with value: 1.685185194015503 and parameters: {'mlp_n_layers': 4, 'mlp_dim_00': 437, 'mlp_dim_01': 146, 'mlp_dim_02': 122, 'mlp_dim_03': 415, 'node_hidden_dim': 61, 'edge_hidden_dim': 51, 'depth': 1, 'rep_dropout': 0.11784903617215679, 'train_learning_rate': 0.0002320288565442493, 'train_lr_reduce': 0.6}. Best is trial 122 with value: 0.09548358619213104.
[I 2024-12-19 18:16:19,136] Trial 284 finished with value: 0.17319312691688538 and parameters: {'mlp_n_layers': 3, 'mlp_dim_00': 404, 'mlp_dim_01': 179, 'mlp_dim_02': 137, 'node_hidden_dim': 117, 'edge_hidden_dim': 46, 'depth': 1, 'rep_dropout': 0.05268917582897198, 'train_learning_rate': 0.0013738915038283203, 'train_lr_reduce': 0.6}. Best is trial 122 with value: 0.09548358619213104.
[I 2024-12-19 18:16:25,174] Trial 286 finished with value: 0.19794100522994995 and parameters: {'mlp_n_layers': 4, 'mlp_dim_00': 432, 'mlp_dim_01': 218, 'mlp_dim_02': 220, 'mlp_dim_03': 510, 'node_hidden_dim': 62, 'edge_hidden_dim': 40, 'depth': 1, 'rep_dropout': 0.10814588343267241, 'train_learning_rate': 0.0016746930215756856, 'train_lr_reduce': 0.6}. Best is trial 122 with value: 0.09548358619213104.
[I 2024-12-19 18:16:29,928] Trial 290 finished with value: 1.6763911247253418 and parameters: {'mlp_n_layers': 4, 'mlp_dim_00': 417, 'mlp_dim_01': 449, 'mlp_dim_02': 117, 'mlp_dim_03': 403, 'node_hidden_dim': 115, 'edge_hidden_dim': 43, 'depth': 2, 'rep_dropout': 0.04590794377866714, 'train_learning_rate': 0.000541245969264824, 'train_lr_reduce': 0.6}. Best is trial 122 with value: 0.09548358619213104.
[I 2024-12-19 18:16:30,532] Trial 288 finished with value: 0.12178082764148712 and parameters: {'mlp_n_layers': 4, 'mlp_dim_00': 410, 'mlp_dim_01': 213, 'mlp_dim_02': 296, 'mlp_dim_03': 447, 'node_hidden_dim': 62, 'edge_hidden_dim': 71, 'depth': 1, 'rep_dropout': 0.12002514039756748, 'train_learning_rate': 0.000522685727927514, 'train_lr_reduce': 0.6}. Best is trial 122 with value: 0.09548358619213104.
[I 2024-12-19 18:16:35,583] Trial 292 finished with value: 1.6816401481628418 and parameters: {'mlp_n_layers': 4, 'mlp_dim_00': 365, 'mlp_dim_01': 154, 'mlp_dim_02': 185, 'mlp_dim_03': 512, 'node_hidden_dim': 125, 'edge_hidden_dim': 63, 'depth': 1, 'rep_dropout': 0.06371413665049064, 'train_learning_rate': 0.00027159330001307866, 'train_lr_reduce': 0.6}. Best is trial 122 with value: 0.09548358619213104.
[I 2024-12-19 18:16:44,519] Trial 291 finished with value: 0.3703087866306305 and parameters: {'mlp_n_layers': 4, 'mlp_dim_00': 440, 'mlp_dim_01': 235, 'mlp_dim_02': 121, 'mlp_dim_03': 461, 'node_hidden_dim': 77, 'edge_hidden_dim': 76, 'depth': 1, 'rep_dropout': 0.1384141466689882, 'train_learning_rate': 0.0018156924466250736, 'train_lr_reduce': 0.6}. Best is trial 122 with value: 0.09548358619213104.
[I 2024-12-19 18:16:52,999] Trial 289 finished with value: 0.19607393443584442 and parameters: {'mlp_n_layers': 3, 'mlp_dim_00': 395, 'mlp_dim_01': 175, 'mlp_dim_02': 195, 'node_hidden_dim': 89, 'edge_hidden_dim': 70, 'depth': 1, 'rep_dropout': 0.021992602585911004, 'train_learning_rate': 0.005589879253262678, 'train_lr_reduce': 0.6}. Best is trial 122 with value: 0.09548358619213104.
[I 2024-12-19 18:17:12,494] Trial 295 finished with value: 1.2511448860168457 and parameters: {'mlp_n_layers': 4, 'mlp_dim_00': 387, 'mlp_dim_01': 512, 'mlp_dim_02': 113, 'mlp_dim_03': 446, 'node_hidden_dim': 52, 'edge_hidden_dim': 43, 'depth': 2, 'rep_dropout': 0.12702943610196346, 'train_learning_rate': 0.00040214068272988613, 'train_lr_reduce': 0.6}. Best is trial 122 with value: 0.09548358619213104.
[I 2024-12-19 18:17:17,089] Trial 293 finished with value: 0.15444311499595642 and parameters: {'mlp_n_layers': 4, 'mlp_dim_00': 509, 'mlp_dim_01': 459, 'mlp_dim_02': 336, 'mlp_dim_03': 134, 'node_hidden_dim': 105, 'edge_hidden_dim': 71, 'depth': 1, 'rep_dropout': 0.14214955313534003, 'train_learning_rate': 0.0006375979983233841, 'train_lr_reduce': 0.6}. Best is trial 122 with value: 0.09548358619213104.
[I 2024-12-19 18:17:22,274] Trial 297 finished with value: 1.6737077236175537 and parameters: {'mlp_n_layers': 4, 'mlp_dim_00': 365, 'mlp_dim_01': 230, 'mlp_dim_02': 108, 'mlp_dim_03': 388, 'node_hidden_dim': 116, 'edge_hidden_dim': 32, 'depth': 1, 'rep_dropout': 0.0784542805097839, 'train_learning_rate': 0.00042212498005721926, 'train_lr_reduce': 0.6}. Best is trial 122 with value: 0.09548358619213104.
[I 2024-12-19 18:17:26,300] Trial 294 finished with value: 0.12775792181491852 and parameters: {'mlp_n_layers': 4, 'mlp_dim_00': 506, 'mlp_dim_01': 457, 'mlp_dim_02': 114, 'mlp_dim_03': 409, 'node_hidden_dim': 88, 'edge_hidden_dim': 45, 'depth': 1, 'rep_dropout': 0.08437079238276715, 'train_learning_rate': 0.0009129402632939567, 'train_lr_reduce': 0.6}. Best is trial 122 with value: 0.09548358619213104.
[I 2024-12-19 18:17:38,429] Trial 299 finished with value: 1.3124114274978638 and parameters: {'mlp_n_layers': 4, 'mlp_dim_00': 72, 'mlp_dim_01': 459, 'mlp_dim_02': 512, 'mlp_dim_03': 406, 'node_hidden_dim': 39, 'edge_hidden_dim': 76, 'depth': 2, 'rep_dropout': 0.04256570596394831, 'train_learning_rate': 0.0017116207212101381, 'train_lr_reduce': 0.6}. Best is trial 122 with value: 0.09548358619213104.
[I 2024-12-19 18:17:41,082] Trial 296 finished with value: 0.21080666780471802 and parameters: {'mlp_n_layers': 3, 'mlp_dim_00': 414, 'mlp_dim_01': 426, 'mlp_dim_02': 185, 'node_hidden_dim': 53, 'edge_hidden_dim': 69, 'depth': 1, 'rep_dropout': 0.14869872385242439, 'train_learning_rate': 0.0029244278331656435, 'train_lr_reduce': 0.6}. Best is trial 122 with value: 0.09548358619213104.
[I 2024-12-19 18:17:43,329] Trial 300 finished with value: 1.564469337463379 and parameters: {'mlp_n_layers': 1, 'mlp_dim_00': 163, 'node_hidden_dim': 106, 'edge_hidden_dim': 93, 'depth': 2, 'rep_dropout': 0.08698326078272066, 'train_learning_rate': 0.0035836958056228367, 'train_lr_reduce': 0.6}. Best is trial 122 with value: 0.09548358619213104.
[I 2024-12-19 18:17:46,082] Trial 301 finished with value: 1.6895771026611328 and parameters: {'mlp_n_layers': 4, 'mlp_dim_00': 447, 'mlp_dim_01': 161, 'mlp_dim_02': 167, 'mlp_dim_03': 474, 'node_hidden_dim': 95, 'edge_hidden_dim': 125, 'depth': 1, 'rep_dropout': 0.1478172220250095, 'train_learning_rate': 0.0001305144537329866, 'train_lr_reduce': 0.6}. Best is trial 122 with value: 0.09548358619213104.
[I 2024-12-19 18:17:47,881] Trial 302 finished with value: 1.6713627576828003 and parameters: {'mlp_n_layers': 2, 'mlp_dim_00': 315, 'mlp_dim_01': 411, 'node_hidden_dim': 75, 'edge_hidden_dim': 43, 'depth': 4, 'rep_dropout': 0.09252551171659895, 'train_learning_rate': 0.00014359213819561479, 'train_lr_reduce': 0.6}. Best is trial 122 with value: 0.09548358619213104.
[I 2024-12-19 18:17:59,769] Trial 298 finished with value: 0.09983751177787781 and parameters: {'mlp_n_layers': 4, 'mlp_dim_00': 495, 'mlp_dim_01': 457, 'mlp_dim_02': 316, 'mlp_dim_03': 466, 'node_hidden_dim': 55, 'edge_hidden_dim': 56, 'depth': 1, 'rep_dropout': 0.13097961745528477, 'train_learning_rate': 0.0008853744405520537, 'train_lr_reduce': 0.6}. Best is trial 122 with value: 0.09548358619213104.
[I 2024-12-19 18:18:04,618] Trial 305 finished with value: 1.6618739366531372 and parameters: {'mlp_n_layers': 4, 'mlp_dim_00': 474, 'mlp_dim_01': 428, 'mlp_dim_02': 303, 'mlp_dim_03': 470, 'node_hidden_dim': 47, 'edge_hidden_dim': 41, 'depth': 1, 'rep_dropout': 0.1267528328704723, 'train_learning_rate': 0.0007920616296190388, 'train_lr_reduce': 0.6}. Best is trial 122 with value: 0.09548358619213104.
[I 2024-12-19 18:18:07,537] Trial 303 finished with value: 0.22969672083854675 and parameters: {'mlp_n_layers': 3, 'mlp_dim_00': 388, 'mlp_dim_01': 474, 'mlp_dim_02': 74, 'node_hidden_dim': 76, 'edge_hidden_dim': 45, 'depth': 1, 'rep_dropout': 0.13293369371631208, 'train_learning_rate': 0.002864432040518056, 'train_lr_reduce': 0.6}. Best is trial 122 with value: 0.09548358619213104.
[I 2024-12-19 18:18:08,947] Trial 306 finished with value: 1.6693212985992432 and parameters: {'mlp_n_layers': 4, 'mlp_dim_00': 469, 'mlp_dim_01': 466, 'mlp_dim_02': 298, 'mlp_dim_03': 457, 'node_hidden_dim': 47, 'edge_hidden_dim': 52, 'depth': 1, 'rep_dropout': 0.12702529407672056, 'train_learning_rate': 0.0005118232841289348, 'train_lr_reduce': 0.6}. Best is trial 122 with value: 0.09548358619213104.
[I 2024-12-19 18:18:28,364] Trial 304 finished with value: 0.11935966461896896 and parameters: {'mlp_n_layers': 3, 'mlp_dim_00': 425, 'mlp_dim_01': 507, 'mlp_dim_02': 208, 'node_hidden_dim': 81, 'edge_hidden_dim': 63, 'depth': 1, 'rep_dropout': 0.0006099225475716011, 'train_learning_rate': 0.0011307928325701184, 'train_lr_reduce': 0.6}. Best is trial 122 with value: 0.09548358619213104.
[I 2024-12-19 18:18:33,118] Trial 309 finished with value: 1.6443390846252441 and parameters: {'mlp_n_layers': 4, 'mlp_dim_00': 428, 'mlp_dim_01': 459, 'mlp_dim_02': 249, 'mlp_dim_03': 511, 'node_hidden_dim': 55, 'edge_hidden_dim': 66, 'depth': 1, 'rep_dropout': 0.1137083381869759, 'train_learning_rate': 0.0014642871699346153, 'train_lr_reduce': 0.6}. Best is trial 122 with value: 0.09548358619213104.
[I 2024-12-19 18:18:37,665] Trial 310 finished with value: 1.6483381986618042 and parameters: {'mlp_n_layers': 3, 'mlp_dim_00': 512, 'mlp_dim_01': 408, 'mlp_dim_02': 325, 'node_hidden_dim': 84, 'edge_hidden_dim': 39, 'depth': 1, 'rep_dropout': 0.13118182982488422, 'train_learning_rate': 0.0013804747844858866, 'train_lr_reduce': 0.6}. Best is trial 122 with value: 0.09548358619213104.
[I 2024-12-19 18:18:39,006] Trial 307 finished with value: 0.1198066845536232 and parameters: {'mlp_n_layers': 4, 'mlp_dim_00': 461, 'mlp_dim_01': 430, 'mlp_dim_02': 316, 'mlp_dim_03': 466, 'node_hidden_dim': 78, 'edge_hidden_dim': 74, 'depth': 1, 'rep_dropout': 0.14851655590772428, 'train_learning_rate': 0.0004954390782070386, 'train_lr_reduce': 0.6}. Best is trial 122 with value: 0.09548358619213104.
[I 2024-12-19 18:18:42,145] Trial 311 finished with value: 1.6570274829864502 and parameters: {'mlp_n_layers': 4, 'mlp_dim_00': 352, 'mlp_dim_01': 467, 'mlp_dim_02': 394, 'mlp_dim_03': 418, 'node_hidden_dim': 104, 'edge_hidden_dim': 51, 'depth': 2, 'rep_dropout': 0.06289983591350813, 'train_learning_rate': 0.0011170034961223605, 'train_lr_reduce': 0.6}. Best is trial 122 with value: 0.09548358619213104.
[I 2024-12-19 18:18:43,146] Trial 312 finished with value: 1.6331876516342163 and parameters: {'mlp_n_layers': 1, 'mlp_dim_00': 140, 'node_hidden_dim': 32, 'edge_hidden_dim': 67, 'depth': 4, 'rep_dropout': 0.14471527667333994, 'train_learning_rate': 0.0005398089986526449, 'train_lr_reduce': 0.6}. Best is trial 122 with value: 0.09548358619213104.
[I 2024-12-19 18:18:43,839] Trial 308 finished with value: 0.1088099554181099 and parameters: {'mlp_n_layers': 3, 'mlp_dim_00': 419, 'mlp_dim_01': 472, 'mlp_dim_02': 341, 'node_hidden_dim': 71, 'edge_hidden_dim': 55, 'depth': 1, 'rep_dropout': 0.1485056068636624, 'train_learning_rate': 0.0012778163899401633, 'train_lr_reduce': 0.6}. Best is trial 122 with value: 0.09548358619213104.
[I 2024-12-19 18:18:47,677] Trial 314 finished with value: 1.6904535293579102 and parameters: {'mlp_n_layers': 4, 'mlp_dim_00': 394, 'mlp_dim_01': 471, 'mlp_dim_02': 179, 'mlp_dim_03': 508, 'node_hidden_dim': 78, 'edge_hidden_dim': 109, 'depth': 4, 'rep_dropout': 0.12692187489793305, 'train_learning_rate': 0.00010113635278816853, 'train_lr_reduce': 0.6}. Best is trial 122 with value: 0.09548358619213104.
[I 2024-12-19 18:18:47,896] Trial 315 finished with value: 1.6390095949172974 and parameters: {'mlp_n_layers': 3, 'mlp_dim_00': 442, 'mlp_dim_01': 511, 'mlp_dim_02': 328, 'node_hidden_dim': 68, 'edge_hidden_dim': 49, 'depth': 1, 'rep_dropout': 0.1402531242253954, 'train_learning_rate': 0.001150068578871114, 'train_lr_reduce': 0.6}. Best is trial 122 with value: 0.09548358619213104.
[I 2024-12-19 18:18:52,507] Trial 317 finished with value: 1.630591869354248 and parameters: {'mlp_n_layers': 4, 'mlp_dim_00': 507, 'mlp_dim_01': 468, 'mlp_dim_02': 356, 'mlp_dim_03': 465, 'node_hidden_dim': 60, 'edge_hidden_dim': 56, 'depth': 1, 'rep_dropout': 0.09597452691604073, 'train_learning_rate': 0.0016896716958664795, 'train_lr_reduce': 0.6}. Best is trial 122 with value: 0.09548358619213104.
[I 2024-12-19 18:18:52,911] Trial 316 finished with value: 1.5647406578063965 and parameters: {'mlp_n_layers': 1, 'mlp_dim_00': 499, 'node_hidden_dim': 102, 'edge_hidden_dim': 72, 'depth': 1, 'rep_dropout': 0.044024134897801735, 'train_learning_rate': 0.008502168596065895, 'train_lr_reduce': 0.6}. Best is trial 122 with value: 0.09548358619213104.
[I 2024-12-19 18:18:57,296] Trial 319 finished with value: 1.6723471879959106 and parameters: {'mlp_n_layers': 3, 'mlp_dim_00': 510, 'mlp_dim_01': 461, 'mlp_dim_02': 348, 'node_hidden_dim': 123, 'edge_hidden_dim': 96, 'depth': 1, 'rep_dropout': 0.01080746848686972, 'train_learning_rate': 0.0002359084881708589, 'train_lr_reduce': 0.6}. Best is trial 122 with value: 0.09548358619213104.
[I 2024-12-19 18:18:57,359] Trial 318 finished with value: 1.6831876039505005 and parameters: {'mlp_n_layers': 4, 'mlp_dim_00': 511, 'mlp_dim_01': 466, 'mlp_dim_02': 273, 'mlp_dim_03': 208, 'node_hidden_dim': 74, 'edge_hidden_dim': 70, 'depth': 1, 'rep_dropout': 0.11494049843836578, 'train_learning_rate': 0.00022001154020227507, 'train_lr_reduce': 0.6}. Best is trial 122 with value: 0.09548358619213104.
[I 2024-12-19 18:19:01,595] Trial 320 finished with value: 1.6444238424301147 and parameters: {'mlp_n_layers': 3, 'mlp_dim_00': 479, 'mlp_dim_01': 418, 'mlp_dim_02': 352, 'node_hidden_dim': 64, 'edge_hidden_dim': 57, 'depth': 1, 'rep_dropout': 0.13212223887842192, 'train_learning_rate': 0.0006508264329612428, 'train_lr_reduce': 0.6}. Best is trial 122 with value: 0.09548358619213104.
[I 2024-12-19 18:19:01,659] Trial 321 finished with value: 1.656807780265808 and parameters: {'mlp_n_layers': 4, 'mlp_dim_00': 486, 'mlp_dim_01': 509, 'mlp_dim_02': 361, 'mlp_dim_03': 350, 'node_hidden_dim': 47, 'edge_hidden_dim': 66, 'depth': 1, 'rep_dropout': 0.14259471888595954, 'train_learning_rate': 0.0019026401739134788, 'train_lr_reduce': 0.6}. Best is trial 122 with value: 0.09548358619213104.
[I 2024-12-19 18:19:05,914] Trial 322 finished with value: 1.5895289182662964 and parameters: {'mlp_n_layers': 2, 'mlp_dim_00': 433, 'mlp_dim_01': 461, 'node_hidden_dim': 70, 'edge_hidden_dim': 75, 'depth': 1, 'rep_dropout': 0.13447349299008038, 'train_learning_rate': 0.0032013584891074946, 'train_lr_reduce': 0.6}. Best is trial 122 with value: 0.09548358619213104.
[I 2024-12-19 18:19:14,825] Trial 324 finished with value: 1.4122505187988281 and parameters: {'mlp_n_layers': 2, 'mlp_dim_00': 443, 'mlp_dim_01': 472, 'node_hidden_dim': 71, 'edge_hidden_dim': 127, 'depth': 4, 'rep_dropout': 0.06724535784680497, 'train_learning_rate': 0.0017322293407315682, 'train_lr_reduce': 0.6}. Best is trial 122 with value: 0.09548358619213104.
[I 2024-12-19 18:19:22,910] Trial 313 finished with value: 0.18517936766147614 and parameters: {'mlp_n_layers': 4, 'mlp_dim_00': 511, 'mlp_dim_01': 412, 'mlp_dim_02': 364, 'mlp_dim_03': 429, 'node_hidden_dim': 44, 'edge_hidden_dim': 57, 'depth': 2, 'rep_dropout': 0.12076980544428823, 'train_learning_rate': 0.0008936308392594287, 'train_lr_reduce': 0.6}. Best is trial 122 with value: 0.09548358619213104.
[I 2024-12-19 18:19:26,509] Trial 323 finished with value: 0.8642590045928955 and parameters: {'mlp_n_layers': 3, 'mlp_dim_00': 303, 'mlp_dim_01': 415, 'mlp_dim_02': 417, 'node_hidden_dim': 128, 'edge_hidden_dim': 40, 'depth': 2, 'rep_dropout': 0.10716020576835517, 'train_learning_rate': 0.008144748634508056, 'train_lr_reduce': 0.6}. Best is trial 122 with value: 0.09548358619213104.
[I 2024-12-19 18:19:28,398] Trial 326 finished with value: 1.5586817264556885 and parameters: {'mlp_n_layers': 3, 'mlp_dim_00': 434, 'mlp_dim_01': 415, 'mlp_dim_02': 267, 'node_hidden_dim': 50, 'edge_hidden_dim': 90, 'depth': 4, 'rep_dropout': 0.028348664918096844, 'train_learning_rate': 0.004199883456628785, 'train_lr_reduce': 0.6}. Best is trial 122 with value: 0.09548358619213104.
[I 2024-12-19 18:19:59,021] Trial 325 finished with value: 0.10555737465620041 and parameters: {'mlp_n_layers': 3, 'mlp_dim_00': 426, 'mlp_dim_01': 511, 'mlp_dim_02': 485, 'node_hidden_dim': 89, 'edge_hidden_dim': 68, 'depth': 1, 'rep_dropout': 0.1434218300038598, 'train_learning_rate': 0.0004926371519939302, 'train_lr_reduce': 0.6}. Best is trial 122 with value: 0.09548358619213104.
[I 2024-12-19 18:20:04,187] Trial 329 finished with value: 1.5588994026184082 and parameters: {'mlp_n_layers': 1, 'mlp_dim_00': 442, 'node_hidden_dim': 37, 'edge_hidden_dim': 89, 'depth': 1, 'rep_dropout': 0.039059746624733736, 'train_learning_rate': 0.001453203875383706, 'train_lr_reduce': 0.6}. Best is trial 122 with value: 0.09548358619213104.
[I 2024-12-19 18:20:09,259] Trial 327 finished with value: 0.12370656430721283 and parameters: {'mlp_n_layers': 4, 'mlp_dim_00': 136, 'mlp_dim_01': 463, 'mlp_dim_02': 390, 'mlp_dim_03': 472, 'node_hidden_dim': 34, 'edge_hidden_dim': 70, 'depth': 1, 'rep_dropout': 0.05973222836200531, 'train_learning_rate': 0.0022477793825045785, 'train_lr_reduce': 0.6}. Best is trial 122 with value: 0.09548358619213104.
[I 2024-12-19 18:20:11,353] Trial 330 finished with value: 1.6822823286056519 and parameters: {'mlp_n_layers': 4, 'mlp_dim_00': 432, 'mlp_dim_01': 508, 'mlp_dim_02': 503, 'mlp_dim_03': 512, 'node_hidden_dim': 111, 'edge_hidden_dim': 62, 'depth': 4, 'rep_dropout': 0.05728668684440778, 'train_learning_rate': 0.00010394963669398946, 'train_lr_reduce': 0.6}. Best is trial 122 with value: 0.09548358619213104.
[I 2024-12-19 18:20:14,578] Trial 331 finished with value: 1.6735076904296875 and parameters: {'mlp_n_layers': 3, 'mlp_dim_00': 501, 'mlp_dim_01': 511, 'mlp_dim_02': 467, 'node_hidden_dim': 91, 'edge_hidden_dim': 82, 'depth': 1, 'rep_dropout': 0.11330298431339338, 'train_learning_rate': 0.00042822288127563723, 'train_lr_reduce': 0.6}. Best is trial 122 with value: 0.09548358619213104.
[I 2024-12-19 18:20:16,386] Trial 332 finished with value: 1.6765223741531372 and parameters: {'mlp_n_layers': 3, 'mlp_dim_00': 357, 'mlp_dim_01': 477, 'mlp_dim_02': 495, 'node_hidden_dim': 88, 'edge_hidden_dim': 60, 'depth': 2, 'rep_dropout': 0.11430143457314917, 'train_learning_rate': 0.00031040557067407845, 'train_lr_reduce': 0.6}. Best is trial 122 with value: 0.09548358619213104.
