[I 2024-12-19 19:28:16,305] Trial 906 finished with value: 1.1459685564041138 and parameters: {'mlp_n_layers': 4, 'mlp_dim_00': 137, 'mlp_dim_01': 397, 'mlp_dim_02': 69, 'mlp_dim_03': 277, 'node_hidden_dim': 34, 'edge_hidden_dim': 54, 'depth': 4, 'rep_dropout': 0.021548363468841085, 'train_learning_rate': 0.001485609683415596, 'train_lr_reduce': 0.6}. Best is trial 673 with value: 0.11172225326299667.
[I 2024-12-19 19:28:18,342] Trial 904 finished with value: 0.26849064230918884 and parameters: {'mlp_n_layers': 1, 'mlp_dim_00': 240, 'node_hidden_dim': 37, 'edge_hidden_dim': 36, 'depth': 2, 'rep_dropout': 0.004195287392645816, 'train_learning_rate': 0.0034325195154425296, 'train_lr_reduce': 0.6}. Best is trial 673 with value: 0.11172225326299667.
[I 2024-12-19 19:28:43,788] Trial 905 finished with value: 0.1773199588060379 and parameters: {'mlp_n_layers': 1, 'mlp_dim_00': 309, 'node_hidden_dim': 125, 'edge_hidden_dim': 109, 'depth': 1, 'rep_dropout': 0.06759984423029544, 'train_learning_rate': 0.001464408514023379, 'train_lr_reduce': 0.6}. Best is trial 673 with value: 0.11172225326299667.
[I 2024-12-19 19:28:49,546] Trial 909 finished with value: 1.1525444984436035 and parameters: {'mlp_n_layers': 2, 'mlp_dim_00': 396, 'mlp_dim_01': 293, 'node_hidden_dim': 101, 'edge_hidden_dim': 35, 'depth': 3, 'rep_dropout': 0.04813382285530096, 'train_learning_rate': 0.004842827466717266, 'train_lr_reduce': 0.6}. Best is trial 673 with value: 0.11172225326299667.
[I 2024-12-19 19:29:00,100] Trial 907 finished with value: 0.17031258344650269 and parameters: {'mlp_n_layers': 1, 'mlp_dim_00': 136, 'node_hidden_dim': 70, 'edge_hidden_dim': 105, 'depth': 1, 'rep_dropout': 0.11004541484603075, 'train_learning_rate': 0.0018617908280674316, 'train_lr_reduce': 0.6}. Best is trial 673 with value: 0.11172225326299667.
[I 2024-12-19 19:29:03,333] Trial 908 finished with value: 0.2438979297876358 and parameters: {'mlp_n_layers': 1, 'mlp_dim_00': 481, 'node_hidden_dim': 47, 'edge_hidden_dim': 54, 'depth': 2, 'rep_dropout': 0.03878768678845455, 'train_learning_rate': 0.004791471772232859, 'train_lr_reduce': 0.6}. Best is trial 673 with value: 0.11172225326299667.
[I 2024-12-19 19:29:08,790] Trial 912 finished with value: 1.1429046392440796 and parameters: {'mlp_n_layers': 2, 'mlp_dim_00': 327, 'mlp_dim_01': 417, 'node_hidden_dim': 32, 'edge_hidden_dim': 39, 'depth': 1, 'rep_dropout': 0.014221079373830891, 'train_learning_rate': 0.0013126372233941892, 'train_lr_reduce': 0.6}. Best is trial 673 with value: 0.11172225326299667.
[I 2024-12-19 19:29:14,143] Trial 913 finished with value: 1.1410809755325317 and parameters: {'mlp_n_layers': 1, 'mlp_dim_00': 479, 'node_hidden_dim': 35, 'edge_hidden_dim': 58, 'depth': 2, 'rep_dropout': 0.05372699199006904, 'train_learning_rate': 0.0028550717079412116, 'train_lr_reduce': 0.6}. Best is trial 673 with value: 0.11172225326299667.
[I 2024-12-19 19:29:35,142] Trial 910 finished with value: 0.1604372262954712 and parameters: {'mlp_n_layers': 2, 'mlp_dim_00': 399, 'mlp_dim_01': 338, 'node_hidden_dim': 54, 'edge_hidden_dim': 41, 'depth': 1, 'rep_dropout': 0.013185819724428229, 'train_learning_rate': 0.003977601175395146, 'train_lr_reduce': 0.6}. Best is trial 673 with value: 0.11172225326299667.
[I 2024-12-19 19:29:44,700] Trial 911 finished with value: 0.11715642362833023 and parameters: {'mlp_n_layers': 2, 'mlp_dim_00': 428, 'mlp_dim_01': 475, 'node_hidden_dim': 45, 'edge_hidden_dim': 64, 'depth': 1, 'rep_dropout': 0.03905179593623226, 'train_learning_rate': 0.0026782831428042377, 'train_lr_reduce': 0.6}. Best is trial 673 with value: 0.11172225326299667.
[I 2024-12-19 19:30:00,009] Trial 914 finished with value: 0.1563761830329895 and parameters: {'mlp_n_layers': 2, 'mlp_dim_00': 349, 'mlp_dim_01': 367, 'node_hidden_dim': 33, 'edge_hidden_dim': 36, 'depth': 1, 'rep_dropout': 0.0172222658892955, 'train_learning_rate': 0.006443459512515292, 'train_lr_reduce': 0.6}. Best is trial 673 with value: 0.11172225326299667.
[I 2024-12-19 19:30:02,724] Trial 915 finished with value: 0.171102836728096 and parameters: {'mlp_n_layers': 1, 'mlp_dim_00': 413, 'node_hidden_dim': 52, 'edge_hidden_dim': 45, 'depth': 1, 'rep_dropout': 0.034289423471908206, 'train_learning_rate': 0.0029391833993152035, 'train_lr_reduce': 0.6}. Best is trial 673 with value: 0.11172225326299667.
[I 2024-12-19 19:30:07,777] Trial 918 finished with value: 1.142540693283081 and parameters: {'mlp_n_layers': 2, 'mlp_dim_00': 459, 'mlp_dim_01': 468, 'node_hidden_dim': 40, 'edge_hidden_dim': 59, 'depth': 1, 'rep_dropout': 0.025130640766658108, 'train_learning_rate': 0.0020156811343119293, 'train_lr_reduce': 0.6}. Best is trial 673 with value: 0.11172225326299667.
[I 2024-12-19 19:30:27,100] Trial 916 finished with value: 0.15019355714321136 and parameters: {'mlp_n_layers': 2, 'mlp_dim_00': 442, 'mlp_dim_01': 509, 'node_hidden_dim': 45, 'edge_hidden_dim': 50, 'depth': 1, 'rep_dropout': 0.048360011693360794, 'train_learning_rate': 0.002886250393044526, 'train_lr_reduce': 0.6}. Best is trial 673 with value: 0.11172225326299667.
[I 2024-12-19 19:30:28,987] Trial 919 finished with value: 0.20917479693889618 and parameters: {'mlp_n_layers': 1, 'mlp_dim_00': 330, 'node_hidden_dim': 48, 'edge_hidden_dim': 77, 'depth': 1, 'rep_dropout': 0.034318410899602185, 'train_learning_rate': 0.003466805436889506, 'train_lr_reduce': 0.6}. Best is trial 673 with value: 0.11172225326299667.
[I 2024-12-19 19:30:34,166] Trial 921 finished with value: 1.1432907581329346 and parameters: {'mlp_n_layers': 2, 'mlp_dim_00': 207, 'mlp_dim_01': 501, 'node_hidden_dim': 34, 'edge_hidden_dim': 93, 'depth': 2, 'rep_dropout': 0.1403812269306428, 'train_learning_rate': 0.0008175959747979017, 'train_lr_reduce': 0.6}. Best is trial 673 with value: 0.11172225326299667.
[I 2024-12-19 19:30:36,589] Trial 917 finished with value: 0.390832781791687 and parameters: {'mlp_n_layers': 1, 'mlp_dim_00': 431, 'node_hidden_dim': 58, 'edge_hidden_dim': 52, 'depth': 2, 'rep_dropout': 0.005223692622281817, 'train_learning_rate': 0.002225207296670312, 'train_lr_reduce': 0.6}. Best is trial 673 with value: 0.11172225326299667.
[I 2024-12-19 19:30:39,327] Trial 922 finished with value: 1.1422319412231445 and parameters: {'mlp_n_layers': 2, 'mlp_dim_00': 510, 'mlp_dim_01': 507, 'node_hidden_dim': 37, 'edge_hidden_dim': 66, 'depth': 2, 'rep_dropout': 0.06506412214884941, 'train_learning_rate': 0.0020581844242429596, 'train_lr_reduce': 0.6}. Best is trial 673 with value: 0.11172225326299667.
[I 2024-12-19 19:31:08,614] Trial 920 finished with value: 0.18395937979221344 and parameters: {'mlp_n_layers': 1, 'mlp_dim_00': 273, 'node_hidden_dim': 50, 'edge_hidden_dim': 53, 'depth': 2, 'rep_dropout': 0.05216876016759822, 'train_learning_rate': 0.004282387693266582, 'train_lr_reduce': 0.6}. Best is trial 673 with value: 0.11172225326299667.
[I 2024-12-19 19:31:10,538] Trial 923 finished with value: 0.261995792388916 and parameters: {'mlp_n_layers': 1, 'mlp_dim_00': 337, 'node_hidden_dim': 57, 'edge_hidden_dim': 33, 'depth': 2, 'rep_dropout': 0.0030223265041137305, 'train_learning_rate': 0.0021744778455457785, 'train_lr_reduce': 0.6}. Best is trial 673 with value: 0.11172225326299667.
[I 2024-12-19 19:31:13,249] Trial 925 finished with value: 1.1424771547317505 and parameters: {'mlp_n_layers': 2, 'mlp_dim_00': 415, 'mlp_dim_01': 492, 'node_hidden_dim': 33, 'edge_hidden_dim': 61, 'depth': 1, 'rep_dropout': 0.040801720944126756, 'train_learning_rate': 0.0014140024270734499, 'train_lr_reduce': 0.6}. Best is trial 673 with value: 0.11172225326299667.
[I 2024-12-19 19:31:20,051] Trial 924 finished with value: 0.14164170622825623 and parameters: {'mlp_n_layers': 1, 'mlp_dim_00': 387, 'node_hidden_dim': 35, 'edge_hidden_dim': 56, 'depth': 1, 'rep_dropout': 0.005700894843575277, 'train_learning_rate': 0.004720691790095432, 'train_lr_reduce': 0.6}. Best is trial 673 with value: 0.11172225326299667.
[I 2024-12-19 19:31:53,361] Trial 927 finished with value: 0.1473304182291031 and parameters: {'mlp_n_layers': 1, 'mlp_dim_00': 508, 'node_hidden_dim': 34, 'edge_hidden_dim': 54, 'depth': 1, 'rep_dropout': 0.048420895902154676, 'train_learning_rate': 0.008034143711812398, 'train_lr_reduce': 0.6}. Best is trial 673 with value: 0.11172225326299667.
[I 2024-12-19 19:31:55,269] Trial 926 finished with value: 0.11794914305210114 and parameters: {'mlp_n_layers': 1, 'mlp_dim_00': 417, 'node_hidden_dim': 52, 'edge_hidden_dim': 59, 'depth': 1, 'rep_dropout': 0.036366451635633935, 'train_learning_rate': 0.002479642604188197, 'train_lr_reduce': 0.6}. Best is trial 673 with value: 0.11172225326299667.
[I 2024-12-19 19:31:58,109] Trial 929 finished with value: 1.1420243978500366 and parameters: {'mlp_n_layers': 1, 'mlp_dim_00': 305, 'node_hidden_dim': 37, 'edge_hidden_dim': 33, 'depth': 1, 'rep_dropout': 0.0034231010168659474, 'train_learning_rate': 0.0016732572170959736, 'train_lr_reduce': 0.6}. Best is trial 673 with value: 0.11172225326299667.
[I 2024-12-19 19:32:01,996] Trial 930 finished with value: 1.1424309015274048 and parameters: {'mlp_n_layers': 4, 'mlp_dim_00': 437, 'mlp_dim_01': 475, 'mlp_dim_02': 203, 'mlp_dim_03': 350, 'node_hidden_dim': 49, 'edge_hidden_dim': 104, 'depth': 2, 'rep_dropout': 0.08618825899845003, 'train_learning_rate': 0.000541334108447579, 'train_lr_reduce': 0.6}. Best is trial 673 with value: 0.11172225326299667.
[I 2024-12-19 19:32:04,863] Trial 928 finished with value: 0.1512165069580078 and parameters: {'mlp_n_layers': 3, 'mlp_dim_00': 364, 'mlp_dim_01': 508, 'mlp_dim_02': 403, 'node_hidden_dim': 51, 'edge_hidden_dim': 37, 'depth': 1, 'rep_dropout': 0.08258261071325468, 'train_learning_rate': 0.0024355796820904213, 'train_lr_reduce': 0.6}. Best is trial 673 with value: 0.11172225326299667.
[I 2024-12-19 19:32:29,278] Trial 933 finished with value: 0.36692512035369873 and parameters: {'mlp_n_layers': 1, 'mlp_dim_00': 407, 'node_hidden_dim': 61, 'edge_hidden_dim': 72, 'depth': 1, 'rep_dropout': 0.03275399806278857, 'train_learning_rate': 0.008131864168792994, 'train_lr_reduce': 0.6}. Best is trial 673 with value: 0.11172225326299667.
[I 2024-12-19 19:32:31,168] Trial 931 finished with value: 0.13897691667079926 and parameters: {'mlp_n_layers': 1, 'mlp_dim_00': 471, 'node_hidden_dim': 51, 'edge_hidden_dim': 50, 'depth': 1, 'rep_dropout': 0.00943094733546495, 'train_learning_rate': 0.003713125748852299, 'train_lr_reduce': 0.6}. Best is trial 673 with value: 0.11172225326299667.
[I 2024-12-19 19:32:48,311] Trial 932 finished with value: 0.1259317845106125 and parameters: {'mlp_n_layers': 1, 'mlp_dim_00': 461, 'node_hidden_dim': 39, 'edge_hidden_dim': 57, 'depth': 1, 'rep_dropout': 0.06829639271131738, 'train_learning_rate': 0.002942406884824648, 'train_lr_reduce': 0.6}. Best is trial 673 with value: 0.11172225326299667.
[I 2024-12-19 19:32:55,671] Trial 936 finished with value: 1.1459059715270996 and parameters: {'mlp_n_layers': 1, 'mlp_dim_00': 209, 'node_hidden_dim': 112, 'edge_hidden_dim': 80, 'depth': 2, 'rep_dropout': 0.01568253958200746, 'train_learning_rate': 0.000356946046462633, 'train_lr_reduce': 0.6}. Best is trial 673 with value: 0.11172225326299667.
[I 2024-12-19 19:33:04,354] Trial 934 finished with value: 0.18881596624851227 and parameters: {'mlp_n_layers': 1, 'mlp_dim_00': 462, 'node_hidden_dim': 92, 'edge_hidden_dim': 35, 'depth': 1, 'rep_dropout': 0.13093623306715532, 'train_learning_rate': 0.008453449120141432, 'train_lr_reduce': 0.6}. Best is trial 673 with value: 0.11172225326299667.
[I 2024-12-19 19:33:16,690] Trial 937 finished with value: 0.29071205854415894 and parameters: {'mlp_n_layers': 2, 'mlp_dim_00': 488, 'mlp_dim_01': 481, 'node_hidden_dim': 60, 'edge_hidden_dim': 55, 'depth': 1, 'rep_dropout': 0.031069837750436216, 'train_learning_rate': 0.00939056310873065, 'train_lr_reduce': 0.6}. Best is trial 673 with value: 0.11172225326299667.
[I 2024-12-19 19:33:20,218] Trial 935 finished with value: 0.12445396929979324 and parameters: {'mlp_n_layers': 4, 'mlp_dim_00': 388, 'mlp_dim_01': 476, 'mlp_dim_02': 137, 'mlp_dim_03': 223, 'node_hidden_dim': 66, 'edge_hidden_dim': 127, 'depth': 1, 'rep_dropout': 0.09557142884068942, 'train_learning_rate': 0.005523090655938555, 'train_lr_reduce': 0.6}. Best is trial 673 with value: 0.11172225326299667.
[I 2024-12-19 19:33:24,607] Trial 939 finished with value: 1.142084002494812 and parameters: {'mlp_n_layers': 3, 'mlp_dim_00': 326, 'mlp_dim_01': 466, 'mlp_dim_02': 468, 'node_hidden_dim': 32, 'edge_hidden_dim': 78, 'depth': 4, 'rep_dropout': 0.13565697373681251, 'train_learning_rate': 0.00013434195432471691, 'train_lr_reduce': 0.6}. Best is trial 673 with value: 0.11172225326299667.
[I 2024-12-19 19:33:31,332] Trial 941 finished with value: 1.142181634902954 and parameters: {'mlp_n_layers': 1, 'mlp_dim_00': 469, 'node_hidden_dim': 85, 'edge_hidden_dim': 63, 'depth': 3, 'rep_dropout': 0.12515639403002823, 'train_learning_rate': 0.00211175834714553, 'train_lr_reduce': 0.6}. Best is trial 673 with value: 0.11172225326299667.
[I 2024-12-19 19:33:47,637] Trial 938 finished with value: 0.15522140264511108 and parameters: {'mlp_n_layers': 1, 'mlp_dim_00': 409, 'node_hidden_dim': 69, 'edge_hidden_dim': 71, 'depth': 1, 'rep_dropout': 0.024502383642053087, 'train_learning_rate': 0.002753431163849112, 'train_lr_reduce': 0.6}. Best is trial 673 with value: 0.11172225326299667.
[I 2024-12-19 19:33:54,344] Trial 943 finished with value: 1.1483875513076782 and parameters: {'mlp_n_layers': 1, 'mlp_dim_00': 376, 'node_hidden_dim': 51, 'edge_hidden_dim': 61, 'depth': 2, 'rep_dropout': 0.02743204941345701, 'train_learning_rate': 0.0011423510450399499, 'train_lr_reduce': 0.6}. Best is trial 673 with value: 0.11172225326299667.
[I 2024-12-19 19:33:54,410] Trial 940 finished with value: 0.1450594961643219 and parameters: {'mlp_n_layers': 3, 'mlp_dim_00': 512, 'mlp_dim_01': 509, 'mlp_dim_02': 340, 'node_hidden_dim': 56, 'edge_hidden_dim': 66, 'depth': 1, 'rep_dropout': 0.009317933249546622, 'train_learning_rate': 0.009851339880320737, 'train_lr_reduce': 0.6}. Best is trial 673 with value: 0.11172225326299667.
[I 2024-12-19 19:33:59,639] Trial 944 finished with value: 1.1448941230773926 and parameters: {'mlp_n_layers': 2, 'mlp_dim_00': 509, 'mlp_dim_01': 466, 'node_hidden_dim': 40, 'edge_hidden_dim': 45, 'depth': 1, 'rep_dropout': 0.07203503013223495, 'train_learning_rate': 0.0019241302329029704, 'train_lr_reduce': 0.6}. Best is trial 673 with value: 0.11172225326299667.
[I 2024-12-19 19:34:17,994] Trial 942 finished with value: 0.1411992907524109 and parameters: {'mlp_n_layers': 2, 'mlp_dim_00': 492, 'mlp_dim_01': 459, 'node_hidden_dim': 56, 'edge_hidden_dim': 85, 'depth': 1, 'rep_dropout': 0.05092431166625135, 'train_learning_rate': 0.0019831697041657903, 'train_lr_reduce': 0.6}. Best is trial 673 with value: 0.11172225326299667.
[I 2024-12-19 19:34:23,129] Trial 947 finished with value: 1.1437500715255737 and parameters: {'mlp_n_layers': 2, 'mlp_dim_00': 467, 'mlp_dim_01': 443, 'node_hidden_dim': 55, 'edge_hidden_dim': 70, 'depth': 1, 'rep_dropout': 0.04198092156586103, 'train_learning_rate': 0.0018669957108523364, 'train_lr_reduce': 0.6}. Best is trial 673 with value: 0.11172225326299667.
[I 2024-12-19 19:34:33,321] Trial 946 finished with value: 0.18400202691555023 and parameters: {'mlp_n_layers': 1, 'mlp_dim_00': 476, 'node_hidden_dim': 52, 'edge_hidden_dim': 58, 'depth': 1, 'rep_dropout': 0.026043554112958618, 'train_learning_rate': 0.0014455742296890911, 'train_lr_reduce': 0.6}. Best is trial 673 with value: 0.11172225326299667.
[I 2024-12-19 19:34:36,626] Trial 945 finished with value: 0.15935678780078888 and parameters: {'mlp_n_layers': 2, 'mlp_dim_00': 445, 'mlp_dim_01': 464, 'node_hidden_dim': 50, 'edge_hidden_dim': 57, 'depth': 1, 'rep_dropout': 0.0719291696623891, 'train_learning_rate': 0.0019196894243267428, 'train_lr_reduce': 0.6}. Best is trial 673 with value: 0.11172225326299667.
[I 2024-12-19 19:35:06,955] Trial 948 finished with value: 0.14042460918426514 and parameters: {'mlp_n_layers': 1, 'mlp_dim_00': 396, 'node_hidden_dim': 46, 'edge_hidden_dim': 61, 'depth': 1, 'rep_dropout': 0.042281378764789664, 'train_learning_rate': 0.00238821050979981, 'train_lr_reduce': 0.6}. Best is trial 673 with value: 0.11172225326299667.
[I 2024-12-19 19:35:13,856] Trial 949 finished with value: 0.14771616458892822 and parameters: {'mlp_n_layers': 1, 'mlp_dim_00': 404, 'node_hidden_dim': 51, 'edge_hidden_dim': 71, 'depth': 1, 'rep_dropout': 0.03575464229717001, 'train_learning_rate': 0.003041694064359396, 'train_lr_reduce': 0.6}. Best is trial 673 with value: 0.11172225326299667.
[I 2024-12-19 19:35:17,710] Trial 950 finished with value: 0.1548623889684677 and parameters: {'mlp_n_layers': 1, 'mlp_dim_00': 407, 'node_hidden_dim': 32, 'edge_hidden_dim': 50, 'depth': 1, 'rep_dropout': 0.02522162143080774, 'train_learning_rate': 0.006882996510155539, 'train_lr_reduce': 0.6}. Best is trial 673 with value: 0.11172225326299667.
[I 2024-12-19 19:35:22,354] Trial 953 finished with value: 1.1420769691467285 and parameters: {'mlp_n_layers': 1, 'mlp_dim_00': 363, 'node_hidden_dim': 55, 'edge_hidden_dim': 74, 'depth': 1, 'rep_dropout': 0.034924604071374224, 'train_learning_rate': 0.0008512243181284397, 'train_lr_reduce': 0.6}. Best is trial 673 with value: 0.11172225326299667.
[I 2024-12-19 19:35:37,452] Trial 951 finished with value: 0.15613459050655365 and parameters: {'mlp_n_layers': 1, 'mlp_dim_00': 498, 'node_hidden_dim': 47, 'edge_hidden_dim': 55, 'depth': 1, 'rep_dropout': 0.040048992746052364, 'train_learning_rate': 0.0035120876948691797, 'train_lr_reduce': 0.6}. Best is trial 673 with value: 0.11172225326299667.
[I 2024-12-19 19:35:55,092] Trial 954 finished with value: 0.23597893118858337 and parameters: {'mlp_n_layers': 1, 'mlp_dim_00': 290, 'node_hidden_dim': 44, 'edge_hidden_dim': 47, 'depth': 1, 'rep_dropout': 0.008469000323904286, 'train_learning_rate': 0.008915372781662297, 'train_lr_reduce': 0.6}. Best is trial 673 with value: 0.11172225326299667.
[I 2024-12-19 19:35:57,138] Trial 952 finished with value: 0.12797623872756958 and parameters: {'mlp_n_layers': 1, 'mlp_dim_00': 359, 'node_hidden_dim': 42, 'edge_hidden_dim': 33, 'depth': 1, 'rep_dropout': 0.017984779419388943, 'train_learning_rate': 0.004507537345794799, 'train_lr_reduce': 0.6}. Best is trial 673 with value: 0.11172225326299667.
[I 2024-12-19 19:36:00,612] Trial 956 finished with value: 1.142400860786438 and parameters: {'mlp_n_layers': 4, 'mlp_dim_00': 108, 'mlp_dim_01': 444, 'mlp_dim_02': 242, 'mlp_dim_03': 110, 'node_hidden_dim': 33, 'edge_hidden_dim': 32, 'depth': 2, 'rep_dropout': 0.05082537417592363, 'train_learning_rate': 0.00431017741757362, 'train_lr_reduce': 0.6}. Best is trial 673 with value: 0.11172225326299667.
[I 2024-12-19 19:36:06,905] Trial 958 finished with value: 1.1421133279800415 and parameters: {'mlp_n_layers': 3, 'mlp_dim_00': 407, 'mlp_dim_01': 504, 'mlp_dim_02': 400, 'node_hidden_dim': 33, 'edge_hidden_dim': 33, 'depth': 4, 'rep_dropout': 0.061022499525295114, 'train_learning_rate': 0.0005304837191195852, 'train_lr_reduce': 0.6}. Best is trial 673 with value: 0.11172225326299667.
[I 2024-12-19 19:36:21,395] Trial 955 finished with value: 0.13351744413375854 and parameters: {'mlp_n_layers': 2, 'mlp_dim_00': 450, 'mlp_dim_01': 460, 'node_hidden_dim': 46, 'edge_hidden_dim': 63, 'depth': 1, 'rep_dropout': 0.044850420225552926, 'train_learning_rate': 0.00246516701062953, 'train_lr_reduce': 0.6}. Best is trial 673 with value: 0.11172225326299667.
[I 2024-12-19 19:36:27,646] Trial 960 finished with value: 1.1428241729736328 and parameters: {'mlp_n_layers': 1, 'mlp_dim_00': 346, 'node_hidden_dim': 51, 'edge_hidden_dim': 34, 'depth': 2, 'rep_dropout': 0.03908294280022885, 'train_learning_rate': 0.002792646639709077, 'train_lr_reduce': 0.6}. Best is trial 673 with value: 0.11172225326299667.
[I 2024-12-19 19:36:33,230] Trial 961 finished with value: 1.1423064470291138 and parameters: {'mlp_n_layers': 1, 'mlp_dim_00': 400, 'node_hidden_dim': 34, 'edge_hidden_dim': 75, 'depth': 2, 'rep_dropout': 0.05169014951435387, 'train_learning_rate': 0.004247748420377696, 'train_lr_reduce': 0.6}. Best is trial 673 with value: 0.11172225326299667.
[I 2024-12-19 19:36:36,028] Trial 957 finished with value: 0.14826475083827972 and parameters: {'mlp_n_layers': 1, 'mlp_dim_00': 432, 'node_hidden_dim': 50, 'edge_hidden_dim': 54, 'depth': 1, 'rep_dropout': 0.032864081350588985, 'train_learning_rate': 0.007380716353233256, 'train_lr_reduce': 0.6}. Best is trial 673 with value: 0.11172225326299667.
[I 2024-12-19 19:36:40,036] Trial 962 finished with value: 1.1422851085662842 and parameters: {'mlp_n_layers': 1, 'mlp_dim_00': 428, 'node_hidden_dim': 55, 'edge_hidden_dim': 32, 'depth': 2, 'rep_dropout': 0.05449423877357783, 'train_learning_rate': 0.008774179707282878, 'train_lr_reduce': 0.6}. Best is trial 673 with value: 0.11172225326299667.
[I 2024-12-19 19:36:41,061] Trial 963 finished with value: 1.1435664892196655 and parameters: {'mlp_n_layers': 2, 'mlp_dim_00': 372, 'mlp_dim_01': 444, 'node_hidden_dim': 33, 'edge_hidden_dim': 47, 'depth': 1, 'rep_dropout': 0.05211488067005637, 'train_learning_rate': 0.0015250920137352226, 'train_lr_reduce': 0.6}. Best is trial 673 with value: 0.11172225326299667.
[I 2024-12-19 19:36:46,110] Trial 964 finished with value: 1.144689679145813 and parameters: {'mlp_n_layers': 1, 'mlp_dim_00': 401, 'node_hidden_dim': 32, 'edge_hidden_dim': 52, 'depth': 2, 'rep_dropout': 0.023149475117979844, 'train_learning_rate': 0.004214467790374775, 'train_lr_reduce': 0.6}. Best is trial 673 with value: 0.11172225326299667.
