[I 2024-12-25 16:04:36,989] Trial 415 finished with value: 0.06952322274446487 and parameters: {'L1_hidden_dim': 80, 'L1_layers_atom': 4, 'L1_layers_mol': 1, 'L1_dropout': 0.22501585867016988, 'L1_out_dim': 80, 'L2_hidden_dim': 224, 'L2_layers_atom': 3, 'L2_layers_mol': 2, 'L2_out_dim': 96, 'L2_dropout': 0.05694132811716816, 'L3_hidden_dim': 112, 'L3_layers_atom': 4, 'L3_layers_mol': 3, 'L3_out_dim': 96, 'L3_dropout': 0.19266036887444915, 'n_mlp_layers': 2, 'mlp_dim_0': 136, 'mlp_dim_1': 464, 'num_heads': 2, 'final_dropout': 0.058108547556323956, 'train_learning_rate': 0.00022596854632636664, 'train_lr_reduce': 0.6}. Best is trial 332 with value: 0.04597867280244827.
[I 2024-12-25 16:05:06,223] Trial 417 finished with value: 0.08485166728496552 and parameters: {'L1_hidden_dim': 160, 'L1_layers_atom': 2, 'L1_layers_mol': 2, 'L1_dropout': 0.2515195350457057, 'L1_out_dim': 96, 'L2_hidden_dim': 240, 'L2_layers_atom': 3, 'L2_layers_mol': 1, 'L2_out_dim': 64, 'L2_dropout': 0.038139194730185566, 'L3_hidden_dim': 48, 'L3_layers_atom': 4, 'L3_layers_mol': 1, 'L3_out_dim': 80, 'L3_dropout': 0.11697152975954135, 'n_mlp_layers': 3, 'mlp_dim_0': 312, 'mlp_dim_1': 416, 'mlp_dim_2': 352, 'num_heads': 2, 'final_dropout': 0.20053104736217, 'train_learning_rate': 0.0009673456045559992, 'train_lr_reduce': 0.6}. Best is trial 332 with value: 0.04597867280244827.
[I 2024-12-25 16:05:11,432] Trial 419 finished with value: 0.7216141223907471 and parameters: {'L1_hidden_dim': 80, 'L1_layers_atom': 1, 'L1_layers_mol': 2, 'L1_dropout': 0.2616105773618032, 'L1_out_dim': 32, 'L2_hidden_dim': 144, 'L2_layers_atom': 4, 'L2_layers_mol': 3, 'L2_out_dim': 112, 'L2_dropout': 0.02534224861569275, 'L3_hidden_dim': 32, 'L3_layers_atom': 4, 'L3_layers_mol': 2, 'L3_out_dim': 112, 'L3_dropout': 0.2614750596925458, 'n_mlp_layers': 2, 'mlp_dim_0': 288, 'mlp_dim_1': 232, 'num_heads': 1, 'final_dropout': 0.006685704661022705, 'train_learning_rate': 0.004353656656176992, 'train_lr_reduce': 0.6}. Best is trial 332 with value: 0.04597867280244827.
[I 2024-12-25 16:05:44,957] Trial 418 finished with value: 0.07724688202142715 and parameters: {'L1_hidden_dim': 112, 'L1_layers_atom': 4, 'L1_layers_mol': 1, 'L1_dropout': 0.1639583595219028, 'L1_out_dim': 96, 'L2_hidden_dim': 256, 'L2_layers_atom': 4, 'L2_layers_mol': 2, 'L2_out_dim': 96, 'L2_dropout': 0.12769764086679009, 'L3_hidden_dim': 96, 'L3_layers_atom': 1, 'L3_layers_mol': 3, 'L3_out_dim': 112, 'L3_dropout': 0.018082937849571087, 'n_mlp_layers': 2, 'mlp_dim_0': 184, 'mlp_dim_1': 464, 'num_heads': 2, 'final_dropout': 0.07067612033612479, 'train_learning_rate': 0.0006338787245074428, 'train_lr_reduce': 0.6}. Best is trial 332 with value: 0.04597867280244827.
[I 2024-12-25 16:05:49,558] Trial 421 finished with value: 0.6150845885276794 and parameters: {'L1_hidden_dim': 112, 'L1_layers_atom': 4, 'L1_layers_mol': 2, 'L1_dropout': 0.1702730504294101, 'L1_out_dim': 32, 'L2_hidden_dim': 128, 'L2_layers_atom': 3, 'L2_layers_mol': 3, 'L2_out_dim': 128, 'L2_dropout': 0.012945011299051519, 'L3_hidden_dim': 32, 'L3_layers_atom': 2, 'L3_layers_mol': 2, 'L3_out_dim': 112, 'L3_dropout': 0.169895102271431, 'n_mlp_layers': 2, 'mlp_dim_0': 352, 'mlp_dim_1': 512, 'num_heads': 1, 'final_dropout': 0.03565912035804974, 'train_learning_rate': 0.005816319830255984, 'train_lr_reduce': 0.6}. Best is trial 332 with value: 0.04597867280244827.
[I 2024-12-25 16:06:31,420] Trial 420 finished with value: 0.09198698401451111 and parameters: {'L1_hidden_dim': 64, 'L1_layers_atom': 2, 'L1_layers_mol': 3, 'L1_dropout': 0.1420183071946836, 'L1_out_dim': 96, 'L2_hidden_dim': 224, 'L2_layers_atom': 3, 'L2_layers_mol': 2, 'L2_out_dim': 64, 'L2_dropout': 0.1144073448140563, 'L3_hidden_dim': 32, 'L3_layers_atom': 4, 'L3_layers_mol': 3, 'L3_out_dim': 96, 'L3_dropout': 0.01724566733289544, 'n_mlp_layers': 3, 'mlp_dim_0': 304, 'mlp_dim_1': 352, 'mlp_dim_2': 200, 'num_heads': 1, 'final_dropout': 0.2801258307983356, 'train_learning_rate': 0.0019800503653935597, 'train_lr_reduce': 0.6}. Best is trial 332 with value: 0.04597867280244827.
[I 2024-12-25 16:07:24,146] Trial 422 finished with value: 0.06740971654653549 and parameters: {'L1_hidden_dim': 144, 'L1_layers_atom': 4, 'L1_layers_mol': 3, 'L1_dropout': 0.2903170343292713, 'L1_out_dim': 64, 'L2_hidden_dim': 224, 'L2_layers_atom': 3, 'L2_layers_mol': 1, 'L2_out_dim': 112, 'L2_dropout': 0.07768147240356568, 'L3_hidden_dim': 80, 'L3_layers_atom': 4, 'L3_layers_mol': 1, 'L3_out_dim': 128, 'L3_dropout': 0.02013121247753284, 'n_mlp_layers': 3, 'mlp_dim_0': 176, 'mlp_dim_1': 416, 'mlp_dim_2': 136, 'num_heads': 1, 'final_dropout': 0.08288005032379395, 'train_learning_rate': 0.000333494685441865, 'train_lr_reduce': 0.6}. Best is trial 332 with value: 0.04597867280244827.
[I 2024-12-25 16:08:06,121] Trial 423 finished with value: 0.06851939857006073 and parameters: {'L1_hidden_dim': 112, 'L1_layers_atom': 2, 'L1_layers_mol': 4, 'L1_dropout': 0.2993620556398401, 'L1_out_dim': 32, 'L2_hidden_dim': 176, 'L2_layers_atom': 3, 'L2_layers_mol': 3, 'L2_out_dim': 128, 'L2_dropout': 0.04294555481581342, 'L3_hidden_dim': 80, 'L3_layers_atom': 2, 'L3_layers_mol': 2, 'L3_out_dim': 128, 'L3_dropout': 0.19487509444274223, 'n_mlp_layers': 2, 'mlp_dim_0': 384, 'mlp_dim_1': 464, 'num_heads': 1, 'final_dropout': 0.028144132155128492, 'train_learning_rate': 0.0013812434819940927, 'train_lr_reduce': 0.6}. Best is trial 332 with value: 0.04597867280244827.
[I 2024-12-25 16:08:46,031] Trial 424 finished with value: 0.07713349908590317 and parameters: {'L1_hidden_dim': 128, 'L1_layers_atom': 4, 'L1_layers_mol': 2, 'L1_dropout': 0.06754688583785047, 'L1_out_dim': 80, 'L2_hidden_dim': 224, 'L2_layers_atom': 3, 'L2_layers_mol': 3, 'L2_out_dim': 80, 'L2_dropout': 0.11177931992167117, 'L3_hidden_dim': 96, 'L3_layers_atom': 3, 'L3_layers_mol': 3, 'L3_out_dim': 128, 'L3_dropout': 0.07646053209305755, 'n_mlp_layers': 2, 'mlp_dim_0': 40, 'mlp_dim_1': 464, 'num_heads': 2, 'final_dropout': 0.049709803561026264, 'train_learning_rate': 0.0004887252068350796, 'train_lr_reduce': 0.6}. Best is trial 332 with value: 0.04597867280244827.
[I 2024-12-25 16:09:31,698] Trial 425 finished with value: 0.1622949242591858 and parameters: {'L1_hidden_dim': 80, 'L1_layers_atom': 4, 'L1_layers_mol': 4, 'L1_dropout': 0.1954828230953462, 'L1_out_dim': 48, 'L2_hidden_dim': 192, 'L2_layers_atom': 3, 'L2_layers_mol': 3, 'L2_out_dim': 48, 'L2_dropout': 0.10154855957418261, 'L3_hidden_dim': 32, 'L3_layers_atom': 4, 'L3_layers_mol': 4, 'L3_out_dim': 80, 'L3_dropout': 0.006549689507811481, 'n_mlp_layers': 3, 'mlp_dim_0': 392, 'mlp_dim_1': 416, 'mlp_dim_2': 240, 'num_heads': 1, 'final_dropout': 0.05195102973039156, 'train_learning_rate': 0.007001802384093035, 'train_lr_reduce': 0.6}. Best is trial 332 with value: 0.04597867280244827.
[I 2024-12-25 16:10:02,721] Trial 426 finished with value: 0.06732846051454544 and parameters: {'L1_hidden_dim': 80, 'L1_layers_atom': 3, 'L1_layers_mol': 3, 'L1_dropout': 0.2597810880627619, 'L1_out_dim': 48, 'L2_hidden_dim': 160, 'L2_layers_atom': 4, 'L2_layers_mol': 2, 'L2_out_dim': 128, 'L2_dropout': 0.019047636596890738, 'L3_hidden_dim': 32, 'L3_layers_atom': 3, 'L3_layers_mol': 1, 'L3_out_dim': 80, 'L3_dropout': 0.2217219802354602, 'n_mlp_layers': 2, 'mlp_dim_0': 248, 'mlp_dim_1': 512, 'num_heads': 1, 'final_dropout': 0.051837529784697765, 'train_learning_rate': 0.001751071279210215, 'train_lr_reduce': 0.6}. Best is trial 332 with value: 0.04597867280244827.
[I 2024-12-25 16:10:55,810] Trial 428 finished with value: 0.13953226804733276 and parameters: {'L1_hidden_dim': 112, 'L1_layers_atom': 3, 'L1_layers_mol': 2, 'L1_dropout': 0.1493493507737534, 'L1_out_dim': 80, 'L2_hidden_dim': 224, 'L2_layers_atom': 2, 'L2_layers_mol': 2, 'L2_out_dim': 112, 'L2_dropout': 0.03368381641858158, 'L3_hidden_dim': 128, 'L3_layers_atom': 3, 'L3_layers_mol': 2, 'L3_out_dim': 128, 'L3_dropout': 0.12864402726040164, 'n_mlp_layers': 3, 'mlp_dim_0': 328, 'mlp_dim_1': 464, 'mlp_dim_2': 104, 'num_heads': 1, 'final_dropout': 0.004032463029262148, 'train_learning_rate': 0.00596251846433829, 'train_lr_reduce': 0.6}. Best is trial 332 with value: 0.04597867280244827.
[I 2024-12-25 16:11:14,772] Trial 427 finished with value: 0.07290417701005936 and parameters: {'L1_hidden_dim': 64, 'L1_layers_atom': 3, 'L1_layers_mol': 2, 'L1_dropout': 0.29634194916628315, 'L1_out_dim': 112, 'L2_hidden_dim': 176, 'L2_layers_atom': 4, 'L2_layers_mol': 1, 'L2_out_dim': 128, 'L2_dropout': 0.058075884600457546, 'L3_hidden_dim': 48, 'L3_layers_atom': 2, 'L3_layers_mol': 2, 'L3_out_dim': 48, 'L3_dropout': 0.22495275414631782, 'n_mlp_layers': 2, 'mlp_dim_0': 120, 'mlp_dim_1': 320, 'num_heads': 1, 'final_dropout': 0.04474446922744106, 'train_learning_rate': 0.00020435899195244618, 'train_lr_reduce': 0.6}. Best is trial 332 with value: 0.04597867280244827.
[I 2024-12-25 16:11:34,638] Trial 429 finished with value: 0.06875403225421906 and parameters: {'L1_hidden_dim': 64, 'L1_layers_atom': 1, 'L1_layers_mol': 3, 'L1_dropout': 0.2410896100531458, 'L1_out_dim': 48, 'L2_hidden_dim': 128, 'L2_layers_atom': 1, 'L2_layers_mol': 1, 'L2_out_dim': 128, 'L2_dropout': 0.018167264315690358, 'L3_hidden_dim': 64, 'L3_layers_atom': 4, 'L3_layers_mol': 1, 'L3_out_dim': 128, 'L3_dropout': 0.24964148242107992, 'n_mlp_layers': 1, 'mlp_dim_0': 464, 'num_heads': 1, 'final_dropout': 0.03780718653447885, 'train_learning_rate': 0.000388401837814657, 'train_lr_reduce': 0.6}. Best is trial 332 with value: 0.04597867280244827.
[I 2024-12-25 16:12:50,666] Trial 430 finished with value: 0.05896803364157677 and parameters: {'L1_hidden_dim': 64, 'L1_layers_atom': 4, 'L1_layers_mol': 3, 'L1_dropout': 0.23971398921972067, 'L1_out_dim': 112, 'L2_hidden_dim': 224, 'L2_layers_atom': 3, 'L2_layers_mol': 2, 'L2_out_dim': 128, 'L2_dropout': 0.06514106617163412, 'L3_hidden_dim': 32, 'L3_layers_atom': 4, 'L3_layers_mol': 2, 'L3_out_dim': 128, 'L3_dropout': 0.2818069926407303, 'n_mlp_layers': 2, 'mlp_dim_0': 80, 'mlp_dim_1': 408, 'num_heads': 2, 'final_dropout': 0.009106440673919414, 'train_learning_rate': 0.0005649728975419748, 'train_lr_reduce': 0.6}. Best is trial 332 with value: 0.04597867280244827.
[I 2024-12-25 16:13:00,179] Trial 431 finished with value: 0.07801305502653122 and parameters: {'L1_hidden_dim': 64, 'L1_layers_atom': 3, 'L1_layers_mol': 2, 'L1_dropout': 0.048269045093398674, 'L1_out_dim': 32, 'L2_hidden_dim': 176, 'L2_layers_atom': 2, 'L2_layers_mol': 1, 'L2_out_dim': 128, 'L2_dropout': 0.04515023378977079, 'L3_hidden_dim': 128, 'L3_layers_atom': 3, 'L3_layers_mol': 2, 'L3_out_dim': 64, 'L3_dropout': 0.0842366724877601, 'n_mlp_layers': 1, 'mlp_dim_0': 408, 'num_heads': 1, 'final_dropout': 0.12549984881251455, 'train_learning_rate': 0.0005798494395849974, 'train_lr_reduce': 0.6}. Best is trial 332 with value: 0.04597867280244827.
[I 2024-12-25 16:13:20,916] Trial 432 finished with value: 0.06640477478504181 and parameters: {'L1_hidden_dim': 144, 'L1_layers_atom': 4, 'L1_layers_mol': 2, 'L1_dropout': 0.17793017363576982, 'L1_out_dim': 96, 'L2_hidden_dim': 256, 'L2_layers_atom': 3, 'L2_layers_mol': 3, 'L2_out_dim': 128, 'L2_dropout': 0.11017819104650153, 'L3_hidden_dim': 96, 'L3_layers_atom': 2, 'L3_layers_mol': 2, 'L3_out_dim': 112, 'L3_dropout': 0.06193755536819275, 'n_mlp_layers': 2, 'mlp_dim_0': 64, 'mlp_dim_1': 464, 'num_heads': 1, 'final_dropout': 0.11578161566975986, 'train_learning_rate': 0.00036721027344732216, 'train_lr_reduce': 0.6}. Best is trial 332 with value: 0.04597867280244827.
[I 2024-12-25 16:14:17,231] Trial 433 finished with value: 0.07349751889705658 and parameters: {'L1_hidden_dim': 64, 'L1_layers_atom': 4, 'L1_layers_mol': 2, 'L1_dropout': 0.10059675047987511, 'L1_out_dim': 80, 'L2_hidden_dim': 176, 'L2_layers_atom': 3, 'L2_layers_mol': 2, 'L2_out_dim': 128, 'L2_dropout': 0.01893510642346221, 'L3_hidden_dim': 80, 'L3_layers_atom': 3, 'L3_layers_mol': 1, 'L3_out_dim': 128, 'L3_dropout': 0.2713194998875767, 'n_mlp_layers': 3, 'mlp_dim_0': 144, 'mlp_dim_1': 416, 'mlp_dim_2': 32, 'num_heads': 1, 'final_dropout': 0.049477693614093717, 'train_learning_rate': 0.0014770817616867177, 'train_lr_reduce': 0.6}. Best is trial 332 with value: 0.04597867280244827.
[I 2024-12-25 16:15:06,224] Trial 434 finished with value: 0.06710951775312424 and parameters: {'L1_hidden_dim': 128, 'L1_layers_atom': 2, 'L1_layers_mol': 1, 'L1_dropout': 0.15166004370390204, 'L1_out_dim': 48, 'L2_hidden_dim': 256, 'L2_layers_atom': 4, 'L2_layers_mol': 4, 'L2_out_dim': 112, 'L2_dropout': 0.017180701706540555, 'L3_hidden_dim': 96, 'L3_layers_atom': 2, 'L3_layers_mol': 4, 'L3_out_dim': 80, 'L3_dropout': 0.14215517228460364, 'n_mlp_layers': 2, 'mlp_dim_0': 136, 'mlp_dim_1': 448, 'num_heads': 2, 'final_dropout': 0.23009351587151616, 'train_learning_rate': 0.00011657421137755203, 'train_lr_reduce': 0.6}. Best is trial 332 with value: 0.04597867280244827.
[I 2024-12-25 16:15:23,553] Trial 435 finished with value: 0.08422846347093582 and parameters: {'L1_hidden_dim': 80, 'L1_layers_atom': 3, 'L1_layers_mol': 2, 'L1_dropout': 0.2963225288080407, 'L1_out_dim': 48, 'L2_hidden_dim': 176, 'L2_layers_atom': 4, 'L2_layers_mol': 2, 'L2_out_dim': 112, 'L2_dropout': 0.040479314717933736, 'L3_hidden_dim': 48, 'L3_layers_atom': 2, 'L3_layers_mol': 2, 'L3_out_dim': 128, 'L3_dropout': 0.27855470084064754, 'n_mlp_layers': 2, 'mlp_dim_0': 216, 'mlp_dim_1': 416, 'num_heads': 1, 'final_dropout': 0.026428560572683415, 'train_learning_rate': 0.0022245462812474585, 'train_lr_reduce': 0.6}. Best is trial 332 with value: 0.04597867280244827.
[I 2024-12-25 16:15:52,557] Trial 436 finished with value: 0.07839808613061905 and parameters: {'L1_hidden_dim': 64, 'L1_layers_atom': 4, 'L1_layers_mol': 4, 'L1_dropout': 0.27699831291444826, 'L1_out_dim': 80, 'L2_hidden_dim': 240, 'L2_layers_atom': 3, 'L2_layers_mol': 2, 'L2_out_dim': 80, 'L2_dropout': 0.1684421345764209, 'L3_hidden_dim': 64, 'L3_layers_atom': 3, 'L3_layers_mol': 1, 'L3_out_dim': 48, 'L3_dropout': 0.01425720850723438, 'n_mlp_layers': 3, 'mlp_dim_0': 368, 'mlp_dim_1': 512, 'mlp_dim_2': 432, 'num_heads': 1, 'final_dropout': 0.07124747007519824, 'train_learning_rate': 0.0029422440151664884, 'train_lr_reduce': 0.6}. Best is trial 332 with value: 0.04597867280244827.
[I 2024-12-25 16:17:35,605] Trial 437 finished with value: 0.06583675742149353 and parameters: {'L1_hidden_dim': 112, 'L1_layers_atom': 3, 'L1_layers_mol': 3, 'L1_dropout': 0.2534906745777673, 'L1_out_dim': 48, 'L2_hidden_dim': 144, 'L2_layers_atom': 4, 'L2_layers_mol': 2, 'L2_out_dim': 128, 'L2_dropout': 0.00023745292892018988, 'L3_hidden_dim': 32, 'L3_layers_atom': 3, 'L3_layers_mol': 3, 'L3_out_dim': 128, 'L3_dropout': 0.21232163669705978, 'n_mlp_layers': 2, 'mlp_dim_0': 272, 'mlp_dim_1': 416, 'num_heads': 1, 'final_dropout': 0.09208620366539584, 'train_learning_rate': 0.0003791937455512162, 'train_lr_reduce': 0.6}. Best is trial 332 with value: 0.04597867280244827.
[I 2024-12-25 16:17:57,834] Trial 438 finished with value: 0.1158732995390892 and parameters: {'L1_hidden_dim': 64, 'L1_layers_atom': 4, 'L1_layers_mol': 1, 'L1_dropout': 0.2774007161209515, 'L1_out_dim': 112, 'L2_hidden_dim': 208, 'L2_layers_atom': 3, 'L2_layers_mol': 3, 'L2_out_dim': 128, 'L2_dropout': 0.132875241741513, 'L3_hidden_dim': 32, 'L3_layers_atom': 4, 'L3_layers_mol': 3, 'L3_out_dim': 96, 'L3_dropout': 0.29262223106916013, 'n_mlp_layers': 1, 'mlp_dim_0': 184, 'num_heads': 2, 'final_dropout': 0.023483929880079094, 'train_learning_rate': 0.0006587392476407159, 'train_lr_reduce': 0.6}. Best is trial 332 with value: 0.04597867280244827.
[I 2024-12-25 16:18:22,123] Trial 441 finished with value: 1.1397192478179932 and parameters: {'L1_hidden_dim': 80, 'L1_layers_atom': 4, 'L1_layers_mol': 3, 'L1_dropout': 0.22084464551262933, 'L1_out_dim': 112, 'L2_hidden_dim': 224, 'L2_layers_atom': 3, 'L2_layers_mol': 3, 'L2_out_dim': 112, 'L2_dropout': 0.020541227587381215, 'L3_hidden_dim': 48, 'L3_layers_atom': 4, 'L3_layers_mol': 2, 'L3_out_dim': 112, 'L3_dropout': 0.295422406261715, 'n_mlp_layers': 2, 'mlp_dim_0': 192, 'mlp_dim_1': 416, 'num_heads': 2, 'final_dropout': 0.03247610880995787, 'train_learning_rate': 0.00025466353033772737, 'train_lr_reduce': 0.6}. Best is trial 332 with value: 0.04597867280244827.
[I 2024-12-25 16:19:35,987] Trial 440 finished with value: 0.10136014968156815 and parameters: {'L1_hidden_dim': 96, 'L1_layers_atom': 2, 'L1_layers_mol': 3, 'L1_dropout': 0.299713326535263, 'L1_out_dim': 112, 'L2_hidden_dim': 240, 'L2_layers_atom': 2, 'L2_layers_mol': 2, 'L2_out_dim': 128, 'L2_dropout': 0.002015862703278361, 'L3_hidden_dim': 128, 'L3_layers_atom': 2, 'L3_layers_mol': 1, 'L3_out_dim': 128, 'L3_dropout': 0.19025719165682922, 'n_mlp_layers': 3, 'mlp_dim_0': 424, 'mlp_dim_1': 512, 'mlp_dim_2': 88, 'num_heads': 2, 'final_dropout': 0.05579454602230338, 'train_learning_rate': 0.003323693597157522, 'train_lr_reduce': 0.6}. Best is trial 332 with value: 0.04597867280244827.
[I 2024-12-25 16:20:58,348] Trial 439 finished with value: 0.07236525416374207 and parameters: {'L1_hidden_dim': 160, 'L1_layers_atom': 3, 'L1_layers_mol': 4, 'L1_dropout': 0.2556603542117993, 'L1_out_dim': 80, 'L2_hidden_dim': 240, 'L2_layers_atom': 1, 'L2_layers_mol': 3, 'L2_out_dim': 128, 'L2_dropout': 0.055936295754233534, 'L3_hidden_dim': 128, 'L3_layers_atom': 3, 'L3_layers_mol': 1, 'L3_out_dim': 128, 'L3_dropout': 0.24080856709786774, 'n_mlp_layers': 2, 'mlp_dim_0': 288, 'mlp_dim_1': 464, 'num_heads': 1, 'final_dropout': 0.17701309169357254, 'train_learning_rate': 0.0032290001403146736, 'train_lr_reduce': 0.6}. Best is trial 332 with value: 0.04597867280244827.
[I 2024-12-25 16:21:29,684] Trial 442 finished with value: 0.06453923135995865 and parameters: {'L1_hidden_dim': 96, 'L1_layers_atom': 4, 'L1_layers_mol': 1, 'L1_dropout': 0.2946146578892062, 'L1_out_dim': 48, 'L2_hidden_dim': 256, 'L2_layers_atom': 4, 'L2_layers_mol': 2, 'L2_out_dim': 112, 'L2_dropout': 0.008167728941491821, 'L3_hidden_dim': 80, 'L3_layers_atom': 4, 'L3_layers_mol': 1, 'L3_out_dim': 96, 'L3_dropout': 0.2686171969768994, 'n_mlp_layers': 2, 'mlp_dim_0': 192, 'mlp_dim_1': 464, 'num_heads': 2, 'final_dropout': 0.16595359763315595, 'train_learning_rate': 0.00014383975567841645, 'train_lr_reduce': 0.6}. Best is trial 332 with value: 0.04597867280244827.
[I 2024-12-25 16:22:02,292] Trial 443 finished with value: 0.0749053806066513 and parameters: {'L1_hidden_dim': 64, 'L1_layers_atom': 4, 'L1_layers_mol': 2, 'L1_dropout': 0.265894271517217, 'L1_out_dim': 112, 'L2_hidden_dim': 176, 'L2_layers_atom': 2, 'L2_layers_mol': 1, 'L2_out_dim': 112, 'L2_dropout': 0.06560824661354743, 'L3_hidden_dim': 32, 'L3_layers_atom': 4, 'L3_layers_mol': 1, 'L3_out_dim': 80, 'L3_dropout': 0.24897509090480816, 'n_mlp_layers': 2, 'mlp_dim_0': 104, 'mlp_dim_1': 512, 'num_heads': 2, 'final_dropout': 0.050278572496620634, 'train_learning_rate': 0.0004365226691242707, 'train_lr_reduce': 0.6}. Best is trial 332 with value: 0.04597867280244827.
[I 2024-12-25 16:22:47,748] Trial 444 finished with value: 0.07660986483097076 and parameters: {'L1_hidden_dim': 64, 'L1_layers_atom': 2, 'L1_layers_mol': 1, 'L1_dropout': 0.21039141489000926, 'L1_out_dim': 48, 'L2_hidden_dim': 224, 'L2_layers_atom': 4, 'L2_layers_mol': 4, 'L2_out_dim': 112, 'L2_dropout': 0.004779085723328584, 'L3_hidden_dim': 64, 'L3_layers_atom': 4, 'L3_layers_mol': 3, 'L3_out_dim': 48, 'L3_dropout': 0.19245009118426318, 'n_mlp_layers': 2, 'mlp_dim_0': 256, 'mlp_dim_1': 464, 'num_heads': 2, 'final_dropout': 0.24617937481822658, 'train_learning_rate': 0.000615064319815412, 'train_lr_reduce': 0.6}. Best is trial 332 with value: 0.04597867280244827.
[I 2024-12-25 16:23:20,869] Trial 445 finished with value: 0.07516232877969742 and parameters: {'L1_hidden_dim': 64, 'L1_layers_atom': 4, 'L1_layers_mol': 3, 'L1_dropout': 0.21352489619022771, 'L1_out_dim': 128, 'L2_hidden_dim': 192, 'L2_layers_atom': 3, 'L2_layers_mol': 2, 'L2_out_dim': 128, 'L2_dropout': 0.195494605037579, 'L3_hidden_dim': 32, 'L3_layers_atom': 4, 'L3_layers_mol': 2, 'L3_out_dim': 112, 'L3_dropout': 0.2664684256226414, 'n_mlp_layers': 3, 'mlp_dim_0': 152, 'mlp_dim_1': 416, 'mlp_dim_2': 144, 'num_heads': 2, 'final_dropout': 0.05559529524857605, 'train_learning_rate': 0.0028504438059672073, 'train_lr_reduce': 0.6}. Best is trial 332 with value: 0.04597867280244827.
[I 2024-12-25 16:23:53,963] Trial 446 finished with value: 0.07185128331184387 and parameters: {'L1_hidden_dim': 144, 'L1_layers_atom': 4, 'L1_layers_mol': 3, 'L1_dropout': 0.2926732896802959, 'L1_out_dim': 96, 'L2_hidden_dim': 256, 'L2_layers_atom': 3, 'L2_layers_mol': 3, 'L2_out_dim': 32, 'L2_dropout': 0.05047356760803724, 'L3_hidden_dim': 64, 'L3_layers_atom': 4, 'L3_layers_mol': 1, 'L3_out_dim': 80, 'L3_dropout': 0.00426710089474884, 'n_mlp_layers': 2, 'mlp_dim_0': 232, 'mlp_dim_1': 464, 'num_heads': 1, 'final_dropout': 0.11538949359448548, 'train_learning_rate': 0.0009735901937850353, 'train_lr_reduce': 0.6}. Best is trial 332 with value: 0.04597867280244827.
[I 2024-12-25 16:24:26,844] Trial 447 finished with value: 0.075252003967762 and parameters: {'L1_hidden_dim': 80, 'L1_layers_atom': 4, 'L1_layers_mol': 3, 'L1_dropout': 0.28904230804549047, 'L1_out_dim': 96, 'L2_hidden_dim': 224, 'L2_layers_atom': 1, 'L2_layers_mol': 1, 'L2_out_dim': 112, 'L2_dropout': 0.05962680461227203, 'L3_hidden_dim': 32, 'L3_layers_atom': 2, 'L3_layers_mol': 2, 'L3_out_dim': 96, 'L3_dropout': 0.17838743611944818, 'n_mlp_layers': 2, 'mlp_dim_0': 104, 'mlp_dim_1': 512, 'num_heads': 2, 'final_dropout': 0.03448955690068298, 'train_learning_rate': 0.00026500955562427356, 'train_lr_reduce': 0.6}. Best is trial 332 with value: 0.04597867280244827.
