[I 2024-12-26 05:43:56,594] Trial 1866 finished with value: 0.08802696317434311 and parameters: {'L1_hidden_dim': 112, 'L1_layers_atom': 4, 'L1_layers_mol': 3, 'L1_dropout': 0.2816675512019254, 'L1_out_dim': 112, 'L2_hidden_dim': 224, 'L2_layers_atom': 1, 'L2_layers_mol': 4, 'L2_out_dim': 64, 'L2_dropout': 0.07036960181145296, 'L3_hidden_dim': 64, 'L3_layers_atom': 4, 'L3_layers_mol': 4, 'L3_out_dim': 128, 'L3_dropout': 0.04240440944832928, 'n_mlp_layers': 2, 'mlp_dim_0': 208, 'mlp_dim_1': 328, 'num_heads': 2, 'final_dropout': 0.2216907089572437, 'train_learning_rate': 0.001790600230191004, 'train_lr_reduce': 0.6}. Best is trial 1286 with value: 0.03935658559203148.
[I 2024-12-26 05:44:31,911] Trial 1867 finished with value: 0.16399459540843964 and parameters: {'L1_hidden_dim': 208, 'L1_layers_atom': 3, 'L1_layers_mol': 3, 'L1_dropout': 0.10194112639235042, 'L1_out_dim': 96, 'L2_hidden_dim': 224, 'L2_layers_atom': 4, 'L2_layers_mol': 1, 'L2_out_dim': 64, 'L2_dropout': 0.18339988222749393, 'L3_hidden_dim': 96, 'L3_layers_atom': 1, 'L3_layers_mol': 3, 'L3_out_dim': 48, 'L3_dropout': 0.09786292718206212, 'n_mlp_layers': 2, 'mlp_dim_0': 320, 'mlp_dim_1': 480, 'num_heads': 1, 'final_dropout': 0.11793216389677302, 'train_learning_rate': 0.0001666337825497596, 'train_lr_reduce': 0.6}. Best is trial 1286 with value: 0.03935658559203148.
[I 2024-12-26 05:45:01,737] Trial 1868 finished with value: 0.07882105559110641 and parameters: {'L1_hidden_dim': 64, 'L1_layers_atom': 4, 'L1_layers_mol': 1, 'L1_dropout': 0.2865620750824182, 'L1_out_dim': 112, 'L2_hidden_dim': 192, 'L2_layers_atom': 4, 'L2_layers_mol': 1, 'L2_out_dim': 80, 'L2_dropout': 0.06147476355319352, 'L3_hidden_dim': 80, 'L3_layers_atom': 2, 'L3_layers_mol': 1, 'L3_out_dim': 96, 'L3_dropout': 0.2662086966298391, 'n_mlp_layers': 2, 'mlp_dim_0': 32, 'mlp_dim_1': 208, 'num_heads': 1, 'final_dropout': 0.023337926033925274, 'train_learning_rate': 0.0008523676576252784, 'train_lr_reduce': 0.6}. Best is trial 1286 with value: 0.03935658559203148.
[I 2024-12-26 05:45:08,337] Trial 1869 finished with value: 0.08820146322250366 and parameters: {'L1_hidden_dim': 80, 'L1_layers_atom': 4, 'L1_layers_mol': 4, 'L1_dropout': 0.20829245789131895, 'L1_out_dim': 32, 'L2_hidden_dim': 112, 'L2_layers_atom': 3, 'L2_layers_mol': 2, 'L2_out_dim': 32, 'L2_dropout': 0.022215950549470703, 'L3_hidden_dim': 64, 'L3_layers_atom': 3, 'L3_layers_mol': 2, 'L3_out_dim': 112, 'L3_dropout': 0.05552586830323417, 'n_mlp_layers': 3, 'mlp_dim_0': 488, 'mlp_dim_1': 408, 'mlp_dim_2': 88, 'num_heads': 1, 'final_dropout': 0.1734466222117537, 'train_learning_rate': 0.006707096231364649, 'train_lr_reduce': 0.6}. Best is trial 1286 with value: 0.03935658559203148.
[I 2024-12-26 05:45:41,393] Trial 1870 finished with value: 0.08670826256275177 and parameters: {'L1_hidden_dim': 64, 'L1_layers_atom': 3, 'L1_layers_mol': 2, 'L1_dropout': 0.2833924238976518, 'L1_out_dim': 112, 'L2_hidden_dim': 160, 'L2_layers_atom': 2, 'L2_layers_mol': 3, 'L2_out_dim': 128, 'L2_dropout': 0.04058149425463171, 'L3_hidden_dim': 112, 'L3_layers_atom': 1, 'L3_layers_mol': 1, 'L3_out_dim': 112, 'L3_dropout': 0.22489912104244433, 'n_mlp_layers': 3, 'mlp_dim_0': 392, 'mlp_dim_1': 344, 'mlp_dim_2': 112, 'num_heads': 1, 'final_dropout': 0.15308704156405067, 'train_learning_rate': 0.002099744210737857, 'train_lr_reduce': 0.6}. Best is trial 1286 with value: 0.03935658559203148.
[I 2024-12-26 05:46:44,047] Trial 1871 finished with value: 0.11197337508201599 and parameters: {'L1_hidden_dim': 256, 'L1_layers_atom': 2, 'L1_layers_mol': 1, 'L1_dropout': 0.07129689150907438, 'L1_out_dim': 96, 'L2_hidden_dim': 96, 'L2_layers_atom': 2, 'L2_layers_mol': 2, 'L2_out_dim': 128, 'L2_dropout': 0.11994937004814356, 'L3_hidden_dim': 32, 'L3_layers_atom': 4, 'L3_layers_mol': 1, 'L3_out_dim': 112, 'L3_dropout': 0.20647143673354842, 'n_mlp_layers': 2, 'mlp_dim_0': 464, 'mlp_dim_1': 440, 'num_heads': 2, 'final_dropout': 0.008390050885545425, 'train_learning_rate': 0.0022940856486383244, 'train_lr_reduce': 0.6}. Best is trial 1286 with value: 0.03935658559203148.
[I 2024-12-26 05:46:56,034] Trial 1872 finished with value: 0.07326976954936981 and parameters: {'L1_hidden_dim': 80, 'L1_layers_atom': 1, 'L1_layers_mol': 3, 'L1_dropout': 0.17377874994953318, 'L1_out_dim': 64, 'L2_hidden_dim': 256, 'L2_layers_atom': 1, 'L2_layers_mol': 4, 'L2_out_dim': 128, 'L2_dropout': 0.003603553240959498, 'L3_hidden_dim': 96, 'L3_layers_atom': 4, 'L3_layers_mol': 2, 'L3_out_dim': 96, 'L3_dropout': 0.24781861835546964, 'n_mlp_layers': 3, 'mlp_dim_0': 80, 'mlp_dim_1': 376, 'mlp_dim_2': 80, 'num_heads': 1, 'final_dropout': 0.0070910148802279666, 'train_learning_rate': 0.0006626552785812347, 'train_lr_reduce': 0.6}. Best is trial 1286 with value: 0.03935658559203148.
[I 2024-12-26 05:47:31,318] Trial 1873 finished with value: 0.07658395916223526 and parameters: {'L1_hidden_dim': 64, 'L1_layers_atom': 4, 'L1_layers_mol': 3, 'L1_dropout': 0.2771969675813462, 'L1_out_dim': 32, 'L2_hidden_dim': 160, 'L2_layers_atom': 3, 'L2_layers_mol': 1, 'L2_out_dim': 96, 'L2_dropout': 0.013951510717511254, 'L3_hidden_dim': 128, 'L3_layers_atom': 4, 'L3_layers_mol': 2, 'L3_out_dim': 32, 'L3_dropout': 0.1392288992661992, 'n_mlp_layers': 3, 'mlp_dim_0': 264, 'mlp_dim_1': 296, 'mlp_dim_2': 152, 'num_heads': 1, 'final_dropout': 0.005833062015912965, 'train_learning_rate': 0.0013800938991068493, 'train_lr_reduce': 0.6}. Best is trial 1286 with value: 0.03935658559203148.
[I 2024-12-26 05:48:14,485] Trial 1874 finished with value: 0.10973767191171646 and parameters: {'L1_hidden_dim': 112, 'L1_layers_atom': 4, 'L1_layers_mol': 3, 'L1_dropout': 0.19900824778446655, 'L1_out_dim': 32, 'L2_hidden_dim': 160, 'L2_layers_atom': 3, 'L2_layers_mol': 4, 'L2_out_dim': 48, 'L2_dropout': 0.07331453238110094, 'L3_hidden_dim': 112, 'L3_layers_atom': 4, 'L3_layers_mol': 2, 'L3_out_dim': 48, 'L3_dropout': 0.2605454921251021, 'n_mlp_layers': 2, 'mlp_dim_0': 160, 'mlp_dim_1': 448, 'num_heads': 1, 'final_dropout': 0.017092856993417872, 'train_learning_rate': 0.0019042017788284576, 'train_lr_reduce': 0.6}. Best is trial 1286 with value: 0.03935658559203148.
[I 2024-12-26 05:49:04,914] Trial 1875 finished with value: 0.21514937281608582 and parameters: {'L1_hidden_dim': 176, 'L1_layers_atom': 2, 'L1_layers_mol': 3, 'L1_dropout': 0.17470776228851928, 'L1_out_dim': 128, 'L2_hidden_dim': 176, 'L2_layers_atom': 3, 'L2_layers_mol': 2, 'L2_out_dim': 128, 'L2_dropout': 0.2314416443689099, 'L3_hidden_dim': 96, 'L3_layers_atom': 2, 'L3_layers_mol': 2, 'L3_out_dim': 96, 'L3_dropout': 0.29904108776130955, 'n_mlp_layers': 1, 'mlp_dim_0': 32, 'num_heads': 2, 'final_dropout': 0.03434591634731947, 'train_learning_rate': 0.0001335095211842967, 'train_lr_reduce': 0.6}. Best is trial 1286 with value: 0.03935658559203148.
[I 2024-12-26 05:49:22,194] Trial 1877 finished with value: 0.08009567111730576 and parameters: {'L1_hidden_dim': 64, 'L1_layers_atom': 2, 'L1_layers_mol': 2, 'L1_dropout': 0.22605465877297867, 'L1_out_dim': 112, 'L2_hidden_dim': 192, 'L2_layers_atom': 2, 'L2_layers_mol': 3, 'L2_out_dim': 128, 'L2_dropout': 0.1575527245233893, 'L3_hidden_dim': 128, 'L3_layers_atom': 1, 'L3_layers_mol': 2, 'L3_out_dim': 64, 'L3_dropout': 0.26631876537435206, 'n_mlp_layers': 2, 'mlp_dim_0': 336, 'mlp_dim_1': 400, 'num_heads': 1, 'final_dropout': 0.06126834283458961, 'train_learning_rate': 0.002613503594595436, 'train_lr_reduce': 0.6}. Best is trial 1286 with value: 0.03935658559203148.
[I 2024-12-26 05:49:22,735] Trial 1878 finished with value: 1.1536719799041748 and parameters: {'L1_hidden_dim': 96, 'L1_layers_atom': 2, 'L1_layers_mol': 4, 'L1_dropout': 0.21060224782241116, 'L1_out_dim': 64, 'L2_hidden_dim': 192, 'L2_layers_atom': 3, 'L2_layers_mol': 2, 'L2_out_dim': 112, 'L2_dropout': 0.010621175677080848, 'L3_hidden_dim': 128, 'L3_layers_atom': 3, 'L3_layers_mol': 1, 'L3_out_dim': 128, 'L3_dropout': 0.11407448768656674, 'n_mlp_layers': 2, 'mlp_dim_0': 448, 'mlp_dim_1': 352, 'num_heads': 1, 'final_dropout': 0.02759855034979706, 'train_learning_rate': 0.0003357203537857118, 'train_lr_reduce': 0.6}. Best is trial 1286 with value: 0.03935658559203148.
[I 2024-12-26 05:49:41,133] Trial 1880 finished with value: 1.0537652969360352 and parameters: {'L1_hidden_dim': 176, 'L1_layers_atom': 3, 'L1_layers_mol': 4, 'L1_dropout': 0.23033165848385917, 'L1_out_dim': 112, 'L2_hidden_dim': 144, 'L2_layers_atom': 3, 'L2_layers_mol': 3, 'L2_out_dim': 96, 'L2_dropout': 0.01663755339265699, 'L3_hidden_dim': 128, 'L3_layers_atom': 1, 'L3_layers_mol': 4, 'L3_out_dim': 48, 'L3_dropout': 0.22795476249148824, 'n_mlp_layers': 1, 'mlp_dim_0': 336, 'num_heads': 1, 'final_dropout': 0.2710643245974802, 'train_learning_rate': 0.0003299272495157496, 'train_lr_reduce': 0.6}. Best is trial 1286 with value: 0.03935658559203148.
[I 2024-12-26 05:50:08,609] Trial 1876 finished with value: 0.06945860385894775 and parameters: {'L1_hidden_dim': 80, 'L1_layers_atom': 4, 'L1_layers_mol': 4, 'L1_dropout': 0.27575931812342, 'L1_out_dim': 96, 'L2_hidden_dim': 240, 'L2_layers_atom': 1, 'L2_layers_mol': 1, 'L2_out_dim': 112, 'L2_dropout': 0.1137966242136653, 'L3_hidden_dim': 112, 'L3_layers_atom': 4, 'L3_layers_mol': 1, 'L3_out_dim': 112, 'L3_dropout': 0.2525585472663425, 'n_mlp_layers': 2, 'mlp_dim_0': 80, 'mlp_dim_1': 512, 'num_heads': 2, 'final_dropout': 0.013311358016846407, 'train_learning_rate': 0.0025614538965977843, 'train_lr_reduce': 0.6}. Best is trial 1286 with value: 0.03935658559203148.
[I 2024-12-26 05:50:28,217] Trial 1879 finished with value: 0.059845563024282455 and parameters: {'L1_hidden_dim': 80, 'L1_layers_atom': 3, 'L1_layers_mol': 2, 'L1_dropout': 0.28576432480335623, 'L1_out_dim': 128, 'L2_hidden_dim': 192, 'L2_layers_atom': 1, 'L2_layers_mol': 3, 'L2_out_dim': 128, 'L2_dropout': 0.008706453900668445, 'L3_hidden_dim': 96, 'L3_layers_atom': 3, 'L3_layers_mol': 1, 'L3_out_dim': 128, 'L3_dropout': 0.13372426274542454, 'n_mlp_layers': 2, 'mlp_dim_0': 248, 'mlp_dim_1': 256, 'num_heads': 1, 'final_dropout': 0.11389903686677977, 'train_learning_rate': 0.0025748339938255656, 'train_lr_reduce': 0.6}. Best is trial 1286 with value: 0.03935658559203148.
[I 2024-12-26 05:51:31,431] Trial 1881 finished with value: 0.08809522539377213 and parameters: {'L1_hidden_dim': 144, 'L1_layers_atom': 2, 'L1_layers_mol': 1, 'L1_dropout': 0.17821388134901486, 'L1_out_dim': 80, 'L2_hidden_dim': 96, 'L2_layers_atom': 1, 'L2_layers_mol': 2, 'L2_out_dim': 48, 'L2_dropout': 0.03932837694958209, 'L3_hidden_dim': 96, 'L3_layers_atom': 1, 'L3_layers_mol': 4, 'L3_out_dim': 80, 'L3_dropout': 0.10415676471490698, 'n_mlp_layers': 1, 'mlp_dim_0': 496, 'num_heads': 1, 'final_dropout': 0.18473126219625838, 'train_learning_rate': 0.000637906134152294, 'train_lr_reduce': 0.6}. Best is trial 1286 with value: 0.03935658559203148.
[I 2024-12-26 05:51:52,401] Trial 1882 finished with value: 0.1520928144454956 and parameters: {'L1_hidden_dim': 128, 'L1_layers_atom': 1, 'L1_layers_mol': 3, 'L1_dropout': 0.2824748840802759, 'L1_out_dim': 96, 'L2_hidden_dim': 112, 'L2_layers_atom': 3, 'L2_layers_mol': 2, 'L2_out_dim': 96, 'L2_dropout': 0.10398027057666227, 'L3_hidden_dim': 112, 'L3_layers_atom': 3, 'L3_layers_mol': 1, 'L3_out_dim': 112, 'L3_dropout': 0.23395048088928208, 'n_mlp_layers': 2, 'mlp_dim_0': 248, 'mlp_dim_1': 480, 'num_heads': 1, 'final_dropout': 0.030503958079939178, 'train_learning_rate': 0.007339416501109796, 'train_lr_reduce': 0.6}. Best is trial 1286 with value: 0.03935658559203148.
[I 2024-12-26 05:52:09,737] Trial 1883 finished with value: 0.06729578226804733 and parameters: {'L1_hidden_dim': 64, 'L1_layers_atom': 2, 'L1_layers_mol': 3, 'L1_dropout': 0.29963943638029383, 'L1_out_dim': 96, 'L2_hidden_dim': 208, 'L2_layers_atom': 1, 'L2_layers_mol': 3, 'L2_out_dim': 128, 'L2_dropout': 0.06512189564514732, 'L3_hidden_dim': 96, 'L3_layers_atom': 2, 'L3_layers_mol': 1, 'L3_out_dim': 96, 'L3_dropout': 0.2041422508711785, 'n_mlp_layers': 1, 'mlp_dim_0': 256, 'num_heads': 1, 'final_dropout': 0.1111511836720223, 'train_learning_rate': 0.0021163021811123456, 'train_lr_reduce': 0.6}. Best is trial 1286 with value: 0.03935658559203148.
[I 2024-12-26 05:53:46,318] Trial 1886 finished with value: 0.06529013812541962 and parameters: {'L1_hidden_dim': 96, 'L1_layers_atom': 4, 'L1_layers_mol': 4, 'L1_dropout': 0.275738155671642, 'L1_out_dim': 96, 'L2_hidden_dim': 192, 'L2_layers_atom': 2, 'L2_layers_mol': 3, 'L2_out_dim': 96, 'L2_dropout': 0.01598301118908811, 'L3_hidden_dim': 80, 'L3_layers_atom': 3, 'L3_layers_mol': 1, 'L3_out_dim': 80, 'L3_dropout': 0.04300555544945886, 'n_mlp_layers': 2, 'mlp_dim_0': 320, 'mlp_dim_1': 312, 'num_heads': 2, 'final_dropout': 0.19050379473895923, 'train_learning_rate': 0.000783897398646467, 'train_lr_reduce': 0.6}. Best is trial 1286 with value: 0.03935658559203148.
[I 2024-12-26 05:53:48,986] Trial 1884 finished with value: 0.07065608352422714 and parameters: {'L1_hidden_dim': 112, 'L1_layers_atom': 2, 'L1_layers_mol': 3, 'L1_dropout': 0.2413980143047623, 'L1_out_dim': 80, 'L2_hidden_dim': 128, 'L2_layers_atom': 3, 'L2_layers_mol': 1, 'L2_out_dim': 80, 'L2_dropout': 0.08571321966867557, 'L3_hidden_dim': 96, 'L3_layers_atom': 3, 'L3_layers_mol': 1, 'L3_out_dim': 96, 'L3_dropout': 0.07056771559416675, 'n_mlp_layers': 2, 'mlp_dim_0': 416, 'mlp_dim_1': 440, 'num_heads': 2, 'final_dropout': 0.10995166072405257, 'train_learning_rate': 0.002975520270007624, 'train_lr_reduce': 0.6}. Best is trial 1286 with value: 0.03935658559203148.
[I 2024-12-26 05:53:49,957] Trial 1885 finished with value: 0.46306493878364563 and parameters: {'L1_hidden_dim': 160, 'L1_layers_atom': 3, 'L1_layers_mol': 3, 'L1_dropout': 0.2342076950313176, 'L1_out_dim': 48, 'L2_hidden_dim': 112, 'L2_layers_atom': 4, 'L2_layers_mol': 3, 'L2_out_dim': 112, 'L2_dropout': 0.15574292839978343, 'L3_hidden_dim': 80, 'L3_layers_atom': 3, 'L3_layers_mol': 3, 'L3_out_dim': 64, 'L3_dropout': 0.25422041221778713, 'n_mlp_layers': 1, 'mlp_dim_0': 400, 'num_heads': 2, 'final_dropout': 0.26050237403886456, 'train_learning_rate': 0.00026361287942571995, 'train_lr_reduce': 0.6}. Best is trial 1286 with value: 0.03935658559203148.
[I 2024-12-26 05:55:16,966] Trial 1887 finished with value: 0.09857872873544693 and parameters: {'L1_hidden_dim': 80, 'L1_layers_atom': 4, 'L1_layers_mol': 4, 'L1_dropout': 0.08294024074677094, 'L1_out_dim': 48, 'L2_hidden_dim': 160, 'L2_layers_atom': 3, 'L2_layers_mol': 4, 'L2_out_dim': 48, 'L2_dropout': 0.0007404597761006167, 'L3_hidden_dim': 96, 'L3_layers_atom': 3, 'L3_layers_mol': 2, 'L3_out_dim': 48, 'L3_dropout': 0.1393194765179593, 'n_mlp_layers': 2, 'mlp_dim_0': 88, 'mlp_dim_1': 392, 'num_heads': 1, 'final_dropout': 0.015641315805454043, 'train_learning_rate': 0.0009897388534216855, 'train_lr_reduce': 0.6}. Best is trial 1286 with value: 0.03935658559203148.
[I 2024-12-26 05:55:23,405] Trial 1888 finished with value: 0.06934048980474472 and parameters: {'L1_hidden_dim': 80, 'L1_layers_atom': 4, 'L1_layers_mol': 4, 'L1_dropout': 0.2817701414636735, 'L1_out_dim': 64, 'L2_hidden_dim': 208, 'L2_layers_atom': 1, 'L2_layers_mol': 1, 'L2_out_dim': 128, 'L2_dropout': 0.036076318706181484, 'L3_hidden_dim': 128, 'L3_layers_atom': 4, 'L3_layers_mol': 1, 'L3_out_dim': 64, 'L3_dropout': 0.23629712533571187, 'n_mlp_layers': 2, 'mlp_dim_0': 328, 'mlp_dim_1': 480, 'num_heads': 2, 'final_dropout': 0.17513241108155422, 'train_learning_rate': 0.00036913844182560505, 'train_lr_reduce': 0.6}. Best is trial 1286 with value: 0.03935658559203148.
[I 2024-12-26 05:55:34,176] Trial 1890 finished with value: 0.9435266852378845 and parameters: {'L1_hidden_dim': 64, 'L1_layers_atom': 4, 'L1_layers_mol': 3, 'L1_dropout': 0.29921527157670075, 'L1_out_dim': 48, 'L2_hidden_dim': 176, 'L2_layers_atom': 3, 'L2_layers_mol': 3, 'L2_out_dim': 32, 'L2_dropout': 0.10593464320950416, 'L3_hidden_dim': 32, 'L3_layers_atom': 3, 'L3_layers_mol': 3, 'L3_out_dim': 64, 'L3_dropout': 0.026733251568517885, 'n_mlp_layers': 2, 'mlp_dim_0': 400, 'mlp_dim_1': 432, 'num_heads': 1, 'final_dropout': 0.16314777448597875, 'train_learning_rate': 0.002037930641097821, 'train_lr_reduce': 0.6}. Best is trial 1286 with value: 0.03935658559203148.
[I 2024-12-26 05:55:51,467] Trial 1889 finished with value: 0.07495222240686417 and parameters: {'L1_hidden_dim': 64, 'L1_layers_atom': 3, 'L1_layers_mol': 3, 'L1_dropout': 0.29180051592218303, 'L1_out_dim': 48, 'L2_hidden_dim': 256, 'L2_layers_atom': 1, 'L2_layers_mol': 4, 'L2_out_dim': 80, 'L2_dropout': 0.09824030650724046, 'L3_hidden_dim': 48, 'L3_layers_atom': 4, 'L3_layers_mol': 3, 'L3_out_dim': 128, 'L3_dropout': 0.03574880396102721, 'n_mlp_layers': 2, 'mlp_dim_0': 264, 'mlp_dim_1': 360, 'num_heads': 1, 'final_dropout': 0.11565858282218852, 'train_learning_rate': 0.0007697528911593277, 'train_lr_reduce': 0.6}. Best is trial 1286 with value: 0.03935658559203148.
[I 2024-12-26 05:56:49,906] Trial 1893 finished with value: 0.08708779513835907 and parameters: {'L1_hidden_dim': 128, 'L1_layers_atom': 1, 'L1_layers_mol': 3, 'L1_dropout': 0.16680884500039256, 'L1_out_dim': 64, 'L2_hidden_dim': 128, 'L2_layers_atom': 1, 'L2_layers_mol': 1, 'L2_out_dim': 96, 'L2_dropout': 0.011198286056497303, 'L3_hidden_dim': 128, 'L3_layers_atom': 4, 'L3_layers_mol': 1, 'L3_out_dim': 128, 'L3_dropout': 0.11918824537090135, 'n_mlp_layers': 2, 'mlp_dim_0': 288, 'mlp_dim_1': 400, 'num_heads': 1, 'final_dropout': 0.05454349907419988, 'train_learning_rate': 0.0015333422796088303, 'train_lr_reduce': 0.6}. Best is trial 1286 with value: 0.03935658559203148.
[I 2024-12-26 05:56:56,854] Trial 1891 finished with value: 0.08340983092784882 and parameters: {'L1_hidden_dim': 80, 'L1_layers_atom': 4, 'L1_layers_mol': 4, 'L1_dropout': 0.21337293781764413, 'L1_out_dim': 96, 'L2_hidden_dim': 144, 'L2_layers_atom': 1, 'L2_layers_mol': 1, 'L2_out_dim': 128, 'L2_dropout': 0.10846780108541755, 'L3_hidden_dim': 128, 'L3_layers_atom': 3, 'L3_layers_mol': 1, 'L3_out_dim': 112, 'L3_dropout': 0.2575314380058713, 'n_mlp_layers': 1, 'mlp_dim_0': 56, 'num_heads': 2, 'final_dropout': 0.07178825026361697, 'train_learning_rate': 0.001966427212667405, 'train_lr_reduce': 0.6}. Best is trial 1286 with value: 0.03935658559203148.
[I 2024-12-26 05:57:29,506] Trial 1892 finished with value: 0.3352891802787781 and parameters: {'L1_hidden_dim': 160, 'L1_layers_atom': 3, 'L1_layers_mol': 4, 'L1_dropout': 0.13328806399670326, 'L1_out_dim': 80, 'L2_hidden_dim': 128, 'L2_layers_atom': 1, 'L2_layers_mol': 4, 'L2_out_dim': 112, 'L2_dropout': 0.24197938843794173, 'L3_hidden_dim': 32, 'L3_layers_atom': 2, 'L3_layers_mol': 2, 'L3_out_dim': 64, 'L3_dropout': 0.29654036410453066, 'n_mlp_layers': 2, 'mlp_dim_0': 392, 'mlp_dim_1': 312, 'num_heads': 1, 'final_dropout': 0.20557835185268114, 'train_learning_rate': 0.0005246801562862936, 'train_lr_reduce': 0.6}. Best is trial 1286 with value: 0.03935658559203148.
[I 2024-12-26 05:58:03,019] Trial 1895 finished with value: 0.09818210452795029 and parameters: {'L1_hidden_dim': 176, 'L1_layers_atom': 4, 'L1_layers_mol': 4, 'L1_dropout': 0.23373031496451352, 'L1_out_dim': 112, 'L2_hidden_dim': 208, 'L2_layers_atom': 1, 'L2_layers_mol': 2, 'L2_out_dim': 128, 'L2_dropout': 0.010894241729923995, 'L3_hidden_dim': 96, 'L3_layers_atom': 3, 'L3_layers_mol': 1, 'L3_out_dim': 96, 'L3_dropout': 0.2569497451033307, 'n_mlp_layers': 2, 'mlp_dim_0': 40, 'mlp_dim_1': 360, 'num_heads': 2, 'final_dropout': 0.19423163508318003, 'train_learning_rate': 0.002770572849705955, 'train_lr_reduce': 0.6}. Best is trial 1286 with value: 0.03935658559203148.
[I 2024-12-26 05:58:27,189] Trial 1894 finished with value: 0.07730361074209213 and parameters: {'L1_hidden_dim': 64, 'L1_layers_atom': 1, 'L1_layers_mol': 2, 'L1_dropout': 0.17264998608693866, 'L1_out_dim': 96, 'L2_hidden_dim': 144, 'L2_layers_atom': 2, 'L2_layers_mol': 2, 'L2_out_dim': 128, 'L2_dropout': 0.02619565012607241, 'L3_hidden_dim': 128, 'L3_layers_atom': 4, 'L3_layers_mol': 1, 'L3_out_dim': 128, 'L3_dropout': 0.07013567819388843, 'n_mlp_layers': 2, 'mlp_dim_0': 344, 'mlp_dim_1': 448, 'num_heads': 2, 'final_dropout': 0.08172417258580503, 'train_learning_rate': 0.0028890447144025765, 'train_lr_reduce': 0.6}. Best is trial 1286 with value: 0.03935658559203148.
[I 2024-12-26 05:59:06,638] Trial 1896 finished with value: 0.08127778768539429 and parameters: {'L1_hidden_dim': 128, 'L1_layers_atom': 4, 'L1_layers_mol': 4, 'L1_dropout': 0.2626385820624792, 'L1_out_dim': 96, 'L2_hidden_dim': 144, 'L2_layers_atom': 1, 'L2_layers_mol': 1, 'L2_out_dim': 112, 'L2_dropout': 0.0881363972999803, 'L3_hidden_dim': 96, 'L3_layers_atom': 3, 'L3_layers_mol': 3, 'L3_out_dim': 112, 'L3_dropout': 0.28037181667315075, 'n_mlp_layers': 2, 'mlp_dim_0': 80, 'mlp_dim_1': 512, 'num_heads': 2, 'final_dropout': 0.1382413477253456, 'train_learning_rate': 0.0032053081484707973, 'train_lr_reduce': 0.6}. Best is trial 1286 with value: 0.03935658559203148.
[I 2024-12-26 05:59:28,959] Trial 1897 finished with value: 0.06839661300182343 and parameters: {'L1_hidden_dim': 80, 'L1_layers_atom': 2, 'L1_layers_mol': 2, 'L1_dropout': 0.23291780341145815, 'L1_out_dim': 112, 'L2_hidden_dim': 208, 'L2_layers_atom': 4, 'L2_layers_mol': 4, 'L2_out_dim': 112, 'L2_dropout': 0.06308734175304376, 'L3_hidden_dim': 128, 'L3_layers_atom': 3, 'L3_layers_mol': 1, 'L3_out_dim': 128, 'L3_dropout': 0.08219285647088709, 'n_mlp_layers': 3, 'mlp_dim_0': 272, 'mlp_dim_1': 408, 'mlp_dim_2': 80, 'num_heads': 1, 'final_dropout': 0.02348458906701473, 'train_learning_rate': 0.0019283161320125647, 'train_lr_reduce': 0.6}. Best is trial 1286 with value: 0.03935658559203148.
