[I 2024-12-15 22:30:33,894] Trial 407 finished with value: 0.11343906819820404 and parameters: {'mlp_n_layers': 2, 'mlp_dim_00': 208, 'mlp_dim_01': 96, 'hidden_channels': 64, 'num_layers': 3, 'num_timesteps': 2, 'dropout': 0.2739727895893611, 'train_learning_rate': 0.005905601805412147, 'train_lr_reduce': 0.6}. Best is trial 130 with value: 0.0812772810459137.
[I 2024-12-15 22:30:43,960] Trial 409 finished with value: 0.1232583224773407 and parameters: {'mlp_n_layers': 2, 'mlp_dim_00': 224, 'mlp_dim_01': 144, 'hidden_channels': 48, 'num_layers': 4, 'num_timesteps': 2, 'dropout': 0.12529143407630927, 'train_learning_rate': 0.0013454951374501862, 'train_lr_reduce': 0.6}. Best is trial 130 with value: 0.0812772810459137.
[I 2024-12-15 22:30:57,537] Trial 410 finished with value: 0.1307813972234726 and parameters: {'mlp_n_layers': 4, 'mlp_dim_00': 256, 'mlp_dim_01': 128, 'mlp_dim_02': 160, 'mlp_dim_03': 160, 'hidden_channels': 112, 'num_layers': 1, 'num_timesteps': 2, 'dropout': 0.1783991506785638, 'train_learning_rate': 0.005040886635000874, 'train_lr_reduce': 0.6}. Best is trial 130 with value: 0.0812772810459137.
[I 2024-12-15 22:31:02,994] Trial 411 finished with value: 0.13982822000980377 and parameters: {'mlp_n_layers': 2, 'mlp_dim_00': 128, 'mlp_dim_01': 256, 'hidden_channels': 224, 'num_layers': 4, 'num_timesteps': 4, 'dropout': 0.15541392013252023, 'train_learning_rate': 0.0004486347082999086, 'train_lr_reduce': 0.6}. Best is trial 130 with value: 0.0812772810459137.
[I 2024-12-15 22:31:04,845] Trial 412 finished with value: 0.10916639119386673 and parameters: {'mlp_n_layers': 2, 'mlp_dim_00': 176, 'mlp_dim_01': 48, 'hidden_channels': 80, 'num_layers': 3, 'num_timesteps': 3, 'dropout': 0.07950617108272856, 'train_learning_rate': 0.0012003311040013687, 'train_lr_reduce': 0.6}. Best is trial 130 with value: 0.0812772810459137.
[I 2024-12-15 22:31:10,826] Trial 413 finished with value: 0.1161038875579834 and parameters: {'mlp_n_layers': 2, 'mlp_dim_00': 48, 'mlp_dim_01': 128, 'hidden_channels': 48, 'num_layers': 3, 'num_timesteps': 4, 'dropout': 0.08154704351449664, 'train_learning_rate': 0.0070844544184906575, 'train_lr_reduce': 0.6}. Best is trial 130 with value: 0.0812772810459137.
[I 2024-12-15 22:31:12,167] Trial 414 finished with value: 0.10500291734933853 and parameters: {'mlp_n_layers': 2, 'mlp_dim_00': 256, 'mlp_dim_01': 224, 'hidden_channels': 128, 'num_layers': 1, 'num_timesteps': 2, 'dropout': 0.24794757992111277, 'train_learning_rate': 0.004427078545945543, 'train_lr_reduce': 0.6}. Best is trial 130 with value: 0.0812772810459137.
[I 2024-12-15 22:31:19,265] Trial 415 finished with value: 0.12042684853076935 and parameters: {'mlp_n_layers': 2, 'mlp_dim_00': 240, 'mlp_dim_01': 80, 'hidden_channels': 48, 'num_layers': 4, 'num_timesteps': 3, 'dropout': 0.1446489870152677, 'train_learning_rate': 0.007233617084692543, 'train_lr_reduce': 0.6}. Best is trial 130 with value: 0.0812772810459137.
[I 2024-12-15 22:31:21,262] Trial 417 finished with value: 0.1376858502626419 and parameters: {'mlp_n_layers': 2, 'mlp_dim_00': 208, 'mlp_dim_01': 224, 'hidden_channels': 160, 'num_layers': 1, 'num_timesteps': 4, 'dropout': 0.23373123518739247, 'train_learning_rate': 0.0028900237603932725, 'train_lr_reduce': 0.6}. Best is trial 130 with value: 0.0812772810459137.
[I 2024-12-15 22:31:26,905] Trial 416 finished with value: 0.10852060467004776 and parameters: {'mlp_n_layers': 2, 'mlp_dim_00': 176, 'mlp_dim_01': 240, 'hidden_channels': 224, 'num_layers': 1, 'num_timesteps': 4, 'dropout': 0.23610956893491788, 'train_learning_rate': 0.0043509151710518145, 'train_lr_reduce': 0.6}. Best is trial 130 with value: 0.0812772810459137.
[I 2024-12-15 22:31:33,292] Trial 418 finished with value: 0.11571291089057922 and parameters: {'mlp_n_layers': 3, 'mlp_dim_00': 144, 'mlp_dim_01': 80, 'mlp_dim_02': 64, 'hidden_channels': 32, 'num_layers': 4, 'num_timesteps': 3, 'dropout': 0.19207839698780194, 'train_learning_rate': 0.009781624010128992, 'train_lr_reduce': 0.6}. Best is trial 130 with value: 0.0812772810459137.
[I 2024-12-15 22:31:35,180] Trial 419 finished with value: 0.1457243710756302 and parameters: {'mlp_n_layers': 2, 'mlp_dim_00': 64, 'mlp_dim_01': 256, 'hidden_channels': 32, 'num_layers': 3, 'num_timesteps': 4, 'dropout': 0.08227287077168663, 'train_learning_rate': 0.009944071371121351, 'train_lr_reduce': 0.6}. Best is trial 130 with value: 0.0812772810459137.
[I 2024-12-15 22:31:38,664] Trial 420 finished with value: 0.11834105849266052 and parameters: {'mlp_n_layers': 2, 'mlp_dim_00': 64, 'mlp_dim_01': 256, 'hidden_channels': 32, 'num_layers': 2, 'num_timesteps': 4, 'dropout': 0.00958182504090277, 'train_learning_rate': 0.005857121790598585, 'train_lr_reduce': 0.6}. Best is trial 130 with value: 0.0812772810459137.
[I 2024-12-15 22:31:47,549] Trial 421 finished with value: 0.11195924133062363 and parameters: {'mlp_n_layers': 4, 'mlp_dim_00': 240, 'mlp_dim_01': 144, 'mlp_dim_02': 112, 'mlp_dim_03': 224, 'hidden_channels': 48, 'num_layers': 2, 'num_timesteps': 3, 'dropout': 0.2155816466503141, 'train_learning_rate': 0.002852972772931456, 'train_lr_reduce': 0.6}. Best is trial 130 with value: 0.0812772810459137.
[I 2024-12-15 22:31:50,642] Trial 422 finished with value: 0.11421176046133041 and parameters: {'mlp_n_layers': 3, 'mlp_dim_00': 256, 'mlp_dim_01': 192, 'mlp_dim_02': 192, 'hidden_channels': 80, 'num_layers': 2, 'num_timesteps': 3, 'dropout': 0.22645927792086482, 'train_learning_rate': 0.0011510504032916636, 'train_lr_reduce': 0.6}. Best is trial 130 with value: 0.0812772810459137.
[I 2024-12-15 22:31:54,768] Trial 423 finished with value: 0.11620981991291046 and parameters: {'mlp_n_layers': 2, 'mlp_dim_00': 32, 'mlp_dim_01': 176, 'hidden_channels': 32, 'num_layers': 2, 'num_timesteps': 4, 'dropout': 0.14208387771954478, 'train_learning_rate': 0.0031768192986309928, 'train_lr_reduce': 0.6}. Best is trial 130 with value: 0.0812772810459137.
[I 2024-12-15 22:31:57,614] Trial 424 finished with value: 0.10497602820396423 and parameters: {'mlp_n_layers': 2, 'mlp_dim_00': 208, 'mlp_dim_01': 48, 'hidden_channels': 32, 'num_layers': 4, 'num_timesteps': 3, 'dropout': 0.23761483097516994, 'train_learning_rate': 0.008007275085268495, 'train_lr_reduce': 0.6}. Best is trial 130 with value: 0.0812772810459137.
[I 2024-12-15 22:32:05,353] Trial 426 finished with value: 0.14409276843070984 and parameters: {'mlp_n_layers': 2, 'mlp_dim_00': 176, 'mlp_dim_01': 240, 'hidden_channels': 144, 'num_layers': 1, 'num_timesteps': 2, 'dropout': 0.23221418688808138, 'train_learning_rate': 0.00984965526654556, 'train_lr_reduce': 0.6}. Best is trial 130 with value: 0.0812772810459137.
[I 2024-12-15 22:32:07,068] Trial 425 finished with value: 0.11724193394184113 and parameters: {'mlp_n_layers': 2, 'mlp_dim_00': 208, 'mlp_dim_01': 96, 'hidden_channels': 32, 'num_layers': 4, 'num_timesteps': 3, 'dropout': 0.2882523015641975, 'train_learning_rate': 0.009746665867419487, 'train_lr_reduce': 0.6}. Best is trial 130 with value: 0.0812772810459137.
[I 2024-12-15 22:32:11,944] Trial 427 finished with value: 0.11307284981012344 and parameters: {'mlp_n_layers': 2, 'mlp_dim_00': 240, 'mlp_dim_01': 80, 'hidden_channels': 32, 'num_layers': 1, 'num_timesteps': 4, 'dropout': 0.20349866436941091, 'train_learning_rate': 0.0018621304495959536, 'train_lr_reduce': 0.6}. Best is trial 130 with value: 0.0812772810459137.
[I 2024-12-15 22:32:17,339] Trial 429 finished with value: 0.10972128063440323 and parameters: {'mlp_n_layers': 2, 'mlp_dim_00': 192, 'mlp_dim_01': 48, 'hidden_channels': 32, 'num_layers': 2, 'num_timesteps': 4, 'dropout': 0.2424452879832819, 'train_learning_rate': 0.006332062719067548, 'train_lr_reduce': 0.6}. Best is trial 130 with value: 0.0812772810459137.
[I 2024-12-15 22:32:21,169] Trial 428 finished with value: 0.11180514842271805 and parameters: {'mlp_n_layers': 3, 'mlp_dim_00': 176, 'mlp_dim_01': 176, 'mlp_dim_02': 160, 'hidden_channels': 32, 'num_layers': 1, 'num_timesteps': 3, 'dropout': 0.21379108444977624, 'train_learning_rate': 0.007012862174876839, 'train_lr_reduce': 0.6}. Best is trial 130 with value: 0.0812772810459137.
[I 2024-12-15 22:32:29,404] Trial 431 finished with value: 0.09626556932926178 and parameters: {'mlp_n_layers': 2, 'mlp_dim_00': 256, 'mlp_dim_01': 192, 'hidden_channels': 176, 'num_layers': 1, 'num_timesteps': 3, 'dropout': 0.2463434903265088, 'train_learning_rate': 0.003631934799832775, 'train_lr_reduce': 0.6}. Best is trial 130 with value: 0.0812772810459137.
[I 2024-12-15 22:32:31,572] Trial 430 finished with value: 0.12209102511405945 and parameters: {'mlp_n_layers': 2, 'mlp_dim_00': 208, 'mlp_dim_01': 80, 'hidden_channels': 32, 'num_layers': 3, 'num_timesteps': 2, 'dropout': 0.17683741201665587, 'train_learning_rate': 0.0012055110015165283, 'train_lr_reduce': 0.6}. Best is trial 130 with value: 0.0812772810459137.
[I 2024-12-15 22:32:35,442] Trial 432 finished with value: 0.09607931971549988 and parameters: {'mlp_n_layers': 3, 'mlp_dim_00': 240, 'mlp_dim_01': 160, 'mlp_dim_02': 112, 'hidden_channels': 32, 'num_layers': 1, 'num_timesteps': 2, 'dropout': 0.2688010927235024, 'train_learning_rate': 0.0023532226064913275, 'train_lr_reduce': 0.6}. Best is trial 130 with value: 0.0812772810459137.
[I 2024-12-15 22:32:39,894] Trial 433 finished with value: 0.12121660262346268 and parameters: {'mlp_n_layers': 2, 'mlp_dim_00': 192, 'mlp_dim_01': 208, 'hidden_channels': 80, 'num_layers': 2, 'num_timesteps': 2, 'dropout': 0.28191814369018703, 'train_learning_rate': 0.00310153100395337, 'train_lr_reduce': 0.6}. Best is trial 130 with value: 0.0812772810459137.
[I 2024-12-15 22:32:40,670] Trial 435 finished with value: 0.4677906930446625 and parameters: {'mlp_n_layers': 2, 'mlp_dim_00': 256, 'mlp_dim_01': 208, 'hidden_channels': 224, 'num_layers': 1, 'num_timesteps': 4, 'dropout': 0.2092992378013716, 'train_learning_rate': 0.003932292456654873, 'train_lr_reduce': 0.6}. Best is trial 130 with value: 0.0812772810459137.
[I 2024-12-15 22:32:43,437] Trial 434 finished with value: 0.11531554907560349 and parameters: {'mlp_n_layers': 2, 'mlp_dim_00': 256, 'mlp_dim_01': 176, 'hidden_channels': 160, 'num_layers': 1, 'num_timesteps': 3, 'dropout': 0.2510767584098358, 'train_learning_rate': 0.0037651750523280013, 'train_lr_reduce': 0.6}. Best is trial 130 with value: 0.0812772810459137.
[I 2024-12-15 22:32:53,885] Trial 437 finished with value: 0.11600562185049057 and parameters: {'mlp_n_layers': 4, 'mlp_dim_00': 256, 'mlp_dim_01': 160, 'mlp_dim_02': 224, 'mlp_dim_03': 96, 'hidden_channels': 48, 'num_layers': 2, 'num_timesteps': 2, 'dropout': 0.1689931906173915, 'train_learning_rate': 0.004885044271297937, 'train_lr_reduce': 0.6}. Best is trial 130 with value: 0.0812772810459137.
[I 2024-12-15 22:32:54,872] Trial 436 finished with value: 0.11473816633224487 and parameters: {'mlp_n_layers': 2, 'mlp_dim_00': 256, 'mlp_dim_01': 144, 'hidden_channels': 224, 'num_layers': 1, 'num_timesteps': 2, 'dropout': 0.19989069373521656, 'train_learning_rate': 0.003694734804886137, 'train_lr_reduce': 0.6}. Best is trial 130 with value: 0.0812772810459137.
[I 2024-12-15 22:32:57,989] Trial 438 finished with value: 0.10058768093585968 and parameters: {'mlp_n_layers': 4, 'mlp_dim_00': 192, 'mlp_dim_01': 160, 'mlp_dim_02': 144, 'mlp_dim_03': 192, 'hidden_channels': 32, 'num_layers': 1, 'num_timesteps': 2, 'dropout': 0.25673018737295233, 'train_learning_rate': 0.0068578558535198385, 'train_lr_reduce': 0.6}. Best is trial 130 with value: 0.0812772810459137.
[I 2024-12-15 22:33:11,079] Trial 439 finished with value: 0.19489474594593048 and parameters: {'mlp_n_layers': 4, 'mlp_dim_00': 80, 'mlp_dim_01': 256, 'mlp_dim_02': 192, 'mlp_dim_03': 144, 'hidden_channels': 192, 'num_layers': 3, 'num_timesteps': 1, 'dropout': 0.014856722070201472, 'train_learning_rate': 0.00837805750223606, 'train_lr_reduce': 0.6}. Best is trial 130 with value: 0.0812772810459137.
[I 2024-12-15 22:33:13,263] Trial 440 finished with value: 0.11336877197027206 and parameters: {'mlp_n_layers': 3, 'mlp_dim_00': 224, 'mlp_dim_01': 176, 'mlp_dim_02': 96, 'hidden_channels': 48, 'num_layers': 1, 'num_timesteps': 2, 'dropout': 0.2986983226515301, 'train_learning_rate': 0.0010992511817273544, 'train_lr_reduce': 0.6}. Best is trial 130 with value: 0.0812772810459137.
[I 2024-12-15 22:33:13,290] Trial 441 finished with value: 0.10682779550552368 and parameters: {'mlp_n_layers': 2, 'mlp_dim_00': 128, 'mlp_dim_01': 32, 'hidden_channels': 32, 'num_layers': 2, 'num_timesteps': 3, 'dropout': 0.2869251729593358, 'train_learning_rate': 0.002525664213023474, 'train_lr_reduce': 0.6}. Best is trial 130 with value: 0.0812772810459137.
[I 2024-12-15 22:33:24,901] Trial 444 finished with value: 0.12885187566280365 and parameters: {'mlp_n_layers': 3, 'mlp_dim_00': 208, 'mlp_dim_01': 176, 'mlp_dim_02': 176, 'hidden_channels': 144, 'num_layers': 1, 'num_timesteps': 2, 'dropout': 0.2702429129774736, 'train_learning_rate': 0.0027813775230732867, 'train_lr_reduce': 0.6}. Best is trial 130 with value: 0.0812772810459137.
[I 2024-12-15 22:33:33,796] Trial 442 finished with value: 0.11988357454538345 and parameters: {'mlp_n_layers': 2, 'mlp_dim_00': 192, 'mlp_dim_01': 208, 'hidden_channels': 48, 'num_layers': 2, 'num_timesteps': 3, 'dropout': 0.11723056865689856, 'train_learning_rate': 0.0012107721883327207, 'train_lr_reduce': 0.6}. Best is trial 130 with value: 0.0812772810459137.
[I 2024-12-15 22:33:36,935] Trial 443 finished with value: 0.15056200325489044 and parameters: {'mlp_n_layers': 3, 'mlp_dim_00': 112, 'mlp_dim_01': 48, 'mlp_dim_02': 144, 'hidden_channels': 256, 'num_layers': 1, 'num_timesteps': 2, 'dropout': 0.05155322281318771, 'train_learning_rate': 0.00038565959232233723, 'train_lr_reduce': 0.6}. Best is trial 130 with value: 0.0812772810459137.
[I 2024-12-15 22:33:44,519] Trial 445 finished with value: 0.11559344083070755 and parameters: {'mlp_n_layers': 2, 'mlp_dim_00': 240, 'mlp_dim_01': 80, 'hidden_channels': 176, 'num_layers': 4, 'num_timesteps': 4, 'dropout': 0.25085111482678263, 'train_learning_rate': 0.005142971755019826, 'train_lr_reduce': 0.6}. Best is trial 130 with value: 0.0812772810459137.
[I 2024-12-15 22:33:46,962] Trial 446 finished with value: 0.12145640701055527 and parameters: {'mlp_n_layers': 2, 'mlp_dim_00': 208, 'mlp_dim_01': 176, 'hidden_channels': 128, 'num_layers': 2, 'num_timesteps': 2, 'dropout': 0.28880906779503246, 'train_learning_rate': 0.0061805524563416404, 'train_lr_reduce': 0.6}. Best is trial 130 with value: 0.0812772810459137.
[I 2024-12-15 22:33:51,051] Trial 447 finished with value: 0.1322157084941864 and parameters: {'mlp_n_layers': 2, 'mlp_dim_00': 224, 'mlp_dim_01': 176, 'hidden_channels': 176, 'num_layers': 2, 'num_timesteps': 3, 'dropout': 0.15490933626103826, 'train_learning_rate': 0.0017874026096505757, 'train_lr_reduce': 0.6}. Best is trial 130 with value: 0.0812772810459137.
[I 2024-12-15 22:33:59,050] Trial 448 finished with value: 0.09477421641349792 and parameters: {'mlp_n_layers': 3, 'mlp_dim_00': 256, 'mlp_dim_01': 192, 'mlp_dim_02': 128, 'hidden_channels': 32, 'num_layers': 1, 'num_timesteps': 2, 'dropout': 0.2341880211669607, 'train_learning_rate': 0.0017806517883176957, 'train_lr_reduce': 0.6}. Best is trial 130 with value: 0.0812772810459137.
[I 2024-12-15 22:34:04,733] Trial 450 finished with value: 0.11023635417222977 and parameters: {'mlp_n_layers': 3, 'mlp_dim_00': 240, 'mlp_dim_01': 176, 'mlp_dim_02': 208, 'hidden_channels': 32, 'num_layers': 1, 'num_timesteps': 2, 'dropout': 0.20042133831442885, 'train_learning_rate': 0.005004839550234718, 'train_lr_reduce': 0.6}. Best is trial 130 with value: 0.0812772810459137.
[I 2024-12-15 22:34:13,391] Trial 451 finished with value: 0.09322959929704666 and parameters: {'mlp_n_layers': 3, 'mlp_dim_00': 224, 'mlp_dim_01': 192, 'mlp_dim_02': 128, 'hidden_channels': 64, 'num_layers': 1, 'num_timesteps': 3, 'dropout': 0.25370778421633944, 'train_learning_rate': 0.00764519416717868, 'train_lr_reduce': 0.6}. Best is trial 130 with value: 0.0812772810459137.
[I 2024-12-15 22:34:17,416] Trial 452 finished with value: 0.11414659023284912 and parameters: {'mlp_n_layers': 3, 'mlp_dim_00': 224, 'mlp_dim_01': 176, 'mlp_dim_02': 112, 'hidden_channels': 32, 'num_layers': 1, 'num_timesteps': 2, 'dropout': 0.19176449626591893, 'train_learning_rate': 0.001542954587433236, 'train_lr_reduce': 0.6}. Best is trial 130 with value: 0.0812772810459137.
[I 2024-12-15 22:34:17,658] Trial 449 finished with value: 0.17051059007644653 and parameters: {'mlp_n_layers': 2, 'mlp_dim_00': 112, 'mlp_dim_01': 32, 'hidden_channels': 176, 'num_layers': 4, 'num_timesteps': 2, 'dropout': 0.16603979929286206, 'train_learning_rate': 0.00018000000660165833, 'train_lr_reduce': 0.6}. Best is trial 130 with value: 0.0812772810459137.
[I 2024-12-15 22:34:22,209] Trial 454 finished with value: 0.6608044505119324 and parameters: {'mlp_n_layers': 3, 'mlp_dim_00': 192, 'mlp_dim_01': 192, 'mlp_dim_02': 144, 'hidden_channels': 112, 'num_layers': 1, 'num_timesteps': 3, 'dropout': 0.26296253686770404, 'train_learning_rate': 0.0062276577424733364, 'train_lr_reduce': 0.6}. Best is trial 130 with value: 0.0812772810459137.
[I 2024-12-15 22:34:24,117] Trial 453 finished with value: 0.12330244481563568 and parameters: {'mlp_n_layers': 3, 'mlp_dim_00': 192, 'mlp_dim_01': 192, 'mlp_dim_02': 144, 'hidden_channels': 112, 'num_layers': 1, 'num_timesteps': 1, 'dropout': 0.2541189609457865, 'train_learning_rate': 0.0024982523321446224, 'train_lr_reduce': 0.6}. Best is trial 130 with value: 0.0812772810459137.
[I 2024-12-15 22:34:28,208] Trial 455 finished with value: 0.1082710400223732 and parameters: {'mlp_n_layers': 2, 'mlp_dim_00': 192, 'mlp_dim_01': 32, 'hidden_channels': 32, 'num_layers': 1, 'num_timesteps': 4, 'dropout': 0.27223413182475437, 'train_learning_rate': 0.0032214400241589473, 'train_lr_reduce': 0.6}. Best is trial 130 with value: 0.0812772810459137.
[I 2024-12-15 22:34:34,951] Trial 456 finished with value: 0.13542361557483673 and parameters: {'mlp_n_layers': 2, 'mlp_dim_00': 128, 'mlp_dim_01': 128, 'hidden_channels': 32, 'num_layers': 2, 'num_timesteps': 4, 'dropout': 0.14215948442057066, 'train_learning_rate': 0.005197636759191492, 'train_lr_reduce': 0.6}. Best is trial 130 with value: 0.0812772810459137.
[I 2024-12-15 22:34:38,231] Trial 458 finished with value: 0.12355857342481613 and parameters: {'mlp_n_layers': 4, 'mlp_dim_00': 224, 'mlp_dim_01': 144, 'mlp_dim_02': 144, 'mlp_dim_03': 256, 'hidden_channels': 32, 'num_layers': 1, 'num_timesteps': 2, 'dropout': 0.15766548680214967, 'train_learning_rate': 0.004741453666132048, 'train_lr_reduce': 0.6}. Best is trial 130 with value: 0.0812772810459137.
[I 2024-12-15 22:34:43,253] Trial 457 finished with value: 0.11148472130298615 and parameters: {'mlp_n_layers': 3, 'mlp_dim_00': 240, 'mlp_dim_01': 208, 'mlp_dim_02': 128, 'hidden_channels': 32, 'num_layers': 1, 'num_timesteps': 2, 'dropout': 0.21397112365093104, 'train_learning_rate': 0.0008240975480230839, 'train_lr_reduce': 0.6}. Best is trial 130 with value: 0.0812772810459137.
[I 2024-12-15 22:34:45,963] Trial 459 finished with value: 0.11641798168420792 and parameters: {'mlp_n_layers': 2, 'mlp_dim_00': 160, 'mlp_dim_01': 112, 'hidden_channels': 48, 'num_layers': 3, 'num_timesteps': 3, 'dropout': 0.2964780697932282, 'train_learning_rate': 0.007769179266303988, 'train_lr_reduce': 0.6}. Best is trial 130 with value: 0.0812772810459137.
[I 2024-12-15 22:34:46,586] Trial 460 finished with value: 0.1243736669421196 and parameters: {'mlp_n_layers': 2, 'mlp_dim_00': 192, 'mlp_dim_01': 64, 'hidden_channels': 32, 'num_layers': 2, 'num_timesteps': 2, 'dropout': 0.11244281071287712, 'train_learning_rate': 0.0067840180819325, 'train_lr_reduce': 0.6}. Best is trial 130 with value: 0.0812772810459137.
[I 2024-12-15 22:35:02,038] Trial 463 finished with value: 0.1216239482164383 and parameters: {'mlp_n_layers': 3, 'mlp_dim_00': 224, 'mlp_dim_01': 224, 'mlp_dim_02': 144, 'hidden_channels': 48, 'num_layers': 1, 'num_timesteps': 4, 'dropout': 0.21213093957697043, 'train_learning_rate': 0.0038334279085095106, 'train_lr_reduce': 0.6}. Best is trial 130 with value: 0.0812772810459137.
[I 2024-12-15 22:35:03,923] Trial 462 finished with value: 0.11932123452425003 and parameters: {'mlp_n_layers': 2, 'mlp_dim_00': 112, 'mlp_dim_01': 48, 'hidden_channels': 208, 'num_layers': 3, 'num_timesteps': 4, 'dropout': 0.12751287024663688, 'train_learning_rate': 0.0041356498499235264, 'train_lr_reduce': 0.6}. Best is trial 130 with value: 0.0812772810459137.
[I 2024-12-15 22:35:07,426] Trial 461 finished with value: 0.12915845215320587 and parameters: {'mlp_n_layers': 2, 'mlp_dim_00': 208, 'mlp_dim_01': 224, 'hidden_channels': 32, 'num_layers': 2, 'num_timesteps': 4, 'dropout': 0.2038598033366331, 'train_learning_rate': 0.0012037448246079085, 'train_lr_reduce': 0.6}. Best is trial 130 with value: 0.0812772810459137.
[I 2024-12-15 22:35:15,344] Trial 464 finished with value: 0.1250302791595459 and parameters: {'mlp_n_layers': 2, 'mlp_dim_00': 224, 'mlp_dim_01': 256, 'hidden_channels': 240, 'num_layers': 2, 'num_timesteps': 4, 'dropout': 0.2939781771343891, 'train_learning_rate': 0.0071483127939463995, 'train_lr_reduce': 0.6}. Best is trial 130 with value: 0.0812772810459137.
[I 2024-12-15 22:35:16,626] Trial 465 finished with value: 0.09979240596294403 and parameters: {'mlp_n_layers': 3, 'mlp_dim_00': 240, 'mlp_dim_01': 240, 'mlp_dim_02': 128, 'hidden_channels': 64, 'num_layers': 2, 'num_timesteps': 2, 'dropout': 0.2903316803774386, 'train_learning_rate': 0.00817508728329412, 'train_lr_reduce': 0.6}. Best is trial 130 with value: 0.0812772810459137.
