[I 2024-12-19 23:44:37,532] Trial 169 finished with value: 1.2857732772827148 and parameters: {'mlp_n_layers': 3, 'mlp_dim_00': 231, 'mlp_dim_01': 169, 'mlp_dim_02': 258, 'node_hidden_dim': 95, 'edge_hidden_dim': 59, 'depth': 2, 'rep_dropout': 0.031048100253077787, 'train_learning_rate': 0.009881432012305813, 'train_lr_reduce': 0.6}. Best is trial 122 with value: 0.34963202476501465.
[I 2024-12-19 23:44:39,253] Trial 167 finished with value: 0.44302651286125183 and parameters: {'mlp_n_layers': 4, 'mlp_dim_00': 330, 'mlp_dim_01': 141, 'mlp_dim_02': 187, 'mlp_dim_03': 187, 'node_hidden_dim': 95, 'edge_hidden_dim': 68, 'depth': 1, 'rep_dropout': 0.0075080908710705285, 'train_learning_rate': 0.005034142255826645, 'train_lr_reduce': 0.6}. Best is trial 122 with value: 0.34963202476501465.
[I 2024-12-19 23:44:40,980] Trial 166 finished with value: 0.5574012398719788 and parameters: {'mlp_n_layers': 3, 'mlp_dim_00': 281, 'mlp_dim_01': 123, 'mlp_dim_02': 263, 'node_hidden_dim': 89, 'edge_hidden_dim': 33, 'depth': 1, 'rep_dropout': 0.018418022643307524, 'train_learning_rate': 0.0025111435443912213, 'train_lr_reduce': 0.6}. Best is trial 122 with value: 0.34963202476501465.
[I 2024-12-19 23:44:44,714] Trial 172 finished with value: 1.4189372062683105 and parameters: {'mlp_n_layers': 4, 'mlp_dim_00': 275, 'mlp_dim_01': 126, 'mlp_dim_02': 176, 'mlp_dim_03': 199, 'node_hidden_dim': 90, 'edge_hidden_dim': 59, 'depth': 1, 'rep_dropout': 0.06280665662666345, 'train_learning_rate': 0.008170752275785977, 'train_lr_reduce': 0.6}. Best is trial 122 with value: 0.34963202476501465.
[I 2024-12-19 23:44:48,242] Trial 173 finished with value: 1.542254090309143 and parameters: {'mlp_n_layers': 4, 'mlp_dim_00': 345, 'mlp_dim_01': 210, 'mlp_dim_02': 311, 'mlp_dim_03': 292, 'node_hidden_dim': 128, 'edge_hidden_dim': 50, 'depth': 2, 'rep_dropout': 0.0020221746120837897, 'train_learning_rate': 0.0008974569486872112, 'train_lr_reduce': 0.6}. Best is trial 122 with value: 0.34963202476501465.
[I 2024-12-19 23:44:48,439] Trial 170 finished with value: 0.41108793020248413 and parameters: {'mlp_n_layers': 4, 'mlp_dim_00': 371, 'mlp_dim_01': 67, 'mlp_dim_02': 378, 'mlp_dim_03': 100, 'node_hidden_dim': 87, 'edge_hidden_dim': 39, 'depth': 1, 'rep_dropout': 0.02228041605702292, 'train_learning_rate': 0.002838090707139733, 'train_lr_reduce': 0.6}. Best is trial 122 with value: 0.34963202476501465.
[I 2024-12-19 23:44:58,024] Trial 171 finished with value: 0.32629406452178955 and parameters: {'mlp_n_layers': 4, 'mlp_dim_00': 219, 'mlp_dim_01': 179, 'mlp_dim_02': 285, 'mlp_dim_03': 264, 'node_hidden_dim': 72, 'edge_hidden_dim': 51, 'depth': 1, 'rep_dropout': 0.00970370313364087, 'train_learning_rate': 0.0026147228979352525, 'train_lr_reduce': 0.6}. Best is trial 171 with value: 0.32629406452178955.
[I 2024-12-19 23:45:03,327] Trial 175 finished with value: 0.4094794690608978 and parameters: {'mlp_n_layers': 4, 'mlp_dim_00': 179, 'mlp_dim_01': 189, 'mlp_dim_02': 309, 'mlp_dim_03': 180, 'node_hidden_dim': 56, 'edge_hidden_dim': 128, 'depth': 2, 'rep_dropout': 0.011724910742310204, 'train_learning_rate': 0.004130686666070513, 'train_lr_reduce': 0.6}. Best is trial 171 with value: 0.32629406452178955.
[I 2024-12-19 23:45:07,928] Trial 174 finished with value: 0.36627307534217834 and parameters: {'mlp_n_layers': 4, 'mlp_dim_00': 451, 'mlp_dim_01': 188, 'mlp_dim_02': 320, 'mlp_dim_03': 373, 'node_hidden_dim': 107, 'edge_hidden_dim': 39, 'depth': 1, 'rep_dropout': 0.019381453783571208, 'train_learning_rate': 0.001452592775096577, 'train_lr_reduce': 0.6}. Best is trial 171 with value: 0.32629406452178955.
[I 2024-12-19 23:45:11,950] Trial 178 finished with value: 1.4998408555984497 and parameters: {'mlp_n_layers': 4, 'mlp_dim_00': 119, 'mlp_dim_01': 216, 'mlp_dim_02': 333, 'mlp_dim_03': 381, 'node_hidden_dim': 60, 'edge_hidden_dim': 33, 'depth': 2, 'rep_dropout': 0.041635112642489085, 'train_learning_rate': 0.0027681972503419906, 'train_lr_reduce': 0.6}. Best is trial 171 with value: 0.32629406452178955.
[I 2024-12-19 23:45:12,509] Trial 176 finished with value: 0.4338412880897522 and parameters: {'mlp_n_layers': 4, 'mlp_dim_00': 353, 'mlp_dim_01': 154, 'mlp_dim_02': 260, 'mlp_dim_03': 251, 'node_hidden_dim': 91, 'edge_hidden_dim': 48, 'depth': 1, 'rep_dropout': 0.021374155833366135, 'train_learning_rate': 0.005818443594960605, 'train_lr_reduce': 0.6}. Best is trial 171 with value: 0.32629406452178955.
[I 2024-12-19 23:45:15,686] Trial 179 finished with value: 1.571028709411621 and parameters: {'mlp_n_layers': 4, 'mlp_dim_00': 168, 'mlp_dim_01': 200, 'mlp_dim_02': 330, 'mlp_dim_03': 387, 'node_hidden_dim': 58, 'edge_hidden_dim': 41, 'depth': 1, 'rep_dropout': 0.010460136609608844, 'train_learning_rate': 0.0006782077740108551, 'train_lr_reduce': 0.6}. Best is trial 171 with value: 0.32629406452178955.
[I 2024-12-19 23:45:16,498] Trial 180 finished with value: 1.573853850364685 and parameters: {'mlp_n_layers': 4, 'mlp_dim_00': 321, 'mlp_dim_01': 182, 'mlp_dim_02': 421, 'mlp_dim_03': 346, 'node_hidden_dim': 99, 'edge_hidden_dim': 61, 'depth': 2, 'rep_dropout': 0.04148117046031728, 'train_learning_rate': 0.000629913016038723, 'train_lr_reduce': 0.6}. Best is trial 171 with value: 0.32629406452178955.
[I 2024-12-19 23:45:17,750] Trial 177 finished with value: 0.35741400718688965 and parameters: {'mlp_n_layers': 4, 'mlp_dim_00': 462, 'mlp_dim_01': 279, 'mlp_dim_02': 253, 'mlp_dim_03': 265, 'node_hidden_dim': 62, 'edge_hidden_dim': 54, 'depth': 1, 'rep_dropout': 0.04214971908216858, 'train_learning_rate': 0.0018788623764959607, 'train_lr_reduce': 0.6}. Best is trial 171 with value: 0.32629406452178955.
[I 2024-12-19 23:45:20,105] Trial 182 finished with value: 1.3681375980377197 and parameters: {'mlp_n_layers': 4, 'mlp_dim_00': 278, 'mlp_dim_01': 170, 'mlp_dim_02': 367, 'mlp_dim_03': 332, 'node_hidden_dim': 110, 'edge_hidden_dim': 43, 'depth': 1, 'rep_dropout': 0.0046855611152539865, 'train_learning_rate': 0.006710739093475057, 'train_lr_reduce': 0.6}. Best is trial 171 with value: 0.32629406452178955.
[I 2024-12-19 23:45:21,900] Trial 181 finished with value: 1.3465232849121094 and parameters: {'mlp_n_layers': 4, 'mlp_dim_00': 485, 'mlp_dim_01': 235, 'mlp_dim_02': 312, 'mlp_dim_03': 416, 'node_hidden_dim': 79, 'edge_hidden_dim': 68, 'depth': 2, 'rep_dropout': 0.03163628521023633, 'train_learning_rate': 0.0014015421942001748, 'train_lr_reduce': 0.6}. Best is trial 171 with value: 0.32629406452178955.
[I 2024-12-19 23:45:25,329] Trial 185 finished with value: 1.4246326684951782 and parameters: {'mlp_n_layers': 3, 'mlp_dim_00': 173, 'mlp_dim_01': 268, 'mlp_dim_02': 277, 'node_hidden_dim': 75, 'edge_hidden_dim': 52, 'depth': 1, 'rep_dropout': 0.024824315042182663, 'train_learning_rate': 0.003082615727783743, 'train_lr_reduce': 0.6}. Best is trial 171 with value: 0.32629406452178955.
[I 2024-12-19 23:45:29,779] Trial 183 finished with value: 0.36462458968162537 and parameters: {'mlp_n_layers': 4, 'mlp_dim_00': 320, 'mlp_dim_01': 315, 'mlp_dim_02': 255, 'mlp_dim_03': 266, 'node_hidden_dim': 104, 'edge_hidden_dim': 36, 'depth': 1, 'rep_dropout': 0.02169613297696774, 'train_learning_rate': 0.0014161139439263582, 'train_lr_reduce': 0.6}. Best is trial 171 with value: 0.32629406452178955.
[I 2024-12-19 23:45:33,379] Trial 187 finished with value: 1.568026065826416 and parameters: {'mlp_n_layers': 4, 'mlp_dim_00': 474, 'mlp_dim_01': 288, 'mlp_dim_02': 236, 'mlp_dim_03': 264, 'node_hidden_dim': 98, 'edge_hidden_dim': 46, 'depth': 1, 'rep_dropout': 0.004358554463153561, 'train_learning_rate': 0.0005849660916516246, 'train_lr_reduce': 0.6}. Best is trial 171 with value: 0.32629406452178955.
[I 2024-12-19 23:45:35,599] Trial 184 finished with value: 0.3542649745941162 and parameters: {'mlp_n_layers': 4, 'mlp_dim_00': 264, 'mlp_dim_01': 260, 'mlp_dim_02': 280, 'mlp_dim_03': 249, 'node_hidden_dim': 67, 'edge_hidden_dim': 46, 'depth': 1, 'rep_dropout': 0.0039731499638720105, 'train_learning_rate': 0.002780877915071936, 'train_lr_reduce': 0.6}. Best is trial 171 with value: 0.32629406452178955.
[I 2024-12-19 23:45:37,557] Trial 186 finished with value: 0.35173457860946655 and parameters: {'mlp_n_layers': 3, 'mlp_dim_00': 328, 'mlp_dim_01': 245, 'mlp_dim_02': 238, 'node_hidden_dim': 115, 'edge_hidden_dim': 33, 'depth': 1, 'rep_dropout': 0.0076064478848197606, 'train_learning_rate': 0.0021021647413692625, 'train_lr_reduce': 0.6}. Best is trial 171 with value: 0.32629406452178955.
[I 2024-12-19 23:45:54,988] Trial 189 finished with value: 0.3686133921146393 and parameters: {'mlp_n_layers': 4, 'mlp_dim_00': 444, 'mlp_dim_01': 314, 'mlp_dim_02': 284, 'mlp_dim_03': 230, 'node_hidden_dim': 101, 'edge_hidden_dim': 34, 'depth': 1, 'rep_dropout': 0.02289072007319345, 'train_learning_rate': 0.001810827755547956, 'train_lr_reduce': 0.6}. Best is trial 171 with value: 0.32629406452178955.
[I 2024-12-19 23:45:59,130] Trial 191 finished with value: 1.5600374937057495 and parameters: {'mlp_n_layers': 4, 'mlp_dim_00': 412, 'mlp_dim_01': 349, 'mlp_dim_02': 260, 'mlp_dim_03': 239, 'node_hidden_dim': 94, 'edge_hidden_dim': 35, 'depth': 2, 'rep_dropout': 0.053807129273412725, 'train_learning_rate': 0.0008749635785370057, 'train_lr_reduce': 0.6}. Best is trial 171 with value: 0.32629406452178955.
[I 2024-12-19 23:46:00,741] Trial 188 finished with value: 0.36970001459121704 and parameters: {'mlp_n_layers': 4, 'mlp_dim_00': 397, 'mlp_dim_01': 342, 'mlp_dim_02': 255, 'mlp_dim_03': 264, 'node_hidden_dim': 109, 'edge_hidden_dim': 34, 'depth': 1, 'rep_dropout': 0.04044572067520465, 'train_learning_rate': 0.0022244183477905287, 'train_lr_reduce': 0.6}. Best is trial 171 with value: 0.32629406452178955.
[I 2024-12-19 23:46:02,914] Trial 192 finished with value: 1.3723198175430298 and parameters: {'mlp_n_layers': 2, 'mlp_dim_00': 275, 'mlp_dim_01': 315, 'node_hidden_dim': 120, 'edge_hidden_dim': 41, 'depth': 2, 'rep_dropout': 0.01516578701105567, 'train_learning_rate': 0.0014137806657852756, 'train_lr_reduce': 0.6}. Best is trial 171 with value: 0.32629406452178955.
[I 2024-12-19 23:46:04,656] Trial 193 finished with value: 1.4814274311065674 and parameters: {'mlp_n_layers': 4, 'mlp_dim_00': 475, 'mlp_dim_01': 331, 'mlp_dim_02': 268, 'mlp_dim_03': 249, 'node_hidden_dim': 120, 'edge_hidden_dim': 32, 'depth': 1, 'rep_dropout': 0.02435308530108394, 'train_learning_rate': 0.0039752860024488195, 'train_lr_reduce': 0.6}. Best is trial 171 with value: 0.32629406452178955.
[I 2024-12-19 23:46:08,209] Trial 195 finished with value: 1.5158441066741943 and parameters: {'mlp_n_layers': 3, 'mlp_dim_00': 429, 'mlp_dim_01': 295, 'mlp_dim_02': 263, 'node_hidden_dim': 104, 'edge_hidden_dim': 37, 'depth': 1, 'rep_dropout': 0.008908252901477226, 'train_learning_rate': 0.0010084703978319191, 'train_lr_reduce': 0.6}. Best is trial 171 with value: 0.32629406452178955.
[I 2024-12-19 23:46:13,694] Trial 190 finished with value: 0.4208950102329254 and parameters: {'mlp_n_layers': 3, 'mlp_dim_00': 369, 'mlp_dim_01': 299, 'mlp_dim_02': 240, 'node_hidden_dim': 121, 'edge_hidden_dim': 37, 'depth': 1, 'rep_dropout': 0.004212615971360175, 'train_learning_rate': 0.0029173230109930297, 'train_lr_reduce': 0.6}. Best is trial 171 with value: 0.32629406452178955.
[I 2024-12-19 23:46:23,829] Trial 194 finished with value: 0.3523598313331604 and parameters: {'mlp_n_layers': 4, 'mlp_dim_00': 496, 'mlp_dim_01': 302, 'mlp_dim_02': 265, 'mlp_dim_03': 256, 'node_hidden_dim': 91, 'edge_hidden_dim': 52, 'depth': 1, 'rep_dropout': 0.06343069361121276, 'train_learning_rate': 0.002640081662012563, 'train_lr_reduce': 0.6}. Best is trial 171 with value: 0.32629406452178955.
[I 2024-12-19 23:46:25,871] Trial 196 finished with value: 0.47317662835121155 and parameters: {'mlp_n_layers': 4, 'mlp_dim_00': 248, 'mlp_dim_01': 281, 'mlp_dim_02': 277, 'mlp_dim_03': 272, 'node_hidden_dim': 61, 'edge_hidden_dim': 59, 'depth': 2, 'rep_dropout': 0.009149975393447755, 'train_learning_rate': 0.00414595166120649, 'train_lr_reduce': 0.6}. Best is trial 171 with value: 0.32629406452178955.
[I 2024-12-19 23:46:34,605] Trial 197 finished with value: 0.34532779455184937 and parameters: {'mlp_n_layers': 4, 'mlp_dim_00': 316, 'mlp_dim_01': 386, 'mlp_dim_02': 231, 'mlp_dim_03': 240, 'node_hidden_dim': 108, 'edge_hidden_dim': 49, 'depth': 1, 'rep_dropout': 0.01851422314690007, 'train_learning_rate': 0.0010418591096270464, 'train_lr_reduce': 0.6}. Best is trial 171 with value: 0.32629406452178955.
[I 2024-12-19 23:46:34,931] Trial 198 finished with value: 0.4563652575016022 and parameters: {'mlp_n_layers': 4, 'mlp_dim_00': 507, 'mlp_dim_01': 293, 'mlp_dim_02': 267, 'mlp_dim_03': 245, 'node_hidden_dim': 83, 'edge_hidden_dim': 40, 'depth': 1, 'rep_dropout': 0.07283682392979743, 'train_learning_rate': 0.0015429096569723982, 'train_lr_reduce': 0.6}. Best is trial 171 with value: 0.32629406452178955.
[I 2024-12-19 23:46:36,776] Trial 199 finished with value: 0.46080684661865234 and parameters: {'mlp_n_layers': 4, 'mlp_dim_00': 118, 'mlp_dim_01': 291, 'mlp_dim_02': 265, 'mlp_dim_03': 212, 'node_hidden_dim': 50, 'edge_hidden_dim': 54, 'depth': 1, 'rep_dropout': 0.01476745528779954, 'train_learning_rate': 0.004552277789340909, 'train_lr_reduce': 0.6}. Best is trial 171 with value: 0.32629406452178955.
[I 2024-12-19 23:46:49,733] Trial 200 finished with value: 0.446006715297699 and parameters: {'mlp_n_layers': 4, 'mlp_dim_00': 225, 'mlp_dim_01': 429, 'mlp_dim_02': 227, 'mlp_dim_03': 293, 'node_hidden_dim': 111, 'edge_hidden_dim': 47, 'depth': 1, 'rep_dropout': 0.013277155691282759, 'train_learning_rate': 0.0009350930281780349, 'train_lr_reduce': 0.6}. Best is trial 171 with value: 0.32629406452178955.
[I 2024-12-19 23:46:50,632] Trial 202 finished with value: 0.40915337204933167 and parameters: {'mlp_n_layers': 4, 'mlp_dim_00': 254, 'mlp_dim_01': 352, 'mlp_dim_02': 220, 'mlp_dim_03': 306, 'node_hidden_dim': 56, 'edge_hidden_dim': 51, 'depth': 1, 'rep_dropout': 0.008971133078697848, 'train_learning_rate': 0.0036573546186119588, 'train_lr_reduce': 0.6}. Best is trial 171 with value: 0.32629406452178955.
[I 2024-12-19 23:46:51,330] Trial 201 finished with value: 0.3305414617061615 and parameters: {'mlp_n_layers': 4, 'mlp_dim_00': 326, 'mlp_dim_01': 402, 'mlp_dim_02': 206, 'mlp_dim_03': 275, 'node_hidden_dim': 109, 'edge_hidden_dim': 60, 'depth': 1, 'rep_dropout': 0.03866400525820427, 'train_learning_rate': 0.0013895390571873308, 'train_lr_reduce': 0.6}. Best is trial 171 with value: 0.32629406452178955.
[I 2024-12-19 23:46:57,987] Trial 205 finished with value: 1.3382768630981445 and parameters: {'mlp_n_layers': 4, 'mlp_dim_00': 491, 'mlp_dim_01': 415, 'mlp_dim_02': 195, 'mlp_dim_03': 265, 'node_hidden_dim': 92, 'edge_hidden_dim': 57, 'depth': 2, 'rep_dropout': 0.06095236868063533, 'train_learning_rate': 0.0026799256146069644, 'train_lr_reduce': 0.6}. Best is trial 171 with value: 0.32629406452178955.
[I 2024-12-19 23:47:01,094] Trial 206 finished with value: 1.4835090637207031 and parameters: {'mlp_n_layers': 3, 'mlp_dim_00': 273, 'mlp_dim_01': 418, 'mlp_dim_02': 203, 'node_hidden_dim': 105, 'edge_hidden_dim': 33, 'depth': 1, 'rep_dropout': 0.014724413579276414, 'train_learning_rate': 0.001398319088095895, 'train_lr_reduce': 0.6}. Best is trial 171 with value: 0.32629406452178955.
[I 2024-12-19 23:47:01,111] Trial 204 finished with value: 0.40700653195381165 and parameters: {'mlp_n_layers': 4, 'mlp_dim_00': 465, 'mlp_dim_01': 333, 'mlp_dim_02': 266, 'mlp_dim_03': 272, 'node_hidden_dim': 81, 'edge_hidden_dim': 68, 'depth': 1, 'rep_dropout': 0.07875425604549083, 'train_learning_rate': 0.0027035729481737227, 'train_lr_reduce': 0.6}. Best is trial 171 with value: 0.32629406452178955.
[I 2024-12-19 23:47:02,559] Trial 203 finished with value: 0.3635863661766052 and parameters: {'mlp_n_layers': 4, 'mlp_dim_00': 505, 'mlp_dim_01': 376, 'mlp_dim_02': 256, 'mlp_dim_03': 225, 'node_hidden_dim': 92, 'edge_hidden_dim': 44, 'depth': 1, 'rep_dropout': 0.007651212098975209, 'train_learning_rate': 0.0023680274579969754, 'train_lr_reduce': 0.6}. Best is trial 171 with value: 0.32629406452178955.
[I 2024-12-19 23:47:18,352] Trial 208 finished with value: 0.41217508912086487 and parameters: {'mlp_n_layers': 4, 'mlp_dim_00': 398, 'mlp_dim_01': 272, 'mlp_dim_02': 208, 'mlp_dim_03': 257, 'node_hidden_dim': 103, 'edge_hidden_dim': 69, 'depth': 1, 'rep_dropout': 0.04054068543913132, 'train_learning_rate': 0.0013812653386220959, 'train_lr_reduce': 0.6}. Best is trial 171 with value: 0.32629406452178955.
[I 2024-12-19 23:47:22,154] Trial 209 finished with value: 0.37335073947906494 and parameters: {'mlp_n_layers': 4, 'mlp_dim_00': 315, 'mlp_dim_01': 409, 'mlp_dim_02': 258, 'mlp_dim_03': 214, 'node_hidden_dim': 107, 'edge_hidden_dim': 64, 'depth': 1, 'rep_dropout': 0.04788111562300064, 'train_learning_rate': 0.0013464076011974163, 'train_lr_reduce': 0.6}. Best is trial 171 with value: 0.32629406452178955.
[I 2024-12-19 23:47:23,801] Trial 210 finished with value: 1.3460568189620972 and parameters: {'mlp_n_layers': 2, 'mlp_dim_00': 218, 'mlp_dim_01': 379, 'node_hidden_dim': 33, 'edge_hidden_dim': 106, 'depth': 4, 'rep_dropout': 0.14921370303214607, 'train_learning_rate': 0.0018632513393222379, 'train_lr_reduce': 0.6}. Best is trial 171 with value: 0.32629406452178955.
[I 2024-12-19 23:47:26,179] Trial 211 finished with value: 1.5485849380493164 and parameters: {'mlp_n_layers': 4, 'mlp_dim_00': 343, 'mlp_dim_01': 363, 'mlp_dim_02': 263, 'mlp_dim_03': 211, 'node_hidden_dim': 75, 'edge_hidden_dim': 34, 'depth': 2, 'rep_dropout': 0.001064744510406738, 'train_learning_rate': 0.0007999623572198376, 'train_lr_reduce': 0.6}. Best is trial 171 with value: 0.32629406452178955.
[I 2024-12-19 23:47:37,435] Trial 207 finished with value: 0.34404245018959045 and parameters: {'mlp_n_layers': 4, 'mlp_dim_00': 378, 'mlp_dim_01': 382, 'mlp_dim_02': 204, 'mlp_dim_03': 302, 'node_hidden_dim': 110, 'edge_hidden_dim': 39, 'depth': 1, 'rep_dropout': 0.007850080846500759, 'train_learning_rate': 0.0009151503399335944, 'train_lr_reduce': 0.6}. Best is trial 171 with value: 0.32629406452178955.
[I 2024-12-19 23:47:38,389] Trial 212 finished with value: 0.3483584225177765 and parameters: {'mlp_n_layers': 4, 'mlp_dim_00': 317, 'mlp_dim_01': 391, 'mlp_dim_02': 273, 'mlp_dim_03': 230, 'node_hidden_dim': 105, 'edge_hidden_dim': 57, 'depth': 1, 'rep_dropout': 0.01885692117178369, 'train_learning_rate': 0.0013577345941956024, 'train_lr_reduce': 0.6}. Best is trial 171 with value: 0.32629406452178955.
[I 2024-12-19 23:47:38,472] Trial 213 finished with value: 0.4164837896823883 and parameters: {'mlp_n_layers': 4, 'mlp_dim_00': 197, 'mlp_dim_01': 449, 'mlp_dim_02': 217, 'mlp_dim_03': 289, 'node_hidden_dim': 75, 'edge_hidden_dim': 59, 'depth': 1, 'rep_dropout': 0.00827745927088883, 'train_learning_rate': 0.0024629463640173975, 'train_lr_reduce': 0.6}. Best is trial 171 with value: 0.32629406452178955.
[I 2024-12-19 23:47:40,705] Trial 214 finished with value: 1.458668828010559 and parameters: {'mlp_n_layers': 4, 'mlp_dim_00': 407, 'mlp_dim_01': 387, 'mlp_dim_02': 189, 'mlp_dim_03': 254, 'node_hidden_dim': 66, 'edge_hidden_dim': 51, 'depth': 1, 'rep_dropout': 0.05800697640481907, 'train_learning_rate': 0.0027580131230441336, 'train_lr_reduce': 0.6}. Best is trial 171 with value: 0.32629406452178955.
[I 2024-12-19 23:47:55,834] Trial 216 finished with value: 0.39817848801612854 and parameters: {'mlp_n_layers': 4, 'mlp_dim_00': 282, 'mlp_dim_01': 393, 'mlp_dim_02': 272, 'mlp_dim_03': 224, 'node_hidden_dim': 103, 'edge_hidden_dim': 34, 'depth': 1, 'rep_dropout': 0.012451319601838162, 'train_learning_rate': 0.0013417398799222065, 'train_lr_reduce': 0.6}. Best is trial 171 with value: 0.32629406452178955.
[I 2024-12-19 23:47:56,821] Trial 215 finished with value: 0.3809302747249603 and parameters: {'mlp_n_layers': 4, 'mlp_dim_00': 273, 'mlp_dim_01': 394, 'mlp_dim_02': 232, 'mlp_dim_03': 218, 'node_hidden_dim': 109, 'edge_hidden_dim': 39, 'depth': 1, 'rep_dropout': 0.02661816185435001, 'train_learning_rate': 0.0018647535712776652, 'train_lr_reduce': 0.6}. Best is trial 171 with value: 0.32629406452178955.
[I 2024-12-19 23:48:01,632] Trial 218 finished with value: 1.5402369499206543 and parameters: {'mlp_n_layers': 4, 'mlp_dim_00': 472, 'mlp_dim_01': 390, 'mlp_dim_02': 136, 'mlp_dim_03': 233, 'node_hidden_dim': 83, 'edge_hidden_dim': 44, 'depth': 2, 'rep_dropout': 0.004116781186191699, 'train_learning_rate': 0.0029275441601508364, 'train_lr_reduce': 0.6}. Best is trial 171 with value: 0.32629406452178955.
[I 2024-12-19 23:48:04,253] Trial 217 finished with value: 0.36542025208473206 and parameters: {'mlp_n_layers': 4, 'mlp_dim_00': 328, 'mlp_dim_01': 361, 'mlp_dim_02': 231, 'mlp_dim_03': 281, 'node_hidden_dim': 124, 'edge_hidden_dim': 52, 'depth': 1, 'rep_dropout': 0.04119751202760253, 'train_learning_rate': 0.0010618557500363345, 'train_lr_reduce': 0.6}. Best is trial 171 with value: 0.32629406452178955.
[I 2024-12-19 23:48:06,039] Trial 220 finished with value: 1.5722846984863281 and parameters: {'mlp_n_layers': 3, 'mlp_dim_00': 274, 'mlp_dim_01': 452, 'mlp_dim_02': 225, 'node_hidden_dim': 94, 'edge_hidden_dim': 53, 'depth': 1, 'rep_dropout': 0.0027543984717332036, 'train_learning_rate': 0.0002441592770218156, 'train_lr_reduce': 0.6}. Best is trial 171 with value: 0.32629406452178955.
[I 2024-12-19 23:48:08,289] Trial 221 finished with value: 1.5787478685379028 and parameters: {'mlp_n_layers': 4, 'mlp_dim_00': 366, 'mlp_dim_01': 362, 'mlp_dim_02': 205, 'mlp_dim_03': 268, 'node_hidden_dim': 110, 'edge_hidden_dim': 50, 'depth': 1, 'rep_dropout': 0.019736151653453018, 'train_learning_rate': 0.00029979416083406084, 'train_lr_reduce': 0.6}. Best is trial 171 with value: 0.32629406452178955.
