[I 2024-12-19 22:03:33,477] Trial 2256 finished with value: 0.0985676720738411 and parameters: {'mlp_n_layers': 4, 'mlp_dim_00': 371, 'mlp_dim_01': 390, 'mlp_dim_02': 314, 'mlp_dim_03': 435, 'node_hidden_dim': 53, 'edge_hidden_dim': 41, 'depth': 1, 'rep_dropout': 0.14895959201897185, 'train_learning_rate': 0.0008853900087411091, 'train_lr_reduce': 0.6}. Best is trial 122 with value: 0.09548358619213104.
[I 2024-12-19 22:03:34,438] Trial 2258 finished with value: 1.5833696126937866 and parameters: {'mlp_n_layers': 3, 'mlp_dim_00': 342, 'mlp_dim_01': 330, 'mlp_dim_02': 401, 'node_hidden_dim': 36, 'edge_hidden_dim': 63, 'depth': 1, 'rep_dropout': 0.058017345157475496, 'train_learning_rate': 0.0021351960618081075, 'train_lr_reduce': 0.6}. Best is trial 122 with value: 0.09548358619213104.
[I 2024-12-19 22:03:37,878] Trial 2257 finished with value: 0.22036539018154144 and parameters: {'mlp_n_layers': 4, 'mlp_dim_00': 386, 'mlp_dim_01': 354, 'mlp_dim_02': 363, 'mlp_dim_03': 482, 'node_hidden_dim': 47, 'edge_hidden_dim': 51, 'depth': 2, 'rep_dropout': 0.09176427869268453, 'train_learning_rate': 0.00042976377809459933, 'train_lr_reduce': 0.6}. Best is trial 122 with value: 0.09548358619213104.
[I 2024-12-19 22:03:43,152] Trial 2261 finished with value: 1.667372465133667 and parameters: {'mlp_n_layers': 4, 'mlp_dim_00': 317, 'mlp_dim_01': 384, 'mlp_dim_02': 308, 'mlp_dim_03': 406, 'node_hidden_dim': 44, 'edge_hidden_dim': 50, 'depth': 1, 'rep_dropout': 0.11388926425154988, 'train_learning_rate': 0.0008251709096696267, 'train_lr_reduce': 0.6}. Best is trial 122 with value: 0.09548358619213104.
[I 2024-12-19 22:04:04,601] Trial 2262 finished with value: 0.26093214750289917 and parameters: {'mlp_n_layers': 4, 'mlp_dim_00': 409, 'mlp_dim_01': 376, 'mlp_dim_02': 395, 'mlp_dim_03': 375, 'node_hidden_dim': 50, 'edge_hidden_dim': 43, 'depth': 1, 'rep_dropout': 0.14795844776390463, 'train_learning_rate': 0.0007634324420019377, 'train_lr_reduce': 0.6}. Best is trial 122 with value: 0.09548358619213104.
[I 2024-12-19 22:04:20,515] Trial 2259 finished with value: 1.6718075275421143 and parameters: {'mlp_n_layers': 4, 'mlp_dim_00': 341, 'mlp_dim_01': 370, 'mlp_dim_02': 326, 'mlp_dim_03': 388, 'node_hidden_dim': 60, 'edge_hidden_dim': 42, 'depth': 1, 'rep_dropout': 0.1342652385377164, 'train_learning_rate': 0.00036284480799197457, 'train_lr_reduce': 0.6}. Best is trial 122 with value: 0.09548358619213104.
[I 2024-12-19 22:04:21,606] Trial 2260 finished with value: 0.19478611648082733 and parameters: {'mlp_n_layers': 3, 'mlp_dim_00': 401, 'mlp_dim_01': 379, 'mlp_dim_02': 264, 'node_hidden_dim': 92, 'edge_hidden_dim': 87, 'depth': 1, 'rep_dropout': 0.14579329408962224, 'train_learning_rate': 0.00047629198714685617, 'train_lr_reduce': 0.6}. Best is trial 122 with value: 0.09548358619213104.
[I 2024-12-19 22:04:25,271] Trial 2264 finished with value: 1.6738231182098389 and parameters: {'mlp_n_layers': 4, 'mlp_dim_00': 320, 'mlp_dim_01': 352, 'mlp_dim_02': 313, 'mlp_dim_03': 413, 'node_hidden_dim': 55, 'edge_hidden_dim': 45, 'depth': 1, 'rep_dropout': 0.14151331665106845, 'train_learning_rate': 0.0008393440381046506, 'train_lr_reduce': 0.6}. Best is trial 122 with value: 0.09548358619213104.
[I 2024-12-19 22:04:48,747] Trial 2263 finished with value: 0.12115994095802307 and parameters: {'mlp_n_layers': 4, 'mlp_dim_00': 179, 'mlp_dim_01': 381, 'mlp_dim_02': 347, 'mlp_dim_03': 414, 'node_hidden_dim': 54, 'edge_hidden_dim': 78, 'depth': 1, 'rep_dropout': 0.10413428159918738, 'train_learning_rate': 0.0004251095244727805, 'train_lr_reduce': 0.6}. Best is trial 122 with value: 0.09548358619213104.
[I 2024-12-19 22:04:54,493] Trial 2267 finished with value: 1.679762363433838 and parameters: {'mlp_n_layers': 4, 'mlp_dim_00': 296, 'mlp_dim_01': 359, 'mlp_dim_02': 297, 'mlp_dim_03': 419, 'node_hidden_dim': 55, 'edge_hidden_dim': 78, 'depth': 2, 'rep_dropout': 0.14041300179324537, 'train_learning_rate': 0.0006801104737304515, 'train_lr_reduce': 0.6}. Best is trial 122 with value: 0.09548358619213104.
[I 2024-12-19 22:05:04,422] Trial 2265 finished with value: 0.12769055366516113 and parameters: {'mlp_n_layers': 3, 'mlp_dim_00': 298, 'mlp_dim_01': 361, 'mlp_dim_02': 367, 'node_hidden_dim': 45, 'edge_hidden_dim': 36, 'depth': 1, 'rep_dropout': 0.14163688270263433, 'train_learning_rate': 0.0007278177050431613, 'train_lr_reduce': 0.6}. Best is trial 122 with value: 0.09548358619213104.
[I 2024-12-19 22:05:09,432] Trial 2266 finished with value: 0.2896748185157776 and parameters: {'mlp_n_layers': 4, 'mlp_dim_00': 300, 'mlp_dim_01': 386, 'mlp_dim_02': 397, 'mlp_dim_03': 379, 'node_hidden_dim': 34, 'edge_hidden_dim': 78, 'depth': 2, 'rep_dropout': 0.09055112076192472, 'train_learning_rate': 0.0005876206468727305, 'train_lr_reduce': 0.6}. Best is trial 122 with value: 0.09548358619213104.
[I 2024-12-19 22:05:15,406] Trial 2270 finished with value: 1.6163045167922974 and parameters: {'mlp_n_layers': 4, 'mlp_dim_00': 260, 'mlp_dim_01': 331, 'mlp_dim_02': 350, 'mlp_dim_03': 429, 'node_hidden_dim': 54, 'edge_hidden_dim': 70, 'depth': 1, 'rep_dropout': 0.10490163874922216, 'train_learning_rate': 0.0018988852076789618, 'train_lr_reduce': 0.6}. Best is trial 122 with value: 0.09548358619213104.
[I 2024-12-19 22:05:36,721] Trial 2268 finished with value: 0.09944278746843338 and parameters: {'mlp_n_layers': 4, 'mlp_dim_00': 315, 'mlp_dim_01': 390, 'mlp_dim_02': 352, 'mlp_dim_03': 382, 'node_hidden_dim': 91, 'edge_hidden_dim': 70, 'depth': 1, 'rep_dropout': 0.07856051015055981, 'train_learning_rate': 0.0006927259466352694, 'train_lr_reduce': 0.6}. Best is trial 122 with value: 0.09548358619213104.
[I 2024-12-19 22:05:42,007] Trial 2272 finished with value: 1.65863835811615 and parameters: {'mlp_n_layers': 3, 'mlp_dim_00': 369, 'mlp_dim_01': 355, 'mlp_dim_02': 381, 'node_hidden_dim': 39, 'edge_hidden_dim': 37, 'depth': 1, 'rep_dropout': 0.13904707441007186, 'train_learning_rate': 0.0008031651299569068, 'train_lr_reduce': 0.6}. Best is trial 122 with value: 0.09548358619213104.
[I 2024-12-19 22:05:50,448] Trial 2269 finished with value: 0.15794365108013153 and parameters: {'mlp_n_layers': 4, 'mlp_dim_00': 301, 'mlp_dim_01': 344, 'mlp_dim_02': 406, 'mlp_dim_03': 427, 'node_hidden_dim': 58, 'edge_hidden_dim': 33, 'depth': 1, 'rep_dropout': 0.1300651207522463, 'train_learning_rate': 0.0018201318592769333, 'train_lr_reduce': 0.6}. Best is trial 122 with value: 0.09548358619213104.
[I 2024-12-19 22:05:57,348] Trial 2271 finished with value: 0.10668730735778809 and parameters: {'mlp_n_layers': 4, 'mlp_dim_00': 280, 'mlp_dim_01': 389, 'mlp_dim_02': 408, 'mlp_dim_03': 375, 'node_hidden_dim': 114, 'edge_hidden_dim': 57, 'depth': 1, 'rep_dropout': 0.09311822038220394, 'train_learning_rate': 0.0009850899714872415, 'train_lr_reduce': 0.6}. Best is trial 122 with value: 0.09548358619213104.
[I 2024-12-19 22:06:05,315] Trial 2273 finished with value: 0.2270837426185608 and parameters: {'mlp_n_layers': 3, 'mlp_dim_00': 318, 'mlp_dim_01': 361, 'mlp_dim_02': 408, 'node_hidden_dim': 70, 'edge_hidden_dim': 37, 'depth': 1, 'rep_dropout': 0.1426853895858533, 'train_learning_rate': 0.0024726540584838336, 'train_lr_reduce': 0.6}. Best is trial 122 with value: 0.09548358619213104.
[I 2024-12-19 22:06:30,556] Trial 2274 finished with value: 0.12711237370967865 and parameters: {'mlp_n_layers': 3, 'mlp_dim_00': 351, 'mlp_dim_01': 376, 'mlp_dim_02': 375, 'node_hidden_dim': 89, 'edge_hidden_dim': 90, 'depth': 1, 'rep_dropout': 0.08865899679689708, 'train_learning_rate': 0.0007909333807872727, 'train_lr_reduce': 0.6}. Best is trial 122 with value: 0.09548358619213104.
[I 2024-12-19 22:06:35,724] Trial 2277 finished with value: 1.6800060272216797 and parameters: {'mlp_n_layers': 4, 'mlp_dim_00': 302, 'mlp_dim_01': 338, 'mlp_dim_02': 364, 'mlp_dim_03': 362, 'node_hidden_dim': 106, 'edge_hidden_dim': 71, 'depth': 1, 'rep_dropout': 0.06209153465502089, 'train_learning_rate': 0.00023952020435210068, 'train_lr_reduce': 0.6}. Best is trial 122 with value: 0.09548358619213104.
[I 2024-12-19 22:06:38,429] Trial 2275 finished with value: 0.15894219279289246 and parameters: {'mlp_n_layers': 4, 'mlp_dim_00': 282, 'mlp_dim_01': 360, 'mlp_dim_02': 368, 'mlp_dim_03': 368, 'node_hidden_dim': 71, 'edge_hidden_dim': 61, 'depth': 2, 'rep_dropout': 0.09333929557824129, 'train_learning_rate': 0.000698621602203935, 'train_lr_reduce': 0.6}. Best is trial 122 with value: 0.09548358619213104.
[I 2024-12-19 22:06:46,502] Trial 2276 finished with value: 0.11534304171800613 and parameters: {'mlp_n_layers': 4, 'mlp_dim_00': 322, 'mlp_dim_01': 381, 'mlp_dim_02': 411, 'mlp_dim_03': 360, 'node_hidden_dim': 67, 'edge_hidden_dim': 45, 'depth': 1, 'rep_dropout': 0.141832768698994, 'train_learning_rate': 0.001224148799182896, 'train_lr_reduce': 0.6}. Best is trial 122 with value: 0.09548358619213104.
[I 2024-12-19 22:07:19,454] Trial 2278 finished with value: 0.10453611612319946 and parameters: {'mlp_n_layers': 4, 'mlp_dim_00': 208, 'mlp_dim_01': 326, 'mlp_dim_02': 414, 'mlp_dim_03': 361, 'node_hidden_dim': 88, 'edge_hidden_dim': 69, 'depth': 1, 'rep_dropout': 0.07052567735168017, 'train_learning_rate': 0.00045439612306390307, 'train_lr_reduce': 0.6}. Best is trial 122 with value: 0.09548358619213104.
[I 2024-12-19 22:07:22,367] Trial 2279 finished with value: 0.23308414220809937 and parameters: {'mlp_n_layers': 3, 'mlp_dim_00': 318, 'mlp_dim_01': 369, 'mlp_dim_02': 360, 'node_hidden_dim': 33, 'edge_hidden_dim': 84, 'depth': 1, 'rep_dropout': 0.12626712361765258, 'train_learning_rate': 0.0006077536449134352, 'train_lr_reduce': 0.6}. Best is trial 122 with value: 0.09548358619213104.
[I 2024-12-19 22:07:28,650] Trial 2282 finished with value: 1.6806837320327759 and parameters: {'mlp_n_layers': 3, 'mlp_dim_00': 289, 'mlp_dim_01': 321, 'mlp_dim_02': 413, 'node_hidden_dim': 41, 'edge_hidden_dim': 112, 'depth': 3, 'rep_dropout': 0.0063610806787759155, 'train_learning_rate': 0.00020945398662033436, 'train_lr_reduce': 0.6}. Best is trial 122 with value: 0.09548358619213104.
[I 2024-12-19 22:07:31,663] Trial 2280 finished with value: 0.1281522810459137 and parameters: {'mlp_n_layers': 4, 'mlp_dim_00': 321, 'mlp_dim_01': 388, 'mlp_dim_02': 406, 'mlp_dim_03': 359, 'node_hidden_dim': 102, 'edge_hidden_dim': 88, 'depth': 1, 'rep_dropout': 0.06962699714843833, 'train_learning_rate': 0.0010982302189333193, 'train_lr_reduce': 0.6}. Best is trial 122 with value: 0.09548358619213104.
[I 2024-12-19 22:07:37,485] Trial 2284 finished with value: 1.6805460453033447 and parameters: {'mlp_n_layers': 4, 'mlp_dim_00': 452, 'mlp_dim_01': 354, 'mlp_dim_02': 332, 'mlp_dim_03': 381, 'node_hidden_dim': 97, 'edge_hidden_dim': 60, 'depth': 1, 'rep_dropout': 0.11085423915966491, 'train_learning_rate': 0.00029695901310531757, 'train_lr_reduce': 0.6}. Best is trial 122 with value: 0.09548358619213104.
[I 2024-12-19 22:07:43,223] Trial 2285 finished with value: 1.6621612310409546 and parameters: {'mlp_n_layers': 4, 'mlp_dim_00': 421, 'mlp_dim_01': 309, 'mlp_dim_02': 415, 'mlp_dim_03': 357, 'node_hidden_dim': 46, 'edge_hidden_dim': 34, 'depth': 1, 'rep_dropout': 0.1449971663884738, 'train_learning_rate': 0.0011458152196201791, 'train_lr_reduce': 0.6}. Best is trial 122 with value: 0.09548358619213104.
[I 2024-12-19 22:07:46,190] Trial 2283 finished with value: 0.31554993987083435 and parameters: {'mlp_n_layers': 3, 'mlp_dim_00': 321, 'mlp_dim_01': 387, 'mlp_dim_02': 373, 'node_hidden_dim': 111, 'edge_hidden_dim': 64, 'depth': 1, 'rep_dropout': 0.06141572294162245, 'train_learning_rate': 0.0026628112455200793, 'train_lr_reduce': 0.6}. Best is trial 122 with value: 0.09548358619213104.
[I 2024-12-19 22:07:46,942] Trial 2281 finished with value: 0.17220743000507355 and parameters: {'mlp_n_layers': 4, 'mlp_dim_00': 330, 'mlp_dim_01': 338, 'mlp_dim_02': 349, 'mlp_dim_03': 369, 'node_hidden_dim': 97, 'edge_hidden_dim': 59, 'depth': 1, 'rep_dropout': 0.07594519035531833, 'train_learning_rate': 0.0010374322808523822, 'train_lr_reduce': 0.6}. Best is trial 122 with value: 0.09548358619213104.
[I 2024-12-19 22:07:53,062] Trial 2287 finished with value: 1.6333446502685547 and parameters: {'mlp_n_layers': 1, 'mlp_dim_00': 214, 'node_hidden_dim': 63, 'edge_hidden_dim': 68, 'depth': 2, 'rep_dropout': 0.12753349777912032, 'train_learning_rate': 0.0003132778815780133, 'train_lr_reduce': 0.6}. Best is trial 122 with value: 0.09548358619213104.
[I 2024-12-19 22:08:00,499] Trial 2289 finished with value: 1.6676431894302368 and parameters: {'mlp_n_layers': 4, 'mlp_dim_00': 346, 'mlp_dim_01': 304, 'mlp_dim_02': 423, 'mlp_dim_03': 388, 'node_hidden_dim': 54, 'edge_hidden_dim': 32, 'depth': 1, 'rep_dropout': 0.1429427235333717, 'train_learning_rate': 0.0007154076624359377, 'train_lr_reduce': 0.6}. Best is trial 122 with value: 0.09548358619213104.
[I 2024-12-19 22:08:06,928] Trial 2286 finished with value: 0.2645552456378937 and parameters: {'mlp_n_layers': 3, 'mlp_dim_00': 302, 'mlp_dim_01': 367, 'mlp_dim_02': 381, 'node_hidden_dim': 101, 'edge_hidden_dim': 77, 'depth': 1, 'rep_dropout': 0.07171361415779191, 'train_learning_rate': 0.0018206768053306904, 'train_lr_reduce': 0.6}. Best is trial 122 with value: 0.09548358619213104.
[I 2024-12-19 22:08:29,426] Trial 2291 finished with value: 0.18536192178726196 and parameters: {'mlp_n_layers': 4, 'mlp_dim_00': 318, 'mlp_dim_01': 357, 'mlp_dim_02': 323, 'mlp_dim_03': 345, 'node_hidden_dim': 91, 'edge_hidden_dim': 68, 'depth': 1, 'rep_dropout': 0.09697372866944723, 'train_learning_rate': 0.0009031141808194051, 'train_lr_reduce': 0.6}. Best is trial 122 with value: 0.09548358619213104.
[I 2024-12-19 22:08:33,639] Trial 2288 finished with value: 0.15553554892539978 and parameters: {'mlp_n_layers': 4, 'mlp_dim_00': 327, 'mlp_dim_01': 393, 'mlp_dim_02': 342, 'mlp_dim_03': 371, 'node_hidden_dim': 51, 'edge_hidden_dim': 35, 'depth': 1, 'rep_dropout': 0.11712047800747202, 'train_learning_rate': 0.0007729000410653527, 'train_lr_reduce': 0.6}. Best is trial 122 with value: 0.09548358619213104.
[I 2024-12-19 22:08:34,865] Trial 2292 finished with value: 1.6799075603485107 and parameters: {'mlp_n_layers': 4, 'mlp_dim_00': 301, 'mlp_dim_01': 395, 'mlp_dim_02': 446, 'mlp_dim_03': 386, 'node_hidden_dim': 82, 'edge_hidden_dim': 78, 'depth': 1, 'rep_dropout': 0.07740563102100137, 'train_learning_rate': 0.00039882458311565216, 'train_lr_reduce': 0.6}. Best is trial 122 with value: 0.09548358619213104.
[I 2024-12-19 22:08:39,839] Trial 2294 finished with value: 1.6508724689483643 and parameters: {'mlp_n_layers': 3, 'mlp_dim_00': 238, 'mlp_dim_01': 343, 'mlp_dim_02': 374, 'node_hidden_dim': 54, 'edge_hidden_dim': 53, 'depth': 2, 'rep_dropout': 0.09822730398447999, 'train_learning_rate': 0.0016815485552867926, 'train_lr_reduce': 0.6}. Best is trial 122 with value: 0.09548358619213104.
[I 2024-12-19 22:08:39,943] Trial 2293 finished with value: 1.6829437017440796 and parameters: {'mlp_n_layers': 2, 'mlp_dim_00': 399, 'mlp_dim_01': 287, 'node_hidden_dim': 73, 'edge_hidden_dim': 102, 'depth': 3, 'rep_dropout': 0.08336102910706648, 'train_learning_rate': 0.0001285962549645224, 'train_lr_reduce': 0.6}. Best is trial 122 with value: 0.09548358619213104.
[I 2024-12-19 22:08:43,377] Trial 2290 finished with value: 0.2274164855480194 and parameters: {'mlp_n_layers': 3, 'mlp_dim_00': 181, 'mlp_dim_01': 322, 'mlp_dim_02': 377, 'node_hidden_dim': 40, 'edge_hidden_dim': 68, 'depth': 3, 'rep_dropout': 0.09048480367130905, 'train_learning_rate': 0.008013579803862369, 'train_lr_reduce': 0.6}. Best is trial 122 with value: 0.09548358619213104.
[I 2024-12-19 22:08:48,709] Trial 2297 finished with value: 1.656332015991211 and parameters: {'mlp_n_layers': 4, 'mlp_dim_00': 335, 'mlp_dim_01': 332, 'mlp_dim_02': 317, 'mlp_dim_03': 401, 'node_hidden_dim': 47, 'edge_hidden_dim': 49, 'depth': 1, 'rep_dropout': 0.13079835439652143, 'train_learning_rate': 0.00200287055406518, 'train_lr_reduce': 0.6}. Best is trial 122 with value: 0.09548358619213104.
[I 2024-12-19 22:08:51,602] Trial 2295 finished with value: 1.2399407625198364 and parameters: {'mlp_n_layers': 4, 'mlp_dim_00': 315, 'mlp_dim_01': 240, 'mlp_dim_02': 102, 'mlp_dim_03': 405, 'node_hidden_dim': 88, 'edge_hidden_dim': 77, 'depth': 2, 'rep_dropout': 0.071705926961317, 'train_learning_rate': 0.0005316609276988034, 'train_lr_reduce': 0.6}. Best is trial 122 with value: 0.09548358619213104.
[I 2024-12-19 22:08:57,112] Trial 2299 finished with value: 1.6405932903289795 and parameters: {'mlp_n_layers': 4, 'mlp_dim_00': 230, 'mlp_dim_01': 389, 'mlp_dim_02': 512, 'mlp_dim_03': 398, 'node_hidden_dim': 41, 'edge_hidden_dim': 47, 'depth': 1, 'rep_dropout': 0.14214225281947185, 'train_learning_rate': 0.0012854193127367058, 'train_lr_reduce': 0.6}. Best is trial 122 with value: 0.09548358619213104.
[I 2024-12-19 22:09:20,551] Trial 2300 finished with value: 0.19320036470890045 and parameters: {'mlp_n_layers': 3, 'mlp_dim_00': 269, 'mlp_dim_01': 308, 'mlp_dim_02': 264, 'node_hidden_dim': 75, 'edge_hidden_dim': 48, 'depth': 1, 'rep_dropout': 0.09986711938297985, 'train_learning_rate': 0.0005792751287766059, 'train_lr_reduce': 0.6}. Best is trial 122 with value: 0.09548358619213104.
[I 2024-12-19 22:09:25,520] Trial 2296 finished with value: 0.11121588200330734 and parameters: {'mlp_n_layers': 4, 'mlp_dim_00': 280, 'mlp_dim_01': 393, 'mlp_dim_02': 428, 'mlp_dim_03': 359, 'node_hidden_dim': 92, 'edge_hidden_dim': 78, 'depth': 1, 'rep_dropout': 0.0785459163363294, 'train_learning_rate': 0.0009571768869875574, 'train_lr_reduce': 0.6}. Best is trial 122 with value: 0.09548358619213104.
[I 2024-12-19 22:09:36,842] Trial 2298 finished with value: 0.2651226818561554 and parameters: {'mlp_n_layers': 4, 'mlp_dim_00': 221, 'mlp_dim_01': 276, 'mlp_dim_02': 347, 'mlp_dim_03': 345, 'node_hidden_dim': 67, 'edge_hidden_dim': 67, 'depth': 2, 'rep_dropout': 0.03538269179917303, 'train_learning_rate': 0.0012034764594716578, 'train_lr_reduce': 0.6}. Best is trial 122 with value: 0.09548358619213104.
[I 2024-12-19 22:10:01,914] Trial 2302 finished with value: 0.13279588520526886 and parameters: {'mlp_n_layers': 4, 'mlp_dim_00': 289, 'mlp_dim_01': 272, 'mlp_dim_02': 444, 'mlp_dim_03': 396, 'node_hidden_dim': 82, 'edge_hidden_dim': 54, 'depth': 1, 'rep_dropout': 0.0751403063573155, 'train_learning_rate': 0.0006429914725926348, 'train_lr_reduce': 0.6}. Best is trial 122 with value: 0.09548358619213104.
[I 2024-12-19 22:10:07,110] Trial 2301 finished with value: 0.11000736802816391 and parameters: {'mlp_n_layers': 4, 'mlp_dim_00': 335, 'mlp_dim_01': 351, 'mlp_dim_02': 393, 'mlp_dim_03': 346, 'node_hidden_dim': 90, 'edge_hidden_dim': 72, 'depth': 1, 'rep_dropout': 0.06856980957010472, 'train_learning_rate': 0.00048436531958473346, 'train_lr_reduce': 0.6}. Best is trial 122 with value: 0.09548358619213104.
[I 2024-12-19 22:10:12,575] Trial 2305 finished with value: 1.662541151046753 and parameters: {'mlp_n_layers': 4, 'mlp_dim_00': 245, 'mlp_dim_01': 381, 'mlp_dim_02': 350, 'mlp_dim_03': 420, 'node_hidden_dim': 83, 'edge_hidden_dim': 53, 'depth': 1, 'rep_dropout': 0.09315279604134824, 'train_learning_rate': 0.0007936348832897647, 'train_lr_reduce': 0.6}. Best is trial 122 with value: 0.09548358619213104.
[I 2024-12-19 22:10:19,381] Trial 2303 finished with value: 0.11638953536748886 and parameters: {'mlp_n_layers': 4, 'mlp_dim_00': 272, 'mlp_dim_01': 398, 'mlp_dim_02': 483, 'mlp_dim_03': 417, 'node_hidden_dim': 57, 'edge_hidden_dim': 67, 'depth': 1, 'rep_dropout': 0.09315682632119597, 'train_learning_rate': 0.0007763694658705171, 'train_lr_reduce': 0.6}. Best is trial 122 with value: 0.09548358619213104.
[I 2024-12-19 22:10:47,342] Trial 2304 finished with value: 0.26118314266204834 and parameters: {'mlp_n_layers': 4, 'mlp_dim_00': 364, 'mlp_dim_01': 343, 'mlp_dim_02': 308, 'mlp_dim_03': 381, 'node_hidden_dim': 62, 'edge_hidden_dim': 62, 'depth': 1, 'rep_dropout': 0.1462355983653995, 'train_learning_rate': 0.000528607002165924, 'train_lr_reduce': 0.6}. Best is trial 122 with value: 0.09548358619213104.
[I 2024-12-19 22:10:49,800] Trial 2307 finished with value: 0.1476445496082306 and parameters: {'mlp_n_layers': 4, 'mlp_dim_00': 319, 'mlp_dim_01': 398, 'mlp_dim_02': 386, 'mlp_dim_03': 431, 'node_hidden_dim': 81, 'edge_hidden_dim': 74, 'depth': 1, 'rep_dropout': 0.060475069811357335, 'train_learning_rate': 0.0009348924573981113, 'train_lr_reduce': 0.6}. Best is trial 122 with value: 0.09548358619213104.
[I 2024-12-19 22:10:52,574] Trial 2308 finished with value: 1.6682419776916504 and parameters: {'mlp_n_layers': 4, 'mlp_dim_00': 156, 'mlp_dim_01': 343, 'mlp_dim_02': 349, 'mlp_dim_03': 347, 'node_hidden_dim': 70, 'edge_hidden_dim': 73, 'depth': 1, 'rep_dropout': 0.09918251218585931, 'train_learning_rate': 0.0007859912672029936, 'train_lr_reduce': 0.6}. Best is trial 122 with value: 0.09548358619213104.
[I 2024-12-19 22:10:58,008] Trial 2306 finished with value: 0.19125834107398987 and parameters: {'mlp_n_layers': 4, 'mlp_dim_00': 294, 'mlp_dim_01': 303, 'mlp_dim_02': 418, 'mlp_dim_03': 342, 'node_hidden_dim': 63, 'edge_hidden_dim': 63, 'depth': 1, 'rep_dropout': 0.10812480608856788, 'train_learning_rate': 0.0003321415960022948, 'train_lr_reduce': 0.6}. Best is trial 122 with value: 0.09548358619213104.
[I 2024-12-19 22:10:58,224] Trial 2310 finished with value: 1.6768221855163574 and parameters: {'mlp_n_layers': 3, 'mlp_dim_00': 372, 'mlp_dim_01': 245, 'mlp_dim_02': 301, 'node_hidden_dim': 63, 'edge_hidden_dim': 69, 'depth': 1, 'rep_dropout': 0.12271997908908533, 'train_learning_rate': 0.00038981968828955823, 'train_lr_reduce': 0.6}. Best is trial 122 with value: 0.09548358619213104.
