[I 2024-12-04 16:18:30,107] Trial 318 finished with value: 0.25099903834186077 and parameters: {'n_estimators': 843, 'max_depth': 5, 'learning_rate': 0.07071756087746822, 'subsample': 0.7370328068150118, 'colsample_bytree': 0.5271096510064264, 'min_child_weight': 1, 'gamma': 6.885780450023784e-05, 'reg_alpha': 0.0002815437540765106, 'reg_lambda': 0.0008570819339044416}. Best is trial 302 with value: 0.24300377426715497.
[I 2024-12-04 16:18:30,978] Trial 332 finished with value: 0.34657341506290557 and parameters: {'n_estimators': 885, 'max_depth': 6, 'learning_rate': 0.08112005778930231, 'subsample': 0.7314362296311611, 'colsample_bytree': 0.5569000463009995, 'min_child_weight': 2, 'gamma': 1.2387575149453058e-05, 'reg_alpha': 1.3271894093301466e-05, 'reg_lambda': 0.0002686991785849348}. Best is trial 302 with value: 0.24300377426715497.
[I 2024-12-04 16:18:31,383] Trial 340 finished with value: 0.27430266511314383 and parameters: {'n_estimators': 732, 'max_depth': 5, 'learning_rate': 0.06234012158772584, 'subsample': 0.7274482023797575, 'colsample_bytree': 0.5924675388446596, 'min_child_weight': 1, 'gamma': 4.812011016012733e-05, 'reg_alpha': 0.0004287249224895788, 'reg_lambda': 6.808705194474778e-05}. Best is trial 302 with value: 0.24300377426715497.
[I 2024-12-04 16:18:31,407] Trial 323 finished with value: 0.2756183263342613 and parameters: {'n_estimators': 844, 'max_depth': 7, 'learning_rate': 0.09764906308570567, 'subsample': 0.734693172843957, 'colsample_bytree': 0.6095272178985612, 'min_child_weight': 1, 'gamma': 0.00018596222577120495, 'reg_alpha': 2.000818709383194e-05, 'reg_lambda': 8.214497848284258e-05}. Best is trial 302 with value: 0.24300377426715497.
[I 2024-12-04 16:18:31,533] Trial 341 finished with value: 0.2773440182435791 and parameters: {'n_estimators': 779, 'max_depth': 5, 'learning_rate': 0.05194767001734979, 'subsample': 0.712343714441899, 'colsample_bytree': 0.5923832956379581, 'min_child_weight': 1, 'gamma': 0.0005036898658087479, 'reg_alpha': 8.572646046527652e-05, 'reg_lambda': 4.184677823562165e-05}. Best is trial 302 with value: 0.24300377426715497.
[I 2024-12-04 16:18:32,216] Trial 325 finished with value: 0.2451187730190195 and parameters: {'n_estimators': 1022, 'max_depth': 6, 'learning_rate': 0.09822794832017438, 'subsample': 0.7221643268626718, 'colsample_bytree': 0.5302858984946497, 'min_child_weight': 1, 'gamma': 0.0001267225017017113, 'reg_alpha': 4.833502134911459e-05, 'reg_lambda': 1.1052113895808471e-05}. Best is trial 302 with value: 0.24300377426715497.
[I 2024-12-04 16:18:32,444] Trial 327 finished with value: 0.2458728066583356 and parameters: {'n_estimators': 969, 'max_depth': 6, 'learning_rate': 0.09598294808578188, 'subsample': 0.729902455876948, 'colsample_bytree': 0.5060270233117367, 'min_child_weight': 1, 'gamma': 0.0001481956154548456, 'reg_alpha': 1.2163847837394248e-05, 'reg_lambda': 8.067400906464016e-05}. Best is trial 302 with value: 0.24300377426715497.
[I 2024-12-04 16:18:34,317] Trial 335 finished with value: 0.35662735652010613 and parameters: {'n_estimators': 859, 'max_depth': 6, 'learning_rate': 0.08696277688819759, 'subsample': 0.7124329574110851, 'colsample_bytree': 0.560617778589037, 'min_child_weight': 2, 'gamma': 3.1584608233184746e-05, 'reg_alpha': 1.1233388323999068e-05, 'reg_lambda': 8.708121066903636e-05}. Best is trial 302 with value: 0.24300377426715497.
[I 2024-12-04 16:18:34,418] Trial 337 finished with value: 0.2636765486628959 and parameters: {'n_estimators': 773, 'max_depth': 7, 'learning_rate': 0.09598135275320153, 'subsample': 0.7799558835123901, 'colsample_bytree': 0.5301116838441173, 'min_child_weight': 1, 'gamma': 0.0002224558143581273, 'reg_alpha': 6.059139489127335e-05, 'reg_lambda': 0.00040615089639014763}. Best is trial 302 with value: 0.24300377426715497.
[I 2024-12-04 16:18:34,609] Trial 344 finished with value: 0.26638703824427623 and parameters: {'n_estimators': 871, 'max_depth': 7, 'learning_rate': 0.0785636644636168, 'subsample': 0.7079754487621334, 'colsample_bytree': 0.5705144169923091, 'min_child_weight': 1, 'gamma': 0.00017644435209768043, 'reg_alpha': 4.4680819433566946e-05, 'reg_lambda': 0.0012868279184336546}. Best is trial 302 with value: 0.24300377426715497.
[I 2024-12-04 16:18:34,664] Trial 328 finished with value: 0.25539274811105755 and parameters: {'n_estimators': 867, 'max_depth': 5, 'learning_rate': 0.09602662994828308, 'subsample': 0.7549395258371729, 'colsample_bytree': 0.5304297012494159, 'min_child_weight': 1, 'gamma': 2.6670419619032044e-05, 'reg_alpha': 4.6703371613168755e-05, 'reg_lambda': 0.00013144739098451118}. Best is trial 302 with value: 0.24300377426715497.
[I 2024-12-04 16:18:35,995] Trial 333 finished with value: 0.2759488911549062 and parameters: {'n_estimators': 645, 'max_depth': 7, 'learning_rate': 0.09573829338007345, 'subsample': 0.7254134756771131, 'colsample_bytree': 0.6007979038273052, 'min_child_weight': 1, 'gamma': 4.4722105930801894e-05, 'reg_alpha': 4.1234493158201645e-05, 'reg_lambda': 1.635716802334333e-05}. Best is trial 302 with value: 0.24300377426715497.
[I 2024-12-04 16:18:36,114] Trial 331 finished with value: 0.2590883049307926 and parameters: {'n_estimators': 725, 'max_depth': 6, 'learning_rate': 0.056950265415838947, 'subsample': 0.7281142823451006, 'colsample_bytree': 0.5215618997547175, 'min_child_weight': 1, 'gamma': 0.00018553180141246028, 'reg_alpha': 0.00010131581511704285, 'reg_lambda': 3.7048121346028733e-05}. Best is trial 302 with value: 0.24300377426715497.
[I 2024-12-04 16:18:36,552] Trial 338 finished with value: 0.26134288119845156 and parameters: {'n_estimators': 831, 'max_depth': 5, 'learning_rate': 0.075042053737699, 'subsample': 0.7163491868263877, 'colsample_bytree': 0.5559178305258655, 'min_child_weight': 1, 'gamma': 3.588478742853482e-05, 'reg_alpha': 6.596115925394861e-05, 'reg_lambda': 0.00025986303032170233}. Best is trial 302 with value: 0.24300377426715497.
[I 2024-12-04 16:18:36,817] Trial 345 finished with value: 0.27752246394956553 and parameters: {'n_estimators': 784, 'max_depth': 4, 'learning_rate': 0.09775182734032341, 'subsample': 0.7884359690942746, 'colsample_bytree': 0.6119120630557993, 'min_child_weight': 1, 'gamma': 0.0011744783756425367, 'reg_alpha': 3.4970491179603784e-05, 'reg_lambda': 9.654647064537007e-05}. Best is trial 302 with value: 0.24300377426715497.
[I 2024-12-04 16:18:37,750] Trial 342 finished with value: 0.2698698208093023 and parameters: {'n_estimators': 1235, 'max_depth': 3, 'learning_rate': 0.06768331016849845, 'subsample': 0.7448117868042949, 'colsample_bytree': 0.5958292007111213, 'min_child_weight': 1, 'gamma': 3.6939755697356376e-05, 'reg_alpha': 4.355296627684005e-05, 'reg_lambda': 0.00939731621970066}. Best is trial 302 with value: 0.24300377426715497.
[I 2024-12-04 16:18:38,117] Trial 334 finished with value: 0.2745597564931758 and parameters: {'n_estimators': 812, 'max_depth': 6, 'learning_rate': 0.09531558916971242, 'subsample': 0.7358818313063957, 'colsample_bytree': 0.6401265921600626, 'min_child_weight': 1, 'gamma': 0.00031992399568380744, 'reg_alpha': 6.541333747935226e-05, 'reg_lambda': 4.4892034610547646e-05}. Best is trial 302 with value: 0.24300377426715497.
[I 2024-12-04 16:18:38,391] Trial 343 finished with value: 0.25191046407033235 and parameters: {'n_estimators': 804, 'max_depth': 5, 'learning_rate': 0.08237930603849905, 'subsample': 0.7367584188756288, 'colsample_bytree': 0.5574215145588403, 'min_child_weight': 1, 'gamma': 3.147732795989933e-05, 'reg_alpha': 4.7433349173430666e-05, 'reg_lambda': 0.0001473967593121768}. Best is trial 302 with value: 0.24300377426715497.
[I 2024-12-04 16:18:38,760] Trial 347 finished with value: 0.2808713699417557 and parameters: {'n_estimators': 818, 'max_depth': 4, 'learning_rate': 0.0760011787895301, 'subsample': 0.7427391163838921, 'colsample_bytree': 0.6305487850627433, 'min_child_weight': 1, 'gamma': 2.997766362357014e-05, 'reg_alpha': 1.0446171919136822e-05, 'reg_lambda': 0.00022664061460153916}. Best is trial 302 with value: 0.24300377426715497.
[I 2024-12-04 16:18:38,889] Trial 336 finished with value: 0.26227315602686874 and parameters: {'n_estimators': 628, 'max_depth': 6, 'learning_rate': 0.07940922761069732, 'subsample': 0.7518805605829992, 'colsample_bytree': 0.5611718964211047, 'min_child_weight': 1, 'gamma': 0.0002931816253826656, 'reg_alpha': 0.00029485648114231335, 'reg_lambda': 0.0001384137105641744}. Best is trial 302 with value: 0.24300377426715497.
[I 2024-12-04 16:18:39,772] Trial 353 finished with value: 0.25937177747896994 and parameters: {'n_estimators': 593, 'max_depth': 5, 'learning_rate': 0.09999792110598008, 'subsample': 0.7809597532355486, 'colsample_bytree': 0.5482328908174449, 'min_child_weight': 1, 'gamma': 7.715159237771418e-05, 'reg_alpha': 3.241730569440629e-05, 'reg_lambda': 0.00010802931774682262}. Best is trial 302 with value: 0.24300377426715497.
[I 2024-12-04 16:18:41,984] Trial 355 finished with value: 0.2542769513390971 and parameters: {'n_estimators': 1035, 'max_depth': 4, 'learning_rate': 0.09398901378535988, 'subsample': 0.7539272246018419, 'colsample_bytree': 0.5952518574661746, 'min_child_weight': 1, 'gamma': 0.0021461764038720357, 'reg_alpha': 2.6420257924269756e-05, 'reg_lambda': 1.3401619799624538e-05}. Best is trial 302 with value: 0.24300377426715497.
[I 2024-12-04 16:18:42,040] Trial 348 finished with value: 0.2596138173051514 and parameters: {'n_estimators': 831, 'max_depth': 6, 'learning_rate': 0.09375057092588433, 'subsample': 0.733803320389095, 'colsample_bytree': 0.5523767910653709, 'min_child_weight': 1, 'gamma': 0.00039337869505932547, 'reg_alpha': 2.1495799891349686e-05, 'reg_lambda': 1.8020253648528183e-05}. Best is trial 302 with value: 0.24300377426715497.
[I 2024-12-04 16:18:42,110] Trial 352 finished with value: 0.24629914511336984 and parameters: {'n_estimators': 875, 'max_depth': 5, 'learning_rate': 0.08352029121914759, 'subsample': 0.7177719344345759, 'colsample_bytree': 0.5366704368311496, 'min_child_weight': 1, 'gamma': 4.0072161658381646e-05, 'reg_alpha': 9.71539252469441e-05, 'reg_lambda': 0.0002822287388048075}. Best is trial 302 with value: 0.24300377426715497.
[I 2024-12-04 16:18:42,338] Trial 349 finished with value: 0.2593755690570662 and parameters: {'n_estimators': 936, 'max_depth': 4, 'learning_rate': 0.08530318594562251, 'subsample': 0.7580595859359032, 'colsample_bytree': 0.5440153608984812, 'min_child_weight': 1, 'gamma': 0.0008819918703636498, 'reg_alpha': 2.4215128344038415e-05, 'reg_lambda': 6.776809801229658e-05}. Best is trial 302 with value: 0.24300377426715497.
[I 2024-12-04 16:18:43,199] Trial 357 finished with value: 0.34100107298068144 and parameters: {'n_estimators': 736, 'max_depth': 5, 'learning_rate': 0.08612727711568771, 'subsample': 0.7291795073500541, 'colsample_bytree': 0.5952860522478056, 'min_child_weight': 2, 'gamma': 7.447600469743928e-05, 'reg_alpha': 5.328537686514252e-05, 'reg_lambda': 0.00014851945362104947}. Best is trial 302 with value: 0.24300377426715497.
[I 2024-12-04 16:18:43,224] Trial 356 finished with value: 0.34149647699221874 and parameters: {'n_estimators': 805, 'max_depth': 5, 'learning_rate': 0.07793110844074547, 'subsample': 0.7381587083482328, 'colsample_bytree': 0.5329526117003236, 'min_child_weight': 2, 'gamma': 0.00010508481064061532, 'reg_alpha': 1.3548252645861429e-05, 'reg_lambda': 1.0344343902020323e-05}. Best is trial 302 with value: 0.24300377426715497.
[I 2024-12-04 16:18:43,937] Trial 350 finished with value: 0.26048062845549685 and parameters: {'n_estimators': 816, 'max_depth': 7, 'learning_rate': 0.0688344859937676, 'subsample': 0.7164926360249954, 'colsample_bytree': 0.5334010947843888, 'min_child_weight': 1, 'gamma': 3.6187339584183606e-05, 'reg_alpha': 0.0003664333196824953, 'reg_lambda': 6.587475512116488e-05}. Best is trial 302 with value: 0.24300377426715497.
[I 2024-12-04 16:18:44,117] Trial 346 finished with value: 0.2729749218088221 and parameters: {'n_estimators': 914, 'max_depth': 6, 'learning_rate': 0.07320997472272556, 'subsample': 0.7122514690647032, 'colsample_bytree': 0.6463646360285455, 'min_child_weight': 1, 'gamma': 0.00012124776588815055, 'reg_alpha': 3.0408071180864745e-05, 'reg_lambda': 0.010874949939916674}. Best is trial 302 with value: 0.24300377426715497.
[I 2024-12-04 16:18:44,464] Trial 354 finished with value: 0.24360740125575162 and parameters: {'n_estimators': 977, 'max_depth': 5, 'learning_rate': 0.0906893885033145, 'subsample': 0.7279958379492382, 'colsample_bytree': 0.5161928654476124, 'min_child_weight': 1, 'gamma': 0.00015062449724100992, 'reg_alpha': 2.0272803439491398e-05, 'reg_lambda': 0.0003745379266999054}. Best is trial 302 with value: 0.24300377426715497.
[I 2024-12-04 16:18:45,238] Trial 351 finished with value: 0.34329130116107015 and parameters: {'n_estimators': 607, 'max_depth': 5, 'learning_rate': 0.08972625605752983, 'subsample': 0.7041309525240016, 'colsample_bytree': 0.5831082571923495, 'min_child_weight': 2, 'gamma': 0.0001451645178895661, 'reg_alpha': 4.053218456118689e-05, 'reg_lambda': 0.000796875925040301}. Best is trial 302 with value: 0.24300377426715497.
[I 2024-12-04 16:18:45,914] Trial 369 finished with value: 0.254593221662054 and parameters: {'n_estimators': 750, 'max_depth': 5, 'learning_rate': 0.07834377105420867, 'subsample': 0.711267743269201, 'colsample_bytree': 0.5859231925658062, 'min_child_weight': 1, 'gamma': 0.0002016973901224412, 'reg_alpha': 0.00014169025378687667, 'reg_lambda': 1.59113814845682e-05}. Best is trial 302 with value: 0.24300377426715497.
[I 2024-12-04 16:18:46,154] Trial 358 finished with value: 0.33891715022946334 and parameters: {'n_estimators': 939, 'max_depth': 4, 'learning_rate': 0.08896230695107099, 'subsample': 0.7843388823203477, 'colsample_bytree': 0.5507331763598077, 'min_child_weight': 2, 'gamma': 0.00010184284473373528, 'reg_alpha': 5.5078832924033005e-05, 'reg_lambda': 3.6462555999802335e-05}. Best is trial 302 with value: 0.24300377426715497.
[I 2024-12-04 16:18:46,260] Trial 359 finished with value: 0.3451294310693918 and parameters: {'n_estimators': 938, 'max_depth': 6, 'learning_rate': 0.07915559211980634, 'subsample': 0.7236540335035723, 'colsample_bytree': 0.5734425331575468, 'min_child_weight': 2, 'gamma': 2.7946791436551132e-05, 'reg_alpha': 4.27604000360255e-05, 'reg_lambda': 0.0003440904179518301}. Best is trial 302 with value: 0.24300377426715497.
[I 2024-12-04 16:18:47,092] Trial 370 finished with value: 0.2596484799021523 and parameters: {'n_estimators': 827, 'max_depth': 5, 'learning_rate': 0.0811912835944031, 'subsample': 0.7495880294367774, 'colsample_bytree': 0.5431419003324213, 'min_child_weight': 1, 'gamma': 0.0004671788863254027, 'reg_alpha': 1.2739373650425814e-05, 'reg_lambda': 0.0038208551209483843}. Best is trial 302 with value: 0.24300377426715497.
[I 2024-12-04 16:18:47,543] Trial 366 finished with value: 0.26278015299874247 and parameters: {'n_estimators': 818, 'max_depth': 6, 'learning_rate': 0.071124611423247, 'subsample': 0.7148907719892391, 'colsample_bytree': 0.5806469130285306, 'min_child_weight': 1, 'gamma': 0.0003142193408232941, 'reg_alpha': 6.0345417584765715e-05, 'reg_lambda': 0.0002812312158901074}. Best is trial 302 with value: 0.24300377426715497.
[I 2024-12-04 16:18:47,570] Trial 365 finished with value: 0.27861138975356675 and parameters: {'n_estimators': 836, 'max_depth': 5, 'learning_rate': 0.05051987679326543, 'subsample': 0.7174202613099531, 'colsample_bytree': 0.6007420561354962, 'min_child_weight': 1, 'gamma': 0.0011959653394950534, 'reg_alpha': 2.1908852099407927e-05, 'reg_lambda': 0.00010802506305598735}. Best is trial 302 with value: 0.24300377426715497.
[I 2024-12-04 16:18:49,182] Trial 364 finished with value: 0.275763550640272 and parameters: {'n_estimators': 918, 'max_depth': 6, 'learning_rate': 0.06589685550919386, 'subsample': 0.7266969778072971, 'colsample_bytree': 0.5669098726308927, 'min_child_weight': 1, 'gamma': 0.00012672787194586738, 'reg_alpha': 5.7641217702966906e-05, 'reg_lambda': 0.0007669354716178287}. Best is trial 302 with value: 0.24300377426715497.
[I 2024-12-04 16:18:49,832] Trial 360 finished with value: 0.27121501011803756 and parameters: {'n_estimators': 947, 'max_depth': 6, 'learning_rate': 0.050358117784089496, 'subsample': 0.7241405464720951, 'colsample_bytree': 0.5731073959015307, 'min_child_weight': 1, 'gamma': 2.1068744756557927e-05, 'reg_alpha': 0.0001470451357644647, 'reg_lambda': 1.4997138502832418e-05}. Best is trial 302 with value: 0.24300377426715497.
[I 2024-12-04 16:18:50,759] Trial 362 finished with value: 0.2510153882534858 and parameters: {'n_estimators': 817, 'max_depth': 6, 'learning_rate': 0.07768697024585731, 'subsample': 0.7353972175255934, 'colsample_bytree': 0.5061137820963592, 'min_child_weight': 1, 'gamma': 0.0009117028247384003, 'reg_alpha': 8.188066993641641e-05, 'reg_lambda': 3.319153796150515e-05}. Best is trial 302 with value: 0.24300377426715497.
[I 2024-12-04 16:18:50,962] Trial 371 finished with value: 0.2501901017270204 and parameters: {'n_estimators': 860, 'max_depth': 6, 'learning_rate': 0.09119728971071729, 'subsample': 0.7353963077258855, 'colsample_bytree': 0.5670549221660571, 'min_child_weight': 1, 'gamma': 8.858144057968665e-05, 'reg_alpha': 9.616291204420178e-05, 'reg_lambda': 0.0004744701527995492}. Best is trial 302 with value: 0.24300377426715497.
[I 2024-12-04 16:18:51,084] Trial 361 finished with value: 0.2601049499398255 and parameters: {'n_estimators': 609, 'max_depth': 5, 'learning_rate': 0.06910849145705128, 'subsample': 0.7745982447255145, 'colsample_bytree': 0.5206708050710168, 'min_child_weight': 1, 'gamma': 0.0020749610971812016, 'reg_alpha': 0.00020062775226437163, 'reg_lambda': 0.0016129705354399559}. Best is trial 302 with value: 0.24300377426715497.
[I 2024-12-04 16:18:51,393] Trial 363 finished with value: 0.273436660345353 and parameters: {'n_estimators': 1000, 'max_depth': 7, 'learning_rate': 0.09610071705032648, 'subsample': 0.7406603083507146, 'colsample_bytree': 0.5674425225231554, 'min_child_weight': 1, 'gamma': 0.0008747225625411324, 'reg_alpha': 3.875921245949485e-05, 'reg_lambda': 6.431930079282385e-05}. Best is trial 302 with value: 0.24300377426715497.
[I 2024-12-04 16:18:53,074] Trial 372 finished with value: 0.25179137049230366 and parameters: {'n_estimators': 932, 'max_depth': 4, 'learning_rate': 0.08201437686941691, 'subsample': 0.7027320909889377, 'colsample_bytree': 0.5164044985039377, 'min_child_weight': 1, 'gamma': 9.564581708366726e-05, 'reg_alpha': 0.00010046609024448155, 'reg_lambda': 0.00019767145248236203}. Best is trial 302 with value: 0.24300377426715497.
[I 2024-12-04 16:18:53,393] Trial 377 finished with value: 0.2537076930877695 and parameters: {'n_estimators': 727, 'max_depth': 5, 'learning_rate': 0.06513038741280272, 'subsample': 0.7242566522615989, 'colsample_bytree': 0.5170880859348062, 'min_child_weight': 1, 'gamma': 0.00020941554939861673, 'reg_alpha': 5.519506687304709e-05, 'reg_lambda': 0.0001564300802061246}. Best is trial 302 with value: 0.24300377426715497.
[I 2024-12-04 16:18:53,662] Trial 373 finished with value: 0.2505019779835562 and parameters: {'n_estimators': 744, 'max_depth': 5, 'learning_rate': 0.08646104724563708, 'subsample': 0.7311359745508667, 'colsample_bytree': 0.581200506625917, 'min_child_weight': 1, 'gamma': 8.156037086322854e-05, 'reg_alpha': 3.749594745853831e-05, 'reg_lambda': 0.0002962880211666438}. Best is trial 302 with value: 0.24300377426715497.
[I 2024-12-04 16:18:53,831] Trial 367 finished with value: 0.34871967076529076 and parameters: {'n_estimators': 1002, 'max_depth': 5, 'learning_rate': 0.09799145224839129, 'subsample': 0.7474623078472086, 'colsample_bytree': 0.6330573990635664, 'min_child_weight': 2, 'gamma': 0.0005928217569656793, 'reg_alpha': 1.275619244294762e-05, 'reg_lambda': 0.002261122770789675}. Best is trial 302 with value: 0.24300377426715497.
[I 2024-12-04 16:18:53,880] Trial 375 finished with value: 0.24714432931285782 and parameters: {'n_estimators': 722, 'max_depth': 4, 'learning_rate': 0.09864978917691977, 'subsample': 0.7861790670559682, 'colsample_bytree': 0.5133219064196062, 'min_child_weight': 1, 'gamma': 0.0002641987097052002, 'reg_alpha': 2.029982150168457e-05, 'reg_lambda': 6.704628934744227e-05}. Best is trial 302 with value: 0.24300377426715497.
[I 2024-12-04 16:18:53,935] Trial 381 finished with value: 0.24389999957611688 and parameters: {'n_estimators': 910, 'max_depth': 5, 'learning_rate': 0.0804584619756995, 'subsample': 0.7781798887220377, 'colsample_bytree': 0.5026385512416102, 'min_child_weight': 1, 'gamma': 1.693812919889495e-05, 'reg_alpha': 8.864235254785034e-05, 'reg_lambda': 0.00017003115855080493}. Best is trial 302 with value: 0.24300377426715497.
[I 2024-12-04 16:18:54,578] Trial 378 finished with value: 0.2524867334739043 and parameters: {'n_estimators': 791, 'max_depth': 6, 'learning_rate': 0.07768906717340826, 'subsample': 0.7170545879304643, 'colsample_bytree': 0.508093805395615, 'min_child_weight': 1, 'gamma': 0.0001313964874518555, 'reg_alpha': 3.4088521176765966e-05, 'reg_lambda': 7.624359185998849e-05}. Best is trial 302 with value: 0.24300377426715497.
[I 2024-12-04 16:18:54,805] Trial 374 finished with value: 0.24968741718227352 and parameters: {'n_estimators': 911, 'max_depth': 4, 'learning_rate': 0.08033927520894285, 'subsample': 0.7131112527078897, 'colsample_bytree': 0.5337933320626496, 'min_child_weight': 1, 'gamma': 0.00013123945281914967, 'reg_alpha': 0.0003222749897204055, 'reg_lambda': 8.58988817123479e-05}. Best is trial 302 with value: 0.24300377426715497.
