[I 2024-12-24 16:42:14,396] Trial 288 finished with value: 0.011063502170145512 and parameters: {'L1_hidden_dim': 80, 'L1_layers_atom': 3, 'L1_layers_mol': 3, 'L1_dropout': 0.0034213961098114136, 'L1_out_dim': 32, 'L2_hidden_dim': 112, 'L2_layers_atom': 3, 'L2_layers_mol': 1, 'L2_out_dim': 64, 'L2_dropout': 0.02568638439548914, 'L3_hidden_dim': 64, 'L3_layers_atom': 4, 'L3_layers_mol': 2, 'L3_out_dim': 128, 'L3_dropout': 0.2605632965558104, 'n_mlp_layers': 2, 'mlp_dim_0': 352, 'mlp_dim_1': 344, 'num_heads': 2, 'final_dropout': 0.24199715539387262, 'train_learning_rate': 0.0008081457450890868, 'train_lr_reduce': 0.6}. Best is trial 236 with value: 0.009785382077097893.
[I 2024-12-24 16:42:29,922] Trial 290 finished with value: 0.015140505507588387 and parameters: {'L1_hidden_dim': 128, 'L1_layers_atom': 2, 'L1_layers_mol': 2, 'L1_dropout': 0.01866417249028285, 'L1_out_dim': 32, 'L2_hidden_dim': 128, 'L2_layers_atom': 4, 'L2_layers_mol': 1, 'L2_out_dim': 112, 'L2_dropout': 0.0015051322852852483, 'L3_hidden_dim': 112, 'L3_layers_atom': 4, 'L3_layers_mol': 3, 'L3_out_dim': 112, 'L3_dropout': 0.04102663736710693, 'n_mlp_layers': 3, 'mlp_dim_0': 504, 'mlp_dim_1': 368, 'mlp_dim_2': 120, 'num_heads': 2, 'final_dropout': 0.10728409892627207, 'train_learning_rate': 0.007508623061969789, 'train_lr_reduce': 0.6}. Best is trial 236 with value: 0.009785382077097893.
[I 2024-12-24 16:43:11,977] Trial 289 finished with value: 0.014514131471514702 and parameters: {'L1_hidden_dim': 64, 'L1_layers_atom': 3, 'L1_layers_mol': 2, 'L1_dropout': 0.07274447824813261, 'L1_out_dim': 64, 'L2_hidden_dim': 144, 'L2_layers_atom': 4, 'L2_layers_mol': 1, 'L2_out_dim': 32, 'L2_dropout': 0.06439633428030248, 'L3_hidden_dim': 80, 'L3_layers_atom': 4, 'L3_layers_mol': 1, 'L3_out_dim': 128, 'L3_dropout': 0.279840888558748, 'n_mlp_layers': 2, 'mlp_dim_0': 376, 'mlp_dim_1': 344, 'num_heads': 2, 'final_dropout': 0.08996325571747578, 'train_learning_rate': 0.00025425858574382865, 'train_lr_reduce': 0.6}. Best is trial 236 with value: 0.009785382077097893.
[I 2024-12-24 16:43:54,878] Trial 293 finished with value: 0.06559454649686813 and parameters: {'L1_hidden_dim': 96, 'L1_layers_atom': 2, 'L1_layers_mol': 2, 'L1_dropout': 0.08733535813744216, 'L1_out_dim': 32, 'L2_hidden_dim': 96, 'L2_layers_atom': 4, 'L2_layers_mol': 2, 'L2_out_dim': 64, 'L2_dropout': 0.023304485197704786, 'L3_hidden_dim': 128, 'L3_layers_atom': 4, 'L3_layers_mol': 1, 'L3_out_dim': 128, 'L3_dropout': 0.24494231409398892, 'n_mlp_layers': 2, 'mlp_dim_0': 496, 'mlp_dim_1': 424, 'num_heads': 2, 'final_dropout': 0.2634947694299621, 'train_learning_rate': 0.0018203112562028645, 'train_lr_reduce': 0.6}. Best is trial 236 with value: 0.009785382077097893.
[I 2024-12-24 16:43:56,164] Trial 291 finished with value: 0.012978194281458855 and parameters: {'L1_hidden_dim': 80, 'L1_layers_atom': 3, 'L1_layers_mol': 2, 'L1_dropout': 0.08614285231100319, 'L1_out_dim': 48, 'L2_hidden_dim': 80, 'L2_layers_atom': 4, 'L2_layers_mol': 3, 'L2_out_dim': 96, 'L2_dropout': 0.015265630642071024, 'L3_hidden_dim': 128, 'L3_layers_atom': 3, 'L3_layers_mol': 1, 'L3_out_dim': 128, 'L3_dropout': 0.23088221864403946, 'n_mlp_layers': 1, 'mlp_dim_0': 320, 'num_heads': 1, 'final_dropout': 0.12278547808115436, 'train_learning_rate': 0.0020903252118935453, 'train_lr_reduce': 0.6}. Best is trial 236 with value: 0.009785382077097893.
[I 2024-12-24 16:44:18,526] Trial 292 finished with value: 0.011556467972695827 and parameters: {'L1_hidden_dim': 160, 'L1_layers_atom': 2, 'L1_layers_mol': 3, 'L1_dropout': 0.01238272582250428, 'L1_out_dim': 48, 'L2_hidden_dim': 128, 'L2_layers_atom': 4, 'L2_layers_mol': 1, 'L2_out_dim': 64, 'L2_dropout': 0.01620684804020391, 'L3_hidden_dim': 112, 'L3_layers_atom': 3, 'L3_layers_mol': 1, 'L3_out_dim': 112, 'L3_dropout': 0.25990128573634674, 'n_mlp_layers': 1, 'mlp_dim_0': 416, 'num_heads': 2, 'final_dropout': 0.037135989693120194, 'train_learning_rate': 0.0032340514319116795, 'train_lr_reduce': 0.6}. Best is trial 236 with value: 0.009785382077097893.
[I 2024-12-24 16:45:35,815] Trial 295 finished with value: 0.011432751081883907 and parameters: {'L1_hidden_dim': 160, 'L1_layers_atom': 3, 'L1_layers_mol': 2, 'L1_dropout': 0.0434166642302492, 'L1_out_dim': 32, 'L2_hidden_dim': 160, 'L2_layers_atom': 4, 'L2_layers_mol': 3, 'L2_out_dim': 48, 'L2_dropout': 0.08214644912213234, 'L3_hidden_dim': 96, 'L3_layers_atom': 3, 'L3_layers_mol': 1, 'L3_out_dim': 96, 'L3_dropout': 0.2974542767805571, 'n_mlp_layers': 1, 'mlp_dim_0': 352, 'num_heads': 1, 'final_dropout': 0.07081513307663212, 'train_learning_rate': 0.0016099570971372166, 'train_lr_reduce': 0.6}. Best is trial 236 with value: 0.009785382077097893.
[I 2024-12-24 16:46:33,767] Trial 296 finished with value: 0.010804642923176289 and parameters: {'L1_hidden_dim': 160, 'L1_layers_atom': 2, 'L1_layers_mol': 3, 'L1_dropout': 0.011599648196955973, 'L1_out_dim': 112, 'L2_hidden_dim': 144, 'L2_layers_atom': 4, 'L2_layers_mol': 1, 'L2_out_dim': 112, 'L2_dropout': 0.0023946032666998657, 'L3_hidden_dim': 96, 'L3_layers_atom': 3, 'L3_layers_mol': 2, 'L3_out_dim': 32, 'L3_dropout': 0.19825715058693813, 'n_mlp_layers': 3, 'mlp_dim_0': 496, 'mlp_dim_1': 288, 'mlp_dim_2': 144, 'num_heads': 1, 'final_dropout': 0.15356745779301373, 'train_learning_rate': 0.0003940928944553417, 'train_lr_reduce': 0.6}. Best is trial 236 with value: 0.009785382077097893.
[I 2024-12-24 16:46:47,458] Trial 294 finished with value: 0.01189763005822897 and parameters: {'L1_hidden_dim': 80, 'L1_layers_atom': 4, 'L1_layers_mol': 4, 'L1_dropout': 0.009718428731499463, 'L1_out_dim': 32, 'L2_hidden_dim': 176, 'L2_layers_atom': 4, 'L2_layers_mol': 1, 'L2_out_dim': 48, 'L2_dropout': 0.11074367492459036, 'L3_hidden_dim': 112, 'L3_layers_atom': 4, 'L3_layers_mol': 2, 'L3_out_dim': 64, 'L3_dropout': 0.2872652432225475, 'n_mlp_layers': 2, 'mlp_dim_0': 400, 'mlp_dim_1': 224, 'num_heads': 1, 'final_dropout': 0.09272305808904063, 'train_learning_rate': 0.00264785786080584, 'train_lr_reduce': 0.6}. Best is trial 236 with value: 0.009785382077097893.
[I 2024-12-24 16:47:52,882] Trial 297 finished with value: 0.014607506804168224 and parameters: {'L1_hidden_dim': 240, 'L1_layers_atom': 1, 'L1_layers_mol': 4, 'L1_dropout': 0.11307489937243048, 'L1_out_dim': 48, 'L2_hidden_dim': 256, 'L2_layers_atom': 3, 'L2_layers_mol': 2, 'L2_out_dim': 32, 'L2_dropout': 0.11851511637484767, 'L3_hidden_dim': 112, 'L3_layers_atom': 3, 'L3_layers_mol': 4, 'L3_out_dim': 128, 'L3_dropout': 0.23156404917351145, 'n_mlp_layers': 3, 'mlp_dim_0': 344, 'mlp_dim_1': 192, 'mlp_dim_2': 192, 'num_heads': 1, 'final_dropout': 0.14862487422690843, 'train_learning_rate': 0.0055158162709990615, 'train_lr_reduce': 0.6}. Best is trial 236 with value: 0.009785382077097893.
[I 2024-12-24 16:48:09,219] Trial 298 finished with value: 0.012227486819028854 and parameters: {'L1_hidden_dim': 160, 'L1_layers_atom': 2, 'L1_layers_mol': 2, 'L1_dropout': 0.03125266420722934, 'L1_out_dim': 112, 'L2_hidden_dim': 96, 'L2_layers_atom': 4, 'L2_layers_mol': 2, 'L2_out_dim': 112, 'L2_dropout': 0.013754774570971027, 'L3_hidden_dim': 80, 'L3_layers_atom': 4, 'L3_layers_mol': 2, 'L3_out_dim': 64, 'L3_dropout': 0.18422936437635729, 'n_mlp_layers': 3, 'mlp_dim_0': 448, 'mlp_dim_1': 368, 'mlp_dim_2': 128, 'num_heads': 1, 'final_dropout': 0.12452587991713146, 'train_learning_rate': 0.0006664154740926671, 'train_lr_reduce': 0.6}. Best is trial 236 with value: 0.009785382077097893.
[I 2024-12-24 16:49:47,716] Trial 300 finished with value: 0.010886119678616524 and parameters: {'L1_hidden_dim': 192, 'L1_layers_atom': 3, 'L1_layers_mol': 4, 'L1_dropout': 0.07340314513172716, 'L1_out_dim': 64, 'L2_hidden_dim': 224, 'L2_layers_atom': 4, 'L2_layers_mol': 1, 'L2_out_dim': 32, 'L2_dropout': 0.11831277958462258, 'L3_hidden_dim': 128, 'L3_layers_atom': 1, 'L3_layers_mol': 4, 'L3_out_dim': 128, 'L3_dropout': 0.24800922577789952, 'n_mlp_layers': 3, 'mlp_dim_0': 504, 'mlp_dim_1': 136, 'mlp_dim_2': 128, 'num_heads': 1, 'final_dropout': 0.06539319019426164, 'train_learning_rate': 0.0005559015413133476, 'train_lr_reduce': 0.6}. Best is trial 236 with value: 0.009785382077097893.
[I 2024-12-24 16:50:14,308] Trial 299 finished with value: 0.012823747470974922 and parameters: {'L1_hidden_dim': 160, 'L1_layers_atom': 2, 'L1_layers_mol': 2, 'L1_dropout': 0.008238999278776311, 'L1_out_dim': 48, 'L2_hidden_dim': 128, 'L2_layers_atom': 2, 'L2_layers_mol': 2, 'L2_out_dim': 64, 'L2_dropout': 0.18027405708372835, 'L3_hidden_dim': 128, 'L3_layers_atom': 4, 'L3_layers_mol': 1, 'L3_out_dim': 128, 'L3_dropout': 0.23438395692677022, 'n_mlp_layers': 3, 'mlp_dim_0': 432, 'mlp_dim_1': 312, 'mlp_dim_2': 120, 'num_heads': 2, 'final_dropout': 0.12464686881073736, 'train_learning_rate': 0.00039574917681433594, 'train_lr_reduce': 0.6}. Best is trial 236 with value: 0.009785382077097893.
[I 2024-12-24 16:51:04,682] Trial 301 finished with value: 0.016164524480700493 and parameters: {'L1_hidden_dim': 80, 'L1_layers_atom': 2, 'L1_layers_mol': 3, 'L1_dropout': 0.11633959657352111, 'L1_out_dim': 32, 'L2_hidden_dim': 224, 'L2_layers_atom': 4, 'L2_layers_mol': 1, 'L2_out_dim': 64, 'L2_dropout': 0.09274997518659336, 'L3_hidden_dim': 32, 'L3_layers_atom': 4, 'L3_layers_mol': 1, 'L3_out_dim': 112, 'L3_dropout': 0.295119494493701, 'n_mlp_layers': 1, 'mlp_dim_0': 408, 'num_heads': 2, 'final_dropout': 0.2493814658259109, 'train_learning_rate': 0.001423110948083051, 'train_lr_reduce': 0.6}. Best is trial 236 with value: 0.009785382077097893.
[I 2024-12-24 16:52:16,213] Trial 303 finished with value: 0.01268390379846096 and parameters: {'L1_hidden_dim': 160, 'L1_layers_atom': 4, 'L1_layers_mol': 4, 'L1_dropout': 0.005922884944902982, 'L1_out_dim': 32, 'L2_hidden_dim': 112, 'L2_layers_atom': 4, 'L2_layers_mol': 3, 'L2_out_dim': 96, 'L2_dropout': 0.021944838668844998, 'L3_hidden_dim': 112, 'L3_layers_atom': 2, 'L3_layers_mol': 2, 'L3_out_dim': 128, 'L3_dropout': 0.23361277023938043, 'n_mlp_layers': 1, 'mlp_dim_0': 200, 'num_heads': 1, 'final_dropout': 0.09135624941333323, 'train_learning_rate': 0.0047175860954240725, 'train_lr_reduce': 0.6}. Best is trial 236 with value: 0.009785382077097893.
[I 2024-12-24 16:52:22,924] Trial 302 finished with value: 0.01131413597613573 and parameters: {'L1_hidden_dim': 208, 'L1_layers_atom': 3, 'L1_layers_mol': 4, 'L1_dropout': 0.028037258315148163, 'L1_out_dim': 112, 'L2_hidden_dim': 192, 'L2_layers_atom': 4, 'L2_layers_mol': 2, 'L2_out_dim': 64, 'L2_dropout': 0.022949071627976544, 'L3_hidden_dim': 128, 'L3_layers_atom': 1, 'L3_layers_mol': 2, 'L3_out_dim': 48, 'L3_dropout': 0.21732104305675753, 'n_mlp_layers': 3, 'mlp_dim_0': 424, 'mlp_dim_1': 168, 'mlp_dim_2': 112, 'num_heads': 1, 'final_dropout': 0.13463879071415702, 'train_learning_rate': 0.0001729392864110896, 'train_lr_reduce': 0.6}. Best is trial 236 with value: 0.009785382077097893.
[I 2024-12-24 16:53:00,104] Trial 304 finished with value: 0.010888754390180111 and parameters: {'L1_hidden_dim': 208, 'L1_layers_atom': 2, 'L1_layers_mol': 4, 'L1_dropout': 0.02484116437426865, 'L1_out_dim': 128, 'L2_hidden_dim': 160, 'L2_layers_atom': 4, 'L2_layers_mol': 1, 'L2_out_dim': 128, 'L2_dropout': 0.0028257080696885775, 'L3_hidden_dim': 96, 'L3_layers_atom': 2, 'L3_layers_mol': 2, 'L3_out_dim': 32, 'L3_dropout': 0.17468571836935562, 'n_mlp_layers': 2, 'mlp_dim_0': 448, 'mlp_dim_1': 160, 'num_heads': 1, 'final_dropout': 0.2295081251377936, 'train_learning_rate': 0.00026569314423613763, 'train_lr_reduce': 0.6}. Best is trial 236 with value: 0.009785382077097893.
[I 2024-12-24 16:54:06,589] Trial 306 finished with value: 0.012404762208461761 and parameters: {'L1_hidden_dim': 96, 'L1_layers_atom': 3, 'L1_layers_mol': 2, 'L1_dropout': 0.045673798256201256, 'L1_out_dim': 32, 'L2_hidden_dim': 192, 'L2_layers_atom': 4, 'L2_layers_mol': 1, 'L2_out_dim': 80, 'L2_dropout': 0.09278325165666268, 'L3_hidden_dim': 112, 'L3_layers_atom': 3, 'L3_layers_mol': 2, 'L3_out_dim': 80, 'L3_dropout': 0.17415112475665093, 'n_mlp_layers': 3, 'mlp_dim_0': 464, 'mlp_dim_1': 136, 'mlp_dim_2': 144, 'num_heads': 2, 'final_dropout': 0.14020840905996879, 'train_learning_rate': 0.006297673437604893, 'train_lr_reduce': 0.6}. Best is trial 236 with value: 0.009785382077097893.
[I 2024-12-24 16:54:52,838] Trial 305 finished with value: 0.011526696383953094 and parameters: {'L1_hidden_dim': 192, 'L1_layers_atom': 3, 'L1_layers_mol': 3, 'L1_dropout': 0.10321284812950736, 'L1_out_dim': 64, 'L2_hidden_dim': 192, 'L2_layers_atom': 4, 'L2_layers_mol': 1, 'L2_out_dim': 32, 'L2_dropout': 0.11104786647494806, 'L3_hidden_dim': 112, 'L3_layers_atom': 1, 'L3_layers_mol': 2, 'L3_out_dim': 128, 'L3_dropout': 0.209673927595649, 'n_mlp_layers': 3, 'mlp_dim_0': 512, 'mlp_dim_1': 136, 'mlp_dim_2': 120, 'num_heads': 1, 'final_dropout': 0.10052379801312475, 'train_learning_rate': 0.000866392846479178, 'train_lr_reduce': 0.6}. Best is trial 236 with value: 0.009785382077097893.
[I 2024-12-24 16:54:57,139] Trial 307 finished with value: 0.010817307978868484 and parameters: {'L1_hidden_dim': 208, 'L1_layers_atom': 1, 'L1_layers_mol': 4, 'L1_dropout': 0.07923027588556035, 'L1_out_dim': 112, 'L2_hidden_dim': 192, 'L2_layers_atom': 4, 'L2_layers_mol': 1, 'L2_out_dim': 128, 'L2_dropout': 0.019350430260633187, 'L3_hidden_dim': 112, 'L3_layers_atom': 2, 'L3_layers_mol': 2, 'L3_out_dim': 32, 'L3_dropout': 0.12354923253813055, 'n_mlp_layers': 2, 'mlp_dim_0': 360, 'mlp_dim_1': 200, 'num_heads': 1, 'final_dropout': 0.19445787655911947, 'train_learning_rate': 0.0019105340294532475, 'train_lr_reduce': 0.6}. Best is trial 236 with value: 0.009785382077097893.
[I 2024-12-24 16:57:31,314] Trial 309 finished with value: 0.012140156701207161 and parameters: {'L1_hidden_dim': 208, 'L1_layers_atom': 1, 'L1_layers_mol': 4, 'L1_dropout': 0.039432408167712096, 'L1_out_dim': 80, 'L2_hidden_dim': 224, 'L2_layers_atom': 4, 'L2_layers_mol': 1, 'L2_out_dim': 128, 'L2_dropout': 0.03335534665295078, 'L3_hidden_dim': 96, 'L3_layers_atom': 3, 'L3_layers_mol': 2, 'L3_out_dim': 32, 'L3_dropout': 0.2527991098809245, 'n_mlp_layers': 1, 'mlp_dim_0': 488, 'num_heads': 1, 'final_dropout': 0.19450829239871914, 'train_learning_rate': 0.0001983774065258031, 'train_lr_reduce': 0.6}. Best is trial 236 with value: 0.009785382077097893.
[I 2024-12-24 16:58:09,944] Trial 310 finished with value: 0.0198359414935112 and parameters: {'L1_hidden_dim': 144, 'L1_layers_atom': 4, 'L1_layers_mol': 4, 'L1_dropout': 0.06695726369622677, 'L1_out_dim': 32, 'L2_hidden_dim': 224, 'L2_layers_atom': 4, 'L2_layers_mol': 1, 'L2_out_dim': 48, 'L2_dropout': 0.06690872921222095, 'L3_hidden_dim': 128, 'L3_layers_atom': 4, 'L3_layers_mol': 1, 'L3_out_dim': 96, 'L3_dropout': 0.2715481703132786, 'n_mlp_layers': 1, 'mlp_dim_0': 384, 'num_heads': 2, 'final_dropout': 0.07344781400808598, 'train_learning_rate': 0.0028207057989632837, 'train_lr_reduce': 0.6}. Best is trial 236 with value: 0.009785382077097893.
[I 2024-12-24 16:58:54,665] Trial 308 finished with value: 0.010998102836310863 and parameters: {'L1_hidden_dim': 208, 'L1_layers_atom': 3, 'L1_layers_mol': 3, 'L1_dropout': 0.05354559641581059, 'L1_out_dim': 128, 'L2_hidden_dim': 128, 'L2_layers_atom': 4, 'L2_layers_mol': 1, 'L2_out_dim': 112, 'L2_dropout': 0.01249409206661579, 'L3_hidden_dim': 128, 'L3_layers_atom': 2, 'L3_layers_mol': 2, 'L3_out_dim': 64, 'L3_dropout': 0.16397947893933842, 'n_mlp_layers': 2, 'mlp_dim_0': 512, 'mlp_dim_1': 184, 'num_heads': 2, 'final_dropout': 0.17401068749255802, 'train_learning_rate': 0.00022362990355524284, 'train_lr_reduce': 0.6}. Best is trial 236 with value: 0.009785382077097893.
[I 2024-12-24 16:58:59,001] Trial 311 finished with value: 0.011832102201879025 and parameters: {'L1_hidden_dim': 208, 'L1_layers_atom': 2, 'L1_layers_mol': 4, 'L1_dropout': 0.07724496427358049, 'L1_out_dim': 80, 'L2_hidden_dim': 224, 'L2_layers_atom': 2, 'L2_layers_mol': 1, 'L2_out_dim': 64, 'L2_dropout': 0.10941854501235061, 'L3_hidden_dim': 128, 'L3_layers_atom': 1, 'L3_layers_mol': 4, 'L3_out_dim': 128, 'L3_dropout': 0.2609280454251383, 'n_mlp_layers': 3, 'mlp_dim_0': 512, 'mlp_dim_1': 224, 'mlp_dim_2': 144, 'num_heads': 1, 'final_dropout': 0.1550702777099047, 'train_learning_rate': 0.0031111681315097862, 'train_lr_reduce': 0.6}. Best is trial 236 with value: 0.009785382077097893.
[I 2024-12-24 17:00:01,399] Trial 312 finished with value: 0.013392233289778233 and parameters: {'L1_hidden_dim': 176, 'L1_layers_atom': 2, 'L1_layers_mol': 2, 'L1_dropout': 0.0875521355437257, 'L1_out_dim': 128, 'L2_hidden_dim': 144, 'L2_layers_atom': 3, 'L2_layers_mol': 1, 'L2_out_dim': 128, 'L2_dropout': 0.006148602306428833, 'L3_hidden_dim': 112, 'L3_layers_atom': 2, 'L3_layers_mol': 3, 'L3_out_dim': 32, 'L3_dropout': 0.16858471766099992, 'n_mlp_layers': 2, 'mlp_dim_0': 264, 'mlp_dim_1': 208, 'num_heads': 1, 'final_dropout': 0.26597540843726475, 'train_learning_rate': 0.0001889457512829043, 'train_lr_reduce': 0.6}. Best is trial 236 with value: 0.009785382077097893.
[I 2024-12-24 17:00:25,694] Trial 313 finished with value: 0.012720455415546894 and parameters: {'L1_hidden_dim': 224, 'L1_layers_atom': 1, 'L1_layers_mol': 4, 'L1_dropout': 0.06408350230118624, 'L1_out_dim': 112, 'L2_hidden_dim': 208, 'L2_layers_atom': 3, 'L2_layers_mol': 1, 'L2_out_dim': 80, 'L2_dropout': 0.05456828035134101, 'L3_hidden_dim': 128, 'L3_layers_atom': 2, 'L3_layers_mol': 1, 'L3_out_dim': 48, 'L3_dropout': 0.11818712858666444, 'n_mlp_layers': 2, 'mlp_dim_0': 256, 'mlp_dim_1': 200, 'num_heads': 1, 'final_dropout': 0.18905873182268124, 'train_learning_rate': 0.002609861345798468, 'train_lr_reduce': 0.6}. Best is trial 236 with value: 0.009785382077097893.
[I 2024-12-24 17:00:44,903] Trial 314 finished with value: 0.01176837831735611 and parameters: {'L1_hidden_dim': 128, 'L1_layers_atom': 2, 'L1_layers_mol': 4, 'L1_dropout': 0.15062191767761374, 'L1_out_dim': 48, 'L2_hidden_dim': 192, 'L2_layers_atom': 4, 'L2_layers_mol': 2, 'L2_out_dim': 48, 'L2_dropout': 0.03922846488043681, 'L3_hidden_dim': 128, 'L3_layers_atom': 1, 'L3_layers_mol': 4, 'L3_out_dim': 112, 'L3_dropout': 0.22168869649269018, 'n_mlp_layers': 3, 'mlp_dim_0': 416, 'mlp_dim_1': 184, 'mlp_dim_2': 168, 'num_heads': 1, 'final_dropout': 0.0983818284394874, 'train_learning_rate': 0.0008528616013239131, 'train_lr_reduce': 0.6}. Best is trial 236 with value: 0.009785382077097893.
[I 2024-12-24 17:01:13,600] Trial 316 finished with value: 0.01905837655067444 and parameters: {'L1_hidden_dim': 144, 'L1_layers_atom': 4, 'L1_layers_mol': 3, 'L1_dropout': 0.031173984575918808, 'L1_out_dim': 32, 'L2_hidden_dim': 64, 'L2_layers_atom': 4, 'L2_layers_mol': 1, 'L2_out_dim': 128, 'L2_dropout': 0.06249486604898509, 'L3_hidden_dim': 128, 'L3_layers_atom': 2, 'L3_layers_mol': 2, 'L3_out_dim': 128, 'L3_dropout': 0.2959799504776176, 'n_mlp_layers': 1, 'mlp_dim_0': 376, 'num_heads': 1, 'final_dropout': 0.07443712894130372, 'train_learning_rate': 0.003015738063593771, 'train_lr_reduce': 0.6}. Best is trial 236 with value: 0.009785382077097893.
[I 2024-12-24 17:02:03,537] Trial 315 finished with value: 0.01183194201439619 and parameters: {'L1_hidden_dim': 224, 'L1_layers_atom': 1, 'L1_layers_mol': 4, 'L1_dropout': 0.10879453203168063, 'L1_out_dim': 128, 'L2_hidden_dim': 208, 'L2_layers_atom': 4, 'L2_layers_mol': 2, 'L2_out_dim': 112, 'L2_dropout': 0.05521607977502134, 'L3_hidden_dim': 80, 'L3_layers_atom': 3, 'L3_layers_mol': 2, 'L3_out_dim': 32, 'L3_dropout': 0.2152107885738156, 'n_mlp_layers': 2, 'mlp_dim_0': 280, 'mlp_dim_1': 296, 'num_heads': 1, 'final_dropout': 0.24049571475962161, 'train_learning_rate': 0.0021052744287470265, 'train_lr_reduce': 0.6}. Best is trial 236 with value: 0.009785382077097893.
[I 2024-12-24 17:02:42,543] Trial 317 finished with value: 0.014117731712758541 and parameters: {'L1_hidden_dim': 144, 'L1_layers_atom': 3, 'L1_layers_mol': 2, 'L1_dropout': 0.006242490633992664, 'L1_out_dim': 48, 'L2_hidden_dim': 112, 'L2_layers_atom': 4, 'L2_layers_mol': 1, 'L2_out_dim': 80, 'L2_dropout': 0.004421523754666336, 'L3_hidden_dim': 96, 'L3_layers_atom': 4, 'L3_layers_mol': 1, 'L3_out_dim': 112, 'L3_dropout': 0.1371710337746521, 'n_mlp_layers': 3, 'mlp_dim_0': 368, 'mlp_dim_1': 192, 'mlp_dim_2': 104, 'num_heads': 2, 'final_dropout': 0.24759761955145726, 'train_learning_rate': 0.006154761940483407, 'train_lr_reduce': 0.6}. Best is trial 236 with value: 0.009785382077097893.
[I 2024-12-24 17:02:57,220] Trial 318 finished with value: 0.013002618215978146 and parameters: {'L1_hidden_dim': 256, 'L1_layers_atom': 2, 'L1_layers_mol': 4, 'L1_dropout': 0.05360142579599163, 'L1_out_dim': 112, 'L2_hidden_dim': 128, 'L2_layers_atom': 4, 'L2_layers_mol': 2, 'L2_out_dim': 128, 'L2_dropout': 0.05946879641664313, 'L3_hidden_dim': 80, 'L3_layers_atom': 3, 'L3_layers_mol': 2, 'L3_out_dim': 32, 'L3_dropout': 0.1985043702884889, 'n_mlp_layers': 3, 'mlp_dim_0': 504, 'mlp_dim_1': 248, 'mlp_dim_2': 184, 'num_heads': 1, 'final_dropout': 0.2434342507053926, 'train_learning_rate': 0.0003783999657037623, 'train_lr_reduce': 0.6}. Best is trial 236 with value: 0.009785382077097893.
[I 2024-12-24 17:03:50,097] Trial 319 finished with value: 0.014592275954782963 and parameters: {'L1_hidden_dim': 240, 'L1_layers_atom': 2, 'L1_layers_mol': 3, 'L1_dropout': 0.07753527148901743, 'L1_out_dim': 96, 'L2_hidden_dim': 112, 'L2_layers_atom': 2, 'L2_layers_mol': 4, 'L2_out_dim': 48, 'L2_dropout': 0.2541391150521242, 'L3_hidden_dim': 48, 'L3_layers_atom': 4, 'L3_layers_mol': 2, 'L3_out_dim': 128, 'L3_dropout': 0.2684573167422902, 'n_mlp_layers': 2, 'mlp_dim_0': 224, 'mlp_dim_1': 176, 'num_heads': 2, 'final_dropout': 0.2715998058883716, 'train_learning_rate': 0.006323077010478596, 'train_lr_reduce': 0.6}. Best is trial 236 with value: 0.009785382077097893.
