[I 2024-12-16 01:12:14,485] Trial 2215 finished with value: 0.11353125423192978 and parameters: {'mlp_n_layers': 2, 'mlp_dim_00': 224, 'mlp_dim_01': 208, 'hidden_channels': 32, 'num_layers': 2, 'num_timesteps': 3, 'dropout': 0.19781358305508193, 'train_learning_rate': 0.005418570362344584, 'train_lr_reduce': 0.6}. Best is trial 130 with value: 0.0812772810459137.
[I 2024-12-16 01:12:19,363] Trial 2216 finished with value: 0.11905793845653534 and parameters: {'mlp_n_layers': 2, 'mlp_dim_00': 176, 'mlp_dim_01': 208, 'hidden_channels': 80, 'num_layers': 1, 'num_timesteps': 4, 'dropout': 0.24688929020997893, 'train_learning_rate': 0.007035102413417575, 'train_lr_reduce': 0.6}. Best is trial 130 with value: 0.0812772810459137.
[I 2024-12-16 01:12:24,738] Trial 2217 finished with value: 0.11627106368541718 and parameters: {'mlp_n_layers': 2, 'mlp_dim_00': 256, 'mlp_dim_01': 208, 'hidden_channels': 32, 'num_layers': 1, 'num_timesteps': 2, 'dropout': 0.21029600810599963, 'train_learning_rate': 0.009775113250047656, 'train_lr_reduce': 0.6}. Best is trial 130 with value: 0.0812772810459137.
[I 2024-12-16 01:12:34,550] Trial 2219 finished with value: 0.10198322683572769 and parameters: {'mlp_n_layers': 2, 'mlp_dim_00': 208, 'mlp_dim_01': 192, 'hidden_channels': 32, 'num_layers': 1, 'num_timesteps': 3, 'dropout': 0.23473439775666222, 'train_learning_rate': 0.00935993285482621, 'train_lr_reduce': 0.6}. Best is trial 130 with value: 0.0812772810459137.
[I 2024-12-16 01:12:40,158] Trial 2218 finished with value: 0.10959021002054214 and parameters: {'mlp_n_layers': 2, 'mlp_dim_00': 256, 'mlp_dim_01': 80, 'hidden_channels': 128, 'num_layers': 4, 'num_timesteps': 3, 'dropout': 0.29574876533282285, 'train_learning_rate': 0.008567613042250559, 'train_lr_reduce': 0.6}. Best is trial 130 with value: 0.0812772810459137.
[I 2024-12-16 01:12:48,771] Trial 2221 finished with value: 0.11046181619167328 and parameters: {'mlp_n_layers': 2, 'mlp_dim_00': 256, 'mlp_dim_01': 96, 'hidden_channels': 64, 'num_layers': 2, 'num_timesteps': 3, 'dropout': 0.20559673560049246, 'train_learning_rate': 0.0045923115978691665, 'train_lr_reduce': 0.6}. Best is trial 130 with value: 0.0812772810459137.
[I 2024-12-16 01:12:55,220] Trial 2220 finished with value: 0.1427583396434784 and parameters: {'mlp_n_layers': 3, 'mlp_dim_00': 128, 'mlp_dim_01': 160, 'mlp_dim_02': 256, 'hidden_channels': 240, 'num_layers': 3, 'num_timesteps': 1, 'dropout': 0.26870885893513463, 'train_learning_rate': 0.00030050893742940467, 'train_lr_reduce': 0.6}. Best is trial 130 with value: 0.0812772810459137.
[I 2024-12-16 01:13:01,368] Trial 2222 finished with value: 0.11999489367008209 and parameters: {'mlp_n_layers': 2, 'mlp_dim_00': 240, 'mlp_dim_01': 32, 'hidden_channels': 80, 'num_layers': 2, 'num_timesteps': 3, 'dropout': 0.2683533531348318, 'train_learning_rate': 0.00881952247516683, 'train_lr_reduce': 0.6}. Best is trial 130 with value: 0.0812772810459137.
[I 2024-12-16 01:13:07,227] Trial 2223 finished with value: 0.09738346934318542 and parameters: {'mlp_n_layers': 2, 'mlp_dim_00': 176, 'mlp_dim_01': 112, 'hidden_channels': 64, 'num_layers': 1, 'num_timesteps': 4, 'dropout': 0.20798949965621102, 'train_learning_rate': 0.009552707648434173, 'train_lr_reduce': 0.6}. Best is trial 130 with value: 0.0812772810459137.
[I 2024-12-16 01:13:12,795] Trial 2225 finished with value: 0.11703229695558548 and parameters: {'mlp_n_layers': 2, 'mlp_dim_00': 128, 'mlp_dim_01': 192, 'hidden_channels': 112, 'num_layers': 1, 'num_timesteps': 3, 'dropout': 0.2795946548887855, 'train_learning_rate': 0.004350403418900844, 'train_lr_reduce': 0.6}. Best is trial 130 with value: 0.0812772810459137.
[I 2024-12-16 01:13:14,610] Trial 2224 finished with value: 0.11658865958452225 and parameters: {'mlp_n_layers': 2, 'mlp_dim_00': 224, 'mlp_dim_01': 208, 'hidden_channels': 48, 'num_layers': 2, 'num_timesteps': 3, 'dropout': 0.22336046738625134, 'train_learning_rate': 0.009240673076038777, 'train_lr_reduce': 0.6}. Best is trial 130 with value: 0.0812772810459137.
[I 2024-12-16 01:13:25,462] Trial 2228 finished with value: 0.09941842406988144 and parameters: {'mlp_n_layers': 2, 'mlp_dim_00': 224, 'mlp_dim_01': 224, 'hidden_channels': 48, 'num_layers': 1, 'num_timesteps': 2, 'dropout': 0.2644461270041152, 'train_learning_rate': 0.009987352993965219, 'train_lr_reduce': 0.6}. Best is trial 130 with value: 0.0812772810459137.
[I 2024-12-16 01:13:29,492] Trial 2227 finished with value: 0.1079980731010437 and parameters: {'mlp_n_layers': 2, 'mlp_dim_00': 80, 'mlp_dim_01': 176, 'hidden_channels': 48, 'num_layers': 1, 'num_timesteps': 4, 'dropout': 0.1868016593790804, 'train_learning_rate': 0.009680532244920981, 'train_lr_reduce': 0.6}. Best is trial 130 with value: 0.0812772810459137.
[I 2024-12-16 01:13:31,380] Trial 2226 finished with value: 0.12637245655059814 and parameters: {'mlp_n_layers': 3, 'mlp_dim_00': 256, 'mlp_dim_01': 256, 'mlp_dim_02': 32, 'hidden_channels': 192, 'num_layers': 2, 'num_timesteps': 3, 'dropout': 0.1548785000419855, 'train_learning_rate': 0.0037660518452791772, 'train_lr_reduce': 0.6}. Best is trial 130 with value: 0.0812772810459137.
[I 2024-12-16 01:13:38,605] Trial 2229 finished with value: 0.11378246545791626 and parameters: {'mlp_n_layers': 3, 'mlp_dim_00': 64, 'mlp_dim_01': 208, 'mlp_dim_02': 208, 'hidden_channels': 96, 'num_layers': 2, 'num_timesteps': 3, 'dropout': 0.1527594503578491, 'train_learning_rate': 0.004501065639156367, 'train_lr_reduce': 0.6}. Best is trial 130 with value: 0.0812772810459137.
[I 2024-12-16 01:13:39,813] Trial 2230 finished with value: 0.11062990874052048 and parameters: {'mlp_n_layers': 2, 'mlp_dim_00': 208, 'mlp_dim_01': 176, 'hidden_channels': 144, 'num_layers': 1, 'num_timesteps': 3, 'dropout': 0.24085922077722666, 'train_learning_rate': 0.0031078917847418156, 'train_lr_reduce': 0.6}. Best is trial 130 with value: 0.0812772810459137.
[I 2024-12-16 01:13:45,836] Trial 2231 finished with value: 0.12529198825359344 and parameters: {'mlp_n_layers': 3, 'mlp_dim_00': 80, 'mlp_dim_01': 208, 'mlp_dim_02': 64, 'hidden_channels': 96, 'num_layers': 1, 'num_timesteps': 4, 'dropout': 0.19375055223192578, 'train_learning_rate': 0.002909212874983051, 'train_lr_reduce': 0.6}. Best is trial 130 with value: 0.0812772810459137.
[I 2024-12-16 01:13:53,539] Trial 2233 finished with value: 0.10751958936452866 and parameters: {'mlp_n_layers': 2, 'mlp_dim_00': 208, 'mlp_dim_01': 192, 'hidden_channels': 80, 'num_layers': 2, 'num_timesteps': 3, 'dropout': 0.27009780835733904, 'train_learning_rate': 0.006987802740399234, 'train_lr_reduce': 0.6}. Best is trial 130 with value: 0.0812772810459137.
[I 2024-12-16 01:13:56,177] Trial 2232 finished with value: 0.0987224131822586 and parameters: {'mlp_n_layers': 2, 'mlp_dim_00': 48, 'mlp_dim_01': 224, 'hidden_channels': 32, 'num_layers': 3, 'num_timesteps': 4, 'dropout': 0.0899700084717628, 'train_learning_rate': 0.0034142838146231447, 'train_lr_reduce': 0.6}. Best is trial 130 with value: 0.0812772810459137.
[I 2024-12-16 01:13:58,127] Trial 2234 finished with value: 0.11061497032642365 and parameters: {'mlp_n_layers': 2, 'mlp_dim_00': 256, 'mlp_dim_01': 208, 'hidden_channels': 32, 'num_layers': 1, 'num_timesteps': 3, 'dropout': 0.26877337745297925, 'train_learning_rate': 0.001974554572595904, 'train_lr_reduce': 0.6}. Best is trial 130 with value: 0.0812772810459137.
[I 2024-12-16 01:14:07,058] Trial 2236 finished with value: 0.09652072191238403 and parameters: {'mlp_n_layers': 3, 'mlp_dim_00': 240, 'mlp_dim_01': 144, 'mlp_dim_02': 96, 'hidden_channels': 32, 'num_layers': 1, 'num_timesteps': 3, 'dropout': 0.2874718433852887, 'train_learning_rate': 0.007439730945130541, 'train_lr_reduce': 0.6}. Best is trial 130 with value: 0.0812772810459137.
[I 2024-12-16 01:14:12,683] Trial 2237 finished with value: 0.09761429578065872 and parameters: {'mlp_n_layers': 3, 'mlp_dim_00': 256, 'mlp_dim_01': 176, 'mlp_dim_02': 224, 'hidden_channels': 32, 'num_layers': 1, 'num_timesteps': 2, 'dropout': 0.29145292754821134, 'train_learning_rate': 0.0036561841975041903, 'train_lr_reduce': 0.6}. Best is trial 130 with value: 0.0812772810459137.
[I 2024-12-16 01:14:23,007] Trial 2235 finished with value: 0.1306990534067154 and parameters: {'mlp_n_layers': 2, 'mlp_dim_00': 128, 'mlp_dim_01': 144, 'hidden_channels': 32, 'num_layers': 3, 'num_timesteps': 3, 'dropout': 0.016406481591774186, 'train_learning_rate': 0.0005582572464258922, 'train_lr_reduce': 0.6}. Best is trial 130 with value: 0.0812772810459137.
[I 2024-12-16 01:14:28,200] Trial 2239 finished with value: 0.09202060103416443 and parameters: {'mlp_n_layers': 2, 'mlp_dim_00': 80, 'mlp_dim_01': 192, 'hidden_channels': 32, 'num_layers': 3, 'num_timesteps': 4, 'dropout': 0.018480061188726582, 'train_learning_rate': 0.00982860422749529, 'train_lr_reduce': 0.6}. Best is trial 130 with value: 0.0812772810459137.
[I 2024-12-16 01:14:29,617] Trial 2238 finished with value: 0.14945602416992188 and parameters: {'mlp_n_layers': 4, 'mlp_dim_00': 224, 'mlp_dim_01': 256, 'mlp_dim_02': 192, 'mlp_dim_03': 64, 'hidden_channels': 192, 'num_layers': 2, 'num_timesteps': 1, 'dropout': 0.05860897198731349, 'train_learning_rate': 0.0004696187047632003, 'train_lr_reduce': 0.6}. Best is trial 130 with value: 0.0812772810459137.
[I 2024-12-16 01:14:33,323] Trial 2240 finished with value: 0.09484641999006271 and parameters: {'mlp_n_layers': 2, 'mlp_dim_00': 192, 'mlp_dim_01': 192, 'hidden_channels': 48, 'num_layers': 1, 'num_timesteps': 3, 'dropout': 0.1979795280035209, 'train_learning_rate': 0.003228693939787091, 'train_lr_reduce': 0.6}. Best is trial 130 with value: 0.0812772810459137.
[I 2024-12-16 01:14:39,286] Trial 2241 finished with value: 0.10565677285194397 and parameters: {'mlp_n_layers': 2, 'mlp_dim_00': 256, 'mlp_dim_01': 224, 'hidden_channels': 80, 'num_layers': 2, 'num_timesteps': 2, 'dropout': 0.2868471333422709, 'train_learning_rate': 0.004504131431896244, 'train_lr_reduce': 0.6}. Best is trial 130 with value: 0.0812772810459137.
[I 2024-12-16 01:14:46,888] Trial 2243 finished with value: 0.11901894211769104 and parameters: {'mlp_n_layers': 3, 'mlp_dim_00': 160, 'mlp_dim_01': 208, 'mlp_dim_02': 192, 'hidden_channels': 48, 'num_layers': 2, 'num_timesteps': 1, 'dropout': 0.05772367421107086, 'train_learning_rate': 0.0011887192816845509, 'train_lr_reduce': 0.6}. Best is trial 130 with value: 0.0812772810459137.
[I 2024-12-16 01:14:51,029] Trial 2242 finished with value: 0.12244189530611038 and parameters: {'mlp_n_layers': 2, 'mlp_dim_00': 176, 'mlp_dim_01': 240, 'hidden_channels': 96, 'num_layers': 1, 'num_timesteps': 1, 'dropout': 0.2926263157267168, 'train_learning_rate': 0.00042287782036809913, 'train_lr_reduce': 0.6}. Best is trial 130 with value: 0.0812772810459137.
[I 2024-12-16 01:14:53,196] Trial 2244 finished with value: 0.08980703353881836 and parameters: {'mlp_n_layers': 2, 'mlp_dim_00': 256, 'mlp_dim_01': 160, 'hidden_channels': 32, 'num_layers': 2, 'num_timesteps': 1, 'dropout': 0.259725443131529, 'train_learning_rate': 0.004019483704948071, 'train_lr_reduce': 0.6}. Best is trial 130 with value: 0.0812772810459137.
[I 2024-12-16 01:15:00,522] Trial 2245 finished with value: 0.1034732460975647 and parameters: {'mlp_n_layers': 2, 'mlp_dim_00': 240, 'mlp_dim_01': 144, 'hidden_channels': 32, 'num_layers': 1, 'num_timesteps': 2, 'dropout': 0.26363376744564976, 'train_learning_rate': 0.008309223313605984, 'train_lr_reduce': 0.6}. Best is trial 130 with value: 0.0812772810459137.
[I 2024-12-16 01:15:02,230] Trial 2246 finished with value: 0.13121487200260162 and parameters: {'mlp_n_layers': 2, 'mlp_dim_00': 224, 'mlp_dim_01': 192, 'hidden_channels': 112, 'num_layers': 1, 'num_timesteps': 4, 'dropout': 0.19996984419596292, 'train_learning_rate': 0.005410061660446959, 'train_lr_reduce': 0.6}. Best is trial 130 with value: 0.0812772810459137.
[I 2024-12-16 01:15:17,833] Trial 2249 finished with value: 0.10440923273563385 and parameters: {'mlp_n_layers': 2, 'mlp_dim_00': 144, 'mlp_dim_01': 256, 'hidden_channels': 32, 'num_layers': 2, 'num_timesteps': 4, 'dropout': 0.08062121741849525, 'train_learning_rate': 0.009560191219444571, 'train_lr_reduce': 0.6}. Best is trial 130 with value: 0.0812772810459137.
[I 2024-12-16 01:15:25,692] Trial 2247 finished with value: 0.1575486809015274 and parameters: {'mlp_n_layers': 4, 'mlp_dim_00': 256, 'mlp_dim_01': 240, 'mlp_dim_02': 240, 'mlp_dim_03': 192, 'hidden_channels': 192, 'num_layers': 4, 'num_timesteps': 2, 'dropout': 0.22026375084863845, 'train_learning_rate': 0.00016945179309258717, 'train_lr_reduce': 0.6}. Best is trial 130 with value: 0.0812772810459137.
[I 2024-12-16 01:15:27,283] Trial 2248 finished with value: 0.12098293006420135 and parameters: {'mlp_n_layers': 2, 'mlp_dim_00': 80, 'mlp_dim_01': 160, 'hidden_channels': 96, 'num_layers': 2, 'num_timesteps': 3, 'dropout': 0.2390510498597122, 'train_learning_rate': 0.0005613099163489463, 'train_lr_reduce': 0.6}. Best is trial 130 with value: 0.0812772810459137.
[I 2024-12-16 01:15:43,814] Trial 2250 finished with value: 0.17220719158649445 and parameters: {'mlp_n_layers': 3, 'mlp_dim_00': 32, 'mlp_dim_01': 112, 'mlp_dim_02': 96, 'hidden_channels': 176, 'num_layers': 3, 'num_timesteps': 1, 'dropout': 0.22383876885988263, 'train_learning_rate': 0.0004996790110631806, 'train_lr_reduce': 0.6}. Best is trial 130 with value: 0.0812772810459137.
[I 2024-12-16 01:15:46,134] Trial 2252 finished with value: 0.10798107087612152 and parameters: {'mlp_n_layers': 2, 'mlp_dim_00': 240, 'mlp_dim_01': 32, 'hidden_channels': 112, 'num_layers': 3, 'num_timesteps': 3, 'dropout': 0.2878473041200516, 'train_learning_rate': 0.006733622367443185, 'train_lr_reduce': 0.6}. Best is trial 130 with value: 0.0812772810459137.
[I 2024-12-16 01:15:53,188] Trial 2251 finished with value: 0.15133683383464813 and parameters: {'mlp_n_layers': 4, 'mlp_dim_00': 112, 'mlp_dim_01': 48, 'mlp_dim_02': 192, 'mlp_dim_03': 160, 'hidden_channels': 128, 'num_layers': 1, 'num_timesteps': 3, 'dropout': 0.11008280333556301, 'train_learning_rate': 0.00015821848683801053, 'train_lr_reduce': 0.6}. Best is trial 130 with value: 0.0812772810459137.
[I 2024-12-16 01:15:55,308] Trial 2253 finished with value: 0.1144782081246376 and parameters: {'mlp_n_layers': 2, 'mlp_dim_00': 208, 'mlp_dim_01': 176, 'hidden_channels': 32, 'num_layers': 2, 'num_timesteps': 2, 'dropout': 0.22661336721573877, 'train_learning_rate': 0.003608884836172971, 'train_lr_reduce': 0.6}. Best is trial 130 with value: 0.0812772810459137.
[I 2024-12-16 01:16:00,843] Trial 2254 finished with value: 0.14720042049884796 and parameters: {'mlp_n_layers': 3, 'mlp_dim_00': 112, 'mlp_dim_01': 224, 'mlp_dim_02': 240, 'hidden_channels': 96, 'num_layers': 2, 'num_timesteps': 4, 'dropout': 0.0606169187357779, 'train_learning_rate': 0.0025893597581106704, 'train_lr_reduce': 0.6}. Best is trial 130 with value: 0.0812772810459137.
[I 2024-12-16 01:16:02,073] Trial 2255 finished with value: 0.10135559737682343 and parameters: {'mlp_n_layers': 2, 'mlp_dim_00': 208, 'mlp_dim_01': 160, 'hidden_channels': 32, 'num_layers': 1, 'num_timesteps': 3, 'dropout': 0.265224850280674, 'train_learning_rate': 0.004096987093529842, 'train_lr_reduce': 0.6}. Best is trial 130 with value: 0.0812772810459137.
[I 2024-12-16 01:16:06,321] Trial 2256 finished with value: 0.10082663595676422 and parameters: {'mlp_n_layers': 2, 'mlp_dim_00': 256, 'mlp_dim_01': 208, 'hidden_channels': 80, 'num_layers': 1, 'num_timesteps': 3, 'dropout': 0.226642995975316, 'train_learning_rate': 0.00858010663596913, 'train_lr_reduce': 0.6}. Best is trial 130 with value: 0.0812772810459137.
[I 2024-12-16 01:16:11,890] Trial 2258 finished with value: 0.11772357672452927 and parameters: {'mlp_n_layers': 2, 'mlp_dim_00': 240, 'mlp_dim_01': 160, 'hidden_channels': 64, 'num_layers': 2, 'num_timesteps': 3, 'dropout': 0.20237646961715455, 'train_learning_rate': 0.005968626338846549, 'train_lr_reduce': 0.6}. Best is trial 130 with value: 0.0812772810459137.
[I 2024-12-16 01:16:13,057] Trial 2257 finished with value: 0.09462600946426392 and parameters: {'mlp_n_layers': 2, 'mlp_dim_00': 208, 'mlp_dim_01': 224, 'hidden_channels': 32, 'num_layers': 1, 'num_timesteps': 3, 'dropout': 0.26562339409752395, 'train_learning_rate': 0.003992680902248427, 'train_lr_reduce': 0.6}. Best is trial 130 with value: 0.0812772810459137.
[I 2024-12-16 01:16:22,290] Trial 2260 finished with value: 0.13030405342578888 and parameters: {'mlp_n_layers': 3, 'mlp_dim_00': 240, 'mlp_dim_01': 192, 'mlp_dim_02': 64, 'hidden_channels': 80, 'num_layers': 1, 'num_timesteps': 3, 'dropout': 0.21443217365791345, 'train_learning_rate': 0.003580598520930687, 'train_lr_reduce': 0.6}. Best is trial 130 with value: 0.0812772810459137.
[I 2024-12-16 01:16:23,184] Trial 2259 finished with value: 0.26107025146484375 and parameters: {'mlp_n_layers': 4, 'mlp_dim_00': 32, 'mlp_dim_01': 64, 'mlp_dim_02': 224, 'mlp_dim_03': 112, 'hidden_channels': 80, 'num_layers': 3, 'num_timesteps': 3, 'dropout': 0.24920847420167044, 'train_learning_rate': 0.0007416867200891864, 'train_lr_reduce': 0.6}. Best is trial 130 with value: 0.0812772810459137.
[I 2024-12-16 01:16:25,936] Trial 2261 finished with value: 0.12862491607666016 and parameters: {'mlp_n_layers': 2, 'mlp_dim_00': 48, 'mlp_dim_01': 176, 'hidden_channels': 80, 'num_layers': 3, 'num_timesteps': 3, 'dropout': 0.07830780396237663, 'train_learning_rate': 0.005715946147548225, 'train_lr_reduce': 0.6}. Best is trial 130 with value: 0.0812772810459137.
[I 2024-12-16 01:16:32,924] Trial 2262 finished with value: 0.10826943069696426 and parameters: {'mlp_n_layers': 3, 'mlp_dim_00': 256, 'mlp_dim_01': 176, 'mlp_dim_02': 192, 'hidden_channels': 64, 'num_layers': 1, 'num_timesteps': 3, 'dropout': 0.20478068917106312, 'train_learning_rate': 0.008929442527568764, 'train_lr_reduce': 0.6}. Best is trial 130 with value: 0.0812772810459137.
[I 2024-12-16 01:16:38,999] Trial 2264 finished with value: 0.10377849638462067 and parameters: {'mlp_n_layers': 2, 'mlp_dim_00': 240, 'mlp_dim_01': 240, 'hidden_channels': 112, 'num_layers': 1, 'num_timesteps': 3, 'dropout': 0.1985982761540863, 'train_learning_rate': 0.009716582577725095, 'train_lr_reduce': 0.6}. Best is trial 130 with value: 0.0812772810459137.
[I 2024-12-16 01:16:39,692] Trial 2263 finished with value: 0.11584648489952087 and parameters: {'mlp_n_layers': 3, 'mlp_dim_00': 96, 'mlp_dim_01': 208, 'mlp_dim_02': 256, 'hidden_channels': 32, 'num_layers': 1, 'num_timesteps': 4, 'dropout': 0.1739870915140523, 'train_learning_rate': 0.0013511220036013464, 'train_lr_reduce': 0.6}. Best is trial 130 with value: 0.0812772810459137.
[I 2024-12-16 01:16:41,932] Trial 2265 finished with value: 0.1155388280749321 and parameters: {'mlp_n_layers': 2, 'mlp_dim_00': 240, 'mlp_dim_01': 192, 'hidden_channels': 32, 'num_layers': 1, 'num_timesteps': 3, 'dropout': 0.23965041571983178, 'train_learning_rate': 0.005897287530786948, 'train_lr_reduce': 0.6}. Best is trial 130 with value: 0.0812772810459137.
[I 2024-12-16 01:16:53,498] Trial 2268 finished with value: 0.1342337429523468 and parameters: {'mlp_n_layers': 2, 'mlp_dim_00': 80, 'mlp_dim_01': 160, 'hidden_channels': 48, 'num_layers': 2, 'num_timesteps': 4, 'dropout': 0.15362212865095357, 'train_learning_rate': 0.00577517965152851, 'train_lr_reduce': 0.6}. Best is trial 130 with value: 0.0812772810459137.
[I 2024-12-16 01:16:53,501] Trial 2267 finished with value: 0.1176922470331192 and parameters: {'mlp_n_layers': 2, 'mlp_dim_00': 128, 'mlp_dim_01': 192, 'hidden_channels': 112, 'num_layers': 1, 'num_timesteps': 3, 'dropout': 0.1298284617282926, 'train_learning_rate': 0.0035036841719330468, 'train_lr_reduce': 0.6}. Best is trial 130 with value: 0.0812772810459137.
[I 2024-12-16 01:16:54,448] Trial 2266 finished with value: 0.10217230767011642 and parameters: {'mlp_n_layers': 2, 'mlp_dim_00': 224, 'mlp_dim_01': 160, 'hidden_channels': 80, 'num_layers': 2, 'num_timesteps': 3, 'dropout': 0.22384725601257038, 'train_learning_rate': 0.007518099177298946, 'train_lr_reduce': 0.6}. Best is trial 130 with value: 0.0812772810459137.
[I 2024-12-16 01:17:08,610] Trial 2270 finished with value: 0.1469912976026535 and parameters: {'mlp_n_layers': 3, 'mlp_dim_00': 32, 'mlp_dim_01': 144, 'mlp_dim_02': 32, 'hidden_channels': 256, 'num_layers': 1, 'num_timesteps': 3, 'dropout': 0.26028929122337985, 'train_learning_rate': 0.0034494100741256604, 'train_lr_reduce': 0.6}. Best is trial 130 with value: 0.0812772810459137.
[I 2024-12-16 01:17:15,714] Trial 2269 finished with value: 0.11786164343357086 and parameters: {'mlp_n_layers': 2, 'mlp_dim_00': 144, 'mlp_dim_01': 208, 'hidden_channels': 32, 'num_layers': 2, 'num_timesteps': 3, 'dropout': 0.06831876494312775, 'train_learning_rate': 0.0019631226428635127, 'train_lr_reduce': 0.6}. Best is trial 130 with value: 0.0812772810459137.
[I 2024-12-16 01:17:16,801] Trial 2271 finished with value: 0.1330183744430542 and parameters: {'mlp_n_layers': 3, 'mlp_dim_00': 112, 'mlp_dim_01': 112, 'mlp_dim_02': 96, 'hidden_channels': 256, 'num_layers': 4, 'num_timesteps': 3, 'dropout': 0.05283320993085895, 'train_learning_rate': 0.001533241177688935, 'train_lr_reduce': 0.6}. Best is trial 130 with value: 0.0812772810459137.
[I 2024-12-16 01:17:20,245] Trial 2272 finished with value: 0.1473671942949295 and parameters: {'mlp_n_layers': 4, 'mlp_dim_00': 64, 'mlp_dim_01': 32, 'mlp_dim_02': 208, 'mlp_dim_03': 32, 'hidden_channels': 96, 'num_layers': 2, 'num_timesteps': 1, 'dropout': 0.16057026687330578, 'train_learning_rate': 0.0046595820953911375, 'train_lr_reduce': 0.6}. Best is trial 130 with value: 0.0812772810459137.
