[I 2024-12-19 07:47:07,617] Trial 390 finished with value: 1.4942823648452759 and parameters: {'mlp_n_layers': 4, 'mlp_dim_00': 197, 'mlp_dim_01': 108, 'mlp_dim_02': 163, 'mlp_dim_03': 119, 'node_hidden_dim': 80, 'edge_hidden_dim': 76, 'depth': 2, 'rep_dropout': 0.23088105820137447, 'train_learning_rate': 0.005468845884197755, 'train_lr_reduce': 0.6}. Best is trial 156 with value: 0.33254924416542053.
[I 2024-12-19 07:47:08,260] Trial 387 finished with value: 1.1899356842041016 and parameters: {'mlp_n_layers': 4, 'mlp_dim_00': 193, 'mlp_dim_01': 106, 'mlp_dim_02': 123, 'mlp_dim_03': 137, 'node_hidden_dim': 32, 'edge_hidden_dim': 82, 'depth': 2, 'rep_dropout': 0.2425241022108103, 'train_learning_rate': 0.002340666283149118, 'train_lr_reduce': 0.6}. Best is trial 156 with value: 0.33254924416542053.
[I 2024-12-19 07:47:10,306] Trial 391 finished with value: 1.5013940334320068 and parameters: {'mlp_n_layers': 4, 'mlp_dim_00': 137, 'mlp_dim_01': 90, 'mlp_dim_02': 146, 'mlp_dim_03': 186, 'node_hidden_dim': 52, 'edge_hidden_dim': 99, 'depth': 2, 'rep_dropout': 0.22722596975544593, 'train_learning_rate': 0.004495927397978017, 'train_lr_reduce': 0.6}. Best is trial 156 with value: 0.33254924416542053.
[I 2024-12-19 07:47:12,564] Trial 392 finished with value: 1.3168375492095947 and parameters: {'mlp_n_layers': 4, 'mlp_dim_00': 325, 'mlp_dim_01': 229, 'mlp_dim_02': 192, 'mlp_dim_03': 232, 'node_hidden_dim': 126, 'edge_hidden_dim': 111, 'depth': 2, 'rep_dropout': 0.18376008886948322, 'train_learning_rate': 0.006515156053598916, 'train_lr_reduce': 0.6}. Best is trial 156 with value: 0.33254924416542053.
[I 2024-12-19 07:47:15,206] Trial 393 finished with value: 1.4213837385177612 and parameters: {'mlp_n_layers': 4, 'mlp_dim_00': 69, 'mlp_dim_01': 72, 'mlp_dim_02': 78, 'mlp_dim_03': 159, 'node_hidden_dim': 82, 'edge_hidden_dim': 77, 'depth': 3, 'rep_dropout': 0.2231653873956573, 'train_learning_rate': 0.0016523113791289624, 'train_lr_reduce': 0.6}. Best is trial 156 with value: 0.33254924416542053.
[I 2024-12-19 07:47:19,191] Trial 396 finished with value: 1.5505234003067017 and parameters: {'mlp_n_layers': 3, 'mlp_dim_00': 75, 'mlp_dim_01': 76, 'mlp_dim_02': 132, 'node_hidden_dim': 42, 'edge_hidden_dim': 75, 'depth': 2, 'rep_dropout': 0.20635451437202706, 'train_learning_rate': 0.0010450454915173998, 'train_lr_reduce': 0.6}. Best is trial 156 with value: 0.33254924416542053.
[I 2024-12-19 07:47:21,110] Trial 395 finished with value: 1.4265247583389282 and parameters: {'mlp_n_layers': 4, 'mlp_dim_00': 122, 'mlp_dim_01': 77, 'mlp_dim_02': 202, 'mlp_dim_03': 231, 'node_hidden_dim': 88, 'edge_hidden_dim': 100, 'depth': 2, 'rep_dropout': 0.22247858126979123, 'train_learning_rate': 0.0019265082487640887, 'train_lr_reduce': 0.6}. Best is trial 156 with value: 0.33254924416542053.
[I 2024-12-19 07:47:24,412] Trial 394 finished with value: 0.6660875082015991 and parameters: {'mlp_n_layers': 3, 'mlp_dim_00': 507, 'mlp_dim_01': 383, 'mlp_dim_02': 185, 'node_hidden_dim': 95, 'edge_hidden_dim': 103, 'depth': 2, 'rep_dropout': 0.12433538540400456, 'train_learning_rate': 0.0022983019252656592, 'train_lr_reduce': 0.6}. Best is trial 156 with value: 0.33254924416542053.
[I 2024-12-19 07:47:24,834] Trial 397 finished with value: 1.3642206192016602 and parameters: {'mlp_n_layers': 3, 'mlp_dim_00': 499, 'mlp_dim_01': 329, 'mlp_dim_02': 217, 'node_hidden_dim': 111, 'edge_hidden_dim': 120, 'depth': 2, 'rep_dropout': 0.11300795297793609, 'train_learning_rate': 0.008956740837816595, 'train_lr_reduce': 0.6}. Best is trial 156 with value: 0.33254924416542053.
[I 2024-12-19 07:47:26,374] Trial 398 finished with value: 1.3688875436782837 and parameters: {'mlp_n_layers': 4, 'mlp_dim_00': 324, 'mlp_dim_01': 170, 'mlp_dim_02': 424, 'mlp_dim_03': 256, 'node_hidden_dim': 117, 'edge_hidden_dim': 67, 'depth': 2, 'rep_dropout': 0.10150716049087614, 'train_learning_rate': 0.006191064016704333, 'train_lr_reduce': 0.6}. Best is trial 156 with value: 0.33254924416542053.
[I 2024-12-19 07:47:29,262] Trial 400 finished with value: 1.3333145380020142 and parameters: {'mlp_n_layers': 2, 'mlp_dim_00': 472, 'mlp_dim_01': 417, 'node_hidden_dim': 90, 'edge_hidden_dim': 98, 'depth': 2, 'rep_dropout': 0.154634742827543, 'train_learning_rate': 0.0018696526807244697, 'train_lr_reduce': 0.6}. Best is trial 156 with value: 0.33254924416542053.
[I 2024-12-19 07:47:33,910] Trial 402 finished with value: 1.4768688678741455 and parameters: {'mlp_n_layers': 3, 'mlp_dim_00': 404, 'mlp_dim_01': 319, 'mlp_dim_02': 236, 'node_hidden_dim': 72, 'edge_hidden_dim': 80, 'depth': 2, 'rep_dropout': 0.13775400173408414, 'train_learning_rate': 0.0021497223645987667, 'train_lr_reduce': 0.6}. Best is trial 156 with value: 0.33254924416542053.
[I 2024-12-19 07:47:37,440] Trial 399 finished with value: 0.4565044939517975 and parameters: {'mlp_n_layers': 4, 'mlp_dim_00': 228, 'mlp_dim_01': 211, 'mlp_dim_02': 187, 'mlp_dim_03': 100, 'node_hidden_dim': 128, 'edge_hidden_dim': 70, 'depth': 2, 'rep_dropout': 0.04681295206865453, 'train_learning_rate': 0.003323325567952286, 'train_lr_reduce': 0.6}. Best is trial 156 with value: 0.33254924416542053.
[I 2024-12-19 07:47:38,235] Trial 403 finished with value: 1.5337073802947998 and parameters: {'mlp_n_layers': 3, 'mlp_dim_00': 441, 'mlp_dim_01': 72, 'mlp_dim_02': 195, 'node_hidden_dim': 125, 'edge_hidden_dim': 54, 'depth': 3, 'rep_dropout': 0.16310690843155629, 'train_learning_rate': 0.0016723333369799845, 'train_lr_reduce': 0.6}. Best is trial 156 with value: 0.33254924416542053.
[I 2024-12-19 07:47:41,159] Trial 401 finished with value: 0.4417398273944855 and parameters: {'mlp_n_layers': 3, 'mlp_dim_00': 78, 'mlp_dim_01': 77, 'mlp_dim_02': 195, 'node_hidden_dim': 65, 'edge_hidden_dim': 77, 'depth': 2, 'rep_dropout': 0.15920982820946336, 'train_learning_rate': 0.006631497404807301, 'train_lr_reduce': 0.6}. Best is trial 156 with value: 0.33254924416542053.
[I 2024-12-19 07:47:41,867] Trial 404 finished with value: 1.3886451721191406 and parameters: {'mlp_n_layers': 3, 'mlp_dim_00': 479, 'mlp_dim_01': 403, 'mlp_dim_02': 225, 'node_hidden_dim': 93, 'edge_hidden_dim': 108, 'depth': 2, 'rep_dropout': 0.14528038765314366, 'train_learning_rate': 0.0035412272698569546, 'train_lr_reduce': 0.6}. Best is trial 156 with value: 0.33254924416542053.
[I 2024-12-19 07:47:42,368] Trial 405 finished with value: 1.5450156927108765 and parameters: {'mlp_n_layers': 4, 'mlp_dim_00': 509, 'mlp_dim_01': 223, 'mlp_dim_02': 199, 'mlp_dim_03': 79, 'node_hidden_dim': 128, 'edge_hidden_dim': 114, 'depth': 2, 'rep_dropout': 0.16195624885629414, 'train_learning_rate': 0.0012945125333522695, 'train_lr_reduce': 0.6}. Best is trial 156 with value: 0.33254924416542053.
[I 2024-12-19 07:47:45,998] Trial 406 finished with value: 1.3170453310012817 and parameters: {'mlp_n_layers': 2, 'mlp_dim_00': 409, 'mlp_dim_01': 493, 'node_hidden_dim': 54, 'edge_hidden_dim': 37, 'depth': 4, 'rep_dropout': 0.2406001221363671, 'train_learning_rate': 0.0026794205153805543, 'train_lr_reduce': 0.6}. Best is trial 156 with value: 0.33254924416542053.
[I 2024-12-19 07:47:48,246] Trial 407 finished with value: 1.4799028635025024 and parameters: {'mlp_n_layers': 4, 'mlp_dim_00': 68, 'mlp_dim_01': 95, 'mlp_dim_02': 188, 'mlp_dim_03': 82, 'node_hidden_dim': 82, 'edge_hidden_dim': 104, 'depth': 3, 'rep_dropout': 0.24917270156978552, 'train_learning_rate': 0.00566040508583865, 'train_lr_reduce': 0.6}. Best is trial 156 with value: 0.33254924416542053.
[I 2024-12-19 07:47:51,551] Trial 409 finished with value: 1.4252092838287354 and parameters: {'mlp_n_layers': 3, 'mlp_dim_00': 125, 'mlp_dim_01': 92, 'mlp_dim_02': 180, 'node_hidden_dim': 65, 'edge_hidden_dim': 85, 'depth': 2, 'rep_dropout': 0.1240452347046098, 'train_learning_rate': 0.009579849950967013, 'train_lr_reduce': 0.6}. Best is trial 156 with value: 0.33254924416542053.
[I 2024-12-19 07:47:53,266] Trial 410 finished with value: 1.4668225049972534 and parameters: {'mlp_n_layers': 4, 'mlp_dim_00': 512, 'mlp_dim_01': 430, 'mlp_dim_02': 216, 'mlp_dim_03': 316, 'node_hidden_dim': 122, 'edge_hidden_dim': 113, 'depth': 2, 'rep_dropout': 0.17974694638942232, 'train_learning_rate': 0.007243001545085138, 'train_lr_reduce': 0.6}. Best is trial 156 with value: 0.33254924416542053.
[I 2024-12-19 07:47:59,792] Trial 408 finished with value: 0.4939752221107483 and parameters: {'mlp_n_layers': 4, 'mlp_dim_00': 221, 'mlp_dim_01': 73, 'mlp_dim_02': 192, 'mlp_dim_03': 71, 'node_hidden_dim': 71, 'edge_hidden_dim': 78, 'depth': 2, 'rep_dropout': 0.11312430251273886, 'train_learning_rate': 0.005247045778088441, 'train_lr_reduce': 0.6}. Best is trial 156 with value: 0.33254924416542053.
[I 2024-12-19 07:47:59,798] Trial 411 finished with value: 1.3676164150238037 and parameters: {'mlp_n_layers': 3, 'mlp_dim_00': 96, 'mlp_dim_01': 91, 'mlp_dim_02': 184, 'node_hidden_dim': 60, 'edge_hidden_dim': 55, 'depth': 2, 'rep_dropout': 0.07635387880280965, 'train_learning_rate': 0.002486276239897593, 'train_lr_reduce': 0.6}. Best is trial 156 with value: 0.33254924416542053.
[I 2024-12-19 07:48:04,204] Trial 412 finished with value: 1.4489692449569702 and parameters: {'mlp_n_layers': 3, 'mlp_dim_00': 474, 'mlp_dim_01': 342, 'mlp_dim_02': 200, 'node_hidden_dim': 108, 'edge_hidden_dim': 102, 'depth': 2, 'rep_dropout': 0.12509811599424556, 'train_learning_rate': 0.0007512577461435146, 'train_lr_reduce': 0.6}. Best is trial 156 with value: 0.33254924416542053.
[I 2024-12-19 07:48:06,703] Trial 413 finished with value: 1.4704176187515259 and parameters: {'mlp_n_layers': 4, 'mlp_dim_00': 225, 'mlp_dim_01': 271, 'mlp_dim_02': 182, 'mlp_dim_03': 86, 'node_hidden_dim': 122, 'edge_hidden_dim': 66, 'depth': 2, 'rep_dropout': 0.038899780747364596, 'train_learning_rate': 0.0019189330411195048, 'train_lr_reduce': 0.6}. Best is trial 156 with value: 0.33254924416542053.
[I 2024-12-19 07:48:07,563] Trial 414 finished with value: 1.3874435424804688 and parameters: {'mlp_n_layers': 3, 'mlp_dim_00': 73, 'mlp_dim_01': 125, 'mlp_dim_02': 191, 'node_hidden_dim': 58, 'edge_hidden_dim': 76, 'depth': 2, 'rep_dropout': 0.1827833890148838, 'train_learning_rate': 0.007578240756875078, 'train_lr_reduce': 0.6}. Best is trial 156 with value: 0.33254924416542053.
[I 2024-12-19 07:48:09,372] Trial 415 finished with value: 1.391975998878479 and parameters: {'mlp_n_layers': 4, 'mlp_dim_00': 416, 'mlp_dim_01': 115, 'mlp_dim_02': 200, 'mlp_dim_03': 80, 'node_hidden_dim': 125, 'edge_hidden_dim': 77, 'depth': 3, 'rep_dropout': 0.08646701886249952, 'train_learning_rate': 0.0063656955469005, 'train_lr_reduce': 0.6}. Best is trial 156 with value: 0.33254924416542053.
[I 2024-12-19 07:48:12,386] Trial 417 finished with value: 1.5220104455947876 and parameters: {'mlp_n_layers': 4, 'mlp_dim_00': 319, 'mlp_dim_01': 95, 'mlp_dim_02': 186, 'mlp_dim_03': 78, 'node_hidden_dim': 68, 'edge_hidden_dim': 84, 'depth': 3, 'rep_dropout': 0.14420312848151595, 'train_learning_rate': 0.0022950733971416424, 'train_lr_reduce': 0.6}. Best is trial 156 with value: 0.33254924416542053.
[I 2024-12-19 07:48:13,157] Trial 418 finished with value: 1.5667154788970947 and parameters: {'mlp_n_layers': 4, 'mlp_dim_00': 261, 'mlp_dim_01': 72, 'mlp_dim_02': 240, 'mlp_dim_03': 70, 'node_hidden_dim': 75, 'edge_hidden_dim': 69, 'depth': 2, 'rep_dropout': 0.0954743534506371, 'train_learning_rate': 0.001376515591588402, 'train_lr_reduce': 0.6}. Best is trial 156 with value: 0.33254924416542053.
[I 2024-12-19 07:48:16,341] Trial 416 finished with value: 1.3389939069747925 and parameters: {'mlp_n_layers': 4, 'mlp_dim_00': 178, 'mlp_dim_01': 98, 'mlp_dim_02': 229, 'mlp_dim_03': 65, 'node_hidden_dim': 85, 'edge_hidden_dim': 68, 'depth': 3, 'rep_dropout': 0.1052980112652457, 'train_learning_rate': 0.0071756643603682006, 'train_lr_reduce': 0.6}. Best is trial 156 with value: 0.33254924416542053.
[I 2024-12-19 07:48:17,468] Trial 420 finished with value: 1.4234923124313354 and parameters: {'mlp_n_layers': 4, 'mlp_dim_00': 239, 'mlp_dim_01': 178, 'mlp_dim_02': 248, 'mlp_dim_03': 129, 'node_hidden_dim': 81, 'edge_hidden_dim': 81, 'depth': 2, 'rep_dropout': 0.12013849039357719, 'train_learning_rate': 0.008343614238782094, 'train_lr_reduce': 0.6}. Best is trial 156 with value: 0.33254924416542053.
[I 2024-12-19 07:48:19,586] Trial 419 finished with value: 1.3848633766174316 and parameters: {'mlp_n_layers': 4, 'mlp_dim_00': 274, 'mlp_dim_01': 85, 'mlp_dim_02': 377, 'mlp_dim_03': 116, 'node_hidden_dim': 55, 'edge_hidden_dim': 76, 'depth': 2, 'rep_dropout': 0.0966589196305786, 'train_learning_rate': 0.003651275056325791, 'train_lr_reduce': 0.6}. Best is trial 156 with value: 0.33254924416542053.
[I 2024-12-19 07:48:20,476] Trial 421 finished with value: 1.4632973670959473 and parameters: {'mlp_n_layers': 4, 'mlp_dim_00': 342, 'mlp_dim_01': 140, 'mlp_dim_02': 188, 'mlp_dim_03': 130, 'node_hidden_dim': 126, 'edge_hidden_dim': 68, 'depth': 2, 'rep_dropout': 0.08006861365857505, 'train_learning_rate': 0.003949777500594783, 'train_lr_reduce': 0.6}. Best is trial 156 with value: 0.33254924416542053.
[I 2024-12-19 07:48:21,503] Trial 422 finished with value: 1.5167165994644165 and parameters: {'mlp_n_layers': 3, 'mlp_dim_00': 162, 'mlp_dim_01': 82, 'mlp_dim_02': 274, 'node_hidden_dim': 84, 'edge_hidden_dim': 77, 'depth': 2, 'rep_dropout': 0.1333172012607137, 'train_learning_rate': 0.0017777465915794605, 'train_lr_reduce': 0.6}. Best is trial 156 with value: 0.33254924416542053.
[I 2024-12-19 07:48:24,516] Trial 423 finished with value: 1.5734456777572632 and parameters: {'mlp_n_layers': 4, 'mlp_dim_00': 84, 'mlp_dim_01': 156, 'mlp_dim_02': 175, 'mlp_dim_03': 308, 'node_hidden_dim': 54, 'edge_hidden_dim': 74, 'depth': 2, 'rep_dropout': 0.19375730887157758, 'train_learning_rate': 0.0018097241616569484, 'train_lr_reduce': 0.6}. Best is trial 156 with value: 0.33254924416542053.
[I 2024-12-19 07:48:29,003] Trial 424 finished with value: 1.5832840204238892 and parameters: {'mlp_n_layers': 3, 'mlp_dim_00': 155, 'mlp_dim_01': 115, 'mlp_dim_02': 235, 'node_hidden_dim': 49, 'edge_hidden_dim': 36, 'depth': 4, 'rep_dropout': 0.2427407443800534, 'train_learning_rate': 0.00034696235030925765, 'train_lr_reduce': 0.6}. Best is trial 156 with value: 0.33254924416542053.
[I 2024-12-19 07:48:33,395] Trial 427 finished with value: 1.3476295471191406 and parameters: {'mlp_n_layers': 3, 'mlp_dim_00': 72, 'mlp_dim_01': 124, 'mlp_dim_02': 420, 'node_hidden_dim': 95, 'edge_hidden_dim': 70, 'depth': 2, 'rep_dropout': 0.24744331548783494, 'train_learning_rate': 0.008310557525026447, 'train_lr_reduce': 0.6}. Best is trial 156 with value: 0.33254924416542053.
[I 2024-12-19 07:48:35,251] Trial 425 finished with value: 0.3991132974624634 and parameters: {'mlp_n_layers': 4, 'mlp_dim_00': 136, 'mlp_dim_01': 84, 'mlp_dim_02': 282, 'mlp_dim_03': 64, 'node_hidden_dim': 117, 'edge_hidden_dim': 54, 'depth': 2, 'rep_dropout': 0.006788965999894651, 'train_learning_rate': 0.004689147798005714, 'train_lr_reduce': 0.6}. Best is trial 156 with value: 0.33254924416542053.
[I 2024-12-19 07:48:39,429] Trial 429 finished with value: 1.325203776359558 and parameters: {'mlp_n_layers': 4, 'mlp_dim_00': 100, 'mlp_dim_01': 125, 'mlp_dim_02': 332, 'mlp_dim_03': 77, 'node_hidden_dim': 123, 'edge_hidden_dim': 35, 'depth': 2, 'rep_dropout': 0.0782262048166207, 'train_learning_rate': 0.007938514337705042, 'train_lr_reduce': 0.6}. Best is trial 156 with value: 0.33254924416542053.
[I 2024-12-19 07:48:39,719] Trial 426 finished with value: 0.42896097898483276 and parameters: {'mlp_n_layers': 4, 'mlp_dim_00': 504, 'mlp_dim_01': 265, 'mlp_dim_02': 511, 'mlp_dim_03': 137, 'node_hidden_dim': 95, 'edge_hidden_dim': 108, 'depth': 2, 'rep_dropout': 0.08842770748016844, 'train_learning_rate': 0.002630995950516274, 'train_lr_reduce': 0.6}. Best is trial 156 with value: 0.33254924416542053.
[I 2024-12-19 07:48:40,551] Trial 428 finished with value: 1.3679901361465454 and parameters: {'mlp_n_layers': 3, 'mlp_dim_00': 130, 'mlp_dim_01': 116, 'mlp_dim_02': 193, 'node_hidden_dim': 60, 'edge_hidden_dim': 99, 'depth': 2, 'rep_dropout': 0.15272830570314644, 'train_learning_rate': 0.0035236176777471424, 'train_lr_reduce': 0.6}. Best is trial 156 with value: 0.33254924416542053.
[I 2024-12-19 07:48:45,090] Trial 432 finished with value: 1.5301731824874878 and parameters: {'mlp_n_layers': 3, 'mlp_dim_00': 177, 'mlp_dim_01': 136, 'mlp_dim_02': 422, 'node_hidden_dim': 110, 'edge_hidden_dim': 33, 'depth': 2, 'rep_dropout': 0.037905349227116476, 'train_learning_rate': 0.002463828906894228, 'train_lr_reduce': 0.6}. Best is trial 156 with value: 0.33254924416542053.
[I 2024-12-19 07:48:45,879] Trial 431 finished with value: 1.419554591178894 and parameters: {'mlp_n_layers': 4, 'mlp_dim_00': 430, 'mlp_dim_01': 233, 'mlp_dim_02': 487, 'mlp_dim_03': 111, 'node_hidden_dim': 99, 'edge_hidden_dim': 114, 'depth': 2, 'rep_dropout': 0.08270906391461237, 'train_learning_rate': 0.0020689635483403628, 'train_lr_reduce': 0.6}. Best is trial 156 with value: 0.33254924416542053.
[I 2024-12-19 07:48:52,879] Trial 434 finished with value: 1.4893349409103394 and parameters: {'mlp_n_layers': 4, 'mlp_dim_00': 171, 'mlp_dim_01': 202, 'mlp_dim_02': 161, 'mlp_dim_03': 128, 'node_hidden_dim': 124, 'edge_hidden_dim': 92, 'depth': 3, 'rep_dropout': 0.07034308215404952, 'train_learning_rate': 0.003258456975098257, 'train_lr_reduce': 0.6}. Best is trial 156 with value: 0.33254924416542053.
[I 2024-12-19 07:48:53,167] Trial 430 finished with value: 1.1242233514785767 and parameters: {'mlp_n_layers': 4, 'mlp_dim_00': 74, 'mlp_dim_01': 67, 'mlp_dim_02': 471, 'mlp_dim_03': 69, 'node_hidden_dim': 118, 'edge_hidden_dim': 58, 'depth': 2, 'rep_dropout': 0.050523178077521116, 'train_learning_rate': 0.0027684218723695885, 'train_lr_reduce': 0.6}. Best is trial 156 with value: 0.33254924416542053.
[I 2024-12-19 07:48:56,771] Trial 433 finished with value: 0.6421653032302856 and parameters: {'mlp_n_layers': 4, 'mlp_dim_00': 223, 'mlp_dim_01': 271, 'mlp_dim_02': 487, 'mlp_dim_03': 77, 'node_hidden_dim': 125, 'edge_hidden_dim': 65, 'depth': 2, 'rep_dropout': 0.12145101433178612, 'train_learning_rate': 0.00795663977109181, 'train_lr_reduce': 0.6}. Best is trial 156 with value: 0.33254924416542053.
[I 2024-12-19 07:48:57,626] Trial 436 finished with value: 1.3234776258468628 and parameters: {'mlp_n_layers': 4, 'mlp_dim_00': 219, 'mlp_dim_01': 70, 'mlp_dim_02': 494, 'mlp_dim_03': 474, 'node_hidden_dim': 68, 'edge_hidden_dim': 94, 'depth': 2, 'rep_dropout': 0.10235934693885915, 'train_learning_rate': 0.006239869370327307, 'train_lr_reduce': 0.6}. Best is trial 156 with value: 0.33254924416542053.
[I 2024-12-19 07:49:02,523] Trial 435 finished with value: 1.4022492170333862 and parameters: {'mlp_n_layers': 4, 'mlp_dim_00': 101, 'mlp_dim_01': 108, 'mlp_dim_02': 169, 'mlp_dim_03': 127, 'node_hidden_dim': 88, 'edge_hidden_dim': 69, 'depth': 3, 'rep_dropout': 0.003297490014220154, 'train_learning_rate': 0.0031149005988664945, 'train_lr_reduce': 0.6}. Best is trial 156 with value: 0.33254924416542053.
[I 2024-12-19 07:49:03,038] Trial 437 finished with value: 1.4129589796066284 and parameters: {'mlp_n_layers': 4, 'mlp_dim_00': 499, 'mlp_dim_01': 245, 'mlp_dim_02': 426, 'mlp_dim_03': 71, 'node_hidden_dim': 77, 'edge_hidden_dim': 118, 'depth': 3, 'rep_dropout': 0.07938194488436622, 'train_learning_rate': 0.001757241436961598, 'train_lr_reduce': 0.6}. Best is trial 156 with value: 0.33254924416542053.
[I 2024-12-19 07:49:06,970] Trial 439 finished with value: 1.289870262145996 and parameters: {'mlp_n_layers': 4, 'mlp_dim_00': 152, 'mlp_dim_01': 309, 'mlp_dim_02': 479, 'mlp_dim_03': 66, 'node_hidden_dim': 96, 'edge_hidden_dim': 52, 'depth': 3, 'rep_dropout': 0.15147442006275644, 'train_learning_rate': 0.008324653968782236, 'train_lr_reduce': 0.6}. Best is trial 156 with value: 0.33254924416542053.
[I 2024-12-19 07:49:08,429] Trial 440 finished with value: 1.5462661981582642 and parameters: {'mlp_n_layers': 4, 'mlp_dim_00': 116, 'mlp_dim_01': 71, 'mlp_dim_02': 483, 'mlp_dim_03': 65, 'node_hidden_dim': 45, 'edge_hidden_dim': 86, 'depth': 3, 'rep_dropout': 0.1558859942308538, 'train_learning_rate': 0.0051996845884072435, 'train_lr_reduce': 0.6}. Best is trial 156 with value: 0.33254924416542053.
[I 2024-12-19 07:49:11,831] Trial 438 finished with value: 0.736958384513855 and parameters: {'mlp_n_layers': 4, 'mlp_dim_00': 153, 'mlp_dim_01': 80, 'mlp_dim_02': 488, 'mlp_dim_03': 64, 'node_hidden_dim': 100, 'edge_hidden_dim': 62, 'depth': 2, 'rep_dropout': 0.025847704790884194, 'train_learning_rate': 0.0056863718788156365, 'train_lr_reduce': 0.6}. Best is trial 156 with value: 0.33254924416542053.
[I 2024-12-19 07:49:12,690] Trial 442 finished with value: 1.4257036447525024 and parameters: {'mlp_n_layers': 4, 'mlp_dim_00': 123, 'mlp_dim_01': 288, 'mlp_dim_02': 493, 'mlp_dim_03': 128, 'node_hidden_dim': 123, 'edge_hidden_dim': 75, 'depth': 2, 'rep_dropout': 0.12169093147243236, 'train_learning_rate': 0.004313669525719881, 'train_lr_reduce': 0.6}. Best is trial 156 with value: 0.33254924416542053.
[I 2024-12-19 07:49:12,737] Trial 441 finished with value: 1.5544687509536743 and parameters: {'mlp_n_layers': 4, 'mlp_dim_00': 141, 'mlp_dim_01': 135, 'mlp_dim_02': 509, 'mlp_dim_03': 121, 'node_hidden_dim': 64, 'edge_hidden_dim': 55, 'depth': 2, 'rep_dropout': 0.1557044925239942, 'train_learning_rate': 0.0041348342267008495, 'train_lr_reduce': 0.6}. Best is trial 156 with value: 0.33254924416542053.
[I 2024-12-19 07:49:16,612] Trial 443 finished with value: 1.2932837009429932 and parameters: {'mlp_n_layers': 2, 'mlp_dim_00': 243, 'mlp_dim_01': 273, 'node_hidden_dim': 64, 'edge_hidden_dim': 65, 'depth': 4, 'rep_dropout': 0.18474672379634177, 'train_learning_rate': 0.00705116968657287, 'train_lr_reduce': 0.6}. Best is trial 156 with value: 0.33254924416542053.
