[I 2024-12-19 19:04:47,873] Trial 718 finished with value: 1.644118309020996 and parameters: {'mlp_n_layers': 4, 'mlp_dim_00': 485, 'mlp_dim_01': 428, 'mlp_dim_02': 428, 'mlp_dim_03': 383, 'node_hidden_dim': 74, 'edge_hidden_dim': 50, 'depth': 1, 'rep_dropout': 0.10920907068453746, 'train_learning_rate': 0.0012273836464066809, 'train_lr_reduce': 0.6}. Best is trial 122 with value: 0.09548358619213104.
[I 2024-12-19 19:05:02,981] Trial 716 finished with value: 0.12759435176849365 and parameters: {'mlp_n_layers': 4, 'mlp_dim_00': 429, 'mlp_dim_01': 461, 'mlp_dim_02': 430, 'mlp_dim_03': 231, 'node_hidden_dim': 78, 'edge_hidden_dim': 33, 'depth': 1, 'rep_dropout': 0.0832798859422601, 'train_learning_rate': 0.0014214905969082503, 'train_lr_reduce': 0.6}. Best is trial 122 with value: 0.09548358619213104.
[I 2024-12-19 19:05:17,452] Trial 720 finished with value: 0.17515726387500763 and parameters: {'mlp_n_layers': 3, 'mlp_dim_00': 484, 'mlp_dim_01': 415, 'mlp_dim_02': 64, 'node_hidden_dim': 84, 'edge_hidden_dim': 35, 'depth': 1, 'rep_dropout': 0.08637345234729799, 'train_learning_rate': 0.0011143348625559694, 'train_lr_reduce': 0.6}. Best is trial 122 with value: 0.09548358619213104.
[I 2024-12-19 19:05:17,619] Trial 721 finished with value: 1.3126931190490723 and parameters: {'mlp_n_layers': 3, 'mlp_dim_00': 456, 'mlp_dim_01': 465, 'mlp_dim_02': 410, 'node_hidden_dim': 85, 'edge_hidden_dim': 97, 'depth': 4, 'rep_dropout': 0.09087147895450062, 'train_learning_rate': 0.0005357959973939112, 'train_lr_reduce': 0.6}. Best is trial 122 with value: 0.09548358619213104.
[I 2024-12-19 19:05:30,037] Trial 719 finished with value: 0.12367917597293854 and parameters: {'mlp_n_layers': 4, 'mlp_dim_00': 489, 'mlp_dim_01': 468, 'mlp_dim_02': 466, 'mlp_dim_03': 378, 'node_hidden_dim': 56, 'edge_hidden_dim': 38, 'depth': 1, 'rep_dropout': 0.07793579742535486, 'train_learning_rate': 0.0008695100248504161, 'train_lr_reduce': 0.6}. Best is trial 122 with value: 0.09548358619213104.
[I 2024-12-19 19:05:48,444] Trial 723 finished with value: 0.19065247476100922 and parameters: {'mlp_n_layers': 4, 'mlp_dim_00': 477, 'mlp_dim_01': 415, 'mlp_dim_02': 411, 'mlp_dim_03': 329, 'node_hidden_dim': 70, 'edge_hidden_dim': 50, 'depth': 1, 'rep_dropout': 0.10061929286839198, 'train_learning_rate': 0.0008498758373720475, 'train_lr_reduce': 0.6}. Best is trial 122 with value: 0.09548358619213104.
[I 2024-12-19 19:06:05,207] Trial 722 finished with value: 0.11334119737148285 and parameters: {'mlp_n_layers': 4, 'mlp_dim_00': 462, 'mlp_dim_01': 473, 'mlp_dim_02': 504, 'mlp_dim_03': 415, 'node_hidden_dim': 97, 'edge_hidden_dim': 55, 'depth': 1, 'rep_dropout': 0.08456991600051843, 'train_learning_rate': 0.0007991682604657171, 'train_lr_reduce': 0.6}. Best is trial 122 with value: 0.09548358619213104.
[I 2024-12-19 19:06:15,920] Trial 724 finished with value: 0.10960881412029266 and parameters: {'mlp_n_layers': 4, 'mlp_dim_00': 484, 'mlp_dim_01': 475, 'mlp_dim_02': 508, 'mlp_dim_03': 394, 'node_hidden_dim': 113, 'edge_hidden_dim': 53, 'depth': 1, 'rep_dropout': 0.11089966453600764, 'train_learning_rate': 0.0006226521014195544, 'train_lr_reduce': 0.6}. Best is trial 122 with value: 0.09548358619213104.
[I 2024-12-19 19:06:16,090] Trial 725 finished with value: 0.18628115952014923 and parameters: {'mlp_n_layers': 4, 'mlp_dim_00': 302, 'mlp_dim_01': 472, 'mlp_dim_02': 380, 'mlp_dim_03': 197, 'node_hidden_dim': 95, 'edge_hidden_dim': 78, 'depth': 1, 'rep_dropout': 0.07887686020629624, 'train_learning_rate': 0.0005299148329427258, 'train_lr_reduce': 0.6}. Best is trial 122 with value: 0.09548358619213104.
[I 2024-12-19 19:06:29,068] Trial 726 finished with value: 0.23614953458309174 and parameters: {'mlp_n_layers': 4, 'mlp_dim_00': 509, 'mlp_dim_01': 512, 'mlp_dim_02': 67, 'mlp_dim_03': 416, 'node_hidden_dim': 91, 'edge_hidden_dim': 36, 'depth': 1, 'rep_dropout': 0.08008332532438037, 'train_learning_rate': 0.0016903940821391705, 'train_lr_reduce': 0.6}. Best is trial 122 with value: 0.09548358619213104.
[I 2024-12-19 19:06:35,107] Trial 727 finished with value: 0.24100805819034576 and parameters: {'mlp_n_layers': 3, 'mlp_dim_00': 369, 'mlp_dim_01': 431, 'mlp_dim_02': 434, 'node_hidden_dim': 75, 'edge_hidden_dim': 80, 'depth': 1, 'rep_dropout': 0.13183870808581657, 'train_learning_rate': 0.0009353057424028609, 'train_lr_reduce': 0.6}. Best is trial 122 with value: 0.09548358619213104.
[I 2024-12-19 19:07:00,947] Trial 728 finished with value: 0.11878180503845215 and parameters: {'mlp_n_layers': 3, 'mlp_dim_00': 512, 'mlp_dim_01': 472, 'mlp_dim_02': 378, 'node_hidden_dim': 104, 'edge_hidden_dim': 46, 'depth': 1, 'rep_dropout': 0.14060218124908405, 'train_learning_rate': 0.0006079631888203618, 'train_lr_reduce': 0.6}. Best is trial 122 with value: 0.09548358619213104.
[I 2024-12-19 19:07:02,377] Trial 730 finished with value: 0.17085124552249908 and parameters: {'mlp_n_layers': 4, 'mlp_dim_00': 453, 'mlp_dim_01': 238, 'mlp_dim_02': 391, 'mlp_dim_03': 422, 'node_hidden_dim': 125, 'edge_hidden_dim': 70, 'depth': 1, 'rep_dropout': 0.08412673971266327, 'train_learning_rate': 0.001354746783646473, 'train_lr_reduce': 0.6}. Best is trial 122 with value: 0.09548358619213104.
[I 2024-12-19 19:07:05,138] Trial 731 finished with value: 1.5736963748931885 and parameters: {'mlp_n_layers': 1, 'mlp_dim_00': 204, 'node_hidden_dim': 55, 'edge_hidden_dim': 72, 'depth': 2, 'rep_dropout': 0.049571758400362, 'train_learning_rate': 0.007855835899110564, 'train_lr_reduce': 0.6}. Best is trial 122 with value: 0.09548358619213104.
[I 2024-12-19 19:07:15,257] Trial 729 finished with value: 0.13831211626529694 and parameters: {'mlp_n_layers': 4, 'mlp_dim_00': 441, 'mlp_dim_01': 422, 'mlp_dim_02': 465, 'mlp_dim_03': 256, 'node_hidden_dim': 59, 'edge_hidden_dim': 42, 'depth': 1, 'rep_dropout': 0.11073315071250513, 'train_learning_rate': 0.0005954749586374723, 'train_lr_reduce': 0.6}. Best is trial 122 with value: 0.09548358619213104.
[I 2024-12-19 19:07:21,191] Trial 734 finished with value: 1.6422208547592163 and parameters: {'mlp_n_layers': 1, 'mlp_dim_00': 372, 'node_hidden_dim': 123, 'edge_hidden_dim': 42, 'depth': 3, 'rep_dropout': 0.14677777905910777, 'train_learning_rate': 0.00014497929575841342, 'train_lr_reduce': 0.6}. Best is trial 122 with value: 0.09548358619213104.
[I 2024-12-19 19:07:27,055] Trial 735 finished with value: 1.6638909578323364 and parameters: {'mlp_n_layers': 3, 'mlp_dim_00': 92, 'mlp_dim_01': 512, 'mlp_dim_02': 384, 'node_hidden_dim': 40, 'edge_hidden_dim': 70, 'depth': 4, 'rep_dropout': 0.14719622927942116, 'train_learning_rate': 0.0005479556011756713, 'train_lr_reduce': 0.6}. Best is trial 122 with value: 0.09548358619213104.
[I 2024-12-19 19:07:31,692] Trial 736 finished with value: 1.5579580068588257 and parameters: {'mlp_n_layers': 3, 'mlp_dim_00': 496, 'mlp_dim_01': 416, 'mlp_dim_02': 511, 'node_hidden_dim': 59, 'edge_hidden_dim': 37, 'depth': 1, 'rep_dropout': 0.04379915601997169, 'train_learning_rate': 0.0029229192301395194, 'train_lr_reduce': 0.6}. Best is trial 122 with value: 0.09548358619213104.
[I 2024-12-19 19:07:45,649] Trial 732 finished with value: 0.10160721838474274 and parameters: {'mlp_n_layers': 4, 'mlp_dim_00': 405, 'mlp_dim_01': 477, 'mlp_dim_02': 343, 'mlp_dim_03': 507, 'node_hidden_dim': 88, 'edge_hidden_dim': 75, 'depth': 1, 'rep_dropout': 0.14730431581848283, 'train_learning_rate': 0.0008447018795729673, 'train_lr_reduce': 0.6}. Best is trial 122 with value: 0.09548358619213104.
[I 2024-12-19 19:07:46,440] Trial 733 finished with value: 0.10930291563272476 and parameters: {'mlp_n_layers': 4, 'mlp_dim_00': 341, 'mlp_dim_01': 471, 'mlp_dim_02': 440, 'mlp_dim_03': 381, 'node_hidden_dim': 106, 'edge_hidden_dim': 65, 'depth': 1, 'rep_dropout': 0.08416849329948185, 'train_learning_rate': 0.0009170044510015873, 'train_lr_reduce': 0.6}. Best is trial 122 with value: 0.09548358619213104.
[I 2024-12-19 19:08:05,255] Trial 737 finished with value: 0.09964296966791153 and parameters: {'mlp_n_layers': 4, 'mlp_dim_00': 468, 'mlp_dim_01': 433, 'mlp_dim_02': 335, 'mlp_dim_03': 434, 'node_hidden_dim': 40, 'edge_hidden_dim': 50, 'depth': 1, 'rep_dropout': 0.1020374557831643, 'train_learning_rate': 0.0021482738418942505, 'train_lr_reduce': 0.6}. Best is trial 122 with value: 0.09548358619213104.
[I 2024-12-19 19:08:25,595] Trial 739 finished with value: 0.12095526605844498 and parameters: {'mlp_n_layers': 4, 'mlp_dim_00': 470, 'mlp_dim_01': 510, 'mlp_dim_02': 340, 'mlp_dim_03': 488, 'node_hidden_dim': 55, 'edge_hidden_dim': 33, 'depth': 1, 'rep_dropout': 0.04003772305149767, 'train_learning_rate': 0.0017245383793359226, 'train_lr_reduce': 0.6}. Best is trial 122 with value: 0.09548358619213104.
[I 2024-12-19 19:08:27,422] Trial 738 finished with value: 0.10678042471408844 and parameters: {'mlp_n_layers': 4, 'mlp_dim_00': 401, 'mlp_dim_01': 475, 'mlp_dim_02': 339, 'mlp_dim_03': 499, 'node_hidden_dim': 82, 'edge_hidden_dim': 65, 'depth': 1, 'rep_dropout': 0.14768789820955341, 'train_learning_rate': 0.0011678432194794348, 'train_lr_reduce': 0.6}. Best is trial 122 with value: 0.09548358619213104.
[I 2024-12-19 19:08:41,966] Trial 740 finished with value: 0.23693767189979553 and parameters: {'mlp_n_layers': 3, 'mlp_dim_00': 367, 'mlp_dim_01': 447, 'mlp_dim_02': 342, 'node_hidden_dim': 106, 'edge_hidden_dim': 69, 'depth': 1, 'rep_dropout': 0.14373436309358512, 'train_learning_rate': 0.0034379492640111515, 'train_lr_reduce': 0.6}. Best is trial 122 with value: 0.09548358619213104.
[I 2024-12-19 19:08:47,073] Trial 743 finished with value: 1.6341592073440552 and parameters: {'mlp_n_layers': 4, 'mlp_dim_00': 449, 'mlp_dim_01': 467, 'mlp_dim_02': 357, 'mlp_dim_03': 512, 'node_hidden_dim': 62, 'edge_hidden_dim': 53, 'depth': 1, 'rep_dropout': 0.11646791347490297, 'train_learning_rate': 0.00124887627926878, 'train_lr_reduce': 0.6}. Best is trial 122 with value: 0.09548358619213104.
[I 2024-12-19 19:08:51,956] Trial 741 finished with value: 0.198856920003891 and parameters: {'mlp_n_layers': 4, 'mlp_dim_00': 503, 'mlp_dim_01': 432, 'mlp_dim_02': 381, 'mlp_dim_03': 510, 'node_hidden_dim': 33, 'edge_hidden_dim': 71, 'depth': 1, 'rep_dropout': 0.08957393814332806, 'train_learning_rate': 0.008366694223116379, 'train_lr_reduce': 0.6}. Best is trial 122 with value: 0.09548358619213104.
[I 2024-12-19 19:09:09,463] Trial 742 finished with value: 0.20800377428531647 and parameters: {'mlp_n_layers': 3, 'mlp_dim_00': 440, 'mlp_dim_01': 474, 'mlp_dim_02': 358, 'node_hidden_dim': 89, 'edge_hidden_dim': 74, 'depth': 1, 'rep_dropout': 0.1432302103445186, 'train_learning_rate': 0.0014877282905828434, 'train_lr_reduce': 0.6}. Best is trial 122 with value: 0.09548358619213104.
[I 2024-12-19 19:09:14,847] Trial 746 finished with value: 1.5709288120269775 and parameters: {'mlp_n_layers': 4, 'mlp_dim_00': 401, 'mlp_dim_01': 430, 'mlp_dim_02': 369, 'mlp_dim_03': 290, 'node_hidden_dim': 90, 'edge_hidden_dim': 78, 'depth': 2, 'rep_dropout': 0.14763124397130478, 'train_learning_rate': 0.00397338949755662, 'train_lr_reduce': 0.6}. Best is trial 122 with value: 0.09548358619213104.
[I 2024-12-19 19:09:19,982] Trial 747 finished with value: 1.6281089782714844 and parameters: {'mlp_n_layers': 4, 'mlp_dim_00': 369, 'mlp_dim_01': 470, 'mlp_dim_02': 349, 'mlp_dim_03': 388, 'node_hidden_dim': 33, 'edge_hidden_dim': 75, 'depth': 1, 'rep_dropout': 0.08893554809792278, 'train_learning_rate': 0.0020313557758821527, 'train_lr_reduce': 0.6}. Best is trial 122 with value: 0.09548358619213104.
[I 2024-12-19 19:09:28,708] Trial 745 finished with value: 0.11297623813152313 and parameters: {'mlp_n_layers': 3, 'mlp_dim_00': 402, 'mlp_dim_01': 474, 'mlp_dim_02': 398, 'node_hidden_dim': 93, 'edge_hidden_dim': 53, 'depth': 1, 'rep_dropout': 0.14831628523847318, 'train_learning_rate': 0.0009524570648393704, 'train_lr_reduce': 0.6}. Best is trial 122 with value: 0.09548358619213104.
[I 2024-12-19 19:09:29,147] Trial 744 finished with value: 0.1220138669013977 and parameters: {'mlp_n_layers': 4, 'mlp_dim_00': 486, 'mlp_dim_01': 401, 'mlp_dim_02': 320, 'mlp_dim_03': 353, 'node_hidden_dim': 56, 'edge_hidden_dim': 70, 'depth': 2, 'rep_dropout': 0.06911687322278776, 'train_learning_rate': 0.0024818859770504116, 'train_lr_reduce': 0.6}. Best is trial 122 with value: 0.09548358619213104.
[I 2024-12-19 19:09:33,225] Trial 749 finished with value: 1.6525428295135498 and parameters: {'mlp_n_layers': 1, 'mlp_dim_00': 264, 'node_hidden_dim': 33, 'edge_hidden_dim': 58, 'depth': 1, 'rep_dropout': 0.03393725019323871, 'train_learning_rate': 0.0007345024672110748, 'train_lr_reduce': 0.6}. Best is trial 122 with value: 0.09548358619213104.
[I 2024-12-19 19:09:33,575] Trial 750 finished with value: 1.621912956237793 and parameters: {'mlp_n_layers': 4, 'mlp_dim_00': 447, 'mlp_dim_01': 402, 'mlp_dim_02': 426, 'mlp_dim_03': 421, 'node_hidden_dim': 44, 'edge_hidden_dim': 57, 'depth': 1, 'rep_dropout': 0.09175804317772436, 'train_learning_rate': 0.001746442738692616, 'train_lr_reduce': 0.6}. Best is trial 122 with value: 0.09548358619213104.
[I 2024-12-19 19:09:38,299] Trial 752 finished with value: 1.6431156396865845 and parameters: {'mlp_n_layers': 3, 'mlp_dim_00': 512, 'mlp_dim_01': 435, 'mlp_dim_02': 398, 'node_hidden_dim': 65, 'edge_hidden_dim': 35, 'depth': 2, 'rep_dropout': 0.10930730314641741, 'train_learning_rate': 0.0005429861272184178, 'train_lr_reduce': 0.6}. Best is trial 122 with value: 0.09548358619213104.
[I 2024-12-19 19:09:38,528] Trial 751 finished with value: 1.6240488290786743 and parameters: {'mlp_n_layers': 4, 'mlp_dim_00': 457, 'mlp_dim_01': 467, 'mlp_dim_02': 326, 'mlp_dim_03': 323, 'node_hidden_dim': 49, 'edge_hidden_dim': 34, 'depth': 1, 'rep_dropout': 0.06594891364550254, 'train_learning_rate': 0.005505165633198713, 'train_lr_reduce': 0.6}. Best is trial 122 with value: 0.09548358619213104.
[I 2024-12-19 19:09:42,996] Trial 753 finished with value: 1.6658581495285034 and parameters: {'mlp_n_layers': 1, 'mlp_dim_00': 197, 'node_hidden_dim': 125, 'edge_hidden_dim': 84, 'depth': 3, 'rep_dropout': 0.015513644579701724, 'train_learning_rate': 0.00011585752682216772, 'train_lr_reduce': 0.6}. Best is trial 122 with value: 0.09548358619213104.
[I 2024-12-19 19:09:58,904] Trial 748 finished with value: 0.09867434203624725 and parameters: {'mlp_n_layers': 4, 'mlp_dim_00': 435, 'mlp_dim_01': 512, 'mlp_dim_02': 299, 'mlp_dim_03': 512, 'node_hidden_dim': 88, 'edge_hidden_dim': 81, 'depth': 1, 'rep_dropout': 0.14877780919386666, 'train_learning_rate': 0.0003762023358698293, 'train_lr_reduce': 0.6}. Best is trial 122 with value: 0.09548358619213104.
[I 2024-12-19 19:10:20,751] Trial 754 finished with value: 0.1167665347456932 and parameters: {'mlp_n_layers': 3, 'mlp_dim_00': 340, 'mlp_dim_01': 473, 'mlp_dim_02': 460, 'node_hidden_dim': 108, 'edge_hidden_dim': 73, 'depth': 1, 'rep_dropout': 0.1480944467365758, 'train_learning_rate': 0.0006679995136655645, 'train_lr_reduce': 0.6}. Best is trial 122 with value: 0.09548358619213104.
[I 2024-12-19 19:10:25,695] Trial 757 finished with value: 1.6758424043655396 and parameters: {'mlp_n_layers': 4, 'mlp_dim_00': 438, 'mlp_dim_01': 434, 'mlp_dim_02': 292, 'mlp_dim_03': 512, 'node_hidden_dim': 92, 'edge_hidden_dim': 66, 'depth': 1, 'rep_dropout': 0.14569825254898727, 'train_learning_rate': 0.0005660910581194527, 'train_lr_reduce': 0.6}. Best is trial 122 with value: 0.09548358619213104.
[I 2024-12-19 19:10:26,852] Trial 755 finished with value: 0.15556210279464722 and parameters: {'mlp_n_layers': 3, 'mlp_dim_00': 464, 'mlp_dim_01': 511, 'mlp_dim_02': 374, 'node_hidden_dim': 73, 'edge_hidden_dim': 33, 'depth': 2, 'rep_dropout': 0.06593016926928127, 'train_learning_rate': 0.00315018614636269, 'train_lr_reduce': 0.6}. Best is trial 122 with value: 0.09548358619213104.
[I 2024-12-19 19:10:35,517] Trial 758 finished with value: 1.3195133209228516 and parameters: {'mlp_n_layers': 4, 'mlp_dim_00': 457, 'mlp_dim_01': 401, 'mlp_dim_02': 295, 'mlp_dim_03': 490, 'node_hidden_dim': 95, 'edge_hidden_dim': 90, 'depth': 2, 'rep_dropout': 0.12415688549394666, 'train_learning_rate': 0.0006556121726057389, 'train_lr_reduce': 0.6}. Best is trial 122 with value: 0.09548358619213104.
[I 2024-12-19 19:10:36,649] Trial 759 finished with value: 1.363523006439209 and parameters: {'mlp_n_layers': 4, 'mlp_dim_00': 372, 'mlp_dim_01': 475, 'mlp_dim_02': 289, 'mlp_dim_03': 504, 'node_hidden_dim': 101, 'edge_hidden_dim': 115, 'depth': 3, 'rep_dropout': 0.039794542143087884, 'train_learning_rate': 0.0020820748649546437, 'train_lr_reduce': 0.6}. Best is trial 122 with value: 0.09548358619213104.
[I 2024-12-19 19:10:43,089] Trial 756 finished with value: 0.5252441167831421 and parameters: {'mlp_n_layers': 4, 'mlp_dim_00': 358, 'mlp_dim_01': 512, 'mlp_dim_02': 297, 'mlp_dim_03': 507, 'node_hidden_dim': 93, 'edge_hidden_dim': 67, 'depth': 1, 'rep_dropout': 0.14127187654931947, 'train_learning_rate': 0.00042889210476282455, 'train_lr_reduce': 0.6}. Best is trial 122 with value: 0.09548358619213104.
[I 2024-12-19 19:10:47,455] Trial 762 finished with value: 1.6829086542129517 and parameters: {'mlp_n_layers': 4, 'mlp_dim_00': 333, 'mlp_dim_01': 472, 'mlp_dim_02': 286, 'mlp_dim_03': 444, 'node_hidden_dim': 87, 'edge_hidden_dim': 82, 'depth': 2, 'rep_dropout': 0.14217165168869156, 'train_learning_rate': 0.000152422716771263, 'train_lr_reduce': 0.6}. Best is trial 122 with value: 0.09548358619213104.
[I 2024-12-19 19:10:52,598] Trial 763 finished with value: 1.5998780727386475 and parameters: {'mlp_n_layers': 1, 'mlp_dim_00': 77, 'node_hidden_dim': 93, 'edge_hidden_dim': 96, 'depth': 3, 'rep_dropout': 0.12138398624584941, 'train_learning_rate': 0.00752656914871613, 'train_lr_reduce': 0.6}. Best is trial 122 with value: 0.09548358619213104.
[I 2024-12-19 19:10:57,561] Trial 764 finished with value: 1.6797223091125488 and parameters: {'mlp_n_layers': 4, 'mlp_dim_00': 397, 'mlp_dim_01': 397, 'mlp_dim_02': 342, 'mlp_dim_03': 512, 'node_hidden_dim': 80, 'edge_hidden_dim': 73, 'depth': 2, 'rep_dropout': 0.11749900363434716, 'train_learning_rate': 0.0003838687317381752, 'train_lr_reduce': 0.6}. Best is trial 122 with value: 0.09548358619213104.
[I 2024-12-19 19:10:57,927] Trial 761 finished with value: 0.25663235783576965 and parameters: {'mlp_n_layers': 4, 'mlp_dim_00': 495, 'mlp_dim_01': 437, 'mlp_dim_02': 330, 'mlp_dim_03': 448, 'node_hidden_dim': 50, 'edge_hidden_dim': 37, 'depth': 1, 'rep_dropout': 0.1070349097130995, 'train_learning_rate': 0.005040228786623558, 'train_lr_reduce': 0.6}. Best is trial 122 with value: 0.09548358619213104.
[I 2024-12-19 19:11:03,217] Trial 766 finished with value: 1.6553337574005127 and parameters: {'mlp_n_layers': 3, 'mlp_dim_00': 507, 'mlp_dim_01': 441, 'mlp_dim_02': 313, 'node_hidden_dim': 73, 'edge_hidden_dim': 36, 'depth': 1, 'rep_dropout': 0.09368536485841036, 'train_learning_rate': 0.0009332121586186044, 'train_lr_reduce': 0.6}. Best is trial 122 with value: 0.09548358619213104.
[I 2024-12-19 19:11:08,786] Trial 767 finished with value: 1.672924518585205 and parameters: {'mlp_n_layers': 4, 'mlp_dim_00': 122, 'mlp_dim_01': 476, 'mlp_dim_02': 364, 'mlp_dim_03': 242, 'node_hidden_dim': 126, 'edge_hidden_dim': 76, 'depth': 2, 'rep_dropout': 0.1170520824013257, 'train_learning_rate': 0.00031731662679087647, 'train_lr_reduce': 0.6}. Best is trial 122 with value: 0.09548358619213104.
[I 2024-12-19 19:11:16,298] Trial 760 finished with value: 0.17906685173511505 and parameters: {'mlp_n_layers': 4, 'mlp_dim_00': 443, 'mlp_dim_01': 472, 'mlp_dim_02': 314, 'mlp_dim_03': 510, 'node_hidden_dim': 35, 'edge_hidden_dim': 56, 'depth': 1, 'rep_dropout': 0.09720798465721338, 'train_learning_rate': 0.004154918685659008, 'train_lr_reduce': 0.6}. Best is trial 122 with value: 0.09548358619213104.
[I 2024-12-19 19:11:23,399] Trial 768 finished with value: 0.45209330320358276 and parameters: {'mlp_n_layers': 4, 'mlp_dim_00': 404, 'mlp_dim_01': 511, 'mlp_dim_02': 295, 'mlp_dim_03': 512, 'node_hidden_dim': 68, 'edge_hidden_dim': 76, 'depth': 1, 'rep_dropout': 0.14869185536045482, 'train_learning_rate': 0.0006884091324815486, 'train_lr_reduce': 0.6}. Best is trial 122 with value: 0.09548358619213104.
[I 2024-12-19 19:11:27,662] Trial 769 finished with value: 1.1405173540115356 and parameters: {'mlp_n_layers': 1, 'mlp_dim_00': 462, 'node_hidden_dim': 81, 'edge_hidden_dim': 111, 'depth': 3, 'rep_dropout': 0.10028605884181552, 'train_learning_rate': 0.009229075452442642, 'train_lr_reduce': 0.6}. Best is trial 122 with value: 0.09548358619213104.
[I 2024-12-19 19:11:36,452] Trial 765 finished with value: 0.1214630976319313 and parameters: {'mlp_n_layers': 4, 'mlp_dim_00': 424, 'mlp_dim_01': 511, 'mlp_dim_02': 333, 'mlp_dim_03': 455, 'node_hidden_dim': 104, 'edge_hidden_dim': 69, 'depth': 1, 'rep_dropout': 0.14317761731502804, 'train_learning_rate': 0.0015964540976686622, 'train_lr_reduce': 0.6}. Best is trial 122 with value: 0.09548358619213104.
[I 2024-12-19 19:11:41,833] Trial 772 finished with value: 1.6416572332382202 and parameters: {'mlp_n_layers': 4, 'mlp_dim_00': 422, 'mlp_dim_01': 403, 'mlp_dim_02': 282, 'mlp_dim_03': 375, 'node_hidden_dim': 55, 'edge_hidden_dim': 49, 'depth': 1, 'rep_dropout': 0.11693789415922315, 'train_learning_rate': 0.0019468910093903863, 'train_lr_reduce': 0.6}. Best is trial 122 with value: 0.09548358619213104.
[I 2024-12-19 19:11:43,729] Trial 771 finished with value: 0.29229801893234253 and parameters: {'mlp_n_layers': 4, 'mlp_dim_00': 381, 'mlp_dim_01': 475, 'mlp_dim_02': 333, 'mlp_dim_03': 455, 'node_hidden_dim': 114, 'edge_hidden_dim': 49, 'depth': 1, 'rep_dropout': 0.061691149141053614, 'train_learning_rate': 0.0008657954770701534, 'train_lr_reduce': 0.6}. Best is trial 122 with value: 0.09548358619213104.
