[I 2024-12-16 00:22:14,854] Trial 1628 finished with value: 0.14150428771972656 and parameters: {'mlp_n_layers': 3, 'mlp_dim_00': 96, 'mlp_dim_01': 80, 'mlp_dim_02': 112, 'hidden_channels': 64, 'num_layers': 4, 'num_timesteps': 3, 'dropout': 0.24143190752178972, 'train_learning_rate': 0.00407993576029654, 'train_lr_reduce': 0.6}. Best is trial 130 with value: 0.0812772810459137.
[I 2024-12-16 00:22:16,506] Trial 1627 finished with value: 0.15950003266334534 and parameters: {'mlp_n_layers': 2, 'mlp_dim_00': 32, 'mlp_dim_01': 128, 'hidden_channels': 160, 'num_layers': 1, 'num_timesteps': 1, 'dropout': 0.08542134884608703, 'train_learning_rate': 0.00020854769734861433, 'train_lr_reduce': 0.6}. Best is trial 130 with value: 0.0812772810459137.
[I 2024-12-16 00:22:19,473] Trial 1629 finished with value: 0.10668612271547318 and parameters: {'mlp_n_layers': 2, 'mlp_dim_00': 144, 'mlp_dim_01': 240, 'hidden_channels': 32, 'num_layers': 2, 'num_timesteps': 3, 'dropout': 0.08672142865155488, 'train_learning_rate': 0.009440532310032865, 'train_lr_reduce': 0.6}. Best is trial 130 with value: 0.0812772810459137.
[I 2024-12-16 00:22:27,196] Trial 1630 finished with value: 0.13103237748146057 and parameters: {'mlp_n_layers': 2, 'mlp_dim_00': 144, 'mlp_dim_01': 80, 'hidden_channels': 112, 'num_layers': 3, 'num_timesteps': 2, 'dropout': 0.19292642459190826, 'train_learning_rate': 0.005374996156641475, 'train_lr_reduce': 0.6}. Best is trial 130 with value: 0.0812772810459137.
[I 2024-12-16 00:22:37,559] Trial 1631 finished with value: 0.10371827334165573 and parameters: {'mlp_n_layers': 4, 'mlp_dim_00': 208, 'mlp_dim_01': 256, 'mlp_dim_02': 192, 'mlp_dim_03': 96, 'hidden_channels': 96, 'num_layers': 1, 'num_timesteps': 2, 'dropout': 0.21491574901919083, 'train_learning_rate': 0.008519513294912186, 'train_lr_reduce': 0.6}. Best is trial 130 with value: 0.0812772810459137.
[I 2024-12-16 00:22:44,099] Trial 1633 finished with value: 0.12121377140283585 and parameters: {'mlp_n_layers': 2, 'mlp_dim_00': 176, 'mlp_dim_01': 256, 'hidden_channels': 64, 'num_layers': 3, 'num_timesteps': 2, 'dropout': 0.04935343429278476, 'train_learning_rate': 0.0054070871284431265, 'train_lr_reduce': 0.6}. Best is trial 130 with value: 0.0812772810459137.
[I 2024-12-16 00:22:46,919] Trial 1632 finished with value: 0.21098680794239044 and parameters: {'mlp_n_layers': 2, 'mlp_dim_00': 64, 'mlp_dim_01': 48, 'hidden_channels': 96, 'num_layers': 1, 'num_timesteps': 3, 'dropout': 0.10691651251478215, 'train_learning_rate': 0.00011311103974964835, 'train_lr_reduce': 0.6}. Best is trial 130 with value: 0.0812772810459137.
[I 2024-12-16 00:22:56,122] Trial 1634 finished with value: 0.1706715226173401 and parameters: {'mlp_n_layers': 3, 'mlp_dim_00': 48, 'mlp_dim_01': 96, 'mlp_dim_02': 160, 'hidden_channels': 112, 'num_layers': 4, 'num_timesteps': 1, 'dropout': 0.1087984032092669, 'train_learning_rate': 0.003275652709048335, 'train_lr_reduce': 0.6}. Best is trial 130 with value: 0.0812772810459137.
[I 2024-12-16 00:23:03,896] Trial 1636 finished with value: 0.11440171301364899 and parameters: {'mlp_n_layers': 2, 'mlp_dim_00': 144, 'mlp_dim_01': 240, 'hidden_channels': 32, 'num_layers': 3, 'num_timesteps': 3, 'dropout': 0.08335247813267747, 'train_learning_rate': 0.003814294317293392, 'train_lr_reduce': 0.6}. Best is trial 130 with value: 0.0812772810459137.
[I 2024-12-16 00:23:07,745] Trial 1637 finished with value: 0.12422366440296173 and parameters: {'mlp_n_layers': 2, 'mlp_dim_00': 160, 'mlp_dim_01': 240, 'hidden_channels': 32, 'num_layers': 1, 'num_timesteps': 4, 'dropout': 0.05488936136579964, 'train_learning_rate': 0.007185933260544742, 'train_lr_reduce': 0.6}. Best is trial 130 with value: 0.0812772810459137.
[I 2024-12-16 00:23:14,696] Trial 1635 finished with value: 0.17723265290260315 and parameters: {'mlp_n_layers': 4, 'mlp_dim_00': 32, 'mlp_dim_01': 32, 'mlp_dim_02': 128, 'mlp_dim_03': 144, 'hidden_channels': 128, 'num_layers': 2, 'num_timesteps': 4, 'dropout': 0.028356512619297725, 'train_learning_rate': 0.00018049169445201097, 'train_lr_reduce': 0.6}. Best is trial 130 with value: 0.0812772810459137.
[I 2024-12-16 00:23:16,127] Trial 1638 finished with value: 0.1050788015127182 and parameters: {'mlp_n_layers': 3, 'mlp_dim_00': 256, 'mlp_dim_01': 208, 'mlp_dim_02': 80, 'hidden_channels': 32, 'num_layers': 2, 'num_timesteps': 3, 'dropout': 0.1986426922655873, 'train_learning_rate': 0.00811023548443384, 'train_lr_reduce': 0.6}. Best is trial 130 with value: 0.0812772810459137.
[I 2024-12-16 00:23:18,172] Trial 1639 finished with value: 0.10564319044351578 and parameters: {'mlp_n_layers': 2, 'mlp_dim_00': 80, 'mlp_dim_01': 256, 'hidden_channels': 96, 'num_layers': 1, 'num_timesteps': 4, 'dropout': 0.13284786468166418, 'train_learning_rate': 0.004845255773798635, 'train_lr_reduce': 0.6}. Best is trial 130 with value: 0.0812772810459137.
[I 2024-12-16 00:23:29,254] Trial 1640 finished with value: 0.11315135657787323 and parameters: {'mlp_n_layers': 2, 'mlp_dim_00': 128, 'mlp_dim_01': 256, 'hidden_channels': 48, 'num_layers': 3, 'num_timesteps': 2, 'dropout': 0.11606487779894925, 'train_learning_rate': 0.009004014369588444, 'train_lr_reduce': 0.6}. Best is trial 130 with value: 0.0812772810459137.
[I 2024-12-16 00:23:43,769] Trial 1641 finished with value: 0.1172516793012619 and parameters: {'mlp_n_layers': 2, 'mlp_dim_00': 96, 'mlp_dim_01': 48, 'hidden_channels': 32, 'num_layers': 4, 'num_timesteps': 3, 'dropout': 0.2580692949623686, 'train_learning_rate': 0.007915137243909959, 'train_lr_reduce': 0.6}. Best is trial 130 with value: 0.0812772810459137.
[I 2024-12-16 00:23:53,291] Trial 1642 finished with value: 0.16146931052207947 and parameters: {'mlp_n_layers': 4, 'mlp_dim_00': 256, 'mlp_dim_01': 112, 'mlp_dim_02': 208, 'mlp_dim_03': 224, 'hidden_channels': 208, 'num_layers': 3, 'num_timesteps': 1, 'dropout': 0.20123639049948086, 'train_learning_rate': 0.00014400951027368215, 'train_lr_reduce': 0.6}. Best is trial 130 with value: 0.0812772810459137.
[I 2024-12-16 00:24:05,957] Trial 1643 finished with value: 0.17309436202049255 and parameters: {'mlp_n_layers': 4, 'mlp_dim_00': 112, 'mlp_dim_01': 256, 'mlp_dim_02': 160, 'mlp_dim_03': 160, 'hidden_channels': 192, 'num_layers': 4, 'num_timesteps': 4, 'dropout': 0.23072337706773888, 'train_learning_rate': 0.0002553773938879384, 'train_lr_reduce': 0.6}. Best is trial 130 with value: 0.0812772810459137.
[I 2024-12-16 00:24:06,036] Trial 1645 finished with value: 0.14031115174293518 and parameters: {'mlp_n_layers': 2, 'mlp_dim_00': 176, 'mlp_dim_01': 256, 'hidden_channels': 64, 'num_layers': 2, 'num_timesteps': 2, 'dropout': 0.11571155083005176, 'train_learning_rate': 0.0034059471063825554, 'train_lr_reduce': 0.6}. Best is trial 130 with value: 0.0812772810459137.
[I 2024-12-16 00:24:15,695] Trial 1644 finished with value: 0.20161357522010803 and parameters: {'mlp_n_layers': 4, 'mlp_dim_00': 128, 'mlp_dim_01': 224, 'mlp_dim_02': 128, 'mlp_dim_03': 64, 'hidden_channels': 128, 'num_layers': 4, 'num_timesteps': 4, 'dropout': 0.11416136326044546, 'train_learning_rate': 0.000128790280783094, 'train_lr_reduce': 0.6}. Best is trial 130 with value: 0.0812772810459137.
[I 2024-12-16 00:24:17,122] Trial 1646 finished with value: 0.11032728105783463 and parameters: {'mlp_n_layers': 2, 'mlp_dim_00': 96, 'mlp_dim_01': 144, 'hidden_channels': 32, 'num_layers': 1, 'num_timesteps': 1, 'dropout': 0.1721117193228472, 'train_learning_rate': 0.0038313769912048413, 'train_lr_reduce': 0.6}. Best is trial 130 with value: 0.0812772810459137.
[I 2024-12-16 00:24:19,905] Trial 1647 finished with value: 0.11256511509418488 and parameters: {'mlp_n_layers': 2, 'mlp_dim_00': 144, 'mlp_dim_01': 224, 'hidden_channels': 64, 'num_layers': 2, 'num_timesteps': 3, 'dropout': 0.08808648422257424, 'train_learning_rate': 0.0059565981912587515, 'train_lr_reduce': 0.6}. Best is trial 130 with value: 0.0812772810459137.
[I 2024-12-16 00:24:28,627] Trial 1648 finished with value: 0.14793455600738525 and parameters: {'mlp_n_layers': 3, 'mlp_dim_00': 64, 'mlp_dim_01': 144, 'mlp_dim_02': 176, 'hidden_channels': 48, 'num_layers': 1, 'num_timesteps': 3, 'dropout': 0.29672978755247614, 'train_learning_rate': 0.008530649667008077, 'train_lr_reduce': 0.6}. Best is trial 130 with value: 0.0812772810459137.
[I 2024-12-16 00:24:31,804] Trial 1649 finished with value: 0.13236364722251892 and parameters: {'mlp_n_layers': 3, 'mlp_dim_00': 160, 'mlp_dim_01': 240, 'mlp_dim_02': 144, 'hidden_channels': 176, 'num_layers': 4, 'num_timesteps': 1, 'dropout': 0.06423585526915991, 'train_learning_rate': 0.0030631849615577506, 'train_lr_reduce': 0.6}. Best is trial 130 with value: 0.0812772810459137.
[I 2024-12-16 00:24:36,652] Trial 1650 finished with value: 0.11837062239646912 and parameters: {'mlp_n_layers': 3, 'mlp_dim_00': 208, 'mlp_dim_01': 176, 'mlp_dim_02': 192, 'hidden_channels': 192, 'num_layers': 2, 'num_timesteps': 3, 'dropout': 0.28680704087961256, 'train_learning_rate': 0.002056289303089812, 'train_lr_reduce': 0.6}. Best is trial 130 with value: 0.0812772810459137.
[I 2024-12-16 00:24:41,912] Trial 1652 finished with value: 0.11114908754825592 and parameters: {'mlp_n_layers': 2, 'mlp_dim_00': 128, 'mlp_dim_01': 256, 'hidden_channels': 32, 'num_layers': 2, 'num_timesteps': 4, 'dropout': 0.07455837730051283, 'train_learning_rate': 0.008536241793574189, 'train_lr_reduce': 0.6}. Best is trial 130 with value: 0.0812772810459137.
[I 2024-12-16 00:24:44,611] Trial 1651 finished with value: 0.11342716217041016 and parameters: {'mlp_n_layers': 2, 'mlp_dim_00': 112, 'mlp_dim_01': 192, 'hidden_channels': 32, 'num_layers': 2, 'num_timesteps': 4, 'dropout': 0.11680509849572443, 'train_learning_rate': 0.0028266347928907697, 'train_lr_reduce': 0.6}. Best is trial 130 with value: 0.0812772810459137.
[I 2024-12-16 00:24:48,858] Trial 1653 finished with value: 0.10510441660881042 and parameters: {'mlp_n_layers': 2, 'mlp_dim_00': 144, 'mlp_dim_01': 256, 'hidden_channels': 32, 'num_layers': 2, 'num_timesteps': 3, 'dropout': 0.08295051972502902, 'train_learning_rate': 0.003765939666063438, 'train_lr_reduce': 0.6}. Best is trial 130 with value: 0.0812772810459137.
[I 2024-12-16 00:24:51,640] Trial 1654 finished with value: 0.1056448221206665 and parameters: {'mlp_n_layers': 2, 'mlp_dim_00': 144, 'mlp_dim_01': 176, 'hidden_channels': 32, 'num_layers': 1, 'num_timesteps': 2, 'dropout': 0.2261743174451492, 'train_learning_rate': 0.0043574108079620175, 'train_lr_reduce': 0.6}. Best is trial 130 with value: 0.0812772810459137.
[I 2024-12-16 00:25:01,481] Trial 1657 finished with value: 0.09824778139591217 and parameters: {'mlp_n_layers': 4, 'mlp_dim_00': 96, 'mlp_dim_01': 192, 'mlp_dim_02': 96, 'mlp_dim_03': 112, 'hidden_channels': 48, 'num_layers': 1, 'num_timesteps': 2, 'dropout': 0.23174132556423208, 'train_learning_rate': 0.004507436475558176, 'train_lr_reduce': 0.6}. Best is trial 130 with value: 0.0812772810459137.
[I 2024-12-16 00:25:02,064] Trial 1655 finished with value: 0.08815982192754745 and parameters: {'mlp_n_layers': 2, 'mlp_dim_00': 240, 'mlp_dim_01': 208, 'hidden_channels': 32, 'num_layers': 2, 'num_timesteps': 3, 'dropout': 0.20111172826593765, 'train_learning_rate': 0.008894796963311746, 'train_lr_reduce': 0.6}. Best is trial 130 with value: 0.0812772810459137.
[I 2024-12-16 00:25:12,571] Trial 1656 finished with value: 0.1573733538389206 and parameters: {'mlp_n_layers': 2, 'mlp_dim_00': 144, 'mlp_dim_01': 256, 'hidden_channels': 48, 'num_layers': 3, 'num_timesteps': 1, 'dropout': 0.26172950958534724, 'train_learning_rate': 0.00029276624296222214, 'train_lr_reduce': 0.6}. Best is trial 130 with value: 0.0812772810459137.
[I 2024-12-16 00:25:12,980] Trial 1658 finished with value: 0.1257186383008957 and parameters: {'mlp_n_layers': 2, 'mlp_dim_00': 144, 'mlp_dim_01': 224, 'hidden_channels': 160, 'num_layers': 2, 'num_timesteps': 3, 'dropout': 0.06543518878331908, 'train_learning_rate': 0.005632091991737266, 'train_lr_reduce': 0.6}. Best is trial 130 with value: 0.0812772810459137.
[I 2024-12-16 00:25:14,934] Trial 1659 finished with value: 0.10284880548715591 and parameters: {'mlp_n_layers': 2, 'mlp_dim_00': 176, 'mlp_dim_01': 240, 'hidden_channels': 32, 'num_layers': 2, 'num_timesteps': 3, 'dropout': 0.06050569734523253, 'train_learning_rate': 0.005528643212925766, 'train_lr_reduce': 0.6}. Best is trial 130 with value: 0.0812772810459137.
[I 2024-12-16 00:25:21,994] Trial 1660 finished with value: 0.10204891115427017 and parameters: {'mlp_n_layers': 2, 'mlp_dim_00': 176, 'mlp_dim_01': 208, 'hidden_channels': 32, 'num_layers': 1, 'num_timesteps': 3, 'dropout': 0.28358627639194334, 'train_learning_rate': 0.004506206911844635, 'train_lr_reduce': 0.6}. Best is trial 130 with value: 0.0812772810459137.
[I 2024-12-16 00:25:26,282] Trial 1662 finished with value: 0.10501503944396973 and parameters: {'mlp_n_layers': 2, 'mlp_dim_00': 208, 'mlp_dim_01': 192, 'hidden_channels': 32, 'num_layers': 2, 'num_timesteps': 3, 'dropout': 0.18991374868204028, 'train_learning_rate': 0.0050450093235309395, 'train_lr_reduce': 0.6}. Best is trial 130 with value: 0.0812772810459137.
[I 2024-12-16 00:25:31,205] Trial 1661 finished with value: 0.10552456229925156 and parameters: {'mlp_n_layers': 4, 'mlp_dim_00': 224, 'mlp_dim_01': 240, 'mlp_dim_02': 160, 'mlp_dim_03': 192, 'hidden_channels': 48, 'num_layers': 2, 'num_timesteps': 3, 'dropout': 0.24977822000191724, 'train_learning_rate': 0.006392413311775907, 'train_lr_reduce': 0.6}. Best is trial 130 with value: 0.0812772810459137.
[I 2024-12-16 00:25:35,122] Trial 1664 finished with value: 0.11513706296682358 and parameters: {'mlp_n_layers': 3, 'mlp_dim_00': 208, 'mlp_dim_01': 256, 'mlp_dim_02': 224, 'hidden_channels': 32, 'num_layers': 1, 'num_timesteps': 2, 'dropout': 0.27747831808768697, 'train_learning_rate': 0.00967654349804002, 'train_lr_reduce': 0.6}. Best is trial 130 with value: 0.0812772810459137.
[I 2024-12-16 00:25:35,281] Trial 1663 finished with value: 0.10541234910488129 and parameters: {'mlp_n_layers': 3, 'mlp_dim_00': 240, 'mlp_dim_01': 224, 'mlp_dim_02': 112, 'hidden_channels': 32, 'num_layers': 1, 'num_timesteps': 3, 'dropout': 0.2493371641941734, 'train_learning_rate': 0.009076298256847262, 'train_lr_reduce': 0.6}. Best is trial 130 with value: 0.0812772810459137.
[I 2024-12-16 00:25:45,751] Trial 1665 finished with value: 0.1255411058664322 and parameters: {'mlp_n_layers': 3, 'mlp_dim_00': 240, 'mlp_dim_01': 224, 'mlp_dim_02': 144, 'hidden_channels': 64, 'num_layers': 1, 'num_timesteps': 2, 'dropout': 0.1512976752691415, 'train_learning_rate': 0.009556530258139571, 'train_lr_reduce': 0.6}. Best is trial 130 with value: 0.0812772810459137.
[I 2024-12-16 00:25:56,629] Trial 1667 finished with value: 0.08384743332862854 and parameters: {'mlp_n_layers': 2, 'mlp_dim_00': 80, 'mlp_dim_01': 208, 'hidden_channels': 32, 'num_layers': 3, 'num_timesteps': 4, 'dropout': 0.035876282543876495, 'train_learning_rate': 0.007330781157619398, 'train_lr_reduce': 0.6}. Best is trial 130 with value: 0.0812772810459137.
[I 2024-12-16 00:26:00,625] Trial 1668 finished with value: 0.11425046622753143 and parameters: {'mlp_n_layers': 2, 'mlp_dim_00': 32, 'mlp_dim_01': 208, 'hidden_channels': 32, 'num_layers': 3, 'num_timesteps': 4, 'dropout': 0.14242955656956208, 'train_learning_rate': 0.005882199122542555, 'train_lr_reduce': 0.6}. Best is trial 130 with value: 0.0812772810459137.
[I 2024-12-16 00:26:04,850] Trial 1666 finished with value: 0.1449137032032013 and parameters: {'mlp_n_layers': 4, 'mlp_dim_00': 96, 'mlp_dim_01': 64, 'mlp_dim_02': 176, 'mlp_dim_03': 224, 'hidden_channels': 240, 'num_layers': 4, 'num_timesteps': 4, 'dropout': 0.07542012796279018, 'train_learning_rate': 0.00038015285006390276, 'train_lr_reduce': 0.6}. Best is trial 130 with value: 0.0812772810459137.
[I 2024-12-16 00:26:11,951] Trial 1670 finished with value: 0.11832352727651596 and parameters: {'mlp_n_layers': 2, 'mlp_dim_00': 128, 'mlp_dim_01': 240, 'hidden_channels': 80, 'num_layers': 1, 'num_timesteps': 3, 'dropout': 0.058044429533915934, 'train_learning_rate': 0.007385633110973759, 'train_lr_reduce': 0.6}. Best is trial 130 with value: 0.0812772810459137.
[I 2024-12-16 00:26:12,950] Trial 1671 finished with value: 0.09184978157281876 and parameters: {'mlp_n_layers': 2, 'mlp_dim_00': 192, 'mlp_dim_01': 256, 'hidden_channels': 32, 'num_layers': 1, 'num_timesteps': 3, 'dropout': 0.11089937684747, 'train_learning_rate': 0.007969869266822367, 'train_lr_reduce': 0.6}. Best is trial 130 with value: 0.0812772810459137.
[I 2024-12-16 00:26:14,639] Trial 1669 finished with value: 0.0952940508723259 and parameters: {'mlp_n_layers': 2, 'mlp_dim_00': 64, 'mlp_dim_01': 192, 'hidden_channels': 32, 'num_layers': 4, 'num_timesteps': 4, 'dropout': 0.038839853034552514, 'train_learning_rate': 0.0030779987548145765, 'train_lr_reduce': 0.6}. Best is trial 130 with value: 0.0812772810459137.
[I 2024-12-16 00:26:22,642] Trial 1672 finished with value: 0.09879732131958008 and parameters: {'mlp_n_layers': 2, 'mlp_dim_00': 144, 'mlp_dim_01': 240, 'hidden_channels': 32, 'num_layers': 2, 'num_timesteps': 4, 'dropout': 0.008042873252782815, 'train_learning_rate': 0.0034911103153872788, 'train_lr_reduce': 0.6}. Best is trial 130 with value: 0.0812772810459137.
[I 2024-12-16 00:26:29,858] Trial 1674 finished with value: 0.09947922825813293 and parameters: {'mlp_n_layers': 2, 'mlp_dim_00': 256, 'mlp_dim_01': 256, 'hidden_channels': 32, 'num_layers': 2, 'num_timesteps': 3, 'dropout': 0.1927753582890226, 'train_learning_rate': 0.009962876695012418, 'train_lr_reduce': 0.6}. Best is trial 130 with value: 0.0812772810459137.
[I 2024-12-16 00:26:33,311] Trial 1673 finished with value: 0.10809622704982758 and parameters: {'mlp_n_layers': 3, 'mlp_dim_00': 176, 'mlp_dim_01': 240, 'mlp_dim_02': 224, 'hidden_channels': 48, 'num_layers': 3, 'num_timesteps': 3, 'dropout': 0.055199132854148875, 'train_learning_rate': 0.007371466078768174, 'train_lr_reduce': 0.6}. Best is trial 130 with value: 0.0812772810459137.
[I 2024-12-16 00:26:36,982] Trial 1675 finished with value: 0.16710692644119263 and parameters: {'mlp_n_layers': 2, 'mlp_dim_00': 80, 'mlp_dim_01': 192, 'hidden_channels': 80, 'num_layers': 2, 'num_timesteps': 4, 'dropout': 0.01067695402696344, 'train_learning_rate': 0.008035999533973336, 'train_lr_reduce': 0.6}. Best is trial 130 with value: 0.0812772810459137.
[I 2024-12-16 00:26:40,659] Trial 1676 finished with value: 0.10401464253664017 and parameters: {'mlp_n_layers': 2, 'mlp_dim_00': 224, 'mlp_dim_01': 176, 'hidden_channels': 48, 'num_layers': 2, 'num_timesteps': 3, 'dropout': 0.15743355624362043, 'train_learning_rate': 0.008625055979994375, 'train_lr_reduce': 0.6}. Best is trial 130 with value: 0.0812772810459137.
[I 2024-12-16 00:26:47,025] Trial 1677 finished with value: 0.11581729352474213 and parameters: {'mlp_n_layers': 2, 'mlp_dim_00': 112, 'mlp_dim_01': 192, 'hidden_channels': 48, 'num_layers': 3, 'num_timesteps': 4, 'dropout': 0.013390646139238658, 'train_learning_rate': 0.005351686596038162, 'train_lr_reduce': 0.6}. Best is trial 130 with value: 0.0812772810459137.
[I 2024-12-16 00:26:52,071] Trial 1678 finished with value: 0.1476873904466629 and parameters: {'mlp_n_layers': 2, 'mlp_dim_00': 32, 'mlp_dim_01': 64, 'hidden_channels': 48, 'num_layers': 4, 'num_timesteps': 4, 'dropout': 0.2944518986511566, 'train_learning_rate': 0.003537622303612977, 'train_lr_reduce': 0.6}. Best is trial 130 with value: 0.0812772810459137.
[I 2024-12-16 00:27:03,283] Trial 1681 finished with value: 0.09766070544719696 and parameters: {'mlp_n_layers': 3, 'mlp_dim_00': 112, 'mlp_dim_01': 176, 'mlp_dim_02': 240, 'hidden_channels': 48, 'num_layers': 2, 'num_timesteps': 1, 'dropout': 0.2338922958247838, 'train_learning_rate': 0.0048713296643502785, 'train_lr_reduce': 0.6}. Best is trial 130 with value: 0.0812772810459137.
[I 2024-12-16 00:27:05,068] Trial 1680 finished with value: 0.1832437664270401 and parameters: {'mlp_n_layers': 4, 'mlp_dim_00': 80, 'mlp_dim_01': 64, 'mlp_dim_02': 208, 'mlp_dim_03': 32, 'hidden_channels': 176, 'num_layers': 2, 'num_timesteps': 4, 'dropout': 0.2921015259212939, 'train_learning_rate': 0.0007903240841330937, 'train_lr_reduce': 0.6}. Best is trial 130 with value: 0.0812772810459137.
[I 2024-12-16 00:27:05,759] Trial 1679 finished with value: 0.1451779305934906 and parameters: {'mlp_n_layers': 3, 'mlp_dim_00': 96, 'mlp_dim_01': 112, 'mlp_dim_02': 256, 'hidden_channels': 112, 'num_layers': 2, 'num_timesteps': 1, 'dropout': 0.005779502508012568, 'train_learning_rate': 0.00027526226133552334, 'train_lr_reduce': 0.6}. Best is trial 130 with value: 0.0812772810459137.
[I 2024-12-16 00:27:15,707] Trial 1684 finished with value: 0.1402861475944519 and parameters: {'mlp_n_layers': 3, 'mlp_dim_00': 192, 'mlp_dim_01': 256, 'mlp_dim_02': 208, 'hidden_channels': 80, 'num_layers': 1, 'num_timesteps': 3, 'dropout': 0.02300516592939182, 'train_learning_rate': 0.002445716937763221, 'train_lr_reduce': 0.6}. Best is trial 130 with value: 0.0812772810459137.
[I 2024-12-16 00:27:17,942] Trial 1683 finished with value: 0.1304132342338562 and parameters: {'mlp_n_layers': 2, 'mlp_dim_00': 128, 'mlp_dim_01': 256, 'hidden_channels': 64, 'num_layers': 2, 'num_timesteps': 2, 'dropout': 0.059839778317361106, 'train_learning_rate': 0.00601988396983199, 'train_lr_reduce': 0.6}. Best is trial 130 with value: 0.0812772810459137.
[I 2024-12-16 00:27:20,259] Trial 1682 finished with value: 0.11845709383487701 and parameters: {'mlp_n_layers': 3, 'mlp_dim_00': 224, 'mlp_dim_01': 208, 'mlp_dim_02': 192, 'hidden_channels': 64, 'num_layers': 1, 'num_timesteps': 4, 'dropout': 0.1930719006499475, 'train_learning_rate': 0.008139074043621498, 'train_lr_reduce': 0.6}. Best is trial 130 with value: 0.0812772810459137.
