[I 2024-12-19 08:33:46,578] Trial 1675 finished with value: 0.8327723741531372 and parameters: {'mlp_n_layers': 2, 'mlp_dim_00': 300, 'mlp_dim_01': 107, 'node_hidden_dim': 71, 'edge_hidden_dim': 35, 'depth': 2, 'rep_dropout': 0.11762878774757675, 'train_learning_rate': 0.009819589468976618, 'train_lr_reduce': 0.6}. Best is trial 1483 with value: 0.2768918573856354.
[I 2024-12-19 08:33:48,942] Trial 1677 finished with value: 1.306845784187317 and parameters: {'mlp_n_layers': 2, 'mlp_dim_00': 278, 'mlp_dim_01': 95, 'node_hidden_dim': 108, 'edge_hidden_dim': 65, 'depth': 2, 'rep_dropout': 0.04944614927083443, 'train_learning_rate': 0.009979347403889326, 'train_lr_reduce': 0.6}. Best is trial 1483 with value: 0.2768918573856354.
[I 2024-12-19 08:33:50,356] Trial 1674 finished with value: 0.5045489072799683 and parameters: {'mlp_n_layers': 2, 'mlp_dim_00': 85, 'mlp_dim_01': 352, 'node_hidden_dim': 113, 'edge_hidden_dim': 80, 'depth': 2, 'rep_dropout': 0.09573875974993876, 'train_learning_rate': 0.008691996510180992, 'train_lr_reduce': 0.6}. Best is trial 1483 with value: 0.2768918573856354.
[I 2024-12-19 08:33:53,888] Trial 1679 finished with value: 1.348034381866455 and parameters: {'mlp_n_layers': 2, 'mlp_dim_00': 130, 'mlp_dim_01': 376, 'node_hidden_dim': 95, 'edge_hidden_dim': 32, 'depth': 2, 'rep_dropout': 0.03913381404849706, 'train_learning_rate': 0.007428649387116406, 'train_lr_reduce': 0.6}. Best is trial 1483 with value: 0.2768918573856354.
[I 2024-12-19 08:33:57,174] Trial 1678 finished with value: 0.40021321177482605 and parameters: {'mlp_n_layers': 3, 'mlp_dim_00': 351, 'mlp_dim_01': 71, 'mlp_dim_02': 464, 'node_hidden_dim': 110, 'edge_hidden_dim': 40, 'depth': 2, 'rep_dropout': 0.04351956632752926, 'train_learning_rate': 0.007637961340449184, 'train_lr_reduce': 0.6}. Best is trial 1483 with value: 0.2768918573856354.
[I 2024-12-19 08:34:01,577] Trial 1682 finished with value: 1.2896476984024048 and parameters: {'mlp_n_layers': 2, 'mlp_dim_00': 241, 'mlp_dim_01': 244, 'node_hidden_dim': 101, 'edge_hidden_dim': 36, 'depth': 2, 'rep_dropout': 0.1171745006012477, 'train_learning_rate': 0.008566815793904836, 'train_lr_reduce': 0.6}. Best is trial 1483 with value: 0.2768918573856354.
[I 2024-12-19 08:34:02,580] Trial 1680 finished with value: 1.3845010995864868 and parameters: {'mlp_n_layers': 3, 'mlp_dim_00': 228, 'mlp_dim_01': 406, 'mlp_dim_02': 400, 'node_hidden_dim': 35, 'edge_hidden_dim': 123, 'depth': 4, 'rep_dropout': 0.05561321853937898, 'train_learning_rate': 0.00045139005632453946, 'train_lr_reduce': 0.6}. Best is trial 1483 with value: 0.2768918573856354.
[I 2024-12-19 08:34:06,683] Trial 1681 finished with value: 0.3252314627170563 and parameters: {'mlp_n_layers': 2, 'mlp_dim_00': 164, 'mlp_dim_01': 306, 'node_hidden_dim': 103, 'edge_hidden_dim': 76, 'depth': 2, 'rep_dropout': 0.11688319736959071, 'train_learning_rate': 0.007771188380390163, 'train_lr_reduce': 0.6}. Best is trial 1483 with value: 0.2768918573856354.
[I 2024-12-19 08:34:07,217] Trial 1684 finished with value: 1.3011425733566284 and parameters: {'mlp_n_layers': 3, 'mlp_dim_00': 306, 'mlp_dim_01': 188, 'mlp_dim_02': 440, 'node_hidden_dim': 90, 'edge_hidden_dim': 33, 'depth': 2, 'rep_dropout': 0.11358840694923, 'train_learning_rate': 0.005751982178485378, 'train_lr_reduce': 0.6}. Best is trial 1483 with value: 0.2768918573856354.
[I 2024-12-19 08:34:11,459] Trial 1685 finished with value: 1.3341717720031738 and parameters: {'mlp_n_layers': 2, 'mlp_dim_00': 215, 'mlp_dim_01': 296, 'node_hidden_dim': 126, 'edge_hidden_dim': 38, 'depth': 2, 'rep_dropout': 0.0153083964136339, 'train_learning_rate': 0.009903274033859703, 'train_lr_reduce': 0.6}. Best is trial 1483 with value: 0.2768918573856354.
[I 2024-12-19 08:34:11,525] Trial 1686 finished with value: 1.3598109483718872 and parameters: {'mlp_n_layers': 2, 'mlp_dim_00': 357, 'mlp_dim_01': 173, 'node_hidden_dim': 93, 'edge_hidden_dim': 41, 'depth': 2, 'rep_dropout': 0.1114303190646667, 'train_learning_rate': 0.005217943758119567, 'train_lr_reduce': 0.6}. Best is trial 1483 with value: 0.2768918573856354.
[I 2024-12-19 08:34:15,898] Trial 1683 finished with value: 0.3647235631942749 and parameters: {'mlp_n_layers': 2, 'mlp_dim_00': 318, 'mlp_dim_01': 183, 'node_hidden_dim': 112, 'edge_hidden_dim': 41, 'depth': 2, 'rep_dropout': 0.13059687821381172, 'train_learning_rate': 0.007461357073727938, 'train_lr_reduce': 0.6}. Best is trial 1483 with value: 0.2768918573856354.
[I 2024-12-19 08:34:17,226] Trial 1687 finished with value: 1.4663954973220825 and parameters: {'mlp_n_layers': 2, 'mlp_dim_00': 161, 'mlp_dim_01': 353, 'node_hidden_dim': 107, 'edge_hidden_dim': 83, 'depth': 2, 'rep_dropout': 0.11308601154543867, 'train_learning_rate': 0.009587699742512319, 'train_lr_reduce': 0.6}. Best is trial 1483 with value: 0.2768918573856354.
[I 2024-12-19 08:34:20,197] Trial 1688 finished with value: 1.320273756980896 and parameters: {'mlp_n_layers': 4, 'mlp_dim_00': 505, 'mlp_dim_01': 445, 'mlp_dim_02': 510, 'mlp_dim_03': 415, 'node_hidden_dim': 94, 'edge_hidden_dim': 100, 'depth': 2, 'rep_dropout': 0.05932645332204073, 'train_learning_rate': 0.001956073557572177, 'train_lr_reduce': 0.6}. Best is trial 1483 with value: 0.2768918573856354.
[I 2024-12-19 08:34:20,201] Trial 1689 finished with value: 1.4262580871582031 and parameters: {'mlp_n_layers': 2, 'mlp_dim_00': 191, 'mlp_dim_01': 359, 'node_hidden_dim': 120, 'edge_hidden_dim': 76, 'depth': 2, 'rep_dropout': 0.11236309849031362, 'train_learning_rate': 0.002785507845169093, 'train_lr_reduce': 0.6}. Best is trial 1483 with value: 0.2768918573856354.
[I 2024-12-19 08:34:21,580] Trial 1690 finished with value: 1.283707618713379 and parameters: {'mlp_n_layers': 3, 'mlp_dim_00': 68, 'mlp_dim_01': 270, 'mlp_dim_02': 512, 'node_hidden_dim': 100, 'edge_hidden_dim': 74, 'depth': 2, 'rep_dropout': 0.11242401391805122, 'train_learning_rate': 0.008998509239160412, 'train_lr_reduce': 0.6}. Best is trial 1483 with value: 0.2768918573856354.
[I 2024-12-19 08:34:24,674] Trial 1692 finished with value: 1.3060932159423828 and parameters: {'mlp_n_layers': 2, 'mlp_dim_00': 133, 'mlp_dim_01': 279, 'node_hidden_dim': 108, 'edge_hidden_dim': 76, 'depth': 2, 'rep_dropout': 0.10723299339006195, 'train_learning_rate': 0.007581505571507821, 'train_lr_reduce': 0.6}. Best is trial 1483 with value: 0.2768918573856354.
[I 2024-12-19 08:34:25,024] Trial 1691 finished with value: 1.2834444046020508 and parameters: {'mlp_n_layers': 3, 'mlp_dim_00': 132, 'mlp_dim_01': 177, 'mlp_dim_02': 479, 'node_hidden_dim': 124, 'edge_hidden_dim': 49, 'depth': 2, 'rep_dropout': 0.07918054528221893, 'train_learning_rate': 0.004976676156370798, 'train_lr_reduce': 0.6}. Best is trial 1483 with value: 0.2768918573856354.
[I 2024-12-19 08:34:28,608] Trial 1693 finished with value: 1.2828799486160278 and parameters: {'mlp_n_layers': 3, 'mlp_dim_00': 274, 'mlp_dim_01': 105, 'mlp_dim_02': 478, 'node_hidden_dim': 90, 'edge_hidden_dim': 58, 'depth': 2, 'rep_dropout': 0.0041746708120808385, 'train_learning_rate': 0.009692388535729355, 'train_lr_reduce': 0.6}. Best is trial 1483 with value: 0.2768918573856354.
[I 2024-12-19 08:34:28,613] Trial 1694 finished with value: 1.3574883937835693 and parameters: {'mlp_n_layers': 2, 'mlp_dim_00': 169, 'mlp_dim_01': 361, 'node_hidden_dim': 96, 'edge_hidden_dim': 101, 'depth': 2, 'rep_dropout': 0.0604905907222118, 'train_learning_rate': 0.0021262538370512094, 'train_lr_reduce': 0.6}. Best is trial 1483 with value: 0.2768918573856354.
[I 2024-12-19 08:34:29,794] Trial 1695 finished with value: 1.4246429204940796 and parameters: {'mlp_n_layers': 2, 'mlp_dim_00': 227, 'mlp_dim_01': 361, 'node_hidden_dim': 79, 'edge_hidden_dim': 72, 'depth': 2, 'rep_dropout': 0.07462130506308919, 'train_learning_rate': 0.005174859272501314, 'train_lr_reduce': 0.6}. Best is trial 1483 with value: 0.2768918573856354.
[I 2024-12-19 08:34:33,645] Trial 1696 finished with value: 1.3347947597503662 and parameters: {'mlp_n_layers': 2, 'mlp_dim_00': 81, 'mlp_dim_01': 280, 'node_hidden_dim': 126, 'edge_hidden_dim': 58, 'depth': 2, 'rep_dropout': 0.08395915564065545, 'train_learning_rate': 0.009988206552246243, 'train_lr_reduce': 0.6}. Best is trial 1483 with value: 0.2768918573856354.
[I 2024-12-19 08:34:34,254] Trial 1697 finished with value: 1.568622350692749 and parameters: {'mlp_n_layers': 3, 'mlp_dim_00': 192, 'mlp_dim_01': 236, 'mlp_dim_02': 440, 'node_hidden_dim': 54, 'edge_hidden_dim': 69, 'depth': 4, 'rep_dropout': 0.22966131271614512, 'train_learning_rate': 0.0007272715399010865, 'train_lr_reduce': 0.6}. Best is trial 1483 with value: 0.2768918573856354.
[I 2024-12-19 08:34:35,241] Trial 1698 finished with value: 1.2847436666488647 and parameters: {'mlp_n_layers': 4, 'mlp_dim_00': 506, 'mlp_dim_01': 443, 'mlp_dim_02': 464, 'mlp_dim_03': 437, 'node_hidden_dim': 121, 'edge_hidden_dim': 91, 'depth': 3, 'rep_dropout': 0.08771496109627057, 'train_learning_rate': 0.008928739460284385, 'train_lr_reduce': 0.6}. Best is trial 1483 with value: 0.2768918573856354.
[I 2024-12-19 08:34:38,434] Trial 1700 finished with value: 1.4895178079605103 and parameters: {'mlp_n_layers': 2, 'mlp_dim_00': 256, 'mlp_dim_01': 183, 'node_hidden_dim': 109, 'edge_hidden_dim': 32, 'depth': 2, 'rep_dropout': 0.06392295560717963, 'train_learning_rate': 0.008045395695080008, 'train_lr_reduce': 0.6}. Best is trial 1483 with value: 0.2768918573856354.
[I 2024-12-19 08:34:39,757] Trial 1699 finished with value: 1.363864541053772 and parameters: {'mlp_n_layers': 3, 'mlp_dim_00': 308, 'mlp_dim_01': 82, 'mlp_dim_02': 442, 'node_hidden_dim': 79, 'edge_hidden_dim': 107, 'depth': 3, 'rep_dropout': 0.007873677714789123, 'train_learning_rate': 0.009661416042013357, 'train_lr_reduce': 0.6}. Best is trial 1483 with value: 0.2768918573856354.
[I 2024-12-19 08:34:41,716] Trial 1701 finished with value: 1.4740452766418457 and parameters: {'mlp_n_layers': 2, 'mlp_dim_00': 308, 'mlp_dim_01': 119, 'node_hidden_dim': 127, 'edge_hidden_dim': 54, 'depth': 3, 'rep_dropout': 0.0010584624048910018, 'train_learning_rate': 0.00948484580807724, 'train_lr_reduce': 0.6}. Best is trial 1483 with value: 0.2768918573856354.
[I 2024-12-19 08:34:44,034] Trial 1703 finished with value: 1.2935463190078735 and parameters: {'mlp_n_layers': 2, 'mlp_dim_00': 91, 'mlp_dim_01': 144, 'node_hidden_dim': 114, 'edge_hidden_dim': 75, 'depth': 2, 'rep_dropout': 0.06096858227668795, 'train_learning_rate': 0.007246462633200208, 'train_lr_reduce': 0.6}. Best is trial 1483 with value: 0.2768918573856354.
[I 2024-12-19 08:34:46,586] Trial 1704 finished with value: 1.5478864908218384 and parameters: {'mlp_n_layers': 4, 'mlp_dim_00': 83, 'mlp_dim_01': 474, 'mlp_dim_02': 475, 'mlp_dim_03': 403, 'node_hidden_dim': 126, 'edge_hidden_dim': 57, 'depth': 4, 'rep_dropout': 0.02798290554454444, 'train_learning_rate': 0.0007791073837470216, 'train_lr_reduce': 0.6}. Best is trial 1483 with value: 0.2768918573856354.
[I 2024-12-19 08:34:51,791] Trial 1706 finished with value: 1.3118107318878174 and parameters: {'mlp_n_layers': 3, 'mlp_dim_00': 207, 'mlp_dim_01': 262, 'mlp_dim_02': 483, 'node_hidden_dim': 110, 'edge_hidden_dim': 100, 'depth': 3, 'rep_dropout': 0.11333297140640203, 'train_learning_rate': 0.008672879894062641, 'train_lr_reduce': 0.6}. Best is trial 1483 with value: 0.2768918573856354.
[I 2024-12-19 08:34:53,109] Trial 1702 finished with value: 0.7032214403152466 and parameters: {'mlp_n_layers': 2, 'mlp_dim_00': 264, 'mlp_dim_01': 167, 'node_hidden_dim': 101, 'edge_hidden_dim': 55, 'depth': 2, 'rep_dropout': 0.09076882083060245, 'train_learning_rate': 0.0037735588832560033, 'train_lr_reduce': 0.6}. Best is trial 1483 with value: 0.2768918573856354.
[I 2024-12-19 08:34:54,656] Trial 1705 finished with value: 0.357958048582077 and parameters: {'mlp_n_layers': 2, 'mlp_dim_00': 162, 'mlp_dim_01': 163, 'node_hidden_dim': 128, 'edge_hidden_dim': 52, 'depth': 2, 'rep_dropout': 0.04909607692455022, 'train_learning_rate': 0.009588148242758778, 'train_lr_reduce': 0.6}. Best is trial 1483 with value: 0.2768918573856354.
[I 2024-12-19 08:34:56,450] Trial 1707 finished with value: 1.439278244972229 and parameters: {'mlp_n_layers': 2, 'mlp_dim_00': 325, 'mlp_dim_01': 109, 'node_hidden_dim': 91, 'edge_hidden_dim': 32, 'depth': 2, 'rep_dropout': 0.11120491339447942, 'train_learning_rate': 0.005169386396766746, 'train_lr_reduce': 0.6}. Best is trial 1483 with value: 0.2768918573856354.
[I 2024-12-19 08:34:57,699] Trial 1708 finished with value: 1.5100394487380981 and parameters: {'mlp_n_layers': 2, 'mlp_dim_00': 458, 'mlp_dim_01': 280, 'node_hidden_dim': 91, 'edge_hidden_dim': 85, 'depth': 4, 'rep_dropout': 0.09378222170737016, 'train_learning_rate': 0.00033810067917072024, 'train_lr_reduce': 0.6}. Best is trial 1483 with value: 0.2768918573856354.
[I 2024-12-19 08:34:58,655] Trial 1709 finished with value: 1.2889330387115479 and parameters: {'mlp_n_layers': 2, 'mlp_dim_00': 221, 'mlp_dim_01': 287, 'node_hidden_dim': 107, 'edge_hidden_dim': 69, 'depth': 2, 'rep_dropout': 0.05149930767002652, 'train_learning_rate': 0.0036643902137522806, 'train_lr_reduce': 0.6}. Best is trial 1483 with value: 0.2768918573856354.
[I 2024-12-19 08:35:01,015] Trial 1710 finished with value: 1.46916925907135 and parameters: {'mlp_n_layers': 2, 'mlp_dim_00': 193, 'mlp_dim_01': 286, 'node_hidden_dim': 84, 'edge_hidden_dim': 88, 'depth': 2, 'rep_dropout': 0.09653338544993506, 'train_learning_rate': 0.0023860063252072582, 'train_lr_reduce': 0.6}. Best is trial 1483 with value: 0.2768918573856354.
[I 2024-12-19 08:35:06,375] Trial 1713 finished with value: 1.3167455196380615 and parameters: {'mlp_n_layers': 3, 'mlp_dim_00': 72, 'mlp_dim_01': 469, 'mlp_dim_02': 509, 'node_hidden_dim': 125, 'edge_hidden_dim': 97, 'depth': 2, 'rep_dropout': 0.12759114497298574, 'train_learning_rate': 0.005826869827471938, 'train_lr_reduce': 0.6}. Best is trial 1483 with value: 0.2768918573856354.
[I 2024-12-19 08:35:11,954] Trial 1712 finished with value: 0.4673691987991333 and parameters: {'mlp_n_layers': 2, 'mlp_dim_00': 217, 'mlp_dim_01': 150, 'node_hidden_dim': 127, 'edge_hidden_dim': 48, 'depth': 2, 'rep_dropout': 0.006494874951019282, 'train_learning_rate': 0.005996159332658528, 'train_lr_reduce': 0.6}. Best is trial 1483 with value: 0.2768918573856354.
[I 2024-12-19 08:35:12,937] Trial 1711 finished with value: 0.37376418709754944 and parameters: {'mlp_n_layers': 2, 'mlp_dim_00': 164, 'mlp_dim_01': 349, 'node_hidden_dim': 98, 'edge_hidden_dim': 70, 'depth': 2, 'rep_dropout': 0.18017831262217332, 'train_learning_rate': 0.0034931970654277352, 'train_lr_reduce': 0.6}. Best is trial 1483 with value: 0.2768918573856354.
[I 2024-12-19 08:35:13,801] Trial 1714 finished with value: 1.3637170791625977 and parameters: {'mlp_n_layers': 3, 'mlp_dim_00': 71, 'mlp_dim_01': 478, 'mlp_dim_02': 508, 'node_hidden_dim': 92, 'edge_hidden_dim': 108, 'depth': 2, 'rep_dropout': 0.1007424947022972, 'train_learning_rate': 0.0031199726144778535, 'train_lr_reduce': 0.6}. Best is trial 1483 with value: 0.2768918573856354.
[I 2024-12-19 08:35:16,833] Trial 1715 finished with value: 1.286974310874939 and parameters: {'mlp_n_layers': 4, 'mlp_dim_00': 483, 'mlp_dim_01': 407, 'mlp_dim_02': 467, 'mlp_dim_03': 470, 'node_hidden_dim': 90, 'edge_hidden_dim': 90, 'depth': 3, 'rep_dropout': 0.1346326579368299, 'train_learning_rate': 0.004206283747048755, 'train_lr_reduce': 0.6}. Best is trial 1483 with value: 0.2768918573856354.
[I 2024-12-19 08:35:17,414] Trial 1716 finished with value: 1.508829116821289 and parameters: {'mlp_n_layers': 2, 'mlp_dim_00': 343, 'mlp_dim_01': 68, 'node_hidden_dim': 75, 'edge_hidden_dim': 90, 'depth': 2, 'rep_dropout': 0.0521627301491504, 'train_learning_rate': 0.002248310651503646, 'train_lr_reduce': 0.6}. Best is trial 1483 with value: 0.2768918573856354.
[I 2024-12-19 08:35:20,931] Trial 1718 finished with value: 1.2924789190292358 and parameters: {'mlp_n_layers': 2, 'mlp_dim_00': 260, 'mlp_dim_01': 217, 'node_hidden_dim': 112, 'edge_hidden_dim': 65, 'depth': 2, 'rep_dropout': 0.16495696450489936, 'train_learning_rate': 0.006609098579474421, 'train_lr_reduce': 0.6}. Best is trial 1483 with value: 0.2768918573856354.
[I 2024-12-19 08:35:21,883] Trial 1719 finished with value: 1.3240844011306763 and parameters: {'mlp_n_layers': 2, 'mlp_dim_00': 271, 'mlp_dim_01': 95, 'node_hidden_dim': 126, 'edge_hidden_dim': 73, 'depth': 2, 'rep_dropout': 0.14791725463646885, 'train_learning_rate': 0.008794117080711171, 'train_lr_reduce': 0.6}. Best is trial 1483 with value: 0.2768918573856354.
[I 2024-12-19 08:35:25,797] Trial 1720 finished with value: 1.4219883680343628 and parameters: {'mlp_n_layers': 3, 'mlp_dim_00': 202, 'mlp_dim_01': 249, 'mlp_dim_02': 494, 'node_hidden_dim': 119, 'edge_hidden_dim': 68, 'depth': 3, 'rep_dropout': 0.1439722553311787, 'train_learning_rate': 0.00834462151200119, 'train_lr_reduce': 0.6}. Best is trial 1483 with value: 0.2768918573856354.
[I 2024-12-19 08:35:30,210] Trial 1717 finished with value: 1.4660381078720093 and parameters: {'mlp_n_layers': 3, 'mlp_dim_00': 166, 'mlp_dim_01': 254, 'mlp_dim_02': 484, 'node_hidden_dim': 36, 'edge_hidden_dim': 39, 'depth': 3, 'rep_dropout': 0.1271204161719772, 'train_learning_rate': 0.0005765347002965107, 'train_lr_reduce': 0.6}. Best is trial 1483 with value: 0.2768918573856354.
[I 2024-12-19 08:35:30,784] Trial 1722 finished with value: 1.4034254550933838 and parameters: {'mlp_n_layers': 3, 'mlp_dim_00': 94, 'mlp_dim_01': 433, 'mlp_dim_02': 506, 'node_hidden_dim': 123, 'edge_hidden_dim': 56, 'depth': 2, 'rep_dropout': 0.14391350081364473, 'train_learning_rate': 0.007220680891804282, 'train_lr_reduce': 0.6}. Best is trial 1483 with value: 0.2768918573856354.
[I 2024-12-19 08:35:35,360] Trial 1724 finished with value: 1.3388636112213135 and parameters: {'mlp_n_layers': 4, 'mlp_dim_00': 424, 'mlp_dim_01': 499, 'mlp_dim_02': 389, 'mlp_dim_03': 110, 'node_hidden_dim': 98, 'edge_hidden_dim': 124, 'depth': 3, 'rep_dropout': 0.03332334368074572, 'train_learning_rate': 0.004293552823051074, 'train_lr_reduce': 0.6}. Best is trial 1483 with value: 0.2768918573856354.
[I 2024-12-19 08:35:35,648] Trial 1723 finished with value: 1.331203818321228 and parameters: {'mlp_n_layers': 2, 'mlp_dim_00': 233, 'mlp_dim_01': 311, 'node_hidden_dim': 110, 'edge_hidden_dim': 68, 'depth': 2, 'rep_dropout': 0.09913601179636299, 'train_learning_rate': 0.009756048679697872, 'train_lr_reduce': 0.6}. Best is trial 1483 with value: 0.2768918573856354.
[I 2024-12-19 08:35:36,600] Trial 1721 finished with value: 0.42707693576812744 and parameters: {'mlp_n_layers': 2, 'mlp_dim_00': 246, 'mlp_dim_01': 132, 'node_hidden_dim': 127, 'edge_hidden_dim': 69, 'depth': 2, 'rep_dropout': 0.10115549414131422, 'train_learning_rate': 0.009303318979508266, 'train_lr_reduce': 0.6}. Best is trial 1483 with value: 0.2768918573856354.
[I 2024-12-19 08:35:40,086] Trial 1726 finished with value: 1.4119714498519897 and parameters: {'mlp_n_layers': 2, 'mlp_dim_00': 116, 'mlp_dim_01': 228, 'node_hidden_dim': 119, 'edge_hidden_dim': 54, 'depth': 2, 'rep_dropout': 0.042302566628449244, 'train_learning_rate': 0.007764620933563432, 'train_lr_reduce': 0.6}. Best is trial 1483 with value: 0.2768918573856354.
[I 2024-12-19 08:35:41,272] Trial 1727 finished with value: 1.2963098287582397 and parameters: {'mlp_n_layers': 3, 'mlp_dim_00': 148, 'mlp_dim_01': 243, 'mlp_dim_02': 505, 'node_hidden_dim': 102, 'edge_hidden_dim': 32, 'depth': 2, 'rep_dropout': 0.00011721471148119474, 'train_learning_rate': 0.00883885867066326, 'train_lr_reduce': 0.6}. Best is trial 1483 with value: 0.2768918573856354.
[I 2024-12-19 08:35:44,880] Trial 1728 finished with value: 1.4167591333389282 and parameters: {'mlp_n_layers': 2, 'mlp_dim_00': 103, 'mlp_dim_01': 69, 'node_hidden_dim': 127, 'edge_hidden_dim': 61, 'depth': 2, 'rep_dropout': 0.042925722858841726, 'train_learning_rate': 0.006794876141567167, 'train_lr_reduce': 0.6}. Best is trial 1483 with value: 0.2768918573856354.
[I 2024-12-19 08:35:47,519] Trial 1725 finished with value: 0.5580609440803528 and parameters: {'mlp_n_layers': 2, 'mlp_dim_00': 189, 'mlp_dim_01': 310, 'node_hidden_dim': 107, 'edge_hidden_dim': 79, 'depth': 2, 'rep_dropout': 0.13496087287895525, 'train_learning_rate': 0.009506755440393788, 'train_lr_reduce': 0.6}. Best is trial 1483 with value: 0.2768918573856354.
[I 2024-12-19 08:35:49,455] Trial 1730 finished with value: 1.4346786737442017 and parameters: {'mlp_n_layers': 4, 'mlp_dim_00': 469, 'mlp_dim_01': 356, 'mlp_dim_02': 460, 'mlp_dim_03': 113, 'node_hidden_dim': 80, 'edge_hidden_dim': 76, 'depth': 2, 'rep_dropout': 0.12579688811682793, 'train_learning_rate': 0.0031623350785280327, 'train_lr_reduce': 0.6}. Best is trial 1483 with value: 0.2768918573856354.
[I 2024-12-19 08:35:51,631] Trial 1731 finished with value: 1.285569190979004 and parameters: {'mlp_n_layers': 2, 'mlp_dim_00': 182, 'mlp_dim_01': 207, 'node_hidden_dim': 126, 'edge_hidden_dim': 60, 'depth': 2, 'rep_dropout': 0.05352880411964753, 'train_learning_rate': 0.0035892959322619817, 'train_lr_reduce': 0.6}. Best is trial 1483 with value: 0.2768918573856354.
[I 2024-12-19 08:35:55,092] Trial 1729 finished with value: 0.4517482817173004 and parameters: {'mlp_n_layers': 2, 'mlp_dim_00': 185, 'mlp_dim_01': 246, 'node_hidden_dim': 122, 'edge_hidden_dim': 46, 'depth': 2, 'rep_dropout': 0.014352271135638195, 'train_learning_rate': 0.004963310586862043, 'train_lr_reduce': 0.6}. Best is trial 1483 with value: 0.2768918573856354.
[I 2024-12-19 08:35:59,575] Trial 1734 finished with value: 1.5797913074493408 and parameters: {'mlp_n_layers': 2, 'mlp_dim_00': 506, 'mlp_dim_01': 165, 'node_hidden_dim': 53, 'edge_hidden_dim': 86, 'depth': 4, 'rep_dropout': 0.022328249236462594, 'train_learning_rate': 0.00020011888754224274, 'train_lr_reduce': 0.6}. Best is trial 1483 with value: 0.2768918573856354.
