Seed set to 42
Seed set to 42
[I 2024-12-23 16:19:05,875] A new study created in RDB with name: groupgat_Omega_groupgat
[I 2024-12-23 16:20:05,587] Trial 2 finished with value: 0.23106567561626434 and parameters: {'L1_hidden_dim': 160, 'L1_layers_atom': 3, 'L1_layers_mol': 2, 'L1_dropout': 0.14526883155968479, 'L1_out_dim': 128, 'L2_hidden_dim': 128, 'L2_layers_atom': 1, 'L2_layers_mol': 1, 'L2_out_dim': 112, 'L2_dropout': 0.19777474218512905, 'L3_hidden_dim': 128, 'L3_layers_atom': 3, 'L3_layers_mol': 1, 'L3_out_dim': 96, 'L3_dropout': 0.17545067874303108, 'n_mlp_layers': 3, 'mlp_dim_0': 16, 'mlp_dim_1': 48, 'mlp_dim_2': 24, 'num_heads': 1, 'final_dropout': 0.23307491066148472, 'train_learning_rate': 0.008748769403037072, 'train_lr_reduce': 0.6}. Best is trial 2 with value: 0.23106567561626434.
[I 2024-12-23 16:20:20,520] Trial 0 finished with value: 0.2654660940170288 and parameters: {'L1_hidden_dim': 192, 'L1_layers_atom': 4, 'L1_layers_mol': 3, 'L1_dropout': 0.09680023759851279, 'L1_out_dim': 96, 'L2_hidden_dim': 160, 'L2_layers_atom': 3, 'L2_layers_mol': 1, 'L2_out_dim': 48, 'L2_dropout': 0.1541655309132652, 'L3_hidden_dim': 96, 'L3_layers_atom': 4, 'L3_layers_mol': 3, 'L3_out_dim': 64, 'L3_dropout': 0.22646838701402927, 'n_mlp_layers': 1, 'mlp_dim_0': 16, 'num_heads': 1, 'final_dropout': 0.07207942469480201, 'train_learning_rate': 0.003992370721259871, 'train_lr_reduce': 0.6}. Best is trial 2 with value: 0.23106567561626434.
[I 2024-12-23 16:21:16,649] Trial 1 finished with value: 0.2642170786857605 and parameters: {'L1_hidden_dim': 96, 'L1_layers_atom': 1, 'L1_layers_mol': 1, 'L1_dropout': 0.25557086077926466, 'L1_out_dim': 32, 'L2_hidden_dim': 192, 'L2_layers_atom': 4, 'L2_layers_mol': 4, 'L2_out_dim': 48, 'L2_dropout': 0.17509137496044816, 'L3_hidden_dim': 128, 'L3_layers_atom': 3, 'L3_layers_mol': 2, 'L3_out_dim': 32, 'L3_dropout': 0.10548967296489148, 'n_mlp_layers': 2, 'mlp_dim_0': 48, 'mlp_dim_1': 40, 'num_heads': 2, 'final_dropout': 0.03584908182548376, 'train_learning_rate': 0.0001741886019572275, 'train_lr_reduce': 0.6}. Best is trial 2 with value: 0.23106567561626434.
[I 2024-12-23 16:21:25,726] Trial 3 finished with value: 0.18160943686962128 and parameters: {'L1_hidden_dim': 224, 'L1_layers_atom': 2, 'L1_layers_mol': 4, 'L1_dropout': 0.08767224861159409, 'L1_out_dim': 96, 'L2_hidden_dim': 224, 'L2_layers_atom': 4, 'L2_layers_mol': 2, 'L2_out_dim': 80, 'L2_dropout': 0.10445674896889193, 'L3_hidden_dim': 64, 'L3_layers_atom': 4, 'L3_layers_mol': 1, 'L3_out_dim': 64, 'L3_dropout': 0.011743914003661616, 'n_mlp_layers': 2, 'mlp_dim_0': 40, 'mlp_dim_1': 56, 'num_heads': 1, 'final_dropout': 0.09576926030586973, 'train_learning_rate': 0.005343396582564992, 'train_lr_reduce': 0.6}. Best is trial 3 with value: 0.18160943686962128.
[I 2024-12-23 16:21:53,923] Trial 4 finished with value: 0.18285733461380005 and parameters: {'L1_hidden_dim': 224, 'L1_layers_atom': 2, 'L1_layers_mol': 2, 'L1_dropout': 0.17598554593593246, 'L1_out_dim': 112, 'L2_hidden_dim': 160, 'L2_layers_atom': 2, 'L2_layers_mol': 2, 'L2_out_dim': 128, 'L2_dropout': 0.04346000295001997, 'L3_hidden_dim': 32, 'L3_layers_atom': 4, 'L3_layers_mol': 2, 'L3_out_dim': 48, 'L3_dropout': 0.2020130568469843, 'n_mlp_layers': 2, 'mlp_dim_0': 16, 'mlp_dim_1': 32, 'num_heads': 2, 'final_dropout': 0.1720740430898846, 'train_learning_rate': 0.00098914363647, 'train_lr_reduce': 0.6}. Best is trial 3 with value: 0.18160943686962128.
[I 2024-12-23 16:22:18,098] Trial 6 finished with value: 0.24723410606384277 and parameters: {'L1_hidden_dim': 128, 'L1_layers_atom': 4, 'L1_layers_mol': 4, 'L1_dropout': 0.06054078476516767, 'L1_out_dim': 32, 'L2_hidden_dim': 224, 'L2_layers_atom': 2, 'L2_layers_mol': 3, 'L2_out_dim': 80, 'L2_dropout': 0.12673918305586088, 'L3_hidden_dim': 64, 'L3_layers_atom': 4, 'L3_layers_mol': 2, 'L3_out_dim': 32, 'L3_dropout': 0.2998785752593971, 'n_mlp_layers': 2, 'mlp_dim_0': 48, 'mlp_dim_1': 56, 'num_heads': 2, 'final_dropout': 0.25859706079920936, 'train_learning_rate': 0.009143195458785034, 'train_lr_reduce': 0.6}. Best is trial 3 with value: 0.18160943686962128.
[I 2024-12-23 16:22:43,263] Trial 5 finished with value: 0.16640380024909973 and parameters: {'L1_hidden_dim': 192, 'L1_layers_atom': 1, 'L1_layers_mol': 4, 'L1_dropout': 0.04624410628015211, 'L1_out_dim': 48, 'L2_hidden_dim': 192, 'L2_layers_atom': 2, 'L2_layers_mol': 1, 'L2_out_dim': 128, 'L2_dropout': 0.2945444251353754, 'L3_hidden_dim': 128, 'L3_layers_atom': 1, 'L3_layers_mol': 2, 'L3_out_dim': 80, 'L3_dropout': 0.20057729791124723, 'n_mlp_layers': 1, 'mlp_dim_0': 16, 'num_heads': 2, 'final_dropout': 0.15229813886201432, 'train_learning_rate': 0.00271048154927539, 'train_lr_reduce': 0.6}. Best is trial 5 with value: 0.16640380024909973.
[I 2024-12-23 16:23:30,420] Trial 7 finished with value: 0.18254680931568146 and parameters: {'L1_hidden_dim': 96, 'L1_layers_atom': 3, 'L1_layers_mol': 4, 'L1_dropout': 0.2888111414462855, 'L1_out_dim': 32, 'L2_hidden_dim': 256, 'L2_layers_atom': 3, 'L2_layers_mol': 2, 'L2_out_dim': 32, 'L2_dropout': 0.04737791547826239, 'L3_hidden_dim': 128, 'L3_layers_atom': 2, 'L3_layers_mol': 1, 'L3_out_dim': 64, 'L3_dropout': 0.025096979394494543, 'n_mlp_layers': 1, 'mlp_dim_0': 56, 'num_heads': 2, 'final_dropout': 0.07205667505036494, 'train_learning_rate': 0.0005803151598604126, 'train_lr_reduce': 0.6}. Best is trial 5 with value: 0.16640380024909973.
[I 2024-12-23 16:23:38,979] Trial 9 finished with value: 0.2374238520860672 and parameters: {'L1_hidden_dim': 128, 'L1_layers_atom': 3, 'L1_layers_mol': 3, 'L1_dropout': 0.2122871518908792, 'L1_out_dim': 80, 'L2_hidden_dim': 64, 'L2_layers_atom': 3, 'L2_layers_mol': 2, 'L2_out_dim': 48, 'L2_dropout': 0.17363101608091547, 'L3_hidden_dim': 96, 'L3_layers_atom': 1, 'L3_layers_mol': 3, 'L3_out_dim': 80, 'L3_dropout': 0.18340884741710922, 'n_mlp_layers': 1, 'mlp_dim_0': 64, 'num_heads': 2, 'final_dropout': 0.1976573521160267, 'train_learning_rate': 0.004055036228656405, 'train_lr_reduce': 0.6}. Best is trial 5 with value: 0.16640380024909973.
[I 2024-12-23 16:23:55,141] Trial 11 finished with value: 1.4613949060440063 and parameters: {'L1_hidden_dim': 64, 'L1_layers_atom': 3, 'L1_layers_mol': 3, 'L1_dropout': 0.1621160140353091, 'L1_out_dim': 48, 'L2_hidden_dim': 128, 'L2_layers_atom': 2, 'L2_layers_mol': 2, 'L2_out_dim': 112, 'L2_dropout': 0.262632088467645, 'L3_hidden_dim': 32, 'L3_layers_atom': 1, 'L3_layers_mol': 1, 'L3_out_dim': 96, 'L3_dropout': 0.1326624533511889, 'n_mlp_layers': 2, 'mlp_dim_0': 40, 'mlp_dim_1': 64, 'num_heads': 2, 'final_dropout': 0.01760626882908769, 'train_learning_rate': 0.0001050094370900408, 'train_lr_reduce': 0.6}. Best is trial 5 with value: 0.16640380024909973.
[I 2024-12-23 16:24:05,441] Trial 8 finished with value: 0.22247344255447388 and parameters: {'L1_hidden_dim': 128, 'L1_layers_atom': 3, 'L1_layers_mol': 2, 'L1_dropout': 0.01909431613647795, 'L1_out_dim': 48, 'L2_hidden_dim': 96, 'L2_layers_atom': 3, 'L2_layers_mol': 4, 'L2_out_dim': 32, 'L2_dropout': 0.01794636974749585, 'L3_hidden_dim': 96, 'L3_layers_atom': 4, 'L3_layers_mol': 4, 'L3_out_dim': 80, 'L3_dropout': 0.15079991802239867, 'n_mlp_layers': 2, 'mlp_dim_0': 24, 'mlp_dim_1': 40, 'num_heads': 2, 'final_dropout': 0.13938627557353686, 'train_learning_rate': 0.00012120915079461433, 'train_lr_reduce': 0.6}. Best is trial 5 with value: 0.16640380024909973.
[I 2024-12-23 16:24:32,137] Trial 10 finished with value: 0.1753349006175995 and parameters: {'L1_hidden_dim': 128, 'L1_layers_atom': 1, 'L1_layers_mol': 2, 'L1_dropout': 0.2513025938287247, 'L1_out_dim': 112, 'L2_hidden_dim': 128, 'L2_layers_atom': 1, 'L2_layers_mol': 2, 'L2_out_dim': 48, 'L2_dropout': 0.030772302661771764, 'L3_hidden_dim': 96, 'L3_layers_atom': 3, 'L3_layers_mol': 2, 'L3_out_dim': 112, 'L3_dropout': 0.07958392061141015, 'n_mlp_layers': 2, 'mlp_dim_0': 32, 'mlp_dim_1': 48, 'num_heads': 2, 'final_dropout': 0.22471303841441823, 'train_learning_rate': 0.0017933385232492603, 'train_lr_reduce': 0.6}. Best is trial 5 with value: 0.16640380024909973.
[I 2024-12-23 16:24:35,485] Trial 12 finished with value: 0.2162470817565918 and parameters: {'L1_hidden_dim': 224, 'L1_layers_atom': 2, 'L1_layers_mol': 4, 'L1_dropout': 0.010980271917223255, 'L1_out_dim': 96, 'L2_hidden_dim': 160, 'L2_layers_atom': 4, 'L2_layers_mol': 1, 'L2_out_dim': 112, 'L2_dropout': 0.2993385696812874, 'L3_hidden_dim': 128, 'L3_layers_atom': 1, 'L3_layers_mol': 3, 'L3_out_dim': 96, 'L3_dropout': 0.16112509995766652, 'n_mlp_layers': 1, 'mlp_dim_0': 24, 'num_heads': 2, 'final_dropout': 0.2307538321655857, 'train_learning_rate': 0.0037448987355394037, 'train_lr_reduce': 0.6}. Best is trial 5 with value: 0.16640380024909973.
[I 2024-12-23 16:25:07,928] Trial 13 finished with value: 0.18901558220386505 and parameters: {'L1_hidden_dim': 160, 'L1_layers_atom': 1, 'L1_layers_mol': 3, 'L1_dropout': 0.12821470482981803, 'L1_out_dim': 48, 'L2_hidden_dim': 192, 'L2_layers_atom': 1, 'L2_layers_mol': 1, 'L2_out_dim': 112, 'L2_dropout': 0.25771385082099363, 'L3_hidden_dim': 128, 'L3_layers_atom': 1, 'L3_layers_mol': 1, 'L3_out_dim': 80, 'L3_dropout': 0.2736610492331676, 'n_mlp_layers': 1, 'mlp_dim_0': 24, 'num_heads': 2, 'final_dropout': 0.1551389964884852, 'train_learning_rate': 0.0012201795930439898, 'train_lr_reduce': 0.6}. Best is trial 5 with value: 0.16640380024909973.
[I 2024-12-23 16:25:30,388] Trial 15 finished with value: 0.16422036290168762 and parameters: {'L1_hidden_dim': 192, 'L1_layers_atom': 2, 'L1_layers_mol': 1, 'L1_dropout': 0.1308745077597536, 'L1_out_dim': 112, 'L2_hidden_dim': 192, 'L2_layers_atom': 1, 'L2_layers_mol': 2, 'L2_out_dim': 64, 'L2_dropout': 0.04380151920795827, 'L3_hidden_dim': 96, 'L3_layers_atom': 3, 'L3_layers_mol': 2, 'L3_out_dim': 96, 'L3_dropout': 0.08559902271484923, 'n_mlp_layers': 2, 'mlp_dim_0': 64, 'mlp_dim_1': 24, 'num_heads': 2, 'final_dropout': 0.17144439026929306, 'train_learning_rate': 0.00405051535467301, 'train_lr_reduce': 0.6}. Best is trial 15 with value: 0.16422036290168762.
[I 2024-12-23 16:25:37,674] Trial 14 finished with value: 0.19524970650672913 and parameters: {'L1_hidden_dim': 160, 'L1_layers_atom': 1, 'L1_layers_mol': 2, 'L1_dropout': 0.24130542956930473, 'L1_out_dim': 80, 'L2_hidden_dim': 128, 'L2_layers_atom': 1, 'L2_layers_mol': 2, 'L2_out_dim': 32, 'L2_dropout': 0.030992005901558935, 'L3_hidden_dim': 96, 'L3_layers_atom': 2, 'L3_layers_mol': 3, 'L3_out_dim': 128, 'L3_dropout': 0.052957246266736216, 'n_mlp_layers': 2, 'mlp_dim_0': 24, 'mlp_dim_1': 16, 'num_heads': 2, 'final_dropout': 0.2809907370210612, 'train_learning_rate': 0.0010994293468895749, 'train_lr_reduce': 0.6}. Best is trial 15 with value: 0.16422036290168762.
[I 2024-12-23 16:26:21,665] Trial 17 finished with value: 0.20992790162563324 and parameters: {'L1_hidden_dim': 224, 'L1_layers_atom': 3, 'L1_layers_mol': 2, 'L1_dropout': 0.12883640209099417, 'L1_out_dim': 112, 'L2_hidden_dim': 160, 'L2_layers_atom': 1, 'L2_layers_mol': 1, 'L2_out_dim': 64, 'L2_dropout': 0.0176795663772879, 'L3_hidden_dim': 128, 'L3_layers_atom': 4, 'L3_layers_mol': 2, 'L3_out_dim': 112, 'L3_dropout': 0.12425693653630995, 'n_mlp_layers': 3, 'mlp_dim_0': 64, 'mlp_dim_1': 24, 'mlp_dim_2': 64, 'num_heads': 2, 'final_dropout': 0.19807311209940476, 'train_learning_rate': 0.0036634710389187256, 'train_lr_reduce': 0.6}. Best is trial 15 with value: 0.16422036290168762.
[I 2024-12-23 16:26:27,581] Trial 16 finished with value: 0.24053163826465607 and parameters: {'L1_hidden_dim': 128, 'L1_layers_atom': 2, 'L1_layers_mol': 2, 'L1_dropout': 0.007691989151056441, 'L1_out_dim': 32, 'L2_hidden_dim': 224, 'L2_layers_atom': 3, 'L2_layers_mol': 1, 'L2_out_dim': 112, 'L2_dropout': 0.2500794372673386, 'L3_hidden_dim': 64, 'L3_layers_atom': 2, 'L3_layers_mol': 3, 'L3_out_dim': 80, 'L3_dropout': 0.21364374581039572, 'n_mlp_layers': 1, 'mlp_dim_0': 16, 'num_heads': 2, 'final_dropout': 0.12203349014208763, 'train_learning_rate': 0.0029006363975136178, 'train_lr_reduce': 0.6}. Best is trial 15 with value: 0.16422036290168762.
[I 2024-12-23 16:26:40,332] Trial 18 finished with value: 0.25173982977867126 and parameters: {'L1_hidden_dim': 128, 'L1_layers_atom': 2, 'L1_layers_mol': 2, 'L1_dropout': 0.08962723985176993, 'L1_out_dim': 112, 'L2_hidden_dim': 256, 'L2_layers_atom': 3, 'L2_layers_mol': 2, 'L2_out_dim': 32, 'L2_dropout': 0.043491351440000874, 'L3_hidden_dim': 96, 'L3_layers_atom': 3, 'L3_layers_mol': 1, 'L3_out_dim': 112, 'L3_dropout': 0.09689378456509327, 'n_mlp_layers': 2, 'mlp_dim_0': 48, 'mlp_dim_1': 16, 'num_heads': 2, 'final_dropout': 0.15773043400152767, 'train_learning_rate': 0.005189134986147653, 'train_lr_reduce': 0.6}. Best is trial 15 with value: 0.16422036290168762.
[I 2024-12-23 16:26:53,074] Trial 19 finished with value: 0.26132988929748535 and parameters: {'L1_hidden_dim': 192, 'L1_layers_atom': 2, 'L1_layers_mol': 1, 'L1_dropout': 0.23339150926282493, 'L1_out_dim': 112, 'L2_hidden_dim': 128, 'L2_layers_atom': 1, 'L2_layers_mol': 2, 'L2_out_dim': 96, 'L2_dropout': 0.09063575538844601, 'L3_hidden_dim': 96, 'L3_layers_atom': 3, 'L3_layers_mol': 2, 'L3_out_dim': 128, 'L3_dropout': 0.14905322237044205, 'n_mlp_layers': 1, 'mlp_dim_0': 64, 'num_heads': 2, 'final_dropout': 0.08259872967270819, 'train_learning_rate': 0.005457218576478607, 'train_lr_reduce': 0.6}. Best is trial 15 with value: 0.16422036290168762.
