[I 2024-12-19 08:44:32,453] Trial 972 finished with value: 1.1427817344665527 and parameters: {'mlp_n_layers': 4, 'mlp_dim_00': 464, 'mlp_dim_01': 367, 'mlp_dim_02': 394, 'mlp_dim_03': 292, 'node_hidden_dim': 101, 'edge_hidden_dim': 75, 'depth': 2, 'rep_dropout': 0.007733013969469781, 'train_learning_rate': 0.009900314877026035, 'train_lr_reduce': 0.6}. Best is trial 724 with value: 0.1670333594083786.
[I 2024-12-19 08:44:49,080] Trial 973 finished with value: 0.5119172930717468 and parameters: {'mlp_n_layers': 3, 'mlp_dim_00': 491, 'mlp_dim_01': 404, 'mlp_dim_02': 430, 'node_hidden_dim': 121, 'edge_hidden_dim': 68, 'depth': 2, 'rep_dropout': 0.04077269182022149, 'train_learning_rate': 0.007660980062677757, 'train_lr_reduce': 0.6}. Best is trial 724 with value: 0.1670333594083786.
[I 2024-12-19 08:44:51,480] Trial 974 finished with value: 0.4587875008583069 and parameters: {'mlp_n_layers': 3, 'mlp_dim_00': 479, 'mlp_dim_01': 496, 'mlp_dim_02': 345, 'node_hidden_dim': 119, 'edge_hidden_dim': 66, 'depth': 2, 'rep_dropout': 0.031319263584583416, 'train_learning_rate': 0.00770595324898624, 'train_lr_reduce': 0.6}. Best is trial 724 with value: 0.1670333594083786.
[I 2024-12-19 08:44:53,765] Trial 975 finished with value: 0.6910804510116577 and parameters: {'mlp_n_layers': 3, 'mlp_dim_00': 412, 'mlp_dim_01': 408, 'mlp_dim_02': 473, 'node_hidden_dim': 106, 'edge_hidden_dim': 51, 'depth': 2, 'rep_dropout': 0.0503406935446856, 'train_learning_rate': 0.009632989111157132, 'train_lr_reduce': 0.6}. Best is trial 724 with value: 0.1670333594083786.
[I 2024-12-19 08:44:55,187] Trial 976 finished with value: 1.1447829008102417 and parameters: {'mlp_n_layers': 2, 'mlp_dim_00': 348, 'mlp_dim_01': 418, 'node_hidden_dim': 49, 'edge_hidden_dim': 45, 'depth': 2, 'rep_dropout': 0.027486692100020013, 'train_learning_rate': 0.003850798319166925, 'train_lr_reduce': 0.6}. Best is trial 724 with value: 0.1670333594083786.
[I 2024-12-19 08:45:00,986] Trial 978 finished with value: 1.1438395977020264 and parameters: {'mlp_n_layers': 2, 'mlp_dim_00': 107, 'mlp_dim_01': 220, 'node_hidden_dim': 117, 'edge_hidden_dim': 83, 'depth': 3, 'rep_dropout': 0.19947825647312825, 'train_learning_rate': 0.002138417809553237, 'train_lr_reduce': 0.6}. Best is trial 724 with value: 0.1670333594083786.
[I 2024-12-19 08:45:01,695] Trial 979 finished with value: 1.1419769525527954 and parameters: {'mlp_n_layers': 2, 'mlp_dim_00': 145, 'mlp_dim_01': 101, 'node_hidden_dim': 96, 'edge_hidden_dim': 94, 'depth': 2, 'rep_dropout': 0.19879686626825202, 'train_learning_rate': 0.00041484821867454884, 'train_lr_reduce': 0.6}. Best is trial 724 with value: 0.1670333594083786.
[I 2024-12-19 08:45:08,026] Trial 981 finished with value: 1.1429959535598755 and parameters: {'mlp_n_layers': 2, 'mlp_dim_00': 346, 'mlp_dim_01': 367, 'node_hidden_dim': 59, 'edge_hidden_dim': 41, 'depth': 2, 'rep_dropout': 0.010510674317637348, 'train_learning_rate': 0.009729973636632321, 'train_lr_reduce': 0.6}. Best is trial 724 with value: 0.1670333594083786.
[I 2024-12-19 08:45:09,073] Trial 980 finished with value: 1.1425821781158447 and parameters: {'mlp_n_layers': 4, 'mlp_dim_00': 495, 'mlp_dim_01': 335, 'mlp_dim_02': 471, 'mlp_dim_03': 190, 'node_hidden_dim': 107, 'edge_hidden_dim': 96, 'depth': 2, 'rep_dropout': 0.001158243133169607, 'train_learning_rate': 0.0031749746368980175, 'train_lr_reduce': 0.6}. Best is trial 724 with value: 0.1670333594083786.
[I 2024-12-19 08:45:14,327] Trial 977 finished with value: 0.6203579902648926 and parameters: {'mlp_n_layers': 2, 'mlp_dim_00': 465, 'mlp_dim_01': 410, 'node_hidden_dim': 128, 'edge_hidden_dim': 88, 'depth': 2, 'rep_dropout': 0.07834378158124565, 'train_learning_rate': 0.004831004807750215, 'train_lr_reduce': 0.6}. Best is trial 724 with value: 0.1670333594083786.
[I 2024-12-19 08:45:14,394] Trial 982 finished with value: 1.1498090028762817 and parameters: {'mlp_n_layers': 3, 'mlp_dim_00': 489, 'mlp_dim_01': 378, 'mlp_dim_02': 388, 'node_hidden_dim': 82, 'edge_hidden_dim': 32, 'depth': 2, 'rep_dropout': 0.016879427666516802, 'train_learning_rate': 0.0034720870587082895, 'train_lr_reduce': 0.6}. Best is trial 724 with value: 0.1670333594083786.
[I 2024-12-19 08:45:20,634] Trial 985 finished with value: 1.1474741697311401 and parameters: {'mlp_n_layers': 2, 'mlp_dim_00': 372, 'mlp_dim_01': 501, 'node_hidden_dim': 80, 'edge_hidden_dim': 47, 'depth': 2, 'rep_dropout': 0.04177155919553651, 'train_learning_rate': 0.0033839737247354056, 'train_lr_reduce': 0.6}. Best is trial 724 with value: 0.1670333594083786.
[I 2024-12-19 08:45:30,290] Trial 984 finished with value: 0.688683032989502 and parameters: {'mlp_n_layers': 3, 'mlp_dim_00': 368, 'mlp_dim_01': 460, 'mlp_dim_02': 471, 'node_hidden_dim': 63, 'edge_hidden_dim': 32, 'depth': 2, 'rep_dropout': 0.017323684010899107, 'train_learning_rate': 0.0099680372507317, 'train_lr_reduce': 0.6}. Best is trial 724 with value: 0.1670333594083786.
[I 2024-12-19 08:45:34,358] Trial 983 finished with value: 0.6251636147499084 and parameters: {'mlp_n_layers': 3, 'mlp_dim_00': 511, 'mlp_dim_01': 449, 'mlp_dim_02': 431, 'node_hidden_dim': 116, 'edge_hidden_dim': 54, 'depth': 2, 'rep_dropout': 0.011025090663489267, 'train_learning_rate': 0.006401498750625921, 'train_lr_reduce': 0.6}. Best is trial 724 with value: 0.1670333594083786.
[I 2024-12-19 08:45:36,739] Trial 987 finished with value: 1.1430141925811768 and parameters: {'mlp_n_layers': 2, 'mlp_dim_00': 489, 'mlp_dim_01': 505, 'node_hidden_dim': 76, 'edge_hidden_dim': 62, 'depth': 2, 'rep_dropout': 0.008543642511157752, 'train_learning_rate': 0.008243193087436672, 'train_lr_reduce': 0.6}. Best is trial 724 with value: 0.1670333594083786.
[I 2024-12-19 08:45:42,026] Trial 986 finished with value: 0.20861037075519562 and parameters: {'mlp_n_layers': 3, 'mlp_dim_00': 436, 'mlp_dim_01': 325, 'mlp_dim_02': 422, 'node_hidden_dim': 119, 'edge_hidden_dim': 79, 'depth': 2, 'rep_dropout': 0.04861240141975719, 'train_learning_rate': 0.007420873499421626, 'train_lr_reduce': 0.6}. Best is trial 724 with value: 0.1670333594083786.
[I 2024-12-19 08:45:44,246] Trial 988 finished with value: 1.1421403884887695 and parameters: {'mlp_n_layers': 4, 'mlp_dim_00': 377, 'mlp_dim_01': 484, 'mlp_dim_02': 273, 'mlp_dim_03': 374, 'node_hidden_dim': 93, 'edge_hidden_dim': 57, 'depth': 3, 'rep_dropout': 0.026998893778021615, 'train_learning_rate': 0.00020021780446134645, 'train_lr_reduce': 0.6}. Best is trial 724 with value: 0.1670333594083786.
[I 2024-12-19 08:45:51,459] Trial 991 finished with value: 1.1483449935913086 and parameters: {'mlp_n_layers': 4, 'mlp_dim_00': 512, 'mlp_dim_01': 386, 'mlp_dim_02': 408, 'mlp_dim_03': 276, 'node_hidden_dim': 112, 'edge_hidden_dim': 67, 'depth': 2, 'rep_dropout': 0.04186329336338651, 'train_learning_rate': 0.001957835264594043, 'train_lr_reduce': 0.6}. Best is trial 724 with value: 0.1670333594083786.
[I 2024-12-19 08:45:54,888] Trial 990 finished with value: 0.8342207074165344 and parameters: {'mlp_n_layers': 3, 'mlp_dim_00': 436, 'mlp_dim_01': 376, 'mlp_dim_02': 397, 'node_hidden_dim': 126, 'edge_hidden_dim': 83, 'depth': 2, 'rep_dropout': 0.053306107017908874, 'train_learning_rate': 0.008946713341335694, 'train_lr_reduce': 0.6}. Best is trial 724 with value: 0.1670333594083786.
[I 2024-12-19 08:45:59,709] Trial 989 finished with value: 0.36241614818573 and parameters: {'mlp_n_layers': 2, 'mlp_dim_00': 444, 'mlp_dim_01': 465, 'node_hidden_dim': 34, 'edge_hidden_dim': 46, 'depth': 2, 'rep_dropout': 0.0651815314719845, 'train_learning_rate': 0.006799672476275752, 'train_lr_reduce': 0.6}. Best is trial 724 with value: 0.1670333594083786.
[I 2024-12-19 08:46:02,704] Trial 993 finished with value: 1.1405978202819824 and parameters: {'mlp_n_layers': 3, 'mlp_dim_00': 495, 'mlp_dim_01': 392, 'mlp_dim_02': 412, 'node_hidden_dim': 128, 'edge_hidden_dim': 68, 'depth': 2, 'rep_dropout': 0.09491217774470945, 'train_learning_rate': 0.009509229957651693, 'train_lr_reduce': 0.6}. Best is trial 724 with value: 0.1670333594083786.
[I 2024-12-19 08:46:10,200] Trial 995 finished with value: 1.1427509784698486 and parameters: {'mlp_n_layers': 4, 'mlp_dim_00': 90, 'mlp_dim_01': 111, 'mlp_dim_02': 370, 'mlp_dim_03': 221, 'node_hidden_dim': 50, 'edge_hidden_dim': 89, 'depth': 3, 'rep_dropout': 0.10511438681188068, 'train_learning_rate': 0.0013946612464148104, 'train_lr_reduce': 0.6}. Best is trial 724 with value: 0.1670333594083786.
[I 2024-12-19 08:46:13,880] Trial 994 finished with value: 0.6689026355743408 and parameters: {'mlp_n_layers': 4, 'mlp_dim_00': 507, 'mlp_dim_01': 390, 'mlp_dim_02': 424, 'mlp_dim_03': 143, 'node_hidden_dim': 127, 'edge_hidden_dim': 96, 'depth': 2, 'rep_dropout': 0.07381433076916244, 'train_learning_rate': 0.005331436078666444, 'train_lr_reduce': 0.6}. Best is trial 724 with value: 0.1670333594083786.
[I 2024-12-19 08:46:17,281] Trial 992 finished with value: 0.6096192002296448 and parameters: {'mlp_n_layers': 2, 'mlp_dim_00': 419, 'mlp_dim_01': 400, 'node_hidden_dim': 120, 'edge_hidden_dim': 72, 'depth': 2, 'rep_dropout': 0.06714235932940882, 'train_learning_rate': 0.008498805637090873, 'train_lr_reduce': 0.6}. Best is trial 724 with value: 0.1670333594083786.
[I 2024-12-19 08:46:21,063] Trial 996 finished with value: 0.9001762270927429 and parameters: {'mlp_n_layers': 2, 'mlp_dim_00': 498, 'mlp_dim_01': 414, 'node_hidden_dim': 122, 'edge_hidden_dim': 53, 'depth': 2, 'rep_dropout': 0.0431914031742961, 'train_learning_rate': 0.009188834575417958, 'train_lr_reduce': 0.6}. Best is trial 724 with value: 0.1670333594083786.
[I 2024-12-19 08:46:25,043] Trial 998 finished with value: 1.1421163082122803 and parameters: {'mlp_n_layers': 2, 'mlp_dim_00': 487, 'mlp_dim_01': 357, 'node_hidden_dim': 48, 'edge_hidden_dim': 37, 'depth': 3, 'rep_dropout': 0.028787264906138522, 'train_learning_rate': 0.009630370425268459, 'train_lr_reduce': 0.6}. Best is trial 724 with value: 0.1670333594083786.
[I 2024-12-19 08:46:27,290] Trial 999 finished with value: 1.1512070894241333 and parameters: {'mlp_n_layers': 3, 'mlp_dim_00': 438, 'mlp_dim_01': 456, 'mlp_dim_02': 455, 'node_hidden_dim': 99, 'edge_hidden_dim': 74, 'depth': 3, 'rep_dropout': 0.04464890373815177, 'train_learning_rate': 0.003120992720472385, 'train_lr_reduce': 0.6}. Best is trial 724 with value: 0.1670333594083786.
[I 2024-12-19 08:46:32,758] Trial 1000 finished with value: 1.1431266069412231 and parameters: {'mlp_n_layers': 3, 'mlp_dim_00': 345, 'mlp_dim_01': 444, 'mlp_dim_02': 375, 'node_hidden_dim': 80, 'edge_hidden_dim': 62, 'depth': 3, 'rep_dropout': 0.1838939301309543, 'train_learning_rate': 0.0005590812580142491, 'train_lr_reduce': 0.6}. Best is trial 724 with value: 0.1670333594083786.
[I 2024-12-19 08:46:35,937] Trial 997 finished with value: 0.19918322563171387 and parameters: {'mlp_n_layers': 3, 'mlp_dim_00': 397, 'mlp_dim_01': 348, 'mlp_dim_02': 425, 'node_hidden_dim': 124, 'edge_hidden_dim': 61, 'depth': 2, 'rep_dropout': 0.06863297724957733, 'train_learning_rate': 0.00650258803336088, 'train_lr_reduce': 0.6}. Best is trial 724 with value: 0.1670333594083786.
[I 2024-12-19 08:46:41,279] Trial 1002 finished with value: 1.1427196264266968 and parameters: {'mlp_n_layers': 4, 'mlp_dim_00': 416, 'mlp_dim_01': 360, 'mlp_dim_02': 473, 'mlp_dim_03': 441, 'node_hidden_dim': 100, 'edge_hidden_dim': 84, 'depth': 2, 'rep_dropout': 0.018722704398425785, 'train_learning_rate': 0.0044394915553180704, 'train_lr_reduce': 0.6}. Best is trial 724 with value: 0.1670333594083786.
[I 2024-12-19 08:46:48,286] Trial 1001 finished with value: 0.669428288936615 and parameters: {'mlp_n_layers': 3, 'mlp_dim_00': 482, 'mlp_dim_01': 206, 'mlp_dim_02': 433, 'node_hidden_dim': 128, 'edge_hidden_dim': 82, 'depth': 2, 'rep_dropout': 0.02242491911014717, 'train_learning_rate': 0.0055337146766148305, 'train_lr_reduce': 0.6}. Best is trial 724 with value: 0.1670333594083786.
[I 2024-12-19 08:46:48,417] Trial 1003 finished with value: 0.8636906743049622 and parameters: {'mlp_n_layers': 3, 'mlp_dim_00': 400, 'mlp_dim_01': 353, 'mlp_dim_02': 414, 'node_hidden_dim': 128, 'edge_hidden_dim': 72, 'depth': 2, 'rep_dropout': 0.05933290181551322, 'train_learning_rate': 0.007903344465786137, 'train_lr_reduce': 0.6}. Best is trial 724 with value: 0.1670333594083786.
[I 2024-12-19 08:46:48,526] Trial 1004 finished with value: 1.1442437171936035 and parameters: {'mlp_n_layers': 2, 'mlp_dim_00': 387, 'mlp_dim_01': 328, 'node_hidden_dim': 112, 'edge_hidden_dim': 87, 'depth': 2, 'rep_dropout': 0.10658193278486017, 'train_learning_rate': 0.007244157985553286, 'train_lr_reduce': 0.6}. Best is trial 724 with value: 0.1670333594083786.
[I 2024-12-19 08:46:54,438] Trial 1005 finished with value: 1.1450819969177246 and parameters: {'mlp_n_layers': 3, 'mlp_dim_00': 504, 'mlp_dim_01': 237, 'mlp_dim_02': 418, 'node_hidden_dim': 127, 'edge_hidden_dim': 57, 'depth': 2, 'rep_dropout': 0.009493416743690072, 'train_learning_rate': 0.0038535232462755353, 'train_lr_reduce': 0.6}. Best is trial 724 with value: 0.1670333594083786.
[I 2024-12-19 08:46:55,519] Trial 1007 finished with value: 1.1422017812728882 and parameters: {'mlp_n_layers': 2, 'mlp_dim_00': 496, 'mlp_dim_01': 430, 'node_hidden_dim': 121, 'edge_hidden_dim': 107, 'depth': 2, 'rep_dropout': 0.1502505160771628, 'train_learning_rate': 0.00021985473630742607, 'train_lr_reduce': 0.6}. Best is trial 724 with value: 0.1670333594083786.
[I 2024-12-19 08:47:00,195] Trial 1008 finished with value: 1.145362377166748 and parameters: {'mlp_n_layers': 3, 'mlp_dim_00': 504, 'mlp_dim_01': 253, 'mlp_dim_02': 388, 'node_hidden_dim': 125, 'edge_hidden_dim': 50, 'depth': 2, 'rep_dropout': 0.05862508070752165, 'train_learning_rate': 0.0026616370659358845, 'train_lr_reduce': 0.6}. Best is trial 724 with value: 0.1670333594083786.
[I 2024-12-19 08:47:06,355] Trial 1009 finished with value: 1.1237077713012695 and parameters: {'mlp_n_layers': 3, 'mlp_dim_00': 450, 'mlp_dim_01': 271, 'mlp_dim_02': 436, 'node_hidden_dim': 112, 'edge_hidden_dim': 69, 'depth': 2, 'rep_dropout': 0.053907633331576096, 'train_learning_rate': 0.009930676491879328, 'train_lr_reduce': 0.6}. Best is trial 724 with value: 0.1670333594083786.
[I 2024-12-19 08:47:06,661] Trial 1010 finished with value: 1.1429297924041748 and parameters: {'mlp_n_layers': 2, 'mlp_dim_00': 116, 'mlp_dim_01': 71, 'node_hidden_dim': 76, 'edge_hidden_dim': 123, 'depth': 4, 'rep_dropout': 0.053049436641102454, 'train_learning_rate': 0.0012658089004758965, 'train_lr_reduce': 0.6}. Best is trial 724 with value: 0.1670333594083786.
[I 2024-12-19 08:47:07,472] Trial 1006 finished with value: 0.7726587057113647 and parameters: {'mlp_n_layers': 3, 'mlp_dim_00': 440, 'mlp_dim_01': 319, 'mlp_dim_02': 426, 'node_hidden_dim': 127, 'edge_hidden_dim': 89, 'depth': 2, 'rep_dropout': 0.07745514396862123, 'train_learning_rate': 0.006795476357580771, 'train_lr_reduce': 0.6}. Best is trial 724 with value: 0.1670333594083786.
[I 2024-12-19 08:47:15,362] Trial 1013 finished with value: 1.1491714715957642 and parameters: {'mlp_n_layers': 3, 'mlp_dim_00': 404, 'mlp_dim_01': 376, 'mlp_dim_02': 465, 'node_hidden_dim': 126, 'edge_hidden_dim': 59, 'depth': 2, 'rep_dropout': 0.03701352408913732, 'train_learning_rate': 0.00331206240779994, 'train_lr_reduce': 0.6}. Best is trial 724 with value: 0.1670333594083786.
[I 2024-12-19 08:47:28,775] Trial 1012 finished with value: 0.43030035495758057 and parameters: {'mlp_n_layers': 3, 'mlp_dim_00': 448, 'mlp_dim_01': 353, 'mlp_dim_02': 386, 'node_hidden_dim': 125, 'edge_hidden_dim': 82, 'depth': 2, 'rep_dropout': 0.021029344829457126, 'train_learning_rate': 0.007447885432798051, 'train_lr_reduce': 0.6}. Best is trial 724 with value: 0.1670333594083786.
[I 2024-12-19 08:47:31,415] Trial 1011 finished with value: 0.44833144545555115 and parameters: {'mlp_n_layers': 3, 'mlp_dim_00': 460, 'mlp_dim_01': 311, 'mlp_dim_02': 432, 'node_hidden_dim': 127, 'edge_hidden_dim': 104, 'depth': 2, 'rep_dropout': 0.020774480014608722, 'train_learning_rate': 0.003935318362362214, 'train_lr_reduce': 0.6}. Best is trial 724 with value: 0.1670333594083786.
[I 2024-12-19 08:47:38,525] Trial 1014 finished with value: 0.37357452511787415 and parameters: {'mlp_n_layers': 3, 'mlp_dim_00': 501, 'mlp_dim_01': 373, 'mlp_dim_02': 361, 'node_hidden_dim': 83, 'edge_hidden_dim': 32, 'depth': 2, 'rep_dropout': 0.055511762152661945, 'train_learning_rate': 0.006669264858592066, 'train_lr_reduce': 0.6}. Best is trial 724 with value: 0.1670333594083786.
[I 2024-12-19 08:47:39,389] Trial 1016 finished with value: 1.1438401937484741 and parameters: {'mlp_n_layers': 4, 'mlp_dim_00': 503, 'mlp_dim_01': 319, 'mlp_dim_02': 470, 'mlp_dim_03': 339, 'node_hidden_dim': 90, 'edge_hidden_dim': 81, 'depth': 3, 'rep_dropout': 0.052433078104397235, 'train_learning_rate': 0.0024530661232825676, 'train_lr_reduce': 0.6}. Best is trial 724 with value: 0.1670333594083786.
[I 2024-12-19 08:47:48,499] Trial 1018 finished with value: 1.1429228782653809 and parameters: {'mlp_n_layers': 2, 'mlp_dim_00': 96, 'mlp_dim_01': 396, 'node_hidden_dim': 109, 'edge_hidden_dim': 123, 'depth': 4, 'rep_dropout': 0.02990998966304892, 'train_learning_rate': 0.0008257302657883452, 'train_lr_reduce': 0.6}. Best is trial 724 with value: 0.1670333594083786.
[I 2024-12-19 08:47:51,612] Trial 1015 finished with value: 0.5641852021217346 and parameters: {'mlp_n_layers': 3, 'mlp_dim_00': 378, 'mlp_dim_01': 185, 'mlp_dim_02': 436, 'node_hidden_dim': 112, 'edge_hidden_dim': 93, 'depth': 2, 'rep_dropout': 0.06417670688767411, 'train_learning_rate': 0.005256216779414774, 'train_lr_reduce': 0.6}. Best is trial 724 with value: 0.1670333594083786.
[I 2024-12-19 08:47:56,269] Trial 1019 finished with value: 1.152877926826477 and parameters: {'mlp_n_layers': 3, 'mlp_dim_00': 496, 'mlp_dim_01': 346, 'mlp_dim_02': 441, 'node_hidden_dim': 107, 'edge_hidden_dim': 71, 'depth': 2, 'rep_dropout': 0.03753477867595473, 'train_learning_rate': 0.003612056741462825, 'train_lr_reduce': 0.6}. Best is trial 724 with value: 0.1670333594083786.
[I 2024-12-19 08:48:03,692] Trial 1017 finished with value: 0.25321194529533386 and parameters: {'mlp_n_layers': 3, 'mlp_dim_00': 499, 'mlp_dim_01': 326, 'mlp_dim_02': 394, 'node_hidden_dim': 125, 'edge_hidden_dim': 60, 'depth': 2, 'rep_dropout': 0.07391377313905735, 'train_learning_rate': 0.003307189084615348, 'train_lr_reduce': 0.6}. Best is trial 724 with value: 0.1670333594083786.
[I 2024-12-19 08:48:12,544] Trial 1022 finished with value: 1.142633080482483 and parameters: {'mlp_n_layers': 4, 'mlp_dim_00': 422, 'mlp_dim_01': 126, 'mlp_dim_02': 423, 'mlp_dim_03': 397, 'node_hidden_dim': 61, 'edge_hidden_dim': 128, 'depth': 3, 'rep_dropout': 0.2456801892373966, 'train_learning_rate': 0.0002225643081666336, 'train_lr_reduce': 0.6}. Best is trial 724 with value: 0.1670333594083786.
[I 2024-12-19 08:48:14,585] Trial 1020 finished with value: 0.2670134902000427 and parameters: {'mlp_n_layers': 4, 'mlp_dim_00': 418, 'mlp_dim_01': 287, 'mlp_dim_02': 332, 'mlp_dim_03': 292, 'node_hidden_dim': 119, 'edge_hidden_dim': 77, 'depth': 2, 'rep_dropout': 0.10886822585202052, 'train_learning_rate': 0.005004759696374559, 'train_lr_reduce': 0.6}. Best is trial 724 with value: 0.1670333594083786.
[I 2024-12-19 08:48:18,749] Trial 1023 finished with value: 1.14278244972229 and parameters: {'mlp_n_layers': 2, 'mlp_dim_00': 511, 'mlp_dim_01': 511, 'node_hidden_dim': 125, 'edge_hidden_dim': 79, 'depth': 3, 'rep_dropout': 0.03243548806701387, 'train_learning_rate': 0.003101314385498577, 'train_lr_reduce': 0.6}. Best is trial 724 with value: 0.1670333594083786.
[I 2024-12-19 08:48:20,241] Trial 1024 finished with value: 1.1434683799743652 and parameters: {'mlp_n_layers': 2, 'mlp_dim_00': 512, 'mlp_dim_01': 441, 'node_hidden_dim': 121, 'edge_hidden_dim': 72, 'depth': 2, 'rep_dropout': 0.01529747327085991, 'train_learning_rate': 0.0014123914769090251, 'train_lr_reduce': 0.6}. Best is trial 724 with value: 0.1670333594083786.
[I 2024-12-19 08:48:21,866] Trial 1021 finished with value: 0.7064343094825745 and parameters: {'mlp_n_layers': 4, 'mlp_dim_00': 325, 'mlp_dim_01': 437, 'mlp_dim_02': 478, 'mlp_dim_03': 173, 'node_hidden_dim': 123, 'edge_hidden_dim': 85, 'depth': 2, 'rep_dropout': 0.030628610557807162, 'train_learning_rate': 0.008315977605377558, 'train_lr_reduce': 0.6}. Best is trial 724 with value: 0.1670333594083786.
[I 2024-12-19 08:48:28,954] Trial 1027 finished with value: 1.147386074066162 and parameters: {'mlp_n_layers': 2, 'mlp_dim_00': 477, 'mlp_dim_01': 469, 'node_hidden_dim': 77, 'edge_hidden_dim': 123, 'depth': 3, 'rep_dropout': 0.21724882382983107, 'train_learning_rate': 0.00043129156055752964, 'train_lr_reduce': 0.6}. Best is trial 724 with value: 0.1670333594083786.
[I 2024-12-19 08:48:41,476] Trial 1025 finished with value: 0.22321569919586182 and parameters: {'mlp_n_layers': 2, 'mlp_dim_00': 502, 'mlp_dim_01': 476, 'node_hidden_dim': 128, 'edge_hidden_dim': 38, 'depth': 2, 'rep_dropout': 0.0459511343558178, 'train_learning_rate': 0.006218001832507055, 'train_lr_reduce': 0.6}. Best is trial 724 with value: 0.1670333594083786.
[I 2024-12-19 08:48:43,116] Trial 1026 finished with value: 0.6183594465255737 and parameters: {'mlp_n_layers': 3, 'mlp_dim_00': 403, 'mlp_dim_01': 323, 'mlp_dim_02': 478, 'node_hidden_dim': 124, 'edge_hidden_dim': 59, 'depth': 3, 'rep_dropout': 0.0670814963754498, 'train_learning_rate': 0.008796391379457712, 'train_lr_reduce': 0.6}. Best is trial 724 with value: 0.1670333594083786.
[I 2024-12-19 08:48:47,738] Trial 1029 finished with value: 1.143688440322876 and parameters: {'mlp_n_layers': 3, 'mlp_dim_00': 434, 'mlp_dim_01': 398, 'mlp_dim_02': 433, 'node_hidden_dim': 82, 'edge_hidden_dim': 79, 'depth': 2, 'rep_dropout': 0.03431729450356053, 'train_learning_rate': 0.002907274317852513, 'train_lr_reduce': 0.6}. Best is trial 724 with value: 0.1670333594083786.
