[I 2024-12-24 23:43:47,240] Trial 835 finished with value: 0.011495294980704784 and parameters: {'L1_hidden_dim': 192, 'L1_layers_atom': 4, 'L1_layers_mol': 4, 'L1_dropout': 0.05939381135892613, 'L1_out_dim': 48, 'L2_hidden_dim': 192, 'L2_layers_atom': 2, 'L2_layers_mol': 1, 'L2_out_dim': 32, 'L2_dropout': 0.1477273006988352, 'L3_hidden_dim': 112, 'L3_layers_atom': 3, 'L3_layers_mol': 4, 'L3_out_dim': 80, 'L3_dropout': 0.15064787299495938, 'n_mlp_layers': 2, 'mlp_dim_0': 296, 'mlp_dim_1': 248, 'num_heads': 2, 'final_dropout': 0.05880462392107564, 'train_learning_rate': 0.0017411966507912876, 'train_lr_reduce': 0.6}. Best is trial 570 with value: 0.00952998548746109.
[I 2024-12-24 23:44:27,231] Trial 837 finished with value: 0.012429047375917435 and parameters: {'L1_hidden_dim': 240, 'L1_layers_atom': 3, 'L1_layers_mol': 3, 'L1_dropout': 0.022770815062001088, 'L1_out_dim': 48, 'L2_hidden_dim': 96, 'L2_layers_atom': 2, 'L2_layers_mol': 1, 'L2_out_dim': 64, 'L2_dropout': 0.021879699647762724, 'L3_hidden_dim': 96, 'L3_layers_atom': 4, 'L3_layers_mol': 1, 'L3_out_dim': 96, 'L3_dropout': 0.20849489610540783, 'n_mlp_layers': 1, 'mlp_dim_0': 432, 'num_heads': 1, 'final_dropout': 0.02490883884787306, 'train_learning_rate': 0.0032434573261529214, 'train_lr_reduce': 0.6}. Best is trial 570 with value: 0.00952998548746109.
[I 2024-12-24 23:44:54,158] Trial 836 finished with value: 0.012237860821187496 and parameters: {'L1_hidden_dim': 80, 'L1_layers_atom': 3, 'L1_layers_mol': 4, 'L1_dropout': 0.015013427129033717, 'L1_out_dim': 32, 'L2_hidden_dim': 128, 'L2_layers_atom': 4, 'L2_layers_mol': 1, 'L2_out_dim': 32, 'L2_dropout': 0.045692998406953726, 'L3_hidden_dim': 80, 'L3_layers_atom': 3, 'L3_layers_mol': 1, 'L3_out_dim': 112, 'L3_dropout': 0.15629302505963238, 'n_mlp_layers': 3, 'mlp_dim_0': 248, 'mlp_dim_1': 320, 'mlp_dim_2': 192, 'num_heads': 2, 'final_dropout': 0.10444578047011044, 'train_learning_rate': 0.006091261480859938, 'train_lr_reduce': 0.6}. Best is trial 570 with value: 0.00952998548746109.
[I 2024-12-24 23:45:13,674] Trial 838 finished with value: 0.010255459696054459 and parameters: {'L1_hidden_dim': 256, 'L1_layers_atom': 1, 'L1_layers_mol': 4, 'L1_dropout': 0.004002368916834495, 'L1_out_dim': 112, 'L2_hidden_dim': 96, 'L2_layers_atom': 3, 'L2_layers_mol': 1, 'L2_out_dim': 64, 'L2_dropout': 0.09990552277513469, 'L3_hidden_dim': 112, 'L3_layers_atom': 3, 'L3_layers_mol': 2, 'L3_out_dim': 112, 'L3_dropout': 0.2446202446578081, 'n_mlp_layers': 1, 'mlp_dim_0': 416, 'num_heads': 1, 'final_dropout': 0.15818061792438037, 'train_learning_rate': 0.001457167821611454, 'train_lr_reduce': 0.6}. Best is trial 570 with value: 0.00952998548746109.
[I 2024-12-24 23:46:37,311] Trial 839 finished with value: 0.010718531906604767 and parameters: {'L1_hidden_dim': 144, 'L1_layers_atom': 4, 'L1_layers_mol': 3, 'L1_dropout': 0.017636547251192652, 'L1_out_dim': 32, 'L2_hidden_dim': 192, 'L2_layers_atom': 4, 'L2_layers_mol': 1, 'L2_out_dim': 64, 'L2_dropout': 0.07404468795498598, 'L3_hidden_dim': 96, 'L3_layers_atom': 2, 'L3_layers_mol': 1, 'L3_out_dim': 80, 'L3_dropout': 0.24217853196849434, 'n_mlp_layers': 3, 'mlp_dim_0': 416, 'mlp_dim_1': 384, 'mlp_dim_2': 88, 'num_heads': 1, 'final_dropout': 0.03458042622499676, 'train_learning_rate': 0.0015121291800936898, 'train_lr_reduce': 0.6}. Best is trial 570 with value: 0.00952998548746109.
[I 2024-12-24 23:47:10,354] Trial 840 finished with value: 0.011509297415614128 and parameters: {'L1_hidden_dim': 224, 'L1_layers_atom': 4, 'L1_layers_mol': 3, 'L1_dropout': 0.0372823560505222, 'L1_out_dim': 48, 'L2_hidden_dim': 144, 'L2_layers_atom': 3, 'L2_layers_mol': 1, 'L2_out_dim': 112, 'L2_dropout': 0.046220160354442805, 'L3_hidden_dim': 80, 'L3_layers_atom': 2, 'L3_layers_mol': 4, 'L3_out_dim': 112, 'L3_dropout': 0.190100935583212, 'n_mlp_layers': 3, 'mlp_dim_0': 336, 'mlp_dim_1': 248, 'mlp_dim_2': 128, 'num_heads': 2, 'final_dropout': 0.08996547026294854, 'train_learning_rate': 0.0011308517288801875, 'train_lr_reduce': 0.6}. Best is trial 570 with value: 0.00952998548746109.
[I 2024-12-24 23:47:38,843] Trial 841 finished with value: 0.014181115664541721 and parameters: {'L1_hidden_dim': 96, 'L1_layers_atom': 4, 'L1_layers_mol': 4, 'L1_dropout': 0.1459285952682779, 'L1_out_dim': 32, 'L2_hidden_dim': 192, 'L2_layers_atom': 4, 'L2_layers_mol': 1, 'L2_out_dim': 32, 'L2_dropout': 0.05850945083065638, 'L3_hidden_dim': 80, 'L3_layers_atom': 4, 'L3_layers_mol': 2, 'L3_out_dim': 80, 'L3_dropout': 0.298052889414502, 'n_mlp_layers': 3, 'mlp_dim_0': 352, 'mlp_dim_1': 400, 'mlp_dim_2': 200, 'num_heads': 2, 'final_dropout': 0.07096560219421327, 'train_learning_rate': 0.00771803201487091, 'train_lr_reduce': 0.6}. Best is trial 570 with value: 0.00952998548746109.
[I 2024-12-24 23:48:10,360] Trial 842 finished with value: 0.01372528076171875 and parameters: {'L1_hidden_dim': 240, 'L1_layers_atom': 1, 'L1_layers_mol': 3, 'L1_dropout': 0.053769199367403216, 'L1_out_dim': 128, 'L2_hidden_dim': 96, 'L2_layers_atom': 4, 'L2_layers_mol': 1, 'L2_out_dim': 80, 'L2_dropout': 0.13209410383462022, 'L3_hidden_dim': 96, 'L3_layers_atom': 2, 'L3_layers_mol': 1, 'L3_out_dim': 128, 'L3_dropout': 0.16247902944082626, 'n_mlp_layers': 1, 'mlp_dim_0': 328, 'num_heads': 1, 'final_dropout': 0.20877016980807195, 'train_learning_rate': 0.0027605871860243826, 'train_lr_reduce': 0.6}. Best is trial 570 with value: 0.00952998548746109.
[I 2024-12-24 23:49:16,728] Trial 843 finished with value: 0.011549470946192741 and parameters: {'L1_hidden_dim': 144, 'L1_layers_atom': 1, 'L1_layers_mol': 2, 'L1_dropout': 0.00040452506683502296, 'L1_out_dim': 96, 'L2_hidden_dim': 144, 'L2_layers_atom': 4, 'L2_layers_mol': 1, 'L2_out_dim': 112, 'L2_dropout': 0.05109706693372308, 'L3_hidden_dim': 64, 'L3_layers_atom': 4, 'L3_layers_mol': 3, 'L3_out_dim': 80, 'L3_dropout': 0.13835180671953662, 'n_mlp_layers': 2, 'mlp_dim_0': 432, 'mlp_dim_1': 352, 'num_heads': 1, 'final_dropout': 0.1398072159550939, 'train_learning_rate': 0.00023136021103677847, 'train_lr_reduce': 0.6}. Best is trial 570 with value: 0.00952998548746109.
[I 2024-12-24 23:49:27,804] Trial 844 finished with value: 0.01582137867808342 and parameters: {'L1_hidden_dim': 240, 'L1_layers_atom': 2, 'L1_layers_mol': 4, 'L1_dropout': 0.06750467699211757, 'L1_out_dim': 112, 'L2_hidden_dim': 144, 'L2_layers_atom': 1, 'L2_layers_mol': 2, 'L2_out_dim': 64, 'L2_dropout': 0.1227216591827484, 'L3_hidden_dim': 96, 'L3_layers_atom': 3, 'L3_layers_mol': 1, 'L3_out_dim': 64, 'L3_dropout': 0.1776716260873148, 'n_mlp_layers': 1, 'mlp_dim_0': 424, 'num_heads': 1, 'final_dropout': 0.16076991588557843, 'train_learning_rate': 0.003003823785255817, 'train_lr_reduce': 0.6}. Best is trial 570 with value: 0.00952998548746109.
[I 2024-12-24 23:49:49,943] Trial 845 finished with value: 0.010979886166751385 and parameters: {'L1_hidden_dim': 176, 'L1_layers_atom': 2, 'L1_layers_mol': 3, 'L1_dropout': 0.029314405896310316, 'L1_out_dim': 112, 'L2_hidden_dim': 176, 'L2_layers_atom': 4, 'L2_layers_mol': 1, 'L2_out_dim': 48, 'L2_dropout': 0.08357527101121023, 'L3_hidden_dim': 128, 'L3_layers_atom': 4, 'L3_layers_mol': 1, 'L3_out_dim': 128, 'L3_dropout': 0.23762914968024623, 'n_mlp_layers': 1, 'mlp_dim_0': 480, 'num_heads': 1, 'final_dropout': 0.22818430361891573, 'train_learning_rate': 0.0007247884488282613, 'train_lr_reduce': 0.6}. Best is trial 570 with value: 0.00952998548746109.
[I 2024-12-24 23:50:24,767] Trial 847 finished with value: 0.011533185839653015 and parameters: {'L1_hidden_dim': 176, 'L1_layers_atom': 1, 'L1_layers_mol': 4, 'L1_dropout': 0.013309201861101967, 'L1_out_dim': 32, 'L2_hidden_dim': 208, 'L2_layers_atom': 3, 'L2_layers_mol': 2, 'L2_out_dim': 32, 'L2_dropout': 0.17422920512737758, 'L3_hidden_dim': 128, 'L3_layers_atom': 2, 'L3_layers_mol': 3, 'L3_out_dim': 112, 'L3_dropout': 0.24376286438162736, 'n_mlp_layers': 3, 'mlp_dim_0': 328, 'mlp_dim_1': 328, 'mlp_dim_2': 136, 'num_heads': 1, 'final_dropout': 0.13467067003959546, 'train_learning_rate': 0.0016278110142699637, 'train_lr_reduce': 0.6}. Best is trial 570 with value: 0.00952998548746109.
[I 2024-12-24 23:50:57,428] Trial 848 finished with value: 0.013949211686849594 and parameters: {'L1_hidden_dim': 240, 'L1_layers_atom': 1, 'L1_layers_mol': 4, 'L1_dropout': 0.041609689490020384, 'L1_out_dim': 80, 'L2_hidden_dim': 96, 'L2_layers_atom': 3, 'L2_layers_mol': 1, 'L2_out_dim': 80, 'L2_dropout': 0.08027265455658268, 'L3_hidden_dim': 96, 'L3_layers_atom': 3, 'L3_layers_mol': 2, 'L3_out_dim': 96, 'L3_dropout': 0.2829154118176979, 'n_mlp_layers': 1, 'mlp_dim_0': 376, 'num_heads': 1, 'final_dropout': 0.18168004856877543, 'train_learning_rate': 0.0027218377649125465, 'train_lr_reduce': 0.6}. Best is trial 570 with value: 0.00952998548746109.
[I 2024-12-24 23:51:03,932] Trial 846 finished with value: 0.015454698354005814 and parameters: {'L1_hidden_dim': 192, 'L1_layers_atom': 1, 'L1_layers_mol': 4, 'L1_dropout': 0.033997526742388165, 'L1_out_dim': 96, 'L2_hidden_dim': 80, 'L2_layers_atom': 3, 'L2_layers_mol': 1, 'L2_out_dim': 64, 'L2_dropout': 0.17209763509164833, 'L3_hidden_dim': 80, 'L3_layers_atom': 3, 'L3_layers_mol': 4, 'L3_out_dim': 96, 'L3_dropout': 0.2522320192960204, 'n_mlp_layers': 1, 'mlp_dim_0': 424, 'num_heads': 1, 'final_dropout': 0.10799329369240446, 'train_learning_rate': 0.0006577038085566282, 'train_lr_reduce': 0.6}. Best is trial 570 with value: 0.00952998548746109.
[I 2024-12-24 23:52:21,416] Trial 849 finished with value: 0.011705595068633556 and parameters: {'L1_hidden_dim': 256, 'L1_layers_atom': 2, 'L1_layers_mol': 4, 'L1_dropout': 0.031071416859054173, 'L1_out_dim': 128, 'L2_hidden_dim': 64, 'L2_layers_atom': 2, 'L2_layers_mol': 2, 'L2_out_dim': 48, 'L2_dropout': 0.0949412091360033, 'L3_hidden_dim': 64, 'L3_layers_atom': 2, 'L3_layers_mol': 3, 'L3_out_dim': 112, 'L3_dropout': 0.23670243869138974, 'n_mlp_layers': 2, 'mlp_dim_0': 368, 'mlp_dim_1': 312, 'num_heads': 1, 'final_dropout': 0.2161894633297902, 'train_learning_rate': 0.0020067616915636303, 'train_lr_reduce': 0.6}. Best is trial 570 with value: 0.00952998548746109.
[I 2024-12-24 23:53:19,846] Trial 851 finished with value: 0.012769832275807858 and parameters: {'L1_hidden_dim': 224, 'L1_layers_atom': 2, 'L1_layers_mol': 4, 'L1_dropout': 0.03189296296952238, 'L1_out_dim': 112, 'L2_hidden_dim': 112, 'L2_layers_atom': 2, 'L2_layers_mol': 3, 'L2_out_dim': 64, 'L2_dropout': 0.09509019453382057, 'L3_hidden_dim': 96, 'L3_layers_atom': 3, 'L3_layers_mol': 2, 'L3_out_dim': 112, 'L3_dropout': 0.27778223888085424, 'n_mlp_layers': 1, 'mlp_dim_0': 312, 'num_heads': 1, 'final_dropout': 0.11865950450128657, 'train_learning_rate': 0.0006294644511207238, 'train_lr_reduce': 0.6}. Best is trial 570 with value: 0.00952998548746109.
[I 2024-12-24 23:54:08,524] Trial 850 finished with value: 0.010960010811686516 and parameters: {'L1_hidden_dim': 256, 'L1_layers_atom': 4, 'L1_layers_mol': 3, 'L1_dropout': 0.017510357258373015, 'L1_out_dim': 32, 'L2_hidden_dim': 192, 'L2_layers_atom': 4, 'L2_layers_mol': 1, 'L2_out_dim': 32, 'L2_dropout': 0.13321216614815745, 'L3_hidden_dim': 128, 'L3_layers_atom': 4, 'L3_layers_mol': 3, 'L3_out_dim': 128, 'L3_dropout': 0.274562456548885, 'n_mlp_layers': 3, 'mlp_dim_0': 376, 'mlp_dim_1': 368, 'mlp_dim_2': 96, 'num_heads': 2, 'final_dropout': 0.04948582212534055, 'train_learning_rate': 0.0003755492999916284, 'train_lr_reduce': 0.6}. Best is trial 570 with value: 0.00952998548746109.
[I 2024-12-24 23:54:27,278] Trial 852 finished with value: 0.009560473263263702 and parameters: {'L1_hidden_dim': 256, 'L1_layers_atom': 3, 'L1_layers_mol': 3, 'L1_dropout': 0.019882038862598195, 'L1_out_dim': 32, 'L2_hidden_dim': 144, 'L2_layers_atom': 4, 'L2_layers_mol': 1, 'L2_out_dim': 48, 'L2_dropout': 0.0008366788074085779, 'L3_hidden_dim': 112, 'L3_layers_atom': 4, 'L3_layers_mol': 1, 'L3_out_dim': 128, 'L3_dropout': 0.2604866546829327, 'n_mlp_layers': 1, 'mlp_dim_0': 336, 'num_heads': 1, 'final_dropout': 0.06846746797742621, 'train_learning_rate': 0.0004737358063698884, 'train_lr_reduce': 0.6}. Best is trial 570 with value: 0.00952998548746109.
[I 2024-12-24 23:55:30,556] Trial 853 finished with value: 0.012631637044250965 and parameters: {'L1_hidden_dim': 240, 'L1_layers_atom': 3, 'L1_layers_mol': 4, 'L1_dropout': 0.07509961396423065, 'L1_out_dim': 80, 'L2_hidden_dim': 160, 'L2_layers_atom': 2, 'L2_layers_mol': 4, 'L2_out_dim': 32, 'L2_dropout': 0.027841324055910992, 'L3_hidden_dim': 80, 'L3_layers_atom': 4, 'L3_layers_mol': 2, 'L3_out_dim': 128, 'L3_dropout': 0.23647699106194528, 'n_mlp_layers': 3, 'mlp_dim_0': 168, 'mlp_dim_1': 304, 'mlp_dim_2': 216, 'num_heads': 2, 'final_dropout': 0.12678457063838566, 'train_learning_rate': 0.002504876781984021, 'train_lr_reduce': 0.6}. Best is trial 570 with value: 0.00952998548746109.
[I 2024-12-24 23:56:13,396] Trial 854 finished with value: 0.010446268133819103 and parameters: {'L1_hidden_dim': 208, 'L1_layers_atom': 4, 'L1_layers_mol': 4, 'L1_dropout': 0.030703256116705206, 'L1_out_dim': 64, 'L2_hidden_dim': 224, 'L2_layers_atom': 2, 'L2_layers_mol': 1, 'L2_out_dim': 32, 'L2_dropout': 0.22033486212022144, 'L3_hidden_dim': 96, 'L3_layers_atom': 3, 'L3_layers_mol': 2, 'L3_out_dim': 96, 'L3_dropout': 0.15758518275768285, 'n_mlp_layers': 2, 'mlp_dim_0': 120, 'mlp_dim_1': 416, 'num_heads': 2, 'final_dropout': 0.15456134010834127, 'train_learning_rate': 0.000804623366679769, 'train_lr_reduce': 0.6}. Best is trial 570 with value: 0.00952998548746109.
[I 2024-12-24 23:56:54,044] Trial 855 finished with value: 0.012501994147896767 and parameters: {'L1_hidden_dim': 208, 'L1_layers_atom': 3, 'L1_layers_mol': 1, 'L1_dropout': 0.011584400313199406, 'L1_out_dim': 32, 'L2_hidden_dim': 192, 'L2_layers_atom': 4, 'L2_layers_mol': 1, 'L2_out_dim': 64, 'L2_dropout': 0.039377357079473395, 'L3_hidden_dim': 96, 'L3_layers_atom': 4, 'L3_layers_mol': 1, 'L3_out_dim': 128, 'L3_dropout': 0.21958022616096365, 'n_mlp_layers': 1, 'mlp_dim_0': 376, 'num_heads': 1, 'final_dropout': 0.06165062746137792, 'train_learning_rate': 0.0001392255931347175, 'train_lr_reduce': 0.6}. Best is trial 570 with value: 0.00952998548746109.
[I 2024-12-24 23:56:57,433] Trial 856 finished with value: 0.010640704073011875 and parameters: {'L1_hidden_dim': 208, 'L1_layers_atom': 3, 'L1_layers_mol': 3, 'L1_dropout': 0.06670487244537925, 'L1_out_dim': 48, 'L2_hidden_dim': 224, 'L2_layers_atom': 4, 'L2_layers_mol': 1, 'L2_out_dim': 32, 'L2_dropout': 0.0013202947206384457, 'L3_hidden_dim': 96, 'L3_layers_atom': 4, 'L3_layers_mol': 1, 'L3_out_dim': 128, 'L3_dropout': 0.29105133291021423, 'n_mlp_layers': 1, 'mlp_dim_0': 152, 'num_heads': 1, 'final_dropout': 0.08545316067156401, 'train_learning_rate': 0.0012771385521507005, 'train_lr_reduce': 0.6}. Best is trial 570 with value: 0.00952998548746109.
[I 2024-12-24 23:57:40,329] Trial 859 finished with value: 0.03338776156306267 and parameters: {'L1_hidden_dim': 224, 'L1_layers_atom': 1, 'L1_layers_mol': 4, 'L1_dropout': 0.014262842465835066, 'L1_out_dim': 96, 'L2_hidden_dim': 80, 'L2_layers_atom': 3, 'L2_layers_mol': 1, 'L2_out_dim': 80, 'L2_dropout': 0.022566586267900923, 'L3_hidden_dim': 112, 'L3_layers_atom': 4, 'L3_layers_mol': 1, 'L3_out_dim': 128, 'L3_dropout': 0.2741654242466283, 'n_mlp_layers': 2, 'mlp_dim_0': 512, 'mlp_dim_1': 464, 'num_heads': 1, 'final_dropout': 0.16692062156795195, 'train_learning_rate': 0.0011113611157367136, 'train_lr_reduce': 0.6}. Best is trial 570 with value: 0.00952998548746109.
[I 2024-12-24 23:58:31,265] Trial 857 finished with value: 0.015653328970074654 and parameters: {'L1_hidden_dim': 96, 'L1_layers_atom': 2, 'L1_layers_mol': 3, 'L1_dropout': 0.0879901126403839, 'L1_out_dim': 32, 'L2_hidden_dim': 160, 'L2_layers_atom': 3, 'L2_layers_mol': 1, 'L2_out_dim': 128, 'L2_dropout': 0.0042860580819934005, 'L3_hidden_dim': 80, 'L3_layers_atom': 3, 'L3_layers_mol': 2, 'L3_out_dim': 64, 'L3_dropout': 0.12323055228995763, 'n_mlp_layers': 3, 'mlp_dim_0': 400, 'mlp_dim_1': 360, 'mlp_dim_2': 64, 'num_heads': 2, 'final_dropout': 0.22585212977132366, 'train_learning_rate': 0.006538619034243365, 'train_lr_reduce': 0.6}. Best is trial 570 with value: 0.00952998548746109.
[I 2024-12-24 23:58:47,596] Trial 858 finished with value: 0.011791733093559742 and parameters: {'L1_hidden_dim': 96, 'L1_layers_atom': 4, 'L1_layers_mol': 4, 'L1_dropout': 0.031670492574306666, 'L1_out_dim': 48, 'L2_hidden_dim': 96, 'L2_layers_atom': 4, 'L2_layers_mol': 1, 'L2_out_dim': 32, 'L2_dropout': 0.09202690147855712, 'L3_hidden_dim': 80, 'L3_layers_atom': 3, 'L3_layers_mol': 2, 'L3_out_dim': 128, 'L3_dropout': 0.15439838375248194, 'n_mlp_layers': 1, 'mlp_dim_0': 168, 'num_heads': 1, 'final_dropout': 0.05649298692424505, 'train_learning_rate': 0.0005716050346793235, 'train_lr_reduce': 0.6}. Best is trial 570 with value: 0.00952998548746109.
[I 2024-12-24 23:59:33,389] Trial 860 finished with value: 0.01088870782405138 and parameters: {'L1_hidden_dim': 224, 'L1_layers_atom': 1, 'L1_layers_mol': 4, 'L1_dropout': 0.02412701954229588, 'L1_out_dim': 128, 'L2_hidden_dim': 112, 'L2_layers_atom': 3, 'L2_layers_mol': 1, 'L2_out_dim': 64, 'L2_dropout': 0.058145902184177166, 'L3_hidden_dim': 128, 'L3_layers_atom': 2, 'L3_layers_mol': 3, 'L3_out_dim': 112, 'L3_dropout': 0.20986258844208397, 'n_mlp_layers': 1, 'mlp_dim_0': 336, 'num_heads': 1, 'final_dropout': 0.12050215681047262, 'train_learning_rate': 0.0003611624816606248, 'train_lr_reduce': 0.6}. Best is trial 570 with value: 0.00952998548746109.
[I 2024-12-25 00:00:17,186] Trial 861 finished with value: 0.01088317483663559 and parameters: {'L1_hidden_dim': 224, 'L1_layers_atom': 2, 'L1_layers_mol': 3, 'L1_dropout': 0.00443704127818984, 'L1_out_dim': 128, 'L2_hidden_dim': 112, 'L2_layers_atom': 3, 'L2_layers_mol': 1, 'L2_out_dim': 64, 'L2_dropout': 0.006545229998657823, 'L3_hidden_dim': 96, 'L3_layers_atom': 4, 'L3_layers_mol': 3, 'L3_out_dim': 128, 'L3_dropout': 0.1422275311449756, 'n_mlp_layers': 1, 'mlp_dim_0': 312, 'num_heads': 1, 'final_dropout': 0.17969698731392322, 'train_learning_rate': 0.0023636616104374575, 'train_lr_reduce': 0.6}. Best is trial 570 with value: 0.00952998548746109.
[I 2024-12-25 00:00:38,251] Trial 862 finished with value: 0.012358132749795914 and parameters: {'L1_hidden_dim': 240, 'L1_layers_atom': 2, 'L1_layers_mol': 3, 'L1_dropout': 0.03643922747567012, 'L1_out_dim': 32, 'L2_hidden_dim': 80, 'L2_layers_atom': 4, 'L2_layers_mol': 1, 'L2_out_dim': 32, 'L2_dropout': 0.0895567481739938, 'L3_hidden_dim': 96, 'L3_layers_atom': 4, 'L3_layers_mol': 1, 'L3_out_dim': 112, 'L3_dropout': 0.19442137826816547, 'n_mlp_layers': 2, 'mlp_dim_0': 336, 'mlp_dim_1': 352, 'num_heads': 1, 'final_dropout': 0.03758937281692598, 'train_learning_rate': 0.0006656738757422528, 'train_lr_reduce': 0.6}. Best is trial 570 with value: 0.00952998548746109.
[I 2024-12-25 00:01:31,990] Trial 863 finished with value: 0.01291093323379755 and parameters: {'L1_hidden_dim': 256, 'L1_layers_atom': 3, 'L1_layers_mol': 2, 'L1_dropout': 0.10925551311686488, 'L1_out_dim': 48, 'L2_hidden_dim': 144, 'L2_layers_atom': 4, 'L2_layers_mol': 2, 'L2_out_dim': 48, 'L2_dropout': 0.025176734599567544, 'L3_hidden_dim': 80, 'L3_layers_atom': 4, 'L3_layers_mol': 2, 'L3_out_dim': 128, 'L3_dropout': 0.2972914886564471, 'n_mlp_layers': 1, 'mlp_dim_0': 296, 'num_heads': 1, 'final_dropout': 0.10328647919391681, 'train_learning_rate': 0.0012429914771864973, 'train_lr_reduce': 0.6}. Best is trial 570 with value: 0.00952998548746109.
[I 2024-12-25 00:02:22,297] Trial 866 finished with value: 0.03954939916729927 and parameters: {'L1_hidden_dim': 224, 'L1_layers_atom': 4, 'L1_layers_mol': 3, 'L1_dropout': 0.007758504219405142, 'L1_out_dim': 32, 'L2_hidden_dim': 224, 'L2_layers_atom': 3, 'L2_layers_mol': 1, 'L2_out_dim': 32, 'L2_dropout': 0.289877047014539, 'L3_hidden_dim': 96, 'L3_layers_atom': 4, 'L3_layers_mol': 2, 'L3_out_dim': 112, 'L3_dropout': 0.21009134135222268, 'n_mlp_layers': 3, 'mlp_dim_0': 264, 'mlp_dim_1': 312, 'mlp_dim_2': 32, 'num_heads': 1, 'final_dropout': 0.06829352510084667, 'train_learning_rate': 0.0010386803600918129, 'train_lr_reduce': 0.6}. Best is trial 570 with value: 0.00952998548746109.
[I 2024-12-25 00:02:23,962] Trial 864 finished with value: 0.013063139282166958 and parameters: {'L1_hidden_dim': 80, 'L1_layers_atom': 1, 'L1_layers_mol': 1, 'L1_dropout': 0.07639383019746225, 'L1_out_dim': 48, 'L2_hidden_dim': 240, 'L2_layers_atom': 4, 'L2_layers_mol': 2, 'L2_out_dim': 128, 'L2_dropout': 0.03424384074546183, 'L3_hidden_dim': 128, 'L3_layers_atom': 4, 'L3_layers_mol': 1, 'L3_out_dim': 112, 'L3_dropout': 0.23071321951412643, 'n_mlp_layers': 3, 'mlp_dim_0': 504, 'mlp_dim_1': 312, 'mlp_dim_2': 160, 'num_heads': 2, 'final_dropout': 0.13381995130121685, 'train_learning_rate': 0.0044437636912677625, 'train_lr_reduce': 0.6}. Best is trial 570 with value: 0.00952998548746109.
[I 2024-12-25 00:02:53,993] Trial 865 finished with value: 0.010608991608023643 and parameters: {'L1_hidden_dim': 224, 'L1_layers_atom': 4, 'L1_layers_mol': 4, 'L1_dropout': 0.018689770769279322, 'L1_out_dim': 32, 'L2_hidden_dim': 208, 'L2_layers_atom': 3, 'L2_layers_mol': 1, 'L2_out_dim': 32, 'L2_dropout': 0.1362234001878128, 'L3_hidden_dim': 112, 'L3_layers_atom': 4, 'L3_layers_mol': 3, 'L3_out_dim': 80, 'L3_dropout': 0.24682649509105953, 'n_mlp_layers': 1, 'mlp_dim_0': 128, 'num_heads': 2, 'final_dropout': 0.1089114192220263, 'train_learning_rate': 0.001453766925796459, 'train_lr_reduce': 0.6}. Best is trial 570 with value: 0.00952998548746109.
