[I 2024-12-26 04:06:35,430] Trial 1172 finished with value: 0.016643431037664413 and parameters: {'L1_hidden_dim': 240, 'L1_layers_atom': 4, 'L1_layers_mol': 4, 'L1_dropout': 0.11006598196444922, 'L1_out_dim': 80, 'L2_hidden_dim': 240, 'L2_layers_atom': 2, 'L2_layers_mol': 2, 'L2_out_dim': 128, 'L2_dropout': 0.04035144366026692, 'L3_hidden_dim': 96, 'L3_layers_atom': 4, 'L3_layers_mol': 2, 'L3_out_dim': 128, 'L3_dropout': 0.2577321672874275, 'n_mlp_layers': 3, 'mlp_dim_0': 400, 'mlp_dim_1': 32, 'mlp_dim_2': 32, 'num_heads': 2, 'final_dropout': 0.23204476360929485, 'train_learning_rate': 0.00018911692169473935, 'train_lr_reduce': 0.6}. Best is trial 1073 with value: 0.009419886395335197.
[I 2024-12-26 04:08:41,758] Trial 1173 finished with value: 0.01311472523957491 and parameters: {'L1_hidden_dim': 176, 'L1_layers_atom': 3, 'L1_layers_mol': 3, 'L1_dropout': 0.05286367237895204, 'L1_out_dim': 80, 'L2_hidden_dim': 192, 'L2_layers_atom': 1, 'L2_layers_mol': 1, 'L2_out_dim': 128, 'L2_dropout': 0.009545258325466932, 'L3_hidden_dim': 96, 'L3_layers_atom': 3, 'L3_layers_mol': 2, 'L3_out_dim': 112, 'L3_dropout': 0.14625139167348936, 'n_mlp_layers': 2, 'mlp_dim_0': 496, 'mlp_dim_1': 376, 'num_heads': 2, 'final_dropout': 0.2526091112648858, 'train_learning_rate': 0.00016815048669576618, 'train_lr_reduce': 0.6}. Best is trial 1073 with value: 0.009419886395335197.
[I 2024-12-26 04:08:50,743] Trial 1174 finished with value: 0.014096169732511044 and parameters: {'L1_hidden_dim': 256, 'L1_layers_atom': 2, 'L1_layers_mol': 1, 'L1_dropout': 0.03591546603655656, 'L1_out_dim': 64, 'L2_hidden_dim': 240, 'L2_layers_atom': 1, 'L2_layers_mol': 2, 'L2_out_dim': 128, 'L2_dropout': 0.0016732989148366892, 'L3_hidden_dim': 48, 'L3_layers_atom': 2, 'L3_layers_mol': 1, 'L3_out_dim': 80, 'L3_dropout': 0.11483440557162347, 'n_mlp_layers': 3, 'mlp_dim_0': 192, 'mlp_dim_1': 448, 'mlp_dim_2': 120, 'num_heads': 2, 'final_dropout': 0.29986408917142665, 'train_learning_rate': 0.0016410853196670509, 'train_lr_reduce': 0.6}. Best is trial 1073 with value: 0.009419886395335197.
[I 2024-12-26 04:09:28,100] Trial 1175 finished with value: 0.011571449227631092 and parameters: {'L1_hidden_dim': 192, 'L1_layers_atom': 3, 'L1_layers_mol': 4, 'L1_dropout': 0.016272963953514116, 'L1_out_dim': 96, 'L2_hidden_dim': 144, 'L2_layers_atom': 2, 'L2_layers_mol': 3, 'L2_out_dim': 128, 'L2_dropout': 0.02060496293633861, 'L3_hidden_dim': 48, 'L3_layers_atom': 3, 'L3_layers_mol': 1, 'L3_out_dim': 112, 'L3_dropout': 0.11549152367951522, 'n_mlp_layers': 3, 'mlp_dim_0': 72, 'mlp_dim_1': 104, 'mlp_dim_2': 72, 'num_heads': 2, 'final_dropout': 0.29340379934792116, 'train_learning_rate': 0.0010147414145502706, 'train_lr_reduce': 0.6}. Best is trial 1073 with value: 0.009419886395335197.
[I 2024-12-26 04:11:27,487] Trial 1177 finished with value: 0.013557247817516327 and parameters: {'L1_hidden_dim': 176, 'L1_layers_atom': 3, 'L1_layers_mol': 3, 'L1_dropout': 0.07491182553357564, 'L1_out_dim': 80, 'L2_hidden_dim': 208, 'L2_layers_atom': 1, 'L2_layers_mol': 4, 'L2_out_dim': 128, 'L2_dropout': 0.04563523625456445, 'L3_hidden_dim': 112, 'L3_layers_atom': 3, 'L3_layers_mol': 1, 'L3_out_dim': 128, 'L3_dropout': 0.25833556840631594, 'n_mlp_layers': 2, 'mlp_dim_0': 448, 'mlp_dim_1': 360, 'num_heads': 2, 'final_dropout': 0.26148929454493725, 'train_learning_rate': 0.0010967302138330144, 'train_lr_reduce': 0.6}. Best is trial 1073 with value: 0.009419886395335197.
[I 2024-12-26 04:11:48,347] Trial 1176 finished with value: 0.0140850730240345 and parameters: {'L1_hidden_dim': 176, 'L1_layers_atom': 4, 'L1_layers_mol': 1, 'L1_dropout': 0.10878649605811286, 'L1_out_dim': 32, 'L2_hidden_dim': 240, 'L2_layers_atom': 3, 'L2_layers_mol': 2, 'L2_out_dim': 48, 'L2_dropout': 0.015500005317507606, 'L3_hidden_dim': 128, 'L3_layers_atom': 4, 'L3_layers_mol': 2, 'L3_out_dim': 128, 'L3_dropout': 0.0414326519233815, 'n_mlp_layers': 1, 'mlp_dim_0': 480, 'num_heads': 2, 'final_dropout': 0.11647769619085309, 'train_learning_rate': 0.0005360282480147578, 'train_lr_reduce': 0.6}. Best is trial 1073 with value: 0.009419886395335197.
[I 2024-12-26 04:12:55,204] Trial 1178 finished with value: 0.011832529678940773 and parameters: {'L1_hidden_dim': 128, 'L1_layers_atom': 3, 'L1_layers_mol': 4, 'L1_dropout': 0.11265211519623373, 'L1_out_dim': 112, 'L2_hidden_dim': 256, 'L2_layers_atom': 1, 'L2_layers_mol': 4, 'L2_out_dim': 128, 'L2_dropout': 0.03727288502604025, 'L3_hidden_dim': 48, 'L3_layers_atom': 3, 'L3_layers_mol': 1, 'L3_out_dim': 64, 'L3_dropout': 0.0454699919909447, 'n_mlp_layers': 3, 'mlp_dim_0': 120, 'mlp_dim_1': 416, 'mlp_dim_2': 312, 'num_heads': 2, 'final_dropout': 0.23973642952746393, 'train_learning_rate': 0.00023828248573223398, 'train_lr_reduce': 0.6}. Best is trial 1073 with value: 0.009419886395335197.
[I 2024-12-26 04:13:38,160] Trial 1179 finished with value: 0.011916310526430607 and parameters: {'L1_hidden_dim': 208, 'L1_layers_atom': 3, 'L1_layers_mol': 3, 'L1_dropout': 0.12032928302448379, 'L1_out_dim': 112, 'L2_hidden_dim': 128, 'L2_layers_atom': 1, 'L2_layers_mol': 4, 'L2_out_dim': 80, 'L2_dropout': 0.03015756685869251, 'L3_hidden_dim': 96, 'L3_layers_atom': 2, 'L3_layers_mol': 1, 'L3_out_dim': 112, 'L3_dropout': 0.21837416131879822, 'n_mlp_layers': 3, 'mlp_dim_0': 240, 'mlp_dim_1': 464, 'mlp_dim_2': 192, 'num_heads': 2, 'final_dropout': 0.19754769555977955, 'train_learning_rate': 0.0003775527365750546, 'train_lr_reduce': 0.6}. Best is trial 1073 with value: 0.009419886395335197.
[I 2024-12-26 04:14:24,649] Trial 1180 finished with value: 0.013496476225554943 and parameters: {'L1_hidden_dim': 160, 'L1_layers_atom': 3, 'L1_layers_mol': 3, 'L1_dropout': 0.07623835502697782, 'L1_out_dim': 128, 'L2_hidden_dim': 224, 'L2_layers_atom': 2, 'L2_layers_mol': 4, 'L2_out_dim': 96, 'L2_dropout': 0.039025033646540544, 'L3_hidden_dim': 64, 'L3_layers_atom': 2, 'L3_layers_mol': 1, 'L3_out_dim': 64, 'L3_dropout': 0.16371516797435276, 'n_mlp_layers': 3, 'mlp_dim_0': 144, 'mlp_dim_1': 288, 'mlp_dim_2': 248, 'num_heads': 1, 'final_dropout': 0.236018963279271, 'train_learning_rate': 0.000691998334836835, 'train_lr_reduce': 0.6}. Best is trial 1073 with value: 0.009419886395335197.
[I 2024-12-26 04:15:36,711] Trial 1181 finished with value: 0.012168599292635918 and parameters: {'L1_hidden_dim': 256, 'L1_layers_atom': 2, 'L1_layers_mol': 1, 'L1_dropout': 0.025959619315954547, 'L1_out_dim': 48, 'L2_hidden_dim': 240, 'L2_layers_atom': 4, 'L2_layers_mol': 1, 'L2_out_dim': 128, 'L2_dropout': 0.024394931353667118, 'L3_hidden_dim': 112, 'L3_layers_atom': 1, 'L3_layers_mol': 2, 'L3_out_dim': 80, 'L3_dropout': 0.05456106645188935, 'n_mlp_layers': 2, 'mlp_dim_0': 312, 'mlp_dim_1': 80, 'num_heads': 2, 'final_dropout': 0.23572399030362076, 'train_learning_rate': 0.0008292279950704466, 'train_lr_reduce': 0.6}. Best is trial 1073 with value: 0.009419886395335197.
[I 2024-12-26 04:15:53,693] Trial 1182 finished with value: 0.015854207798838615 and parameters: {'L1_hidden_dim': 176, 'L1_layers_atom': 3, 'L1_layers_mol': 2, 'L1_dropout': 0.011153753901821403, 'L1_out_dim': 48, 'L2_hidden_dim': 256, 'L2_layers_atom': 3, 'L2_layers_mol': 3, 'L2_out_dim': 32, 'L2_dropout': 0.18574558124675658, 'L3_hidden_dim': 80, 'L3_layers_atom': 1, 'L3_layers_mol': 1, 'L3_out_dim': 96, 'L3_dropout': 0.1495708832218335, 'n_mlp_layers': 3, 'mlp_dim_0': 312, 'mlp_dim_1': 368, 'mlp_dim_2': 32, 'num_heads': 2, 'final_dropout': 0.21759800871559506, 'train_learning_rate': 0.0016005632429289128, 'train_lr_reduce': 0.6}. Best is trial 1073 with value: 0.009419886395335197.
[I 2024-12-26 04:17:00,368] Trial 1183 finished with value: 0.012048070318996906 and parameters: {'L1_hidden_dim': 176, 'L1_layers_atom': 4, 'L1_layers_mol': 2, 'L1_dropout': 0.08215814181945993, 'L1_out_dim': 64, 'L2_hidden_dim': 224, 'L2_layers_atom': 3, 'L2_layers_mol': 3, 'L2_out_dim': 32, 'L2_dropout': 0.023934032645432847, 'L3_hidden_dim': 48, 'L3_layers_atom': 2, 'L3_layers_mol': 1, 'L3_out_dim': 32, 'L3_dropout': 0.2667804568614476, 'n_mlp_layers': 3, 'mlp_dim_0': 384, 'mlp_dim_1': 144, 'mlp_dim_2': 80, 'num_heads': 2, 'final_dropout': 0.17598476372414867, 'train_learning_rate': 0.00043729909096642644, 'train_lr_reduce': 0.6}. Best is trial 1073 with value: 0.009419886395335197.
[I 2024-12-26 04:18:08,649] Trial 1185 finished with value: 0.012388666160404682 and parameters: {'L1_hidden_dim': 240, 'L1_layers_atom': 1, 'L1_layers_mol': 1, 'L1_dropout': 0.007070182042666424, 'L1_out_dim': 64, 'L2_hidden_dim': 160, 'L2_layers_atom': 2, 'L2_layers_mol': 1, 'L2_out_dim': 128, 'L2_dropout': 0.09094772926977292, 'L3_hidden_dim': 112, 'L3_layers_atom': 3, 'L3_layers_mol': 4, 'L3_out_dim': 128, 'L3_dropout': 0.050788588931262584, 'n_mlp_layers': 2, 'mlp_dim_0': 416, 'mlp_dim_1': 328, 'num_heads': 2, 'final_dropout': 0.16034733041275775, 'train_learning_rate': 0.0003700133798652659, 'train_lr_reduce': 0.6}. Best is trial 1073 with value: 0.009419886395335197.
[I 2024-12-26 04:18:57,758] Trial 1186 finished with value: 0.012495284900069237 and parameters: {'L1_hidden_dim': 192, 'L1_layers_atom': 3, 'L1_layers_mol': 1, 'L1_dropout': 0.052487432376912856, 'L1_out_dim': 96, 'L2_hidden_dim': 176, 'L2_layers_atom': 1, 'L2_layers_mol': 1, 'L2_out_dim': 96, 'L2_dropout': 0.08520923395843426, 'L3_hidden_dim': 128, 'L3_layers_atom': 1, 'L3_layers_mol': 2, 'L3_out_dim': 80, 'L3_dropout': 0.03457289799248084, 'n_mlp_layers': 3, 'mlp_dim_0': 504, 'mlp_dim_1': 464, 'mlp_dim_2': 72, 'num_heads': 2, 'final_dropout': 0.17916392642376477, 'train_learning_rate': 0.0002593579968098066, 'train_lr_reduce': 0.6}. Best is trial 1073 with value: 0.009419886395335197.
[I 2024-12-26 04:19:08,327] Trial 1184 finished with value: 0.013441781513392925 and parameters: {'L1_hidden_dim': 176, 'L1_layers_atom': 2, 'L1_layers_mol': 2, 'L1_dropout': 0.05848255482770964, 'L1_out_dim': 32, 'L2_hidden_dim': 240, 'L2_layers_atom': 1, 'L2_layers_mol': 2, 'L2_out_dim': 96, 'L2_dropout': 0.052117588032914004, 'L3_hidden_dim': 80, 'L3_layers_atom': 4, 'L3_layers_mol': 2, 'L3_out_dim': 112, 'L3_dropout': 0.13042199327593207, 'n_mlp_layers': 3, 'mlp_dim_0': 496, 'mlp_dim_1': 424, 'mlp_dim_2': 128, 'num_heads': 2, 'final_dropout': 0.1562773673330225, 'train_learning_rate': 0.0002055274990403619, 'train_lr_reduce': 0.6}. Best is trial 1073 with value: 0.009419886395335197.
[I 2024-12-26 04:20:34,815] Trial 1187 finished with value: 0.011735143139958382 and parameters: {'L1_hidden_dim': 240, 'L1_layers_atom': 3, 'L1_layers_mol': 1, 'L1_dropout': 0.012780592385370769, 'L1_out_dim': 64, 'L2_hidden_dim': 160, 'L2_layers_atom': 2, 'L2_layers_mol': 2, 'L2_out_dim': 128, 'L2_dropout': 0.0470319363142089, 'L3_hidden_dim': 64, 'L3_layers_atom': 3, 'L3_layers_mol': 3, 'L3_out_dim': 128, 'L3_dropout': 0.014333026946405146, 'n_mlp_layers': 2, 'mlp_dim_0': 416, 'mlp_dim_1': 384, 'num_heads': 2, 'final_dropout': 0.056749565025304566, 'train_learning_rate': 0.00027602090800716666, 'train_lr_reduce': 0.6}. Best is trial 1073 with value: 0.009419886395335197.
[I 2024-12-26 04:21:31,318] Trial 1188 finished with value: 0.01206241361796856 and parameters: {'L1_hidden_dim': 176, 'L1_layers_atom': 2, 'L1_layers_mol': 4, 'L1_dropout': 0.04561808131718495, 'L1_out_dim': 128, 'L2_hidden_dim': 240, 'L2_layers_atom': 3, 'L2_layers_mol': 4, 'L2_out_dim': 96, 'L2_dropout': 0.09072565902607413, 'L3_hidden_dim': 80, 'L3_layers_atom': 3, 'L3_layers_mol': 1, 'L3_out_dim': 64, 'L3_dropout': 0.1595834830020307, 'n_mlp_layers': 3, 'mlp_dim_0': 64, 'mlp_dim_1': 248, 'mlp_dim_2': 192, 'num_heads': 2, 'final_dropout': 0.22242552617577505, 'train_learning_rate': 0.00027820402154780813, 'train_lr_reduce': 0.6}. Best is trial 1073 with value: 0.009419886395335197.
[I 2024-12-26 04:21:32,190] Trial 1189 finished with value: 0.01614934392273426 and parameters: {'L1_hidden_dim': 192, 'L1_layers_atom': 3, 'L1_layers_mol': 3, 'L1_dropout': 0.09420682791900983, 'L1_out_dim': 80, 'L2_hidden_dim': 224, 'L2_layers_atom': 2, 'L2_layers_mol': 2, 'L2_out_dim': 80, 'L2_dropout': 0.039533421572209314, 'L3_hidden_dim': 96, 'L3_layers_atom': 3, 'L3_layers_mol': 1, 'L3_out_dim': 128, 'L3_dropout': 0.07171572551391846, 'n_mlp_layers': 2, 'mlp_dim_0': 488, 'mlp_dim_1': 104, 'num_heads': 1, 'final_dropout': 0.11925360446909838, 'train_learning_rate': 0.0002448566464611419, 'train_lr_reduce': 0.6}. Best is trial 1073 with value: 0.009419886395335197.
[I 2024-12-26 04:23:39,118] Trial 1190 finished with value: 0.011488867923617363 and parameters: {'L1_hidden_dim': 192, 'L1_layers_atom': 2, 'L1_layers_mol': 4, 'L1_dropout': 0.06325845311115491, 'L1_out_dim': 128, 'L2_hidden_dim': 224, 'L2_layers_atom': 2, 'L2_layers_mol': 4, 'L2_out_dim': 112, 'L2_dropout': 0.029703798275202958, 'L3_hidden_dim': 96, 'L3_layers_atom': 1, 'L3_layers_mol': 1, 'L3_out_dim': 80, 'L3_dropout': 0.11436016592450132, 'n_mlp_layers': 2, 'mlp_dim_0': 208, 'mlp_dim_1': 320, 'num_heads': 2, 'final_dropout': 0.2374737164019793, 'train_learning_rate': 0.0005042668904127899, 'train_lr_reduce': 0.6}. Best is trial 1073 with value: 0.009419886395335197.
[I 2024-12-26 04:23:46,543] Trial 1192 finished with value: 0.012498082593083382 and parameters: {'L1_hidden_dim': 176, 'L1_layers_atom': 4, 'L1_layers_mol': 3, 'L1_dropout': 0.09796825424978013, 'L1_out_dim': 112, 'L2_hidden_dim': 208, 'L2_layers_atom': 2, 'L2_layers_mol': 1, 'L2_out_dim': 128, 'L2_dropout': 0.0032057686010018224, 'L3_hidden_dim': 96, 'L3_layers_atom': 3, 'L3_layers_mol': 3, 'L3_out_dim': 128, 'L3_dropout': 0.07705982624069431, 'n_mlp_layers': 3, 'mlp_dim_0': 464, 'mlp_dim_1': 368, 'mlp_dim_2': 32, 'num_heads': 2, 'final_dropout': 0.12962461263742578, 'train_learning_rate': 0.0004028952005598574, 'train_lr_reduce': 0.6}. Best is trial 1073 with value: 0.009419886395335197.
[I 2024-12-26 04:23:55,557] Trial 1191 finished with value: 0.012351117096841335 and parameters: {'L1_hidden_dim': 208, 'L1_layers_atom': 2, 'L1_layers_mol': 4, 'L1_dropout': 0.019385691288007767, 'L1_out_dim': 96, 'L2_hidden_dim': 224, 'L2_layers_atom': 1, 'L2_layers_mol': 4, 'L2_out_dim': 48, 'L2_dropout': 0.09434802771998993, 'L3_hidden_dim': 64, 'L3_layers_atom': 2, 'L3_layers_mol': 1, 'L3_out_dim': 112, 'L3_dropout': 0.1482455306756098, 'n_mlp_layers': 3, 'mlp_dim_0': 176, 'mlp_dim_1': 424, 'mlp_dim_2': 264, 'num_heads': 2, 'final_dropout': 0.14097608758383043, 'train_learning_rate': 0.0002917477766952011, 'train_lr_reduce': 0.6}. Best is trial 1073 with value: 0.009419886395335197.
[I 2024-12-26 04:25:53,469] Trial 1193 finished with value: 0.010528629645705223 and parameters: {'L1_hidden_dim': 128, 'L1_layers_atom': 4, 'L1_layers_mol': 4, 'L1_dropout': 0.05101711470296363, 'L1_out_dim': 96, 'L2_hidden_dim': 240, 'L2_layers_atom': 1, 'L2_layers_mol': 4, 'L2_out_dim': 128, 'L2_dropout': 0.02789572740789957, 'L3_hidden_dim': 32, 'L3_layers_atom': 3, 'L3_layers_mol': 1, 'L3_out_dim': 96, 'L3_dropout': 0.14566616382778813, 'n_mlp_layers': 3, 'mlp_dim_0': 104, 'mlp_dim_1': 72, 'mlp_dim_2': 112, 'num_heads': 2, 'final_dropout': 0.2858480932045592, 'train_learning_rate': 0.00117920415238424, 'train_lr_reduce': 0.6}. Best is trial 1073 with value: 0.009419886395335197.
[I 2024-12-26 04:26:41,970] Trial 1196 finished with value: 0.12230100482702255 and parameters: {'L1_hidden_dim': 176, 'L1_layers_atom': 4, 'L1_layers_mol': 1, 'L1_dropout': 0.013562961116553373, 'L1_out_dim': 64, 'L2_hidden_dim': 240, 'L2_layers_atom': 1, 'L2_layers_mol': 1, 'L2_out_dim': 112, 'L2_dropout': 0.0966457081870954, 'L3_hidden_dim': 32, 'L3_layers_atom': 3, 'L3_layers_mol': 2, 'L3_out_dim': 112, 'L3_dropout': 0.011136776827806956, 'n_mlp_layers': 3, 'mlp_dim_0': 456, 'mlp_dim_1': 408, 'mlp_dim_2': 208, 'num_heads': 1, 'final_dropout': 0.2325737925168378, 'train_learning_rate': 0.0022860969385024963, 'train_lr_reduce': 0.6}. Best is trial 1073 with value: 0.009419886395335197.
[I 2024-12-26 04:26:48,118] Trial 1194 finished with value: 0.010586673393845558 and parameters: {'L1_hidden_dim': 176, 'L1_layers_atom': 3, 'L1_layers_mol': 3, 'L1_dropout': 0.023275593117132006, 'L1_out_dim': 80, 'L2_hidden_dim': 160, 'L2_layers_atom': 1, 'L2_layers_mol': 2, 'L2_out_dim': 96, 'L2_dropout': 0.0267530591780798, 'L3_hidden_dim': 96, 'L3_layers_atom': 4, 'L3_layers_mol': 2, 'L3_out_dim': 128, 'L3_dropout': 0.16939248456949682, 'n_mlp_layers': 3, 'mlp_dim_0': 512, 'mlp_dim_1': 288, 'mlp_dim_2': 120, 'num_heads': 2, 'final_dropout': 0.23609619366670792, 'train_learning_rate': 0.0002681154322499766, 'train_lr_reduce': 0.6}. Best is trial 1073 with value: 0.009419886395335197.
[I 2024-12-26 04:28:46,226] Trial 1197 finished with value: 0.01353809330612421 and parameters: {'L1_hidden_dim': 256, 'L1_layers_atom': 1, 'L1_layers_mol': 4, 'L1_dropout': 0.2526782969271312, 'L1_out_dim': 96, 'L2_hidden_dim': 80, 'L2_layers_atom': 1, 'L2_layers_mol': 2, 'L2_out_dim': 96, 'L2_dropout': 0.05131317638006757, 'L3_hidden_dim': 80, 'L3_layers_atom': 4, 'L3_layers_mol': 1, 'L3_out_dim': 80, 'L3_dropout': 0.09266397529171072, 'n_mlp_layers': 3, 'mlp_dim_0': 496, 'mlp_dim_1': 464, 'mlp_dim_2': 32, 'num_heads': 2, 'final_dropout': 0.2335057962294319, 'train_learning_rate': 0.0004977765333538185, 'train_lr_reduce': 0.6}. Best is trial 1073 with value: 0.009419886395335197.
[I 2024-12-26 04:29:09,477] Trial 1195 finished with value: 0.02281959541141987 and parameters: {'L1_hidden_dim': 112, 'L1_layers_atom': 4, 'L1_layers_mol': 1, 'L1_dropout': 0.012020613429338259, 'L1_out_dim': 64, 'L2_hidden_dim': 240, 'L2_layers_atom': 1, 'L2_layers_mol': 2, 'L2_out_dim': 48, 'L2_dropout': 0.009216928394884166, 'L3_hidden_dim': 48, 'L3_layers_atom': 2, 'L3_layers_mol': 2, 'L3_out_dim': 48, 'L3_dropout': 0.2877890515772936, 'n_mlp_layers': 3, 'mlp_dim_0': 456, 'mlp_dim_1': 160, 'mlp_dim_2': 72, 'num_heads': 2, 'final_dropout': 0.2620168276283733, 'train_learning_rate': 0.0041790387928732605, 'train_lr_reduce': 0.6}. Best is trial 1073 with value: 0.009419886395335197.
[I 2024-12-26 04:30:03,914] Trial 1198 finished with value: 0.01690964587032795 and parameters: {'L1_hidden_dim': 208, 'L1_layers_atom': 4, 'L1_layers_mol': 2, 'L1_dropout': 0.05228374533968295, 'L1_out_dim': 48, 'L2_hidden_dim': 192, 'L2_layers_atom': 2, 'L2_layers_mol': 1, 'L2_out_dim': 64, 'L2_dropout': 0.07049060037772577, 'L3_hidden_dim': 80, 'L3_layers_atom': 3, 'L3_layers_mol': 1, 'L3_out_dim': 112, 'L3_dropout': 0.044399551584080585, 'n_mlp_layers': 1, 'mlp_dim_0': 464, 'num_heads': 2, 'final_dropout': 0.0927697319354179, 'train_learning_rate': 0.0012133088905560748, 'train_lr_reduce': 0.6}. Best is trial 1073 with value: 0.009419886395335197.
[I 2024-12-26 04:30:30,411] Trial 1199 finished with value: 0.016359129920601845 and parameters: {'L1_hidden_dim': 240, 'L1_layers_atom': 3, 'L1_layers_mol': 4, 'L1_dropout': 0.13151971947291768, 'L1_out_dim': 128, 'L2_hidden_dim': 224, 'L2_layers_atom': 2, 'L2_layers_mol': 4, 'L2_out_dim': 96, 'L2_dropout': 0.034089063228161305, 'L3_hidden_dim': 96, 'L3_layers_atom': 1, 'L3_layers_mol': 2, 'L3_out_dim': 96, 'L3_dropout': 0.19231144880833045, 'n_mlp_layers': 3, 'mlp_dim_0': 184, 'mlp_dim_1': 336, 'mlp_dim_2': 272, 'num_heads': 2, 'final_dropout': 0.22118751425037297, 'train_learning_rate': 0.0012749839639884018, 'train_lr_reduce': 0.6}. Best is trial 1073 with value: 0.009419886395335197.
[I 2024-12-26 04:31:38,722] Trial 1200 finished with value: 0.011640692129731178 and parameters: {'L1_hidden_dim': 144, 'L1_layers_atom': 3, 'L1_layers_mol': 3, 'L1_dropout': 0.13310862213559158, 'L1_out_dim': 112, 'L2_hidden_dim': 240, 'L2_layers_atom': 2, 'L2_layers_mol': 3, 'L2_out_dim': 96, 'L2_dropout': 0.001948898015667784, 'L3_hidden_dim': 64, 'L3_layers_atom': 2, 'L3_layers_mol': 2, 'L3_out_dim': 80, 'L3_dropout': 0.1120607730075101, 'n_mlp_layers': 3, 'mlp_dim_0': 272, 'mlp_dim_1': 392, 'mlp_dim_2': 72, 'num_heads': 2, 'final_dropout': 0.24111486198155546, 'train_learning_rate': 0.0009815176260114173, 'train_lr_reduce': 0.6}. Best is trial 1073 with value: 0.009419886395335197.
[I 2024-12-26 04:32:47,336] Trial 1201 finished with value: 0.014032543636858463 and parameters: {'L1_hidden_dim': 256, 'L1_layers_atom': 3, 'L1_layers_mol': 1, 'L1_dropout': 0.13637994000315207, 'L1_out_dim': 32, 'L2_hidden_dim': 192, 'L2_layers_atom': 1, 'L2_layers_mol': 2, 'L2_out_dim': 128, 'L2_dropout': 0.002299714899503537, 'L3_hidden_dim': 80, 'L3_layers_atom': 2, 'L3_layers_mol': 2, 'L3_out_dim': 112, 'L3_dropout': 0.027112241785244476, 'n_mlp_layers': 3, 'mlp_dim_0': 280, 'mlp_dim_1': 112, 'mlp_dim_2': 408, 'num_heads': 2, 'final_dropout': 0.1459630982585137, 'train_learning_rate': 0.00011615891628784422, 'train_lr_reduce': 0.6}. Best is trial 1073 with value: 0.009419886395335197.
[I 2024-12-26 04:33:04,011] Trial 1202 finished with value: 0.01222705002874136 and parameters: {'L1_hidden_dim': 192, 'L1_layers_atom': 1, 'L1_layers_mol': 1, 'L1_dropout': 0.04295880859234435, 'L1_out_dim': 80, 'L2_hidden_dim': 112, 'L2_layers_atom': 2, 'L2_layers_mol': 2, 'L2_out_dim': 128, 'L2_dropout': 0.028082636572897043, 'L3_hidden_dim': 96, 'L3_layers_atom': 1, 'L3_layers_mol': 4, 'L3_out_dim': 80, 'L3_dropout': 0.0609969909055334, 'n_mlp_layers': 2, 'mlp_dim_0': 208, 'mlp_dim_1': 328, 'num_heads': 2, 'final_dropout': 0.15041803063937742, 'train_learning_rate': 0.00029369739481620804, 'train_lr_reduce': 0.6}. Best is trial 1073 with value: 0.009419886395335197.
