[I 2024-12-19 22:27:00,367] Trial 2229 finished with value: 1.14312744140625 and parameters: {'mlp_n_layers': 2, 'mlp_dim_00': 64, 'mlp_dim_01': 149, 'node_hidden_dim': 109, 'edge_hidden_dim': 32, 'depth': 4, 'rep_dropout': 0.14717846309132443, 'train_learning_rate': 0.0013719584704933333, 'train_lr_reduce': 0.6}. Best is trial 1909 with value: 0.10777772963047028.
[I 2024-12-19 22:27:03,056] Trial 2227 finished with value: 0.142381489276886 and parameters: {'mlp_n_layers': 1, 'mlp_dim_00': 503, 'node_hidden_dim': 48, 'edge_hidden_dim': 33, 'depth': 1, 'rep_dropout': 0.012288062468837596, 'train_learning_rate': 0.009679247344863697, 'train_lr_reduce': 0.6}. Best is trial 1909 with value: 0.10777772963047028.
[I 2024-12-19 22:27:03,694] Trial 2230 finished with value: 1.1438665390014648 and parameters: {'mlp_n_layers': 1, 'mlp_dim_00': 512, 'node_hidden_dim': 35, 'edge_hidden_dim': 46, 'depth': 1, 'rep_dropout': 0.029876819937946802, 'train_learning_rate': 0.002860849525715412, 'train_lr_reduce': 0.6}. Best is trial 1909 with value: 0.10777772963047028.
[I 2024-12-19 22:27:08,872] Trial 2233 finished with value: 1.1428992748260498 and parameters: {'mlp_n_layers': 2, 'mlp_dim_00': 473, 'mlp_dim_01': 221, 'node_hidden_dim': 39, 'edge_hidden_dim': 49, 'depth': 2, 'rep_dropout': 0.005299507229545209, 'train_learning_rate': 0.002832909422458406, 'train_lr_reduce': 0.6}. Best is trial 1909 with value: 0.10777772963047028.
[I 2024-12-19 22:27:09,432] Trial 2232 finished with value: 1.1422001123428345 and parameters: {'mlp_n_layers': 2, 'mlp_dim_00': 337, 'mlp_dim_01': 64, 'node_hidden_dim': 83, 'edge_hidden_dim': 66, 'depth': 4, 'rep_dropout': 0.143284631416302, 'train_learning_rate': 0.0001448783160545393, 'train_lr_reduce': 0.6}. Best is trial 1909 with value: 0.10777772963047028.
[I 2024-12-19 22:27:13,468] Trial 2234 finished with value: 1.1430635452270508 and parameters: {'mlp_n_layers': 1, 'mlp_dim_00': 443, 'node_hidden_dim': 34, 'edge_hidden_dim': 64, 'depth': 1, 'rep_dropout': 0.021465348544503705, 'train_learning_rate': 0.003728374576266878, 'train_lr_reduce': 0.6}. Best is trial 1909 with value: 0.10777772963047028.
[I 2024-12-19 22:27:18,931] Trial 2236 finished with value: 1.1439440250396729 and parameters: {'mlp_n_layers': 1, 'mlp_dim_00': 347, 'node_hidden_dim': 40, 'edge_hidden_dim': 56, 'depth': 4, 'rep_dropout': 0.027167771022975698, 'train_learning_rate': 0.008811963998232536, 'train_lr_reduce': 0.6}. Best is trial 1909 with value: 0.10777772963047028.
[I 2024-12-19 22:27:20,948] Trial 2235 finished with value: 0.4010452330112457 and parameters: {'mlp_n_layers': 1, 'mlp_dim_00': 434, 'node_hidden_dim': 57, 'edge_hidden_dim': 76, 'depth': 1, 'rep_dropout': 0.03819208894756068, 'train_learning_rate': 0.005654229801376522, 'train_lr_reduce': 0.6}. Best is trial 1909 with value: 0.10777772963047028.
[I 2024-12-19 22:27:23,999] Trial 2237 finished with value: 1.1421864032745361 and parameters: {'mlp_n_layers': 2, 'mlp_dim_00': 453, 'mlp_dim_01': 130, 'node_hidden_dim': 36, 'edge_hidden_dim': 93, 'depth': 1, 'rep_dropout': 0.03184072665164276, 'train_learning_rate': 0.0008418749959075002, 'train_lr_reduce': 0.6}. Best is trial 1909 with value: 0.10777772963047028.
[I 2024-12-19 22:27:28,075] Trial 2238 finished with value: 1.1419490575790405 and parameters: {'mlp_n_layers': 2, 'mlp_dim_00': 78, 'mlp_dim_01': 102, 'node_hidden_dim': 100, 'edge_hidden_dim': 107, 'depth': 4, 'rep_dropout': 0.09617527796174125, 'train_learning_rate': 0.0003553228727803312, 'train_lr_reduce': 0.6}. Best is trial 1909 with value: 0.10777772963047028.
[I 2024-12-19 22:27:37,130] Trial 2231 finished with value: 0.17563974857330322 and parameters: {'mlp_n_layers': 2, 'mlp_dim_00': 503, 'mlp_dim_01': 173, 'node_hidden_dim': 33, 'edge_hidden_dim': 40, 'depth': 1, 'rep_dropout': 0.0502561836687189, 'train_learning_rate': 0.006009015566590374, 'train_lr_reduce': 0.6}. Best is trial 1909 with value: 0.10777772963047028.
[I 2024-12-19 22:27:41,193] Trial 2239 finished with value: 0.2292955219745636 and parameters: {'mlp_n_layers': 2, 'mlp_dim_00': 450, 'mlp_dim_01': 149, 'node_hidden_dim': 36, 'edge_hidden_dim': 60, 'depth': 1, 'rep_dropout': 0.00026903280489216225, 'train_learning_rate': 0.003979567607687124, 'train_lr_reduce': 0.6}. Best is trial 1909 with value: 0.10777772963047028.
[I 2024-12-19 22:28:02,144] Trial 2241 finished with value: 0.3057107925415039 and parameters: {'mlp_n_layers': 1, 'mlp_dim_00': 458, 'node_hidden_dim': 54, 'edge_hidden_dim': 59, 'depth': 1, 'rep_dropout': 0.03364497799793216, 'train_learning_rate': 0.004769519342195741, 'train_lr_reduce': 0.6}. Best is trial 1909 with value: 0.10777772963047028.
[I 2024-12-19 22:28:14,136] Trial 2240 finished with value: 0.23323708772659302 and parameters: {'mlp_n_layers': 1, 'mlp_dim_00': 427, 'node_hidden_dim': 41, 'edge_hidden_dim': 80, 'depth': 1, 'rep_dropout': 0.016572447324360164, 'train_learning_rate': 0.0012794476551968095, 'train_lr_reduce': 0.6}. Best is trial 1909 with value: 0.10777772963047028.
[I 2024-12-19 22:28:25,496] Trial 2242 finished with value: 0.15059712529182434 and parameters: {'mlp_n_layers': 3, 'mlp_dim_00': 508, 'mlp_dim_01': 186, 'mlp_dim_02': 459, 'node_hidden_dim': 51, 'edge_hidden_dim': 60, 'depth': 1, 'rep_dropout': 0.006825891505963646, 'train_learning_rate': 0.0038397331302147224, 'train_lr_reduce': 0.6}. Best is trial 1909 with value: 0.10777772963047028.
[I 2024-12-19 22:28:28,839] Trial 2243 finished with value: 0.16333447396755219 and parameters: {'mlp_n_layers': 2, 'mlp_dim_00': 401, 'mlp_dim_01': 135, 'node_hidden_dim': 39, 'edge_hidden_dim': 86, 'depth': 1, 'rep_dropout': 0.022720960314171233, 'train_learning_rate': 0.004357006270909426, 'train_lr_reduce': 0.6}. Best is trial 1909 with value: 0.10777772963047028.
[I 2024-12-19 22:28:33,958] Trial 2246 finished with value: 1.143708348274231 and parameters: {'mlp_n_layers': 2, 'mlp_dim_00': 507, 'mlp_dim_01': 221, 'node_hidden_dim': 50, 'edge_hidden_dim': 62, 'depth': 2, 'rep_dropout': 0.02729836340127395, 'train_learning_rate': 0.003083301893734204, 'train_lr_reduce': 0.6}. Best is trial 1909 with value: 0.10777772963047028.
[I 2024-12-19 22:28:34,172] Trial 2244 finished with value: 0.22029535472393036 and parameters: {'mlp_n_layers': 2, 'mlp_dim_00': 507, 'mlp_dim_01': 100, 'node_hidden_dim': 52, 'edge_hidden_dim': 60, 'depth': 1, 'rep_dropout': 0.009723259232331867, 'train_learning_rate': 0.006023835894294884, 'train_lr_reduce': 0.6}. Best is trial 1909 with value: 0.10777772963047028.
[I 2024-12-19 22:28:38,688] Trial 2247 finished with value: 1.1428683996200562 and parameters: {'mlp_n_layers': 2, 'mlp_dim_00': 509, 'mlp_dim_01': 176, 'node_hidden_dim': 44, 'edge_hidden_dim': 63, 'depth': 1, 'rep_dropout': 0.036455650669070645, 'train_learning_rate': 0.0028721936810075506, 'train_lr_reduce': 0.6}. Best is trial 1909 with value: 0.10777772963047028.
[I 2024-12-19 22:28:43,650] Trial 2249 finished with value: 1.1432210206985474 and parameters: {'mlp_n_layers': 1, 'mlp_dim_00': 465, 'node_hidden_dim': 32, 'edge_hidden_dim': 69, 'depth': 1, 'rep_dropout': 0.018165470066728792, 'train_learning_rate': 0.0018888609376202777, 'train_lr_reduce': 0.6}. Best is trial 1909 with value: 0.10777772963047028.
[I 2024-12-19 22:28:49,372] Trial 2250 finished with value: 1.146512508392334 and parameters: {'mlp_n_layers': 4, 'mlp_dim_00': 294, 'mlp_dim_01': 143, 'mlp_dim_02': 511, 'mlp_dim_03': 263, 'node_hidden_dim': 36, 'edge_hidden_dim': 58, 'depth': 4, 'rep_dropout': 0.09075870335819029, 'train_learning_rate': 0.006334461020050725, 'train_lr_reduce': 0.6}. Best is trial 1909 with value: 0.10777772963047028.
[I 2024-12-19 22:28:50,456] Trial 2248 finished with value: 0.4166789650917053 and parameters: {'mlp_n_layers': 2, 'mlp_dim_00': 505, 'mlp_dim_01': 94, 'node_hidden_dim': 39, 'edge_hidden_dim': 48, 'depth': 2, 'rep_dropout': 0.039968886707756744, 'train_learning_rate': 0.009638969193335218, 'train_lr_reduce': 0.6}. Best is trial 1909 with value: 0.10777772963047028.
[I 2024-12-19 22:29:05,280] Trial 2245 finished with value: 0.1285959631204605 and parameters: {'mlp_n_layers': 1, 'mlp_dim_00': 510, 'node_hidden_dim': 33, 'edge_hidden_dim': 66, 'depth': 1, 'rep_dropout': 0.05369233972580137, 'train_learning_rate': 0.00247828615852358, 'train_lr_reduce': 0.6}. Best is trial 1909 with value: 0.10777772963047028.
[I 2024-12-19 22:29:12,491] Trial 2251 finished with value: 0.33329007029533386 and parameters: {'mlp_n_layers': 1, 'mlp_dim_00': 502, 'node_hidden_dim': 58, 'edge_hidden_dim': 85, 'depth': 2, 'rep_dropout': 0.030151824311671425, 'train_learning_rate': 0.0045108964067637316, 'train_lr_reduce': 0.6}. Best is trial 1909 with value: 0.10777772963047028.
[I 2024-12-19 22:29:29,324] Trial 2252 finished with value: 0.1724625527858734 and parameters: {'mlp_n_layers': 1, 'mlp_dim_00': 436, 'node_hidden_dim': 42, 'edge_hidden_dim': 74, 'depth': 1, 'rep_dropout': 0.02950864172220062, 'train_learning_rate': 0.0027077975427234335, 'train_lr_reduce': 0.6}. Best is trial 1909 with value: 0.10777772963047028.
[I 2024-12-19 22:29:36,645] Trial 2254 finished with value: 0.33869728446006775 and parameters: {'mlp_n_layers': 1, 'mlp_dim_00': 501, 'node_hidden_dim': 33, 'edge_hidden_dim': 63, 'depth': 2, 'rep_dropout': 0.0115594678832923, 'train_learning_rate': 0.0037612048312985224, 'train_lr_reduce': 0.6}. Best is trial 1909 with value: 0.10777772963047028.
[I 2024-12-19 22:29:43,639] Trial 2253 finished with value: 0.14220395684242249 and parameters: {'mlp_n_layers': 1, 'mlp_dim_00': 428, 'node_hidden_dim': 34, 'edge_hidden_dim': 69, 'depth': 1, 'rep_dropout': 0.04438682735763756, 'train_learning_rate': 0.0057832798826927415, 'train_lr_reduce': 0.6}. Best is trial 1909 with value: 0.10777772963047028.
[I 2024-12-19 22:29:48,557] Trial 2257 finished with value: 1.1512399911880493 and parameters: {'mlp_n_layers': 2, 'mlp_dim_00': 512, 'mlp_dim_01': 189, 'node_hidden_dim': 32, 'edge_hidden_dim': 62, 'depth': 2, 'rep_dropout': 0.06524478762072021, 'train_learning_rate': 0.002359651822347814, 'train_lr_reduce': 0.6}. Best is trial 1909 with value: 0.10777772963047028.
[I 2024-12-19 22:29:48,562] Trial 2256 finished with value: 0.3729315996170044 and parameters: {'mlp_n_layers': 3, 'mlp_dim_00': 391, 'mlp_dim_01': 150, 'mlp_dim_02': 237, 'node_hidden_dim': 34, 'edge_hidden_dim': 42, 'depth': 1, 'rep_dropout': 0.006641292477950182, 'train_learning_rate': 0.009418815633195464, 'train_lr_reduce': 0.6}. Best is trial 1909 with value: 0.10777772963047028.
[I 2024-12-19 22:29:59,371] Trial 2255 finished with value: 0.16164888441562653 and parameters: {'mlp_n_layers': 2, 'mlp_dim_00': 412, 'mlp_dim_01': 99, 'node_hidden_dim': 65, 'edge_hidden_dim': 45, 'depth': 1, 'rep_dropout': 0.00025032143977711746, 'train_learning_rate': 0.0033744810239460777, 'train_lr_reduce': 0.6}. Best is trial 1909 with value: 0.10777772963047028.
[I 2024-12-19 22:30:28,168] Trial 2259 finished with value: 0.16308601200580597 and parameters: {'mlp_n_layers': 1, 'mlp_dim_00': 510, 'node_hidden_dim': 45, 'edge_hidden_dim': 66, 'depth': 1, 'rep_dropout': 0.0005425308022103219, 'train_learning_rate': 0.006412756116053096, 'train_lr_reduce': 0.6}. Best is trial 1909 with value: 0.10777772963047028.
[I 2024-12-19 22:30:28,851] Trial 2258 finished with value: 0.1807468980550766 and parameters: {'mlp_n_layers': 2, 'mlp_dim_00': 458, 'mlp_dim_01': 132, 'node_hidden_dim': 44, 'edge_hidden_dim': 49, 'depth': 1, 'rep_dropout': 0.011118344029124658, 'train_learning_rate': 0.0020359627697124415, 'train_lr_reduce': 0.6}. Best is trial 1909 with value: 0.10777772963047028.
[I 2024-12-19 22:30:39,935] Trial 2260 finished with value: 0.15871478617191315 and parameters: {'mlp_n_layers': 1, 'mlp_dim_00': 511, 'node_hidden_dim': 43, 'edge_hidden_dim': 50, 'depth': 1, 'rep_dropout': 0.025338028453346775, 'train_learning_rate': 0.004501063838858718, 'train_lr_reduce': 0.6}. Best is trial 1909 with value: 0.10777772963047028.
[I 2024-12-19 22:30:45,122] Trial 2263 finished with value: 1.142730474472046 and parameters: {'mlp_n_layers': 2, 'mlp_dim_00': 354, 'mlp_dim_01': 170, 'node_hidden_dim': 44, 'edge_hidden_dim': 73, 'depth': 2, 'rep_dropout': 0.0018203318006047315, 'train_learning_rate': 0.0025181005976778166, 'train_lr_reduce': 0.6}. Best is trial 1909 with value: 0.10777772963047028.
[I 2024-12-19 22:30:53,659] Trial 2262 finished with value: 0.1924057900905609 and parameters: {'mlp_n_layers': 2, 'mlp_dim_00': 444, 'mlp_dim_01': 68, 'node_hidden_dim': 52, 'edge_hidden_dim': 59, 'depth': 1, 'rep_dropout': 0.009237493722822124, 'train_learning_rate': 0.003420174138536585, 'train_lr_reduce': 0.6}. Best is trial 1909 with value: 0.10777772963047028.
[I 2024-12-19 22:31:06,818] Trial 2261 finished with value: 0.15398500859737396 and parameters: {'mlp_n_layers': 1, 'mlp_dim_00': 500, 'node_hidden_dim': 33, 'edge_hidden_dim': 66, 'depth': 1, 'rep_dropout': 0.039976269985743, 'train_learning_rate': 0.002631815396473783, 'train_lr_reduce': 0.6}. Best is trial 1909 with value: 0.10777772963047028.
[I 2024-12-19 22:31:12,512] Trial 2266 finished with value: 1.143746256828308 and parameters: {'mlp_n_layers': 1, 'mlp_dim_00': 434, 'node_hidden_dim': 33, 'edge_hidden_dim': 60, 'depth': 2, 'rep_dropout': 0.00767894293987366, 'train_learning_rate': 0.0029581662482701426, 'train_lr_reduce': 0.6}. Best is trial 1909 with value: 0.10777772963047028.
[I 2024-12-19 22:31:24,688] Trial 2264 finished with value: 0.15453781187534332 and parameters: {'mlp_n_layers': 1, 'mlp_dim_00': 467, 'node_hidden_dim': 32, 'edge_hidden_dim': 38, 'depth': 1, 'rep_dropout': 0.03284542032980343, 'train_learning_rate': 0.006174776856191722, 'train_lr_reduce': 0.6}. Best is trial 1909 with value: 0.10777772963047028.
[I 2024-12-19 22:31:32,909] Trial 2265 finished with value: 0.14093919098377228 and parameters: {'mlp_n_layers': 2, 'mlp_dim_00': 481, 'mlp_dim_01': 217, 'node_hidden_dim': 33, 'edge_hidden_dim': 44, 'depth': 1, 'rep_dropout': 0.004923377913493627, 'train_learning_rate': 0.0032100720186246596, 'train_lr_reduce': 0.6}. Best is trial 1909 with value: 0.10777772963047028.
[I 2024-12-19 22:31:35,296] Trial 2267 finished with value: 0.3023267984390259 and parameters: {'mlp_n_layers': 2, 'mlp_dim_00': 410, 'mlp_dim_01': 109, 'node_hidden_dim': 32, 'edge_hidden_dim': 67, 'depth': 1, 'rep_dropout': 0.001291885311277817, 'train_learning_rate': 0.007700202348766594, 'train_lr_reduce': 0.6}. Best is trial 1909 with value: 0.10777772963047028.
[I 2024-12-19 22:31:38,492] Trial 2269 finished with value: 1.1420737504959106 and parameters: {'mlp_n_layers': 2, 'mlp_dim_00': 446, 'mlp_dim_01': 103, 'node_hidden_dim': 98, 'edge_hidden_dim': 40, 'depth': 2, 'rep_dropout': 0.06447236739837905, 'train_learning_rate': 0.00030526838478358795, 'train_lr_reduce': 0.6}. Best is trial 1909 with value: 0.10777772963047028.
[I 2024-12-19 22:31:57,000] Trial 2270 finished with value: 0.213485449552536 and parameters: {'mlp_n_layers': 1, 'mlp_dim_00': 512, 'node_hidden_dim': 39, 'edge_hidden_dim': 55, 'depth': 1, 'rep_dropout': 0.04406211150355446, 'train_learning_rate': 0.0038352725347051446, 'train_lr_reduce': 0.6}. Best is trial 1909 with value: 0.10777772963047028.
[I 2024-12-19 22:32:01,784] Trial 2272 finished with value: 1.1432197093963623 and parameters: {'mlp_n_layers': 1, 'mlp_dim_00': 497, 'node_hidden_dim': 34, 'edge_hidden_dim': 59, 'depth': 1, 'rep_dropout': 0.0006520526963657187, 'train_learning_rate': 0.0007587958309219695, 'train_lr_reduce': 0.6}. Best is trial 1909 with value: 0.10777772963047028.
[I 2024-12-19 22:32:09,650] Trial 2268 finished with value: 0.19372901320457458 and parameters: {'mlp_n_layers': 2, 'mlp_dim_00': 91, 'mlp_dim_01': 132, 'node_hidden_dim': 79, 'edge_hidden_dim': 92, 'depth': 1, 'rep_dropout': 0.042363491509111596, 'train_learning_rate': 0.00406774650425968, 'train_lr_reduce': 0.6}. Best is trial 1909 with value: 0.10777772963047028.
[I 2024-12-19 22:32:14,899] Trial 2274 finished with value: 1.1450543403625488 and parameters: {'mlp_n_layers': 2, 'mlp_dim_00': 131, 'mlp_dim_01': 170, 'node_hidden_dim': 52, 'edge_hidden_dim': 34, 'depth': 1, 'rep_dropout': 0.10910207073497945, 'train_learning_rate': 0.002017246940275873, 'train_lr_reduce': 0.6}. Best is trial 1909 with value: 0.10777772963047028.
[I 2024-12-19 22:32:20,999] Trial 2271 finished with value: 0.1458858847618103 and parameters: {'mlp_n_layers': 1, 'mlp_dim_00': 466, 'node_hidden_dim': 53, 'edge_hidden_dim': 73, 'depth': 1, 'rep_dropout': 0.02208190445302866, 'train_learning_rate': 0.0022248579365162406, 'train_lr_reduce': 0.6}. Best is trial 1909 with value: 0.10777772963047028.
[I 2024-12-19 22:32:26,450] Trial 2276 finished with value: 1.142201542854309 and parameters: {'mlp_n_layers': 2, 'mlp_dim_00': 80, 'mlp_dim_01': 138, 'node_hidden_dim': 128, 'edge_hidden_dim': 97, 'depth': 2, 'rep_dropout': 0.004662557830592717, 'train_learning_rate': 0.0008597162372975171, 'train_lr_reduce': 0.6}. Best is trial 1909 with value: 0.10777772963047028.
[I 2024-12-19 22:32:34,217] Trial 2277 finished with value: 1.142275094985962 and parameters: {'mlp_n_layers': 4, 'mlp_dim_00': 440, 'mlp_dim_01': 103, 'mlp_dim_02': 65, 'mlp_dim_03': 404, 'node_hidden_dim': 32, 'edge_hidden_dim': 98, 'depth': 3, 'rep_dropout': 0.14633132261664308, 'train_learning_rate': 0.00032819273445533736, 'train_lr_reduce': 0.6}. Best is trial 1909 with value: 0.10777772963047028.
[I 2024-12-19 22:32:46,414] Trial 2273 finished with value: 0.13712550699710846 and parameters: {'mlp_n_layers': 1, 'mlp_dim_00': 512, 'node_hidden_dim': 32, 'edge_hidden_dim': 33, 'depth': 1, 'rep_dropout': 0.0521597306765494, 'train_learning_rate': 0.00360928137341172, 'train_lr_reduce': 0.6}. Best is trial 1909 with value: 0.10777772963047028.
[I 2024-12-19 22:32:57,436] Trial 2275 finished with value: 0.16273312270641327 and parameters: {'mlp_n_layers': 2, 'mlp_dim_00': 453, 'mlp_dim_01': 224, 'node_hidden_dim': 46, 'edge_hidden_dim': 57, 'depth': 1, 'rep_dropout': 0.027854756087985273, 'train_learning_rate': 0.0051095315835168196, 'train_lr_reduce': 0.6}. Best is trial 1909 with value: 0.10777772963047028.
[I 2024-12-19 22:33:07,518] Trial 2280 finished with value: 1.1421836614608765 and parameters: {'mlp_n_layers': 3, 'mlp_dim_00': 175, 'mlp_dim_01': 64, 'mlp_dim_02': 404, 'node_hidden_dim': 39, 'edge_hidden_dim': 98, 'depth': 4, 'rep_dropout': 0.09253086758481344, 'train_learning_rate': 0.00011671680604185858, 'train_lr_reduce': 0.6}. Best is trial 1909 with value: 0.10777772963047028.
[I 2024-12-19 22:33:16,812] Trial 2278 finished with value: 0.1480143517255783 and parameters: {'mlp_n_layers': 2, 'mlp_dim_00': 415, 'mlp_dim_01': 176, 'node_hidden_dim': 46, 'edge_hidden_dim': 75, 'depth': 1, 'rep_dropout': 0.022488694308779537, 'train_learning_rate': 0.003658152174529771, 'train_lr_reduce': 0.6}. Best is trial 1909 with value: 0.10777772963047028.
[I 2024-12-19 22:33:29,087] Trial 2279 finished with value: 0.12498947232961655 and parameters: {'mlp_n_layers': 1, 'mlp_dim_00': 404, 'node_hidden_dim': 49, 'edge_hidden_dim': 85, 'depth': 1, 'rep_dropout': 0.02866238423875228, 'train_learning_rate': 0.0024335762547604005, 'train_lr_reduce': 0.6}. Best is trial 1909 with value: 0.10777772963047028.
[I 2024-12-19 22:33:50,379] Trial 2281 finished with value: 0.14105762541294098 and parameters: {'mlp_n_layers': 1, 'mlp_dim_00': 348, 'node_hidden_dim': 60, 'edge_hidden_dim': 87, 'depth': 1, 'rep_dropout': 0.0076093504615745555, 'train_learning_rate': 0.004403135228444203, 'train_lr_reduce': 0.6}. Best is trial 1909 with value: 0.10777772963047028.
[I 2024-12-19 22:33:56,447] Trial 2282 finished with value: 0.17209358513355255 and parameters: {'mlp_n_layers': 2, 'mlp_dim_00': 379, 'mlp_dim_01': 125, 'node_hidden_dim': 45, 'edge_hidden_dim': 40, 'depth': 1, 'rep_dropout': 0.004476510634121491, 'train_learning_rate': 0.0034529880042375835, 'train_lr_reduce': 0.6}. Best is trial 1909 with value: 0.10777772963047028.
[I 2024-12-19 22:34:02,154] Trial 2285 finished with value: 1.1456801891326904 and parameters: {'mlp_n_layers': 1, 'mlp_dim_00': 367, 'node_hidden_dim': 32, 'edge_hidden_dim': 69, 'depth': 2, 'rep_dropout': 0.032571079830422095, 'train_learning_rate': 0.0014559578213099434, 'train_lr_reduce': 0.6}. Best is trial 1909 with value: 0.10777772963047028.
[I 2024-12-19 22:34:07,671] Trial 2286 finished with value: 1.1426602602005005 and parameters: {'mlp_n_layers': 2, 'mlp_dim_00': 503, 'mlp_dim_01': 204, 'node_hidden_dim': 48, 'edge_hidden_dim': 67, 'depth': 2, 'rep_dropout': 0.008655751496314232, 'train_learning_rate': 0.0015139385936514258, 'train_lr_reduce': 0.6}. Best is trial 1909 with value: 0.10777772963047028.
[I 2024-12-19 22:34:09,695] Trial 2283 finished with value: 0.12177541106939316 and parameters: {'mlp_n_layers': 1, 'mlp_dim_00': 420, 'node_hidden_dim': 33, 'edge_hidden_dim': 63, 'depth': 1, 'rep_dropout': 0.019012455016281446, 'train_learning_rate': 0.0036531546017333854, 'train_lr_reduce': 0.6}. Best is trial 1909 with value: 0.10777772963047028.
[I 2024-12-19 22:34:14,982] Trial 2288 finished with value: 1.1426736116409302 and parameters: {'mlp_n_layers': 2, 'mlp_dim_00': 436, 'mlp_dim_01': 147, 'node_hidden_dim': 33, 'edge_hidden_dim': 63, 'depth': 2, 'rep_dropout': 0.018938021859264652, 'train_learning_rate': 0.00344807282361387, 'train_lr_reduce': 0.6}. Best is trial 1909 with value: 0.10777772963047028.
[I 2024-12-19 22:34:31,594] Trial 2284 finished with value: 0.15115053951740265 and parameters: {'mlp_n_layers': 2, 'mlp_dim_00': 423, 'mlp_dim_01': 160, 'node_hidden_dim': 38, 'edge_hidden_dim': 68, 'depth': 1, 'rep_dropout': 0.03394967906776033, 'train_learning_rate': 0.0025640498092959364, 'train_lr_reduce': 0.6}. Best is trial 1909 with value: 0.10777772963047028.
