[I 2024-12-04 18:16:10,342] Trial 2375 finished with value: 0.315112333445064 and parameters: {'n_estimators': 914, 'max_depth': 6, 'learning_rate': 0.07498106773995147, 'subsample': 0.7688470431222351, 'colsample_bytree': 0.7168613110623916, 'min_child_weight': 2, 'gamma': 0.0008292346210225438, 'reg_alpha': 0.00015314922485266597, 'reg_lambda': 0.013825612977686821}. Best is trial 1319 with value: 0.30197738672869706.
[I 2024-12-04 18:16:11,784] Trial 2376 finished with value: 0.30966836684204957 and parameters: {'n_estimators': 909, 'max_depth': 6, 'learning_rate': 0.07477829011748892, 'subsample': 0.769669000878793, 'colsample_bytree': 0.7173893364798373, 'min_child_weight': 2, 'gamma': 0.0009022947998415095, 'reg_alpha': 0.00017159965437510966, 'reg_lambda': 0.012880006425440918}. Best is trial 1319 with value: 0.30197738672869706.
[I 2024-12-04 18:16:13,228] Trial 2377 finished with value: 0.3111209985030089 and parameters: {'n_estimators': 913, 'max_depth': 6, 'learning_rate': 0.07515027161018335, 'subsample': 0.7687031597327818, 'colsample_bytree': 0.7176011841646615, 'min_child_weight': 2, 'gamma': 0.0008352080056316097, 'reg_alpha': 0.0001606952395244572, 'reg_lambda': 0.013952411534934605}. Best is trial 1319 with value: 0.30197738672869706.
[I 2024-12-04 18:16:15,004] Trial 2378 finished with value: 0.3133115308706681 and parameters: {'n_estimators': 911, 'max_depth': 6, 'learning_rate': 0.07464990706969477, 'subsample': 0.7694028017757192, 'colsample_bytree': 0.717302273553811, 'min_child_weight': 2, 'gamma': 0.0008431209193554838, 'reg_alpha': 0.000154793771918597, 'reg_lambda': 0.01316372873265927}. Best is trial 1319 with value: 0.30197738672869706.
[I 2024-12-04 18:16:16,542] Trial 2379 finished with value: 0.31397756574460856 and parameters: {'n_estimators': 913, 'max_depth': 6, 'learning_rate': 0.07511078733795556, 'subsample': 0.7688146388596232, 'colsample_bytree': 0.7179589085769993, 'min_child_weight': 2, 'gamma': 0.0008345283949071966, 'reg_alpha': 0.00016141280850686808, 'reg_lambda': 0.012897806630165787}. Best is trial 1319 with value: 0.30197738672869706.
[I 2024-12-04 18:16:18,052] Trial 2380 finished with value: 0.3137847477664168 and parameters: {'n_estimators': 911, 'max_depth': 6, 'learning_rate': 0.07489188858718382, 'subsample': 0.7692592940001408, 'colsample_bytree': 0.7170936642366295, 'min_child_weight': 2, 'gamma': 0.000863412724314662, 'reg_alpha': 0.00017337006036750123, 'reg_lambda': 0.012709619663071619}. Best is trial 1319 with value: 0.30197738672869706.
[I 2024-12-04 18:16:19,504] Trial 2381 finished with value: 0.3079601633612628 and parameters: {'n_estimators': 909, 'max_depth': 6, 'learning_rate': 0.07514311925991438, 'subsample': 0.7691687345180895, 'colsample_bytree': 0.7173903315213094, 'min_child_weight': 2, 'gamma': 0.0009136576260742461, 'reg_alpha': 0.00017414542133882516, 'reg_lambda': 0.012961785748673528}. Best is trial 1319 with value: 0.30197738672869706.
[I 2024-12-04 18:16:20,950] Trial 2382 finished with value: 0.31712378116836043 and parameters: {'n_estimators': 912, 'max_depth': 6, 'learning_rate': 0.07465359270901227, 'subsample': 0.7690915027991082, 'colsample_bytree': 0.7169506276306107, 'min_child_weight': 2, 'gamma': 0.0008658694413821173, 'reg_alpha': 0.0001579942917450259, 'reg_lambda': 0.012722888071775173}. Best is trial 1319 with value: 0.30197738672869706.
[I 2024-12-04 18:16:22,405] Trial 2383 finished with value: 0.31581888604928826 and parameters: {'n_estimators': 913, 'max_depth': 6, 'learning_rate': 0.07470635812827936, 'subsample': 0.7692953153685411, 'colsample_bytree': 0.7170285589589752, 'min_child_weight': 2, 'gamma': 0.0008450470001828344, 'reg_alpha': 0.00015459673671623327, 'reg_lambda': 0.012164682486558661}. Best is trial 1319 with value: 0.30197738672869706.
[I 2024-12-04 18:16:24,007] Trial 2384 finished with value: 0.31176952914931155 and parameters: {'n_estimators': 910, 'max_depth': 6, 'learning_rate': 0.07519109181128943, 'subsample': 0.7690121173228514, 'colsample_bytree': 0.7181065060460926, 'min_child_weight': 2, 'gamma': 0.0008427207759986518, 'reg_alpha': 0.00016740550323453017, 'reg_lambda': 0.013180488603171553}. Best is trial 1319 with value: 0.30197738672869706.
[I 2024-12-04 18:16:25,467] Trial 2385 finished with value: 0.3175155958358879 and parameters: {'n_estimators': 912, 'max_depth': 6, 'learning_rate': 0.07505601988170807, 'subsample': 0.7688337545748667, 'colsample_bytree': 0.7178560442105988, 'min_child_weight': 2, 'gamma': 0.0008310595314163252, 'reg_alpha': 0.00016293870688649872, 'reg_lambda': 0.012762915367653524}. Best is trial 1319 with value: 0.30197738672869706.
[I 2024-12-04 18:16:27,072] Trial 2386 finished with value: 0.3142237591532035 and parameters: {'n_estimators': 908, 'max_depth': 6, 'learning_rate': 0.07495432684824682, 'subsample': 0.7693868453794648, 'colsample_bytree': 0.7175406153221038, 'min_child_weight': 2, 'gamma': 0.0008784946197163743, 'reg_alpha': 0.00017565431318214894, 'reg_lambda': 0.013142640578430247}. Best is trial 1319 with value: 0.30197738672869706.
[I 2024-12-04 18:16:28,683] Trial 2387 finished with value: 0.3109552883502135 and parameters: {'n_estimators': 911, 'max_depth': 6, 'learning_rate': 0.0751583646416454, 'subsample': 0.7692506751806572, 'colsample_bytree': 0.7172166376941012, 'min_child_weight': 2, 'gamma': 0.0008717374367457857, 'reg_alpha': 0.000173196112441511, 'reg_lambda': 0.013142486991899491}. Best is trial 1319 with value: 0.30197738672869706.
[I 2024-12-04 18:16:30,261] Trial 2388 finished with value: 0.3139121619676159 and parameters: {'n_estimators': 909, 'max_depth': 6, 'learning_rate': 0.0752120941556214, 'subsample': 0.7692388033402356, 'colsample_bytree': 0.7177625236709377, 'min_child_weight': 2, 'gamma': 0.00087864500428927, 'reg_alpha': 0.00017225317723080103, 'reg_lambda': 0.013528160344765104}. Best is trial 1319 with value: 0.30197738672869706.
[I 2024-12-04 18:16:31,913] Trial 2389 finished with value: 0.31188278437496403 and parameters: {'n_estimators': 911, 'max_depth': 6, 'learning_rate': 0.07534271149919838, 'subsample': 0.7688925452481467, 'colsample_bytree': 0.7173419625088303, 'min_child_weight': 2, 'gamma': 0.0008857253045204466, 'reg_alpha': 0.0001844403878812854, 'reg_lambda': 0.013080111617893655}. Best is trial 1319 with value: 0.30197738672869706.
[I 2024-12-04 18:16:33,397] Trial 2390 finished with value: 0.31930105502376716 and parameters: {'n_estimators': 909, 'max_depth': 6, 'learning_rate': 0.07516537861615988, 'subsample': 0.7692934472730321, 'colsample_bytree': 0.716914488550021, 'min_child_weight': 2, 'gamma': 0.000896890779568222, 'reg_alpha': 0.00017743584467652814, 'reg_lambda': 0.012500830439705542}. Best is trial 1319 with value: 0.30197738672869706.
[I 2024-12-04 18:16:35,274] Trial 2391 finished with value: 0.313336342330698 and parameters: {'n_estimators': 910, 'max_depth': 6, 'learning_rate': 0.0751202248266921, 'subsample': 0.7690936181603037, 'colsample_bytree': 0.7172272635032142, 'min_child_weight': 2, 'gamma': 0.0008969079477530881, 'reg_alpha': 0.00016910047428295882, 'reg_lambda': 0.013611324747386796}. Best is trial 1319 with value: 0.30197738672869706.
[I 2024-12-04 18:16:36,879] Trial 2392 finished with value: 0.3137962385692331 and parameters: {'n_estimators': 909, 'max_depth': 6, 'learning_rate': 0.07514008034438625, 'subsample': 0.769055481483661, 'colsample_bytree': 0.7176228495879315, 'min_child_weight': 2, 'gamma': 0.0008634049096015724, 'reg_alpha': 0.00017120053355157202, 'reg_lambda': 0.013523747039142185}. Best is trial 1319 with value: 0.30197738672869706.
[I 2024-12-04 18:16:38,715] Trial 2393 finished with value: 0.3142368329259214 and parameters: {'n_estimators': 907, 'max_depth': 6, 'learning_rate': 0.07517994344574198, 'subsample': 0.7692424299695442, 'colsample_bytree': 0.7172014514138323, 'min_child_weight': 2, 'gamma': 0.0009195924055627306, 'reg_alpha': 0.00018271984945705583, 'reg_lambda': 0.013371722775621235}. Best is trial 1319 with value: 0.30197738672869706.
[I 2024-12-04 18:16:40,303] Trial 2394 finished with value: 0.31672546261228146 and parameters: {'n_estimators': 908, 'max_depth': 6, 'learning_rate': 0.07554160290927897, 'subsample': 0.7691430694226906, 'colsample_bytree': 0.7175809029589174, 'min_child_weight': 2, 'gamma': 0.0009139206007663843, 'reg_alpha': 0.00018830604668538205, 'reg_lambda': 0.013098420836405276}. Best is trial 1319 with value: 0.30197738672869706.
[I 2024-12-04 18:16:41,771] Trial 2395 finished with value: 0.31546413929503003 and parameters: {'n_estimators': 909, 'max_depth': 6, 'learning_rate': 0.07518279555083247, 'subsample': 0.7694003464555363, 'colsample_bytree': 0.7173177037176038, 'min_child_weight': 2, 'gamma': 0.0009054453119929911, 'reg_alpha': 0.00018802539657625404, 'reg_lambda': 0.013199818011563582}. Best is trial 1319 with value: 0.30197738672869706.
[I 2024-12-04 18:16:43,268] Trial 2396 finished with value: 0.31128162595711983 and parameters: {'n_estimators': 909, 'max_depth': 6, 'learning_rate': 0.07507622398356617, 'subsample': 0.7696422222754356, 'colsample_bytree': 0.7172377889690638, 'min_child_weight': 2, 'gamma': 0.0009241030894188325, 'reg_alpha': 0.00018223391939738772, 'reg_lambda': 0.012975925124928234}. Best is trial 1319 with value: 0.30197738672869706.
[I 2024-12-04 18:16:44,734] Trial 2397 finished with value: 0.3072549567388715 and parameters: {'n_estimators': 909, 'max_depth': 6, 'learning_rate': 0.07513298050867687, 'subsample': 0.769466508307896, 'colsample_bytree': 0.7170894889265039, 'min_child_weight': 2, 'gamma': 0.0009144561610905377, 'reg_alpha': 0.00018225361764303817, 'reg_lambda': 0.012861163615892917}. Best is trial 1319 with value: 0.30197738672869706.
[I 2024-12-04 18:16:46,195] Trial 2398 finished with value: 0.3102033465235144 and parameters: {'n_estimators': 909, 'max_depth': 6, 'learning_rate': 0.07526480367738508, 'subsample': 0.7690173261114516, 'colsample_bytree': 0.7172821730742204, 'min_child_weight': 2, 'gamma': 0.0009040055461171275, 'reg_alpha': 0.0001793886148364933, 'reg_lambda': 0.01350587946119346}. Best is trial 1319 with value: 0.30197738672869706.
[I 2024-12-04 18:16:47,853] Trial 2399 finished with value: 0.31296366617494253 and parameters: {'n_estimators': 912, 'max_depth': 6, 'learning_rate': 0.0754629403130577, 'subsample': 0.7691827733786925, 'colsample_bytree': 0.7171808037180119, 'min_child_weight': 2, 'gamma': 0.0009018005224965482, 'reg_alpha': 0.00018159726145305861, 'reg_lambda': 0.0132213976551533}. Best is trial 1319 with value: 0.30197738672869706.
[I 2024-12-04 18:16:49,440] Trial 2400 finished with value: 0.31833298815271976 and parameters: {'n_estimators': 906, 'max_depth': 6, 'learning_rate': 0.07536030186759002, 'subsample': 0.7696231276813756, 'colsample_bytree': 0.7172311277573209, 'min_child_weight': 2, 'gamma': 0.0009555804827770014, 'reg_alpha': 0.00019185805504334105, 'reg_lambda': 0.013334350387724118}. Best is trial 1319 with value: 0.30197738672869706.
[I 2024-12-04 18:16:50,921] Trial 2401 finished with value: 0.31810803575802327 and parameters: {'n_estimators': 910, 'max_depth': 6, 'learning_rate': 0.07502360713764397, 'subsample': 0.7692005514751681, 'colsample_bytree': 0.7169744199389223, 'min_child_weight': 2, 'gamma': 0.0008871534542174359, 'reg_alpha': 0.00017534882256016064, 'reg_lambda': 0.013121095159450537}. Best is trial 1319 with value: 0.30197738672869706.
[I 2024-12-04 18:16:52,375] Trial 2402 finished with value: 0.3178231279079618 and parameters: {'n_estimators': 909, 'max_depth': 6, 'learning_rate': 0.07534955928321616, 'subsample': 0.7694023439791452, 'colsample_bytree': 0.7177094738034133, 'min_child_weight': 2, 'gamma': 0.000901786150071609, 'reg_alpha': 0.00019028155531554254, 'reg_lambda': 0.01368109959309453}. Best is trial 1319 with value: 0.30197738672869706.
[I 2024-12-04 18:16:53,925] Trial 2403 finished with value: 0.3134151661056431 and parameters: {'n_estimators': 910, 'max_depth': 6, 'learning_rate': 0.07513618490507674, 'subsample': 0.7692038614070347, 'colsample_bytree': 0.7170284370307003, 'min_child_weight': 2, 'gamma': 0.000903614181772832, 'reg_alpha': 0.00017377697672883157, 'reg_lambda': 0.013078096536817031}. Best is trial 1319 with value: 0.30197738672869706.
[I 2024-12-04 18:16:55,516] Trial 2404 finished with value: 0.3112203026179277 and parameters: {'n_estimators': 909, 'max_depth': 6, 'learning_rate': 0.07522937271121344, 'subsample': 0.7693898630000546, 'colsample_bytree': 0.7171355868367257, 'min_child_weight': 2, 'gamma': 0.0009179144662566295, 'reg_alpha': 0.000188348078644811, 'reg_lambda': 0.01285692819645678}. Best is trial 1319 with value: 0.30197738672869706.
[I 2024-12-04 18:16:57,108] Trial 2405 finished with value: 0.3188305517957841 and parameters: {'n_estimators': 908, 'max_depth': 6, 'learning_rate': 0.07532731295191593, 'subsample': 0.769190528405939, 'colsample_bytree': 0.7177245325769275, 'min_child_weight': 2, 'gamma': 0.0009218031561262188, 'reg_alpha': 0.00019877549777648487, 'reg_lambda': 0.013490949421667694}. Best is trial 1319 with value: 0.30197738672869706.
[I 2024-12-04 18:16:58,554] Trial 2406 finished with value: 0.31382437669115537 and parameters: {'n_estimators': 911, 'max_depth': 6, 'learning_rate': 0.07516989128041184, 'subsample': 0.7690527430651777, 'colsample_bytree': 0.717406018458422, 'min_child_weight': 2, 'gamma': 0.0008963832374668849, 'reg_alpha': 0.00017890015295384573, 'reg_lambda': 0.013231605816351815}. Best is trial 1319 with value: 0.30197738672869706.
[I 2024-12-04 18:17:00,013] Trial 2407 finished with value: 0.3139710562716705 and parameters: {'n_estimators': 909, 'max_depth': 6, 'learning_rate': 0.07518357757955607, 'subsample': 0.769185161405213, 'colsample_bytree': 0.7169993996823143, 'min_child_weight': 2, 'gamma': 0.0009287007296564644, 'reg_alpha': 0.00018175220936166904, 'reg_lambda': 0.013590369195947045}. Best is trial 1319 with value: 0.30197738672869706.
[I 2024-12-04 18:17:01,504] Trial 2408 finished with value: 0.3154583840646846 and parameters: {'n_estimators': 910, 'max_depth': 6, 'learning_rate': 0.07523008790432727, 'subsample': 0.7691666781840921, 'colsample_bytree': 0.7168658697893355, 'min_child_weight': 2, 'gamma': 0.0009183064014198749, 'reg_alpha': 0.0001832832647194283, 'reg_lambda': 0.013407562278691026}. Best is trial 1319 with value: 0.30197738672869706.
[I 2024-12-04 18:17:03,061] Trial 2409 finished with value: 0.31381166552914114 and parameters: {'n_estimators': 912, 'max_depth': 6, 'learning_rate': 0.07548398533558913, 'subsample': 0.7693683264682978, 'colsample_bytree': 0.7166904899640778, 'min_child_weight': 2, 'gamma': 0.0009186800281311704, 'reg_alpha': 0.00018318544496446584, 'reg_lambda': 0.012734124283105011}. Best is trial 1319 with value: 0.30197738672869706.
[I 2024-12-04 18:17:05,845] Trial 2410 finished with value: 0.30803752617407276 and parameters: {'n_estimators': 909, 'max_depth': 6, 'learning_rate': 0.07554525654843579, 'subsample': 0.7694766348768163, 'colsample_bytree': 0.7170963592972993, 'min_child_weight': 2, 'gamma': 0.0009703975107889421, 'reg_alpha': 0.00020131183916034608, 'reg_lambda': 0.01324642256888843}. Best is trial 1319 with value: 0.30197738672869706.
[I 2024-12-04 18:17:07,792] Trial 2411 finished with value: 0.3150316661651179 and parameters: {'n_estimators': 912, 'max_depth': 6, 'learning_rate': 0.07517751187034367, 'subsample': 0.7694579818697679, 'colsample_bytree': 0.7164654822291068, 'min_child_weight': 2, 'gamma': 0.0008957053263496446, 'reg_alpha': 0.00017600001438583207, 'reg_lambda': 0.012614191602169499}. Best is trial 1319 with value: 0.30197738672869706.
[I 2024-12-04 18:17:09,986] Trial 2412 finished with value: 0.3156760144789229 and parameters: {'n_estimators': 909, 'max_depth': 6, 'learning_rate': 0.07530710804988307, 'subsample': 0.7693590776912238, 'colsample_bytree': 0.7173891147429963, 'min_child_weight': 2, 'gamma': 0.0009399805421718564, 'reg_alpha': 0.00019378952843589553, 'reg_lambda': 0.013107000042288807}. Best is trial 1319 with value: 0.30197738672869706.
[I 2024-12-04 18:17:11,979] Trial 2413 finished with value: 0.3123304137471016 and parameters: {'n_estimators': 909, 'max_depth': 6, 'learning_rate': 0.07513652264451846, 'subsample': 0.7695642517173988, 'colsample_bytree': 0.7174609408981211, 'min_child_weight': 2, 'gamma': 0.0009070265086581349, 'reg_alpha': 0.00019278677021637074, 'reg_lambda': 0.01259201262626307}. Best is trial 1319 with value: 0.30197738672869706.
[I 2024-12-04 18:17:14,029] Trial 2414 finished with value: 0.3157803742147315 and parameters: {'n_estimators': 911, 'max_depth': 6, 'learning_rate': 0.07525839847820924, 'subsample': 0.7692388137480006, 'colsample_bytree': 0.7168738138221948, 'min_child_weight': 2, 'gamma': 0.0008981303508001601, 'reg_alpha': 0.00017748894140774343, 'reg_lambda': 0.012918929555438349}. Best is trial 1319 with value: 0.30197738672869706.
[I 2024-12-04 18:17:15,975] Trial 2415 finished with value: 0.311751640605628 and parameters: {'n_estimators': 908, 'max_depth': 6, 'learning_rate': 0.07509274655599849, 'subsample': 0.7693756925332284, 'colsample_bytree': 0.717845545010342, 'min_child_weight': 2, 'gamma': 0.0008729866732990443, 'reg_alpha': 0.00017324859811079478, 'reg_lambda': 0.013316481396781047}. Best is trial 1319 with value: 0.30197738672869706.
[I 2024-12-04 18:17:17,840] Trial 2416 finished with value: 0.3188375938422997 and parameters: {'n_estimators': 910, 'max_depth': 6, 'learning_rate': 0.07533777117315797, 'subsample': 0.7692492052281117, 'colsample_bytree': 0.7170436827792115, 'min_child_weight': 2, 'gamma': 0.0009207565430343808, 'reg_alpha': 0.00018387000102113276, 'reg_lambda': 0.013174412069426055}. Best is trial 1319 with value: 0.30197738672869706.
[I 2024-12-04 18:17:19,323] Trial 2417 finished with value: 0.3106136761707389 and parameters: {'n_estimators': 913, 'max_depth': 6, 'learning_rate': 0.07520123000695805, 'subsample': 0.7690685196373338, 'colsample_bytree': 0.716893376516422, 'min_child_weight': 2, 'gamma': 0.0008738455698901669, 'reg_alpha': 0.0001733708933511453, 'reg_lambda': 0.01257989679929596}. Best is trial 1319 with value: 0.30197738672869706.
[I 2024-12-04 18:17:21,008] Trial 2418 finished with value: 0.3157846403320744 and parameters: {'n_estimators': 912, 'max_depth': 6, 'learning_rate': 0.07535888644693299, 'subsample': 0.7691102294080142, 'colsample_bytree': 0.7169262901562766, 'min_child_weight': 2, 'gamma': 0.000882253165136149, 'reg_alpha': 0.0001764363222152615, 'reg_lambda': 0.013153356861830615}. Best is trial 1319 with value: 0.30197738672869706.
[I 2024-12-04 18:17:22,675] Trial 2419 finished with value: 0.312983066418073 and parameters: {'n_estimators': 909, 'max_depth': 6, 'learning_rate': 0.07535874683630497, 'subsample': 0.7694599345720246, 'colsample_bytree': 0.7170803916272708, 'min_child_weight': 2, 'gamma': 0.0009412020253820011, 'reg_alpha': 0.00019536077982308257, 'reg_lambda': 0.012713506028179732}. Best is trial 1319 with value: 0.30197738672869706.
[I 2024-12-04 18:17:24,138] Trial 2420 finished with value: 0.31492530368049615 and parameters: {'n_estimators': 909, 'max_depth': 6, 'learning_rate': 0.0754045968680775, 'subsample': 0.7697339353474357, 'colsample_bytree': 0.7168395478959403, 'min_child_weight': 2, 'gamma': 0.0009714901534669347, 'reg_alpha': 0.00020115502276119704, 'reg_lambda': 0.012798245366186222}. Best is trial 1319 with value: 0.30197738672869706.
[I 2024-12-04 18:17:25,656] Trial 2421 finished with value: 0.31361756631705406 and parameters: {'n_estimators': 910, 'max_depth': 6, 'learning_rate': 0.07527212958987774, 'subsample': 0.7692919830090255, 'colsample_bytree': 0.717612280814161, 'min_child_weight': 2, 'gamma': 0.0008982152521561831, 'reg_alpha': 0.000181477575688846, 'reg_lambda': 0.012947984267751251}. Best is trial 1319 with value: 0.30197738672869706.
[I 2024-12-04 18:17:27,249] Trial 2422 finished with value: 0.3148464528703933 and parameters: {'n_estimators': 912, 'max_depth': 6, 'learning_rate': 0.0753679661085688, 'subsample': 0.7697206060496642, 'colsample_bytree': 0.7165977408974007, 'min_child_weight': 2, 'gamma': 0.0009442610243052112, 'reg_alpha': 0.00019585025795125727, 'reg_lambda': 0.012362696076857757}. Best is trial 1319 with value: 0.30197738672869706.
[I 2024-12-04 18:17:28,731] Trial 2423 finished with value: 0.3141219813302529 and parameters: {'n_estimators': 912, 'max_depth': 6, 'learning_rate': 0.07515370922550174, 'subsample': 0.7693575672281865, 'colsample_bytree': 0.7171204650182138, 'min_child_weight': 2, 'gamma': 0.0008684568135548118, 'reg_alpha': 0.00017505432078836704, 'reg_lambda': 0.012696131431744171}. Best is trial 1319 with value: 0.30197738672869706.
[I 2024-12-04 18:17:30,316] Trial 2424 finished with value: 0.31506153484029487 and parameters: {'n_estimators': 910, 'max_depth': 6, 'learning_rate': 0.07542008301432833, 'subsample': 0.7692149614347098, 'colsample_bytree': 0.7175243942873184, 'min_child_weight': 2, 'gamma': 0.0008838844835168252, 'reg_alpha': 0.0001821355176332715, 'reg_lambda': 0.013710545558139142}. Best is trial 1319 with value: 0.30197738672869706.
[I 2024-12-04 18:17:31,903] Trial 2425 finished with value: 0.3188086306296472 and parameters: {'n_estimators': 911, 'max_depth': 6, 'learning_rate': 0.07546258004739287, 'subsample': 0.7693933463742237, 'colsample_bytree': 0.7172690336989854, 'min_child_weight': 2, 'gamma': 0.0009492799219356869, 'reg_alpha': 0.00019585815911991197, 'reg_lambda': 0.012737111904003971}. Best is trial 1319 with value: 0.30197738672869706.
