[I 2024-12-15 15:56:23,433] Trial 828 finished with value: 0.1679414063692093 and parameters: {'mlp_n_layers': 4, 'mlp_dim_00': 160, 'mlp_dim_01': 224, 'mlp_dim_02': 160, 'mlp_dim_03': 112, 'hidden_channels': 208, 'num_layers': 1, 'num_timesteps': 2, 'dropout': 0.0459611541252931, 'train_learning_rate': 0.0036268824060854674, 'train_lr_reduce': 0.6}. Best is trial 632 with value: 0.13978464901447296.
[I 2024-12-15 15:56:26,231] Trial 829 finished with value: 0.18181857466697693 and parameters: {'mlp_n_layers': 4, 'mlp_dim_00': 256, 'mlp_dim_01': 192, 'mlp_dim_02': 192, 'mlp_dim_03': 80, 'hidden_channels': 224, 'num_layers': 1, 'num_timesteps': 3, 'dropout': 0.016095694714905656, 'train_learning_rate': 0.004228911984022334, 'train_lr_reduce': 0.6}. Best is trial 632 with value: 0.13978464901447296.
[I 2024-12-15 15:56:27,283] Trial 830 finished with value: 0.20256583392620087 and parameters: {'mlp_n_layers': 4, 'mlp_dim_00': 192, 'mlp_dim_01': 80, 'mlp_dim_02': 144, 'mlp_dim_03': 128, 'hidden_channels': 224, 'num_layers': 1, 'num_timesteps': 2, 'dropout': 0.05555151934811027, 'train_learning_rate': 0.0013598794279650974, 'train_lr_reduce': 0.6}. Best is trial 632 with value: 0.13978464901447296.
[I 2024-12-15 15:56:30,294] Trial 831 finished with value: 0.20101618766784668 and parameters: {'mlp_n_layers': 4, 'mlp_dim_00': 96, 'mlp_dim_01': 208, 'mlp_dim_02': 176, 'mlp_dim_03': 96, 'hidden_channels': 240, 'num_layers': 1, 'num_timesteps': 3, 'dropout': 0.06476635804675089, 'train_learning_rate': 0.001898220007479572, 'train_lr_reduce': 0.6}. Best is trial 632 with value: 0.13978464901447296.
[I 2024-12-15 15:56:35,257] Trial 833 finished with value: 0.24232356250286102 and parameters: {'mlp_n_layers': 4, 'mlp_dim_00': 112, 'mlp_dim_01': 96, 'mlp_dim_02': 160, 'mlp_dim_03': 144, 'hidden_channels': 256, 'num_layers': 1, 'num_timesteps': 3, 'dropout': 0.04510942571882557, 'train_learning_rate': 0.003621287133370292, 'train_lr_reduce': 0.6}. Best is trial 632 with value: 0.13978464901447296.
[I 2024-12-15 15:56:42,985] Trial 834 finished with value: 0.18150010704994202 and parameters: {'mlp_n_layers': 4, 'mlp_dim_00': 160, 'mlp_dim_01': 128, 'mlp_dim_02': 128, 'mlp_dim_03': 112, 'hidden_channels': 256, 'num_layers': 1, 'num_timesteps': 3, 'dropout': 0.05370858125350107, 'train_learning_rate': 0.001564266170188981, 'train_lr_reduce': 0.6}. Best is trial 632 with value: 0.13978464901447296.
[I 2024-12-15 15:56:44,304] Trial 832 finished with value: 0.2826865017414093 and parameters: {'mlp_n_layers': 2, 'mlp_dim_00': 64, 'mlp_dim_01': 96, 'hidden_channels': 144, 'num_layers': 1, 'num_timesteps': 3, 'dropout': 0.1547248319535414, 'train_learning_rate': 0.00011495735502105034, 'train_lr_reduce': 0.6}. Best is trial 632 with value: 0.13978464901447296.
[I 2024-12-15 15:56:48,824] Trial 836 finished with value: 0.23602154850959778 and parameters: {'mlp_n_layers': 3, 'mlp_dim_00': 144, 'mlp_dim_01': 80, 'mlp_dim_02': 160, 'hidden_channels': 256, 'num_layers': 1, 'num_timesteps': 4, 'dropout': 0.10154474589506221, 'train_learning_rate': 0.005692364019453496, 'train_lr_reduce': 0.6}. Best is trial 632 with value: 0.13978464901447296.
[I 2024-12-15 15:56:50,719] Trial 835 finished with value: 0.2014351189136505 and parameters: {'mlp_n_layers': 4, 'mlp_dim_00': 192, 'mlp_dim_01': 240, 'mlp_dim_02': 192, 'mlp_dim_03': 80, 'hidden_channels': 256, 'num_layers': 2, 'num_timesteps': 3, 'dropout': 0.001129960636618757, 'train_learning_rate': 0.004054064336162732, 'train_lr_reduce': 0.6}. Best is trial 632 with value: 0.13978464901447296.
[I 2024-12-15 15:56:53,113] Trial 837 finished with value: 0.16587379574775696 and parameters: {'mlp_n_layers': 3, 'mlp_dim_00': 128, 'mlp_dim_01': 144, 'mlp_dim_02': 144, 'hidden_channels': 208, 'num_layers': 1, 'num_timesteps': 3, 'dropout': 0.030711193661324125, 'train_learning_rate': 0.005341126066553911, 'train_lr_reduce': 0.6}. Best is trial 632 with value: 0.13978464901447296.
[I 2024-12-15 15:56:56,170] Trial 838 finished with value: 0.2210070788860321 and parameters: {'mlp_n_layers': 2, 'mlp_dim_00': 224, 'mlp_dim_01': 224, 'hidden_channels': 48, 'num_layers': 1, 'num_timesteps': 4, 'dropout': 0.09081199220026306, 'train_learning_rate': 0.0034484718495868833, 'train_lr_reduce': 0.6}. Best is trial 632 with value: 0.13978464901447296.
[I 2024-12-15 15:57:02,796] Trial 840 finished with value: 0.1904330551624298 and parameters: {'mlp_n_layers': 3, 'mlp_dim_00': 144, 'mlp_dim_01': 192, 'mlp_dim_02': 128, 'hidden_channels': 240, 'num_layers': 1, 'num_timesteps': 3, 'dropout': 0.11587984116683332, 'train_learning_rate': 0.00235228962541974, 'train_lr_reduce': 0.6}. Best is trial 632 with value: 0.13978464901447296.
[I 2024-12-15 15:57:03,195] Trial 839 finished with value: 0.17371799051761627 and parameters: {'mlp_n_layers': 4, 'mlp_dim_00': 96, 'mlp_dim_01': 160, 'mlp_dim_02': 176, 'mlp_dim_03': 112, 'hidden_channels': 192, 'num_layers': 1, 'num_timesteps': 4, 'dropout': 0.03145854034660686, 'train_learning_rate': 0.0002426034408458515, 'train_lr_reduce': 0.6}. Best is trial 632 with value: 0.13978464901447296.
[I 2024-12-15 15:57:06,578] Trial 841 finished with value: 0.16822385787963867 and parameters: {'mlp_n_layers': 4, 'mlp_dim_00': 128, 'mlp_dim_01': 176, 'mlp_dim_02': 192, 'mlp_dim_03': 160, 'hidden_channels': 224, 'num_layers': 1, 'num_timesteps': 2, 'dropout': 0.10795701240869454, 'train_learning_rate': 0.002618564082861657, 'train_lr_reduce': 0.6}. Best is trial 632 with value: 0.13978464901447296.
[I 2024-12-15 15:57:09,850] Trial 842 finished with value: 0.2082057148218155 and parameters: {'mlp_n_layers': 4, 'mlp_dim_00': 160, 'mlp_dim_01': 144, 'mlp_dim_02': 160, 'mlp_dim_03': 80, 'hidden_channels': 208, 'num_layers': 1, 'num_timesteps': 3, 'dropout': 0.02432905873898911, 'train_learning_rate': 0.005720374087216952, 'train_lr_reduce': 0.6}. Best is trial 632 with value: 0.13978464901447296.
[I 2024-12-15 15:57:12,884] Trial 843 finished with value: 0.1899620145559311 and parameters: {'mlp_n_layers': 4, 'mlp_dim_00': 160, 'mlp_dim_01': 240, 'mlp_dim_02': 144, 'mlp_dim_03': 128, 'hidden_channels': 192, 'num_layers': 1, 'num_timesteps': 2, 'dropout': 0.12804125344189984, 'train_learning_rate': 0.0017816754730202976, 'train_lr_reduce': 0.6}. Best is trial 632 with value: 0.13978464901447296.
[I 2024-12-15 15:57:19,451] Trial 846 finished with value: 0.18263857066631317 and parameters: {'mlp_n_layers': 2, 'mlp_dim_00': 144, 'mlp_dim_01': 240, 'hidden_channels': 224, 'num_layers': 1, 'num_timesteps': 1, 'dropout': 0.04228308411900834, 'train_learning_rate': 0.007779462574940964, 'train_lr_reduce': 0.6}. Best is trial 632 with value: 0.13978464901447296.
[I 2024-12-15 15:57:20,680] Trial 845 finished with value: 0.1900612860918045 and parameters: {'mlp_n_layers': 4, 'mlp_dim_00': 112, 'mlp_dim_01': 176, 'mlp_dim_02': 192, 'mlp_dim_03': 112, 'hidden_channels': 208, 'num_layers': 1, 'num_timesteps': 4, 'dropout': 0.024125233749598005, 'train_learning_rate': 0.005461354662315168, 'train_lr_reduce': 0.6}. Best is trial 632 with value: 0.13978464901447296.
[I 2024-12-15 15:57:25,901] Trial 844 finished with value: 0.22740717232227325 and parameters: {'mlp_n_layers': 4, 'mlp_dim_00': 224, 'mlp_dim_01': 256, 'mlp_dim_02': 176, 'mlp_dim_03': 80, 'hidden_channels': 176, 'num_layers': 3, 'num_timesteps': 3, 'dropout': 0.04746367623167404, 'train_learning_rate': 0.0001766522507355947, 'train_lr_reduce': 0.6}. Best is trial 632 with value: 0.13978464901447296.
[I 2024-12-15 15:57:30,722] Trial 848 finished with value: 0.21769802272319794 and parameters: {'mlp_n_layers': 4, 'mlp_dim_00': 128, 'mlp_dim_01': 64, 'mlp_dim_02': 160, 'mlp_dim_03': 96, 'hidden_channels': 256, 'num_layers': 3, 'num_timesteps': 4, 'dropout': 0.23124459460491933, 'train_learning_rate': 0.00956365328893395, 'train_lr_reduce': 0.6}. Best is trial 632 with value: 0.13978464901447296.
[I 2024-12-15 15:57:31,784] Trial 847 finished with value: 0.15465958416461945 and parameters: {'mlp_n_layers': 4, 'mlp_dim_00': 160, 'mlp_dim_01': 224, 'mlp_dim_02': 128, 'mlp_dim_03': 144, 'hidden_channels': 256, 'num_layers': 1, 'num_timesteps': 3, 'dropout': 0.08943459693105249, 'train_learning_rate': 0.0021440835535187094, 'train_lr_reduce': 0.6}. Best is trial 632 with value: 0.13978464901447296.
[I 2024-12-15 15:57:35,818] Trial 849 finished with value: 0.22519822418689728 and parameters: {'mlp_n_layers': 4, 'mlp_dim_00': 192, 'mlp_dim_01': 128, 'mlp_dim_02': 160, 'mlp_dim_03': 80, 'hidden_channels': 256, 'num_layers': 1, 'num_timesteps': 3, 'dropout': 0.006746817371482021, 'train_learning_rate': 0.002200828814009955, 'train_lr_reduce': 0.6}. Best is trial 632 with value: 0.13978464901447296.
[I 2024-12-15 15:57:40,812] Trial 851 finished with value: 0.20428885519504547 and parameters: {'mlp_n_layers': 4, 'mlp_dim_00': 208, 'mlp_dim_01': 256, 'mlp_dim_02': 128, 'mlp_dim_03': 160, 'hidden_channels': 160, 'num_layers': 2, 'num_timesteps': 2, 'dropout': 0.052264118840636586, 'train_learning_rate': 0.000988606023803484, 'train_lr_reduce': 0.6}. Best is trial 632 with value: 0.13978464901447296.
[I 2024-12-15 15:57:41,436] Trial 850 finished with value: 0.2677774429321289 and parameters: {'mlp_n_layers': 4, 'mlp_dim_00': 192, 'mlp_dim_01': 224, 'mlp_dim_02': 192, 'mlp_dim_03': 128, 'hidden_channels': 144, 'num_layers': 4, 'num_timesteps': 2, 'dropout': 0.2840995997977799, 'train_learning_rate': 0.001283427181302091, 'train_lr_reduce': 0.6}. Best is trial 632 with value: 0.13978464901447296.
[I 2024-12-15 15:57:44,440] Trial 853 finished with value: 0.8682335615158081 and parameters: {'mlp_n_layers': 3, 'mlp_dim_00': 208, 'mlp_dim_01': 208, 'mlp_dim_02': 112, 'hidden_channels': 224, 'num_layers': 1, 'num_timesteps': 2, 'dropout': 0.033528029522052076, 'train_learning_rate': 0.00635534917411569, 'train_lr_reduce': 0.6}. Best is trial 632 with value: 0.13978464901447296.
[I 2024-12-15 15:58:02,385] Trial 852 finished with value: 0.2482263743877411 and parameters: {'mlp_n_layers': 4, 'mlp_dim_00': 64, 'mlp_dim_01': 192, 'mlp_dim_02': 128, 'mlp_dim_03': 160, 'hidden_channels': 144, 'num_layers': 3, 'num_timesteps': 2, 'dropout': 0.0428869593691429, 'train_learning_rate': 0.00013508649764900545, 'train_lr_reduce': 0.6}. Best is trial 632 with value: 0.13978464901447296.
[I 2024-12-15 15:58:08,419] Trial 855 finished with value: 0.19837899506092072 and parameters: {'mlp_n_layers': 3, 'mlp_dim_00': 160, 'mlp_dim_01': 256, 'mlp_dim_02': 112, 'hidden_channels': 176, 'num_layers': 1, 'num_timesteps': 1, 'dropout': 0.07463529413813416, 'train_learning_rate': 0.0028056500557321765, 'train_lr_reduce': 0.6}. Best is trial 632 with value: 0.13978464901447296.
[I 2024-12-15 15:58:08,429] Trial 854 finished with value: 0.23847562074661255 and parameters: {'mlp_n_layers': 2, 'mlp_dim_00': 208, 'mlp_dim_01': 48, 'hidden_channels': 144, 'num_layers': 2, 'num_timesteps': 1, 'dropout': 0.2530240810903023, 'train_learning_rate': 0.00023071892974557484, 'train_lr_reduce': 0.6}. Best is trial 632 with value: 0.13978464901447296.
[I 2024-12-15 15:58:13,763] Trial 856 finished with value: 0.2068619281053543 and parameters: {'mlp_n_layers': 4, 'mlp_dim_00': 176, 'mlp_dim_01': 224, 'mlp_dim_02': 112, 'mlp_dim_03': 144, 'hidden_channels': 256, 'num_layers': 1, 'num_timesteps': 3, 'dropout': 0.1186582678350484, 'train_learning_rate': 0.0054469345214090085, 'train_lr_reduce': 0.6}. Best is trial 632 with value: 0.13978464901447296.
[I 2024-12-15 15:58:19,229] Trial 858 finished with value: 0.17121301591396332 and parameters: {'mlp_n_layers': 2, 'mlp_dim_00': 192, 'mlp_dim_01': 192, 'hidden_channels': 112, 'num_layers': 1, 'num_timesteps': 4, 'dropout': 0.04871644648672813, 'train_learning_rate': 0.0029476738156267476, 'train_lr_reduce': 0.6}. Best is trial 632 with value: 0.13978464901447296.
[I 2024-12-15 15:58:22,888] Trial 859 finished with value: 0.20781192183494568 and parameters: {'mlp_n_layers': 4, 'mlp_dim_00': 256, 'mlp_dim_01': 256, 'mlp_dim_02': 112, 'mlp_dim_03': 176, 'hidden_channels': 256, 'num_layers': 1, 'num_timesteps': 3, 'dropout': 0.00947903377535892, 'train_learning_rate': 0.004164023227584423, 'train_lr_reduce': 0.6}. Best is trial 632 with value: 0.13978464901447296.
[I 2024-12-15 15:58:27,490] Trial 857 finished with value: 0.30712997913360596 and parameters: {'mlp_n_layers': 2, 'mlp_dim_00': 80, 'mlp_dim_01': 64, 'hidden_channels': 208, 'num_layers': 1, 'num_timesteps': 1, 'dropout': 0.2733208070170381, 'train_learning_rate': 0.0001034114044091983, 'train_lr_reduce': 0.6}. Best is trial 632 with value: 0.13978464901447296.
[I 2024-12-15 15:58:34,510] Trial 860 finished with value: 0.1803019642829895 and parameters: {'mlp_n_layers': 4, 'mlp_dim_00': 112, 'mlp_dim_01': 144, 'mlp_dim_02': 192, 'mlp_dim_03': 144, 'hidden_channels': 256, 'num_layers': 1, 'num_timesteps': 4, 'dropout': 0.06467967178927926, 'train_learning_rate': 0.0002575997884894856, 'train_lr_reduce': 0.6}. Best is trial 632 with value: 0.13978464901447296.
[I 2024-12-15 15:58:37,584] Trial 862 finished with value: 0.23925508558750153 and parameters: {'mlp_n_layers': 4, 'mlp_dim_00': 128, 'mlp_dim_01': 144, 'mlp_dim_02': 176, 'mlp_dim_03': 144, 'hidden_channels': 160, 'num_layers': 2, 'num_timesteps': 4, 'dropout': 0.009731290025171572, 'train_learning_rate': 0.0037059616609646548, 'train_lr_reduce': 0.6}. Best is trial 632 with value: 0.13978464901447296.
[I 2024-12-15 15:58:38,350] Trial 861 finished with value: 0.18057236075401306 and parameters: {'mlp_n_layers': 2, 'mlp_dim_00': 160, 'mlp_dim_01': 192, 'hidden_channels': 192, 'num_layers': 1, 'num_timesteps': 2, 'dropout': 0.0674134562987319, 'train_learning_rate': 0.005437247152245876, 'train_lr_reduce': 0.6}. Best is trial 632 with value: 0.13978464901447296.
[I 2024-12-15 15:58:46,529] Trial 864 finished with value: 0.22343792021274567 and parameters: {'mlp_n_layers': 4, 'mlp_dim_00': 176, 'mlp_dim_01': 240, 'mlp_dim_02': 208, 'mlp_dim_03': 128, 'hidden_channels': 256, 'num_layers': 1, 'num_timesteps': 2, 'dropout': 0.029371903151161605, 'train_learning_rate': 0.006732913351840294, 'train_lr_reduce': 0.6}. Best is trial 632 with value: 0.13978464901447296.
[I 2024-12-15 15:58:46,866] Trial 865 finished with value: 0.189952090382576 and parameters: {'mlp_n_layers': 4, 'mlp_dim_00': 144, 'mlp_dim_01': 176, 'mlp_dim_02': 144, 'mlp_dim_03': 112, 'hidden_channels': 256, 'num_layers': 1, 'num_timesteps': 3, 'dropout': 0.002136779374511906, 'train_learning_rate': 0.0012948194683054355, 'train_lr_reduce': 0.6}. Best is trial 632 with value: 0.13978464901447296.
[I 2024-12-15 15:58:47,569] Trial 863 finished with value: 0.17155146598815918 and parameters: {'mlp_n_layers': 4, 'mlp_dim_00': 144, 'mlp_dim_01': 208, 'mlp_dim_02': 128, 'mlp_dim_03': 128, 'hidden_channels': 224, 'num_layers': 1, 'num_timesteps': 4, 'dropout': 0.09713929035429236, 'train_learning_rate': 0.002437190610384347, 'train_lr_reduce': 0.6}. Best is trial 632 with value: 0.13978464901447296.
[I 2024-12-15 15:58:53,158] Trial 866 finished with value: 0.2462352067232132 and parameters: {'mlp_n_layers': 4, 'mlp_dim_00': 96, 'mlp_dim_01': 160, 'mlp_dim_02': 176, 'mlp_dim_03': 160, 'hidden_channels': 256, 'num_layers': 2, 'num_timesteps': 4, 'dropout': 0.05228286494184813, 'train_learning_rate': 0.0042556747322980756, 'train_lr_reduce': 0.6}. Best is trial 632 with value: 0.13978464901447296.
[I 2024-12-15 15:58:54,127] Trial 867 finished with value: 0.2246111035346985 and parameters: {'mlp_n_layers': 3, 'mlp_dim_00': 64, 'mlp_dim_01': 160, 'mlp_dim_02': 160, 'hidden_channels': 256, 'num_layers': 2, 'num_timesteps': 3, 'dropout': 0.1258886577010713, 'train_learning_rate': 0.0023116571659267966, 'train_lr_reduce': 0.6}. Best is trial 632 with value: 0.13978464901447296.
[I 2024-12-15 15:59:02,904] Trial 868 finished with value: 0.16028985381126404 and parameters: {'mlp_n_layers': 4, 'mlp_dim_00': 192, 'mlp_dim_01': 256, 'mlp_dim_02': 192, 'mlp_dim_03': 112, 'hidden_channels': 240, 'num_layers': 1, 'num_timesteps': 4, 'dropout': 0.05596374482372547, 'train_learning_rate': 0.0017033905925052629, 'train_lr_reduce': 0.6}. Best is trial 632 with value: 0.13978464901447296.
[I 2024-12-15 15:59:03,870] Trial 869 finished with value: 0.2307180017232895 and parameters: {'mlp_n_layers': 2, 'mlp_dim_00': 224, 'mlp_dim_01': 160, 'hidden_channels': 224, 'num_layers': 3, 'num_timesteps': 2, 'dropout': 0.1886448077090886, 'train_learning_rate': 0.00033946698036618414, 'train_lr_reduce': 0.6}. Best is trial 632 with value: 0.13978464901447296.
[I 2024-12-15 15:59:04,044] Trial 870 finished with value: 0.1867074966430664 and parameters: {'mlp_n_layers': 4, 'mlp_dim_00': 32, 'mlp_dim_01': 80, 'mlp_dim_02': 128, 'mlp_dim_03': 128, 'hidden_channels': 192, 'num_layers': 1, 'num_timesteps': 1, 'dropout': 0.0860563379065043, 'train_learning_rate': 0.0007079380645994063, 'train_lr_reduce': 0.6}. Best is trial 632 with value: 0.13978464901447296.
[I 2024-12-15 15:59:12,509] Trial 873 finished with value: 0.23985449969768524 and parameters: {'mlp_n_layers': 2, 'mlp_dim_00': 80, 'mlp_dim_01': 256, 'hidden_channels': 224, 'num_layers': 3, 'num_timesteps': 4, 'dropout': 0.18831596514028087, 'train_learning_rate': 0.0008177658668548524, 'train_lr_reduce': 0.6}. Best is trial 632 with value: 0.13978464901447296.
[I 2024-12-15 15:59:13,398] Trial 871 finished with value: 0.20638513565063477 and parameters: {'mlp_n_layers': 4, 'mlp_dim_00': 64, 'mlp_dim_01': 256, 'mlp_dim_02': 208, 'mlp_dim_03': 80, 'hidden_channels': 96, 'num_layers': 1, 'num_timesteps': 3, 'dropout': 0.20131228870047724, 'train_learning_rate': 0.0008795520534367883, 'train_lr_reduce': 0.6}. Best is trial 632 with value: 0.13978464901447296.
[I 2024-12-15 15:59:21,364] Trial 872 finished with value: 0.37738853693008423 and parameters: {'mlp_n_layers': 4, 'mlp_dim_00': 256, 'mlp_dim_01': 240, 'mlp_dim_02': 208, 'mlp_dim_03': 144, 'hidden_channels': 80, 'num_layers': 4, 'num_timesteps': 2, 'dropout': 0.12405016597268612, 'train_learning_rate': 0.00021736172746370823, 'train_lr_reduce': 0.6}. Best is trial 632 with value: 0.13978464901447296.
[I 2024-12-15 15:59:22,049] Trial 875 finished with value: 0.21692678332328796 and parameters: {'mlp_n_layers': 4, 'mlp_dim_00': 176, 'mlp_dim_01': 256, 'mlp_dim_02': 192, 'mlp_dim_03': 96, 'hidden_channels': 240, 'num_layers': 2, 'num_timesteps': 4, 'dropout': 0.06060783500800057, 'train_learning_rate': 0.0021992652050013, 'train_lr_reduce': 0.6}. Best is trial 632 with value: 0.13978464901447296.
[I 2024-12-15 15:59:24,742] Trial 874 finished with value: 0.19342263042926788 and parameters: {'mlp_n_layers': 4, 'mlp_dim_00': 192, 'mlp_dim_01': 192, 'mlp_dim_02': 208, 'mlp_dim_03': 112, 'hidden_channels': 256, 'num_layers': 1, 'num_timesteps': 3, 'dropout': 0.11771202946431739, 'train_learning_rate': 0.0011047925608371296, 'train_lr_reduce': 0.6}. Best is trial 632 with value: 0.13978464901447296.
[I 2024-12-15 15:59:28,352] Trial 876 finished with value: 0.22418911755084991 and parameters: {'mlp_n_layers': 4, 'mlp_dim_00': 64, 'mlp_dim_01': 160, 'mlp_dim_02': 208, 'mlp_dim_03': 128, 'hidden_channels': 256, 'num_layers': 1, 'num_timesteps': 3, 'dropout': 0.10349637402920571, 'train_learning_rate': 0.0034609439941563703, 'train_lr_reduce': 0.6}. Best is trial 632 with value: 0.13978464901447296.
[I 2024-12-15 15:59:32,830] Trial 877 finished with value: 0.19645458459854126 and parameters: {'mlp_n_layers': 4, 'mlp_dim_00': 192, 'mlp_dim_01': 256, 'mlp_dim_02': 192, 'mlp_dim_03': 80, 'hidden_channels': 240, 'num_layers': 1, 'num_timesteps': 4, 'dropout': 0.03190758388230242, 'train_learning_rate': 0.0009766202762285334, 'train_lr_reduce': 0.6}. Best is trial 632 with value: 0.13978464901447296.
[I 2024-12-15 15:59:33,654] Trial 878 finished with value: 0.1707385629415512 and parameters: {'mlp_n_layers': 4, 'mlp_dim_00': 112, 'mlp_dim_01': 176, 'mlp_dim_02': 112, 'mlp_dim_03': 112, 'hidden_channels': 256, 'num_layers': 1, 'num_timesteps': 3, 'dropout': 0.08846363656854042, 'train_learning_rate': 0.003031196016346372, 'train_lr_reduce': 0.6}. Best is trial 632 with value: 0.13978464901447296.
[I 2024-12-15 15:59:38,785] Trial 879 finished with value: 0.2355332374572754 and parameters: {'mlp_n_layers': 3, 'mlp_dim_00': 176, 'mlp_dim_01': 160, 'mlp_dim_02': 144, 'hidden_channels': 256, 'num_layers': 2, 'num_timesteps': 2, 'dropout': 0.05593037003156708, 'train_learning_rate': 0.0033102104499520605, 'train_lr_reduce': 0.6}. Best is trial 632 with value: 0.13978464901447296.
[I 2024-12-15 15:59:43,694] Trial 880 finished with value: 0.18094788491725922 and parameters: {'mlp_n_layers': 4, 'mlp_dim_00': 128, 'mlp_dim_01': 256, 'mlp_dim_02': 176, 'mlp_dim_03': 144, 'hidden_channels': 224, 'num_layers': 1, 'num_timesteps': 3, 'dropout': 0.12178107645469181, 'train_learning_rate': 0.0021966687407936583, 'train_lr_reduce': 0.6}. Best is trial 632 with value: 0.13978464901447296.
[I 2024-12-15 15:59:44,134] Trial 881 finished with value: 0.18992745876312256 and parameters: {'mlp_n_layers': 3, 'mlp_dim_00': 160, 'mlp_dim_01': 64, 'mlp_dim_02': 144, 'hidden_channels': 192, 'num_layers': 1, 'num_timesteps': 4, 'dropout': 0.06515426445331954, 'train_learning_rate': 0.0007382617095480655, 'train_lr_reduce': 0.6}. Best is trial 632 with value: 0.13978464901447296.
[I 2024-12-15 15:59:46,356] Trial 882 finished with value: 0.19583211839199066 and parameters: {'mlp_n_layers': 4, 'mlp_dim_00': 80, 'mlp_dim_01': 128, 'mlp_dim_02': 112, 'mlp_dim_03': 176, 'hidden_channels': 256, 'num_layers': 1, 'num_timesteps': 2, 'dropout': 0.06071922578389552, 'train_learning_rate': 0.002894044489827101, 'train_lr_reduce': 0.6}. Best is trial 632 with value: 0.13978464901447296.
