[I 2024-12-24 14:36:39,599] Trial 96 finished with value: 0.02722957730293274 and parameters: {'L1_hidden_dim': 192, 'L1_layers_atom': 1, 'L1_layers_mol': 2, 'L1_dropout': 0.018283950982261394, 'L1_out_dim': 64, 'L2_hidden_dim': 240, 'L2_layers_atom': 4, 'L2_layers_mol': 3, 'L2_out_dim': 64, 'L2_dropout': 0.10936810451374934, 'L3_hidden_dim': 112, 'L3_layers_atom': 1, 'L3_layers_mol': 3, 'L3_out_dim': 112, 'L3_dropout': 0.1977698657857727, 'n_mlp_layers': 1, 'mlp_dim_0': 416, 'num_heads': 1, 'final_dropout': 0.19132064060197182, 'train_learning_rate': 0.0006185865403414484, 'train_lr_reduce': 0.6}. Best is trial 85 with value: 0.010820839554071426.
[I 2024-12-24 14:38:35,968] Trial 98 finished with value: 0.01193454023450613 and parameters: {'L1_hidden_dim': 80, 'L1_layers_atom': 2, 'L1_layers_mol': 2, 'L1_dropout': 0.12307733826002834, 'L1_out_dim': 112, 'L2_hidden_dim': 176, 'L2_layers_atom': 2, 'L2_layers_mol': 1, 'L2_out_dim': 80, 'L2_dropout': 0.16451498496722433, 'L3_hidden_dim': 64, 'L3_layers_atom': 3, 'L3_layers_mol': 2, 'L3_out_dim': 80, 'L3_dropout': 0.17567162808057496, 'n_mlp_layers': 1, 'mlp_dim_0': 384, 'num_heads': 2, 'final_dropout': 0.10461758871390751, 'train_learning_rate': 0.0009203024644492787, 'train_lr_reduce': 0.6}. Best is trial 85 with value: 0.010820839554071426.
[I 2024-12-24 14:39:13,932] Trial 99 finished with value: 0.011499416083097458 and parameters: {'L1_hidden_dim': 128, 'L1_layers_atom': 3, 'L1_layers_mol': 4, 'L1_dropout': 0.15770634699911623, 'L1_out_dim': 128, 'L2_hidden_dim': 128, 'L2_layers_atom': 2, 'L2_layers_mol': 2, 'L2_out_dim': 32, 'L2_dropout': 0.13282624583160926, 'L3_hidden_dim': 64, 'L3_layers_atom': 3, 'L3_layers_mol': 2, 'L3_out_dim': 112, 'L3_dropout': 0.2943294497363599, 'n_mlp_layers': 2, 'mlp_dim_0': 304, 'mlp_dim_1': 112, 'num_heads': 2, 'final_dropout': 0.14772957438755138, 'train_learning_rate': 0.002405982590382725, 'train_lr_reduce': 0.6}. Best is trial 85 with value: 0.010820839554071426.
[I 2024-12-24 14:39:41,484] Trial 97 finished with value: 0.01778017170727253 and parameters: {'L1_hidden_dim': 160, 'L1_layers_atom': 2, 'L1_layers_mol': 4, 'L1_dropout': 0.13988837789935937, 'L1_out_dim': 112, 'L2_hidden_dim': 128, 'L2_layers_atom': 2, 'L2_layers_mol': 1, 'L2_out_dim': 80, 'L2_dropout': 0.11142679421098521, 'L3_hidden_dim': 48, 'L3_layers_atom': 3, 'L3_layers_mol': 2, 'L3_out_dim': 128, 'L3_dropout': 0.22852439174424927, 'n_mlp_layers': 2, 'mlp_dim_0': 232, 'mlp_dim_1': 80, 'num_heads': 2, 'final_dropout': 0.1914339988742032, 'train_learning_rate': 0.00010184793336122756, 'train_lr_reduce': 0.6}. Best is trial 85 with value: 0.010820839554071426.
[I 2024-12-24 14:39:55,928] Trial 100 finished with value: 0.010967964306473732 and parameters: {'L1_hidden_dim': 96, 'L1_layers_atom': 2, 'L1_layers_mol': 4, 'L1_dropout': 0.015600197993378532, 'L1_out_dim': 112, 'L2_hidden_dim': 224, 'L2_layers_atom': 4, 'L2_layers_mol': 1, 'L2_out_dim': 32, 'L2_dropout': 0.0795206244346076, 'L3_hidden_dim': 96, 'L3_layers_atom': 2, 'L3_layers_mol': 1, 'L3_out_dim': 128, 'L3_dropout': 0.24257832709040203, 'n_mlp_layers': 2, 'mlp_dim_0': 232, 'mlp_dim_1': 104, 'num_heads': 1, 'final_dropout': 0.14631799587774086, 'train_learning_rate': 0.00173367487289377, 'train_lr_reduce': 0.6}. Best is trial 85 with value: 0.010820839554071426.
[I 2024-12-24 14:40:40,898] Trial 101 finished with value: 0.01538574043661356 and parameters: {'L1_hidden_dim': 112, 'L1_layers_atom': 3, 'L1_layers_mol': 4, 'L1_dropout': 0.08745766480070526, 'L1_out_dim': 96, 'L2_hidden_dim': 160, 'L2_layers_atom': 2, 'L2_layers_mol': 1, 'L2_out_dim': 32, 'L2_dropout': 0.08724572933972663, 'L3_hidden_dim': 64, 'L3_layers_atom': 3, 'L3_layers_mol': 2, 'L3_out_dim': 112, 'L3_dropout': 0.2603740412440667, 'n_mlp_layers': 2, 'mlp_dim_0': 160, 'mlp_dim_1': 88, 'num_heads': 2, 'final_dropout': 0.1892341929183727, 'train_learning_rate': 0.00850256727196408, 'train_lr_reduce': 0.6}. Best is trial 85 with value: 0.010820839554071426.
[I 2024-12-24 14:41:13,851] Trial 102 finished with value: 0.011432390660047531 and parameters: {'L1_hidden_dim': 80, 'L1_layers_atom': 2, 'L1_layers_mol': 3, 'L1_dropout': 0.1524928047329601, 'L1_out_dim': 128, 'L2_hidden_dim': 176, 'L2_layers_atom': 2, 'L2_layers_mol': 2, 'L2_out_dim': 32, 'L2_dropout': 0.2086383901017046, 'L3_hidden_dim': 48, 'L3_layers_atom': 2, 'L3_layers_mol': 2, 'L3_out_dim': 96, 'L3_dropout': 0.29835985940349447, 'n_mlp_layers': 2, 'mlp_dim_0': 344, 'mlp_dim_1': 112, 'num_heads': 2, 'final_dropout': 0.07707883167842061, 'train_learning_rate': 0.004600757281727516, 'train_lr_reduce': 0.6}. Best is trial 85 with value: 0.010820839554071426.
[I 2024-12-24 14:41:22,285] Trial 103 finished with value: 0.011438166722655296 and parameters: {'L1_hidden_dim': 80, 'L1_layers_atom': 2, 'L1_layers_mol': 3, 'L1_dropout': 0.060794998854589916, 'L1_out_dim': 112, 'L2_hidden_dim': 224, 'L2_layers_atom': 4, 'L2_layers_mol': 1, 'L2_out_dim': 64, 'L2_dropout': 0.02064591824866488, 'L3_hidden_dim': 128, 'L3_layers_atom': 2, 'L3_layers_mol': 1, 'L3_out_dim': 128, 'L3_dropout': 0.2709219236921656, 'n_mlp_layers': 2, 'mlp_dim_0': 184, 'mlp_dim_1': 80, 'num_heads': 1, 'final_dropout': 0.1219400468109431, 'train_learning_rate': 0.001245650117405096, 'train_lr_reduce': 0.6}. Best is trial 85 with value: 0.010820839554071426.
[I 2024-12-24 14:42:58,204] Trial 105 finished with value: 0.012019620276987553 and parameters: {'L1_hidden_dim': 112, 'L1_layers_atom': 1, 'L1_layers_mol': 4, 'L1_dropout': 0.15769703978736085, 'L1_out_dim': 112, 'L2_hidden_dim': 128, 'L2_layers_atom': 2, 'L2_layers_mol': 2, 'L2_out_dim': 32, 'L2_dropout': 0.21573548664991676, 'L3_hidden_dim': 32, 'L3_layers_atom': 2, 'L3_layers_mol': 2, 'L3_out_dim': 96, 'L3_dropout': 0.22365371297859626, 'n_mlp_layers': 2, 'mlp_dim_0': 296, 'mlp_dim_1': 96, 'num_heads': 2, 'final_dropout': 0.1037370646275436, 'train_learning_rate': 0.0013757482261432434, 'train_lr_reduce': 0.6}. Best is trial 85 with value: 0.010820839554071426.
[I 2024-12-24 14:43:11,515] Trial 104 finished with value: 0.0160333551466465 and parameters: {'L1_hidden_dim': 128, 'L1_layers_atom': 2, 'L1_layers_mol': 3, 'L1_dropout': 0.07397625613777858, 'L1_out_dim': 80, 'L2_hidden_dim': 208, 'L2_layers_atom': 1, 'L2_layers_mol': 2, 'L2_out_dim': 32, 'L2_dropout': 0.10396770572538111, 'L3_hidden_dim': 80, 'L3_layers_atom': 3, 'L3_layers_mol': 1, 'L3_out_dim': 96, 'L3_dropout': 0.2664682322052, 'n_mlp_layers': 1, 'mlp_dim_0': 352, 'num_heads': 2, 'final_dropout': 0.23232011542823833, 'train_learning_rate': 0.00029497111652471814, 'train_lr_reduce': 0.6}. Best is trial 85 with value: 0.010820839554071426.
[I 2024-12-24 14:44:26,096] Trial 106 finished with value: 0.011700235307216644 and parameters: {'L1_hidden_dim': 112, 'L1_layers_atom': 2, 'L1_layers_mol': 4, 'L1_dropout': 0.02674450895666513, 'L1_out_dim': 128, 'L2_hidden_dim': 208, 'L2_layers_atom': 4, 'L2_layers_mol': 1, 'L2_out_dim': 48, 'L2_dropout': 0.042180191345064164, 'L3_hidden_dim': 112, 'L3_layers_atom': 2, 'L3_layers_mol': 1, 'L3_out_dim': 96, 'L3_dropout': 0.19985178334497006, 'n_mlp_layers': 2, 'mlp_dim_0': 208, 'mlp_dim_1': 96, 'num_heads': 1, 'final_dropout': 0.1328976774898824, 'train_learning_rate': 0.00036002842012450206, 'train_lr_reduce': 0.6}. Best is trial 85 with value: 0.010820839554071426.
[I 2024-12-24 14:44:40,328] Trial 107 finished with value: 0.011467176489531994 and parameters: {'L1_hidden_dim': 160, 'L1_layers_atom': 2, 'L1_layers_mol': 4, 'L1_dropout': 0.030973074630592505, 'L1_out_dim': 112, 'L2_hidden_dim': 128, 'L2_layers_atom': 1, 'L2_layers_mol': 1, 'L2_out_dim': 32, 'L2_dropout': 0.10886703033736267, 'L3_hidden_dim': 96, 'L3_layers_atom': 3, 'L3_layers_mol': 1, 'L3_out_dim': 128, 'L3_dropout': 0.19261432434826203, 'n_mlp_layers': 3, 'mlp_dim_0': 248, 'mlp_dim_1': 32, 'mlp_dim_2': 112, 'num_heads': 2, 'final_dropout': 0.17804023123562027, 'train_learning_rate': 0.0006800691159004402, 'train_lr_reduce': 0.6}. Best is trial 85 with value: 0.010820839554071426.
[I 2024-12-24 14:44:43,565] Trial 108 finished with value: 0.01811811327934265 and parameters: {'L1_hidden_dim': 96, 'L1_layers_atom': 2, 'L1_layers_mol': 3, 'L1_dropout': 0.13212835288687774, 'L1_out_dim': 128, 'L2_hidden_dim': 144, 'L2_layers_atom': 1, 'L2_layers_mol': 1, 'L2_out_dim': 32, 'L2_dropout': 0.17152369385784727, 'L3_hidden_dim': 80, 'L3_layers_atom': 2, 'L3_layers_mol': 2, 'L3_out_dim': 96, 'L3_dropout': 0.23631453727384677, 'n_mlp_layers': 3, 'mlp_dim_0': 400, 'mlp_dim_1': 104, 'mlp_dim_2': 280, 'num_heads': 2, 'final_dropout': 0.058493237192905015, 'train_learning_rate': 0.005937399817303647, 'train_lr_reduce': 0.6}. Best is trial 85 with value: 0.010820839554071426.
[I 2024-12-24 14:46:11,174] Trial 109 finished with value: 0.01100998930633068 and parameters: {'L1_hidden_dim': 80, 'L1_layers_atom': 2, 'L1_layers_mol': 4, 'L1_dropout': 0.007464492988585449, 'L1_out_dim': 96, 'L2_hidden_dim': 224, 'L2_layers_atom': 3, 'L2_layers_mol': 1, 'L2_out_dim': 48, 'L2_dropout': 0.026814824186021137, 'L3_hidden_dim': 80, 'L3_layers_atom': 1, 'L3_layers_mol': 2, 'L3_out_dim': 128, 'L3_dropout': 0.25600273305879073, 'n_mlp_layers': 3, 'mlp_dim_0': 272, 'mlp_dim_1': 120, 'mlp_dim_2': 280, 'num_heads': 1, 'final_dropout': 0.18184326440222437, 'train_learning_rate': 0.005560449151199562, 'train_lr_reduce': 0.6}. Best is trial 85 with value: 0.010820839554071426.
[I 2024-12-24 14:46:26,206] Trial 110 finished with value: 0.011571414768695831 and parameters: {'L1_hidden_dim': 208, 'L1_layers_atom': 2, 'L1_layers_mol': 3, 'L1_dropout': 0.05330077603166501, 'L1_out_dim': 112, 'L2_hidden_dim': 128, 'L2_layers_atom': 1, 'L2_layers_mol': 2, 'L2_out_dim': 48, 'L2_dropout': 0.003274482005515611, 'L3_hidden_dim': 80, 'L3_layers_atom': 2, 'L3_layers_mol': 1, 'L3_out_dim': 128, 'L3_dropout': 0.17292631926608237, 'n_mlp_layers': 3, 'mlp_dim_0': 280, 'mlp_dim_1': 40, 'mlp_dim_2': 120, 'num_heads': 2, 'final_dropout': 0.16863659809019685, 'train_learning_rate': 0.0007586957966772156, 'train_lr_reduce': 0.6}. Best is trial 85 with value: 0.010820839554071426.
[I 2024-12-24 14:47:03,211] Trial 111 finished with value: 0.012089677155017853 and parameters: {'L1_hidden_dim': 176, 'L1_layers_atom': 2, 'L1_layers_mol': 3, 'L1_dropout': 0.08843471609661568, 'L1_out_dim': 112, 'L2_hidden_dim': 176, 'L2_layers_atom': 1, 'L2_layers_mol': 1, 'L2_out_dim': 48, 'L2_dropout': 0.2114797312735841, 'L3_hidden_dim': 112, 'L3_layers_atom': 3, 'L3_layers_mol': 2, 'L3_out_dim': 112, 'L3_dropout': 0.2511681111047466, 'n_mlp_layers': 3, 'mlp_dim_0': 200, 'mlp_dim_1': 48, 'mlp_dim_2': 48, 'num_heads': 2, 'final_dropout': 0.1040435153235292, 'train_learning_rate': 0.0006829736455584006, 'train_lr_reduce': 0.6}. Best is trial 85 with value: 0.010820839554071426.
[I 2024-12-24 14:47:57,907] Trial 113 finished with value: 0.012776237912476063 and parameters: {'L1_hidden_dim': 176, 'L1_layers_atom': 3, 'L1_layers_mol': 4, 'L1_dropout': 0.2294839805816157, 'L1_out_dim': 112, 'L2_hidden_dim': 176, 'L2_layers_atom': 2, 'L2_layers_mol': 2, 'L2_out_dim': 32, 'L2_dropout': 0.07365098285946392, 'L3_hidden_dim': 96, 'L3_layers_atom': 3, 'L3_layers_mol': 3, 'L3_out_dim': 96, 'L3_dropout': 0.2712747267556426, 'n_mlp_layers': 2, 'mlp_dim_0': 352, 'mlp_dim_1': 120, 'num_heads': 2, 'final_dropout': 0.2011797317379572, 'train_learning_rate': 0.0015640010126359595, 'train_lr_reduce': 0.6}. Best is trial 85 with value: 0.010820839554071426.
[I 2024-12-24 14:48:19,224] Trial 112 finished with value: 0.012898816727101803 and parameters: {'L1_hidden_dim': 96, 'L1_layers_atom': 1, 'L1_layers_mol': 4, 'L1_dropout': 0.06664447177742275, 'L1_out_dim': 80, 'L2_hidden_dim': 240, 'L2_layers_atom': 4, 'L2_layers_mol': 3, 'L2_out_dim': 32, 'L2_dropout': 0.01647498492840728, 'L3_hidden_dim': 80, 'L3_layers_atom': 1, 'L3_layers_mol': 2, 'L3_out_dim': 128, 'L3_dropout': 0.24491560170736545, 'n_mlp_layers': 2, 'mlp_dim_0': 352, 'mlp_dim_1': 40, 'num_heads': 1, 'final_dropout': 0.2193497925441565, 'train_learning_rate': 0.005184420668583538, 'train_lr_reduce': 0.6}. Best is trial 85 with value: 0.010820839554071426.
[I 2024-12-24 14:49:25,851] Trial 114 finished with value: 0.01138374488800764 and parameters: {'L1_hidden_dim': 112, 'L1_layers_atom': 2, 'L1_layers_mol': 4, 'L1_dropout': 0.04306301909250247, 'L1_out_dim': 112, 'L2_hidden_dim': 112, 'L2_layers_atom': 3, 'L2_layers_mol': 1, 'L2_out_dim': 32, 'L2_dropout': 0.15847964198834655, 'L3_hidden_dim': 80, 'L3_layers_atom': 2, 'L3_layers_mol': 1, 'L3_out_dim': 128, 'L3_dropout': 0.1891181501095586, 'n_mlp_layers': 3, 'mlp_dim_0': 104, 'mlp_dim_1': 120, 'mlp_dim_2': 184, 'num_heads': 2, 'final_dropout': 0.1862451719377178, 'train_learning_rate': 0.00046453853680653956, 'train_lr_reduce': 0.6}. Best is trial 85 with value: 0.010820839554071426.
[I 2024-12-24 14:49:32,515] Trial 115 finished with value: 0.012286506593227386 and parameters: {'L1_hidden_dim': 112, 'L1_layers_atom': 2, 'L1_layers_mol': 4, 'L1_dropout': 0.11005109860456773, 'L1_out_dim': 112, 'L2_hidden_dim': 224, 'L2_layers_atom': 2, 'L2_layers_mol': 1, 'L2_out_dim': 32, 'L2_dropout': 0.050400818502489446, 'L3_hidden_dim': 80, 'L3_layers_atom': 1, 'L3_layers_mol': 2, 'L3_out_dim': 80, 'L3_dropout': 0.23528765413822395, 'n_mlp_layers': 3, 'mlp_dim_0': 152, 'mlp_dim_1': 112, 'mlp_dim_2': 128, 'num_heads': 1, 'final_dropout': 0.12680175222781565, 'train_learning_rate': 0.0076126526288877415, 'train_lr_reduce': 0.6}. Best is trial 85 with value: 0.010820839554071426.
[I 2024-12-24 14:49:47,932] Trial 116 finished with value: 0.013337456621229649 and parameters: {'L1_hidden_dim': 80, 'L1_layers_atom': 3, 'L1_layers_mol': 1, 'L1_dropout': 0.04954498802075598, 'L1_out_dim': 96, 'L2_hidden_dim': 192, 'L2_layers_atom': 4, 'L2_layers_mol': 1, 'L2_out_dim': 32, 'L2_dropout': 0.05516304549382873, 'L3_hidden_dim': 128, 'L3_layers_atom': 2, 'L3_layers_mol': 1, 'L3_out_dim': 112, 'L3_dropout': 0.26133202657385224, 'n_mlp_layers': 2, 'mlp_dim_0': 128, 'mlp_dim_1': 120, 'num_heads': 1, 'final_dropout': 0.14923040327055098, 'train_learning_rate': 0.0004848094414441881, 'train_lr_reduce': 0.6}. Best is trial 85 with value: 0.010820839554071426.
[I 2024-12-24 14:50:54,774] Trial 118 finished with value: 0.012315950356423855 and parameters: {'L1_hidden_dim': 64, 'L1_layers_atom': 3, 'L1_layers_mol': 3, 'L1_dropout': 0.09714725453867556, 'L1_out_dim': 128, 'L2_hidden_dim': 208, 'L2_layers_atom': 4, 'L2_layers_mol': 1, 'L2_out_dim': 96, 'L2_dropout': 0.05008652670471923, 'L3_hidden_dim': 112, 'L3_layers_atom': 2, 'L3_layers_mol': 2, 'L3_out_dim': 128, 'L3_dropout': 0.2389452978319041, 'n_mlp_layers': 2, 'mlp_dim_0': 144, 'mlp_dim_1': 40, 'num_heads': 1, 'final_dropout': 0.10465013122345196, 'train_learning_rate': 0.0023213622388597553, 'train_lr_reduce': 0.6}. Best is trial 85 with value: 0.010820839554071426.
[I 2024-12-24 14:50:58,711] Trial 117 finished with value: 0.011906599625945091 and parameters: {'L1_hidden_dim': 96, 'L1_layers_atom': 1, 'L1_layers_mol': 4, 'L1_dropout': 0.02992536057843237, 'L1_out_dim': 112, 'L2_hidden_dim': 112, 'L2_layers_atom': 3, 'L2_layers_mol': 1, 'L2_out_dim': 32, 'L2_dropout': 0.15993169589435582, 'L3_hidden_dim': 64, 'L3_layers_atom': 2, 'L3_layers_mol': 1, 'L3_out_dim': 128, 'L3_dropout': 0.10657726587854095, 'n_mlp_layers': 3, 'mlp_dim_0': 200, 'mlp_dim_1': 136, 'mlp_dim_2': 192, 'num_heads': 2, 'final_dropout': 0.22178304444909575, 'train_learning_rate': 0.0010032062649351305, 'train_lr_reduce': 0.6}. Best is trial 85 with value: 0.010820839554071426.
[I 2024-12-24 14:51:47,832] Trial 119 finished with value: 0.01166134886443615 and parameters: {'L1_hidden_dim': 80, 'L1_layers_atom': 2, 'L1_layers_mol': 4, 'L1_dropout': 0.026480872648120837, 'L1_out_dim': 112, 'L2_hidden_dim': 144, 'L2_layers_atom': 4, 'L2_layers_mol': 1, 'L2_out_dim': 32, 'L2_dropout': 0.17916152684078754, 'L3_hidden_dim': 48, 'L3_layers_atom': 4, 'L3_layers_mol': 3, 'L3_out_dim': 128, 'L3_dropout': 0.2708124454669238, 'n_mlp_layers': 2, 'mlp_dim_0': 344, 'mlp_dim_1': 136, 'num_heads': 2, 'final_dropout': 0.11746181242988031, 'train_learning_rate': 0.0016534966471668893, 'train_lr_reduce': 0.6}. Best is trial 85 with value: 0.010820839554071426.
[I 2024-12-24 14:52:50,882] Trial 120 finished with value: 0.03539237007498741 and parameters: {'L1_hidden_dim': 64, 'L1_layers_atom': 3, 'L1_layers_mol': 3, 'L1_dropout': 0.003129412208108466, 'L1_out_dim': 96, 'L2_hidden_dim': 128, 'L2_layers_atom': 2, 'L2_layers_mol': 1, 'L2_out_dim': 32, 'L2_dropout': 0.15073914294278004, 'L3_hidden_dim': 64, 'L3_layers_atom': 2, 'L3_layers_mol': 1, 'L3_out_dim': 128, 'L3_dropout': 0.22381642209693353, 'n_mlp_layers': 2, 'mlp_dim_0': 64, 'mlp_dim_1': 128, 'num_heads': 2, 'final_dropout': 0.13534560573105248, 'train_learning_rate': 0.00019747338194652783, 'train_lr_reduce': 0.6}. Best is trial 85 with value: 0.010820839554071426.
[I 2024-12-24 14:52:52,473] Trial 122 finished with value: 0.01408141478896141 and parameters: {'L1_hidden_dim': 96, 'L1_layers_atom': 1, 'L1_layers_mol': 4, 'L1_dropout': 0.1376088496461996, 'L1_out_dim': 128, 'L2_hidden_dim': 144, 'L2_layers_atom': 4, 'L2_layers_mol': 1, 'L2_out_dim': 64, 'L2_dropout': 0.14651126443539322, 'L3_hidden_dim': 112, 'L3_layers_atom': 3, 'L3_layers_mol': 1, 'L3_out_dim': 128, 'L3_dropout': 0.2732018335558746, 'n_mlp_layers': 2, 'mlp_dim_0': 192, 'mlp_dim_1': 40, 'num_heads': 1, 'final_dropout': 0.23896914385528067, 'train_learning_rate': 0.004525333824148593, 'train_lr_reduce': 0.6}. Best is trial 85 with value: 0.010820839554071426.
[I 2024-12-24 14:52:53,519] Trial 121 finished with value: 0.0322539322078228 and parameters: {'L1_hidden_dim': 80, 'L1_layers_atom': 4, 'L1_layers_mol': 4, 'L1_dropout': 0.12866494870890274, 'L1_out_dim': 112, 'L2_hidden_dim': 64, 'L2_layers_atom': 2, 'L2_layers_mol': 1, 'L2_out_dim': 48, 'L2_dropout': 0.17049984728839981, 'L3_hidden_dim': 96, 'L3_layers_atom': 3, 'L3_layers_mol': 2, 'L3_out_dim': 128, 'L3_dropout': 0.19873834052765943, 'n_mlp_layers': 2, 'mlp_dim_0': 344, 'mlp_dim_1': 128, 'num_heads': 2, 'final_dropout': 0.15220686594326102, 'train_learning_rate': 0.00027392771761146237, 'train_lr_reduce': 0.6}. Best is trial 85 with value: 0.010820839554071426.
[I 2024-12-24 14:54:23,382] Trial 123 finished with value: 0.01248595304787159 and parameters: {'L1_hidden_dim': 128, 'L1_layers_atom': 2, 'L1_layers_mol': 3, 'L1_dropout': 0.07820248684480931, 'L1_out_dim': 112, 'L2_hidden_dim': 240, 'L2_layers_atom': 3, 'L2_layers_mol': 2, 'L2_out_dim': 48, 'L2_dropout': 0.07812699408136783, 'L3_hidden_dim': 128, 'L3_layers_atom': 3, 'L3_layers_mol': 1, 'L3_out_dim': 112, 'L3_dropout': 0.2743455672582888, 'n_mlp_layers': 2, 'mlp_dim_0': 120, 'mlp_dim_1': 112, 'num_heads': 1, 'final_dropout': 0.06222603635428449, 'train_learning_rate': 0.002478089707125997, 'train_lr_reduce': 0.6}. Best is trial 85 with value: 0.010820839554071426.
[I 2024-12-24 14:54:36,946] Trial 124 finished with value: 0.0136981550604105 and parameters: {'L1_hidden_dim': 80, 'L1_layers_atom': 3, 'L1_layers_mol': 4, 'L1_dropout': 0.011019898528410704, 'L1_out_dim': 80, 'L2_hidden_dim': 176, 'L2_layers_atom': 4, 'L2_layers_mol': 1, 'L2_out_dim': 48, 'L2_dropout': 0.029407720374495364, 'L3_hidden_dim': 64, 'L3_layers_atom': 2, 'L3_layers_mol': 2, 'L3_out_dim': 96, 'L3_dropout': 0.21298798605053212, 'n_mlp_layers': 3, 'mlp_dim_0': 256, 'mlp_dim_1': 136, 'mlp_dim_2': 200, 'num_heads': 1, 'final_dropout': 0.14491804923544555, 'train_learning_rate': 0.008303719931242319, 'train_lr_reduce': 0.6}. Best is trial 85 with value: 0.010820839554071426.
[I 2024-12-24 14:55:13,359] Trial 125 finished with value: 0.015433242544531822 and parameters: {'L1_hidden_dim': 64, 'L1_layers_atom': 3, 'L1_layers_mol': 2, 'L1_dropout': 0.0988142837488131, 'L1_out_dim': 128, 'L2_hidden_dim': 192, 'L2_layers_atom': 2, 'L2_layers_mol': 2, 'L2_out_dim': 32, 'L2_dropout': 0.27240439389882315, 'L3_hidden_dim': 32, 'L3_layers_atom': 2, 'L3_layers_mol': 2, 'L3_out_dim': 96, 'L3_dropout': 0.21904268805740307, 'n_mlp_layers': 2, 'mlp_dim_0': 296, 'mlp_dim_1': 112, 'num_heads': 2, 'final_dropout': 0.06114624351683896, 'train_learning_rate': 0.0025177063873827606, 'train_lr_reduce': 0.6}. Best is trial 85 with value: 0.010820839554071426.
[I 2024-12-24 14:56:19,470] Trial 127 finished with value: 0.010723394341766834 and parameters: {'L1_hidden_dim': 224, 'L1_layers_atom': 1, 'L1_layers_mol': 3, 'L1_dropout': 0.023051505878108638, 'L1_out_dim': 64, 'L2_hidden_dim': 192, 'L2_layers_atom': 3, 'L2_layers_mol': 2, 'L2_out_dim': 32, 'L2_dropout': 0.012283828227914823, 'L3_hidden_dim': 112, 'L3_layers_atom': 1, 'L3_layers_mol': 4, 'L3_out_dim': 128, 'L3_dropout': 0.24777952808200937, 'n_mlp_layers': 2, 'mlp_dim_0': 464, 'mlp_dim_1': 88, 'num_heads': 1, 'final_dropout': 0.08083906061000883, 'train_learning_rate': 0.00409910182054518, 'train_lr_reduce': 0.6}. Best is trial 127 with value: 0.010723394341766834.
[I 2024-12-24 14:56:38,488] Trial 129 finished with value: 1.3346351385116577 and parameters: {'L1_hidden_dim': 64, 'L1_layers_atom': 2, 'L1_layers_mol': 4, 'L1_dropout': 0.18964295769476172, 'L1_out_dim': 128, 'L2_hidden_dim': 240, 'L2_layers_atom': 2, 'L2_layers_mol': 2, 'L2_out_dim': 32, 'L2_dropout': 0.2101855692808549, 'L3_hidden_dim': 48, 'L3_layers_atom': 2, 'L3_layers_mol': 2, 'L3_out_dim': 96, 'L3_dropout': 0.2814000367004273, 'n_mlp_layers': 2, 'mlp_dim_0': 392, 'mlp_dim_1': 32, 'num_heads': 2, 'final_dropout': 0.14711097064029235, 'train_learning_rate': 0.00668681636430257, 'train_lr_reduce': 0.6}. Best is trial 127 with value: 0.010723394341766834.
