[I 2024-12-19 19:00:48,756] Trial 664 finished with value: 1.1445962190628052 and parameters: {'mlp_n_layers': 2, 'mlp_dim_00': 375, 'mlp_dim_01': 342, 'node_hidden_dim': 56, 'edge_hidden_dim': 69, 'depth': 1, 'rep_dropout': 0.0328132374570842, 'train_learning_rate': 0.0013483227965355152, 'train_lr_reduce': 0.6}. Best is trial 483 with value: 0.11390723288059235.
[I 2024-12-19 19:01:00,630] Trial 662 finished with value: 0.16191716492176056 and parameters: {'mlp_n_layers': 1, 'mlp_dim_00': 292, 'node_hidden_dim': 34, 'edge_hidden_dim': 55, 'depth': 1, 'rep_dropout': 0.027270232838000973, 'train_learning_rate': 0.003913087759786427, 'train_lr_reduce': 0.6}. Best is trial 483 with value: 0.11390723288059235.
[I 2024-12-19 19:01:10,776] Trial 666 finished with value: 0.6011881828308105 and parameters: {'mlp_n_layers': 3, 'mlp_dim_00': 506, 'mlp_dim_01': 400, 'mlp_dim_02': 172, 'node_hidden_dim': 38, 'edge_hidden_dim': 49, 'depth': 2, 'rep_dropout': 0.00868215033776267, 'train_learning_rate': 0.00699345668230403, 'train_lr_reduce': 0.6}. Best is trial 483 with value: 0.11390723288059235.
[I 2024-12-19 19:01:17,002] Trial 668 finished with value: 1.1425871849060059 and parameters: {'mlp_n_layers': 3, 'mlp_dim_00': 441, 'mlp_dim_01': 302, 'mlp_dim_02': 427, 'node_hidden_dim': 112, 'edge_hidden_dim': 77, 'depth': 4, 'rep_dropout': 0.14407741859625106, 'train_learning_rate': 0.000581932539609714, 'train_lr_reduce': 0.6}. Best is trial 483 with value: 0.11390723288059235.
[I 2024-12-19 19:01:22,123] Trial 667 finished with value: 0.21917112171649933 and parameters: {'mlp_n_layers': 1, 'mlp_dim_00': 373, 'node_hidden_dim': 51, 'edge_hidden_dim': 48, 'depth': 1, 'rep_dropout': 0.006579352730742528, 'train_learning_rate': 0.0020100219253360732, 'train_lr_reduce': 0.6}. Best is trial 483 with value: 0.11390723288059235.
[I 2024-12-19 19:01:28,078] Trial 670 finished with value: 1.1433964967727661 and parameters: {'mlp_n_layers': 1, 'mlp_dim_00': 390, 'node_hidden_dim': 40, 'edge_hidden_dim': 65, 'depth': 2, 'rep_dropout': 0.051445094935364505, 'train_learning_rate': 0.002445354581860802, 'train_lr_reduce': 0.6}. Best is trial 483 with value: 0.11390723288059235.
[I 2024-12-19 19:01:29,768] Trial 665 finished with value: 0.17616146802902222 and parameters: {'mlp_n_layers': 1, 'mlp_dim_00': 256, 'node_hidden_dim': 33, 'edge_hidden_dim': 32, 'depth': 1, 'rep_dropout': 0.03341263919730136, 'train_learning_rate': 0.003524639708408865, 'train_lr_reduce': 0.6}. Best is trial 483 with value: 0.11390723288059235.
[I 2024-12-19 19:01:33,812] Trial 671 finished with value: 1.1432024240493774 and parameters: {'mlp_n_layers': 1, 'mlp_dim_00': 453, 'node_hidden_dim': 74, 'edge_hidden_dim': 57, 'depth': 2, 'rep_dropout': 0.021240162682405445, 'train_learning_rate': 0.003768398206688975, 'train_lr_reduce': 0.6}. Best is trial 483 with value: 0.11390723288059235.
[I 2024-12-19 19:01:56,416] Trial 669 finished with value: 0.2000761330127716 and parameters: {'mlp_n_layers': 2, 'mlp_dim_00': 342, 'mlp_dim_01': 218, 'node_hidden_dim': 53, 'edge_hidden_dim': 61, 'depth': 1, 'rep_dropout': 0.028351109086157306, 'train_learning_rate': 0.009525249265839364, 'train_lr_reduce': 0.6}. Best is trial 483 with value: 0.11390723288059235.
[I 2024-12-19 19:02:05,865] Trial 672 finished with value: 0.15464234352111816 and parameters: {'mlp_n_layers': 1, 'mlp_dim_00': 410, 'node_hidden_dim': 35, 'edge_hidden_dim': 59, 'depth': 1, 'rep_dropout': 0.048897131175030265, 'train_learning_rate': 0.00537252655758229, 'train_lr_reduce': 0.6}. Best is trial 483 with value: 0.11390723288059235.
[I 2024-12-19 19:02:14,310] Trial 674 finished with value: 0.34746596217155457 and parameters: {'mlp_n_layers': 1, 'mlp_dim_00': 412, 'node_hidden_dim': 50, 'edge_hidden_dim': 43, 'depth': 2, 'rep_dropout': 0.0346242811645075, 'train_learning_rate': 0.005071252892397513, 'train_lr_reduce': 0.6}. Best is trial 483 with value: 0.11390723288059235.
[I 2024-12-19 19:02:17,699] Trial 673 finished with value: 0.11172225326299667 and parameters: {'mlp_n_layers': 1, 'mlp_dim_00': 338, 'node_hidden_dim': 33, 'edge_hidden_dim': 45, 'depth': 1, 'rep_dropout': 0.02619363847177285, 'train_learning_rate': 0.003858507721072706, 'train_lr_reduce': 0.6}. Best is trial 673 with value: 0.11172225326299667.
[I 2024-12-19 19:02:23,553] Trial 677 finished with value: 1.1521646976470947 and parameters: {'mlp_n_layers': 1, 'mlp_dim_00': 410, 'node_hidden_dim': 42, 'edge_hidden_dim': 53, 'depth': 2, 'rep_dropout': 0.07298576368050341, 'train_learning_rate': 0.003397639362748579, 'train_lr_reduce': 0.6}. Best is trial 673 with value: 0.11172225326299667.
[I 2024-12-19 19:02:27,235] Trial 676 finished with value: 0.6653928160667419 and parameters: {'mlp_n_layers': 1, 'mlp_dim_00': 386, 'node_hidden_dim': 49, 'edge_hidden_dim': 61, 'depth': 1, 'rep_dropout': 0.10883769185648975, 'train_learning_rate': 0.008627297176682187, 'train_lr_reduce': 0.6}. Best is trial 673 with value: 0.11172225326299667.
[I 2024-12-19 19:02:29,439] Trial 678 finished with value: 1.1424481868743896 and parameters: {'mlp_n_layers': 2, 'mlp_dim_00': 308, 'mlp_dim_01': 345, 'node_hidden_dim': 41, 'edge_hidden_dim': 62, 'depth': 2, 'rep_dropout': 0.010976551425980719, 'train_learning_rate': 0.0013642298515932792, 'train_lr_reduce': 0.6}. Best is trial 673 with value: 0.11172225326299667.
[I 2024-12-19 19:02:53,540] Trial 675 finished with value: 0.1880805492401123 and parameters: {'mlp_n_layers': 2, 'mlp_dim_00': 440, 'mlp_dim_01': 443, 'node_hidden_dim': 51, 'edge_hidden_dim': 42, 'depth': 1, 'rep_dropout': 0.047352122017460474, 'train_learning_rate': 0.003267059359116089, 'train_lr_reduce': 0.6}. Best is trial 673 with value: 0.11172225326299667.
[I 2024-12-19 19:03:10,584] Trial 679 finished with value: 0.15139834582805634 and parameters: {'mlp_n_layers': 1, 'mlp_dim_00': 366, 'node_hidden_dim': 32, 'edge_hidden_dim': 61, 'depth': 1, 'rep_dropout': 0.05970515548277844, 'train_learning_rate': 0.004263663266285631, 'train_lr_reduce': 0.6}. Best is trial 673 with value: 0.11172225326299667.
[I 2024-12-19 19:03:14,512] Trial 680 finished with value: 0.15099921822547913 and parameters: {'mlp_n_layers': 2, 'mlp_dim_00': 267, 'mlp_dim_01': 462, 'node_hidden_dim': 33, 'edge_hidden_dim': 68, 'depth': 1, 'rep_dropout': 0.008000407595430848, 'train_learning_rate': 0.006886875144591884, 'train_lr_reduce': 0.6}. Best is trial 673 with value: 0.11172225326299667.
[I 2024-12-19 19:03:20,804] Trial 683 finished with value: 1.1453498601913452 and parameters: {'mlp_n_layers': 1, 'mlp_dim_00': 344, 'node_hidden_dim': 39, 'edge_hidden_dim': 60, 'depth': 2, 'rep_dropout': 0.02479713889550706, 'train_learning_rate': 0.003050071678919391, 'train_lr_reduce': 0.6}. Best is trial 673 with value: 0.11172225326299667.
[I 2024-12-19 19:03:27,242] Trial 684 finished with value: 1.1482923030853271 and parameters: {'mlp_n_layers': 1, 'mlp_dim_00': 491, 'node_hidden_dim': 77, 'edge_hidden_dim': 99, 'depth': 4, 'rep_dropout': 0.10885531534781022, 'train_learning_rate': 0.006918074363453503, 'train_lr_reduce': 0.6}. Best is trial 673 with value: 0.11172225326299667.
[I 2024-12-19 19:03:31,880] Trial 685 finished with value: 1.1442310810089111 and parameters: {'mlp_n_layers': 1, 'mlp_dim_00': 228, 'node_hidden_dim': 33, 'edge_hidden_dim': 42, 'depth': 1, 'rep_dropout': 0.005088852655705508, 'train_learning_rate': 0.0017297467200608374, 'train_lr_reduce': 0.6}. Best is trial 673 with value: 0.11172225326299667.
[I 2024-12-19 19:03:38,095] Trial 681 finished with value: 0.1855330914258957 and parameters: {'mlp_n_layers': 2, 'mlp_dim_00': 318, 'mlp_dim_01': 389, 'node_hidden_dim': 50, 'edge_hidden_dim': 56, 'depth': 1, 'rep_dropout': 0.04113933316665295, 'train_learning_rate': 0.0028984872358090194, 'train_lr_reduce': 0.6}. Best is trial 673 with value: 0.11172225326299667.
[I 2024-12-19 19:03:39,555] Trial 686 finished with value: 1.1422828435897827 and parameters: {'mlp_n_layers': 4, 'mlp_dim_00': 225, 'mlp_dim_01': 166, 'mlp_dim_02': 69, 'mlp_dim_03': 70, 'node_hidden_dim': 56, 'edge_hidden_dim': 128, 'depth': 3, 'rep_dropout': 0.07547719398594993, 'train_learning_rate': 0.00048451803160325, 'train_lr_reduce': 0.6}. Best is trial 673 with value: 0.11172225326299667.
[I 2024-12-19 19:03:42,512] Trial 687 finished with value: 1.142472743988037 and parameters: {'mlp_n_layers': 1, 'mlp_dim_00': 326, 'node_hidden_dim': 108, 'edge_hidden_dim': 126, 'depth': 1, 'rep_dropout': 0.011477200968739693, 'train_learning_rate': 0.00023787296015261386, 'train_lr_reduce': 0.6}. Best is trial 673 with value: 0.11172225326299667.
[I 2024-12-19 19:03:52,207] Trial 682 finished with value: 0.1470341831445694 and parameters: {'mlp_n_layers': 2, 'mlp_dim_00': 325, 'mlp_dim_01': 275, 'node_hidden_dim': 40, 'edge_hidden_dim': 58, 'depth': 1, 'rep_dropout': 0.06051039736974495, 'train_learning_rate': 0.007363046706955213, 'train_lr_reduce': 0.6}. Best is trial 673 with value: 0.11172225326299667.
[I 2024-12-19 19:04:01,557] Trial 690 finished with value: 1.141772747039795 and parameters: {'mlp_n_layers': 4, 'mlp_dim_00': 99, 'mlp_dim_01': 469, 'mlp_dim_02': 220, 'mlp_dim_03': 207, 'node_hidden_dim': 98, 'edge_hidden_dim': 99, 'depth': 2, 'rep_dropout': 0.0649359806780607, 'train_learning_rate': 0.00011205884559944035, 'train_lr_reduce': 0.6}. Best is trial 673 with value: 0.11172225326299667.
[I 2024-12-19 19:04:03,021] Trial 689 finished with value: 0.21688084304332733 and parameters: {'mlp_n_layers': 1, 'mlp_dim_00': 441, 'node_hidden_dim': 54, 'edge_hidden_dim': 55, 'depth': 1, 'rep_dropout': 0.014808684109298349, 'train_learning_rate': 0.002690756079910817, 'train_lr_reduce': 0.6}. Best is trial 673 with value: 0.11172225326299667.
[I 2024-12-19 19:04:09,827] Trial 692 finished with value: 1.1421222686767578 and parameters: {'mlp_n_layers': 3, 'mlp_dim_00': 166, 'mlp_dim_01': 511, 'mlp_dim_02': 361, 'node_hidden_dim': 84, 'edge_hidden_dim': 51, 'depth': 3, 'rep_dropout': 0.07195888225806406, 'train_learning_rate': 0.0002232680266084853, 'train_lr_reduce': 0.6}. Best is trial 673 with value: 0.11172225326299667.
[I 2024-12-19 19:04:14,341] Trial 693 finished with value: 1.147359848022461 and parameters: {'mlp_n_layers': 2, 'mlp_dim_00': 425, 'mlp_dim_01': 347, 'node_hidden_dim': 45, 'edge_hidden_dim': 62, 'depth': 1, 'rep_dropout': 0.026395780576448664, 'train_learning_rate': 0.00911826868402005, 'train_lr_reduce': 0.6}. Best is trial 673 with value: 0.11172225326299667.
[I 2024-12-19 19:04:25,895] Trial 688 finished with value: 0.1845024824142456 and parameters: {'mlp_n_layers': 1, 'mlp_dim_00': 368, 'node_hidden_dim': 33, 'edge_hidden_dim': 35, 'depth': 2, 'rep_dropout': 0.0023746644185085493, 'train_learning_rate': 0.003287465492290134, 'train_lr_reduce': 0.6}. Best is trial 673 with value: 0.11172225326299667.
[I 2024-12-19 19:04:32,769] Trial 691 finished with value: 0.2509497106075287 and parameters: {'mlp_n_layers': 1, 'mlp_dim_00': 405, 'node_hidden_dim': 32, 'edge_hidden_dim': 46, 'depth': 1, 'rep_dropout': 0.060814992319042596, 'train_learning_rate': 0.005981994199941681, 'train_lr_reduce': 0.6}. Best is trial 673 with value: 0.11172225326299667.
[I 2024-12-19 19:04:50,020] Trial 694 finished with value: 0.14938299357891083 and parameters: {'mlp_n_layers': 1, 'mlp_dim_00': 290, 'node_hidden_dim': 35, 'edge_hidden_dim': 40, 'depth': 1, 'rep_dropout': 0.033269884304787084, 'train_learning_rate': 0.0055195435260092275, 'train_lr_reduce': 0.6}. Best is trial 673 with value: 0.11172225326299667.
[I 2024-12-19 19:04:54,988] Trial 697 finished with value: 1.1472570896148682 and parameters: {'mlp_n_layers': 2, 'mlp_dim_00': 505, 'mlp_dim_01': 232, 'node_hidden_dim': 53, 'edge_hidden_dim': 56, 'depth': 1, 'rep_dropout': 0.006469849938692346, 'train_learning_rate': 0.004779340604605447, 'train_lr_reduce': 0.6}. Best is trial 673 with value: 0.11172225326299667.
[I 2024-12-19 19:04:59,029] Trial 695 finished with value: 0.18313047289848328 and parameters: {'mlp_n_layers': 1, 'mlp_dim_00': 269, 'node_hidden_dim': 40, 'edge_hidden_dim': 80, 'depth': 1, 'rep_dropout': 0.06079187830539801, 'train_learning_rate': 0.007136141256075849, 'train_lr_reduce': 0.6}. Best is trial 673 with value: 0.11172225326299667.
[I 2024-12-19 19:05:05,982] Trial 699 finished with value: 1.142317771911621 and parameters: {'mlp_n_layers': 3, 'mlp_dim_00': 160, 'mlp_dim_01': 379, 'mlp_dim_02': 282, 'node_hidden_dim': 79, 'edge_hidden_dim': 98, 'depth': 3, 'rep_dropout': 0.13986027561803563, 'train_learning_rate': 0.00029548557593616536, 'train_lr_reduce': 0.6}. Best is trial 673 with value: 0.11172225326299667.
[I 2024-12-19 19:05:11,202] Trial 700 finished with value: 1.1418662071228027 and parameters: {'mlp_n_layers': 1, 'mlp_dim_00': 306, 'node_hidden_dim': 35, 'edge_hidden_dim': 59, 'depth': 1, 'rep_dropout': 0.025958419513950566, 'train_learning_rate': 0.0010924236191518241, 'train_lr_reduce': 0.6}. Best is trial 673 with value: 0.11172225326299667.
[I 2024-12-19 19:05:15,831] Trial 696 finished with value: 0.12336093187332153 and parameters: {'mlp_n_layers': 2, 'mlp_dim_00': 400, 'mlp_dim_01': 413, 'node_hidden_dim': 33, 'edge_hidden_dim': 46, 'depth': 1, 'rep_dropout': 0.018459646081728266, 'train_learning_rate': 0.001229890701523055, 'train_lr_reduce': 0.6}. Best is trial 673 with value: 0.11172225326299667.
[I 2024-12-19 19:05:16,472] Trial 701 finished with value: 1.1420691013336182 and parameters: {'mlp_n_layers': 1, 'mlp_dim_00': 367, 'node_hidden_dim': 45, 'edge_hidden_dim': 61, 'depth': 1, 'rep_dropout': 0.03417374322943992, 'train_learning_rate': 0.0014594881724987261, 'train_lr_reduce': 0.6}. Best is trial 673 with value: 0.11172225326299667.
[I 2024-12-19 19:05:21,179] Trial 702 finished with value: 1.1423624753952026 and parameters: {'mlp_n_layers': 3, 'mlp_dim_00': 359, 'mlp_dim_01': 413, 'mlp_dim_02': 151, 'node_hidden_dim': 44, 'edge_hidden_dim': 66, 'depth': 1, 'rep_dropout': 0.013836122643653127, 'train_learning_rate': 0.0005244508904310884, 'train_lr_reduce': 0.6}. Best is trial 673 with value: 0.11172225326299667.
[I 2024-12-19 19:05:21,441] Trial 703 finished with value: 1.1452693939208984 and parameters: {'mlp_n_layers': 2, 'mlp_dim_00': 416, 'mlp_dim_01': 417, 'node_hidden_dim': 40, 'edge_hidden_dim': 56, 'depth': 1, 'rep_dropout': 0.0026023592302167097, 'train_learning_rate': 0.0018032244178535874, 'train_lr_reduce': 0.6}. Best is trial 673 with value: 0.11172225326299667.
[I 2024-12-19 19:05:26,420] Trial 704 finished with value: 1.1431008577346802 and parameters: {'mlp_n_layers': 2, 'mlp_dim_00': 355, 'mlp_dim_01': 419, 'node_hidden_dim': 34, 'edge_hidden_dim': 60, 'depth': 1, 'rep_dropout': 0.03085964521731723, 'train_learning_rate': 0.0005714249541402734, 'train_lr_reduce': 0.6}. Best is trial 673 with value: 0.11172225326299667.
[I 2024-12-19 19:05:27,209] Trial 705 finished with value: 1.1426962614059448 and parameters: {'mlp_n_layers': 2, 'mlp_dim_00': 509, 'mlp_dim_01': 389, 'node_hidden_dim': 36, 'edge_hidden_dim': 53, 'depth': 2, 'rep_dropout': 0.02543109482534536, 'train_learning_rate': 0.0013067181317385542, 'train_lr_reduce': 0.6}. Best is trial 673 with value: 0.11172225326299667.
[I 2024-12-19 19:05:28,241] Trial 698 finished with value: 0.18608452379703522 and parameters: {'mlp_n_layers': 2, 'mlp_dim_00': 341, 'mlp_dim_01': 298, 'node_hidden_dim': 35, 'edge_hidden_dim': 52, 'depth': 1, 'rep_dropout': 0.0020024370721505765, 'train_learning_rate': 0.0032361907035499747, 'train_lr_reduce': 0.6}. Best is trial 673 with value: 0.11172225326299667.
[I 2024-12-19 19:05:30,817] Trial 706 finished with value: 1.1421247720718384 and parameters: {'mlp_n_layers': 2, 'mlp_dim_00': 402, 'mlp_dim_01': 434, 'node_hidden_dim': 39, 'edge_hidden_dim': 41, 'depth': 1, 'rep_dropout': 0.03205719082534866, 'train_learning_rate': 0.0010873317005557828, 'train_lr_reduce': 0.6}. Best is trial 673 with value: 0.11172225326299667.
[I 2024-12-19 19:05:32,141] Trial 707 finished with value: 1.141938328742981 and parameters: {'mlp_n_layers': 1, 'mlp_dim_00': 397, 'node_hidden_dim': 47, 'edge_hidden_dim': 51, 'depth': 1, 'rep_dropout': 0.012630234634071728, 'train_learning_rate': 0.0008037112998304115, 'train_lr_reduce': 0.6}. Best is trial 673 with value: 0.11172225326299667.
[I 2024-12-19 19:05:36,423] Trial 709 finished with value: 1.144534707069397 and parameters: {'mlp_n_layers': 1, 'mlp_dim_00': 245, 'node_hidden_dim': 62, 'edge_hidden_dim': 40, 'depth': 2, 'rep_dropout': 0.00876860504337746, 'train_learning_rate': 0.0017732868125050513, 'train_lr_reduce': 0.6}. Best is trial 673 with value: 0.11172225326299667.
[I 2024-12-19 19:05:38,431] Trial 710 finished with value: 1.1498913764953613 and parameters: {'mlp_n_layers': 1, 'mlp_dim_00': 457, 'node_hidden_dim': 121, 'edge_hidden_dim': 65, 'depth': 4, 'rep_dropout': 0.14373218555229972, 'train_learning_rate': 0.005689948247230705, 'train_lr_reduce': 0.6}. Best is trial 673 with value: 0.11172225326299667.
[I 2024-12-19 19:05:43,312] Trial 712 finished with value: 1.1440253257751465 and parameters: {'mlp_n_layers': 2, 'mlp_dim_00': 405, 'mlp_dim_01': 371, 'node_hidden_dim': 42, 'edge_hidden_dim': 33, 'depth': 1, 'rep_dropout': 0.03221337383347826, 'train_learning_rate': 0.0013360716782640184, 'train_lr_reduce': 0.6}. Best is trial 673 with value: 0.11172225326299667.
[I 2024-12-19 19:05:48,741] Trial 713 finished with value: 1.1422914266586304 and parameters: {'mlp_n_layers': 2, 'mlp_dim_00': 373, 'mlp_dim_01': 440, 'node_hidden_dim': 32, 'edge_hidden_dim': 44, 'depth': 2, 'rep_dropout': 0.02811241916082889, 'train_learning_rate': 0.0013187357433392995, 'train_lr_reduce': 0.6}. Best is trial 673 with value: 0.11172225326299667.
[I 2024-12-19 19:05:54,266] Trial 714 finished with value: 1.1465975046157837 and parameters: {'mlp_n_layers': 1, 'mlp_dim_00': 373, 'node_hidden_dim': 110, 'edge_hidden_dim': 86, 'depth': 3, 'rep_dropout': 0.1254238645197519, 'train_learning_rate': 0.000253072075600129, 'train_lr_reduce': 0.6}. Best is trial 673 with value: 0.11172225326299667.
[I 2024-12-19 19:05:54,578] Trial 711 finished with value: 0.216221421957016 and parameters: {'mlp_n_layers': 1, 'mlp_dim_00': 413, 'node_hidden_dim': 37, 'edge_hidden_dim': 60, 'depth': 1, 'rep_dropout': 0.027070889263041478, 'train_learning_rate': 0.002529024778173066, 'train_lr_reduce': 0.6}. Best is trial 673 with value: 0.11172225326299667.
[I 2024-12-19 19:06:10,373] Trial 708 finished with value: 0.15112508833408356 and parameters: {'mlp_n_layers': 1, 'mlp_dim_00': 76, 'node_hidden_dim': 128, 'edge_hidden_dim': 46, 'depth': 1, 'rep_dropout': 0.0428879573624768, 'train_learning_rate': 0.0031491483660407047, 'train_lr_reduce': 0.6}. Best is trial 673 with value: 0.11172225326299667.
[I 2024-12-19 19:06:15,481] Trial 717 finished with value: 1.1422183513641357 and parameters: {'mlp_n_layers': 3, 'mlp_dim_00': 502, 'mlp_dim_01': 375, 'mlp_dim_02': 379, 'node_hidden_dim': 36, 'edge_hidden_dim': 45, 'depth': 1, 'rep_dropout': 0.028602981224540074, 'train_learning_rate': 0.0009346404531424604, 'train_lr_reduce': 0.6}. Best is trial 673 with value: 0.11172225326299667.
[I 2024-12-19 19:06:15,501] Trial 716 finished with value: 0.2368718683719635 and parameters: {'mlp_n_layers': 1, 'mlp_dim_00': 307, 'node_hidden_dim': 34, 'edge_hidden_dim': 39, 'depth': 1, 'rep_dropout': 0.0059659757014542646, 'train_learning_rate': 0.0035483333866008905, 'train_lr_reduce': 0.6}. Best is trial 673 with value: 0.11172225326299667.
[I 2024-12-19 19:06:20,069] Trial 719 finished with value: 1.1427823305130005 and parameters: {'mlp_n_layers': 2, 'mlp_dim_00': 300, 'mlp_dim_01': 457, 'node_hidden_dim': 60, 'edge_hidden_dim': 35, 'depth': 1, 'rep_dropout': 0.051225867150548346, 'train_learning_rate': 0.0012264212426278895, 'train_lr_reduce': 0.6}. Best is trial 673 with value: 0.11172225326299667.
[I 2024-12-19 19:06:27,065] Trial 715 finished with value: 0.19998034834861755 and parameters: {'mlp_n_layers': 1, 'mlp_dim_00': 234, 'node_hidden_dim': 60, 'edge_hidden_dim': 77, 'depth': 1, 'rep_dropout': 0.02143732283827207, 'train_learning_rate': 0.001613298649315419, 'train_lr_reduce': 0.6}. Best is trial 673 with value: 0.11172225326299667.
[I 2024-12-19 19:06:40,060] Trial 720 finished with value: 0.22979207336902618 and parameters: {'mlp_n_layers': 2, 'mlp_dim_00': 274, 'mlp_dim_01': 406, 'node_hidden_dim': 58, 'edge_hidden_dim': 110, 'depth': 1, 'rep_dropout': 0.004411021557612551, 'train_learning_rate': 0.00445740099170906, 'train_lr_reduce': 0.6}. Best is trial 673 with value: 0.11172225326299667.
[I 2024-12-19 19:06:45,828] Trial 722 finished with value: 1.142105221748352 and parameters: {'mlp_n_layers': 3, 'mlp_dim_00': 330, 'mlp_dim_01': 461, 'mlp_dim_02': 125, 'node_hidden_dim': 58, 'edge_hidden_dim': 34, 'depth': 1, 'rep_dropout': 0.010117377310324764, 'train_learning_rate': 0.0005694782862088198, 'train_lr_reduce': 0.6}. Best is trial 673 with value: 0.11172225326299667.
[I 2024-12-19 19:06:50,507] Trial 718 finished with value: 0.18477056920528412 and parameters: {'mlp_n_layers': 1, 'mlp_dim_00': 346, 'node_hidden_dim': 39, 'edge_hidden_dim': 43, 'depth': 1, 'rep_dropout': 0.029065268364870837, 'train_learning_rate': 0.0027504581602216436, 'train_lr_reduce': 0.6}. Best is trial 673 with value: 0.11172225326299667.
[I 2024-12-19 19:06:51,250] Trial 723 finished with value: 1.1464866399765015 and parameters: {'mlp_n_layers': 1, 'mlp_dim_00': 436, 'node_hidden_dim': 80, 'edge_hidden_dim': 35, 'depth': 4, 'rep_dropout': 0.09158703476078159, 'train_learning_rate': 0.0006599278268543909, 'train_lr_reduce': 0.6}. Best is trial 673 with value: 0.11172225326299667.
