Seed set to 42
Seed set to 42
[I 2024-12-26 03:09:31,190] Using an existing study with name 'groupgat_Tc_groupgat' instead of creating a new one.
[I 2024-12-26 03:11:54,064] Trial 1111 finished with value: 0.023944536224007607 and parameters: {'L1_hidden_dim': 96, 'L1_layers_atom': 1, 'L1_layers_mol': 3, 'L1_dropout': 0.25996405366916986, 'L1_out_dim': 112, 'L2_hidden_dim': 160, 'L2_layers_atom': 1, 'L2_layers_mol': 1, 'L2_out_dim': 80, 'L2_dropout': 0.16424889944797444, 'L3_hidden_dim': 96, 'L3_layers_atom': 2, 'L3_layers_mol': 1, 'L3_out_dim': 80, 'L3_dropout': 0.030657696949659696, 'n_mlp_layers': 2, 'mlp_dim_0': 432, 'mlp_dim_1': 320, 'num_heads': 2, 'final_dropout': 0.05035347859262104, 'train_learning_rate': 0.00023500367134217002, 'train_lr_reduce': 0.6}. Best is trial 1073 with value: 0.009419886395335197.
[I 2024-12-26 03:12:29,698] Trial 1112 finished with value: 0.011353802867233753 and parameters: {'L1_hidden_dim': 208, 'L1_layers_atom': 3, 'L1_layers_mol': 4, 'L1_dropout': 0.05217859021902105, 'L1_out_dim': 80, 'L2_hidden_dim': 224, 'L2_layers_atom': 2, 'L2_layers_mol': 3, 'L2_out_dim': 128, 'L2_dropout': 0.07151500554285134, 'L3_hidden_dim': 80, 'L3_layers_atom': 4, 'L3_layers_mol': 2, 'L3_out_dim': 128, 'L3_dropout': 0.2445029680868749, 'n_mlp_layers': 3, 'mlp_dim_0': 464, 'mlp_dim_1': 112, 'mlp_dim_2': 32, 'num_heads': 2, 'final_dropout': 0.13423882785186642, 'train_learning_rate': 0.0005145623707582404, 'train_lr_reduce': 0.6}. Best is trial 1073 with value: 0.009419886395335197.
[I 2024-12-26 03:12:49,370] Trial 1110 finished with value: 0.012582099065184593 and parameters: {'L1_hidden_dim': 240, 'L1_layers_atom': 3, 'L1_layers_mol': 1, 'L1_dropout': 0.03267856270389859, 'L1_out_dim': 48, 'L2_hidden_dim': 160, 'L2_layers_atom': 3, 'L2_layers_mol': 2, 'L2_out_dim': 128, 'L2_dropout': 0.015494352471076661, 'L3_hidden_dim': 112, 'L3_layers_atom': 2, 'L3_layers_mol': 3, 'L3_out_dim': 96, 'L3_dropout': 0.04203962947030958, 'n_mlp_layers': 1, 'mlp_dim_0': 136, 'num_heads': 2, 'final_dropout': 0.1260368175846525, 'train_learning_rate': 0.00020283001482707087, 'train_lr_reduce': 0.6}. Best is trial 1073 with value: 0.009419886395335197.
[I 2024-12-26 03:14:30,869] Trial 1113 finished with value: 0.0136985769495368 and parameters: {'L1_hidden_dim': 256, 'L1_layers_atom': 2, 'L1_layers_mol': 2, 'L1_dropout': 0.02032719760356319, 'L1_out_dim': 48, 'L2_hidden_dim': 224, 'L2_layers_atom': 2, 'L2_layers_mol': 3, 'L2_out_dim': 128, 'L2_dropout': 0.026192300654833765, 'L3_hidden_dim': 80, 'L3_layers_atom': 2, 'L3_layers_mol': 3, 'L3_out_dim': 96, 'L3_dropout': 0.02117994086649449, 'n_mlp_layers': 3, 'mlp_dim_0': 448, 'mlp_dim_1': 64, 'mlp_dim_2': 80, 'num_heads': 2, 'final_dropout': 0.09464935419755269, 'train_learning_rate': 0.00012271570076508715, 'train_lr_reduce': 0.6}. Best is trial 1073 with value: 0.009419886395335197.
[I 2024-12-26 03:14:40,268] Trial 1114 finished with value: 0.01811383105814457 and parameters: {'L1_hidden_dim': 112, 'L1_layers_atom': 3, 'L1_layers_mol': 1, 'L1_dropout': 0.03739740125153983, 'L1_out_dim': 64, 'L2_hidden_dim': 176, 'L2_layers_atom': 3, 'L2_layers_mol': 1, 'L2_out_dim': 112, 'L2_dropout': 0.0030467044664913485, 'L3_hidden_dim': 64, 'L3_layers_atom': 3, 'L3_layers_mol': 2, 'L3_out_dim': 128, 'L3_dropout': 0.0012125773452592373, 'n_mlp_layers': 2, 'mlp_dim_0': 280, 'mlp_dim_1': 320, 'num_heads': 1, 'final_dropout': 0.1558137757720021, 'train_learning_rate': 0.0034606911621605173, 'train_lr_reduce': 0.6}. Best is trial 1073 with value: 0.009419886395335197.
[I 2024-12-26 03:15:46,525] Trial 1115 finished with value: 0.011260438710451126 and parameters: {'L1_hidden_dim': 224, 'L1_layers_atom': 3, 'L1_layers_mol': 4, 'L1_dropout': 0.027263337502872416, 'L1_out_dim': 32, 'L2_hidden_dim': 112, 'L2_layers_atom': 1, 'L2_layers_mol': 1, 'L2_out_dim': 96, 'L2_dropout': 0.1874706842411689, 'L3_hidden_dim': 96, 'L3_layers_atom': 4, 'L3_layers_mol': 1, 'L3_out_dim': 80, 'L3_dropout': 0.050064301961873815, 'n_mlp_layers': 3, 'mlp_dim_0': 312, 'mlp_dim_1': 152, 'mlp_dim_2': 80, 'num_heads': 2, 'final_dropout': 0.10919401922614264, 'train_learning_rate': 0.0007408505168513732, 'train_lr_reduce': 0.6}. Best is trial 1073 with value: 0.009419886395335197.
[I 2024-12-26 03:17:01,709] Trial 1116 finished with value: 0.012722853571176529 and parameters: {'L1_hidden_dim': 192, 'L1_layers_atom': 3, 'L1_layers_mol': 4, 'L1_dropout': 0.11888072787740214, 'L1_out_dim': 112, 'L2_hidden_dim': 224, 'L2_layers_atom': 2, 'L2_layers_mol': 4, 'L2_out_dim': 96, 'L2_dropout': 0.07357541602107735, 'L3_hidden_dim': 64, 'L3_layers_atom': 3, 'L3_layers_mol': 1, 'L3_out_dim': 96, 'L3_dropout': 0.086773033717881, 'n_mlp_layers': 2, 'mlp_dim_0': 120, 'mlp_dim_1': 32, 'num_heads': 2, 'final_dropout': 0.10614839466706294, 'train_learning_rate': 0.0006538200694933633, 'train_lr_reduce': 0.6}. Best is trial 1073 with value: 0.009419886395335197.
[I 2024-12-26 03:17:17,942] Trial 1117 finished with value: 0.011064941063523293 and parameters: {'L1_hidden_dim': 128, 'L1_layers_atom': 2, 'L1_layers_mol': 1, 'L1_dropout': 0.04045001521216506, 'L1_out_dim': 64, 'L2_hidden_dim': 224, 'L2_layers_atom': 1, 'L2_layers_mol': 2, 'L2_out_dim': 48, 'L2_dropout': 0.0414442419395992, 'L3_hidden_dim': 64, 'L3_layers_atom': 1, 'L3_layers_mol': 1, 'L3_out_dim': 48, 'L3_dropout': 0.2853211321549156, 'n_mlp_layers': 3, 'mlp_dim_0': 360, 'mlp_dim_1': 328, 'mlp_dim_2': 32, 'num_heads': 2, 'final_dropout': 0.2527034044757382, 'train_learning_rate': 0.0005454128587124349, 'train_lr_reduce': 0.6}. Best is trial 1073 with value: 0.009419886395335197.
[I 2024-12-26 03:18:10,154] Trial 1118 finished with value: 0.015711529180407524 and parameters: {'L1_hidden_dim': 240, 'L1_layers_atom': 4, 'L1_layers_mol': 1, 'L1_dropout': 0.014329137330858544, 'L1_out_dim': 80, 'L2_hidden_dim': 176, 'L2_layers_atom': 1, 'L2_layers_mol': 3, 'L2_out_dim': 64, 'L2_dropout': 0.11609494770436324, 'L3_hidden_dim': 48, 'L3_layers_atom': 1, 'L3_layers_mol': 1, 'L3_out_dim': 32, 'L3_dropout': 0.2752404709787409, 'n_mlp_layers': 3, 'mlp_dim_0': 392, 'mlp_dim_1': 264, 'mlp_dim_2': 80, 'num_heads': 2, 'final_dropout': 0.2893132923248876, 'train_learning_rate': 0.0001361735934311209, 'train_lr_reduce': 0.6}. Best is trial 1073 with value: 0.009419886395335197.
[I 2024-12-26 03:19:22,553] Trial 1120 finished with value: 0.012007568962872028 and parameters: {'L1_hidden_dim': 240, 'L1_layers_atom': 2, 'L1_layers_mol': 2, 'L1_dropout': 0.0018783485672934322, 'L1_out_dim': 64, 'L2_hidden_dim': 224, 'L2_layers_atom': 2, 'L2_layers_mol': 1, 'L2_out_dim': 128, 'L2_dropout': 0.01003566409912279, 'L3_hidden_dim': 96, 'L3_layers_atom': 1, 'L3_layers_mol': 2, 'L3_out_dim': 112, 'L3_dropout': 0.004511080200901468, 'n_mlp_layers': 2, 'mlp_dim_0': 432, 'mlp_dim_1': 328, 'num_heads': 1, 'final_dropout': 0.15013738047741404, 'train_learning_rate': 0.000473169436543793, 'train_lr_reduce': 0.6}. Best is trial 1073 with value: 0.009419886395335197.
[I 2024-12-26 03:19:55,544] Trial 1119 finished with value: 0.016959426924586296 and parameters: {'L1_hidden_dim': 192, 'L1_layers_atom': 2, 'L1_layers_mol': 2, 'L1_dropout': 0.028413214559284233, 'L1_out_dim': 80, 'L2_hidden_dim': 176, 'L2_layers_atom': 1, 'L2_layers_mol': 3, 'L2_out_dim': 112, 'L2_dropout': 0.04332529089404352, 'L3_hidden_dim': 80, 'L3_layers_atom': 2, 'L3_layers_mol': 2, 'L3_out_dim': 80, 'L3_dropout': 0.10132281932176364, 'n_mlp_layers': 3, 'mlp_dim_0': 504, 'mlp_dim_1': 96, 'mlp_dim_2': 32, 'num_heads': 1, 'final_dropout': 0.23904274786590465, 'train_learning_rate': 0.00010123037506993632, 'train_lr_reduce': 0.6}. Best is trial 1073 with value: 0.009419886395335197.
[I 2024-12-26 03:20:54,962] Trial 1121 finished with value: 0.012351354584097862 and parameters: {'L1_hidden_dim': 160, 'L1_layers_atom': 4, 'L1_layers_mol': 4, 'L1_dropout': 0.021262155234802592, 'L1_out_dim': 128, 'L2_hidden_dim': 160, 'L2_layers_atom': 1, 'L2_layers_mol': 4, 'L2_out_dim': 112, 'L2_dropout': 0.0626018821799211, 'L3_hidden_dim': 32, 'L3_layers_atom': 3, 'L3_layers_mol': 2, 'L3_out_dim': 112, 'L3_dropout': 0.07330574634180659, 'n_mlp_layers': 3, 'mlp_dim_0': 104, 'mlp_dim_1': 176, 'mlp_dim_2': 112, 'num_heads': 2, 'final_dropout': 0.2820051769021437, 'train_learning_rate': 0.00034402556555684845, 'train_lr_reduce': 0.6}. Best is trial 1073 with value: 0.009419886395335197.
[I 2024-12-26 03:22:16,810] Trial 1122 finished with value: 0.012499701231718063 and parameters: {'L1_hidden_dim': 240, 'L1_layers_atom': 2, 'L1_layers_mol': 1, 'L1_dropout': 0.03463179204897611, 'L1_out_dim': 48, 'L2_hidden_dim': 224, 'L2_layers_atom': 2, 'L2_layers_mol': 2, 'L2_out_dim': 128, 'L2_dropout': 0.04431389474226147, 'L3_hidden_dim': 48, 'L3_layers_atom': 1, 'L3_layers_mol': 3, 'L3_out_dim': 80, 'L3_dropout': 0.011003192749114082, 'n_mlp_layers': 2, 'mlp_dim_0': 392, 'mlp_dim_1': 336, 'num_heads': 2, 'final_dropout': 0.16934091510204885, 'train_learning_rate': 0.0006805033622094058, 'train_lr_reduce': 0.6}. Best is trial 1073 with value: 0.009419886395335197.
[I 2024-12-26 03:22:34,586] Trial 1123 finished with value: 0.012884801253676414 and parameters: {'L1_hidden_dim': 144, 'L1_layers_atom': 4, 'L1_layers_mol': 3, 'L1_dropout': 0.02897722513981506, 'L1_out_dim': 64, 'L2_hidden_dim': 160, 'L2_layers_atom': 2, 'L2_layers_mol': 1, 'L2_out_dim': 96, 'L2_dropout': 0.0006720773626759796, 'L3_hidden_dim': 112, 'L3_layers_atom': 3, 'L3_layers_mol': 2, 'L3_out_dim': 112, 'L3_dropout': 0.058706985788579275, 'n_mlp_layers': 2, 'mlp_dim_0': 384, 'mlp_dim_1': 280, 'num_heads': 2, 'final_dropout': 0.06967361053632162, 'train_learning_rate': 0.00018697548284186806, 'train_lr_reduce': 0.6}. Best is trial 1073 with value: 0.009419886395335197.
[I 2024-12-26 03:23:44,565] Trial 1124 finished with value: 0.013512776233255863 and parameters: {'L1_hidden_dim': 224, 'L1_layers_atom': 4, 'L1_layers_mol': 4, 'L1_dropout': 0.1203281779643456, 'L1_out_dim': 64, 'L2_hidden_dim': 256, 'L2_layers_atom': 1, 'L2_layers_mol': 3, 'L2_out_dim': 128, 'L2_dropout': 0.08562684042643573, 'L3_hidden_dim': 96, 'L3_layers_atom': 4, 'L3_layers_mol': 2, 'L3_out_dim': 128, 'L3_dropout': 0.2223477614990752, 'n_mlp_layers': 3, 'mlp_dim_0': 296, 'mlp_dim_1': 112, 'mlp_dim_2': 80, 'num_heads': 2, 'final_dropout': 0.11873223233476912, 'train_learning_rate': 0.0005130200860680354, 'train_lr_reduce': 0.6}. Best is trial 1073 with value: 0.009419886395335197.
[I 2024-12-26 03:24:38,320] Trial 1125 finished with value: 0.012945640832185745 and parameters: {'L1_hidden_dim': 192, 'L1_layers_atom': 4, 'L1_layers_mol': 4, 'L1_dropout': 0.005548282234470815, 'L1_out_dim': 128, 'L2_hidden_dim': 224, 'L2_layers_atom': 1, 'L2_layers_mol': 4, 'L2_out_dim': 128, 'L2_dropout': 0.05415464216889283, 'L3_hidden_dim': 64, 'L3_layers_atom': 4, 'L3_layers_mol': 1, 'L3_out_dim': 112, 'L3_dropout': 0.1367355130237728, 'n_mlp_layers': 3, 'mlp_dim_0': 224, 'mlp_dim_1': 344, 'mlp_dim_2': 112, 'num_heads': 2, 'final_dropout': 0.2601464555570157, 'train_learning_rate': 0.001540532703299136, 'train_lr_reduce': 0.6}. Best is trial 1073 with value: 0.009419886395335197.
[I 2024-12-26 03:25:22,908] Trial 1126 finished with value: 0.011367163620889187 and parameters: {'L1_hidden_dim': 176, 'L1_layers_atom': 4, 'L1_layers_mol': 4, 'L1_dropout': 0.04333792091254228, 'L1_out_dim': 80, 'L2_hidden_dim': 192, 'L2_layers_atom': 2, 'L2_layers_mol': 4, 'L2_out_dim': 80, 'L2_dropout': 0.10440921256214046, 'L3_hidden_dim': 80, 'L3_layers_atom': 3, 'L3_layers_mol': 1, 'L3_out_dim': 80, 'L3_dropout': 0.11379840897186158, 'n_mlp_layers': 3, 'mlp_dim_0': 80, 'mlp_dim_1': 336, 'mlp_dim_2': 32, 'num_heads': 2, 'final_dropout': 0.2537828604455357, 'train_learning_rate': 0.0004532506674355547, 'train_lr_reduce': 0.6}. Best is trial 1073 with value: 0.009419886395335197.
[I 2024-12-26 03:26:31,687] Trial 1127 finished with value: 0.014260068535804749 and parameters: {'L1_hidden_dim': 192, 'L1_layers_atom': 4, 'L1_layers_mol': 4, 'L1_dropout': 0.056334683589777126, 'L1_out_dim': 112, 'L2_hidden_dim': 224, 'L2_layers_atom': 1, 'L2_layers_mol': 4, 'L2_out_dim': 96, 'L2_dropout': 0.11556058473233285, 'L3_hidden_dim': 64, 'L3_layers_atom': 2, 'L3_layers_mol': 1, 'L3_out_dim': 80, 'L3_dropout': 0.1366163303697711, 'n_mlp_layers': 3, 'mlp_dim_0': 264, 'mlp_dim_1': 440, 'mlp_dim_2': 72, 'num_heads': 2, 'final_dropout': 0.10544764574129704, 'train_learning_rate': 0.000210536380560006, 'train_lr_reduce': 0.6}. Best is trial 1073 with value: 0.009419886395335197.
[I 2024-12-26 03:27:13,963] Trial 1128 finished with value: 0.011836613528430462 and parameters: {'L1_hidden_dim': 240, 'L1_layers_atom': 3, 'L1_layers_mol': 4, 'L1_dropout': 0.018127044807080293, 'L1_out_dim': 96, 'L2_hidden_dim': 240, 'L2_layers_atom': 1, 'L2_layers_mol': 2, 'L2_out_dim': 96, 'L2_dropout': 0.06327702628068614, 'L3_hidden_dim': 64, 'L3_layers_atom': 1, 'L3_layers_mol': 1, 'L3_out_dim': 96, 'L3_dropout': 0.18381654150746085, 'n_mlp_layers': 3, 'mlp_dim_0': 48, 'mlp_dim_1': 80, 'mlp_dim_2': 104, 'num_heads': 2, 'final_dropout': 0.13890773934029133, 'train_learning_rate': 0.0005931130489970547, 'train_lr_reduce': 0.6}. Best is trial 1073 with value: 0.009419886395335197.
[I 2024-12-26 03:27:38,500] Trial 1129 finished with value: 0.010370505973696709 and parameters: {'L1_hidden_dim': 176, 'L1_layers_atom': 3, 'L1_layers_mol': 4, 'L1_dropout': 0.07326435578123208, 'L1_out_dim': 128, 'L2_hidden_dim': 240, 'L2_layers_atom': 2, 'L2_layers_mol': 4, 'L2_out_dim': 96, 'L2_dropout': 0.011577357106953338, 'L3_hidden_dim': 64, 'L3_layers_atom': 2, 'L3_layers_mol': 1, 'L3_out_dim': 80, 'L3_dropout': 0.15545742100628457, 'n_mlp_layers': 3, 'mlp_dim_0': 80, 'mlp_dim_1': 440, 'mlp_dim_2': 72, 'num_heads': 2, 'final_dropout': 0.24074872173058995, 'train_learning_rate': 0.0006825915369548277, 'train_lr_reduce': 0.6}. Best is trial 1073 with value: 0.009419886395335197.
[I 2024-12-26 03:29:52,561] Trial 1130 finished with value: 0.013660202734172344 and parameters: {'L1_hidden_dim': 176, 'L1_layers_atom': 4, 'L1_layers_mol': 3, 'L1_dropout': 0.000578797741737691, 'L1_out_dim': 32, 'L2_hidden_dim': 112, 'L2_layers_atom': 1, 'L2_layers_mol': 2, 'L2_out_dim': 128, 'L2_dropout': 0.0770547780189184, 'L3_hidden_dim': 96, 'L3_layers_atom': 3, 'L3_layers_mol': 2, 'L3_out_dim': 80, 'L3_dropout': 0.04916571629181118, 'n_mlp_layers': 3, 'mlp_dim_0': 480, 'mlp_dim_1': 360, 'mlp_dim_2': 80, 'num_heads': 2, 'final_dropout': 0.07008562968708038, 'train_learning_rate': 0.00018352830128084486, 'train_lr_reduce': 0.6}. Best is trial 1073 with value: 0.009419886395335197.
[I 2024-12-26 03:30:03,639] Trial 1131 finished with value: 0.01291242428123951 and parameters: {'L1_hidden_dim': 128, 'L1_layers_atom': 4, 'L1_layers_mol': 1, 'L1_dropout': 0.10505483533416021, 'L1_out_dim': 64, 'L2_hidden_dim': 160, 'L2_layers_atom': 2, 'L2_layers_mol': 1, 'L2_out_dim': 128, 'L2_dropout': 0.045398269886399535, 'L3_hidden_dim': 48, 'L3_layers_atom': 3, 'L3_layers_mol': 2, 'L3_out_dim': 128, 'L3_dropout': 0.038894136225918134, 'n_mlp_layers': 3, 'mlp_dim_0': 280, 'mlp_dim_1': 136, 'mlp_dim_2': 112, 'num_heads': 1, 'final_dropout': 0.20596219350116657, 'train_learning_rate': 0.0008729066526989741, 'train_lr_reduce': 0.6}. Best is trial 1073 with value: 0.009419886395335197.
[I 2024-12-26 03:30:08,933] Trial 1132 finished with value: 0.01309248898178339 and parameters: {'L1_hidden_dim': 176, 'L1_layers_atom': 4, 'L1_layers_mol': 4, 'L1_dropout': 0.06422873821035952, 'L1_out_dim': 128, 'L2_hidden_dim': 192, 'L2_layers_atom': 3, 'L2_layers_mol': 3, 'L2_out_dim': 80, 'L2_dropout': 0.00959931525795754, 'L3_hidden_dim': 80, 'L3_layers_atom': 3, 'L3_layers_mol': 1, 'L3_out_dim': 80, 'L3_dropout': 0.23512945731000903, 'n_mlp_layers': 3, 'mlp_dim_0': 32, 'mlp_dim_1': 440, 'mlp_dim_2': 32, 'num_heads': 2, 'final_dropout': 0.2941490095682442, 'train_learning_rate': 0.0010578276149458765, 'train_lr_reduce': 0.6}. Best is trial 1073 with value: 0.009419886395335197.
[I 2024-12-26 03:32:15,604] Trial 1135 finished with value: 0.012735795229673386 and parameters: {'L1_hidden_dim': 176, 'L1_layers_atom': 1, 'L1_layers_mol': 4, 'L1_dropout': 0.024530065406183237, 'L1_out_dim': 48, 'L2_hidden_dim': 64, 'L2_layers_atom': 1, 'L2_layers_mol': 1, 'L2_out_dim': 48, 'L2_dropout': 0.004076888664864994, 'L3_hidden_dim': 112, 'L3_layers_atom': 4, 'L3_layers_mol': 3, 'L3_out_dim': 112, 'L3_dropout': 0.1451558763319019, 'n_mlp_layers': 2, 'mlp_dim_0': 496, 'mlp_dim_1': 448, 'num_heads': 2, 'final_dropout': 0.16835724021278417, 'train_learning_rate': 0.0008548724833751115, 'train_lr_reduce': 0.6}. Best is trial 1073 with value: 0.009419886395335197.
[I 2024-12-26 03:32:39,639] Trial 1133 finished with value: 0.011192192323505878 and parameters: {'L1_hidden_dim': 144, 'L1_layers_atom': 3, 'L1_layers_mol': 4, 'L1_dropout': 0.10572839843161277, 'L1_out_dim': 128, 'L2_hidden_dim': 208, 'L2_layers_atom': 2, 'L2_layers_mol': 3, 'L2_out_dim': 80, 'L2_dropout': 0.07154702308571442, 'L3_hidden_dim': 32, 'L3_layers_atom': 2, 'L3_layers_mol': 1, 'L3_out_dim': 80, 'L3_dropout': 0.1265147479964076, 'n_mlp_layers': 3, 'mlp_dim_0': 152, 'mlp_dim_1': 448, 'mlp_dim_2': 32, 'num_heads': 2, 'final_dropout': 0.19074010126687777, 'train_learning_rate': 0.0003467367934866196, 'train_lr_reduce': 0.6}. Best is trial 1073 with value: 0.009419886395335197.
[I 2024-12-26 03:32:47,305] Trial 1134 finished with value: 0.010985980741679668 and parameters: {'L1_hidden_dim': 96, 'L1_layers_atom': 3, 'L1_layers_mol': 1, 'L1_dropout': 0.05953559887593955, 'L1_out_dim': 64, 'L2_hidden_dim': 224, 'L2_layers_atom': 1, 'L2_layers_mol': 1, 'L2_out_dim': 80, 'L2_dropout': 0.033948535150596086, 'L3_hidden_dim': 64, 'L3_layers_atom': 2, 'L3_layers_mol': 2, 'L3_out_dim': 96, 'L3_dropout': 0.04624000304142557, 'n_mlp_layers': 3, 'mlp_dim_0': 136, 'mlp_dim_1': 448, 'mlp_dim_2': 216, 'num_heads': 2, 'final_dropout': 0.19381166658494797, 'train_learning_rate': 0.00021022627083190995, 'train_lr_reduce': 0.6}. Best is trial 1073 with value: 0.009419886395335197.
[I 2024-12-26 03:34:54,598] Trial 1136 finished with value: 0.012008251622319221 and parameters: {'L1_hidden_dim': 240, 'L1_layers_atom': 3, 'L1_layers_mol': 4, 'L1_dropout': 0.029443925279886738, 'L1_out_dim': 96, 'L2_hidden_dim': 224, 'L2_layers_atom': 1, 'L2_layers_mol': 4, 'L2_out_dim': 80, 'L2_dropout': 0.10315792792875073, 'L3_hidden_dim': 48, 'L3_layers_atom': 3, 'L3_layers_mol': 1, 'L3_out_dim': 80, 'L3_dropout': 0.15035484526505113, 'n_mlp_layers': 3, 'mlp_dim_0': 128, 'mlp_dim_1': 440, 'mlp_dim_2': 72, 'num_heads': 1, 'final_dropout': 0.2799867323139078, 'train_learning_rate': 0.00030907166423185556, 'train_lr_reduce': 0.6}. Best is trial 1073 with value: 0.009419886395335197.
[I 2024-12-26 03:35:12,104] Trial 1137 finished with value: 0.011089842766523361 and parameters: {'L1_hidden_dim': 176, 'L1_layers_atom': 3, 'L1_layers_mol': 4, 'L1_dropout': 0.014540633711187398, 'L1_out_dim': 128, 'L2_hidden_dim': 256, 'L2_layers_atom': 1, 'L2_layers_mol': 3, 'L2_out_dim': 96, 'L2_dropout': 0.007746677931862631, 'L3_hidden_dim': 80, 'L3_layers_atom': 2, 'L3_layers_mol': 1, 'L3_out_dim': 112, 'L3_dropout': 0.1625994226215384, 'n_mlp_layers': 3, 'mlp_dim_0': 80, 'mlp_dim_1': 448, 'mlp_dim_2': 272, 'num_heads': 2, 'final_dropout': 0.2174883859833266, 'train_learning_rate': 0.0006366885601384525, 'train_lr_reduce': 0.6}. Best is trial 1073 with value: 0.009419886395335197.
[I 2024-12-26 03:35:28,324] Trial 1138 finished with value: 0.011996772140264511 and parameters: {'L1_hidden_dim': 240, 'L1_layers_atom': 3, 'L1_layers_mol': 4, 'L1_dropout': 0.10467496286537502, 'L1_out_dim': 96, 'L2_hidden_dim': 256, 'L2_layers_atom': 2, 'L2_layers_mol': 4, 'L2_out_dim': 64, 'L2_dropout': 0.05428083535220278, 'L3_hidden_dim': 80, 'L3_layers_atom': 2, 'L3_layers_mol': 1, 'L3_out_dim': 48, 'L3_dropout': 0.2548093391097873, 'n_mlp_layers': 3, 'mlp_dim_0': 88, 'mlp_dim_1': 448, 'mlp_dim_2': 32, 'num_heads': 2, 'final_dropout': 0.2674257268884648, 'train_learning_rate': 0.0003388093842774863, 'train_lr_reduce': 0.6}. Best is trial 1073 with value: 0.009419886395335197.
[I 2024-12-26 03:37:35,344] Trial 1139 finished with value: 0.012015268206596375 and parameters: {'L1_hidden_dim': 128, 'L1_layers_atom': 2, 'L1_layers_mol': 2, 'L1_dropout': 0.01638220764750794, 'L1_out_dim': 64, 'L2_hidden_dim': 256, 'L2_layers_atom': 1, 'L2_layers_mol': 2, 'L2_out_dim': 128, 'L2_dropout': 0.05677300633526743, 'L3_hidden_dim': 32, 'L3_layers_atom': 3, 'L3_layers_mol': 2, 'L3_out_dim': 128, 'L3_dropout': 0.09591990306049293, 'n_mlp_layers': 3, 'mlp_dim_0': 456, 'mlp_dim_1': 440, 'mlp_dim_2': 120, 'num_heads': 2, 'final_dropout': 0.24913765921183872, 'train_learning_rate': 0.0002354284918503845, 'train_lr_reduce': 0.6}. Best is trial 1073 with value: 0.009419886395335197.
[I 2024-12-26 03:37:55,934] Trial 1141 finished with value: 0.016875965520739555 and parameters: {'L1_hidden_dim': 192, 'L1_layers_atom': 2, 'L1_layers_mol': 4, 'L1_dropout': 0.04295144190032461, 'L1_out_dim': 128, 'L2_hidden_dim': 240, 'L2_layers_atom': 2, 'L2_layers_mol': 4, 'L2_out_dim': 64, 'L2_dropout': 0.05249774476865646, 'L3_hidden_dim': 80, 'L3_layers_atom': 3, 'L3_layers_mol': 2, 'L3_out_dim': 64, 'L3_dropout': 0.18636049105670807, 'n_mlp_layers': 3, 'mlp_dim_0': 144, 'mlp_dim_1': 424, 'mlp_dim_2': 72, 'num_heads': 2, 'final_dropout': 0.2418958588434, 'train_learning_rate': 0.002173057343058924, 'train_lr_reduce': 0.6}. Best is trial 1073 with value: 0.009419886395335197.
