[I 2024-12-19 08:05:54,160] Trial 883 finished with value: 0.5043147206306458 and parameters: {'mlp_n_layers': 2, 'mlp_dim_00': 285, 'mlp_dim_01': 223, 'node_hidden_dim': 126, 'edge_hidden_dim': 37, 'depth': 2, 'rep_dropout': 0.04152490252841571, 'train_learning_rate': 0.007024466902917639, 'train_lr_reduce': 0.6}. Best is trial 156 with value: 0.33254924416542053.
[I 2024-12-19 08:05:55,618] Trial 888 finished with value: 1.528271198272705 and parameters: {'mlp_n_layers': 4, 'mlp_dim_00': 377, 'mlp_dim_01': 98, 'mlp_dim_02': 246, 'mlp_dim_03': 312, 'node_hidden_dim': 106, 'edge_hidden_dim': 63, 'depth': 2, 'rep_dropout': 0.15559066388774567, 'train_learning_rate': 0.001692524881543709, 'train_lr_reduce': 0.6}. Best is trial 156 with value: 0.33254924416542053.
[I 2024-12-19 08:05:58,305] Trial 890 finished with value: 1.5396429300308228 and parameters: {'mlp_n_layers': 4, 'mlp_dim_00': 254, 'mlp_dim_01': 122, 'mlp_dim_02': 224, 'mlp_dim_03': 270, 'node_hidden_dim': 82, 'edge_hidden_dim': 123, 'depth': 2, 'rep_dropout': 0.24926394676017224, 'train_learning_rate': 0.00017451015951933208, 'train_lr_reduce': 0.6}. Best is trial 156 with value: 0.33254924416542053.
[I 2024-12-19 08:05:59,133] Trial 889 finished with value: 1.5746619701385498 and parameters: {'mlp_n_layers': 4, 'mlp_dim_00': 499, 'mlp_dim_01': 363, 'mlp_dim_02': 290, 'mlp_dim_03': 294, 'node_hidden_dim': 100, 'edge_hidden_dim': 128, 'depth': 4, 'rep_dropout': 0.1580168585876221, 'train_learning_rate': 0.0001728589280178085, 'train_lr_reduce': 0.6}. Best is trial 156 with value: 0.33254924416542053.
[I 2024-12-19 08:06:00,962] Trial 891 finished with value: 1.4440853595733643 and parameters: {'mlp_n_layers': 4, 'mlp_dim_00': 236, 'mlp_dim_01': 183, 'mlp_dim_02': 271, 'mlp_dim_03': 110, 'node_hidden_dim': 123, 'edge_hidden_dim': 63, 'depth': 2, 'rep_dropout': 0.0025510506920872356, 'train_learning_rate': 0.008507890617250156, 'train_lr_reduce': 0.6}. Best is trial 156 with value: 0.33254924416542053.
[I 2024-12-19 08:06:03,505] Trial 893 finished with value: 1.5125610828399658 and parameters: {'mlp_n_layers': 4, 'mlp_dim_00': 334, 'mlp_dim_01': 152, 'mlp_dim_02': 333, 'mlp_dim_03': 69, 'node_hidden_dim': 77, 'edge_hidden_dim': 52, 'depth': 2, 'rep_dropout': 0.06743148329375495, 'train_learning_rate': 0.002875337425118819, 'train_lr_reduce': 0.6}. Best is trial 156 with value: 0.33254924416542053.
[I 2024-12-19 08:06:06,918] Trial 894 finished with value: 1.5735139846801758 and parameters: {'mlp_n_layers': 4, 'mlp_dim_00': 164, 'mlp_dim_01': 343, 'mlp_dim_02': 277, 'mlp_dim_03': 102, 'node_hidden_dim': 39, 'edge_hidden_dim': 71, 'depth': 2, 'rep_dropout': 0.04183603093621638, 'train_learning_rate': 0.0002276072742494375, 'train_lr_reduce': 0.6}. Best is trial 156 with value: 0.33254924416542053.
[I 2024-12-19 08:06:09,252] Trial 892 finished with value: 0.48410066962242126 and parameters: {'mlp_n_layers': 4, 'mlp_dim_00': 98, 'mlp_dim_01': 91, 'mlp_dim_02': 231, 'mlp_dim_03': 259, 'node_hidden_dim': 93, 'edge_hidden_dim': 50, 'depth': 2, 'rep_dropout': 0.034854178850370995, 'train_learning_rate': 0.006576016560498359, 'train_lr_reduce': 0.6}. Best is trial 156 with value: 0.33254924416542053.
[I 2024-12-19 08:06:11,370] Trial 896 finished with value: 1.506934404373169 and parameters: {'mlp_n_layers': 4, 'mlp_dim_00': 401, 'mlp_dim_01': 80, 'mlp_dim_02': 299, 'mlp_dim_03': 299, 'node_hidden_dim': 108, 'edge_hidden_dim': 54, 'depth': 2, 'rep_dropout': 0.09290661040975867, 'train_learning_rate': 0.0017623269356751986, 'train_lr_reduce': 0.6}. Best is trial 156 with value: 0.33254924416542053.
[I 2024-12-19 08:06:14,028] Trial 897 finished with value: 1.452635407447815 and parameters: {'mlp_n_layers': 4, 'mlp_dim_00': 429, 'mlp_dim_01': 146, 'mlp_dim_02': 461, 'mlp_dim_03': 67, 'node_hidden_dim': 97, 'edge_hidden_dim': 75, 'depth': 2, 'rep_dropout': 0.0462618343703991, 'train_learning_rate': 0.004916613571839521, 'train_lr_reduce': 0.6}. Best is trial 156 with value: 0.33254924416542053.
[I 2024-12-19 08:06:16,660] Trial 898 finished with value: 1.4803433418273926 and parameters: {'mlp_n_layers': 4, 'mlp_dim_00': 489, 'mlp_dim_01': 467, 'mlp_dim_02': 393, 'mlp_dim_03': 244, 'node_hidden_dim': 110, 'edge_hidden_dim': 107, 'depth': 2, 'rep_dropout': 0.14363188450576614, 'train_learning_rate': 0.004288168237613711, 'train_lr_reduce': 0.6}. Best is trial 156 with value: 0.33254924416542053.
[I 2024-12-19 08:06:18,706] Trial 895 finished with value: 0.4164169430732727 and parameters: {'mlp_n_layers': 3, 'mlp_dim_00': 232, 'mlp_dim_01': 95, 'mlp_dim_02': 217, 'node_hidden_dim': 121, 'edge_hidden_dim': 53, 'depth': 2, 'rep_dropout': 0.013521116820761766, 'train_learning_rate': 0.00927557856245907, 'train_lr_reduce': 0.6}. Best is trial 156 with value: 0.33254924416542053.
[I 2024-12-19 08:06:23,978] Trial 901 finished with value: 1.3360499143600464 and parameters: {'mlp_n_layers': 4, 'mlp_dim_00': 429, 'mlp_dim_01': 280, 'mlp_dim_02': 510, 'mlp_dim_03': 303, 'node_hidden_dim': 127, 'edge_hidden_dim': 126, 'depth': 2, 'rep_dropout': 0.1560793693726354, 'train_learning_rate': 0.003257027778003793, 'train_lr_reduce': 0.6}. Best is trial 156 with value: 0.33254924416542053.
[I 2024-12-19 08:06:24,127] Trial 900 finished with value: 1.2971405982971191 and parameters: {'mlp_n_layers': 4, 'mlp_dim_00': 491, 'mlp_dim_01': 130, 'mlp_dim_02': 272, 'mlp_dim_03': 109, 'node_hidden_dim': 127, 'edge_hidden_dim': 56, 'depth': 2, 'rep_dropout': 0.10413998644676369, 'train_learning_rate': 0.002289776346461126, 'train_lr_reduce': 0.6}. Best is trial 156 with value: 0.33254924416542053.
[I 2024-12-19 08:06:28,060] Trial 899 finished with value: 1.1451536417007446 and parameters: {'mlp_n_layers': 4, 'mlp_dim_00': 342, 'mlp_dim_01': 213, 'mlp_dim_02': 241, 'mlp_dim_03': 252, 'node_hidden_dim': 122, 'edge_hidden_dim': 52, 'depth': 2, 'rep_dropout': 0.12821894554428595, 'train_learning_rate': 0.002778792157608635, 'train_lr_reduce': 0.6}. Best is trial 156 with value: 0.33254924416542053.
[I 2024-12-19 08:06:28,768] Trial 902 finished with value: 1.3170123100280762 and parameters: {'mlp_n_layers': 4, 'mlp_dim_00': 363, 'mlp_dim_01': 68, 'mlp_dim_02': 207, 'mlp_dim_03': 219, 'node_hidden_dim': 85, 'edge_hidden_dim': 50, 'depth': 2, 'rep_dropout': 0.1994087016097531, 'train_learning_rate': 0.009023051072973347, 'train_lr_reduce': 0.6}. Best is trial 156 with value: 0.33254924416542053.
[I 2024-12-19 08:06:32,285] Trial 904 finished with value: 1.4256497621536255 and parameters: {'mlp_n_layers': 3, 'mlp_dim_00': 345, 'mlp_dim_01': 137, 'mlp_dim_02': 255, 'node_hidden_dim': 127, 'edge_hidden_dim': 50, 'depth': 3, 'rep_dropout': 0.036905100712199615, 'train_learning_rate': 0.003142400735068174, 'train_lr_reduce': 0.6}. Best is trial 156 with value: 0.33254924416542053.
[I 2024-12-19 08:06:36,781] Trial 906 finished with value: 1.2872763872146606 and parameters: {'mlp_n_layers': 3, 'mlp_dim_00': 371, 'mlp_dim_01': 194, 'mlp_dim_02': 353, 'node_hidden_dim': 126, 'edge_hidden_dim': 57, 'depth': 2, 'rep_dropout': 0.09031280563806539, 'train_learning_rate': 0.009430356520386938, 'train_lr_reduce': 0.6}. Best is trial 156 with value: 0.33254924416542053.
[I 2024-12-19 08:06:38,132] Trial 903 finished with value: 0.3943619728088379 and parameters: {'mlp_n_layers': 3, 'mlp_dim_00': 491, 'mlp_dim_01': 86, 'mlp_dim_02': 311, 'node_hidden_dim': 93, 'edge_hidden_dim': 76, 'depth': 2, 'rep_dropout': 0.12769420366707152, 'train_learning_rate': 0.0030678331409033934, 'train_lr_reduce': 0.6}. Best is trial 156 with value: 0.33254924416542053.
[I 2024-12-19 08:06:44,259] Trial 905 finished with value: 0.6088021993637085 and parameters: {'mlp_n_layers': 4, 'mlp_dim_00': 247, 'mlp_dim_01': 133, 'mlp_dim_02': 471, 'mlp_dim_03': 349, 'node_hidden_dim': 126, 'edge_hidden_dim': 87, 'depth': 2, 'rep_dropout': 0.1297692447414726, 'train_learning_rate': 0.0016728682595602178, 'train_lr_reduce': 0.6}. Best is trial 156 with value: 0.33254924416542053.
[I 2024-12-19 08:06:46,449] Trial 908 finished with value: 1.3865950107574463 and parameters: {'mlp_n_layers': 4, 'mlp_dim_00': 407, 'mlp_dim_01': 234, 'mlp_dim_02': 339, 'mlp_dim_03': 116, 'node_hidden_dim': 128, 'edge_hidden_dim': 80, 'depth': 2, 'rep_dropout': 0.13622540685560708, 'train_learning_rate': 0.002174154495919029, 'train_lr_reduce': 0.6}. Best is trial 156 with value: 0.33254924416542053.
[I 2024-12-19 08:06:48,782] Trial 909 finished with value: 1.5047459602355957 and parameters: {'mlp_n_layers': 3, 'mlp_dim_00': 459, 'mlp_dim_01': 127, 'mlp_dim_02': 324, 'node_hidden_dim': 45, 'edge_hidden_dim': 54, 'depth': 2, 'rep_dropout': 0.1172912465952419, 'train_learning_rate': 0.0029569172486515324, 'train_lr_reduce': 0.6}. Best is trial 156 with value: 0.33254924416542053.
[I 2024-12-19 08:06:51,548] Trial 907 finished with value: 0.7976616024971008 and parameters: {'mlp_n_layers': 4, 'mlp_dim_00': 406, 'mlp_dim_01': 121, 'mlp_dim_02': 512, 'mlp_dim_03': 67, 'node_hidden_dim': 105, 'edge_hidden_dim': 47, 'depth': 2, 'rep_dropout': 0.06430383142739496, 'train_learning_rate': 0.004533034305252032, 'train_lr_reduce': 0.6}. Best is trial 156 with value: 0.33254924416542053.
[I 2024-12-19 08:06:53,296] Trial 911 finished with value: 1.5065017938613892 and parameters: {'mlp_n_layers': 3, 'mlp_dim_00': 448, 'mlp_dim_01': 121, 'mlp_dim_02': 306, 'node_hidden_dim': 83, 'edge_hidden_dim': 68, 'depth': 2, 'rep_dropout': 0.09104639009351881, 'train_learning_rate': 0.0029967323861312136, 'train_lr_reduce': 0.6}. Best is trial 156 with value: 0.33254924416542053.
[I 2024-12-19 08:06:55,725] Trial 912 finished with value: 1.5391392707824707 and parameters: {'mlp_n_layers': 2, 'mlp_dim_00': 207, 'mlp_dim_01': 117, 'node_hidden_dim': 103, 'edge_hidden_dim': 60, 'depth': 2, 'rep_dropout': 0.01875315930346095, 'train_learning_rate': 0.0005425974413782149, 'train_lr_reduce': 0.6}. Best is trial 156 with value: 0.33254924416542053.
[I 2024-12-19 08:06:57,578] Trial 913 finished with value: 1.2905586957931519 and parameters: {'mlp_n_layers': 2, 'mlp_dim_00': 423, 'mlp_dim_01': 124, 'node_hidden_dim': 98, 'edge_hidden_dim': 73, 'depth': 2, 'rep_dropout': 0.1039131069228107, 'train_learning_rate': 0.0031369959517347323, 'train_lr_reduce': 0.6}. Best is trial 156 with value: 0.33254924416542053.
[I 2024-12-19 08:07:00,758] Trial 910 finished with value: 0.3644958734512329 and parameters: {'mlp_n_layers': 4, 'mlp_dim_00': 412, 'mlp_dim_01': 121, 'mlp_dim_02': 343, 'mlp_dim_03': 105, 'node_hidden_dim': 78, 'edge_hidden_dim': 65, 'depth': 2, 'rep_dropout': 0.09577312391852062, 'train_learning_rate': 0.0033593600463626082, 'train_lr_reduce': 0.6}. Best is trial 156 with value: 0.33254924416542053.
[I 2024-12-19 08:07:05,575] Trial 916 finished with value: 1.5758798122406006 and parameters: {'mlp_n_layers': 2, 'mlp_dim_00': 434, 'mlp_dim_01': 366, 'node_hidden_dim': 100, 'edge_hidden_dim': 99, 'depth': 2, 'rep_dropout': 0.22483883295111964, 'train_learning_rate': 0.0001875731229149185, 'train_lr_reduce': 0.6}. Best is trial 156 with value: 0.33254924416542053.
[I 2024-12-19 08:07:07,132] Trial 915 finished with value: 1.4187209606170654 and parameters: {'mlp_n_layers': 2, 'mlp_dim_00': 168, 'mlp_dim_01': 64, 'node_hidden_dim': 120, 'edge_hidden_dim': 45, 'depth': 3, 'rep_dropout': 0.08787049493895953, 'train_learning_rate': 0.0022041044959108616, 'train_lr_reduce': 0.6}. Best is trial 156 with value: 0.33254924416542053.
[I 2024-12-19 08:07:09,293] Trial 914 finished with value: 0.7273890376091003 and parameters: {'mlp_n_layers': 4, 'mlp_dim_00': 451, 'mlp_dim_01': 81, 'mlp_dim_02': 307, 'mlp_dim_03': 66, 'node_hidden_dim': 101, 'edge_hidden_dim': 79, 'depth': 2, 'rep_dropout': 0.07728684250568417, 'train_learning_rate': 0.002350661571819231, 'train_lr_reduce': 0.6}. Best is trial 156 with value: 0.33254924416542053.
[I 2024-12-19 08:07:10,859] Trial 917 finished with value: 1.426271915435791 and parameters: {'mlp_n_layers': 4, 'mlp_dim_00': 465, 'mlp_dim_01': 150, 'mlp_dim_02': 376, 'mlp_dim_03': 121, 'node_hidden_dim': 76, 'edge_hidden_dim': 67, 'depth': 2, 'rep_dropout': 0.09151973721703852, 'train_learning_rate': 0.008744222317053955, 'train_lr_reduce': 0.6}. Best is trial 156 with value: 0.33254924416542053.
[I 2024-12-19 08:07:11,801] Trial 918 finished with value: 1.5447157621383667 and parameters: {'mlp_n_layers': 4, 'mlp_dim_00': 401, 'mlp_dim_01': 170, 'mlp_dim_02': 336, 'mlp_dim_03': 122, 'node_hidden_dim': 72, 'edge_hidden_dim': 70, 'depth': 2, 'rep_dropout': 0.13020545191731114, 'train_learning_rate': 0.001355478156801956, 'train_lr_reduce': 0.6}. Best is trial 156 with value: 0.33254924416542053.
[I 2024-12-19 08:07:15,969] Trial 921 finished with value: 1.511098861694336 and parameters: {'mlp_n_layers': 4, 'mlp_dim_00': 184, 'mlp_dim_01': 225, 'mlp_dim_02': 302, 'mlp_dim_03': 109, 'node_hidden_dim': 111, 'edge_hidden_dim': 44, 'depth': 2, 'rep_dropout': 0.07943934770330628, 'train_learning_rate': 0.0025588553651382916, 'train_lr_reduce': 0.6}. Best is trial 156 with value: 0.33254924416542053.
[I 2024-12-19 08:07:15,990] Trial 919 finished with value: 1.5880818367004395 and parameters: {'mlp_n_layers': 3, 'mlp_dim_00': 382, 'mlp_dim_01': 95, 'mlp_dim_02': 365, 'node_hidden_dim': 117, 'edge_hidden_dim': 74, 'depth': 4, 'rep_dropout': 0.1751076751848527, 'train_learning_rate': 0.00014270423532973317, 'train_lr_reduce': 0.6}. Best is trial 156 with value: 0.33254924416542053.
[I 2024-12-19 08:07:20,376] Trial 923 finished with value: 1.3608757257461548 and parameters: {'mlp_n_layers': 2, 'mlp_dim_00': 295, 'mlp_dim_01': 70, 'node_hidden_dim': 128, 'edge_hidden_dim': 87, 'depth': 3, 'rep_dropout': 0.012798703202376242, 'train_learning_rate': 0.001958536762199211, 'train_lr_reduce': 0.6}. Best is trial 156 with value: 0.33254924416542053.
[I 2024-12-19 08:07:20,414] Trial 922 finished with value: 1.4375375509262085 and parameters: {'mlp_n_layers': 3, 'mlp_dim_00': 184, 'mlp_dim_01': 105, 'mlp_dim_02': 373, 'node_hidden_dim': 102, 'edge_hidden_dim': 50, 'depth': 2, 'rep_dropout': 0.1288805347165975, 'train_learning_rate': 0.005567470103672213, 'train_lr_reduce': 0.6}. Best is trial 156 with value: 0.33254924416542053.
[I 2024-12-19 08:07:24,884] Trial 924 finished with value: 1.3620980978012085 and parameters: {'mlp_n_layers': 3, 'mlp_dim_00': 140, 'mlp_dim_01': 112, 'mlp_dim_02': 371, 'node_hidden_dim': 127, 'edge_hidden_dim': 92, 'depth': 3, 'rep_dropout': 0.04627806094592625, 'train_learning_rate': 0.004421752967501626, 'train_lr_reduce': 0.6}. Best is trial 156 with value: 0.33254924416542053.
[I 2024-12-19 08:07:26,676] Trial 920 finished with value: 0.3590403199195862 and parameters: {'mlp_n_layers': 4, 'mlp_dim_00': 434, 'mlp_dim_01': 106, 'mlp_dim_02': 340, 'mlp_dim_03': 104, 'node_hidden_dim': 84, 'edge_hidden_dim': 59, 'depth': 2, 'rep_dropout': 0.0847322892077764, 'train_learning_rate': 0.006565372757202142, 'train_lr_reduce': 0.6}. Best is trial 156 with value: 0.33254924416542053.
[I 2024-12-19 08:07:29,031] Trial 926 finished with value: 1.5410561561584473 and parameters: {'mlp_n_layers': 3, 'mlp_dim_00': 502, 'mlp_dim_01': 87, 'mlp_dim_02': 344, 'node_hidden_dim': 71, 'edge_hidden_dim': 67, 'depth': 2, 'rep_dropout': 0.12648332276197743, 'train_learning_rate': 0.00169523618572034, 'train_lr_reduce': 0.6}. Best is trial 156 with value: 0.33254924416542053.
[I 2024-12-19 08:07:29,882] Trial 925 finished with value: 1.3619197607040405 and parameters: {'mlp_n_layers': 4, 'mlp_dim_00': 107, 'mlp_dim_01': 119, 'mlp_dim_02': 335, 'mlp_dim_03': 107, 'node_hidden_dim': 99, 'edge_hidden_dim': 32, 'depth': 3, 'rep_dropout': 0.010006224704068612, 'train_learning_rate': 0.004116456060910245, 'train_lr_reduce': 0.6}. Best is trial 156 with value: 0.33254924416542053.
[I 2024-12-19 08:07:31,104] Trial 927 finished with value: 1.3495632410049438 and parameters: {'mlp_n_layers': 4, 'mlp_dim_00': 410, 'mlp_dim_01': 137, 'mlp_dim_02': 330, 'mlp_dim_03': 106, 'node_hidden_dim': 88, 'edge_hidden_dim': 66, 'depth': 2, 'rep_dropout': 0.11490890729833023, 'train_learning_rate': 0.007658538966960996, 'train_lr_reduce': 0.6}. Best is trial 156 with value: 0.33254924416542053.
[I 2024-12-19 08:07:34,121] Trial 929 finished with value: 1.4816317558288574 and parameters: {'mlp_n_layers': 4, 'mlp_dim_00': 512, 'mlp_dim_01': 137, 'mlp_dim_02': 343, 'mlp_dim_03': 98, 'node_hidden_dim': 91, 'edge_hidden_dim': 34, 'depth': 2, 'rep_dropout': 0.10427368415113226, 'train_learning_rate': 0.003773001716222235, 'train_lr_reduce': 0.6}. Best is trial 156 with value: 0.33254924416542053.
[I 2024-12-19 08:07:39,365] Trial 930 finished with value: 0.8642767667770386 and parameters: {'mlp_n_layers': 4, 'mlp_dim_00': 370, 'mlp_dim_01': 99, 'mlp_dim_02': 358, 'mlp_dim_03': 113, 'node_hidden_dim': 83, 'edge_hidden_dim': 70, 'depth': 2, 'rep_dropout': 0.06538254563823846, 'train_learning_rate': 0.009042475226434787, 'train_lr_reduce': 0.6}. Best is trial 156 with value: 0.33254924416542053.
[I 2024-12-19 08:07:41,486] Trial 931 finished with value: 1.5784990787506104 and parameters: {'mlp_n_layers': 4, 'mlp_dim_00': 481, 'mlp_dim_01': 285, 'mlp_dim_02': 392, 'mlp_dim_03': 64, 'node_hidden_dim': 50, 'edge_hidden_dim': 127, 'depth': 3, 'rep_dropout': 0.2469535097054863, 'train_learning_rate': 0.0001675439348287093, 'train_lr_reduce': 0.6}. Best is trial 156 with value: 0.33254924416542053.
[I 2024-12-19 08:07:43,200] Trial 928 finished with value: 0.39556995034217834 and parameters: {'mlp_n_layers': 3, 'mlp_dim_00': 507, 'mlp_dim_01': 89, 'mlp_dim_02': 371, 'node_hidden_dim': 84, 'edge_hidden_dim': 71, 'depth': 2, 'rep_dropout': 0.10501575842424352, 'train_learning_rate': 0.0049564879209776464, 'train_lr_reduce': 0.6}. Best is trial 156 with value: 0.33254924416542053.
[I 2024-12-19 08:07:43,493] Trial 932 finished with value: 1.472521424293518 and parameters: {'mlp_n_layers': 3, 'mlp_dim_00': 450, 'mlp_dim_01': 87, 'mlp_dim_02': 321, 'node_hidden_dim': 117, 'edge_hidden_dim': 76, 'depth': 2, 'rep_dropout': 0.13167208943504033, 'train_learning_rate': 0.001971053280191431, 'train_lr_reduce': 0.6}. Best is trial 156 with value: 0.33254924416542053.
[I 2024-12-19 08:07:47,803] Trial 935 finished with value: 1.2881847620010376 and parameters: {'mlp_n_layers': 3, 'mlp_dim_00': 486, 'mlp_dim_01': 160, 'mlp_dim_02': 350, 'node_hidden_dim': 78, 'edge_hidden_dim': 60, 'depth': 2, 'rep_dropout': 0.029003994533601384, 'train_learning_rate': 0.005947945845663793, 'train_lr_reduce': 0.6}. Best is trial 156 with value: 0.33254924416542053.
[I 2024-12-19 08:07:47,823] Trial 934 finished with value: 1.5198227167129517 and parameters: {'mlp_n_layers': 4, 'mlp_dim_00': 420, 'mlp_dim_01': 83, 'mlp_dim_02': 362, 'mlp_dim_03': 111, 'node_hidden_dim': 71, 'edge_hidden_dim': 52, 'depth': 2, 'rep_dropout': 0.10645626119092197, 'train_learning_rate': 0.0054229138017681715, 'train_lr_reduce': 0.6}. Best is trial 156 with value: 0.33254924416542053.
[I 2024-12-19 08:07:52,455] Trial 933 finished with value: 1.3623020648956299 and parameters: {'mlp_n_layers': 4, 'mlp_dim_00': 411, 'mlp_dim_01': 207, 'mlp_dim_02': 354, 'mlp_dim_03': 105, 'node_hidden_dim': 85, 'edge_hidden_dim': 59, 'depth': 3, 'rep_dropout': 0.08187178894929184, 'train_learning_rate': 0.002422276550871532, 'train_lr_reduce': 0.6}. Best is trial 156 with value: 0.33254924416542053.
[I 2024-12-19 08:07:53,138] Trial 937 finished with value: 1.2831255197525024 and parameters: {'mlp_n_layers': 3, 'mlp_dim_00': 455, 'mlp_dim_01': 104, 'mlp_dim_02': 367, 'node_hidden_dim': 95, 'edge_hidden_dim': 82, 'depth': 2, 'rep_dropout': 0.08719485328485904, 'train_learning_rate': 0.006573492821621071, 'train_lr_reduce': 0.6}. Best is trial 156 with value: 0.33254924416542053.
[I 2024-12-19 08:07:58,767] Trial 939 finished with value: 1.5510402917861938 and parameters: {'mlp_n_layers': 4, 'mlp_dim_00': 497, 'mlp_dim_01': 78, 'mlp_dim_02': 322, 'mlp_dim_03': 117, 'node_hidden_dim': 77, 'edge_hidden_dim': 45, 'depth': 3, 'rep_dropout': 0.14230302933682265, 'train_learning_rate': 0.004365422759617811, 'train_lr_reduce': 0.6}. Best is trial 156 with value: 0.33254924416542053.
[I 2024-12-19 08:07:59,901] Trial 938 finished with value: 1.4514025449752808 and parameters: {'mlp_n_layers': 4, 'mlp_dim_00': 446, 'mlp_dim_01': 162, 'mlp_dim_02': 321, 'mlp_dim_03': 64, 'node_hidden_dim': 80, 'edge_hidden_dim': 61, 'depth': 2, 'rep_dropout': 0.078349888675196, 'train_learning_rate': 0.003444502723364726, 'train_lr_reduce': 0.6}. Best is trial 156 with value: 0.33254924416542053.
[I 2024-12-19 08:08:04,230] Trial 940 finished with value: 1.4966524839401245 and parameters: {'mlp_n_layers': 3, 'mlp_dim_00': 458, 'mlp_dim_01': 285, 'mlp_dim_02': 326, 'node_hidden_dim': 98, 'edge_hidden_dim': 75, 'depth': 2, 'rep_dropout': 0.11211954618687706, 'train_learning_rate': 0.0013821217202010345, 'train_lr_reduce': 0.6}. Best is trial 156 with value: 0.33254924416542053.
[I 2024-12-19 08:08:06,112] Trial 936 finished with value: 0.34155136346817017 and parameters: {'mlp_n_layers': 3, 'mlp_dim_00': 412, 'mlp_dim_01': 94, 'mlp_dim_02': 353, 'node_hidden_dim': 60, 'edge_hidden_dim': 89, 'depth': 2, 'rep_dropout': 0.10817862867911304, 'train_learning_rate': 0.0052631194601604776, 'train_lr_reduce': 0.6}. Best is trial 156 with value: 0.33254924416542053.
[I 2024-12-19 08:08:08,945] Trial 942 finished with value: 1.337536334991455 and parameters: {'mlp_n_layers': 3, 'mlp_dim_00': 286, 'mlp_dim_01': 264, 'mlp_dim_02': 316, 'node_hidden_dim': 41, 'edge_hidden_dim': 94, 'depth': 4, 'rep_dropout': 0.045302245926848395, 'train_learning_rate': 0.0055691740680830016, 'train_lr_reduce': 0.6}. Best is trial 156 with value: 0.33254924416542053.
