[I 2024-12-24 19:50:57,348] Trial 546 finished with value: 0.011279161088168621 and parameters: {'L1_hidden_dim': 240, 'L1_layers_atom': 3, 'L1_layers_mol': 4, 'L1_dropout': 0.04233504098612028, 'L1_out_dim': 32, 'L2_hidden_dim': 80, 'L2_layers_atom': 2, 'L2_layers_mol': 1, 'L2_out_dim': 32, 'L2_dropout': 0.14121558253199304, 'L3_hidden_dim': 64, 'L3_layers_atom': 4, 'L3_layers_mol': 1, 'L3_out_dim': 112, 'L3_dropout': 0.2445256375081494, 'n_mlp_layers': 1, 'mlp_dim_0': 72, 'num_heads': 2, 'final_dropout': 0.07009874853568654, 'train_learning_rate': 0.0005451116072729494, 'train_lr_reduce': 0.6}. Best is trial 236 with value: 0.009785382077097893.
[I 2024-12-24 19:51:08,068] Trial 545 finished with value: 0.011017825454473495 and parameters: {'L1_hidden_dim': 176, 'L1_layers_atom': 3, 'L1_layers_mol': 2, 'L1_dropout': 0.03441621704438006, 'L1_out_dim': 48, 'L2_hidden_dim': 224, 'L2_layers_atom': 4, 'L2_layers_mol': 1, 'L2_out_dim': 80, 'L2_dropout': 0.03917652737080689, 'L3_hidden_dim': 112, 'L3_layers_atom': 3, 'L3_layers_mol': 4, 'L3_out_dim': 128, 'L3_dropout': 0.23489115283984094, 'n_mlp_layers': 2, 'mlp_dim_0': 496, 'mlp_dim_1': 224, 'num_heads': 2, 'final_dropout': 0.060612155704243054, 'train_learning_rate': 0.0005238707724728184, 'train_lr_reduce': 0.6}. Best is trial 236 with value: 0.009785382077097893.
[I 2024-12-24 19:51:13,918] Trial 544 finished with value: 0.01108254212886095 and parameters: {'L1_hidden_dim': 192, 'L1_layers_atom': 3, 'L1_layers_mol': 3, 'L1_dropout': 0.00990943543864425, 'L1_out_dim': 48, 'L2_hidden_dim': 128, 'L2_layers_atom': 3, 'L2_layers_mol': 1, 'L2_out_dim': 32, 'L2_dropout': 0.09373301404927936, 'L3_hidden_dim': 112, 'L3_layers_atom': 3, 'L3_layers_mol': 2, 'L3_out_dim': 112, 'L3_dropout': 0.24979803825654617, 'n_mlp_layers': 1, 'mlp_dim_0': 336, 'num_heads': 2, 'final_dropout': 0.060926318183981754, 'train_learning_rate': 0.0002743623938452187, 'train_lr_reduce': 0.6}. Best is trial 236 with value: 0.009785382077097893.
[I 2024-12-24 19:52:57,526] Trial 548 finished with value: 0.014619408175349236 and parameters: {'L1_hidden_dim': 160, 'L1_layers_atom': 3, 'L1_layers_mol': 4, 'L1_dropout': 0.04410111232135884, 'L1_out_dim': 32, 'L2_hidden_dim': 128, 'L2_layers_atom': 3, 'L2_layers_mol': 2, 'L2_out_dim': 48, 'L2_dropout': 0.0946814648838626, 'L3_hidden_dim': 112, 'L3_layers_atom': 4, 'L3_layers_mol': 1, 'L3_out_dim': 96, 'L3_dropout': 0.27828966362475344, 'n_mlp_layers': 1, 'mlp_dim_0': 392, 'num_heads': 2, 'final_dropout': 0.1883994905963915, 'train_learning_rate': 0.002569559227652835, 'train_lr_reduce': 0.6}. Best is trial 236 with value: 0.009785382077097893.
[I 2024-12-24 19:53:06,000] Trial 547 finished with value: 0.0123069379478693 and parameters: {'L1_hidden_dim': 224, 'L1_layers_atom': 3, 'L1_layers_mol': 4, 'L1_dropout': 0.02232218083101754, 'L1_out_dim': 32, 'L2_hidden_dim': 176, 'L2_layers_atom': 4, 'L2_layers_mol': 2, 'L2_out_dim': 32, 'L2_dropout': 0.08991424415532309, 'L3_hidden_dim': 96, 'L3_layers_atom': 4, 'L3_layers_mol': 2, 'L3_out_dim': 112, 'L3_dropout': 0.1933219663493726, 'n_mlp_layers': 1, 'mlp_dim_0': 232, 'num_heads': 1, 'final_dropout': 0.18092476768079208, 'train_learning_rate': 0.0005989306823053587, 'train_lr_reduce': 0.6}. Best is trial 236 with value: 0.009785382077097893.
[I 2024-12-24 19:54:01,699] Trial 549 finished with value: 0.010438363067805767 and parameters: {'L1_hidden_dim': 208, 'L1_layers_atom': 2, 'L1_layers_mol': 4, 'L1_dropout': 0.010583368144784359, 'L1_out_dim': 64, 'L2_hidden_dim': 112, 'L2_layers_atom': 3, 'L2_layers_mol': 1, 'L2_out_dim': 48, 'L2_dropout': 0.12401918848014026, 'L3_hidden_dim': 96, 'L3_layers_atom': 3, 'L3_layers_mol': 1, 'L3_out_dim': 128, 'L3_dropout': 0.2760088736715637, 'n_mlp_layers': 1, 'mlp_dim_0': 264, 'num_heads': 2, 'final_dropout': 0.22651192185741625, 'train_learning_rate': 0.0003157369609212548, 'train_lr_reduce': 0.6}. Best is trial 236 with value: 0.009785382077097893.
[I 2024-12-24 19:55:55,125] Trial 551 finished with value: 0.012978784739971161 and parameters: {'L1_hidden_dim': 160, 'L1_layers_atom': 4, 'L1_layers_mol': 4, 'L1_dropout': 0.04019968486160978, 'L1_out_dim': 32, 'L2_hidden_dim': 144, 'L2_layers_atom': 4, 'L2_layers_mol': 2, 'L2_out_dim': 32, 'L2_dropout': 0.04468659186172719, 'L3_hidden_dim': 128, 'L3_layers_atom': 3, 'L3_layers_mol': 1, 'L3_out_dim': 96, 'L3_dropout': 0.24150480839205374, 'n_mlp_layers': 2, 'mlp_dim_0': 408, 'mlp_dim_1': 512, 'num_heads': 2, 'final_dropout': 0.13077269873617534, 'train_learning_rate': 0.003383478367921597, 'train_lr_reduce': 0.6}. Best is trial 236 with value: 0.009785382077097893.
[I 2024-12-24 19:56:02,461] Trial 550 finished with value: 0.011201702058315277 and parameters: {'L1_hidden_dim': 256, 'L1_layers_atom': 3, 'L1_layers_mol': 4, 'L1_dropout': 0.06058109954571177, 'L1_out_dim': 96, 'L2_hidden_dim': 176, 'L2_layers_atom': 2, 'L2_layers_mol': 3, 'L2_out_dim': 32, 'L2_dropout': 0.02341572702037112, 'L3_hidden_dim': 32, 'L3_layers_atom': 3, 'L3_layers_mol': 4, 'L3_out_dim': 112, 'L3_dropout': 0.2737034838957277, 'n_mlp_layers': 3, 'mlp_dim_0': 32, 'mlp_dim_1': 216, 'mlp_dim_2': 216, 'num_heads': 2, 'final_dropout': 0.1370680937127598, 'train_learning_rate': 0.0008503274657621357, 'train_lr_reduce': 0.6}. Best is trial 236 with value: 0.009785382077097893.
[I 2024-12-24 19:56:22,748] Trial 552 finished with value: 0.01329262275248766 and parameters: {'L1_hidden_dim': 208, 'L1_layers_atom': 2, 'L1_layers_mol': 4, 'L1_dropout': 0.0683363485572321, 'L1_out_dim': 80, 'L2_hidden_dim': 80, 'L2_layers_atom': 3, 'L2_layers_mol': 1, 'L2_out_dim': 32, 'L2_dropout': 0.18020009432500214, 'L3_hidden_dim': 112, 'L3_layers_atom': 4, 'L3_layers_mol': 1, 'L3_out_dim': 112, 'L3_dropout': 0.2671837481302668, 'n_mlp_layers': 2, 'mlp_dim_0': 232, 'mlp_dim_1': 32, 'num_heads': 2, 'final_dropout': 0.2411421276344082, 'train_learning_rate': 0.0002474091046518332, 'train_lr_reduce': 0.6}. Best is trial 236 with value: 0.009785382077097893.
[I 2024-12-24 19:58:11,904] Trial 554 finished with value: 0.012911607511341572 and parameters: {'L1_hidden_dim': 160, 'L1_layers_atom': 3, 'L1_layers_mol': 3, 'L1_dropout': 0.015228142373242892, 'L1_out_dim': 32, 'L2_hidden_dim': 160, 'L2_layers_atom': 4, 'L2_layers_mol': 1, 'L2_out_dim': 32, 'L2_dropout': 0.13970918015341025, 'L3_hidden_dim': 96, 'L3_layers_atom': 3, 'L3_layers_mol': 1, 'L3_out_dim': 128, 'L3_dropout': 0.27251096867542546, 'n_mlp_layers': 1, 'mlp_dim_0': 224, 'num_heads': 2, 'final_dropout': 0.10171006860894713, 'train_learning_rate': 0.0033183828765528493, 'train_lr_reduce': 0.6}. Best is trial 236 with value: 0.009785382077097893.
[I 2024-12-24 19:58:15,256] Trial 555 finished with value: 0.011606658808887005 and parameters: {'L1_hidden_dim': 240, 'L1_layers_atom': 2, 'L1_layers_mol': 3, 'L1_dropout': 0.0920548941151055, 'L1_out_dim': 32, 'L2_hidden_dim': 128, 'L2_layers_atom': 3, 'L2_layers_mol': 1, 'L2_out_dim': 64, 'L2_dropout': 0.0755482455384617, 'L3_hidden_dim': 96, 'L3_layers_atom': 2, 'L3_layers_mol': 1, 'L3_out_dim': 112, 'L3_dropout': 0.18815314869172234, 'n_mlp_layers': 1, 'mlp_dim_0': 304, 'num_heads': 2, 'final_dropout': 0.17434776085447573, 'train_learning_rate': 0.00037418636422431774, 'train_lr_reduce': 0.6}. Best is trial 236 with value: 0.009785382077097893.
[I 2024-12-24 19:58:15,716] Trial 553 finished with value: 0.012798462063074112 and parameters: {'L1_hidden_dim': 224, 'L1_layers_atom': 1, 'L1_layers_mol': 3, 'L1_dropout': 0.0695843634481167, 'L1_out_dim': 48, 'L2_hidden_dim': 96, 'L2_layers_atom': 2, 'L2_layers_mol': 1, 'L2_out_dim': 48, 'L2_dropout': 0.08212593037291298, 'L3_hidden_dim': 80, 'L3_layers_atom': 4, 'L3_layers_mol': 1, 'L3_out_dim': 96, 'L3_dropout': 0.28644101006603245, 'n_mlp_layers': 1, 'mlp_dim_0': 288, 'num_heads': 2, 'final_dropout': 0.11569320547998324, 'train_learning_rate': 0.0021897736348443367, 'train_lr_reduce': 0.6}. Best is trial 236 with value: 0.009785382077097893.
[I 2024-12-24 20:00:53,342] Trial 558 finished with value: 0.01099991425871849 and parameters: {'L1_hidden_dim': 224, 'L1_layers_atom': 4, 'L1_layers_mol': 3, 'L1_dropout': 0.046384811548736415, 'L1_out_dim': 80, 'L2_hidden_dim': 160, 'L2_layers_atom': 3, 'L2_layers_mol': 1, 'L2_out_dim': 32, 'L2_dropout': 0.22068498725052604, 'L3_hidden_dim': 128, 'L3_layers_atom': 2, 'L3_layers_mol': 4, 'L3_out_dim': 96, 'L3_dropout': 0.21846293465699385, 'n_mlp_layers': 1, 'mlp_dim_0': 144, 'num_heads': 2, 'final_dropout': 0.2588720184878434, 'train_learning_rate': 0.0005472092194878796, 'train_lr_reduce': 0.6}. Best is trial 236 with value: 0.009785382077097893.
[I 2024-12-24 20:01:01,793] Trial 556 finished with value: 0.011114388704299927 and parameters: {'L1_hidden_dim': 176, 'L1_layers_atom': 2, 'L1_layers_mol': 4, 'L1_dropout': 0.019381924582968918, 'L1_out_dim': 96, 'L2_hidden_dim': 112, 'L2_layers_atom': 3, 'L2_layers_mol': 1, 'L2_out_dim': 48, 'L2_dropout': 0.11430683675960855, 'L3_hidden_dim': 80, 'L3_layers_atom': 3, 'L3_layers_mol': 2, 'L3_out_dim': 112, 'L3_dropout': 0.25686552243964395, 'n_mlp_layers': 1, 'mlp_dim_0': 384, 'num_heads': 2, 'final_dropout': 0.23929229748107306, 'train_learning_rate': 0.00047555596279131343, 'train_lr_reduce': 0.6}. Best is trial 236 with value: 0.009785382077097893.
[I 2024-12-24 20:01:09,284] Trial 557 finished with value: 0.009744420647621155 and parameters: {'L1_hidden_dim': 240, 'L1_layers_atom': 3, 'L1_layers_mol': 4, 'L1_dropout': 0.003600816209247712, 'L1_out_dim': 48, 'L2_hidden_dim': 112, 'L2_layers_atom': 3, 'L2_layers_mol': 1, 'L2_out_dim': 32, 'L2_dropout': 0.05730801556535597, 'L3_hidden_dim': 80, 'L3_layers_atom': 4, 'L3_layers_mol': 1, 'L3_out_dim': 128, 'L3_dropout': 0.2764545463492465, 'n_mlp_layers': 1, 'mlp_dim_0': 416, 'num_heads': 2, 'final_dropout': 0.10182032913168745, 'train_learning_rate': 0.0007638996605131749, 'train_lr_reduce': 0.6}. Best is trial 557 with value: 0.009744420647621155.
[I 2024-12-24 20:03:20,614] Trial 559 finished with value: 0.010839522816240788 and parameters: {'L1_hidden_dim': 224, 'L1_layers_atom': 3, 'L1_layers_mol': 4, 'L1_dropout': 0.022907222058533704, 'L1_out_dim': 48, 'L2_hidden_dim': 144, 'L2_layers_atom': 4, 'L2_layers_mol': 1, 'L2_out_dim': 32, 'L2_dropout': 0.05147744796632442, 'L3_hidden_dim': 112, 'L3_layers_atom': 3, 'L3_layers_mol': 2, 'L3_out_dim': 112, 'L3_dropout': 0.273143532602401, 'n_mlp_layers': 1, 'mlp_dim_0': 320, 'num_heads': 2, 'final_dropout': 0.15811134677741034, 'train_learning_rate': 0.0013206796329897374, 'train_lr_reduce': 0.6}. Best is trial 557 with value: 0.009744420647621155.
[I 2024-12-24 20:03:20,663] Trial 561 finished with value: 0.012690616771578789 and parameters: {'L1_hidden_dim': 256, 'L1_layers_atom': 1, 'L1_layers_mol': 4, 'L1_dropout': 0.07947266947113316, 'L1_out_dim': 32, 'L2_hidden_dim': 96, 'L2_layers_atom': 3, 'L2_layers_mol': 1, 'L2_out_dim': 80, 'L2_dropout': 0.07388430525573952, 'L3_hidden_dim': 128, 'L3_layers_atom': 4, 'L3_layers_mol': 1, 'L3_out_dim': 128, 'L3_dropout': 0.2239746763191678, 'n_mlp_layers': 1, 'mlp_dim_0': 144, 'num_heads': 2, 'final_dropout': 0.08889812021849738, 'train_learning_rate': 0.00026211730916378775, 'train_lr_reduce': 0.6}. Best is trial 557 with value: 0.009744420647621155.
[I 2024-12-24 20:04:22,835] Trial 560 finished with value: 0.014816392213106155 and parameters: {'L1_hidden_dim': 224, 'L1_layers_atom': 4, 'L1_layers_mol': 4, 'L1_dropout': 0.04930454542407189, 'L1_out_dim': 64, 'L2_hidden_dim': 96, 'L2_layers_atom': 3, 'L2_layers_mol': 3, 'L2_out_dim': 48, 'L2_dropout': 0.12906524438894984, 'L3_hidden_dim': 96, 'L3_layers_atom': 2, 'L3_layers_mol': 4, 'L3_out_dim': 128, 'L3_dropout': 0.2830239837848605, 'n_mlp_layers': 2, 'mlp_dim_0': 224, 'mlp_dim_1': 248, 'num_heads': 2, 'final_dropout': 0.15901743750408875, 'train_learning_rate': 0.0006095752454179914, 'train_lr_reduce': 0.6}. Best is trial 557 with value: 0.009744420647621155.
[I 2024-12-24 20:05:24,539] Trial 562 finished with value: 0.00998716615140438 and parameters: {'L1_hidden_dim': 128, 'L1_layers_atom': 3, 'L1_layers_mol': 2, 'L1_dropout': 0.012416239808634254, 'L1_out_dim': 48, 'L2_hidden_dim': 80, 'L2_layers_atom': 4, 'L2_layers_mol': 1, 'L2_out_dim': 112, 'L2_dropout': 0.07609702932250326, 'L3_hidden_dim': 96, 'L3_layers_atom': 4, 'L3_layers_mol': 1, 'L3_out_dim': 128, 'L3_dropout': 0.2985081717934919, 'n_mlp_layers': 1, 'mlp_dim_0': 184, 'num_heads': 1, 'final_dropout': 0.10721460547197952, 'train_learning_rate': 0.00097567700973396, 'train_lr_reduce': 0.6}. Best is trial 557 with value: 0.009744420647621155.
[I 2024-12-24 20:06:17,487] Trial 563 finished with value: 0.011006825603544712 and parameters: {'L1_hidden_dim': 224, 'L1_layers_atom': 2, 'L1_layers_mol': 4, 'L1_dropout': 0.012860840592431273, 'L1_out_dim': 48, 'L2_hidden_dim': 96, 'L2_layers_atom': 2, 'L2_layers_mol': 2, 'L2_out_dim': 48, 'L2_dropout': 0.058545757718400454, 'L3_hidden_dim': 80, 'L3_layers_atom': 4, 'L3_layers_mol': 2, 'L3_out_dim': 128, 'L3_dropout': 0.2902004985732628, 'n_mlp_layers': 1, 'mlp_dim_0': 232, 'num_heads': 2, 'final_dropout': 0.21602435623397798, 'train_learning_rate': 0.00045766956849214514, 'train_lr_reduce': 0.6}. Best is trial 557 with value: 0.009744420647621155.
[I 2024-12-24 20:06:58,165] Trial 564 finished with value: 0.010589942336082458 and parameters: {'L1_hidden_dim': 240, 'L1_layers_atom': 3, 'L1_layers_mol': 4, 'L1_dropout': 0.015436516707323215, 'L1_out_dim': 64, 'L2_hidden_dim': 80, 'L2_layers_atom': 2, 'L2_layers_mol': 1, 'L2_out_dim': 64, 'L2_dropout': 0.01652594851228676, 'L3_hidden_dim': 64, 'L3_layers_atom': 3, 'L3_layers_mol': 2, 'L3_out_dim': 128, 'L3_dropout': 0.2893107045040076, 'n_mlp_layers': 1, 'mlp_dim_0': 464, 'num_heads': 2, 'final_dropout': 0.07223819433985784, 'train_learning_rate': 0.0014305344837441984, 'train_lr_reduce': 0.6}. Best is trial 557 with value: 0.009744420647621155.
[I 2024-12-24 20:08:16,118] Trial 565 finished with value: 0.013072540052235126 and parameters: {'L1_hidden_dim': 240, 'L1_layers_atom': 2, 'L1_layers_mol': 4, 'L1_dropout': 0.01208932067218833, 'L1_out_dim': 80, 'L2_hidden_dim': 160, 'L2_layers_atom': 2, 'L2_layers_mol': 4, 'L2_out_dim': 96, 'L2_dropout': 0.06603415096672355, 'L3_hidden_dim': 32, 'L3_layers_atom': 2, 'L3_layers_mol': 1, 'L3_out_dim': 80, 'L3_dropout': 0.27372438086109113, 'n_mlp_layers': 3, 'mlp_dim_0': 352, 'mlp_dim_1': 32, 'mlp_dim_2': 304, 'num_heads': 2, 'final_dropout': 0.26924074806503717, 'train_learning_rate': 0.007257419060232695, 'train_lr_reduce': 0.6}. Best is trial 557 with value: 0.009744420647621155.
[I 2024-12-24 20:08:46,184] Trial 566 finished with value: 0.018794210627675056 and parameters: {'L1_hidden_dim': 208, 'L1_layers_atom': 3, 'L1_layers_mol': 4, 'L1_dropout': 0.03727924935392108, 'L1_out_dim': 64, 'L2_hidden_dim': 80, 'L2_layers_atom': 4, 'L2_layers_mol': 1, 'L2_out_dim': 64, 'L2_dropout': 0.14079471740964686, 'L3_hidden_dim': 96, 'L3_layers_atom': 3, 'L3_layers_mol': 1, 'L3_out_dim': 112, 'L3_dropout': 0.2333795709060441, 'n_mlp_layers': 1, 'mlp_dim_0': 240, 'num_heads': 2, 'final_dropout': 0.1971965969260989, 'train_learning_rate': 0.0002273860668341943, 'train_lr_reduce': 0.6}. Best is trial 557 with value: 0.009744420647621155.
[I 2024-12-24 20:09:25,546] Trial 567 finished with value: 0.011247898451983929 and parameters: {'L1_hidden_dim': 208, 'L1_layers_atom': 2, 'L1_layers_mol': 4, 'L1_dropout': 0.0780474790187749, 'L1_out_dim': 48, 'L2_hidden_dim': 192, 'L2_layers_atom': 4, 'L2_layers_mol': 1, 'L2_out_dim': 32, 'L2_dropout': 0.11658627940239828, 'L3_hidden_dim': 64, 'L3_layers_atom': 4, 'L3_layers_mol': 1, 'L3_out_dim': 96, 'L3_dropout': 0.2537510822617631, 'n_mlp_layers': 1, 'mlp_dim_0': 160, 'num_heads': 2, 'final_dropout': 0.14752875704387347, 'train_learning_rate': 0.0008338069064675028, 'train_lr_reduce': 0.6}. Best is trial 557 with value: 0.009744420647621155.
[I 2024-12-24 20:09:45,248] Trial 568 finished with value: 0.01177807617932558 and parameters: {'L1_hidden_dim': 112, 'L1_layers_atom': 3, 'L1_layers_mol': 3, 'L1_dropout': 0.023049384738232773, 'L1_out_dim': 64, 'L2_hidden_dim': 128, 'L2_layers_atom': 3, 'L2_layers_mol': 1, 'L2_out_dim': 96, 'L2_dropout': 0.07017699342570671, 'L3_hidden_dim': 112, 'L3_layers_atom': 4, 'L3_layers_mol': 2, 'L3_out_dim': 112, 'L3_dropout': 0.2886765800676882, 'n_mlp_layers': 1, 'mlp_dim_0': 136, 'num_heads': 1, 'final_dropout': 0.1167242231362522, 'train_learning_rate': 0.0010460019562963815, 'train_lr_reduce': 0.6}. Best is trial 557 with value: 0.009744420647621155.
[I 2024-12-24 20:10:20,175] Trial 569 finished with value: 0.01694822870194912 and parameters: {'L1_hidden_dim': 112, 'L1_layers_atom': 2, 'L1_layers_mol': 1, 'L1_dropout': 0.06409091558633631, 'L1_out_dim': 64, 'L2_hidden_dim': 80, 'L2_layers_atom': 4, 'L2_layers_mol': 2, 'L2_out_dim': 112, 'L2_dropout': 0.04283698823423789, 'L3_hidden_dim': 80, 'L3_layers_atom': 3, 'L3_layers_mol': 1, 'L3_out_dim': 112, 'L3_dropout': 0.24958989160883627, 'n_mlp_layers': 1, 'mlp_dim_0': 192, 'num_heads': 1, 'final_dropout': 0.11569696361521159, 'train_learning_rate': 0.0006675792577246501, 'train_lr_reduce': 0.6}. Best is trial 557 with value: 0.009744420647621155.
[I 2024-12-24 20:11:09,779] Trial 572 finished with value: 0.07699137181043625 and parameters: {'L1_hidden_dim': 256, 'L1_layers_atom': 4, 'L1_layers_mol': 4, 'L1_dropout': 0.16203920898643087, 'L1_out_dim': 64, 'L2_hidden_dim': 176, 'L2_layers_atom': 4, 'L2_layers_mol': 4, 'L2_out_dim': 32, 'L2_dropout': 0.034874093739577124, 'L3_hidden_dim': 128, 'L3_layers_atom': 3, 'L3_layers_mol': 3, 'L3_out_dim': 128, 'L3_dropout': 0.179650631299701, 'n_mlp_layers': 3, 'mlp_dim_0': 288, 'mlp_dim_1': 40, 'mlp_dim_2': 336, 'num_heads': 2, 'final_dropout': 0.2960945383551314, 'train_learning_rate': 0.0019430675325836995, 'train_lr_reduce': 0.6}. Best is trial 557 with value: 0.009744420647621155.
[I 2024-12-24 20:12:07,304] Trial 570 finished with value: 0.00952998548746109 and parameters: {'L1_hidden_dim': 256, 'L1_layers_atom': 3, 'L1_layers_mol': 4, 'L1_dropout': 0.0161284765936203, 'L1_out_dim': 64, 'L2_hidden_dim': 112, 'L2_layers_atom': 3, 'L2_layers_mol': 1, 'L2_out_dim': 32, 'L2_dropout': 0.001926859978016504, 'L3_hidden_dim': 80, 'L3_layers_atom': 4, 'L3_layers_mol': 1, 'L3_out_dim': 128, 'L3_dropout': 0.22086108786458736, 'n_mlp_layers': 1, 'mlp_dim_0': 416, 'num_heads': 2, 'final_dropout': 0.05646004755851933, 'train_learning_rate': 0.0014607776031813561, 'train_lr_reduce': 0.6}. Best is trial 570 with value: 0.00952998548746109.
[I 2024-12-24 20:12:09,309] Trial 571 finished with value: 0.011303993873298168 and parameters: {'L1_hidden_dim': 176, 'L1_layers_atom': 2, 'L1_layers_mol': 4, 'L1_dropout': 0.031577042053501474, 'L1_out_dim': 48, 'L2_hidden_dim': 96, 'L2_layers_atom': 2, 'L2_layers_mol': 1, 'L2_out_dim': 96, 'L2_dropout': 0.08145488707361365, 'L3_hidden_dim': 64, 'L3_layers_atom': 3, 'L3_layers_mol': 2, 'L3_out_dim': 80, 'L3_dropout': 0.2995099676226775, 'n_mlp_layers': 1, 'mlp_dim_0': 96, 'num_heads': 2, 'final_dropout': 0.02542005471047014, 'train_learning_rate': 0.0005241551162369102, 'train_lr_reduce': 0.6}. Best is trial 570 with value: 0.00952998548746109.
[I 2024-12-24 20:12:57,970] Trial 573 finished with value: 0.012302778661251068 and parameters: {'L1_hidden_dim': 176, 'L1_layers_atom': 2, 'L1_layers_mol': 4, 'L1_dropout': 0.019197668678874683, 'L1_out_dim': 32, 'L2_hidden_dim': 80, 'L2_layers_atom': 4, 'L2_layers_mol': 1, 'L2_out_dim': 32, 'L2_dropout': 0.0760488524953396, 'L3_hidden_dim': 80, 'L3_layers_atom': 3, 'L3_layers_mol': 1, 'L3_out_dim': 128, 'L3_dropout': 0.2949309546363489, 'n_mlp_layers': 1, 'mlp_dim_0': 64, 'num_heads': 2, 'final_dropout': 0.11282573200640016, 'train_learning_rate': 0.0004975716805899924, 'train_lr_reduce': 0.6}. Best is trial 570 with value: 0.00952998548746109.
[I 2024-12-24 20:15:02,408] Trial 576 finished with value: 0.011563129723072052 and parameters: {'L1_hidden_dim': 256, 'L1_layers_atom': 4, 'L1_layers_mol': 3, 'L1_dropout': 0.08385650433281483, 'L1_out_dim': 64, 'L2_hidden_dim': 96, 'L2_layers_atom': 4, 'L2_layers_mol': 1, 'L2_out_dim': 48, 'L2_dropout': 0.03419239027787448, 'L3_hidden_dim': 80, 'L3_layers_atom': 4, 'L3_layers_mol': 2, 'L3_out_dim': 128, 'L3_dropout': 0.1463180977646154, 'n_mlp_layers': 1, 'mlp_dim_0': 448, 'num_heads': 2, 'final_dropout': 0.030779289886085883, 'train_learning_rate': 0.0017953891252272364, 'train_lr_reduce': 0.6}. Best is trial 570 with value: 0.00952998548746109.
[I 2024-12-24 20:15:28,132] Trial 575 finished with value: 0.01835448108613491 and parameters: {'L1_hidden_dim': 208, 'L1_layers_atom': 2, 'L1_layers_mol': 4, 'L1_dropout': 0.009460583737079708, 'L1_out_dim': 64, 'L2_hidden_dim': 96, 'L2_layers_atom': 1, 'L2_layers_mol': 1, 'L2_out_dim': 64, 'L2_dropout': 0.007974194992765292, 'L3_hidden_dim': 80, 'L3_layers_atom': 3, 'L3_layers_mol': 3, 'L3_out_dim': 128, 'L3_dropout': 0.297570093036017, 'n_mlp_layers': 1, 'mlp_dim_0': 360, 'num_heads': 2, 'final_dropout': 0.07450159529508558, 'train_learning_rate': 0.0029841838681935783, 'train_lr_reduce': 0.6}. Best is trial 570 with value: 0.00952998548746109.
[I 2024-12-24 20:15:32,653] Trial 574 finished with value: 0.012642055749893188 and parameters: {'L1_hidden_dim': 224, 'L1_layers_atom': 3, 'L1_layers_mol': 4, 'L1_dropout': 0.09116123536628076, 'L1_out_dim': 64, 'L2_hidden_dim': 96, 'L2_layers_atom': 3, 'L2_layers_mol': 1, 'L2_out_dim': 96, 'L2_dropout': 0.08039146113423595, 'L3_hidden_dim': 64, 'L3_layers_atom': 2, 'L3_layers_mol': 2, 'L3_out_dim': 112, 'L3_dropout': 0.2446032220313767, 'n_mlp_layers': 2, 'mlp_dim_0': 344, 'mlp_dim_1': 32, 'num_heads': 2, 'final_dropout': 0.10934691639351901, 'train_learning_rate': 0.0007767864216889577, 'train_lr_reduce': 0.6}. Best is trial 570 with value: 0.00952998548746109.
