[I 2024-12-19 07:55:35,129] Trial 610 finished with value: 1.4957796335220337 and parameters: {'mlp_n_layers': 3, 'mlp_dim_00': 124, 'mlp_dim_01': 196, 'mlp_dim_02': 108, 'node_hidden_dim': 71, 'edge_hidden_dim': 73, 'depth': 3, 'rep_dropout': 0.14699213358507798, 'train_learning_rate': 0.0001314675119410621, 'train_lr_reduce': 0.6}. Best is trial 156 with value: 0.33254924416542053.
[I 2024-12-19 07:55:39,614] Trial 612 finished with value: 1.3554073572158813 and parameters: {'mlp_n_layers': 4, 'mlp_dim_00': 473, 'mlp_dim_01': 292, 'mlp_dim_02': 141, 'mlp_dim_03': 219, 'node_hidden_dim': 126, 'edge_hidden_dim': 94, 'depth': 2, 'rep_dropout': 0.09241962542104482, 'train_learning_rate': 0.006532997947550092, 'train_lr_reduce': 0.6}. Best is trial 156 with value: 0.33254924416542053.
[I 2024-12-19 07:55:40,696] Trial 611 finished with value: 1.4310261011123657 and parameters: {'mlp_n_layers': 4, 'mlp_dim_00': 201, 'mlp_dim_01': 90, 'mlp_dim_02': 120, 'mlp_dim_03': 262, 'node_hidden_dim': 114, 'edge_hidden_dim': 107, 'depth': 2, 'rep_dropout': 0.11283173446547087, 'train_learning_rate': 0.002660276237840528, 'train_lr_reduce': 0.6}. Best is trial 156 with value: 0.33254924416542053.
[I 2024-12-19 07:55:41,110] Trial 609 finished with value: 0.43447792530059814 and parameters: {'mlp_n_layers': 4, 'mlp_dim_00': 240, 'mlp_dim_01': 103, 'mlp_dim_02': 120, 'mlp_dim_03': 233, 'node_hidden_dim': 126, 'edge_hidden_dim': 77, 'depth': 2, 'rep_dropout': 0.0286403954255853, 'train_learning_rate': 0.003430559128671951, 'train_lr_reduce': 0.6}. Best is trial 156 with value: 0.33254924416542053.
[I 2024-12-19 07:55:44,534] Trial 613 finished with value: 1.5767090320587158 and parameters: {'mlp_n_layers': 2, 'mlp_dim_00': 459, 'mlp_dim_01': 227, 'node_hidden_dim': 90, 'edge_hidden_dim': 64, 'depth': 2, 'rep_dropout': 0.12151008116688776, 'train_learning_rate': 0.00017996644711052814, 'train_lr_reduce': 0.6}. Best is trial 156 with value: 0.33254924416542053.
[I 2024-12-19 07:55:47,052] Trial 615 finished with value: 1.475112795829773 and parameters: {'mlp_n_layers': 4, 'mlp_dim_00': 167, 'mlp_dim_01': 100, 'mlp_dim_02': 287, 'mlp_dim_03': 216, 'node_hidden_dim': 107, 'edge_hidden_dim': 63, 'depth': 2, 'rep_dropout': 0.0042691182513948595, 'train_learning_rate': 0.005006346384471803, 'train_lr_reduce': 0.6}. Best is trial 156 with value: 0.33254924416542053.
[I 2024-12-19 07:55:49,432] Trial 616 finished with value: 1.3227348327636719 and parameters: {'mlp_n_layers': 2, 'mlp_dim_00': 381, 'mlp_dim_01': 389, 'node_hidden_dim': 54, 'edge_hidden_dim': 75, 'depth': 3, 'rep_dropout': 0.16182312050775816, 'train_learning_rate': 0.008340412909675764, 'train_lr_reduce': 0.6}. Best is trial 156 with value: 0.33254924416542053.
[I 2024-12-19 07:55:55,326] Trial 618 finished with value: 1.5905107259750366 and parameters: {'mlp_n_layers': 2, 'mlp_dim_00': 234, 'mlp_dim_01': 392, 'node_hidden_dim': 71, 'edge_hidden_dim': 120, 'depth': 4, 'rep_dropout': 0.2163945173087347, 'train_learning_rate': 0.00012620067807624582, 'train_lr_reduce': 0.6}. Best is trial 156 with value: 0.33254924416542053.
[I 2024-12-19 07:55:55,357] Trial 614 finished with value: 0.41203662753105164 and parameters: {'mlp_n_layers': 4, 'mlp_dim_00': 290, 'mlp_dim_01': 103, 'mlp_dim_02': 122, 'mlp_dim_03': 208, 'node_hidden_dim': 125, 'edge_hidden_dim': 91, 'depth': 2, 'rep_dropout': 0.07713761348165958, 'train_learning_rate': 0.00422731620274593, 'train_lr_reduce': 0.6}. Best is trial 156 with value: 0.33254924416542053.
[I 2024-12-19 07:56:00,157] Trial 620 finished with value: 1.3640973567962646 and parameters: {'mlp_n_layers': 4, 'mlp_dim_00': 147, 'mlp_dim_01': 85, 'mlp_dim_02': 120, 'mlp_dim_03': 216, 'node_hidden_dim': 119, 'edge_hidden_dim': 109, 'depth': 2, 'rep_dropout': 0.188036093516459, 'train_learning_rate': 0.005360853295577609, 'train_lr_reduce': 0.6}. Best is trial 156 with value: 0.33254924416542053.
[I 2024-12-19 07:56:01,449] Trial 617 finished with value: 1.178331732749939 and parameters: {'mlp_n_layers': 3, 'mlp_dim_00': 132, 'mlp_dim_01': 144, 'mlp_dim_02': 329, 'node_hidden_dim': 121, 'edge_hidden_dim': 86, 'depth': 2, 'rep_dropout': 0.062335468948768485, 'train_learning_rate': 0.0026987792061317025, 'train_lr_reduce': 0.6}. Best is trial 156 with value: 0.33254924416542053.
[I 2024-12-19 07:56:05,774] Trial 622 finished with value: 1.4598451852798462 and parameters: {'mlp_n_layers': 4, 'mlp_dim_00': 490, 'mlp_dim_01': 253, 'mlp_dim_02': 282, 'mlp_dim_03': 206, 'node_hidden_dim': 112, 'edge_hidden_dim': 115, 'depth': 2, 'rep_dropout': 0.17746443331292633, 'train_learning_rate': 0.007307071713844555, 'train_lr_reduce': 0.6}. Best is trial 156 with value: 0.33254924416542053.
[I 2024-12-19 07:56:06,930] Trial 619 finished with value: 1.12045156955719 and parameters: {'mlp_n_layers': 4, 'mlp_dim_00': 64, 'mlp_dim_01': 164, 'mlp_dim_02': 128, 'mlp_dim_03': 188, 'node_hidden_dim': 123, 'edge_hidden_dim': 107, 'depth': 2, 'rep_dropout': 0.08704267187177268, 'train_learning_rate': 0.002724545276699475, 'train_lr_reduce': 0.6}. Best is trial 156 with value: 0.33254924416542053.
[I 2024-12-19 07:56:10,361] Trial 623 finished with value: 1.5084320306777954 and parameters: {'mlp_n_layers': 2, 'mlp_dim_00': 69, 'mlp_dim_01': 340, 'node_hidden_dim': 92, 'edge_hidden_dim': 85, 'depth': 2, 'rep_dropout': 0.029999144555725814, 'train_learning_rate': 0.0021461265310105285, 'train_lr_reduce': 0.6}. Best is trial 156 with value: 0.33254924416542053.
[I 2024-12-19 07:56:13,182] Trial 624 finished with value: 1.5604335069656372 and parameters: {'mlp_n_layers': 2, 'mlp_dim_00': 184, 'mlp_dim_01': 101, 'node_hidden_dim': 45, 'edge_hidden_dim': 42, 'depth': 2, 'rep_dropout': 0.12227342838188437, 'train_learning_rate': 0.00013063722033427355, 'train_lr_reduce': 0.6}. Best is trial 156 with value: 0.33254924416542053.
[I 2024-12-19 07:56:15,029] Trial 621 finished with value: 0.4727969169616699 and parameters: {'mlp_n_layers': 4, 'mlp_dim_00': 64, 'mlp_dim_01': 122, 'mlp_dim_02': 446, 'mlp_dim_03': 227, 'node_hidden_dim': 104, 'edge_hidden_dim': 88, 'depth': 2, 'rep_dropout': 0.09733902823150434, 'train_learning_rate': 0.0058890870392663865, 'train_lr_reduce': 0.6}. Best is trial 156 with value: 0.33254924416542053.
[I 2024-12-19 07:56:15,034] Trial 625 finished with value: 1.4617124795913696 and parameters: {'mlp_n_layers': 4, 'mlp_dim_00': 360, 'mlp_dim_01': 131, 'mlp_dim_02': 409, 'mlp_dim_03': 217, 'node_hidden_dim': 118, 'edge_hidden_dim': 99, 'depth': 2, 'rep_dropout': 0.11666561730851459, 'train_learning_rate': 0.005408447860575247, 'train_lr_reduce': 0.6}. Best is trial 156 with value: 0.33254924416542053.
[I 2024-12-19 07:56:17,875] Trial 626 finished with value: 1.5587478876113892 and parameters: {'mlp_n_layers': 3, 'mlp_dim_00': 211, 'mlp_dim_01': 191, 'mlp_dim_02': 266, 'node_hidden_dim': 93, 'edge_hidden_dim': 69, 'depth': 3, 'rep_dropout': 0.00782100041964855, 'train_learning_rate': 0.001019175502147541, 'train_lr_reduce': 0.6}. Best is trial 156 with value: 0.33254924416542053.
[I 2024-12-19 07:56:20,338] Trial 627 finished with value: 1.283058762550354 and parameters: {'mlp_n_layers': 4, 'mlp_dim_00': 404, 'mlp_dim_01': 377, 'mlp_dim_02': 509, 'mlp_dim_03': 202, 'node_hidden_dim': 125, 'edge_hidden_dim': 117, 'depth': 2, 'rep_dropout': 0.1167881600518074, 'train_learning_rate': 0.007061772883606341, 'train_lr_reduce': 0.6}. Best is trial 156 with value: 0.33254924416542053.
[I 2024-12-19 07:56:22,576] Trial 629 finished with value: 1.365049958229065 and parameters: {'mlp_n_layers': 4, 'mlp_dim_00': 323, 'mlp_dim_01': 96, 'mlp_dim_02': 321, 'mlp_dim_03': 253, 'node_hidden_dim': 127, 'edge_hidden_dim': 82, 'depth': 2, 'rep_dropout': 0.056835462629184555, 'train_learning_rate': 0.008859431504942226, 'train_lr_reduce': 0.6}. Best is trial 156 with value: 0.33254924416542053.
[I 2024-12-19 07:56:23,384] Trial 628 finished with value: 1.417810082435608 and parameters: {'mlp_n_layers': 4, 'mlp_dim_00': 348, 'mlp_dim_01': 165, 'mlp_dim_02': 162, 'mlp_dim_03': 211, 'node_hidden_dim': 109, 'edge_hidden_dim': 105, 'depth': 2, 'rep_dropout': 0.0568327328010611, 'train_learning_rate': 0.0027792628030321445, 'train_lr_reduce': 0.6}. Best is trial 156 with value: 0.33254924416542053.
[I 2024-12-19 07:56:24,840] Trial 630 finished with value: 1.3333250284194946 and parameters: {'mlp_n_layers': 4, 'mlp_dim_00': 219, 'mlp_dim_01': 88, 'mlp_dim_02': 115, 'mlp_dim_03': 263, 'node_hidden_dim': 43, 'edge_hidden_dim': 74, 'depth': 2, 'rep_dropout': 0.17947963176161574, 'train_learning_rate': 0.00950406822012148, 'train_lr_reduce': 0.6}. Best is trial 156 with value: 0.33254924416542053.
[I 2024-12-19 07:56:27,739] Trial 631 finished with value: 1.4697808027267456 and parameters: {'mlp_n_layers': 4, 'mlp_dim_00': 488, 'mlp_dim_01': 64, 'mlp_dim_02': 243, 'mlp_dim_03': 181, 'node_hidden_dim': 128, 'edge_hidden_dim': 45, 'depth': 4, 'rep_dropout': 0.13829531966013267, 'train_learning_rate': 0.005059626028946665, 'train_lr_reduce': 0.6}. Best is trial 156 with value: 0.33254924416542053.
[I 2024-12-19 07:56:32,533] Trial 633 finished with value: 1.4713993072509766 and parameters: {'mlp_n_layers': 4, 'mlp_dim_00': 187, 'mlp_dim_01': 173, 'mlp_dim_02': 153, 'mlp_dim_03': 191, 'node_hidden_dim': 127, 'edge_hidden_dim': 54, 'depth': 2, 'rep_dropout': 0.004796484930509648, 'train_learning_rate': 0.0025903315926745466, 'train_lr_reduce': 0.6}. Best is trial 156 with value: 0.33254924416542053.
[I 2024-12-19 07:56:33,199] Trial 634 finished with value: 1.3629776239395142 and parameters: {'mlp_n_layers': 4, 'mlp_dim_00': 328, 'mlp_dim_01': 145, 'mlp_dim_02': 464, 'mlp_dim_03': 273, 'node_hidden_dim': 92, 'edge_hidden_dim': 66, 'depth': 3, 'rep_dropout': 0.04806854315257343, 'train_learning_rate': 0.0075020795051853415, 'train_lr_reduce': 0.6}. Best is trial 156 with value: 0.33254924416542053.
[I 2024-12-19 07:56:36,505] Trial 632 finished with value: 0.41572263836860657 and parameters: {'mlp_n_layers': 4, 'mlp_dim_00': 508, 'mlp_dim_01': 334, 'mlp_dim_02': 105, 'mlp_dim_03': 250, 'node_hidden_dim': 124, 'edge_hidden_dim': 99, 'depth': 2, 'rep_dropout': 0.06029092625485896, 'train_learning_rate': 0.004182402361375657, 'train_lr_reduce': 0.6}. Best is trial 156 with value: 0.33254924416542053.
[I 2024-12-19 07:56:37,715] Trial 635 finished with value: 1.3730335235595703 and parameters: {'mlp_n_layers': 2, 'mlp_dim_00': 348, 'mlp_dim_01': 309, 'node_hidden_dim': 103, 'edge_hidden_dim': 39, 'depth': 4, 'rep_dropout': 0.06246359735706486, 'train_learning_rate': 0.00861583070133132, 'train_lr_reduce': 0.6}. Best is trial 156 with value: 0.33254924416542053.
[I 2024-12-19 07:56:37,770] Trial 636 finished with value: 1.5446412563323975 and parameters: {'mlp_n_layers': 4, 'mlp_dim_00': 510, 'mlp_dim_01': 67, 'mlp_dim_02': 257, 'mlp_dim_03': 491, 'node_hidden_dim': 120, 'edge_hidden_dim': 45, 'depth': 3, 'rep_dropout': 0.12275095738744128, 'train_learning_rate': 0.0015745102741168797, 'train_lr_reduce': 0.6}. Best is trial 156 with value: 0.33254924416542053.
[I 2024-12-19 07:56:41,160] Trial 637 finished with value: 1.4306913614273071 and parameters: {'mlp_n_layers': 4, 'mlp_dim_00': 512, 'mlp_dim_01': 351, 'mlp_dim_02': 102, 'mlp_dim_03': 260, 'node_hidden_dim': 125, 'edge_hidden_dim': 122, 'depth': 2, 'rep_dropout': 0.04852174661209936, 'train_learning_rate': 0.0031291098173868758, 'train_lr_reduce': 0.6}. Best is trial 156 with value: 0.33254924416542053.
[I 2024-12-19 07:56:42,655] Trial 638 finished with value: 1.4522682428359985 and parameters: {'mlp_n_layers': 4, 'mlp_dim_00': 332, 'mlp_dim_01': 67, 'mlp_dim_02': 102, 'mlp_dim_03': 235, 'node_hidden_dim': 126, 'edge_hidden_dim': 34, 'depth': 3, 'rep_dropout': 0.17533552722042697, 'train_learning_rate': 0.004753209036223361, 'train_lr_reduce': 0.6}. Best is trial 156 with value: 0.33254924416542053.
[I 2024-12-19 07:56:45,524] Trial 640 finished with value: 1.5379676818847656 and parameters: {'mlp_n_layers': 4, 'mlp_dim_00': 271, 'mlp_dim_01': 175, 'mlp_dim_02': 101, 'mlp_dim_03': 225, 'node_hidden_dim': 100, 'edge_hidden_dim': 64, 'depth': 2, 'rep_dropout': 0.010123541354443637, 'train_learning_rate': 0.0013614772301533953, 'train_lr_reduce': 0.6}. Best is trial 156 with value: 0.33254924416542053.
[I 2024-12-19 07:56:46,331] Trial 639 finished with value: 1.3331478834152222 and parameters: {'mlp_n_layers': 4, 'mlp_dim_00': 345, 'mlp_dim_01': 132, 'mlp_dim_02': 103, 'mlp_dim_03': 272, 'node_hidden_dim': 127, 'edge_hidden_dim': 58, 'depth': 2, 'rep_dropout': 0.2046813733355881, 'train_learning_rate': 0.0014925803750389342, 'train_lr_reduce': 0.6}. Best is trial 156 with value: 0.33254924416542053.
[I 2024-12-19 07:56:47,291] Trial 641 finished with value: 1.3126112222671509 and parameters: {'mlp_n_layers': 4, 'mlp_dim_00': 169, 'mlp_dim_01': 293, 'mlp_dim_02': 120, 'mlp_dim_03': 273, 'node_hidden_dim': 94, 'edge_hidden_dim': 54, 'depth': 2, 'rep_dropout': 0.08630942293284445, 'train_learning_rate': 0.009965189139560097, 'train_lr_reduce': 0.6}. Best is trial 156 with value: 0.33254924416542053.
[I 2024-12-19 07:56:50,217] Trial 642 finished with value: 1.5401378870010376 and parameters: {'mlp_n_layers': 2, 'mlp_dim_00': 456, 'mlp_dim_01': 138, 'node_hidden_dim': 58, 'edge_hidden_dim': 32, 'depth': 4, 'rep_dropout': 0.20627149949367937, 'train_learning_rate': 0.00026216646527405337, 'train_lr_reduce': 0.6}. Best is trial 156 with value: 0.33254924416542053.
[I 2024-12-19 07:56:50,783] Trial 643 finished with value: 1.3367421627044678 and parameters: {'mlp_n_layers': 4, 'mlp_dim_00': 203, 'mlp_dim_01': 351, 'mlp_dim_02': 65, 'mlp_dim_03': 225, 'node_hidden_dim': 118, 'edge_hidden_dim': 78, 'depth': 3, 'rep_dropout': 0.08460792437289809, 'train_learning_rate': 0.009296932637667283, 'train_lr_reduce': 0.6}. Best is trial 156 with value: 0.33254924416542053.
[I 2024-12-19 07:56:51,477] Trial 644 finished with value: 1.5489001274108887 and parameters: {'mlp_n_layers': 4, 'mlp_dim_00': 216, 'mlp_dim_01': 458, 'mlp_dim_02': 108, 'mlp_dim_03': 196, 'node_hidden_dim': 46, 'edge_hidden_dim': 101, 'depth': 3, 'rep_dropout': 0.0005845187918446237, 'train_learning_rate': 0.0011215575858699472, 'train_lr_reduce': 0.6}. Best is trial 156 with value: 0.33254924416542053.
[I 2024-12-19 07:56:59,611] Trial 647 finished with value: 1.4377305507659912 and parameters: {'mlp_n_layers': 4, 'mlp_dim_00': 278, 'mlp_dim_01': 114, 'mlp_dim_02': 397, 'mlp_dim_03': 196, 'node_hidden_dim': 112, 'edge_hidden_dim': 65, 'depth': 3, 'rep_dropout': 0.0015968187891547726, 'train_learning_rate': 0.0023934310835229014, 'train_lr_reduce': 0.6}. Best is trial 156 with value: 0.33254924416542053.
[I 2024-12-19 07:57:04,887] Trial 645 finished with value: 0.4421202838420868 and parameters: {'mlp_n_layers': 4, 'mlp_dim_00': 304, 'mlp_dim_01': 77, 'mlp_dim_02': 323, 'mlp_dim_03': 274, 'node_hidden_dim': 115, 'edge_hidden_dim': 81, 'depth': 2, 'rep_dropout': 0.057906369550386305, 'train_learning_rate': 0.0032532356477568626, 'train_lr_reduce': 0.6}. Best is trial 156 with value: 0.33254924416542053.
[I 2024-12-19 07:57:05,600] Trial 648 finished with value: 1.5069713592529297 and parameters: {'mlp_n_layers': 4, 'mlp_dim_00': 459, 'mlp_dim_01': 451, 'mlp_dim_02': 98, 'mlp_dim_03': 276, 'node_hidden_dim': 95, 'edge_hidden_dim': 69, 'depth': 2, 'rep_dropout': 0.10383423499376224, 'train_learning_rate': 0.0034283976009512663, 'train_lr_reduce': 0.6}. Best is trial 156 with value: 0.33254924416542053.
[I 2024-12-19 07:57:05,917] Trial 646 finished with value: 0.3976559638977051 and parameters: {'mlp_n_layers': 3, 'mlp_dim_00': 291, 'mlp_dim_01': 212, 'mlp_dim_02': 109, 'node_hidden_dim': 127, 'edge_hidden_dim': 49, 'depth': 2, 'rep_dropout': 0.03597764418903823, 'train_learning_rate': 0.005967768739035738, 'train_lr_reduce': 0.6}. Best is trial 156 with value: 0.33254924416542053.
[I 2024-12-19 07:57:09,657] Trial 649 finished with value: 1.5145870447158813 and parameters: {'mlp_n_layers': 3, 'mlp_dim_00': 428, 'mlp_dim_01': 162, 'mlp_dim_02': 149, 'node_hidden_dim': 117, 'edge_hidden_dim': 57, 'depth': 2, 'rep_dropout': 0.08927376287308955, 'train_learning_rate': 0.0026872820925404168, 'train_lr_reduce': 0.6}. Best is trial 156 with value: 0.33254924416542053.
[I 2024-12-19 07:57:10,661] Trial 651 finished with value: 1.3038049936294556 and parameters: {'mlp_n_layers': 3, 'mlp_dim_00': 319, 'mlp_dim_01': 276, 'mlp_dim_02': 69, 'node_hidden_dim': 125, 'edge_hidden_dim': 46, 'depth': 2, 'rep_dropout': 0.04864740352825252, 'train_learning_rate': 0.006364477672122174, 'train_lr_reduce': 0.6}. Best is trial 156 with value: 0.33254924416542053.
[I 2024-12-19 07:57:16,302] Trial 650 finished with value: 1.4245539903640747 and parameters: {'mlp_n_layers': 4, 'mlp_dim_00': 506, 'mlp_dim_01': 382, 'mlp_dim_02': 94, 'mlp_dim_03': 176, 'node_hidden_dim': 111, 'edge_hidden_dim': 100, 'depth': 3, 'rep_dropout': 0.05718441442401391, 'train_learning_rate': 0.0023229891095978283, 'train_lr_reduce': 0.6}. Best is trial 156 with value: 0.33254924416542053.
[I 2024-12-19 07:57:17,525] Trial 652 finished with value: 1.3724371194839478 and parameters: {'mlp_n_layers': 3, 'mlp_dim_00': 194, 'mlp_dim_01': 245, 'mlp_dim_02': 467, 'node_hidden_dim': 98, 'edge_hidden_dim': 58, 'depth': 2, 'rep_dropout': 0.01016694218707116, 'train_learning_rate': 0.0019272953732354856, 'train_lr_reduce': 0.6}. Best is trial 156 with value: 0.33254924416542053.
[I 2024-12-19 07:57:18,774] Trial 653 finished with value: 1.3415329456329346 and parameters: {'mlp_n_layers': 4, 'mlp_dim_00': 279, 'mlp_dim_01': 109, 'mlp_dim_02': 110, 'mlp_dim_03': 175, 'node_hidden_dim': 128, 'edge_hidden_dim': 85, 'depth': 2, 'rep_dropout': 0.0020727757872301585, 'train_learning_rate': 0.0014516452840898438, 'train_lr_reduce': 0.6}. Best is trial 156 with value: 0.33254924416542053.
[I 2024-12-19 07:57:21,711] Trial 655 finished with value: 1.4865511655807495 and parameters: {'mlp_n_layers': 4, 'mlp_dim_00': 204, 'mlp_dim_01': 69, 'mlp_dim_02': 419, 'mlp_dim_03': 222, 'node_hidden_dim': 124, 'edge_hidden_dim': 56, 'depth': 2, 'rep_dropout': 0.05408849727883967, 'train_learning_rate': 0.00207710012044961, 'train_lr_reduce': 0.6}. Best is trial 156 with value: 0.33254924416542053.
[I 2024-12-19 07:57:26,167] Trial 657 finished with value: 1.2869324684143066 and parameters: {'mlp_n_layers': 4, 'mlp_dim_00': 167, 'mlp_dim_01': 409, 'mlp_dim_02': 64, 'mlp_dim_03': 174, 'node_hidden_dim': 127, 'edge_hidden_dim': 94, 'depth': 2, 'rep_dropout': 0.01779832160700106, 'train_learning_rate': 0.00817028561576316, 'train_lr_reduce': 0.6}. Best is trial 156 with value: 0.33254924416542053.
[I 2024-12-19 07:57:30,257] Trial 658 finished with value: 1.2828428745269775 and parameters: {'mlp_n_layers': 3, 'mlp_dim_00': 307, 'mlp_dim_01': 136, 'mlp_dim_02': 347, 'node_hidden_dim': 122, 'edge_hidden_dim': 58, 'depth': 2, 'rep_dropout': 0.05363771662678219, 'train_learning_rate': 0.0037471051224478376, 'train_lr_reduce': 0.6}. Best is trial 156 with value: 0.33254924416542053.
[I 2024-12-19 07:57:31,355] Trial 654 finished with value: 0.43306654691696167 and parameters: {'mlp_n_layers': 4, 'mlp_dim_00': 510, 'mlp_dim_01': 317, 'mlp_dim_02': 302, 'mlp_dim_03': 221, 'node_hidden_dim': 112, 'edge_hidden_dim': 112, 'depth': 2, 'rep_dropout': 0.11455711150752212, 'train_learning_rate': 0.0049264385369409535, 'train_lr_reduce': 0.6}. Best is trial 156 with value: 0.33254924416542053.
[I 2024-12-19 07:57:34,267] Trial 656 finished with value: 0.5211692452430725 and parameters: {'mlp_n_layers': 3, 'mlp_dim_00': 279, 'mlp_dim_01': 228, 'mlp_dim_02': 102, 'node_hidden_dim': 117, 'edge_hidden_dim': 59, 'depth': 3, 'rep_dropout': 0.036283679556843966, 'train_learning_rate': 0.003971695017659044, 'train_lr_reduce': 0.6}. Best is trial 156 with value: 0.33254924416542053.
[I 2024-12-19 07:57:34,684] Trial 659 finished with value: 1.4603081941604614 and parameters: {'mlp_n_layers': 4, 'mlp_dim_00': 67, 'mlp_dim_01': 128, 'mlp_dim_02': 288, 'mlp_dim_03': 232, 'node_hidden_dim': 71, 'edge_hidden_dim': 84, 'depth': 2, 'rep_dropout': 0.2452217546634109, 'train_learning_rate': 0.002737103162027753, 'train_lr_reduce': 0.6}. Best is trial 156 with value: 0.33254924416542053.
[I 2024-12-19 07:57:36,063] Trial 660 finished with value: 1.389750599861145 and parameters: {'mlp_n_layers': 4, 'mlp_dim_00': 503, 'mlp_dim_01': 298, 'mlp_dim_02': 323, 'mlp_dim_03': 161, 'node_hidden_dim': 116, 'edge_hidden_dim': 107, 'depth': 2, 'rep_dropout': 0.08131750572534208, 'train_learning_rate': 0.0033025826648499365, 'train_lr_reduce': 0.6}. Best is trial 156 with value: 0.33254924416542053.
[I 2024-12-19 07:57:38,164] Trial 661 finished with value: 1.3729228973388672 and parameters: {'mlp_n_layers': 3, 'mlp_dim_00': 234, 'mlp_dim_01': 474, 'mlp_dim_02': 310, 'node_hidden_dim': 36, 'edge_hidden_dim': 104, 'depth': 2, 'rep_dropout': 0.09889805460741508, 'train_learning_rate': 0.004705073948598179, 'train_lr_reduce': 0.6}. Best is trial 156 with value: 0.33254924416542053.
[I 2024-12-19 07:57:39,106] Trial 662 finished with value: 1.5624459981918335 and parameters: {'mlp_n_layers': 4, 'mlp_dim_00': 120, 'mlp_dim_01': 105, 'mlp_dim_02': 281, 'mlp_dim_03': 177, 'node_hidden_dim': 37, 'edge_hidden_dim': 112, 'depth': 2, 'rep_dropout': 0.07193530185940678, 'train_learning_rate': 0.0006178378563349124, 'train_lr_reduce': 0.6}. Best is trial 156 with value: 0.33254924416542053.
[I 2024-12-19 07:57:42,562] Trial 664 finished with value: 1.3563807010650635 and parameters: {'mlp_n_layers': 4, 'mlp_dim_00': 480, 'mlp_dim_01': 378, 'mlp_dim_02': 292, 'mlp_dim_03': 65, 'node_hidden_dim': 120, 'edge_hidden_dim': 109, 'depth': 2, 'rep_dropout': 0.1052462077473014, 'train_learning_rate': 0.005921198976886686, 'train_lr_reduce': 0.6}. Best is trial 156 with value: 0.33254924416542053.
