[I 2024-12-25 12:20:34,810] Trial 33 finished with value: 0.11716480553150177 and parameters: {'L1_hidden_dim': 96, 'L1_layers_atom': 3, 'L1_layers_mol': 3, 'L1_dropout': 0.22351439857052444, 'L1_out_dim': 48, 'L2_hidden_dim': 160, 'L2_layers_atom': 1, 'L2_layers_mol': 1, 'L2_out_dim': 48, 'L2_dropout': 0.15160406584325703, 'L3_hidden_dim': 96, 'L3_layers_atom': 3, 'L3_layers_mol': 2, 'L3_out_dim': 112, 'L3_dropout': 0.02455531416072554, 'n_mlp_layers': 3, 'mlp_dim_0': 32, 'mlp_dim_1': 144, 'mlp_dim_2': 32, 'num_heads': 1, 'final_dropout': 0.03998582736588678, 'train_learning_rate': 0.004273153396898797, 'train_lr_reduce': 0.6}. Best is trial 16 with value: 0.06671455502510071.
[I 2024-12-25 12:20:49,445] Trial 32 finished with value: 0.07949306815862656 and parameters: {'L1_hidden_dim': 144, 'L1_layers_atom': 1, 'L1_layers_mol': 2, 'L1_dropout': 0.1406199961957329, 'L1_out_dim': 32, 'L2_hidden_dim': 160, 'L2_layers_atom': 1, 'L2_layers_mol': 3, 'L2_out_dim': 96, 'L2_dropout': 0.02932947109110573, 'L3_hidden_dim': 128, 'L3_layers_atom': 2, 'L3_layers_mol': 1, 'L3_out_dim': 80, 'L3_dropout': 0.049771188319012796, 'n_mlp_layers': 3, 'mlp_dim_0': 408, 'mlp_dim_1': 96, 'mlp_dim_2': 368, 'num_heads': 1, 'final_dropout': 0.13289496103853507, 'train_learning_rate': 0.000312141960958726, 'train_lr_reduce': 0.6}. Best is trial 16 with value: 0.06671455502510071.
[I 2024-12-25 12:21:12,109] Trial 34 finished with value: 0.09518646448850632 and parameters: {'L1_hidden_dim': 96, 'L1_layers_atom': 3, 'L1_layers_mol': 3, 'L1_dropout': 0.1752703224643895, 'L1_out_dim': 48, 'L2_hidden_dim': 96, 'L2_layers_atom': 2, 'L2_layers_mol': 1, 'L2_out_dim': 48, 'L2_dropout': 0.24192981141569764, 'L3_hidden_dim': 96, 'L3_layers_atom': 3, 'L3_layers_mol': 2, 'L3_out_dim': 128, 'L3_dropout': 0.16863412010702766, 'n_mlp_layers': 1, 'mlp_dim_0': 208, 'num_heads': 1, 'final_dropout': 0.07910158729015997, 'train_learning_rate': 0.005570147619427368, 'train_lr_reduce': 0.6}. Best is trial 16 with value: 0.06671455502510071.
[I 2024-12-25 12:22:14,847] Trial 37 finished with value: 0.08192061632871628 and parameters: {'L1_hidden_dim': 80, 'L1_layers_atom': 2, 'L1_layers_mol': 2, 'L1_dropout': 0.2910721165986299, 'L1_out_dim': 48, 'L2_hidden_dim': 128, 'L2_layers_atom': 3, 'L2_layers_mol': 1, 'L2_out_dim': 32, 'L2_dropout': 0.0744111067749969, 'L3_hidden_dim': 128, 'L3_layers_atom': 3, 'L3_layers_mol': 1, 'L3_out_dim': 112, 'L3_dropout': 0.05524309682725147, 'n_mlp_layers': 1, 'mlp_dim_0': 40, 'num_heads': 1, 'final_dropout': 0.027358511516683084, 'train_learning_rate': 0.0026949327560734965, 'train_lr_reduce': 0.6}. Best is trial 16 with value: 0.06671455502510071.
[I 2024-12-25 12:22:21,470] Trial 35 finished with value: 0.0897449254989624 and parameters: {'L1_hidden_dim': 144, 'L1_layers_atom': 2, 'L1_layers_mol': 1, 'L1_dropout': 0.27907685517855974, 'L1_out_dim': 96, 'L2_hidden_dim': 192, 'L2_layers_atom': 2, 'L2_layers_mol': 4, 'L2_out_dim': 128, 'L2_dropout': 0.06591614638804533, 'L3_hidden_dim': 128, 'L3_layers_atom': 2, 'L3_layers_mol': 2, 'L3_out_dim': 112, 'L3_dropout': 0.06947014680696101, 'n_mlp_layers': 2, 'mlp_dim_0': 440, 'mlp_dim_1': 152, 'num_heads': 1, 'final_dropout': 0.1055170683939817, 'train_learning_rate': 0.00037283455414214596, 'train_lr_reduce': 0.6}. Best is trial 16 with value: 0.06671455502510071.
[I 2024-12-25 12:23:49,321] Trial 38 finished with value: 0.08441229164600372 and parameters: {'L1_hidden_dim': 64, 'L1_layers_atom': 1, 'L1_layers_mol': 2, 'L1_dropout': 0.2258629926943311, 'L1_out_dim': 48, 'L2_hidden_dim': 160, 'L2_layers_atom': 3, 'L2_layers_mol': 2, 'L2_out_dim': 32, 'L2_dropout': 0.2608095097376128, 'L3_hidden_dim': 128, 'L3_layers_atom': 1, 'L3_layers_mol': 3, 'L3_out_dim': 96, 'L3_dropout': 0.23960707704595488, 'n_mlp_layers': 2, 'mlp_dim_0': 64, 'mlp_dim_1': 96, 'num_heads': 1, 'final_dropout': 0.01744533927618742, 'train_learning_rate': 0.0031552096907969795, 'train_lr_reduce': 0.6}. Best is trial 16 with value: 0.06671455502510071.
[I 2024-12-25 12:24:01,860] Trial 39 finished with value: 0.11078880727291107 and parameters: {'L1_hidden_dim': 112, 'L1_layers_atom': 3, 'L1_layers_mol': 3, 'L1_dropout': 0.1714954129031513, 'L1_out_dim': 48, 'L2_hidden_dim': 160, 'L2_layers_atom': 4, 'L2_layers_mol': 1, 'L2_out_dim': 32, 'L2_dropout': 0.16845825823930582, 'L3_hidden_dim': 96, 'L3_layers_atom': 2, 'L3_layers_mol': 2, 'L3_out_dim': 112, 'L3_dropout': 0.05734124609706236, 'n_mlp_layers': 2, 'mlp_dim_0': 160, 'mlp_dim_1': 152, 'num_heads': 1, 'final_dropout': 0.0788018786935865, 'train_learning_rate': 0.00600244769685848, 'train_lr_reduce': 0.6}. Best is trial 16 with value: 0.06671455502510071.
[I 2024-12-25 12:24:10,601] Trial 36 finished with value: 0.47709521651268005 and parameters: {'L1_hidden_dim': 96, 'L1_layers_atom': 3, 'L1_layers_mol': 3, 'L1_dropout': 0.21790444536057077, 'L1_out_dim': 80, 'L2_hidden_dim': 112, 'L2_layers_atom': 3, 'L2_layers_mol': 1, 'L2_out_dim': 32, 'L2_dropout': 0.20876340010871788, 'L3_hidden_dim': 128, 'L3_layers_atom': 2, 'L3_layers_mol': 3, 'L3_out_dim': 96, 'L3_dropout': 0.28320413855031856, 'n_mlp_layers': 1, 'mlp_dim_0': 104, 'num_heads': 1, 'final_dropout': 0.011002156742407525, 'train_learning_rate': 0.009078082530819709, 'train_lr_reduce': 0.6}. Best is trial 16 with value: 0.06671455502510071.
[I 2024-12-25 12:25:46,555] Trial 41 finished with value: 0.07439053058624268 and parameters: {'L1_hidden_dim': 112, 'L1_layers_atom': 2, 'L1_layers_mol': 3, 'L1_dropout': 0.2836355341221129, 'L1_out_dim': 80, 'L2_hidden_dim': 160, 'L2_layers_atom': 2, 'L2_layers_mol': 3, 'L2_out_dim': 128, 'L2_dropout': 0.016252353428751816, 'L3_hidden_dim': 128, 'L3_layers_atom': 2, 'L3_layers_mol': 2, 'L3_out_dim': 128, 'L3_dropout': 0.0008686795889491644, 'n_mlp_layers': 2, 'mlp_dim_0': 408, 'mlp_dim_1': 72, 'num_heads': 1, 'final_dropout': 0.16327847784485472, 'train_learning_rate': 0.00017172217127790063, 'train_lr_reduce': 0.6}. Best is trial 16 with value: 0.06671455502510071.
[I 2024-12-25 12:25:55,501] Trial 42 finished with value: 0.07193844765424728 and parameters: {'L1_hidden_dim': 80, 'L1_layers_atom': 1, 'L1_layers_mol': 1, 'L1_dropout': 0.11391027300773718, 'L1_out_dim': 32, 'L2_hidden_dim': 256, 'L2_layers_atom': 2, 'L2_layers_mol': 1, 'L2_out_dim': 112, 'L2_dropout': 0.03564514487784147, 'L3_hidden_dim': 80, 'L3_layers_atom': 4, 'L3_layers_mol': 2, 'L3_out_dim': 64, 'L3_dropout': 0.08960847362969127, 'n_mlp_layers': 3, 'mlp_dim_0': 296, 'mlp_dim_1': 392, 'mlp_dim_2': 512, 'num_heads': 1, 'final_dropout': 0.07583657773426344, 'train_learning_rate': 0.0002171025001654929, 'train_lr_reduce': 0.6}. Best is trial 16 with value: 0.06671455502510071.
[I 2024-12-25 12:26:40,250] Trial 40 finished with value: 0.09849290549755096 and parameters: {'L1_hidden_dim': 64, 'L1_layers_atom': 3, 'L1_layers_mol': 4, 'L1_dropout': 0.200859148877605, 'L1_out_dim': 32, 'L2_hidden_dim': 224, 'L2_layers_atom': 3, 'L2_layers_mol': 2, 'L2_out_dim': 32, 'L2_dropout': 0.15793478045107645, 'L3_hidden_dim': 112, 'L3_layers_atom': 3, 'L3_layers_mol': 2, 'L3_out_dim': 128, 'L3_dropout': 0.16533987638537267, 'n_mlp_layers': 2, 'mlp_dim_0': 48, 'mlp_dim_1': 392, 'num_heads': 1, 'final_dropout': 0.05093356761183658, 'train_learning_rate': 0.004182114333382216, 'train_lr_reduce': 0.6}. Best is trial 16 with value: 0.06671455502510071.
[I 2024-12-25 12:27:19,624] Trial 43 finished with value: 0.08695363253355026 and parameters: {'L1_hidden_dim': 112, 'L1_layers_atom': 2, 'L1_layers_mol': 2, 'L1_dropout': 0.10873794277472867, 'L1_out_dim': 32, 'L2_hidden_dim': 208, 'L2_layers_atom': 3, 'L2_layers_mol': 3, 'L2_out_dim': 80, 'L2_dropout': 0.04661099921555385, 'L3_hidden_dim': 96, 'L3_layers_atom': 2, 'L3_layers_mol': 2, 'L3_out_dim': 128, 'L3_dropout': 0.08222143715547842, 'n_mlp_layers': 2, 'mlp_dim_0': 480, 'mlp_dim_1': 136, 'num_heads': 1, 'final_dropout': 0.05542930924812378, 'train_learning_rate': 0.0025202012259479597, 'train_lr_reduce': 0.6}. Best is trial 16 with value: 0.06671455502510071.
[I 2024-12-25 12:27:32,683] Trial 44 finished with value: 0.07827306538820267 and parameters: {'L1_hidden_dim': 128, 'L1_layers_atom': 2, 'L1_layers_mol': 1, 'L1_dropout': 0.14688733282572933, 'L1_out_dim': 48, 'L2_hidden_dim': 240, 'L2_layers_atom': 3, 'L2_layers_mol': 1, 'L2_out_dim': 112, 'L2_dropout': 0.03521239298537086, 'L3_hidden_dim': 64, 'L3_layers_atom': 4, 'L3_layers_mol': 2, 'L3_out_dim': 64, 'L3_dropout': 0.12774000719793166, 'n_mlp_layers': 3, 'mlp_dim_0': 152, 'mlp_dim_1': 408, 'mlp_dim_2': 504, 'num_heads': 1, 'final_dropout': 0.0993047793832325, 'train_learning_rate': 0.0002944952674987969, 'train_lr_reduce': 0.6}. Best is trial 16 with value: 0.06671455502510071.
[I 2024-12-25 12:27:59,965] Trial 45 finished with value: 0.07337318360805511 and parameters: {'L1_hidden_dim': 96, 'L1_layers_atom': 1, 'L1_layers_mol': 4, 'L1_dropout': 0.07054293155976617, 'L1_out_dim': 32, 'L2_hidden_dim': 176, 'L2_layers_atom': 1, 'L2_layers_mol': 1, 'L2_out_dim': 128, 'L2_dropout': 0.0019004766927036426, 'L3_hidden_dim': 112, 'L3_layers_atom': 2, 'L3_layers_mol': 2, 'L3_out_dim': 80, 'L3_dropout': 0.11698216899142179, 'n_mlp_layers': 2, 'mlp_dim_0': 416, 'mlp_dim_1': 360, 'num_heads': 1, 'final_dropout': 0.095772359022982, 'train_learning_rate': 0.00031272884282650983, 'train_lr_reduce': 0.6}. Best is trial 16 with value: 0.06671455502510071.
[I 2024-12-25 12:29:03,742] Trial 46 finished with value: 0.0775693878531456 and parameters: {'L1_hidden_dim': 160, 'L1_layers_atom': 1, 'L1_layers_mol': 2, 'L1_dropout': 0.12330056128242357, 'L1_out_dim': 64, 'L2_hidden_dim': 224, 'L2_layers_atom': 1, 'L2_layers_mol': 2, 'L2_out_dim': 128, 'L2_dropout': 0.02995764072919147, 'L3_hidden_dim': 112, 'L3_layers_atom': 4, 'L3_layers_mol': 2, 'L3_out_dim': 96, 'L3_dropout': 0.08105450857101641, 'n_mlp_layers': 2, 'mlp_dim_0': 424, 'mlp_dim_1': 384, 'num_heads': 2, 'final_dropout': 0.09131302480445248, 'train_learning_rate': 0.00016163978087715343, 'train_lr_reduce': 0.6}. Best is trial 16 with value: 0.06671455502510071.
[I 2024-12-25 12:29:12,104] Trial 47 finished with value: 0.07653283327817917 and parameters: {'L1_hidden_dim': 96, 'L1_layers_atom': 2, 'L1_layers_mol': 2, 'L1_dropout': 0.1604742048041333, 'L1_out_dim': 32, 'L2_hidden_dim': 160, 'L2_layers_atom': 1, 'L2_layers_mol': 1, 'L2_out_dim': 32, 'L2_dropout': 0.1862312035350352, 'L3_hidden_dim': 128, 'L3_layers_atom': 3, 'L3_layers_mol': 2, 'L3_out_dim': 128, 'L3_dropout': 0.18187931960904516, 'n_mlp_layers': 3, 'mlp_dim_0': 344, 'mlp_dim_1': 392, 'mlp_dim_2': 512, 'num_heads': 1, 'final_dropout': 0.06158847417890453, 'train_learning_rate': 0.004718289485966069, 'train_lr_reduce': 0.6}. Best is trial 16 with value: 0.06671455502510071.
[I 2024-12-25 12:29:40,303] Trial 48 finished with value: 0.06816370785236359 and parameters: {'L1_hidden_dim': 96, 'L1_layers_atom': 1, 'L1_layers_mol': 1, 'L1_dropout': 0.17257616492008065, 'L1_out_dim': 48, 'L2_hidden_dim': 144, 'L2_layers_atom': 1, 'L2_layers_mol': 2, 'L2_out_dim': 112, 'L2_dropout': 0.008587906947266114, 'L3_hidden_dim': 80, 'L3_layers_atom': 3, 'L3_layers_mol': 3, 'L3_out_dim': 80, 'L3_dropout': 0.04311346241971957, 'n_mlp_layers': 2, 'mlp_dim_0': 512, 'mlp_dim_1': 424, 'num_heads': 1, 'final_dropout': 0.18244001674271787, 'train_learning_rate': 0.00016325461125144187, 'train_lr_reduce': 0.6}. Best is trial 16 with value: 0.06671455502510071.
[I 2024-12-25 12:30:35,153] Trial 50 finished with value: 0.07974182814359665 and parameters: {'L1_hidden_dim': 96, 'L1_layers_atom': 3, 'L1_layers_mol': 3, 'L1_dropout': 0.24004207971922242, 'L1_out_dim': 32, 'L2_hidden_dim': 64, 'L2_layers_atom': 3, 'L2_layers_mol': 2, 'L2_out_dim': 48, 'L2_dropout': 0.16655240743903443, 'L3_hidden_dim': 128, 'L3_layers_atom': 4, 'L3_layers_mol': 3, 'L3_out_dim': 128, 'L3_dropout': 0.25215483746693124, 'n_mlp_layers': 2, 'mlp_dim_0': 208, 'mlp_dim_1': 224, 'num_heads': 1, 'final_dropout': 0.018552092159883973, 'train_learning_rate': 0.0026507690340322474, 'train_lr_reduce': 0.6}. Best is trial 16 with value: 0.06671455502510071.
[I 2024-12-25 12:30:37,714] Trial 49 finished with value: 0.06892678141593933 and parameters: {'L1_hidden_dim': 96, 'L1_layers_atom': 1, 'L1_layers_mol': 1, 'L1_dropout': 0.08716400523916618, 'L1_out_dim': 32, 'L2_hidden_dim': 256, 'L2_layers_atom': 1, 'L2_layers_mol': 2, 'L2_out_dim': 96, 'L2_dropout': 0.05641510210918162, 'L3_hidden_dim': 48, 'L3_layers_atom': 4, 'L3_layers_mol': 2, 'L3_out_dim': 48, 'L3_dropout': 0.03081854958476856, 'n_mlp_layers': 3, 'mlp_dim_0': 256, 'mlp_dim_1': 312, 'mlp_dim_2': 368, 'num_heads': 1, 'final_dropout': 0.11058218900771642, 'train_learning_rate': 0.00020423727617592888, 'train_lr_reduce': 0.6}. Best is trial 16 with value: 0.06671455502510071.
[I 2024-12-25 12:31:28,613] Trial 51 finished with value: 0.14039283990859985 and parameters: {'L1_hidden_dim': 128, 'L1_layers_atom': 1, 'L1_layers_mol': 2, 'L1_dropout': 0.11492564588465004, 'L1_out_dim': 80, 'L2_hidden_dim': 128, 'L2_layers_atom': 1, 'L2_layers_mol': 2, 'L2_out_dim': 112, 'L2_dropout': 0.1433164096628832, 'L3_hidden_dim': 48, 'L3_layers_atom': 2, 'L3_layers_mol': 3, 'L3_out_dim': 48, 'L3_dropout': 0.019776925564321805, 'n_mlp_layers': 2, 'mlp_dim_0': 392, 'mlp_dim_1': 464, 'num_heads': 1, 'final_dropout': 0.2156276984827319, 'train_learning_rate': 0.00033130581650293276, 'train_lr_reduce': 0.6}. Best is trial 16 with value: 0.06671455502510071.
[I 2024-12-25 12:31:52,468] Trial 53 finished with value: 0.08584906160831451 and parameters: {'L1_hidden_dim': 112, 'L1_layers_atom': 1, 'L1_layers_mol': 1, 'L1_dropout': 0.049399872650551624, 'L1_out_dim': 32, 'L2_hidden_dim': 224, 'L2_layers_atom': 1, 'L2_layers_mol': 2, 'L2_out_dim': 112, 'L2_dropout': 0.07651815990744716, 'L3_hidden_dim': 48, 'L3_layers_atom': 4, 'L3_layers_mol': 3, 'L3_out_dim': 80, 'L3_dropout': 0.019491478407608606, 'n_mlp_layers': 2, 'mlp_dim_0': 152, 'mlp_dim_1': 312, 'num_heads': 2, 'final_dropout': 0.08630100103784313, 'train_learning_rate': 0.0011287648220370424, 'train_lr_reduce': 0.6}. Best is trial 16 with value: 0.06671455502510071.
[I 2024-12-25 12:32:05,508] Trial 52 finished with value: 0.08644093573093414 and parameters: {'L1_hidden_dim': 80, 'L1_layers_atom': 1, 'L1_layers_mol': 1, 'L1_dropout': 0.16501269195799415, 'L1_out_dim': 48, 'L2_hidden_dim': 160, 'L2_layers_atom': 2, 'L2_layers_mol': 2, 'L2_out_dim': 64, 'L2_dropout': 0.02564259954834628, 'L3_hidden_dim': 96, 'L3_layers_atom': 2, 'L3_layers_mol': 3, 'L3_out_dim': 112, 'L3_dropout': 0.03119326534412785, 'n_mlp_layers': 2, 'mlp_dim_0': 456, 'mlp_dim_1': 448, 'num_heads': 1, 'final_dropout': 0.27895794400165724, 'train_learning_rate': 0.0003695827268691142, 'train_lr_reduce': 0.6}. Best is trial 16 with value: 0.06671455502510071.
[I 2024-12-25 12:33:16,224] Trial 55 finished with value: 0.07068958878517151 and parameters: {'L1_hidden_dim': 64, 'L1_layers_atom': 1, 'L1_layers_mol': 1, 'L1_dropout': 0.10097316801534047, 'L1_out_dim': 64, 'L2_hidden_dim': 240, 'L2_layers_atom': 1, 'L2_layers_mol': 1, 'L2_out_dim': 80, 'L2_dropout': 0.0891590715853536, 'L3_hidden_dim': 80, 'L3_layers_atom': 4, 'L3_layers_mol': 3, 'L3_out_dim': 32, 'L3_dropout': 0.03235076078549223, 'n_mlp_layers': 3, 'mlp_dim_0': 272, 'mlp_dim_1': 312, 'mlp_dim_2': 312, 'num_heads': 1, 'final_dropout': 0.10083327444228166, 'train_learning_rate': 0.0006542533598138408, 'train_lr_reduce': 0.6}. Best is trial 16 with value: 0.06671455502510071.
[I 2024-12-25 12:33:23,862] Trial 54 finished with value: 0.072978675365448 and parameters: {'L1_hidden_dim': 112, 'L1_layers_atom': 1, 'L1_layers_mol': 2, 'L1_dropout': 0.04150886874400247, 'L1_out_dim': 32, 'L2_hidden_dim': 240, 'L2_layers_atom': 1, 'L2_layers_mol': 2, 'L2_out_dim': 128, 'L2_dropout': 0.013154927744080773, 'L3_hidden_dim': 32, 'L3_layers_atom': 3, 'L3_layers_mol': 2, 'L3_out_dim': 32, 'L3_dropout': 0.0340157852937916, 'n_mlp_layers': 3, 'mlp_dim_0': 248, 'mlp_dim_1': 400, 'mlp_dim_2': 384, 'num_heads': 1, 'final_dropout': 0.09924524649056024, 'train_learning_rate': 0.00011136198872223021, 'train_lr_reduce': 0.6}. Best is trial 16 with value: 0.06671455502510071.
[I 2024-12-25 12:34:18,316] Trial 56 finished with value: 0.07615331560373306 and parameters: {'L1_hidden_dim': 112, 'L1_layers_atom': 2, 'L1_layers_mol': 2, 'L1_dropout': 0.2078178596591157, 'L1_out_dim': 48, 'L2_hidden_dim': 192, 'L2_layers_atom': 2, 'L2_layers_mol': 2, 'L2_out_dim': 112, 'L2_dropout': 0.029243379333191058, 'L3_hidden_dim': 64, 'L3_layers_atom': 3, 'L3_layers_mol': 3, 'L3_out_dim': 48, 'L3_dropout': 0.0846802599474864, 'n_mlp_layers': 2, 'mlp_dim_0': 512, 'mlp_dim_1': 416, 'num_heads': 1, 'final_dropout': 0.15172239385792777, 'train_learning_rate': 0.0001120112934096629, 'train_lr_reduce': 0.6}. Best is trial 16 with value: 0.06671455502510071.
[I 2024-12-25 12:34:37,624] Trial 58 finished with value: 0.08989342302083969 and parameters: {'L1_hidden_dim': 80, 'L1_layers_atom': 1, 'L1_layers_mol': 1, 'L1_dropout': 0.08673734946997813, 'L1_out_dim': 64, 'L2_hidden_dim': 224, 'L2_layers_atom': 2, 'L2_layers_mol': 1, 'L2_out_dim': 96, 'L2_dropout': 0.031910228116245214, 'L3_hidden_dim': 80, 'L3_layers_atom': 4, 'L3_layers_mol': 3, 'L3_out_dim': 32, 'L3_dropout': 0.005541481789814513, 'n_mlp_layers': 3, 'mlp_dim_0': 248, 'mlp_dim_1': 288, 'mlp_dim_2': 280, 'num_heads': 1, 'final_dropout': 0.11588769478015641, 'train_learning_rate': 0.0032916110721077723, 'train_lr_reduce': 0.6}. Best is trial 16 with value: 0.06671455502510071.
[I 2024-12-25 12:34:43,955] Trial 57 finished with value: 0.06348411738872528 and parameters: {'L1_hidden_dim': 64, 'L1_layers_atom': 1, 'L1_layers_mol': 2, 'L1_dropout': 0.19321825864615982, 'L1_out_dim': 48, 'L2_hidden_dim': 128, 'L2_layers_atom': 1, 'L2_layers_mol': 1, 'L2_out_dim': 128, 'L2_dropout': 0.01262548266591656, 'L3_hidden_dim': 96, 'L3_layers_atom': 4, 'L3_layers_mol': 1, 'L3_out_dim': 80, 'L3_dropout': 0.16684984982401374, 'n_mlp_layers': 2, 'mlp_dim_0': 448, 'mlp_dim_1': 288, 'num_heads': 1, 'final_dropout': 0.12169419968510124, 'train_learning_rate': 0.0001987927157839546, 'train_lr_reduce': 0.6}. Best is trial 57 with value: 0.06348411738872528.
[I 2024-12-25 12:35:56,896] Trial 59 finished with value: 0.08117625117301941 and parameters: {'L1_hidden_dim': 144, 'L1_layers_atom': 1, 'L1_layers_mol': 1, 'L1_dropout': 0.21340267139144803, 'L1_out_dim': 48, 'L2_hidden_dim': 144, 'L2_layers_atom': 1, 'L2_layers_mol': 3, 'L2_out_dim': 112, 'L2_dropout': 0.03078852620712584, 'L3_hidden_dim': 80, 'L3_layers_atom': 3, 'L3_layers_mol': 4, 'L3_out_dim': 80, 'L3_dropout': 0.015887820441822728, 'n_mlp_layers': 2, 'mlp_dim_0': 424, 'mlp_dim_1': 304, 'num_heads': 1, 'final_dropout': 0.13973829250310257, 'train_learning_rate': 0.0001293691033530881, 'train_lr_reduce': 0.6}. Best is trial 57 with value: 0.06348411738872528.
[I 2024-12-25 12:36:14,891] Trial 60 finished with value: 0.07018618285655975 and parameters: {'L1_hidden_dim': 64, 'L1_layers_atom': 4, 'L1_layers_mol': 1, 'L1_dropout': 0.15291284539533845, 'L1_out_dim': 64, 'L2_hidden_dim': 192, 'L2_layers_atom': 1, 'L2_layers_mol': 1, 'L2_out_dim': 80, 'L2_dropout': 0.07310255752358169, 'L3_hidden_dim': 80, 'L3_layers_atom': 4, 'L3_layers_mol': 3, 'L3_out_dim': 32, 'L3_dropout': 0.053177264676286244, 'n_mlp_layers': 3, 'mlp_dim_0': 256, 'mlp_dim_1': 312, 'mlp_dim_2': 320, 'num_heads': 1, 'final_dropout': 0.1618919190731264, 'train_learning_rate': 0.00045532069686905465, 'train_lr_reduce': 0.6}. Best is trial 57 with value: 0.06348411738872528.
[I 2024-12-25 12:37:03,663] Trial 61 finished with value: 0.07859022170305252 and parameters: {'L1_hidden_dim': 80, 'L1_layers_atom': 1, 'L1_layers_mol': 1, 'L1_dropout': 0.2746776278103412, 'L1_out_dim': 64, 'L2_hidden_dim': 128, 'L2_layers_atom': 1, 'L2_layers_mol': 1, 'L2_out_dim': 112, 'L2_dropout': 0.06208499068490224, 'L3_hidden_dim': 96, 'L3_layers_atom': 4, 'L3_layers_mol': 2, 'L3_out_dim': 64, 'L3_dropout': 0.17926488883927919, 'n_mlp_layers': 1, 'mlp_dim_0': 392, 'num_heads': 2, 'final_dropout': 0.1313678321507271, 'train_learning_rate': 0.00010800315317619645, 'train_lr_reduce': 0.6}. Best is trial 57 with value: 0.06348411738872528.
[I 2024-12-25 12:37:41,381] Trial 62 finished with value: 0.08986696600914001 and parameters: {'L1_hidden_dim': 64, 'L1_layers_atom': 1, 'L1_layers_mol': 2, 'L1_dropout': 0.08197304287534661, 'L1_out_dim': 64, 'L2_hidden_dim': 64, 'L2_layers_atom': 1, 'L2_layers_mol': 2, 'L2_out_dim': 128, 'L2_dropout': 0.14893538316144403, 'L3_hidden_dim': 96, 'L3_layers_atom': 4, 'L3_layers_mol': 1, 'L3_out_dim': 64, 'L3_dropout': 0.08057600525882185, 'n_mlp_layers': 2, 'mlp_dim_0': 488, 'mlp_dim_1': 280, 'num_heads': 1, 'final_dropout': 0.105288626996536, 'train_learning_rate': 0.000629600258028174, 'train_lr_reduce': 0.6}. Best is trial 57 with value: 0.06348411738872528.
[I 2024-12-25 12:37:45,122] Trial 63 finished with value: 0.0762682855129242 and parameters: {'L1_hidden_dim': 112, 'L1_layers_atom': 3, 'L1_layers_mol': 1, 'L1_dropout': 0.15168662950150905, 'L1_out_dim': 64, 'L2_hidden_dim': 192, 'L2_layers_atom': 1, 'L2_layers_mol': 1, 'L2_out_dim': 64, 'L2_dropout': 0.0518077818649975, 'L3_hidden_dim': 80, 'L3_layers_atom': 4, 'L3_layers_mol': 3, 'L3_out_dim': 48, 'L3_dropout': 0.09237138570993561, 'n_mlp_layers': 3, 'mlp_dim_0': 328, 'mlp_dim_1': 256, 'mlp_dim_2': 320, 'num_heads': 2, 'final_dropout': 0.17836874778078127, 'train_learning_rate': 0.0004928769558218813, 'train_lr_reduce': 0.6}. Best is trial 57 with value: 0.06348411738872528.
