[I 2024-12-19 08:01:57,535] Trial 776 finished with value: 1.3203954696655273 and parameters: {'mlp_n_layers': 4, 'mlp_dim_00': 174, 'mlp_dim_01': 348, 'mlp_dim_02': 511, 'mlp_dim_03': 64, 'node_hidden_dim': 117, 'edge_hidden_dim': 57, 'depth': 2, 'rep_dropout': 0.009957442467464751, 'train_learning_rate': 0.009997593609993163, 'train_lr_reduce': 0.6}. Best is trial 156 with value: 0.33254924416542053.
[I 2024-12-19 08:01:59,423] Trial 772 finished with value: 0.45378848910331726 and parameters: {'mlp_n_layers': 3, 'mlp_dim_00': 315, 'mlp_dim_01': 195, 'mlp_dim_02': 104, 'node_hidden_dim': 121, 'edge_hidden_dim': 52, 'depth': 2, 'rep_dropout': 0.0433385984587214, 'train_learning_rate': 0.0037683388754658352, 'train_lr_reduce': 0.6}. Best is trial 156 with value: 0.33254924416542053.
[I 2024-12-19 08:02:02,773] Trial 778 finished with value: 1.3808996677398682 and parameters: {'mlp_n_layers': 4, 'mlp_dim_00': 484, 'mlp_dim_01': 406, 'mlp_dim_02': 113, 'mlp_dim_03': 270, 'node_hidden_dim': 102, 'edge_hidden_dim': 74, 'depth': 2, 'rep_dropout': 0.09063043807943232, 'train_learning_rate': 0.009213005673868147, 'train_lr_reduce': 0.6}. Best is trial 156 with value: 0.33254924416542053.
[I 2024-12-19 08:02:03,662] Trial 779 finished with value: 1.422771692276001 and parameters: {'mlp_n_layers': 3, 'mlp_dim_00': 110, 'mlp_dim_01': 204, 'mlp_dim_02': 454, 'node_hidden_dim': 100, 'edge_hidden_dim': 65, 'depth': 2, 'rep_dropout': 0.06465899003030143, 'train_learning_rate': 0.003900505406614258, 'train_lr_reduce': 0.6}. Best is trial 156 with value: 0.33254924416542053.
[I 2024-12-19 08:02:04,972] Trial 777 finished with value: 1.3893444538116455 and parameters: {'mlp_n_layers': 4, 'mlp_dim_00': 80, 'mlp_dim_01': 72, 'mlp_dim_02': 313, 'mlp_dim_03': 158, 'node_hidden_dim': 94, 'edge_hidden_dim': 110, 'depth': 3, 'rep_dropout': 0.2286678712204273, 'train_learning_rate': 0.001541657263560886, 'train_lr_reduce': 0.6}. Best is trial 156 with value: 0.33254924416542053.
[I 2024-12-19 08:02:07,812] Trial 780 finished with value: 1.383332371711731 and parameters: {'mlp_n_layers': 3, 'mlp_dim_00': 226, 'mlp_dim_01': 128, 'mlp_dim_02': 328, 'node_hidden_dim': 126, 'edge_hidden_dim': 51, 'depth': 2, 'rep_dropout': 0.060844415771542114, 'train_learning_rate': 0.005541340396716673, 'train_lr_reduce': 0.6}. Best is trial 156 with value: 0.33254924416542053.
[I 2024-12-19 08:02:08,333] Trial 781 finished with value: 1.4263659715652466 and parameters: {'mlp_n_layers': 4, 'mlp_dim_00': 497, 'mlp_dim_01': 274, 'mlp_dim_02': 512, 'mlp_dim_03': 118, 'node_hidden_dim': 111, 'edge_hidden_dim': 76, 'depth': 2, 'rep_dropout': 0.11070212460308826, 'train_learning_rate': 0.004079353447946453, 'train_lr_reduce': 0.6}. Best is trial 156 with value: 0.33254924416542053.
[I 2024-12-19 08:02:09,481] Trial 782 finished with value: 1.4202814102172852 and parameters: {'mlp_n_layers': 3, 'mlp_dim_00': 205, 'mlp_dim_01': 97, 'mlp_dim_02': 122, 'node_hidden_dim': 120, 'edge_hidden_dim': 54, 'depth': 2, 'rep_dropout': 0.03852284458703101, 'train_learning_rate': 0.003206218297179448, 'train_lr_reduce': 0.6}. Best is trial 156 with value: 0.33254924416542053.
[I 2024-12-19 08:02:12,340] Trial 783 finished with value: 1.5473310947418213 and parameters: {'mlp_n_layers': 2, 'mlp_dim_00': 323, 'mlp_dim_01': 456, 'node_hidden_dim': 44, 'edge_hidden_dim': 50, 'depth': 4, 'rep_dropout': 0.04818010707840176, 'train_learning_rate': 0.00031863640925370115, 'train_lr_reduce': 0.6}. Best is trial 156 with value: 0.33254924416542053.
[I 2024-12-19 08:02:12,682] Trial 784 finished with value: 1.547976016998291 and parameters: {'mlp_n_layers': 4, 'mlp_dim_00': 186, 'mlp_dim_01': 334, 'mlp_dim_02': 144, 'mlp_dim_03': 212, 'node_hidden_dim': 46, 'edge_hidden_dim': 39, 'depth': 4, 'rep_dropout': 0.2086525794132506, 'train_learning_rate': 0.00020836298812792936, 'train_lr_reduce': 0.6}. Best is trial 156 with value: 0.33254924416542053.
[I 2024-12-19 08:02:13,639] Trial 785 finished with value: 1.3510686159133911 and parameters: {'mlp_n_layers': 3, 'mlp_dim_00': 234, 'mlp_dim_01': 64, 'mlp_dim_02': 65, 'node_hidden_dim': 124, 'edge_hidden_dim': 62, 'depth': 3, 'rep_dropout': 0.09683917008372371, 'train_learning_rate': 0.00666573681151207, 'train_lr_reduce': 0.6}. Best is trial 156 with value: 0.33254924416542053.
[I 2024-12-19 08:02:16,676] Trial 786 finished with value: 1.5490339994430542 and parameters: {'mlp_n_layers': 4, 'mlp_dim_00': 403, 'mlp_dim_01': 124, 'mlp_dim_02': 308, 'mlp_dim_03': 64, 'node_hidden_dim': 128, 'edge_hidden_dim': 34, 'depth': 2, 'rep_dropout': 0.09370922052007588, 'train_learning_rate': 0.0015146952094674182, 'train_lr_reduce': 0.6}. Best is trial 156 with value: 0.33254924416542053.
[I 2024-12-19 08:02:16,732] Trial 787 finished with value: 1.3429162502288818 and parameters: {'mlp_n_layers': 3, 'mlp_dim_00': 205, 'mlp_dim_01': 214, 'mlp_dim_02': 115, 'node_hidden_dim': 117, 'edge_hidden_dim': 79, 'depth': 2, 'rep_dropout': 0.1029739268427392, 'train_learning_rate': 0.00837349855012718, 'train_lr_reduce': 0.6}. Best is trial 156 with value: 0.33254924416542053.
[I 2024-12-19 08:02:18,477] Trial 788 finished with value: 1.5730174779891968 and parameters: {'mlp_n_layers': 2, 'mlp_dim_00': 301, 'mlp_dim_01': 82, 'node_hidden_dim': 108, 'edge_hidden_dim': 127, 'depth': 2, 'rep_dropout': 0.11735243787919242, 'train_learning_rate': 0.00020960678407247604, 'train_lr_reduce': 0.6}. Best is trial 156 with value: 0.33254924416542053.
[I 2024-12-19 08:02:20,961] Trial 789 finished with value: 1.5333696603775024 and parameters: {'mlp_n_layers': 2, 'mlp_dim_00': 124, 'mlp_dim_01': 113, 'node_hidden_dim': 128, 'edge_hidden_dim': 96, 'depth': 2, 'rep_dropout': 0.01755151232597347, 'train_learning_rate': 0.0008096137564514256, 'train_lr_reduce': 0.6}. Best is trial 156 with value: 0.33254924416542053.
[I 2024-12-19 08:02:21,191] Trial 790 finished with value: 1.2876825332641602 and parameters: {'mlp_n_layers': 3, 'mlp_dim_00': 228, 'mlp_dim_01': 71, 'mlp_dim_02': 277, 'node_hidden_dim': 97, 'edge_hidden_dim': 63, 'depth': 2, 'rep_dropout': 0.019428801133769248, 'train_learning_rate': 0.0065508148325307, 'train_lr_reduce': 0.6}. Best is trial 156 with value: 0.33254924416542053.
[I 2024-12-19 08:02:25,090] Trial 793 finished with value: 1.5274327993392944 and parameters: {'mlp_n_layers': 2, 'mlp_dim_00': 389, 'mlp_dim_01': 458, 'node_hidden_dim': 52, 'edge_hidden_dim': 87, 'depth': 2, 'rep_dropout': 0.012804305187051834, 'train_learning_rate': 0.0002942039467008685, 'train_lr_reduce': 0.6}. Best is trial 156 with value: 0.33254924416542053.
[I 2024-12-19 08:02:26,019] Trial 792 finished with value: 1.5651503801345825 and parameters: {'mlp_n_layers': 2, 'mlp_dim_00': 338, 'mlp_dim_01': 68, 'node_hidden_dim': 114, 'edge_hidden_dim': 84, 'depth': 2, 'rep_dropout': 0.20042901674989191, 'train_learning_rate': 0.000256854157552554, 'train_lr_reduce': 0.6}. Best is trial 156 with value: 0.33254924416542053.
[I 2024-12-19 08:02:26,127] Trial 791 finished with value: 1.3967866897583008 and parameters: {'mlp_n_layers': 3, 'mlp_dim_00': 96, 'mlp_dim_01': 151, 'mlp_dim_02': 466, 'node_hidden_dim': 75, 'edge_hidden_dim': 124, 'depth': 2, 'rep_dropout': 0.22136685540147277, 'train_learning_rate': 0.003271984173141375, 'train_lr_reduce': 0.6}. Best is trial 156 with value: 0.33254924416542053.
[I 2024-12-19 08:02:30,425] Trial 795 finished with value: 1.529435396194458 and parameters: {'mlp_n_layers': 4, 'mlp_dim_00': 365, 'mlp_dim_01': 181, 'mlp_dim_02': 93, 'mlp_dim_03': 162, 'node_hidden_dim': 128, 'edge_hidden_dim': 53, 'depth': 2, 'rep_dropout': 0.07290948370412793, 'train_learning_rate': 0.002981327521131622, 'train_lr_reduce': 0.6}. Best is trial 156 with value: 0.33254924416542053.
[I 2024-12-19 08:02:30,702] Trial 794 finished with value: 1.4603673219680786 and parameters: {'mlp_n_layers': 4, 'mlp_dim_00': 487, 'mlp_dim_01': 187, 'mlp_dim_02': 157, 'mlp_dim_03': 250, 'node_hidden_dim': 96, 'edge_hidden_dim': 33, 'depth': 3, 'rep_dropout': 0.10790263861932414, 'train_learning_rate': 0.008889146509637463, 'train_lr_reduce': 0.6}. Best is trial 156 with value: 0.33254924416542053.
[I 2024-12-19 08:02:35,020] Trial 796 finished with value: 1.3704278469085693 and parameters: {'mlp_n_layers': 4, 'mlp_dim_00': 352, 'mlp_dim_01': 103, 'mlp_dim_02': 275, 'mlp_dim_03': 288, 'node_hidden_dim': 86, 'edge_hidden_dim': 36, 'depth': 4, 'rep_dropout': 0.04506816041300704, 'train_learning_rate': 0.0012732063306553592, 'train_lr_reduce': 0.6}. Best is trial 156 with value: 0.33254924416542053.
[I 2024-12-19 08:02:35,163] Trial 797 finished with value: 1.3302360773086548 and parameters: {'mlp_n_layers': 4, 'mlp_dim_00': 400, 'mlp_dim_01': 248, 'mlp_dim_02': 328, 'mlp_dim_03': 118, 'node_hidden_dim': 128, 'edge_hidden_dim': 124, 'depth': 2, 'rep_dropout': 0.10002617207650759, 'train_learning_rate': 0.00992769302088622, 'train_lr_reduce': 0.6}. Best is trial 156 with value: 0.33254924416542053.
[I 2024-12-19 08:02:40,309] Trial 798 finished with value: 1.363855242729187 and parameters: {'mlp_n_layers': 4, 'mlp_dim_00': 125, 'mlp_dim_01': 113, 'mlp_dim_02': 151, 'mlp_dim_03': 209, 'node_hidden_dim': 76, 'edge_hidden_dim': 103, 'depth': 2, 'rep_dropout': 0.22101499283921716, 'train_learning_rate': 0.0021308332093530873, 'train_lr_reduce': 0.6}. Best is trial 156 with value: 0.33254924416542053.
[I 2024-12-19 08:02:44,034] Trial 799 finished with value: 1.3184787034988403 and parameters: {'mlp_n_layers': 2, 'mlp_dim_00': 102, 'mlp_dim_01': 245, 'node_hidden_dim': 96, 'edge_hidden_dim': 105, 'depth': 4, 'rep_dropout': 0.22787387756554747, 'train_learning_rate': 0.0011771744022230314, 'train_lr_reduce': 0.6}. Best is trial 156 with value: 0.33254924416542053.
[I 2024-12-19 08:02:44,458] Trial 801 finished with value: 1.563147783279419 and parameters: {'mlp_n_layers': 4, 'mlp_dim_00': 484, 'mlp_dim_01': 262, 'mlp_dim_02': 449, 'mlp_dim_03': 251, 'node_hidden_dim': 122, 'edge_hidden_dim': 71, 'depth': 2, 'rep_dropout': 0.09710423791818575, 'train_learning_rate': 0.0008011738230449557, 'train_lr_reduce': 0.6}. Best is trial 156 with value: 0.33254924416542053.
[I 2024-12-19 08:02:44,609] Trial 800 finished with value: 1.373220443725586 and parameters: {'mlp_n_layers': 3, 'mlp_dim_00': 242, 'mlp_dim_01': 150, 'mlp_dim_02': 95, 'node_hidden_dim': 99, 'edge_hidden_dim': 77, 'depth': 2, 'rep_dropout': 0.030382925846072963, 'train_learning_rate': 0.002477053086551814, 'train_lr_reduce': 0.6}. Best is trial 156 with value: 0.33254924416542053.
[I 2024-12-19 08:02:49,523] Trial 803 finished with value: 1.3161295652389526 and parameters: {'mlp_n_layers': 3, 'mlp_dim_00': 145, 'mlp_dim_01': 196, 'mlp_dim_02': 512, 'node_hidden_dim': 118, 'edge_hidden_dim': 70, 'depth': 2, 'rep_dropout': 0.005336408896457069, 'train_learning_rate': 0.003344822850318743, 'train_lr_reduce': 0.6}. Best is trial 156 with value: 0.33254924416542053.
[I 2024-12-19 08:02:49,663] Trial 802 finished with value: 1.432397484779358 and parameters: {'mlp_n_layers': 2, 'mlp_dim_00': 426, 'mlp_dim_01': 348, 'node_hidden_dim': 85, 'edge_hidden_dim': 114, 'depth': 3, 'rep_dropout': 0.17828562628890215, 'train_learning_rate': 0.006856126093709722, 'train_lr_reduce': 0.6}. Best is trial 156 with value: 0.33254924416542053.
[I 2024-12-19 08:02:50,980] Trial 804 finished with value: 1.3207956552505493 and parameters: {'mlp_n_layers': 4, 'mlp_dim_00': 253, 'mlp_dim_01': 367, 'mlp_dim_02': 280, 'mlp_dim_03': 164, 'node_hidden_dim': 103, 'edge_hidden_dim': 125, 'depth': 4, 'rep_dropout': 0.20166191780975823, 'train_learning_rate': 0.00822962296228483, 'train_lr_reduce': 0.6}. Best is trial 156 with value: 0.33254924416542053.
[I 2024-12-19 08:02:56,058] Trial 807 finished with value: 1.3857008218765259 and parameters: {'mlp_n_layers': 3, 'mlp_dim_00': 336, 'mlp_dim_01': 126, 'mlp_dim_02': 180, 'node_hidden_dim': 121, 'edge_hidden_dim': 78, 'depth': 2, 'rep_dropout': 0.044956362788202225, 'train_learning_rate': 0.0036938023400359685, 'train_lr_reduce': 0.6}. Best is trial 156 with value: 0.33254924416542053.
[I 2024-12-19 08:03:02,333] Trial 808 finished with value: 1.5318342447280884 and parameters: {'mlp_n_layers': 4, 'mlp_dim_00': 94, 'mlp_dim_01': 116, 'mlp_dim_02': 258, 'mlp_dim_03': 301, 'node_hidden_dim': 115, 'edge_hidden_dim': 54, 'depth': 2, 'rep_dropout': 0.009501740980053644, 'train_learning_rate': 0.006404478176732819, 'train_lr_reduce': 0.6}. Best is trial 156 with value: 0.33254924416542053.
[I 2024-12-19 08:03:06,173] Trial 806 finished with value: 0.5431364178657532 and parameters: {'mlp_n_layers': 4, 'mlp_dim_00': 390, 'mlp_dim_01': 317, 'mlp_dim_02': 340, 'mlp_dim_03': 107, 'node_hidden_dim': 121, 'edge_hidden_dim': 103, 'depth': 2, 'rep_dropout': 0.022542866940564725, 'train_learning_rate': 0.0013172565415833525, 'train_lr_reduce': 0.6}. Best is trial 156 with value: 0.33254924416542053.
[I 2024-12-19 08:03:07,330] Trial 805 finished with value: 0.47192028164863586 and parameters: {'mlp_n_layers': 3, 'mlp_dim_00': 156, 'mlp_dim_01': 105, 'mlp_dim_02': 137, 'node_hidden_dim': 127, 'edge_hidden_dim': 68, 'depth': 2, 'rep_dropout': 0.01427020195982235, 'train_learning_rate': 0.0026986880821480647, 'train_lr_reduce': 0.6}. Best is trial 156 with value: 0.33254924416542053.
[I 2024-12-19 08:03:13,811] Trial 810 finished with value: 1.2738598585128784 and parameters: {'mlp_n_layers': 4, 'mlp_dim_00': 198, 'mlp_dim_01': 236, 'mlp_dim_02': 450, 'mlp_dim_03': 202, 'node_hidden_dim': 68, 'edge_hidden_dim': 72, 'depth': 2, 'rep_dropout': 0.1472885405419641, 'train_learning_rate': 0.003656382601001423, 'train_lr_reduce': 0.6}. Best is trial 156 with value: 0.33254924416542053.
[I 2024-12-19 08:03:15,151] Trial 811 finished with value: 1.3988319635391235 and parameters: {'mlp_n_layers': 4, 'mlp_dim_00': 507, 'mlp_dim_01': 482, 'mlp_dim_02': 65, 'mlp_dim_03': 237, 'node_hidden_dim': 107, 'edge_hidden_dim': 107, 'depth': 3, 'rep_dropout': 0.11287872395917073, 'train_learning_rate': 0.001308559287042205, 'train_lr_reduce': 0.6}. Best is trial 156 with value: 0.33254924416542053.
[I 2024-12-19 08:03:18,426] Trial 812 finished with value: 1.490529179573059 and parameters: {'mlp_n_layers': 4, 'mlp_dim_00': 218, 'mlp_dim_01': 366, 'mlp_dim_02': 204, 'mlp_dim_03': 161, 'node_hidden_dim': 108, 'edge_hidden_dim': 72, 'depth': 2, 'rep_dropout': 0.06792677155892227, 'train_learning_rate': 0.008717968429476074, 'train_lr_reduce': 0.6}. Best is trial 156 with value: 0.33254924416542053.
[I 2024-12-19 08:03:19,626] Trial 809 finished with value: 0.428970605134964 and parameters: {'mlp_n_layers': 3, 'mlp_dim_00': 102, 'mlp_dim_01': 131, 'mlp_dim_02': 106, 'node_hidden_dim': 128, 'edge_hidden_dim': 41, 'depth': 2, 'rep_dropout': 0.135886306662191, 'train_learning_rate': 0.0027344698670242304, 'train_lr_reduce': 0.6}. Best is trial 156 with value: 0.33254924416542053.
[I 2024-12-19 08:03:22,086] Trial 813 finished with value: 1.468715786933899 and parameters: {'mlp_n_layers': 4, 'mlp_dim_00': 462, 'mlp_dim_01': 199, 'mlp_dim_02': 145, 'mlp_dim_03': 113, 'node_hidden_dim': 123, 'edge_hidden_dim': 79, 'depth': 4, 'rep_dropout': 0.12587734138027176, 'train_learning_rate': 0.005275186208376411, 'train_lr_reduce': 0.6}. Best is trial 156 with value: 0.33254924416542053.
[I 2024-12-19 08:03:23,598] Trial 814 finished with value: 1.5679614543914795 and parameters: {'mlp_n_layers': 4, 'mlp_dim_00': 257, 'mlp_dim_01': 467, 'mlp_dim_02': 293, 'mlp_dim_03': 64, 'node_hidden_dim': 65, 'edge_hidden_dim': 114, 'depth': 2, 'rep_dropout': 0.10752818131618042, 'train_learning_rate': 0.00022136360703831277, 'train_lr_reduce': 0.6}. Best is trial 156 with value: 0.33254924416542053.
[I 2024-12-19 08:03:24,045] Trial 815 finished with value: 1.5350736379623413 and parameters: {'mlp_n_layers': 2, 'mlp_dim_00': 444, 'mlp_dim_01': 314, 'node_hidden_dim': 86, 'edge_hidden_dim': 126, 'depth': 4, 'rep_dropout': 0.05262216211476112, 'train_learning_rate': 0.0002720821279492851, 'train_lr_reduce': 0.6}. Best is trial 156 with value: 0.33254924416542053.
[I 2024-12-19 08:03:26,335] Trial 816 finished with value: 1.458587884902954 and parameters: {'mlp_n_layers': 3, 'mlp_dim_00': 199, 'mlp_dim_01': 132, 'mlp_dim_02': 461, 'node_hidden_dim': 123, 'edge_hidden_dim': 66, 'depth': 2, 'rep_dropout': 0.06601951368556529, 'train_learning_rate': 0.0020405460762788047, 'train_lr_reduce': 0.6}. Best is trial 156 with value: 0.33254924416542053.
[I 2024-12-19 08:03:27,985] Trial 817 finished with value: 1.435332179069519 and parameters: {'mlp_n_layers': 4, 'mlp_dim_00': 453, 'mlp_dim_01': 162, 'mlp_dim_02': 252, 'mlp_dim_03': 239, 'node_hidden_dim': 120, 'edge_hidden_dim': 34, 'depth': 3, 'rep_dropout': 0.16757416159327013, 'train_learning_rate': 0.003378590727659308, 'train_lr_reduce': 0.6}. Best is trial 156 with value: 0.33254924416542053.
[I 2024-12-19 08:03:31,413] Trial 818 finished with value: 1.3639698028564453 and parameters: {'mlp_n_layers': 3, 'mlp_dim_00': 67, 'mlp_dim_01': 73, 'mlp_dim_02': 113, 'node_hidden_dim': 87, 'edge_hidden_dim': 95, 'depth': 2, 'rep_dropout': 0.050801626267123645, 'train_learning_rate': 0.008862840229785592, 'train_lr_reduce': 0.6}. Best is trial 156 with value: 0.33254924416542053.
[I 2024-12-19 08:03:35,237] Trial 820 finished with value: 1.3543461561203003 and parameters: {'mlp_n_layers': 3, 'mlp_dim_00': 264, 'mlp_dim_01': 133, 'mlp_dim_02': 178, 'node_hidden_dim': 127, 'edge_hidden_dim': 76, 'depth': 2, 'rep_dropout': 0.01021937958336528, 'train_learning_rate': 0.0014627005186823245, 'train_lr_reduce': 0.6}. Best is trial 156 with value: 0.33254924416542053.
[I 2024-12-19 08:03:36,305] Trial 821 finished with value: 1.5844287872314453 and parameters: {'mlp_n_layers': 4, 'mlp_dim_00': 383, 'mlp_dim_01': 469, 'mlp_dim_02': 107, 'mlp_dim_03': 192, 'node_hidden_dim': 32, 'edge_hidden_dim': 36, 'depth': 2, 'rep_dropout': 0.04000924325437513, 'train_learning_rate': 0.0002563268992279588, 'train_lr_reduce': 0.6}. Best is trial 156 with value: 0.33254924416542053.
[I 2024-12-19 08:03:40,235] Trial 822 finished with value: 1.5361336469650269 and parameters: {'mlp_n_layers': 4, 'mlp_dim_00': 197, 'mlp_dim_01': 361, 'mlp_dim_02': 512, 'mlp_dim_03': 302, 'node_hidden_dim': 81, 'edge_hidden_dim': 91, 'depth': 4, 'rep_dropout': 0.19960573305462156, 'train_learning_rate': 0.0010618720909915404, 'train_lr_reduce': 0.6}. Best is trial 156 with value: 0.33254924416542053.
[I 2024-12-19 08:03:40,740] Trial 819 finished with value: 0.46133750677108765 and parameters: {'mlp_n_layers': 3, 'mlp_dim_00': 198, 'mlp_dim_01': 95, 'mlp_dim_02': 329, 'node_hidden_dim': 112, 'edge_hidden_dim': 83, 'depth': 2, 'rep_dropout': 0.02482473256489292, 'train_learning_rate': 0.002785266639976756, 'train_lr_reduce': 0.6}. Best is trial 156 with value: 0.33254924416542053.
[I 2024-12-19 08:03:44,436] Trial 824 finished with value: 1.4860420227050781 and parameters: {'mlp_n_layers': 2, 'mlp_dim_00': 512, 'mlp_dim_01': 262, 'node_hidden_dim': 98, 'edge_hidden_dim': 39, 'depth': 2, 'rep_dropout': 0.0014966364880489025, 'train_learning_rate': 0.002864395067574524, 'train_lr_reduce': 0.6}. Best is trial 156 with value: 0.33254924416542053.
[I 2024-12-19 08:03:44,738] Trial 825 finished with value: 1.4339689016342163 and parameters: {'mlp_n_layers': 4, 'mlp_dim_00': 498, 'mlp_dim_01': 281, 'mlp_dim_02': 146, 'mlp_dim_03': 259, 'node_hidden_dim': 125, 'edge_hidden_dim': 75, 'depth': 2, 'rep_dropout': 0.14076949354609114, 'train_learning_rate': 0.004390515906049128, 'train_lr_reduce': 0.6}. Best is trial 156 with value: 0.33254924416542053.
[I 2024-12-19 08:03:46,791] Trial 823 finished with value: 1.372179627418518 and parameters: {'mlp_n_layers': 4, 'mlp_dim_00': 499, 'mlp_dim_01': 482, 'mlp_dim_02': 257, 'mlp_dim_03': 65, 'node_hidden_dim': 94, 'edge_hidden_dim': 94, 'depth': 2, 'rep_dropout': 0.12963221927845256, 'train_learning_rate': 0.002911123109255627, 'train_lr_reduce': 0.6}. Best is trial 156 with value: 0.33254924416542053.
[I 2024-12-19 08:03:48,657] Trial 826 finished with value: 1.2995624542236328 and parameters: {'mlp_n_layers': 4, 'mlp_dim_00': 98, 'mlp_dim_01': 69, 'mlp_dim_02': 289, 'mlp_dim_03': 132, 'node_hidden_dim': 124, 'edge_hidden_dim': 108, 'depth': 2, 'rep_dropout': 0.09652332712484127, 'train_learning_rate': 0.009589162701477468, 'train_lr_reduce': 0.6}. Best is trial 156 with value: 0.33254924416542053.
[I 2024-12-19 08:03:49,188] Trial 827 finished with value: 1.4114761352539062 and parameters: {'mlp_n_layers': 2, 'mlp_dim_00': 225, 'mlp_dim_01': 191, 'node_hidden_dim': 127, 'edge_hidden_dim': 68, 'depth': 2, 'rep_dropout': 0.03853429085452039, 'train_learning_rate': 0.002432215635555426, 'train_lr_reduce': 0.6}. Best is trial 156 with value: 0.33254924416542053.
[I 2024-12-19 08:03:52,187] Trial 828 finished with value: 1.5675382614135742 and parameters: {'mlp_n_layers': 2, 'mlp_dim_00': 110, 'mlp_dim_01': 388, 'node_hidden_dim': 98, 'edge_hidden_dim': 75, 'depth': 4, 'rep_dropout': 0.23463462169544294, 'train_learning_rate': 0.00015189741788582988, 'train_lr_reduce': 0.6}. Best is trial 156 with value: 0.33254924416542053.
[I 2024-12-19 08:03:53,134] Trial 829 finished with value: 1.556550145149231 and parameters: {'mlp_n_layers': 3, 'mlp_dim_00': 442, 'mlp_dim_01': 448, 'mlp_dim_02': 216, 'node_hidden_dim': 48, 'edge_hidden_dim': 60, 'depth': 3, 'rep_dropout': 0.23152070077090486, 'train_learning_rate': 0.0010002636200636523, 'train_lr_reduce': 0.6}. Best is trial 156 with value: 0.33254924416542053.
[I 2024-12-19 08:03:53,541] Trial 830 finished with value: 1.364622950553894 and parameters: {'mlp_n_layers': 2, 'mlp_dim_00': 348, 'mlp_dim_01': 186, 'node_hidden_dim': 44, 'edge_hidden_dim': 38, 'depth': 4, 'rep_dropout': 0.13336054851858947, 'train_learning_rate': 0.002314047923235214, 'train_lr_reduce': 0.6}. Best is trial 156 with value: 0.33254924416542053.
