[I 2024-12-19 08:27:26,154] Trial 1502 finished with value: 1.3767108917236328 and parameters: {'mlp_n_layers': 3, 'mlp_dim_00': 160, 'mlp_dim_01': 272, 'mlp_dim_02': 512, 'node_hidden_dim': 126, 'edge_hidden_dim': 38, 'depth': 2, 'rep_dropout': 0.12372704354861988, 'train_learning_rate': 0.0068135960993916025, 'train_lr_reduce': 0.6}. Best is trial 1483 with value: 0.2768918573856354.
[I 2024-12-19 08:27:28,124] Trial 1503 finished with value: 1.283182978630066 and parameters: {'mlp_n_layers': 2, 'mlp_dim_00': 302, 'mlp_dim_01': 220, 'node_hidden_dim': 121, 'edge_hidden_dim': 43, 'depth': 2, 'rep_dropout': 0.08056345311690966, 'train_learning_rate': 0.004766061668475525, 'train_lr_reduce': 0.6}. Best is trial 1483 with value: 0.2768918573856354.
[I 2024-12-19 08:27:29,294] Trial 1501 finished with value: 1.3566385507583618 and parameters: {'mlp_n_layers': 4, 'mlp_dim_00': 304, 'mlp_dim_01': 311, 'mlp_dim_02': 469, 'mlp_dim_03': 72, 'node_hidden_dim': 83, 'edge_hidden_dim': 77, 'depth': 4, 'rep_dropout': 0.016798009760616017, 'train_learning_rate': 0.000941796709152978, 'train_lr_reduce': 0.6}. Best is trial 1483 with value: 0.2768918573856354.
[I 2024-12-19 08:27:31,713] Trial 1504 finished with value: 1.476392388343811 and parameters: {'mlp_n_layers': 2, 'mlp_dim_00': 346, 'mlp_dim_01': 168, 'node_hidden_dim': 105, 'edge_hidden_dim': 56, 'depth': 3, 'rep_dropout': 0.044960986647576605, 'train_learning_rate': 0.009002906735180864, 'train_lr_reduce': 0.6}. Best is trial 1483 with value: 0.2768918573856354.
[I 2024-12-19 08:27:33,340] Trial 1506 finished with value: 1.3217626810073853 and parameters: {'mlp_n_layers': 3, 'mlp_dim_00': 361, 'mlp_dim_01': 271, 'mlp_dim_02': 501, 'node_hidden_dim': 38, 'edge_hidden_dim': 92, 'depth': 2, 'rep_dropout': 0.11750979710312343, 'train_learning_rate': 0.0046818956676249355, 'train_lr_reduce': 0.6}. Best is trial 1483 with value: 0.2768918573856354.
[I 2024-12-19 08:27:33,491] Trial 1505 finished with value: 1.297985315322876 and parameters: {'mlp_n_layers': 2, 'mlp_dim_00': 80, 'mlp_dim_01': 286, 'node_hidden_dim': 88, 'edge_hidden_dim': 61, 'depth': 4, 'rep_dropout': 0.11281666844540392, 'train_learning_rate': 0.006703566657546512, 'train_lr_reduce': 0.6}. Best is trial 1483 with value: 0.2768918573856354.
[I 2024-12-19 08:27:36,143] Trial 1507 finished with value: 1.458748698234558 and parameters: {'mlp_n_layers': 2, 'mlp_dim_00': 217, 'mlp_dim_01': 115, 'node_hidden_dim': 118, 'edge_hidden_dim': 84, 'depth': 2, 'rep_dropout': 0.02497162270661407, 'train_learning_rate': 0.005429590666872042, 'train_lr_reduce': 0.6}. Best is trial 1483 with value: 0.2768918573856354.
[I 2024-12-19 08:27:42,132] Trial 1508 finished with value: 0.7879005670547485 and parameters: {'mlp_n_layers': 2, 'mlp_dim_00': 267, 'mlp_dim_01': 95, 'node_hidden_dim': 119, 'edge_hidden_dim': 88, 'depth': 2, 'rep_dropout': 0.0180002824715219, 'train_learning_rate': 0.00841676753459534, 'train_lr_reduce': 0.6}. Best is trial 1483 with value: 0.2768918573856354.
[I 2024-12-19 08:27:42,856] Trial 1509 finished with value: 1.3304383754730225 and parameters: {'mlp_n_layers': 4, 'mlp_dim_00': 193, 'mlp_dim_01': 281, 'mlp_dim_02': 475, 'mlp_dim_03': 71, 'node_hidden_dim': 126, 'edge_hidden_dim': 54, 'depth': 2, 'rep_dropout': 0.0327684473852451, 'train_learning_rate': 0.0017724844602059894, 'train_lr_reduce': 0.6}. Best is trial 1483 with value: 0.2768918573856354.
[I 2024-12-19 08:27:44,959] Trial 1510 finished with value: 1.369902491569519 and parameters: {'mlp_n_layers': 4, 'mlp_dim_00': 127, 'mlp_dim_01': 449, 'mlp_dim_02': 509, 'mlp_dim_03': 79, 'node_hidden_dim': 116, 'edge_hidden_dim': 76, 'depth': 2, 'rep_dropout': 0.061789929624681224, 'train_learning_rate': 0.002675580464155784, 'train_lr_reduce': 0.6}. Best is trial 1483 with value: 0.2768918573856354.
[I 2024-12-19 08:27:47,770] Trial 1512 finished with value: 1.38896906375885 and parameters: {'mlp_n_layers': 4, 'mlp_dim_00': 253, 'mlp_dim_01': 274, 'mlp_dim_02': 503, 'mlp_dim_03': 72, 'node_hidden_dim': 118, 'edge_hidden_dim': 63, 'depth': 3, 'rep_dropout': 0.10662469726962019, 'train_learning_rate': 0.003937712514725213, 'train_lr_reduce': 0.6}. Best is trial 1483 with value: 0.2768918573856354.
[I 2024-12-19 08:27:49,790] Trial 1513 finished with value: 1.4830784797668457 and parameters: {'mlp_n_layers': 2, 'mlp_dim_00': 160, 'mlp_dim_01': 149, 'node_hidden_dim': 95, 'edge_hidden_dim': 57, 'depth': 2, 'rep_dropout': 0.08329795806156153, 'train_learning_rate': 0.004076454186702277, 'train_lr_reduce': 0.6}. Best is trial 1483 with value: 0.2768918573856354.
[I 2024-12-19 08:27:57,052] Trial 1511 finished with value: 0.3809821307659149 and parameters: {'mlp_n_layers': 2, 'mlp_dim_00': 178, 'mlp_dim_01': 166, 'node_hidden_dim': 113, 'edge_hidden_dim': 45, 'depth': 2, 'rep_dropout': 0.03179042069848252, 'train_learning_rate': 0.00661670361396161, 'train_lr_reduce': 0.6}. Best is trial 1483 with value: 0.2768918573856354.
[I 2024-12-19 08:28:01,460] Trial 1516 finished with value: 1.2834036350250244 and parameters: {'mlp_n_layers': 2, 'mlp_dim_00': 121, 'mlp_dim_01': 236, 'node_hidden_dim': 109, 'edge_hidden_dim': 44, 'depth': 3, 'rep_dropout': 0.047371638760209236, 'train_learning_rate': 0.007677266476735627, 'train_lr_reduce': 0.6}. Best is trial 1483 with value: 0.2768918573856354.
[I 2024-12-19 08:28:03,622] Trial 1514 finished with value: 0.43578800559043884 and parameters: {'mlp_n_layers': 4, 'mlp_dim_00': 285, 'mlp_dim_01': 258, 'mlp_dim_02': 511, 'mlp_dim_03': 73, 'node_hidden_dim': 107, 'edge_hidden_dim': 47, 'depth': 2, 'rep_dropout': 0.05396215609573782, 'train_learning_rate': 0.002962528331579805, 'train_lr_reduce': 0.6}. Best is trial 1483 with value: 0.2768918573856354.
[I 2024-12-19 08:28:05,319] Trial 1515 finished with value: 0.35147058963775635 and parameters: {'mlp_n_layers': 2, 'mlp_dim_00': 226, 'mlp_dim_01': 229, 'node_hidden_dim': 100, 'edge_hidden_dim': 39, 'depth': 2, 'rep_dropout': 0.07369609694976662, 'train_learning_rate': 0.00792590217362284, 'train_lr_reduce': 0.6}. Best is trial 1483 with value: 0.2768918573856354.
[I 2024-12-19 08:28:05,464] Trial 1517 finished with value: 1.2896153926849365 and parameters: {'mlp_n_layers': 2, 'mlp_dim_00': 187, 'mlp_dim_01': 77, 'node_hidden_dim': 122, 'edge_hidden_dim': 61, 'depth': 2, 'rep_dropout': 0.07683864576722683, 'train_learning_rate': 0.0038729878103552695, 'train_lr_reduce': 0.6}. Best is trial 1483 with value: 0.2768918573856354.
[I 2024-12-19 08:28:09,911] Trial 1520 finished with value: 1.3146429061889648 and parameters: {'mlp_n_layers': 2, 'mlp_dim_00': 264, 'mlp_dim_01': 195, 'node_hidden_dim': 99, 'edge_hidden_dim': 41, 'depth': 3, 'rep_dropout': 0.13411548911937382, 'train_learning_rate': 0.005011064487832133, 'train_lr_reduce': 0.6}. Best is trial 1483 with value: 0.2768918573856354.
[I 2024-12-19 08:28:10,434] Trial 1518 finished with value: 1.5774890184402466 and parameters: {'mlp_n_layers': 4, 'mlp_dim_00': 297, 'mlp_dim_01': 193, 'mlp_dim_02': 477, 'mlp_dim_03': 79, 'node_hidden_dim': 126, 'edge_hidden_dim': 47, 'depth': 4, 'rep_dropout': 0.2355885369995576, 'train_learning_rate': 0.0001662381789497217, 'train_lr_reduce': 0.6}. Best is trial 1483 with value: 0.2768918573856354.
[I 2024-12-19 08:28:14,900] Trial 1522 finished with value: 1.3363447189331055 and parameters: {'mlp_n_layers': 2, 'mlp_dim_00': 296, 'mlp_dim_01': 139, 'node_hidden_dim': 123, 'edge_hidden_dim': 43, 'depth': 2, 'rep_dropout': 0.017425135833970824, 'train_learning_rate': 0.007014266075496707, 'train_lr_reduce': 0.6}. Best is trial 1483 with value: 0.2768918573856354.
[I 2024-12-19 08:28:19,252] Trial 1523 finished with value: 1.3026419878005981 and parameters: {'mlp_n_layers': 2, 'mlp_dim_00': 121, 'mlp_dim_01': 184, 'node_hidden_dim': 105, 'edge_hidden_dim': 43, 'depth': 2, 'rep_dropout': 0.03249797107060174, 'train_learning_rate': 0.00396154978752338, 'train_lr_reduce': 0.6}. Best is trial 1483 with value: 0.2768918573856354.
[I 2024-12-19 08:28:19,436] Trial 1519 finished with value: 0.5117521286010742 and parameters: {'mlp_n_layers': 2, 'mlp_dim_00': 240, 'mlp_dim_01': 169, 'node_hidden_dim': 117, 'edge_hidden_dim': 68, 'depth': 2, 'rep_dropout': 0.0840118599025544, 'train_learning_rate': 0.006595334019285365, 'train_lr_reduce': 0.6}. Best is trial 1483 with value: 0.2768918573856354.
[I 2024-12-19 08:28:23,994] Trial 1521 finished with value: 0.40459027886390686 and parameters: {'mlp_n_layers': 4, 'mlp_dim_00': 370, 'mlp_dim_01': 501, 'mlp_dim_02': 206, 'mlp_dim_03': 131, 'node_hidden_dim': 117, 'edge_hidden_dim': 46, 'depth': 2, 'rep_dropout': 0.05738344315807539, 'train_learning_rate': 0.00245167002708878, 'train_lr_reduce': 0.6}. Best is trial 1483 with value: 0.2768918573856354.
[I 2024-12-19 08:28:24,011] Trial 1524 finished with value: 1.3677281141281128 and parameters: {'mlp_n_layers': 2, 'mlp_dim_00': 274, 'mlp_dim_01': 248, 'node_hidden_dim': 103, 'edge_hidden_dim': 37, 'depth': 2, 'rep_dropout': 0.047807913548174985, 'train_learning_rate': 0.008931920975163508, 'train_lr_reduce': 0.6}. Best is trial 1483 with value: 0.2768918573856354.
[I 2024-12-19 08:28:28,576] Trial 1526 finished with value: 1.4112516641616821 and parameters: {'mlp_n_layers': 2, 'mlp_dim_00': 151, 'mlp_dim_01': 220, 'node_hidden_dim': 94, 'edge_hidden_dim': 37, 'depth': 2, 'rep_dropout': 0.030475063718849234, 'train_learning_rate': 0.006041179081304608, 'train_lr_reduce': 0.6}. Best is trial 1483 with value: 0.2768918573856354.
[I 2024-12-19 08:28:34,961] Trial 1525 finished with value: 0.4084254801273346 and parameters: {'mlp_n_layers': 2, 'mlp_dim_00': 209, 'mlp_dim_01': 211, 'node_hidden_dim': 95, 'edge_hidden_dim': 55, 'depth': 2, 'rep_dropout': 0.009963202715733439, 'train_learning_rate': 0.008816077698864569, 'train_lr_reduce': 0.6}. Best is trial 1483 with value: 0.2768918573856354.
[I 2024-12-19 08:28:36,030] Trial 1528 finished with value: 1.2602155208587646 and parameters: {'mlp_n_layers': 2, 'mlp_dim_00': 223, 'mlp_dim_01': 250, 'node_hidden_dim': 121, 'edge_hidden_dim': 39, 'depth': 2, 'rep_dropout': 0.071705429638417, 'train_learning_rate': 0.009241361199533166, 'train_lr_reduce': 0.6}. Best is trial 1483 with value: 0.2768918573856354.
[I 2024-12-19 08:28:39,280] Trial 1529 finished with value: 1.318554401397705 and parameters: {'mlp_n_layers': 2, 'mlp_dim_00': 201, 'mlp_dim_01': 169, 'node_hidden_dim': 58, 'edge_hidden_dim': 63, 'depth': 3, 'rep_dropout': 0.008793785672245591, 'train_learning_rate': 0.00378140430605462, 'train_lr_reduce': 0.6}. Best is trial 1483 with value: 0.2768918573856354.
[I 2024-12-19 08:28:40,109] Trial 1527 finished with value: 0.5564109683036804 and parameters: {'mlp_n_layers': 2, 'mlp_dim_00': 254, 'mlp_dim_01': 180, 'node_hidden_dim': 113, 'edge_hidden_dim': 47, 'depth': 2, 'rep_dropout': 0.015722097496716318, 'train_learning_rate': 0.0039613269553000555, 'train_lr_reduce': 0.6}. Best is trial 1483 with value: 0.2768918573856354.
[I 2024-12-19 08:28:43,659] Trial 1531 finished with value: 1.3205000162124634 and parameters: {'mlp_n_layers': 2, 'mlp_dim_00': 243, 'mlp_dim_01': 113, 'node_hidden_dim': 106, 'edge_hidden_dim': 52, 'depth': 2, 'rep_dropout': 0.10440719556081215, 'train_learning_rate': 0.008391286234144696, 'train_lr_reduce': 0.6}. Best is trial 1483 with value: 0.2768918573856354.
[I 2024-12-19 08:28:44,166] Trial 1530 finished with value: 0.7804875373840332 and parameters: {'mlp_n_layers': 2, 'mlp_dim_00': 199, 'mlp_dim_01': 197, 'node_hidden_dim': 91, 'edge_hidden_dim': 43, 'depth': 2, 'rep_dropout': 0.05092323369735681, 'train_learning_rate': 0.009216581719947903, 'train_lr_reduce': 0.6}. Best is trial 1483 with value: 0.2768918573856354.
[I 2024-12-19 08:28:44,500] Trial 1532 finished with value: 1.5208806991577148 and parameters: {'mlp_n_layers': 2, 'mlp_dim_00': 293, 'mlp_dim_01': 196, 'node_hidden_dim': 91, 'edge_hidden_dim': 48, 'depth': 2, 'rep_dropout': 0.0457722289720921, 'train_learning_rate': 0.003127084704244867, 'train_lr_reduce': 0.6}. Best is trial 1483 with value: 0.2768918573856354.
[I 2024-12-19 08:28:47,734] Trial 1533 finished with value: 1.3083250522613525 and parameters: {'mlp_n_layers': 2, 'mlp_dim_00': 255, 'mlp_dim_01': 202, 'node_hidden_dim': 112, 'edge_hidden_dim': 40, 'depth': 2, 'rep_dropout': 0.07377783789531708, 'train_learning_rate': 0.0051485090666337436, 'train_lr_reduce': 0.6}. Best is trial 1483 with value: 0.2768918573856354.
[I 2024-12-19 08:28:48,086] Trial 1534 finished with value: 1.2897826433181763 and parameters: {'mlp_n_layers': 2, 'mlp_dim_00': 294, 'mlp_dim_01': 118, 'node_hidden_dim': 128, 'edge_hidden_dim': 57, 'depth': 2, 'rep_dropout': 0.030250070050975665, 'train_learning_rate': 0.002639373127608412, 'train_lr_reduce': 0.6}. Best is trial 1483 with value: 0.2768918573856354.
[I 2024-12-19 08:28:53,733] Trial 1536 finished with value: 1.3998581171035767 and parameters: {'mlp_n_layers': 4, 'mlp_dim_00': 178, 'mlp_dim_01': 340, 'mlp_dim_02': 434, 'mlp_dim_03': 127, 'node_hidden_dim': 40, 'edge_hidden_dim': 66, 'depth': 3, 'rep_dropout': 0.0027639322203508454, 'train_learning_rate': 0.005538088958964267, 'train_lr_reduce': 0.6}. Best is trial 1483 with value: 0.2768918573856354.
[I 2024-12-19 08:28:58,537] Trial 1538 finished with value: 1.4599930047988892 and parameters: {'mlp_n_layers': 3, 'mlp_dim_00': 175, 'mlp_dim_01': 235, 'mlp_dim_02': 448, 'node_hidden_dim': 89, 'edge_hidden_dim': 40, 'depth': 2, 'rep_dropout': 0.12687045960479118, 'train_learning_rate': 0.005941011236782666, 'train_lr_reduce': 0.6}. Best is trial 1483 with value: 0.2768918573856354.
[I 2024-12-19 08:28:59,042] Trial 1537 finished with value: 1.3581007719039917 and parameters: {'mlp_n_layers': 4, 'mlp_dim_00': 257, 'mlp_dim_01': 413, 'mlp_dim_02': 435, 'mlp_dim_03': 429, 'node_hidden_dim': 107, 'edge_hidden_dim': 55, 'depth': 3, 'rep_dropout': 0.1071289538609203, 'train_learning_rate': 0.0016927400416690281, 'train_lr_reduce': 0.6}. Best is trial 1483 with value: 0.2768918573856354.
[I 2024-12-19 08:29:00,910] Trial 1535 finished with value: 0.524458646774292 and parameters: {'mlp_n_layers': 2, 'mlp_dim_00': 240, 'mlp_dim_01': 342, 'node_hidden_dim': 105, 'edge_hidden_dim': 42, 'depth': 2, 'rep_dropout': 0.1124049225291549, 'train_learning_rate': 0.005729483163291088, 'train_lr_reduce': 0.6}. Best is trial 1483 with value: 0.2768918573856354.
[I 2024-12-19 08:29:02,924] Trial 1539 finished with value: 1.4244232177734375 and parameters: {'mlp_n_layers': 2, 'mlp_dim_00': 230, 'mlp_dim_01': 260, 'node_hidden_dim': 112, 'edge_hidden_dim': 46, 'depth': 2, 'rep_dropout': 0.05036100306418646, 'train_learning_rate': 0.001968610701094454, 'train_lr_reduce': 0.6}. Best is trial 1483 with value: 0.2768918573856354.
[I 2024-12-19 08:29:05,183] Trial 1540 finished with value: 1.5002316236495972 and parameters: {'mlp_n_layers': 2, 'mlp_dim_00': 185, 'mlp_dim_01': 506, 'node_hidden_dim': 117, 'edge_hidden_dim': 101, 'depth': 2, 'rep_dropout': 0.08580654873882908, 'train_learning_rate': 0.006396548697491615, 'train_lr_reduce': 0.6}. Best is trial 1483 with value: 0.2768918573856354.
[I 2024-12-19 08:29:05,985] Trial 1541 finished with value: 1.41667902469635 and parameters: {'mlp_n_layers': 2, 'mlp_dim_00': 264, 'mlp_dim_01': 159, 'node_hidden_dim': 113, 'edge_hidden_dim': 62, 'depth': 3, 'rep_dropout': 0.11498560689936388, 'train_learning_rate': 0.006509558046141903, 'train_lr_reduce': 0.6}. Best is trial 1483 with value: 0.2768918573856354.
[I 2024-12-19 08:29:07,407] Trial 1542 finished with value: 1.5133609771728516 and parameters: {'mlp_n_layers': 2, 'mlp_dim_00': 194, 'mlp_dim_01': 241, 'node_hidden_dim': 87, 'edge_hidden_dim': 44, 'depth': 2, 'rep_dropout': 0.10183112038787988, 'train_learning_rate': 0.0029811407971799147, 'train_lr_reduce': 0.6}. Best is trial 1483 with value: 0.2768918573856354.
[I 2024-12-19 08:29:09,464] Trial 1543 finished with value: 1.282879114151001 and parameters: {'mlp_n_layers': 2, 'mlp_dim_00': 204, 'mlp_dim_01': 306, 'node_hidden_dim': 107, 'edge_hidden_dim': 70, 'depth': 3, 'rep_dropout': 0.06558855665870181, 'train_learning_rate': 0.0038790535242670928, 'train_lr_reduce': 0.6}. Best is trial 1483 with value: 0.2768918573856354.
[I 2024-12-19 08:29:10,758] Trial 1544 finished with value: 1.5478650331497192 and parameters: {'mlp_n_layers': 4, 'mlp_dim_00': 396, 'mlp_dim_01': 421, 'mlp_dim_02': 434, 'mlp_dim_03': 125, 'node_hidden_dim': 58, 'edge_hidden_dim': 54, 'depth': 4, 'rep_dropout': 0.02584953501554388, 'train_learning_rate': 0.0007833751399459424, 'train_lr_reduce': 0.6}. Best is trial 1483 with value: 0.2768918573856354.
[I 2024-12-19 08:29:11,237] Trial 1545 finished with value: 1.4926788806915283 and parameters: {'mlp_n_layers': 2, 'mlp_dim_00': 181, 'mlp_dim_01': 120, 'node_hidden_dim': 111, 'edge_hidden_dim': 32, 'depth': 2, 'rep_dropout': 0.1365753253685958, 'train_learning_rate': 0.003313243485132185, 'train_lr_reduce': 0.6}. Best is trial 1483 with value: 0.2768918573856354.
[I 2024-12-19 08:29:13,455] Trial 1546 finished with value: 1.3467674255371094 and parameters: {'mlp_n_layers': 2, 'mlp_dim_00': 211, 'mlp_dim_01': 185, 'node_hidden_dim': 104, 'edge_hidden_dim': 56, 'depth': 2, 'rep_dropout': 0.034608330510464816, 'train_learning_rate': 0.005807427481315228, 'train_lr_reduce': 0.6}. Best is trial 1483 with value: 0.2768918573856354.
[I 2024-12-19 08:29:15,748] Trial 1547 finished with value: 1.3854204416275024 and parameters: {'mlp_n_layers': 4, 'mlp_dim_00': 419, 'mlp_dim_01': 177, 'mlp_dim_02': 434, 'mlp_dim_03': 122, 'node_hidden_dim': 98, 'edge_hidden_dim': 52, 'depth': 4, 'rep_dropout': 0.16542074452046412, 'train_learning_rate': 0.007906076433400465, 'train_lr_reduce': 0.6}. Best is trial 1483 with value: 0.2768918573856354.
[I 2024-12-19 08:29:18,586] Trial 1549 finished with value: 1.438947319984436 and parameters: {'mlp_n_layers': 2, 'mlp_dim_00': 239, 'mlp_dim_01': 148, 'node_hidden_dim': 86, 'edge_hidden_dim': 92, 'depth': 3, 'rep_dropout': 0.0033479992424038946, 'train_learning_rate': 0.0042319727803730705, 'train_lr_reduce': 0.6}. Best is trial 1483 with value: 0.2768918573856354.
[I 2024-12-19 08:29:23,053] Trial 1551 finished with value: 1.5386912822723389 and parameters: {'mlp_n_layers': 3, 'mlp_dim_00': 70, 'mlp_dim_01': 441, 'mlp_dim_02': 206, 'node_hidden_dim': 122, 'edge_hidden_dim': 91, 'depth': 3, 'rep_dropout': 0.07448905937455491, 'train_learning_rate': 0.001127253482765709, 'train_lr_reduce': 0.6}. Best is trial 1483 with value: 0.2768918573856354.
[I 2024-12-19 08:29:24,040] Trial 1550 finished with value: 0.7528864145278931 and parameters: {'mlp_n_layers': 2, 'mlp_dim_00': 244, 'mlp_dim_01': 99, 'node_hidden_dim': 109, 'edge_hidden_dim': 39, 'depth': 2, 'rep_dropout': 0.046710263686932, 'train_learning_rate': 0.00918961400511317, 'train_lr_reduce': 0.6}. Best is trial 1483 with value: 0.2768918573856354.
[I 2024-12-19 08:29:25,296] Trial 1548 finished with value: 0.32977917790412903 and parameters: {'mlp_n_layers': 2, 'mlp_dim_00': 203, 'mlp_dim_01': 206, 'node_hidden_dim': 96, 'edge_hidden_dim': 66, 'depth': 2, 'rep_dropout': 0.09887505078095087, 'train_learning_rate': 0.008576309960399904, 'train_lr_reduce': 0.6}. Best is trial 1483 with value: 0.2768918573856354.
[I 2024-12-19 08:29:29,061] Trial 1553 finished with value: 1.500441312789917 and parameters: {'mlp_n_layers': 2, 'mlp_dim_00': 277, 'mlp_dim_01': 269, 'node_hidden_dim': 83, 'edge_hidden_dim': 46, 'depth': 3, 'rep_dropout': 0.014020913143055973, 'train_learning_rate': 0.0037361002435047416, 'train_lr_reduce': 0.6}. Best is trial 1483 with value: 0.2768918573856354.
[I 2024-12-19 08:29:29,845] Trial 1554 finished with value: 1.2895704507827759 and parameters: {'mlp_n_layers': 2, 'mlp_dim_00': 270, 'mlp_dim_01': 193, 'node_hidden_dim': 92, 'edge_hidden_dim': 100, 'depth': 2, 'rep_dropout': 0.09824874552725216, 'train_learning_rate': 0.007632720655524943, 'train_lr_reduce': 0.6}. Best is trial 1483 with value: 0.2768918573856354.
[I 2024-12-19 08:29:33,583] Trial 1555 finished with value: 1.335916519165039 and parameters: {'mlp_n_layers': 2, 'mlp_dim_00': 138, 'mlp_dim_01': 86, 'node_hidden_dim': 121, 'edge_hidden_dim': 82, 'depth': 2, 'rep_dropout': 0.02796638584600772, 'train_learning_rate': 0.005561069986399671, 'train_lr_reduce': 0.6}. Best is trial 1483 with value: 0.2768918573856354.
[I 2024-12-19 08:29:33,848] Trial 1556 finished with value: 1.3296724557876587 and parameters: {'mlp_n_layers': 2, 'mlp_dim_00': 183, 'mlp_dim_01': 195, 'node_hidden_dim': 86, 'edge_hidden_dim': 68, 'depth': 3, 'rep_dropout': 0.06590967886981777, 'train_learning_rate': 0.0057468115709928425, 'train_lr_reduce': 0.6}. Best is trial 1483 with value: 0.2768918573856354.
[I 2024-12-19 08:29:34,520] Trial 1552 finished with value: 0.34020644426345825 and parameters: {'mlp_n_layers': 2, 'mlp_dim_00': 208, 'mlp_dim_01': 192, 'node_hidden_dim': 125, 'edge_hidden_dim': 45, 'depth': 2, 'rep_dropout': 0.03606618289113722, 'train_learning_rate': 0.007167071076811655, 'train_lr_reduce': 0.6}. Best is trial 1483 with value: 0.2768918573856354.
[I 2024-12-19 08:29:37,567] Trial 1557 finished with value: 1.2984329462051392 and parameters: {'mlp_n_layers': 2, 'mlp_dim_00': 110, 'mlp_dim_01': 239, 'node_hidden_dim': 109, 'edge_hidden_dim': 65, 'depth': 2, 'rep_dropout': 0.16502638895713115, 'train_learning_rate': 0.0037547335578776114, 'train_lr_reduce': 0.6}. Best is trial 1483 with value: 0.2768918573856354.
[I 2024-12-19 08:29:37,730] Trial 1558 finished with value: 1.2831108570098877 and parameters: {'mlp_n_layers': 2, 'mlp_dim_00': 182, 'mlp_dim_01': 246, 'node_hidden_dim': 66, 'edge_hidden_dim': 48, 'depth': 2, 'rep_dropout': 0.10511746122481119, 'train_learning_rate': 0.0068900839448763785, 'train_lr_reduce': 0.6}. Best is trial 1483 with value: 0.2768918573856354.
