[I 2024-12-19 19:48:38,945] Trial 1101 finished with value: 0.11552739143371582 and parameters: {'mlp_n_layers': 4, 'mlp_dim_00': 342, 'mlp_dim_01': 339, 'mlp_dim_02': 414, 'mlp_dim_03': 471, 'node_hidden_dim': 94, 'edge_hidden_dim': 37, 'depth': 1, 'rep_dropout': 0.08745933102604925, 'train_learning_rate': 0.0018850429937547722, 'train_lr_reduce': 0.6}. Best is trial 122 with value: 0.09548358619213104.
[I 2024-12-19 19:48:41,487] Trial 1103 finished with value: 1.6743199825286865 and parameters: {'mlp_n_layers': 4, 'mlp_dim_00': 183, 'mlp_dim_01': 328, 'mlp_dim_02': 352, 'mlp_dim_03': 475, 'node_hidden_dim': 68, 'edge_hidden_dim': 34, 'depth': 2, 'rep_dropout': 0.09248756226019449, 'train_learning_rate': 0.00044308134248335153, 'train_lr_reduce': 0.6}. Best is trial 122 with value: 0.09548358619213104.
[I 2024-12-19 19:48:47,301] Trial 1105 finished with value: 1.6633893251419067 and parameters: {'mlp_n_layers': 4, 'mlp_dim_00': 271, 'mlp_dim_01': 301, 'mlp_dim_02': 366, 'mlp_dim_03': 480, 'node_hidden_dim': 64, 'edge_hidden_dim': 42, 'depth': 1, 'rep_dropout': 0.08756018375195039, 'train_learning_rate': 0.0013444537776295242, 'train_lr_reduce': 0.6}. Best is trial 122 with value: 0.09548358619213104.
[I 2024-12-19 19:49:02,293] Trial 1104 finished with value: 0.2183130830526352 and parameters: {'mlp_n_layers': 4, 'mlp_dim_00': 311, 'mlp_dim_01': 302, 'mlp_dim_02': 366, 'mlp_dim_03': 512, 'node_hidden_dim': 85, 'edge_hidden_dim': 34, 'depth': 1, 'rep_dropout': 0.09857926242236859, 'train_learning_rate': 0.0012128167720504813, 'train_lr_reduce': 0.6}. Best is trial 122 with value: 0.09548358619213104.
[I 2024-12-19 19:49:11,289] Trial 1102 finished with value: 0.13071393966674805 and parameters: {'mlp_n_layers': 4, 'mlp_dim_00': 367, 'mlp_dim_01': 330, 'mlp_dim_02': 323, 'mlp_dim_03': 469, 'node_hidden_dim': 95, 'edge_hidden_dim': 82, 'depth': 1, 'rep_dropout': 0.09617981670366453, 'train_learning_rate': 0.0006227027658684697, 'train_lr_reduce': 0.6}. Best is trial 122 with value: 0.09548358619213104.
[I 2024-12-19 19:49:14,875] Trial 1106 finished with value: 0.1658543348312378 and parameters: {'mlp_n_layers': 4, 'mlp_dim_00': 389, 'mlp_dim_01': 326, 'mlp_dim_02': 335, 'mlp_dim_03': 510, 'node_hidden_dim': 51, 'edge_hidden_dim': 40, 'depth': 1, 'rep_dropout': 0.11250503906251777, 'train_learning_rate': 0.0010900797902250502, 'train_lr_reduce': 0.6}. Best is trial 122 with value: 0.09548358619213104.
[I 2024-12-19 19:49:20,617] Trial 1109 finished with value: 1.6782606840133667 and parameters: {'mlp_n_layers': 4, 'mlp_dim_00': 175, 'mlp_dim_01': 314, 'mlp_dim_02': 329, 'mlp_dim_03': 476, 'node_hidden_dim': 73, 'edge_hidden_dim': 78, 'depth': 4, 'rep_dropout': 0.14787822326883343, 'train_learning_rate': 0.00033055521488464866, 'train_lr_reduce': 0.6}. Best is trial 122 with value: 0.09548358619213104.
[I 2024-12-19 19:49:25,988] Trial 1110 finished with value: 1.6678191423416138 and parameters: {'mlp_n_layers': 4, 'mlp_dim_00': 374, 'mlp_dim_01': 313, 'mlp_dim_02': 381, 'mlp_dim_03': 444, 'node_hidden_dim': 56, 'edge_hidden_dim': 54, 'depth': 1, 'rep_dropout': 0.07159409035167477, 'train_learning_rate': 0.0021215705858121307, 'train_lr_reduce': 0.6}. Best is trial 122 with value: 0.09548358619213104.
[I 2024-12-19 19:49:34,325] Trial 1107 finished with value: 0.15543194115161896 and parameters: {'mlp_n_layers': 4, 'mlp_dim_00': 303, 'mlp_dim_01': 320, 'mlp_dim_02': 361, 'mlp_dim_03': 475, 'node_hidden_dim': 71, 'edge_hidden_dim': 42, 'depth': 1, 'rep_dropout': 0.05808290224224661, 'train_learning_rate': 0.000829306479859012, 'train_lr_reduce': 0.6}. Best is trial 122 with value: 0.09548358619213104.
[I 2024-12-19 19:49:51,622] Trial 1108 finished with value: 0.10925327986478806 and parameters: {'mlp_n_layers': 4, 'mlp_dim_00': 274, 'mlp_dim_01': 341, 'mlp_dim_02': 285, 'mlp_dim_03': 471, 'node_hidden_dim': 55, 'edge_hidden_dim': 67, 'depth': 1, 'rep_dropout': 0.09683289632848179, 'train_learning_rate': 0.0004296710505927471, 'train_lr_reduce': 0.6}. Best is trial 122 with value: 0.09548358619213104.
[I 2024-12-19 19:49:57,565] Trial 1113 finished with value: 1.6318018436431885 and parameters: {'mlp_n_layers': 2, 'mlp_dim_00': 413, 'mlp_dim_01': 357, 'node_hidden_dim': 112, 'edge_hidden_dim': 58, 'depth': 1, 'rep_dropout': 0.13265103839324313, 'train_learning_rate': 0.0007461697259090378, 'train_lr_reduce': 0.6}. Best is trial 122 with value: 0.09548358619213104.
[I 2024-12-19 19:50:13,240] Trial 1111 finished with value: 0.13172447681427002 and parameters: {'mlp_n_layers': 4, 'mlp_dim_00': 396, 'mlp_dim_01': 368, 'mlp_dim_02': 364, 'mlp_dim_03': 512, 'node_hidden_dim': 99, 'edge_hidden_dim': 33, 'depth': 2, 'rep_dropout': 0.08279007838582284, 'train_learning_rate': 0.0008780582536121365, 'train_lr_reduce': 0.6}. Best is trial 122 with value: 0.09548358619213104.
[I 2024-12-19 19:50:19,201] Trial 1112 finished with value: 0.1516762226819992 and parameters: {'mlp_n_layers': 4, 'mlp_dim_00': 300, 'mlp_dim_01': 341, 'mlp_dim_02': 319, 'mlp_dim_03': 452, 'node_hidden_dim': 78, 'edge_hidden_dim': 35, 'depth': 1, 'rep_dropout': 0.12179004870183116, 'train_learning_rate': 0.0009346366089455063, 'train_lr_reduce': 0.6}. Best is trial 122 with value: 0.09548358619213104.
[I 2024-12-19 19:50:35,155] Trial 1114 finished with value: 0.10419175028800964 and parameters: {'mlp_n_layers': 4, 'mlp_dim_00': 371, 'mlp_dim_01': 351, 'mlp_dim_02': 379, 'mlp_dim_03': 479, 'node_hidden_dim': 91, 'edge_hidden_dim': 49, 'depth': 1, 'rep_dropout': 0.09792485354537986, 'train_learning_rate': 0.0035512286710964857, 'train_lr_reduce': 0.6}. Best is trial 122 with value: 0.09548358619213104.
[I 2024-12-19 19:50:41,496] Trial 1116 finished with value: 0.3189035654067993 and parameters: {'mlp_n_layers': 4, 'mlp_dim_00': 462, 'mlp_dim_01': 363, 'mlp_dim_02': 337, 'mlp_dim_03': 509, 'node_hidden_dim': 91, 'edge_hidden_dim': 56, 'depth': 2, 'rep_dropout': 0.13991577314284567, 'train_learning_rate': 0.0033524367135632357, 'train_lr_reduce': 0.6}. Best is trial 122 with value: 0.09548358619213104.
[I 2024-12-19 19:50:47,021] Trial 1118 finished with value: 1.5964475870132446 and parameters: {'mlp_n_layers': 3, 'mlp_dim_00': 120, 'mlp_dim_01': 383, 'mlp_dim_02': 306, 'node_hidden_dim': 40, 'edge_hidden_dim': 96, 'depth': 1, 'rep_dropout': 0.0886653943513777, 'train_learning_rate': 0.007882345083105017, 'train_lr_reduce': 0.6}. Best is trial 122 with value: 0.09548358619213104.
[I 2024-12-19 19:50:58,807] Trial 1115 finished with value: 0.14451204240322113 and parameters: {'mlp_n_layers': 4, 'mlp_dim_00': 371, 'mlp_dim_01': 354, 'mlp_dim_02': 262, 'mlp_dim_03': 435, 'node_hidden_dim': 79, 'edge_hidden_dim': 44, 'depth': 1, 'rep_dropout': 0.07753566334085879, 'train_learning_rate': 0.0005793586069942086, 'train_lr_reduce': 0.6}. Best is trial 122 with value: 0.09548358619213104.
[I 2024-12-19 19:51:19,689] Trial 1117 finished with value: 0.12728260457515717 and parameters: {'mlp_n_layers': 4, 'mlp_dim_00': 337, 'mlp_dim_01': 314, 'mlp_dim_02': 380, 'mlp_dim_03': 436, 'node_hidden_dim': 82, 'edge_hidden_dim': 37, 'depth': 1, 'rep_dropout': 0.10139413690565002, 'train_learning_rate': 0.001168207149001195, 'train_lr_reduce': 0.6}. Best is trial 122 with value: 0.09548358619213104.
[I 2024-12-19 19:51:23,162] Trial 1119 finished with value: 0.11382576078176498 and parameters: {'mlp_n_layers': 3, 'mlp_dim_00': 352, 'mlp_dim_01': 362, 'mlp_dim_02': 338, 'node_hidden_dim': 77, 'edge_hidden_dim': 42, 'depth': 1, 'rep_dropout': 0.09636865234236117, 'train_learning_rate': 0.0015287484474669128, 'train_lr_reduce': 0.6}. Best is trial 122 with value: 0.09548358619213104.
[I 2024-12-19 19:51:24,500] Trial 1121 finished with value: 1.6757946014404297 and parameters: {'mlp_n_layers': 2, 'mlp_dim_00': 88, 'mlp_dim_01': 369, 'node_hidden_dim': 113, 'edge_hidden_dim': 54, 'depth': 4, 'rep_dropout': 0.10275620961845419, 'train_learning_rate': 0.0005160799822764832, 'train_lr_reduce': 0.6}. Best is trial 122 with value: 0.09548358619213104.
[I 2024-12-19 19:51:25,107] Trial 1120 finished with value: 0.14245867729187012 and parameters: {'mlp_n_layers': 4, 'mlp_dim_00': 378, 'mlp_dim_01': 367, 'mlp_dim_02': 378, 'mlp_dim_03': 512, 'node_hidden_dim': 57, 'edge_hidden_dim': 50, 'depth': 1, 'rep_dropout': 0.0706220450647786, 'train_learning_rate': 0.0005627558653685679, 'train_lr_reduce': 0.6}. Best is trial 122 with value: 0.09548358619213104.
[I 2024-12-19 19:51:27,609] Trial 1122 finished with value: 1.562255620956421 and parameters: {'mlp_n_layers': 2, 'mlp_dim_00': 465, 'mlp_dim_01': 300, 'node_hidden_dim': 91, 'edge_hidden_dim': 127, 'depth': 1, 'rep_dropout': 0.08474616888006264, 'train_learning_rate': 0.006103667379447078, 'train_lr_reduce': 0.6}. Best is trial 122 with value: 0.09548358619213104.
[I 2024-12-19 19:51:30,072] Trial 1124 finished with value: 1.6802558898925781 and parameters: {'mlp_n_layers': 4, 'mlp_dim_00': 301, 'mlp_dim_01': 394, 'mlp_dim_02': 388, 'mlp_dim_03': 438, 'node_hidden_dim': 85, 'edge_hidden_dim': 54, 'depth': 1, 'rep_dropout': 0.09028583419774552, 'train_learning_rate': 0.00037803548273239793, 'train_lr_reduce': 0.6}. Best is trial 122 with value: 0.09548358619213104.
[I 2024-12-19 19:51:31,940] Trial 1125 finished with value: 1.6553375720977783 and parameters: {'mlp_n_layers': 2, 'mlp_dim_00': 277, 'mlp_dim_01': 373, 'node_hidden_dim': 66, 'edge_hidden_dim': 48, 'depth': 1, 'rep_dropout': 0.018862841331613027, 'train_learning_rate': 0.00037264042348119573, 'train_lr_reduce': 0.6}. Best is trial 122 with value: 0.09548358619213104.
[I 2024-12-19 19:51:36,395] Trial 1126 finished with value: 1.5783509016036987 and parameters: {'mlp_n_layers': 4, 'mlp_dim_00': 281, 'mlp_dim_01': 338, 'mlp_dim_02': 334, 'mlp_dim_03': 463, 'node_hidden_dim': 44, 'edge_hidden_dim': 121, 'depth': 2, 'rep_dropout': 0.05398179922732393, 'train_learning_rate': 0.006446784468667066, 'train_lr_reduce': 0.6}. Best is trial 122 with value: 0.09548358619213104.
[I 2024-12-19 19:51:36,422] Trial 1127 finished with value: 1.6320053339004517 and parameters: {'mlp_n_layers': 3, 'mlp_dim_00': 273, 'mlp_dim_01': 391, 'mlp_dim_02': 263, 'node_hidden_dim': 72, 'edge_hidden_dim': 84, 'depth': 2, 'rep_dropout': 0.09521787336573097, 'train_learning_rate': 0.0018998944237429028, 'train_lr_reduce': 0.6}. Best is trial 122 with value: 0.09548358619213104.
[I 2024-12-19 19:51:40,698] Trial 1128 finished with value: 1.6231738328933716 and parameters: {'mlp_n_layers': 1, 'mlp_dim_00': 175, 'node_hidden_dim': 37, 'edge_hidden_dim': 100, 'depth': 2, 'rep_dropout': 0.08392648590884677, 'train_learning_rate': 0.0027837643356613843, 'train_lr_reduce': 0.6}. Best is trial 122 with value: 0.09548358619213104.
[I 2024-12-19 19:52:01,655] Trial 1123 finished with value: 0.10853388905525208 and parameters: {'mlp_n_layers': 3, 'mlp_dim_00': 245, 'mlp_dim_01': 381, 'mlp_dim_02': 302, 'node_hidden_dim': 85, 'edge_hidden_dim': 34, 'depth': 1, 'rep_dropout': 0.08166554966325748, 'train_learning_rate': 0.0012276377813929082, 'train_lr_reduce': 0.6}. Best is trial 122 with value: 0.09548358619213104.
[I 2024-12-19 19:52:14,040] Trial 1131 finished with value: 1.0057364702224731 and parameters: {'mlp_n_layers': 4, 'mlp_dim_00': 337, 'mlp_dim_01': 400, 'mlp_dim_02': 392, 'mlp_dim_03': 401, 'node_hidden_dim': 71, 'edge_hidden_dim': 68, 'depth': 1, 'rep_dropout': 0.1002561710288693, 'train_learning_rate': 0.0014455781049314874, 'train_lr_reduce': 0.6}. Best is trial 122 with value: 0.09548358619213104.
[I 2024-12-19 19:52:19,908] Trial 1132 finished with value: 1.6637240648269653 and parameters: {'mlp_n_layers': 3, 'mlp_dim_00': 409, 'mlp_dim_01': 399, 'mlp_dim_02': 310, 'node_hidden_dim': 54, 'edge_hidden_dim': 33, 'depth': 2, 'rep_dropout': 0.11670810152916616, 'train_learning_rate': 0.0009852347354077067, 'train_lr_reduce': 0.6}. Best is trial 122 with value: 0.09548358619213104.
[I 2024-12-19 19:52:20,885] Trial 1130 finished with value: 0.10777026414871216 and parameters: {'mlp_n_layers': 4, 'mlp_dim_00': 197, 'mlp_dim_01': 321, 'mlp_dim_02': 336, 'mlp_dim_03': 472, 'node_hidden_dim': 70, 'edge_hidden_dim': 58, 'depth': 1, 'rep_dropout': 0.09517066399824062, 'train_learning_rate': 0.0007242150889038242, 'train_lr_reduce': 0.6}. Best is trial 122 with value: 0.09548358619213104.
[I 2024-12-19 19:52:21,328] Trial 1129 finished with value: 0.15371865034103394 and parameters: {'mlp_n_layers': 4, 'mlp_dim_00': 497, 'mlp_dim_01': 386, 'mlp_dim_02': 375, 'mlp_dim_03': 407, 'node_hidden_dim': 57, 'edge_hidden_dim': 49, 'depth': 1, 'rep_dropout': 0.10550801770892262, 'train_learning_rate': 0.001361041208327415, 'train_lr_reduce': 0.6}. Best is trial 122 with value: 0.09548358619213104.
[I 2024-12-19 19:52:24,284] Trial 1133 finished with value: 1.5589491128921509 and parameters: {'mlp_n_layers': 3, 'mlp_dim_00': 348, 'mlp_dim_01': 356, 'mlp_dim_02': 353, 'node_hidden_dim': 82, 'edge_hidden_dim': 41, 'depth': 2, 'rep_dropout': 0.10479712290514913, 'train_learning_rate': 0.003521632773234254, 'train_lr_reduce': 0.6}. Best is trial 122 with value: 0.09548358619213104.
[I 2024-12-19 19:52:25,004] Trial 1134 finished with value: 1.6613703966140747 and parameters: {'mlp_n_layers': 3, 'mlp_dim_00': 256, 'mlp_dim_01': 290, 'mlp_dim_02': 403, 'node_hidden_dim': 77, 'edge_hidden_dim': 52, 'depth': 1, 'rep_dropout': 0.0799948692231137, 'train_learning_rate': 0.0006837280317740661, 'train_lr_reduce': 0.6}. Best is trial 122 with value: 0.09548358619213104.
[I 2024-12-19 19:52:30,191] Trial 1137 finished with value: 1.67136812210083 and parameters: {'mlp_n_layers': 4, 'mlp_dim_00': 301, 'mlp_dim_01': 360, 'mlp_dim_02': 406, 'mlp_dim_03': 475, 'node_hidden_dim': 65, 'edge_hidden_dim': 36, 'depth': 1, 'rep_dropout': 0.11370207850979293, 'train_learning_rate': 0.0006637530715842795, 'train_lr_reduce': 0.6}. Best is trial 122 with value: 0.09548358619213104.
[I 2024-12-19 19:52:35,800] Trial 1138 finished with value: 1.6454392671585083 and parameters: {'mlp_n_layers': 4, 'mlp_dim_00': 331, 'mlp_dim_01': 406, 'mlp_dim_02': 348, 'mlp_dim_03': 68, 'node_hidden_dim': 74, 'edge_hidden_dim': 45, 'depth': 2, 'rep_dropout': 0.11689938794331245, 'train_learning_rate': 0.00044509954466320117, 'train_lr_reduce': 0.6}. Best is trial 122 with value: 0.09548358619213104.
[I 2024-12-19 19:52:46,308] Trial 1135 finished with value: 0.1824675053358078 and parameters: {'mlp_n_layers': 3, 'mlp_dim_00': 343, 'mlp_dim_01': 399, 'mlp_dim_02': 288, 'node_hidden_dim': 52, 'edge_hidden_dim': 50, 'depth': 1, 'rep_dropout': 0.0999781747203386, 'train_learning_rate': 0.0019556243599088224, 'train_lr_reduce': 0.6}. Best is trial 122 with value: 0.09548358619213104.
[I 2024-12-19 19:52:56,588] Trial 1136 finished with value: 0.2637160122394562 and parameters: {'mlp_n_layers': 3, 'mlp_dim_00': 430, 'mlp_dim_01': 410, 'mlp_dim_02': 348, 'node_hidden_dim': 79, 'edge_hidden_dim': 32, 'depth': 1, 'rep_dropout': 0.12842578329989757, 'train_learning_rate': 0.0032525188228189517, 'train_lr_reduce': 0.6}. Best is trial 122 with value: 0.09548358619213104.
[I 2024-12-19 19:53:02,292] Trial 1141 finished with value: 1.673438549041748 and parameters: {'mlp_n_layers': 4, 'mlp_dim_00': 462, 'mlp_dim_01': 366, 'mlp_dim_02': 280, 'mlp_dim_03': 434, 'node_hidden_dim': 70, 'edge_hidden_dim': 75, 'depth': 1, 'rep_dropout': 0.00043896034065711576, 'train_learning_rate': 0.00012380734592688756, 'train_lr_reduce': 0.6}. Best is trial 122 with value: 0.09548358619213104.
[I 2024-12-19 19:53:20,636] Trial 1139 finished with value: 0.11554935574531555 and parameters: {'mlp_n_layers': 4, 'mlp_dim_00': 383, 'mlp_dim_01': 414, 'mlp_dim_02': 317, 'mlp_dim_03': 436, 'node_hidden_dim': 72, 'edge_hidden_dim': 49, 'depth': 1, 'rep_dropout': 0.07755302662742056, 'train_learning_rate': 0.0015884873111226808, 'train_lr_reduce': 0.6}. Best is trial 122 with value: 0.09548358619213104.
[I 2024-12-19 19:53:26,094] Trial 1143 finished with value: 1.6566543579101562 and parameters: {'mlp_n_layers': 3, 'mlp_dim_00': 403, 'mlp_dim_01': 198, 'mlp_dim_02': 397, 'node_hidden_dim': 48, 'edge_hidden_dim': 53, 'depth': 1, 'rep_dropout': 0.12239788092903027, 'train_learning_rate': 0.0016727340165729491, 'train_lr_reduce': 0.6}. Best is trial 122 with value: 0.09548358619213104.
[I 2024-12-19 19:53:28,787] Trial 1140 finished with value: 0.11076895147562027 and parameters: {'mlp_n_layers': 4, 'mlp_dim_00': 334, 'mlp_dim_01': 410, 'mlp_dim_02': 375, 'mlp_dim_03': 510, 'node_hidden_dim': 71, 'edge_hidden_dim': 55, 'depth': 1, 'rep_dropout': 0.09244366595189485, 'train_learning_rate': 0.0008977700902759874, 'train_lr_reduce': 0.6}. Best is trial 122 with value: 0.09548358619213104.
[I 2024-12-19 19:53:31,634] Trial 1144 finished with value: 1.6767677068710327 and parameters: {'mlp_n_layers': 4, 'mlp_dim_00': 397, 'mlp_dim_01': 422, 'mlp_dim_02': 311, 'mlp_dim_03': 364, 'node_hidden_dim': 68, 'edge_hidden_dim': 43, 'depth': 2, 'rep_dropout': 0.09493074695369737, 'train_learning_rate': 0.001267714734854867, 'train_lr_reduce': 0.6}. Best is trial 122 with value: 0.09548358619213104.
[I 2024-12-19 19:53:33,480] Trial 1145 finished with value: 1.656038522720337 and parameters: {'mlp_n_layers': 4, 'mlp_dim_00': 394, 'mlp_dim_01': 124, 'mlp_dim_02': 402, 'mlp_dim_03': 403, 'node_hidden_dim': 78, 'edge_hidden_dim': 35, 'depth': 1, 'rep_dropout': 0.10756517185446311, 'train_learning_rate': 0.0009627225321951566, 'train_lr_reduce': 0.6}. Best is trial 122 with value: 0.09548358619213104.
[I 2024-12-19 19:53:36,182] Trial 1142 finished with value: 0.09885365515947342 and parameters: {'mlp_n_layers': 4, 'mlp_dim_00': 332, 'mlp_dim_01': 311, 'mlp_dim_02': 349, 'mlp_dim_03': 468, 'node_hidden_dim': 88, 'edge_hidden_dim': 61, 'depth': 1, 'rep_dropout': 0.09675427624635899, 'train_learning_rate': 0.0010046547322268555, 'train_lr_reduce': 0.6}. Best is trial 122 with value: 0.09548358619213104.
[I 2024-12-19 19:53:36,333] Trial 1146 finished with value: 1.6757822036743164 and parameters: {'mlp_n_layers': 4, 'mlp_dim_00': 437, 'mlp_dim_01': 415, 'mlp_dim_02': 358, 'mlp_dim_03': 467, 'node_hidden_dim': 76, 'edge_hidden_dim': 48, 'depth': 2, 'rep_dropout': 0.1424410066762465, 'train_learning_rate': 0.0008014272225590455, 'train_lr_reduce': 0.6}. Best is trial 122 with value: 0.09548358619213104.
[I 2024-12-19 19:53:37,903] Trial 1147 finished with value: 1.6062127351760864 and parameters: {'mlp_n_layers': 4, 'mlp_dim_00': 463, 'mlp_dim_01': 377, 'mlp_dim_02': 254, 'mlp_dim_03': 510, 'node_hidden_dim': 72, 'edge_hidden_dim': 58, 'depth': 1, 'rep_dropout': 0.14366644230465592, 'train_learning_rate': 0.0028144916675383676, 'train_lr_reduce': 0.6}. Best is trial 122 with value: 0.09548358619213104.
[I 2024-12-19 19:53:40,709] Trial 1149 finished with value: 1.5850282907485962 and parameters: {'mlp_n_layers': 2, 'mlp_dim_00': 426, 'mlp_dim_01': 337, 'node_hidden_dim': 69, 'edge_hidden_dim': 125, 'depth': 2, 'rep_dropout': 0.14225354534044946, 'train_learning_rate': 0.0008871174825254031, 'train_lr_reduce': 0.6}. Best is trial 122 with value: 0.09548358619213104.
[I 2024-12-19 19:53:41,057] Trial 1148 finished with value: 1.613236904144287 and parameters: {'mlp_n_layers': 4, 'mlp_dim_00': 359, 'mlp_dim_01': 331, 'mlp_dim_02': 337, 'mlp_dim_03': 477, 'node_hidden_dim': 80, 'edge_hidden_dim': 45, 'depth': 2, 'rep_dropout': 0.09559296439084912, 'train_learning_rate': 0.0019099400832959866, 'train_lr_reduce': 0.6}. Best is trial 122 with value: 0.09548358619213104.
[I 2024-12-19 19:54:11,138] Trial 1152 finished with value: 0.2854076325893402 and parameters: {'mlp_n_layers': 3, 'mlp_dim_00': 299, 'mlp_dim_01': 317, 'mlp_dim_02': 367, 'node_hidden_dim': 94, 'edge_hidden_dim': 68, 'depth': 2, 'rep_dropout': 0.10030618958619686, 'train_learning_rate': 0.0005575330417844883, 'train_lr_reduce': 0.6}. Best is trial 122 with value: 0.09548358619213104.
[I 2024-12-19 19:54:18,003] Trial 1150 finished with value: 0.09786564856767654 and parameters: {'mlp_n_layers': 3, 'mlp_dim_00': 455, 'mlp_dim_01': 291, 'mlp_dim_02': 354, 'node_hidden_dim': 91, 'edge_hidden_dim': 54, 'depth': 1, 'rep_dropout': 0.11456509016581562, 'train_learning_rate': 0.0005971947771868349, 'train_lr_reduce': 0.6}. Best is trial 122 with value: 0.09548358619213104.
[I 2024-12-19 19:54:23,786] Trial 1154 finished with value: 1.6825613975524902 and parameters: {'mlp_n_layers': 3, 'mlp_dim_00': 415, 'mlp_dim_01': 275, 'mlp_dim_02': 322, 'node_hidden_dim': 113, 'edge_hidden_dim': 46, 'depth': 1, 'rep_dropout': 0.1292145481874824, 'train_learning_rate': 0.00019593454097325207, 'train_lr_reduce': 0.6}. Best is trial 122 with value: 0.09548358619213104.
[I 2024-12-19 19:54:26,744] Trial 1151 finished with value: 0.10097310692071915 and parameters: {'mlp_n_layers': 4, 'mlp_dim_00': 380, 'mlp_dim_01': 339, 'mlp_dim_02': 335, 'mlp_dim_03': 473, 'node_hidden_dim': 96, 'edge_hidden_dim': 42, 'depth': 1, 'rep_dropout': 0.10946709159566599, 'train_learning_rate': 0.00052072051386679, 'train_lr_reduce': 0.6}. Best is trial 122 with value: 0.09548358619213104.
[I 2024-12-19 19:54:28,744] Trial 1155 finished with value: 1.6472728252410889 and parameters: {'mlp_n_layers': 3, 'mlp_dim_00': 446, 'mlp_dim_01': 301, 'mlp_dim_02': 339, 'node_hidden_dim': 106, 'edge_hidden_dim': 71, 'depth': 1, 'rep_dropout': 0.12228232748674912, 'train_learning_rate': 0.0007129194833380427, 'train_lr_reduce': 0.6}. Best is trial 122 with value: 0.09548358619213104.
[I 2024-12-19 19:54:47,370] Trial 1157 finished with value: 0.39840301871299744 and parameters: {'mlp_n_layers': 2, 'mlp_dim_00': 289, 'mlp_dim_01': 293, 'node_hidden_dim': 128, 'edge_hidden_dim': 103, 'depth': 1, 'rep_dropout': 0.04000805909547993, 'train_learning_rate': 0.005033205239263379, 'train_lr_reduce': 0.6}. Best is trial 122 with value: 0.09548358619213104.
