[I 2024-12-04 14:50:59,570] A new study created in RDB with name: Omega_xgb
[I 2024-12-04 14:51:05,416] Trial 1 finished with value: 0.6607700883562138 and parameters: {'n_estimators': 1425, 'max_depth': 3, 'learning_rate': 0.05925504200196537, 'subsample': 0.8883417187083704, 'colsample_bytree': 0.8625993146610664, 'min_child_weight': 3, 'gamma': 1.4067688329622858e-05, 'reg_alpha': 0.034184280318371466, 'reg_lambda': 9.346873702244021e-05}. Best is trial 1 with value: 0.6607700883562138.
[I 2024-12-04 14:51:06,030] Trial 23 finished with value: 0.5714113158581481 and parameters: {'n_estimators': 1349, 'max_depth': 12, 'learning_rate': 0.09899803196852407, 'subsample': 0.7837595545944266, 'colsample_bytree': 0.9328792648134003, 'min_child_weight': 1, 'gamma': 0.002962040104417951, 'reg_alpha': 0.00015417377827342603, 'reg_lambda': 0.0005672742032981819}. Best is trial 13 with value: 0.5415286675109281.
[I 2024-12-04 14:51:06,054] Trial 6 finished with value: 0.5899454096503438 and parameters: {'n_estimators': 885, 'max_depth': 7, 'learning_rate': 0.011973191101962979, 'subsample': 0.8833221845210643, 'colsample_bytree': 0.7681268247044533, 'min_child_weight': 4, 'gamma': 0.0005788435320311123, 'reg_alpha': 0.041743718283459526, 'reg_lambda': 0.03697674351439062}. Best is trial 13 with value: 0.5415286675109281.
[I 2024-12-04 14:51:06,492] Trial 13 finished with value: 0.5415286675109281 and parameters: {'n_estimators': 1379, 'max_depth': 8, 'learning_rate': 0.01880852982523645, 'subsample': 0.7227745311180854, 'colsample_bytree': 0.8397358785004799, 'min_child_weight': 1, 'gamma': 0.0021897515849071867, 'reg_alpha': 0.050635625176907215, 'reg_lambda': 5.94711357388134e-05}. Best is trial 13 with value: 0.5415286675109281.
[I 2024-12-04 14:51:06,692] Trial 11 finished with value: 0.5801776218901323 and parameters: {'n_estimators': 455, 'max_depth': 11, 'learning_rate': 0.03926181895156294, 'subsample': 0.7438380219371391, 'colsample_bytree': 0.8891660655687091, 'min_child_weight': 5, 'gamma': 0.050985226557648367, 'reg_alpha': 0.007259760999070785, 'reg_lambda': 0.017407182156618108}. Best is trial 13 with value: 0.5415286675109281.
[I 2024-12-04 14:51:07,361] Trial 12 finished with value: 0.5814545087967274 and parameters: {'n_estimators': 1291, 'max_depth': 7, 'learning_rate': 0.05308118363670693, 'subsample': 0.9026769631927505, 'colsample_bytree': 0.5742369881491707, 'min_child_weight': 5, 'gamma': 1.6781921408740943e-05, 'reg_alpha': 0.0005770986331954404, 'reg_lambda': 0.0006199065803782505}. Best is trial 13 with value: 0.5415286675109281.
[I 2024-12-04 14:51:07,400] Trial 3 finished with value: 0.622877542473653 and parameters: {'n_estimators': 219, 'max_depth': 3, 'learning_rate': 0.010336426496982467, 'subsample': 0.7682750100584161, 'colsample_bytree': 0.733519725320769, 'min_child_weight': 3, 'gamma': 0.1951787840461348, 'reg_alpha': 2.9057662695178423e-05, 'reg_lambda': 8.472707310992643e-05}. Best is trial 13 with value: 0.5415286675109281.
[I 2024-12-04 14:51:07,597] Trial 14 finished with value: 0.6457500724091364 and parameters: {'n_estimators': 1092, 'max_depth': 3, 'learning_rate': 0.014416837564371754, 'subsample': 0.9202830141417517, 'colsample_bytree': 0.7900042518501558, 'min_child_weight': 2, 'gamma': 0.007199334144375342, 'reg_alpha': 0.0009303002382759077, 'reg_lambda': 1.0084446993517541e-05}. Best is trial 13 with value: 0.5415286675109281.
[I 2024-12-04 14:51:07,886] Trial 19 finished with value: 0.573897292284142 and parameters: {'n_estimators': 1359, 'max_depth': 12, 'learning_rate': 0.027976190495394775, 'subsample': 0.831004066218724, 'colsample_bytree': 0.8026112412533849, 'min_child_weight': 4, 'gamma': 0.23117309058147878, 'reg_alpha': 0.004616373988165386, 'reg_lambda': 0.4694796678983119}. Best is trial 13 with value: 0.5415286675109281.
[I 2024-12-04 14:51:08,867] Trial 10 finished with value: 0.6036740358402035 and parameters: {'n_estimators': 840, 'max_depth': 3, 'learning_rate': 0.017705946035338947, 'subsample': 0.9339062058337263, 'colsample_bytree': 0.6392987397430067, 'min_child_weight': 2, 'gamma': 0.17297363462384704, 'reg_alpha': 0.24304402367194378, 'reg_lambda': 0.3052526643883553}. Best is trial 20 with value: 0.5372368391972848.
[I 2024-12-04 14:51:09,110] Trial 15 finished with value: 0.6839304488818655 and parameters: {'n_estimators': 1475, 'max_depth': 11, 'learning_rate': 0.07211122641556628, 'subsample': 0.7112652259026333, 'colsample_bytree': 0.9609784659083904, 'min_child_weight': 2, 'gamma': 0.013384276047970862, 'reg_alpha': 0.00015448832391160364, 'reg_lambda': 0.00020755042645133326}. Best is trial 22 with value: 0.5260212170998007.
[I 2024-12-04 14:51:09,122] Trial 20 finished with value: 0.5372368391972848 and parameters: {'n_estimators': 1442, 'max_depth': 5, 'learning_rate': 0.03586834594712167, 'subsample': 0.8915656558015859, 'colsample_bytree': 0.8447727114628094, 'min_child_weight': 1, 'gamma': 0.00014512652923212468, 'reg_alpha': 0.004605818010719334, 'reg_lambda': 0.00830194458946952}. Best is trial 22 with value: 0.5260212170998007.
[I 2024-12-04 14:51:09,441] Trial 16 finished with value: 0.5610900322321964 and parameters: {'n_estimators': 534, 'max_depth': 6, 'learning_rate': 0.029420860953924183, 'subsample': 0.7406641684252102, 'colsample_bytree': 0.6036228103464267, 'min_child_weight': 4, 'gamma': 0.10133469092712874, 'reg_alpha': 0.06096008739965177, 'reg_lambda': 0.09638671446248633}. Best is trial 22 with value: 0.5260212170998007.
[I 2024-12-04 14:51:09,525] Trial 22 finished with value: 0.5260212170998007 and parameters: {'n_estimators': 825, 'max_depth': 9, 'learning_rate': 0.0911360858114139, 'subsample': 0.9309973354406043, 'colsample_bytree': 0.5875557778126664, 'min_child_weight': 1, 'gamma': 8.175828838814812e-05, 'reg_alpha': 0.0012082175205740367, 'reg_lambda': 0.0003461904223419738}. Best is trial 22 with value: 0.5260212170998007.
[I 2024-12-04 14:51:09,551] Trial 5 finished with value: 0.57687760787438 and parameters: {'n_estimators': 1359, 'max_depth': 5, 'learning_rate': 0.03652677713375843, 'subsample': 0.9433277393538226, 'colsample_bytree': 0.5641608294115781, 'min_child_weight': 5, 'gamma': 7.749486918069061e-05, 'reg_alpha': 0.00010143167258166927, 'reg_lambda': 0.0004068459832935154}. Best is trial 22 with value: 0.5260212170998007.
[I 2024-12-04 14:51:09,689] Trial 2 finished with value: 0.6321940406580504 and parameters: {'n_estimators': 1335, 'max_depth': 11, 'learning_rate': 0.06870663315454038, 'subsample': 0.9285903575859873, 'colsample_bytree': 0.5836229072431981, 'min_child_weight': 3, 'gamma': 0.005562123087295989, 'reg_alpha': 2.293773736034961e-05, 'reg_lambda': 0.0006392834145161831}. Best is trial 22 with value: 0.5260212170998007.
[I 2024-12-04 14:51:09,856] Trial 9 finished with value: 0.6436397770663578 and parameters: {'n_estimators': 1183, 'max_depth': 5, 'learning_rate': 0.09273181689712479, 'subsample': 0.7904758139797503, 'colsample_bytree': 0.5864645536423618, 'min_child_weight': 4, 'gamma': 1.5579889534003332e-05, 'reg_alpha': 0.00017651638683278574, 'reg_lambda': 0.008218726426631177}. Best is trial 22 with value: 0.5260212170998007.
[I 2024-12-04 14:51:09,880] Trial 21 finished with value: 0.6527590345884927 and parameters: {'n_estimators': 1365, 'max_depth': 11, 'learning_rate': 0.03545775092446497, 'subsample': 0.8224759858509136, 'colsample_bytree': 0.789226512108189, 'min_child_weight': 3, 'gamma': 0.004226945939369293, 'reg_alpha': 0.01624439274844669, 'reg_lambda': 0.0002472229503933091}. Best is trial 22 with value: 0.5260212170998007.
[I 2024-12-04 14:51:10,384] Trial 28 finished with value: 0.5950111787155961 and parameters: {'n_estimators': 919, 'max_depth': 7, 'learning_rate': 0.09016536218974854, 'subsample': 0.9213638962661885, 'colsample_bytree': 0.9421068347845067, 'min_child_weight': 4, 'gamma': 0.15336958368018985, 'reg_alpha': 0.12077288270639344, 'reg_lambda': 0.009547905826642158}. Best is trial 25 with value: 0.5166598487363987.
[I 2024-12-04 14:51:10,453] Trial 0 finished with value: 0.5820215748086364 and parameters: {'n_estimators': 680, 'max_depth': 7, 'learning_rate': 0.01974396267449214, 'subsample': 0.9134218987152001, 'colsample_bytree': 0.9946952754285434, 'min_child_weight': 1, 'gamma': 0.22005974487129554, 'reg_alpha': 0.0001450603708345547, 'reg_lambda': 0.00986380198944377}. Best is trial 25 with value: 0.5166598487363987.
[I 2024-12-04 14:51:10,463] Trial 17 finished with value: 0.6082018503194737 and parameters: {'n_estimators': 1488, 'max_depth': 6, 'learning_rate': 0.012674736928701358, 'subsample': 0.7921762163842577, 'colsample_bytree': 0.701793476944192, 'min_child_weight': 3, 'gamma': 0.05729396774015284, 'reg_alpha': 0.027012878387620655, 'reg_lambda': 0.0007760268870342336}. Best is trial 25 with value: 0.5166598487363987.
[I 2024-12-04 14:51:10,525] Trial 25 finished with value: 0.5166598487363987 and parameters: {'n_estimators': 926, 'max_depth': 6, 'learning_rate': 0.01779280868891963, 'subsample': 0.834093203315972, 'colsample_bytree': 0.7398466187872528, 'min_child_weight': 1, 'gamma': 0.06561722812865957, 'reg_alpha': 0.027591881567680183, 'reg_lambda': 0.023566327714601213}. Best is trial 25 with value: 0.5166598487363987.
[I 2024-12-04 14:51:10,561] Trial 4 finished with value: 0.6017182506425122 and parameters: {'n_estimators': 1108, 'max_depth': 3, 'learning_rate': 0.017397705380866147, 'subsample': 0.9571294069418985, 'colsample_bytree': 0.691241637986862, 'min_child_weight': 3, 'gamma': 0.034304317459179424, 'reg_alpha': 6.183681022527317e-05, 'reg_lambda': 0.040091998093407286}. Best is trial 25 with value: 0.5166598487363987.
[I 2024-12-04 14:51:10,562] Trial 7 finished with value: 0.5585763205620312 and parameters: {'n_estimators': 1180, 'max_depth': 7, 'learning_rate': 0.031682867349533045, 'subsample': 0.9031719546790036, 'colsample_bytree': 0.9655925068271538, 'min_child_weight': 1, 'gamma': 0.14983216363618962, 'reg_alpha': 0.004992265537833743, 'reg_lambda': 0.010094615826631374}. Best is trial 25 with value: 0.5166598487363987.
[I 2024-12-04 14:51:11,094] Trial 18 finished with value: 0.5310255467180032 and parameters: {'n_estimators': 997, 'max_depth': 4, 'learning_rate': 0.013713947968576484, 'subsample': 0.8138323913305273, 'colsample_bytree': 0.6706693140727968, 'min_child_weight': 1, 'gamma': 0.008054722676757877, 'reg_alpha': 2.7640895274695303e-05, 'reg_lambda': 4.7193726686435114e-05}. Best is trial 25 with value: 0.5166598487363987.
[I 2024-12-04 14:51:11,727] Trial 30 finished with value: 0.6041644527310244 and parameters: {'n_estimators': 1286, 'max_depth': 7, 'learning_rate': 0.035260991783984695, 'subsample': 0.8784317306217713, 'colsample_bytree': 0.579137220672115, 'min_child_weight': 4, 'gamma': 0.0014507227472748492, 'reg_alpha': 0.13154466523593736, 'reg_lambda': 0.027822260577479427}. Best is trial 25 with value: 0.5166598487363987.
[I 2024-12-04 14:51:11,880] Trial 26 finished with value: 0.5701556371822333 and parameters: {'n_estimators': 655, 'max_depth': 8, 'learning_rate': 0.011232229607680012, 'subsample': 0.9499629139863659, 'colsample_bytree': 0.6296253021768857, 'min_child_weight': 5, 'gamma': 5.5581862149337526e-05, 'reg_alpha': 0.0008900452696093889, 'reg_lambda': 0.00041201802327214815}. Best is trial 25 with value: 0.5166598487363987.
[I 2024-12-04 14:51:12,635] Trial 27 finished with value: 0.6813942944744252 and parameters: {'n_estimators': 986, 'max_depth': 7, 'learning_rate': 0.01972288420072289, 'subsample': 0.9708987849242747, 'colsample_bytree': 0.7935922525037531, 'min_child_weight': 2, 'gamma': 7.945857468079824e-05, 'reg_alpha': 0.00012297839645008095, 'reg_lambda': 0.0016139685170885622}. Best is trial 25 with value: 0.5166598487363987.
[I 2024-12-04 14:51:12,863] Trial 31 finished with value: 0.5863939801872889 and parameters: {'n_estimators': 816, 'max_depth': 5, 'learning_rate': 0.010957317738997276, 'subsample': 0.9819511749668793, 'colsample_bytree': 0.6987813942334022, 'min_child_weight': 3, 'gamma': 0.00034696192076275593, 'reg_alpha': 0.0019583722683760756, 'reg_lambda': 0.04628395800496836}. Best is trial 25 with value: 0.5166598487363987.
[I 2024-12-04 14:51:13,106] Trial 8 finished with value: 0.6805675539032062 and parameters: {'n_estimators': 1138, 'max_depth': 7, 'learning_rate': 0.04498954462802708, 'subsample': 0.7254865127626597, 'colsample_bytree': 0.7919160136412827, 'min_child_weight': 3, 'gamma': 0.0004576628005704004, 'reg_alpha': 0.00028295906732320555, 'reg_lambda': 0.007453135386321826}. Best is trial 25 with value: 0.5166598487363987.
[I 2024-12-04 14:51:13,175] Trial 29 finished with value: 0.5544690894160824 and parameters: {'n_estimators': 429, 'max_depth': 3, 'learning_rate': 0.015229386623330978, 'subsample': 0.7869025394388475, 'colsample_bytree': 0.5072055873088179, 'min_child_weight': 4, 'gamma': 0.001100539093995031, 'reg_alpha': 0.008502584427118525, 'reg_lambda': 0.30115487269400887}. Best is trial 25 with value: 0.5166598487363987.
[I 2024-12-04 14:51:14,839] Trial 24 finished with value: 0.6691876803754047 and parameters: {'n_estimators': 464, 'max_depth': 10, 'learning_rate': 0.060499680033976586, 'subsample': 0.7769135329596286, 'colsample_bytree': 0.6441843221751598, 'min_child_weight': 2, 'gamma': 0.00022029480664430333, 'reg_alpha': 0.00026727442002673406, 'reg_lambda': 0.06903745364426743}. Best is trial 25 with value: 0.5166598487363987.
[I 2024-12-04 14:51:31,773] Trial 32 finished with value: 0.5377208109625234 and parameters: {'n_estimators': 886, 'max_depth': 6, 'learning_rate': 0.021449466544944038, 'subsample': 0.9183622158216787, 'colsample_bytree': 0.5, 'min_child_weight': 1, 'gamma': 1.123454182238709e-05, 'reg_alpha': 0.3572770871218132, 'reg_lambda': 0.0014012022446065477}. Best is trial 25 with value: 0.5166598487363987.
[I 2024-12-04 14:51:32,462] Trial 34 finished with value: 0.5447671349146873 and parameters: {'n_estimators': 801, 'max_depth': 7, 'learning_rate': 0.022860218867104563, 'subsample': 0.9304404530446306, 'colsample_bytree': 0.5, 'min_child_weight': 1, 'gamma': 5.7026466878098755e-05, 'reg_alpha': 0.4999999999999991, 'reg_lambda': 0.0017288339354396094}. Best is trial 25 with value: 0.5166598487363987.
[I 2024-12-04 14:51:33,144] Trial 42 finished with value: 0.5633473680647243 and parameters: {'n_estimators': 1361, 'max_depth': 3, 'learning_rate': 0.028209052878521424, 'subsample': 0.8862381465583492, 'colsample_bytree': 0.5171199204535564, 'min_child_weight': 1, 'gamma': 0.05218587588412741, 'reg_alpha': 0.5, 'reg_lambda': 0.01348398140482683}. Best is trial 25 with value: 0.5166598487363987.
[I 2024-12-04 14:51:34,421] Trial 37 finished with value: 0.543502120299235 and parameters: {'n_estimators': 1420, 'max_depth': 4, 'learning_rate': 0.021559374238130296, 'subsample': 0.8611160763434308, 'colsample_bytree': 0.5460438556610967, 'min_child_weight': 1, 'gamma': 0.013637469375049012, 'reg_alpha': 0.3314957390045225, 'reg_lambda': 0.033610501270734935}. Best is trial 25 with value: 0.5166598487363987.
[I 2024-12-04 14:51:35,060] Trial 44 finished with value: 0.5525055992015455 and parameters: {'n_estimators': 1381, 'max_depth': 4, 'learning_rate': 0.02063302590048179, 'subsample': 0.9180029810561758, 'colsample_bytree': 0.5175367624676089, 'min_child_weight': 1, 'gamma': 0.03835680387333197, 'reg_alpha': 0.5, 'reg_lambda': 0.02250546299663952}. Best is trial 25 with value: 0.5166598487363987.
[I 2024-12-04 14:51:35,127] Trial 36 finished with value: 0.5444648248049571 and parameters: {'n_estimators': 1405, 'max_depth': 4, 'learning_rate': 0.022147183372356518, 'subsample': 0.8720087019021795, 'colsample_bytree': 0.553329141995758, 'min_child_weight': 1, 'gamma': 0.012835112875781788, 'reg_alpha': 0.2957042397035442, 'reg_lambda': 0.044402441185205185}. Best is trial 25 with value: 0.5166598487363987.
[I 2024-12-04 14:51:35,324] Trial 56 finished with value: 0.5595644894807477 and parameters: {'n_estimators': 1339, 'max_depth': 3, 'learning_rate': 0.02753827537096348, 'subsample': 0.8841069619991342, 'colsample_bytree': 0.5403382523717538, 'min_child_weight': 1, 'gamma': 0.04709833856624101, 'reg_alpha': 0.5, 'reg_lambda': 0.004743220125238651}. Best is trial 25 with value: 0.5166598487363987.
[I 2024-12-04 14:51:35,496] Trial 38 finished with value: 0.545213392953072 and parameters: {'n_estimators': 1405, 'max_depth': 4, 'learning_rate': 0.02214339739633801, 'subsample': 0.8722004889926017, 'colsample_bytree': 0.5532560672855507, 'min_child_weight': 1, 'gamma': 0.012916132195295816, 'reg_alpha': 0.29786217352103456, 'reg_lambda': 0.04445861108353057}. Best is trial 25 with value: 0.5166598487363987.
[I 2024-12-04 14:51:35,621] Trial 51 finished with value: 0.5595644894807477 and parameters: {'n_estimators': 1339, 'max_depth': 3, 'learning_rate': 0.02753827537096348, 'subsample': 0.8841069619991342, 'colsample_bytree': 0.5403382523717538, 'min_child_weight': 1, 'gamma': 0.04709833856624101, 'reg_alpha': 0.5, 'reg_lambda': 0.004743220125238651}. Best is trial 25 with value: 0.5166598487363987.
[I 2024-12-04 14:51:37,395] Trial 35 finished with value: 0.5523773470558244 and parameters: {'n_estimators': 1381, 'max_depth': 4, 'learning_rate': 0.02063314817790687, 'subsample': 0.9179935013620264, 'colsample_bytree': 0.5175058998349096, 'min_child_weight': 1, 'gamma': 0.03834458387237227, 'reg_alpha': 0.5, 'reg_lambda': 0.022513263094781466}. Best is trial 25 with value: 0.5166598487363987.
[I 2024-12-04 14:51:37,657] Trial 39 finished with value: 0.5463996637848031 and parameters: {'n_estimators': 1420, 'max_depth': 4, 'learning_rate': 0.021559600248208834, 'subsample': 0.8612226698260466, 'colsample_bytree': 0.5460313520776442, 'min_child_weight': 1, 'gamma': 0.013678956681230623, 'reg_alpha': 0.3344422115811975, 'reg_lambda': 0.033552485077141134}. Best is trial 25 with value: 0.5166598487363987.
[I 2024-12-04 14:51:37,690] Trial 40 finished with value: 0.5482269743573686 and parameters: {'n_estimators': 1420, 'max_depth': 4, 'learning_rate': 0.02156181816842625, 'subsample': 0.8611680621989551, 'colsample_bytree': 0.5460225623931757, 'min_child_weight': 1, 'gamma': 0.01365418870520831, 'reg_alpha': 0.33567503078690675, 'reg_lambda': 0.03340131130452876}. Best is trial 25 with value: 0.5166598487363987.
[I 2024-12-04 14:51:38,026] Trial 50 finished with value: 0.5595644894807477 and parameters: {'n_estimators': 1339, 'max_depth': 3, 'learning_rate': 0.02753827537096348, 'subsample': 0.8841069619991342, 'colsample_bytree': 0.5403382523717538, 'min_child_weight': 1, 'gamma': 0.04709833856624101, 'reg_alpha': 0.5, 'reg_lambda': 0.004743220125238651}. Best is trial 25 with value: 0.5166598487363987.
[I 2024-12-04 14:51:38,519] Trial 52 finished with value: 0.5595644894807477 and parameters: {'n_estimators': 1339, 'max_depth': 3, 'learning_rate': 0.02753827537096348, 'subsample': 0.8841069619991342, 'colsample_bytree': 0.5403382523717538, 'min_child_weight': 1, 'gamma': 0.04709833856624101, 'reg_alpha': 0.5, 'reg_lambda': 0.004743220125238651}. Best is trial 25 with value: 0.5166598487363987.
[I 2024-12-04 14:51:38,764] Trial 45 finished with value: 0.55313300200132 and parameters: {'n_estimators': 1381, 'max_depth': 4, 'learning_rate': 0.020636154660803797, 'subsample': 0.9179742051010552, 'colsample_bytree': 0.517586453541221, 'min_child_weight': 1, 'gamma': 0.038400867588976255, 'reg_alpha': 0.5, 'reg_lambda': 0.02248874473493381}. Best is trial 25 with value: 0.5166598487363987.
[I 2024-12-04 14:51:38,839] Trial 41 finished with value: 0.5595644894807477 and parameters: {'n_estimators': 1339, 'max_depth': 3, 'learning_rate': 0.02753827537096348, 'subsample': 0.8841069619991342, 'colsample_bytree': 0.5403382523717538, 'min_child_weight': 1, 'gamma': 0.04709833856624101, 'reg_alpha': 0.5, 'reg_lambda': 0.004743220125238651}. Best is trial 25 with value: 0.5166598487363987.
[I 2024-12-04 14:51:40,095] Trial 46 finished with value: 0.5595644894807477 and parameters: {'n_estimators': 1339, 'max_depth': 3, 'learning_rate': 0.02753827537096348, 'subsample': 0.8841069619991342, 'colsample_bytree': 0.5403382523717538, 'min_child_weight': 1, 'gamma': 0.04709833856624101, 'reg_alpha': 0.5, 'reg_lambda': 0.004743220125238651}. Best is trial 25 with value: 0.5166598487363987.
[I 2024-12-04 14:51:40,419] Trial 60 finished with value: 0.5595644894807477 and parameters: {'n_estimators': 1339, 'max_depth': 3, 'learning_rate': 0.02753827537096348, 'subsample': 0.8841069619991342, 'colsample_bytree': 0.5403382523717538, 'min_child_weight': 1, 'gamma': 0.04709833856624101, 'reg_alpha': 0.5, 'reg_lambda': 0.004743220125238651}. Best is trial 25 with value: 0.5166598487363987.
[I 2024-12-04 14:51:40,663] Trial 55 finished with value: 0.5595644894807477 and parameters: {'n_estimators': 1339, 'max_depth': 3, 'learning_rate': 0.02753827537096348, 'subsample': 0.8841069619991342, 'colsample_bytree': 0.5403382523717538, 'min_child_weight': 1, 'gamma': 0.04709833856624101, 'reg_alpha': 0.5, 'reg_lambda': 0.004743220125238651}. Best is trial 25 with value: 0.5166598487363987.
[I 2024-12-04 14:51:40,671] Trial 62 finished with value: 0.5595644894807477 and parameters: {'n_estimators': 1339, 'max_depth': 3, 'learning_rate': 0.02753827537096348, 'subsample': 0.8841069619991342, 'colsample_bytree': 0.5403382523717538, 'min_child_weight': 1, 'gamma': 0.04709833856624101, 'reg_alpha': 0.5, 'reg_lambda': 0.004743220125238651}. Best is trial 25 with value: 0.5166598487363987.
[I 2024-12-04 14:51:40,921] Trial 33 finished with value: 0.5455846594343248 and parameters: {'n_estimators': 1456, 'max_depth': 7, 'learning_rate': 0.011348716808826419, 'subsample': 0.8281210859737113, 'colsample_bytree': 0.729949786555177, 'min_child_weight': 1, 'gamma': 2.541990339415524e-05, 'reg_alpha': 0.5, 'reg_lambda': 0.01935731937050443}. Best is trial 25 with value: 0.5166598487363987.
