[I 2024-12-26 17:14:02,119] Trial 2072 finished with value: 0.009343244135379791 and parameters: {'L1_hidden_dim': 96, 'L1_layers_atom': 3, 'L1_layers_mol': 1, 'L1_dropout': 0.0038395945171949687, 'L1_out_dim': 48, 'L2_hidden_dim': 224, 'L2_layers_atom': 1, 'L2_layers_mol': 2, 'L2_out_dim': 112, 'L2_dropout': 0.018902005750544383, 'L3_hidden_dim': 112, 'L3_layers_atom': 3, 'L3_layers_mol': 1, 'L3_out_dim': 128, 'L3_dropout': 0.06838368355803534, 'n_mlp_layers': 3, 'mlp_dim_0': 376, 'mlp_dim_1': 176, 'mlp_dim_2': 480, 'num_heads': 2, 'final_dropout': 0.08760560628201687, 'train_learning_rate': 0.0005820777039081888, 'train_lr_reduce': 0.6}. Best is trial 2072 with value: 0.009343244135379791.
[I 2024-12-26 17:15:41,357] Trial 2074 finished with value: 0.11926022917032242 and parameters: {'L1_hidden_dim': 144, 'L1_layers_atom': 1, 'L1_layers_mol': 2, 'L1_dropout': 0.16817847473841524, 'L1_out_dim': 112, 'L2_hidden_dim': 192, 'L2_layers_atom': 4, 'L2_layers_mol': 3, 'L2_out_dim': 112, 'L2_dropout': 0.28147366138794316, 'L3_hidden_dim': 128, 'L3_layers_atom': 2, 'L3_layers_mol': 1, 'L3_out_dim': 80, 'L3_dropout': 0.044952566598523425, 'n_mlp_layers': 3, 'mlp_dim_0': 320, 'mlp_dim_1': 512, 'mlp_dim_2': 408, 'num_heads': 1, 'final_dropout': 0.29359413441063964, 'train_learning_rate': 0.0002160218773741386, 'train_lr_reduce': 0.6}. Best is trial 2072 with value: 0.009343244135379791.
[I 2024-12-26 17:16:03,200] Trial 2075 finished with value: 0.01291639544069767 and parameters: {'L1_hidden_dim': 192, 'L1_layers_atom': 4, 'L1_layers_mol': 3, 'L1_dropout': 0.050057738367992995, 'L1_out_dim': 32, 'L2_hidden_dim': 208, 'L2_layers_atom': 1, 'L2_layers_mol': 1, 'L2_out_dim': 128, 'L2_dropout': 0.051181369149997664, 'L3_hidden_dim': 112, 'L3_layers_atom': 3, 'L3_layers_mol': 3, 'L3_out_dim': 128, 'L3_dropout': 0.03872147789037042, 'n_mlp_layers': 3, 'mlp_dim_0': 440, 'mlp_dim_1': 152, 'mlp_dim_2': 512, 'num_heads': 2, 'final_dropout': 0.10865978291275026, 'train_learning_rate': 0.0007754109831818732, 'train_lr_reduce': 0.6}. Best is trial 2072 with value: 0.009343244135379791.
[I 2024-12-26 17:16:06,460] Trial 2076 finished with value: 0.011579924263060093 and parameters: {'L1_hidden_dim': 64, 'L1_layers_atom': 2, 'L1_layers_mol': 1, 'L1_dropout': 0.015502855810238938, 'L1_out_dim': 48, 'L2_hidden_dim': 208, 'L2_layers_atom': 1, 'L2_layers_mol': 1, 'L2_out_dim': 112, 'L2_dropout': 0.04950738112826092, 'L3_hidden_dim': 128, 'L3_layers_atom': 2, 'L3_layers_mol': 1, 'L3_out_dim': 112, 'L3_dropout': 0.027695456878401678, 'n_mlp_layers': 3, 'mlp_dim_0': 456, 'mlp_dim_1': 152, 'mlp_dim_2': 512, 'num_heads': 2, 'final_dropout': 0.049168391038938476, 'train_learning_rate': 0.0008629494200685971, 'train_lr_reduce': 0.6}. Best is trial 2072 with value: 0.009343244135379791.
[I 2024-12-26 17:18:14,971] Trial 2077 finished with value: 0.010679591447114944 and parameters: {'L1_hidden_dim': 64, 'L1_layers_atom': 3, 'L1_layers_mol': 1, 'L1_dropout': 0.017297478089919868, 'L1_out_dim': 80, 'L2_hidden_dim': 240, 'L2_layers_atom': 2, 'L2_layers_mol': 2, 'L2_out_dim': 112, 'L2_dropout': 0.020853439097076168, 'L3_hidden_dim': 112, 'L3_layers_atom': 3, 'L3_layers_mol': 1, 'L3_out_dim': 112, 'L3_dropout': 0.04649218878521201, 'n_mlp_layers': 3, 'mlp_dim_0': 392, 'mlp_dim_1': 160, 'mlp_dim_2': 480, 'num_heads': 2, 'final_dropout': 0.132804626346143, 'train_learning_rate': 0.00034580695280656443, 'train_lr_reduce': 0.6}. Best is trial 2072 with value: 0.009343244135379791.
[I 2024-12-26 17:18:28,298] Trial 2078 finished with value: 0.03872396796941757 and parameters: {'L1_hidden_dim': 80, 'L1_layers_atom': 4, 'L1_layers_mol': 2, 'L1_dropout': 0.08487545331049841, 'L1_out_dim': 96, 'L2_hidden_dim': 192, 'L2_layers_atom': 3, 'L2_layers_mol': 4, 'L2_out_dim': 128, 'L2_dropout': 0.278355531350154, 'L3_hidden_dim': 128, 'L3_layers_atom': 4, 'L3_layers_mol': 2, 'L3_out_dim': 48, 'L3_dropout': 0.1930902870410316, 'n_mlp_layers': 2, 'mlp_dim_0': 256, 'mlp_dim_1': 168, 'num_heads': 1, 'final_dropout': 0.031817399412851805, 'train_learning_rate': 0.0010302422324801827, 'train_lr_reduce': 0.6}. Best is trial 2072 with value: 0.009343244135379791.
[I 2024-12-26 17:19:26,347] Trial 2079 finished with value: 0.010353698395192623 and parameters: {'L1_hidden_dim': 208, 'L1_layers_atom': 3, 'L1_layers_mol': 2, 'L1_dropout': 0.001613015251124143, 'L1_out_dim': 48, 'L2_hidden_dim': 224, 'L2_layers_atom': 1, 'L2_layers_mol': 3, 'L2_out_dim': 96, 'L2_dropout': 0.02884196062622676, 'L3_hidden_dim': 96, 'L3_layers_atom': 3, 'L3_layers_mol': 1, 'L3_out_dim': 128, 'L3_dropout': 0.16812308531302314, 'n_mlp_layers': 3, 'mlp_dim_0': 408, 'mlp_dim_1': 144, 'mlp_dim_2': 480, 'num_heads': 2, 'final_dropout': 0.12530079745829953, 'train_learning_rate': 0.00010962958805719608, 'train_lr_reduce': 0.6}. Best is trial 2072 with value: 0.009343244135379791.
[I 2024-12-26 17:20:53,819] Trial 2080 finished with value: 0.013278981670737267 and parameters: {'L1_hidden_dim': 128, 'L1_layers_atom': 3, 'L1_layers_mol': 2, 'L1_dropout': 0.19279710571472491, 'L1_out_dim': 32, 'L2_hidden_dim': 128, 'L2_layers_atom': 2, 'L2_layers_mol': 4, 'L2_out_dim': 128, 'L2_dropout': 0.04815898982711993, 'L3_hidden_dim': 80, 'L3_layers_atom': 4, 'L3_layers_mol': 1, 'L3_out_dim': 128, 'L3_dropout': 0.08454400838498496, 'n_mlp_layers': 3, 'mlp_dim_0': 192, 'mlp_dim_1': 168, 'mlp_dim_2': 480, 'num_heads': 2, 'final_dropout': 0.12304350847345183, 'train_learning_rate': 0.0006345261678767519, 'train_lr_reduce': 0.6}. Best is trial 2072 with value: 0.009343244135379791.
[I 2024-12-26 17:20:56,677] Trial 2081 finished with value: 0.013881780207157135 and parameters: {'L1_hidden_dim': 224, 'L1_layers_atom': 1, 'L1_layers_mol': 2, 'L1_dropout': 0.04089231004355037, 'L1_out_dim': 96, 'L2_hidden_dim': 160, 'L2_layers_atom': 3, 'L2_layers_mol': 4, 'L2_out_dim': 48, 'L2_dropout': 0.23687820353375127, 'L3_hidden_dim': 80, 'L3_layers_atom': 1, 'L3_layers_mol': 2, 'L3_out_dim': 80, 'L3_dropout': 0.05315089133701427, 'n_mlp_layers': 3, 'mlp_dim_0': 256, 'mlp_dim_1': 152, 'mlp_dim_2': 472, 'num_heads': 2, 'final_dropout': 0.17374855923449622, 'train_learning_rate': 0.005756156429714894, 'train_lr_reduce': 0.6}. Best is trial 2072 with value: 0.009343244135379791.
[I 2024-12-26 17:21:37,033] Trial 2082 finished with value: 0.011578601785004139 and parameters: {'L1_hidden_dim': 64, 'L1_layers_atom': 1, 'L1_layers_mol': 3, 'L1_dropout': 0.10761267818093474, 'L1_out_dim': 48, 'L2_hidden_dim': 192, 'L2_layers_atom': 1, 'L2_layers_mol': 2, 'L2_out_dim': 112, 'L2_dropout': 0.05864388315681435, 'L3_hidden_dim': 96, 'L3_layers_atom': 4, 'L3_layers_mol': 1, 'L3_out_dim': 96, 'L3_dropout': 0.049261040842507126, 'n_mlp_layers': 3, 'mlp_dim_0': 496, 'mlp_dim_1': 184, 'mlp_dim_2': 472, 'num_heads': 2, 'final_dropout': 0.010391292498508925, 'train_learning_rate': 0.000819068430982079, 'train_lr_reduce': 0.6}. Best is trial 2072 with value: 0.009343244135379791.
[I 2024-12-26 17:23:33,756] Trial 2084 finished with value: 0.026239341124892235 and parameters: {'L1_hidden_dim': 256, 'L1_layers_atom': 1, 'L1_layers_mol': 1, 'L1_dropout': 0.09598597875749054, 'L1_out_dim': 128, 'L2_hidden_dim': 176, 'L2_layers_atom': 1, 'L2_layers_mol': 4, 'L2_out_dim': 32, 'L2_dropout': 0.11521333392265412, 'L3_hidden_dim': 64, 'L3_layers_atom': 4, 'L3_layers_mol': 2, 'L3_out_dim': 64, 'L3_dropout': 0.09496114868660305, 'n_mlp_layers': 3, 'mlp_dim_0': 424, 'mlp_dim_1': 120, 'mlp_dim_2': 480, 'num_heads': 1, 'final_dropout': 0.1479556227171409, 'train_learning_rate': 0.0001669914462579739, 'train_lr_reduce': 0.6}. Best is trial 2072 with value: 0.009343244135379791.
[I 2024-12-26 17:23:35,827] Trial 2083 finished with value: 0.011387425474822521 and parameters: {'L1_hidden_dim': 144, 'L1_layers_atom': 3, 'L1_layers_mol': 2, 'L1_dropout': 0.01895884270473465, 'L1_out_dim': 32, 'L2_hidden_dim': 256, 'L2_layers_atom': 1, 'L2_layers_mol': 2, 'L2_out_dim': 128, 'L2_dropout': 0.010040789652939537, 'L3_hidden_dim': 128, 'L3_layers_atom': 2, 'L3_layers_mol': 2, 'L3_out_dim': 112, 'L3_dropout': 0.18227171525122443, 'n_mlp_layers': 3, 'mlp_dim_0': 272, 'mlp_dim_1': 184, 'mlp_dim_2': 448, 'num_heads': 2, 'final_dropout': 0.07270126759850115, 'train_learning_rate': 0.0003907534258204897, 'train_lr_reduce': 0.6}. Best is trial 2072 with value: 0.009343244135379791.
[I 2024-12-26 17:23:45,117] Trial 2085 finished with value: 0.010794932022690773 and parameters: {'L1_hidden_dim': 128, 'L1_layers_atom': 3, 'L1_layers_mol': 1, 'L1_dropout': 0.01136186691383476, 'L1_out_dim': 64, 'L2_hidden_dim': 192, 'L2_layers_atom': 1, 'L2_layers_mol': 2, 'L2_out_dim': 112, 'L2_dropout': 0.004789440992754322, 'L3_hidden_dim': 128, 'L3_layers_atom': 3, 'L3_layers_mol': 1, 'L3_out_dim': 112, 'L3_dropout': 0.08338079464356053, 'n_mlp_layers': 3, 'mlp_dim_0': 296, 'mlp_dim_1': 192, 'mlp_dim_2': 448, 'num_heads': 2, 'final_dropout': 0.07283752607011244, 'train_learning_rate': 0.0003144168355013749, 'train_lr_reduce': 0.6}. Best is trial 2072 with value: 0.009343244135379791.
[I 2024-12-26 17:26:07,831] Trial 2088 finished with value: 0.011059634387493134 and parameters: {'L1_hidden_dim': 128, 'L1_layers_atom': 4, 'L1_layers_mol': 2, 'L1_dropout': 0.06704362832456469, 'L1_out_dim': 48, 'L2_hidden_dim': 176, 'L2_layers_atom': 2, 'L2_layers_mol': 1, 'L2_out_dim': 112, 'L2_dropout': 0.024834811029810184, 'L3_hidden_dim': 96, 'L3_layers_atom': 4, 'L3_layers_mol': 2, 'L3_out_dim': 128, 'L3_dropout': 0.10119415111785904, 'n_mlp_layers': 3, 'mlp_dim_0': 504, 'mlp_dim_1': 192, 'mlp_dim_2': 512, 'num_heads': 2, 'final_dropout': 0.12596688792168087, 'train_learning_rate': 0.0006174374149145665, 'train_lr_reduce': 0.6}. Best is trial 2072 with value: 0.009343244135379791.
[I 2024-12-26 17:26:12,323] Trial 2087 finished with value: 0.011424528434872627 and parameters: {'L1_hidden_dim': 144, 'L1_layers_atom': 2, 'L1_layers_mol': 2, 'L1_dropout': 0.10990946579832846, 'L1_out_dim': 112, 'L2_hidden_dim': 192, 'L2_layers_atom': 1, 'L2_layers_mol': 4, 'L2_out_dim': 112, 'L2_dropout': 0.04613208573896734, 'L3_hidden_dim': 80, 'L3_layers_atom': 4, 'L3_layers_mol': 1, 'L3_out_dim': 112, 'L3_dropout': 0.10412839519300968, 'n_mlp_layers': 3, 'mlp_dim_0': 384, 'mlp_dim_1': 192, 'mlp_dim_2': 472, 'num_heads': 2, 'final_dropout': 0.15754159972192844, 'train_learning_rate': 0.0006378596564582761, 'train_lr_reduce': 0.6}. Best is trial 2072 with value: 0.009343244135379791.
[I 2024-12-26 17:26:56,204] Trial 2086 finished with value: 0.011073922738432884 and parameters: {'L1_hidden_dim': 224, 'L1_layers_atom': 2, 'L1_layers_mol': 1, 'L1_dropout': 0.03884097208994003, 'L1_out_dim': 96, 'L2_hidden_dim': 144, 'L2_layers_atom': 1, 'L2_layers_mol': 4, 'L2_out_dim': 64, 'L2_dropout': 0.023047452328712657, 'L3_hidden_dim': 64, 'L3_layers_atom': 4, 'L3_layers_mol': 2, 'L3_out_dim': 80, 'L3_dropout': 0.157114184952373, 'n_mlp_layers': 2, 'mlp_dim_0': 256, 'mlp_dim_1': 120, 'num_heads': 2, 'final_dropout': 0.14469986276411356, 'train_learning_rate': 0.00045988196541213504, 'train_lr_reduce': 0.6}. Best is trial 2072 with value: 0.009343244135379791.
[I 2024-12-26 17:28:17,279] Trial 2089 finished with value: 0.014163234271109104 and parameters: {'L1_hidden_dim': 144, 'L1_layers_atom': 2, 'L1_layers_mol': 1, 'L1_dropout': 0.015033268916818235, 'L1_out_dim': 96, 'L2_hidden_dim': 224, 'L2_layers_atom': 1, 'L2_layers_mol': 4, 'L2_out_dim': 64, 'L2_dropout': 0.048013684596531825, 'L3_hidden_dim': 64, 'L3_layers_atom': 4, 'L3_layers_mol': 2, 'L3_out_dim': 80, 'L3_dropout': 0.019494603195496795, 'n_mlp_layers': 2, 'mlp_dim_0': 344, 'mlp_dim_1': 176, 'num_heads': 2, 'final_dropout': 0.116086622641954, 'train_learning_rate': 0.0010114024629655385, 'train_lr_reduce': 0.6}. Best is trial 2072 with value: 0.009343244135379791.
[I 2024-12-26 17:29:10,357] Trial 2090 finished with value: 0.012116514146327972 and parameters: {'L1_hidden_dim': 96, 'L1_layers_atom': 1, 'L1_layers_mol': 1, 'L1_dropout': 0.14210737823098168, 'L1_out_dim': 80, 'L2_hidden_dim': 208, 'L2_layers_atom': 1, 'L2_layers_mol': 2, 'L2_out_dim': 112, 'L2_dropout': 0.11582366614448802, 'L3_hidden_dim': 112, 'L3_layers_atom': 4, 'L3_layers_mol': 1, 'L3_out_dim': 128, 'L3_dropout': 0.10008303670912189, 'n_mlp_layers': 3, 'mlp_dim_0': 400, 'mlp_dim_1': 120, 'mlp_dim_2': 448, 'num_heads': 2, 'final_dropout': 0.05673843978023416, 'train_learning_rate': 0.0009346654764381798, 'train_lr_reduce': 0.6}. Best is trial 2072 with value: 0.009343244135379791.
[I 2024-12-26 17:29:38,207] Trial 2091 finished with value: 0.01069580763578415 and parameters: {'L1_hidden_dim': 80, 'L1_layers_atom': 4, 'L1_layers_mol': 1, 'L1_dropout': 0.011043548948136457, 'L1_out_dim': 32, 'L2_hidden_dim': 224, 'L2_layers_atom': 1, 'L2_layers_mol': 2, 'L2_out_dim': 80, 'L2_dropout': 0.03356238314422567, 'L3_hidden_dim': 112, 'L3_layers_atom': 4, 'L3_layers_mol': 1, 'L3_out_dim': 128, 'L3_dropout': 0.008990838820239218, 'n_mlp_layers': 3, 'mlp_dim_0': 352, 'mlp_dim_1': 200, 'mlp_dim_2': 512, 'num_heads': 2, 'final_dropout': 0.1034676877845809, 'train_learning_rate': 0.0005011064167206265, 'train_lr_reduce': 0.6}. Best is trial 2072 with value: 0.009343244135379791.
[I 2024-12-26 17:31:10,656] Trial 2092 finished with value: 0.011750749312341213 and parameters: {'L1_hidden_dim': 128, 'L1_layers_atom': 3, 'L1_layers_mol': 4, 'L1_dropout': 0.03970066089368953, 'L1_out_dim': 80, 'L2_hidden_dim': 256, 'L2_layers_atom': 3, 'L2_layers_mol': 3, 'L2_out_dim': 32, 'L2_dropout': 0.009820457680786411, 'L3_hidden_dim': 48, 'L3_layers_atom': 4, 'L3_layers_mol': 2, 'L3_out_dim': 128, 'L3_dropout': 0.07473171552428386, 'n_mlp_layers': 3, 'mlp_dim_0': 152, 'mlp_dim_1': 160, 'mlp_dim_2': 432, 'num_heads': 2, 'final_dropout': 0.1781737977138738, 'train_learning_rate': 0.00015738827079783848, 'train_lr_reduce': 0.6}. Best is trial 2072 with value: 0.009343244135379791.
[I 2024-12-26 17:31:25,016] Trial 2093 finished with value: 0.01820736564695835 and parameters: {'L1_hidden_dim': 176, 'L1_layers_atom': 1, 'L1_layers_mol': 4, 'L1_dropout': 0.2913664386588044, 'L1_out_dim': 32, 'L2_hidden_dim': 256, 'L2_layers_atom': 2, 'L2_layers_mol': 1, 'L2_out_dim': 96, 'L2_dropout': 0.1994603447191937, 'L3_hidden_dim': 96, 'L3_layers_atom': 2, 'L3_layers_mol': 4, 'L3_out_dim': 32, 'L3_dropout': 0.06753144882821295, 'n_mlp_layers': 3, 'mlp_dim_0': 200, 'mlp_dim_1': 208, 'mlp_dim_2': 480, 'num_heads': 1, 'final_dropout': 0.013636279496432258, 'train_learning_rate': 0.0008811159164706195, 'train_lr_reduce': 0.6}. Best is trial 2072 with value: 0.009343244135379791.
[I 2024-12-26 17:32:21,436] Trial 2094 finished with value: 0.011914312839508057 and parameters: {'L1_hidden_dim': 128, 'L1_layers_atom': 1, 'L1_layers_mol': 1, 'L1_dropout': 0.16994021412766086, 'L1_out_dim': 48, 'L2_hidden_dim': 192, 'L2_layers_atom': 2, 'L2_layers_mol': 2, 'L2_out_dim': 96, 'L2_dropout': 0.01311440397652194, 'L3_hidden_dim': 112, 'L3_layers_atom': 4, 'L3_layers_mol': 1, 'L3_out_dim': 128, 'L3_dropout': 0.054028469928602274, 'n_mlp_layers': 3, 'mlp_dim_0': 320, 'mlp_dim_1': 112, 'mlp_dim_2': 424, 'num_heads': 2, 'final_dropout': 0.06509480530025703, 'train_learning_rate': 0.0008966361999423022, 'train_lr_reduce': 0.6}. Best is trial 2072 with value: 0.009343244135379791.
[I 2024-12-26 17:33:14,313] Trial 2096 finished with value: 0.04375988617539406 and parameters: {'L1_hidden_dim': 80, 'L1_layers_atom': 4, 'L1_layers_mol': 3, 'L1_dropout': 0.23586950794983755, 'L1_out_dim': 48, 'L2_hidden_dim': 192, 'L2_layers_atom': 4, 'L2_layers_mol': 4, 'L2_out_dim': 48, 'L2_dropout': 0.19547619250875964, 'L3_hidden_dim': 96, 'L3_layers_atom': 1, 'L3_layers_mol': 1, 'L3_out_dim': 48, 'L3_dropout': 0.0794865729775689, 'n_mlp_layers': 3, 'mlp_dim_0': 488, 'mlp_dim_1': 208, 'mlp_dim_2': 480, 'num_heads': 1, 'final_dropout': 0.18542725737982632, 'train_learning_rate': 0.008162868866893932, 'train_lr_reduce': 0.6}. Best is trial 2072 with value: 0.009343244135379791.
[I 2024-12-26 17:34:37,032] Trial 2095 finished with value: 0.020387083292007446 and parameters: {'L1_hidden_dim': 64, 'L1_layers_atom': 2, 'L1_layers_mol': 2, 'L1_dropout': 0.034209005258716244, 'L1_out_dim': 32, 'L2_hidden_dim': 208, 'L2_layers_atom': 2, 'L2_layers_mol': 4, 'L2_out_dim': 128, 'L2_dropout': 0.03296945701716144, 'L3_hidden_dim': 80, 'L3_layers_atom': 4, 'L3_layers_mol': 1, 'L3_out_dim': 112, 'L3_dropout': 0.072347759198575, 'n_mlp_layers': 3, 'mlp_dim_0': 456, 'mlp_dim_1': 208, 'mlp_dim_2': 440, 'num_heads': 2, 'final_dropout': 0.04321380709890853, 'train_learning_rate': 0.00012946020158361316, 'train_lr_reduce': 0.6}. Best is trial 2072 with value: 0.009343244135379791.
[I 2024-12-26 17:35:10,510] Trial 2097 finished with value: 0.02324756421148777 and parameters: {'L1_hidden_dim': 128, 'L1_layers_atom': 2, 'L1_layers_mol': 1, 'L1_dropout': 0.15923309979925213, 'L1_out_dim': 112, 'L2_hidden_dim': 224, 'L2_layers_atom': 1, 'L2_layers_mol': 4, 'L2_out_dim': 80, 'L2_dropout': 0.19151328851805022, 'L3_hidden_dim': 96, 'L3_layers_atom': 4, 'L3_layers_mol': 1, 'L3_out_dim': 48, 'L3_dropout': 0.06610109000494507, 'n_mlp_layers': 3, 'mlp_dim_0': 432, 'mlp_dim_1': 168, 'mlp_dim_2': 400, 'num_heads': 1, 'final_dropout': 0.019442683461830746, 'train_learning_rate': 0.0007495351053960949, 'train_lr_reduce': 0.6}. Best is trial 2072 with value: 0.009343244135379791.
[I 2024-12-26 17:35:39,971] Trial 2098 finished with value: 0.012940156273543835 and parameters: {'L1_hidden_dim': 208, 'L1_layers_atom': 4, 'L1_layers_mol': 4, 'L1_dropout': 0.07402891809176755, 'L1_out_dim': 96, 'L2_hidden_dim': 224, 'L2_layers_atom': 2, 'L2_layers_mol': 4, 'L2_out_dim': 96, 'L2_dropout': 0.0929804197913443, 'L3_hidden_dim': 64, 'L3_layers_atom': 2, 'L3_layers_mol': 1, 'L3_out_dim': 112, 'L3_dropout': 0.12863680740069094, 'n_mlp_layers': 3, 'mlp_dim_0': 160, 'mlp_dim_1': 208, 'mlp_dim_2': 480, 'num_heads': 2, 'final_dropout': 0.2259705333164039, 'train_learning_rate': 0.0003927855246256001, 'train_lr_reduce': 0.6}. Best is trial 2072 with value: 0.009343244135379791.
[I 2024-12-26 17:37:19,901] Trial 2099 finished with value: 0.010434905998408794 and parameters: {'L1_hidden_dim': 96, 'L1_layers_atom': 4, 'L1_layers_mol': 2, 'L1_dropout': 0.008281773386061259, 'L1_out_dim': 48, 'L2_hidden_dim': 256, 'L2_layers_atom': 1, 'L2_layers_mol': 4, 'L2_out_dim': 112, 'L2_dropout': 0.019899975761779494, 'L3_hidden_dim': 64, 'L3_layers_atom': 3, 'L3_layers_mol': 1, 'L3_out_dim': 128, 'L3_dropout': 0.08079138267579991, 'n_mlp_layers': 3, 'mlp_dim_0': 432, 'mlp_dim_1': 120, 'mlp_dim_2': 512, 'num_heads': 2, 'final_dropout': 0.05084247645770674, 'train_learning_rate': 0.00021984529691283187, 'train_lr_reduce': 0.6}. Best is trial 2072 with value: 0.009343244135379791.
[I 2024-12-26 17:37:46,080] Trial 2100 finished with value: 0.02744060941040516 and parameters: {'L1_hidden_dim': 112, 'L1_layers_atom': 4, 'L1_layers_mol': 1, 'L1_dropout': 0.2639299409744369, 'L1_out_dim': 32, 'L2_hidden_dim': 240, 'L2_layers_atom': 3, 'L2_layers_mol': 2, 'L2_out_dim': 96, 'L2_dropout': 0.20035313461554816, 'L3_hidden_dim': 32, 'L3_layers_atom': 2, 'L3_layers_mol': 3, 'L3_out_dim': 128, 'L3_dropout': 0.08512924688574826, 'n_mlp_layers': 2, 'mlp_dim_0': 208, 'mlp_dim_1': 240, 'num_heads': 2, 'final_dropout': 0.23807554721043872, 'train_learning_rate': 0.0002618743823802542, 'train_lr_reduce': 0.6}. Best is trial 2072 with value: 0.009343244135379791.
[I 2024-12-26 17:38:30,084] Trial 2101 finished with value: 0.010822380892932415 and parameters: {'L1_hidden_dim': 64, 'L1_layers_atom': 3, 'L1_layers_mol': 2, 'L1_dropout': 0.08899347903632096, 'L1_out_dim': 32, 'L2_hidden_dim': 192, 'L2_layers_atom': 2, 'L2_layers_mol': 4, 'L2_out_dim': 128, 'L2_dropout': 0.04560491826801002, 'L3_hidden_dim': 112, 'L3_layers_atom': 2, 'L3_layers_mol': 1, 'L3_out_dim': 112, 'L3_dropout': 0.13697576715073262, 'n_mlp_layers': 3, 'mlp_dim_0': 488, 'mlp_dim_1': 152, 'mlp_dim_2': 440, 'num_heads': 2, 'final_dropout': 0.035146379504810574, 'train_learning_rate': 0.000445079114404439, 'train_lr_reduce': 0.6}. Best is trial 2072 with value: 0.009343244135379791.
[I 2024-12-26 17:38:53,956] Trial 2104 finished with value: 0.9652517437934875 and parameters: {'L1_hidden_dim': 128, 'L1_layers_atom': 2, 'L1_layers_mol': 3, 'L1_dropout': 0.08377720952222989, 'L1_out_dim': 48, 'L2_hidden_dim': 240, 'L2_layers_atom': 4, 'L2_layers_mol': 4, 'L2_out_dim': 64, 'L2_dropout': 0.25499506722550963, 'L3_hidden_dim': 64, 'L3_layers_atom': 3, 'L3_layers_mol': 4, 'L3_out_dim': 32, 'L3_dropout': 0.07459294743506772, 'n_mlp_layers': 2, 'mlp_dim_0': 264, 'mlp_dim_1': 168, 'num_heads': 1, 'final_dropout': 0.13177128935876148, 'train_learning_rate': 0.00011651393698274252, 'train_lr_reduce': 0.6}. Best is trial 2072 with value: 0.009343244135379791.
[I 2024-12-26 17:39:25,600] Trial 2102 finished with value: 0.013121851719915867 and parameters: {'L1_hidden_dim': 192, 'L1_layers_atom': 2, 'L1_layers_mol': 1, 'L1_dropout': 0.02262779483916506, 'L1_out_dim': 112, 'L2_hidden_dim': 224, 'L2_layers_atom': 1, 'L2_layers_mol': 4, 'L2_out_dim': 96, 'L2_dropout': 0.08397476428092443, 'L3_hidden_dim': 80, 'L3_layers_atom': 3, 'L3_layers_mol': 1, 'L3_out_dim': 64, 'L3_dropout': 0.00902038975663702, 'n_mlp_layers': 3, 'mlp_dim_0': 256, 'mlp_dim_1': 224, 'mlp_dim_2': 448, 'num_heads': 1, 'final_dropout': 0.059233937277037366, 'train_learning_rate': 0.00031743562285950716, 'train_lr_reduce': 0.6}. Best is trial 2072 with value: 0.009343244135379791.
