Seed set to 42
[I 2024-12-19 23:36:35,942] A new study created in RDB with name: megnet_Omega_megnet
[I 2024-12-19 23:36:47,652] Trial 2 finished with value: 1.4508670568466187 and parameters: {'mlp_n_layers': 2, 'mlp_dim_00': 122, 'mlp_dim_01': 443, 'node_hidden_dim': 51, 'edge_hidden_dim': 86, 'depth': 4, 'rep_dropout': 0.08530484163717773, 'train_learning_rate': 0.001488331391176024, 'train_lr_reduce': 0.6}. Best is trial 2 with value: 1.4508670568466187.
[I 2024-12-19 23:36:48,101] Trial 0 finished with value: 1.579063892364502 and parameters: {'mlp_n_layers': 4, 'mlp_dim_00': 210, 'mlp_dim_01': 462, 'mlp_dim_02': 292, 'mlp_dim_03': 112, 'node_hidden_dim': 49, 'edge_hidden_dim': 37, 'depth': 2, 'rep_dropout': 0.0840280245370867, 'train_learning_rate': 0.0008100184238405624, 'train_lr_reduce': 0.6}. Best is trial 2 with value: 1.4508670568466187.
[I 2024-12-19 23:36:48,353] Trial 1 finished with value: 1.374045491218567 and parameters: {'mlp_n_layers': 1, 'mlp_dim_00': 203, 'node_hidden_dim': 63, 'edge_hidden_dim': 65, 'depth': 4, 'rep_dropout': 0.01763887270864942, 'train_learning_rate': 0.006321037688195109, 'train_lr_reduce': 0.6}. Best is trial 1 with value: 1.374045491218567.
[I 2024-12-19 23:36:50,168] Trial 3 finished with value: 1.5413933992385864 and parameters: {'mlp_n_layers': 4, 'mlp_dim_00': 162, 'mlp_dim_01': 466, 'mlp_dim_02': 68, 'mlp_dim_03': 446, 'node_hidden_dim': 95, 'edge_hidden_dim': 70, 'depth': 1, 'rep_dropout': 0.1295836435110923, 'train_learning_rate': 0.0001423588023610682, 'train_lr_reduce': 0.6}. Best is trial 1 with value: 1.374045491218567.
[I 2024-12-19 23:36:51,105] Trial 4 finished with value: 1.5360602140426636 and parameters: {'mlp_n_layers': 3, 'mlp_dim_00': 455, 'mlp_dim_01': 324, 'mlp_dim_02': 110, 'node_hidden_dim': 79, 'edge_hidden_dim': 110, 'depth': 2, 'rep_dropout': 0.03180210944610212, 'train_learning_rate': 0.0014156473898723615, 'train_lr_reduce': 0.6}. Best is trial 1 with value: 1.374045491218567.
[I 2024-12-19 23:36:53,741] Trial 6 finished with value: 1.5717512369155884 and parameters: {'mlp_n_layers': 3, 'mlp_dim_00': 394, 'mlp_dim_01': 330, 'mlp_dim_02': 192, 'node_hidden_dim': 69, 'edge_hidden_dim': 92, 'depth': 4, 'rep_dropout': 0.1394014119011308, 'train_learning_rate': 0.0002576450597685252, 'train_lr_reduce': 0.6}. Best is trial 1 with value: 1.374045491218567.
[I 2024-12-19 23:36:55,595] Trial 7 finished with value: 1.317496418952942 and parameters: {'mlp_n_layers': 4, 'mlp_dim_00': 506, 'mlp_dim_01': 215, 'mlp_dim_02': 443, 'mlp_dim_03': 156, 'node_hidden_dim': 68, 'edge_hidden_dim': 65, 'depth': 4, 'rep_dropout': 0.05181639105336142, 'train_learning_rate': 0.006673787349308133, 'train_lr_reduce': 0.6}. Best is trial 7 with value: 1.317496418952942.
[I 2024-12-19 23:36:57,191] Trial 8 finished with value: 1.342896580696106 and parameters: {'mlp_n_layers': 1, 'mlp_dim_00': 122, 'node_hidden_dim': 123, 'edge_hidden_dim': 93, 'depth': 3, 'rep_dropout': 0.04085600783728272, 'train_learning_rate': 0.0021221031511679442, 'train_lr_reduce': 0.6}. Best is trial 7 with value: 1.317496418952942.
[I 2024-12-19 23:36:58,589] Trial 9 finished with value: 1.5022066831588745 and parameters: {'mlp_n_layers': 1, 'mlp_dim_00': 113, 'node_hidden_dim': 97, 'edge_hidden_dim': 91, 'depth': 2, 'rep_dropout': 0.06706885286887815, 'train_learning_rate': 0.00041815137722251626, 'train_lr_reduce': 0.6}. Best is trial 7 with value: 1.317496418952942.
[I 2024-12-19 23:36:59,266] Trial 5 finished with value: 0.37479227781295776 and parameters: {'mlp_n_layers': 4, 'mlp_dim_00': 327, 'mlp_dim_01': 151, 'mlp_dim_02': 238, 'mlp_dim_03': 282, 'node_hidden_dim': 79, 'edge_hidden_dim': 54, 'depth': 1, 'rep_dropout': 0.020272280772974733, 'train_learning_rate': 0.0025148428488173742, 'train_lr_reduce': 0.6}. Best is trial 5 with value: 0.37479227781295776.
[I 2024-12-19 23:37:02,623] Trial 11 finished with value: 1.4456403255462646 and parameters: {'mlp_n_layers': 2, 'mlp_dim_00': 464, 'mlp_dim_01': 291, 'node_hidden_dim': 111, 'edge_hidden_dim': 91, 'depth': 4, 'rep_dropout': 0.08999978815338927, 'train_learning_rate': 0.007227389773046125, 'train_lr_reduce': 0.6}. Best is trial 5 with value: 0.37479227781295776.
[I 2024-12-19 23:37:02,720] Trial 12 finished with value: 1.2874462604522705 and parameters: {'mlp_n_layers': 4, 'mlp_dim_00': 353, 'mlp_dim_01': 66, 'mlp_dim_02': 340, 'mlp_dim_03': 310, 'node_hidden_dim': 53, 'edge_hidden_dim': 39, 'depth': 1, 'rep_dropout': 0.04492437140863417, 'train_learning_rate': 0.007579650355173167, 'train_lr_reduce': 0.6}. Best is trial 5 with value: 0.37479227781295776.
[I 2024-12-19 23:37:03,157] Trial 10 finished with value: 1.37391197681427 and parameters: {'mlp_n_layers': 2, 'mlp_dim_00': 434, 'mlp_dim_01': 284, 'node_hidden_dim': 45, 'edge_hidden_dim': 118, 'depth': 2, 'rep_dropout': 0.0561525359804846, 'train_learning_rate': 0.002640302240360609, 'train_lr_reduce': 0.6}. Best is trial 5 with value: 0.37479227781295776.
[I 2024-12-19 23:37:05,791] Trial 13 finished with value: 1.3683680295944214 and parameters: {'mlp_n_layers': 3, 'mlp_dim_00': 284, 'mlp_dim_01': 75, 'mlp_dim_02': 359, 'node_hidden_dim': 73, 'edge_hidden_dim': 59, 'depth': 1, 'rep_dropout': 0.0300234608053038, 'train_learning_rate': 0.005796502812598843, 'train_lr_reduce': 0.6}. Best is trial 5 with value: 0.37479227781295776.
[I 2024-12-19 23:37:06,424] Trial 15 finished with value: 1.354522705078125 and parameters: {'mlp_n_layers': 4, 'mlp_dim_00': 367, 'mlp_dim_01': 66, 'mlp_dim_02': 501, 'mlp_dim_03': 288, 'node_hidden_dim': 50, 'edge_hidden_dim': 53, 'depth': 2, 'rep_dropout': 0.08735311376051015, 'train_learning_rate': 0.0073789826815810755, 'train_lr_reduce': 0.6}. Best is trial 5 with value: 0.37479227781295776.
[I 2024-12-19 23:37:21,304] Trial 16 finished with value: 0.38523322343826294 and parameters: {'mlp_n_layers': 4, 'mlp_dim_00': 511, 'mlp_dim_01': 165, 'mlp_dim_02': 343, 'mlp_dim_03': 255, 'node_hidden_dim': 55, 'edge_hidden_dim': 56, 'depth': 1, 'rep_dropout': 0.03123961655261025, 'train_learning_rate': 0.0025341204116668507, 'train_lr_reduce': 0.6}. Best is trial 5 with value: 0.37479227781295776.
[I 2024-12-19 23:37:25,611] Trial 18 finished with value: 1.572592854499817 and parameters: {'mlp_n_layers': 4, 'mlp_dim_00': 466, 'mlp_dim_01': 212, 'mlp_dim_02': 363, 'mlp_dim_03': 212, 'node_hidden_dim': 54, 'edge_hidden_dim': 62, 'depth': 1, 'rep_dropout': 0.04445986317526984, 'train_learning_rate': 0.0003284153322079491, 'train_lr_reduce': 0.6}. Best is trial 5 with value: 0.37479227781295776.
[I 2024-12-19 23:37:28,381] Trial 14 finished with value: 0.4812878668308258 and parameters: {'mlp_n_layers': 4, 'mlp_dim_00': 234, 'mlp_dim_01': 146, 'mlp_dim_02': 257, 'mlp_dim_03': 318, 'node_hidden_dim': 75, 'edge_hidden_dim': 49, 'depth': 1, 'rep_dropout': 0.04356145555317957, 'train_learning_rate': 0.009486415983722669, 'train_lr_reduce': 0.6}. Best is trial 5 with value: 0.37479227781295776.
[I 2024-12-19 23:37:31,897] Trial 19 finished with value: 1.3560397624969482 and parameters: {'mlp_n_layers': 4, 'mlp_dim_00': 487, 'mlp_dim_01': 181, 'mlp_dim_02': 259, 'mlp_dim_03': 217, 'node_hidden_dim': 61, 'edge_hidden_dim': 68, 'depth': 2, 'rep_dropout': 0.009202825475782753, 'train_learning_rate': 0.00325613812078429, 'train_lr_reduce': 0.6}. Best is trial 5 with value: 0.37479227781295776.
[I 2024-12-19 23:37:32,771] Trial 20 finished with value: 1.5729328393936157 and parameters: {'mlp_n_layers': 3, 'mlp_dim_00': 333, 'mlp_dim_01': 193, 'mlp_dim_02': 286, 'node_hidden_dim': 60, 'edge_hidden_dim': 47, 'depth': 3, 'rep_dropout': 0.02372062278576417, 'train_learning_rate': 0.0004865391272177127, 'train_lr_reduce': 0.6}. Best is trial 5 with value: 0.37479227781295776.
[I 2024-12-19 23:37:35,202] Trial 21 finished with value: 1.3342031240463257 and parameters: {'mlp_n_layers': 3, 'mlp_dim_00': 390, 'mlp_dim_01': 199, 'mlp_dim_02': 399, 'node_hidden_dim': 117, 'edge_hidden_dim': 37, 'depth': 2, 'rep_dropout': 0.08084290633416148, 'train_learning_rate': 0.00622453629271453, 'train_lr_reduce': 0.6}. Best is trial 5 with value: 0.37479227781295776.
[I 2024-12-19 23:37:35,437] Trial 17 finished with value: 0.35732224583625793 and parameters: {'mlp_n_layers': 4, 'mlp_dim_00': 361, 'mlp_dim_01': 160, 'mlp_dim_02': 199, 'mlp_dim_03': 392, 'node_hidden_dim': 93, 'edge_hidden_dim': 73, 'depth': 1, 'rep_dropout': 0.06237245789394713, 'train_learning_rate': 0.0013704643533195258, 'train_lr_reduce': 0.6}. Best is trial 17 with value: 0.35732224583625793.
[I 2024-12-19 23:37:52,498] Trial 23 finished with value: 0.37043485045433044 and parameters: {'mlp_n_layers': 4, 'mlp_dim_00': 292, 'mlp_dim_01': 150, 'mlp_dim_02': 205, 'mlp_dim_03': 417, 'node_hidden_dim': 106, 'edge_hidden_dim': 84, 'depth': 1, 'rep_dropout': 0.10437011342596922, 'train_learning_rate': 0.0014616648013933292, 'train_lr_reduce': 0.6}. Best is trial 17 with value: 0.35732224583625793.
[I 2024-12-19 23:37:59,547] Trial 24 finished with value: 0.4123713970184326 and parameters: {'mlp_n_layers': 3, 'mlp_dim_00': 253, 'mlp_dim_01': 166, 'mlp_dim_02': 197, 'node_hidden_dim': 92, 'edge_hidden_dim': 87, 'depth': 1, 'rep_dropout': 0.06406752549436995, 'train_learning_rate': 0.0006694665276963852, 'train_lr_reduce': 0.6}. Best is trial 17 with value: 0.35732224583625793.
[I 2024-12-19 23:38:01,883] Trial 22 finished with value: 0.42338964343070984 and parameters: {'mlp_n_layers': 3, 'mlp_dim_00': 491, 'mlp_dim_01': 137, 'mlp_dim_02': 179, 'node_hidden_dim': 42, 'edge_hidden_dim': 76, 'depth': 1, 'rep_dropout': 0.05419266760036719, 'train_learning_rate': 0.0027078636396962665, 'train_lr_reduce': 0.6}. Best is trial 17 with value: 0.35732224583625793.
[I 2024-12-19 23:38:04,150] Trial 26 finished with value: 1.5632089376449585 and parameters: {'mlp_n_layers': 4, 'mlp_dim_00': 401, 'mlp_dim_01': 234, 'mlp_dim_02': 202, 'mlp_dim_03': 494, 'node_hidden_dim': 98, 'edge_hidden_dim': 64, 'depth': 1, 'rep_dropout': 0.10025533610427242, 'train_learning_rate': 0.0005081454616088856, 'train_lr_reduce': 0.6}. Best is trial 17 with value: 0.35732224583625793.
[I 2024-12-19 23:38:05,730] Trial 25 finished with value: 0.4874400198459625 and parameters: {'mlp_n_layers': 4, 'mlp_dim_00': 288, 'mlp_dim_01': 134, 'mlp_dim_02': 175, 'mlp_dim_03': 419, 'node_hidden_dim': 124, 'edge_hidden_dim': 107, 'depth': 1, 'rep_dropout': 0.13542838185461806, 'train_learning_rate': 0.001353933010256325, 'train_lr_reduce': 0.6}. Best is trial 17 with value: 0.35732224583625793.
[I 2024-12-19 23:38:09,523] Trial 29 finished with value: 1.2920446395874023 and parameters: {'mlp_n_layers': 4, 'mlp_dim_00': 172, 'mlp_dim_01': 245, 'mlp_dim_02': 231, 'mlp_dim_03': 379, 'node_hidden_dim': 93, 'edge_hidden_dim': 81, 'depth': 2, 'rep_dropout': 0.10458340201393065, 'train_learning_rate': 0.005682508941238277, 'train_lr_reduce': 0.6}. Best is trial 17 with value: 0.35732224583625793.
[I 2024-12-19 23:38:12,807] Trial 27 finished with value: 0.4308649003505707 and parameters: {'mlp_n_layers': 4, 'mlp_dim_00': 276, 'mlp_dim_01': 132, 'mlp_dim_02': 146, 'mlp_dim_03': 385, 'node_hidden_dim': 104, 'edge_hidden_dim': 58, 'depth': 1, 'rep_dropout': 0.06277970918482825, 'train_learning_rate': 0.0017208421177405723, 'train_lr_reduce': 0.6}. Best is trial 17 with value: 0.35732224583625793.
[I 2024-12-19 23:38:13,069] Trial 30 finished with value: 1.5549284219741821 and parameters: {'mlp_n_layers': 4, 'mlp_dim_00': 280, 'mlp_dim_01': 133, 'mlp_dim_02': 137, 'mlp_dim_03': 385, 'node_hidden_dim': 69, 'edge_hidden_dim': 67, 'depth': 2, 'rep_dropout': 0.0010818244603057574, 'train_learning_rate': 0.0012109548082801687, 'train_lr_reduce': 0.6}. Best is trial 17 with value: 0.35732224583625793.
[I 2024-12-19 23:38:16,409] Trial 31 finished with value: 1.5365281105041504 and parameters: {'mlp_n_layers': 4, 'mlp_dim_00': 470, 'mlp_dim_01': 222, 'mlp_dim_02': 259, 'mlp_dim_03': 501, 'node_hidden_dim': 90, 'edge_hidden_dim': 85, 'depth': 1, 'rep_dropout': 0.06404647570028975, 'train_learning_rate': 0.0013406321292648118, 'train_lr_reduce': 0.6}. Best is trial 17 with value: 0.35732224583625793.
[I 2024-12-19 23:38:20,602] Trial 33 finished with value: 1.543485403060913 and parameters: {'mlp_n_layers': 4, 'mlp_dim_00': 325, 'mlp_dim_01': 169, 'mlp_dim_02': 305, 'mlp_dim_03': 247, 'node_hidden_dim': 81, 'edge_hidden_dim': 91, 'depth': 2, 'rep_dropout': 0.12537434003880737, 'train_learning_rate': 0.0013165902205849159, 'train_lr_reduce': 0.6}. Best is trial 17 with value: 0.35732224583625793.
[I 2024-12-19 23:38:32,670] Trial 32 finished with value: 0.5163720846176147 and parameters: {'mlp_n_layers': 4, 'mlp_dim_00': 304, 'mlp_dim_01': 82, 'mlp_dim_02': 150, 'mlp_dim_03': 356, 'node_hidden_dim': 102, 'edge_hidden_dim': 88, 'depth': 1, 'rep_dropout': 0.029000960931533218, 'train_learning_rate': 0.002122237890830185, 'train_lr_reduce': 0.6}. Best is trial 17 with value: 0.35732224583625793.
[I 2024-12-19 23:38:36,557] Trial 35 finished with value: 1.3433986902236938 and parameters: {'mlp_n_layers': 3, 'mlp_dim_00': 344, 'mlp_dim_01': 161, 'mlp_dim_02': 311, 'node_hidden_dim': 120, 'edge_hidden_dim': 67, 'depth': 1, 'rep_dropout': 0.14550829347814082, 'train_learning_rate': 0.0046903509959085165, 'train_lr_reduce': 0.6}. Best is trial 17 with value: 0.35732224583625793.
[I 2024-12-19 23:38:37,166] Trial 28 finished with value: 0.8714571595191956 and parameters: {'mlp_n_layers': 3, 'mlp_dim_00': 440, 'mlp_dim_01': 127, 'mlp_dim_02': 226, 'node_hidden_dim': 100, 'edge_hidden_dim': 56, 'depth': 1, 'rep_dropout': 0.023816891866796905, 'train_learning_rate': 0.0006575181276165219, 'train_lr_reduce': 0.6}. Best is trial 17 with value: 0.35732224583625793.
[I 2024-12-19 23:38:37,886] Trial 34 finished with value: 0.36578214168548584 and parameters: {'mlp_n_layers': 4, 'mlp_dim_00': 468, 'mlp_dim_01': 165, 'mlp_dim_02': 255, 'mlp_dim_03': 268, 'node_hidden_dim': 65, 'edge_hidden_dim': 54, 'depth': 1, 'rep_dropout': 0.028627727476962465, 'train_learning_rate': 0.0015902039512061706, 'train_lr_reduce': 0.6}. Best is trial 17 with value: 0.35732224583625793.
[I 2024-12-19 23:38:40,434] Trial 36 finished with value: 1.4360285997390747 and parameters: {'mlp_n_layers': 1, 'mlp_dim_00': 282, 'node_hidden_dim': 79, 'edge_hidden_dim': 55, 'depth': 3, 'rep_dropout': 0.14405359418721514, 'train_learning_rate': 0.0001058403838237172, 'train_lr_reduce': 0.6}. Best is trial 17 with value: 0.35732224583625793.
[I 2024-12-19 23:38:44,037] Trial 38 finished with value: 1.217283010482788 and parameters: {'mlp_n_layers': 4, 'mlp_dim_00': 429, 'mlp_dim_01': 388, 'mlp_dim_02': 240, 'mlp_dim_03': 405, 'node_hidden_dim': 88, 'edge_hidden_dim': 53, 'depth': 1, 'rep_dropout': 0.04838165091569828, 'train_learning_rate': 0.0015771702286620354, 'train_lr_reduce': 0.6}. Best is trial 17 with value: 0.35732224583625793.
[I 2024-12-19 23:38:44,286] Trial 39 finished with value: 1.3887362480163574 and parameters: {'mlp_n_layers': 1, 'mlp_dim_00': 406, 'node_hidden_dim': 127, 'edge_hidden_dim': 98, 'depth': 4, 'rep_dropout': 0.14791734135690732, 'train_learning_rate': 0.00035165290046203343, 'train_lr_reduce': 0.6}. Best is trial 17 with value: 0.35732224583625793.
[I 2024-12-19 23:38:47,350] Trial 37 finished with value: 0.36788928508758545 and parameters: {'mlp_n_layers': 4, 'mlp_dim_00': 312, 'mlp_dim_01': 161, 'mlp_dim_02': 231, 'mlp_dim_03': 321, 'node_hidden_dim': 101, 'edge_hidden_dim': 61, 'depth': 1, 'rep_dropout': 0.008799977775476546, 'train_learning_rate': 0.004924043734853016, 'train_lr_reduce': 0.6}. Best is trial 17 with value: 0.35732224583625793.
[I 2024-12-19 23:38:47,449] Trial 40 finished with value: 1.3582773208618164 and parameters: {'mlp_n_layers': 3, 'mlp_dim_00': 284, 'mlp_dim_01': 487, 'mlp_dim_02': 229, 'node_hidden_dim': 112, 'edge_hidden_dim': 83, 'depth': 1, 'rep_dropout': 0.10252963040539649, 'train_learning_rate': 0.0030367044500141977, 'train_lr_reduce': 0.6}. Best is trial 17 with value: 0.35732224583625793.
[I 2024-12-19 23:38:50,935] Trial 42 finished with value: 1.3927816152572632 and parameters: {'mlp_n_layers': 4, 'mlp_dim_00': 265, 'mlp_dim_01': 151, 'mlp_dim_02': 233, 'mlp_dim_03': 319, 'node_hidden_dim': 86, 'edge_hidden_dim': 43, 'depth': 2, 'rep_dropout': 0.00011482988470592342, 'train_learning_rate': 0.004342014647492825, 'train_lr_reduce': 0.6}. Best is trial 17 with value: 0.35732224583625793.
[I 2024-12-19 23:38:51,033] Trial 43 finished with value: 1.2920924425125122 and parameters: {'mlp_n_layers': 4, 'mlp_dim_00': 447, 'mlp_dim_01': 161, 'mlp_dim_02': 217, 'mlp_dim_03': 317, 'node_hidden_dim': 114, 'edge_hidden_dim': 46, 'depth': 2, 'rep_dropout': 0.003533073972784566, 'train_learning_rate': 0.005046253429379094, 'train_lr_reduce': 0.6}. Best is trial 17 with value: 0.35732224583625793.
[I 2024-12-19 23:38:52,643] Trial 41 finished with value: 0.5140823721885681 and parameters: {'mlp_n_layers': 4, 'mlp_dim_00': 272, 'mlp_dim_01': 203, 'mlp_dim_02': 106, 'mlp_dim_03': 282, 'node_hidden_dim': 121, 'edge_hidden_dim': 89, 'depth': 1, 'rep_dropout': 0.08794302727556051, 'train_learning_rate': 0.001300933813556088, 'train_lr_reduce': 0.6}. Best is trial 17 with value: 0.35732224583625793.
[I 2024-12-19 23:39:03,178] Trial 46 finished with value: 0.35614898800849915 and parameters: {'mlp_n_layers': 4, 'mlp_dim_00': 367, 'mlp_dim_01': 132, 'mlp_dim_02': 259, 'mlp_dim_03': 391, 'node_hidden_dim': 91, 'edge_hidden_dim': 49, 'depth': 1, 'rep_dropout': 0.02122096044993911, 'train_learning_rate': 0.007550272732763444, 'train_lr_reduce': 0.6}. Best is trial 46 with value: 0.35614898800849915.
[I 2024-12-19 23:39:07,202] Trial 44 finished with value: 0.4499939978122711 and parameters: {'mlp_n_layers': 3, 'mlp_dim_00': 96, 'mlp_dim_01': 156, 'mlp_dim_02': 231, 'node_hidden_dim': 120, 'edge_hidden_dim': 47, 'depth': 1, 'rep_dropout': 0.00901488231001258, 'train_learning_rate': 0.007766107072898878, 'train_lr_reduce': 0.6}. Best is trial 46 with value: 0.35614898800849915.
[I 2024-12-19 23:39:07,712] Trial 47 finished with value: 1.5787023305892944 and parameters: {'mlp_n_layers': 3, 'mlp_dim_00': 322, 'mlp_dim_01': 122, 'mlp_dim_02': 281, 'node_hidden_dim': 125, 'edge_hidden_dim': 44, 'depth': 3, 'rep_dropout': 0.1296336531826979, 'train_learning_rate': 0.00013646345060302397, 'train_lr_reduce': 0.6}. Best is trial 46 with value: 0.35614898800849915.
[I 2024-12-19 23:39:13,888] Trial 45 finished with value: 0.4067499041557312 and parameters: {'mlp_n_layers': 4, 'mlp_dim_00': 298, 'mlp_dim_01': 154, 'mlp_dim_02': 220, 'mlp_dim_03': 331, 'node_hidden_dim': 77, 'edge_hidden_dim': 47, 'depth': 1, 'rep_dropout': 0.01874898251676984, 'train_learning_rate': 0.0013232258492320214, 'train_lr_reduce': 0.6}. Best is trial 46 with value: 0.35614898800849915.
[I 2024-12-19 23:39:15,525] Trial 48 finished with value: 0.41417089104652405 and parameters: {'mlp_n_layers': 3, 'mlp_dim_00': 344, 'mlp_dim_01': 118, 'mlp_dim_02': 265, 'node_hidden_dim': 109, 'edge_hidden_dim': 58, 'depth': 1, 'rep_dropout': 0.008743709428734559, 'train_learning_rate': 0.007969518000958624, 'train_lr_reduce': 0.6}. Best is trial 46 with value: 0.35614898800849915.
[I 2024-12-19 23:39:17,859] Trial 50 finished with value: 1.5638835430145264 and parameters: {'mlp_n_layers': 2, 'mlp_dim_00': 373, 'mlp_dim_01': 109, 'node_hidden_dim': 103, 'edge_hidden_dim': 102, 'depth': 3, 'rep_dropout': 0.03571238455004014, 'train_learning_rate': 0.00013896266614585532, 'train_lr_reduce': 0.6}. Best is trial 46 with value: 0.35614898800849915.
[I 2024-12-19 23:39:18,184] Trial 49 finished with value: 0.4221544563770294 and parameters: {'mlp_n_layers': 4, 'mlp_dim_00': 434, 'mlp_dim_01': 208, 'mlp_dim_02': 185, 'mlp_dim_03': 409, 'node_hidden_dim': 87, 'edge_hidden_dim': 34, 'depth': 1, 'rep_dropout': 0.0603502326104793, 'train_learning_rate': 0.00955425393454828, 'train_lr_reduce': 0.6}. Best is trial 46 with value: 0.35614898800849915.
[I 2024-12-19 23:39:20,255] Trial 51 finished with value: 1.4603410959243774 and parameters: {'mlp_n_layers': 4, 'mlp_dim_00': 367, 'mlp_dim_01': 193, 'mlp_dim_02': 276, 'mlp_dim_03': 417, 'node_hidden_dim': 105, 'edge_hidden_dim': 52, 'depth': 1, 'rep_dropout': 0.024390483588896, 'train_learning_rate': 0.006857071732642953, 'train_lr_reduce': 0.6}. Best is trial 46 with value: 0.35614898800849915.
[I 2024-12-19 23:39:23,150] Trial 53 finished with value: 1.3033562898635864 and parameters: {'mlp_n_layers': 4, 'mlp_dim_00': 349, 'mlp_dim_01': 167, 'mlp_dim_02': 250, 'mlp_dim_03': 280, 'node_hidden_dim': 89, 'edge_hidden_dim': 78, 'depth': 2, 'rep_dropout': 0.06130787814293554, 'train_learning_rate': 0.007081145978297535, 'train_lr_reduce': 0.6}. Best is trial 46 with value: 0.35614898800849915.
[I 2024-12-19 23:39:23,174] Trial 52 finished with value: 1.5710567235946655 and parameters: {'mlp_n_layers': 4, 'mlp_dim_00': 149, 'mlp_dim_01': 125, 'mlp_dim_02': 222, 'mlp_dim_03': 366, 'node_hidden_dim': 96, 'edge_hidden_dim': 120, 'depth': 4, 'rep_dropout': 0.041634300183619626, 'train_learning_rate': 0.0007574019162027538, 'train_lr_reduce': 0.6}. Best is trial 46 with value: 0.35614898800849915.
[I 2024-12-19 23:39:27,148] Trial 56 finished with value: 1.3577463626861572 and parameters: {'mlp_n_layers': 1, 'mlp_dim_00': 121, 'node_hidden_dim': 80, 'edge_hidden_dim': 65, 'depth': 3, 'rep_dropout': 0.083315279526208, 'train_learning_rate': 0.0039611580280553395, 'train_lr_reduce': 0.6}. Best is trial 46 with value: 0.35614898800849915.
[I 2024-12-19 23:39:27,457] Trial 55 finished with value: 1.3858342170715332 and parameters: {'mlp_n_layers': 2, 'mlp_dim_00': 386, 'mlp_dim_01': 193, 'node_hidden_dim': 97, 'edge_hidden_dim': 126, 'depth': 3, 'rep_dropout': 0.0023531146220986537, 'train_learning_rate': 0.006687839672408626, 'train_lr_reduce': 0.6}. Best is trial 46 with value: 0.35614898800849915.
