[I 2024-12-20 00:55:46,564] Trial 1491 finished with value: 0.35000425577163696 and parameters: {'mlp_n_layers': 4, 'mlp_dim_00': 151, 'mlp_dim_01': 352, 'mlp_dim_02': 479, 'mlp_dim_03': 367, 'node_hidden_dim': 105, 'edge_hidden_dim': 34, 'depth': 1, 'rep_dropout': 0.01729008711470894, 'train_learning_rate': 0.001187337908841501, 'train_lr_reduce': 0.6}. Best is trial 558 with value: 0.30280801653862.
[I 2024-12-20 00:55:46,600] Trial 1495 finished with value: 1.300934910774231 and parameters: {'mlp_n_layers': 4, 'mlp_dim_00': 371, 'mlp_dim_01': 297, 'mlp_dim_02': 373, 'mlp_dim_03': 468, 'node_hidden_dim': 97, 'edge_hidden_dim': 105, 'depth': 3, 'rep_dropout': 0.1275448346766901, 'train_learning_rate': 0.007812409309767271, 'train_lr_reduce': 0.6}. Best is trial 558 with value: 0.30280801653862.
[I 2024-12-20 00:55:47,007] Trial 1496 finished with value: 1.4701398611068726 and parameters: {'mlp_n_layers': 3, 'mlp_dim_00': 464, 'mlp_dim_01': 354, 'mlp_dim_02': 440, 'node_hidden_dim': 111, 'edge_hidden_dim': 35, 'depth': 2, 'rep_dropout': 0.0018365199609405702, 'train_learning_rate': 0.00341481043903077, 'train_lr_reduce': 0.6}. Best is trial 558 with value: 0.30280801653862.
[I 2024-12-20 00:55:50,245] Trial 1498 finished with value: 1.5471402406692505 and parameters: {'mlp_n_layers': 4, 'mlp_dim_00': 259, 'mlp_dim_01': 478, 'mlp_dim_02': 411, 'mlp_dim_03': 366, 'node_hidden_dim': 72, 'edge_hidden_dim': 37, 'depth': 1, 'rep_dropout': 0.01758994959740231, 'train_learning_rate': 0.001037682938802969, 'train_lr_reduce': 0.6}. Best is trial 558 with value: 0.30280801653862.
[I 2024-12-20 00:55:54,228] Trial 1499 finished with value: 1.580655813217163 and parameters: {'mlp_n_layers': 3, 'mlp_dim_00': 67, 'mlp_dim_01': 313, 'mlp_dim_02': 363, 'node_hidden_dim': 82, 'edge_hidden_dim': 105, 'depth': 2, 'rep_dropout': 0.12497283598148873, 'train_learning_rate': 0.0003272515891424596, 'train_lr_reduce': 0.6}. Best is trial 558 with value: 0.30280801653862.
[I 2024-12-20 00:55:55,502] Trial 1500 finished with value: 1.2899259328842163 and parameters: {'mlp_n_layers': 4, 'mlp_dim_00': 454, 'mlp_dim_01': 419, 'mlp_dim_02': 481, 'mlp_dim_03': 216, 'node_hidden_dim': 103, 'edge_hidden_dim': 40, 'depth': 2, 'rep_dropout': 0.007498991373106748, 'train_learning_rate': 0.006559542351211274, 'train_lr_reduce': 0.6}. Best is trial 558 with value: 0.30280801653862.
[I 2024-12-20 00:55:57,995] Trial 1501 finished with value: 1.4785711765289307 and parameters: {'mlp_n_layers': 4, 'mlp_dim_00': 200, 'mlp_dim_01': 217, 'mlp_dim_02': 454, 'mlp_dim_03': 359, 'node_hidden_dim': 71, 'edge_hidden_dim': 49, 'depth': 1, 'rep_dropout': 0.000992474818218441, 'train_learning_rate': 0.0016794638149958425, 'train_lr_reduce': 0.6}. Best is trial 558 with value: 0.30280801653862.
[I 2024-12-20 00:56:11,600] Trial 1497 finished with value: 0.47114574909210205 and parameters: {'mlp_n_layers': 4, 'mlp_dim_00': 512, 'mlp_dim_01': 475, 'mlp_dim_02': 413, 'mlp_dim_03': 357, 'node_hidden_dim': 106, 'edge_hidden_dim': 55, 'depth': 1, 'rep_dropout': 0.009993770260997847, 'train_learning_rate': 0.0066702124658311645, 'train_lr_reduce': 0.6}. Best is trial 558 with value: 0.30280801653862.
[I 2024-12-20 00:56:14,407] Trial 1502 finished with value: 0.38620179891586304 and parameters: {'mlp_n_layers': 4, 'mlp_dim_00': 156, 'mlp_dim_01': 131, 'mlp_dim_02': 367, 'mlp_dim_03': 431, 'node_hidden_dim': 110, 'edge_hidden_dim': 41, 'depth': 1, 'rep_dropout': 0.03337866201361721, 'train_learning_rate': 0.0011586590377358488, 'train_lr_reduce': 0.6}. Best is trial 558 with value: 0.30280801653862.
[I 2024-12-20 00:56:16,509] Trial 1504 finished with value: 1.299960970878601 and parameters: {'mlp_n_layers': 4, 'mlp_dim_00': 506, 'mlp_dim_01': 383, 'mlp_dim_02': 451, 'mlp_dim_03': 230, 'node_hidden_dim': 128, 'edge_hidden_dim': 34, 'depth': 2, 'rep_dropout': 0.0035163387195602026, 'train_learning_rate': 0.007957089165501112, 'train_lr_reduce': 0.6}. Best is trial 558 with value: 0.30280801653862.
[I 2024-12-20 00:56:19,810] Trial 1503 finished with value: 0.36142367124557495 and parameters: {'mlp_n_layers': 4, 'mlp_dim_00': 105, 'mlp_dim_01': 362, 'mlp_dim_02': 405, 'mlp_dim_03': 396, 'node_hidden_dim': 93, 'edge_hidden_dim': 36, 'depth': 1, 'rep_dropout': 0.04722015081042546, 'train_learning_rate': 0.001244682064033066, 'train_lr_reduce': 0.6}. Best is trial 558 with value: 0.30280801653862.
[I 2024-12-20 00:56:19,933] Trial 1506 finished with value: 1.4693626165390015 and parameters: {'mlp_n_layers': 4, 'mlp_dim_00': 275, 'mlp_dim_01': 337, 'mlp_dim_02': 416, 'mlp_dim_03': 276, 'node_hidden_dim': 102, 'edge_hidden_dim': 46, 'depth': 1, 'rep_dropout': 0.0330747878742503, 'train_learning_rate': 0.0017172308292388186, 'train_lr_reduce': 0.6}. Best is trial 558 with value: 0.30280801653862.
[I 2024-12-20 00:56:24,044] Trial 1507 finished with value: 1.4682115316390991 and parameters: {'mlp_n_layers': 4, 'mlp_dim_00': 275, 'mlp_dim_01': 440, 'mlp_dim_02': 364, 'mlp_dim_03': 428, 'node_hidden_dim': 97, 'edge_hidden_dim': 36, 'depth': 1, 'rep_dropout': 0.05972836340223609, 'train_learning_rate': 0.001572110469841312, 'train_lr_reduce': 0.6}. Best is trial 558 with value: 0.30280801653862.
[I 2024-12-20 00:56:25,310] Trial 1508 finished with value: 1.5833756923675537 and parameters: {'mlp_n_layers': 3, 'mlp_dim_00': 160, 'mlp_dim_01': 383, 'mlp_dim_02': 461, 'node_hidden_dim': 107, 'edge_hidden_dim': 118, 'depth': 3, 'rep_dropout': 0.09183820519693298, 'train_learning_rate': 0.00017851854867966246, 'train_lr_reduce': 0.6}. Best is trial 558 with value: 0.30280801653862.
[I 2024-12-20 00:56:28,578] Trial 1509 finished with value: 1.5441616773605347 and parameters: {'mlp_n_layers': 4, 'mlp_dim_00': 473, 'mlp_dim_01': 156, 'mlp_dim_02': 406, 'mlp_dim_03': 342, 'node_hidden_dim': 99, 'edge_hidden_dim': 33, 'depth': 1, 'rep_dropout': 0.02751019063042686, 'train_learning_rate': 0.0015212760885353314, 'train_lr_reduce': 0.6}. Best is trial 558 with value: 0.30280801653862.
[I 2024-12-20 00:56:29,735] Trial 1510 finished with value: 1.342610478401184 and parameters: {'mlp_n_layers': 4, 'mlp_dim_00': 124, 'mlp_dim_01': 210, 'mlp_dim_02': 476, 'mlp_dim_03': 287, 'node_hidden_dim': 74, 'edge_hidden_dim': 34, 'depth': 2, 'rep_dropout': 0.005807414216634521, 'train_learning_rate': 0.006455716389188229, 'train_lr_reduce': 0.6}. Best is trial 558 with value: 0.30280801653862.
[I 2024-12-20 00:56:34,040] Trial 1512 finished with value: 1.536911964416504 and parameters: {'mlp_n_layers': 4, 'mlp_dim_00': 182, 'mlp_dim_01': 333, 'mlp_dim_02': 435, 'mlp_dim_03': 401, 'node_hidden_dim': 98, 'edge_hidden_dim': 32, 'depth': 1, 'rep_dropout': 0.008532954021369978, 'train_learning_rate': 0.0010953128732674703, 'train_lr_reduce': 0.6}. Best is trial 558 with value: 0.30280801653862.
[I 2024-12-20 00:56:35,426] Trial 1511 finished with value: 1.5869227647781372 and parameters: {'mlp_n_layers': 4, 'mlp_dim_00': 345, 'mlp_dim_01': 278, 'mlp_dim_02': 363, 'mlp_dim_03': 476, 'node_hidden_dim': 96, 'edge_hidden_dim': 104, 'depth': 4, 'rep_dropout': 0.04967738222994425, 'train_learning_rate': 0.0001550897063214463, 'train_lr_reduce': 0.6}. Best is trial 558 with value: 0.30280801653862.
[I 2024-12-20 00:56:39,185] Trial 1514 finished with value: 1.5732678174972534 and parameters: {'mlp_n_layers': 2, 'mlp_dim_00': 192, 'mlp_dim_01': 383, 'node_hidden_dim': 43, 'edge_hidden_dim': 36, 'depth': 2, 'rep_dropout': 0.036381600384383456, 'train_learning_rate': 0.00013544718584222504, 'train_lr_reduce': 0.6}. Best is trial 558 with value: 0.30280801653862.
[I 2024-12-20 00:56:40,037] Trial 1505 finished with value: 0.3570667505264282 and parameters: {'mlp_n_layers': 4, 'mlp_dim_00': 209, 'mlp_dim_01': 294, 'mlp_dim_02': 362, 'mlp_dim_03': 344, 'node_hidden_dim': 101, 'edge_hidden_dim': 38, 'depth': 1, 'rep_dropout': 0.034076731956888685, 'train_learning_rate': 0.0007829195503953525, 'train_lr_reduce': 0.6}. Best is trial 558 with value: 0.30280801653862.
[I 2024-12-20 00:56:52,233] Trial 1515 finished with value: 0.3895048499107361 and parameters: {'mlp_n_layers': 3, 'mlp_dim_00': 371, 'mlp_dim_01': 511, 'mlp_dim_02': 399, 'node_hidden_dim': 90, 'edge_hidden_dim': 44, 'depth': 1, 'rep_dropout': 0.01007202197223562, 'train_learning_rate': 0.0023716903702650054, 'train_lr_reduce': 0.6}. Best is trial 558 with value: 0.30280801653862.
[I 2024-12-20 00:56:54,160] Trial 1513 finished with value: 0.3471381664276123 and parameters: {'mlp_n_layers': 4, 'mlp_dim_00': 95, 'mlp_dim_01': 440, 'mlp_dim_02': 341, 'mlp_dim_03': 254, 'node_hidden_dim': 101, 'edge_hidden_dim': 45, 'depth': 1, 'rep_dropout': 0.0006918205384416828, 'train_learning_rate': 0.0024340652561164826, 'train_lr_reduce': 0.6}. Best is trial 558 with value: 0.30280801653862.
[I 2024-12-20 00:56:56,278] Trial 1517 finished with value: 1.3258612155914307 and parameters: {'mlp_n_layers': 4, 'mlp_dim_00': 239, 'mlp_dim_01': 337, 'mlp_dim_02': 512, 'mlp_dim_03': 364, 'node_hidden_dim': 94, 'edge_hidden_dim': 47, 'depth': 2, 'rep_dropout': 0.024576394885039203, 'train_learning_rate': 0.0036153504316643994, 'train_lr_reduce': 0.6}. Best is trial 558 with value: 0.30280801653862.
[I 2024-12-20 00:57:01,685] Trial 1516 finished with value: 0.3700799345970154 and parameters: {'mlp_n_layers': 4, 'mlp_dim_00': 388, 'mlp_dim_01': 418, 'mlp_dim_02': 437, 'mlp_dim_03': 309, 'node_hidden_dim': 115, 'edge_hidden_dim': 51, 'depth': 1, 'rep_dropout': 0.010811244410966491, 'train_learning_rate': 0.003522383244842308, 'train_lr_reduce': 0.6}. Best is trial 558 with value: 0.30280801653862.
[I 2024-12-20 00:57:11,249] Trial 1520 finished with value: 1.366021752357483 and parameters: {'mlp_n_layers': 4, 'mlp_dim_00': 179, 'mlp_dim_01': 233, 'mlp_dim_02': 467, 'mlp_dim_03': 332, 'node_hidden_dim': 100, 'edge_hidden_dim': 49, 'depth': 2, 'rep_dropout': 0.020248367487085007, 'train_learning_rate': 0.0017510191279940903, 'train_lr_reduce': 0.6}. Best is trial 558 with value: 0.30280801653862.
[I 2024-12-20 00:57:14,743] Trial 1518 finished with value: 0.3840446472167969 and parameters: {'mlp_n_layers': 4, 'mlp_dim_00': 217, 'mlp_dim_01': 293, 'mlp_dim_02': 316, 'mlp_dim_03': 404, 'node_hidden_dim': 119, 'edge_hidden_dim': 60, 'depth': 1, 'rep_dropout': 0.004044842080501245, 'train_learning_rate': 0.0008982689034474388, 'train_lr_reduce': 0.6}. Best is trial 558 with value: 0.30280801653862.
[I 2024-12-20 00:57:16,266] Trial 1521 finished with value: 1.4536234140396118 and parameters: {'mlp_n_layers': 4, 'mlp_dim_00': 424, 'mlp_dim_01': 407, 'mlp_dim_02': 347, 'mlp_dim_03': 265, 'node_hidden_dim': 103, 'edge_hidden_dim': 36, 'depth': 3, 'rep_dropout': 0.02435132984794684, 'train_learning_rate': 0.005870826842962044, 'train_lr_reduce': 0.6}. Best is trial 558 with value: 0.30280801653862.
[I 2024-12-20 00:57:20,274] Trial 1519 finished with value: 0.36304372549057007 and parameters: {'mlp_n_layers': 4, 'mlp_dim_00': 217, 'mlp_dim_01': 367, 'mlp_dim_02': 385, 'mlp_dim_03': 210, 'node_hidden_dim': 111, 'edge_hidden_dim': 35, 'depth': 1, 'rep_dropout': 0.04594169809452858, 'train_learning_rate': 0.0013660356624128813, 'train_lr_reduce': 0.6}. Best is trial 558 with value: 0.30280801653862.
[I 2024-12-20 00:57:20,277] Trial 1523 finished with value: 1.4650921821594238 and parameters: {'mlp_n_layers': 4, 'mlp_dim_00': 262, 'mlp_dim_01': 344, 'mlp_dim_02': 438, 'mlp_dim_03': 461, 'node_hidden_dim': 51, 'edge_hidden_dim': 65, 'depth': 2, 'rep_dropout': 0.0008256975840834554, 'train_learning_rate': 0.0023369123936572062, 'train_lr_reduce': 0.6}. Best is trial 558 with value: 0.30280801653862.
[I 2024-12-20 00:57:22,439] Trial 1522 finished with value: 1.3763395547866821 and parameters: {'mlp_n_layers': 3, 'mlp_dim_00': 103, 'mlp_dim_01': 185, 'mlp_dim_02': 300, 'node_hidden_dim': 99, 'edge_hidden_dim': 58, 'depth': 2, 'rep_dropout': 0.02478855691789414, 'train_learning_rate': 0.0014502511395217167, 'train_lr_reduce': 0.6}. Best is trial 558 with value: 0.30280801653862.
[I 2024-12-20 00:57:24,344] Trial 1525 finished with value: 1.4777443408966064 and parameters: {'mlp_n_layers': 4, 'mlp_dim_00': 464, 'mlp_dim_01': 449, 'mlp_dim_02': 394, 'mlp_dim_03': 350, 'node_hidden_dim': 108, 'edge_hidden_dim': 52, 'depth': 2, 'rep_dropout': 0.03217539993184911, 'train_learning_rate': 0.0020220286837764993, 'train_lr_reduce': 0.6}. Best is trial 558 with value: 0.30280801653862.
[I 2024-12-20 00:57:24,463] Trial 1524 finished with value: 1.4248732328414917 and parameters: {'mlp_n_layers': 4, 'mlp_dim_00': 83, 'mlp_dim_01': 269, 'mlp_dim_02': 400, 'mlp_dim_03': 300, 'node_hidden_dim': 84, 'edge_hidden_dim': 46, 'depth': 1, 'rep_dropout': 0.04024664863984247, 'train_learning_rate': 0.003681563700509554, 'train_lr_reduce': 0.6}. Best is trial 558 with value: 0.30280801653862.
[I 2024-12-20 00:57:26,808] Trial 1526 finished with value: 1.5480382442474365 and parameters: {'mlp_n_layers': 4, 'mlp_dim_00': 493, 'mlp_dim_01': 383, 'mlp_dim_02': 475, 'mlp_dim_03': 74, 'node_hidden_dim': 113, 'edge_hidden_dim': 39, 'depth': 2, 'rep_dropout': 0.004745365781939611, 'train_learning_rate': 0.0005154456609018155, 'train_lr_reduce': 0.6}. Best is trial 558 with value: 0.30280801653862.
[I 2024-12-20 00:57:27,937] Trial 1527 finished with value: 1.5194870233535767 and parameters: {'mlp_n_layers': 4, 'mlp_dim_00': 194, 'mlp_dim_01': 321, 'mlp_dim_02': 357, 'mlp_dim_03': 395, 'node_hidden_dim': 112, 'edge_hidden_dim': 32, 'depth': 1, 'rep_dropout': 0.024800451759905695, 'train_learning_rate': 0.0013645850804781241, 'train_lr_reduce': 0.6}. Best is trial 558 with value: 0.30280801653862.
[I 2024-12-20 00:57:28,203] Trial 1528 finished with value: 1.4956135749816895 and parameters: {'mlp_n_layers': 4, 'mlp_dim_00': 344, 'mlp_dim_01': 416, 'mlp_dim_02': 289, 'mlp_dim_03': 258, 'node_hidden_dim': 102, 'edge_hidden_dim': 36, 'depth': 2, 'rep_dropout': 0.0462944038726055, 'train_learning_rate': 0.002805703219994903, 'train_lr_reduce': 0.6}. Best is trial 558 with value: 0.30280801653862.
[I 2024-12-20 00:57:32,481] Trial 1531 finished with value: 1.2858682870864868 and parameters: {'mlp_n_layers': 4, 'mlp_dim_00': 419, 'mlp_dim_01': 466, 'mlp_dim_02': 338, 'mlp_dim_03': 352, 'node_hidden_dim': 113, 'edge_hidden_dim': 33, 'depth': 2, 'rep_dropout': 0.009893720272838948, 'train_learning_rate': 0.004456104048570628, 'train_lr_reduce': 0.6}. Best is trial 558 with value: 0.30280801653862.
[I 2024-12-20 00:57:36,639] Trial 1532 finished with value: 1.4988828897476196 and parameters: {'mlp_n_layers': 1, 'mlp_dim_00': 375, 'node_hidden_dim': 61, 'edge_hidden_dim': 71, 'depth': 1, 'rep_dropout': 0.10744766856163644, 'train_learning_rate': 0.0007088856661139635, 'train_lr_reduce': 0.6}. Best is trial 558 with value: 0.30280801653862.
[I 2024-12-20 00:57:41,710] Trial 1529 finished with value: 0.334563672542572 and parameters: {'mlp_n_layers': 4, 'mlp_dim_00': 448, 'mlp_dim_01': 159, 'mlp_dim_02': 440, 'mlp_dim_03': 314, 'node_hidden_dim': 90, 'edge_hidden_dim': 58, 'depth': 1, 'rep_dropout': 0.059476761263502605, 'train_learning_rate': 0.0032068553806798594, 'train_lr_reduce': 0.6}. Best is trial 558 with value: 0.30280801653862.
[I 2024-12-20 00:57:43,209] Trial 1530 finished with value: 0.33999285101890564 and parameters: {'mlp_n_layers': 3, 'mlp_dim_00': 504, 'mlp_dim_01': 362, 'mlp_dim_02': 422, 'node_hidden_dim': 77, 'edge_hidden_dim': 71, 'depth': 1, 'rep_dropout': 0.08899546023771913, 'train_learning_rate': 0.002541690762145134, 'train_lr_reduce': 0.6}. Best is trial 558 with value: 0.30280801653862.
[I 2024-12-20 00:57:46,656] Trial 1534 finished with value: 1.4791382551193237 and parameters: {'mlp_n_layers': 4, 'mlp_dim_00': 367, 'mlp_dim_01': 129, 'mlp_dim_02': 465, 'mlp_dim_03': 421, 'node_hidden_dim': 103, 'edge_hidden_dim': 57, 'depth': 1, 'rep_dropout': 0.039298561379718475, 'train_learning_rate': 0.005275540481319709, 'train_lr_reduce': 0.6}. Best is trial 558 with value: 0.30280801653862.
[I 2024-12-20 00:57:47,859] Trial 1535 finished with value: 1.3957241773605347 and parameters: {'mlp_n_layers': 3, 'mlp_dim_00': 267, 'mlp_dim_01': 408, 'mlp_dim_02': 512, 'node_hidden_dim': 106, 'edge_hidden_dim': 41, 'depth': 2, 'rep_dropout': 0.007052356432109774, 'train_learning_rate': 0.003177741227398796, 'train_lr_reduce': 0.6}. Best is trial 558 with value: 0.30280801653862.
[I 2024-12-20 00:57:50,265] Trial 1533 finished with value: 0.4099613428115845 and parameters: {'mlp_n_layers': 3, 'mlp_dim_00': 122, 'mlp_dim_01': 303, 'mlp_dim_02': 371, 'node_hidden_dim': 89, 'edge_hidden_dim': 128, 'depth': 1, 'rep_dropout': 0.13693787240763755, 'train_learning_rate': 0.0014145245552826247, 'train_lr_reduce': 0.6}. Best is trial 558 with value: 0.30280801653862.
[I 2024-12-20 00:57:52,550] Trial 1537 finished with value: 1.5661998987197876 and parameters: {'mlp_n_layers': 3, 'mlp_dim_00': 129, 'mlp_dim_01': 347, 'mlp_dim_02': 403, 'node_hidden_dim': 87, 'edge_hidden_dim': 80, 'depth': 1, 'rep_dropout': 0.0036170159902209585, 'train_learning_rate': 0.0008056072024255591, 'train_lr_reduce': 0.6}. Best is trial 558 with value: 0.30280801653862.
[I 2024-12-20 00:57:54,851] Trial 1538 finished with value: 1.4513353109359741 and parameters: {'mlp_n_layers': 3, 'mlp_dim_00': 311, 'mlp_dim_01': 363, 'mlp_dim_02': 323, 'node_hidden_dim': 105, 'edge_hidden_dim': 37, 'depth': 1, 'rep_dropout': 0.03026238211994213, 'train_learning_rate': 0.0015407403521063739, 'train_lr_reduce': 0.6}. Best is trial 558 with value: 0.30280801653862.
[I 2024-12-20 00:58:03,108] Trial 1536 finished with value: 0.4241020381450653 and parameters: {'mlp_n_layers': 4, 'mlp_dim_00': 361, 'mlp_dim_01': 233, 'mlp_dim_02': 283, 'mlp_dim_03': 232, 'node_hidden_dim': 86, 'edge_hidden_dim': 36, 'depth': 1, 'rep_dropout': 0.007072317164501225, 'train_learning_rate': 0.0037796713699699918, 'train_lr_reduce': 0.6}. Best is trial 558 with value: 0.30280801653862.
[I 2024-12-20 00:58:11,786] Trial 1539 finished with value: 0.3412523865699768 and parameters: {'mlp_n_layers': 4, 'mlp_dim_00': 447, 'mlp_dim_01': 274, 'mlp_dim_02': 424, 'mlp_dim_03': 301, 'node_hidden_dim': 110, 'edge_hidden_dim': 35, 'depth': 1, 'rep_dropout': 0.002568328761483223, 'train_learning_rate': 0.0007837885877982817, 'train_lr_reduce': 0.6}. Best is trial 558 with value: 0.30280801653862.
[I 2024-12-20 00:58:16,522] Trial 1542 finished with value: 1.3743951320648193 and parameters: {'mlp_n_layers': 3, 'mlp_dim_00': 284, 'mlp_dim_01': 445, 'mlp_dim_02': 435, 'node_hidden_dim': 63, 'edge_hidden_dim': 33, 'depth': 4, 'rep_dropout': 0.09728873467075039, 'train_learning_rate': 0.0054172919966843066, 'train_lr_reduce': 0.6}. Best is trial 558 with value: 0.30280801653862.
[I 2024-12-20 00:58:19,323] Trial 1540 finished with value: 0.36209142208099365 and parameters: {'mlp_n_layers': 4, 'mlp_dim_00': 459, 'mlp_dim_01': 401, 'mlp_dim_02': 371, 'mlp_dim_03': 362, 'node_hidden_dim': 110, 'edge_hidden_dim': 49, 'depth': 1, 'rep_dropout': 0.03834091033908649, 'train_learning_rate': 0.0016484651138526838, 'train_lr_reduce': 0.6}. Best is trial 558 with value: 0.30280801653862.
[I 2024-12-20 00:58:23,209] Trial 1544 finished with value: 1.3072069883346558 and parameters: {'mlp_n_layers': 4, 'mlp_dim_00': 399, 'mlp_dim_01': 378, 'mlp_dim_02': 317, 'mlp_dim_03': 392, 'node_hidden_dim': 103, 'edge_hidden_dim': 63, 'depth': 2, 'rep_dropout': 0.013184643896444389, 'train_learning_rate': 0.0036202258233704074, 'train_lr_reduce': 0.6}. Best is trial 558 with value: 0.30280801653862.
[I 2024-12-20 00:58:23,558] Trial 1543 finished with value: 1.3429644107818604 and parameters: {'mlp_n_layers': 4, 'mlp_dim_00': 309, 'mlp_dim_01': 323, 'mlp_dim_02': 380, 'mlp_dim_03': 460, 'node_hidden_dim': 99, 'edge_hidden_dim': 39, 'depth': 2, 'rep_dropout': 0.04975342919866588, 'train_learning_rate': 0.0008382828336699476, 'train_lr_reduce': 0.6}. Best is trial 558 with value: 0.30280801653862.
[I 2024-12-20 00:58:24,862] Trial 1541 finished with value: 0.34950897097587585 and parameters: {'mlp_n_layers': 4, 'mlp_dim_00': 199, 'mlp_dim_01': 189, 'mlp_dim_02': 475, 'mlp_dim_03': 282, 'node_hidden_dim': 128, 'edge_hidden_dim': 44, 'depth': 1, 'rep_dropout': 0.02760834238569316, 'train_learning_rate': 0.0007918882625767063, 'train_lr_reduce': 0.6}. Best is trial 558 with value: 0.30280801653862.
[I 2024-12-20 00:58:28,995] Trial 1547 finished with value: 1.4563182592391968 and parameters: {'mlp_n_layers': 4, 'mlp_dim_00': 227, 'mlp_dim_01': 252, 'mlp_dim_02': 352, 'mlp_dim_03': 367, 'node_hidden_dim': 118, 'edge_hidden_dim': 43, 'depth': 1, 'rep_dropout': 0.0014587511789026925, 'train_learning_rate': 0.0019907563243410785, 'train_lr_reduce': 0.6}. Best is trial 558 with value: 0.30280801653862.
[I 2024-12-20 00:58:40,108] Trial 1545 finished with value: 0.31876644492149353 and parameters: {'mlp_n_layers': 4, 'mlp_dim_00': 214, 'mlp_dim_01': 309, 'mlp_dim_02': 280, 'mlp_dim_03': 328, 'node_hidden_dim': 116, 'edge_hidden_dim': 32, 'depth': 1, 'rep_dropout': 0.04743575669417907, 'train_learning_rate': 0.0010789172595888684, 'train_lr_reduce': 0.6}. Best is trial 558 with value: 0.30280801653862.
[I 2024-12-20 00:58:42,816] Trial 1546 finished with value: 0.3593476712703705 and parameters: {'mlp_n_layers': 4, 'mlp_dim_00': 228, 'mlp_dim_01': 465, 'mlp_dim_02': 445, 'mlp_dim_03': 259, 'node_hidden_dim': 111, 'edge_hidden_dim': 36, 'depth': 1, 'rep_dropout': 0.03358585344959458, 'train_learning_rate': 0.0007063932656425827, 'train_lr_reduce': 0.6}. Best is trial 558 with value: 0.30280801653862.
[I 2024-12-20 00:58:46,824] Trial 1548 finished with value: 0.41499966382980347 and parameters: {'mlp_n_layers': 4, 'mlp_dim_00': 323, 'mlp_dim_01': 355, 'mlp_dim_02': 411, 'mlp_dim_03': 309, 'node_hidden_dim': 113, 'edge_hidden_dim': 57, 'depth': 1, 'rep_dropout': 0.04104595660337526, 'train_learning_rate': 0.0063484943980217645, 'train_lr_reduce': 0.6}. Best is trial 558 with value: 0.30280801653862.
