[I 2024-12-04 17:22:21,189] Trial 503 finished with value: 0.34094606133822064 and parameters: {'n_estimators': 842, 'max_depth': 9, 'learning_rate': 0.06318235889656854, 'subsample': 0.7947842219293041, 'colsample_bytree': 0.7506486058082492, 'min_child_weight': 2, 'gamma': 0.01498803792694427, 'reg_alpha': 1.2362402487607898e-05, 'reg_lambda': 0.011986388838955572}. Best is trial 435 with value: 0.31178151468232856.
[W 2024-12-04 17:22:21,353] Trial 508 failed with parameters: {} because of the following error: StorageInternalError('An exception is raised during the commit. This typically happens due to invalid data in the commit, e.g. exceeding max length. ').
Traceback (most recent call last):
  File "/zhome/b1/0/88900/miniconda3/envs/critprops/lib/python3.9/site-packages/sqlalchemy/engine/base.py", line 1967, in _exec_single_context
    self.dialect.do_execute(
  File "/zhome/b1/0/88900/miniconda3/envs/critprops/lib/python3.9/site-packages/sqlalchemy/engine/default.py", line 941, in do_execute
    cursor.execute(statement, parameters)
sqlite3.OperationalError: database is locked

The above exception was the direct cause of the following exception:

Traceback (most recent call last):
  File "/zhome/b1/0/88900/miniconda3/envs/critprops/lib/python3.9/site-packages/optuna/storages/_rdb/storage.py", line 80, in _create_scoped_session
    yield session
  File "/zhome/b1/0/88900/miniconda3/envs/critprops/lib/python3.9/site-packages/optuna/storages/_rdb/storage.py", line 734, in set_trial_system_attr
    self._set_trial_attr_without_commit(
  File "/zhome/b1/0/88900/miniconda3/envs/critprops/lib/python3.9/site-packages/optuna/storages/_rdb/storage.py", line 769, in _set_trial_attr_without_commit
    session.execute(sqlite_upsert_stmt)
  File "/zhome/b1/0/88900/miniconda3/envs/critprops/lib/python3.9/site-packages/sqlalchemy/orm/session.py", line 2362, in execute
    return self._execute_internal(
  File "/zhome/b1/0/88900/miniconda3/envs/critprops/lib/python3.9/site-packages/sqlalchemy/orm/session.py", line 2247, in _execute_internal
    result: Result[Any] = compile_state_cls.orm_execute_statement(
  File "/zhome/b1/0/88900/miniconda3/envs/critprops/lib/python3.9/site-packages/sqlalchemy/orm/bulk_persistence.py", line 1294, in orm_execute_statement
    result = conn.execute(
  File "/zhome/b1/0/88900/miniconda3/envs/critprops/lib/python3.9/site-packages/sqlalchemy/engine/base.py", line 1418, in execute
    return meth(
  File "/zhome/b1/0/88900/miniconda3/envs/critprops/lib/python3.9/site-packages/sqlalchemy/sql/elements.py", line 515, in _execute_on_connection
    return connection._execute_clauseelement(
  File "/zhome/b1/0/88900/miniconda3/envs/critprops/lib/python3.9/site-packages/sqlalchemy/engine/base.py", line 1640, in _execute_clauseelement
    ret = self._execute_context(
  File "/zhome/b1/0/88900/miniconda3/envs/critprops/lib/python3.9/site-packages/sqlalchemy/engine/base.py", line 1846, in _execute_context
    return self._exec_single_context(
  File "/zhome/b1/0/88900/miniconda3/envs/critprops/lib/python3.9/site-packages/sqlalchemy/engine/base.py", line 1986, in _exec_single_context
    self._handle_dbapi_exception(
  File "/zhome/b1/0/88900/miniconda3/envs/critprops/lib/python3.9/site-packages/sqlalchemy/engine/base.py", line 2355, in _handle_dbapi_exception
    raise sqlalchemy_exception.with_traceback(exc_info[2]) from e
  File "/zhome/b1/0/88900/miniconda3/envs/critprops/lib/python3.9/site-packages/sqlalchemy/engine/base.py", line 1967, in _exec_single_context
    self.dialect.do_execute(
  File "/zhome/b1/0/88900/miniconda3/envs/critprops/lib/python3.9/site-packages/sqlalchemy/engine/default.py", line 941, in do_execute
    cursor.execute(statement, parameters)
sqlalchemy.exc.OperationalError: (sqlite3.OperationalError) database is locked
[SQL: INSERT INTO trial_system_attributes (trial_id, "key", value_json) VALUES (?, ?, ?) ON CONFLICT (trial_id, "key") DO UPDATE SET value_json = excluded.value_json]
[parameters: (509, 'cma:large_n_eval', '0')]
(Background on this error at: https://sqlalche.me/e/20/e3q8)

The above exception was the direct cause of the following exception:

Traceback (most recent call last):
  File "/zhome/b1/0/88900/miniconda3/envs/critprops/lib/python3.9/site-packages/optuna/study/_optimize.py", line 197, in _run_trial
    value_or_values = func(trial)
  File "/zhome/b1/0/88900/Documents/fair_gc/src/optims.py", line 261, in objective
    params = {
  File "/zhome/b1/0/88900/Documents/fair_gc/src/optims.py", line 262, in <dictcomp>
    name: suggest_fn(trial, name)
  File "/zhome/b1/0/88900/Documents/fair_gc/src/optims.py", line 182, in <lambda>
    return lambda trial, name: trial.suggest_int(
  File "/zhome/b1/0/88900/miniconda3/envs/critprops/lib/python3.9/site-packages/optuna/_convert_positional_args.py", line 83, in converter_wrapper
    return func(**kwargs)  # type: ignore[call-arg]
  File "/zhome/b1/0/88900/miniconda3/envs/critprops/lib/python3.9/site-packages/optuna/trial/_trial.py", line 324, in suggest_int
    suggested_value = int(self._suggest(name, distribution))
  File "/zhome/b1/0/88900/miniconda3/envs/critprops/lib/python3.9/site-packages/optuna/trial/_trial.py", line 627, in _suggest
    elif self._is_relative_param(name, distribution):
  File "/zhome/b1/0/88900/miniconda3/envs/critprops/lib/python3.9/site-packages/optuna/trial/_trial.py", line 659, in _is_relative_param
    if name not in self.relative_params:
  File "/zhome/b1/0/88900/miniconda3/envs/critprops/lib/python3.9/site-packages/optuna/trial/_trial.py", line 71, in relative_params
    self._relative_params = self.study.sampler.sample_relative(
  File "/zhome/b1/0/88900/.cache/optunahub/api.github.com/optuna/optunahub-registry/main/package/samplers/auto_sampler/_sampler.py", line 202, in sample_relative
    return self._sampler.sample_relative(study, trial, search_space)
  File "/zhome/b1/0/88900/miniconda3/envs/critprops/lib/python3.9/site-packages/optuna/samplers/_cmaes.py", line 515, in sample_relative
    study._storage.set_trial_system_attr(
  File "/zhome/b1/0/88900/miniconda3/envs/critprops/lib/python3.9/site-packages/optuna/storages/_cached_storage.py", line 198, in set_trial_system_attr
    self._backend.set_trial_system_attr(trial_id, key=key, value=value)
  File "/zhome/b1/0/88900/miniconda3/envs/critprops/lib/python3.9/site-packages/optuna/storages/_rdb/storage.py", line 734, in set_trial_system_attr
    self._set_trial_attr_without_commit(
  File "/zhome/b1/0/88900/miniconda3/envs/critprops/lib/python3.9/contextlib.py", line 137, in __exit__
    self.gen.throw(typ, value, traceback)
  File "/zhome/b1/0/88900/miniconda3/envs/critprops/lib/python3.9/site-packages/optuna/storages/_rdb/storage.py", line 98, in _create_scoped_session
    raise optuna.exceptions.StorageInternalError(message) from e
optuna.exceptions.StorageInternalError: An exception is raised during the commit. This typically happens due to invalid data in the commit, e.g. exceeding max length. 
[W 2024-12-04 17:22:21,381] Trial 508 failed with value None.
[W 2024-12-04 17:22:21,460] Trial 498 failed with parameters: {'n_estimators': 630, 'max_depth': 7, 'learning_rate': 0.08751350464815633, 'subsample': 0.7077484611069361} because of the following error: StorageInternalError('An exception is raised during the commit. This typically happens due to invalid data in the commit, e.g. exceeding max length. ').
Traceback (most recent call last):
  File "/zhome/b1/0/88900/miniconda3/envs/critprops/lib/python3.9/site-packages/sqlalchemy/engine/base.py", line 1967, in _exec_single_context
    self.dialect.do_execute(
  File "/zhome/b1/0/88900/miniconda3/envs/critprops/lib/python3.9/site-packages/sqlalchemy/engine/default.py", line 941, in do_execute
    cursor.execute(statement, parameters)
sqlite3.OperationalError: database is locked

The above exception was the direct cause of the following exception:

Traceback (most recent call last):
  File "/zhome/b1/0/88900/miniconda3/envs/critprops/lib/python3.9/site-packages/optuna/storages/_rdb/storage.py", line 81, in _create_scoped_session
    session.commit()
  File "/zhome/b1/0/88900/miniconda3/envs/critprops/lib/python3.9/site-packages/sqlalchemy/orm/session.py", line 2028, in commit
    trans.commit(_to_root=True)
  File "<string>", line 2, in commit
  File "/zhome/b1/0/88900/miniconda3/envs/critprops/lib/python3.9/site-packages/sqlalchemy/orm/state_changes.py", line 139, in _go
    ret_value = fn(self, *arg, **kw)
  File "/zhome/b1/0/88900/miniconda3/envs/critprops/lib/python3.9/site-packages/sqlalchemy/orm/session.py", line 1313, in commit
    self._prepare_impl()
  File "<string>", line 2, in _prepare_impl
  File "/zhome/b1/0/88900/miniconda3/envs/critprops/lib/python3.9/site-packages/sqlalchemy/orm/state_changes.py", line 139, in _go
    ret_value = fn(self, *arg, **kw)
  File "/zhome/b1/0/88900/miniconda3/envs/critprops/lib/python3.9/site-packages/sqlalchemy/orm/session.py", line 1288, in _prepare_impl
    self.session.flush()
  File "/zhome/b1/0/88900/miniconda3/envs/critprops/lib/python3.9/site-packages/sqlalchemy/orm/session.py", line 4352, in flush
    self._flush(objects)
  File "/zhome/b1/0/88900/miniconda3/envs/critprops/lib/python3.9/site-packages/sqlalchemy/orm/session.py", line 4488, in _flush
    transaction.rollback(_capture_exception=True)
  File "/zhome/b1/0/88900/miniconda3/envs/critprops/lib/python3.9/site-packages/sqlalchemy/util/langhelpers.py", line 146, in __exit__
    raise exc_value.with_traceback(exc_tb)
  File "/zhome/b1/0/88900/miniconda3/envs/critprops/lib/python3.9/site-packages/sqlalchemy/orm/session.py", line 4448, in _flush
    flush_context.execute()
  File "/zhome/b1/0/88900/miniconda3/envs/critprops/lib/python3.9/site-packages/sqlalchemy/orm/unitofwork.py", line 466, in execute
    rec.execute(self)
  File "/zhome/b1/0/88900/miniconda3/envs/critprops/lib/python3.9/site-packages/sqlalchemy/orm/unitofwork.py", line 642, in execute
    util.preloaded.orm_persistence.save_obj(
  File "/zhome/b1/0/88900/miniconda3/envs/critprops/lib/python3.9/site-packages/sqlalchemy/orm/persistence.py", line 93, in save_obj
    _emit_insert_statements(
  File "/zhome/b1/0/88900/miniconda3/envs/critprops/lib/python3.9/site-packages/sqlalchemy/orm/persistence.py", line 1233, in _emit_insert_statements
    result = connection.execute(
  File "/zhome/b1/0/88900/miniconda3/envs/critprops/lib/python3.9/site-packages/sqlalchemy/engine/base.py", line 1418, in execute
    return meth(
  File "/zhome/b1/0/88900/miniconda3/envs/critprops/lib/python3.9/site-packages/sqlalchemy/sql/elements.py", line 515, in _execute_on_connection
    return connection._execute_clauseelement(
  File "/zhome/b1/0/88900/miniconda3/envs/critprops/lib/python3.9/site-packages/sqlalchemy/engine/base.py", line 1640, in _execute_clauseelement
    ret = self._execute_context(
  File "/zhome/b1/0/88900/miniconda3/envs/critprops/lib/python3.9/site-packages/sqlalchemy/engine/base.py", line 1846, in _execute_context
    return self._exec_single_context(
  File "/zhome/b1/0/88900/miniconda3/envs/critprops/lib/python3.9/site-packages/sqlalchemy/engine/base.py", line 1986, in _exec_single_context
    self._handle_dbapi_exception(
  File "/zhome/b1/0/88900/miniconda3/envs/critprops/lib/python3.9/site-packages/sqlalchemy/engine/base.py", line 2355, in _handle_dbapi_exception
    raise sqlalchemy_exception.with_traceback(exc_info[2]) from e
  File "/zhome/b1/0/88900/miniconda3/envs/critprops/lib/python3.9/site-packages/sqlalchemy/engine/base.py", line 1967, in _exec_single_context
    self.dialect.do_execute(
  File "/zhome/b1/0/88900/miniconda3/envs/critprops/lib/python3.9/site-packages/sqlalchemy/engine/default.py", line 941, in do_execute
    cursor.execute(statement, parameters)
sqlalchemy.exc.OperationalError: (sqlite3.OperationalError) database is locked
[SQL: INSERT INTO trial_params (trial_id, param_name, param_value, distribution_json) VALUES (?, ?, ?, ?)]
[parameters: (499, 'colsample_bytree', 0.7979744757170233, '{"name": "FloatDistribution", "attributes": {"step": null, "low": 0.5, "high": 1.0, "log": false}}')]
(Background on this error at: https://sqlalche.me/e/20/e3q8)

The above exception was the direct cause of the following exception:

Traceback (most recent call last):
  File "/zhome/b1/0/88900/miniconda3/envs/critprops/lib/python3.9/site-packages/optuna/study/_optimize.py", line 197, in _run_trial
    value_or_values = func(trial)
  File "/zhome/b1/0/88900/Documents/fair_gc/src/optims.py", line 261, in objective
    params = {
  File "/zhome/b1/0/88900/Documents/fair_gc/src/optims.py", line 262, in <dictcomp>
    name: suggest_fn(trial, name)
  File "/zhome/b1/0/88900/Documents/fair_gc/src/optims.py", line 175, in <lambda>
    return lambda trial, name: trial.suggest_float(
  File "/zhome/b1/0/88900/miniconda3/envs/critprops/lib/python3.9/site-packages/optuna/trial/_trial.py", line 161, in suggest_float
    suggested_value = self._suggest(name, distribution)
  File "/zhome/b1/0/88900/miniconda3/envs/critprops/lib/python3.9/site-packages/optuna/trial/_trial.py", line 637, in _suggest
    storage.set_trial_param(trial_id, name, param_value_in_internal_repr, distribution)
  File "/zhome/b1/0/88900/miniconda3/envs/critprops/lib/python3.9/site-packages/optuna/storages/_cached_storage.py", line 171, in set_trial_param
    self._backend.set_trial_param(trial_id, param_name, param_value_internal, distribution)
  File "/zhome/b1/0/88900/miniconda3/envs/critprops/lib/python3.9/site-packages/optuna/storages/_rdb/storage.py", line 585, in set_trial_param
    self._set_trial_param_without_commit(
  File "/zhome/b1/0/88900/miniconda3/envs/critprops/lib/python3.9/contextlib.py", line 126, in __exit__
    next(self.gen)
  File "/zhome/b1/0/88900/miniconda3/envs/critprops/lib/python3.9/site-packages/optuna/storages/_rdb/storage.py", line 98, in _create_scoped_session
    raise optuna.exceptions.StorageInternalError(message) from e
optuna.exceptions.StorageInternalError: An exception is raised during the commit. This typically happens due to invalid data in the commit, e.g. exceeding max length. 
[W 2024-12-04 17:22:21,487] Trial 498 failed with value None.
[I 2024-12-04 17:22:22,735] Trial 501 finished with value: 0.32622183949292133 and parameters: {'n_estimators': 708, 'max_depth': 7, 'learning_rate': 0.05644165696080131, 'subsample': 0.7101906952952444, 'colsample_bytree': 0.7729632391602209, 'min_child_weight': 2, 'gamma': 0.004171919922475219, 'reg_alpha': 0.0003873773566929928, 'reg_lambda': 0.13688387529475984}. Best is trial 435 with value: 0.31178151468232856.
[I 2024-12-04 17:22:23,163] Trial 507 finished with value: 0.32953500176721734 and parameters: {'n_estimators': 860, 'max_depth': 7, 'learning_rate': 0.08943871672859166, 'subsample': 0.7368882426496668, 'colsample_bytree': 0.7766495050984349, 'min_child_weight': 2, 'gamma': 0.015673150127604875, 'reg_alpha': 0.0002772104513444447, 'reg_lambda': 0.008623439420146133}. Best is trial 435 with value: 0.31178151468232856.
[I 2024-12-04 17:22:23,222] Trial 504 finished with value: 0.3384127419812087 and parameters: {'n_estimators': 639, 'max_depth': 10, 'learning_rate': 0.09088994543467245, 'subsample': 0.7252525923818617, 'colsample_bytree': 0.7460257280637492, 'min_child_weight': 2, 'gamma': 0.0020251331966138915, 'reg_alpha': 0.00016379201390236462, 'reg_lambda': 0.001959595871292057}. Best is trial 435 with value: 0.31178151468232856.
[I 2024-12-04 17:22:23,401] Trial 511 finished with value: 0.3368264762862633 and parameters: {'n_estimators': 494, 'max_depth': 10, 'learning_rate': 0.0713915446142836, 'subsample': 0.7333729074270108, 'colsample_bytree': 0.7728299059457839, 'min_child_weight': 2, 'gamma': 0.0036462165319812914, 'reg_alpha': 3.004866057576003e-05, 'reg_lambda': 0.060358645305598355}. Best is trial 435 with value: 0.31178151468232856.
[I 2024-12-04 17:22:23,923] Trial 513 finished with value: 0.35980081438103506 and parameters: {'n_estimators': 743, 'max_depth': 8, 'learning_rate': 0.09442063056935102, 'subsample': 0.7848552698272001, 'colsample_bytree': 0.7552532182471832, 'min_child_weight': 2, 'gamma': 0.08222254087044473, 'reg_alpha': 0.00026618897437213245, 'reg_lambda': 0.0073173288685970325}. Best is trial 435 with value: 0.31178151468232856.
[I 2024-12-04 17:22:24,431] Trial 515 finished with value: 0.3855609399029401 and parameters: {'n_estimators': 974, 'max_depth': 6, 'learning_rate': 0.0799042345913612, 'subsample': 0.7260391668349346, 'colsample_bytree': 0.8345382832844122, 'min_child_weight': 3, 'gamma': 0.015083624577327792, 'reg_alpha': 0.0001684182893637961, 'reg_lambda': 0.1806329874989106}. Best is trial 435 with value: 0.31178151468232856.
[I 2024-12-04 17:22:24,667] Trial 516 finished with value: 0.324280684747769 and parameters: {'n_estimators': 719, 'max_depth': 8, 'learning_rate': 0.081106605486128, 'subsample': 0.7281811768579147, 'colsample_bytree': 0.7632947237322354, 'min_child_weight': 2, 'gamma': 0.01582833106748453, 'reg_alpha': 1.4809783786745278e-05, 'reg_lambda': 0.2060492670477021}. Best is trial 435 with value: 0.31178151468232856.
[I 2024-12-04 17:22:24,827] Trial 510 finished with value: 0.33189256887815133 and parameters: {'n_estimators': 641, 'max_depth': 5, 'learning_rate': 0.08887752773978151, 'subsample': 0.7046554235913699, 'colsample_bytree': 0.7861975395891545, 'min_child_weight': 2, 'gamma': 0.004267700104876898, 'reg_alpha': 0.0001005106357532106, 'reg_lambda': 0.30049930103648254}. Best is trial 435 with value: 0.31178151468232856.
[I 2024-12-04 17:22:25,023] Trial 512 finished with value: 0.3390729416587727 and parameters: {'n_estimators': 545, 'max_depth': 7, 'learning_rate': 0.09885137911227049, 'subsample': 0.7424367427812569, 'colsample_bytree': 0.7994064579405926, 'min_child_weight': 2, 'gamma': 0.06774759288689669, 'reg_alpha': 1.902840451180274e-05, 'reg_lambda': 0.17197735523672825}. Best is trial 435 with value: 0.31178151468232856.
[I 2024-12-04 17:22:25,184] Trial 517 finished with value: 0.3313640319564574 and parameters: {'n_estimators': 730, 'max_depth': 8, 'learning_rate': 0.09767861318820435, 'subsample': 0.7711710100950702, 'colsample_bytree': 0.8041520181563829, 'min_child_weight': 2, 'gamma': 0.02287300748171461, 'reg_alpha': 0.00024702131986159873, 'reg_lambda': 0.021034095577463906}. Best is trial 435 with value: 0.31178151468232856.
[I 2024-12-04 17:22:25,553] Trial 518 finished with value: 0.33502352807462454 and parameters: {'n_estimators': 758, 'max_depth': 9, 'learning_rate': 0.07563086578963586, 'subsample': 0.7631906476352073, 'colsample_bytree': 0.7836543391957311, 'min_child_weight': 2, 'gamma': 0.0018113998255931444, 'reg_alpha': 0.0002389387948744833, 'reg_lambda': 0.009989347381299562}. Best is trial 435 with value: 0.31178151468232856.
[I 2024-12-04 17:22:25,715] Trial 514 finished with value: 0.3350515442329631 and parameters: {'n_estimators': 745, 'max_depth': 7, 'learning_rate': 0.09044588107210663, 'subsample': 0.7225174287984613, 'colsample_bytree': 0.6892005369924703, 'min_child_weight': 2, 'gamma': 0.01136205833931105, 'reg_alpha': 0.0008941759855419252, 'reg_lambda': 0.055169235258628276}. Best is trial 435 with value: 0.31178151468232856.
[I 2024-12-04 17:22:26,645] Trial 526 finished with value: 0.3264866080621142 and parameters: {'n_estimators': 734, 'max_depth': 7, 'learning_rate': 0.07960800655642744, 'subsample': 0.7479524341055674, 'colsample_bytree': 0.7919039215494393, 'min_child_weight': 2, 'gamma': 0.0033223984991564647, 'reg_alpha': 4.266956488764955e-05, 'reg_lambda': 0.023309627865412137}. Best is trial 435 with value: 0.31178151468232856.
[I 2024-12-04 17:22:26,740] Trial 519 finished with value: 0.3325840815632228 and parameters: {'n_estimators': 852, 'max_depth': 9, 'learning_rate': 0.09294017703012039, 'subsample': 0.7411817805707346, 'colsample_bytree': 0.7826459484958106, 'min_child_weight': 2, 'gamma': 0.0037630338432103924, 'reg_alpha': 0.00028657395587821554, 'reg_lambda': 0.21086232950646686}. Best is trial 435 with value: 0.31178151468232856.
[I 2024-12-04 17:22:26,870] Trial 525 finished with value: 0.31692389907627083 and parameters: {'n_estimators': 774, 'max_depth': 6, 'learning_rate': 0.0897510235255209, 'subsample': 0.7452594929603554, 'colsample_bytree': 0.7498180041715248, 'min_child_weight': 2, 'gamma': 0.0008076774529592826, 'reg_alpha': 0.00013348231394216378, 'reg_lambda': 0.16414897650354257}. Best is trial 435 with value: 0.31178151468232856.
[I 2024-12-04 17:22:27,196] Trial 522 finished with value: 0.3346141912683802 and parameters: {'n_estimators': 781, 'max_depth': 7, 'learning_rate': 0.09193467091595306, 'subsample': 0.710249654603381, 'colsample_bytree': 0.6959468545597998, 'min_child_weight': 2, 'gamma': 0.0049136110001288666, 'reg_alpha': 0.00011127939734683743, 'reg_lambda': 0.017606499843308684}. Best is trial 435 with value: 0.31178151468232856.
[I 2024-12-04 17:22:27,455] Trial 523 finished with value: 0.333789268897132 and parameters: {'n_estimators': 806, 'max_depth': 7, 'learning_rate': 0.09115592219755901, 'subsample': 0.754891306205962, 'colsample_bytree': 0.7755997821071383, 'min_child_weight': 2, 'gamma': 0.0015586223686525214, 'reg_alpha': 0.00019692915270614228, 'reg_lambda': 0.21596331841181593}. Best is trial 435 with value: 0.31178151468232856.
[I 2024-12-04 17:22:27,668] Trial 528 finished with value: 0.3236107595496266 and parameters: {'n_estimators': 784, 'max_depth': 7, 'learning_rate': 0.08553240242633539, 'subsample': 0.7319647580783238, 'colsample_bytree': 0.7523926038133215, 'min_child_weight': 2, 'gamma': 0.009774501373504583, 'reg_alpha': 8.500716480628661e-05, 'reg_lambda': 0.02769969869934707}. Best is trial 435 with value: 0.31178151468232856.
