[I 2024-12-20 00:46:52,064] Trial 1329 finished with value: 1.3173342943191528 and parameters: {'mlp_n_layers': 4, 'mlp_dim_00': 186, 'mlp_dim_01': 333, 'mlp_dim_02': 470, 'mlp_dim_03': 149, 'node_hidden_dim': 95, 'edge_hidden_dim': 37, 'depth': 2, 'rep_dropout': 0.04056153550690475, 'train_learning_rate': 0.0017449481797920895, 'train_lr_reduce': 0.6}. Best is trial 558 with value: 0.30280801653862.
[I 2024-12-20 00:46:54,765] Trial 1331 finished with value: 1.5295559167861938 and parameters: {'mlp_n_layers': 4, 'mlp_dim_00': 82, 'mlp_dim_01': 398, 'mlp_dim_02': 445, 'mlp_dim_03': 138, 'node_hidden_dim': 94, 'edge_hidden_dim': 54, 'depth': 2, 'rep_dropout': 0.06934151594182902, 'train_learning_rate': 0.001870843635784106, 'train_lr_reduce': 0.6}. Best is trial 558 with value: 0.30280801653862.
[I 2024-12-20 00:46:55,639] Trial 1332 finished with value: 1.331949234008789 and parameters: {'mlp_n_layers': 2, 'mlp_dim_00': 107, 'mlp_dim_01': 383, 'node_hidden_dim': 119, 'edge_hidden_dim': 100, 'depth': 4, 'rep_dropout': 0.005944590632842417, 'train_learning_rate': 0.0021677177674247817, 'train_lr_reduce': 0.6}. Best is trial 558 with value: 0.30280801653862.
[I 2024-12-20 00:47:00,647] Trial 1334 finished with value: 1.5884039402008057 and parameters: {'mlp_n_layers': 4, 'mlp_dim_00': 268, 'mlp_dim_01': 385, 'mlp_dim_02': 461, 'mlp_dim_03': 134, 'node_hidden_dim': 36, 'edge_hidden_dim': 87, 'depth': 2, 'rep_dropout': 0.09987945251854248, 'train_learning_rate': 0.00010122754304955447, 'train_lr_reduce': 0.6}. Best is trial 558 with value: 0.30280801653862.
[I 2024-12-20 00:47:04,855] Trial 1335 finished with value: 1.4390937089920044 and parameters: {'mlp_n_layers': 4, 'mlp_dim_00': 379, 'mlp_dim_01': 432, 'mlp_dim_02': 458, 'mlp_dim_03': 129, 'node_hidden_dim': 56, 'edge_hidden_dim': 117, 'depth': 1, 'rep_dropout': 0.0781859151331074, 'train_learning_rate': 0.00964779299240737, 'train_lr_reduce': 0.6}. Best is trial 558 with value: 0.30280801653862.
[I 2024-12-20 00:47:08,748] Trial 1336 finished with value: 1.559574007987976 and parameters: {'mlp_n_layers': 3, 'mlp_dim_00': 416, 'mlp_dim_01': 380, 'mlp_dim_02': 437, 'node_hidden_dim': 84, 'edge_hidden_dim': 32, 'depth': 1, 'rep_dropout': 0.008131238342183524, 'train_learning_rate': 0.00024652530175893505, 'train_lr_reduce': 0.6}. Best is trial 558 with value: 0.30280801653862.
[I 2024-12-20 00:47:10,074] Trial 1333 finished with value: 0.3720158636569977 and parameters: {'mlp_n_layers': 4, 'mlp_dim_00': 134, 'mlp_dim_01': 426, 'mlp_dim_02': 490, 'mlp_dim_03': 171, 'node_hidden_dim': 92, 'edge_hidden_dim': 69, 'depth': 1, 'rep_dropout': 0.06283301689725251, 'train_learning_rate': 0.0023605130642033, 'train_lr_reduce': 0.6}. Best is trial 558 with value: 0.30280801653862.
[I 2024-12-20 00:47:12,016] Trial 1328 finished with value: 0.3162497580051422 and parameters: {'mlp_n_layers': 4, 'mlp_dim_00': 99, 'mlp_dim_01': 400, 'mlp_dim_02': 412, 'mlp_dim_03': 123, 'node_hidden_dim': 106, 'edge_hidden_dim': 38, 'depth': 1, 'rep_dropout': 0.02519025616851192, 'train_learning_rate': 0.0019101268975888971, 'train_lr_reduce': 0.6}. Best is trial 558 with value: 0.30280801653862.
[I 2024-12-20 00:47:12,724] Trial 1337 finished with value: 1.521249771118164 and parameters: {'mlp_n_layers': 4, 'mlp_dim_00': 127, 'mlp_dim_01': 376, 'mlp_dim_02': 458, 'mlp_dim_03': 169, 'node_hidden_dim': 92, 'edge_hidden_dim': 49, 'depth': 1, 'rep_dropout': 0.015172423634316276, 'train_learning_rate': 0.0015653381371008171, 'train_lr_reduce': 0.6}. Best is trial 558 with value: 0.30280801653862.
[I 2024-12-20 00:47:17,216] Trial 1340 finished with value: 1.4802101850509644 and parameters: {'mlp_n_layers': 4, 'mlp_dim_00': 164, 'mlp_dim_01': 424, 'mlp_dim_02': 430, 'mlp_dim_03': 122, 'node_hidden_dim': 98, 'edge_hidden_dim': 37, 'depth': 1, 'rep_dropout': 0.07899264008500213, 'train_learning_rate': 0.007404995067123423, 'train_lr_reduce': 0.6}. Best is trial 558 with value: 0.30280801653862.
[I 2024-12-20 00:47:23,609] Trial 1341 finished with value: 0.7339767813682556 and parameters: {'mlp_n_layers': 4, 'mlp_dim_00': 442, 'mlp_dim_01': 409, 'mlp_dim_02': 429, 'mlp_dim_03': 124, 'node_hidden_dim': 107, 'edge_hidden_dim': 32, 'depth': 1, 'rep_dropout': 0.023377365325340918, 'train_learning_rate': 0.006951822573530623, 'train_lr_reduce': 0.6}. Best is trial 558 with value: 0.30280801653862.
[I 2024-12-20 00:47:30,124] Trial 1338 finished with value: 0.3991176187992096 and parameters: {'mlp_n_layers': 4, 'mlp_dim_00': 121, 'mlp_dim_01': 423, 'mlp_dim_02': 436, 'mlp_dim_03': 172, 'node_hidden_dim': 103, 'edge_hidden_dim': 64, 'depth': 1, 'rep_dropout': 0.022518797163498225, 'train_learning_rate': 0.003210154313121518, 'train_lr_reduce': 0.6}. Best is trial 558 with value: 0.30280801653862.
[I 2024-12-20 00:47:30,268] Trial 1339 finished with value: 0.38726869225502014 and parameters: {'mlp_n_layers': 4, 'mlp_dim_00': 100, 'mlp_dim_01': 408, 'mlp_dim_02': 431, 'mlp_dim_03': 108, 'node_hidden_dim': 89, 'edge_hidden_dim': 67, 'depth': 1, 'rep_dropout': 0.025294815793887707, 'train_learning_rate': 0.00387101342176307, 'train_lr_reduce': 0.6}. Best is trial 558 with value: 0.30280801653862.
[I 2024-12-20 00:47:36,642] Trial 1342 finished with value: 0.378110408782959 and parameters: {'mlp_n_layers': 4, 'mlp_dim_00': 173, 'mlp_dim_01': 437, 'mlp_dim_02': 426, 'mlp_dim_03': 140, 'node_hidden_dim': 106, 'edge_hidden_dim': 53, 'depth': 1, 'rep_dropout': 0.03573405385604704, 'train_learning_rate': 0.001402812198921634, 'train_lr_reduce': 0.6}. Best is trial 558 with value: 0.30280801653862.
[I 2024-12-20 00:47:39,190] Trial 1343 finished with value: 0.6255478262901306 and parameters: {'mlp_n_layers': 4, 'mlp_dim_00': 91, 'mlp_dim_01': 406, 'mlp_dim_02': 425, 'mlp_dim_03': 139, 'node_hidden_dim': 97, 'edge_hidden_dim': 32, 'depth': 1, 'rep_dropout': 0.006874207766043101, 'train_learning_rate': 0.003976831014165324, 'train_lr_reduce': 0.6}. Best is trial 558 with value: 0.30280801653862.
[I 2024-12-20 00:47:40,691] Trial 1345 finished with value: 1.51587975025177 and parameters: {'mlp_n_layers': 4, 'mlp_dim_00': 100, 'mlp_dim_01': 468, 'mlp_dim_02': 473, 'mlp_dim_03': 113, 'node_hidden_dim': 107, 'edge_hidden_dim': 34, 'depth': 1, 'rep_dropout': 0.028225315607931834, 'train_learning_rate': 0.002036271108349665, 'train_lr_reduce': 0.6}. Best is trial 558 with value: 0.30280801653862.
[I 2024-12-20 00:47:42,801] Trial 1346 finished with value: 1.3398571014404297 and parameters: {'mlp_n_layers': 3, 'mlp_dim_00': 70, 'mlp_dim_01': 392, 'mlp_dim_02': 416, 'node_hidden_dim': 98, 'edge_hidden_dim': 34, 'depth': 1, 'rep_dropout': 0.039485072300747465, 'train_learning_rate': 0.0028262162410706056, 'train_lr_reduce': 0.6}. Best is trial 558 with value: 0.30280801653862.
[I 2024-12-20 00:47:45,739] Trial 1344 finished with value: 0.4100750982761383 and parameters: {'mlp_n_layers': 3, 'mlp_dim_00': 187, 'mlp_dim_01': 401, 'mlp_dim_02': 424, 'node_hidden_dim': 89, 'edge_hidden_dim': 45, 'depth': 1, 'rep_dropout': 0.03741472773375056, 'train_learning_rate': 0.0018271064458137594, 'train_lr_reduce': 0.6}. Best is trial 558 with value: 0.30280801653862.
[I 2024-12-20 00:47:46,746] Trial 1348 finished with value: 1.5431889295578003 and parameters: {'mlp_n_layers': 4, 'mlp_dim_00': 115, 'mlp_dim_01': 398, 'mlp_dim_02': 414, 'mlp_dim_03': 141, 'node_hidden_dim': 113, 'edge_hidden_dim': 36, 'depth': 2, 'rep_dropout': 0.03657535086864823, 'train_learning_rate': 0.0016941062541352312, 'train_lr_reduce': 0.6}. Best is trial 558 with value: 0.30280801653862.
[I 2024-12-20 00:47:49,744] Trial 1349 finished with value: 1.5172821283340454 and parameters: {'mlp_n_layers': 4, 'mlp_dim_00': 104, 'mlp_dim_01': 382, 'mlp_dim_02': 422, 'mlp_dim_03': 143, 'node_hidden_dim': 91, 'edge_hidden_dim': 52, 'depth': 1, 'rep_dropout': 0.021433787859192796, 'train_learning_rate': 0.002039995240005834, 'train_lr_reduce': 0.6}. Best is trial 558 with value: 0.30280801653862.
[I 2024-12-20 00:47:51,891] Trial 1350 finished with value: 1.4943945407867432 and parameters: {'mlp_n_layers': 3, 'mlp_dim_00': 69, 'mlp_dim_01': 431, 'mlp_dim_02': 474, 'node_hidden_dim': 96, 'edge_hidden_dim': 44, 'depth': 2, 'rep_dropout': 0.023573745378685992, 'train_learning_rate': 0.004033323080604753, 'train_lr_reduce': 0.6}. Best is trial 558 with value: 0.30280801653862.
[I 2024-12-20 00:47:54,435] Trial 1347 finished with value: 0.39687061309814453 and parameters: {'mlp_n_layers': 4, 'mlp_dim_00': 172, 'mlp_dim_01': 440, 'mlp_dim_02': 481, 'mlp_dim_03': 103, 'node_hidden_dim': 104, 'edge_hidden_dim': 36, 'depth': 1, 'rep_dropout': 0.02984508662368761, 'train_learning_rate': 0.003007523187161214, 'train_lr_reduce': 0.6}. Best is trial 558 with value: 0.30280801653862.
[I 2024-12-20 00:47:59,972] Trial 1351 finished with value: 0.5848971605300903 and parameters: {'mlp_n_layers': 4, 'mlp_dim_00': 491, 'mlp_dim_01': 382, 'mlp_dim_02': 417, 'mlp_dim_03': 162, 'node_hidden_dim': 128, 'edge_hidden_dim': 34, 'depth': 1, 'rep_dropout': 0.0008258316067715867, 'train_learning_rate': 0.0024031473278005515, 'train_lr_reduce': 0.6}. Best is trial 558 with value: 0.30280801653862.
[I 2024-12-20 00:48:07,408] Trial 1352 finished with value: 0.36759528517723083 and parameters: {'mlp_n_layers': 4, 'mlp_dim_00': 139, 'mlp_dim_01': 457, 'mlp_dim_02': 408, 'mlp_dim_03': 188, 'node_hidden_dim': 111, 'edge_hidden_dim': 32, 'depth': 1, 'rep_dropout': 0.008133699068805011, 'train_learning_rate': 0.0008852558731842723, 'train_lr_reduce': 0.6}. Best is trial 558 with value: 0.30280801653862.
[I 2024-12-20 00:48:13,900] Trial 1353 finished with value: 0.33958202600479126 and parameters: {'mlp_n_layers': 4, 'mlp_dim_00': 94, 'mlp_dim_01': 392, 'mlp_dim_02': 406, 'mlp_dim_03': 113, 'node_hidden_dim': 115, 'edge_hidden_dim': 32, 'depth': 1, 'rep_dropout': 0.03363503327202534, 'train_learning_rate': 0.0010404102659895738, 'train_lr_reduce': 0.6}. Best is trial 558 with value: 0.30280801653862.
[I 2024-12-20 00:48:15,909] Trial 1355 finished with value: 1.314809799194336 and parameters: {'mlp_n_layers': 3, 'mlp_dim_00': 381, 'mlp_dim_01': 372, 'mlp_dim_02': 410, 'node_hidden_dim': 50, 'edge_hidden_dim': 72, 'depth': 3, 'rep_dropout': 0.10233133381628388, 'train_learning_rate': 0.0004583403138908574, 'train_lr_reduce': 0.6}. Best is trial 558 with value: 0.30280801653862.
[I 2024-12-20 00:48:17,028] Trial 1354 finished with value: 0.40446341037750244 and parameters: {'mlp_n_layers': 4, 'mlp_dim_00': 304, 'mlp_dim_01': 431, 'mlp_dim_02': 462, 'mlp_dim_03': 121, 'node_hidden_dim': 115, 'edge_hidden_dim': 71, 'depth': 1, 'rep_dropout': 0.07995368075247924, 'train_learning_rate': 0.0014275514023613805, 'train_lr_reduce': 0.6}. Best is trial 558 with value: 0.30280801653862.
[I 2024-12-20 00:48:20,720] Trial 1358 finished with value: 1.3975262641906738 and parameters: {'mlp_n_layers': 3, 'mlp_dim_00': 456, 'mlp_dim_01': 378, 'mlp_dim_02': 406, 'node_hidden_dim': 88, 'edge_hidden_dim': 39, 'depth': 1, 'rep_dropout': 0.0012209451374313486, 'train_learning_rate': 0.0016925889708394616, 'train_lr_reduce': 0.6}. Best is trial 558 with value: 0.30280801653862.
[I 2024-12-20 00:48:24,881] Trial 1359 finished with value: 1.3074408769607544 and parameters: {'mlp_n_layers': 4, 'mlp_dim_00': 444, 'mlp_dim_01': 369, 'mlp_dim_02': 453, 'mlp_dim_03': 173, 'node_hidden_dim': 124, 'edge_hidden_dim': 64, 'depth': 1, 'rep_dropout': 0.034779765037399275, 'train_learning_rate': 0.0034444988289370746, 'train_lr_reduce': 0.6}. Best is trial 558 with value: 0.30280801653862.
[I 2024-12-20 00:48:28,725] Trial 1360 finished with value: 1.289006233215332 and parameters: {'mlp_n_layers': 4, 'mlp_dim_00': 209, 'mlp_dim_01': 424, 'mlp_dim_02': 400, 'mlp_dim_03': 102, 'node_hidden_dim': 101, 'edge_hidden_dim': 32, 'depth': 1, 'rep_dropout': 0.03018198765526185, 'train_learning_rate': 0.004641429930562313, 'train_lr_reduce': 0.6}. Best is trial 558 with value: 0.30280801653862.
[I 2024-12-20 00:48:29,380] Trial 1356 finished with value: 0.4333013594150543 and parameters: {'mlp_n_layers': 4, 'mlp_dim_00': 100, 'mlp_dim_01': 429, 'mlp_dim_02': 459, 'mlp_dim_03': 77, 'node_hidden_dim': 100, 'edge_hidden_dim': 32, 'depth': 1, 'rep_dropout': 0.036120156123334385, 'train_learning_rate': 0.0038610577681327074, 'train_lr_reduce': 0.6}. Best is trial 558 with value: 0.30280801653862.
[I 2024-12-20 00:48:35,134] Trial 1357 finished with value: 0.35078510642051697 and parameters: {'mlp_n_layers': 4, 'mlp_dim_00': 101, 'mlp_dim_01': 481, 'mlp_dim_02': 407, 'mlp_dim_03': 196, 'node_hidden_dim': 93, 'edge_hidden_dim': 62, 'depth': 1, 'rep_dropout': 0.043690140880868825, 'train_learning_rate': 0.0018525476684519001, 'train_lr_reduce': 0.6}. Best is trial 558 with value: 0.30280801653862.
[I 2024-12-20 00:48:39,275] Trial 1363 finished with value: 1.516827940940857 and parameters: {'mlp_n_layers': 4, 'mlp_dim_00': 119, 'mlp_dim_01': 463, 'mlp_dim_02': 395, 'mlp_dim_03': 347, 'node_hidden_dim': 93, 'edge_hidden_dim': 33, 'depth': 1, 'rep_dropout': 0.01656922104905622, 'train_learning_rate': 0.0014006160049698704, 'train_lr_reduce': 0.6}. Best is trial 558 with value: 0.30280801653862.
[I 2024-12-20 00:48:41,483] Trial 1362 finished with value: 0.4645776152610779 and parameters: {'mlp_n_layers': 4, 'mlp_dim_00': 67, 'mlp_dim_01': 148, 'mlp_dim_02': 441, 'mlp_dim_03': 242, 'node_hidden_dim': 102, 'edge_hidden_dim': 39, 'depth': 1, 'rep_dropout': 0.041508440504827146, 'train_learning_rate': 0.002489927078617142, 'train_lr_reduce': 0.6}. Best is trial 558 with value: 0.30280801653862.
[I 2024-12-20 00:48:44,130] Trial 1364 finished with value: 1.5433984994888306 and parameters: {'mlp_n_layers': 4, 'mlp_dim_00': 93, 'mlp_dim_01': 368, 'mlp_dim_02': 404, 'mlp_dim_03': 298, 'node_hidden_dim': 72, 'edge_hidden_dim': 35, 'depth': 1, 'rep_dropout': 0.03910614103837272, 'train_learning_rate': 0.0019086115809091753, 'train_lr_reduce': 0.6}. Best is trial 558 with value: 0.30280801653862.
[I 2024-12-20 00:48:45,468] Trial 1365 finished with value: 1.5573291778564453 and parameters: {'mlp_n_layers': 4, 'mlp_dim_00': 146, 'mlp_dim_01': 415, 'mlp_dim_02': 443, 'mlp_dim_03': 352, 'node_hidden_dim': 95, 'edge_hidden_dim': 36, 'depth': 2, 'rep_dropout': 0.025767743464592638, 'train_learning_rate': 0.0013876981525925297, 'train_lr_reduce': 0.6}. Best is trial 558 with value: 0.30280801653862.
[I 2024-12-20 00:48:46,803] Trial 1361 finished with value: 0.43230271339416504 and parameters: {'mlp_n_layers': 4, 'mlp_dim_00': 415, 'mlp_dim_01': 375, 'mlp_dim_02': 499, 'mlp_dim_03': 288, 'node_hidden_dim': 117, 'edge_hidden_dim': 56, 'depth': 1, 'rep_dropout': 0.02996937124693591, 'train_learning_rate': 0.0022175130578164924, 'train_lr_reduce': 0.6}. Best is trial 558 with value: 0.30280801653862.
[I 2024-12-20 00:48:48,458] Trial 1366 finished with value: 1.582550287246704 and parameters: {'mlp_n_layers': 3, 'mlp_dim_00': 202, 'mlp_dim_01': 380, 'mlp_dim_02': 510, 'node_hidden_dim': 122, 'edge_hidden_dim': 98, 'depth': 1, 'rep_dropout': 0.06429430801323076, 'train_learning_rate': 0.00011708388382618329, 'train_lr_reduce': 0.6}. Best is trial 558 with value: 0.30280801653862.
[I 2024-12-20 00:48:48,893] Trial 1367 finished with value: 1.3937846422195435 and parameters: {'mlp_n_layers': 4, 'mlp_dim_00': 128, 'mlp_dim_01': 413, 'mlp_dim_02': 398, 'mlp_dim_03': 281, 'node_hidden_dim': 106, 'edge_hidden_dim': 55, 'depth': 1, 'rep_dropout': 0.009378446125779047, 'train_learning_rate': 0.002727919724922594, 'train_lr_reduce': 0.6}. Best is trial 558 with value: 0.30280801653862.
[I 2024-12-20 00:48:51,896] Trial 1369 finished with value: 1.4418257474899292 and parameters: {'mlp_n_layers': 4, 'mlp_dim_00': 429, 'mlp_dim_01': 479, 'mlp_dim_02': 448, 'mlp_dim_03': 320, 'node_hidden_dim': 101, 'edge_hidden_dim': 34, 'depth': 1, 'rep_dropout': 0.004255750168202746, 'train_learning_rate': 0.0018918629017166358, 'train_lr_reduce': 0.6}. Best is trial 558 with value: 0.30280801653862.
[I 2024-12-20 00:48:56,295] Trial 1368 finished with value: 0.5238459706306458 and parameters: {'mlp_n_layers': 4, 'mlp_dim_00': 149, 'mlp_dim_01': 374, 'mlp_dim_02': 398, 'mlp_dim_03': 102, 'node_hidden_dim': 91, 'edge_hidden_dim': 51, 'depth': 1, 'rep_dropout': 0.02218279441314755, 'train_learning_rate': 0.005905692355142893, 'train_lr_reduce': 0.6}. Best is trial 558 with value: 0.30280801653862.
[I 2024-12-20 00:49:01,249] Trial 1372 finished with value: 1.5260051488876343 and parameters: {'mlp_n_layers': 4, 'mlp_dim_00': 189, 'mlp_dim_01': 412, 'mlp_dim_02': 394, 'mlp_dim_03': 70, 'node_hidden_dim': 113, 'edge_hidden_dim': 34, 'depth': 2, 'rep_dropout': 0.000293944779340102, 'train_learning_rate': 0.0017759383688297058, 'train_lr_reduce': 0.6}. Best is trial 558 with value: 0.30280801653862.
[I 2024-12-20 00:49:07,336] Trial 1371 finished with value: 0.44541916251182556 and parameters: {'mlp_n_layers': 4, 'mlp_dim_00': 79, 'mlp_dim_01': 184, 'mlp_dim_02': 439, 'mlp_dim_03': 230, 'node_hidden_dim': 110, 'edge_hidden_dim': 47, 'depth': 1, 'rep_dropout': 0.03350093187374848, 'train_learning_rate': 0.0010457553440844953, 'train_lr_reduce': 0.6}. Best is trial 558 with value: 0.30280801653862.
[I 2024-12-20 00:49:09,737] Trial 1370 finished with value: 0.3494745194911957 and parameters: {'mlp_n_layers': 3, 'mlp_dim_00': 452, 'mlp_dim_01': 149, 'mlp_dim_02': 399, 'node_hidden_dim': 118, 'edge_hidden_dim': 33, 'depth': 1, 'rep_dropout': 0.026371882525136572, 'train_learning_rate': 0.0017924879216227217, 'train_lr_reduce': 0.6}. Best is trial 558 with value: 0.30280801653862.
[I 2024-12-20 00:49:17,599] Trial 1373 finished with value: 0.34384992718696594 and parameters: {'mlp_n_layers': 4, 'mlp_dim_00': 249, 'mlp_dim_01': 360, 'mlp_dim_02': 390, 'mlp_dim_03': 158, 'node_hidden_dim': 122, 'edge_hidden_dim': 52, 'depth': 1, 'rep_dropout': 0.02774662264469841, 'train_learning_rate': 0.0018849595319883497, 'train_lr_reduce': 0.6}. Best is trial 558 with value: 0.30280801653862.
[I 2024-12-20 00:49:22,806] Trial 1376 finished with value: 1.5884284973144531 and parameters: {'mlp_n_layers': 4, 'mlp_dim_00': 225, 'mlp_dim_01': 416, 'mlp_dim_02': 465, 'mlp_dim_03': 366, 'node_hidden_dim': 43, 'edge_hidden_dim': 90, 'depth': 4, 'rep_dropout': 0.04327131930285031, 'train_learning_rate': 0.00029172332182408173, 'train_lr_reduce': 0.6}. Best is trial 558 with value: 0.30280801653862.
[I 2024-12-20 00:49:28,045] Trial 1375 finished with value: 0.38831233978271484 and parameters: {'mlp_n_layers': 3, 'mlp_dim_00': 344, 'mlp_dim_01': 439, 'mlp_dim_02': 389, 'node_hidden_dim': 128, 'edge_hidden_dim': 38, 'depth': 1, 'rep_dropout': 0.05517451793520979, 'train_learning_rate': 0.0028293967950069904, 'train_lr_reduce': 0.6}. Best is trial 558 with value: 0.30280801653862.
[I 2024-12-20 00:49:29,679] Trial 1374 finished with value: 0.3242916762828827 and parameters: {'mlp_n_layers': 4, 'mlp_dim_00': 155, 'mlp_dim_01': 365, 'mlp_dim_02': 441, 'mlp_dim_03': 292, 'node_hidden_dim': 106, 'edge_hidden_dim': 33, 'depth': 1, 'rep_dropout': 0.015588662681738424, 'train_learning_rate': 0.0022099062926769614, 'train_lr_reduce': 0.6}. Best is trial 558 with value: 0.30280801653862.
[I 2024-12-20 00:49:33,661] Trial 1379 finished with value: 1.505597710609436 and parameters: {'mlp_n_layers': 2, 'mlp_dim_00': 406, 'mlp_dim_01': 405, 'node_hidden_dim': 126, 'edge_hidden_dim': 49, 'depth': 1, 'rep_dropout': 0.044500036771454705, 'train_learning_rate': 0.0008327315237529114, 'train_lr_reduce': 0.6}. Best is trial 558 with value: 0.30280801653862.
[I 2024-12-20 00:49:37,598] Trial 1380 finished with value: 1.317645788192749 and parameters: {'mlp_n_layers': 4, 'mlp_dim_00': 166, 'mlp_dim_01': 449, 'mlp_dim_02': 483, 'mlp_dim_03': 290, 'node_hidden_dim': 109, 'edge_hidden_dim': 50, 'depth': 1, 'rep_dropout': 0.06167044239738521, 'train_learning_rate': 0.003806348423971466, 'train_lr_reduce': 0.6}. Best is trial 558 with value: 0.30280801653862.
[I 2024-12-20 00:49:37,867] Trial 1377 finished with value: 0.3228611946105957 and parameters: {'mlp_n_layers': 4, 'mlp_dim_00': 310, 'mlp_dim_01': 361, 'mlp_dim_02': 420, 'mlp_dim_03': 352, 'node_hidden_dim': 117, 'edge_hidden_dim': 57, 'depth': 1, 'rep_dropout': 0.029535377876571334, 'train_learning_rate': 0.002428267460090966, 'train_lr_reduce': 0.6}. Best is trial 558 with value: 0.30280801653862.
[I 2024-12-20 00:49:41,655] Trial 1381 finished with value: 1.4592636823654175 and parameters: {'mlp_n_layers': 3, 'mlp_dim_00': 193, 'mlp_dim_01': 368, 'mlp_dim_02': 485, 'node_hidden_dim': 76, 'edge_hidden_dim': 107, 'depth': 4, 'rep_dropout': 0.12536517763993257, 'train_learning_rate': 0.0017205456944332706, 'train_lr_reduce': 0.6}. Best is trial 558 with value: 0.30280801653862.
[I 2024-12-20 00:49:41,930] Trial 1382 finished with value: 1.4132142066955566 and parameters: {'mlp_n_layers': 4, 'mlp_dim_00': 270, 'mlp_dim_01': 374, 'mlp_dim_02': 471, 'mlp_dim_03': 359, 'node_hidden_dim': 101, 'edge_hidden_dim': 78, 'depth': 2, 'rep_dropout': 0.031066280570573472, 'train_learning_rate': 0.0025378130547297107, 'train_lr_reduce': 0.6}. Best is trial 558 with value: 0.30280801653862.
[I 2024-12-20 00:49:45,888] Trial 1383 finished with value: 1.5580651760101318 and parameters: {'mlp_n_layers': 4, 'mlp_dim_00': 195, 'mlp_dim_01': 363, 'mlp_dim_02': 458, 'mlp_dim_03': 352, 'node_hidden_dim': 91, 'edge_hidden_dim': 35, 'depth': 1, 'rep_dropout': 0.027078734565269692, 'train_learning_rate': 0.0018772832930934835, 'train_lr_reduce': 0.6}. Best is trial 558 with value: 0.30280801653862.
[I 2024-12-20 00:49:50,194] Trial 1385 finished with value: 1.4034409523010254 and parameters: {'mlp_n_layers': 4, 'mlp_dim_00': 198, 'mlp_dim_01': 383, 'mlp_dim_02': 448, 'mlp_dim_03': 342, 'node_hidden_dim': 109, 'edge_hidden_dim': 50, 'depth': 1, 'rep_dropout': 0.004243227689427274, 'train_learning_rate': 0.00268873692373589, 'train_lr_reduce': 0.6}. Best is trial 558 with value: 0.30280801653862.
