[I 2024-12-26 19:49:03,768] Trial 2260 finished with value: 0.011471633799374104 and parameters: {'L1_hidden_dim': 192, 'L1_layers_atom': 2, 'L1_layers_mol': 3, 'L1_dropout': 0.05636492564519282, 'L1_out_dim': 48, 'L2_hidden_dim': 192, 'L2_layers_atom': 1, 'L2_layers_mol': 4, 'L2_out_dim': 80, 'L2_dropout': 0.04984359816317929, 'L3_hidden_dim': 96, 'L3_layers_atom': 4, 'L3_layers_mol': 1, 'L3_out_dim': 128, 'L3_dropout': 0.13037824936822554, 'n_mlp_layers': 3, 'mlp_dim_0': 448, 'mlp_dim_1': 256, 'mlp_dim_2': 408, 'num_heads': 2, 'final_dropout': 0.22439444317023272, 'train_learning_rate': 0.00037886682944370843, 'train_lr_reduce': 0.6}. Best is trial 2183 with value: 0.009310361929237843.
[I 2024-12-26 19:49:44,329] Trial 2261 finished with value: 0.011688078753650188 and parameters: {'L1_hidden_dim': 112, 'L1_layers_atom': 1, 'L1_layers_mol': 2, 'L1_dropout': 0.085170046556014, 'L1_out_dim': 112, 'L2_hidden_dim': 144, 'L2_layers_atom': 1, 'L2_layers_mol': 1, 'L2_out_dim': 128, 'L2_dropout': 0.043310883186645804, 'L3_hidden_dim': 80, 'L3_layers_atom': 4, 'L3_layers_mol': 2, 'L3_out_dim': 80, 'L3_dropout': 0.20670418778693406, 'n_mlp_layers': 3, 'mlp_dim_0': 448, 'mlp_dim_1': 472, 'mlp_dim_2': 472, 'num_heads': 1, 'final_dropout': 0.16392417671451287, 'train_learning_rate': 0.0010578281911015387, 'train_lr_reduce': 0.6}. Best is trial 2183 with value: 0.009310361929237843.
[I 2024-12-26 19:50:37,716] Trial 2262 finished with value: 0.01270580105483532 and parameters: {'L1_hidden_dim': 128, 'L1_layers_atom': 1, 'L1_layers_mol': 2, 'L1_dropout': 0.1526848999852991, 'L1_out_dim': 112, 'L2_hidden_dim': 192, 'L2_layers_atom': 1, 'L2_layers_mol': 3, 'L2_out_dim': 112, 'L2_dropout': 0.07301260914673224, 'L3_hidden_dim': 112, 'L3_layers_atom': 3, 'L3_layers_mol': 1, 'L3_out_dim': 112, 'L3_dropout': 0.1644210174903134, 'n_mlp_layers': 3, 'mlp_dim_0': 488, 'mlp_dim_1': 312, 'mlp_dim_2': 432, 'num_heads': 1, 'final_dropout': 0.22341965497073468, 'train_learning_rate': 0.0005076525590358592, 'train_lr_reduce': 0.6}. Best is trial 2183 with value: 0.009310361929237843.
[I 2024-12-26 19:51:01,996] Trial 2263 finished with value: 0.01189969852566719 and parameters: {'L1_hidden_dim': 80, 'L1_layers_atom': 4, 'L1_layers_mol': 1, 'L1_dropout': 0.02887318515636335, 'L1_out_dim': 48, 'L2_hidden_dim': 192, 'L2_layers_atom': 1, 'L2_layers_mol': 2, 'L2_out_dim': 128, 'L2_dropout': 0.0009512168257546465, 'L3_hidden_dim': 128, 'L3_layers_atom': 3, 'L3_layers_mol': 2, 'L3_out_dim': 128, 'L3_dropout': 0.028046328240933942, 'n_mlp_layers': 3, 'mlp_dim_0': 360, 'mlp_dim_1': 216, 'mlp_dim_2': 512, 'num_heads': 2, 'final_dropout': 0.14028378530878574, 'train_learning_rate': 0.0006971897704697623, 'train_lr_reduce': 0.6}. Best is trial 2183 with value: 0.009310361929237843.
[I 2024-12-26 19:51:43,740] Trial 2264 finished with value: 0.15557846426963806 and parameters: {'L1_hidden_dim': 144, 'L1_layers_atom': 4, 'L1_layers_mol': 3, 'L1_dropout': 0.22045720646668854, 'L1_out_dim': 128, 'L2_hidden_dim': 96, 'L2_layers_atom': 3, 'L2_layers_mol': 1, 'L2_out_dim': 112, 'L2_dropout': 0.24858739754564285, 'L3_hidden_dim': 32, 'L3_layers_atom': 4, 'L3_layers_mol': 2, 'L3_out_dim': 96, 'L3_dropout': 0.15402482995054423, 'n_mlp_layers': 2, 'mlp_dim_0': 368, 'mlp_dim_1': 368, 'num_heads': 1, 'final_dropout': 0.2714691939747709, 'train_learning_rate': 0.00017310132286440456, 'train_lr_reduce': 0.6}. Best is trial 2183 with value: 0.009310361929237843.
[I 2024-12-26 19:52:43,120] Trial 2265 finished with value: 0.015677884221076965 and parameters: {'L1_hidden_dim': 80, 'L1_layers_atom': 1, 'L1_layers_mol': 2, 'L1_dropout': 0.15995519131691163, 'L1_out_dim': 64, 'L2_hidden_dim': 160, 'L2_layers_atom': 1, 'L2_layers_mol': 2, 'L2_out_dim': 128, 'L2_dropout': 0.07357784778624271, 'L3_hidden_dim': 48, 'L3_layers_atom': 4, 'L3_layers_mol': 2, 'L3_out_dim': 112, 'L3_dropout': 0.07985600380885335, 'n_mlp_layers': 3, 'mlp_dim_0': 312, 'mlp_dim_1': 288, 'mlp_dim_2': 368, 'num_heads': 1, 'final_dropout': 0.15235207217304425, 'train_learning_rate': 0.0006518871241601081, 'train_lr_reduce': 0.6}. Best is trial 2183 with value: 0.009310361929237843.
[I 2024-12-26 19:53:41,790] Trial 2266 finished with value: 0.011710450984537601 and parameters: {'L1_hidden_dim': 128, 'L1_layers_atom': 4, 'L1_layers_mol': 1, 'L1_dropout': 0.006663525440340151, 'L1_out_dim': 64, 'L2_hidden_dim': 256, 'L2_layers_atom': 1, 'L2_layers_mol': 3, 'L2_out_dim': 80, 'L2_dropout': 0.017202611275553018, 'L3_hidden_dim': 64, 'L3_layers_atom': 3, 'L3_layers_mol': 1, 'L3_out_dim': 64, 'L3_dropout': 0.29285716506936166, 'n_mlp_layers': 3, 'mlp_dim_0': 392, 'mlp_dim_1': 448, 'mlp_dim_2': 440, 'num_heads': 2, 'final_dropout': 0.26966628701386375, 'train_learning_rate': 0.0002963623055402983, 'train_lr_reduce': 0.6}. Best is trial 2183 with value: 0.009310361929237843.
[I 2024-12-26 19:54:13,020] Trial 2267 finished with value: 0.010921319015324116 and parameters: {'L1_hidden_dim': 256, 'L1_layers_atom': 4, 'L1_layers_mol': 2, 'L1_dropout': 0.013211202079384548, 'L1_out_dim': 48, 'L2_hidden_dim': 256, 'L2_layers_atom': 1, 'L2_layers_mol': 1, 'L2_out_dim': 112, 'L2_dropout': 0.02075386849111233, 'L3_hidden_dim': 80, 'L3_layers_atom': 4, 'L3_layers_mol': 1, 'L3_out_dim': 128, 'L3_dropout': 0.23685912994483332, 'n_mlp_layers': 3, 'mlp_dim_0': 448, 'mlp_dim_1': 248, 'mlp_dim_2': 472, 'num_heads': 1, 'final_dropout': 0.23315912393928168, 'train_learning_rate': 0.0003654569470228875, 'train_lr_reduce': 0.6}. Best is trial 2183 with value: 0.009310361929237843.
[I 2024-12-26 19:55:30,695] Trial 2269 finished with value: 0.010818167589604855 and parameters: {'L1_hidden_dim': 144, 'L1_layers_atom': 1, 'L1_layers_mol': 2, 'L1_dropout': 0.17739457059288768, 'L1_out_dim': 112, 'L2_hidden_dim': 176, 'L2_layers_atom': 1, 'L2_layers_mol': 1, 'L2_out_dim': 112, 'L2_dropout': 0.07830246361583847, 'L3_hidden_dim': 96, 'L3_layers_atom': 4, 'L3_layers_mol': 1, 'L3_out_dim': 128, 'L3_dropout': 0.00618142245641555, 'n_mlp_layers': 3, 'mlp_dim_0': 408, 'mlp_dim_1': 408, 'mlp_dim_2': 328, 'num_heads': 1, 'final_dropout': 0.03487664886652996, 'train_learning_rate': 0.0008833402585737174, 'train_lr_reduce': 0.6}. Best is trial 2183 with value: 0.009310361929237843.
[I 2024-12-26 19:55:40,666] Trial 2268 finished with value: 0.013277976773679256 and parameters: {'L1_hidden_dim': 80, 'L1_layers_atom': 4, 'L1_layers_mol': 1, 'L1_dropout': 0.03752654311285668, 'L1_out_dim': 48, 'L2_hidden_dim': 176, 'L2_layers_atom': 1, 'L2_layers_mol': 3, 'L2_out_dim': 128, 'L2_dropout': 0.014726190449945352, 'L3_hidden_dim': 80, 'L3_layers_atom': 4, 'L3_layers_mol': 1, 'L3_out_dim': 128, 'L3_dropout': 0.09033101118977556, 'n_mlp_layers': 3, 'mlp_dim_0': 384, 'mlp_dim_1': 344, 'mlp_dim_2': 408, 'num_heads': 2, 'final_dropout': 0.1141369340249735, 'train_learning_rate': 0.00017984123573091656, 'train_lr_reduce': 0.6}. Best is trial 2183 with value: 0.009310361929237843.
[I 2024-12-26 19:56:49,368] Trial 2270 finished with value: 0.010932647623121738 and parameters: {'L1_hidden_dim': 64, 'L1_layers_atom': 1, 'L1_layers_mol': 1, 'L1_dropout': 0.14252401617534938, 'L1_out_dim': 64, 'L2_hidden_dim': 208, 'L2_layers_atom': 1, 'L2_layers_mol': 2, 'L2_out_dim': 112, 'L2_dropout': 0.003235930074332657, 'L3_hidden_dim': 112, 'L3_layers_atom': 3, 'L3_layers_mol': 1, 'L3_out_dim': 112, 'L3_dropout': 0.0674640447867319, 'n_mlp_layers': 3, 'mlp_dim_0': 288, 'mlp_dim_1': 312, 'mlp_dim_2': 480, 'num_heads': 2, 'final_dropout': 0.01653466752453825, 'train_learning_rate': 0.0008141900599662886, 'train_lr_reduce': 0.6}. Best is trial 2183 with value: 0.009310361929237843.
[I 2024-12-26 19:58:15,851] Trial 2272 finished with value: 0.013851373456418514 and parameters: {'L1_hidden_dim': 128, 'L1_layers_atom': 3, 'L1_layers_mol': 3, 'L1_dropout': 0.07410942081857536, 'L1_out_dim': 80, 'L2_hidden_dim': 240, 'L2_layers_atom': 1, 'L2_layers_mol': 4, 'L2_out_dim': 64, 'L2_dropout': 0.06955149043737048, 'L3_hidden_dim': 32, 'L3_layers_atom': 4, 'L3_layers_mol': 1, 'L3_out_dim': 112, 'L3_dropout': 0.09712175974307904, 'n_mlp_layers': 3, 'mlp_dim_0': 280, 'mlp_dim_1': 216, 'mlp_dim_2': 384, 'num_heads': 2, 'final_dropout': 0.07818193491203498, 'train_learning_rate': 0.0002559471480790194, 'train_lr_reduce': 0.6}. Best is trial 2183 with value: 0.009310361929237843.
[I 2024-12-26 19:58:19,465] Trial 2273 finished with value: 0.021891554817557335 and parameters: {'L1_hidden_dim': 80, 'L1_layers_atom': 3, 'L1_layers_mol': 4, 'L1_dropout': 0.2840027693210533, 'L1_out_dim': 128, 'L2_hidden_dim': 144, 'L2_layers_atom': 3, 'L2_layers_mol': 1, 'L2_out_dim': 32, 'L2_dropout': 0.24369495754985443, 'L3_hidden_dim': 64, 'L3_layers_atom': 1, 'L3_layers_mol': 2, 'L3_out_dim': 64, 'L3_dropout': 0.2601552523389348, 'n_mlp_layers': 3, 'mlp_dim_0': 184, 'mlp_dim_1': 472, 'mlp_dim_2': 440, 'num_heads': 2, 'final_dropout': 0.08602690117761361, 'train_learning_rate': 0.002320096029022982, 'train_lr_reduce': 0.6}. Best is trial 2183 with value: 0.009310361929237843.
[I 2024-12-26 19:58:29,277] Trial 2271 finished with value: 0.022360138595104218 and parameters: {'L1_hidden_dim': 80, 'L1_layers_atom': 1, 'L1_layers_mol': 2, 'L1_dropout': 0.23931810671254422, 'L1_out_dim': 128, 'L2_hidden_dim': 144, 'L2_layers_atom': 1, 'L2_layers_mol': 3, 'L2_out_dim': 128, 'L2_dropout': 0.06334782289638122, 'L3_hidden_dim': 80, 'L3_layers_atom': 4, 'L3_layers_mol': 2, 'L3_out_dim': 112, 'L3_dropout': 0.12301107880961608, 'n_mlp_layers': 2, 'mlp_dim_0': 472, 'mlp_dim_1': 512, 'num_heads': 1, 'final_dropout': 0.17069678218921702, 'train_learning_rate': 0.0026870166094686114, 'train_lr_reduce': 0.6}. Best is trial 2183 with value: 0.009310361929237843.
[I 2024-12-26 20:00:18,795] Trial 2274 finished with value: 0.012175767682492733 and parameters: {'L1_hidden_dim': 64, 'L1_layers_atom': 1, 'L1_layers_mol': 2, 'L1_dropout': 0.20786251188656327, 'L1_out_dim': 64, 'L2_hidden_dim': 176, 'L2_layers_atom': 1, 'L2_layers_mol': 2, 'L2_out_dim': 112, 'L2_dropout': 0.03726468241383934, 'L3_hidden_dim': 96, 'L3_layers_atom': 4, 'L3_layers_mol': 2, 'L3_out_dim': 96, 'L3_dropout': 0.12719393885929006, 'n_mlp_layers': 3, 'mlp_dim_0': 424, 'mlp_dim_1': 264, 'mlp_dim_2': 440, 'num_heads': 1, 'final_dropout': 0.1277088767852226, 'train_learning_rate': 0.0008095292276121841, 'train_lr_reduce': 0.6}. Best is trial 2183 with value: 0.009310361929237843.
[I 2024-12-26 20:00:36,052] Trial 2275 finished with value: 0.015091666020452976 and parameters: {'L1_hidden_dim': 224, 'L1_layers_atom': 4, 'L1_layers_mol': 3, 'L1_dropout': 0.03589413918616913, 'L1_out_dim': 32, 'L2_hidden_dim': 208, 'L2_layers_atom': 2, 'L2_layers_mol': 3, 'L2_out_dim': 96, 'L2_dropout': 0.29719391477276086, 'L3_hidden_dim': 80, 'L3_layers_atom': 2, 'L3_layers_mol': 2, 'L3_out_dim': 64, 'L3_dropout': 0.047886880109011265, 'n_mlp_layers': 3, 'mlp_dim_0': 360, 'mlp_dim_1': 376, 'mlp_dim_2': 512, 'num_heads': 2, 'final_dropout': 0.061608704257953575, 'train_learning_rate': 0.0013809923440466776, 'train_lr_reduce': 0.6}. Best is trial 2183 with value: 0.009310361929237843.
[I 2024-12-26 20:01:15,660] Trial 2276 finished with value: 0.026461072266101837 and parameters: {'L1_hidden_dim': 144, 'L1_layers_atom': 1, 'L1_layers_mol': 3, 'L1_dropout': 0.13169129883731587, 'L1_out_dim': 112, 'L2_hidden_dim': 256, 'L2_layers_atom': 4, 'L2_layers_mol': 2, 'L2_out_dim': 64, 'L2_dropout': 0.16865823609455058, 'L3_hidden_dim': 96, 'L3_layers_atom': 2, 'L3_layers_mol': 4, 'L3_out_dim': 112, 'L3_dropout': 0.22373457404583763, 'n_mlp_layers': 3, 'mlp_dim_0': 96, 'mlp_dim_1': 424, 'mlp_dim_2': 352, 'num_heads': 1, 'final_dropout': 0.2967948391184718, 'train_learning_rate': 0.003449509363857633, 'train_lr_reduce': 0.6}. Best is trial 2183 with value: 0.009310361929237843.
[I 2024-12-26 20:02:46,594] Trial 2278 finished with value: 0.01247565820813179 and parameters: {'L1_hidden_dim': 64, 'L1_layers_atom': 1, 'L1_layers_mol': 1, 'L1_dropout': 0.07581849636006664, 'L1_out_dim': 128, 'L2_hidden_dim': 192, 'L2_layers_atom': 1, 'L2_layers_mol': 2, 'L2_out_dim': 96, 'L2_dropout': 0.027009884093302475, 'L3_hidden_dim': 80, 'L3_layers_atom': 4, 'L3_layers_mol': 2, 'L3_out_dim': 112, 'L3_dropout': 0.1331222751365966, 'n_mlp_layers': 3, 'mlp_dim_0': 416, 'mlp_dim_1': 472, 'mlp_dim_2': 472, 'num_heads': 1, 'final_dropout': 0.1526043762257055, 'train_learning_rate': 0.000517944643827548, 'train_lr_reduce': 0.6}. Best is trial 2183 with value: 0.009310361929237843.
[I 2024-12-26 20:03:04,212] Trial 2277 finished with value: 0.01293287891894579 and parameters: {'L1_hidden_dim': 96, 'L1_layers_atom': 3, 'L1_layers_mol': 3, 'L1_dropout': 0.025509811796437472, 'L1_out_dim': 32, 'L2_hidden_dim': 208, 'L2_layers_atom': 2, 'L2_layers_mol': 2, 'L2_out_dim': 112, 'L2_dropout': 0.013411074308348975, 'L3_hidden_dim': 112, 'L3_layers_atom': 3, 'L3_layers_mol': 1, 'L3_out_dim': 112, 'L3_dropout': 0.010860947202054758, 'n_mlp_layers': 3, 'mlp_dim_0': 312, 'mlp_dim_1': 288, 'mlp_dim_2': 408, 'num_heads': 2, 'final_dropout': 0.10837870331745203, 'train_learning_rate': 0.0015126401595188916, 'train_lr_reduce': 0.6}. Best is trial 2183 with value: 0.009310361929237843.
[I 2024-12-26 20:03:52,385] Trial 2279 finished with value: 0.014871000312268734 and parameters: {'L1_hidden_dim': 256, 'L1_layers_atom': 3, 'L1_layers_mol': 2, 'L1_dropout': 0.16391290283839582, 'L1_out_dim': 96, 'L2_hidden_dim': 128, 'L2_layers_atom': 4, 'L2_layers_mol': 1, 'L2_out_dim': 64, 'L2_dropout': 0.02483066525255903, 'L3_hidden_dim': 112, 'L3_layers_atom': 3, 'L3_layers_mol': 1, 'L3_out_dim': 48, 'L3_dropout': 0.09379727734703201, 'n_mlp_layers': 2, 'mlp_dim_0': 288, 'mlp_dim_1': 336, 'num_heads': 2, 'final_dropout': 0.22895623776963853, 'train_learning_rate': 0.0008146589999265223, 'train_lr_reduce': 0.6}. Best is trial 2183 with value: 0.009310361929237843.
[I 2024-12-26 20:05:13,992] Trial 2280 finished with value: 0.01633811928331852 and parameters: {'L1_hidden_dim': 112, 'L1_layers_atom': 2, 'L1_layers_mol': 4, 'L1_dropout': 0.039836356599304304, 'L1_out_dim': 64, 'L2_hidden_dim': 208, 'L2_layers_atom': 1, 'L2_layers_mol': 4, 'L2_out_dim': 128, 'L2_dropout': 0.08232597671331954, 'L3_hidden_dim': 96, 'L3_layers_atom': 4, 'L3_layers_mol': 1, 'L3_out_dim': 80, 'L3_dropout': 0.1943071124025843, 'n_mlp_layers': 3, 'mlp_dim_0': 208, 'mlp_dim_1': 232, 'mlp_dim_2': 400, 'num_heads': 2, 'final_dropout': 0.24281884415667332, 'train_learning_rate': 0.00016211880486521036, 'train_lr_reduce': 0.6}. Best is trial 2183 with value: 0.009310361929237843.
[I 2024-12-26 20:05:50,552] Trial 2281 finished with value: 0.011298300698399544 and parameters: {'L1_hidden_dim': 240, 'L1_layers_atom': 2, 'L1_layers_mol': 1, 'L1_dropout': 0.0114390994092427, 'L1_out_dim': 80, 'L2_hidden_dim': 256, 'L2_layers_atom': 1, 'L2_layers_mol': 2, 'L2_out_dim': 80, 'L2_dropout': 0.05761742189740905, 'L3_hidden_dim': 48, 'L3_layers_atom': 2, 'L3_layers_mol': 2, 'L3_out_dim': 80, 'L3_dropout': 0.09608493733336475, 'n_mlp_layers': 3, 'mlp_dim_0': 264, 'mlp_dim_1': 368, 'mlp_dim_2': 480, 'num_heads': 2, 'final_dropout': 0.26412006207103833, 'train_learning_rate': 0.00030421364722258847, 'train_lr_reduce': 0.6}. Best is trial 2183 with value: 0.009310361929237843.
[I 2024-12-26 20:06:21,123] Trial 2282 finished with value: 0.027855191379785538 and parameters: {'L1_hidden_dim': 128, 'L1_layers_atom': 2, 'L1_layers_mol': 2, 'L1_dropout': 0.28849407196255045, 'L1_out_dim': 32, 'L2_hidden_dim': 80, 'L2_layers_atom': 1, 'L2_layers_mol': 3, 'L2_out_dim': 64, 'L2_dropout': 0.14867506940594027, 'L3_hidden_dim': 112, 'L3_layers_atom': 2, 'L3_layers_mol': 3, 'L3_out_dim': 128, 'L3_dropout': 0.04915845685833993, 'n_mlp_layers': 1, 'mlp_dim_0': 160, 'num_heads': 1, 'final_dropout': 0.2662282531022583, 'train_learning_rate': 0.0033659848756958347, 'train_lr_reduce': 0.6}. Best is trial 2183 with value: 0.009310361929237843.
[I 2024-12-26 20:07:59,453] Trial 2283 finished with value: 0.0112422751262784 and parameters: {'L1_hidden_dim': 144, 'L1_layers_atom': 1, 'L1_layers_mol': 3, 'L1_dropout': 0.11660602895233288, 'L1_out_dim': 112, 'L2_hidden_dim': 112, 'L2_layers_atom': 2, 'L2_layers_mol': 2, 'L2_out_dim': 128, 'L2_dropout': 0.05388089002462392, 'L3_hidden_dim': 32, 'L3_layers_atom': 4, 'L3_layers_mol': 1, 'L3_out_dim': 128, 'L3_dropout': 0.07374801751169739, 'n_mlp_layers': 3, 'mlp_dim_0': 456, 'mlp_dim_1': 296, 'mlp_dim_2': 440, 'num_heads': 2, 'final_dropout': 0.04090814857866037, 'train_learning_rate': 0.0020522752341526696, 'train_lr_reduce': 0.6}. Best is trial 2183 with value: 0.009310361929237843.
[I 2024-12-26 20:08:30,682] Trial 2284 finished with value: 0.014235362410545349 and parameters: {'L1_hidden_dim': 160, 'L1_layers_atom': 2, 'L1_layers_mol': 2, 'L1_dropout': 0.120074598677726, 'L1_out_dim': 48, 'L2_hidden_dim': 224, 'L2_layers_atom': 2, 'L2_layers_mol': 4, 'L2_out_dim': 64, 'L2_dropout': 0.18537693901540303, 'L3_hidden_dim': 48, 'L3_layers_atom': 3, 'L3_layers_mol': 4, 'L3_out_dim': 48, 'L3_dropout': 0.2427297257249408, 'n_mlp_layers': 3, 'mlp_dim_0': 416, 'mlp_dim_1': 432, 'mlp_dim_2': 512, 'num_heads': 1, 'final_dropout': 0.049357258314814675, 'train_learning_rate': 0.001289918284304817, 'train_lr_reduce': 0.6}. Best is trial 2183 with value: 0.009310361929237843.
[I 2024-12-26 20:08:30,688] Trial 2285 finished with value: 0.010637321509420872 and parameters: {'L1_hidden_dim': 224, 'L1_layers_atom': 3, 'L1_layers_mol': 1, 'L1_dropout': 0.0004909445234078144, 'L1_out_dim': 64, 'L2_hidden_dim': 256, 'L2_layers_atom': 1, 'L2_layers_mol': 2, 'L2_out_dim': 96, 'L2_dropout': 0.016670642880949892, 'L3_hidden_dim': 64, 'L3_layers_atom': 2, 'L3_layers_mol': 2, 'L3_out_dim': 32, 'L3_dropout': 0.056429136254440654, 'n_mlp_layers': 3, 'mlp_dim_0': 504, 'mlp_dim_1': 264, 'mlp_dim_2': 352, 'num_heads': 2, 'final_dropout': 0.173398085913279, 'train_learning_rate': 0.0006282729806621288, 'train_lr_reduce': 0.6}. Best is trial 2183 with value: 0.009310361929237843.
[I 2024-12-26 20:10:14,148] Trial 2286 finished with value: 0.010283648036420345 and parameters: {'L1_hidden_dim': 96, 'L1_layers_atom': 4, 'L1_layers_mol': 1, 'L1_dropout': 0.04738151772368474, 'L1_out_dim': 64, 'L2_hidden_dim': 208, 'L2_layers_atom': 1, 'L2_layers_mol': 2, 'L2_out_dim': 64, 'L2_dropout': 0.06712687454355169, 'L3_hidden_dim': 64, 'L3_layers_atom': 1, 'L3_layers_mol': 3, 'L3_out_dim': 32, 'L3_dropout': 0.22277206191236798, 'n_mlp_layers': 3, 'mlp_dim_0': 472, 'mlp_dim_1': 472, 'mlp_dim_2': 432, 'num_heads': 2, 'final_dropout': 0.2784992740128899, 'train_learning_rate': 0.00039998720843452905, 'train_lr_reduce': 0.6}. Best is trial 2183 with value: 0.009310361929237843.
[I 2024-12-26 20:10:28,772] Trial 2288 finished with value: 0.012675521895289421 and parameters: {'L1_hidden_dim': 80, 'L1_layers_atom': 1, 'L1_layers_mol': 2, 'L1_dropout': 0.14620857920420688, 'L1_out_dim': 128, 'L2_hidden_dim': 192, 'L2_layers_atom': 1, 'L2_layers_mol': 2, 'L2_out_dim': 128, 'L2_dropout': 0.012713870156744723, 'L3_hidden_dim': 80, 'L3_layers_atom': 4, 'L3_layers_mol': 1, 'L3_out_dim': 128, 'L3_dropout': 0.23171397322254716, 'n_mlp_layers': 3, 'mlp_dim_0': 464, 'mlp_dim_1': 208, 'mlp_dim_2': 384, 'num_heads': 1, 'final_dropout': 0.07524011029154173, 'train_learning_rate': 0.0004264941050448457, 'train_lr_reduce': 0.6}. Best is trial 2183 with value: 0.009310361929237843.
[I 2024-12-26 20:11:25,494] Trial 2287 finished with value: 0.04546529799699783 and parameters: {'L1_hidden_dim': 96, 'L1_layers_atom': 4, 'L1_layers_mol': 4, 'L1_dropout': 0.19319961781048806, 'L1_out_dim': 96, 'L2_hidden_dim': 224, 'L2_layers_atom': 3, 'L2_layers_mol': 2, 'L2_out_dim': 96, 'L2_dropout': 0.05219482998330059, 'L3_hidden_dim': 96, 'L3_layers_atom': 2, 'L3_layers_mol': 4, 'L3_out_dim': 128, 'L3_dropout': 0.22090601212450878, 'n_mlp_layers': 3, 'mlp_dim_0': 168, 'mlp_dim_1': 328, 'mlp_dim_2': 472, 'num_heads': 1, 'final_dropout': 0.06418772986288067, 'train_learning_rate': 0.005976751532567946, 'train_lr_reduce': 0.6}. Best is trial 2183 with value: 0.009310361929237843.
[I 2024-12-26 20:12:12,737] Trial 2289 finished with value: 0.012631531804800034 and parameters: {'L1_hidden_dim': 144, 'L1_layers_atom': 1, 'L1_layers_mol': 3, 'L1_dropout': 0.1351654051153606, 'L1_out_dim': 128, 'L2_hidden_dim': 192, 'L2_layers_atom': 1, 'L2_layers_mol': 1, 'L2_out_dim': 96, 'L2_dropout': 0.036608642726020116, 'L3_hidden_dim': 32, 'L3_layers_atom': 4, 'L3_layers_mol': 2, 'L3_out_dim': 128, 'L3_dropout': 0.033669997726162124, 'n_mlp_layers': 3, 'mlp_dim_0': 384, 'mlp_dim_1': 408, 'mlp_dim_2': 440, 'num_heads': 1, 'final_dropout': 0.057553713684586304, 'train_learning_rate': 0.0009724340279935057, 'train_lr_reduce': 0.6}. Best is trial 2183 with value: 0.009310361929237843.
[I 2024-12-26 20:13:16,027] Trial 2290 finished with value: 0.01126074604690075 and parameters: {'L1_hidden_dim': 96, 'L1_layers_atom': 1, 'L1_layers_mol': 1, 'L1_dropout': 0.10861683188394157, 'L1_out_dim': 80, 'L2_hidden_dim': 160, 'L2_layers_atom': 1, 'L2_layers_mol': 1, 'L2_out_dim': 128, 'L2_dropout': 0.0011800273217855636, 'L3_hidden_dim': 128, 'L3_layers_atom': 4, 'L3_layers_mol': 1, 'L3_out_dim': 128, 'L3_dropout': 0.12847430070650195, 'n_mlp_layers': 3, 'mlp_dim_0': 408, 'mlp_dim_1': 512, 'mlp_dim_2': 472, 'num_heads': 2, 'final_dropout': 0.02801984333088231, 'train_learning_rate': 0.0005123027116893758, 'train_lr_reduce': 0.6}. Best is trial 2183 with value: 0.009310361929237843.
