[I 2024-12-15 16:39:42,337] Trial 1548 finished with value: 0.1925392895936966 and parameters: {'mlp_n_layers': 3, 'mlp_dim_00': 256, 'mlp_dim_01': 128, 'mlp_dim_02': 256, 'hidden_channels': 240, 'num_layers': 1, 'num_timesteps': 4, 'dropout': 0.036091088537308726, 'train_learning_rate': 0.0034923476549491126, 'train_lr_reduce': 0.6}. Best is trial 632 with value: 0.13978464901447296.
[I 2024-12-15 16:39:47,684] Trial 1549 finished with value: 0.24911056458950043 and parameters: {'mlp_n_layers': 3, 'mlp_dim_00': 112, 'mlp_dim_01': 176, 'mlp_dim_02': 208, 'hidden_channels': 240, 'num_layers': 1, 'num_timesteps': 3, 'dropout': 0.003191771219553583, 'train_learning_rate': 0.004067995434170601, 'train_lr_reduce': 0.6}. Best is trial 632 with value: 0.13978464901447296.
[I 2024-12-15 16:39:52,913] Trial 1551 finished with value: 0.23545043170452118 and parameters: {'mlp_n_layers': 3, 'mlp_dim_00': 48, 'mlp_dim_01': 128, 'mlp_dim_02': 240, 'hidden_channels': 240, 'num_layers': 1, 'num_timesteps': 4, 'dropout': 0.10447739327936306, 'train_learning_rate': 0.005481315507581687, 'train_lr_reduce': 0.6}. Best is trial 632 with value: 0.13978464901447296.
[I 2024-12-15 16:39:54,867] Trial 1552 finished with value: 0.2299027144908905 and parameters: {'mlp_n_layers': 4, 'mlp_dim_00': 112, 'mlp_dim_01': 96, 'mlp_dim_02': 224, 'mlp_dim_03': 208, 'hidden_channels': 256, 'num_layers': 1, 'num_timesteps': 4, 'dropout': 0.13461784914883707, 'train_learning_rate': 0.008547562060906457, 'train_lr_reduce': 0.6}. Best is trial 632 with value: 0.13978464901447296.
[I 2024-12-15 16:39:56,741] Trial 1550 finished with value: 0.15636955201625824 and parameters: {'mlp_n_layers': 4, 'mlp_dim_00': 128, 'mlp_dim_01': 144, 'mlp_dim_02': 192, 'mlp_dim_03': 48, 'hidden_channels': 256, 'num_layers': 1, 'num_timesteps': 4, 'dropout': 0.039031140823512236, 'train_learning_rate': 0.0032341364934444184, 'train_lr_reduce': 0.6}. Best is trial 632 with value: 0.13978464901447296.
[I 2024-12-15 16:40:05,803] Trial 1555 finished with value: 0.24868202209472656 and parameters: {'mlp_n_layers': 4, 'mlp_dim_00': 144, 'mlp_dim_01': 240, 'mlp_dim_02': 192, 'mlp_dim_03': 144, 'hidden_channels': 192, 'num_layers': 2, 'num_timesteps': 4, 'dropout': 0.043404132792126446, 'train_learning_rate': 0.004550925176256868, 'train_lr_reduce': 0.6}. Best is trial 632 with value: 0.13978464901447296.
[I 2024-12-15 16:40:11,369] Trial 1553 finished with value: 0.2652304172515869 and parameters: {'mlp_n_layers': 2, 'mlp_dim_00': 48, 'mlp_dim_01': 224, 'hidden_channels': 32, 'num_layers': 3, 'num_timesteps': 1, 'dropout': 0.07194889261760724, 'train_learning_rate': 0.0003085739436689449, 'train_lr_reduce': 0.6}. Best is trial 632 with value: 0.13978464901447296.
[I 2024-12-15 16:40:16,353] Trial 1554 finished with value: 0.3546812832355499 and parameters: {'mlp_n_layers': 2, 'mlp_dim_00': 256, 'mlp_dim_01': 144, 'hidden_channels': 144, 'num_layers': 4, 'num_timesteps': 4, 'dropout': 0.1118928294380784, 'train_learning_rate': 0.00020352279344463498, 'train_lr_reduce': 0.6}. Best is trial 632 with value: 0.13978464901447296.
[I 2024-12-15 16:40:19,839] Trial 1556 finished with value: 0.1919465810060501 and parameters: {'mlp_n_layers': 3, 'mlp_dim_00': 64, 'mlp_dim_01': 144, 'mlp_dim_02': 256, 'hidden_channels': 192, 'num_layers': 1, 'num_timesteps': 3, 'dropout': 0.011988885809544162, 'train_learning_rate': 0.002521584228976555, 'train_lr_reduce': 0.6}. Best is trial 632 with value: 0.13978464901447296.
[I 2024-12-15 16:40:25,968] Trial 1557 finished with value: 0.2505975365638733 and parameters: {'mlp_n_layers': 4, 'mlp_dim_00': 128, 'mlp_dim_01': 144, 'mlp_dim_02': 208, 'mlp_dim_03': 176, 'hidden_channels': 256, 'num_layers': 4, 'num_timesteps': 1, 'dropout': 0.10173728091952167, 'train_learning_rate': 0.00043554080584484565, 'train_lr_reduce': 0.6}. Best is trial 632 with value: 0.13978464901447296.
[I 2024-12-15 16:40:27,578] Trial 1559 finished with value: 0.23211751878261566 and parameters: {'mlp_n_layers': 3, 'mlp_dim_00': 240, 'mlp_dim_01': 144, 'mlp_dim_02': 192, 'hidden_channels': 160, 'num_layers': 2, 'num_timesteps': 3, 'dropout': 0.04505940268809572, 'train_learning_rate': 0.0028564849515778363, 'train_lr_reduce': 0.6}. Best is trial 632 with value: 0.13978464901447296.
[I 2024-12-15 16:40:28,253] Trial 1558 finished with value: 0.19229504466056824 and parameters: {'mlp_n_layers': 4, 'mlp_dim_00': 240, 'mlp_dim_01': 160, 'mlp_dim_02': 240, 'mlp_dim_03': 160, 'hidden_channels': 160, 'num_layers': 1, 'num_timesteps': 4, 'dropout': 0.05461685580171395, 'train_learning_rate': 0.003453290315400265, 'train_lr_reduce': 0.6}. Best is trial 632 with value: 0.13978464901447296.
[I 2024-12-15 16:40:34,941] Trial 1560 finished with value: 0.19977985322475433 and parameters: {'mlp_n_layers': 3, 'mlp_dim_00': 224, 'mlp_dim_01': 160, 'mlp_dim_02': 224, 'hidden_channels': 224, 'num_layers': 1, 'num_timesteps': 3, 'dropout': 0.02590717273158967, 'train_learning_rate': 0.001786575044426317, 'train_lr_reduce': 0.6}. Best is trial 632 with value: 0.13978464901447296.
[I 2024-12-15 16:40:38,282] Trial 1562 finished with value: 0.1899775117635727 and parameters: {'mlp_n_layers': 4, 'mlp_dim_00': 48, 'mlp_dim_01': 192, 'mlp_dim_02': 224, 'mlp_dim_03': 48, 'hidden_channels': 208, 'num_layers': 1, 'num_timesteps': 4, 'dropout': 0.062149489946317645, 'train_learning_rate': 0.0014386200517803405, 'train_lr_reduce': 0.6}. Best is trial 632 with value: 0.13978464901447296.
[I 2024-12-15 16:40:38,414] Trial 1561 finished with value: 0.24970285594463348 and parameters: {'mlp_n_layers': 4, 'mlp_dim_00': 192, 'mlp_dim_01': 128, 'mlp_dim_02': 256, 'mlp_dim_03': 192, 'hidden_channels': 176, 'num_layers': 2, 'num_timesteps': 4, 'dropout': 0.2674685601418872, 'train_learning_rate': 0.0006577249542611063, 'train_lr_reduce': 0.6}. Best is trial 632 with value: 0.13978464901447296.
[I 2024-12-15 16:40:42,359] Trial 1563 finished with value: 0.20339348912239075 and parameters: {'mlp_n_layers': 2, 'mlp_dim_00': 96, 'mlp_dim_01': 160, 'hidden_channels': 128, 'num_layers': 3, 'num_timesteps': 2, 'dropout': 0.10286427791324634, 'train_learning_rate': 0.006839936732868177, 'train_lr_reduce': 0.6}. Best is trial 632 with value: 0.13978464901447296.
[I 2024-12-15 16:40:49,315] Trial 1565 finished with value: 0.2291250228881836 and parameters: {'mlp_n_layers': 3, 'mlp_dim_00': 128, 'mlp_dim_01': 80, 'mlp_dim_02': 240, 'hidden_channels': 32, 'num_layers': 3, 'num_timesteps': 3, 'dropout': 0.0556777159030792, 'train_learning_rate': 0.0027683907838475757, 'train_lr_reduce': 0.6}. Best is trial 632 with value: 0.13978464901447296.
[I 2024-12-15 16:40:52,509] Trial 1566 finished with value: 0.20443803071975708 and parameters: {'mlp_n_layers': 2, 'mlp_dim_00': 176, 'mlp_dim_01': 208, 'hidden_channels': 256, 'num_layers': 1, 'num_timesteps': 2, 'dropout': 0.07924315357411907, 'train_learning_rate': 0.007276059882703586, 'train_lr_reduce': 0.6}. Best is trial 632 with value: 0.13978464901447296.
[I 2024-12-15 16:40:57,896] Trial 1564 finished with value: 0.30375126004219055 and parameters: {'mlp_n_layers': 4, 'mlp_dim_00': 48, 'mlp_dim_01': 48, 'mlp_dim_02': 192, 'mlp_dim_03': 144, 'hidden_channels': 160, 'num_layers': 3, 'num_timesteps': 2, 'dropout': 0.007423637859719223, 'train_learning_rate': 0.00011486647351880078, 'train_lr_reduce': 0.6}. Best is trial 632 with value: 0.13978464901447296.
[I 2024-12-15 16:40:59,590] Trial 1568 finished with value: 0.19618810713291168 and parameters: {'mlp_n_layers': 3, 'mlp_dim_00': 64, 'mlp_dim_01': 64, 'mlp_dim_02': 192, 'hidden_channels': 80, 'num_layers': 2, 'num_timesteps': 3, 'dropout': 0.29060999145145044, 'train_learning_rate': 0.008604337436990005, 'train_lr_reduce': 0.6}. Best is trial 632 with value: 0.13978464901447296.
[I 2024-12-15 16:41:06,209] Trial 1567 finished with value: 0.3259097933769226 and parameters: {'mlp_n_layers': 4, 'mlp_dim_00': 32, 'mlp_dim_01': 32, 'mlp_dim_02': 208, 'mlp_dim_03': 256, 'hidden_channels': 32, 'num_layers': 1, 'num_timesteps': 4, 'dropout': 0.26652732650650846, 'train_learning_rate': 0.0009481173281064604, 'train_lr_reduce': 0.6}. Best is trial 632 with value: 0.13978464901447296.
[I 2024-12-15 16:41:06,672] Trial 1569 finished with value: 0.23274299502372742 and parameters: {'mlp_n_layers': 4, 'mlp_dim_00': 112, 'mlp_dim_01': 144, 'mlp_dim_02': 240, 'mlp_dim_03': 224, 'hidden_channels': 256, 'num_layers': 2, 'num_timesteps': 4, 'dropout': 0.08210216788075789, 'train_learning_rate': 0.0097179941581931, 'train_lr_reduce': 0.6}. Best is trial 632 with value: 0.13978464901447296.
[I 2024-12-15 16:41:09,370] Trial 1570 finished with value: 0.2202405333518982 and parameters: {'mlp_n_layers': 3, 'mlp_dim_00': 32, 'mlp_dim_01': 240, 'mlp_dim_02': 256, 'hidden_channels': 144, 'num_layers': 4, 'num_timesteps': 4, 'dropout': 0.12974240355390793, 'train_learning_rate': 0.008065173693304034, 'train_lr_reduce': 0.6}. Best is trial 632 with value: 0.13978464901447296.
[I 2024-12-15 16:41:16,520] Trial 1572 finished with value: 0.22933395206928253 and parameters: {'mlp_n_layers': 3, 'mlp_dim_00': 64, 'mlp_dim_01': 128, 'mlp_dim_02': 192, 'hidden_channels': 160, 'num_layers': 1, 'num_timesteps': 3, 'dropout': 0.11733217416955716, 'train_learning_rate': 0.00980042240378585, 'train_lr_reduce': 0.6}. Best is trial 632 with value: 0.13978464901447296.
[I 2024-12-15 16:41:17,767] Trial 1571 finished with value: 0.16811111569404602 and parameters: {'mlp_n_layers': 3, 'mlp_dim_00': 96, 'mlp_dim_01': 208, 'mlp_dim_02': 224, 'hidden_channels': 192, 'num_layers': 1, 'num_timesteps': 4, 'dropout': 0.0038901002083622004, 'train_learning_rate': 0.0027742537946584826, 'train_lr_reduce': 0.6}. Best is trial 632 with value: 0.13978464901447296.
[I 2024-12-15 16:41:21,498] Trial 1573 finished with value: 0.2475602924823761 and parameters: {'mlp_n_layers': 4, 'mlp_dim_00': 240, 'mlp_dim_01': 224, 'mlp_dim_02': 224, 'mlp_dim_03': 32, 'hidden_channels': 128, 'num_layers': 3, 'num_timesteps': 4, 'dropout': 0.18511106829828428, 'train_learning_rate': 0.0008321552825895204, 'train_lr_reduce': 0.6}. Best is trial 632 with value: 0.13978464901447296.
[I 2024-12-15 16:41:23,544] Trial 1575 finished with value: 0.240507572889328 and parameters: {'mlp_n_layers': 3, 'mlp_dim_00': 224, 'mlp_dim_01': 208, 'mlp_dim_02': 208, 'hidden_channels': 208, 'num_layers': 1, 'num_timesteps': 4, 'dropout': 0.07932200195784964, 'train_learning_rate': 0.0036791043878059457, 'train_lr_reduce': 0.6}. Best is trial 632 with value: 0.13978464901447296.
[I 2024-12-15 16:41:26,773] Trial 1574 finished with value: 0.1501169204711914 and parameters: {'mlp_n_layers': 2, 'mlp_dim_00': 32, 'mlp_dim_01': 160, 'hidden_channels': 112, 'num_layers': 1, 'num_timesteps': 3, 'dropout': 0.02656299206676098, 'train_learning_rate': 0.005017550020289628, 'train_lr_reduce': 0.6}. Best is trial 632 with value: 0.13978464901447296.
[I 2024-12-15 16:41:30,419] Trial 1576 finished with value: 0.22047175467014313 and parameters: {'mlp_n_layers': 3, 'mlp_dim_00': 64, 'mlp_dim_01': 160, 'mlp_dim_02': 256, 'hidden_channels': 240, 'num_layers': 1, 'num_timesteps': 3, 'dropout': 0.0005795020153165015, 'train_learning_rate': 0.0030737358735668883, 'train_lr_reduce': 0.6}. Best is trial 632 with value: 0.13978464901447296.
[I 2024-12-15 16:41:37,463] Trial 1578 finished with value: 0.1966138333082199 and parameters: {'mlp_n_layers': 2, 'mlp_dim_00': 32, 'mlp_dim_01': 144, 'hidden_channels': 128, 'num_layers': 1, 'num_timesteps': 3, 'dropout': 0.055637346889956266, 'train_learning_rate': 0.002612280076380693, 'train_lr_reduce': 0.6}. Best is trial 632 with value: 0.13978464901447296.
[I 2024-12-15 16:41:41,063] Trial 1579 finished with value: 0.1989557445049286 and parameters: {'mlp_n_layers': 4, 'mlp_dim_00': 192, 'mlp_dim_01': 160, 'mlp_dim_02': 224, 'mlp_dim_03': 48, 'hidden_channels': 208, 'num_layers': 1, 'num_timesteps': 4, 'dropout': 0.016748622786974404, 'train_learning_rate': 0.0026063908388535206, 'train_lr_reduce': 0.6}. Best is trial 632 with value: 0.13978464901447296.
[I 2024-12-15 16:41:41,353] Trial 1577 finished with value: 0.4255642592906952 and parameters: {'mlp_n_layers': 3, 'mlp_dim_00': 192, 'mlp_dim_01': 32, 'mlp_dim_02': 192, 'hidden_channels': 32, 'num_layers': 3, 'num_timesteps': 1, 'dropout': 0.27889114655087033, 'train_learning_rate': 0.000248232012599865, 'train_lr_reduce': 0.6}. Best is trial 632 with value: 0.13978464901447296.
[I 2024-12-15 16:41:43,709] Trial 1580 finished with value: 0.23099513351917267 and parameters: {'mlp_n_layers': 2, 'mlp_dim_00': 64, 'mlp_dim_01': 160, 'hidden_channels': 112, 'num_layers': 2, 'num_timesteps': 3, 'dropout': 0.014567386550012643, 'train_learning_rate': 0.005702121296477697, 'train_lr_reduce': 0.6}. Best is trial 632 with value: 0.13978464901447296.
[I 2024-12-15 16:41:48,175] Trial 1581 finished with value: 0.20054085552692413 and parameters: {'mlp_n_layers': 2, 'mlp_dim_00': 32, 'mlp_dim_01': 192, 'hidden_channels': 128, 'num_layers': 2, 'num_timesteps': 3, 'dropout': 0.11382973109344001, 'train_learning_rate': 0.008680091418987448, 'train_lr_reduce': 0.6}. Best is trial 632 with value: 0.13978464901447296.
[I 2024-12-15 16:41:51,378] Trial 1582 finished with value: 0.17297111451625824 and parameters: {'mlp_n_layers': 2, 'mlp_dim_00': 80, 'mlp_dim_01': 112, 'hidden_channels': 112, 'num_layers': 1, 'num_timesteps': 3, 'dropout': 0.06581404296980727, 'train_learning_rate': 0.002589033206943065, 'train_lr_reduce': 0.6}. Best is trial 632 with value: 0.13978464901447296.
[I 2024-12-15 16:41:53,695] Trial 1583 finished with value: 0.16978232562541962 and parameters: {'mlp_n_layers': 3, 'mlp_dim_00': 224, 'mlp_dim_01': 112, 'mlp_dim_02': 240, 'hidden_channels': 192, 'num_layers': 1, 'num_timesteps': 4, 'dropout': 0.06760292286853907, 'train_learning_rate': 0.0029418180062317227, 'train_lr_reduce': 0.6}. Best is trial 632 with value: 0.13978464901447296.
[I 2024-12-15 16:41:58,748] Trial 1584 finished with value: 0.18209947645664215 and parameters: {'mlp_n_layers': 2, 'mlp_dim_00': 48, 'mlp_dim_01': 144, 'hidden_channels': 80, 'num_layers': 1, 'num_timesteps': 3, 'dropout': 0.05036444809880852, 'train_learning_rate': 0.002991203652580247, 'train_lr_reduce': 0.6}. Best is trial 632 with value: 0.13978464901447296.
[I 2024-12-15 16:42:03,094] Trial 1585 finished with value: 0.1893821507692337 and parameters: {'mlp_n_layers': 3, 'mlp_dim_00': 80, 'mlp_dim_01': 160, 'mlp_dim_02': 208, 'hidden_channels': 176, 'num_layers': 1, 'num_timesteps': 2, 'dropout': 0.004220885831016714, 'train_learning_rate': 0.004730981078354955, 'train_lr_reduce': 0.6}. Best is trial 632 with value: 0.13978464901447296.
[I 2024-12-15 16:42:06,677] Trial 1587 finished with value: 0.1959591507911682 and parameters: {'mlp_n_layers': 4, 'mlp_dim_00': 64, 'mlp_dim_01': 96, 'mlp_dim_02': 256, 'mlp_dim_03': 48, 'hidden_channels': 256, 'num_layers': 1, 'num_timesteps': 4, 'dropout': 0.06668013219248434, 'train_learning_rate': 0.004578986343571665, 'train_lr_reduce': 0.6}. Best is trial 632 with value: 0.13978464901447296.
[I 2024-12-15 16:42:07,314] Trial 1586 finished with value: 0.17125824093818665 and parameters: {'mlp_n_layers': 2, 'mlp_dim_00': 32, 'mlp_dim_01': 112, 'hidden_channels': 112, 'num_layers': 2, 'num_timesteps': 4, 'dropout': 0.002147043056232159, 'train_learning_rate': 0.009722763505357014, 'train_lr_reduce': 0.6}. Best is trial 632 with value: 0.13978464901447296.
[I 2024-12-15 16:42:13,477] Trial 1588 finished with value: 0.20270700752735138 and parameters: {'mlp_n_layers': 4, 'mlp_dim_00': 144, 'mlp_dim_01': 112, 'mlp_dim_02': 192, 'mlp_dim_03': 144, 'hidden_channels': 160, 'num_layers': 1, 'num_timesteps': 4, 'dropout': 0.028674480953299133, 'train_learning_rate': 0.003356814913297705, 'train_lr_reduce': 0.6}. Best is trial 632 with value: 0.13978464901447296.
[I 2024-12-15 16:42:18,542] Trial 1589 finished with value: 0.23135069012641907 and parameters: {'mlp_n_layers': 4, 'mlp_dim_00': 224, 'mlp_dim_01': 160, 'mlp_dim_02': 224, 'mlp_dim_03': 32, 'hidden_channels': 176, 'num_layers': 1, 'num_timesteps': 3, 'dropout': 0.0043100569060901634, 'train_learning_rate': 0.004247770357628077, 'train_lr_reduce': 0.6}. Best is trial 632 with value: 0.13978464901447296.
[I 2024-12-15 16:42:20,137] Trial 1590 finished with value: 0.2290751188993454 and parameters: {'mlp_n_layers': 4, 'mlp_dim_00': 144, 'mlp_dim_01': 160, 'mlp_dim_02': 240, 'mlp_dim_03': 128, 'hidden_channels': 224, 'num_layers': 2, 'num_timesteps': 4, 'dropout': 0.10031631804807223, 'train_learning_rate': 0.0022202574005849595, 'train_lr_reduce': 0.6}. Best is trial 632 with value: 0.13978464901447296.
[I 2024-12-15 16:42:23,075] Trial 1592 finished with value: 1.0840873718261719 and parameters: {'mlp_n_layers': 4, 'mlp_dim_00': 192, 'mlp_dim_01': 160, 'mlp_dim_02': 208, 'mlp_dim_03': 32, 'hidden_channels': 208, 'num_layers': 2, 'num_timesteps': 4, 'dropout': 0.00020668031119850825, 'train_learning_rate': 0.004460910353979042, 'train_lr_reduce': 0.6}. Best is trial 632 with value: 0.13978464901447296.
[I 2024-12-15 16:42:25,825] Trial 1591 finished with value: 0.19672778248786926 and parameters: {'mlp_n_layers': 4, 'mlp_dim_00': 144, 'mlp_dim_01': 144, 'mlp_dim_02': 192, 'mlp_dim_03': 144, 'hidden_channels': 240, 'num_layers': 1, 'num_timesteps': 4, 'dropout': 0.07404460472756602, 'train_learning_rate': 0.006363750138110464, 'train_lr_reduce': 0.6}. Best is trial 632 with value: 0.13978464901447296.
[I 2024-12-15 16:42:36,252] Trial 1595 finished with value: 0.1972322016954422 and parameters: {'mlp_n_layers': 4, 'mlp_dim_00': 32, 'mlp_dim_01': 160, 'mlp_dim_02': 224, 'mlp_dim_03': 128, 'hidden_channels': 224, 'num_layers': 1, 'num_timesteps': 4, 'dropout': 0.06550407941036734, 'train_learning_rate': 0.002454358140875404, 'train_lr_reduce': 0.6}. Best is trial 632 with value: 0.13978464901447296.
[I 2024-12-15 16:42:36,625] Trial 1593 finished with value: 0.20837917923927307 and parameters: {'mlp_n_layers': 3, 'mlp_dim_00': 48, 'mlp_dim_01': 160, 'mlp_dim_02': 256, 'hidden_channels': 160, 'num_layers': 1, 'num_timesteps': 3, 'dropout': 0.026424377557428158, 'train_learning_rate': 0.004754108179384952, 'train_lr_reduce': 0.6}. Best is trial 632 with value: 0.13978464901447296.
[I 2024-12-15 16:42:38,444] Trial 1594 finished with value: 0.1842394471168518 and parameters: {'mlp_n_layers': 2, 'mlp_dim_00': 48, 'mlp_dim_01': 160, 'hidden_channels': 176, 'num_layers': 1, 'num_timesteps': 3, 'dropout': 0.03016481543087195, 'train_learning_rate': 0.006356128394381056, 'train_lr_reduce': 0.6}. Best is trial 632 with value: 0.13978464901447296.
[I 2024-12-15 16:42:49,091] Trial 1596 finished with value: 0.16989095509052277 and parameters: {'mlp_n_layers': 3, 'mlp_dim_00': 208, 'mlp_dim_01': 176, 'mlp_dim_02': 192, 'hidden_channels': 176, 'num_layers': 1, 'num_timesteps': 4, 'dropout': 0.0013958372072004066, 'train_learning_rate': 0.0017691104191804258, 'train_lr_reduce': 0.6}. Best is trial 632 with value: 0.13978464901447296.
[I 2024-12-15 16:42:54,205] Trial 1597 finished with value: 0.19662146270275116 and parameters: {'mlp_n_layers': 4, 'mlp_dim_00': 32, 'mlp_dim_01': 160, 'mlp_dim_02': 240, 'mlp_dim_03': 144, 'hidden_channels': 256, 'num_layers': 1, 'num_timesteps': 4, 'dropout': 0.014560352288842488, 'train_learning_rate': 0.0005765863986466614, 'train_lr_reduce': 0.6}. Best is trial 632 with value: 0.13978464901447296.
[I 2024-12-15 16:42:55,758] Trial 1598 finished with value: 0.19389468431472778 and parameters: {'mlp_n_layers': 2, 'mlp_dim_00': 32, 'mlp_dim_01': 96, 'hidden_channels': 80, 'num_layers': 1, 'num_timesteps': 3, 'dropout': 0.03539673520607261, 'train_learning_rate': 0.003720681104330204, 'train_lr_reduce': 0.6}. Best is trial 632 with value: 0.13978464901447296.
[I 2024-12-15 16:42:58,583] Trial 1599 finished with value: 0.1829899102449417 and parameters: {'mlp_n_layers': 2, 'mlp_dim_00': 192, 'mlp_dim_01': 256, 'hidden_channels': 256, 'num_layers': 1, 'num_timesteps': 2, 'dropout': 1.2151362879454092e-05, 'train_learning_rate': 0.0021063716367836316, 'train_lr_reduce': 0.6}. Best is trial 632 with value: 0.13978464901447296.
[I 2024-12-15 16:43:12,856] Trial 1602 finished with value: 0.2194586992263794 and parameters: {'mlp_n_layers': 2, 'mlp_dim_00': 48, 'mlp_dim_01': 176, 'hidden_channels': 144, 'num_layers': 2, 'num_timesteps': 3, 'dropout': 0.0248698131443466, 'train_learning_rate': 0.005729934655779245, 'train_lr_reduce': 0.6}. Best is trial 632 with value: 0.13978464901447296.
[I 2024-12-15 16:43:12,921] Trial 1601 finished with value: 0.1963920295238495 and parameters: {'mlp_n_layers': 2, 'mlp_dim_00': 64, 'mlp_dim_01': 208, 'hidden_channels': 192, 'num_layers': 1, 'num_timesteps': 3, 'dropout': 0.007786902839670896, 'train_learning_rate': 0.005083725232965685, 'train_lr_reduce': 0.6}. Best is trial 632 with value: 0.13978464901447296.
[I 2024-12-15 16:43:13,714] Trial 1600 finished with value: 0.18465593457221985 and parameters: {'mlp_n_layers': 2, 'mlp_dim_00': 80, 'mlp_dim_01': 48, 'hidden_channels': 64, 'num_layers': 1, 'num_timesteps': 4, 'dropout': 0.19707022266892454, 'train_learning_rate': 0.0017695451359611674, 'train_lr_reduce': 0.6}. Best is trial 632 with value: 0.13978464901447296.
[I 2024-12-15 16:43:21,914] Trial 1603 finished with value: 0.2406517118215561 and parameters: {'mlp_n_layers': 4, 'mlp_dim_00': 144, 'mlp_dim_01': 128, 'mlp_dim_02': 208, 'mlp_dim_03': 48, 'hidden_channels': 240, 'num_layers': 2, 'num_timesteps': 3, 'dropout': 0.10371151207348062, 'train_learning_rate': 0.005112926376889154, 'train_lr_reduce': 0.6}. Best is trial 632 with value: 0.13978464901447296.
