[I 2024-12-26 19:23:52,087] Trial 2229 finished with value: 0.011433029547333717 and parameters: {'L1_hidden_dim': 64, 'L1_layers_atom': 3, 'L1_layers_mol': 2, 'L1_dropout': 0.007126415325989607, 'L1_out_dim': 48, 'L2_hidden_dim': 256, 'L2_layers_atom': 1, 'L2_layers_mol': 4, 'L2_out_dim': 112, 'L2_dropout': 0.09744684577554719, 'L3_hidden_dim': 96, 'L3_layers_atom': 3, 'L3_layers_mol': 1, 'L3_out_dim': 128, 'L3_dropout': 0.034343719743949584, 'n_mlp_layers': 3, 'mlp_dim_0': 464, 'mlp_dim_1': 448, 'mlp_dim_2': 336, 'num_heads': 2, 'final_dropout': 0.06258354132207354, 'train_learning_rate': 0.0006406205188265218, 'train_lr_reduce': 0.6}. Best is trial 2183 with value: 0.009310361929237843.
[I 2024-12-26 19:24:57,019] Trial 2230 finished with value: 0.029163412749767303 and parameters: {'L1_hidden_dim': 80, 'L1_layers_atom': 3, 'L1_layers_mol': 1, 'L1_dropout': 0.16873741734237932, 'L1_out_dim': 64, 'L2_hidden_dim': 112, 'L2_layers_atom': 2, 'L2_layers_mol': 4, 'L2_out_dim': 32, 'L2_dropout': 0.16397052869111006, 'L3_hidden_dim': 80, 'L3_layers_atom': 3, 'L3_layers_mol': 4, 'L3_out_dim': 96, 'L3_dropout': 0.1397330022934154, 'n_mlp_layers': 2, 'mlp_dim_0': 256, 'mlp_dim_1': 504, 'num_heads': 1, 'final_dropout': 0.011609200092751543, 'train_learning_rate': 0.004348913241349512, 'train_lr_reduce': 0.6}. Best is trial 2183 with value: 0.009310361929237843.
[I 2024-12-26 19:25:42,814] Trial 2231 finished with value: 0.023511944338679314 and parameters: {'L1_hidden_dim': 96, 'L1_layers_atom': 1, 'L1_layers_mol': 1, 'L1_dropout': 0.1904030554017791, 'L1_out_dim': 112, 'L2_hidden_dim': 192, 'L2_layers_atom': 1, 'L2_layers_mol': 2, 'L2_out_dim': 128, 'L2_dropout': 0.08789641917569559, 'L3_hidden_dim': 64, 'L3_layers_atom': 4, 'L3_layers_mol': 1, 'L3_out_dim': 96, 'L3_dropout': 0.14027539032781988, 'n_mlp_layers': 3, 'mlp_dim_0': 408, 'mlp_dim_1': 512, 'mlp_dim_2': 400, 'num_heads': 1, 'final_dropout': 0.10461396339651359, 'train_learning_rate': 0.00011795214818570166, 'train_lr_reduce': 0.6}. Best is trial 2183 with value: 0.009310361929237843.
[I 2024-12-26 19:26:18,488] Trial 2232 finished with value: 0.013537737540900707 and parameters: {'L1_hidden_dim': 128, 'L1_layers_atom': 2, 'L1_layers_mol': 2, 'L1_dropout': 0.22888012688550854, 'L1_out_dim': 112, 'L2_hidden_dim': 144, 'L2_layers_atom': 1, 'L2_layers_mol': 2, 'L2_out_dim': 96, 'L2_dropout': 0.059346224270053205, 'L3_hidden_dim': 64, 'L3_layers_atom': 4, 'L3_layers_mol': 2, 'L3_out_dim': 128, 'L3_dropout': 0.1789149844176922, 'n_mlp_layers': 3, 'mlp_dim_0': 496, 'mlp_dim_1': 456, 'mlp_dim_2': 456, 'num_heads': 1, 'final_dropout': 0.22976561537486323, 'train_learning_rate': 0.0004597832064579118, 'train_lr_reduce': 0.6}. Best is trial 2183 with value: 0.009310361929237843.
[I 2024-12-26 19:27:32,813] Trial 2233 finished with value: 0.015733690932393074 and parameters: {'L1_hidden_dim': 64, 'L1_layers_atom': 4, 'L1_layers_mol': 1, 'L1_dropout': 0.04842381365896635, 'L1_out_dim': 64, 'L2_hidden_dim': 208, 'L2_layers_atom': 2, 'L2_layers_mol': 2, 'L2_out_dim': 32, 'L2_dropout': 0.10621502471246141, 'L3_hidden_dim': 80, 'L3_layers_atom': 1, 'L3_layers_mol': 1, 'L3_out_dim': 32, 'L3_dropout': 0.27647299284809124, 'n_mlp_layers': 3, 'mlp_dim_0': 504, 'mlp_dim_1': 456, 'mlp_dim_2': 368, 'num_heads': 2, 'final_dropout': 0.25071976444974364, 'train_learning_rate': 0.001164438208926157, 'train_lr_reduce': 0.6}. Best is trial 2183 with value: 0.009310361929237843.
[I 2024-12-26 19:28:14,964] Trial 2235 finished with value: 0.02282491885125637 and parameters: {'L1_hidden_dim': 240, 'L1_layers_atom': 4, 'L1_layers_mol': 3, 'L1_dropout': 0.12832570800643192, 'L1_out_dim': 64, 'L2_hidden_dim': 144, 'L2_layers_atom': 1, 'L2_layers_mol': 3, 'L2_out_dim': 96, 'L2_dropout': 0.29297692340317727, 'L3_hidden_dim': 48, 'L3_layers_atom': 4, 'L3_layers_mol': 4, 'L3_out_dim': 128, 'L3_dropout': 0.25271580977219643, 'n_mlp_layers': 3, 'mlp_dim_0': 88, 'mlp_dim_1': 480, 'mlp_dim_2': 408, 'num_heads': 1, 'final_dropout': 0.013312945126244785, 'train_learning_rate': 0.001649044765112078, 'train_lr_reduce': 0.6}. Best is trial 2183 with value: 0.009310361929237843.
[I 2024-12-26 19:28:37,430] Trial 2234 finished with value: 0.011014845222234726 and parameters: {'L1_hidden_dim': 64, 'L1_layers_atom': 3, 'L1_layers_mol': 2, 'L1_dropout': 0.02093127112362842, 'L1_out_dim': 32, 'L2_hidden_dim': 256, 'L2_layers_atom': 1, 'L2_layers_mol': 4, 'L2_out_dim': 112, 'L2_dropout': 0.050872594798356, 'L3_hidden_dim': 80, 'L3_layers_atom': 3, 'L3_layers_mol': 2, 'L3_out_dim': 112, 'L3_dropout': 0.006644077939785095, 'n_mlp_layers': 3, 'mlp_dim_0': 496, 'mlp_dim_1': 448, 'mlp_dim_2': 464, 'num_heads': 2, 'final_dropout': 0.11035302674404199, 'train_learning_rate': 0.0003345572304834502, 'train_lr_reduce': 0.6}. Best is trial 2183 with value: 0.009310361929237843.
[I 2024-12-26 19:29:51,529] Trial 2236 finished with value: 0.25255972146987915 and parameters: {'L1_hidden_dim': 240, 'L1_layers_atom': 2, 'L1_layers_mol': 1, 'L1_dropout': 0.2711587667190027, 'L1_out_dim': 64, 'L2_hidden_dim': 80, 'L2_layers_atom': 2, 'L2_layers_mol': 4, 'L2_out_dim': 112, 'L2_dropout': 0.27466443440764254, 'L3_hidden_dim': 64, 'L3_layers_atom': 2, 'L3_layers_mol': 2, 'L3_out_dim': 32, 'L3_dropout': 0.0957111971773407, 'n_mlp_layers': 1, 'mlp_dim_0': 256, 'num_heads': 1, 'final_dropout': 0.2450378420842077, 'train_learning_rate': 0.0003939557626236743, 'train_lr_reduce': 0.6}. Best is trial 2183 with value: 0.009310361929237843.
[I 2024-12-26 19:30:21,857] Trial 2237 finished with value: 0.01949266903102398 and parameters: {'L1_hidden_dim': 128, 'L1_layers_atom': 1, 'L1_layers_mol': 3, 'L1_dropout': 0.1651235653825355, 'L1_out_dim': 96, 'L2_hidden_dim': 176, 'L2_layers_atom': 2, 'L2_layers_mol': 3, 'L2_out_dim': 128, 'L2_dropout': 0.11164646049893501, 'L3_hidden_dim': 80, 'L3_layers_atom': 4, 'L3_layers_mol': 1, 'L3_out_dim': 112, 'L3_dropout': 0.03814566791789446, 'n_mlp_layers': 3, 'mlp_dim_0': 472, 'mlp_dim_1': 512, 'mlp_dim_2': 480, 'num_heads': 1, 'final_dropout': 0.10800430857325416, 'train_learning_rate': 0.00037650456365696865, 'train_lr_reduce': 0.6}. Best is trial 2183 with value: 0.009310361929237843.
[I 2024-12-26 19:31:00,475] Trial 2238 finished with value: 0.018124133348464966 and parameters: {'L1_hidden_dim': 160, 'L1_layers_atom': 1, 'L1_layers_mol': 2, 'L1_dropout': 0.1348908729441623, 'L1_out_dim': 112, 'L2_hidden_dim': 160, 'L2_layers_atom': 1, 'L2_layers_mol': 2, 'L2_out_dim': 128, 'L2_dropout': 0.07327171593098045, 'L3_hidden_dim': 48, 'L3_layers_atom': 3, 'L3_layers_mol': 1, 'L3_out_dim': 112, 'L3_dropout': 0.16677452916336255, 'n_mlp_layers': 2, 'mlp_dim_0': 360, 'mlp_dim_1': 512, 'num_heads': 1, 'final_dropout': 0.10441699600617324, 'train_learning_rate': 0.0005178529170036094, 'train_lr_reduce': 0.6}. Best is trial 2183 with value: 0.009310361929237843.
[I 2024-12-26 19:31:40,708] Trial 2239 finished with value: 0.016042470932006836 and parameters: {'L1_hidden_dim': 160, 'L1_layers_atom': 1, 'L1_layers_mol': 2, 'L1_dropout': 0.17191185375860468, 'L1_out_dim': 112, 'L2_hidden_dim': 208, 'L2_layers_atom': 2, 'L2_layers_mol': 2, 'L2_out_dim': 128, 'L2_dropout': 0.0863743467327366, 'L3_hidden_dim': 80, 'L3_layers_atom': 4, 'L3_layers_mol': 2, 'L3_out_dim': 128, 'L3_dropout': 0.1331226515145506, 'n_mlp_layers': 3, 'mlp_dim_0': 432, 'mlp_dim_1': 440, 'mlp_dim_2': 448, 'num_heads': 1, 'final_dropout': 0.09620176221352197, 'train_learning_rate': 0.0010859268612833039, 'train_lr_reduce': 0.6}. Best is trial 2183 with value: 0.009310361929237843.
[I 2024-12-26 19:32:10,911] Trial 2240 finished with value: 0.01802864670753479 and parameters: {'L1_hidden_dim': 208, 'L1_layers_atom': 1, 'L1_layers_mol': 2, 'L1_dropout': 0.20060825311309452, 'L1_out_dim': 128, 'L2_hidden_dim': 224, 'L2_layers_atom': 2, 'L2_layers_mol': 2, 'L2_out_dim': 96, 'L2_dropout': 0.21864496220785123, 'L3_hidden_dim': 64, 'L3_layers_atom': 1, 'L3_layers_mol': 4, 'L3_out_dim': 80, 'L3_dropout': 0.2087880879826742, 'n_mlp_layers': 3, 'mlp_dim_0': 368, 'mlp_dim_1': 512, 'mlp_dim_2': 336, 'num_heads': 1, 'final_dropout': 0.012766153226158233, 'train_learning_rate': 0.001960638550580033, 'train_lr_reduce': 0.6}. Best is trial 2183 with value: 0.009310361929237843.
[I 2024-12-26 19:34:05,782] Trial 2242 finished with value: 0.018773198127746582 and parameters: {'L1_hidden_dim': 112, 'L1_layers_atom': 2, 'L1_layers_mol': 4, 'L1_dropout': 0.017079824217317074, 'L1_out_dim': 32, 'L2_hidden_dim': 144, 'L2_layers_atom': 1, 'L2_layers_mol': 3, 'L2_out_dim': 112, 'L2_dropout': 0.07137787769316453, 'L3_hidden_dim': 80, 'L3_layers_atom': 4, 'L3_layers_mol': 1, 'L3_out_dim': 128, 'L3_dropout': 0.10837480173105106, 'n_mlp_layers': 3, 'mlp_dim_0': 440, 'mlp_dim_1': 416, 'mlp_dim_2': 408, 'num_heads': 2, 'final_dropout': 0.21082720711052522, 'train_learning_rate': 0.00015707695663707866, 'train_lr_reduce': 0.6}. Best is trial 2183 with value: 0.009310361929237843.
[I 2024-12-26 19:34:17,892] Trial 2241 finished with value: 0.028114959597587585 and parameters: {'L1_hidden_dim': 80, 'L1_layers_atom': 4, 'L1_layers_mol': 3, 'L1_dropout': 0.1661635037319577, 'L1_out_dim': 96, 'L2_hidden_dim': 96, 'L2_layers_atom': 2, 'L2_layers_mol': 2, 'L2_out_dim': 80, 'L2_dropout': 0.23816058290352637, 'L3_hidden_dim': 48, 'L3_layers_atom': 2, 'L3_layers_mol': 2, 'L3_out_dim': 96, 'L3_dropout': 0.0981340917701616, 'n_mlp_layers': 1, 'mlp_dim_0': 376, 'num_heads': 2, 'final_dropout': 0.07640299101804383, 'train_learning_rate': 0.005326833303845267, 'train_lr_reduce': 0.6}. Best is trial 2183 with value: 0.009310361929237843.
[I 2024-12-26 19:34:22,131] Trial 2243 finished with value: 0.016199955716729164 and parameters: {'L1_hidden_dim': 64, 'L1_layers_atom': 4, 'L1_layers_mol': 2, 'L1_dropout': 0.06518624116796926, 'L1_out_dim': 80, 'L2_hidden_dim': 176, 'L2_layers_atom': 1, 'L2_layers_mol': 3, 'L2_out_dim': 48, 'L2_dropout': 0.03298620547762971, 'L3_hidden_dim': 32, 'L3_layers_atom': 1, 'L3_layers_mol': 1, 'L3_out_dim': 32, 'L3_dropout': 0.271611800228889, 'n_mlp_layers': 3, 'mlp_dim_0': 312, 'mlp_dim_1': 464, 'mlp_dim_2': 472, 'num_heads': 1, 'final_dropout': 0.2462829792174984, 'train_learning_rate': 0.0005777073266593319, 'train_lr_reduce': 0.6}. Best is trial 2183 with value: 0.009310361929237843.
[I 2024-12-26 19:36:35,901] Trial 2244 finished with value: 0.011635210365056992 and parameters: {'L1_hidden_dim': 96, 'L1_layers_atom': 1, 'L1_layers_mol': 1, 'L1_dropout': 0.15157172578504854, 'L1_out_dim': 80, 'L2_hidden_dim': 224, 'L2_layers_atom': 1, 'L2_layers_mol': 4, 'L2_out_dim': 96, 'L2_dropout': 0.03353735190534958, 'L3_hidden_dim': 64, 'L3_layers_atom': 4, 'L3_layers_mol': 1, 'L3_out_dim': 96, 'L3_dropout': 0.0782280431125398, 'n_mlp_layers': 3, 'mlp_dim_0': 416, 'mlp_dim_1': 416, 'mlp_dim_2': 384, 'num_heads': 2, 'final_dropout': 0.08351377932858393, 'train_learning_rate': 0.0008410386586872326, 'train_lr_reduce': 0.6}. Best is trial 2183 with value: 0.009310361929237843.
[I 2024-12-26 19:36:50,366] Trial 2245 finished with value: 0.012134023010730743 and parameters: {'L1_hidden_dim': 128, 'L1_layers_atom': 3, 'L1_layers_mol': 4, 'L1_dropout': 0.012625441626689996, 'L1_out_dim': 80, 'L2_hidden_dim': 208, 'L2_layers_atom': 1, 'L2_layers_mol': 4, 'L2_out_dim': 96, 'L2_dropout': 0.0629900369477457, 'L3_hidden_dim': 64, 'L3_layers_atom': 4, 'L3_layers_mol': 1, 'L3_out_dim': 128, 'L3_dropout': 0.06699487491060421, 'n_mlp_layers': 3, 'mlp_dim_0': 104, 'mlp_dim_1': 512, 'mlp_dim_2': 440, 'num_heads': 2, 'final_dropout': 0.16621400476549614, 'train_learning_rate': 0.00061107605936514, 'train_lr_reduce': 0.6}. Best is trial 2183 with value: 0.009310361929237843.
[I 2024-12-26 19:36:52,768] Trial 2246 finished with value: 0.030622517690062523 and parameters: {'L1_hidden_dim': 128, 'L1_layers_atom': 3, 'L1_layers_mol': 4, 'L1_dropout': 0.2974772486516598, 'L1_out_dim': 96, 'L2_hidden_dim': 176, 'L2_layers_atom': 4, 'L2_layers_mol': 4, 'L2_out_dim': 96, 'L2_dropout': 0.28288079656208187, 'L3_hidden_dim': 112, 'L3_layers_atom': 4, 'L3_layers_mol': 2, 'L3_out_dim': 64, 'L3_dropout': 0.2881866045998154, 'n_mlp_layers': 2, 'mlp_dim_0': 432, 'mlp_dim_1': 392, 'num_heads': 2, 'final_dropout': 0.23240709100486978, 'train_learning_rate': 0.0012581220804078598, 'train_lr_reduce': 0.6}. Best is trial 2183 with value: 0.009310361929237843.
[I 2024-12-26 19:39:19,873] Trial 2249 finished with value: 0.011923178099095821 and parameters: {'L1_hidden_dim': 192, 'L1_layers_atom': 4, 'L1_layers_mol': 3, 'L1_dropout': 0.016335053934746935, 'L1_out_dim': 96, 'L2_hidden_dim': 224, 'L2_layers_atom': 1, 'L2_layers_mol': 4, 'L2_out_dim': 128, 'L2_dropout': 0.02724302823683894, 'L3_hidden_dim': 96, 'L3_layers_atom': 4, 'L3_layers_mol': 2, 'L3_out_dim': 128, 'L3_dropout': 0.04476656713633587, 'n_mlp_layers': 3, 'mlp_dim_0': 296, 'mlp_dim_1': 376, 'mlp_dim_2': 368, 'num_heads': 2, 'final_dropout': 0.11814146811278924, 'train_learning_rate': 0.000749446715956946, 'train_lr_reduce': 0.6}. Best is trial 2183 with value: 0.009310361929237843.
[I 2024-12-26 19:39:31,953] Trial 2247 finished with value: 0.010641475208103657 and parameters: {'L1_hidden_dim': 96, 'L1_layers_atom': 1, 'L1_layers_mol': 3, 'L1_dropout': 0.011707062807225124, 'L1_out_dim': 96, 'L2_hidden_dim': 144, 'L2_layers_atom': 2, 'L2_layers_mol': 4, 'L2_out_dim': 128, 'L2_dropout': 0.0066645820355402665, 'L3_hidden_dim': 80, 'L3_layers_atom': 4, 'L3_layers_mol': 2, 'L3_out_dim': 128, 'L3_dropout': 0.08241381330287348, 'n_mlp_layers': 3, 'mlp_dim_0': 424, 'mlp_dim_1': 464, 'mlp_dim_2': 472, 'num_heads': 1, 'final_dropout': 0.09083224238524272, 'train_learning_rate': 0.00028329203160372987, 'train_lr_reduce': 0.6}. Best is trial 2183 with value: 0.009310361929237843.
[I 2024-12-26 19:39:37,123] Trial 2248 finished with value: 0.011654391884803772 and parameters: {'L1_hidden_dim': 160, 'L1_layers_atom': 4, 'L1_layers_mol': 2, 'L1_dropout': 0.04047818351188542, 'L1_out_dim': 80, 'L2_hidden_dim': 144, 'L2_layers_atom': 1, 'L2_layers_mol': 4, 'L2_out_dim': 96, 'L2_dropout': 0.04791989445467861, 'L3_hidden_dim': 80, 'L3_layers_atom': 4, 'L3_layers_mol': 1, 'L3_out_dim': 128, 'L3_dropout': 0.021060204815937136, 'n_mlp_layers': 3, 'mlp_dim_0': 400, 'mlp_dim_1': 320, 'mlp_dim_2': 424, 'num_heads': 2, 'final_dropout': 0.2190455920351801, 'train_learning_rate': 0.0003406550626800258, 'train_lr_reduce': 0.6}. Best is trial 2183 with value: 0.009310361929237843.
[I 2024-12-26 19:41:30,926] Trial 2250 finished with value: 0.02702149748802185 and parameters: {'L1_hidden_dim': 80, 'L1_layers_atom': 2, 'L1_layers_mol': 3, 'L1_dropout': 0.17572778912901485, 'L1_out_dim': 112, 'L2_hidden_dim': 160, 'L2_layers_atom': 1, 'L2_layers_mol': 3, 'L2_out_dim': 112, 'L2_dropout': 0.03877239891161641, 'L3_hidden_dim': 64, 'L3_layers_atom': 4, 'L3_layers_mol': 1, 'L3_out_dim': 96, 'L3_dropout': 0.19130054958743611, 'n_mlp_layers': 2, 'mlp_dim_0': 432, 'mlp_dim_1': 432, 'num_heads': 1, 'final_dropout': 0.05846894091157226, 'train_learning_rate': 0.0001443855440443413, 'train_lr_reduce': 0.6}. Best is trial 2183 with value: 0.009310361929237843.
[I 2024-12-26 19:41:46,494] Trial 2251 finished with value: 0.018163513392210007 and parameters: {'L1_hidden_dim': 128, 'L1_layers_atom': 1, 'L1_layers_mol': 2, 'L1_dropout': 0.14673542631822428, 'L1_out_dim': 128, 'L2_hidden_dim': 112, 'L2_layers_atom': 1, 'L2_layers_mol': 2, 'L2_out_dim': 112, 'L2_dropout': 0.011978004606376089, 'L3_hidden_dim': 96, 'L3_layers_atom': 3, 'L3_layers_mol': 1, 'L3_out_dim': 112, 'L3_dropout': 0.1865087497862102, 'n_mlp_layers': 3, 'mlp_dim_0': 408, 'mlp_dim_1': 320, 'mlp_dim_2': 512, 'num_heads': 1, 'final_dropout': 0.15361957560881134, 'train_learning_rate': 0.00016379619209472672, 'train_lr_reduce': 0.6}. Best is trial 2183 with value: 0.009310361929237843.
[I 2024-12-26 19:42:20,636] Trial 2252 finished with value: 0.010790643282234669 and parameters: {'L1_hidden_dim': 96, 'L1_layers_atom': 1, 'L1_layers_mol': 2, 'L1_dropout': 0.14832077474420782, 'L1_out_dim': 96, 'L2_hidden_dim': 208, 'L2_layers_atom': 2, 'L2_layers_mol': 4, 'L2_out_dim': 112, 'L2_dropout': 0.0071480400933939744, 'L3_hidden_dim': 64, 'L3_layers_atom': 4, 'L3_layers_mol': 1, 'L3_out_dim': 128, 'L3_dropout': 0.1593757841158709, 'n_mlp_layers': 2, 'mlp_dim_0': 400, 'mlp_dim_1': 464, 'num_heads': 2, 'final_dropout': 0.1780319046771836, 'train_learning_rate': 0.00042731936867165327, 'train_lr_reduce': 0.6}. Best is trial 2183 with value: 0.009310361929237843.
[I 2024-12-26 19:44:09,899] Trial 2254 finished with value: 0.01770610176026821 and parameters: {'L1_hidden_dim': 128, 'L1_layers_atom': 1, 'L1_layers_mol': 2, 'L1_dropout': 0.254087635375949, 'L1_out_dim': 128, 'L2_hidden_dim': 208, 'L2_layers_atom': 1, 'L2_layers_mol': 3, 'L2_out_dim': 128, 'L2_dropout': 0.09360855915195594, 'L3_hidden_dim': 64, 'L3_layers_atom': 4, 'L3_layers_mol': 1, 'L3_out_dim': 112, 'L3_dropout': 0.2016783075388695, 'n_mlp_layers': 3, 'mlp_dim_0': 504, 'mlp_dim_1': 288, 'mlp_dim_2': 432, 'num_heads': 1, 'final_dropout': 0.05991759985633169, 'train_learning_rate': 0.00028945852510682996, 'train_lr_reduce': 0.6}. Best is trial 2183 with value: 0.009310361929237843.
[I 2024-12-26 19:44:11,522] Trial 2253 finished with value: 0.013286067172884941 and parameters: {'L1_hidden_dim': 128, 'L1_layers_atom': 1, 'L1_layers_mol': 1, 'L1_dropout': 0.15134623217304785, 'L1_out_dim': 112, 'L2_hidden_dim': 256, 'L2_layers_atom': 3, 'L2_layers_mol': 2, 'L2_out_dim': 48, 'L2_dropout': 0.10508976992551848, 'L3_hidden_dim': 48, 'L3_layers_atom': 1, 'L3_layers_mol': 4, 'L3_out_dim': 128, 'L3_dropout': 0.0012181421860046338, 'n_mlp_layers': 3, 'mlp_dim_0': 376, 'mlp_dim_1': 392, 'mlp_dim_2': 480, 'num_heads': 2, 'final_dropout': 0.09972429431306593, 'train_learning_rate': 0.0007364391973538789, 'train_lr_reduce': 0.6}. Best is trial 2183 with value: 0.009310361929237843.
[I 2024-12-26 19:45:03,584] Trial 2255 finished with value: 0.022625049576163292 and parameters: {'L1_hidden_dim': 96, 'L1_layers_atom': 2, 'L1_layers_mol': 2, 'L1_dropout': 0.08870322364218135, 'L1_out_dim': 32, 'L2_hidden_dim': 80, 'L2_layers_atom': 2, 'L2_layers_mol': 1, 'L2_out_dim': 48, 'L2_dropout': 0.07083038197601911, 'L3_hidden_dim': 96, 'L3_layers_atom': 1, 'L3_layers_mol': 1, 'L3_out_dim': 128, 'L3_dropout': 0.17835383675761884, 'n_mlp_layers': 3, 'mlp_dim_0': 48, 'mlp_dim_1': 512, 'mlp_dim_2': 328, 'num_heads': 1, 'final_dropout': 0.1911342750517841, 'train_learning_rate': 0.00022893940628518797, 'train_lr_reduce': 0.6}. Best is trial 2183 with value: 0.009310361929237843.
[I 2024-12-26 19:46:05,997] Trial 2256 finished with value: 0.010427071712911129 and parameters: {'L1_hidden_dim': 176, 'L1_layers_atom': 1, 'L1_layers_mol': 3, 'L1_dropout': 0.16461010196440434, 'L1_out_dim': 96, 'L2_hidden_dim': 224, 'L2_layers_atom': 1, 'L2_layers_mol': 1, 'L2_out_dim': 112, 'L2_dropout': 0.042174606330410015, 'L3_hidden_dim': 64, 'L3_layers_atom': 4, 'L3_layers_mol': 1, 'L3_out_dim': 96, 'L3_dropout': 0.0994580384795738, 'n_mlp_layers': 3, 'mlp_dim_0': 432, 'mlp_dim_1': 352, 'mlp_dim_2': 384, 'num_heads': 1, 'final_dropout': 0.13285313575893326, 'train_learning_rate': 0.0004800596444204236, 'train_lr_reduce': 0.6}. Best is trial 2183 with value: 0.009310361929237843.
[I 2024-12-26 19:46:46,524] Trial 2257 finished with value: 0.011685939505696297 and parameters: {'L1_hidden_dim': 80, 'L1_layers_atom': 1, 'L1_layers_mol': 2, 'L1_dropout': 0.19746259047877968, 'L1_out_dim': 96, 'L2_hidden_dim': 144, 'L2_layers_atom': 1, 'L2_layers_mol': 2, 'L2_out_dim': 128, 'L2_dropout': 0.028755687490217022, 'L3_hidden_dim': 80, 'L3_layers_atom': 3, 'L3_layers_mol': 1, 'L3_out_dim': 128, 'L3_dropout': 0.11464246057758685, 'n_mlp_layers': 3, 'mlp_dim_0': 456, 'mlp_dim_1': 296, 'mlp_dim_2': 440, 'num_heads': 2, 'final_dropout': 0.020501260382622774, 'train_learning_rate': 0.0006063209111747083, 'train_lr_reduce': 0.6}. Best is trial 2183 with value: 0.009310361929237843.
[I 2024-12-26 19:47:57,948] Trial 2259 finished with value: 0.012795822694897652 and parameters: {'L1_hidden_dim': 128, 'L1_layers_atom': 2, 'L1_layers_mol': 2, 'L1_dropout': 0.09090598300407625, 'L1_out_dim': 96, 'L2_hidden_dim': 144, 'L2_layers_atom': 1, 'L2_layers_mol': 1, 'L2_out_dim': 112, 'L2_dropout': 0.07314197681058585, 'L3_hidden_dim': 64, 'L3_layers_atom': 4, 'L3_layers_mol': 1, 'L3_out_dim': 112, 'L3_dropout': 0.09052420372373772, 'n_mlp_layers': 2, 'mlp_dim_0': 480, 'mlp_dim_1': 400, 'num_heads': 1, 'final_dropout': 0.04776052854148591, 'train_learning_rate': 0.0010083347076228991, 'train_lr_reduce': 0.6}. Best is trial 2183 with value: 0.009310361929237843.
[I 2024-12-26 19:48:21,895] Trial 2258 finished with value: 0.030638009309768677 and parameters: {'L1_hidden_dim': 80, 'L1_layers_atom': 2, 'L1_layers_mol': 2, 'L1_dropout': 0.15139876252312842, 'L1_out_dim': 96, 'L2_hidden_dim': 208, 'L2_layers_atom': 1, 'L2_layers_mol': 2, 'L2_out_dim': 112, 'L2_dropout': 0.016665300093639115, 'L3_hidden_dim': 64, 'L3_layers_atom': 4, 'L3_layers_mol': 1, 'L3_out_dim': 112, 'L3_dropout': 0.1871492703845447, 'n_mlp_layers': 3, 'mlp_dim_0': 488, 'mlp_dim_1': 440, 'mlp_dim_2': 480, 'num_heads': 1, 'final_dropout': 0.0575724447034905, 'train_learning_rate': 0.0024023871364074346, 'train_lr_reduce': 0.6}. Best is trial 2183 with value: 0.009310361929237843.
