[I 2024-12-26 18:07:13,120] Trial 2134 finished with value: 0.011231965385377407 and parameters: {'L1_hidden_dim': 112, 'L1_layers_atom': 2, 'L1_layers_mol': 1, 'L1_dropout': 0.07366847796770612, 'L1_out_dim': 112, 'L2_hidden_dim': 192, 'L2_layers_atom': 2, 'L2_layers_mol': 4, 'L2_out_dim': 64, 'L2_dropout': 0.003928264217334301, 'L3_hidden_dim': 112, 'L3_layers_atom': 4, 'L3_layers_mol': 1, 'L3_out_dim': 80, 'L3_dropout': 0.11806920783766792, 'n_mlp_layers': 3, 'mlp_dim_0': 496, 'mlp_dim_1': 176, 'mlp_dim_2': 112, 'num_heads': 1, 'final_dropout': 0.030885888396831405, 'train_learning_rate': 0.0007272522310096094, 'train_lr_reduce': 0.6}. Best is trial 2072 with value: 0.009343244135379791.
[I 2024-12-26 18:08:38,659] Trial 2137 finished with value: 0.22306200861930847 and parameters: {'L1_hidden_dim': 240, 'L1_layers_atom': 4, 'L1_layers_mol': 2, 'L1_dropout': 0.1663098441332232, 'L1_out_dim': 32, 'L2_hidden_dim': 80, 'L2_layers_atom': 4, 'L2_layers_mol': 4, 'L2_out_dim': 112, 'L2_dropout': 0.2547615977317509, 'L3_hidden_dim': 48, 'L3_layers_atom': 2, 'L3_layers_mol': 3, 'L3_out_dim': 48, 'L3_dropout': 0.10455185863648554, 'n_mlp_layers': 3, 'mlp_dim_0': 288, 'mlp_dim_1': 480, 'mlp_dim_2': 472, 'num_heads': 1, 'final_dropout': 0.2982189097176171, 'train_learning_rate': 0.0002165758624903044, 'train_lr_reduce': 0.6}. Best is trial 2072 with value: 0.009343244135379791.
[I 2024-12-26 18:08:50,392] Trial 2136 finished with value: 0.020469902083277702 and parameters: {'L1_hidden_dim': 128, 'L1_layers_atom': 3, 'L1_layers_mol': 1, 'L1_dropout': 0.012836307517504201, 'L1_out_dim': 48, 'L2_hidden_dim': 160, 'L2_layers_atom': 1, 'L2_layers_mol': 2, 'L2_out_dim': 128, 'L2_dropout': 0.0386850016306394, 'L3_hidden_dim': 96, 'L3_layers_atom': 3, 'L3_layers_mol': 1, 'L3_out_dim': 128, 'L3_dropout': 0.053054160718689757, 'n_mlp_layers': 3, 'mlp_dim_0': 392, 'mlp_dim_1': 112, 'mlp_dim_2': 64, 'num_heads': 2, 'final_dropout': 0.16153414813931793, 'train_learning_rate': 0.0022061176162477764, 'train_lr_reduce': 0.6}. Best is trial 2072 with value: 0.009343244135379791.
[I 2024-12-26 18:09:17,131] Trial 2138 finished with value: 0.013257202692329884 and parameters: {'L1_hidden_dim': 144, 'L1_layers_atom': 2, 'L1_layers_mol': 1, 'L1_dropout': 0.09603056626608486, 'L1_out_dim': 80, 'L2_hidden_dim': 192, 'L2_layers_atom': 1, 'L2_layers_mol': 4, 'L2_out_dim': 112, 'L2_dropout': 0.011641744077805416, 'L3_hidden_dim': 64, 'L3_layers_atom': 4, 'L3_layers_mol': 2, 'L3_out_dim': 128, 'L3_dropout': 0.09510344000793194, 'n_mlp_layers': 3, 'mlp_dim_0': 400, 'mlp_dim_1': 304, 'mlp_dim_2': 32, 'num_heads': 1, 'final_dropout': 0.03639516359488923, 'train_learning_rate': 0.0002659680197385567, 'train_lr_reduce': 0.6}. Best is trial 2072 with value: 0.009343244135379791.
[I 2024-12-26 18:10:38,464] Trial 2139 finished with value: 0.02161252684891224 and parameters: {'L1_hidden_dim': 224, 'L1_layers_atom': 1, 'L1_layers_mol': 3, 'L1_dropout': 0.07522401696328783, 'L1_out_dim': 32, 'L2_hidden_dim': 160, 'L2_layers_atom': 2, 'L2_layers_mol': 3, 'L2_out_dim': 96, 'L2_dropout': 0.278011162258127, 'L3_hidden_dim': 48, 'L3_layers_atom': 3, 'L3_layers_mol': 2, 'L3_out_dim': 64, 'L3_dropout': 0.1661747511580871, 'n_mlp_layers': 1, 'mlp_dim_0': 496, 'num_heads': 1, 'final_dropout': 0.2115904313701294, 'train_learning_rate': 0.0048109206173430645, 'train_lr_reduce': 0.6}. Best is trial 2072 with value: 0.009343244135379791.
[I 2024-12-26 18:10:59,211] Trial 2140 finished with value: 0.013437621295452118 and parameters: {'L1_hidden_dim': 128, 'L1_layers_atom': 3, 'L1_layers_mol': 2, 'L1_dropout': 0.10785526171887722, 'L1_out_dim': 64, 'L2_hidden_dim': 128, 'L2_layers_atom': 1, 'L2_layers_mol': 1, 'L2_out_dim': 128, 'L2_dropout': 0.06580341524959218, 'L3_hidden_dim': 112, 'L3_layers_atom': 4, 'L3_layers_mol': 2, 'L3_out_dim': 128, 'L3_dropout': 0.06807386293234928, 'n_mlp_layers': 2, 'mlp_dim_0': 480, 'mlp_dim_1': 264, 'num_heads': 2, 'final_dropout': 0.19773682472738616, 'train_learning_rate': 0.00032728250459278696, 'train_lr_reduce': 0.6}. Best is trial 2072 with value: 0.009343244135379791.
[I 2024-12-26 18:11:45,460] Trial 2141 finished with value: 0.0437522791326046 and parameters: {'L1_hidden_dim': 192, 'L1_layers_atom': 1, 'L1_layers_mol': 4, 'L1_dropout': 0.056828110533336806, 'L1_out_dim': 112, 'L2_hidden_dim': 64, 'L2_layers_atom': 4, 'L2_layers_mol': 3, 'L2_out_dim': 32, 'L2_dropout': 0.14765068752046479, 'L3_hidden_dim': 128, 'L3_layers_atom': 1, 'L3_layers_mol': 3, 'L3_out_dim': 96, 'L3_dropout': 0.2531865195278535, 'n_mlp_layers': 3, 'mlp_dim_0': 456, 'mlp_dim_1': 200, 'mlp_dim_2': 448, 'num_heads': 1, 'final_dropout': 0.06573168612082449, 'train_learning_rate': 0.0010476437144838757, 'train_lr_reduce': 0.6}. Best is trial 2072 with value: 0.009343244135379791.
[I 2024-12-26 18:12:17,749] Trial 2142 finished with value: 0.2871834635734558 and parameters: {'L1_hidden_dim': 144, 'L1_layers_atom': 3, 'L1_layers_mol': 1, 'L1_dropout': 0.280492265374382, 'L1_out_dim': 112, 'L2_hidden_dim': 192, 'L2_layers_atom': 4, 'L2_layers_mol': 2, 'L2_out_dim': 64, 'L2_dropout': 0.23452957000216118, 'L3_hidden_dim': 96, 'L3_layers_atom': 3, 'L3_layers_mol': 1, 'L3_out_dim': 128, 'L3_dropout': 0.05499250566928826, 'n_mlp_layers': 1, 'mlp_dim_0': 80, 'num_heads': 2, 'final_dropout': 0.0011667659242190487, 'train_learning_rate': 0.00047486040176349586, 'train_lr_reduce': 0.6}. Best is trial 2072 with value: 0.009343244135379791.
[I 2024-12-26 18:13:35,176] Trial 2143 finished with value: 0.014387499541044235 and parameters: {'L1_hidden_dim': 112, 'L1_layers_atom': 3, 'L1_layers_mol': 1, 'L1_dropout': 0.045323000713159936, 'L1_out_dim': 32, 'L2_hidden_dim': 240, 'L2_layers_atom': 2, 'L2_layers_mol': 1, 'L2_out_dim': 112, 'L2_dropout': 0.02776514511232317, 'L3_hidden_dim': 128, 'L3_layers_atom': 2, 'L3_layers_mol': 1, 'L3_out_dim': 128, 'L3_dropout': 0.05671064611980278, 'n_mlp_layers': 2, 'mlp_dim_0': 184, 'mlp_dim_1': 296, 'num_heads': 1, 'final_dropout': 0.20458990618476364, 'train_learning_rate': 0.00018420391500633578, 'train_lr_reduce': 0.6}. Best is trial 2072 with value: 0.009343244135379791.
[I 2024-12-26 18:14:24,144] Trial 2144 finished with value: 0.01039738580584526 and parameters: {'L1_hidden_dim': 64, 'L1_layers_atom': 2, 'L1_layers_mol': 1, 'L1_dropout': 0.007488094609023617, 'L1_out_dim': 80, 'L2_hidden_dim': 192, 'L2_layers_atom': 1, 'L2_layers_mol': 3, 'L2_out_dim': 80, 'L2_dropout': 0.009384960975929613, 'L3_hidden_dim': 48, 'L3_layers_atom': 3, 'L3_layers_mol': 2, 'L3_out_dim': 112, 'L3_dropout': 0.009049713144804225, 'n_mlp_layers': 3, 'mlp_dim_0': 456, 'mlp_dim_1': 464, 'mlp_dim_2': 368, 'num_heads': 2, 'final_dropout': 0.18904590475287458, 'train_learning_rate': 0.0006961936233611736, 'train_lr_reduce': 0.6}. Best is trial 2072 with value: 0.009343244135379791.
[I 2024-12-26 18:14:55,380] Trial 2145 finished with value: 0.010540608316659927 and parameters: {'L1_hidden_dim': 256, 'L1_layers_atom': 3, 'L1_layers_mol': 2, 'L1_dropout': 0.006764667537598524, 'L1_out_dim': 64, 'L2_hidden_dim': 240, 'L2_layers_atom': 1, 'L2_layers_mol': 2, 'L2_out_dim': 80, 'L2_dropout': 0.02755401163231018, 'L3_hidden_dim': 64, 'L3_layers_atom': 2, 'L3_layers_mol': 2, 'L3_out_dim': 64, 'L3_dropout': 0.1486459068722378, 'n_mlp_layers': 2, 'mlp_dim_0': 320, 'mlp_dim_1': 144, 'num_heads': 2, 'final_dropout': 0.11043811979828935, 'train_learning_rate': 0.0005206311552610062, 'train_lr_reduce': 0.6}. Best is trial 2072 with value: 0.009343244135379791.
[I 2024-12-26 18:15:32,410] Trial 2146 finished with value: 0.011613249778747559 and parameters: {'L1_hidden_dim': 208, 'L1_layers_atom': 4, 'L1_layers_mol': 3, 'L1_dropout': 0.01080286607654902, 'L1_out_dim': 32, 'L2_hidden_dim': 256, 'L2_layers_atom': 2, 'L2_layers_mol': 2, 'L2_out_dim': 96, 'L2_dropout': 0.09576996454768649, 'L3_hidden_dim': 112, 'L3_layers_atom': 2, 'L3_layers_mol': 2, 'L3_out_dim': 128, 'L3_dropout': 0.2710542881520238, 'n_mlp_layers': 3, 'mlp_dim_0': 496, 'mlp_dim_1': 240, 'mlp_dim_2': 512, 'num_heads': 1, 'final_dropout': 0.13745066805832137, 'train_learning_rate': 0.0005488271905112214, 'train_lr_reduce': 0.6}. Best is trial 2072 with value: 0.009343244135379791.
[I 2024-12-26 18:17:00,264] Trial 2147 finished with value: 0.011239392682909966 and parameters: {'L1_hidden_dim': 112, 'L1_layers_atom': 2, 'L1_layers_mol': 2, 'L1_dropout': 0.11210903486539586, 'L1_out_dim': 48, 'L2_hidden_dim': 176, 'L2_layers_atom': 2, 'L2_layers_mol': 2, 'L2_out_dim': 128, 'L2_dropout': 0.03066801358884407, 'L3_hidden_dim': 80, 'L3_layers_atom': 4, 'L3_layers_mol': 1, 'L3_out_dim': 128, 'L3_dropout': 0.05317807131653395, 'n_mlp_layers': 2, 'mlp_dim_0': 344, 'mlp_dim_1': 304, 'num_heads': 2, 'final_dropout': 0.08286429582195316, 'train_learning_rate': 0.0003691178328906682, 'train_lr_reduce': 0.6}. Best is trial 2072 with value: 0.009343244135379791.
[I 2024-12-26 18:17:19,212] Trial 2148 finished with value: 0.011898417957127094 and parameters: {'L1_hidden_dim': 224, 'L1_layers_atom': 4, 'L1_layers_mol': 1, 'L1_dropout': 0.00972421461885647, 'L1_out_dim': 80, 'L2_hidden_dim': 208, 'L2_layers_atom': 2, 'L2_layers_mol': 2, 'L2_out_dim': 112, 'L2_dropout': 0.09796837205564171, 'L3_hidden_dim': 64, 'L3_layers_atom': 2, 'L3_layers_mol': 2, 'L3_out_dim': 64, 'L3_dropout': 0.07430751623127077, 'n_mlp_layers': 3, 'mlp_dim_0': 432, 'mlp_dim_1': 512, 'mlp_dim_2': 112, 'num_heads': 1, 'final_dropout': 0.17995580864795138, 'train_learning_rate': 0.0002758445515669341, 'train_lr_reduce': 0.6}. Best is trial 2072 with value: 0.009343244135379791.
[I 2024-12-26 18:18:14,302] Trial 2149 finished with value: 0.011576802469789982 and parameters: {'L1_hidden_dim': 64, 'L1_layers_atom': 3, 'L1_layers_mol': 1, 'L1_dropout': 0.10346879941662616, 'L1_out_dim': 64, 'L2_hidden_dim': 208, 'L2_layers_atom': 1, 'L2_layers_mol': 4, 'L2_out_dim': 128, 'L2_dropout': 0.0017899746883590466, 'L3_hidden_dim': 80, 'L3_layers_atom': 3, 'L3_layers_mol': 1, 'L3_out_dim': 128, 'L3_dropout': 0.056298257286715586, 'n_mlp_layers': 3, 'mlp_dim_0': 480, 'mlp_dim_1': 256, 'mlp_dim_2': 408, 'num_heads': 2, 'final_dropout': 0.03577976026953879, 'train_learning_rate': 0.0004179704806400747, 'train_lr_reduce': 0.6}. Best is trial 2072 with value: 0.009343244135379791.
[I 2024-12-26 18:19:36,209] Trial 2150 finished with value: 0.011145501397550106 and parameters: {'L1_hidden_dim': 128, 'L1_layers_atom': 1, 'L1_layers_mol': 4, 'L1_dropout': 0.09855636426167377, 'L1_out_dim': 32, 'L2_hidden_dim': 240, 'L2_layers_atom': 1, 'L2_layers_mol': 3, 'L2_out_dim': 80, 'L2_dropout': 0.035527641809017935, 'L3_hidden_dim': 48, 'L3_layers_atom': 4, 'L3_layers_mol': 1, 'L3_out_dim': 128, 'L3_dropout': 0.1563948790598344, 'n_mlp_layers': 3, 'mlp_dim_0': 360, 'mlp_dim_1': 192, 'mlp_dim_2': 472, 'num_heads': 2, 'final_dropout': 0.03230708095414446, 'train_learning_rate': 0.0005215735111910371, 'train_lr_reduce': 0.6}. Best is trial 2072 with value: 0.009343244135379791.
[I 2024-12-26 18:19:49,141] Trial 2151 finished with value: 0.01605798862874508 and parameters: {'L1_hidden_dim': 192, 'L1_layers_atom': 3, 'L1_layers_mol': 1, 'L1_dropout': 0.04718556813150936, 'L1_out_dim': 80, 'L2_hidden_dim': 208, 'L2_layers_atom': 1, 'L2_layers_mol': 4, 'L2_out_dim': 128, 'L2_dropout': 0.010636133681391938, 'L3_hidden_dim': 80, 'L3_layers_atom': 4, 'L3_layers_mol': 2, 'L3_out_dim': 128, 'L3_dropout': 0.07177866810969998, 'n_mlp_layers': 3, 'mlp_dim_0': 320, 'mlp_dim_1': 312, 'mlp_dim_2': 440, 'num_heads': 2, 'final_dropout': 0.18645041553005873, 'train_learning_rate': 0.0025987806343471848, 'train_lr_reduce': 0.6}. Best is trial 2072 with value: 0.009343244135379791.
[I 2024-12-26 18:20:28,154] Trial 2152 finished with value: 0.021507827565073967 and parameters: {'L1_hidden_dim': 64, 'L1_layers_atom': 1, 'L1_layers_mol': 4, 'L1_dropout': 0.2575668769919699, 'L1_out_dim': 48, 'L2_hidden_dim': 64, 'L2_layers_atom': 2, 'L2_layers_mol': 3, 'L2_out_dim': 96, 'L2_dropout': 0.19932309021897598, 'L3_hidden_dim': 128, 'L3_layers_atom': 2, 'L3_layers_mol': 3, 'L3_out_dim': 48, 'L3_dropout': 0.050741108463080165, 'n_mlp_layers': 3, 'mlp_dim_0': 216, 'mlp_dim_1': 464, 'mlp_dim_2': 72, 'num_heads': 2, 'final_dropout': 0.18146957073967826, 'train_learning_rate': 0.0011434734707537588, 'train_lr_reduce': 0.6}. Best is trial 2072 with value: 0.009343244135379791.
[I 2024-12-26 18:21:42,697] Trial 2154 finished with value: 0.011951138265430927 and parameters: {'L1_hidden_dim': 64, 'L1_layers_atom': 4, 'L1_layers_mol': 2, 'L1_dropout': 0.021881255276755433, 'L1_out_dim': 64, 'L2_hidden_dim': 224, 'L2_layers_atom': 1, 'L2_layers_mol': 1, 'L2_out_dim': 96, 'L2_dropout': 0.0637420850835804, 'L3_hidden_dim': 80, 'L3_layers_atom': 2, 'L3_layers_mol': 2, 'L3_out_dim': 128, 'L3_dropout': 0.026387625831956613, 'n_mlp_layers': 3, 'mlp_dim_0': 312, 'mlp_dim_1': 224, 'mlp_dim_2': 360, 'num_heads': 2, 'final_dropout': 0.051366636234780626, 'train_learning_rate': 0.0010350738883552018, 'train_lr_reduce': 0.6}. Best is trial 2072 with value: 0.009343244135379791.
[I 2024-12-26 18:21:49,987] Trial 2153 finished with value: 0.012147060595452785 and parameters: {'L1_hidden_dim': 192, 'L1_layers_atom': 3, 'L1_layers_mol': 4, 'L1_dropout': 0.06748377651999521, 'L1_out_dim': 80, 'L2_hidden_dim': 240, 'L2_layers_atom': 1, 'L2_layers_mol': 4, 'L2_out_dim': 80, 'L2_dropout': 0.18707177246481996, 'L3_hidden_dim': 48, 'L3_layers_atom': 1, 'L3_layers_mol': 1, 'L3_out_dim': 80, 'L3_dropout': 0.19851466728301237, 'n_mlp_layers': 3, 'mlp_dim_0': 136, 'mlp_dim_1': 104, 'mlp_dim_2': 480, 'num_heads': 2, 'final_dropout': 0.2710645683507328, 'train_learning_rate': 0.0006246155611741347, 'train_lr_reduce': 0.6}. Best is trial 2072 with value: 0.009343244135379791.
[I 2024-12-26 18:23:11,249] Trial 2155 finished with value: 0.016371039673686028 and parameters: {'L1_hidden_dim': 176, 'L1_layers_atom': 2, 'L1_layers_mol': 2, 'L1_dropout': 0.0948268718605749, 'L1_out_dim': 112, 'L2_hidden_dim': 96, 'L2_layers_atom': 3, 'L2_layers_mol': 2, 'L2_out_dim': 112, 'L2_dropout': 0.11546660070863937, 'L3_hidden_dim': 112, 'L3_layers_atom': 1, 'L3_layers_mol': 1, 'L3_out_dim': 80, 'L3_dropout': 0.18827459541660604, 'n_mlp_layers': 2, 'mlp_dim_0': 80, 'mlp_dim_1': 256, 'num_heads': 1, 'final_dropout': 0.2238453652776969, 'train_learning_rate': 0.001357605099134247, 'train_lr_reduce': 0.6}. Best is trial 2072 with value: 0.009343244135379791.
[I 2024-12-26 18:23:46,037] Trial 2156 finished with value: 0.011213859543204308 and parameters: {'L1_hidden_dim': 144, 'L1_layers_atom': 3, 'L1_layers_mol': 4, 'L1_dropout': 0.038222079510313235, 'L1_out_dim': 96, 'L2_hidden_dim': 192, 'L2_layers_atom': 1, 'L2_layers_mol': 4, 'L2_out_dim': 96, 'L2_dropout': 0.013529822136045293, 'L3_hidden_dim': 32, 'L3_layers_atom': 2, 'L3_layers_mol': 1, 'L3_out_dim': 112, 'L3_dropout': 0.09086201436814195, 'n_mlp_layers': 3, 'mlp_dim_0': 200, 'mlp_dim_1': 288, 'mlp_dim_2': 408, 'num_heads': 2, 'final_dropout': 0.22239619983117734, 'train_learning_rate': 0.0008918865742295533, 'train_lr_reduce': 0.6}. Best is trial 2072 with value: 0.009343244135379791.
[I 2024-12-26 18:24:23,211] Trial 2157 finished with value: 0.011162296868860722 and parameters: {'L1_hidden_dim': 208, 'L1_layers_atom': 2, 'L1_layers_mol': 1, 'L1_dropout': 0.008953157236442024, 'L1_out_dim': 112, 'L2_hidden_dim': 208, 'L2_layers_atom': 1, 'L2_layers_mol': 4, 'L2_out_dim': 48, 'L2_dropout': 0.024392033399579096, 'L3_hidden_dim': 80, 'L3_layers_atom': 4, 'L3_layers_mol': 1, 'L3_out_dim': 80, 'L3_dropout': 0.09486194103500635, 'n_mlp_layers': 3, 'mlp_dim_0': 368, 'mlp_dim_1': 464, 'mlp_dim_2': 32, 'num_heads': 2, 'final_dropout': 0.08687188547410002, 'train_learning_rate': 0.0007630544443142833, 'train_lr_reduce': 0.6}. Best is trial 2072 with value: 0.009343244135379791.
[I 2024-12-26 18:26:18,709] Trial 2159 finished with value: 0.011179575696587563 and parameters: {'L1_hidden_dim': 240, 'L1_layers_atom': 3, 'L1_layers_mol': 2, 'L1_dropout': 0.003838517355754355, 'L1_out_dim': 80, 'L2_hidden_dim': 240, 'L2_layers_atom': 1, 'L2_layers_mol': 2, 'L2_out_dim': 96, 'L2_dropout': 0.035790508494843803, 'L3_hidden_dim': 48, 'L3_layers_atom': 1, 'L3_layers_mol': 2, 'L3_out_dim': 80, 'L3_dropout': 0.03215919265935829, 'n_mlp_layers': 3, 'mlp_dim_0': 432, 'mlp_dim_1': 192, 'mlp_dim_2': 472, 'num_heads': 2, 'final_dropout': 0.08254031867146557, 'train_learning_rate': 0.0001900769260294196, 'train_lr_reduce': 0.6}. Best is trial 2072 with value: 0.009343244135379791.
[I 2024-12-26 18:26:34,286] Trial 2160 finished with value: 0.010465201921761036 and parameters: {'L1_hidden_dim': 96, 'L1_layers_atom': 3, 'L1_layers_mol': 2, 'L1_dropout': 0.03925230649909998, 'L1_out_dim': 32, 'L2_hidden_dim': 224, 'L2_layers_atom': 1, 'L2_layers_mol': 4, 'L2_out_dim': 128, 'L2_dropout': 0.004995746124270657, 'L3_hidden_dim': 112, 'L3_layers_atom': 3, 'L3_layers_mol': 1, 'L3_out_dim': 128, 'L3_dropout': 0.08856091309384831, 'n_mlp_layers': 3, 'mlp_dim_0': 280, 'mlp_dim_1': 272, 'mlp_dim_2': 432, 'num_heads': 2, 'final_dropout': 0.035545265603733125, 'train_learning_rate': 0.0008647816486227274, 'train_lr_reduce': 0.6}. Best is trial 2072 with value: 0.009343244135379791.
[I 2024-12-26 18:27:53,541] Trial 2158 finished with value: 0.03370140492916107 and parameters: {'L1_hidden_dim': 80, 'L1_layers_atom': 4, 'L1_layers_mol': 1, 'L1_dropout': 0.2771522655828721, 'L1_out_dim': 32, 'L2_hidden_dim': 128, 'L2_layers_atom': 1, 'L2_layers_mol': 3, 'L2_out_dim': 96, 'L2_dropout': 0.1069759636970585, 'L3_hidden_dim': 48, 'L3_layers_atom': 3, 'L3_layers_mol': 3, 'L3_out_dim': 80, 'L3_dropout': 0.2177276325127157, 'n_mlp_layers': 3, 'mlp_dim_0': 384, 'mlp_dim_1': 320, 'mlp_dim_2': 144, 'num_heads': 2, 'final_dropout': 0.025570945357694413, 'train_learning_rate': 0.008252708510178645, 'train_lr_reduce': 0.6}. Best is trial 2072 with value: 0.009343244135379791.
[I 2024-12-26 18:28:47,078] Trial 2162 finished with value: 0.03699866309762001 and parameters: {'L1_hidden_dim': 144, 'L1_layers_atom': 4, 'L1_layers_mol': 2, 'L1_dropout': 0.13744081161606123, 'L1_out_dim': 48, 'L2_hidden_dim': 256, 'L2_layers_atom': 1, 'L2_layers_mol': 4, 'L2_out_dim': 32, 'L2_dropout': 0.1962269975014842, 'L3_hidden_dim': 80, 'L3_layers_atom': 4, 'L3_layers_mol': 3, 'L3_out_dim': 80, 'L3_dropout': 0.08918107718028098, 'n_mlp_layers': 1, 'mlp_dim_0': 456, 'num_heads': 1, 'final_dropout': 0.1073578633991733, 'train_learning_rate': 0.0014527546004873527, 'train_lr_reduce': 0.6}. Best is trial 2072 with value: 0.009343244135379791.
[I 2024-12-26 18:28:53,818] Trial 2161 finished with value: 0.011006366461515427 and parameters: {'L1_hidden_dim': 80, 'L1_layers_atom': 4, 'L1_layers_mol': 1, 'L1_dropout': 0.04184272774212627, 'L1_out_dim': 32, 'L2_hidden_dim': 176, 'L2_layers_atom': 2, 'L2_layers_mol': 2, 'L2_out_dim': 128, 'L2_dropout': 0.009002856377486105, 'L3_hidden_dim': 96, 'L3_layers_atom': 2, 'L3_layers_mol': 2, 'L3_out_dim': 112, 'L3_dropout': 0.13231455486543378, 'n_mlp_layers': 2, 'mlp_dim_0': 456, 'mlp_dim_1': 144, 'num_heads': 2, 'final_dropout': 0.06838178711257034, 'train_learning_rate': 0.0004992885432255329, 'train_lr_reduce': 0.6}. Best is trial 2072 with value: 0.009343244135379791.
[I 2024-12-26 18:30:30,968] Trial 2163 finished with value: 0.012998586520552635 and parameters: {'L1_hidden_dim': 160, 'L1_layers_atom': 1, 'L1_layers_mol': 4, 'L1_dropout': 0.049115176956377134, 'L1_out_dim': 64, 'L2_hidden_dim': 176, 'L2_layers_atom': 2, 'L2_layers_mol': 4, 'L2_out_dim': 112, 'L2_dropout': 0.03572735022017843, 'L3_hidden_dim': 32, 'L3_layers_atom': 4, 'L3_layers_mol': 1, 'L3_out_dim': 96, 'L3_dropout': 0.12472467910209557, 'n_mlp_layers': 3, 'mlp_dim_0': 472, 'mlp_dim_1': 464, 'mlp_dim_2': 104, 'num_heads': 2, 'final_dropout': 0.14206382242175555, 'train_learning_rate': 0.00031746294523530584, 'train_lr_reduce': 0.6}. Best is trial 2072 with value: 0.009343244135379791.
[I 2024-12-26 18:31:25,199] Trial 2165 finished with value: 0.010387066751718521 and parameters: {'L1_hidden_dim': 144, 'L1_layers_atom': 4, 'L1_layers_mol': 1, 'L1_dropout': 0.024928053380706125, 'L1_out_dim': 64, 'L2_hidden_dim': 224, 'L2_layers_atom': 1, 'L2_layers_mol': 2, 'L2_out_dim': 96, 'L2_dropout': 0.02145854931761379, 'L3_hidden_dim': 112, 'L3_layers_atom': 3, 'L3_layers_mol': 1, 'L3_out_dim': 128, 'L3_dropout': 0.05660365516030927, 'n_mlp_layers': 3, 'mlp_dim_0': 456, 'mlp_dim_1': 224, 'mlp_dim_2': 400, 'num_heads': 2, 'final_dropout': 0.09495584594246839, 'train_learning_rate': 0.0005719329578800596, 'train_lr_reduce': 0.6}. Best is trial 2072 with value: 0.009343244135379791.
[I 2024-12-26 18:31:48,662] Trial 2164 finished with value: 0.01304121408611536 and parameters: {'L1_hidden_dim': 128, 'L1_layers_atom': 4, 'L1_layers_mol': 2, 'L1_dropout': 0.018644921948962105, 'L1_out_dim': 80, 'L2_hidden_dim': 112, 'L2_layers_atom': 3, 'L2_layers_mol': 3, 'L2_out_dim': 128, 'L2_dropout': 0.006576230869424571, 'L3_hidden_dim': 96, 'L3_layers_atom': 4, 'L3_layers_mol': 1, 'L3_out_dim': 80, 'L3_dropout': 0.061977423749831353, 'n_mlp_layers': 3, 'mlp_dim_0': 360, 'mlp_dim_1': 320, 'mlp_dim_2': 480, 'num_heads': 2, 'final_dropout': 0.17803601636533894, 'train_learning_rate': 0.00041979329061880865, 'train_lr_reduce': 0.6}. Best is trial 2072 with value: 0.009343244135379791.
