[I 2024-12-20 01:42:39,735] Trial 2319 finished with value: 0.36695319414138794 and parameters: {'mlp_n_layers': 3, 'mlp_dim_00': 68, 'mlp_dim_01': 307, 'mlp_dim_02': 366, 'node_hidden_dim': 101, 'edge_hidden_dim': 35, 'depth': 1, 'rep_dropout': 0.003105745224055434, 'train_learning_rate': 0.0015832632857402413, 'train_lr_reduce': 0.6}. Best is trial 558 with value: 0.30280801653862.
[I 2024-12-20 01:42:42,544] Trial 2321 finished with value: 0.7276562452316284 and parameters: {'mlp_n_layers': 4, 'mlp_dim_00': 410, 'mlp_dim_01': 342, 'mlp_dim_02': 511, 'mlp_dim_03': 469, 'node_hidden_dim': 102, 'edge_hidden_dim': 34, 'depth': 1, 'rep_dropout': 0.0005495944365784891, 'train_learning_rate': 0.0024776704517431285, 'train_lr_reduce': 0.6}. Best is trial 558 with value: 0.30280801653862.
[I 2024-12-20 01:42:46,291] Trial 2320 finished with value: 0.4543626606464386 and parameters: {'mlp_n_layers': 4, 'mlp_dim_00': 126, 'mlp_dim_01': 275, 'mlp_dim_02': 419, 'mlp_dim_03': 287, 'node_hidden_dim': 115, 'edge_hidden_dim': 48, 'depth': 1, 'rep_dropout': 0.0037505444710772447, 'train_learning_rate': 0.0012798833991360496, 'train_lr_reduce': 0.6}. Best is trial 558 with value: 0.30280801653862.
[I 2024-12-20 01:42:48,437] Trial 2323 finished with value: 1.4790617227554321 and parameters: {'mlp_n_layers': 3, 'mlp_dim_00': 430, 'mlp_dim_01': 353, 'mlp_dim_02': 474, 'node_hidden_dim': 96, 'edge_hidden_dim': 50, 'depth': 2, 'rep_dropout': 0.024252434800205454, 'train_learning_rate': 0.0029580700122540577, 'train_lr_reduce': 0.6}. Best is trial 558 with value: 0.30280801653862.
[I 2024-12-20 01:43:00,851] Trial 2322 finished with value: 0.4068874716758728 and parameters: {'mlp_n_layers': 4, 'mlp_dim_00': 197, 'mlp_dim_01': 399, 'mlp_dim_02': 312, 'mlp_dim_03': 140, 'node_hidden_dim': 103, 'edge_hidden_dim': 32, 'depth': 1, 'rep_dropout': 0.012600450622355663, 'train_learning_rate': 0.003147168139296685, 'train_lr_reduce': 0.6}. Best is trial 558 with value: 0.30280801653862.
[I 2024-12-20 01:43:08,827] Trial 2325 finished with value: 0.42650312185287476 and parameters: {'mlp_n_layers': 4, 'mlp_dim_00': 68, 'mlp_dim_01': 179, 'mlp_dim_02': 352, 'mlp_dim_03': 64, 'node_hidden_dim': 71, 'edge_hidden_dim': 37, 'depth': 1, 'rep_dropout': 0.015241588126190607, 'train_learning_rate': 0.005716500312680655, 'train_lr_reduce': 0.6}. Best is trial 558 with value: 0.30280801653862.
[I 2024-12-20 01:43:09,751] Trial 2324 finished with value: 0.3387068808078766 and parameters: {'mlp_n_layers': 4, 'mlp_dim_00': 399, 'mlp_dim_01': 327, 'mlp_dim_02': 401, 'mlp_dim_03': 419, 'node_hidden_dim': 117, 'edge_hidden_dim': 37, 'depth': 1, 'rep_dropout': 0.0011144954516691566, 'train_learning_rate': 0.0013159612104949223, 'train_lr_reduce': 0.6}. Best is trial 558 with value: 0.30280801653862.
[I 2024-12-20 01:43:12,977] Trial 2327 finished with value: 1.4456288814544678 and parameters: {'mlp_n_layers': 1, 'mlp_dim_00': 239, 'node_hidden_dim': 51, 'edge_hidden_dim': 77, 'depth': 3, 'rep_dropout': 0.08034689846846425, 'train_learning_rate': 0.0012958856037249777, 'train_lr_reduce': 0.6}. Best is trial 558 with value: 0.30280801653862.
[I 2024-12-20 01:43:13,668] Trial 2328 finished with value: 1.3943506479263306 and parameters: {'mlp_n_layers': 1, 'mlp_dim_00': 261, 'node_hidden_dim': 72, 'edge_hidden_dim': 108, 'depth': 2, 'rep_dropout': 0.09150513222753717, 'train_learning_rate': 0.0008752796608562444, 'train_lr_reduce': 0.6}. Best is trial 558 with value: 0.30280801653862.
[I 2024-12-20 01:43:17,188] Trial 2329 finished with value: 1.4839727878570557 and parameters: {'mlp_n_layers': 4, 'mlp_dim_00': 425, 'mlp_dim_01': 431, 'mlp_dim_02': 454, 'mlp_dim_03': 329, 'node_hidden_dim': 94, 'edge_hidden_dim': 46, 'depth': 1, 'rep_dropout': 0.027834265750735686, 'train_learning_rate': 0.0018228609233314219, 'train_lr_reduce': 0.6}. Best is trial 558 with value: 0.30280801653862.
[I 2024-12-20 01:43:18,915] Trial 2330 finished with value: 1.391359806060791 and parameters: {'mlp_n_layers': 4, 'mlp_dim_00': 203, 'mlp_dim_01': 373, 'mlp_dim_02': 380, 'mlp_dim_03': 249, 'node_hidden_dim': 103, 'edge_hidden_dim': 44, 'depth': 2, 'rep_dropout': 0.004496006866544489, 'train_learning_rate': 0.00455449997442348, 'train_lr_reduce': 0.6}. Best is trial 558 with value: 0.30280801653862.
[I 2024-12-20 01:43:20,730] Trial 2326 finished with value: 0.36180463433265686 and parameters: {'mlp_n_layers': 4, 'mlp_dim_00': 404, 'mlp_dim_01': 273, 'mlp_dim_02': 425, 'mlp_dim_03': 101, 'node_hidden_dim': 118, 'edge_hidden_dim': 49, 'depth': 1, 'rep_dropout': 0.03567951057085914, 'train_learning_rate': 0.0019904670828911845, 'train_lr_reduce': 0.6}. Best is trial 558 with value: 0.30280801653862.
[I 2024-12-20 01:43:21,267] Trial 2331 finished with value: 1.344657063484192 and parameters: {'mlp_n_layers': 3, 'mlp_dim_00': 414, 'mlp_dim_01': 308, 'mlp_dim_02': 342, 'node_hidden_dim': 128, 'edge_hidden_dim': 52, 'depth': 1, 'rep_dropout': 0.014105536374710735, 'train_learning_rate': 0.009144926781593841, 'train_lr_reduce': 0.6}. Best is trial 558 with value: 0.30280801653862.
[I 2024-12-20 01:43:26,359] Trial 2334 finished with value: 1.4539690017700195 and parameters: {'mlp_n_layers': 4, 'mlp_dim_00': 134, 'mlp_dim_01': 309, 'mlp_dim_02': 423, 'mlp_dim_03': 472, 'node_hidden_dim': 87, 'edge_hidden_dim': 36, 'depth': 1, 'rep_dropout': 0.031904321146398, 'train_learning_rate': 0.0017824180478417102, 'train_lr_reduce': 0.6}. Best is trial 558 with value: 0.30280801653862.
[I 2024-12-20 01:43:26,361] Trial 2333 finished with value: 1.5696821212768555 and parameters: {'mlp_n_layers': 4, 'mlp_dim_00': 368, 'mlp_dim_01': 398, 'mlp_dim_02': 511, 'mlp_dim_03': 360, 'node_hidden_dim': 109, 'edge_hidden_dim': 48, 'depth': 2, 'rep_dropout': 0.01918860031434669, 'train_learning_rate': 0.000830141179139852, 'train_lr_reduce': 0.6}. Best is trial 558 with value: 0.30280801653862.
[I 2024-12-20 01:43:30,693] Trial 2336 finished with value: 1.470106840133667 and parameters: {'mlp_n_layers': 3, 'mlp_dim_00': 371, 'mlp_dim_01': 262, 'mlp_dim_02': 452, 'node_hidden_dim': 113, 'edge_hidden_dim': 32, 'depth': 1, 'rep_dropout': 0.010703499553901966, 'train_learning_rate': 0.0011915960891964697, 'train_lr_reduce': 0.6}. Best is trial 558 with value: 0.30280801653862.
[I 2024-12-20 01:43:32,042] Trial 2335 finished with value: 1.5617746114730835 and parameters: {'mlp_n_layers': 3, 'mlp_dim_00': 459, 'mlp_dim_01': 125, 'mlp_dim_02': 390, 'node_hidden_dim': 57, 'edge_hidden_dim': 124, 'depth': 3, 'rep_dropout': 0.051537657764023914, 'train_learning_rate': 0.00020449625602283117, 'train_lr_reduce': 0.6}. Best is trial 558 with value: 0.30280801653862.
[I 2024-12-20 01:43:36,425] Trial 2338 finished with value: 1.541086196899414 and parameters: {'mlp_n_layers': 4, 'mlp_dim_00': 124, 'mlp_dim_01': 374, 'mlp_dim_02': 393, 'mlp_dim_03': 427, 'node_hidden_dim': 100, 'edge_hidden_dim': 55, 'depth': 1, 'rep_dropout': 0.018512281639141835, 'train_learning_rate': 0.0009385016819959463, 'train_lr_reduce': 0.6}. Best is trial 558 with value: 0.30280801653862.
[I 2024-12-20 01:43:37,735] Trial 2332 finished with value: 0.3898528814315796 and parameters: {'mlp_n_layers': 4, 'mlp_dim_00': 429, 'mlp_dim_01': 349, 'mlp_dim_02': 296, 'mlp_dim_03': 387, 'node_hidden_dim': 127, 'edge_hidden_dim': 46, 'depth': 1, 'rep_dropout': 0.03555551066769724, 'train_learning_rate': 0.0022245918731527595, 'train_lr_reduce': 0.6}. Best is trial 558 with value: 0.30280801653862.
[I 2024-12-20 01:43:48,302] Trial 2337 finished with value: 0.3385351300239563 and parameters: {'mlp_n_layers': 4, 'mlp_dim_00': 486, 'mlp_dim_01': 343, 'mlp_dim_02': 353, 'mlp_dim_03': 306, 'node_hidden_dim': 120, 'edge_hidden_dim': 83, 'depth': 1, 'rep_dropout': 0.00039692358780026894, 'train_learning_rate': 0.0027283753905423657, 'train_lr_reduce': 0.6}. Best is trial 558 with value: 0.30280801653862.
[I 2024-12-20 01:43:55,959] Trial 2339 finished with value: 0.40068578720092773 and parameters: {'mlp_n_layers': 4, 'mlp_dim_00': 397, 'mlp_dim_01': 300, 'mlp_dim_02': 445, 'mlp_dim_03': 100, 'node_hidden_dim': 110, 'edge_hidden_dim': 47, 'depth': 1, 'rep_dropout': 0.021293005495539544, 'train_learning_rate': 0.0006343395155172554, 'train_lr_reduce': 0.6}. Best is trial 558 with value: 0.30280801653862.
[I 2024-12-20 01:44:03,935] Trial 2340 finished with value: 0.4183718264102936 and parameters: {'mlp_n_layers': 4, 'mlp_dim_00': 390, 'mlp_dim_01': 405, 'mlp_dim_02': 312, 'mlp_dim_03': 377, 'node_hidden_dim': 86, 'edge_hidden_dim': 59, 'depth': 1, 'rep_dropout': 0.0476777485971128, 'train_learning_rate': 0.0007913556267820125, 'train_lr_reduce': 0.6}. Best is trial 558 with value: 0.30280801653862.
[I 2024-12-20 01:44:04,212] Trial 2341 finished with value: 0.3957383930683136 and parameters: {'mlp_n_layers': 4, 'mlp_dim_00': 201, 'mlp_dim_01': 345, 'mlp_dim_02': 416, 'mlp_dim_03': 166, 'node_hidden_dim': 110, 'edge_hidden_dim': 32, 'depth': 1, 'rep_dropout': 0.0376983081238042, 'train_learning_rate': 0.0017811213853721388, 'train_lr_reduce': 0.6}. Best is trial 558 with value: 0.30280801653862.
[I 2024-12-20 01:44:16,073] Trial 2343 finished with value: 0.4391302168369293 and parameters: {'mlp_n_layers': 4, 'mlp_dim_00': 181, 'mlp_dim_01': 373, 'mlp_dim_02': 361, 'mlp_dim_03': 337, 'node_hidden_dim': 116, 'edge_hidden_dim': 32, 'depth': 1, 'rep_dropout': 0.026162333644953545, 'train_learning_rate': 0.0020533784390214514, 'train_lr_reduce': 0.6}. Best is trial 558 with value: 0.30280801653862.
[I 2024-12-20 01:44:21,841] Trial 2342 finished with value: 0.36525997519493103 and parameters: {'mlp_n_layers': 4, 'mlp_dim_00': 420, 'mlp_dim_01': 318, 'mlp_dim_02': 477, 'mlp_dim_03': 478, 'node_hidden_dim': 125, 'edge_hidden_dim': 49, 'depth': 1, 'rep_dropout': 0.028083054500852106, 'train_learning_rate': 0.0024978985900002302, 'train_lr_reduce': 0.6}. Best is trial 558 with value: 0.30280801653862.
[I 2024-12-20 01:44:24,446] Trial 2344 finished with value: 0.4253365099430084 and parameters: {'mlp_n_layers': 3, 'mlp_dim_00': 133, 'mlp_dim_01': 273, 'mlp_dim_02': 391, 'node_hidden_dim': 108, 'edge_hidden_dim': 49, 'depth': 1, 'rep_dropout': 0.05360229653019567, 'train_learning_rate': 0.000828966839593258, 'train_lr_reduce': 0.6}. Best is trial 558 with value: 0.30280801653862.
[I 2024-12-20 01:44:26,194] Trial 2346 finished with value: 1.477928638458252 and parameters: {'mlp_n_layers': 3, 'mlp_dim_00': 289, 'mlp_dim_01': 432, 'mlp_dim_02': 346, 'node_hidden_dim': 125, 'edge_hidden_dim': 72, 'depth': 3, 'rep_dropout': 0.08500127962262402, 'train_learning_rate': 0.0019533328502708658, 'train_lr_reduce': 0.6}. Best is trial 558 with value: 0.30280801653862.
[I 2024-12-20 01:44:39,137] Trial 2345 finished with value: 0.3320673704147339 and parameters: {'mlp_n_layers': 4, 'mlp_dim_00': 80, 'mlp_dim_01': 328, 'mlp_dim_02': 431, 'mlp_dim_03': 437, 'node_hidden_dim': 112, 'edge_hidden_dim': 48, 'depth': 1, 'rep_dropout': 0.038003466837452024, 'train_learning_rate': 0.0015271895942727824, 'train_lr_reduce': 0.6}. Best is trial 558 with value: 0.30280801653862.
[I 2024-12-20 01:44:41,724] Trial 2347 finished with value: 0.4512019157409668 and parameters: {'mlp_n_layers': 4, 'mlp_dim_00': 142, 'mlp_dim_01': 181, 'mlp_dim_02': 462, 'mlp_dim_03': 223, 'node_hidden_dim': 98, 'edge_hidden_dim': 47, 'depth': 1, 'rep_dropout': 0.039278237860462, 'train_learning_rate': 0.0008694750309580804, 'train_lr_reduce': 0.6}. Best is trial 558 with value: 0.30280801653862.
[I 2024-12-20 01:44:43,080] Trial 2348 finished with value: 0.35902801156044006 and parameters: {'mlp_n_layers': 4, 'mlp_dim_00': 94, 'mlp_dim_01': 367, 'mlp_dim_02': 394, 'mlp_dim_03': 104, 'node_hidden_dim': 81, 'edge_hidden_dim': 34, 'depth': 1, 'rep_dropout': 0.014240747205135434, 'train_learning_rate': 0.001486747368748794, 'train_lr_reduce': 0.6}. Best is trial 558 with value: 0.30280801653862.
[I 2024-12-20 01:44:45,359] Trial 2350 finished with value: 1.4351526498794556 and parameters: {'mlp_n_layers': 3, 'mlp_dim_00': 512, 'mlp_dim_01': 333, 'mlp_dim_02': 481, 'node_hidden_dim': 115, 'edge_hidden_dim': 32, 'depth': 1, 'rep_dropout': 0.0051086116564534444, 'train_learning_rate': 0.001597880616645167, 'train_lr_reduce': 0.6}. Best is trial 558 with value: 0.30280801653862.
[I 2024-12-20 01:44:49,975] Trial 2352 finished with value: 1.5647178888320923 and parameters: {'mlp_n_layers': 4, 'mlp_dim_00': 68, 'mlp_dim_01': 360, 'mlp_dim_02': 366, 'mlp_dim_03': 397, 'node_hidden_dim': 97, 'edge_hidden_dim': 32, 'depth': 2, 'rep_dropout': 0.03598907806010326, 'train_learning_rate': 0.000654549764822042, 'train_lr_reduce': 0.6}. Best is trial 558 with value: 0.30280801653862.
[I 2024-12-20 01:44:55,493] Trial 2353 finished with value: 1.5651309490203857 and parameters: {'mlp_n_layers': 4, 'mlp_dim_00': 109, 'mlp_dim_01': 88, 'mlp_dim_02': 331, 'mlp_dim_03': 347, 'node_hidden_dim': 72, 'edge_hidden_dim': 32, 'depth': 2, 'rep_dropout': 0.013905169481752135, 'train_learning_rate': 0.0015002343889176702, 'train_lr_reduce': 0.6}. Best is trial 558 with value: 0.30280801653862.
[I 2024-12-20 01:45:00,369] Trial 2354 finished with value: 1.5449838638305664 and parameters: {'mlp_n_layers': 3, 'mlp_dim_00': 127, 'mlp_dim_01': 263, 'mlp_dim_02': 399, 'node_hidden_dim': 94, 'edge_hidden_dim': 33, 'depth': 2, 'rep_dropout': 0.010253120297580319, 'train_learning_rate': 0.0005901395271765668, 'train_lr_reduce': 0.6}. Best is trial 558 with value: 0.30280801653862.
[I 2024-12-20 01:45:04,434] Trial 2351 finished with value: 0.36403799057006836 and parameters: {'mlp_n_layers': 4, 'mlp_dim_00': 125, 'mlp_dim_01': 402, 'mlp_dim_02': 425, 'mlp_dim_03': 273, 'node_hidden_dim': 120, 'edge_hidden_dim': 45, 'depth': 1, 'rep_dropout': 0.046163079850000746, 'train_learning_rate': 0.000825777809552333, 'train_lr_reduce': 0.6}. Best is trial 558 with value: 0.30280801653862.
[I 2024-12-20 01:45:10,085] Trial 2356 finished with value: 1.2952535152435303 and parameters: {'mlp_n_layers': 4, 'mlp_dim_00': 445, 'mlp_dim_01': 395, 'mlp_dim_02': 379, 'mlp_dim_03': 307, 'node_hidden_dim': 123, 'edge_hidden_dim': 121, 'depth': 3, 'rep_dropout': 0.059438970443781006, 'train_learning_rate': 0.005405438701729631, 'train_lr_reduce': 0.6}. Best is trial 558 with value: 0.30280801653862.
[I 2024-12-20 01:45:14,654] Trial 2357 finished with value: 1.483717679977417 and parameters: {'mlp_n_layers': 3, 'mlp_dim_00': 172, 'mlp_dim_01': 334, 'mlp_dim_02': 476, 'node_hidden_dim': 94, 'edge_hidden_dim': 32, 'depth': 1, 'rep_dropout': 0.01263279568746906, 'train_learning_rate': 0.0014855105816858566, 'train_lr_reduce': 0.6}. Best is trial 558 with value: 0.30280801653862.
[I 2024-12-20 01:45:17,979] Trial 2355 finished with value: 0.4098740220069885 and parameters: {'mlp_n_layers': 4, 'mlp_dim_00': 141, 'mlp_dim_01': 308, 'mlp_dim_02': 444, 'mlp_dim_03': 150, 'node_hidden_dim': 126, 'edge_hidden_dim': 38, 'depth': 1, 'rep_dropout': 0.01018439254297334, 'train_learning_rate': 0.0023873498138936356, 'train_lr_reduce': 0.6}. Best is trial 558 with value: 0.30280801653862.
[I 2024-12-20 01:45:20,838] Trial 2349 finished with value: 1.365199089050293 and parameters: {'mlp_n_layers': 3, 'mlp_dim_00': 281, 'mlp_dim_01': 296, 'mlp_dim_02': 303, 'node_hidden_dim': 122, 'edge_hidden_dim': 37, 'depth': 1, 'rep_dropout': 0.06681546725314685, 'train_learning_rate': 0.00036040129468413294, 'train_lr_reduce': 0.6}. Best is trial 558 with value: 0.30280801653862.
[I 2024-12-20 01:45:22,745] Trial 2359 finished with value: 1.5613394975662231 and parameters: {'mlp_n_layers': 4, 'mlp_dim_00': 454, 'mlp_dim_01': 139, 'mlp_dim_02': 297, 'mlp_dim_03': 66, 'node_hidden_dim': 94, 'edge_hidden_dim': 32, 'depth': 1, 'rep_dropout': 0.03517028902278094, 'train_learning_rate': 0.0009456568612754889, 'train_lr_reduce': 0.6}. Best is trial 558 with value: 0.30280801653862.
[I 2024-12-20 01:45:27,465] Trial 2361 finished with value: 1.5667022466659546 and parameters: {'mlp_n_layers': 4, 'mlp_dim_00': 139, 'mlp_dim_01': 339, 'mlp_dim_02': 375, 'mlp_dim_03': 477, 'node_hidden_dim': 110, 'edge_hidden_dim': 35, 'depth': 2, 'rep_dropout': 0.02931254002712434, 'train_learning_rate': 0.0003500716429504386, 'train_lr_reduce': 0.6}. Best is trial 558 with value: 0.30280801653862.
[I 2024-12-20 01:45:37,633] Trial 2360 finished with value: 0.3613933026790619 and parameters: {'mlp_n_layers': 4, 'mlp_dim_00': 348, 'mlp_dim_01': 292, 'mlp_dim_02': 341, 'mlp_dim_03': 388, 'node_hidden_dim': 116, 'edge_hidden_dim': 33, 'depth': 2, 'rep_dropout': 0.028730573455462968, 'train_learning_rate': 0.002141593963602475, 'train_lr_reduce': 0.6}. Best is trial 558 with value: 0.30280801653862.
[I 2024-12-20 01:45:46,570] Trial 2358 finished with value: 0.3750610947608948 and parameters: {'mlp_n_layers': 4, 'mlp_dim_00': 172, 'mlp_dim_01': 364, 'mlp_dim_02': 422, 'mlp_dim_03': 437, 'node_hidden_dim': 110, 'edge_hidden_dim': 44, 'depth': 1, 'rep_dropout': 0.0218493313683577, 'train_learning_rate': 0.0006325600721572151, 'train_lr_reduce': 0.6}. Best is trial 558 with value: 0.30280801653862.
[I 2024-12-20 01:45:50,908] Trial 2364 finished with value: 1.4898709058761597 and parameters: {'mlp_n_layers': 4, 'mlp_dim_00': 67, 'mlp_dim_01': 386, 'mlp_dim_02': 339, 'mlp_dim_03': 132, 'node_hidden_dim': 99, 'edge_hidden_dim': 40, 'depth': 1, 'rep_dropout': 0.07209625519811265, 'train_learning_rate': 0.0017815297009248436, 'train_lr_reduce': 0.6}. Best is trial 558 with value: 0.30280801653862.
[I 2024-12-20 01:46:01,117] Trial 2363 finished with value: 0.3996027112007141 and parameters: {'mlp_n_layers': 3, 'mlp_dim_00': 476, 'mlp_dim_01': 261, 'mlp_dim_02': 465, 'node_hidden_dim': 89, 'edge_hidden_dim': 44, 'depth': 1, 'rep_dropout': 0.027605517056227727, 'train_learning_rate': 0.00228116506862898, 'train_lr_reduce': 0.6}. Best is trial 558 with value: 0.30280801653862.
[I 2024-12-20 01:46:01,434] Trial 2362 finished with value: 0.4259013235569 and parameters: {'mlp_n_layers': 4, 'mlp_dim_00': 69, 'mlp_dim_01': 433, 'mlp_dim_02': 420, 'mlp_dim_03': 510, 'node_hidden_dim': 108, 'edge_hidden_dim': 32, 'depth': 1, 'rep_dropout': 0.016330202147329775, 'train_learning_rate': 0.0034037717425808365, 'train_lr_reduce': 0.6}. Best is trial 558 with value: 0.30280801653862.
[I 2024-12-20 01:46:04,587] Trial 2365 finished with value: 0.3650432825088501 and parameters: {'mlp_n_layers': 3, 'mlp_dim_00': 153, 'mlp_dim_01': 315, 'mlp_dim_02': 399, 'node_hidden_dim': 101, 'edge_hidden_dim': 49, 'depth': 1, 'rep_dropout': 0.03888650444311201, 'train_learning_rate': 0.0013019946690155078, 'train_lr_reduce': 0.6}. Best is trial 558 with value: 0.30280801653862.
[I 2024-12-20 01:46:04,888] Trial 2366 finished with value: 1.4549943208694458 and parameters: {'mlp_n_layers': 4, 'mlp_dim_00': 261, 'mlp_dim_01': 353, 'mlp_dim_02': 438, 'mlp_dim_03': 348, 'node_hidden_dim': 96, 'edge_hidden_dim': 38, 'depth': 2, 'rep_dropout': 0.008834353058789168, 'train_learning_rate': 0.002290535999230686, 'train_lr_reduce': 0.6}. Best is trial 558 with value: 0.30280801653862.
[I 2024-12-20 01:46:04,891] Trial 2367 finished with value: 1.375400424003601 and parameters: {'mlp_n_layers': 3, 'mlp_dim_00': 393, 'mlp_dim_01': 293, 'mlp_dim_02': 370, 'node_hidden_dim': 119, 'edge_hidden_dim': 33, 'depth': 1, 'rep_dropout': 0.0394342882774929, 'train_learning_rate': 0.0021882931827193644, 'train_lr_reduce': 0.6}. Best is trial 558 with value: 0.30280801653862.
[I 2024-12-20 01:46:08,770] Trial 2368 finished with value: 1.5280827283859253 and parameters: {'mlp_n_layers': 3, 'mlp_dim_00': 394, 'mlp_dim_01': 389, 'mlp_dim_02': 475, 'node_hidden_dim': 90, 'edge_hidden_dim': 51, 'depth': 2, 'rep_dropout': 0.0006109871155255422, 'train_learning_rate': 0.0021815312461766915, 'train_lr_reduce': 0.6}. Best is trial 558 with value: 0.30280801653862.
[I 2024-12-20 01:46:09,271] Trial 2369 finished with value: 1.4735299348831177 and parameters: {'mlp_n_layers': 4, 'mlp_dim_00': 365, 'mlp_dim_01': 334, 'mlp_dim_02': 300, 'mlp_dim_03': 411, 'node_hidden_dim': 118, 'edge_hidden_dim': 53, 'depth': 2, 'rep_dropout': 2.937842349223785e-05, 'train_learning_rate': 0.0017360964844321646, 'train_lr_reduce': 0.6}. Best is trial 558 with value: 0.30280801653862.
[I 2024-12-20 01:46:14,447] Trial 2372 finished with value: 1.5051618814468384 and parameters: {'mlp_n_layers': 4, 'mlp_dim_00': 510, 'mlp_dim_01': 179, 'mlp_dim_02': 434, 'mlp_dim_03': 101, 'node_hidden_dim': 107, 'edge_hidden_dim': 64, 'depth': 1, 'rep_dropout': 0.0363218196027164, 'train_learning_rate': 0.002808721005198396, 'train_lr_reduce': 0.6}. Best is trial 558 with value: 0.30280801653862.
[I 2024-12-20 01:46:20,349] Trial 2373 finished with value: 1.556540846824646 and parameters: {'mlp_n_layers': 2, 'mlp_dim_00': 352, 'mlp_dim_01': 375, 'node_hidden_dim': 120, 'edge_hidden_dim': 103, 'depth': 4, 'rep_dropout': 0.0008847321267434205, 'train_learning_rate': 0.00019686247733617884, 'train_lr_reduce': 0.6}. Best is trial 558 with value: 0.30280801653862.
[I 2024-12-20 01:46:20,776] Trial 2370 finished with value: 0.3561030328273773 and parameters: {'mlp_n_layers': 4, 'mlp_dim_00': 113, 'mlp_dim_01': 438, 'mlp_dim_02': 407, 'mlp_dim_03': 410, 'node_hidden_dim': 115, 'edge_hidden_dim': 46, 'depth': 1, 'rep_dropout': 0.020805992980368098, 'train_learning_rate': 0.0006869197755673251, 'train_lr_reduce': 0.6}. Best is trial 558 with value: 0.30280801653862.
[I 2024-12-20 01:46:24,948] Trial 2374 finished with value: 1.439342737197876 and parameters: {'mlp_n_layers': 4, 'mlp_dim_00': 66, 'mlp_dim_01': 65, 'mlp_dim_02': 370, 'mlp_dim_03': 308, 'node_hidden_dim': 93, 'edge_hidden_dim': 47, 'depth': 2, 'rep_dropout': 0.0007967999624661701, 'train_learning_rate': 0.0023814025832396253, 'train_lr_reduce': 0.6}. Best is trial 558 with value: 0.30280801653862.
