[I 2024-12-19 07:45:11,362] Trial 334 finished with value: 1.3757182359695435 and parameters: {'mlp_n_layers': 2, 'mlp_dim_00': 163, 'mlp_dim_01': 461, 'node_hidden_dim': 128, 'edge_hidden_dim': 44, 'depth': 4, 'rep_dropout': 0.16864826001385555, 'train_learning_rate': 0.0019856940720663374, 'train_lr_reduce': 0.6}. Best is trial 156 with value: 0.33254924416542053.
[I 2024-12-19 07:45:11,799] Trial 335 finished with value: 1.4630508422851562 and parameters: {'mlp_n_layers': 2, 'mlp_dim_00': 100, 'mlp_dim_01': 507, 'node_hidden_dim': 118, 'edge_hidden_dim': 65, 'depth': 4, 'rep_dropout': 0.16551295521980042, 'train_learning_rate': 0.009633228220899133, 'train_lr_reduce': 0.6}. Best is trial 156 with value: 0.33254924416542053.
[I 2024-12-19 07:45:13,526] Trial 336 finished with value: 1.2844706773757935 and parameters: {'mlp_n_layers': 3, 'mlp_dim_00': 312, 'mlp_dim_01': 401, 'mlp_dim_02': 249, 'node_hidden_dim': 106, 'edge_hidden_dim': 123, 'depth': 3, 'rep_dropout': 0.08408592732392757, 'train_learning_rate': 0.008454766939283454, 'train_lr_reduce': 0.6}. Best is trial 156 with value: 0.33254924416542053.
[I 2024-12-19 07:45:16,271] Trial 337 finished with value: 1.4028944969177246 and parameters: {'mlp_n_layers': 2, 'mlp_dim_00': 350, 'mlp_dim_01': 291, 'node_hidden_dim': 122, 'edge_hidden_dim': 110, 'depth': 3, 'rep_dropout': 0.02397068764359401, 'train_learning_rate': 0.004620554170160746, 'train_lr_reduce': 0.6}. Best is trial 156 with value: 0.33254924416542053.
[I 2024-12-19 07:45:17,177] Trial 338 finished with value: 1.386475920677185 and parameters: {'mlp_n_layers': 4, 'mlp_dim_00': 502, 'mlp_dim_01': 279, 'mlp_dim_02': 255, 'mlp_dim_03': 410, 'node_hidden_dim': 117, 'edge_hidden_dim': 105, 'depth': 2, 'rep_dropout': 0.10423025669347691, 'train_learning_rate': 0.009272406111053405, 'train_lr_reduce': 0.6}. Best is trial 156 with value: 0.33254924416542053.
[I 2024-12-19 07:45:18,156] Trial 339 finished with value: 1.3195233345031738 and parameters: {'mlp_n_layers': 4, 'mlp_dim_00': 460, 'mlp_dim_01': 356, 'mlp_dim_02': 202, 'mlp_dim_03': 191, 'node_hidden_dim': 123, 'edge_hidden_dim': 121, 'depth': 3, 'rep_dropout': 0.1043531504739677, 'train_learning_rate': 0.005643050977295478, 'train_lr_reduce': 0.6}. Best is trial 156 with value: 0.33254924416542053.
[I 2024-12-19 07:45:20,994] Trial 340 finished with value: 1.42265784740448 and parameters: {'mlp_n_layers': 3, 'mlp_dim_00': 307, 'mlp_dim_01': 211, 'mlp_dim_02': 258, 'node_hidden_dim': 116, 'edge_hidden_dim': 65, 'depth': 2, 'rep_dropout': 0.026485688616644437, 'train_learning_rate': 0.00746013280189174, 'train_lr_reduce': 0.6}. Best is trial 156 with value: 0.33254924416542053.
[I 2024-12-19 07:45:22,244] Trial 341 finished with value: 1.5033220052719116 and parameters: {'mlp_n_layers': 4, 'mlp_dim_00': 511, 'mlp_dim_01': 125, 'mlp_dim_02': 262, 'mlp_dim_03': 233, 'node_hidden_dim': 123, 'edge_hidden_dim': 50, 'depth': 3, 'rep_dropout': 0.05018747107036592, 'train_learning_rate': 0.0035134937719897286, 'train_lr_reduce': 0.6}. Best is trial 156 with value: 0.33254924416542053.
[I 2024-12-19 07:45:22,694] Trial 342 finished with value: 1.5263603925704956 and parameters: {'mlp_n_layers': 3, 'mlp_dim_00': 359, 'mlp_dim_01': 367, 'mlp_dim_02': 196, 'node_hidden_dim': 123, 'edge_hidden_dim': 114, 'depth': 3, 'rep_dropout': 0.04072215316904795, 'train_learning_rate': 0.0075705916697701384, 'train_lr_reduce': 0.6}. Best is trial 156 with value: 0.33254924416542053.
[I 2024-12-19 07:45:25,205] Trial 343 finished with value: 1.4514695405960083 and parameters: {'mlp_n_layers': 2, 'mlp_dim_00': 496, 'mlp_dim_01': 246, 'node_hidden_dim': 96, 'edge_hidden_dim': 100, 'depth': 2, 'rep_dropout': 0.07538923712071972, 'train_learning_rate': 0.0007249618687388818, 'train_lr_reduce': 0.6}. Best is trial 156 with value: 0.33254924416542053.
[I 2024-12-19 07:45:26,947] Trial 345 finished with value: 1.337787389755249 and parameters: {'mlp_n_layers': 3, 'mlp_dim_00': 451, 'mlp_dim_01': 404, 'mlp_dim_02': 362, 'node_hidden_dim': 127, 'edge_hidden_dim': 94, 'depth': 3, 'rep_dropout': 0.022076893601113416, 'train_learning_rate': 0.005077393929568629, 'train_lr_reduce': 0.6}. Best is trial 156 with value: 0.33254924416542053.
[I 2024-12-19 07:45:27,062] Trial 344 finished with value: 1.4825600385665894 and parameters: {'mlp_n_layers': 3, 'mlp_dim_00': 108, 'mlp_dim_01': 153, 'mlp_dim_02': 281, 'node_hidden_dim': 107, 'edge_hidden_dim': 127, 'depth': 4, 'rep_dropout': 0.054770998951143846, 'train_learning_rate': 0.00419644031723985, 'train_lr_reduce': 0.6}. Best is trial 156 with value: 0.33254924416542053.
[I 2024-12-19 07:45:29,328] Trial 346 finished with value: 1.299070954322815 and parameters: {'mlp_n_layers': 3, 'mlp_dim_00': 407, 'mlp_dim_01': 257, 'mlp_dim_02': 226, 'node_hidden_dim': 118, 'edge_hidden_dim': 121, 'depth': 3, 'rep_dropout': 0.050238339927185446, 'train_learning_rate': 0.0033544675287766885, 'train_lr_reduce': 0.6}. Best is trial 156 with value: 0.33254924416542053.
[I 2024-12-19 07:45:30,731] Trial 347 finished with value: 1.4111294746398926 and parameters: {'mlp_n_layers': 2, 'mlp_dim_00': 277, 'mlp_dim_01': 398, 'node_hidden_dim': 127, 'edge_hidden_dim': 63, 'depth': 3, 'rep_dropout': 0.21004230167263024, 'train_learning_rate': 0.0020860571402004633, 'train_lr_reduce': 0.6}. Best is trial 156 with value: 0.33254924416542053.
[I 2024-12-19 07:45:30,850] Trial 348 finished with value: 1.4865049123764038 and parameters: {'mlp_n_layers': 2, 'mlp_dim_00': 239, 'mlp_dim_01': 175, 'node_hidden_dim': 42, 'edge_hidden_dim': 59, 'depth': 2, 'rep_dropout': 0.11074219912213981, 'train_learning_rate': 0.0027879766993409148, 'train_lr_reduce': 0.6}. Best is trial 156 with value: 0.33254924416542053.
[I 2024-12-19 07:45:33,758] Trial 349 finished with value: 1.363268494606018 and parameters: {'mlp_n_layers': 4, 'mlp_dim_00': 410, 'mlp_dim_01': 86, 'mlp_dim_02': 295, 'mlp_dim_03': 124, 'node_hidden_dim': 128, 'edge_hidden_dim': 38, 'depth': 2, 'rep_dropout': 0.12848482536663283, 'train_learning_rate': 0.0074571556778449104, 'train_lr_reduce': 0.6}. Best is trial 156 with value: 0.33254924416542053.
[I 2024-12-19 07:45:34,474] Trial 350 finished with value: 1.2834632396697998 and parameters: {'mlp_n_layers': 2, 'mlp_dim_00': 203, 'mlp_dim_01': 493, 'node_hidden_dim': 100, 'edge_hidden_dim': 78, 'depth': 3, 'rep_dropout': 0.1406208422177245, 'train_learning_rate': 0.004068265277934742, 'train_lr_reduce': 0.6}. Best is trial 156 with value: 0.33254924416542053.
[I 2024-12-19 07:45:35,793] Trial 351 finished with value: 1.5274935960769653 and parameters: {'mlp_n_layers': 4, 'mlp_dim_00': 318, 'mlp_dim_01': 172, 'mlp_dim_02': 234, 'mlp_dim_03': 299, 'node_hidden_dim': 116, 'edge_hidden_dim': 44, 'depth': 3, 'rep_dropout': 0.21447142989706225, 'train_learning_rate': 0.009419100172074339, 'train_lr_reduce': 0.6}. Best is trial 156 with value: 0.33254924416542053.
[I 2024-12-19 07:45:39,594] Trial 353 finished with value: 1.443779468536377 and parameters: {'mlp_n_layers': 4, 'mlp_dim_00': 383, 'mlp_dim_01': 280, 'mlp_dim_02': 262, 'mlp_dim_03': 264, 'node_hidden_dim': 102, 'edge_hidden_dim': 93, 'depth': 3, 'rep_dropout': 0.06086842150401501, 'train_learning_rate': 0.0038387898103814933, 'train_lr_reduce': 0.6}. Best is trial 156 with value: 0.33254924416542053.
[I 2024-12-19 07:45:40,092] Trial 354 finished with value: 1.5500686168670654 and parameters: {'mlp_n_layers': 4, 'mlp_dim_00': 312, 'mlp_dim_01': 146, 'mlp_dim_02': 413, 'mlp_dim_03': 136, 'node_hidden_dim': 110, 'edge_hidden_dim': 39, 'depth': 2, 'rep_dropout': 0.11508870240972383, 'train_learning_rate': 0.0015178697807285836, 'train_lr_reduce': 0.6}. Best is trial 156 with value: 0.33254924416542053.
[I 2024-12-19 07:45:41,511] Trial 352 finished with value: 1.3157711029052734 and parameters: {'mlp_n_layers': 4, 'mlp_dim_00': 95, 'mlp_dim_01': 226, 'mlp_dim_02': 176, 'mlp_dim_03': 204, 'node_hidden_dim': 118, 'edge_hidden_dim': 70, 'depth': 2, 'rep_dropout': 0.030473234283163994, 'train_learning_rate': 0.004128906911754096, 'train_lr_reduce': 0.6}. Best is trial 156 with value: 0.33254924416542053.
[I 2024-12-19 07:45:45,811] Trial 355 finished with value: 1.45908522605896 and parameters: {'mlp_n_layers': 3, 'mlp_dim_00': 432, 'mlp_dim_01': 301, 'mlp_dim_02': 323, 'node_hidden_dim': 116, 'edge_hidden_dim': 124, 'depth': 3, 'rep_dropout': 0.07421357919810422, 'train_learning_rate': 0.009909649405247795, 'train_lr_reduce': 0.6}. Best is trial 156 with value: 0.33254924416542053.
[I 2024-12-19 07:45:48,055] Trial 357 finished with value: 1.325243592262268 and parameters: {'mlp_n_layers': 3, 'mlp_dim_00': 337, 'mlp_dim_01': 288, 'mlp_dim_02': 229, 'node_hidden_dim': 124, 'edge_hidden_dim': 95, 'depth': 3, 'rep_dropout': 0.0025678731781311618, 'train_learning_rate': 0.0030946544029827293, 'train_lr_reduce': 0.6}. Best is trial 156 with value: 0.33254924416542053.
[I 2024-12-19 07:45:50,186] Trial 358 finished with value: 1.4994804859161377 and parameters: {'mlp_n_layers': 3, 'mlp_dim_00': 166, 'mlp_dim_01': 296, 'mlp_dim_02': 282, 'node_hidden_dim': 63, 'edge_hidden_dim': 126, 'depth': 2, 'rep_dropout': 0.22914352471269323, 'train_learning_rate': 0.002828403621506355, 'train_lr_reduce': 0.6}. Best is trial 156 with value: 0.33254924416542053.
[I 2024-12-19 07:45:53,106] Trial 359 finished with value: 1.2867646217346191 and parameters: {'mlp_n_layers': 4, 'mlp_dim_00': 510, 'mlp_dim_01': 455, 'mlp_dim_02': 186, 'mlp_dim_03': 339, 'node_hidden_dim': 114, 'edge_hidden_dim': 100, 'depth': 3, 'rep_dropout': 0.1503157293182381, 'train_learning_rate': 0.0063530761175755275, 'train_lr_reduce': 0.6}. Best is trial 156 with value: 0.33254924416542053.
[I 2024-12-19 07:45:54,758] Trial 360 finished with value: 1.339338779449463 and parameters: {'mlp_n_layers': 4, 'mlp_dim_00': 379, 'mlp_dim_01': 331, 'mlp_dim_02': 346, 'mlp_dim_03': 266, 'node_hidden_dim': 120, 'edge_hidden_dim': 103, 'depth': 2, 'rep_dropout': 0.08541440034414156, 'train_learning_rate': 0.003215667317466665, 'train_lr_reduce': 0.6}. Best is trial 156 with value: 0.33254924416542053.
[I 2024-12-19 07:45:55,178] Trial 356 finished with value: 1.126155138015747 and parameters: {'mlp_n_layers': 4, 'mlp_dim_00': 328, 'mlp_dim_01': 478, 'mlp_dim_02': 125, 'mlp_dim_03': 225, 'node_hidden_dim': 115, 'edge_hidden_dim': 95, 'depth': 2, 'rep_dropout': 0.13313439669489055, 'train_learning_rate': 0.0014151914194569918, 'train_lr_reduce': 0.6}. Best is trial 156 with value: 0.33254924416542053.
[I 2024-12-19 07:45:58,400] Trial 361 finished with value: 1.383054494857788 and parameters: {'mlp_n_layers': 4, 'mlp_dim_00': 387, 'mlp_dim_01': 482, 'mlp_dim_02': 248, 'mlp_dim_03': 185, 'node_hidden_dim': 116, 'edge_hidden_dim': 80, 'depth': 2, 'rep_dropout': 0.1778260759765854, 'train_learning_rate': 0.005001726640956737, 'train_lr_reduce': 0.6}. Best is trial 156 with value: 0.33254924416542053.
[I 2024-12-19 07:45:58,420] Trial 362 finished with value: 1.3740867376327515 and parameters: {'mlp_n_layers': 2, 'mlp_dim_00': 87, 'mlp_dim_01': 511, 'node_hidden_dim': 123, 'edge_hidden_dim': 34, 'depth': 3, 'rep_dropout': 0.11969150560390854, 'train_learning_rate': 0.005675656399185842, 'train_lr_reduce': 0.6}. Best is trial 156 with value: 0.33254924416542053.
[I 2024-12-19 07:45:59,765] Trial 363 finished with value: 1.534483551979065 and parameters: {'mlp_n_layers': 4, 'mlp_dim_00': 428, 'mlp_dim_01': 248, 'mlp_dim_02': 116, 'mlp_dim_03': 219, 'node_hidden_dim': 94, 'edge_hidden_dim': 33, 'depth': 4, 'rep_dropout': 0.03988064209584055, 'train_learning_rate': 0.00022728983004728217, 'train_lr_reduce': 0.6}. Best is trial 156 with value: 0.33254924416542053.
[I 2024-12-19 07:46:02,888] Trial 365 finished with value: 1.5368143320083618 and parameters: {'mlp_n_layers': 4, 'mlp_dim_00': 450, 'mlp_dim_01': 102, 'mlp_dim_02': 136, 'mlp_dim_03': 235, 'node_hidden_dim': 125, 'edge_hidden_dim': 48, 'depth': 2, 'rep_dropout': 0.053169859335293994, 'train_learning_rate': 0.0013644613956852662, 'train_lr_reduce': 0.6}. Best is trial 156 with value: 0.33254924416542053.
[I 2024-12-19 07:46:05,838] Trial 366 finished with value: 1.4247585535049438 and parameters: {'mlp_n_layers': 4, 'mlp_dim_00': 498, 'mlp_dim_01': 300, 'mlp_dim_02': 102, 'mlp_dim_03': 187, 'node_hidden_dim': 122, 'edge_hidden_dim': 87, 'depth': 2, 'rep_dropout': 0.07802464370891213, 'train_learning_rate': 0.0014592314682973404, 'train_lr_reduce': 0.6}. Best is trial 156 with value: 0.33254924416542053.
[I 2024-12-19 07:46:07,924] Trial 364 finished with value: 1.3905234336853027 and parameters: {'mlp_n_layers': 4, 'mlp_dim_00': 295, 'mlp_dim_01': 450, 'mlp_dim_02': 103, 'mlp_dim_03': 225, 'node_hidden_dim': 99, 'edge_hidden_dim': 96, 'depth': 3, 'rep_dropout': 0.15906967159355095, 'train_learning_rate': 0.001730781222695496, 'train_lr_reduce': 0.6}. Best is trial 156 with value: 0.33254924416542053.
[I 2024-12-19 07:46:10,874] Trial 368 finished with value: 1.458112120628357 and parameters: {'mlp_n_layers': 4, 'mlp_dim_00': 296, 'mlp_dim_01': 429, 'mlp_dim_02': 139, 'mlp_dim_03': 238, 'node_hidden_dim': 114, 'edge_hidden_dim': 105, 'depth': 2, 'rep_dropout': 0.09099255004517656, 'train_learning_rate': 0.0023823301238881326, 'train_lr_reduce': 0.6}. Best is trial 156 with value: 0.33254924416542053.
[I 2024-12-19 07:46:11,164] Trial 367 finished with value: 1.4277222156524658 and parameters: {'mlp_n_layers': 4, 'mlp_dim_00': 401, 'mlp_dim_01': 460, 'mlp_dim_02': 64, 'mlp_dim_03': 277, 'node_hidden_dim': 106, 'edge_hidden_dim': 89, 'depth': 2, 'rep_dropout': 0.16692190925968223, 'train_learning_rate': 0.0011065557230746548, 'train_lr_reduce': 0.6}. Best is trial 156 with value: 0.33254924416542053.
[I 2024-12-19 07:46:14,762] Trial 370 finished with value: 1.4764008522033691 and parameters: {'mlp_n_layers': 3, 'mlp_dim_00': 281, 'mlp_dim_01': 511, 'mlp_dim_02': 472, 'node_hidden_dim': 127, 'edge_hidden_dim': 95, 'depth': 2, 'rep_dropout': 0.17285439640755876, 'train_learning_rate': 0.0013442595178010685, 'train_lr_reduce': 0.6}. Best is trial 156 with value: 0.33254924416542053.
[I 2024-12-19 07:46:15,715] Trial 371 finished with value: 1.4512429237365723 and parameters: {'mlp_n_layers': 2, 'mlp_dim_00': 293, 'mlp_dim_01': 439, 'node_hidden_dim': 126, 'edge_hidden_dim': 50, 'depth': 3, 'rep_dropout': 0.14607877585813903, 'train_learning_rate': 0.004124125225681818, 'train_lr_reduce': 0.6}. Best is trial 156 with value: 0.33254924416542053.
[I 2024-12-19 07:46:23,059] Trial 369 finished with value: 0.4163670837879181 and parameters: {'mlp_n_layers': 4, 'mlp_dim_00': 70, 'mlp_dim_01': 79, 'mlp_dim_02': 140, 'mlp_dim_03': 175, 'node_hidden_dim': 76, 'edge_hidden_dim': 105, 'depth': 2, 'rep_dropout': 0.24402578646704318, 'train_learning_rate': 0.002194496749753842, 'train_lr_reduce': 0.6}. Best is trial 156 with value: 0.33254924416542053.
[I 2024-12-19 07:46:24,235] Trial 373 finished with value: 1.3246891498565674 and parameters: {'mlp_n_layers': 4, 'mlp_dim_00': 324, 'mlp_dim_01': 482, 'mlp_dim_02': 310, 'mlp_dim_03': 72, 'node_hidden_dim': 103, 'edge_hidden_dim': 112, 'depth': 2, 'rep_dropout': 0.15356216372972964, 'train_learning_rate': 0.0014827703944491205, 'train_lr_reduce': 0.6}. Best is trial 156 with value: 0.33254924416542053.
[I 2024-12-19 07:46:26,305] Trial 372 finished with value: 1.352518081665039 and parameters: {'mlp_n_layers': 4, 'mlp_dim_00': 326, 'mlp_dim_01': 360, 'mlp_dim_02': 385, 'mlp_dim_03': 275, 'node_hidden_dim': 114, 'edge_hidden_dim': 116, 'depth': 2, 'rep_dropout': 0.13297781054753158, 'train_learning_rate': 0.00042446914004652664, 'train_lr_reduce': 0.6}. Best is trial 156 with value: 0.33254924416542053.
[I 2024-12-19 07:46:32,241] Trial 375 finished with value: 1.4125421047210693 and parameters: {'mlp_n_layers': 4, 'mlp_dim_00': 497, 'mlp_dim_01': 87, 'mlp_dim_02': 151, 'mlp_dim_03': 176, 'node_hidden_dim': 53, 'edge_hidden_dim': 121, 'depth': 4, 'rep_dropout': 0.00992439520801311, 'train_learning_rate': 0.001139568960043759, 'train_lr_reduce': 0.6}. Best is trial 156 with value: 0.33254924416542053.
[I 2024-12-19 07:46:35,636] Trial 376 finished with value: 1.478283166885376 and parameters: {'mlp_n_layers': 4, 'mlp_dim_00': 162, 'mlp_dim_01': 103, 'mlp_dim_02': 120, 'mlp_dim_03': 167, 'node_hidden_dim': 70, 'edge_hidden_dim': 85, 'depth': 2, 'rep_dropout': 0.21452481971491666, 'train_learning_rate': 0.0011317064828882536, 'train_lr_reduce': 0.6}. Best is trial 156 with value: 0.33254924416542053.
[I 2024-12-19 07:46:36,126] Trial 374 finished with value: 0.49688053131103516 and parameters: {'mlp_n_layers': 4, 'mlp_dim_00': 340, 'mlp_dim_01': 185, 'mlp_dim_02': 150, 'mlp_dim_03': 155, 'node_hidden_dim': 128, 'edge_hidden_dim': 74, 'depth': 2, 'rep_dropout': 0.10479051352433033, 'train_learning_rate': 0.007371476414125248, 'train_lr_reduce': 0.6}. Best is trial 156 with value: 0.33254924416542053.
[I 2024-12-19 07:46:36,808] Trial 377 finished with value: 1.3214964866638184 and parameters: {'mlp_n_layers': 3, 'mlp_dim_00': 429, 'mlp_dim_01': 261, 'mlp_dim_02': 124, 'node_hidden_dim': 126, 'edge_hidden_dim': 100, 'depth': 2, 'rep_dropout': 0.1881473226346363, 'train_learning_rate': 0.0033983162436544835, 'train_lr_reduce': 0.6}. Best is trial 156 with value: 0.33254924416542053.
[I 2024-12-19 07:46:40,359] Trial 379 finished with value: 1.3841266632080078 and parameters: {'mlp_n_layers': 4, 'mlp_dim_00': 272, 'mlp_dim_01': 184, 'mlp_dim_02': 144, 'mlp_dim_03': 136, 'node_hidden_dim': 127, 'edge_hidden_dim': 83, 'depth': 2, 'rep_dropout': 0.11086911076739947, 'train_learning_rate': 0.006811425858937681, 'train_lr_reduce': 0.6}. Best is trial 156 with value: 0.33254924416542053.
[I 2024-12-19 07:46:41,365] Trial 380 finished with value: 1.5738214254379272 and parameters: {'mlp_n_layers': 4, 'mlp_dim_00': 77, 'mlp_dim_01': 98, 'mlp_dim_02': 162, 'mlp_dim_03': 162, 'node_hidden_dim': 55, 'edge_hidden_dim': 105, 'depth': 3, 'rep_dropout': 0.23879421781497637, 'train_learning_rate': 0.0009441487571773782, 'train_lr_reduce': 0.6}. Best is trial 156 with value: 0.33254924416542053.
[I 2024-12-19 07:46:44,489] Trial 381 finished with value: 1.2871471643447876 and parameters: {'mlp_n_layers': 4, 'mlp_dim_00': 403, 'mlp_dim_01': 241, 'mlp_dim_02': 155, 'mlp_dim_03': 182, 'node_hidden_dim': 116, 'edge_hidden_dim': 78, 'depth': 2, 'rep_dropout': 0.14354684995415218, 'train_learning_rate': 0.007929669498705135, 'train_lr_reduce': 0.6}. Best is trial 156 with value: 0.33254924416542053.
[I 2024-12-19 07:46:45,450] Trial 382 finished with value: 1.5103933811187744 and parameters: {'mlp_n_layers': 4, 'mlp_dim_00': 291, 'mlp_dim_01': 450, 'mlp_dim_02': 100, 'mlp_dim_03': 207, 'node_hidden_dim': 122, 'edge_hidden_dim': 85, 'depth': 2, 'rep_dropout': 0.1038726069443844, 'train_learning_rate': 0.0017150912491224767, 'train_lr_reduce': 0.6}. Best is trial 156 with value: 0.33254924416542053.
[I 2024-12-19 07:46:48,384] Trial 378 finished with value: 0.46248510479927063 and parameters: {'mlp_n_layers': 4, 'mlp_dim_00': 153, 'mlp_dim_01': 74, 'mlp_dim_02': 130, 'mlp_dim_03': 135, 'node_hidden_dim': 60, 'edge_hidden_dim': 86, 'depth': 2, 'rep_dropout': 0.2234575296521624, 'train_learning_rate': 0.0031672808249294366, 'train_lr_reduce': 0.6}. Best is trial 156 with value: 0.33254924416542053.
[I 2024-12-19 07:46:53,611] Trial 383 finished with value: 1.3693997859954834 and parameters: {'mlp_n_layers': 4, 'mlp_dim_00': 489, 'mlp_dim_01': 203, 'mlp_dim_02': 163, 'mlp_dim_03': 114, 'node_hidden_dim': 40, 'edge_hidden_dim': 61, 'depth': 3, 'rep_dropout': 0.22349587975116406, 'train_learning_rate': 0.0019698835138589315, 'train_lr_reduce': 0.6}. Best is trial 156 with value: 0.33254924416542053.
[I 2024-12-19 07:46:54,425] Trial 385 finished with value: 1.4712371826171875 and parameters: {'mlp_n_layers': 4, 'mlp_dim_00': 170, 'mlp_dim_01': 162, 'mlp_dim_02': 113, 'mlp_dim_03': 127, 'node_hidden_dim': 58, 'edge_hidden_dim': 100, 'depth': 2, 'rep_dropout': 0.19395076883029883, 'train_learning_rate': 0.0025050061112471657, 'train_lr_reduce': 0.6}. Best is trial 156 with value: 0.33254924416542053.
[I 2024-12-19 07:46:55,289] Trial 384 finished with value: 1.3813039064407349 and parameters: {'mlp_n_layers': 4, 'mlp_dim_00': 215, 'mlp_dim_01': 447, 'mlp_dim_02': 174, 'mlp_dim_03': 200, 'node_hidden_dim': 123, 'edge_hidden_dim': 75, 'depth': 3, 'rep_dropout': 0.18778089001122383, 'train_learning_rate': 0.0006055968981797834, 'train_lr_reduce': 0.6}. Best is trial 156 with value: 0.33254924416542053.
[I 2024-12-19 07:47:01,673] Trial 388 finished with value: 1.4135102033615112 and parameters: {'mlp_n_layers': 3, 'mlp_dim_00': 66, 'mlp_dim_01': 97, 'mlp_dim_02': 158, 'node_hidden_dim': 94, 'edge_hidden_dim': 108, 'depth': 2, 'rep_dropout': 0.22114389753560357, 'train_learning_rate': 0.0020209665261363857, 'train_lr_reduce': 0.6}. Best is trial 156 with value: 0.33254924416542053.
[I 2024-12-19 07:47:02,844] Trial 386 finished with value: 1.361306071281433 and parameters: {'mlp_n_layers': 4, 'mlp_dim_00': 141, 'mlp_dim_01': 92, 'mlp_dim_02': 120, 'mlp_dim_03': 127, 'node_hidden_dim': 76, 'edge_hidden_dim': 69, 'depth': 3, 'rep_dropout': 0.20718685403004547, 'train_learning_rate': 0.007446600824883936, 'train_lr_reduce': 0.6}. Best is trial 156 with value: 0.33254924416542053.
[I 2024-12-19 07:47:05,456] Trial 389 finished with value: 1.5804712772369385 and parameters: {'mlp_n_layers': 4, 'mlp_dim_00': 82, 'mlp_dim_01': 131, 'mlp_dim_02': 102, 'mlp_dim_03': 162, 'node_hidden_dim': 76, 'edge_hidden_dim': 106, 'depth': 2, 'rep_dropout': 0.24281907154727567, 'train_learning_rate': 0.0009437424771792138, 'train_lr_reduce': 0.6}. Best is trial 156 with value: 0.33254924416542053.
